{
  "Plan": {
    "Node Type": "Aggregate",
    "Strategy": "Plain",
    "Partial Mode": "Simple",
    "Parallel Aware": false,
    "Startup Cost": 619443.83,
    "Total Cost": 619443.84,
    "Plan Rows": 1,
    "Plan Width": 128,
    "Actual Startup Time": 3009.533,
    "Actual Total Time": 3084.496,
    "Actual Rows": 1,
    "Actual Loops": 1,
    "Plans": [
      {
        "Node Type": "Gather",
        "Parent Relationship": "Outer",
        "Parallel Aware": false,
        "Startup Cost": 327836.4,
        "Total Cost": 619443.82,
        "Plan Rows": 1,
        "Plan Width": 81,
        "Actual Startup Time": 2630.559,
        "Actual Total Time": 3084.332,
        "Actual Rows": 406,
        "Actual Loops": 1,
        "Workers Planned": 1,
        "Workers Launched": 1,
        "Single Copy": false,
        "Plans": [
          {
            "Node Type": "Nested Loop",
            "Parent Relationship": "Outer",
            "Parallel Aware": false,
            "Join Type": "Inner",
            "Startup Cost": 326836.4,
            "Total Cost": 618443.72,
            "Plan Rows": 1,
            "Plan Width": 81,
            "Actual Startup Time": 2621.195,
            "Actual Total Time": 2994.069,
            "Actual Rows": 203,
            "Actual Loops": 2,
            "Inner Unique": true,
            "Plans": [
              {
                "Node Type": "Nested Loop",
                "Parent Relationship": "Outer",
                "Parallel Aware": false,
                "Join Type": "Inner",
                "Startup Cost": 326836.26,
                "Total Cost": 618443.54,
                "Plan Rows": 1,
                "Plan Width": 85,
                "Actual Startup Time": 2621.001,
                "Actual Total Time": 2993.415,
                "Actual Rows": 631,
                "Actual Loops": 2,
                "Inner Unique": true,
                "Plans": [
                  {
                    "Node Type": "Nested Loop",
                    "Parent Relationship": "Outer",
                    "Parallel Aware": false,
                    "Join Type": "Inner",
                    "Startup Cost": 326835.83,
                    "Total Cost": 618442.85,
                    "Plan Rows": 1,
                    "Plan Width": 74,
                    "Actual Startup Time": 2620.956,
                    "Actual Total Time": 2990.881,
                    "Actual Rows": 853,
                    "Actual Loops": 2,
                    "Inner Unique": false,
                    "Plans": [
                      {
                        "Node Type": "Nested Loop",
                        "Parent Relationship": "Outer",
                        "Parallel Aware": false,
                        "Join Type": "Inner",
                        "Startup Cost": 326835.27,
                        "Total Cost": 618441.13,
                        "Plan Rows": 1,
                        "Plan Width": 90,
                        "Actual Startup Time": 2616.893,
                        "Actual Total Time": 2899.069,
                        "Actual Rows": 992,
                        "Actual Loops": 2,
                        "Inner Unique": true,
                        "Plans": [
                          {
                            "Node Type": "Nested Loop",
                            "Parent Relationship": "Outer",
                            "Parallel Aware": false,
                            "Join Type": "Inner",
                            "Startup Cost": 326835.12,
                            "Total Cost": 618440.95,
                            "Plan Rows": 1,
                            "Plan Width": 94,
                            "Actual Startup Time": 2616.873,
                            "Actual Total Time": 2897.904,
                            "Actual Rows": 992,
                            "Actual Loops": 2,
                            "Inner Unique": true,
                            "Plans": [
                              {
                                "Node Type": "Hash Join",
                                "Parent Relationship": "Outer",
                                "Parallel Aware": false,
                                "Join Type": "Inner",
                                "Startup Cost": 326834.7,
                                "Total Cost": 617262.14,
                                "Plan Rows": 2634,
                                "Plan Width": 98,
                                "Actual Startup Time": 2613.707,
                                "Actual Total Time": 2817.261,
                                "Actual Rows": 47599,
                                "Actual Loops": 2,
                                "Inner Unique": true,
                                "Hash Cond": "(cc.status_id = cct2.id)",
                                "Plans": [
                                  {
                                    "Node Type": "Nested Loop",
                                    "Parent Relationship": "Outer",
                                    "Parallel Aware": false,
                                    "Join Type": "Inner",
                                    "Startup Cost": 326833.64,
                                    "Total Cost": 617204.11,
                                    "Plan Rows": 10538,
                                    "Plan Width": 102,
                                    "Actual Startup Time": 2612.567,
                                    "Actual Total Time": 2804.284,
                                    "Actual Rows": 132839,
                                    "Actual Loops": 2,
                                    "Inner Unique": false,
                                    "Plans": [
                                      {
                                        "Node Type": "Hash Join",
                                        "Parent Relationship": "Outer",
                                        "Parallel Aware": true,
                                        "Join Type": "Inner",
                                        "Startup Cost": 326833.21,
                                        "Total Cost": 607116.6,
                                        "Plan Rows": 19305,
                                        "Plan Width": 88,
                                        "Actual Startup Time": 2612.508,
                                        "Actual Total Time": 2717.236,
                                        "Actual Rows": 43435,
                                        "Actual Loops": 2,
                                        "Inner Unique": false,
                                        "Hash Cond": "(mi.movie_id = mk.movie_id)",
                                        "Plans": [
                                          {
                                            "Node Type": "Seq Scan",
                                            "Parent Relationship": "Outer",
                                            "Parallel Aware": true,
                                            "Relation Name": "movie_info",
                                            "Alias": "mi",
                                            "Startup Cost": 0.0,
                                            "Total Cost": 271102.71,
                                            "Plan Rows": 30260,
                                            "Plan Width": 51,
                                            "Actual Startup Time": 539.327,
                                            "Actual Total Time": 932.899,
                                            "Actual Rows": 23446,
                                            "Actual Loops": 2,
                                            "Filter": "(info = ANY ('{War,Crime}'::text[]))",
                                            "Rows Removed by Filter": 7394414
                                          },
                                          {
                                            "Node Type": "Hash",
                                            "Parent Relationship": "Inner",
                                            "Parallel Aware": true,
                                            "Startup Cost": 314973.75,
                                            "Total Cost": 314973.75,
                                            "Plan Rows": 948757,
                                            "Plan Width": 37,
                                            "Actual Startup Time": 1754.773,
                                            "Actual Total Time": 1755.318,
                                            "Actual Rows": 212530,
                                            "Actual Loops": 2,
                                            "Hash Buckets": 2097152,
                                            "Original Hash Buckets": 2097152,
                                            "Hash Batches": 1,
                                            "Original Hash Batches": 1,
                                            "Peak Memory Usage": 46336,
                                            "Plans": [
                                              {
                                                "Node Type": "Hash Join",
                                                "Parent Relationship": "Outer",
                                                "Parallel Aware": true,
                                                "Join Type": "Inner",
                                                "Startup Cost": 64295.26,
                                                "Total Cost": 314973.75,
                                                "Plan Rows": 948757,
                                                "Plan Width": 37,
                                                "Actual Startup Time": 488.318,
                                                "Actual Total Time": 1678.84,
                                                "Actual Rows": 212530,
                                                "Actual Loops": 2,
                                                "Inner Unique": true,
                                                "Hash Cond": "(mk.movie_id = t.id)",
                                                "Plans": [
                                                  {
                                                    "Node Type": "Hash Join",
                                                    "Parent Relationship": "Outer",
                                                    "Parallel Aware": false,
                                                    "Join Type": "Inner",
                                                    "Startup Cost": 4.39,
                                                    "Total Cost": 245911.51,
                                                    "Plan Rows": 1817659,
                                                    "Plan Width": 16,
                                                    "Actual Startup Time": 0.302,
                                                    "Actual Total Time": 1071.021,
                                                    "Actual Rows": 1085684,
                                                    "Actual Loops": 2,
                                                    "Inner Unique": true,
                                                    "Hash Cond": "(cc.subject_id = cct1.id)",
                                                    "Plans": [
                                                      {
                                                        "Node Type": "Merge Join",
                                                        "Parent Relationship": "Outer",
                                                        "Parallel Aware": false,
                                                        "Join Type": "Inner",
                                                        "Startup Cost": 3.32,
                                                        "Total Cost": 226256.99,
                                                        "Plan Rows": 3635319,
                                                        "Plan Width": 20,
                                                        "Actual Startup Time": 0.241,
                                                        "Actual Total Time": 904.51,
                                                        "Actual Rows": 1085684,
                                                        "Actual Loops": 2,
                                                        "Inner Unique": false,
                                                        "Merge Cond": "(mk.movie_id = cc.movie_id)",
                                                        "Plans": [
                                                          {
                                                            "Node Type": "Index Scan",
                                                            "Parent Relationship": "Outer",
                                                            "Parallel Aware": true,
                                                            "Scan Direction": "Forward",
                                                            "Index Name": "movie_id_movie_keyword",
                                                            "Relation Name": "movie_keyword",
                                                            "Alias": "mk",
                                                            "Startup Cost": 0.43,
                                                            "Total Cost": 158529.96,
                                                            "Plan Rows": 2661135,
                                                            "Plan Width": 8,
                                                            "Actual Startup Time": 0.051,
                                                            "Actual Total Time": 433.974,
                                                            "Actual Rows": 2261965,
                                                            "Actual Loops": 2
                                                          },
                                                          {
                                                            "Node Type": "Materialize",
                                                            "Parent Relationship": "Inner",
                                                            "Parallel Aware": false,
                                                            "Startup Cost": 0.42,
                                                            "Total Cost": 6984.15,
                                                            "Plan Rows": 135086,
                                                            "Plan Width": 12,
                                                            "Actual Startup Time": 0.044,
                                                            "Actual Total Time": 122.597,
                                                            "Actual Rows": 1178112,
                                                            "Actual Loops": 2,
                                                            "Plans": [
                                                              {
                                                                "Node Type": "Index Scan",
                                                                "Parent Relationship": "Outer",
                                                                "Parallel Aware": false,
                                                                "Scan Direction": "Forward",
                                                                "Index Name": "movie_id_complete_cast",
                                                                "Relation Name": "complete_cast",
                                                                "Alias": "cc",
                                                                "Startup Cost": 0.42,
                                                                "Total Cost": 6646.43,
                                                                "Plan Rows": 135086,
                                                                "Plan Width": 12,
                                                                "Actual Startup Time": 0.04,
                                                                "Actual Total Time": 60.217,
                                                                "Actual Rows": 132440,
                                                                "Actual Loops": 2
                                                              }
                                                            ]
                                                          }
                                                        ]
                                                      },
                                                      {
                                                        "Node Type": "Hash",
                                                        "Parent Relationship": "Inner",
                                                        "Parallel Aware": false,
                                                        "Startup Cost": 1.05,
                                                        "Total Cost": 1.05,
                                                        "Plan Rows": 2,
                                                        "Plan Width": 4,
                                                        "Actual Startup Time": 0.025,
                                                        "Actual Total Time": 0.027,
                                                        "Actual Rows": 2,
                                                        "Actual Loops": 2,
                                                        "Hash Buckets": 1024,
                                                        "Original Hash Buckets": 1024,
                                                        "Hash Batches": 1,
                                                        "Original Hash Batches": 1,
                                                        "Peak Memory Usage": 9,
                                                        "Plans": [
                                                          {
                                                            "Node Type": "Seq Scan",
                                                            "Parent Relationship": "Outer",
                                                            "Parallel Aware": false,
                                                            "Relation Name": "comp_cast_type",
                                                            "Alias": "cct1",
                                                            "Startup Cost": 0.0,
                                                            "Total Cost": 1.05,
                                                            "Plan Rows": 2,
                                                            "Plan Width": 4,
                                                            "Actual Startup Time": 0.019,
                                                            "Actual Total Time": 0.021,
                                                            "Actual Rows": 2,
                                                            "Actual Loops": 2,
                                                            "Filter": "((kind)::text = ANY ('{crew,cast}'::text[]))",
                                                            "Rows Removed by Filter": 2
                                                          }
                                                        ]
                                                      }
                                                    ]
                                                  },
                                                  {
                                                    "Node Type": "Hash",
                                                    "Parent Relationship": "Inner",
                                                    "Parallel Aware": true,
                                                    "Startup Cost": 54587.68,
                                                    "Total Cost": 54587.68,
                                                    "Plan Rows": 776255,
                                                    "Plan Width": 21,
                                                    "Actual Startup Time": 479.806,
                                                    "Actual Total Time": 479.807,
                                                    "Actual Rows": 661432,
                                                    "Actual Loops": 2,
                                                    "Hash Buckets": 2097152,
                                                    "Original Hash Buckets": 2097152,
                                                    "Hash Batches": 1,
                                                    "Original Hash Batches": 1,
                                                    "Peak Memory Usage": 90560,
                                                    "Plans": [
                                                      {
                                                        "Node Type": "Seq Scan",
                                                        "Parent Relationship": "Outer",
                                                        "Parallel Aware": true,
                                                        "Relation Name": "title",
                                                        "Alias": "t",
                                                        "Startup Cost": 0.0,
                                                        "Total Cost": 54587.68,
                                                        "Plan Rows": 776255,
                                                        "Plan Width": 21,
                                                        "Actual Startup Time": 0.039,
                                                        "Actual Total Time": 207.994,
                                                        "Actual Rows": 661432,
                                                        "Actual Loops": 2,
                                                        "Filter": "(production_year > 2001)",
                                                        "Rows Removed by Filter": 602724
                                                      }
                                                    ]
                                                  }
                                                ]
                                              }
                                            ]
                                          }
                                        ]
                                      },
                                      {
                                        "Node Type": "Index Scan",
                                        "Parent Relationship": "Inner",
                                        "Parallel Aware": false,
                                        "Scan Direction": "Forward",
                                        "Index Name": "movie_id_movie_info_idx",
                                        "Relation Name": "movie_info_idx",
                                        "Alias": "mi_idx",
                                        "Startup Cost": 0.43,
                                        "Total Cost": 0.49,
                                        "Plan Rows": 3,
                                        "Plan Width": 14,
                                        "Actual Startup Time": 0.001,
                                        "Actual Total Time": 0.002,
                                        "Actual Rows": 3,
                                        "Actual Loops": 86870,
                                        "Index Cond": "(movie_id = mk.movie_id)",
                                        "Rows Removed by Index Recheck": 0
                                      }
                                    ]
                                  },
                                  {
                                    "Node Type": "Hash",
                                    "Parent Relationship": "Inner",
                                    "Parallel Aware": false,
                                    "Startup Cost": 1.05,
                                    "Total Cost": 1.05,
                                    "Plan Rows": 1,
                                    "Plan Width": 4,
                                    "Actual Startup Time": 0.089,
                                    "Actual Total Time": 0.089,
                                    "Actual Rows": 1,
                                    "Actual Loops": 2,
                                    "Hash Buckets": 1024,
                                    "Original Hash Buckets": 1024,
                                    "Hash Batches": 1,
                                    "Original Hash Batches": 1,
                                    "Peak Memory Usage": 9,
                                    "Plans": [
                                      {
                                        "Node Type": "Seq Scan",
                                        "Parent Relationship": "Outer",
                                        "Parallel Aware": false,
                                        "Relation Name": "comp_cast_type",
                                        "Alias": "cct2",
                                        "Startup Cost": 0.0,
                                        "Total Cost": 1.05,
                                        "Plan Rows": 1,
                                        "Plan Width": 4,
                                        "Actual Startup Time": 0.067,
                                        "Actual Total Time": 0.069,
                                        "Actual Rows": 1,
                                        "Actual Loops": 2,
                                        "Filter": "((kind)::text = 'complete+verified'::text)",
                                        "Rows Removed by Filter": 3
                                      }
                                    ]
                                  }
                                ]
                              },
                              {
                                "Node Type": "Index Scan",
                                "Parent Relationship": "Inner",
                                "Parallel Aware": false,
                                "Scan Direction": "Forward",
                                "Index Name": "keyword_pkey",
                                "Relation Name": "keyword",
                                "Alias": "k",
                                "Startup Cost": 0.42,
                                "Total Cost": 0.45,
                                "Plan Rows": 1,
                                "Plan Width": 4,
                                "Actual Startup Time": 0.002,
                                "Actual Total Time": 0.002,
                                "Actual Rows": 0,
                                "Actual Loops": 95198,
                                "Index Cond": "(id = mk.keyword_id)",
                                "Rows Removed by Index Recheck": 0,
                                "Filter": "(keyword = ANY ('{murder,violence,blood,gore,death,female-nudity,hospital}'::text[]))",
                                "Rows Removed by Filter": 1
                              }
                            ]
                          },
                          {
                            "Node Type": "Index Scan",
                            "Parent Relationship": "Inner",
                            "Parallel Aware": false,
                            "Scan Direction": "Forward",
                            "Index Name": "info_type_pkey",
                            "Relation Name": "info_type",
                            "Alias": "it1",
                            "Startup Cost": 0.14,
                            "Total Cost": 0.16,
                            "Plan Rows": 1,
                            "Plan Width": 4,
                            "Actual Startup Time": 0.001,
                            "Actual Total Time": 0.001,
                            "Actual Rows": 1,
                            "Actual Loops": 1985,
                            "Index Cond": "(id = mi.info_type_id)",
                            "Rows Removed by Index Recheck": 0,
                            "Filter": "((info)::text = 'genres'::text)",
                            "Rows Removed by Filter": 0
                          }
                        ]
                      },
                      {
                        "Node Type": "Index Scan",
                        "Parent Relationship": "Inner",
                        "Parallel Aware": false,
                        "Scan Direction": "Forward",
                        "Index Name": "movie_id_cast_info",
                        "Relation Name": "cast_info",
                        "Alias": "ci",
                        "Startup Cost": 0.56,
                        "Total Cost": 1.71,
                        "Plan Rows": 1,
                        "Plan Width": 8,
                        "Actual Startup Time": 0.065,
                        "Actual Total Time": 0.092,
                        "Actual Rows": 1,
                        "Actual Loops": 1985,
                        "Index Cond": "(movie_id = mk.movie_id)",
                        "Rows Removed by Index Recheck": 0,
                        "Filter": "(note = ANY ('{(writer),\"(head writer)\",\"(written by)\",(story),\"(story editor)\"}'::text[]))",
                        "Rows Removed by Filter": 153
                      }
                    ]
                  },
                  {
                    "Node Type": "Index Scan",
                    "Parent Relationship": "Inner",
                    "Parallel Aware": false,
                    "Scan Direction": "Forward",
                    "Index Name": "name_pkey",
                    "Relation Name": "name",
                    "Alias": "n",
                    "Startup Cost": 0.43,
                    "Total Cost": 0.69,
                    "Plan Rows": 1,
                    "Plan Width": 19,
                    "Actual Startup Time": 0.003,
                    "Actual Total Time": 0.003,
                    "Actual Rows": 1,
                    "Actual Loops": 1706,
                    "Index Cond": "(id = ci.person_id)",
                    "Rows Removed by Index Recheck": 0,
                    "Filter": "((gender)::text = 'm'::text)",
                    "Rows Removed by Filter": 0
                  }
                ]
              },
              {
                "Node Type": "Index Scan",
                "Parent Relationship": "Inner",
                "Parallel Aware": false,
                "Scan Direction": "Forward",
                "Index Name": "info_type_pkey",
                "Relation Name": "info_type",
                "Alias": "it2",
                "Startup Cost": 0.14,
                "Total Cost": 0.16,
                "Plan Rows": 1,
                "Plan Width": 4,
                "Actual Startup Time": 0.001,
                "Actual Total Time": 0.001,
                "Actual Rows": 0,
                "Actual Loops": 1262,
                "Index Cond": "(id = mi_idx.info_type_id)",
                "Rows Removed by Index Recheck": 0,
                "Filter": "((info)::text = 'votes'::text)",
                "Rows Removed by Filter": 1
              }
            ]
          }
        ]
      }
    ]
  },
  "Planning Time": 3.659,
  "Triggers": [],
  "Execution Time": 3084.74
}