[
  {
    "Plan": {
      "Node Type": "Aggregate",
      "Strategy": "Plain",
      "Partial Mode": "Simple",
      "Parallel Aware": false,
      "Startup Cost": 28419.21,
      "Total Cost": 28419.22,
      "Plan Rows": 1,
      "Plan Width": 8,
      "Actual Startup Time": 46.922,
      "Actual Total Time": 46.923,
      "Actual Rows": 1,
      "Actual Loops": 1,
      "Plans": [
        {
          "Node Type": "Bitmap Heap Scan",
          "Parent Relationship": "Outer",
          "Parallel Aware": false,
          "Relation Name": "movie_keyword",
          "Alias": "mk",
          "Startup Cost": 2324.26,
          "Total Cost": 28145.72,
          "Plan Rows": 109397,
          "Plan Width": 0,
          "Actual Startup Time": 8.822,
          "Actual Total Time": 42.557,
          "Actual Rows": 109883,
          "Actual Loops": 1,
          "Recheck Cond": "(keyword_id > 80146)",
          "Rows Removed by Index Recheck": 0,
          "Exact Heap Blocks": 17826,
          "Lossy Heap Blocks": 0,
          "Plans": [
            {
              "Node Type": "Bitmap Index Scan",
              "Parent Relationship": "Outer",
              "Parallel Aware": false,
              "Index Name": "keyword_id_movie_keyword",
              "Startup Cost": 0.0,
              "Total Cost": 2296.91,
              "Plan Rows": 109397,
              "Plan Width": 0,
              "Actual Startup Time": 6.329,
              "Actual Total Time": 6.329,
              "Actual Rows": 109883,
              "Actual Loops": 1,
              "Index Cond": "(keyword_id > 80146)"
            }
          ]
        }
      ]
    },
    "Planning Time": 0.056,
    "Triggers": [],
    "Execution Time": 46.945
  }
]