{
    "Plan": {
        "Node Type": "Aggregate",
        "Strategy": "Plain",
        "Partial Mode": "Finalize",
        "Parallel Aware": false,
        "Startup Cost": 314701.18,
        "Total Cost": 314701.19,
        "Plan Rows": 1,
        "Plan Width": 8,
        "Actual Startup Time": 1720.174,
        "Actual Total Time": 1764.774,
        "Actual Rows": 1,
        "Actual Loops": 1,
        "Output": [
            "count(*)"
        ],
        "Plans": [
            {
                "Node Type": "Gather",
                "Parent Relationship": "Outer",
                "Parallel Aware": false,
                "Startup Cost": 314700.66,
                "Total Cost": 314701.17,
                "Plan Rows": 5,
                "Plan Width": 8,
                "Actual Startup Time": 1701.512,
                "Actual Total Time": 1764.762,
                "Actual Rows": 6,
                "Actual Loops": 1,
                "Output": [
                    "(PARTIAL count(*))"
                ],
                "Workers Planned": 5,
                "Workers Launched": 5,
                "Single Copy": false,
                "Plans": [
                    {
                        "Node Type": "Aggregate",
                        "Strategy": "Plain",
                        "Partial Mode": "Partial",
                        "Parent Relationship": "Outer",
                        "Parallel Aware": false,
                        "Startup Cost": 313700.66,
                        "Total Cost": 313700.67,
                        "Plan Rows": 1,
                        "Plan Width": 8,
                        "Actual Startup Time": 1681.555,
                        "Actual Total Time": 1682.02,
                        "Actual Rows": 1,
                        "Actual Loops": 6,
                        "Output": [
                            "PARTIAL count(*)"
                        ],
                        "Workers": [
                            {
                                "Worker Number": 0,
                                "Actual Startup Time": 1679.346,
                                "Actual Total Time": 1679.352,
                                "Actual Rows": 1,
                                "Actual Loops": 1
                            },
                            {
                                "Worker Number": 1,
                                "Actual Startup Time": 1677.142,
                                "Actual Total Time": 1677.148,
                                "Actual Rows": 1,
                                "Actual Loops": 1
                            },
                            {
                                "Worker Number": 2,
                                "Actual Startup Time": 1677.36,
                                "Actual Total Time": 1677.365,
                                "Actual Rows": 1,
                                "Actual Loops": 1
                            },
                            {
                                "Worker Number": 3,
                                "Actual Startup Time": 1677.434,
                                "Actual Total Time": 1677.439,
                                "Actual Rows": 1,
                                "Actual Loops": 1
                            },
                            {
                                "Worker Number": 4,
                                "Actual Startup Time": 1677.423,
                                "Actual Total Time": 1677.429,
                                "Actual Rows": 1,
                                "Actual Loops": 1
                            }
                        ],
                        "Plans": [
                            {
                                "Node Type": "Hash Join",
                                "Parent Relationship": "Outer",
                                "Parallel Aware": true,
                                "Join Type": "Inner",
                                "Startup Cost": 104335.06,
                                "Total Cost": 311019.56,
                                "Plan Rows": 1072438,
                                "Plan Width": 0,
                                "Actual Startup Time": 699.383,
                                "Actual Total Time": 1517.404,
                                "Actual Rows": 4185762,
                                "Actual Loops": 6,
                                "Inner Unique": false,
                                "Hash Cond": "(mi.movie_id = t.id)",
                                "Workers": [
                                    {
                                        "Worker Number": 0,
                                        "Actual Startup Time": 695.441,
                                        "Actual Total Time": 1515.767,
                                        "Actual Rows": 4145555,
                                        "Actual Loops": 1
                                    },
                                    {
                                        "Worker Number": 1,
                                        "Actual Startup Time": 695.515,
                                        "Actual Total Time": 1515.197,
                                        "Actual Rows": 4093418,
                                        "Actual Loops": 1
                                    },
                                    {
                                        "Worker Number": 2,
                                        "Actual Startup Time": 695.622,
                                        "Actual Total Time": 1512.153,
                                        "Actual Rows": 4297001,
                                        "Actual Loops": 1
                                    },
                                    {
                                        "Worker Number": 3,
                                        "Actual Startup Time": 695.867,
                                        "Actual Total Time": 1514.71,
                                        "Actual Rows": 4110647,
                                        "Actual Loops": 1
                                    },
                                    {
                                        "Worker Number": 4,
                                        "Actual Startup Time": 695.012,
                                        "Actual Total Time": 1515.146,
                                        "Actual Rows": 4131636,
                                        "Actual Loops": 1
                                    }
                                ],
                                "Plans": [
                                    {
                                        "Node Type": "Seq Scan",
                                        "Parent Relationship": "Outer",
                                        "Parallel Aware": true,
                                        "Relation Name": "movie_info",
                                        "Schema": "public",
                                        "Alias": "mi",
                                        "Startup Cost": 0.0,
                                        "Total Cost": 198880.74,
                                        "Plan Rows": 1158476,
                                        "Plan Width": 4,
                                        "Actual Startup Time": 0.059,
                                        "Actual Total Time": 307.109,
                                        "Actual Rows": 980827,
                                        "Actual Loops": 6,
                                        "Output": [
                                            "mi.id",
                                            "mi.movie_id",
                                            "mi.info_type_id",
                                            "mi.info",
                                            "mi.note"
                                        ],
                                        "Filter": "(mi.info_type_id < 7)",
                                        "Rows Removed by Filter": 1491793,
                                        "Workers": [
                                            {
                                                "Worker Number": 0,
                                                "Actual Startup Time": 0.074,
                                                "Actual Total Time": 310.27,
                                                "Actual Rows": 963776,
                                                "Actual Loops": 1
                                            },
                                            {
                                                "Worker Number": 1,
                                                "Actual Startup Time": 0.077,
                                                "Actual Total Time": 311.602,
                                                "Actual Rows": 953161,
                                                "Actual Loops": 1
                                            },
                                            {
                                                "Worker Number": 2,
                                                "Actual Startup Time": 0.064,
                                                "Actual Total Time": 310.818,
                                                "Actual Rows": 996071,
                                                "Actual Loops": 1
                                            },
                                            {
                                                "Worker Number": 3,
                                                "Actual Startup Time": 0.075,
                                                "Actual Total Time": 310.762,
                                                "Actual Rows": 947823,
                                                "Actual Loops": 1
                                            },
                                            {
                                                "Worker Number": 4,
                                                "Actual Startup Time": 0.044,
                                                "Actual Total Time": 310.439,
                                                "Actual Rows": 985439,
                                                "Actual Loops": 1
                                            }
                                        ]
                                    },
                                    {
                                        "Node Type": "Hash",
                                        "Parent Relationship": "Inner",
                                        "Parallel Aware": true,
                                        "Startup Cost": 94897.37,
                                        "Total Cost": 94897.37,
                                        "Plan Rows": 755015,
                                        "Plan Width": 8,
                                        "Actual Startup Time": 691.021,
                                        "Actual Total Time": 691.484,
                                        "Actual Rows": 389962,
                                        "Actual Loops": 6,
                                        "Output": [
                                            "t.id",
                                            "mk.movie_id"
                                        ],
                                        "Hash Buckets": 4194304,
                                        "Original Hash Buckets": 4194304,
                                        "Hash Batches": 1,
                                        "Original Hash Batches": 1,
                                        "Peak Memory Usage": 124384,
                                        "Workers": [
                                            {
                                                "Worker Number": 0,
                                                "Actual Startup Time": 693.803,
                                                "Actual Total Time": 693.808,
                                                "Actual Rows": 366658,
                                                "Actual Loops": 1
                                            },
                                            {
                                                "Worker Number": 1,
                                                "Actual Startup Time": 693.97,
                                                "Actual Total Time": 693.975,
                                                "Actual Rows": 390979,
                                                "Actual Loops": 1
                                            },
                                            {
                                                "Worker Number": 2,
                                                "Actual Startup Time": 694.111,
                                                "Actual Total Time": 694.114,
                                                "Actual Rows": 407122,
                                                "Actual Loops": 1
                                            },
                                            {
                                                "Worker Number": 3,
                                                "Actual Startup Time": 694.2,
                                                "Actual Total Time": 694.204,
                                                "Actual Rows": 370216,
                                                "Actual Loops": 1
                                            },
                                            {
                                                "Worker Number": 4,
                                                "Actual Startup Time": 694.118,
                                                "Actual Total Time": 694.122,
                                                "Actual Rows": 375728,
                                                "Actual Loops": 1
                                            }
                                        ],
                                        "Plans": [
                                            {
                                                "Node Type": "Hash Join",
                                                "Parent Relationship": "Outer",
                                                "Parallel Aware": true,
                                                "Join Type": "Inner",
                                                "Startup Cost": 50219.81,
                                                "Total Cost": 94897.37,
                                                "Plan Rows": 755015,
                                                "Plan Width": 8,
                                                "Actual Startup Time": 282.765,
                                                "Actual Total Time": 473.465,
                                                "Actual Rows": 389962,
                                                "Actual Loops": 6,
                                                "Output": [
                                                    "t.id",
                                                    "mk.movie_id"
                                                ],
                                                "Inner Unique": true,
                                                "Hash Cond": "(mk.movie_id = t.id)",
                                                "Workers": [
                                                    {
                                                        "Worker Number": 0,
                                                        "Actual Startup Time": 282.76,
                                                        "Actual Total Time": 476.87,
                                                        "Actual Rows": 366658,
                                                        "Actual Loops": 1
                                                    },
                                                    {
                                                        "Worker Number": 1,
                                                        "Actual Startup Time": 282.754,
                                                        "Actual Total Time": 473.931,
                                                        "Actual Rows": 390979,
                                                        "Actual Loops": 1
                                                    },
                                                    {
                                                        "Worker Number": 2,
                                                        "Actual Startup Time": 282.737,
                                                        "Actual Total Time": 473.0,
                                                        "Actual Rows": 407122,
                                                        "Actual Loops": 1
                                                    },
                                                    {
                                                        "Worker Number": 3,
                                                        "Actual Startup Time": 282.745,
                                                        "Actual Total Time": 473.396,
                                                        "Actual Rows": 370216,
                                                        "Actual Loops": 1
                                                    },
                                                    {
                                                        "Worker Number": 4,
                                                        "Actual Startup Time": 282.739,
                                                        "Actual Total Time": 473.133,
                                                        "Actual Rows": 375728,
                                                        "Actual Loops": 1
                                                    }
                                                ],
                                                "Plans": [
                                                    {
                                                        "Node Type": "Seq Scan",
                                                        "Parent Relationship": "Outer",
                                                        "Parallel Aware": true,
                                                        "Relation Name": "movie_keyword",
                                                        "Schema": "public",
                                                        "Alias": "mk",
                                                        "Startup Cost": 0.0,
                                                        "Total Cost": 42695.65,
                                                        "Plan Rows": 755015,
                                                        "Plan Width": 4,
                                                        "Actual Startup Time": 0.175,
                                                        "Actual Total Time": 99.727,
                                                        "Actual Rows": 389962,
                                                        "Actual Loops": 6,
                                                        "Output": [
                                                            "mk.id",
                                                            "mk.movie_id",
                                                            "mk.keyword_id"
                                                        ],
                                                        "Filter": "(mk.keyword_id > 4324)",
                                                        "Rows Removed by Filter": 364027,
                                                        "Workers": [
                                                            {
                                                                "Worker Number": 0,
                                                                "Actual Startup Time": 0.142,
                                                                "Actual Total Time": 102.248,
                                                                "Actual Rows": 366658,
                                                                "Actual Loops": 1
                                                            },
                                                            {
                                                                "Worker Number": 1,
                                                                "Actual Startup Time": 0.13,
                                                                "Actual Total Time": 102.551,
                                                                "Actual Rows": 390979,
                                                                "Actual Loops": 1
                                                            },
                                                            {
                                                                "Worker Number": 2,
                                                                "Actual Startup Time": 0.262,
                                                                "Actual Total Time": 102.452,
                                                                "Actual Rows": 407122,
                                                                "Actual Loops": 1
                                                            },
                                                            {
                                                                "Worker Number": 3,
                                                                "Actual Startup Time": 0.143,
                                                                "Actual Total Time": 102.292,
                                                                "Actual Rows": 370216,
                                                                "Actual Loops": 1
                                                            },
                                                            {
                                                                "Worker Number": 4,
                                                                "Actual Startup Time": 0.133,
                                                                "Actual Total Time": 102.338,
                                                                "Actual Rows": 375728,
                                                                "Actual Loops": 1
                                                            }
                                                        ]
                                                    },
                                                    {
                                                        "Node Type": "Hash",
                                                        "Parent Relationship": "Inner",
                                                        "Parallel Aware": true,
                                                        "Startup Cost": 42318.81,
                                                        "Total Cost": 42318.81,
                                                        "Plan Rows": 632080,
                                                        "Plan Width": 4,
                                                        "Actual Startup Time": 278.538,
                                                        "Actual Total Time": 278.539,
                                                        "Actual Rows": 421385,
                                                        "Actual Loops": 6,
                                                        "Output": [
                                                            "t.id"
                                                        ],
                                                        "Hash Buckets": 4194304,
                                                        "Original Hash Buckets": 4194304,
                                                        "Hash Batches": 1,
                                                        "Original Hash Batches": 1,
                                                        "Peak Memory Usage": 131776,
                                                        "Workers": [
                                                            {
                                                                "Worker Number": 0,
                                                                "Actual Startup Time": 282.394,
                                                                "Actual Total Time": 282.395,
                                                                "Actual Rows": 394787,
                                                                "Actual Loops": 1
                                                            },
                                                            {
                                                                "Worker Number": 1,
                                                                "Actual Startup Time": 282.371,
                                                                "Actual Total Time": 282.372,
                                                                "Actual Rows": 402074,
                                                                "Actual Loops": 1
                                                            },
                                                            {
                                                                "Worker Number": 2,
                                                                "Actual Startup Time": 282.408,
                                                                "Actual Total Time": 282.409,
                                                                "Actual Rows": 394379,
                                                                "Actual Loops": 1
                                                            },
                                                            {
                                                                "Worker Number": 3,
                                                                "Actual Startup Time": 282.382,
                                                                "Actual Total Time": 282.383,
                                                                "Actual Rows": 400598,
                                                                "Actual Loops": 1
                                                            },
                                                            {
                                                                "Worker Number": 4,
                                                                "Actual Startup Time": 282.377,
                                                                "Actual Total Time": 282.378,
                                                                "Actual Rows": 393106,
                                                                "Actual Loops": 1
                                                            }
                                                        ],
                                                        "Plans": [
                                                            {
                                                                "Node Type": "Seq Scan",
                                                                "Parent Relationship": "Outer",
                                                                "Parallel Aware": true,
                                                                "Relation Name": "title",
                                                                "Schema": "public",
                                                                "Alias": "t",
                                                                "Startup Cost": 0.0,
                                                                "Total Cost": 42318.81,
                                                                "Plan Rows": 632080,
                                                                "Plan Width": 4,
                                                                "Actual Startup Time": 0.061,
                                                                "Actual Total Time": 77.972,
                                                                "Actual Rows": 421385,
                                                                "Actual Loops": 6,
                                                                "Output": [
                                                                    "t.id"
                                                                ],
                                                                "Workers": [
                                                                    {
                                                                        "Worker Number": 0,
                                                                        "Actual Startup Time": 0.079,
                                                                        "Actual Total Time": 81.218,
                                                                        "Actual Rows": 394787,
                                                                        "Actual Loops": 1
                                                                    },
                                                                    {
                                                                        "Worker Number": 1,
                                                                        "Actual Startup Time": 0.072,
                                                                        "Actual Total Time": 82.082,
                                                                        "Actual Rows": 402074,
                                                                        "Actual Loops": 1
                                                                    },
                                                                    {
                                                                        "Worker Number": 2,
                                                                        "Actual Startup Time": 0.067,
                                                                        "Actual Total Time": 80.114,
                                                                        "Actual Rows": 394379,
                                                                        "Actual Loops": 1
                                                                    },
                                                                    {
                                                                        "Worker Number": 3,
                                                                        "Actual Startup Time": 0.072,
                                                                        "Actual Total Time": 81.201,
                                                                        "Actual Rows": 400598,
                                                                        "Actual Loops": 1
                                                                    },
                                                                    {
                                                                        "Worker Number": 4,
                                                                        "Actual Startup Time": 0.061,
                                                                        "Actual Total Time": 81.094,
                                                                        "Actual Rows": 393106,
                                                                        "Actual Loops": 1
                                                                    }
                                                                ]
                                                            }
                                                        ]
                                                    }
                                                ]
                                            }
                                        ]
                                    }
                                ]
                            }
                        ]
                    }
                ]
            }
        ]
    },
    "Planning Time": 1.502,
    "Triggers": [],
    "Execution Time": 1764.86
}