[
  {
    "Plan": {
      "Node Type": "Aggregate",
      "Strategy": "Plain",
      "Partial Mode": "Finalize",
      "Parallel Aware": false,
      "Startup Cost": 102079.75,
      "Total Cost": 102079.76,
      "Plan Rows": 1,
      "Plan Width": 8,
      "Actual Startup Time": 603.34,
      "Actual Total Time": 627.998,
      "Actual Rows": 1,
      "Actual Loops": 1,
      "Plans": [
        {
          "Node Type": "Gather",
          "Parent Relationship": "Outer",
          "Parallel Aware": false,
          "Startup Cost": 102079.43,
          "Total Cost": 102079.74,
          "Plan Rows": 3,
          "Plan Width": 8,
          "Actual Startup Time": 598.66,
          "Actual Total Time": 627.989,
          "Actual Rows": 4,
          "Actual Loops": 1,
          "Workers Planned": 3,
          "Workers Launched": 3,
          "Single Copy": false,
          "Plans": [
            {
              "Node Type": "Aggregate",
              "Strategy": "Plain",
              "Partial Mode": "Partial",
              "Parent Relationship": "Outer",
              "Parallel Aware": false,
              "Startup Cost": 101079.43,
              "Total Cost": 101079.44,
              "Plan Rows": 1,
              "Plan Width": 8,
              "Actual Startup Time": 589.065,
              "Actual Total Time": 589.07,
              "Actual Rows": 1,
              "Actual Loops": 4,
              "Plans": [
                {
                  "Node Type": "Nested Loop",
                  "Parent Relationship": "Outer",
                  "Parallel Aware": false,
                  "Join Type": "Inner",
                  "Startup Cost": 54391.23,
                  "Total Cost": 101006.56,
                  "Plan Rows": 29146,
                  "Plan Width": 0,
                  "Actual Startup Time": 218.544,
                  "Actual Total Time": 570.361,
                  "Actual Rows": 334912,
                  "Actual Loops": 4,
                  "Inner Unique": false,
                  "Plans": [
                    {
                      "Node Type": "Hash Join",
                      "Parent Relationship": "Outer",
                      "Parallel Aware": true,
                      "Join Type": "Inner",
                      "Startup Cost": 54390.8,
                      "Total Cost": 80393.27,
                      "Plan Rows": 28243,
                      "Plan Width": 8,
                      "Actual Startup Time": 218.447,
                      "Actual Total Time": 305.222,
                      "Actual Rows": 40150,
                      "Actual Loops": 4,
                      "Inner Unique": true,
                      "Hash Cond": "(mk.movie_id = t.id)",
                      "Plans": [
                        {
                          "Node Type": "Bitmap Heap Scan",
                          "Parent Relationship": "Outer",
                          "Parallel Aware": true,
                          "Relation Name": "movie_keyword",
                          "Alias": "mk",
                          "Startup Cost": 6732.07,
                          "Total Cost": 32465.79,
                          "Plan Rows": 102378,
                          "Plan Width": 4,
                          "Actual Startup Time": 36.239,
                          "Actual Total Time": 87.134,
                          "Actual Rows": 83536,
                          "Actual Loops": 4,
                          "Recheck Cond": "(keyword_id < 275)",
                          "Rows Removed by Index Recheck": 0,
                          "Exact Heap Blocks": 7777,
                          "Lossy Heap Blocks": 0,
                          "Plans": [
                            {
                              "Node Type": "Bitmap Index Scan",
                              "Parent Relationship": "Outer",
                              "Parallel Aware": false,
                              "Index Name": "keyword_id_movie_keyword",
                              "Startup Cost": 0.0,
                              "Total Cost": 6652.72,
                              "Plan Rows": 317372,
                              "Plan Width": 0,
                              "Actual Startup Time": 30.343,
                              "Actual Total Time": 30.344,
                              "Actual Rows": 334142,
                              "Actual Loops": 1,
                              "Index Cond": "(keyword_id < 275)"
                            }
                          ]
                        },
                        {
                          "Node Type": "Hash",
                          "Parent Relationship": "Inner",
                          "Parallel Aware": true,
                          "Startup Cost": 45479.1,
                          "Total Cost": 45479.1,
                          "Plan Rows": 174371,
                          "Plan Width": 4,
                          "Actual Startup Time": 177.285,
                          "Actual Total Time": 177.286,
                          "Actual Rows": 148792,
                          "Actual Loops": 4,
                          "Hash Buckets": 1048576,
                          "Original Hash Buckets": 1048576,
                          "Hash Batches": 1,
                          "Original Hash Batches": 1,
                          "Peak Memory Usage": 31520,
                          "Plans": [
                            {
                              "Node Type": "Seq Scan",
                              "Parent Relationship": "Outer",
                              "Parallel Aware": true,
                              "Relation Name": "title",
                              "Alias": "t",
                              "Startup Cost": 0.0,
                              "Total Cost": 45479.1,
                              "Plan Rows": 174371,
                              "Plan Width": 4,
                              "Actual Startup Time": 0.049,
                              "Actual Total Time": 114.899,
                              "Actual Rows": 148792,
                              "Actual Loops": 4,
                              "Filter": "((kind_id < 7) AND (production_year > 1989))",
                              "Rows Removed by Filter": 483286
                            }
                          ]
                        }
                      ]
                    },
                    {
                      "Node Type": "Index Only Scan",
                      "Parent Relationship": "Inner",
                      "Parallel Aware": false,
                      "Scan Direction": "Forward",
                      "Index Name": "movie_id_movie_companies",
                      "Relation Name": "movie_companies",
                      "Alias": "mc",
                      "Startup Cost": 0.43,
                      "Total Cost": 0.68,
                      "Plan Rows": 5,
                      "Plan Width": 4,
                      "Actual Startup Time": 0.003,
                      "Actual Total Time": 0.006,
                      "Actual Rows": 8,
                      "Actual Loops": 160602,
                      "Index Cond": "(movie_id = t.id)",
                      "Rows Removed by Index Recheck": 0,
                      "Heap Fetches": 1339650
                    }
                  ]
                }
              ]
            }
          ]
        }
      ]
    },
    "Planning Time": 1.529,
    "Triggers": [],
    "Execution Time": 628.117
  }
]