{
  "Plan": {
    "Node Type": "Aggregate",
    "Strategy": "Plain",
    "Partial Mode": "Finalize",
    "Parallel Aware": false,
    "Startup Cost": 109761.93,
    "Total Cost": 109761.94,
    "Plan Rows": 1,
    "Plan Width": 8,
    "Actual Startup Time": 521.83,
    "Actual Total Time": 539.092,
    "Actual Rows": 1,
    "Actual Loops": 1,
    "Plans": [
      {
        "Node Type": "Gather",
        "Parent Relationship": "Outer",
        "Parallel Aware": false,
        "Startup Cost": 109761.82,
        "Total Cost": 109761.93,
        "Plan Rows": 1,
        "Plan Width": 8,
        "Actual Startup Time": 520.657,
        "Actual Total Time": 539.084,
        "Actual Rows": 2,
        "Actual Loops": 1,
        "Workers Planned": 1,
        "Workers Launched": 1,
        "Single Copy": false,
        "Plans": [
          {
            "Node Type": "Aggregate",
            "Strategy": "Plain",
            "Partial Mode": "Partial",
            "Parent Relationship": "Outer",
            "Parallel Aware": false,
            "Startup Cost": 108761.82,
            "Total Cost": 108761.83,
            "Plan Rows": 1,
            "Plan Width": 8,
            "Actual Startup Time": 514.168,
            "Actual Total Time": 514.173,
            "Actual Rows": 1,
            "Actual Loops": 2,
            "Plans": [
              {
                "Node Type": "Hash Join",
                "Parent Relationship": "Outer",
                "Parallel Aware": true,
                "Join Type": "Inner",
                "Startup Cost": 77093.13,
                "Total Cost": 108384.88,
                "Plan Rows": 150775,
                "Plan Width": 0,
                "Actual Startup Time": 341.62,
                "Actual Total Time": 506.25,
                "Actual Rows": 178670,
                "Actual Loops": 2,
                "Inner Unique": true,
                "Hash Cond": "(mk.movie_id = t.id)",
                "Plans": [
                  {
                    "Node Type": "Bitmap Heap Scan",
                    "Parent Relationship": "Outer",
                    "Parallel Aware": true,
                    "Relation Name": "movie_keyword",
                    "Alias": "mk",
                    "Startup Cost": 16304.63,
                    "Total Cost": 46409.66,
                    "Plan Rows": 452083,
                    "Plan Width": 4,
                    "Actual Startup Time": 50.877,
                    "Actual Total Time": 139.594,
                    "Actual Rows": 379300,
                    "Actual Loops": 2,
                    "Recheck Cond": "(keyword_id > 24683)",
                    "Rows Removed by Index Recheck": 0,
                    "Exact Heap Blocks": 13671,
                    "Lossy Heap Blocks": 0,
                    "Plans": [
                      {
                        "Node Type": "Bitmap Index Scan",
                        "Parent Relationship": "Outer",
                        "Parallel Aware": false,
                        "Index Name": "keyword_id_movie_keyword",
                        "Startup Cost": 0.0,
                        "Total Cost": 16112.49,
                        "Plan Rows": 768541,
                        "Plan Width": 0,
                        "Actual Startup Time": 47.235,
                        "Actual Total Time": 47.236,
                        "Actual Rows": 758599,
                        "Actual Loops": 1,
                        "Index Cond": "(keyword_id > 24683)"
                      }
                    ]
                  },
                  {
                    "Node Type": "Hash",
                    "Parent Relationship": "Inner",
                    "Parallel Aware": true,
                    "Startup Cost": 54588.39,
                    "Total Cost": 54588.39,
                    "Plan Rows": 496009,
                    "Plan Width": 4,
                    "Actual Startup Time": 280.816,
                    "Actual Total Time": 280.817,
                    "Actual Rows": 424570,
                    "Actual Loops": 2,
                    "Hash Buckets": 1048576,
                    "Original Hash Buckets": 1048576,
                    "Hash Batches": 1,
                    "Original Hash Batches": 1,
                    "Peak Memory Usage": 41440,
                    "Plans": [
                      {
                        "Node Type": "Seq Scan",
                        "Parent Relationship": "Outer",
                        "Parallel Aware": true,
                        "Relation Name": "title",
                        "Alias": "t",
                        "Startup Cost": 0.0,
                        "Total Cost": 54588.39,
                        "Plan Rows": 496009,
                        "Plan Width": 4,
                        "Actual Startup Time": 0.057,
                        "Actual Total Time": 167.285,
                        "Actual Rows": 424570,
                        "Actual Loops": 2,
                        "Filter": "(production_year < 1996)",
                        "Rows Removed by Filter": 839586
                      }
                    ]
                  }
                ]
              }
            ]
          }
        ]
      }
    ]
  },
  "Planning Time": 0.466,
  "Triggers": [],
  "Execution Time": 539.197
}