[
  {
    "Plan": {
      "Node Type": "Aggregate",
      "Strategy": "Plain",
      "Partial Mode": "Finalize",
      "Parallel Aware": false,
      "Startup Cost": 47238.87,
      "Total Cost": 47238.88,
      "Plan Rows": 1,
      "Plan Width": 8,
      "Actual Startup Time": 221.934,
      "Actual Total Time": 234.085,
      "Actual Rows": 1,
      "Actual Loops": 1,
      "Plans": [
        {
          "Node Type": "Gather",
          "Parent Relationship": "Outer",
          "Parallel Aware": false,
          "Startup Cost": 47238.55,
          "Total Cost": 47238.86,
          "Plan Rows": 3,
          "Plan Width": 8,
          "Actual Startup Time": 221.778,
          "Actual Total Time": 234.075,
          "Actual Rows": 4,
          "Actual Loops": 1,
          "Workers Planned": 3,
          "Workers Launched": 3,
          "Single Copy": false,
          "Plans": [
            {
              "Node Type": "Aggregate",
              "Strategy": "Plain",
              "Partial Mode": "Partial",
              "Parent Relationship": "Outer",
              "Parallel Aware": false,
              "Startup Cost": 46238.55,
              "Total Cost": 46238.56,
              "Plan Rows": 1,
              "Plan Width": 8,
              "Actual Startup Time": 214.39,
              "Actual Total Time": 214.391,
              "Actual Rows": 1,
              "Actual Loops": 4,
              "Plans": [
                {
                  "Node Type": "Seq Scan",
                  "Parent Relationship": "Outer",
                  "Parallel Aware": true,
                  "Relation Name": "movie_keyword",
                  "Alias": "mk",
                  "Startup Cost": 0.0,
                  "Total Cost": 42695.65,
                  "Plan Rows": 1417159,
                  "Plan Width": 0,
                  "Actual Startup Time": 0.053,
                  "Actual Total Time": 152.32,
                  "Actual Rows": 1098943,
                  "Actual Loops": 4,
                  "Filter": "(keyword_id < 76700)",
                  "Rows Removed by Filter": 32040
                }
              ]
            }
          ]
        }
      ]
    },
    "Planning Time": 0.188,
    "Triggers": [],
    "Execution Time": 234.14
  }
]