[
  {
    "Plan": {
      "Node Type": "Aggregate",
      "Strategy": "Plain",
      "Partial Mode": "Finalize",
      "Parallel Aware": false,
      "Startup Cost": 47237.96,
      "Total Cost": 47237.97,
      "Plan Rows": 1,
      "Plan Width": 8,
      "Actual Startup Time": 172.765,
      "Actual Total Time": 182.423,
      "Actual Rows": 1,
      "Actual Loops": 1,
      "Plans": [
        {
          "Node Type": "Gather",
          "Parent Relationship": "Outer",
          "Parallel Aware": false,
          "Startup Cost": 47237.65,
          "Total Cost": 47237.96,
          "Plan Rows": 3,
          "Plan Width": 8,
          "Actual Startup Time": 172.663,
          "Actual Total Time": 182.416,
          "Actual Rows": 4,
          "Actual Loops": 1,
          "Workers Planned": 3,
          "Workers Launched": 3,
          "Single Copy": false,
          "Plans": [
            {
              "Node Type": "Aggregate",
              "Strategy": "Plain",
              "Partial Mode": "Partial",
              "Parent Relationship": "Outer",
              "Parallel Aware": false,
              "Startup Cost": 46237.65,
              "Total Cost": 46237.66,
              "Plan Rows": 1,
              "Plan Width": 8,
              "Actual Startup Time": 166.889,
              "Actual Total Time": 166.89,
              "Actual Rows": 1,
              "Actual Loops": 4,
              "Plans": [
                {
                  "Node Type": "Seq Scan",
                  "Parent Relationship": "Outer",
                  "Parallel Aware": true,
                  "Relation Name": "movie_keyword",
                  "Alias": "mk",
                  "Startup Cost": 0.0,
                  "Total Cost": 42695.65,
                  "Plan Rows": 1416797,
                  "Plan Width": 0,
                  "Actual Startup Time": 0.05,
                  "Actual Total Time": 120.797,
                  "Actual Rows": 1098943,
                  "Actual Loops": 4,
                  "Filter": "(keyword_id < 76700)",
                  "Rows Removed by Filter": 32040
                }
              ]
            }
          ]
        }
      ]
    },
    "Planning Time": 0.152,
    "Triggers": [],
    "Execution Time": 182.47
  }
]