[
  {
    "Bao": {
      "Bao prediction": 710.354,
      "Bao recommended hint": "SET enable_nestloop TO off; "
    }
  },
  {
    "Plan": {
      "Node Type": "Aggregate",
      "Strategy": "Plain",
      "Partial Mode": "Finalize",
      "Parallel Aware": false,
      "Startup Cost": 303801.61,
      "Total Cost": 303801.62,
      "Plan Rows": 1,
      "Plan Width": 32,
      "Actual Startup Time": 1110.886,
      "Actual Total Time": 1166.148,
      "Actual Rows": 1,
      "Actual Loops": 1,
      "Plans": [
        {
          "Node Type": "Gather",
          "Parent Relationship": "Outer",
          "Parallel Aware": false,
          "Startup Cost": 303801.09,
          "Total Cost": 303801.6,
          "Plan Rows": 5,
          "Plan Width": 32,
          "Actual Startup Time": 1109.544,
          "Actual Total Time": 1166.126,
          "Actual Rows": 6,
          "Actual Loops": 1,
          "Workers Planned": 5,
          "Workers Launched": 5,
          "Single Copy": false,
          "Plans": [
            {
              "Node Type": "Aggregate",
              "Strategy": "Plain",
              "Partial Mode": "Partial",
              "Parent Relationship": "Outer",
              "Parallel Aware": false,
              "Startup Cost": 302801.09,
              "Total Cost": 302801.1,
              "Plan Rows": 1,
              "Plan Width": 32,
              "Actual Startup Time": 1097.159,
              "Actual Total Time": 1097.172,
              "Actual Rows": 1,
              "Actual Loops": 6,
              "Plans": [
                {
                  "Node Type": "Hash Join",
                  "Parent Relationship": "Outer",
                  "Parallel Aware": false,
                  "Join Type": "Inner",
                  "Startup Cost": 73340.87,
                  "Total Cost": 302798.38,
                  "Plan Rows": 1082,
                  "Plan Width": 17,
                  "Actual Startup Time": 1077.396,
                  "Actual Total Time": 1097.164,
                  "Actual Rows": 0,
                  "Actual Loops": 6,
                  "Inner Unique": true,
                  "Hash Cond": "(mi.info_type_id = it.id)",
                  "Plans": [
                    {
                      "Node Type": "Hash Join",
                      "Parent Relationship": "Outer",
                      "Parallel Aware": true,
                      "Join Type": "Inner",
                      "Startup Cost": 73337.33,
                      "Total Cost": 302791.89,
                      "Plan Rows": 1082,
                      "Plan Width": 21,
                      "Actual Startup Time": 1076.885,
                      "Actual Total Time": 1096.651,
                      "Actual Rows": 0,
                      "Actual Loops": 6,
                      "Inner Unique": false,
                      "Hash Cond": "(mi.movie_id = t.id)",
                      "Plans": [
                        {
                          "Node Type": "Seq Scan",
                          "Parent Relationship": "Outer",
                          "Parallel Aware": true,
                          "Relation Name": "movie_info",
                          "Alias": "mi",
                          "Startup Cost": 0.0,
                          "Total Cost": 228934.25,
                          "Plan Rows": 138606,
                          "Plan Width": 8,
                          "Actual Startup Time": 0.357,
                          "Actual Total Time": 851.549,
                          "Actual Rows": 117779,
                          "Actual Loops": 6,
                          "Filter": "(info = ANY ('{Sweden,Norway,Germany,Denmark,Swedish,Denish,Norwegian,German,USA,American}'::text[]))",
                          "Rows Removed by Filter": 2354841
                        },
                        {
                          "Node Type": "Hash",
                          "Parent Relationship": "Inner",
                          "Parallel Aware": true,
                          "Startup Cost": 73325.11,
                          "Total Cost": 73325.11,
                          "Plan Rows": 977,
                          "Plan Width": 25,
                          "Actual Startup Time": 234.643,
                          "Actual Total Time": 234.651,
                          "Actual Rows": 0,
                          "Actual Loops": 6,
                          "Hash Buckets": 4096,
                          "Original Hash Buckets": 4096,
                          "Hash Batches": 1,
                          "Original Hash Batches": 1,
                          "Peak Memory Usage": 64,
                          "Plans": [
                            {
                              "Node Type": "Hash Join",
                              "Parent Relationship": "Outer",
                              "Parallel Aware": true,
                              "Join Type": "Inner",
                              "Startup Cost": 36352.43,
                              "Total Cost": 73325.11,
                              "Plan Rows": 977,
                              "Plan Width": 25,
                              "Actual Startup Time": 231.578,
                              "Actual Total Time": 234.537,
                              "Actual Rows": 0,
                              "Actual Loops": 6,
                              "Inner Unique": false,
                              "Hash Cond": "(t.id = mc.movie_id)",
                              "Plans": [
                                {
                                  "Node Type": "Bitmap Heap Scan",
                                  "Parent Relationship": "Outer",
                                  "Parallel Aware": true,
                                  "Relation Name": "title",
                                  "Alias": "t",
                                  "Startup Cost": 4481.83,
                                  "Total Cost": 41227.16,
                                  "Plan Rows": 59787,
                                  "Plan Width": 21,
                                  "Actual Startup Time": 35.591,
                                  "Actual Total Time": 114.785,
                                  "Actual Rows": 40233,
                                  "Actual Loops": 6,
                                  "Recheck Cond": "(production_year < 1960)",
                                  "Rows Removed by Index Recheck": 0,
                                  "Exact Heap Blocks": 6244,
                                  "Lossy Heap Blocks": 0,
                                  "Plans": [
                                    {
                                      "Node Type": "Bitmap Index Scan",
                                      "Parent Relationship": "Outer",
                                      "Parallel Aware": false,
                                      "Index Name": "idx_title_production_year",
                                      "Startup Cost": 0.0,
                                      "Total Cost": 4422.04,
                                      "Plan Rows": 239148,
                                      "Plan Width": 0,
                                      "Actual Startup Time": 27.512,
                                      "Actual Total Time": 27.512,
                                      "Actual Rows": 241400,
                                      "Actual Loops": 1,
                                      "Index Cond": "(production_year < 1960)"
                                    }
                                  ]
                                },
                                {
                                  "Node Type": "Hash",
                                  "Parent Relationship": "Inner",
                                  "Parallel Aware": true,
                                  "Startup Cost": 31704.04,
                                  "Total Cost": 31704.04,
                                  "Plan Rows": 13325,
                                  "Plan Width": 4,
                                  "Actual Startup Time": 111.771,
                                  "Actual Total Time": 111.774,
                                  "Actual Rows": 133,
                                  "Actual Loops": 6,
                                  "Hash Buckets": 65536,
                                  "Original Hash Buckets": 65536,
                                  "Hash Batches": 1,
                                  "Original Hash Batches": 1,
                                  "Peak Memory Usage": 704,
                                  "Plans": [
                                    {
                                      "Node Type": "Hash Join",
                                      "Parent Relationship": "Outer",
                                      "Parallel Aware": false,
                                      "Join Type": "Inner",
                                      "Startup Cost": 1.06,
                                      "Total Cost": 31704.04,
                                      "Plan Rows": 13325,
                                      "Plan Width": 4,
                                      "Actual Startup Time": 80.608,
                                      "Actual Total Time": 111.539,
                                      "Actual Rows": 133,
                                      "Actual Loops": 6,
                                      "Inner Unique": true,
                                      "Hash Cond": "(mc.company_type_id = ct.id)",
                                      "Plans": [
                                        {
                                          "Node Type": "Seq Scan",
                                          "Parent Relationship": "Outer",
                                          "Parallel Aware": true,
                                          "Relation Name": "movie_companies",
                                          "Alias": "mc",
                                          "Startup Cost": 0.0,
                                          "Total Cost": 31414.82,
                                          "Plan Rows": 53301,
                                          "Plan Width": 8,
                                          "Actual Startup Time": 0.086,
                                          "Actual Total Time": 106.737,
                                          "Actual Rows": 49271,
                                          "Actual Loops": 6,
                                          "Filter": "((note !~~ '%(TV)%'::text) AND (note ~~ '%(USA)%'::text))",
                                          "Rows Removed by Filter": 385584
                                        },
                                        {
                                          "Node Type": "Hash",
                                          "Parent Relationship": "Inner",
                                          "Parallel Aware": false,
                                          "Startup Cost": 1.05,
                                          "Total Cost": 1.05,
                                          "Plan Rows": 1,
                                          "Plan Width": 4,
                                          "Actual Startup Time": 0.065,
                                          "Actual Total Time": 0.066,
                                          "Actual Rows": 1,
                                          "Actual Loops": 6,
                                          "Hash Buckets": 1024,
                                          "Original Hash Buckets": 1024,
                                          "Hash Batches": 1,
                                          "Original Hash Batches": 1,
                                          "Peak Memory Usage": 9,
                                          "Plans": [
                                            {
                                              "Node Type": "Seq Scan",
                                              "Parent Relationship": "Outer",
                                              "Parallel Aware": false,
                                              "Relation Name": "company_type",
                                              "Alias": "ct",
                                              "Startup Cost": 0.0,
                                              "Total Cost": 1.05,
                                              "Plan Rows": 1,
                                              "Plan Width": 4,
                                              "Actual Startup Time": 0.035,
                                              "Actual Total Time": 0.039,
                                              "Actual Rows": 1,
                                              "Actual Loops": 6,
                                              "Filter": "((kind)::text = 'production companies'::text)",
                                              "Rows Removed by Filter": 3
                                            }
                                          ]
                                        }
                                      ]
                                    }
                                  ]
                                }
                              ]
                            }
                          ]
                        }
                      ]
                    },
                    {
                      "Node Type": "Hash",
                      "Parent Relationship": "Inner",
                      "Parallel Aware": false,
                      "Startup Cost": 2.13,
                      "Total Cost": 2.13,
                      "Plan Rows": 113,
                      "Plan Width": 4,
                      "Actual Startup Time": 0.152,
                      "Actual Total Time": 0.153,
                      "Actual Rows": 113,
                      "Actual Loops": 6,
                      "Hash Buckets": 1024,
                      "Original Hash Buckets": 1024,
                      "Hash Batches": 1,
                      "Original Hash Batches": 1,
                      "Peak Memory Usage": 12,
                      "Plans": [
                        {
                          "Node Type": "Seq Scan",
                          "Parent Relationship": "Outer",
                          "Parallel Aware": false,
                          "Relation Name": "info_type",
                          "Alias": "it",
                          "Startup Cost": 0.0,
                          "Total Cost": 2.13,
                          "Plan Rows": 113,
                          "Plan Width": 4,
                          "Actual Startup Time": 0.05,
                          "Actual Total Time": 0.08,
                          "Actual Rows": 113,
                          "Actual Loops": 6
                        }
                      ]
                    }
                  ]
                }
              ]
            }
          ]
        }
      ]
    },
    "Planning Time": 271.411,
    "Triggers": [],
    "Execution Time": 1166.758
  }
]