[
  {
    "Plan": {
      "Node Type": "Aggregate",
      "Strategy": "Plain",
      "Partial Mode": "Finalize",
      "Parallel Aware": false,
      "Startup Cost": 139407.87,
      "Total Cost": 139407.88,
      "Plan Rows": 1,
      "Plan Width": 8,
      "Actual Startup Time": 1511.356,
      "Actual Total Time": 1538.11,
      "Actual Rows": 1,
      "Actual Loops": 1,
      "Plans": [
        {
          "Node Type": "Gather",
          "Parent Relationship": "Outer",
          "Parallel Aware": false,
          "Startup Cost": 139407.55,
          "Total Cost": 139407.86,
          "Plan Rows": 3,
          "Plan Width": 8,
          "Actual Startup Time": 1492.412,
          "Actual Total Time": 1538.103,
          "Actual Rows": 4,
          "Actual Loops": 1,
          "Workers Planned": 3,
          "Workers Launched": 3,
          "Single Copy": false,
          "Plans": [
            {
              "Node Type": "Aggregate",
              "Strategy": "Plain",
              "Partial Mode": "Partial",
              "Parent Relationship": "Outer",
              "Parallel Aware": false,
              "Startup Cost": 138407.55,
              "Total Cost": 138407.56,
              "Plan Rows": 1,
              "Plan Width": 8,
              "Actual Startup Time": 1481.28,
              "Actual Total Time": 1481.963,
              "Actual Rows": 1,
              "Actual Loops": 4,
              "Plans": [
                {
                  "Node Type": "Hash Join",
                  "Parent Relationship": "Outer",
                  "Parallel Aware": true,
                  "Join Type": "Inner",
                  "Startup Cost": 87487.59,
                  "Total Cost": 136439.92,
                  "Plan Rows": 787055,
                  "Plan Width": 0,
                  "Actual Startup Time": 742.031,
                  "Actual Total Time": 1278.404,
                  "Actual Rows": 4509157,
                  "Actual Loops": 4,
                  "Inner Unique": false,
                  "Hash Cond": "(mk.movie_id = t.id)",
                  "Plans": [
                    {
                      "Node Type": "Seq Scan",
                      "Parent Relationship": "Outer",
                      "Parallel Aware": true,
                      "Relation Name": "movie_keyword",
                      "Alias": "mk",
                      "Startup Cost": 0.0,
                      "Total Cost": 42695.65,
                      "Plan Rows": 991410,
                      "Plan Width": 4,
                      "Actual Startup Time": 0.149,
                      "Actual Total Time": 113.399,
                      "Actual Rows": 768867,
                      "Actual Loops": 4,
                      "Filter": "(keyword_id > 2035)",
                      "Rows Removed by Filter": 362115
                    },
                    {
                      "Node Type": "Hash",
                      "Parent Relationship": "Inner",
                      "Parallel Aware": true,
                      "Startup Cost": 79393.84,
                      "Total Cost": 79393.84,
                      "Plan Rows": 647500,
                      "Plan Width": 8,
                      "Actual Startup Time": 734.627,
                      "Actual Total Time": 735.308,
                      "Actual Rows": 431662,
                      "Actual Loops": 4,
                      "Hash Buckets": 2097152,
                      "Original Hash Buckets": 2097152,
                      "Hash Batches": 1,
                      "Original Hash Batches": 1,
                      "Peak Memory Usage": 83968,
                      "Plans": [
                        {
                          "Node Type": "Hash Join",
                          "Parent Relationship": "Outer",
                          "Parallel Aware": true,
                          "Join Type": "Inner",
                          "Startup Cost": 49977.95,
                          "Total Cost": 79393.84,
                          "Plan Rows": 647500,
                          "Plan Width": 8,
                          "Actual Startup Time": 304.008,
                          "Actual Total Time": 596.447,
                          "Actual Rows": 431662,
                          "Actual Loops": 4,
                          "Inner Unique": true,
                          "Hash Cond": "(mc.movie_id = t.id)",
                          "Plans": [
                            {
                              "Node Type": "Seq Scan",
                              "Parent Relationship": "Outer",
                              "Parallel Aware": true,
                              "Relation Name": "movie_companies",
                              "Alias": "mc",
                              "Startup Cost": 0.0,
                              "Total Cost": 27206.55,
                              "Plan Rows": 841655,
                              "Plan Width": 4,
                              "Actual Startup Time": 0.009,
                              "Actual Total Time": 65.174,
                              "Actual Rows": 652282,
                              "Actual Loops": 4
                            },
                            {
                              "Node Type": "Hash",
                              "Parent Relationship": "Inner",
                              "Parallel Aware": true,
                              "Startup Cost": 43899.32,
                              "Total Cost": 43899.32,
                              "Plan Rows": 486290,
                              "Plan Width": 4,
                              "Actual Startup Time": 300.35,
                              "Actual Total Time": 300.352,
                              "Actual Rows": 483121,
                              "Actual Loops": 4,
                              "Hash Buckets": 2097152,
                              "Original Hash Buckets": 2097152,
                              "Hash Batches": 1,
                              "Original Hash Batches": 1,
                              "Peak Memory Usage": 92064,
                              "Plans": [
                                {
                                  "Node Type": "Seq Scan",
                                  "Parent Relationship": "Outer",
                                  "Parallel Aware": true,
                                  "Relation Name": "title",
                                  "Alias": "t",
                                  "Startup Cost": 0.0,
                                  "Total Cost": 43899.32,
                                  "Plan Rows": 486290,
                                  "Plan Width": 4,
                                  "Actual Startup Time": 0.051,
                                  "Actual Total Time": 120.567,
                                  "Actual Rows": 483121,
                                  "Actual Loops": 4,
                                  "Filter": "(production_year > 1980)",
                                  "Rows Removed by Filter": 148957
                                }
                              ]
                            }
                          ]
                        }
                      ]
                    }
                  ]
                }
              ]
            }
          ]
        }
      ]
    },
    "Planning Time": 1.327,
    "Triggers": [],
    "Execution Time": 1538.182
  }
]