[
  {
    "Plan": {
      "Node Type": "Aggregate",
      "Strategy": "Plain",
      "Partial Mode": "Finalize",
      "Parallel Aware": false,
      "Startup Cost": 46727.37,
      "Total Cost": 46727.38,
      "Plan Rows": 1,
      "Plan Width": 8,
      "Actual Startup Time": 168.869,
      "Actual Total Time": 178.318,
      "Actual Rows": 1,
      "Actual Loops": 1,
      "Plans": [
        {
          "Node Type": "Gather",
          "Parent Relationship": "Outer",
          "Parallel Aware": false,
          "Startup Cost": 46727.05,
          "Total Cost": 46727.36,
          "Plan Rows": 3,
          "Plan Width": 8,
          "Actual Startup Time": 168.739,
          "Actual Total Time": 178.31,
          "Actual Rows": 4,
          "Actual Loops": 1,
          "Workers Planned": 3,
          "Workers Launched": 3,
          "Single Copy": false,
          "Plans": [
            {
              "Node Type": "Aggregate",
              "Strategy": "Plain",
              "Partial Mode": "Partial",
              "Parent Relationship": "Outer",
              "Parallel Aware": false,
              "Startup Cost": 45727.05,
              "Total Cost": 45727.06,
              "Plan Rows": 1,
              "Plan Width": 8,
              "Actual Startup Time": 163.846,
              "Actual Total Time": 163.848,
              "Actual Rows": 1,
              "Actual Loops": 4,
              "Plans": [
                {
                  "Node Type": "Seq Scan",
                  "Parent Relationship": "Outer",
                  "Parallel Aware": true,
                  "Relation Name": "movie_keyword",
                  "Alias": "mk",
                  "Startup Cost": 0.0,
                  "Total Cost": 42695.65,
                  "Plan Rows": 1212560,
                  "Plan Width": 0,
                  "Actual Startup Time": 0.04,
                  "Actual Total Time": 121.883,
                  "Actual Rows": 942634,
                  "Actual Loops": 4,
                  "Filter": "(keyword_id < 24817)",
                  "Rows Removed by Filter": 188348
                }
              ]
            }
          ]
        }
      ]
    },
    "Planning Time": 0.182,
    "Triggers": [],
    "Execution Time": 178.373
  }
]