[
  {
    "Plan": {
      "Node Type": "Aggregate",
      "Strategy": "Plain",
      "Partial Mode": "Finalize",
      "Parallel Aware": false,
      "Startup Cost": 297517.4,
      "Total Cost": 297517.41,
      "Plan Rows": 1,
      "Plan Width": 96,
      "Actual Startup Time": 2838.308,
      "Actual Total Time": 2932.125,
      "Actual Rows": 1,
      "Actual Loops": 1,
      "Plans": [
        {
          "Node Type": "Gather",
          "Parent Relationship": "Outer",
          "Parallel Aware": false,
          "Startup Cost": 297517.29,
          "Total Cost": 297517.4,
          "Plan Rows": 1,
          "Plan Width": 96,
          "Actual Startup Time": 2837.99,
          "Actual Total Time": 2932.102,
          "Actual Rows": 2,
          "Actual Loops": 1,
          "Workers Planned": 1,
          "Workers Launched": 1,
          "Single Copy": false,
          "Plans": [
            {
              "Node Type": "Aggregate",
              "Strategy": "Plain",
              "Partial Mode": "Partial",
              "Parent Relationship": "Outer",
              "Parallel Aware": false,
              "Startup Cost": 296517.29,
              "Total Cost": 296517.3,
              "Plan Rows": 1,
              "Plan Width": 96,
              "Actual Startup Time": 2830.986,
              "Actual Total Time": 2831.009,
              "Actual Rows": 1,
              "Actual Loops": 2,
              "Plans": [
                {
                  "Node Type": "Hash Join",
                  "Parent Relationship": "Outer",
                  "Parallel Aware": true,
                  "Join Type": "Inner",
                  "Startup Cost": 291606.34,
                  "Total Cost": 296517.28,
                  "Plan Rows": 1,
                  "Plan Width": 42,
                  "Actual Startup Time": 2813.864,
                  "Actual Total Time": 2830.984,
                  "Actual Rows": 32,
                  "Actual Loops": 2,
                  "Inner Unique": false,
                  "Hash Cond": "(cn.id = mc.company_id)",
                  "Plans": [
                    {
                      "Node Type": "Seq Scan",
                      "Parent Relationship": "Outer",
                      "Parallel Aware": true,
                      "Relation Name": "company_name",
                      "Alias": "cn",
                      "Startup Cost": 0.0,
                      "Total Cost": 4722.92,
                      "Plan Rows": 50137,
                      "Plan Width": 23,
                      "Actual Startup Time": 0.022,
                      "Actual Total Time": 15.241,
                      "Actual Rows": 42422,
                      "Actual Loops": 2,
                      "Filter": "((country_code)::text = '[us]'::text)",
                      "Rows Removed by Filter": 75077
                    },
                    {
                      "Node Type": "Hash",
                      "Parent Relationship": "Inner",
                      "Parallel Aware": true,
                      "Startup Cost": 291606.32,
                      "Total Cost": 291606.32,
                      "Plan Rows": 1,
                      "Plan Width": 27,
                      "Actual Startup Time": 2812.58,
                      "Actual Total Time": 2812.599,
                      "Actual Rows": 52,
                      "Actual Loops": 2,
                      "Hash Buckets": 1024,
                      "Original Hash Buckets": 1024,
                      "Hash Batches": 1,
                      "Original Hash Batches": 1,
                      "Peak Memory Usage": 72,
                      "Plans": [
                        {
                          "Node Type": "Hash Join",
                          "Parent Relationship": "Outer",
                          "Parallel Aware": true,
                          "Join Type": "Inner",
                          "Startup Cost": 276336.05,
                          "Total Cost": 291606.32,
                          "Plan Rows": 1,
                          "Plan Width": 27,
                          "Actual Startup Time": 2677.433,
                          "Actual Total Time": 2812.514,
                          "Actual Rows": 52,
                          "Actual Loops": 2,
                          "Inner Unique": false,
                          "Hash Cond": "(miidx.movie_id = mi.movie_id)",
                          "Plans": [
                            {
                              "Node Type": "Hash Join",
                              "Parent Relationship": "Outer",
                              "Parallel Aware": false,
                              "Join Type": "Inner",
                              "Startup Cost": 2.43,
                              "Total Cost": 15253.6,
                              "Plan Rows": 5089,
                              "Plan Width": 10,
                              "Actual Startup Time": 0.083,
                              "Actual Total Time": 122.0,
                              "Actual Rows": 229962,
                              "Actual Loops": 2,
                              "Inner Unique": true,
                              "Hash Cond": "(miidx.info_type_id = it.id)",
                              "Plans": [
                                {
                                  "Node Type": "Seq Scan",
                                  "Parent Relationship": "Outer",
                                  "Parallel Aware": true,
                                  "Relation Name": "movie_info_idx",
                                  "Alias": "miidx",
                                  "Startup Cost": 0.0,
                                  "Total Cost": 13685.15,
                                  "Plan Rows": 575015,
                                  "Plan Width": 14,
                                  "Actual Startup Time": 0.017,
                                  "Actual Total Time": 56.779,
                                  "Actual Rows": 690018,
                                  "Actual Loops": 2
                                },
                                {
                                  "Node Type": "Hash",
                                  "Parent Relationship": "Inner",
                                  "Parallel Aware": false,
                                  "Startup Cost": 2.41,
                                  "Total Cost": 2.41,
                                  "Plan Rows": 1,
                                  "Plan Width": 4,
                                  "Actual Startup Time": 0.029,
                                  "Actual Total Time": 0.03,
                                  "Actual Rows": 1,
                                  "Actual Loops": 2,
                                  "Hash Buckets": 1024,
                                  "Original Hash Buckets": 1024,
                                  "Hash Batches": 1,
                                  "Original Hash Batches": 1,
                                  "Peak Memory Usage": 9,
                                  "Plans": [
                                    {
                                      "Node Type": "Seq Scan",
                                      "Parent Relationship": "Outer",
                                      "Parallel Aware": false,
                                      "Relation Name": "info_type",
                                      "Alias": "it",
                                      "Startup Cost": 0.0,
                                      "Total Cost": 2.41,
                                      "Plan Rows": 1,
                                      "Plan Width": 4,
                                      "Actual Startup Time": 0.019,
                                      "Actual Total Time": 0.021,
                                      "Actual Rows": 1,
                                      "Actual Loops": 2,
                                      "Filter": "((info)::text = 'rating'::text)",
                                      "Rows Removed by Filter": 112
                                    }
                                  ]
                                }
                              ]
                            },
                            {
                              "Node Type": "Hash",
                              "Parent Relationship": "Inner",
                              "Parallel Aware": true,
                              "Startup Cost": 276333.62,
                              "Total Cost": 276333.62,
                              "Plan Rows": 1,
                              "Plan Width": 33,
                              "Actual Startup Time": 2676.927,
                              "Actual Total Time": 2676.941,
                              "Actual Rows": 194,
                              "Actual Loops": 2,
                              "Hash Buckets": 1024,
                              "Original Hash Buckets": 1024,
                              "Hash Batches": 1,
                              "Original Hash Batches": 1,
                              "Peak Memory Usage": 72,
                              "Plans": [
                                {
                                  "Node Type": "Hash Join",
                                  "Parent Relationship": "Outer",
                                  "Parallel Aware": true,
                                  "Join Type": "Inner",
                                  "Startup Cost": 76481.66,
                                  "Total Cost": 276333.62,
                                  "Plan Rows": 1,
                                  "Plan Width": 33,
                                  "Actual Startup Time": 1302.945,
                                  "Actual Total Time": 2676.773,
                                  "Actual Rows": 194,
                                  "Actual Loops": 2,
                                  "Inner Unique": false,
                                  "Hash Cond": "(mi.movie_id = t.id)",
                                  "Plans": [
                                    {
                                      "Node Type": "Hash Join",
                                      "Parent Relationship": "Outer",
                                      "Parallel Aware": false,
                                      "Join Type": "Inner",
                                      "Startup Cost": 2.43,
                                      "Total Cost": 199755.89,
                                      "Plan Rows": 26264,
                                      "Plan Width": 4,
                                      "Actual Startup Time": 543.185,
                                      "Actual Total Time": 1780.174,
                                      "Actual Rows": 1518360,
                                      "Actual Loops": 2,
                                      "Inner Unique": true,
                                      "Hash Cond": "(mi.info_type_id = it2.id)",
                                      "Plans": [
                                        {
                                          "Node Type": "Seq Scan",
                                          "Parent Relationship": "Outer",
                                          "Parallel Aware": true,
                                          "Relation Name": "movie_info",
                                          "Alias": "mi",
                                          "Startup Cost": 0.0,
                                          "Total Cost": 191670.84,
                                          "Plan Rows": 2967784,
                                          "Plan Width": 8,
                                          "Actual Startup Time": 0.035,
                                          "Actual Total Time": 970.433,
                                          "Actual Rows": 7417860,
                                          "Actual Loops": 2
                                        },
                                        {
                                          "Node Type": "Hash",
                                          "Parent Relationship": "Inner",
                                          "Parallel Aware": false,
                                          "Startup Cost": 2.41,
                                          "Total Cost": 2.41,
                                          "Plan Rows": 1,
                                          "Plan Width": 4,
                                          "Actual Startup Time": 0.069,
                                          "Actual Total Time": 0.07,
                                          "Actual Rows": 1,
                                          "Actual Loops": 2,
                                          "Hash Buckets": 1024,
                                          "Original Hash Buckets": 1024,
                                          "Hash Batches": 1,
                                          "Original Hash Batches": 1,
                                          "Peak Memory Usage": 9,
                                          "Plans": [
                                            {
                                              "Node Type": "Seq Scan",
                                              "Parent Relationship": "Outer",
                                              "Parallel Aware": false,
                                              "Relation Name": "info_type",
                                              "Alias": "it2",
                                              "Startup Cost": 0.0,
                                              "Total Cost": 2.41,
                                              "Plan Rows": 1,
                                              "Plan Width": 4,
                                              "Actual Startup Time": 0.05,
                                              "Actual Total Time": 0.06,
                                              "Actual Rows": 1,
                                              "Actual Loops": 2,
                                              "Filter": "((info)::text = 'release dates'::text)",
                                              "Rows Removed by Filter": 112
                                            }
                                          ]
                                        }
                                      ]
                                    },
                                    {
                                      "Node Type": "Hash",
                                      "Parent Relationship": "Inner",
                                      "Parallel Aware": true,
                                      "Startup Cost": 76479.17,
                                      "Total Cost": 76479.17,
                                      "Plan Rows": 5,
                                      "Plan Width": 29,
                                      "Actual Startup Time": 758.739,
                                      "Actual Total Time": 758.748,
                                      "Actual Rows": 158,
                                      "Actual Loops": 2,
                                      "Hash Buckets": 1024,
                                      "Original Hash Buckets": 1024,
                                      "Hash Batches": 1,
                                      "Original Hash Batches": 1,
                                      "Peak Memory Usage": 72,
                                      "Plans": [
                                        {
                                          "Node Type": "Hash Join",
                                          "Parent Relationship": "Outer",
                                          "Parallel Aware": false,
                                          "Join Type": "Inner",
                                          "Startup Cost": 47062.5,
                                          "Total Cost": 76479.17,
                                          "Plan Rows": 5,
                                          "Plan Width": 29,
                                          "Actual Startup Time": 443.401,
                                          "Actual Total Time": 758.604,
                                          "Actual Rows": 158,
                                          "Actual Loops": 2,
                                          "Inner Unique": true,
                                          "Hash Cond": "(mc.company_type_id = ct.id)",
                                          "Plans": [
                                            {
                                              "Node Type": "Hash Join",
                                              "Parent Relationship": "Outer",
                                              "Parallel Aware": false,
                                              "Join Type": "Inner",
                                              "Startup Cost": 47061.44,
                                              "Total Cost": 76477.98,
                                              "Plan Rows": 22,
                                              "Plan Width": 33,
                                              "Actual Startup Time": 443.259,
                                              "Actual Total Time": 758.392,
                                              "Actual Rows": 322,
                                              "Actual Loops": 2,
                                              "Inner Unique": true,
                                              "Hash Cond": "(t.kind_id = kt.id)",
                                              "Plans": [
                                                {
                                                  "Node Type": "Hash Join",
                                                  "Parent Relationship": "Outer",
                                                  "Parallel Aware": true,
                                                  "Join Type": "Inner",
                                                  "Startup Cost": 47060.34,
                                                  "Total Cost": 76476.23,
                                                  "Plan Rows": 156,
                                                  "Plan Width": 37,
                                                  "Actual Startup Time": 443.064,
                                                  "Actual Total Time": 758.01,
                                                  "Actual Rows": 1330,
                                                  "Actual Loops": 2,
                                                  "Inner Unique": true,
                                                  "Hash Cond": "(mc.movie_id = t.id)",
                                                  "Plans": [
                                                    {
                                                      "Node Type": "Seq Scan",
                                                      "Parent Relationship": "Outer",
                                                      "Parallel Aware": true,
                                                      "Relation Name": "movie_companies",
                                                      "Alias": "mc",
                                                      "Startup Cost": 0.0,
                                                      "Total Cost": 27206.55,
                                                      "Plan Rows": 841655,
                                                      "Plan Width": 12,
                                                      "Actual Startup Time": 0.013,
                                                      "Actual Total Time": 155.428,
                                                      "Actual Rows": 1304564,
                                                      "Actual Loops": 2
                                                    },
                                                    {
                                                      "Node Type": "Hash",
                                                      "Parent Relationship": "Inner",
                                                      "Parallel Aware": true,
                                                      "Startup Cost": 47058.86,
                                                      "Total Cost": 47058.86,
                                                      "Plan Rows": 118,
                                                      "Plan Width": 25,
                                                      "Actual Startup Time": 442.808,
                                                      "Actual Total Time": 442.809,
                                                      "Actual Rows": 1109,
                                                      "Actual Loops": 2,
                                                      "Hash Buckets": 2048,
                                                      "Original Hash Buckets": 1024,
                                                      "Hash Batches": 1,
                                                      "Original Hash Batches": 1,
                                                      "Peak Memory Usage": 216,
                                                      "Plans": [
                                                        {
                                                          "Node Type": "Seq Scan",
                                                          "Parent Relationship": "Outer",
                                                          "Parallel Aware": true,
                                                          "Relation Name": "title",
                                                          "Alias": "t",
                                                          "Startup Cost": 0.0,
                                                          "Total Cost": 47058.86,
                                                          "Plan Rows": 118,
                                                          "Plan Width": 25,
                                                          "Actual Startup Time": 1.213,
                                                          "Actual Total Time": 437.756,
                                                          "Actual Rows": 1109,
                                                          "Actual Loops": 2,
                                                          "Filter": "((title <> ''::text) AND ((title ~~ '%Champion%'::text) OR (title ~~ '%Loser%'::text)))",
                                                          "Rows Removed by Filter": 1263047
                                                        }
                                                      ]
                                                    }
                                                  ]
                                                },
                                                {
                                                  "Node Type": "Hash",
                                                  "Parent Relationship": "Inner",
                                                  "Parallel Aware": false,
                                                  "Startup Cost": 1.09,
                                                  "Total Cost": 1.09,
                                                  "Plan Rows": 1,
                                                  "Plan Width": 4,
                                                  "Actual Startup Time": 0.089,
                                                  "Actual Total Time": 0.089,
                                                  "Actual Rows": 1,
                                                  "Actual Loops": 2,
                                                  "Hash Buckets": 1024,
                                                  "Original Hash Buckets": 1024,
                                                  "Hash Batches": 1,
                                                  "Original Hash Batches": 1,
                                                  "Peak Memory Usage": 9,
                                                  "Plans": [
                                                    {
                                                      "Node Type": "Seq Scan",
                                                      "Parent Relationship": "Outer",
                                                      "Parallel Aware": false,
                                                      "Relation Name": "kind_type",
                                                      "Alias": "kt",
                                                      "Startup Cost": 0.0,
                                                      "Total Cost": 1.09,
                                                      "Plan Rows": 1,
                                                      "Plan Width": 4,
                                                      "Actual Startup Time": 0.077,
                                                      "Actual Total Time": 0.078,
                                                      "Actual Rows": 1,
                                                      "Actual Loops": 2,
                                                      "Filter": "((kind)::text = 'episode'::text)",
                                                      "Rows Removed by Filter": 6
                                                    }
                                                  ]
                                                }
                                              ]
                                            },
                                            {
                                              "Node Type": "Hash",
                                              "Parent Relationship": "Inner",
                                              "Parallel Aware": false,
                                              "Startup Cost": 1.05,
                                              "Total Cost": 1.05,
                                              "Plan Rows": 1,
                                              "Plan Width": 4,
                                              "Actual Startup Time": 0.084,
                                              "Actual Total Time": 0.085,
                                              "Actual Rows": 1,
                                              "Actual Loops": 2,
                                              "Hash Buckets": 1024,
                                              "Original Hash Buckets": 1024,
                                              "Hash Batches": 1,
                                              "Original Hash Batches": 1,
                                              "Peak Memory Usage": 9,
                                              "Plans": [
                                                {
                                                  "Node Type": "Seq Scan",
                                                  "Parent Relationship": "Outer",
                                                  "Parallel Aware": false,
                                                  "Relation Name": "company_type",
                                                  "Alias": "ct",
                                                  "Startup Cost": 0.0,
                                                  "Total Cost": 1.05,
                                                  "Plan Rows": 1,
                                                  "Plan Width": 4,
                                                  "Actual Startup Time": 0.06,
                                                  "Actual Total Time": 0.064,
                                                  "Actual Rows": 1,
                                                  "Actual Loops": 2,
                                                  "Filter": "((kind)::text = 'distributors'::text)",
                                                  "Rows Removed by Filter": 3
                                                }
                                              ]
                                            }
                                          ]
                                        }
                                      ]
                                    }
                                  ]
                                }
                              ]
                            }
                          ]
                        }
                      ]
                    }
                  ]
                }
              ]
            }
          ]
        }
      ]
    },
    "Planning Time": 17.119,
    "Triggers": [],
    "Execution Time": 2932.74
  }
]