[
  {
    "Plan": {
      "Node Type": "Aggregate",
      "Strategy": "Plain",
      "Partial Mode": "Finalize",
      "Parallel Aware": false,
      "Startup Cost": 307767.96,
      "Total Cost": 307767.97,
      "Plan Rows": 1,
      "Plan Width": 8,
      "Actual Startup Time": 2594.166,
      "Actual Total Time": 2638.785,
      "Actual Rows": 1,
      "Actual Loops": 1,
      "Plans": [
        {
          "Node Type": "Gather",
          "Parent Relationship": "Outer",
          "Parallel Aware": false,
          "Startup Cost": 307767.44,
          "Total Cost": 307767.95,
          "Plan Rows": 5,
          "Plan Width": 8,
          "Actual Startup Time": 2579.923,
          "Actual Total Time": 2638.772,
          "Actual Rows": 6,
          "Actual Loops": 1,
          "Workers Planned": 5,
          "Workers Launched": 5,
          "Single Copy": false,
          "Plans": [
            {
              "Node Type": "Aggregate",
              "Strategy": "Plain",
              "Partial Mode": "Partial",
              "Parent Relationship": "Outer",
              "Parallel Aware": false,
              "Startup Cost": 306767.44,
              "Total Cost": 306767.45,
              "Plan Rows": 1,
              "Plan Width": 8,
              "Actual Startup Time": 2565.733,
              "Actual Total Time": 2566.05,
              "Actual Rows": 1,
              "Actual Loops": 6,
              "Plans": [
                {
                  "Node Type": "Hash Join",
                  "Parent Relationship": "Outer",
                  "Parallel Aware": true,
                  "Join Type": "Inner",
                  "Startup Cost": 96650.69,
                  "Total Cost": 303506.47,
                  "Plan Rows": 1304386,
                  "Plan Width": 0,
                  "Actual Startup Time": 391.995,
                  "Actual Total Time": 2038.886,
                  "Actual Rows": 12061322,
                  "Actual Loops": 6,
                  "Inner Unique": false,
                  "Hash Cond": "(mi.movie_id = t.id)",
                  "Plans": [
                    {
                      "Node Type": "Seq Scan",
                      "Parent Relationship": "Outer",
                      "Parallel Aware": true,
                      "Relation Name": "movie_info",
                      "Alias": "mi",
                      "Startup Cost": 0.0,
                      "Total Cost": 191560.33,
                      "Plan Rows": 2956733,
                      "Plan Width": 4,
                      "Actual Startup Time": 0.032,
                      "Actual Total Time": 304.13,
                      "Actual Rows": 2472620,
                      "Actual Loops": 6
                    },
                    {
                      "Node Type": "Hash",
                      "Parent Relationship": "Inner",
                      "Parallel Aware": true,
                      "Startup Cost": 92153.21,
                      "Total Cost": 92153.21,
                      "Plan Rows": 359799,
                      "Plan Width": 8,
                      "Actual Startup Time": 386.367,
                      "Actual Total Time": 386.682,
                      "Actual Rows": 259410,
                      "Actual Loops": 6,
                      "Hash Buckets": 2097152,
                      "Original Hash Buckets": 2097152,
                      "Hash Batches": 1,
                      "Original Hash Batches": 1,
                      "Peak Memory Usage": 77344,
                      "Plans": [
                        {
                          "Node Type": "Hash Join",
                          "Parent Relationship": "Outer",
                          "Parallel Aware": true,
                          "Join Type": "Inner",
                          "Startup Cost": 46165.97,
                          "Total Cost": 92153.21,
                          "Plan Rows": 359799,
                          "Plan Width": 8,
                          "Actual Startup Time": 146.245,
                          "Actual Total Time": 314.735,
                          "Actual Rows": 259410,
                          "Actual Loops": 6,
                          "Inner Unique": true,
                          "Hash Cond": "(mk.movie_id = t.id)",
                          "Plans": [
                            {
                              "Node Type": "Seq Scan",
                              "Parent Relationship": "Outer",
                              "Parallel Aware": true,
                              "Relation Name": "movie_keyword",
                              "Alias": "mk",
                              "Startup Cost": 0.0,
                              "Total Cost": 42695.65,
                              "Plan Rows": 1253938,
                              "Plan Width": 4,
                              "Actual Startup Time": 0.047,
                              "Actual Total Time": 86.368,
                              "Actual Rows": 645980,
                              "Actual Loops": 6,
                              "Filter": "(keyword_id > 498)",
                              "Rows Removed by Filter": 108009
                            },
                            {
                              "Node Type": "Hash",
                              "Parent Relationship": "Inner",
                              "Parallel Aware": true,
                              "Startup Cost": 43898.92,
                              "Total Cost": 43898.92,
                              "Plan Rows": 181364,
                              "Plan Width": 4,
                              "Actual Startup Time": 144.64,
                              "Actual Total Time": 144.641,
                              "Actual Rows": 121831,
                              "Actual Loops": 6,
                              "Hash Buckets": 1048576,
                              "Original Hash Buckets": 1048576,
                              "Hash Batches": 1,
                              "Original Hash Batches": 1,
                              "Peak Memory Usage": 36896,
                              "Plans": [
                                {
                                  "Node Type": "Seq Scan",
                                  "Parent Relationship": "Outer",
                                  "Parallel Aware": true,
                                  "Relation Name": "title",
                                  "Alias": "t",
                                  "Startup Cost": 0.0,
                                  "Total Cost": 43898.92,
                                  "Plan Rows": 181364,
                                  "Plan Width": 4,
                                  "Actual Startup Time": 0.044,
                                  "Actual Total Time": 85.76,
                                  "Actual Rows": 121831,
                                  "Actual Loops": 6,
                                  "Filter": "(production_year < 1992)",
                                  "Rows Removed by Filter": 299554
                                }
                              ]
                            }
                          ]
                        }
                      ]
                    }
                  ]
                }
              ]
            }
          ]
        }
      ]
    },
    "Planning Time": 1.341,
    "Triggers": [],
    "Execution Time": 2638.875
  }
]