[
  {
    "Plan": {
      "Node Type": "Aggregate",
      "Strategy": "Plain",
      "Partial Mode": "Finalize",
      "Parallel Aware": false,
      "Startup Cost": 33115.61,
      "Total Cost": 33115.62,
      "Plan Rows": 1,
      "Plan Width": 8,
      "Actual Startup Time": 100.51,
      "Actual Total Time": 108.954,
      "Actual Rows": 1,
      "Actual Loops": 1,
      "Plans": [
        {
          "Node Type": "Gather",
          "Parent Relationship": "Outer",
          "Parallel Aware": false,
          "Startup Cost": 33115.29,
          "Total Cost": 33115.6,
          "Plan Rows": 3,
          "Plan Width": 8,
          "Actual Startup Time": 100.366,
          "Actual Total Time": 108.939,
          "Actual Rows": 4,
          "Actual Loops": 1,
          "Workers Planned": 3,
          "Workers Launched": 3,
          "Single Copy": false,
          "Plans": [
            {
              "Node Type": "Aggregate",
              "Strategy": "Plain",
              "Partial Mode": "Partial",
              "Parent Relationship": "Outer",
              "Parallel Aware": false,
              "Startup Cost": 32115.29,
              "Total Cost": 32115.3,
              "Plan Rows": 1,
              "Plan Width": 8,
              "Actual Startup Time": 94.842,
              "Actual Total Time": 94.843,
              "Actual Rows": 1,
              "Actual Loops": 4,
              "Plans": [
                {
                  "Node Type": "Seq Scan",
                  "Parent Relationship": "Outer",
                  "Parallel Aware": true,
                  "Relation Name": "movie_companies",
                  "Alias": "mc",
                  "Startup Cost": 0.0,
                  "Total Cost": 31414.82,
                  "Plan Rows": 280188,
                  "Plan Width": 0,
                  "Actual Startup Time": 0.023,
                  "Actual Total Time": 78.284,
                  "Actual Rows": 298422,
                  "Actual Loops": 4,
                  "Filter": "((company_id < 28238) AND (company_type_id < 2))",
                  "Rows Removed by Filter": 353860
                }
              ]
            }
          ]
        }
      ]
    },
    "Planning Time": 0.219,
    "Triggers": [],
    "Execution Time": 109.01
  }
]