[
  {
    "Plan": {
      "Node Type": "Aggregate",
      "Strategy": "Plain",
      "Partial Mode": "Simple",
      "Parallel Aware": false,
      "Startup Cost": 20411.76,
      "Total Cost": 20411.77,
      "Plan Rows": 1,
      "Plan Width": 8,
      "Actual Startup Time": 27.674,
      "Actual Total Time": 27.675,
      "Actual Rows": 1,
      "Actual Loops": 1,
      "Plans": [
        {
          "Node Type": "Bitmap Heap Scan",
          "Parent Relationship": "Outer",
          "Parallel Aware": false,
          "Relation Name": "movie_companies",
          "Alias": "mc",
          "Startup Cost": 760.24,
          "Total Cost": 20368.81,
          "Plan Rows": 17179,
          "Plan Width": 0,
          "Actual Startup Time": 5.629,
          "Actual Total Time": 23.936,
          "Actual Rows": 35517,
          "Actual Loops": 1,
          "Recheck Cond": "(company_id = 160)",
          "Rows Removed by Index Recheck": 0,
          "Filter": "(company_type_id = 1)",
          "Rows Removed by Filter": 619,
          "Exact Heap Blocks": 4319,
          "Lossy Heap Blocks": 0,
          "Plans": [
            {
              "Node Type": "Bitmap Index Scan",
              "Parent Relationship": "Outer",
              "Parallel Aware": false,
              "Index Name": "company_id_movie_companies",
              "Startup Cost": 0.0,
              "Total Cost": 755.95,
              "Plan Rows": 35136,
              "Plan Width": 0,
              "Actual Startup Time": 4.106,
              "Actual Total Time": 4.106,
              "Actual Rows": 36136,
              "Actual Loops": 1,
              "Index Cond": "(company_id = 160)"
            }
          ]
        }
      ]
    },
    "Planning Time": 0.194,
    "Triggers": [],
    "Execution Time": 27.729
  }
]