[
  {
    "Plan": {
      "Node Type": "Aggregate",
      "Strategy": "Plain",
      "Partial Mode": "Finalize",
      "Parallel Aware": false,
      "Startup Cost": 334556.35,
      "Total Cost": 334556.36,
      "Plan Rows": 1,
      "Plan Width": 8,
      "Actual Startup Time": 717.548,
      "Actual Total Time": 778.601,
      "Actual Rows": 1,
      "Actual Loops": 1,
      "Plans": [
        {
          "Node Type": "Gather",
          "Parent Relationship": "Outer",
          "Parallel Aware": false,
          "Startup Cost": 334555.72,
          "Total Cost": 334556.33,
          "Plan Rows": 6,
          "Plan Width": 8,
          "Actual Startup Time": 717.415,
          "Actual Total Time": 778.591,
          "Actual Rows": 7,
          "Actual Loops": 1,
          "Workers Planned": 6,
          "Workers Launched": 6,
          "Single Copy": false,
          "Plans": [
            {
              "Node Type": "Aggregate",
              "Strategy": "Plain",
              "Partial Mode": "Partial",
              "Parent Relationship": "Outer",
              "Parallel Aware": false,
              "Startup Cost": 333555.72,
              "Total Cost": 333555.73,
              "Plan Rows": 1,
              "Plan Width": 8,
              "Actual Startup Time": 709.192,
              "Actual Total Time": 709.193,
              "Actual Rows": 1,
              "Actual Loops": 7,
              "Plans": [
                {
                  "Node Type": "Seq Scan",
                  "Parent Relationship": "Outer",
                  "Parallel Aware": true,
                  "Relation Name": "cast_info",
                  "Alias": "ci",
                  "Startup Cost": 0.0,
                  "Total Cost": 328162.03,
                  "Plan Rows": 2157478,
                  "Plan Width": 0,
                  "Actual Startup Time": 279.962,
                  "Actual Total Time": 620.772,
                  "Actual Rows": 1843782,
                  "Actual Loops": 7,
                  "Filter": "(person_id > 2388041)",
                  "Rows Removed by Filter": 3333982
                }
              ]
            }
          ]
        }
      ]
    },
    "Planning Time": 0.188,
    "Triggers": [],
    "Execution Time": 778.672
  }
]