[
  {
    "Plan": {
      "Node Type": "Aggregate",
      "Strategy": "Plain",
      "Partial Mode": "Finalize",
      "Parallel Aware": false,
      "Startup Cost": 76360.07,
      "Total Cost": 76360.08,
      "Plan Rows": 1,
      "Plan Width": 8,
      "Actual Startup Time": 219.083,
      "Actual Total Time": 237.918,
      "Actual Rows": 1,
      "Actual Loops": 1,
      "Plans": [
        {
          "Node Type": "Gather",
          "Parent Relationship": "Outer",
          "Parallel Aware": false,
          "Startup Cost": 76359.76,
          "Total Cost": 76360.07,
          "Plan Rows": 3,
          "Plan Width": 8,
          "Actual Startup Time": 218.824,
          "Actual Total Time": 237.91,
          "Actual Rows": 4,
          "Actual Loops": 1,
          "Workers Planned": 3,
          "Workers Launched": 3,
          "Single Copy": false,
          "Plans": [
            {
              "Node Type": "Aggregate",
              "Strategy": "Plain",
              "Partial Mode": "Partial",
              "Parent Relationship": "Outer",
              "Parallel Aware": false,
              "Startup Cost": 75359.76,
              "Total Cost": 75359.77,
              "Plan Rows": 1,
              "Plan Width": 8,
              "Actual Startup Time": 209.693,
              "Actual Total Time": 209.697,
              "Actual Rows": 1,
              "Actual Loops": 4,
              "Plans": [
                {
                  "Node Type": "Hash Join",
                  "Parent Relationship": "Outer",
                  "Parallel Aware": true,
                  "Join Type": "Inner",
                  "Startup Cost": 45583.71,
                  "Total Cost": 75353.96,
                  "Plan Rows": 2318,
                  "Plan Width": 0,
                  "Actual Startup Time": 151.743,
                  "Actual Total Time": 209.433,
                  "Actual Rows": 3217,
                  "Actual Loops": 4,
                  "Inner Unique": true,
                  "Hash Cond": "(mc.movie_id = t.id)",
                  "Plans": [
                    {
                      "Node Type": "Seq Scan",
                      "Parent Relationship": "Outer",
                      "Parallel Aware": true,
                      "Relation Name": "movie_companies",
                      "Alias": "mc",
                      "Startup Cost": 0.0,
                      "Total Cost": 29310.68,
                      "Plan Rows": 175074,
                      "Plan Width": 4,
                      "Actual Startup Time": 35.658,
                      "Actual Total Time": 75.25,
                      "Actual Rows": 139009,
                      "Actual Loops": 4,
                      "Filter": "(company_id > 71738)",
                      "Rows Removed by Filter": 513273
                    },
                    {
                      "Node Type": "Hash",
                      "Parent Relationship": "Inner",
                      "Parallel Aware": true,
                      "Startup Cost": 45479.1,
                      "Total Cost": 45479.1,
                      "Plan Rows": 8369,
                      "Plan Width": 4,
                      "Actual Startup Time": 114.255,
                      "Actual Total Time": 114.256,
                      "Actual Rows": 7028,
                      "Actual Loops": 4,
                      "Hash Buckets": 65536,
                      "Original Hash Buckets": 65536,
                      "Hash Batches": 1,
                      "Original Hash Batches": 1,
                      "Peak Memory Usage": 1664,
                      "Plans": [
                        {
                          "Node Type": "Seq Scan",
                          "Parent Relationship": "Outer",
                          "Parallel Aware": true,
                          "Relation Name": "title",
                          "Alias": "t",
                          "Startup Cost": 0.0,
                          "Total Cost": 45479.1,
                          "Plan Rows": 8369,
                          "Plan Width": 4,
                          "Actual Startup Time": 0.227,
                          "Actual Total Time": 110.649,
                          "Actual Rows": 7028,
                          "Actual Loops": 4,
                          "Filter": "((kind_id < 7) AND (production_year = 2004))",
                          "Rows Removed by Filter": 625050
                        }
                      ]
                    }
                  ]
                }
              ]
            }
          ]
        }
      ]
    },
    "Planning Time": 0.66,
    "Triggers": [],
    "Execution Time": 237.989
  }
]