{
  "Plan": {
    "Node Type": "Aggregate",
    "Strategy": "Plain",
    "Partial Mode": "Finalize",
    "Parallel Aware": false,
    "Startup Cost": 321131.34,
    "Total Cost": 321131.35,
    "Plan Rows": 1,
    "Plan Width": 8,
    "Actual Startup Time": 2300.423,
    "Actual Total Time": 2327.688,
    "Actual Rows": 1,
    "Actual Loops": 1,
    "Plans": [
      {
        "Node Type": "Gather",
        "Parent Relationship": "Outer",
        "Parallel Aware": false,
        "Startup Cost": 321131.23,
        "Total Cost": 321131.34,
        "Plan Rows": 1,
        "Plan Width": 8,
        "Actual Startup Time": 2298.044,
        "Actual Total Time": 2327.68,
        "Actual Rows": 2,
        "Actual Loops": 1,
        "Workers Planned": 1,
        "Workers Launched": 1,
        "Single Copy": false,
        "Plans": [
          {
            "Node Type": "Aggregate",
            "Strategy": "Plain",
            "Partial Mode": "Partial",
            "Parent Relationship": "Outer",
            "Parallel Aware": false,
            "Startup Cost": 320131.23,
            "Total Cost": 320131.24,
            "Plan Rows": 1,
            "Plan Width": 8,
            "Actual Startup Time": 2292.792,
            "Actual Total Time": 2292.795,
            "Actual Rows": 1,
            "Actual Loops": 2,
            "Plans": [
              {
                "Node Type": "Hash Join",
                "Parent Relationship": "Outer",
                "Parallel Aware": true,
                "Join Type": "Inner",
                "Startup Cost": 67363.56,
                "Total Cost": 315033.41,
                "Plan Rows": 2039129,
                "Plan Width": 0,
                "Actual Startup Time": 354.294,
                "Actual Total Time": 2215.837,
                "Actual Rows": 1788322,
                "Actual Loops": 2,
                "Inner Unique": true,
                "Hash Cond": "(ci.movie_id = t.id)",
                "Plans": [
                  {
                    "Node Type": "Index Scan",
                    "Parent Relationship": "Outer",
                    "Parallel Aware": true,
                    "Scan Direction": "Forward",
                    "Index Name": "role_id_cast_info",
                    "Relation Name": "cast_info",
                    "Alias": "ci",
                    "Startup Cost": 0.56,
                    "Total Cost": 236682.84,
                    "Plan Rows": 4185736,
                    "Plan Width": 4,
                    "Actual Startup Time": 0.133,
                    "Actual Total Time": 618.543,
                    "Actual Rows": 3725903,
                    "Actual Loops": 2,
                    "Index Cond": "(role_id = 2)",
                    "Rows Removed by Index Recheck": 0,
                    "Filter": "(person_id > 125492)",
                    "Rows Removed by Filter": 84
                  },
                  {
                    "Node Type": "Hash",
                    "Parent Relationship": "Inner",
                    "Parallel Aware": true,
                    "Startup Cost": 58306.47,
                    "Total Cost": 58306.47,
                    "Plan Rows": 724522,
                    "Plan Width": 4,
                    "Actual Startup Time": 343.896,
                    "Actual Total Time": 343.898,
                    "Actual Rows": 598687,
                    "Actual Loops": 2,
                    "Hash Buckets": 2097152,
                    "Original Hash Buckets": 2097152,
                    "Hash Batches": 1,
                    "Original Hash Batches": 1,
                    "Peak Memory Usage": 63232,
                    "Plans": [
                      {
                        "Node Type": "Seq Scan",
                        "Parent Relationship": "Outer",
                        "Parallel Aware": true,
                        "Relation Name": "title",
                        "Alias": "t",
                        "Startup Cost": 0.0,
                        "Total Cost": 58306.47,
                        "Plan Rows": 724522,
                        "Plan Width": 4,
                        "Actual Startup Time": 0.024,
                        "Actual Total Time": 167.641,
                        "Actual Rows": 598687,
                        "Actual Loops": 2,
                        "Filter": "((kind_id > 1) AND (production_year < 2008))",
                        "Rows Removed by Filter": 665469
                      }
                    ]
                  }
                ]
              }
            ]
          }
        ]
      }
    ]
  },
  "Planning Time": 0.355,
  "Triggers": [],
  "Execution Time": 2327.741
}