[
  {
    "Plan": {
      "Node Type": "Aggregate",
      "Strategy": "Plain",
      "Partial Mode": "Finalize",
      "Parallel Aware": false,
      "Startup Cost": 353262.43,
      "Total Cost": 353262.44,
      "Plan Rows": 1,
      "Plan Width": 8,
      "Actual Startup Time": 880.398,
      "Actual Total Time": 938.375,
      "Actual Rows": 1,
      "Actual Loops": 1,
      "Plans": [
        {
          "Node Type": "Gather",
          "Parent Relationship": "Outer",
          "Parallel Aware": false,
          "Startup Cost": 353261.8,
          "Total Cost": 353262.41,
          "Plan Rows": 6,
          "Plan Width": 8,
          "Actual Startup Time": 880.169,
          "Actual Total Time": 938.357,
          "Actual Rows": 7,
          "Actual Loops": 1,
          "Workers Planned": 6,
          "Workers Launched": 6,
          "Single Copy": false,
          "Plans": [
            {
              "Node Type": "Aggregate",
              "Strategy": "Plain",
              "Partial Mode": "Partial",
              "Parent Relationship": "Outer",
              "Parallel Aware": false,
              "Startup Cost": 352261.8,
              "Total Cost": 352261.82,
              "Plan Rows": 1,
              "Plan Width": 8,
              "Actual Startup Time": 869.284,
              "Actual Total Time": 869.286,
              "Actual Rows": 1,
              "Actual Loops": 7,
              "Plans": [
                {
                  "Node Type": "Seq Scan",
                  "Parent Relationship": "Outer",
                  "Parallel Aware": true,
                  "Relation Name": "cast_info",
                  "Alias": "ci",
                  "Startup Cost": 0.0,
                  "Total Cost": 343316.27,
                  "Plan Rows": 3578214,
                  "Plan Width": 0,
                  "Actual Startup Time": 0.07,
                  "Actual Total Time": 723.657,
                  "Actual Rows": 3447243,
                  "Actual Loops": 7,
                  "Filter": "((person_id < 3328182) AND (role_id < 4))",
                  "Rows Removed by Filter": 1730521
                }
              ]
            }
          ]
        }
      ]
    },
    "Planning Time": 0.241,
    "Triggers": [],
    "Execution Time": 938.454
  }
]