[
  {
    "Plan": {
      "Node Type": "Aggregate",
      "Strategy": "Plain",
      "Partial Mode": "Finalize",
      "Parallel Aware": false,
      "Startup Cost": 45724.3,
      "Total Cost": 45724.31,
      "Plan Rows": 1,
      "Plan Width": 8,
      "Actual Startup Time": 136.295,
      "Actual Total Time": 146.926,
      "Actual Rows": 1,
      "Actual Loops": 1,
      "Plans": [
        {
          "Node Type": "Gather",
          "Parent Relationship": "Outer",
          "Parallel Aware": false,
          "Startup Cost": 45723.98,
          "Total Cost": 45724.29,
          "Plan Rows": 3,
          "Plan Width": 8,
          "Actual Startup Time": 136.144,
          "Actual Total Time": 146.916,
          "Actual Rows": 4,
          "Actual Loops": 1,
          "Workers Planned": 3,
          "Workers Launched": 3,
          "Single Copy": false,
          "Plans": [
            {
              "Node Type": "Aggregate",
              "Strategy": "Plain",
              "Partial Mode": "Partial",
              "Parent Relationship": "Outer",
              "Parallel Aware": false,
              "Startup Cost": 44723.98,
              "Total Cost": 44723.99,
              "Plan Rows": 1,
              "Plan Width": 8,
              "Actual Startup Time": 132.182,
              "Actual Total Time": 132.184,
              "Actual Rows": 1,
              "Actual Loops": 4,
              "Plans": [
                {
                  "Node Type": "Seq Scan",
                  "Parent Relationship": "Outer",
                  "Parallel Aware": true,
                  "Relation Name": "movie_keyword",
                  "Alias": "mk",
                  "Startup Cost": 0.0,
                  "Total Cost": 42695.65,
                  "Plan Rows": 811331,
                  "Plan Width": 0,
                  "Actual Startup Time": 0.035,
                  "Actual Total Time": 106.641,
                  "Actual Rows": 632470,
                  "Actual Loops": 4,
                  "Filter": "(keyword_id < 6284)",
                  "Rows Removed by Filter": 498512
                }
              ]
            }
          ]
        }
      ]
    },
    "Planning Time": 0.086,
    "Triggers": [],
    "Execution Time": 146.965
  }
]