[
  {
    "Plan": {
      "Node Type": "Aggregate",
      "Strategy": "Plain",
      "Partial Mode": "Finalize",
      "Parallel Aware": false,
      "Startup Cost": 105140.86,
      "Total Cost": 105140.87,
      "Plan Rows": 1,
      "Plan Width": 8,
      "Actual Startup Time": 207.433,
      "Actual Total Time": 220.844,
      "Actual Rows": 1,
      "Actual Loops": 1,
      "Plans": [
        {
          "Node Type": "Gather",
          "Parent Relationship": "Outer",
          "Parallel Aware": false,
          "Startup Cost": 105140.54,
          "Total Cost": 105140.85,
          "Plan Rows": 3,
          "Plan Width": 8,
          "Actual Startup Time": 206.936,
          "Actual Total Time": 220.835,
          "Actual Rows": 4,
          "Actual Loops": 1,
          "Workers Planned": 3,
          "Workers Launched": 3,
          "Single Copy": false,
          "Plans": [
            {
              "Node Type": "Aggregate",
              "Strategy": "Plain",
              "Partial Mode": "Partial",
              "Parent Relationship": "Outer",
              "Parallel Aware": false,
              "Startup Cost": 104140.54,
              "Total Cost": 104140.55,
              "Plan Rows": 1,
              "Plan Width": 8,
              "Actual Startup Time": 199.806,
              "Actual Total Time": 199.81,
              "Actual Rows": 1,
              "Actual Loops": 4,
              "Plans": [
                {
                  "Node Type": "Nested Loop",
                  "Parent Relationship": "Outer",
                  "Parallel Aware": false,
                  "Join Type": "Inner",
                  "Startup Cost": 39019.22,
                  "Total Cost": 104066.61,
                  "Plan Rows": 29571,
                  "Plan Width": 0,
                  "Actual Startup Time": 100.838,
                  "Actual Total Time": 196.834,
                  "Actual Rows": 66706,
                  "Actual Loops": 4,
                  "Inner Unique": false,
                  "Join Filter": "(t.id = mk.movie_id)",
                  "Rows Removed by Join Filter": 0,
                  "Plans": [
                    {
                      "Node Type": "Hash Join",
                      "Parent Relationship": "Outer",
                      "Parallel Aware": true,
                      "Join Type": "Inner",
                      "Startup Cost": 39018.79,
                      "Total Cost": 71363.67,
                      "Plan Rows": 16527,
                      "Plan Width": 8,
                      "Actual Startup Time": 100.701,
                      "Actual Total Time": 138.741,
                      "Actual Rows": 10850,
                      "Actual Loops": 4,
                      "Inner Unique": true,
                      "Hash Cond": "(mc.movie_id = t.id)",
                      "Plans": [
                        {
                          "Node Type": "Seq Scan",
                          "Parent Relationship": "Outer",
                          "Parallel Aware": true,
                          "Relation Name": "movie_companies",
                          "Alias": "mc",
                          "Startup Cost": 0.0,
                          "Total Cost": 31414.82,
                          "Plan Rows": 354310,
                          "Plan Width": 4,
                          "Actual Startup Time": 29.363,
                          "Actual Total Time": 63.874,
                          "Actual Rows": 218882,
                          "Actual Loops": 4,
                          "Filter": "((company_id < 76658) AND (company_type_id > 1))",
                          "Rows Removed by Filter": 433400
                        },
                        {
                          "Node Type": "Hash",
                          "Parent Relationship": "Inner",
                          "Parallel Aware": true,
                          "Startup Cost": 38650.22,
                          "Total Cost": 38650.22,
                          "Plan Rows": 29486,
                          "Plan Width": 4,
                          "Actual Startup Time": 44.693,
                          "Actual Total Time": 44.694,
                          "Actual Rows": 29480,
                          "Actual Loops": 4,
                          "Hash Buckets": 131072,
                          "Original Hash Buckets": 131072,
                          "Hash Batches": 1,
                          "Original Hash Batches": 1,
                          "Peak Memory Usage": 5664,
                          "Plans": [
                            {
                              "Node Type": "Bitmap Heap Scan",
                              "Parent Relationship": "Outer",
                              "Parallel Aware": true,
                              "Relation Name": "title",
                              "Alias": "t",
                              "Startup Cost": 2196.78,
                              "Total Cost": 38650.22,
                              "Plan Rows": 29486,
                              "Plan Width": 4,
                              "Actual Startup Time": 2.64,
                              "Actual Total Time": 33.581,
                              "Actual Rows": 29480,
                              "Actual Loops": 4,
                              "Recheck Cond": "(kind_id = 4)",
                              "Rows Removed by Index Recheck": 0,
                              "Filter": "(production_year > 0)",
                              "Rows Removed by Filter": 78,
                              "Exact Heap Blocks": 5885,
                              "Lossy Heap Blocks": 0,
                              "Plans": [
                                {
                                  "Node Type": "Bitmap Index Scan",
                                  "Parent Relationship": "Outer",
                                  "Parallel Aware": false,
                                  "Index Name": "kind_id_title",
                                  "Startup Cost": 0.0,
                                  "Total Cost": 2167.3,
                                  "Plan Rows": 121449,
                                  "Plan Width": 0,
                                  "Actual Startup Time": 6.13,
                                  "Actual Total Time": 6.13,
                                  "Actual Rows": 118234,
                                  "Actual Loops": 1,
                                  "Index Cond": "(kind_id = 4)"
                                }
                              ]
                            }
                          ]
                        }
                      ]
                    },
                    {
                      "Node Type": "Index Only Scan",
                      "Parent Relationship": "Inner",
                      "Parallel Aware": false,
                      "Scan Direction": "Forward",
                      "Index Name": "movie_id_movie_keyword",
                      "Relation Name": "movie_keyword",
                      "Alias": "mk",
                      "Startup Cost": 0.43,
                      "Total Cost": 1.4,
                      "Plan Rows": 46,
                      "Plan Width": 4,
                      "Actual Startup Time": 0.004,
                      "Actual Total Time": 0.005,
                      "Actual Rows": 6,
                      "Actual Loops": 43402,
                      "Index Cond": "(movie_id = mc.movie_id)",
                      "Rows Removed by Index Recheck": 0,
                      "Heap Fetches": 266823
                    }
                  ]
                }
              ]
            }
          ]
        }
      ]
    },
    "Planning Time": 0.502,
    "Triggers": [],
    "Execution Time": 220.9
  }
]