[
  {
    "Plan": {
      "Node Type": "Aggregate",
      "Strategy": "Plain",
      "Partial Mode": "Finalize",
      "Parallel Aware": false,
      "Startup Cost": 7458.49,
      "Total Cost": 7458.5,
      "Plan Rows": 1,
      "Plan Width": 8,
      "Actual Startup Time": 20.674,
      "Actual Total Time": 24.159,
      "Actual Rows": 1,
      "Actual Loops": 1,
      "Plans": [
        {
          "Node Type": "Gather",
          "Parent Relationship": "Outer",
          "Parallel Aware": false,
          "Startup Cost": 7458.28,
          "Total Cost": 7458.49,
          "Plan Rows": 2,
          "Plan Width": 8,
          "Actual Startup Time": 20.59,
          "Actual Total Time": 24.154,
          "Actual Rows": 3,
          "Actual Loops": 1,
          "Workers Planned": 2,
          "Workers Launched": 2,
          "Single Copy": false,
          "Plans": [
            {
              "Node Type": "Aggregate",
              "Strategy": "Plain",
              "Partial Mode": "Partial",
              "Parent Relationship": "Outer",
              "Parallel Aware": false,
              "Startup Cost": 6458.28,
              "Total Cost": 6458.29,
              "Plan Rows": 1,
              "Plan Width": 8,
              "Actual Startup Time": 17.925,
              "Actual Total Time": 17.925,
              "Actual Rows": 1,
              "Actual Loops": 3,
              "Plans": [
                {
                  "Node Type": "Index Scan",
                  "Parent Relationship": "Outer",
                  "Parallel Aware": true,
                  "Scan Direction": "Forward",
                  "Index Name": "role_id_cast_info",
                  "Relation Name": "cast_info",
                  "Alias": "ci",
                  "Startup Cost": 0.56,
                  "Total Cost": 6381.34,
                  "Plan Rows": 30776,
                  "Plan Width": 0,
                  "Actual Startup Time": 0.068,
                  "Actual Total Time": 17.605,
                  "Actual Rows": 5386,
                  "Actual Loops": 3,
                  "Index Cond": "(role_id = 7)",
                  "Rows Removed by Index Recheck": 0,
                  "Filter": "(person_id < 1253631)",
                  "Rows Removed by Filter": 86748
                }
              ]
            }
          ]
        }
      ]
    },
    "Planning Time": 0.107,
    "Triggers": [],
    "Execution Time": 24.189
  }
]