[
  {
    "Plan": {
      "Node Type": "Aggregate",
      "Strategy": "Plain",
      "Partial Mode": "Finalize",
      "Parallel Aware": false,
      "Startup Cost": 120013.83,
      "Total Cost": 120013.84,
      "Plan Rows": 1,
      "Plan Width": 8,
      "Actual Startup Time": 218.822,
      "Actual Total Time": 241.727,
      "Actual Rows": 1,
      "Actual Loops": 1,
      "Plans": [
        {
          "Node Type": "Gather",
          "Parent Relationship": "Outer",
          "Parallel Aware": false,
          "Startup Cost": 120013.31,
          "Total Cost": 120013.82,
          "Plan Rows": 5,
          "Plan Width": 8,
          "Actual Startup Time": 218.593,
          "Actual Total Time": 241.717,
          "Actual Rows": 6,
          "Actual Loops": 1,
          "Workers Planned": 5,
          "Workers Launched": 5,
          "Single Copy": false,
          "Plans": [
            {
              "Node Type": "Aggregate",
              "Strategy": "Plain",
              "Partial Mode": "Partial",
              "Parent Relationship": "Outer",
              "Parallel Aware": false,
              "Startup Cost": 119013.31,
              "Total Cost": 119013.32,
              "Plan Rows": 1,
              "Plan Width": 8,
              "Actual Startup Time": 209.26,
              "Actual Total Time": 209.263,
              "Actual Rows": 1,
              "Actual Loops": 6,
              "Plans": [
                {
                  "Node Type": "Hash Join",
                  "Parent Relationship": "Outer",
                  "Parallel Aware": true,
                  "Join Type": "Inner",
                  "Startup Cost": 45510.05,
                  "Total Cost": 119011.18,
                  "Plan Rows": 849,
                  "Plan Width": 0,
                  "Actual Startup Time": 83.314,
                  "Actual Total Time": 209.163,
                  "Actual Rows": 854,
                  "Actual Loops": 6,
                  "Inner Unique": true,
                  "Hash Cond": "(ci.movie_id = t.id)",
                  "Plans": [
                    {
                      "Node Type": "Index Scan",
                      "Parent Relationship": "Outer",
                      "Parallel Aware": true,
                      "Scan Direction": "Forward",
                      "Index Name": "role_id_cast_info",
                      "Relation Name": "cast_info",
                      "Alias": "ci",
                      "Startup Cost": 0.56,
                      "Total Cost": 72913.16,
                      "Plan Rows": 224207,
                      "Plan Width": 4,
                      "Actual Startup Time": 0.167,
                      "Actual Total Time": 100.851,
                      "Actual Rows": 235325,
                      "Actual Loops": 6,
                      "Index Cond": "(role_id = 4)",
                      "Rows Removed by Index Recheck": 0,
                      "Filter": "(person_id > 2158838)",
                      "Rows Removed by Filter": 219499
                    },
                    {
                      "Node Type": "Hash",
                      "Parent Relationship": "Inner",
                      "Parallel Aware": true,
                      "Startup Cost": 45479.59,
                      "Total Cost": 45479.59,
                      "Plan Rows": 2392,
                      "Plan Width": 4,
                      "Actual Startup Time": 81.634,
                      "Actual Total Time": 81.635,
                      "Actual Rows": 1755,
                      "Actual Loops": 6,
                      "Hash Buckets": 16384,
                      "Original Hash Buckets": 16384,
                      "Hash Batches": 1,
                      "Original Hash Batches": 1,
                      "Peak Memory Usage": 672,
                      "Plans": [
                        {
                          "Node Type": "Seq Scan",
                          "Parent Relationship": "Outer",
                          "Parallel Aware": true,
                          "Relation Name": "title",
                          "Alias": "t",
                          "Startup Cost": 0.0,
                          "Total Cost": 45479.59,
                          "Plan Rows": 2392,
                          "Plan Width": 4,
                          "Actual Startup Time": 1.548,
                          "Actual Total Time": 80.579,
                          "Actual Rows": 1755,
                          "Actual Loops": 6,
                          "Filter": "((kind_id < 7) AND (production_year = 1993))",
                          "Rows Removed by Filter": 419631
                        }
                      ]
                    }
                  ]
                }
              ]
            }
          ]
        }
      ]
    },
    "Planning Time": 0.412,
    "Triggers": [],
    "Execution Time": 241.782
  }
]