[
  {
    "Plan": {
      "Node Type": "Aggregate",
      "Strategy": "Plain",
      "Partial Mode": "Finalize",
      "Parallel Aware": false,
      "Startup Cost": 31023.62,
      "Total Cost": 31023.63,
      "Plan Rows": 1,
      "Plan Width": 8,
      "Actual Startup Time": 96.204,
      "Actual Total Time": 103.972,
      "Actual Rows": 1,
      "Actual Loops": 1,
      "Plans": [
        {
          "Node Type": "Gather",
          "Parent Relationship": "Outer",
          "Parallel Aware": false,
          "Startup Cost": 31023.3,
          "Total Cost": 31023.61,
          "Plan Rows": 3,
          "Plan Width": 8,
          "Actual Startup Time": 96.103,
          "Actual Total Time": 103.964,
          "Actual Rows": 4,
          "Actual Loops": 1,
          "Workers Planned": 3,
          "Workers Launched": 3,
          "Single Copy": false,
          "Plans": [
            {
              "Node Type": "Aggregate",
              "Strategy": "Plain",
              "Partial Mode": "Partial",
              "Parent Relationship": "Outer",
              "Parallel Aware": false,
              "Startup Cost": 30023.3,
              "Total Cost": 30023.31,
              "Plan Rows": 1,
              "Plan Width": 8,
              "Actual Startup Time": 87.981,
              "Actual Total Time": 87.982,
              "Actual Rows": 1,
              "Actual Loops": 4,
              "Plans": [
                {
                  "Node Type": "Seq Scan",
                  "Parent Relationship": "Outer",
                  "Parallel Aware": true,
                  "Relation Name": "movie_companies",
                  "Alias": "mc",
                  "Startup Cost": 0.0,
                  "Total Cost": 29310.68,
                  "Plan Rows": 285048,
                  "Plan Width": 0,
                  "Actual Startup Time": 0.047,
                  "Actual Total Time": 74.073,
                  "Actual Rows": 219456,
                  "Actual Loops": 4,
                  "Filter": "(company_id < 2609)",
                  "Rows Removed by Filter": 432826
                }
              ]
            }
          ]
        }
      ]
    },
    "Planning Time": 0.135,
    "Triggers": [],
    "Execution Time": 104.013
  }
]