[
  {
    "Plan": {
      "Node Type": "Aggregate",
      "Strategy": "Plain",
      "Partial Mode": "Finalize",
      "Parallel Aware": false,
      "Startup Cost": 33307.89,
      "Total Cost": 33307.9,
      "Plan Rows": 1,
      "Plan Width": 8,
      "Actual Startup Time": 114.464,
      "Actual Total Time": 120.697,
      "Actual Rows": 1,
      "Actual Loops": 1,
      "Plans": [
        {
          "Node Type": "Gather",
          "Parent Relationship": "Outer",
          "Parallel Aware": false,
          "Startup Cost": 33307.58,
          "Total Cost": 33307.89,
          "Plan Rows": 3,
          "Plan Width": 8,
          "Actual Startup Time": 114.311,
          "Actual Total Time": 120.689,
          "Actual Rows": 4,
          "Actual Loops": 1,
          "Workers Planned": 3,
          "Workers Launched": 3,
          "Single Copy": false,
          "Plans": [
            {
              "Node Type": "Aggregate",
              "Strategy": "Plain",
              "Partial Mode": "Partial",
              "Parent Relationship": "Outer",
              "Parallel Aware": false,
              "Startup Cost": 32307.58,
              "Total Cost": 32307.59,
              "Plan Rows": 1,
              "Plan Width": 8,
              "Actual Startup Time": 105.639,
              "Actual Total Time": 105.64,
              "Actual Rows": 1,
              "Actual Loops": 4,
              "Plans": [
                {
                  "Node Type": "Seq Scan",
                  "Parent Relationship": "Outer",
                  "Parallel Aware": true,
                  "Relation Name": "movie_companies",
                  "Alias": "mc",
                  "Startup Cost": 0.0,
                  "Total Cost": 31414.82,
                  "Plan Rows": 357103,
                  "Plan Width": 0,
                  "Actual Startup Time": 51.316,
                  "Actual Total Time": 91.462,
                  "Actual Rows": 307924,
                  "Actual Loops": 4,
                  "Filter": "((company_id > 312) AND (company_type_id = 2))",
                  "Rows Removed by Filter": 344358
                }
              ]
            }
          ]
        }
      ]
    },
    "Planning Time": 0.222,
    "Triggers": [],
    "Execution Time": 120.759
  }
]