[
  {
    "Plan": {
      "Node Type": "Aggregate",
      "Strategy": "Plain",
      "Partial Mode": "Finalize",
      "Parallel Aware": false,
      "Startup Cost": 188758.53,
      "Total Cost": 188758.54,
      "Plan Rows": 1,
      "Plan Width": 8,
      "Actual Startup Time": 115.531,
      "Actual Total Time": 131.427,
      "Actual Rows": 1,
      "Actual Loops": 1,
      "Plans": [
        {
          "Node Type": "Gather",
          "Parent Relationship": "Outer",
          "Parallel Aware": false,
          "Startup Cost": 188758.11,
          "Total Cost": 188758.52,
          "Plan Rows": 4,
          "Plan Width": 8,
          "Actual Startup Time": 115.399,
          "Actual Total Time": 131.419,
          "Actual Rows": 5,
          "Actual Loops": 1,
          "Workers Planned": 4,
          "Workers Launched": 4,
          "Single Copy": false,
          "Plans": [
            {
              "Node Type": "Aggregate",
              "Strategy": "Plain",
              "Partial Mode": "Partial",
              "Parent Relationship": "Outer",
              "Parallel Aware": false,
              "Startup Cost": 187758.11,
              "Total Cost": 187758.12,
              "Plan Rows": 1,
              "Plan Width": 8,
              "Actual Startup Time": 105.76,
              "Actual Total Time": 105.761,
              "Actual Rows": 1,
              "Actual Loops": 5,
              "Plans": [
                {
                  "Node Type": "Nested Loop",
                  "Parent Relationship": "Outer",
                  "Parallel Aware": false,
                  "Join Type": "Inner",
                  "Startup Cost": 0.43,
                  "Total Cost": 187756.23,
                  "Plan Rows": 752,
                  "Plan Width": 0,
                  "Actual Startup Time": 1.124,
                  "Actual Total Time": 105.554,
                  "Actual Rows": 2108,
                  "Actual Loops": 5,
                  "Inner Unique": false,
                  "Plans": [
                    {
                      "Node Type": "Seq Scan",
                      "Parent Relationship": "Outer",
                      "Parallel Aware": true,
                      "Relation Name": "title",
                      "Alias": "t",
                      "Startup Cost": 0.0,
                      "Total Cost": 45479.1,
                      "Plan Rows": 1414,
                      "Plan Width": 4,
                      "Actual Startup Time": 0.353,
                      "Actual Total Time": 79.038,
                      "Actual Rows": 1288,
                      "Actual Loops": 5,
                      "Filter": "((kind_id > 1) AND (production_year = 1957))",
                      "Rows Removed by Filter": 504374
                    },
                    {
                      "Node Type": "Index Scan",
                      "Parent Relationship": "Inner",
                      "Parallel Aware": false,
                      "Scan Direction": "Forward",
                      "Index Name": "movie_id_movie_info",
                      "Relation Name": "movie_info",
                      "Alias": "mi",
                      "Startup Cost": 0.43,
                      "Total Cost": 100.58,
                      "Plan Rows": 4,
                      "Plan Width": 4,
                      "Actual Startup Time": 0.015,
                      "Actual Total Time": 0.02,
                      "Actual Rows": 2,
                      "Actual Loops": 6441,
                      "Index Cond": "(movie_id = t.id)",
                      "Rows Removed by Index Recheck": 0,
                      "Filter": "(info_type_id = 7)",
                      "Rows Removed by Filter": 4
                    }
                  ]
                }
              ]
            }
          ]
        }
      ]
    },
    "Planning Time": 0.703,
    "Triggers": [],
    "Execution Time": 131.503
  }
]