[
  {
    "Plan": {
      "Node Type": "Aggregate",
      "Strategy": "Plain",
      "Partial Mode": "Finalize",
      "Parallel Aware": false,
      "Startup Cost": 45145.29,
      "Total Cost": 45145.3,
      "Plan Rows": 1,
      "Plan Width": 8,
      "Actual Startup Time": 124.053,
      "Actual Total Time": 135.173,
      "Actual Rows": 1,
      "Actual Loops": 1,
      "Plans": [
        {
          "Node Type": "Gather",
          "Parent Relationship": "Outer",
          "Parallel Aware": false,
          "Startup Cost": 45144.87,
          "Total Cost": 45145.28,
          "Plan Rows": 4,
          "Plan Width": 8,
          "Actual Startup Time": 123.591,
          "Actual Total Time": 135.162,
          "Actual Rows": 5,
          "Actual Loops": 1,
          "Workers Planned": 4,
          "Workers Launched": 4,
          "Single Copy": false,
          "Plans": [
            {
              "Node Type": "Aggregate",
              "Strategy": "Plain",
              "Partial Mode": "Partial",
              "Parent Relationship": "Outer",
              "Parallel Aware": false,
              "Startup Cost": 44144.87,
              "Total Cost": 44144.88,
              "Plan Rows": 1,
              "Plan Width": 8,
              "Actual Startup Time": 116.603,
              "Actual Total Time": 116.605,
              "Actual Rows": 1,
              "Actual Loops": 5,
              "Plans": [
                {
                  "Node Type": "Seq Scan",
                  "Parent Relationship": "Outer",
                  "Parallel Aware": true,
                  "Relation Name": "title",
                  "Alias": "t",
                  "Startup Cost": 0.0,
                  "Total Cost": 43899.32,
                  "Plan Rows": 98220,
                  "Plan Width": 0,
                  "Actual Startup Time": 0.044,
                  "Actual Total Time": 111.959,
                  "Actual Rows": 81899,
                  "Actual Loops": 5,
                  "Filter": "(production_year < 1973)",
                  "Rows Removed by Filter": 423763
                }
              ]
            }
          ]
        }
      ]
    },
    "Planning Time": 0.119,
    "Triggers": [],
    "Execution Time": 135.221
  }
]