{
  "Plan": {
    "Node Type": "Aggregate",
    "Strategy": "Plain",
    "Partial Mode": "Finalize",
    "Parallel Aware": false,
    "Startup Cost": 34529.49,
    "Total Cost": 34529.5,
    "Plan Rows": 1,
    "Plan Width": 8,
    "Actual Startup Time": 87.003,
    "Actual Total Time": 92.277,
    "Actual Rows": 1,
    "Actual Loops": 1,
    "Plans": [
      {
        "Node Type": "Gather",
        "Parent Relationship": "Outer",
        "Parallel Aware": false,
        "Startup Cost": 34529.37,
        "Total Cost": 34529.48,
        "Plan Rows": 1,
        "Plan Width": 8,
        "Actual Startup Time": 86.889,
        "Actual Total Time": 92.272,
        "Actual Rows": 2,
        "Actual Loops": 1,
        "Workers Planned": 1,
        "Workers Launched": 1,
        "Single Copy": false,
        "Plans": [
          {
            "Node Type": "Aggregate",
            "Strategy": "Plain",
            "Partial Mode": "Partial",
            "Parent Relationship": "Outer",
            "Parallel Aware": false,
            "Startup Cost": 33529.37,
            "Total Cost": 33529.38,
            "Plan Rows": 1,
            "Plan Width": 8,
            "Actual Startup Time": 80.923,
            "Actual Total Time": 80.926,
            "Actual Rows": 1,
            "Actual Loops": 2,
            "Plans": [
              {
                "Node Type": "Hash Join",
                "Parent Relationship": "Outer",
                "Parallel Aware": false,
                "Join Type": "Inner",
                "Startup Cost": 11065.52,
                "Total Cost": 33529.35,
                "Plan Rows": 8,
                "Plan Width": 0,
                "Actual Startup Time": 37.958,
                "Actual Total Time": 80.903,
                "Actual Rows": 148,
                "Actual Loops": 2,
                "Inner Unique": false,
                "Hash Cond": "(mc.movie_id = t.id)",
                "Plans": [
                  {
                    "Node Type": "Bitmap Heap Scan",
                    "Parent Relationship": "Outer",
                    "Parallel Aware": true,
                    "Relation Name": "movie_companies",
                    "Alias": "mc",
                    "Startup Cost": 8327.0,
                    "Total Cost": 29942.96,
                    "Plan Rows": 226077,
                    "Plan Width": 4,
                    "Actual Startup Time": 21.385,
                    "Actual Total Time": 57.426,
                    "Actual Rows": 195603,
                    "Actual Loops": 2,
                    "Recheck Cond": "(company_id > 83172)",
                    "Rows Removed by Index Recheck": 0,
                    "Exact Heap Blocks": 4435,
                    "Lossy Heap Blocks": 0,
                    "Plans": [
                      {
                        "Node Type": "Bitmap Index Scan",
                        "Parent Relationship": "Outer",
                        "Parallel Aware": false,
                        "Index Name": "company_id_movie_companies",
                        "Startup Cost": 0.0,
                        "Total Cost": 8230.91,
                        "Plan Rows": 384331,
                        "Plan Width": 0,
                        "Actual Startup Time": 31.53,
                        "Actual Total Time": 31.53,
                        "Actual Rows": 391206,
                        "Actual Loops": 1,
                        "Index Cond": "(company_id > 83172)"
                      }
                    ]
                  },
                  {
                    "Node Type": "Hash",
                    "Parent Relationship": "Inner",
                    "Parallel Aware": false,
                    "Startup Cost": 2737.4,
                    "Total Cost": 2737.4,
                    "Plan Rows": 90,
                    "Plan Width": 8,
                    "Actual Startup Time": 7.646,
                    "Actual Total Time": 7.648,
                    "Actual Rows": 260,
                    "Actual Loops": 2,
                    "Hash Buckets": 1024,
                    "Original Hash Buckets": 1024,
                    "Hash Batches": 1,
                    "Original Hash Batches": 1,
                    "Peak Memory Usage": 19,
                    "Plans": [
                      {
                        "Node Type": "Nested Loop",
                        "Parent Relationship": "Outer",
                        "Parallel Aware": false,
                        "Join Type": "Inner",
                        "Startup Cost": 6.64,
                        "Total Cost": 2737.4,
                        "Plan Rows": 90,
                        "Plan Width": 8,
                        "Actual Startup Time": 0.297,
                        "Actual Total Time": 7.401,
                        "Actual Rows": 260,
                        "Actual Loops": 2,
                        "Inner Unique": true,
                        "Plans": [
                          {
                            "Node Type": "Bitmap Heap Scan",
                            "Parent Relationship": "Outer",
                            "Parallel Aware": false,
                            "Relation Name": "movie_info_idx",
                            "Alias": "mi_idx",
                            "Startup Cost": 6.21,
                            "Total Cost": 801.9,
                            "Plan Rows": 230,
                            "Plan Width": 4,
                            "Actual Startup Time": 0.167,
                            "Actual Total Time": 0.266,
                            "Actual Rows": 260,
                            "Actual Loops": 2,
                            "Recheck Cond": "(info_type_id > 101)",
                            "Rows Removed by Index Recheck": 0,
                            "Exact Heap Blocks": 2,
                            "Lossy Heap Blocks": 0,
                            "Plans": [
                              {
                                "Node Type": "Bitmap Index Scan",
                                "Parent Relationship": "Outer",
                                "Parallel Aware": false,
                                "Index Name": "info_type_id_movie_info_idx",
                                "Startup Cost": 0.0,
                                "Total Cost": 6.15,
                                "Plan Rows": 230,
                                "Plan Width": 0,
                                "Actual Startup Time": 0.121,
                                "Actual Total Time": 0.122,
                                "Actual Rows": 260,
                                "Actual Loops": 2,
                                "Index Cond": "(info_type_id > 101)"
                              }
                            ]
                          },
                          {
                            "Node Type": "Index Scan",
                            "Parent Relationship": "Inner",
                            "Parallel Aware": false,
                            "Scan Direction": "Forward",
                            "Index Name": "title_pkey",
                            "Relation Name": "title",
                            "Alias": "t",
                            "Startup Cost": 0.43,
                            "Total Cost": 8.42,
                            "Plan Rows": 1,
                            "Plan Width": 4,
                            "Actual Startup Time": 0.026,
                            "Actual Total Time": 0.026,
                            "Actual Rows": 1,
                            "Actual Loops": 520,
                            "Index Cond": "(id = mi_idx.movie_id)",
                            "Rows Removed by Index Recheck": 0,
                            "Filter": "(kind_id < 7)",
                            "Rows Removed by Filter": 0
                          }
                        ]
                      }
                    ]
                  }
                ]
              }
            ]
          }
        ]
      }
    ]
  },
  "Planning Time": 0.805,
  "Triggers": [],
  "Execution Time": 92.38
}