[
    {
        "Bao": {
            "Bao prediction": 1264.459,
            "Bao recommended hint": "(no hint)"
        }
    },
    {
        "Plan": {
            "Node Type": "Aggregate",
            "Strategy": "Plain",
            "Partial Mode": "Finalize",
            "Parallel Aware": false,
            "Startup Cost": 446254.18,
            "Total Cost": 446254.19,
            "Plan Rows": 1,
            "Plan Width": 8,
            "Actual Startup Time": 4468.893,
            "Actual Total Time": 4495.473,
            "Actual Rows": 1,
            "Actual Loops": 1,
            "Output": [
                "count(*)"
            ],
            "Plans": [
                {
                    "Node Type": "Gather",
                    "Parent Relationship": "Outer",
                    "Parallel Aware": false,
                    "Startup Cost": 446253.55,
                    "Total Cost": 446254.16,
                    "Plan Rows": 6,
                    "Plan Width": 8,
                    "Actual Startup Time": 4455.763,
                    "Actual Total Time": 4495.451,
                    "Actual Rows": 7,
                    "Actual Loops": 1,
                    "Output": [
                        "(PARTIAL count(*))"
                    ],
                    "Workers Planned": 6,
                    "Workers Launched": 6,
                    "Single Copy": false,
                    "Plans": [
                        {
                            "Node Type": "Aggregate",
                            "Strategy": "Plain",
                            "Partial Mode": "Partial",
                            "Parent Relationship": "Outer",
                            "Parallel Aware": false,
                            "Startup Cost": 445253.55,
                            "Total Cost": 445253.56,
                            "Plan Rows": 1,
                            "Plan Width": 8,
                            "Actual Startup Time": 4439.173,
                            "Actual Total Time": 4439.647,
                            "Actual Rows": 1,
                            "Actual Loops": 7,
                            "Output": [
                                "PARTIAL count(*)"
                            ],
                            "Workers": [
                                {
                                    "Worker Number": 0,
                                    "Actual Startup Time": 4435.835,
                                    "Actual Total Time": 4435.84,
                                    "Actual Rows": 1,
                                    "Actual Loops": 1
                                },
                                {
                                    "Worker Number": 1,
                                    "Actual Startup Time": 4438.944,
                                    "Actual Total Time": 4438.949,
                                    "Actual Rows": 1,
                                    "Actual Loops": 1
                                },
                                {
                                    "Worker Number": 2,
                                    "Actual Startup Time": 4435.945,
                                    "Actual Total Time": 4435.949,
                                    "Actual Rows": 1,
                                    "Actual Loops": 1
                                },
                                {
                                    "Worker Number": 3,
                                    "Actual Startup Time": 4436.104,
                                    "Actual Total Time": 4436.109,
                                    "Actual Rows": 1,
                                    "Actual Loops": 1
                                },
                                {
                                    "Worker Number": 4,
                                    "Actual Startup Time": 4436.378,
                                    "Actual Total Time": 4436.383,
                                    "Actual Rows": 1,
                                    "Actual Loops": 1
                                },
                                {
                                    "Worker Number": 5,
                                    "Actual Startup Time": 4436.39,
                                    "Actual Total Time": 4436.395,
                                    "Actual Rows": 1,
                                    "Actual Loops": 1
                                }
                            ],
                            "Plans": [
                                {
                                    "Node Type": "Hash Join",
                                    "Parent Relationship": "Outer",
                                    "Parallel Aware": true,
                                    "Join Type": "Inner",
                                    "Startup Cost": 94907.83,
                                    "Total Cost": 441326.62,
                                    "Plan Rows": 1570774,
                                    "Plan Width": 0,
                                    "Actual Startup Time": 1008.554,
                                    "Actual Total Time": 3750.443,
                                    "Actual Rows": 13300186,
                                    "Actual Loops": 7,
                                    "Inner Unique": false,
                                    "Hash Cond": "(ci.movie_id = t.id)",
                                    "Workers": [
                                        {
                                            "Worker Number": 0,
                                            "Actual Startup Time": 1005.698,
                                            "Actual Total Time": 3746.854,
                                            "Actual Rows": 13354993,
                                            "Actual Loops": 1
                                        },
                                        {
                                            "Worker Number": 1,
                                            "Actual Startup Time": 1005.58,
                                            "Actual Total Time": 3759.552,
                                            "Actual Rows": 13226343,
                                            "Actual Loops": 1
                                        },
                                        {
                                            "Worker Number": 2,
                                            "Actual Startup Time": 1005.788,
                                            "Actual Total Time": 3744.454,
                                            "Actual Rows": 12950475,
                                            "Actual Loops": 1
                                        },
                                        {
                                            "Worker Number": 3,
                                            "Actual Startup Time": 1005.952,
                                            "Actual Total Time": 3751.473,
                                            "Actual Rows": 13815451,
                                            "Actual Loops": 1
                                        },
                                        {
                                            "Worker Number": 4,
                                            "Actual Startup Time": 1006.189,
                                            "Actual Total Time": 3746.869,
                                            "Actual Rows": 13266692,
                                            "Actual Loops": 1
                                        },
                                        {
                                            "Worker Number": 5,
                                            "Actual Startup Time": 1006.231,
                                            "Actual Total Time": 3741.245,
                                            "Actual Rows": 12853048,
                                            "Actual Loops": 1
                                        }
                                    ],
                                    "Plans": [
                                        {
                                            "Node Type": "Seq Scan",
                                            "Parent Relationship": "Outer",
                                            "Parallel Aware": true,
                                            "Relation Name": "cast_info",
                                            "Schema": "public",
                                            "Alias": "ci",
                                            "Startup Cost": 0.0,
                                            "Total Cost": 328213.62,
                                            "Plan Rows": 3503511,
                                            "Plan Width": 4,
                                            "Actual Startup Time": 235.412,
                                            "Actual Total Time": 782.958,
                                            "Actual Rows": 3007958,
                                            "Actual Loops": 7,
                                            "Output": [
                                                "ci.id",
                                                "ci.person_id",
                                                "ci.movie_id",
                                                "ci.person_role_id",
                                                "ci.note",
                                                "ci.nr_order",
                                                "ci.role_id"
                                            ],
                                            "Filter": "(ci.person_id > 1496660)",
                                            "Rows Removed by Filter": 2169805,
                                            "Workers": [
                                                {
                                                    "Worker Number": 0,
                                                    "Actual Startup Time": 235.5,
                                                    "Actual Total Time": 802.03,
                                                    "Actual Rows": 2977392,
                                                    "Actual Loops": 1
                                                },
                                                {
                                                    "Worker Number": 1,
                                                    "Actual Startup Time": 235.517,
                                                    "Actual Total Time": 801.748,
                                                    "Actual Rows": 2989911,
                                                    "Actual Loops": 1
                                                },
                                                {
                                                    "Worker Number": 2,
                                                    "Actual Startup Time": 235.388,
                                                    "Actual Total Time": 794.675,
                                                    "Actual Rows": 2923360,
                                                    "Actual Loops": 1
                                                },
                                                {
                                                    "Worker Number": 3,
                                                    "Actual Startup Time": 235.313,
                                                    "Actual Total Time": 797.961,
                                                    "Actual Rows": 3156214,
                                                    "Actual Loops": 1
                                                },
                                                {
                                                    "Worker Number": 4,
                                                    "Actual Startup Time": 235.317,
                                                    "Actual Total Time": 799.351,
                                                    "Actual Rows": 2923459,
                                                    "Actual Loops": 1
                                                },
                                                {
                                                    "Worker Number": 5,
                                                    "Actual Startup Time": 235.449,
                                                    "Actual Total Time": 792.564,
                                                    "Actual Rows": 2897031,
                                                    "Actual Loops": 1
                                                }
                                            ]
                                        },
                                        {
                                            "Node Type": "Hash",
                                            "Parent Relationship": "Inner",
                                            "Parallel Aware": true,
                                            "Startup Cost": 90337.04,
                                            "Total Cost": 90337.04,
                                            "Plan Rows": 365663,
                                            "Plan Width": 8,
                                            "Actual Startup Time": 767.538,
                                            "Actual Total Time": 768.011,
                                            "Actual Rows": 406993,
                                            "Actual Loops": 7,
                                            "Output": [
                                                "t.id",
                                                "mk.movie_id"
                                            ],
                                            "Hash Buckets": 4194304,
                                            "Original Hash Buckets": 2097152,
                                            "Hash Batches": 1,
                                            "Original Hash Batches": 1,
                                            "Peak Memory Usage": 160736,
                                            "Workers": [
                                                {
                                                    "Worker Number": 0,
                                                    "Actual Startup Time": 769.124,
                                                    "Actual Total Time": 769.127,
                                                    "Actual Rows": 411159,
                                                    "Actual Loops": 1
                                                },
                                                {
                                                    "Worker Number": 1,
                                                    "Actual Startup Time": 769.106,
                                                    "Actual Total Time": 769.109,
                                                    "Actual Rows": 400924,
                                                    "Actual Loops": 1
                                                },
                                                {
                                                    "Worker Number": 2,
                                                    "Actual Startup Time": 769.282,
                                                    "Actual Total Time": 769.286,
                                                    "Actual Rows": 385286,
                                                    "Actual Loops": 1
                                                },
                                                {
                                                    "Worker Number": 3,
                                                    "Actual Startup Time": 769.459,
                                                    "Actual Total Time": 769.463,
                                                    "Actual Rows": 412456,
                                                    "Actual Loops": 1
                                                },
                                                {
                                                    "Worker Number": 4,
                                                    "Actual Startup Time": 769.78,
                                                    "Actual Total Time": 769.784,
                                                    "Actual Rows": 407927,
                                                    "Actual Loops": 1
                                                },
                                                {
                                                    "Worker Number": 5,
                                                    "Actual Startup Time": 769.679,
                                                    "Actual Total Time": 769.682,
                                                    "Actual Rows": 401971,
                                                    "Actual Loops": 1
                                                }
                                            ],
                                            "Plans": [
                                                {
                                                    "Node Type": "Hash Join",
                                                    "Parent Relationship": "Outer",
                                                    "Parallel Aware": true,
                                                    "Join Type": "Inner",
                                                    "Startup Cost": 47458.96,
                                                    "Total Cost": 90337.04,
                                                    "Plan Rows": 365663,
                                                    "Plan Width": 8,
                                                    "Actual Startup Time": 224.378,
                                                    "Actual Total Time": 442.055,
                                                    "Actual Rows": 406993,
                                                    "Actual Loops": 7,
                                                    "Output": [
                                                        "t.id",
                                                        "mk.movie_id"
                                                    ],
                                                    "Inner Unique": true,
                                                    "Hash Cond": "(mk.movie_id = t.id)",
                                                    "Workers": [
                                                        {
                                                            "Worker Number": 0,
                                                            "Actual Startup Time": 224.344,
                                                            "Actual Total Time": 442.738,
                                                            "Actual Rows": 411159,
                                                            "Actual Loops": 1
                                                        },
                                                        {
                                                            "Worker Number": 1,
                                                            "Actual Startup Time": 224.343,
                                                            "Actual Total Time": 441.553,
                                                            "Actual Rows": 400924,
                                                            "Actual Loops": 1
                                                        },
                                                        {
                                                            "Worker Number": 2,
                                                            "Actual Startup Time": 224.341,
                                                            "Actual Total Time": 442.589,
                                                            "Actual Rows": 385286,
                                                            "Actual Loops": 1
                                                        },
                                                        {
                                                            "Worker Number": 3,
                                                            "Actual Startup Time": 224.346,
                                                            "Actual Total Time": 442.62,
                                                            "Actual Rows": 412456,
                                                            "Actual Loops": 1
                                                        },
                                                        {
                                                            "Worker Number": 4,
                                                            "Actual Startup Time": 224.343,
                                                            "Actual Total Time": 442.274,
                                                            "Actual Rows": 407927,
                                                            "Actual Loops": 1
                                                        },
                                                        {
                                                            "Worker Number": 5,
                                                            "Actual Startup Time": 224.32,
                                                            "Actual Total Time": 441.657,
                                                            "Actual Rows": 401971,
                                                            "Actual Loops": 1
                                                        }
                                                    ],
                                                    "Plans": [
                                                        {
                                                            "Node Type": "Seq Scan",
                                                            "Parent Relationship": "Outer",
                                                            "Parallel Aware": true,
                                                            "Relation Name": "movie_keyword",
                                                            "Schema": "public",
                                                            "Alias": "mk",
                                                            "Startup Cost": 0.0,
                                                            "Total Cost": 39047.32,
                                                            "Plan Rows": 1459332,
                                                            "Plan Width": 4,
                                                            "Actual Startup Time": 0.029,
                                                            "Actual Total Time": 92.955,
                                                            "Actual Rows": 646276,
                                                            "Actual Loops": 7,
                                                            "Output": [
                                                                "mk.id",
                                                                "mk.movie_id",
                                                                "mk.keyword_id"
                                                            ],
                                                            "Workers": [
                                                                {
                                                                    "Worker Number": 0,
                                                                    "Actual Startup Time": 0.019,
                                                                    "Actual Total Time": 95.429,
                                                                    "Actual Rows": 652680,
                                                                    "Actual Loops": 1
                                                                },
                                                                {
                                                                    "Worker Number": 1,
                                                                    "Actual Startup Time": 0.05,
                                                                    "Actual Total Time": 94.66,
                                                                    "Actual Rows": 631775,
                                                                    "Actual Loops": 1
                                                                },
                                                                {
                                                                    "Worker Number": 2,
                                                                    "Actual Startup Time": 0.028,
                                                                    "Actual Total Time": 96.446,
                                                                    "Actual Rows": 613955,
                                                                    "Actual Loops": 1
                                                                },
                                                                {
                                                                    "Worker Number": 3,
                                                                    "Actual Startup Time": 0.017,
                                                                    "Actual Total Time": 95.266,
                                                                    "Actual Rows": 651570,
                                                                    "Actual Loops": 1
                                                                },
                                                                {
                                                                    "Worker Number": 4,
                                                                    "Actual Startup Time": 0.024,
                                                                    "Actual Total Time": 95.349,
                                                                    "Actual Rows": 651940,
                                                                    "Actual Loops": 1
                                                                },
                                                                {
                                                                    "Worker Number": 5,
                                                                    "Actual Startup Time": 0.052,
                                                                    "Actual Total Time": 95.344,
                                                                    "Actual Rows": 634180,
                                                                    "Actual Loops": 1
                                                                }
                                                            ]
                                                        },
                                                        {
                                                            "Node Type": "Hash",
                                                            "Parent Relationship": "Inner",
                                                            "Parallel Aware": true,
                                                            "Startup Cost": 45479.21,
                                                            "Total Cost": 45479.21,
                                                            "Plan Rows": 158380,
                                                            "Plan Width": 4,
                                                            "Actual Startup Time": 184.925,
                                                            "Actual Total Time": 184.926,
                                                            "Actual Rows": 90613,
                                                            "Actual Loops": 7,
                                                            "Output": [
                                                                "t.id"
                                                            ],
                                                            "Hash Buckets": 1048576,
                                                            "Original Hash Buckets": 1048576,
                                                            "Hash Batches": 1,
                                                            "Original Hash Batches": 1,
                                                            "Peak Memory Usage": 33120,
                                                            "Workers": [
                                                                {
                                                                    "Worker Number": 0,
                                                                    "Actual Startup Time": 186.292,
                                                                    "Actual Total Time": 186.293,
                                                                    "Actual Rows": 91151,
                                                                    "Actual Loops": 1
                                                                },
                                                                {
                                                                    "Worker Number": 1,
                                                                    "Actual Startup Time": 186.348,
                                                                    "Actual Total Time": 186.349,
                                                                    "Actual Rows": 87059,
                                                                    "Actual Loops": 1
                                                                },
                                                                {
                                                                    "Worker Number": 2,
                                                                    "Actual Startup Time": 186.283,
                                                                    "Actual Total Time": 186.284,
                                                                    "Actual Rows": 88312,
                                                                    "Actual Loops": 1
                                                                },
                                                                {
                                                                    "Worker Number": 3,
                                                                    "Actual Startup Time": 186.29,
                                                                    "Actual Total Time": 186.291,
                                                                    "Actual Rows": 91219,
                                                                    "Actual Loops": 1
                                                                },
                                                                {
                                                                    "Worker Number": 4,
                                                                    "Actual Startup Time": 186.317,
                                                                    "Actual Total Time": 186.318,
                                                                    "Actual Rows": 81017,
                                                                    "Actual Loops": 1
                                                                },
                                                                {
                                                                    "Worker Number": 5,
                                                                    "Actual Startup Time": 186.24,
                                                                    "Actual Total Time": 186.241,
                                                                    "Actual Rows": 88524,
                                                                    "Actual Loops": 1
                                                                }
                                                            ],
                                                            "Plans": [
                                                                {
                                                                    "Node Type": "Seq Scan",
                                                                    "Parent Relationship": "Outer",
                                                                    "Parallel Aware": true,
                                                                    "Relation Name": "title",
                                                                    "Schema": "public",
                                                                    "Alias": "t",
                                                                    "Startup Cost": 0.0,
                                                                    "Total Cost": 45479.21,
                                                                    "Plan Rows": 158380,
                                                                    "Plan Width": 4,
                                                                    "Actual Startup Time": 57.008,
                                                                    "Actual Total Time": 112.923,
                                                                    "Actual Rows": 90613,
                                                                    "Actual Loops": 7,
                                                                    "Output": [
                                                                        "t.id"
                                                                    ],
                                                                    "Filter": "((t.production_year < 2013) AND (t.kind_id = 1))",
                                                                    "Rows Removed by Filter": 270575,
                                                                    "Workers": [
                                                                        {
                                                                            "Worker Number": 0,
                                                                            "Actual Startup Time": 65.463,
                                                                            "Actual Total Time": 113.804,
                                                                            "Actual Rows": 91151,
                                                                            "Actual Loops": 1
                                                                        },
                                                                        {
                                                                            "Worker Number": 1,
                                                                            "Actual Startup Time": 65.828,
                                                                            "Actual Total Time": 113.177,
                                                                            "Actual Rows": 87059,
                                                                            "Actual Loops": 1
                                                                        },
                                                                        {
                                                                            "Worker Number": 2,
                                                                            "Actual Startup Time": 65.333,
                                                                            "Actual Total Time": 113.601,
                                                                            "Actual Rows": 88312,
                                                                            "Actual Loops": 1
                                                                        },
                                                                        {
                                                                            "Worker Number": 3,
                                                                            "Actual Startup Time": 65.407,
                                                                            "Actual Total Time": 113.89,
                                                                            "Actual Rows": 91219,
                                                                            "Actual Loops": 1
                                                                        },
                                                                        {
                                                                            "Worker Number": 4,
                                                                            "Actual Startup Time": 65.45,
                                                                            "Actual Total Time": 115.307,
                                                                            "Actual Rows": 81017,
                                                                            "Actual Loops": 1
                                                                        },
                                                                        {
                                                                            "Worker Number": 5,
                                                                            "Actual Startup Time": 65.272,
                                                                            "Actual Total Time": 113.583,
                                                                            "Actual Rows": 88524,
                                                                            "Actual Loops": 1
                                                                        }
                                                                    ]
                                                                }
                                                            ]
                                                        }
                                                    ]
                                                }
                                            ]
                                        }
                                    ]
                                }
                            ]
                        }
                    ]
                }
            ]
        },
        "Planning Time": 1642.393,
        "Triggers": [],
        "Execution Time": 4495.651
    }
]