[
  {
    "Plan": {
      "Node Type": "Hash Join",
      "Parallel Aware": false,
      "Join Type": "Inner",
      "Startup Cost": 8282.43,
      "Total Cost": 66463.38,
      "Plan Rows": 2581606,
      "Plan Width": 4,
      "Actual Startup Time": 86.032,
      "Actual Total Time": 769.755,
      "Actual Rows": 2583037,
      "Actual Loops": 1,
      "Inner Unique": true,
      "Hash Cond": "(mc.company_id = cn.id)",
      "Plans": [
        {
          "Node Type": "Seq Scan",
          "Parent Relationship": "Outer",
          "Parallel Aware": false,
          "Relation Name": "movie_companies",
          "Alias": "mc",
          "Startup Cost": 0.0,
          "Total Cost": 51404.11,
          "Plan Rows": 2581606,
          "Plan Width": 4,
          "Actual Startup Time": 0.03,
          "Actual Total Time": 257.847,
          "Actual Rows": 2583037,
          "Actual Loops": 1,
          "Filter": "(company_id < 211061)",
          "Rows Removed by Filter": 26092
        },
        {
          "Node Type": "Hash",
          "Parent Relationship": "Inner",
          "Parallel Aware": false,
          "Startup Cost": 5344.97,
          "Total Cost": 5344.97,
          "Plan Rows": 234997,
          "Plan Width": 4,
          "Actual Startup Time": 83.251,
          "Actual Total Time": 83.252,
          "Actual Rows": 234997,
          "Actual Loops": 1,
          "Hash Buckets": 262144,
          "Original Hash Buckets": 262144,
          "Hash Batches": 1,
          "Original Hash Batches": 1,
          "Peak Memory Usage": 10310,
          "Plans": [
            {
              "Node Type": "Seq Scan",
              "Parent Relationship": "Outer",
              "Parallel Aware": false,
              "Relation Name": "company_name",
              "Alias": "cn",
              "Startup Cost": 0.0,
              "Total Cost": 5344.97,
              "Plan Rows": 234997,
              "Plan Width": 4,
              "Actual Startup Time": 0.055,
              "Actual Total Time": 41.5,
              "Actual Rows": 234997,
              "Actual Loops": 1
            }
          ]
        }
      ]
    },
    "Planning Time": 3.036,
    "Triggers": [],
    "Execution Time": 844.254
  }
]