[
  {
    "Plan": {
      "Node Type": "Aggregate",
      "Strategy": "Plain",
      "Partial Mode": "Simple",
      "Parallel Aware": false,
      "Startup Cost": 3909.11,
      "Total Cost": 3909.12,
      "Plan Rows": 1,
      "Plan Width": 64,
      "Actual Startup Time": 9142.617,
      "Actual Total Time": 9142.622,
      "Actual Rows": 1,
      "Actual Loops": 1,
      "Output": [
        "min(n.name)",
        "min(n.name)"
      ],
      "Plans": [
        {
          "Node Type": "Nested Loop",
          "Parent Relationship": "Outer",
          "Parallel Aware": false,
          "Join Type": "Inner",
          "Startup Cost": 13.03,
          "Total Cost": 3908.93,
          "Plan Rows": 36,
          "Plan Width": 15,
          "Actual Startup Time": 31.844,
          "Actual Total Time": 9134.18,
          "Actual Rows": 52306,
          "Actual Loops": 1,
          "Output": [
            "n.name"
          ],
          "Inner Unique": true,
          "Plans": [
            {
              "Node Type": "Nested Loop",
              "Parent Relationship": "Outer",
              "Parallel Aware": false,
              "Join Type": "Inner",
              "Startup Cost": 12.61,
              "Total Cost": 3892.96,
              "Plan Rows": 36,
              "Plan Width": 19,
              "Actual Startup Time": 31.788,
              "Actual Total Time": 8943.62,
              "Actual Rows": 52306,
              "Actual Loops": 1,
              "Output": [
                "mc.company_id",
                "n.name"
              ],
              "Inner Unique": false,
              "Plans": [
                {
                  "Node Type": "Nested Loop",
                  "Parent Relationship": "Outer",
                  "Parallel Aware": false,
                  "Join Type": "Inner",
                  "Startup Cost": 12.18,
                  "Total Cost": 3885.55,
                  "Plan Rows": 13,
                  "Plan Width": 27,
                  "Actual Startup Time": 31.742,
                  "Actual Total Time": 8849.038,
                  "Actual Rows": 6642,
                  "Actual Loops": 1,
                  "Output": [
                    "ci.movie_id",
                    "mk.movie_id",
                    "n.name",
                    "t.id"
                  ],
                  "Inner Unique": true,
                  "Plans": [
                    {
                      "Node Type": "Nested Loop",
                      "Parent Relationship": "Outer",
                      "Parallel Aware": false,
                      "Join Type": "Inner",
                      "Startup Cost": 11.75,
                      "Total Cost": 3826.49,
                      "Plan Rows": 129,
                      "Plan Width": 16,
                      "Actual Startup Time": 19.078,
                      "Actual Total Time": 3318.716,
                      "Actual Rows": 1038393,
                      "Actual Loops": 1,
                      "Output": [
                        "ci.person_id",
                        "ci.movie_id",
                        "mk.movie_id",
                        "t.id"
                      ],
                      "Inner Unique": false,
                      "Join Filter": "(t.id = ci.movie_id)",
                      "Rows Removed by Join Filter": 0,
                      "Plans": [
                        {
                          "Node Type": "Nested Loop",
                          "Parent Relationship": "Outer",
                          "Parallel Aware": false,
                          "Join Type": "Inner",
                          "Startup Cost": 11.19,
                          "Total Cost": 3757.01,
                          "Plan Rows": 34,
                          "Plan Width": 8,
                          "Actual Startup Time": 19.016,
                          "Actual Total Time": 381.512,
                          "Actual Rows": 41840,
                          "Actual Loops": 1,
                          "Output": [
                            "mk.movie_id",
                            "t.id"
                          ],
                          "Inner Unique": true,
                          "Plans": [
                            {
                              "Node Type": "Nested Loop",
                              "Parent Relationship": "Outer",
                              "Parallel Aware": false,
                              "Join Type": "Inner",
                              "Startup Cost": 10.76,
                              "Total Cost": 3740.45,
                              "Plan Rows": 34,
                              "Plan Width": 4,
                              "Actual Startup Time": 18.984,
                              "Actual Total Time": 123.723,
                              "Actual Rows": 41840,
                              "Actual Loops": 1,
                              "Output": [
                                "mk.movie_id"
                              ],
                              "Inner Unique": false,
                              "Plans": [
                                {
                                  "Node Type": "Seq Scan",
                                  "Parent Relationship": "Outer",
                                  "Parallel Aware": false,
                                  "Relation Name": "keyword",
                                  "Schema": "public",
                                  "Alias": "k",
                                  "Startup Cost": 0.0,
                                  "Total Cost": 2626.12,
                                  "Plan Rows": 1,
                                  "Plan Width": 4,
                                  "Actual Startup Time": 2.44,
                                  "Actual Total Time": 13.957,
                                  "Actual Rows": 1,
                                  "Actual Loops": 1,
                                  "Output": [
                                    "k.id",
                                    "k.keyword",
                                    "k.phonetic_code"
                                  ],
                                  "Filter": "(k.keyword = 'character-name-in-title'::text)",
                                  "Rows Removed by Filter": 134169
                                },
                                {
                                  "Node Type": "Bitmap Heap Scan",
                                  "Parent Relationship": "Inner",
                                  "Parallel Aware": false,
                                  "Relation Name": "movie_keyword",
                                  "Schema": "public",
                                  "Alias": "mk",
                                  "Startup Cost": 10.76,
                                  "Total Cost": 1111.32,
                                  "Plan Rows": 300,
                                  "Plan Width": 8,
                                  "Actual Startup Time": 16.529,
                                  "Actual Total Time": 101.437,
                                  "Actual Rows": 41840,
                                  "Actual Loops": 1,
                                  "Output": [
                                    "mk.id",
                                    "mk.movie_id",
                                    "mk.keyword_id"
                                  ],
                                  "Recheck Cond": "(mk.keyword_id = k.id)",
                                  "Rows Removed by Index Recheck": 0,
                                  "Exact Heap Blocks": 11541,
                                  "Lossy Heap Blocks": 0,
                                  "Plans": [
                                    {
                                      "Node Type": "Bitmap Index Scan",
                                      "Parent Relationship": "Outer",
                                      "Parallel Aware": false,
                                      "Index Name": "keyword_id_movie_keyword",
                                      "Startup Cost": 0.0,
                                      "Total Cost": 10.68,
                                      "Plan Rows": 300,
                                      "Plan Width": 0,
                                      "Actual Startup Time": 13.479,
                                      "Actual Total Time": 13.48,
                                      "Actual Rows": 41840,
                                      "Actual Loops": 1,
                                      "Index Cond": "(mk.keyword_id = k.id)"
                                    }
                                  ]
                                }
                              ]
                            },
                            {
                              "Node Type": "Index Only Scan",
                              "Parent Relationship": "Inner",
                              "Parallel Aware": false,
                              "Scan Direction": "Forward",
                              "Index Name": "title_pkey",
                              "Relation Name": "title",
                              "Schema": "public",
                              "Alias": "t",
                              "Startup Cost": 0.43,
                              "Total Cost": 0.49,
                              "Plan Rows": 1,
                              "Plan Width": 4,
                              "Actual Startup Time": 0.006,
                              "Actual Total Time": 0.006,
                              "Actual Rows": 1,
                              "Actual Loops": 41840,
                              "Output": [
                                "t.id"
                              ],
                              "Index Cond": "(t.id = mk.movie_id)",
                              "Rows Removed by Index Recheck": 0,
                              "Heap Fetches": 41840
                            }
                          ]
                        },
                        {
                          "Node Type": "Index Scan",
                          "Parent Relationship": "Inner",
                          "Parallel Aware": false,
                          "Scan Direction": "Forward",
                          "Index Name": "movie_id_cast_info",
                          "Relation Name": "cast_info",
                          "Schema": "public",
                          "Alias": "ci",
                          "Startup Cost": 0.56,
                          "Total Cost": 1.57,
                          "Plan Rows": 38,
                          "Plan Width": 8,
                          "Actual Startup Time": 0.01,
                          "Actual Total Time": 0.065,
                          "Actual Rows": 25,
                          "Actual Loops": 41840,
                          "Output": [
                            "ci.id",
                            "ci.person_id",
                            "ci.movie_id",
                            "ci.person_role_id",
                            "ci.note",
                            "ci.nr_order",
                            "ci.role_id"
                          ],
                          "Index Cond": "(ci.movie_id = mk.movie_id)",
                          "Rows Removed by Index Recheck": 0
                        }
                      ]
                    },
                    {
                      "Node Type": "Index Scan",
                      "Parent Relationship": "Inner",
                      "Parallel Aware": false,
                      "Scan Direction": "Forward",
                      "Index Name": "name_pkey",
                      "Relation Name": "name",
                      "Schema": "public",
                      "Alias": "n",
                      "Startup Cost": 0.43,
                      "Total Cost": 0.46,
                      "Plan Rows": 1,
                      "Plan Width": 19,
                      "Actual Startup Time": 0.005,
                      "Actual Total Time": 0.005,
                      "Actual Rows": 0,
                      "Actual Loops": 1038393,
                      "Output": [
                        "n.id",
                        "n.name",
                        "n.imdb_index",
                        "n.imdb_id",
                        "n.gender",
                        "n.name_pcode_cf",
                        "n.name_pcode_nf",
                        "n.surname_pcode",
                        "n.md5sum"
                      ],
                      "Index Cond": "(n.id = ci.person_id)",
                      "Rows Removed by Index Recheck": 0,
                      "Filter": "(n.name ~~ 'Z%'::text)",
                      "Rows Removed by Filter": 1
                    }
                  ]
                },
                {
                  "Node Type": "Index Scan",
                  "Parent Relationship": "Inner",
                  "Parallel Aware": false,
                  "Scan Direction": "Forward",
                  "Index Name": "movie_id_movie_companies",
                  "Relation Name": "movie_companies",
                  "Schema": "public",
                  "Alias": "mc",
                  "Startup Cost": 0.43,
                  "Total Cost": 0.52,
                  "Plan Rows": 5,
                  "Plan Width": 8,
                  "Actual Startup Time": 0.009,
                  "Actual Total Time": 0.013,
                  "Actual Rows": 8,
                  "Actual Loops": 6642,
                  "Output": [
                    "mc.id",
                    "mc.movie_id",
                    "mc.company_id",
                    "mc.company_type_id",
                    "mc.note"
                  ],
                  "Index Cond": "(mc.movie_id = ci.movie_id)",
                  "Rows Removed by Index Recheck": 0
                }
              ]
            },
            {
              "Node Type": "Index Only Scan",
              "Parent Relationship": "Inner",
              "Parallel Aware": false,
              "Scan Direction": "Forward",
              "Index Name": "company_name_pkey",
              "Relation Name": "company_name",
              "Schema": "public",
              "Alias": "cn",
              "Startup Cost": 0.42,
              "Total Cost": 0.44,
              "Plan Rows": 1,
              "Plan Width": 4,
              "Actual Startup Time": 0.003,
              "Actual Total Time": 0.003,
              "Actual Rows": 1,
              "Actual Loops": 52306,
              "Output": [
                "cn.id"
              ],
              "Index Cond": "(cn.id = mc.company_id)",
              "Rows Removed by Index Recheck": 0,
              "Heap Fetches": 52306
            }
          ]
        }
      ]
    },
    "Planning Time": 6623.379,
    "Triggers": [],
    "Execution Time": 9143.102
  }
]