[
    {
        "Bao": {
            "Bao prediction": "NaN",
            "Bao recommended hint": "(no hint)"
        }
    },
    {
        "Plan": {
            "Node Type": "Aggregate",
            "Strategy": "Plain",
            "Partial Mode": "Finalize",
            "Parallel Aware": false,
            "Startup Cost": 447371.11,
            "Total Cost": 447371.12,
            "Plan Rows": 1,
            "Plan Width": 8,
            "Actual Startup Time": 1458.087,
            "Actual Total Time": 1489.482,
            "Actual Rows": 1,
            "Actual Loops": 1,
            "Output": [
                "count(*)"
            ],
            "Plans": [
                {
                    "Node Type": "Gather",
                    "Parent Relationship": "Outer",
                    "Parallel Aware": false,
                    "Startup Cost": 447370.49,
                    "Total Cost": 447371.1,
                    "Plan Rows": 6,
                    "Plan Width": 8,
                    "Actual Startup Time": 1443.581,
                    "Actual Total Time": 1489.473,
                    "Actual Rows": 7,
                    "Actual Loops": 1,
                    "Output": [
                        "(PARTIAL count(*))"
                    ],
                    "Workers Planned": 6,
                    "Workers Launched": 6,
                    "Single Copy": false,
                    "Plans": [
                        {
                            "Node Type": "Aggregate",
                            "Strategy": "Plain",
                            "Partial Mode": "Partial",
                            "Parent Relationship": "Outer",
                            "Parallel Aware": false,
                            "Startup Cost": 446370.49,
                            "Total Cost": 446370.5,
                            "Plan Rows": 1,
                            "Plan Width": 8,
                            "Actual Startup Time": 1433.415,
                            "Actual Total Time": 1433.53,
                            "Actual Rows": 1,
                            "Actual Loops": 7,
                            "Output": [
                                "PARTIAL count(*)"
                            ],
                            "Workers": [
                                {
                                    "Worker Number": 0,
                                    "Actual Startup Time": 1431.086,
                                    "Actual Total Time": 1431.091,
                                    "Actual Rows": 1,
                                    "Actual Loops": 1
                                },
                                {
                                    "Worker Number": 1,
                                    "Actual Startup Time": 1431.265,
                                    "Actual Total Time": 1431.27,
                                    "Actual Rows": 1,
                                    "Actual Loops": 1
                                },
                                {
                                    "Worker Number": 2,
                                    "Actual Startup Time": 1431.758,
                                    "Actual Total Time": 1431.762,
                                    "Actual Rows": 1,
                                    "Actual Loops": 1
                                },
                                {
                                    "Worker Number": 3,
                                    "Actual Startup Time": 1431.844,
                                    "Actual Total Time": 1431.849,
                                    "Actual Rows": 1,
                                    "Actual Loops": 1
                                },
                                {
                                    "Worker Number": 4,
                                    "Actual Startup Time": 1431.752,
                                    "Actual Total Time": 1431.757,
                                    "Actual Rows": 1,
                                    "Actual Loops": 1
                                },
                                {
                                    "Worker Number": 5,
                                    "Actual Startup Time": 1432.995,
                                    "Actual Total Time": 1432.999,
                                    "Actual Rows": 1,
                                    "Actual Loops": 1
                                }
                            ],
                            "Plans": [
                                {
                                    "Node Type": "Hash Join",
                                    "Parent Relationship": "Outer",
                                    "Parallel Aware": true,
                                    "Join Type": "Inner",
                                    "Startup Cost": 96844.15,
                                    "Total Cost": 440362.58,
                                    "Plan Rows": 2403165,
                                    "Plan Width": 0,
                                    "Actual Startup Time": 272.255,
                                    "Actual Total Time": 1383.81,
                                    "Actual Rows": 1226227,
                                    "Actual Loops": 7,
                                    "Inner Unique": false,
                                    "Hash Cond": "(ci.movie_id = t.id)",
                                    "Workers": [
                                        {
                                            "Worker Number": 0,
                                            "Actual Startup Time": 269.972,
                                            "Actual Total Time": 1382.679,
                                            "Actual Rows": 1194773,
                                            "Actual Loops": 1
                                        },
                                        {
                                            "Worker Number": 1,
                                            "Actual Startup Time": 270.143,
                                            "Actual Total Time": 1382.925,
                                            "Actual Rows": 1195495,
                                            "Actual Loops": 1
                                        },
                                        {
                                            "Worker Number": 2,
                                            "Actual Startup Time": 270.789,
                                            "Actual Total Time": 1381.451,
                                            "Actual Rows": 1212470,
                                            "Actual Loops": 1
                                        },
                                        {
                                            "Worker Number": 3,
                                            "Actual Startup Time": 270.696,
                                            "Actual Total Time": 1383.236,
                                            "Actual Rows": 1198334,
                                            "Actual Loops": 1
                                        },
                                        {
                                            "Worker Number": 4,
                                            "Actual Startup Time": 270.685,
                                            "Actual Total Time": 1382.307,
                                            "Actual Rows": 1189854,
                                            "Actual Loops": 1
                                        },
                                        {
                                            "Worker Number": 5,
                                            "Actual Startup Time": 271.396,
                                            "Actual Total Time": 1384.645,
                                            "Actual Rows": 1160200,
                                            "Actual Loops": 1
                                        }
                                    ],
                                    "Plans": [
                                        {
                                            "Node Type": "Seq Scan",
                                            "Parent Relationship": "Outer",
                                            "Parallel Aware": true,
                                            "Relation Name": "cast_info",
                                            "Schema": "public",
                                            "Alias": "ci",
                                            "Startup Cost": 0.0,
                                            "Total Cost": 313108.29,
                                            "Plan Rows": 6042129,
                                            "Plan Width": 4,
                                            "Actual Startup Time": 0.024,
                                            "Actual Total Time": 467.278,
                                            "Actual Rows": 5177763,
                                            "Actual Loops": 7,
                                            "Output": [
                                                "ci.id",
                                                "ci.person_id",
                                                "ci.movie_id",
                                                "ci.person_role_id",
                                                "ci.note",
                                                "ci.nr_order",
                                                "ci.role_id"
                                            ],
                                            "Workers": [
                                                {
                                                    "Worker Number": 0,
                                                    "Actual Startup Time": 0.027,
                                                    "Actual Total Time": 477.074,
                                                    "Actual Rows": 5024737,
                                                    "Actual Loops": 1
                                                },
                                                {
                                                    "Worker Number": 1,
                                                    "Actual Startup Time": 0.027,
                                                    "Actual Total Time": 480.209,
                                                    "Actual Rows": 5069483,
                                                    "Actual Loops": 1
                                                },
                                                {
                                                    "Worker Number": 2,
                                                    "Actual Startup Time": 0.024,
                                                    "Actual Total Time": 469.061,
                                                    "Actual Rows": 5018202,
                                                    "Actual Loops": 1
                                                },
                                                {
                                                    "Worker Number": 3,
                                                    "Actual Startup Time": 0.022,
                                                    "Actual Total Time": 482.845,
                                                    "Actual Rows": 5070109,
                                                    "Actual Loops": 1
                                                },
                                                {
                                                    "Worker Number": 4,
                                                    "Actual Startup Time": 0.029,
                                                    "Actual Total Time": 473.337,
                                                    "Actual Rows": 5036660,
                                                    "Actual Loops": 1
                                                },
                                                {
                                                    "Worker Number": 5,
                                                    "Actual Startup Time": 0.026,
                                                    "Actual Total Time": 470.569,
                                                    "Actual Rows": 4967831,
                                                    "Actual Loops": 1
                                                }
                                            ]
                                        },
                                        {
                                            "Node Type": "Hash",
                                            "Parent Relationship": "Inner",
                                            "Parallel Aware": true,
                                            "Startup Cost": 92789.3,
                                            "Total Cost": 92789.3,
                                            "Plan Rows": 324388,
                                            "Plan Width": 8,
                                            "Actual Startup Time": 269.958,
                                            "Actual Total Time": 270.072,
                                            "Actual Rows": 36811,
                                            "Actual Loops": 7,
                                            "Output": [
                                                "t.id",
                                                "mk.movie_id"
                                            ],
                                            "Hash Buckets": 1048576,
                                            "Original Hash Buckets": 1048576,
                                            "Hash Batches": 1,
                                            "Original Hash Batches": 1,
                                            "Peak Memory Usage": 18368,
                                            "Workers": [
                                                {
                                                    "Worker Number": 0,
                                                    "Actual Startup Time": 269.172,
                                                    "Actual Total Time": 269.175,
                                                    "Actual Rows": 36582,
                                                    "Actual Loops": 1
                                                },
                                                {
                                                    "Worker Number": 1,
                                                    "Actual Startup Time": 269.444,
                                                    "Actual Total Time": 269.448,
                                                    "Actual Rows": 36698,
                                                    "Actual Loops": 1
                                                },
                                                {
                                                    "Worker Number": 2,
                                                    "Actual Startup Time": 269.634,
                                                    "Actual Total Time": 269.638,
                                                    "Actual Rows": 35821,
                                                    "Actual Loops": 1
                                                },
                                                {
                                                    "Worker Number": 3,
                                                    "Actual Startup Time": 269.874,
                                                    "Actual Total Time": 269.878,
                                                    "Actual Rows": 36387,
                                                    "Actual Loops": 1
                                                },
                                                {
                                                    "Worker Number": 4,
                                                    "Actual Startup Time": 269.729,
                                                    "Actual Total Time": 269.733,
                                                    "Actual Rows": 35794,
                                                    "Actual Loops": 1
                                                },
                                                {
                                                    "Worker Number": 5,
                                                    "Actual Startup Time": 270.625,
                                                    "Actual Total Time": 270.627,
                                                    "Actual Rows": 35407,
                                                    "Actual Loops": 1
                                                }
                                            ],
                                            "Plans": [
                                                {
                                                    "Node Type": "Hash Join",
                                                    "Parent Relationship": "Outer",
                                                    "Parallel Aware": true,
                                                    "Join Type": "Inner",
                                                    "Startup Cost": 48689.12,
                                                    "Total Cost": 92789.3,
                                                    "Plan Rows": 324388,
                                                    "Plan Width": 8,
                                                    "Actual Startup Time": 169.408,
                                                    "Actual Total Time": 261.99,
                                                    "Actual Rows": 36811,
                                                    "Actual Loops": 7,
                                                    "Output": [
                                                        "t.id",
                                                        "mk.movie_id"
                                                    ],
                                                    "Inner Unique": true,
                                                    "Hash Cond": "(mk.movie_id = t.id)",
                                                    "Workers": [
                                                        {
                                                            "Worker Number": 0,
                                                            "Actual Startup Time": 168.604,
                                                            "Actual Total Time": 260.902,
                                                            "Actual Rows": 36582,
                                                            "Actual Loops": 1
                                                        },
                                                        {
                                                            "Worker Number": 1,
                                                            "Actual Startup Time": 168.885,
                                                            "Actual Total Time": 261.153,
                                                            "Actual Rows": 36698,
                                                            "Actual Loops": 1
                                                        },
                                                        {
                                                            "Worker Number": 2,
                                                            "Actual Startup Time": 169.18,
                                                            "Actual Total Time": 262.257,
                                                            "Actual Rows": 35821,
                                                            "Actual Loops": 1
                                                        },
                                                        {
                                                            "Worker Number": 3,
                                                            "Actual Startup Time": 169.277,
                                                            "Actual Total Time": 261.641,
                                                            "Actual Rows": 36387,
                                                            "Actual Loops": 1
                                                        },
                                                        {
                                                            "Worker Number": 4,
                                                            "Actual Startup Time": 169.166,
                                                            "Actual Total Time": 261.584,
                                                            "Actual Rows": 35794,
                                                            "Actual Loops": 1
                                                        },
                                                        {
                                                            "Worker Number": 5,
                                                            "Actual Startup Time": 170.037,
                                                            "Actual Total Time": 262.436,
                                                            "Actual Rows": 35407,
                                                            "Actual Loops": 1
                                                        }
                                                    ],
                                                    "Plans": [
                                                        {
                                                            "Node Type": "Seq Scan",
                                                            "Parent Relationship": "Outer",
                                                            "Parallel Aware": true,
                                                            "Relation Name": "movie_keyword",
                                                            "Schema": "public",
                                                            "Alias": "mk",
                                                            "Startup Cost": 0.0,
                                                            "Total Cost": 42695.65,
                                                            "Plan Rows": 535058,
                                                            "Plan Width": 4,
                                                            "Actual Startup Time": 0.342,
                                                            "Actual Total Time": 59.646,
                                                            "Actual Rows": 233921,
                                                            "Actual Loops": 7,
                                                            "Output": [
                                                                "mk.id",
                                                                "mk.movie_id",
                                                                "mk.keyword_id"
                                                            ],
                                                            "Filter": "(mk.keyword_id > 9055)",
                                                            "Rows Removed by Filter": 412354,
                                                            "Workers": [
                                                                {
                                                                    "Worker Number": 0,
                                                                    "Actual Startup Time": 0.415,
                                                                    "Actual Total Time": 60.029,
                                                                    "Actual Rows": 227463,
                                                                    "Actual Loops": 1
                                                                },
                                                                {
                                                                    "Worker Number": 1,
                                                                    "Actual Startup Time": 0.417,
                                                                    "Actual Total Time": 60.357,
                                                                    "Actual Rows": 228335,
                                                                    "Actual Loops": 1
                                                                },
                                                                {
                                                                    "Worker Number": 2,
                                                                    "Actual Startup Time": 0.258,
                                                                    "Actual Total Time": 60.125,
                                                                    "Actual Rows": 225732,
                                                                    "Actual Loops": 1
                                                                },
                                                                {
                                                                    "Worker Number": 3,
                                                                    "Actual Startup Time": 0.39,
                                                                    "Actual Total Time": 60.287,
                                                                    "Actual Rows": 229798,
                                                                    "Actual Loops": 1
                                                                },
                                                                {
                                                                    "Worker Number": 4,
                                                                    "Actual Startup Time": 0.229,
                                                                    "Actual Total Time": 60.572,
                                                                    "Actual Rows": 226438,
                                                                    "Actual Loops": 1
                                                                },
                                                                {
                                                                    "Worker Number": 5,
                                                                    "Actual Startup Time": 0.409,
                                                                    "Actual Total Time": 60.498,
                                                                    "Actual Rows": 225620,
                                                                    "Actual Loops": 1
                                                                }
                                                            ]
                                                        },
                                                        {
                                                            "Node Type": "Hash",
                                                            "Parent Relationship": "Inner",
                                                            "Parallel Aware": true,
                                                            "Startup Cost": 43899.01,
                                                            "Total Cost": 43899.01,
                                                            "Plan Rows": 383209,
                                                            "Plan Width": 4,
                                                            "Actual Startup Time": 167.266,
                                                            "Actual Total Time": 167.267,
                                                            "Actual Rows": 220466,
                                                            "Actual Loops": 7,
                                                            "Output": [
                                                                "t.id"
                                                            ],
                                                            "Hash Buckets": 2097152,
                                                            "Original Hash Buckets": 2097152,
                                                            "Hash Batches": 1,
                                                            "Original Hash Batches": 1,
                                                            "Peak Memory Usage": 76832,
                                                            "Workers": [
                                                                {
                                                                    "Worker Number": 0,
                                                                    "Actual Startup Time": 168.133,
                                                                    "Actual Total Time": 168.134,
                                                                    "Actual Rows": 213059,
                                                                    "Actual Loops": 1
                                                                },
                                                                {
                                                                    "Worker Number": 1,
                                                                    "Actual Startup Time": 168.397,
                                                                    "Actual Total Time": 168.398,
                                                                    "Actual Rows": 210765,
                                                                    "Actual Loops": 1
                                                                },
                                                                {
                                                                    "Worker Number": 2,
                                                                    "Actual Startup Time": 168.679,
                                                                    "Actual Total Time": 168.68,
                                                                    "Actual Rows": 194662,
                                                                    "Actual Loops": 1
                                                                },
                                                                {
                                                                    "Worker Number": 3,
                                                                    "Actual Startup Time": 168.81,
                                                                    "Actual Total Time": 168.812,
                                                                    "Actual Rows": 216208,
                                                                    "Actual Loops": 1
                                                                },
                                                                {
                                                                    "Worker Number": 4,
                                                                    "Actual Startup Time": 168.693,
                                                                    "Actual Total Time": 168.694,
                                                                    "Actual Rows": 195164,
                                                                    "Actual Loops": 1
                                                                },
                                                                {
                                                                    "Worker Number": 5,
                                                                    "Actual Startup Time": 169.517,
                                                                    "Actual Total Time": 169.518,
                                                                    "Actual Rows": 197771,
                                                                    "Actual Loops": 1
                                                                }
                                                            ],
                                                            "Plans": [
                                                                {
                                                                    "Node Type": "Seq Scan",
                                                                    "Parent Relationship": "Outer",
                                                                    "Parallel Aware": true,
                                                                    "Relation Name": "title",
                                                                    "Schema": "public",
                                                                    "Alias": "t",
                                                                    "Startup Cost": 0.0,
                                                                    "Total Cost": 43899.01,
                                                                    "Plan Rows": 383209,
                                                                    "Plan Width": 4,
                                                                    "Actual Startup Time": 0.047,
                                                                    "Actual Total Time": 68.888,
                                                                    "Actual Rows": 220466,
                                                                    "Actual Loops": 7,
                                                                    "Output": [
                                                                        "t.id"
                                                                    ],
                                                                    "Filter": "(t.kind_id = 7)",
                                                                    "Rows Removed by Filter": 140721,
                                                                    "Workers": [
                                                                        {
                                                                            "Worker Number": 0,
                                                                            "Actual Startup Time": 0.054,
                                                                            "Actual Total Time": 70.37,
                                                                            "Actual Rows": 213059,
                                                                            "Actual Loops": 1
                                                                        },
                                                                        {
                                                                            "Worker Number": 1,
                                                                            "Actual Startup Time": 0.037,
                                                                            "Actual Total Time": 70.366,
                                                                            "Actual Rows": 210765,
                                                                            "Actual Loops": 1
                                                                        },
                                                                        {
                                                                            "Worker Number": 2,
                                                                            "Actual Startup Time": 0.064,
                                                                            "Actual Total Time": 69.743,
                                                                            "Actual Rows": 194662,
                                                                            "Actual Loops": 1
                                                                        },
                                                                        {
                                                                            "Worker Number": 3,
                                                                            "Actual Startup Time": 0.056,
                                                                            "Actual Total Time": 71.334,
                                                                            "Actual Rows": 216208,
                                                                            "Actual Loops": 1
                                                                        },
                                                                        {
                                                                            "Worker Number": 4,
                                                                            "Actual Startup Time": 0.048,
                                                                            "Actual Total Time": 70.03,
                                                                            "Actual Rows": 195164,
                                                                            "Actual Loops": 1
                                                                        },
                                                                        {
                                                                            "Worker Number": 5,
                                                                            "Actual Startup Time": 0.06,
                                                                            "Actual Total Time": 69.639,
                                                                            "Actual Rows": 197771,
                                                                            "Actual Loops": 1
                                                                        }
                                                                    ]
                                                                }
                                                            ]
                                                        }
                                                    ]
                                                }
                                            ]
                                        }
                                    ]
                                }
                            ]
                        }
                    ]
                }
            ]
        },
        "Planning Time": 197.762,
        "Triggers": [],
        "Execution Time": 1489.548
    }
]