[
  {
    "Plan": {
      "Node Type": "Aggregate",
      "Strategy": "Plain",
      "Partial Mode": "Finalize",
      "Parallel Aware": false,
      "Startup Cost": 44742.49,
      "Total Cost": 44742.5,
      "Plan Rows": 1,
      "Plan Width": 8,
      "Actual Startup Time": 127.139,
      "Actual Total Time": 136.398,
      "Actual Rows": 1,
      "Actual Loops": 1,
      "Plans": [
        {
          "Node Type": "Gather",
          "Parent Relationship": "Outer",
          "Parallel Aware": false,
          "Startup Cost": 44742.17,
          "Total Cost": 44742.48,
          "Plan Rows": 3,
          "Plan Width": 8,
          "Actual Startup Time": 127.027,
          "Actual Total Time": 136.39,
          "Actual Rows": 4,
          "Actual Loops": 1,
          "Workers Planned": 3,
          "Workers Launched": 3,
          "Single Copy": false,
          "Plans": [
            {
              "Node Type": "Aggregate",
              "Strategy": "Plain",
              "Partial Mode": "Partial",
              "Parent Relationship": "Outer",
              "Parallel Aware": false,
              "Startup Cost": 43742.17,
              "Total Cost": 43742.18,
              "Plan Rows": 1,
              "Plan Width": 8,
              "Actual Startup Time": 120.181,
              "Actual Total Time": 120.183,
              "Actual Rows": 1,
              "Actual Loops": 4,
              "Plans": [
                {
                  "Node Type": "Seq Scan",
                  "Parent Relationship": "Outer",
                  "Parallel Aware": true,
                  "Relation Name": "movie_keyword",
                  "Alias": "mk",
                  "Startup Cost": 0.0,
                  "Total Cost": 42695.65,
                  "Plan Rows": 418608,
                  "Plan Width": 0,
                  "Actual Startup Time": 2.32,
                  "Actual Total Time": 104.28,
                  "Actual Rows": 327387,
                  "Actual Loops": 4,
                  "Filter": "(keyword_id > 13427)",
                  "Rows Removed by Filter": 803596
                }
              ]
            }
          ]
        }
      ]
    },
    "Planning Time": 0.18,
    "Triggers": [],
    "Execution Time": 136.453
  }
]