[
  {
    "Plan": {
      "Node Type": "Aggregate",
      "Strategy": "Plain",
      "Partial Mode": "Finalize",
      "Parallel Aware": false,
      "Startup Cost": 91181.93,
      "Total Cost": 91181.94,
      "Plan Rows": 1,
      "Plan Width": 8,
      "Actual Startup Time": 290.965,
      "Actual Total Time": 308.777,
      "Actual Rows": 1,
      "Actual Loops": 1,
      "Plans": [
        {
          "Node Type": "Gather",
          "Parent Relationship": "Outer",
          "Parallel Aware": false,
          "Startup Cost": 91181.61,
          "Total Cost": 91181.92,
          "Plan Rows": 3,
          "Plan Width": 8,
          "Actual Startup Time": 289.474,
          "Actual Total Time": 308.77,
          "Actual Rows": 4,
          "Actual Loops": 1,
          "Workers Planned": 3,
          "Workers Launched": 3,
          "Single Copy": false,
          "Plans": [
            {
              "Node Type": "Aggregate",
              "Strategy": "Plain",
              "Partial Mode": "Partial",
              "Parent Relationship": "Outer",
              "Parallel Aware": false,
              "Startup Cost": 90181.61,
              "Total Cost": 90181.62,
              "Plan Rows": 1,
              "Plan Width": 8,
              "Actual Startup Time": 281.228,
              "Actual Total Time": 281.231,
              "Actual Rows": 1,
              "Actual Loops": 4,
              "Plans": [
                {
                  "Node Type": "Hash Join",
                  "Parent Relationship": "Outer",
                  "Parallel Aware": true,
                  "Join Type": "Inner",
                  "Startup Cost": 46355.56,
                  "Total Cost": 90073.6,
                  "Plan Rows": 43206,
                  "Plan Width": 0,
                  "Actual Startup Time": 159.871,
                  "Actual Total Time": 276.172,
                  "Actual Rows": 119331,
                  "Actual Loops": 4,
                  "Inner Unique": true,
                  "Hash Cond": "(mk.movie_id = t.id)",
                  "Plans": [
                    {
                      "Node Type": "Seq Scan",
                      "Parent Relationship": "Outer",
                      "Parallel Aware": true,
                      "Relation Name": "movie_keyword",
                      "Alias": "mk",
                      "Startup Cost": 0.0,
                      "Total Cost": 42695.65,
                      "Plan Rows": 389480,
                      "Plan Width": 4,
                      "Actual Startup Time": 0.025,
                      "Actual Total Time": 94.065,
                      "Actual Rows": 303676,
                      "Actual Loops": 4,
                      "Filter": "(keyword_id < 1531)",
                      "Rows Removed by Filter": 827306
                    },
                    {
                      "Node Type": "Hash",
                      "Parent Relationship": "Inner",
                      "Parallel Aware": true,
                      "Startup Cost": 45479.1,
                      "Total Cost": 45479.1,
                      "Plan Rows": 70117,
                      "Plan Width": 4,
                      "Actual Startup Time": 129.865,
                      "Actual Total Time": 129.866,
                      "Actual Rows": 95574,
                      "Actual Loops": 4,
                      "Hash Buckets": 524288,
                      "Original Hash Buckets": 524288,
                      "Hash Batches": 1,
                      "Original Hash Batches": 1,
                      "Peak Memory Usage": 19072,
                      "Plans": [
                        {
                          "Node Type": "Seq Scan",
                          "Parent Relationship": "Outer",
                          "Parallel Aware": true,
                          "Relation Name": "title",
                          "Alias": "t",
                          "Startup Cost": 0.0,
                          "Total Cost": 45479.1,
                          "Plan Rows": 70117,
                          "Plan Width": 4,
                          "Actual Startup Time": 60.125,
                          "Actual Total Time": 100.712,
                          "Actual Rows": 95574,
                          "Actual Loops": 4,
                          "Filter": "((production_year < 2001) AND (kind_id = 1))",
                          "Rows Removed by Filter": 536504
                        }
                      ]
                    }
                  ]
                }
              ]
            }
          ]
        }
      ]
    },
    "Planning Time": 0.516,
    "Triggers": [],
    "Execution Time": 308.84
  }
]