{
  "Plan": {
    "Node Type": "Aggregate",
    "Strategy": "Plain",
    "Partial Mode": "Finalize",
    "Parallel Aware": false,
    "Startup Cost": 110090.39,
    "Total Cost": 110090.4,
    "Plan Rows": 1,
    "Plan Width": 8,
    "Actual Startup Time": 660.112,
    "Actual Total Time": 672.596,
    "Actual Rows": 1,
    "Actual Loops": 1,
    "Plans": [
      {
        "Node Type": "Gather",
        "Parent Relationship": "Outer",
        "Parallel Aware": false,
        "Startup Cost": 110090.28,
        "Total Cost": 110090.39,
        "Plan Rows": 1,
        "Plan Width": 8,
        "Actual Startup Time": 658.185,
        "Actual Total Time": 672.586,
        "Actual Rows": 2,
        "Actual Loops": 1,
        "Workers Planned": 1,
        "Workers Launched": 1,
        "Single Copy": false,
        "Plans": [
          {
            "Node Type": "Aggregate",
            "Strategy": "Plain",
            "Partial Mode": "Partial",
            "Parent Relationship": "Outer",
            "Parallel Aware": false,
            "Startup Cost": 109090.28,
            "Total Cost": 109090.29,
            "Plan Rows": 1,
            "Plan Width": 8,
            "Actual Startup Time": 655.132,
            "Actual Total Time": 655.136,
            "Actual Rows": 1,
            "Actual Loops": 2,
            "Plans": [
              {
                "Node Type": "Hash Join",
                "Parent Relationship": "Outer",
                "Parallel Aware": true,
                "Join Type": "Inner",
                "Startup Cost": 45974.25,
                "Total Cost": 108210.3,
                "Plan Rows": 351992,
                "Plan Width": 0,
                "Actual Startup Time": 206.197,
                "Actual Total Time": 637.699,
                "Actual Rows": 403465,
                "Actual Loops": 2,
                "Inner Unique": false,
                "Hash Cond": "(t.id = mc.movie_id)",
                "Plans": [
                  {
                    "Node Type": "Seq Scan",
                    "Parent Relationship": "Outer",
                    "Parallel Aware": true,
                    "Relation Name": "title",
                    "Alias": "t",
                    "Startup Cost": 0.0,
                    "Total Cost": 50870.31,
                    "Plan Rows": 1487231,
                    "Plan Width": 4,
                    "Actual Startup Time": 0.009,
                    "Actual Total Time": 114.527,
                    "Actual Rows": 1264156,
                    "Actual Loops": 2
                  },
                  {
                    "Node Type": "Hash",
                    "Parent Relationship": "Inner",
                    "Parallel Aware": true,
                    "Startup Cost": 41574.35,
                    "Total Cost": 41574.35,
                    "Plan Rows": 351992,
                    "Plan Width": 4,
                    "Actual Startup Time": 200.355,
                    "Actual Total Time": 200.356,
                    "Actual Rows": 403465,
                    "Actual Loops": 2,
                    "Hash Buckets": 1048576,
                    "Original Hash Buckets": 1048576,
                    "Hash Batches": 1,
                    "Original Hash Batches": 1,
                    "Peak Memory Usage": 39776,
                    "Plans": [
                      {
                        "Node Type": "Index Scan",
                        "Parent Relationship": "Outer",
                        "Parallel Aware": true,
                        "Scan Direction": "Forward",
                        "Index Name": "company_type_id_movie_companies",
                        "Relation Name": "movie_companies",
                        "Alias": "mc",
                        "Startup Cost": 0.43,
                        "Total Cost": 41574.35,
                        "Plan Rows": 351992,
                        "Plan Width": 4,
                        "Actual Startup Time": 0.076,
                        "Actual Total Time": 116.371,
                        "Actual Rows": 403465,
                        "Actual Loops": 2,
                        "Index Cond": "(company_type_id = 1)",
                        "Rows Removed by Index Recheck": 0,
                        "Filter": "(company_id < 11137)",
                        "Rows Removed by Filter": 233658
                      }
                    ]
                  }
                ]
              }
            ]
          }
        ]
      }
    ]
  },
  "Planning Time": 0.465,
  "Triggers": [],
  "Execution Time": 672.65
}