[
  {
    "Plan": {
      "Node Type": "Aggregate",
      "Strategy": "Plain",
      "Partial Mode": "Finalize",
      "Parallel Aware": false,
      "Startup Cost": 38958.35,
      "Total Cost": 38958.36,
      "Plan Rows": 1,
      "Plan Width": 8,
      "Actual Startup Time": 58.373,
      "Actual Total Time": 64.989,
      "Actual Rows": 1,
      "Actual Loops": 1,
      "Plans": [
        {
          "Node Type": "Gather",
          "Parent Relationship": "Outer",
          "Parallel Aware": false,
          "Startup Cost": 38958.14,
          "Total Cost": 38958.35,
          "Plan Rows": 2,
          "Plan Width": 8,
          "Actual Startup Time": 58.186,
          "Actual Total Time": 64.983,
          "Actual Rows": 3,
          "Actual Loops": 1,
          "Workers Planned": 2,
          "Workers Launched": 2,
          "Single Copy": false,
          "Plans": [
            {
              "Node Type": "Aggregate",
              "Strategy": "Plain",
              "Partial Mode": "Partial",
              "Parent Relationship": "Outer",
              "Parallel Aware": false,
              "Startup Cost": 37958.14,
              "Total Cost": 37958.15,
              "Plan Rows": 1,
              "Plan Width": 8,
              "Actual Startup Time": 52.72,
              "Actual Total Time": 52.722,
              "Actual Rows": 1,
              "Actual Loops": 3,
              "Plans": [
                {
                  "Node Type": "Nested Loop",
                  "Parent Relationship": "Outer",
                  "Parallel Aware": false,
                  "Join Type": "Inner",
                  "Startup Cost": 110.65,
                  "Total Cost": 37958.06,
                  "Plan Rows": 32,
                  "Plan Width": 0,
                  "Actual Startup Time": 1.832,
                  "Actual Total Time": 52.449,
                  "Actual Rows": 2024,
                  "Actual Loops": 3,
                  "Inner Unique": false,
                  "Plans": [
                    {
                      "Node Type": "Nested Loop",
                      "Parent Relationship": "Outer",
                      "Parallel Aware": false,
                      "Join Type": "Inner",
                      "Startup Cost": 110.22,
                      "Total Cost": 37365.37,
                      "Plan Rows": 875,
                      "Plan Width": 8,
                      "Actual Startup Time": 1.692,
                      "Actual Total Time": 22.022,
                      "Actual Rows": 2150,
                      "Actual Loops": 3,
                      "Inner Unique": true,
                      "Plans": [
                        {
                          "Node Type": "Bitmap Heap Scan",
                          "Parent Relationship": "Outer",
                          "Parallel Aware": true,
                          "Relation Name": "movie_info",
                          "Alias": "mi",
                          "Startup Cost": 109.79,
                          "Total Cost": 19887.18,
                          "Plan Rows": 2438,
                          "Plan Width": 4,
                          "Actual Startup Time": 1.529,
                          "Actual Total Time": 4.722,
                          "Actual Rows": 2207,
                          "Actual Loops": 3,
                          "Recheck Cond": "(info_type_id = 85)",
                          "Rows Removed by Index Recheck": 0,
                          "Exact Heap Blocks": 686,
                          "Lossy Heap Blocks": 0,
                          "Plans": [
                            {
                              "Node Type": "Bitmap Index Scan",
                              "Parent Relationship": "Outer",
                              "Parallel Aware": false,
                              "Index Name": "info_type_id_movie_info",
                              "Startup Cost": 0.0,
                              "Total Cost": 108.33,
                              "Plan Rows": 5852,
                              "Plan Width": 0,
                              "Actual Startup Time": 3.635,
                              "Actual Total Time": 3.635,
                              "Actual Rows": 6621,
                              "Actual Loops": 1,
                              "Index Cond": "(info_type_id = 85)"
                            }
                          ]
                        },
                        {
                          "Node Type": "Index Scan",
                          "Parent Relationship": "Inner",
                          "Parallel Aware": false,
                          "Scan Direction": "Forward",
                          "Index Name": "title_pkey",
                          "Relation Name": "title",
                          "Alias": "t",
                          "Startup Cost": 0.43,
                          "Total Cost": 7.17,
                          "Plan Rows": 1,
                          "Plan Width": 4,
                          "Actual Startup Time": 0.007,
                          "Actual Total Time": 0.007,
                          "Actual Rows": 1,
                          "Actual Loops": 6621,
                          "Index Cond": "(id = mi.movie_id)",
                          "Rows Removed by Index Recheck": 0,
                          "Filter": "(production_year < 1998)",
                          "Rows Removed by Filter": 0
                        }
                      ]
                    },
                    {
                      "Node Type": "Index Scan",
                      "Parent Relationship": "Inner",
                      "Parallel Aware": false,
                      "Scan Direction": "Forward",
                      "Index Name": "movie_id_movie_companies",
                      "Relation Name": "movie_companies",
                      "Alias": "mc",
                      "Startup Cost": 0.43,
                      "Total Cost": 0.67,
                      "Plan Rows": 1,
                      "Plan Width": 4,
                      "Actual Startup Time": 0.012,
                      "Actual Total Time": 0.014,
                      "Actual Rows": 1,
                      "Actual Loops": 6449,
                      "Index Cond": "(movie_id = t.id)",
                      "Rows Removed by Index Recheck": 0,
                      "Filter": "((company_id < 49) AND (company_type_id < 2))",
                      "Rows Removed by Filter": 17
                    }
                  ]
                }
              ]
            }
          ]
        }
      ]
    },
    "Planning Time": 1.566,
    "Triggers": [],
    "Execution Time": 65.196
  }
]