[
  {
    "Plan": {
      "Node Type": "Aggregate",
      "Strategy": "Plain",
      "Partial Mode": "Finalize",
      "Parallel Aware": false,
      "Startup Cost": 31789.71,
      "Total Cost": 31789.72,
      "Plan Rows": 1,
      "Plan Width": 8,
      "Actual Startup Time": 96.26,
      "Actual Total Time": 100.699,
      "Actual Rows": 1,
      "Actual Loops": 1,
      "Plans": [
        {
          "Node Type": "Gather",
          "Parent Relationship": "Outer",
          "Parallel Aware": false,
          "Startup Cost": 31789.39,
          "Total Cost": 31789.7,
          "Plan Rows": 3,
          "Plan Width": 8,
          "Actual Startup Time": 96.183,
          "Actual Total Time": 100.693,
          "Actual Rows": 4,
          "Actual Loops": 1,
          "Workers Planned": 3,
          "Workers Launched": 3,
          "Single Copy": false,
          "Plans": [
            {
              "Node Type": "Aggregate",
              "Strategy": "Plain",
              "Partial Mode": "Partial",
              "Parent Relationship": "Outer",
              "Parallel Aware": false,
              "Startup Cost": 30789.39,
              "Total Cost": 30789.4,
              "Plan Rows": 1,
              "Plan Width": 8,
              "Actual Startup Time": 91.846,
              "Actual Total Time": 91.846,
              "Actual Rows": 1,
              "Actual Loops": 4,
              "Plans": [
                {
                  "Node Type": "Seq Scan",
                  "Parent Relationship": "Outer",
                  "Parallel Aware": true,
                  "Relation Name": "movie_companies",
                  "Alias": "mc",
                  "Startup Cost": 0.0,
                  "Total Cost": 29310.68,
                  "Plan Rows": 591483,
                  "Plan Width": 0,
                  "Actual Startup Time": 0.028,
                  "Actual Total Time": 69.967,
                  "Actual Rows": 458188,
                  "Actual Loops": 4,
                  "Filter": "(company_id < 33042)",
                  "Rows Removed by Filter": 194094
                }
              ]
            }
          ]
        }
      ]
    },
    "Planning Time": 0.064,
    "Triggers": [],
    "Execution Time": 100.723
  }
]