[
  {
    "Plan": {
      "Node Type": "Aggregate",
      "Strategy": "Plain",
      "Partial Mode": "Finalize",
      "Parallel Aware": false,
      "Startup Cost": 381280.35,
      "Total Cost": 381280.36,
      "Plan Rows": 1,
      "Plan Width": 8,
      "Actual Startup Time": 2139.911,
      "Actual Total Time": 2187.088,
      "Actual Rows": 1,
      "Actual Loops": 1,
      "Plans": [
        {
          "Node Type": "Gather",
          "Parent Relationship": "Outer",
          "Parallel Aware": false,
          "Startup Cost": 381279.73,
          "Total Cost": 381280.34,
          "Plan Rows": 6,
          "Plan Width": 8,
          "Actual Startup Time": 2136.583,
          "Actual Total Time": 2187.055,
          "Actual Rows": 7,
          "Actual Loops": 1,
          "Workers Planned": 6,
          "Workers Launched": 6,
          "Single Copy": false,
          "Plans": [
            {
              "Node Type": "Aggregate",
              "Strategy": "Plain",
              "Partial Mode": "Partial",
              "Parent Relationship": "Outer",
              "Parallel Aware": false,
              "Startup Cost": 380279.73,
              "Total Cost": 380279.74,
              "Plan Rows": 1,
              "Plan Width": 8,
              "Actual Startup Time": 2127.582,
              "Actual Total Time": 2127.585,
              "Actual Rows": 1,
              "Actual Loops": 7,
              "Plans": [
                {
                  "Node Type": "Hash Join",
                  "Parent Relationship": "Outer",
                  "Parallel Aware": true,
                  "Join Type": "Inner",
                  "Startup Cost": 47483.06,
                  "Total Cost": 376449.72,
                  "Plan Rows": 1532004,
                  "Plan Width": 0,
                  "Actual Startup Time": 124.077,
                  "Actual Total Time": 2047.773,
                  "Actual Rows": 1479467,
                  "Actual Loops": 7,
                  "Inner Unique": true,
                  "Hash Cond": "(ci.movie_id = t.id)",
                  "Plans": [
                    {
                      "Node Type": "Seq Scan",
                      "Parent Relationship": "Outer",
                      "Parallel Aware": true,
                      "Relation Name": "cast_info",
                      "Alias": "ci",
                      "Startup Cost": 0.0,
                      "Total Cost": 313106.51,
                      "Plan Rows": 6041951,
                      "Plan Width": 4,
                      "Actual Startup Time": 0.035,
                      "Actual Total Time": 601.251,
                      "Actual Rows": 5177763,
                      "Actual Loops": 7
                    },
                    {
                      "Node Type": "Hash",
                      "Parent Relationship": "Inner",
                      "Parallel Aware": true,
                      "Startup Cost": 45479.59,
                      "Total Cost": 45479.59,
                      "Plan Rows": 160278,
                      "Plan Width": 4,
                      "Actual Startup Time": 122.068,
                      "Actual Total Time": 122.068,
                      "Actual Rows": 93759,
                      "Actual Loops": 7,
                      "Hash Buckets": 1048576,
                      "Original Hash Buckets": 1048576,
                      "Hash Batches": 1,
                      "Original Hash Batches": 1,
                      "Peak Memory Usage": 34016,
                      "Plans": [
                        {
                          "Node Type": "Seq Scan",
                          "Parent Relationship": "Outer",
                          "Parallel Aware": true,
                          "Relation Name": "title",
                          "Alias": "t",
                          "Startup Cost": 0.0,
                          "Total Cost": 45479.59,
                          "Plan Rows": 160278,
                          "Plan Width": 4,
                          "Actual Startup Time": 38.062,
                          "Actual Total Time": 79.579,
                          "Actual Rows": 93759,
                          "Actual Loops": 7,
                          "Filter": "((production_year > 0) AND (kind_id = 1))",
                          "Rows Removed by Filter": 267429
                        }
                      ]
                    }
                  ]
                }
              ]
            }
          ]
        }
      ]
    },
    "Planning Time": 0.23,
    "Triggers": [],
    "Execution Time": 2187.152
  }
]