[
    {
        "Bao": {
            "Bao prediction": 462.552,
            "Bao recommended hint": "(no hint)"
        }
    },
    {
        "Plan": {
            "Node Type": "Aggregate",
            "Strategy": "Plain",
            "Partial Mode": "Finalize",
            "Parallel Aware": false,
            "Startup Cost": 31156.72,
            "Total Cost": 31156.73,
            "Plan Rows": 1,
            "Plan Width": 8,
            "Actual Startup Time": 124.897,
            "Actual Total Time": 130.725,
            "Actual Rows": 1,
            "Actual Loops": 1,
            "Output": [
                "count(*)"
            ],
            "Plans": [
                {
                    "Node Type": "Gather",
                    "Parent Relationship": "Outer",
                    "Parallel Aware": false,
                    "Startup Cost": 31156.4,
                    "Total Cost": 31156.71,
                    "Plan Rows": 3,
                    "Plan Width": 8,
                    "Actual Startup Time": 124.794,
                    "Actual Total Time": 130.717,
                    "Actual Rows": 4,
                    "Actual Loops": 1,
                    "Output": [
                        "(PARTIAL count(*))"
                    ],
                    "Workers Planned": 3,
                    "Workers Launched": 3,
                    "Single Copy": false,
                    "Plans": [
                        {
                            "Node Type": "Aggregate",
                            "Strategy": "Plain",
                            "Partial Mode": "Partial",
                            "Parent Relationship": "Outer",
                            "Parallel Aware": false,
                            "Startup Cost": 30156.4,
                            "Total Cost": 30156.41,
                            "Plan Rows": 1,
                            "Plan Width": 8,
                            "Actual Startup Time": 117.037,
                            "Actual Total Time": 117.038,
                            "Actual Rows": 1,
                            "Actual Loops": 4,
                            "Output": [
                                "PARTIAL count(*)"
                            ],
                            "Workers": [
                                {
                                    "Worker Number": 0,
                                    "Actual Startup Time": 114.31,
                                    "Actual Total Time": 114.311,
                                    "Actual Rows": 1,
                                    "Actual Loops": 1
                                },
                                {
                                    "Worker Number": 1,
                                    "Actual Startup Time": 114.653,
                                    "Actual Total Time": 114.654,
                                    "Actual Rows": 1,
                                    "Actual Loops": 1
                                },
                                {
                                    "Worker Number": 2,
                                    "Actual Startup Time": 114.99,
                                    "Actual Total Time": 114.991,
                                    "Actual Rows": 1,
                                    "Actual Loops": 1
                                }
                            ],
                            "Plans": [
                                {
                                    "Node Type": "Seq Scan",
                                    "Parent Relationship": "Outer",
                                    "Parallel Aware": true,
                                    "Relation Name": "movie_companies",
                                    "Schema": "public",
                                    "Alias": "mc",
                                    "Startup Cost": 0.0,
                                    "Total Cost": 29310.68,
                                    "Plan Rows": 338288,
                                    "Plan Width": 0,
                                    "Actual Startup Time": 23.421,
                                    "Actual Total Time": 99.14,
                                    "Actual Rows": 263533,
                                    "Actual Loops": 4,
                                    "Output": [
                                        "id",
                                        "movie_id",
                                        "company_id",
                                        "company_type_id",
                                        "note"
                                    ],
                                    "Filter": "(mc.company_id > 14888)",
                                    "Rows Removed by Filter": 388749,
                                    "Workers": [
                                        {
                                            "Worker Number": 0,
                                            "Actual Startup Time": 20.689,
                                            "Actual Total Time": 97.165,
                                            "Actual Rows": 247811,
                                            "Actual Loops": 1
                                        },
                                        {
                                            "Worker Number": 1,
                                            "Actual Startup Time": 21.033,
                                            "Actual Total Time": 97.266,
                                            "Actual Rows": 251371,
                                            "Actual Loops": 1
                                        },
                                        {
                                            "Worker Number": 2,
                                            "Actual Startup Time": 21.383,
                                            "Actual Total Time": 97.585,
                                            "Actual Rows": 253074,
                                            "Actual Loops": 1
                                        }
                                    ]
                                }
                            ]
                        }
                    ]
                }
            ]
        },
        "Planning Time": 871.695,
        "Triggers": [],
        "Execution Time": 130.809
    }
]