[
  {
    "Plan": {
      "Node Type": "Aggregate",
      "Strategy": "Plain",
      "Partial Mode": "Finalize",
      "Parallel Aware": false,
      "Startup Cost": 45829.32,
      "Total Cost": 45829.33,
      "Plan Rows": 1,
      "Plan Width": 8,
      "Actual Startup Time": 160.885,
      "Actual Total Time": 169.585,
      "Actual Rows": 1,
      "Actual Loops": 1,
      "Plans": [
        {
          "Node Type": "Gather",
          "Parent Relationship": "Outer",
          "Parallel Aware": false,
          "Startup Cost": 45829.0,
          "Total Cost": 45829.31,
          "Plan Rows": 3,
          "Plan Width": 8,
          "Actual Startup Time": 160.784,
          "Actual Total Time": 169.575,
          "Actual Rows": 4,
          "Actual Loops": 1,
          "Workers Planned": 3,
          "Workers Launched": 3,
          "Single Copy": false,
          "Plans": [
            {
              "Node Type": "Aggregate",
              "Strategy": "Plain",
              "Partial Mode": "Partial",
              "Parent Relationship": "Outer",
              "Parallel Aware": false,
              "Startup Cost": 44829.0,
              "Total Cost": 44829.01,
              "Plan Rows": 1,
              "Plan Width": 8,
              "Actual Startup Time": 153.908,
              "Actual Total Time": 153.909,
              "Actual Rows": 1,
              "Actual Loops": 4,
              "Plans": [
                {
                  "Node Type": "Seq Scan",
                  "Parent Relationship": "Outer",
                  "Parallel Aware": true,
                  "Relation Name": "movie_keyword",
                  "Alias": "mk",
                  "Startup Cost": 0.0,
                  "Total Cost": 42695.65,
                  "Plan Rows": 853338,
                  "Plan Width": 0,
                  "Actual Startup Time": 0.054,
                  "Actual Total Time": 122.317,
                  "Actual Rows": 659742,
                  "Actual Loops": 4,
                  "Filter": "(keyword_id < 7281)",
                  "Rows Removed by Filter": 471241
                }
              ]
            }
          ]
        }
      ]
    },
    "Planning Time": 0.183,
    "Triggers": [],
    "Execution Time": 169.641
  }
]