[
  {
    "Plan": {
      "Node Type": "Aggregate",
      "Strategy": "Plain",
      "Partial Mode": "Finalize",
      "Parallel Aware": false,
      "Startup Cost": 400291.06,
      "Total Cost": 400291.07,
      "Plan Rows": 1,
      "Plan Width": 8,
      "Actual Startup Time": 1446.444,
      "Actual Total Time": 1504.808,
      "Actual Rows": 1,
      "Actual Loops": 1,
      "Plans": [
        {
          "Node Type": "Gather",
          "Parent Relationship": "Outer",
          "Parallel Aware": false,
          "Startup Cost": 400290.44,
          "Total Cost": 400291.05,
          "Plan Rows": 6,
          "Plan Width": 8,
          "Actual Startup Time": 1434.335,
          "Actual Total Time": 1504.78,
          "Actual Rows": 7,
          "Actual Loops": 1,
          "Workers Planned": 6,
          "Workers Launched": 6,
          "Single Copy": false,
          "Plans": [
            {
              "Node Type": "Aggregate",
              "Strategy": "Plain",
              "Partial Mode": "Partial",
              "Parent Relationship": "Outer",
              "Parallel Aware": false,
              "Startup Cost": 399290.44,
              "Total Cost": 399290.45,
              "Plan Rows": 1,
              "Plan Width": 8,
              "Actual Startup Time": 1419.339,
              "Actual Total Time": 1419.342,
              "Actual Rows": 1,
              "Actual Loops": 7,
              "Plans": [
                {
                  "Node Type": "Hash Join",
                  "Parent Relationship": "Outer",
                  "Parallel Aware": true,
                  "Join Type": "Inner",
                  "Startup Cost": 50488.39,
                  "Total Cost": 397202.8,
                  "Plan Rows": 835056,
                  "Plan Width": 0,
                  "Actual Startup Time": 503.497,
                  "Actual Total Time": 1374.923,
                  "Actual Rows": 1081540,
                  "Actual Loops": 7,
                  "Inner Unique": true,
                  "Hash Cond": "(ci.movie_id = t.id)",
                  "Plans": [
                    {
                      "Node Type": "Seq Scan",
                      "Parent Relationship": "Outer",
                      "Parallel Aware": true,
                      "Relation Name": "cast_info",
                      "Alias": "ci",
                      "Startup Cost": 0.0,
                      "Total Cost": 343257.03,
                      "Plan Rows": 1317093,
                      "Plan Width": 4,
                      "Actual Startup Time": 306.05,
                      "Actual Total Time": 599.303,
                      "Actual Rows": 1580380,
                      "Actual Loops": 7,
                      "Filter": "((person_id > 1874941) AND (role_id > 2))",
                      "Rows Removed by Filter": 3597384
                    },
                    {
                      "Node Type": "Hash",
                      "Parent Relationship": "Inner",
                      "Parallel Aware": true,
                      "Startup Cost": 45479.1,
                      "Total Cost": 45479.1,
                      "Plan Rows": 400743,
                      "Plan Width": 4,
                      "Actual Startup Time": 192.387,
                      "Actual Total Time": 192.388,
                      "Actual Rows": 244205,
                      "Actual Loops": 7,
                      "Hash Buckets": 2097152,
                      "Original Hash Buckets": 2097152,
                      "Hash Batches": 1,
                      "Original Hash Batches": 1,
                      "Peak Memory Usage": 83328,
                      "Plans": [
                        {
                          "Node Type": "Seq Scan",
                          "Parent Relationship": "Outer",
                          "Parallel Aware": true,
                          "Relation Name": "title",
                          "Alias": "t",
                          "Startup Cost": 0.0,
                          "Total Cost": 45479.1,
                          "Plan Rows": 400743,
                          "Plan Width": 4,
                          "Actual Startup Time": 0.043,
                          "Actual Total Time": 78.149,
                          "Actual Rows": 244205,
                          "Actual Loops": 7,
                          "Filter": "((kind_id > 1) AND (production_year > 1964))",
                          "Rows Removed by Filter": 116982
                        }
                      ]
                    }
                  ]
                }
              ]
            }
          ]
        }
      ]
    },
    "Planning Time": 0.618,
    "Triggers": [],
    "Execution Time": 1504.896
  }
]