[
  {
    "Plan": {
      "Node Type": "Aggregate",
      "Strategy": "Plain",
      "Partial Mode": "Simple",
      "Parallel Aware": false,
      "Startup Cost": 16265.0,
      "Total Cost": 16265.01,
      "Plan Rows": 1,
      "Plan Width": 8,
      "Actual Startup Time": 3.548,
      "Actual Total Time": 3.549,
      "Actual Rows": 1,
      "Actual Loops": 1,
      "Plans": [
        {
          "Node Type": "Bitmap Heap Scan",
          "Parent Relationship": "Outer",
          "Parallel Aware": false,
          "Relation Name": "movie_companies",
          "Alias": "mc",
          "Startup Cost": 209.11,
          "Total Cost": 16252.82,
          "Plan Rows": 4869,
          "Plan Width": 0,
          "Actual Startup Time": 0.392,
          "Actual Total Time": 3.037,
          "Actual Rows": 8843,
          "Actual Loops": 1,
          "Recheck Cond": "(company_id > 226521)",
          "Rows Removed by Index Recheck": 0,
          "Filter": "(company_type_id = 2)",
          "Rows Removed by Filter": 0,
          "Exact Heap Blocks": 405,
          "Lossy Heap Blocks": 0,
          "Plans": [
            {
              "Node Type": "Bitmap Index Scan",
              "Parent Relationship": "Outer",
              "Parallel Aware": false,
              "Index Name": "company_id_movie_companies",
              "Startup Cost": 0.0,
              "Total Cost": 207.89,
              "Plan Rows": 9528,
              "Plan Width": 0,
              "Actual Startup Time": 0.345,
              "Actual Total Time": 0.345,
              "Actual Rows": 8843,
              "Actual Loops": 1,
              "Index Cond": "(company_id > 226521)"
            }
          ]
        }
      ]
    },
    "Planning Time": 0.12,
    "Triggers": [],
    "Execution Time": 3.576
  }
]