[
  {
    "Plan": {
      "Node Type": "Aggregate",
      "Strategy": "Plain",
      "Partial Mode": "Finalize",
      "Parallel Aware": false,
      "Startup Cost": 353398.81,
      "Total Cost": 353398.82,
      "Plan Rows": 1,
      "Plan Width": 8,
      "Actual Startup Time": 890.478,
      "Actual Total Time": 951.057,
      "Actual Rows": 1,
      "Actual Loops": 1,
      "Plans": [
        {
          "Node Type": "Gather",
          "Parent Relationship": "Outer",
          "Parallel Aware": false,
          "Startup Cost": 353398.18,
          "Total Cost": 353398.79,
          "Plan Rows": 6,
          "Plan Width": 8,
          "Actual Startup Time": 890.345,
          "Actual Total Time": 951.038,
          "Actual Rows": 7,
          "Actual Loops": 1,
          "Workers Planned": 6,
          "Workers Launched": 6,
          "Single Copy": false,
          "Plans": [
            {
              "Node Type": "Aggregate",
              "Strategy": "Plain",
              "Partial Mode": "Partial",
              "Parent Relationship": "Outer",
              "Parallel Aware": false,
              "Startup Cost": 352398.18,
              "Total Cost": 352398.19,
              "Plan Rows": 1,
              "Plan Width": 8,
              "Actual Startup Time": 879.826,
              "Actual Total Time": 879.827,
              "Actual Rows": 1,
              "Actual Loops": 7,
              "Plans": [
                {
                  "Node Type": "Seq Scan",
                  "Parent Relationship": "Outer",
                  "Parallel Aware": true,
                  "Relation Name": "cast_info",
                  "Alias": "ci",
                  "Startup Cost": 0.0,
                  "Total Cost": 343257.03,
                  "Plan Rows": 3656461,
                  "Plan Width": 0,
                  "Actual Startup Time": 0.052,
                  "Actual Total Time": 723.27,
                  "Actual Rows": 3465391,
                  "Actual Loops": 7,
                  "Filter": "((person_id < 2612063) AND (role_id < 10))",
                  "Rows Removed by Filter": 1712372
                }
              ]
            }
          ]
        }
      ]
    },
    "Planning Time": 0.266,
    "Triggers": [],
    "Execution Time": 951.145
  }
]