[
  {
    "Plan": {
      "Node Type": "Aggregate",
      "Strategy": "Plain",
      "Partial Mode": "Finalize",
      "Parallel Aware": false,
      "Startup Cost": 46773.14,
      "Total Cost": 46773.15,
      "Plan Rows": 1,
      "Plan Width": 8,
      "Actual Startup Time": 101.182,
      "Actual Total Time": 112.629,
      "Actual Rows": 1,
      "Actual Loops": 1,
      "Plans": [
        {
          "Node Type": "Gather",
          "Parent Relationship": "Outer",
          "Parallel Aware": false,
          "Startup Cost": 46772.72,
          "Total Cost": 46773.13,
          "Plan Rows": 4,
          "Plan Width": 8,
          "Actual Startup Time": 101.042,
          "Actual Total Time": 112.619,
          "Actual Rows": 5,
          "Actual Loops": 1,
          "Workers Planned": 4,
          "Workers Launched": 4,
          "Single Copy": false,
          "Plans": [
            {
              "Node Type": "Aggregate",
              "Strategy": "Plain",
              "Partial Mode": "Partial",
              "Parent Relationship": "Outer",
              "Parallel Aware": false,
              "Startup Cost": 45772.72,
              "Total Cost": 45772.73,
              "Plan Rows": 1,
              "Plan Width": 8,
              "Actual Startup Time": 92.32,
              "Actual Total Time": 92.321,
              "Actual Rows": 1,
              "Actual Loops": 5,
              "Plans": [
                {
                  "Node Type": "Seq Scan",
                  "Parent Relationship": "Outer",
                  "Parallel Aware": true,
                  "Relation Name": "title",
                  "Alias": "t",
                  "Startup Cost": 0.0,
                  "Total Cost": 45479.1,
                  "Plan Rows": 117450,
                  "Plan Width": 0,
                  "Actual Startup Time": 0.048,
                  "Actual Total Time": 88.407,
                  "Actual Rows": 73417,
                  "Actual Loops": 5,
                  "Filter": "((kind_id < 4) AND (production_year > 2000))",
                  "Rows Removed by Filter": 432245
                }
              ]
            }
          ]
        }
      ]
    },
    "Planning Time": 0.191,
    "Triggers": [],
    "Execution Time": 112.694
  }
]