[
  {
    "Plan": {
      "Node Type": "Aggregate",
      "Strategy": "Plain",
      "Partial Mode": "Simple",
      "Parallel Aware": false,
      "Startup Cost": 8884.45,
      "Total Cost": 8884.46,
      "Plan Rows": 1,
      "Plan Width": 96,
      "Actual Startup Time": 162.163,
      "Actual Total Time": 162.168,
      "Actual Rows": 1,
      "Actual Loops": 1,
      "Plans": [
        {
          "Node Type": "Nested Loop",
          "Parent Relationship": "Outer",
          "Parallel Aware": false,
          "Join Type": "Inner",
          "Startup Cost": 3.4,
          "Total Cost": 8884.44,
          "Plan Rows": 1,
          "Plan Width": 60,
          "Actual Startup Time": 61.594,
          "Actual Total Time": 160.765,
          "Actual Rows": 6932,
          "Actual Loops": 1,
          "Inner Unique": true,
          "Plans": [
            {
              "Node Type": "Nested Loop",
              "Parent Relationship": "Outer",
              "Parallel Aware": false,
              "Join Type": "Inner",
              "Startup Cost": 3.26,
              "Total Cost": 8884.28,
              "Plan Rows": 1,
              "Plan Width": 64,
              "Actual Startup Time": 61.58,
              "Actual Total Time": 155.273,
              "Actual Rows": 6932,
              "Actual Loops": 1,
              "Inner Unique": true,
              "Plans": [
                {
                  "Node Type": "Nested Loop",
                  "Parent Relationship": "Outer",
                  "Parallel Aware": false,
                  "Join Type": "Inner",
                  "Startup Cost": 3.13,
                  "Total Cost": 8884.12,
                  "Plan Rows": 1,
                  "Plan Width": 68,
                  "Actual Startup Time": 61.57,
                  "Actual Total Time": 149.941,
                  "Actual Rows": 6932,
                  "Actual Loops": 1,
                  "Inner Unique": true,
                  "Plans": [
                    {
                      "Node Type": "Nested Loop",
                      "Parent Relationship": "Outer",
                      "Parallel Aware": false,
                      "Join Type": "Inner",
                      "Startup Cost": 2.71,
                      "Total Cost": 8861.75,
                      "Plan Rows": 49,
                      "Plan Width": 53,
                      "Actual Startup Time": 59.178,
                      "Actual Total Time": 128.879,
                      "Actual Rows": 15090,
                      "Actual Loops": 1,
                      "Inner Unique": false,
                      "Join Filter": "(ml.movie_id = mc.movie_id)",
                      "Rows Removed by Join Filter": 0,
                      "Plans": [
                        {
                          "Node Type": "Nested Loop",
                          "Parent Relationship": "Outer",
                          "Parallel Aware": false,
                          "Join Type": "Inner",
                          "Startup Cost": 2.28,
                          "Total Cost": 8851.31,
                          "Plan Rows": 18,
                          "Plan Width": 33,
                          "Actual Startup Time": 59.128,
                          "Actual Total Time": 121.174,
                          "Actual Rows": 1374,
                          "Actual Loops": 1,
                          "Inner Unique": true,
                          "Join Filter": "(ml.movie_id = t.id)",
                          "Rows Removed by Join Filter": 0,
                          "Plans": [
                            {
                              "Node Type": "Merge Join",
                              "Parent Relationship": "Outer",
                              "Parallel Aware": false,
                              "Join Type": "Inner",
                              "Startup Cost": 1.85,
                              "Total Cost": 8835.74,
                              "Plan Rows": 31,
                              "Plan Width": 12,
                              "Actual Startup Time": 58.979,
                              "Actual Total Time": 116.898,
                              "Actual Rows": 1460,
                              "Actual Loops": 1,
                              "Inner Unique": false,
                              "Merge Cond": "(mk.movie_id = ml.movie_id)",
                              "Plans": [
                                {
                                  "Node Type": "Nested Loop",
                                  "Parent Relationship": "Outer",
                                  "Parallel Aware": false,
                                  "Join Type": "Inner",
                                  "Startup Cost": 0.85,
                                  "Total Cost": 386228.46,
                                  "Plan Rows": 101,
                                  "Plan Width": 4,
                                  "Actual Startup Time": 58.932,
                                  "Actual Total Time": 110.802,
                                  "Actual Rows": 481,
                                  "Actual Loops": 1,
                                  "Inner Unique": true,
                                  "Join Filter": "(k.id = mk.keyword_id)",
                                  "Rows Removed by Join Filter": 292904,
                                  "Plans": [
                                    {
                                      "Node Type": "Index Scan",
                                      "Parent Relationship": "Outer",
                                      "Parallel Aware": false,
                                      "Scan Direction": "Forward",
                                      "Index Name": "movie_id_movie_keyword",
                                      "Relation Name": "movie_keyword",
                                      "Alias": "mk",
                                      "Startup Cost": 0.43,
                                      "Total Cost": 177141.91,
                                      "Plan Rows": 4523930,
                                      "Plan Width": 8,
                                      "Actual Startup Time": 0.013,
                                      "Actual Total Time": 16.771,
                                      "Actual Rows": 98055,
                                      "Actual Loops": 1
                                    },
                                    {
                                      "Node Type": "Materialize",
                                      "Parent Relationship": "Inner",
                                      "Parallel Aware": false,
                                      "Startup Cost": 0.42,
                                      "Total Cost": 5510.47,
                                      "Plan Rows": 3,
                                      "Plan Width": 4,
                                      "Actual Startup Time": 0.0,
                                      "Actual Total Time": 0.001,
                                      "Actual Rows": 3,
                                      "Actual Loops": 98055,
                                      "Plans": [
                                        {
                                          "Node Type": "Index Scan",
                                          "Parent Relationship": "Outer",
                                          "Parallel Aware": false,
                                          "Scan Direction": "Forward",
                                          "Index Name": "keyword_pkey",
                                          "Relation Name": "keyword",
                                          "Alias": "k",
                                          "Startup Cost": 0.42,
                                          "Total Cost": 5510.46,
                                          "Plan Rows": 3,
                                          "Plan Width": 4,
                                          "Actual Startup Time": 1.113,
                                          "Actual Total Time": 58.686,
                                          "Actual Rows": 3,
                                          "Actual Loops": 1,
                                          "Filter": "(keyword = ANY ('{sequel,revenge,based-on-novel}'::text[]))",
                                          "Rows Removed by Filter": 134167
                                        }
                                      ]
                                    }
                                  ]
                                },
                                {
                                  "Node Type": "Index Scan",
                                  "Parent Relationship": "Inner",
                                  "Parallel Aware": false,
                                  "Scan Direction": "Forward",
                                  "Index Name": "movie_id_movie_link",
                                  "Relation Name": "movie_link",
                                  "Alias": "ml",
                                  "Startup Cost": 0.29,
                                  "Total Cost": 1111.51,
                                  "Plan Rows": 29997,
                                  "Plan Width": 8,
                                  "Actual Startup Time": 0.014,
                                  "Actual Total Time": 4.127,
                                  "Actual Rows": 30043,
                                  "Actual Loops": 1
                                }
                              ]
                            },
                            {
                              "Node Type": "Index Scan",
                              "Parent Relationship": "Inner",
                              "Parallel Aware": false,
                              "Scan Direction": "Forward",
                              "Index Name": "title_pkey",
                              "Relation Name": "title",
                              "Alias": "t",
                              "Startup Cost": 0.43,
                              "Total Cost": 0.49,
                              "Plan Rows": 1,
                              "Plan Width": 21,
                              "Actual Startup Time": 0.003,
                              "Actual Total Time": 0.003,
                              "Actual Rows": 1,
                              "Actual Loops": 1460,
                              "Index Cond": "(id = mk.movie_id)",
                              "Rows Removed by Index Recheck": 0,
                              "Filter": "(production_year < 2006)",
                              "Rows Removed by Filter": 0
                            }
                          ]
                        },
                        {
                          "Node Type": "Index Scan",
                          "Parent Relationship": "Inner",
                          "Parallel Aware": false,
                          "Scan Direction": "Forward",
                          "Index Name": "movie_id_movie_companies",
                          "Relation Name": "movie_companies",
                          "Alias": "mc",
                          "Startup Cost": 0.43,
                          "Total Cost": 0.54,
                          "Plan Rows": 3,
                          "Plan Width": 36,
                          "Actual Startup Time": 0.002,
                          "Actual Total Time": 0.004,
                          "Actual Rows": 11,
                          "Actual Loops": 1374,
                          "Index Cond": "(movie_id = mk.movie_id)",
                          "Rows Removed by Index Recheck": 0,
                          "Filter": "(note IS NOT NULL)",
                          "Rows Removed by Filter": 2
                        }
                      ]
                    },
                    {
                      "Node Type": "Index Scan",
                      "Parent Relationship": "Inner",
                      "Parallel Aware": false,
                      "Scan Direction": "Forward",
                      "Index Name": "company_name_pkey",
                      "Relation Name": "company_name",
                      "Alias": "cn",
                      "Startup Cost": 0.42,
                      "Total Cost": 0.46,
                      "Plan Rows": 1,
                      "Plan Width": 23,
                      "Actual Startup Time": 0.001,
                      "Actual Total Time": 0.001,
                      "Actual Rows": 0,
                      "Actual Loops": 15090,
                      "Index Cond": "(id = mc.company_id)",
                      "Rows Removed by Index Recheck": 0,
                      "Filter": "(((country_code)::text <> '[pl]'::text) AND ((name ~~ '20th Century Fox%'::text) OR (name ~~ 'Twentieth Century Fox%'::text)))",
                      "Rows Removed by Filter": 1
                    }
                  ]
                },
                {
                  "Node Type": "Index Scan",
                  "Parent Relationship": "Inner",
                  "Parallel Aware": false,
                  "Scan Direction": "Forward",
                  "Index Name": "company_type_pkey",
                  "Relation Name": "company_type",
                  "Alias": "ct",
                  "Startup Cost": 0.13,
                  "Total Cost": 0.15,
                  "Plan Rows": 1,
                  "Plan Width": 4,
                  "Actual Startup Time": 0.001,
                  "Actual Total Time": 0.001,
                  "Actual Rows": 1,
                  "Actual Loops": 6932,
                  "Index Cond": "(id = mc.company_type_id)",
                  "Rows Removed by Index Recheck": 0,
                  "Filter": "((kind IS NOT NULL) AND ((kind)::text <> 'production companies'::text))",
                  "Rows Removed by Filter": 0
                }
              ]
            },
            {
              "Node Type": "Index Only Scan",
              "Parent Relationship": "Inner",
              "Parallel Aware": false,
              "Scan Direction": "Forward",
              "Index Name": "link_type_pkey",
              "Relation Name": "link_type",
              "Alias": "lt",
              "Startup Cost": 0.14,
              "Total Cost": 0.16,
              "Plan Rows": 1,
              "Plan Width": 4,
              "Actual Startup Time": 0.001,
              "Actual Total Time": 0.001,
              "Actual Rows": 1,
              "Actual Loops": 6932,
              "Index Cond": "(id = ml.link_type_id)",
              "Rows Removed by Index Recheck": 0,
              "Heap Fetches": 6932
            }
          ]
        }
      ]
    },
    "Planning Time": 17.382,
    "Triggers": [],
    "Execution Time": 162.586
  }
]