{
  "Plan": {
    "Node Type": "Aggregate",
    "Strategy": "Plain",
    "Partial Mode": "Finalize",
    "Parallel Aware": false,
    "Startup Cost": 126126.97,
    "Total Cost": 126126.98,
    "Plan Rows": 1,
    "Plan Width": 8,
    "Actual Startup Time": 720.773,
    "Actual Total Time": 734.16,
    "Actual Rows": 1,
    "Actual Loops": 1,
    "Plans": [
      {
        "Node Type": "Gather",
        "Parent Relationship": "Outer",
        "Parallel Aware": false,
        "Startup Cost": 126126.86,
        "Total Cost": 126126.97,
        "Plan Rows": 1,
        "Plan Width": 8,
        "Actual Startup Time": 719.691,
        "Actual Total Time": 734.153,
        "Actual Rows": 2,
        "Actual Loops": 1,
        "Workers Planned": 1,
        "Workers Launched": 1,
        "Single Copy": false,
        "Plans": [
          {
            "Node Type": "Aggregate",
            "Strategy": "Plain",
            "Partial Mode": "Partial",
            "Parent Relationship": "Outer",
            "Parallel Aware": false,
            "Startup Cost": 125126.86,
            "Total Cost": 125126.87,
            "Plan Rows": 1,
            "Plan Width": 8,
            "Actual Startup Time": 714.099,
            "Actual Total Time": 714.102,
            "Actual Rows": 1,
            "Actual Loops": 2,
            "Plans": [
              {
                "Node Type": "Hash Join",
                "Parent Relationship": "Outer",
                "Parallel Aware": true,
                "Join Type": "Inner",
                "Startup Cost": 60132.04,
                "Total Cost": 123517.39,
                "Plan Rows": 643788,
                "Plan Width": 0,
                "Actual Startup Time": 236.078,
                "Actual Total Time": 663.174,
                "Actual Rows": 1247752,
                "Actual Loops": 2,
                "Inner Unique": true,
                "Hash Cond": "(mk.movie_id = t.id)",
                "Plans": [
                  {
                    "Node Type": "Seq Scan",
                    "Parent Relationship": "Outer",
                    "Parallel Aware": true,
                    "Relation Name": "movie_keyword",
                    "Alias": "mk",
                    "Startup Cost": 0.0,
                    "Total Cost": 57718.19,
                    "Plan Rows": 2158914,
                    "Plan Width": 4,
                    "Actual Startup Time": 0.057,
                    "Actual Total Time": 192.139,
                    "Actual Rows": 1832260,
                    "Actual Loops": 2,
                    "Filter": "(keyword_id > 816)",
                    "Rows Removed by Filter": 429706
                  },
                  {
                    "Node Type": "Hash",
                    "Parent Relationship": "Inner",
                    "Parallel Aware": true,
                    "Startup Cost": 54588.39,
                    "Total Cost": 54588.39,
                    "Plan Rows": 443492,
                    "Plan Width": 4,
                    "Actual Startup Time": 227.421,
                    "Actual Total Time": 227.421,
                    "Actual Rows": 376838,
                    "Actual Loops": 2,
                    "Hash Buckets": 1048576,
                    "Original Hash Buckets": 1048576,
                    "Hash Batches": 1,
                    "Original Hash Batches": 1,
                    "Peak Memory Usage": 37696,
                    "Plans": [
                      {
                        "Node Type": "Seq Scan",
                        "Parent Relationship": "Outer",
                        "Parallel Aware": true,
                        "Relation Name": "title",
                        "Alias": "t",
                        "Startup Cost": 0.0,
                        "Total Cost": 54588.39,
                        "Plan Rows": 443492,
                        "Plan Width": 4,
                        "Actual Startup Time": 0.034,
                        "Actual Total Time": 141.274,
                        "Actual Rows": 376838,
                        "Actual Loops": 2,
                        "Filter": "(kind_id < 3)",
                        "Rows Removed by Filter": 887318
                      }
                    ]
                  }
                ]
              }
            ]
          }
        ]
      }
    ]
  },
  "Planning Time": 0.594,
  "Triggers": [],
  "Execution Time": 734.279
}