[
  {
    "Plan": {
      "Node Type": "Aggregate",
      "Strategy": "Plain",
      "Partial Mode": "Finalize",
      "Parallel Aware": false,
      "Startup Cost": 97903.32,
      "Total Cost": 97903.33,
      "Plan Rows": 1,
      "Plan Width": 8,
      "Actual Startup Time": 489.527,
      "Actual Total Time": 505.436,
      "Actual Rows": 1,
      "Actual Loops": 1,
      "Plans": [
        {
          "Node Type": "Gather",
          "Parent Relationship": "Outer",
          "Parallel Aware": false,
          "Startup Cost": 97903.01,
          "Total Cost": 97903.32,
          "Plan Rows": 3,
          "Plan Width": 8,
          "Actual Startup Time": 483.449,
          "Actual Total Time": 505.427,
          "Actual Rows": 4,
          "Actual Loops": 1,
          "Workers Planned": 3,
          "Workers Launched": 3,
          "Single Copy": false,
          "Plans": [
            {
              "Node Type": "Aggregate",
              "Strategy": "Plain",
              "Partial Mode": "Partial",
              "Parent Relationship": "Outer",
              "Parallel Aware": false,
              "Startup Cost": 96903.01,
              "Total Cost": 96903.02,
              "Plan Rows": 1,
              "Plan Width": 8,
              "Actual Startup Time": 474.681,
              "Actual Total Time": 474.684,
              "Actual Rows": 1,
              "Actual Loops": 4,
              "Plans": [
                {
                  "Node Type": "Hash Join",
                  "Parent Relationship": "Outer",
                  "Parallel Aware": true,
                  "Join Type": "Inner",
                  "Startup Cost": 49379.95,
                  "Total Cost": 95359.26,
                  "Plan Rows": 617497,
                  "Plan Width": 0,
                  "Actual Startup Time": 238.918,
                  "Actual Total Time": 463.81,
                  "Actual Rows": 246915,
                  "Actual Loops": 4,
                  "Inner Unique": true,
                  "Hash Cond": "(mk.movie_id = t.id)",
                  "Plans": [
                    {
                      "Node Type": "Seq Scan",
                      "Parent Relationship": "Outer",
                      "Parallel Aware": true,
                      "Relation Name": "movie_keyword",
                      "Alias": "mk",
                      "Startup Cost": 0.0,
                      "Total Cost": 42695.65,
                      "Plan Rows": 1250919,
                      "Plan Width": 4,
                      "Actual Startup Time": 0.055,
                      "Actual Total Time": 117.216,
                      "Actual Rows": 967307,
                      "Actual Loops": 4,
                      "Filter": "(keyword_id > 500)",
                      "Rows Removed by Filter": 163676
                    },
                    {
                      "Node Type": "Hash",
                      "Parent Relationship": "Inner",
                      "Parallel Aware": true,
                      "Startup Cost": 45479.59,
                      "Total Cost": 45479.59,
                      "Plan Rows": 312029,
                      "Plan Width": 4,
                      "Actual Startup Time": 234.316,
                      "Actual Total Time": 234.317,
                      "Actual Rows": 338380,
                      "Actual Loops": 4,
                      "Hash Buckets": 2097152,
                      "Original Hash Buckets": 2097152,
                      "Hash Batches": 1,
                      "Original Hash Batches": 1,
                      "Peak Memory Usage": 69408,
                      "Plans": [
                        {
                          "Node Type": "Seq Scan",
                          "Parent Relationship": "Outer",
                          "Parallel Aware": true,
                          "Relation Name": "title",
                          "Alias": "t",
                          "Startup Cost": 0.0,
                          "Total Cost": 45479.59,
                          "Plan Rows": 312029,
                          "Plan Width": 4,
                          "Actual Startup Time": 0.033,
                          "Actual Total Time": 114.271,
                          "Actual Rows": 338380,
                          "Actual Loops": 4,
                          "Filter": "((kind_id > 1) AND (production_year > 1993))",
                          "Rows Removed by Filter": 293698
                        }
                      ]
                    }
                  ]
                }
              ]
            }
          ]
        }
      ]
    },
    "Planning Time": 0.223,
    "Triggers": [],
    "Execution Time": 505.467
  }
]