{
  "Plan": {
    "Node Type": "Aggregate",
    "Strategy": "Plain",
    "Partial Mode": "Finalize",
    "Parallel Aware": false,
    "Startup Cost": 105183.54,
    "Total Cost": 105183.55,
    "Plan Rows": 1,
    "Plan Width": 8,
    "Actual Startup Time": 855.14,
    "Actual Total Time": 879.12,
    "Actual Rows": 1,
    "Actual Loops": 1,
    "Plans": [
      {
        "Node Type": "Gather",
        "Parent Relationship": "Outer",
        "Parallel Aware": false,
        "Startup Cost": 105183.43,
        "Total Cost": 105183.54,
        "Plan Rows": 1,
        "Plan Width": 8,
        "Actual Startup Time": 846.895,
        "Actual Total Time": 879.104,
        "Actual Rows": 2,
        "Actual Loops": 1,
        "Workers Planned": 1,
        "Workers Launched": 1,
        "Single Copy": false,
        "Plans": [
          {
            "Node Type": "Aggregate",
            "Strategy": "Plain",
            "Partial Mode": "Partial",
            "Parent Relationship": "Outer",
            "Parallel Aware": false,
            "Startup Cost": 104183.43,
            "Total Cost": 104183.44,
            "Plan Rows": 1,
            "Plan Width": 8,
            "Actual Startup Time": 835.173,
            "Actual Total Time": 835.18,
            "Actual Rows": 1,
            "Actual Loops": 2,
            "Plans": [
              {
                "Node Type": "Hash Join",
                "Parent Relationship": "Outer",
                "Parallel Aware": true,
                "Join Type": "Inner",
                "Startup Cost": 69461.26,
                "Total Cost": 103852.74,
                "Plan Rows": 132277,
                "Plan Width": 0,
                "Actual Startup Time": 707.093,
                "Actual Total Time": 832.411,
                "Actual Rows": 50132,
                "Actual Loops": 2,
                "Inner Unique": true,
                "Hash Cond": "(ci.movie_id = t.id)",
                "Plans": [
                  {
                    "Node Type": "Index Scan",
                    "Parent Relationship": "Outer",
                    "Parallel Aware": true,
                    "Scan Direction": "Forward",
                    "Index Name": "role_id_cast_info",
                    "Relation Name": "cast_info",
                    "Alias": "ci",
                    "Startup Cost": 0.56,
                    "Total Cost": 34044.81,
                    "Plan Rows": 132277,
                    "Plan Width": 4,
                    "Actual Startup Time": 0.08,
                    "Actual Total Time": 85.174,
                    "Actual Rows": 50132,
                    "Actual Loops": 2,
                    "Index Cond": "(role_id = 9)",
                    "Rows Removed by Index Recheck": 0,
                    "Filter": "(person_id < 767890)",
                    "Rows Removed by Filter": 496646
                  },
                  {
                    "Node Type": "Hash",
                    "Parent Relationship": "Inner",
                    "Parallel Aware": true,
                    "Startup Cost": 50870.31,
                    "Total Cost": 50870.31,
                    "Plan Rows": 1487231,
                    "Plan Width": 4,
                    "Actual Startup Time": 681.465,
                    "Actual Total Time": 681.467,
                    "Actual Rows": 1264156,
                    "Actual Loops": 2,
                    "Hash Buckets": 4194304,
                    "Original Hash Buckets": 4194304,
                    "Hash Batches": 1,
                    "Original Hash Batches": 1,
                    "Peak Memory Usage": 131712,
                    "Plans": [
                      {
                        "Node Type": "Seq Scan",
                        "Parent Relationship": "Outer",
                        "Parallel Aware": true,
                        "Relation Name": "title",
                        "Alias": "t",
                        "Startup Cost": 0.0,
                        "Total Cost": 50870.31,
                        "Plan Rows": 1487231,
                        "Plan Width": 4,
                        "Actual Startup Time": 0.032,
                        "Actual Total Time": 204.002,
                        "Actual Rows": 1264156,
                        "Actual Loops": 2
                      }
                    ]
                  }
                ]
              }
            ]
          }
        ]
      }
    ]
  },
  "Planning Time": 0.914,
  "Triggers": [],
  "Execution Time": 879.213
}