[
  {
    "Plan": {
      "Node Type": "Aggregate",
      "Strategy": "Plain",
      "Partial Mode": "Finalize",
      "Parallel Aware": false,
      "Startup Cost": 349755.68,
      "Total Cost": 349755.69,
      "Plan Rows": 1,
      "Plan Width": 8,
      "Actual Startup Time": 685.032,
      "Actual Total Time": 730.349,
      "Actual Rows": 1,
      "Actual Loops": 1,
      "Plans": [
        {
          "Node Type": "Gather",
          "Parent Relationship": "Outer",
          "Parallel Aware": false,
          "Startup Cost": 349755.05,
          "Total Cost": 349755.66,
          "Plan Rows": 6,
          "Plan Width": 8,
          "Actual Startup Time": 684.843,
          "Actual Total Time": 730.335,
          "Actual Rows": 7,
          "Actual Loops": 1,
          "Workers Planned": 6,
          "Workers Launched": 6,
          "Single Copy": false,
          "Plans": [
            {
              "Node Type": "Aggregate",
              "Strategy": "Plain",
              "Partial Mode": "Partial",
              "Parent Relationship": "Outer",
              "Parallel Aware": false,
              "Startup Cost": 348755.05,
              "Total Cost": 348755.07,
              "Plan Rows": 1,
              "Plan Width": 8,
              "Actual Startup Time": 679.092,
              "Actual Total Time": 679.094,
              "Actual Rows": 1,
              "Actual Loops": 7,
              "Plans": [
                {
                  "Node Type": "Seq Scan",
                  "Parent Relationship": "Outer",
                  "Parallel Aware": true,
                  "Relation Name": "cast_info",
                  "Alias": "ci",
                  "Startup Cost": 0.0,
                  "Total Cost": 343316.27,
                  "Plan Rows": 2175514,
                  "Plan Width": 0,
                  "Actual Startup Time": 191.83,
                  "Actual Total Time": 609.101,
                  "Actual Rows": 1526357,
                  "Actual Loops": 7,
                  "Filter": "((person_id > 1665708) AND (role_id < 4))",
                  "Rows Removed by Filter": 3651407
                }
              ]
            }
          ]
        }
      ]
    },
    "Planning Time": 0.104,
    "Triggers": [],
    "Execution Time": 730.394
  }
]