{
  "Plan": {
    "Node Type": "Aggregate",
    "Strategy": "Plain",
    "Partial Mode": "Finalize",
    "Parallel Aware": false,
    "Startup Cost": 103906.2,
    "Total Cost": 103906.21,
    "Plan Rows": 1,
    "Plan Width": 8,
    "Actual Startup Time": 474.428,
    "Actual Total Time": 487.564,
    "Actual Rows": 1,
    "Actual Loops": 1,
    "Plans": [
      {
        "Node Type": "Gather",
        "Parent Relationship": "Outer",
        "Parallel Aware": false,
        "Startup Cost": 103906.09,
        "Total Cost": 103906.2,
        "Plan Rows": 1,
        "Plan Width": 8,
        "Actual Startup Time": 473.928,
        "Actual Total Time": 487.555,
        "Actual Rows": 2,
        "Actual Loops": 1,
        "Workers Planned": 1,
        "Workers Launched": 1,
        "Single Copy": false,
        "Plans": [
          {
            "Node Type": "Aggregate",
            "Strategy": "Plain",
            "Partial Mode": "Partial",
            "Parent Relationship": "Outer",
            "Parallel Aware": false,
            "Startup Cost": 102906.09,
            "Total Cost": 102906.1,
            "Plan Rows": 1,
            "Plan Width": 8,
            "Actual Startup Time": 468.062,
            "Actual Total Time": 468.066,
            "Actual Rows": 1,
            "Actual Loops": 2,
            "Plans": [
              {
                "Node Type": "Hash Join",
                "Parent Relationship": "Outer",
                "Parallel Aware": true,
                "Join Type": "Inner",
                "Startup Cost": 60542.78,
                "Total Cost": 102455.0,
                "Plan Rows": 180438,
                "Plan Width": 0,
                "Actual Startup Time": 195.092,
                "Actual Total Time": 463.51,
                "Actual Rows": 106439,
                "Actual Loops": 2,
                "Inner Unique": true,
                "Hash Cond": "(mc.movie_id = t.id)",
                "Plans": [
                  {
                    "Node Type": "Seq Scan",
                    "Parent Relationship": "Outer",
                    "Parallel Aware": true,
                    "Relation Name": "movie_companies",
                    "Alias": "mc",
                    "Startup Cost": 0.0,
                    "Total Cost": 37974.77,
                    "Plan Rows": 1499974,
                    "Plan Width": 4,
                    "Actual Startup Time": 0.015,
                    "Actual Total Time": 130.388,
                    "Actual Rows": 1276250,
                    "Actual Loops": 2,
                    "Filter": "(company_id < 186322)",
                    "Rows Removed by Filter": 28315
                  },
                  {
                    "Node Type": "Hash",
                    "Parent Relationship": "Inner",
                    "Parallel Aware": true,
                    "Startup Cost": 58306.47,
                    "Total Cost": 58306.47,
                    "Plan Rows": 178905,
                    "Plan Width": 4,
                    "Actual Startup Time": 189.294,
                    "Actual Total Time": 189.295,
                    "Actual Rows": 89869,
                    "Actual Loops": 2,
                    "Hash Buckets": 524288,
                    "Original Hash Buckets": 524288,
                    "Hash Batches": 1,
                    "Original Hash Batches": 1,
                    "Peak Memory Usage": 11168,
                    "Plans": [
                      {
                        "Node Type": "Seq Scan",
                        "Parent Relationship": "Outer",
                        "Parallel Aware": true,
                        "Relation Name": "title",
                        "Alias": "t",
                        "Startup Cost": 0.0,
                        "Total Cost": 58306.47,
                        "Plan Rows": 178905,
                        "Plan Width": 4,
                        "Actual Startup Time": 0.03,
                        "Actual Total Time": 158.341,
                        "Actual Rows": 89869,
                        "Actual Loops": 2,
                        "Filter": "((kind_id > 1) AND (production_year < 1974))",
                        "Rows Removed by Filter": 1174287
                      }
                    ]
                  }
                ]
              }
            ]
          }
        ]
      }
    ]
  },
  "Planning Time": 0.466,
  "Triggers": [],
  "Execution Time": 487.636
}