[
    {
        "Bao": {
            "Bao prediction": 456.656,
            "Bao recommended hint": "(no hint)"
        }
    },
    {
        "Plan": {
            "Node Type": "Aggregate",
            "Strategy": "Plain",
            "Partial Mode": "Finalize",
            "Parallel Aware": false,
            "Startup Cost": 33171.89,
            "Total Cost": 33171.9,
            "Plan Rows": 1,
            "Plan Width": 8,
            "Actual Startup Time": 116.533,
            "Actual Total Time": 125.267,
            "Actual Rows": 1,
            "Actual Loops": 1,
            "Output": [
                "count(*)"
            ],
            "Plans": [
                {
                    "Node Type": "Gather",
                    "Parent Relationship": "Outer",
                    "Parallel Aware": false,
                    "Startup Cost": 33171.57,
                    "Total Cost": 33171.88,
                    "Plan Rows": 3,
                    "Plan Width": 8,
                    "Actual Startup Time": 116.422,
                    "Actual Total Time": 125.259,
                    "Actual Rows": 4,
                    "Actual Loops": 1,
                    "Output": [
                        "(PARTIAL count(*))"
                    ],
                    "Workers Planned": 3,
                    "Workers Launched": 3,
                    "Single Copy": false,
                    "Plans": [
                        {
                            "Node Type": "Aggregate",
                            "Strategy": "Plain",
                            "Partial Mode": "Partial",
                            "Parent Relationship": "Outer",
                            "Parallel Aware": false,
                            "Startup Cost": 32171.57,
                            "Total Cost": 32171.58,
                            "Plan Rows": 1,
                            "Plan Width": 8,
                            "Actual Startup Time": 108.734,
                            "Actual Total Time": 108.735,
                            "Actual Rows": 1,
                            "Actual Loops": 4,
                            "Output": [
                                "PARTIAL count(*)"
                            ],
                            "Workers": [
                                {
                                    "Worker Number": 0,
                                    "Actual Startup Time": 106.263,
                                    "Actual Total Time": 106.264,
                                    "Actual Rows": 1,
                                    "Actual Loops": 1
                                },
                                {
                                    "Worker Number": 1,
                                    "Actual Startup Time": 106.307,
                                    "Actual Total Time": 106.308,
                                    "Actual Rows": 1,
                                    "Actual Loops": 1
                                },
                                {
                                    "Worker Number": 2,
                                    "Actual Startup Time": 106.546,
                                    "Actual Total Time": 106.547,
                                    "Actual Rows": 1,
                                    "Actual Loops": 1
                                }
                            ],
                            "Plans": [
                                {
                                    "Node Type": "Seq Scan",
                                    "Parent Relationship": "Outer",
                                    "Parallel Aware": true,
                                    "Relation Name": "movie_companies",
                                    "Schema": "public",
                                    "Alias": "mc",
                                    "Startup Cost": 0.0,
                                    "Total Cost": 31414.82,
                                    "Plan Rows": 302701,
                                    "Plan Width": 0,
                                    "Actual Startup Time": 52.157,
                                    "Actual Total Time": 98.534,
                                    "Actual Rows": 156194,
                                    "Actual Loops": 4,
                                    "Output": [
                                        "id",
                                        "movie_id",
                                        "company_id",
                                        "company_type_id",
                                        "note"
                                    ],
                                    "Filter": "((mc.company_id < 33967) AND (mc.company_type_id = 2))",
                                    "Rows Removed by Filter": 496088,
                                    "Workers": [
                                        {
                                            "Worker Number": 0,
                                            "Actual Startup Time": 49.689,
                                            "Actual Total Time": 96.254,
                                            "Actual Rows": 149743,
                                            "Actual Loops": 1
                                        },
                                        {
                                            "Worker Number": 1,
                                            "Actual Startup Time": 49.723,
                                            "Actual Total Time": 96.297,
                                            "Actual Rows": 149977,
                                            "Actual Loops": 1
                                        },
                                        {
                                            "Worker Number": 2,
                                            "Actual Startup Time": 49.971,
                                            "Actual Total Time": 96.613,
                                            "Actual Rows": 148697,
                                            "Actual Loops": 1
                                        }
                                    ]
                                }
                            ]
                        }
                    ]
                }
            ]
        },
        "Planning Time": 3910.913,
        "Triggers": [],
        "Execution Time": 125.358
    }
]