[
  {
    "Plan": {
      "Node Type": "Aggregate",
      "Strategy": "Plain",
      "Partial Mode": "Finalize",
      "Parallel Aware": false,
      "Startup Cost": 92796.76,
      "Total Cost": 92796.77,
      "Plan Rows": 1,
      "Plan Width": 8,
      "Actual Startup Time": 527.343,
      "Actual Total Time": 546.691,
      "Actual Rows": 1,
      "Actual Loops": 1,
      "Plans": [
        {
          "Node Type": "Gather",
          "Parent Relationship": "Outer",
          "Parallel Aware": false,
          "Startup Cost": 92796.55,
          "Total Cost": 92796.76,
          "Plan Rows": 2,
          "Plan Width": 8,
          "Actual Startup Time": 525.451,
          "Actual Total Time": 546.679,
          "Actual Rows": 3,
          "Actual Loops": 1,
          "Workers Planned": 2,
          "Workers Launched": 2,
          "Single Copy": false,
          "Plans": [
            {
              "Node Type": "Aggregate",
              "Strategy": "Plain",
              "Partial Mode": "Partial",
              "Parent Relationship": "Outer",
              "Parallel Aware": false,
              "Startup Cost": 91796.55,
              "Total Cost": 91796.56,
              "Plan Rows": 1,
              "Plan Width": 8,
              "Actual Startup Time": 518.085,
              "Actual Total Time": 518.235,
              "Actual Rows": 1,
              "Actual Loops": 3,
              "Plans": [
                {
                  "Node Type": "Hash Join",
                  "Parent Relationship": "Outer",
                  "Parallel Aware": true,
                  "Join Type": "Inner",
                  "Startup Cost": 75775.04,
                  "Total Cost": 91717.93,
                  "Plan Rows": 31445,
                  "Plan Width": 0,
                  "Actual Startup Time": 404.575,
                  "Actual Total Time": 515.91,
                  "Actual Rows": 36052,
                  "Actual Loops": 3,
                  "Inner Unique": false,
                  "Hash Cond": "(mi_idx.movie_id = t.id)",
                  "Plans": [
                    {
                      "Node Type": "Seq Scan",
                      "Parent Relationship": "Outer",
                      "Parallel Aware": true,
                      "Relation Name": "movie_info_idx",
                      "Alias": "mi_idx",
                      "Startup Cost": 0.0,
                      "Total Cost": 13685.15,
                      "Plan Rows": 575015,
                      "Plan Width": 4,
                      "Actual Startup Time": 0.017,
                      "Actual Total Time": 52.012,
                      "Actual Rows": 460012,
                      "Actual Loops": 3
                    },
                    {
                      "Node Type": "Hash",
                      "Parent Relationship": "Inner",
                      "Parallel Aware": true,
                      "Startup Cost": 75217.5,
                      "Total Cost": 75217.5,
                      "Plan Rows": 44603,
                      "Plan Width": 8,
                      "Actual Startup Time": 402.478,
                      "Actual Total Time": 402.626,
                      "Actual Rows": 35242,
                      "Actual Loops": 3,
                      "Hash Buckets": 262144,
                      "Original Hash Buckets": 262144,
                      "Hash Batches": 1,
                      "Original Hash Batches": 1,
                      "Peak Memory Usage": 6240,
                      "Plans": [
                        {
                          "Node Type": "Hash Join",
                          "Parent Relationship": "Outer",
                          "Parallel Aware": true,
                          "Join Type": "Inner",
                          "Startup Cost": 44616.0,
                          "Total Cost": 75217.5,
                          "Plan Rows": 44603,
                          "Plan Width": 8,
                          "Actual Startup Time": 179.626,
                          "Actual Total Time": 389.801,
                          "Actual Rows": 35242,
                          "Actual Loops": 3,
                          "Inner Unique": true,
                          "Hash Cond": "(mc.movie_id = t.id)",
                          "Plans": [
                            {
                              "Node Type": "Seq Scan",
                              "Parent Relationship": "Outer",
                              "Parallel Aware": true,
                              "Relation Name": "movie_companies",
                              "Alias": "mc",
                              "Startup Cost": 0.0,
                              "Total Cost": 29310.68,
                              "Plan Rows": 491743,
                              "Plan Width": 4,
                              "Actual Startup Time": 6.656,
                              "Actual Total Time": 115.642,
                              "Actual Rows": 506104,
                              "Actual Loops": 3,
                              "Filter": "(company_id > 7264)",
                              "Rows Removed by Filter": 363606
                            },
                            {
                              "Node Type": "Hash",
                              "Parent Relationship": "Inner",
                              "Parallel Aware": true,
                              "Startup Cost": 43899.32,
                              "Total Cost": 43899.32,
                              "Plan Rows": 57334,
                              "Plan Width": 4,
                              "Actual Startup Time": 172.0,
                              "Actual Total Time": 172.001,
                              "Actual Rows": 77216,
                              "Actual Loops": 3,
                              "Hash Buckets": 262144,
                              "Original Hash Buckets": 262144,
                              "Hash Batches": 1,
                              "Original Hash Batches": 1,
                              "Peak Memory Usage": 11136,
                              "Plans": [
                                {
                                  "Node Type": "Seq Scan",
                                  "Parent Relationship": "Outer",
                                  "Parallel Aware": true,
                                  "Relation Name": "title",
                                  "Alias": "t",
                                  "Startup Cost": 0.0,
                                  "Total Cost": 43899.32,
                                  "Plan Rows": 57334,
                                  "Plan Width": 4,
                                  "Actual Startup Time": 0.062,
                                  "Actual Total Time": 140.262,
                                  "Actual Rows": 77216,
                                  "Actual Loops": 3,
                                  "Filter": "(production_year > 2011)",
                                  "Rows Removed by Filter": 765554
                                }
                              ]
                            }
                          ]
                        }
                      ]
                    }
                  ]
                }
              ]
            }
          ]
        }
      ]
    },
    "Planning Time": 0.715,
    "Triggers": [],
    "Execution Time": 546.747
  }
]