[
  {
    "Plan": {
      "Node Type": "Aggregate",
      "Strategy": "Plain",
      "Partial Mode": "Finalize",
      "Parallel Aware": false,
      "Startup Cost": 33078.47,
      "Total Cost": 33078.48,
      "Plan Rows": 1,
      "Plan Width": 8,
      "Actual Startup Time": 110.359,
      "Actual Total Time": 118.919,
      "Actual Rows": 1,
      "Actual Loops": 1,
      "Plans": [
        {
          "Node Type": "Gather",
          "Parent Relationship": "Outer",
          "Parallel Aware": false,
          "Startup Cost": 33078.15,
          "Total Cost": 33078.46,
          "Plan Rows": 3,
          "Plan Width": 8,
          "Actual Startup Time": 110.239,
          "Actual Total Time": 118.911,
          "Actual Rows": 4,
          "Actual Loops": 1,
          "Workers Planned": 3,
          "Workers Launched": 3,
          "Single Copy": false,
          "Plans": [
            {
              "Node Type": "Aggregate",
              "Strategy": "Plain",
              "Partial Mode": "Partial",
              "Parent Relationship": "Outer",
              "Parallel Aware": false,
              "Startup Cost": 32078.15,
              "Total Cost": 32078.16,
              "Plan Rows": 1,
              "Plan Width": 8,
              "Actual Startup Time": 101.738,
              "Actual Total Time": 101.739,
              "Actual Rows": 1,
              "Actual Loops": 4,
              "Plans": [
                {
                  "Node Type": "Seq Scan",
                  "Parent Relationship": "Outer",
                  "Parallel Aware": true,
                  "Relation Name": "movie_companies",
                  "Alias": "mc",
                  "Startup Cost": 0.0,
                  "Total Cost": 31414.82,
                  "Plan Rows": 265333,
                  "Plan Width": 0,
                  "Actual Startup Time": 0.045,
                  "Actual Total Time": 84.999,
                  "Actual Rows": 280794,
                  "Actual Loops": 4,
                  "Filter": "((company_id < 18567) AND (company_type_id < 2))",
                  "Rows Removed by Filter": 371488
                }
              ]
            }
          ]
        }
      ]
    },
    "Planning Time": 0.212,
    "Triggers": [],
    "Execution Time": 118.975
  }
]