[
  {
    "Plan": {
      "Node Type": "Aggregate",
      "Strategy": "Plain",
      "Partial Mode": "Finalize",
      "Parallel Aware": false,
      "Startup Cost": 32167.43,
      "Total Cost": 32167.44,
      "Plan Rows": 1,
      "Plan Width": 8,
      "Actual Startup Time": 105.928,
      "Actual Total Time": 114.335,
      "Actual Rows": 1,
      "Actual Loops": 1,
      "Plans": [
        {
          "Node Type": "Gather",
          "Parent Relationship": "Outer",
          "Parallel Aware": false,
          "Startup Cost": 32167.11,
          "Total Cost": 32167.42,
          "Plan Rows": 3,
          "Plan Width": 8,
          "Actual Startup Time": 105.845,
          "Actual Total Time": 114.327,
          "Actual Rows": 4,
          "Actual Loops": 1,
          "Workers Planned": 3,
          "Workers Launched": 3,
          "Single Copy": false,
          "Plans": [
            {
              "Node Type": "Aggregate",
              "Strategy": "Plain",
              "Partial Mode": "Partial",
              "Parent Relationship": "Outer",
              "Parallel Aware": false,
              "Startup Cost": 31167.11,
              "Total Cost": 31167.12,
              "Plan Rows": 1,
              "Plan Width": 8,
              "Actual Startup Time": 101.891,
              "Actual Total Time": 101.893,
              "Actual Rows": 1,
              "Actual Loops": 4,
              "Plans": [
                {
                  "Node Type": "Seq Scan",
                  "Parent Relationship": "Outer",
                  "Parallel Aware": true,
                  "Relation Name": "movie_companies",
                  "Alias": "mc",
                  "Startup Cost": 0.0,
                  "Total Cost": 29310.68,
                  "Plan Rows": 742573,
                  "Plan Width": 0,
                  "Actual Startup Time": 0.014,
                  "Actual Total Time": 76.2,
                  "Actual Rows": 576294,
                  "Actual Loops": 4,
                  "Filter": "(company_id < 93551)",
                  "Rows Removed by Filter": 75988
                }
              ]
            }
          ]
        }
      ]
    },
    "Planning Time": 0.196,
    "Triggers": [],
    "Execution Time": 114.39
  }
]