[
  {
    "Plan": {
      "Node Type": "Aggregate",
      "Strategy": "Plain",
      "Partial Mode": "Finalize",
      "Parallel Aware": false,
      "Startup Cost": 32168.89,
      "Total Cost": 32168.9,
      "Plan Rows": 1,
      "Plan Width": 8,
      "Actual Startup Time": 122.398,
      "Actual Total Time": 130.082,
      "Actual Rows": 1,
      "Actual Loops": 1,
      "Plans": [
        {
          "Node Type": "Gather",
          "Parent Relationship": "Outer",
          "Parallel Aware": false,
          "Startup Cost": 32168.57,
          "Total Cost": 32168.88,
          "Plan Rows": 3,
          "Plan Width": 8,
          "Actual Startup Time": 122.297,
          "Actual Total Time": 130.074,
          "Actual Rows": 4,
          "Actual Loops": 1,
          "Workers Planned": 3,
          "Workers Launched": 3,
          "Single Copy": false,
          "Plans": [
            {
              "Node Type": "Aggregate",
              "Strategy": "Plain",
              "Partial Mode": "Partial",
              "Parent Relationship": "Outer",
              "Parallel Aware": false,
              "Startup Cost": 31168.57,
              "Total Cost": 31168.58,
              "Plan Rows": 1,
              "Plan Width": 8,
              "Actual Startup Time": 116.014,
              "Actual Total Time": 116.015,
              "Actual Rows": 1,
              "Actual Loops": 4,
              "Plans": [
                {
                  "Node Type": "Seq Scan",
                  "Parent Relationship": "Outer",
                  "Parallel Aware": true,
                  "Relation Name": "movie_companies",
                  "Alias": "mc",
                  "Startup Cost": 0.0,
                  "Total Cost": 29310.68,
                  "Plan Rows": 743156,
                  "Plan Width": 0,
                  "Actual Startup Time": 0.036,
                  "Actual Total Time": 86.749,
                  "Actual Rows": 576294,
                  "Actual Loops": 4,
                  "Filter": "(company_id < 93551)",
                  "Rows Removed by Filter": 75988
                }
              ]
            }
          ]
        }
      ]
    },
    "Planning Time": 0.193,
    "Triggers": [],
    "Execution Time": 130.138
  }
]