{
    "Plan": {
        "Node Type": "Aggregate",
        "Strategy": "Plain",
        "Partial Mode": "Finalize",
        "Parallel Aware": false,
        "Startup Cost": 634117.83,
        "Total Cost": 634117.84,
        "Plan Rows": 1,
        "Plan Width": 8,
        "Actual Startup Time": 4526.326,
        "Actual Total Time": 4610.884,
        "Actual Rows": 1,
        "Actual Loops": 1,
        "Output": [
            "count(*)"
        ],
        "Plans": [
            {
                "Node Type": "Gather",
                "Parent Relationship": "Outer",
                "Parallel Aware": false,
                "Startup Cost": 634117.31,
                "Total Cost": 634117.82,
                "Plan Rows": 5,
                "Plan Width": 8,
                "Actual Startup Time": 4441.321,
                "Actual Total Time": 4610.867,
                "Actual Rows": 6,
                "Actual Loops": 1,
                "Output": [
                    "(PARTIAL count(*))"
                ],
                "Workers Planned": 5,
                "Workers Launched": 5,
                "Single Copy": false,
                "Plans": [
                    {
                        "Node Type": "Aggregate",
                        "Strategy": "Plain",
                        "Partial Mode": "Partial",
                        "Parent Relationship": "Outer",
                        "Parallel Aware": false,
                        "Startup Cost": 633117.31,
                        "Total Cost": 633117.32,
                        "Plan Rows": 1,
                        "Plan Width": 8,
                        "Actual Startup Time": 4411.681,
                        "Actual Total Time": 4413.346,
                        "Actual Rows": 1,
                        "Actual Loops": 6,
                        "Output": [
                            "PARTIAL count(*)"
                        ],
                        "Workers": [
                            {
                                "Worker Number": 0,
                                "Actual Startup Time": 4404.874,
                                "Actual Total Time": 4404.88,
                                "Actual Rows": 1,
                                "Actual Loops": 1
                            },
                            {
                                "Worker Number": 1,
                                "Actual Startup Time": 4410.128,
                                "Actual Total Time": 4410.133,
                                "Actual Rows": 1,
                                "Actual Loops": 1
                            },
                            {
                                "Worker Number": 2,
                                "Actual Startup Time": 4404.895,
                                "Actual Total Time": 4404.9,
                                "Actual Rows": 1,
                                "Actual Loops": 1
                            },
                            {
                                "Worker Number": 3,
                                "Actual Startup Time": 4404.904,
                                "Actual Total Time": 4404.909,
                                "Actual Rows": 1,
                                "Actual Loops": 1
                            },
                            {
                                "Worker Number": 4,
                                "Actual Startup Time": 4404.933,
                                "Actual Total Time": 4404.938,
                                "Actual Rows": 1,
                                "Actual Loops": 1
                            }
                        ],
                        "Plans": [
                            {
                                "Node Type": "Hash Join",
                                "Parent Relationship": "Outer",
                                "Parallel Aware": true,
                                "Join Type": "Inner",
                                "Startup Cost": 406184.12,
                                "Total Cost": 618499.1,
                                "Plan Rows": 5847283,
                                "Plan Width": 0,
                                "Actual Startup Time": 2301.173,
                                "Actual Total Time": 4158.945,
                                "Actual Rows": 6222981,
                                "Actual Loops": 6,
                                "Inner Unique": false,
                                "Hash Cond": "(mi.movie_id = t.id)",
                                "Workers": [
                                    {
                                        "Worker Number": 0,
                                        "Actual Startup Time": 2295.241,
                                        "Actual Total Time": 4152.464,
                                        "Actual Rows": 6443370,
                                        "Actual Loops": 1
                                    },
                                    {
                                        "Worker Number": 1,
                                        "Actual Startup Time": 2295.35,
                                        "Actual Total Time": 4168.266,
                                        "Actual Rows": 6174648,
                                        "Actual Loops": 1
                                    },
                                    {
                                        "Worker Number": 2,
                                        "Actual Startup Time": 2295.28,
                                        "Actual Total Time": 4149.379,
                                        "Actual Rows": 6518887,
                                        "Actual Loops": 1
                                    },
                                    {
                                        "Worker Number": 3,
                                        "Actual Startup Time": 2295.221,
                                        "Actual Total Time": 4164.69,
                                        "Actual Rows": 6088327,
                                        "Actual Loops": 1
                                    },
                                    {
                                        "Worker Number": 4,
                                        "Actual Startup Time": 2295.264,
                                        "Actual Total Time": 4153.56,
                                        "Actual Rows": 6417764,
                                        "Actual Loops": 1
                                    }
                                ],
                                "Plans": [
                                    {
                                        "Node Type": "Seq Scan",
                                        "Parent Relationship": "Outer",
                                        "Parallel Aware": true,
                                        "Relation Name": "movie_info",
                                        "Schema": "public",
                                        "Alias": "mi",
                                        "Startup Cost": 0.0,
                                        "Total Cost": 191503.19,
                                        "Plan Rows": 2951019,
                                        "Plan Width": 4,
                                        "Actual Startup Time": 0.032,
                                        "Actual Total Time": 288.867,
                                        "Actual Rows": 2472620,
                                        "Actual Loops": 6,
                                        "Output": [
                                            "mi.id",
                                            "mi.movie_id",
                                            "mi.info_type_id",
                                            "mi.info",
                                            "mi.note"
                                        ],
                                        "Workers": [
                                            {
                                                "Worker Number": 0,
                                                "Actual Startup Time": 0.039,
                                                "Actual Total Time": 298.516,
                                                "Actual Rows": 2575225,
                                                "Actual Loops": 1
                                            },
                                            {
                                                "Worker Number": 1,
                                                "Actual Startup Time": 0.04,
                                                "Actual Total Time": 302.638,
                                                "Actual Rows": 2402982,
                                                "Actual Loops": 1
                                            },
                                            {
                                                "Worker Number": 2,
                                                "Actual Startup Time": 0.028,
                                                "Actual Total Time": 296.038,
                                                "Actual Rows": 2561935,
                                                "Actual Loops": 1
                                            },
                                            {
                                                "Worker Number": 3,
                                                "Actual Startup Time": 0.039,
                                                "Actual Total Time": 303.492,
                                                "Actual Rows": 2348443,
                                                "Actual Loops": 1
                                            },
                                            {
                                                "Worker Number": 4,
                                                "Actual Startup Time": 0.034,
                                                "Actual Total Time": 296.752,
                                                "Actual Rows": 2560028,
                                                "Actual Loops": 1
                                            }
                                        ]
                                    },
                                    {
                                        "Node Type": "Hash",
                                        "Parent Relationship": "Inner",
                                        "Parallel Aware": true,
                                        "Startup Cost": 395747.18,
                                        "Total Cost": 395747.18,
                                        "Plan Rows": 834955,
                                        "Plan Width": 8,
                                        "Actual Startup Time": 2287.746,
                                        "Actual Total Time": 2289.409,
                                        "Actual Rows": 1259351,
                                        "Actual Loops": 6,
                                        "Output": [
                                            "t.id",
                                            "ci.movie_id"
                                        ],
                                        "Hash Buckets": 8388608,
                                        "Original Hash Buckets": 8388608,
                                        "Hash Batches": 1,
                                        "Original Hash Batches": 1,
                                        "Peak Memory Usage": 361216,
                                        "Workers": [
                                            {
                                                "Worker Number": 0,
                                                "Actual Startup Time": 2294.542,
                                                "Actual Total Time": 2294.546,
                                                "Actual Rows": 1331560,
                                                "Actual Loops": 1
                                            },
                                            {
                                                "Worker Number": 1,
                                                "Actual Startup Time": 2294.644,
                                                "Actual Total Time": 2294.648,
                                                "Actual Rows": 1264440,
                                                "Actual Loops": 1
                                            },
                                            {
                                                "Worker Number": 2,
                                                "Actual Startup Time": 2294.374,
                                                "Actual Total Time": 2294.377,
                                                "Actual Rows": 1338279,
                                                "Actual Loops": 1
                                            },
                                            {
                                                "Worker Number": 3,
                                                "Actual Startup Time": 2294.519,
                                                "Actual Total Time": 2294.523,
                                                "Actual Rows": 1234490,
                                                "Actual Loops": 1
                                            },
                                            {
                                                "Worker Number": 4,
                                                "Actual Startup Time": 2294.55,
                                                "Actual Total Time": 2294.553,
                                                "Actual Rows": 1327511,
                                                "Actual Loops": 1
                                            }
                                        ],
                                        "Plans": [
                                            {
                                                "Node Type": "Hash Join",
                                                "Parent Relationship": "Outer",
                                                "Parallel Aware": true,
                                                "Join Type": "Inner",
                                                "Startup Cost": 49096.28,
                                                "Total Cost": 395747.18,
                                                "Plan Rows": 834955,
                                                "Plan Width": 8,
                                                "Actual Startup Time": 547.664,
                                                "Actual Total Time": 1749.751,
                                                "Actual Rows": 1259351,
                                                "Actual Loops": 6,
                                                "Output": [
                                                    "t.id",
                                                    "ci.movie_id"
                                                ],
                                                "Inner Unique": true,
                                                "Hash Cond": "(ci.movie_id = t.id)",
                                                "Workers": [
                                                    {
                                                        "Worker Number": 0,
                                                        "Actual Startup Time": 547.638,
                                                        "Actual Total Time": 1747.803,
                                                        "Actual Rows": 1331560,
                                                        "Actual Loops": 1
                                                    },
                                                    {
                                                        "Worker Number": 1,
                                                        "Actual Startup Time": 547.616,
                                                        "Actual Total Time": 1750.381,
                                                        "Actual Rows": 1264440,
                                                        "Actual Loops": 1
                                                    },
                                                    {
                                                        "Worker Number": 2,
                                                        "Actual Startup Time": 547.589,
                                                        "Actual Total Time": 1749.183,
                                                        "Actual Rows": 1338279,
                                                        "Actual Loops": 1
                                                    },
                                                    {
                                                        "Worker Number": 3,
                                                        "Actual Startup Time": 547.669,
                                                        "Actual Total Time": 1750.699,
                                                        "Actual Rows": 1234490,
                                                        "Actual Loops": 1
                                                    },
                                                    {
                                                        "Worker Number": 4,
                                                        "Actual Startup Time": 547.58,
                                                        "Actual Total Time": 1748.353,
                                                        "Actual Rows": 1327511,
                                                        "Actual Loops": 1
                                                    }
                                                ],
                                                "Plans": [
                                                    {
                                                        "Node Type": "Seq Scan",
                                                        "Parent Relationship": "Outer",
                                                        "Parallel Aware": true,
                                                        "Relation Name": "cast_info",
                                                        "Schema": "public",
                                                        "Alias": "ci",
                                                        "Startup Cost": 0.0,
                                                        "Total Cost": 343318.94,
                                                        "Plan Rows": 1269315,
                                                        "Plan Width": 4,
                                                        "Actual Startup Time": 335.3,
                                                        "Actual Total Time": 739.911,
                                                        "Actual Rows": 1976206,
                                                        "Actual Loops": 6,
                                                        "Output": [
                                                            "ci.id",
                                                            "ci.person_id",
                                                            "ci.movie_id",
                                                            "ci.person_role_id",
                                                            "ci.note",
                                                            "ci.nr_order",
                                                            "ci.role_id"
                                                        ],
                                                        "Filter": "((ci.person_id > 2503882) AND (ci.role_id > 1))",
                                                        "Rows Removed by Filter": 4064518,
                                                        "Workers": [
                                                            {
                                                                "Worker Number": 0,
                                                                "Actual Startup Time": 335.235,
                                                                "Actual Total Time": 743.356,
                                                                "Actual Rows": 2088760,
                                                                "Actual Loops": 1
                                                            },
                                                            {
                                                                "Worker Number": 1,
                                                                "Actual Startup Time": 335.307,
                                                                "Actual Total Time": 734.069,
                                                                "Actual Rows": 1975119,
                                                                "Actual Loops": 1
                                                            },
                                                            {
                                                                "Worker Number": 2,
                                                                "Actual Startup Time": 335.233,
                                                                "Actual Total Time": 746.362,
                                                                "Actual Rows": 2100947,
                                                                "Actual Loops": 1
                                                            },
                                                            {
                                                                "Worker Number": 3,
                                                                "Actual Startup Time": 335.373,
                                                                "Actual Total Time": 733.197,
                                                                "Actual Rows": 1933442,
                                                                "Actual Loops": 1
                                                            },
                                                            {
                                                                "Worker Number": 4,
                                                                "Actual Startup Time": 335.252,
                                                                "Actual Total Time": 743.883,
                                                                "Actual Rows": 2094125,
                                                                "Actual Loops": 1
                                                            }
                                                        ]
                                                    },
                                                    {
                                                        "Node Type": "Hash",
                                                        "Parent Relationship": "Inner",
                                                        "Parallel Aware": true,
                                                        "Startup Cost": 43899.01,
                                                        "Total Cost": 43899.01,
                                                        "Plan Rows": 415782,
                                                        "Plan Width": 4,
                                                        "Actual Startup Time": 209.534,
                                                        "Actual Total Time": 209.535,
                                                        "Actual Rows": 279016,
                                                        "Actual Loops": 6,
                                                        "Output": [
                                                            "t.id"
                                                        ],
                                                        "Hash Buckets": 2097152,
                                                        "Original Hash Buckets": 2097152,
                                                        "Hash Batches": 1,
                                                        "Original Hash Batches": 1,
                                                        "Peak Memory Usage": 81952,
                                                        "Workers": [
                                                            {
                                                                "Worker Number": 0,
                                                                "Actual Startup Time": 212.129,
                                                                "Actual Total Time": 212.13,
                                                                "Actual Rows": 280620,
                                                                "Actual Loops": 1
                                                            },
                                                            {
                                                                "Worker Number": 1,
                                                                "Actual Startup Time": 212.085,
                                                                "Actual Total Time": 212.086,
                                                                "Actual Rows": 262405,
                                                                "Actual Loops": 1
                                                            },
                                                            {
                                                                "Worker Number": 2,
                                                                "Actual Startup Time": 212.049,
                                                                "Actual Total Time": 212.05,
                                                                "Actual Rows": 285280,
                                                                "Actual Loops": 1
                                                            },
                                                            {
                                                                "Worker Number": 3,
                                                                "Actual Startup Time": 212.175,
                                                                "Actual Total Time": 212.176,
                                                                "Actual Rows": 260103,
                                                                "Actual Loops": 1
                                                            },
                                                            {
                                                                "Worker Number": 4,
                                                                "Actual Startup Time": 212.037,
                                                                "Actual Total Time": 212.038,
                                                                "Actual Rows": 284735,
                                                                "Actual Loops": 1
                                                            }
                                                        ],
                                                        "Plans": [
                                                            {
                                                                "Node Type": "Seq Scan",
                                                                "Parent Relationship": "Outer",
                                                                "Parallel Aware": true,
                                                                "Relation Name": "title",
                                                                "Schema": "public",
                                                                "Alias": "t",
                                                                "Startup Cost": 0.0,
                                                                "Total Cost": 43899.01,
                                                                "Plan Rows": 415782,
                                                                "Plan Width": 4,
                                                                "Actual Startup Time": 0.083,
                                                                "Actual Total Time": 84.147,
                                                                "Actual Rows": 279016,
                                                                "Actual Loops": 6,
                                                                "Output": [
                                                                    "t.id"
                                                                ],
                                                                "Filter": "(t.kind_id > 3)",
                                                                "Rows Removed by Filter": 142369,
                                                                "Workers": [
                                                                    {
                                                                        "Worker Number": 0,
                                                                        "Actual Startup Time": 0.1,
                                                                        "Actual Total Time": 85.996,
                                                                        "Actual Rows": 280620,
                                                                        "Actual Loops": 1
                                                                    },
                                                                    {
                                                                        "Worker Number": 1,
                                                                        "Actual Startup Time": 0.092,
                                                                        "Actual Total Time": 85.104,
                                                                        "Actual Rows": 262405,
                                                                        "Actual Loops": 1
                                                                    },
                                                                    {
                                                                        "Worker Number": 2,
                                                                        "Actual Startup Time": 0.099,
                                                                        "Actual Total Time": 86.426,
                                                                        "Actual Rows": 285280,
                                                                        "Actual Loops": 1
                                                                    },
                                                                    {
                                                                        "Worker Number": 3,
                                                                        "Actual Startup Time": 0.09,
                                                                        "Actual Total Time": 84.702,
                                                                        "Actual Rows": 260103,
                                                                        "Actual Loops": 1
                                                                    },
                                                                    {
                                                                        "Worker Number": 4,
                                                                        "Actual Startup Time": 0.099,
                                                                        "Actual Total Time": 86.135,
                                                                        "Actual Rows": 284735,
                                                                        "Actual Loops": 1
                                                                    }
                                                                ]
                                                            }
                                                        ]
                                                    }
                                                ]
                                            }
                                        ]
                                    }
                                ]
                            }
                        ]
                    }
                ]
            }
        ]
    },
    "Planning Time": 2.047,
    "Triggers": [],
    "Execution Time": 4610.98
}