{
  "Plan": {
    "Node Type": "Aggregate",
    "Strategy": "Plain",
    "Partial Mode": "Finalize",
    "Parallel Aware": false,
    "Startup Cost": 97918.24,
    "Total Cost": 97918.25,
    "Plan Rows": 1,
    "Plan Width": 8,
    "Actual Startup Time": 429.807,
    "Actual Total Time": 446.975,
    "Actual Rows": 1,
    "Actual Loops": 1,
    "Plans": [
      {
        "Node Type": "Gather",
        "Parent Relationship": "Outer",
        "Parallel Aware": false,
        "Startup Cost": 97918.13,
        "Total Cost": 97918.24,
        "Plan Rows": 1,
        "Plan Width": 8,
        "Actual Startup Time": 427.751,
        "Actual Total Time": 446.969,
        "Actual Rows": 2,
        "Actual Loops": 1,
        "Workers Planned": 1,
        "Workers Launched": 1,
        "Single Copy": false,
        "Plans": [
          {
            "Node Type": "Aggregate",
            "Strategy": "Plain",
            "Partial Mode": "Partial",
            "Parent Relationship": "Outer",
            "Parallel Aware": false,
            "Startup Cost": 96918.13,
            "Total Cost": 96918.14,
            "Plan Rows": 1,
            "Plan Width": 8,
            "Actual Startup Time": 421.579,
            "Actual Total Time": 421.582,
            "Actual Rows": 1,
            "Actual Loops": 2,
            "Plans": [
              {
                "Node Type": "Hash Join",
                "Parent Relationship": "Outer",
                "Parallel Aware": true,
                "Join Type": "Inner",
                "Startup Cost": 69196.13,
                "Total Cost": 96719.2,
                "Plan Rows": 79569,
                "Plan Width": 0,
                "Actual Startup Time": 296.872,
                "Actual Total Time": 414.853,
                "Actual Rows": 155756,
                "Actual Loops": 2,
                "Inner Unique": true,
                "Hash Cond": "(mk.movie_id = t.id)",
                "Plans": [
                  {
                    "Node Type": "Bitmap Heap Scan",
                    "Parent Relationship": "Outer",
                    "Parallel Aware": true,
                    "Relation Name": "movie_keyword",
                    "Alias": "mk",
                    "Startup Cost": 7317.83,
                    "Total Cost": 34308.25,
                    "Plan Rows": 202914,
                    "Plan Width": 4,
                    "Actual Startup Time": 21.31,
                    "Actual Total Time": 84.062,
                    "Actual Rows": 181846,
                    "Actual Loops": 2,
                    "Recheck Cond": "(keyword_id < 335)",
                    "Rows Removed by Index Recheck": 0,
                    "Exact Heap Blocks": 13794,
                    "Lossy Heap Blocks": 0,
                    "Plans": [
                      {
                        "Node Type": "Bitmap Index Scan",
                        "Parent Relationship": "Outer",
                        "Parallel Aware": false,
                        "Index Name": "keyword_id_movie_keyword",
                        "Startup Cost": 0.0,
                        "Total Cost": 7231.59,
                        "Plan Rows": 344954,
                        "Plan Width": 0,
                        "Actual Startup Time": 17.665,
                        "Actual Total Time": 17.665,
                        "Actual Rows": 363692,
                        "Actual Loops": 1,
                        "Index Cond": "(keyword_id < 335)"
                      }
                    ]
                  },
                  {
                    "Node Type": "Hash",
                    "Parent Relationship": "Inner",
                    "Parallel Aware": true,
                    "Startup Cost": 54588.39,
                    "Total Cost": 54588.39,
                    "Plan Rows": 583193,
                    "Plan Width": 4,
                    "Actual Startup Time": 266.331,
                    "Actual Total Time": 266.332,
                    "Actual Rows": 492524,
                    "Actual Loops": 2,
                    "Hash Buckets": 1048576,
                    "Original Hash Buckets": 1048576,
                    "Hash Batches": 1,
                    "Original Hash Batches": 1,
                    "Peak Memory Usage": 46784,
                    "Plans": [
                      {
                        "Node Type": "Seq Scan",
                        "Parent Relationship": "Outer",
                        "Parallel Aware": true,
                        "Relation Name": "title",
                        "Alias": "t",
                        "Startup Cost": 0.0,
                        "Total Cost": 54588.39,
                        "Plan Rows": 583193,
                        "Plan Width": 4,
                        "Actual Startup Time": 0.045,
                        "Actual Total Time": 151.436,
                        "Actual Rows": 492524,
                        "Actual Loops": 2,
                        "Filter": "(kind_id < 7)",
                        "Rows Removed by Filter": 771632
                      }
                    ]
                  }
                ]
              }
            ]
          }
        ]
      }
    ]
  },
  "Planning Time": 0.598,
  "Triggers": [],
  "Execution Time": 447.063
}