[
  {
    "Plan": {
      "Node Type": "Aggregate",
      "Strategy": "Plain",
      "Partial Mode": "Finalize",
      "Parallel Aware": false,
      "Startup Cost": 97605.38,
      "Total Cost": 97605.39,
      "Plan Rows": 1,
      "Plan Width": 8,
      "Actual Startup Time": 593.06,
      "Actual Total Time": 609.078,
      "Actual Rows": 1,
      "Actual Loops": 1,
      "Plans": [
        {
          "Node Type": "Gather",
          "Parent Relationship": "Outer",
          "Parallel Aware": false,
          "Startup Cost": 97605.17,
          "Total Cost": 97605.38,
          "Plan Rows": 2,
          "Plan Width": 8,
          "Actual Startup Time": 590.036,
          "Actual Total Time": 609.069,
          "Actual Rows": 3,
          "Actual Loops": 1,
          "Workers Planned": 2,
          "Workers Launched": 2,
          "Single Copy": false,
          "Plans": [
            {
              "Node Type": "Aggregate",
              "Strategy": "Plain",
              "Partial Mode": "Partial",
              "Parent Relationship": "Outer",
              "Parallel Aware": false,
              "Startup Cost": 96605.17,
              "Total Cost": 96605.18,
              "Plan Rows": 1,
              "Plan Width": 8,
              "Actual Startup Time": 582.11,
              "Actual Total Time": 582.296,
              "Actual Rows": 1,
              "Actual Loops": 3,
              "Plans": [
                {
                  "Node Type": "Hash Join",
                  "Parent Relationship": "Outer",
                  "Parallel Aware": true,
                  "Join Type": "Inner",
                  "Startup Cost": 80635.23,
                  "Total Cost": 96544.38,
                  "Plan Rows": 24316,
                  "Plan Width": 0,
                  "Actual Startup Time": 496.699,
                  "Actual Total Time": 578.719,
                  "Actual Rows": 86694,
                  "Actual Loops": 3,
                  "Inner Unique": false,
                  "Hash Cond": "(mi_idx.movie_id = t.id)",
                  "Plans": [
                    {
                      "Node Type": "Seq Scan",
                      "Parent Relationship": "Outer",
                      "Parallel Aware": true,
                      "Relation Name": "movie_info_idx",
                      "Alias": "mi_idx",
                      "Startup Cost": 0.0,
                      "Total Cost": 15122.68,
                      "Plan Rows": 193512,
                      "Plan Width": 4,
                      "Actual Startup Time": 0.027,
                      "Actual Total Time": 37.734,
                      "Actual Rows": 153308,
                      "Actual Loops": 3,
                      "Filter": "(info_type_id = 100)",
                      "Rows Removed by Filter": 306703
                    },
                    {
                      "Node Type": "Hash",
                      "Parent Relationship": "Inner",
                      "Parallel Aware": true,
                      "Startup Cost": 79642.42,
                      "Total Cost": 79642.42,
                      "Plan Rows": 79425,
                      "Plan Width": 8,
                      "Actual Startup Time": 492.071,
                      "Actual Total Time": 492.256,
                      "Actual Rows": 132397,
                      "Actual Loops": 3,
                      "Hash Buckets": 524288,
                      "Original Hash Buckets": 524288,
                      "Hash Batches": 1,
                      "Original Hash Batches": 1,
                      "Peak Memory Usage": 19680,
                      "Plans": [
                        {
                          "Node Type": "Hash Join",
                          "Parent Relationship": "Outer",
                          "Parallel Aware": true,
                          "Join Type": "Inner",
                          "Startup Cost": 33138.51,
                          "Total Cost": 79642.42,
                          "Plan Rows": 79425,
                          "Plan Width": 8,
                          "Actual Startup Time": 170.392,
                          "Actual Total Time": 453.693,
                          "Actual Rows": 132397,
                          "Actual Loops": 3,
                          "Inner Unique": false,
                          "Hash Cond": "(t.id = mc.movie_id)",
                          "Plans": [
                            {
                              "Node Type": "Seq Scan",
                              "Parent Relationship": "Outer",
                              "Parallel Aware": true,
                              "Relation Name": "title",
                              "Alias": "t",
                              "Startup Cost": 0.0,
                              "Total Cost": 43898.92,
                              "Plan Rows": 469758,
                              "Plan Width": 4,
                              "Actual Startup Time": 0.012,
                              "Actual Total Time": 118.12,
                              "Actual Rows": 623733,
                              "Actual Loops": 3,
                              "Filter": "(production_year > 1984)",
                              "Rows Removed by Filter": 219038
                            },
                            {
                              "Node Type": "Hash",
                              "Parent Relationship": "Inner",
                              "Parallel Aware": true,
                              "Startup Cost": 31414.82,
                              "Total Cost": 31414.82,
                              "Plan Rows": 137895,
                              "Plan Width": 4,
                              "Actual Startup Time": 167.997,
                              "Actual Total Time": 168.001,
                              "Actual Rows": 203557,
                              "Actual Loops": 3,
                              "Hash Buckets": 1048576,
                              "Original Hash Buckets": 524288,
                              "Hash Batches": 1,
                              "Original Hash Batches": 1,
                              "Peak Memory Usage": 36224,
                              "Plans": [
                                {
                                  "Node Type": "Seq Scan",
                                  "Parent Relationship": "Outer",
                                  "Parallel Aware": true,
                                  "Relation Name": "movie_companies",
                                  "Alias": "mc",
                                  "Startup Cost": 0.0,
                                  "Total Cost": 31414.82,
                                  "Plan Rows": 137895,
                                  "Plan Width": 4,
                                  "Actual Startup Time": 0.049,
                                  "Actual Total Time": 92.806,
                                  "Actual Rows": 203557,
                                  "Actual Loops": 3,
                                  "Filter": "((company_id < 2541) AND (company_type_id < 2))",
                                  "Rows Removed by Filter": 666152
                                }
                              ]
                            }
                          ]
                        }
                      ]
                    }
                  ]
                }
              ]
            }
          ]
        }
      ]
    },
    "Planning Time": 1.446,
    "Triggers": [],
    "Execution Time": 609.163
  }
]