[
  {
    "Plan": {
      "Node Type": "Aggregate",
      "Strategy": "Plain",
      "Partial Mode": "Finalize",
      "Parallel Aware": false,
      "Startup Cost": 91415.37,
      "Total Cost": 91415.38,
      "Plan Rows": 1,
      "Plan Width": 8,
      "Actual Startup Time": 302.541,
      "Actual Total Time": 320.701,
      "Actual Rows": 1,
      "Actual Loops": 1,
      "Plans": [
        {
          "Node Type": "Gather",
          "Parent Relationship": "Outer",
          "Parallel Aware": false,
          "Startup Cost": 91415.05,
          "Total Cost": 91415.36,
          "Plan Rows": 3,
          "Plan Width": 8,
          "Actual Startup Time": 300.997,
          "Actual Total Time": 320.691,
          "Actual Rows": 4,
          "Actual Loops": 1,
          "Workers Planned": 3,
          "Workers Launched": 3,
          "Single Copy": false,
          "Plans": [
            {
              "Node Type": "Aggregate",
              "Strategy": "Plain",
              "Partial Mode": "Partial",
              "Parent Relationship": "Outer",
              "Parallel Aware": false,
              "Startup Cost": 90415.05,
              "Total Cost": 90415.06,
              "Plan Rows": 1,
              "Plan Width": 8,
              "Actual Startup Time": 294.128,
              "Actual Total Time": 294.132,
              "Actual Rows": 1,
              "Actual Loops": 4,
              "Plans": [
                {
                  "Node Type": "Hash Join",
                  "Parent Relationship": "Outer",
                  "Parallel Aware": true,
                  "Join Type": "Inner",
                  "Startup Cost": 45950.81,
                  "Total Cost": 90319.9,
                  "Plan Rows": 38061,
                  "Plan Width": 0,
                  "Actual Startup Time": 123.732,
                  "Actual Total Time": 289.476,
                  "Actual Rows": 102959,
                  "Actual Loops": 4,
                  "Inner Unique": true,
                  "Hash Cond": "(mk.movie_id = t.id)",
                  "Plans": [
                    {
                      "Node Type": "Seq Scan",
                      "Parent Relationship": "Outer",
                      "Parallel Aware": true,
                      "Relation Name": "movie_keyword",
                      "Alias": "mk",
                      "Startup Cost": 0.0,
                      "Total Cost": 42695.65,
                      "Plan Rows": 637500,
                      "Plan Width": 4,
                      "Actual Startup Time": 0.413,
                      "Actual Total Time": 108.021,
                      "Actual Rows": 494509,
                      "Actual Loops": 4,
                      "Filter": "(keyword_id > 6395)",
                      "Rows Removed by Filter": 636474
                    },
                    {
                      "Node Type": "Hash",
                      "Parent Relationship": "Inner",
                      "Parallel Aware": true,
                      "Startup Cost": 45479.1,
                      "Total Cost": 45479.1,
                      "Plan Rows": 37737,
                      "Plan Width": 4,
                      "Actual Startup Time": 120.906,
                      "Actual Total Time": 120.906,
                      "Actual Rows": 64512,
                      "Actual Loops": 4,
                      "Hash Buckets": 262144,
                      "Original Hash Buckets": 262144,
                      "Hash Batches": 1,
                      "Original Hash Batches": 1,
                      "Peak Memory Usage": 12224,
                      "Plans": [
                        {
                          "Node Type": "Seq Scan",
                          "Parent Relationship": "Outer",
                          "Parallel Aware": true,
                          "Relation Name": "title",
                          "Alias": "t",
                          "Startup Cost": 0.0,
                          "Total Cost": 45479.1,
                          "Plan Rows": 37737,
                          "Plan Width": 4,
                          "Actual Startup Time": 0.09,
                          "Actual Total Time": 98.992,
                          "Actual Rows": 64512,
                          "Actual Loops": 4,
                          "Filter": "((kind_id < 7) AND (production_year < 1972))",
                          "Rows Removed by Filter": 567566
                        }
                      ]
                    }
                  ]
                }
              ]
            }
          ]
        }
      ]
    },
    "Planning Time": 0.649,
    "Triggers": [],
    "Execution Time": 320.776
  }
]