[
  {
    "Plan": {
      "Node Type": "Aggregate",
      "Strategy": "Plain",
      "Partial Mode": "Finalize",
      "Parallel Aware": false,
      "Startup Cost": 346778.26,
      "Total Cost": 346778.27,
      "Plan Rows": 1,
      "Plan Width": 8,
      "Actual Startup Time": 758.531,
      "Actual Total Time": 827.419,
      "Actual Rows": 1,
      "Actual Loops": 1,
      "Plans": [
        {
          "Node Type": "Gather",
          "Parent Relationship": "Outer",
          "Parallel Aware": false,
          "Startup Cost": 346777.64,
          "Total Cost": 346778.25,
          "Plan Rows": 6,
          "Plan Width": 8,
          "Actual Startup Time": 758.414,
          "Actual Total Time": 827.408,
          "Actual Rows": 7,
          "Actual Loops": 1,
          "Workers Planned": 6,
          "Workers Launched": 6,
          "Single Copy": false,
          "Plans": [
            {
              "Node Type": "Aggregate",
              "Strategy": "Plain",
              "Partial Mode": "Partial",
              "Parent Relationship": "Outer",
              "Parallel Aware": false,
              "Startup Cost": 345777.64,
              "Total Cost": 345777.65,
              "Plan Rows": 1,
              "Plan Width": 8,
              "Actual Startup Time": 749.313,
              "Actual Total Time": 749.314,
              "Actual Rows": 1,
              "Actual Loops": 7,
              "Plans": [
                {
                  "Node Type": "Seq Scan",
                  "Parent Relationship": "Outer",
                  "Parallel Aware": true,
                  "Relation Name": "cast_info",
                  "Alias": "ci",
                  "Startup Cost": 0.0,
                  "Total Cost": 343257.03,
                  "Plan Rows": 1008244,
                  "Plan Width": 0,
                  "Actual Startup Time": 398.788,
                  "Actual Total Time": 720.643,
                  "Actual Rows": 528986,
                  "Actual Loops": 7,
                  "Filter": "((person_id < 1318918) AND (role_id > 2))",
                  "Rows Removed by Filter": 4648777
                }
              ]
            }
          ]
        }
      ]
    },
    "Planning Time": 0.166,
    "Triggers": [],
    "Execution Time": 827.482
  }
]