{
  "Plan": {
    "Node Type": "Aggregate",
    "Strategy": "Plain",
    "Partial Mode": "Finalize",
    "Parallel Aware": false,
    "Startup Cost": 924428.52,
    "Total Cost": 924428.53,
    "Plan Rows": 1,
    "Plan Width": 8,
    "Actual Startup Time": 10880.999,
    "Actual Total Time": 10949.114,
    "Actual Rows": 1,
    "Actual Loops": 1,
    "Plans": [
      {
        "Node Type": "Gather",
        "Parent Relationship": "Outer",
        "Parallel Aware": false,
        "Startup Cost": 924428.4,
        "Total Cost": 924428.51,
        "Plan Rows": 1,
        "Plan Width": 8,
        "Actual Startup Time": 10875.968,
        "Actual Total Time": 10949.105,
        "Actual Rows": 2,
        "Actual Loops": 1,
        "Workers Planned": 1,
        "Workers Launched": 1,
        "Single Copy": false,
        "Plans": [
          {
            "Node Type": "Aggregate",
            "Strategy": "Plain",
            "Partial Mode": "Partial",
            "Parent Relationship": "Outer",
            "Parallel Aware": false,
            "Startup Cost": 923428.4,
            "Total Cost": 923428.41,
            "Plan Rows": 1,
            "Plan Width": 8,
            "Actual Startup Time": 10869.995,
            "Actual Total Time": 10870.002,
            "Actual Rows": 1,
            "Actual Loops": 2,
            "Plans": [
              {
                "Node Type": "Hash Join",
                "Parent Relationship": "Outer",
                "Parallel Aware": true,
                "Join Type": "Inner",
                "Startup Cost": 296767.66,
                "Total Cost": 899284.5,
                "Plan Rows": 9657562,
                "Plan Width": 0,
                "Actual Startup Time": 1013.076,
                "Actual Total Time": 9383.483,
                "Actual Rows": 36584789,
                "Actual Loops": 2,
                "Inner Unique": false,
                "Hash Cond": "(ci.movie_id = t.id)",
                "Plans": [
                  {
                    "Node Type": "Seq Scan",
                    "Parent Relationship": "Outer",
                    "Parallel Aware": true,
                    "Relation Name": "cast_info",
                    "Alias": "ci",
                    "Startup Cost": 0.0,
                    "Total Cost": 465792.95,
                    "Plan Rows": 21310595,
                    "Plan Width": 4,
                    "Actual Startup Time": 0.018,
                    "Actual Total Time": 1316.79,
                    "Actual Rows": 18122172,
                    "Actual Loops": 2
                  },
                  {
                    "Node Type": "Hash",
                    "Parent Relationship": "Inner",
                    "Parallel Aware": true,
                    "Startup Cost": 288342.84,
                    "Total Cost": 288342.84,
                    "Plan Rows": 673985,
                    "Plan Width": 8,
                    "Actual Startup Time": 1002.699,
                    "Actual Total Time": 1002.703,
                    "Actual Rows": 660084,
                    "Actual Loops": 2,
                    "Hash Buckets": 2097152,
                    "Original Hash Buckets": 2097152,
                    "Hash Batches": 1,
                    "Original Hash Batches": 1,
                    "Peak Memory Usage": 68064,
                    "Plans": [
                      {
                        "Node Type": "Hash Join",
                        "Parent Relationship": "Outer",
                        "Parallel Aware": true,
                        "Join Type": "Inner",
                        "Startup Cost": 105743.29,
                        "Total Cost": 288342.84,
                        "Plan Rows": 673985,
                        "Plan Width": 8,
                        "Actual Startup Time": 410.231,
                        "Actual Total Time": 852.873,
                        "Actual Rows": 660084,
                        "Actual Loops": 2,
                        "Inner Unique": true,
                        "Hash Cond": "(mi.movie_id = t.id)",
                        "Plans": [
                          {
                            "Node Type": "Bitmap Heap Scan",
                            "Parent Relationship": "Outer",
                            "Parallel Aware": true,
                            "Relation Name": "movie_info",
                            "Alias": "mi",
                            "Startup Cost": 41958.26,
                            "Total Cost": 220981.46,
                            "Plan Rows": 1362416,
                            "Plan Width": 4,
                            "Actual Startup Time": 77.54,
                            "Actual Total Time": 238.242,
                            "Actual Rows": 1116925,
                            "Actual Loops": 2,
                            "Recheck Cond": "(info_type_id > 16)",
                            "Rows Removed by Index Recheck": 0,
                            "Exact Heap Blocks": 26803,
                            "Lossy Heap Blocks": 0,
                            "Plans": [
                              {
                                "Node Type": "Bitmap Index Scan",
                                "Parent Relationship": "Outer",
                                "Parallel Aware": false,
                                "Index Name": "info_type_id_movie_info",
                                "Startup Cost": 0.0,
                                "Total Cost": 41379.24,
                                "Plan Rows": 2316107,
                                "Plan Width": 0,
                                "Actual Startup Time": 69.464,
                                "Actual Total Time": 69.464,
                                "Actual Rows": 2233850,
                                "Actual Loops": 1,
                                "Index Cond": "(info_type_id > 16)"
                              }
                            ]
                          },
                          {
                            "Node Type": "Hash",
                            "Parent Relationship": "Inner",
                            "Parallel Aware": true,
                            "Startup Cost": 54588.39,
                            "Total Cost": 54588.39,
                            "Plan Rows": 735731,
                            "Plan Width": 4,
                            "Actual Startup Time": 326.322,
                            "Actual Total Time": 326.322,
                            "Actual Rows": 631850,
                            "Actual Loops": 2,
                            "Hash Buckets": 2097152,
                            "Original Hash Buckets": 2097152,
                            "Hash Batches": 1,
                            "Original Hash Batches": 1,
                            "Peak Memory Usage": 65856,
                            "Plans": [
                              {
                                "Node Type": "Seq Scan",
                                "Parent Relationship": "Outer",
                                "Parallel Aware": true,
                                "Relation Name": "title",
                                "Alias": "t",
                                "Startup Cost": 0.0,
                                "Total Cost": 54588.39,
                                "Plan Rows": 735731,
                                "Plan Width": 4,
                                "Actual Startup Time": 0.028,
                                "Actual Total Time": 158.448,
                                "Actual Rows": 631850,
                                "Actual Loops": 2,
                                "Filter": "(production_year < 2004)",
                                "Rows Removed by Filter": 632306
                              }
                            ]
                          }
                        ]
                      }
                    ]
                  }
                ]
              }
            ]
          }
        ]
      }
    ]
  },
  "Planning Time": 0.617,
  "Triggers": [],
  "Execution Time": 10949.223
}