{
    "Plan": {
        "Node Type": "Aggregate",
        "Strategy": "Plain",
        "Partial Mode": "Simple",
        "Parallel Aware": false,
        "Startup Cost": 60001542509.79,
        "Total Cost": 60001542509.8,
        "Plan Rows": 1,
        "Plan Width": 96,
        "Actual Startup Time": 48942.344,
        "Actual Total Time": 48942.358,
        "Actual Rows": 1,
        "Actual Loops": 1,
        "Output": [
            "min(cn.name)",
            "min(mi_idx.info)",
            "min(t.title)"
        ],
        "Plans": [
            {
                "Node Type": "Nested Loop",
                "Parent Relationship": "Outer",
                "Parallel Aware": false,
                "Join Type": "Inner",
                "Startup Cost": 60001541866.08,
                "Total Cost": 60001542509.78,
                "Plan Rows": 1,
                "Plan Width": 41,
                "Actual Startup Time": 48069.989,
                "Actual Total Time": 48933.877,
                "Actual Rows": 27943,
                "Actual Loops": 1,
                "Output": [
                    "cn.name",
                    "mi_idx.info",
                    "t.title"
                ],
                "Inner Unique": true,
                "Plans": [
                    {
                        "Node Type": "Nested Loop",
                        "Parent Relationship": "Outer",
                        "Parallel Aware": false,
                        "Join Type": "Inner",
                        "Startup Cost": 50001541865.93,
                        "Total Cost": 50001542501.6,
                        "Plan Rows": 1,
                        "Plan Width": 45,
                        "Actual Startup Time": 48069.778,
                        "Actual Total Time": 48524.158,
                        "Actual Rows": 110384,
                        "Actual Loops": 1,
                        "Output": [
                            "cn.name",
                            "mi_idx.info",
                            "mi_idx.info_type_id",
                            "t.title"
                        ],
                        "Inner Unique": true,
                        "Plans": [
                            {
                                "Node Type": "Merge Join",
                                "Parent Relationship": "Outer",
                                "Parallel Aware": false,
                                "Join Type": "Inner",
                                "Startup Cost": 40001541865.79,
                                "Total Cost": 40001542495.85,
                                "Plan Rows": 1,
                                "Plan Width": 49,
                                "Actual Startup Time": 48069.75,
                                "Actual Total Time": 48132.805,
                                "Actual Rows": 110384,
                                "Actual Loops": 1,
                                "Output": [
                                    "cn.name",
                                    "mc.company_type_id",
                                    "mi_idx.info",
                                    "mi_idx.info_type_id",
                                    "t.title"
                                ],
                                "Inner Unique": false,
                                "Merge Cond": "(cn.id = mc.company_id)",
                                "Plans": [
                                    {
                                        "Node Type": "Sort",
                                        "Parent Relationship": "Outer",
                                        "Parallel Aware": false,
                                        "Startup Cost": 10000016616.43,
                                        "Total Cost": 10000016931.7,
                                        "Plan Rows": 126107,
                                        "Plan Width": 23,
                                        "Actual Startup Time": 88.988,
                                        "Actual Total Time": 94.627,
                                        "Actual Rows": 38788,
                                        "Actual Loops": 1,
                                        "Output": [
                                            "cn.name",
                                            "cn.id"
                                        ],
                                        "Sort Key": [
                                            "cn.id"
                                        ],
                                        "Sort Method": "quicksort",
                                        "Sort Space Used": 12078,
                                        "Sort Space Type": "Memory",
                                        "Plans": [
                                            {
                                                "Node Type": "Seq Scan",
                                                "Parent Relationship": "Outer",
                                                "Parallel Aware": false,
                                                "Relation Name": "company_name",
                                                "Schema": "public",
                                                "Alias": "cn",
                                                "Startup Cost": 10000000000.0,
                                                "Total Cost": 10000005932.46,
                                                "Plan Rows": 126107,
                                                "Plan Width": 23,
                                                "Actual Startup Time": 0.014,
                                                "Actual Total Time": 40.004,
                                                "Actual Rows": 126230,
                                                "Actual Loops": 1,
                                                "Output": [
                                                    "cn.name",
                                                    "cn.id"
                                                ],
                                                "Filter": "((cn.country_code)::text <> '[us]'::text)",
                                                "Rows Removed by Filter": 108767
                                            }
                                        ]
                                    },
                                    {
                                        "Node Type": "Sort",
                                        "Parent Relationship": "Inner",
                                        "Parallel Aware": false,
                                        "Startup Cost": 30001525249.37,
                                        "Total Cost": 30001525249.37,
                                        "Plan Rows": 1,
                                        "Plan Width": 34,
                                        "Actual Startup Time": 47980.751,
                                        "Actual Total Time": 48008.525,
                                        "Actual Rows": 117439,
                                        "Actual Loops": 1,
                                        "Output": [
                                            "mc.company_type_id",
                                            "mc.company_id",
                                            "mi_idx.info",
                                            "mi_idx.info_type_id",
                                            "t.title"
                                        ],
                                        "Sort Key": [
                                            "mc.company_id"
                                        ],
                                        "Sort Method": "quicksort",
                                        "Sort Space Used": 12809,
                                        "Sort Space Type": "Memory",
                                        "Plans": [
                                            {
                                                "Node Type": "Merge Join",
                                                "Parent Relationship": "Outer",
                                                "Parallel Aware": false,
                                                "Join Type": "Inner",
                                                "Startup Cost": 30001519530.95,
                                                "Total Cost": 30001525249.36,
                                                "Plan Rows": 1,
                                                "Plan Width": 34,
                                                "Actual Startup Time": 47670.513,
                                                "Actual Total Time": 47955.937,
                                                "Actual Rows": 117439,
                                                "Actual Loops": 1,
                                                "Output": [
                                                    "mc.company_type_id",
                                                    "mc.company_id",
                                                    "mi_idx.info",
                                                    "mi_idx.info_type_id",
                                                    "t.title"
                                                ],
                                                "Inner Unique": true,
                                                "Merge Cond": "(mk.keyword_id = k.id)",
                                                "Plans": [
                                                    {
                                                        "Node Type": "Sort",
                                                        "Parent Relationship": "Outer",
                                                        "Parallel Aware": false,
                                                        "Startup Cost": 20001519530.53,
                                                        "Total Cost": 20001519550.76,
                                                        "Plan Rows": 8092,
                                                        "Plan Width": 38,
                                                        "Actual Startup Time": 47630.799,
                                                        "Actual Total Time": 47763.646,
                                                        "Actual Rows": 2227784,
                                                        "Actual Loops": 1,
                                                        "Output": [
                                                            "mc.company_type_id",
                                                            "mc.company_id",
                                                            "mi_idx.info",
                                                            "mi_idx.info_type_id",
                                                            "mk.keyword_id",
                                                            "t.title"
                                                        ],
                                                        "Sort Key": [
                                                            "mk.keyword_id"
                                                        ],
                                                        "Sort Method": "quicksort",
                                                        "Sort Space Used": 1591284,
                                                        "Sort Space Type": "Memory",
                                                        "Plans": [
                                                            {
                                                                "Node Type": "Nested Loop",
                                                                "Parent Relationship": "Outer",
                                                                "Parallel Aware": false,
                                                                "Join Type": "Inner",
                                                                "Startup Cost": 20001502886.32,
                                                                "Total Cost": 20001519005.26,
                                                                "Plan Rows": 8092,
                                                                "Plan Width": 38,
                                                                "Actual Startup Time": 32480.12,
                                                                "Actual Total Time": 44001.775,
                                                                "Actual Rows": 13706862,
                                                                "Actual Loops": 1,
                                                                "Output": [
                                                                    "mc.company_type_id",
                                                                    "mc.company_id",
                                                                    "mi_idx.info",
                                                                    "mi_idx.info_type_id",
                                                                    "mk.keyword_id",
                                                                    "t.title"
                                                                ],
                                                                "Inner Unique": false,
                                                                "Join Filter": "(t.id = mc.movie_id)",
                                                                "Rows Removed by Join Filter": 0,
                                                                "Plans": [
                                                                    {
                                                                        "Node Type": "Merge Join",
                                                                        "Parent Relationship": "Outer",
                                                                        "Parallel Aware": false,
                                                                        "Join Type": "Inner",
                                                                        "Startup Cost": 20001502885.89,
                                                                        "Total Cost": 20001503741.16,
                                                                        "Plan Rows": 26316,
                                                                        "Plan Width": 46,
                                                                        "Actual Startup Time": 32479.263,
                                                                        "Actual Total Time": 33113.9,
                                                                        "Actual Rows": 1833913,
                                                                        "Actual Loops": 1,
                                                                        "Output": [
                                                                            "mi.movie_id",
                                                                            "mi_idx.info",
                                                                            "mi_idx.movie_id",
                                                                            "mi_idx.info_type_id",
                                                                            "mk.movie_id",
                                                                            "mk.keyword_id",
                                                                            "t.title",
                                                                            "t.id"
                                                                        ],
                                                                        "Inner Unique": false,
                                                                        "Merge Cond": "(t.kind_id = kt.id)",
                                                                        "Plans": [
                                                                            {
                                                                                "Node Type": "Sort",
                                                                                "Parent Relationship": "Outer",
                                                                                "Parallel Aware": false,
                                                                                "Startup Cost": 20001502884.79,
                                                                                "Total Cost": 20001503115.06,
                                                                                "Plan Rows": 92106,
                                                                                "Plan Width": 50,
                                                                                "Actual Startup Time": 32479.213,
                                                                                "Actual Total Time": 32600.918,
                                                                                "Actual Rows": 2343737,
                                                                                "Actual Loops": 1,
                                                                                "Output": [
                                                                                    "mi.movie_id",
                                                                                    "mi_idx.info",
                                                                                    "mi_idx.movie_id",
                                                                                    "mi_idx.info_type_id",
                                                                                    "mk.movie_id",
                                                                                    "mk.keyword_id",
                                                                                    "t.title",
                                                                                    "t.kind_id",
                                                                                    "t.id"
                                                                                ],
                                                                                "Sort Key": [
                                                                                    "t.kind_id"
                                                                                ],
                                                                                "Sort Method": "quicksort",
                                                                                "Sort Space Used": 377987,
                                                                                "Sort Space Type": "Memory",
                                                                                "Plans": [
                                                                                    {
                                                                                        "Node Type": "Nested Loop",
                                                                                        "Parent Relationship": "Outer",
                                                                                        "Parallel Aware": false,
                                                                                        "Join Type": "Inner",
                                                                                        "Startup Cost": 20000548554.66,
                                                                                        "Total Cost": 20001495290.19,
                                                                                        "Plan Rows": 92106,
                                                                                        "Plan Width": 50,
                                                                                        "Actual Startup Time": 1153.016,
                                                                                        "Actual Total Time": 31367.466,
                                                                                        "Actual Rows": 2343737,
                                                                                        "Actual Loops": 1,
                                                                                        "Output": [
                                                                                            "mi.movie_id",
                                                                                            "mi_idx.info",
                                                                                            "mi_idx.movie_id",
                                                                                            "mi_idx.info_type_id",
                                                                                            "mk.movie_id",
                                                                                            "mk.keyword_id",
                                                                                            "t.title",
                                                                                            "t.kind_id",
                                                                                            "t.id"
                                                                                        ],
                                                                                        "Inner Unique": true,
                                                                                        "Join Filter": "(mi.movie_id = t.id)",
                                                                                        "Rows Removed by Join Filter": 0,
                                                                                        "Plans": [
                                                                                            {
                                                                                                "Node Type": "Hash Join",
                                                                                                "Parent Relationship": "Outer",
                                                                                                "Parallel Aware": false,
                                                                                                "Join Type": "Inner",
                                                                                                "Startup Cost": 10000548554.21,
                                                                                                "Total Cost": 10000740221.23,
                                                                                                "Plan Rows": 168798,
                                                                                                "Plan Width": 25,
                                                                                                "Actual Startup Time": 1152.956,
                                                                                                "Actual Total Time": 4671.209,
                                                                                                "Actual Rows": 5813237,
                                                                                                "Actual Loops": 1,
                                                                                                "Output": [
                                                                                                    "mi.movie_id",
                                                                                                    "mi_idx.info",
                                                                                                    "mi_idx.movie_id",
                                                                                                    "mi_idx.info_type_id",
                                                                                                    "mk.movie_id",
                                                                                                    "mk.keyword_id"
                                                                                                ],
                                                                                                "Inner Unique": false,
                                                                                                "Hash Cond": "(mi.movie_id = mi_idx.movie_id)",
                                                                                                "Plans": [
                                                                                                    {
                                                                                                        "Node Type": "Merge Join",
                                                                                                        "Parent Relationship": "Outer",
                                                                                                        "Parallel Aware": false,
                                                                                                        "Join Type": "Inner",
                                                                                                        "Startup Cost": 10000508711.74,
                                                                                                        "Total Cost": 10000698251.9,
                                                                                                        "Plan Rows": 70226,
                                                                                                        "Plan Width": 12,
                                                                                                        "Actual Startup Time": 613.497,
                                                                                                        "Actual Total Time": 2698.848,
                                                                                                        "Actual Rows": 2786897,
                                                                                                        "Actual Loops": 1,
                                                                                                        "Output": [
                                                                                                            "mi.movie_id",
                                                                                                            "mk.movie_id",
                                                                                                            "mk.keyword_id"
                                                                                                        ],
                                                                                                        "Inner Unique": false,
                                                                                                        "Merge Cond": "(mk.movie_id = mi.movie_id)",
                                                                                                        "Plans": [
                                                                                                            {
                                                                                                                "Node Type": "Index Scan",
                                                                                                                "Parent Relationship": "Outer",
                                                                                                                "Parallel Aware": false,
                                                                                                                "Scan Direction": "Forward",
                                                                                                                "Index Name": "movie_id_movie_keyword",
                                                                                                                "Relation Name": "movie_keyword",
                                                                                                                "Schema": "public",
                                                                                                                "Alias": "mk",
                                                                                                                "Startup Cost": 10000000000.43,
                                                                                                                "Total Cost": 10000177177.46,
                                                                                                                "Plan Rows": 4523930,
                                                                                                                "Plan Width": 8,
                                                                                                                "Actual Startup Time": 0.025,
                                                                                                                "Actual Total Time": 829.134,
                                                                                                                "Actual Rows": 4523928,
                                                                                                                "Actual Loops": 1,
                                                                                                                "Output": [
                                                                                                                    "mk.id",
                                                                                                                    "mk.movie_id",
                                                                                                                    "mk.keyword_id"
                                                                                                                ]
                                                                                                            },
                                                                                                            {
                                                                                                                "Node Type": "Sort",
                                                                                                                "Parent Relationship": "Inner",
                                                                                                                "Parallel Aware": false,
                                                                                                                "Startup Cost": 508711.27,
                                                                                                                "Total Cost": 508725.84,
                                                                                                                "Plan Rows": 5827,
                                                                                                                "Plan Width": 4,
                                                                                                                "Actual Startup Time": 613.46,
                                                                                                                "Actual Total Time": 994.555,
                                                                                                                "Actual Rows": 3132313,
                                                                                                                "Actual Loops": 1,
                                                                                                                "Output": [
                                                                                                                    "mi.movie_id"
                                                                                                                ],
                                                                                                                "Sort Key": [
                                                                                                                    "mi.movie_id"
                                                                                                                ],
                                                                                                                "Sort Method": "quicksort",
                                                                                                                "Sort Space Used": 52175,
                                                                                                                "Sort Space Type": "Memory",
                                                                                                                "Plans": [
                                                                                                                    {
                                                                                                                        "Node Type": "Nested Loop",
                                                                                                                        "Parent Relationship": "Outer",
                                                                                                                        "Parallel Aware": false,
                                                                                                                        "Join Type": "Inner",
                                                                                                                        "Startup Cost": 0.58,
                                                                                                                        "Total Cost": 508346.83,
                                                                                                                        "Plan Rows": 5827,
                                                                                                                        "Plan Width": 4,
                                                                                                                        "Actual Startup Time": 0.078,
                                                                                                                        "Actual Total Time": 462.295,
                                                                                                                        "Actual Rows": 588764,
                                                                                                                        "Actual Loops": 1,
                                                                                                                        "Output": [
                                                                                                                            "mi.movie_id"
                                                                                                                        ],
                                                                                                                        "Inner Unique": false,
                                                                                                                        "Plans": [
                                                                                                                            {
                                                                                                                                "Node Type": "Index Scan",
                                                                                                                                "Parent Relationship": "Outer",
                                                                                                                                "Parallel Aware": false,
                                                                                                                                "Scan Direction": "Forward",
                                                                                                                                "Index Name": "info_type_pkey",
                                                                                                                                "Relation Name": "info_type",
                                                                                                                                "Schema": "public",
                                                                                                                                "Alias": "it1",
                                                                                                                                "Startup Cost": 0.14,
                                                                                                                                "Total Cost": 14.12,
                                                                                                                                "Plan Rows": 1,
                                                                                                                                "Plan Width": 4,
                                                                                                                                "Actual Startup Time": 0.013,
                                                                                                                                "Actual Total Time": 0.032,
                                                                                                                                "Actual Rows": 1,
                                                                                                                                "Actual Loops": 1,
                                                                                                                                "Output": [
                                                                                                                                    "it1.id",
                                                                                                                                    "it1.info"
                                                                                                                                ],
                                                                                                                                "Filter": "((it1.info)::text = 'countries'::text)",
                                                                                                                                "Rows Removed by Filter": 112
                                                                                                                            },
                                                                                                                            {
                                                                                                                                "Node Type": "Index Scan",
                                                                                                                                "Parent Relationship": "Inner",
                                                                                                                                "Parallel Aware": false,
                                                                                                                                "Scan Direction": "Forward",
                                                                                                                                "Index Name": "info_type_id_movie_info",
                                                                                                                                "Relation Name": "movie_info",
                                                                                                                                "Schema": "public",
                                                                                                                                "Alias": "mi",
                                                                                                                                "Startup Cost": 0.43,
                                                                                                                                "Total Cost": 508238.64,
                                                                                                                                "Plan Rows": 9407,
                                                                                                                                "Plan Width": 8,
                                                                                                                                "Actual Startup Time": 0.061,
                                                                                                                                "Actual Total Time": 400.963,
                                                                                                                                "Actual Rows": 588764,
                                                                                                                                "Actual Loops": 1,
                                                                                                                                "Output": [
                                                                                                                                    "mi.id",
                                                                                                                                    "mi.movie_id",
                                                                                                                                    "mi.info_type_id",
                                                                                                                                    "mi.info",
                                                                                                                                    "mi.note"
                                                                                                                                ],
                                                                                                                                "Index Cond": "(mi.info_type_id = it1.id)",
                                                                                                                                "Rows Removed by Index Recheck": 0,
                                                                                                                                "Filter": "(mi.info = ANY ('{Germany,German,USA,American}'::text[]))",
                                                                                                                                "Rows Removed by Filter": 736597
                                                                                                                            }
                                                                                                                        ]
                                                                                                                    }
                                                                                                                ]
                                                                                                            }
                                                                                                        ]
                                                                                                    },
                                                                                                    {
                                                                                                        "Node Type": "Hash",
                                                                                                        "Parent Relationship": "Inner",
                                                                                                        "Parallel Aware": false,
                                                                                                        "Startup Cost": 25185.44,
                                                                                                        "Total Cost": 25185.44,
                                                                                                        "Plan Rows": 1172563,
                                                                                                        "Plan Width": 13,
                                                                                                        "Actual Startup Time": 537.093,
                                                                                                        "Actual Total Time": 537.094,
                                                                                                        "Actual Rows": 1172960,
                                                                                                        "Actual Loops": 1,
                                                                                                        "Output": [
                                                                                                            "mi_idx.info",
                                                                                                            "mi_idx.movie_id",
                                                                                                            "mi_idx.info_type_id"
                                                                                                        ],
                                                                                                        "Hash Buckets": 2097152,
                                                                                                        "Original Hash Buckets": 2097152,
                                                                                                        "Hash Batches": 1,
                                                                                                        "Original Hash Batches": 1,
                                                                                                        "Peak Memory Usage": 70439,
                                                                                                        "Plans": [
                                                                                                            {
                                                                                                                "Node Type": "Seq Scan",
                                                                                                                "Parent Relationship": "Outer",
                                                                                                                "Parallel Aware": false,
                                                                                                                "Relation Name": "movie_info_idx",
                                                                                                                "Schema": "public",
                                                                                                                "Alias": "mi_idx",
                                                                                                                "Startup Cost": 0.0,
                                                                                                                "Total Cost": 25185.44,
                                                                                                                "Plan Rows": 1172563,
                                                                                                                "Plan Width": 13,
                                                                                                                "Actual Startup Time": 0.023,
                                                                                                                "Actual Total Time": 263.037,
                                                                                                                "Actual Rows": 1172960,
                                                                                                                "Actual Loops": 1,
                                                                                                                "Output": [
                                                                                                                    "mi_idx.info",
                                                                                                                    "mi_idx.movie_id",
                                                                                                                    "mi_idx.info_type_id"
                                                                                                                ],
                                                                                                                "Filter": "(mi_idx.info < '7.0'::text)",
                                                                                                                "Rows Removed by Filter": 207075
                                                                                                            }
                                                                                                        ]
                                                                                                    }
                                                                                                ]
                                                                                            },
                                                                                            {
                                                                                                "Node Type": "Bitmap Heap Scan",
                                                                                                "Parent Relationship": "Inner",
                                                                                                "Parallel Aware": false,
                                                                                                "Relation Name": "title",
                                                                                                "Schema": "public",
                                                                                                "Alias": "t",
                                                                                                "Startup Cost": 0.45,
                                                                                                "Total Cost": 4.46,
                                                                                                "Plan Rows": 1,
                                                                                                "Plan Width": 25,
                                                                                                "Actual Startup Time": 0.003,
                                                                                                "Actual Total Time": 0.003,
                                                                                                "Actual Rows": 0,
                                                                                                "Actual Loops": 5813237,
                                                                                                "Output": [
                                                                                                    "t.id",
                                                                                                    "t.title",
                                                                                                    "t.imdb_index",
                                                                                                    "t.kind_id",
                                                                                                    "t.production_year",
                                                                                                    "t.imdb_id",
                                                                                                    "t.phonetic_code",
                                                                                                    "t.episode_of_id",
                                                                                                    "t.season_nr",
                                                                                                    "t.episode_nr",
                                                                                                    "t.series_years",
                                                                                                    "t.md5sum"
                                                                                                ],
                                                                                                "Recheck Cond": "(t.id = mk.movie_id)",
                                                                                                "Rows Removed by Index Recheck": 0,
                                                                                                "Filter": "(t.production_year > 2000)",
                                                                                                "Rows Removed by Filter": 1,
                                                                                                "Exact Heap Blocks": 5813237,
                                                                                                "Lossy Heap Blocks": 0,
                                                                                                "Plans": [
                                                                                                    {
                                                                                                        "Node Type": "Bitmap Index Scan",
                                                                                                        "Parent Relationship": "Outer",
                                                                                                        "Parallel Aware": false,
                                                                                                        "Index Name": "title_pkey",
                                                                                                        "Startup Cost": 0.0,
                                                                                                        "Total Cost": 0.45,
                                                                                                        "Plan Rows": 1,
                                                                                                        "Plan Width": 0,
                                                                                                        "Actual Startup Time": 0.002,
                                                                                                        "Actual Total Time": 0.002,
                                                                                                        "Actual Rows": 1,
                                                                                                        "Actual Loops": 5813237,
                                                                                                        "Index Cond": "(t.id = mk.movie_id)"
                                                                                                    }
                                                                                                ]
                                                                                            }
                                                                                        ]
                                                                                    }
                                                                                ]
                                                                            },
                                                                            {
                                                                                "Node Type": "Sort",
                                                                                "Parent Relationship": "Inner",
                                                                                "Parallel Aware": false,
                                                                                "Startup Cost": 1.1,
                                                                                "Total Cost": 1.1,
                                                                                "Plan Rows": 2,
                                                                                "Plan Width": 4,
                                                                                "Actual Startup Time": 0.042,
                                                                                "Actual Total Time": 70.083,
                                                                                "Actual Rows": 1613563,
                                                                                "Actual Loops": 1,
                                                                                "Output": [
                                                                                    "kt.id"
                                                                                ],
                                                                                "Sort Key": [
                                                                                    "kt.id"
                                                                                ],
                                                                                "Sort Method": "quicksort",
                                                                                "Sort Space Used": 25,
                                                                                "Sort Space Type": "Memory",
                                                                                "Plans": [
                                                                                    {
                                                                                        "Node Type": "Seq Scan",
                                                                                        "Parent Relationship": "Outer",
                                                                                        "Parallel Aware": false,
                                                                                        "Relation Name": "kind_type",
                                                                                        "Schema": "public",
                                                                                        "Alias": "kt",
                                                                                        "Startup Cost": 0.0,
                                                                                        "Total Cost": 1.09,
                                                                                        "Plan Rows": 2,
                                                                                        "Plan Width": 4,
                                                                                        "Actual Startup Time": 0.025,
                                                                                        "Actual Total Time": 0.027,
                                                                                        "Actual Rows": 2,
                                                                                        "Actual Loops": 1,
                                                                                        "Output": [
                                                                                            "kt.id"
                                                                                        ],
                                                                                        "Filter": "((kt.kind)::text = ANY ('{movie,episode}'::text[]))",
                                                                                        "Rows Removed by Filter": 5
                                                                                    }
                                                                                ]
                                                                            }
                                                                        ]
                                                                    },
                                                                    {
                                                                        "Node Type": "Index Scan",
                                                                        "Parent Relationship": "Inner",
                                                                        "Parallel Aware": false,
                                                                        "Scan Direction": "Forward",
                                                                        "Index Name": "movie_id_movie_companies",
                                                                        "Relation Name": "movie_companies",
                                                                        "Schema": "public",
                                                                        "Alias": "mc",
                                                                        "Startup Cost": 0.43,
                                                                        "Total Cost": 0.57,
                                                                        "Plan Rows": 1,
                                                                        "Plan Width": 12,
                                                                        "Actual Startup Time": 0.002,
                                                                        "Actual Total Time": 0.005,
                                                                        "Actual Rows": 7,
                                                                        "Actual Loops": 1833913,
                                                                        "Output": [
                                                                            "mc.id",
                                                                            "mc.movie_id",
                                                                            "mc.company_id",
                                                                            "mc.company_type_id",
                                                                            "mc.note"
                                                                        ],
                                                                        "Index Cond": "(mc.movie_id = mk.movie_id)",
                                                                        "Rows Removed by Index Recheck": 0,
                                                                        "Filter": "((mc.note !~~ '%(USA)%'::text) AND (mc.note ~~ '%(200%)%'::text))",
                                                                        "Rows Removed by Filter": 9
                                                                    }
                                                                ]
                                                            }
                                                        ]
                                                    },
                                                    {
                                                        "Node Type": "Index Scan",
                                                        "Parent Relationship": "Inner",
                                                        "Parallel Aware": false,
                                                        "Scan Direction": "Forward",
                                                        "Index Name": "keyword_pkey",
                                                        "Relation Name": "keyword",
                                                        "Schema": "public",
                                                        "Alias": "k",
                                                        "Startup Cost": 10000000000.42,
                                                        "Total Cost": 10000005678.35,
                                                        "Plan Rows": 4,
                                                        "Plan Width": 4,
                                                        "Actual Startup Time": 0.267,
                                                        "Actual Total Time": 43.46,
                                                        "Actual Rows": 3,
                                                        "Actual Loops": 1,
                                                        "Output": [
                                                            "k.id",
                                                            "k.keyword",
                                                            "k.phonetic_code"
                                                        ],
                                                        "Filter": "(k.keyword = ANY ('{murder,murder-in-title,blood,violence}'::text[]))",
                                                        "Rows Removed by Filter": 134167
                                                    }
                                                ]
                                            }
                                        ]
                                    }
                                ]
                            },
                            {
                                "Node Type": "Bitmap Heap Scan",
                                "Parent Relationship": "Inner",
                                "Parallel Aware": false,
                                "Relation Name": "company_type",
                                "Schema": "public",
                                "Alias": "ct",
                                "Startup Cost": 0.14,
                                "Total Cost": 4.15,
                                "Plan Rows": 1,
                                "Plan Width": 4,
                                "Actual Startup Time": 0.002,
                                "Actual Total Time": 0.002,
                                "Actual Rows": 1,
                                "Actual Loops": 110384,
                                "Output": [
                                    "ct.id",
                                    "ct.kind"
                                ],
                                "Recheck Cond": "(ct.id = mc.company_type_id)",
                                "Rows Removed by Index Recheck": 0,
                                "Exact Heap Blocks": 110384,
                                "Lossy Heap Blocks": 0,
                                "Plans": [
                                    {
                                        "Node Type": "Bitmap Index Scan",
                                        "Parent Relationship": "Outer",
                                        "Parallel Aware": false,
                                        "Index Name": "company_type_pkey",
                                        "Startup Cost": 0.0,
                                        "Total Cost": 0.14,
                                        "Plan Rows": 1,
                                        "Plan Width": 0,
                                        "Actual Startup Time": 0.001,
                                        "Actual Total Time": 0.001,
                                        "Actual Rows": 1,
                                        "Actual Loops": 110384,
                                        "Index Cond": "(ct.id = mc.company_type_id)"
                                    }
                                ]
                            }
                        ]
                    },
                    {
                        "Node Type": "Bitmap Heap Scan",
                        "Parent Relationship": "Inner",
                        "Parallel Aware": false,
                        "Relation Name": "info_type",
                        "Schema": "public",
                        "Alias": "it2",
                        "Startup Cost": 0.15,
                        "Total Cost": 4.17,
                        "Plan Rows": 1,
                        "Plan Width": 4,
                        "Actual Startup Time": 0.002,
                        "Actual Total Time": 0.002,
                        "Actual Rows": 0,
                        "Actual Loops": 110384,
                        "Output": [
                            "it2.id",
                            "it2.info"
                        ],
                        "Recheck Cond": "(it2.id = mi_idx.info_type_id)",
                        "Rows Removed by Index Recheck": 0,
                        "Filter": "((it2.info)::text = 'rating'::text)",
                        "Rows Removed by Filter": 1,
                        "Exact Heap Blocks": 110384,
                        "Lossy Heap Blocks": 0,
                        "Plans": [
                            {
                                "Node Type": "Bitmap Index Scan",
                                "Parent Relationship": "Outer",
                                "Parallel Aware": false,
                                "Index Name": "info_type_pkey",
                                "Startup Cost": 0.0,
                                "Total Cost": 0.15,
                                "Plan Rows": 1,
                                "Plan Width": 0,
                                "Actual Startup Time": 0.001,
                                "Actual Total Time": 0.001,
                                "Actual Rows": 1,
                                "Actual Loops": 110384,
                                "Index Cond": "(it2.id = mi_idx.info_type_id)"
                            }
                        ]
                    }
                ]
            }
        ]
    },
    "Planning Time": 32.282,
    "Triggers": [],
    "Execution Time": 48943.247
}