{
  "Plan": {
    "Node Type": "Aggregate",
    "Strategy": "Plain",
    "Partial Mode": "Finalize",
    "Parallel Aware": false,
    "Startup Cost": 101316.26,
    "Total Cost": 101316.27,
    "Plan Rows": 1,
    "Plan Width": 8,
    "Actual Startup Time": 290.479,
    "Actual Total Time": 297.987,
    "Actual Rows": 1,
    "Actual Loops": 1,
    "Plans": [
      {
        "Node Type": "Gather",
        "Parent Relationship": "Outer",
        "Parallel Aware": false,
        "Startup Cost": 101316.15,
        "Total Cost": 101316.26,
        "Plan Rows": 1,
        "Plan Width": 8,
        "Actual Startup Time": 289.21,
        "Actual Total Time": 297.977,
        "Actual Rows": 2,
        "Actual Loops": 1,
        "Workers Planned": 1,
        "Workers Launched": 1,
        "Single Copy": false,
        "Plans": [
          {
            "Node Type": "Aggregate",
            "Strategy": "Plain",
            "Partial Mode": "Partial",
            "Parent Relationship": "Outer",
            "Parallel Aware": false,
            "Startup Cost": 100316.15,
            "Total Cost": 100316.16,
            "Plan Rows": 1,
            "Plan Width": 8,
            "Actual Startup Time": 283.317,
            "Actual Total Time": 283.321,
            "Actual Rows": 1,
            "Actual Loops": 2,
            "Plans": [
              {
                "Node Type": "Hash Join",
                "Parent Relationship": "Outer",
                "Parallel Aware": true,
                "Join Type": "Inner",
                "Startup Cost": 58029.41,
                "Total Cost": 100189.62,
                "Plan Rows": 50611,
                "Plan Width": 0,
                "Actual Startup Time": 215.995,
                "Actual Total Time": 282.302,
                "Actual Rows": 20904,
                "Actual Loops": 2,
                "Inner Unique": true,
                "Hash Cond": "(mc.movie_id = t.id)",
                "Plans": [
                  {
                    "Node Type": "Index Scan",
                    "Parent Relationship": "Outer",
                    "Parallel Aware": true,
                    "Scan Direction": "Forward",
                    "Index Name": "company_type_id_movie_companies",
                    "Relation Name": "movie_companies",
                    "Alias": "mc",
                    "Startup Cost": 0.43,
                    "Total Cost": 41574.35,
                    "Plan Rows": 223348,
                    "Plan Width": 4,
                    "Actual Startup Time": 38.773,
                    "Actual Total Time": 90.082,
                    "Actual Rows": 33280,
                    "Actual Loops": 2,
                    "Index Cond": "(company_type_id < 2)",
                    "Rows Removed by Index Recheck": 0,
                    "Filter": "(company_id > 32044)",
                    "Rows Removed by Filter": 603844
                  },
                  {
                    "Node Type": "Hash",
                    "Parent Relationship": "Inner",
                    "Parallel Aware": true,
                    "Startup Cost": 53816.34,
                    "Total Cost": 53816.34,
                    "Plan Rows": 337011,
                    "Plan Width": 4,
                    "Actual Startup Time": 167.769,
                    "Actual Total Time": 167.771,
                    "Actual Rows": 227002,
                    "Actual Loops": 2,
                    "Hash Buckets": 1048576,
                    "Original Hash Buckets": 1048576,
                    "Hash Batches": 1,
                    "Original Hash Batches": 1,
                    "Peak Memory Usage": 25984,
                    "Plans": [
                      {
                        "Node Type": "Bitmap Heap Scan",
                        "Parent Relationship": "Outer",
                        "Parallel Aware": true,
                        "Relation Name": "title",
                        "Alias": "t",
                        "Startup Cost": 11966.08,
                        "Total Cost": 53816.34,
                        "Plan Rows": 337011,
                        "Plan Width": 4,
                        "Actual Startup Time": 32.25,
                        "Actual Total Time": 102.509,
                        "Actual Rows": 227002,
                        "Actual Loops": 2,
                        "Recheck Cond": "(kind_id = 1)",
                        "Rows Removed by Index Recheck": 0,
                        "Filter": "(production_year > 1963)",
                        "Rows Removed by Filter": 104410,
                        "Exact Heap Blocks": 7774,
                        "Lossy Heap Blocks": 0,
                        "Plans": [
                          {
                            "Node Type": "Bitmap Index Scan",
                            "Parent Relationship": "Outer",
                            "Parallel Aware": false,
                            "Index Name": "kind_id_title",
                            "Startup Cost": 0.0,
                            "Total Cost": 11822.85,
                            "Plan Rows": 663256,
                            "Plan Width": 0,
                            "Actual Startup Time": 30.389,
                            "Actual Total Time": 30.389,
                            "Actual Rows": 662825,
                            "Actual Loops": 1,
                            "Index Cond": "(kind_id = 1)"
                          }
                        ]
                      }
                    ]
                  }
                ]
              }
            ]
          }
        ]
      }
    ]
  },
  "Planning Time": 0.657,
  "Triggers": [],
  "Execution Time": 298.074
}