{
  "Plan": {
    "Node Type": "Aggregate",
    "Strategy": "Plain",
    "Partial Mode": "Finalize",
    "Parallel Aware": false,
    "Startup Cost": 1249679.86,
    "Total Cost": 1249679.87,
    "Plan Rows": 1,
    "Plan Width": 8,
    "Actual Startup Time": 11776.432,
    "Actual Total Time": 11844.911,
    "Actual Rows": 1,
    "Actual Loops": 1,
    "Plans": [
      {
        "Node Type": "Gather",
        "Parent Relationship": "Outer",
        "Parallel Aware": false,
        "Startup Cost": 1249679.74,
        "Total Cost": 1249679.85,
        "Plan Rows": 1,
        "Plan Width": 8,
        "Actual Startup Time": 11774.916,
        "Actual Total Time": 11844.903,
        "Actual Rows": 2,
        "Actual Loops": 1,
        "Workers Planned": 1,
        "Workers Launched": 1,
        "Single Copy": false,
        "Plans": [
          {
            "Node Type": "Aggregate",
            "Strategy": "Plain",
            "Partial Mode": "Partial",
            "Parent Relationship": "Outer",
            "Parallel Aware": false,
            "Startup Cost": 1248679.74,
            "Total Cost": 1248679.75,
            "Plan Rows": 1,
            "Plan Width": 8,
            "Actual Startup Time": 11768.48,
            "Actual Total Time": 11768.484,
            "Actual Rows": 1,
            "Actual Loops": 2,
            "Plans": [
              {
                "Node Type": "Nested Loop",
                "Parent Relationship": "Outer",
                "Parallel Aware": false,
                "Join Type": "Inner",
                "Startup Cost": 65104.38,
                "Total Cost": 1240476.22,
                "Plan Rows": 3281411,
                "Plan Width": 0,
                "Actual Startup Time": 262.55,
                "Actual Total Time": 10529.62,
                "Actual Rows": 29418198,
                "Actual Loops": 2,
                "Inner Unique": false,
                "Join Filter": "(t.id = mi.movie_id)",
                "Rows Removed by Join Filter": 0,
                "Plans": [
                  {
                    "Node Type": "Hash Join",
                    "Parent Relationship": "Outer",
                    "Parallel Aware": true,
                    "Join Type": "Inner",
                    "Startup Cost": 65103.94,
                    "Total Cost": 103270.57,
                    "Plan Rows": 561185,
                    "Plan Width": 8,
                    "Actual Startup Time": 262.482,
                    "Actual Total Time": 827.967,
                    "Actual Rows": 844340,
                    "Actual Loops": 2,
                    "Inner Unique": true,
                    "Hash Cond": "(mc.movie_id = t.id)",
                    "Plans": [
                      {
                        "Node Type": "Seq Scan",
                        "Parent Relationship": "Outer",
                        "Parallel Aware": true,
                        "Relation Name": "movie_companies",
                        "Alias": "mc",
                        "Startup Cost": 0.0,
                        "Total Cost": 34137.82,
                        "Plan Rows": 1534782,
                        "Plan Width": 4,
                        "Actual Startup Time": 0.013,
                        "Actual Total Time": 110.183,
                        "Actual Rows": 1304564,
                        "Actual Loops": 2
                      },
                      {
                        "Node Type": "Hash",
                        "Parent Relationship": "Inner",
                        "Parallel Aware": true,
                        "Startup Cost": 58306.47,
                        "Total Cost": 58306.47,
                        "Plan Rows": 543798,
                        "Plan Width": 4,
                        "Actual Startup Time": 253.489,
                        "Actual Total Time": 253.49,
                        "Actual Rows": 438294,
                        "Actual Loops": 2,
                        "Hash Buckets": 1048576,
                        "Original Hash Buckets": 1048576,
                        "Hash Batches": 1,
                        "Original Hash Batches": 1,
                        "Peak Memory Usage": 42528,
                        "Plans": [
                          {
                            "Node Type": "Seq Scan",
                            "Parent Relationship": "Outer",
                            "Parallel Aware": true,
                            "Relation Name": "title",
                            "Alias": "t",
                            "Startup Cost": 0.0,
                            "Total Cost": 58306.47,
                            "Plan Rows": 543798,
                            "Plan Width": 4,
                            "Actual Startup Time": 0.039,
                            "Actual Total Time": 155.517,
                            "Actual Rows": 438294,
                            "Actual Loops": 2,
                            "Filter": "((kind_id < 7) AND (production_year > 1924))",
                            "Rows Removed by Filter": 825862
                          }
                        ]
                      }
                    ]
                  },
                  {
                    "Node Type": "Index Only Scan",
                    "Parent Relationship": "Inner",
                    "Parallel Aware": false,
                    "Scan Direction": "Forward",
                    "Index Name": "movie_id_movie_info",
                    "Relation Name": "movie_info",
                    "Alias": "mi",
                    "Startup Cost": 0.43,
                    "Total Cost": 1.5,
                    "Plan Rows": 42,
                    "Plan Width": 4,
                    "Actual Startup Time": 0.002,
                    "Actual Total Time": 0.009,
                    "Actual Rows": 35,
                    "Actual Loops": 1688680,
                    "Index Cond": "(movie_id = mc.movie_id)",
                    "Rows Removed by Index Recheck": 0,
                    "Heap Fetches": 58836395
                  }
                ]
              }
            ]
          }
        ]
      }
    ]
  },
  "Planning Time": 1.104,
  "Triggers": [],
  "Execution Time": 11845.015
}