[
  {
    "Plan": {
      "Node Type": "Aggregate",
      "Strategy": "Plain",
      "Partial Mode": "Finalize",
      "Parallel Aware": false,
      "Startup Cost": 321337.5,
      "Total Cost": 321337.51,
      "Plan Rows": 1,
      "Plan Width": 8,
      "Actual Startup Time": 1168.64,
      "Actual Total Time": 1222.357,
      "Actual Rows": 1,
      "Actual Loops": 1,
      "Plans": [
        {
          "Node Type": "Gather",
          "Parent Relationship": "Outer",
          "Parallel Aware": false,
          "Startup Cost": 321336.98,
          "Total Cost": 321337.49,
          "Plan Rows": 5,
          "Plan Width": 8,
          "Actual Startup Time": 1153.623,
          "Actual Total Time": 1222.347,
          "Actual Rows": 6,
          "Actual Loops": 1,
          "Workers Planned": 5,
          "Workers Launched": 5,
          "Single Copy": false,
          "Plans": [
            {
              "Node Type": "Aggregate",
              "Strategy": "Plain",
              "Partial Mode": "Partial",
              "Parent Relationship": "Outer",
              "Parallel Aware": false,
              "Startup Cost": 320336.98,
              "Total Cost": 320336.99,
              "Plan Rows": 1,
              "Plan Width": 8,
              "Actual Startup Time": 1132.661,
              "Actual Total Time": 1133.05,
              "Actual Rows": 1,
              "Actual Loops": 6,
              "Plans": [
                {
                  "Node Type": "Hash Join",
                  "Parent Relationship": "Outer",
                  "Parallel Aware": true,
                  "Join Type": "Inner",
                  "Startup Cost": 104820.22,
                  "Total Cost": 316210.62,
                  "Plan Rows": 1650544,
                  "Plan Width": 0,
                  "Actual Startup Time": 436.046,
                  "Actual Total Time": 1105.554,
                  "Actual Rows": 569075,
                  "Actual Loops": 6,
                  "Inner Unique": false,
                  "Hash Cond": "(mi.movie_id = t.id)",
                  "Plans": [
                    {
                      "Node Type": "Seq Scan",
                      "Parent Relationship": "Outer",
                      "Parallel Aware": true,
                      "Relation Name": "movie_info",
                      "Alias": "mi",
                      "Startup Cost": 0.0,
                      "Total Cost": 198952.16,
                      "Plan Rows": 1897040,
                      "Plan Width": 4,
                      "Actual Startup Time": 0.038,
                      "Actual Total Time": 368.92,
                      "Actual Rows": 1594192,
                      "Actual Loops": 6,
                      "Filter": "(info_type_id < 16)",
                      "Rows Removed by Filter": 878428
                    },
                    {
                      "Node Type": "Hash",
                      "Parent Relationship": "Inner",
                      "Parallel Aware": true,
                      "Startup Cost": 95950.15,
                      "Total Cost": 95950.15,
                      "Plan Rows": 709605,
                      "Plan Width": 8,
                      "Actual Startup Time": 427.815,
                      "Actual Total Time": 428.201,
                      "Actual Rows": 88317,
                      "Actual Loops": 6,
                      "Hash Buckets": 4194304,
                      "Original Hash Buckets": 4194304,
                      "Hash Batches": 1,
                      "Original Hash Batches": 1,
                      "Peak Memory Usage": 53632,
                      "Plans": [
                        {
                          "Node Type": "Hash Join",
                          "Parent Relationship": "Outer",
                          "Parallel Aware": true,
                          "Join Type": "Inner",
                          "Startup Cost": 49996.97,
                          "Total Cost": 95950.15,
                          "Plan Rows": 709605,
                          "Plan Width": 8,
                          "Actual Startup Time": 206.373,
                          "Actual Total Time": 380.003,
                          "Actual Rows": 88317,
                          "Actual Loops": 6,
                          "Inner Unique": true,
                          "Hash Cond": "(mk.movie_id = t.id)",
                          "Plans": [
                            {
                              "Node Type": "Seq Scan",
                              "Parent Relationship": "Outer",
                              "Parallel Aware": true,
                              "Relation Name": "movie_keyword",
                              "Alias": "mk",
                              "Startup Cost": 0.0,
                              "Total Cost": 42695.65,
                              "Plan Rows": 1240963,
                              "Plan Width": 4,
                              "Actual Startup Time": 0.037,
                              "Actual Total Time": 93.744,
                              "Actual Rows": 643228,
                              "Actual Loops": 6,
                              "Filter": "(keyword_id < 28246)",
                              "Rows Removed by Filter": 110761
                            },
                            {
                              "Node Type": "Hash",
                              "Parent Relationship": "Inner",
                              "Parallel Aware": true,
                              "Startup Cost": 45479.1,
                              "Total Cost": 45479.1,
                              "Plan Rows": 361430,
                              "Plan Width": 4,
                              "Actual Startup Time": 204.1,
                              "Actual Total Time": 204.101,
                              "Actual Rows": 246406,
                              "Actual Loops": 6,
                              "Hash Buckets": 2097152,
                              "Original Hash Buckets": 2097152,
                              "Hash Batches": 1,
                              "Original Hash Batches": 1,
                              "Peak Memory Usage": 74272,
                              "Plans": [
                                {
                                  "Node Type": "Seq Scan",
                                  "Parent Relationship": "Outer",
                                  "Parallel Aware": true,
                                  "Relation Name": "title",
                                  "Alias": "t",
                                  "Startup Cost": 0.0,
                                  "Total Cost": 45479.1,
                                  "Plan Rows": 361430,
                                  "Plan Width": 4,
                                  "Actual Startup Time": 0.048,
                                  "Actual Total Time": 92.665,
                                  "Actual Rows": 246406,
                                  "Actual Loops": 6,
                                  "Filter": "((production_year > 1918) AND (kind_id = 7))",
                                  "Rows Removed by Filter": 174979
                                }
                              ]
                            }
                          ]
                        }
                      ]
                    }
                  ]
                }
              ]
            }
          ]
        }
      ]
    },
    "Planning Time": 1.396,
    "Triggers": [],
    "Execution Time": 1222.464
  }
]