[
    {
        "Bao": {
            "Bao prediction": "NaN",
            "Bao recommended hint": "(no hint)"
        }
    },
    {
        "Plan": {
            "Node Type": "Aggregate",
            "Strategy": "Plain",
            "Partial Mode": "Finalize",
            "Parallel Aware": false,
            "Startup Cost": 28976.66,
            "Total Cost": 28976.67,
            "Plan Rows": 1,
            "Plan Width": 8,
            "Actual Startup Time": 60.822,
            "Actual Total Time": 64.535,
            "Actual Rows": 1,
            "Actual Loops": 1,
            "Output": [
                "count(*)"
            ],
            "Plans": [
                {
                    "Node Type": "Gather",
                    "Parent Relationship": "Outer",
                    "Parallel Aware": false,
                    "Startup Cost": 28976.34,
                    "Total Cost": 28976.65,
                    "Plan Rows": 3,
                    "Plan Width": 8,
                    "Actual Startup Time": 60.672,
                    "Actual Total Time": 64.528,
                    "Actual Rows": 4,
                    "Actual Loops": 1,
                    "Output": [
                        "(PARTIAL count(*))"
                    ],
                    "Workers Planned": 3,
                    "Workers Launched": 3,
                    "Single Copy": false,
                    "Plans": [
                        {
                            "Node Type": "Aggregate",
                            "Strategy": "Plain",
                            "Partial Mode": "Partial",
                            "Parent Relationship": "Outer",
                            "Parallel Aware": false,
                            "Startup Cost": 27976.34,
                            "Total Cost": 27976.35,
                            "Plan Rows": 1,
                            "Plan Width": 8,
                            "Actual Startup Time": 52.254,
                            "Actual Total Time": 52.255,
                            "Actual Rows": 1,
                            "Actual Loops": 4,
                            "Output": [
                                "PARTIAL count(*)"
                            ],
                            "Workers": [
                                {
                                    "Worker Number": 0,
                                    "Actual Startup Time": 48.956,
                                    "Actual Total Time": 48.957,
                                    "Actual Rows": 1,
                                    "Actual Loops": 1
                                },
                                {
                                    "Worker Number": 1,
                                    "Actual Startup Time": 49.679,
                                    "Actual Total Time": 49.68,
                                    "Actual Rows": 1,
                                    "Actual Loops": 1
                                },
                                {
                                    "Worker Number": 2,
                                    "Actual Startup Time": 49.946,
                                    "Actual Total Time": 49.947,
                                    "Actual Rows": 1,
                                    "Actual Loops": 1
                                }
                            ],
                            "Plans": [
                                {
                                    "Node Type": "Bitmap Heap Scan",
                                    "Parent Relationship": "Outer",
                                    "Parallel Aware": true,
                                    "Relation Name": "movie_companies",
                                    "Schema": "public",
                                    "Alias": "mc",
                                    "Startup Cost": 7386.86,
                                    "Total Cost": 27835.41,
                                    "Plan Rows": 56372,
                                    "Plan Width": 0,
                                    "Actual Startup Time": 10.711,
                                    "Actual Total Time": 46.358,
                                    "Actual Rows": 87648,
                                    "Actual Loops": 4,
                                    "Recheck Cond": "(mc.company_id > 88200)",
                                    "Rows Removed by Index Recheck": 0,
                                    "Filter": "(mc.company_type_id > 1)",
                                    "Rows Removed by Filter": 0,
                                    "Exact Heap Blocks": 2964,
                                    "Lossy Heap Blocks": 0,
                                    "Workers": [
                                        {
                                            "Worker Number": 0,
                                            "Actual Startup Time": 7.571,
                                            "Actual Total Time": 43.561,
                                            "Actual Rows": 54316,
                                            "Actual Loops": 1
                                        },
                                        {
                                            "Worker Number": 1,
                                            "Actual Startup Time": 8.224,
                                            "Actual Total Time": 44.269,
                                            "Actual Rows": 53126,
                                            "Actual Loops": 1
                                        },
                                        {
                                            "Worker Number": 2,
                                            "Actual Startup Time": 8.419,
                                            "Actual Total Time": 44.604,
                                            "Actual Rows": 52748,
                                            "Actual Loops": 1
                                        }
                                    ],
                                    "Plans": [
                                        {
                                            "Node Type": "Bitmap Index Scan",
                                            "Parent Relationship": "Outer",
                                            "Parallel Aware": false,
                                            "Index Name": "company_id_movie_companies",
                                            "Startup Cost": 0.0,
                                            "Total Cost": 7343.18,
                                            "Plan Rows": 342766,
                                            "Plan Width": 0,
                                            "Actual Startup Time": 17.882,
                                            "Actual Total Time": 17.883,
                                            "Actual Rows": 350590,
                                            "Actual Loops": 1,
                                            "Index Cond": "(mc.company_id > 88200)"
                                        }
                                    ]
                                }
                            ]
                        }
                    ]
                }
            ]
        },
        "Planning Time": 189.65,
        "Triggers": [],
        "Execution Time": 64.588
    }
]