{
  "Plan": {
    "Node Type": "Aggregate",
    "Strategy": "Plain",
    "Partial Mode": "Finalize",
    "Parallel Aware": false,
    "Startup Cost": 195237.16,
    "Total Cost": 195237.17,
    "Plan Rows": 1,
    "Plan Width": 8,
    "Actual Startup Time": 2169.426,
    "Actual Total Time": 2204.013,
    "Actual Rows": 1,
    "Actual Loops": 1,
    "Plans": [
      {
        "Node Type": "Gather",
        "Parent Relationship": "Outer",
        "Parallel Aware": false,
        "Startup Cost": 195237.04,
        "Total Cost": 195237.15,
        "Plan Rows": 1,
        "Plan Width": 8,
        "Actual Startup Time": 2160.457,
        "Actual Total Time": 2204.004,
        "Actual Rows": 2,
        "Actual Loops": 1,
        "Workers Planned": 1,
        "Workers Launched": 1,
        "Single Copy": false,
        "Plans": [
          {
            "Node Type": "Aggregate",
            "Strategy": "Plain",
            "Partial Mode": "Partial",
            "Parent Relationship": "Outer",
            "Parallel Aware": false,
            "Startup Cost": 194237.04,
            "Total Cost": 194237.05,
            "Plan Rows": 1,
            "Plan Width": 8,
            "Actual Startup Time": 2153.18,
            "Actual Total Time": 2155.21,
            "Actual Rows": 1,
            "Actual Loops": 2,
            "Plans": [
              {
                "Node Type": "Hash Join",
                "Parent Relationship": "Outer",
                "Parallel Aware": true,
                "Join Type": "Inner",
                "Startup Cost": 142583.93,
                "Total Cost": 191769.47,
                "Plan Rows": 987029,
                "Plan Width": 0,
                "Actual Startup Time": 1075.942,
                "Actual Total Time": 1873.906,
                "Actual Rows": 6773432,
                "Actual Loops": 2,
                "Inner Unique": false,
                "Hash Cond": "(mc.movie_id = t.id)",
                "Plans": [
                  {
                    "Node Type": "Seq Scan",
                    "Parent Relationship": "Outer",
                    "Parallel Aware": true,
                    "Relation Name": "movie_companies",
                    "Alias": "mc",
                    "Startup Cost": 0.0,
                    "Total Cost": 37974.77,
                    "Plan Rows": 1441256,
                    "Plan Width": 4,
                    "Actual Startup Time": 0.021,
                    "Actual Total Time": 128.755,
                    "Actual Rows": 1223510,
                    "Actual Loops": 2,
                    "Filter": "(company_id > 27)",
                    "Rows Removed by Filter": 81055
                  },
                  {
                    "Node Type": "Hash",
                    "Parent Relationship": "Inner",
                    "Parallel Aware": true,
                    "Startup Cost": 129852.49,
                    "Total Cost": 129852.49,
                    "Plan Rows": 1018515,
                    "Plan Width": 8,
                    "Actual Startup Time": 1058.88,
                    "Actual Total Time": 1060.908,
                    "Actual Rows": 870008,
                    "Actual Loops": 2,
                    "Hash Buckets": 2097152,
                    "Original Hash Buckets": 2097152,
                    "Hash Batches": 1,
                    "Original Hash Batches": 1,
                    "Peak Memory Usage": 84480,
                    "Plans": [
                      {
                        "Node Type": "Hash Join",
                        "Parent Relationship": "Outer",
                        "Parallel Aware": true,
                        "Join Type": "Inner",
                        "Startup Cost": 69460.7,
                        "Total Cost": 129852.49,
                        "Plan Rows": 1018515,
                        "Plan Width": 8,
                        "Actual Startup Time": 531.728,
                        "Actual Total Time": 890.846,
                        "Actual Rows": 870008,
                        "Actual Loops": 2,
                        "Inner Unique": true,
                        "Hash Cond": "(mk.movie_id = t.id)",
                        "Plans": [
                          {
                            "Node Type": "Seq Scan",
                            "Parent Relationship": "Outer",
                            "Parallel Aware": true,
                            "Relation Name": "movie_keyword",
                            "Alias": "mk",
                            "Startup Cost": 0.0,
                            "Total Cost": 57718.19,
                            "Plan Rows": 1018515,
                            "Plan Width": 4,
                            "Actual Startup Time": 0.727,
                            "Actual Total Time": 182.624,
                            "Actual Rows": 870008,
                            "Actual Loops": 2,
                            "Filter": "(keyword_id > 8074)",
                            "Rows Removed by Filter": 1391957
                          },
                          {
                            "Node Type": "Hash",
                            "Parent Relationship": "Inner",
                            "Parallel Aware": true,
                            "Startup Cost": 50870.31,
                            "Total Cost": 50870.31,
                            "Plan Rows": 1487231,
                            "Plan Width": 4,
                            "Actual Startup Time": 517.209,
                            "Actual Total Time": 517.21,
                            "Actual Rows": 1264156,
                            "Actual Loops": 2,
                            "Hash Buckets": 4194304,
                            "Original Hash Buckets": 4194304,
                            "Hash Batches": 1,
                            "Original Hash Batches": 1,
                            "Peak Memory Usage": 131712,
                            "Plans": [
                              {
                                "Node Type": "Seq Scan",
                                "Parent Relationship": "Outer",
                                "Parallel Aware": true,
                                "Relation Name": "title",
                                "Alias": "t",
                                "Startup Cost": 0.0,
                                "Total Cost": 50870.31,
                                "Plan Rows": 1487231,
                                "Plan Width": 4,
                                "Actual Startup Time": 0.032,
                                "Actual Total Time": 150.919,
                                "Actual Rows": 1264156,
                                "Actual Loops": 2
                              }
                            ]
                          }
                        ]
                      }
                    ]
                  }
                ]
              }
            ]
          }
        ]
      }
    ]
  },
  "Planning Time": 1.036,
  "Triggers": [],
  "Execution Time": 2204.097
}