{
  "Plan": {
    "Node Type": "Aggregate",
    "Strategy": "Plain",
    "Partial Mode": "Finalize",
    "Parallel Aware": false,
    "Startup Cost": 98398.66,
    "Total Cost": 98398.67,
    "Plan Rows": 1,
    "Plan Width": 8,
    "Actual Startup Time": 263.712,
    "Actual Total Time": 272.862,
    "Actual Rows": 1,
    "Actual Loops": 1,
    "Plans": [
      {
        "Node Type": "Gather",
        "Parent Relationship": "Outer",
        "Parallel Aware": false,
        "Startup Cost": 98398.55,
        "Total Cost": 98398.66,
        "Plan Rows": 1,
        "Plan Width": 8,
        "Actual Startup Time": 263.46,
        "Actual Total Time": 272.855,
        "Actual Rows": 2,
        "Actual Loops": 1,
        "Workers Planned": 1,
        "Workers Launched": 1,
        "Single Copy": false,
        "Plans": [
          {
            "Node Type": "Aggregate",
            "Strategy": "Plain",
            "Partial Mode": "Partial",
            "Parent Relationship": "Outer",
            "Parallel Aware": false,
            "Startup Cost": 97398.55,
            "Total Cost": 97398.56,
            "Plan Rows": 1,
            "Plan Width": 8,
            "Actual Startup Time": 257.603,
            "Actual Total Time": 257.606,
            "Actual Rows": 1,
            "Actual Loops": 2,
            "Plans": [
              {
                "Node Type": "Hash Join",
                "Parent Relationship": "Outer",
                "Parallel Aware": true,
                "Join Type": "Inner",
                "Startup Cost": 53961.82,
                "Total Cost": 97372.32,
                "Plan Rows": 10492,
                "Plan Width": 0,
                "Actual Startup Time": 150.485,
                "Actual Total Time": 257.052,
                "Actual Rows": 10784,
                "Actual Loops": 2,
                "Inner Unique": true,
                "Hash Cond": "(mc.movie_id = t.id)",
                "Plans": [
                  {
                    "Node Type": "Index Scan",
                    "Parent Relationship": "Outer",
                    "Parallel Aware": true,
                    "Scan Direction": "Forward",
                    "Index Name": "company_type_id_movie_companies",
                    "Relation Name": "movie_companies",
                    "Alias": "mc",
                    "Startup Cost": 0.43,
                    "Total Cost": 41574.35,
                    "Plan Rows": 699647,
                    "Plan Width": 4,
                    "Actual Startup Time": 0.056,
                    "Actual Total Time": 106.996,
                    "Actual Rows": 637123,
                    "Actual Loops": 2,
                    "Index Cond": "(company_type_id = 1)",
                    "Rows Removed by Index Recheck": 0,
                    "Filter": "(company_id < 117599)",
                    "Rows Removed by Filter": 0
                  },
                  {
                    "Node Type": "Hash",
                    "Parent Relationship": "Inner",
                    "Parallel Aware": true,
                    "Startup Cost": 53682.59,
                    "Total Cost": 53682.59,
                    "Plan Rows": 22304,
                    "Plan Width": 4,
                    "Actual Startup Time": 97.585,
                    "Actual Total Time": 97.586,
                    "Actual Rows": 16595,
                    "Actual Loops": 2,
                    "Hash Buckets": 65536,
                    "Original Hash Buckets": 65536,
                    "Hash Batches": 1,
                    "Original Hash Batches": 1,
                    "Peak Memory Usage": 1824,
                    "Plans": [
                      {
                        "Node Type": "Bitmap Heap Scan",
                        "Parent Relationship": "Outer",
                        "Parallel Aware": true,
                        "Relation Name": "title",
                        "Alias": "t",
                        "Startup Cost": 11832.33,
                        "Total Cost": 53682.59,
                        "Plan Rows": 22304,
                        "Plan Width": 4,
                        "Actual Startup Time": 37.451,
                        "Actual Total Time": 93.49,
                        "Actual Rows": 16595,
                        "Actual Loops": 2,
                        "Recheck Cond": "(kind_id = 1)",
                        "Rows Removed by Index Recheck": 0,
                        "Filter": "(production_year = 2010)",
                        "Rows Removed by Filter": 314818,
                        "Exact Heap Blocks": 9380,
                        "Lossy Heap Blocks": 0,
                        "Plans": [
                          {
                            "Node Type": "Bitmap Index Scan",
                            "Parent Relationship": "Outer",
                            "Parallel Aware": false,
                            "Index Name": "kind_id_title",
                            "Startup Cost": 0.0,
                            "Total Cost": 11822.85,
                            "Plan Rows": 663256,
                            "Plan Width": 0,
                            "Actual Startup Time": 39.704,
                            "Actual Total Time": 39.704,
                            "Actual Rows": 662825,
                            "Actual Loops": 1,
                            "Index Cond": "(kind_id = 1)"
                          }
                        ]
                      }
                    ]
                  }
                ]
              }
            ]
          }
        ]
      }
    ]
  },
  "Planning Time": 0.503,
  "Triggers": [],
  "Execution Time": 272.952
}