[
  {
    "Plan": {
      "Node Type": "Aggregate",
      "Strategy": "Plain",
      "Partial Mode": "Finalize",
      "Parallel Aware": false,
      "Startup Cost": 387980.69,
      "Total Cost": 387980.7,
      "Plan Rows": 1,
      "Plan Width": 8,
      "Actual Startup Time": 1486.473,
      "Actual Total Time": 1548.964,
      "Actual Rows": 1,
      "Actual Loops": 1,
      "Plans": [
        {
          "Node Type": "Gather",
          "Parent Relationship": "Outer",
          "Parallel Aware": false,
          "Startup Cost": 387980.07,
          "Total Cost": 387980.68,
          "Plan Rows": 6,
          "Plan Width": 8,
          "Actual Startup Time": 1484.538,
          "Actual Total Time": 1548.953,
          "Actual Rows": 7,
          "Actual Loops": 1,
          "Workers Planned": 6,
          "Workers Launched": 6,
          "Single Copy": false,
          "Plans": [
            {
              "Node Type": "Aggregate",
              "Strategy": "Plain",
              "Partial Mode": "Partial",
              "Parent Relationship": "Outer",
              "Parallel Aware": false,
              "Startup Cost": 386980.07,
              "Total Cost": 386980.08,
              "Plan Rows": 1,
              "Plan Width": 8,
              "Actual Startup Time": 1476.212,
              "Actual Total Time": 1476.215,
              "Actual Rows": 1,
              "Actual Loops": 7,
              "Plans": [
                {
                  "Node Type": "Hash Join",
                  "Parent Relationship": "Outer",
                  "Parallel Aware": true,
                  "Join Type": "Inner",
                  "Startup Cost": 46969.21,
                  "Total Cost": 385183.96,
                  "Plan Rows": 718444,
                  "Plan Width": 0,
                  "Actual Startup Time": 247.567,
                  "Actual Total Time": 1443.557,
                  "Actual Rows": 585508,
                  "Actual Loops": 7,
                  "Inner Unique": true,
                  "Hash Cond": "(ci.movie_id = t.id)",
                  "Plans": [
                    {
                      "Node Type": "Seq Scan",
                      "Parent Relationship": "Outer",
                      "Parallel Aware": true,
                      "Relation Name": "cast_info",
                      "Alias": "ci",
                      "Startup Cost": 0.0,
                      "Total Cost": 328211.39,
                      "Plan Rows": 3810794,
                      "Plan Width": 4,
                      "Actual Startup Time": 149.274,
                      "Actual Total Time": 677.826,
                      "Actual Rows": 3248936,
                      "Actual Loops": 7,
                      "Filter": "(person_id > 1331016)",
                      "Rows Removed by Filter": 1928828
                    },
                    {
                      "Node Type": "Hash",
                      "Parent Relationship": "Inner",
                      "Parallel Aware": true,
                      "Startup Cost": 45479.59,
                      "Total Cost": 45479.59,
                      "Plan Rows": 119170,
                      "Plan Width": 4,
                      "Actual Startup Time": 96.388,
                      "Actual Total Time": 96.389,
                      "Actual Rows": 50078,
                      "Actual Loops": 7,
                      "Hash Buckets": 524288,
                      "Original Hash Buckets": 524288,
                      "Hash Batches": 1,
                      "Original Hash Batches": 1,
                      "Peak Memory Usage": 17920,
                      "Plans": [
                        {
                          "Node Type": "Seq Scan",
                          "Parent Relationship": "Outer",
                          "Parallel Aware": true,
                          "Relation Name": "title",
                          "Alias": "t",
                          "Startup Cost": 0.0,
                          "Total Cost": 45479.59,
                          "Plan Rows": 119170,
                          "Plan Width": 4,
                          "Actual Startup Time": 36.276,
                          "Actual Total Time": 74.967,
                          "Actual Rows": 50078,
                          "Actual Loops": 7,
                          "Filter": "((production_year > 1987) AND (kind_id = 1))",
                          "Rows Removed by Filter": 311110
                        }
                      ]
                    }
                  ]
                }
              ]
            }
          ]
        }
      ]
    },
    "Planning Time": 0.282,
    "Triggers": [],
    "Execution Time": 1549.018
  }
]