[
  {
    "Plan": {
      "Node Type": "Aggregate",
      "Strategy": "Plain",
      "Partial Mode": "Finalize",
      "Parallel Aware": false,
      "Startup Cost": 210041.41,
      "Total Cost": 210041.42,
      "Plan Rows": 1,
      "Plan Width": 8,
      "Actual Startup Time": 310.913,
      "Actual Total Time": 326.546,
      "Actual Rows": 1,
      "Actual Loops": 1,
      "Plans": [
        {
          "Node Type": "Gather",
          "Parent Relationship": "Outer",
          "Parallel Aware": false,
          "Startup Cost": 210040.78,
          "Total Cost": 210041.39,
          "Plan Rows": 6,
          "Plan Width": 8,
          "Actual Startup Time": 310.778,
          "Actual Total Time": 326.538,
          "Actual Rows": 7,
          "Actual Loops": 1,
          "Workers Planned": 6,
          "Workers Launched": 6,
          "Single Copy": false,
          "Plans": [
            {
              "Node Type": "Aggregate",
              "Strategy": "Plain",
              "Partial Mode": "Partial",
              "Parent Relationship": "Outer",
              "Parallel Aware": false,
              "Startup Cost": 209040.78,
              "Total Cost": 209040.79,
              "Plan Rows": 1,
              "Plan Width": 8,
              "Actual Startup Time": 300.201,
              "Actual Total Time": 300.202,
              "Actual Rows": 1,
              "Actual Loops": 7,
              "Plans": [
                {
                  "Node Type": "Index Only Scan",
                  "Parent Relationship": "Outer",
                  "Parallel Aware": true,
                  "Scan Direction": "Forward",
                  "Index Name": "role_id_cast_info",
                  "Relation Name": "cast_info",
                  "Alias": "ci",
                  "Startup Cost": 0.56,
                  "Total Cost": 205799.38,
                  "Plan Rows": 1296560,
                  "Plan Width": 0,
                  "Actual Startup Time": 0.254,
                  "Actual Total Time": 251.102,
                  "Actual Rows": 1101806,
                  "Actual Loops": 7,
                  "Index Cond": "(role_id > 6)",
                  "Rows Removed by Index Recheck": 0,
                  "Heap Fetches": 7712640
                }
              ]
            }
          ]
        }
      ]
    },
    "Planning Time": 0.188,
    "Triggers": [],
    "Execution Time": 326.609
  }
]