[
  {
    "Plan": {
      "Node Type": "Aggregate",
      "Strategy": "Plain",
      "Partial Mode": "Finalize",
      "Parallel Aware": false,
      "Startup Cost": 45413.22,
      "Total Cost": 45413.23,
      "Plan Rows": 1,
      "Plan Width": 8,
      "Actual Startup Time": 148.997,
      "Actual Total Time": 158.807,
      "Actual Rows": 1,
      "Actual Loops": 1,
      "Plans": [
        {
          "Node Type": "Gather",
          "Parent Relationship": "Outer",
          "Parallel Aware": false,
          "Startup Cost": 45412.9,
          "Total Cost": 45413.21,
          "Plan Rows": 3,
          "Plan Width": 8,
          "Actual Startup Time": 148.859,
          "Actual Total Time": 158.799,
          "Actual Rows": 4,
          "Actual Loops": 1,
          "Workers Planned": 3,
          "Workers Launched": 3,
          "Single Copy": false,
          "Plans": [
            {
              "Node Type": "Aggregate",
              "Strategy": "Plain",
              "Partial Mode": "Partial",
              "Parent Relationship": "Outer",
              "Parallel Aware": false,
              "Startup Cost": 44412.9,
              "Total Cost": 44412.91,
              "Plan Rows": 1,
              "Plan Width": 8,
              "Actual Startup Time": 140.761,
              "Actual Total Time": 140.762,
              "Actual Rows": 1,
              "Actual Loops": 4,
              "Plans": [
                {
                  "Node Type": "Seq Scan",
                  "Parent Relationship": "Outer",
                  "Parallel Aware": true,
                  "Relation Name": "movie_keyword",
                  "Alias": "mk",
                  "Startup Cost": 0.0,
                  "Total Cost": 42695.65,
                  "Plan Rows": 686900,
                  "Plan Width": 0,
                  "Actual Startup Time": 0.813,
                  "Actual Total Time": 115.24,
                  "Actual Rows": 532402,
                  "Actual Loops": 4,
                  "Filter": "(keyword_id > 5557)",
                  "Rows Removed by Filter": 598580
                }
              ]
            }
          ]
        }
      ]
    },
    "Planning Time": 0.162,
    "Triggers": [],
    "Execution Time": 158.857
  }
]