[
  {
    "Plan": {
      "Node Type": "Aggregate",
      "Strategy": "Plain",
      "Partial Mode": "Finalize",
      "Parallel Aware": false,
      "Startup Cost": 56479.74,
      "Total Cost": 56479.75,
      "Plan Rows": 1,
      "Plan Width": 8,
      "Actual Startup Time": 95.582,
      "Actual Total Time": 107.228,
      "Actual Rows": 1,
      "Actual Loops": 1,
      "Plans": [
        {
          "Node Type": "Gather",
          "Parent Relationship": "Outer",
          "Parallel Aware": false,
          "Startup Cost": 56479.32,
          "Total Cost": 56479.73,
          "Plan Rows": 4,
          "Plan Width": 8,
          "Actual Startup Time": 95.478,
          "Actual Total Time": 107.221,
          "Actual Rows": 5,
          "Actual Loops": 1,
          "Workers Planned": 4,
          "Workers Launched": 4,
          "Single Copy": false,
          "Plans": [
            {
              "Node Type": "Aggregate",
              "Strategy": "Plain",
              "Partial Mode": "Partial",
              "Parent Relationship": "Outer",
              "Parallel Aware": false,
              "Startup Cost": 55479.32,
              "Total Cost": 55479.33,
              "Plan Rows": 1,
              "Plan Width": 8,
              "Actual Startup Time": 87.983,
              "Actual Total Time": 87.984,
              "Actual Rows": 1,
              "Actual Loops": 5,
              "Plans": [
                {
                  "Node Type": "Nested Loop",
                  "Parent Relationship": "Outer",
                  "Parallel Aware": false,
                  "Join Type": "Inner",
                  "Startup Cost": 0.43,
                  "Total Cost": 55478.55,
                  "Plan Rows": 309,
                  "Plan Width": 0,
                  "Actual Startup Time": 55.771,
                  "Actual Total Time": 87.92,
                  "Actual Rows": 457,
                  "Actual Loops": 5,
                  "Inner Unique": false,
                  "Plans": [
                    {
                      "Node Type": "Seq Scan",
                      "Parent Relationship": "Outer",
                      "Parallel Aware": true,
                      "Relation Name": "title",
                      "Alias": "t",
                      "Startup Cost": 0.0,
                      "Total Cost": 45479.1,
                      "Plan Rows": 1697,
                      "Plan Width": 4,
                      "Actual Startup Time": 53.711,
                      "Actual Total Time": 80.303,
                      "Actual Rows": 1014,
                      "Actual Loops": 5,
                      "Filter": "((kind_id = 1) AND (production_year = 1993))",
                      "Rows Removed by Filter": 504649
                    },
                    {
                      "Node Type": "Index Scan",
                      "Parent Relationship": "Inner",
                      "Parallel Aware": false,
                      "Scan Direction": "Forward",
                      "Index Name": "movie_id_movie_info_idx",
                      "Relation Name": "movie_info_idx",
                      "Alias": "mi_idx",
                      "Startup Cost": 0.43,
                      "Total Cost": 5.88,
                      "Plan Rows": 1,
                      "Plan Width": 4,
                      "Actual Startup Time": 0.007,
                      "Actual Total Time": 0.007,
                      "Actual Rows": 0,
                      "Actual Loops": 5068,
                      "Index Cond": "(movie_id = t.id)",
                      "Rows Removed by Index Recheck": 0,
                      "Filter": "(info_type_id > 100)",
                      "Rows Removed by Filter": 1
                    }
                  ]
                }
              ]
            }
          ]
        }
      ]
    },
    "Planning Time": 0.49,
    "Triggers": [],
    "Execution Time": 107.279
  }
]