[
  {
    "Plan": {
      "Node Type": "Aggregate",
      "Strategy": "Plain",
      "Partial Mode": "Finalize",
      "Parallel Aware": false,
      "Startup Cost": 246300.13,
      "Total Cost": 246300.14,
      "Plan Rows": 1,
      "Plan Width": 8,
      "Actual Startup Time": 762.097,
      "Actual Total Time": 808.353,
      "Actual Rows": 1,
      "Actual Loops": 1,
      "Plans": [
        {
          "Node Type": "Gather",
          "Parent Relationship": "Outer",
          "Parallel Aware": false,
          "Startup Cost": 246299.61,
          "Total Cost": 246300.12,
          "Plan Rows": 5,
          "Plan Width": 8,
          "Actual Startup Time": 760.43,
          "Actual Total Time": 808.33,
          "Actual Rows": 6,
          "Actual Loops": 1,
          "Workers Planned": 5,
          "Workers Launched": 5,
          "Single Copy": false,
          "Plans": [
            {
              "Node Type": "Aggregate",
              "Strategy": "Plain",
              "Partial Mode": "Partial",
              "Parent Relationship": "Outer",
              "Parallel Aware": false,
              "Startup Cost": 245299.61,
              "Total Cost": 245299.62,
              "Plan Rows": 1,
              "Plan Width": 8,
              "Actual Startup Time": 750.939,
              "Actual Total Time": 750.977,
              "Actual Rows": 1,
              "Actual Loops": 6,
              "Plans": [
                {
                  "Node Type": "Hash Join",
                  "Parent Relationship": "Outer",
                  "Parallel Aware": true,
                  "Join Type": "Inner",
                  "Startup Cost": 45736.77,
                  "Total Cost": 245058.54,
                  "Plan Rows": 96427,
                  "Plan Width": 0,
                  "Actual Startup Time": 95.117,
                  "Actual Total Time": 733.567,
                  "Actual Rows": 372053,
                  "Actual Loops": 6,
                  "Inner Unique": true,
                  "Hash Cond": "(mi.movie_id = t.id)",
                  "Plans": [
                    {
                      "Node Type": "Seq Scan",
                      "Parent Relationship": "Outer",
                      "Parallel Aware": true,
                      "Relation Name": "movie_info",
                      "Alias": "mi",
                      "Startup Cost": 0.0,
                      "Total Cost": 191560.33,
                      "Plan Rows": 2956733,
                      "Plan Width": 4,
                      "Actual Startup Time": 0.026,
                      "Actual Total Time": 308.662,
                      "Actual Rows": 2472620,
                      "Actual Loops": 6
                    },
                    {
                      "Node Type": "Hash",
                      "Parent Relationship": "Inner",
                      "Parallel Aware": true,
                      "Startup Cost": 45479.1,
                      "Total Cost": 45479.1,
                      "Plan Rows": 20614,
                      "Plan Width": 4,
                      "Actual Startup Time": 92.976,
                      "Actual Total Time": 92.977,
                      "Actual Rows": 31244,
                      "Actual Loops": 6,
                      "Hash Buckets": 262144,
                      "Original Hash Buckets": 131072,
                      "Hash Batches": 1,
                      "Original Hash Batches": 1,
                      "Peak Memory Usage": 10496,
                      "Plans": [
                        {
                          "Node Type": "Seq Scan",
                          "Parent Relationship": "Outer",
                          "Parallel Aware": true,
                          "Relation Name": "title",
                          "Alias": "t",
                          "Startup Cost": 0.0,
                          "Total Cost": 45479.1,
                          "Plan Rows": 20614,
                          "Plan Width": 4,
                          "Actual Startup Time": 0.309,
                          "Actual Total Time": 79.087,
                          "Actual Rows": 31244,
                          "Actual Loops": 6,
                          "Filter": "((kind_id < 7) AND (production_year < 1958))",
                          "Rows Removed by Filter": 390142
                        }
                      ]
                    }
                  ]
                }
              ]
            }
          ]
        }
      ]
    },
    "Planning Time": 0.637,
    "Triggers": [],
    "Execution Time": 808.433
  }
]