[
  {
    "Plan": {
      "Node Type": "Aggregate",
      "Strategy": "Plain",
      "Partial Mode": "Finalize",
      "Parallel Aware": false,
      "Startup Cost": 79580.56,
      "Total Cost": 79580.57,
      "Plan Rows": 1,
      "Plan Width": 8,
      "Actual Startup Time": 126.222,
      "Actual Total Time": 134.456,
      "Actual Rows": 1,
      "Actual Loops": 1,
      "Plans": [
        {
          "Node Type": "Gather",
          "Parent Relationship": "Outer",
          "Parallel Aware": false,
          "Startup Cost": 79580.04,
          "Total Cost": 79580.55,
          "Plan Rows": 5,
          "Plan Width": 8,
          "Actual Startup Time": 126.117,
          "Actual Total Time": 134.444,
          "Actual Rows": 6,
          "Actual Loops": 1,
          "Workers Planned": 5,
          "Workers Launched": 5,
          "Single Copy": false,
          "Plans": [
            {
              "Node Type": "Aggregate",
              "Strategy": "Plain",
              "Partial Mode": "Partial",
              "Parent Relationship": "Outer",
              "Parallel Aware": false,
              "Startup Cost": 78580.04,
              "Total Cost": 78580.05,
              "Plan Rows": 1,
              "Plan Width": 8,
              "Actual Startup Time": 115.983,
              "Actual Total Time": 115.984,
              "Actual Rows": 1,
              "Actual Loops": 6,
              "Plans": [
                {
                  "Node Type": "Index Scan",
                  "Parent Relationship": "Outer",
                  "Parallel Aware": true,
                  "Scan Direction": "Forward",
                  "Index Name": "role_id_cast_info",
                  "Relation Name": "cast_info",
                  "Alias": "ci",
                  "Startup Cost": 0.56,
                  "Total Cost": 77740.85,
                  "Plan Rows": 335673,
                  "Plan Width": 0,
                  "Actual Startup Time": 0.164,
                  "Actual Total Time": 104.511,
                  "Actual Rows": 219677,
                  "Actual Loops": 6,
                  "Index Cond": "(role_id = 4)",
                  "Rows Removed by Index Recheck": 0,
                  "Filter": "(person_id < 2164998)",
                  "Rows Removed by Filter": 235147
                }
              ]
            }
          ]
        }
      ]
    },
    "Planning Time": 0.207,
    "Triggers": [],
    "Execution Time": 134.516
  }
]