[
  {
    "Plan": {
      "Node Type": "Aggregate",
      "Strategy": "Plain",
      "Partial Mode": "Finalize",
      "Parallel Aware": false,
      "Startup Cost": 50747.54,
      "Total Cost": 50747.55,
      "Plan Rows": 1,
      "Plan Width": 8,
      "Actual Startup Time": 106.173,
      "Actual Total Time": 119.212,
      "Actual Rows": 1,
      "Actual Loops": 1,
      "Plans": [
        {
          "Node Type": "Gather",
          "Parent Relationship": "Outer",
          "Parallel Aware": false,
          "Startup Cost": 50747.12,
          "Total Cost": 50747.53,
          "Plan Rows": 4,
          "Plan Width": 8,
          "Actual Startup Time": 106.025,
          "Actual Total Time": 119.203,
          "Actual Rows": 5,
          "Actual Loops": 1,
          "Workers Planned": 4,
          "Workers Launched": 4,
          "Single Copy": false,
          "Plans": [
            {
              "Node Type": "Aggregate",
              "Strategy": "Plain",
              "Partial Mode": "Partial",
              "Parent Relationship": "Outer",
              "Parallel Aware": false,
              "Startup Cost": 49747.12,
              "Total Cost": 49747.13,
              "Plan Rows": 1,
              "Plan Width": 8,
              "Actual Startup Time": 91.028,
              "Actual Total Time": 91.032,
              "Actual Rows": 1,
              "Actual Loops": 5,
              "Plans": [
                {
                  "Node Type": "Nested Loop",
                  "Parent Relationship": "Outer",
                  "Parallel Aware": false,
                  "Join Type": "Inner",
                  "Startup Cost": 0.43,
                  "Total Cost": 49746.33,
                  "Plan Rows": 316,
                  "Plan Width": 0,
                  "Actual Startup Time": 43.008,
                  "Actual Total Time": 91.016,
                  "Actual Rows": 29,
                  "Actual Loops": 5,
                  "Inner Unique": false,
                  "Plans": [
                    {
                      "Node Type": "Seq Scan",
                      "Parent Relationship": "Outer",
                      "Parallel Aware": true,
                      "Relation Name": "title",
                      "Alias": "t",
                      "Startup Cost": 0.0,
                      "Total Cost": 45479.59,
                      "Plan Rows": 578,
                      "Plan Width": 4,
                      "Actual Startup Time": 1.144,
                      "Actual Total Time": 89.409,
                      "Actual Rows": 239,
                      "Actual Loops": 5,
                      "Filter": "((kind_id = 7) AND (production_year = 1949))",
                      "Rows Removed by Filter": 505423
                    },
                    {
                      "Node Type": "Index Only Scan",
                      "Parent Relationship": "Inner",
                      "Parallel Aware": false,
                      "Scan Direction": "Forward",
                      "Index Name": "movie_id_movie_info_idx",
                      "Relation Name": "movie_info_idx",
                      "Alias": "mi_idx",
                      "Startup Cost": 0.43,
                      "Total Cost": 7.35,
                      "Plan Rows": 3,
                      "Plan Width": 4,
                      "Actual Startup Time": 0.006,
                      "Actual Total Time": 0.006,
                      "Actual Rows": 0,
                      "Actual Loops": 1196,
                      "Index Cond": "(movie_id = t.id)",
                      "Rows Removed by Index Recheck": 0,
                      "Heap Fetches": 147
                    }
                  ]
                }
              ]
            }
          ]
        }
      ]
    },
    "Planning Time": 0.644,
    "Triggers": [],
    "Execution Time": 119.286
  }
]