[
  {
    "Plan": {
      "Node Type": "Aggregate",
      "Strategy": "Plain",
      "Partial Mode": "Finalize",
      "Parallel Aware": false,
      "Startup Cost": 42350.1,
      "Total Cost": 42350.11,
      "Plan Rows": 1,
      "Plan Width": 8,
      "Actual Startup Time": 165.769,
      "Actual Total Time": 171.941,
      "Actual Rows": 1,
      "Actual Loops": 1,
      "Plans": [
        {
          "Node Type": "Gather",
          "Parent Relationship": "Outer",
          "Parallel Aware": false,
          "Startup Cost": 42349.78,
          "Total Cost": 42350.09,
          "Plan Rows": 3,
          "Plan Width": 8,
          "Actual Startup Time": 165.521,
          "Actual Total Time": 171.931,
          "Actual Rows": 4,
          "Actual Loops": 1,
          "Workers Planned": 3,
          "Workers Launched": 3,
          "Single Copy": false,
          "Plans": [
            {
              "Node Type": "Aggregate",
              "Strategy": "Plain",
              "Partial Mode": "Partial",
              "Parent Relationship": "Outer",
              "Parallel Aware": false,
              "Startup Cost": 41349.78,
              "Total Cost": 41349.79,
              "Plan Rows": 1,
              "Plan Width": 8,
              "Actual Startup Time": 156.609,
              "Actual Total Time": 156.61,
              "Actual Rows": 1,
              "Actual Loops": 4,
              "Plans": [
                {
                  "Node Type": "Bitmap Heap Scan",
                  "Parent Relationship": "Outer",
                  "Parallel Aware": true,
                  "Relation Name": "movie_keyword",
                  "Alias": "mk",
                  "Startup Cost": 13758.04,
                  "Total Cost": 40826.83,
                  "Plan Rows": 209183,
                  "Plan Width": 0,
                  "Actual Startup Time": 59.942,
                  "Actual Total Time": 145.899,
                  "Actual Rows": 163983,
                  "Actual Loops": 4,
                  "Recheck Cond": "(keyword_id < 508)",
                  "Rows Removed by Index Recheck": 0,
                  "Exact Heap Blocks": 7480,
                  "Lossy Heap Blocks": 0,
                  "Plans": [
                    {
                      "Node Type": "Bitmap Index Scan",
                      "Parent Relationship": "Outer",
                      "Parallel Aware": false,
                      "Index Name": "keyword_id_movie_keyword",
                      "Startup Cost": 0.0,
                      "Total Cost": 13595.93,
                      "Plan Rows": 648466,
                      "Plan Width": 0,
                      "Actual Startup Time": 62.427,
                      "Actual Total Time": 62.428,
                      "Actual Rows": 655932,
                      "Actual Loops": 1,
                      "Index Cond": "(keyword_id < 508)"
                    }
                  ]
                }
              ]
            }
          ]
        }
      ]
    },
    "Planning Time": 0.128,
    "Triggers": [],
    "Execution Time": 171.998
  }
]