[
  {
    "Plan": {
      "Node Type": "Aggregate",
      "Strategy": "Plain",
      "Partial Mode": "Finalize",
      "Parallel Aware": false,
      "Startup Cost": 342387.46,
      "Total Cost": 342387.47,
      "Plan Rows": 1,
      "Plan Width": 8,
      "Actual Startup Time": 802.045,
      "Actual Total Time": 860.176,
      "Actual Rows": 1,
      "Actual Loops": 1,
      "Plans": [
        {
          "Node Type": "Gather",
          "Parent Relationship": "Outer",
          "Parallel Aware": false,
          "Startup Cost": 342386.83,
          "Total Cost": 342387.44,
          "Plan Rows": 6,
          "Plan Width": 8,
          "Actual Startup Time": 801.905,
          "Actual Total Time": 860.166,
          "Actual Rows": 7,
          "Actual Loops": 1,
          "Workers Planned": 6,
          "Workers Launched": 6,
          "Single Copy": false,
          "Plans": [
            {
              "Node Type": "Aggregate",
              "Strategy": "Plain",
              "Partial Mode": "Partial",
              "Parent Relationship": "Outer",
              "Parallel Aware": false,
              "Startup Cost": 341386.83,
              "Total Cost": 341386.84,
              "Plan Rows": 1,
              "Plan Width": 8,
              "Actual Startup Time": 793.342,
              "Actual Total Time": 793.343,
              "Actual Rows": 1,
              "Actual Loops": 7,
              "Plans": [
                {
                  "Node Type": "Seq Scan",
                  "Parent Relationship": "Outer",
                  "Parallel Aware": true,
                  "Relation Name": "cast_info",
                  "Alias": "ci",
                  "Startup Cost": 0.0,
                  "Total Cost": 328162.03,
                  "Plan Rows": 5289922,
                  "Plan Width": 0,
                  "Actual Startup Time": 58.64,
                  "Actual Total Time": 616.145,
                  "Actual Rows": 4521037,
                  "Actual Loops": 7,
                  "Filter": "(person_id > 444619)",
                  "Rows Removed by Filter": 656727
                }
              ]
            }
          ]
        }
      ]
    },
    "Planning Time": 0.199,
    "Triggers": [],
    "Execution Time": 860.275
  }
]