[
  {
    "Plan": {
      "Node Type": "Aggregate",
      "Strategy": "Plain",
      "Partial Mode": "Finalize",
      "Parallel Aware": false,
      "Startup Cost": 83027.56,
      "Total Cost": 83027.57,
      "Plan Rows": 1,
      "Plan Width": 8,
      "Actual Startup Time": 338.684,
      "Actual Total Time": 354.504,
      "Actual Rows": 1,
      "Actual Loops": 1,
      "Plans": [
        {
          "Node Type": "Gather",
          "Parent Relationship": "Outer",
          "Parallel Aware": false,
          "Startup Cost": 83027.14,
          "Total Cost": 83027.55,
          "Plan Rows": 4,
          "Plan Width": 8,
          "Actual Startup Time": 335.962,
          "Actual Total Time": 354.49,
          "Actual Rows": 5,
          "Actual Loops": 1,
          "Workers Planned": 4,
          "Workers Launched": 4,
          "Single Copy": false,
          "Plans": [
            {
              "Node Type": "Aggregate",
              "Strategy": "Plain",
              "Partial Mode": "Partial",
              "Parent Relationship": "Outer",
              "Parallel Aware": false,
              "Startup Cost": 82027.14,
              "Total Cost": 82027.15,
              "Plan Rows": 1,
              "Plan Width": 8,
              "Actual Startup Time": 326.579,
              "Actual Total Time": 326.585,
              "Actual Rows": 1,
              "Actual Loops": 5,
              "Plans": [
                {
                  "Node Type": "Hash Join",
                  "Parent Relationship": "Outer",
                  "Parallel Aware": true,
                  "Join Type": "Inner",
                  "Startup Cost": 35203.18,
                  "Total Cost": 81439.95,
                  "Plan Rows": 234878,
                  "Plan Width": 0,
                  "Actual Startup Time": 126.389,
                  "Actual Total Time": 320.978,
                  "Actual Rows": 124523,
                  "Actual Loops": 5,
                  "Inner Unique": false,
                  "Hash Cond": "(t.id = mc.movie_id)",
                  "Plans": [
                    {
                      "Node Type": "Seq Scan",
                      "Parent Relationship": "Outer",
                      "Parallel Aware": true,
                      "Relation Name": "title",
                      "Alias": "t",
                      "Startup Cost": 0.0,
                      "Total Cost": 42318.73,
                      "Plan Rows": 632073,
                      "Plan Width": 4,
                      "Actual Startup Time": 0.012,
                      "Actual Total Time": 65.689,
                      "Actual Rows": 505662,
                      "Actual Loops": 5
                    },
                    {
                      "Node Type": "Hash",
                      "Parent Relationship": "Inner",
                      "Parallel Aware": true,
                      "Startup Cost": 31414.82,
                      "Total Cost": 31414.82,
                      "Plan Rows": 303069,
                      "Plan Width": 4,
                      "Actual Startup Time": 122.059,
                      "Actual Total Time": 122.06,
                      "Actual Rows": 124523,
                      "Actual Loops": 5,
                      "Hash Buckets": 1048576,
                      "Original Hash Buckets": 1048576,
                      "Hash Batches": 1,
                      "Original Hash Batches": 1,
                      "Peak Memory Usage": 32608,
                      "Plans": [
                        {
                          "Node Type": "Seq Scan",
                          "Parent Relationship": "Outer",
                          "Parallel Aware": true,
                          "Relation Name": "movie_companies",
                          "Alias": "mc",
                          "Startup Cost": 0.0,
                          "Total Cost": 31414.82,
                          "Plan Rows": 303069,
                          "Plan Width": 4,
                          "Actual Startup Time": 47.424,
                          "Actual Total Time": 77.149,
                          "Actual Rows": 124523,
                          "Actual Loops": 5,
                          "Filter": "((company_id < 33529) AND (company_type_id = 2))",
                          "Rows Removed by Filter": 397303
                        }
                      ]
                    }
                  ]
                }
              ]
            }
          ]
        }
      ]
    },
    "Planning Time": 0.717,
    "Triggers": [],
    "Execution Time": 354.575
  }
]