[
    {
        "Bao": {
            "Bao prediction": 1127.385,
            "Bao recommended hint": "SET enable_nestloop TO off; "
        }
    },
    {
        "Plan": {
            "Node Type": "Aggregate",
            "Strategy": "Plain",
            "Partial Mode": "Finalize",
            "Parallel Aware": false,
            "Startup Cost": 103991.63,
            "Total Cost": 103991.64,
            "Plan Rows": 1,
            "Plan Width": 8,
            "Actual Startup Time": 625.744,
            "Actual Total Time": 646.967,
            "Actual Rows": 1,
            "Actual Loops": 1,
            "Output": [
                "count(*)"
            ],
            "Plans": [
                {
                    "Node Type": "Gather",
                    "Parent Relationship": "Outer",
                    "Parallel Aware": false,
                    "Startup Cost": 103991.31,
                    "Total Cost": 103991.62,
                    "Plan Rows": 3,
                    "Plan Width": 8,
                    "Actual Startup Time": 613.393,
                    "Actual Total Time": 646.956,
                    "Actual Rows": 4,
                    "Actual Loops": 1,
                    "Output": [
                        "(PARTIAL count(*))"
                    ],
                    "Workers Planned": 3,
                    "Workers Launched": 3,
                    "Single Copy": false,
                    "Plans": [
                        {
                            "Node Type": "Aggregate",
                            "Strategy": "Plain",
                            "Partial Mode": "Partial",
                            "Parent Relationship": "Outer",
                            "Parallel Aware": false,
                            "Startup Cost": 102991.31,
                            "Total Cost": 102991.32,
                            "Plan Rows": 1,
                            "Plan Width": 8,
                            "Actual Startup Time": 593.83,
                            "Actual Total Time": 593.837,
                            "Actual Rows": 1,
                            "Actual Loops": 4,
                            "Output": [
                                "PARTIAL count(*)"
                            ],
                            "Workers": [
                                {
                                    "Worker Number": 0,
                                    "Actual Startup Time": 587.524,
                                    "Actual Total Time": 587.531,
                                    "Actual Rows": 1,
                                    "Actual Loops": 1
                                },
                                {
                                    "Worker Number": 1,
                                    "Actual Startup Time": 587.67,
                                    "Actual Total Time": 587.676,
                                    "Actual Rows": 1,
                                    "Actual Loops": 1
                                },
                                {
                                    "Worker Number": 2,
                                    "Actual Startup Time": 587.549,
                                    "Actual Total Time": 587.555,
                                    "Actual Rows": 1,
                                    "Actual Loops": 1
                                }
                            ],
                            "Plans": [
                                {
                                    "Node Type": "Hash Join",
                                    "Parent Relationship": "Outer",
                                    "Parallel Aware": true,
                                    "Join Type": "Inner",
                                    "Startup Cost": 72601.26,
                                    "Total Cost": 102979.39,
                                    "Plan Rows": 4769,
                                    "Plan Width": 0,
                                    "Actual Startup Time": 429.754,
                                    "Actual Total Time": 592.951,
                                    "Actual Rows": 9998,
                                    "Actual Loops": 4,
                                    "Inner Unique": false,
                                    "Hash Cond": "(mc.movie_id = t.id)",
                                    "Workers": [
                                        {
                                            "Worker Number": 0,
                                            "Actual Startup Time": 423.451,
                                            "Actual Total Time": 586.606,
                                            "Actual Rows": 9678,
                                            "Actual Loops": 1
                                        },
                                        {
                                            "Worker Number": 1,
                                            "Actual Startup Time": 424.367,
                                            "Actual Total Time": 586.728,
                                            "Actual Rows": 9818,
                                            "Actual Loops": 1
                                        },
                                        {
                                            "Worker Number": 2,
                                            "Actual Startup Time": 423.429,
                                            "Actual Total Time": 586.645,
                                            "Actual Rows": 9415,
                                            "Actual Loops": 1
                                        }
                                    ],
                                    "Plans": [
                                        {
                                            "Node Type": "Seq Scan",
                                            "Parent Relationship": "Outer",
                                            "Parallel Aware": true,
                                            "Relation Name": "movie_companies",
                                            "Schema": "public",
                                            "Alias": "mc",
                                            "Startup Cost": 0.0,
                                            "Total Cost": 27206.55,
                                            "Plan Rows": 841655,
                                            "Plan Width": 4,
                                            "Actual Startup Time": 0.03,
                                            "Actual Total Time": 76.99,
                                            "Actual Rows": 652282,
                                            "Actual Loops": 4,
                                            "Output": [
                                                "mc.id",
                                                "mc.movie_id",
                                                "mc.company_id",
                                                "mc.company_type_id",
                                                "mc.note"
                                            ],
                                            "Workers": [
                                                {
                                                    "Worker Number": 0,
                                                    "Actual Startup Time": 0.04,
                                                    "Actual Total Time": 78.585,
                                                    "Actual Rows": 629817,
                                                    "Actual Loops": 1
                                                },
                                                {
                                                    "Worker Number": 1,
                                                    "Actual Startup Time": 0.035,
                                                    "Actual Total Time": 77.407,
                                                    "Actual Rows": 629910,
                                                    "Actual Loops": 1
                                                },
                                                {
                                                    "Worker Number": 2,
                                                    "Actual Startup Time": 0.032,
                                                    "Actual Total Time": 78.169,
                                                    "Actual Rows": 628139,
                                                    "Actual Loops": 1
                                                }
                                            ]
                                        },
                                        {
                                            "Node Type": "Hash",
                                            "Parent Relationship": "Inner",
                                            "Parallel Aware": true,
                                            "Startup Cost": 72543.5,
                                            "Total Cost": 72543.5,
                                            "Plan Rows": 4621,
                                            "Plan Width": 8,
                                            "Actual Startup Time": 427.847,
                                            "Actual Total Time": 427.852,
                                            "Actual Rows": 3438,
                                            "Actual Loops": 4,
                                            "Output": [
                                                "t.id",
                                                "mk.movie_id"
                                            ],
                                            "Hash Buckets": 16384,
                                            "Original Hash Buckets": 16384,
                                            "Hash Batches": 1,
                                            "Original Hash Batches": 1,
                                            "Peak Memory Usage": 736,
                                            "Workers": [
                                                {
                                                    "Worker Number": 0,
                                                    "Actual Startup Time": 422.264,
                                                    "Actual Total Time": 422.269,
                                                    "Actual Rows": 2737,
                                                    "Actual Loops": 1
                                                },
                                                {
                                                    "Worker Number": 1,
                                                    "Actual Startup Time": 422.457,
                                                    "Actual Total Time": 422.461,
                                                    "Actual Rows": 2389,
                                                    "Actual Loops": 1
                                                },
                                                {
                                                    "Worker Number": 2,
                                                    "Actual Startup Time": 422.152,
                                                    "Actual Total Time": 422.156,
                                                    "Actual Rows": 2660,
                                                    "Actual Loops": 1
                                                }
                                            ],
                                            "Plans": [
                                                {
                                                    "Node Type": "Hash Join",
                                                    "Parent Relationship": "Outer",
                                                    "Parallel Aware": true,
                                                    "Join Type": "Inner",
                                                    "Startup Cost": 50527.26,
                                                    "Total Cost": 72543.5,
                                                    "Plan Rows": 4621,
                                                    "Plan Width": 8,
                                                    "Actual Startup Time": 406.804,
                                                    "Actual Total Time": 423.521,
                                                    "Actual Rows": 3438,
                                                    "Actual Loops": 4,
                                                    "Output": [
                                                        "t.id",
                                                        "mk.movie_id"
                                                    ],
                                                    "Inner Unique": true,
                                                    "Hash Cond": "(mk.movie_id = t.id)",
                                                    "Workers": [
                                                        {
                                                            "Worker Number": 0,
                                                            "Actual Startup Time": 401.052,
                                                            "Actual Total Time": 417.197,
                                                            "Actual Rows": 2737,
                                                            "Actual Loops": 1
                                                        },
                                                        {
                                                            "Worker Number": 1,
                                                            "Actual Startup Time": 401.392,
                                                            "Actual Total Time": 417.332,
                                                            "Actual Rows": 2389,
                                                            "Actual Loops": 1
                                                        },
                                                        {
                                                            "Worker Number": 2,
                                                            "Actual Startup Time": 401.172,
                                                            "Actual Total Time": 420.638,
                                                            "Actual Rows": 2660,
                                                            "Actual Loops": 1
                                                        }
                                                    ],
                                                    "Plans": [
                                                        {
                                                            "Node Type": "Bitmap Heap Scan",
                                                            "Parent Relationship": "Outer",
                                                            "Parallel Aware": true,
                                                            "Relation Name": "movie_keyword",
                                                            "Schema": "public",
                                                            "Alias": "mk",
                                                            "Startup Cost": 307.46,
                                                            "Total Cost": 22311.56,
                                                            "Plan Rows": 4621,
                                                            "Plan Width": 4,
                                                            "Actual Startup Time": 4.42,
                                                            "Actual Total Time": 15.001,
                                                            "Actual Rows": 3438,
                                                            "Actual Loops": 4,
                                                            "Output": [
                                                                "mk.id",
                                                                "mk.movie_id",
                                                                "mk.keyword_id"
                                                            ],
                                                            "Recheck Cond": "(mk.keyword_id = 121)",
                                                            "Rows Removed by Index Recheck": 0,
                                                            "Exact Heap Blocks": 3039,
                                                            "Lossy Heap Blocks": 0,
                                                            "Workers": [
                                                                {
                                                                    "Worker Number": 0,
                                                                    "Actual Startup Time": 4.328,
                                                                    "Actual Total Time": 15.583,
                                                                    "Actual Rows": 2737,
                                                                    "Actual Loops": 1
                                                                },
                                                                {
                                                                    "Worker Number": 1,
                                                                    "Actual Startup Time": 4.425,
                                                                    "Actual Total Time": 15.472,
                                                                    "Actual Rows": 2389,
                                                                    "Actual Loops": 1
                                                                },
                                                                {
                                                                    "Worker Number": 2,
                                                                    "Actual Startup Time": 4.466,
                                                                    "Actual Total Time": 15.692,
                                                                    "Actual Rows": 2660,
                                                                    "Actual Loops": 1
                                                                }
                                                            ],
                                                            "Plans": [
                                                                {
                                                                    "Node Type": "Bitmap Index Scan",
                                                                    "Parent Relationship": "Outer",
                                                                    "Parallel Aware": false,
                                                                    "Index Name": "keyword_id_movie_keyword",
                                                                    "Startup Cost": 0.0,
                                                                    "Total Cost": 303.88,
                                                                    "Plan Rows": 14326,
                                                                    "Plan Width": 0,
                                                                    "Actual Startup Time": 2.795,
                                                                    "Actual Total Time": 2.796,
                                                                    "Actual Rows": 13753,
                                                                    "Actual Loops": 1,
                                                                    "Index Cond": "(mk.keyword_id = 121)",
                                                                    "Workers": [
                                                                        {
                                                                            "Worker Number": 0,
                                                                            "Actual Startup Time": 2.795,
                                                                            "Actual Total Time": 2.796,
                                                                            "Actual Rows": 13753,
                                                                            "Actual Loops": 1
                                                                        }
                                                                    ]
                                                                }
                                                            ]
                                                        },
                                                        {
                                                            "Node Type": "Hash",
                                                            "Parent Relationship": "Inner",
                                                            "Parallel Aware": true,
                                                            "Startup Cost": 42318.81,
                                                            "Total Cost": 42318.81,
                                                            "Plan Rows": 632080,
                                                            "Plan Width": 4,
                                                            "Actual Startup Time": 391.195,
                                                            "Actual Total Time": 391.196,
                                                            "Actual Rows": 632078,
                                                            "Actual Loops": 4,
                                                            "Output": [
                                                                "t.id"
                                                            ],
                                                            "Hash Buckets": 4194304,
                                                            "Original Hash Buckets": 4194304,
                                                            "Hash Batches": 1,
                                                            "Original Hash Batches": 1,
                                                            "Peak Memory Usage": 131744,
                                                            "Workers": [
                                                                {
                                                                    "Worker Number": 0,
                                                                    "Actual Startup Time": 396.643,
                                                                    "Actual Total Time": 396.644,
                                                                    "Actual Rows": 616373,
                                                                    "Actual Loops": 1
                                                                },
                                                                {
                                                                    "Worker Number": 1,
                                                                    "Actual Startup Time": 396.851,
                                                                    "Actual Total Time": 396.852,
                                                                    "Actual Rows": 580433,
                                                                    "Actual Loops": 1
                                                                },
                                                                {
                                                                    "Worker Number": 2,
                                                                    "Actual Startup Time": 396.615,
                                                                    "Actual Total Time": 396.616,
                                                                    "Actual Rows": 611304,
                                                                    "Actual Loops": 1
                                                                }
                                                            ],
                                                            "Plans": [
                                                                {
                                                                    "Node Type": "Seq Scan",
                                                                    "Parent Relationship": "Outer",
                                                                    "Parallel Aware": true,
                                                                    "Relation Name": "title",
                                                                    "Schema": "public",
                                                                    "Alias": "t",
                                                                    "Startup Cost": 0.0,
                                                                    "Total Cost": 42318.81,
                                                                    "Plan Rows": 632080,
                                                                    "Plan Width": 4,
                                                                    "Actual Startup Time": 0.034,
                                                                    "Actual Total Time": 121.901,
                                                                    "Actual Rows": 632078,
                                                                    "Actual Loops": 4,
                                                                    "Output": [
                                                                        "t.id"
                                                                    ],
                                                                    "Workers": [
                                                                        {
                                                                            "Worker Number": 0,
                                                                            "Actual Startup Time": 0.036,
                                                                            "Actual Total Time": 128.308,
                                                                            "Actual Rows": 616373,
                                                                            "Actual Loops": 1
                                                                        },
                                                                        {
                                                                            "Worker Number": 1,
                                                                            "Actual Startup Time": 0.036,
                                                                            "Actual Total Time": 123.498,
                                                                            "Actual Rows": 580433,
                                                                            "Actual Loops": 1
                                                                        },
                                                                        {
                                                                            "Worker Number": 2,
                                                                            "Actual Startup Time": 0.051,
                                                                            "Actual Total Time": 128.529,
                                                                            "Actual Rows": 611304,
                                                                            "Actual Loops": 1
                                                                        }
                                                                    ]
                                                                }
                                                            ]
                                                        }
                                                    ]
                                                }
                                            ]
                                        }
                                    ]
                                }
                            ]
                        }
                    ]
                }
            ]
        },
        "Planning Time": 3558.194,
        "Triggers": [],
        "Execution Time": 647.152
    }
]