[
  {
    "Plan": {
      "Node Type": "Aggregate",
      "Strategy": "Plain",
      "Partial Mode": "Finalize",
      "Parallel Aware": false,
      "Startup Cost": 248361.25,
      "Total Cost": 248361.26,
      "Plan Rows": 1,
      "Plan Width": 8,
      "Actual Startup Time": 923.697,
      "Actual Total Time": 972.025,
      "Actual Rows": 1,
      "Actual Loops": 1,
      "Plans": [
        {
          "Node Type": "Gather",
          "Parent Relationship": "Outer",
          "Parallel Aware": false,
          "Startup Cost": 248360.72,
          "Total Cost": 248361.23,
          "Plan Rows": 5,
          "Plan Width": 8,
          "Actual Startup Time": 920.933,
          "Actual Total Time": 972.015,
          "Actual Rows": 6,
          "Actual Loops": 1,
          "Workers Planned": 5,
          "Workers Launched": 5,
          "Single Copy": false,
          "Plans": [
            {
              "Node Type": "Aggregate",
              "Strategy": "Plain",
              "Partial Mode": "Partial",
              "Parent Relationship": "Outer",
              "Parallel Aware": false,
              "Startup Cost": 247360.72,
              "Total Cost": 247360.73,
              "Plan Rows": 1,
              "Plan Width": 8,
              "Actual Startup Time": 910.662,
              "Actual Total Time": 910.665,
              "Actual Rows": 1,
              "Actual Loops": 6,
              "Plans": [
                {
                  "Node Type": "Hash Join",
                  "Parent Relationship": "Outer",
                  "Parallel Aware": true,
                  "Join Type": "Inner",
                  "Startup Cost": 46801.64,
                  "Total Cost": 246123.4,
                  "Plan Rows": 494929,
                  "Plan Width": 0,
                  "Actual Startup Time": 123.905,
                  "Actual Total Time": 875.519,
                  "Actual Rows": 677930,
                  "Actual Loops": 6,
                  "Inner Unique": true,
                  "Hash Cond": "(mi.movie_id = t.id)",
                  "Plans": [
                    {
                      "Node Type": "Seq Scan",
                      "Parent Relationship": "Outer",
                      "Parallel Aware": true,
                      "Relation Name": "movie_info",
                      "Alias": "mi",
                      "Startup Cost": 0.0,
                      "Total Cost": 191560.33,
                      "Plan Rows": 2956733,
                      "Plan Width": 4,
                      "Actual Startup Time": 0.031,
                      "Actual Total Time": 328.581,
                      "Actual Rows": 2472620,
                      "Actual Loops": 6
                    },
                    {
                      "Node Type": "Hash",
                      "Parent Relationship": "Inner",
                      "Parallel Aware": true,
                      "Startup Cost": 45479.1,
                      "Total Cost": 45479.1,
                      "Plan Rows": 105803,
                      "Plan Width": 4,
                      "Actual Startup Time": 108.525,
                      "Actual Total Time": 108.526,
                      "Actual Rows": 51516,
                      "Actual Loops": 6,
                      "Hash Buckets": 524288,
                      "Original Hash Buckets": 524288,
                      "Hash Batches": 1,
                      "Original Hash Batches": 1,
                      "Peak Memory Usage": 16256,
                      "Plans": [
                        {
                          "Node Type": "Seq Scan",
                          "Parent Relationship": "Outer",
                          "Parallel Aware": true,
                          "Relation Name": "title",
                          "Alias": "t",
                          "Startup Cost": 0.0,
                          "Total Cost": 45479.1,
                          "Plan Rows": 105803,
                          "Plan Width": 4,
                          "Actual Startup Time": 45.189,
                          "Actual Total Time": 87.721,
                          "Actual Rows": 51516,
                          "Actual Loops": 6,
                          "Filter": "((kind_id < 2) AND (production_year > 1995))",
                          "Rows Removed by Filter": 369869
                        }
                      ]
                    }
                  ]
                }
              ]
            }
          ]
        }
      ]
    },
    "Planning Time": 0.562,
    "Triggers": [],
    "Execution Time": 972.111
  }
]