[
  {
    "Plan": {
      "Node Type": "Aggregate",
      "Strategy": "Plain",
      "Partial Mode": "Finalize",
      "Parallel Aware": false,
      "Startup Cost": 338999.31,
      "Total Cost": 338999.32,
      "Plan Rows": 1,
      "Plan Width": 8,
      "Actual Startup Time": 434.688,
      "Actual Total Time": 487.981,
      "Actual Rows": 1,
      "Actual Loops": 1,
      "Plans": [
        {
          "Node Type": "Gather",
          "Parent Relationship": "Outer",
          "Parallel Aware": false,
          "Startup Cost": 338998.89,
          "Total Cost": 338999.3,
          "Plan Rows": 4,
          "Plan Width": 8,
          "Actual Startup Time": 434.545,
          "Actual Total Time": 487.973,
          "Actual Rows": 5,
          "Actual Loops": 1,
          "Workers Planned": 4,
          "Workers Launched": 4,
          "Single Copy": false,
          "Plans": [
            {
              "Node Type": "Aggregate",
              "Strategy": "Plain",
              "Partial Mode": "Partial",
              "Parent Relationship": "Outer",
              "Parallel Aware": false,
              "Startup Cost": 337998.89,
              "Total Cost": 337998.9,
              "Plan Rows": 1,
              "Plan Width": 8,
              "Actual Startup Time": 428.053,
              "Actual Total Time": 428.055,
              "Actual Rows": 1,
              "Actual Loops": 5,
              "Plans": [
                {
                  "Node Type": "Nested Loop",
                  "Parent Relationship": "Outer",
                  "Parallel Aware": false,
                  "Join Type": "Inner",
                  "Startup Cost": 0.56,
                  "Total Cost": 337724.11,
                  "Plan Rows": 109911,
                  "Plan Width": 0,
                  "Actual Startup Time": 57.25,
                  "Actual Total Time": 419.72,
                  "Actual Rows": 123098,
                  "Actual Loops": 5,
                  "Inner Unique": false,
                  "Plans": [
                    {
                      "Node Type": "Seq Scan",
                      "Parent Relationship": "Outer",
                      "Parallel Aware": true,
                      "Relation Name": "title",
                      "Alias": "t",
                      "Startup Cost": 0.0,
                      "Total Cost": 45479.1,
                      "Plan Rows": 7670,
                      "Plan Width": 4,
                      "Actual Startup Time": 57.135,
                      "Actual Total Time": 89.112,
                      "Actual Rows": 23570,
                      "Actual Loops": 5,
                      "Filter": "((production_year < 1931) AND (kind_id = 1))",
                      "Rows Removed by Filter": 482092
                    },
                    {
                      "Node Type": "Index Only Scan",
                      "Parent Relationship": "Inner",
                      "Parallel Aware": false,
                      "Scan Direction": "Forward",
                      "Index Name": "movie_id_cast_info",
                      "Relation Name": "cast_info",
                      "Alias": "ci",
                      "Startup Cost": 0.56,
                      "Total Cost": 37.73,
                      "Plan Rows": 37,
                      "Plan Width": 4,
                      "Actual Startup Time": 0.006,
                      "Actual Total Time": 0.013,
                      "Actual Rows": 5,
                      "Actual Loops": 117851,
                      "Index Cond": "(movie_id = t.id)",
                      "Rows Removed by Index Recheck": 0,
                      "Heap Fetches": 615491
                    }
                  ]
                }
              ]
            }
          ]
        }
      ]
    },
    "Planning Time": 0.476,
    "Triggers": [],
    "Execution Time": 488.054
  }
]