[
  {
    "Plan": {
      "Node Type": "Aggregate",
      "Strategy": "Plain",
      "Partial Mode": "Finalize",
      "Parallel Aware": false,
      "Startup Cost": 30977.3,
      "Total Cost": 30977.31,
      "Plan Rows": 1,
      "Plan Width": 8,
      "Actual Startup Time": 99.688,
      "Actual Total Time": 108.709,
      "Actual Rows": 1,
      "Actual Loops": 1,
      "Plans": [
        {
          "Node Type": "Gather",
          "Parent Relationship": "Outer",
          "Parallel Aware": false,
          "Startup Cost": 30976.98,
          "Total Cost": 30977.29,
          "Plan Rows": 3,
          "Plan Width": 8,
          "Actual Startup Time": 99.563,
          "Actual Total Time": 108.701,
          "Actual Rows": 4,
          "Actual Loops": 1,
          "Workers Planned": 3,
          "Workers Launched": 3,
          "Single Copy": false,
          "Plans": [
            {
              "Node Type": "Aggregate",
              "Strategy": "Plain",
              "Partial Mode": "Partial",
              "Parent Relationship": "Outer",
              "Parallel Aware": false,
              "Startup Cost": 29976.98,
              "Total Cost": 29976.99,
              "Plan Rows": 1,
              "Plan Width": 8,
              "Actual Startup Time": 92.33,
              "Actual Total Time": 92.331,
              "Actual Rows": 1,
              "Actual Loops": 4,
              "Plans": [
                {
                  "Node Type": "Seq Scan",
                  "Parent Relationship": "Outer",
                  "Parallel Aware": true,
                  "Relation Name": "movie_companies",
                  "Alias": "mc",
                  "Startup Cost": 0.0,
                  "Total Cost": 29310.68,
                  "Plan Rows": 266519,
                  "Plan Width": 0,
                  "Actual Startup Time": 0.044,
                  "Actual Total Time": 78.649,
                  "Actual Rows": 205085,
                  "Actual Loops": 4,
                  "Filter": "(company_id < 1961)",
                  "Rows Removed by Filter": 447197
                }
              ]
            }
          ]
        }
      ]
    },
    "Planning Time": 0.199,
    "Triggers": [],
    "Execution Time": 108.768
  }
]