[
  {
    "Plan": {
      "Node Type": "Aggregate",
      "Strategy": "Plain",
      "Partial Mode": "Finalize",
      "Parallel Aware": false,
      "Startup Cost": 231497.9,
      "Total Cost": 231497.91,
      "Plan Rows": 1,
      "Plan Width": 8,
      "Actual Startup Time": 312.522,
      "Actual Total Time": 349.143,
      "Actual Rows": 1,
      "Actual Loops": 1,
      "Plans": [
        {
          "Node Type": "Gather",
          "Parent Relationship": "Outer",
          "Parallel Aware": false,
          "Startup Cost": 231497.48,
          "Total Cost": 231497.89,
          "Plan Rows": 4,
          "Plan Width": 8,
          "Actual Startup Time": 312.39,
          "Actual Total Time": 349.135,
          "Actual Rows": 5,
          "Actual Loops": 1,
          "Workers Planned": 4,
          "Workers Launched": 4,
          "Single Copy": false,
          "Plans": [
            {
              "Node Type": "Aggregate",
              "Strategy": "Plain",
              "Partial Mode": "Partial",
              "Parent Relationship": "Outer",
              "Parallel Aware": false,
              "Startup Cost": 230497.48,
              "Total Cost": 230497.49,
              "Plan Rows": 1,
              "Plan Width": 8,
              "Actual Startup Time": 303.48,
              "Actual Total Time": 303.481,
              "Actual Rows": 1,
              "Actual Loops": 5,
              "Plans": [
                {
                  "Node Type": "Nested Loop",
                  "Parent Relationship": "Outer",
                  "Parallel Aware": false,
                  "Join Type": "Inner",
                  "Startup Cost": 0.43,
                  "Total Cost": 230449.38,
                  "Plan Rows": 19240,
                  "Plan Width": 0,
                  "Actual Startup Time": 57.05,
                  "Actual Total Time": 295.814,
                  "Actual Rows": 153929,
                  "Actual Loops": 5,
                  "Inner Unique": false,
                  "Plans": [
                    {
                      "Node Type": "Seq Scan",
                      "Parent Relationship": "Outer",
                      "Parallel Aware": true,
                      "Relation Name": "title",
                      "Alias": "t",
                      "Startup Cost": 0.0,
                      "Total Cost": 45479.1,
                      "Plan Rows": 5128,
                      "Plan Width": 4,
                      "Actual Startup Time": 56.97,
                      "Actual Total Time": 82.321,
                      "Actual Rows": 16329,
                      "Actual Loops": 5,
                      "Filter": "((production_year < 1919) AND (kind_id = 1))",
                      "Rows Removed by Filter": 489333
                    },
                    {
                      "Node Type": "Index Scan",
                      "Parent Relationship": "Inner",
                      "Parallel Aware": false,
                      "Scan Direction": "Forward",
                      "Index Name": "movie_id_movie_info",
                      "Relation Name": "movie_info",
                      "Alias": "mi",
                      "Startup Cost": 0.43,
                      "Total Cost": 35.8,
                      "Plan Rows": 27,
                      "Plan Width": 4,
                      "Actual Startup Time": 0.005,
                      "Actual Total Time": 0.012,
                      "Actual Rows": 9,
                      "Actual Loops": 81645,
                      "Index Cond": "(movie_id = t.id)",
                      "Rows Removed by Index Recheck": 0,
                      "Filter": "(info_type_id < 16)",
                      "Rows Removed by Filter": 2
                    }
                  ]
                }
              ]
            }
          ]
        }
      ]
    },
    "Planning Time": 0.661,
    "Triggers": [],
    "Execution Time": 349.222
  }
]