{
  "Plan": {
    "Node Type": "Aggregate",
    "Strategy": "Plain",
    "Partial Mode": "Finalize",
    "Parallel Aware": false,
    "Startup Cost": 137678.64,
    "Total Cost": 137678.65,
    "Plan Rows": 1,
    "Plan Width": 8,
    "Actual Startup Time": 1113.251,
    "Actual Total Time": 1130.325,
    "Actual Rows": 1,
    "Actual Loops": 1,
    "Plans": [
      {
        "Node Type": "Gather",
        "Parent Relationship": "Outer",
        "Parallel Aware": false,
        "Startup Cost": 137678.53,
        "Total Cost": 137678.64,
        "Plan Rows": 1,
        "Plan Width": 8,
        "Actual Startup Time": 1107.969,
        "Actual Total Time": 1130.315,
        "Actual Rows": 2,
        "Actual Loops": 1,
        "Workers Planned": 1,
        "Workers Launched": 1,
        "Single Copy": false,
        "Plans": [
          {
            "Node Type": "Aggregate",
            "Strategy": "Plain",
            "Partial Mode": "Partial",
            "Parent Relationship": "Outer",
            "Parallel Aware": false,
            "Startup Cost": 136678.53,
            "Total Cost": 136678.54,
            "Plan Rows": 1,
            "Plan Width": 8,
            "Actual Startup Time": 1100.927,
            "Actual Total Time": 1100.93,
            "Actual Rows": 1,
            "Actual Loops": 2,
            "Plans": [
              {
                "Node Type": "Hash Join",
                "Parent Relationship": "Outer",
                "Parallel Aware": true,
                "Join Type": "Inner",
                "Startup Cost": 68886.49,
                "Total Cost": 132419.36,
                "Plan Rows": 1703669,
                "Plan Width": 0,
                "Actual Startup Time": 509.416,
                "Actual Total Time": 1037.485,
                "Actual Rows": 1324446,
                "Actual Loops": 2,
                "Inner Unique": true,
                "Hash Cond": "(mk.movie_id = t.id)",
                "Plans": [
                  {
                    "Node Type": "Seq Scan",
                    "Parent Relationship": "Outer",
                    "Parallel Aware": true,
                    "Relation Name": "movie_keyword",
                    "Alias": "mk",
                    "Startup Cost": 0.0,
                    "Total Cost": 57718.19,
                    "Plan Rows": 2215111,
                    "Plan Width": 4,
                    "Actual Startup Time": 0.054,
                    "Actual Total Time": 232.962,
                    "Actual Rows": 1878494,
                    "Actual Loops": 2,
                    "Filter": "(keyword_id > 722)",
                    "Rows Removed by Filter": 383472
                  },
                  {
                    "Node Type": "Hash",
                    "Parent Relationship": "Inner",
                    "Parallel Aware": true,
                    "Startup Cost": 54588.39,
                    "Total Cost": 54588.39,
                    "Plan Rows": 1143848,
                    "Plan Width": 4,
                    "Actual Startup Time": 494.969,
                    "Actual Total Time": 494.97,
                    "Actual Rows": 966242,
                    "Actual Loops": 2,
                    "Hash Buckets": 2097152,
                    "Original Hash Buckets": 2097152,
                    "Hash Batches": 1,
                    "Original Hash Batches": 1,
                    "Peak Memory Usage": 92000,
                    "Plans": [
                      {
                        "Node Type": "Seq Scan",
                        "Parent Relationship": "Outer",
                        "Parallel Aware": true,
                        "Relation Name": "title",
                        "Alias": "t",
                        "Startup Cost": 0.0,
                        "Total Cost": 54588.39,
                        "Plan Rows": 1143848,
                        "Plan Width": 4,
                        "Actual Startup Time": 0.027,
                        "Actual Total Time": 209.145,
                        "Actual Rows": 966242,
                        "Actual Loops": 2,
                        "Filter": "(production_year > 1980)",
                        "Rows Removed by Filter": 297914
                      }
                    ]
                  }
                ]
              }
            ]
          }
        ]
      }
    ]
  },
  "Planning Time": 0.456,
  "Triggers": [],
  "Execution Time": 1130.393
}