[
  {
    "Plan": {
      "Node Type": "Aggregate",
      "Strategy": "Plain",
      "Partial Mode": "Finalize",
      "Parallel Aware": false,
      "Startup Cost": 349700.12,
      "Total Cost": 349700.13,
      "Plan Rows": 1,
      "Plan Width": 8,
      "Actual Startup Time": 811.128,
      "Actual Total Time": 871.82,
      "Actual Rows": 1,
      "Actual Loops": 1,
      "Plans": [
        {
          "Node Type": "Gather",
          "Parent Relationship": "Outer",
          "Parallel Aware": false,
          "Startup Cost": 349699.5,
          "Total Cost": 349700.11,
          "Plan Rows": 6,
          "Plan Width": 8,
          "Actual Startup Time": 811.02,
          "Actual Total Time": 871.81,
          "Actual Rows": 7,
          "Actual Loops": 1,
          "Workers Planned": 6,
          "Workers Launched": 6,
          "Single Copy": false,
          "Plans": [
            {
              "Node Type": "Aggregate",
              "Strategy": "Plain",
              "Partial Mode": "Partial",
              "Parent Relationship": "Outer",
              "Parallel Aware": false,
              "Startup Cost": 348699.5,
              "Total Cost": 348699.51,
              "Plan Rows": 1,
              "Plan Width": 8,
              "Actual Startup Time": 801.026,
              "Actual Total Time": 801.027,
              "Actual Rows": 1,
              "Actual Loops": 7,
              "Plans": [
                {
                  "Node Type": "Seq Scan",
                  "Parent Relationship": "Outer",
                  "Parallel Aware": true,
                  "Relation Name": "cast_info",
                  "Alias": "ci",
                  "Startup Cost": 0.0,
                  "Total Cost": 343257.03,
                  "Plan Rows": 2176987,
                  "Plan Width": 0,
                  "Actual Startup Time": 215.247,
                  "Actual Total Time": 682.885,
                  "Actual Rows": 2717945,
                  "Actual Loops": 7,
                  "Filter": "((person_id > 1614817) AND (role_id > 1))",
                  "Rows Removed by Filter": 2459819
                }
              ]
            }
          ]
        }
      ]
    },
    "Planning Time": 0.203,
    "Triggers": [],
    "Execution Time": 871.887
  }
]