[
  {
    "Plan": {
      "Node Type": "Aggregate",
      "Strategy": "Plain",
      "Partial Mode": "Finalize",
      "Parallel Aware": false,
      "Startup Cost": 55761.26,
      "Total Cost": 55761.27,
      "Plan Rows": 1,
      "Plan Width": 8,
      "Actual Startup Time": 76.559,
      "Actual Total Time": 86.955,
      "Actual Rows": 1,
      "Actual Loops": 1,
      "Plans": [
        {
          "Node Type": "Gather",
          "Parent Relationship": "Outer",
          "Parallel Aware": false,
          "Startup Cost": 55760.84,
          "Total Cost": 55761.25,
          "Plan Rows": 4,
          "Plan Width": 8,
          "Actual Startup Time": 76.41,
          "Actual Total Time": 86.945,
          "Actual Rows": 5,
          "Actual Loops": 1,
          "Workers Planned": 4,
          "Workers Launched": 4,
          "Single Copy": false,
          "Plans": [
            {
              "Node Type": "Aggregate",
              "Strategy": "Plain",
              "Partial Mode": "Partial",
              "Parent Relationship": "Outer",
              "Parallel Aware": false,
              "Startup Cost": 54760.84,
              "Total Cost": 54760.85,
              "Plan Rows": 1,
              "Plan Width": 8,
              "Actual Startup Time": 71.692,
              "Actual Total Time": 71.693,
              "Actual Rows": 1,
              "Actual Loops": 5,
              "Plans": [
                {
                  "Node Type": "Nested Loop",
                  "Parent Relationship": "Outer",
                  "Parallel Aware": false,
                  "Join Type": "Inner",
                  "Startup Cost": 0.43,
                  "Total Cost": 54759.45,
                  "Plan Rows": 556,
                  "Plan Width": 0,
                  "Actual Startup Time": 44.945,
                  "Actual Total Time": 71.684,
                  "Actual Rows": 4,
                  "Actual Loops": 5,
                  "Inner Unique": false,
                  "Plans": [
                    {
                      "Node Type": "Seq Scan",
                      "Parent Relationship": "Outer",
                      "Parallel Aware": true,
                      "Relation Name": "title",
                      "Alias": "t",
                      "Startup Cost": 0.0,
                      "Total Cost": 45479.59,
                      "Plan Rows": 538,
                      "Plan Width": 4,
                      "Actual Startup Time": 1.612,
                      "Actual Total Time": 71.243,
                      "Actual Rows": 29,
                      "Actual Loops": 5,
                      "Filter": "((kind_id > 4) AND (production_year > 2013))",
                      "Rows Removed by Filter": 505633
                    },
                    {
                      "Node Type": "Index Only Scan",
                      "Parent Relationship": "Inner",
                      "Parallel Aware": false,
                      "Scan Direction": "Forward",
                      "Index Name": "movie_id_movie_companies",
                      "Relation Name": "movie_companies",
                      "Alias": "mc",
                      "Startup Cost": 0.43,
                      "Total Cost": 17.2,
                      "Plan Rows": 5,
                      "Plan Width": 4,
                      "Actual Startup Time": 0.014,
                      "Actual Total Time": 0.014,
                      "Actual Rows": 0,
                      "Actual Loops": 145,
                      "Index Cond": "(movie_id = t.id)",
                      "Rows Removed by Index Recheck": 0,
                      "Heap Fetches": 20
                    }
                  ]
                }
              ]
            }
          ]
        }
      ]
    },
    "Planning Time": 0.329,
    "Triggers": [],
    "Execution Time": 86.999
  }
]