[
  {
    "Plan": {
      "Node Type": "Aggregate",
      "Strategy": "Plain",
      "Partial Mode": "Finalize",
      "Parallel Aware": false,
      "Startup Cost": 99670.43,
      "Total Cost": 99670.44,
      "Plan Rows": 1,
      "Plan Width": 8,
      "Actual Startup Time": 374.96,
      "Actual Total Time": 392.612,
      "Actual Rows": 1,
      "Actual Loops": 1,
      "Plans": [
        {
          "Node Type": "Gather",
          "Parent Relationship": "Outer",
          "Parallel Aware": false,
          "Startup Cost": 99670.22,
          "Total Cost": 99670.43,
          "Plan Rows": 2,
          "Plan Width": 8,
          "Actual Startup Time": 371.863,
          "Actual Total Time": 392.603,
          "Actual Rows": 3,
          "Actual Loops": 1,
          "Workers Planned": 2,
          "Workers Launched": 2,
          "Single Copy": false,
          "Plans": [
            {
              "Node Type": "Aggregate",
              "Strategy": "Plain",
              "Partial Mode": "Partial",
              "Parent Relationship": "Outer",
              "Parallel Aware": false,
              "Startup Cost": 98670.22,
              "Total Cost": 98670.23,
              "Plan Rows": 1,
              "Plan Width": 8,
              "Actual Startup Time": 362.545,
              "Actual Total Time": 362.55,
              "Actual Rows": 1,
              "Actual Loops": 3,
              "Plans": [
                {
                  "Node Type": "Hash Join",
                  "Parent Relationship": "Outer",
                  "Parallel Aware": true,
                  "Join Type": "Inner",
                  "Startup Cost": 82778.49,
                  "Total Cost": 98651.28,
                  "Plan Rows": 7576,
                  "Plan Width": 0,
                  "Actual Startup Time": 319.799,
                  "Actual Total Time": 362.357,
                  "Actual Rows": 4146,
                  "Actual Loops": 3,
                  "Inner Unique": false,
                  "Hash Cond": "(mi_idx.movie_id = t.id)",
                  "Plans": [
                    {
                      "Node Type": "Seq Scan",
                      "Parent Relationship": "Outer",
                      "Parallel Aware": true,
                      "Relation Name": "movie_info_idx",
                      "Alias": "mi_idx",
                      "Startup Cost": 0.0,
                      "Total Cost": 15122.68,
                      "Plan Rows": 193512,
                      "Plan Width": 4,
                      "Actual Startup Time": 0.049,
                      "Actual Total Time": 37.132,
                      "Actual Rows": 153308,
                      "Actual Loops": 3,
                      "Filter": "(info_type_id = 100)",
                      "Rows Removed by Filter": 306703
                    },
                    {
                      "Node Type": "Hash",
                      "Parent Relationship": "Inner",
                      "Parallel Aware": true,
                      "Startup Cost": 82379.36,
                      "Total Cost": 82379.36,
                      "Plan Rows": 31930,
                      "Plan Width": 8,
                      "Actual Startup Time": 308.781,
                      "Actual Total Time": 308.785,
                      "Actual Rows": 6348,
                      "Actual Loops": 3,
                      "Hash Buckets": 131072,
                      "Original Hash Buckets": 131072,
                      "Hash Batches": 1,
                      "Original Hash Batches": 1,
                      "Peak Memory Usage": 1824,
                      "Plans": [
                        {
                          "Node Type": "Hash Join",
                          "Parent Relationship": "Outer",
                          "Parallel Aware": true,
                          "Join Type": "Inner",
                          "Startup Cost": 55961.77,
                          "Total Cost": 82379.36,
                          "Plan Rows": 31930,
                          "Plan Width": 8,
                          "Actual Startup Time": 226.2,
                          "Actual Total Time": 306.652,
                          "Actual Rows": 6348,
                          "Actual Loops": 3,
                          "Inner Unique": true,
                          "Hash Cond": "(mk.movie_id = t.id)",
                          "Plans": [
                            {
                              "Node Type": "Bitmap Heap Scan",
                              "Parent Relationship": "Outer",
                              "Parallel Aware": true,
                              "Relation Name": "movie_keyword",
                              "Alias": "mk",
                              "Startup Cost": 8539.46,
                              "Total Cost": 34616.26,
                              "Plan Rows": 129824,
                              "Plan Width": 4,
                              "Actual Startup Time": 26.351,
                              "Actual Total Time": 80.427,
                              "Actual Rows": 130470,
                              "Actual Loops": 3,
                              "Recheck Cond": "(keyword_id > 44022)",
                              "Rows Removed by Index Recheck": 0,
                              "Exact Heap Blocks": 8842,
                              "Lossy Heap Blocks": 0,
                              "Plans": [
                                {
                                  "Node Type": "Bitmap Index Scan",
                                  "Parent Relationship": "Outer",
                                  "Parallel Aware": false,
                                  "Index Name": "keyword_id_movie_keyword",
                                  "Startup Cost": 0.0,
                                  "Total Cost": 8438.85,
                                  "Plan Rows": 402455,
                                  "Plan Width": 0,
                                  "Actual Startup Time": 22.972,
                                  "Actual Total Time": 22.973,
                                  "Actual Rows": 391411,
                                  "Actual Loops": 1,
                                  "Index Cond": "(keyword_id > 44022)"
                                }
                              ]
                            },
                            {
                              "Node Type": "Hash",
                              "Parent Relationship": "Inner",
                              "Parallel Aware": true,
                              "Startup Cost": 45479.1,
                              "Total Cost": 45479.1,
                              "Plan Rows": 155457,
                              "Plan Width": 4,
                              "Actual Startup Time": 194.818,
                              "Actual Total Time": 194.818,
                              "Actual Rows": 225642,
                              "Actual Loops": 3,
                              "Hash Buckets": 1048576,
                              "Original Hash Buckets": 1048576,
                              "Hash Batches": 1,
                              "Original Hash Batches": 1,
                              "Peak Memory Usage": 34720,
                              "Plans": [
                                {
                                  "Node Type": "Seq Scan",
                                  "Parent Relationship": "Outer",
                                  "Parallel Aware": true,
                                  "Relation Name": "title",
                                  "Alias": "t",
                                  "Startup Cost": 0.0,
                                  "Total Cost": 45479.1,
                                  "Plan Rows": 155457,
                                  "Plan Width": 4,
                                  "Actual Startup Time": 0.041,
                                  "Actual Total Time": 119.437,
                                  "Actual Rows": 225642,
                                  "Actual Loops": 3,
                                  "Filter": "((production_year > 2005) AND (kind_id = 7))",
                                  "Rows Removed by Filter": 617128
                                }
                              ]
                            }
                          ]
                        }
                      ]
                    }
                  ]
                }
              ]
            }
          ]
        }
      ]
    },
    "Planning Time": 1.397,
    "Triggers": [],
    "Execution Time": 392.719
  }
]