[
  {
    "Plan": {
      "Node Type": "Aggregate",
      "Strategy": "Plain",
      "Partial Mode": "Finalize",
      "Parallel Aware": false,
      "Startup Cost": 355032.97,
      "Total Cost": 355032.98,
      "Plan Rows": 1,
      "Plan Width": 8,
      "Actual Startup Time": 525.471,
      "Actual Total Time": 548.664,
      "Actual Rows": 1,
      "Actual Loops": 1,
      "Plans": [
        {
          "Node Type": "Gather",
          "Parent Relationship": "Outer",
          "Parallel Aware": false,
          "Startup Cost": 355032.34,
          "Total Cost": 355032.95,
          "Plan Rows": 6,
          "Plan Width": 8,
          "Actual Startup Time": 509.255,
          "Actual Total Time": 548.652,
          "Actual Rows": 7,
          "Actual Loops": 1,
          "Workers Planned": 6,
          "Workers Launched": 6,
          "Single Copy": false,
          "Plans": [
            {
              "Node Type": "Aggregate",
              "Strategy": "Plain",
              "Partial Mode": "Partial",
              "Parent Relationship": "Outer",
              "Parallel Aware": false,
              "Startup Cost": 354032.34,
              "Total Cost": 354032.35,
              "Plan Rows": 1,
              "Plan Width": 8,
              "Actual Startup Time": 486.565,
              "Actual Total Time": 486.568,
              "Actual Rows": 1,
              "Actual Loops": 7,
              "Plans": [
                {
                  "Node Type": "Hash Join",
                  "Parent Relationship": "Outer",
                  "Parallel Aware": true,
                  "Join Type": "Inner",
                  "Startup Cost": 95109.62,
                  "Total Cost": 353479.82,
                  "Plan Rows": 221008,
                  "Plan Width": 0,
                  "Actual Startup Time": 404.941,
                  "Actual Total Time": 482.361,
                  "Actual Rows": 85234,
                  "Actual Loops": 7,
                  "Inner Unique": true,
                  "Hash Cond": "(ci.movie_id = t.id)",
                  "Plans": [
                    {
                      "Node Type": "Bitmap Heap Scan",
                      "Parent Relationship": "Outer",
                      "Parallel Aware": true,
                      "Relation Name": "cast_info",
                      "Alias": "ci",
                      "Startup Cost": 44889.24,
                      "Total Cost": 302679.3,
                      "Plan Rows": 221008,
                      "Plan Width": 4,
                      "Actual Startup Time": 135.663,
                      "Actual Total Time": 163.687,
                      "Actual Rows": 85234,
                      "Actual Loops": 7,
                      "Recheck Cond": "(person_id < 205501)",
                      "Rows Removed by Index Recheck": 0,
                      "Filter": "(role_id > 1)",
                      "Rows Removed by Filter": 214148,
                      "Exact Heap Blocks": 3447,
                      "Lossy Heap Blocks": 0,
                      "Plans": [
                        {
                          "Node Type": "Bitmap Index Scan",
                          "Parent Relationship": "Outer",
                          "Parallel Aware": false,
                          "Index Name": "person_id_cast_info",
                          "Startup Cost": 0.0,
                          "Total Cost": 44557.73,
                          "Plan Rows": 2041222,
                          "Plan Width": 0,
                          "Actual Startup Time": 76.759,
                          "Actual Total Time": 76.76,
                          "Actual Rows": 2095671,
                          "Actual Loops": 1,
                          "Index Cond": "(person_id < 205501)"
                        }
                      ]
                    },
                    {
                      "Node Type": "Hash",
                      "Parent Relationship": "Inner",
                      "Parallel Aware": true,
                      "Startup Cost": 42319.06,
                      "Total Cost": 42319.06,
                      "Plan Rows": 632106,
                      "Plan Width": 4,
                      "Actual Startup Time": 262.378,
                      "Actual Total Time": 262.379,
                      "Actual Rows": 361187,
                      "Actual Loops": 7,
                      "Hash Buckets": 4194304,
                      "Original Hash Buckets": 4194304,
                      "Hash Batches": 1,
                      "Original Hash Batches": 1,
                      "Peak Memory Usage": 131776,
                      "Plans": [
                        {
                          "Node Type": "Seq Scan",
                          "Parent Relationship": "Outer",
                          "Parallel Aware": true,
                          "Relation Name": "title",
                          "Alias": "t",
                          "Startup Cost": 0.0,
                          "Total Cost": 42319.06,
                          "Plan Rows": 632106,
                          "Plan Width": 4,
                          "Actual Startup Time": 0.051,
                          "Actual Total Time": 75.313,
                          "Actual Rows": 361187,
                          "Actual Loops": 7
                        }
                      ]
                    }
                  ]
                }
              ]
            }
          ]
        }
      ]
    },
    "Planning Time": 0.561,
    "Triggers": [],
    "Execution Time": 548.769
  }
]