{
  "Plan": {
    "Node Type": "Aggregate",
    "Strategy": "Plain",
    "Partial Mode": "Finalize",
    "Parallel Aware": false,
    "Startup Cost": 141029.69,
    "Total Cost": 141029.7,
    "Plan Rows": 1,
    "Plan Width": 8,
    "Actual Startup Time": 1404.457,
    "Actual Total Time": 1427.279,
    "Actual Rows": 1,
    "Actual Loops": 1,
    "Plans": [
      {
        "Node Type": "Gather",
        "Parent Relationship": "Outer",
        "Parallel Aware": false,
        "Startup Cost": 141029.57,
        "Total Cost": 141029.68,
        "Plan Rows": 1,
        "Plan Width": 8,
        "Actual Startup Time": 1397.096,
        "Actual Total Time": 1427.268,
        "Actual Rows": 2,
        "Actual Loops": 1,
        "Workers Planned": 1,
        "Workers Launched": 1,
        "Single Copy": false,
        "Plans": [
          {
            "Node Type": "Aggregate",
            "Strategy": "Plain",
            "Partial Mode": "Partial",
            "Parent Relationship": "Outer",
            "Parallel Aware": false,
            "Startup Cost": 140029.57,
            "Total Cost": 140029.58,
            "Plan Rows": 1,
            "Plan Width": 8,
            "Actual Startup Time": 1381.512,
            "Actual Total Time": 1381.517,
            "Actual Rows": 1,
            "Actual Loops": 2,
            "Plans": [
              {
                "Node Type": "Hash Join",
                "Parent Relationship": "Outer",
                "Parallel Aware": true,
                "Join Type": "Inner",
                "Startup Cost": 69460.7,
                "Total Cost": 133760.95,
                "Plan Rows": 2507448,
                "Plan Width": 0,
                "Actual Startup Time": 636.116,
                "Actual Total Time": 1281.238,
                "Actual Rows": 2136314,
                "Actual Loops": 2,
                "Inner Unique": true,
                "Hash Cond": "(mk.movie_id = t.id)",
                "Plans": [
                  {
                    "Node Type": "Seq Scan",
                    "Parent Relationship": "Outer",
                    "Parallel Aware": true,
                    "Relation Name": "movie_keyword",
                    "Alias": "mk",
                    "Startup Cost": 0.0,
                    "Total Cost": 57718.19,
                    "Plan Rows": 2507448,
                    "Plan Width": 4,
                    "Actual Startup Time": 0.032,
                    "Actual Total Time": 254.524,
                    "Actual Rows": 2136314,
                    "Actual Loops": 2,
                    "Filter": "(keyword_id < 60312)",
                    "Rows Removed by Filter": 125651
                  },
                  {
                    "Node Type": "Hash",
                    "Parent Relationship": "Inner",
                    "Parallel Aware": true,
                    "Startup Cost": 50870.31,
                    "Total Cost": 50870.31,
                    "Plan Rows": 1487231,
                    "Plan Width": 4,
                    "Actual Startup Time": 612.243,
                    "Actual Total Time": 612.245,
                    "Actual Rows": 1264156,
                    "Actual Loops": 2,
                    "Hash Buckets": 4194304,
                    "Original Hash Buckets": 4194304,
                    "Hash Batches": 1,
                    "Original Hash Batches": 1,
                    "Peak Memory Usage": 131712,
                    "Plans": [
                      {
                        "Node Type": "Seq Scan",
                        "Parent Relationship": "Outer",
                        "Parallel Aware": true,
                        "Relation Name": "title",
                        "Alias": "t",
                        "Startup Cost": 0.0,
                        "Total Cost": 50870.31,
                        "Plan Rows": 1487231,
                        "Plan Width": 4,
                        "Actual Startup Time": 0.042,
                        "Actual Total Time": 185.562,
                        "Actual Rows": 1264156,
                        "Actual Loops": 2
                      }
                    ]
                  }
                ]
              }
            ]
          }
        ]
      }
    ]
  },
  "Planning Time": 0.633,
  "Triggers": [],
  "Execution Time": 1427.353
}