[
  {
    "Plan": {
      "Node Type": "Aggregate",
      "Strategy": "Plain",
      "Partial Mode": "Finalize",
      "Parallel Aware": false,
      "Startup Cost": 32899.76,
      "Total Cost": 32899.77,
      "Plan Rows": 1,
      "Plan Width": 8,
      "Actual Startup Time": 92.819,
      "Actual Total Time": 101.174,
      "Actual Rows": 1,
      "Actual Loops": 1,
      "Plans": [
        {
          "Node Type": "Gather",
          "Parent Relationship": "Outer",
          "Parallel Aware": false,
          "Startup Cost": 32899.44,
          "Total Cost": 32899.75,
          "Plan Rows": 3,
          "Plan Width": 8,
          "Actual Startup Time": 92.678,
          "Actual Total Time": 101.158,
          "Actual Rows": 4,
          "Actual Loops": 1,
          "Workers Planned": 3,
          "Workers Launched": 3,
          "Single Copy": false,
          "Plans": [
            {
              "Node Type": "Aggregate",
              "Strategy": "Plain",
              "Partial Mode": "Partial",
              "Parent Relationship": "Outer",
              "Parallel Aware": false,
              "Startup Cost": 31899.44,
              "Total Cost": 31899.45,
              "Plan Rows": 1,
              "Plan Width": 8,
              "Actual Startup Time": 87.289,
              "Actual Total Time": 87.291,
              "Actual Rows": 1,
              "Actual Loops": 4,
              "Plans": [
                {
                  "Node Type": "Seq Scan",
                  "Parent Relationship": "Outer",
                  "Parallel Aware": true,
                  "Relation Name": "movie_companies",
                  "Alias": "mc",
                  "Startup Cost": 0.0,
                  "Total Cost": 31414.82,
                  "Plan Rows": 193850,
                  "Plan Width": 0,
                  "Actual Startup Time": 0.028,
                  "Actual Total Time": 75.772,
                  "Actual Rows": 209062,
                  "Actual Loops": 4,
                  "Filter": "((company_id < 11147) AND (company_type_id = 1))",
                  "Rows Removed by Filter": 443220
                }
              ]
            }
          ]
        }
      ]
    },
    "Planning Time": 0.186,
    "Triggers": [],
    "Execution Time": 101.219
  }
]