[
  {
    "Plan": {
      "Node Type": "Aggregate",
      "Strategy": "Plain",
      "Partial Mode": "Finalize",
      "Parallel Aware": false,
      "Startup Cost": 100887.3,
      "Total Cost": 100887.31,
      "Plan Rows": 1,
      "Plan Width": 8,
      "Actual Startup Time": 363.846,
      "Actual Total Time": 378.056,
      "Actual Rows": 1,
      "Actual Loops": 1,
      "Plans": [
        {
          "Node Type": "Gather",
          "Parent Relationship": "Outer",
          "Parallel Aware": false,
          "Startup Cost": 100887.09,
          "Total Cost": 100887.3,
          "Plan Rows": 2,
          "Plan Width": 8,
          "Actual Startup Time": 362.038,
          "Actual Total Time": 378.048,
          "Actual Rows": 3,
          "Actual Loops": 1,
          "Workers Planned": 2,
          "Workers Launched": 2,
          "Single Copy": false,
          "Plans": [
            {
              "Node Type": "Aggregate",
              "Strategy": "Plain",
              "Partial Mode": "Partial",
              "Parent Relationship": "Outer",
              "Parallel Aware": false,
              "Startup Cost": 99887.09,
              "Total Cost": 99887.1,
              "Plan Rows": 1,
              "Plan Width": 8,
              "Actual Startup Time": 356.671,
              "Actual Total Time": 356.844,
              "Actual Rows": 1,
              "Actual Loops": 3,
              "Plans": [
                {
                  "Node Type": "Hash Join",
                  "Parent Relationship": "Outer",
                  "Parallel Aware": true,
                  "Join Type": "Inner",
                  "Startup Cost": 83909.81,
                  "Total Cost": 99827.78,
                  "Plan Rows": 23722,
                  "Plan Width": 0,
                  "Actual Startup Time": 295.917,
                  "Actual Total Time": 353.026,
                  "Actual Rows": 91849,
                  "Actual Loops": 3,
                  "Inner Unique": false,
                  "Hash Cond": "(mi_idx.movie_id = t.id)",
                  "Plans": [
                    {
                      "Node Type": "Seq Scan",
                      "Parent Relationship": "Outer",
                      "Parallel Aware": true,
                      "Relation Name": "movie_info_idx",
                      "Alias": "mi_idx",
                      "Startup Cost": 0.0,
                      "Total Cost": 13685.15,
                      "Plan Rows": 575015,
                      "Plan Width": 4,
                      "Actual Startup Time": 0.016,
                      "Actual Total Time": 38.437,
                      "Actual Rows": 460012,
                      "Actual Loops": 3
                    },
                    {
                      "Node Type": "Hash",
                      "Parent Relationship": "Inner",
                      "Parallel Aware": true,
                      "Startup Cost": 83489.21,
                      "Total Cost": 83489.21,
                      "Plan Rows": 33648,
                      "Plan Width": 8,
                      "Actual Startup Time": 262.409,
                      "Actual Total Time": 262.581,
                      "Actual Rows": 76239,
                      "Actual Loops": 3,
                      "Hash Buckets": 262144,
                      "Original Hash Buckets": 131072,
                      "Hash Batches": 1,
                      "Original Hash Batches": 1,
                      "Peak Memory Usage": 12096,
                      "Plans": [
                        {
                          "Node Type": "Hash Join",
                          "Parent Relationship": "Outer",
                          "Parallel Aware": true,
                          "Join Type": "Inner",
                          "Startup Cost": 38954.71,
                          "Total Cost": 83489.21,
                          "Plan Rows": 33648,
                          "Plan Width": 8,
                          "Actual Startup Time": 84.667,
                          "Actual Total Time": 242.246,
                          "Actual Rows": 76239,
                          "Actual Loops": 3,
                          "Inner Unique": true,
                          "Hash Cond": "(mk.movie_id = t.id)",
                          "Plans": [
                            {
                              "Node Type": "Seq Scan",
                              "Parent Relationship": "Outer",
                              "Parallel Aware": true,
                              "Relation Name": "movie_keyword",
                              "Alias": "mk",
                              "Startup Cost": 0.0,
                              "Total Cost": 42695.65,
                              "Plan Rows": 700513,
                              "Plan Width": 4,
                              "Actual Startup Time": 0.352,
                              "Actual Total Time": 128.691,
                              "Actual Rows": 718858,
                              "Actual Loops": 3,
                              "Filter": "(keyword_id > 5360)",
                              "Rows Removed by Filter": 789119
                            },
                            {
                              "Node Type": "Hash",
                              "Parent Relationship": "Inner",
                              "Parallel Aware": true,
                              "Startup Cost": 38575.19,
                              "Total Cost": 38575.19,
                              "Plan Rows": 30362,
                              "Plan Width": 4,
                              "Actual Startup Time": 48.544,
                              "Actual Total Time": 48.545,
                              "Actual Rows": 39411,
                              "Actual Loops": 3,
                              "Hash Buckets": 131072,
                              "Original Hash Buckets": 131072,
                              "Hash Batches": 1,
                              "Original Hash Batches": 1,
                              "Peak Memory Usage": 5728,
                              "Plans": [
                                {
                                  "Node Type": "Bitmap Heap Scan",
                                  "Parent Relationship": "Outer",
                                  "Parallel Aware": true,
                                  "Relation Name": "title",
                                  "Alias": "t",
                                  "Startup Cost": 2197.66,
                                  "Total Cost": 38575.19,
                                  "Plan Rows": 30362,
                                  "Plan Width": 4,
                                  "Actual Startup Time": 7.08,
                                  "Actual Total Time": 38.165,
                                  "Actual Rows": 39411,
                                  "Actual Loops": 3,
                                  "Recheck Cond": "(kind_id = 4)",
                                  "Rows Removed by Index Recheck": 0,
                                  "Exact Heap Blocks": 7461,
                                  "Lossy Heap Blocks": 0,
                                  "Plans": [
                                    {
                                      "Node Type": "Bitmap Index Scan",
                                      "Parent Relationship": "Outer",
                                      "Parallel Aware": false,
                                      "Index Name": "kind_id_title",
                                      "Startup Cost": 0.0,
                                      "Total Cost": 2167.3,
                                      "Plan Rows": 121449,
                                      "Plan Width": 0,
                                      "Actual Startup Time": 9.191,
                                      "Actual Total Time": 9.192,
                                      "Actual Rows": 118234,
                                      "Actual Loops": 1,
                                      "Index Cond": "(kind_id = 4)"
                                    }
                                  ]
                                }
                              ]
                            }
                          ]
                        }
                      ]
                    }
                  ]
                }
              ]
            }
          ]
        }
      ]
    },
    "Planning Time": 0.412,
    "Triggers": [],
    "Execution Time": 378.103
  }
]