[
  {
    "Plan": {
      "Node Type": "Aggregate",
      "Strategy": "Plain",
      "Partial Mode": "Simple",
      "Parallel Aware": false,
      "Startup Cost": 53997.09,
      "Total Cost": 53997.1,
      "Plan Rows": 1,
      "Plan Width": 64,
      "Actual Startup Time": 229.733,
      "Actual Total Time": 249.907,
      "Actual Rows": 1,
      "Actual Loops": 1,
      "Plans": [
        {
          "Node Type": "Gather",
          "Parent Relationship": "Outer",
          "Parallel Aware": false,
          "Startup Cost": 4238.95,
          "Total Cost": 53997.07,
          "Plan Rows": 3,
          "Plan Width": 27,
          "Actual Startup Time": 229.388,
          "Actual Total Time": 249.786,
          "Actual Rows": 612,
          "Actual Loops": 1,
          "Workers Planned": 4,
          "Workers Launched": 4,
          "Single Copy": false,
          "Plans": [
            {
              "Node Type": "Nested Loop",
              "Parent Relationship": "Outer",
              "Parallel Aware": false,
              "Join Type": "Inner",
              "Startup Cost": 3238.95,
              "Total Cost": 52996.77,
              "Plan Rows": 1,
              "Plan Width": 27,
              "Actual Startup Time": 214.395,
              "Actual Total Time": 217.829,
              "Actual Rows": 122,
              "Actual Loops": 5,
              "Inner Unique": true,
              "Plans": [
                {
                  "Node Type": "Nested Loop",
                  "Parent Relationship": "Outer",
                  "Parallel Aware": false,
                  "Join Type": "Inner",
                  "Startup Cost": 3238.53,
                  "Total Cost": 52996.34,
                  "Plan Rows": 1,
                  "Plan Width": 31,
                  "Actual Startup Time": 214.377,
                  "Actual Total Time": 217.243,
                  "Actual Rows": 122,
                  "Actual Loops": 5,
                  "Inner Unique": true,
                  "Plans": [
                    {
                      "Node Type": "Nested Loop",
                      "Parent Relationship": "Outer",
                      "Parallel Aware": false,
                      "Join Type": "Inner",
                      "Startup Cost": 3238.4,
                      "Total Cost": 52996.18,
                      "Plan Rows": 1,
                      "Plan Width": 35,
                      "Actual Startup Time": 214.365,
                      "Actual Total Time": 217.068,
                      "Actual Rows": 122,
                      "Actual Loops": 5,
                      "Inner Unique": true,
                      "Plans": [
                        {
                          "Node Type": "Nested Loop",
                          "Parent Relationship": "Outer",
                          "Parallel Aware": false,
                          "Join Type": "Inner",
                          "Startup Cost": 3237.98,
                          "Total Cost": 52995.74,
                          "Plan Rows": 1,
                          "Plan Width": 39,
                          "Actual Startup Time": 214.349,
                          "Actual Total Time": 216.79,
                          "Actual Rows": 122,
                          "Actual Loops": 5,
                          "Inner Unique": false,
                          "Join Filter": "(t.id = mc.movie_id)",
                          "Rows Removed by Join Filter": 0,
                          "Plans": [
                            {
                              "Node Type": "Nested Loop",
                              "Parent Relationship": "Outer",
                              "Parallel Aware": false,
                              "Join Type": "Inner",
                              "Startup Cost": 3237.55,
                              "Total Cost": 52995.13,
                              "Plan Rows": 1,
                              "Plan Width": 47,
                              "Actual Startup Time": 214.329,
                              "Actual Total Time": 216.466,
                              "Actual Rows": 122,
                              "Actual Loops": 5,
                              "Inner Unique": false,
                              "Plans": [
                                {
                                  "Node Type": "Nested Loop",
                                  "Parent Relationship": "Outer",
                                  "Parallel Aware": false,
                                  "Join Type": "Inner",
                                  "Startup Cost": 3237.12,
                                  "Total Cost": 52993.27,
                                  "Plan Rows": 1,
                                  "Plan Width": 39,
                                  "Actual Startup Time": 214.311,
                                  "Actual Total Time": 216.396,
                                  "Actual Rows": 1,
                                  "Actual Loops": 5,
                                  "Inner Unique": true,
                                  "Plans": [
                                    {
                                      "Node Type": "Nested Loop",
                                      "Parent Relationship": "Outer",
                                      "Parallel Aware": false,
                                      "Join Type": "Inner",
                                      "Startup Cost": 3236.98,
                                      "Total Cost": 52992.83,
                                      "Plan Rows": 2,
                                      "Plan Width": 43,
                                      "Actual Startup Time": 214.302,
                                      "Actual Total Time": 216.382,
                                      "Actual Rows": 1,
                                      "Actual Loops": 5,
                                      "Inner Unique": false,
                                      "Plans": [
                                        {
                                          "Node Type": "Hash Join",
                                          "Parent Relationship": "Outer",
                                          "Parallel Aware": false,
                                          "Join Type": "Inner",
                                          "Startup Cost": 3236.54,
                                          "Total Cost": 48228.9,
                                          "Plan Rows": 2118,
                                          "Plan Width": 35,
                                          "Actual Startup Time": 147.989,
                                          "Actual Total Time": 194.753,
                                          "Actual Rows": 100,
                                          "Actual Loops": 5,
                                          "Inner Unique": true,
                                          "Hash Cond": "(t.kind_id = kt.id)",
                                          "Plans": [
                                            {
                                              "Node Type": "Hash Join",
                                              "Parent Relationship": "Outer",
                                              "Parallel Aware": false,
                                              "Join Type": "Inner",
                                              "Startup Cost": 3235.39,
                                              "Total Cost": 48212.13,
                                              "Plan Rows": 3706,
                                              "Plan Width": 29,
                                              "Actual Startup Time": 47.543,
                                              "Actual Total Time": 194.065,
                                              "Actual Rows": 263,
                                              "Actual Loops": 5,
                                              "Inner Unique": false,
                                              "Hash Cond": "(t.id = cc.movie_id)",
                                              "Plans": [
                                                {
                                                  "Node Type": "Seq Scan",
                                                  "Parent Relationship": "Outer",
                                                  "Parallel Aware": true,
                                                  "Relation Name": "title",
                                                  "Alias": "t",
                                                  "Startup Cost": 0.0,
                                                  "Total Cost": 43899.32,
                                                  "Plan Rows": 277431,
                                                  "Plan Width": 25,
                                                  "Actual Startup Time": 0.056,
                                                  "Actual Total Time": 109.571,
                                                  "Actual Rows": 221585,
                                                  "Actual Loops": 5,
                                                  "Filter": "(production_year > 2004)",
                                                  "Rows Removed by Filter": 284077
                                                },
                                                {
                                                  "Node Type": "Hash",
                                                  "Parent Relationship": "Inner",
                                                  "Parallel Aware": false,
                                                  "Startup Cost": 2813.24,
                                                  "Total Cost": 2813.24,
                                                  "Plan Rows": 33772,
                                                  "Plan Width": 4,
                                                  "Actual Startup Time": 45.504,
                                                  "Actual Total Time": 45.508,
                                                  "Actual Rows": 24592,
                                                  "Actual Loops": 5,
                                                  "Hash Buckets": 65536,
                                                  "Original Hash Buckets": 65536,
                                                  "Hash Batches": 1,
                                                  "Original Hash Batches": 1,
                                                  "Peak Memory Usage": 1377,
                                                  "Plans": [
                                                    {
                                                      "Node Type": "Hash Join",
                                                      "Parent Relationship": "Outer",
                                                      "Parallel Aware": false,
                                                      "Join Type": "Inner",
                                                      "Startup Cost": 1.06,
                                                      "Total Cost": 2813.24,
                                                      "Plan Rows": 33772,
                                                      "Plan Width": 4,
                                                      "Actual Startup Time": 0.188,
                                                      "Actual Total Time": 38.855,
                                                      "Actual Rows": 24592,
                                                      "Actual Loops": 5,
                                                      "Inner Unique": true,
                                                      "Hash Cond": "(cc.status_id = cct1.id)",
                                                      "Plans": [
                                                        {
                                                          "Node Type": "Seq Scan",
                                                          "Parent Relationship": "Outer",
                                                          "Parallel Aware": false,
                                                          "Relation Name": "complete_cast",
                                                          "Alias": "cc",
                                                          "Startup Cost": 0.0,
                                                          "Total Cost": 2081.86,
                                                          "Plan Rows": 135086,
                                                          "Plan Width": 8,
                                                          "Actual Startup Time": 0.066,
                                                          "Actual Total Time": 18.806,
                                                          "Actual Rows": 135086,
                                                          "Actual Loops": 5
                                                        },
                                                        {
                                                          "Node Type": "Hash",
                                                          "Parent Relationship": "Inner",
                                                          "Parallel Aware": false,
                                                          "Startup Cost": 1.05,
                                                          "Total Cost": 1.05,
                                                          "Plan Rows": 1,
                                                          "Plan Width": 4,
                                                          "Actual Startup Time": 0.072,
                                                          "Actual Total Time": 0.073,
                                                          "Actual Rows": 1,
                                                          "Actual Loops": 5,
                                                          "Hash Buckets": 1024,
                                                          "Original Hash Buckets": 1024,
                                                          "Hash Batches": 1,
                                                          "Original Hash Batches": 1,
                                                          "Peak Memory Usage": 9,
                                                          "Plans": [
                                                            {
                                                              "Node Type": "Seq Scan",
                                                              "Parent Relationship": "Outer",
                                                              "Parallel Aware": false,
                                                              "Relation Name": "comp_cast_type",
                                                              "Alias": "cct1",
                                                              "Startup Cost": 0.0,
                                                              "Total Cost": 1.05,
                                                              "Plan Rows": 1,
                                                              "Plan Width": 4,
                                                              "Actual Startup Time": 0.06,
                                                              "Actual Total Time": 0.062,
                                                              "Actual Rows": 1,
                                                              "Actual Loops": 5,
                                                              "Filter": "((kind)::text = 'complete+verified'::text)",
                                                              "Rows Removed by Filter": 3
                                                            }
                                                          ]
                                                        }
                                                      ]
                                                    }
                                                  ]
                                                }
                                              ]
                                            },
                                            {
                                              "Node Type": "Hash",
                                              "Parent Relationship": "Inner",
                                              "Parallel Aware": false,
                                              "Startup Cost": 1.1,
                                              "Total Cost": 1.1,
                                              "Plan Rows": 4,
                                              "Plan Width": 14,
                                              "Actual Startup Time": 0.102,
                                              "Actual Total Time": 0.102,
                                              "Actual Rows": 4,
                                              "Actual Loops": 5,
                                              "Hash Buckets": 1024,
                                              "Original Hash Buckets": 1024,
                                              "Hash Batches": 1,
                                              "Original Hash Batches": 1,
                                              "Peak Memory Usage": 9,
                                              "Plans": [
                                                {
                                                  "Node Type": "Seq Scan",
                                                  "Parent Relationship": "Outer",
                                                  "Parallel Aware": false,
                                                  "Relation Name": "kind_type",
                                                  "Alias": "kt",
                                                  "Startup Cost": 0.0,
                                                  "Total Cost": 1.1,
                                                  "Plan Rows": 4,
                                                  "Plan Width": 14,
                                                  "Actual Startup Time": 0.066,
                                                  "Actual Total Time": 0.073,
                                                  "Actual Rows": 4,
                                                  "Actual Loops": 5,
                                                  "Filter": "((kind)::text = ANY ('{movie,\"tv movie\",\"video movie\",\"video game\"}'::text[]))",
                                                  "Rows Removed by Filter": 3
                                                }
                                              ]
                                            }
                                          ]
                                        },
                                        {
                                          "Node Type": "Index Scan",
                                          "Parent Relationship": "Inner",
                                          "Parallel Aware": false,
                                          "Scan Direction": "Forward",
                                          "Index Name": "movie_id_movie_info",
                                          "Relation Name": "movie_info",
                                          "Alias": "mi",
                                          "Startup Cost": 0.43,
                                          "Total Cost": 2.24,
                                          "Plan Rows": 1,
                                          "Plan Width": 8,
                                          "Actual Startup Time": 0.215,
                                          "Actual Total Time": 0.215,
                                          "Actual Rows": 0,
                                          "Actual Loops": 500,
                                          "Index Cond": "(movie_id = t.id)",
                                          "Rows Removed by Index Recheck": 0,
                                          "Filter": "((info IS NOT NULL) AND (note ~~ '%internet%'::text) AND ((info ~~ 'USA:% 199%'::text) OR (info ~~ 'USA:% 200%'::text)))",
                                          "Rows Removed by Filter": 189
                                        }
                                      ]
                                    },
                                    {
                                      "Node Type": "Index Scan",
                                      "Parent Relationship": "Inner",
                                      "Parallel Aware": false,
                                      "Scan Direction": "Forward",
                                      "Index Name": "info_type_pkey",
                                      "Relation Name": "info_type",
                                      "Alias": "it1",
                                      "Startup Cost": 0.14,
                                      "Total Cost": 0.19,
                                      "Plan Rows": 1,
                                      "Plan Width": 4,
                                      "Actual Startup Time": 0.011,
                                      "Actual Total Time": 0.011,
                                      "Actual Rows": 1,
                                      "Actual Loops": 4,
                                      "Index Cond": "(id = mi.info_type_id)",
                                      "Rows Removed by Index Recheck": 0,
                                      "Filter": "((info)::text = 'release dates'::text)",
                                      "Rows Removed by Filter": 0
                                    }
                                  ]
                                },
                                {
                                  "Node Type": "Index Scan",
                                  "Parent Relationship": "Inner",
                                  "Parallel Aware": false,
                                  "Scan Direction": "Forward",
                                  "Index Name": "movie_id_movie_keyword",
                                  "Relation Name": "movie_keyword",
                                  "Alias": "mk",
                                  "Startup Cost": 0.43,
                                  "Total Cost": 1.4,
                                  "Plan Rows": 46,
                                  "Plan Width": 8,
                                  "Actual Startup Time": 0.025,
                                  "Actual Total Time": 0.058,
                                  "Actual Rows": 153,
                                  "Actual Loops": 4,
                                  "Index Cond": "(movie_id = t.id)",
                                  "Rows Removed by Index Recheck": 0
                                }
                              ]
                            },
                            {
                              "Node Type": "Index Scan",
                              "Parent Relationship": "Inner",
                              "Parallel Aware": false,
                              "Scan Direction": "Forward",
                              "Index Name": "movie_id_movie_companies",
                              "Relation Name": "movie_companies",
                              "Alias": "mc",
                              "Startup Cost": 0.43,
                              "Total Cost": 0.54,
                              "Plan Rows": 5,
                              "Plan Width": 12,
                              "Actual Startup Time": 0.002,
                              "Actual Total Time": 0.002,
                              "Actual Rows": 1,
                              "Actual Loops": 612,
                              "Index Cond": "(movie_id = mk.movie_id)",
                              "Rows Removed by Index Recheck": 0
                            }
                          ]
                        },
                        {
                          "Node Type": "Index Scan",
                          "Parent Relationship": "Inner",
                          "Parallel Aware": false,
                          "Scan Direction": "Forward",
                          "Index Name": "company_name_pkey",
                          "Relation Name": "company_name",
                          "Alias": "cn",
                          "Startup Cost": 0.42,
                          "Total Cost": 0.45,
                          "Plan Rows": 1,
                          "Plan Width": 4,
                          "Actual Startup Time": 0.002,
                          "Actual Total Time": 0.002,
                          "Actual Rows": 1,
                          "Actual Loops": 612,
                          "Index Cond": "(id = mc.company_id)",
                          "Rows Removed by Index Recheck": 0,
                          "Filter": "((country_code)::text = '[us]'::text)",
                          "Rows Removed by Filter": 0
                        }
                      ]
                    },
                    {
                      "Node Type": "Index Only Scan",
                      "Parent Relationship": "Inner",
                      "Parallel Aware": false,
                      "Scan Direction": "Forward",
                      "Index Name": "company_type_pkey",
                      "Relation Name": "company_type",
                      "Alias": "ct",
                      "Startup Cost": 0.13,
                      "Total Cost": 0.15,
                      "Plan Rows": 1,
                      "Plan Width": 4,
                      "Actual Startup Time": 0.001,
                      "Actual Total Time": 0.001,
                      "Actual Rows": 1,
                      "Actual Loops": 612,
                      "Index Cond": "(id = mc.company_type_id)",
                      "Rows Removed by Index Recheck": 0,
                      "Heap Fetches": 612
                    }
                  ]
                },
                {
                  "Node Type": "Index Only Scan",
                  "Parent Relationship": "Inner",
                  "Parallel Aware": false,
                  "Scan Direction": "Forward",
                  "Index Name": "keyword_pkey",
                  "Relation Name": "keyword",
                  "Alias": "k",
                  "Startup Cost": 0.42,
                  "Total Cost": 0.44,
                  "Plan Rows": 1,
                  "Plan Width": 4,
                  "Actual Startup Time": 0.004,
                  "Actual Total Time": 0.004,
                  "Actual Rows": 1,
                  "Actual Loops": 612,
                  "Index Cond": "(id = mk.keyword_id)",
                  "Rows Removed by Index Recheck": 0,
                  "Heap Fetches": 612
                }
              ]
            }
          ]
        }
      ]
    },
    "Planning Time": 60.85,
    "Triggers": [],
    "Execution Time": 250.409
  }
]