{
  "Plan": {
    "Node Type": "Aggregate",
    "Strategy": "Plain",
    "Partial Mode": "Simple",
    "Parallel Aware": false,
    "Startup Cost": 1032127.97,
    "Total Cost": 1032127.98,
    "Plan Rows": 1,
    "Plan Width": 128,
    "Actual Startup Time": 7045.281,
    "Actual Total Time": 7045.62,
    "Actual Rows": 1,
    "Actual Loops": 1,
    "Plans": [
      {
        "Node Type": "Hash Join",
        "Parent Relationship": "Outer",
        "Parallel Aware": false,
        "Join Type": "Inner",
        "Startup Cost": 917870.58,
        "Total Cost": 1032127.96,
        "Plan Rows": 1,
        "Plan Width": 81,
        "Actual Startup Time": 6491.041,
        "Actual Total Time": 7045.596,
        "Actual Rows": 22,
        "Actual Loops": 1,
        "Inner Unique": false,
        "Hash Cond": "(n.id = ci.person_id)",
        "Plans": [
          {
            "Node Type": "Seq Scan",
            "Parent Relationship": "Outer",
            "Parallel Aware": false,
            "Relation Name": "name",
            "Alias": "n",
            "Startup Cost": 0.0,
            "Total Cost": 107705.21,
            "Plan Rows": 1747242,
            "Plan Width": 19,
            "Actual Startup Time": 0.052,
            "Actual Total Time": 504.237,
            "Actual Rows": 1739579,
            "Actual Loops": 1,
            "Filter": "((gender)::text = 'm'::text)",
            "Rows Removed by Filter": 2427912
          },
          {
            "Node Type": "Hash",
            "Parent Relationship": "Inner",
            "Parallel Aware": false,
            "Startup Cost": 917870.57,
            "Total Cost": 917870.57,
            "Plan Rows": 1,
            "Plan Width": 70,
            "Actual Startup Time": 6457.949,
            "Actual Total Time": 6458.286,
            "Actual Rows": 22,
            "Actual Loops": 1,
            "Hash Buckets": 1024,
            "Original Hash Buckets": 1024,
            "Hash Batches": 1,
            "Original Hash Batches": 1,
            "Peak Memory Usage": 10,
            "Plans": [
              {
                "Node Type": "Nested Loop",
                "Parent Relationship": "Outer",
                "Parallel Aware": false,
                "Join Type": "Inner",
                "Startup Cost": 414393.44,
                "Total Cost": 917870.57,
                "Plan Rows": 1,
                "Plan Width": 70,
                "Actual Startup Time": 4979.039,
                "Actual Total Time": 6458.266,
                "Actual Rows": 22,
                "Actual Loops": 1,
                "Inner Unique": true,
                "Plans": [
                  {
                    "Node Type": "Nested Loop",
                    "Parent Relationship": "Outer",
                    "Parallel Aware": false,
                    "Join Type": "Inner",
                    "Startup Cost": 414393.02,
                    "Total Cost": 917869.23,
                    "Plan Rows": 1,
                    "Plan Width": 74,
                    "Actual Startup Time": 4977.618,
                    "Actual Total Time": 6458.138,
                    "Actual Rows": 34,
                    "Actual Loops": 1,
                    "Inner Unique": true,
                    "Plans": [
                      {
                        "Node Type": "Nested Loop",
                        "Parent Relationship": "Outer",
                        "Parallel Aware": false,
                        "Join Type": "Inner",
                        "Startup Cost": 414392.6,
                        "Total Cost": 917868.78,
                        "Plan Rows": 1,
                        "Plan Width": 78,
                        "Actual Startup Time": 4977.504,
                        "Actual Total Time": 6456.047,
                        "Actual Rows": 808,
                        "Actual Loops": 1,
                        "Inner Unique": false,
                        "Join Filter": "(t.id = mc.movie_id)",
                        "Rows Removed by Join Filter": 19524468,
                        "Plans": [
                          {
                            "Node Type": "Gather",
                            "Parent Relationship": "Outer",
                            "Parallel Aware": false,
                            "Startup Cost": 1000.0,
                            "Total Cost": 32181.88,
                            "Plan Rows": 18712,
                            "Plan Width": 8,
                            "Actual Startup Time": 1.633,
                            "Actual Total Time": 2.869,
                            "Actual Rows": 7963,
                            "Actual Loops": 1,
                            "Workers Planned": 3,
                            "Workers Launched": 3,
                            "Single Copy": false,
                            "Plans": [
                              {
                                "Node Type": "Seq Scan",
                                "Parent Relationship": "Outer",
                                "Parallel Aware": true,
                                "Relation Name": "movie_companies",
                                "Alias": "mc",
                                "Startup Cost": 0.0,
                                "Total Cost": 29310.68,
                                "Plan Rows": 6036,
                                "Plan Width": 8,
                                "Actual Startup Time": 1.455,
                                "Actual Total Time": 168.729,
                                "Actual Rows": 1991,
                                "Actual Loops": 4,
                                "Filter": "(note ~~ '%(Blu-ray)%'::text)",
                                "Rows Removed by Filter": 650292
                              }
                            ]
                          },
                          {
                            "Node Type": "Materialize",
                            "Parent Relationship": "Inner",
                            "Parallel Aware": false,
                            "Startup Cost": 413392.6,
                            "Total Cost": 885406.22,
                            "Plan Rows": 1,
                            "Plan Width": 94,
                            "Actual Startup Time": 0.492,
                            "Actual Total Time": 0.64,
                            "Actual Rows": 2452,
                            "Actual Loops": 7963,
                            "Plans": [
                              {
                                "Node Type": "Hash Join",
                                "Parent Relationship": "Outer",
                                "Parallel Aware": false,
                                "Join Type": "Inner",
                                "Startup Cost": 413392.6,
                                "Total Cost": 885406.21,
                                "Plan Rows": 1,
                                "Plan Width": 94,
                                "Actual Startup Time": 3915.861,
                                "Actual Total Time": 4466.978,
                                "Actual Rows": 2452,
                                "Actual Loops": 1,
                                "Inner Unique": false,
                                "Hash Cond": "(ci.movie_id = t.id)",
                                "Plans": [
                                  {
                                    "Node Type": "Gather",
                                    "Parent Relationship": "Outer",
                                    "Parallel Aware": false,
                                    "Startup Cost": 1000.0,
                                    "Total Cost": 468635.47,
                                    "Plan Rows": 1167502,
                                    "Plan Width": 8,
                                    "Actual Startup Time": 181.205,
                                    "Actual Total Time": 693.262,
                                    "Actual Rows": 1244716,
                                    "Actual Loops": 1,
                                    "Workers Planned": 6,
                                    "Workers Launched": 4,
                                    "Single Copy": false,
                                    "Plans": [
                                      {
                                        "Node Type": "Seq Scan",
                                        "Parent Relationship": "Outer",
                                        "Parallel Aware": true,
                                        "Relation Name": "cast_info",
                                        "Alias": "ci",
                                        "Startup Cost": 0.0,
                                        "Total Cost": 350885.27,
                                        "Plan Rows": 194584,
                                        "Plan Width": 8,
                                        "Actual Startup Time": 156.309,
                                        "Actual Total Time": 1400.795,
                                        "Actual Rows": 248943,
                                        "Actual Loops": 5,
                                        "Filter": "(note = ANY ('{(writer),\"(head writer)\",\"(written by)\",(story),\"(story editor)\"}'::text[]))",
                                        "Rows Removed by Filter": 6999926
                                      }
                                    ]
                                  },
                                  {
                                    "Node Type": "Hash",
                                    "Parent Relationship": "Inner",
                                    "Parallel Aware": false,
                                    "Startup Cost": 412392.58,
                                    "Total Cost": 412392.58,
                                    "Plan Rows": 1,
                                    "Plan Width": 86,
                                    "Actual Startup Time": 3696.46,
                                    "Actual Total Time": 3696.581,
                                    "Actual Rows": 1705,
                                    "Actual Loops": 1,
                                    "Hash Buckets": 2048,
                                    "Original Hash Buckets": 1024,
                                    "Hash Batches": 1,
                                    "Original Hash Batches": 1,
                                    "Peak Memory Usage": 179,
                                    "Plans": [
                                      {
                                        "Node Type": "Nested Loop",
                                        "Parent Relationship": "Outer",
                                        "Parallel Aware": false,
                                        "Join Type": "Inner",
                                        "Startup Cost": 412258.32,
                                        "Total Cost": 412392.58,
                                        "Plan Rows": 1,
                                        "Plan Width": 86,
                                        "Actual Startup Time": 3609.237,
                                        "Actual Total Time": 3696.095,
                                        "Actual Rows": 1705,
                                        "Actual Loops": 1,
                                        "Inner Unique": true,
                                        "Join Filter": "(mi_idx.info_type_id = it2.id)",
                                        "Rows Removed by Join Filter": 3410,
                                        "Plans": [
                                          {
                                            "Node Type": "Nested Loop",
                                            "Parent Relationship": "Outer",
                                            "Parallel Aware": false,
                                            "Join Type": "Inner",
                                            "Startup Cost": 412258.32,
                                            "Total Cost": 412388.22,
                                            "Plan Rows": 130,
                                            "Plan Width": 90,
                                            "Actual Startup Time": 3609.21,
                                            "Actual Total Time": 3695.041,
                                            "Actual Rows": 5115,
                                            "Actual Loops": 1,
                                            "Inner Unique": false,
                                            "Join Filter": "(t.id = mi_idx.movie_id)",
                                            "Rows Removed by Join Filter": 0,
                                            "Plans": [
                                              {
                                                "Node Type": "Merge Join",
                                                "Parent Relationship": "Outer",
                                                "Parallel Aware": false,
                                                "Join Type": "Inner",
                                                "Startup Cost": 412257.89,
                                                "Total Cost": 412365.96,
                                                "Plan Rows": 42,
                                                "Plan Width": 76,
                                                "Actual Startup Time": 3609.088,
                                                "Actual Total Time": 3691.245,
                                                "Actual Rows": 1705,
                                                "Actual Loops": 1,
                                                "Inner Unique": false,
                                                "Merge Cond": "(t.id = mi.movie_id)",
                                                "Plans": [
                                                  {
                                                    "Node Type": "Sort",
                                                    "Parent Relationship": "Outer",
                                                    "Parallel Aware": false,
                                                    "Startup Cost": 51958.2,
                                                    "Total Cost": 51992.54,
                                                    "Plan Rows": 13736,
                                                    "Plan Width": 21,
                                                    "Actual Startup Time": 723.48,
                                                    "Actual Total Time": 723.564,
                                                    "Actual Rows": 295,
                                                    "Actual Loops": 1,
                                                    "Sort Key": [
                                                      "t.id"
                                                    ],
                                                    "Sort Method": "quicksort",
                                                    "Sort Space Used": 48,
                                                    "Sort Space Type": "Memory",
                                                    "Plans": [
                                                      {
                                                        "Node Type": "Gather",
                                                        "Parent Relationship": "Outer",
                                                        "Parallel Aware": false,
                                                        "Startup Cost": 1000.0,
                                                        "Total Cost": 51014.14,
                                                        "Plan Rows": 13736,
                                                        "Plan Width": 21,
                                                        "Actual Startup Time": 4.187,
                                                        "Actual Total Time": 722.993,
                                                        "Actual Rows": 295,
                                                        "Actual Loops": 1,
                                                        "Workers Planned": 4,
                                                        "Workers Launched": 0,
                                                        "Single Copy": false,
                                                        "Plans": [
                                                          {
                                                            "Node Type": "Seq Scan",
                                                            "Parent Relationship": "Outer",
                                                            "Parallel Aware": true,
                                                            "Relation Name": "title",
                                                            "Alias": "t",
                                                            "Startup Cost": 0.0,
                                                            "Total Cost": 48640.54,
                                                            "Plan Rows": 3434,
                                                            "Plan Width": 21,
                                                            "Actual Startup Time": 3.62,
                                                            "Actual Total Time": 722.263,
                                                            "Actual Rows": 295,
                                                            "Actual Loops": 1,
                                                            "Filter": "((production_year < 2006) AND ((title ~~ '%Freddy%'::text) OR (title ~~ '%Jason%'::text) OR (title ~~ 'Saw%'::text)))",
                                                            "Rows Removed by Filter": 2528017
                                                          }
                                                        ]
                                                      }
                                                    ]
                                                  },
                                                  {
                                                    "Node Type": "Sort",
                                                    "Parent Relationship": "Inner",
                                                    "Parallel Aware": false,
                                                    "Startup Cost": 360299.69,
                                                    "Total Cost": 360319.21,
                                                    "Plan Rows": 7807,
                                                    "Plan Width": 55,
                                                    "Actual Startup Time": 2885.078,
                                                    "Actual Total Time": 2919.763,
                                                    "Actual Rows": 940936,
                                                    "Actual Loops": 1,
                                                    "Sort Key": [
                                                      "mi.movie_id"
                                                    ],
                                                    "Sort Method": "quicksort",
                                                    "Sort Space Used": 98204,
                                                    "Sort Space Type": "Memory",
                                                    "Plans": [
                                                      {
                                                        "Node Type": "Nested Loop",
                                                        "Parent Relationship": "Outer",
                                                        "Parallel Aware": false,
                                                        "Join Type": "Inner",
                                                        "Startup Cost": 1000.43,
                                                        "Total Cost": 359794.95,
                                                        "Plan Rows": 7807,
                                                        "Plan Width": 55,
                                                        "Actual Startup Time": 1874.032,
                                                        "Actual Total Time": 2649.152,
                                                        "Actual Rows": 942436,
                                                        "Actual Loops": 1,
                                                        "Inner Unique": false,
                                                        "Join Filter": "(mi.info_type_id = it1.id)",
                                                        "Rows Removed by Join Filter": 74578,
                                                        "Plans": [
                                                          {
                                                            "Node Type": "Seq Scan",
                                                            "Parent Relationship": "Outer",
                                                            "Parallel Aware": false,
                                                            "Relation Name": "info_type",
                                                            "Alias": "it1",
                                                            "Startup Cost": 0.0,
                                                            "Total Cost": 2.41,
                                                            "Plan Rows": 1,
                                                            "Plan Width": 4,
                                                            "Actual Startup Time": 0.022,
                                                            "Actual Total Time": 0.03,
                                                            "Actual Rows": 1,
                                                            "Actual Loops": 1,
                                                            "Filter": "((info)::text = 'genres'::text)",
                                                            "Rows Removed by Filter": 112
                                                          },
                                                          {
                                                            "Node Type": "Gather",
                                                            "Parent Relationship": "Inner",
                                                            "Parallel Aware": false,
                                                            "Startup Cost": 1000.43,
                                                            "Total Cost": 348769.11,
                                                            "Plan Rows": 881874,
                                                            "Plan Width": 59,
                                                            "Actual Startup Time": 1444.959,
                                                            "Actual Total Time": 2564.576,
                                                            "Actual Rows": 1017014,
                                                            "Actual Loops": 1,
                                                            "Workers Planned": 5,
                                                            "Workers Launched": 0,
                                                            "Single Copy": false,
                                                            "Plans": [
                                                              {
                                                                "Node Type": "Nested Loop",
                                                                "Parent Relationship": "Outer",
                                                                "Parallel Aware": false,
                                                                "Join Type": "Inner",
                                                                "Startup Cost": 0.43,
                                                                "Total Cost": 259581.71,
                                                                "Plan Rows": 176375,
                                                                "Plan Width": 59,
                                                                "Actual Startup Time": 1444.418,
                                                                "Actual Total Time": 2505.395,
                                                                "Actual Rows": 1017014,
                                                                "Actual Loops": 1,
                                                                "Inner Unique": false,
                                                                "Plans": [
                                                                  {
                                                                    "Node Type": "Seq Scan",
                                                                    "Parent Relationship": "Outer",
                                                                    "Parallel Aware": true,
                                                                    "Relation Name": "movie_info",
                                                                    "Alias": "mi",
                                                                    "Startup Cost": 0.0,
                                                                    "Total Cost": 199164.27,
                                                                    "Plan Rows": 14076,
                                                                    "Plan Width": 51,
                                                                    "Actual Startup Time": 1444.34,
                                                                    "Actual Total Time": 2016.832,
                                                                    "Actual Rows": 73047,
                                                                    "Actual Loops": 1,
                                                                    "Filter": "(info = ANY ('{Horror,Thriller}'::text[]))",
                                                                    "Rows Removed by Filter": 14762673
                                                                  },
                                                                  {
                                                                    "Node Type": "Index Scan",
                                                                    "Parent Relationship": "Inner",
                                                                    "Parallel Aware": false,
                                                                    "Scan Direction": "Forward",
                                                                    "Index Name": "movie_id_movie_keyword",
                                                                    "Relation Name": "movie_keyword",
                                                                    "Alias": "mk",
                                                                    "Startup Cost": 0.43,
                                                                    "Total Cost": 3.83,
                                                                    "Plan Rows": 46,
                                                                    "Plan Width": 8,
                                                                    "Actual Startup Time": 0.004,
                                                                    "Actual Total Time": 0.005,
                                                                    "Actual Rows": 14,
                                                                    "Actual Loops": 73047,
                                                                    "Index Cond": "(movie_id = mi.movie_id)",
                                                                    "Rows Removed by Index Recheck": 0
                                                                  }
                                                                ]
                                                              }
                                                            ]
                                                          }
                                                        ]
                                                      }
                                                    ]
                                                  }
                                                ]
                                              },
                                              {
                                                "Node Type": "Index Scan",
                                                "Parent Relationship": "Inner",
                                                "Parallel Aware": false,
                                                "Scan Direction": "Forward",
                                                "Index Name": "movie_id_movie_info_idx",
                                                "Relation Name": "movie_info_idx",
                                                "Alias": "mi_idx",
                                                "Startup Cost": 0.43,
                                                "Total Cost": 0.49,
                                                "Plan Rows": 3,
                                                "Plan Width": 14,
                                                "Actual Startup Time": 0.001,
                                                "Actual Total Time": 0.002,
                                                "Actual Rows": 3,
                                                "Actual Loops": 1705,
                                                "Index Cond": "(movie_id = mk.movie_id)",
                                                "Rows Removed by Index Recheck": 0
                                              }
                                            ]
                                          },
                                          {
                                            "Node Type": "Materialize",
                                            "Parent Relationship": "Inner",
                                            "Parallel Aware": false,
                                            "Startup Cost": 0.0,
                                            "Total Cost": 2.42,
                                            "Plan Rows": 1,
                                            "Plan Width": 4,
                                            "Actual Startup Time": 0.0,
                                            "Actual Total Time": 0.0,
                                            "Actual Rows": 1,
                                            "Actual Loops": 5115,
                                            "Plans": [
                                              {
                                                "Node Type": "Seq Scan",
                                                "Parent Relationship": "Outer",
                                                "Parallel Aware": false,
                                                "Relation Name": "info_type",
                                                "Alias": "it2",
                                                "Startup Cost": 0.0,
                                                "Total Cost": 2.41,
                                                "Plan Rows": 1,
                                                "Plan Width": 4,
                                                "Actual Startup Time": 0.017,
                                                "Actual Total Time": 0.018,
                                                "Actual Rows": 1,
                                                "Actual Loops": 1,
                                                "Filter": "((info)::text = 'votes'::text)",
                                                "Rows Removed by Filter": 112
                                              }
                                            ]
                                          }
                                        ]
                                      }
                                    ]
                                  }
                                ]
                              }
                            ]
                          }
                        ]
                      },
                      {
                        "Node Type": "Index Scan",
                        "Parent Relationship": "Inner",
                        "Parallel Aware": false,
                        "Scan Direction": "Forward",
                        "Index Name": "keyword_pkey",
                        "Relation Name": "keyword",
                        "Alias": "k",
                        "Startup Cost": 0.42,
                        "Total Cost": 0.45,
                        "Plan Rows": 1,
                        "Plan Width": 4,
                        "Actual Startup Time": 0.002,
                        "Actual Total Time": 0.002,
                        "Actual Rows": 0,
                        "Actual Loops": 808,
                        "Index Cond": "(id = mk.keyword_id)",
                        "Rows Removed by Index Recheck": 0,
                        "Filter": "(keyword = ANY ('{murder,violence,blood,gore,death,female-nudity,hospital}'::text[]))",
                        "Rows Removed by Filter": 1
                      }
                    ]
                  },
                  {
                    "Node Type": "Index Scan",
                    "Parent Relationship": "Inner",
                    "Parallel Aware": false,
                    "Scan Direction": "Forward",
                    "Index Name": "company_name_pkey",
                    "Relation Name": "company_name",
                    "Alias": "cn",
                    "Startup Cost": 0.42,
                    "Total Cost": 1.27,
                    "Plan Rows": 1,
                    "Plan Width": 4,
                    "Actual Startup Time": 0.003,
                    "Actual Total Time": 0.003,
                    "Actual Rows": 1,
                    "Actual Loops": 34,
                    "Index Cond": "(id = mc.company_id)",
                    "Rows Removed by Index Recheck": 0,
                    "Filter": "(name ~~ 'Lionsgate%'::text)",
                    "Rows Removed by Filter": 0
                  }
                ]
              }
            ]
          }
        ]
      }
    ]
  },
  "Planning Time": 61.222,
  "Triggers": [],
  "Execution Time": 7055.049
}