[
    {
        "Bao": {
            "Bao prediction": "NaN",
            "Bao recommended hint": "(no hint)"
        }
    },
    {
        "Plan": {
            "Node Type": "Aggregate",
            "Strategy": "Plain",
            "Partial Mode": "Simple",
            "Parallel Aware": false,
            "Startup Cost": 22592.04,
            "Total Cost": 22592.05,
            "Plan Rows": 1,
            "Plan Width": 8,
            "Actual Startup Time": 35.434,
            "Actual Total Time": 35.435,
            "Actual Rows": 1,
            "Actual Loops": 1,
            "Output": [
                "count(*)"
            ],
            "Plans": [
                {
                    "Node Type": "Bitmap Heap Scan",
                    "Parent Relationship": "Outer",
                    "Parallel Aware": false,
                    "Relation Name": "movie_companies",
                    "Schema": "public",
                    "Alias": "mc",
                    "Startup Cost": 2247.57,
                    "Total Cost": 22332.96,
                    "Plan Rows": 103631,
                    "Plan Width": 0,
                    "Actual Startup Time": 8.351,
                    "Actual Total Time": 29.353,
                    "Actual Rows": 105909,
                    "Actual Loops": 1,
                    "Recheck Cond": "(mc.company_id > 154162)",
                    "Rows Removed by Index Recheck": 0,
                    "Exact Heap Blocks": 3260,
                    "Lossy Heap Blocks": 0,
                    "Plans": [
                        {
                            "Node Type": "Bitmap Index Scan",
                            "Parent Relationship": "Outer",
                            "Parallel Aware": false,
                            "Index Name": "company_id_movie_companies",
                            "Startup Cost": 0.0,
                            "Total Cost": 2221.66,
                            "Plan Rows": 103631,
                            "Plan Width": 0,
                            "Actual Startup Time": 7.591,
                            "Actual Total Time": 7.591,
                            "Actual Rows": 105909,
                            "Actual Loops": 1,
                            "Index Cond": "(mc.company_id > 154162)"
                        }
                    ]
                }
            ]
        },
        "Planning Time": 221.241,
        "Triggers": [],
        "Execution Time": 35.485
    }
]