[
  {
    "Plan": {
      "Node Type": "Aggregate",
      "Strategy": "Plain",
      "Partial Mode": "Finalize",
      "Parallel Aware": false,
      "Startup Cost": 246865.47,
      "Total Cost": 246865.48,
      "Plan Rows": 1,
      "Plan Width": 8,
      "Actual Startup Time": 596.9,
      "Actual Total Time": 645.892,
      "Actual Rows": 1,
      "Actual Loops": 1,
      "Plans": [
        {
          "Node Type": "Gather",
          "Parent Relationship": "Outer",
          "Parallel Aware": false,
          "Startup Cost": 246864.95,
          "Total Cost": 246865.46,
          "Plan Rows": 5,
          "Plan Width": 8,
          "Actual Startup Time": 594.706,
          "Actual Total Time": 645.878,
          "Actual Rows": 6,
          "Actual Loops": 1,
          "Workers Planned": 5,
          "Workers Launched": 5,
          "Single Copy": false,
          "Plans": [
            {
              "Node Type": "Aggregate",
              "Strategy": "Plain",
              "Partial Mode": "Partial",
              "Parent Relationship": "Outer",
              "Parallel Aware": false,
              "Startup Cost": 245864.95,
              "Total Cost": 245864.96,
              "Plan Rows": 1,
              "Plan Width": 8,
              "Actual Startup Time": 588.095,
              "Actual Total Time": 588.098,
              "Actual Rows": 1,
              "Actual Loops": 6,
              "Plans": [
                {
                  "Node Type": "Hash Join",
                  "Parent Relationship": "Outer",
                  "Parallel Aware": true,
                  "Join Type": "Inner",
                  "Startup Cost": 44646.07,
                  "Total Cost": 245690.66,
                  "Plan Rows": 69715,
                  "Plan Width": 0,
                  "Actual Startup Time": 135.506,
                  "Actual Total Time": 582.059,
                  "Actual Rows": 105301,
                  "Actual Loops": 6,
                  "Inner Unique": true,
                  "Hash Cond": "(mi.movie_id = t.id)",
                  "Plans": [
                    {
                      "Node Type": "Seq Scan",
                      "Parent Relationship": "Outer",
                      "Parallel Aware": true,
                      "Relation Name": "movie_info",
                      "Alias": "mi",
                      "Startup Cost": 0.0,
                      "Total Cost": 199108.24,
                      "Plan Rows": 737655,
                      "Plan Width": 4,
                      "Actual Startup Time": 34.39,
                      "Actual Total Time": 366.172,
                      "Actual Rows": 604163,
                      "Actual Loops": 6,
                      "Filter": "(info_type_id < 4)",
                      "Rows Removed by Filter": 1868457
                    },
                    {
                      "Node Type": "Hash",
                      "Parent Relationship": "Inner",
                      "Parallel Aware": true,
                      "Startup Cost": 43899.32,
                      "Total Cost": 43899.32,
                      "Plan Rows": 59740,
                      "Plan Width": 4,
                      "Actual Startup Time": 99.322,
                      "Actual Total Time": 99.323,
                      "Actual Rows": 42087,
                      "Actual Loops": 6,
                      "Hash Buckets": 262144,
                      "Original Hash Buckets": 262144,
                      "Hash Batches": 1,
                      "Original Hash Batches": 1,
                      "Peak Memory Usage": 12032,
                      "Plans": [
                        {
                          "Node Type": "Seq Scan",
                          "Parent Relationship": "Outer",
                          "Parallel Aware": true,
                          "Relation Name": "title",
                          "Alias": "t",
                          "Startup Cost": 0.0,
                          "Total Cost": 43899.32,
                          "Plan Rows": 59740,
                          "Plan Width": 4,
                          "Actual Startup Time": 0.037,
                          "Actual Total Time": 81.567,
                          "Actual Rows": 42087,
                          "Actual Loops": 6,
                          "Filter": "(production_year < 1961)",
                          "Rows Removed by Filter": 379298
                        }
                      ]
                    }
                  ]
                }
              ]
            }
          ]
        }
      ]
    },
    "Planning Time": 0.273,
    "Triggers": [],
    "Execution Time": 645.948
  }
]