[
  {
    "Plan": {
      "Node Type": "Aggregate",
      "Strategy": "Plain",
      "Partial Mode": "Finalize",
      "Parallel Aware": false,
      "Startup Cost": 45466.6,
      "Total Cost": 45466.61,
      "Plan Rows": 1,
      "Plan Width": 8,
      "Actual Startup Time": 118.621,
      "Actual Total Time": 131.117,
      "Actual Rows": 1,
      "Actual Loops": 1,
      "Plans": [
        {
          "Node Type": "Gather",
          "Parent Relationship": "Outer",
          "Parallel Aware": false,
          "Startup Cost": 45466.18,
          "Total Cost": 45466.59,
          "Plan Rows": 4,
          "Plan Width": 8,
          "Actual Startup Time": 118.42,
          "Actual Total Time": 131.105,
          "Actual Rows": 5,
          "Actual Loops": 1,
          "Workers Planned": 4,
          "Workers Launched": 4,
          "Single Copy": false,
          "Plans": [
            {
              "Node Type": "Aggregate",
              "Strategy": "Plain",
              "Partial Mode": "Partial",
              "Parent Relationship": "Outer",
              "Parallel Aware": false,
              "Startup Cost": 44466.18,
              "Total Cost": 44466.19,
              "Plan Rows": 1,
              "Plan Width": 8,
              "Actual Startup Time": 111.837,
              "Actual Total Time": 111.839,
              "Actual Rows": 1,
              "Actual Loops": 5,
              "Plans": [
                {
                  "Node Type": "Seq Scan",
                  "Parent Relationship": "Outer",
                  "Parallel Aware": true,
                  "Relation Name": "title",
                  "Alias": "t",
                  "Startup Cost": 0.0,
                  "Total Cost": 43899.32,
                  "Plan Rows": 226744,
                  "Plan Width": 0,
                  "Actual Startup Time": 0.038,
                  "Actual Total Time": 100.071,
                  "Actual Rows": 184921,
                  "Actual Loops": 5,
                  "Filter": "(production_year < 1998)",
                  "Rows Removed by Filter": 320741
                }
              ]
            }
          ]
        }
      ]
    },
    "Planning Time": 0.086,
    "Triggers": [],
    "Execution Time": 131.153
  }
]