[
  {
    "Plan": {
      "Node Type": "Aggregate",
      "Strategy": "Plain",
      "Partial Mode": "Finalize",
      "Parallel Aware": false,
      "Startup Cost": 226645.61,
      "Total Cost": 226645.62,
      "Plan Rows": 1,
      "Plan Width": 8,
      "Actual Startup Time": 208.908,
      "Actual Total Time": 219.654,
      "Actual Rows": 1,
      "Actual Loops": 1,
      "Plans": [
        {
          "Node Type": "Gather",
          "Parent Relationship": "Outer",
          "Parallel Aware": false,
          "Startup Cost": 226645.09,
          "Total Cost": 226645.6,
          "Plan Rows": 5,
          "Plan Width": 8,
          "Actual Startup Time": 206.524,
          "Actual Total Time": 219.646,
          "Actual Rows": 6,
          "Actual Loops": 1,
          "Workers Planned": 5,
          "Workers Launched": 5,
          "Single Copy": false,
          "Plans": [
            {
              "Node Type": "Aggregate",
              "Strategy": "Plain",
              "Partial Mode": "Partial",
              "Parent Relationship": "Outer",
              "Parallel Aware": false,
              "Startup Cost": 225645.09,
              "Total Cost": 225645.1,
              "Plan Rows": 1,
              "Plan Width": 8,
              "Actual Startup Time": 200.249,
              "Actual Total Time": 200.252,
              "Actual Rows": 1,
              "Actual Loops": 6,
              "Plans": [
                {
                  "Node Type": "Hash Join",
                  "Parent Relationship": "Outer",
                  "Parallel Aware": true,
                  "Join Type": "Inner",
                  "Startup Cost": 61116.63,
                  "Total Cost": 225608.11,
                  "Plan Rows": 14793,
                  "Plan Width": 0,
                  "Actual Startup Time": 161.692,
                  "Actual Total Time": 198.4,
                  "Actual Rows": 31282,
                  "Actual Loops": 6,
                  "Inner Unique": true,
                  "Hash Cond": "(mi.movie_id = t.id)",
                  "Plans": [
                    {
                      "Node Type": "Bitmap Heap Scan",
                      "Parent Relationship": "Outer",
                      "Parallel Aware": true,
                      "Relation Name": "movie_info",
                      "Alias": "mi",
                      "Startup Cost": 14929.49,
                      "Total Cost": 178987.34,
                      "Plan Rows": 165188,
                      "Plan Width": 4,
                      "Actual Startup Time": 36.084,
                      "Actual Total Time": 57.225,
                      "Actual Rows": 133690,
                      "Actual Loops": 6,
                      "Recheck Cond": "(info_type_id < 2)",
                      "Rows Removed by Index Recheck": 0,
                      "Exact Heap Blocks": 1175,
                      "Lossy Heap Blocks": 0,
                      "Plans": [
                        {
                          "Node Type": "Bitmap Index Scan",
                          "Parent Relationship": "Outer",
                          "Parallel Aware": false,
                          "Index Name": "info_type_id_movie_info",
                          "Startup Cost": 0.0,
                          "Total Cost": 14723.0,
                          "Plan Rows": 825942,
                          "Plan Width": 0,
                          "Actual Startup Time": 35.176,
                          "Actual Total Time": 35.177,
                          "Actual Rows": 802140,
                          "Actual Loops": 1,
                          "Index Cond": "(info_type_id < 2)"
                        }
                      ]
                    },
                    {
                      "Node Type": "Hash",
                      "Parent Relationship": "Inner",
                      "Parallel Aware": true,
                      "Startup Cost": 45479.59,
                      "Total Cost": 45479.59,
                      "Plan Rows": 56605,
                      "Plan Width": 4,
                      "Actual Startup Time": 102.865,
                      "Actual Total Time": 102.866,
                      "Actual Rows": 58846,
                      "Actual Loops": 6,
                      "Hash Buckets": 524288,
                      "Original Hash Buckets": 262144,
                      "Hash Batches": 1,
                      "Original Hash Batches": 1,
                      "Peak Memory Usage": 20032,
                      "Plans": [
                        {
                          "Node Type": "Seq Scan",
                          "Parent Relationship": "Outer",
                          "Parallel Aware": true,
                          "Relation Name": "title",
                          "Alias": "t",
                          "Startup Cost": 0.0,
                          "Total Cost": 45479.59,
                          "Plan Rows": 56605,
                          "Plan Width": 4,
                          "Actual Startup Time": 42.718,
                          "Actual Total Time": 76.298,
                          "Actual Rows": 58846,
                          "Actual Loops": 6,
                          "Filter": "((production_year < 1997) AND (kind_id = 1))",
                          "Rows Removed by Filter": 362540
                        }
                      ]
                    }
                  ]
                }
              ]
            }
          ]
        }
      ]
    },
    "Planning Time": 0.606,
    "Triggers": [],
    "Execution Time": 219.733
  }
]