[
  {
    "Plan": {
      "Node Type": "Aggregate",
      "Strategy": "Plain",
      "Partial Mode": "Finalize",
      "Parallel Aware": false,
      "Startup Cost": 347055.82,
      "Total Cost": 347055.83,
      "Plan Rows": 1,
      "Plan Width": 8,
      "Actual Startup Time": 545.346,
      "Actual Total Time": 566.339,
      "Actual Rows": 1,
      "Actual Loops": 1,
      "Plans": [
        {
          "Node Type": "Gather",
          "Parent Relationship": "Outer",
          "Parallel Aware": false,
          "Startup Cost": 347055.2,
          "Total Cost": 347055.81,
          "Plan Rows": 6,
          "Plan Width": 8,
          "Actual Startup Time": 523.44,
          "Actual Total Time": 566.329,
          "Actual Rows": 7,
          "Actual Loops": 1,
          "Workers Planned": 6,
          "Workers Launched": 6,
          "Single Copy": false,
          "Plans": [
            {
              "Node Type": "Aggregate",
              "Strategy": "Plain",
              "Partial Mode": "Partial",
              "Parent Relationship": "Outer",
              "Parallel Aware": false,
              "Startup Cost": 346055.2,
              "Total Cost": 346055.21,
              "Plan Rows": 1,
              "Plan Width": 8,
              "Actual Startup Time": 500.959,
              "Actual Total Time": 500.962,
              "Actual Rows": 1,
              "Actual Loops": 7,
              "Plans": [
                {
                  "Node Type": "Hash Join",
                  "Parent Relationship": "Outer",
                  "Parallel Aware": true,
                  "Join Type": "Inner",
                  "Startup Cost": 88303.19,
                  "Total Cost": 345336.76,
                  "Plan Rows": 287376,
                  "Plan Width": 0,
                  "Actual Startup Time": 313.781,
                  "Actual Total Time": 489.454,
                  "Actual Rows": 238899,
                  "Actual Loops": 7,
                  "Inner Unique": true,
                  "Hash Cond": "(ci.movie_id = t.id)",
                  "Plans": [
                    {
                      "Node Type": "Bitmap Heap Scan",
                      "Parent Relationship": "Outer",
                      "Parallel Aware": true,
                      "Relation Name": "cast_info",
                      "Alias": "ci",
                      "Startup Cost": 38083.55,
                      "Total Cost": 294362.75,
                      "Plan Rows": 287376,
                      "Plan Width": 4,
                      "Actual Startup Time": 59.568,
                      "Actual Total Time": 112.054,
                      "Actual Rows": 238899,
                      "Actual Loops": 7,
                      "Recheck Cond": "(person_id > 3730538)",
                      "Rows Removed by Index Recheck": 0,
                      "Exact Heap Blocks": 4032,
                      "Lossy Heap Blocks": 0,
                      "Plans": [
                        {
                          "Node Type": "Bitmap Index Scan",
                          "Parent Relationship": "Outer",
                          "Parallel Aware": false,
                          "Index Name": "person_id_cast_info",
                          "Startup Cost": 0.0,
                          "Total Cost": 37652.49,
                          "Plan Rows": 1724256,
                          "Plan Width": 0,
                          "Actual Startup Time": 55.679,
                          "Actual Total Time": 55.679,
                          "Actual Rows": 1672296,
                          "Actual Loops": 1,
                          "Index Cond": "(person_id > 3730538)"
                        }
                      ]
                    },
                    {
                      "Node Type": "Hash",
                      "Parent Relationship": "Inner",
                      "Parallel Aware": true,
                      "Startup Cost": 42318.73,
                      "Total Cost": 42318.73,
                      "Plan Rows": 632073,
                      "Plan Width": 4,
                      "Actual Startup Time": 247.478,
                      "Actual Total Time": 247.479,
                      "Actual Rows": 361187,
                      "Actual Loops": 7,
                      "Hash Buckets": 4194304,
                      "Original Hash Buckets": 4194304,
                      "Hash Batches": 1,
                      "Original Hash Batches": 1,
                      "Peak Memory Usage": 131808,
                      "Plans": [
                        {
                          "Node Type": "Seq Scan",
                          "Parent Relationship": "Outer",
                          "Parallel Aware": true,
                          "Relation Name": "title",
                          "Alias": "t",
                          "Startup Cost": 0.0,
                          "Total Cost": 42318.73,
                          "Plan Rows": 632073,
                          "Plan Width": 4,
                          "Actual Startup Time": 0.038,
                          "Actual Total Time": 71.874,
                          "Actual Rows": 361187,
                          "Actual Loops": 7
                        }
                      ]
                    }
                  ]
                }
              ]
            }
          ]
        }
      ]
    },
    "Planning Time": 0.61,
    "Triggers": [],
    "Execution Time": 566.424
  }
]