{
  "Plan": {
    "Node Type": "Aggregate",
    "Strategy": "Plain",
    "Partial Mode": "Finalize",
    "Parallel Aware": false,
    "Startup Cost": 101625.16,
    "Total Cost": 101625.17,
    "Plan Rows": 1,
    "Plan Width": 8,
    "Actual Startup Time": 403.045,
    "Actual Total Time": 418.926,
    "Actual Rows": 1,
    "Actual Loops": 1,
    "Plans": [
      {
        "Node Type": "Gather",
        "Parent Relationship": "Outer",
        "Parallel Aware": false,
        "Startup Cost": 101625.05,
        "Total Cost": 101625.16,
        "Plan Rows": 1,
        "Plan Width": 8,
        "Actual Startup Time": 402.784,
        "Actual Total Time": 418.918,
        "Actual Rows": 2,
        "Actual Loops": 1,
        "Workers Planned": 1,
        "Workers Launched": 1,
        "Single Copy": false,
        "Plans": [
          {
            "Node Type": "Aggregate",
            "Strategy": "Plain",
            "Partial Mode": "Partial",
            "Parent Relationship": "Outer",
            "Parallel Aware": false,
            "Startup Cost": 100625.05,
            "Total Cost": 100625.06,
            "Plan Rows": 1,
            "Plan Width": 8,
            "Actual Startup Time": 396.755,
            "Actual Total Time": 396.758,
            "Actual Rows": 1,
            "Actual Loops": 2,
            "Plans": [
              {
                "Node Type": "Hash Join",
                "Parent Relationship": "Outer",
                "Parallel Aware": true,
                "Join Type": "Inner",
                "Startup Cost": 58913.07,
                "Total Cost": 100512.41,
                "Plan Rows": 45054,
                "Plan Width": 0,
                "Actual Startup Time": 164.778,
                "Actual Total Time": 395.332,
                "Actual Rows": 29206,
                "Actual Loops": 2,
                "Inner Unique": true,
                "Hash Cond": "(mc.movie_id = t.id)",
                "Plans": [
                  {
                    "Node Type": "Seq Scan",
                    "Parent Relationship": "Outer",
                    "Parallel Aware": true,
                    "Relation Name": "movie_companies",
                    "Alias": "mc",
                    "Startup Cost": 0.0,
                    "Total Cost": 37974.77,
                    "Plan Rows": 1380785,
                    "Plan Width": 4,
                    "Actual Startup Time": 0.015,
                    "Actual Total Time": 122.719,
                    "Actual Rows": 1174672,
                    "Actual Loops": 2,
                    "Filter": "(company_id < 99434)",
                    "Rows Removed by Filter": 129892
                  },
                  {
                    "Node Type": "Hash",
                    "Parent Relationship": "Inner",
                    "Parallel Aware": true,
                    "Startup Cost": 58306.47,
                    "Total Cost": 58306.47,
                    "Plan Rows": 48528,
                    "Plan Width": 4,
                    "Actual Startup Time": 162.063,
                    "Actual Total Time": 162.064,
                    "Actual Rows": 46156,
                    "Actual Loops": 2,
                    "Hash Buckets": 131072,
                    "Original Hash Buckets": 131072,
                    "Hash Batches": 1,
                    "Original Hash Batches": 1,
                    "Peak Memory Usage": 4640,
                    "Plans": [
                      {
                        "Node Type": "Seq Scan",
                        "Parent Relationship": "Outer",
                        "Parallel Aware": true,
                        "Relation Name": "title",
                        "Alias": "t",
                        "Startup Cost": 0.0,
                        "Total Cost": 58306.47,
                        "Plan Rows": 48528,
                        "Plan Width": 4,
                        "Actual Startup Time": 0.037,
                        "Actual Total Time": 148.517,
                        "Actual Rows": 46156,
                        "Actual Loops": 2,
                        "Filter": "((kind_id > 1) AND (production_year = 2006))",
                        "Rows Removed by Filter": 1218000
                      }
                    ]
                  }
                ]
              }
            ]
          }
        ]
      }
    ]
  },
  "Planning Time": 0.485,
  "Triggers": [],
  "Execution Time": 419.006
}