[
  {
    "Plan": {
      "Node Type": "Aggregate",
      "Strategy": "Plain",
      "Partial Mode": "Finalize",
      "Parallel Aware": false,
      "Startup Cost": 73570.78,
      "Total Cost": 73570.79,
      "Plan Rows": 1,
      "Plan Width": 8,
      "Actual Startup Time": 403.508,
      "Actual Total Time": 422.643,
      "Actual Rows": 1,
      "Actual Loops": 1,
      "Plans": [
        {
          "Node Type": "Gather",
          "Parent Relationship": "Outer",
          "Parallel Aware": false,
          "Startup Cost": 73570.46,
          "Total Cost": 73570.77,
          "Plan Rows": 3,
          "Plan Width": 8,
          "Actual Startup Time": 392.982,
          "Actual Total Time": 422.635,
          "Actual Rows": 4,
          "Actual Loops": 1,
          "Workers Planned": 3,
          "Workers Launched": 3,
          "Single Copy": false,
          "Plans": [
            {
              "Node Type": "Aggregate",
              "Strategy": "Plain",
              "Partial Mode": "Partial",
              "Parent Relationship": "Outer",
              "Parallel Aware": false,
              "Startup Cost": 72570.46,
              "Total Cost": 72570.47,
              "Plan Rows": 1,
              "Plan Width": 8,
              "Actual Startup Time": 377.215,
              "Actual Total Time": 377.219,
              "Actual Rows": 1,
              "Actual Loops": 4,
              "Plans": [
                {
                  "Node Type": "Hash Join",
                  "Parent Relationship": "Outer",
                  "Parallel Aware": true,
                  "Join Type": "Inner",
                  "Startup Cost": 53037.68,
                  "Total Cost": 72516.6,
                  "Plan Rows": 21545,
                  "Plan Width": 0,
                  "Actual Startup Time": 350.996,
                  "Actual Total Time": 375.827,
                  "Actual Rows": 31973,
                  "Actual Loops": 4,
                  "Inner Unique": true,
                  "Hash Cond": "(mc.movie_id = t.id)",
                  "Plans": [
                    {
                      "Node Type": "Bitmap Heap Scan",
                      "Parent Relationship": "Outer",
                      "Parallel Aware": true,
                      "Relation Name": "movie_companies",
                      "Alias": "mc",
                      "Startup Cost": 2817.3,
                      "Total Cost": 22239.66,
                      "Plan Rows": 21545,
                      "Plan Width": 4,
                      "Actual Startup Time": 4.992,
                      "Actual Total Time": 14.979,
                      "Actual Rows": 31973,
                      "Actual Loops": 4,
                      "Recheck Cond": "(company_id > 142308)",
                      "Rows Removed by Index Recheck": 0,
                      "Filter": "(company_type_id > 1)",
                      "Rows Removed by Filter": 0,
                      "Exact Heap Blocks": 1045,
                      "Lossy Heap Blocks": 0,
                      "Plans": [
                        {
                          "Node Type": "Bitmap Index Scan",
                          "Parent Relationship": "Outer",
                          "Parallel Aware": false,
                          "Index Name": "company_id_movie_companies",
                          "Startup Cost": 0.0,
                          "Total Cost": 2800.6,
                          "Plan Rows": 130689,
                          "Plan Width": 0,
                          "Actual Startup Time": 4.536,
                          "Actual Total Time": 4.536,
                          "Actual Rows": 127892,
                          "Actual Loops": 1,
                          "Index Cond": "(company_id > 142308)"
                        }
                      ]
                    },
                    {
                      "Node Type": "Hash",
                      "Parent Relationship": "Inner",
                      "Parallel Aware": true,
                      "Startup Cost": 42319.06,
                      "Total Cost": 42319.06,
                      "Plan Rows": 632106,
                      "Plan Width": 4,
                      "Actual Startup Time": 335.066,
                      "Actual Total Time": 335.066,
                      "Actual Rows": 632078,
                      "Actual Loops": 4,
                      "Hash Buckets": 4194304,
                      "Original Hash Buckets": 4194304,
                      "Hash Batches": 1,
                      "Original Hash Batches": 1,
                      "Peak Memory Usage": 131744,
                      "Plans": [
                        {
                          "Node Type": "Seq Scan",
                          "Parent Relationship": "Outer",
                          "Parallel Aware": true,
                          "Relation Name": "title",
                          "Alias": "t",
                          "Startup Cost": 0.0,
                          "Total Cost": 42319.06,
                          "Plan Rows": 632106,
                          "Plan Width": 4,
                          "Actual Startup Time": 0.037,
                          "Actual Total Time": 96.728,
                          "Actual Rows": 632078,
                          "Actual Loops": 4
                        }
                      ]
                    }
                  ]
                }
              ]
            }
          ]
        }
      ]
    },
    "Planning Time": 0.494,
    "Triggers": [],
    "Execution Time": 422.716
  }
]