[
  {
    "Plan": {
      "Node Type": "Aggregate",
      "Strategy": "Plain",
      "Partial Mode": "Finalize",
      "Parallel Aware": false,
      "Startup Cost": 69115.14,
      "Total Cost": 69115.15,
      "Plan Rows": 1,
      "Plan Width": 8,
      "Actual Startup Time": 202.046,
      "Actual Total Time": 214.122,
      "Actual Rows": 1,
      "Actual Loops": 1,
      "Plans": [
        {
          "Node Type": "Gather",
          "Parent Relationship": "Outer",
          "Parallel Aware": false,
          "Startup Cost": 69114.72,
          "Total Cost": 69115.13,
          "Plan Rows": 4,
          "Plan Width": 8,
          "Actual Startup Time": 200.795,
          "Actual Total Time": 214.114,
          "Actual Rows": 5,
          "Actual Loops": 1,
          "Workers Planned": 4,
          "Workers Launched": 4,
          "Single Copy": false,
          "Plans": [
            {
              "Node Type": "Aggregate",
              "Strategy": "Plain",
              "Partial Mode": "Partial",
              "Parent Relationship": "Outer",
              "Parallel Aware": false,
              "Startup Cost": 68114.72,
              "Total Cost": 68114.73,
              "Plan Rows": 1,
              "Plan Width": 8,
              "Actual Startup Time": 191.227,
              "Actual Total Time": 191.231,
              "Actual Rows": 1,
              "Actual Loops": 5,
              "Plans": [
                {
                  "Node Type": "Hash Join",
                  "Parent Relationship": "Outer",
                  "Parallel Aware": true,
                  "Join Type": "Inner",
                  "Startup Cost": 22539.8,
                  "Total Cost": 68072.88,
                  "Plan Rows": 16735,
                  "Plan Width": 0,
                  "Actual Startup Time": 142.597,
                  "Actual Total Time": 190.034,
                  "Actual Rows": 25578,
                  "Actual Loops": 5,
                  "Inner Unique": false,
                  "Hash Cond": "(t.id = mc.movie_id)",
                  "Plans": [
                    {
                      "Node Type": "Seq Scan",
                      "Parent Relationship": "Outer",
                      "Parallel Aware": true,
                      "Relation Name": "title",
                      "Alias": "t",
                      "Startup Cost": 0.0,
                      "Total Cost": 42318.73,
                      "Plan Rows": 632073,
                      "Plan Width": 4,
                      "Actual Startup Time": 0.017,
                      "Actual Total Time": 68.065,
                      "Actual Rows": 505662,
                      "Actual Loops": 5
                    },
                    {
                      "Node Type": "Hash",
                      "Parent Relationship": "Inner",
                      "Parallel Aware": true,
                      "Startup Cost": 22269.89,
                      "Total Cost": 22269.89,
                      "Plan Rows": 21593,
                      "Plan Width": 4,
                      "Actual Startup Time": 45.173,
                      "Actual Total Time": 45.175,
                      "Actual Rows": 25578,
                      "Actual Loops": 5,
                      "Hash Buckets": 131072,
                      "Original Hash Buckets": 131072,
                      "Hash Batches": 1,
                      "Original Hash Batches": 1,
                      "Peak Memory Usage": 6112,
                      "Plans": [
                        {
                          "Node Type": "Bitmap Heap Scan",
                          "Parent Relationship": "Outer",
                          "Parallel Aware": true,
                          "Relation Name": "movie_companies",
                          "Alias": "mc",
                          "Startup Cost": 2841.96,
                          "Total Cost": 22269.89,
                          "Plan Rows": 21593,
                          "Plan Width": 4,
                          "Actual Startup Time": 10.936,
                          "Actual Total Time": 33.126,
                          "Actual Rows": 25578,
                          "Actual Loops": 5,
                          "Recheck Cond": "(company_id > 142308)",
                          "Rows Removed by Index Recheck": 0,
                          "Filter": "(company_type_id > 1)",
                          "Rows Removed by Filter": 0,
                          "Exact Heap Blocks": 1499,
                          "Lossy Heap Blocks": 0,
                          "Plans": [
                            {
                              "Node Type": "Bitmap Index Scan",
                              "Parent Relationship": "Outer",
                              "Parallel Aware": false,
                              "Index Name": "company_id_movie_companies",
                              "Startup Cost": 0.0,
                              "Total Cost": 2825.22,
                              "Plan Rows": 131839,
                              "Plan Width": 0,
                              "Actual Startup Time": 14.228,
                              "Actual Total Time": 14.228,
                              "Actual Rows": 127892,
                              "Actual Loops": 1,
                              "Index Cond": "(company_id > 142308)"
                            }
                          ]
                        }
                      ]
                    }
                  ]
                }
              ]
            }
          ]
        }
      ]
    },
    "Planning Time": 0.716,
    "Triggers": [],
    "Execution Time": 214.215
  }
]