[
  {
    "Plan": {
      "Node Type": "Aggregate",
      "Strategy": "Plain",
      "Partial Mode": "Finalize",
      "Parallel Aware": false,
      "Startup Cost": 26545.03,
      "Total Cost": 26545.04,
      "Plan Rows": 1,
      "Plan Width": 8,
      "Actual Startup Time": 35.509,
      "Actual Total Time": 40.366,
      "Actual Rows": 1,
      "Actual Loops": 1,
      "Plans": [
        {
          "Node Type": "Gather",
          "Parent Relationship": "Outer",
          "Parallel Aware": false,
          "Startup Cost": 26544.82,
          "Total Cost": 26545.03,
          "Plan Rows": 2,
          "Plan Width": 8,
          "Actual Startup Time": 35.221,
          "Actual Total Time": 40.358,
          "Actual Rows": 3,
          "Actual Loops": 1,
          "Workers Planned": 2,
          "Workers Launched": 2,
          "Single Copy": false,
          "Plans": [
            {
              "Node Type": "Aggregate",
              "Strategy": "Plain",
              "Partial Mode": "Partial",
              "Parent Relationship": "Outer",
              "Parallel Aware": false,
              "Startup Cost": 25544.82,
              "Total Cost": 25544.83,
              "Plan Rows": 1,
              "Plan Width": 8,
              "Actual Startup Time": 26.876,
              "Actual Total Time": 26.878,
              "Actual Rows": 1,
              "Actual Loops": 3,
              "Plans": [
                {
                  "Node Type": "Nested Loop",
                  "Parent Relationship": "Outer",
                  "Parallel Aware": false,
                  "Join Type": "Inner",
                  "Startup Cost": 99.92,
                  "Total Cost": 25540.1,
                  "Plan Rows": 1885,
                  "Plan Width": 0,
                  "Actual Startup Time": 2.75,
                  "Actual Total Time": 26.633,
                  "Actual Rows": 1238,
                  "Actual Loops": 3,
                  "Inner Unique": true,
                  "Plans": [
                    {
                      "Node Type": "Bitmap Heap Scan",
                      "Parent Relationship": "Outer",
                      "Parallel Aware": true,
                      "Relation Name": "movie_keyword",
                      "Alias": "mk",
                      "Startup Cost": 99.49,
                      "Total Cost": 11574.9,
                      "Plan Rows": 1885,
                      "Plan Width": 4,
                      "Actual Startup Time": 2.539,
                      "Actual Total Time": 9.683,
                      "Actual Rows": 1238,
                      "Actual Loops": 3,
                      "Recheck Cond": "(keyword_id = 1876)",
                      "Rows Removed by Index Recheck": 0,
                      "Exact Heap Blocks": 2428,
                      "Lossy Heap Blocks": 0,
                      "Plans": [
                        {
                          "Node Type": "Bitmap Index Scan",
                          "Parent Relationship": "Outer",
                          "Parallel Aware": false,
                          "Index Name": "keyword_id_movie_keyword",
                          "Startup Cost": 0.0,
                          "Total Cost": 98.36,
                          "Plan Rows": 4524,
                          "Plan Width": 0,
                          "Actual Startup Time": 5.697,
                          "Actual Total Time": 5.697,
                          "Actual Rows": 3713,
                          "Actual Loops": 1,
                          "Index Cond": "(keyword_id = 1876)"
                        }
                      ]
                    },
                    {
                      "Node Type": "Index Only Scan",
                      "Parent Relationship": "Inner",
                      "Parallel Aware": false,
                      "Scan Direction": "Forward",
                      "Index Name": "title_pkey",
                      "Relation Name": "title",
                      "Alias": "t",
                      "Startup Cost": 0.43,
                      "Total Cost": 7.41,
                      "Plan Rows": 1,
                      "Plan Width": 4,
                      "Actual Startup Time": 0.013,
                      "Actual Total Time": 0.013,
                      "Actual Rows": 1,
                      "Actual Loops": 3713,
                      "Index Cond": "(id = mk.movie_id)",
                      "Rows Removed by Index Recheck": 0,
                      "Heap Fetches": 3713
                    }
                  ]
                }
              ]
            }
          ]
        }
      ]
    },
    "Planning Time": 0.606,
    "Triggers": [],
    "Execution Time": 40.454
  }
]