[
  {
    "Plan": {
      "Node Type": "Aggregate",
      "Strategy": "Plain",
      "Partial Mode": "Finalize",
      "Parallel Aware": false,
      "Startup Cost": 82691.2,
      "Total Cost": 82691.21,
      "Plan Rows": 1,
      "Plan Width": 8,
      "Actual Startup Time": 453.513,
      "Actual Total Time": 469.206,
      "Actual Rows": 1,
      "Actual Loops": 1,
      "Plans": [
        {
          "Node Type": "Gather",
          "Parent Relationship": "Outer",
          "Parallel Aware": false,
          "Startup Cost": 82690.78,
          "Total Cost": 82691.19,
          "Plan Rows": 4,
          "Plan Width": 8,
          "Actual Startup Time": 444.848,
          "Actual Total Time": 469.195,
          "Actual Rows": 5,
          "Actual Loops": 1,
          "Workers Planned": 4,
          "Workers Launched": 4,
          "Single Copy": false,
          "Plans": [
            {
              "Node Type": "Aggregate",
              "Strategy": "Plain",
              "Partial Mode": "Partial",
              "Parent Relationship": "Outer",
              "Parallel Aware": false,
              "Startup Cost": 81690.78,
              "Total Cost": 81690.79,
              "Plan Rows": 1,
              "Plan Width": 8,
              "Actual Startup Time": 434.67,
              "Actual Total Time": 434.673,
              "Actual Rows": 1,
              "Actual Loops": 5,
              "Plans": [
                {
                  "Node Type": "Hash Join",
                  "Parent Relationship": "Outer",
                  "Parallel Aware": true,
                  "Join Type": "Inner",
                  "Startup Cost": 34954.94,
                  "Total Cost": 81142.06,
                  "Plan Rows": 219488,
                  "Plan Width": 0,
                  "Actual Startup Time": 179.556,
                  "Actual Total Time": 423.616,
                  "Actual Rows": 215776,
                  "Actual Loops": 5,
                  "Inner Unique": false,
                  "Hash Cond": "(t.id = mc.movie_id)",
                  "Plans": [
                    {
                      "Node Type": "Seq Scan",
                      "Parent Relationship": "Outer",
                      "Parallel Aware": true,
                      "Relation Name": "title",
                      "Alias": "t",
                      "Startup Cost": 0.0,
                      "Total Cost": 42318.73,
                      "Plan Rows": 632073,
                      "Plan Width": 4,
                      "Actual Startup Time": 0.011,
                      "Actual Total Time": 70.246,
                      "Actual Rows": 505662,
                      "Actual Loops": 5
                    },
                    {
                      "Node Type": "Hash",
                      "Parent Relationship": "Inner",
                      "Parallel Aware": true,
                      "Startup Cost": 31414.82,
                      "Total Cost": 31414.82,
                      "Plan Rows": 283210,
                      "Plan Width": 4,
                      "Actual Startup Time": 175.314,
                      "Actual Total Time": 175.315,
                      "Actual Rows": 215776,
                      "Actual Loops": 5,
                      "Hash Buckets": 2097152,
                      "Original Hash Buckets": 1048576,
                      "Hash Batches": 1,
                      "Original Hash Batches": 1,
                      "Peak Memory Usage": 66848,
                      "Plans": [
                        {
                          "Node Type": "Seq Scan",
                          "Parent Relationship": "Outer",
                          "Parallel Aware": true,
                          "Relation Name": "movie_companies",
                          "Alias": "mc",
                          "Startup Cost": 0.0,
                          "Total Cost": 31414.82,
                          "Plan Rows": 283210,
                          "Plan Width": 4,
                          "Actual Startup Time": 48.263,
                          "Actual Total Time": 86.702,
                          "Actual Rows": 215776,
                          "Actual Loops": 5,
                          "Filter": "((company_id > 2561) AND (company_type_id > 1))",
                          "Rows Removed by Filter": 306049
                        }
                      ]
                    }
                  ]
                }
              ]
            }
          ]
        }
      ]
    },
    "Planning Time": 0.637,
    "Triggers": [],
    "Execution Time": 469.28
  }
]