[
  {
    "Plan": {
      "Node Type": "Aggregate",
      "Strategy": "Plain",
      "Partial Mode": "Finalize",
      "Parallel Aware": false,
      "Startup Cost": 603579.63,
      "Total Cost": 603579.64,
      "Plan Rows": 1,
      "Plan Width": 8,
      "Actual Startup Time": 2929.368,
      "Actual Total Time": 3032.376,
      "Actual Rows": 1,
      "Actual Loops": 1,
      "Plans": [
        {
          "Node Type": "Gather",
          "Parent Relationship": "Outer",
          "Parallel Aware": false,
          "Startup Cost": 603579.11,
          "Total Cost": 603579.62,
          "Plan Rows": 5,
          "Plan Width": 8,
          "Actual Startup Time": 2919.87,
          "Actual Total Time": 3032.364,
          "Actual Rows": 6,
          "Actual Loops": 1,
          "Workers Planned": 5,
          "Workers Launched": 5,
          "Single Copy": false,
          "Plans": [
            {
              "Node Type": "Aggregate",
              "Strategy": "Plain",
              "Partial Mode": "Partial",
              "Parent Relationship": "Outer",
              "Parallel Aware": false,
              "Startup Cost": 602579.11,
              "Total Cost": 602579.12,
              "Plan Rows": 1,
              "Plan Width": 8,
              "Actual Startup Time": 2898.298,
              "Actual Total Time": 2898.37,
              "Actual Rows": 1,
              "Actual Loops": 6,
              "Plans": [
                {
                  "Node Type": "Hash Join",
                  "Parent Relationship": "Outer",
                  "Parallel Aware": true,
                  "Join Type": "Inner",
                  "Startup Cost": 384988.4,
                  "Total Cost": 597123.03,
                  "Plan Rows": 2182432,
                  "Plan Width": 0,
                  "Actual Startup Time": 1236.62,
                  "Actual Total Time": 2653.955,
                  "Actual Rows": 6432948,
                  "Actual Loops": 6,
                  "Inner Unique": false,
                  "Hash Cond": "(mi.movie_id = t.id)",
                  "Plans": [
                    {
                      "Node Type": "Seq Scan",
                      "Parent Relationship": "Outer",
                      "Parallel Aware": true,
                      "Relation Name": "movie_info",
                      "Alias": "mi",
                      "Startup Cost": 0.0,
                      "Total Cost": 198952.16,
                      "Plan Rows": 2545353,
                      "Plan Width": 4,
                      "Actual Startup Time": 0.053,
                      "Actual Total Time": 334.931,
                      "Actual Rows": 2124109,
                      "Actual Loops": 6,
                      "Filter": "(info_type_id > 2)",
                      "Rows Removed by Filter": 348511
                    },
                    {
                      "Node Type": "Hash",
                      "Parent Relationship": "Inner",
                      "Parallel Aware": true,
                      "Startup Cost": 380472.14,
                      "Total Cost": 380472.14,
                      "Plan Rows": 361301,
                      "Plan Width": 8,
                      "Actual Startup Time": 1226.88,
                      "Actual Total Time": 1226.951,
                      "Actual Rows": 309339,
                      "Actual Loops": 6,
                      "Hash Buckets": 4194304,
                      "Original Hash Buckets": 4194304,
                      "Hash Batches": 1,
                      "Original Hash Batches": 1,
                      "Peak Memory Usage": 105504,
                      "Plans": [
                        {
                          "Node Type": "Hash Join",
                          "Parent Relationship": "Outer",
                          "Parallel Aware": true,
                          "Join Type": "Inner",
                          "Startup Cost": 46851.97,
                          "Total Cost": 380472.14,
                          "Plan Rows": 361301,
                          "Plan Width": 8,
                          "Actual Startup Time": 106.78,
                          "Actual Total Time": 1096.026,
                          "Actual Rows": 309339,
                          "Actual Loops": 6,
                          "Inner Unique": true,
                          "Hash Cond": "(ci.movie_id = t.id)",
                          "Plans": [
                            {
                              "Node Type": "Seq Scan",
                              "Parent Relationship": "Outer",
                              "Parallel Aware": true,
                              "Relation Name": "cast_info",
                              "Alias": "ci",
                              "Startup Cost": 0.0,
                              "Total Cost": 328162.03,
                              "Plan Rows": 2079287,
                              "Plan Width": 4,
                              "Actual Startup Time": 0.018,
                              "Actual Total Time": 660.241,
                              "Actual Rows": 2111781,
                              "Actual Loops": 6,
                              "Filter": "(role_id = 1)",
                              "Rows Removed by Filter": 3928943
                            },
                            {
                              "Node Type": "Hash",
                              "Parent Relationship": "Inner",
                              "Parallel Aware": true,
                              "Startup Cost": 45479.1,
                              "Total Cost": 45479.1,
                              "Plan Rows": 109830,
                              "Plan Width": 4,
                              "Actual Startup Time": 106.126,
                              "Actual Total Time": 106.127,
                              "Actual Rows": 61374,
                              "Actual Loops": 6,
                              "Hash Buckets": 524288,
                              "Original Hash Buckets": 524288,
                              "Hash Batches": 1,
                              "Original Hash Batches": 1,
                              "Peak Memory Usage": 18624,
                              "Plans": [
                                {
                                  "Node Type": "Seq Scan",
                                  "Parent Relationship": "Outer",
                                  "Parallel Aware": true,
                                  "Relation Name": "title",
                                  "Alias": "t",
                                  "Startup Cost": 0.0,
                                  "Total Cost": 45479.1,
                                  "Plan Rows": 109830,
                                  "Plan Width": 4,
                                  "Actual Startup Time": 0.051,
                                  "Actual Total Time": 80.223,
                                  "Actual Rows": 61374,
                                  "Actual Loops": 6,
                                  "Filter": "((kind_id < 7) AND (production_year > 2004))",
                                  "Rows Removed by Filter": 360011
                                }
                              ]
                            }
                          ]
                        }
                      ]
                    }
                  ]
                }
              ]
            }
          ]
        }
      ]
    },
    "Planning Time": 1.383,
    "Triggers": [],
    "Execution Time": 3032.523
  }
]