[
  {
    "Plan": {
      "Node Type": "Aggregate",
      "Strategy": "Plain",
      "Partial Mode": "Finalize",
      "Parallel Aware": false,
      "Startup Cost": 77168.64,
      "Total Cost": 77168.65,
      "Plan Rows": 1,
      "Plan Width": 8,
      "Actual Startup Time": 220.641,
      "Actual Total Time": 238.628,
      "Actual Rows": 1,
      "Actual Loops": 1,
      "Plans": [
        {
          "Node Type": "Gather",
          "Parent Relationship": "Outer",
          "Parallel Aware": false,
          "Startup Cost": 77168.32,
          "Total Cost": 77168.63,
          "Plan Rows": 3,
          "Plan Width": 8,
          "Actual Startup Time": 220.057,
          "Actual Total Time": 238.618,
          "Actual Rows": 4,
          "Actual Loops": 1,
          "Workers Planned": 3,
          "Workers Launched": 3,
          "Single Copy": false,
          "Plans": [
            {
              "Node Type": "Aggregate",
              "Strategy": "Plain",
              "Partial Mode": "Partial",
              "Parent Relationship": "Outer",
              "Parallel Aware": false,
              "Startup Cost": 76168.32,
              "Total Cost": 76168.33,
              "Plan Rows": 1,
              "Plan Width": 8,
              "Actual Startup Time": 210.59,
              "Actual Total Time": 210.596,
              "Actual Rows": 1,
              "Actual Loops": 4,
              "Plans": [
                {
                  "Node Type": "Nested Loop",
                  "Parent Relationship": "Outer",
                  "Parallel Aware": false,
                  "Join Type": "Inner",
                  "Startup Cost": 45894.09,
                  "Total Cost": 76166.4,
                  "Plan Rows": 770,
                  "Plan Width": 0,
                  "Actual Startup Time": 93.229,
                  "Actual Total Time": 209.979,
                  "Actual Rows": 6143,
                  "Actual Loops": 4,
                  "Inner Unique": false,
                  "Join Filter": "(t.id = mi.movie_id)",
                  "Rows Removed by Join Filter": 0,
                  "Plans": [
                    {
                      "Node Type": "Hash Join",
                      "Parent Relationship": "Outer",
                      "Parallel Aware": true,
                      "Join Type": "Inner",
                      "Startup Cost": 45893.65,
                      "Total Cost": 66563.56,
                      "Plan Rows": 1544,
                      "Plan Width": 8,
                      "Actual Startup Time": 93.109,
                      "Actual Total Time": 135.401,
                      "Actual Rows": 6040,
                      "Actual Loops": 4,
                      "Inner Unique": true,
                      "Hash Cond": "(mc.movie_id = t.id)",
                      "Plans": [
                        {
                          "Node Type": "Bitmap Heap Scan",
                          "Parent Relationship": "Outer",
                          "Parallel Aware": true,
                          "Relation Name": "movie_companies",
                          "Alias": "mc",
                          "Startup Cost": 7707.2,
                          "Total Cost": 28228.01,
                          "Plan Rows": 56801,
                          "Plan Width": 4,
                          "Actual Startup Time": 22.337,
                          "Actual Total Time": 53.13,
                          "Actual Rows": 68443,
                          "Actual Loops": 4,
                          "Recheck Cond": "(company_id < 169)",
                          "Rows Removed by Index Recheck": 0,
                          "Filter": "(company_type_id < 2)",
                          "Rows Removed by Filter": 19430,
                          "Exact Heap Blocks": 6853,
                          "Lossy Heap Blocks": 0,
                          "Plans": [
                            {
                              "Node Type": "Bitmap Index Scan",
                              "Parent Relationship": "Outer",
                              "Parallel Aware": false,
                              "Index Name": "company_id_movie_companies",
                              "Startup Cost": 0.0,
                              "Total Cost": 7663.18,
                              "Plan Rows": 357700,
                              "Plan Width": 0,
                              "Actual Startup Time": 19.615,
                              "Actual Total Time": 19.616,
                              "Actual Rows": 351495,
                              "Actual Loops": 1,
                              "Index Cond": "(company_id < 169)"
                            }
                          ]
                        },
                        {
                          "Node Type": "Hash",
                          "Parent Relationship": "Inner",
                          "Parallel Aware": true,
                          "Startup Cost": 37971.77,
                          "Total Cost": 37971.77,
                          "Plan Rows": 17175,
                          "Plan Width": 4,
                          "Actual Startup Time": 69.031,
                          "Actual Total Time": 69.032,
                          "Actual Rows": 18494,
                          "Actual Loops": 4,
                          "Hash Buckets": 131072,
                          "Original Hash Buckets": 131072,
                          "Hash Batches": 1,
                          "Original Hash Batches": 1,
                          "Peak Memory Usage": 4000,
                          "Plans": [
                            {
                              "Node Type": "Bitmap Heap Scan",
                              "Parent Relationship": "Outer",
                              "Parallel Aware": true,
                              "Relation Name": "title",
                              "Alias": "t",
                              "Startup Cost": 1633.71,
                              "Total Cost": 37971.77,
                              "Plan Rows": 17175,
                              "Plan Width": 4,
                              "Actual Startup Time": 19.994,
                              "Actual Total Time": 62.668,
                              "Actual Rows": 18494,
                              "Actual Loops": 4,
                              "Recheck Cond": "(kind_id = 2)",
                              "Rows Removed by Index Recheck": 0,
                              "Filter": "(production_year > 1982)",
                              "Rows Removed by Filter": 4218,
                              "Exact Heap Blocks": 14933,
                              "Lossy Heap Blocks": 0,
                              "Plans": [
                                {
                                  "Node Type": "Bitmap Index Scan",
                                  "Parent Relationship": "Outer",
                                  "Parallel Aware": false,
                                  "Index Name": "kind_id_title",
                                  "Startup Cost": 0.0,
                                  "Total Cost": 1616.54,
                                  "Plan Rows": 90681,
                                  "Plan Width": 0,
                                  "Actual Startup Time": 18.12,
                                  "Actual Total Time": 18.12,
                                  "Actual Rows": 90852,
                                  "Actual Loops": 1,
                                  "Index Cond": "(kind_id = 2)"
                                }
                              ]
                            }
                          ]
                        }
                      ]
                    },
                    {
                      "Node Type": "Index Scan",
                      "Parent Relationship": "Inner",
                      "Parallel Aware": false,
                      "Scan Direction": "Forward",
                      "Index Name": "movie_id_movie_info",
                      "Relation Name": "movie_info",
                      "Alias": "mi",
                      "Startup Cost": 0.43,
                      "Total Cost": 6.17,
                      "Plan Rows": 4,
                      "Plan Width": 4,
                      "Actual Startup Time": 0.01,
                      "Actual Total Time": 0.012,
                      "Actual Rows": 1,
                      "Actual Loops": 24161,
                      "Index Cond": "(movie_id = mc.movie_id)",
                      "Rows Removed by Index Recheck": 0,
                      "Filter": "(info_type_id = 2)",
                      "Rows Removed by Filter": 20
                    }
                  ]
                }
              ]
            }
          ]
        }
      ]
    },
    "Planning Time": 1.568,
    "Triggers": [],
    "Execution Time": 238.752
  }
]