[
  {
    "Plan": {
      "Node Type": "Aggregate",
      "Strategy": "Plain",
      "Partial Mode": "Finalize",
      "Parallel Aware": false,
      "Startup Cost": 264851.91,
      "Total Cost": 264851.92,
      "Plan Rows": 1,
      "Plan Width": 8,
      "Actual Startup Time": 1847.866,
      "Actual Total Time": 1908.242,
      "Actual Rows": 1,
      "Actual Loops": 1,
      "Plans": [
        {
          "Node Type": "Gather",
          "Parent Relationship": "Outer",
          "Parallel Aware": false,
          "Startup Cost": 264851.39,
          "Total Cost": 264851.9,
          "Plan Rows": 5,
          "Plan Width": 8,
          "Actual Startup Time": 1834.403,
          "Actual Total Time": 1908.228,
          "Actual Rows": 6,
          "Actual Loops": 1,
          "Workers Planned": 5,
          "Workers Launched": 5,
          "Single Copy": false,
          "Plans": [
            {
              "Node Type": "Aggregate",
              "Strategy": "Plain",
              "Partial Mode": "Partial",
              "Parent Relationship": "Outer",
              "Parallel Aware": false,
              "Startup Cost": 263851.39,
              "Total Cost": 263851.4,
              "Plan Rows": 1,
              "Plan Width": 8,
              "Actual Startup Time": 1812.768,
              "Actual Total Time": 1812.772,
              "Actual Rows": 1,
              "Actual Loops": 6,
              "Plans": [
                {
                  "Node Type": "Hash Join",
                  "Parent Relationship": "Outer",
                  "Parallel Aware": true,
                  "Join Type": "Inner",
                  "Startup Cost": 51046.91,
                  "Total Cost": 257512.67,
                  "Plan Rows": 2535486,
                  "Plan Width": 0,
                  "Actual Startup Time": 328.536,
                  "Actual Total Time": 1693.477,
                  "Actual Rows": 1994585,
                  "Actual Loops": 6,
                  "Inner Unique": true,
                  "Hash Cond": "(mi.movie_id = t.id)",
                  "Plans": [
                    {
                      "Node Type": "Seq Scan",
                      "Parent Relationship": "Outer",
                      "Parallel Aware": true,
                      "Relation Name": "movie_info",
                      "Alias": "mi",
                      "Startup Cost": 0.0,
                      "Total Cost": 199108.24,
                      "Plan Rows": 2802861,
                      "Plan Width": 4,
                      "Actual Startup Time": 0.046,
                      "Actual Total Time": 478.922,
                      "Actual Rows": 2338930,
                      "Actual Loops": 6,
                      "Filter": "(info_type_id > 1)",
                      "Rows Removed by Filter": 133690
                    },
                    {
                      "Node Type": "Hash",
                      "Parent Relationship": "Inner",
                      "Parallel Aware": true,
                      "Startup Cost": 43899.32,
                      "Total Cost": 43899.32,
                      "Plan Rows": 571807,
                      "Plan Width": 4,
                      "Actual Startup Time": 320.021,
                      "Actual Total Time": 320.022,
                      "Actual Rows": 379210,
                      "Actual Loops": 6,
                      "Hash Buckets": 4194304,
                      "Original Hash Buckets": 4194304,
                      "Hash Batches": 1,
                      "Original Hash Batches": 1,
                      "Peak Memory Usage": 121888,
                      "Plans": [
                        {
                          "Node Type": "Seq Scan",
                          "Parent Relationship": "Outer",
                          "Parallel Aware": true,
                          "Relation Name": "title",
                          "Alias": "t",
                          "Startup Cost": 0.0,
                          "Total Cost": 43899.32,
                          "Plan Rows": 571807,
                          "Plan Width": 4,
                          "Actual Startup Time": 0.057,
                          "Actual Total Time": 113.759,
                          "Actual Rows": 379210,
                          "Actual Loops": 6,
                          "Filter": "(production_year > 1952)",
                          "Rows Removed by Filter": 42175
                        }
                      ]
                    }
                  ]
                }
              ]
            }
          ]
        }
      ]
    },
    "Planning Time": 0.617,
    "Triggers": [],
    "Execution Time": 1908.321
  }
]