{
  "Plan": {
    "Node Type": "Aggregate",
    "Strategy": "Plain",
    "Partial Mode": "Finalize",
    "Parallel Aware": false,
    "Startup Cost": 602905.01,
    "Total Cost": 602905.02,
    "Plan Rows": 1,
    "Plan Width": 8,
    "Actual Startup Time": 4527.747,
    "Actual Total Time": 4616.047,
    "Actual Rows": 1,
    "Actual Loops": 1,
    "Plans": [
      {
        "Node Type": "Gather",
        "Parent Relationship": "Outer",
        "Parallel Aware": false,
        "Startup Cost": 602904.9,
        "Total Cost": 602905.01,
        "Plan Rows": 1,
        "Plan Width": 8,
        "Actual Startup Time": 4524.148,
        "Actual Total Time": 4616.036,
        "Actual Rows": 2,
        "Actual Loops": 1,
        "Workers Planned": 1,
        "Workers Launched": 1,
        "Single Copy": false,
        "Plans": [
          {
            "Node Type": "Aggregate",
            "Strategy": "Plain",
            "Partial Mode": "Partial",
            "Parent Relationship": "Outer",
            "Parallel Aware": false,
            "Startup Cost": 601904.9,
            "Total Cost": 601904.91,
            "Plan Rows": 1,
            "Plan Width": 8,
            "Actual Startup Time": 4518.373,
            "Actual Total Time": 4518.377,
            "Actual Rows": 1,
            "Actual Loops": 2,
            "Plans": [
              {
                "Node Type": "Nested Loop",
                "Parent Relationship": "Outer",
                "Parallel Aware": false,
                "Join Type": "Inner",
                "Startup Cost": 71537.05,
                "Total Cost": 601385.1,
                "Plan Rows": 207921,
                "Plan Width": 0,
                "Actual Startup Time": 362.706,
                "Actual Total Time": 4363.158,
                "Actual Rows": 2983014,
                "Actual Loops": 2,
                "Inner Unique": false,
                "Plans": [
                  {
                    "Node Type": "Hash Join",
                    "Parent Relationship": "Outer",
                    "Parallel Aware": true,
                    "Join Type": "Inner",
                    "Startup Cost": 71536.48,
                    "Total Cost": 238562.75,
                    "Plan Rows": 119921,
                    "Plan Width": 8,
                    "Actual Startup Time": 360.354,
                    "Actual Total Time": 460.625,
                    "Actual Rows": 98710,
                    "Actual Loops": 2,
                    "Inner Unique": true,
                    "Hash Cond": "(mi.movie_id = t.id)",
                    "Plans": [
                      {
                        "Node Type": "Bitmap Heap Scan",
                        "Parent Relationship": "Outer",
                        "Parallel Aware": true,
                        "Relation Name": "movie_info",
                        "Alias": "mi",
                        "Startup Cost": 10248.78,
                        "Total Cost": 176401.5,
                        "Plan Rows": 332778,
                        "Plan Width": 4,
                        "Actual Startup Time": 24.279,
                        "Actual Total Time": 57.837,
                        "Actual Rows": 271684,
                        "Actual Loops": 2,
                        "Recheck Cond": "(info_type_id > 98)",
                        "Rows Removed by Index Recheck": 0,
                        "Exact Heap Blocks": 2907,
                        "Lossy Heap Blocks": 0,
                        "Plans": [
                          {
                            "Node Type": "Bitmap Index Scan",
                            "Parent Relationship": "Outer",
                            "Parallel Aware": false,
                            "Index Name": "info_type_id_movie_info",
                            "Startup Cost": 0.0,
                            "Total Cost": 10107.35,
                            "Plan Rows": 565722,
                            "Plan Width": 0,
                            "Actual Startup Time": 23.431,
                            "Actual Total Time": 23.432,
                            "Actual Rows": 543367,
                            "Actual Loops": 1,
                            "Index Cond": "(info_type_id > 98)"
                          }
                        ]
                      },
                      {
                        "Node Type": "Hash",
                        "Parent Relationship": "Inner",
                        "Parallel Aware": true,
                        "Startup Cost": 54588.39,
                        "Total Cost": 54588.39,
                        "Plan Rows": 535945,
                        "Plan Width": 4,
                        "Actual Startup Time": 310.402,
                        "Actual Total Time": 310.403,
                        "Actual Rows": 452246,
                        "Actual Loops": 2,
                        "Hash Buckets": 1048576,
                        "Original Hash Buckets": 1048576,
                        "Hash Batches": 1,
                        "Original Hash Batches": 1,
                        "Peak Memory Usage": 43616,
                        "Plans": [
                          {
                            "Node Type": "Seq Scan",
                            "Parent Relationship": "Outer",
                            "Parallel Aware": true,
                            "Relation Name": "title",
                            "Alias": "t",
                            "Startup Cost": 0.0,
                            "Total Cost": 54588.39,
                            "Plan Rows": 535945,
                            "Plan Width": 4,
                            "Actual Startup Time": 0.035,
                            "Actual Total Time": 182.206,
                            "Actual Rows": 452246,
                            "Actual Loops": 2,
                            "Filter": "(production_year > 2006)",
                            "Rows Removed by Filter": 811910
                          }
                        ]
                      }
                    ]
                  },
                  {
                    "Node Type": "Index Scan",
                    "Parent Relationship": "Inner",
                    "Parallel Aware": false,
                    "Scan Direction": "Forward",
                    "Index Name": "movie_id_cast_info",
                    "Relation Name": "cast_info",
                    "Alias": "ci",
                    "Startup Cost": 0.56,
                    "Total Cost": 2.99,
                    "Plan Rows": 4,
                    "Plan Width": 4,
                    "Actual Startup Time": 0.025,
                    "Actual Total Time": 0.037,
                    "Actual Rows": 30,
                    "Actual Loops": 197421,
                    "Index Cond": "(movie_id = t.id)",
                    "Rows Removed by Index Recheck": 0,
                    "Filter": "(role_id = 10)",
                    "Rows Removed by Filter": 44
                  }
                ]
              }
            ]
          }
        ]
      }
    ]
  },
  "Planning Time": 1.056,
  "Triggers": [],
  "Execution Time": 4616.174
}