[
  {
    "Plan": {
      "Node Type": "Aggregate",
      "Strategy": "Plain",
      "Partial Mode": "Finalize",
      "Parallel Aware": false,
      "Startup Cost": 23308.43,
      "Total Cost": 23308.44,
      "Plan Rows": 1,
      "Plan Width": 8,
      "Actual Startup Time": 39.125,
      "Actual Total Time": 43.145,
      "Actual Rows": 1,
      "Actual Loops": 1,
      "Plans": [
        {
          "Node Type": "Gather",
          "Parent Relationship": "Outer",
          "Parallel Aware": false,
          "Startup Cost": 23308.11,
          "Total Cost": 23308.42,
          "Plan Rows": 3,
          "Plan Width": 8,
          "Actual Startup Time": 38.815,
          "Actual Total Time": 43.138,
          "Actual Rows": 4,
          "Actual Loops": 1,
          "Workers Planned": 3,
          "Workers Launched": 3,
          "Single Copy": false,
          "Plans": [
            {
              "Node Type": "Aggregate",
              "Strategy": "Plain",
              "Partial Mode": "Partial",
              "Parent Relationship": "Outer",
              "Parallel Aware": false,
              "Startup Cost": 22308.11,
              "Total Cost": 22308.12,
              "Plan Rows": 1,
              "Plan Width": 8,
              "Actual Startup Time": 31.73,
              "Actual Total Time": 31.734,
              "Actual Rows": 1,
              "Actual Loops": 4,
              "Plans": [
                {
                  "Node Type": "Bitmap Heap Scan",
                  "Parent Relationship": "Outer",
                  "Parallel Aware": true,
                  "Relation Name": "movie_companies",
                  "Alias": "mc",
                  "Startup Cost": 2876.34,
                  "Total Cost": 22201.15,
                  "Plan Rows": 42785,
                  "Plan Width": 0,
                  "Actual Startup Time": 7.339,
                  "Actual Total Time": 28.863,
                  "Actual Rows": 32183,
                  "Actual Loops": 4,
                  "Recheck Cond": "(company_id > 141867)",
                  "Rows Removed by Index Recheck": 0,
                  "Exact Heap Blocks": 2098,
                  "Lossy Heap Blocks": 0,
                  "Plans": [
                    {
                      "Node Type": "Bitmap Index Scan",
                      "Parent Relationship": "Outer",
                      "Parallel Aware": false,
                      "Index Name": "company_id_movie_companies",
                      "Startup Cost": 0.0,
                      "Total Cost": 2843.18,
                      "Plan Rows": 132633,
                      "Plan Width": 0,
                      "Actual Startup Time": 12.915,
                      "Actual Total Time": 12.916,
                      "Actual Rows": 128731,
                      "Actual Loops": 1,
                      "Index Cond": "(company_id > 141867)"
                    }
                  ]
                }
              ]
            }
          ]
        }
      ]
    },
    "Planning Time": 0.132,
    "Triggers": [],
    "Execution Time": 43.194
  }
]