[
  {
    "Plan": {
      "Node Type": "Aggregate",
      "Strategy": "Plain",
      "Partial Mode": "Finalize",
      "Parallel Aware": false,
      "Startup Cost": 78017.68,
      "Total Cost": 78017.69,
      "Plan Rows": 1,
      "Plan Width": 8,
      "Actual Startup Time": 305.251,
      "Actual Total Time": 323.767,
      "Actual Rows": 1,
      "Actual Loops": 1,
      "Plans": [
        {
          "Node Type": "Gather",
          "Parent Relationship": "Outer",
          "Parallel Aware": false,
          "Startup Cost": 78017.36,
          "Total Cost": 78017.67,
          "Plan Rows": 3,
          "Plan Width": 8,
          "Actual Startup Time": 303.96,
          "Actual Total Time": 323.754,
          "Actual Rows": 4,
          "Actual Loops": 1,
          "Workers Planned": 3,
          "Workers Launched": 3,
          "Single Copy": false,
          "Plans": [
            {
              "Node Type": "Aggregate",
              "Strategy": "Plain",
              "Partial Mode": "Partial",
              "Parent Relationship": "Outer",
              "Parallel Aware": false,
              "Startup Cost": 77017.36,
              "Total Cost": 77017.37,
              "Plan Rows": 1,
              "Plan Width": 8,
              "Actual Startup Time": 298.724,
              "Actual Total Time": 298.728,
              "Actual Rows": 1,
              "Actual Loops": 4,
              "Plans": [
                {
                  "Node Type": "Hash Join",
                  "Parent Relationship": "Outer",
                  "Parallel Aware": true,
                  "Join Type": "Inner",
                  "Startup Cost": 46494.34,
                  "Total Cost": 76885.24,
                  "Plan Rows": 52850,
                  "Plan Width": 0,
                  "Actual Startup Time": 162.287,
                  "Actual Total Time": 293.263,
                  "Actual Rows": 120787,
                  "Actual Loops": 4,
                  "Inner Unique": true,
                  "Hash Cond": "(mc.movie_id = t.id)",
                  "Plans": [
                    {
                      "Node Type": "Seq Scan",
                      "Parent Relationship": "Outer",
                      "Parallel Aware": true,
                      "Relation Name": "movie_companies",
                      "Alias": "mc",
                      "Startup Cost": 0.0,
                      "Total Cost": 29310.68,
                      "Plan Rows": 411513,
                      "Plan Width": 4,
                      "Actual Startup Time": 0.034,
                      "Actual Total Time": 70.868,
                      "Actual Rows": 318562,
                      "Actual Loops": 4,
                      "Filter": "(company_type_id = 1)",
                      "Rows Removed by Filter": 333721
                    },
                    {
                      "Node Type": "Hash",
                      "Parent Relationship": "Inner",
                      "Parallel Aware": true,
                      "Startup Cost": 45479.59,
                      "Total Cost": 45479.59,
                      "Plan Rows": 81180,
                      "Plan Width": 4,
                      "Actual Startup Time": 158.808,
                      "Actual Total Time": 158.809,
                      "Actual Rows": 111298,
                      "Actual Loops": 4,
                      "Hash Buckets": 524288,
                      "Original Hash Buckets": 524288,
                      "Hash Batches": 1,
                      "Original Hash Batches": 1,
                      "Peak Memory Usage": 21600,
                      "Plans": [
                        {
                          "Node Type": "Seq Scan",
                          "Parent Relationship": "Outer",
                          "Parallel Aware": true,
                          "Relation Name": "title",
                          "Alias": "t",
                          "Startup Cost": 0.0,
                          "Total Cost": 45479.59,
                          "Plan Rows": 81180,
                          "Plan Width": 4,
                          "Actual Startup Time": 0.048,
                          "Actual Total Time": 104.617,
                          "Actual Rows": 111298,
                          "Actual Loops": 4,
                          "Filter": "((kind_id < 7) AND (production_year < 1996))",
                          "Rows Removed by Filter": 520780
                        }
                      ]
                    }
                  ]
                }
              ]
            }
          ]
        }
      ]
    },
    "Planning Time": 0.673,
    "Triggers": [],
    "Execution Time": 323.836
  }
]