[
  {
    "Plan": {
      "Node Type": "Aggregate",
      "Strategy": "Plain",
      "Partial Mode": "Finalize",
      "Parallel Aware": false,
      "Startup Cost": 31980.63,
      "Total Cost": 31980.64,
      "Plan Rows": 1,
      "Plan Width": 8,
      "Actual Startup Time": 73.497,
      "Actual Total Time": 83.337,
      "Actual Rows": 1,
      "Actual Loops": 1,
      "Plans": [
        {
          "Node Type": "Gather",
          "Parent Relationship": "Outer",
          "Parallel Aware": false,
          "Startup Cost": 31980.41,
          "Total Cost": 31980.62,
          "Plan Rows": 2,
          "Plan Width": 8,
          "Actual Startup Time": 73.292,
          "Actual Total Time": 83.329,
          "Actual Rows": 3,
          "Actual Loops": 1,
          "Workers Planned": 2,
          "Workers Launched": 2,
          "Single Copy": false,
          "Plans": [
            {
              "Node Type": "Aggregate",
              "Strategy": "Plain",
              "Partial Mode": "Partial",
              "Parent Relationship": "Outer",
              "Parallel Aware": false,
              "Startup Cost": 30980.41,
              "Total Cost": 30980.42,
              "Plan Rows": 1,
              "Plan Width": 8,
              "Actual Startup Time": 64.882,
              "Actual Total Time": 64.884,
              "Actual Rows": 1,
              "Actual Loops": 3,
              "Plans": [
                {
                  "Node Type": "Nested Loop",
                  "Parent Relationship": "Outer",
                  "Parallel Aware": false,
                  "Join Type": "Inner",
                  "Startup Cost": 113.06,
                  "Total Cost": 30972.35,
                  "Plan Rows": 3224,
                  "Plan Width": 0,
                  "Actual Startup Time": 2.724,
                  "Actual Total Time": 62.058,
                  "Actual Rows": 48263,
                  "Actual Loops": 3,
                  "Inner Unique": false,
                  "Plans": [
                    {
                      "Node Type": "Nested Loop",
                      "Parent Relationship": "Outer",
                      "Parallel Aware": false,
                      "Join Type": "Inner",
                      "Startup Cost": 112.63,
                      "Total Cost": 27156.61,
                      "Plan Rows": 2138,
                      "Plan Width": 8,
                      "Actual Startup Time": 2.515,
                      "Actual Total Time": 27.016,
                      "Actual Rows": 1693,
                      "Actual Loops": 3,
                      "Inner Unique": true,
                      "Plans": [
                        {
                          "Node Type": "Bitmap Heap Scan",
                          "Parent Relationship": "Outer",
                          "Parallel Aware": true,
                          "Relation Name": "movie_companies",
                          "Alias": "mc",
                          "Startup Cost": 112.2,
                          "Total Cost": 11559.28,
                          "Plan Rows": 2138,
                          "Plan Width": 4,
                          "Actual Startup Time": 2.285,
                          "Actual Total Time": 9.555,
                          "Actual Rows": 1693,
                          "Actual Loops": 3,
                          "Recheck Cond": "(company_id = 475)",
                          "Rows Removed by Index Recheck": 0,
                          "Exact Heap Blocks": 2080,
                          "Lossy Heap Blocks": 0,
                          "Plans": [
                            {
                              "Node Type": "Bitmap Index Scan",
                              "Parent Relationship": "Outer",
                              "Parallel Aware": false,
                              "Index Name": "company_id_movie_companies",
                              "Startup Cost": 0.0,
                              "Total Cost": 110.91,
                              "Plan Rows": 5131,
                              "Plan Width": 0,
                              "Actual Startup Time": 4.604,
                              "Actual Total Time": 4.604,
                              "Actual Rows": 5080,
                              "Actual Loops": 1,
                              "Index Cond": "(company_id = 475)"
                            }
                          ]
                        },
                        {
                          "Node Type": "Index Only Scan",
                          "Parent Relationship": "Inner",
                          "Parallel Aware": false,
                          "Scan Direction": "Forward",
                          "Index Name": "title_pkey",
                          "Relation Name": "title",
                          "Alias": "t",
                          "Startup Cost": 0.43,
                          "Total Cost": 7.3,
                          "Plan Rows": 1,
                          "Plan Width": 4,
                          "Actual Startup Time": 0.01,
                          "Actual Total Time": 0.01,
                          "Actual Rows": 1,
                          "Actual Loops": 5080,
                          "Index Cond": "(id = mc.movie_id)",
                          "Rows Removed by Index Recheck": 0,
                          "Heap Fetches": 5080
                        }
                      ]
                    },
                    {
                      "Node Type": "Index Scan",
                      "Parent Relationship": "Inner",
                      "Parallel Aware": false,
                      "Scan Direction": "Forward",
                      "Index Name": "movie_id_movie_keyword",
                      "Relation Name": "movie_keyword",
                      "Alias": "mk",
                      "Startup Cost": 0.43,
                      "Total Cost": 1.4,
                      "Plan Rows": 38,
                      "Plan Width": 4,
                      "Actual Startup Time": 0.012,
                      "Actual Total Time": 0.018,
                      "Actual Rows": 29,
                      "Actual Loops": 5080,
                      "Index Cond": "(movie_id = t.id)",
                      "Rows Removed by Index Recheck": 0,
                      "Filter": "(keyword_id < 26875)",
                      "Rows Removed by Filter": 5
                    }
                  ]
                }
              ]
            }
          ]
        }
      ]
    },
    "Planning Time": 1.494,
    "Triggers": [],
    "Execution Time": 83.438
  }
]