[
    {
        "Bao": {
            "Bao prediction": 464.062,
            "Bao recommended hint": "(no hint)"
        }
    },
    {
        "Plan": {
            "Node Type": "Aggregate",
            "Strategy": "Plain",
            "Partial Mode": "Finalize",
            "Parallel Aware": false,
            "Startup Cost": 31190.08,
            "Total Cost": 31190.09,
            "Plan Rows": 1,
            "Plan Width": 8,
            "Actual Startup Time": 102.364,
            "Actual Total Time": 107.784,
            "Actual Rows": 1,
            "Actual Loops": 1,
            "Output": [
                "count(*)"
            ],
            "Plans": [
                {
                    "Node Type": "Gather",
                    "Parent Relationship": "Outer",
                    "Parallel Aware": false,
                    "Startup Cost": 31189.76,
                    "Total Cost": 31190.07,
                    "Plan Rows": 3,
                    "Plan Width": 8,
                    "Actual Startup Time": 102.315,
                    "Actual Total Time": 107.777,
                    "Actual Rows": 4,
                    "Actual Loops": 1,
                    "Output": [
                        "(PARTIAL count(*))"
                    ],
                    "Workers Planned": 3,
                    "Workers Launched": 3,
                    "Single Copy": false,
                    "Plans": [
                        {
                            "Node Type": "Aggregate",
                            "Strategy": "Plain",
                            "Partial Mode": "Partial",
                            "Parent Relationship": "Outer",
                            "Parallel Aware": false,
                            "Startup Cost": 30189.76,
                            "Total Cost": 30189.77,
                            "Plan Rows": 1,
                            "Plan Width": 8,
                            "Actual Startup Time": 94.609,
                            "Actual Total Time": 94.61,
                            "Actual Rows": 1,
                            "Actual Loops": 4,
                            "Output": [
                                "PARTIAL count(*)"
                            ],
                            "Workers": [
                                {
                                    "Worker Number": 0,
                                    "Actual Startup Time": 92.063,
                                    "Actual Total Time": 92.064,
                                    "Actual Rows": 1,
                                    "Actual Loops": 1
                                },
                                {
                                    "Worker Number": 1,
                                    "Actual Startup Time": 92.119,
                                    "Actual Total Time": 92.119,
                                    "Actual Rows": 1,
                                    "Actual Loops": 1
                                },
                                {
                                    "Worker Number": 2,
                                    "Actual Startup Time": 92.555,
                                    "Actual Total Time": 92.557,
                                    "Actual Rows": 1,
                                    "Actual Loops": 1
                                }
                            ],
                            "Plans": [
                                {
                                    "Node Type": "Seq Scan",
                                    "Parent Relationship": "Outer",
                                    "Parallel Aware": true,
                                    "Relation Name": "movie_companies",
                                    "Schema": "public",
                                    "Alias": "mc",
                                    "Startup Cost": 0.0,
                                    "Total Cost": 29310.68,
                                    "Plan Rows": 351632,
                                    "Plan Width": 0,
                                    "Actual Startup Time": 22.997,
                                    "Actual Total Time": 81.186,
                                    "Actual Rows": 273287,
                                    "Actual Loops": 4,
                                    "Output": [
                                        "id",
                                        "movie_id",
                                        "company_id",
                                        "company_type_id",
                                        "note"
                                    ],
                                    "Filter": "(mc.company_id > 14161)",
                                    "Rows Removed by Filter": 378995,
                                    "Workers": [
                                        {
                                            "Worker Number": 0,
                                            "Actual Startup Time": 20.437,
                                            "Actual Total Time": 78.948,
                                            "Actual Rows": 287375,
                                            "Actual Loops": 1
                                        },
                                        {
                                            "Worker Number": 1,
                                            "Actual Startup Time": 20.508,
                                            "Actual Total Time": 79.466,
                                            "Actual Rows": 282165,
                                            "Actual Loops": 1
                                        },
                                        {
                                            "Worker Number": 2,
                                            "Actual Startup Time": 20.976,
                                            "Actual Total Time": 79.631,
                                            "Actual Rows": 286941,
                                            "Actual Loops": 1
                                        }
                                    ]
                                }
                            ]
                        }
                    ]
                }
            ]
        },
        "Planning Time": 575.743,
        "Triggers": [],
        "Execution Time": 107.867
    }
]