{
  "Plan": {
    "Node Type": "Aggregate",
    "Strategy": "Plain",
    "Partial Mode": "Finalize",
    "Parallel Aware": false,
    "Startup Cost": 113623.2,
    "Total Cost": 113623.21,
    "Plan Rows": 1,
    "Plan Width": 8,
    "Actual Startup Time": 890.073,
    "Actual Total Time": 906.125,
    "Actual Rows": 1,
    "Actual Loops": 1,
    "Plans": [
      {
        "Node Type": "Gather",
        "Parent Relationship": "Outer",
        "Parallel Aware": false,
        "Startup Cost": 113623.09,
        "Total Cost": 113623.2,
        "Plan Rows": 1,
        "Plan Width": 8,
        "Actual Startup Time": 887.079,
        "Actual Total Time": 906.115,
        "Actual Rows": 2,
        "Actual Loops": 1,
        "Workers Planned": 1,
        "Workers Launched": 1,
        "Single Copy": false,
        "Plans": [
          {
            "Node Type": "Aggregate",
            "Strategy": "Plain",
            "Partial Mode": "Partial",
            "Parent Relationship": "Outer",
            "Parallel Aware": false,
            "Startup Cost": 112623.09,
            "Total Cost": 112623.1,
            "Plan Rows": 1,
            "Plan Width": 8,
            "Actual Startup Time": 880.447,
            "Actual Total Time": 880.452,
            "Actual Rows": 1,
            "Actual Loops": 2,
            "Plans": [
              {
                "Node Type": "Hash Join",
                "Parent Relationship": "Outer",
                "Parallel Aware": true,
                "Join Type": "Inner",
                "Startup Cost": 48184.25,
                "Total Cost": 111348.59,
                "Plan Rows": 509802,
                "Plan Width": 0,
                "Actual Startup Time": 328.562,
                "Actual Total Time": 853.525,
                "Actual Rows": 536498,
                "Actual Loops": 2,
                "Inner Unique": false,
                "Hash Cond": "(t.id = mc.movie_id)",
                "Plans": [
                  {
                    "Node Type": "Seq Scan",
                    "Parent Relationship": "Outer",
                    "Parallel Aware": true,
                    "Relation Name": "title",
                    "Alias": "t",
                    "Startup Cost": 0.0,
                    "Total Cost": 50870.31,
                    "Plan Rows": 1487231,
                    "Plan Width": 4,
                    "Actual Startup Time": 0.01,
                    "Actual Total Time": 136.301,
                    "Actual Rows": 1264156,
                    "Actual Loops": 2
                  },
                  {
                    "Node Type": "Hash",
                    "Parent Relationship": "Inner",
                    "Parallel Aware": true,
                    "Startup Cost": 41811.73,
                    "Total Cost": 41811.73,
                    "Plan Rows": 509802,
                    "Plan Width": 4,
                    "Actual Startup Time": 318.624,
                    "Actual Total Time": 318.625,
                    "Actual Rows": 536498,
                    "Actual Loops": 2,
                    "Hash Buckets": 2097152,
                    "Original Hash Buckets": 1048576,
                    "Hash Batches": 1,
                    "Original Hash Batches": 1,
                    "Peak Memory Usage": 66592,
                    "Plans": [
                      {
                        "Node Type": "Seq Scan",
                        "Parent Relationship": "Outer",
                        "Parallel Aware": true,
                        "Relation Name": "movie_companies",
                        "Alias": "mc",
                        "Startup Cost": 0.0,
                        "Total Cost": 41811.73,
                        "Plan Rows": 509802,
                        "Plan Width": 4,
                        "Actual Startup Time": 75.712,
                        "Actual Total Time": 164.708,
                        "Actual Rows": 536498,
                        "Actual Loops": 2,
                        "Filter": "((company_id > 2865) AND (company_type_id > 1))",
                        "Rows Removed by Filter": 768066
                      }
                    ]
                  }
                ]
              }
            ]
          }
        ]
      }
    ]
  },
  "Planning Time": 0.777,
  "Triggers": [],
  "Execution Time": 906.199
}