[
  {
    "Plan": {
      "Node Type": "Aggregate",
      "Strategy": "Plain",
      "Partial Mode": "Finalize",
      "Parallel Aware": false,
      "Startup Cost": 337112.16,
      "Total Cost": 337112.17,
      "Plan Rows": 1,
      "Plan Width": 8,
      "Actual Startup Time": 716.983,
      "Actual Total Time": 776.352,
      "Actual Rows": 1,
      "Actual Loops": 1,
      "Plans": [
        {
          "Node Type": "Gather",
          "Parent Relationship": "Outer",
          "Parallel Aware": false,
          "Startup Cost": 337111.53,
          "Total Cost": 337112.14,
          "Plan Rows": 6,
          "Plan Width": 8,
          "Actual Startup Time": 716.856,
          "Actual Total Time": 776.341,
          "Actual Rows": 7,
          "Actual Loops": 1,
          "Workers Planned": 6,
          "Workers Launched": 6,
          "Single Copy": false,
          "Plans": [
            {
              "Node Type": "Aggregate",
              "Strategy": "Plain",
              "Partial Mode": "Partial",
              "Parent Relationship": "Outer",
              "Parallel Aware": false,
              "Startup Cost": 336111.53,
              "Total Cost": 336111.54,
              "Plan Rows": 1,
              "Plan Width": 8,
              "Actual Startup Time": 707.634,
              "Actual Total Time": 707.635,
              "Actual Rows": 1,
              "Actual Loops": 7,
              "Plans": [
                {
                  "Node Type": "Seq Scan",
                  "Parent Relationship": "Outer",
                  "Parallel Aware": true,
                  "Relation Name": "cast_info",
                  "Alias": "ci",
                  "Startup Cost": 0.0,
                  "Total Cost": 328162.03,
                  "Plan Rows": 3179803,
                  "Plan Width": 0,
                  "Actual Startup Time": 0.048,
                  "Actual Total Time": 587.924,
                  "Actual Rows": 2736644,
                  "Actual Loops": 7,
                  "Filter": "(person_id < 1914232)",
                  "Rows Removed by Filter": 2441119
                }
              ]
            }
          ]
        }
      ]
    },
    "Planning Time": 0.192,
    "Triggers": [],
    "Execution Time": 776.423
  }
]