[
  {
    "Plan": {
      "Node Type": "Aggregate",
      "Strategy": "Plain",
      "Partial Mode": "Finalize",
      "Parallel Aware": false,
      "Startup Cost": 90157.19,
      "Total Cost": 90157.2,
      "Plan Rows": 1,
      "Plan Width": 8,
      "Actual Startup Time": 349.617,
      "Actual Total Time": 369.207,
      "Actual Rows": 1,
      "Actual Loops": 1,
      "Plans": [
        {
          "Node Type": "Gather",
          "Parent Relationship": "Outer",
          "Parallel Aware": false,
          "Startup Cost": 90156.87,
          "Total Cost": 90157.18,
          "Plan Rows": 3,
          "Plan Width": 8,
          "Actual Startup Time": 347.312,
          "Actual Total Time": 369.2,
          "Actual Rows": 4,
          "Actual Loops": 1,
          "Workers Planned": 3,
          "Workers Launched": 3,
          "Single Copy": false,
          "Plans": [
            {
              "Node Type": "Aggregate",
              "Strategy": "Plain",
              "Partial Mode": "Partial",
              "Parent Relationship": "Outer",
              "Parallel Aware": false,
              "Startup Cost": 89156.87,
              "Total Cost": 89156.88,
              "Plan Rows": 1,
              "Plan Width": 8,
              "Actual Startup Time": 338.385,
              "Actual Total Time": 338.389,
              "Actual Rows": 1,
              "Actual Loops": 4,
              "Plans": [
                {
                  "Node Type": "Hash Join",
                  "Parent Relationship": "Outer",
                  "Parallel Aware": true,
                  "Join Type": "Inner",
                  "Startup Cost": 46026.34,
                  "Total Cost": 88904.42,
                  "Plan Rows": 100982,
                  "Plan Width": 0,
                  "Actual Startup Time": 130.775,
                  "Actual Total Time": 327.274,
                  "Actual Rows": 270454,
                  "Actual Loops": 4,
                  "Inner Unique": true,
                  "Hash Cond": "(mk.movie_id = t.id)",
                  "Plans": [
                    {
                      "Node Type": "Seq Scan",
                      "Parent Relationship": "Outer",
                      "Parallel Aware": true,
                      "Relation Name": "movie_keyword",
                      "Alias": "mk",
                      "Startup Cost": 0.0,
                      "Total Cost": 39047.32,
                      "Plan Rows": 1459332,
                      "Plan Width": 4,
                      "Actual Startup Time": 0.026,
                      "Actual Total Time": 85.492,
                      "Actual Rows": 1130982,
                      "Actual Loops": 4
                    },
                    {
                      "Node Type": "Hash",
                      "Parent Relationship": "Inner",
                      "Parallel Aware": true,
                      "Startup Cost": 45479.59,
                      "Total Cost": 45479.59,
                      "Plan Rows": 43740,
                      "Plan Width": 4,
                      "Actual Startup Time": 129.064,
                      "Actual Total Time": 129.065,
                      "Actual Rows": 72056,
                      "Actual Loops": 4,
                      "Hash Buckets": 524288,
                      "Original Hash Buckets": 262144,
                      "Hash Batches": 1,
                      "Original Hash Batches": 1,
                      "Peak Memory Usage": 17472,
                      "Plans": [
                        {
                          "Node Type": "Seq Scan",
                          "Parent Relationship": "Outer",
                          "Parallel Aware": true,
                          "Relation Name": "title",
                          "Alias": "t",
                          "Startup Cost": 0.0,
                          "Total Cost": 45479.59,
                          "Plan Rows": 43740,
                          "Plan Width": 4,
                          "Actual Startup Time": 0.152,
                          "Actual Total Time": 98.255,
                          "Actual Rows": 72056,
                          "Actual Loops": 4,
                          "Filter": "((kind_id < 7) AND (production_year < 1977))",
                          "Rows Removed by Filter": 560022
                        }
                      ]
                    }
                  ]
                }
              ]
            }
          ]
        }
      ]
    },
    "Planning Time": 0.247,
    "Triggers": [],
    "Execution Time": 369.255
  }
]