[
  {
    "Plan": {
      "Node Type": "Aggregate",
      "Strategy": "Plain",
      "Partial Mode": "Finalize",
      "Parallel Aware": false,
      "Startup Cost": 344217.52,
      "Total Cost": 344217.53,
      "Plan Rows": 1,
      "Plan Width": 8,
      "Actual Startup Time": 929.943,
      "Actual Total Time": 992.24,
      "Actual Rows": 1,
      "Actual Loops": 1,
      "Plans": [
        {
          "Node Type": "Gather",
          "Parent Relationship": "Outer",
          "Parallel Aware": false,
          "Startup Cost": 344216.9,
          "Total Cost": 344217.51,
          "Plan Rows": 6,
          "Plan Width": 8,
          "Actual Startup Time": 929.813,
          "Actual Total Time": 992.215,
          "Actual Rows": 7,
          "Actual Loops": 1,
          "Workers Planned": 6,
          "Workers Launched": 6,
          "Single Copy": false,
          "Plans": [
            {
              "Node Type": "Aggregate",
              "Strategy": "Plain",
              "Partial Mode": "Partial",
              "Parent Relationship": "Outer",
              "Parallel Aware": false,
              "Startup Cost": 343216.9,
              "Total Cost": 343216.91,
              "Plan Rows": 1,
              "Plan Width": 8,
              "Actual Startup Time": 919.818,
              "Actual Total Time": 919.819,
              "Actual Rows": 1,
              "Actual Loops": 7,
              "Plans": [
                {
                  "Node Type": "Seq Scan",
                  "Parent Relationship": "Outer",
                  "Parallel Aware": true,
                  "Relation Name": "cast_info",
                  "Alias": "ci",
                  "Startup Cost": 0.0,
                  "Total Cost": 328162.03,
                  "Plan Rows": 6021949,
                  "Plan Width": 0,
                  "Actual Startup Time": 0.056,
                  "Actual Total Time": 685.539,
                  "Actual Rows": 5162224,
                  "Actual Loops": 7,
                  "Filter": "(person_id < 4044652)",
                  "Rows Removed by Filter": 15539
                }
              ]
            }
          ]
        }
      ]
    },
    "Planning Time": 0.316,
    "Triggers": [],
    "Execution Time": 992.314
  }
]