[
  {
    "Plan": {
      "Node Type": "Aggregate",
      "Strategy": "Plain",
      "Partial Mode": "Finalize",
      "Parallel Aware": false,
      "Startup Cost": 124282.16,
      "Total Cost": 124282.17,
      "Plan Rows": 1,
      "Plan Width": 8,
      "Actual Startup Time": 1085.467,
      "Actual Total Time": 1105.568,
      "Actual Rows": 1,
      "Actual Loops": 1,
      "Plans": [
        {
          "Node Type": "Gather",
          "Parent Relationship": "Outer",
          "Parallel Aware": false,
          "Startup Cost": 124281.84,
          "Total Cost": 124282.15,
          "Plan Rows": 3,
          "Plan Width": 8,
          "Actual Startup Time": 1070.95,
          "Actual Total Time": 1105.558,
          "Actual Rows": 4,
          "Actual Loops": 1,
          "Workers Planned": 3,
          "Workers Launched": 3,
          "Single Copy": false,
          "Plans": [
            {
              "Node Type": "Aggregate",
              "Strategy": "Plain",
              "Partial Mode": "Partial",
              "Parent Relationship": "Outer",
              "Parallel Aware": false,
              "Startup Cost": 123281.84,
              "Total Cost": 123281.85,
              "Plan Rows": 1,
              "Plan Width": 8,
              "Actual Startup Time": 1060.663,
              "Actual Total Time": 1061.297,
              "Actual Rows": 1,
              "Actual Loops": 4,
              "Plans": [
                {
                  "Node Type": "Hash Join",
                  "Parent Relationship": "Outer",
                  "Parallel Aware": true,
                  "Join Type": "Inner",
                  "Startup Cost": 71204.25,
                  "Total Cost": 121741.4,
                  "Plan Rows": 616175,
                  "Plan Width": 0,
                  "Actual Startup Time": 569.837,
                  "Actual Total Time": 971.857,
                  "Actual Rows": 1871835,
                  "Actual Loops": 4,
                  "Inner Unique": false,
                  "Hash Cond": "(mk.movie_id = t.id)",
                  "Plans": [
                    {
                      "Node Type": "Seq Scan",
                      "Parent Relationship": "Outer",
                      "Parallel Aware": true,
                      "Relation Name": "movie_keyword",
                      "Alias": "mk",
                      "Startup Cost": 0.0,
                      "Total Cost": 42695.65,
                      "Plan Rows": 1406429,
                      "Plan Width": 4,
                      "Actual Startup Time": 0.052,
                      "Actual Total Time": 133.991,
                      "Actual Rows": 1086592,
                      "Actual Loops": 4,
                      "Filter": "(keyword_id > 121)",
                      "Rows Removed by Filter": 44390
                    },
                    {
                      "Node Type": "Hash",
                      "Parent Relationship": "Inner",
                      "Parallel Aware": true,
                      "Startup Cost": 65435.1,
                      "Total Cost": 65435.1,
                      "Plan Rows": 461532,
                      "Plan Width": 8,
                      "Actual Startup Time": 563.132,
                      "Actual Total Time": 563.764,
                      "Actual Rows": 278582,
                      "Actual Loops": 4,
                      "Hash Buckets": 2097152,
                      "Original Hash Buckets": 2097152,
                      "Hash Batches": 1,
                      "Original Hash Batches": 1,
                      "Peak Memory Usage": 60064,
                      "Plans": [
                        {
                          "Node Type": "Hash Join",
                          "Parent Relationship": "Outer",
                          "Parallel Aware": true,
                          "Join Type": "Inner",
                          "Startup Cost": 50240.54,
                          "Total Cost": 65435.1,
                          "Plan Rows": 461532,
                          "Plan Width": 8,
                          "Actual Startup Time": 336.56,
                          "Actual Total Time": 478.516,
                          "Actual Rows": 278582,
                          "Actual Loops": 4,
                          "Inner Unique": true,
                          "Hash Cond": "(mi_idx.movie_id = t.id)",
                          "Plans": [
                            {
                              "Node Type": "Seq Scan",
                              "Parent Relationship": "Outer",
                              "Parallel Aware": true,
                              "Relation Name": "movie_info_idx",
                              "Alias": "mi_idx",
                              "Startup Cost": 0.0,
                              "Total Cost": 13685.15,
                              "Plan Rows": 575015,
                              "Plan Width": 4,
                              "Actual Startup Time": 0.028,
                              "Actual Total Time": 35.943,
                              "Actual Rows": 345009,
                              "Actual Loops": 4
                            },
                            {
                              "Node Type": "Hash",
                              "Parent Relationship": "Inner",
                              "Parallel Aware": true,
                              "Startup Cost": 43898.92,
                              "Total Cost": 43898.92,
                              "Plan Rows": 507330,
                              "Plan Width": 4,
                              "Actual Startup Time": 333.233,
                              "Actual Total Time": 333.236,
                              "Actual Rows": 504676,
                              "Actual Loops": 4,
                              "Hash Buckets": 2097152,
                              "Original Hash Buckets": 2097152,
                              "Hash Batches": 1,
                              "Original Hash Batches": 1,
                              "Peak Memory Usage": 95424,
                              "Plans": [
                                {
                                  "Node Type": "Seq Scan",
                                  "Parent Relationship": "Outer",
                                  "Parallel Aware": true,
                                  "Relation Name": "title",
                                  "Alias": "t",
                                  "Startup Cost": 0.0,
                                  "Total Cost": 43898.92,
                                  "Plan Rows": 507330,
                                  "Plan Width": 4,
                                  "Actual Startup Time": 0.037,
                                  "Actual Total Time": 130.015,
                                  "Actual Rows": 504676,
                                  "Actual Loops": 4,
                                  "Filter": "(production_year > 1974)",
                                  "Rows Removed by Filter": 127402
                                }
                              ]
                            }
                          ]
                        }
                      ]
                    }
                  ]
                }
              ]
            }
          ]
        }
      ]
    },
    "Planning Time": 0.93,
    "Triggers": [],
    "Execution Time": 1105.64
  }
]