[
  {
    "Plan": {
      "Node Type": "Aggregate",
      "Strategy": "Plain",
      "Partial Mode": "Finalize",
      "Parallel Aware": false,
      "Startup Cost": 27754.7,
      "Total Cost": 27754.71,
      "Plan Rows": 1,
      "Plan Width": 8,
      "Actual Startup Time": 30.505,
      "Actual Total Time": 34.886,
      "Actual Rows": 1,
      "Actual Loops": 1,
      "Plans": [
        {
          "Node Type": "Gather",
          "Parent Relationship": "Outer",
          "Parallel Aware": false,
          "Startup Cost": 27754.49,
          "Total Cost": 27754.7,
          "Plan Rows": 2,
          "Plan Width": 8,
          "Actual Startup Time": 30.202,
          "Actual Total Time": 34.878,
          "Actual Rows": 3,
          "Actual Loops": 1,
          "Workers Planned": 2,
          "Workers Launched": 2,
          "Single Copy": false,
          "Plans": [
            {
              "Node Type": "Aggregate",
              "Strategy": "Plain",
              "Partial Mode": "Partial",
              "Parent Relationship": "Outer",
              "Parallel Aware": false,
              "Startup Cost": 26754.49,
              "Total Cost": 26754.5,
              "Plan Rows": 1,
              "Plan Width": 8,
              "Actual Startup Time": 22.026,
              "Actual Total Time": 22.028,
              "Actual Rows": 1,
              "Actual Loops": 3,
              "Plans": [
                {
                  "Node Type": "Nested Loop",
                  "Parent Relationship": "Outer",
                  "Parallel Aware": false,
                  "Join Type": "Inner",
                  "Startup Cost": 167.23,
                  "Total Cost": 26753.43,
                  "Plan Rows": 425,
                  "Plan Width": 0,
                  "Actual Startup Time": 12.045,
                  "Actual Total Time": 21.988,
                  "Actual Rows": 122,
                  "Actual Loops": 3,
                  "Inner Unique": true,
                  "Plans": [
                    {
                      "Node Type": "Bitmap Heap Scan",
                      "Parent Relationship": "Outer",
                      "Parallel Aware": true,
                      "Relation Name": "movie_companies",
                      "Alias": "mc",
                      "Startup Cost": 166.8,
                      "Total Cost": 14552.72,
                      "Plan Rows": 1619,
                      "Plan Width": 4,
                      "Actual Startup Time": 6.608,
                      "Actual Total Time": 9.758,
                      "Actual Rows": 903,
                      "Actual Loops": 3,
                      "Recheck Cond": "(company_id = 302)",
                      "Rows Removed by Index Recheck": 0,
                      "Filter": "(company_type_id = 2)",
                      "Rows Removed by Filter": 1326,
                      "Exact Heap Blocks": 3192,
                      "Lossy Heap Blocks": 0,
                      "Plans": [
                        {
                          "Node Type": "Bitmap Index Scan",
                          "Parent Relationship": "Outer",
                          "Parallel Aware": false,
                          "Index Name": "company_id_movie_companies",
                          "Startup Cost": 0.0,
                          "Total Cost": 165.83,
                          "Plan Rows": 7653,
                          "Plan Width": 0,
                          "Actual Startup Time": 4.983,
                          "Actual Total Time": 4.984,
                          "Actual Rows": 6686,
                          "Actual Loops": 1,
                          "Index Cond": "(company_id = 302)"
                        }
                      ]
                    },
                    {
                      "Node Type": "Index Scan",
                      "Parent Relationship": "Inner",
                      "Parallel Aware": false,
                      "Scan Direction": "Forward",
                      "Index Name": "title_pkey",
                      "Relation Name": "title",
                      "Alias": "t",
                      "Startup Cost": 0.43,
                      "Total Cost": 7.54,
                      "Plan Rows": 1,
                      "Plan Width": 4,
                      "Actual Startup Time": 0.013,
                      "Actual Total Time": 0.013,
                      "Actual Rows": 0,
                      "Actual Loops": 2708,
                      "Index Cond": "(id = mc.movie_id)",
                      "Rows Removed by Index Recheck": 0,
                      "Filter": "(kind_id = 1)",
                      "Rows Removed by Filter": 1
                    }
                  ]
                }
              ]
            }
          ]
        }
      ]
    },
    "Planning Time": 0.683,
    "Triggers": [],
    "Execution Time": 34.985
  }
]