{
  "Plan": {
    "Node Type": "Aggregate",
    "Strategy": "Plain",
    "Partial Mode": "Finalize",
    "Parallel Aware": false,
    "Startup Cost": 683692.45,
    "Total Cost": 683692.46,
    "Plan Rows": 1,
    "Plan Width": 8,
    "Actual Startup Time": 7019.81,
    "Actual Total Time": 7093.342,
    "Actual Rows": 1,
    "Actual Loops": 1,
    "Plans": [
      {
        "Node Type": "Gather",
        "Parent Relationship": "Outer",
        "Parallel Aware": false,
        "Startup Cost": 683692.34,
        "Total Cost": 683692.45,
        "Plan Rows": 1,
        "Plan Width": 8,
        "Actual Startup Time": 7015.85,
        "Actual Total Time": 7093.33,
        "Actual Rows": 2,
        "Actual Loops": 1,
        "Workers Planned": 1,
        "Workers Launched": 1,
        "Single Copy": false,
        "Plans": [
          {
            "Node Type": "Aggregate",
            "Strategy": "Plain",
            "Partial Mode": "Partial",
            "Parent Relationship": "Outer",
            "Parallel Aware": false,
            "Startup Cost": 682692.34,
            "Total Cost": 682692.35,
            "Plan Rows": 1,
            "Plan Width": 8,
            "Actual Startup Time": 7010.002,
            "Actual Total Time": 7011.261,
            "Actual Rows": 1,
            "Actual Loops": 2,
            "Plans": [
              {
                "Node Type": "Hash Join",
                "Parent Relationship": "Outer",
                "Parallel Aware": true,
                "Join Type": "Inner",
                "Startup Cost": 116172.4,
                "Total Cost": 676485.16,
                "Plan Rows": 2482869,
                "Plan Width": 0,
                "Actual Startup Time": 650.655,
                "Actual Total Time": 6293.167,
                "Actual Rows": 17205616,
                "Actual Loops": 2,
                "Inner Unique": false,
                "Hash Cond": "(ci.movie_id = t.id)",
                "Plans": [
                  {
                    "Node Type": "Seq Scan",
                    "Parent Relationship": "Outer",
                    "Parallel Aware": true,
                    "Relation Name": "cast_info",
                    "Alias": "ci",
                    "Startup Cost": 0.0,
                    "Total Cost": 465792.95,
                    "Plan Rows": 21310595,
                    "Plan Width": 4,
                    "Actual Startup Time": 0.017,
                    "Actual Total Time": 1415.255,
                    "Actual Rows": 18122172,
                    "Actual Loops": 2
                  },
                  {
                    "Node Type": "Hash",
                    "Parent Relationship": "Inner",
                    "Parallel Aware": true,
                    "Startup Cost": 114006.46,
                    "Total Cost": 114006.46,
                    "Plan Rows": 173275,
                    "Plan Width": 8,
                    "Actual Startup Time": 645.259,
                    "Actual Total Time": 646.517,
                    "Actual Rows": 317710,
                    "Actual Loops": 2,
                    "Hash Buckets": 1048576,
                    "Original Hash Buckets": 524288,
                    "Hash Batches": 1,
                    "Original Hash Batches": 1,
                    "Peak Memory Usage": 37184,
                    "Plans": [
                      {
                        "Node Type": "Hash Join",
                        "Parent Relationship": "Outer",
                        "Parallel Aware": true,
                        "Join Type": "Inner",
                        "Startup Cost": 82306.62,
                        "Total Cost": 114006.46,
                        "Plan Rows": 173275,
                        "Plan Width": 8,
                        "Actual Startup Time": 358.277,
                        "Actual Total Time": 563.972,
                        "Actual Rows": 317710,
                        "Actual Loops": 2,
                        "Inner Unique": true,
                        "Hash Cond": "(mk.movie_id = t.id)",
                        "Plans": [
                          {
                            "Node Type": "Bitmap Heap Scan",
                            "Parent Relationship": "Outer",
                            "Parallel Aware": true,
                            "Relation Name": "movie_keyword",
                            "Alias": "mk",
                            "Startup Cost": 17276.09,
                            "Total Cost": 47718.39,
                            "Plan Rows": 479064,
                            "Plan Width": 4,
                            "Actual Startup Time": 52.941,
                            "Actual Total Time": 153.184,
                            "Actual Rows": 401130,
                            "Actual Loops": 2,
                            "Recheck Cond": "(keyword_id > 23070)",
                            "Rows Removed by Index Recheck": 0,
                            "Exact Heap Blocks": 15198,
                            "Lossy Heap Blocks": 0,
                            "Plans": [
                              {
                                "Node Type": "Bitmap Index Scan",
                                "Parent Relationship": "Outer",
                                "Parallel Aware": false,
                                "Index Name": "keyword_id_movie_keyword",
                                "Startup Cost": 0.0,
                                "Total Cost": 17072.49,
                                "Plan Rows": 814408,
                                "Plan Width": 0,
                                "Actual Startup Time": 49.289,
                                "Actual Total Time": 49.289,
                                "Actual Rows": 802261,
                                "Actual Loops": 1,
                                "Index Cond": "(keyword_id > 23070)"
                              }
                            ]
                          },
                          {
                            "Node Type": "Hash",
                            "Parent Relationship": "Inner",
                            "Parallel Aware": true,
                            "Startup Cost": 58306.47,
                            "Total Cost": 58306.47,
                            "Plan Rows": 537925,
                            "Plan Width": 4,
                            "Actual Startup Time": 298.73,
                            "Actual Total Time": 298.731,
                            "Actual Rows": 424962,
                            "Actual Loops": 2,
                            "Hash Buckets": 1048576,
                            "Original Hash Buckets": 1048576,
                            "Hash Batches": 1,
                            "Original Hash Batches": 1,
                            "Peak Memory Usage": 41472,
                            "Plans": [
                              {
                                "Node Type": "Seq Scan",
                                "Parent Relationship": "Outer",
                                "Parallel Aware": true,
                                "Relation Name": "title",
                                "Alias": "t",
                                "Startup Cost": 0.0,
                                "Total Cost": 58306.47,
                                "Plan Rows": 537925,
                                "Plan Width": 4,
                                "Actual Startup Time": 0.04,
                                "Actual Total Time": 180.733,
                                "Actual Rows": 424962,
                                "Actual Loops": 2,
                                "Filter": "((kind_id < 7) AND (production_year > 1934))",
                                "Rows Removed by Filter": 839194
                              }
                            ]
                          }
                        ]
                      }
                    ]
                  }
                ]
              }
            ]
          }
        ]
      }
    ]
  },
  "Planning Time": 1.033,
  "Triggers": [],
  "Execution Time": 7093.495
}