[
  {
    "Plan": {
      "Node Type": "Aggregate",
      "Strategy": "Plain",
      "Partial Mode": "Finalize",
      "Parallel Aware": false,
      "Startup Cost": 229473.52,
      "Total Cost": 229473.53,
      "Plan Rows": 1,
      "Plan Width": 8,
      "Actual Startup Time": 165.671,
      "Actual Total Time": 191.431,
      "Actual Rows": 1,
      "Actual Loops": 1,
      "Plans": [
        {
          "Node Type": "Gather",
          "Parent Relationship": "Outer",
          "Parallel Aware": false,
          "Startup Cost": 229473.1,
          "Total Cost": 229473.51,
          "Plan Rows": 4,
          "Plan Width": 8,
          "Actual Startup Time": 165.532,
          "Actual Total Time": 191.421,
          "Actual Rows": 5,
          "Actual Loops": 1,
          "Workers Planned": 4,
          "Workers Launched": 4,
          "Single Copy": false,
          "Plans": [
            {
              "Node Type": "Aggregate",
              "Strategy": "Plain",
              "Partial Mode": "Partial",
              "Parent Relationship": "Outer",
              "Parallel Aware": false,
              "Startup Cost": 228473.1,
              "Total Cost": 228473.11,
              "Plan Rows": 1,
              "Plan Width": 8,
              "Actual Startup Time": 155.575,
              "Actual Total Time": 155.576,
              "Actual Rows": 1,
              "Actual Loops": 5,
              "Plans": [
                {
                  "Node Type": "Nested Loop",
                  "Parent Relationship": "Outer",
                  "Parallel Aware": false,
                  "Join Type": "Inner",
                  "Startup Cost": 0.43,
                  "Total Cost": 228405.51,
                  "Plan Rows": 27034,
                  "Plan Width": 0,
                  "Actual Startup Time": 1.06,
                  "Actual Total Time": 153.432,
                  "Actual Rows": 31833,
                  "Actual Loops": 5,
                  "Inner Unique": false,
                  "Plans": [
                    {
                      "Node Type": "Seq Scan",
                      "Parent Relationship": "Outer",
                      "Parallel Aware": true,
                      "Relation Name": "title",
                      "Alias": "t",
                      "Startup Cost": 0.0,
                      "Total Cost": 45479.1,
                      "Plan Rows": 4623,
                      "Plan Width": 4,
                      "Actual Startup Time": 0.841,
                      "Actual Total Time": 73.804,
                      "Actual Rows": 2456,
                      "Actual Loops": 5,
                      "Filter": "((kind_id < 4) AND (production_year = 1999))",
                      "Rows Removed by Filter": 503206
                    },
                    {
                      "Node Type": "Index Only Scan",
                      "Parent Relationship": "Inner",
                      "Parallel Aware": false,
                      "Scan Direction": "Forward",
                      "Index Name": "movie_id_movie_info",
                      "Relation Name": "movie_info",
                      "Alias": "mi",
                      "Startup Cost": 0.43,
                      "Total Cost": 39.15,
                      "Plan Rows": 42,
                      "Plan Width": 4,
                      "Actual Startup Time": 0.011,
                      "Actual Total Time": 0.031,
                      "Actual Rows": 13,
                      "Actual Loops": 12281,
                      "Index Cond": "(movie_id = t.id)",
                      "Rows Removed by Index Recheck": 0,
                      "Heap Fetches": 159165
                    }
                  ]
                }
              ]
            }
          ]
        }
      ]
    },
    "Planning Time": 0.622,
    "Triggers": [],
    "Execution Time": 191.512
  }
]