[
  {
    "Plan": {
      "Node Type": "Aggregate",
      "Strategy": "Plain",
      "Partial Mode": "Simple",
      "Parallel Aware": false,
      "Startup Cost": 154987.73,
      "Total Cost": 154987.74,
      "Plan Rows": 1,
      "Plan Width": 64,
      "Actual Startup Time": 846.869,
      "Actual Total Time": 846.877,
      "Actual Rows": 1,
      "Actual Loops": 1,
      "Output": [
        "min(an1.name)",
        "min(t.title)"
      ],
      "Plans": [
        {
          "Node Type": "Nested Loop",
          "Parent Relationship": "Outer",
          "Parallel Aware": false,
          "Join Type": "Inner",
          "Startup Cost": 31678.49,
          "Total Cost": 154987.73,
          "Plan Rows": 1,
          "Plan Width": 33,
          "Actual Startup Time": 788.595,
          "Actual Total Time": 846.86,
          "Actual Rows": 6,
          "Actual Loops": 1,
          "Output": [
            "an1.name",
            "t.title"
          ],
          "Inner Unique": true,
          "Plans": [
            {
              "Node Type": "Nested Loop",
              "Parent Relationship": "Outer",
              "Parallel Aware": false,
              "Join Type": "Inner",
              "Startup Cost": 31678.07,
              "Total Cost": 154986.56,
              "Plan Rows": 1,
              "Plan Width": 37,
              "Actual Startup Time": 788.541,
              "Actual Total Time": 846.79,
              "Actual Rows": 6,
              "Actual Loops": 1,
              "Output": [
                "an1.name",
                "mc.company_id",
                "t.title"
              ],
              "Inner Unique": false,
              "Join Filter": "(ci.movie_id = mc.movie_id)",
              "Rows Removed by Join Filter": 0,
              "Plans": [
                {
                  "Node Type": "Nested Loop",
                  "Parent Relationship": "Outer",
                  "Parallel Aware": false,
                  "Join Type": "Inner",
                  "Startup Cost": 31677.64,
                  "Total Cost": 154985.36,
                  "Plan Rows": 2,
                  "Plan Width": 41,
                  "Actual Startup Time": 788.447,
                  "Actual Total Time": 846.658,
                  "Actual Rows": 3,
                  "Actual Loops": 1,
                  "Output": [
                    "an1.name",
                    "ci.movie_id",
                    "t.title",
                    "t.id"
                  ],
                  "Inner Unique": true,
                  "Plans": [
                    {
                      "Node Type": "Nested Loop",
                      "Parent Relationship": "Outer",
                      "Parallel Aware": false,
                      "Join Type": "Inner",
                      "Startup Cost": 31677.21,
                      "Total Cost": 154969.12,
                      "Plan Rows": 2,
                      "Plan Width": 20,
                      "Actual Startup Time": 788.335,
                      "Actual Total Time": 846.538,
                      "Actual Rows": 3,
                      "Actual Loops": 1,
                      "Output": [
                        "an1.name",
                        "ci.movie_id"
                      ],
                      "Inner Unique": true,
                      "Plans": [
                        {
                          "Node Type": "Hash Join",
                          "Parent Relationship": "Outer",
                          "Parallel Aware": false,
                          "Join Type": "Inner",
                          "Startup Cost": 31676.78,
                          "Total Cost": 154782.23,
                          "Plan Rows": 244,
                          "Plan Width": 28,
                          "Actual Startup Time": 548.666,
                          "Actual Total Time": 846.129,
                          "Actual Rows": 12,
                          "Actual Loops": 1,
                          "Output": [
                            "an1.name",
                            "an1.person_id",
                            "ci.person_id",
                            "ci.movie_id"
                          ],
                          "Inner Unique": false,
                          "Hash Cond": "(ci.person_id = an1.person_id)",
                          "Plans": [
                            {
                              "Node Type": "Nested Loop",
                              "Parent Relationship": "Outer",
                              "Parallel Aware": false,
                              "Join Type": "Inner",
                              "Startup Cost": 0.56,
                              "Total Cost": 122810.97,
                              "Plan Rows": 10400,
                              "Plan Width": 8,
                              "Actual Startup Time": 40.554,
                              "Actual Total Time": 337.99,
                              "Actual Rows": 6,
                              "Actual Loops": 1,
                              "Output": [
                                "ci.person_id",
                                "ci.movie_id"
                              ],
                              "Inner Unique": false,
                              "Plans": [
                                {
                                  "Node Type": "Seq Scan",
                                  "Parent Relationship": "Outer",
                                  "Parallel Aware": false,
                                  "Relation Name": "role_type",
                                  "Schema": "public",
                                  "Alias": "rt",
                                  "Startup Cost": 0.0,
                                  "Total Cost": 1.15,
                                  "Plan Rows": 1,
                                  "Plan Width": 4,
                                  "Actual Startup Time": 0.042,
                                  "Actual Total Time": 0.047,
                                  "Actual Rows": 1,
                                  "Actual Loops": 1,
                                  "Output": [
                                    "rt.id",
                                    "rt.role"
                                  ],
                                  "Filter": "((rt.role)::text = 'composer'::text)",
                                  "Rows Removed by Filter": 11
                                },
                                {
                                  "Node Type": "Index Scan",
                                  "Parent Relationship": "Inner",
                                  "Parallel Aware": false,
                                  "Scan Direction": "Forward",
                                  "Index Name": "role_id_cast_info",
                                  "Relation Name": "cast_info",
                                  "Schema": "public",
                                  "Alias": "ci",
                                  "Startup Cost": 0.56,
                                  "Total Cost": 122808.68,
                                  "Plan Rows": 114,
                                  "Plan Width": 12,
                                  "Actual Startup Time": 40.504,
                                  "Actual Total Time": 337.923,
                                  "Actual Rows": 6,
                                  "Actual Loops": 1,
                                  "Output": [
                                    "ci.id",
                                    "ci.person_id",
                                    "ci.movie_id",
                                    "ci.person_role_id",
                                    "ci.note",
                                    "ci.nr_order",
                                    "ci.role_id"
                                  ],
                                  "Index Cond": "(ci.role_id = rt.id)",
                                  "Rows Removed by Index Recheck": 0,
                                  "Filter": "(ci.note = '(as Coil)'::text)",
                                  "Rows Removed by Filter": 773668
                                }
                              ]
                            },
                            {
                              "Node Type": "Hash",
                              "Parent Relationship": "Inner",
                              "Parallel Aware": false,
                              "Startup Cost": 20409.43,
                              "Total Cost": 20409.43,
                              "Plan Rows": 901343,
                              "Plan Width": 20,
                              "Actual Startup Time": 500.595,
                              "Actual Total Time": 500.595,
                              "Actual Rows": 901343,
                              "Actual Loops": 1,
                              "Output": [
                                "an1.name",
                                "an1.person_id"
                              ],
                              "Hash Buckets": 1048576,
                              "Original Hash Buckets": 1048576,
                              "Hash Batches": 1,
                              "Original Hash Batches": 1,
                              "Peak Memory Usage": 55917,
                              "Plans": [
                                {
                                  "Node Type": "Seq Scan",
                                  "Parent Relationship": "Outer",
                                  "Parallel Aware": false,
                                  "Relation Name": "aka_name",
                                  "Schema": "public",
                                  "Alias": "an1",
                                  "Startup Cost": 0.0,
                                  "Total Cost": 20409.43,
                                  "Plan Rows": 901343,
                                  "Plan Width": 20,
                                  "Actual Startup Time": 0.018,
                                  "Actual Total Time": 215.415,
                                  "Actual Rows": 901343,
                                  "Actual Loops": 1,
                                  "Output": [
                                    "an1.name",
                                    "an1.person_id"
                                  ]
                                }
                              ]
                            }
                          ]
                        },
                        {
                          "Node Type": "Index Scan",
                          "Parent Relationship": "Inner",
                          "Parallel Aware": false,
                          "Scan Direction": "Forward",
                          "Index Name": "name_pkey",
                          "Relation Name": "name",
                          "Schema": "public",
                          "Alias": "n1",
                          "Startup Cost": 0.43,
                          "Total Cost": 0.77,
                          "Plan Rows": 1,
                          "Plan Width": 4,
                          "Actual Startup Time": 0.032,
                          "Actual Total Time": 0.032,
                          "Actual Rows": 0,
                          "Actual Loops": 12,
                          "Output": [
                            "n1.id",
                            "n1.name",
                            "n1.imdb_index",
                            "n1.imdb_id",
                            "n1.gender",
                            "n1.name_pcode_cf",
                            "n1.name_pcode_nf",
                            "n1.surname_pcode",
                            "n1.md5sum"
                          ],
                          "Index Cond": "(n1.id = an1.person_id)",
                          "Rows Removed by Index Recheck": 0,
                          "Filter": "((n1.name ~~ '%Yo%'::text) AND (n1.name !~~ '%Yu%'::text))",
                          "Rows Removed by Filter": 1
                        }
                      ]
                    },
                    {
                      "Node Type": "Index Scan",
                      "Parent Relationship": "Inner",
                      "Parallel Aware": false,
                      "Scan Direction": "Forward",
                      "Index Name": "title_pkey",
                      "Relation Name": "title",
                      "Schema": "public",
                      "Alias": "t",
                      "Startup Cost": 0.43,
                      "Total Cost": 8.12,
                      "Plan Rows": 1,
                      "Plan Width": 21,
                      "Actual Startup Time": 0.038,
                      "Actual Total Time": 0.038,
                      "Actual Rows": 1,
                      "Actual Loops": 3,
                      "Output": [
                        "t.id",
                        "t.title",
                        "t.imdb_index",
                        "t.kind_id",
                        "t.production_year",
                        "t.imdb_id",
                        "t.phonetic_code",
                        "t.episode_of_id",
                        "t.season_nr",
                        "t.episode_nr",
                        "t.series_years",
                        "t.md5sum"
                      ],
                      "Index Cond": "(t.id = ci.movie_id)",
                      "Rows Removed by Index Recheck": 0
                    }
                  ]
                },
                {
                  "Node Type": "Index Scan",
                  "Parent Relationship": "Inner",
                  "Parallel Aware": false,
                  "Scan Direction": "Forward",
                  "Index Name": "movie_id_movie_companies",
                  "Relation Name": "movie_companies",
                  "Schema": "public",
                  "Alias": "mc",
                  "Startup Cost": 0.43,
                  "Total Cost": 0.59,
                  "Plan Rows": 1,
                  "Plan Width": 8,
                  "Actual Startup Time": 0.032,
                  "Actual Total Time": 0.042,
                  "Actual Rows": 2,
                  "Actual Loops": 3,
                  "Output": [
                    "mc.id",
                    "mc.movie_id",
                    "mc.company_id",
                    "mc.company_type_id",
                    "mc.note"
                  ],
                  "Index Cond": "(mc.movie_id = t.id)",
                  "Rows Removed by Index Recheck": 0,
                  "Filter": "((mc.note ~~ '%(Japan)%'::text) AND (mc.note !~~ '%(USA)%'::text))",
                  "Rows Removed by Filter": 1
                }
              ]
            },
            {
              "Node Type": "Index Scan",
              "Parent Relationship": "Inner",
              "Parallel Aware": false,
              "Scan Direction": "Forward",
              "Index Name": "company_name_pkey",
              "Relation Name": "company_name",
              "Schema": "public",
              "Alias": "cn",
              "Startup Cost": 0.42,
              "Total Cost": 1.17,
              "Plan Rows": 1,
              "Plan Width": 4,
              "Actual Startup Time": 0.01,
              "Actual Total Time": 0.01,
              "Actual Rows": 1,
              "Actual Loops": 6,
              "Output": [
                "cn.id",
                "cn.name",
                "cn.country_code",
                "cn.imdb_id",
                "cn.name_pcode_nf",
                "cn.name_pcode_sf",
                "cn.md5sum"
              ],
              "Index Cond": "(cn.id = mc.company_id)",
              "Rows Removed by Index Recheck": 0,
              "Filter": "((cn.country_code)::text = '[jp]'::text)",
              "Rows Removed by Filter": 0
            }
          ]
        }
      ]
    },
    "Planning Time": 74438.96,
    "Triggers": [],
    "Execution Time": 848.198
  }
]