[
  {
    "Plan": {
      "Node Type": "Aggregate",
      "Strategy": "Plain",
      "Partial Mode": "Finalize",
      "Parallel Aware": false,
      "Startup Cost": 44907.51,
      "Total Cost": 44907.52,
      "Plan Rows": 1,
      "Plan Width": 8,
      "Actual Startup Time": 92.493,
      "Actual Total Time": 105.195,
      "Actual Rows": 1,
      "Actual Loops": 1,
      "Plans": [
        {
          "Node Type": "Gather",
          "Parent Relationship": "Outer",
          "Parallel Aware": false,
          "Startup Cost": 44907.09,
          "Total Cost": 44907.5,
          "Plan Rows": 4,
          "Plan Width": 8,
          "Actual Startup Time": 92.374,
          "Actual Total Time": 105.187,
          "Actual Rows": 5,
          "Actual Loops": 1,
          "Workers Planned": 4,
          "Workers Launched": 4,
          "Single Copy": false,
          "Plans": [
            {
              "Node Type": "Aggregate",
              "Strategy": "Plain",
              "Partial Mode": "Partial",
              "Parent Relationship": "Outer",
              "Parallel Aware": false,
              "Startup Cost": 43907.09,
              "Total Cost": 43907.1,
              "Plan Rows": 1,
              "Plan Width": 8,
              "Actual Startup Time": 83.009,
              "Actual Total Time": 83.01,
              "Actual Rows": 1,
              "Actual Loops": 5,
              "Plans": [
                {
                  "Node Type": "Seq Scan",
                  "Parent Relationship": "Outer",
                  "Parallel Aware": true,
                  "Relation Name": "title",
                  "Alias": "t",
                  "Startup Cost": 0.0,
                  "Total Cost": 43898.92,
                  "Plan Rows": 3270,
                  "Plan Width": 0,
                  "Actual Startup Time": 54.811,
                  "Actual Total Time": 82.779,
                  "Actual Rows": 2998,
                  "Actual Loops": 5,
                  "Filter": "(production_year < 1905)",
                  "Rows Removed by Filter": 502665
                }
              ]
            }
          ]
        }
      ]
    },
    "Planning Time": 0.126,
    "Triggers": [],
    "Execution Time": 105.247
  }
]