[
  {
    "Plan": {
      "Node Type": "Aggregate",
      "Strategy": "Plain",
      "Partial Mode": "Finalize",
      "Parallel Aware": false,
      "Startup Cost": 90879.97,
      "Total Cost": 90879.98,
      "Plan Rows": 1,
      "Plan Width": 8,
      "Actual Startup Time": 300.301,
      "Actual Total Time": 318.314,
      "Actual Rows": 1,
      "Actual Loops": 1,
      "Plans": [
        {
          "Node Type": "Gather",
          "Parent Relationship": "Outer",
          "Parallel Aware": false,
          "Startup Cost": 90879.66,
          "Total Cost": 90879.97,
          "Plan Rows": 3,
          "Plan Width": 8,
          "Actual Startup Time": 298.425,
          "Actual Total Time": 318.305,
          "Actual Rows": 4,
          "Actual Loops": 1,
          "Workers Planned": 3,
          "Workers Launched": 3,
          "Single Copy": false,
          "Plans": [
            {
              "Node Type": "Aggregate",
              "Strategy": "Plain",
              "Partial Mode": "Partial",
              "Parent Relationship": "Outer",
              "Parallel Aware": false,
              "Startup Cost": 89879.66,
              "Total Cost": 89879.67,
              "Plan Rows": 1,
              "Plan Width": 8,
              "Actual Startup Time": 289.368,
              "Actual Total Time": 289.371,
              "Actual Rows": 1,
              "Actual Loops": 4,
              "Plans": [
                {
                  "Node Type": "Hash Join",
                  "Parent Relationship": "Outer",
                  "Parallel Aware": true,
                  "Join Type": "Inner",
                  "Startup Cost": 46258.79,
                  "Total Cost": 89800.17,
                  "Plan Rows": 31794,
                  "Plan Width": 0,
                  "Actual Startup Time": 143.823,
                  "Actual Total Time": 285.602,
                  "Actual Rows": 81055,
                  "Actual Loops": 4,
                  "Inner Unique": true,
                  "Hash Cond": "(mk.movie_id = t.id)",
                  "Plans": [
                    {
                      "Node Type": "Seq Scan",
                      "Parent Relationship": "Outer",
                      "Parallel Aware": true,
                      "Relation Name": "movie_keyword",
                      "Alias": "mk",
                      "Startup Cost": 0.0,
                      "Total Cost": 42695.65,
                      "Plan Rows": 322184,
                      "Plan Width": 4,
                      "Actual Startup Time": 0.027,
                      "Actual Total Time": 96.865,
                      "Actual Rows": 250256,
                      "Actual Loops": 4,
                      "Filter": "(keyword_id < 957)",
                      "Rows Removed by Filter": 880726
                    },
                    {
                      "Node Type": "Hash",
                      "Parent Relationship": "Inner",
                      "Parallel Aware": true,
                      "Startup Cost": 45479.1,
                      "Total Cost": 45479.1,
                      "Plan Rows": 62375,
                      "Plan Width": 4,
                      "Actual Startup Time": 141.538,
                      "Actual Total Time": 141.539,
                      "Actual Rows": 91406,
                      "Actual Loops": 4,
                      "Hash Buckets": 524288,
                      "Original Hash Buckets": 262144,
                      "Hash Batches": 1,
                      "Original Hash Batches": 1,
                      "Peak Memory Usage": 20512,
                      "Plans": [
                        {
                          "Node Type": "Seq Scan",
                          "Parent Relationship": "Outer",
                          "Parallel Aware": true,
                          "Relation Name": "title",
                          "Alias": "t",
                          "Startup Cost": 0.0,
                          "Total Cost": 45479.1,
                          "Plan Rows": 62375,
                          "Plan Width": 4,
                          "Actual Startup Time": 0.094,
                          "Actual Total Time": 102.355,
                          "Actual Rows": 91406,
                          "Actual Loops": 4,
                          "Filter": "((kind_id < 7) AND (production_year < 1988))",
                          "Rows Removed by Filter": 540672
                        }
                      ]
                    }
                  ]
                }
              ]
            }
          ]
        }
      ]
    },
    "Planning Time": 0.654,
    "Triggers": [],
    "Execution Time": 318.39
  }
]