{
  "Plan": {
    "Node Type": "Aggregate",
    "Strategy": "Plain",
    "Partial Mode": "Finalize",
    "Parallel Aware": false,
    "Startup Cost": 61385.11,
    "Total Cost": 61385.12,
    "Plan Rows": 1,
    "Plan Width": 64,
    "Actual Startup Time": 853.321,
    "Actual Total Time": 934.443,
    "Actual Rows": 1,
    "Actual Loops": 1,
    "Plans": [
      {
        "Node Type": "Gather",
        "Parent Relationship": "Outer",
        "Parallel Aware": false,
        "Startup Cost": 61384.99,
        "Total Cost": 61385.1,
        "Plan Rows": 1,
        "Plan Width": 64,
        "Actual Startup Time": 850.578,
        "Actual Total Time": 934.428,
        "Actual Rows": 2,
        "Actual Loops": 1,
        "Workers Planned": 1,
        "Workers Launched": 1,
        "Single Copy": false,
        "Plans": [
          {
            "Node Type": "Aggregate",
            "Strategy": "Plain",
            "Partial Mode": "Partial",
            "Parent Relationship": "Outer",
            "Parallel Aware": false,
            "Startup Cost": 60384.99,
            "Total Cost": 60385.0,
            "Plan Rows": 1,
            "Plan Width": 64,
            "Actual Startup Time": 844.836,
            "Actual Total Time": 844.842,
            "Actual Rows": 1,
            "Actual Loops": 2,
            "Plans": [
              {
                "Node Type": "Nested Loop",
                "Parent Relationship": "Outer",
                "Parallel Aware": false,
                "Join Type": "Inner",
                "Startup Cost": 60308.17,
                "Total Cost": 60384.49,
                "Plan Rows": 101,
                "Plan Width": 33,
                "Actual Startup Time": 836.63,
                "Actual Total Time": 844.606,
                "Actual Rows": 1736,
                "Actual Loops": 2,
                "Inner Unique": true,
                "Plans": [
                  {
                    "Node Type": "Merge Join",
                    "Parent Relationship": "Outer",
                    "Parallel Aware": false,
                    "Join Type": "Inner",
                    "Startup Cost": 60307.74,
                    "Total Cost": 60314.84,
                    "Plan Rows": 101,
                    "Plan Width": 21,
                    "Actual Startup Time": 836.578,
                    "Actual Total Time": 837.06,
                    "Actual Rows": 1941,
                    "Actual Loops": 2,
                    "Inner Unique": true,
                    "Merge Cond": "(ci.role_id = rt.id)",
                    "Plans": [
                      {
                        "Node Type": "Sort",
                        "Parent Relationship": "Outer",
                        "Parallel Aware": false,
                        "Startup Cost": 60306.58,
                        "Total Cost": 60309.62,
                        "Plan Rows": 1217,
                        "Plan Width": 25,
                        "Actual Startup Time": 836.136,
                        "Actual Total Time": 836.477,
                        "Actual Rows": 6116,
                        "Actual Loops": 2,
                        "Sort Key": [
                          "ci.role_id"
                        ],
                        "Sort Method": "quicksort",
                        "Sort Space Used": 797,
                        "Sort Space Type": "Memory",
                        "Workers": [
                          {
                            "Worker Number": 0,
                            "Sort Method": "quicksort",
                            "Sort Space Used": 511,
                            "Sort Space Type": "Memory"
                          }
                        ],
                        "Plans": [
                          {
                            "Node Type": "Nested Loop",
                            "Parent Relationship": "Outer",
                            "Parallel Aware": false,
                            "Join Type": "Inner",
                            "Startup Cost": 2.51,
                            "Total Cost": 60244.21,
                            "Plan Rows": 1217,
                            "Plan Width": 25,
                            "Actual Startup Time": 4.936,
                            "Actual Total Time": 834.314,
                            "Actual Rows": 6150,
                            "Actual Loops": 2,
                            "Inner Unique": false,
                            "Join Filter": "(t.id = ci.movie_id)",
                            "Rows Removed by Join Filter": 0,
                            "Plans": [
                              {
                                "Node Type": "Nested Loop",
                                "Parent Relationship": "Outer",
                                "Parallel Aware": false,
                                "Join Type": "Inner",
                                "Startup Cost": 1.95,
                                "Total Cost": 53047.62,
                                "Plan Rows": 3902,
                                "Plan Width": 25,
                                "Actual Startup Time": 0.675,
                                "Actual Total Time": 195.595,
                                "Actual Rows": 8276,
                                "Actual Loops": 2,
                                "Inner Unique": true,
                                "Plans": [
                                  {
                                    "Node Type": "Hash Join",
                                    "Parent Relationship": "Outer",
                                    "Parallel Aware": false,
                                    "Join Type": "Inner",
                                    "Startup Cost": 1.52,
                                    "Total Cost": 45268.48,
                                    "Plan Rows": 14989,
                                    "Plan Width": 4,
                                    "Actual Startup Time": 0.368,
                                    "Actual Total Time": 64.167,
                                    "Actual Rows": 28205,
                                    "Actual Loops": 2,
                                    "Inner Unique": true,
                                    "Hash Cond": "(mc.company_type_id = ct.id)",
                                    "Plans": [
                                      {
                                        "Node Type": "Nested Loop",
                                        "Parent Relationship": "Outer",
                                        "Parallel Aware": false,
                                        "Join Type": "Inner",
                                        "Startup Cost": 0.43,
                                        "Total Cost": 45186.36,
                                        "Plan Rows": 14989,
                                        "Plan Width": 8,
                                        "Actual Startup Time": 0.148,
                                        "Actual Total Time": 58.631,
                                        "Actual Rows": 28205,
                                        "Actual Loops": 2,
                                        "Inner Unique": false,
                                        "Plans": [
                                          {
                                            "Node Type": "Seq Scan",
                                            "Parent Relationship": "Outer",
                                            "Parallel Aware": true,
                                            "Relation Name": "company_name",
                                            "Alias": "cn",
                                            "Startup Cost": 0.0,
                                            "Total Cost": 4722.92,
                                            "Plan Rows": 1350,
                                            "Plan Width": 4,
                                            "Actual Startup Time": 0.036,
                                            "Actual Total Time": 12.37,
                                            "Actual Rows": 1170,
                                            "Actual Loops": 2,
                                            "Filter": "((country_code)::text = '[nl]'::text)",
                                            "Rows Removed by Filter": 116328
                                          },
                                          {
                                            "Node Type": "Index Scan",
                                            "Parent Relationship": "Inner",
                                            "Parallel Aware": false,
                                            "Scan Direction": "Forward",
                                            "Index Name": "company_id_movie_companies",
                                            "Relation Name": "movie_companies",
                                            "Alias": "mc",
                                            "Startup Cost": 0.43,
                                            "Total Cost": 28.66,
                                            "Plan Rows": 131,
                                            "Plan Width": 12,
                                            "Actual Startup Time": 0.007,
                                            "Actual Total Time": 0.036,
                                            "Actual Rows": 24,
                                            "Actual Loops": 2340,
                                            "Index Cond": "(company_id = cn.id)",
                                            "Rows Removed by Index Recheck": 0
                                          }
                                        ]
                                      },
                                      {
                                        "Node Type": "Hash",
                                        "Parent Relationship": "Inner",
                                        "Parallel Aware": false,
                                        "Startup Cost": 1.04,
                                        "Total Cost": 1.04,
                                        "Plan Rows": 4,
                                        "Plan Width": 4,
                                        "Actual Startup Time": 0.063,
                                        "Actual Total Time": 0.064,
                                        "Actual Rows": 4,
                                        "Actual Loops": 2,
                                        "Hash Buckets": 1024,
                                        "Original Hash Buckets": 1024,
                                        "Hash Batches": 1,
                                        "Original Hash Batches": 1,
                                        "Peak Memory Usage": 9,
                                        "Plans": [
                                          {
                                            "Node Type": "Seq Scan",
                                            "Parent Relationship": "Outer",
                                            "Parallel Aware": false,
                                            "Relation Name": "company_type",
                                            "Alias": "ct",
                                            "Startup Cost": 0.0,
                                            "Total Cost": 1.04,
                                            "Plan Rows": 4,
                                            "Plan Width": 4,
                                            "Actual Startup Time": 0.043,
                                            "Actual Total Time": 0.046,
                                            "Actual Rows": 4,
                                            "Actual Loops": 2
                                          }
                                        ]
                                      }
                                    ]
                                  },
                                  {
                                    "Node Type": "Index Scan",
                                    "Parent Relationship": "Inner",
                                    "Parallel Aware": false,
                                    "Scan Direction": "Forward",
                                    "Index Name": "title_pkey",
                                    "Relation Name": "title",
                                    "Alias": "t",
                                    "Startup Cost": 0.43,
                                    "Total Cost": 0.52,
                                    "Plan Rows": 1,
                                    "Plan Width": 21,
                                    "Actual Startup Time": 0.004,
                                    "Actual Total Time": 0.004,
                                    "Actual Rows": 0,
                                    "Actual Loops": 56410,
                                    "Index Cond": "(id = mc.movie_id)",
                                    "Rows Removed by Index Recheck": 0,
                                    "Filter": "(production_year > 2008)",
                                    "Rows Removed by Filter": 1
                                  }
                                ]
                              },
                              {
                                "Node Type": "Index Scan",
                                "Parent Relationship": "Inner",
                                "Parallel Aware": false,
                                "Scan Direction": "Forward",
                                "Index Name": "movie_id_cast_info",
                                "Relation Name": "cast_info",
                                "Alias": "ci",
                                "Startup Cost": 0.56,
                                "Total Cost": 1.83,
                                "Plan Rows": 1,
                                "Plan Width": 12,
                                "Actual Startup Time": 0.065,
                                "Actual Total Time": 0.077,
                                "Actual Rows": 1,
                                "Actual Loops": 16552,
                                "Index Cond": "(movie_id = mc.movie_id)",
                                "Rows Removed by Index Recheck": 0,
                                "Filter": "(note ~~ '%(voice)%'::text)",
                                "Rows Removed by Filter": 66
                              }
                            ]
                          }
                        ]
                      },
                      {
                        "Node Type": "Sort",
                        "Parent Relationship": "Inner",
                        "Parallel Aware": false,
                        "Startup Cost": 1.16,
                        "Total Cost": 1.16,
                        "Plan Rows": 1,
                        "Plan Width": 4,
                        "Actual Startup Time": 0.046,
                        "Actual Total Time": 0.047,
                        "Actual Rows": 1,
                        "Actual Loops": 2,
                        "Sort Key": [
                          "rt.id"
                        ],
                        "Sort Method": "quicksort",
                        "Sort Space Used": 25,
                        "Sort Space Type": "Memory",
                        "Workers": [
                          {
                            "Worker Number": 0,
                            "Sort Method": "quicksort",
                            "Sort Space Used": 25,
                            "Sort Space Type": "Memory"
                          }
                        ],
                        "Plans": [
                          {
                            "Node Type": "Seq Scan",
                            "Parent Relationship": "Outer",
                            "Parallel Aware": false,
                            "Relation Name": "role_type",
                            "Alias": "rt",
                            "Startup Cost": 0.0,
                            "Total Cost": 1.15,
                            "Plan Rows": 1,
                            "Plan Width": 4,
                            "Actual Startup Time": 0.032,
                            "Actual Total Time": 0.033,
                            "Actual Rows": 1,
                            "Actual Loops": 2,
                            "Filter": "((role)::text = 'actress'::text)",
                            "Rows Removed by Filter": 11
                          }
                        ]
                      }
                    ]
                  },
                  {
                    "Node Type": "Index Scan",
                    "Parent Relationship": "Inner",
                    "Parallel Aware": false,
                    "Scan Direction": "Forward",
                    "Index Name": "char_name_pkey",
                    "Relation Name": "char_name",
                    "Alias": "chn",
                    "Startup Cost": 0.43,
                    "Total Cost": 0.69,
                    "Plan Rows": 1,
                    "Plan Width": 20,
                    "Actual Startup Time": 0.004,
                    "Actual Total Time": 0.004,
                    "Actual Rows": 1,
                    "Actual Loops": 3882,
                    "Index Cond": "(id = ci.person_role_id)",
                    "Rows Removed by Index Recheck": 0
                  }
                ]
              }
            ]
          }
        ]
      }
    ]
  },
  "Planning Time": 1.931,
  "Triggers": [],
  "Execution Time": 934.639
}