{
  "Plan": {
    "Node Type": "Aggregate",
    "Strategy": "Plain",
    "Partial Mode": "Finalize",
    "Parallel Aware": false,
    "Startup Cost": 43103.33,
    "Total Cost": 43103.34,
    "Plan Rows": 1,
    "Plan Width": 8,
    "Actual Startup Time": 56.365,
    "Actual Total Time": 64.53,
    "Actual Rows": 1,
    "Actual Loops": 1,
    "Plans": [
      {
        "Node Type": "Gather",
        "Parent Relationship": "Outer",
        "Parallel Aware": false,
        "Startup Cost": 43103.22,
        "Total Cost": 43103.33,
        "Plan Rows": 1,
        "Plan Width": 8,
        "Actual Startup Time": 56.11,
        "Actual Total Time": 64.523,
        "Actual Rows": 2,
        "Actual Loops": 1,
        "Workers Planned": 1,
        "Workers Launched": 1,
        "Single Copy": false,
        "Plans": [
          {
            "Node Type": "Aggregate",
            "Strategy": "Plain",
            "Partial Mode": "Partial",
            "Parent Relationship": "Outer",
            "Parallel Aware": false,
            "Startup Cost": 42103.22,
            "Total Cost": 42103.23,
            "Plan Rows": 1,
            "Plan Width": 8,
            "Actual Startup Time": 49.425,
            "Actual Total Time": 49.426,
            "Actual Rows": 1,
            "Actual Loops": 2,
            "Plans": [
              {
                "Node Type": "Nested Loop",
                "Parent Relationship": "Outer",
                "Parallel Aware": false,
                "Join Type": "Inner",
                "Startup Cost": 139.54,
                "Total Cost": 42102.72,
                "Plan Rows": 201,
                "Plan Width": 0,
                "Actual Startup Time": 3.905,
                "Actual Total Time": 49.269,
                "Actual Rows": 658,
                "Actual Loops": 2,
                "Inner Unique": false,
                "Plans": [
                  {
                    "Node Type": "Nested Loop",
                    "Parent Relationship": "Outer",
                    "Parallel Aware": false,
                    "Join Type": "Inner",
                    "Startup Cost": 139.11,
                    "Total Cost": 41710.01,
                    "Plan Rows": 396,
                    "Plan Width": 8,
                    "Actual Startup Time": 3.758,
                    "Actual Total Time": 45.321,
                    "Actual Rows": 346,
                    "Actual Loops": 2,
                    "Inner Unique": true,
                    "Plans": [
                      {
                        "Node Type": "Bitmap Heap Scan",
                        "Parent Relationship": "Outer",
                        "Parallel Aware": true,
                        "Relation Name": "movie_keyword",
                        "Alias": "mk",
                        "Startup Cost": 138.68,
                        "Total Cost": 14778.02,
                        "Plan Rows": 3814,
                        "Plan Width": 4,
                        "Actual Startup Time": 3.292,
                        "Actual Total Time": 13.373,
                        "Actual Rows": 3250,
                        "Actual Loops": 2,
                        "Recheck Cond": "(keyword_id = 355)",
                        "Rows Removed by Index Recheck": 0,
                        "Exact Heap Blocks": 3330,
                        "Lossy Heap Blocks": 0,
                        "Plans": [
                          {
                            "Node Type": "Bitmap Index Scan",
                            "Parent Relationship": "Outer",
                            "Parallel Aware": false,
                            "Index Name": "keyword_id_movie_keyword",
                            "Startup Cost": 0.0,
                            "Total Cost": 137.06,
                            "Plan Rows": 6484,
                            "Plan Width": 0,
                            "Actual Startup Time": 4.299,
                            "Actual Total Time": 4.3,
                            "Actual Rows": 6501,
                            "Actual Loops": 1,
                            "Index Cond": "(keyword_id = 355)"
                          }
                        ]
                      },
                      {
                        "Node Type": "Index Scan",
                        "Parent Relationship": "Inner",
                        "Parallel Aware": false,
                        "Scan Direction": "Forward",
                        "Index Name": "title_pkey",
                        "Relation Name": "title",
                        "Alias": "t",
                        "Startup Cost": 0.43,
                        "Total Cost": 7.06,
                        "Plan Rows": 1,
                        "Plan Width": 4,
                        "Actual Startup Time": 0.009,
                        "Actual Total Time": 0.009,
                        "Actual Rows": 0,
                        "Actual Loops": 6501,
                        "Index Cond": "(id = mk.movie_id)",
                        "Rows Removed by Index Recheck": 0,
                        "Filter": "(production_year < 1963)",
                        "Rows Removed by Filter": 1
                      }
                    ]
                  },
                  {
                    "Node Type": "Index Scan",
                    "Parent Relationship": "Inner",
                    "Parallel Aware": false,
                    "Scan Direction": "Forward",
                    "Index Name": "movie_id_movie_companies",
                    "Relation Name": "movie_companies",
                    "Alias": "mc",
                    "Startup Cost": 0.43,
                    "Total Cost": 0.96,
                    "Plan Rows": 3,
                    "Plan Width": 4,
                    "Actual Startup Time": 0.009,
                    "Actual Total Time": 0.01,
                    "Actual Rows": 2,
                    "Actual Loops": 691,
                    "Index Cond": "(movie_id = t.id)",
                    "Rows Removed by Index Recheck": 0,
                    "Filter": "(company_type_id < 2)",
                    "Rows Removed by Filter": 0
                  }
                ]
              }
            ]
          }
        ]
      }
    ]
  },
  "Planning Time": 1.004,
  "Triggers": [],
  "Execution Time": 64.624
}