[
  {
    "Plan": {
      "Node Type": "Aggregate",
      "Strategy": "Plain",
      "Partial Mode": "Finalize",
      "Parallel Aware": false,
      "Startup Cost": 99700.76,
      "Total Cost": 99700.77,
      "Plan Rows": 1,
      "Plan Width": 8,
      "Actual Startup Time": 653.034,
      "Actual Total Time": 671.773,
      "Actual Rows": 1,
      "Actual Loops": 1,
      "Plans": [
        {
          "Node Type": "Gather",
          "Parent Relationship": "Outer",
          "Parallel Aware": false,
          "Startup Cost": 99700.55,
          "Total Cost": 99700.76,
          "Plan Rows": 2,
          "Plan Width": 8,
          "Actual Startup Time": 648.853,
          "Actual Total Time": 671.764,
          "Actual Rows": 3,
          "Actual Loops": 1,
          "Workers Planned": 2,
          "Workers Launched": 2,
          "Single Copy": false,
          "Plans": [
            {
              "Node Type": "Aggregate",
              "Strategy": "Plain",
              "Partial Mode": "Partial",
              "Parent Relationship": "Outer",
              "Parallel Aware": false,
              "Startup Cost": 98700.55,
              "Total Cost": 98700.56,
              "Plan Rows": 1,
              "Plan Width": 8,
              "Actual Startup Time": 640.849,
              "Actual Total Time": 641.014,
              "Actual Rows": 1,
              "Actual Loops": 3,
              "Plans": [
                {
                  "Node Type": "Hash Join",
                  "Parent Relationship": "Outer",
                  "Parallel Aware": true,
                  "Join Type": "Inner",
                  "Startup Cost": 82113.74,
                  "Total Cost": 98327.87,
                  "Plan Rows": 149070,
                  "Plan Width": 0,
                  "Actual Startup Time": 513.874,
                  "Actual Total Time": 632.775,
                  "Actual Rows": 180877,
                  "Actual Loops": 3,
                  "Inner Unique": false,
                  "Hash Cond": "(mi_idx.movie_id = t.id)",
                  "Plans": [
                    {
                      "Node Type": "Seq Scan",
                      "Parent Relationship": "Outer",
                      "Parallel Aware": true,
                      "Relation Name": "movie_info_idx",
                      "Alias": "mi_idx",
                      "Startup Cost": 0.0,
                      "Total Cost": 13685.15,
                      "Plan Rows": 575015,
                      "Plan Width": 4,
                      "Actual Startup Time": 0.035,
                      "Actual Total Time": 38.88,
                      "Actual Rows": 460012,
                      "Actual Loops": 3
                    },
                    {
                      "Node Type": "Hash",
                      "Parent Relationship": "Inner",
                      "Parallel Aware": true,
                      "Startup Cost": 80065.46,
                      "Total Cost": 80065.46,
                      "Plan Rows": 163863,
                      "Plan Width": 8,
                      "Actual Startup Time": 507.502,
                      "Actual Total Time": 507.665,
                      "Actual Rows": 139860,
                      "Actual Loops": 3,
                      "Hash Buckets": 1048576,
                      "Original Hash Buckets": 1048576,
                      "Hash Batches": 1,
                      "Original Hash Batches": 1,
                      "Peak Memory Usage": 24640,
                      "Plans": [
                        {
                          "Node Type": "Hash Join",
                          "Parent Relationship": "Outer",
                          "Parallel Aware": true,
                          "Join Type": "Inner",
                          "Startup Cost": 34057.77,
                          "Total Cost": 80065.46,
                          "Plan Rows": 163863,
                          "Plan Width": 8,
                          "Actual Startup Time": 155.059,
                          "Actual Total Time": 455.087,
                          "Actual Rows": 139860,
                          "Actual Loops": 3,
                          "Inner Unique": false,
                          "Hash Cond": "(t.id = mc.movie_id)",
                          "Plans": [
                            {
                              "Node Type": "Seq Scan",
                              "Parent Relationship": "Outer",
                              "Parallel Aware": true,
                              "Relation Name": "title",
                              "Alias": "t",
                              "Startup Cost": 0.0,
                              "Total Cost": 42318.73,
                              "Plan Rows": 632073,
                              "Plan Width": 4,
                              "Actual Startup Time": 0.012,
                              "Actual Total Time": 102.012,
                              "Actual Rows": 842771,
                              "Actual Loops": 3
                            },
                            {
                              "Node Type": "Hash",
                              "Parent Relationship": "Inner",
                              "Parallel Aware": true,
                              "Startup Cost": 31414.82,
                              "Total Cost": 31414.82,
                              "Plan Rows": 211436,
                              "Plan Width": 4,
                              "Actual Startup Time": 151.478,
                              "Actual Total Time": 151.48,
                              "Actual Rows": 139860,
                              "Actual Loops": 3,
                              "Hash Buckets": 1048576,
                              "Original Hash Buckets": 1048576,
                              "Hash Batches": 1,
                              "Original Hash Batches": 1,
                              "Peak Memory Usage": 24672,
                              "Plans": [
                                {
                                  "Node Type": "Seq Scan",
                                  "Parent Relationship": "Outer",
                                  "Parallel Aware": true,
                                  "Relation Name": "movie_companies",
                                  "Alias": "mc",
                                  "Startup Cost": 0.0,
                                  "Total Cost": 31414.82,
                                  "Plan Rows": 211436,
                                  "Plan Width": 4,
                                  "Actual Startup Time": 55.691,
                                  "Actual Total Time": 102.647,
                                  "Actual Rows": 139860,
                                  "Actual Loops": 3,
                                  "Filter": "((company_id < 11241) AND (company_type_id > 1))",
                                  "Rows Removed by Filter": 729850
                                }
                              ]
                            }
                          ]
                        }
                      ]
                    }
                  ]
                }
              ]
            }
          ]
        }
      ]
    },
    "Planning Time": 1.403,
    "Triggers": [],
    "Execution Time": 671.856
  }
]