[
  {
    "Plan": {
      "Node Type": "Aggregate",
      "Strategy": "Plain",
      "Partial Mode": "Finalize",
      "Parallel Aware": false,
      "Startup Cost": 341348.7,
      "Total Cost": 341348.71,
      "Plan Rows": 1,
      "Plan Width": 8,
      "Actual Startup Time": 502.846,
      "Actual Total Time": 525.891,
      "Actual Rows": 1,
      "Actual Loops": 1,
      "Plans": [
        {
          "Node Type": "Gather",
          "Parent Relationship": "Outer",
          "Parallel Aware": false,
          "Startup Cost": 341348.08,
          "Total Cost": 341348.69,
          "Plan Rows": 6,
          "Plan Width": 8,
          "Actual Startup Time": 502.77,
          "Actual Total Time": 525.883,
          "Actual Rows": 7,
          "Actual Loops": 1,
          "Workers Planned": 6,
          "Workers Launched": 6,
          "Single Copy": false,
          "Plans": [
            {
              "Node Type": "Aggregate",
              "Strategy": "Plain",
              "Partial Mode": "Partial",
              "Parent Relationship": "Outer",
              "Parallel Aware": false,
              "Startup Cost": 340348.08,
              "Total Cost": 340348.09,
              "Plan Rows": 1,
              "Plan Width": 8,
              "Actual Startup Time": 492.828,
              "Actual Total Time": 492.829,
              "Actual Rows": 1,
              "Actual Loops": 7,
              "Plans": [
                {
                  "Node Type": "Index Scan",
                  "Parent Relationship": "Outer",
                  "Parallel Aware": true,
                  "Scan Direction": "Forward",
                  "Index Name": "role_id_cast_info",
                  "Relation Name": "cast_info",
                  "Alias": "ci",
                  "Startup Cost": 0.56,
                  "Total Cost": 335235.55,
                  "Plan Rows": 2045012,
                  "Plan Width": 0,
                  "Actual Startup Time": 28.919,
                  "Actual Total Time": 411.585,
                  "Actual Rows": 1748368,
                  "Actual Loops": 7,
                  "Index Cond": "(role_id < 2)",
                  "Rows Removed by Index Recheck": 0,
                  "Filter": "(person_id > 62969)",
                  "Rows Removed by Filter": 61731
                }
              ]
            }
          ]
        }
      ]
    },
    "Planning Time": 0.277,
    "Triggers": [],
    "Execution Time": 525.959
  }
]