[
  {
    "Plan": {
      "Node Type": "Aggregate",
      "Strategy": "Plain",
      "Partial Mode": "Finalize",
      "Parallel Aware": false,
      "Startup Cost": 36376.15,
      "Total Cost": 36376.16,
      "Plan Rows": 1,
      "Plan Width": 8,
      "Actual Startup Time": 125.859,
      "Actual Total Time": 133.984,
      "Actual Rows": 1,
      "Actual Loops": 1,
      "Plans": [
        {
          "Node Type": "Gather",
          "Parent Relationship": "Outer",
          "Parallel Aware": false,
          "Startup Cost": 36375.83,
          "Total Cost": 36376.14,
          "Plan Rows": 3,
          "Plan Width": 8,
          "Actual Startup Time": 125.458,
          "Actual Total Time": 133.973,
          "Actual Rows": 4,
          "Actual Loops": 1,
          "Workers Planned": 3,
          "Workers Launched": 3,
          "Single Copy": false,
          "Plans": [
            {
              "Node Type": "Aggregate",
              "Strategy": "Plain",
              "Partial Mode": "Partial",
              "Parent Relationship": "Outer",
              "Parallel Aware": false,
              "Startup Cost": 35375.83,
              "Total Cost": 35375.84,
              "Plan Rows": 1,
              "Plan Width": 8,
              "Actual Startup Time": 116.336,
              "Actual Total Time": 116.338,
              "Actual Rows": 1,
              "Actual Loops": 4,
              "Plans": [
                {
                  "Node Type": "Bitmap Heap Scan",
                  "Parent Relationship": "Outer",
                  "Parallel Aware": true,
                  "Relation Name": "movie_keyword",
                  "Alias": "mk",
                  "Startup Cost": 8893.36,
                  "Total Cost": 35037.76,
                  "Plan Rows": 135231,
                  "Plan Width": 0,
                  "Actual Startup Time": 42.004,
                  "Actual Total Time": 109.971,
                  "Actual Rows": 101748,
                  "Actual Loops": 4,
                  "Recheck Cond": "(keyword_id > 42551)",
                  "Rows Removed by Index Recheck": 0,
                  "Exact Heap Blocks": 11144,
                  "Lossy Heap Blocks": 0,
                  "Plans": [
                    {
                      "Node Type": "Bitmap Index Scan",
                      "Parent Relationship": "Outer",
                      "Parallel Aware": false,
                      "Index Name": "keyword_id_movie_keyword",
                      "Startup Cost": 0.0,
                      "Total Cost": 8788.56,
                      "Plan Rows": 419217,
                      "Plan Width": 0,
                      "Actual Startup Time": 46.741,
                      "Actual Total Time": 46.742,
                      "Actual Rows": 406991,
                      "Actual Loops": 1,
                      "Index Cond": "(keyword_id > 42551)"
                    }
                  ]
                }
              ]
            }
          ]
        }
      ]
    },
    "Planning Time": 0.179,
    "Triggers": [],
    "Execution Time": 134.06
  }
]