[
    {
        "Bao": {
            "Bao prediction": 786.379,
            "Bao recommended hint": "SET enable_mergejoin TO off; "
        }
    },
    {
        "Plan": {
            "Node Type": "Aggregate",
            "Strategy": "Plain",
            "Partial Mode": "Finalize",
            "Parallel Aware": false,
            "Startup Cost": 394444.99,
            "Total Cost": 394445.0,
            "Plan Rows": 1,
            "Plan Width": 8,
            "Actual Startup Time": 2201.921,
            "Actual Total Time": 2225.03,
            "Actual Rows": 1,
            "Actual Loops": 1,
            "Output": [
                "count(*)"
            ],
            "Plans": [
                {
                    "Node Type": "Gather",
                    "Parent Relationship": "Outer",
                    "Parallel Aware": false,
                    "Startup Cost": 394444.37,
                    "Total Cost": 394444.98,
                    "Plan Rows": 6,
                    "Plan Width": 8,
                    "Actual Startup Time": 2193.498,
                    "Actual Total Time": 2225.021,
                    "Actual Rows": 7,
                    "Actual Loops": 1,
                    "Output": [
                        "(PARTIAL count(*))"
                    ],
                    "Workers Planned": 6,
                    "Workers Launched": 6,
                    "Single Copy": false,
                    "Plans": [
                        {
                            "Node Type": "Aggregate",
                            "Strategy": "Plain",
                            "Partial Mode": "Partial",
                            "Parent Relationship": "Outer",
                            "Parallel Aware": false,
                            "Startup Cost": 393444.37,
                            "Total Cost": 393444.38,
                            "Plan Rows": 1,
                            "Plan Width": 8,
                            "Actual Startup Time": 2182.531,
                            "Actual Total Time": 2182.534,
                            "Actual Rows": 1,
                            "Actual Loops": 7,
                            "Output": [
                                "PARTIAL count(*)"
                            ],
                            "Workers": [
                                {
                                    "Worker Number": 0,
                                    "Actual Startup Time": 2180.768,
                                    "Actual Total Time": 2180.77,
                                    "Actual Rows": 1,
                                    "Actual Loops": 1
                                },
                                {
                                    "Worker Number": 1,
                                    "Actual Startup Time": 2180.763,
                                    "Actual Total Time": 2180.766,
                                    "Actual Rows": 1,
                                    "Actual Loops": 1
                                },
                                {
                                    "Worker Number": 2,
                                    "Actual Startup Time": 2180.858,
                                    "Actual Total Time": 2180.86,
                                    "Actual Rows": 1,
                                    "Actual Loops": 1
                                },
                                {
                                    "Worker Number": 3,
                                    "Actual Startup Time": 2180.88,
                                    "Actual Total Time": 2180.882,
                                    "Actual Rows": 1,
                                    "Actual Loops": 1
                                },
                                {
                                    "Worker Number": 4,
                                    "Actual Startup Time": 2180.884,
                                    "Actual Total Time": 2180.886,
                                    "Actual Rows": 1,
                                    "Actual Loops": 1
                                },
                                {
                                    "Worker Number": 5,
                                    "Actual Startup Time": 2180.99,
                                    "Actual Total Time": 2180.993,
                                    "Actual Rows": 1,
                                    "Actual Loops": 1
                                }
                            ],
                            "Plans": [
                                {
                                    "Node Type": "Hash Join",
                                    "Parent Relationship": "Outer",
                                    "Parallel Aware": true,
                                    "Join Type": "Inner",
                                    "Startup Cost": 47009.89,
                                    "Total Cost": 388475.2,
                                    "Plan Rows": 1987667,
                                    "Plan Width": 0,
                                    "Actual Startup Time": 155.969,
                                    "Actual Total Time": 2073.826,
                                    "Actual Rows": 1764691,
                                    "Actual Loops": 7,
                                    "Inner Unique": true,
                                    "Hash Cond": "(ci.movie_id = t.id)",
                                    "Workers": [
                                        {
                                            "Worker Number": 0,
                                            "Actual Startup Time": 154.273,
                                            "Actual Total Time": 2068.993,
                                            "Actual Rows": 1654976,
                                            "Actual Loops": 1
                                        },
                                        {
                                            "Worker Number": 1,
                                            "Actual Startup Time": 154.397,
                                            "Actual Total Time": 2069.699,
                                            "Actual Rows": 1636297,
                                            "Actual Loops": 1
                                        },
                                        {
                                            "Worker Number": 2,
                                            "Actual Startup Time": 154.513,
                                            "Actual Total Time": 2072.119,
                                            "Actual Rows": 1659268,
                                            "Actual Loops": 1
                                        },
                                        {
                                            "Worker Number": 3,
                                            "Actual Startup Time": 154.368,
                                            "Actual Total Time": 2069.197,
                                            "Actual Rows": 1691417,
                                            "Actual Loops": 1
                                        },
                                        {
                                            "Worker Number": 4,
                                            "Actual Startup Time": 154.367,
                                            "Actual Total Time": 2070.485,
                                            "Actual Rows": 1673159,
                                            "Actual Loops": 1
                                        },
                                        {
                                            "Worker Number": 5,
                                            "Actual Startup Time": 154.487,
                                            "Actual Total Time": 2072.673,
                                            "Actual Rows": 1632356,
                                            "Actual Loops": 1
                                        }
                                    ],
                                    "Plans": [
                                        {
                                            "Node Type": "Seq Scan",
                                            "Parent Relationship": "Outer",
                                            "Parallel Aware": true,
                                            "Relation Name": "cast_info",
                                            "Schema": "public",
                                            "Alias": "ci",
                                            "Startup Cost": 0.0,
                                            "Total Cost": 328213.62,
                                            "Plan Rows": 5048254,
                                            "Plan Width": 4,
                                            "Actual Startup Time": 0.028,
                                            "Actual Total Time": 688.869,
                                            "Actual Rows": 4335496,
                                            "Actual Loops": 7,
                                            "Output": [
                                                "ci.id",
                                                "ci.person_id",
                                                "ci.movie_id",
                                                "ci.person_role_id",
                                                "ci.note",
                                                "ci.nr_order",
                                                "ci.role_id"
                                            ],
                                            "Filter": "(ci.person_id < 3054836)",
                                            "Rows Removed by Filter": 842267,
                                            "Workers": [
                                                {
                                                    "Worker Number": 0,
                                                    "Actual Startup Time": 0.019,
                                                    "Actual Total Time": 697.811,
                                                    "Actual Rows": 4037678,
                                                    "Actual Loops": 1
                                                },
                                                {
                                                    "Worker Number": 1,
                                                    "Actual Startup Time": 0.043,
                                                    "Actual Total Time": 703.065,
                                                    "Actual Rows": 4027338,
                                                    "Actual Loops": 1
                                                },
                                                {
                                                    "Worker Number": 2,
                                                    "Actual Startup Time": 0.029,
                                                    "Actual Total Time": 711.2,
                                                    "Actual Rows": 4064040,
                                                    "Actual Loops": 1
                                                },
                                                {
                                                    "Worker Number": 3,
                                                    "Actual Startup Time": 0.026,
                                                    "Actual Total Time": 697.185,
                                                    "Actual Rows": 4140997,
                                                    "Actual Loops": 1
                                                },
                                                {
                                                    "Worker Number": 4,
                                                    "Actual Startup Time": 0.035,
                                                    "Actual Total Time": 693.83,
                                                    "Actual Rows": 4105029,
                                                    "Actual Loops": 1
                                                },
                                                {
                                                    "Worker Number": 5,
                                                    "Actual Startup Time": 0.037,
                                                    "Actual Total Time": 709.553,
                                                    "Actual Rows": 4000379,
                                                    "Actual Loops": 1
                                                }
                                            ]
                                        },
                                        {
                                            "Node Type": "Hash",
                                            "Parent Relationship": "Inner",
                                            "Parallel Aware": true,
                                            "Startup Cost": 43899.01,
                                            "Total Cost": 43899.01,
                                            "Plan Rows": 248871,
                                            "Plan Width": 4,
                                            "Actual Startup Time": 152.49,
                                            "Actual Total Time": 152.49,
                                            "Actual Rows": 140721,
                                            "Actual Loops": 7,
                                            "Output": [
                                                "t.id"
                                            ],
                                            "Hash Buckets": 1048576,
                                            "Original Hash Buckets": 1048576,
                                            "Hash Batches": 1,
                                            "Original Hash Batches": 1,
                                            "Peak Memory Usage": 46848,
                                            "Workers": [
                                                {
                                                    "Worker Number": 0,
                                                    "Actual Startup Time": 153.495,
                                                    "Actual Total Time": 153.496,
                                                    "Actual Rows": 128515,
                                                    "Actual Loops": 1
                                                },
                                                {
                                                    "Worker Number": 1,
                                                    "Actual Startup Time": 153.485,
                                                    "Actual Total Time": 153.486,
                                                    "Actual Rows": 129204,
                                                    "Actual Loops": 1
                                                },
                                                {
                                                    "Worker Number": 2,
                                                    "Actual Startup Time": 153.583,
                                                    "Actual Total Time": 153.584,
                                                    "Actual Rows": 126551,
                                                    "Actual Loops": 1
                                                },
                                                {
                                                    "Worker Number": 3,
                                                    "Actual Startup Time": 153.577,
                                                    "Actual Total Time": 153.578,
                                                    "Actual Rows": 130080,
                                                    "Actual Loops": 1
                                                },
                                                {
                                                    "Worker Number": 4,
                                                    "Actual Startup Time": 153.547,
                                                    "Actual Total Time": 153.548,
                                                    "Actual Rows": 128098,
                                                    "Actual Loops": 1
                                                },
                                                {
                                                    "Worker Number": 5,
                                                    "Actual Startup Time": 153.623,
                                                    "Actual Total Time": 153.624,
                                                    "Actual Rows": 125768,
                                                    "Actual Loops": 1
                                                }
                                            ],
                                            "Plans": [
                                                {
                                                    "Node Type": "Seq Scan",
                                                    "Parent Relationship": "Outer",
                                                    "Parallel Aware": true,
                                                    "Relation Name": "title",
                                                    "Schema": "public",
                                                    "Alias": "t",
                                                    "Startup Cost": 0.0,
                                                    "Total Cost": 43899.01,
                                                    "Plan Rows": 248871,
                                                    "Plan Width": 4,
                                                    "Actual Startup Time": 0.034,
                                                    "Actual Total Time": 86.283,
                                                    "Actual Rows": 140721,
                                                    "Actual Loops": 7,
                                                    "Output": [
                                                        "t.id"
                                                    ],
                                                    "Filter": "(t.kind_id < 7)",
                                                    "Rows Removed by Filter": 220466,
                                                    "Workers": [
                                                        {
                                                            "Worker Number": 0,
                                                            "Actual Startup Time": 0.037,
                                                            "Actual Total Time": 87.59,
                                                            "Actual Rows": 128515,
                                                            "Actual Loops": 1
                                                        },
                                                        {
                                                            "Worker Number": 1,
                                                            "Actual Startup Time": 0.038,
                                                            "Actual Total Time": 87.495,
                                                            "Actual Rows": 129204,
                                                            "Actual Loops": 1
                                                        },
                                                        {
                                                            "Worker Number": 2,
                                                            "Actual Startup Time": 0.041,
                                                            "Actual Total Time": 87.703,
                                                            "Actual Rows": 126551,
                                                            "Actual Loops": 1
                                                        },
                                                        {
                                                            "Worker Number": 3,
                                                            "Actual Startup Time": 0.037,
                                                            "Actual Total Time": 87.527,
                                                            "Actual Rows": 130080,
                                                            "Actual Loops": 1
                                                        },
                                                        {
                                                            "Worker Number": 4,
                                                            "Actual Startup Time": 0.038,
                                                            "Actual Total Time": 87.01,
                                                            "Actual Rows": 128098,
                                                            "Actual Loops": 1
                                                        },
                                                        {
                                                            "Worker Number": 5,
                                                            "Actual Startup Time": 0.028,
                                                            "Actual Total Time": 87.524,
                                                            "Actual Rows": 125768,
                                                            "Actual Loops": 1
                                                        }
                                                    ]
                                                }
                                            ]
                                        }
                                    ]
                                }
                            ]
                        }
                    ]
                }
            ]
        },
        "Planning Time": 1201.904,
        "Triggers": [],
        "Execution Time": 2225.133
    }
]