[
  {
    "Plan": {
      "Node Type": "Aggregate",
      "Strategy": "Plain",
      "Partial Mode": "Finalize",
      "Parallel Aware": false,
      "Startup Cost": 46481.86,
      "Total Cost": 46481.87,
      "Plan Rows": 1,
      "Plan Width": 8,
      "Actual Startup Time": 94.181,
      "Actual Total Time": 106.989,
      "Actual Rows": 1,
      "Actual Loops": 1,
      "Plans": [
        {
          "Node Type": "Gather",
          "Parent Relationship": "Outer",
          "Parallel Aware": false,
          "Startup Cost": 46481.44,
          "Total Cost": 46481.85,
          "Plan Rows": 4,
          "Plan Width": 8,
          "Actual Startup Time": 93.94,
          "Actual Total Time": 106.979,
          "Actual Rows": 5,
          "Actual Loops": 1,
          "Workers Planned": 4,
          "Workers Launched": 4,
          "Single Copy": false,
          "Plans": [
            {
              "Node Type": "Aggregate",
              "Strategy": "Plain",
              "Partial Mode": "Partial",
              "Parent Relationship": "Outer",
              "Parallel Aware": false,
              "Startup Cost": 45481.44,
              "Total Cost": 45481.45,
              "Plan Rows": 1,
              "Plan Width": 8,
              "Actual Startup Time": 86.622,
              "Actual Total Time": 86.624,
              "Actual Rows": 1,
              "Actual Loops": 5,
              "Plans": [
                {
                  "Node Type": "Seq Scan",
                  "Parent Relationship": "Outer",
                  "Parallel Aware": true,
                  "Relation Name": "title",
                  "Alias": "t",
                  "Startup Cost": 0.0,
                  "Total Cost": 45479.1,
                  "Plan Rows": 935,
                  "Plan Width": 0,
                  "Actual Startup Time": 0.431,
                  "Actual Total Time": 86.501,
                  "Actual Rows": 661,
                  "Actual Loops": 5,
                  "Filter": "((kind_id = 7) AND (production_year = 1952))",
                  "Rows Removed by Filter": 505002
                }
              ]
            }
          ]
        }
      ]
    },
    "Planning Time": 0.167,
    "Triggers": [],
    "Execution Time": 107.045
  }
]