{
    "Plan": {
        "Node Type": "Aggregate",
        "Strategy": "Plain",
        "Partial Mode": "Simple",
        "Parallel Aware": false,
        "Startup Cost": 10001027077.49,
        "Total Cost": 10001027077.5,
        "Plan Rows": 1,
        "Plan Width": 8,
        "Actual Startup Time": 7367.044,
        "Actual Total Time": 7367.048,
        "Actual Rows": 1,
        "Actual Loops": 1,
        "Output": [
            "count(*)"
        ],
        "Plans": [
            {
                "Node Type": "Hash Join",
                "Parent Relationship": "Outer",
                "Parallel Aware": false,
                "Join Type": "Inner",
                "Startup Cost": 10000954525.69,
                "Total Cost": 10001023555.95,
                "Plan Rows": 1408616,
                "Plan Width": 0,
                "Actual Startup Time": 6665.272,
                "Actual Total Time": 7294.462,
                "Actual Rows": 1878715,
                "Actual Loops": 1,
                "Inner Unique": false,
                "Hash Cond": "(t.id = ci.movie_id)",
                "Plans": [
                    {
                        "Node Type": "Hash Join",
                        "Parent Relationship": "Outer",
                        "Parallel Aware": false,
                        "Join Type": "Inner",
                        "Startup Cost": 10000148071.24,
                        "Total Cost": 10000186204.74,
                        "Plan Rows": 336212,
                        "Plan Width": 8,
                        "Actual Startup Time": 1588.117,
                        "Actual Total Time": 1959.623,
                        "Actual Rows": 225472,
                        "Actual Loops": 1,
                        "Output": [
                            "t.id",
                            "mc.movie_id"
                        ],
                        "Inner Unique": true,
                        "Hash Cond": "(mc.movie_id = t.id)",
                        "Plans": [
                            {
                                "Node Type": "Bitmap Heap Scan",
                                "Parent Relationship": "Outer",
                                "Parallel Aware": false,
                                "Relation Name": "movie_companies",
                                "Schema": "public",
                                "Alias": "mc",
                                "Startup Cost": 23099.97,
                                "Total Cost": 57876.32,
                                "Plan Rows": 1278908,
                                "Plan Width": 4,
                                "Actual Startup Time": 42.155,
                                "Actual Total Time": 177.757,
                                "Actual Rows": 1274246,
                                "Actual Loops": 1,
                                "Output": [
                                    "mc.id",
                                    "mc.movie_id",
                                    "mc.company_id",
                                    "mc.company_type_id",
                                    "mc.note"
                                ],
                                "Recheck Cond": "(mc.company_type_id = 1)",
                                "Rows Removed by Index Recheck": 0,
                                "Exact Heap Blocks": 11177,
                                "Lossy Heap Blocks": 0,
                                "Plans": [
                                    {
                                        "Node Type": "Bitmap Index Scan",
                                        "Parent Relationship": "Outer",
                                        "Parallel Aware": false,
                                        "Index Name": "company_type_id_movie_companies",
                                        "Startup Cost": 0.0,
                                        "Total Cost": 22780.24,
                                        "Plan Rows": 1278908,
                                        "Plan Width": 0,
                                        "Actual Startup Time": 40.869,
                                        "Actual Total Time": 40.87,
                                        "Actual Rows": 1274246,
                                        "Actual Loops": 1,
                                        "Index Cond": "(mc.company_type_id = 1)"
                                    }
                                ]
                            },
                            {
                                "Node Type": "Hash",
                                "Parent Relationship": "Inner",
                                "Parallel Aware": false,
                                "Startup Cost": 10000116662.9,
                                "Total Cost": 10000116662.9,
                                "Plan Rows": 664670,
                                "Plan Width": 4,
                                "Actual Startup Time": 1542.234,
                                "Actual Total Time": 1542.235,
                                "Actual Rows": 662065,
                                "Actual Loops": 1,
                                "Output": [
                                    "t.id"
                                ],
                                "Hash Buckets": 1048576,
                                "Original Hash Buckets": 1048576,
                                "Hash Batches": 1,
                                "Original Hash Batches": 1,
                                "Peak Memory Usage": 31468,
                                "Plans": [
                                    {
                                        "Node Type": "Index Scan",
                                        "Parent Relationship": "Outer",
                                        "Parallel Aware": false,
                                        "Scan Direction": "Forward",
                                        "Index Name": "title_pkey",
                                        "Relation Name": "title",
                                        "Schema": "public",
                                        "Alias": "t",
                                        "Startup Cost": 10000000000.43,
                                        "Total Cost": 10000116662.9,
                                        "Plan Rows": 664670,
                                        "Plan Width": 4,
                                        "Actual Startup Time": 0.112,
                                        "Actual Total Time": 1375.611,
                                        "Actual Rows": 662065,
                                        "Actual Loops": 1,
                                        "Output": [
                                            "t.id"
                                        ],
                                        "Filter": "(t.production_year > 2008)",
                                        "Rows Removed by Filter": 1866247
                                    }
                                ]
                            }
                        ]
                    },
                    {
                        "Node Type": "Hash",
                        "Parent Relationship": "Inner",
                        "Parallel Aware": false,
                        "Startup Cost": 674044.14,
                        "Total Cost": 674044.14,
                        "Plan Rows": 10592825,
                        "Plan Width": 4,
                        "Actual Startup Time": 4978.852,
                        "Actual Total Time": 4978.854,
                        "Actual Rows": 8082335,
                        "Actual Loops": 1,
                        "Output": [
                            "ci.movie_id"
                        ],
                        "Hash Buckets": 16777216,
                        "Original Hash Buckets": 16777216,
                        "Hash Batches": 1,
                        "Original Hash Batches": 1,
                        "Peak Memory Usage": 415217,
                        "Plans": [
                            {
                                "Node Type": "Bitmap Heap Scan",
                                "Parent Relationship": "Outer",
                                "Parallel Aware": false,
                                "Relation Name": "cast_info",
                                "Schema": "public",
                                "Alias": "ci",
                                "Startup Cost": 229906.23,
                                "Total Cost": 674044.14,
                                "Plan Rows": 10592825,
                                "Plan Width": 4,
                                "Actual Startup Time": 1200.22,
                                "Actual Total Time": 2647.192,
                                "Actual Rows": 8082335,
                                "Actual Loops": 1,
                                "Output": [
                                    "ci.movie_id"
                                ],
                                "Recheck Cond": "(ci.role_id < 2)",
                                "Rows Removed by Index Recheck": 0,
                                "Filter": "(ci.person_id > 614869)",
                                "Rows Removed by Filter": 4588353,
                                "Exact Heap Blocks": 84183,
                                "Lossy Heap Blocks": 0,
                                "Plans": [
                                    {
                                        "Node Type": "Bitmap Index Scan",
                                        "Parent Relationship": "Outer",
                                        "Parallel Aware": false,
                                        "Index Name": "role_id_cast_info",
                                        "Startup Cost": 0.0,
                                        "Total Cost": 227258.02,
                                        "Plan Rows": 12763394,
                                        "Plan Width": 0,
                                        "Actual Startup Time": 594.814,
                                        "Actual Total Time": 594.814,
                                        "Actual Rows": 12670688,
                                        "Actual Loops": 1,
                                        "Index Cond": "(ci.role_id < 2)"
                                    }
                                ]
                            }
                        ]
                    }
                ]
            }
        ]
    },
    "Planning Time": 3.889,
    "Triggers": [],
    "Execution Time": 7378.034
}