[
  {
    "Plan": {
      "Node Type": "Aggregate",
      "Strategy": "Plain",
      "Partial Mode": "Finalize",
      "Parallel Aware": false,
      "Startup Cost": 48707.26,
      "Total Cost": 48707.27,
      "Plan Rows": 1,
      "Plan Width": 8,
      "Actual Startup Time": 85.901,
      "Actual Total Time": 95.036,
      "Actual Rows": 1,
      "Actual Loops": 1,
      "Plans": [
        {
          "Node Type": "Gather",
          "Parent Relationship": "Outer",
          "Parallel Aware": false,
          "Startup Cost": 48706.84,
          "Total Cost": 48707.25,
          "Plan Rows": 4,
          "Plan Width": 8,
          "Actual Startup Time": 85.769,
          "Actual Total Time": 95.028,
          "Actual Rows": 5,
          "Actual Loops": 1,
          "Workers Planned": 4,
          "Workers Launched": 4,
          "Single Copy": false,
          "Plans": [
            {
              "Node Type": "Aggregate",
              "Strategy": "Plain",
              "Partial Mode": "Partial",
              "Parent Relationship": "Outer",
              "Parallel Aware": false,
              "Startup Cost": 47706.84,
              "Total Cost": 47706.85,
              "Plan Rows": 1,
              "Plan Width": 8,
              "Actual Startup Time": 77.559,
              "Actual Total Time": 77.561,
              "Actual Rows": 1,
              "Actual Loops": 5,
              "Plans": [
                {
                  "Node Type": "Nested Loop",
                  "Parent Relationship": "Outer",
                  "Parallel Aware": false,
                  "Join Type": "Inner",
                  "Startup Cost": 0.43,
                  "Total Cost": 47706.04,
                  "Plan Rows": 320,
                  "Plan Width": 0,
                  "Actual Startup Time": 68.349,
                  "Actual Total Time": 77.555,
                  "Actual Rows": 1,
                  "Actual Loops": 5,
                  "Inner Unique": false,
                  "Plans": [
                    {
                      "Node Type": "Seq Scan",
                      "Parent Relationship": "Outer",
                      "Parallel Aware": true,
                      "Relation Name": "title",
                      "Alias": "t",
                      "Startup Cost": 0.0,
                      "Total Cost": 45479.59,
                      "Plan Rows": 231,
                      "Plan Width": 4,
                      "Actual Startup Time": 26.037,
                      "Actual Total Time": 77.4,
                      "Actual Rows": 6,
                      "Actual Loops": 5,
                      "Filter": "((kind_id = 7) AND (production_year = 1946))",
                      "Rows Removed by Filter": 505657
                    },
                    {
                      "Node Type": "Index Scan",
                      "Parent Relationship": "Inner",
                      "Parallel Aware": false,
                      "Scan Direction": "Forward",
                      "Index Name": "movie_id_movie_keyword",
                      "Relation Name": "movie_keyword",
                      "Alias": "mk",
                      "Startup Cost": 0.43,
                      "Total Cost": 9.28,
                      "Plan Rows": 36,
                      "Plan Width": 4,
                      "Actual Startup Time": 0.025,
                      "Actual Total Time": 0.025,
                      "Actual Rows": 0,
                      "Actual Loops": 28,
                      "Index Cond": "(movie_id = t.id)",
                      "Rows Removed by Index Recheck": 0,
                      "Filter": "(keyword_id < 17545)",
                      "Rows Removed by Filter": 0
                    }
                  ]
                }
              ]
            }
          ]
        }
      ]
    },
    "Planning Time": 0.321,
    "Triggers": [],
    "Execution Time": 95.078
  }
]