{
  "Plan": {
    "Node Type": "Aggregate",
    "Strategy": "Plain",
    "Partial Mode": "Finalize",
    "Parallel Aware": false,
    "Startup Cost": 591547.28,
    "Total Cost": 591547.29,
    "Plan Rows": 1,
    "Plan Width": 8,
    "Actual Startup Time": 15844.731,
    "Actual Total Time": 15901.652,
    "Actual Rows": 1,
    "Actual Loops": 1,
    "Plans": [
      {
        "Node Type": "Gather",
        "Parent Relationship": "Outer",
        "Parallel Aware": false,
        "Startup Cost": 591547.17,
        "Total Cost": 591547.28,
        "Plan Rows": 1,
        "Plan Width": 8,
        "Actual Startup Time": 15831.918,
        "Actual Total Time": 15901.644,
        "Actual Rows": 2,
        "Actual Loops": 1,
        "Workers Planned": 1,
        "Workers Launched": 1,
        "Single Copy": false,
        "Plans": [
          {
            "Node Type": "Aggregate",
            "Strategy": "Plain",
            "Partial Mode": "Partial",
            "Parent Relationship": "Outer",
            "Parallel Aware": false,
            "Startup Cost": 590547.17,
            "Total Cost": 590547.18,
            "Plan Rows": 1,
            "Plan Width": 8,
            "Actual Startup Time": 15811.54,
            "Actual Total Time": 15811.546,
            "Actual Rows": 1,
            "Actual Loops": 2,
            "Plans": [
              {
                "Node Type": "Hash Join",
                "Parent Relationship": "Outer",
                "Parallel Aware": true,
                "Join Type": "Inner",
                "Startup Cost": 160775.73,
                "Total Cost": 557058.52,
                "Plan Rows": 13395457,
                "Plan Width": 0,
                "Actual Startup Time": 1519.138,
                "Actual Total Time": 11306.051,
                "Actual Rows": 113238994,
                "Actual Loops": 2,
                "Inner Unique": false,
                "Hash Cond": "(mi.movie_id = t.id)",
                "Plans": [
                  {
                    "Node Type": "Seq Scan",
                    "Parent Relationship": "Outer",
                    "Parallel Aware": true,
                    "Relation Name": "movie_info",
                    "Alias": "mi",
                    "Startup Cost": 0.0,
                    "Total Cost": 270696.42,
                    "Plan Rows": 7486332,
                    "Plan Width": 4,
                    "Actual Startup Time": 0.022,
                    "Actual Total Time": 833.442,
                    "Actual Rows": 6372326,
                    "Actual Loops": 2,
                    "Filter": "(info_type_id > 2)",
                    "Rows Removed by Filter": 1045534
                  },
                  {
                    "Node Type": "Hash",
                    "Parent Relationship": "Inner",
                    "Parallel Aware": true,
                    "Startup Cost": 127511.54,
                    "Total Cost": 127511.54,
                    "Plan Rows": 2661135,
                    "Plan Width": 8,
                    "Actual Startup Time": 1484.745,
                    "Actual Total Time": 1484.749,
                    "Actual Rows": 2261965,
                    "Actual Loops": 2,
                    "Hash Buckets": 8388608,
                    "Original Hash Buckets": 8388608,
                    "Hash Batches": 1,
                    "Original Hash Batches": 1,
                    "Peak Memory Usage": 242528,
                    "Plans": [
                      {
                        "Node Type": "Hash Join",
                        "Parent Relationship": "Outer",
                        "Parallel Aware": true,
                        "Join Type": "Inner",
                        "Startup Cost": 69460.7,
                        "Total Cost": 127511.54,
                        "Plan Rows": 2661135,
                        "Plan Width": 8,
                        "Actual Startup Time": 496.561,
                        "Actual Total Time": 1070.134,
                        "Actual Rows": 2261965,
                        "Actual Loops": 2,
                        "Inner Unique": true,
                        "Hash Cond": "(mk.movie_id = t.id)",
                        "Plans": [
                          {
                            "Node Type": "Seq Scan",
                            "Parent Relationship": "Outer",
                            "Parallel Aware": true,
                            "Relation Name": "movie_keyword",
                            "Alias": "mk",
                            "Startup Cost": 0.0,
                            "Total Cost": 51065.35,
                            "Plan Rows": 2661135,
                            "Plan Width": 4,
                            "Actual Startup Time": 0.018,
                            "Actual Total Time": 166.854,
                            "Actual Rows": 2261965,
                            "Actual Loops": 2
                          },
                          {
                            "Node Type": "Hash",
                            "Parent Relationship": "Inner",
                            "Parallel Aware": true,
                            "Startup Cost": 50870.31,
                            "Total Cost": 50870.31,
                            "Plan Rows": 1487231,
                            "Plan Width": 4,
                            "Actual Startup Time": 485.49,
                            "Actual Total Time": 485.491,
                            "Actual Rows": 1264156,
                            "Actual Loops": 2,
                            "Hash Buckets": 4194304,
                            "Original Hash Buckets": 4194304,
                            "Hash Batches": 1,
                            "Original Hash Batches": 1,
                            "Peak Memory Usage": 131712,
                            "Plans": [
                              {
                                "Node Type": "Seq Scan",
                                "Parent Relationship": "Outer",
                                "Parallel Aware": true,
                                "Relation Name": "title",
                                "Alias": "t",
                                "Startup Cost": 0.0,
                                "Total Cost": 50870.31,
                                "Plan Rows": 1487231,
                                "Plan Width": 4,
                                "Actual Startup Time": 0.031,
                                "Actual Total Time": 149.605,
                                "Actual Rows": 1264156,
                                "Actual Loops": 2
                              }
                            ]
                          }
                        ]
                      }
                    ]
                  }
                ]
              }
            ]
          }
        ]
      }
    ]
  },
  "Planning Time": 0.967,
  "Triggers": [],
  "Execution Time": 15901.741
}