[
  {
    "Plan": {
      "Node Type": "Aggregate",
      "Strategy": "Plain",
      "Partial Mode": "Finalize",
      "Parallel Aware": false,
      "Startup Cost": 339939.59,
      "Total Cost": 339939.6,
      "Plan Rows": 1,
      "Plan Width": 8,
      "Actual Startup Time": 773.506,
      "Actual Total Time": 817.723,
      "Actual Rows": 1,
      "Actual Loops": 1,
      "Plans": [
        {
          "Node Type": "Gather",
          "Parent Relationship": "Outer",
          "Parallel Aware": false,
          "Startup Cost": 339938.96,
          "Total Cost": 339939.57,
          "Plan Rows": 6,
          "Plan Width": 8,
          "Actual Startup Time": 773.325,
          "Actual Total Time": 817.712,
          "Actual Rows": 7,
          "Actual Loops": 1,
          "Workers Planned": 6,
          "Workers Launched": 6,
          "Single Copy": false,
          "Plans": [
            {
              "Node Type": "Aggregate",
              "Strategy": "Plain",
              "Partial Mode": "Partial",
              "Parent Relationship": "Outer",
              "Parallel Aware": false,
              "Startup Cost": 338938.96,
              "Total Cost": 338938.97,
              "Plan Rows": 1,
              "Plan Width": 8,
              "Actual Startup Time": 763.701,
              "Actual Total Time": 763.702,
              "Actual Rows": 1,
              "Actual Loops": 7,
              "Plans": [
                {
                  "Node Type": "Seq Scan",
                  "Parent Relationship": "Outer",
                  "Parallel Aware": true,
                  "Relation Name": "cast_info",
                  "Alias": "ci",
                  "Startup Cost": 0.0,
                  "Total Cost": 328211.39,
                  "Plan Rows": 4291028,
                  "Plan Width": 0,
                  "Actual Startup Time": 123.083,
                  "Actual Total Time": 599.324,
                  "Actual Rows": 3677697,
                  "Actual Loops": 7,
                  "Filter": "(person_id > 1031489)",
                  "Rows Removed by Filter": 1500066
                }
              ]
            }
          ]
        }
      ]
    },
    "Planning Time": 0.201,
    "Triggers": [],
    "Execution Time": 817.789
  }
]