{
  "Plan": {
    "Node Type": "Aggregate",
    "Strategy": "Plain",
    "Partial Mode": "Finalize",
    "Parallel Aware": false,
    "Startup Cost": 80527.42,
    "Total Cost": 80527.43,
    "Plan Rows": 1,
    "Plan Width": 8,
    "Actual Startup Time": 305.546,
    "Actual Total Time": 320.979,
    "Actual Rows": 1,
    "Actual Loops": 1,
    "Plans": [
      {
        "Node Type": "Gather",
        "Parent Relationship": "Outer",
        "Parallel Aware": false,
        "Startup Cost": 80527.31,
        "Total Cost": 80527.42,
        "Plan Rows": 1,
        "Plan Width": 8,
        "Actual Startup Time": 304.549,
        "Actual Total Time": 320.969,
        "Actual Rows": 2,
        "Actual Loops": 1,
        "Workers Planned": 1,
        "Workers Launched": 1,
        "Single Copy": false,
        "Plans": [
          {
            "Node Type": "Aggregate",
            "Strategy": "Plain",
            "Partial Mode": "Partial",
            "Parent Relationship": "Outer",
            "Parallel Aware": false,
            "Startup Cost": 79527.31,
            "Total Cost": 79527.32,
            "Plan Rows": 1,
            "Plan Width": 8,
            "Actual Startup Time": 299.054,
            "Actual Total Time": 299.058,
            "Actual Rows": 1,
            "Actual Loops": 2,
            "Plans": [
              {
                "Node Type": "Hash Join",
                "Parent Relationship": "Outer",
                "Parallel Aware": true,
                "Join Type": "Inner",
                "Startup Cost": 60658.41,
                "Total Cost": 79442.72,
                "Plan Rows": 33834,
                "Plan Width": 0,
                "Actual Startup Time": 199.118,
                "Actual Total Time": 298.38,
                "Actual Rows": 12990,
                "Actual Loops": 2,
                "Inner Unique": true,
                "Hash Cond": "(mi_idx.movie_id = t.id)",
                "Plans": [
                  {
                    "Node Type": "Seq Scan",
                    "Parent Relationship": "Outer",
                    "Parallel Aware": true,
                    "Relation Name": "movie_info_idx",
                    "Alias": "mi_idx",
                    "Startup Cost": 0.0,
                    "Total Cost": 18082.32,
                    "Plan Rows": 267429,
                    "Plan Width": 4,
                    "Actual Startup Time": 0.024,
                    "Actual Total Time": 59.319,
                    "Actual Rows": 229962,
                    "Actual Loops": 2,
                    "Filter": "(info_type_id = 99)",
                    "Rows Removed by Filter": 460055
                  },
                  {
                    "Node Type": "Hash",
                    "Parent Relationship": "Inner",
                    "Parallel Aware": true,
                    "Startup Cost": 58306.47,
                    "Total Cost": 58306.47,
                    "Plan Rows": 188155,
                    "Plan Width": 4,
                    "Actual Startup Time": 192.932,
                    "Actual Total Time": 192.933,
                    "Actual Rows": 108806,
                    "Actual Loops": 2,
                    "Hash Buckets": 524288,
                    "Original Hash Buckets": 524288,
                    "Hash Batches": 1,
                    "Original Hash Batches": 1,
                    "Peak Memory Usage": 12640,
                    "Plans": [
                      {
                        "Node Type": "Seq Scan",
                        "Parent Relationship": "Outer",
                        "Parallel Aware": true,
                        "Relation Name": "title",
                        "Alias": "t",
                        "Startup Cost": 0.0,
                        "Total Cost": 58306.47,
                        "Plan Rows": 188155,
                        "Plan Width": 4,
                        "Actual Startup Time": 0.042,
                        "Actual Total Time": 160.633,
                        "Actual Rows": 108806,
                        "Actual Loops": 2,
                        "Filter": "((production_year < 1982) AND (kind_id = 7))",
                        "Rows Removed by Filter": 1155350
                      }
                    ]
                  }
                ]
              }
            ]
          }
        ]
      }
    ]
  },
  "Planning Time": 0.46,
  "Triggers": [],
  "Execution Time": 321.052
}