[
    {
        "Bao": {
            "Bao prediction": "NaN",
            "Bao recommended hint": "(no hint)"
        }
    },
    {
        "Plan": {
            "Node Type": "Aggregate",
            "Strategy": "Plain",
            "Partial Mode": "Finalize",
            "Parallel Aware": false,
            "Startup Cost": 28590.62,
            "Total Cost": 28590.63,
            "Plan Rows": 1,
            "Plan Width": 8,
            "Actual Startup Time": 76.861,
            "Actual Total Time": 80.672,
            "Actual Rows": 1,
            "Actual Loops": 1,
            "Output": [
                "count(*)"
            ],
            "Plans": [
                {
                    "Node Type": "Gather",
                    "Parent Relationship": "Outer",
                    "Parallel Aware": false,
                    "Startup Cost": 28590.3,
                    "Total Cost": 28590.61,
                    "Plan Rows": 3,
                    "Plan Width": 8,
                    "Actual Startup Time": 76.711,
                    "Actual Total Time": 80.666,
                    "Actual Rows": 4,
                    "Actual Loops": 1,
                    "Output": [
                        "(PARTIAL count(*))"
                    ],
                    "Workers Planned": 3,
                    "Workers Launched": 3,
                    "Single Copy": false,
                    "Plans": [
                        {
                            "Node Type": "Aggregate",
                            "Strategy": "Plain",
                            "Partial Mode": "Partial",
                            "Parent Relationship": "Outer",
                            "Parallel Aware": false,
                            "Startup Cost": 27590.3,
                            "Total Cost": 27590.31,
                            "Plan Rows": 1,
                            "Plan Width": 8,
                            "Actual Startup Time": 68.094,
                            "Actual Total Time": 68.095,
                            "Actual Rows": 1,
                            "Actual Loops": 4,
                            "Output": [
                                "PARTIAL count(*)"
                            ],
                            "Workers": [
                                {
                                    "Worker Number": 0,
                                    "Actual Startup Time": 65.027,
                                    "Actual Total Time": 65.028,
                                    "Actual Rows": 1,
                                    "Actual Loops": 1
                                },
                                {
                                    "Worker Number": 1,
                                    "Actual Startup Time": 65.487,
                                    "Actual Total Time": 65.488,
                                    "Actual Rows": 1,
                                    "Actual Loops": 1
                                },
                                {
                                    "Worker Number": 2,
                                    "Actual Startup Time": 65.672,
                                    "Actual Total Time": 65.674,
                                    "Actual Rows": 1,
                                    "Actual Loops": 1
                                }
                            ],
                            "Plans": [
                                {
                                    "Node Type": "Bitmap Heap Scan",
                                    "Parent Relationship": "Outer",
                                    "Parallel Aware": true,
                                    "Relation Name": "movie_companies",
                                    "Schema": "public",
                                    "Alias": "mc",
                                    "Startup Cost": 7076.67,
                                    "Total Cost": 27455.31,
                                    "Plan Rows": 53996,
                                    "Plan Width": 0,
                                    "Actual Startup Time": 27.157,
                                    "Actual Total Time": 62.126,
                                    "Actual Rows": 83344,
                                    "Actual Loops": 4,
                                    "Recheck Cond": "(mc.company_id > 90226)",
                                    "Rows Removed by Index Recheck": 0,
                                    "Filter": "(mc.company_type_id = 2)",
                                    "Rows Removed by Filter": 0,
                                    "Exact Heap Blocks": 2758,
                                    "Lossy Heap Blocks": 0,
                                    "Workers": [
                                        {
                                            "Worker Number": 0,
                                            "Actual Startup Time": 24.173,
                                            "Actual Total Time": 59.617,
                                            "Actual Rows": 48576,
                                            "Actual Loops": 1
                                        },
                                        {
                                            "Worker Number": 1,
                                            "Actual Startup Time": 24.819,
                                            "Actual Total Time": 60.139,
                                            "Actual Rows": 50078,
                                            "Actual Loops": 1
                                        },
                                        {
                                            "Worker Number": 2,
                                            "Actual Startup Time": 24.706,
                                            "Actual Total Time": 60.194,
                                            "Actual Rows": 50203,
                                            "Actual Loops": 1
                                        }
                                    ],
                                    "Plans": [
                                        {
                                            "Node Type": "Bitmap Index Scan",
                                            "Parent Relationship": "Outer",
                                            "Parallel Aware": false,
                                            "Index Name": "company_id_movie_companies",
                                            "Startup Cost": 0.0,
                                            "Total Cost": 7034.82,
                                            "Plan Rows": 328319,
                                            "Plan Width": 0,
                                            "Actual Startup Time": 34.085,
                                            "Actual Total Time": 34.085,
                                            "Actual Rows": 333374,
                                            "Actual Loops": 1,
                                            "Index Cond": "(mc.company_id > 90226)"
                                        }
                                    ]
                                }
                            ]
                        }
                    ]
                }
            ]
        },
        "Planning Time": 211.529,
        "Triggers": [],
        "Execution Time": 80.778
    }
]