[
  {
    "Plan": {
      "Node Type": "Aggregate",
      "Strategy": "Plain",
      "Partial Mode": "Finalize",
      "Parallel Aware": false,
      "Startup Cost": 32822.54,
      "Total Cost": 32822.55,
      "Plan Rows": 1,
      "Plan Width": 8,
      "Actual Startup Time": 88.681,
      "Actual Total Time": 97.072,
      "Actual Rows": 1,
      "Actual Loops": 1,
      "Plans": [
        {
          "Node Type": "Gather",
          "Parent Relationship": "Outer",
          "Parallel Aware": false,
          "Startup Cost": 32822.22,
          "Total Cost": 32822.53,
          "Plan Rows": 3,
          "Plan Width": 8,
          "Actual Startup Time": 88.56,
          "Actual Total Time": 97.064,
          "Actual Rows": 4,
          "Actual Loops": 1,
          "Workers Planned": 3,
          "Workers Launched": 3,
          "Single Copy": false,
          "Plans": [
            {
              "Node Type": "Aggregate",
              "Strategy": "Plain",
              "Partial Mode": "Partial",
              "Parent Relationship": "Outer",
              "Parallel Aware": false,
              "Startup Cost": 31822.22,
              "Total Cost": 31822.23,
              "Plan Rows": 1,
              "Plan Width": 8,
              "Actual Startup Time": 81.176,
              "Actual Total Time": 81.177,
              "Actual Rows": 1,
              "Actual Loops": 4,
              "Plans": [
                {
                  "Node Type": "Seq Scan",
                  "Parent Relationship": "Outer",
                  "Parallel Aware": true,
                  "Relation Name": "movie_companies",
                  "Alias": "mc",
                  "Startup Cost": 0.0,
                  "Total Cost": 31414.82,
                  "Plan Rows": 162961,
                  "Plan Width": 0,
                  "Actual Startup Time": 49.837,
                  "Actual Total Time": 78.115,
                  "Actual Rows": 74805,
                  "Actual Loops": 4,
                  "Filter": "((company_id < 4622) AND (company_type_id = 2))",
                  "Rows Removed by Filter": 577477
                }
              ]
            }
          ]
        }
      ]
    },
    "Planning Time": 0.216,
    "Triggers": [],
    "Execution Time": 97.127
  }
]