[
  {
    "Plan": {
      "Node Type": "Aggregate",
      "Strategy": "Plain",
      "Partial Mode": "Finalize",
      "Parallel Aware": false,
      "Startup Cost": 70115.13,
      "Total Cost": 70115.14,
      "Plan Rows": 1,
      "Plan Width": 8,
      "Actual Startup Time": 137.722,
      "Actual Total Time": 154.775,
      "Actual Rows": 1,
      "Actual Loops": 1,
      "Plans": [
        {
          "Node Type": "Gather",
          "Parent Relationship": "Outer",
          "Parallel Aware": false,
          "Startup Cost": 70114.71,
          "Total Cost": 70115.12,
          "Plan Rows": 4,
          "Plan Width": 8,
          "Actual Startup Time": 137.55,
          "Actual Total Time": 154.767,
          "Actual Rows": 5,
          "Actual Loops": 1,
          "Workers Planned": 4,
          "Workers Launched": 4,
          "Single Copy": false,
          "Plans": [
            {
              "Node Type": "Aggregate",
              "Strategy": "Plain",
              "Partial Mode": "Partial",
              "Parent Relationship": "Outer",
              "Parallel Aware": false,
              "Startup Cost": 69114.71,
              "Total Cost": 69114.72,
              "Plan Rows": 1,
              "Plan Width": 8,
              "Actual Startup Time": 129.365,
              "Actual Total Time": 129.367,
              "Actual Rows": 1,
              "Actual Loops": 5,
              "Plans": [
                {
                  "Node Type": "Nested Loop",
                  "Parent Relationship": "Outer",
                  "Parallel Aware": false,
                  "Join Type": "Inner",
                  "Startup Cost": 0.43,
                  "Total Cost": 69109.02,
                  "Plan Rows": 2273,
                  "Plan Width": 0,
                  "Actual Startup Time": 57.651,
                  "Actual Total Time": 128.32,
                  "Actual Rows": 13569,
                  "Actual Loops": 5,
                  "Inner Unique": false,
                  "Plans": [
                    {
                      "Node Type": "Seq Scan",
                      "Parent Relationship": "Outer",
                      "Parallel Aware": true,
                      "Relation Name": "title",
                      "Alias": "t",
                      "Startup Cost": 0.0,
                      "Total Cost": 45479.59,
                      "Plan Rows": 2203,
                      "Plan Width": 4,
                      "Actual Startup Time": 57.564,
                      "Actual Total Time": 84.287,
                      "Actual Rows": 7010,
                      "Actual Loops": 5,
                      "Filter": "((production_year < 1912) AND (kind_id = 1))",
                      "Rows Removed by Filter": 498653
                    },
                    {
                      "Node Type": "Index Only Scan",
                      "Parent Relationship": "Inner",
                      "Parallel Aware": false,
                      "Scan Direction": "Forward",
                      "Index Name": "movie_id_movie_companies",
                      "Relation Name": "movie_companies",
                      "Alias": "mc",
                      "Startup Cost": 0.43,
                      "Total Cost": 10.68,
                      "Plan Rows": 5,
                      "Plan Width": 4,
                      "Actual Startup Time": 0.005,
                      "Actual Total Time": 0.006,
                      "Actual Rows": 2,
                      "Actual Loops": 35049,
                      "Index Cond": "(movie_id = t.id)",
                      "Rows Removed by Index Recheck": 0,
                      "Heap Fetches": 67844
                    }
                  ]
                }
              ]
            }
          ]
        }
      ]
    },
    "Planning Time": 0.607,
    "Triggers": [],
    "Execution Time": 154.842
  }
]