{
  "Plan": {
    "Node Type": "Aggregate",
    "Strategy": "Plain",
    "Partial Mode": "Finalize",
    "Parallel Aware": false,
    "Startup Cost": 36573.6,
    "Total Cost": 36573.61,
    "Plan Rows": 1,
    "Plan Width": 8,
    "Actual Startup Time": 65.467,
    "Actual Total Time": 75.811,
    "Actual Rows": 1,
    "Actual Loops": 1,
    "Plans": [
      {
        "Node Type": "Gather",
        "Parent Relationship": "Outer",
        "Parallel Aware": false,
        "Startup Cost": 36573.48,
        "Total Cost": 36573.59,
        "Plan Rows": 1,
        "Plan Width": 8,
        "Actual Startup Time": 65.318,
        "Actual Total Time": 75.804,
        "Actual Rows": 2,
        "Actual Loops": 1,
        "Workers Planned": 1,
        "Workers Launched": 1,
        "Single Copy": false,
        "Plans": [
          {
            "Node Type": "Aggregate",
            "Strategy": "Plain",
            "Partial Mode": "Partial",
            "Parent Relationship": "Outer",
            "Parallel Aware": false,
            "Startup Cost": 35573.48,
            "Total Cost": 35573.49,
            "Plan Rows": 1,
            "Plan Width": 8,
            "Actual Startup Time": 58.54,
            "Actual Total Time": 58.542,
            "Actual Rows": 1,
            "Actual Loops": 2,
            "Plans": [
              {
                "Node Type": "Nested Loop",
                "Parent Relationship": "Outer",
                "Parallel Aware": false,
                "Join Type": "Inner",
                "Startup Cost": 107.86,
                "Total Cost": 35572.34,
                "Plan Rows": 459,
                "Plan Width": 0,
                "Actual Startup Time": 3.031,
                "Actual Total Time": 58.161,
                "Actual Rows": 4493,
                "Actual Loops": 2,
                "Inner Unique": false,
                "Plans": [
                  {
                    "Node Type": "Nested Loop",
                    "Parent Relationship": "Outer",
                    "Parallel Aware": false,
                    "Join Type": "Inner",
                    "Startup Cost": 107.43,
                    "Total Cost": 33824.07,
                    "Plan Rows": 2927,
                    "Plan Width": 8,
                    "Actual Startup Time": 2.832,
                    "Actual Total Time": 32.236,
                    "Actual Rows": 2200,
                    "Actual Loops": 2,
                    "Inner Unique": true,
                    "Plans": [
                      {
                        "Node Type": "Bitmap Heap Scan",
                        "Parent Relationship": "Outer",
                        "Parallel Aware": true,
                        "Relation Name": "movie_keyword",
                        "Alias": "mk",
                        "Startup Cost": 107.0,
                        "Total Cost": 12387.58,
                        "Plan Rows": 2927,
                        "Plan Width": 4,
                        "Actual Startup Time": 2.664,
                        "Actual Total Time": 10.401,
                        "Actual Rows": 2200,
                        "Actual Loops": 2,
                        "Recheck Cond": "(keyword_id = 7637)",
                        "Rows Removed by Index Recheck": 0,
                        "Exact Heap Blocks": 2508,
                        "Lossy Heap Blocks": 0,
                        "Plans": [
                          {
                            "Node Type": "Bitmap Index Scan",
                            "Parent Relationship": "Outer",
                            "Parallel Aware": false,
                            "Index Name": "keyword_id_movie_keyword",
                            "Startup Cost": 0.0,
                            "Total Cost": 105.75,
                            "Plan Rows": 4976,
                            "Plan Width": 0,
                            "Actual Startup Time": 3.675,
                            "Actual Total Time": 3.675,
                            "Actual Rows": 4400,
                            "Actual Loops": 1,
                            "Index Cond": "(keyword_id = 7637)"
                          }
                        ]
                      },
                      {
                        "Node Type": "Index Only Scan",
                        "Parent Relationship": "Inner",
                        "Parallel Aware": false,
                        "Scan Direction": "Forward",
                        "Index Name": "title_pkey",
                        "Relation Name": "title",
                        "Alias": "t",
                        "Startup Cost": 0.43,
                        "Total Cost": 7.32,
                        "Plan Rows": 1,
                        "Plan Width": 4,
                        "Actual Startup Time": 0.009,
                        "Actual Total Time": 0.009,
                        "Actual Rows": 1,
                        "Actual Loops": 4400,
                        "Index Cond": "(id = mk.movie_id)",
                        "Rows Removed by Index Recheck": 0,
                        "Heap Fetches": 4400
                      }
                    ]
                  },
                  {
                    "Node Type": "Index Scan",
                    "Parent Relationship": "Inner",
                    "Parallel Aware": false,
                    "Scan Direction": "Forward",
                    "Index Name": "movie_id_movie_companies",
                    "Relation Name": "movie_companies",
                    "Alias": "mc",
                    "Startup Cost": 0.43,
                    "Total Cost": 0.59,
                    "Plan Rows": 1,
                    "Plan Width": 4,
                    "Actual Startup Time": 0.009,
                    "Actual Total Time": 0.011,
                    "Actual Rows": 2,
                    "Actual Loops": 4400,
                    "Index Cond": "(movie_id = t.id)",
                    "Rows Removed by Index Recheck": 0,
                    "Filter": "((company_id < 1741) AND (company_type_id = 1))",
                    "Rows Removed by Filter": 7
                  }
                ]
              }
            ]
          }
        ]
      }
    ]
  },
  "Planning Time": 1.126,
  "Triggers": [],
  "Execution Time": 75.91
}