[
    {
        "Bao": {
            "Bao prediction": "NaN",
            "Bao recommended hint": "(no hint)"
        }
    },
    {
        "Plan": {
            "Node Type": "Aggregate",
            "Strategy": "Plain",
            "Partial Mode": "Finalize",
            "Parallel Aware": false,
            "Startup Cost": 389442.79,
            "Total Cost": 389442.8,
            "Plan Rows": 1,
            "Plan Width": 8,
            "Actual Startup Time": 1806.516,
            "Actual Total Time": 1844.751,
            "Actual Rows": 1,
            "Actual Loops": 1,
            "Output": [
                "count(*)"
            ],
            "Plans": [
                {
                    "Node Type": "Gather",
                    "Parent Relationship": "Outer",
                    "Parallel Aware": false,
                    "Startup Cost": 389442.17,
                    "Total Cost": 389442.78,
                    "Plan Rows": 6,
                    "Plan Width": 8,
                    "Actual Startup Time": 1799.371,
                    "Actual Total Time": 1844.728,
                    "Actual Rows": 7,
                    "Actual Loops": 1,
                    "Output": [
                        "(PARTIAL count(*))"
                    ],
                    "Workers Planned": 6,
                    "Workers Launched": 6,
                    "Single Copy": false,
                    "Plans": [
                        {
                            "Node Type": "Aggregate",
                            "Strategy": "Plain",
                            "Partial Mode": "Partial",
                            "Parent Relationship": "Outer",
                            "Parallel Aware": false,
                            "Startup Cost": 388442.17,
                            "Total Cost": 388442.18,
                            "Plan Rows": 1,
                            "Plan Width": 8,
                            "Actual Startup Time": 1789.483,
                            "Actual Total Time": 1789.486,
                            "Actual Rows": 1,
                            "Actual Loops": 7,
                            "Output": [
                                "PARTIAL count(*)"
                            ],
                            "Workers": [
                                {
                                    "Worker Number": 0,
                                    "Actual Startup Time": 1786.999,
                                    "Actual Total Time": 1787.002,
                                    "Actual Rows": 1,
                                    "Actual Loops": 1
                                },
                                {
                                    "Worker Number": 1,
                                    "Actual Startup Time": 1788.016,
                                    "Actual Total Time": 1788.018,
                                    "Actual Rows": 1,
                                    "Actual Loops": 1
                                },
                                {
                                    "Worker Number": 2,
                                    "Actual Startup Time": 1787.596,
                                    "Actual Total Time": 1787.599,
                                    "Actual Rows": 1,
                                    "Actual Loops": 1
                                },
                                {
                                    "Worker Number": 3,
                                    "Actual Startup Time": 1787.988,
                                    "Actual Total Time": 1787.99,
                                    "Actual Rows": 1,
                                    "Actual Loops": 1
                                },
                                {
                                    "Worker Number": 4,
                                    "Actual Startup Time": 1788.25,
                                    "Actual Total Time": 1788.253,
                                    "Actual Rows": 1,
                                    "Actual Loops": 1
                                },
                                {
                                    "Worker Number": 5,
                                    "Actual Startup Time": 1788.581,
                                    "Actual Total Time": 1788.584,
                                    "Actual Rows": 1,
                                    "Actual Loops": 1
                                }
                            ],
                            "Plans": [
                                {
                                    "Node Type": "Hash Join",
                                    "Parent Relationship": "Outer",
                                    "Parallel Aware": true,
                                    "Join Type": "Inner",
                                    "Startup Cost": 46602.73,
                                    "Total Cost": 385092.97,
                                    "Plan Rows": 1339678,
                                    "Plan Width": 0,
                                    "Actual Startup Time": 340.098,
                                    "Actual Total Time": 1721.922,
                                    "Actual Rows": 1194137,
                                    "Actual Loops": 7,
                                    "Inner Unique": true,
                                    "Hash Cond": "(ci.movie_id = t.id)",
                                    "Workers": [
                                        {
                                            "Worker Number": 0,
                                            "Actual Startup Time": 337.613,
                                            "Actual Total Time": 1716.67,
                                            "Actual Rows": 972403,
                                            "Actual Loops": 1
                                        },
                                        {
                                            "Worker Number": 1,
                                            "Actual Startup Time": 337.933,
                                            "Actual Total Time": 1716.908,
                                            "Actual Rows": 986300,
                                            "Actual Loops": 1
                                        },
                                        {
                                            "Worker Number": 2,
                                            "Actual Startup Time": 338.222,
                                            "Actual Total Time": 1716.042,
                                            "Actual Rows": 993779,
                                            "Actual Loops": 1
                                        },
                                        {
                                            "Worker Number": 3,
                                            "Actual Startup Time": 338.588,
                                            "Actual Total Time": 1724.437,
                                            "Actual Rows": 1438135,
                                            "Actual Loops": 1
                                        },
                                        {
                                            "Worker Number": 4,
                                            "Actual Startup Time": 338.864,
                                            "Actual Total Time": 1724.933,
                                            "Actual Rows": 1433018,
                                            "Actual Loops": 1
                                        },
                                        {
                                            "Worker Number": 5,
                                            "Actual Startup Time": 339.562,
                                            "Actual Total Time": 1718.15,
                                            "Actual Rows": 975532,
                                            "Actual Loops": 1
                                        }
                                    ],
                                    "Plans": [
                                        {
                                            "Node Type": "Seq Scan",
                                            "Parent Relationship": "Outer",
                                            "Parallel Aware": true,
                                            "Relation Name": "cast_info",
                                            "Schema": "public",
                                            "Alias": "ci",
                                            "Startup Cost": 0.0,
                                            "Total Cost": 328213.62,
                                            "Plan Rows": 3914897,
                                            "Plan Width": 4,
                                            "Actual Startup Time": 213.585,
                                            "Actual Total Time": 737.074,
                                            "Actual Rows": 3367665,
                                            "Actual Loops": 7,
                                            "Output": [
                                                "ci.id",
                                                "ci.person_id",
                                                "ci.movie_id",
                                                "ci.person_role_id",
                                                "ci.note",
                                                "ci.nr_order",
                                                "ci.role_id"
                                            ],
                                            "Filter": "(ci.role_id > 1)",
                                            "Rows Removed by Filter": 1810098,
                                            "Workers": [
                                                {
                                                    "Worker Number": 0,
                                                    "Actual Startup Time": 213.541,
                                                    "Actual Total Time": 752.711,
                                                    "Actual Rows": 2730588,
                                                    "Actual Loops": 1
                                                },
                                                {
                                                    "Worker Number": 1,
                                                    "Actual Startup Time": 213.541,
                                                    "Actual Total Time": 757.127,
                                                    "Actual Rows": 2769344,
                                                    "Actual Loops": 1
                                                },
                                                {
                                                    "Worker Number": 2,
                                                    "Actual Startup Time": 213.53,
                                                    "Actual Total Time": 765.632,
                                                    "Actual Rows": 2781503,
                                                    "Actual Loops": 1
                                                },
                                                {
                                                    "Worker Number": 3,
                                                    "Actual Startup Time": 213.564,
                                                    "Actual Total Time": 724.474,
                                                    "Actual Rows": 4072367,
                                                    "Actual Loops": 1
                                                },
                                                {
                                                    "Worker Number": 4,
                                                    "Actual Startup Time": 213.709,
                                                    "Actual Total Time": 723.016,
                                                    "Actual Rows": 4050312,
                                                    "Actual Loops": 1
                                                },
                                                {
                                                    "Worker Number": 5,
                                                    "Actual Startup Time": 213.536,
                                                    "Actual Total Time": 754.157,
                                                    "Actual Rows": 2753452,
                                                    "Actual Loops": 1
                                                }
                                            ]
                                        },
                                        {
                                            "Node Type": "Hash",
                                            "Parent Relationship": "Inner",
                                            "Parallel Aware": true,
                                            "Startup Cost": 43899.01,
                                            "Total Cost": 43899.01,
                                            "Plan Rows": 216298,
                                            "Plan Width": 4,
                                            "Actual Startup Time": 124.102,
                                            "Actual Total Time": 124.103,
                                            "Actual Rows": 122031,
                                            "Actual Loops": 7,
                                            "Output": [
                                                "t.id"
                                            ],
                                            "Hash Buckets": 1048576,
                                            "Original Hash Buckets": 1048576,
                                            "Hash Batches": 1,
                                            "Original Hash Batches": 1,
                                            "Peak Memory Usage": 41696,
                                            "Workers": [
                                                {
                                                    "Worker Number": 0,
                                                    "Actual Startup Time": 123.147,
                                                    "Actual Total Time": 123.147,
                                                    "Actual Rows": 101077,
                                                    "Actual Loops": 1
                                                },
                                                {
                                                    "Worker Number": 1,
                                                    "Actual Startup Time": 123.377,
                                                    "Actual Total Time": 123.378,
                                                    "Actual Rows": 89139,
                                                    "Actual Loops": 1
                                                },
                                                {
                                                    "Worker Number": 2,
                                                    "Actual Startup Time": 123.744,
                                                    "Actual Total Time": 123.745,
                                                    "Actual Rows": 102118,
                                                    "Actual Loops": 1
                                                },
                                                {
                                                    "Worker Number": 3,
                                                    "Actual Startup Time": 124.126,
                                                    "Actual Total Time": 124.127,
                                                    "Actual Rows": 143991,
                                                    "Actual Loops": 1
                                                },
                                                {
                                                    "Worker Number": 4,
                                                    "Actual Startup Time": 124.456,
                                                    "Actual Total Time": 124.457,
                                                    "Actual Rows": 146171,
                                                    "Actual Loops": 1
                                                },
                                                {
                                                    "Worker Number": 5,
                                                    "Actual Startup Time": 124.688,
                                                    "Actual Total Time": 124.689,
                                                    "Actual Rows": 88621,
                                                    "Actual Loops": 1
                                                }
                                            ],
                                            "Plans": [
                                                {
                                                    "Node Type": "Seq Scan",
                                                    "Parent Relationship": "Outer",
                                                    "Parallel Aware": true,
                                                    "Relation Name": "title",
                                                    "Schema": "public",
                                                    "Alias": "t",
                                                    "Startup Cost": 0.0,
                                                    "Total Cost": 43899.01,
                                                    "Plan Rows": 216298,
                                                    "Plan Width": 4,
                                                    "Actual Startup Time": 0.046,
                                                    "Actual Total Time": 75.205,
                                                    "Actual Rows": 122031,
                                                    "Actual Loops": 7,
                                                    "Output": [
                                                        "t.id"
                                                    ],
                                                    "Filter": "(t.kind_id < 4)",
                                                    "Rows Removed by Filter": 239157,
                                                    "Workers": [
                                                        {
                                                            "Worker Number": 0,
                                                            "Actual Startup Time": 0.053,
                                                            "Actual Total Time": 76.438,
                                                            "Actual Rows": 101077,
                                                            "Actual Loops": 1
                                                        },
                                                        {
                                                            "Worker Number": 1,
                                                            "Actual Startup Time": 0.051,
                                                            "Actual Total Time": 74.674,
                                                            "Actual Rows": 89139,
                                                            "Actual Loops": 1
                                                        },
                                                        {
                                                            "Worker Number": 2,
                                                            "Actual Startup Time": 0.05,
                                                            "Actual Total Time": 77.536,
                                                            "Actual Rows": 102118,
                                                            "Actual Loops": 1
                                                        },
                                                        {
                                                            "Worker Number": 3,
                                                            "Actual Startup Time": 0.051,
                                                            "Actual Total Time": 74.985,
                                                            "Actual Rows": 143991,
                                                            "Actual Loops": 1
                                                        },
                                                        {
                                                            "Worker Number": 4,
                                                            "Actual Startup Time": 0.051,
                                                            "Actual Total Time": 75.165,
                                                            "Actual Rows": 146171,
                                                            "Actual Loops": 1
                                                        },
                                                        {
                                                            "Worker Number": 5,
                                                            "Actual Startup Time": 0.049,
                                                            "Actual Total Time": 76.128,
                                                            "Actual Rows": 88621,
                                                            "Actual Loops": 1
                                                        }
                                                    ]
                                                }
                                            ]
                                        }
                                    ]
                                }
                            ]
                        }
                    ]
                }
            ]
        },
        "Planning Time": 197.662,
        "Triggers": [],
        "Execution Time": 1844.811
    }
]