[
  {
    "Plan": {
      "Node Type": "Aggregate",
      "Strategy": "Plain",
      "Partial Mode": "Finalize",
      "Parallel Aware": false,
      "Startup Cost": 75650.55,
      "Total Cost": 75650.56,
      "Plan Rows": 1,
      "Plan Width": 8,
      "Actual Startup Time": 183.432,
      "Actual Total Time": 197.434,
      "Actual Rows": 1,
      "Actual Loops": 1,
      "Plans": [
        {
          "Node Type": "Gather",
          "Parent Relationship": "Outer",
          "Parallel Aware": false,
          "Startup Cost": 75650.13,
          "Total Cost": 75650.54,
          "Plan Rows": 4,
          "Plan Width": 8,
          "Actual Startup Time": 182.481,
          "Actual Total Time": 197.427,
          "Actual Rows": 5,
          "Actual Loops": 1,
          "Workers Planned": 4,
          "Workers Launched": 4,
          "Single Copy": false,
          "Plans": [
            {
              "Node Type": "Aggregate",
              "Strategy": "Plain",
              "Partial Mode": "Partial",
              "Parent Relationship": "Outer",
              "Parallel Aware": false,
              "Startup Cost": 74650.13,
              "Total Cost": 74650.14,
              "Plan Rows": 1,
              "Plan Width": 8,
              "Actual Startup Time": 171.782,
              "Actual Total Time": 171.785,
              "Actual Rows": 1,
              "Actual Loops": 5,
              "Plans": [
                {
                  "Node Type": "Nested Loop",
                  "Parent Relationship": "Outer",
                  "Parallel Aware": false,
                  "Join Type": "Inner",
                  "Startup Cost": 22786.6,
                  "Total Cost": 74635.21,
                  "Plan Rows": 5970,
                  "Plan Width": 0,
                  "Actual Startup Time": 149.26,
                  "Actual Total Time": 171.723,
                  "Actual Rows": 764,
                  "Actual Loops": 5,
                  "Inner Unique": false,
                  "Plans": [
                    {
                      "Node Type": "Hash Join",
                      "Parent Relationship": "Outer",
                      "Parallel Aware": true,
                      "Join Type": "Inner",
                      "Startup Cost": 22786.18,
                      "Total Cost": 68657.78,
                      "Plan Rows": 10936,
                      "Plan Width": 8,
                      "Actual Startup Time": 148.692,
                      "Actual Total Time": 167.724,
                      "Actual Rows": 466,
                      "Actual Loops": 5,
                      "Inner Unique": false,
                      "Hash Cond": "(t.id = mc.movie_id)",
                      "Plans": [
                        {
                          "Node Type": "Seq Scan",
                          "Parent Relationship": "Outer",
                          "Parallel Aware": true,
                          "Relation Name": "title",
                          "Alias": "t",
                          "Startup Cost": 0.0,
                          "Total Cost": 43898.92,
                          "Plan Rows": 387482,
                          "Plan Width": 4,
                          "Actual Startup Time": 0.017,
                          "Actual Total Time": 74.546,
                          "Actual Rows": 311173,
                          "Actual Loops": 5,
                          "Filter": "(kind_id > 4)",
                          "Rows Removed by Filter": 194490
                        },
                        {
                          "Node Type": "Hash",
                          "Parent Relationship": "Inner",
                          "Parallel Aware": true,
                          "Startup Cost": 22498.44,
                          "Total Cost": 22498.44,
                          "Plan Rows": 23019,
                          "Plan Width": 4,
                          "Actual Startup Time": 51.84,
                          "Actual Total Time": 51.842,
                          "Actual Rows": 27485,
                          "Actual Loops": 5,
                          "Hash Buckets": 262144,
                          "Original Hash Buckets": 131072,
                          "Hash Batches": 1,
                          "Original Hash Batches": 1,
                          "Peak Memory Usage": 8512,
                          "Plans": [
                            {
                              "Node Type": "Bitmap Heap Scan",
                              "Parent Relationship": "Outer",
                              "Parallel Aware": true,
                              "Relation Name": "movie_companies",
                              "Alias": "mc",
                              "Startup Cost": 3028.37,
                              "Total Cost": 22498.44,
                              "Plan Rows": 23019,
                              "Plan Width": 4,
                              "Actual Startup Time": 11.787,
                              "Actual Total Time": 34.741,
                              "Actual Rows": 27485,
                              "Actual Loops": 5,
                              "Recheck Cond": "(company_id > 137547)",
                              "Rows Removed by Index Recheck": 0,
                              "Filter": "(company_type_id = 2)",
                              "Rows Removed by Filter": 0,
                              "Exact Heap Blocks": 1611,
                              "Lossy Heap Blocks": 0,
                              "Plans": [
                                {
                                  "Node Type": "Bitmap Index Scan",
                                  "Parent Relationship": "Outer",
                                  "Parallel Aware": false,
                                  "Index Name": "company_id_movie_companies",
                                  "Startup Cost": 0.0,
                                  "Total Cost": 3010.53,
                                  "Plan Rows": 140547,
                                  "Plan Width": 0,
                                  "Actual Startup Time": 15.389,
                                  "Actual Total Time": 15.389,
                                  "Actual Rows": 137424,
                                  "Actual Loops": 1,
                                  "Index Cond": "(company_id > 137547)"
                                }
                              ]
                            }
                          ]
                        }
                      ]
                    },
                    {
                      "Node Type": "Index Only Scan",
                      "Parent Relationship": "Inner",
                      "Parallel Aware": false,
                      "Scan Direction": "Forward",
                      "Index Name": "movie_id_movie_info_idx",
                      "Relation Name": "movie_info_idx",
                      "Alias": "mi_idx",
                      "Startup Cost": 0.43,
                      "Total Cost": 0.52,
                      "Plan Rows": 3,
                      "Plan Width": 4,
                      "Actual Startup Time": 0.008,
                      "Actual Total Time": 0.008,
                      "Actual Rows": 2,
                      "Actual Loops": 2329,
                      "Index Cond": "(movie_id = t.id)",
                      "Rows Removed by Index Recheck": 0,
                      "Heap Fetches": 3819
                    }
                  ]
                }
              ]
            }
          ]
        }
      ]
    },
    "Planning Time": 1.471,
    "Triggers": [],
    "Execution Time": 197.542
  }
]