[
    {
        "Bao": {
            "Bao prediction": 1259.67,
            "Bao recommended hint": "(no hint)"
        }
    },
    {
        "Plan": {
            "Node Type": "Aggregate",
            "Strategy": "Plain",
            "Partial Mode": "Finalize",
            "Parallel Aware": false,
            "Startup Cost": 584188.49,
            "Total Cost": 584188.5,
            "Plan Rows": 1,
            "Plan Width": 8,
            "Actual Startup Time": 2454.641,
            "Actual Total Time": 2495.33,
            "Actual Rows": 1,
            "Actual Loops": 1,
            "Output": [
                "count(*)"
            ],
            "Plans": [
                {
                    "Node Type": "Gather",
                    "Parent Relationship": "Outer",
                    "Parallel Aware": false,
                    "Startup Cost": 584187.86,
                    "Total Cost": 584188.47,
                    "Plan Rows": 6,
                    "Plan Width": 8,
                    "Actual Startup Time": 2439.295,
                    "Actual Total Time": 2495.316,
                    "Actual Rows": 7,
                    "Actual Loops": 1,
                    "Output": [
                        "(PARTIAL count(*))"
                    ],
                    "Workers Planned": 6,
                    "Workers Launched": 6,
                    "Single Copy": false,
                    "Plans": [
                        {
                            "Node Type": "Aggregate",
                            "Strategy": "Plain",
                            "Partial Mode": "Partial",
                            "Parent Relationship": "Outer",
                            "Parallel Aware": false,
                            "Startup Cost": 583187.86,
                            "Total Cost": 583187.87,
                            "Plan Rows": 1,
                            "Plan Width": 8,
                            "Actual Startup Time": 2426.116,
                            "Actual Total Time": 2426.122,
                            "Actual Rows": 1,
                            "Actual Loops": 7,
                            "Output": [
                                "PARTIAL count(*)"
                            ],
                            "Workers": [
                                {
                                    "Worker Number": 0,
                                    "Actual Startup Time": 2424.405,
                                    "Actual Total Time": 2424.41,
                                    "Actual Rows": 1,
                                    "Actual Loops": 1
                                },
                                {
                                    "Worker Number": 1,
                                    "Actual Startup Time": 2423.757,
                                    "Actual Total Time": 2423.763,
                                    "Actual Rows": 1,
                                    "Actual Loops": 1
                                },
                                {
                                    "Worker Number": 2,
                                    "Actual Startup Time": 2423.862,
                                    "Actual Total Time": 2423.867,
                                    "Actual Rows": 1,
                                    "Actual Loops": 1
                                },
                                {
                                    "Worker Number": 3,
                                    "Actual Startup Time": 2424.222,
                                    "Actual Total Time": 2424.228,
                                    "Actual Rows": 1,
                                    "Actual Loops": 1
                                },
                                {
                                    "Worker Number": 4,
                                    "Actual Startup Time": 2423.88,
                                    "Actual Total Time": 2423.885,
                                    "Actual Rows": 1,
                                    "Actual Loops": 1
                                },
                                {
                                    "Worker Number": 5,
                                    "Actual Startup Time": 2424.599,
                                    "Actual Total Time": 2424.604,
                                    "Actual Rows": 1,
                                    "Actual Loops": 1
                                }
                            ],
                            "Plans": [
                                {
                                    "Node Type": "Hash Join",
                                    "Parent Relationship": "Outer",
                                    "Parallel Aware": true,
                                    "Join Type": "Inner",
                                    "Startup Cost": 239499.49,
                                    "Total Cost": 578786.69,
                                    "Plan Rows": 1760468,
                                    "Plan Width": 0,
                                    "Actual Startup Time": 572.612,
                                    "Actual Total Time": 2369.625,
                                    "Actual Rows": 817494,
                                    "Actual Loops": 7,
                                    "Inner Unique": false,
                                    "Hash Cond": "(ci.movie_id = t.id)",
                                    "Workers": [
                                        {
                                            "Worker Number": 0,
                                            "Actual Startup Time": 571.067,
                                            "Actual Total Time": 2368.03,
                                            "Actual Rows": 789385,
                                            "Actual Loops": 1
                                        },
                                        {
                                            "Worker Number": 1,
                                            "Actual Startup Time": 570.303,
                                            "Actual Total Time": 2367.497,
                                            "Actual Rows": 785920,
                                            "Actual Loops": 1
                                        },
                                        {
                                            "Worker Number": 2,
                                            "Actual Startup Time": 570.464,
                                            "Actual Total Time": 2367.684,
                                            "Actual Rows": 929471,
                                            "Actual Loops": 1
                                        },
                                        {
                                            "Worker Number": 3,
                                            "Actual Startup Time": 570.477,
                                            "Actual Total Time": 2369.34,
                                            "Actual Rows": 766082,
                                            "Actual Loops": 1
                                        },
                                        {
                                            "Worker Number": 4,
                                            "Actual Startup Time": 570.515,
                                            "Actual Total Time": 2367.636,
                                            "Actual Rows": 789269,
                                            "Actual Loops": 1
                                        },
                                        {
                                            "Worker Number": 5,
                                            "Actual Startup Time": 570.978,
                                            "Actual Total Time": 2367.788,
                                            "Actual Rows": 763562,
                                            "Actual Loops": 1
                                        }
                                    ],
                                    "Plans": [
                                        {
                                            "Node Type": "Seq Scan",
                                            "Parent Relationship": "Outer",
                                            "Parallel Aware": true,
                                            "Relation Name": "cast_info",
                                            "Schema": "public",
                                            "Alias": "ci",
                                            "Startup Cost": 0.0,
                                            "Total Cost": 313108.29,
                                            "Plan Rows": 6042129,
                                            "Plan Width": 4,
                                            "Actual Startup Time": 0.058,
                                            "Actual Total Time": 732.641,
                                            "Actual Rows": 5177763,
                                            "Actual Loops": 7,
                                            "Output": [
                                                "ci.id",
                                                "ci.person_id",
                                                "ci.movie_id",
                                                "ci.person_role_id",
                                                "ci.note",
                                                "ci.nr_order",
                                                "ci.role_id"
                                            ],
                                            "Workers": [
                                                {
                                                    "Worker Number": 0,
                                                    "Actual Startup Time": 0.063,
                                                    "Actual Total Time": 732.041,
                                                    "Actual Rows": 4997935,
                                                    "Actual Loops": 1
                                                },
                                                {
                                                    "Worker Number": 1,
                                                    "Actual Startup Time": 0.063,
                                                    "Actual Total Time": 741.677,
                                                    "Actual Rows": 5078737,
                                                    "Actual Loops": 1
                                                },
                                                {
                                                    "Worker Number": 2,
                                                    "Actual Startup Time": 0.068,
                                                    "Actual Total Time": 733.529,
                                                    "Actual Rows": 5728814,
                                                    "Actual Loops": 1
                                                },
                                                {
                                                    "Worker Number": 3,
                                                    "Actual Startup Time": 0.047,
                                                    "Actual Total Time": 766.916,
                                                    "Actual Rows": 4874249,
                                                    "Actual Loops": 1
                                                },
                                                {
                                                    "Worker Number": 4,
                                                    "Actual Startup Time": 0.062,
                                                    "Actual Total Time": 737.258,
                                                    "Actual Rows": 5030046,
                                                    "Actual Loops": 1
                                                },
                                                {
                                                    "Worker Number": 5,
                                                    "Actual Startup Time": 0.078,
                                                    "Actual Total Time": 752.949,
                                                    "Actual Rows": 4826760,
                                                    "Actual Loops": 1
                                                }
                                            ]
                                        },
                                        {
                                            "Node Type": "Hash",
                                            "Parent Relationship": "Inner",
                                            "Parallel Aware": true,
                                            "Startup Cost": 237657.82,
                                            "Total Cost": 237657.82,
                                            "Plan Rows": 147333,
                                            "Plan Width": 8,
                                            "Actual Startup Time": 568.769,
                                            "Actual Total Time": 568.773,
                                            "Actual Rows": 26596,
                                            "Actual Loops": 7,
                                            "Output": [
                                                "t.id",
                                                "mi.movie_id"
                                            ],
                                            "Hash Buckets": 1048576,
                                            "Original Hash Buckets": 1048576,
                                            "Hash Batches": 1,
                                            "Original Hash Batches": 1,
                                            "Peak Memory Usage": 15584,
                                            "Workers": [
                                                {
                                                    "Worker Number": 0,
                                                    "Actual Startup Time": 570.174,
                                                    "Actual Total Time": 570.177,
                                                    "Actual Rows": 26531,
                                                    "Actual Loops": 1
                                                },
                                                {
                                                    "Worker Number": 1,
                                                    "Actual Startup Time": 569.545,
                                                    "Actual Total Time": 569.55,
                                                    "Actual Rows": 26239,
                                                    "Actual Loops": 1
                                                },
                                                {
                                                    "Worker Number": 2,
                                                    "Actual Startup Time": 569.621,
                                                    "Actual Total Time": 569.625,
                                                    "Actual Rows": 27321,
                                                    "Actual Loops": 1
                                                },
                                                {
                                                    "Worker Number": 3,
                                                    "Actual Startup Time": 569.679,
                                                    "Actual Total Time": 569.683,
                                                    "Actual Rows": 23391,
                                                    "Actual Loops": 1
                                                },
                                                {
                                                    "Worker Number": 4,
                                                    "Actual Startup Time": 569.698,
                                                    "Actual Total Time": 569.702,
                                                    "Actual Rows": 26813,
                                                    "Actual Loops": 1
                                                },
                                                {
                                                    "Worker Number": 5,
                                                    "Actual Startup Time": 570.411,
                                                    "Actual Total Time": 570.415,
                                                    "Actual Rows": 26460,
                                                    "Actual Loops": 1
                                                }
                                            ],
                                            "Plans": [
                                                {
                                                    "Node Type": "Hash Join",
                                                    "Parent Relationship": "Outer",
                                                    "Parallel Aware": true,
                                                    "Join Type": "Inner",
                                                    "Startup Cost": 72045.24,
                                                    "Total Cost": 237657.82,
                                                    "Plan Rows": 147333,
                                                    "Plan Width": 8,
                                                    "Actual Startup Time": 394.975,
                                                    "Actual Total Time": 545.856,
                                                    "Actual Rows": 26596,
                                                    "Actual Loops": 7,
                                                    "Output": [
                                                        "t.id",
                                                        "mi.movie_id"
                                                    ],
                                                    "Inner Unique": true,
                                                    "Hash Cond": "(mi.movie_id = t.id)",
                                                    "Workers": [
                                                        {
                                                            "Worker Number": 0,
                                                            "Actual Startup Time": 396.255,
                                                            "Actual Total Time": 545.795,
                                                            "Actual Rows": 26531,
                                                            "Actual Loops": 1
                                                        },
                                                        {
                                                            "Worker Number": 1,
                                                            "Actual Startup Time": 395.402,
                                                            "Actual Total Time": 545.726,
                                                            "Actual Rows": 26239,
                                                            "Actual Loops": 1
                                                        },
                                                        {
                                                            "Worker Number": 2,
                                                            "Actual Startup Time": 395.056,
                                                            "Actual Total Time": 545.919,
                                                            "Actual Rows": 27321,
                                                            "Actual Loops": 1
                                                        },
                                                        {
                                                            "Worker Number": 3,
                                                            "Actual Startup Time": 397.359,
                                                            "Actual Total Time": 546.835,
                                                            "Actual Rows": 23391,
                                                            "Actual Loops": 1
                                                        },
                                                        {
                                                            "Worker Number": 4,
                                                            "Actual Startup Time": 396.824,
                                                            "Actual Total Time": 545.452,
                                                            "Actual Rows": 26813,
                                                            "Actual Loops": 1
                                                        },
                                                        {
                                                            "Worker Number": 5,
                                                            "Actual Startup Time": 386.432,
                                                            "Actual Total Time": 545.655,
                                                            "Actual Rows": 26460,
                                                            "Actual Loops": 1
                                                        }
                                                    ],
                                                    "Plans": [
                                                        {
                                                            "Node Type": "Bitmap Heap Scan",
                                                            "Parent Relationship": "Outer",
                                                            "Parallel Aware": true,
                                                            "Relation Name": "movie_info",
                                                            "Schema": "public",
                                                            "Alias": "mi",
                                                            "Startup Cost": 21701.74,
                                                            "Total Cost": 186686.12,
                                                            "Plan Rows": 239311,
                                                            "Plan Width": 4,
                                                            "Actual Startup Time": 94.811,
                                                            "Actual Total Time": 191.844,
                                                            "Actual Rows": 172101,
                                                            "Actual Loops": 7,
                                                            "Output": [
                                                                "mi.id",
                                                                "mi.movie_id",
                                                                "mi.info_type_id",
                                                                "mi.info",
                                                                "mi.note"
                                                            ],
                                                            "Recheck Cond": "(mi.info_type_id > 18)",
                                                            "Rows Removed by Index Recheck": 0,
                                                            "Exact Heap Blocks": 5535,
                                                            "Lossy Heap Blocks": 0,
                                                            "Workers": [
                                                                {
                                                                    "Worker Number": 0,
                                                                    "Actual Startup Time": 95.439,
                                                                    "Actual Total Time": 193.207,
                                                                    "Actual Rows": 168691,
                                                                    "Actual Loops": 1
                                                                },
                                                                {
                                                                    "Worker Number": 1,
                                                                    "Actual Startup Time": 94.633,
                                                                    "Actual Total Time": 193.286,
                                                                    "Actual Rows": 169679,
                                                                    "Actual Loops": 1
                                                                },
                                                                {
                                                                    "Worker Number": 2,
                                                                    "Actual Startup Time": 94.389,
                                                                    "Actual Total Time": 194.127,
                                                                    "Actual Rows": 193836,
                                                                    "Actual Loops": 1
                                                                },
                                                                {
                                                                    "Worker Number": 3,
                                                                    "Actual Startup Time": 94.547,
                                                                    "Actual Total Time": 194.708,
                                                                    "Actual Rows": 151467,
                                                                    "Actual Loops": 1
                                                                },
                                                                {
                                                                    "Worker Number": 4,
                                                                    "Actual Startup Time": 95.234,
                                                                    "Actual Total Time": 192.796,
                                                                    "Actual Rows": 165809,
                                                                    "Actual Loops": 1
                                                                },
                                                                {
                                                                    "Worker Number": 5,
                                                                    "Actual Startup Time": 94.508,
                                                                    "Actual Total Time": 193.254,
                                                                    "Actual Rows": 171439,
                                                                    "Actual Loops": 1
                                                                }
                                                            ],
                                                            "Plans": [
                                                                {
                                                                    "Node Type": "Bitmap Index Scan",
                                                                    "Parent Relationship": "Outer",
                                                                    "Parallel Aware": false,
                                                                    "Index Name": "info_type_id_movie_info",
                                                                    "Startup Cost": 0.0,
                                                                    "Total Cost": 21402.6,
                                                                    "Plan Rows": 1196555,
                                                                    "Plan Width": 0,
                                                                    "Actual Startup Time": 85.436,
                                                                    "Actual Total Time": 85.437,
                                                                    "Actual Rows": 1204709,
                                                                    "Actual Loops": 1,
                                                                    "Index Cond": "(mi.info_type_id > 18)",
                                                                    "Workers": [
                                                                        {
                                                                            "Worker Number": 2,
                                                                            "Actual Startup Time": 85.436,
                                                                            "Actual Total Time": 85.437,
                                                                            "Actual Rows": 1204709,
                                                                            "Actual Loops": 1
                                                                        }
                                                                    ]
                                                                }
                                                            ]
                                                        },
                                                        {
                                                            "Node Type": "Hash",
                                                            "Parent Relationship": "Inner",
                                                            "Parallel Aware": true,
                                                            "Startup Cost": 45479.21,
                                                            "Total Cost": 45479.21,
                                                            "Plan Rows": 389144,
                                                            "Plan Width": 4,
                                                            "Actual Startup Time": 275.92,
                                                            "Actual Total Time": 275.921,
                                                            "Actual Rows": 229827,
                                                            "Actual Loops": 7,
                                                            "Output": [
                                                                "t.id"
                                                            ],
                                                            "Hash Buckets": 2097152,
                                                            "Original Hash Buckets": 2097152,
                                                            "Hash Batches": 1,
                                                            "Original Hash Batches": 1,
                                                            "Peak Memory Usage": 79456,
                                                            "Workers": [
                                                                {
                                                                    "Worker Number": 0,
                                                                    "Actual Startup Time": 278.955,
                                                                    "Actual Total Time": 278.956,
                                                                    "Actual Rows": 224508,
                                                                    "Actual Loops": 1
                                                                },
                                                                {
                                                                    "Worker Number": 1,
                                                                    "Actual Startup Time": 279.009,
                                                                    "Actual Total Time": 279.01,
                                                                    "Actual Rows": 227668,
                                                                    "Actual Loops": 1
                                                                },
                                                                {
                                                                    "Worker Number": 2,
                                                                    "Actual Startup Time": 279.129,
                                                                    "Actual Total Time": 279.13,
                                                                    "Actual Rows": 226747,
                                                                    "Actual Loops": 1
                                                                },
                                                                {
                                                                    "Worker Number": 3,
                                                                    "Actual Startup Time": 279.074,
                                                                    "Actual Total Time": 279.075,
                                                                    "Actual Rows": 205991,
                                                                    "Actual Loops": 1
                                                                },
                                                                {
                                                                    "Worker Number": 4,
                                                                    "Actual Startup Time": 278.969,
                                                                    "Actual Total Time": 278.97,
                                                                    "Actual Rows": 225244,
                                                                    "Actual Loops": 1
                                                                },
                                                                {
                                                                    "Worker Number": 5,
                                                                    "Actual Startup Time": 278.959,
                                                                    "Actual Total Time": 278.96,
                                                                    "Actual Rows": 224197,
                                                                    "Actual Loops": 1
                                                                }
                                                            ],
                                                            "Plans": [
                                                                {
                                                                    "Node Type": "Seq Scan",
                                                                    "Parent Relationship": "Outer",
                                                                    "Parallel Aware": true,
                                                                    "Relation Name": "title",
                                                                    "Schema": "public",
                                                                    "Alias": "t",
                                                                    "Startup Cost": 0.0,
                                                                    "Total Cost": 45479.21,
                                                                    "Plan Rows": 389144,
                                                                    "Plan Width": 4,
                                                                    "Actual Startup Time": 0.062,
                                                                    "Actual Total Time": 107.11,
                                                                    "Actual Rows": 229827,
                                                                    "Actual Loops": 7,
                                                                    "Output": [
                                                                        "t.id"
                                                                    ],
                                                                    "Filter": "((t.kind_id > 3) AND (t.production_year > 1919))",
                                                                    "Rows Removed by Filter": 131360,
                                                                    "Workers": [
                                                                        {
                                                                            "Worker Number": 0,
                                                                            "Actual Startup Time": 0.073,
                                                                            "Actual Total Time": 108.548,
                                                                            "Actual Rows": 224508,
                                                                            "Actual Loops": 1
                                                                        },
                                                                        {
                                                                            "Worker Number": 1,
                                                                            "Actual Startup Time": 0.071,
                                                                            "Actual Total Time": 109.486,
                                                                            "Actual Rows": 227668,
                                                                            "Actual Loops": 1
                                                                        },
                                                                        {
                                                                            "Worker Number": 2,
                                                                            "Actual Startup Time": 0.047,
                                                                            "Actual Total Time": 109.462,
                                                                            "Actual Rows": 226747,
                                                                            "Actual Loops": 1
                                                                        },
                                                                        {
                                                                            "Worker Number": 3,
                                                                            "Actual Startup Time": 0.087,
                                                                            "Actual Total Time": 109.946,
                                                                            "Actual Rows": 205991,
                                                                            "Actual Loops": 1
                                                                        },
                                                                        {
                                                                            "Worker Number": 4,
                                                                            "Actual Startup Time": 0.053,
                                                                            "Actual Total Time": 108.868,
                                                                            "Actual Rows": 225244,
                                                                            "Actual Loops": 1
                                                                        },
                                                                        {
                                                                            "Worker Number": 5,
                                                                            "Actual Startup Time": 0.076,
                                                                            "Actual Total Time": 109.526,
                                                                            "Actual Rows": 224197,
                                                                            "Actual Loops": 1
                                                                        }
                                                                    ]
                                                                }
                                                            ]
                                                        }
                                                    ]
                                                }
                                            ]
                                        }
                                    ]
                                }
                            ]
                        }
                    ]
                }
            ]
        },
        "Planning Time": 3027.923,
        "Triggers": [],
        "Execution Time": 2495.543
    }
]