{
  "Plan": {
    "Node Type": "Aggregate",
    "Strategy": "Plain",
    "Partial Mode": "Finalize",
    "Parallel Aware": false,
    "Startup Cost": 97755.13,
    "Total Cost": 97755.14,
    "Plan Rows": 1,
    "Plan Width": 8,
    "Actual Startup Time": 157.147,
    "Actual Total Time": 173.225,
    "Actual Rows": 1,
    "Actual Loops": 1,
    "Plans": [
      {
        "Node Type": "Gather",
        "Parent Relationship": "Outer",
        "Parallel Aware": false,
        "Startup Cost": 97755.01,
        "Total Cost": 97755.12,
        "Plan Rows": 1,
        "Plan Width": 8,
        "Actual Startup Time": 157.042,
        "Actual Total Time": 173.217,
        "Actual Rows": 2,
        "Actual Loops": 1,
        "Workers Planned": 1,
        "Workers Launched": 1,
        "Single Copy": false,
        "Plans": [
          {
            "Node Type": "Aggregate",
            "Strategy": "Plain",
            "Partial Mode": "Partial",
            "Parent Relationship": "Outer",
            "Parallel Aware": false,
            "Startup Cost": 96755.01,
            "Total Cost": 96755.02,
            "Plan Rows": 1,
            "Plan Width": 8,
            "Actual Startup Time": 151.222,
            "Actual Total Time": 151.223,
            "Actual Rows": 1,
            "Actual Loops": 2,
            "Plans": [
              {
                "Node Type": "Nested Loop",
                "Parent Relationship": "Outer",
                "Parallel Aware": false,
                "Join Type": "Inner",
                "Startup Cost": 0.43,
                "Total Cost": 96732.62,
                "Plan Rows": 8959,
                "Plan Width": 0,
                "Actual Startup Time": 90.381,
                "Actual Total Time": 151.127,
                "Actual Rows": 1250,
                "Actual Loops": 2,
                "Inner Unique": false,
                "Plans": [
                  {
                    "Node Type": "Seq Scan",
                    "Parent Relationship": "Outer",
                    "Parallel Aware": true,
                    "Relation Name": "title",
                    "Alias": "t",
                    "Startup Cost": 0.0,
                    "Total Cost": 54588.39,
                    "Plan Rows": 5007,
                    "Plan Width": 4,
                    "Actual Startup Time": 90.156,
                    "Actual Total Time": 131.504,
                    "Actual Rows": 4451,
                    "Actual Loops": 2,
                    "Filter": "(production_year = 1913)",
                    "Rows Removed by Filter": 1259705
                  },
                  {
                    "Node Type": "Index Only Scan",
                    "Parent Relationship": "Inner",
                    "Parallel Aware": false,
                    "Scan Direction": "Forward",
                    "Index Name": "movie_id_movie_keyword",
                    "Relation Name": "movie_keyword",
                    "Alias": "mk",
                    "Startup Cost": 0.43,
                    "Total Cost": 7.97,
                    "Plan Rows": 45,
                    "Plan Width": 4,
                    "Actual Startup Time": 0.004,
                    "Actual Total Time": 0.004,
                    "Actual Rows": 0,
                    "Actual Loops": 8902,
                    "Index Cond": "(movie_id = t.id)",
                    "Rows Removed by Index Recheck": 0,
                    "Heap Fetches": 2500
                  }
                ]
              }
            ]
          }
        ]
      }
    ]
  },
  "Planning Time": 0.444,
  "Triggers": [],
  "Execution Time": 173.296
}