{
    "Plan": {
        "Node Type": "Aggregate",
        "Strategy": "Plain",
        "Partial Mode": "Finalize",
        "Parallel Aware": false,
        "Startup Cost": 413185.64,
        "Total Cost": 413185.65,
        "Plan Rows": 1,
        "Plan Width": 8,
        "Actual Startup Time": 2759.868,
        "Actual Total Time": 2813.256,
        "Actual Rows": 1,
        "Actual Loops": 1,
        "Output": [
            "count(*)"
        ],
        "Plans": [
            {
                "Node Type": "Gather",
                "Parent Relationship": "Outer",
                "Parallel Aware": false,
                "Startup Cost": 413185.02,
                "Total Cost": 413185.63,
                "Plan Rows": 6,
                "Plan Width": 8,
                "Actual Startup Time": 2733.947,
                "Actual Total Time": 2813.128,
                "Actual Rows": 7,
                "Actual Loops": 1,
                "Output": [
                    "(PARTIAL count(*))"
                ],
                "Workers Planned": 6,
                "Workers Launched": 6,
                "Single Copy": false,
                "Plans": [
                    {
                        "Node Type": "Aggregate",
                        "Strategy": "Plain",
                        "Partial Mode": "Partial",
                        "Parent Relationship": "Outer",
                        "Parallel Aware": false,
                        "Startup Cost": 412185.02,
                        "Total Cost": 412185.03,
                        "Plan Rows": 1,
                        "Plan Width": 8,
                        "Actual Startup Time": 2713.006,
                        "Actual Total Time": 2713.01,
                        "Actual Rows": 1,
                        "Actual Loops": 7,
                        "Output": [
                            "PARTIAL count(*)"
                        ],
                        "Workers": [
                            {
                                "Worker Number": 0,
                                "Actual Startup Time": 2711.046,
                                "Actual Total Time": 2711.049,
                                "Actual Rows": 1,
                                "Actual Loops": 1
                            },
                            {
                                "Worker Number": 1,
                                "Actual Startup Time": 2709.316,
                                "Actual Total Time": 2709.318,
                                "Actual Rows": 1,
                                "Actual Loops": 1
                            },
                            {
                                "Worker Number": 2,
                                "Actual Startup Time": 2709.315,
                                "Actual Total Time": 2709.318,
                                "Actual Rows": 1,
                                "Actual Loops": 1
                            },
                            {
                                "Worker Number": 3,
                                "Actual Startup Time": 2709.258,
                                "Actual Total Time": 2709.262,
                                "Actual Rows": 1,
                                "Actual Loops": 1
                            },
                            {
                                "Worker Number": 4,
                                "Actual Startup Time": 2709.458,
                                "Actual Total Time": 2709.462,
                                "Actual Rows": 1,
                                "Actual Loops": 1
                            },
                            {
                                "Worker Number": 5,
                                "Actual Startup Time": 2709.565,
                                "Actual Total Time": 2709.568,
                                "Actual Rows": 1,
                                "Actual Loops": 1
                            }
                        ],
                        "Plans": [
                            {
                                "Node Type": "Hash Join",
                                "Parent Relationship": "Outer",
                                "Parallel Aware": true,
                                "Join Type": "Inner",
                                "Startup Cost": 50219.81,
                                "Total Cost": 403089.28,
                                "Plan Rows": 3638295,
                                "Plan Width": 0,
                                "Actual Startup Time": 483.107,
                                "Actual Total Time": 2550.335,
                                "Actual Rows": 3263085,
                                "Actual Loops": 7,
                                "Inner Unique": true,
                                "Hash Cond": "(ci.movie_id = t.id)",
                                "Workers": [
                                    {
                                        "Worker Number": 0,
                                        "Actual Startup Time": 479.664,
                                        "Actual Total Time": 2548.756,
                                        "Actual Rows": 2795763,
                                        "Actual Loops": 1
                                    },
                                    {
                                        "Worker Number": 1,
                                        "Actual Startup Time": 479.626,
                                        "Actual Total Time": 2556.084,
                                        "Actual Rows": 3718868,
                                        "Actual Loops": 1
                                    },
                                    {
                                        "Worker Number": 2,
                                        "Actual Startup Time": 479.63,
                                        "Actual Total Time": 2555.207,
                                        "Actual Rows": 3731119,
                                        "Actual Loops": 1
                                    },
                                    {
                                        "Worker Number": 3,
                                        "Actual Startup Time": 479.628,
                                        "Actual Total Time": 2526.519,
                                        "Actual Rows": 2732916,
                                        "Actual Loops": 1
                                    },
                                    {
                                        "Worker Number": 4,
                                        "Actual Startup Time": 479.82,
                                        "Actual Total Time": 2563.837,
                                        "Actual Rows": 3301903,
                                        "Actual Loops": 1
                                    },
                                    {
                                        "Worker Number": 5,
                                        "Actual Startup Time": 479.933,
                                        "Actual Total Time": 2538.67,
                                        "Actual Rows": 2591523,
                                        "Actual Loops": 1
                                    }
                                ],
                                "Plans": [
                                    {
                                        "Node Type": "Seq Scan",
                                        "Parent Relationship": "Outer",
                                        "Parallel Aware": true,
                                        "Relation Name": "cast_info",
                                        "Schema": "public",
                                        "Alias": "ci",
                                        "Startup Cost": 0.0,
                                        "Total Cost": 343318.94,
                                        "Plan Rows": 3638295,
                                        "Plan Width": 4,
                                        "Actual Startup Time": 224.862,
                                        "Actual Total Time": 764.106,
                                        "Actual Rows": 3263085,
                                        "Actual Loops": 7,
                                        "Output": [
                                            "ci.id",
                                            "ci.person_id",
                                            "ci.movie_id",
                                            "ci.person_role_id",
                                            "ci.note",
                                            "ci.nr_order",
                                            "ci.role_id"
                                        ],
                                        "Filter": "((ci.person_id > 249001) AND (ci.role_id > 1))",
                                        "Rows Removed by Filter": 1914678,
                                        "Workers": [
                                            {
                                                "Worker Number": 0,
                                                "Actual Startup Time": 224.869,
                                                "Actual Total Time": 785.518,
                                                "Actual Rows": 2795763,
                                                "Actual Loops": 1
                                            },
                                            {
                                                "Worker Number": 1,
                                                "Actual Startup Time": 224.867,
                                                "Actual Total Time": 753.508,
                                                "Actual Rows": 3718868,
                                                "Actual Loops": 1
                                            },
                                            {
                                                "Worker Number": 2,
                                                "Actual Startup Time": 224.855,
                                                "Actual Total Time": 754.383,
                                                "Actual Rows": 3731119,
                                                "Actual Loops": 1
                                            },
                                            {
                                                "Worker Number": 3,
                                                "Actual Startup Time": 224.859,
                                                "Actual Total Time": 816.495,
                                                "Actual Rows": 2732916,
                                                "Actual Loops": 1
                                            },
                                            {
                                                "Worker Number": 4,
                                                "Actual Startup Time": 224.866,
                                                "Actual Total Time": 745.504,
                                                "Actual Rows": 3301903,
                                                "Actual Loops": 1
                                            },
                                            {
                                                "Worker Number": 5,
                                                "Actual Startup Time": 224.877,
                                                "Actual Total Time": 800.666,
                                                "Actual Rows": 2591523,
                                                "Actual Loops": 1
                                            }
                                        ]
                                    },
                                    {
                                        "Node Type": "Hash",
                                        "Parent Relationship": "Inner",
                                        "Parallel Aware": true,
                                        "Startup Cost": 42318.81,
                                        "Total Cost": 42318.81,
                                        "Plan Rows": 632080,
                                        "Plan Width": 4,
                                        "Actual Startup Time": 251.541,
                                        "Actual Total Time": 251.542,
                                        "Actual Rows": 361187,
                                        "Actual Loops": 7,
                                        "Output": [
                                            "t.id"
                                        ],
                                        "Hash Buckets": 4194304,
                                        "Original Hash Buckets": 4194304,
                                        "Hash Batches": 1,
                                        "Original Hash Batches": 1,
                                        "Peak Memory Usage": 131840,
                                        "Workers": [
                                            {
                                                "Worker Number": 0,
                                                "Actual Startup Time": 254.029,
                                                "Actual Total Time": 254.03,
                                                "Actual Rows": 280579,
                                                "Actual Loops": 1
                                            },
                                            {
                                                "Worker Number": 1,
                                                "Actual Startup Time": 254.135,
                                                "Actual Total Time": 254.136,
                                                "Actual Rows": 387063,
                                                "Actual Loops": 1
                                            },
                                            {
                                                "Worker Number": 2,
                                                "Actual Startup Time": 254.101,
                                                "Actual Total Time": 254.102,
                                                "Actual Rows": 389422,
                                                "Actual Loops": 1
                                            },
                                            {
                                                "Worker Number": 3,
                                                "Actual Startup Time": 253.986,
                                                "Actual Total Time": 253.987,
                                                "Actual Rows": 297879,
                                                "Actual Loops": 1
                                            },
                                            {
                                                "Worker Number": 4,
                                                "Actual Startup Time": 254.317,
                                                "Actual Total Time": 254.318,
                                                "Actual Rows": 358369,
                                                "Actual Loops": 1
                                            },
                                            {
                                                "Worker Number": 5,
                                                "Actual Startup Time": 254.235,
                                                "Actual Total Time": 254.236,
                                                "Actual Rows": 283356,
                                                "Actual Loops": 1
                                            }
                                        ],
                                        "Plans": [
                                            {
                                                "Node Type": "Seq Scan",
                                                "Parent Relationship": "Outer",
                                                "Parallel Aware": true,
                                                "Relation Name": "title",
                                                "Schema": "public",
                                                "Alias": "t",
                                                "Startup Cost": 0.0,
                                                "Total Cost": 42318.81,
                                                "Plan Rows": 632080,
                                                "Plan Width": 4,
                                                "Actual Startup Time": 0.073,
                                                "Actual Total Time": 73.623,
                                                "Actual Rows": 361187,
                                                "Actual Loops": 7,
                                                "Output": [
                                                    "t.id"
                                                ],
                                                "Workers": [
                                                    {
                                                        "Worker Number": 0,
                                                        "Actual Startup Time": 0.103,
                                                        "Actual Total Time": 77.321,
                                                        "Actual Rows": 280579,
                                                        "Actual Loops": 1
                                                    },
                                                    {
                                                        "Worker Number": 1,
                                                        "Actual Startup Time": 0.069,
                                                        "Actual Total Time": 74.479,
                                                        "Actual Rows": 387063,
                                                        "Actual Loops": 1
                                                    },
                                                    {
                                                        "Worker Number": 2,
                                                        "Actual Startup Time": 0.063,
                                                        "Actual Total Time": 74.367,
                                                        "Actual Rows": 389422,
                                                        "Actual Loops": 1
                                                    },
                                                    {
                                                        "Worker Number": 3,
                                                        "Actual Startup Time": 0.069,
                                                        "Actual Total Time": 79.127,
                                                        "Actual Rows": 297879,
                                                        "Actual Loops": 1
                                                    },
                                                    {
                                                        "Worker Number": 4,
                                                        "Actual Startup Time": 0.096,
                                                        "Actual Total Time": 73.553,
                                                        "Actual Rows": 358369,
                                                        "Actual Loops": 1
                                                    },
                                                    {
                                                        "Worker Number": 5,
                                                        "Actual Startup Time": 0.1,
                                                        "Actual Total Time": 77.557,
                                                        "Actual Rows": 283356,
                                                        "Actual Loops": 1
                                                    }
                                                ]
                                            }
                                        ]
                                    }
                                ]
                            }
                        ]
                    }
                ]
            }
        ]
    },
    "Planning Time": 0.762,
    "Triggers": [],
    "Execution Time": 2813.335
}