{
    "Plan": {
        "Node Type": "Aggregate",
        "Strategy": "Plain",
        "Partial Mode": "Simple",
        "Parallel Aware": false,
        "Startup Cost": 110002554249.59,
        "Total Cost": 110002554249.6,
        "Plan Rows": 1,
        "Plan Width": 128,
        "Actual Startup Time": 20729.291,
        "Actual Total Time": 20729.3,
        "Actual Rows": 1,
        "Actual Loops": 1,
        "Output": [
            "min(mi.info)",
            "min(mi_idx.info)",
            "min(n.name)",
            "min(t.title)"
        ],
        "Plans": [
            {
                "Node Type": "Nested Loop",
                "Parent Relationship": "Outer",
                "Parallel Aware": false,
                "Join Type": "Inner",
                "Startup Cost": 110000000005.6,
                "Total Cost": 110002554249.58,
                "Plan Rows": 1,
                "Plan Width": 80,
                "Actual Startup Time": 2371.796,
                "Actual Total Time": 20728.512,
                "Actual Rows": 1414,
                "Actual Loops": 1,
                "Output": [
                    "mi.info",
                    "mi_idx.info",
                    "n.name",
                    "t.title"
                ],
                "Inner Unique": true,
                "Join Filter": "(mi.movie_id = t.id)",
                "Rows Removed by Join Filter": 0,
                "Plans": [
                    {
                        "Node Type": "Nested Loop",
                        "Parent Relationship": "Outer",
                        "Parallel Aware": false,
                        "Join Type": "Inner",
                        "Startup Cost": 100000000005.15,
                        "Total Cost": 100002554245.11,
                        "Plan Rows": 1,
                        "Plan Width": 83,
                        "Actual Startup Time": 2371.766,
                        "Actual Total Time": 20720.048,
                        "Actual Rows": 1414,
                        "Actual Loops": 1,
                        "Output": [
                            "ci.movie_id",
                            "mc.movie_id",
                            "mi.info",
                            "mi.movie_id",
                            "mi_idx.info",
                            "mi_idx.movie_id",
                            "mk.movie_id",
                            "n.name"
                        ],
                        "Inner Unique": true,
                        "Plans": [
                            {
                                "Node Type": "Nested Loop",
                                "Parent Relationship": "Outer",
                                "Parallel Aware": false,
                                "Join Type": "Inner",
                                "Startup Cost": 90000000004.67,
                                "Total Cost": 90002554240.61,
                                "Plan Rows": 1,
                                "Plan Width": 72,
                                "Actual Startup Time": 2371.727,
                                "Actual Total Time": 20710.118,
                                "Actual Rows": 1414,
                                "Actual Loops": 1,
                                "Output": [
                                    "ci.movie_id",
                                    "ci.person_id",
                                    "mc.movie_id",
                                    "mi.info",
                                    "mi.movie_id",
                                    "mi_idx.info",
                                    "mi_idx.movie_id",
                                    "mk.movie_id"
                                ],
                                "Inner Unique": true,
                                "Plans": [
                                    {
                                        "Node Type": "Nested Loop",
                                        "Parent Relationship": "Outer",
                                        "Parallel Aware": false,
                                        "Join Type": "Inner",
                                        "Startup Cost": 80000000004.24,
                                        "Total Cost": 80002554186.21,
                                        "Plan Rows": 12,
                                        "Plan Width": 76,
                                        "Actual Startup Time": 2371.378,
                                        "Actual Total Time": 20448.591,
                                        "Actual Rows": 56284,
                                        "Actual Loops": 1,
                                        "Output": [
                                            "ci.movie_id",
                                            "ci.person_id",
                                            "mc.movie_id",
                                            "mi.info",
                                            "mi.movie_id",
                                            "mi_idx.info",
                                            "mi_idx.movie_id",
                                            "mk.movie_id",
                                            "mk.keyword_id"
                                        ],
                                        "Inner Unique": false,
                                        "Join Filter": "(mi.movie_id = mk.movie_id)",
                                        "Rows Removed by Join Filter": 0,
                                        "Plans": [
                                            {
                                                "Node Type": "Nested Loop",
                                                "Parent Relationship": "Outer",
                                                "Parallel Aware": false,
                                                "Join Type": "Inner",
                                                "Startup Cost": 70000000003.42,
                                                "Total Cost": 70002554180.24,
                                                "Plan Rows": 1,
                                                "Plan Width": 68,
                                                "Actual Startup Time": 2371.336,
                                                "Actual Total Time": 20423.455,
                                                "Actual Rows": 665,
                                                "Actual Loops": 1,
                                                "Output": [
                                                    "ci.movie_id",
                                                    "ci.person_id",
                                                    "mc.movie_id",
                                                    "mi.info",
                                                    "mi.movie_id",
                                                    "mi_idx.info",
                                                    "mi_idx.movie_id"
                                                ],
                                                "Inner Unique": true,
                                                "Plans": [
                                                    {
                                                        "Node Type": "Nested Loop",
                                                        "Parent Relationship": "Outer",
                                                        "Parallel Aware": false,
                                                        "Join Type": "Inner",
                                                        "Startup Cost": 60000000002.99,
                                                        "Total Cost": 60002553073.33,
                                                        "Plan Rows": 249,
                                                        "Plan Width": 72,
                                                        "Actual Startup Time": 7.928,
                                                        "Actual Total Time": 18429.941,
                                                        "Actual Rows": 401397,
                                                        "Actual Loops": 1,
                                                        "Output": [
                                                            "ci.movie_id",
                                                            "ci.person_id",
                                                            "mc.movie_id",
                                                            "mc.company_id",
                                                            "mi.info",
                                                            "mi.movie_id",
                                                            "mi_idx.info",
                                                            "mi_idx.movie_id"
                                                        ],
                                                        "Inner Unique": false,
                                                        "Join Filter": "(mi.movie_id = mc.movie_id)",
                                                        "Rows Removed by Join Filter": 0,
                                                        "Plans": [
                                                            {
                                                                "Node Type": "Nested Loop",
                                                                "Parent Relationship": "Outer",
                                                                "Parallel Aware": false,
                                                                "Join Type": "Inner",
                                                                "Startup Cost": 50000000002.49,
                                                                "Total Cost": 50002552657.4,
                                                                "Plan Rows": 90,
                                                                "Plan Width": 64,
                                                                "Actual Startup Time": 7.826,
                                                                "Actual Total Time": 17764.616,
                                                                "Actual Rows": 71788,
                                                                "Actual Loops": 1,
                                                                "Output": [
                                                                    "ci.movie_id",
                                                                    "ci.person_id",
                                                                    "mi.info",
                                                                    "mi.movie_id",
                                                                    "mi_idx.info",
                                                                    "mi_idx.movie_id"
                                                                ],
                                                                "Inner Unique": false,
                                                                "Join Filter": "(mi.movie_id = ci.movie_id)",
                                                                "Rows Removed by Join Filter": 0,
                                                                "Plans": [
                                                                    {
                                                                        "Node Type": "Nested Loop",
                                                                        "Parent Relationship": "Outer",
                                                                        "Parallel Aware": false,
                                                                        "Join Type": "Inner",
                                                                        "Startup Cost": 40000000001.27,
                                                                        "Total Cost": 40002552240.74,
                                                                        "Plan Rows": 70,
                                                                        "Plan Width": 56,
                                                                        "Actual Startup Time": 0.41,
                                                                        "Actual Total Time": 10490.447,
                                                                        "Actual Rows": 142960,
                                                                        "Actual Loops": 1,
                                                                        "Output": [
                                                                            "mi.info",
                                                                            "mi.movie_id",
                                                                            "mi_idx.info",
                                                                            "mi_idx.movie_id"
                                                                        ],
                                                                        "Inner Unique": true,
                                                                        "Plans": [
                                                                            {
                                                                                "Node Type": "Nested Loop",
                                                                                "Parent Relationship": "Outer",
                                                                                "Parallel Aware": false,
                                                                                "Join Type": "Inner",
                                                                                "Startup Cost": 30000000001.11,
                                                                                "Total Cost": 30002519259.55,
                                                                                "Plan Rows": 7918,
                                                                                "Plan Width": 60,
                                                                                "Actual Startup Time": 0.391,
                                                                                "Actual Total Time": 8897.43,
                                                                                "Actual Rows": 429048,
                                                                                "Actual Loops": 1,
                                                                                "Output": [
                                                                                    "mi.info",
                                                                                    "mi.movie_id",
                                                                                    "mi_idx.info",
                                                                                    "mi_idx.movie_id",
                                                                                    "mi_idx.info_type_id"
                                                                                ],
                                                                                "Inner Unique": false,
                                                                                "Plans": [
                                                                                    {
                                                                                        "Node Type": "Nested Loop",
                                                                                        "Parent Relationship": "Outer",
                                                                                        "Parallel Aware": false,
                                                                                        "Join Type": "Inner",
                                                                                        "Startup Cost": 20000000000.59,
                                                                                        "Total Cost": 20002506392.05,
                                                                                        "Plan Rows": 2799,
                                                                                        "Plan Width": 47,
                                                                                        "Actual Startup Time": 0.338,
                                                                                        "Actual Total Time": 7473.645,
                                                                                        "Actual Rows": 307434,
                                                                                        "Actual Loops": 1,
                                                                                        "Output": [
                                                                                            "mi.info",
                                                                                            "mi.movie_id"
                                                                                        ],
                                                                                        "Inner Unique": true,
                                                                                        "Plans": [
                                                                                            {
                                                                                                "Node Type": "Index Scan",
                                                                                                "Parent Relationship": "Outer",
                                                                                                "Parallel Aware": false,
                                                                                                "Scan Direction": "Forward",
                                                                                                "Index Name": "movie_id_movie_info",
                                                                                                "Relation Name": "movie_info",
                                                                                                "Schema": "public",
                                                                                                "Alias": "mi",
                                                                                                "Startup Cost": 10000000000.43,
                                                                                                "Total Cost": 10001189091.59,
                                                                                                "Plan Rows": 316251,
                                                                                                "Plan Width": 51,
                                                                                                "Actual Startup Time": 0.32,
                                                                                                "Actual Total Time": 6282.86,
                                                                                                "Actual Rows": 310816,
                                                                                                "Actual Loops": 1,
                                                                                                "Output": [
                                                                                                    "mi.id",
                                                                                                    "mi.movie_id",
                                                                                                    "mi.info_type_id",
                                                                                                    "mi.info",
                                                                                                    "mi.note"
                                                                                                ],
                                                                                                "Filter": "(mi.info = ANY ('{Sci-Fi,War,Horror,Western,Action,Comedy}'::text[]))",
                                                                                                "Rows Removed by Filter": 14524904
                                                                                            },
                                                                                            {
                                                                                                "Node Type": "Bitmap Heap Scan",
                                                                                                "Parent Relationship": "Inner",
                                                                                                "Parallel Aware": false,
                                                                                                "Relation Name": "info_type",
                                                                                                "Schema": "public",
                                                                                                "Alias": "it1",
                                                                                                "Startup Cost": 0.15,
                                                                                                "Total Cost": 4.17,
                                                                                                "Plan Rows": 1,
                                                                                                "Plan Width": 4,
                                                                                                "Actual Startup Time": 0.002,
                                                                                                "Actual Total Time": 0.002,
                                                                                                "Actual Rows": 1,
                                                                                                "Actual Loops": 310816,
                                                                                                "Output": [
                                                                                                    "it1.id",
                                                                                                    "it1.info"
                                                                                                ],
                                                                                                "Recheck Cond": "(it1.id = mi.info_type_id)",
                                                                                                "Rows Removed by Index Recheck": 0,
                                                                                                "Filter": "((it1.info)::text = 'genres'::text)",
                                                                                                "Rows Removed by Filter": 0,
                                                                                                "Exact Heap Blocks": 310816,
                                                                                                "Lossy Heap Blocks": 0,
                                                                                                "Plans": [
                                                                                                    {
                                                                                                        "Node Type": "Bitmap Index Scan",
                                                                                                        "Parent Relationship": "Outer",
                                                                                                        "Parallel Aware": false,
                                                                                                        "Index Name": "info_type_pkey",
                                                                                                        "Startup Cost": 0.0,
                                                                                                        "Total Cost": 0.15,
                                                                                                        "Plan Rows": 1,
                                                                                                        "Plan Width": 0,
                                                                                                        "Actual Startup Time": 0.001,
                                                                                                        "Actual Total Time": 0.001,
                                                                                                        "Actual Rows": 1,
                                                                                                        "Actual Loops": 310816,
                                                                                                        "Index Cond": "(it1.id = mi.info_type_id)"
                                                                                                    }
                                                                                                ]
                                                                                            }
                                                                                        ]
                                                                                    },
                                                                                    {
                                                                                        "Node Type": "Bitmap Heap Scan",
                                                                                        "Parent Relationship": "Inner",
                                                                                        "Parallel Aware": false,
                                                                                        "Relation Name": "movie_info_idx",
                                                                                        "Schema": "public",
                                                                                        "Alias": "mi_idx",
                                                                                        "Startup Cost": 0.53,
                                                                                        "Total Cost": 4.57,
                                                                                        "Plan Rows": 3,
                                                                                        "Plan Width": 13,
                                                                                        "Actual Startup Time": 0.003,
                                                                                        "Actual Total Time": 0.003,
                                                                                        "Actual Rows": 1,
                                                                                        "Actual Loops": 307434,
                                                                                        "Output": [
                                                                                            "mi_idx.id",
                                                                                            "mi_idx.movie_id",
                                                                                            "mi_idx.info_type_id",
                                                                                            "mi_idx.info",
                                                                                            "mi_idx.note"
                                                                                        ],
                                                                                        "Recheck Cond": "(mi_idx.movie_id = mi.movie_id)",
                                                                                        "Rows Removed by Index Recheck": 0,
                                                                                        "Exact Heap Blocks": 144329,
                                                                                        "Lossy Heap Blocks": 0,
                                                                                        "Plans": [
                                                                                            {
                                                                                                "Node Type": "Bitmap Index Scan",
                                                                                                "Parent Relationship": "Outer",
                                                                                                "Parallel Aware": false,
                                                                                                "Index Name": "movie_id_movie_info_idx",
                                                                                                "Startup Cost": 0.0,
                                                                                                "Total Cost": 0.53,
                                                                                                "Plan Rows": 3,
                                                                                                "Plan Width": 0,
                                                                                                "Actual Startup Time": 0.002,
                                                                                                "Actual Total Time": 0.002,
                                                                                                "Actual Rows": 1,
                                                                                                "Actual Loops": 307434,
                                                                                                "Index Cond": "(mi_idx.movie_id = mi.movie_id)"
                                                                                            }
                                                                                        ]
                                                                                    }
                                                                                ]
                                                                            },
                                                                            {
                                                                                "Node Type": "Bitmap Heap Scan",
                                                                                "Parent Relationship": "Inner",
                                                                                "Parallel Aware": false,
                                                                                "Relation Name": "info_type",
                                                                                "Schema": "public",
                                                                                "Alias": "it2",
                                                                                "Startup Cost": 0.15,
                                                                                "Total Cost": 4.17,
                                                                                "Plan Rows": 1,
                                                                                "Plan Width": 4,
                                                                                "Actual Startup Time": 0.002,
                                                                                "Actual Total Time": 0.002,
                                                                                "Actual Rows": 0,
                                                                                "Actual Loops": 429048,
                                                                                "Output": [
                                                                                    "it2.id",
                                                                                    "it2.info"
                                                                                ],
                                                                                "Recheck Cond": "(it2.id = mi_idx.info_type_id)",
                                                                                "Rows Removed by Index Recheck": 0,
                                                                                "Filter": "((it2.info)::text = 'votes'::text)",
                                                                                "Rows Removed by Filter": 1,
                                                                                "Exact Heap Blocks": 429048,
                                                                                "Lossy Heap Blocks": 0,
                                                                                "Plans": [
                                                                                    {
                                                                                        "Node Type": "Bitmap Index Scan",
                                                                                        "Parent Relationship": "Outer",
                                                                                        "Parallel Aware": false,
                                                                                        "Index Name": "info_type_pkey",
                                                                                        "Startup Cost": 0.0,
                                                                                        "Total Cost": 0.15,
                                                                                        "Plan Rows": 1,
                                                                                        "Plan Width": 0,
                                                                                        "Actual Startup Time": 0.001,
                                                                                        "Actual Total Time": 0.001,
                                                                                        "Actual Rows": 1,
                                                                                        "Actual Loops": 429048,
                                                                                        "Index Cond": "(it2.id = mi_idx.info_type_id)"
                                                                                    }
                                                                                ]
                                                                            }
                                                                        ]
                                                                    },
                                                                    {
                                                                        "Node Type": "Bitmap Heap Scan",
                                                                        "Parent Relationship": "Inner",
                                                                        "Parallel Aware": false,
                                                                        "Relation Name": "cast_info",
                                                                        "Schema": "public",
                                                                        "Alias": "ci",
                                                                        "Startup Cost": 1.23,
                                                                        "Total Cost": 5.94,
                                                                        "Plan Rows": 1,
                                                                        "Plan Width": 8,
                                                                        "Actual Startup Time": 0.043,
                                                                        "Actual Total Time": 0.049,
                                                                        "Actual Rows": 1,
                                                                        "Actual Loops": 142960,
                                                                        "Output": [
                                                                            "ci.id",
                                                                            "ci.person_id",
                                                                            "ci.movie_id",
                                                                            "ci.person_role_id",
                                                                            "ci.note",
                                                                            "ci.nr_order",
                                                                            "ci.role_id"
                                                                        ],
                                                                        "Recheck Cond": "(ci.movie_id = mi_idx.movie_id)",
                                                                        "Rows Removed by Index Recheck": 0,
                                                                        "Filter": "(ci.note = ANY ('{(writer),\"(head writer)\",\"(written by)\",(story),\"(story editor)\"}'::text[]))",
                                                                        "Rows Removed by Filter": 34,
                                                                        "Exact Heap Blocks": 4705934,
                                                                        "Lossy Heap Blocks": 0,
                                                                        "Plans": [
                                                                            {
                                                                                "Node Type": "Bitmap Index Scan",
                                                                                "Parent Relationship": "Outer",
                                                                                "Parallel Aware": false,
                                                                                "Index Name": "movie_id_cast_info",
                                                                                "Startup Cost": 0.0,
                                                                                "Total Cost": 1.23,
                                                                                "Plan Rows": 38,
                                                                                "Plan Width": 0,
                                                                                "Actual Startup Time": 0.006,
                                                                                "Actual Total Time": 0.006,
                                                                                "Actual Rows": 34,
                                                                                "Actual Loops": 142960,
                                                                                "Index Cond": "(ci.movie_id = mi_idx.movie_id)"
                                                                            }
                                                                        ]
                                                                    }
                                                                ]
                                                            },
                                                            {
                                                                "Node Type": "Bitmap Heap Scan",
                                                                "Parent Relationship": "Inner",
                                                                "Parallel Aware": false,
                                                                "Relation Name": "movie_companies",
                                                                "Schema": "public",
                                                                "Alias": "mc",
                                                                "Startup Cost": 0.5,
                                                                "Total Cost": 4.56,
                                                                "Plan Rows": 5,
                                                                "Plan Width": 8,
                                                                "Actual Startup Time": 0.005,
                                                                "Actual Total Time": 0.006,
                                                                "Actual Rows": 6,
                                                                "Actual Loops": 71788,
                                                                "Output": [
                                                                    "mc.id",
                                                                    "mc.movie_id",
                                                                    "mc.company_id",
                                                                    "mc.company_type_id",
                                                                    "mc.note"
                                                                ],
                                                                "Recheck Cond": "(mc.movie_id = mi_idx.movie_id)",
                                                                "Rows Removed by Index Recheck": 0,
                                                                "Exact Heap Blocks": 121968,
                                                                "Lossy Heap Blocks": 0,
                                                                "Plans": [
                                                                    {
                                                                        "Node Type": "Bitmap Index Scan",
                                                                        "Parent Relationship": "Outer",
                                                                        "Parallel Aware": false,
                                                                        "Index Name": "movie_id_movie_companies",
                                                                        "Startup Cost": 0.0,
                                                                        "Total Cost": 0.5,
                                                                        "Plan Rows": 5,
                                                                        "Plan Width": 0,
                                                                        "Actual Startup Time": 0.003,
                                                                        "Actual Total Time": 0.003,
                                                                        "Actual Rows": 6,
                                                                        "Actual Loops": 71788,
                                                                        "Index Cond": "(mc.movie_id = mi_idx.movie_id)"
                                                                    }
                                                                ]
                                                            }
                                                        ]
                                                    },
                                                    {
                                                        "Node Type": "Bitmap Heap Scan",
                                                        "Parent Relationship": "Inner",
                                                        "Parallel Aware": false,
                                                        "Relation Name": "company_name",
                                                        "Schema": "public",
                                                        "Alias": "cn",
                                                        "Startup Cost": 0.43,
                                                        "Total Cost": 4.44,
                                                        "Plan Rows": 1,
                                                        "Plan Width": 4,
                                                        "Actual Startup Time": 0.004,
                                                        "Actual Total Time": 0.004,
                                                        "Actual Rows": 0,
                                                        "Actual Loops": 401397,
                                                        "Output": [
                                                            "cn.id",
                                                            "cn.name",
                                                            "cn.country_code",
                                                            "cn.imdb_id",
                                                            "cn.name_pcode_nf",
                                                            "cn.name_pcode_sf",
                                                            "cn.md5sum"
                                                        ],
                                                        "Recheck Cond": "(cn.id = mc.company_id)",
                                                        "Rows Removed by Index Recheck": 0,
                                                        "Filter": "(cn.name ~~ 'Lionsgate%'::text)",
                                                        "Rows Removed by Filter": 1,
                                                        "Exact Heap Blocks": 401397,
                                                        "Lossy Heap Blocks": 0,
                                                        "Plans": [
                                                            {
                                                                "Node Type": "Bitmap Index Scan",
                                                                "Parent Relationship": "Outer",
                                                                "Parallel Aware": false,
                                                                "Index Name": "company_name_pkey",
                                                                "Startup Cost": 0.0,
                                                                "Total Cost": 0.43,
                                                                "Plan Rows": 1,
                                                                "Plan Width": 0,
                                                                "Actual Startup Time": 0.002,
                                                                "Actual Total Time": 0.002,
                                                                "Actual Rows": 1,
                                                                "Actual Loops": 401397,
                                                                "Index Cond": "(cn.id = mc.company_id)"
                                                            }
                                                        ]
                                                    }
                                                ]
                                            },
                                            {
                                                "Node Type": "Bitmap Heap Scan",
                                                "Parent Relationship": "Inner",
                                                "Parallel Aware": false,
                                                "Relation Name": "movie_keyword",
                                                "Schema": "public",
                                                "Alias": "mk",
                                                "Startup Cost": 0.82,
                                                "Total Cost": 5.4,
                                                "Plan Rows": 46,
                                                "Plan Width": 8,
                                                "Actual Startup Time": 0.011,
                                                "Actual Total Time": 0.022,
                                                "Actual Rows": 85,
                                                "Actual Loops": 665,
                                                "Output": [
                                                    "mk.id",
                                                    "mk.movie_id",
                                                    "mk.keyword_id"
                                                ],
                                                "Recheck Cond": "(mk.movie_id = mc.movie_id)",
                                                "Rows Removed by Index Recheck": 0,
                                                "Exact Heap Blocks": 924,
                                                "Lossy Heap Blocks": 0,
                                                "Plans": [
                                                    {
                                                        "Node Type": "Bitmap Index Scan",
                                                        "Parent Relationship": "Outer",
                                                        "Parallel Aware": false,
                                                        "Index Name": "movie_id_movie_keyword",
                                                        "Startup Cost": 0.0,
                                                        "Total Cost": 0.81,
                                                        "Plan Rows": 46,
                                                        "Plan Width": 0,
                                                        "Actual Startup Time": 0.007,
                                                        "Actual Total Time": 0.007,
                                                        "Actual Rows": 85,
                                                        "Actual Loops": 665,
                                                        "Index Cond": "(mk.movie_id = mc.movie_id)"
                                                    }
                                                ]
                                            }
                                        ]
                                    },
                                    {
                                        "Node Type": "Bitmap Heap Scan",
                                        "Parent Relationship": "Inner",
                                        "Parallel Aware": false,
                                        "Relation Name": "keyword",
                                        "Schema": "public",
                                        "Alias": "k",
                                        "Startup Cost": 0.43,
                                        "Total Cost": 4.45,
                                        "Plan Rows": 1,
                                        "Plan Width": 4,
                                        "Actual Startup Time": 0.003,
                                        "Actual Total Time": 0.003,
                                        "Actual Rows": 0,
                                        "Actual Loops": 56284,
                                        "Output": [
                                            "k.id",
                                            "k.keyword",
                                            "k.phonetic_code"
                                        ],
                                        "Recheck Cond": "(k.id = mk.keyword_id)",
                                        "Rows Removed by Index Recheck": 0,
                                        "Filter": "(k.keyword = ANY ('{murder,violence,blood,gore,death,female-nudity,hospital}'::text[]))",
                                        "Rows Removed by Filter": 1,
                                        "Exact Heap Blocks": 56284,
                                        "Lossy Heap Blocks": 0,
                                        "Plans": [
                                            {
                                                "Node Type": "Bitmap Index Scan",
                                                "Parent Relationship": "Outer",
                                                "Parallel Aware": false,
                                                "Index Name": "keyword_pkey",
                                                "Startup Cost": 0.0,
                                                "Total Cost": 0.43,
                                                "Plan Rows": 1,
                                                "Plan Width": 0,
                                                "Actual Startup Time": 0.002,
                                                "Actual Total Time": 0.002,
                                                "Actual Rows": 1,
                                                "Actual Loops": 56284,
                                                "Index Cond": "(k.id = mk.keyword_id)"
                                            }
                                        ]
                                    }
                                ]
                            },
                            {
                                "Node Type": "Bitmap Heap Scan",
                                "Parent Relationship": "Inner",
                                "Parallel Aware": false,
                                "Relation Name": "name",
                                "Schema": "public",
                                "Alias": "n",
                                "Startup Cost": 0.49,
                                "Total Cost": 4.5,
                                "Plan Rows": 1,
                                "Plan Width": 19,
                                "Actual Startup Time": 0.005,
                                "Actual Total Time": 0.005,
                                "Actual Rows": 1,
                                "Actual Loops": 1414,
                                "Output": [
                                    "n.id",
                                    "n.name",
                                    "n.imdb_index",
                                    "n.imdb_id",
                                    "n.gender",
                                    "n.name_pcode_cf",
                                    "n.name_pcode_nf",
                                    "n.surname_pcode",
                                    "n.md5sum"
                                ],
                                "Recheck Cond": "(n.id = ci.person_id)",
                                "Rows Removed by Index Recheck": 0,
                                "Exact Heap Blocks": 1414,
                                "Lossy Heap Blocks": 0,
                                "Plans": [
                                    {
                                        "Node Type": "Bitmap Index Scan",
                                        "Parent Relationship": "Outer",
                                        "Parallel Aware": false,
                                        "Index Name": "name_pkey",
                                        "Startup Cost": 0.0,
                                        "Total Cost": 0.49,
                                        "Plan Rows": 1,
                                        "Plan Width": 0,
                                        "Actual Startup Time": 0.003,
                                        "Actual Total Time": 0.003,
                                        "Actual Rows": 1,
                                        "Actual Loops": 1414,
                                        "Index Cond": "(n.id = ci.person_id)"
                                    }
                                ]
                            }
                        ]
                    },
                    {
                        "Node Type": "Bitmap Heap Scan",
                        "Parent Relationship": "Inner",
                        "Parallel Aware": false,
                        "Relation Name": "title",
                        "Schema": "public",
                        "Alias": "t",
                        "Startup Cost": 0.45,
                        "Total Cost": 4.46,
                        "Plan Rows": 1,
                        "Plan Width": 21,
                        "Actual Startup Time": 0.004,
                        "Actual Total Time": 0.004,
                        "Actual Rows": 1,
                        "Actual Loops": 1414,
                        "Output": [
                            "t.id",
                            "t.title",
                            "t.imdb_index",
                            "t.kind_id",
                            "t.production_year",
                            "t.imdb_id",
                            "t.phonetic_code",
                            "t.episode_of_id",
                            "t.season_nr",
                            "t.episode_nr",
                            "t.series_years",
                            "t.md5sum"
                        ],
                        "Recheck Cond": "(t.id = mk.movie_id)",
                        "Rows Removed by Index Recheck": 0,
                        "Exact Heap Blocks": 1414,
                        "Lossy Heap Blocks": 0,
                        "Plans": [
                            {
                                "Node Type": "Bitmap Index Scan",
                                "Parent Relationship": "Outer",
                                "Parallel Aware": false,
                                "Index Name": "title_pkey",
                                "Startup Cost": 0.0,
                                "Total Cost": 0.45,
                                "Plan Rows": 1,
                                "Plan Width": 0,
                                "Actual Startup Time": 0.003,
                                "Actual Total Time": 0.003,
                                "Actual Rows": 1,
                                "Actual Loops": 1414,
                                "Index Cond": "(t.id = mk.movie_id)"
                            }
                        ]
                    }
                ]
            }
        ]
    },
    "Planning Time": 47.985,
    "Triggers": [],
    "Execution Time": 20729.843
}