[
  {
    "Plan": {
      "Node Type": "Aggregate",
      "Strategy": "Plain",
      "Partial Mode": "Finalize",
      "Parallel Aware": false,
      "Startup Cost": 31877.25,
      "Total Cost": 31877.26,
      "Plan Rows": 1,
      "Plan Width": 8,
      "Actual Startup Time": 128.538,
      "Actual Total Time": 135.337,
      "Actual Rows": 1,
      "Actual Loops": 1,
      "Plans": [
        {
          "Node Type": "Gather",
          "Parent Relationship": "Outer",
          "Parallel Aware": false,
          "Startup Cost": 31876.94,
          "Total Cost": 31877.25,
          "Plan Rows": 3,
          "Plan Width": 8,
          "Actual Startup Time": 128.424,
          "Actual Total Time": 135.328,
          "Actual Rows": 4,
          "Actual Loops": 1,
          "Workers Planned": 3,
          "Workers Launched": 3,
          "Single Copy": false,
          "Plans": [
            {
              "Node Type": "Aggregate",
              "Strategy": "Plain",
              "Partial Mode": "Partial",
              "Parent Relationship": "Outer",
              "Parallel Aware": false,
              "Startup Cost": 30876.94,
              "Total Cost": 30876.95,
              "Plan Rows": 1,
              "Plan Width": 8,
              "Actual Startup Time": 122.054,
              "Actual Total Time": 122.055,
              "Actual Rows": 1,
              "Actual Loops": 4,
              "Plans": [
                {
                  "Node Type": "Seq Scan",
                  "Parent Relationship": "Outer",
                  "Parallel Aware": true,
                  "Relation Name": "movie_companies",
                  "Alias": "mc",
                  "Startup Cost": 0.0,
                  "Total Cost": 29310.68,
                  "Plan Rows": 626502,
                  "Plan Width": 0,
                  "Actual Startup Time": 0.03,
                  "Actual Total Time": 92.458,
                  "Actual Rows": 487147,
                  "Actual Loops": 4,
                  "Filter": "(company_id < 52463)",
                  "Rows Removed by Filter": 165136
                }
              ]
            }
          ]
        }
      ]
    },
    "Planning Time": 0.124,
    "Triggers": [],
    "Execution Time": 135.373
  }
]