{
  "Plan": {
    "Node Type": "Aggregate",
    "Strategy": "Plain",
    "Partial Mode": "Simple",
    "Parallel Aware": false,
    "Startup Cost": 3097.51,
    "Total Cost": 3097.52,
    "Plan Rows": 1,
    "Plan Width": 8,
    "Actual Startup Time": 5.96,
    "Actual Total Time": 5.963,
    "Actual Rows": 1,
    "Actual Loops": 1,
    "Plans": [
      {
        "Node Type": "Nested Loop",
        "Parent Relationship": "Outer",
        "Parallel Aware": false,
        "Join Type": "Inner",
        "Startup Cost": 7.22,
        "Total Cost": 3097.42,
        "Plan Rows": 35,
        "Plan Width": 0,
        "Actual Startup Time": 3.536,
        "Actual Total Time": 5.855,
        "Actual Rows": 555,
        "Actual Loops": 1,
        "Inner Unique": false,
        "Plans": [
          {
            "Node Type": "Nested Loop",
            "Parent Relationship": "Outer",
            "Parallel Aware": false,
            "Join Type": "Inner",
            "Startup Cost": 6.78,
            "Total Cost": 3006.58,
            "Plan Rows": 8,
            "Plan Width": 8,
            "Actual Startup Time": 3.512,
            "Actual Total Time": 5.111,
            "Actual Rows": 3,
            "Actual Loops": 1,
            "Inner Unique": true,
            "Plans": [
              {
                "Node Type": "Bitmap Heap Scan",
                "Parent Relationship": "Outer",
                "Parallel Aware": false,
                "Relation Name": "movie_keyword",
                "Alias": "mk",
                "Startup Cost": 6.35,
                "Total Cost": 922.98,
                "Plan Rows": 248,
                "Plan Width": 4,
                "Actual Startup Time": 0.302,
                "Actual Total Time": 1.381,
                "Actual Rows": 294,
                "Actual Loops": 1,
                "Recheck Cond": "(keyword_id = 1141)",
                "Rows Removed by Index Recheck": 0,
                "Exact Heap Blocks": 285,
                "Lossy Heap Blocks": 0,
                "Plans": [
                  {
                    "Node Type": "Bitmap Index Scan",
                    "Parent Relationship": "Outer",
                    "Parallel Aware": false,
                    "Index Name": "keyword_id_movie_keyword",
                    "Startup Cost": 0.0,
                    "Total Cost": 6.29,
                    "Plan Rows": 248,
                    "Plan Width": 0,
                    "Actual Startup Time": 0.202,
                    "Actual Total Time": 0.203,
                    "Actual Rows": 294,
                    "Actual Loops": 1,
                    "Index Cond": "(keyword_id = 1141)"
                  }
                ]
              },
              {
                "Node Type": "Index Scan",
                "Parent Relationship": "Inner",
                "Parallel Aware": false,
                "Scan Direction": "Forward",
                "Index Name": "title_pkey",
                "Relation Name": "title",
                "Alias": "t",
                "Startup Cost": 0.43,
                "Total Cost": 8.4,
                "Plan Rows": 1,
                "Plan Width": 4,
                "Actual Startup Time": 0.012,
                "Actual Total Time": 0.012,
                "Actual Rows": 0,
                "Actual Loops": 294,
                "Index Cond": "(id = mk.movie_id)",
                "Rows Removed by Index Recheck": 0,
                "Filter": "(production_year = 2004)",
                "Rows Removed by Filter": 1
              }
            ]
          },
          {
            "Node Type": "Index Scan",
            "Parent Relationship": "Inner",
            "Parallel Aware": false,
            "Scan Direction": "Forward",
            "Index Name": "movie_id_movie_info",
            "Relation Name": "movie_info",
            "Alias": "mi",
            "Startup Cost": 0.43,
            "Total Cost": 11.04,
            "Plan Rows": 32,
            "Plan Width": 4,
            "Actual Startup Time": 0.026,
            "Actual Total Time": 0.197,
            "Actual Rows": 185,
            "Actual Loops": 3,
            "Index Cond": "(movie_id = t.id)",
            "Rows Removed by Index Recheck": 0,
            "Filter": "(info_type_id > 3)",
            "Rows Removed by Filter": 5
          }
        ]
      }
    ]
  },
  "Planning Time": 1.036,
  "Triggers": [],
  "Execution Time": 6.056
}