[
  {
    "Plan": {
      "Node Type": "Aggregate",
      "Strategy": "Plain",
      "Partial Mode": "Finalize",
      "Parallel Aware": false,
      "Startup Cost": 73244.51,
      "Total Cost": 73244.52,
      "Plan Rows": 1,
      "Plan Width": 8,
      "Actual Startup Time": 116.154,
      "Actual Total Time": 134.149,
      "Actual Rows": 1,
      "Actual Loops": 1,
      "Plans": [
        {
          "Node Type": "Gather",
          "Parent Relationship": "Outer",
          "Parallel Aware": false,
          "Startup Cost": 73244.09,
          "Total Cost": 73244.5,
          "Plan Rows": 4,
          "Plan Width": 8,
          "Actual Startup Time": 115.838,
          "Actual Total Time": 134.141,
          "Actual Rows": 5,
          "Actual Loops": 1,
          "Workers Planned": 4,
          "Workers Launched": 4,
          "Single Copy": false,
          "Plans": [
            {
              "Node Type": "Aggregate",
              "Strategy": "Plain",
              "Partial Mode": "Partial",
              "Parent Relationship": "Outer",
              "Parallel Aware": false,
              "Startup Cost": 72244.09,
              "Total Cost": 72244.1,
              "Plan Rows": 1,
              "Plan Width": 8,
              "Actual Startup Time": 111.071,
              "Actual Total Time": 111.073,
              "Actual Rows": 1,
              "Actual Loops": 5,
              "Plans": [
                {
                  "Node Type": "Nested Loop",
                  "Parent Relationship": "Outer",
                  "Parallel Aware": false,
                  "Join Type": "Inner",
                  "Startup Cost": 0.43,
                  "Total Cost": 72228.87,
                  "Plan Rows": 6090,
                  "Plan Width": 0,
                  "Actual Startup Time": 0.52,
                  "Actual Total Time": 110.304,
                  "Actual Rows": 13205,
                  "Actual Loops": 5,
                  "Inner Unique": false,
                  "Plans": [
                    {
                      "Node Type": "Seq Scan",
                      "Parent Relationship": "Outer",
                      "Parallel Aware": true,
                      "Relation Name": "title",
                      "Alias": "t",
                      "Startup Cost": 0.0,
                      "Total Cost": 45479.59,
                      "Plan Rows": 3404,
                      "Plan Width": 4,
                      "Actual Startup Time": 0.166,
                      "Actual Total Time": 82.81,
                      "Actual Rows": 2442,
                      "Actual Loops": 5,
                      "Filter": "((kind_id < 7) AND (production_year = 1996))",
                      "Rows Removed by Filter": 503221
                    },
                    {
                      "Node Type": "Index Only Scan",
                      "Parent Relationship": "Inner",
                      "Parallel Aware": false,
                      "Scan Direction": "Forward",
                      "Index Name": "movie_id_movie_keyword",
                      "Relation Name": "movie_keyword",
                      "Alias": "mk",
                      "Startup Cost": 0.43,
                      "Total Cost": 7.4,
                      "Plan Rows": 46,
                      "Plan Width": 4,
                      "Actual Startup Time": 0.009,
                      "Actual Total Time": 0.01,
                      "Actual Rows": 5,
                      "Actual Loops": 12208,
                      "Index Cond": "(movie_id = t.id)",
                      "Rows Removed by Index Recheck": 0,
                      "Heap Fetches": 66025
                    }
                  ]
                }
              ]
            }
          ]
        }
      ]
    },
    "Planning Time": 0.611,
    "Triggers": [],
    "Execution Time": 134.222
  }
]