[
  {
    "Plan": {
      "Node Type": "Aggregate",
      "Strategy": "Plain",
      "Partial Mode": "Finalize",
      "Parallel Aware": false,
      "Startup Cost": 33026.57,
      "Total Cost": 33026.58,
      "Plan Rows": 1,
      "Plan Width": 8,
      "Actual Startup Time": 103.43,
      "Actual Total Time": 111.369,
      "Actual Rows": 1,
      "Actual Loops": 1,
      "Plans": [
        {
          "Node Type": "Gather",
          "Parent Relationship": "Outer",
          "Parallel Aware": false,
          "Startup Cost": 33026.25,
          "Total Cost": 33026.56,
          "Plan Rows": 3,
          "Plan Width": 8,
          "Actual Startup Time": 103.296,
          "Actual Total Time": 111.36,
          "Actual Rows": 4,
          "Actual Loops": 1,
          "Workers Planned": 3,
          "Workers Launched": 3,
          "Single Copy": false,
          "Plans": [
            {
              "Node Type": "Aggregate",
              "Strategy": "Plain",
              "Partial Mode": "Partial",
              "Parent Relationship": "Outer",
              "Parallel Aware": false,
              "Startup Cost": 32026.25,
              "Total Cost": 32026.26,
              "Plan Rows": 1,
              "Plan Width": 8,
              "Actual Startup Time": 95.839,
              "Actual Total Time": 95.841,
              "Actual Rows": 1,
              "Actual Loops": 4,
              "Plans": [
                {
                  "Node Type": "Seq Scan",
                  "Parent Relationship": "Outer",
                  "Parallel Aware": true,
                  "Relation Name": "movie_companies",
                  "Alias": "mc",
                  "Startup Cost": 0.0,
                  "Total Cost": 31414.82,
                  "Plan Rows": 244572,
                  "Plan Width": 0,
                  "Actual Startup Time": 0.055,
                  "Actual Total Time": 80.583,
                  "Actual Rows": 260015,
                  "Actual Loops": 4,
                  "Filter": "((company_id < 14421) AND (company_type_id < 2))",
                  "Rows Removed by Filter": 392268
                }
              ]
            }
          ]
        }
      ]
    },
    "Planning Time": 0.222,
    "Triggers": [],
    "Execution Time": 111.432
  }
]