[
  {
    "Plan": {
      "Node Type": "Aggregate",
      "Strategy": "Plain",
      "Partial Mode": "Finalize",
      "Parallel Aware": false,
      "Startup Cost": 294885.36,
      "Total Cost": 294885.37,
      "Plan Rows": 1,
      "Plan Width": 8,
      "Actual Startup Time": 1371.605,
      "Actual Total Time": 1419.72,
      "Actual Rows": 1,
      "Actual Loops": 1,
      "Plans": [
        {
          "Node Type": "Gather",
          "Parent Relationship": "Outer",
          "Parallel Aware": false,
          "Startup Cost": 294884.84,
          "Total Cost": 294885.35,
          "Plan Rows": 5,
          "Plan Width": 8,
          "Actual Startup Time": 1366.072,
          "Actual Total Time": 1419.709,
          "Actual Rows": 6,
          "Actual Loops": 1,
          "Workers Planned": 5,
          "Workers Launched": 5,
          "Single Copy": false,
          "Plans": [
            {
              "Node Type": "Aggregate",
              "Strategy": "Plain",
              "Partial Mode": "Partial",
              "Parent Relationship": "Outer",
              "Parallel Aware": false,
              "Startup Cost": 293884.84,
              "Total Cost": 293884.85,
              "Plan Rows": 1,
              "Plan Width": 8,
              "Actual Startup Time": 1355.286,
              "Actual Total Time": 1355.292,
              "Actual Rows": 1,
              "Actual Loops": 6,
              "Plans": [
                {
                  "Node Type": "Hash Join",
                  "Parent Relationship": "Outer",
                  "Parallel Aware": true,
                  "Join Type": "Inner",
                  "Startup Cost": 85164.3,
                  "Total Cost": 290848.61,
                  "Plan Rows": 1214493,
                  "Plan Width": 0,
                  "Actual Startup Time": 369.799,
                  "Actual Total Time": 1281.198,
                  "Actual Rows": 1753865,
                  "Actual Loops": 6,
                  "Inner Unique": false,
                  "Hash Cond": "(mi.movie_id = t.id)",
                  "Plans": [
                    {
                      "Node Type": "Seq Scan",
                      "Parent Relationship": "Outer",
                      "Parallel Aware": true,
                      "Relation Name": "movie_info",
                      "Alias": "mi",
                      "Startup Cost": 0.0,
                      "Total Cost": 191560.33,
                      "Plan Rows": 2956733,
                      "Plan Width": 4,
                      "Actual Startup Time": 0.015,
                      "Actual Total Time": 297.41,
                      "Actual Rows": 2472620,
                      "Actual Loops": 6
                    },
                    {
                      "Node Type": "Hash",
                      "Parent Relationship": "Inner",
                      "Parallel Aware": true,
                      "Startup Cost": 81918.96,
                      "Total Cost": 81918.96,
                      "Plan Rows": 259627,
                      "Plan Width": 8,
                      "Actual Startup Time": 365.088,
                      "Actual Total Time": 365.092,
                      "Actual Rows": 124984,
                      "Actual Loops": 6,
                      "Hash Buckets": 1048576,
                      "Original Hash Buckets": 1048576,
                      "Hash Batches": 1,
                      "Original Hash Batches": 1,
                      "Peak Memory Usage": 37600,
                      "Plans": [
                        {
                          "Node Type": "Hash Join",
                          "Parent Relationship": "Outer",
                          "Parallel Aware": true,
                          "Join Type": "Inner",
                          "Startup Cost": 35602.36,
                          "Total Cost": 81918.96,
                          "Plan Rows": 259627,
                          "Plan Width": 8,
                          "Actual Startup Time": 122.406,
                          "Actual Total Time": 311.757,
                          "Actual Rows": 124984,
                          "Actual Loops": 6,
                          "Inner Unique": false,
                          "Hash Cond": "(t.id = mc.movie_id)",
                          "Plans": [
                            {
                              "Node Type": "Seq Scan",
                              "Parent Relationship": "Outer",
                              "Parallel Aware": true,
                              "Relation Name": "title",
                              "Alias": "t",
                              "Startup Cost": 0.0,
                              "Total Cost": 42318.73,
                              "Plan Rows": 632073,
                              "Plan Width": 4,
                              "Actual Startup Time": 0.01,
                              "Actual Total Time": 59.191,
                              "Actual Rows": 421385,
                              "Actual Loops": 6
                            },
                            {
                              "Node Type": "Hash",
                              "Parent Relationship": "Inner",
                              "Parallel Aware": true,
                              "Startup Cost": 31414.82,
                              "Total Cost": 31414.82,
                              "Plan Rows": 335003,
                              "Plan Width": 4,
                              "Actual Startup Time": 120.61,
                              "Actual Total Time": 120.611,
                              "Actual Rows": 124984,
                              "Actual Loops": 6,
                              "Hash Buckets": 1048576,
                              "Original Hash Buckets": 1048576,
                              "Hash Batches": 1,
                              "Original Hash Batches": 1,
                              "Peak Memory Usage": 37632,
                              "Plans": [
                                {
                                  "Node Type": "Seq Scan",
                                  "Parent Relationship": "Outer",
                                  "Parallel Aware": true,
                                  "Relation Name": "movie_companies",
                                  "Alias": "mc",
                                  "Startup Cost": 0.0,
                                  "Total Cost": 31414.82,
                                  "Plan Rows": 335003,
                                  "Plan Width": 4,
                                  "Actual Startup Time": 42.408,
                                  "Actual Total Time": 69.846,
                                  "Actual Rows": 124984,
                                  "Actual Loops": 6,
                                  "Filter": "((company_id < 70951) AND (company_type_id = 2))",
                                  "Rows Removed by Filter": 309871
                                }
                              ]
                            }
                          ]
                        }
                      ]
                    }
                  ]
                }
              ]
            }
          ]
        }
      ]
    },
    "Planning Time": 1.458,
    "Triggers": [],
    "Execution Time": 1419.811
  }
]