[
    {
        "Bao": {
            "Bao prediction": 505.269,
            "Bao recommended hint": "(no hint)"
        }
    },
    {
        "Plan": {
            "Node Type": "Aggregate",
            "Strategy": "Plain",
            "Partial Mode": "Finalize",
            "Parallel Aware": false,
            "Startup Cost": 352843.63,
            "Total Cost": 352843.64,
            "Plan Rows": 1,
            "Plan Width": 8,
            "Actual Startup Time": 836.283,
            "Actual Total Time": 866.113,
            "Actual Rows": 1,
            "Actual Loops": 1,
            "Output": [
                "count(*)"
            ],
            "Plans": [
                {
                    "Node Type": "Gather",
                    "Parent Relationship": "Outer",
                    "Parallel Aware": false,
                    "Startup Cost": 352843.01,
                    "Total Cost": 352843.62,
                    "Plan Rows": 6,
                    "Plan Width": 8,
                    "Actual Startup Time": 836.176,
                    "Actual Total Time": 866.107,
                    "Actual Rows": 7,
                    "Actual Loops": 1,
                    "Output": [
                        "(PARTIAL count(*))"
                    ],
                    "Workers Planned": 6,
                    "Workers Launched": 6,
                    "Single Copy": false,
                    "Plans": [
                        {
                            "Node Type": "Aggregate",
                            "Strategy": "Plain",
                            "Partial Mode": "Partial",
                            "Parent Relationship": "Outer",
                            "Parallel Aware": false,
                            "Startup Cost": 351843.01,
                            "Total Cost": 351843.02,
                            "Plan Rows": 1,
                            "Plan Width": 8,
                            "Actual Startup Time": 826.568,
                            "Actual Total Time": 826.569,
                            "Actual Rows": 1,
                            "Actual Loops": 7,
                            "Output": [
                                "PARTIAL count(*)"
                            ],
                            "Workers": [
                                {
                                    "Worker Number": 0,
                                    "Actual Startup Time": 824.454,
                                    "Actual Total Time": 824.455,
                                    "Actual Rows": 1,
                                    "Actual Loops": 1
                                },
                                {
                                    "Worker Number": 1,
                                    "Actual Startup Time": 824.625,
                                    "Actual Total Time": 824.626,
                                    "Actual Rows": 1,
                                    "Actual Loops": 1
                                },
                                {
                                    "Worker Number": 2,
                                    "Actual Startup Time": 825.046,
                                    "Actual Total Time": 825.047,
                                    "Actual Rows": 1,
                                    "Actual Loops": 1
                                },
                                {
                                    "Worker Number": 3,
                                    "Actual Startup Time": 825.374,
                                    "Actual Total Time": 825.374,
                                    "Actual Rows": 1,
                                    "Actual Loops": 1
                                },
                                {
                                    "Worker Number": 4,
                                    "Actual Startup Time": 825.471,
                                    "Actual Total Time": 825.472,
                                    "Actual Rows": 1,
                                    "Actual Loops": 1
                                },
                                {
                                    "Worker Number": 5,
                                    "Actual Startup Time": 825.688,
                                    "Actual Total Time": 825.689,
                                    "Actual Rows": 1,
                                    "Actual Loops": 1
                                }
                            ],
                            "Plans": [
                                {
                                    "Node Type": "Seq Scan",
                                    "Parent Relationship": "Outer",
                                    "Parallel Aware": true,
                                    "Relation Name": "cast_info",
                                    "Schema": "public",
                                    "Alias": "ci",
                                    "Startup Cost": 0.0,
                                    "Total Cost": 343318.94,
                                    "Plan Rows": 3409627,
                                    "Plan Width": 0,
                                    "Actual Startup Time": 163.237,
                                    "Actual Total Time": 690.953,
                                    "Actual Rows": 2756547,
                                    "Actual Loops": 7,
                                    "Output": [
                                        "id",
                                        "person_id",
                                        "movie_id",
                                        "person_role_id",
                                        "note",
                                        "nr_order",
                                        "role_id"
                                    ],
                                    "Filter": "((ci.person_id > 1269160) AND (ci.role_id < 10))",
                                    "Rows Removed by Filter": 2421217,
                                    "Workers": [
                                        {
                                            "Worker Number": 0,
                                            "Actual Startup Time": 161.125,
                                            "Actual Total Time": 689.024,
                                            "Actual Rows": 2043771,
                                            "Actual Loops": 1
                                        },
                                        {
                                            "Worker Number": 1,
                                            "Actual Startup Time": 161.299,
                                            "Actual Total Time": 689.109,
                                            "Actual Rows": 2041392,
                                            "Actual Loops": 1
                                        },
                                        {
                                            "Worker Number": 2,
                                            "Actual Startup Time": 161.711,
                                            "Actual Total Time": 689.205,
                                            "Actual Rows": 2055324,
                                            "Actual Loops": 1
                                        },
                                        {
                                            "Worker Number": 3,
                                            "Actual Startup Time": 162.037,
                                            "Actual Total Time": 694.89,
                                            "Actual Rows": 3209715,
                                            "Actual Loops": 1
                                        },
                                        {
                                            "Worker Number": 4,
                                            "Actual Startup Time": 162.143,
                                            "Actual Total Time": 695.05,
                                            "Actual Rows": 3205093,
                                            "Actual Loops": 1
                                        },
                                        {
                                            "Worker Number": 5,
                                            "Actual Startup Time": 162.356,
                                            "Actual Total Time": 689.666,
                                            "Actual Rows": 2922156,
                                            "Actual Loops": 1
                                        }
                                    ]
                                }
                            ]
                        }
                    ]
                }
            ]
        },
        "Planning Time": 667.533,
        "Triggers": [],
        "Execution Time": 866.21
    }
]