{
  "Plan": {
    "Node Type": "Aggregate",
    "Strategy": "Plain",
    "Partial Mode": "Finalize",
    "Parallel Aware": false,
    "Startup Cost": 153556.99,
    "Total Cost": 153557.0,
    "Plan Rows": 1,
    "Plan Width": 8,
    "Actual Startup Time": 747.164,
    "Actual Total Time": 763.779,
    "Actual Rows": 1,
    "Actual Loops": 1,
    "Plans": [
      {
        "Node Type": "Gather",
        "Parent Relationship": "Outer",
        "Parallel Aware": false,
        "Startup Cost": 153556.87,
        "Total Cost": 153556.98,
        "Plan Rows": 1,
        "Plan Width": 8,
        "Actual Startup Time": 746.025,
        "Actual Total Time": 763.771,
        "Actual Rows": 2,
        "Actual Loops": 1,
        "Workers Planned": 1,
        "Workers Launched": 1,
        "Single Copy": false,
        "Plans": [
          {
            "Node Type": "Aggregate",
            "Strategy": "Plain",
            "Partial Mode": "Partial",
            "Parent Relationship": "Outer",
            "Parallel Aware": false,
            "Startup Cost": 152556.87,
            "Total Cost": 152556.88,
            "Plan Rows": 1,
            "Plan Width": 8,
            "Actual Startup Time": 739.492,
            "Actual Total Time": 739.498,
            "Actual Rows": 1,
            "Actual Loops": 2,
            "Plans": [
              {
                "Node Type": "Hash Join",
                "Parent Relationship": "Outer",
                "Parallel Aware": true,
                "Join Type": "Inner",
                "Startup Cost": 90544.41,
                "Total Cost": 152411.24,
                "Plan Rows": 58253,
                "Plan Width": 0,
                "Actual Startup Time": 453.397,
                "Actual Total Time": 726.273,
                "Actual Rows": 329634,
                "Actual Loops": 2,
                "Inner Unique": false,
                "Hash Cond": "(mk.movie_id = t.id)",
                "Plans": [
                  {
                    "Node Type": "Seq Scan",
                    "Parent Relationship": "Outer",
                    "Parallel Aware": true,
                    "Relation Name": "movie_keyword",
                    "Alias": "mk",
                    "Startup Cost": 0.0,
                    "Total Cost": 57718.19,
                    "Plan Rows": 1014926,
                    "Plan Width": 4,
                    "Actual Startup Time": 0.012,
                    "Actual Total Time": 166.233,
                    "Actual Rows": 867644,
                    "Actual Loops": 2,
                    "Filter": "(keyword_id < 2831)",
                    "Rows Removed by Filter": 1394320
                  },
                  {
                    "Node Type": "Hash",
                    "Parent Relationship": "Inner",
                    "Parallel Aware": true,
                    "Startup Cost": 89477.38,
                    "Total Cost": 89477.38,
                    "Plan Rows": 85362,
                    "Plan Width": 8,
                    "Actual Startup Time": 449.865,
                    "Actual Total Time": 449.87,
                    "Actual Rows": 112192,
                    "Actual Loops": 2,
                    "Hash Buckets": 262144,
                    "Original Hash Buckets": 262144,
                    "Hash Batches": 1,
                    "Original Hash Batches": 1,
                    "Peak Memory Usage": 10880,
                    "Plans": [
                      {
                        "Node Type": "Hash Join",
                        "Parent Relationship": "Outer",
                        "Parallel Aware": true,
                        "Join Type": "Inner",
                        "Startup Cost": 28809.75,
                        "Total Cost": 89477.38,
                        "Plan Rows": 85362,
                        "Plan Width": 8,
                        "Actual Startup Time": 104.157,
                        "Actual Total Time": 421.44,
                        "Actual Rows": 112192,
                        "Actual Loops": 2,
                        "Inner Unique": false,
                        "Hash Cond": "(t.id = mc.movie_id)",
                        "Plans": [
                          {
                            "Node Type": "Seq Scan",
                            "Parent Relationship": "Outer",
                            "Parallel Aware": true,
                            "Relation Name": "title",
                            "Alias": "t",
                            "Startup Cost": 0.0,
                            "Total Cost": 50870.31,
                            "Plan Rows": 1487231,
                            "Plan Width": 4,
                            "Actual Startup Time": 0.01,
                            "Actual Total Time": 116.356,
                            "Actual Rows": 1264156,
                            "Actual Loops": 2
                          },
                          {
                            "Node Type": "Hash",
                            "Parent Relationship": "Inner",
                            "Parallel Aware": true,
                            "Startup Cost": 27742.72,
                            "Total Cost": 27742.72,
                            "Plan Rows": 85362,
                            "Plan Width": 4,
                            "Actual Startup Time": 102.269,
                            "Actual Total Time": 102.271,
                            "Actual Rows": 112192,
                            "Actual Loops": 2,
                            "Hash Buckets": 262144,
                            "Original Hash Buckets": 262144,
                            "Hash Batches": 1,
                            "Original Hash Batches": 1,
                            "Peak Memory Usage": 10848,
                            "Plans": [
                              {
                                "Node Type": "Bitmap Heap Scan",
                                "Parent Relationship": "Outer",
                                "Parallel Aware": true,
                                "Relation Name": "movie_companies",
                                "Alias": "mc",
                                "Startup Cost": 6351.63,
                                "Total Cost": 27742.72,
                                "Plan Rows": 85362,
                                "Plan Width": 4,
                                "Actual Startup Time": 28.201,
                                "Actual Total Time": 78.492,
                                "Actual Rows": 112192,
                                "Actual Loops": 2,
                                "Recheck Cond": "(company_id < 160)",
                                "Rows Removed by Index Recheck": 0,
                                "Filter": "(company_type_id = 1)",
                                "Rows Removed by Filter": 34246,
                                "Exact Heap Blocks": 11955,
                                "Lossy Heap Blocks": 0,
                                "Plans": [
                                  {
                                    "Node Type": "Bitmap Index Scan",
                                    "Parent Relationship": "Outer",
                                    "Parallel Aware": false,
                                    "Index Name": "company_id_movie_companies",
                                    "Startup Cost": 0.0,
                                    "Total Cost": 6315.35,
                                    "Plan Rows": 294790,
                                    "Plan Width": 0,
                                    "Actual Startup Time": 26.054,
                                    "Actual Total Time": 26.054,
                                    "Actual Rows": 292877,
                                    "Actual Loops": 1,
                                    "Index Cond": "(company_id < 160)"
                                  }
                                ]
                              }
                            ]
                          }
                        ]
                      }
                    ]
                  }
                ]
              }
            ]
          }
        ]
      }
    ]
  },
  "Planning Time": 1.21,
  "Triggers": [],
  "Execution Time": 763.885
}