[
  {
    "Plan": {
      "Node Type": "Aggregate",
      "Strategy": "Plain",
      "Partial Mode": "Finalize",
      "Parallel Aware": false,
      "Startup Cost": 46496.58,
      "Total Cost": 46496.59,
      "Plan Rows": 1,
      "Plan Width": 8,
      "Actual Startup Time": 177.116,
      "Actual Total Time": 187.667,
      "Actual Rows": 1,
      "Actual Loops": 1,
      "Plans": [
        {
          "Node Type": "Gather",
          "Parent Relationship": "Outer",
          "Parallel Aware": false,
          "Startup Cost": 46496.26,
          "Total Cost": 46496.57,
          "Plan Rows": 3,
          "Plan Width": 8,
          "Actual Startup Time": 176.996,
          "Actual Total Time": 187.66,
          "Actual Rows": 4,
          "Actual Loops": 1,
          "Workers Planned": 3,
          "Workers Launched": 3,
          "Single Copy": false,
          "Plans": [
            {
              "Node Type": "Aggregate",
              "Strategy": "Plain",
              "Partial Mode": "Partial",
              "Parent Relationship": "Outer",
              "Parallel Aware": false,
              "Startup Cost": 45496.26,
              "Total Cost": 45496.27,
              "Plan Rows": 1,
              "Plan Width": 8,
              "Actual Startup Time": 170.703,
              "Actual Total Time": 170.704,
              "Actual Rows": 1,
              "Actual Loops": 4,
              "Plans": [
                {
                  "Node Type": "Seq Scan",
                  "Parent Relationship": "Outer",
                  "Parallel Aware": true,
                  "Relation Name": "movie_keyword",
                  "Alias": "mk",
                  "Startup Cost": 0.0,
                  "Total Cost": 42695.65,
                  "Plan Rows": 1120244,
                  "Plan Width": 0,
                  "Actual Startup Time": 0.16,
                  "Actual Total Time": 129.605,
                  "Actual Rows": 865703,
                  "Actual Loops": 4,
                  "Filter": "(keyword_id > 1059)",
                  "Rows Removed by Filter": 265279
                }
              ]
            }
          ]
        }
      ]
    },
    "Planning Time": 0.182,
    "Triggers": [],
    "Execution Time": 187.721
  }
]