[
  {
    "Plan": {
      "Node Type": "Aggregate",
      "Strategy": "Plain",
      "Partial Mode": "Finalize",
      "Parallel Aware": false,
      "Startup Cost": 353014.24,
      "Total Cost": 353014.26,
      "Plan Rows": 1,
      "Plan Width": 8,
      "Actual Startup Time": 825.257,
      "Actual Total Time": 880.511,
      "Actual Rows": 1,
      "Actual Loops": 1,
      "Plans": [
        {
          "Node Type": "Gather",
          "Parent Relationship": "Outer",
          "Parallel Aware": false,
          "Startup Cost": 353013.62,
          "Total Cost": 353014.23,
          "Plan Rows": 6,
          "Plan Width": 8,
          "Actual Startup Time": 825.12,
          "Actual Total Time": 880.501,
          "Actual Rows": 7,
          "Actual Loops": 1,
          "Workers Planned": 6,
          "Workers Launched": 6,
          "Single Copy": false,
          "Plans": [
            {
              "Node Type": "Aggregate",
              "Strategy": "Plain",
              "Partial Mode": "Partial",
              "Parent Relationship": "Outer",
              "Parallel Aware": false,
              "Startup Cost": 352013.62,
              "Total Cost": 352013.63,
              "Plan Rows": 1,
              "Plan Width": 8,
              "Actual Startup Time": 816.259,
              "Actual Total Time": 816.26,
              "Actual Rows": 1,
              "Actual Loops": 7,
              "Plans": [
                {
                  "Node Type": "Seq Scan",
                  "Parent Relationship": "Outer",
                  "Parallel Aware": true,
                  "Relation Name": "cast_info",
                  "Alias": "ci",
                  "Startup Cost": 0.0,
                  "Total Cost": 343257.03,
                  "Plan Rows": 3502636,
                  "Plan Width": 0,
                  "Actual Startup Time": 215.978,
                  "Actual Total Time": 683.77,
                  "Actual Rows": 3197140,
                  "Actual Loops": 7,
                  "Filter": "((person_id > 413286) AND (role_id > 1))",
                  "Rows Removed by Filter": 1980623
                }
              ]
            }
          ]
        }
      ]
    },
    "Planning Time": 0.219,
    "Triggers": [],
    "Execution Time": 880.584
  }
]