[
  {
    "Plan": {
      "Node Type": "Aggregate",
      "Strategy": "Plain",
      "Partial Mode": "Finalize",
      "Parallel Aware": false,
      "Startup Cost": 308569.54,
      "Total Cost": 308569.55,
      "Plan Rows": 1,
      "Plan Width": 8,
      "Actual Startup Time": 3592.623,
      "Actual Total Time": 3656.681,
      "Actual Rows": 1,
      "Actual Loops": 1,
      "Plans": [
        {
          "Node Type": "Gather",
          "Parent Relationship": "Outer",
          "Parallel Aware": false,
          "Startup Cost": 308569.22,
          "Total Cost": 308569.53,
          "Plan Rows": 3,
          "Plan Width": 8,
          "Actual Startup Time": 3559.255,
          "Actual Total Time": 3656.67,
          "Actual Rows": 4,
          "Actual Loops": 1,
          "Workers Planned": 3,
          "Workers Launched": 3,
          "Single Copy": false,
          "Plans": [
            {
              "Node Type": "Aggregate",
              "Strategy": "Plain",
              "Partial Mode": "Partial",
              "Parent Relationship": "Outer",
              "Parallel Aware": false,
              "Startup Cost": 307569.22,
              "Total Cost": 307569.23,
              "Plan Rows": 1,
              "Plan Width": 8,
              "Actual Startup Time": 3547.443,
              "Actual Total Time": 3552.03,
              "Actual Rows": 1,
              "Actual Loops": 4,
              "Plans": [
                {
                  "Node Type": "Hash Join",
                  "Parent Relationship": "Outer",
                  "Parallel Aware": true,
                  "Join Type": "Inner",
                  "Startup Cost": 255579.32,
                  "Total Cost": 304959.41,
                  "Plan Rows": 1043927,
                  "Plan Width": 0,
                  "Actual Startup Time": 2032.713,
                  "Actual Total Time": 3116.599,
                  "Actual Rows": 10383739,
                  "Actual Loops": 4,
                  "Inner Unique": false,
                  "Hash Cond": "(mk.movie_id = t.id)",
                  "Plans": [
                    {
                      "Node Type": "Seq Scan",
                      "Parent Relationship": "Outer",
                      "Parallel Aware": true,
                      "Relation Name": "movie_keyword",
                      "Alias": "mk",
                      "Startup Cost": 0.0,
                      "Total Cost": 42695.65,
                      "Plan Rows": 1318548,
                      "Plan Width": 4,
                      "Actual Startup Time": 0.03,
                      "Actual Total Time": 119.441,
                      "Actual Rows": 1024549,
                      "Actual Loops": 4,
                      "Filter": "(keyword_id < 41062)",
                      "Rows Removed by Filter": 106433
                    },
                    {
                      "Node Type": "Hash",
                      "Parent Relationship": "Inner",
                      "Parallel Aware": true,
                      "Startup Cost": 251409.08,
                      "Total Cost": 251409.08,
                      "Plan Rows": 333619,
                      "Plan Width": 8,
                      "Actual Startup Time": 2025.073,
                      "Actual Total Time": 2029.658,
                      "Actual Rows": 1262694,
                      "Actual Loops": 4,
                      "Hash Buckets": 8388608,
                      "Original Hash Buckets": 2097152,
                      "Hash Batches": 1,
                      "Original Hash Batches": 1,
                      "Peak Memory Usage": 312320,
                      "Plans": [
                        {
                          "Node Type": "Hash Join",
                          "Parent Relationship": "Outer",
                          "Parallel Aware": true,
                          "Join Type": "Inner",
                          "Startup Cost": 50220.21,
                          "Total Cost": 251409.08,
                          "Plan Rows": 333619,
                          "Plan Width": 8,
                          "Actual Startup Time": 350.922,
                          "Actual Total Time": 1381.978,
                          "Actual Rows": 1262694,
                          "Actual Loops": 4,
                          "Inner Unique": true,
                          "Hash Cond": "(ci.movie_id = t.id)",
                          "Plans": [
                            {
                              "Node Type": "Index Scan",
                              "Parent Relationship": "Outer",
                              "Parallel Aware": true,
                              "Scan Direction": "Forward",
                              "Index Name": "role_id_cast_info",
                              "Relation Name": "cast_info",
                              "Alias": "ci",
                              "Startup Cost": 0.56,
                              "Total Cost": 200313.69,
                              "Plan Rows": 333619,
                              "Plan Width": 4,
                              "Actual Startup Time": 0.23,
                              "Actual Total Time": 366.839,
                              "Actual Rows": 1262694,
                              "Actual Loops": 4,
                              "Index Cond": "(role_id > 7)",
                              "Rows Removed by Index Recheck": 0,
                              "Filter": "(person_id > 2744089)",
                              "Rows Removed by Filter": 596365
                            },
                            {
                              "Node Type": "Hash",
                              "Parent Relationship": "Inner",
                              "Parallel Aware": true,
                              "Startup Cost": 42318.73,
                              "Total Cost": 42318.73,
                              "Plan Rows": 632073,
                              "Plan Width": 4,
                              "Actual Startup Time": 344.018,
                              "Actual Total Time": 344.019,
                              "Actual Rows": 632078,
                              "Actual Loops": 4,
                              "Hash Buckets": 4194304,
                              "Original Hash Buckets": 4194304,
                              "Hash Batches": 1,
                              "Original Hash Batches": 1,
                              "Peak Memory Usage": 131744,
                              "Plans": [
                                {
                                  "Node Type": "Seq Scan",
                                  "Parent Relationship": "Outer",
                                  "Parallel Aware": true,
                                  "Relation Name": "title",
                                  "Alias": "t",
                                  "Startup Cost": 0.0,
                                  "Total Cost": 42318.73,
                                  "Plan Rows": 632073,
                                  "Plan Width": 4,
                                  "Actual Startup Time": 0.036,
                                  "Actual Total Time": 102.523,
                                  "Actual Rows": 632078,
                                  "Actual Loops": 4
                                }
                              ]
                            }
                          ]
                        }
                      ]
                    }
                  ]
                }
              ]
            }
          ]
        }
      ]
    },
    "Planning Time": 1.417,
    "Triggers": [],
    "Execution Time": 3656.777
  }
]