{
  "Plan": {
    "Node Type": "Aggregate",
    "Strategy": "Plain",
    "Partial Mode": "Finalize",
    "Parallel Aware": false,
    "Startup Cost": 144281.7,
    "Total Cost": 144281.71,
    "Plan Rows": 1,
    "Plan Width": 8,
    "Actual Startup Time": 810.485,
    "Actual Total Time": 852.47,
    "Actual Rows": 1,
    "Actual Loops": 1,
    "Plans": [
      {
        "Node Type": "Gather",
        "Parent Relationship": "Outer",
        "Parallel Aware": false,
        "Startup Cost": 144281.58,
        "Total Cost": 144281.69,
        "Plan Rows": 1,
        "Plan Width": 8,
        "Actual Startup Time": 810.47,
        "Actual Total Time": 852.465,
        "Actual Rows": 2,
        "Actual Loops": 1,
        "Workers Planned": 1,
        "Workers Launched": 1,
        "Single Copy": false,
        "Plans": [
          {
            "Node Type": "Aggregate",
            "Strategy": "Plain",
            "Partial Mode": "Partial",
            "Parent Relationship": "Outer",
            "Parallel Aware": false,
            "Startup Cost": 143281.58,
            "Total Cost": 143281.59,
            "Plan Rows": 1,
            "Plan Width": 8,
            "Actual Startup Time": 804.173,
            "Actual Total Time": 804.176,
            "Actual Rows": 1,
            "Actual Loops": 2,
            "Plans": [
              {
                "Node Type": "Nested Loop",
                "Parent Relationship": "Outer",
                "Parallel Aware": false,
                "Join Type": "Inner",
                "Startup Cost": 54693.05,
                "Total Cost": 142747.76,
                "Plan Rows": 213528,
                "Plan Width": 0,
                "Actual Startup Time": 139.638,
                "Actual Total Time": 777.523,
                "Actual Rows": 582966,
                "Actual Loops": 2,
                "Inner Unique": false,
                "Join Filter": "(t.id = ci.movie_id)",
                "Rows Removed by Join Filter": 0,
                "Plans": [
                  {
                    "Node Type": "Hash Join",
                    "Parent Relationship": "Outer",
                    "Parallel Aware": true,
                    "Join Type": "Inner",
                    "Startup Cost": 54692.49,
                    "Total Cost": 112743.33,
                    "Plan Rows": 14902,
                    "Plan Width": 8,
                    "Actual Startup Time": 139.566,
                    "Actual Total Time": 443.943,
                    "Actual Rows": 15438,
                    "Actual Loops": 2,
                    "Inner Unique": true,
                    "Hash Cond": "(mk.movie_id = t.id)",
                    "Plans": [
                      {
                        "Node Type": "Seq Scan",
                        "Parent Relationship": "Outer",
                        "Parallel Aware": true,
                        "Relation Name": "movie_keyword",
                        "Alias": "mk",
                        "Startup Cost": 0.0,
                        "Total Cost": 51065.35,
                        "Plan Rows": 2661135,
                        "Plan Width": 4,
                        "Actual Startup Time": 0.011,
                        "Actual Total Time": 149.648,
                        "Actual Rows": 2261965,
                        "Actual Loops": 2
                      },
                      {
                        "Node Type": "Hash",
                        "Parent Relationship": "Inner",
                        "Parallel Aware": true,
                        "Startup Cost": 54588.39,
                        "Total Cost": 54588.39,
                        "Plan Rows": 8328,
                        "Plan Width": 4,
                        "Actual Startup Time": 138.249,
                        "Actual Total Time": 138.25,
                        "Actual Rows": 7463,
                        "Actual Loops": 2,
                        "Hash Buckets": 16384,
                        "Original Hash Buckets": 16384,
                        "Hash Batches": 1,
                        "Original Hash Batches": 1,
                        "Peak Memory Usage": 736,
                        "Plans": [
                          {
                            "Node Type": "Seq Scan",
                            "Parent Relationship": "Outer",
                            "Parallel Aware": true,
                            "Relation Name": "title",
                            "Alias": "t",
                            "Startup Cost": 0.0,
                            "Total Cost": 54588.39,
                            "Plan Rows": 8328,
                            "Plan Width": 4,
                            "Actual Startup Time": 0.121,
                            "Actual Total Time": 135.142,
                            "Actual Rows": 7463,
                            "Actual Loops": 2,
                            "Filter": "(production_year = 1979)",
                            "Rows Removed by Filter": 1256693
                          }
                        ]
                      }
                    ]
                  },
                  {
                    "Node Type": "Index Only Scan",
                    "Parent Relationship": "Inner",
                    "Parallel Aware": false,
                    "Scan Direction": "Forward",
                    "Index Name": "movie_id_cast_info",
                    "Relation Name": "cast_info",
                    "Alias": "ci",
                    "Startup Cost": 0.56,
                    "Total Cost": 1.55,
                    "Plan Rows": 37,
                    "Plan Width": 4,
                    "Actual Startup Time": 0.003,
                    "Actual Total Time": 0.018,
                    "Actual Rows": 38,
                    "Actual Loops": 30877,
                    "Index Cond": "(movie_id = mk.movie_id)",
                    "Rows Removed by Index Recheck": 0,
                    "Heap Fetches": 1165931
                  }
                ]
              }
            ]
          }
        ]
      }
    ]
  },
  "Planning Time": 0.897,
  "Triggers": [],
  "Execution Time": 852.559
}