[
  {
    "Plan": {
      "Node Type": "Aggregate",
      "Strategy": "Plain",
      "Partial Mode": "Finalize",
      "Parallel Aware": false,
      "Startup Cost": 132375.9,
      "Total Cost": 132375.91,
      "Plan Rows": 1,
      "Plan Width": 8,
      "Actual Startup Time": 1010.367,
      "Actual Total Time": 1031.56,
      "Actual Rows": 1,
      "Actual Loops": 1,
      "Plans": [
        {
          "Node Type": "Gather",
          "Parent Relationship": "Outer",
          "Parallel Aware": false,
          "Startup Cost": 132375.59,
          "Total Cost": 132375.9,
          "Plan Rows": 3,
          "Plan Width": 8,
          "Actual Startup Time": 1003.266,
          "Actual Total Time": 1031.55,
          "Actual Rows": 4,
          "Actual Loops": 1,
          "Workers Planned": 3,
          "Workers Launched": 3,
          "Single Copy": false,
          "Plans": [
            {
              "Node Type": "Aggregate",
              "Strategy": "Plain",
              "Partial Mode": "Partial",
              "Parent Relationship": "Outer",
              "Parallel Aware": false,
              "Startup Cost": 131375.59,
              "Total Cost": 131375.6,
              "Plan Rows": 1,
              "Plan Width": 8,
              "Actual Startup Time": 992.422,
              "Actual Total Time": 992.948,
              "Actual Rows": 1,
              "Actual Loops": 4,
              "Plans": [
                {
                  "Node Type": "Hash Join",
                  "Parent Relationship": "Outer",
                  "Parallel Aware": true,
                  "Join Type": "Inner",
                  "Startup Cost": 84306.72,
                  "Total Cost": 130778.03,
                  "Plan Rows": 239024,
                  "Plan Width": 0,
                  "Actual Startup Time": 529.79,
                  "Actual Total Time": 883.476,
                  "Actual Rows": 2767847,
                  "Actual Loops": 4,
                  "Inner Unique": false,
                  "Hash Cond": "(mk.movie_id = t.id)",
                  "Plans": [
                    {
                      "Node Type": "Seq Scan",
                      "Parent Relationship": "Outer",
                      "Parallel Aware": true,
                      "Relation Name": "movie_keyword",
                      "Alias": "mk",
                      "Startup Cost": 0.0,
                      "Total Cost": 42695.65,
                      "Plan Rows": 847491,
                      "Plan Width": 4,
                      "Actual Startup Time": 0.202,
                      "Actual Total Time": 103.273,
                      "Actual Rows": 654672,
                      "Actual Loops": 4,
                      "Filter": "(keyword_id > 3262)",
                      "Rows Removed by Filter": 476311
                    },
                    {
                      "Node Type": "Hash",
                      "Parent Relationship": "Inner",
                      "Parallel Aware": true,
                      "Startup Cost": 82078.37,
                      "Total Cost": 82078.37,
                      "Plan Rows": 178268,
                      "Plan Width": 8,
                      "Actual Startup Time": 522.58,
                      "Actual Total Time": 523.105,
                      "Actual Rows": 194264,
                      "Actual Loops": 4,
                      "Hash Buckets": 1048576,
                      "Original Hash Buckets": 1048576,
                      "Hash Batches": 1,
                      "Original Hash Batches": 1,
                      "Peak Memory Usage": 38656,
                      "Plans": [
                        {
                          "Node Type": "Hash Join",
                          "Parent Relationship": "Outer",
                          "Parallel Aware": true,
                          "Join Type": "Inner",
                          "Startup Cost": 35210.13,
                          "Total Cost": 82078.37,
                          "Plan Rows": 178268,
                          "Plan Width": 8,
                          "Actual Startup Time": 214.552,
                          "Actual Total Time": 464.121,
                          "Actual Rows": 194264,
                          "Actual Loops": 4,
                          "Inner Unique": false,
                          "Hash Cond": "(t.id = mc.movie_id)",
                          "Plans": [
                            {
                              "Node Type": "Seq Scan",
                              "Parent Relationship": "Outer",
                              "Parallel Aware": true,
                              "Relation Name": "title",
                              "Alias": "t",
                              "Startup Cost": 0.0,
                              "Total Cost": 43898.92,
                              "Plan Rows": 478853,
                              "Plan Width": 4,
                              "Actual Startup Time": 0.013,
                              "Actual Total Time": 94.01,
                              "Actual Rows": 475814,
                              "Actual Loops": 4,
                              "Filter": "(production_year > 1982)",
                              "Rows Removed by Filter": 156264
                            },
                            {
                              "Node Type": "Hash",
                              "Parent Relationship": "Inner",
                              "Parallel Aware": true,
                              "Startup Cost": 31414.82,
                              "Total Cost": 31414.82,
                              "Plan Rows": 303625,
                              "Plan Width": 4,
                              "Actual Startup Time": 211.451,
                              "Actual Total Time": 211.452,
                              "Actual Rows": 309267,
                              "Actual Loops": 4,
                              "Hash Buckets": 2097152,
                              "Original Hash Buckets": 1048576,
                              "Hash Batches": 1,
                              "Original Hash Batches": 1,
                              "Peak Memory Usage": 73056,
                              "Plans": [
                                {
                                  "Node Type": "Seq Scan",
                                  "Parent Relationship": "Outer",
                                  "Parallel Aware": true,
                                  "Relation Name": "movie_companies",
                                  "Alias": "mc",
                                  "Startup Cost": 0.0,
                                  "Total Cost": 31414.82,
                                  "Plan Rows": 303625,
                                  "Plan Width": 4,
                                  "Actual Startup Time": 0.06,
                                  "Actual Total Time": 87.155,
                                  "Actual Rows": 309267,
                                  "Actual Loops": 4,
                                  "Filter": "((company_id < 43860) AND (company_type_id = 1))",
                                  "Rows Removed by Filter": 343016
                                }
                              ]
                            }
                          ]
                        }
                      ]
                    }
                  ]
                }
              ]
            }
          ]
        }
      ]
    },
    "Planning Time": 2.363,
    "Triggers": [],
    "Execution Time": 1031.66
  }
]