[
  {
    "Plan": {
      "Node Type": "Aggregate",
      "Strategy": "Plain",
      "Partial Mode": "Finalize",
      "Parallel Aware": false,
      "Startup Cost": 355002.0,
      "Total Cost": 355002.01,
      "Plan Rows": 1,
      "Plan Width": 8,
      "Actual Startup Time": 911.321,
      "Actual Total Time": 967.364,
      "Actual Rows": 1,
      "Actual Loops": 1,
      "Plans": [
        {
          "Node Type": "Gather",
          "Parent Relationship": "Outer",
          "Parallel Aware": false,
          "Startup Cost": 355001.38,
          "Total Cost": 355001.99,
          "Plan Rows": 6,
          "Plan Width": 8,
          "Actual Startup Time": 911.182,
          "Actual Total Time": 967.354,
          "Actual Rows": 7,
          "Actual Loops": 1,
          "Workers Planned": 6,
          "Workers Launched": 6,
          "Single Copy": false,
          "Plans": [
            {
              "Node Type": "Aggregate",
              "Strategy": "Plain",
              "Partial Mode": "Partial",
              "Parent Relationship": "Outer",
              "Parallel Aware": false,
              "Startup Cost": 354001.38,
              "Total Cost": 354001.39,
              "Plan Rows": 1,
              "Plan Width": 8,
              "Actual Startup Time": 900.659,
              "Actual Total Time": 900.66,
              "Actual Rows": 1,
              "Actual Loops": 7,
              "Plans": [
                {
                  "Node Type": "Seq Scan",
                  "Parent Relationship": "Outer",
                  "Parallel Aware": true,
                  "Relation Name": "cast_info",
                  "Alias": "ci",
                  "Startup Cost": 0.0,
                  "Total Cost": 343257.03,
                  "Plan Rows": 4297740,
                  "Plan Width": 0,
                  "Actual Startup Time": 46.726,
                  "Actual Total Time": 742.092,
                  "Actual Rows": 3656052,
                  "Actual Loops": 7,
                  "Filter": "((person_id > 238439) AND (role_id < 6))",
                  "Rows Removed by Filter": 1521711
                }
              ]
            }
          ]
        }
      ]
    },
    "Planning Time": 0.204,
    "Triggers": [],
    "Execution Time": 967.43
  }
]