{
  "Plan": {
    "Node Type": "Aggregate",
    "Strategy": "Plain",
    "Partial Mode": "Simple",
    "Parallel Aware": false,
    "Startup Cost": 55653.38,
    "Total Cost": 55653.39,
    "Plan Rows": 1,
    "Plan Width": 64,
    "Actual Startup Time": 95.554,
    "Actual Total Time": 95.559,
    "Actual Rows": 1,
    "Actual Loops": 1,
    "Plans": [
      {
        "Node Type": "Nested Loop",
        "Parent Relationship": "Outer",
        "Parallel Aware": false,
        "Join Type": "Inner",
        "Startup Cost": 2405.8,
        "Total Cost": 55653.38,
        "Plan Rows": 1,
        "Plan Width": 32,
        "Actual Startup Time": 46.728,
        "Actual Total Time": 95.546,
        "Actual Rows": 16,
        "Actual Loops": 1,
        "Inner Unique": true,
        "Plans": [
          {
            "Node Type": "Nested Loop",
            "Parent Relationship": "Outer",
            "Parallel Aware": false,
            "Join Type": "Inner",
            "Startup Cost": 2405.67,
            "Total Cost": 55653.2,
            "Plan Rows": 1,
            "Plan Width": 36,
            "Actual Startup Time": 46.717,
            "Actual Total Time": 95.501,
            "Actual Rows": 46,
            "Actual Loops": 1,
            "Inner Unique": false,
            "Join Filter": "(t.id = ml.linked_movie_id)",
            "Rows Removed by Join Filter": 0,
            "Plans": [
              {
                "Node Type": "Nested Loop",
                "Parent Relationship": "Outer",
                "Parallel Aware": false,
                "Join Type": "Inner",
                "Startup Cost": 2405.38,
                "Total Cost": 55650.07,
                "Plan Rows": 9,
                "Plan Width": 40,
                "Actual Startup Time": 46.655,
                "Actual Total Time": 95.401,
                "Actual Rows": 32,
                "Actual Loops": 1,
                "Inner Unique": true,
                "Plans": [
                  {
                    "Node Type": "Nested Loop",
                    "Parent Relationship": "Outer",
                    "Parallel Aware": false,
                    "Join Type": "Inner",
                    "Startup Cost": 2404.95,
                    "Total Cost": 55511.46,
                    "Plan Rows": 303,
                    "Plan Width": 19,
                    "Actual Startup Time": 46.371,
                    "Actual Total Time": 94.278,
                    "Actual Rows": 353,
                    "Actual Loops": 1,
                    "Inner Unique": false,
                    "Join Filter": "(pi.person_id = ci.person_id)",
                    "Rows Removed by Join Filter": 0,
                    "Plans": [
                      {
                        "Node Type": "Nested Loop",
                        "Parent Relationship": "Outer",
                        "Parallel Aware": false,
                        "Join Type": "Inner",
                        "Startup Cost": 2404.38,
                        "Total Cost": 55493.46,
                        "Plan Rows": 1,
                        "Plan Width": 27,
                        "Actual Startup Time": 46.351,
                        "Actual Total Time": 94.109,
                        "Actual Rows": 3,
                        "Actual Loops": 1,
                        "Inner Unique": true,
                        "Join Filter": "(pi.person_id = n.id)",
                        "Rows Removed by Join Filter": 0,
                        "Plans": [
                          {
                            "Node Type": "Nested Loop",
                            "Parent Relationship": "Outer",
                            "Parallel Aware": false,
                            "Join Type": "Inner",
                            "Startup Cost": 2403.95,
                            "Total Cost": 55491.63,
                            "Plan Rows": 2,
                            "Plan Width": 8,
                            "Actual Startup Time": 30.857,
                            "Actual Total Time": 93.566,
                            "Actual Rows": 98,
                            "Actual Loops": 1,
                            "Inner Unique": false,
                            "Plans": [
                              {
                                "Node Type": "Nested Loop",
                                "Parent Relationship": "Outer",
                                "Parallel Aware": false,
                                "Join Type": "Inner",
                                "Startup Cost": 2403.53,
                                "Total Cost": 55479.15,
                                "Plan Rows": 1,
                                "Plan Width": 4,
                                "Actual Startup Time": 30.828,
                                "Actual Total Time": 92.95,
                                "Actual Rows": 64,
                                "Actual Loops": 1,
                                "Inner Unique": false,
                                "Plans": [
                                  {
                                    "Node Type": "Seq Scan",
                                    "Parent Relationship": "Outer",
                                    "Parallel Aware": false,
                                    "Relation Name": "info_type",
                                    "Alias": "it",
                                    "Startup Cost": 0.0,
                                    "Total Cost": 2.41,
                                    "Plan Rows": 1,
                                    "Plan Width": 4,
                                    "Actual Startup Time": 0.034,
                                    "Actual Total Time": 0.041,
                                    "Actual Rows": 1,
                                    "Actual Loops": 1,
                                    "Filter": "((info)::text = 'mini biography'::text)",
                                    "Rows Removed by Filter": 112
                                  },
                                  {
                                    "Node Type": "Bitmap Heap Scan",
                                    "Parent Relationship": "Inner",
                                    "Parallel Aware": false,
                                    "Relation Name": "person_info",
                                    "Alias": "pi",
                                    "Startup Cost": 2403.53,
                                    "Total Cost": 55476.72,
                                    "Plan Rows": 1,
                                    "Plan Width": 8,
                                    "Actual Startup Time": 30.784,
                                    "Actual Total Time": 92.879,
                                    "Actual Rows": 64,
                                    "Actual Loops": 1,
                                    "Recheck Cond": "(info_type_id = it.id)",
                                    "Rows Removed by Index Recheck": 0,
                                    "Filter": "(note = 'Volker Boehm'::text)",
                                    "Rows Removed by Filter": 84120,
                                    "Exact Heap Blocks": 40387,
                                    "Lossy Heap Blocks": 0,
                                    "Plans": [
                                      {
                                        "Node Type": "Bitmap Index Scan",
                                        "Parent Relationship": "Outer",
                                        "Parallel Aware": false,
                                        "Index Name": "info_type_id_person_info",
                                        "Startup Cost": 0.0,
                                        "Total Cost": 2403.53,
                                        "Plan Rows": 134813,
                                        "Plan Width": 0,
                                        "Actual Startup Time": 18.382,
                                        "Actual Total Time": 18.383,
                                        "Actual Rows": 84184,
                                        "Actual Loops": 1,
                                        "Index Cond": "(info_type_id = it.id)"
                                      }
                                    ]
                                  }
                                ]
                              },
                              {
                                "Node Type": "Index Scan",
                                "Parent Relationship": "Inner",
                                "Parallel Aware": false,
                                "Scan Direction": "Forward",
                                "Index Name": "person_id_aka_name",
                                "Relation Name": "aka_name",
                                "Alias": "an",
                                "Startup Cost": 0.42,
                                "Total Cost": 12.46,
                                "Plan Rows": 2,
                                "Plan Width": 4,
                                "Actual Startup Time": 0.008,
                                "Actual Total Time": 0.009,
                                "Actual Rows": 2,
                                "Actual Loops": 64,
                                "Index Cond": "(person_id = pi.person_id)",
                                "Rows Removed by Index Recheck": 0,
                                "Filter": "(name ~~ '%a%'::text)",
                                "Rows Removed by Filter": 1
                              }
                            ]
                          },
                          {
                            "Node Type": "Index Scan",
                            "Parent Relationship": "Inner",
                            "Parallel Aware": false,
                            "Scan Direction": "Forward",
                            "Index Name": "name_pkey",
                            "Relation Name": "name",
                            "Alias": "n",
                            "Startup Cost": 0.43,
                            "Total Cost": 0.9,
                            "Plan Rows": 1,
                            "Plan Width": 19,
                            "Actual Startup Time": 0.005,
                            "Actual Total Time": 0.005,
                            "Actual Rows": 0,
                            "Actual Loops": 98,
                            "Index Cond": "(id = an.person_id)",
                            "Rows Removed by Index Recheck": 0,
                            "Filter": "(((name_pcode_cf)::text ~~ 'D%'::text) AND ((gender)::text = 'm'::text))",
                            "Rows Removed by Filter": 1
                          }
                        ]
                      },
                      {
                        "Node Type": "Index Scan",
                        "Parent Relationship": "Inner",
                        "Parallel Aware": false,
                        "Scan Direction": "Forward",
                        "Index Name": "person_id_cast_info",
                        "Relation Name": "cast_info",
                        "Alias": "ci",
                        "Startup Cost": 0.56,
                        "Total Cost": 11.75,
                        "Plan Rows": 500,
                        "Plan Width": 8,
                        "Actual Startup Time": 0.012,
                        "Actual Total Time": 0.042,
                        "Actual Rows": 118,
                        "Actual Loops": 3,
                        "Index Cond": "(person_id = an.person_id)",
                        "Rows Removed by Index Recheck": 0
                      }
                    ]
                  },
                  {
                    "Node Type": "Index Scan",
                    "Parent Relationship": "Inner",
                    "Parallel Aware": false,
                    "Scan Direction": "Forward",
                    "Index Name": "title_pkey",
                    "Relation Name": "title",
                    "Alias": "t",
                    "Startup Cost": 0.43,
                    "Total Cost": 0.46,
                    "Plan Rows": 1,
                    "Plan Width": 21,
                    "Actual Startup Time": 0.003,
                    "Actual Total Time": 0.003,
                    "Actual Rows": 0,
                    "Actual Loops": 353,
                    "Index Cond": "(id = ci.movie_id)",
                    "Rows Removed by Index Recheck": 0,
                    "Filter": "((production_year >= 1980) AND (production_year <= 1984))",
                    "Rows Removed by Filter": 1
                  }
                ]
              },
              {
                "Node Type": "Index Scan",
                "Parent Relationship": "Inner",
                "Parallel Aware": false,
                "Scan Direction": "Forward",
                "Index Name": "linked_movie_id_movie_link",
                "Relation Name": "movie_link",
                "Alias": "ml",
                "Startup Cost": 0.29,
                "Total Cost": 0.32,
                "Plan Rows": 2,
                "Plan Width": 8,
                "Actual Startup Time": 0.002,
                "Actual Total Time": 0.003,
                "Actual Rows": 1,
                "Actual Loops": 32,
                "Index Cond": "(linked_movie_id = ci.movie_id)",
                "Rows Removed by Index Recheck": 0
              }
            ]
          },
          {
            "Node Type": "Index Scan",
            "Parent Relationship": "Inner",
            "Parallel Aware": false,
            "Scan Direction": "Forward",
            "Index Name": "link_type_pkey",
            "Relation Name": "link_type",
            "Alias": "lt",
            "Startup Cost": 0.14,
            "Total Cost": 0.16,
            "Plan Rows": 1,
            "Plan Width": 4,
            "Actual Startup Time": 0.001,
            "Actual Total Time": 0.001,
            "Actual Rows": 0,
            "Actual Loops": 46,
            "Index Cond": "(id = ml.link_type_id)",
            "Rows Removed by Index Recheck": 0,
            "Filter": "((link)::text = 'features'::text)",
            "Rows Removed by Filter": 1
          }
        ]
      }
    ]
  },
  "Planning Time": 1.747,
  "Triggers": [],
  "Execution Time": 95.715
}