{
  "Plan": {
    "Node Type": "Aggregate",
    "Strategy": "Plain",
    "Partial Mode": "Finalize",
    "Parallel Aware": false,
    "Startup Cost": 254986.05,
    "Total Cost": 254986.06,
    "Plan Rows": 1,
    "Plan Width": 8,
    "Actual Startup Time": 1062.596,
    "Actual Total Time": 1089.526,
    "Actual Rows": 1,
    "Actual Loops": 1,
    "Plans": [
      {
        "Node Type": "Gather",
        "Parent Relationship": "Outer",
        "Parallel Aware": false,
        "Startup Cost": 254985.94,
        "Total Cost": 254986.05,
        "Plan Rows": 1,
        "Plan Width": 8,
        "Actual Startup Time": 1060.435,
        "Actual Total Time": 1089.513,
        "Actual Rows": 2,
        "Actual Loops": 1,
        "Workers Planned": 1,
        "Workers Launched": 1,
        "Single Copy": false,
        "Plans": [
          {
            "Node Type": "Aggregate",
            "Strategy": "Plain",
            "Partial Mode": "Partial",
            "Parent Relationship": "Outer",
            "Parallel Aware": false,
            "Startup Cost": 253985.94,
            "Total Cost": 253985.95,
            "Plan Rows": 1,
            "Plan Width": 8,
            "Actual Startup Time": 1056.0,
            "Actual Total Time": 1056.004,
            "Actual Rows": 1,
            "Actual Loops": 2,
            "Plans": [
              {
                "Node Type": "Merge Join",
                "Parent Relationship": "Outer",
                "Parallel Aware": false,
                "Join Type": "Inner",
                "Startup Cost": 82741.01,
                "Total Cost": 253789.87,
                "Plan Rows": 78426,
                "Plan Width": 0,
                "Actual Startup Time": 238.96,
                "Actual Total Time": 1054.123,
                "Actual Rows": 39081,
                "Actual Loops": 2,
                "Inner Unique": false,
                "Merge Cond": "(t.id = mi_idx.movie_id)",
                "Plans": [
                  {
                    "Node Type": "Merge Join",
                    "Parent Relationship": "Outer",
                    "Parallel Aware": false,
                    "Join Type": "Inner",
                    "Startup Cost": 82738.22,
                    "Total Cost": 195690.45,
                    "Plan Rows": 143681,
                    "Plan Width": 8,
                    "Actual Startup Time": 238.876,
                    "Actual Total Time": 929.258,
                    "Actual Rows": 27790,
                    "Actual Loops": 2,
                    "Inner Unique": false,
                    "Merge Cond": "(t.id = mk.movie_id)",
                    "Plans": [
                      {
                        "Node Type": "Index Scan",
                        "Parent Relationship": "Outer",
                        "Parallel Aware": true,
                        "Scan Direction": "Forward",
                        "Index Name": "title_pkey",
                        "Relation Name": "title",
                        "Alias": "t",
                        "Startup Cost": 0.43,
                        "Total Cost": 107365.5,
                        "Plan Rows": 796173,
                        "Plan Width": 4,
                        "Actual Startup Time": 0.056,
                        "Actual Total Time": 613.1,
                        "Actual Rows": 663888,
                        "Actual Loops": 2,
                        "Filter": "((production_year < 2012) AND (kind_id = 7))",
                        "Rows Removed by Filter": 599270
                      },
                      {
                        "Node Type": "Sort",
                        "Parent Relationship": "Inner",
                        "Parallel Aware": false,
                        "Startup Cost": 82725.84,
                        "Total Cost": 83866.51,
                        "Plan Rows": 456267,
                        "Plan Width": 4,
                        "Actual Startup Time": 238.717,
                        "Actual Total Time": 257.569,
                        "Actual Rows": 472545,
                        "Actual Loops": 2,
                        "Sort Key": [
                          "mk.movie_id"
                        ],
                        "Sort Method": "quicksort",
                        "Sort Space Used": 34439,
                        "Sort Space Type": "Memory",
                        "Workers": [
                          {
                            "Worker Number": 0,
                            "Sort Method": "quicksort",
                            "Sort Space Used": 34439,
                            "Sort Space Type": "Memory"
                          }
                        ],
                        "Plans": [
                          {
                            "Node Type": "Bitmap Heap Scan",
                            "Parent Relationship": "Outer",
                            "Parallel Aware": false,
                            "Relation Name": "movie_keyword",
                            "Alias": "mk",
                            "Startup Cost": 9680.5,
                            "Total Cost": 39837.84,
                            "Plan Rows": 456267,
                            "Plan Width": 4,
                            "Actual Startup Time": 44.749,
                            "Actual Total Time": 155.605,
                            "Actual Rows": 472545,
                            "Actual Loops": 2,
                            "Recheck Cond": "(keyword_id < 359)",
                            "Rows Removed by Index Recheck": 0,
                            "Exact Heap Blocks": 24265,
                            "Lossy Heap Blocks": 0,
                            "Plans": [
                              {
                                "Node Type": "Bitmap Index Scan",
                                "Parent Relationship": "Outer",
                                "Parallel Aware": false,
                                "Index Name": "keyword_id_movie_keyword",
                                "Startup Cost": 0.0,
                                "Total Cost": 9566.44,
                                "Plan Rows": 456267,
                                "Plan Width": 0,
                                "Actual Startup Time": 41.745,
                                "Actual Total Time": 41.746,
                                "Actual Rows": 472545,
                                "Actual Loops": 2,
                                "Index Cond": "(keyword_id < 359)"
                              }
                            ]
                          }
                        ]
                      }
                    ]
                  },
                  {
                    "Node Type": "Index Only Scan",
                    "Parent Relationship": "Inner",
                    "Parallel Aware": false,
                    "Scan Direction": "Forward",
                    "Index Name": "movie_id_movie_info_idx",
                    "Relation Name": "movie_info_idx",
                    "Alias": "mi_idx",
                    "Startup Cost": 0.43,
                    "Total Cost": 53620.22,
                    "Plan Rows": 1380035,
                    "Plan Width": 4,
                    "Actual Startup Time": 0.05,
                    "Actual Total Time": 96.067,
                    "Actual Rows": 553260,
                    "Actual Loops": 2,
                    "Heap Fetches": 1106519
                  }
                ]
              }
            ]
          }
        ]
      }
    ]
  },
  "Planning Time": 1.051,
  "Triggers": [],
  "Execution Time": 1089.65
}