[
  {
    "Plan": {
      "Node Type": "Aggregate",
      "Strategy": "Plain",
      "Partial Mode": "Finalize",
      "Parallel Aware": false,
      "Startup Cost": 29931.24,
      "Total Cost": 29931.25,
      "Plan Rows": 1,
      "Plan Width": 8,
      "Actual Startup Time": 86.281,
      "Actual Total Time": 90.991,
      "Actual Rows": 1,
      "Actual Loops": 1,
      "Plans": [
        {
          "Node Type": "Gather",
          "Parent Relationship": "Outer",
          "Parallel Aware": false,
          "Startup Cost": 29930.92,
          "Total Cost": 29931.23,
          "Plan Rows": 3,
          "Plan Width": 8,
          "Actual Startup Time": 86.095,
          "Actual Total Time": 90.984,
          "Actual Rows": 4,
          "Actual Loops": 1,
          "Workers Planned": 3,
          "Workers Launched": 3,
          "Single Copy": false,
          "Plans": [
            {
              "Node Type": "Aggregate",
              "Strategy": "Plain",
              "Partial Mode": "Partial",
              "Parent Relationship": "Outer",
              "Parallel Aware": false,
              "Startup Cost": 28930.92,
              "Total Cost": 28930.93,
              "Plan Rows": 1,
              "Plan Width": 8,
              "Actual Startup Time": 77.167,
              "Actual Total Time": 77.17,
              "Actual Rows": 1,
              "Actual Loops": 4,
              "Plans": [
                {
                  "Node Type": "Bitmap Heap Scan",
                  "Parent Relationship": "Outer",
                  "Parallel Aware": true,
                  "Relation Name": "movie_companies",
                  "Alias": "mc",
                  "Startup Cost": 8289.61,
                  "Total Cost": 28622.37,
                  "Plan Rows": 123421,
                  "Plan Width": 0,
                  "Actual Startup Time": 36.033,
                  "Actual Total Time": 70.798,
                  "Actual Rows": 97266,
                  "Actual Loops": 4,
                  "Recheck Cond": "(company_id > 83330)",
                  "Rows Removed by Index Recheck": 0,
                  "Exact Heap Blocks": 3533,
                  "Lossy Heap Blocks": 0,
                  "Plans": [
                    {
                      "Node Type": "Bitmap Index Scan",
                      "Parent Relationship": "Outer",
                      "Parallel Aware": false,
                      "Index Name": "company_id_movie_companies",
                      "Startup Cost": 0.0,
                      "Total Cost": 8193.96,
                      "Plan Rows": 382604,
                      "Plan Width": 0,
                      "Actual Startup Time": 42.953,
                      "Actual Total Time": 42.953,
                      "Actual Rows": 389064,
                      "Actual Loops": 1,
                      "Index Cond": "(company_id > 83330)"
                    }
                  ]
                }
              ]
            }
          ]
        }
      ]
    },
    "Planning Time": 0.195,
    "Triggers": [],
    "Execution Time": 91.067
  }
]