{
  "Plan": {
    "Node Type": "Aggregate",
    "Strategy": "Plain",
    "Partial Mode": "Finalize",
    "Parallel Aware": false,
    "Startup Cost": 100694.16,
    "Total Cost": 100694.17,
    "Plan Rows": 1,
    "Plan Width": 8,
    "Actual Startup Time": 395.815,
    "Actual Total Time": 411.333,
    "Actual Rows": 1,
    "Actual Loops": 1,
    "Plans": [
      {
        "Node Type": "Gather",
        "Parent Relationship": "Outer",
        "Parallel Aware": false,
        "Startup Cost": 100694.04,
        "Total Cost": 100694.15,
        "Plan Rows": 1,
        "Plan Width": 8,
        "Actual Startup Time": 395.115,
        "Actual Total Time": 411.326,
        "Actual Rows": 2,
        "Actual Loops": 1,
        "Workers Planned": 1,
        "Workers Launched": 1,
        "Single Copy": false,
        "Plans": [
          {
            "Node Type": "Aggregate",
            "Strategy": "Plain",
            "Partial Mode": "Partial",
            "Parent Relationship": "Outer",
            "Parallel Aware": false,
            "Startup Cost": 99694.04,
            "Total Cost": 99694.05,
            "Plan Rows": 1,
            "Plan Width": 8,
            "Actual Startup Time": 389.16,
            "Actual Total Time": 389.164,
            "Actual Rows": 1,
            "Actual Loops": 2,
            "Plans": [
              {
                "Node Type": "Hash Join",
                "Parent Relationship": "Outer",
                "Parallel Aware": true,
                "Join Type": "Inner",
                "Startup Cost": 38110.09,
                "Total Cost": 99271.0,
                "Plan Rows": 169218,
                "Plan Width": 0,
                "Actual Startup Time": 124.483,
                "Actual Total Time": 385.746,
                "Actual Rows": 73034,
                "Actual Loops": 2,
                "Inner Unique": false,
                "Hash Cond": "(t.id = mc.movie_id)",
                "Plans": [
                  {
                    "Node Type": "Seq Scan",
                    "Parent Relationship": "Outer",
                    "Parallel Aware": true,
                    "Relation Name": "title",
                    "Alias": "t",
                    "Startup Cost": 0.0,
                    "Total Cost": 50870.31,
                    "Plan Rows": 1487231,
                    "Plan Width": 4,
                    "Actual Startup Time": 0.011,
                    "Actual Total Time": 114.341,
                    "Actual Rows": 1264156,
                    "Actual Loops": 2
                  },
                  {
                    "Node Type": "Hash",
                    "Parent Relationship": "Inner",
                    "Parallel Aware": true,
                    "Startup Cost": 35994.87,
                    "Total Cost": 35994.87,
                    "Plan Rows": 169218,
                    "Plan Width": 4,
                    "Actual Startup Time": 118.824,
                    "Actual Total Time": 118.825,
                    "Actual Rows": 73034,
                    "Actual Loops": 2,
                    "Hash Buckets": 524288,
                    "Original Hash Buckets": 524288,
                    "Hash Batches": 1,
                    "Original Hash Batches": 1,
                    "Peak Memory Usage": 9824,
                    "Plans": [
                      {
                        "Node Type": "Bitmap Heap Scan",
                        "Parent Relationship": "Outer",
                        "Parallel Aware": true,
                        "Relation Name": "movie_companies",
                        "Alias": "mc",
                        "Startup Cost": 12205.67,
                        "Total Cost": 35994.87,
                        "Plan Rows": 169218,
                        "Plan Width": 4,
                        "Actual Startup Time": 83.145,
                        "Actual Total Time": 103.421,
                        "Actual Rows": 73034,
                        "Actual Loops": 2,
                        "Recheck Cond": "(company_id < 596)",
                        "Rows Removed by Index Recheck": 0,
                        "Filter": "(company_type_id > 1)",
                        "Rows Removed by Filter": 207805,
                        "Exact Heap Blocks": 13149,
                        "Lossy Heap Blocks": 0,
                        "Plans": [
                          {
                            "Node Type": "Bitmap Index Scan",
                            "Parent Relationship": "Outer",
                            "Parallel Aware": false,
                            "Index Name": "company_id_movie_companies",
                            "Startup Cost": 0.0,
                            "Total Cost": 12133.75,
                            "Plan Rows": 566576,
                            "Plan Width": 0,
                            "Actual Startup Time": 36.906,
                            "Actual Total Time": 36.907,
                            "Actual Rows": 561678,
                            "Actual Loops": 1,
                            "Index Cond": "(company_id < 596)"
                          }
                        ]
                      }
                    ]
                  }
                ]
              }
            ]
          }
        ]
      }
    ]
  },
  "Planning Time": 0.664,
  "Triggers": [],
  "Execution Time": 411.42
}