[
  {
    "Plan": {
      "Node Type": "Aggregate",
      "Strategy": "Plain",
      "Partial Mode": "Finalize",
      "Parallel Aware": false,
      "Startup Cost": 99186.24,
      "Total Cost": 99186.25,
      "Plan Rows": 1,
      "Plan Width": 8,
      "Actual Startup Time": 441.307,
      "Actual Total Time": 469.274,
      "Actual Rows": 1,
      "Actual Loops": 1,
      "Plans": [
        {
          "Node Type": "Gather",
          "Parent Relationship": "Outer",
          "Parallel Aware": false,
          "Startup Cost": 99185.93,
          "Total Cost": 99186.24,
          "Plan Rows": 3,
          "Plan Width": 8,
          "Actual Startup Time": 436.427,
          "Actual Total Time": 469.261,
          "Actual Rows": 4,
          "Actual Loops": 1,
          "Workers Planned": 3,
          "Workers Launched": 3,
          "Single Copy": false,
          "Plans": [
            {
              "Node Type": "Aggregate",
              "Strategy": "Plain",
              "Partial Mode": "Partial",
              "Parent Relationship": "Outer",
              "Parallel Aware": false,
              "Startup Cost": 98185.93,
              "Total Cost": 98185.94,
              "Plan Rows": 1,
              "Plan Width": 8,
              "Actual Startup Time": 427.36,
              "Actual Total Time": 427.368,
              "Actual Rows": 1,
              "Actual Loops": 4,
              "Plans": [
                {
                  "Node Type": "Nested Loop",
                  "Parent Relationship": "Outer",
                  "Parallel Aware": false,
                  "Join Type": "Inner",
                  "Startup Cost": 52363.5,
                  "Total Cost": 98025.1,
                  "Plan Rows": 64329,
                  "Plan Width": 0,
                  "Actual Startup Time": 266.631,
                  "Actual Total Time": 421.6,
                  "Actual Rows": 91043,
                  "Actual Loops": 4,
                  "Inner Unique": false,
                  "Plans": [
                    {
                      "Node Type": "Hash Join",
                      "Parent Relationship": "Outer",
                      "Parallel Aware": true,
                      "Join Type": "Inner",
                      "Startup Cost": 52363.06,
                      "Total Cost": 72018.51,
                      "Plan Rows": 10956,
                      "Plan Width": 8,
                      "Actual Startup Time": 266.512,
                      "Actual Total Time": 307.526,
                      "Actual Rows": 8302,
                      "Actual Loops": 4,
                      "Inner Unique": true,
                      "Hash Cond": "(mc.movie_id = t.id)",
                      "Plans": [
                        {
                          "Node Type": "Bitmap Heap Scan",
                          "Parent Relationship": "Outer",
                          "Parallel Aware": true,
                          "Relation Name": "movie_companies",
                          "Alias": "mc",
                          "Startup Cost": 3552.28,
                          "Total Cost": 23139.51,
                          "Plan Rows": 25986,
                          "Plan Width": 4,
                          "Actual Startup Time": 11.872,
                          "Actual Total Time": 34.353,
                          "Actual Rows": 31025,
                          "Actual Loops": 4,
                          "Recheck Cond": "(company_id < 28)",
                          "Rows Removed by Index Recheck": 0,
                          "Filter": "(company_type_id < 2)",
                          "Rows Removed by Filter": 9503,
                          "Exact Heap Blocks": 5196,
                          "Lossy Heap Blocks": 0,
                          "Plans": [
                            {
                              "Node Type": "Bitmap Index Scan",
                              "Parent Relationship": "Outer",
                              "Parallel Aware": false,
                              "Index Name": "company_id_movie_companies",
                              "Startup Cost": 0.0,
                              "Total Cost": 3532.14,
                              "Plan Rows": 164761,
                              "Plan Width": 0,
                              "Actual Startup Time": 9.027,
                              "Actual Total Time": 9.028,
                              "Actual Rows": 162110,
                              "Actual Loops": 1,
                              "Index Cond": "(company_id < 28)"
                            }
                          ]
                        },
                        {
                          "Node Type": "Hash",
                          "Parent Relationship": "Inner",
                          "Parallel Aware": true,
                          "Startup Cost": 45479.59,
                          "Total Cost": 45479.59,
                          "Plan Rows": 266496,
                          "Plan Width": 4,
                          "Actual Startup Time": 249.175,
                          "Actual Total Time": 249.176,
                          "Actual Rows": 288088,
                          "Actual Loops": 4,
                          "Hash Buckets": 2097152,
                          "Original Hash Buckets": 2097152,
                          "Hash Batches": 1,
                          "Original Hash Batches": 1,
                          "Peak Memory Usage": 61568,
                          "Plans": [
                            {
                              "Node Type": "Seq Scan",
                              "Parent Relationship": "Outer",
                              "Parallel Aware": true,
                              "Relation Name": "title",
                              "Alias": "t",
                              "Startup Cost": 0.0,
                              "Total Cost": 45479.59,
                              "Plan Rows": 266496,
                              "Plan Width": 4,
                              "Actual Startup Time": 0.037,
                              "Actual Total Time": 123.596,
                              "Actual Rows": 288088,
                              "Actual Loops": 4,
                              "Filter": "((kind_id > 1) AND (production_year > 1999))",
                              "Rows Removed by Filter": 343990
                            }
                          ]
                        }
                      ]
                    },
                    {
                      "Node Type": "Index Only Scan",
                      "Parent Relationship": "Inner",
                      "Parallel Aware": false,
                      "Scan Direction": "Forward",
                      "Index Name": "movie_id_movie_info",
                      "Relation Name": "movie_info",
                      "Alias": "mi",
                      "Startup Cost": 0.43,
                      "Total Cost": 1.96,
                      "Plan Rows": 41,
                      "Plan Width": 4,
                      "Actual Startup Time": 0.005,
                      "Actual Total Time": 0.012,
                      "Actual Rows": 11,
                      "Actual Loops": 33208,
                      "Index Cond": "(movie_id = t.id)",
                      "Rows Removed by Index Recheck": 0,
                      "Heap Fetches": 364171
                    }
                  ]
                }
              ]
            }
          ]
        }
      ]
    },
    "Planning Time": 0.672,
    "Triggers": [],
    "Execution Time": 469.34
  }
]