[
  {
    "Plan": {
      "Node Type": "Aggregate",
      "Strategy": "Plain",
      "Partial Mode": "Finalize",
      "Parallel Aware": false,
      "Startup Cost": 94037.86,
      "Total Cost": 94037.87,
      "Plan Rows": 1,
      "Plan Width": 8,
      "Actual Startup Time": 497.137,
      "Actual Total Time": 522.066,
      "Actual Rows": 1,
      "Actual Loops": 1,
      "Plans": [
        {
          "Node Type": "Gather",
          "Parent Relationship": "Outer",
          "Parallel Aware": false,
          "Startup Cost": 94037.54,
          "Total Cost": 94037.85,
          "Plan Rows": 3,
          "Plan Width": 8,
          "Actual Startup Time": 494.844,
          "Actual Total Time": 522.056,
          "Actual Rows": 4,
          "Actual Loops": 1,
          "Workers Planned": 3,
          "Workers Launched": 3,
          "Single Copy": false,
          "Plans": [
            {
              "Node Type": "Aggregate",
              "Strategy": "Plain",
              "Partial Mode": "Partial",
              "Parent Relationship": "Outer",
              "Parallel Aware": false,
              "Startup Cost": 93037.54,
              "Total Cost": 93037.55,
              "Plan Rows": 1,
              "Plan Width": 8,
              "Actual Startup Time": 487.348,
              "Actual Total Time": 487.352,
              "Actual Rows": 1,
              "Actual Loops": 4,
              "Plans": [
                {
                  "Node Type": "Hash Join",
                  "Parent Relationship": "Outer",
                  "Parallel Aware": true,
                  "Join Type": "Inner",
                  "Startup Cost": 46304.72,
                  "Total Cost": 92672.34,
                  "Plan Rows": 146081,
                  "Plan Width": 0,
                  "Actual Startup Time": 206.363,
                  "Actual Total Time": 463.051,
                  "Actual Rows": 423637,
                  "Actual Loops": 4,
                  "Inner Unique": true,
                  "Hash Cond": "(mk.movie_id = t.id)",
                  "Plans": [
                    {
                      "Node Type": "Seq Scan",
                      "Parent Relationship": "Outer",
                      "Parallel Aware": true,
                      "Relation Name": "movie_keyword",
                      "Alias": "mk",
                      "Startup Cost": 0.0,
                      "Total Cost": 42695.65,
                      "Plan Rows": 1398839,
                      "Plan Width": 4,
                      "Actual Startup Time": 0.033,
                      "Actual Total Time": 155.885,
                      "Actual Rows": 1083800,
                      "Actual Loops": 4,
                      "Filter": "(keyword_id > 135)",
                      "Rows Removed by Filter": 47182
                    },
                    {
                      "Node Type": "Hash",
                      "Parent Relationship": "Inner",
                      "Parallel Aware": true,
                      "Startup Cost": 45479.59,
                      "Total Cost": 45479.59,
                      "Plan Rows": 66011,
                      "Plan Width": 4,
                      "Actual Startup Time": 155.121,
                      "Actual Total Time": 155.122,
                      "Actual Rows": 93549,
                      "Actual Loops": 4,
                      "Hash Buckets": 524288,
                      "Original Hash Buckets": 524288,
                      "Hash Batches": 1,
                      "Original Hash Batches": 1,
                      "Peak Memory Usage": 18784,
                      "Plans": [
                        {
                          "Node Type": "Seq Scan",
                          "Parent Relationship": "Outer",
                          "Parallel Aware": true,
                          "Relation Name": "title",
                          "Alias": "t",
                          "Startup Cost": 0.0,
                          "Total Cost": 45479.59,
                          "Plan Rows": 66011,
                          "Plan Width": 4,
                          "Actual Startup Time": 66.613,
                          "Actual Total Time": 119.805,
                          "Actual Rows": 93549,
                          "Actual Loops": 4,
                          "Filter": "((production_year < 2000) AND (kind_id = 1))",
                          "Rows Removed by Filter": 538529
                        }
                      ]
                    }
                  ]
                }
              ]
            }
          ]
        }
      ]
    },
    "Planning Time": 0.435,
    "Triggers": [],
    "Execution Time": 522.132
  }
]