{
  "Plan": {
    "Node Type": "Aggregate",
    "Strategy": "Plain",
    "Partial Mode": "Finalize",
    "Parallel Aware": false,
    "Startup Cost": 111361.64,
    "Total Cost": 111361.65,
    "Plan Rows": 1,
    "Plan Width": 8,
    "Actual Startup Time": 563.222,
    "Actual Total Time": 577.482,
    "Actual Rows": 1,
    "Actual Loops": 1,
    "Plans": [
      {
        "Node Type": "Gather",
        "Parent Relationship": "Outer",
        "Parallel Aware": false,
        "Startup Cost": 111361.53,
        "Total Cost": 111361.64,
        "Plan Rows": 1,
        "Plan Width": 8,
        "Actual Startup Time": 562.025,
        "Actual Total Time": 577.475,
        "Actual Rows": 2,
        "Actual Loops": 1,
        "Workers Planned": 1,
        "Workers Launched": 1,
        "Single Copy": false,
        "Plans": [
          {
            "Node Type": "Aggregate",
            "Strategy": "Plain",
            "Partial Mode": "Partial",
            "Parent Relationship": "Outer",
            "Parallel Aware": false,
            "Startup Cost": 110361.53,
            "Total Cost": 110361.54,
            "Plan Rows": 1,
            "Plan Width": 8,
            "Actual Startup Time": 555.76,
            "Actual Total Time": 555.765,
            "Actual Rows": 1,
            "Actual Loops": 2,
            "Plans": [
              {
                "Node Type": "Hash Join",
                "Parent Relationship": "Outer",
                "Parallel Aware": true,
                "Join Type": "Inner",
                "Startup Cost": 91032.32,
                "Total Cost": 110292.93,
                "Plan Rows": 27442,
                "Plan Width": 0,
                "Actual Startup Time": 496.088,
                "Actual Total Time": 553.206,
                "Actual Rows": 61263,
                "Actual Loops": 2,
                "Inner Unique": false,
                "Hash Cond": "(mi_idx.movie_id = t.id)",
                "Plans": [
                  {
                    "Node Type": "Seq Scan",
                    "Parent Relationship": "Outer",
                    "Parallel Aware": true,
                    "Relation Name": "movie_info_idx",
                    "Alias": "mi_idx",
                    "Startup Cost": 0.0,
                    "Total Cost": 18082.32,
                    "Plan Rows": 271164,
                    "Plan Width": 4,
                    "Actual Startup Time": 0.026,
                    "Actual Total Time": 49.943,
                    "Actual Rows": 230092,
                    "Actual Loops": 2,
                    "Filter": "(info_type_id > 100)",
                    "Rows Removed by Filter": 459925
                  },
                  {
                    "Node Type": "Hash",
                    "Parent Relationship": "Inner",
                    "Parallel Aware": true,
                    "Startup Cost": 89150.96,
                    "Total Cost": 89150.96,
                    "Plan Rows": 150509,
                    "Plan Width": 8,
                    "Actual Startup Time": 454.806,
                    "Actual Total Time": 454.809,
                    "Actual Rows": 126845,
                    "Actual Loops": 2,
                    "Hash Buckets": 262144,
                    "Original Hash Buckets": 262144,
                    "Hash Batches": 1,
                    "Original Hash Batches": 1,
                    "Peak Memory Usage": 12000,
                    "Plans": [
                      {
                        "Node Type": "Hash Join",
                        "Parent Relationship": "Outer",
                        "Parallel Aware": true,
                        "Join Type": "Inner",
                        "Startup Cost": 28100.11,
                        "Total Cost": 89150.96,
                        "Plan Rows": 150509,
                        "Plan Width": 8,
                        "Actual Startup Time": 269.218,
                        "Actual Total Time": 428.608,
                        "Actual Rows": 126845,
                        "Actual Loops": 2,
                        "Inner Unique": false,
                        "Hash Cond": "(t.id = mc.movie_id)",
                        "Plans": [
                          {
                            "Node Type": "Seq Scan",
                            "Parent Relationship": "Outer",
                            "Parallel Aware": true,
                            "Relation Name": "title",
                            "Alias": "t",
                            "Startup Cost": 0.0,
                            "Total Cost": 50870.31,
                            "Plan Rows": 1487231,
                            "Plan Width": 4,
                            "Actual Startup Time": 0.01,
                            "Actual Total Time": 126.367,
                            "Actual Rows": 1264156,
                            "Actual Loops": 2
                          },
                          {
                            "Node Type": "Hash",
                            "Parent Relationship": "Inner",
                            "Parallel Aware": true,
                            "Startup Cost": 26218.74,
                            "Total Cost": 26218.74,
                            "Plan Rows": 150509,
                            "Plan Width": 4,
                            "Actual Startup Time": 88.186,
                            "Actual Total Time": 88.187,
                            "Actual Rows": 126845,
                            "Actual Loops": 2,
                            "Hash Buckets": 262144,
                            "Original Hash Buckets": 262144,
                            "Hash Batches": 1,
                            "Original Hash Batches": 1,
                            "Peak Memory Usage": 12000,
                            "Plans": [
                              {
                                "Node Type": "Bitmap Heap Scan",
                                "Parent Relationship": "Outer",
                                "Parallel Aware": true,
                                "Relation Name": "movie_companies",
                                "Alias": "mc",
                                "Startup Cost": 5547.38,
                                "Total Cost": 26218.74,
                                "Plan Rows": 150509,
                                "Plan Width": 4,
                                "Actual Startup Time": 29.212,
                                "Actual Total Time": 61.32,
                                "Actual Rows": 126845,
                                "Actual Loops": 2,
                                "Recheck Cond": "(company_id > 100492)",
                                "Rows Removed by Index Recheck": 0,
                                "Exact Heap Blocks": 3209,
                                "Lossy Heap Blocks": 0,
                                "Plans": [
                                  {
                                    "Node Type": "Bitmap Index Scan",
                                    "Parent Relationship": "Outer",
                                    "Parallel Aware": false,
                                    "Index Name": "company_id_movie_companies",
                                    "Startup Cost": 0.0,
                                    "Total Cost": 5483.42,
                                    "Plan Rows": 255865,
                                    "Plan Width": 0,
                                    "Actual Startup Time": 28.737,
                                    "Actual Total Time": 28.737,
                                    "Actual Rows": 253690,
                                    "Actual Loops": 1,
                                    "Index Cond": "(company_id > 100492)"
                                  }
                                ]
                              }
                            ]
                          }
                        ]
                      }
                    ]
                  }
                ]
              }
            ]
          }
        ]
      }
    ]
  },
  "Planning Time": 0.894,
  "Triggers": [],
  "Execution Time": 577.584
}