[
  {
    "Bao": {
      "Bao prediction": 594.313,
      "Bao recommended hint": "SET enable_nestloop TO off; "
    }
  },
  {
    "Plan": {
      "Node Type": "Aggregate",
      "Strategy": "Plain",
      "Partial Mode": "Finalize",
      "Parallel Aware": false,
      "Startup Cost": 108101.47,
      "Total Cost": 108101.48,
      "Plan Rows": 1,
      "Plan Width": 64,
      "Actual Startup Time": 618.54,
      "Actual Total Time": 639.499,
      "Actual Rows": 1,
      "Actual Loops": 1,
      "Plans": [
        {
          "Node Type": "Gather",
          "Parent Relationship": "Outer",
          "Parallel Aware": false,
          "Startup Cost": 108101.04,
          "Total Cost": 108101.45,
          "Plan Rows": 4,
          "Plan Width": 64,
          "Actual Startup Time": 618.117,
          "Actual Total Time": 639.482,
          "Actual Rows": 5,
          "Actual Loops": 1,
          "Workers Planned": 4,
          "Workers Launched": 4,
          "Single Copy": false,
          "Plans": [
            {
              "Node Type": "Aggregate",
              "Strategy": "Plain",
              "Partial Mode": "Partial",
              "Parent Relationship": "Outer",
              "Parallel Aware": false,
              "Startup Cost": 107101.04,
              "Total Cost": 107101.05,
              "Plan Rows": 1,
              "Plan Width": 64,
              "Actual Startup Time": 605.698,
              "Actual Total Time": 605.712,
              "Actual Rows": 1,
              "Actual Loops": 5,
              "Plans": [
                {
                  "Node Type": "Hash Join",
                  "Parent Relationship": "Outer",
                  "Parallel Aware": true,
                  "Join Type": "Inner",
                  "Startup Cost": 61552.63,
                  "Total Cost": 107101.03,
                  "Plan Rows": 1,
                  "Plan Width": 23,
                  "Actual Startup Time": 450.21,
                  "Actual Total Time": 605.379,
                  "Actual Rows": 940,
                  "Actual Loops": 5,
                  "Inner Unique": false,
                  "Hash Cond": "(t.id = mi_idx.movie_id)",
                  "Plans": [
                    {
                      "Node Type": "Seq Scan",
                      "Parent Relationship": "Outer",
                      "Parallel Aware": true,
                      "Relation Name": "title",
                      "Alias": "t",
                      "Startup Cost": 0.0,
                      "Total Cost": 43899.59,
                      "Plan Rows": 439680,
                      "Plan Width": 21,
                      "Actual Startup Time": 0.027,
                      "Actual Total Time": 109.04,
                      "Actual Rows": 349806,
                      "Actual Loops": 5,
                      "Filter": "(production_year > 1990)",
                      "Rows Removed by Filter": 155856
                    },
                    {
                      "Node Type": "Hash",
                      "Parent Relationship": "Inner",
                      "Parallel Aware": true,
                      "Startup Cost": 61552.6,
                      "Total Cost": 61552.6,
                      "Plan Rows": 3,
                      "Plan Width": 14,
                      "Actual Startup Time": 447.004,
                      "Actual Total Time": 447.016,
                      "Actual Rows": 1618,
                      "Actual Loops": 5,
                      "Hash Buckets": 8192,
                      "Original Hash Buckets": 1024,
                      "Hash Batches": 1,
                      "Original Hash Batches": 1,
                      "Peak Memory Usage": 632,
                      "Plans": [
                        {
                          "Node Type": "Hash Join",
                          "Parent Relationship": "Outer",
                          "Parallel Aware": true,
                          "Join Type": "Inner",
                          "Startup Cost": 45508.67,
                          "Total Cost": 61552.6,
                          "Plan Rows": 3,
                          "Plan Width": 14,
                          "Actual Startup Time": 322.311,
                          "Actual Total Time": 408.375,
                          "Actual Rows": 1618,
                          "Actual Loops": 5,
                          "Inner Unique": false,
                          "Hash Cond": "(mi_idx.movie_id = mk.movie_id)",
                          "Plans": [
                            {
                              "Node Type": "Hash Join",
                              "Parent Relationship": "Outer",
                              "Parallel Aware": false,
                              "Join Type": "Inner",
                              "Startup Cost": 2.43,
                              "Total Cost": 16035.25,
                              "Plan Rows": 2958,
                              "Plan Width": 10,
                              "Actual Startup Time": 0.224,
                              "Actual Total Time": 72.762,
                              "Actual Rows": 89794,
                              "Actual Loops": 5,
                              "Inner Unique": true,
                              "Hash Cond": "(mi_idx.info_type_id = it.id)",
                              "Plans": [
                                {
                                  "Node Type": "Seq Scan",
                                  "Parent Relationship": "Outer",
                                  "Parallel Aware": true,
                                  "Relation Name": "movie_info_idx",
                                  "Alias": "mi_idx",
                                  "Startup Cost": 0.0,
                                  "Total Cost": 15122.68,
                                  "Plan Rows": 334190,
                                  "Plan Width": 14,
                                  "Actual Startup Time": 0.05,
                                  "Actual Total Time": 49.762,
                                  "Actual Rows": 161273,
                                  "Actual Loops": 5,
                                  "Filter": "(info > '2.0'::text)",
                                  "Rows Removed by Filter": 114734
                                },
                                {
                                  "Node Type": "Hash",
                                  "Parent Relationship": "Inner",
                                  "Parallel Aware": false,
                                  "Startup Cost": 2.41,
                                  "Total Cost": 2.41,
                                  "Plan Rows": 1,
                                  "Plan Width": 4,
                                  "Actual Startup Time": 0.099,
                                  "Actual Total Time": 0.101,
                                  "Actual Rows": 1,
                                  "Actual Loops": 5,
                                  "Hash Buckets": 1024,
                                  "Original Hash Buckets": 1024,
                                  "Hash Batches": 1,
                                  "Original Hash Batches": 1,
                                  "Peak Memory Usage": 9,
                                  "Plans": [
                                    {
                                      "Node Type": "Seq Scan",
                                      "Parent Relationship": "Outer",
                                      "Parallel Aware": false,
                                      "Relation Name": "info_type",
                                      "Alias": "it",
                                      "Startup Cost": 0.0,
                                      "Total Cost": 2.41,
                                      "Plan Rows": 1,
                                      "Plan Width": 4,
                                      "Actual Startup Time": 0.075,
                                      "Actual Total Time": 0.08,
                                      "Actual Rows": 1,
                                      "Actual Loops": 5,
                                      "Filter": "((info)::text = 'rating'::text)",
                                      "Rows Removed by Filter": 112
                                    }
                                  ]
                                }
                              ]
                            },
                            {
                              "Node Type": "Hash",
                              "Parent Relationship": "Inner",
                              "Parallel Aware": true,
                              "Startup Cost": 45504.48,
                              "Total Cost": 45504.48,
                              "Plan Rows": 141,
                              "Plan Width": 4,
                              "Actual Startup Time": 321.093,
                              "Actual Total Time": 321.098,
                              "Actual Rows": 2590,
                              "Actual Loops": 5,
                              "Hash Buckets": 16384,
                              "Original Hash Buckets": 1024,
                              "Hash Batches": 1,
                              "Original Hash Batches": 1,
                              "Peak Memory Usage": 888,
                              "Plans": [
                                {
                                  "Node Type": "Hash Join",
                                  "Parent Relationship": "Outer",
                                  "Parallel Aware": false,
                                  "Join Type": "Inner",
                                  "Startup Cost": 2626.29,
                                  "Total Cost": 45504.48,
                                  "Plan Rows": 141,
                                  "Plan Width": 4,
                                  "Actual Startup Time": 40.116,
                                  "Actual Total Time": 246.35,
                                  "Actual Rows": 2590,
                                  "Actual Loops": 5,
                                  "Inner Unique": true,
                                  "Hash Cond": "(mk.keyword_id = k.id)",
                                  "Plans": [
                                    {
                                      "Node Type": "Seq Scan",
                                      "Parent Relationship": "Outer",
                                      "Parallel Aware": true,
                                      "Relation Name": "movie_keyword",
                                      "Alias": "mk",
                                      "Startup Cost": 0.0,
                                      "Total Cost": 39047.32,
                                      "Plan Rows": 1459332,
                                      "Plan Width": 8,
                                      "Actual Startup Time": 0.042,
                                      "Actual Total Time": 117.063,
                                      "Actual Rows": 904786,
                                      "Actual Loops": 5
                                    },
                                    {
                                      "Node Type": "Hash",
                                      "Parent Relationship": "Inner",
                                      "Parallel Aware": false,
                                      "Startup Cost": 2626.12,
                                      "Total Cost": 2626.12,
                                      "Plan Rows": 13,
                                      "Plan Width": 4,
                                      "Actual Startup Time": 38.886,
                                      "Actual Total Time": 38.887,
                                      "Actual Rows": 30,
                                      "Actual Loops": 5,
                                      "Hash Buckets": 1024,
                                      "Original Hash Buckets": 1024,
                                      "Hash Batches": 1,
                                      "Original Hash Batches": 1,
                                      "Peak Memory Usage": 10,
                                      "Plans": [
                                        {
                                          "Node Type": "Seq Scan",
                                          "Parent Relationship": "Outer",
                                          "Parallel Aware": false,
                                          "Relation Name": "keyword",
                                          "Alias": "k",
                                          "Startup Cost": 0.0,
                                          "Total Cost": 2626.12,
                                          "Plan Rows": 13,
                                          "Plan Width": 4,
                                          "Actual Startup Time": 2.951,
                                          "Actual Total Time": 38.82,
                                          "Actual Rows": 30,
                                          "Actual Loops": 5,
                                          "Filter": "(keyword ~~ '%sequel%'::text)",
                                          "Rows Removed by Filter": 134140
                                        }
                                      ]
                                    }
                                  ]
                                }
                              ]
                            }
                          ]
                        }
                      ]
                    }
                  ]
                }
              ]
            }
          ]
        }
      ]
    },
    "Planning Time": 422.536,
    "Triggers": [],
    "Execution Time": 640.008
  }
]