[
  {
    "Plan": {
      "Node Type": "Aggregate",
      "Strategy": "Plain",
      "Partial Mode": "Finalize",
      "Parallel Aware": false,
      "Startup Cost": 33402.25,
      "Total Cost": 33402.26,
      "Plan Rows": 1,
      "Plan Width": 8,
      "Actual Startup Time": 81.575,
      "Actual Total Time": 87.531,
      "Actual Rows": 1,
      "Actual Loops": 1,
      "Plans": [
        {
          "Node Type": "Gather",
          "Parent Relationship": "Outer",
          "Parallel Aware": false,
          "Startup Cost": 33401.93,
          "Total Cost": 33402.24,
          "Plan Rows": 3,
          "Plan Width": 8,
          "Actual Startup Time": 81.468,
          "Actual Total Time": 87.525,
          "Actual Rows": 4,
          "Actual Loops": 1,
          "Workers Planned": 3,
          "Workers Launched": 3,
          "Single Copy": false,
          "Plans": [
            {
              "Node Type": "Aggregate",
              "Strategy": "Plain",
              "Partial Mode": "Partial",
              "Parent Relationship": "Outer",
              "Parallel Aware": false,
              "Startup Cost": 32401.93,
              "Total Cost": 32401.94,
              "Plan Rows": 1,
              "Plan Width": 8,
              "Actual Startup Time": 78.73,
              "Actual Total Time": 78.731,
              "Actual Rows": 1,
              "Actual Loops": 4,
              "Plans": [
                {
                  "Node Type": "Seq Scan",
                  "Parent Relationship": "Outer",
                  "Parallel Aware": true,
                  "Relation Name": "movie_companies",
                  "Alias": "mc",
                  "Startup Cost": 0.0,
                  "Total Cost": 31414.82,
                  "Plan Rows": 394845,
                  "Plan Width": 0,
                  "Actual Startup Time": 31.24,
                  "Actual Total Time": 66.033,
                  "Actual Rows": 322323,
                  "Actual Loops": 4,
                  "Filter": "((company_id > 68) AND (company_type_id > 1))",
                  "Rows Removed by Filter": 329959
                }
              ]
            }
          ]
        }
      ]
    },
    "Planning Time": 0.092,
    "Triggers": [],
    "Execution Time": 87.559
  }
]