[
  {
    "Plan": {
      "Node Type": "Aggregate",
      "Strategy": "Plain",
      "Partial Mode": "Finalize",
      "Parallel Aware": false,
      "Startup Cost": 33397.62,
      "Total Cost": 33397.63,
      "Plan Rows": 1,
      "Plan Width": 8,
      "Actual Startup Time": 111.734,
      "Actual Total Time": 117.002,
      "Actual Rows": 1,
      "Actual Loops": 1,
      "Plans": [
        {
          "Node Type": "Gather",
          "Parent Relationship": "Outer",
          "Parallel Aware": false,
          "Startup Cost": 33397.3,
          "Total Cost": 33397.61,
          "Plan Rows": 3,
          "Plan Width": 8,
          "Actual Startup Time": 111.391,
          "Actual Total Time": 116.993,
          "Actual Rows": 4,
          "Actual Loops": 1,
          "Workers Planned": 3,
          "Workers Launched": 3,
          "Single Copy": false,
          "Plans": [
            {
              "Node Type": "Aggregate",
              "Strategy": "Plain",
              "Partial Mode": "Partial",
              "Parent Relationship": "Outer",
              "Parallel Aware": false,
              "Startup Cost": 32397.3,
              "Total Cost": 32397.31,
              "Plan Rows": 1,
              "Plan Width": 8,
              "Actual Startup Time": 103.023,
              "Actual Total Time": 103.024,
              "Actual Rows": 1,
              "Actual Loops": 4,
              "Plans": [
                {
                  "Node Type": "Seq Scan",
                  "Parent Relationship": "Outer",
                  "Parallel Aware": true,
                  "Relation Name": "movie_companies",
                  "Alias": "mc",
                  "Startup Cost": 0.0,
                  "Total Cost": 31414.82,
                  "Plan Rows": 392993,
                  "Plan Width": 0,
                  "Actual Startup Time": 51.346,
                  "Actual Total Time": 89.54,
                  "Actual Rows": 322323,
                  "Actual Loops": 4,
                  "Filter": "((company_id > 68) AND (company_type_id > 1))",
                  "Rows Removed by Filter": 329959
                }
              ]
            }
          ]
        }
      ]
    },
    "Planning Time": 0.219,
    "Triggers": [],
    "Execution Time": 117.064
  }
]