[
  {
    "Plan": {
      "Node Type": "Aggregate",
      "Strategy": "Plain",
      "Partial Mode": "Finalize",
      "Parallel Aware": false,
      "Startup Cost": 33368.6,
      "Total Cost": 33368.61,
      "Plan Rows": 1,
      "Plan Width": 8,
      "Actual Startup Time": 103.779,
      "Actual Total Time": 109.35,
      "Actual Rows": 1,
      "Actual Loops": 1,
      "Plans": [
        {
          "Node Type": "Gather",
          "Parent Relationship": "Outer",
          "Parallel Aware": false,
          "Startup Cost": 33368.28,
          "Total Cost": 33368.59,
          "Plan Rows": 3,
          "Plan Width": 8,
          "Actual Startup Time": 103.67,
          "Actual Total Time": 109.342,
          "Actual Rows": 4,
          "Actual Loops": 1,
          "Workers Planned": 3,
          "Workers Launched": 3,
          "Single Copy": false,
          "Plans": [
            {
              "Node Type": "Aggregate",
              "Strategy": "Plain",
              "Partial Mode": "Partial",
              "Parent Relationship": "Outer",
              "Parallel Aware": false,
              "Startup Cost": 32368.28,
              "Total Cost": 32368.29,
              "Plan Rows": 1,
              "Plan Width": 8,
              "Actual Startup Time": 95.148,
              "Actual Total Time": 95.149,
              "Actual Rows": 1,
              "Actual Loops": 4,
              "Plans": [
                {
                  "Node Type": "Seq Scan",
                  "Parent Relationship": "Outer",
                  "Parallel Aware": true,
                  "Relation Name": "movie_companies",
                  "Alias": "mc",
                  "Startup Cost": 0.0,
                  "Total Cost": 31414.82,
                  "Plan Rows": 381386,
                  "Plan Width": 0,
                  "Actual Startup Time": 47.38,
                  "Actual Total Time": 84.034,
                  "Actual Rows": 263916,
                  "Actual Loops": 4,
                  "Filter": "((company_id < 96083) AND (company_type_id > 1))",
                  "Rows Removed by Filter": 388366
                }
              ]
            }
          ]
        }
      ]
    },
    "Planning Time": 0.186,
    "Triggers": [],
    "Execution Time": 109.401
  }
]