[
  {
    "Plan": {
      "Node Type": "Aggregate",
      "Strategy": "Plain",
      "Partial Mode": "Finalize",
      "Parallel Aware": false,
      "Startup Cost": 45008.03,
      "Total Cost": 45008.04,
      "Plan Rows": 1,
      "Plan Width": 8,
      "Actual Startup Time": 135.014,
      "Actual Total Time": 144.059,
      "Actual Rows": 1,
      "Actual Loops": 1,
      "Plans": [
        {
          "Node Type": "Gather",
          "Parent Relationship": "Outer",
          "Parallel Aware": false,
          "Startup Cost": 45007.72,
          "Total Cost": 45008.03,
          "Plan Rows": 3,
          "Plan Width": 8,
          "Actual Startup Time": 134.875,
          "Actual Total Time": 144.044,
          "Actual Rows": 4,
          "Actual Loops": 1,
          "Workers Planned": 3,
          "Workers Launched": 3,
          "Single Copy": false,
          "Plans": [
            {
              "Node Type": "Aggregate",
              "Strategy": "Plain",
              "Partial Mode": "Partial",
              "Parent Relationship": "Outer",
              "Parallel Aware": false,
              "Startup Cost": 44007.72,
              "Total Cost": 44007.73,
              "Plan Rows": 1,
              "Plan Width": 8,
              "Actual Startup Time": 129.478,
              "Actual Total Time": 129.479,
              "Actual Rows": 1,
              "Actual Loops": 4,
              "Plans": [
                {
                  "Node Type": "Seq Scan",
                  "Parent Relationship": "Outer",
                  "Parallel Aware": true,
                  "Relation Name": "movie_keyword",
                  "Alias": "mk",
                  "Startup Cost": 0.0,
                  "Total Cost": 42695.65,
                  "Plan Rows": 524825,
                  "Plan Width": 0,
                  "Actual Startup Time": 0.627,
                  "Actual Total Time": 109.987,
                  "Actual Rows": 403937,
                  "Actual Loops": 4,
                  "Filter": "(keyword_id > 9347)",
                  "Rows Removed by Filter": 727046
                }
              ]
            }
          ]
        }
      ]
    },
    "Planning Time": 0.181,
    "Triggers": [],
    "Execution Time": 144.121
  }
]