{
  "Plan": {
    "Node Type": "Aggregate",
    "Strategy": "Plain",
    "Partial Mode": "Finalize",
    "Parallel Aware": false,
    "Startup Cost": 157184.85,
    "Total Cost": 157184.86,
    "Plan Rows": 1,
    "Plan Width": 8,
    "Actual Startup Time": 1178.289,
    "Actual Total Time": 1260.711,
    "Actual Rows": 1,
    "Actual Loops": 1,
    "Plans": [
      {
        "Node Type": "Gather",
        "Parent Relationship": "Outer",
        "Parallel Aware": false,
        "Startup Cost": 157184.74,
        "Total Cost": 157184.85,
        "Plan Rows": 1,
        "Plan Width": 8,
        "Actual Startup Time": 1174.353,
        "Actual Total Time": 1260.702,
        "Actual Rows": 2,
        "Actual Loops": 1,
        "Workers Planned": 1,
        "Workers Launched": 1,
        "Single Copy": false,
        "Plans": [
          {
            "Node Type": "Aggregate",
            "Strategy": "Plain",
            "Partial Mode": "Partial",
            "Parent Relationship": "Outer",
            "Parallel Aware": false,
            "Startup Cost": 156184.74,
            "Total Cost": 156184.75,
            "Plan Rows": 1,
            "Plan Width": 8,
            "Actual Startup Time": 1166.354,
            "Actual Total Time": 1166.358,
            "Actual Rows": 1,
            "Actual Loops": 2,
            "Plans": [
              {
                "Node Type": "Nested Loop",
                "Parent Relationship": "Outer",
                "Parallel Aware": false,
                "Join Type": "Inner",
                "Startup Cost": 65180.75,
                "Total Cost": 155368.26,
                "Plan Rows": 326592,
                "Plan Width": 0,
                "Actual Startup Time": 348.237,
                "Actual Total Time": 1136.687,
                "Actual Rows": 639640,
                "Actual Loops": 2,
                "Inner Unique": false,
                "Plans": [
                  {
                    "Node Type": "Hash Join",
                    "Parent Relationship": "Outer",
                    "Parallel Aware": true,
                    "Join Type": "Inner",
                    "Startup Cost": 65180.19,
                    "Total Cost": 90357.07,
                    "Plan Rows": 22792,
                    "Plan Width": 8,
                    "Actual Startup Time": 348.142,
                    "Actual Total Time": 402.765,
                    "Actual Rows": 14914,
                    "Actual Loops": 2,
                    "Inner Unique": true,
                    "Hash Cond": "(mk.movie_id = t.id)",
                    "Plans": [
                      {
                        "Node Type": "Bitmap Heap Scan",
                        "Parent Relationship": "Outer",
                        "Parallel Aware": true,
                        "Relation Name": "movie_keyword",
                        "Alias": "mk",
                        "Startup Cost": 1726.11,
                        "Total Cost": 26777.53,
                        "Plan Rows": 47794,
                        "Plan Width": 4,
                        "Actual Startup Time": 8.606,
                        "Actual Total Time": 39.071,
                        "Actual Rows": 42480,
                        "Actual Loops": 2,
                        "Recheck Cond": "(keyword_id < 73)",
                        "Rows Removed by Index Recheck": 0,
                        "Exact Heap Blocks": 11963,
                        "Lossy Heap Blocks": 0,
                        "Plans": [
                          {
                            "Node Type": "Bitmap Index Scan",
                            "Parent Relationship": "Outer",
                            "Parallel Aware": false,
                            "Index Name": "keyword_id_movie_keyword",
                            "Startup Cost": 0.0,
                            "Total Cost": 1705.8,
                            "Plan Rows": 81249,
                            "Plan Width": 0,
                            "Actual Startup Time": 5.473,
                            "Actual Total Time": 5.473,
                            "Actual Rows": 84961,
                            "Actual Loops": 1,
                            "Index Cond": "(keyword_id < 73)"
                          }
                        ]
                      },
                      {
                        "Node Type": "Hash",
                        "Parent Relationship": "Inner",
                        "Parallel Aware": true,
                        "Startup Cost": 54588.39,
                        "Total Cost": 54588.39,
                        "Plan Rows": 709255,
                        "Plan Width": 4,
                        "Actual Startup Time": 324.9,
                        "Actual Total Time": 324.901,
                        "Actual Rows": 596259,
                        "Actual Loops": 2,
                        "Hash Buckets": 2097152,
                        "Original Hash Buckets": 2097152,
                        "Hash Batches": 1,
                        "Original Hash Batches": 1,
                        "Peak Memory Usage": 63072,
                        "Plans": [
                          {
                            "Node Type": "Seq Scan",
                            "Parent Relationship": "Outer",
                            "Parallel Aware": true,
                            "Relation Name": "title",
                            "Alias": "t",
                            "Startup Cost": 0.0,
                            "Total Cost": 54588.39,
                            "Plan Rows": 709255,
                            "Plan Width": 4,
                            "Actual Startup Time": 0.029,
                            "Actual Total Time": 163.037,
                            "Actual Rows": 596259,
                            "Actual Loops": 2,
                            "Filter": "(production_year > 2003)",
                            "Rows Removed by Filter": 667897
                          }
                        ]
                      }
                    ]
                  },
                  {
                    "Node Type": "Index Only Scan",
                    "Parent Relationship": "Inner",
                    "Parallel Aware": false,
                    "Scan Direction": "Forward",
                    "Index Name": "movie_id_cast_info",
                    "Relation Name": "cast_info",
                    "Alias": "ci",
                    "Startup Cost": 0.56,
                    "Total Cost": 2.48,
                    "Plan Rows": 37,
                    "Plan Width": 4,
                    "Actual Startup Time": 0.009,
                    "Actual Total Time": 0.046,
                    "Actual Rows": 43,
                    "Actual Loops": 29828,
                    "Index Cond": "(movie_id = t.id)",
                    "Rows Removed by Index Recheck": 0,
                    "Heap Fetches": 1279281
                  }
                ]
              }
            ]
          }
        ]
      }
    ]
  },
  "Planning Time": 1.067,
  "Triggers": [],
  "Execution Time": 1260.841
}