[
  {
    "Plan": {
      "Node Type": "Aggregate",
      "Strategy": "Plain",
      "Partial Mode": "Finalize",
      "Parallel Aware": false,
      "Startup Cost": 426272.21,
      "Total Cost": 426272.22,
      "Plan Rows": 1,
      "Plan Width": 8,
      "Actual Startup Time": 2035.694,
      "Actual Total Time": 2096.386,
      "Actual Rows": 1,
      "Actual Loops": 1,
      "Plans": [
        {
          "Node Type": "Gather",
          "Parent Relationship": "Outer",
          "Parallel Aware": false,
          "Startup Cost": 426271.59,
          "Total Cost": 426272.2,
          "Plan Rows": 6,
          "Plan Width": 8,
          "Actual Startup Time": 2020.724,
          "Actual Total Time": 2096.371,
          "Actual Rows": 7,
          "Actual Loops": 1,
          "Workers Planned": 6,
          "Workers Launched": 6,
          "Single Copy": false,
          "Plans": [
            {
              "Node Type": "Aggregate",
              "Strategy": "Plain",
              "Partial Mode": "Partial",
              "Parent Relationship": "Outer",
              "Parallel Aware": false,
              "Startup Cost": 425271.59,
              "Total Cost": 425271.6,
              "Plan Rows": 1,
              "Plan Width": 8,
              "Actual Startup Time": 2005.471,
              "Actual Total Time": 2005.84,
              "Actual Rows": 1,
              "Actual Loops": 7,
              "Plans": [
                {
                  "Node Type": "Hash Join",
                  "Parent Relationship": "Outer",
                  "Parallel Aware": true,
                  "Join Type": "Inner",
                  "Startup Cost": 70940.21,
                  "Total Cost": 421027.97,
                  "Plan Rows": 1697447,
                  "Plan Width": 0,
                  "Actual Startup Time": 464.714,
                  "Actual Total Time": 1880.603,
                  "Actual Rows": 3187798,
                  "Actual Loops": 7,
                  "Inner Unique": false,
                  "Hash Cond": "(ci.movie_id = t.id)",
                  "Plans": [
                    {
                      "Node Type": "Seq Scan",
                      "Parent Relationship": "Outer",
                      "Parallel Aware": true,
                      "Relation Name": "cast_info",
                      "Alias": "ci",
                      "Startup Cost": 0.0,
                      "Total Cost": 328162.03,
                      "Plan Rows": 3960808,
                      "Plan Width": 4,
                      "Actual Startup Time": 120.165,
                      "Actual Total Time": 576.003,
                      "Actual Rows": 3400898,
                      "Actual Loops": 7,
                      "Filter": "(person_id > 1226844)",
                      "Rows Removed by Filter": 1776866
                    },
                    {
                      "Node Type": "Hash",
                      "Parent Relationship": "Inner",
                      "Parallel Aware": true,
                      "Startup Cost": 65296.84,
                      "Total Cost": 65296.84,
                      "Plan Rows": 451470,
                      "Plan Width": 8,
                      "Actual Startup Time": 339.65,
                      "Actual Total Time": 340.018,
                      "Actual Rows": 154877,
                      "Actual Loops": 7,
                      "Hash Buckets": 2097152,
                      "Original Hash Buckets": 2097152,
                      "Hash Batches": 1,
                      "Original Hash Batches": 1,
                      "Peak Memory Usage": 58912,
                      "Plans": [
                        {
                          "Node Type": "Hash Join",
                          "Parent Relationship": "Outer",
                          "Parallel Aware": true,
                          "Join Type": "Inner",
                          "Startup Cost": 50102.28,
                          "Total Cost": 65296.84,
                          "Plan Rows": 451470,
                          "Plan Width": 8,
                          "Actual Startup Time": 213.995,
                          "Actual Total Time": 287.561,
                          "Actual Rows": 154877,
                          "Actual Loops": 7,
                          "Inner Unique": true,
                          "Hash Cond": "(mi_idx.movie_id = t.id)",
                          "Plans": [
                            {
                              "Node Type": "Seq Scan",
                              "Parent Relationship": "Outer",
                              "Parallel Aware": true,
                              "Relation Name": "movie_info_idx",
                              "Alias": "mi_idx",
                              "Startup Cost": 0.0,
                              "Total Cost": 13685.15,
                              "Plan Rows": 575015,
                              "Plan Width": 4,
                              "Actual Startup Time": 0.027,
                              "Actual Total Time": 18.568,
                              "Actual Rows": 197148,
                              "Actual Loops": 7
                            },
                            {
                              "Node Type": "Hash",
                              "Parent Relationship": "Inner",
                              "Parallel Aware": true,
                              "Startup Cost": 43898.92,
                              "Total Cost": 43898.92,
                              "Plan Rows": 496269,
                              "Plan Width": 4,
                              "Actual Startup Time": 211.75,
                              "Actual Total Time": 211.753,
                              "Actual Rows": 282374,
                              "Actual Loops": 7,
                              "Hash Buckets": 2097152,
                              "Original Hash Buckets": 2097152,
                              "Hash Batches": 1,
                              "Original Hash Batches": 1,
                              "Peak Memory Usage": 93824,
                              "Plans": [
                                {
                                  "Node Type": "Seq Scan",
                                  "Parent Relationship": "Outer",
                                  "Parallel Aware": true,
                                  "Relation Name": "title",
                                  "Alias": "t",
                                  "Startup Cost": 0.0,
                                  "Total Cost": 43898.92,
                                  "Plan Rows": 496269,
                                  "Plan Width": 4,
                                  "Actual Startup Time": 0.049,
                                  "Actual Total Time": 79.079,
                                  "Actual Rows": 282374,
                                  "Actual Loops": 7,
                                  "Filter": "(production_year > 1977)",
                                  "Rows Removed by Filter": 78814
                                }
                              ]
                            }
                          ]
                        }
                      ]
                    }
                  ]
                }
              ]
            }
          ]
        }
      ]
    },
    "Planning Time": 1.314,
    "Triggers": [],
    "Execution Time": 2096.491
  }
]