[
  {
    "Plan": {
      "Node Type": "Aggregate",
      "Strategy": "Plain",
      "Partial Mode": "Finalize",
      "Parallel Aware": false,
      "Startup Cost": 62264.6,
      "Total Cost": 62264.61,
      "Plan Rows": 1,
      "Plan Width": 8,
      "Actual Startup Time": 109.71,
      "Actual Total Time": 125.997,
      "Actual Rows": 1,
      "Actual Loops": 1,
      "Plans": [
        {
          "Node Type": "Gather",
          "Parent Relationship": "Outer",
          "Parallel Aware": false,
          "Startup Cost": 62264.18,
          "Total Cost": 62264.59,
          "Plan Rows": 4,
          "Plan Width": 8,
          "Actual Startup Time": 109.486,
          "Actual Total Time": 125.989,
          "Actual Rows": 5,
          "Actual Loops": 1,
          "Workers Planned": 4,
          "Workers Launched": 4,
          "Single Copy": false,
          "Plans": [
            {
              "Node Type": "Aggregate",
              "Strategy": "Plain",
              "Partial Mode": "Partial",
              "Parent Relationship": "Outer",
              "Parallel Aware": false,
              "Startup Cost": 61264.18,
              "Total Cost": 61264.19,
              "Plan Rows": 1,
              "Plan Width": 8,
              "Actual Startup Time": 99.728,
              "Actual Total Time": 99.73,
              "Actual Rows": 1,
              "Actual Loops": 5,
              "Plans": [
                {
                  "Node Type": "Nested Loop",
                  "Parent Relationship": "Outer",
                  "Parallel Aware": false,
                  "Join Type": "Inner",
                  "Startup Cost": 0.43,
                  "Total Cost": 61263.79,
                  "Plan Rows": 158,
                  "Plan Width": 0,
                  "Actual Startup Time": 60.496,
                  "Actual Total Time": 99.7,
                  "Actual Rows": 111,
                  "Actual Loops": 5,
                  "Inner Unique": false,
                  "Plans": [
                    {
                      "Node Type": "Seq Scan",
                      "Parent Relationship": "Outer",
                      "Parallel Aware": true,
                      "Relation Name": "title",
                      "Alias": "t",
                      "Startup Cost": 0.0,
                      "Total Cost": 43899.32,
                      "Plan Rows": 1243,
                      "Plan Width": 4,
                      "Actual Startup Time": 59.872,
                      "Actual Total Time": 86.737,
                      "Actual Rows": 919,
                      "Actual Loops": 5,
                      "Filter": "(production_year = 1910)",
                      "Rows Removed by Filter": 504743
                    },
                    {
                      "Node Type": "Index Scan",
                      "Parent Relationship": "Inner",
                      "Parallel Aware": false,
                      "Scan Direction": "Forward",
                      "Index Name": "movie_id_movie_companies",
                      "Relation Name": "movie_companies",
                      "Alias": "mc",
                      "Startup Cost": 0.43,
                      "Total Cost": 13.96,
                      "Plan Rows": 1,
                      "Plan Width": 4,
                      "Actual Startup Time": 0.013,
                      "Actual Total Time": 0.014,
                      "Actual Rows": 0,
                      "Actual Loops": 4597,
                      "Index Cond": "(movie_id = t.id)",
                      "Rows Removed by Index Recheck": 0,
                      "Filter": "(company_id > 91415)",
                      "Rows Removed by Filter": 2
                    }
                  ]
                }
              ]
            }
          ]
        }
      ]
    },
    "Planning Time": 0.194,
    "Triggers": [],
    "Execution Time": 126.028
  }
]