[
    {
        "Bao": {
            "Bao prediction": "NaN",
            "Bao recommended hint": "(no hint)"
        }
    },
    {
        "Plan": {
            "Node Type": "Aggregate",
            "Strategy": "Plain",
            "Partial Mode": "Finalize",
            "Parallel Aware": false,
            "Startup Cost": 24032.22,
            "Total Cost": 24032.23,
            "Plan Rows": 1,
            "Plan Width": 8,
            "Actual Startup Time": 49.372,
            "Actual Total Time": 53.089,
            "Actual Rows": 1,
            "Actual Loops": 1,
            "Output": [
                "count(*)"
            ],
            "Plans": [
                {
                    "Node Type": "Gather",
                    "Parent Relationship": "Outer",
                    "Parallel Aware": false,
                    "Startup Cost": 24031.91,
                    "Total Cost": 24032.22,
                    "Plan Rows": 3,
                    "Plan Width": 8,
                    "Actual Startup Time": 49.202,
                    "Actual Total Time": 53.08,
                    "Actual Rows": 4,
                    "Actual Loops": 1,
                    "Output": [
                        "(PARTIAL count(*))"
                    ],
                    "Workers Planned": 3,
                    "Workers Launched": 3,
                    "Single Copy": false,
                    "Plans": [
                        {
                            "Node Type": "Aggregate",
                            "Strategy": "Plain",
                            "Partial Mode": "Partial",
                            "Parent Relationship": "Outer",
                            "Parallel Aware": false,
                            "Startup Cost": 23031.91,
                            "Total Cost": 23031.92,
                            "Plan Rows": 1,
                            "Plan Width": 8,
                            "Actual Startup Time": 40.931,
                            "Actual Total Time": 40.932,
                            "Actual Rows": 1,
                            "Actual Loops": 4,
                            "Output": [
                                "PARTIAL count(*)"
                            ],
                            "Workers": [
                                {
                                    "Worker Number": 0,
                                    "Actual Startup Time": 38.091,
                                    "Actual Total Time": 38.092,
                                    "Actual Rows": 1,
                                    "Actual Loops": 1
                                },
                                {
                                    "Worker Number": 1,
                                    "Actual Startup Time": 38.259,
                                    "Actual Total Time": 38.261,
                                    "Actual Rows": 1,
                                    "Actual Loops": 1
                                },
                                {
                                    "Worker Number": 2,
                                    "Actual Startup Time": 38.469,
                                    "Actual Total Time": 38.47,
                                    "Actual Rows": 1,
                                    "Actual Loops": 1
                                }
                            ],
                            "Plans": [
                                {
                                    "Node Type": "Bitmap Heap Scan",
                                    "Parent Relationship": "Outer",
                                    "Parallel Aware": true,
                                    "Relation Name": "movie_companies",
                                    "Schema": "public",
                                    "Alias": "mc",
                                    "Startup Cost": 3467.99,
                                    "Total Cost": 22902.92,
                                    "Plan Rows": 51595,
                                    "Plan Width": 0,
                                    "Actual Startup Time": 4.834,
                                    "Actual Total Time": 37.163,
                                    "Actual Rows": 40620,
                                    "Actual Loops": 4,
                                    "Recheck Cond": "(mc.company_id < 30)",
                                    "Rows Removed by Index Recheck": 0,
                                    "Exact Heap Blocks": 6774,
                                    "Lossy Heap Blocks": 0,
                                    "Workers": [
                                        {
                                            "Worker Number": 0,
                                            "Actual Startup Time": 2.159,
                                            "Actual Total Time": 34.811,
                                            "Actual Rows": 27307,
                                            "Actual Loops": 1
                                        },
                                        {
                                            "Worker Number": 1,
                                            "Actual Startup Time": 2.265,
                                            "Actual Total Time": 34.944,
                                            "Actual Rows": 28316,
                                            "Actual Loops": 1
                                        },
                                        {
                                            "Worker Number": 2,
                                            "Actual Startup Time": 2.351,
                                            "Actual Total Time": 35.273,
                                            "Actual Rows": 26940,
                                            "Actual Loops": 1
                                        }
                                    ],
                                    "Plans": [
                                        {
                                            "Node Type": "Bitmap Index Scan",
                                            "Parent Relationship": "Outer",
                                            "Parallel Aware": false,
                                            "Index Name": "company_id_movie_companies",
                                            "Startup Cost": 0.0,
                                            "Total Cost": 3428.0,
                                            "Plan Rows": 159943,
                                            "Plan Width": 0,
                                            "Actual Startup Time": 9.855,
                                            "Actual Total Time": 9.856,
                                            "Actual Rows": 162479,
                                            "Actual Loops": 1,
                                            "Index Cond": "(mc.company_id < 30)"
                                        }
                                    ]
                                }
                            ]
                        }
                    ]
                }
            ]
        },
        "Planning Time": 310.77,
        "Triggers": [],
        "Execution Time": 53.146
    }
]