[
  {
    "Plan": {
      "Node Type": "Aggregate",
      "Strategy": "Plain",
      "Partial Mode": "Finalize",
      "Parallel Aware": false,
      "Startup Cost": 83305.9,
      "Total Cost": 83305.91,
      "Plan Rows": 1,
      "Plan Width": 8,
      "Actual Startup Time": 510.769,
      "Actual Total Time": 526.657,
      "Actual Rows": 1,
      "Actual Loops": 1,
      "Plans": [
        {
          "Node Type": "Gather",
          "Parent Relationship": "Outer",
          "Parallel Aware": false,
          "Startup Cost": 83305.58,
          "Total Cost": 83305.89,
          "Plan Rows": 3,
          "Plan Width": 8,
          "Actual Startup Time": 503.382,
          "Actual Total Time": 526.644,
          "Actual Rows": 4,
          "Actual Loops": 1,
          "Workers Planned": 3,
          "Workers Launched": 3,
          "Single Copy": false,
          "Plans": [
            {
              "Node Type": "Aggregate",
              "Strategy": "Plain",
              "Partial Mode": "Partial",
              "Parent Relationship": "Outer",
              "Parallel Aware": false,
              "Startup Cost": 82305.58,
              "Total Cost": 82305.59,
              "Plan Rows": 1,
              "Plan Width": 8,
              "Actual Startup Time": 494.947,
              "Actual Total Time": 494.952,
              "Actual Rows": 1,
              "Actual Loops": 4,
              "Plans": [
                {
                  "Node Type": "Hash Join",
                  "Parent Relationship": "Outer",
                  "Parallel Aware": true,
                  "Join Type": "Inner",
                  "Startup Cost": 49254.65,
                  "Total Cost": 81663.76,
                  "Plan Rows": 256728,
                  "Plan Width": 0,
                  "Actual Startup Time": 309.057,
                  "Actual Total Time": 485.807,
                  "Actual Rows": 172405,
                  "Actual Loops": 4,
                  "Inner Unique": true,
                  "Hash Cond": "(mc.movie_id = t.id)",
                  "Plans": [
                    {
                      "Node Type": "Seq Scan",
                      "Parent Relationship": "Outer",
                      "Parallel Aware": true,
                      "Relation Name": "movie_companies",
                      "Alias": "mc",
                      "Startup Cost": 0.0,
                      "Total Cost": 31414.82,
                      "Plan Rows": 378780,
                      "Plan Width": 4,
                      "Actual Startup Time": 0.024,
                      "Actual Total Time": 81.294,
                      "Actual Rows": 318562,
                      "Actual Loops": 4,
                      "Filter": "((company_id < 112288) AND (company_type_id = 1))",
                      "Rows Removed by Filter": 333721
                    },
                    {
                      "Node Type": "Hash",
                      "Parent Relationship": "Inner",
                      "Parallel Aware": true,
                      "Startup Cost": 43899.32,
                      "Total Cost": 43899.32,
                      "Plan Rows": 428426,
                      "Plan Width": 4,
                      "Actual Startup Time": 303.338,
                      "Actual Total Time": 303.339,
                      "Actual Rows": 425079,
                      "Actual Loops": 4,
                      "Hash Buckets": 2097152,
                      "Original Hash Buckets": 2097152,
                      "Hash Batches": 1,
                      "Original Hash Batches": 1,
                      "Peak Memory Usage": 82976,
                      "Plans": [
                        {
                          "Node Type": "Seq Scan",
                          "Parent Relationship": "Outer",
                          "Parallel Aware": true,
                          "Relation Name": "title",
                          "Alias": "t",
                          "Startup Cost": 0.0,
                          "Total Cost": 43899.32,
                          "Plan Rows": 428426,
                          "Plan Width": 4,
                          "Actual Startup Time": 0.053,
                          "Actual Total Time": 128.866,
                          "Actual Rows": 425079,
                          "Actual Loops": 4,
                          "Filter": "(production_year > 1992)",
                          "Rows Removed by Filter": 206999
                        }
                      ]
                    }
                  ]
                }
              ]
            }
          ]
        }
      ]
    },
    "Planning Time": 0.534,
    "Triggers": [],
    "Execution Time": 526.717
  }
]