{
  "Plan": {
    "Node Type": "Aggregate",
    "Strategy": "Plain",
    "Partial Mode": "Finalize",
    "Parallel Aware": false,
    "Startup Cost": 103712.83,
    "Total Cost": 103712.84,
    "Plan Rows": 1,
    "Plan Width": 8,
    "Actual Startup Time": 660.412,
    "Actual Total Time": 679.967,
    "Actual Rows": 1,
    "Actual Loops": 1,
    "Plans": [
      {
        "Node Type": "Gather",
        "Parent Relationship": "Outer",
        "Parallel Aware": false,
        "Startup Cost": 103712.72,
        "Total Cost": 103712.83,
        "Plan Rows": 1,
        "Plan Width": 8,
        "Actual Startup Time": 655.831,
        "Actual Total Time": 679.96,
        "Actual Rows": 2,
        "Actual Loops": 1,
        "Workers Planned": 1,
        "Workers Launched": 1,
        "Single Copy": false,
        "Plans": [
          {
            "Node Type": "Aggregate",
            "Strategy": "Plain",
            "Partial Mode": "Partial",
            "Parent Relationship": "Outer",
            "Parallel Aware": false,
            "Startup Cost": 102712.72,
            "Total Cost": 102712.73,
            "Plan Rows": 1,
            "Plan Width": 8,
            "Actual Startup Time": 642.733,
            "Actual Total Time": 642.736,
            "Actual Rows": 1,
            "Actual Loops": 2,
            "Plans": [
              {
                "Node Type": "Hash Join",
                "Parent Relationship": "Outer",
                "Parallel Aware": true,
                "Join Type": "Inner",
                "Startup Cost": 75371.43,
                "Total Cost": 102303.17,
                "Plan Rows": 163818,
                "Plan Width": 0,
                "Actual Startup Time": 531.872,
                "Actual Total Time": 636.26,
                "Actual Rows": 146742,
                "Actual Loops": 2,
                "Inner Unique": true,
                "Hash Cond": "(mk.movie_id = t.id)",
                "Plans": [
                  {
                    "Node Type": "Bitmap Heap Scan",
                    "Parent Relationship": "Outer",
                    "Parallel Aware": true,
                    "Relation Name": "movie_keyword",
                    "Alias": "mk",
                    "Startup Cost": 5910.73,
                    "Total Cost": 32412.45,
                    "Plan Rows": 163818,
                    "Plan Width": 4,
                    "Actual Startup Time": 17.783,
                    "Actual Total Time": 69.113,
                    "Actual Rows": 146742,
                    "Actual Loops": 2,
                    "Recheck Cond": "(keyword_id < 237)",
                    "Rows Removed by Index Recheck": 0,
                    "Exact Heap Blocks": 13934,
                    "Lossy Heap Blocks": 0,
                    "Plans": [
                      {
                        "Node Type": "Bitmap Index Scan",
                        "Parent Relationship": "Outer",
                        "Parallel Aware": false,
                        "Index Name": "keyword_id_movie_keyword",
                        "Startup Cost": 0.0,
                        "Total Cost": 5841.11,
                        "Plan Rows": 278490,
                        "Plan Width": 0,
                        "Actual Startup Time": 14.256,
                        "Actual Total Time": 14.256,
                        "Actual Rows": 293485,
                        "Actual Loops": 1,
                        "Index Cond": "(keyword_id < 237)"
                      }
                    ]
                  },
                  {
                    "Node Type": "Hash",
                    "Parent Relationship": "Inner",
                    "Parallel Aware": true,
                    "Startup Cost": 50870.31,
                    "Total Cost": 50870.31,
                    "Plan Rows": 1487231,
                    "Plan Width": 4,
                    "Actual Startup Time": 491.93,
                    "Actual Total Time": 491.931,
                    "Actual Rows": 1264156,
                    "Actual Loops": 2,
                    "Hash Buckets": 4194304,
                    "Original Hash Buckets": 4194304,
                    "Hash Batches": 1,
                    "Original Hash Batches": 1,
                    "Peak Memory Usage": 131712,
                    "Plans": [
                      {
                        "Node Type": "Seq Scan",
                        "Parent Relationship": "Outer",
                        "Parallel Aware": true,
                        "Relation Name": "title",
                        "Alias": "t",
                        "Startup Cost": 0.0,
                        "Total Cost": 50870.31,
                        "Plan Rows": 1487231,
                        "Plan Width": 4,
                        "Actual Startup Time": 0.025,
                        "Actual Total Time": 151.354,
                        "Actual Rows": 1264156,
                        "Actual Loops": 2
                      }
                    ]
                  }
                ]
              }
            ]
          }
        ]
      }
    ]
  },
  "Planning Time": 0.649,
  "Triggers": [],
  "Execution Time": 680.055
}