[
  {
    "Plan": {
      "Node Type": "Aggregate",
      "Strategy": "Plain",
      "Partial Mode": "Finalize",
      "Parallel Aware": false,
      "Startup Cost": 91524.99,
      "Total Cost": 91525.0,
      "Plan Rows": 1,
      "Plan Width": 8,
      "Actual Startup Time": 792.815,
      "Actual Total Time": 810.251,
      "Actual Rows": 1,
      "Actual Loops": 1,
      "Plans": [
        {
          "Node Type": "Gather",
          "Parent Relationship": "Outer",
          "Parallel Aware": false,
          "Startup Cost": 91524.78,
          "Total Cost": 91524.99,
          "Plan Rows": 2,
          "Plan Width": 8,
          "Actual Startup Time": 782.429,
          "Actual Total Time": 810.243,
          "Actual Rows": 3,
          "Actual Loops": 1,
          "Workers Planned": 2,
          "Workers Launched": 2,
          "Single Copy": false,
          "Plans": [
            {
              "Node Type": "Aggregate",
              "Strategy": "Plain",
              "Partial Mode": "Partial",
              "Parent Relationship": "Outer",
              "Parallel Aware": false,
              "Startup Cost": 90524.78,
              "Total Cost": 90524.79,
              "Plan Rows": 1,
              "Plan Width": 8,
              "Actual Startup Time": 773.914,
              "Actual Total Time": 773.92,
              "Actual Rows": 1,
              "Actual Loops": 3,
              "Plans": [
                {
                  "Node Type": "Hash Join",
                  "Parent Relationship": "Outer",
                  "Parallel Aware": true,
                  "Join Type": "Inner",
                  "Startup Cost": 74009.17,
                  "Total Cost": 90187.7,
                  "Plan Rows": 134831,
                  "Plan Width": 0,
                  "Actual Startup Time": 636.857,
                  "Actual Total Time": 765.251,
                  "Actual Rows": 153424,
                  "Actual Loops": 3,
                  "Inner Unique": false,
                  "Hash Cond": "(mi_idx.movie_id = t.id)",
                  "Plans": [
                    {
                      "Node Type": "Seq Scan",
                      "Parent Relationship": "Outer",
                      "Parallel Aware": true,
                      "Relation Name": "movie_info_idx",
                      "Alias": "mi_idx",
                      "Startup Cost": 0.0,
                      "Total Cost": 13685.15,
                      "Plan Rows": 575015,
                      "Plan Width": 4,
                      "Actual Startup Time": 0.02,
                      "Actual Total Time": 46.578,
                      "Actual Rows": 460012,
                      "Actual Loops": 3
                    },
                    {
                      "Node Type": "Hash",
                      "Parent Relationship": "Inner",
                      "Parallel Aware": true,
                      "Startup Cost": 72156.44,
                      "Total Cost": 72156.44,
                      "Plan Rows": 148218,
                      "Plan Width": 8,
                      "Actual Startup Time": 632.946,
                      "Actual Total Time": 632.95,
                      "Actual Rows": 150482,
                      "Actual Loops": 3,
                      "Hash Buckets": 1048576,
                      "Original Hash Buckets": 1048576,
                      "Hash Batches": 1,
                      "Original Hash Batches": 1,
                      "Peak Memory Usage": 25888,
                      "Plans": [
                        {
                          "Node Type": "Hash Join",
                          "Parent Relationship": "Outer",
                          "Parallel Aware": true,
                          "Join Type": "Inner",
                          "Startup Cost": 49738.17,
                          "Total Cost": 72156.44,
                          "Plan Rows": 148218,
                          "Plan Width": 8,
                          "Actual Startup Time": 385.967,
                          "Actual Total Time": 574.307,
                          "Actual Rows": 150482,
                          "Actual Loops": 3,
                          "Inner Unique": true,
                          "Hash Cond": "(ci.movie_id = t.id)",
                          "Plans": [
                            {
                              "Node Type": "Index Scan",
                              "Parent Relationship": "Outer",
                              "Parallel Aware": true,
                              "Scan Direction": "Forward",
                              "Index Name": "role_id_cast_info",
                              "Relation Name": "cast_info",
                              "Alias": "ci",
                              "Startup Cost": 0.56,
                              "Total Cost": 21892.28,
                              "Plan Rows": 200593,
                              "Plan Width": 4,
                              "Actual Startup Time": 0.295,
                              "Actual Total Time": 55.656,
                              "Actual Rows": 257891,
                              "Actual Loops": 3,
                              "Index Cond": "(role_id = 6)",
                              "Rows Removed by Index Recheck": 0
                            },
                            {
                              "Node Type": "Hash",
                              "Parent Relationship": "Inner",
                              "Parallel Aware": true,
                              "Startup Cost": 43899.32,
                              "Total Cost": 43899.32,
                              "Plan Rows": 467063,
                              "Plan Width": 4,
                              "Actual Startup Time": 379.558,
                              "Actual Total Time": 379.56,
                              "Actual Rows": 621829,
                              "Actual Loops": 3,
                              "Hash Buckets": 2097152,
                              "Original Hash Buckets": 2097152,
                              "Hash Batches": 1,
                              "Original Hash Batches": 1,
                              "Peak Memory Usage": 89408,
                              "Plans": [
                                {
                                  "Node Type": "Seq Scan",
                                  "Parent Relationship": "Outer",
                                  "Parallel Aware": true,
                                  "Relation Name": "title",
                                  "Alias": "t",
                                  "Startup Cost": 0.0,
                                  "Total Cost": 43899.32,
                                  "Plan Rows": 467063,
                                  "Plan Width": 4,
                                  "Actual Startup Time": 0.057,
                                  "Actual Total Time": 153.799,
                                  "Actual Rows": 621829,
                                  "Actual Loops": 3,
                                  "Filter": "(kind_id > 1)",
                                  "Rows Removed by Filter": 220942
                                }
                              ]
                            }
                          ]
                        }
                      ]
                    }
                  ]
                }
              ]
            }
          ]
        }
      ]
    },
    "Planning Time": 0.556,
    "Triggers": [],
    "Execution Time": 810.308
  }
]