{
  "Plan": {
    "Node Type": "Aggregate",
    "Strategy": "Plain",
    "Partial Mode": "Finalize",
    "Parallel Aware": false,
    "Startup Cost": 181050.04,
    "Total Cost": 181050.05,
    "Plan Rows": 1,
    "Plan Width": 8,
    "Actual Startup Time": 703.462,
    "Actual Total Time": 740.64,
    "Actual Rows": 1,
    "Actual Loops": 1,
    "Plans": [
      {
        "Node Type": "Gather",
        "Parent Relationship": "Outer",
        "Parallel Aware": false,
        "Startup Cost": 181049.93,
        "Total Cost": 181050.04,
        "Plan Rows": 1,
        "Plan Width": 8,
        "Actual Startup Time": 703.123,
        "Actual Total Time": 740.632,
        "Actual Rows": 2,
        "Actual Loops": 1,
        "Workers Planned": 1,
        "Workers Launched": 1,
        "Single Copy": false,
        "Plans": [
          {
            "Node Type": "Aggregate",
            "Strategy": "Plain",
            "Partial Mode": "Partial",
            "Parent Relationship": "Outer",
            "Parallel Aware": false,
            "Startup Cost": 180049.93,
            "Total Cost": 180049.94,
            "Plan Rows": 1,
            "Plan Width": 8,
            "Actual Startup Time": 697.012,
            "Actual Total Time": 697.016,
            "Actual Rows": 1,
            "Actual Loops": 2,
            "Plans": [
              {
                "Node Type": "Nested Loop",
                "Parent Relationship": "Outer",
                "Parallel Aware": false,
                "Join Type": "Inner",
                "Startup Cost": 58523.42,
                "Total Cost": 178940.31,
                "Plan Rows": 443846,
                "Plan Width": 0,
                "Actual Startup Time": 156.659,
                "Actual Total Time": 681.518,
                "Actual Rows": 329537,
                "Actual Loops": 2,
                "Inner Unique": false,
                "Join Filter": "(t.id = ci.movie_id)",
                "Rows Removed by Join Filter": 0,
                "Plans": [
                  {
                    "Node Type": "Hash Join",
                    "Parent Relationship": "Outer",
                    "Parallel Aware": true,
                    "Join Type": "Inner",
                    "Startup Cost": 58522.86,
                    "Total Cost": 116573.7,
                    "Plan Rows": 30975,
                    "Plan Width": 8,
                    "Actual Startup Time": 156.588,
                    "Actual Total Time": 461.171,
                    "Actual Rows": 13827,
                    "Actual Loops": 2,
                    "Inner Unique": true,
                    "Hash Cond": "(mk.movie_id = t.id)",
                    "Plans": [
                      {
                        "Node Type": "Seq Scan",
                        "Parent Relationship": "Outer",
                        "Parallel Aware": true,
                        "Relation Name": "movie_keyword",
                        "Alias": "mk",
                        "Startup Cost": 0.0,
                        "Total Cost": 51065.35,
                        "Plan Rows": 2661135,
                        "Plan Width": 4,
                        "Actual Startup Time": 0.011,
                        "Actual Total Time": 150.566,
                        "Actual Rows": 2261965,
                        "Actual Loops": 2
                      },
                      {
                        "Node Type": "Hash",
                        "Parent Relationship": "Inner",
                        "Parallel Aware": true,
                        "Startup Cost": 58306.47,
                        "Total Cost": 58306.47,
                        "Plan Rows": 17311,
                        "Plan Width": 4,
                        "Actual Startup Time": 155.227,
                        "Actual Total Time": 155.228,
                        "Actual Rows": 17598,
                        "Actual Loops": 2,
                        "Hash Buckets": 65536,
                        "Original Hash Buckets": 32768,
                        "Hash Batches": 1,
                        "Original Hash Batches": 1,
                        "Peak Memory Usage": 2176,
                        "Plans": [
                          {
                            "Node Type": "Seq Scan",
                            "Parent Relationship": "Outer",
                            "Parallel Aware": true,
                            "Relation Name": "title",
                            "Alias": "t",
                            "Startup Cost": 0.0,
                            "Total Cost": 58306.47,
                            "Plan Rows": 17311,
                            "Plan Width": 4,
                            "Actual Startup Time": 0.038,
                            "Actual Total Time": 144.353,
                            "Actual Rows": 17598,
                            "Actual Loops": 2,
                            "Filter": "((kind_id > 3) AND (production_year = 1998))",
                            "Rows Removed by Filter": 1246558
                          }
                        ]
                      }
                    ]
                  },
                  {
                    "Node Type": "Index Only Scan",
                    "Parent Relationship": "Inner",
                    "Parallel Aware": false,
                    "Scan Direction": "Forward",
                    "Index Name": "movie_id_cast_info",
                    "Relation Name": "cast_info",
                    "Alias": "ci",
                    "Startup Cost": 0.56,
                    "Total Cost": 1.55,
                    "Plan Rows": 37,
                    "Plan Width": 4,
                    "Actual Startup Time": 0.003,
                    "Actual Total Time": 0.014,
                    "Actual Rows": 24,
                    "Actual Loops": 27654,
                    "Index Cond": "(movie_id = mk.movie_id)",
                    "Rows Removed by Index Recheck": 0,
                    "Heap Fetches": 659074
                  }
                ]
              }
            ]
          }
        ]
      }
    ]
  },
  "Planning Time": 0.891,
  "Triggers": [],
  "Execution Time": 740.727
}