[
  {
    "Plan": {
      "Node Type": "Aggregate",
      "Strategy": "Plain",
      "Partial Mode": "Finalize",
      "Parallel Aware": false,
      "Startup Cost": 77281.53,
      "Total Cost": 77281.54,
      "Plan Rows": 1,
      "Plan Width": 8,
      "Actual Startup Time": 461.187,
      "Actual Total Time": 481.406,
      "Actual Rows": 1,
      "Actual Loops": 1,
      "Plans": [
        {
          "Node Type": "Gather",
          "Parent Relationship": "Outer",
          "Parallel Aware": false,
          "Startup Cost": 77281.21,
          "Total Cost": 77281.52,
          "Plan Rows": 3,
          "Plan Width": 8,
          "Actual Startup Time": 443.336,
          "Actual Total Time": 481.396,
          "Actual Rows": 4,
          "Actual Loops": 1,
          "Workers Planned": 3,
          "Workers Launched": 3,
          "Single Copy": false,
          "Plans": [
            {
              "Node Type": "Aggregate",
              "Strategy": "Plain",
              "Partial Mode": "Partial",
              "Parent Relationship": "Outer",
              "Parallel Aware": false,
              "Startup Cost": 76281.21,
              "Total Cost": 76281.22,
              "Plan Rows": 1,
              "Plan Width": 8,
              "Actual Startup Time": 431.132,
              "Actual Total Time": 431.136,
              "Actual Rows": 1,
              "Actual Loops": 4,
              "Plans": [
                {
                  "Node Type": "Hash Join",
                  "Parent Relationship": "Outer",
                  "Parallel Aware": true,
                  "Join Type": "Inner",
                  "Startup Cost": 55980.33,
                  "Total Cost": 76066.9,
                  "Plan Rows": 85724,
                  "Plan Width": 0,
                  "Actual Startup Time": 359.558,
                  "Actual Total Time": 428.145,
                  "Actual Rows": 65708,
                  "Actual Loops": 4,
                  "Inner Unique": true,
                  "Hash Cond": "(mc.movie_id = t.id)",
                  "Plans": [
                    {
                      "Node Type": "Bitmap Heap Scan",
                      "Parent Relationship": "Outer",
                      "Parallel Aware": true,
                      "Relation Name": "movie_companies",
                      "Alias": "mc",
                      "Startup Cost": 5759.95,
                      "Total Cost": 25621.49,
                      "Plan Rows": 85724,
                      "Plan Width": 4,
                      "Actual Startup Time": 14.569,
                      "Actual Total Time": 44.482,
                      "Actual Rows": 65708,
                      "Actual Loops": 4,
                      "Recheck Cond": "(company_id < 137)",
                      "Rows Removed by Index Recheck": 0,
                      "Exact Heap Blocks": 5984,
                      "Lossy Heap Blocks": 0,
                      "Plans": [
                        {
                          "Node Type": "Bitmap Index Scan",
                          "Parent Relationship": "Outer",
                          "Parallel Aware": false,
                          "Index Name": "company_id_movie_companies",
                          "Startup Cost": 0.0,
                          "Total Cost": 5693.51,
                          "Plan Rows": 265744,
                          "Plan Width": 0,
                          "Actual Startup Time": 12.037,
                          "Actual Total Time": 12.037,
                          "Actual Rows": 262833,
                          "Actual Loops": 1,
                          "Index Cond": "(company_id < 137)"
                        }
                      ]
                    },
                    {
                      "Node Type": "Hash",
                      "Parent Relationship": "Inner",
                      "Parallel Aware": true,
                      "Startup Cost": 42319.06,
                      "Total Cost": 42319.06,
                      "Plan Rows": 632106,
                      "Plan Width": 4,
                      "Actual Startup Time": 337.1,
                      "Actual Total Time": 337.101,
                      "Actual Rows": 632078,
                      "Actual Loops": 4,
                      "Hash Buckets": 4194304,
                      "Original Hash Buckets": 4194304,
                      "Hash Batches": 1,
                      "Original Hash Batches": 1,
                      "Peak Memory Usage": 131712,
                      "Plans": [
                        {
                          "Node Type": "Seq Scan",
                          "Parent Relationship": "Outer",
                          "Parallel Aware": true,
                          "Relation Name": "title",
                          "Alias": "t",
                          "Startup Cost": 0.0,
                          "Total Cost": 42319.06,
                          "Plan Rows": 632106,
                          "Plan Width": 4,
                          "Actual Startup Time": 0.035,
                          "Actual Total Time": 97.13,
                          "Actual Rows": 632078,
                          "Actual Loops": 4
                        }
                      ]
                    }
                  ]
                }
              ]
            }
          ]
        }
      ]
    },
    "Planning Time": 0.23,
    "Triggers": [],
    "Execution Time": 481.45
  }
]