[
  {
    "Plan": {
      "Node Type": "Aggregate",
      "Strategy": "Plain",
      "Partial Mode": "Finalize",
      "Parallel Aware": false,
      "Startup Cost": 89148.65,
      "Total Cost": 89148.66,
      "Plan Rows": 1,
      "Plan Width": 8,
      "Actual Startup Time": 240.357,
      "Actual Total Time": 260.723,
      "Actual Rows": 1,
      "Actual Loops": 1,
      "Plans": [
        {
          "Node Type": "Gather",
          "Parent Relationship": "Outer",
          "Parallel Aware": false,
          "Startup Cost": 89148.34,
          "Total Cost": 89148.65,
          "Plan Rows": 3,
          "Plan Width": 8,
          "Actual Startup Time": 240.008,
          "Actual Total Time": 260.717,
          "Actual Rows": 4,
          "Actual Loops": 1,
          "Workers Planned": 3,
          "Workers Launched": 3,
          "Single Copy": false,
          "Plans": [
            {
              "Node Type": "Aggregate",
              "Strategy": "Plain",
              "Partial Mode": "Partial",
              "Parent Relationship": "Outer",
              "Parallel Aware": false,
              "Startup Cost": 88148.34,
              "Total Cost": 88148.35,
              "Plan Rows": 1,
              "Plan Width": 8,
              "Actual Startup Time": 231.56,
              "Actual Total Time": 231.563,
              "Actual Rows": 1,
              "Actual Loops": 4,
              "Plans": [
                {
                  "Node Type": "Hash Join",
                  "Parent Relationship": "Outer",
                  "Parallel Aware": true,
                  "Join Type": "Inner",
                  "Startup Cost": 44008.36,
                  "Total Cost": 88129.6,
                  "Plan Rows": 7495,
                  "Plan Width": 0,
                  "Actual Startup Time": 98.608,
                  "Actual Total Time": 231.133,
                  "Actual Rows": 7563,
                  "Actual Loops": 4,
                  "Inner Unique": true,
                  "Hash Cond": "(mk.movie_id = t.id)",
                  "Plans": [
                    {
                      "Node Type": "Seq Scan",
                      "Parent Relationship": "Outer",
                      "Parallel Aware": true,
                      "Relation Name": "movie_keyword",
                      "Alias": "mk",
                      "Startup Cost": 0.0,
                      "Total Cost": 42695.65,
                      "Plan Rows": 543080,
                      "Plan Width": 4,
                      "Actual Startup Time": 0.026,
                      "Actual Total Time": 99.357,
                      "Actual Rows": 421599,
                      "Actual Loops": 4,
                      "Filter": "(keyword_id < 2625)",
                      "Rows Removed by Filter": 709384
                    },
                    {
                      "Node Type": "Hash",
                      "Parent Relationship": "Inner",
                      "Parallel Aware": true,
                      "Startup Cost": 43899.32,
                      "Total Cost": 43899.32,
                      "Plan Rows": 8723,
                      "Plan Width": 4,
                      "Actual Startup Time": 97.658,
                      "Actual Total Time": 97.659,
                      "Actual Rows": 9127,
                      "Actual Loops": 4,
                      "Hash Buckets": 65536,
                      "Original Hash Buckets": 65536,
                      "Hash Batches": 1,
                      "Original Hash Batches": 1,
                      "Peak Memory Usage": 2016,
                      "Plans": [
                        {
                          "Node Type": "Seq Scan",
                          "Parent Relationship": "Outer",
                          "Parallel Aware": true,
                          "Relation Name": "title",
                          "Alias": "t",
                          "Startup Cost": 0.0,
                          "Total Cost": 43899.32,
                          "Plan Rows": 8723,
                          "Plan Width": 4,
                          "Actual Startup Time": 0.083,
                          "Actual Total Time": 93.24,
                          "Actual Rows": 9127,
                          "Actual Loops": 4,
                          "Filter": "(production_year = 1996)",
                          "Rows Removed by Filter": 622951
                        }
                      ]
                    }
                  ]
                }
              ]
            }
          ]
        }
      ]
    },
    "Planning Time": 0.207,
    "Triggers": [],
    "Execution Time": 260.755
  }
]