{
  "Plan": {
    "Node Type": "Aggregate",
    "Strategy": "Plain",
    "Partial Mode": "Finalize",
    "Parallel Aware": false,
    "Startup Cost": 53629.2,
    "Total Cost": 53629.21,
    "Plan Rows": 1,
    "Plan Width": 8,
    "Actual Startup Time": 82.967,
    "Actual Total Time": 90.727,
    "Actual Rows": 1,
    "Actual Loops": 1,
    "Plans": [
      {
        "Node Type": "Gather",
        "Parent Relationship": "Outer",
        "Parallel Aware": false,
        "Startup Cost": 53629.09,
        "Total Cost": 53629.2,
        "Plan Rows": 1,
        "Plan Width": 8,
        "Actual Startup Time": 82.848,
        "Actual Total Time": 90.722,
        "Actual Rows": 2,
        "Actual Loops": 1,
        "Workers Planned": 1,
        "Workers Launched": 1,
        "Single Copy": false,
        "Plans": [
          {
            "Node Type": "Aggregate",
            "Strategy": "Plain",
            "Partial Mode": "Partial",
            "Parent Relationship": "Outer",
            "Parallel Aware": false,
            "Startup Cost": 52629.09,
            "Total Cost": 52629.1,
            "Plan Rows": 1,
            "Plan Width": 8,
            "Actual Startup Time": 76.931,
            "Actual Total Time": 76.932,
            "Actual Rows": 1,
            "Actual Loops": 2,
            "Plans": [
              {
                "Node Type": "Nested Loop",
                "Parent Relationship": "Outer",
                "Parallel Aware": false,
                "Join Type": "Inner",
                "Startup Cost": 1617.84,
                "Total Cost": 52626.28,
                "Plan Rows": 1121,
                "Plan Width": 0,
                "Actual Startup Time": 23.788,
                "Actual Total Time": 76.707,
                "Actual Rows": 2714,
                "Actual Loops": 2,
                "Inner Unique": false,
                "Plans": [
                  {
                    "Node Type": "Bitmap Heap Scan",
                    "Parent Relationship": "Outer",
                    "Parallel Aware": true,
                    "Relation Name": "title",
                    "Alias": "t",
                    "Startup Cost": 1617.41,
                    "Total Cost": 38415.54,
                    "Plan Rows": 2054,
                    "Plan Width": 4,
                    "Actual Startup Time": 23.622,
                    "Actual Total Time": 66.651,
                    "Actual Rows": 1812,
                    "Actual Loops": 2,
                    "Recheck Cond": "(kind_id = 2)",
                    "Rows Removed by Index Recheck": 0,
                    "Filter": "(production_year = 2005)",
                    "Rows Removed by Filter": 43614,
                    "Exact Heap Blocks": 19438,
                    "Lossy Heap Blocks": 0,
                    "Plans": [
                      {
                        "Node Type": "Bitmap Index Scan",
                        "Parent Relationship": "Outer",
                        "Parallel Aware": false,
                        "Index Name": "kind_id_title",
                        "Startup Cost": 0.0,
                        "Total Cost": 1616.54,
                        "Plan Rows": 90681,
                        "Plan Width": 0,
                        "Actual Startup Time": 20.009,
                        "Actual Total Time": 20.009,
                        "Actual Rows": 90852,
                        "Actual Loops": 1,
                        "Index Cond": "(kind_id = 2)"
                      }
                    ]
                  },
                  {
                    "Node Type": "Index Only Scan",
                    "Parent Relationship": "Inner",
                    "Parallel Aware": false,
                    "Scan Direction": "Forward",
                    "Index Name": "movie_id_movie_info_idx",
                    "Relation Name": "movie_info_idx",
                    "Alias": "mi_idx",
                    "Startup Cost": 0.43,
                    "Total Cost": 6.89,
                    "Plan Rows": 3,
                    "Plan Width": 4,
                    "Actual Startup Time": 0.005,
                    "Actual Total Time": 0.005,
                    "Actual Rows": 1,
                    "Actual Loops": 3625,
                    "Index Cond": "(movie_id = t.id)",
                    "Rows Removed by Index Recheck": 0,
                    "Heap Fetches": 5427
                  }
                ]
              }
            ]
          }
        ]
      }
    ]
  },
  "Planning Time": 0.444,
  "Triggers": [],
  "Execution Time": 90.816
}