[
  {
    "Plan": {
      "Node Type": "Aggregate",
      "Strategy": "Plain",
      "Partial Mode": "Finalize",
      "Parallel Aware": false,
      "Startup Cost": 32629.64,
      "Total Cost": 32629.65,
      "Plan Rows": 1,
      "Plan Width": 8,
      "Actual Startup Time": 109.416,
      "Actual Total Time": 120.073,
      "Actual Rows": 1,
      "Actual Loops": 1,
      "Plans": [
        {
          "Node Type": "Gather",
          "Parent Relationship": "Outer",
          "Parallel Aware": false,
          "Startup Cost": 32629.32,
          "Total Cost": 32629.63,
          "Plan Rows": 3,
          "Plan Width": 8,
          "Actual Startup Time": 109.155,
          "Actual Total Time": 120.063,
          "Actual Rows": 4,
          "Actual Loops": 1,
          "Workers Planned": 3,
          "Workers Launched": 3,
          "Single Copy": false,
          "Plans": [
            {
              "Node Type": "Aggregate",
              "Strategy": "Plain",
              "Partial Mode": "Partial",
              "Parent Relationship": "Outer",
              "Parallel Aware": false,
              "Startup Cost": 31629.32,
              "Total Cost": 31629.33,
              "Plan Rows": 1,
              "Plan Width": 8,
              "Actual Startup Time": 100.742,
              "Actual Total Time": 100.745,
              "Actual Rows": 1,
              "Actual Loops": 4,
              "Plans": [
                {
                  "Node Type": "Seq Scan",
                  "Parent Relationship": "Outer",
                  "Parallel Aware": true,
                  "Relation Name": "movie_companies",
                  "Alias": "mc",
                  "Startup Cost": 0.0,
                  "Total Cost": 31414.82,
                  "Plan Rows": 85802,
                  "Plan Width": 0,
                  "Actual Startup Time": 0.054,
                  "Actual Total Time": 92.272,
                  "Actual Rows": 99795,
                  "Actual Loops": 4,
                  "Filter": "((company_id < 531) AND (company_type_id < 2))",
                  "Rows Removed by Filter": 552487
                }
              ]
            }
          ]
        }
      ]
    },
    "Planning Time": 0.196,
    "Triggers": [],
    "Execution Time": 120.128
  }
]