[
  {
    "Plan": {
      "Node Type": "Aggregate",
      "Strategy": "Plain",
      "Partial Mode": "Finalize",
      "Parallel Aware": false,
      "Startup Cost": 81919.34,
      "Total Cost": 81919.35,
      "Plan Rows": 1,
      "Plan Width": 8,
      "Actual Startup Time": 247.826,
      "Actual Total Time": 254.797,
      "Actual Rows": 1,
      "Actual Loops": 1,
      "Plans": [
        {
          "Node Type": "Gather",
          "Parent Relationship": "Outer",
          "Parallel Aware": false,
          "Startup Cost": 81918.92,
          "Total Cost": 81919.33,
          "Plan Rows": 4,
          "Plan Width": 8,
          "Actual Startup Time": 245.618,
          "Actual Total Time": 254.79,
          "Actual Rows": 5,
          "Actual Loops": 1,
          "Workers Planned": 4,
          "Workers Launched": 4,
          "Single Copy": false,
          "Plans": [
            {
              "Node Type": "Aggregate",
              "Strategy": "Plain",
              "Partial Mode": "Partial",
              "Parent Relationship": "Outer",
              "Parallel Aware": false,
              "Startup Cost": 80918.92,
              "Total Cost": 80918.93,
              "Plan Rows": 1,
              "Plan Width": 8,
              "Actual Startup Time": 236.915,
              "Actual Total Time": 236.918,
              "Actual Rows": 1,
              "Actual Loops": 5,
              "Plans": [
                {
                  "Node Type": "Hash Join",
                  "Parent Relationship": "Outer",
                  "Parallel Aware": true,
                  "Join Type": "Inner",
                  "Startup Cost": 33719.59,
                  "Total Cost": 80622.58,
                  "Plan Rows": 118535,
                  "Plan Width": 0,
                  "Actual Startup Time": 87.342,
                  "Actual Total Time": 234.053,
                  "Actual Rows": 57114,
                  "Actual Loops": 5,
                  "Inner Unique": false,
                  "Hash Cond": "(t.id = mc.movie_id)",
                  "Plans": [
                    {
                      "Node Type": "Seq Scan",
                      "Parent Relationship": "Outer",
                      "Parallel Aware": true,
                      "Relation Name": "title",
                      "Alias": "t",
                      "Startup Cost": 0.0,
                      "Total Cost": 43899.01,
                      "Plan Rows": 524322,
                      "Plan Width": 4,
                      "Actual Startup Time": 0.01,
                      "Actual Total Time": 72.119,
                      "Actual Rows": 420827,
                      "Actual Loops": 5,
                      "Filter": "(production_year > 1968)",
                      "Rows Removed by Filter": 84835
                    },
                    {
                      "Node Type": "Hash",
                      "Parent Relationship": "Inner",
                      "Parallel Aware": true,
                      "Startup Cost": 31414.82,
                      "Total Cost": 31414.82,
                      "Plan Rows": 184382,
                      "Plan Width": 4,
                      "Actual Startup Time": 85.199,
                      "Actual Total Time": 85.2,
                      "Actual Rows": 72161,
                      "Actual Loops": 5,
                      "Hash Buckets": 1048576,
                      "Original Hash Buckets": 1048576,
                      "Hash Batches": 1,
                      "Original Hash Batches": 1,
                      "Peak Memory Usage": 22400,
                      "Plans": [
                        {
                          "Node Type": "Seq Scan",
                          "Parent Relationship": "Outer",
                          "Parallel Aware": true,
                          "Relation Name": "movie_companies",
                          "Alias": "mc",
                          "Startup Cost": 0.0,
                          "Total Cost": 31414.82,
                          "Plan Rows": 184382,
                          "Plan Width": 4,
                          "Actual Startup Time": 37.098,
                          "Actual Total Time": 63.084,
                          "Actual Rows": 72161,
                          "Actual Loops": 5,
                          "Filter": "((company_id < 7879) AND (company_type_id = 2))",
                          "Rows Removed by Filter": 449665
                        }
                      ]
                    }
                  ]
                }
              ]
            }
          ]
        }
      ]
    },
    "Planning Time": 0.222,
    "Triggers": [],
    "Execution Time": 254.829
  }
]