[
  {
    "Plan": {
      "Node Type": "Aggregate",
      "Strategy": "Plain",
      "Partial Mode": "Finalize",
      "Parallel Aware": false,
      "Startup Cost": 45332.21,
      "Total Cost": 45332.22,
      "Plan Rows": 1,
      "Plan Width": 8,
      "Actual Startup Time": 157.946,
      "Actual Total Time": 168.508,
      "Actual Rows": 1,
      "Actual Loops": 1,
      "Plans": [
        {
          "Node Type": "Gather",
          "Parent Relationship": "Outer",
          "Parallel Aware": false,
          "Startup Cost": 45331.89,
          "Total Cost": 45332.2,
          "Plan Rows": 3,
          "Plan Width": 8,
          "Actual Startup Time": 157.826,
          "Actual Total Time": 168.499,
          "Actual Rows": 4,
          "Actual Loops": 1,
          "Workers Planned": 3,
          "Workers Launched": 3,
          "Single Copy": false,
          "Plans": [
            {
              "Node Type": "Aggregate",
              "Strategy": "Plain",
              "Partial Mode": "Partial",
              "Parent Relationship": "Outer",
              "Parallel Aware": false,
              "Startup Cost": 44331.89,
              "Total Cost": 44331.9,
              "Plan Rows": 1,
              "Plan Width": 8,
              "Actual Startup Time": 150.311,
              "Actual Total Time": 150.313,
              "Actual Rows": 1,
              "Actual Loops": 4,
              "Plans": [
                {
                  "Node Type": "Seq Scan",
                  "Parent Relationship": "Outer",
                  "Parallel Aware": true,
                  "Relation Name": "movie_keyword",
                  "Alias": "mk",
                  "Startup Cost": 0.0,
                  "Total Cost": 42695.65,
                  "Plan Rows": 654495,
                  "Plan Width": 0,
                  "Actual Startup Time": 0.615,
                  "Actual Total Time": 124.517,
                  "Actual Rows": 506396,
                  "Actual Loops": 4,
                  "Filter": "(keyword_id > 6101)",
                  "Rows Removed by Filter": 624586
                }
              ]
            }
          ]
        }
      ]
    },
    "Planning Time": 0.261,
    "Triggers": [],
    "Execution Time": 168.543
  }
]