[
  {
    "Plan": {
      "Node Type": "Aggregate",
      "Strategy": "Plain",
      "Partial Mode": "Finalize",
      "Parallel Aware": false,
      "Startup Cost": 33043.83,
      "Total Cost": 33043.84,
      "Plan Rows": 1,
      "Plan Width": 8,
      "Actual Startup Time": 90.333,
      "Actual Total Time": 98.151,
      "Actual Rows": 1,
      "Actual Loops": 1,
      "Plans": [
        {
          "Node Type": "Gather",
          "Parent Relationship": "Outer",
          "Parallel Aware": false,
          "Startup Cost": 33043.51,
          "Total Cost": 33043.82,
          "Plan Rows": 3,
          "Plan Width": 8,
          "Actual Startup Time": 90.239,
          "Actual Total Time": 98.143,
          "Actual Rows": 4,
          "Actual Loops": 1,
          "Workers Planned": 3,
          "Workers Launched": 3,
          "Single Copy": false,
          "Plans": [
            {
              "Node Type": "Aggregate",
              "Strategy": "Plain",
              "Partial Mode": "Partial",
              "Parent Relationship": "Outer",
              "Parallel Aware": false,
              "Startup Cost": 32043.51,
              "Total Cost": 32043.52,
              "Plan Rows": 1,
              "Plan Width": 8,
              "Actual Startup Time": 83.264,
              "Actual Total Time": 83.265,
              "Actual Rows": 1,
              "Actual Loops": 4,
              "Plans": [
                {
                  "Node Type": "Seq Scan",
                  "Parent Relationship": "Outer",
                  "Parallel Aware": true,
                  "Relation Name": "movie_companies",
                  "Alias": "mc",
                  "Startup Cost": 0.0,
                  "Total Cost": 31414.82,
                  "Plan Rows": 251478,
                  "Plan Width": 0,
                  "Actual Startup Time": 48.011,
                  "Actual Total Time": 78.262,
                  "Actual Rows": 122775,
                  "Actual Loops": 4,
                  "Filter": "((company_id < 14353) AND (company_type_id > 1))",
                  "Rows Removed by Filter": 529507
                }
              ]
            }
          ]
        }
      ]
    },
    "Planning Time": 0.218,
    "Triggers": [],
    "Execution Time": 98.21
  }
]