{
  "Plan": {
    "Node Type": "Aggregate",
    "Strategy": "Plain",
    "Partial Mode": "Finalize",
    "Parallel Aware": false,
    "Startup Cost": 596152.97,
    "Total Cost": 596152.98,
    "Plan Rows": 1,
    "Plan Width": 8,
    "Actual Startup Time": 3525.815,
    "Actual Total Time": 3566.707,
    "Actual Rows": 1,
    "Actual Loops": 1,
    "Plans": [
      {
        "Node Type": "Gather",
        "Parent Relationship": "Outer",
        "Parallel Aware": false,
        "Startup Cost": 596152.85,
        "Total Cost": 596152.96,
        "Plan Rows": 1,
        "Plan Width": 8,
        "Actual Startup Time": 3514.909,
        "Actual Total Time": 3566.698,
        "Actual Rows": 2,
        "Actual Loops": 1,
        "Workers Planned": 1,
        "Workers Launched": 1,
        "Single Copy": false,
        "Plans": [
          {
            "Node Type": "Aggregate",
            "Strategy": "Plain",
            "Partial Mode": "Partial",
            "Parent Relationship": "Outer",
            "Parallel Aware": false,
            "Startup Cost": 595152.85,
            "Total Cost": 595152.86,
            "Plan Rows": 1,
            "Plan Width": 8,
            "Actual Startup Time": 3503.174,
            "Actual Total Time": 3504.868,
            "Actual Rows": 1,
            "Actual Loops": 2,
            "Plans": [
              {
                "Node Type": "Hash Join",
                "Parent Relationship": "Outer",
                "Parallel Aware": true,
                "Join Type": "Inner",
                "Startup Cost": 263310.06,
                "Total Cost": 587068.54,
                "Plan Rows": 3233726,
                "Plan Width": 0,
                "Actual Startup Time": 1455.955,
                "Actual Total Time": 3108.947,
                "Actual Rows": 9761118,
                "Actual Loops": 2,
                "Inner Unique": false,
                "Hash Cond": "(ci.movie_id = t.id)",
                "Plans": [
                  {
                    "Node Type": "Bitmap Heap Scan",
                    "Parent Relationship": "Outer",
                    "Parallel Aware": true,
                    "Relation Name": "cast_info",
                    "Alias": "ci",
                    "Startup Cost": 111674.46,
                    "Total Cost": 401539.72,
                    "Plan Rows": 2974261,
                    "Plan Width": 4,
                    "Actual Startup Time": 191.386,
                    "Actual Total Time": 454.709,
                    "Actual Rows": 2609355,
                    "Actual Loops": 2,
                    "Recheck Cond": "(person_id < 504696)",
                    "Rows Removed by Index Recheck": 0,
                    "Exact Heap Blocks": 27990,
                    "Lossy Heap Blocks": 0,
                    "Plans": [
                      {
                        "Node Type": "Bitmap Index Scan",
                        "Parent Relationship": "Outer",
                        "Parallel Aware": false,
                        "Index Name": "person_id_cast_info",
                        "Startup Cost": 0.0,
                        "Total Cost": 110410.4,
                        "Plan Rows": 5056244,
                        "Plan Width": 0,
                        "Actual Startup Time": 182.01,
                        "Actual Total Time": 182.011,
                        "Actual Rows": 5218710,
                        "Actual Loops": 1,
                        "Index Cond": "(person_id < 504696)"
                      }
                    ]
                  },
                  {
                    "Node Type": "Hash",
                    "Parent Relationship": "Inner",
                    "Parallel Aware": true,
                    "Startup Cost": 131423.45,
                    "Total Cost": 131423.45,
                    "Plan Rows": 1616972,
                    "Plan Width": 8,
                    "Actual Startup Time": 1242.883,
                    "Actual Total Time": 1244.575,
                    "Actual Rows": 1369238,
                    "Actual Loops": 2,
                    "Hash Buckets": 4194304,
                    "Original Hash Buckets": 4194304,
                    "Hash Batches": 1,
                    "Original Hash Batches": 1,
                    "Peak Memory Usage": 139904,
                    "Plans": [
                      {
                        "Node Type": "Hash Join",
                        "Parent Relationship": "Outer",
                        "Parallel Aware": true,
                        "Join Type": "Inner",
                        "Startup Cost": 69460.7,
                        "Total Cost": 131423.45,
                        "Plan Rows": 1616972,
                        "Plan Width": 8,
                        "Actual Startup Time": 523.506,
                        "Actual Total Time": 989.028,
                        "Actual Rows": 1369238,
                        "Actual Loops": 2,
                        "Inner Unique": true,
                        "Hash Cond": "(mk.movie_id = t.id)",
                        "Plans": [
                          {
                            "Node Type": "Seq Scan",
                            "Parent Relationship": "Outer",
                            "Parallel Aware": true,
                            "Relation Name": "movie_keyword",
                            "Alias": "mk",
                            "Startup Cost": 0.0,
                            "Total Cost": 57718.19,
                            "Plan Rows": 1616972,
                            "Plan Width": 4,
                            "Actual Startup Time": 0.012,
                            "Actual Total Time": 209.001,
                            "Actual Rows": 1369238,
                            "Actual Loops": 2,
                            "Filter": "(keyword_id < 7773)",
                            "Rows Removed by Filter": 892727
                          },
                          {
                            "Node Type": "Hash",
                            "Parent Relationship": "Inner",
                            "Parallel Aware": true,
                            "Startup Cost": 50870.31,
                            "Total Cost": 50870.31,
                            "Plan Rows": 1487231,
                            "Plan Width": 4,
                            "Actual Startup Time": 511.449,
                            "Actual Total Time": 511.45,
                            "Actual Rows": 1264156,
                            "Actual Loops": 2,
                            "Hash Buckets": 4194304,
                            "Original Hash Buckets": 4194304,
                            "Hash Batches": 1,
                            "Original Hash Batches": 1,
                            "Peak Memory Usage": 131712,
                            "Plans": [
                              {
                                "Node Type": "Seq Scan",
                                "Parent Relationship": "Outer",
                                "Parallel Aware": true,
                                "Relation Name": "title",
                                "Alias": "t",
                                "Startup Cost": 0.0,
                                "Total Cost": 50870.31,
                                "Plan Rows": 1487231,
                                "Plan Width": 4,
                                "Actual Startup Time": 0.029,
                                "Actual Total Time": 154.168,
                                "Actual Rows": 1264156,
                                "Actual Loops": 2
                              }
                            ]
                          }
                        ]
                      }
                    ]
                  }
                ]
              }
            ]
          }
        ]
      }
    ]
  },
  "Planning Time": 1.069,
  "Triggers": [],
  "Execution Time": 3566.815
}