[
  {
    "Plan": {
      "Node Type": "Aggregate",
      "Strategy": "Plain",
      "Partial Mode": "Finalize",
      "Parallel Aware": false,
      "Startup Cost": 23925.3,
      "Total Cost": 23925.31,
      "Plan Rows": 1,
      "Plan Width": 8,
      "Actual Startup Time": 38.534,
      "Actual Total Time": 41.769,
      "Actual Rows": 1,
      "Actual Loops": 1,
      "Plans": [
        {
          "Node Type": "Gather",
          "Parent Relationship": "Outer",
          "Parallel Aware": false,
          "Startup Cost": 23924.98,
          "Total Cost": 23925.29,
          "Plan Rows": 3,
          "Plan Width": 8,
          "Actual Startup Time": 38.32,
          "Actual Total Time": 41.763,
          "Actual Rows": 4,
          "Actual Loops": 1,
          "Workers Planned": 3,
          "Workers Launched": 3,
          "Single Copy": false,
          "Plans": [
            {
              "Node Type": "Aggregate",
              "Strategy": "Plain",
              "Partial Mode": "Partial",
              "Parent Relationship": "Outer",
              "Parallel Aware": false,
              "Startup Cost": 22924.98,
              "Total Cost": 22924.99,
              "Plan Rows": 1,
              "Plan Width": 8,
              "Actual Startup Time": 32.992,
              "Actual Total Time": 32.994,
              "Actual Rows": 1,
              "Actual Loops": 4,
              "Plans": [
                {
                  "Node Type": "Bitmap Heap Scan",
                  "Parent Relationship": "Outer",
                  "Parallel Aware": true,
                  "Relation Name": "movie_companies",
                  "Alias": "mc",
                  "Startup Cost": 3325.03,
                  "Total Cost": 22861.41,
                  "Plan Rows": 25430,
                  "Plan Width": 0,
                  "Actual Startup Time": 9.909,
                  "Actual Total Time": 30.451,
                  "Actual Rows": 37618,
                  "Actual Loops": 4,
                  "Recheck Cond": "(company_id > 131884)",
                  "Rows Removed by Index Recheck": 0,
                  "Filter": "(company_type_id = 2)",
                  "Rows Removed by Filter": 0,
                  "Exact Heap Blocks": 1783,
                  "Lossy Heap Blocks": 0,
                  "Plans": [
                    {
                      "Node Type": "Bitmap Index Scan",
                      "Parent Relationship": "Outer",
                      "Parallel Aware": false,
                      "Index Name": "company_id_movie_companies",
                      "Startup Cost": 0.0,
                      "Total Cost": 3305.32,
                      "Plan Rows": 154252,
                      "Plan Width": 0,
                      "Actual Startup Time": 13.624,
                      "Actual Total Time": 13.625,
                      "Actual Rows": 150471,
                      "Actual Loops": 1,
                      "Index Cond": "(company_id > 131884)"
                    }
                  ]
                }
              ]
            }
          ]
        }
      ]
    },
    "Planning Time": 0.152,
    "Triggers": [],
    "Execution Time": 41.82
  }
]