{
  "Plan": {
    "Node Type": "Aggregate",
    "Strategy": "Plain",
    "Partial Mode": "Finalize",
    "Parallel Aware": false,
    "Startup Cost": 192333.14,
    "Total Cost": 192333.15,
    "Plan Rows": 1,
    "Plan Width": 8,
    "Actual Startup Time": 588.385,
    "Actual Total Time": 597.033,
    "Actual Rows": 1,
    "Actual Loops": 1,
    "Plans": [
      {
        "Node Type": "Gather",
        "Parent Relationship": "Outer",
        "Parallel Aware": false,
        "Startup Cost": 192333.02,
        "Total Cost": 192333.13,
        "Plan Rows": 1,
        "Plan Width": 8,
        "Actual Startup Time": 588.128,
        "Actual Total Time": 597.026,
        "Actual Rows": 2,
        "Actual Loops": 1,
        "Workers Planned": 1,
        "Workers Launched": 1,
        "Single Copy": false,
        "Plans": [
          {
            "Node Type": "Aggregate",
            "Strategy": "Plain",
            "Partial Mode": "Partial",
            "Parent Relationship": "Outer",
            "Parallel Aware": false,
            "Startup Cost": 191333.02,
            "Total Cost": 191333.03,
            "Plan Rows": 1,
            "Plan Width": 8,
            "Actual Startup Time": 582.025,
            "Actual Total Time": 582.027,
            "Actual Rows": 1,
            "Actual Loops": 2,
            "Plans": [
              {
                "Node Type": "Nested Loop",
                "Parent Relationship": "Outer",
                "Parallel Aware": false,
                "Join Type": "Inner",
                "Startup Cost": 11876.21,
                "Total Cost": 191011.73,
                "Plan Rows": 128518,
                "Plan Width": 0,
                "Actual Startup Time": 38.728,
                "Actual Total Time": 565.434,
                "Actual Rows": 358138,
                "Actual Loops": 2,
                "Inner Unique": false,
                "Plans": [
                  {
                    "Node Type": "Bitmap Heap Scan",
                    "Parent Relationship": "Outer",
                    "Parallel Aware": true,
                    "Relation Name": "title",
                    "Alias": "t",
                    "Startup Cost": 11875.78,
                    "Total Cost": 53726.04,
                    "Plan Rows": 124536,
                    "Plan Width": 4,
                    "Actual Startup Time": 38.555,
                    "Actual Total Time": 99.836,
                    "Actual Rows": 170813,
                    "Actual Loops": 2,
                    "Recheck Cond": "(kind_id = 1)",
                    "Rows Removed by Index Recheck": 0,
                    "Filter": "(production_year < 1995)",
                    "Rows Removed by Filter": 160600,
                    "Exact Heap Blocks": 7018,
                    "Lossy Heap Blocks": 0,
                    "Plans": [
                      {
                        "Node Type": "Bitmap Index Scan",
                        "Parent Relationship": "Outer",
                        "Parallel Aware": false,
                        "Index Name": "kind_id_title",
                        "Startup Cost": 0.0,
                        "Total Cost": 11822.85,
                        "Plan Rows": 663256,
                        "Plan Width": 0,
                        "Actual Startup Time": 42.062,
                        "Actual Total Time": 42.063,
                        "Actual Rows": 662825,
                        "Actual Loops": 1,
                        "Index Cond": "(kind_id = 1)"
                      }
                    ]
                  },
                  {
                    "Node Type": "Index Only Scan",
                    "Parent Relationship": "Inner",
                    "Parallel Aware": false,
                    "Scan Direction": "Forward",
                    "Index Name": "movie_id_movie_companies",
                    "Relation Name": "movie_companies",
                    "Alias": "mc",
                    "Startup Cost": 0.43,
                    "Total Cost": 1.05,
                    "Plan Rows": 5,
                    "Plan Width": 4,
                    "Actual Startup Time": 0.002,
                    "Actual Total Time": 0.002,
                    "Actual Rows": 2,
                    "Actual Loops": 341626,
                    "Index Cond": "(movie_id = t.id)",
                    "Rows Removed by Index Recheck": 0,
                    "Heap Fetches": 716275
                  }
                ]
              }
            ]
          }
        ]
      }
    ]
  },
  "Planning Time": 0.738,
  "Triggers": [],
  "Execution Time": 597.132
}