[
  {
    "Plan": {
      "Node Type": "Aggregate",
      "Strategy": "Plain",
      "Partial Mode": "Finalize",
      "Parallel Aware": false,
      "Startup Cost": 352370.59,
      "Total Cost": 352370.6,
      "Plan Rows": 1,
      "Plan Width": 8,
      "Actual Startup Time": 771.909,
      "Actual Total Time": 815.136,
      "Actual Rows": 1,
      "Actual Loops": 1,
      "Plans": [
        {
          "Node Type": "Gather",
          "Parent Relationship": "Outer",
          "Parallel Aware": false,
          "Startup Cost": 352369.96,
          "Total Cost": 352370.57,
          "Plan Rows": 6,
          "Plan Width": 8,
          "Actual Startup Time": 771.684,
          "Actual Total Time": 815.124,
          "Actual Rows": 7,
          "Actual Loops": 1,
          "Workers Planned": 6,
          "Workers Launched": 6,
          "Single Copy": false,
          "Plans": [
            {
              "Node Type": "Aggregate",
              "Strategy": "Plain",
              "Partial Mode": "Partial",
              "Parent Relationship": "Outer",
              "Parallel Aware": false,
              "Startup Cost": 351369.96,
              "Total Cost": 351369.97,
              "Plan Rows": 1,
              "Plan Width": 8,
              "Actual Startup Time": 764.449,
              "Actual Total Time": 764.45,
              "Actual Rows": 1,
              "Actual Loops": 7,
              "Plans": [
                {
                  "Node Type": "Seq Scan",
                  "Parent Relationship": "Outer",
                  "Parallel Aware": true,
                  "Relation Name": "cast_info",
                  "Alias": "ci",
                  "Startup Cost": 0.0,
                  "Total Cost": 343316.27,
                  "Plan Rows": 3221476,
                  "Plan Width": 0,
                  "Actual Startup Time": 219.468,
                  "Actual Total Time": 652.835,
                  "Actual Rows": 2450618,
                  "Actual Loops": 7,
                  "Filter": "((person_id < 3012891) AND (role_id > 1))",
                  "Rows Removed by Filter": 2727146
                }
              ]
            }
          ]
        }
      ]
    },
    "Planning Time": 0.238,
    "Triggers": [],
    "Execution Time": 815.21
  }
]