{
  "Plan": {
    "Node Type": "Aggregate",
    "Strategy": "Plain",
    "Partial Mode": "Finalize",
    "Parallel Aware": false,
    "Startup Cost": 166235.97,
    "Total Cost": 166235.98,
    "Plan Rows": 1,
    "Plan Width": 8,
    "Actual Startup Time": 990.714,
    "Actual Total Time": 1011.603,
    "Actual Rows": 1,
    "Actual Loops": 1,
    "Plans": [
      {
        "Node Type": "Gather",
        "Parent Relationship": "Outer",
        "Parallel Aware": false,
        "Startup Cost": 166235.86,
        "Total Cost": 166235.97,
        "Plan Rows": 1,
        "Plan Width": 8,
        "Actual Startup Time": 990.519,
        "Actual Total Time": 1011.594,
        "Actual Rows": 2,
        "Actual Loops": 1,
        "Workers Planned": 1,
        "Workers Launched": 1,
        "Single Copy": false,
        "Plans": [
          {
            "Node Type": "Aggregate",
            "Strategy": "Plain",
            "Partial Mode": "Partial",
            "Parent Relationship": "Outer",
            "Parallel Aware": false,
            "Startup Cost": 165235.86,
            "Total Cost": 165235.87,
            "Plan Rows": 1,
            "Plan Width": 8,
            "Actual Startup Time": 984.486,
            "Actual Total Time": 984.487,
            "Actual Rows": 1,
            "Actual Loops": 2,
            "Plans": [
              {
                "Node Type": "Merge Join",
                "Parent Relationship": "Outer",
                "Parallel Aware": false,
                "Join Type": "Inner",
                "Startup Cost": 2.97,
                "Total Cost": 164559.01,
                "Plan Rows": 270740,
                "Plan Width": 0,
                "Actual Startup Time": 5.579,
                "Actual Total Time": 972.424,
                "Actual Rows": 284699,
                "Actual Loops": 2,
                "Inner Unique": false,
                "Merge Cond": "(t.id = mi_idx.movie_id)",
                "Plans": [
                  {
                    "Node Type": "Index Scan",
                    "Parent Relationship": "Outer",
                    "Parallel Aware": true,
                    "Scan Direction": "Forward",
                    "Index Name": "title_pkey",
                    "Relation Name": "title",
                    "Alias": "t",
                    "Startup Cost": 0.43,
                    "Total Cost": 103647.43,
                    "Plan Rows": 496009,
                    "Plan Width": 4,
                    "Actual Startup Time": 1.431,
                    "Actual Total Time": 622.761,
                    "Actual Rows": 424214,
                    "Actual Loops": 2,
                    "Filter": "(production_year < 1996)",
                    "Rows Removed by Filter": 838754
                  },
                  {
                    "Node Type": "Index Only Scan",
                    "Parent Relationship": "Inner",
                    "Parallel Aware": false,
                    "Scan Direction": "Forward",
                    "Index Name": "movie_id_movie_info_idx",
                    "Relation Name": "movie_info_idx",
                    "Alias": "mi_idx",
                    "Startup Cost": 0.43,
                    "Total Cost": 53620.22,
                    "Plan Rows": 1380035,
                    "Plan Width": 4,
                    "Actual Startup Time": 0.184,
                    "Actual Total Time": 251.122,
                    "Actual Rows": 1380035,
                    "Actual Loops": 2,
                    "Heap Fetches": 2760070
                  }
                ]
              }
            ]
          }
        ]
      }
    ]
  },
  "Planning Time": 0.644,
  "Triggers": [],
  "Execution Time": 1011.685
}