{
  "Plan": {
    "Node Type": "Aggregate",
    "Strategy": "Plain",
    "Partial Mode": "Simple",
    "Parallel Aware": false,
    "Startup Cost": 1238198.55,
    "Total Cost": 1238198.56,
    "Plan Rows": 1,
    "Plan Width": 96,
    "Actual Startup Time": 3988.791,
    "Actual Total Time": 4104.213,
    "Actual Rows": 1,
    "Actual Loops": 1,
    "Plans": [
      {
        "Node Type": "Gather",
        "Parent Relationship": "Outer",
        "Parallel Aware": false,
        "Startup Cost": 1163158.57,
        "Total Cost": 1238198.55,
        "Plan Rows": 1,
        "Plan Width": 48,
        "Actual Startup Time": 3754.797,
        "Actual Total Time": 4104.186,
        "Actual Rows": 15,
        "Actual Loops": 1,
        "Workers Planned": 1,
        "Workers Launched": 1,
        "Single Copy": false,
        "Plans": [
          {
            "Node Type": "Hash Join",
            "Parent Relationship": "Outer",
            "Parallel Aware": false,
            "Join Type": "Inner",
            "Startup Cost": 1162158.57,
            "Total Cost": 1237198.45,
            "Plan Rows": 1,
            "Plan Width": 48,
            "Actual Startup Time": 3861.941,
            "Actual Total Time": 3978.674,
            "Actual Rows": 8,
            "Actual Loops": 2,
            "Inner Unique": true,
            "Hash Cond": "(pi.info_type_id = it3.id)",
            "Plans": [
              {
                "Node Type": "Hash Join",
                "Parent Relationship": "Outer",
                "Parallel Aware": true,
                "Join Type": "Inner",
                "Startup Cost": 1162156.14,
                "Total Cost": 1237196.02,
                "Plan Rows": 1,
                "Plan Width": 52,
                "Actual Startup Time": 3744.508,
                "Actual Total Time": 3978.109,
                "Actual Rows": 1222,
                "Actual Loops": 2,
                "Inner Unique": false,
                "Hash Cond": "(pi.person_id = n.id)",
                "Plans": [
                  {
                    "Node Type": "Seq Scan",
                    "Parent Relationship": "Outer",
                    "Parallel Aware": true,
                    "Relation Name": "person_info",
                    "Alias": "pi",
                    "Startup Cost": 0.0,
                    "Total Cost": 68497.45,
                    "Plan Rows": 1744645,
                    "Plan Width": 8,
                    "Actual Startup Time": 0.006,
                    "Actual Total Time": 149.888,
                    "Actual Rows": 1481832,
                    "Actual Loops": 2
                  },
                  {
                    "Node Type": "Hash",
                    "Parent Relationship": "Inner",
                    "Parallel Aware": true,
                    "Startup Cost": 1162156.13,
                    "Total Cost": 1162156.13,
                    "Plan Rows": 1,
                    "Plan Width": 60,
                    "Actual Startup Time": 3738.064,
                    "Actual Total Time": 3738.127,
                    "Actual Rows": 8,
                    "Actual Loops": 2,
                    "Hash Buckets": 1024,
                    "Original Hash Buckets": 1024,
                    "Hash Batches": 1,
                    "Original Hash Batches": 1,
                    "Peak Memory Usage": 40,
                    "Plans": [
                      {
                        "Node Type": "Hash Join",
                        "Parent Relationship": "Outer",
                        "Parallel Aware": true,
                        "Join Type": "Inner",
                        "Startup Cost": 1143469.85,
                        "Total Cost": 1162156.13,
                        "Plan Rows": 1,
                        "Plan Width": 60,
                        "Actual Startup Time": 3704.018,
                        "Actual Total Time": 3738.065,
                        "Actual Rows": 8,
                        "Actual Loops": 2,
                        "Inner Unique": false,
                        "Hash Cond": "(an.person_id = n.id)",
                        "Plans": [
                          {
                            "Node Type": "Seq Scan",
                            "Parent Relationship": "Outer",
                            "Parallel Aware": true,
                            "Relation Name": "aka_name",
                            "Alias": "an",
                            "Startup Cost": 0.0,
                            "Total Cost": 16698.02,
                            "Plan Rows": 530202,
                            "Plan Width": 4,
                            "Actual Startup Time": 0.007,
                            "Actual Total Time": 41.306,
                            "Actual Rows": 450672,
                            "Actual Loops": 2
                          },
                          {
                            "Node Type": "Hash",
                            "Parent Relationship": "Inner",
                            "Parallel Aware": true,
                            "Startup Cost": 1143469.83,
                            "Total Cost": 1143469.83,
                            "Plan Rows": 1,
                            "Plan Width": 56,
                            "Actual Startup Time": 3668.651,
                            "Actual Total Time": 3668.711,
                            "Actual Rows": 2,
                            "Actual Loops": 2,
                            "Hash Buckets": 1024,
                            "Original Hash Buckets": 1024,
                            "Hash Batches": 1,
                            "Original Hash Batches": 1,
                            "Peak Memory Usage": 72,
                            "Plans": [
                              {
                                "Node Type": "Hash Join",
                                "Parent Relationship": "Outer",
                                "Parallel Aware": true,
                                "Join Type": "Inner",
                                "Startup Cost": 1138557.35,
                                "Total Cost": 1143469.83,
                                "Plan Rows": 1,
                                "Plan Width": 56,
                                "Actual Startup Time": 3654.052,
                                "Actual Total Time": 3668.682,
                                "Actual Rows": 2,
                                "Actual Loops": 2,
                                "Inner Unique": false,
                                "Hash Cond": "(cn.id = mc.company_id)",
                                "Plans": [
                                  {
                                    "Node Type": "Seq Scan",
                                    "Parent Relationship": "Outer",
                                    "Parallel Aware": true,
                                    "Relation Name": "company_name",
                                    "Alias": "cn",
                                    "Startup Cost": 0.0,
                                    "Total Cost": 4722.92,
                                    "Plan Rows": 50548,
                                    "Plan Width": 4,
                                    "Actual Startup Time": 0.019,
                                    "Actual Total Time": 14.203,
                                    "Actual Rows": 42422,
                                    "Actual Loops": 2,
                                    "Filter": "((country_code)::text = '[us]'::text)",
                                    "Rows Removed by Filter": 75077
                                  },
                                  {
                                    "Node Type": "Hash",
                                    "Parent Relationship": "Inner",
                                    "Parallel Aware": true,
                                    "Startup Cost": 1138557.34,
                                    "Total Cost": 1138557.34,
                                    "Plan Rows": 1,
                                    "Plan Width": 60,
                                    "Actual Startup Time": 3652.092,
                                    "Actual Total Time": 3652.147,
                                    "Actual Rows": 11,
                                    "Actual Loops": 2,
                                    "Hash Buckets": 1024,
                                    "Original Hash Buckets": 1024,
                                    "Hash Batches": 1,
                                    "Original Hash Batches": 1,
                                    "Peak Memory Usage": 72,
                                    "Plans": [
                                      {
                                        "Node Type": "Hash Join",
                                        "Parent Relationship": "Outer",
                                        "Parallel Aware": true,
                                        "Join Type": "Inner",
                                        "Startup Cost": 1098664.08,
                                        "Total Cost": 1138557.34,
                                        "Plan Rows": 1,
                                        "Plan Width": 60,
                                        "Actual Startup Time": 3591.625,
                                        "Actual Total Time": 3652.093,
                                        "Actual Rows": 11,
                                        "Actual Loops": 2,
                                        "Inner Unique": false,
                                        "Hash Cond": "(mc.movie_id = t.id)",
                                        "Plans": [
                                          {
                                            "Node Type": "Seq Scan",
                                            "Parent Relationship": "Outer",
                                            "Parallel Aware": true,
                                            "Relation Name": "movie_companies",
                                            "Alias": "mc",
                                            "Startup Cost": 0.0,
                                            "Total Cost": 34137.82,
                                            "Plan Rows": 1534782,
                                            "Plan Width": 8,
                                            "Actual Startup Time": 0.007,
                                            "Actual Total Time": 97.198,
                                            "Actual Rows": 1304564,
                                            "Actual Loops": 2
                                          },
                                          {
                                            "Node Type": "Hash",
                                            "Parent Relationship": "Inner",
                                            "Parallel Aware": true,
                                            "Startup Cost": 1098664.06,
                                            "Total Cost": 1098664.06,
                                            "Plan Rows": 1,
                                            "Plan Width": 76,
                                            "Actual Startup Time": 3475.356,
                                            "Actual Total Time": 3475.408,
                                            "Actual Rows": 0,
                                            "Actual Loops": 2,
                                            "Hash Buckets": 1024,
                                            "Original Hash Buckets": 1024,
                                            "Hash Batches": 1,
                                            "Original Hash Batches": 1,
                                            "Peak Memory Usage": 40,
                                            "Plans": [
                                              {
                                                "Node Type": "Hash Join",
                                                "Parent Relationship": "Outer",
                                                "Parallel Aware": false,
                                                "Join Type": "Inner",
                                                "Startup Cost": 826310.67,
                                                "Total Cost": 1098664.06,
                                                "Plan Rows": 1,
                                                "Plan Width": 76,
                                                "Actual Startup Time": 3269.524,
                                                "Actual Total Time": 3475.387,
                                                "Actual Rows": 0,
                                                "Actual Loops": 2,
                                                "Inner Unique": true,
                                                "Hash Cond": "(cc.subject_id = cct1.id)",
                                                "Plans": [
                                                  {
                                                    "Node Type": "Hash Join",
                                                    "Parent Relationship": "Outer",
                                                    "Parallel Aware": false,
                                                    "Join Type": "Inner",
                                                    "Startup Cost": 826309.61,
                                                    "Total Cost": 1098663.0,
                                                    "Plan Rows": 1,
                                                    "Plan Width": 80,
                                                    "Actual Startup Time": 3269.451,
                                                    "Actual Total Time": 3475.312,
                                                    "Actual Rows": 0,
                                                    "Actual Loops": 2,
                                                    "Inner Unique": true,
                                                    "Hash Cond": "(cc.status_id = cct2.id)",
                                                    "Plans": [
                                                      {
                                                        "Node Type": "Hash Join",
                                                        "Parent Relationship": "Outer",
                                                        "Parallel Aware": false,
                                                        "Join Type": "Inner",
                                                        "Startup Cost": 826308.55,
                                                        "Total Cost": 1098661.93,
                                                        "Plan Rows": 1,
                                                        "Plan Width": 84,
                                                        "Actual Startup Time": 3269.411,
                                                        "Actual Total Time": 3475.268,
                                                        "Actual Rows": 0,
                                                        "Actual Loops": 2,
                                                        "Inner Unique": false,
                                                        "Hash Cond": "(t.id = cc.movie_id)",
                                                        "Plans": [
                                                          {
                                                            "Node Type": "Hash Join",
                                                            "Parent Relationship": "Outer",
                                                            "Parallel Aware": false,
                                                            "Join Type": "Inner",
                                                            "Startup Cost": 822538.11,
                                                            "Total Cost": 1094891.48,
                                                            "Plan Rows": 1,
                                                            "Plan Width": 72,
                                                            "Actual Startup Time": 3207.995,
                                                            "Actual Total Time": 3413.85,
                                                            "Actual Rows": 0,
                                                            "Actual Loops": 2,
                                                            "Inner Unique": true,
                                                            "Hash Cond": "(mi.info_type_id = it.id)",
                                                            "Plans": [
                                                              {
                                                                "Node Type": "Hash Join",
                                                                "Parent Relationship": "Outer",
                                                                "Parallel Aware": true,
                                                                "Join Type": "Inner",
                                                                "Startup Cost": 822535.69,
                                                                "Total Cost": 1094889.06,
                                                                "Plan Rows": 1,
                                                                "Plan Width": 76,
                                                                "Actual Startup Time": 3207.943,
                                                                "Actual Total Time": 3413.795,
                                                                "Actual Rows": 0,
                                                                "Actual Loops": 2,
                                                                "Inner Unique": false,
                                                                "Hash Cond": "(mi.movie_id = t.id)",
                                                                "Plans": [
                                                                  {
                                                                    "Node Type": "Seq Scan",
                                                                    "Parent Relationship": "Outer",
                                                                    "Parallel Aware": true,
                                                                    "Relation Name": "movie_info",
                                                                    "Alias": "mi",
                                                                    "Startup Cost": 0.0,
                                                                    "Total Cost": 271320.25,
                                                                    "Plan Rows": 275496,
                                                                    "Plan Width": 8,
                                                                    "Actual Startup Time": 73.626,
                                                                    "Actual Total Time": 729.619,
                                                                    "Actual Rows": 193842,
                                                                    "Actual Loops": 2,
                                                                    "Filter": "(info ~~ 'USA:%200%'::text)",
                                                                    "Rows Removed by Filter": 7224018
                                                                  },
                                                                  {
                                                                    "Node Type": "Hash",
                                                                    "Parent Relationship": "Inner",
                                                                    "Parallel Aware": true,
                                                                    "Startup Cost": 822535.67,
                                                                    "Total Cost": 822535.67,
                                                                    "Plan Rows": 1,
                                                                    "Plan Width": 68,
                                                                    "Actual Startup Time": 2673.345,
                                                                    "Actual Total Time": 2673.385,
                                                                    "Actual Rows": 0,
                                                                    "Actual Loops": 2,
                                                                    "Hash Buckets": 1024,
                                                                    "Original Hash Buckets": 1024,
                                                                    "Hash Batches": 1,
                                                                    "Original Hash Batches": 1,
                                                                    "Peak Memory Usage": 40,
                                                                    "Plans": [
                                                                      {
                                                                        "Node Type": "Hash Join",
                                                                        "Parent Relationship": "Outer",
                                                                        "Parallel Aware": true,
                                                                        "Join Type": "Inner",
                                                                        "Startup Cost": 730130.34,
                                                                        "Total Cost": 822535.67,
                                                                        "Plan Rows": 1,
                                                                        "Plan Width": 68,
                                                                        "Actual Startup Time": 2596.112,
                                                                        "Actual Total Time": 2673.345,
                                                                        "Actual Rows": 0,
                                                                        "Actual Loops": 2,
                                                                        "Inner Unique": true,
                                                                        "Hash Cond": "(ci.person_role_id = chn.id)",
                                                                        "Plans": [
                                                                          {
                                                                            "Node Type": "Hash Join",
                                                                            "Parent Relationship": "Outer",
                                                                            "Parallel Aware": false,
                                                                            "Join Type": "Inner",
                                                                            "Startup Cost": 670592.24,
                                                                            "Total Cost": 762997.57,
                                                                            "Plan Rows": 1,
                                                                            "Plan Width": 56,
                                                                            "Actual Startup Time": 2440.936,
                                                                            "Actual Total Time": 2518.164,
                                                                            "Actual Rows": 0,
                                                                            "Actual Loops": 2,
                                                                            "Inner Unique": true,
                                                                            "Hash Cond": "(ci.role_id = rt.id)",
                                                                            "Plans": [
                                                                              {
                                                                                "Node Type": "Hash Join",
                                                                                "Parent Relationship": "Outer",
                                                                                "Parallel Aware": true,
                                                                                "Join Type": "Inner",
                                                                                "Startup Cost": 670591.08,
                                                                                "Total Cost": 762996.41,
                                                                                "Plan Rows": 1,
                                                                                "Plan Width": 60,
                                                                                "Actual Startup Time": 2440.869,
                                                                                "Actual Total Time": 2518.095,
                                                                                "Actual Rows": 0,
                                                                                "Actual Loops": 2,
                                                                                "Inner Unique": false,
                                                                                "Hash Cond": "(n.id = ci.person_id)",
                                                                                "Plans": [
                                                                                  {
                                                                                    "Node Type": "Seq Scan",
                                                                                    "Parent Relationship": "Outer",
                                                                                    "Parallel Aware": true,
                                                                                    "Relation Name": "name",
                                                                                    "Alias": "n",
                                                                                    "Startup Cost": 0.0,
                                                                                    "Total Cost": 92383.97,
                                                                                    "Plan Rows": 5691,
                                                                                    "Plan Width": 19,
                                                                                    "Actual Startup Time": 112.971,
                                                                                    "Actual Total Time": 267.345,
                                                                                    "Actual Rows": 25006,
                                                                                    "Actual Loops": 2,
                                                                                    "Filter": "((name ~~ '%An%'::text) AND ((gender)::text = 'f'::text))",
                                                                                    "Rows Removed by Filter": 2058740
                                                                                  },
                                                                                  {
                                                                                    "Node Type": "Hash",
                                                                                    "Parent Relationship": "Inner",
                                                                                    "Parallel Aware": true,
                                                                                    "Startup Cost": 670591.07,
                                                                                    "Total Cost": 670591.07,
                                                                                    "Plan Rows": 1,
                                                                                    "Plan Width": 41,
                                                                                    "Actual Startup Time": 2248.858,
                                                                                    "Actual Total Time": 2248.888,
                                                                                    "Actual Rows": 19,
                                                                                    "Actual Loops": 2,
                                                                                    "Hash Buckets": 1024,
                                                                                    "Original Hash Buckets": 1024,
                                                                                    "Hash Batches": 1,
                                                                                    "Original Hash Batches": 1,
                                                                                    "Peak Memory Usage": 72,
                                                                                    "Plans": [
                                                                                      {
                                                                                        "Node Type": "Hash Join",
                                                                                        "Parent Relationship": "Outer",
                                                                                        "Parallel Aware": true,
                                                                                        "Join Type": "Inner",
                                                                                        "Startup Cost": 122704.05,
                                                                                        "Total Cost": 670591.07,
                                                                                        "Plan Rows": 1,
                                                                                        "Plan Width": 41,
                                                                                        "Actual Startup Time": 526.774,
                                                                                        "Actual Total Time": 2248.803,
                                                                                        "Actual Rows": 19,
                                                                                        "Actual Loops": 2,
                                                                                        "Inner Unique": false,
                                                                                        "Hash Cond": "(ci.movie_id = t.id)",
                                                                                        "Plans": [
                                                                                          {
                                                                                            "Node Type": "Seq Scan",
                                                                                            "Parent Relationship": "Outer",
                                                                                            "Parallel Aware": true,
                                                                                            "Relation Name": "cast_info",
                                                                                            "Alias": "ci",
                                                                                            "Startup Cost": 0.0,
                                                                                            "Total Cost": 545948.81,
                                                                                            "Plan Rows": 516852,
                                                                                            "Plan Width": 16,
                                                                                            "Actual Startup Time": 0.032,
                                                                                            "Actual Total Time": 1702.898,
                                                                                            "Actual Rows": 418350,
                                                                                            "Actual Loops": 2,
                                                                                            "Filter": "(note = ANY ('{(voice),\"(voice) (uncredited)\",\"(voice: English version)\"}'::text[]))",
                                                                                            "Rows Removed by Filter": 17703822
                                                                                          },
                                                                                          {
                                                                                            "Node Type": "Hash",
                                                                                            "Parent Relationship": "Inner",
                                                                                            "Parallel Aware": true,
                                                                                            "Startup Cost": 122704.04,
                                                                                            "Total Cost": 122704.04,
                                                                                            "Plan Rows": 1,
                                                                                            "Plan Width": 25,
                                                                                            "Actual Startup Time": 516.193,
                                                                                            "Actual Total Time": 516.219,
                                                                                            "Actual Rows": 0,
                                                                                            "Actual Loops": 2,
                                                                                            "Hash Buckets": 1024,
                                                                                            "Original Hash Buckets": 1024,
                                                                                            "Hash Batches": 1,
                                                                                            "Original Hash Batches": 1,
                                                                                            "Peak Memory Usage": 40,
                                                                                            "Plans": [
                                                                                              {
                                                                                                "Node Type": "Hash Join",
                                                                                                "Parent Relationship": "Outer",
                                                                                                "Parallel Aware": true,
                                                                                                "Join Type": "Inner",
                                                                                                "Startup Cost": 64652.93,
                                                                                                "Total Cost": 122704.04,
                                                                                                "Plan Rows": 1,
                                                                                                "Plan Width": 25,
                                                                                                "Actual Startup Time": 471.8,
                                                                                                "Actual Total Time": 516.128,
                                                                                                "Actual Rows": 0,
                                                                                                "Actual Loops": 2,
                                                                                                "Inner Unique": true,
                                                                                                "Hash Cond": "(mk.movie_id = t.id)",
                                                                                                "Plans": [
                                                                                                  {
                                                                                                    "Node Type": "Hash Join",
                                                                                                    "Parent Relationship": "Outer",
                                                                                                    "Parallel Aware": false,
                                                                                                    "Join Type": "Inner",
                                                                                                    "Startup Cost": 2626.14,
                                                                                                    "Total Cost": 60677.19,
                                                                                                    "Plan Rows": 20,
                                                                                                    "Plan Width": 4,
                                                                                                    "Actual Startup Time": 14.383,
                                                                                                    "Actual Total Time": 357.266,
                                                                                                    "Actual Rows": 207,
                                                                                                    "Actual Loops": 2,
                                                                                                    "Inner Unique": true,
                                                                                                    "Hash Cond": "(mk.keyword_id = k.id)",
                                                                                                    "Plans": [
                                                                                                      {
                                                                                                        "Node Type": "Seq Scan",
                                                                                                        "Parent Relationship": "Outer",
                                                                                                        "Parallel Aware": true,
                                                                                                        "Relation Name": "movie_keyword",
                                                                                                        "Alias": "mk",
                                                                                                        "Startup Cost": 0.0,
                                                                                                        "Total Cost": 51065.35,
                                                                                                        "Plan Rows": 2661135,
                                                                                                        "Plan Width": 8,
                                                                                                        "Actual Startup Time": 0.013,
                                                                                                        "Actual Total Time": 178.432,
                                                                                                        "Actual Rows": 2261965,
                                                                                                        "Actual Loops": 2
                                                                                                      },
                                                                                                      {
                                                                                                        "Node Type": "Hash",
                                                                                                        "Parent Relationship": "Inner",
                                                                                                        "Parallel Aware": false,
                                                                                                        "Startup Cost": 2626.12,
                                                                                                        "Total Cost": 2626.12,
                                                                                                        "Plan Rows": 1,
                                                                                                        "Plan Width": 4,
                                                                                                        "Actual Startup Time": 12.183,
                                                                                                        "Actual Total Time": 12.184,
                                                                                                        "Actual Rows": 1,
                                                                                                        "Actual Loops": 2,
                                                                                                        "Hash Buckets": 1024,
                                                                                                        "Original Hash Buckets": 1024,
                                                                                                        "Hash Batches": 1,
                                                                                                        "Original Hash Batches": 1,
                                                                                                        "Peak Memory Usage": 9,
                                                                                                        "Plans": [
                                                                                                          {
                                                                                                            "Node Type": "Seq Scan",
                                                                                                            "Parent Relationship": "Outer",
                                                                                                            "Parallel Aware": false,
                                                                                                            "Relation Name": "keyword",
                                                                                                            "Alias": "k",
                                                                                                            "Startup Cost": 0.0,
                                                                                                            "Total Cost": 2626.12,
                                                                                                            "Plan Rows": 1,
                                                                                                            "Plan Width": 4,
                                                                                                            "Actual Startup Time": 0.075,
                                                                                                            "Actual Total Time": 12.176,
                                                                                                            "Actual Rows": 1,
                                                                                                            "Actual Loops": 2,
                                                                                                            "Filter": "(keyword = 'computer-animation'::text)",
                                                                                                            "Rows Removed by Filter": 134169
                                                                                                          }
                                                                                                        ]
                                                                                                      }
                                                                                                    ]
                                                                                                  },
                                                                                                  {
                                                                                                    "Node Type": "Hash",
                                                                                                    "Parent Relationship": "Inner",
                                                                                                    "Parallel Aware": true,
                                                                                                    "Startup Cost": 62026.77,
                                                                                                    "Total Cost": 62026.77,
                                                                                                    "Plan Rows": 2,
                                                                                                    "Plan Width": 21,
                                                                                                    "Actual Startup Time": 158.706,
                                                                                                    "Actual Total Time": 158.708,
                                                                                                    "Actual Rows": 1,
                                                                                                    "Actual Loops": 2,
                                                                                                    "Hash Buckets": 1024,
                                                                                                    "Original Hash Buckets": 1024,
                                                                                                    "Hash Batches": 1,
                                                                                                    "Original Hash Batches": 1,
                                                                                                    "Peak Memory Usage": 72,
                                                                                                    "Plans": [
                                                                                                      {
                                                                                                        "Node Type": "Seq Scan",
                                                                                                        "Parent Relationship": "Outer",
                                                                                                        "Parallel Aware": true,
                                                                                                        "Relation Name": "title",
                                                                                                        "Alias": "t",
                                                                                                        "Startup Cost": 0.0,
                                                                                                        "Total Cost": 62026.77,
                                                                                                        "Plan Rows": 2,
                                                                                                        "Plan Width": 21,
                                                                                                        "Actual Startup Time": 139.397,
                                                                                                        "Actual Total Time": 158.617,
                                                                                                        "Actual Rows": 1,
                                                                                                        "Actual Loops": 2,
                                                                                                        "Filter": "((production_year >= 2000) AND (production_year <= 2005) AND (title = 'Shrek 2'::text))",
                                                                                                        "Rows Removed by Filter": 1264155
                                                                                                      }
                                                                                                    ]
                                                                                                  }
                                                                                                ]
                                                                                              }
                                                                                            ]
                                                                                          }
                                                                                        ]
                                                                                      }
                                                                                    ]
                                                                                  }
                                                                                ]
                                                                              },
                                                                              {
                                                                                "Node Type": "Hash",
                                                                                "Parent Relationship": "Inner",
                                                                                "Parallel Aware": false,
                                                                                "Startup Cost": 1.15,
                                                                                "Total Cost": 1.15,
                                                                                "Plan Rows": 1,
                                                                                "Plan Width": 4,
                                                                                "Actual Startup Time": 0.033,
                                                                                "Actual Total Time": 0.034,
                                                                                "Actual Rows": 1,
                                                                                "Actual Loops": 2,
                                                                                "Hash Buckets": 1024,
                                                                                "Original Hash Buckets": 1024,
                                                                                "Hash Batches": 1,
                                                                                "Original Hash Batches": 1,
                                                                                "Peak Memory Usage": 9,
                                                                                "Plans": [
                                                                                  {
                                                                                    "Node Type": "Seq Scan",
                                                                                    "Parent Relationship": "Outer",
                                                                                    "Parallel Aware": false,
                                                                                    "Relation Name": "role_type",
                                                                                    "Alias": "rt",
                                                                                    "Startup Cost": 0.0,
                                                                                    "Total Cost": 1.15,
                                                                                    "Plan Rows": 1,
                                                                                    "Plan Width": 4,
                                                                                    "Actual Startup Time": 0.024,
                                                                                    "Actual Total Time": 0.026,
                                                                                    "Actual Rows": 1,
                                                                                    "Actual Loops": 2,
                                                                                    "Filter": "((role)::text = 'actress'::text)",
                                                                                    "Rows Removed by Filter": 11
                                                                                  }
                                                                                ]
                                                                              }
                                                                            ]
                                                                          },
                                                                          {
                                                                            "Node Type": "Hash",
                                                                            "Parent Relationship": "Inner",
                                                                            "Parallel Aware": true,
                                                                            "Startup Cost": 59538.09,
                                                                            "Total Cost": 59538.09,
                                                                            "Plan Rows": 1,
                                                                            "Plan Width": 20,
                                                                            "Actual Startup Time": 155.091,
                                                                            "Actual Total Time": 155.092,
                                                                            "Actual Rows": 0,
                                                                            "Actual Loops": 2,
                                                                            "Hash Buckets": 1024,
                                                                            "Original Hash Buckets": 1024,
                                                                            "Hash Batches": 1,
                                                                            "Original Hash Batches": 1,
                                                                            "Peak Memory Usage": 40,
                                                                            "Plans": [
                                                                              {
                                                                                "Node Type": "Seq Scan",
                                                                                "Parent Relationship": "Outer",
                                                                                "Parallel Aware": true,
                                                                                "Relation Name": "char_name",
                                                                                "Alias": "chn",
                                                                                "Startup Cost": 0.0,
                                                                                "Total Cost": 59538.09,
                                                                                "Plan Rows": 1,
                                                                                "Plan Width": 20,
                                                                                "Actual Startup Time": 75.489,
                                                                                "Actual Total Time": 155.065,
                                                                                "Actual Rows": 0,
                                                                                "Actual Loops": 2,
                                                                                "Filter": "(name = 'Queen'::text)",
                                                                                "Rows Removed by Filter": 1570169
                                                                              }
                                                                            ]
                                                                          }
                                                                        ]
                                                                      }
                                                                    ]
                                                                  }
                                                                ]
                                                              },
                                                              {
                                                                "Node Type": "Hash",
                                                                "Parent Relationship": "Inner",
                                                                "Parallel Aware": false,
                                                                "Startup Cost": 2.41,
                                                                "Total Cost": 2.41,
                                                                "Plan Rows": 1,
                                                                "Plan Width": 4,
                                                                "Actual Startup Time": 0.027,
                                                                "Actual Total Time": 0.028,
                                                                "Actual Rows": 1,
                                                                "Actual Loops": 2,
                                                                "Hash Buckets": 1024,
                                                                "Original Hash Buckets": 1024,
                                                                "Hash Batches": 1,
                                                                "Original Hash Batches": 1,
                                                                "Peak Memory Usage": 9,
                                                                "Plans": [
                                                                  {
                                                                    "Node Type": "Seq Scan",
                                                                    "Parent Relationship": "Outer",
                                                                    "Parallel Aware": false,
                                                                    "Relation Name": "info_type",
                                                                    "Alias": "it",
                                                                    "Startup Cost": 0.0,
                                                                    "Total Cost": 2.41,
                                                                    "Plan Rows": 1,
                                                                    "Plan Width": 4,
                                                                    "Actual Startup Time": 0.016,
                                                                    "Actual Total Time": 0.023,
                                                                    "Actual Rows": 1,
                                                                    "Actual Loops": 2,
                                                                    "Filter": "((info)::text = 'release dates'::text)",
                                                                    "Rows Removed by Filter": 112
                                                                  }
                                                                ]
                                                              }
                                                            ]
                                                          },
                                                          {
                                                            "Node Type": "Hash",
                                                            "Parent Relationship": "Inner",
                                                            "Parallel Aware": false,
                                                            "Startup Cost": 2081.86,
                                                            "Total Cost": 2081.86,
                                                            "Plan Rows": 135086,
                                                            "Plan Width": 12,
                                                            "Actual Startup Time": 59.645,
                                                            "Actual Total Time": 59.646,
                                                            "Actual Rows": 135086,
                                                            "Actual Loops": 2,
                                                            "Hash Buckets": 262144,
                                                            "Original Hash Buckets": 262144,
                                                            "Hash Batches": 1,
                                                            "Original Hash Batches": 1,
                                                            "Peak Memory Usage": 7853,
                                                            "Plans": [
                                                              {
                                                                "Node Type": "Seq Scan",
                                                                "Parent Relationship": "Outer",
                                                                "Parallel Aware": false,
                                                                "Relation Name": "complete_cast",
                                                                "Alias": "cc",
                                                                "Startup Cost": 0.0,
                                                                "Total Cost": 2081.86,
                                                                "Plan Rows": 135086,
                                                                "Plan Width": 12,
                                                                "Actual Startup Time": 0.049,
                                                                "Actual Total Time": 25.918,
                                                                "Actual Rows": 135086,
                                                                "Actual Loops": 2
                                                              }
                                                            ]
                                                          }
                                                        ]
                                                      },
                                                      {
                                                        "Node Type": "Hash",
                                                        "Parent Relationship": "Inner",
                                                        "Parallel Aware": false,
                                                        "Startup Cost": 1.05,
                                                        "Total Cost": 1.05,
                                                        "Plan Rows": 1,
                                                        "Plan Width": 4,
                                                        "Actual Startup Time": 0.018,
                                                        "Actual Total Time": 0.019,
                                                        "Actual Rows": 1,
                                                        "Actual Loops": 2,
                                                        "Hash Buckets": 1024,
                                                        "Original Hash Buckets": 1024,
                                                        "Hash Batches": 1,
                                                        "Original Hash Batches": 1,
                                                        "Peak Memory Usage": 9,
                                                        "Plans": [
                                                          {
                                                            "Node Type": "Seq Scan",
                                                            "Parent Relationship": "Outer",
                                                            "Parallel Aware": false,
                                                            "Relation Name": "comp_cast_type",
                                                            "Alias": "cct2",
                                                            "Startup Cost": 0.0,
                                                            "Total Cost": 1.05,
                                                            "Plan Rows": 1,
                                                            "Plan Width": 4,
                                                            "Actual Startup Time": 0.011,
                                                            "Actual Total Time": 0.012,
                                                            "Actual Rows": 1,
                                                            "Actual Loops": 2,
                                                            "Filter": "((kind)::text = 'complete+verified'::text)",
                                                            "Rows Removed by Filter": 3
                                                          }
                                                        ]
                                                      }
                                                    ]
                                                  },
                                                  {
                                                    "Node Type": "Hash",
                                                    "Parent Relationship": "Inner",
                                                    "Parallel Aware": false,
                                                    "Startup Cost": 1.05,
                                                    "Total Cost": 1.05,
                                                    "Plan Rows": 1,
                                                    "Plan Width": 4,
                                                    "Actual Startup Time": 0.044,
                                                    "Actual Total Time": 0.045,
                                                    "Actual Rows": 1,
                                                    "Actual Loops": 2,
                                                    "Hash Buckets": 1024,
                                                    "Original Hash Buckets": 1024,
                                                    "Hash Batches": 1,
                                                    "Original Hash Batches": 1,
                                                    "Peak Memory Usage": 9,
                                                    "Plans": [
                                                      {
                                                        "Node Type": "Seq Scan",
                                                        "Parent Relationship": "Outer",
                                                        "Parallel Aware": false,
                                                        "Relation Name": "comp_cast_type",
                                                        "Alias": "cct1",
                                                        "Startup Cost": 0.0,
                                                        "Total Cost": 1.05,
                                                        "Plan Rows": 1,
                                                        "Plan Width": 4,
                                                        "Actual Startup Time": 0.034,
                                                        "Actual Total Time": 0.036,
                                                        "Actual Rows": 1,
                                                        "Actual Loops": 2,
                                                        "Filter": "((kind)::text = 'cast'::text)",
                                                        "Rows Removed by Filter": 3
                                                      }
                                                    ]
                                                  }
                                                ]
                                              }
                                            ]
                                          }
                                        ]
                                      }
                                    ]
                                  }
                                ]
                              }
                            ]
                          }
                        ]
                      }
                    ]
                  }
                ]
              },
              {
                "Node Type": "Hash",
                "Parent Relationship": "Inner",
                "Parallel Aware": false,
                "Startup Cost": 2.41,
                "Total Cost": 2.41,
                "Plan Rows": 1,
                "Plan Width": 4,
                "Actual Startup Time": 0.084,
                "Actual Total Time": 0.085,
                "Actual Rows": 1,
                "Actual Loops": 2,
                "Hash Buckets": 1024,
                "Original Hash Buckets": 1024,
                "Hash Batches": 1,
                "Original Hash Batches": 1,
                "Peak Memory Usage": 9,
                "Plans": [
                  {
                    "Node Type": "Seq Scan",
                    "Parent Relationship": "Outer",
                    "Parallel Aware": false,
                    "Relation Name": "info_type",
                    "Alias": "it3",
                    "Startup Cost": 0.0,
                    "Total Cost": 2.41,
                    "Plan Rows": 1,
                    "Plan Width": 4,
                    "Actual Startup Time": 0.052,
                    "Actual Total Time": 0.068,
                    "Actual Rows": 1,
                    "Actual Loops": 2,
                    "Filter": "((info)::text = 'height'::text)",
                    "Rows Removed by Filter": 112
                  }
                ]
              }
            ]
          }
        ]
      }
    ]
  },
  "Planning Time": 4.348,
  "Triggers": [],
  "Execution Time": 4104.731
}