[
  {
    "Plan": {
      "Node Type": "Aggregate",
      "Strategy": "Plain",
      "Partial Mode": "Finalize",
      "Parallel Aware": false,
      "Startup Cost": 46937.38,
      "Total Cost": 46937.39,
      "Plan Rows": 1,
      "Plan Width": 8,
      "Actual Startup Time": 191.534,
      "Actual Total Time": 201.415,
      "Actual Rows": 1,
      "Actual Loops": 1,
      "Plans": [
        {
          "Node Type": "Gather",
          "Parent Relationship": "Outer",
          "Parallel Aware": false,
          "Startup Cost": 46937.06,
          "Total Cost": 46937.37,
          "Plan Rows": 3,
          "Plan Width": 8,
          "Actual Startup Time": 191.399,
          "Actual Total Time": 201.406,
          "Actual Rows": 4,
          "Actual Loops": 1,
          "Workers Planned": 3,
          "Workers Launched": 3,
          "Single Copy": false,
          "Plans": [
            {
              "Node Type": "Aggregate",
              "Strategy": "Plain",
              "Partial Mode": "Partial",
              "Parent Relationship": "Outer",
              "Parallel Aware": false,
              "Startup Cost": 45937.06,
              "Total Cost": 45937.07,
              "Plan Rows": 1,
              "Plan Width": 8,
              "Actual Startup Time": 183.247,
              "Actual Total Time": 183.248,
              "Actual Rows": 1,
              "Actual Loops": 4,
              "Plans": [
                {
                  "Node Type": "Seq Scan",
                  "Parent Relationship": "Outer",
                  "Parallel Aware": true,
                  "Relation Name": "movie_keyword",
                  "Alias": "mk",
                  "Startup Cost": 0.0,
                  "Total Cost": 42695.65,
                  "Plan Rows": 1296564,
                  "Plan Width": 0,
                  "Actual Startup Time": 0.058,
                  "Actual Total Time": 132.877,
                  "Actual Rows": 1007932,
                  "Actual Loops": 4,
                  "Filter": "(keyword_id < 36615)",
                  "Rows Removed by Filter": 123050
                }
              ]
            }
          ]
        }
      ]
    },
    "Planning Time": 0.151,
    "Triggers": [],
    "Execution Time": 201.464
  }
]