{
  "Plan": {
    "Node Type": "Aggregate",
    "Strategy": "Plain",
    "Partial Mode": "Simple",
    "Parallel Aware": false,
    "Startup Cost": 72371.21,
    "Total Cost": 72371.22,
    "Plan Rows": 1,
    "Plan Width": 8,
    "Actual Startup Time": 316.367,
    "Actual Total Time": 316.37,
    "Actual Rows": 1,
    "Actual Loops": 1,
    "Plans": [
      {
        "Node Type": "Hash Join",
        "Parent Relationship": "Outer",
        "Parallel Aware": false,
        "Join Type": "Inner",
        "Startup Cost": 71311.76,
        "Total Cost": 72370.93,
        "Plan Rows": 111,
        "Plan Width": 0,
        "Actual Startup Time": 316.332,
        "Actual Total Time": 316.363,
        "Actual Rows": 22,
        "Actual Loops": 1,
        "Inner Unique": true,
        "Hash Cond": "(ci.movie_id = t.id)",
        "Plans": [
          {
            "Node Type": "Index Scan",
            "Parent Relationship": "Outer",
            "Parallel Aware": false,
            "Scan Direction": "Forward",
            "Index Name": "person_id_cast_info",
            "Relation Name": "cast_info",
            "Alias": "ci",
            "Startup Cost": 0.56,
            "Total Cost": 1058.43,
            "Plan Rows": 497,
            "Plan Width": 4,
            "Actual Startup Time": 0.144,
            "Actual Total Time": 0.16,
            "Actual Rows": 23,
            "Actual Loops": 1,
            "Index Cond": "(person_id = 580254)",
            "Rows Removed by Index Recheck": 0
          },
          {
            "Node Type": "Hash",
            "Parent Relationship": "Inner",
            "Parallel Aware": false,
            "Startup Cost": 64243.47,
            "Total Cost": 64243.47,
            "Plan Rows": 565418,
            "Plan Width": 4,
            "Actual Startup Time": 314.468,
            "Actual Total Time": 314.469,
            "Actual Rows": 620439,
            "Actual Loops": 1,
            "Hash Buckets": 1048576,
            "Original Hash Buckets": 1048576,
            "Hash Batches": 1,
            "Original Hash Batches": 1,
            "Peak Memory Usage": 30005,
            "Plans": [
              {
                "Node Type": "Bitmap Heap Scan",
                "Parent Relationship": "Outer",
                "Parallel Aware": false,
                "Relation Name": "title",
                "Alias": "t",
                "Startup Cost": 15403.01,
                "Total Cost": 64243.47,
                "Plan Rows": 565418,
                "Plan Width": 4,
                "Actual Startup Time": 52.424,
                "Actual Total Time": 207.079,
                "Actual Rows": 620439,
                "Actual Loops": 1,
                "Recheck Cond": "(kind_id < 4)",
                "Rows Removed by Index Recheck": 0,
                "Filter": "(production_year < 2008)",
                "Rows Removed by Filter": 233775,
                "Exact Heap Blocks": 35470,
                "Lossy Heap Blocks": 0,
                "Plans": [
                  {
                    "Node Type": "Bitmap Index Scan",
                    "Parent Relationship": "Outer",
                    "Parallel Aware": false,
                    "Index Name": "kind_id_title",
                    "Startup Cost": 0.0,
                    "Total Cost": 15261.66,
                    "Plan Rows": 856164,
                    "Plan Width": 0,
                    "Actual Startup Time": 47.639,
                    "Actual Total Time": 47.64,
                    "Actual Rows": 854214,
                    "Actual Loops": 1,
                    "Index Cond": "(kind_id < 4)"
                  }
                ]
              }
            ]
          }
        ]
      }
    ]
  },
  "Planning Time": 0.731,
  "Triggers": [],
  "Execution Time": 316.647
}