[
    {
        "Bao": {
            "Bao prediction": "NaN",
            "Bao recommended hint": "(no hint)"
        }
    },
    {
        "Plan": {
            "Node Type": "Aggregate",
            "Strategy": "Plain",
            "Partial Mode": "Finalize",
            "Parallel Aware": false,
            "Startup Cost": 384134.98,
            "Total Cost": 384134.99,
            "Plan Rows": 1,
            "Plan Width": 8,
            "Actual Startup Time": 1291.669,
            "Actual Total Time": 1325.904,
            "Actual Rows": 1,
            "Actual Loops": 1,
            "Output": [
                "count(*)"
            ],
            "Plans": [
                {
                    "Node Type": "Gather",
                    "Parent Relationship": "Outer",
                    "Parallel Aware": false,
                    "Startup Cost": 384134.35,
                    "Total Cost": 384134.96,
                    "Plan Rows": 6,
                    "Plan Width": 8,
                    "Actual Startup Time": 1288.178,
                    "Actual Total Time": 1325.892,
                    "Actual Rows": 7,
                    "Actual Loops": 1,
                    "Output": [
                        "(PARTIAL count(*))"
                    ],
                    "Workers Planned": 6,
                    "Workers Launched": 6,
                    "Single Copy": false,
                    "Plans": [
                        {
                            "Node Type": "Aggregate",
                            "Strategy": "Plain",
                            "Partial Mode": "Partial",
                            "Parent Relationship": "Outer",
                            "Parallel Aware": false,
                            "Startup Cost": 383134.35,
                            "Total Cost": 383134.36,
                            "Plan Rows": 1,
                            "Plan Width": 8,
                            "Actual Startup Time": 1278.261,
                            "Actual Total Time": 1278.264,
                            "Actual Rows": 1,
                            "Actual Loops": 7,
                            "Output": [
                                "PARTIAL count(*)"
                            ],
                            "Workers": [
                                {
                                    "Worker Number": 0,
                                    "Actual Startup Time": 1275.626,
                                    "Actual Total Time": 1275.629,
                                    "Actual Rows": 1,
                                    "Actual Loops": 1
                                },
                                {
                                    "Worker Number": 1,
                                    "Actual Startup Time": 1276.248,
                                    "Actual Total Time": 1276.251,
                                    "Actual Rows": 1,
                                    "Actual Loops": 1
                                },
                                {
                                    "Worker Number": 2,
                                    "Actual Startup Time": 1276.372,
                                    "Actual Total Time": 1276.374,
                                    "Actual Rows": 1,
                                    "Actual Loops": 1
                                },
                                {
                                    "Worker Number": 3,
                                    "Actual Startup Time": 1276.825,
                                    "Actual Total Time": 1276.828,
                                    "Actual Rows": 1,
                                    "Actual Loops": 1
                                },
                                {
                                    "Worker Number": 4,
                                    "Actual Startup Time": 1277.115,
                                    "Actual Total Time": 1277.117,
                                    "Actual Rows": 1,
                                    "Actual Loops": 1
                                },
                                {
                                    "Worker Number": 5,
                                    "Actual Startup Time": 1278.002,
                                    "Actual Total Time": 1278.005,
                                    "Actual Rows": 1,
                                    "Actual Loops": 1
                                }
                            ],
                            "Plans": [
                                {
                                    "Node Type": "Hash Join",
                                    "Parent Relationship": "Outer",
                                    "Parallel Aware": true,
                                    "Join Type": "Inner",
                                    "Startup Cost": 46799.87,
                                    "Total Cost": 382019.12,
                                    "Plan Rows": 446094,
                                    "Plan Width": 0,
                                    "Actual Startup Time": 437.979,
                                    "Actual Total Time": 1254.873,
                                    "Actual Rows": 393044,
                                    "Actual Loops": 7,
                                    "Inner Unique": true,
                                    "Hash Cond": "(ci.movie_id = t.id)",
                                    "Workers": [
                                        {
                                            "Worker Number": 0,
                                            "Actual Startup Time": 435.332,
                                            "Actual Total Time": 1253.279,
                                            "Actual Rows": 483166,
                                            "Actual Loops": 1
                                        },
                                        {
                                            "Worker Number": 1,
                                            "Actual Startup Time": 435.909,
                                            "Actual Total Time": 1252.143,
                                            "Actual Rows": 310347,
                                            "Actual Loops": 1
                                        },
                                        {
                                            "Worker Number": 2,
                                            "Actual Startup Time": 436.075,
                                            "Actual Total Time": 1251.692,
                                            "Actual Rows": 319314,
                                            "Actual Loops": 1
                                        },
                                        {
                                            "Worker Number": 3,
                                            "Actual Startup Time": 437.057,
                                            "Actual Total Time": 1252.12,
                                            "Actual Rows": 323941,
                                            "Actual Loops": 1
                                        },
                                        {
                                            "Worker Number": 4,
                                            "Actual Startup Time": 436.852,
                                            "Actual Total Time": 1254.779,
                                            "Actual Rows": 483053,
                                            "Actual Loops": 1
                                        },
                                        {
                                            "Worker Number": 5,
                                            "Actual Startup Time": 437.249,
                                            "Actual Total Time": 1253.903,
                                            "Actual Rows": 315465,
                                            "Actual Loops": 1
                                        }
                                    ],
                                    "Plans": [
                                        {
                                            "Node Type": "Seq Scan",
                                            "Parent Relationship": "Outer",
                                            "Parallel Aware": true,
                                            "Relation Name": "cast_info",
                                            "Schema": "public",
                                            "Alias": "ci",
                                            "Startup Cost": 0.0,
                                            "Total Cost": 328213.62,
                                            "Plan Rows": 2668808,
                                            "Plan Width": 4,
                                            "Actual Startup Time": 326.388,
                                            "Actual Total Time": 677.316,
                                            "Actual Rows": 2303098,
                                            "Actual Loops": 7,
                                            "Output": [
                                                "ci.id",
                                                "ci.person_id",
                                                "ci.movie_id",
                                                "ci.person_role_id",
                                                "ci.note",
                                                "ci.nr_order",
                                                "ci.role_id"
                                            ],
                                            "Filter": "(ci.role_id > 2)",
                                            "Rows Removed by Filter": 2874666,
                                            "Workers": [
                                                {
                                                    "Worker Number": 0,
                                                    "Actual Startup Time": 326.392,
                                                    "Actual Total Time": 674.016,
                                                    "Actual Rows": 2837304,
                                                    "Actual Loops": 1
                                                },
                                                {
                                                    "Worker Number": 1,
                                                    "Actual Startup Time": 326.381,
                                                    "Actual Total Time": 687.085,
                                                    "Actual Rows": 1817734,
                                                    "Actual Loops": 1
                                                },
                                                {
                                                    "Worker Number": 2,
                                                    "Actual Startup Time": 326.386,
                                                    "Actual Total Time": 692.345,
                                                    "Actual Rows": 1853201,
                                                    "Actual Loops": 1
                                                },
                                                {
                                                    "Worker Number": 3,
                                                    "Actual Startup Time": 326.398,
                                                    "Actual Total Time": 692.045,
                                                    "Actual Rows": 1887030,
                                                    "Actual Loops": 1
                                                },
                                                {
                                                    "Worker Number": 4,
                                                    "Actual Startup Time": 326.399,
                                                    "Actual Total Time": 671.59,
                                                    "Actual Rows": 2809194,
                                                    "Actual Loops": 1
                                                },
                                                {
                                                    "Worker Number": 5,
                                                    "Actual Startup Time": 326.393,
                                                    "Actual Total Time": 683.404,
                                                    "Actual Rows": 1844261,
                                                    "Actual Loops": 1
                                                }
                                            ]
                                        },
                                        {
                                            "Node Type": "Hash",
                                            "Parent Relationship": "Inner",
                                            "Parallel Aware": true,
                                            "Startup Cost": 45479.21,
                                            "Total Cost": 45479.21,
                                            "Plan Rows": 105653,
                                            "Plan Width": 4,
                                            "Actual Startup Time": 109.808,
                                            "Actual Total Time": 109.809,
                                            "Actual Rows": 73995,
                                            "Actual Loops": 7,
                                            "Output": [
                                                "t.id"
                                            ],
                                            "Hash Buckets": 524288,
                                            "Original Hash Buckets": 524288,
                                            "Hash Batches": 1,
                                            "Original Hash Batches": 1,
                                            "Peak Memory Usage": 24480,
                                            "Workers": [
                                                {
                                                    "Worker Number": 0,
                                                    "Actual Startup Time": 108.228,
                                                    "Actual Total Time": 108.229,
                                                    "Actual Rows": 89447,
                                                    "Actual Loops": 1
                                                },
                                                {
                                                    "Worker Number": 1,
                                                    "Actual Startup Time": 108.723,
                                                    "Actual Total Time": 108.725,
                                                    "Actual Rows": 59892,
                                                    "Actual Loops": 1
                                                },
                                                {
                                                    "Worker Number": 2,
                                                    "Actual Startup Time": 108.863,
                                                    "Actual Total Time": 108.863,
                                                    "Actual Rows": 43768,
                                                    "Actual Loops": 1
                                                },
                                                {
                                                    "Worker Number": 3,
                                                    "Actual Startup Time": 109.453,
                                                    "Actual Total Time": 109.454,
                                                    "Actual Rows": 61719,
                                                    "Actual Loops": 1
                                                },
                                                {
                                                    "Worker Number": 4,
                                                    "Actual Startup Time": 109.66,
                                                    "Actual Total Time": 109.661,
                                                    "Actual Rows": 88970,
                                                    "Actual Loops": 1
                                                },
                                                {
                                                    "Worker Number": 5,
                                                    "Actual Startup Time": 110.044,
                                                    "Actual Total Time": 110.045,
                                                    "Actual Rows": 60612,
                                                    "Actual Loops": 1
                                                }
                                            ],
                                            "Plans": [
                                                {
                                                    "Node Type": "Seq Scan",
                                                    "Parent Relationship": "Outer",
                                                    "Parallel Aware": true,
                                                    "Relation Name": "title",
                                                    "Schema": "public",
                                                    "Alias": "t",
                                                    "Startup Cost": 0.0,
                                                    "Total Cost": 45479.21,
                                                    "Plan Rows": 105653,
                                                    "Plan Width": 4,
                                                    "Actual Startup Time": 0.054,
                                                    "Actual Total Time": 77.128,
                                                    "Actual Rows": 73995,
                                                    "Actual Loops": 7,
                                                    "Output": [
                                                        "t.id"
                                                    ],
                                                    "Filter": "((t.kind_id < 7) AND (t.production_year < 2001))",
                                                    "Rows Removed by Filter": 287192,
                                                    "Workers": [
                                                        {
                                                            "Worker Number": 0,
                                                            "Actual Startup Time": 0.055,
                                                            "Actual Total Time": 75.14,
                                                            "Actual Rows": 89447,
                                                            "Actual Loops": 1
                                                        },
                                                        {
                                                            "Worker Number": 1,
                                                            "Actual Startup Time": 0.054,
                                                            "Actual Total Time": 76.698,
                                                            "Actual Rows": 59892,
                                                            "Actual Loops": 1
                                                        },
                                                        {
                                                            "Worker Number": 2,
                                                            "Actual Startup Time": 0.057,
                                                            "Actual Total Time": 79.457,
                                                            "Actual Rows": 43768,
                                                            "Actual Loops": 1
                                                        },
                                                        {
                                                            "Worker Number": 3,
                                                            "Actual Startup Time": 0.084,
                                                            "Actual Total Time": 77.828,
                                                            "Actual Rows": 61719,
                                                            "Actual Loops": 1
                                                        },
                                                        {
                                                            "Worker Number": 4,
                                                            "Actual Startup Time": 0.049,
                                                            "Actual Total Time": 76.478,
                                                            "Actual Rows": 88970,
                                                            "Actual Loops": 1
                                                        },
                                                        {
                                                            "Worker Number": 5,
                                                            "Actual Startup Time": 0.057,
                                                            "Actual Total Time": 78.745,
                                                            "Actual Rows": 60612,
                                                            "Actual Loops": 1
                                                        }
                                                    ]
                                                }
                                            ]
                                        }
                                    ]
                                }
                            ]
                        }
                    ]
                }
            ]
        },
        "Planning Time": 183.873,
        "Triggers": [],
        "Execution Time": 1326.008
    }
]