[
    {
        "Bao": {
            "Bao prediction": 1181.905,
            "Bao recommended hint": "SET enable_mergejoin TO off; SET enable_indexscan TO off; "
        }
    },
    {
        "Plan": {
            "Node Type": "Aggregate",
            "Strategy": "Plain",
            "Partial Mode": "Simple",
            "Parallel Aware": false,
            "Startup Cost": 8062.03,
            "Total Cost": 8062.04,
            "Plan Rows": 1,
            "Plan Width": 96,
            "Actual Startup Time": 5426.553,
            "Actual Total Time": 5426.562,
            "Actual Rows": 1,
            "Actual Loops": 1,
            "Output": [
                "min(cn.name)",
                "min(mi_idx.info)",
                "min(t.title)"
            ],
            "Plans": [
                {
                    "Node Type": "Nested Loop",
                    "Parent Relationship": "Outer",
                    "Parallel Aware": false,
                    "Join Type": "Inner",
                    "Startup Cost": 13.42,
                    "Total Cost": 8062.02,
                    "Plan Rows": 1,
                    "Plan Width": 41,
                    "Actual Startup Time": 20.292,
                    "Actual Total Time": 5410.023,
                    "Actual Rows": 49878,
                    "Actual Loops": 1,
                    "Output": [
                        "cn.name",
                        "mi_idx.info",
                        "t.title"
                    ],
                    "Inner Unique": true,
                    "Join Filter": "(mi.info_type_id = it1.id)",
                    "Rows Removed by Join Filter": 8805,
                    "Plans": [
                        {
                            "Node Type": "Nested Loop",
                            "Parent Relationship": "Outer",
                            "Parallel Aware": false,
                            "Join Type": "Inner",
                            "Startup Cost": 13.42,
                            "Total Cost": 8059.59,
                            "Plan Rows": 1,
                            "Plan Width": 45,
                            "Actual Startup Time": 20.275,
                            "Actual Total Time": 5095.935,
                            "Actual Rows": 58683,
                            "Actual Loops": 1,
                            "Output": [
                                "cn.name",
                                "mi.info_type_id",
                                "mi_idx.info",
                                "t.title"
                            ],
                            "Inner Unique": false,
                            "Join Filter": "(t.id = mi.movie_id)",
                            "Rows Removed by Join Filter": 0,
                            "Plans": [
                                {
                                    "Node Type": "Nested Loop",
                                    "Parent Relationship": "Outer",
                                    "Parallel Aware": false,
                                    "Join Type": "Inner",
                                    "Startup Cost": 12.63,
                                    "Total Cost": 8053.75,
                                    "Plan Rows": 1,
                                    "Plan Width": 57,
                                    "Actual Startup Time": 20.069,
                                    "Actual Total Time": 1377.915,
                                    "Actual Rows": 54186,
                                    "Actual Loops": 1,
                                    "Output": [
                                        "cn.name",
                                        "mc.movie_id",
                                        "mi_idx.info",
                                        "mi_idx.movie_id",
                                        "mk.movie_id",
                                        "t.title",
                                        "t.id"
                                    ],
                                    "Inner Unique": true,
                                    "Join Filter": "(mc.company_type_id = ct.id)",
                                    "Rows Removed by Join Filter": 1,
                                    "Plans": [
                                        {
                                            "Node Type": "Nested Loop",
                                            "Parent Relationship": "Outer",
                                            "Parallel Aware": false,
                                            "Join Type": "Inner",
                                            "Startup Cost": 12.63,
                                            "Total Cost": 8052.66,
                                            "Plan Rows": 1,
                                            "Plan Width": 61,
                                            "Actual Startup Time": 20.056,
                                            "Actual Total Time": 1225.817,
                                            "Actual Rows": 54186,
                                            "Actual Loops": 1,
                                            "Output": [
                                                "cn.name",
                                                "mc.movie_id",
                                                "mc.company_type_id",
                                                "mi_idx.info",
                                                "mi_idx.movie_id",
                                                "mk.movie_id",
                                                "t.title",
                                                "t.id"
                                            ],
                                            "Inner Unique": true,
                                            "Plans": [
                                                {
                                                    "Node Type": "Nested Loop",
                                                    "Parent Relationship": "Outer",
                                                    "Parallel Aware": false,
                                                    "Join Type": "Inner",
                                                    "Startup Cost": 12.17,
                                                    "Total Cost": 8048.19,
                                                    "Plan Rows": 1,
                                                    "Plan Width": 46,
                                                    "Actual Startup Time": 20.007,
                                                    "Actual Total Time": 865.392,
                                                    "Actual Rows": 57315,
                                                    "Actual Loops": 1,
                                                    "Output": [
                                                        "mi_idx.info",
                                                        "mi_idx.movie_id",
                                                        "mc.movie_id",
                                                        "mc.company_type_id",
                                                        "mc.company_id",
                                                        "mk.movie_id",
                                                        "t.title",
                                                        "t.id"
                                                    ],
                                                    "Inner Unique": false,
                                                    "Join Filter": "(t.id = mc.movie_id)",
                                                    "Rows Removed by Join Filter": 0,
                                                    "Plans": [
                                                        {
                                                            "Node Type": "Nested Loop",
                                                            "Parent Relationship": "Outer",
                                                            "Parallel Aware": false,
                                                            "Join Type": "Inner",
                                                            "Startup Cost": 11.7,
                                                            "Total Cost": 8043.62,
                                                            "Plan Rows": 1,
                                                            "Plan Width": 34,
                                                            "Actual Startup Time": 13.783,
                                                            "Actual Total Time": 656.811,
                                                            "Actual Rows": 10963,
                                                            "Actual Loops": 1,
                                                            "Output": [
                                                                "mi_idx.info",
                                                                "mi_idx.movie_id",
                                                                "mk.movie_id",
                                                                "t.title",
                                                                "t.id"
                                                            ],
                                                            "Inner Unique": true,
                                                            "Join Filter": "(t.kind_id = kt.id)",
                                                            "Rows Removed by Join Filter": 7323,
                                                            "Plans": [
                                                                {
                                                                    "Node Type": "Nested Loop",
                                                                    "Parent Relationship": "Outer",
                                                                    "Parallel Aware": false,
                                                                    "Join Type": "Inner",
                                                                    "Startup Cost": 11.7,
                                                                    "Total Cost": 8042.47,
                                                                    "Plan Rows": 2,
                                                                    "Plan Width": 38,
                                                                    "Actual Startup Time": 13.459,
                                                                    "Actual Total Time": 650.009,
                                                                    "Actual Rows": 14162,
                                                                    "Actual Loops": 1,
                                                                    "Output": [
                                                                        "mi_idx.info",
                                                                        "mi_idx.movie_id",
                                                                        "mk.movie_id",
                                                                        "t.title",
                                                                        "t.kind_id",
                                                                        "t.id"
                                                                    ],
                                                                    "Inner Unique": true,
                                                                    "Plans": [
                                                                        {
                                                                            "Node Type": "Nested Loop",
                                                                            "Parent Relationship": "Outer",
                                                                            "Parallel Aware": false,
                                                                            "Join Type": "Inner",
                                                                            "Startup Cost": 11.25,
                                                                            "Total Cost": 8024.62,
                                                                            "Plan Rows": 4,
                                                                            "Plan Width": 13,
                                                                            "Actual Startup Time": 13.354,
                                                                            "Actual Total Time": 404.396,
                                                                            "Actual Rows": 31800,
                                                                            "Actual Loops": 1,
                                                                            "Output": [
                                                                                "mi_idx.info",
                                                                                "mi_idx.movie_id",
                                                                                "mk.movie_id"
                                                                            ],
                                                                            "Inner Unique": false,
                                                                            "Join Filter": "(mi_idx.info_type_id = it2.id)",
                                                                            "Rows Removed by Join Filter": 62093,
                                                                            "Plans": [
                                                                                {
                                                                                    "Node Type": "Seq Scan",
                                                                                    "Parent Relationship": "Outer",
                                                                                    "Parallel Aware": false,
                                                                                    "Relation Name": "info_type",
                                                                                    "Schema": "public",
                                                                                    "Alias": "it2",
                                                                                    "Startup Cost": 0.0,
                                                                                    "Total Cost": 2.41,
                                                                                    "Plan Rows": 1,
                                                                                    "Plan Width": 4,
                                                                                    "Actual Startup Time": 0.046,
                                                                                    "Actual Total Time": 0.048,
                                                                                    "Actual Rows": 1,
                                                                                    "Actual Loops": 1,
                                                                                    "Output": [
                                                                                        "it2.id",
                                                                                        "it2.info"
                                                                                    ],
                                                                                    "Filter": "((it2.info)::text = 'rating'::text)",
                                                                                    "Rows Removed by Filter": 112
                                                                                },
                                                                                {
                                                                                    "Node Type": "Nested Loop",
                                                                                    "Parent Relationship": "Inner",
                                                                                    "Parallel Aware": false,
                                                                                    "Join Type": "Inner",
                                                                                    "Startup Cost": 11.25,
                                                                                    "Total Cost": 8017.15,
                                                                                    "Plan Rows": 405,
                                                                                    "Plan Width": 17,
                                                                                    "Actual Startup Time": 13.299,
                                                                                    "Actual Total Time": 394.353,
                                                                                    "Actual Rows": 93893,
                                                                                    "Actual Loops": 1,
                                                                                    "Output": [
                                                                                        "mk.movie_id",
                                                                                        "mi_idx.info",
                                                                                        "mi_idx.movie_id",
                                                                                        "mi_idx.info_type_id"
                                                                                    ],
                                                                                    "Inner Unique": false,
                                                                                    "Plans": [
                                                                                        {
                                                                                            "Node Type": "Nested Loop",
                                                                                            "Parent Relationship": "Outer",
                                                                                            "Parallel Aware": false,
                                                                                            "Join Type": "Inner",
                                                                                            "Startup Cost": 10.8,
                                                                                            "Total Cost": 7405.43,
                                                                                            "Plan Rows": 135,
                                                                                            "Plan Width": 4,
                                                                                            "Actual Startup Time": 13.214,
                                                                                            "Actual Total Time": 108.922,
                                                                                            "Actual Rows": 37091,
                                                                                            "Actual Loops": 1,
                                                                                            "Output": [
                                                                                                "mk.movie_id"
                                                                                            ],
                                                                                            "Inner Unique": false,
                                                                                            "Plans": [
                                                                                                {
                                                                                                    "Node Type": "Seq Scan",
                                                                                                    "Parent Relationship": "Outer",
                                                                                                    "Parallel Aware": false,
                                                                                                    "Relation Name": "keyword",
                                                                                                    "Schema": "public",
                                                                                                    "Alias": "k",
                                                                                                    "Startup Cost": 0.0,
                                                                                                    "Total Cost": 2961.55,
                                                                                                    "Plan Rows": 4,
                                                                                                    "Plan Width": 4,
                                                                                                    "Actual Startup Time": 3.335,
                                                                                                    "Actual Total Time": 16.688,
                                                                                                    "Actual Rows": 3,
                                                                                                    "Actual Loops": 1,
                                                                                                    "Output": [
                                                                                                        "k.id",
                                                                                                        "k.keyword",
                                                                                                        "k.phonetic_code"
                                                                                                    ],
                                                                                                    "Filter": "(k.keyword = ANY ('{murder,murder-in-title,blood,violence}'::text[]))",
                                                                                                    "Rows Removed by Filter": 134167
                                                                                                },
                                                                                                {
                                                                                                    "Node Type": "Bitmap Heap Scan",
                                                                                                    "Parent Relationship": "Inner",
                                                                                                    "Parallel Aware": false,
                                                                                                    "Relation Name": "movie_keyword",
                                                                                                    "Schema": "public",
                                                                                                    "Alias": "mk",
                                                                                                    "Startup Cost": 10.8,
                                                                                                    "Total Cost": 1107.92,
                                                                                                    "Plan Rows": 305,
                                                                                                    "Plan Width": 8,
                                                                                                    "Actual Startup Time": 4.97,
                                                                                                    "Actual Total Time": 28.72,
                                                                                                    "Actual Rows": 12364,
                                                                                                    "Actual Loops": 3,
                                                                                                    "Output": [
                                                                                                        "mk.id",
                                                                                                        "mk.movie_id",
                                                                                                        "mk.keyword_id"
                                                                                                    ],
                                                                                                    "Recheck Cond": "(mk.keyword_id = k.id)",
                                                                                                    "Rows Removed by Index Recheck": 0,
                                                                                                    "Exact Heap Blocks": 26312,
                                                                                                    "Lossy Heap Blocks": 0,
                                                                                                    "Plans": [
                                                                                                        {
                                                                                                            "Node Type": "Bitmap Index Scan",
                                                                                                            "Parent Relationship": "Outer",
                                                                                                            "Parallel Aware": false,
                                                                                                            "Index Name": "keyword_id_movie_keyword",
                                                                                                            "Startup Cost": 0.0,
                                                                                                            "Total Cost": 10.72,
                                                                                                            "Plan Rows": 305,
                                                                                                            "Plan Width": 0,
                                                                                                            "Actual Startup Time": 3.121,
                                                                                                            "Actual Total Time": 3.121,
                                                                                                            "Actual Rows": 12364,
                                                                                                            "Actual Loops": 3,
                                                                                                            "Index Cond": "(mk.keyword_id = k.id)"
                                                                                                        }
                                                                                                    ]
                                                                                                }
                                                                                            ]
                                                                                        },
                                                                                        {
                                                                                            "Node Type": "Bitmap Heap Scan",
                                                                                            "Parent Relationship": "Inner",
                                                                                            "Parallel Aware": false,
                                                                                            "Relation Name": "movie_info_idx",
                                                                                            "Schema": "public",
                                                                                            "Alias": "mi_idx",
                                                                                            "Startup Cost": 0.46,
                                                                                            "Total Cost": 4.5,
                                                                                            "Plan Rows": 3,
                                                                                            "Plan Width": 13,
                                                                                            "Actual Startup Time": 0.005,
                                                                                            "Actual Total Time": 0.005,
                                                                                            "Actual Rows": 3,
                                                                                            "Actual Loops": 37091,
                                                                                            "Output": [
                                                                                                "mi_idx.id",
                                                                                                "mi_idx.movie_id",
                                                                                                "mi_idx.info_type_id",
                                                                                                "mi_idx.info",
                                                                                                "mi_idx.note"
                                                                                            ],
                                                                                            "Recheck Cond": "(mi_idx.movie_id = mk.movie_id)",
                                                                                            "Rows Removed by Index Recheck": 0,
                                                                                            "Filter": "(mi_idx.info < '8.5'::text)",
                                                                                            "Rows Removed by Filter": 0,
                                                                                            "Exact Heap Blocks": 32895,
                                                                                            "Lossy Heap Blocks": 0,
                                                                                            "Plans": [
                                                                                                {
                                                                                                    "Node Type": "Bitmap Index Scan",
                                                                                                    "Parent Relationship": "Outer",
                                                                                                    "Parallel Aware": false,
                                                                                                    "Index Name": "movie_id_movie_info_idx",
                                                                                                    "Startup Cost": 0.0,
                                                                                                    "Total Cost": 0.46,
                                                                                                    "Plan Rows": 3,
                                                                                                    "Plan Width": 0,
                                                                                                    "Actual Startup Time": 0.003,
                                                                                                    "Actual Total Time": 0.003,
                                                                                                    "Actual Rows": 3,
                                                                                                    "Actual Loops": 37091,
                                                                                                    "Index Cond": "(mi_idx.movie_id = mk.movie_id)"
                                                                                                }
                                                                                            ]
                                                                                        }
                                                                                    ]
                                                                                }
                                                                            ]
                                                                        },
                                                                        {
                                                                            "Node Type": "Bitmap Heap Scan",
                                                                            "Parent Relationship": "Inner",
                                                                            "Parallel Aware": false,
                                                                            "Relation Name": "title",
                                                                            "Schema": "public",
                                                                            "Alias": "t",
                                                                            "Startup Cost": 0.45,
                                                                            "Total Cost": 4.46,
                                                                            "Plan Rows": 1,
                                                                            "Plan Width": 25,
                                                                            "Actual Startup Time": 0.006,
                                                                            "Actual Total Time": 0.006,
                                                                            "Actual Rows": 0,
                                                                            "Actual Loops": 31800,
                                                                            "Output": [
                                                                                "t.id",
                                                                                "t.title",
                                                                                "t.imdb_index",
                                                                                "t.kind_id",
                                                                                "t.production_year",
                                                                                "t.imdb_id",
                                                                                "t.phonetic_code",
                                                                                "t.episode_of_id",
                                                                                "t.season_nr",
                                                                                "t.episode_nr",
                                                                                "t.series_years",
                                                                                "t.md5sum"
                                                                            ],
                                                                            "Recheck Cond": "(t.id = mk.movie_id)",
                                                                            "Rows Removed by Index Recheck": 0,
                                                                            "Filter": "(t.production_year > 1997)",
                                                                            "Rows Removed by Filter": 1,
                                                                            "Exact Heap Blocks": 31800,
                                                                            "Lossy Heap Blocks": 0,
                                                                            "Plans": [
                                                                                {
                                                                                    "Node Type": "Bitmap Index Scan",
                                                                                    "Parent Relationship": "Outer",
                                                                                    "Parallel Aware": false,
                                                                                    "Index Name": "title_pkey",
                                                                                    "Startup Cost": 0.0,
                                                                                    "Total Cost": 0.45,
                                                                                    "Plan Rows": 1,
                                                                                    "Plan Width": 0,
                                                                                    "Actual Startup Time": 0.003,
                                                                                    "Actual Total Time": 0.003,
                                                                                    "Actual Rows": 1,
                                                                                    "Actual Loops": 31800,
                                                                                    "Index Cond": "(t.id = mk.movie_id)"
                                                                                }
                                                                            ]
                                                                        }
                                                                    ]
                                                                },
                                                                {
                                                                    "Node Type": "Materialize",
                                                                    "Parent Relationship": "Inner",
                                                                    "Parallel Aware": false,
                                                                    "Startup Cost": 0.0,
                                                                    "Total Cost": 1.1,
                                                                    "Plan Rows": 2,
                                                                    "Plan Width": 4,
                                                                    "Actual Startup Time": 0.0,
                                                                    "Actual Total Time": 0.0,
                                                                    "Actual Rows": 1,
                                                                    "Actual Loops": 14162,
                                                                    "Output": [
                                                                        "kt.id"
                                                                    ],
                                                                    "Plans": [
                                                                        {
                                                                            "Node Type": "Seq Scan",
                                                                            "Parent Relationship": "Outer",
                                                                            "Parallel Aware": false,
                                                                            "Relation Name": "kind_type",
                                                                            "Schema": "public",
                                                                            "Alias": "kt",
                                                                            "Startup Cost": 0.0,
                                                                            "Total Cost": 1.09,
                                                                            "Plan Rows": 2,
                                                                            "Plan Width": 4,
                                                                            "Actual Startup Time": 0.014,
                                                                            "Actual Total Time": 0.018,
                                                                            "Actual Rows": 2,
                                                                            "Actual Loops": 1,
                                                                            "Output": [
                                                                                "kt.id"
                                                                            ],
                                                                            "Filter": "((kt.kind)::text = ANY ('{movie,episode}'::text[]))",
                                                                            "Rows Removed by Filter": 5
                                                                        }
                                                                    ]
                                                                }
                                                            ]
                                                        },
                                                        {
                                                            "Node Type": "Bitmap Heap Scan",
                                                            "Parent Relationship": "Inner",
                                                            "Parallel Aware": false,
                                                            "Relation Name": "movie_companies",
                                                            "Schema": "public",
                                                            "Alias": "mc",
                                                            "Startup Cost": 0.48,
                                                            "Total Cost": 4.56,
                                                            "Plan Rows": 1,
                                                            "Plan Width": 12,
                                                            "Actual Startup Time": 0.011,
                                                            "Actual Total Time": 0.016,
                                                            "Actual Rows": 5,
                                                            "Actual Loops": 10963,
                                                            "Output": [
                                                                "mc.id",
                                                                "mc.movie_id",
                                                                "mc.company_id",
                                                                "mc.company_type_id",
                                                                "mc.note"
                                                            ],
                                                            "Recheck Cond": "(mc.movie_id = mk.movie_id)",
                                                            "Rows Removed by Index Recheck": 0,
                                                            "Filter": "((mc.note !~~ '%(USA)%'::text) AND (mc.note ~~ '%(200%)%'::text))",
                                                            "Rows Removed by Filter": 8,
                                                            "Exact Heap Blocks": 20881,
                                                            "Lossy Heap Blocks": 0,
                                                            "Plans": [
                                                                {
                                                                    "Node Type": "Bitmap Index Scan",
                                                                    "Parent Relationship": "Outer",
                                                                    "Parallel Aware": false,
                                                                    "Index Name": "movie_id_movie_companies",
                                                                    "Startup Cost": 0.0,
                                                                    "Total Cost": 0.48,
                                                                    "Plan Rows": 5,
                                                                    "Plan Width": 0,
                                                                    "Actual Startup Time": 0.006,
                                                                    "Actual Total Time": 0.006,
                                                                    "Actual Rows": 13,
                                                                    "Actual Loops": 10963,
                                                                    "Index Cond": "(mc.movie_id = mk.movie_id)"
                                                                }
                                                            ]
                                                        }
                                                    ]
                                                },
                                                {
                                                    "Node Type": "Bitmap Heap Scan",
                                                    "Parent Relationship": "Inner",
                                                    "Parallel Aware": false,
                                                    "Relation Name": "company_name",
                                                    "Schema": "public",
                                                    "Alias": "cn",
                                                    "Startup Cost": 0.45,
                                                    "Total Cost": 4.47,
                                                    "Plan Rows": 1,
                                                    "Plan Width": 23,
                                                    "Actual Startup Time": 0.004,
                                                    "Actual Total Time": 0.004,
                                                    "Actual Rows": 1,
                                                    "Actual Loops": 57315,
                                                    "Output": [
                                                        "cn.id",
                                                        "cn.name",
                                                        "cn.country_code",
                                                        "cn.imdb_id",
                                                        "cn.name_pcode_nf",
                                                        "cn.name_pcode_sf",
                                                        "cn.md5sum"
                                                    ],
                                                    "Recheck Cond": "(cn.id = mc.company_id)",
                                                    "Rows Removed by Index Recheck": 0,
                                                    "Filter": "((cn.country_code)::text <> '[us]'::text)",
                                                    "Rows Removed by Filter": 0,
                                                    "Exact Heap Blocks": 57315,
                                                    "Lossy Heap Blocks": 0,
                                                    "Plans": [
                                                        {
                                                            "Node Type": "Bitmap Index Scan",
                                                            "Parent Relationship": "Outer",
                                                            "Parallel Aware": false,
                                                            "Index Name": "company_name_pkey",
                                                            "Startup Cost": 0.0,
                                                            "Total Cost": 0.45,
                                                            "Plan Rows": 1,
                                                            "Plan Width": 0,
                                                            "Actual Startup Time": 0.002,
                                                            "Actual Total Time": 0.002,
                                                            "Actual Rows": 1,
                                                            "Actual Loops": 57315,
                                                            "Index Cond": "(cn.id = mc.company_id)"
                                                        }
                                                    ]
                                                }
                                            ]
                                        },
                                        {
                                            "Node Type": "Seq Scan",
                                            "Parent Relationship": "Inner",
                                            "Parallel Aware": false,
                                            "Relation Name": "company_type",
                                            "Schema": "public",
                                            "Alias": "ct",
                                            "Startup Cost": 0.0,
                                            "Total Cost": 1.04,
                                            "Plan Rows": 4,
                                            "Plan Width": 4,
                                            "Actual Startup Time": 0.001,
                                            "Actual Total Time": 0.001,
                                            "Actual Rows": 1,
                                            "Actual Loops": 54186,
                                            "Output": [
                                                "ct.id",
                                                "ct.kind"
                                            ]
                                        }
                                    ]
                                },
                                {
                                    "Node Type": "Bitmap Heap Scan",
                                    "Parent Relationship": "Inner",
                                    "Parallel Aware": false,
                                    "Relation Name": "movie_info",
                                    "Schema": "public",
                                    "Alias": "mi",
                                    "Startup Cost": 0.79,
                                    "Total Cost": 5.82,
                                    "Plan Rows": 2,
                                    "Plan Width": 8,
                                    "Actual Startup Time": 0.057,
                                    "Actual Total Time": 0.066,
                                    "Actual Rows": 1,
                                    "Actual Loops": 54186,
                                    "Output": [
                                        "mi.id",
                                        "mi.movie_id",
                                        "mi.info_type_id",
                                        "mi.info",
                                        "mi.note"
                                    ],
                                    "Recheck Cond": "(mi.movie_id = mk.movie_id)",
                                    "Rows Removed by Index Recheck": 0,
                                    "Filter": "(mi.info = ANY ('{Sweden,Norway,Germany,Denmark,Swedish,Danish,Norwegian,German,USA,American}'::text[]))",
                                    "Rows Removed by Filter": 197,
                                    "Exact Heap Blocks": 1182813,
                                    "Lossy Heap Blocks": 0,
                                    "Plans": [
                                        {
                                            "Node Type": "Bitmap Index Scan",
                                            "Parent Relationship": "Outer",
                                            "Parallel Aware": false,
                                            "Index Name": "movie_id_movie_info",
                                            "Startup Cost": 0.0,
                                            "Total Cost": 0.79,
                                            "Plan Rows": 41,
                                            "Plan Width": 0,
                                            "Actual Startup Time": 0.008,
                                            "Actual Total Time": 0.008,
                                            "Actual Rows": 198,
                                            "Actual Loops": 54186,
                                            "Index Cond": "(mi.movie_id = mk.movie_id)"
                                        }
                                    ]
                                }
                            ]
                        },
                        {
                            "Node Type": "Seq Scan",
                            "Parent Relationship": "Inner",
                            "Parallel Aware": false,
                            "Relation Name": "info_type",
                            "Schema": "public",
                            "Alias": "it1",
                            "Startup Cost": 0.0,
                            "Total Cost": 2.41,
                            "Plan Rows": 1,
                            "Plan Width": 4,
                            "Actual Startup Time": 0.003,
                            "Actual Total Time": 0.003,
                            "Actual Rows": 1,
                            "Actual Loops": 58683,
                            "Output": [
                                "it1.id",
                                "it1.info"
                            ],
                            "Filter": "((it1.info)::text = 'countries'::text)",
                            "Rows Removed by Filter": 23
                        }
                    ]
                }
            ]
        },
        "Planning Time": 2907.497,
        "Triggers": [],
        "Execution Time": 5427.697
    }
]