[
  {
    "Plan": {
      "Node Type": "Aggregate",
      "Strategy": "Plain",
      "Partial Mode": "Finalize",
      "Parallel Aware": false,
      "Startup Cost": 33214.03,
      "Total Cost": 33214.04,
      "Plan Rows": 1,
      "Plan Width": 8,
      "Actual Startup Time": 100.815,
      "Actual Total Time": 108.69,
      "Actual Rows": 1,
      "Actual Loops": 1,
      "Plans": [
        {
          "Node Type": "Gather",
          "Parent Relationship": "Outer",
          "Parallel Aware": false,
          "Startup Cost": 33213.72,
          "Total Cost": 33214.03,
          "Plan Rows": 3,
          "Plan Width": 8,
          "Actual Startup Time": 100.677,
          "Actual Total Time": 108.678,
          "Actual Rows": 4,
          "Actual Loops": 1,
          "Workers Planned": 3,
          "Workers Launched": 3,
          "Single Copy": false,
          "Plans": [
            {
              "Node Type": "Aggregate",
              "Strategy": "Plain",
              "Partial Mode": "Partial",
              "Parent Relationship": "Outer",
              "Parallel Aware": false,
              "Startup Cost": 32213.72,
              "Total Cost": 32213.73,
              "Plan Rows": 1,
              "Plan Width": 8,
              "Actual Startup Time": 94.425,
              "Actual Total Time": 94.427,
              "Actual Rows": 1,
              "Actual Loops": 4,
              "Plans": [
                {
                  "Node Type": "Seq Scan",
                  "Parent Relationship": "Outer",
                  "Parallel Aware": true,
                  "Relation Name": "movie_companies",
                  "Alias": "mc",
                  "Startup Cost": 0.0,
                  "Total Cost": 31414.82,
                  "Plan Rows": 319559,
                  "Plan Width": 0,
                  "Actual Startup Time": 48.07,
                  "Actual Total Time": 83.074,
                  "Actual Rows": 286519,
                  "Actual Loops": 4,
                  "Filter": "((company_id > 1010) AND (company_type_id > 1))",
                  "Rows Removed by Filter": 365764
                }
              ]
            }
          ]
        }
      ]
    },
    "Planning Time": 0.228,
    "Triggers": [],
    "Execution Time": 108.746
  }
]