{
    "Plan": {
        "Node Type": "Aggregate",
        "Strategy": "Plain",
        "Partial Mode": "Finalize",
        "Parallel Aware": false,
        "Startup Cost": 316289.58,
        "Total Cost": 316289.59,
        "Plan Rows": 1,
        "Plan Width": 8,
        "Actual Startup Time": 2657.798,
        "Actual Total Time": 2752.722,
        "Actual Rows": 1,
        "Actual Loops": 1,
        "Output": [
            "count(*)"
        ],
        "Plans": [
            {
                "Node Type": "Gather",
                "Parent Relationship": "Outer",
                "Parallel Aware": false,
                "Startup Cost": 316289.06,
                "Total Cost": 316289.57,
                "Plan Rows": 5,
                "Plan Width": 8,
                "Actual Startup Time": 2637.578,
                "Actual Total Time": 2752.709,
                "Actual Rows": 6,
                "Actual Loops": 1,
                "Output": [
                    "(PARTIAL count(*))"
                ],
                "Workers Planned": 5,
                "Workers Launched": 5,
                "Single Copy": false,
                "Plans": [
                    {
                        "Node Type": "Aggregate",
                        "Strategy": "Plain",
                        "Partial Mode": "Partial",
                        "Parent Relationship": "Outer",
                        "Parallel Aware": false,
                        "Startup Cost": 315289.06,
                        "Total Cost": 315289.07,
                        "Plan Rows": 1,
                        "Plan Width": 8,
                        "Actual Startup Time": 2616.689,
                        "Actual Total Time": 2616.694,
                        "Actual Rows": 1,
                        "Actual Loops": 6,
                        "Output": [
                            "PARTIAL count(*)"
                        ],
                        "Workers": [
                            {
                                "Worker Number": 0,
                                "Actual Startup Time": 2612.301,
                                "Actual Total Time": 2612.304,
                                "Actual Rows": 1,
                                "Actual Loops": 1
                            },
                            {
                                "Worker Number": 1,
                                "Actual Startup Time": 2614.089,
                                "Actual Total Time": 2614.094,
                                "Actual Rows": 1,
                                "Actual Loops": 1
                            },
                            {
                                "Worker Number": 2,
                                "Actual Startup Time": 2612.443,
                                "Actual Total Time": 2612.447,
                                "Actual Rows": 1,
                                "Actual Loops": 1
                            },
                            {
                                "Worker Number": 3,
                                "Actual Startup Time": 2612.183,
                                "Actual Total Time": 2612.189,
                                "Actual Rows": 1,
                                "Actual Loops": 1
                            },
                            {
                                "Worker Number": 4,
                                "Actual Startup Time": 2612.439,
                                "Actual Total Time": 2612.442,
                                "Actual Rows": 1,
                                "Actual Loops": 1
                            }
                        ],
                        "Plans": [
                            {
                                "Node Type": "Nested Loop",
                                "Parent Relationship": "Outer",
                                "Parallel Aware": false,
                                "Join Type": "Inner",
                                "Startup Cost": 50838.75,
                                "Total Cost": 315177.01,
                                "Plan Rows": 44822,
                                "Plan Width": 0,
                                "Actual Startup Time": 432.099,
                                "Actual Total Time": 2561.496,
                                "Actual Rows": 1058741,
                                "Actual Loops": 6,
                                "Inner Unique": false,
                                "Workers": [
                                    {
                                        "Worker Number": 0,
                                        "Actual Startup Time": 428.472,
                                        "Actual Total Time": 2554.608,
                                        "Actual Rows": 971957,
                                        "Actual Loops": 1
                                    },
                                    {
                                        "Worker Number": 1,
                                        "Actual Startup Time": 428.049,
                                        "Actual Total Time": 2562.486,
                                        "Actual Rows": 871752,
                                        "Actual Loops": 1
                                    },
                                    {
                                        "Worker Number": 2,
                                        "Actual Startup Time": 428.47,
                                        "Actual Total Time": 2559.916,
                                        "Actual Rows": 1261826,
                                        "Actual Loops": 1
                                    },
                                    {
                                        "Worker Number": 3,
                                        "Actual Startup Time": 427.797,
                                        "Actual Total Time": 2560.769,
                                        "Actual Rows": 862359,
                                        "Actual Loops": 1
                                    },
                                    {
                                        "Worker Number": 4,
                                        "Actual Startup Time": 428.136,
                                        "Actual Total Time": 2551.294,
                                        "Actual Rows": 1011546,
                                        "Actual Loops": 1
                                    }
                                ],
                                "Plans": [
                                    {
                                        "Node Type": "Hash Join",
                                        "Parent Relationship": "Outer",
                                        "Parallel Aware": true,
                                        "Join Type": "Inner",
                                        "Startup Cost": 50838.18,
                                        "Total Cost": 249809.81,
                                        "Plan Rows": 30410,
                                        "Plan Width": 8,
                                        "Actual Startup Time": 431.384,
                                        "Actual Total Time": 605.219,
                                        "Actual Rows": 29333,
                                        "Actual Loops": 6,
                                        "Output": [
                                            "t.id",
                                            "mi.movie_id"
                                        ],
                                        "Inner Unique": true,
                                        "Hash Cond": "(mi.movie_id = t.id)",
                                        "Workers": [
                                            {
                                                "Worker Number": 0,
                                                "Actual Startup Time": 427.299,
                                                "Actual Total Time": 600.544,
                                                "Actual Rows": 26639,
                                                "Actual Loops": 1
                                            },
                                            {
                                                "Worker Number": 1,
                                                "Actual Startup Time": 427.331,
                                                "Actual Total Time": 602.685,
                                                "Actual Rows": 22667,
                                                "Actual Loops": 1
                                            },
                                            {
                                                "Worker Number": 2,
                                                "Actual Startup Time": 427.537,
                                                "Actual Total Time": 601.349,
                                                "Actual Rows": 35536,
                                                "Actual Loops": 1
                                            },
                                            {
                                                "Worker Number": 3,
                                                "Actual Startup Time": 427.189,
                                                "Actual Total Time": 601.185,
                                                "Actual Rows": 22832,
                                                "Actual Loops": 1
                                            },
                                            {
                                                "Worker Number": 4,
                                                "Actual Startup Time": 427.36,
                                                "Actual Total Time": 600.149,
                                                "Actual Rows": 25648,
                                                "Actual Loops": 1
                                            }
                                        ],
                                        "Plans": [
                                            {
                                                "Node Type": "Seq Scan",
                                                "Parent Relationship": "Outer",
                                                "Parallel Aware": true,
                                                "Relation Name": "movie_info",
                                                "Schema": "public",
                                                "Alias": "mi",
                                                "Startup Cost": 0.0,
                                                "Total Cost": 198880.74,
                                                "Plan Rows": 34625,
                                                "Plan Width": 4,
                                                "Actual Startup Time": 142.471,
                                                "Actual Total Time": 296.22,
                                                "Actual Rows": 30019,
                                                "Actual Loops": 6,
                                                "Output": [
                                                    "mi.id",
                                                    "mi.movie_id",
                                                    "mi.info_type_id",
                                                    "mi.info",
                                                    "mi.note"
                                                ],
                                                "Filter": "(mi.info_type_id = 13)",
                                                "Rows Removed by Filter": 2442601,
                                                "Workers": [
                                                    {
                                                        "Worker Number": 0,
                                                        "Actual Startup Time": 142.441,
                                                        "Actual Total Time": 295.943,
                                                        "Actual Rows": 27265,
                                                        "Actual Loops": 1
                                                    },
                                                    {
                                                        "Worker Number": 1,
                                                        "Actual Startup Time": 142.609,
                                                        "Actual Total Time": 296.415,
                                                        "Actual Rows": 23135,
                                                        "Actual Loops": 1
                                                    },
                                                    {
                                                        "Worker Number": 2,
                                                        "Actual Startup Time": 142.542,
                                                        "Actual Total Time": 297.645,
                                                        "Actual Rows": 36512,
                                                        "Actual Loops": 1
                                                    },
                                                    {
                                                        "Worker Number": 3,
                                                        "Actual Startup Time": 142.429,
                                                        "Actual Total Time": 296.85,
                                                        "Actual Rows": 23283,
                                                        "Actual Loops": 1
                                                    },
                                                    {
                                                        "Worker Number": 4,
                                                        "Actual Startup Time": 142.354,
                                                        "Actual Total Time": 296.026,
                                                        "Actual Rows": 26191,
                                                        "Actual Loops": 1
                                                    }
                                                ]
                                            },
                                            {
                                                "Node Type": "Hash",
                                                "Parent Relationship": "Inner",
                                                "Parallel Aware": true,
                                                "Startup Cost": 43899.01,
                                                "Total Cost": 43899.01,
                                                "Plan Rows": 555134,
                                                "Plan Width": 4,
                                                "Actual Startup Time": 281.302,
                                                "Actual Total Time": 281.304,
                                                "Actual Rows": 370762,
                                                "Actual Loops": 6,
                                                "Output": [
                                                    "t.id"
                                                ],
                                                "Hash Buckets": 4194304,
                                                "Original Hash Buckets": 4194304,
                                                "Hash Batches": 1,
                                                "Original Hash Batches": 1,
                                                "Peak Memory Usage": 119840,
                                                "Workers": [
                                                    {
                                                        "Worker Number": 0,
                                                        "Actual Startup Time": 284.249,
                                                        "Actual Total Time": 284.25,
                                                        "Actual Rows": 318720,
                                                        "Actual Loops": 1
                                                    },
                                                    {
                                                        "Worker Number": 1,
                                                        "Actual Startup Time": 284.051,
                                                        "Actual Total Time": 284.053,
                                                        "Actual Rows": 287043,
                                                        "Actual Loops": 1
                                                    },
                                                    {
                                                        "Worker Number": 2,
                                                        "Actual Startup Time": 284.392,
                                                        "Actual Total Time": 284.393,
                                                        "Actual Rows": 435154,
                                                        "Actual Loops": 1
                                                    },
                                                    {
                                                        "Worker Number": 3,
                                                        "Actual Startup Time": 284.102,
                                                        "Actual Total Time": 284.103,
                                                        "Actual Rows": 296920,
                                                        "Actual Loops": 1
                                                    },
                                                    {
                                                        "Worker Number": 4,
                                                        "Actual Startup Time": 284.412,
                                                        "Actual Total Time": 284.413,
                                                        "Actual Rows": 322477,
                                                        "Actual Loops": 1
                                                    }
                                                ],
                                                "Plans": [
                                                    {
                                                        "Node Type": "Seq Scan",
                                                        "Parent Relationship": "Outer",
                                                        "Parallel Aware": true,
                                                        "Relation Name": "title",
                                                        "Schema": "public",
                                                        "Alias": "t",
                                                        "Startup Cost": 0.0,
                                                        "Total Cost": 43899.01,
                                                        "Plan Rows": 555134,
                                                        "Plan Width": 4,
                                                        "Actual Startup Time": 0.059,
                                                        "Actual Total Time": 100.371,
                                                        "Actual Rows": 370762,
                                                        "Actual Loops": 6,
                                                        "Output": [
                                                            "t.id"
                                                        ],
                                                        "Filter": "(t.production_year < 2012)",
                                                        "Rows Removed by Filter": 50624,
                                                        "Workers": [
                                                            {
                                                                "Worker Number": 0,
                                                                "Actual Startup Time": 0.063,
                                                                "Actual Total Time": 105.576,
                                                                "Actual Rows": 318720,
                                                                "Actual Loops": 1
                                                            },
                                                            {
                                                                "Worker Number": 1,
                                                                "Actual Startup Time": 0.078,
                                                                "Actual Total Time": 103.739,
                                                                "Actual Rows": 287043,
                                                                "Actual Loops": 1
                                                            },
                                                            {
                                                                "Worker Number": 2,
                                                                "Actual Startup Time": 0.065,
                                                                "Actual Total Time": 99.765,
                                                                "Actual Rows": 435154,
                                                                "Actual Loops": 1
                                                            },
                                                            {
                                                                "Worker Number": 3,
                                                                "Actual Startup Time": 0.074,
                                                                "Actual Total Time": 102.98,
                                                                "Actual Rows": 296920,
                                                                "Actual Loops": 1
                                                            },
                                                            {
                                                                "Worker Number": 4,
                                                                "Actual Startup Time": 0.061,
                                                                "Actual Total Time": 105.306,
                                                                "Actual Rows": 322477,
                                                                "Actual Loops": 1
                                                            }
                                                        ]
                                                    }
                                                ]
                                            }
                                        ]
                                    },
                                    {
                                        "Node Type": "Index Scan",
                                        "Parent Relationship": "Inner",
                                        "Parallel Aware": false,
                                        "Scan Direction": "Forward",
                                        "Index Name": "movie_id_cast_info",
                                        "Relation Name": "cast_info",
                                        "Schema": "public",
                                        "Alias": "ci",
                                        "Startup Cost": 0.56,
                                        "Total Cost": 2.11,
                                        "Plan Rows": 4,
                                        "Plan Width": 4,
                                        "Actual Startup Time": 0.042,
                                        "Actual Total Time": 0.063,
                                        "Actual Rows": 36,
                                        "Actual Loops": 175999,
                                        "Output": [
                                            "ci.id",
                                            "ci.person_id",
                                            "ci.movie_id",
                                            "ci.person_role_id",
                                            "ci.note",
                                            "ci.nr_order",
                                            "ci.role_id"
                                        ],
                                        "Index Cond": "(ci.movie_id = t.id)",
                                        "Rows Removed by Index Recheck": 0,
                                        "Filter": "((ci.person_id > 430395) AND (ci.role_id = 10))",
                                        "Rows Removed by Filter": 63,
                                        "Workers": [
                                            {
                                                "Worker Number": 0,
                                                "Actual Startup Time": 0.047,
                                                "Actual Total Time": 0.07,
                                                "Actual Rows": 36,
                                                "Actual Loops": 26639
                                            },
                                            {
                                                "Worker Number": 1,
                                                "Actual Startup Time": 0.055,
                                                "Actual Total Time": 0.082,
                                                "Actual Rows": 38,
                                                "Actual Loops": 22667
                                            },
                                            {
                                                "Worker Number": 2,
                                                "Actual Startup Time": 0.035,
                                                "Actual Total Time": 0.052,
                                                "Actual Rows": 36,
                                                "Actual Loops": 35536
                                            },
                                            {
                                                "Worker Number": 3,
                                                "Actual Startup Time": 0.054,
                                                "Actual Total Time": 0.082,
                                                "Actual Rows": 38,
                                                "Actual Loops": 22832
                                            },
                                            {
                                                "Worker Number": 4,
                                                "Actual Startup Time": 0.047,
                                                "Actual Total Time": 0.072,
                                                "Actual Rows": 39,
                                                "Actual Loops": 25648
                                            }
                                        ]
                                    }
                                ]
                            }
                        ]
                    }
                ]
            }
        ]
    },
    "Planning Time": 1.605,
    "Triggers": [],
    "Execution Time": 2752.837
}