[
  {
    "Plan": {
      "Node Type": "Aggregate",
      "Strategy": "Plain",
      "Partial Mode": "Finalize",
      "Parallel Aware": false,
      "Startup Cost": 353698.67,
      "Total Cost": 353698.68,
      "Plan Rows": 1,
      "Plan Width": 8,
      "Actual Startup Time": 892.165,
      "Actual Total Time": 937.305,
      "Actual Rows": 1,
      "Actual Loops": 1,
      "Plans": [
        {
          "Node Type": "Gather",
          "Parent Relationship": "Outer",
          "Parallel Aware": false,
          "Startup Cost": 353698.04,
          "Total Cost": 353698.65,
          "Plan Rows": 6,
          "Plan Width": 8,
          "Actual Startup Time": 891.951,
          "Actual Total Time": 937.289,
          "Actual Rows": 7,
          "Actual Loops": 1,
          "Workers Planned": 6,
          "Workers Launched": 6,
          "Single Copy": false,
          "Plans": [
            {
              "Node Type": "Aggregate",
              "Strategy": "Plain",
              "Partial Mode": "Partial",
              "Parent Relationship": "Outer",
              "Parallel Aware": false,
              "Startup Cost": 352698.04,
              "Total Cost": 352698.05,
              "Plan Rows": 1,
              "Plan Width": 8,
              "Actual Startup Time": 882.279,
              "Actual Total Time": 882.281,
              "Actual Rows": 1,
              "Actual Loops": 7,
              "Plans": [
                {
                  "Node Type": "Seq Scan",
                  "Parent Relationship": "Outer",
                  "Parallel Aware": true,
                  "Relation Name": "cast_info",
                  "Alias": "ci",
                  "Startup Cost": 0.0,
                  "Total Cost": 343316.27,
                  "Plan Rows": 3752709,
                  "Plan Width": 0,
                  "Actual Startup Time": 45.214,
                  "Actual Total Time": 726.274,
                  "Actual Rows": 3160150,
                  "Actual Loops": 7,
                  "Filter": "((person_id > 244652) AND (role_id < 4))",
                  "Rows Removed by Filter": 2017613
                }
              ]
            }
          ]
        }
      ]
    },
    "Planning Time": 0.124,
    "Triggers": [],
    "Execution Time": 937.354
  }
]