[
  {
    "Plan": {
      "Node Type": "Aggregate",
      "Strategy": "Plain",
      "Partial Mode": "Simple",
      "Parallel Aware": false,
      "Startup Cost": 3169.95,
      "Total Cost": 3169.96,
      "Plan Rows": 1,
      "Plan Width": 8,
      "Actual Startup Time": 4.136,
      "Actual Total Time": 4.139,
      "Actual Rows": 1,
      "Actual Loops": 1,
      "Plans": [
        {
          "Node Type": "Nested Loop",
          "Parent Relationship": "Outer",
          "Parallel Aware": false,
          "Join Type": "Inner",
          "Startup Cost": 7.36,
          "Total Cost": 3169.52,
          "Plan Rows": 171,
          "Plan Width": 0,
          "Actual Startup Time": 0.942,
          "Actual Total Time": 4.024,
          "Actual Rows": 544,
          "Actual Loops": 1,
          "Inner Unique": false,
          "Plans": [
            {
              "Node Type": "Nested Loop",
              "Parent Relationship": "Outer",
              "Parallel Aware": false,
              "Join Type": "Inner",
              "Startup Cost": 6.79,
              "Total Cost": 3018.6,
              "Plan Rows": 12,
              "Plan Width": 8,
              "Actual Startup Time": 0.896,
              "Actual Total Time": 2.048,
              "Actual Rows": 15,
              "Actual Loops": 1,
              "Inner Unique": true,
              "Plans": [
                {
                  "Node Type": "Bitmap Heap Scan",
                  "Parent Relationship": "Outer",
                  "Parallel Aware": false,
                  "Relation Name": "movie_keyword",
                  "Alias": "mk",
                  "Startup Cost": 6.36,
                  "Total Cost": 926.55,
                  "Plan Rows": 249,
                  "Plan Width": 4,
                  "Actual Startup Time": 0.227,
                  "Actual Total Time": 0.643,
                  "Actual Rows": 122,
                  "Actual Loops": 1,
                  "Recheck Cond": "(keyword_id = 13716)",
                  "Rows Removed by Index Recheck": 0,
                  "Exact Heap Blocks": 112,
                  "Lossy Heap Blocks": 0,
                  "Plans": [
                    {
                      "Node Type": "Bitmap Index Scan",
                      "Parent Relationship": "Outer",
                      "Parallel Aware": false,
                      "Index Name": "keyword_id_movie_keyword",
                      "Startup Cost": 0.0,
                      "Total Cost": 6.3,
                      "Plan Rows": 249,
                      "Plan Width": 0,
                      "Actual Startup Time": 0.182,
                      "Actual Total Time": 0.183,
                      "Actual Rows": 122,
                      "Actual Loops": 1,
                      "Index Cond": "(keyword_id = 13716)"
                    }
                  ]
                },
                {
                  "Node Type": "Index Scan",
                  "Parent Relationship": "Inner",
                  "Parallel Aware": false,
                  "Scan Direction": "Forward",
                  "Index Name": "title_pkey",
                  "Relation Name": "title",
                  "Alias": "t",
                  "Startup Cost": 0.43,
                  "Total Cost": 8.4,
                  "Plan Rows": 1,
                  "Plan Width": 4,
                  "Actual Startup Time": 0.011,
                  "Actual Total Time": 0.011,
                  "Actual Rows": 0,
                  "Actual Loops": 122,
                  "Index Cond": "(id = mk.movie_id)",
                  "Rows Removed by Index Recheck": 0,
                  "Filter": "(kind_id = 4)",
                  "Rows Removed by Filter": 1
                }
              ]
            },
            {
              "Node Type": "Index Only Scan",
              "Parent Relationship": "Inner",
              "Parallel Aware": false,
              "Scan Direction": "Forward",
              "Index Name": "movie_id_cast_info",
              "Relation Name": "cast_info",
              "Alias": "ci",
              "Startup Cost": 0.56,
              "Total Cost": 12.23,
              "Plan Rows": 35,
              "Plan Width": 4,
              "Actual Startup Time": 0.019,
              "Actual Total Time": 0.119,
              "Actual Rows": 36,
              "Actual Loops": 15,
              "Index Cond": "(movie_id = t.id)",
              "Rows Removed by Index Recheck": 0,
              "Heap Fetches": 544
            }
          ]
        }
      ]
    },
    "Planning Time": 1.157,
    "Triggers": [],
    "Execution Time": 4.23
  }
]