{
  "Plan": {
    "Node Type": "Aggregate",
    "Strategy": "Plain",
    "Partial Mode": "Finalize",
    "Parallel Aware": false,
    "Startup Cost": 103958.51,
    "Total Cost": 103958.52,
    "Plan Rows": 1,
    "Plan Width": 8,
    "Actual Startup Time": 386.75,
    "Actual Total Time": 398.327,
    "Actual Rows": 1,
    "Actual Loops": 1,
    "Plans": [
      {
        "Node Type": "Gather",
        "Parent Relationship": "Outer",
        "Parallel Aware": false,
        "Startup Cost": 103958.39,
        "Total Cost": 103958.5,
        "Plan Rows": 1,
        "Plan Width": 8,
        "Actual Startup Time": 385.955,
        "Actual Total Time": 398.321,
        "Actual Rows": 2,
        "Actual Loops": 1,
        "Workers Planned": 1,
        "Workers Launched": 1,
        "Single Copy": false,
        "Plans": [
          {
            "Node Type": "Aggregate",
            "Strategy": "Plain",
            "Partial Mode": "Partial",
            "Parent Relationship": "Outer",
            "Parallel Aware": false,
            "Startup Cost": 102958.39,
            "Total Cost": 102958.4,
            "Plan Rows": 1,
            "Plan Width": 8,
            "Actual Startup Time": 383.044,
            "Actual Total Time": 383.048,
            "Actual Rows": 1,
            "Actual Loops": 2,
            "Plans": [
              {
                "Node Type": "Hash Join",
                "Parent Relationship": "Outer",
                "Parallel Aware": true,
                "Join Type": "Inner",
                "Startup Cost": 59824.12,
                "Total Cost": 102845.86,
                "Plan Rows": 45014,
                "Plan Width": 0,
                "Actual Startup Time": 170.63,
                "Actual Total Time": 375.806,
                "Actual Rows": 173270,
                "Actual Loops": 2,
                "Inner Unique": true,
                "Hash Cond": "(mc.movie_id = t.id)",
                "Plans": [
                  {
                    "Node Type": "Index Scan",
                    "Parent Relationship": "Outer",
                    "Parallel Aware": true,
                    "Scan Direction": "Forward",
                    "Index Name": "company_type_id_movie_companies",
                    "Relation Name": "movie_companies",
                    "Alias": "mc",
                    "Startup Cost": 0.43,
                    "Total Cost": 41574.35,
                    "Plan Rows": 551547,
                    "Plan Width": 4,
                    "Actual Startup Time": 0.15,
                    "Actual Total Time": 113.224,
                    "Actual Rows": 617320,
                    "Actual Loops": 2,
                    "Index Cond": "(company_type_id = 1)",
                    "Rows Removed by Index Recheck": 0,
                    "Filter": "(company_id < 42562)",
                    "Rows Removed by Filter": 19802
                  },
                  {
                    "Node Type": "Hash",
                    "Parent Relationship": "Inner",
                    "Parallel Aware": true,
                    "Startup Cost": 58306.47,
                    "Total Cost": 58306.47,
                    "Plan Rows": 121378,
                    "Plan Width": 4,
                    "Actual Startup Time": 169.248,
                    "Actual Total Time": 169.249,
                    "Actual Rows": 160290,
                    "Actual Loops": 2,
                    "Hash Buckets": 524288,
                    "Original Hash Buckets": 262144,
                    "Hash Batches": 1,
                    "Original Hash Batches": 1,
                    "Peak Memory Usage": 18720,
                    "Plans": [
                      {
                        "Node Type": "Seq Scan",
                        "Parent Relationship": "Outer",
                        "Parallel Aware": true,
                        "Relation Name": "title",
                        "Alias": "t",
                        "Startup Cost": 0.0,
                        "Total Cost": 58306.47,
                        "Plan Rows": 121378,
                        "Plan Width": 4,
                        "Actual Startup Time": 0.045,
                        "Actual Total Time": 130.623,
                        "Actual Rows": 160290,
                        "Actual Loops": 2,
                        "Filter": "((kind_id < 7) AND (production_year < 1982))",
                        "Rows Removed by Filter": 1103866
                      }
                    ]
                  }
                ]
              }
            ]
          }
        ]
      }
    ]
  },
  "Planning Time": 0.264,
  "Triggers": [],
  "Execution Time": 398.363
}