{
  "Plan": {
    "Node Type": "Aggregate",
    "Strategy": "Plain",
    "Partial Mode": "Finalize",
    "Parallel Aware": false,
    "Startup Cost": 105306.84,
    "Total Cost": 105306.85,
    "Plan Rows": 1,
    "Plan Width": 8,
    "Actual Startup Time": 447.685,
    "Actual Total Time": 486.25,
    "Actual Rows": 1,
    "Actual Loops": 1,
    "Plans": [
      {
        "Node Type": "Gather",
        "Parent Relationship": "Outer",
        "Parallel Aware": false,
        "Startup Cost": 105306.73,
        "Total Cost": 105306.84,
        "Plan Rows": 1,
        "Plan Width": 8,
        "Actual Startup Time": 447.632,
        "Actual Total Time": 486.243,
        "Actual Rows": 2,
        "Actual Loops": 1,
        "Workers Planned": 1,
        "Workers Launched": 1,
        "Single Copy": false,
        "Plans": [
          {
            "Node Type": "Aggregate",
            "Strategy": "Plain",
            "Partial Mode": "Partial",
            "Parent Relationship": "Outer",
            "Parallel Aware": false,
            "Startup Cost": 104306.73,
            "Total Cost": 104306.74,
            "Plan Rows": 1,
            "Plan Width": 8,
            "Actual Startup Time": 441.375,
            "Actual Total Time": 441.379,
            "Actual Rows": 1,
            "Actual Loops": 2,
            "Plans": [
              {
                "Node Type": "Nested Loop",
                "Parent Relationship": "Outer",
                "Parallel Aware": false,
                "Join Type": "Inner",
                "Startup Cost": 58366.68,
                "Total Cost": 104270.1,
                "Plan Rows": 14652,
                "Plan Width": 0,
                "Actual Startup Time": 208.492,
                "Actual Total Time": 436.939,
                "Actual Rows": 76386,
                "Actual Loops": 2,
                "Inner Unique": false,
                "Join Filter": "(t.id = mi.movie_id)",
                "Rows Removed by Join Filter": 0,
                "Plans": [
                  {
                    "Node Type": "Hash Join",
                    "Parent Relationship": "Outer",
                    "Parallel Aware": true,
                    "Join Type": "Inner",
                    "Startup Cost": 58366.24,
                    "Total Cost": 98386.57,
                    "Plan Rows": 2506,
                    "Plan Width": 8,
                    "Actual Startup Time": 208.411,
                    "Actual Total Time": 341.462,
                    "Actual Rows": 4222,
                    "Actual Loops": 2,
                    "Inner Unique": true,
                    "Hash Cond": "(mc.movie_id = t.id)",
                    "Plans": [
                      {
                        "Node Type": "Seq Scan",
                        "Parent Relationship": "Outer",
                        "Parallel Aware": true,
                        "Relation Name": "movie_companies",
                        "Alias": "mc",
                        "Startup Cost": 0.0,
                        "Total Cost": 37974.77,
                        "Plan Rows": 779260,
                        "Plan Width": 4,
                        "Actual Startup Time": 54.429,
                        "Actual Total Time": 127.731,
                        "Actual Rows": 667442,
                        "Actual Loops": 2,
                        "Filter": "(company_type_id > 1)",
                        "Rows Removed by Filter": 637123
                      },
                      {
                        "Node Type": "Hash",
                        "Parent Relationship": "Inner",
                        "Parallel Aware": true,
                        "Startup Cost": 58306.47,
                        "Total Cost": 58306.47,
                        "Plan Rows": 4782,
                        "Plan Width": 4,
                        "Actual Startup Time": 152.853,
                        "Actual Total Time": 152.854,
                        "Actual Rows": 4334,
                        "Actual Loops": 2,
                        "Hash Buckets": 8192,
                        "Original Hash Buckets": 8192,
                        "Hash Batches": 1,
                        "Original Hash Batches": 1,
                        "Peak Memory Usage": 416,
                        "Plans": [
                          {
                            "Node Type": "Seq Scan",
                            "Parent Relationship": "Outer",
                            "Parallel Aware": true,
                            "Relation Name": "title",
                            "Alias": "t",
                            "Startup Cost": 0.0,
                            "Total Cost": 58306.47,
                            "Plan Rows": 4782,
                            "Plan Width": 4,
                            "Actual Startup Time": 0.519,
                            "Actual Total Time": 151.167,
                            "Actual Rows": 4334,
                            "Actual Loops": 2,
                            "Filter": "((kind_id < 7) AND (production_year = 1989))",
                            "Rows Removed by Filter": 1259822
                          }
                        ]
                      }
                    ]
                  },
                  {
                    "Node Type": "Index Only Scan",
                    "Parent Relationship": "Inner",
                    "Parallel Aware": false,
                    "Scan Direction": "Forward",
                    "Index Name": "movie_id_movie_info",
                    "Relation Name": "movie_info",
                    "Alias": "mi",
                    "Startup Cost": 0.43,
                    "Total Cost": 1.82,
                    "Plan Rows": 42,
                    "Plan Width": 4,
                    "Actual Startup Time": 0.007,
                    "Actual Total Time": 0.02,
                    "Actual Rows": 18,
                    "Actual Loops": 8443,
                    "Index Cond": "(movie_id = mc.movie_id)",
                    "Rows Removed by Index Recheck": 0,
                    "Heap Fetches": 152773
                  }
                ]
              }
            ]
          }
        ]
      }
    ]
  },
  "Planning Time": 1.014,
  "Triggers": [],
  "Execution Time": 486.35
}