{
  "Plan": {
    "Node Type": "Aggregate",
    "Strategy": "Plain",
    "Partial Mode": "Finalize",
    "Parallel Aware": false,
    "Startup Cost": 396892.37,
    "Total Cost": 396892.38,
    "Plan Rows": 1,
    "Plan Width": 8,
    "Actual Startup Time": 3340.98,
    "Actual Total Time": 3395.27,
    "Actual Rows": 1,
    "Actual Loops": 1,
    "Plans": [
      {
        "Node Type": "Gather",
        "Parent Relationship": "Outer",
        "Parallel Aware": false,
        "Startup Cost": 396892.25,
        "Total Cost": 396892.36,
        "Plan Rows": 1,
        "Plan Width": 8,
        "Actual Startup Time": 3337.411,
        "Actual Total Time": 3395.262,
        "Actual Rows": 2,
        "Actual Loops": 1,
        "Workers Planned": 1,
        "Workers Launched": 1,
        "Single Copy": false,
        "Plans": [
          {
            "Node Type": "Aggregate",
            "Strategy": "Plain",
            "Partial Mode": "Partial",
            "Parent Relationship": "Outer",
            "Parallel Aware": false,
            "Startup Cost": 395892.25,
            "Total Cost": 395892.26,
            "Plan Rows": 1,
            "Plan Width": 8,
            "Actual Startup Time": 3331.224,
            "Actual Total Time": 3331.23,
            "Actual Rows": 1,
            "Actual Loops": 2,
            "Plans": [
              {
                "Node Type": "Hash Join",
                "Parent Relationship": "Outer",
                "Parallel Aware": true,
                "Join Type": "Inner",
                "Startup Cost": 102686.7,
                "Total Cost": 392421.03,
                "Plan Rows": 1388488,
                "Plan Width": 0,
                "Actual Startup Time": 645.783,
                "Actual Total Time": 3025.846,
                "Actual Rows": 7999651,
                "Actual Loops": 2,
                "Inner Unique": false,
                "Hash Cond": "(mi.movie_id = t.id)",
                "Plans": [
                  {
                    "Node Type": "Seq Scan",
                    "Parent Relationship": "Outer",
                    "Parallel Aware": true,
                    "Relation Name": "movie_info",
                    "Alias": "mi",
                    "Startup Cost": 0.0,
                    "Total Cost": 248955.74,
                    "Plan Rows": 8696274,
                    "Plan Width": 4,
                    "Actual Startup Time": 0.017,
                    "Actual Total Time": 635.322,
                    "Actual Rows": 7417860,
                    "Actual Loops": 2
                  },
                  {
                    "Node Type": "Hash",
                    "Parent Relationship": "Inner",
                    "Parallel Aware": true,
                    "Startup Cost": 99718.48,
                    "Total Cost": 99718.48,
                    "Plan Rows": 237458,
                    "Plan Width": 8,
                    "Actual Startup Time": 639.284,
                    "Actual Total Time": 639.288,
                    "Actual Rows": 330842,
                    "Actual Loops": 2,
                    "Hash Buckets": 1048576,
                    "Original Hash Buckets": 524288,
                    "Hash Batches": 1,
                    "Original Hash Batches": 1,
                    "Peak Memory Usage": 38208,
                    "Plans": [
                      {
                        "Node Type": "Hash Join",
                        "Parent Relationship": "Outer",
                        "Parallel Aware": true,
                        "Join Type": "Inner",
                        "Startup Cost": 59266.83,
                        "Total Cost": 99718.48,
                        "Plan Rows": 237458,
                        "Plan Width": 8,
                        "Actual Startup Time": 248.352,
                        "Actual Total Time": 551.083,
                        "Actual Rows": 330842,
                        "Actual Loops": 2,
                        "Inner Unique": true,
                        "Hash Cond": "(mc.movie_id = t.id)",
                        "Plans": [
                          {
                            "Node Type": "Seq Scan",
                            "Parent Relationship": "Outer",
                            "Parallel Aware": true,
                            "Relation Name": "movie_companies",
                            "Alias": "mc",
                            "Startup Cost": 0.0,
                            "Total Cost": 37974.77,
                            "Plan Rows": 943572,
                            "Plan Width": 4,
                            "Actual Startup Time": 0.014,
                            "Actual Total Time": 120.798,
                            "Actual Rows": 796059,
                            "Actual Loops": 2,
                            "Filter": "(company_id < 16138)",
                            "Rows Removed by Filter": 508506
                          },
                          {
                            "Node Type": "Hash",
                            "Parent Relationship": "Inner",
                            "Parallel Aware": true,
                            "Startup Cost": 54588.39,
                            "Total Cost": 54588.39,
                            "Plan Rows": 374275,
                            "Plan Width": 4,
                            "Actual Startup Time": 241.354,
                            "Actual Total Time": 241.354,
                            "Actual Rows": 321486,
                            "Actual Loops": 2,
                            "Hash Buckets": 1048576,
                            "Original Hash Buckets": 1048576,
                            "Hash Batches": 1,
                            "Original Hash Batches": 1,
                            "Peak Memory Usage": 33376,
                            "Plans": [
                              {
                                "Node Type": "Seq Scan",
                                "Parent Relationship": "Outer",
                                "Parallel Aware": true,
                                "Relation Name": "title",
                                "Alias": "t",
                                "Startup Cost": 0.0,
                                "Total Cost": 54588.39,
                                "Plan Rows": 374275,
                                "Plan Width": 4,
                                "Actual Startup Time": 0.043,
                                "Actual Total Time": 150.815,
                                "Actual Rows": 321486,
                                "Actual Loops": 2,
                                "Filter": "(production_year < 1988)",
                                "Rows Removed by Filter": 942670
                              }
                            ]
                          }
                        ]
                      }
                    ]
                  }
                ]
              }
            ]
          }
        ]
      }
    ]
  },
  "Planning Time": 1.045,
  "Triggers": [],
  "Execution Time": 3395.368
}