[
  {
    "Plan": {
      "Node Type": "Aggregate",
      "Strategy": "Plain",
      "Partial Mode": "Finalize",
      "Parallel Aware": false,
      "Startup Cost": 45262.89,
      "Total Cost": 45262.9,
      "Plan Rows": 1,
      "Plan Width": 8,
      "Actual Startup Time": 182.516,
      "Actual Total Time": 189.886,
      "Actual Rows": 1,
      "Actual Loops": 1,
      "Plans": [
        {
          "Node Type": "Gather",
          "Parent Relationship": "Outer",
          "Parallel Aware": false,
          "Startup Cost": 45262.57,
          "Total Cost": 45262.88,
          "Plan Rows": 3,
          "Plan Width": 8,
          "Actual Startup Time": 182.362,
          "Actual Total Time": 189.878,
          "Actual Rows": 4,
          "Actual Loops": 1,
          "Workers Planned": 3,
          "Workers Launched": 3,
          "Single Copy": false,
          "Plans": [
            {
              "Node Type": "Aggregate",
              "Strategy": "Plain",
              "Partial Mode": "Partial",
              "Parent Relationship": "Outer",
              "Parallel Aware": false,
              "Startup Cost": 44262.57,
              "Total Cost": 44262.58,
              "Plan Rows": 1,
              "Plan Width": 8,
              "Actual Startup Time": 174.874,
              "Actual Total Time": 174.876,
              "Actual Rows": 1,
              "Actual Loops": 4,
              "Plans": [
                {
                  "Node Type": "Seq Scan",
                  "Parent Relationship": "Outer",
                  "Parallel Aware": true,
                  "Relation Name": "movie_keyword",
                  "Alias": "mk",
                  "Startup Cost": 0.0,
                  "Total Cost": 42695.65,
                  "Plan Rows": 626768,
                  "Plan Width": 0,
                  "Actual Startup Time": 1.26,
                  "Actual Total Time": 144.352,
                  "Actual Rows": 485706,
                  "Actual Loops": 4,
                  "Filter": "(keyword_id > 6739)",
                  "Rows Removed by Filter": 645276
                }
              ]
            }
          ]
        }
      ]
    },
    "Planning Time": 0.151,
    "Triggers": [],
    "Execution Time": 189.936
  }
]