{
  "Plan": {
    "Node Type": "Aggregate",
    "Strategy": "Plain",
    "Partial Mode": "Finalize",
    "Parallel Aware": false,
    "Startup Cost": 42536.78,
    "Total Cost": 42536.79,
    "Plan Rows": 1,
    "Plan Width": 8,
    "Actual Startup Time": 28.23,
    "Actual Total Time": 32.147,
    "Actual Rows": 1,
    "Actual Loops": 1,
    "Plans": [
      {
        "Node Type": "Gather",
        "Parent Relationship": "Outer",
        "Parallel Aware": false,
        "Startup Cost": 42536.67,
        "Total Cost": 42536.78,
        "Plan Rows": 1,
        "Plan Width": 8,
        "Actual Startup Time": 27.964,
        "Actual Total Time": 32.139,
        "Actual Rows": 2,
        "Actual Loops": 1,
        "Workers Planned": 1,
        "Workers Launched": 1,
        "Single Copy": false,
        "Plans": [
          {
            "Node Type": "Aggregate",
            "Strategy": "Plain",
            "Partial Mode": "Partial",
            "Parent Relationship": "Outer",
            "Parallel Aware": false,
            "Startup Cost": 41536.67,
            "Total Cost": 41536.68,
            "Plan Rows": 1,
            "Plan Width": 8,
            "Actual Startup Time": 21.475,
            "Actual Total Time": 21.477,
            "Actual Rows": 1,
            "Actual Loops": 2,
            "Plans": [
              {
                "Node Type": "Nested Loop",
                "Parent Relationship": "Outer",
                "Parallel Aware": false,
                "Join Type": "Inner",
                "Startup Cost": 246.82,
                "Total Cost": 41535.35,
                "Plan Rows": 528,
                "Plan Width": 0,
                "Actual Startup Time": 9.587,
                "Actual Total Time": 21.457,
                "Actual Rows": 58,
                "Actual Loops": 2,
                "Inner Unique": false,
                "Plans": [
                  {
                    "Node Type": "Nested Loop",
                    "Parent Relationship": "Outer",
                    "Parallel Aware": false,
                    "Join Type": "Inner",
                    "Startup Cost": 246.38,
                    "Total Cost": 40808.32,
                    "Plan Rows": 295,
                    "Plan Width": 8,
                    "Actual Startup Time": 7.213,
                    "Actual Total Time": 21.168,
                    "Actual Rows": 23,
                    "Actual Loops": 2,
                    "Inner Unique": true,
                    "Plans": [
                      {
                        "Node Type": "Bitmap Heap Scan",
                        "Parent Relationship": "Outer",
                        "Parallel Aware": true,
                        "Relation Name": "movie_companies",
                        "Alias": "mc",
                        "Startup Cost": 245.95,
                        "Total Cost": 17328.6,
                        "Plan Rows": 3249,
                        "Plan Width": 4,
                        "Actual Startup Time": 1.77,
                        "Actual Total Time": 6.714,
                        "Actual Rows": 1206,
                        "Actual Loops": 2,
                        "Recheck Cond": "(company_id = 11)",
                        "Rows Removed by Index Recheck": 0,
                        "Filter": "(company_type_id = 1)",
                        "Rows Removed by Filter": 4128,
                        "Exact Heap Blocks": 1101,
                        "Lossy Heap Blocks": 0,
                        "Plans": [
                          {
                            "Node Type": "Bitmap Index Scan",
                            "Parent Relationship": "Outer",
                            "Parallel Aware": false,
                            "Index Name": "company_id_movie_companies",
                            "Startup Cost": 0.0,
                            "Total Cost": 244.57,
                            "Plan Rows": 11219,
                            "Plan Width": 0,
                            "Actual Startup Time": 2.764,
                            "Actual Total Time": 2.765,
                            "Actual Rows": 10667,
                            "Actual Loops": 1,
                            "Index Cond": "(company_id = 11)"
                          }
                        ]
                      },
                      {
                        "Node Type": "Index Scan",
                        "Parent Relationship": "Inner",
                        "Parallel Aware": false,
                        "Scan Direction": "Forward",
                        "Index Name": "title_pkey",
                        "Relation Name": "title",
                        "Alias": "t",
                        "Startup Cost": 0.43,
                        "Total Cost": 7.23,
                        "Plan Rows": 1,
                        "Plan Width": 4,
                        "Actual Startup Time": 0.011,
                        "Actual Total Time": 0.011,
                        "Actual Rows": 0,
                        "Actual Loops": 2411,
                        "Index Cond": "(id = mc.movie_id)",
                        "Rows Removed by Index Recheck": 0,
                        "Filter": "(production_year > 2011)",
                        "Rows Removed by Filter": 1
                      }
                    ]
                  },
                  {
                    "Node Type": "Index Only Scan",
                    "Parent Relationship": "Inner",
                    "Parallel Aware": false,
                    "Scan Direction": "Forward",
                    "Index Name": "movie_id_movie_keyword",
                    "Relation Name": "movie_keyword",
                    "Alias": "mk",
                    "Startup Cost": 0.43,
                    "Total Cost": 2.01,
                    "Plan Rows": 45,
                    "Plan Width": 4,
                    "Actual Startup Time": 0.009,
                    "Actual Total Time": 0.011,
                    "Actual Rows": 3,
                    "Actual Loops": 46,
                    "Index Cond": "(movie_id = t.id)",
                    "Rows Removed by Index Recheck": 0,
                    "Heap Fetches": 116
                  }
                ]
              }
            ]
          }
        ]
      }
    ]
  },
  "Planning Time": 0.922,
  "Triggers": [],
  "Execution Time": 32.24
}