[
    {
        "Bao": {
            "Bao prediction": "NaN",
            "Bao recommended hint": "(no hint)"
        }
    },
    {
        "Plan": {
            "Node Type": "Aggregate",
            "Strategy": "Plain",
            "Partial Mode": "Finalize",
            "Parallel Aware": false,
            "Startup Cost": 33744.55,
            "Total Cost": 33744.56,
            "Plan Rows": 1,
            "Plan Width": 8,
            "Actual Startup Time": 111.428,
            "Actual Total Time": 115.693,
            "Actual Rows": 1,
            "Actual Loops": 1,
            "Output": [
                "count(*)"
            ],
            "Plans": [
                {
                    "Node Type": "Gather",
                    "Parent Relationship": "Outer",
                    "Parallel Aware": false,
                    "Startup Cost": 33744.24,
                    "Total Cost": 33744.55,
                    "Plan Rows": 3,
                    "Plan Width": 8,
                    "Actual Startup Time": 111.248,
                    "Actual Total Time": 115.685,
                    "Actual Rows": 4,
                    "Actual Loops": 1,
                    "Output": [
                        "(PARTIAL count(*))"
                    ],
                    "Workers Planned": 3,
                    "Workers Launched": 3,
                    "Single Copy": false,
                    "Plans": [
                        {
                            "Node Type": "Aggregate",
                            "Strategy": "Plain",
                            "Partial Mode": "Partial",
                            "Parent Relationship": "Outer",
                            "Parallel Aware": false,
                            "Startup Cost": 32744.24,
                            "Total Cost": 32744.25,
                            "Plan Rows": 1,
                            "Plan Width": 8,
                            "Actual Startup Time": 102.428,
                            "Actual Total Time": 102.429,
                            "Actual Rows": 1,
                            "Actual Loops": 4,
                            "Output": [
                                "PARTIAL count(*)"
                            ],
                            "Workers": [
                                {
                                    "Worker Number": 0,
                                    "Actual Startup Time": 99.546,
                                    "Actual Total Time": 99.548,
                                    "Actual Rows": 1,
                                    "Actual Loops": 1
                                },
                                {
                                    "Worker Number": 1,
                                    "Actual Startup Time": 99.661,
                                    "Actual Total Time": 99.662,
                                    "Actual Rows": 1,
                                    "Actual Loops": 1
                                },
                                {
                                    "Worker Number": 2,
                                    "Actual Startup Time": 99.864,
                                    "Actual Total Time": 99.866,
                                    "Actual Rows": 1,
                                    "Actual Loops": 1
                                }
                            ],
                            "Plans": [
                                {
                                    "Node Type": "Bitmap Heap Scan",
                                    "Parent Relationship": "Outer",
                                    "Parallel Aware": true,
                                    "Relation Name": "movie_keyword",
                                    "Schema": "public",
                                    "Alias": "mk",
                                    "Startup Cost": 6750.53,
                                    "Total Cost": 32487.62,
                                    "Plan Rows": 102647,
                                    "Plan Width": 0,
                                    "Actual Startup Time": 38.741,
                                    "Actual Total Time": 97.696,
                                    "Actual Rows": 78753,
                                    "Actual Loops": 4,
                                    "Recheck Cond": "(mk.keyword_id > 51767)",
                                    "Rows Removed by Index Recheck": 0,
                                    "Exact Heap Blocks": 10197,
                                    "Lossy Heap Blocks": 0,
                                    "Workers": [
                                        {
                                            "Worker Number": 0,
                                            "Actual Startup Time": 35.942,
                                            "Actual Total Time": 95.186,
                                            "Actual Rows": 58018,
                                            "Actual Loops": 1
                                        },
                                        {
                                            "Worker Number": 1,
                                            "Actual Startup Time": 36.133,
                                            "Actual Total Time": 95.484,
                                            "Actual Rows": 55303,
                                            "Actual Loops": 1
                                        },
                                        {
                                            "Worker Number": 2,
                                            "Actual Startup Time": 36.25,
                                            "Actual Total Time": 95.7,
                                            "Actual Rows": 55580,
                                            "Actual Loops": 1
                                        }
                                    ],
                                    "Plans": [
                                        {
                                            "Node Type": "Bitmap Index Scan",
                                            "Parent Relationship": "Outer",
                                            "Parallel Aware": false,
                                            "Index Name": "keyword_id_movie_keyword",
                                            "Startup Cost": 0.0,
                                            "Total Cost": 6670.98,
                                            "Plan Rows": 318206,
                                            "Plan Width": 0,
                                            "Actual Startup Time": 42.566,
                                            "Actual Total Time": 42.566,
                                            "Actual Rows": 315012,
                                            "Actual Loops": 1,
                                            "Index Cond": "(mk.keyword_id > 51767)"
                                        }
                                    ]
                                }
                            ]
                        }
                    ]
                }
            ]
        },
        "Planning Time": 182.693,
        "Triggers": [],
        "Execution Time": 115.797
    }
]