[
  {
    "Plan": {
      "Node Type": "Aggregate",
      "Strategy": "Plain",
      "Partial Mode": "Finalize",
      "Parallel Aware": false,
      "Startup Cost": 342477.03,
      "Total Cost": 342477.04,
      "Plan Rows": 1,
      "Plan Width": 8,
      "Actual Startup Time": 897.036,
      "Actual Total Time": 939.465,
      "Actual Rows": 1,
      "Actual Loops": 1,
      "Plans": [
        {
          "Node Type": "Gather",
          "Parent Relationship": "Outer",
          "Parallel Aware": false,
          "Startup Cost": 342476.41,
          "Total Cost": 342477.02,
          "Plan Rows": 6,
          "Plan Width": 8,
          "Actual Startup Time": 896.857,
          "Actual Total Time": 939.455,
          "Actual Rows": 7,
          "Actual Loops": 1,
          "Workers Planned": 6,
          "Workers Launched": 6,
          "Single Copy": false,
          "Plans": [
            {
              "Node Type": "Aggregate",
              "Strategy": "Plain",
              "Partial Mode": "Partial",
              "Parent Relationship": "Outer",
              "Parallel Aware": false,
              "Startup Cost": 341476.41,
              "Total Cost": 341476.42,
              "Plan Rows": 1,
              "Plan Width": 8,
              "Actual Startup Time": 890.746,
              "Actual Total Time": 890.748,
              "Actual Rows": 1,
              "Actual Loops": 7,
              "Plans": [
                {
                  "Node Type": "Seq Scan",
                  "Parent Relationship": "Outer",
                  "Parallel Aware": true,
                  "Relation Name": "cast_info",
                  "Alias": "ci",
                  "Startup Cost": 0.0,
                  "Total Cost": 328211.39,
                  "Plan Rows": 5306006,
                  "Plan Width": 0,
                  "Actual Startup Time": 0.04,
                  "Actual Total Time": 659.505,
                  "Actual Rows": 4553375,
                  "Actual Loops": 7,
                  "Filter": "(person_id < 3262170)",
                  "Rows Removed by Filter": 624388
                }
              ]
            }
          ]
        }
      ]
    },
    "Planning Time": 0.168,
    "Triggers": [],
    "Execution Time": 939.532
  }
]