[
  {
    "Plan": {
      "Node Type": "Aggregate",
      "Strategy": "Plain",
      "Partial Mode": "Finalize",
      "Parallel Aware": false,
      "Startup Cost": 342355.17,
      "Total Cost": 342355.18,
      "Plan Rows": 1,
      "Plan Width": 8,
      "Actual Startup Time": 814.759,
      "Actual Total Time": 874.558,
      "Actual Rows": 1,
      "Actual Loops": 1,
      "Plans": [
        {
          "Node Type": "Gather",
          "Parent Relationship": "Outer",
          "Parallel Aware": false,
          "Startup Cost": 342354.54,
          "Total Cost": 342355.15,
          "Plan Rows": 6,
          "Plan Width": 8,
          "Actual Startup Time": 814.641,
          "Actual Total Time": 874.549,
          "Actual Rows": 7,
          "Actual Loops": 1,
          "Workers Planned": 6,
          "Workers Launched": 6,
          "Single Copy": false,
          "Plans": [
            {
              "Node Type": "Aggregate",
              "Strategy": "Plain",
              "Partial Mode": "Partial",
              "Parent Relationship": "Outer",
              "Parallel Aware": false,
              "Startup Cost": 341354.54,
              "Total Cost": 341354.55,
              "Plan Rows": 1,
              "Plan Width": 8,
              "Actual Startup Time": 807.12,
              "Actual Total Time": 807.121,
              "Actual Rows": 1,
              "Actual Loops": 7,
              "Plans": [
                {
                  "Node Type": "Seq Scan",
                  "Parent Relationship": "Outer",
                  "Parallel Aware": true,
                  "Relation Name": "cast_info",
                  "Alias": "ci",
                  "Startup Cost": 0.0,
                  "Total Cost": 328162.03,
                  "Plan Rows": 5277006,
                  "Plan Width": 0,
                  "Actual Startup Time": 0.04,
                  "Actual Total Time": 623.481,
                  "Actual Rows": 4553375,
                  "Actual Loops": 7,
                  "Filter": "(person_id < 3262170)",
                  "Rows Removed by Filter": 624388
                }
              ]
            }
          ]
        }
      ]
    },
    "Planning Time": 0.128,
    "Triggers": [],
    "Execution Time": 874.611
  }
]