[
  {
    "Plan": {
      "Node Type": "Aggregate",
      "Strategy": "Plain",
      "Partial Mode": "Finalize",
      "Parallel Aware": false,
      "Startup Cost": 348334.22,
      "Total Cost": 348334.23,
      "Plan Rows": 1,
      "Plan Width": 8,
      "Actual Startup Time": 760.188,
      "Actual Total Time": 810.166,
      "Actual Rows": 1,
      "Actual Loops": 1,
      "Plans": [
        {
          "Node Type": "Gather",
          "Parent Relationship": "Outer",
          "Parallel Aware": false,
          "Startup Cost": 348333.59,
          "Total Cost": 348334.2,
          "Plan Rows": 6,
          "Plan Width": 8,
          "Actual Startup Time": 760.045,
          "Actual Total Time": 810.155,
          "Actual Rows": 7,
          "Actual Loops": 1,
          "Workers Planned": 6,
          "Workers Launched": 6,
          "Single Copy": false,
          "Plans": [
            {
              "Node Type": "Aggregate",
              "Strategy": "Plain",
              "Partial Mode": "Partial",
              "Parent Relationship": "Outer",
              "Parallel Aware": false,
              "Startup Cost": 347333.59,
              "Total Cost": 347333.6,
              "Plan Rows": 1,
              "Plan Width": 8,
              "Actual Startup Time": 754.778,
              "Actual Total Time": 754.779,
              "Actual Rows": 1,
              "Actual Loops": 7,
              "Plans": [
                {
                  "Node Type": "Seq Scan",
                  "Parent Relationship": "Outer",
                  "Parallel Aware": true,
                  "Relation Name": "cast_info",
                  "Alias": "ci",
                  "Startup Cost": 0.0,
                  "Total Cost": 343316.27,
                  "Plan Rows": 1606929,
                  "Plan Width": 0,
                  "Actual Startup Time": 266.171,
                  "Actual Total Time": 653.812,
                  "Actual Rows": 2084144,
                  "Actual Loops": 7,
                  "Filter": "((person_id > 2198725) AND (role_id > 1))",
                  "Rows Removed by Filter": 3093620
                }
              ]
            }
          ]
        }
      ]
    },
    "Planning Time": 0.228,
    "Triggers": [],
    "Execution Time": 810.238
  }
]