[
    {
        "Bao": {
            "Bao prediction": "NaN",
            "Bao recommended hint": "(no hint)"
        }
    },
    {
        "Plan": {
            "Node Type": "Aggregate",
            "Strategy": "Plain",
            "Partial Mode": "Finalize",
            "Parallel Aware": false,
            "Startup Cost": 46731.48,
            "Total Cost": 46731.49,
            "Plan Rows": 1,
            "Plan Width": 8,
            "Actual Startup Time": 96.086,
            "Actual Total Time": 105.336,
            "Actual Rows": 1,
            "Actual Loops": 1,
            "Output": [
                "count(*)"
            ],
            "Plans": [
                {
                    "Node Type": "Gather",
                    "Parent Relationship": "Outer",
                    "Parallel Aware": false,
                    "Startup Cost": 46731.06,
                    "Total Cost": 46731.47,
                    "Plan Rows": 4,
                    "Plan Width": 8,
                    "Actual Startup Time": 95.954,
                    "Actual Total Time": 105.328,
                    "Actual Rows": 5,
                    "Actual Loops": 1,
                    "Output": [
                        "(PARTIAL count(*))"
                    ],
                    "Workers Planned": 4,
                    "Workers Launched": 4,
                    "Single Copy": false,
                    "Plans": [
                        {
                            "Node Type": "Aggregate",
                            "Strategy": "Plain",
                            "Partial Mode": "Partial",
                            "Parent Relationship": "Outer",
                            "Parallel Aware": false,
                            "Startup Cost": 45731.06,
                            "Total Cost": 45731.07,
                            "Plan Rows": 1,
                            "Plan Width": 8,
                            "Actual Startup Time": 87.363,
                            "Actual Total Time": 87.364,
                            "Actual Rows": 1,
                            "Actual Loops": 5,
                            "Output": [
                                "PARTIAL count(*)"
                            ],
                            "Workers": [
                                {
                                    "Worker Number": 0,
                                    "Actual Startup Time": 85.061,
                                    "Actual Total Time": 85.062,
                                    "Actual Rows": 1,
                                    "Actual Loops": 1
                                },
                                {
                                    "Worker Number": 1,
                                    "Actual Startup Time": 85.15,
                                    "Actual Total Time": 85.151,
                                    "Actual Rows": 1,
                                    "Actual Loops": 1
                                },
                                {
                                    "Worker Number": 2,
                                    "Actual Startup Time": 85.191,
                                    "Actual Total Time": 85.193,
                                    "Actual Rows": 1,
                                    "Actual Loops": 1
                                },
                                {
                                    "Worker Number": 3,
                                    "Actual Startup Time": 85.732,
                                    "Actual Total Time": 85.733,
                                    "Actual Rows": 1,
                                    "Actual Loops": 1
                                }
                            ],
                            "Plans": [
                                {
                                    "Node Type": "Seq Scan",
                                    "Parent Relationship": "Outer",
                                    "Parallel Aware": true,
                                    "Relation Name": "title",
                                    "Schema": "public",
                                    "Alias": "t",
                                    "Startup Cost": 0.0,
                                    "Total Cost": 45479.21,
                                    "Plan Rows": 100742,
                                    "Plan Width": 0,
                                    "Actual Startup Time": 0.049,
                                    "Actual Total Time": 81.979,
                                    "Actual Rows": 86844,
                                    "Actual Loops": 5,
                                    "Output": [
                                        "id",
                                        "title",
                                        "imdb_index",
                                        "kind_id",
                                        "production_year",
                                        "imdb_id",
                                        "phonetic_code",
                                        "episode_of_id",
                                        "season_nr",
                                        "episode_nr",
                                        "series_years",
                                        "md5sum"
                                    ],
                                    "Filter": "((t.production_year > 2008) AND (t.kind_id = 7))",
                                    "Rows Removed by Filter": 418819,
                                    "Workers": [
                                        {
                                            "Worker Number": 0,
                                            "Actual Startup Time": 0.054,
                                            "Actual Total Time": 80.174,
                                            "Actual Rows": 52939,
                                            "Actual Loops": 1
                                        },
                                        {
                                            "Worker Number": 1,
                                            "Actual Startup Time": 0.058,
                                            "Actual Total Time": 80.29,
                                            "Actual Rows": 53117,
                                            "Actual Loops": 1
                                        },
                                        {
                                            "Worker Number": 2,
                                            "Actual Startup Time": 0.064,
                                            "Actual Total Time": 80.656,
                                            "Actual Rows": 67275,
                                            "Actual Loops": 1
                                        },
                                        {
                                            "Worker Number": 3,
                                            "Actual Startup Time": 0.057,
                                            "Actual Total Time": 80.801,
                                            "Actual Rows": 73574,
                                            "Actual Loops": 1
                                        }
                                    ]
                                }
                            ]
                        }
                    ]
                }
            ]
        },
        "Planning Time": 174.912,
        "Triggers": [],
        "Execution Time": 105.38
    }
]