[
    {
        "Bao": {
            "Bao prediction": 462.132,
            "Bao recommended hint": "SET enable_mergejoin TO off; SET enable_indexscan TO off; "
        }
    },
    {
        "Plan": {
            "Node Type": "Aggregate",
            "Strategy": "Plain",
            "Partial Mode": "Simple",
            "Parallel Aware": false,
            "Startup Cost": 1968.5,
            "Total Cost": 1968.51,
            "Plan Rows": 1,
            "Plan Width": 8,
            "Actual Startup Time": 1.084,
            "Actual Total Time": 1.086,
            "Actual Rows": 1,
            "Actual Loops": 1,
            "Output": [
                "count(*)"
            ],
            "Plans": [
                {
                    "Node Type": "Bitmap Heap Scan",
                    "Parent Relationship": "Outer",
                    "Parallel Aware": false,
                    "Relation Name": "cast_info",
                    "Schema": "public",
                    "Alias": "ci",
                    "Startup Cost": 12.47,
                    "Total Cost": 1967.24,
                    "Plan Rows": 504,
                    "Plan Width": 0,
                    "Actual Startup Time": 0.245,
                    "Actual Total Time": 0.784,
                    "Actual Rows": 1798,
                    "Actual Loops": 1,
                    "Recheck Cond": "(ci.person_id = 120293)",
                    "Rows Removed by Index Recheck": 0,
                    "Exact Heap Blocks": 21,
                    "Lossy Heap Blocks": 0,
                    "Plans": [
                        {
                            "Node Type": "Bitmap Index Scan",
                            "Parent Relationship": "Outer",
                            "Parallel Aware": false,
                            "Index Name": "person_id_cast_info",
                            "Startup Cost": 0.0,
                            "Total Cost": 12.34,
                            "Plan Rows": 504,
                            "Plan Width": 0,
                            "Actual Startup Time": 0.223,
                            "Actual Total Time": 0.224,
                            "Actual Rows": 1798,
                            "Actual Loops": 1,
                            "Index Cond": "(ci.person_id = 120293)"
                        }
                    ]
                }
            ]
        },
        "Planning Time": 570.781,
        "Triggers": [],
        "Execution Time": 1.171
    }
]