[
    {
        "Bao": {
            "Bao prediction": "NaN",
            "Bao recommended hint": "(no hint)"
        }
    },
    {
        "Plan": {
            "Node Type": "Aggregate",
            "Strategy": "Plain",
            "Partial Mode": "Finalize",
            "Parallel Aware": false,
            "Startup Cost": 33403.13,
            "Total Cost": 33403.14,
            "Plan Rows": 1,
            "Plan Width": 8,
            "Actual Startup Time": 128.898,
            "Actual Total Time": 134.897,
            "Actual Rows": 1,
            "Actual Loops": 1,
            "Output": [
                "count(*)"
            ],
            "Plans": [
                {
                    "Node Type": "Gather",
                    "Parent Relationship": "Outer",
                    "Parallel Aware": false,
                    "Startup Cost": 33402.82,
                    "Total Cost": 33403.13,
                    "Plan Rows": 3,
                    "Plan Width": 8,
                    "Actual Startup Time": 128.779,
                    "Actual Total Time": 134.888,
                    "Actual Rows": 4,
                    "Actual Loops": 1,
                    "Output": [
                        "(PARTIAL count(*))"
                    ],
                    "Workers Planned": 3,
                    "Workers Launched": 3,
                    "Single Copy": false,
                    "Plans": [
                        {
                            "Node Type": "Aggregate",
                            "Strategy": "Plain",
                            "Partial Mode": "Partial",
                            "Parent Relationship": "Outer",
                            "Parallel Aware": false,
                            "Startup Cost": 32402.82,
                            "Total Cost": 32402.83,
                            "Plan Rows": 1,
                            "Plan Width": 8,
                            "Actual Startup Time": 119.175,
                            "Actual Total Time": 119.176,
                            "Actual Rows": 1,
                            "Actual Loops": 4,
                            "Output": [
                                "PARTIAL count(*)"
                            ],
                            "Workers": [
                                {
                                    "Worker Number": 0,
                                    "Actual Startup Time": 115.848,
                                    "Actual Total Time": 115.849,
                                    "Actual Rows": 1,
                                    "Actual Loops": 1
                                },
                                {
                                    "Worker Number": 1,
                                    "Actual Startup Time": 115.836,
                                    "Actual Total Time": 115.837,
                                    "Actual Rows": 1,
                                    "Actual Loops": 1
                                },
                                {
                                    "Worker Number": 2,
                                    "Actual Startup Time": 116.896,
                                    "Actual Total Time": 116.897,
                                    "Actual Rows": 1,
                                    "Actual Loops": 1
                                }
                            ],
                            "Plans": [
                                {
                                    "Node Type": "Seq Scan",
                                    "Parent Relationship": "Outer",
                                    "Parallel Aware": true,
                                    "Relation Name": "movie_companies",
                                    "Schema": "public",
                                    "Alias": "mc",
                                    "Startup Cost": 0.0,
                                    "Total Cost": 31414.82,
                                    "Plan Rows": 395199,
                                    "Plan Width": 0,
                                    "Actual Startup Time": 54.956,
                                    "Actual Total Time": 103.422,
                                    "Actual Rows": 281285,
                                    "Actual Loops": 4,
                                    "Output": [
                                        "id",
                                        "movie_id",
                                        "company_id",
                                        "company_type_id",
                                        "note"
                                    ],
                                    "Filter": "((mc.company_id < 110599) AND (mc.company_type_id > 1))",
                                    "Rows Removed by Filter": 370997,
                                    "Workers": [
                                        {
                                            "Worker Number": 0,
                                            "Actual Startup Time": 51.621,
                                            "Actual Total Time": 100.008,
                                            "Actual Rows": 241773,
                                            "Actual Loops": 1
                                        },
                                        {
                                            "Worker Number": 1,
                                            "Actual Startup Time": 51.621,
                                            "Actual Total Time": 100.295,
                                            "Actual Rows": 382407,
                                            "Actual Loops": 1
                                        },
                                        {
                                            "Worker Number": 2,
                                            "Actual Startup Time": 52.687,
                                            "Actual Total Time": 101.647,
                                            "Actual Rows": 230088,
                                            "Actual Loops": 1
                                        }
                                    ]
                                }
                            ]
                        }
                    ]
                }
            ]
        },
        "Planning Time": 338.674,
        "Triggers": [],
        "Execution Time": 134.993
    }
]