[
  {
    "Plan": {
      "Node Type": "Aggregate",
      "Strategy": "Plain",
      "Partial Mode": "Finalize",
      "Parallel Aware": false,
      "Startup Cost": 32992.39,
      "Total Cost": 32992.4,
      "Plan Rows": 1,
      "Plan Width": 8,
      "Actual Startup Time": 95.09,
      "Actual Total Time": 104.417,
      "Actual Rows": 1,
      "Actual Loops": 1,
      "Plans": [
        {
          "Node Type": "Gather",
          "Parent Relationship": "Outer",
          "Parallel Aware": false,
          "Startup Cost": 32992.07,
          "Total Cost": 32992.38,
          "Plan Rows": 3,
          "Plan Width": 8,
          "Actual Startup Time": 94.958,
          "Actual Total Time": 104.406,
          "Actual Rows": 4,
          "Actual Loops": 1,
          "Workers Planned": 3,
          "Workers Launched": 3,
          "Single Copy": false,
          "Plans": [
            {
              "Node Type": "Aggregate",
              "Strategy": "Plain",
              "Partial Mode": "Partial",
              "Parent Relationship": "Outer",
              "Parallel Aware": false,
              "Startup Cost": 31992.07,
              "Total Cost": 31992.08,
              "Plan Rows": 1,
              "Plan Width": 8,
              "Actual Startup Time": 88.453,
              "Actual Total Time": 88.454,
              "Actual Rows": 1,
              "Actual Loops": 4,
              "Plans": [
                {
                  "Node Type": "Seq Scan",
                  "Parent Relationship": "Outer",
                  "Parallel Aware": true,
                  "Relation Name": "movie_companies",
                  "Alias": "mc",
                  "Startup Cost": 0.0,
                  "Total Cost": 31414.82,
                  "Plan Rows": 230901,
                  "Plan Width": 0,
                  "Actual Startup Time": 13.464,
                  "Actual Total Time": 81.926,
                  "Actual Rows": 124086,
                  "Actual Loops": 4,
                  "Filter": "((company_id > 9190) AND (company_type_id = 1))",
                  "Rows Removed by Filter": 528196
                }
              ]
            }
          ]
        }
      ]
    },
    "Planning Time": 0.172,
    "Triggers": [],
    "Execution Time": 104.463
  }
]