[
  {
    "Plan": {
      "Node Type": "Aggregate",
      "Strategy": "Plain",
      "Partial Mode": "Finalize",
      "Parallel Aware": false,
      "Startup Cost": 250342.59,
      "Total Cost": 250342.6,
      "Plan Rows": 1,
      "Plan Width": 8,
      "Actual Startup Time": 972.378,
      "Actual Total Time": 1015.078,
      "Actual Rows": 1,
      "Actual Loops": 1,
      "Plans": [
        {
          "Node Type": "Gather",
          "Parent Relationship": "Outer",
          "Parallel Aware": false,
          "Startup Cost": 250342.07,
          "Total Cost": 250342.58,
          "Plan Rows": 5,
          "Plan Width": 8,
          "Actual Startup Time": 967.848,
          "Actual Total Time": 1015.067,
          "Actual Rows": 6,
          "Actual Loops": 1,
          "Workers Planned": 5,
          "Workers Launched": 5,
          "Single Copy": false,
          "Plans": [
            {
              "Node Type": "Aggregate",
              "Strategy": "Plain",
              "Partial Mode": "Partial",
              "Parent Relationship": "Outer",
              "Parallel Aware": false,
              "Startup Cost": 249342.07,
              "Total Cost": 249342.08,
              "Plan Rows": 1,
              "Plan Width": 8,
              "Actual Startup Time": 959.164,
              "Actual Total Time": 959.167,
              "Actual Rows": 1,
              "Actual Loops": 6,
              "Plans": [
                {
                  "Node Type": "Hash Join",
                  "Parent Relationship": "Outer",
                  "Parallel Aware": true,
                  "Join Type": "Inner",
                  "Startup Cost": 47825.29,
                  "Total Cost": 247147.05,
                  "Plan Rows": 878007,
                  "Plan Width": 0,
                  "Actual Startup Time": 139.017,
                  "Actual Total Time": 936.305,
                  "Actual Rows": 478110,
                  "Actual Loops": 6,
                  "Inner Unique": true,
                  "Hash Cond": "(mi.movie_id = t.id)",
                  "Plans": [
                    {
                      "Node Type": "Seq Scan",
                      "Parent Relationship": "Outer",
                      "Parallel Aware": true,
                      "Relation Name": "movie_info",
                      "Alias": "mi",
                      "Startup Cost": 0.0,
                      "Total Cost": 191560.33,
                      "Plan Rows": 2956733,
                      "Plan Width": 4,
                      "Actual Startup Time": 0.034,
                      "Actual Total Time": 314.11,
                      "Actual Rows": 2472620,
                      "Actual Loops": 6
                    },
                    {
                      "Node Type": "Hash",
                      "Parent Relationship": "Inner",
                      "Parallel Aware": true,
                      "Startup Cost": 45479.1,
                      "Total Cost": 45479.1,
                      "Plan Rows": 187695,
                      "Plan Width": 4,
                      "Actual Startup Time": 135.692,
                      "Actual Total Time": 135.693,
                      "Actual Rows": 107926,
                      "Actual Loops": 6,
                      "Hash Buckets": 1048576,
                      "Original Hash Buckets": 1048576,
                      "Hash Batches": 1,
                      "Original Hash Batches": 1,
                      "Peak Memory Usage": 33632,
                      "Plans": [
                        {
                          "Node Type": "Seq Scan",
                          "Parent Relationship": "Outer",
                          "Parallel Aware": true,
                          "Relation Name": "title",
                          "Alias": "t",
                          "Startup Cost": 0.0,
                          "Total Cost": 45479.1,
                          "Plan Rows": 187695,
                          "Plan Width": 4,
                          "Actual Startup Time": 0.034,
                          "Actual Total Time": 85.534,
                          "Actual Rows": 107926,
                          "Actual Loops": 6,
                          "Filter": "((kind_id > 1) AND (production_year < 2000))",
                          "Rows Removed by Filter": 313459
                        }
                      ]
                    }
                  ]
                }
              ]
            }
          ]
        }
      ]
    },
    "Planning Time": 0.42,
    "Triggers": [],
    "Execution Time": 1015.134
  }
]