{
    "Plan": {
        "Node Type": "Aggregate",
        "Strategy": "Plain",
        "Partial Mode": "Finalize",
        "Parallel Aware": false,
        "Startup Cost": 93348.83,
        "Total Cost": 93348.84,
        "Plan Rows": 1,
        "Plan Width": 8,
        "Actual Startup Time": 96.781,
        "Actual Total Time": 107.902,
        "Actual Rows": 1,
        "Actual Loops": 1,
        "Output": [
            "count(*)"
        ],
        "Plans": [
            {
                "Node Type": "Gather",
                "Parent Relationship": "Outer",
                "Parallel Aware": false,
                "Startup Cost": 93348.41,
                "Total Cost": 93348.82,
                "Plan Rows": 4,
                "Plan Width": 8,
                "Actual Startup Time": 96.614,
                "Actual Total Time": 107.892,
                "Actual Rows": 5,
                "Actual Loops": 1,
                "Output": [
                    "(PARTIAL count(*))"
                ],
                "Workers Planned": 4,
                "Workers Launched": 4,
                "Single Copy": false,
                "Plans": [
                    {
                        "Node Type": "Aggregate",
                        "Strategy": "Plain",
                        "Partial Mode": "Partial",
                        "Parent Relationship": "Outer",
                        "Parallel Aware": false,
                        "Startup Cost": 92348.41,
                        "Total Cost": 92348.42,
                        "Plan Rows": 1,
                        "Plan Width": 8,
                        "Actual Startup Time": 86.086,
                        "Actual Total Time": 86.088,
                        "Actual Rows": 1,
                        "Actual Loops": 5,
                        "Output": [
                            "PARTIAL count(*)"
                        ],
                        "Workers": [
                            {
                                "Worker Number": 0,
                                "Actual Startup Time": 83.363,
                                "Actual Total Time": 83.366,
                                "Actual Rows": 1,
                                "Actual Loops": 1
                            },
                            {
                                "Worker Number": 1,
                                "Actual Startup Time": 83.364,
                                "Actual Total Time": 83.366,
                                "Actual Rows": 1,
                                "Actual Loops": 1
                            },
                            {
                                "Worker Number": 2,
                                "Actual Startup Time": 83.363,
                                "Actual Total Time": 83.366,
                                "Actual Rows": 1,
                                "Actual Loops": 1
                            },
                            {
                                "Worker Number": 3,
                                "Actual Startup Time": 84.617,
                                "Actual Total Time": 84.619,
                                "Actual Rows": 1,
                                "Actual Loops": 1
                            }
                        ],
                        "Plans": [
                            {
                                "Node Type": "Nested Loop",
                                "Parent Relationship": "Outer",
                                "Parallel Aware": false,
                                "Join Type": "Inner",
                                "Startup Cost": 1.0,
                                "Total Cost": 92331.72,
                                "Plan Rows": 6678,
                                "Plan Width": 0,
                                "Actual Startup Time": 7.8,
                                "Actual Total Time": 86.06,
                                "Actual Rows": 86,
                                "Actual Loops": 5,
                                "Inner Unique": false,
                                "Join Filter": "(t.id = ci.movie_id)",
                                "Rows Removed by Join Filter": 0,
                                "Workers": [
                                    {
                                        "Worker Number": 0,
                                        "Actual Startup Time": 21.541,
                                        "Actual Total Time": 83.341,
                                        "Actual Rows": 80,
                                        "Actual Loops": 1
                                    },
                                    {
                                        "Worker Number": 1,
                                        "Actual Startup Time": 11.196,
                                        "Actual Total Time": 83.344,
                                        "Actual Rows": 78,
                                        "Actual Loops": 1
                                    },
                                    {
                                        "Worker Number": 2,
                                        "Actual Startup Time": 2.024,
                                        "Actual Total Time": 83.34,
                                        "Actual Rows": 66,
                                        "Actual Loops": 1
                                    },
                                    {
                                        "Worker Number": 3,
                                        "Actual Startup Time": 2.359,
                                        "Actual Total Time": 84.581,
                                        "Actual Rows": 101,
                                        "Actual Loops": 1
                                    }
                                ],
                                "Plans": [
                                    {
                                        "Node Type": "Nested Loop",
                                        "Parent Relationship": "Outer",
                                        "Parallel Aware": false,
                                        "Join Type": "Inner",
                                        "Startup Cost": 0.43,
                                        "Total Cost": 89454.14,
                                        "Plan Rows": 1852,
                                        "Plan Width": 8,
                                        "Actual Startup Time": 5.006,
                                        "Actual Total Time": 82.923,
                                        "Actual Rows": 30,
                                        "Actual Loops": 5,
                                        "Output": [
                                            "t.id",
                                            "mi.movie_id"
                                        ],
                                        "Inner Unique": false,
                                        "Workers": [
                                            {
                                                "Worker Number": 0,
                                                "Actual Startup Time": 15.372,
                                                "Actual Total Time": 80.182,
                                                "Actual Rows": 31,
                                                "Actual Loops": 1
                                            },
                                            {
                                                "Worker Number": 1,
                                                "Actual Startup Time": 4.077,
                                                "Actual Total Time": 80.659,
                                                "Actual Rows": 26,
                                                "Actual Loops": 1
                                            },
                                            {
                                                "Worker Number": 2,
                                                "Actual Startup Time": 1.688,
                                                "Actual Total Time": 79.81,
                                                "Actual Rows": 30,
                                                "Actual Loops": 1
                                            },
                                            {
                                                "Worker Number": 3,
                                                "Actual Startup Time": 2.06,
                                                "Actual Total Time": 79.315,
                                                "Actual Rows": 20,
                                                "Actual Loops": 1
                                            }
                                        ],
                                        "Plans": [
                                            {
                                                "Node Type": "Seq Scan",
                                                "Parent Relationship": "Outer",
                                                "Parallel Aware": true,
                                                "Relation Name": "title",
                                                "Schema": "public",
                                                "Alias": "t",
                                                "Startup Cost": 0.0,
                                                "Total Cost": 45479.21,
                                                "Plan Rows": 317,
                                                "Plan Width": 4,
                                                "Actual Startup Time": 4.769,
                                                "Actual Total Time": 81.894,
                                                "Actual Rows": 27,
                                                "Actual Loops": 5,
                                                "Output": [
                                                    "t.id",
                                                    "t.title",
                                                    "t.imdb_index",
                                                    "t.kind_id",
                                                    "t.production_year",
                                                    "t.imdb_id",
                                                    "t.phonetic_code",
                                                    "t.episode_of_id",
                                                    "t.season_nr",
                                                    "t.episode_nr",
                                                    "t.series_years",
                                                    "t.md5sum"
                                                ],
                                                "Filter": "((t.production_year > 2013) AND (t.kind_id = 7))",
                                                "Rows Removed by Filter": 505635,
                                                "Workers": [
                                                    {
                                                        "Worker Number": 0,
                                                        "Actual Startup Time": 15.184,
                                                        "Actual Total Time": 79.083,
                                                        "Actual Rows": 27,
                                                        "Actual Loops": 1
                                                    },
                                                    {
                                                        "Worker Number": 1,
                                                        "Actual Startup Time": 3.779,
                                                        "Actual Total Time": 79.445,
                                                        "Actual Rows": 18,
                                                        "Actual Loops": 1
                                                    },
                                                    {
                                                        "Worker Number": 2,
                                                        "Actual Startup Time": 1.383,
                                                        "Actual Total Time": 78.619,
                                                        "Actual Rows": 29,
                                                        "Actual Loops": 1
                                                    },
                                                    {
                                                        "Worker Number": 3,
                                                        "Actual Startup Time": 1.751,
                                                        "Actual Total Time": 78.127,
                                                        "Actual Rows": 20,
                                                        "Actual Loops": 1
                                                    }
                                                ]
                                            },
                                            {
                                                "Node Type": "Index Only Scan",
                                                "Parent Relationship": "Inner",
                                                "Parallel Aware": false,
                                                "Scan Direction": "Forward",
                                                "Index Name": "movie_id_movie_info",
                                                "Relation Name": "movie_info",
                                                "Schema": "public",
                                                "Alias": "mi",
                                                "Startup Cost": 0.43,
                                                "Total Cost": 138.33,
                                                "Plan Rows": 39,
                                                "Plan Width": 4,
                                                "Actual Startup Time": 0.033,
                                                "Actual Total Time": 0.035,
                                                "Actual Rows": 1,
                                                "Actual Loops": 137,
                                                "Output": [
                                                    "mi.movie_id"
                                                ],
                                                "Index Cond": "(mi.movie_id = t.id)",
                                                "Rows Removed by Index Recheck": 0,
                                                "Heap Fetches": 152,
                                                "Workers": [
                                                    {
                                                        "Worker Number": 0,
                                                        "Actual Startup Time": 0.036,
                                                        "Actual Total Time": 0.039,
                                                        "Actual Rows": 1,
                                                        "Actual Loops": 27
                                                    },
                                                    {
                                                        "Worker Number": 1,
                                                        "Actual Startup Time": 0.056,
                                                        "Actual Total Time": 0.065,
                                                        "Actual Rows": 1,
                                                        "Actual Loops": 18
                                                    },
                                                    {
                                                        "Worker Number": 2,
                                                        "Actual Startup Time": 0.038,
                                                        "Actual Total Time": 0.039,
                                                        "Actual Rows": 1,
                                                        "Actual Loops": 29
                                                    },
                                                    {
                                                        "Worker Number": 3,
                                                        "Actual Startup Time": 0.055,
                                                        "Actual Total Time": 0.056,
                                                        "Actual Rows": 1,
                                                        "Actual Loops": 20
                                                    }
                                                ]
                                            }
                                        ]
                                    },
                                    {
                                        "Node Type": "Index Scan",
                                        "Parent Relationship": "Inner",
                                        "Parallel Aware": false,
                                        "Scan Direction": "Forward",
                                        "Index Name": "movie_id_cast_info",
                                        "Relation Name": "cast_info",
                                        "Schema": "public",
                                        "Alias": "ci",
                                        "Startup Cost": 0.56,
                                        "Total Cost": 1.43,
                                        "Plan Rows": 10,
                                        "Plan Width": 4,
                                        "Actual Startup Time": 0.035,
                                        "Actual Total Time": 0.101,
                                        "Actual Rows": 3,
                                        "Actual Loops": 152,
                                        "Output": [
                                            "ci.id",
                                            "ci.person_id",
                                            "ci.movie_id",
                                            "ci.person_role_id",
                                            "ci.note",
                                            "ci.nr_order",
                                            "ci.role_id"
                                        ],
                                        "Index Cond": "(ci.movie_id = mi.movie_id)",
                                        "Rows Removed by Index Recheck": 0,
                                        "Filter": "(ci.person_id < 902988)",
                                        "Rows Removed by Filter": 8,
                                        "Workers": [
                                            {
                                                "Worker Number": 0,
                                                "Actual Startup Time": 0.044,
                                                "Actual Total Time": 0.1,
                                                "Actual Rows": 3,
                                                "Actual Loops": 31
                                            },
                                            {
                                                "Worker Number": 1,
                                                "Actual Startup Time": 0.045,
                                                "Actual Total Time": 0.102,
                                                "Actual Rows": 3,
                                                "Actual Loops": 26
                                            },
                                            {
                                                "Worker Number": 2,
                                                "Actual Startup Time": 0.04,
                                                "Actual Total Time": 0.116,
                                                "Actual Rows": 2,
                                                "Actual Loops": 30
                                            },
                                            {
                                                "Worker Number": 3,
                                                "Actual Startup Time": 0.057,
                                                "Actual Total Time": 0.26,
                                                "Actual Rows": 5,
                                                "Actual Loops": 20
                                            }
                                        ]
                                    }
                                ]
                            }
                        ]
                    }
                ]
            }
        ]
    },
    "Planning Time": 1.499,
    "Triggers": [],
    "Execution Time": 107.99
}