[
  {
    "Plan": {
      "Node Type": "Aggregate",
      "Strategy": "Plain",
      "Partial Mode": "Finalize",
      "Parallel Aware": false,
      "Startup Cost": 198297.1,
      "Total Cost": 198297.11,
      "Plan Rows": 1,
      "Plan Width": 8,
      "Actual Startup Time": 540.385,
      "Actual Total Time": 562.061,
      "Actual Rows": 1,
      "Actual Loops": 1,
      "Plans": [
        {
          "Node Type": "Gather",
          "Parent Relationship": "Outer",
          "Parallel Aware": false,
          "Startup Cost": 198296.58,
          "Total Cost": 198297.09,
          "Plan Rows": 5,
          "Plan Width": 8,
          "Actual Startup Time": 525.35,
          "Actual Total Time": 561.985,
          "Actual Rows": 6,
          "Actual Loops": 1,
          "Workers Planned": 5,
          "Workers Launched": 5,
          "Single Copy": false,
          "Plans": [
            {
              "Node Type": "Aggregate",
              "Strategy": "Plain",
              "Partial Mode": "Partial",
              "Parent Relationship": "Outer",
              "Parallel Aware": false,
              "Startup Cost": 197296.58,
              "Total Cost": 197296.59,
              "Plan Rows": 1,
              "Plan Width": 8,
              "Actual Startup Time": 514.404,
              "Actual Total Time": 514.411,
              "Actual Rows": 1,
              "Actual Loops": 6,
              "Plans": [
                {
                  "Node Type": "Hash Join",
                  "Parent Relationship": "Outer",
                  "Parallel Aware": true,
                  "Join Type": "Inner",
                  "Startup Cost": 84103.24,
                  "Total Cost": 196849.76,
                  "Plan Rows": 178728,
                  "Plan Width": 0,
                  "Actual Startup Time": 323.043,
                  "Actual Total Time": 508.146,
                  "Actual Rows": 160037,
                  "Actual Loops": 6,
                  "Inner Unique": false,
                  "Hash Cond": "(ci.movie_id = t.id)",
                  "Plans": [
                    {
                      "Node Type": "Index Scan",
                      "Parent Relationship": "Outer",
                      "Parallel Aware": true,
                      "Scan Direction": "Forward",
                      "Index Name": "role_id_cast_info",
                      "Relation Name": "cast_info",
                      "Alias": "ci",
                      "Startup Cost": 0.56,
                      "Total Cost": 110428.26,
                      "Plan Rows": 499201,
                      "Plan Width": 4,
                      "Actual Startup Time": 0.296,
                      "Actual Total Time": 111.114,
                      "Actual Rows": 257099,
                      "Actual Loops": 6,
                      "Index Cond": "(role_id = 3)",
                      "Rows Removed by Index Recheck": 0,
                      "Filter": "(person_id < 2282746)",
                      "Rows Removed by Filter": 410907
                    },
                    {
                      "Node Type": "Hash",
                      "Parent Relationship": "Inner",
                      "Parallel Aware": true,
                      "Startup Cost": 81273.93,
                      "Total Cost": 81273.93,
                      "Plan Rows": 226300,
                      "Plan Width": 8,
                      "Actual Startup Time": 319.127,
                      "Actual Total Time": 319.132,
                      "Actual Rows": 123121,
                      "Actual Loops": 6,
                      "Hash Buckets": 1048576,
                      "Original Hash Buckets": 1048576,
                      "Hash Batches": 1,
                      "Original Hash Batches": 1,
                      "Peak Memory Usage": 37248,
                      "Plans": [
                        {
                          "Node Type": "Hash Join",
                          "Parent Relationship": "Outer",
                          "Parallel Aware": true,
                          "Join Type": "Inner",
                          "Startup Cost": 35064.83,
                          "Total Cost": 81273.93,
                          "Plan Rows": 226300,
                          "Plan Width": 8,
                          "Actual Startup Time": 113.599,
                          "Actual Total Time": 275.653,
                          "Actual Rows": 123121,
                          "Actual Loops": 6,
                          "Inner Unique": false,
                          "Hash Cond": "(t.id = mc.movie_id)",
                          "Plans": [
                            {
                              "Node Type": "Seq Scan",
                              "Parent Relationship": "Outer",
                              "Parallel Aware": true,
                              "Relation Name": "title",
                              "Alias": "t",
                              "Startup Cost": 0.0,
                              "Total Cost": 42318.73,
                              "Plan Rows": 632073,
                              "Plan Width": 4,
                              "Actual Startup Time": 0.015,
                              "Actual Total Time": 57.552,
                              "Actual Rows": 421385,
                              "Actual Loops": 6
                            },
                            {
                              "Node Type": "Hash",
                              "Parent Relationship": "Inner",
                              "Parallel Aware": true,
                              "Startup Cost": 31414.82,
                              "Total Cost": 31414.82,
                              "Plan Rows": 292001,
                              "Plan Width": 4,
                              "Actual Startup Time": 111.615,
                              "Actual Total Time": 111.616,
                              "Actual Rows": 123121,
                              "Actual Loops": 6,
                              "Hash Buckets": 1048576,
                              "Original Hash Buckets": 1048576,
                              "Hash Batches": 1,
                              "Original Hash Batches": 1,
                              "Peak Memory Usage": 37184,
                              "Plans": [
                                {
                                  "Node Type": "Seq Scan",
                                  "Parent Relationship": "Outer",
                                  "Parallel Aware": true,
                                  "Relation Name": "movie_companies",
                                  "Alias": "mc",
                                  "Startup Cost": 0.0,
                                  "Total Cost": 31414.82,
                                  "Plan Rows": 292001,
                                  "Plan Width": 4,
                                  "Actual Startup Time": 1.008,
                                  "Actual Total Time": 63.183,
                                  "Actual Rows": 123121,
                                  "Actual Loops": 6,
                                  "Filter": "((company_id > 1564) AND (company_type_id < 2))",
                                  "Rows Removed by Filter": 311734
                                }
                              ]
                            }
                          ]
                        }
                      ]
                    }
                  ]
                }
              ]
            }
          ]
        }
      ]
    },
    "Planning Time": 1.37,
    "Triggers": [],
    "Execution Time": 562.155
  }
]