[
  {
    "Plan": {
      "Node Type": "Gather",
      "Parallel Aware": false,
      "Startup Cost": 33783.13,
      "Total Cost": 106802.43,
      "Plan Rows": 265148,
      "Plan Width": 40,
      "Actual Startup Time": 152.419,
      "Actual Total Time": 462.131,
      "Actual Rows": 259406,
      "Actual Loops": 1,
      "Workers Planned": 4,
      "Workers Launched": 4,
      "Single Copy": false,
      "Plans": [
        {
          "Node Type": "Hash Join",
          "Parent Relationship": "Outer",
          "Parallel Aware": false,
          "Join Type": "Inner",
          "Startup Cost": 32783.13,
          "Total Cost": 79287.63,
          "Plan Rows": 66287,
          "Plan Width": 40,
          "Actual Startup Time": 141.827,
          "Actual Total Time": 404.24,
          "Actual Rows": 51881,
          "Actual Loops": 5,
          "Inner Unique": true,
          "Hash Cond": "(t.kind_id = kt.id)",
          "Plans": [
            {
              "Node Type": "Hash Join",
              "Parent Relationship": "Outer",
              "Parallel Aware": false,
              "Join Type": "Inner",
              "Startup Cost": 32781.97,
              "Total Cost": 79007.12,
              "Plan Rows": 66287,
              "Plan Width": 44,
              "Actual Startup Time": 141.394,
              "Actual Total Time": 393.053,
              "Actual Rows": 51881,
              "Actual Loops": 5,
              "Inner Unique": true,
              "Hash Cond": "(mc.company_type_id = ct.id)",
              "Plans": [
                {
                  "Node Type": "Hash Join",
                  "Parent Relationship": "Outer",
                  "Parallel Aware": true,
                  "Join Type": "Inner",
                  "Startup Cost": 32780.88,
                  "Total Cost": 78647.66,
                  "Plan Rows": 66287,
                  "Plan Width": 44,
                  "Actual Startup Time": 141.286,
                  "Actual Total Time": 382.205,
                  "Actual Rows": 51881,
                  "Actual Loops": 5,
                  "Inner Unique": true,
                  "Hash Cond": "(mc.company_id = cn.id)",
                  "Plans": [
                    {
                      "Node Type": "Hash Join",
                      "Parent Relationship": "Outer",
                      "Parallel Aware": true,
                      "Join Type": "Inner",
                      "Startup Cost": 26675.62,
                      "Total Cost": 72368.4,
                      "Plan Rows": 66287,
                      "Plan Width": 44,
                      "Actual Startup Time": 103.038,
                      "Actual Total Time": 328.533,
                      "Actual Rows": 51881,
                      "Actual Loops": 5,
                      "Inner Unique": false,
                      "Hash Cond": "(t.id = mc.movie_id)",
                      "Plans": [
                        {
                          "Node Type": "Seq Scan",
                          "Parent Relationship": "Outer",
                          "Parallel Aware": true,
                          "Relation Name": "title",
                          "Alias": "t",
                          "Startup Cost": 0.0,
                          "Total Cost": 42318.63,
                          "Plan Rows": 632063,
                          "Plan Width": 8,
                          "Actual Startup Time": 0.031,
                          "Actual Total Time": 93.902,
                          "Actual Rows": 505662,
                          "Actual Loops": 5
                        },
                        {
                          "Node Type": "Hash",
                          "Parent Relationship": "Inner",
                          "Parallel Aware": true,
                          "Startup Cost": 25606.47,
                          "Total Cost": 25606.47,
                          "Plan Rows": 85532,
                          "Plan Width": 40,
                          "Actual Startup Time": 102.028,
                          "Actual Total Time": 102.03,
                          "Actual Rows": 51881,
                          "Actual Loops": 5,
                          "Hash Buckets": 524288,
                          "Original Hash Buckets": 524288,
                          "Hash Batches": 1,
                          "Original Hash Batches": 1,
                          "Peak Memory Usage": 21728,
                          "Plans": [
                            {
                              "Node Type": "Bitmap Heap Scan",
                              "Parent Relationship": "Outer",
                              "Parallel Aware": true,
                              "Relation Name": "movie_companies",
                              "Alias": "mc",
                              "Startup Cost": 5747.33,
                              "Total Cost": 25606.47,
                              "Plan Rows": 85532,
                              "Plan Width": 40,
                              "Actual Startup Time": 24.713,
                              "Actual Total Time": 68.112,
                              "Actual Rows": 51881,
                              "Actual Loops": 5,
                              "Recheck Cond": "(company_id < 133)",
                              "Rows Removed by Index Recheck": 0,
                              "Exact Heap Blocks": 5040,
                              "Lossy Heap Blocks": 0,
                              "Plans": [
                                {
                                  "Node Type": "Bitmap Index Scan",
                                  "Parent Relationship": "Outer",
                                  "Parallel Aware": false,
                                  "Index Name": "company_id_movie_companies",
                                  "Startup Cost": 0.0,
                                  "Total Cost": 5681.04,
                                  "Plan Rows": 265148,
                                  "Plan Width": 0,
                                  "Actual Startup Time": 20.587,
                                  "Actual Total Time": 20.588,
                                  "Actual Rows": 259406,
                                  "Actual Loops": 1,
                                  "Index Cond": "(company_id < 133)"
                                }
                              ]
                            }
                          ]
                        }
                      ]
                    },
                    {
                      "Node Type": "Hash",
                      "Parent Relationship": "Inner",
                      "Parallel Aware": true,
                      "Startup Cost": 4377.34,
                      "Total Cost": 4377.34,
                      "Plan Rows": 138234,
                      "Plan Width": 4,
                      "Actual Startup Time": 36.814,
                      "Actual Total Time": 36.814,
                      "Actual Rows": 46999,
                      "Actual Loops": 5,
                      "Hash Buckets": 262144,
                      "Original Hash Buckets": 262144,
                      "Hash Batches": 1,
                      "Original Hash Batches": 1,
                      "Peak Memory Usage": 11328,
                      "Plans": [
                        {
                          "Node Type": "Seq Scan",
                          "Parent Relationship": "Outer",
                          "Parallel Aware": true,
                          "Relation Name": "company_name",
                          "Alias": "cn",
                          "Startup Cost": 0.0,
                          "Total Cost": 4377.34,
                          "Plan Rows": 138234,
                          "Plan Width": 4,
                          "Actual Startup Time": 0.054,
                          "Actual Total Time": 15.048,
                          "Actual Rows": 46999,
                          "Actual Loops": 5
                        }
                      ]
                    }
                  ]
                },
                {
                  "Node Type": "Hash",
                  "Parent Relationship": "Inner",
                  "Parallel Aware": false,
                  "Startup Cost": 1.04,
                  "Total Cost": 1.04,
                  "Plan Rows": 4,
                  "Plan Width": 4,
                  "Actual Startup Time": 0.052,
                  "Actual Total Time": 0.052,
                  "Actual Rows": 4,
                  "Actual Loops": 5,
                  "Hash Buckets": 1024,
                  "Original Hash Buckets": 1024,
                  "Hash Batches": 1,
                  "Original Hash Batches": 1,
                  "Peak Memory Usage": 9,
                  "Plans": [
                    {
                      "Node Type": "Seq Scan",
                      "Parent Relationship": "Outer",
                      "Parallel Aware": false,
                      "Relation Name": "company_type",
                      "Alias": "ct",
                      "Startup Cost": 0.0,
                      "Total Cost": 1.04,
                      "Plan Rows": 4,
                      "Plan Width": 4,
                      "Actual Startup Time": 0.031,
                      "Actual Total Time": 0.033,
                      "Actual Rows": 4,
                      "Actual Loops": 5
                    }
                  ]
                }
              ]
            },
            {
              "Node Type": "Hash",
              "Parent Relationship": "Inner",
              "Parallel Aware": false,
              "Startup Cost": 1.07,
              "Total Cost": 1.07,
              "Plan Rows": 7,
              "Plan Width": 4,
              "Actual Startup Time": 0.09,
              "Actual Total Time": 0.091,
              "Actual Rows": 7,
              "Actual Loops": 5,
              "Hash Buckets": 1024,
              "Original Hash Buckets": 1024,
              "Hash Batches": 1,
              "Original Hash Batches": 1,
              "Peak Memory Usage": 9,
              "Plans": [
                {
                  "Node Type": "Seq Scan",
                  "Parent Relationship": "Outer",
                  "Parallel Aware": false,
                  "Relation Name": "kind_type",
                  "Alias": "kt",
                  "Startup Cost": 0.0,
                  "Total Cost": 1.07,
                  "Plan Rows": 7,
                  "Plan Width": 4,
                  "Actual Startup Time": 0.06,
                  "Actual Total Time": 0.065,
                  "Actual Rows": 7,
                  "Actual Loops": 5
                }
              ]
            }
          ]
        }
      ]
    },
    "Planning Time": 6.408,
    "Triggers": [],
    "Execution Time": 471.142
  }
]