[
  {
    "Plan": {
      "Node Type": "Aggregate",
      "Strategy": "Plain",
      "Partial Mode": "Finalize",
      "Parallel Aware": false,
      "Startup Cost": 247560.26,
      "Total Cost": 247560.27,
      "Plan Rows": 1,
      "Plan Width": 8,
      "Actual Startup Time": 510.404,
      "Actual Total Time": 552.683,
      "Actual Rows": 1,
      "Actual Loops": 1,
      "Plans": [
        {
          "Node Type": "Gather",
          "Parent Relationship": "Outer",
          "Parallel Aware": false,
          "Startup Cost": 247559.73,
          "Total Cost": 247560.24,
          "Plan Rows": 5,
          "Plan Width": 8,
          "Actual Startup Time": 508.232,
          "Actual Total Time": 552.673,
          "Actual Rows": 6,
          "Actual Loops": 1,
          "Workers Planned": 5,
          "Workers Launched": 5,
          "Single Copy": false,
          "Plans": [
            {
              "Node Type": "Aggregate",
              "Strategy": "Plain",
              "Partial Mode": "Partial",
              "Parent Relationship": "Outer",
              "Parallel Aware": false,
              "Startup Cost": 246559.73,
              "Total Cost": 246559.74,
              "Plan Rows": 1,
              "Plan Width": 8,
              "Actual Startup Time": 498.352,
              "Actual Total Time": 498.413,
              "Actual Rows": 1,
              "Actual Loops": 6,
              "Plans": [
                {
                  "Node Type": "Hash Join",
                  "Parent Relationship": "Outer",
                  "Parallel Aware": true,
                  "Join Type": "Inner",
                  "Startup Cost": 45952.49,
                  "Total Cost": 246470.39,
                  "Plan Rows": 35738,
                  "Plan Width": 0,
                  "Actual Startup Time": 259.642,
                  "Actual Total Time": 495.273,
                  "Actual Rows": 64039,
                  "Actual Loops": 6,
                  "Inner Unique": true,
                  "Hash Cond": "(mi.movie_id = t.id)",
                  "Plans": [
                    {
                      "Node Type": "Seq Scan",
                      "Parent Relationship": "Outer",
                      "Parallel Aware": true,
                      "Relation Name": "movie_info",
                      "Alias": "mi",
                      "Startup Cost": 0.0,
                      "Total Cost": 198952.16,
                      "Plan Rows": 596472,
                      "Plan Width": 4,
                      "Actual Startup Time": 73.1,
                      "Actual Total Time": 313.344,
                      "Actual Rows": 506120,
                      "Actual Loops": 6,
                      "Filter": "(info_type_id = 16)",
                      "Rows Removed by Filter": 1966500
                    },
                    {
                      "Node Type": "Hash",
                      "Parent Relationship": "Inner",
                      "Parallel Aware": true,
                      "Startup Cost": 45479.1,
                      "Total Cost": 45479.1,
                      "Plan Rows": 37871,
                      "Plan Width": 4,
                      "Actual Startup Time": 106.287,
                      "Actual Total Time": 106.288,
                      "Actual Rows": 48608,
                      "Actual Loops": 6,
                      "Hash Buckets": 524288,
                      "Original Hash Buckets": 262144,
                      "Hash Batches": 1,
                      "Original Hash Batches": 1,
                      "Peak Memory Usage": 17664,
                      "Plans": [
                        {
                          "Node Type": "Seq Scan",
                          "Parent Relationship": "Outer",
                          "Parallel Aware": true,
                          "Relation Name": "title",
                          "Alias": "t",
                          "Startup Cost": 0.0,
                          "Total Cost": 45479.1,
                          "Plan Rows": 37871,
                          "Plan Width": 4,
                          "Actual Startup Time": 51.095,
                          "Actual Total Time": 82.789,
                          "Actual Rows": 48608,
                          "Actual Loops": 6,
                          "Filter": "((kind_id < 2) AND (production_year < 1985))",
                          "Rows Removed by Filter": 372777
                        }
                      ]
                    }
                  ]
                }
              ]
            }
          ]
        }
      ]
    },
    "Planning Time": 0.615,
    "Triggers": [],
    "Execution Time": 552.767
  }
]