{
  "Plan": {
    "Node Type": "Aggregate",
    "Strategy": "Plain",
    "Partial Mode": "Finalize",
    "Parallel Aware": false,
    "Startup Cost": 282749.46,
    "Total Cost": 282749.47,
    "Plan Rows": 1,
    "Plan Width": 8,
    "Actual Startup Time": 1196.854,
    "Actual Total Time": 1218.031,
    "Actual Rows": 1,
    "Actual Loops": 1,
    "Plans": [
      {
        "Node Type": "Gather",
        "Parent Relationship": "Outer",
        "Parallel Aware": false,
        "Startup Cost": 282749.35,
        "Total Cost": 282749.46,
        "Plan Rows": 1,
        "Plan Width": 8,
        "Actual Startup Time": 1191.19,
        "Actual Total Time": 1218.017,
        "Actual Rows": 2,
        "Actual Loops": 1,
        "Workers Planned": 1,
        "Workers Launched": 1,
        "Single Copy": false,
        "Plans": [
          {
            "Node Type": "Aggregate",
            "Strategy": "Plain",
            "Partial Mode": "Partial",
            "Parent Relationship": "Outer",
            "Parallel Aware": false,
            "Startup Cost": 281749.35,
            "Total Cost": 281749.36,
            "Plan Rows": 1,
            "Plan Width": 8,
            "Actual Startup Time": 1178.744,
            "Actual Total Time": 1178.754,
            "Actual Rows": 1,
            "Actual Loops": 2,
            "Plans": [
              {
                "Node Type": "Hash Join",
                "Parent Relationship": "Outer",
                "Parallel Aware": true,
                "Join Type": "Inner",
                "Startup Cost": 241068.73,
                "Total Cost": 281514.52,
                "Plan Rows": 93931,
                "Plan Width": 0,
                "Actual Startup Time": 707.338,
                "Actual Total Time": 1095.198,
                "Actual Rows": 1533141,
                "Actual Loops": 2,
                "Inner Unique": false,
                "Hash Cond": "(mc.movie_id = t.id)",
                "Plans": [
                  {
                    "Node Type": "Seq Scan",
                    "Parent Relationship": "Outer",
                    "Parallel Aware": true,
                    "Relation Name": "movie_companies",
                    "Alias": "mc",
                    "Startup Cost": 0.0,
                    "Total Cost": 34137.82,
                    "Plan Rows": 1534782,
                    "Plan Width": 4,
                    "Actual Startup Time": 0.021,
                    "Actual Total Time": 121.558,
                    "Actual Rows": 1304564,
                    "Actual Loops": 2
                  },
                  {
                    "Node Type": "Hash",
                    "Parent Relationship": "Inner",
                    "Parallel Aware": true,
                    "Startup Cost": 239930.97,
                    "Total Cost": 239930.97,
                    "Plan Rows": 91021,
                    "Plan Width": 8,
                    "Actual Startup Time": 702.294,
                    "Actual Total Time": 702.301,
                    "Actual Rows": 73744,
                    "Actual Loops": 2,
                    "Hash Buckets": 262144,
                    "Original Hash Buckets": 262144,
                    "Hash Batches": 1,
                    "Original Hash Batches": 1,
                    "Peak Memory Usage": 7840,
                    "Plans": [
                      {
                        "Node Type": "Hash Join",
                        "Parent Relationship": "Outer",
                        "Parallel Aware": true,
                        "Join Type": "Inner",
                        "Startup Cost": 72264.34,
                        "Total Cost": 239930.97,
                        "Plan Rows": 91021,
                        "Plan Width": 8,
                        "Actual Startup Time": 650.235,
                        "Actual Total Time": 687.444,
                        "Actual Rows": 73744,
                        "Actual Loops": 2,
                        "Inner Unique": true,
                        "Hash Cond": "(mi.movie_id = t.id)",
                        "Plans": [
                          {
                            "Node Type": "Bitmap Heap Scan",
                            "Parent Relationship": "Outer",
                            "Parallel Aware": true,
                            "Relation Name": "movie_info",
                            "Alias": "mi",
                            "Startup Cost": 2803.64,
                            "Total Cost": 170231.34,
                            "Plan Rows": 91021,
                            "Plan Width": 4,
                            "Actual Startup Time": 6.636,
                            "Actual Total Time": 23.575,
                            "Actual Rows": 73744,
                            "Actual Loops": 2,
                            "Recheck Cond": "(info_type_id = 107)",
                            "Rows Removed by Index Recheck": 0,
                            "Exact Heap Blocks": 3013,
                            "Lossy Heap Blocks": 0,
                            "Plans": [
                              {
                                "Node Type": "Bitmap Index Scan",
                                "Parent Relationship": "Outer",
                                "Parallel Aware": false,
                                "Index Name": "info_type_id_movie_info",
                                "Startup Cost": 0.0,
                                "Total Cost": 2764.95,
                                "Plan Rows": 154736,
                                "Plan Width": 0,
                                "Actual Startup Time": 6.044,
                                "Actual Total Time": 6.045,
                                "Actual Rows": 147487,
                                "Actual Loops": 1,
                                "Index Cond": "(info_type_id = 107)"
                              }
                            ]
                          },
                          {
                            "Node Type": "Hash",
                            "Parent Relationship": "Inner",
                            "Parallel Aware": true,
                            "Startup Cost": 50870.31,
                            "Total Cost": 50870.31,
                            "Plan Rows": 1487231,
                            "Plan Width": 4,
                            "Actual Startup Time": 626.022,
                            "Actual Total Time": 626.023,
                            "Actual Rows": 1264156,
                            "Actual Loops": 2,
                            "Hash Buckets": 4194304,
                            "Original Hash Buckets": 4194304,
                            "Hash Batches": 1,
                            "Original Hash Batches": 1,
                            "Peak Memory Usage": 131712,
                            "Plans": [
                              {
                                "Node Type": "Seq Scan",
                                "Parent Relationship": "Outer",
                                "Parallel Aware": true,
                                "Relation Name": "title",
                                "Alias": "t",
                                "Startup Cost": 0.0,
                                "Total Cost": 50870.31,
                                "Plan Rows": 1487231,
                                "Plan Width": 4,
                                "Actual Startup Time": 0.025,
                                "Actual Total Time": 187.714,
                                "Actual Rows": 1264156,
                                "Actual Loops": 2
                              }
                            ]
                          }
                        ]
                      }
                    ]
                  }
                ]
              }
            ]
          }
        ]
      }
    ]
  },
  "Planning Time": 0.775,
  "Triggers": [],
  "Execution Time": 1218.127
}