{
  "Plan": {
    "Node Type": "Aggregate",
    "Strategy": "Plain",
    "Partial Mode": "Finalize",
    "Parallel Aware": false,
    "Startup Cost": 262062.27,
    "Total Cost": 262062.28,
    "Plan Rows": 1,
    "Plan Width": 8,
    "Actual Startup Time": 853.805,
    "Actual Total Time": 877.232,
    "Actual Rows": 1,
    "Actual Loops": 1,
    "Plans": [
      {
        "Node Type": "Gather",
        "Parent Relationship": "Outer",
        "Parallel Aware": false,
        "Startup Cost": 262062.15,
        "Total Cost": 262062.26,
        "Plan Rows": 1,
        "Plan Width": 8,
        "Actual Startup Time": 851.43,
        "Actual Total Time": 877.222,
        "Actual Rows": 2,
        "Actual Loops": 1,
        "Workers Planned": 1,
        "Workers Launched": 1,
        "Single Copy": false,
        "Plans": [
          {
            "Node Type": "Aggregate",
            "Strategy": "Plain",
            "Partial Mode": "Partial",
            "Parent Relationship": "Outer",
            "Parallel Aware": false,
            "Startup Cost": 261062.15,
            "Total Cost": 261062.16,
            "Plan Rows": 1,
            "Plan Width": 8,
            "Actual Startup Time": 843.564,
            "Actual Total Time": 843.571,
            "Actual Rows": 1,
            "Actual Loops": 2,
            "Plans": [
              {
                "Node Type": "Nested Loop",
                "Parent Relationship": "Outer",
                "Parallel Aware": false,
                "Join Type": "Inner",
                "Startup Cost": 84450.72,
                "Total Cost": 260511.44,
                "Plan Rows": 220285,
                "Plan Width": 0,
                "Actual Startup Time": 423.383,
                "Actual Total Time": 831.839,
                "Actual Rows": 261616,
                "Actual Loops": 2,
                "Inner Unique": false,
                "Plans": [
                  {
                    "Node Type": "Hash Join",
                    "Parent Relationship": "Outer",
                    "Parallel Aware": true,
                    "Join Type": "Inner",
                    "Startup Cost": 84450.29,
                    "Total Cost": 116595.77,
                    "Plan Rows": 213461,
                    "Plan Width": 8,
                    "Actual Startup Time": 423.226,
                    "Actual Total Time": 584.483,
                    "Actual Rows": 82790,
                    "Actual Loops": 2,
                    "Inner Unique": true,
                    "Hash Cond": "(mk.movie_id = t.id)",
                    "Plans": [
                      {
                        "Node Type": "Bitmap Heap Scan",
                        "Parent Relationship": "Outer",
                        "Parallel Aware": true,
                        "Relation Name": "movie_keyword",
                        "Alias": "mk",
                        "Startup Cost": 18340.28,
                        "Total Cost": 49150.88,
                        "Plan Rows": 508528,
                        "Plan Width": 4,
                        "Actual Startup Time": 51.971,
                        "Actual Total Time": 140.543,
                        "Actual Rows": 428892,
                        "Actual Loops": 2,
                        "Recheck Cond": "(keyword_id > 21415)",
                        "Rows Removed by Index Recheck": 0,
                        "Exact Heap Blocks": 13162,
                        "Lossy Heap Blocks": 0,
                        "Plans": [
                          {
                            "Node Type": "Bitmap Index Scan",
                            "Parent Relationship": "Outer",
                            "Parallel Aware": false,
                            "Index Name": "keyword_id_movie_keyword",
                            "Startup Cost": 0.0,
                            "Total Cost": 18124.16,
                            "Plan Rows": 864497,
                            "Plan Width": 0,
                            "Actual Startup Time": 48.243,
                            "Actual Total Time": 48.244,
                            "Actual Rows": 857785,
                            "Actual Loops": 1,
                            "Index Cond": "(keyword_id > 21415)"
                          }
                        ]
                      },
                      {
                        "Node Type": "Hash",
                        "Parent Relationship": "Inner",
                        "Parallel Aware": true,
                        "Startup Cost": 58306.47,
                        "Total Cost": 58306.47,
                        "Plan Rows": 624283,
                        "Plan Width": 4,
                        "Actual Startup Time": 357.043,
                        "Actual Total Time": 357.044,
                        "Actual Rows": 576176,
                        "Actual Loops": 2,
                        "Hash Buckets": 2097152,
                        "Original Hash Buckets": 2097152,
                        "Hash Batches": 1,
                        "Original Hash Batches": 1,
                        "Peak Memory Usage": 61504,
                        "Plans": [
                          {
                            "Node Type": "Seq Scan",
                            "Parent Relationship": "Outer",
                            "Parallel Aware": true,
                            "Relation Name": "title",
                            "Alias": "t",
                            "Startup Cost": 0.0,
                            "Total Cost": 58306.47,
                            "Plan Rows": 624283,
                            "Plan Width": 4,
                            "Actual Startup Time": 0.024,
                            "Actual Total Time": 170.418,
                            "Actual Rows": 576176,
                            "Actual Loops": 2,
                            "Filter": "((kind_id > 1) AND (production_year > 1999))",
                            "Rows Removed by Filter": 687980
                          }
                        ]
                      }
                    ]
                  },
                  {
                    "Node Type": "Index Only Scan",
                    "Parent Relationship": "Inner",
                    "Parallel Aware": false,
                    "Scan Direction": "Forward",
                    "Index Name": "movie_id_movie_companies",
                    "Relation Name": "movie_companies",
                    "Alias": "mc",
                    "Startup Cost": 0.43,
                    "Total Cost": 0.62,
                    "Plan Rows": 5,
                    "Plan Width": 4,
                    "Actual Startup Time": 0.002,
                    "Actual Total Time": 0.003,
                    "Actual Rows": 3,
                    "Actual Loops": 165580,
                    "Index Cond": "(movie_id = t.id)",
                    "Rows Removed by Index Recheck": 0,
                    "Heap Fetches": 523231
                  }
                ]
              }
            ]
          }
        ]
      }
    ]
  },
  "Planning Time": 1.105,
  "Triggers": [],
  "Execution Time": 877.356
}