{
  "Plan": {
    "Node Type": "Aggregate",
    "Strategy": "Plain",
    "Partial Mode": "Finalize",
    "Parallel Aware": false,
    "Startup Cost": 92220.63,
    "Total Cost": 92220.64,
    "Plan Rows": 1,
    "Plan Width": 8,
    "Actual Startup Time": 54.887,
    "Actual Total Time": 59.895,
    "Actual Rows": 1,
    "Actual Loops": 1,
    "Plans": [
      {
        "Node Type": "Gather",
        "Parent Relationship": "Outer",
        "Parallel Aware": false,
        "Startup Cost": 92220.51,
        "Total Cost": 92220.62,
        "Plan Rows": 1,
        "Plan Width": 8,
        "Actual Startup Time": 54.815,
        "Actual Total Time": 59.89,
        "Actual Rows": 2,
        "Actual Loops": 1,
        "Workers Planned": 1,
        "Workers Launched": 1,
        "Single Copy": false,
        "Plans": [
          {
            "Node Type": "Aggregate",
            "Strategy": "Plain",
            "Partial Mode": "Partial",
            "Parent Relationship": "Outer",
            "Parallel Aware": false,
            "Startup Cost": 91220.51,
            "Total Cost": 91220.52,
            "Plan Rows": 1,
            "Plan Width": 8,
            "Actual Startup Time": 48.82,
            "Actual Total Time": 48.821,
            "Actual Rows": 1,
            "Actual Loops": 2,
            "Plans": [
              {
                "Node Type": "Nested Loop",
                "Parent Relationship": "Outer",
                "Parallel Aware": false,
                "Join Type": "Inner",
                "Startup Cost": 251.8,
                "Total Cost": 91219.22,
                "Plan Rows": 516,
                "Plan Width": 0,
                "Actual Startup Time": 8.744,
                "Actual Total Time": 48.803,
                "Actual Rows": 45,
                "Actual Loops": 2,
                "Inner Unique": true,
                "Plans": [
                  {
                    "Node Type": "Bitmap Heap Scan",
                    "Parent Relationship": "Outer",
                    "Parallel Aware": true,
                    "Relation Name": "movie_info",
                    "Alias": "mi",
                    "Startup Cost": 251.37,
                    "Total Cost": 41943.79,
                    "Plan Rows": 8116,
                    "Plan Width": 4,
                    "Actual Startup Time": 2.733,
                    "Actual Total Time": 5.39,
                    "Actual Rows": 9102,
                    "Actual Loops": 2,
                    "Recheck Cond": "(info_type_id = 11)",
                    "Rows Removed by Index Recheck": 0,
                    "Exact Heap Blocks": 559,
                    "Lossy Heap Blocks": 0,
                    "Plans": [
                      {
                        "Node Type": "Bitmap Index Scan",
                        "Parent Relationship": "Outer",
                        "Parallel Aware": false,
                        "Index Name": "info_type_id_movie_info",
                        "Startup Cost": 0.0,
                        "Total Cost": 247.92,
                        "Plan Rows": 13798,
                        "Plan Width": 0,
                        "Actual Startup Time": 4.985,
                        "Actual Total Time": 4.985,
                        "Actual Rows": 18205,
                        "Actual Loops": 1,
                        "Index Cond": "(info_type_id = 11)"
                      }
                    ]
                  },
                  {
                    "Node Type": "Index Scan",
                    "Parent Relationship": "Inner",
                    "Parallel Aware": false,
                    "Scan Direction": "Forward",
                    "Index Name": "title_pkey",
                    "Relation Name": "title",
                    "Alias": "t",
                    "Startup Cost": 0.43,
                    "Total Cost": 6.07,
                    "Plan Rows": 1,
                    "Plan Width": 4,
                    "Actual Startup Time": 0.004,
                    "Actual Total Time": 0.004,
                    "Actual Rows": 0,
                    "Actual Loops": 18205,
                    "Index Cond": "(id = mi.movie_id)",
                    "Rows Removed by Index Recheck": 0,
                    "Filter": "(production_year = 2012)",
                    "Rows Removed by Filter": 1
                  }
                ]
              }
            ]
          }
        ]
      }
    ]
  },
  "Planning Time": 0.431,
  "Triggers": [],
  "Execution Time": 59.98
}