[
  {
    "Plan": {
      "Node Type": "Aggregate",
      "Strategy": "Plain",
      "Partial Mode": "Finalize",
      "Parallel Aware": false,
      "Startup Cost": 482548.35,
      "Total Cost": 482548.36,
      "Plan Rows": 1,
      "Plan Width": 8,
      "Actual Startup Time": 4061.788,
      "Actual Total Time": 4126.094,
      "Actual Rows": 1,
      "Actual Loops": 1,
      "Plans": [
        {
          "Node Type": "Gather",
          "Parent Relationship": "Outer",
          "Parallel Aware": false,
          "Startup Cost": 482547.73,
          "Total Cost": 482548.34,
          "Plan Rows": 6,
          "Plan Width": 8,
          "Actual Startup Time": 4032.482,
          "Actual Total Time": 4126.074,
          "Actual Rows": 7,
          "Actual Loops": 1,
          "Workers Planned": 6,
          "Workers Launched": 6,
          "Single Copy": false,
          "Plans": [
            {
              "Node Type": "Aggregate",
              "Strategy": "Plain",
              "Partial Mode": "Partial",
              "Parent Relationship": "Outer",
              "Parallel Aware": false,
              "Startup Cost": 481547.73,
              "Total Cost": 481547.74,
              "Plan Rows": 1,
              "Plan Width": 8,
              "Actual Startup Time": 4016.013,
              "Actual Total Time": 4016.606,
              "Actual Rows": 1,
              "Actual Loops": 7,
              "Plans": [
                {
                  "Node Type": "Hash Join",
                  "Parent Relationship": "Outer",
                  "Parallel Aware": true,
                  "Join Type": "Inner",
                  "Startup Cost": 108225.1,
                  "Total Cost": 467928.01,
                  "Plan Rows": 5447885,
                  "Plan Width": 0,
                  "Actual Startup Time": 587.66,
                  "Actual Total Time": 3306.018,
                  "Actual Rows": 15567538,
                  "Actual Loops": 7,
                  "Inner Unique": false,
                  "Hash Cond": "(ci.movie_id = t.id)",
                  "Plans": [
                    {
                      "Node Type": "Seq Scan",
                      "Parent Relationship": "Outer",
                      "Parallel Aware": true,
                      "Relation Name": "cast_info",
                      "Alias": "ci",
                      "Startup Cost": 0.0,
                      "Total Cost": 328211.39,
                      "Plan Rows": 3711387,
                      "Plan Width": 4,
                      "Actual Startup Time": 0.059,
                      "Actual Total Time": 607.783,
                      "Actual Rows": 3221106,
                      "Actual Loops": 7,
                      "Filter": "(person_id < 2300427)",
                      "Rows Removed by Filter": 1956658
                    },
                    {
                      "Node Type": "Hash",
                      "Parent Relationship": "Inner",
                      "Parallel Aware": true,
                      "Startup Cost": 93259.65,
                      "Total Cost": 93259.65,
                      "Plan Rows": 1197236,
                      "Plan Width": 8,
                      "Actual Startup Time": 581.868,
                      "Actual Total Time": 582.461,
                      "Actual Rows": 499078,
                      "Actual Loops": 7,
                      "Hash Buckets": 4194304,
                      "Original Hash Buckets": 4194304,
                      "Hash Batches": 1,
                      "Original Hash Batches": 1,
                      "Peak Memory Usage": 169536,
                      "Plans": [
                        {
                          "Node Type": "Hash Join",
                          "Parent Relationship": "Outer",
                          "Parallel Aware": true,
                          "Join Type": "Inner",
                          "Startup Cost": 50381.57,
                          "Total Cost": 93259.65,
                          "Plan Rows": 1197236,
                          "Plan Width": 8,
                          "Actual Startup Time": 233.089,
                          "Actual Total Time": 428.929,
                          "Actual Rows": 499078,
                          "Actual Loops": 7,
                          "Inner Unique": true,
                          "Hash Cond": "(mk.movie_id = t.id)",
                          "Plans": [
                            {
                              "Node Type": "Seq Scan",
                              "Parent Relationship": "Outer",
                              "Parallel Aware": true,
                              "Relation Name": "movie_keyword",
                              "Alias": "mk",
                              "Startup Cost": 0.0,
                              "Total Cost": 39047.32,
                              "Plan Rows": 1459332,
                              "Plan Width": 4,
                              "Actual Startup Time": 0.041,
                              "Actual Total Time": 65.438,
                              "Actual Rows": 646276,
                              "Actual Loops": 7
                            },
                            {
                              "Node Type": "Hash",
                              "Parent Relationship": "Inner",
                              "Parallel Aware": true,
                              "Startup Cost": 43899.32,
                              "Total Cost": 43899.32,
                              "Plan Rows": 518580,
                              "Plan Width": 4,
                              "Actual Startup Time": 230.986,
                              "Actual Total Time": 230.988,
                              "Actual Rows": 294335,
                              "Actual Loops": 7,
                              "Hash Buckets": 2097152,
                              "Original Hash Buckets": 2097152,
                              "Hash Batches": 1,
                              "Original Hash Batches": 1,
                              "Peak Memory Usage": 97088,
                              "Plans": [
                                {
                                  "Node Type": "Seq Scan",
                                  "Parent Relationship": "Outer",
                                  "Parallel Aware": true,
                                  "Relation Name": "title",
                                  "Alias": "t",
                                  "Startup Cost": 0.0,
                                  "Total Cost": 43899.32,
                                  "Plan Rows": 518580,
                                  "Plan Width": 4,
                                  "Actual Startup Time": 0.058,
                                  "Actual Total Time": 89.236,
                                  "Actual Rows": 294335,
                                  "Actual Loops": 7,
                                  "Filter": "(production_year > 1971)",
                                  "Rows Removed by Filter": 66852
                                }
                              ]
                            }
                          ]
                        }
                      ]
                    }
                  ]
                }
              ]
            }
          ]
        }
      ]
    },
    "Planning Time": 0.761,
    "Triggers": [],
    "Execution Time": 4126.161
  }
]