[
    {
        "Bao": {
            "Bao prediction": "NaN",
            "Bao recommended hint": "(no hint)"
        }
    },
    {
        "Plan": {
            "Node Type": "Aggregate",
            "Strategy": "Plain",
            "Partial Mode": "Finalize",
            "Parallel Aware": false,
            "Startup Cost": 77328.87,
            "Total Cost": 77328.88,
            "Plan Rows": 1,
            "Plan Width": 8,
            "Actual Startup Time": 209.97,
            "Actual Total Time": 218.508,
            "Actual Rows": 1,
            "Actual Loops": 1,
            "Output": [
                "count(*)"
            ],
            "Plans": [
                {
                    "Node Type": "Gather",
                    "Parent Relationship": "Outer",
                    "Parallel Aware": false,
                    "Startup Cost": 77328.55,
                    "Total Cost": 77328.86,
                    "Plan Rows": 3,
                    "Plan Width": 8,
                    "Actual Startup Time": 207.732,
                    "Actual Total Time": 218.5,
                    "Actual Rows": 4,
                    "Actual Loops": 1,
                    "Output": [
                        "(PARTIAL count(*))"
                    ],
                    "Workers Planned": 3,
                    "Workers Launched": 3,
                    "Single Copy": false,
                    "Plans": [
                        {
                            "Node Type": "Aggregate",
                            "Strategy": "Plain",
                            "Partial Mode": "Partial",
                            "Parent Relationship": "Outer",
                            "Parallel Aware": false,
                            "Startup Cost": 76328.55,
                            "Total Cost": 76328.56,
                            "Plan Rows": 1,
                            "Plan Width": 8,
                            "Actual Startup Time": 198.962,
                            "Actual Total Time": 198.966,
                            "Actual Rows": 1,
                            "Actual Loops": 4,
                            "Output": [
                                "PARTIAL count(*)"
                            ],
                            "Workers": [
                                {
                                    "Worker Number": 0,
                                    "Actual Startup Time": 196.039,
                                    "Actual Total Time": 196.042,
                                    "Actual Rows": 1,
                                    "Actual Loops": 1
                                },
                                {
                                    "Worker Number": 1,
                                    "Actual Startup Time": 196.064,
                                    "Actual Total Time": 196.072,
                                    "Actual Rows": 1,
                                    "Actual Loops": 1
                                },
                                {
                                    "Worker Number": 2,
                                    "Actual Startup Time": 196.298,
                                    "Actual Total Time": 196.301,
                                    "Actual Rows": 1,
                                    "Actual Loops": 1
                                }
                            ],
                            "Plans": [
                                {
                                    "Node Type": "Hash Join",
                                    "Parent Relationship": "Outer",
                                    "Parallel Aware": true,
                                    "Join Type": "Inner",
                                    "Startup Cost": 50933.43,
                                    "Total Cost": 76300.22,
                                    "Plan Rows": 11334,
                                    "Plan Width": 0,
                                    "Actual Startup Time": 147.032,
                                    "Actual Total Time": 197.119,
                                    "Actual Rows": 32666,
                                    "Actual Loops": 4,
                                    "Inner Unique": true,
                                    "Hash Cond": "(mk.movie_id = t.id)",
                                    "Workers": [
                                        {
                                            "Worker Number": 0,
                                            "Actual Startup Time": 143.898,
                                            "Actual Total Time": 194.293,
                                            "Actual Rows": 27274,
                                            "Actual Loops": 1
                                        },
                                        {
                                            "Worker Number": 1,
                                            "Actual Startup Time": 144.204,
                                            "Actual Total Time": 194.261,
                                            "Actual Rows": 29229,
                                            "Actual Loops": 1
                                        },
                                        {
                                            "Worker Number": 2,
                                            "Actual Startup Time": 144.45,
                                            "Actual Total Time": 194.586,
                                            "Actual Rows": 27249,
                                            "Actual Loops": 1
                                        }
                                    ],
                                    "Plans": [
                                        {
                                            "Node Type": "Bitmap Heap Scan",
                                            "Parent Relationship": "Outer",
                                            "Parallel Aware": true,
                                            "Relation Name": "movie_keyword",
                                            "Schema": "public",
                                            "Alias": "mk",
                                            "Startup Cost": 3970.33,
                                            "Total Cost": 29178.7,
                                            "Plan Rows": 60350,
                                            "Plan Width": 4,
                                            "Actual Startup Time": 16.376,
                                            "Actual Total Time": 52.236,
                                            "Actual Rows": 47590,
                                            "Actual Loops": 4,
                                            "Output": [
                                                "mk.id",
                                                "mk.movie_id",
                                                "mk.keyword_id"
                                            ],
                                            "Recheck Cond": "(mk.keyword_id > 70879)",
                                            "Rows Removed by Index Recheck": 0,
                                            "Exact Heap Blocks": 7274,
                                            "Lossy Heap Blocks": 0,
                                            "Workers": [
                                                {
                                                    "Worker Number": 0,
                                                    "Actual Startup Time": 16.427,
                                                    "Actual Total Time": 53.402,
                                                    "Actual Rows": 39410,
                                                    "Actual Loops": 1
                                                },
                                                {
                                                    "Worker Number": 1,
                                                    "Actual Startup Time": 16.393,
                                                    "Actual Total Time": 53.324,
                                                    "Actual Rows": 42338,
                                                    "Actual Loops": 1
                                                },
                                                {
                                                    "Worker Number": 2,
                                                    "Actual Startup Time": 16.441,
                                                    "Actual Total Time": 53.343,
                                                    "Actual Rows": 39475,
                                                    "Actual Loops": 1
                                                }
                                            ],
                                            "Plans": [
                                                {
                                                    "Node Type": "Bitmap Index Scan",
                                                    "Parent Relationship": "Outer",
                                                    "Parallel Aware": false,
                                                    "Index Name": "keyword_id_movie_keyword",
                                                    "Startup Cost": 0.0,
                                                    "Total Cost": 3923.56,
                                                    "Plan Rows": 187084,
                                                    "Plan Width": 0,
                                                    "Actual Startup Time": 13.389,
                                                    "Actual Total Time": 13.39,
                                                    "Actual Rows": 190358,
                                                    "Actual Loops": 1,
                                                    "Index Cond": "(mk.keyword_id > 70879)"
                                                }
                                            ]
                                        },
                                        {
                                            "Node Type": "Hash",
                                            "Parent Relationship": "Inner",
                                            "Parallel Aware": true,
                                            "Startup Cost": 45479.21,
                                            "Total Cost": 45479.21,
                                            "Plan Rows": 118711,
                                            "Plan Width": 4,
                                            "Actual Startup Time": 128.256,
                                            "Actual Total Time": 128.258,
                                            "Actual Rows": 124006,
                                            "Actual Loops": 4,
                                            "Output": [
                                                "t.id"
                                            ],
                                            "Hash Buckets": 524288,
                                            "Original Hash Buckets": 524288,
                                            "Hash Batches": 1,
                                            "Original Hash Batches": 1,
                                            "Peak Memory Usage": 23552,
                                            "Workers": [
                                                {
                                                    "Worker Number": 0,
                                                    "Actual Startup Time": 126.436,
                                                    "Actual Total Time": 126.437,
                                                    "Actual Rows": 116108,
                                                    "Actual Loops": 1
                                                },
                                                {
                                                    "Worker Number": 1,
                                                    "Actual Startup Time": 126.748,
                                                    "Actual Total Time": 126.754,
                                                    "Actual Rows": 121393,
                                                    "Actual Loops": 1
                                                },
                                                {
                                                    "Worker Number": 2,
                                                    "Actual Startup Time": 126.93,
                                                    "Actual Total Time": 126.931,
                                                    "Actual Rows": 117674,
                                                    "Actual Loops": 1
                                                }
                                            ],
                                            "Plans": [
                                                {
                                                    "Node Type": "Seq Scan",
                                                    "Parent Relationship": "Outer",
                                                    "Parallel Aware": true,
                                                    "Relation Name": "title",
                                                    "Schema": "public",
                                                    "Alias": "t",
                                                    "Startup Cost": 0.0,
                                                    "Total Cost": 45479.21,
                                                    "Plan Rows": 118711,
                                                    "Plan Width": 4,
                                                    "Actual Startup Time": 51.94,
                                                    "Actual Total Time": 91.423,
                                                    "Actual Rows": 124006,
                                                    "Actual Loops": 4,
                                                    "Output": [
                                                        "t.id"
                                                    ],
                                                    "Filter": "((t.production_year < 2009) AND (t.kind_id = 1))",
                                                    "Rows Removed by Filter": 508072,
                                                    "Workers": [
                                                        {
                                                            "Worker Number": 0,
                                                            "Actual Startup Time": 50.073,
                                                            "Actual Total Time": 90.469,
                                                            "Actual Rows": 116108,
                                                            "Actual Loops": 1
                                                        },
                                                        {
                                                            "Worker Number": 1,
                                                            "Actual Startup Time": 50.372,
                                                            "Actual Total Time": 90.651,
                                                            "Actual Rows": 121393,
                                                            "Actual Loops": 1
                                                        },
                                                        {
                                                            "Worker Number": 2,
                                                            "Actual Startup Time": 50.583,
                                                            "Actual Total Time": 91.134,
                                                            "Actual Rows": 117674,
                                                            "Actual Loops": 1
                                                        }
                                                    ]
                                                }
                                            ]
                                        }
                                    ]
                                }
                            ]
                        }
                    ]
                }
            ]
        },
        "Planning Time": 177.168,
        "Triggers": [],
        "Execution Time": 218.571
    }
]