{
  "Plan": {
    "Node Type": "Hash Join",
    "Parallel Aware": false,
    "Join Type": "Inner",
    "Startup Cost": 101174.13,
    "Total Cost": 183605.93,
    "Plan Rows": 2086514,
    "Plan Width": 4,
    "Actual Startup Time": 1285.907,
    "Actual Total Time": 3594.732,
    "Actual Rows": 2087248,
    "Actual Loops": 1,
    "Inner Unique": true,
    "Hash Cond": "(t.kind_id = kt.id)",
    "Plans": [
      {
        "Node Type": "Hash Join",
        "Parent Relationship": "Outer",
        "Parallel Aware": false,
        "Join Type": "Inner",
        "Startup Cost": 101172.98,
        "Total Cost": 174811.61,
        "Plan Rows": 2086514,
        "Plan Width": 8,
        "Actual Startup Time": 1285.887,
        "Actual Total Time": 3320.248,
        "Actual Rows": 2087248,
        "Actual Loops": 1,
        "Inner Unique": true,
        "Hash Cond": "(mc.movie_id = t.id)",
        "Plans": [
          {
            "Node Type": "Hash Join",
            "Parent Relationship": "Outer",
            "Parallel Aware": false,
            "Join Type": "Inner",
            "Startup Cost": 8283.52,
            "Total Cost": 76445.05,
            "Plan Rows": 2086514,
            "Plan Width": 8,
            "Actual Startup Time": 68.266,
            "Actual Total Time": 1195.612,
            "Actual Rows": 2087248,
            "Actual Loops": 1,
            "Inner Unique": true,
            "Hash Cond": "(mc.company_type_id = ct.id)",
            "Plans": [
              {
                "Node Type": "Hash Join",
                "Parent Relationship": "Outer",
                "Parallel Aware": false,
                "Join Type": "Inner",
                "Startup Cost": 8282.43,
                "Total Cost": 65163.74,
                "Plan Rows": 2086514,
                "Plan Width": 12,
                "Actual Startup Time": 68.253,
                "Actual Total Time": 938.009,
                "Actual Rows": 2087248,
                "Actual Loops": 1,
                "Inner Unique": true,
                "Hash Cond": "(mc.company_id = cn.id)",
                "Plans": [
                  {
                    "Node Type": "Seq Scan",
                    "Parent Relationship": "Outer",
                    "Parallel Aware": false,
                    "Relation Name": "movie_companies",
                    "Alias": "mc",
                    "Startup Cost": 0.0,
                    "Total Cost": 51404.11,
                    "Plan Rows": 2086514,
                    "Plan Width": 12,
                    "Actual Startup Time": 0.012,
                    "Actual Total Time": 319.608,
                    "Actual Rows": 2087248,
                    "Actual Loops": 1,
                    "Filter": "(company_id < 73232)",
                    "Rows Removed by Filter": 521881
                  },
                  {
                    "Node Type": "Hash",
                    "Parent Relationship": "Inner",
                    "Parallel Aware": false,
                    "Startup Cost": 5344.97,
                    "Total Cost": 5344.97,
                    "Plan Rows": 234997,
                    "Plan Width": 4,
                    "Actual Startup Time": 67.423,
                    "Actual Total Time": 67.424,
                    "Actual Rows": 234997,
                    "Actual Loops": 1,
                    "Hash Buckets": 262144,
                    "Original Hash Buckets": 262144,
                    "Hash Batches": 1,
                    "Original Hash Batches": 1,
                    "Peak Memory Usage": 10310,
                    "Plans": [
                      {
                        "Node Type": "Seq Scan",
                        "Parent Relationship": "Outer",
                        "Parallel Aware": false,
                        "Relation Name": "company_name",
                        "Alias": "cn",
                        "Startup Cost": 0.0,
                        "Total Cost": 5344.97,
                        "Plan Rows": 234997,
                        "Plan Width": 4,
                        "Actual Startup Time": 0.014,
                        "Actual Total Time": 34.252,
                        "Actual Rows": 234997,
                        "Actual Loops": 1
                      }
                    ]
                  }
                ]
              },
              {
                "Node Type": "Hash",
                "Parent Relationship": "Inner",
                "Parallel Aware": false,
                "Startup Cost": 1.04,
                "Total Cost": 1.04,
                "Plan Rows": 4,
                "Plan Width": 4,
                "Actual Startup Time": 0.006,
                "Actual Total Time": 0.007,
                "Actual Rows": 4,
                "Actual Loops": 1,
                "Hash Buckets": 1024,
                "Original Hash Buckets": 1024,
                "Hash Batches": 1,
                "Original Hash Batches": 1,
                "Peak Memory Usage": 9,
                "Plans": [
                  {
                    "Node Type": "Seq Scan",
                    "Parent Relationship": "Outer",
                    "Parallel Aware": false,
                    "Relation Name": "company_type",
                    "Alias": "ct",
                    "Startup Cost": 0.0,
                    "Total Cost": 1.04,
                    "Plan Rows": 4,
                    "Plan Width": 4,
                    "Actual Startup Time": 0.004,
                    "Actual Total Time": 0.005,
                    "Actual Rows": 4,
                    "Actual Loops": 1
                  }
                ]
              }
            ]
          },
          {
            "Node Type": "Hash",
            "Parent Relationship": "Inner",
            "Parallel Aware": false,
            "Startup Cost": 61283.09,
            "Total Cost": 61283.09,
            "Plan Rows": 2528509,
            "Plan Width": 8,
            "Actual Startup Time": 1193.557,
            "Actual Total Time": 1193.558,
            "Actual Rows": 2528312,
            "Actual Loops": 1,
            "Hash Buckets": 4194304,
            "Original Hash Buckets": 4194304,
            "Hash Batches": 1,
            "Original Hash Batches": 1,
            "Peak Memory Usage": 131531,
            "Plans": [
              {
                "Node Type": "Seq Scan",
                "Parent Relationship": "Outer",
                "Parallel Aware": false,
                "Relation Name": "title",
                "Alias": "t",
                "Startup Cost": 0.0,
                "Total Cost": 61283.09,
                "Plan Rows": 2528509,
                "Plan Width": 8,
                "Actual Startup Time": 0.026,
                "Actual Total Time": 410.859,
                "Actual Rows": 2528312,
                "Actual Loops": 1
              }
            ]
          }
        ]
      },
      {
        "Node Type": "Hash",
        "Parent Relationship": "Inner",
        "Parallel Aware": false,
        "Startup Cost": 1.07,
        "Total Cost": 1.07,
        "Plan Rows": 7,
        "Plan Width": 4,
        "Actual Startup Time": 0.012,
        "Actual Total Time": 0.013,
        "Actual Rows": 7,
        "Actual Loops": 1,
        "Hash Buckets": 1024,
        "Original Hash Buckets": 1024,
        "Hash Batches": 1,
        "Original Hash Batches": 1,
        "Peak Memory Usage": 9,
        "Plans": [
          {
            "Node Type": "Seq Scan",
            "Parent Relationship": "Outer",
            "Parallel Aware": false,
            "Relation Name": "kind_type",
            "Alias": "kt",
            "Startup Cost": 0.0,
            "Total Cost": 1.07,
            "Plan Rows": 7,
            "Plan Width": 4,
            "Actual Startup Time": 0.008,
            "Actual Total Time": 0.009,
            "Actual Rows": 7,
            "Actual Loops": 1
          }
        ]
      }
    ]
  },
  "Planning Time": 0.523,
  "Triggers": [],
  "Execution Time": 3662.786
}