{
  "Plan": {
    "Node Type": "Aggregate",
    "Strategy": "Plain",
    "Partial Mode": "Finalize",
    "Parallel Aware": false,
    "Startup Cost": 508295.81,
    "Total Cost": 508295.82,
    "Plan Rows": 1,
    "Plan Width": 8,
    "Actual Startup Time": 6880.329,
    "Actual Total Time": 6935.696,
    "Actual Rows": 1,
    "Actual Loops": 1,
    "Plans": [
      {
        "Node Type": "Gather",
        "Parent Relationship": "Outer",
        "Parallel Aware": false,
        "Startup Cost": 508295.7,
        "Total Cost": 508295.81,
        "Plan Rows": 1,
        "Plan Width": 8,
        "Actual Startup Time": 6869.487,
        "Actual Total Time": 6935.687,
        "Actual Rows": 2,
        "Actual Loops": 1,
        "Workers Planned": 1,
        "Workers Launched": 1,
        "Single Copy": false,
        "Plans": [
          {
            "Node Type": "Aggregate",
            "Strategy": "Plain",
            "Partial Mode": "Partial",
            "Parent Relationship": "Outer",
            "Parallel Aware": false,
            "Startup Cost": 507295.7,
            "Total Cost": 507295.71,
            "Plan Rows": 1,
            "Plan Width": 8,
            "Actual Startup Time": 6857.657,
            "Actual Total Time": 6859.503,
            "Actual Rows": 1,
            "Actual Loops": 2,
            "Plans": [
              {
                "Node Type": "Hash Join",
                "Parent Relationship": "Outer",
                "Parallel Aware": true,
                "Join Type": "Inner",
                "Startup Cost": 153654.47,
                "Total Cost": 490878.13,
                "Plan Rows": 6567028,
                "Plan Width": 0,
                "Actual Startup Time": 1282.99,
                "Actual Total Time": 5404.799,
                "Actual Rows": 38341512,
                "Actual Loops": 2,
                "Inner Unique": false,
                "Hash Cond": "(mi.movie_id = t.id)",
                "Plans": [
                  {
                    "Node Type": "Seq Scan",
                    "Parent Relationship": "Outer",
                    "Parallel Aware": true,
                    "Relation Name": "movie_info",
                    "Alias": "mi",
                    "Startup Cost": 0.0,
                    "Total Cost": 270696.42,
                    "Plan Rows": 5579529,
                    "Plan Width": 4,
                    "Actual Startup Time": 0.018,
                    "Actual Total Time": 721.045,
                    "Actual Rows": 4782576,
                    "Actual Loops": 2,
                    "Filter": "(info_type_id < 16)",
                    "Rows Removed by Filter": 2635284
                  },
                  {
                    "Node Type": "Hash",
                    "Parent Relationship": "Inner",
                    "Parallel Aware": true,
                    "Startup Cost": 131773.84,
                    "Total Cost": 131773.84,
                    "Plan Rows": 1750451,
                    "Plan Width": 8,
                    "Actual Startup Time": 1259.982,
                    "Actual Total Time": 1261.827,
                    "Actual Rows": 1480708,
                    "Actual Loops": 2,
                    "Hash Buckets": 4194304,
                    "Original Hash Buckets": 4194304,
                    "Hash Batches": 1,
                    "Original Hash Batches": 1,
                    "Peak Memory Usage": 148672,
                    "Plans": [
                      {
                        "Node Type": "Hash Join",
                        "Parent Relationship": "Outer",
                        "Parallel Aware": true,
                        "Join Type": "Inner",
                        "Startup Cost": 69460.7,
                        "Total Cost": 131773.84,
                        "Plan Rows": 1750451,
                        "Plan Width": 8,
                        "Actual Startup Time": 520.122,
                        "Actual Total Time": 991.661,
                        "Actual Rows": 1480708,
                        "Actual Loops": 2,
                        "Inner Unique": true,
                        "Hash Cond": "(mk.movie_id = t.id)",
                        "Plans": [
                          {
                            "Node Type": "Seq Scan",
                            "Parent Relationship": "Outer",
                            "Parallel Aware": true,
                            "Relation Name": "movie_keyword",
                            "Alias": "mk",
                            "Startup Cost": 0.0,
                            "Total Cost": 57718.19,
                            "Plan Rows": 1750451,
                            "Plan Width": 4,
                            "Actual Startup Time": 0.219,
                            "Actual Total Time": 211.407,
                            "Actual Rows": 1480708,
                            "Actual Loops": 2,
                            "Filter": "(keyword_id > 2342)",
                            "Rows Removed by Filter": 781256
                          },
                          {
                            "Node Type": "Hash",
                            "Parent Relationship": "Inner",
                            "Parallel Aware": true,
                            "Startup Cost": 50870.31,
                            "Total Cost": 50870.31,
                            "Plan Rows": 1487231,
                            "Plan Width": 4,
                            "Actual Startup Time": 507.791,
                            "Actual Total Time": 507.792,
                            "Actual Rows": 1264156,
                            "Actual Loops": 2,
                            "Hash Buckets": 4194304,
                            "Original Hash Buckets": 4194304,
                            "Hash Batches": 1,
                            "Original Hash Batches": 1,
                            "Peak Memory Usage": 131712,
                            "Plans": [
                              {
                                "Node Type": "Seq Scan",
                                "Parent Relationship": "Outer",
                                "Parallel Aware": true,
                                "Relation Name": "title",
                                "Alias": "t",
                                "Startup Cost": 0.0,
                                "Total Cost": 50870.31,
                                "Plan Rows": 1487231,
                                "Plan Width": 4,
                                "Actual Startup Time": 0.029,
                                "Actual Total Time": 149.309,
                                "Actual Rows": 1264156,
                                "Actual Loops": 2
                              }
                            ]
                          }
                        ]
                      }
                    ]
                  }
                ]
              }
            ]
          }
        ]
      }
    ]
  },
  "Planning Time": 0.918,
  "Triggers": [],
  "Execution Time": 6935.784
}