{
  "Plan": {
    "Node Type": "Aggregate",
    "Strategy": "Plain",
    "Partial Mode": "Finalize",
    "Parallel Aware": false,
    "Startup Cost": 96951.27,
    "Total Cost": 96951.28,
    "Plan Rows": 1,
    "Plan Width": 8,
    "Actual Startup Time": 363.817,
    "Actual Total Time": 379.543,
    "Actual Rows": 1,
    "Actual Loops": 1,
    "Plans": [
      {
        "Node Type": "Gather",
        "Parent Relationship": "Outer",
        "Parallel Aware": false,
        "Startup Cost": 96951.16,
        "Total Cost": 96951.27,
        "Plan Rows": 1,
        "Plan Width": 8,
        "Actual Startup Time": 363.441,
        "Actual Total Time": 379.536,
        "Actual Rows": 2,
        "Actual Loops": 1,
        "Workers Planned": 1,
        "Workers Launched": 1,
        "Single Copy": false,
        "Plans": [
          {
            "Node Type": "Aggregate",
            "Strategy": "Plain",
            "Partial Mode": "Partial",
            "Parent Relationship": "Outer",
            "Parallel Aware": false,
            "Startup Cost": 95951.16,
            "Total Cost": 95951.17,
            "Plan Rows": 1,
            "Plan Width": 8,
            "Actual Startup Time": 359.728,
            "Actual Total Time": 359.731,
            "Actual Rows": 1,
            "Actual Loops": 2,
            "Plans": [
              {
                "Node Type": "Hash Join",
                "Parent Relationship": "Outer",
                "Parallel Aware": true,
                "Join Type": "Inner",
                "Startup Cost": 55291.74,
                "Total Cost": 95857.79,
                "Plan Rows": 37348,
                "Plan Width": 0,
                "Actual Startup Time": 165.658,
                "Actual Total Time": 355.71,
                "Actual Rows": 90154,
                "Actual Loops": 2,
                "Inner Unique": true,
                "Hash Cond": "(mc.movie_id = t.id)",
                "Plans": [
                  {
                    "Node Type": "Seq Scan",
                    "Parent Relationship": "Outer",
                    "Parallel Aware": true,
                    "Relation Name": "movie_companies",
                    "Alias": "mc",
                    "Startup Cost": 0.0,
                    "Total Cost": 37974.77,
                    "Plan Rows": 987152,
                    "Plan Width": 4,
                    "Actual Startup Time": 1.981,
                    "Actual Total Time": 119.276,
                    "Actual Rows": 838955,
                    "Actual Loops": 2,
                    "Filter": "(company_id > 3334)",
                    "Rows Removed by Filter": 465610
                  },
                  {
                    "Node Type": "Hash",
                    "Parent Relationship": "Inner",
                    "Parallel Aware": true,
                    "Startup Cost": 54588.39,
                    "Total Cost": 54588.39,
                    "Plan Rows": 56268,
                    "Plan Width": 4,
                    "Actual Startup Time": 144.397,
                    "Actual Total Time": 144.398,
                    "Actual Rows": 49290,
                    "Actual Loops": 2,
                    "Hash Buckets": 131072,
                    "Original Hash Buckets": 131072,
                    "Hash Batches": 1,
                    "Original Hash Batches": 1,
                    "Peak Memory Usage": 4896,
                    "Plans": [
                      {
                        "Node Type": "Seq Scan",
                        "Parent Relationship": "Outer",
                        "Parallel Aware": true,
                        "Relation Name": "title",
                        "Alias": "t",
                        "Startup Cost": 0.0,
                        "Total Cost": 54588.39,
                        "Plan Rows": 56268,
                        "Plan Width": 4,
                        "Actual Startup Time": 67.407,
                        "Actual Total Time": 133.73,
                        "Actual Rows": 49290,
                        "Actual Loops": 2,
                        "Filter": "(production_year < 1924)",
                        "Rows Removed by Filter": 1214866
                      }
                    ]
                  }
                ]
              }
            ]
          }
        ]
      }
    ]
  },
  "Planning Time": 0.525,
  "Triggers": [],
  "Execution Time": 379.616
}