{
  "Plan": {
    "Node Type": "Aggregate",
    "Strategy": "Plain",
    "Partial Mode": "Finalize",
    "Parallel Aware": false,
    "Startup Cost": 61708.81,
    "Total Cost": 61708.82,
    "Plan Rows": 1,
    "Plan Width": 8,
    "Actual Startup Time": 81.434,
    "Actual Total Time": 87.11,
    "Actual Rows": 1,
    "Actual Loops": 1,
    "Plans": [
      {
        "Node Type": "Gather",
        "Parent Relationship": "Outer",
        "Parallel Aware": false,
        "Startup Cost": 61708.69,
        "Total Cost": 61708.8,
        "Plan Rows": 1,
        "Plan Width": 8,
        "Actual Startup Time": 81.237,
        "Actual Total Time": 87.103,
        "Actual Rows": 2,
        "Actual Loops": 1,
        "Workers Planned": 1,
        "Workers Launched": 1,
        "Single Copy": false,
        "Plans": [
          {
            "Node Type": "Aggregate",
            "Strategy": "Plain",
            "Partial Mode": "Partial",
            "Parent Relationship": "Outer",
            "Parallel Aware": false,
            "Startup Cost": 60708.69,
            "Total Cost": 60708.7,
            "Plan Rows": 1,
            "Plan Width": 8,
            "Actual Startup Time": 74.841,
            "Actual Total Time": 74.845,
            "Actual Rows": 1,
            "Actual Loops": 2,
            "Plans": [
              {
                "Node Type": "Nested Loop",
                "Parent Relationship": "Outer",
                "Parallel Aware": false,
                "Join Type": "Inner",
                "Startup Cost": 22063.1,
                "Total Cost": 60707.27,
                "Plan Rows": 571,
                "Plan Width": 0,
                "Actual Startup Time": 67.719,
                "Actual Total Time": 74.839,
                "Actual Rows": 2,
                "Actual Loops": 2,
                "Inner Unique": false,
                "Plans": [
                  {
                    "Node Type": "Hash Join",
                    "Parent Relationship": "Outer",
                    "Parallel Aware": true,
                    "Join Type": "Inner",
                    "Startup Cost": 22062.67,
                    "Total Cost": 59427.45,
                    "Plan Rows": 319,
                    "Plan Width": 8,
                    "Actual Startup Time": 67.706,
                    "Actual Total Time": 74.823,
                    "Actual Rows": 0,
                    "Actual Loops": 2,
                    "Inner Unique": false,
                    "Hash Cond": "(t.id = mc.movie_id)",
                    "Plans": [
                      {
                        "Node Type": "Bitmap Heap Scan",
                        "Parent Relationship": "Outer",
                        "Parallel Aware": true,
                        "Relation Name": "title",
                        "Alias": "t",
                        "Startup Cost": 2200.43,
                        "Total Cost": 39276.68,
                        "Plan Rows": 45867,
                        "Plan Width": 4,
                        "Actual Startup Time": 14.651,
                        "Actual Total Time": 54.889,
                        "Actual Rows": 50816,
                        "Actual Loops": 2,
                        "Recheck Cond": "(kind_id = 4)",
                        "Rows Removed by Index Recheck": 0,
                        "Filter": "(production_year > 1995)",
                        "Rows Removed by Filter": 8300,
                        "Exact Heap Blocks": 9179,
                        "Lossy Heap Blocks": 0,
                        "Plans": [
                          {
                            "Node Type": "Bitmap Index Scan",
                            "Parent Relationship": "Outer",
                            "Parallel Aware": false,
                            "Index Name": "kind_id_title",
                            "Startup Cost": 0.0,
                            "Total Cost": 2180.94,
                            "Plan Rows": 122201,
                            "Plan Width": 0,
                            "Actual Startup Time": 11.104,
                            "Actual Total Time": 11.104,
                            "Actual Rows": 118234,
                            "Actual Loops": 1,
                            "Index Cond": "(kind_id = 4)"
                          }
                        ]
                      },
                      {
                        "Node Type": "Hash",
                        "Parent Relationship": "Inner",
                        "Parallel Aware": true,
                        "Startup Cost": 19733.06,
                        "Total Cost": 19733.06,
                        "Plan Rows": 10334,
                        "Plan Width": 4,
                        "Actual Startup Time": 10.37,
                        "Actual Total Time": 10.371,
                        "Actual Rows": 8110,
                        "Actual Loops": 2,
                        "Hash Buckets": 32768,
                        "Original Hash Buckets": 32768,
                        "Hash Batches": 1,
                        "Original Hash Batches": 1,
                        "Peak Memory Usage": 928,
                        "Plans": [
                          {
                            "Node Type": "Bitmap Heap Scan",
                            "Parent Relationship": "Outer",
                            "Parallel Aware": true,
                            "Relation Name": "movie_companies",
                            "Alias": "mc",
                            "Startup Cost": 384.58,
                            "Total Cost": 19733.06,
                            "Plan Rows": 10334,
                            "Plan Width": 4,
                            "Actual Startup Time": 1.281,
                            "Actual Total Time": 6.094,
                            "Actual Rows": 8110,
                            "Actual Loops": 2,
                            "Recheck Cond": "(company_id = 166)",
                            "Rows Removed by Index Recheck": 0,
                            "Exact Heap Blocks": 458,
                            "Lossy Heap Blocks": 0,
                            "Plans": [
                              {
                                "Node Type": "Bitmap Index Scan",
                                "Parent Relationship": "Outer",
                                "Parallel Aware": false,
                                "Index Name": "company_id_movie_companies",
                                "Startup Cost": 0.0,
                                "Total Cost": 380.19,
                                "Plan Rows": 17568,
                                "Plan Width": 0,
                                "Actual Startup Time": 2.222,
                                "Actual Total Time": 2.222,
                                "Actual Rows": 16220,
                                "Actual Loops": 1,
                                "Index Cond": "(company_id = 166)"
                              }
                            ]
                          }
                        ]
                      }
                    ]
                  },
                  {
                    "Node Type": "Index Only Scan",
                    "Parent Relationship": "Inner",
                    "Parallel Aware": false,
                    "Scan Direction": "Forward",
                    "Index Name": "movie_id_movie_keyword",
                    "Relation Name": "movie_keyword",
                    "Alias": "mk",
                    "Startup Cost": 0.43,
                    "Total Cost": 3.56,
                    "Plan Rows": 45,
                    "Plan Width": 4,
                    "Actual Startup Time": 0.021,
                    "Actual Total Time": 0.024,
                    "Actual Rows": 5,
                    "Actual Loops": 1,
                    "Index Cond": "(movie_id = t.id)",
                    "Rows Removed by Index Recheck": 0,
                    "Heap Fetches": 5
                  }
                ]
              }
            ]
          }
        ]
      }
    ]
  },
  "Planning Time": 0.981,
  "Triggers": [],
  "Execution Time": 87.227
}