[
  {
    "Plan": {
      "Node Type": "Aggregate",
      "Strategy": "Plain",
      "Partial Mode": "Finalize",
      "Parallel Aware": false,
      "Startup Cost": 435195.57,
      "Total Cost": 435195.58,
      "Plan Rows": 1,
      "Plan Width": 8,
      "Actual Startup Time": 2772.374,
      "Actual Total Time": 2845.313,
      "Actual Rows": 1,
      "Actual Loops": 1,
      "Plans": [
        {
          "Node Type": "Gather",
          "Parent Relationship": "Outer",
          "Parallel Aware": false,
          "Startup Cost": 435194.95,
          "Total Cost": 435195.56,
          "Plan Rows": 6,
          "Plan Width": 8,
          "Actual Startup Time": 2757.018,
          "Actual Total Time": 2845.292,
          "Actual Rows": 7,
          "Actual Loops": 1,
          "Workers Planned": 6,
          "Workers Launched": 6,
          "Single Copy": false,
          "Plans": [
            {
              "Node Type": "Aggregate",
              "Strategy": "Plain",
              "Partial Mode": "Partial",
              "Parent Relationship": "Outer",
              "Parallel Aware": false,
              "Startup Cost": 434194.95,
              "Total Cost": 434194.96,
              "Plan Rows": 1,
              "Plan Width": 8,
              "Actual Startup Time": 2740.508,
              "Actual Total Time": 2740.514,
              "Actual Rows": 1,
              "Actual Loops": 7,
              "Plans": [
                {
                  "Node Type": "Hash Join",
                  "Parent Relationship": "Outer",
                  "Parallel Aware": true,
                  "Join Type": "Inner",
                  "Startup Cost": 85532.55,
                  "Total Cost": 427718.52,
                  "Plan Rows": 2590571,
                  "Plan Width": 0,
                  "Actual Startup Time": 398.247,
                  "Actual Total Time": 2565.065,
                  "Actual Rows": 4253870,
                  "Actual Loops": 7,
                  "Inner Unique": false,
                  "Hash Cond": "(ci.movie_id = t.id)",
                  "Plans": [
                    {
                      "Node Type": "Seq Scan",
                      "Parent Relationship": "Outer",
                      "Parallel Aware": true,
                      "Relation Name": "cast_info",
                      "Alias": "ci",
                      "Startup Cost": 0.0,
                      "Total Cost": 313067.02,
                      "Plan Rows": 6038002,
                      "Plan Width": 4,
                      "Actual Startup Time": 0.026,
                      "Actual Total Time": 515.077,
                      "Actual Rows": 5177763,
                      "Actual Loops": 7
                    },
                    {
                      "Node Type": "Hash",
                      "Parent Relationship": "Inner",
                      "Parallel Aware": true,
                      "Startup Cost": 82142.7,
                      "Total Cost": 82142.7,
                      "Plan Rows": 271188,
                      "Plan Width": 8,
                      "Actual Startup Time": 393.303,
                      "Actual Total Time": 393.307,
                      "Actual Rows": 173254,
                      "Actual Loops": 7,
                      "Hash Buckets": 2097152,
                      "Original Hash Buckets": 2097152,
                      "Hash Batches": 1,
                      "Original Hash Batches": 1,
                      "Peak Memory Usage": 63968,
                      "Plans": [
                        {
                          "Node Type": "Hash Join",
                          "Parent Relationship": "Outer",
                          "Parallel Aware": true,
                          "Join Type": "Inner",
                          "Startup Cost": 35788.81,
                          "Total Cost": 82142.7,
                          "Plan Rows": 271188,
                          "Plan Width": 8,
                          "Actual Startup Time": 137.796,
                          "Actual Total Time": 322.637,
                          "Actual Rows": 173254,
                          "Actual Loops": 7,
                          "Inner Unique": false,
                          "Hash Cond": "(t.id = mc.movie_id)",
                          "Plans": [
                            {
                              "Node Type": "Seq Scan",
                              "Parent Relationship": "Outer",
                              "Parallel Aware": true,
                              "Relation Name": "title",
                              "Alias": "t",
                              "Startup Cost": 0.0,
                              "Total Cost": 42318.73,
                              "Plan Rows": 632073,
                              "Plan Width": 4,
                              "Actual Startup Time": 0.014,
                              "Actual Total Time": 53.601,
                              "Actual Rows": 361187,
                              "Actual Loops": 7
                            },
                            {
                              "Node Type": "Hash",
                              "Parent Relationship": "Inner",
                              "Parallel Aware": true,
                              "Startup Cost": 31414.82,
                              "Total Cost": 31414.82,
                              "Plan Rows": 349919,
                              "Plan Width": 4,
                              "Actual Startup Time": 135.698,
                              "Actual Total Time": 135.698,
                              "Actual Rows": 173254,
                              "Actual Loops": 7,
                              "Hash Buckets": 2097152,
                              "Original Hash Buckets": 2097152,
                              "Hash Batches": 1,
                              "Original Hash Batches": 1,
                              "Peak Memory Usage": 63936,
                              "Plans": [
                                {
                                  "Node Type": "Seq Scan",
                                  "Parent Relationship": "Outer",
                                  "Parallel Aware": true,
                                  "Relation Name": "movie_companies",
                                  "Alias": "mc",
                                  "Startup Cost": 0.0,
                                  "Total Cost": 31414.82,
                                  "Plan Rows": 349919,
                                  "Plan Width": 4,
                                  "Actual Startup Time": 40.042,
                                  "Actual Total Time": 66.885,
                                  "Actual Rows": 173254,
                                  "Actual Loops": 7,
                                  "Filter": "((company_id > 406) AND (company_type_id > 1))",
                                  "Rows Removed by Filter": 199478
                                }
                              ]
                            }
                          ]
                        }
                      ]
                    }
                  ]
                }
              ]
            }
          ]
        }
      ]
    },
    "Planning Time": 1.415,
    "Triggers": [],
    "Execution Time": 2845.422
  }
]