[
  {
    "Plan": {
      "Node Type": "Aggregate",
      "Strategy": "Plain",
      "Partial Mode": "Simple",
      "Parallel Aware": false,
      "Startup Cost": 81904.09,
      "Total Cost": 81904.1,
      "Plan Rows": 1,
      "Plan Width": 64,
      "Actual Startup Time": 663.775,
      "Actual Total Time": 663.785,
      "Actual Rows": 1,
      "Actual Loops": 1,
      "Output": [
        "min(n.name)",
        "min(t.title)"
      ],
      "Plans": [
        {
          "Node Type": "Nested Loop",
          "Parent Relationship": "Outer",
          "Parallel Aware": false,
          "Join Type": "Inner",
          "Startup Cost": 3.14,
          "Total Cost": 81904.08,
          "Plan Rows": 1,
          "Plan Width": 32,
          "Actual Startup Time": 35.009,
          "Actual Total Time": 663.773,
          "Actual Rows": 1,
          "Actual Loops": 1,
          "Output": [
            "n.name",
            "t.title"
          ],
          "Inner Unique": true,
          "Join Filter": "(ci.role_id = rt.id)",
          "Rows Removed by Join Filter": 0,
          "Plans": [
            {
              "Node Type": "Nested Loop",
              "Parent Relationship": "Outer",
              "Parallel Aware": false,
              "Join Type": "Inner",
              "Startup Cost": 3.14,
              "Total Cost": 81902.92,
              "Plan Rows": 1,
              "Plan Width": 36,
              "Actual Startup Time": 34.999,
              "Actual Total Time": 663.761,
              "Actual Rows": 1,
              "Actual Loops": 1,
              "Output": [
                "ci.role_id",
                "n.name",
                "t.title"
              ],
              "Inner Unique": true,
              "Join Filter": "(ci.person_id = n.id)",
              "Rows Removed by Join Filter": 0,
              "Plans": [
                {
                  "Node Type": "Nested Loop",
                  "Parent Relationship": "Outer",
                  "Parallel Aware": false,
                  "Join Type": "Inner",
                  "Startup Cost": 2.71,
                  "Total Cost": 81902.14,
                  "Plan Rows": 1,
                  "Plan Width": 29,
                  "Actual Startup Time": 34.807,
                  "Actual Total Time": 663.568,
                  "Actual Rows": 1,
                  "Actual Loops": 1,
                  "Output": [
                    "an.person_id",
                    "ci.person_id",
                    "ci.role_id",
                    "t.title"
                  ],
                  "Inner Unique": false,
                  "Join Filter": "(mi.info_type_id = it.id)",
                  "Rows Removed by Join Filter": 0,
                  "Plans": [
                    {
                      "Node Type": "Seq Scan",
                      "Parent Relationship": "Outer",
                      "Parallel Aware": false,
                      "Relation Name": "info_type",
                      "Schema": "public",
                      "Alias": "it",
                      "Startup Cost": 0.0,
                      "Total Cost": 2.41,
                      "Plan Rows": 1,
                      "Plan Width": 4,
                      "Actual Startup Time": 0.032,
                      "Actual Total Time": 0.045,
                      "Actual Rows": 1,
                      "Actual Loops": 1,
                      "Output": [
                        "it.id",
                        "it.info"
                      ],
                      "Filter": "((it.info)::text = 'release dates'::text)",
                      "Rows Removed by Filter": 112
                    },
                    {
                      "Node Type": "Nested Loop",
                      "Parent Relationship": "Inner",
                      "Parallel Aware": false,
                      "Join Type": "Inner",
                      "Startup Cost": 2.71,
                      "Total Cost": 81898.48,
                      "Plan Rows": 100,
                      "Plan Width": 33,
                      "Actual Startup Time": 34.771,
                      "Actual Total Time": 663.517,
                      "Actual Rows": 1,
                      "Actual Loops": 1,
                      "Output": [
                        "an.person_id",
                        "ci.person_id",
                        "ci.role_id",
                        "mi.info_type_id",
                        "t.title"
                      ],
                      "Inner Unique": true,
                      "Plans": [
                        {
                          "Node Type": "Nested Loop",
                          "Parent Relationship": "Outer",
                          "Parallel Aware": false,
                          "Join Type": "Inner",
                          "Startup Cost": 2.27,
                          "Total Cost": 81890.31,
                          "Plan Rows": 1,
                          "Plan Width": 37,
                          "Actual Startup Time": 34.611,
                          "Actual Total Time": 663.356,
                          "Actual Rows": 1,
                          "Actual Loops": 1,
                          "Output": [
                            "an.person_id",
                            "ci.person_id",
                            "ci.role_id",
                            "ci.person_role_id",
                            "mi.info_type_id",
                            "t.title"
                          ],
                          "Inner Unique": false,
                          "Plans": [
                            {
                              "Node Type": "Nested Loop",
                              "Parent Relationship": "Outer",
                              "Parallel Aware": false,
                              "Join Type": "Inner",
                              "Startup Cost": 1.85,
                              "Total Cost": 81879.27,
                              "Plan Rows": 1,
                              "Plan Width": 33,
                              "Actual Startup Time": 34.448,
                              "Actual Total Time": 663.19,
                              "Actual Rows": 1,
                              "Actual Loops": 1,
                              "Output": [
                                "ci.person_id",
                                "ci.role_id",
                                "ci.person_role_id",
                                "mi.info_type_id",
                                "t.title"
                              ],
                              "Inner Unique": false,
                              "Join Filter": "(t.id = ci.movie_id)",
                              "Rows Removed by Join Filter": 0,
                              "Plans": [
                                {
                                  "Node Type": "Nested Loop",
                                  "Parent Relationship": "Outer",
                                  "Parallel Aware": false,
                                  "Join Type": "Inner",
                                  "Startup Cost": 1.28,
                                  "Total Cost": 81868.97,
                                  "Plan Rows": 1,
                                  "Plan Width": 33,
                                  "Actual Startup Time": 33.522,
                                  "Actual Total Time": 661.088,
                                  "Actual Rows": 1,
                                  "Actual Loops": 1,
                                  "Output": [
                                    "mc.movie_id",
                                    "mi.movie_id",
                                    "mi.info_type_id",
                                    "t.title",
                                    "t.id"
                                  ],
                                  "Inner Unique": false,
                                  "Join Filter": "(t.id = mi.movie_id)",
                                  "Rows Removed by Join Filter": 0,
                                  "Plans": [
                                    {
                                      "Node Type": "Nested Loop",
                                      "Parent Relationship": "Outer",
                                      "Parallel Aware": false,
                                      "Join Type": "Inner",
                                      "Startup Cost": 0.85,
                                      "Total Cost": 81857.89,
                                      "Plan Rows": 1,
                                      "Plan Width": 25,
                                      "Actual Startup Time": 33.32,
                                      "Actual Total Time": 660.315,
                                      "Actual Rows": 3,
                                      "Actual Loops": 1,
                                      "Output": [
                                        "mc.movie_id",
                                        "t.title",
                                        "t.id"
                                      ],
                                      "Inner Unique": true,
                                      "Plans": [
                                        {
                                          "Node Type": "Nested Loop",
                                          "Parent Relationship": "Outer",
                                          "Parallel Aware": false,
                                          "Join Type": "Inner",
                                          "Startup Cost": 0.43,
                                          "Total Cost": 81856.03,
                                          "Plan Rows": 3,
                                          "Plan Width": 29,
                                          "Actual Startup Time": 33.279,
                                          "Actual Total Time": 660.176,
                                          "Actual Rows": 3,
                                          "Actual Loops": 1,
                                          "Output": [
                                            "mc.movie_id",
                                            "mc.company_id",
                                            "t.title",
                                            "t.id"
                                          ],
                                          "Inner Unique": false,
                                          "Plans": [
                                            {
                                              "Node Type": "Seq Scan",
                                              "Parent Relationship": "Outer",
                                              "Parallel Aware": false,
                                              "Relation Name": "title",
                                              "Schema": "public",
                                              "Alias": "t",
                                              "Startup Cost": 0.0,
                                              "Total Cost": 80243.13,
                                              "Plan Rows": 77,
                                              "Plan Width": 21,
                                              "Actual Startup Time": 33.147,
                                              "Actual Total Time": 659.254,
                                              "Actual Rows": 11,
                                              "Actual Loops": 1,
                                              "Output": [
                                                "t.id",
                                                "t.title",
                                                "t.imdb_index",
                                                "t.kind_id",
                                                "t.production_year",
                                                "t.imdb_id",
                                                "t.phonetic_code",
                                                "t.episode_of_id",
                                                "t.season_nr",
                                                "t.episode_nr",
                                                "t.series_years",
                                                "t.md5sum"
                                              ],
                                              "Filter": "((t.title ~~ '%Minneapolis%'::text) AND (t.production_year >= 1996) AND (t.production_year <= 2007))",
                                              "Rows Removed by Filter": 2528301
                                            },
                                            {
                                              "Node Type": "Index Scan",
                                              "Parent Relationship": "Inner",
                                              "Parallel Aware": false,
                                              "Scan Direction": "Forward",
                                              "Index Name": "movie_id_movie_companies",
                                              "Relation Name": "movie_companies",
                                              "Schema": "public",
                                              "Alias": "mc",
                                              "Startup Cost": 0.43,
                                              "Total Cost": 20.94,
                                              "Plan Rows": 1,
                                              "Plan Width": 8,
                                              "Actual Startup Time": 0.07,
                                              "Actual Total Time": 0.078,
                                              "Actual Rows": 0,
                                              "Actual Loops": 11,
                                              "Output": [
                                                "mc.id",
                                                "mc.movie_id",
                                                "mc.company_id",
                                                "mc.company_type_id",
                                                "mc.note"
                                              ],
                                              "Index Cond": "(mc.movie_id = t.id)",
                                              "Rows Removed by Index Recheck": 0,
                                              "Filter": "((mc.note ~~ '%(200%)%'::text) AND ((mc.note ~~ '%(USA)%'::text) OR (mc.note ~~ '%(worldwide)%'::text)))",
                                              "Rows Removed by Filter": 1
                                            }
                                          ]
                                        },
                                        {
                                          "Node Type": "Index Scan",
                                          "Parent Relationship": "Inner",
                                          "Parallel Aware": false,
                                          "Scan Direction": "Forward",
                                          "Index Name": "company_name_pkey",
                                          "Relation Name": "company_name",
                                          "Schema": "public",
                                          "Alias": "cn",
                                          "Startup Cost": 0.42,
                                          "Total Cost": 0.62,
                                          "Plan Rows": 1,
                                          "Plan Width": 4,
                                          "Actual Startup Time": 0.042,
                                          "Actual Total Time": 0.042,
                                          "Actual Rows": 1,
                                          "Actual Loops": 3,
                                          "Output": [
                                            "cn.id",
                                            "cn.name",
                                            "cn.country_code",
                                            "cn.imdb_id",
                                            "cn.name_pcode_nf",
                                            "cn.name_pcode_sf",
                                            "cn.md5sum"
                                          ],
                                          "Index Cond": "(cn.id = mc.company_id)",
                                          "Rows Removed by Index Recheck": 0,
                                          "Filter": "((cn.country_code)::text = '[us]'::text)",
                                          "Rows Removed by Filter": 0
                                        }
                                      ]
                                    },
                                    {
                                      "Node Type": "Index Scan",
                                      "Parent Relationship": "Inner",
                                      "Parallel Aware": false,
                                      "Scan Direction": "Forward",
                                      "Index Name": "movie_id_movie_info",
                                      "Relation Name": "movie_info",
                                      "Schema": "public",
                                      "Alias": "mi",
                                      "Startup Cost": 0.43,
                                      "Total Cost": 11.07,
                                      "Plan Rows": 1,
                                      "Plan Width": 8,
                                      "Actual Startup Time": 0.226,
                                      "Actual Total Time": 0.255,
                                      "Actual Rows": 0,
                                      "Actual Loops": 3,
                                      "Output": [
                                        "mi.id",
                                        "mi.movie_id",
                                        "mi.info_type_id",
                                        "mi.info",
                                        "mi.note"
                                      ],
                                      "Index Cond": "(mi.movie_id = mc.movie_id)",
                                      "Rows Removed by Index Recheck": 0,
                                      "Filter": "((mi.info IS NOT NULL) AND ((mi.info ~~ 'Japan:%2007%'::text) OR (mi.info ~~ 'USA:%2008%'::text)))",
                                      "Rows Removed by Filter": 8
                                    }
                                  ]
                                },
                                {
                                  "Node Type": "Index Scan",
                                  "Parent Relationship": "Inner",
                                  "Parallel Aware": false,
                                  "Scan Direction": "Forward",
                                  "Index Name": "movie_id_cast_info",
                                  "Relation Name": "cast_info",
                                  "Schema": "public",
                                  "Alias": "ci",
                                  "Startup Cost": 0.56,
                                  "Total Cost": 10.29,
                                  "Plan Rows": 1,
                                  "Plan Width": 16,
                                  "Actual Startup Time": 0.923,
                                  "Actual Total Time": 2.097,
                                  "Actual Rows": 1,
                                  "Actual Loops": 1,
                                  "Output": [
                                    "ci.id",
                                    "ci.person_id",
                                    "ci.movie_id",
                                    "ci.person_role_id",
                                    "ci.note",
                                    "ci.nr_order",
                                    "ci.role_id"
                                  ],
                                  "Index Cond": "(ci.movie_id = mi.movie_id)",
                                  "Rows Removed by Index Recheck": 0,
                                  "Filter": "(ci.note = '(as Jewel)'::text)",
                                  "Rows Removed by Filter": 53
                                }
                              ]
                            },
                            {
                              "Node Type": "Index Only Scan",
                              "Parent Relationship": "Inner",
                              "Parallel Aware": false,
                              "Scan Direction": "Forward",
                              "Index Name": "person_id_aka_name",
                              "Relation Name": "aka_name",
                              "Schema": "public",
                              "Alias": "an",
                              "Startup Cost": 0.42,
                              "Total Cost": 11.02,
                              "Plan Rows": 2,
                              "Plan Width": 4,
                              "Actual Startup Time": 0.161,
                              "Actual Total Time": 0.163,
                              "Actual Rows": 1,
                              "Actual Loops": 1,
                              "Output": [
                                "an.person_id"
                              ],
                              "Index Cond": "(an.person_id = ci.person_id)",
                              "Rows Removed by Index Recheck": 0,
                              "Heap Fetches": 1
                            }
                          ]
                        },
                        {
                          "Node Type": "Index Only Scan",
                          "Parent Relationship": "Inner",
                          "Parallel Aware": false,
                          "Scan Direction": "Forward",
                          "Index Name": "char_name_pkey",
                          "Relation Name": "char_name",
                          "Schema": "public",
                          "Alias": "chn",
                          "Startup Cost": 0.43,
                          "Total Cost": 8.17,
                          "Plan Rows": 1,
                          "Plan Width": 4,
                          "Actual Startup Time": 0.157,
                          "Actual Total Time": 0.157,
                          "Actual Rows": 1,
                          "Actual Loops": 1,
                          "Output": [
                            "chn.id"
                          ],
                          "Index Cond": "(chn.id = ci.person_role_id)",
                          "Rows Removed by Index Recheck": 0,
                          "Heap Fetches": 1
                        }
                      ]
                    }
                  ]
                },
                {
                  "Node Type": "Index Scan",
                  "Parent Relationship": "Inner",
                  "Parallel Aware": false,
                  "Scan Direction": "Forward",
                  "Index Name": "name_pkey",
                  "Relation Name": "name",
                  "Schema": "public",
                  "Alias": "n",
                  "Startup Cost": 0.43,
                  "Total Cost": 0.77,
                  "Plan Rows": 1,
                  "Plan Width": 19,
                  "Actual Startup Time": 0.19,
                  "Actual Total Time": 0.19,
                  "Actual Rows": 1,
                  "Actual Loops": 1,
                  "Output": [
                    "n.id",
                    "n.name",
                    "n.imdb_index",
                    "n.imdb_id",
                    "n.gender",
                    "n.name_pcode_cf",
                    "n.name_pcode_nf",
                    "n.surname_pcode",
                    "n.md5sum"
                  ],
                  "Index Cond": "(n.id = an.person_id)",
                  "Rows Removed by Index Recheck": 0,
                  "Filter": "((n.name ~~ '%Kilcher,%'::text) AND ((n.gender)::text = 'f'::text))",
                  "Rows Removed by Filter": 0
                }
              ]
            },
            {
              "Node Type": "Seq Scan",
              "Parent Relationship": "Inner",
              "Parallel Aware": false,
              "Relation Name": "role_type",
              "Schema": "public",
              "Alias": "rt",
              "Startup Cost": 0.0,
              "Total Cost": 1.15,
              "Plan Rows": 1,
              "Plan Width": 4,
              "Actual Startup Time": 0.008,
              "Actual Total Time": 0.008,
              "Actual Rows": 1,
              "Actual Loops": 1,
              "Output": [
                "rt.id",
                "rt.role"
              ],
              "Filter": "((rt.role)::text = 'actress'::text)",
              "Rows Removed by Filter": 1
            }
          ]
        }
      ]
    },
    "Planning Time": 124267.596,
    "Triggers": [],
    "Execution Time": 664.202
  }
]