{
  "Plan": {
    "Node Type": "Aggregate",
    "Strategy": "Plain",
    "Partial Mode": "Finalize",
    "Parallel Aware": false,
    "Startup Cost": 602873.5,
    "Total Cost": 602873.51,
    "Plan Rows": 1,
    "Plan Width": 8,
    "Actual Startup Time": 2129.543,
    "Actual Total Time": 2171.691,
    "Actual Rows": 1,
    "Actual Loops": 1,
    "Plans": [
      {
        "Node Type": "Gather",
        "Parent Relationship": "Outer",
        "Parallel Aware": false,
        "Startup Cost": 602873.39,
        "Total Cost": 602873.5,
        "Plan Rows": 1,
        "Plan Width": 8,
        "Actual Startup Time": 2128.537,
        "Actual Total Time": 2171.681,
        "Actual Rows": 2,
        "Actual Loops": 1,
        "Workers Planned": 1,
        "Workers Launched": 1,
        "Single Copy": false,
        "Plans": [
          {
            "Node Type": "Aggregate",
            "Strategy": "Plain",
            "Partial Mode": "Partial",
            "Parent Relationship": "Outer",
            "Parallel Aware": false,
            "Startup Cost": 601873.39,
            "Total Cost": 601873.4,
            "Plan Rows": 1,
            "Plan Width": 8,
            "Actual Startup Time": 2122.472,
            "Actual Total Time": 2122.477,
            "Actual Rows": 1,
            "Actual Loops": 2,
            "Plans": [
              {
                "Node Type": "Hash Join",
                "Parent Relationship": "Outer",
                "Parallel Aware": true,
                "Join Type": "Inner",
                "Startup Cost": 58155.1,
                "Total Cost": 599249.2,
                "Plan Rows": 1049678,
                "Plan Width": 0,
                "Actual Startup Time": 240.315,
                "Actual Total Time": 2103.946,
                "Actual Rows": 413162,
                "Actual Loops": 2,
                "Inner Unique": true,
                "Hash Cond": "(ci.movie_id = t.id)",
                "Plans": [
                  {
                    "Node Type": "Index Scan",
                    "Parent Relationship": "Outer",
                    "Parallel Aware": true,
                    "Scan Direction": "Forward",
                    "Index Name": "role_id_cast_info",
                    "Relation Name": "cast_info",
                    "Alias": "ci",
                    "Startup Cost": 0.56,
                    "Total Cost": 526730.69,
                    "Plan Rows": 5471979,
                    "Plan Width": 4,
                    "Actual Startup Time": 0.053,
                    "Actual Total Time": 1164.606,
                    "Actual Rows": 2642020,
                    "Actual Loops": 2,
                    "Index Cond": "(role_id > 2)",
                    "Rows Removed by Index Recheck": 0,
                    "Filter": "(person_id < 2072827)",
                    "Rows Removed by Filter": 5418822
                  },
                  {
                    "Node Type": "Hash",
                    "Parent Relationship": "Inner",
                    "Parallel Aware": true,
                    "Startup Cost": 54588.39,
                    "Total Cost": 54588.39,
                    "Plan Rows": 285292,
                    "Plan Width": 4,
                    "Actual Startup Time": 234.225,
                    "Actual Total Time": 234.227,
                    "Actual Rows": 247014,
                    "Actual Loops": 2,
                    "Hash Buckets": 524288,
                    "Original Hash Buckets": 524288,
                    "Hash Batches": 1,
                    "Original Hash Batches": 1,
                    "Peak Memory Usage": 23456,
                    "Plans": [
                      {
                        "Node Type": "Seq Scan",
                        "Parent Relationship": "Outer",
                        "Parallel Aware": true,
                        "Relation Name": "title",
                        "Alias": "t",
                        "Startup Cost": 0.0,
                        "Total Cost": 54588.39,
                        "Plan Rows": 285292,
                        "Plan Width": 4,
                        "Actual Startup Time": 0.041,
                        "Actual Total Time": 156.365,
                        "Actual Rows": 247014,
                        "Actual Loops": 2,
                        "Filter": "(production_year < 1979)",
                        "Rows Removed by Filter": 1017142
                      }
                    ]
                  }
                ]
              }
            ]
          }
        ]
      }
    ]
  },
  "Planning Time": 0.667,
  "Triggers": [],
  "Execution Time": 2171.785
}