[
  {
    "Plan": {
      "Node Type": "Aggregate",
      "Strategy": "Plain",
      "Partial Mode": "Simple",
      "Parallel Aware": false,
      "Startup Cost": 28171.81,
      "Total Cost": 28171.82,
      "Plan Rows": 1,
      "Plan Width": 8,
      "Actual Startup Time": 86.321,
      "Actual Total Time": 86.323,
      "Actual Rows": 1,
      "Actual Loops": 1,
      "Plans": [
        {
          "Node Type": "Bitmap Heap Scan",
          "Parent Relationship": "Outer",
          "Parallel Aware": false,
          "Relation Name": "movie_keyword",
          "Alias": "mk",
          "Startup Cost": 2179.32,
          "Total Cost": 27915.39,
          "Plan Rows": 102566,
          "Plan Width": 0,
          "Actual Startup Time": 28.432,
          "Actual Total Time": 81.143,
          "Actual Rows": 117394,
          "Actual Loops": 1,
          "Recheck Cond": "(keyword_id < 115)",
          "Rows Removed by Index Recheck": 0,
          "Exact Heap Blocks": 22599,
          "Lossy Heap Blocks": 0,
          "Plans": [
            {
              "Node Type": "Bitmap Index Scan",
              "Parent Relationship": "Outer",
              "Parallel Aware": false,
              "Index Name": "keyword_id_movie_keyword",
              "Startup Cost": 0.0,
              "Total Cost": 2153.68,
              "Plan Rows": 102566,
              "Plan Width": 0,
              "Actual Startup Time": 22.836,
              "Actual Total Time": 22.837,
              "Actual Rows": 117394,
              "Actual Loops": 1,
              "Index Cond": "(keyword_id < 115)"
            }
          ]
        }
      ]
    },
    "Planning Time": 0.142,
    "Triggers": [],
    "Execution Time": 86.374
  }
]