[
  {
    "Plan": {
      "Node Type": "Aggregate",
      "Strategy": "Plain",
      "Partial Mode": "Finalize",
      "Parallel Aware": false,
      "Startup Cost": 110154.83,
      "Total Cost": 110154.84,
      "Plan Rows": 1,
      "Plan Width": 8,
      "Actual Startup Time": 468.468,
      "Actual Total Time": 491.604,
      "Actual Rows": 1,
      "Actual Loops": 1,
      "Plans": [
        {
          "Node Type": "Gather",
          "Parent Relationship": "Outer",
          "Parallel Aware": false,
          "Startup Cost": 110154.62,
          "Total Cost": 110154.83,
          "Plan Rows": 2,
          "Plan Width": 8,
          "Actual Startup Time": 467.941,
          "Actual Total Time": 491.596,
          "Actual Rows": 3,
          "Actual Loops": 1,
          "Workers Planned": 2,
          "Workers Launched": 2,
          "Single Copy": false,
          "Plans": [
            {
              "Node Type": "Aggregate",
              "Strategy": "Plain",
              "Partial Mode": "Partial",
              "Parent Relationship": "Outer",
              "Parallel Aware": false,
              "Startup Cost": 109154.62,
              "Total Cost": 109154.63,
              "Plan Rows": 1,
              "Plan Width": 8,
              "Actual Startup Time": 459.948,
              "Actual Total Time": 459.954,
              "Actual Rows": 1,
              "Actual Loops": 3,
              "Plans": [
                {
                  "Node Type": "Hash Join",
                  "Parent Relationship": "Outer",
                  "Parallel Aware": true,
                  "Join Type": "Inner",
                  "Startup Cost": 93059.29,
                  "Total Cost": 109043.77,
                  "Plan Rows": 44338,
                  "Plan Width": 0,
                  "Actual Startup Time": 382.52,
                  "Actual Total Time": 459.815,
                  "Actual Rows": 2666,
                  "Actual Loops": 3,
                  "Inner Unique": false,
                  "Hash Cond": "(mi_idx.movie_id = t.id)",
                  "Plans": [
                    {
                      "Node Type": "Seq Scan",
                      "Parent Relationship": "Outer",
                      "Parallel Aware": true,
                      "Relation Name": "movie_info_idx",
                      "Alias": "mi_idx",
                      "Startup Cost": 0.0,
                      "Total Cost": 13685.15,
                      "Plan Rows": 575015,
                      "Plan Width": 4,
                      "Actual Startup Time": 0.038,
                      "Actual Total Time": 40.162,
                      "Actual Rows": 460012,
                      "Actual Loops": 3
                    },
                    {
                      "Node Type": "Hash",
                      "Parent Relationship": "Inner",
                      "Parallel Aware": true,
                      "Startup Cost": 92273.15,
                      "Total Cost": 92273.15,
                      "Plan Rows": 62891,
                      "Plan Width": 8,
                      "Actual Startup Time": 379.423,
                      "Actual Total Time": 379.427,
                      "Actual Rows": 3499,
                      "Actual Loops": 3,
                      "Hash Buckets": 262144,
                      "Original Hash Buckets": 262144,
                      "Hash Batches": 1,
                      "Original Hash Batches": 1,
                      "Peak Memory Usage": 2496,
                      "Plans": [
                        {
                          "Node Type": "Hash Join",
                          "Parent Relationship": "Outer",
                          "Parallel Aware": true,
                          "Join Type": "Inner",
                          "Startup Cost": 45827.42,
                          "Total Cost": 92273.15,
                          "Plan Rows": 62891,
                          "Plan Width": 8,
                          "Actual Startup Time": 117.823,
                          "Actual Total Time": 377.104,
                          "Actual Rows": 3499,
                          "Actual Loops": 3,
                          "Inner Unique": true,
                          "Hash Cond": "(mk.movie_id = t.id)",
                          "Plans": [
                            {
                              "Node Type": "Seq Scan",
                              "Parent Relationship": "Outer",
                              "Parallel Aware": true,
                              "Relation Name": "movie_keyword",
                              "Alias": "mk",
                              "Startup Cost": 0.0,
                              "Total Cost": 42695.65,
                              "Plan Rows": 1428596,
                              "Plan Width": 4,
                              "Actual Startup Time": 0.019,
                              "Actual Total Time": 164.874,
                              "Actual Rows": 1476688,
                              "Actual Loops": 3,
                              "Filter": "(keyword_id < 83975)",
                              "Rows Removed by Filter": 31289
                            },
                            {
                              "Node Type": "Hash",
                              "Parent Relationship": "Inner",
                              "Parallel Aware": true,
                              "Startup Cost": 45479.59,
                              "Total Cost": 45479.59,
                              "Plan Rows": 27827,
                              "Plan Width": 4,
                              "Actual Startup Time": 115.345,
                              "Actual Total Time": 115.346,
                              "Actual Rows": 5972,
                              "Actual Loops": 3,
                              "Hash Buckets": 131072,
                              "Original Hash Buckets": 131072,
                              "Hash Batches": 1,
                              "Original Hash Batches": 1,
                              "Peak Memory Usage": 1792,
                              "Plans": [
                                {
                                  "Node Type": "Seq Scan",
                                  "Parent Relationship": "Outer",
                                  "Parallel Aware": true,
                                  "Relation Name": "title",
                                  "Alias": "t",
                                  "Startup Cost": 0.0,
                                  "Total Cost": 45479.59,
                                  "Plan Rows": 27827,
                                  "Plan Width": 4,
                                  "Actual Startup Time": 0.155,
                                  "Actual Total Time": 112.281,
                                  "Actual Rows": 5972,
                                  "Actual Loops": 3,
                                  "Filter": "((production_year < 1955) AND (kind_id = 7))",
                                  "Rows Removed by Filter": 836799
                                }
                              ]
                            }
                          ]
                        }
                      ]
                    }
                  ]
                }
              ]
            }
          ]
        }
      ]
    },
    "Planning Time": 0.486,
    "Triggers": [],
    "Execution Time": 491.658
  }
]