{
    "Plan": {
        "Node Type": "Aggregate",
        "Strategy": "Plain",
        "Partial Mode": "Simple",
        "Parallel Aware": false,
        "Startup Cost": 50003309765.27,
        "Total Cost": 50003309765.28,
        "Plan Rows": 1,
        "Plan Width": 64,
        "Actual Startup Time": 15481.09,
        "Actual Total Time": 15481.108,
        "Actual Rows": 1,
        "Actual Loops": 1,
        "Output": [
            "min(n.name)",
            "min(t.title)"
        ],
        "Plans": [
            {
                "Node Type": "Nested Loop",
                "Parent Relationship": "Outer",
                "Parallel Aware": false,
                "Join Type": "Inner",
                "Startup Cost": 50003297106.51,
                "Total Cost": 50003309765.27,
                "Plan Rows": 1,
                "Plan Width": 32,
                "Actual Startup Time": 15461.223,
                "Actual Total Time": 15481.09,
                "Actual Rows": 14,
                "Actual Loops": 1,
                "Output": [
                    "n.name",
                    "t.title"
                ],
                "Inner Unique": true,
                "Plans": [
                    {
                        "Node Type": "Hash Join",
                        "Parent Relationship": "Outer",
                        "Parallel Aware": false,
                        "Join Type": "Inner",
                        "Startup Cost": 40003297106.06,
                        "Total Cost": 40003309760.8,
                        "Plan Rows": 1,
                        "Plan Width": 36,
                        "Actual Startup Time": 15461.18,
                        "Actual Total Time": 15480.837,
                        "Actual Rows": 38,
                        "Actual Loops": 1,
                        "Output": [
                            "ci.person_role_id",
                            "n.name",
                            "t.title"
                        ],
                        "Inner Unique": true,
                        "Hash Cond": "(mi.movie_id = t.id)",
                        "Plans": [
                            {
                                "Node Type": "Merge Join",
                                "Parent Relationship": "Outer",
                                "Parallel Aware": false,
                                "Join Type": "Inner",
                                "Startup Cost": 40003160249.16,
                                "Total Cost": 40003172903.9,
                                "Plan Rows": 1,
                                "Plan Width": 31,
                                "Actual Startup Time": 13448.658,
                                "Actual Total Time": 13468.277,
                                "Actual Rows": 38,
                                "Actual Loops": 1,
                                "Output": [
                                    "ci.movie_id",
                                    "ci.person_role_id",
                                    "mc.movie_id",
                                    "mi.movie_id",
                                    "n.name"
                                ],
                                "Inner Unique": true,
                                "Merge Cond": "(mc.company_id = cn.id)",
                                "Plans": [
                                    {
                                        "Node Type": "Sort",
                                        "Parent Relationship": "Outer",
                                        "Parallel Aware": false,
                                        "Startup Cost": 40003160248.74,
                                        "Total Cost": 40003160248.75,
                                        "Plan Rows": 4,
                                        "Plan Width": 35,
                                        "Actual Startup Time": 13448.154,
                                        "Actual Total Time": 13448.176,
                                        "Actual Rows": 38,
                                        "Actual Loops": 1,
                                        "Output": [
                                            "ci.movie_id",
                                            "ci.person_role_id",
                                            "mc.movie_id",
                                            "mc.company_id",
                                            "mi.movie_id",
                                            "n.name"
                                        ],
                                        "Sort Key": [
                                            "mc.company_id"
                                        ],
                                        "Sort Method": "quicksort",
                                        "Sort Space Used": 27,
                                        "Sort Space Type": "Memory",
                                        "Plans": [
                                            {
                                                "Node Type": "Hash Join",
                                                "Parent Relationship": "Outer",
                                                "Parallel Aware": false,
                                                "Join Type": "Inner",
                                                "Startup Cost": 40003136459.14,
                                                "Total Cost": 40003160248.7,
                                                "Plan Rows": 4,
                                                "Plan Width": 35,
                                                "Actual Startup Time": 13347.35,
                                                "Actual Total Time": 13448.134,
                                                "Actual Rows": 38,
                                                "Actual Loops": 1,
                                                "Output": [
                                                    "ci.movie_id",
                                                    "ci.person_role_id",
                                                    "mc.movie_id",
                                                    "mc.company_id",
                                                    "mi.movie_id",
                                                    "n.name"
                                                ],
                                                "Inner Unique": false,
                                                "Hash Cond": "(mi.movie_id = mc.movie_id)",
                                                "Plans": [
                                                    {
                                                        "Node Type": "Hash Join",
                                                        "Parent Relationship": "Outer",
                                                        "Parallel Aware": false,
                                                        "Join Type": "Inner",
                                                        "Startup Cost": 40002988735.12,
                                                        "Total Cost": 40003012524.6,
                                                        "Plan Rows": 6,
                                                        "Plan Width": 27,
                                                        "Actual Startup Time": 11396.593,
                                                        "Actual Total Time": 11497.344,
                                                        "Actual Rows": 45,
                                                        "Actual Loops": 1,
                                                        "Output": [
                                                            "ci.movie_id",
                                                            "ci.person_role_id",
                                                            "mi.movie_id",
                                                            "n.name"
                                                        ],
                                                        "Inner Unique": false,
                                                        "Hash Cond": "(an.person_id = n.id)",
                                                        "Plans": [
                                                            {
                                                                "Node Type": "Seq Scan",
                                                                "Parent Relationship": "Outer",
                                                                "Parallel Aware": false,
                                                                "Relation Name": "aka_name",
                                                                "Schema": "public",
                                                                "Alias": "an",
                                                                "Startup Cost": 10000000000.0,
                                                                "Total Cost": 10000020409.43,
                                                                "Plan Rows": 901343,
                                                                "Plan Width": 4,
                                                                "Actual Startup Time": 0.022,
                                                                "Actual Total Time": 78.531,
                                                                "Actual Rows": 901343,
                                                                "Actual Loops": 1,
                                                                "Output": [
                                                                    "an.id",
                                                                    "an.person_id",
                                                                    "an.name",
                                                                    "an.imdb_index",
                                                                    "an.name_pcode_cf",
                                                                    "an.name_pcode_nf",
                                                                    "an.surname_pcode",
                                                                    "an.md5sum"
                                                                ]
                                                            },
                                                            {
                                                                "Node Type": "Hash",
                                                                "Parent Relationship": "Inner",
                                                                "Parallel Aware": false,
                                                                "Startup Cost": 30002988735.1,
                                                                "Total Cost": 30002988735.1,
                                                                "Plan Rows": 2,
                                                                "Plan Width": 35,
                                                                "Actual Startup Time": 11364.602,
                                                                "Actual Total Time": 11364.614,
                                                                "Actual Rows": 24,
                                                                "Actual Loops": 1,
                                                                "Output": [
                                                                    "ci.movie_id",
                                                                    "ci.person_id",
                                                                    "ci.person_role_id",
                                                                    "mi.movie_id",
                                                                    "n.name",
                                                                    "n.id"
                                                                ],
                                                                "Hash Buckets": 1024,
                                                                "Original Hash Buckets": 1024,
                                                                "Hash Batches": 1,
                                                                "Original Hash Batches": 1,
                                                                "Peak Memory Usage": 10,
                                                                "Plans": [
                                                                    {
                                                                        "Node Type": "Hash Join",
                                                                        "Parent Relationship": "Outer",
                                                                        "Parallel Aware": false,
                                                                        "Join Type": "Inner",
                                                                        "Startup Cost": 30002988733.89,
                                                                        "Total Cost": 30002988735.1,
                                                                        "Plan Rows": 2,
                                                                        "Plan Width": 35,
                                                                        "Actual Startup Time": 11364.575,
                                                                        "Actual Total Time": 11364.595,
                                                                        "Actual Rows": 24,
                                                                        "Actual Loops": 1,
                                                                        "Output": [
                                                                            "ci.movie_id",
                                                                            "ci.person_id",
                                                                            "ci.person_role_id",
                                                                            "mi.movie_id",
                                                                            "n.name",
                                                                            "n.id"
                                                                        ],
                                                                        "Inner Unique": false,
                                                                        "Hash Cond": "(rt.id = ci.role_id)",
                                                                        "Plans": [
                                                                            {
                                                                                "Node Type": "Seq Scan",
                                                                                "Parent Relationship": "Outer",
                                                                                "Parallel Aware": false,
                                                                                "Relation Name": "role_type",
                                                                                "Schema": "public",
                                                                                "Alias": "rt",
                                                                                "Startup Cost": 10000000000.0,
                                                                                "Total Cost": 10000000001.15,
                                                                                "Plan Rows": 1,
                                                                                "Plan Width": 4,
                                                                                "Actual Startup Time": 0.012,
                                                                                "Actual Total Time": 0.017,
                                                                                "Actual Rows": 1,
                                                                                "Actual Loops": 1,
                                                                                "Output": [
                                                                                    "rt.id",
                                                                                    "rt.role"
                                                                                ],
                                                                                "Filter": "((rt.role)::text = 'actress'::text)",
                                                                                "Rows Removed by Filter": 11
                                                                            },
                                                                            {
                                                                                "Node Type": "Hash",
                                                                                "Parent Relationship": "Inner",
                                                                                "Parallel Aware": false,
                                                                                "Startup Cost": 20002988733.51,
                                                                                "Total Cost": 20002988733.51,
                                                                                "Plan Rows": 30,
                                                                                "Plan Width": 39,
                                                                                "Actual Startup Time": 11364.543,
                                                                                "Actual Total Time": 11364.552,
                                                                                "Actual Rows": 57,
                                                                                "Actual Loops": 1,
                                                                                "Output": [
                                                                                    "ci.movie_id",
                                                                                    "ci.person_id",
                                                                                    "ci.role_id",
                                                                                    "ci.person_role_id",
                                                                                    "mi.movie_id",
                                                                                    "n.name",
                                                                                    "n.id"
                                                                                ],
                                                                                "Hash Buckets": 1024,
                                                                                "Original Hash Buckets": 1024,
                                                                                "Hash Batches": 1,
                                                                                "Original Hash Batches": 1,
                                                                                "Peak Memory Usage": 12,
                                                                                "Plans": [
                                                                                    {
                                                                                        "Node Type": "Hash Join",
                                                                                        "Parent Relationship": "Outer",
                                                                                        "Parallel Aware": false,
                                                                                        "Join Type": "Inner",
                                                                                        "Startup Cost": 20002789025.01,
                                                                                        "Total Cost": 20002988733.51,
                                                                                        "Plan Rows": 30,
                                                                                        "Plan Width": 39,
                                                                                        "Actual Startup Time": 10594.225,
                                                                                        "Actual Total Time": 11364.509,
                                                                                        "Actual Rows": 57,
                                                                                        "Actual Loops": 1,
                                                                                        "Output": [
                                                                                            "ci.movie_id",
                                                                                            "ci.person_id",
                                                                                            "ci.role_id",
                                                                                            "ci.person_role_id",
                                                                                            "mi.movie_id",
                                                                                            "n.name",
                                                                                            "n.id"
                                                                                        ],
                                                                                        "Inner Unique": false,
                                                                                        "Hash Cond": "(n.id = ci.person_id)",
                                                                                        "Plans": [
                                                                                            {
                                                                                                "Node Type": "Index Scan",
                                                                                                "Parent Relationship": "Outer",
                                                                                                "Parallel Aware": false,
                                                                                                "Scan Direction": "Forward",
                                                                                                "Index Name": "name_pkey",
                                                                                                "Relation Name": "name",
                                                                                                "Schema": "public",
                                                                                                "Alias": "n",
                                                                                                "Startup Cost": 0.43,
                                                                                                "Total Cost": 199011.55,
                                                                                                "Plan Rows": 9452,
                                                                                                "Plan Width": 19,
                                                                                                "Actual Startup Time": 571.591,
                                                                                                "Actual Total Time": 1360.217,
                                                                                                "Actual Rows": 356,
                                                                                                "Actual Loops": 1,
                                                                                                "Output": [
                                                                                                    "n.id",
                                                                                                    "n.name",
                                                                                                    "n.imdb_index",
                                                                                                    "n.imdb_id",
                                                                                                    "n.gender",
                                                                                                    "n.name_pcode_cf",
                                                                                                    "n.name_pcode_nf",
                                                                                                    "n.surname_pcode",
                                                                                                    "n.md5sum"
                                                                                                ],
                                                                                                "Filter": "((n.name ~~ '%Aimee%'::text) AND ((n.gender)::text = 'f'::text))",
                                                                                                "Rows Removed by Filter": 4167135
                                                                                            },
                                                                                            {
                                                                                                "Node Type": "Hash",
                                                                                                "Parent Relationship": "Inner",
                                                                                                "Parallel Aware": false,
                                                                                                "Startup Cost": 20002788858.35,
                                                                                                "Total Cost": 20002788858.35,
                                                                                                "Plan Rows": 13298,
                                                                                                "Plan Width": 20,
                                                                                                "Actual Startup Time": 10003.954,
                                                                                                "Actual Total Time": 10003.961,
                                                                                                "Actual Rows": 1060882,
                                                                                                "Actual Loops": 1,
                                                                                                "Output": [
                                                                                                    "ci.movie_id",
                                                                                                    "ci.person_id",
                                                                                                    "ci.role_id",
                                                                                                    "ci.person_role_id",
                                                                                                    "mi.movie_id"
                                                                                                ],
                                                                                                "Hash Buckets": 2097152,
                                                                                                "Original Hash Buckets": 16384,
                                                                                                "Hash Batches": 1,
                                                                                                "Original Hash Batches": 1,
                                                                                                "Peak Memory Usage": 67236,
                                                                                                "Plans": [
                                                                                                    {
                                                                                                        "Node Type": "Merge Join",
                                                                                                        "Parent Relationship": "Outer",
                                                                                                        "Parallel Aware": false,
                                                                                                        "Join Type": "Inner",
                                                                                                        "Startup Cost": 20002773227.02,
                                                                                                        "Total Cost": 20002788858.35,
                                                                                                        "Plan Rows": 13298,
                                                                                                        "Plan Width": 20,
                                                                                                        "Actual Startup Time": 9006.158,
                                                                                                        "Actual Total Time": 9811.864,
                                                                                                        "Actual Rows": 1060882,
                                                                                                        "Actual Loops": 1,
                                                                                                        "Output": [
                                                                                                            "ci.movie_id",
                                                                                                            "ci.person_id",
                                                                                                            "ci.role_id",
                                                                                                            "ci.person_role_id",
                                                                                                            "mi.movie_id"
                                                                                                        ],
                                                                                                        "Inner Unique": false,
                                                                                                        "Merge Cond": "(ci.movie_id = mi.movie_id)",
                                                                                                        "Plans": [
                                                                                                            {
                                                                                                                "Node Type": "Sort",
                                                                                                                "Parent Relationship": "Outer",
                                                                                                                "Parallel Aware": false,
                                                                                                                "Startup Cost": 10001684010.34,
                                                                                                                "Total Cost": 10001691726.27,
                                                                                                                "Plan Rows": 3086374,
                                                                                                                "Plan Width": 16,
                                                                                                                "Actual Startup Time": 5957.348,
                                                                                                                "Actual Total Time": 6338.18,
                                                                                                                "Actual Rows": 3093116,
                                                                                                                "Actual Loops": 1,
                                                                                                                "Output": [
                                                                                                                    "ci.movie_id",
                                                                                                                    "ci.person_id",
                                                                                                                    "ci.role_id",
                                                                                                                    "ci.person_role_id"
                                                                                                                ],
                                                                                                                "Sort Key": [
                                                                                                                    "ci.movie_id"
                                                                                                                ],
                                                                                                                "Sort Method": "quicksort",
                                                                                                                "Sort Space Used": 243294,
                                                                                                                "Sort Space Type": "Memory",
                                                                                                                "Plans": [
                                                                                                                    {
                                                                                                                        "Node Type": "Index Scan",
                                                                                                                        "Parent Relationship": "Outer",
                                                                                                                        "Parallel Aware": false,
                                                                                                                        "Scan Direction": "Forward",
                                                                                                                        "Index Name": "role_id_cast_info",
                                                                                                                        "Relation Name": "cast_info",
                                                                                                                        "Schema": "public",
                                                                                                                        "Alias": "ci",
                                                                                                                        "Startup Cost": 10000000000.57,
                                                                                                                        "Total Cost": 10001351338.09,
                                                                                                                        "Plan Rows": 3086374,
                                                                                                                        "Plan Width": 16,
                                                                                                                        "Actual Startup Time": 0.026,
                                                                                                                        "Actual Total Time": 5169.403,
                                                                                                                        "Actual Rows": 3093116,
                                                                                                                        "Actual Loops": 1,
                                                                                                                        "Output": [
                                                                                                                            "ci.movie_id",
                                                                                                                            "ci.person_id",
                                                                                                                            "ci.role_id",
                                                                                                                            "ci.person_role_id"
                                                                                                                        ],
                                                                                                                        "Filter": "(ci.note = ANY ('{\"(executive producer)\",(voice),(producer),\"(as Aimee)\"}'::text[]))",
                                                                                                                        "Rows Removed by Filter": 33151228
                                                                                                                    }
                                                                                                                ]
                                                                                                            },
                                                                                                            {
                                                                                                                "Node Type": "Sort",
                                                                                                                "Parent Relationship": "Inner",
                                                                                                                "Parallel Aware": false,
                                                                                                                "Startup Cost": 10001089216.69,
                                                                                                                "Total Cost": 10001089226.85,
                                                                                                                "Plan Rows": 4066,
                                                                                                                "Plan Width": 4,
                                                                                                                "Actual Startup Time": 3048.791,
                                                                                                                "Actual Total Time": 3100.776,
                                                                                                                "Actual Rows": 1222650,
                                                                                                                "Actual Loops": 1,
                                                                                                                "Output": [
                                                                                                                    "mi.movie_id"
                                                                                                                ],
                                                                                                                "Sort Key": [
                                                                                                                    "mi.movie_id"
                                                                                                                ],
                                                                                                                "Sort Method": "quicksort",
                                                                                                                "Sort Space Used": 33431,
                                                                                                                "Sort Space Type": "Memory",
                                                                                                                "Plans": [
                                                                                                                    {
                                                                                                                        "Node Type": "Hash Join",
                                                                                                                        "Parent Relationship": "Outer",
                                                                                                                        "Parallel Aware": false,
                                                                                                                        "Join Type": "Inner",
                                                                                                                        "Startup Cost": 10000000002.86,
                                                                                                                        "Total Cost": 10001088972.94,
                                                                                                                        "Plan Rows": 4066,
                                                                                                                        "Plan Width": 4,
                                                                                                                        "Actual Startup Time": 1667.908,
                                                                                                                        "Actual Total Time": 2960.732,
                                                                                                                        "Actual Rows": 451039,
                                                                                                                        "Actual Loops": 1,
                                                                                                                        "Output": [
                                                                                                                            "mi.movie_id"
                                                                                                                        ],
                                                                                                                        "Inner Unique": false,
                                                                                                                        "Hash Cond": "(mi.info_type_id = it.id)",
                                                                                                                        "Plans": [
                                                                                                                            {
                                                                                                                                "Node Type": "Index Scan",
                                                                                                                                "Parent Relationship": "Outer",
                                                                                                                                "Parallel Aware": false,
                                                                                                                                "Scan Direction": "Forward",
                                                                                                                                "Index Name": "info_type_id_movie_info",
                                                                                                                                "Relation Name": "movie_info",
                                                                                                                                "Schema": "public",
                                                                                                                                "Alias": "mi",
                                                                                                                                "Startup Cost": 0.43,
                                                                                                                                "Total Cost": 1087206.91,
                                                                                                                                "Plan Rows": 459453,
                                                                                                                                "Plan Width": 8,
                                                                                                                                "Actual Startup Time": 5.258,
                                                                                                                                "Actual Total Time": 2900.697,
                                                                                                                                "Actual Rows": 451104,
                                                                                                                                "Actual Loops": 1,
                                                                                                                                "Output": [
                                                                                                                                    "mi.id",
                                                                                                                                    "mi.movie_id",
                                                                                                                                    "mi.info_type_id",
                                                                                                                                    "mi.info",
                                                                                                                                    "mi.note"
                                                                                                                                ],
                                                                                                                                "Filter": "((mi.info IS NOT NULL) AND ((mi.info ~~ 'Japan:%200%'::text) OR (mi.info ~~ 'USA:%200%'::text)))",
                                                                                                                                "Rows Removed by Filter": 14384616
                                                                                                                            },
                                                                                                                            {
                                                                                                                                "Node Type": "Hash",
                                                                                                                                "Parent Relationship": "Inner",
                                                                                                                                "Parallel Aware": false,
                                                                                                                                "Startup Cost": 10000000002.41,
                                                                                                                                "Total Cost": 10000000002.41,
                                                                                                                                "Plan Rows": 1,
                                                                                                                                "Plan Width": 4,
                                                                                                                                "Actual Startup Time": 0.031,
                                                                                                                                "Actual Total Time": 0.032,
                                                                                                                                "Actual Rows": 1,
                                                                                                                                "Actual Loops": 1,
                                                                                                                                "Output": [
                                                                                                                                    "it.id"
                                                                                                                                ],
                                                                                                                                "Hash Buckets": 1024,
                                                                                                                                "Original Hash Buckets": 1024,
                                                                                                                                "Hash Batches": 1,
                                                                                                                                "Original Hash Batches": 1,
                                                                                                                                "Peak Memory Usage": 9,
                                                                                                                                "Plans": [
                                                                                                                                    {
                                                                                                                                        "Node Type": "Seq Scan",
                                                                                                                                        "Parent Relationship": "Outer",
                                                                                                                                        "Parallel Aware": false,
                                                                                                                                        "Relation Name": "info_type",
                                                                                                                                        "Schema": "public",
                                                                                                                                        "Alias": "it",
                                                                                                                                        "Startup Cost": 10000000000.0,
                                                                                                                                        "Total Cost": 10000000002.41,
                                                                                                                                        "Plan Rows": 1,
                                                                                                                                        "Plan Width": 4,
                                                                                                                                        "Actual Startup Time": 0.021,
                                                                                                                                        "Actual Total Time": 0.027,
                                                                                                                                        "Actual Rows": 1,
                                                                                                                                        "Actual Loops": 1,
                                                                                                                                        "Output": [
                                                                                                                                            "it.id"
                                                                                                                                        ],
                                                                                                                                        "Filter": "((it.info)::text = 'release dates'::text)",
                                                                                                                                        "Rows Removed by Filter": 112
                                                                                                                                    }
                                                                                                                                ]
                                                                                                                            }
                                                                                                                        ]
                                                                                                                    }
                                                                                                                ]
                                                                                                            }
                                                                                                        ]
                                                                                                    }
                                                                                                ]
                                                                                            }
                                                                                        ]
                                                                                    }
                                                                                ]
                                                                            }
                                                                        ]
                                                                    }
                                                                ]
                                                            }
                                                        ]
                                                    },
                                                    {
                                                        "Node Type": "Hash",
                                                        "Parent Relationship": "Inner",
                                                        "Parallel Aware": false,
                                                        "Startup Cost": 144061.85,
                                                        "Total Cost": 144061.85,
                                                        "Plan Rows": 292973,
                                                        "Plan Width": 8,
                                                        "Actual Startup Time": 1950.133,
                                                        "Actual Total Time": 1950.134,
                                                        "Actual Rows": 590994,
                                                        "Actual Loops": 1,
                                                        "Output": [
                                                            "mc.movie_id",
                                                            "mc.company_id"
                                                        ],
                                                        "Hash Buckets": 1048576,
                                                        "Original Hash Buckets": 524288,
                                                        "Hash Batches": 1,
                                                        "Original Hash Batches": 1,
                                                        "Peak Memory Usage": 31278,
                                                        "Plans": [
                                                            {
                                                                "Node Type": "Index Scan",
                                                                "Parent Relationship": "Outer",
                                                                "Parallel Aware": false,
                                                                "Scan Direction": "Forward",
                                                                "Index Name": "company_id_movie_companies",
                                                                "Relation Name": "movie_companies",
                                                                "Schema": "public",
                                                                "Alias": "mc",
                                                                "Startup Cost": 0.43,
                                                                "Total Cost": 144061.85,
                                                                "Plan Rows": 292973,
                                                                "Plan Width": 8,
                                                                "Actual Startup Time": 0.027,
                                                                "Actual Total Time": 1796.473,
                                                                "Actual Rows": 590994,
                                                                "Actual Loops": 1,
                                                                "Output": [
                                                                    "mc.movie_id",
                                                                    "mc.company_id"
                                                                ],
                                                                "Filter": "((mc.note IS NOT NULL) AND ((mc.note ~~ '%(USA)%'::text) OR (mc.note ~~ '%(worldwide)%'::text)))",
                                                                "Rows Removed by Filter": 2018135
                                                            }
                                                        ]
                                                    }
                                                ]
                                            }
                                        ]
                                    },
                                    {
                                        "Node Type": "Index Scan",
                                        "Parent Relationship": "Inner",
                                        "Parallel Aware": false,
                                        "Scan Direction": "Forward",
                                        "Index Name": "company_name_pkey",
                                        "Relation Name": "company_name",
                                        "Schema": "public",
                                        "Alias": "cn",
                                        "Startup Cost": 0.42,
                                        "Total Cost": 12454.44,
                                        "Plan Rows": 84301,
                                        "Plan Width": 4,
                                        "Actual Startup Time": 0.028,
                                        "Actual Total Time": 19.337,
                                        "Actual Rows": 15176,
                                        "Actual Loops": 1,
                                        "Output": [
                                            "cn.id",
                                            "cn.name",
                                            "cn.country_code",
                                            "cn.imdb_id",
                                            "cn.name_pcode_nf",
                                            "cn.name_pcode_sf",
                                            "cn.md5sum"
                                        ],
                                        "Filter": "((cn.country_code)::text = '[us]'::text)",
                                        "Rows Removed by Filter": 27417
                                    }
                                ]
                            },
                            {
                                "Node Type": "Hash",
                                "Parent Relationship": "Inner",
                                "Parallel Aware": false,
                                "Startup Cost": 122983.71,
                                "Total Cost": 122983.71,
                                "Plan Rows": 1109855,
                                "Plan Width": 21,
                                "Actual Startup Time": 2009.409,
                                "Actual Total Time": 2009.41,
                                "Actual Rows": 1110145,
                                "Actual Loops": 1,
                                "Output": [
                                    "t.title",
                                    "t.id"
                                ],
                                "Hash Buckets": 2097152,
                                "Original Hash Buckets": 2097152,
                                "Hash Batches": 1,
                                "Original Hash Batches": 1,
                                "Peak Memory Usage": 75546,
                                "Plans": [
                                    {
                                        "Node Type": "Index Scan",
                                        "Parent Relationship": "Outer",
                                        "Parallel Aware": false,
                                        "Scan Direction": "Forward",
                                        "Index Name": "title_pkey",
                                        "Relation Name": "title",
                                        "Schema": "public",
                                        "Alias": "t",
                                        "Startup Cost": 0.43,
                                        "Total Cost": 122983.71,
                                        "Plan Rows": 1109855,
                                        "Plan Width": 21,
                                        "Actual Startup Time": 0.04,
                                        "Actual Total Time": 1560.182,
                                        "Actual Rows": 1110145,
                                        "Actual Loops": 1,
                                        "Output": [
                                            "t.title",
                                            "t.id"
                                        ],
                                        "Filter": "((t.production_year >= 1995) AND (t.production_year <= 2009))",
                                        "Rows Removed by Filter": 1418167
                                    }
                                ]
                            }
                        ]
                    },
                    {
                        "Node Type": "Bitmap Heap Scan",
                        "Parent Relationship": "Inner",
                        "Parallel Aware": false,
                        "Relation Name": "char_name",
                        "Schema": "public",
                        "Alias": "chn",
                        "Startup Cost": 0.45,
                        "Total Cost": 4.46,
                        "Plan Rows": 1,
                        "Plan Width": 4,
                        "Actual Startup Time": 0.004,
                        "Actual Total Time": 0.004,
                        "Actual Rows": 0,
                        "Actual Loops": 38,
                        "Output": [
                            "chn.id",
                            "chn.name",
                            "chn.imdb_index",
                            "chn.imdb_id",
                            "chn.name_pcode_nf",
                            "chn.surname_pcode",
                            "chn.md5sum"
                        ],
                        "Recheck Cond": "(chn.id = ci.person_role_id)",
                        "Rows Removed by Index Recheck": 0,
                        "Exact Heap Blocks": 14,
                        "Lossy Heap Blocks": 0,
                        "Plans": [
                            {
                                "Node Type": "Bitmap Index Scan",
                                "Parent Relationship": "Outer",
                                "Parallel Aware": false,
                                "Index Name": "char_name_pkey",
                                "Startup Cost": 0.0,
                                "Total Cost": 0.45,
                                "Plan Rows": 1,
                                "Plan Width": 0,
                                "Actual Startup Time": 0.003,
                                "Actual Total Time": 0.003,
                                "Actual Rows": 0,
                                "Actual Loops": 38,
                                "Index Cond": "(chn.id = ci.person_role_id)"
                            }
                        ]
                    }
                ]
            }
        ]
    },
    "Planning Time": 22.231,
    "Triggers": [],
    "Execution Time": 15488.157
}