{
  "Plan": {
    "Node Type": "Aggregate",
    "Strategy": "Plain",
    "Partial Mode": "Finalize",
    "Parallel Aware": false,
    "Startup Cost": 170762.52,
    "Total Cost": 170762.53,
    "Plan Rows": 1,
    "Plan Width": 8,
    "Actual Startup Time": 834.549,
    "Actual Total Time": 856.138,
    "Actual Rows": 1,
    "Actual Loops": 1,
    "Plans": [
      {
        "Node Type": "Gather",
        "Parent Relationship": "Outer",
        "Parallel Aware": false,
        "Startup Cost": 170762.41,
        "Total Cost": 170762.52,
        "Plan Rows": 1,
        "Plan Width": 8,
        "Actual Startup Time": 832.318,
        "Actual Total Time": 856.132,
        "Actual Rows": 2,
        "Actual Loops": 1,
        "Workers Planned": 1,
        "Workers Launched": 1,
        "Single Copy": false,
        "Plans": [
          {
            "Node Type": "Aggregate",
            "Strategy": "Plain",
            "Partial Mode": "Partial",
            "Parent Relationship": "Outer",
            "Parallel Aware": false,
            "Startup Cost": 169762.41,
            "Total Cost": 169762.42,
            "Plan Rows": 1,
            "Plan Width": 8,
            "Actual Startup Time": 826.233,
            "Actual Total Time": 826.238,
            "Actual Rows": 1,
            "Actual Loops": 2,
            "Plans": [
              {
                "Node Type": "Hash Join",
                "Parent Relationship": "Outer",
                "Parallel Aware": true,
                "Join Type": "Inner",
                "Startup Cost": 105353.03,
                "Total Cost": 169409.63,
                "Plan Rows": 141112,
                "Plan Width": 0,
                "Actual Startup Time": 394.256,
                "Actual Total Time": 821.642,
                "Actual Rows": 108599,
                "Actual Loops": 2,
                "Inner Unique": false,
                "Hash Cond": "(t.id = mc.movie_id)",
                "Plans": [
                  {
                    "Node Type": "Hash Join",
                    "Parent Relationship": "Outer",
                    "Parallel Aware": true,
                    "Join Type": "Inner",
                    "Startup Cost": 60373.46,
                    "Total Cost": 118424.31,
                    "Plan Rows": 828110,
                    "Plan Width": 8,
                    "Actual Startup Time": 243.493,
                    "Actual Total Time": 627.563,
                    "Actual Rows": 443085,
                    "Actual Loops": 2,
                    "Inner Unique": true,
                    "Hash Cond": "(mk.movie_id = t.id)",
                    "Plans": [
                      {
                        "Node Type": "Seq Scan",
                        "Parent Relationship": "Outer",
                        "Parallel Aware": true,
                        "Relation Name": "movie_keyword",
                        "Alias": "mk",
                        "Startup Cost": 0.0,
                        "Total Cost": 51065.35,
                        "Plan Rows": 2661135,
                        "Plan Width": 4,
                        "Actual Startup Time": 0.007,
                        "Actual Total Time": 156.217,
                        "Actual Rows": 2261965,
                        "Actual Loops": 2
                      },
                      {
                        "Node Type": "Hash",
                        "Parent Relationship": "Inner",
                        "Parallel Aware": true,
                        "Startup Cost": 54588.39,
                        "Total Cost": 54588.39,
                        "Plan Rows": 462806,
                        "Plan Width": 4,
                        "Actual Startup Time": 240.446,
                        "Actual Total Time": 240.447,
                        "Actual Rows": 392463,
                        "Actual Loops": 2,
                        "Hash Buckets": 1048576,
                        "Original Hash Buckets": 1048576,
                        "Hash Batches": 1,
                        "Original Hash Batches": 1,
                        "Peak Memory Usage": 38944,
                        "Plans": [
                          {
                            "Node Type": "Seq Scan",
                            "Parent Relationship": "Outer",
                            "Parallel Aware": true,
                            "Relation Name": "title",
                            "Alias": "t",
                            "Startup Cost": 0.0,
                            "Total Cost": 54588.39,
                            "Plan Rows": 462806,
                            "Plan Width": 4,
                            "Actual Startup Time": 0.014,
                            "Actual Total Time": 143.818,
                            "Actual Rows": 392463,
                            "Actual Loops": 2,
                            "Filter": "(production_year > 2007)",
                            "Rows Removed by Filter": 871693
                          }
                        ]
                      }
                    ]
                  },
                  {
                    "Node Type": "Hash",
                    "Parent Relationship": "Inner",
                    "Parallel Aware": true,
                    "Startup Cost": 41811.73,
                    "Total Cost": 41811.73,
                    "Plan Rows": 253427,
                    "Plan Width": 4,
                    "Actual Startup Time": 145.261,
                    "Actual Total Time": 145.262,
                    "Actual Rows": 123242,
                    "Actual Loops": 2,
                    "Hash Buckets": 524288,
                    "Original Hash Buckets": 524288,
                    "Hash Batches": 1,
                    "Original Hash Batches": 1,
                    "Peak Memory Usage": 13792,
                    "Plans": [
                      {
                        "Node Type": "Seq Scan",
                        "Parent Relationship": "Outer",
                        "Parallel Aware": true,
                        "Relation Name": "movie_companies",
                        "Alias": "mc",
                        "Startup Cost": 0.0,
                        "Total Cost": 41811.73,
                        "Plan Rows": 253427,
                        "Plan Width": 4,
                        "Actual Startup Time": 66.487,
                        "Actual Total Time": 118.996,
                        "Actual Rows": 123242,
                        "Actual Loops": 2,
                        "Filter": "((company_id < 2253) AND (company_type_id > 1))",
                        "Rows Removed by Filter": 1181323
                      }
                    ]
                  }
                ]
              }
            ]
          }
        ]
      }
    ]
  },
  "Planning Time": 0.967,
  "Triggers": [],
  "Execution Time": 856.22
}