{
  "Plan": {
    "Node Type": "Aggregate",
    "Strategy": "Plain",
    "Partial Mode": "Finalize",
    "Parallel Aware": false,
    "Startup Cost": 120138.13,
    "Total Cost": 120138.14,
    "Plan Rows": 1,
    "Plan Width": 8,
    "Actual Startup Time": 527.331,
    "Actual Total Time": 547.151,
    "Actual Rows": 1,
    "Actual Loops": 1,
    "Plans": [
      {
        "Node Type": "Gather",
        "Parent Relationship": "Outer",
        "Parallel Aware": false,
        "Startup Cost": 120138.02,
        "Total Cost": 120138.13,
        "Plan Rows": 1,
        "Plan Width": 8,
        "Actual Startup Time": 526.534,
        "Actual Total Time": 547.143,
        "Actual Rows": 2,
        "Actual Loops": 1,
        "Workers Planned": 1,
        "Workers Launched": 1,
        "Single Copy": false,
        "Plans": [
          {
            "Node Type": "Aggregate",
            "Strategy": "Plain",
            "Partial Mode": "Partial",
            "Parent Relationship": "Outer",
            "Parallel Aware": false,
            "Startup Cost": 119138.02,
            "Total Cost": 119138.03,
            "Plan Rows": 1,
            "Plan Width": 8,
            "Actual Startup Time": 520.941,
            "Actual Total Time": 521.123,
            "Actual Rows": 1,
            "Actual Loops": 2,
            "Plans": [
              {
                "Node Type": "Hash Join",
                "Parent Relationship": "Outer",
                "Parallel Aware": true,
                "Join Type": "Inner",
                "Startup Cost": 58912.74,
                "Total Cost": 119062.5,
                "Plan Rows": 30209,
                "Plan Width": 0,
                "Actual Startup Time": 203.175,
                "Actual Total Time": 515.187,
                "Actual Rows": 117076,
                "Actual Loops": 2,
                "Inner Unique": true,
                "Hash Cond": "(mk.movie_id = t.id)",
                "Plans": [
                  {
                    "Node Type": "Seq Scan",
                    "Parent Relationship": "Outer",
                    "Parallel Aware": true,
                    "Relation Name": "movie_keyword",
                    "Alias": "mk",
                    "Startup Cost": 0.0,
                    "Total Cost": 57718.19,
                    "Plan Rows": 926310,
                    "Plan Width": 4,
                    "Actual Startup Time": 0.037,
                    "Actual Total Time": 211.645,
                    "Actual Rows": 793892,
                    "Actual Loops": 2,
                    "Filter": "(keyword_id < 2436)",
                    "Rows Removed by Filter": 1468072
                  },
                  {
                    "Node Type": "Hash",
                    "Parent Relationship": "Inner",
                    "Parallel Aware": true,
                    "Startup Cost": 58306.47,
                    "Total Cost": 58306.47,
                    "Plan Rows": 48502,
                    "Plan Width": 4,
                    "Actual Startup Time": 201.356,
                    "Actual Total Time": 201.357,
                    "Actual Rows": 93731,
                    "Actual Loops": 2,
                    "Hash Buckets": 262144,
                    "Original Hash Buckets": 131072,
                    "Hash Batches": 1,
                    "Original Hash Batches": 1,
                    "Peak Memory Usage": 10432,
                    "Plans": [
                      {
                        "Node Type": "Seq Scan",
                        "Parent Relationship": "Outer",
                        "Parallel Aware": true,
                        "Relation Name": "title",
                        "Alias": "t",
                        "Startup Cost": 0.0,
                        "Total Cost": 58306.47,
                        "Plan Rows": 48502,
                        "Plan Width": 4,
                        "Actual Startup Time": 0.131,
                        "Actual Total Time": 168.705,
                        "Actual Rows": 93731,
                        "Actual Loops": 2,
                        "Filter": "((kind_id < 7) AND (production_year < 1958))",
                        "Rows Removed by Filter": 1170425
                      }
                    ]
                  }
                ]
              }
            ]
          }
        ]
      }
    ]
  },
  "Planning Time": 0.299,
  "Triggers": [],
  "Execution Time": 547.2
}