{
  "Plan": {
    "Node Type": "Aggregate",
    "Strategy": "Plain",
    "Partial Mode": "Simple",
    "Parallel Aware": false,
    "Startup Cost": 94495.28,
    "Total Cost": 94495.29,
    "Plan Rows": 1,
    "Plan Width": 8,
    "Actual Startup Time": 290.839,
    "Actual Total Time": 298.898,
    "Actual Rows": 1,
    "Actual Loops": 1,
    "Plans": [
      {
        "Node Type": "Gather",
        "Parent Relationship": "Outer",
        "Parallel Aware": false,
        "Startup Cost": 94450.5,
        "Total Cost": 94495.28,
        "Plan Rows": 1,
        "Plan Width": 0,
        "Actual Startup Time": 289.124,
        "Actual Total Time": 298.885,
        "Actual Rows": 33,
        "Actual Loops": 1,
        "Workers Planned": 1,
        "Workers Launched": 1,
        "Single Copy": false,
        "Plans": [
          {
            "Node Type": "Merge Join",
            "Parent Relationship": "Outer",
            "Parallel Aware": false,
            "Join Type": "Inner",
            "Startup Cost": 93450.5,
            "Total Cost": 93495.18,
            "Plan Rows": 1,
            "Plan Width": 0,
            "Actual Startup Time": 283.675,
            "Actual Total Time": 284.354,
            "Actual Rows": 16,
            "Actual Loops": 2,
            "Inner Unique": false,
            "Merge Cond": "(t.id = mk.movie_id)",
            "Plans": [
              {
                "Node Type": "Sort",
                "Parent Relationship": "Outer",
                "Parallel Aware": false,
                "Startup Cost": 92517.64,
                "Total Cost": 92539.38,
                "Plan Rows": 8696,
                "Plan Width": 8,
                "Actual Startup Time": 282.725,
                "Actual Total Time": 283.05,
                "Actual Rows": 8635,
                "Actual Loops": 2,
                "Sort Key": [
                  "mc.movie_id"
                ],
                "Sort Method": "quicksort",
                "Sort Space Used": 803,
                "Sort Space Type": "Memory",
                "Workers": [
                  {
                    "Worker Number": 0,
                    "Sort Method": "quicksort",
                    "Sort Space Used": 781,
                    "Sort Space Type": "Memory"
                  }
                ],
                "Plans": [
                  {
                    "Node Type": "Hash Join",
                    "Parent Relationship": "Outer",
                    "Parallel Aware": true,
                    "Join Type": "Inner",
                    "Startup Cost": 53782.03,
                    "Total Cost": 91948.66,
                    "Plan Rows": 8696,
                    "Plan Width": 8,
                    "Actual Startup Time": 124.655,
                    "Actual Total Time": 280.866,
                    "Actual Rows": 8692,
                    "Actual Loops": 2,
                    "Inner Unique": true,
                    "Hash Cond": "(mc.movie_id = t.id)",
                    "Plans": [
                      {
                        "Node Type": "Seq Scan",
                        "Parent Relationship": "Outer",
                        "Parallel Aware": true,
                        "Relation Name": "movie_companies",
                        "Alias": "mc",
                        "Startup Cost": 0.0,
                        "Total Cost": 34137.82,
                        "Plan Rows": 1534782,
                        "Plan Width": 4,
                        "Actual Startup Time": 0.013,
                        "Actual Total Time": 91.064,
                        "Actual Rows": 1304564,
                        "Actual Loops": 2
                      },
                      {
                        "Node Type": "Hash",
                        "Parent Relationship": "Inner",
                        "Parallel Aware": true,
                        "Startup Cost": 53676.69,
                        "Total Cost": 53676.69,
                        "Plan Rows": 8427,
                        "Plan Width": 4,
                        "Actual Startup Time": 93.17,
                        "Actual Total Time": 93.171,
                        "Actual Rows": 3789,
                        "Actual Loops": 2,
                        "Hash Buckets": 16384,
                        "Original Hash Buckets": 16384,
                        "Hash Batches": 1,
                        "Original Hash Batches": 1,
                        "Peak Memory Usage": 448,
                        "Plans": [
                          {
                            "Node Type": "Bitmap Heap Scan",
                            "Parent Relationship": "Outer",
                            "Parallel Aware": true,
                            "Relation Name": "title",
                            "Alias": "t",
                            "Startup Cost": 11826.43,
                            "Total Cost": 53676.69,
                            "Plan Rows": 8427,
                            "Plan Width": 4,
                            "Actual Startup Time": 36.058,
                            "Actual Total Time": 91.807,
                            "Actual Rows": 3789,
                            "Actual Loops": 2,
                            "Recheck Cond": "(kind_id = 1)",
                            "Rows Removed by Index Recheck": 0,
                            "Filter": "(production_year = 1999)",
                            "Rows Removed by Filter": 327624,
                            "Exact Heap Blocks": 9709,
                            "Lossy Heap Blocks": 0,
                            "Plans": [
                              {
                                "Node Type": "Bitmap Index Scan",
                                "Parent Relationship": "Outer",
                                "Parallel Aware": false,
                                "Index Name": "kind_id_title",
                                "Startup Cost": 0.0,
                                "Total Cost": 11822.85,
                                "Plan Rows": 663256,
                                "Plan Width": 0,
                                "Actual Startup Time": 38.897,
                                "Actual Total Time": 38.898,
                                "Actual Rows": 662825,
                                "Actual Loops": 1,
                                "Index Cond": "(kind_id = 1)"
                              }
                            ]
                          }
                        ]
                      }
                    ]
                  }
                ]
              },
              {
                "Node Type": "Sort",
                "Parent Relationship": "Inner",
                "Parallel Aware": false,
                "Startup Cost": 932.85,
                "Total Cost": 933.47,
                "Plan Rows": 248,
                "Plan Width": 4,
                "Actual Startup Time": 0.836,
                "Actual Total Time": 0.844,
                "Actual Rows": 180,
                "Actual Loops": 2,
                "Sort Key": [
                  "mk.movie_id"
                ],
                "Sort Method": "quicksort",
                "Sort Space Used": 32,
                "Sort Space Type": "Memory",
                "Workers": [
                  {
                    "Worker Number": 0,
                    "Sort Method": "quicksort",
                    "Sort Space Used": 32,
                    "Sort Space Type": "Memory"
                  }
                ],
                "Plans": [
                  {
                    "Node Type": "Bitmap Heap Scan",
                    "Parent Relationship": "Outer",
                    "Parallel Aware": false,
                    "Relation Name": "movie_keyword",
                    "Alias": "mk",
                    "Startup Cost": 6.35,
                    "Total Cost": 922.98,
                    "Plan Rows": 248,
                    "Plan Width": 4,
                    "Actual Startup Time": 0.091,
                    "Actual Total Time": 0.794,
                    "Actual Rows": 166,
                    "Actual Loops": 2,
                    "Recheck Cond": "(keyword_id = 11598)",
                    "Rows Removed by Index Recheck": 0,
                    "Exact Heap Blocks": 165,
                    "Lossy Heap Blocks": 0,
                    "Plans": [
                      {
                        "Node Type": "Bitmap Index Scan",
                        "Parent Relationship": "Outer",
                        "Parallel Aware": false,
                        "Index Name": "keyword_id_movie_keyword",
                        "Startup Cost": 0.0,
                        "Total Cost": 6.29,
                        "Plan Rows": 248,
                        "Plan Width": 0,
                        "Actual Startup Time": 0.072,
                        "Actual Total Time": 0.072,
                        "Actual Rows": 166,
                        "Actual Loops": 2,
                        "Index Cond": "(keyword_id = 11598)"
                      }
                    ]
                  }
                ]
              }
            ]
          }
        ]
      }
    ]
  },
  "Planning Time": 0.876,
  "Triggers": [],
  "Execution Time": 299.004
}