[
  {
    "Plan": {
      "Node Type": "Aggregate",
      "Strategy": "Plain",
      "Partial Mode": "Finalize",
      "Parallel Aware": false,
      "Startup Cost": 236824.7,
      "Total Cost": 236824.71,
      "Plan Rows": 1,
      "Plan Width": 8,
      "Actual Startup Time": 190.081,
      "Actual Total Time": 223.378,
      "Actual Rows": 1,
      "Actual Loops": 1,
      "Plans": [
        {
          "Node Type": "Gather",
          "Parent Relationship": "Outer",
          "Parallel Aware": false,
          "Startup Cost": 236824.28,
          "Total Cost": 236824.69,
          "Plan Rows": 4,
          "Plan Width": 8,
          "Actual Startup Time": 189.922,
          "Actual Total Time": 223.369,
          "Actual Rows": 5,
          "Actual Loops": 1,
          "Workers Planned": 4,
          "Workers Launched": 4,
          "Single Copy": false,
          "Plans": [
            {
              "Node Type": "Aggregate",
              "Strategy": "Plain",
              "Partial Mode": "Partial",
              "Parent Relationship": "Outer",
              "Parallel Aware": false,
              "Startup Cost": 235824.28,
              "Total Cost": 235824.29,
              "Plan Rows": 1,
              "Plan Width": 8,
              "Actual Startup Time": 180.447,
              "Actual Total Time": 180.448,
              "Actual Rows": 1,
              "Actual Loops": 5,
              "Plans": [
                {
                  "Node Type": "Nested Loop",
                  "Parent Relationship": "Outer",
                  "Parallel Aware": false,
                  "Join Type": "Inner",
                  "Startup Cost": 0.56,
                  "Total Cost": 235815.26,
                  "Plan Rows": 3606,
                  "Plan Width": 0,
                  "Actual Startup Time": 1.056,
                  "Actual Total Time": 179.905,
                  "Actual Rows": 4074,
                  "Actual Loops": 5,
                  "Inner Unique": false,
                  "Plans": [
                    {
                      "Node Type": "Seq Scan",
                      "Parent Relationship": "Outer",
                      "Parallel Aware": true,
                      "Relation Name": "title",
                      "Alias": "t",
                      "Startup Cost": 0.0,
                      "Total Cost": 43898.92,
                      "Plan Rows": 1917,
                      "Plan Width": 4,
                      "Actual Startup Time": 0.246,
                      "Actual Total Time": 73.683,
                      "Actual Rows": 1898,
                      "Actual Loops": 5,
                      "Filter": "(production_year = 1957)",
                      "Rows Removed by Filter": 503764
                    },
                    {
                      "Node Type": "Index Scan",
                      "Parent Relationship": "Inner",
                      "Parallel Aware": false,
                      "Scan Direction": "Forward",
                      "Index Name": "movie_id_cast_info",
                      "Relation Name": "cast_info",
                      "Alias": "ci",
                      "Startup Cost": 0.56,
                      "Total Cost": 100.06,
                      "Plan Rows": 5,
                      "Plan Width": 4,
                      "Actual Startup Time": 0.036,
                      "Actual Total Time": 0.055,
                      "Actual Rows": 2,
                      "Actual Loops": 9491,
                      "Index Cond": "(movie_id = t.id)",
                      "Rows Removed by Index Recheck": 0,
                      "Filter": "((person_id > 1267042) AND (role_id = 2))",
                      "Rows Removed by Filter": 10
                    }
                  ]
                }
              ]
            }
          ]
        }
      ]
    },
    "Planning Time": 0.645,
    "Triggers": [],
    "Execution Time": 223.46
  }
]