[
  {
    "Plan": {
      "Node Type": "Aggregate",
      "Strategy": "Plain",
      "Partial Mode": "Finalize",
      "Parallel Aware": false,
      "Startup Cost": 47290.52,
      "Total Cost": 47290.53,
      "Plan Rows": 1,
      "Plan Width": 8,
      "Actual Startup Time": 185.063,
      "Actual Total Time": 194.622,
      "Actual Rows": 1,
      "Actual Loops": 1,
      "Plans": [
        {
          "Node Type": "Gather",
          "Parent Relationship": "Outer",
          "Parallel Aware": false,
          "Startup Cost": 47290.2,
          "Total Cost": 47290.51,
          "Plan Rows": 3,
          "Plan Width": 8,
          "Actual Startup Time": 184.817,
          "Actual Total Time": 194.613,
          "Actual Rows": 4,
          "Actual Loops": 1,
          "Workers Planned": 3,
          "Workers Launched": 3,
          "Single Copy": false,
          "Plans": [
            {
              "Node Type": "Aggregate",
              "Strategy": "Plain",
              "Partial Mode": "Partial",
              "Parent Relationship": "Outer",
              "Parallel Aware": false,
              "Startup Cost": 46290.2,
              "Total Cost": 46290.21,
              "Plan Rows": 1,
              "Plan Width": 8,
              "Actual Startup Time": 179.483,
              "Actual Total Time": 179.484,
              "Actual Rows": 1,
              "Actual Loops": 4,
              "Plans": [
                {
                  "Node Type": "Seq Scan",
                  "Parent Relationship": "Outer",
                  "Parallel Aware": true,
                  "Relation Name": "movie_keyword",
                  "Alias": "mk",
                  "Startup Cost": 0.0,
                  "Total Cost": 42695.65,
                  "Plan Rows": 1437820,
                  "Plan Width": 0,
                  "Actual Startup Time": 0.046,
                  "Actual Total Time": 129.41,
                  "Actual Rows": 1114629,
                  "Actual Loops": 4,
                  "Filter": "(keyword_id < 92900)",
                  "Rows Removed by Filter": 16354
                }
              ]
            }
          ]
        }
      ]
    },
    "Planning Time": 0.231,
    "Triggers": [],
    "Execution Time": 194.666
  }
]