[
  {
    "Plan": {
      "Node Type": "Aggregate",
      "Strategy": "Plain",
      "Partial Mode": "Finalize",
      "Parallel Aware": false,
      "Startup Cost": 46162.58,
      "Total Cost": 46162.59,
      "Plan Rows": 1,
      "Plan Width": 8,
      "Actual Startup Time": 221.777,
      "Actual Total Time": 232.905,
      "Actual Rows": 1,
      "Actual Loops": 1,
      "Plans": [
        {
          "Node Type": "Gather",
          "Parent Relationship": "Outer",
          "Parallel Aware": false,
          "Startup Cost": 46162.26,
          "Total Cost": 46162.57,
          "Plan Rows": 3,
          "Plan Width": 8,
          "Actual Startup Time": 221.593,
          "Actual Total Time": 232.895,
          "Actual Rows": 4,
          "Actual Loops": 1,
          "Workers Planned": 3,
          "Workers Launched": 3,
          "Single Copy": false,
          "Plans": [
            {
              "Node Type": "Aggregate",
              "Strategy": "Plain",
              "Partial Mode": "Partial",
              "Parent Relationship": "Outer",
              "Parallel Aware": false,
              "Startup Cost": 45162.26,
              "Total Cost": 45162.27,
              "Plan Rows": 1,
              "Plan Width": 8,
              "Actual Startup Time": 213.509,
              "Actual Total Time": 213.511,
              "Actual Rows": 1,
              "Actual Loops": 4,
              "Plans": [
                {
                  "Node Type": "Seq Scan",
                  "Parent Relationship": "Outer",
                  "Parallel Aware": true,
                  "Relation Name": "movie_keyword",
                  "Alias": "mk",
                  "Startup Cost": 0.0,
                  "Total Cost": 42695.65,
                  "Plan Rows": 986643,
                  "Plan Width": 0,
                  "Actual Startup Time": 0.22,
                  "Actual Total Time": 163.3,
                  "Actual Rows": 760702,
                  "Actual Loops": 4,
                  "Filter": "(keyword_id > 2112)",
                  "Rows Removed by Filter": 370280
                }
              ]
            }
          ]
        }
      ]
    },
    "Planning Time": 0.123,
    "Triggers": [],
    "Execution Time": 232.949
  }
]