{
  "Plan": {
    "Node Type": "Aggregate",
    "Strategy": "Plain",
    "Partial Mode": "Finalize",
    "Parallel Aware": false,
    "Startup Cost": 497210.33,
    "Total Cost": 497210.34,
    "Plan Rows": 1,
    "Plan Width": 8,
    "Actual Startup Time": 2354.229,
    "Actual Total Time": 2384.108,
    "Actual Rows": 1,
    "Actual Loops": 1,
    "Plans": [
      {
        "Node Type": "Gather",
        "Parent Relationship": "Outer",
        "Parallel Aware": false,
        "Startup Cost": 497210.22,
        "Total Cost": 497210.33,
        "Plan Rows": 1,
        "Plan Width": 8,
        "Actual Startup Time": 2348.818,
        "Actual Total Time": 2384.101,
        "Actual Rows": 2,
        "Actual Loops": 1,
        "Workers Planned": 1,
        "Workers Launched": 1,
        "Single Copy": false,
        "Plans": [
          {
            "Node Type": "Aggregate",
            "Strategy": "Plain",
            "Partial Mode": "Partial",
            "Parent Relationship": "Outer",
            "Parallel Aware": false,
            "Startup Cost": 496210.22,
            "Total Cost": 496210.23,
            "Plan Rows": 1,
            "Plan Width": 8,
            "Actual Startup Time": 2336.176,
            "Actual Total Time": 2336.18,
            "Actual Rows": 1,
            "Actual Loops": 2,
            "Plans": [
              {
                "Node Type": "Hash Join",
                "Parent Relationship": "Outer",
                "Parallel Aware": true,
                "Join Type": "Inner",
                "Startup Cost": 184042.25,
                "Total Cost": 489557.22,
                "Plan Rows": 2661198,
                "Plan Width": 0,
                "Actual Startup Time": 776.73,
                "Actual Total Time": 2228.65,
                "Actual Rows": 2570361,
                "Actual Loops": 2,
                "Inner Unique": true,
                "Hash Cond": "(ci.movie_id = t.id)",
                "Plans": [
                  {
                    "Node Type": "Bitmap Heap Scan",
                    "Parent Relationship": "Outer",
                    "Parallel Aware": true,
                    "Relation Name": "cast_info",
                    "Alias": "ci",
                    "Startup Cost": 114581.55,
                    "Total Cost": 413110.87,
                    "Plan Rows": 2661198,
                    "Plan Width": 4,
                    "Actual Startup Time": 246.556,
                    "Actual Total Time": 613.271,
                    "Actual Rows": 2570361,
                    "Actual Loops": 2,
                    "Recheck Cond": "(person_id < 518239)",
                    "Rows Removed by Index Recheck": 0,
                    "Filter": "(role_id < 10)",
                    "Rows Removed by Filter": 116187,
                    "Exact Heap Blocks": 29705,
                    "Lossy Heap Blocks": 0,
                    "Plans": [
                      {
                        "Node Type": "Bitmap Index Scan",
                        "Parent Relationship": "Outer",
                        "Parallel Aware": false,
                        "Index Name": "person_id_cast_info",
                        "Startup Cost": 0.0,
                        "Total Cost": 113450.54,
                        "Plan Rows": 5195463,
                        "Plan Width": 0,
                        "Actual Startup Time": 236.825,
                        "Actual Total Time": 236.826,
                        "Actual Rows": 5373096,
                        "Actual Loops": 1,
                        "Index Cond": "(person_id < 518239)"
                      }
                    ]
                  },
                  {
                    "Node Type": "Hash",
                    "Parent Relationship": "Inner",
                    "Parallel Aware": true,
                    "Startup Cost": 50870.31,
                    "Total Cost": 50870.31,
                    "Plan Rows": 1487231,
                    "Plan Width": 4,
                    "Actual Startup Time": 508.228,
                    "Actual Total Time": 508.228,
                    "Actual Rows": 1264156,
                    "Actual Loops": 2,
                    "Hash Buckets": 4194304,
                    "Original Hash Buckets": 4194304,
                    "Hash Batches": 1,
                    "Original Hash Batches": 1,
                    "Peak Memory Usage": 131712,
                    "Plans": [
                      {
                        "Node Type": "Seq Scan",
                        "Parent Relationship": "Outer",
                        "Parallel Aware": true,
                        "Relation Name": "title",
                        "Alias": "t",
                        "Startup Cost": 0.0,
                        "Total Cost": 50870.31,
                        "Plan Rows": 1487231,
                        "Plan Width": 4,
                        "Actual Startup Time": 0.025,
                        "Actual Total Time": 148.895,
                        "Actual Rows": 1264156,
                        "Actual Loops": 2
                      }
                    ]
                  }
                ]
              }
            ]
          }
        ]
      }
    ]
  },
  "Planning Time": 0.667,
  "Triggers": [],
  "Execution Time": 2384.203
}