{
  "Plan": {
    "Node Type": "Aggregate",
    "Strategy": "Plain",
    "Partial Mode": "Finalize",
    "Parallel Aware": false,
    "Startup Cost": 36615.93,
    "Total Cost": 36615.94,
    "Plan Rows": 1,
    "Plan Width": 8,
    "Actual Startup Time": 150.422,
    "Actual Total Time": 156.353,
    "Actual Rows": 1,
    "Actual Loops": 1,
    "Plans": [
      {
        "Node Type": "Gather",
        "Parent Relationship": "Outer",
        "Parallel Aware": false,
        "Startup Cost": 36615.82,
        "Total Cost": 36615.93,
        "Plan Rows": 1,
        "Plan Width": 8,
        "Actual Startup Time": 150.266,
        "Actual Total Time": 156.345,
        "Actual Rows": 2,
        "Actual Loops": 1,
        "Workers Planned": 1,
        "Workers Launched": 1,
        "Single Copy": false,
        "Plans": [
          {
            "Node Type": "Aggregate",
            "Strategy": "Plain",
            "Partial Mode": "Partial",
            "Parent Relationship": "Outer",
            "Parallel Aware": false,
            "Startup Cost": 35615.82,
            "Total Cost": 35615.83,
            "Plan Rows": 1,
            "Plan Width": 8,
            "Actual Startup Time": 143.94,
            "Actual Total Time": 143.945,
            "Actual Rows": 1,
            "Actual Loops": 2,
            "Plans": [
              {
                "Node Type": "Hash Join",
                "Parent Relationship": "Outer",
                "Parallel Aware": true,
                "Join Type": "Inner",
                "Startup Cost": 16514.25,
                "Total Cost": 35614.47,
                "Plan Rows": 539,
                "Plan Width": 0,
                "Actual Startup Time": 83.489,
                "Actual Total Time": 143.932,
                "Actual Rows": 15,
                "Actual Loops": 2,
                "Inner Unique": false,
                "Hash Cond": "(mi_idx.movie_id = t.id)",
                "Plans": [
                  {
                    "Node Type": "Seq Scan",
                    "Parent Relationship": "Outer",
                    "Parallel Aware": true,
                    "Relation Name": "movie_info_idx",
                    "Alias": "mi_idx",
                    "Startup Cost": 0.0,
                    "Total Cost": 16052.85,
                    "Plan Rows": 811785,
                    "Plan Width": 4,
                    "Actual Startup Time": 0.021,
                    "Actual Total Time": 61.454,
                    "Actual Rows": 690018,
                    "Actual Loops": 2
                  },
                  {
                    "Node Type": "Hash",
                    "Parent Relationship": "Inner",
                    "Parallel Aware": true,
                    "Startup Cost": 16501.92,
                    "Total Cost": 16501.92,
                    "Plan Rows": 987,
                    "Plan Width": 8,
                    "Actual Startup Time": 19.47,
                    "Actual Total Time": 19.473,
                    "Actual Rows": 1094,
                    "Actual Loops": 2,
                    "Hash Buckets": 2048,
                    "Original Hash Buckets": 2048,
                    "Hash Batches": 1,
                    "Original Hash Batches": 1,
                    "Peak Memory Usage": 144,
                    "Plans": [
                      {
                        "Node Type": "Nested Loop",
                        "Parent Relationship": "Outer",
                        "Parallel Aware": false,
                        "Join Type": "Inner",
                        "Startup Cost": 74.07,
                        "Total Cost": 16501.92,
                        "Plan Rows": 987,
                        "Plan Width": 8,
                        "Actual Startup Time": 3.966,
                        "Actual Total Time": 18.741,
                        "Actual Rows": 1094,
                        "Actual Loops": 2,
                        "Inner Unique": true,
                        "Plans": [
                          {
                            "Node Type": "Bitmap Heap Scan",
                            "Parent Relationship": "Outer",
                            "Parallel Aware": true,
                            "Relation Name": "movie_companies",
                            "Alias": "mc",
                            "Startup Cost": 73.64,
                            "Total Cost": 8590.09,
                            "Plan Rows": 987,
                            "Plan Width": 4,
                            "Actual Startup Time": 3.776,
                            "Actual Total Time": 6.931,
                            "Actual Rows": 1094,
                            "Actual Loops": 2,
                            "Recheck Cond": "(company_id = 11373)",
                            "Rows Removed by Index Recheck": 0,
                            "Filter": "(company_type_id > 1)",
                            "Rows Removed by Filter": 1146,
                            "Exact Heap Blocks": 2060,
                            "Lossy Heap Blocks": 0,
                            "Plans": [
                              {
                                "Node Type": "Bitmap Index Scan",
                                "Parent Relationship": "Outer",
                                "Parallel Aware": false,
                                "Index Name": "company_id_movie_companies",
                                "Startup Cost": 0.0,
                                "Total Cost": 73.22,
                                "Plan Rows": 3305,
                                "Plan Width": 0,
                                "Actual Startup Time": 1.988,
                                "Actual Total Time": 1.988,
                                "Actual Rows": 4481,
                                "Actual Loops": 1,
                                "Index Cond": "(company_id = 11373)"
                              }
                            ]
                          },
                          {
                            "Node Type": "Index Only Scan",
                            "Parent Relationship": "Inner",
                            "Parallel Aware": false,
                            "Scan Direction": "Forward",
                            "Index Name": "title_pkey",
                            "Relation Name": "title",
                            "Alias": "t",
                            "Startup Cost": 0.43,
                            "Total Cost": 8.02,
                            "Plan Rows": 1,
                            "Plan Width": 4,
                            "Actual Startup Time": 0.01,
                            "Actual Total Time": 0.01,
                            "Actual Rows": 1,
                            "Actual Loops": 2189,
                            "Index Cond": "(id = mc.movie_id)",
                            "Rows Removed by Index Recheck": 0,
                            "Heap Fetches": 2189
                          }
                        ]
                      }
                    ]
                  }
                ]
              }
            ]
          }
        ]
      }
    ]
  },
  "Planning Time": 1.071,
  "Triggers": [],
  "Execution Time": 156.465
}