{
  "Plan": {
    "Node Type": "Aggregate",
    "Strategy": "Plain",
    "Partial Mode": "Finalize",
    "Parallel Aware": false,
    "Startup Cost": 248121.77,
    "Total Cost": 248121.78,
    "Plan Rows": 1,
    "Plan Width": 8,
    "Actual Startup Time": 299.445,
    "Actual Total Time": 317.385,
    "Actual Rows": 1,
    "Actual Loops": 1,
    "Plans": [
      {
        "Node Type": "Gather",
        "Parent Relationship": "Outer",
        "Parallel Aware": false,
        "Startup Cost": 248121.66,
        "Total Cost": 248121.77,
        "Plan Rows": 1,
        "Plan Width": 8,
        "Actual Startup Time": 299.076,
        "Actual Total Time": 317.377,
        "Actual Rows": 2,
        "Actual Loops": 1,
        "Workers Planned": 1,
        "Workers Launched": 1,
        "Single Copy": false,
        "Plans": [
          {
            "Node Type": "Aggregate",
            "Strategy": "Plain",
            "Partial Mode": "Partial",
            "Parent Relationship": "Outer",
            "Parallel Aware": false,
            "Startup Cost": 247121.66,
            "Total Cost": 247121.67,
            "Plan Rows": 1,
            "Plan Width": 8,
            "Actual Startup Time": 292.626,
            "Actual Total Time": 292.63,
            "Actual Rows": 1,
            "Actual Loops": 2,
            "Plans": [
              {
                "Node Type": "Nested Loop",
                "Parent Relationship": "Outer",
                "Parallel Aware": false,
                "Join Type": "Inner",
                "Startup Cost": 73015.68,
                "Total Cost": 247112.39,
                "Plan Rows": 3706,
                "Plan Width": 0,
                "Actual Startup Time": 163.745,
                "Actual Total Time": 291.697,
                "Actual Rows": 14475,
                "Actual Loops": 2,
                "Inner Unique": false,
                "Join Filter": "(t.id = mc.movie_id)",
                "Rows Removed by Join Filter": 0,
                "Plans": [
                  {
                    "Node Type": "Hash Join",
                    "Parent Relationship": "Outer",
                    "Parallel Aware": true,
                    "Join Type": "Inner",
                    "Startup Cost": 73015.25,
                    "Total Cost": 242093.4,
                    "Plan Rows": 7072,
                    "Plan Width": 8,
                    "Actual Startup Time": 163.678,
                    "Actual Total Time": 243.176,
                    "Actual Rows": 12084,
                    "Actual Loops": 2,
                    "Inner Unique": true,
                    "Hash Cond": "(mi.movie_id = t.id)",
                    "Plans": [
                      {
                        "Node Type": "Bitmap Heap Scan",
                        "Parent Relationship": "Outer",
                        "Parallel Aware": true,
                        "Relation Name": "movie_info",
                        "Alias": "mi",
                        "Startup Cost": 14428.12,
                        "Total Cost": 182276.62,
                        "Plan Rows": 468439,
                        "Plan Width": 4,
                        "Actual Startup Time": 22.196,
                        "Actual Total Time": 58.022,
                        "Actual Rows": 401070,
                        "Actual Loops": 2,
                        "Recheck Cond": "(info_type_id = 1)",
                        "Rows Removed by Index Recheck": 0,
                        "Exact Heap Blocks": 2871,
                        "Lossy Heap Blocks": 0,
                        "Plans": [
                          {
                            "Node Type": "Bitmap Index Scan",
                            "Parent Relationship": "Outer",
                            "Parallel Aware": false,
                            "Index Name": "info_type_id_movie_info",
                            "Startup Cost": 0.0,
                            "Total Cost": 14229.04,
                            "Plan Rows": 796347,
                            "Plan Width": 0,
                            "Actual Startup Time": 21.485,
                            "Actual Total Time": 21.486,
                            "Actual Rows": 802140,
                            "Actual Loops": 1,
                            "Index Cond": "(info_type_id = 1)"
                          }
                        ]
                      },
                      {
                        "Node Type": "Hash",
                        "Parent Relationship": "Inner",
                        "Parallel Aware": true,
                        "Startup Cost": 58306.47,
                        "Total Cost": 58306.47,
                        "Plan Rows": 22453,
                        "Plan Width": 4,
                        "Actual Startup Time": 138.859,
                        "Actual Total Time": 138.86,
                        "Actual Rows": 16126,
                        "Actual Loops": 2,
                        "Hash Buckets": 65536,
                        "Original Hash Buckets": 65536,
                        "Hash Batches": 1,
                        "Original Hash Batches": 1,
                        "Peak Memory Usage": 1792,
                        "Plans": [
                          {
                            "Node Type": "Seq Scan",
                            "Parent Relationship": "Outer",
                            "Parallel Aware": true,
                            "Relation Name": "title",
                            "Alias": "t",
                            "Startup Cost": 0.0,
                            "Total Cost": 58306.47,
                            "Plan Rows": 22453,
                            "Plan Width": 4,
                            "Actual Startup Time": 0.086,
                            "Actual Total Time": 134.315,
                            "Actual Rows": 16126,
                            "Actual Loops": 2,
                            "Filter": "((kind_id < 7) AND (production_year = 2005))",
                            "Rows Removed by Filter": 1248030
                          }
                        ]
                      }
                    ]
                  },
                  {
                    "Node Type": "Index Scan",
                    "Parent Relationship": "Inner",
                    "Parallel Aware": false,
                    "Scan Direction": "Forward",
                    "Index Name": "movie_id_movie_companies",
                    "Relation Name": "movie_companies",
                    "Alias": "mc",
                    "Startup Cost": 0.43,
                    "Total Cost": 0.67,
                    "Plan Rows": 3,
                    "Plan Width": 4,
                    "Actual Startup Time": 0.004,
                    "Actual Total Time": 0.004,
                    "Actual Rows": 1,
                    "Actual Loops": 24167,
                    "Index Cond": "(movie_id = mi.movie_id)",
                    "Rows Removed by Index Recheck": 0,
                    "Filter": "(company_type_id > 1)",
                    "Rows Removed by Filter": 1
                  }
                ]
              }
            ]
          }
        ]
      }
    ]
  },
  "Planning Time": 1.035,
  "Triggers": [],
  "Execution Time": 317.494
}