{
  "Plan": {
    "Node Type": "Aggregate",
    "Strategy": "Plain",
    "Partial Mode": "Finalize",
    "Parallel Aware": false,
    "Startup Cost": 629584.45,
    "Total Cost": 629584.46,
    "Plan Rows": 1,
    "Plan Width": 8,
    "Actual Startup Time": 8806.679,
    "Actual Total Time": 8874.448,
    "Actual Rows": 1,
    "Actual Loops": 1,
    "Plans": [
      {
        "Node Type": "Gather",
        "Parent Relationship": "Outer",
        "Parallel Aware": false,
        "Startup Cost": 629584.34,
        "Total Cost": 629584.45,
        "Plan Rows": 1,
        "Plan Width": 8,
        "Actual Startup Time": 8803.172,
        "Actual Total Time": 8874.439,
        "Actual Rows": 2,
        "Actual Loops": 1,
        "Workers Planned": 1,
        "Workers Launched": 1,
        "Single Copy": false,
        "Plans": [
          {
            "Node Type": "Aggregate",
            "Strategy": "Plain",
            "Partial Mode": "Partial",
            "Parent Relationship": "Outer",
            "Parallel Aware": false,
            "Startup Cost": 628584.34,
            "Total Cost": 628584.35,
            "Plan Rows": 1,
            "Plan Width": 8,
            "Actual Startup Time": 8795.754,
            "Actual Total Time": 8795.758,
            "Actual Rows": 1,
            "Actual Loops": 2,
            "Plans": [
              {
                "Node Type": "Hash Join",
                "Parent Relationship": "Outer",
                "Parallel Aware": true,
                "Join Type": "Inner",
                "Startup Cost": 68107.58,
                "Total Cost": 589840.93,
                "Plan Rows": 15497363,
                "Plan Width": 0,
                "Actual Startup Time": 410.309,
                "Actual Total Time": 8215.476,
                "Actual Rows": 14051641,
                "Actual Loops": 2,
                "Inner Unique": true,
                "Hash Cond": "(ci.movie_id = t.id)",
                "Plans": [
                  {
                    "Node Type": "Seq Scan",
                    "Parent Relationship": "Outer",
                    "Parallel Aware": true,
                    "Relation Name": "cast_info",
                    "Alias": "ci",
                    "Startup Cost": 0.0,
                    "Total Cost": 465792.95,
                    "Plan Rows": 21310595,
                    "Plan Width": 4,
                    "Actual Startup Time": 0.014,
                    "Actual Total Time": 1363.669,
                    "Actual Rows": 18122172,
                    "Actual Loops": 2
                  },
                  {
                    "Node Type": "Hash",
                    "Parent Relationship": "Inner",
                    "Parallel Aware": true,
                    "Startup Cost": 54588.39,
                    "Total Cost": 54588.39,
                    "Plan Rows": 1081535,
                    "Plan Width": 4,
                    "Actual Startup Time": 395.698,
                    "Actual Total Time": 395.698,
                    "Actual Rows": 916684,
                    "Actual Loops": 2,
                    "Hash Buckets": 2097152,
                    "Original Hash Buckets": 2097152,
                    "Hash Batches": 1,
                    "Original Hash Batches": 1,
                    "Peak Memory Usage": 88160,
                    "Plans": [
                      {
                        "Node Type": "Seq Scan",
                        "Parent Relationship": "Outer",
                        "Parallel Aware": true,
                        "Relation Name": "title",
                        "Alias": "t",
                        "Startup Cost": 0.0,
                        "Total Cost": 54588.39,
                        "Plan Rows": 1081535,
                        "Plan Width": 4,
                        "Actual Startup Time": 0.029,
                        "Actual Total Time": 171.45,
                        "Actual Rows": 916684,
                        "Actual Loops": 2,
                        "Filter": "(production_year > 1986)",
                        "Rows Removed by Filter": 347472
                      }
                    ]
                  }
                ]
              }
            ]
          }
        ]
      }
    ]
  },
  "Planning Time": 0.624,
  "Triggers": [],
  "Execution Time": 8874.527
}