[
  {
    "Plan": {
      "Node Type": "Aggregate",
      "Strategy": "Plain",
      "Partial Mode": "Finalize",
      "Parallel Aware": false,
      "Startup Cost": 28787.87,
      "Total Cost": 28787.88,
      "Plan Rows": 1,
      "Plan Width": 8,
      "Actual Startup Time": 37.212,
      "Actual Total Time": 41.632,
      "Actual Rows": 1,
      "Actual Loops": 1,
      "Plans": [
        {
          "Node Type": "Gather",
          "Parent Relationship": "Outer",
          "Parallel Aware": false,
          "Startup Cost": 28787.55,
          "Total Cost": 28787.86,
          "Plan Rows": 3,
          "Plan Width": 8,
          "Actual Startup Time": 36.912,
          "Actual Total Time": 41.623,
          "Actual Rows": 4,
          "Actual Loops": 1,
          "Workers Planned": 3,
          "Workers Launched": 3,
          "Single Copy": false,
          "Plans": [
            {
              "Node Type": "Aggregate",
              "Strategy": "Plain",
              "Partial Mode": "Partial",
              "Parent Relationship": "Outer",
              "Parallel Aware": false,
              "Startup Cost": 27787.55,
              "Total Cost": 27787.56,
              "Plan Rows": 1,
              "Plan Width": 8,
              "Actual Startup Time": 27.811,
              "Actual Total Time": 27.814,
              "Actual Rows": 1,
              "Actual Loops": 4,
              "Plans": [
                {
                  "Node Type": "Nested Loop",
                  "Parent Relationship": "Outer",
                  "Parallel Aware": false,
                  "Join Type": "Inner",
                  "Startup Cost": 235.41,
                  "Total Cost": 27787.05,
                  "Plan Rows": 199,
                  "Plan Width": 0,
                  "Actual Startup Time": 6.091,
                  "Actual Total Time": 27.651,
                  "Actual Rows": 1097,
                  "Actual Loops": 4,
                  "Inner Unique": false,
                  "Join Filter": "(t.id = mi.movie_id)",
                  "Rows Removed by Join Filter": 0,
                  "Plans": [
                    {
                      "Node Type": "Nested Loop",
                      "Parent Relationship": "Outer",
                      "Parallel Aware": false,
                      "Join Type": "Inner",
                      "Startup Cost": 234.97,
                      "Total Cost": 27665.61,
                      "Plan Rows": 34,
                      "Plan Width": 8,
                      "Actual Startup Time": 5.885,
                      "Actual Total Time": 21.314,
                      "Actual Rows": 74,
                      "Actual Loops": 4,
                      "Inner Unique": false,
                      "Plans": [
                        {
                          "Node Type": "Bitmap Heap Scan",
                          "Parent Relationship": "Outer",
                          "Parallel Aware": true,
                          "Relation Name": "title",
                          "Alias": "t",
                          "Startup Cost": 234.55,
                          "Total Cost": 26141.84,
                          "Plan Rows": 186,
                          "Plan Width": 4,
                          "Actual Startup Time": 5.587,
                          "Actual Total Time": 18.834,
                          "Actual Rows": 112,
                          "Actual Loops": 4,
                          "Recheck Cond": "(kind_id = 6)",
                          "Rows Removed by Index Recheck": 0,
                          "Filter": "(production_year = 2006)",
                          "Rows Removed by Filter": 3038,
                          "Exact Heap Blocks": 5848,
                          "Lossy Heap Blocks": 0,
                          "Plans": [
                            {
                              "Node Type": "Bitmap Index Scan",
                              "Parent Relationship": "Outer",
                              "Parallel Aware": false,
                              "Index Name": "kind_id_title",
                              "Startup Cost": 0.0,
                              "Total Cost": 234.4,
                              "Plan Rows": 13063,
                              "Plan Width": 0,
                              "Actual Startup Time": 9.532,
                              "Actual Total Time": 9.533,
                              "Actual Rows": 12600,
                              "Actual Loops": 1,
                              "Index Cond": "(kind_id = 6)"
                            }
                          ]
                        },
                        {
                          "Node Type": "Index Scan",
                          "Parent Relationship": "Inner",
                          "Parallel Aware": false,
                          "Scan Direction": "Forward",
                          "Index Name": "movie_id_movie_info_idx",
                          "Relation Name": "movie_info_idx",
                          "Alias": "mi_idx",
                          "Startup Cost": 0.43,
                          "Total Cost": 8.18,
                          "Plan Rows": 1,
                          "Plan Width": 4,
                          "Actual Startup Time": 0.021,
                          "Actual Total Time": 0.021,
                          "Actual Rows": 1,
                          "Actual Loops": 447,
                          "Index Cond": "(movie_id = t.id)",
                          "Rows Removed by Index Recheck": 0,
                          "Filter": "(info_type_id = 101)",
                          "Rows Removed by Filter": 1
                        }
                      ]
                    },
                    {
                      "Node Type": "Index Only Scan",
                      "Parent Relationship": "Inner",
                      "Parallel Aware": false,
                      "Scan Direction": "Forward",
                      "Index Name": "movie_id_movie_info",
                      "Relation Name": "movie_info",
                      "Alias": "mi",
                      "Startup Cost": 0.43,
                      "Total Cost": 3.05,
                      "Plan Rows": 42,
                      "Plan Width": 4,
                      "Actual Startup Time": 0.032,
                      "Actual Total Time": 0.081,
                      "Actual Rows": 15,
                      "Actual Loops": 297,
                      "Index Cond": "(movie_id = mi_idx.movie_id)",
                      "Rows Removed by Index Recheck": 0,
                      "Heap Fetches": 4387
                    }
                  ]
                }
              ]
            }
          ]
        }
      ]
    },
    "Planning Time": 1.566,
    "Triggers": [],
    "Execution Time": 41.735
  }
]