[
  {
    "Plan": {
      "Node Type": "Aggregate",
      "Strategy": "Plain",
      "Partial Mode": "Finalize",
      "Parallel Aware": false,
      "Startup Cost": 181504.43,
      "Total Cost": 181504.44,
      "Plan Rows": 1,
      "Plan Width": 8,
      "Actual Startup Time": 126.139,
      "Actual Total Time": 147.301,
      "Actual Rows": 1,
      "Actual Loops": 1,
      "Plans": [
        {
          "Node Type": "Gather",
          "Parent Relationship": "Outer",
          "Parallel Aware": false,
          "Startup Cost": 181504.01,
          "Total Cost": 181504.42,
          "Plan Rows": 4,
          "Plan Width": 8,
          "Actual Startup Time": 125.972,
          "Actual Total Time": 147.292,
          "Actual Rows": 5,
          "Actual Loops": 1,
          "Workers Planned": 4,
          "Workers Launched": 4,
          "Single Copy": false,
          "Plans": [
            {
              "Node Type": "Aggregate",
              "Strategy": "Plain",
              "Partial Mode": "Partial",
              "Parent Relationship": "Outer",
              "Parallel Aware": false,
              "Startup Cost": 180504.01,
              "Total Cost": 180504.02,
              "Plan Rows": 1,
              "Plan Width": 8,
              "Actual Startup Time": 118.831,
              "Actual Total Time": 118.833,
              "Actual Rows": 1,
              "Actual Loops": 5,
              "Plans": [
                {
                  "Node Type": "Nested Loop",
                  "Parent Relationship": "Outer",
                  "Parallel Aware": false,
                  "Join Type": "Inner",
                  "Startup Cost": 0.43,
                  "Total Cost": 180484.7,
                  "Plan Rows": 7723,
                  "Plan Width": 0,
                  "Actual Startup Time": 2.231,
                  "Actual Total Time": 117.695,
                  "Actual Rows": 12575,
                  "Actual Loops": 5,
                  "Inner Unique": false,
                  "Plans": [
                    {
                      "Node Type": "Seq Scan",
                      "Parent Relationship": "Outer",
                      "Parallel Aware": true,
                      "Relation Name": "title",
                      "Alias": "t",
                      "Startup Cost": 0.0,
                      "Total Cost": 45479.59,
                      "Plan Rows": 1315,
                      "Plan Width": 4,
                      "Actual Startup Time": 2.069,
                      "Actual Total Time": 74.138,
                      "Actual Rows": 1176,
                      "Actual Loops": 5,
                      "Filter": "((kind_id < 7) AND (production_year = 1973))",
                      "Rows Removed by Filter": 504487
                    },
                    {
                      "Node Type": "Index Only Scan",
                      "Parent Relationship": "Inner",
                      "Parallel Aware": false,
                      "Scan Direction": "Forward",
                      "Index Name": "movie_id_movie_info",
                      "Relation Name": "movie_info",
                      "Alias": "mi",
                      "Startup Cost": 0.43,
                      "Total Cost": 102.26,
                      "Plan Rows": 41,
                      "Plan Width": 4,
                      "Actual Startup Time": 0.012,
                      "Actual Total Time": 0.035,
                      "Actual Rows": 11,
                      "Actual Loops": 5878,
                      "Index Cond": "(movie_id = t.id)",
                      "Rows Removed by Index Recheck": 0,
                      "Heap Fetches": 62877
                    }
                  ]
                }
              ]
            }
          ]
        }
      ]
    },
    "Planning Time": 0.249,
    "Triggers": [],
    "Execution Time": 147.353
  }
]