[
  {
    "Plan": {
      "Node Type": "Aggregate",
      "Strategy": "Plain",
      "Partial Mode": "Finalize",
      "Parallel Aware": false,
      "Startup Cost": 70089.5,
      "Total Cost": 70089.51,
      "Plan Rows": 1,
      "Plan Width": 8,
      "Actual Startup Time": 111.93,
      "Actual Total Time": 126.87,
      "Actual Rows": 1,
      "Actual Loops": 1,
      "Plans": [
        {
          "Node Type": "Gather",
          "Parent Relationship": "Outer",
          "Parallel Aware": false,
          "Startup Cost": 70089.08,
          "Total Cost": 70089.49,
          "Plan Rows": 4,
          "Plan Width": 8,
          "Actual Startup Time": 111.807,
          "Actual Total Time": 126.863,
          "Actual Rows": 5,
          "Actual Loops": 1,
          "Workers Planned": 4,
          "Workers Launched": 4,
          "Single Copy": false,
          "Plans": [
            {
              "Node Type": "Aggregate",
              "Strategy": "Plain",
              "Partial Mode": "Partial",
              "Parent Relationship": "Outer",
              "Parallel Aware": false,
              "Startup Cost": 69089.08,
              "Total Cost": 69089.09,
              "Plan Rows": 1,
              "Plan Width": 8,
              "Actual Startup Time": 102.546,
              "Actual Total Time": 102.548,
              "Actual Rows": 1,
              "Actual Loops": 5,
              "Plans": [
                {
                  "Node Type": "Nested Loop",
                  "Parent Relationship": "Outer",
                  "Parallel Aware": false,
                  "Join Type": "Inner",
                  "Startup Cost": 0.43,
                  "Total Cost": 69083.33,
                  "Plan Rows": 2302,
                  "Plan Width": 0,
                  "Actual Startup Time": 1.544,
                  "Actual Total Time": 102.221,
                  "Actual Rows": 3701,
                  "Actual Loops": 5,
                  "Inner Unique": false,
                  "Plans": [
                    {
                      "Node Type": "Seq Scan",
                      "Parent Relationship": "Outer",
                      "Parallel Aware": true,
                      "Relation Name": "title",
                      "Alias": "t",
                      "Startup Cost": 0.0,
                      "Total Cost": 45479.1,
                      "Plan Rows": 2231,
                      "Plan Width": 4,
                      "Actual Startup Time": 1.339,
                      "Actual Total Time": 81.482,
                      "Actual Rows": 1882,
                      "Actual Loops": 5,
                      "Filter": "((kind_id < 7) AND (production_year = 1990))",
                      "Rows Removed by Filter": 503781
                    },
                    {
                      "Node Type": "Index Only Scan",
                      "Parent Relationship": "Inner",
                      "Parallel Aware": false,
                      "Scan Direction": "Forward",
                      "Index Name": "movie_id_movie_companies",
                      "Relation Name": "movie_companies",
                      "Alias": "mc",
                      "Startup Cost": 0.43,
                      "Total Cost": 10.53,
                      "Plan Rows": 5,
                      "Plan Width": 4,
                      "Actual Startup Time": 0.009,
                      "Actual Total Time": 0.01,
                      "Actual Rows": 2,
                      "Actual Loops": 9408,
                      "Index Cond": "(movie_id = t.id)",
                      "Rows Removed by Index Recheck": 0,
                      "Heap Fetches": 18505
                    }
                  ]
                }
              ]
            }
          ]
        }
      ]
    },
    "Planning Time": 0.619,
    "Triggers": [],
    "Execution Time": 126.941
  }
]