[
  {
    "Plan": {
      "Node Type": "Aggregate",
      "Strategy": "Plain",
      "Partial Mode": "Finalize",
      "Parallel Aware": false,
      "Startup Cost": 47377.85,
      "Total Cost": 47377.86,
      "Plan Rows": 1,
      "Plan Width": 8,
      "Actual Startup Time": 124.725,
      "Actual Total Time": 136.813,
      "Actual Rows": 1,
      "Actual Loops": 1,
      "Plans": [
        {
          "Node Type": "Gather",
          "Parent Relationship": "Outer",
          "Parallel Aware": false,
          "Startup Cost": 47377.43,
          "Total Cost": 47377.84,
          "Plan Rows": 4,
          "Plan Width": 8,
          "Actual Startup Time": 124.607,
          "Actual Total Time": 136.803,
          "Actual Rows": 5,
          "Actual Loops": 1,
          "Workers Planned": 4,
          "Workers Launched": 4,
          "Single Copy": false,
          "Plans": [
            {
              "Node Type": "Aggregate",
              "Strategy": "Plain",
              "Partial Mode": "Partial",
              "Parent Relationship": "Outer",
              "Parallel Aware": false,
              "Startup Cost": 46377.43,
              "Total Cost": 46377.44,
              "Plan Rows": 1,
              "Plan Width": 8,
              "Actual Startup Time": 115.179,
              "Actual Total Time": 115.18,
              "Actual Rows": 1,
              "Actual Loops": 5,
              "Plans": [
                {
                  "Node Type": "Seq Scan",
                  "Parent Relationship": "Outer",
                  "Parallel Aware": true,
                  "Relation Name": "title",
                  "Alias": "t",
                  "Startup Cost": 0.0,
                  "Total Cost": 45479.1,
                  "Plan Rows": 359332,
                  "Plan Width": 0,
                  "Actual Startup Time": 0.042,
                  "Actual Total Time": 98.165,
                  "Actual Rows": 295687,
                  "Actual Loops": 5,
                  "Filter": "((production_year > 1922) AND (kind_id = 7))",
                  "Rows Removed by Filter": 209975
                }
              ]
            }
          ]
        }
      ]
    },
    "Planning Time": 0.186,
    "Triggers": [],
    "Execution Time": 136.874
  }
]