[
    {
        "Bao": {
            "Bao prediction": 1490.587,
            "Bao recommended hint": "(no hint)"
        }
    },
    {
        "Plan": {
            "Node Type": "Sort",
            "Parallel Aware": false,
            "Startup Cost": 65504.69,
            "Total Cost": 65504.72,
            "Plan Rows": 10,
            "Plan Width": 23,
            "Actual Startup Time": 1291.293,
            "Actual Total Time": 1343.757,
            "Actual Rows": 219,
            "Actual Loops": 1,
            "Output": [
                "n.name",
                "(count(*))"
            ],
            "Sort Key": [
                "(count(*)) DESC"
            ],
            "Sort Method": "quicksort",
            "Sort Space Used": 41,
            "Sort Space Type": "Memory",
            "Plans": [
                {
                    "Node Type": "Aggregate",
                    "Strategy": "Sorted",
                    "Partial Mode": "Simple",
                    "Parent Relationship": "Outer",
                    "Parallel Aware": false,
                    "Startup Cost": 65504.35,
                    "Total Cost": 65504.53,
                    "Plan Rows": 10,
                    "Plan Width": 23,
                    "Actual Startup Time": 1291.024,
                    "Actual Total Time": 1343.661,
                    "Actual Rows": 219,
                    "Actual Loops": 1,
                    "Output": [
                        "n.name",
                        "count(*)"
                    ],
                    "Group Key": [
                        "n.name"
                    ],
                    "Plans": [
                        {
                            "Node Type": "Sort",
                            "Parent Relationship": "Outer",
                            "Parallel Aware": false,
                            "Startup Cost": 65504.35,
                            "Total Cost": 65504.38,
                            "Plan Rows": 10,
                            "Plan Width": 15,
                            "Actual Startup Time": 1291.009,
                            "Actual Total Time": 1343.505,
                            "Actual Rows": 995,
                            "Actual Loops": 1,
                            "Output": [
                                "n.name"
                            ],
                            "Sort Key": [
                                "n.name COLLATE \"C\""
                            ],
                            "Sort Method": "quicksort",
                            "Sort Space Used": 81,
                            "Sort Space Type": "Memory",
                            "Plans": [
                                {
                                    "Node Type": "Nested Loop",
                                    "Parent Relationship": "Outer",
                                    "Parallel Aware": false,
                                    "Join Type": "Inner",
                                    "Startup Cost": 1004.3,
                                    "Total Cost": 65504.19,
                                    "Plan Rows": 10,
                                    "Plan Width": 15,
                                    "Actual Startup Time": 41.654,
                                    "Actual Total Time": 1342.854,
                                    "Actual Rows": 995,
                                    "Actual Loops": 1,
                                    "Output": [
                                        "n.name"
                                    ],
                                    "Inner Unique": false,
                                    "Plans": [
                                        {
                                            "Node Type": "Seq Scan",
                                            "Parent Relationship": "Outer",
                                            "Parallel Aware": false,
                                            "Relation Name": "info_type",
                                            "Schema": "public",
                                            "Alias": "it1",
                                            "Startup Cost": 0.0,
                                            "Total Cost": 2.41,
                                            "Plan Rows": 1,
                                            "Plan Width": 4,
                                            "Actual Startup Time": 0.024,
                                            "Actual Total Time": 0.037,
                                            "Actual Rows": 1,
                                            "Actual Loops": 1,
                                            "Output": [
                                                "it1.id",
                                                "it1.info"
                                            ],
                                            "Filter": "(it1.id = 3)",
                                            "Rows Removed by Filter": 112
                                        },
                                        {
                                            "Node Type": "Gather",
                                            "Parent Relationship": "Inner",
                                            "Parallel Aware": false,
                                            "Startup Cost": 1004.3,
                                            "Total Cost": 65501.67,
                                            "Plan Rows": 10,
                                            "Plan Width": 19,
                                            "Actual Startup Time": 41.628,
                                            "Actual Total Time": 1342.669,
                                            "Actual Rows": 995,
                                            "Actual Loops": 1,
                                            "Output": [
                                                "n.name",
                                                "mi.info_type_id"
                                            ],
                                            "Workers Planned": 4,
                                            "Workers Launched": 4,
                                            "Single Copy": false,
                                            "Plans": [
                                                {
                                                    "Node Type": "Nested Loop",
                                                    "Parent Relationship": "Outer",
                                                    "Parallel Aware": false,
                                                    "Join Type": "Inner",
                                                    "Startup Cost": 4.3,
                                                    "Total Cost": 64500.67,
                                                    "Plan Rows": 2,
                                                    "Plan Width": 19,
                                                    "Actual Startup Time": 47.086,
                                                    "Actual Total Time": 1269.966,
                                                    "Actual Rows": 199,
                                                    "Actual Loops": 5,
                                                    "Output": [
                                                        "n.name",
                                                        "mi.info_type_id"
                                                    ],
                                                    "Inner Unique": true,
                                                    "Workers": [
                                                        {
                                                            "Worker Number": 0,
                                                            "Actual Startup Time": 25.813,
                                                            "Actual Total Time": 1277.219,
                                                            "Actual Rows": 348,
                                                            "Actual Loops": 1
                                                        },
                                                        {
                                                            "Worker Number": 1,
                                                            "Actual Startup Time": 27.379,
                                                            "Actual Total Time": 1260.325,
                                                            "Actual Rows": 125,
                                                            "Actual Loops": 1
                                                        },
                                                        {
                                                            "Worker Number": 2,
                                                            "Actual Startup Time": 59.034,
                                                            "Actual Total Time": 1259.668,
                                                            "Actual Rows": 251,
                                                            "Actual Loops": 1
                                                        },
                                                        {
                                                            "Worker Number": 3,
                                                            "Actual Startup Time": 82.308,
                                                            "Actual Total Time": 1269.98,
                                                            "Actual Rows": 110,
                                                            "Actual Loops": 1
                                                        }
                                                    ],
                                                    "Plans": [
                                                        {
                                                            "Node Type": "Nested Loop",
                                                            "Parent Relationship": "Outer",
                                                            "Parallel Aware": false,
                                                            "Join Type": "Inner",
                                                            "Startup Cost": 3.87,
                                                            "Total Cost": 64497.96,
                                                            "Plan Rows": 6,
                                                            "Plan Width": 27,
                                                            "Actual Startup Time": 47.013,
                                                            "Actual Total Time": 1266.499,
                                                            "Actual Rows": 199,
                                                            "Actual Loops": 5,
                                                            "Output": [
                                                                "n.name",
                                                                "ci.movie_id",
                                                                "mi.movie_id",
                                                                "mi.info_type_id"
                                                            ],
                                                            "Inner Unique": false,
                                                            "Workers": [
                                                                {
                                                                    "Worker Number": 0,
                                                                    "Actual Startup Time": 25.712,
                                                                    "Actual Total Time": 1271.674,
                                                                    "Actual Rows": 348,
                                                                    "Actual Loops": 1
                                                                },
                                                                {
                                                                    "Worker Number": 1,
                                                                    "Actual Startup Time": 27.277,
                                                                    "Actual Total Time": 1257.944,
                                                                    "Actual Rows": 125,
                                                                    "Actual Loops": 1
                                                                },
                                                                {
                                                                    "Worker Number": 2,
                                                                    "Actual Startup Time": 58.964,
                                                                    "Actual Total Time": 1255.414,
                                                                    "Actual Rows": 251,
                                                                    "Actual Loops": 1
                                                                },
                                                                {
                                                                    "Worker Number": 3,
                                                                    "Actual Startup Time": 82.246,
                                                                    "Actual Total Time": 1267.804,
                                                                    "Actual Rows": 110,
                                                                    "Actual Loops": 1
                                                                }
                                                            ],
                                                            "Plans": [
                                                                {
                                                                    "Node Type": "Nested Loop",
                                                                    "Parent Relationship": "Outer",
                                                                    "Parallel Aware": false,
                                                                    "Join Type": "Inner",
                                                                    "Startup Cost": 3.43,
                                                                    "Total Cost": 62931.3,
                                                                    "Plan Rows": 1126,
                                                                    "Plan Width": 19,
                                                                    "Actual Startup Time": 8.273,
                                                                    "Actual Total Time": 442.677,
                                                                    "Actual Rows": 77161,
                                                                    "Actual Loops": 5,
                                                                    "Output": [
                                                                        "n.name",
                                                                        "ci.movie_id"
                                                                    ],
                                                                    "Inner Unique": false,
                                                                    "Workers": [
                                                                        {
                                                                            "Worker Number": 0,
                                                                            "Actual Startup Time": 5.821,
                                                                            "Actual Total Time": 429.505,
                                                                            "Actual Rows": 76722,
                                                                            "Actual Loops": 1
                                                                        },
                                                                        {
                                                                            "Worker Number": 1,
                                                                            "Actual Startup Time": 21.447,
                                                                            "Actual Total Time": 463.001,
                                                                            "Actual Rows": 74200,
                                                                            "Actual Loops": 1
                                                                        },
                                                                        {
                                                                            "Worker Number": 2,
                                                                            "Actual Startup Time": 6.524,
                                                                            "Actual Total Time": 441.465,
                                                                            "Actual Rows": 72742,
                                                                            "Actual Loops": 1
                                                                        },
                                                                        {
                                                                            "Worker Number": 3,
                                                                            "Actual Startup Time": 1.164,
                                                                            "Actual Total Time": 442.309,
                                                                            "Actual Rows": 79934,
                                                                            "Actual Loops": 1
                                                                        }
                                                                    ],
                                                                    "Plans": [
                                                                        {
                                                                            "Node Type": "Nested Loop",
                                                                            "Parent Relationship": "Outer",
                                                                            "Parallel Aware": false,
                                                                            "Join Type": "Inner",
                                                                            "Startup Cost": 2.87,
                                                                            "Total Cost": 61058.37,
                                                                            "Plan Rows": 130,
                                                                            "Plan Width": 23,
                                                                            "Actual Startup Time": 7.061,
                                                                            "Actual Total Time": 391.48,
                                                                            "Actual Rows": 1260,
                                                                            "Actual Loops": 5,
                                                                            "Output": [
                                                                                "n.name",
                                                                                "n.id",
                                                                                "pi.person_id"
                                                                            ],
                                                                            "Inner Unique": true,
                                                                            "Workers": [
                                                                                {
                                                                                    "Worker Number": 0,
                                                                                    "Actual Startup Time": 5.648,
                                                                                    "Actual Total Time": 379.41,
                                                                                    "Actual Rows": 1179,
                                                                                    "Actual Loops": 1
                                                                                },
                                                                                {
                                                                                    "Worker Number": 1,
                                                                                    "Actual Startup Time": 21.317,
                                                                                    "Actual Total Time": 412.076,
                                                                                    "Actual Rows": 1328,
                                                                                    "Actual Loops": 1
                                                                                },
                                                                                {
                                                                                    "Worker Number": 2,
                                                                                    "Actual Startup Time": 6.277,
                                                                                    "Actual Total Time": 388.557,
                                                                                    "Actual Rows": 1302,
                                                                                    "Actual Loops": 1
                                                                                },
                                                                                {
                                                                                    "Worker Number": 3,
                                                                                    "Actual Startup Time": 0.933,
                                                                                    "Actual Total Time": 391.608,
                                                                                    "Actual Rows": 1249,
                                                                                    "Actual Loops": 1
                                                                                }
                                                                            ],
                                                                            "Plans": [
                                                                                {
                                                                                    "Node Type": "Hash Join",
                                                                                    "Parent Relationship": "Outer",
                                                                                    "Parallel Aware": false,
                                                                                    "Join Type": "Inner",
                                                                                    "Startup Cost": 2.44,
                                                                                    "Total Cost": 60325.0,
                                                                                    "Plan Rows": 130,
                                                                                    "Plan Width": 4,
                                                                                    "Actual Startup Time": 6.873,
                                                                                    "Actual Total Time": 374.502,
                                                                                    "Actual Rows": 1260,
                                                                                    "Actual Loops": 5,
                                                                                    "Output": [
                                                                                        "pi.person_id"
                                                                                    ],
                                                                                    "Inner Unique": true,
                                                                                    "Hash Cond": "(pi.info_type_id = it2.id)",
                                                                                    "Workers": [
                                                                                        {
                                                                                            "Worker Number": 0,
                                                                                            "Actual Startup Time": 5.415,
                                                                                            "Actual Total Time": 362.521,
                                                                                            "Actual Rows": 1179,
                                                                                            "Actual Loops": 1
                                                                                        },
                                                                                        {
                                                                                            "Worker Number": 1,
                                                                                            "Actual Startup Time": 21.199,
                                                                                            "Actual Total Time": 394.489,
                                                                                            "Actual Rows": 1328,
                                                                                            "Actual Loops": 1
                                                                                        },
                                                                                        {
                                                                                            "Worker Number": 2,
                                                                                            "Actual Startup Time": 6.043,
                                                                                            "Actual Total Time": 370.591,
                                                                                            "Actual Rows": 1302,
                                                                                            "Actual Loops": 1
                                                                                        },
                                                                                        {
                                                                                            "Worker Number": 3,
                                                                                            "Actual Startup Time": 0.684,
                                                                                            "Actual Total Time": 375.237,
                                                                                            "Actual Rows": 1249,
                                                                                            "Actual Loops": 1
                                                                                        }
                                                                                    ],
                                                                                    "Plans": [
                                                                                        {
                                                                                            "Node Type": "Seq Scan",
                                                                                            "Parent Relationship": "Outer",
                                                                                            "Parallel Aware": true,
                                                                                            "Relation Name": "person_info",
                                                                                            "Schema": "public",
                                                                                            "Alias": "pi",
                                                                                            "Startup Cost": 0.0,
                                                                                            "Total Cost": 60302.65,
                                                                                            "Plan Rows": 7310,
                                                                                            "Plan Width": 8,
                                                                                            "Actual Startup Time": 1.757,
                                                                                            "Actual Total Time": 373.096,
                                                                                            "Actual Rows": 2943,
                                                                                            "Actual Loops": 5,
                                                                                            "Output": [
                                                                                                "pi.id",
                                                                                                "pi.person_id",
                                                                                                "pi.info_type_id",
                                                                                                "pi.info",
                                                                                                "pi.note"
                                                                                            ],
                                                                                            "Filter": "(pi.info ~~* '%japan%'::text)",
                                                                                            "Rows Removed by Filter": 589790,
                                                                                            "Workers": [
                                                                                                {
                                                                                                    "Worker Number": 0,
                                                                                                    "Actual Startup Time": 3.501,
                                                                                                    "Actual Total Time": 360.973,
                                                                                                    "Actual Rows": 2857,
                                                                                                    "Actual Loops": 1
                                                                                                },
                                                                                                {
                                                                                                    "Worker Number": 1,
                                                                                                    "Actual Startup Time": 3.63,
                                                                                                    "Actual Total Time": 393.024,
                                                                                                    "Actual Rows": 3088,
                                                                                                    "Actual Loops": 1
                                                                                                },
                                                                                                {
                                                                                                    "Worker Number": 2,
                                                                                                    "Actual Startup Time": 0.696,
                                                                                                    "Actual Total Time": 369.024,
                                                                                                    "Actual Rows": 2936,
                                                                                                    "Actual Loops": 1
                                                                                                },
                                                                                                {
                                                                                                    "Worker Number": 3,
                                                                                                    "Actual Startup Time": 0.093,
                                                                                                    "Actual Total Time": 373.695,
                                                                                                    "Actual Rows": 3029,
                                                                                                    "Actual Loops": 1
                                                                                                }
                                                                                            ]
                                                                                        },
                                                                                        {
                                                                                            "Node Type": "Hash",
                                                                                            "Parent Relationship": "Inner",
                                                                                            "Parallel Aware": false,
                                                                                            "Startup Cost": 2.41,
                                                                                            "Total Cost": 2.41,
                                                                                            "Plan Rows": 2,
                                                                                            "Plan Width": 4,
                                                                                            "Actual Startup Time": 0.147,
                                                                                            "Actual Total Time": 0.148,
                                                                                            "Actual Rows": 3,
                                                                                            "Actual Loops": 5,
                                                                                            "Output": [
                                                                                                "it2.id"
                                                                                            ],
                                                                                            "Hash Buckets": 1024,
                                                                                            "Original Hash Buckets": 1024,
                                                                                            "Hash Batches": 1,
                                                                                            "Original Hash Batches": 1,
                                                                                            "Peak Memory Usage": 9,
                                                                                            "Workers": [
                                                                                                {
                                                                                                    "Worker Number": 0,
                                                                                                    "Actual Startup Time": 0.185,
                                                                                                    "Actual Total Time": 0.186,
                                                                                                    "Actual Rows": 3,
                                                                                                    "Actual Loops": 1
                                                                                                },
                                                                                                {
                                                                                                    "Worker Number": 1,
                                                                                                    "Actual Startup Time": 0.164,
                                                                                                    "Actual Total Time": 0.165,
                                                                                                    "Actual Rows": 3,
                                                                                                    "Actual Loops": 1
                                                                                                },
                                                                                                {
                                                                                                    "Worker Number": 2,
                                                                                                    "Actual Startup Time": 0.176,
                                                                                                    "Actual Total Time": 0.177,
                                                                                                    "Actual Rows": 3,
                                                                                                    "Actual Loops": 1
                                                                                                },
                                                                                                {
                                                                                                    "Worker Number": 3,
                                                                                                    "Actual Startup Time": 0.158,
                                                                                                    "Actual Total Time": 0.158,
                                                                                                    "Actual Rows": 3,
                                                                                                    "Actual Loops": 1
                                                                                                }
                                                                                            ],
                                                                                            "Plans": [
                                                                                                {
                                                                                                    "Node Type": "Seq Scan",
                                                                                                    "Parent Relationship": "Outer",
                                                                                                    "Parallel Aware": false,
                                                                                                    "Relation Name": "info_type",
                                                                                                    "Schema": "public",
                                                                                                    "Alias": "it2",
                                                                                                    "Startup Cost": 0.0,
                                                                                                    "Total Cost": 2.41,
                                                                                                    "Plan Rows": 2,
                                                                                                    "Plan Width": 4,
                                                                                                    "Actual Startup Time": 0.065,
                                                                                                    "Actual Total Time": 0.129,
                                                                                                    "Actual Rows": 3,
                                                                                                    "Actual Loops": 5,
                                                                                                    "Output": [
                                                                                                        "it2.id"
                                                                                                    ],
                                                                                                    "Filter": "((it2.info)::text ~~* '%birth%'::text)",
                                                                                                    "Rows Removed by Filter": 110,
                                                                                                    "Workers": [
                                                                                                        {
                                                                                                            "Worker Number": 0,
                                                                                                            "Actual Startup Time": 0.084,
                                                                                                            "Actual Total Time": 0.157,
                                                                                                            "Actual Rows": 3,
                                                                                                            "Actual Loops": 1
                                                                                                        },
                                                                                                        {
                                                                                                            "Worker Number": 1,
                                                                                                            "Actual Startup Time": 0.079,
                                                                                                            "Actual Total Time": 0.15,
                                                                                                            "Actual Rows": 3,
                                                                                                            "Actual Loops": 1
                                                                                                        },
                                                                                                        {
                                                                                                            "Worker Number": 2,
                                                                                                            "Actual Startup Time": 0.077,
                                                                                                            "Actual Total Time": 0.149,
                                                                                                            "Actual Rows": 3,
                                                                                                            "Actual Loops": 1
                                                                                                        },
                                                                                                        {
                                                                                                            "Worker Number": 3,
                                                                                                            "Actual Startup Time": 0.071,
                                                                                                            "Actual Total Time": 0.137,
                                                                                                            "Actual Rows": 3,
                                                                                                            "Actual Loops": 1
                                                                                                        }
                                                                                                    ]
                                                                                                }
                                                                                            ]
                                                                                        }
                                                                                    ]
                                                                                },
                                                                                {
                                                                                    "Node Type": "Index Scan",
                                                                                    "Parent Relationship": "Inner",
                                                                                    "Parallel Aware": false,
                                                                                    "Scan Direction": "Forward",
                                                                                    "Index Name": "name_pkey",
                                                                                    "Relation Name": "name",
                                                                                    "Schema": "public",
                                                                                    "Alias": "n",
                                                                                    "Startup Cost": 0.43,
                                                                                    "Total Cost": 5.64,
                                                                                    "Plan Rows": 1,
                                                                                    "Plan Width": 19,
                                                                                    "Actual Startup Time": 0.013,
                                                                                    "Actual Total Time": 0.013,
                                                                                    "Actual Rows": 1,
                                                                                    "Actual Loops": 6300,
                                                                                    "Output": [
                                                                                        "n.id",
                                                                                        "n.name",
                                                                                        "n.imdb_index",
                                                                                        "n.imdb_id",
                                                                                        "n.gender",
                                                                                        "n.name_pcode_cf",
                                                                                        "n.name_pcode_nf",
                                                                                        "n.surname_pcode",
                                                                                        "n.md5sum"
                                                                                    ],
                                                                                    "Index Cond": "(n.id = pi.person_id)",
                                                                                    "Rows Removed by Index Recheck": 0,
                                                                                    "Workers": [
                                                                                        {
                                                                                            "Worker Number": 0,
                                                                                            "Actual Startup Time": 0.014,
                                                                                            "Actual Total Time": 0.014,
                                                                                            "Actual Rows": 1,
                                                                                            "Actual Loops": 1179
                                                                                        },
                                                                                        {
                                                                                            "Worker Number": 1,
                                                                                            "Actual Startup Time": 0.013,
                                                                                            "Actual Total Time": 0.013,
                                                                                            "Actual Rows": 1,
                                                                                            "Actual Loops": 1328
                                                                                        },
                                                                                        {
                                                                                            "Worker Number": 2,
                                                                                            "Actual Startup Time": 0.013,
                                                                                            "Actual Total Time": 0.013,
                                                                                            "Actual Rows": 1,
                                                                                            "Actual Loops": 1302
                                                                                        },
                                                                                        {
                                                                                            "Worker Number": 3,
                                                                                            "Actual Startup Time": 0.012,
                                                                                            "Actual Total Time": 0.012,
                                                                                            "Actual Rows": 1,
                                                                                            "Actual Loops": 1249
                                                                                        }
                                                                                    ]
                                                                                }
                                                                            ]
                                                                        },
                                                                        {
                                                                            "Node Type": "Index Scan",
                                                                            "Parent Relationship": "Inner",
                                                                            "Parallel Aware": false,
                                                                            "Scan Direction": "Forward",
                                                                            "Index Name": "person_id_cast_info",
                                                                            "Relation Name": "cast_info",
                                                                            "Schema": "public",
                                                                            "Alias": "ci",
                                                                            "Startup Cost": 0.56,
                                                                            "Total Cost": 9.51,
                                                                            "Plan Rows": 490,
                                                                            "Plan Width": 8,
                                                                            "Actual Startup Time": 0.019,
                                                                            "Actual Total Time": 0.034,
                                                                            "Actual Rows": 61,
                                                                            "Actual Loops": 6300,
                                                                            "Output": [
                                                                                "ci.id",
                                                                                "ci.person_id",
                                                                                "ci.movie_id",
                                                                                "ci.person_role_id",
                                                                                "ci.note",
                                                                                "ci.nr_order",
                                                                                "ci.role_id"
                                                                            ],
                                                                            "Index Cond": "(ci.person_id = n.id)",
                                                                            "Rows Removed by Index Recheck": 0,
                                                                            "Workers": [
                                                                                {
                                                                                    "Worker Number": 0,
                                                                                    "Actual Startup Time": 0.02,
                                                                                    "Actual Total Time": 0.035,
                                                                                    "Actual Rows": 65,
                                                                                    "Actual Loops": 1179
                                                                                },
                                                                                {
                                                                                    "Worker Number": 1,
                                                                                    "Actual Startup Time": 0.019,
                                                                                    "Actual Total Time": 0.032,
                                                                                    "Actual Rows": 56,
                                                                                    "Actual Loops": 1328
                                                                                },
                                                                                {
                                                                                    "Worker Number": 2,
                                                                                    "Actual Startup Time": 0.02,
                                                                                    "Actual Total Time": 0.034,
                                                                                    "Actual Rows": 56,
                                                                                    "Actual Loops": 1302
                                                                                },
                                                                                {
                                                                                    "Worker Number": 3,
                                                                                    "Actual Startup Time": 0.019,
                                                                                    "Actual Total Time": 0.034,
                                                                                    "Actual Rows": 64,
                                                                                    "Actual Loops": 1249
                                                                                }
                                                                            ]
                                                                        }
                                                                    ]
                                                                },
                                                                {
                                                                    "Node Type": "Index Scan",
                                                                    "Parent Relationship": "Inner",
                                                                    "Parallel Aware": false,
                                                                    "Scan Direction": "Forward",
                                                                    "Index Name": "movie_id_movie_info",
                                                                    "Relation Name": "movie_info",
                                                                    "Schema": "public",
                                                                    "Alias": "mi",
                                                                    "Startup Cost": 0.43,
                                                                    "Total Cost": 1.38,
                                                                    "Plan Rows": 1,
                                                                    "Plan Width": 8,
                                                                    "Actual Startup Time": 0.01,
                                                                    "Actual Total Time": 0.01,
                                                                    "Actual Rows": 0,
                                                                    "Actual Loops": 385807,
                                                                    "Output": [
                                                                        "mi.id",
                                                                        "mi.movie_id",
                                                                        "mi.info_type_id",
                                                                        "mi.info",
                                                                        "mi.note"
                                                                    ],
                                                                    "Index Cond": "(mi.movie_id = ci.movie_id)",
                                                                    "Rows Removed by Index Recheck": 0,
                                                                    "Filter": "((mi.info ~~* '%adult%'::text) AND (mi.info_type_id = 3))",
                                                                    "Rows Removed by Filter": 8,
                                                                    "Workers": [
                                                                        {
                                                                            "Worker Number": 0,
                                                                            "Actual Startup Time": 0.011,
                                                                            "Actual Total Time": 0.011,
                                                                            "Actual Rows": 0,
                                                                            "Actual Loops": 76722
                                                                        },
                                                                        {
                                                                            "Worker Number": 1,
                                                                            "Actual Startup Time": 0.011,
                                                                            "Actual Total Time": 0.011,
                                                                            "Actual Rows": 0,
                                                                            "Actual Loops": 74200
                                                                        },
                                                                        {
                                                                            "Worker Number": 2,
                                                                            "Actual Startup Time": 0.011,
                                                                            "Actual Total Time": 0.011,
                                                                            "Actual Rows": 0,
                                                                            "Actual Loops": 72742
                                                                        },
                                                                        {
                                                                            "Worker Number": 3,
                                                                            "Actual Startup Time": 0.01,
                                                                            "Actual Total Time": 0.01,
                                                                            "Actual Rows": 0,
                                                                            "Actual Loops": 79934
                                                                        }
                                                                    ]
                                                                }
                                                            ]
                                                        },
                                                        {
                                                            "Node Type": "Index Only Scan",
                                                            "Parent Relationship": "Inner",
                                                            "Parallel Aware": false,
                                                            "Scan Direction": "Forward",
                                                            "Index Name": "title_pkey",
                                                            "Relation Name": "title",
                                                            "Schema": "public",
                                                            "Alias": "t",
                                                            "Startup Cost": 0.43,
                                                            "Total Cost": 0.45,
                                                            "Plan Rows": 1,
                                                            "Plan Width": 4,
                                                            "Actual Startup Time": 0.017,
                                                            "Actual Total Time": 0.017,
                                                            "Actual Rows": 1,
                                                            "Actual Loops": 995,
                                                            "Output": [
                                                                "t.id"
                                                            ],
                                                            "Index Cond": "(t.id = ci.movie_id)",
                                                            "Rows Removed by Index Recheck": 0,
                                                            "Heap Fetches": 995,
                                                            "Workers": [
                                                                {
                                                                    "Worker Number": 0,
                                                                    "Actual Startup Time": 0.015,
                                                                    "Actual Total Time": 0.015,
                                                                    "Actual Rows": 1,
                                                                    "Actual Loops": 348
                                                                },
                                                                {
                                                                    "Worker Number": 1,
                                                                    "Actual Startup Time": 0.018,
                                                                    "Actual Total Time": 0.018,
                                                                    "Actual Rows": 1,
                                                                    "Actual Loops": 125
                                                                },
                                                                {
                                                                    "Worker Number": 2,
                                                                    "Actual Startup Time": 0.016,
                                                                    "Actual Total Time": 0.016,
                                                                    "Actual Rows": 1,
                                                                    "Actual Loops": 251
                                                                },
                                                                {
                                                                    "Worker Number": 3,
                                                                    "Actual Startup Time": 0.019,
                                                                    "Actual Total Time": 0.019,
                                                                    "Actual Rows": 1,
                                                                    "Actual Loops": 110
                                                                }
                                                            ]
                                                        }
                                                    ]
                                                }
                                            ]
                                        }
                                    ]
                                }
                            ]
                        }
                    ]
                }
            ]
        },
        "Planning Time": 272.004,
        "Triggers": [],
        "Execution Time": 1344.165
    }
]