{
  "Plan": {
    "Node Type": "Aggregate",
    "Strategy": "Plain",
    "Partial Mode": "Finalize",
    "Parallel Aware": false,
    "Startup Cost": 536761.97,
    "Total Cost": 536761.98,
    "Plan Rows": 1,
    "Plan Width": 8,
    "Actual Startup Time": 1762.008,
    "Actual Total Time": 1796.367,
    "Actual Rows": 1,
    "Actual Loops": 1,
    "Plans": [
      {
        "Node Type": "Gather",
        "Parent Relationship": "Outer",
        "Parallel Aware": false,
        "Startup Cost": 536761.85,
        "Total Cost": 536761.96,
        "Plan Rows": 1,
        "Plan Width": 8,
        "Actual Startup Time": 1755.745,
        "Actual Total Time": 1796.359,
        "Actual Rows": 2,
        "Actual Loops": 1,
        "Workers Planned": 1,
        "Workers Launched": 1,
        "Single Copy": false,
        "Plans": [
          {
            "Node Type": "Aggregate",
            "Strategy": "Plain",
            "Partial Mode": "Partial",
            "Parent Relationship": "Outer",
            "Parallel Aware": false,
            "Startup Cost": 535761.85,
            "Total Cost": 535761.86,
            "Plan Rows": 1,
            "Plan Width": 8,
            "Actual Startup Time": 1742.228,
            "Actual Total Time": 1742.232,
            "Actual Rows": 1,
            "Actual Loops": 2,
            "Plans": [
              {
                "Node Type": "Hash Join",
                "Parent Relationship": "Outer",
                "Parallel Aware": true,
                "Join Type": "Inner",
                "Startup Cost": 211397.8,
                "Total Cost": 528532.0,
                "Plan Rows": 2891941,
                "Plan Width": 0,
                "Actual Startup Time": 864.952,
                "Actual Total Time": 1698.147,
                "Actual Rows": 810781,
                "Actual Loops": 2,
                "Inner Unique": true,
                "Hash Cond": "(ci.movie_id = t.id)",
                "Plans": [
                  {
                    "Node Type": "Bitmap Heap Scan",
                    "Parent Relationship": "Outer",
                    "Parallel Aware": true,
                    "Relation Name": "cast_info",
                    "Alias": "ci",
                    "Startup Cost": 141937.1,
                    "Total Cost": 451479.95,
                    "Plan Rows": 2891941,
                    "Plan Width": 4,
                    "Actual Startup Time": 252.987,
                    "Actual Total Time": 693.555,
                    "Actual Rows": 810781,
                    "Actual Loops": 2,
                    "Recheck Cond": "(person_id > 3025135)",
                    "Rows Removed by Index Recheck": 0,
                    "Filter": "(role_id < 6)",
                    "Rows Removed by Filter": 2323148,
                    "Exact Heap Blocks": 52464,
                    "Lossy Heap Blocks": 0,
                    "Plans": [
                      {
                        "Node Type": "Bitmap Index Scan",
                        "Parent Relationship": "Outer",
                        "Parallel Aware": false,
                        "Index Name": "person_id_cast_info",
                        "Startup Cost": 0.0,
                        "Total Cost": 140708.03,
                        "Plan Rows": 6443662,
                        "Plan Width": 0,
                        "Actual Startup Time": 236.708,
                        "Actual Total Time": 236.708,
                        "Actual Rows": 6267857,
                        "Actual Loops": 1,
                        "Index Cond": "(person_id > 3025135)"
                      }
                    ]
                  },
                  {
                    "Node Type": "Hash",
                    "Parent Relationship": "Inner",
                    "Parallel Aware": true,
                    "Startup Cost": 50870.31,
                    "Total Cost": 50870.31,
                    "Plan Rows": 1487231,
                    "Plan Width": 4,
                    "Actual Startup Time": 589.043,
                    "Actual Total Time": 589.043,
                    "Actual Rows": 1264156,
                    "Actual Loops": 2,
                    "Hash Buckets": 4194304,
                    "Original Hash Buckets": 4194304,
                    "Hash Batches": 1,
                    "Original Hash Batches": 1,
                    "Peak Memory Usage": 131680,
                    "Plans": [
                      {
                        "Node Type": "Seq Scan",
                        "Parent Relationship": "Outer",
                        "Parallel Aware": true,
                        "Relation Name": "title",
                        "Alias": "t",
                        "Startup Cost": 0.0,
                        "Total Cost": 50870.31,
                        "Plan Rows": 1487231,
                        "Plan Width": 4,
                        "Actual Startup Time": 0.026,
                        "Actual Total Time": 180.493,
                        "Actual Rows": 1264156,
                        "Actual Loops": 2
                      }
                    ]
                  }
                ]
              }
            ]
          }
        ]
      }
    ]
  },
  "Planning Time": 0.557,
  "Triggers": [],
  "Execution Time": 1796.454
}