[
    {
        "Bao": {
            "Bao prediction": "NaN",
            "Bao recommended hint": "(no hint)"
        }
    },
    {
        "Plan": {
            "Node Type": "Aggregate",
            "Strategy": "Plain",
            "Partial Mode": "Finalize",
            "Parallel Aware": false,
            "Startup Cost": 33517.54,
            "Total Cost": 33517.55,
            "Plan Rows": 1,
            "Plan Width": 8,
            "Actual Startup Time": 24.594,
            "Actual Total Time": 27.825,
            "Actual Rows": 1,
            "Actual Loops": 1,
            "Output": [
                "count(*)"
            ],
            "Plans": [
                {
                    "Node Type": "Gather",
                    "Parent Relationship": "Outer",
                    "Parallel Aware": false,
                    "Startup Cost": 33517.32,
                    "Total Cost": 33517.53,
                    "Plan Rows": 2,
                    "Plan Width": 8,
                    "Actual Startup Time": 24.068,
                    "Actual Total Time": 27.819,
                    "Actual Rows": 3,
                    "Actual Loops": 1,
                    "Output": [
                        "(PARTIAL count(*))"
                    ],
                    "Workers Planned": 2,
                    "Workers Launched": 2,
                    "Single Copy": false,
                    "Plans": [
                        {
                            "Node Type": "Aggregate",
                            "Strategy": "Plain",
                            "Partial Mode": "Partial",
                            "Parent Relationship": "Outer",
                            "Parallel Aware": false,
                            "Startup Cost": 32517.32,
                            "Total Cost": 32517.33,
                            "Plan Rows": 1,
                            "Plan Width": 8,
                            "Actual Startup Time": 16.554,
                            "Actual Total Time": 16.556,
                            "Actual Rows": 1,
                            "Actual Loops": 3,
                            "Output": [
                                "PARTIAL count(*)"
                            ],
                            "Workers": [
                                {
                                    "Worker Number": 0,
                                    "Actual Startup Time": 12.663,
                                    "Actual Total Time": 12.666,
                                    "Actual Rows": 1,
                                    "Actual Loops": 1
                                },
                                {
                                    "Worker Number": 1,
                                    "Actual Startup Time": 13.202,
                                    "Actual Total Time": 13.205,
                                    "Actual Rows": 1,
                                    "Actual Loops": 1
                                }
                            ],
                            "Plans": [
                                {
                                    "Node Type": "Nested Loop",
                                    "Parent Relationship": "Outer",
                                    "Parallel Aware": false,
                                    "Join Type": "Inner",
                                    "Startup Cost": 143.41,
                                    "Total Cost": 32510.53,
                                    "Plan Rows": 2718,
                                    "Plan Width": 0,
                                    "Actual Startup Time": 0.727,
                                    "Actual Total Time": 16.363,
                                    "Actual Rows": 2022,
                                    "Actual Loops": 3,
                                    "Inner Unique": true,
                                    "Workers": [
                                        {
                                            "Worker Number": 0,
                                            "Actual Startup Time": 0.405,
                                            "Actual Total Time": 12.529,
                                            "Actual Rows": 252,
                                            "Actual Loops": 1
                                        },
                                        {
                                            "Worker Number": 1,
                                            "Actual Startup Time": 0.36,
                                            "Actual Total Time": 13.06,
                                            "Actual Rows": 261,
                                            "Actual Loops": 1
                                        }
                                    ],
                                    "Plans": [
                                        {
                                            "Node Type": "Bitmap Heap Scan",
                                            "Parent Relationship": "Outer",
                                            "Parallel Aware": true,
                                            "Relation Name": "movie_companies",
                                            "Schema": "public",
                                            "Alias": "mc",
                                            "Startup Cost": 142.98,
                                            "Total Cost": 13342.01,
                                            "Plan Rows": 2718,
                                            "Plan Width": 4,
                                            "Actual Startup Time": 0.561,
                                            "Actual Total Time": 3.35,
                                            "Actual Rows": 2022,
                                            "Actual Loops": 3,
                                            "Output": [
                                                "mc.id",
                                                "mc.movie_id",
                                                "mc.company_id",
                                                "mc.company_type_id",
                                                "mc.note"
                                            ],
                                            "Recheck Cond": "(mc.company_id = 93)",
                                            "Rows Removed by Index Recheck": 0,
                                            "Exact Heap Blocks": 1989,
                                            "Lossy Heap Blocks": 0,
                                            "Workers": [
                                                {
                                                    "Worker Number": 0,
                                                    "Actual Startup Time": 0.156,
                                                    "Actual Total Time": 2.288,
                                                    "Actual Rows": 252,
                                                    "Actual Loops": 1
                                                },
                                                {
                                                    "Worker Number": 1,
                                                    "Actual Startup Time": 0.129,
                                                    "Actual Total Time": 2.543,
                                                    "Actual Rows": 261,
                                                    "Actual Loops": 1
                                                }
                                            ],
                                            "Plans": [
                                                {
                                                    "Node Type": "Bitmap Index Scan",
                                                    "Parent Relationship": "Outer",
                                                    "Parallel Aware": false,
                                                    "Index Name": "company_id_movie_companies",
                                                    "Startup Cost": 0.0,
                                                    "Total Cost": 141.35,
                                                    "Plan Rows": 6523,
                                                    "Plan Width": 0,
                                                    "Actual Startup Time": 1.02,
                                                    "Actual Total Time": 1.021,
                                                    "Actual Rows": 6067,
                                                    "Actual Loops": 1,
                                                    "Index Cond": "(mc.company_id = 93)"
                                                }
                                            ]
                                        },
                                        {
                                            "Node Type": "Index Only Scan",
                                            "Parent Relationship": "Inner",
                                            "Parallel Aware": false,
                                            "Scan Direction": "Forward",
                                            "Index Name": "title_pkey",
                                            "Relation Name": "title",
                                            "Schema": "public",
                                            "Alias": "t",
                                            "Startup Cost": 0.43,
                                            "Total Cost": 7.05,
                                            "Plan Rows": 1,
                                            "Plan Width": 4,
                                            "Actual Startup Time": 0.006,
                                            "Actual Total Time": 0.006,
                                            "Actual Rows": 1,
                                            "Actual Loops": 6067,
                                            "Output": [
                                                "t.id"
                                            ],
                                            "Index Cond": "(t.id = mc.movie_id)",
                                            "Rows Removed by Index Recheck": 0,
                                            "Heap Fetches": 6067,
                                            "Workers": [
                                                {
                                                    "Worker Number": 0,
                                                    "Actual Startup Time": 0.038,
                                                    "Actual Total Time": 0.038,
                                                    "Actual Rows": 1,
                                                    "Actual Loops": 252
                                                },
                                                {
                                                    "Worker Number": 1,
                                                    "Actual Startup Time": 0.038,
                                                    "Actual Total Time": 0.038,
                                                    "Actual Rows": 1,
                                                    "Actual Loops": 261
                                                }
                                            ]
                                        }
                                    ]
                                }
                            ]
                        }
                    ]
                }
            ]
        },
        "Planning Time": 181.82,
        "Triggers": [],
        "Execution Time": 27.885
    }
]