{
  "Plan": {
    "Node Type": "Aggregate",
    "Strategy": "Plain",
    "Partial Mode": "Finalize",
    "Parallel Aware": false,
    "Startup Cost": 439797.75,
    "Total Cost": 439797.76,
    "Plan Rows": 1,
    "Plan Width": 8,
    "Actual Startup Time": 682.318,
    "Actual Total Time": 708.11,
    "Actual Rows": 1,
    "Actual Loops": 1,
    "Plans": [
      {
        "Node Type": "Gather",
        "Parent Relationship": "Outer",
        "Parallel Aware": false,
        "Startup Cost": 439797.64,
        "Total Cost": 439797.75,
        "Plan Rows": 1,
        "Plan Width": 8,
        "Actual Startup Time": 681.708,
        "Actual Total Time": 708.102,
        "Actual Rows": 2,
        "Actual Loops": 1,
        "Workers Planned": 1,
        "Workers Launched": 1,
        "Single Copy": false,
        "Plans": [
          {
            "Node Type": "Aggregate",
            "Strategy": "Plain",
            "Partial Mode": "Partial",
            "Parent Relationship": "Outer",
            "Parallel Aware": false,
            "Startup Cost": 438797.64,
            "Total Cost": 438797.65,
            "Plan Rows": 1,
            "Plan Width": 8,
            "Actual Startup Time": 675.673,
            "Actual Total Time": 675.677,
            "Actual Rows": 1,
            "Actual Loops": 2,
            "Plans": [
              {
                "Node Type": "Hash Join",
                "Parent Relationship": "Outer",
                "Parallel Aware": true,
                "Join Type": "Inner",
                "Startup Cost": 145933.99,
                "Total Cost": 438784.93,
                "Plan Rows": 5085,
                "Plan Width": 0,
                "Actual Startup Time": 294.933,
                "Actual Total Time": 675.193,
                "Actual Rows": 7488,
                "Actual Loops": 2,
                "Inner Unique": true,
                "Hash Cond": "(ci.movie_id = t.id)",
                "Plans": [
                  {
                    "Node Type": "Bitmap Heap Scan",
                    "Parent Relationship": "Outer",
                    "Parallel Aware": true,
                    "Relation Name": "cast_info",
                    "Alias": "ci",
                    "Startup Cost": 91274.95,
                    "Total Cost": 380613.36,
                    "Plan Rows": 1338102,
                    "Plan Width": 4,
                    "Actual Startup Time": 159.954,
                    "Actual Total Time": 427.05,
                    "Actual Rows": 1540606,
                    "Actual Loops": 2,
                    "Recheck Cond": "(person_id < 411455)",
                    "Rows Removed by Index Recheck": 0,
                    "Filter": "(role_id < 3)",
                    "Rows Removed by Filter": 593588,
                    "Exact Heap Blocks": 24249,
                    "Lossy Heap Blocks": 0,
                    "Plans": [
                      {
                        "Node Type": "Bitmap Index Scan",
                        "Parent Relationship": "Outer",
                        "Parallel Aware": false,
                        "Index Name": "person_id_cast_info",
                        "Startup Cost": 0.0,
                        "Total Cost": 90706.26,
                        "Plan Rows": 4153826,
                        "Plan Width": 0,
                        "Actual Startup Time": 152.787,
                        "Actual Total Time": 152.788,
                        "Actual Rows": 4268388,
                        "Actual Loops": 1,
                        "Index Cond": "(person_id < 411455)"
                      }
                    ]
                  },
                  {
                    "Node Type": "Hash",
                    "Parent Relationship": "Inner",
                    "Parallel Aware": true,
                    "Startup Cost": 54588.39,
                    "Total Cost": 54588.39,
                    "Plan Rows": 5652,
                    "Plan Width": 4,
                    "Actual Startup Time": 133.601,
                    "Actual Total Time": 133.602,
                    "Actual Rows": 5154,
                    "Actual Loops": 2,
                    "Hash Buckets": 16384,
                    "Original Hash Buckets": 16384,
                    "Hash Batches": 1,
                    "Original Hash Batches": 1,
                    "Peak Memory Usage": 576,
                    "Plans": [
                      {
                        "Node Type": "Seq Scan",
                        "Parent Relationship": "Outer",
                        "Parallel Aware": true,
                        "Relation Name": "title",
                        "Alias": "t",
                        "Startup Cost": 0.0,
                        "Total Cost": 54588.39,
                        "Plan Rows": 5652,
                        "Plan Width": 4,
                        "Actual Startup Time": 0.032,
                        "Actual Total Time": 131.52,
                        "Actual Rows": 5154,
                        "Actual Loops": 2,
                        "Filter": "(production_year = 1962)",
                        "Rows Removed by Filter": 1259002
                      }
                    ]
                  }
                ]
              }
            ]
          }
        ]
      }
    ]
  },
  "Planning Time": 0.485,
  "Triggers": [],
  "Execution Time": 708.262
}