{
  "Plan": {
    "Node Type": "Aggregate",
    "Strategy": "Plain",
    "Partial Mode": "Finalize",
    "Parallel Aware": false,
    "Startup Cost": 483782.78,
    "Total Cost": 483782.79,
    "Plan Rows": 1,
    "Plan Width": 8,
    "Actual Startup Time": 2384.77,
    "Actual Total Time": 2405.031,
    "Actual Rows": 1,
    "Actual Loops": 1,
    "Plans": [
      {
        "Node Type": "Gather",
        "Parent Relationship": "Outer",
        "Parallel Aware": false,
        "Startup Cost": 483782.66,
        "Total Cost": 483782.77,
        "Plan Rows": 1,
        "Plan Width": 8,
        "Actual Startup Time": 2357.336,
        "Actual Total Time": 2405.021,
        "Actual Rows": 2,
        "Actual Loops": 1,
        "Workers Planned": 1,
        "Workers Launched": 1,
        "Single Copy": false,
        "Plans": [
          {
            "Node Type": "Aggregate",
            "Strategy": "Plain",
            "Partial Mode": "Partial",
            "Parent Relationship": "Outer",
            "Parallel Aware": false,
            "Startup Cost": 482782.66,
            "Total Cost": 482782.67,
            "Plan Rows": 1,
            "Plan Width": 8,
            "Actual Startup Time": 2359.964,
            "Actual Total Time": 2359.97,
            "Actual Rows": 1,
            "Actual Loops": 2,
            "Plans": [
              {
                "Node Type": "Merge Join",
                "Parent Relationship": "Outer",
                "Parallel Aware": false,
                "Join Type": "Inner",
                "Startup Cost": 465236.92,
                "Total Cost": 481638.86,
                "Plan Rows": 457521,
                "Plan Width": 0,
                "Actual Startup Time": 1947.186,
                "Actual Total Time": 2328.583,
                "Actual Rows": 790044,
                "Actual Loops": 2,
                "Inner Unique": false,
                "Merge Cond": "(ci.movie_id = t.id)",
                "Plans": [
                  {
                    "Node Type": "Sort",
                    "Parent Relationship": "Outer",
                    "Parallel Aware": false,
                    "Startup Cost": 260615.46,
                    "Total Cost": 264804.76,
                    "Plan Rows": 1675723,
                    "Plan Width": 4,
                    "Actual Startup Time": 568.978,
                    "Actual Total Time": 701.513,
                    "Actual Rows": 1364320,
                    "Actual Loops": 2,
                    "Sort Key": [
                      "ci.movie_id"
                    ],
                    "Sort Method": "quicksort",
                    "Sort Space Used": 116739,
                    "Sort Space Type": "Memory",
                    "Workers": [
                      {
                        "Worker Number": 0,
                        "Sort Method": "quicksort",
                        "Sort Space Used": 109485,
                        "Sort Space Type": "Memory"
                      }
                    ],
                    "Plans": [
                      {
                        "Node Type": "Index Scan",
                        "Parent Relationship": "Outer",
                        "Parallel Aware": true,
                        "Scan Direction": "Forward",
                        "Index Name": "role_id_cast_info",
                        "Relation Name": "cast_info",
                        "Alias": "ci",
                        "Startup Cost": 0.56,
                        "Total Cost": 87376.26,
                        "Plan Rows": 1675723,
                        "Plan Width": 4,
                        "Actual Startup Time": 0.104,
                        "Actual Total Time": 240.064,
                        "Actual Rows": 1364472,
                        "Actual Loops": 2,
                        "Index Cond": "(role_id = 4)",
                        "Rows Removed by Index Recheck": 0
                      }
                    ]
                  },
                  {
                    "Node Type": "Sort",
                    "Parent Relationship": "Inner",
                    "Parallel Aware": false,
                    "Startup Cost": 204621.28,
                    "Total Cost": 206347.02,
                    "Plan Rows": 690297,
                    "Plan Width": 8,
                    "Actual Startup Time": 1378.176,
                    "Actual Total Time": 1430.049,
                    "Actual Rows": 1226152,
                    "Actual Loops": 2,
                    "Sort Key": [
                      "t.id"
                    ],
                    "Sort Method": "quicksort",
                    "Sort Space Used": 66405,
                    "Sort Space Type": "Memory",
                    "Workers": [
                      {
                        "Worker Number": 0,
                        "Sort Method": "quicksort",
                        "Sort Space Used": 66405,
                        "Sort Space Type": "Memory"
                      }
                    ],
                    "Plans": [
                      {
                        "Node Type": "Hash Join",
                        "Parent Relationship": "Outer",
                        "Parallel Aware": false,
                        "Join Type": "Inner",
                        "Startup Cost": 82399.16,
                        "Total Cost": 137673.32,
                        "Plan Rows": 690297,
                        "Plan Width": 8,
                        "Actual Startup Time": 539.995,
                        "Actual Total Time": 1181.802,
                        "Actual Rows": 892351,
                        "Actual Loops": 2,
                        "Inner Unique": true,
                        "Hash Cond": "(mc.movie_id = t.id)",
                        "Plans": [
                          {
                            "Node Type": "Seq Scan",
                            "Parent Relationship": "Outer",
                            "Parallel Aware": false,
                            "Relation Name": "movie_companies",
                            "Alias": "mc",
                            "Startup Cost": 0.0,
                            "Total Cost": 51404.11,
                            "Plan Rows": 1474297,
                            "Plan Width": 4,
                            "Actual Startup Time": 0.033,
                            "Actual Total Time": 224.828,
                            "Actual Rows": 1470041,
                            "Actual Loops": 2,
                            "Filter": "(company_id < 13384)",
                            "Rows Removed by Filter": 1139088
                          },
                          {
                            "Node Type": "Hash",
                            "Parent Relationship": "Inner",
                            "Parallel Aware": false,
                            "Startup Cost": 67601.66,
                            "Total Cost": 67601.66,
                            "Plan Rows": 1183800,
                            "Plan Width": 4,
                            "Actual Startup Time": 532.495,
                            "Actual Total Time": 532.497,
                            "Actual Rows": 1195923,
                            "Actual Loops": 2,
                            "Hash Buckets": 2097152,
                            "Original Hash Buckets": 2097152,
                            "Hash Batches": 1,
                            "Original Hash Batches": 1,
                            "Peak Memory Usage": 58429,
                            "Plans": [
                              {
                                "Node Type": "Seq Scan",
                                "Parent Relationship": "Outer",
                                "Parallel Aware": false,
                                "Relation Name": "title",
                                "Alias": "t",
                                "Startup Cost": 0.0,
                                "Total Cost": 67601.66,
                                "Plan Rows": 1183800,
                                "Plan Width": 4,
                                "Actual Startup Time": 0.026,
                                "Actual Total Time": 265.186,
                                "Actual Rows": 1195923,
                                "Actual Loops": 2,
                                "Filter": "(production_year < 2003)",
                                "Rows Removed by Filter": 1332389
                              }
                            ]
                          }
                        ]
                      }
                    ]
                  }
                ]
              }
            ]
          }
        ]
      }
    ]
  },
  "Planning Time": 1.057,
  "Triggers": [],
  "Execution Time": 2417.58
}