[
    {
        "Bao": {
            "Bao prediction": "NaN",
            "Bao recommended hint": "(no hint)"
        }
    },
    {
        "Plan": {
            "Node Type": "Aggregate",
            "Strategy": "Plain",
            "Partial Mode": "Finalize",
            "Parallel Aware": false,
            "Startup Cost": 31695.59,
            "Total Cost": 31695.6,
            "Plan Rows": 1,
            "Plan Width": 8,
            "Actual Startup Time": 73.557,
            "Actual Total Time": 77.878,
            "Actual Rows": 1,
            "Actual Loops": 1,
            "Output": [
                "count(*)"
            ],
            "Plans": [
                {
                    "Node Type": "Gather",
                    "Parent Relationship": "Outer",
                    "Parallel Aware": false,
                    "Startup Cost": 31695.27,
                    "Total Cost": 31695.58,
                    "Plan Rows": 3,
                    "Plan Width": 8,
                    "Actual Startup Time": 73.455,
                    "Actual Total Time": 77.87,
                    "Actual Rows": 4,
                    "Actual Loops": 1,
                    "Output": [
                        "(PARTIAL count(*))"
                    ],
                    "Workers Planned": 3,
                    "Workers Launched": 3,
                    "Single Copy": false,
                    "Plans": [
                        {
                            "Node Type": "Aggregate",
                            "Strategy": "Plain",
                            "Partial Mode": "Partial",
                            "Parent Relationship": "Outer",
                            "Parallel Aware": false,
                            "Startup Cost": 30695.27,
                            "Total Cost": 30695.28,
                            "Plan Rows": 1,
                            "Plan Width": 8,
                            "Actual Startup Time": 64.936,
                            "Actual Total Time": 64.937,
                            "Actual Rows": 1,
                            "Actual Loops": 4,
                            "Output": [
                                "PARTIAL count(*)"
                            ],
                            "Workers": [
                                {
                                    "Worker Number": 0,
                                    "Actual Startup Time": 61.707,
                                    "Actual Total Time": 61.708,
                                    "Actual Rows": 1,
                                    "Actual Loops": 1
                                },
                                {
                                    "Worker Number": 1,
                                    "Actual Startup Time": 62.413,
                                    "Actual Total Time": 62.414,
                                    "Actual Rows": 1,
                                    "Actual Loops": 1
                                },
                                {
                                    "Worker Number": 2,
                                    "Actual Startup Time": 62.565,
                                    "Actual Total Time": 62.565,
                                    "Actual Rows": 1,
                                    "Actual Loops": 1
                                }
                            ],
                            "Plans": [
                                {
                                    "Node Type": "Bitmap Heap Scan",
                                    "Parent Relationship": "Outer",
                                    "Parallel Aware": true,
                                    "Relation Name": "movie_companies",
                                    "Schema": "public",
                                    "Alias": "mc",
                                    "Startup Cost": 9572.98,
                                    "Total Cost": 30512.61,
                                    "Plan Rows": 73064,
                                    "Plan Width": 0,
                                    "Actual Startup Time": 17.889,
                                    "Actual Total Time": 57.889,
                                    "Actual Rows": 111784,
                                    "Actual Loops": 4,
                                    "Recheck Cond": "(mc.company_id > 77502)",
                                    "Rows Removed by Index Recheck": 0,
                                    "Filter": "(mc.company_type_id = 2)",
                                    "Rows Removed by Filter": 0,
                                    "Exact Heap Blocks": 3650,
                                    "Lossy Heap Blocks": 0,
                                    "Workers": [
                                        {
                                            "Worker Number": 0,
                                            "Actual Startup Time": 14.781,
                                            "Actual Total Time": 55.3,
                                            "Actual Rows": 71512,
                                            "Actual Loops": 1
                                        },
                                        {
                                            "Worker Number": 1,
                                            "Actual Startup Time": 15.417,
                                            "Actual Total Time": 55.728,
                                            "Actual Rows": 75016,
                                            "Actual Loops": 1
                                        },
                                        {
                                            "Worker Number": 2,
                                            "Actual Startup Time": 15.532,
                                            "Actual Total Time": 55.97,
                                            "Actual Rows": 73927,
                                            "Actual Loops": 1
                                        }
                                    ],
                                    "Plans": [
                                        {
                                            "Node Type": "Bitmap Index Scan",
                                            "Parent Relationship": "Outer",
                                            "Parallel Aware": false,
                                            "Index Name": "company_id_movie_companies",
                                            "Startup Cost": 0.0,
                                            "Total Cost": 9516.36,
                                            "Plan Rows": 444257,
                                            "Plan Width": 0,
                                            "Actual Startup Time": 24.914,
                                            "Actual Total Time": 24.914,
                                            "Actual Rows": 447138,
                                            "Actual Loops": 1,
                                            "Index Cond": "(mc.company_id > 77502)"
                                        }
                                    ]
                                }
                            ]
                        }
                    ]
                }
            ]
        },
        "Planning Time": 174.799,
        "Triggers": [],
        "Execution Time": 77.973
    }
]