[
    {
        "Bao": {
            "Bao prediction": "NaN",
            "Bao recommended hint": "(no hint)"
        }
    },
    {
        "Plan": {
            "Node Type": "Aggregate",
            "Strategy": "Plain",
            "Partial Mode": "Finalize",
            "Parallel Aware": false,
            "Startup Cost": 116696.84,
            "Total Cost": 116696.85,
            "Plan Rows": 1,
            "Plan Width": 8,
            "Actual Startup Time": 266.299,
            "Actual Total Time": 276.034,
            "Actual Rows": 1,
            "Actual Loops": 1,
            "Output": [
                "count(*)"
            ],
            "Plans": [
                {
                    "Node Type": "Gather",
                    "Parent Relationship": "Outer",
                    "Parallel Aware": false,
                    "Startup Cost": 116696.32,
                    "Total Cost": 116696.82,
                    "Plan Rows": 5,
                    "Plan Width": 8,
                    "Actual Startup Time": 266.187,
                    "Actual Total Time": 276.024,
                    "Actual Rows": 6,
                    "Actual Loops": 1,
                    "Output": [
                        "(PARTIAL count(*))"
                    ],
                    "Workers Planned": 5,
                    "Workers Launched": 5,
                    "Single Copy": false,
                    "Plans": [
                        {
                            "Node Type": "Aggregate",
                            "Strategy": "Plain",
                            "Partial Mode": "Partial",
                            "Parent Relationship": "Outer",
                            "Parallel Aware": false,
                            "Startup Cost": 115696.32,
                            "Total Cost": 115696.32,
                            "Plan Rows": 1,
                            "Plan Width": 8,
                            "Actual Startup Time": 254.774,
                            "Actual Total Time": 254.775,
                            "Actual Rows": 1,
                            "Actual Loops": 6,
                            "Output": [
                                "PARTIAL count(*)"
                            ],
                            "Workers": [
                                {
                                    "Worker Number": 0,
                                    "Actual Startup Time": 251.78,
                                    "Actual Total Time": 251.781,
                                    "Actual Rows": 1,
                                    "Actual Loops": 1
                                },
                                {
                                    "Worker Number": 1,
                                    "Actual Startup Time": 252.268,
                                    "Actual Total Time": 252.269,
                                    "Actual Rows": 1,
                                    "Actual Loops": 1
                                },
                                {
                                    "Worker Number": 2,
                                    "Actual Startup Time": 252.695,
                                    "Actual Total Time": 252.696,
                                    "Actual Rows": 1,
                                    "Actual Loops": 1
                                },
                                {
                                    "Worker Number": 3,
                                    "Actual Startup Time": 253.104,
                                    "Actual Total Time": 253.105,
                                    "Actual Rows": 1,
                                    "Actual Loops": 1
                                },
                                {
                                    "Worker Number": 4,
                                    "Actual Startup Time": 253.088,
                                    "Actual Total Time": 253.089,
                                    "Actual Rows": 1,
                                    "Actual Loops": 1
                                }
                            ],
                            "Plans": [
                                {
                                    "Node Type": "Index Only Scan",
                                    "Parent Relationship": "Outer",
                                    "Parallel Aware": true,
                                    "Scan Direction": "Forward",
                                    "Index Name": "role_id_cast_info",
                                    "Relation Name": "cast_info",
                                    "Schema": "public",
                                    "Alias": "ci",
                                    "Startup Cost": 0.56,
                                    "Total Cost": 113575.53,
                                    "Plan Rows": 848315,
                                    "Plan Width": 0,
                                    "Actual Startup Time": 0.206,
                                    "Actual Total Time": 210.074,
                                    "Actual Rows": 720503,
                                    "Actual Loops": 6,
                                    "Output": [
                                        "role_id"
                                    ],
                                    "Index Cond": "(ci.role_id = 10)",
                                    "Rows Removed by Index Recheck": 0,
                                    "Heap Fetches": 4323018,
                                    "Workers": [
                                        {
                                            "Worker Number": 0,
                                            "Actual Startup Time": 0.184,
                                            "Actual Total Time": 207.2,
                                            "Actual Rows": 600615,
                                            "Actual Loops": 1
                                        },
                                        {
                                            "Worker Number": 1,
                                            "Actual Startup Time": 0.313,
                                            "Actual Total Time": 207.549,
                                            "Actual Rows": 605299,
                                            "Actual Loops": 1
                                        },
                                        {
                                            "Worker Number": 2,
                                            "Actual Startup Time": 0.205,
                                            "Actual Total Time": 209.389,
                                            "Actual Rows": 877271,
                                            "Actual Loops": 1
                                        },
                                        {
                                            "Worker Number": 3,
                                            "Actual Startup Time": 0.176,
                                            "Actual Total Time": 211.142,
                                            "Actual Rows": 895080,
                                            "Actual Loops": 1
                                        },
                                        {
                                            "Worker Number": 4,
                                            "Actual Startup Time": 0.313,
                                            "Actual Total Time": 208.255,
                                            "Actual Rows": 600611,
                                            "Actual Loops": 1
                                        }
                                    ]
                                }
                            ]
                        }
                    ]
                }
            ]
        },
        "Planning Time": 275.675,
        "Triggers": [],
        "Execution Time": 276.097
    }
]