{
  "Plan": {
    "Node Type": "Aggregate",
    "Strategy": "Plain",
    "Partial Mode": "Simple",
    "Parallel Aware": false,
    "Startup Cost": 928989.22,
    "Total Cost": 928989.23,
    "Plan Rows": 1,
    "Plan Width": 96,
    "Actual Startup Time": 3717.993,
    "Actual Total Time": 3718.143,
    "Actual Rows": 1,
    "Actual Loops": 1,
    "Plans": [
      {
        "Node Type": "Merge Join",
        "Parent Relationship": "Outer",
        "Parallel Aware": false,
        "Join Type": "Inner",
        "Startup Cost": 916214.55,
        "Total Cost": 928989.21,
        "Plan Rows": 1,
        "Plan Width": 42,
        "Actual Startup Time": 3685.918,
        "Actual Total Time": 3717.842,
        "Actual Rows": 2851,
        "Actual Loops": 1,
        "Inner Unique": false,
        "Merge Cond": "(cn.id = mc.company_id)",
        "Plans": [
          {
            "Node Type": "Index Scan",
            "Parent Relationship": "Outer",
            "Parallel Aware": false,
            "Scan Direction": "Forward",
            "Index Name": "company_name_pkey",
            "Relation Name": "company_name",
            "Alias": "cn",
            "Startup Cost": 0.42,
            "Total Cost": 12469.43,
            "Plan Rows": 125473,
            "Plan Width": 23,
            "Actual Startup Time": 0.039,
            "Actual Total Time": 29.394,
            "Actual Rows": 38547,
            "Actual Loops": 1,
            "Filter": "((country_code)::text <> '[us]'::text)",
            "Rows Removed by Filter": 31676
          },
          {
            "Node Type": "Sort",
            "Parent Relationship": "Inner",
            "Parallel Aware": false,
            "Startup Cost": 916214.13,
            "Total Cost": 916214.14,
            "Plan Rows": 1,
            "Plan Width": 27,
            "Actual Startup Time": 3685.818,
            "Actual Total Time": 3686.219,
            "Actual Rows": 3223,
            "Actual Loops": 1,
            "Sort Key": [
              "mc.company_id"
            ],
            "Sort Method": "quicksort",
            "Sort Space Used": 335,
            "Sort Space Type": "Memory",
            "Plans": [
              {
                "Node Type": "Merge Join",
                "Parent Relationship": "Outer",
                "Parallel Aware": false,
                "Join Type": "Inner",
                "Startup Cost": 916214.09,
                "Total Cost": 916214.12,
                "Plan Rows": 1,
                "Plan Width": 27,
                "Actual Startup Time": 3684.766,
                "Actual Total Time": 3685.417,
                "Actual Rows": 3223,
                "Actual Loops": 1,
                "Inner Unique": true,
                "Merge Cond": "(mc.company_type_id = ct.id)",
                "Plans": [
                  {
                    "Node Type": "Sort",
                    "Parent Relationship": "Outer",
                    "Parallel Aware": false,
                    "Startup Cost": 916213.01,
                    "Total Cost": 916213.01,
                    "Plan Rows": 1,
                    "Plan Width": 31,
                    "Actual Startup Time": 3684.752,
                    "Actual Total Time": 3685.018,
                    "Actual Rows": 3223,
                    "Actual Loops": 1,
                    "Sort Key": [
                      "mc.company_type_id"
                    ],
                    "Sort Method": "quicksort",
                    "Sort Space Used": 355,
                    "Sort Space Type": "Memory",
                    "Plans": [
                      {
                        "Node Type": "Merge Join",
                        "Parent Relationship": "Outer",
                        "Parallel Aware": false,
                        "Join Type": "Inner",
                        "Startup Cost": 916212.97,
                        "Total Cost": 916213.0,
                        "Plan Rows": 1,
                        "Plan Width": 31,
                        "Actual Startup Time": 3683.841,
                        "Actual Total Time": 3684.499,
                        "Actual Rows": 3223,
                        "Actual Loops": 1,
                        "Inner Unique": true,
                        "Merge Cond": "(mi.info_type_id = it1.id)",
                        "Plans": [
                          {
                            "Node Type": "Sort",
                            "Parent Relationship": "Outer",
                            "Parallel Aware": false,
                            "Startup Cost": 916210.55,
                            "Total Cost": 916210.55,
                            "Plan Rows": 1,
                            "Plan Width": 35,
                            "Actual Startup Time": 3683.771,
                            "Actual Total Time": 3684.053,
                            "Actual Rows": 3404,
                            "Actual Loops": 1,
                            "Sort Key": [
                              "mi.info_type_id"
                            ],
                            "Sort Method": "quicksort",
                            "Sort Space Used": 373,
                            "Sort Space Type": "Memory",
                            "Plans": [
                              {
                                "Node Type": "Merge Join",
                                "Parent Relationship": "Outer",
                                "Parallel Aware": false,
                                "Join Type": "Inner",
                                "Startup Cost": 912880.57,
                                "Total Cost": 916210.54,
                                "Plan Rows": 1,
                                "Plan Width": 35,
                                "Actual Startup Time": 3629.133,
                                "Actual Total Time": 3683.335,
                                "Actual Rows": 3424,
                                "Actual Loops": 1,
                                "Inner Unique": false,
                                "Merge Cond": "(t.id = mi.movie_id)",
                                "Plans": [
                                  {
                                    "Node Type": "Sort",
                                    "Parent Relationship": "Outer",
                                    "Parallel Aware": false,
                                    "Startup Cost": 487677.31,
                                    "Total Cost": 487677.31,
                                    "Plan Rows": 1,
                                    "Plan Width": 47,
                                    "Actual Startup Time": 2323.108,
                                    "Actual Total Time": 2323.515,
                                    "Actual Rows": 3374,
                                    "Actual Loops": 1,
                                    "Sort Key": [
                                      "mk.movie_id"
                                    ],
                                    "Sort Method": "quicksort",
                                    "Sort Space Used": 411,
                                    "Sort Space Type": "Memory",
                                    "Plans": [
                                      {
                                        "Node Type": "Merge Join",
                                        "Parent Relationship": "Outer",
                                        "Parallel Aware": false,
                                        "Join Type": "Inner",
                                        "Startup Cost": 487677.28,
                                        "Total Cost": 487677.3,
                                        "Plan Rows": 1,
                                        "Plan Width": 47,
                                        "Actual Startup Time": 2321.868,
                                        "Actual Total Time": 2322.556,
                                        "Actual Rows": 3374,
                                        "Actual Loops": 1,
                                        "Inner Unique": true,
                                        "Merge Cond": "(mi_idx.info_type_id = it2.id)",
                                        "Plans": [
                                          {
                                            "Node Type": "Sort",
                                            "Parent Relationship": "Outer",
                                            "Parallel Aware": false,
                                            "Startup Cost": 487674.85,
                                            "Total Cost": 487674.86,
                                            "Plan Rows": 1,
                                            "Plan Width": 51,
                                            "Actual Startup Time": 2320.923,
                                            "Actual Total Time": 2321.48,
                                            "Actual Rows": 12313,
                                            "Actual Loops": 1,
                                            "Sort Key": [
                                              "mi_idx.info_type_id"
                                            ],
                                            "Sort Method": "quicksort",
                                            "Sort Space Used": 1847,
                                            "Sort Space Type": "Memory",
                                            "Plans": [
                                              {
                                                "Node Type": "Merge Join",
                                                "Parent Relationship": "Outer",
                                                "Parallel Aware": false,
                                                "Join Type": "Inner",
                                                "Startup Cost": 487674.81,
                                                "Total Cost": 487674.84,
                                                "Plan Rows": 1,
                                                "Plan Width": 51,
                                                "Actual Startup Time": 2315.978,
                                                "Actual Total Time": 2318.428,
                                                "Actual Rows": 12481,
                                                "Actual Loops": 1,
                                                "Inner Unique": true,
                                                "Merge Cond": "(t.kind_id = kt.id)",
                                                "Plans": [
                                                  {
                                                    "Node Type": "Sort",
                                                    "Parent Relationship": "Outer",
                                                    "Parallel Aware": false,
                                                    "Startup Cost": 487673.72,
                                                    "Total Cost": 487673.72,
                                                    "Plan Rows": 1,
                                                    "Plan Width": 55,
                                                    "Actual Startup Time": 2315.943,
                                                    "Actual Total Time": 2316.583,
                                                    "Actual Rows": 13397,
                                                    "Actual Loops": 1,
                                                    "Sort Key": [
                                                      "t.kind_id"
                                                    ],
                                                    "Sort Method": "quicksort",
                                                    "Sort Space Used": 2122,
                                                    "Sort Space Type": "Memory",
                                                    "Plans": [
                                                      {
                                                        "Node Type": "Merge Join",
                                                        "Parent Relationship": "Outer",
                                                        "Parallel Aware": false,
                                                        "Join Type": "Inner",
                                                        "Startup Cost": 308784.35,
                                                        "Total Cost": 487673.71,
                                                        "Plan Rows": 1,
                                                        "Plan Width": 55,
                                                        "Actual Startup Time": 961.892,
                                                        "Actual Total Time": 2312.801,
                                                        "Actual Rows": 13397,
                                                        "Actual Loops": 1,
                                                        "Inner Unique": false,
                                                        "Merge Cond": "(t.id = mi_idx.movie_id)",
                                                        "Plans": [
                                                          {
                                                            "Node Type": "Merge Join",
                                                            "Parent Relationship": "Outer",
                                                            "Parallel Aware": false,
                                                            "Join Type": "Inner",
                                                            "Startup Cost": 308783.92,
                                                            "Total Cost": 427668.2,
                                                            "Plan Rows": 2,
                                                            "Plan Width": 41,
                                                            "Actual Startup Time": 929.496,
                                                            "Actual Total Time": 2034.153,
                                                            "Actual Rows": 5186,
                                                            "Actual Loops": 1,
                                                            "Inner Unique": false,
                                                            "Merge Cond": "(t.id = mc.movie_id)",
                                                            "Plans": [
                                                              {
                                                                "Node Type": "Merge Join",
                                                                "Parent Relationship": "Outer",
                                                                "Parallel Aware": false,
                                                                "Join Type": "Inner",
                                                                "Startup Cost": 240842.01,
                                                                "Total Cost": 359047.89,
                                                                "Plan Rows": 36,
                                                                "Plan Width": 29,
                                                                "Actual Startup Time": 637.927,
                                                                "Actual Total Time": 1725.209,
                                                                "Actual Rows": 5606,
                                                                "Actual Loops": 1,
                                                                "Inner Unique": false,
                                                                "Merge Cond": "(t.id = mk.movie_id)",
                                                                "Plans": [
                                                                  {
                                                                    "Node Type": "Index Scan",
                                                                    "Parent Relationship": "Outer",
                                                                    "Parallel Aware": false,
                                                                    "Scan Direction": "Forward",
                                                                    "Index Name": "title_pkey",
                                                                    "Relation Name": "title",
                                                                    "Alias": "t",
                                                                    "Startup Cost": 0.43,
                                                                    "Total Cost": 116680.33,
                                                                    "Plan Rows": 666382,
                                                                    "Plan Width": 25,
                                                                    "Actual Startup Time": 0.059,
                                                                    "Actual Total Time": 1055.069,
                                                                    "Actual Rows": 661815,
                                                                    "Actual Loops": 1,
                                                                    "Filter": "(production_year > 2008)",
                                                                    "Rows Removed by Filter": 1863856
                                                                  },
                                                                  {
                                                                    "Node Type": "Sort",
                                                                    "Parent Relationship": "Inner",
                                                                    "Parallel Aware": false,
                                                                    "Startup Cost": 240828.26,
                                                                    "Total Cost": 240828.59,
                                                                    "Plan Rows": 135,
                                                                    "Plan Width": 4,
                                                                    "Actual Startup Time": 631.509,
                                                                    "Actual Total Time": 634.852,
                                                                    "Actual Rows": 37091,
                                                                    "Actual Loops": 1,
                                                                    "Sort Key": [
                                                                      "mk.movie_id"
                                                                    ],
                                                                    "Sort Method": "quicksort",
                                                                    "Sort Space Used": 3275,
                                                                    "Sort Space Type": "Memory",
                                                                    "Plans": [
                                                                      {
                                                                        "Node Type": "Merge Join",
                                                                        "Parent Relationship": "Outer",
                                                                        "Parallel Aware": false,
                                                                        "Join Type": "Inner",
                                                                        "Startup Cost": 3803.8,
                                                                        "Total Cost": 240823.48,
                                                                        "Plan Rows": 135,
                                                                        "Plan Width": 4,
                                                                        "Actual Startup Time": 167.433,
                                                                        "Actual Total Time": 625.342,
                                                                        "Actual Rows": 37091,
                                                                        "Actual Loops": 1,
                                                                        "Inner Unique": true,
                                                                        "Merge Cond": "(mk.keyword_id = k.id)",
                                                                        "Plans": [
                                                                          {
                                                                            "Node Type": "Index Scan",
                                                                            "Parent Relationship": "Outer",
                                                                            "Parallel Aware": false,
                                                                            "Scan Direction": "Forward",
                                                                            "Index Name": "keyword_id_movie_keyword",
                                                                            "Relation Name": "movie_keyword",
                                                                            "Alias": "mk",
                                                                            "Startup Cost": 0.43,
                                                                            "Total Cost": 226550.7,
                                                                            "Plan Rows": 4523930,
                                                                            "Plan Width": 8,
                                                                            "Actual Startup Time": 0.023,
                                                                            "Actual Total Time": 528.477,
                                                                            "Actual Rows": 943582,
                                                                            "Actual Loops": 1
                                                                          },
                                                                          {
                                                                            "Node Type": "Sort",
                                                                            "Parent Relationship": "Inner",
                                                                            "Parallel Aware": false,
                                                                            "Startup Cost": 2961.59,
                                                                            "Total Cost": 2961.6,
                                                                            "Plan Rows": 4,
                                                                            "Plan Width": 4,
                                                                            "Actual Startup Time": 34.526,
                                                                            "Actual Total Time": 34.53,
                                                                            "Actual Rows": 3,
                                                                            "Actual Loops": 1,
                                                                            "Sort Key": [
                                                                              "k.id"
                                                                            ],
                                                                            "Sort Method": "quicksort",
                                                                            "Sort Space Used": 25,
                                                                            "Sort Space Type": "Memory",
                                                                            "Plans": [
                                                                              {
                                                                                "Node Type": "Seq Scan",
                                                                                "Parent Relationship": "Outer",
                                                                                "Parallel Aware": false,
                                                                                "Relation Name": "keyword",
                                                                                "Alias": "k",
                                                                                "Startup Cost": 0.0,
                                                                                "Total Cost": 2961.55,
                                                                                "Plan Rows": 4,
                                                                                "Plan Width": 4,
                                                                                "Actual Startup Time": 2.573,
                                                                                "Actual Total Time": 34.512,
                                                                                "Actual Rows": 3,
                                                                                "Actual Loops": 1,
                                                                                "Filter": "(keyword = ANY ('{murder,murder-in-title,blood,violence}'::text[]))",
                                                                                "Rows Removed by Filter": 134167
                                                                              }
                                                                            ]
                                                                          }
                                                                        ]
                                                                      }
                                                                    ]
                                                                  }
                                                                ]
                                                              },
                                                              {
                                                                "Node Type": "Sort",
                                                                "Parent Relationship": "Inner",
                                                                "Parallel Aware": false,
                                                                "Startup Cost": 67941.92,
                                                                "Total Cost": 68281.06,
                                                                "Plan Rows": 135657,
                                                                "Plan Width": 12,
                                                                "Actual Startup Time": 278.03,
                                                                "Actual Total Time": 292.051,
                                                                "Actual Rows": 305462,
                                                                "Actual Loops": 1,
                                                                "Sort Key": [
                                                                  "mc.movie_id"
                                                                ],
                                                                "Sort Method": "quicksort",
                                                                "Sort Space Used": 26504,
                                                                "Sort Space Type": "Memory",
                                                                "Plans": [
                                                                  {
                                                                    "Node Type": "Gather",
                                                                    "Parent Relationship": "Outer",
                                                                    "Parallel Aware": false,
                                                                    "Startup Cost": 1000.0,
                                                                    "Total Cost": 56377.43,
                                                                    "Plan Rows": 135657,
                                                                    "Plan Width": 12,
                                                                    "Actual Startup Time": 0.302,
                                                                    "Actual Total Time": 228.4,
                                                                    "Actual Rows": 303271,
                                                                    "Actual Loops": 1,
                                                                    "Workers Planned": 1,
                                                                    "Workers Launched": 1,
                                                                    "Single Copy": false,
                                                                    "Plans": [
                                                                      {
                                                                        "Node Type": "Seq Scan",
                                                                        "Parent Relationship": "Outer",
                                                                        "Parallel Aware": true,
                                                                        "Relation Name": "movie_companies",
                                                                        "Alias": "mc",
                                                                        "Startup Cost": 0.0,
                                                                        "Total Cost": 41811.73,
                                                                        "Plan Rows": 79798,
                                                                        "Plan Width": 12,
                                                                        "Actual Startup Time": 0.046,
                                                                        "Actual Total Time": 202.324,
                                                                        "Actual Rows": 151636,
                                                                        "Actual Loops": 2,
                                                                        "Filter": "((note !~~ '%(USA)%'::text) AND (note ~~ '%(200%)%'::text))",
                                                                        "Rows Removed by Filter": 1152929
                                                                      }
                                                                    ]
                                                                  }
                                                                ]
                                                              }
                                                            ]
                                                          },
                                                          {
                                                            "Node Type": "Index Scan",
                                                            "Parent Relationship": "Inner",
                                                            "Parallel Aware": false,
                                                            "Scan Direction": "Forward",
                                                            "Index Name": "movie_id_movie_info_idx",
                                                            "Relation Name": "movie_info_idx",
                                                            "Alias": "mi_idx",
                                                            "Startup Cost": 0.43,
                                                            "Total Cost": 57072.82,
                                                            "Plan Rows": 1173066,
                                                            "Plan Width": 14,
                                                            "Actual Startup Time": 0.022,
                                                            "Actual Total Time": 226.117,
                                                            "Actual Rows": 1182182,
                                                            "Actual Loops": 1,
                                                            "Filter": "(info < '7.0'::text)",
                                                            "Rows Removed by Filter": 208607
                                                          }
                                                        ]
                                                      }
                                                    ]
                                                  },
                                                  {
                                                    "Node Type": "Sort",
                                                    "Parent Relationship": "Inner",
                                                    "Parallel Aware": false,
                                                    "Startup Cost": 1.1,
                                                    "Total Cost": 1.1,
                                                    "Plan Rows": 2,
                                                    "Plan Width": 4,
                                                    "Actual Startup Time": 0.031,
                                                    "Actual Total Time": 0.033,
                                                    "Actual Rows": 2,
                                                    "Actual Loops": 1,
                                                    "Sort Key": [
                                                      "kt.id"
                                                    ],
                                                    "Sort Method": "quicksort",
                                                    "Sort Space Used": 25,
                                                    "Sort Space Type": "Memory",
                                                    "Plans": [
                                                      {
                                                        "Node Type": "Seq Scan",
                                                        "Parent Relationship": "Outer",
                                                        "Parallel Aware": false,
                                                        "Relation Name": "kind_type",
                                                        "Alias": "kt",
                                                        "Startup Cost": 0.0,
                                                        "Total Cost": 1.09,
                                                        "Plan Rows": 2,
                                                        "Plan Width": 4,
                                                        "Actual Startup Time": 0.019,
                                                        "Actual Total Time": 0.021,
                                                        "Actual Rows": 2,
                                                        "Actual Loops": 1,
                                                        "Filter": "((kind)::text = ANY ('{movie,episode}'::text[]))",
                                                        "Rows Removed by Filter": 5
                                                      }
                                                    ]
                                                  }
                                                ]
                                              }
                                            ]
                                          },
                                          {
                                            "Node Type": "Sort",
                                            "Parent Relationship": "Inner",
                                            "Parallel Aware": false,
                                            "Startup Cost": 2.42,
                                            "Total Cost": 2.43,
                                            "Plan Rows": 1,
                                            "Plan Width": 4,
                                            "Actual Startup Time": 0.022,
                                            "Actual Total Time": 0.023,
                                            "Actual Rows": 1,
                                            "Actual Loops": 1,
                                            "Sort Key": [
                                              "it2.id"
                                            ],
                                            "Sort Method": "quicksort",
                                            "Sort Space Used": 25,
                                            "Sort Space Type": "Memory",
                                            "Plans": [
                                              {
                                                "Node Type": "Seq Scan",
                                                "Parent Relationship": "Outer",
                                                "Parallel Aware": false,
                                                "Relation Name": "info_type",
                                                "Alias": "it2",
                                                "Startup Cost": 0.0,
                                                "Total Cost": 2.41,
                                                "Plan Rows": 1,
                                                "Plan Width": 4,
                                                "Actual Startup Time": 0.017,
                                                "Actual Total Time": 0.018,
                                                "Actual Rows": 1,
                                                "Actual Loops": 1,
                                                "Filter": "((info)::text = 'rating'::text)",
                                                "Rows Removed by Filter": 112
                                              }
                                            ]
                                          }
                                        ]
                                      }
                                    ]
                                  },
                                  {
                                    "Node Type": "Sort",
                                    "Parent Relationship": "Inner",
                                    "Parallel Aware": false,
                                    "Startup Cost": 425203.26,
                                    "Total Cost": 426868.23,
                                    "Plan Rows": 665991,
                                    "Plan Width": 8,
                                    "Actual Startup Time": 1304.032,
                                    "Actual Total Time": 1327.123,
                                    "Actual Rows": 672179,
                                    "Actual Loops": 1,
                                    "Sort Key": [
                                      "mi.movie_id"
                                    ],
                                    "Sort Method": "quicksort",
                                    "Sort Space Used": 55952,
                                    "Sort Space Type": "Memory",
                                    "Plans": [
                                      {
                                        "Node Type": "Gather",
                                        "Parent Relationship": "Outer",
                                        "Parallel Aware": false,
                                        "Startup Cost": 1000.0,
                                        "Total Cost": 360784.8,
                                        "Plan Rows": 665991,
                                        "Plan Width": 8,
                                        "Actual Startup Time": 0.968,
                                        "Actual Total Time": 1180.763,
                                        "Actual Rows": 669336,
                                        "Actual Loops": 1,
                                        "Workers Planned": 1,
                                        "Workers Launched": 1,
                                        "Single Copy": false,
                                        "Plans": [
                                          {
                                            "Node Type": "Seq Scan",
                                            "Parent Relationship": "Outer",
                                            "Parallel Aware": true,
                                            "Relation Name": "movie_info",
                                            "Alias": "mi",
                                            "Startup Cost": 0.0,
                                            "Total Cost": 293185.7,
                                            "Plan Rows": 391759,
                                            "Plan Width": 8,
                                            "Actual Startup Time": 0.643,
                                            "Actual Total Time": 1115.736,
                                            "Actual Rows": 334668,
                                            "Actual Loops": 2,
                                            "Filter": "(info = ANY ('{Germany,German,USA,American}'::text[]))",
                                            "Rows Removed by Filter": 7083192
                                          }
                                        ]
                                      }
                                    ]
                                  }
                                ]
                              }
                            ]
                          },
                          {
                            "Node Type": "Sort",
                            "Parent Relationship": "Inner",
                            "Parallel Aware": false,
                            "Startup Cost": 2.42,
                            "Total Cost": 2.43,
                            "Plan Rows": 1,
                            "Plan Width": 4,
                            "Actual Startup Time": 0.039,
                            "Actual Total Time": 0.04,
                            "Actual Rows": 1,
                            "Actual Loops": 1,
                            "Sort Key": [
                              "it1.id"
                            ],
                            "Sort Method": "quicksort",
                            "Sort Space Used": 25,
                            "Sort Space Type": "Memory",
                            "Plans": [
                              {
                                "Node Type": "Seq Scan",
                                "Parent Relationship": "Outer",
                                "Parallel Aware": false,
                                "Relation Name": "info_type",
                                "Alias": "it1",
                                "Startup Cost": 0.0,
                                "Total Cost": 2.41,
                                "Plan Rows": 1,
                                "Plan Width": 4,
                                "Actual Startup Time": 0.026,
                                "Actual Total Time": 0.031,
                                "Actual Rows": 1,
                                "Actual Loops": 1,
                                "Filter": "((info)::text = 'countries'::text)",
                                "Rows Removed by Filter": 112
                              }
                            ]
                          }
                        ]
                      }
                    ]
                  },
                  {
                    "Node Type": "Sort",
                    "Parent Relationship": "Inner",
                    "Parallel Aware": false,
                    "Startup Cost": 1.08,
                    "Total Cost": 1.09,
                    "Plan Rows": 4,
                    "Plan Width": 4,
                    "Actual Startup Time": 0.01,
                    "Actual Total Time": 0.011,
                    "Actual Rows": 1,
                    "Actual Loops": 1,
                    "Sort Key": [
                      "ct.id"
                    ],
                    "Sort Method": "quicksort",
                    "Sort Space Used": 25,
                    "Sort Space Type": "Memory",
                    "Plans": [
                      {
                        "Node Type": "Seq Scan",
                        "Parent Relationship": "Outer",
                        "Parallel Aware": false,
                        "Relation Name": "company_type",
                        "Alias": "ct",
                        "Startup Cost": 0.0,
                        "Total Cost": 1.04,
                        "Plan Rows": 4,
                        "Plan Width": 4,
                        "Actual Startup Time": 0.006,
                        "Actual Total Time": 0.007,
                        "Actual Rows": 4,
                        "Actual Loops": 1
                      }
                    ]
                  }
                ]
              }
            ]
          }
        ]
      }
    ]
  },
  "Planning Time": 4.328,
  "Triggers": [],
  "Execution Time": 3719.833
}