{
  "Plan": {
    "Node Type": "Aggregate",
    "Strategy": "Plain",
    "Partial Mode": "Finalize",
    "Parallel Aware": false,
    "Startup Cost": 204073.72,
    "Total Cost": 204073.73,
    "Plan Rows": 1,
    "Plan Width": 8,
    "Actual Startup Time": 181.889,
    "Actual Total Time": 200.465,
    "Actual Rows": 1,
    "Actual Loops": 1,
    "Plans": [
      {
        "Node Type": "Gather",
        "Parent Relationship": "Outer",
        "Parallel Aware": false,
        "Startup Cost": 204073.61,
        "Total Cost": 204073.72,
        "Plan Rows": 1,
        "Plan Width": 8,
        "Actual Startup Time": 181.73,
        "Actual Total Time": 200.457,
        "Actual Rows": 2,
        "Actual Loops": 1,
        "Workers Planned": 1,
        "Workers Launched": 1,
        "Single Copy": false,
        "Plans": [
          {
            "Node Type": "Aggregate",
            "Strategy": "Plain",
            "Partial Mode": "Partial",
            "Parent Relationship": "Outer",
            "Parallel Aware": false,
            "Startup Cost": 203073.61,
            "Total Cost": 203073.62,
            "Plan Rows": 1,
            "Plan Width": 8,
            "Actual Startup Time": 175.84,
            "Actual Total Time": 175.842,
            "Actual Rows": 1,
            "Actual Loops": 2,
            "Plans": [
              {
                "Node Type": "Nested Loop",
                "Parent Relationship": "Outer",
                "Parallel Aware": false,
                "Join Type": "Inner",
                "Startup Cost": 0.43,
                "Total Cost": 203068.03,
                "Plan Rows": 2231,
                "Plan Width": 0,
                "Actual Startup Time": 21.789,
                "Actual Total Time": 175.528,
                "Actual Rows": 4224,
                "Actual Loops": 2,
                "Inner Unique": false,
                "Plans": [
                  {
                    "Node Type": "Seq Scan",
                    "Parent Relationship": "Outer",
                    "Parallel Aware": true,
                    "Relation Name": "title",
                    "Alias": "t",
                    "Startup Cost": 0.0,
                    "Total Cost": 54588.39,
                    "Plan Rows": 1065,
                    "Plan Width": 4,
                    "Actual Startup Time": 21.701,
                    "Actual Total Time": 142.731,
                    "Actual Rows": 982,
                    "Actual Loops": 2,
                    "Filter": "(production_year = 1946)",
                    "Rows Removed by Filter": 1263174
                  },
                  {
                    "Node Type": "Index Scan",
                    "Parent Relationship": "Inner",
                    "Parallel Aware": false,
                    "Scan Direction": "Forward",
                    "Index Name": "movie_id_movie_info",
                    "Relation Name": "movie_info",
                    "Alias": "mi",
                    "Startup Cost": 0.43,
                    "Total Cost": 139.27,
                    "Plan Rows": 15,
                    "Plan Width": 4,
                    "Actual Startup Time": 0.018,
                    "Actual Total Time": 0.033,
                    "Actual Rows": 4,
                    "Actual Loops": 1965,
                    "Index Cond": "(movie_id = t.id)",
                    "Rows Removed by Index Recheck": 0,
                    "Filter": "(info_type_id > 15)",
                    "Rows Removed by Filter": 10
                  }
                ]
              }
            ]
          }
        ]
      }
    ]
  },
  "Planning Time": 0.442,
  "Triggers": [],
  "Execution Time": 200.543
}