[
    {
        "Bao": {
            "Bao prediction": "NaN",
            "Bao recommended hint": "(no hint)"
        }
    },
    {
        "Plan": {
            "Node Type": "Aggregate",
            "Strategy": "Plain",
            "Partial Mode": "Finalize",
            "Parallel Aware": false,
            "Startup Cost": 79239.09,
            "Total Cost": 79239.1,
            "Plan Rows": 1,
            "Plan Width": 8,
            "Actual Startup Time": 296.226,
            "Actual Total Time": 303.723,
            "Actual Rows": 1,
            "Actual Loops": 1,
            "Output": [
                "count(*)"
            ],
            "Plans": [
                {
                    "Node Type": "Gather",
                    "Parent Relationship": "Outer",
                    "Parallel Aware": false,
                    "Startup Cost": 79238.77,
                    "Total Cost": 79239.08,
                    "Plan Rows": 3,
                    "Plan Width": 8,
                    "Actual Startup Time": 293.708,
                    "Actual Total Time": 303.712,
                    "Actual Rows": 4,
                    "Actual Loops": 1,
                    "Output": [
                        "(PARTIAL count(*))"
                    ],
                    "Workers Planned": 3,
                    "Workers Launched": 3,
                    "Single Copy": false,
                    "Plans": [
                        {
                            "Node Type": "Aggregate",
                            "Strategy": "Plain",
                            "Partial Mode": "Partial",
                            "Parent Relationship": "Outer",
                            "Parallel Aware": false,
                            "Startup Cost": 78238.77,
                            "Total Cost": 78238.78,
                            "Plan Rows": 1,
                            "Plan Width": 8,
                            "Actual Startup Time": 285.021,
                            "Actual Total Time": 285.024,
                            "Actual Rows": 1,
                            "Actual Loops": 4,
                            "Output": [
                                "PARTIAL count(*)"
                            ],
                            "Workers": [
                                {
                                    "Worker Number": 0,
                                    "Actual Startup Time": 282.136,
                                    "Actual Total Time": 282.138,
                                    "Actual Rows": 1,
                                    "Actual Loops": 1
                                },
                                {
                                    "Worker Number": 1,
                                    "Actual Startup Time": 282.195,
                                    "Actual Total Time": 282.198,
                                    "Actual Rows": 1,
                                    "Actual Loops": 1
                                },
                                {
                                    "Worker Number": 2,
                                    "Actual Startup Time": 282.797,
                                    "Actual Total Time": 282.8,
                                    "Actual Rows": 1,
                                    "Actual Loops": 1
                                }
                            ],
                            "Plans": [
                                {
                                    "Node Type": "Hash Join",
                                    "Parent Relationship": "Outer",
                                    "Parallel Aware": true,
                                    "Join Type": "Inner",
                                    "Startup Cost": 47942.76,
                                    "Total Cost": 78013.17,
                                    "Plan Rows": 90242,
                                    "Plan Width": 0,
                                    "Actual Startup Time": 167.333,
                                    "Actual Total Time": 281.192,
                                    "Actual Rows": 86887,
                                    "Actual Loops": 4,
                                    "Inner Unique": true,
                                    "Hash Cond": "(mc.movie_id = t.id)",
                                    "Workers": [
                                        {
                                            "Worker Number": 0,
                                            "Actual Startup Time": 164.505,
                                            "Actual Total Time": 278.367,
                                            "Actual Rows": 83935,
                                            "Actual Loops": 1
                                        },
                                        {
                                            "Worker Number": 1,
                                            "Actual Startup Time": 164.615,
                                            "Actual Total Time": 278.393,
                                            "Actual Rows": 83982,
                                            "Actual Loops": 1
                                        },
                                        {
                                            "Worker Number": 2,
                                            "Actual Startup Time": 164.824,
                                            "Actual Total Time": 278.899,
                                            "Actual Rows": 85303,
                                            "Actual Loops": 1
                                        }
                                    ],
                                    "Plans": [
                                        {
                                            "Node Type": "Seq Scan",
                                            "Parent Relationship": "Outer",
                                            "Parallel Aware": true,
                                            "Relation Name": "movie_companies",
                                            "Schema": "public",
                                            "Alias": "mc",
                                            "Startup Cost": 0.0,
                                            "Total Cost": 29310.68,
                                            "Plan Rows": 289420,
                                            "Plan Width": 4,
                                            "Actual Startup Time": 0.02,
                                            "Actual Total Time": 57.647,
                                            "Actual Rows": 223119,
                                            "Actual Loops": 4,
                                            "Output": [
                                                "mc.id",
                                                "mc.movie_id",
                                                "mc.company_id",
                                                "mc.company_type_id",
                                                "mc.note"
                                            ],
                                            "Filter": "(mc.company_id < 2803)",
                                            "Rows Removed by Filter": 429163,
                                            "Workers": [
                                                {
                                                    "Worker Number": 0,
                                                    "Actual Startup Time": 0.019,
                                                    "Actual Total Time": 58.65,
                                                    "Actual Rows": 215409,
                                                    "Actual Loops": 1
                                                },
                                                {
                                                    "Worker Number": 1,
                                                    "Actual Startup Time": 0.026,
                                                    "Actual Total Time": 58.545,
                                                    "Actual Rows": 214424,
                                                    "Actual Loops": 1
                                                },
                                                {
                                                    "Worker Number": 2,
                                                    "Actual Startup Time": 0.025,
                                                    "Actual Total Time": 58.714,
                                                    "Actual Rows": 216376,
                                                    "Actual Loops": 1
                                                }
                                            ]
                                        },
                                        {
                                            "Node Type": "Hash",
                                            "Parent Relationship": "Inner",
                                            "Parallel Aware": true,
                                            "Startup Cost": 45479.21,
                                            "Total Cost": 45479.21,
                                            "Plan Rows": 197084,
                                            "Plan Width": 4,
                                            "Actual Startup Time": 162.059,
                                            "Actual Total Time": 162.059,
                                            "Actual Rows": 173117,
                                            "Actual Loops": 4,
                                            "Output": [
                                                "t.id"
                                            ],
                                            "Hash Buckets": 1048576,
                                            "Original Hash Buckets": 1048576,
                                            "Hash Batches": 1,
                                            "Original Hash Batches": 1,
                                            "Peak Memory Usage": 35328,
                                            "Workers": [
                                                {
                                                    "Worker Number": 0,
                                                    "Actual Startup Time": 163.769,
                                                    "Actual Total Time": 163.77,
                                                    "Actual Rows": 161015,
                                                    "Actual Loops": 1
                                                },
                                                {
                                                    "Worker Number": 1,
                                                    "Actual Startup Time": 163.792,
                                                    "Actual Total Time": 163.793,
                                                    "Actual Rows": 159931,
                                                    "Actual Loops": 1
                                                },
                                                {
                                                    "Worker Number": 2,
                                                    "Actual Startup Time": 164.024,
                                                    "Actual Total Time": 164.026,
                                                    "Actual Rows": 155057,
                                                    "Actual Loops": 1
                                                }
                                            ],
                                            "Plans": [
                                                {
                                                    "Node Type": "Seq Scan",
                                                    "Parent Relationship": "Outer",
                                                    "Parallel Aware": true,
                                                    "Relation Name": "title",
                                                    "Schema": "public",
                                                    "Alias": "t",
                                                    "Startup Cost": 0.0,
                                                    "Total Cost": 45479.21,
                                                    "Plan Rows": 197084,
                                                    "Plan Width": 4,
                                                    "Actual Startup Time": 0.041,
                                                    "Actual Total Time": 96.558,
                                                    "Actual Rows": 173117,
                                                    "Actual Loops": 4,
                                                    "Output": [
                                                        "t.id"
                                                    ],
                                                    "Filter": "((t.kind_id > 1) AND (t.production_year < 2001))",
                                                    "Rows Removed by Filter": 458961,
                                                    "Workers": [
                                                        {
                                                            "Worker Number": 0,
                                                            "Actual Startup Time": 0.038,
                                                            "Actual Total Time": 97.965,
                                                            "Actual Rows": 161015,
                                                            "Actual Loops": 1
                                                        },
                                                        {
                                                            "Worker Number": 1,
                                                            "Actual Startup Time": 0.06,
                                                            "Actual Total Time": 97.254,
                                                            "Actual Rows": 159931,
                                                            "Actual Loops": 1
                                                        },
                                                        {
                                                            "Worker Number": 2,
                                                            "Actual Startup Time": 0.044,
                                                            "Actual Total Time": 99.765,
                                                            "Actual Rows": 155057,
                                                            "Actual Loops": 1
                                                        }
                                                    ]
                                                }
                                            ]
                                        }
                                    ]
                                }
                            ]
                        }
                    ]
                }
            ]
        },
        "Planning Time": 194.351,
        "Triggers": [],
        "Execution Time": 303.825
    }
]