[
    {
        "Bao": {
            "Bao prediction": "NaN",
            "Bao recommended hint": "(no hint)"
        }
    },
    {
        "Plan": {
            "Node Type": "Aggregate",
            "Strategy": "Plain",
            "Partial Mode": "Finalize",
            "Parallel Aware": false,
            "Startup Cost": 250770.75,
            "Total Cost": 250770.76,
            "Plan Rows": 1,
            "Plan Width": 8,
            "Actual Startup Time": 593.119,
            "Actual Total Time": 614.781,
            "Actual Rows": 1,
            "Actual Loops": 1,
            "Output": [
                "count(*)"
            ],
            "Plans": [
                {
                    "Node Type": "Gather",
                    "Parent Relationship": "Outer",
                    "Parallel Aware": false,
                    "Startup Cost": 250770.23,
                    "Total Cost": 250770.74,
                    "Plan Rows": 5,
                    "Plan Width": 8,
                    "Actual Startup Time": 585.089,
                    "Actual Total Time": 614.77,
                    "Actual Rows": 6,
                    "Actual Loops": 1,
                    "Output": [
                        "(PARTIAL count(*))"
                    ],
                    "Workers Planned": 5,
                    "Workers Launched": 5,
                    "Single Copy": false,
                    "Plans": [
                        {
                            "Node Type": "Aggregate",
                            "Strategy": "Plain",
                            "Partial Mode": "Partial",
                            "Parent Relationship": "Outer",
                            "Parallel Aware": false,
                            "Startup Cost": 249770.23,
                            "Total Cost": 249770.24,
                            "Plan Rows": 1,
                            "Plan Width": 8,
                            "Actual Startup Time": 575.692,
                            "Actual Total Time": 575.695,
                            "Actual Rows": 1,
                            "Actual Loops": 6,
                            "Output": [
                                "PARTIAL count(*)"
                            ],
                            "Workers": [
                                {
                                    "Worker Number": 0,
                                    "Actual Startup Time": 574.194,
                                    "Actual Total Time": 574.197,
                                    "Actual Rows": 1,
                                    "Actual Loops": 1
                                },
                                {
                                    "Worker Number": 1,
                                    "Actual Startup Time": 573.232,
                                    "Actual Total Time": 573.235,
                                    "Actual Rows": 1,
                                    "Actual Loops": 1
                                },
                                {
                                    "Worker Number": 2,
                                    "Actual Startup Time": 573.877,
                                    "Actual Total Time": 573.879,
                                    "Actual Rows": 1,
                                    "Actual Loops": 1
                                },
                                {
                                    "Worker Number": 3,
                                    "Actual Startup Time": 573.981,
                                    "Actual Total Time": 573.984,
                                    "Actual Rows": 1,
                                    "Actual Loops": 1
                                },
                                {
                                    "Worker Number": 4,
                                    "Actual Startup Time": 574.26,
                                    "Actual Total Time": 574.263,
                                    "Actual Rows": 1,
                                    "Actual Loops": 1
                                }
                            ],
                            "Plans": [
                                {
                                    "Node Type": "Hash Join",
                                    "Parent Relationship": "Outer",
                                    "Parallel Aware": true,
                                    "Join Type": "Inner",
                                    "Startup Cost": 49310.22,
                                    "Total Cost": 249271.33,
                                    "Plan Rows": 199561,
                                    "Plan Width": 0,
                                    "Actual Startup Time": 202.843,
                                    "Actual Total Time": 569.638,
                                    "Actual Rows": 111125,
                                    "Actual Loops": 6,
                                    "Inner Unique": true,
                                    "Hash Cond": "(mi.movie_id = t.id)",
                                    "Workers": [
                                        {
                                            "Worker Number": 0,
                                            "Actual Startup Time": 200.345,
                                            "Actual Total Time": 567.367,
                                            "Actual Rows": 93901,
                                            "Actual Loops": 1
                                        },
                                        {
                                            "Worker Number": 1,
                                            "Actual Startup Time": 200.577,
                                            "Actual Total Time": 567.07,
                                            "Actual Rows": 110427,
                                            "Actual Loops": 1
                                        },
                                        {
                                            "Worker Number": 2,
                                            "Actual Startup Time": 201.232,
                                            "Actual Total Time": 567.618,
                                            "Actual Rows": 114955,
                                            "Actual Loops": 1
                                        },
                                        {
                                            "Worker Number": 3,
                                            "Actual Startup Time": 201.335,
                                            "Actual Total Time": 567.951,
                                            "Actual Rows": 111378,
                                            "Actual Loops": 1
                                        },
                                        {
                                            "Worker Number": 4,
                                            "Actual Startup Time": 201.61,
                                            "Actual Total Time": 568.107,
                                            "Actual Rows": 113402,
                                            "Actual Loops": 1
                                        }
                                    ],
                                    "Plans": [
                                        {
                                            "Node Type": "Seq Scan",
                                            "Parent Relationship": "Outer",
                                            "Parallel Aware": true,
                                            "Relation Name": "movie_info",
                                            "Schema": "public",
                                            "Alias": "mi",
                                            "Startup Cost": 0.0,
                                            "Total Cost": 198880.74,
                                            "Plan Rows": 411570,
                                            "Plan Width": 4,
                                            "Actual Startup Time": 26.136,
                                            "Actual Total Time": 276.98,
                                            "Actual Rows": 348511,
                                            "Actual Loops": 6,
                                            "Output": [
                                                "mi.id",
                                                "mi.movie_id",
                                                "mi.info_type_id",
                                                "mi.info",
                                                "mi.note"
                                            ],
                                            "Filter": "(mi.info_type_id < 3)",
                                            "Rows Removed by Filter": 2124109,
                                            "Workers": [
                                                {
                                                    "Worker Number": 0,
                                                    "Actual Startup Time": 26.192,
                                                    "Actual Total Time": 281.767,
                                                    "Actual Rows": 291985,
                                                    "Actual Loops": 1
                                                },
                                                {
                                                    "Worker Number": 1,
                                                    "Actual Startup Time": 26.168,
                                                    "Actual Total Time": 277.962,
                                                    "Actual Rows": 348690,
                                                    "Actual Loops": 1
                                                },
                                                {
                                                    "Worker Number": 2,
                                                    "Actual Startup Time": 26.045,
                                                    "Actual Total Time": 277.031,
                                                    "Actual Rows": 353361,
                                                    "Actual Loops": 1
                                                },
                                                {
                                                    "Worker Number": 3,
                                                    "Actual Startup Time": 26.199,
                                                    "Actual Total Time": 277.475,
                                                    "Actual Rows": 353367,
                                                    "Actual Loops": 1
                                                },
                                                {
                                                    "Worker Number": 4,
                                                    "Actual Startup Time": 26.164,
                                                    "Actual Total Time": 277.379,
                                                    "Actual Rows": 356668,
                                                    "Actual Loops": 1
                                                }
                                            ]
                                        },
                                        {
                                            "Node Type": "Hash",
                                            "Parent Relationship": "Inner",
                                            "Parallel Aware": true,
                                            "Startup Cost": 45479.21,
                                            "Total Cost": 45479.21,
                                            "Plan Rows": 306481,
                                            "Plan Width": 4,
                                            "Actual Startup Time": 173.318,
                                            "Actual Total Time": 173.319,
                                            "Actual Rows": 225587,
                                            "Actual Loops": 6,
                                            "Output": [
                                                "t.id"
                                            ],
                                            "Hash Buckets": 2097152,
                                            "Original Hash Buckets": 2097152,
                                            "Hash Batches": 1,
                                            "Original Hash Batches": 1,
                                            "Peak Memory Usage": 69440,
                                            "Workers": [
                                                {
                                                    "Worker Number": 0,
                                                    "Actual Startup Time": 173.423,
                                                    "Actual Total Time": 173.424,
                                                    "Actual Rows": 172842,
                                                    "Actual Loops": 1
                                                },
                                                {
                                                    "Worker Number": 1,
                                                    "Actual Startup Time": 173.65,
                                                    "Actual Total Time": 173.651,
                                                    "Actual Rows": 218180,
                                                    "Actual Loops": 1
                                                },
                                                {
                                                    "Worker Number": 2,
                                                    "Actual Startup Time": 174.338,
                                                    "Actual Total Time": 174.339,
                                                    "Actual Rows": 214686,
                                                    "Actual Loops": 1
                                                },
                                                {
                                                    "Worker Number": 3,
                                                    "Actual Startup Time": 174.411,
                                                    "Actual Total Time": 174.412,
                                                    "Actual Rows": 214482,
                                                    "Actual Loops": 1
                                                },
                                                {
                                                    "Worker Number": 4,
                                                    "Actual Startup Time": 174.7,
                                                    "Actual Total Time": 174.701,
                                                    "Actual Rows": 217720,
                                                    "Actual Loops": 1
                                                }
                                            ],
                                            "Plans": [
                                                {
                                                    "Node Type": "Seq Scan",
                                                    "Parent Relationship": "Outer",
                                                    "Parallel Aware": true,
                                                    "Relation Name": "title",
                                                    "Schema": "public",
                                                    "Alias": "t",
                                                    "Startup Cost": 0.0,
                                                    "Total Cost": 45479.21,
                                                    "Plan Rows": 306481,
                                                    "Plan Width": 4,
                                                    "Actual Startup Time": 0.04,
                                                    "Actual Total Time": 81.101,
                                                    "Actual Rows": 225587,
                                                    "Actual Loops": 6,
                                                    "Output": [
                                                        "t.id"
                                                    ],
                                                    "Filter": "((t.kind_id > 1) AND (t.production_year > 1993))",
                                                    "Rows Removed by Filter": 195799,
                                                    "Workers": [
                                                        {
                                                            "Worker Number": 0,
                                                            "Actual Startup Time": 0.046,
                                                            "Actual Total Time": 85.283,
                                                            "Actual Rows": 172842,
                                                            "Actual Loops": 1
                                                        },
                                                        {
                                                            "Worker Number": 1,
                                                            "Actual Startup Time": 0.045,
                                                            "Actual Total Time": 82.262,
                                                            "Actual Rows": 218180,
                                                            "Actual Loops": 1
                                                        },
                                                        {
                                                            "Worker Number": 2,
                                                            "Actual Startup Time": 0.046,
                                                            "Actual Total Time": 82.05,
                                                            "Actual Rows": 214686,
                                                            "Actual Loops": 1
                                                        },
                                                        {
                                                            "Worker Number": 3,
                                                            "Actual Startup Time": 0.054,
                                                            "Actual Total Time": 82.339,
                                                            "Actual Rows": 214482,
                                                            "Actual Loops": 1
                                                        },
                                                        {
                                                            "Worker Number": 4,
                                                            "Actual Startup Time": 0.035,
                                                            "Actual Total Time": 82.486,
                                                            "Actual Rows": 217720,
                                                            "Actual Loops": 1
                                                        }
                                                    ]
                                                }
                                            ]
                                        }
                                    ]
                                }
                            ]
                        }
                    ]
                }
            ]
        },
        "Planning Time": 175.48,
        "Triggers": [],
        "Execution Time": 614.886
    }
]