{
    "Plan": {
        "Node Type": "Aggregate",
        "Strategy": "Plain",
        "Partial Mode": "Finalize",
        "Parallel Aware": false,
        "Startup Cost": 244228.25,
        "Total Cost": 244228.26,
        "Plan Rows": 1,
        "Plan Width": 8,
        "Actual Startup Time": 412.019,
        "Actual Total Time": 456.933,
        "Actual Rows": 1,
        "Actual Loops": 1,
        "Output": [
            "count(*)"
        ],
        "Plans": [
            {
                "Node Type": "Gather",
                "Parent Relationship": "Outer",
                "Parallel Aware": false,
                "Startup Cost": 244227.73,
                "Total Cost": 244228.24,
                "Plan Rows": 5,
                "Plan Width": 8,
                "Actual Startup Time": 411.476,
                "Actual Total Time": 456.923,
                "Actual Rows": 6,
                "Actual Loops": 1,
                "Output": [
                    "(PARTIAL count(*))"
                ],
                "Workers Planned": 5,
                "Workers Launched": 5,
                "Single Copy": false,
                "Plans": [
                    {
                        "Node Type": "Aggregate",
                        "Strategy": "Plain",
                        "Partial Mode": "Partial",
                        "Parent Relationship": "Outer",
                        "Parallel Aware": false,
                        "Startup Cost": 243227.73,
                        "Total Cost": 243227.74,
                        "Plan Rows": 1,
                        "Plan Width": 8,
                        "Actual Startup Time": 400.944,
                        "Actual Total Time": 400.947,
                        "Actual Rows": 1,
                        "Actual Loops": 6,
                        "Output": [
                            "PARTIAL count(*)"
                        ],
                        "Workers": [
                            {
                                "Worker Number": 0,
                                "Actual Startup Time": 400.057,
                                "Actual Total Time": 400.06,
                                "Actual Rows": 1,
                                "Actual Loops": 1
                            },
                            {
                                "Worker Number": 1,
                                "Actual Startup Time": 399.981,
                                "Actual Total Time": 399.985,
                                "Actual Rows": 1,
                                "Actual Loops": 1
                            },
                            {
                                "Worker Number": 2,
                                "Actual Startup Time": 399.312,
                                "Actual Total Time": 399.315,
                                "Actual Rows": 1,
                                "Actual Loops": 1
                            },
                            {
                                "Worker Number": 3,
                                "Actual Startup Time": 399.132,
                                "Actual Total Time": 399.135,
                                "Actual Rows": 1,
                                "Actual Loops": 1
                            },
                            {
                                "Worker Number": 4,
                                "Actual Startup Time": 398.842,
                                "Actual Total Time": 398.845,
                                "Actual Rows": 1,
                                "Actual Loops": 1
                            }
                        ],
                        "Plans": [
                            {
                                "Node Type": "Hash Join",
                                "Parent Relationship": "Outer",
                                "Parallel Aware": true,
                                "Join Type": "Inner",
                                "Startup Cost": 44162.37,
                                "Total Cost": 243222.05,
                                "Plan Rows": 2272,
                                "Plan Width": 0,
                                "Actual Startup Time": 255.161,
                                "Actual Total Time": 400.803,
                                "Actual Rows": 1929,
                                "Actual Loops": 6,
                                "Inner Unique": true,
                                "Hash Cond": "(mi.movie_id = t.id)",
                                "Workers": [
                                    {
                                        "Worker Number": 0,
                                        "Actual Startup Time": 254.544,
                                        "Actual Total Time": 399.924,
                                        "Actual Rows": 1263,
                                        "Actual Loops": 1
                                    },
                                    {
                                        "Worker Number": 1,
                                        "Actual Startup Time": 254.275,
                                        "Actual Total Time": 399.848,
                                        "Actual Rows": 1221,
                                        "Actual Loops": 1
                                    },
                                    {
                                        "Worker Number": 2,
                                        "Actual Startup Time": 253.801,
                                        "Actual Total Time": 399.182,
                                        "Actual Rows": 1967,
                                        "Actual Loops": 1
                                    },
                                    {
                                        "Worker Number": 3,
                                        "Actual Startup Time": 253.539,
                                        "Actual Total Time": 398.988,
                                        "Actual Rows": 2369,
                                        "Actual Loops": 1
                                    },
                                    {
                                        "Worker Number": 4,
                                        "Actual Startup Time": 253.317,
                                        "Actual Total Time": 398.692,
                                        "Actual Rows": 1412,
                                        "Actual Loops": 1
                                    }
                                ],
                                "Plans": [
                                    {
                                        "Node Type": "Seq Scan",
                                        "Parent Relationship": "Outer",
                                        "Parallel Aware": true,
                                        "Relation Name": "movie_info",
                                        "Schema": "public",
                                        "Alias": "mi",
                                        "Startup Cost": 0.0,
                                        "Total Cost": 198880.74,
                                        "Plan Rows": 68169,
                                        "Plan Width": 4,
                                        "Actual Startup Time": 165.452,
                                        "Actual Total Time": 306.492,
                                        "Actual Rows": 61370,
                                        "Actual Loops": 6,
                                        "Output": [
                                            "mi.id",
                                            "mi.movie_id",
                                            "mi.info_type_id",
                                            "mi.info",
                                            "mi.note"
                                        ],
                                        "Filter": "(mi.info_type_id = 17)",
                                        "Rows Removed by Filter": 2411250,
                                        "Workers": [
                                            {
                                                "Worker Number": 0,
                                                "Actual Startup Time": 164.884,
                                                "Actual Total Time": 307.111,
                                                "Actual Rows": 39710,
                                                "Actual Loops": 1
                                            },
                                            {
                                                "Worker Number": 1,
                                                "Actual Startup Time": 164.915,
                                                "Actual Total Time": 307.091,
                                                "Actual Rows": 39927,
                                                "Actual Loops": 1
                                            },
                                            {
                                                "Worker Number": 2,
                                                "Actual Startup Time": 165.047,
                                                "Actual Total Time": 306.654,
                                                "Actual Rows": 69163,
                                                "Actual Loops": 1
                                            },
                                            {
                                                "Worker Number": 3,
                                                "Actual Startup Time": 166.028,
                                                "Actual Total Time": 306.758,
                                                "Actual Rows": 69461,
                                                "Actual Loops": 1
                                            },
                                            {
                                                "Worker Number": 4,
                                                "Actual Startup Time": 165.872,
                                                "Actual Total Time": 306.985,
                                                "Actual Rows": 44972,
                                                "Actual Loops": 1
                                            }
                                        ]
                                    },
                                    {
                                        "Node Type": "Hash",
                                        "Parent Relationship": "Inner",
                                        "Parallel Aware": true,
                                        "Startup Cost": 43899.01,
                                        "Total Cost": 43899.01,
                                        "Plan Rows": 21069,
                                        "Plan Width": 4,
                                        "Actual Startup Time": 84.655,
                                        "Actual Total Time": 84.656,
                                        "Actual Rows": 14099,
                                        "Actual Loops": 6,
                                        "Output": [
                                            "t.id"
                                        ],
                                        "Hash Buckets": 131072,
                                        "Original Hash Buckets": 131072,
                                        "Hash Batches": 1,
                                        "Original Hash Batches": 1,
                                        "Peak Memory Usage": 4448,
                                        "Workers": [
                                            {
                                                "Worker Number": 0,
                                                "Actual Startup Time": 84.323,
                                                "Actual Total Time": 84.324,
                                                "Actual Rows": 10108,
                                                "Actual Loops": 1
                                            },
                                            {
                                                "Worker Number": 1,
                                                "Actual Startup Time": 84.157,
                                                "Actual Total Time": 84.159,
                                                "Actual Rows": 10480,
                                                "Actual Loops": 1
                                            },
                                            {
                                                "Worker Number": 2,
                                                "Actual Startup Time": 83.651,
                                                "Actual Total Time": 83.652,
                                                "Actual Rows": 14128,
                                                "Actual Loops": 1
                                            },
                                            {
                                                "Worker Number": 3,
                                                "Actual Startup Time": 83.507,
                                                "Actual Total Time": 83.508,
                                                "Actual Rows": 14158,
                                                "Actual Loops": 1
                                            },
                                            {
                                                "Worker Number": 4,
                                                "Actual Startup Time": 83.187,
                                                "Actual Total Time": 83.188,
                                                "Actual Rows": 10809,
                                                "Actual Loops": 1
                                            }
                                        ],
                                        "Plans": [
                                            {
                                                "Node Type": "Seq Scan",
                                                "Parent Relationship": "Outer",
                                                "Parallel Aware": true,
                                                "Relation Name": "title",
                                                "Schema": "public",
                                                "Alias": "t",
                                                "Startup Cost": 0.0,
                                                "Total Cost": 43899.01,
                                                "Plan Rows": 21069,
                                                "Plan Width": 4,
                                                "Actual Startup Time": 0.069,
                                                "Actual Total Time": 77.378,
                                                "Actual Rows": 14099,
                                                "Actual Loops": 6,
                                                "Output": [
                                                    "t.id"
                                                ],
                                                "Filter": "(t.production_year = 2004)",
                                                "Rows Removed by Filter": 407286,
                                                "Workers": [
                                                    {
                                                        "Worker Number": 0,
                                                        "Actual Startup Time": 0.081,
                                                        "Actual Total Time": 76.677,
                                                        "Actual Rows": 10108,
                                                        "Actual Loops": 1
                                                    },
                                                    {
                                                        "Worker Number": 1,
                                                        "Actual Startup Time": 0.074,
                                                        "Actual Total Time": 77.302,
                                                        "Actual Rows": 10480,
                                                        "Actual Loops": 1
                                                    },
                                                    {
                                                        "Worker Number": 2,
                                                        "Actual Startup Time": 0.074,
                                                        "Actual Total Time": 76.612,
                                                        "Actual Rows": 14128,
                                                        "Actual Loops": 1
                                                    },
                                                    {
                                                        "Worker Number": 3,
                                                        "Actual Startup Time": 0.089,
                                                        "Actual Total Time": 76.048,
                                                        "Actual Rows": 14158,
                                                        "Actual Loops": 1
                                                    },
                                                    {
                                                        "Worker Number": 4,
                                                        "Actual Startup Time": 0.074,
                                                        "Actual Total Time": 76.557,
                                                        "Actual Rows": 10809,
                                                        "Actual Loops": 1
                                                    }
                                                ]
                                            }
                                        ]
                                    }
                                ]
                            }
                        ]
                    }
                ]
            }
        ]
    },
    "Planning Time": 0.649,
    "Triggers": [],
    "Execution Time": 457.01
}