[
  {
    "Plan": {
      "Node Type": "Aggregate",
      "Strategy": "Plain",
      "Partial Mode": "Finalize",
      "Parallel Aware": false,
      "Startup Cost": 45535.45,
      "Total Cost": 45535.46,
      "Plan Rows": 1,
      "Plan Width": 8,
      "Actual Startup Time": 107.232,
      "Actual Total Time": 119.121,
      "Actual Rows": 1,
      "Actual Loops": 1,
      "Plans": [
        {
          "Node Type": "Gather",
          "Parent Relationship": "Outer",
          "Parallel Aware": false,
          "Startup Cost": 45535.03,
          "Total Cost": 45535.44,
          "Plan Rows": 4,
          "Plan Width": 8,
          "Actual Startup Time": 107.06,
          "Actual Total Time": 119.112,
          "Actual Rows": 5,
          "Actual Loops": 1,
          "Workers Planned": 4,
          "Workers Launched": 4,
          "Single Copy": false,
          "Plans": [
            {
              "Node Type": "Aggregate",
              "Strategy": "Plain",
              "Partial Mode": "Partial",
              "Parent Relationship": "Outer",
              "Parallel Aware": false,
              "Startup Cost": 44535.03,
              "Total Cost": 44535.04,
              "Plan Rows": 1,
              "Plan Width": 8,
              "Actual Startup Time": 100.11,
              "Actual Total Time": 100.111,
              "Actual Rows": 1,
              "Actual Loops": 5,
              "Plans": [
                {
                  "Node Type": "Seq Scan",
                  "Parent Relationship": "Outer",
                  "Parallel Aware": true,
                  "Relation Name": "title",
                  "Alias": "t",
                  "Startup Cost": 0.0,
                  "Total Cost": 43898.92,
                  "Plan Rows": 254444,
                  "Plan Width": 0,
                  "Actual Startup Time": 0.03,
                  "Actual Total Time": 89.224,
                  "Actual Rows": 204350,
                  "Actual Loops": 5,
                  "Filter": "(production_year < 2000)",
                  "Rows Removed by Filter": 301312
                }
              ]
            }
          ]
        }
      ]
    },
    "Planning Time": 0.096,
    "Triggers": [],
    "Execution Time": 119.177
  }
]