[
  {
    "Plan": {
      "Node Type": "Aggregate",
      "Strategy": "Plain",
      "Partial Mode": "Finalize",
      "Parallel Aware": false,
      "Startup Cost": 51220.11,
      "Total Cost": 51220.12,
      "Plan Rows": 1,
      "Plan Width": 8,
      "Actual Startup Time": 106.932,
      "Actual Total Time": 119.894,
      "Actual Rows": 1,
      "Actual Loops": 1,
      "Plans": [
        {
          "Node Type": "Gather",
          "Parent Relationship": "Outer",
          "Parallel Aware": false,
          "Startup Cost": 51219.69,
          "Total Cost": 51220.1,
          "Plan Rows": 4,
          "Plan Width": 8,
          "Actual Startup Time": 106.757,
          "Actual Total Time": 119.883,
          "Actual Rows": 5,
          "Actual Loops": 1,
          "Workers Planned": 4,
          "Workers Launched": 4,
          "Single Copy": false,
          "Plans": [
            {
              "Node Type": "Aggregate",
              "Strategy": "Plain",
              "Partial Mode": "Partial",
              "Parent Relationship": "Outer",
              "Parallel Aware": false,
              "Startup Cost": 50219.69,
              "Total Cost": 50219.7,
              "Plan Rows": 1,
              "Plan Width": 8,
              "Actual Startup Time": 100.142,
              "Actual Total Time": 100.145,
              "Actual Rows": 1,
              "Actual Loops": 5,
              "Plans": [
                {
                  "Node Type": "Nested Loop",
                  "Parent Relationship": "Outer",
                  "Parallel Aware": false,
                  "Join Type": "Inner",
                  "Startup Cost": 0.43,
                  "Total Cost": 50218.8,
                  "Plan Rows": 356,
                  "Plan Width": 0,
                  "Actual Startup Time": 64.931,
                  "Actual Total Time": 100.116,
                  "Actual Rows": 168,
                  "Actual Loops": 5,
                  "Inner Unique": false,
                  "Plans": [
                    {
                      "Node Type": "Seq Scan",
                      "Parent Relationship": "Outer",
                      "Parallel Aware": true,
                      "Relation Name": "title",
                      "Alias": "t",
                      "Startup Cost": 0.0,
                      "Total Cost": 45479.59,
                      "Plan Rows": 653,
                      "Plan Width": 4,
                      "Actual Startup Time": 63.865,
                      "Actual Total Time": 91.891,
                      "Actual Rows": 1554,
                      "Actual Loops": 5,
                      "Filter": "((kind_id < 4) AND (production_year = 1912))",
                      "Rows Removed by Filter": 504108
                    },
                    {
                      "Node Type": "Index Only Scan",
                      "Parent Relationship": "Inner",
                      "Parallel Aware": false,
                      "Scan Direction": "Forward",
                      "Index Name": "movie_id_movie_info_idx",
                      "Relation Name": "movie_info_idx",
                      "Alias": "mi_idx",
                      "Startup Cost": 0.43,
                      "Total Cost": 7.23,
                      "Plan Rows": 3,
                      "Plan Width": 4,
                      "Actual Startup Time": 0.005,
                      "Actual Total Time": 0.005,
                      "Actual Rows": 0,
                      "Actual Loops": 7770,
                      "Index Cond": "(movie_id = t.id)",
                      "Rows Removed by Index Recheck": 0,
                      "Heap Fetches": 840
                    }
                  ]
                }
              ]
            }
          ]
        }
      ]
    },
    "Planning Time": 0.445,
    "Triggers": [],
    "Execution Time": 119.949
  }
]