[
    {
        "Bao": {
            "Bao prediction": 483.2,
            "Bao recommended hint": "(no hint)"
        }
    },
    {
        "Plan": {
            "Node Type": "Aggregate",
            "Strategy": "Plain",
            "Partial Mode": "Finalize",
            "Parallel Aware": false,
            "Startup Cost": 348594.63,
            "Total Cost": 348594.64,
            "Plan Rows": 1,
            "Plan Width": 8,
            "Actual Startup Time": 789.52,
            "Actual Total Time": 820.551,
            "Actual Rows": 1,
            "Actual Loops": 1,
            "Output": [
                "count(*)"
            ],
            "Plans": [
                {
                    "Node Type": "Gather",
                    "Parent Relationship": "Outer",
                    "Parallel Aware": false,
                    "Startup Cost": 348594.01,
                    "Total Cost": 348594.61,
                    "Plan Rows": 6,
                    "Plan Width": 8,
                    "Actual Startup Time": 789.392,
                    "Actual Total Time": 820.542,
                    "Actual Rows": 7,
                    "Actual Loops": 1,
                    "Output": [
                        "(PARTIAL count(*))"
                    ],
                    "Workers Planned": 6,
                    "Workers Launched": 6,
                    "Single Copy": false,
                    "Plans": [
                        {
                            "Node Type": "Aggregate",
                            "Strategy": "Plain",
                            "Partial Mode": "Partial",
                            "Parent Relationship": "Outer",
                            "Parallel Aware": false,
                            "Startup Cost": 347594.01,
                            "Total Cost": 347594.02,
                            "Plan Rows": 1,
                            "Plan Width": 8,
                            "Actual Startup Time": 780.028,
                            "Actual Total Time": 780.029,
                            "Actual Rows": 1,
                            "Actual Loops": 7,
                            "Output": [
                                "PARTIAL count(*)"
                            ],
                            "Workers": [
                                {
                                    "Worker Number": 0,
                                    "Actual Startup Time": 778.16,
                                    "Actual Total Time": 778.161,
                                    "Actual Rows": 1,
                                    "Actual Loops": 1
                                },
                                {
                                    "Worker Number": 1,
                                    "Actual Startup Time": 778.302,
                                    "Actual Total Time": 778.303,
                                    "Actual Rows": 1,
                                    "Actual Loops": 1
                                },
                                {
                                    "Worker Number": 2,
                                    "Actual Startup Time": 778.313,
                                    "Actual Total Time": 778.314,
                                    "Actual Rows": 1,
                                    "Actual Loops": 1
                                },
                                {
                                    "Worker Number": 3,
                                    "Actual Startup Time": 778.5,
                                    "Actual Total Time": 778.501,
                                    "Actual Rows": 1,
                                    "Actual Loops": 1
                                },
                                {
                                    "Worker Number": 4,
                                    "Actual Startup Time": 779.058,
                                    "Actual Total Time": 779.059,
                                    "Actual Rows": 1,
                                    "Actual Loops": 1
                                },
                                {
                                    "Worker Number": 5,
                                    "Actual Startup Time": 779.35,
                                    "Actual Total Time": 779.351,
                                    "Actual Rows": 1,
                                    "Actual Loops": 1
                                }
                            ],
                            "Plans": [
                                {
                                    "Node Type": "Seq Scan",
                                    "Parent Relationship": "Outer",
                                    "Parallel Aware": true,
                                    "Relation Name": "cast_info",
                                    "Schema": "public",
                                    "Alias": "ci",
                                    "Startup Cost": 0.0,
                                    "Total Cost": 343318.94,
                                    "Plan Rows": 1710026,
                                    "Plan Width": 0,
                                    "Actual Startup Time": 268.811,
                                    "Actual Total Time": 741.793,
                                    "Actual Rows": 629207,
                                    "Actual Loops": 7,
                                    "Output": [
                                        "id",
                                        "person_id",
                                        "movie_id",
                                        "person_role_id",
                                        "note",
                                        "nr_order",
                                        "role_id"
                                    ],
                                    "Filter": "((ci.person_id < 1555245) AND (ci.role_id > 1))",
                                    "Rows Removed by Filter": 4548556,
                                    "Workers": [
                                        {
                                            "Worker Number": 0,
                                            "Actual Startup Time": 265.95,
                                            "Actual Total Time": 740.682,
                                            "Actual Rows": 547209,
                                            "Actual Loops": 1
                                        },
                                        {
                                            "Worker Number": 1,
                                            "Actual Startup Time": 268.039,
                                            "Actual Total Time": 740.915,
                                            "Actual Rows": 547313,
                                            "Actual Loops": 1
                                        },
                                        {
                                            "Worker Number": 2,
                                            "Actual Startup Time": 267.255,
                                            "Actual Total Time": 740.389,
                                            "Actual Rows": 554212,
                                            "Actual Loops": 1
                                        },
                                        {
                                            "Worker Number": 3,
                                            "Actual Startup Time": 268.234,
                                            "Actual Total Time": 740.914,
                                            "Actual Rows": 549534,
                                            "Actual Loops": 1
                                        },
                                        {
                                            "Worker Number": 4,
                                            "Actual Startup Time": 268.189,
                                            "Actual Total Time": 741.56,
                                            "Actual Rows": 548451,
                                            "Actual Loops": 1
                                        },
                                        {
                                            "Worker Number": 5,
                                            "Actual Startup Time": 267.345,
                                            "Actual Total Time": 741.624,
                                            "Actual Rows": 551422,
                                            "Actual Loops": 1
                                        }
                                    ]
                                }
                            ]
                        }
                    ]
                }
            ]
        },
        "Planning Time": 1352.065,
        "Triggers": [],
        "Execution Time": 820.654
    }
]