{
  "Plan": {
    "Node Type": "Aggregate",
    "Strategy": "Plain",
    "Partial Mode": "Finalize",
    "Parallel Aware": false,
    "Startup Cost": 234465.12,
    "Total Cost": 234465.13,
    "Plan Rows": 1,
    "Plan Width": 8,
    "Actual Startup Time": 215.216,
    "Actual Total Time": 241.378,
    "Actual Rows": 1,
    "Actual Loops": 1,
    "Plans": [
      {
        "Node Type": "Gather",
        "Parent Relationship": "Outer",
        "Parallel Aware": false,
        "Startup Cost": 234465.01,
        "Total Cost": 234465.12,
        "Plan Rows": 1,
        "Plan Width": 8,
        "Actual Startup Time": 214.988,
        "Actual Total Time": 241.369,
        "Actual Rows": 2,
        "Actual Loops": 1,
        "Workers Planned": 1,
        "Workers Launched": 1,
        "Single Copy": false,
        "Plans": [
          {
            "Node Type": "Aggregate",
            "Strategy": "Plain",
            "Partial Mode": "Partial",
            "Parent Relationship": "Outer",
            "Parallel Aware": false,
            "Startup Cost": 233465.01,
            "Total Cost": 233465.02,
            "Plan Rows": 1,
            "Plan Width": 8,
            "Actual Startup Time": 209.011,
            "Actual Total Time": 209.013,
            "Actual Rows": 1,
            "Actual Loops": 2,
            "Plans": [
              {
                "Node Type": "Nested Loop",
                "Parent Relationship": "Outer",
                "Parallel Aware": false,
                "Join Type": "Inner",
                "Startup Cost": 0.56,
                "Total Cost": 233460.46,
                "Plan Rows": 1822,
                "Plan Width": 0,
                "Actual Startup Time": 102.16,
                "Actual Total Time": 208.664,
                "Actual Rows": 3604,
                "Actual Loops": 2,
                "Inner Unique": false,
                "Plans": [
                  {
                    "Node Type": "Seq Scan",
                    "Parent Relationship": "Outer",
                    "Parallel Aware": true,
                    "Relation Name": "title",
                    "Alias": "t",
                    "Startup Cost": 0.0,
                    "Total Cost": 58306.47,
                    "Plan Rows": 1322,
                    "Plan Width": 4,
                    "Actual Startup Time": 102.023,
                    "Actual Total Time": 153.147,
                    "Actual Rows": 2918,
                    "Actual Loops": 2,
                    "Filter": "((kind_id < 7) AND (production_year = 1916))",
                    "Rows Removed by Filter": 1261238
                  },
                  {
                    "Node Type": "Index Scan",
                    "Parent Relationship": "Inner",
                    "Parallel Aware": false,
                    "Scan Direction": "Forward",
                    "Index Name": "movie_id_cast_info",
                    "Relation Name": "cast_info",
                    "Alias": "ci",
                    "Startup Cost": 0.56,
                    "Total Cost": 132.45,
                    "Plan Rows": 4,
                    "Plan Width": 4,
                    "Actual Startup Time": 0.014,
                    "Actual Total Time": 0.019,
                    "Actual Rows": 1,
                    "Actual Loops": 5835,
                    "Index Cond": "(movie_id = t.id)",
                    "Rows Removed by Index Recheck": 0,
                    "Filter": "((person_id > 1914372) AND (role_id = 2))",
                    "Rows Removed by Filter": 5
                  }
                ]
              }
            ]
          }
        ]
      }
    ]
  },
  "Planning Time": 0.543,
  "Triggers": [],
  "Execution Time": 241.456
}