[
  {
    "Plan": {
      "Node Type": "Aggregate",
      "Strategy": "Plain",
      "Partial Mode": "Finalize",
      "Parallel Aware": false,
      "Startup Cost": 336981.39,
      "Total Cost": 336981.4,
      "Plan Rows": 1,
      "Plan Width": 8,
      "Actual Startup Time": 394.41,
      "Actual Total Time": 416.908,
      "Actual Rows": 1,
      "Actual Loops": 1,
      "Plans": [
        {
          "Node Type": "Gather",
          "Parent Relationship": "Outer",
          "Parallel Aware": false,
          "Startup Cost": 336980.77,
          "Total Cost": 336981.38,
          "Plan Rows": 6,
          "Plan Width": 8,
          "Actual Startup Time": 394.325,
          "Actual Total Time": 416.896,
          "Actual Rows": 7,
          "Actual Loops": 1,
          "Workers Planned": 6,
          "Workers Launched": 6,
          "Single Copy": false,
          "Plans": [
            {
              "Node Type": "Aggregate",
              "Strategy": "Plain",
              "Partial Mode": "Partial",
              "Parent Relationship": "Outer",
              "Parallel Aware": false,
              "Startup Cost": 335980.77,
              "Total Cost": 335980.78,
              "Plan Rows": 1,
              "Plan Width": 8,
              "Actual Startup Time": 384.12,
              "Actual Total Time": 384.121,
              "Actual Rows": 1,
              "Actual Loops": 7,
              "Plans": [
                {
                  "Node Type": "Index Scan",
                  "Parent Relationship": "Outer",
                  "Parallel Aware": true,
                  "Scan Direction": "Forward",
                  "Index Name": "role_id_cast_info",
                  "Relation Name": "cast_info",
                  "Alias": "ci",
                  "Startup Cost": 0.56,
                  "Total Cost": 335235.55,
                  "Plan Rows": 298088,
                  "Plan Width": 0,
                  "Actual Startup Time": 0.219,
                  "Actual Total Time": 357.033,
                  "Actual Rows": 554170,
                  "Actual Loops": 7,
                  "Index Cond": "(role_id < 2)",
                  "Rows Removed by Index Recheck": 0,
                  "Filter": "(person_id < 518069)",
                  "Rows Removed by Filter": 1255928
                }
              ]
            }
          ]
        }
      ]
    },
    "Planning Time": 0.234,
    "Triggers": [],
    "Execution Time": 416.975
  }
]