[
  {
    "Plan": {
      "Node Type": "Aggregate",
      "Strategy": "Plain",
      "Partial Mode": "Finalize",
      "Parallel Aware": false,
      "Startup Cost": 345648.43,
      "Total Cost": 345648.44,
      "Plan Rows": 1,
      "Plan Width": 8,
      "Actual Startup Time": 610.243,
      "Actual Total Time": 670.534,
      "Actual Rows": 1,
      "Actual Loops": 1,
      "Plans": [
        {
          "Node Type": "Gather",
          "Parent Relationship": "Outer",
          "Parallel Aware": false,
          "Startup Cost": 345647.8,
          "Total Cost": 345648.41,
          "Plan Rows": 6,
          "Plan Width": 8,
          "Actual Startup Time": 610.128,
          "Actual Total Time": 670.524,
          "Actual Rows": 7,
          "Actual Loops": 1,
          "Workers Planned": 6,
          "Workers Launched": 6,
          "Single Copy": false,
          "Plans": [
            {
              "Node Type": "Aggregate",
              "Strategy": "Plain",
              "Partial Mode": "Partial",
              "Parent Relationship": "Outer",
              "Parallel Aware": false,
              "Startup Cost": 344647.8,
              "Total Cost": 344647.82,
              "Plan Rows": 1,
              "Plan Width": 8,
              "Actual Startup Time": 600.735,
              "Actual Total Time": 600.736,
              "Actual Rows": 1,
              "Actual Loops": 7,
              "Plans": [
                {
                  "Node Type": "Seq Scan",
                  "Parent Relationship": "Outer",
                  "Parallel Aware": true,
                  "Relation Name": "cast_info",
                  "Alias": "ci",
                  "Startup Cost": 0.0,
                  "Total Cost": 343257.03,
                  "Plan Rows": 556310,
                  "Plan Width": 0,
                  "Actual Startup Time": 332.133,
                  "Actual Total Time": 587.955,
                  "Actual Rows": 301474,
                  "Actual Loops": 7,
                  "Filter": "((person_id < 734946) AND (role_id > 2))",
                  "Rows Removed by Filter": 4876289
                }
              ]
            }
          ]
        }
      ]
    },
    "Planning Time": 0.199,
    "Triggers": [],
    "Execution Time": 670.602
  }
]