[
  {
    "Plan": {
      "Node Type": "Aggregate",
      "Strategy": "Plain",
      "Partial Mode": "Finalize",
      "Parallel Aware": false,
      "Startup Cost": 91516.02,
      "Total Cost": 91516.03,
      "Plan Rows": 1,
      "Plan Width": 8,
      "Actual Startup Time": 255.237,
      "Actual Total Time": 273.32,
      "Actual Rows": 1,
      "Actual Loops": 1,
      "Plans": [
        {
          "Node Type": "Gather",
          "Parent Relationship": "Outer",
          "Parallel Aware": false,
          "Startup Cost": 91515.71,
          "Total Cost": 91516.02,
          "Plan Rows": 3,
          "Plan Width": 8,
          "Actual Startup Time": 254.868,
          "Actual Total Time": 273.296,
          "Actual Rows": 4,
          "Actual Loops": 1,
          "Workers Planned": 3,
          "Workers Launched": 3,
          "Single Copy": false,
          "Plans": [
            {
              "Node Type": "Aggregate",
              "Strategy": "Plain",
              "Partial Mode": "Partial",
              "Parent Relationship": "Outer",
              "Parallel Aware": false,
              "Startup Cost": 90515.71,
              "Total Cost": 90515.72,
              "Plan Rows": 1,
              "Plan Width": 8,
              "Actual Startup Time": 246.041,
              "Actual Total Time": 246.044,
              "Actual Rows": 1,
              "Actual Loops": 4,
              "Plans": [
                {
                  "Node Type": "Hash Join",
                  "Parent Relationship": "Outer",
                  "Parallel Aware": true,
                  "Join Type": "Inner",
                  "Startup Cost": 45584.6,
                  "Total Cost": 90487.64,
                  "Plan Rows": 11228,
                  "Plan Width": 0,
                  "Actual Startup Time": 126.913,
                  "Actual Total Time": 245.222,
                  "Actual Rows": 17083,
                  "Actual Loops": 4,
                  "Inner Unique": true,
                  "Hash Cond": "(mk.movie_id = t.id)",
                  "Plans": [
                    {
                      "Node Type": "Seq Scan",
                      "Parent Relationship": "Outer",
                      "Parallel Aware": true,
                      "Relation Name": "movie_keyword",
                      "Alias": "mk",
                      "Startup Cost": 0.0,
                      "Total Cost": 42695.65,
                      "Plan Rows": 840908,
                      "Plan Width": 4,
                      "Actual Startup Time": 0.027,
                      "Actual Total Time": 103.72,
                      "Actual Rows": 650626,
                      "Actual Loops": 4,
                      "Filter": "(keyword_id < 7010)",
                      "Rows Removed by Filter": 480356
                    },
                    {
                      "Node Type": "Hash",
                      "Parent Relationship": "Inner",
                      "Parallel Aware": true,
                      "Startup Cost": 45479.1,
                      "Total Cost": 45479.1,
                      "Plan Rows": 8440,
                      "Plan Width": 4,
                      "Actual Startup Time": 97.367,
                      "Actual Total Time": 97.368,
                      "Actual Rows": 7026,
                      "Actual Loops": 4,
                      "Hash Buckets": 65536,
                      "Original Hash Buckets": 65536,
                      "Hash Batches": 1,
                      "Original Hash Batches": 1,
                      "Peak Memory Usage": 1632,
                      "Plans": [
                        {
                          "Node Type": "Seq Scan",
                          "Parent Relationship": "Outer",
                          "Parallel Aware": true,
                          "Relation Name": "title",
                          "Alias": "t",
                          "Startup Cost": 0.0,
                          "Total Cost": 45479.1,
                          "Plan Rows": 8440,
                          "Plan Width": 4,
                          "Actual Startup Time": 62.336,
                          "Actual Total Time": 94.766,
                          "Actual Rows": 7026,
                          "Actual Loops": 4,
                          "Filter": "((kind_id = 1) AND (production_year = 2009))",
                          "Rows Removed by Filter": 625052
                        }
                      ]
                    }
                  ]
                }
              ]
            }
          ]
        }
      ]
    },
    "Planning Time": 0.631,
    "Triggers": [],
    "Execution Time": 273.389
  }
]