[
  {
    "Plan": {
      "Node Type": "Aggregate",
      "Strategy": "Plain",
      "Partial Mode": "Finalize",
      "Parallel Aware": false,
      "Startup Cost": 246960.86,
      "Total Cost": 246960.87,
      "Plan Rows": 1,
      "Plan Width": 8,
      "Actual Startup Time": 501.653,
      "Actual Total Time": 547.173,
      "Actual Rows": 1,
      "Actual Loops": 1,
      "Plans": [
        {
          "Node Type": "Gather",
          "Parent Relationship": "Outer",
          "Parallel Aware": false,
          "Startup Cost": 246960.34,
          "Total Cost": 246960.85,
          "Plan Rows": 5,
          "Plan Width": 8,
          "Actual Startup Time": 499.444,
          "Actual Total Time": 547.155,
          "Actual Rows": 6,
          "Actual Loops": 1,
          "Workers Planned": 5,
          "Workers Launched": 5,
          "Single Copy": false,
          "Plans": [
            {
              "Node Type": "Aggregate",
              "Strategy": "Plain",
              "Partial Mode": "Partial",
              "Parent Relationship": "Outer",
              "Parallel Aware": false,
              "Startup Cost": 245960.34,
              "Total Cost": 245960.35,
              "Plan Rows": 1,
              "Plan Width": 8,
              "Actual Startup Time": 492.471,
              "Actual Total Time": 492.515,
              "Actual Rows": 1,
              "Actual Loops": 6,
              "Plans": [
                {
                  "Node Type": "Hash Join",
                  "Parent Relationship": "Outer",
                  "Parallel Aware": true,
                  "Join Type": "Inner",
                  "Startup Cost": 45671.81,
                  "Total Cost": 245933.61,
                  "Plan Rows": 10691,
                  "Plan Width": 0,
                  "Actual Startup Time": 115.47,
                  "Actual Total Time": 490.496,
                  "Actual Rows": 34359,
                  "Actual Loops": 6,
                  "Inner Unique": true,
                  "Hash Cond": "(mi.movie_id = t.id)",
                  "Plans": [
                    {
                      "Node Type": "Seq Scan",
                      "Parent Relationship": "Outer",
                      "Parallel Aware": true,
                      "Relation Name": "movie_info",
                      "Alias": "mi",
                      "Startup Cost": 0.0,
                      "Total Cost": 199108.24,
                      "Plan Rows": 439450,
                      "Plan Width": 4,
                      "Actual Startup Time": 17.612,
                      "Actual Total Time": 340.539,
                      "Actual Rows": 372308,
                      "Actual Loops": 6,
                      "Filter": "(info_type_id > 16)",
                      "Rows Removed by Filter": 2100312
                    },
                    {
                      "Node Type": "Hash",
                      "Parent Relationship": "Inner",
                      "Parallel Aware": true,
                      "Startup Cost": 45479.59,
                      "Total Cost": 45479.59,
                      "Plan Rows": 15378,
                      "Plan Width": 4,
                      "Actual Startup Time": 96.524,
                      "Actual Total Time": 96.525,
                      "Actual Rows": 29512,
                      "Actual Loops": 6,
                      "Hash Buckets": 262144,
                      "Original Hash Buckets": 65536,
                      "Hash Batches": 1,
                      "Original Hash Batches": 1,
                      "Peak Memory Usage": 10592,
                      "Plans": [
                        {
                          "Node Type": "Seq Scan",
                          "Parent Relationship": "Outer",
                          "Parallel Aware": true,
                          "Relation Name": "title",
                          "Alias": "t",
                          "Startup Cost": 0.0,
                          "Total Cost": 45479.59,
                          "Plan Rows": 15378,
                          "Plan Width": 4,
                          "Actual Startup Time": 0.602,
                          "Actual Total Time": 78.075,
                          "Actual Rows": 29512,
                          "Actual Loops": 6,
                          "Filter": "((kind_id < 4) AND (production_year < 1955))",
                          "Rows Removed by Filter": 391874
                        }
                      ]
                    }
                  ]
                }
              ]
            }
          ]
        }
      ]
    },
    "Planning Time": 0.306,
    "Triggers": [],
    "Execution Time": 547.22
  }
]