{
  "Plan": {
    "Node Type": "Aggregate",
    "Strategy": "Plain",
    "Partial Mode": "Finalize",
    "Parallel Aware": false,
    "Startup Cost": 407600.74,
    "Total Cost": 407600.75,
    "Plan Rows": 1,
    "Plan Width": 8,
    "Actual Startup Time": 2332.35,
    "Actual Total Time": 2376.79,
    "Actual Rows": 1,
    "Actual Loops": 1,
    "Plans": [
      {
        "Node Type": "Gather",
        "Parent Relationship": "Outer",
        "Parallel Aware": false,
        "Startup Cost": 407600.63,
        "Total Cost": 407600.74,
        "Plan Rows": 1,
        "Plan Width": 8,
        "Actual Startup Time": 2327.846,
        "Actual Total Time": 2376.78,
        "Actual Rows": 2,
        "Actual Loops": 1,
        "Workers Planned": 1,
        "Workers Launched": 1,
        "Single Copy": false,
        "Plans": [
          {
            "Node Type": "Aggregate",
            "Strategy": "Plain",
            "Partial Mode": "Partial",
            "Parent Relationship": "Outer",
            "Parallel Aware": false,
            "Startup Cost": 406600.63,
            "Total Cost": 406600.64,
            "Plan Rows": 1,
            "Plan Width": 8,
            "Actual Startup Time": 2321.938,
            "Actual Total Time": 2322.168,
            "Actual Rows": 1,
            "Actual Loops": 2,
            "Plans": [
              {
                "Node Type": "Hash Join",
                "Parent Relationship": "Outer",
                "Parallel Aware": true,
                "Join Type": "Inner",
                "Startup Cost": 109254.25,
                "Total Cost": 404488.05,
                "Plan Rows": 845029,
                "Plan Width": 0,
                "Actual Startup Time": 707.865,
                "Actual Total Time": 2162.209,
                "Actual Rows": 3958163,
                "Actual Loops": 2,
                "Inner Unique": false,
                "Hash Cond": "(mi.movie_id = t.id)",
                "Plans": [
                  {
                    "Node Type": "Seq Scan",
                    "Parent Relationship": "Outer",
                    "Parallel Aware": true,
                    "Relation Name": "movie_info",
                    "Alias": "mi",
                    "Startup Cost": 0.0,
                    "Total Cost": 270696.42,
                    "Plan Rows": 5217764,
                    "Plan Width": 4,
                    "Actual Startup Time": 0.018,
                    "Actual Total Time": 686.854,
                    "Actual Rows": 4483347,
                    "Actual Loops": 2,
                    "Filter": "(info_type_id < 15)",
                    "Rows Removed by Filter": 2934513
                  },
                  {
                    "Node Type": "Hash",
                    "Parent Relationship": "Inner",
                    "Parallel Aware": true,
                    "Startup Cost": 106243.49,
                    "Total Cost": 106243.49,
                    "Plan Rows": 240861,
                    "Plan Width": 8,
                    "Actual Startup Time": 701.449,
                    "Actual Total Time": 701.678,
                    "Actual Rows": 199724,
                    "Actual Loops": 2,
                    "Hash Buckets": 524288,
                    "Original Hash Buckets": 524288,
                    "Hash Batches": 1,
                    "Original Hash Batches": 1,
                    "Peak Memory Usage": 19744,
                    "Plans": [
                      {
                        "Node Type": "Hash Join",
                        "Parent Relationship": "Outer",
                        "Parallel Aware": true,
                        "Join Type": "Inner",
                        "Startup Cost": 78146.47,
                        "Total Cost": 106243.49,
                        "Plan Rows": 240861,
                        "Plan Width": 8,
                        "Actual Startup Time": 550.079,
                        "Actual Total Time": 662.21,
                        "Actual Rows": 199724,
                        "Actual Loops": 2,
                        "Inner Unique": true,
                        "Hash Cond": "(mk.movie_id = t.id)",
                        "Plans": [
                          {
                            "Node Type": "Bitmap Heap Scan",
                            "Parent Relationship": "Outer",
                            "Parallel Aware": true,
                            "Relation Name": "movie_keyword",
                            "Alias": "mk",
                            "Startup Cost": 8685.77,
                            "Total Cost": 36150.53,
                            "Plan Rows": 240861,
                            "Plan Width": 4,
                            "Actual Startup Time": 25.899,
                            "Actual Total Time": 80.626,
                            "Actual Rows": 199724,
                            "Actual Loops": 2,
                            "Recheck Cond": "(keyword_id > 43407)",
                            "Rows Removed by Index Recheck": 0,
                            "Exact Heap Blocks": 11813,
                            "Lossy Heap Blocks": 0,
                            "Plans": [
                              {
                                "Node Type": "Bitmap Index Scan",
                                "Parent Relationship": "Outer",
                                "Parallel Aware": false,
                                "Index Name": "keyword_id_movie_keyword",
                                "Startup Cost": 0.0,
                                "Total Cost": 8583.41,
                                "Plan Rows": 409463,
                                "Plan Width": 0,
                                "Actual Startup Time": 22.58,
                                "Actual Total Time": 22.58,
                                "Actual Rows": 399447,
                                "Actual Loops": 1,
                                "Index Cond": "(keyword_id > 43407)"
                              }
                            ]
                          },
                          {
                            "Node Type": "Hash",
                            "Parent Relationship": "Inner",
                            "Parallel Aware": true,
                            "Startup Cost": 50870.31,
                            "Total Cost": 50870.31,
                            "Plan Rows": 1487231,
                            "Plan Width": 4,
                            "Actual Startup Time": 507.247,
                            "Actual Total Time": 507.248,
                            "Actual Rows": 1264156,
                            "Actual Loops": 2,
                            "Hash Buckets": 4194304,
                            "Original Hash Buckets": 4194304,
                            "Hash Batches": 1,
                            "Original Hash Batches": 1,
                            "Peak Memory Usage": 131712,
                            "Plans": [
                              {
                                "Node Type": "Seq Scan",
                                "Parent Relationship": "Outer",
                                "Parallel Aware": true,
                                "Relation Name": "title",
                                "Alias": "t",
                                "Startup Cost": 0.0,
                                "Total Cost": 50870.31,
                                "Plan Rows": 1487231,
                                "Plan Width": 4,
                                "Actual Startup Time": 0.035,
                                "Actual Total Time": 146.729,
                                "Actual Rows": 1264156,
                                "Actual Loops": 2
                              }
                            ]
                          }
                        ]
                      }
                    ]
                  }
                ]
              }
            ]
          }
        ]
      }
    ]
  },
  "Planning Time": 0.939,
  "Triggers": [],
  "Execution Time": 2376.898
}