[
  {
    "Plan": {
      "Node Type": "Aggregate",
      "Strategy": "Plain",
      "Partial Mode": "Finalize",
      "Parallel Aware": false,
      "Startup Cost": 47151.41,
      "Total Cost": 47151.42,
      "Plan Rows": 1,
      "Plan Width": 8,
      "Actual Startup Time": 110.239,
      "Actual Total Time": 123.124,
      "Actual Rows": 1,
      "Actual Loops": 1,
      "Plans": [
        {
          "Node Type": "Gather",
          "Parent Relationship": "Outer",
          "Parallel Aware": false,
          "Startup Cost": 47150.99,
          "Total Cost": 47151.4,
          "Plan Rows": 4,
          "Plan Width": 8,
          "Actual Startup Time": 110.059,
          "Actual Total Time": 123.112,
          "Actual Rows": 5,
          "Actual Loops": 1,
          "Workers Planned": 4,
          "Workers Launched": 4,
          "Single Copy": false,
          "Plans": [
            {
              "Node Type": "Aggregate",
              "Strategy": "Plain",
              "Partial Mode": "Partial",
              "Parent Relationship": "Outer",
              "Parallel Aware": false,
              "Startup Cost": 46150.99,
              "Total Cost": 46151.0,
              "Plan Rows": 1,
              "Plan Width": 8,
              "Actual Startup Time": 103.991,
              "Actual Total Time": 103.992,
              "Actual Rows": 1,
              "Actual Loops": 5,
              "Plans": [
                {
                  "Node Type": "Seq Scan",
                  "Parent Relationship": "Outer",
                  "Parallel Aware": true,
                  "Relation Name": "title",
                  "Alias": "t",
                  "Startup Cost": 0.0,
                  "Total Cost": 45479.59,
                  "Plan Rows": 268561,
                  "Plan Width": 0,
                  "Actual Startup Time": 0.031,
                  "Actual Total Time": 92.08,
                  "Actual Rows": 232655,
                  "Actual Loops": 5,
                  "Filter": "((production_year > 1990) AND (kind_id = 7))",
                  "Rows Removed by Filter": 273008
                }
              ]
            }
          ]
        }
      ]
    },
    "Planning Time": 0.187,
    "Triggers": [],
    "Execution Time": 123.181
  }
]