[
  {
    "Plan": {
      "Node Type": "Aggregate",
      "Strategy": "Plain",
      "Partial Mode": "Finalize",
      "Parallel Aware": false,
      "Startup Cost": 227972.34,
      "Total Cost": 227972.35,
      "Plan Rows": 1,
      "Plan Width": 8,
      "Actual Startup Time": 244.963,
      "Actual Total Time": 258.36,
      "Actual Rows": 1,
      "Actual Loops": 1,
      "Plans": [
        {
          "Node Type": "Gather",
          "Parent Relationship": "Outer",
          "Parallel Aware": false,
          "Startup Cost": 227971.81,
          "Total Cost": 227972.32,
          "Plan Rows": 5,
          "Plan Width": 8,
          "Actual Startup Time": 240.425,
          "Actual Total Time": 258.35,
          "Actual Rows": 6,
          "Actual Loops": 1,
          "Workers Planned": 5,
          "Workers Launched": 5,
          "Single Copy": false,
          "Plans": [
            {
              "Node Type": "Aggregate",
              "Strategy": "Plain",
              "Partial Mode": "Partial",
              "Parent Relationship": "Outer",
              "Parallel Aware": false,
              "Startup Cost": 226971.81,
              "Total Cost": 226971.82,
              "Plan Rows": 1,
              "Plan Width": 8,
              "Actual Startup Time": 229.957,
              "Actual Total Time": 229.961,
              "Actual Rows": 1,
              "Actual Loops": 6,
              "Plans": [
                {
                  "Node Type": "Hash Join",
                  "Parent Relationship": "Outer",
                  "Parallel Aware": true,
                  "Join Type": "Inner",
                  "Startup Cost": 62377.46,
                  "Total Cost": 226868.93,
                  "Plan Rows": 41152,
                  "Plan Width": 0,
                  "Actual Startup Time": 180.413,
                  "Actual Total Time": 226.197,
                  "Actual Rows": 73363,
                  "Actual Loops": 6,
                  "Inner Unique": true,
                  "Hash Cond": "(mi.movie_id = t.id)",
                  "Plans": [
                    {
                      "Node Type": "Bitmap Heap Scan",
                      "Parent Relationship": "Outer",
                      "Parallel Aware": true,
                      "Relation Name": "movie_info",
                      "Alias": "mi",
                      "Startup Cost": 14929.49,
                      "Total Cost": 178987.34,
                      "Plan Rows": 165188,
                      "Plan Width": 4,
                      "Actual Startup Time": 24.061,
                      "Actual Total Time": 43.584,
                      "Actual Rows": 133690,
                      "Actual Loops": 6,
                      "Recheck Cond": "(info_type_id < 2)",
                      "Rows Removed by Index Recheck": 0,
                      "Exact Heap Blocks": 1147,
                      "Lossy Heap Blocks": 0,
                      "Plans": [
                        {
                          "Node Type": "Bitmap Index Scan",
                          "Parent Relationship": "Outer",
                          "Parallel Aware": false,
                          "Index Name": "info_type_id_movie_info",
                          "Startup Cost": 0.0,
                          "Total Cost": 14723.0,
                          "Plan Rows": 825942,
                          "Plan Width": 0,
                          "Actual Startup Time": 23.257,
                          "Actual Total Time": 23.257,
                          "Actual Rows": 802140,
                          "Actual Loops": 1,
                          "Index Cond": "(info_type_id < 2)"
                        }
                      ]
                    },
                    {
                      "Node Type": "Hash",
                      "Parent Relationship": "Inner",
                      "Parallel Aware": true,
                      "Startup Cost": 45479.59,
                      "Total Cost": 45479.59,
                      "Plan Rows": 157471,
                      "Plan Width": 4,
                      "Actual Startup Time": 135.696,
                      "Actual Total Time": 135.697,
                      "Actual Rows": 102249,
                      "Actual Loops": 6,
                      "Hash Buckets": 1048576,
                      "Original Hash Buckets": 1048576,
                      "Hash Batches": 1,
                      "Original Hash Batches": 1,
                      "Peak Memory Usage": 32288,
                      "Plans": [
                        {
                          "Node Type": "Seq Scan",
                          "Parent Relationship": "Outer",
                          "Parallel Aware": true,
                          "Relation Name": "title",
                          "Alias": "t",
                          "Startup Cost": 0.0,
                          "Total Cost": 45479.59,
                          "Plan Rows": 157471,
                          "Plan Width": 4,
                          "Actual Startup Time": 46.988,
                          "Actual Total Time": 91.839,
                          "Actual Rows": 102249,
                          "Actual Loops": 6,
                          "Filter": "((production_year > 1912) AND (kind_id = 1))",
                          "Rows Removed by Filter": 319137
                        }
                      ]
                    }
                  ]
                }
              ]
            }
          ]
        }
      ]
    },
    "Planning Time": 0.768,
    "Triggers": [],
    "Execution Time": 258.467
  }
]