[
  {
    "Plan": {
      "Node Type": "Aggregate",
      "Strategy": "Plain",
      "Partial Mode": "Finalize",
      "Parallel Aware": false,
      "Startup Cost": 104402.37,
      "Total Cost": 104402.38,
      "Plan Rows": 1,
      "Plan Width": 8,
      "Actual Startup Time": 655.164,
      "Actual Total Time": 700.966,
      "Actual Rows": 1,
      "Actual Loops": 1,
      "Plans": [
        {
          "Node Type": "Gather",
          "Parent Relationship": "Outer",
          "Parallel Aware": false,
          "Startup Cost": 104402.05,
          "Total Cost": 104402.36,
          "Plan Rows": 3,
          "Plan Width": 8,
          "Actual Startup Time": 646.067,
          "Actual Total Time": 700.954,
          "Actual Rows": 4,
          "Actual Loops": 1,
          "Workers Planned": 3,
          "Workers Launched": 3,
          "Single Copy": false,
          "Plans": [
            {
              "Node Type": "Aggregate",
              "Strategy": "Plain",
              "Partial Mode": "Partial",
              "Parent Relationship": "Outer",
              "Parallel Aware": false,
              "Startup Cost": 103402.05,
              "Total Cost": 103402.06,
              "Plan Rows": 1,
              "Plan Width": 8,
              "Actual Startup Time": 627.668,
              "Actual Total Time": 627.672,
              "Actual Rows": 1,
              "Actual Loops": 4,
              "Plans": [
                {
                  "Node Type": "Nested Loop",
                  "Parent Relationship": "Outer",
                  "Parallel Aware": false,
                  "Join Type": "Inner",
                  "Startup Cost": 52274.81,
                  "Total Cost": 103210.31,
                  "Plan Rows": 76698,
                  "Plan Width": 0,
                  "Actual Startup Time": 343.015,
                  "Actual Total Time": 614.955,
                  "Actual Rows": 269998,
                  "Actual Loops": 4,
                  "Inner Unique": false,
                  "Plans": [
                    {
                      "Node Type": "Hash Join",
                      "Parent Relationship": "Outer",
                      "Parallel Aware": true,
                      "Join Type": "Inner",
                      "Startup Cost": 52274.37,
                      "Total Cost": 77603.51,
                      "Plan Rows": 13117,
                      "Plan Width": 8,
                      "Actual Startup Time": 342.936,
                      "Actual Total Time": 372.748,
                      "Actual Rows": 9492,
                      "Actual Loops": 4,
                      "Inner Unique": true,
                      "Hash Cond": "(mk.movie_id = t.id)",
                      "Plans": [
                        {
                          "Node Type": "Bitmap Heap Scan",
                          "Parent Relationship": "Outer",
                          "Parallel Aware": true,
                          "Relation Name": "movie_keyword",
                          "Alias": "mk",
                          "Startup Cost": 914.13,
                          "Total Cost": 26206.8,
                          "Plan Rows": 13890,
                          "Plan Width": 4,
                          "Actual Startup Time": 5.977,
                          "Actual Total Time": 23.933,
                          "Actual Rows": 9723,
                          "Actual Loops": 4,
                          "Recheck Cond": "(keyword_id < 47)",
                          "Rows Removed by Index Recheck": 0,
                          "Exact Heap Blocks": 5292,
                          "Lossy Heap Blocks": 0,
                          "Plans": [
                            {
                              "Node Type": "Bitmap Index Scan",
                              "Parent Relationship": "Outer",
                              "Parallel Aware": false,
                              "Index Name": "keyword_id_movie_keyword",
                              "Startup Cost": 0.0,
                              "Total Cost": 903.37,
                              "Plan Rows": 43058,
                              "Plan Width": 0,
                              "Actual Startup Time": 3.834,
                              "Actual Total Time": 3.835,
                              "Actual Rows": 38892,
                              "Actual Loops": 1,
                              "Index Cond": "(keyword_id < 47)"
                            }
                          ]
                        },
                        {
                          "Node Type": "Hash",
                          "Parent Relationship": "Inner",
                          "Parallel Aware": true,
                          "Startup Cost": 43898.92,
                          "Total Cost": 43898.92,
                          "Plan Rows": 596906,
                          "Plan Width": 4,
                          "Actual Startup Time": 325.726,
                          "Actual Total Time": 325.727,
                          "Actual Rows": 597219,
                          "Actual Loops": 4,
                          "Hash Buckets": 4194304,
                          "Original Hash Buckets": 4194304,
                          "Hash Batches": 1,
                          "Original Hash Batches": 1,
                          "Peak Memory Usage": 126304,
                          "Plans": [
                            {
                              "Node Type": "Seq Scan",
                              "Parent Relationship": "Outer",
                              "Parallel Aware": true,
                              "Relation Name": "title",
                              "Alias": "t",
                              "Startup Cost": 0.0,
                              "Total Cost": 43898.92,
                              "Plan Rows": 596906,
                              "Plan Width": 4,
                              "Actual Startup Time": 0.036,
                              "Actual Total Time": 112.015,
                              "Actual Rows": 597219,
                              "Actual Loops": 4,
                              "Filter": "(production_year < 2013)",
                              "Rows Removed by Filter": 34859
                            }
                          ]
                        }
                      ]
                    },
                    {
                      "Node Type": "Index Only Scan",
                      "Parent Relationship": "Inner",
                      "Parallel Aware": false,
                      "Scan Direction": "Forward",
                      "Index Name": "movie_id_movie_info",
                      "Relation Name": "movie_info",
                      "Alias": "mi",
                      "Startup Cost": 0.43,
                      "Total Cost": 1.53,
                      "Plan Rows": 42,
                      "Plan Width": 4,
                      "Actual Startup Time": 0.007,
                      "Actual Total Time": 0.023,
                      "Actual Rows": 28,
                      "Actual Loops": 37968,
                      "Index Cond": "(movie_id = t.id)",
                      "Rows Removed by Index Recheck": 0,
                      "Heap Fetches": 1079993
                    }
                  ]
                }
              ]
            }
          ]
        }
      ]
    },
    "Planning Time": 1.43,
    "Triggers": [],
    "Execution Time": 701.098
  }
]