[
  {
    "Plan": {
      "Node Type": "Aggregate",
      "Strategy": "Plain",
      "Partial Mode": "Finalize",
      "Parallel Aware": false,
      "Startup Cost": 350990.06,
      "Total Cost": 350990.07,
      "Plan Rows": 1,
      "Plan Width": 8,
      "Actual Startup Time": 887.626,
      "Actual Total Time": 954.568,
      "Actual Rows": 1,
      "Actual Loops": 1,
      "Plans": [
        {
          "Node Type": "Gather",
          "Parent Relationship": "Outer",
          "Parallel Aware": false,
          "Startup Cost": 350989.43,
          "Total Cost": 350990.04,
          "Plan Rows": 6,
          "Plan Width": 8,
          "Actual Startup Time": 887.446,
          "Actual Total Time": 954.557,
          "Actual Rows": 7,
          "Actual Loops": 1,
          "Workers Planned": 6,
          "Workers Launched": 6,
          "Single Copy": false,
          "Plans": [
            {
              "Node Type": "Aggregate",
              "Strategy": "Plain",
              "Partial Mode": "Partial",
              "Parent Relationship": "Outer",
              "Parallel Aware": false,
              "Startup Cost": 349989.43,
              "Total Cost": 349989.45,
              "Plan Rows": 1,
              "Plan Width": 8,
              "Actual Startup Time": 878.475,
              "Actual Total Time": 878.476,
              "Actual Rows": 1,
              "Actual Loops": 7,
              "Plans": [
                {
                  "Node Type": "Seq Scan",
                  "Parent Relationship": "Outer",
                  "Parallel Aware": true,
                  "Relation Name": "cast_info",
                  "Alias": "ci",
                  "Startup Cost": 0.0,
                  "Total Cost": 343257.03,
                  "Plan Rows": 2692962,
                  "Plan Width": 0,
                  "Actual Startup Time": 229.106,
                  "Actual Total Time": 742.154,
                  "Actual Rows": 2906660,
                  "Actual Loops": 7,
                  "Filter": "((person_id > 1138973) AND (role_id > 1))",
                  "Rows Removed by Filter": 2271103
                }
              ]
            }
          ]
        }
      ]
    },
    "Planning Time": 0.187,
    "Triggers": [],
    "Execution Time": 954.632
  }
]