[
    {
        "Bao": {
            "Bao prediction": "NaN",
            "Bao recommended hint": "(no hint)"
        }
    },
    {
        "Plan": {
            "Node Type": "Aggregate",
            "Strategy": "Plain",
            "Partial Mode": "Finalize",
            "Parallel Aware": false,
            "Startup Cost": 341703.33,
            "Total Cost": 341703.34,
            "Plan Rows": 1,
            "Plan Width": 8,
            "Actual Startup Time": 897.291,
            "Actual Total Time": 929.488,
            "Actual Rows": 1,
            "Actual Loops": 1,
            "Output": [
                "count(*)"
            ],
            "Plans": [
                {
                    "Node Type": "Gather",
                    "Parent Relationship": "Outer",
                    "Parallel Aware": false,
                    "Startup Cost": 341702.71,
                    "Total Cost": 341703.32,
                    "Plan Rows": 6,
                    "Plan Width": 8,
                    "Actual Startup Time": 897.205,
                    "Actual Total Time": 929.477,
                    "Actual Rows": 7,
                    "Actual Loops": 1,
                    "Output": [
                        "(PARTIAL count(*))"
                    ],
                    "Workers Planned": 6,
                    "Workers Launched": 6,
                    "Single Copy": false,
                    "Plans": [
                        {
                            "Node Type": "Aggregate",
                            "Strategy": "Plain",
                            "Partial Mode": "Partial",
                            "Parent Relationship": "Outer",
                            "Parallel Aware": false,
                            "Startup Cost": 340702.71,
                            "Total Cost": 340702.72,
                            "Plan Rows": 1,
                            "Plan Width": 8,
                            "Actual Startup Time": 887.156,
                            "Actual Total Time": 887.157,
                            "Actual Rows": 1,
                            "Actual Loops": 7,
                            "Output": [
                                "PARTIAL count(*)"
                            ],
                            "Workers": [
                                {
                                    "Worker Number": 0,
                                    "Actual Startup Time": 884.712,
                                    "Actual Total Time": 884.713,
                                    "Actual Rows": 1,
                                    "Actual Loops": 1
                                },
                                {
                                    "Worker Number": 1,
                                    "Actual Startup Time": 884.712,
                                    "Actual Total Time": 884.713,
                                    "Actual Rows": 1,
                                    "Actual Loops": 1
                                },
                                {
                                    "Worker Number": 2,
                                    "Actual Startup Time": 885.663,
                                    "Actual Total Time": 885.663,
                                    "Actual Rows": 1,
                                    "Actual Loops": 1
                                },
                                {
                                    "Worker Number": 3,
                                    "Actual Startup Time": 885.922,
                                    "Actual Total Time": 885.923,
                                    "Actual Rows": 1,
                                    "Actual Loops": 1
                                },
                                {
                                    "Worker Number": 4,
                                    "Actual Startup Time": 885.969,
                                    "Actual Total Time": 885.97,
                                    "Actual Rows": 1,
                                    "Actual Loops": 1
                                },
                                {
                                    "Worker Number": 5,
                                    "Actual Startup Time": 886.507,
                                    "Actual Total Time": 886.508,
                                    "Actual Rows": 1,
                                    "Actual Loops": 1
                                }
                            ],
                            "Plans": [
                                {
                                    "Node Type": "Seq Scan",
                                    "Parent Relationship": "Outer",
                                    "Parallel Aware": true,
                                    "Relation Name": "cast_info",
                                    "Schema": "public",
                                    "Alias": "ci",
                                    "Startup Cost": 0.0,
                                    "Total Cost": 328213.62,
                                    "Plan Rows": 4995637,
                                    "Plan Width": 0,
                                    "Actual Startup Time": 84.548,
                                    "Actual Total Time": 665.985,
                                    "Actual Rows": 4251644,
                                    "Actual Loops": 7,
                                    "Output": [
                                        "id",
                                        "person_id",
                                        "movie_id",
                                        "person_role_id",
                                        "note",
                                        "nr_order",
                                        "role_id"
                                    ],
                                    "Filter": "(ci.person_id > 625808)",
                                    "Rows Removed by Filter": 926120,
                                    "Workers": [
                                        {
                                            "Worker Number": 0,
                                            "Actual Startup Time": 82.115,
                                            "Actual Total Time": 672.215,
                                            "Actual Rows": 5248292,
                                            "Actual Loops": 1
                                        },
                                        {
                                            "Worker Number": 1,
                                            "Actual Startup Time": 82.108,
                                            "Actual Total Time": 666.721,
                                            "Actual Rows": 3315182,
                                            "Actual Loops": 1
                                        },
                                        {
                                            "Worker Number": 2,
                                            "Actual Startup Time": 83.046,
                                            "Actual Total Time": 668.735,
                                            "Actual Rows": 3222651,
                                            "Actual Loops": 1
                                        },
                                        {
                                            "Worker Number": 3,
                                            "Actual Startup Time": 83.319,
                                            "Actual Total Time": 668.386,
                                            "Actual Rows": 3310328,
                                            "Actual Loops": 1
                                        },
                                        {
                                            "Worker Number": 4,
                                            "Actual Startup Time": 83.363,
                                            "Actual Total Time": 673.69,
                                            "Actual Rows": 5243726,
                                            "Actual Loops": 1
                                        },
                                        {
                                            "Worker Number": 5,
                                            "Actual Startup Time": 83.898,
                                            "Actual Total Time": 669.413,
                                            "Actual Rows": 5288281,
                                            "Actual Loops": 1
                                        }
                                    ]
                                }
                            ]
                        }
                    ]
                }
            ]
        },
        "Planning Time": 319.683,
        "Triggers": [],
        "Execution Time": 929.58
    }
]