{
    "Plan": {
        "Node Type": "Aggregate",
        "Strategy": "Plain",
        "Partial Mode": "Finalize",
        "Parallel Aware": false,
        "Startup Cost": 378799.01,
        "Total Cost": 378799.02,
        "Plan Rows": 1,
        "Plan Width": 8,
        "Actual Startup Time": 4021.897,
        "Actual Total Time": 4128.187,
        "Actual Rows": 1,
        "Actual Loops": 1,
        "Output": [
            "count(*)"
        ],
        "Plans": [
            {
                "Node Type": "Gather",
                "Parent Relationship": "Outer",
                "Parallel Aware": false,
                "Startup Cost": 378798.48,
                "Total Cost": 378798.99,
                "Plan Rows": 5,
                "Plan Width": 8,
                "Actual Startup Time": 4021.282,
                "Actual Total Time": 4128.175,
                "Actual Rows": 6,
                "Actual Loops": 1,
                "Output": [
                    "(PARTIAL count(*))"
                ],
                "Workers Planned": 5,
                "Workers Launched": 5,
                "Single Copy": false,
                "Plans": [
                    {
                        "Node Type": "Aggregate",
                        "Strategy": "Plain",
                        "Partial Mode": "Partial",
                        "Parent Relationship": "Outer",
                        "Parallel Aware": false,
                        "Startup Cost": 377798.48,
                        "Total Cost": 377798.49,
                        "Plan Rows": 1,
                        "Plan Width": 8,
                        "Actual Startup Time": 4010.472,
                        "Actual Total Time": 4010.475,
                        "Actual Rows": 1,
                        "Actual Loops": 6,
                        "Output": [
                            "PARTIAL count(*)"
                        ],
                        "Workers": [
                            {
                                "Worker Number": 0,
                                "Actual Startup Time": 4007.677,
                                "Actual Total Time": 4007.68,
                                "Actual Rows": 1,
                                "Actual Loops": 1
                            },
                            {
                                "Worker Number": 1,
                                "Actual Startup Time": 4007.795,
                                "Actual Total Time": 4007.798,
                                "Actual Rows": 1,
                                "Actual Loops": 1
                            },
                            {
                                "Worker Number": 2,
                                "Actual Startup Time": 4008.79,
                                "Actual Total Time": 4008.793,
                                "Actual Rows": 1,
                                "Actual Loops": 1
                            },
                            {
                                "Worker Number": 3,
                                "Actual Startup Time": 4009.116,
                                "Actual Total Time": 4009.119,
                                "Actual Rows": 1,
                                "Actual Loops": 1
                            },
                            {
                                "Worker Number": 4,
                                "Actual Startup Time": 4009.188,
                                "Actual Total Time": 4009.191,
                                "Actual Rows": 1,
                                "Actual Loops": 1
                            }
                        ],
                        "Plans": [
                            {
                                "Node Type": "Nested Loop",
                                "Parent Relationship": "Outer",
                                "Parallel Aware": false,
                                "Join Type": "Inner",
                                "Startup Cost": 45672.62,
                                "Total Cost": 375742.1,
                                "Plan Rows": 822552,
                                "Plan Width": 0,
                                "Actual Startup Time": 89.509,
                                "Actual Total Time": 3874.714,
                                "Actual Rows": 2622148,
                                "Actual Loops": 6,
                                "Inner Unique": false,
                                "Join Filter": "(t.id = ci.movie_id)",
                                "Rows Removed by Join Filter": 0,
                                "Workers": [
                                    {
                                        "Worker Number": 0,
                                        "Actual Startup Time": 86.761,
                                        "Actual Total Time": 3873.464,
                                        "Actual Rows": 2836230,
                                        "Actual Loops": 1
                                    },
                                    {
                                        "Worker Number": 1,
                                        "Actual Startup Time": 86.785,
                                        "Actual Total Time": 3890.909,
                                        "Actual Rows": 2455776,
                                        "Actual Loops": 1
                                    },
                                    {
                                        "Worker Number": 2,
                                        "Actual Startup Time": 87.852,
                                        "Actual Total Time": 3858.699,
                                        "Actual Rows": 2354212,
                                        "Actual Loops": 1
                                    },
                                    {
                                        "Worker Number": 3,
                                        "Actual Startup Time": 88.162,
                                        "Actual Total Time": 3874.691,
                                        "Actual Rows": 2832330,
                                        "Actual Loops": 1
                                    },
                                    {
                                        "Worker Number": 4,
                                        "Actual Startup Time": 88.224,
                                        "Actual Total Time": 3876.1,
                                        "Actual Rows": 2803995,
                                        "Actual Loops": 1
                                    }
                                ],
                                "Plans": [
                                    {
                                        "Node Type": "Hash Join",
                                        "Parent Relationship": "Outer",
                                        "Parallel Aware": true,
                                        "Join Type": "Inner",
                                        "Startup Cost": 45672.06,
                                        "Total Cost": 244921.68,
                                        "Plan Rows": 72027,
                                        "Plan Width": 8,
                                        "Actual Startup Time": 89.406,
                                        "Actual Total Time": 704.899,
                                        "Actual Rows": 100232,
                                        "Actual Loops": 6,
                                        "Output": [
                                            "t.id",
                                            "mi.movie_id"
                                        ],
                                        "Inner Unique": true,
                                        "Hash Cond": "(mi.movie_id = t.id)",
                                        "Workers": [
                                            {
                                                "Worker Number": 0,
                                                "Actual Startup Time": 86.632,
                                                "Actual Total Time": 703.073,
                                                "Actual Rows": 107309,
                                                "Actual Loops": 1
                                            },
                                            {
                                                "Worker Number": 1,
                                                "Actual Startup Time": 86.678,
                                                "Actual Total Time": 688.487,
                                                "Actual Rows": 91575,
                                                "Actual Loops": 1
                                            },
                                            {
                                                "Worker Number": 2,
                                                "Actual Startup Time": 87.722,
                                                "Actual Total Time": 710.768,
                                                "Actual Rows": 90852,
                                                "Actual Loops": 1
                                            },
                                            {
                                                "Worker Number": 3,
                                                "Actual Startup Time": 88.038,
                                                "Actual Total Time": 702.181,
                                                "Actual Rows": 106829,
                                                "Actual Loops": 1
                                            },
                                            {
                                                "Worker Number": 4,
                                                "Actual Startup Time": 88.126,
                                                "Actual Total Time": 704.099,
                                                "Actual Rows": 106115,
                                                "Actual Loops": 1
                                            }
                                        ],
                                        "Plans": [
                                            {
                                                "Node Type": "Seq Scan",
                                                "Parent Relationship": "Outer",
                                                "Parallel Aware": true,
                                                "Relation Name": "movie_info",
                                                "Schema": "public",
                                                "Alias": "mi",
                                                "Startup Cost": 0.0,
                                                "Total Cost": 191503.19,
                                                "Plan Rows": 2951019,
                                                "Plan Width": 4,
                                                "Actual Startup Time": 0.026,
                                                "Actual Total Time": 269.614,
                                                "Actual Rows": 2472620,
                                                "Actual Loops": 6,
                                                "Output": [
                                                    "mi.id",
                                                    "mi.movie_id",
                                                    "mi.info_type_id",
                                                    "mi.info",
                                                    "mi.note"
                                                ],
                                                "Workers": [
                                                    {
                                                        "Worker Number": 0,
                                                        "Actual Startup Time": 0.025,
                                                        "Actual Total Time": 279.867,
                                                        "Actual Rows": 2687688,
                                                        "Actual Loops": 1
                                                    },
                                                    {
                                                        "Worker Number": 1,
                                                        "Actual Startup Time": 0.029,
                                                        "Actual Total Time": 270.706,
                                                        "Actual Rows": 2305175,
                                                        "Actual Loops": 1
                                                    },
                                                    {
                                                        "Worker Number": 2,
                                                        "Actual Startup Time": 0.037,
                                                        "Actual Total Time": 282.067,
                                                        "Actual Rows": 2123118,
                                                        "Actual Loops": 1
                                                    },
                                                    {
                                                        "Worker Number": 3,
                                                        "Actual Startup Time": 0.031,
                                                        "Actual Total Time": 277.854,
                                                        "Actual Rows": 2670517,
                                                        "Actual Loops": 1
                                                    },
                                                    {
                                                        "Worker Number": 4,
                                                        "Actual Startup Time": 0.028,
                                                        "Actual Total Time": 277.197,
                                                        "Actual Rows": 2683629,
                                                        "Actual Loops": 1
                                                    }
                                                ]
                                            },
                                            {
                                                "Node Type": "Hash",
                                                "Parent Relationship": "Inner",
                                                "Parallel Aware": true,
                                                "Startup Cost": 45479.21,
                                                "Total Cost": 45479.21,
                                                "Plan Rows": 15428,
                                                "Plan Width": 4,
                                                "Actual Startup Time": 79.719,
                                                "Actual Total Time": 79.72,
                                                "Actual Rows": 10264,
                                                "Actual Loops": 6,
                                                "Output": [
                                                    "t.id"
                                                ],
                                                "Hash Buckets": 65536,
                                                "Original Hash Buckets": 65536,
                                                "Hash Batches": 1,
                                                "Original Hash Batches": 1,
                                                "Peak Memory Usage": 3040,
                                                "Workers": [
                                                    {
                                                        "Worker Number": 0,
                                                        "Actual Startup Time": 77.154,
                                                        "Actual Total Time": 77.155,
                                                        "Actual Rows": 10909,
                                                        "Actual Loops": 1
                                                    },
                                                    {
                                                        "Worker Number": 1,
                                                        "Actual Startup Time": 77.165,
                                                        "Actual Total Time": 77.165,
                                                        "Actual Rows": 9971,
                                                        "Actual Loops": 1
                                                    },
                                                    {
                                                        "Worker Number": 2,
                                                        "Actual Startup Time": 78.261,
                                                        "Actual Total Time": 78.262,
                                                        "Actual Rows": 7804,
                                                        "Actual Loops": 1
                                                    },
                                                    {
                                                        "Worker Number": 3,
                                                        "Actual Startup Time": 78.542,
                                                        "Actual Total Time": 78.543,
                                                        "Actual Rows": 10749,
                                                        "Actual Loops": 1
                                                    },
                                                    {
                                                        "Worker Number": 4,
                                                        "Actual Startup Time": 78.584,
                                                        "Actual Total Time": 78.585,
                                                        "Actual Rows": 10922,
                                                        "Actual Loops": 1
                                                    }
                                                ],
                                                "Plans": [
                                                    {
                                                        "Node Type": "Seq Scan",
                                                        "Parent Relationship": "Outer",
                                                        "Parallel Aware": true,
                                                        "Relation Name": "title",
                                                        "Schema": "public",
                                                        "Alias": "t",
                                                        "Startup Cost": 0.0,
                                                        "Total Cost": 45479.21,
                                                        "Plan Rows": 15428,
                                                        "Plan Width": 4,
                                                        "Actual Startup Time": 42.561,
                                                        "Actual Total Time": 76.015,
                                                        "Actual Rows": 10264,
                                                        "Actual Loops": 6,
                                                        "Output": [
                                                            "t.id"
                                                        ],
                                                        "Filter": "((t.production_year > 2011) AND (t.kind_id = 1))",
                                                        "Rows Removed by Filter": 411122,
                                                        "Workers": [
                                                            {
                                                                "Worker Number": 0,
                                                                "Actual Startup Time": 47.259,
                                                                "Actual Total Time": 73.23,
                                                                "Actual Rows": 10909,
                                                                "Actual Loops": 1
                                                            },
                                                            {
                                                                "Worker Number": 1,
                                                                "Actual Startup Time": 47.733,
                                                                "Actual Total Time": 73.246,
                                                                "Actual Rows": 9971,
                                                                "Actual Loops": 1
                                                            },
                                                            {
                                                                "Worker Number": 2,
                                                                "Actual Startup Time": 47.956,
                                                                "Actual Total Time": 75.076,
                                                                "Actual Rows": 7804,
                                                                "Actual Loops": 1
                                                            },
                                                            {
                                                                "Worker Number": 3,
                                                                "Actual Startup Time": 48.368,
                                                                "Actual Total Time": 74.82,
                                                                "Actual Rows": 10749,
                                                                "Actual Loops": 1
                                                            },
                                                            {
                                                                "Worker Number": 4,
                                                                "Actual Startup Time": 49.407,
                                                                "Actual Total Time": 74.666,
                                                                "Actual Rows": 10922,
                                                                "Actual Loops": 1
                                                            }
                                                        ]
                                                    }
                                                ]
                                            }
                                        ]
                                    },
                                    {
                                        "Node Type": "Index Scan",
                                        "Parent Relationship": "Inner",
                                        "Parallel Aware": false,
                                        "Scan Direction": "Forward",
                                        "Index Name": "movie_id_cast_info",
                                        "Relation Name": "cast_info",
                                        "Schema": "public",
                                        "Alias": "ci",
                                        "Startup Cost": 0.56,
                                        "Total Cost": 1.43,
                                        "Plan Rows": 31,
                                        "Plan Width": 4,
                                        "Actual Startup Time": 0.008,
                                        "Actual Total Time": 0.029,
                                        "Actual Rows": 26,
                                        "Actual Loops": 601390,
                                        "Output": [
                                            "ci.id",
                                            "ci.person_id",
                                            "ci.movie_id",
                                            "ci.person_role_id",
                                            "ci.note",
                                            "ci.nr_order",
                                            "ci.role_id"
                                        ],
                                        "Index Cond": "(ci.movie_id = mi.movie_id)",
                                        "Rows Removed by Index Recheck": 0,
                                        "Filter": "(ci.person_id > 735919)",
                                        "Rows Removed by Filter": 6,
                                        "Workers": [
                                            {
                                                "Worker Number": 0,
                                                "Actual Startup Time": 0.007,
                                                "Actual Total Time": 0.027,
                                                "Actual Rows": 26,
                                                "Actual Loops": 107309
                                            },
                                            {
                                                "Worker Number": 1,
                                                "Actual Startup Time": 0.009,
                                                "Actual Total Time": 0.032,
                                                "Actual Rows": 27,
                                                "Actual Loops": 91575
                                            },
                                            {
                                                "Worker Number": 2,
                                                "Actual Startup Time": 0.008,
                                                "Actual Total Time": 0.031,
                                                "Actual Rows": 26,
                                                "Actual Loops": 90852
                                            },
                                            {
                                                "Worker Number": 3,
                                                "Actual Startup Time": 0.007,
                                                "Actual Total Time": 0.027,
                                                "Actual Rows": 27,
                                                "Actual Loops": 106829
                                            },
                                            {
                                                "Worker Number": 4,
                                                "Actual Startup Time": 0.007,
                                                "Actual Total Time": 0.027,
                                                "Actual Rows": 26,
                                                "Actual Loops": 106115
                                            }
                                        ]
                                    }
                                ]
                            }
                        ]
                    }
                ]
            }
        ]
    },
    "Planning Time": 1.499,
    "Triggers": [],
    "Execution Time": 4128.299
}