{
  "Plan": {
    "Node Type": "Aggregate",
    "Strategy": "Plain",
    "Partial Mode": "Finalize",
    "Parallel Aware": false,
    "Startup Cost": 201448.12,
    "Total Cost": 201448.13,
    "Plan Rows": 1,
    "Plan Width": 8,
    "Actual Startup Time": 1296.819,
    "Actual Total Time": 1335.621,
    "Actual Rows": 1,
    "Actual Loops": 1,
    "Plans": [
      {
        "Node Type": "Gather",
        "Parent Relationship": "Outer",
        "Parallel Aware": false,
        "Startup Cost": 201448.01,
        "Total Cost": 201448.12,
        "Plan Rows": 1,
        "Plan Width": 8,
        "Actual Startup Time": 1231.491,
        "Actual Total Time": 1335.608,
        "Actual Rows": 2,
        "Actual Loops": 1,
        "Workers Planned": 1,
        "Workers Launched": 1,
        "Single Copy": false,
        "Plans": [
          {
            "Node Type": "Aggregate",
            "Strategy": "Plain",
            "Partial Mode": "Partial",
            "Parent Relationship": "Outer",
            "Parallel Aware": false,
            "Startup Cost": 200448.01,
            "Total Cost": 200448.02,
            "Plan Rows": 1,
            "Plan Width": 8,
            "Actual Startup Time": 1250.751,
            "Actual Total Time": 1250.761,
            "Actual Rows": 1,
            "Actual Loops": 2,
            "Plans": [
              {
                "Node Type": "Merge Join",
                "Parent Relationship": "Outer",
                "Parallel Aware": false,
                "Join Type": "Inner",
                "Startup Cost": 195936.79,
                "Total Cost": 200389.19,
                "Plan Rows": 23528,
                "Plan Width": 0,
                "Actual Startup Time": 1172.076,
                "Actual Total Time": 1245.484,
                "Actual Rows": 106954,
                "Actual Loops": 2,
                "Inner Unique": false,
                "Merge Cond": "(t.id = mc.movie_id)",
                "Plans": [
                  {
                    "Node Type": "Sort",
                    "Parent Relationship": "Outer",
                    "Parallel Aware": false,
                    "Startup Cost": 165258.16,
                    "Total Cost": 167174.71,
                    "Plan Rows": 766619,
                    "Plan Width": 8,
                    "Actual Startup Time": 1059.043,
                    "Actual Total Time": 1089.606,
                    "Actual Rows": 682517,
                    "Actual Loops": 2,
                    "Sort Key": [
                      "mi_idx.movie_id"
                    ],
                    "Sort Method": "quicksort",
                    "Sort Space Used": 63076,
                    "Sort Space Type": "Memory",
                    "Workers": [
                      {
                        "Worker Number": 0,
                        "Sort Method": "quicksort",
                        "Sort Space Used": 50063,
                        "Sort Space Type": "Memory"
                      }
                    ],
                    "Plans": [
                      {
                        "Node Type": "Hash Join",
                        "Parent Relationship": "Outer",
                        "Parallel Aware": true,
                        "Join Type": "Inner",
                        "Startup Cost": 72144.45,
                        "Total Cost": 90328.24,
                        "Plan Rows": 766619,
                        "Plan Width": 8,
                        "Actual Startup Time": 622.409,
                        "Actual Total Time": 896.542,
                        "Actual Rows": 682522,
                        "Actual Loops": 2,
                        "Inner Unique": true,
                        "Hash Cond": "(mi_idx.movie_id = t.id)",
                        "Plans": [
                          {
                            "Node Type": "Seq Scan",
                            "Parent Relationship": "Outer",
                            "Parallel Aware": true,
                            "Relation Name": "movie_info_idx",
                            "Alias": "mi_idx",
                            "Startup Cost": 0.0,
                            "Total Cost": 16052.85,
                            "Plan Rows": 811785,
                            "Plan Width": 4,
                            "Actual Startup Time": 0.024,
                            "Actual Total Time": 64.663,
                            "Actual Rows": 690018,
                            "Actual Loops": 2
                          },
                          {
                            "Node Type": "Hash",
                            "Parent Relationship": "Inner",
                            "Parallel Aware": true,
                            "Startup Cost": 54588.39,
                            "Total Cost": 54588.39,
                            "Plan Rows": 1404485,
                            "Plan Width": 4,
                            "Actual Startup Time": 606.031,
                            "Actual Total Time": 606.033,
                            "Actual Rows": 1194438,
                            "Actual Loops": 2,
                            "Hash Buckets": 4194304,
                            "Original Hash Buckets": 4194304,
                            "Hash Batches": 1,
                            "Original Hash Batches": 1,
                            "Peak Memory Usage": 126240,
                            "Plans": [
                              {
                                "Node Type": "Seq Scan",
                                "Parent Relationship": "Outer",
                                "Parallel Aware": true,
                                "Relation Name": "title",
                                "Alias": "t",
                                "Startup Cost": 0.0,
                                "Total Cost": 54588.39,
                                "Plan Rows": 1404485,
                                "Plan Width": 4,
                                "Actual Startup Time": 0.043,
                                "Actual Total Time": 217.292,
                                "Actual Rows": 1194438,
                                "Actual Loops": 2,
                                "Filter": "(production_year < 2013)",
                                "Rows Removed by Filter": 69718
                              }
                            ]
                          }
                        ]
                      }
                    ]
                  },
                  {
                    "Node Type": "Sort",
                    "Parent Relationship": "Inner",
                    "Parallel Aware": false,
                    "Startup Cost": 30678.55,
                    "Total Cost": 30872.54,
                    "Plan Rows": 77595,
                    "Plan Width": 4,
                    "Actual Startup Time": 80.26,
                    "Actual Total Time": 89.867,
                    "Actual Rows": 220549,
                    "Actual Loops": 2,
                    "Sort Key": [
                      "mc.movie_id"
                    ],
                    "Sort Method": "quicksort",
                    "Sort Space Used": 13152,
                    "Sort Space Type": "Memory",
                    "Workers": [
                      {
                        "Worker Number": 0,
                        "Sort Method": "quicksort",
                        "Sort Space Used": 13152,
                        "Sort Space Type": "Memory"
                      }
                    ],
                    "Plans": [
                      {
                        "Node Type": "Bitmap Heap Scan",
                        "Parent Relationship": "Outer",
                        "Parallel Aware": false,
                        "Relation Name": "movie_companies",
                        "Alias": "mc",
                        "Startup Cost": 3294.02,
                        "Total Cost": 24376.41,
                        "Plan Rows": 77595,
                        "Plan Width": 4,
                        "Actual Startup Time": 8.307,
                        "Actual Total Time": 45.312,
                        "Actual Rows": 149500,
                        "Actual Loops": 2,
                        "Recheck Cond": "(company_id > 132304)",
                        "Rows Removed by Index Recheck": 0,
                        "Filter": "(company_type_id > 1)",
                        "Rows Removed by Filter": 0,
                        "Exact Heap Blocks": 3901,
                        "Lossy Heap Blocks": 0,
                        "Plans": [
                          {
                            "Node Type": "Bitmap Index Scan",
                            "Parent Relationship": "Outer",
                            "Parallel Aware": false,
                            "Index Name": "company_id_movie_companies",
                            "Startup Cost": 0.0,
                            "Total Cost": 3274.62,
                            "Plan Rows": 152826,
                            "Plan Width": 0,
                            "Actual Startup Time": 7.728,
                            "Actual Total Time": 7.728,
                            "Actual Rows": 149500,
                            "Actual Loops": 2,
                            "Index Cond": "(company_id > 132304)"
                          }
                        ]
                      }
                    ]
                  }
                ]
              }
            ]
          }
        ]
      }
    ]
  },
  "Planning Time": 0.706,
  "Triggers": [],
  "Execution Time": 1340.612
}