[
  {
    "Plan": {
      "Node Type": "Aggregate",
      "Strategy": "Plain",
      "Partial Mode": "Finalize",
      "Parallel Aware": false,
      "Startup Cost": 16578.6,
      "Total Cost": 16578.61,
      "Plan Rows": 1,
      "Plan Width": 8,
      "Actual Startup Time": 19.321,
      "Actual Total Time": 22.597,
      "Actual Rows": 1,
      "Actual Loops": 1,
      "Plans": [
        {
          "Node Type": "Gather",
          "Parent Relationship": "Outer",
          "Parallel Aware": false,
          "Startup Cost": 16578.38,
          "Total Cost": 16578.59,
          "Plan Rows": 2,
          "Plan Width": 8,
          "Actual Startup Time": 19.038,
          "Actual Total Time": 22.59,
          "Actual Rows": 3,
          "Actual Loops": 1,
          "Workers Planned": 2,
          "Workers Launched": 2,
          "Single Copy": false,
          "Plans": [
            {
              "Node Type": "Aggregate",
              "Strategy": "Plain",
              "Partial Mode": "Partial",
              "Parent Relationship": "Outer",
              "Parallel Aware": false,
              "Startup Cost": 15578.38,
              "Total Cost": 15578.39,
              "Plan Rows": 1,
              "Plan Width": 8,
              "Actual Startup Time": 10.511,
              "Actual Total Time": 10.514,
              "Actual Rows": 1,
              "Actual Loops": 3,
              "Plans": [
                {
                  "Node Type": "Nested Loop",
                  "Parent Relationship": "Outer",
                  "Parallel Aware": false,
                  "Join Type": "Inner",
                  "Startup Cost": 81.14,
                  "Total Cost": 15578.12,
                  "Plan Rows": 103,
                  "Plan Width": 0,
                  "Actual Startup Time": 1.882,
                  "Actual Total Time": 10.447,
                  "Actual Rows": 663,
                  "Actual Loops": 3,
                  "Inner Unique": false,
                  "Plans": [
                    {
                      "Node Type": "Nested Loop",
                      "Parent Relationship": "Outer",
                      "Parallel Aware": false,
                      "Join Type": "Inner",
                      "Startup Cost": 80.7,
                      "Total Cost": 15166.28,
                      "Plan Rows": 119,
                      "Plan Width": 8,
                      "Actual Startup Time": 1.244,
                      "Actual Total Time": 6.05,
                      "Actual Rows": 95,
                      "Actual Loops": 3,
                      "Inner Unique": true,
                      "Plans": [
                        {
                          "Node Type": "Bitmap Heap Scan",
                          "Parent Relationship": "Outer",
                          "Parallel Aware": true,
                          "Relation Name": "movie_companies",
                          "Alias": "mc",
                          "Startup Cost": 80.27,
                          "Total Cost": 9217.54,
                          "Plan Rows": 744,
                          "Plan Width": 4,
                          "Actual Startup Time": 0.408,
                          "Actual Total Time": 1.537,
                          "Actual Rows": 811,
                          "Actual Loops": 3,
                          "Recheck Cond": "(company_id = 137)",
                          "Rows Removed by Index Recheck": 0,
                          "Filter": "(company_type_id = 1)",
                          "Rows Removed by Filter": 246,
                          "Exact Heap Blocks": 709,
                          "Lossy Heap Blocks": 0,
                          "Plans": [
                            {
                              "Node Type": "Bitmap Index Scan",
                              "Parent Relationship": "Outer",
                              "Parallel Aware": false,
                              "Index Name": "company_id_movie_companies",
                              "Startup Cost": 0.0,
                              "Total Cost": 79.83,
                              "Plan Rows": 3653,
                              "Plan Width": 0,
                              "Actual Startup Time": 0.78,
                              "Actual Total Time": 0.78,
                              "Actual Rows": 3172,
                              "Actual Loops": 1,
                              "Index Cond": "(company_id = 137)"
                            }
                          ]
                        },
                        {
                          "Node Type": "Index Scan",
                          "Parent Relationship": "Inner",
                          "Parallel Aware": false,
                          "Scan Direction": "Forward",
                          "Index Name": "title_pkey",
                          "Relation Name": "title",
                          "Alias": "t",
                          "Startup Cost": 0.43,
                          "Total Cost": 8.0,
                          "Plan Rows": 1,
                          "Plan Width": 4,
                          "Actual Startup Time": 0.005,
                          "Actual Total Time": 0.005,
                          "Actual Rows": 0,
                          "Actual Loops": 2434,
                          "Index Cond": "(id = mc.movie_id)",
                          "Rows Removed by Index Recheck": 0,
                          "Filter": "((kind_id < 4) AND (production_year > 2003))",
                          "Rows Removed by Filter": 1
                        }
                      ]
                    },
                    {
                      "Node Type": "Index Scan",
                      "Parent Relationship": "Inner",
                      "Parallel Aware": false,
                      "Scan Direction": "Forward",
                      "Index Name": "movie_id_movie_info",
                      "Relation Name": "movie_info",
                      "Alias": "mi",
                      "Startup Cost": 0.43,
                      "Total Cost": 3.4,
                      "Plan Rows": 6,
                      "Plan Width": 4,
                      "Actual Startup Time": 0.023,
                      "Actual Total Time": 0.045,
                      "Actual Rows": 7,
                      "Actual Loops": 286,
                      "Index Cond": "(movie_id = t.id)",
                      "Rows Removed by Index Recheck": 0,
                      "Filter": "(info_type_id > 16)",
                      "Rows Removed by Filter": 17
                    }
                  ]
                }
              ]
            }
          ]
        }
      ]
    },
    "Planning Time": 0.725,
    "Triggers": [],
    "Execution Time": 22.659
  }
]