[
  {
    "Plan": {
      "Node Type": "Aggregate",
      "Strategy": "Plain",
      "Partial Mode": "Finalize",
      "Parallel Aware": false,
      "Startup Cost": 273430.89,
      "Total Cost": 273430.9,
      "Plan Rows": 1,
      "Plan Width": 8,
      "Actual Startup Time": 600.769,
      "Actual Total Time": 621.312,
      "Actual Rows": 1,
      "Actual Loops": 1,
      "Plans": [
        {
          "Node Type": "Gather",
          "Parent Relationship": "Outer",
          "Parallel Aware": false,
          "Startup Cost": 273430.58,
          "Total Cost": 273430.89,
          "Plan Rows": 3,
          "Plan Width": 8,
          "Actual Startup Time": 595.329,
          "Actual Total Time": 621.304,
          "Actual Rows": 4,
          "Actual Loops": 1,
          "Workers Planned": 3,
          "Workers Launched": 3,
          "Single Copy": false,
          "Plans": [
            {
              "Node Type": "Aggregate",
              "Strategy": "Plain",
              "Partial Mode": "Partial",
              "Parent Relationship": "Outer",
              "Parallel Aware": false,
              "Startup Cost": 272430.58,
              "Total Cost": 272430.59,
              "Plan Rows": 1,
              "Plan Width": 8,
              "Actual Startup Time": 586.754,
              "Actual Total Time": 586.991,
              "Actual Rows": 1,
              "Actual Loops": 4,
              "Plans": [
                {
                  "Node Type": "Hash Join",
                  "Parent Relationship": "Outer",
                  "Parallel Aware": true,
                  "Join Type": "Inner",
                  "Startup Cost": 227097.68,
                  "Total Cost": 271978.87,
                  "Plan Rows": 180683,
                  "Plan Width": 0,
                  "Actual Startup Time": 335.008,
                  "Actual Total Time": 561.935,
                  "Actual Rows": 628858,
                  "Actual Loops": 4,
                  "Inner Unique": false,
                  "Hash Cond": "(mk.movie_id = t.id)",
                  "Plans": [
                    {
                      "Node Type": "Seq Scan",
                      "Parent Relationship": "Outer",
                      "Parallel Aware": true,
                      "Relation Name": "movie_keyword",
                      "Alias": "mk",
                      "Startup Cost": 0.0,
                      "Total Cost": 39047.32,
                      "Plan Rows": 1459332,
                      "Plan Width": 4,
                      "Actual Startup Time": 0.032,
                      "Actual Total Time": 84.264,
                      "Actual Rows": 1130982,
                      "Actual Loops": 4
                    },
                    {
                      "Node Type": "Hash",
                      "Parent Relationship": "Inner",
                      "Parallel Aware": true,
                      "Startup Cost": 226315.06,
                      "Total Cost": 226315.06,
                      "Plan Rows": 62610,
                      "Plan Width": 8,
                      "Actual Startup Time": 333.296,
                      "Actual Total Time": 333.532,
                      "Actual Rows": 91835,
                      "Actual Loops": 4,
                      "Hash Buckets": 524288,
                      "Original Hash Buckets": 524288,
                      "Hash Batches": 1,
                      "Original Hash Batches": 1,
                      "Peak Memory Usage": 18496,
                      "Plans": [
                        {
                          "Node Type": "Hash Join",
                          "Parent Relationship": "Outer",
                          "Parallel Aware": true,
                          "Join Type": "Inner",
                          "Startup Cost": 61823.58,
                          "Total Cost": 226315.06,
                          "Plan Rows": 62610,
                          "Plan Width": 8,
                          "Actual Startup Time": 208.046,
                          "Actual Total Time": 301.725,
                          "Actual Rows": 91835,
                          "Actual Loops": 4,
                          "Inner Unique": true,
                          "Hash Cond": "(mi.movie_id = t.id)",
                          "Plans": [
                            {
                              "Node Type": "Bitmap Heap Scan",
                              "Parent Relationship": "Outer",
                              "Parallel Aware": true,
                              "Relation Name": "movie_info",
                              "Alias": "mi",
                              "Startup Cost": 14929.49,
                              "Total Cost": 178987.34,
                              "Plan Rows": 165188,
                              "Plan Width": 4,
                              "Actual Startup Time": 21.982,
                              "Actual Total Time": 43.684,
                              "Actual Rows": 200535,
                              "Actual Loops": 4,
                              "Recheck Cond": "(info_type_id < 2)",
                              "Rows Removed by Index Recheck": 0,
                              "Exact Heap Blocks": 1349,
                              "Lossy Heap Blocks": 0,
                              "Plans": [
                                {
                                  "Node Type": "Bitmap Index Scan",
                                  "Parent Relationship": "Outer",
                                  "Parallel Aware": false,
                                  "Index Name": "info_type_id_movie_info",
                                  "Startup Cost": 0.0,
                                  "Total Cost": 14723.0,
                                  "Plan Rows": 825942,
                                  "Plan Width": 0,
                                  "Actual Startup Time": 21.207,
                                  "Actual Total Time": 21.207,
                                  "Actual Rows": 802140,
                                  "Actual Loops": 1,
                                  "Index Cond": "(info_type_id < 2)"
                                }
                              ]
                            },
                            {
                              "Node Type": "Hash",
                              "Parent Relationship": "Inner",
                              "Parallel Aware": true,
                              "Startup Cost": 43899.32,
                              "Total Cost": 43899.32,
                              "Plan Rows": 239582,
                              "Plan Width": 4,
                              "Actual Startup Time": 184.155,
                              "Actual Total Time": 184.156,
                              "Actual Rows": 242797,
                              "Actual Loops": 4,
                              "Hash Buckets": 1048576,
                              "Original Hash Buckets": 1048576,
                              "Hash Batches": 1,
                              "Original Hash Batches": 1,
                              "Peak Memory Usage": 46240,
                              "Plans": [
                                {
                                  "Node Type": "Seq Scan",
                                  "Parent Relationship": "Outer",
                                  "Parallel Aware": true,
                                  "Relation Name": "title",
                                  "Alias": "t",
                                  "Startup Cost": 0.0,
                                  "Total Cost": 43899.32,
                                  "Plan Rows": 239582,
                                  "Plan Width": 4,
                                  "Actual Startup Time": 0.036,
                                  "Actual Total Time": 100.726,
                                  "Actual Rows": 242797,
                                  "Actual Loops": 4,
                                  "Filter": "(production_year < 1999)",
                                  "Rows Removed by Filter": 389281
                                }
                              ]
                            }
                          ]
                        }
                      ]
                    }
                  ]
                }
              ]
            }
          ]
        }
      ]
    },
    "Planning Time": 0.434,
    "Triggers": [],
    "Execution Time": 621.358
  }
]