{
  "Plan": {
    "Node Type": "Aggregate",
    "Strategy": "Plain",
    "Partial Mode": "Finalize",
    "Parallel Aware": false,
    "Startup Cost": 418154.44,
    "Total Cost": 418154.45,
    "Plan Rows": 1,
    "Plan Width": 8,
    "Actual Startup Time": 3348.535,
    "Actual Total Time": 3404.312,
    "Actual Rows": 1,
    "Actual Loops": 1,
    "Plans": [
      {
        "Node Type": "Gather",
        "Parent Relationship": "Outer",
        "Parallel Aware": false,
        "Startup Cost": 418154.33,
        "Total Cost": 418154.44,
        "Plan Rows": 1,
        "Plan Width": 8,
        "Actual Startup Time": 3341.913,
        "Actual Total Time": 3404.301,
        "Actual Rows": 2,
        "Actual Loops": 1,
        "Workers Planned": 1,
        "Workers Launched": 1,
        "Single Copy": false,
        "Plans": [
          {
            "Node Type": "Aggregate",
            "Strategy": "Plain",
            "Partial Mode": "Partial",
            "Parent Relationship": "Outer",
            "Parallel Aware": false,
            "Startup Cost": 417154.33,
            "Total Cost": 417154.34,
            "Plan Rows": 1,
            "Plan Width": 8,
            "Actual Startup Time": 3335.853,
            "Actual Total Time": 3336.166,
            "Actual Rows": 1,
            "Actual Loops": 2,
            "Plans": [
              {
                "Node Type": "Hash Join",
                "Parent Relationship": "Outer",
                "Parallel Aware": true,
                "Join Type": "Inner",
                "Startup Cost": 106466.21,
                "Total Cost": 414429.16,
                "Plan Rows": 1090068,
                "Plan Width": 0,
                "Actual Startup Time": 815.498,
                "Actual Total Time": 3025.928,
                "Actual Rows": 7447415,
                "Actual Loops": 2,
                "Inner Unique": false,
                "Hash Cond": "(mi.movie_id = t.id)",
                "Plans": [
                  {
                    "Node Type": "Seq Scan",
                    "Parent Relationship": "Outer",
                    "Parallel Aware": true,
                    "Relation Name": "movie_info",
                    "Alias": "mi",
                    "Startup Cost": 0.0,
                    "Total Cost": 270696.42,
                    "Plan Rows": 8227834,
                    "Plan Width": 4,
                    "Actual Startup Time": 0.022,
                    "Actual Total Time": 842.626,
                    "Actual Rows": 7016790,
                    "Actual Loops": 2,
                    "Filter": "(info_type_id > 1)",
                    "Rows Removed by Filter": 401070
                  },
                  {
                    "Node Type": "Hash",
                    "Parent Relationship": "Inner",
                    "Parallel Aware": true,
                    "Startup Cost": 104003.26,
                    "Total Cost": 104003.26,
                    "Plan Rows": 197036,
                    "Plan Width": 8,
                    "Actual Startup Time": 808.892,
                    "Actual Total Time": 809.203,
                    "Actual Rows": 174488,
                    "Actual Loops": 2,
                    "Hash Buckets": 524288,
                    "Original Hash Buckets": 524288,
                    "Hash Batches": 1,
                    "Original Hash Batches": 1,
                    "Peak Memory Usage": 17760,
                    "Plans": [
                      {
                        "Node Type": "Hash Join",
                        "Parent Relationship": "Outer",
                        "Parallel Aware": true,
                        "Join Type": "Inner",
                        "Startup Cost": 76569.09,
                        "Total Cost": 104003.26,
                        "Plan Rows": 197036,
                        "Plan Width": 8,
                        "Actual Startup Time": 631.531,
                        "Actual Total Time": 766.69,
                        "Actual Rows": 174488,
                        "Actual Loops": 2,
                        "Inner Unique": true,
                        "Hash Cond": "(mk.movie_id = t.id)",
                        "Plans": [
                          {
                            "Node Type": "Bitmap Heap Scan",
                            "Parent Relationship": "Outer",
                            "Parallel Aware": true,
                            "Relation Name": "movie_keyword",
                            "Alias": "mk",
                            "Startup Cost": 7108.39,
                            "Total Cost": 34025.34,
                            "Plan Rows": 197036,
                            "Plan Width": 4,
                            "Actual Startup Time": 20.114,
                            "Actual Total Time": 85.848,
                            "Actual Rows": 174488,
                            "Actual Loops": 2,
                            "Recheck Cond": "(keyword_id < 309)",
                            "Rows Removed by Index Recheck": 0,
                            "Exact Heap Blocks": 15776,
                            "Lossy Heap Blocks": 0,
                            "Plans": [
                              {
                                "Node Type": "Bitmap Index Scan",
                                "Parent Relationship": "Outer",
                                "Parallel Aware": false,
                                "Index Name": "keyword_id_movie_keyword",
                                "Startup Cost": 0.0,
                                "Total Cost": 7024.65,
                                "Plan Rows": 334962,
                                "Plan Width": 0,
                                "Actual Startup Time": 16.526,
                                "Actual Total Time": 16.526,
                                "Actual Rows": 348976,
                                "Actual Loops": 1,
                                "Index Cond": "(keyword_id < 309)"
                              }
                            ]
                          },
                          {
                            "Node Type": "Hash",
                            "Parent Relationship": "Inner",
                            "Parallel Aware": true,
                            "Startup Cost": 50870.31,
                            "Total Cost": 50870.31,
                            "Plan Rows": 1487231,
                            "Plan Width": 4,
                            "Actual Startup Time": 593.895,
                            "Actual Total Time": 593.896,
                            "Actual Rows": 1264156,
                            "Actual Loops": 2,
                            "Hash Buckets": 4194304,
                            "Original Hash Buckets": 4194304,
                            "Hash Batches": 1,
                            "Original Hash Batches": 1,
                            "Peak Memory Usage": 131712,
                            "Plans": [
                              {
                                "Node Type": "Seq Scan",
                                "Parent Relationship": "Outer",
                                "Parallel Aware": true,
                                "Relation Name": "title",
                                "Alias": "t",
                                "Startup Cost": 0.0,
                                "Total Cost": 50870.31,
                                "Plan Rows": 1487231,
                                "Plan Width": 4,
                                "Actual Startup Time": 0.038,
                                "Actual Total Time": 179.933,
                                "Actual Rows": 1264156,
                                "Actual Loops": 2
                              }
                            ]
                          }
                        ]
                      }
                    ]
                  }
                ]
              }
            ]
          }
        ]
      }
    ]
  },
  "Planning Time": 0.935,
  "Triggers": [],
  "Execution Time": 3404.42
}