[
  {
    "Plan": {
      "Node Type": "Aggregate",
      "Strategy": "Plain",
      "Partial Mode": "Finalize",
      "Parallel Aware": false,
      "Startup Cost": 31345.31,
      "Total Cost": 31345.32,
      "Plan Rows": 1,
      "Plan Width": 8,
      "Actual Startup Time": 111.396,
      "Actual Total Time": 121.4,
      "Actual Rows": 1,
      "Actual Loops": 1,
      "Plans": [
        {
          "Node Type": "Gather",
          "Parent Relationship": "Outer",
          "Parallel Aware": false,
          "Startup Cost": 31344.99,
          "Total Cost": 31345.3,
          "Plan Rows": 3,
          "Plan Width": 8,
          "Actual Startup Time": 111.258,
          "Actual Total Time": 121.391,
          "Actual Rows": 4,
          "Actual Loops": 1,
          "Workers Planned": 3,
          "Workers Launched": 3,
          "Single Copy": false,
          "Plans": [
            {
              "Node Type": "Aggregate",
              "Strategy": "Plain",
              "Partial Mode": "Partial",
              "Parent Relationship": "Outer",
              "Parallel Aware": false,
              "Startup Cost": 30344.99,
              "Total Cost": 30345.0,
              "Plan Rows": 1,
              "Plan Width": 8,
              "Actual Startup Time": 105.267,
              "Actual Total Time": 105.271,
              "Actual Rows": 1,
              "Actual Loops": 4,
              "Plans": [
                {
                  "Node Type": "Seq Scan",
                  "Parent Relationship": "Outer",
                  "Parallel Aware": true,
                  "Relation Name": "movie_companies",
                  "Alias": "mc",
                  "Startup Cost": 0.0,
                  "Total Cost": 29310.68,
                  "Plan Rows": 413723,
                  "Plan Width": 0,
                  "Actual Startup Time": 21.362,
                  "Actual Total Time": 89.175,
                  "Actual Rows": 321384,
                  "Actual Loops": 4,
                  "Filter": "(company_id > 11380)",
                  "Rows Removed by Filter": 330898
                }
              ]
            }
          ]
        }
      ]
    },
    "Planning Time": 0.195,
    "Triggers": [],
    "Execution Time": 121.456
  }
]