[
    {
        "Bao": {
            "Bao prediction": "NaN",
            "Bao recommended hint": "(no hint)"
        }
    },
    {
        "Plan": {
            "Node Type": "Aggregate",
            "Strategy": "Plain",
            "Partial Mode": "Simple",
            "Parallel Aware": false,
            "Startup Cost": 21120.94,
            "Total Cost": 21120.95,
            "Plan Rows": 1,
            "Plan Width": 8,
            "Actual Startup Time": 23.037,
            "Actual Total Time": 23.039,
            "Actual Rows": 1,
            "Actual Loops": 1,
            "Output": [
                "count(*)"
            ],
            "Plans": [
                {
                    "Node Type": "Bitmap Heap Scan",
                    "Parent Relationship": "Outer",
                    "Parallel Aware": false,
                    "Relation Name": "movie_companies",
                    "Schema": "public",
                    "Alias": "mc",
                    "Startup Cost": 1330.45,
                    "Total Cost": 21045.38,
                    "Plan Rows": 30225,
                    "Plan Width": 0,
                    "Actual Startup Time": 3.609,
                    "Actual Total Time": 19.621,
                    "Actual Rows": 55497,
                    "Actual Loops": 1,
                    "Recheck Cond": "(mc.company_id = 6)",
                    "Rows Removed by Index Recheck": 0,
                    "Filter": "(mc.company_type_id = 1)",
                    "Rows Removed by Filter": 6578,
                    "Exact Heap Blocks": 4954,
                    "Lossy Heap Blocks": 0,
                    "Plans": [
                        {
                            "Node Type": "Bitmap Index Scan",
                            "Parent Relationship": "Outer",
                            "Parallel Aware": false,
                            "Index Name": "company_id_movie_companies",
                            "Startup Cost": 0.0,
                            "Total Cost": 1322.89,
                            "Plan Rows": 61662,
                            "Plan Width": 0,
                            "Actual Startup Time": 2.76,
                            "Actual Total Time": 2.761,
                            "Actual Rows": 62075,
                            "Actual Loops": 1,
                            "Index Cond": "(mc.company_id = 6)"
                        }
                    ]
                }
            ]
        },
        "Planning Time": 215.463,
        "Triggers": [],
        "Execution Time": 23.087
    }
]