[
  {
    "Plan": {
      "Node Type": "Aggregate",
      "Strategy": "Plain",
      "Partial Mode": "Finalize",
      "Parallel Aware": false,
      "Startup Cost": 36592.46,
      "Total Cost": 36592.47,
      "Plan Rows": 1,
      "Plan Width": 8,
      "Actual Startup Time": 103.939,
      "Actual Total Time": 111.369,
      "Actual Rows": 1,
      "Actual Loops": 1,
      "Plans": [
        {
          "Node Type": "Gather",
          "Parent Relationship": "Outer",
          "Parallel Aware": false,
          "Startup Cost": 36592.14,
          "Total Cost": 36592.45,
          "Plan Rows": 3,
          "Plan Width": 8,
          "Actual Startup Time": 103.677,
          "Actual Total Time": 111.36,
          "Actual Rows": 4,
          "Actual Loops": 1,
          "Workers Planned": 3,
          "Workers Launched": 3,
          "Single Copy": false,
          "Plans": [
            {
              "Node Type": "Aggregate",
              "Strategy": "Plain",
              "Partial Mode": "Partial",
              "Parent Relationship": "Outer",
              "Parallel Aware": false,
              "Startup Cost": 35592.14,
              "Total Cost": 35592.15,
              "Plan Rows": 1,
              "Plan Width": 8,
              "Actual Startup Time": 96.221,
              "Actual Total Time": 96.223,
              "Actual Rows": 1,
              "Actual Loops": 4,
              "Plans": [
                {
                  "Node Type": "Bitmap Heap Scan",
                  "Parent Relationship": "Outer",
                  "Parallel Aware": true,
                  "Relation Name": "movie_keyword",
                  "Alias": "mk",
                  "Startup Cost": 9069.58,
                  "Total Cost": 35247.38,
                  "Plan Rows": 137904,
                  "Plan Width": 0,
                  "Actual Startup Time": 24.977,
                  "Actual Total Time": 90.249,
                  "Actual Rows": 105804,
                  "Actual Loops": 4,
                  "Recheck Cond": "(keyword_id > 41270)",
                  "Rows Removed by Index Recheck": 0,
                  "Exact Heap Blocks": 9836,
                  "Lossy Heap Blocks": 0,
                  "Plans": [
                    {
                      "Node Type": "Bitmap Index Scan",
                      "Parent Relationship": "Outer",
                      "Parallel Aware": false,
                      "Index Name": "keyword_id_movie_keyword",
                      "Startup Cost": 0.0,
                      "Total Cost": 8962.7,
                      "Plan Rows": 427503,
                      "Plan Width": 0,
                      "Actual Startup Time": 28.582,
                      "Actual Total Time": 28.582,
                      "Actual Rows": 423214,
                      "Actual Loops": 1,
                      "Index Cond": "(keyword_id > 41270)"
                    }
                  ]
                }
              ]
            }
          ]
        }
      ]
    },
    "Planning Time": 0.093,
    "Triggers": [],
    "Execution Time": 111.412
  }
]