{
  "Plan": {
    "Node Type": "Aggregate",
    "Strategy": "Plain",
    "Partial Mode": "Finalize",
    "Parallel Aware": false,
    "Startup Cost": 115611.03,
    "Total Cost": 115611.04,
    "Plan Rows": 1,
    "Plan Width": 8,
    "Actual Startup Time": 575.591,
    "Actual Total Time": 593.187,
    "Actual Rows": 1,
    "Actual Loops": 1,
    "Plans": [
      {
        "Node Type": "Gather",
        "Parent Relationship": "Outer",
        "Parallel Aware": false,
        "Startup Cost": 115610.92,
        "Total Cost": 115611.03,
        "Plan Rows": 1,
        "Plan Width": 8,
        "Actual Startup Time": 573.127,
        "Actual Total Time": 593.176,
        "Actual Rows": 2,
        "Actual Loops": 1,
        "Workers Planned": 1,
        "Workers Launched": 1,
        "Single Copy": false,
        "Plans": [
          {
            "Node Type": "Aggregate",
            "Strategy": "Plain",
            "Partial Mode": "Partial",
            "Parent Relationship": "Outer",
            "Parallel Aware": false,
            "Startup Cost": 114610.92,
            "Total Cost": 114610.93,
            "Plan Rows": 1,
            "Plan Width": 8,
            "Actual Startup Time": 566.868,
            "Actual Total Time": 567.426,
            "Actual Rows": 1,
            "Actual Loops": 2,
            "Plans": [
              {
                "Node Type": "Hash Join",
                "Parent Relationship": "Outer",
                "Parallel Aware": true,
                "Join Type": "Inner",
                "Startup Cost": 95229.39,
                "Total Cost": 114526.07,
                "Plan Rows": 33939,
                "Plan Width": 0,
                "Actual Startup Time": 452.503,
                "Actual Total Time": 555.907,
                "Actual Rows": 293618,
                "Actual Loops": 2,
                "Inner Unique": false,
                "Hash Cond": "(mi_idx.movie_id = t.id)",
                "Plans": [
                  {
                    "Node Type": "Seq Scan",
                    "Parent Relationship": "Outer",
                    "Parallel Aware": true,
                    "Relation Name": "movie_info_idx",
                    "Alias": "mi_idx",
                    "Startup Cost": 0.0,
                    "Total Cost": 16052.85,
                    "Plan Rows": 811785,
                    "Plan Width": 4,
                    "Actual Startup Time": 0.019,
                    "Actual Total Time": 46.612,
                    "Actual Rows": 690018,
                    "Actual Loops": 2
                  },
                  {
                    "Node Type": "Hash",
                    "Parent Relationship": "Inner",
                    "Parallel Aware": true,
                    "Startup Cost": 94452.15,
                    "Total Cost": 94452.15,
                    "Plan Rows": 62179,
                    "Plan Width": 8,
                    "Actual Startup Time": 420.445,
                    "Actual Total Time": 421.001,
                    "Actual Rows": 125191,
                    "Actual Loops": 2,
                    "Hash Buckets": 262144,
                    "Original Hash Buckets": 131072,
                    "Hash Batches": 1,
                    "Original Hash Batches": 1,
                    "Peak Memory Usage": 12896,
                    "Plans": [
                      {
                        "Node Type": "Hash Join",
                        "Parent Relationship": "Outer",
                        "Parallel Aware": true,
                        "Join Type": "Inner",
                        "Startup Cost": 67599.84,
                        "Total Cost": 94452.15,
                        "Plan Rows": 62179,
                        "Plan Width": 8,
                        "Actual Startup Time": 294.961,
                        "Actual Total Time": 394.321,
                        "Actual Rows": 125191,
                        "Actual Loops": 2,
                        "Inner Unique": true,
                        "Hash Cond": "(mk.movie_id = t.id)",
                        "Plans": [
                          {
                            "Node Type": "Bitmap Heap Scan",
                            "Parent Relationship": "Outer",
                            "Parallel Aware": true,
                            "Relation Name": "movie_keyword",
                            "Alias": "mk",
                            "Startup Cost": 5721.54,
                            "Total Cost": 32157.61,
                            "Plan Rows": 158566,
                            "Plan Width": 4,
                            "Actual Startup Time": 19.961,
                            "Actual Total Time": 74.922,
                            "Actual Rows": 132740,
                            "Actual Loops": 2,
                            "Recheck Cond": "(keyword_id > 59003)",
                            "Rows Removed by Index Recheck": 0,
                            "Exact Heap Blocks": 11740,
                            "Lossy Heap Blocks": 0,
                            "Plans": [
                              {
                                "Node Type": "Bitmap Index Scan",
                                "Parent Relationship": "Outer",
                                "Parallel Aware": false,
                                "Index Name": "keyword_id_movie_keyword",
                                "Startup Cost": 0.0,
                                "Total Cost": 5654.15,
                                "Plan Rows": 269562,
                                "Plan Width": 0,
                                "Actual Startup Time": 16.751,
                                "Actual Total Time": 16.752,
                                "Actual Rows": 265479,
                                "Actual Loops": 1,
                                "Index Cond": "(keyword_id > 59003)"
                              }
                            ]
                          },
                          {
                            "Node Type": "Hash",
                            "Parent Relationship": "Inner",
                            "Parallel Aware": true,
                            "Startup Cost": 54588.39,
                            "Total Cost": 54588.39,
                            "Plan Rows": 583193,
                            "Plan Width": 4,
                            "Actual Startup Time": 267.278,
                            "Actual Total Time": 267.279,
                            "Actual Rows": 492524,
                            "Actual Loops": 2,
                            "Hash Buckets": 1048576,
                            "Original Hash Buckets": 1048576,
                            "Hash Batches": 1,
                            "Original Hash Batches": 1,
                            "Peak Memory Usage": 46752,
                            "Plans": [
                              {
                                "Node Type": "Seq Scan",
                                "Parent Relationship": "Outer",
                                "Parallel Aware": true,
                                "Relation Name": "title",
                                "Alias": "t",
                                "Startup Cost": 0.0,
                                "Total Cost": 54588.39,
                                "Plan Rows": 583193,
                                "Plan Width": 4,
                                "Actual Startup Time": 0.046,
                                "Actual Total Time": 155.302,
                                "Actual Rows": 492524,
                                "Actual Loops": 2,
                                "Filter": "(kind_id < 7)",
                                "Rows Removed by Filter": 771632
                              }
                            ]
                          }
                        ]
                      }
                    ]
                  }
                ]
              }
            ]
          }
        ]
      }
    ]
  },
  "Planning Time": 1.089,
  "Triggers": [],
  "Execution Time": 593.295
}