{
  "Plan": {
    "Node Type": "Aggregate",
    "Strategy": "Plain",
    "Partial Mode": "Finalize",
    "Parallel Aware": false,
    "Startup Cost": 132953.01,
    "Total Cost": 132953.02,
    "Plan Rows": 1,
    "Plan Width": 8,
    "Actual Startup Time": 734.718,
    "Actual Total Time": 753.528,
    "Actual Rows": 1,
    "Actual Loops": 1,
    "Plans": [
      {
        "Node Type": "Gather",
        "Parent Relationship": "Outer",
        "Parallel Aware": false,
        "Startup Cost": 132952.89,
        "Total Cost": 132953.0,
        "Plan Rows": 1,
        "Plan Width": 8,
        "Actual Startup Time": 730.636,
        "Actual Total Time": 753.521,
        "Actual Rows": 2,
        "Actual Loops": 1,
        "Workers Planned": 1,
        "Workers Launched": 1,
        "Single Copy": false,
        "Plans": [
          {
            "Node Type": "Aggregate",
            "Strategy": "Plain",
            "Partial Mode": "Partial",
            "Parent Relationship": "Outer",
            "Parallel Aware": false,
            "Startup Cost": 131952.89,
            "Total Cost": 131952.9,
            "Plan Rows": 1,
            "Plan Width": 8,
            "Actual Startup Time": 724.745,
            "Actual Total Time": 724.752,
            "Actual Rows": 1,
            "Actual Loops": 2,
            "Plans": [
              {
                "Node Type": "Hash Join",
                "Parent Relationship": "Outer",
                "Parallel Aware": true,
                "Join Type": "Inner",
                "Startup Cost": 112573.98,
                "Total Cost": 131869.31,
                "Plan Rows": 33433,
                "Plan Width": 0,
                "Actual Startup Time": 599.073,
                "Actual Total Time": 714.525,
                "Actual Rows": 258541,
                "Actual Loops": 2,
                "Inner Unique": false,
                "Hash Cond": "(mi_idx.movie_id = t.id)",
                "Plans": [
                  {
                    "Node Type": "Seq Scan",
                    "Parent Relationship": "Outer",
                    "Parallel Aware": true,
                    "Relation Name": "movie_info_idx",
                    "Alias": "mi_idx",
                    "Startup Cost": 0.0,
                    "Total Cost": 18082.32,
                    "Plan Rows": 271028,
                    "Plan Width": 4,
                    "Actual Startup Time": 0.03,
                    "Actual Total Time": 50.471,
                    "Actual Rows": 229962,
                    "Actual Loops": 2,
                    "Filter": "(info_type_id = 101)",
                    "Rows Removed by Filter": 460055
                  },
                  {
                    "Node Type": "Hash",
                    "Parent Relationship": "Inner",
                    "Parallel Aware": true,
                    "Startup Cost": 110280.76,
                    "Total Cost": 110280.76,
                    "Plan Rows": 183458,
                    "Plan Width": 8,
                    "Actual Startup Time": 594.08,
                    "Actual Total Time": 594.085,
                    "Actual Rows": 353148,
                    "Actual Loops": 2,
                    "Hash Buckets": 1048576,
                    "Original Hash Buckets": 524288,
                    "Hash Batches": 1,
                    "Original Hash Batches": 1,
                    "Peak Memory Usage": 39936,
                    "Plans": [
                      {
                        "Node Type": "Hash Join",
                        "Parent Relationship": "Outer",
                        "Parallel Aware": true,
                        "Join Type": "Inner",
                        "Startup Cost": 78750.6,
                        "Total Cost": 110280.76,
                        "Plan Rows": 183458,
                        "Plan Width": 8,
                        "Actual Startup Time": 312.504,
                        "Actual Total Time": 514.433,
                        "Actual Rows": 353148,
                        "Actual Loops": 2,
                        "Inner Unique": true,
                        "Hash Cond": "(mk.movie_id = t.id)",
                        "Plans": [
                          {
                            "Node Type": "Bitmap Heap Scan",
                            "Parent Relationship": "Outer",
                            "Parallel Aware": true,
                            "Relation Name": "movie_keyword",
                            "Alias": "mk",
                            "Startup Cost": 16872.29,
                            "Total Cost": 47174.36,
                            "Plan Rows": 467845,
                            "Plan Width": 4,
                            "Actual Startup Time": 42.665,
                            "Actual Total Time": 129.197,
                            "Actual Rows": 402144,
                            "Actual Loops": 2,
                            "Recheck Cond": "(keyword_id < 782)",
                            "Rows Removed by Index Recheck": 0,
                            "Exact Heap Blocks": 13452,
                            "Lossy Heap Blocks": 0,
                            "Plans": [
                              {
                                "Node Type": "Bitmap Index Scan",
                                "Parent Relationship": "Outer",
                                "Parallel Aware": false,
                                "Index Name": "keyword_id_movie_keyword",
                                "Startup Cost": 0.0,
                                "Total Cost": 16673.46,
                                "Plan Rows": 795337,
                                "Plan Width": 0,
                                "Actual Startup Time": 38.992,
                                "Actual Total Time": 38.992,
                                "Actual Rows": 804289,
                                "Actual Loops": 1,
                                "Index Cond": "(keyword_id < 782)"
                              }
                            ]
                          },
                          {
                            "Node Type": "Hash",
                            "Parent Relationship": "Inner",
                            "Parallel Aware": true,
                            "Startup Cost": 54588.39,
                            "Total Cost": 54588.39,
                            "Plan Rows": 583193,
                            "Plan Width": 4,
                            "Actual Startup Time": 263.905,
                            "Actual Total Time": 263.906,
                            "Actual Rows": 492524,
                            "Actual Loops": 2,
                            "Hash Buckets": 1048576,
                            "Original Hash Buckets": 1048576,
                            "Hash Batches": 1,
                            "Original Hash Batches": 1,
                            "Peak Memory Usage": 46752,
                            "Plans": [
                              {
                                "Node Type": "Seq Scan",
                                "Parent Relationship": "Outer",
                                "Parallel Aware": true,
                                "Relation Name": "title",
                                "Alias": "t",
                                "Startup Cost": 0.0,
                                "Total Cost": 54588.39,
                                "Plan Rows": 583193,
                                "Plan Width": 4,
                                "Actual Startup Time": 0.04,
                                "Actual Total Time": 148.15,
                                "Actual Rows": 492524,
                                "Actual Loops": 2,
                                "Filter": "(kind_id < 7)",
                                "Rows Removed by Filter": 771632
                              }
                            ]
                          }
                        ]
                      }
                    ]
                  }
                ]
              }
            ]
          }
        ]
      }
    ]
  },
  "Planning Time": 0.864,
  "Triggers": [],
  "Execution Time": 753.633
}