[
    {
        "Bao": {
            "Bao prediction": "NaN",
            "Bao recommended hint": "(no hint)"
        }
    },
    {
        "Plan": {
            "Node Type": "Aggregate",
            "Strategy": "Plain",
            "Partial Mode": "Finalize",
            "Parallel Aware": false,
            "Startup Cost": 30902.11,
            "Total Cost": 30902.12,
            "Plan Rows": 1,
            "Plan Width": 8,
            "Actual Startup Time": 93.887,
            "Actual Total Time": 98.997,
            "Actual Rows": 1,
            "Actual Loops": 1,
            "Output": [
                "count(*)"
            ],
            "Plans": [
                {
                    "Node Type": "Gather",
                    "Parent Relationship": "Outer",
                    "Parallel Aware": false,
                    "Startup Cost": 30901.79,
                    "Total Cost": 30902.1,
                    "Plan Rows": 3,
                    "Plan Width": 8,
                    "Actual Startup Time": 93.743,
                    "Actual Total Time": 98.991,
                    "Actual Rows": 4,
                    "Actual Loops": 1,
                    "Output": [
                        "(PARTIAL count(*))"
                    ],
                    "Workers Planned": 3,
                    "Workers Launched": 3,
                    "Single Copy": false,
                    "Plans": [
                        {
                            "Node Type": "Aggregate",
                            "Strategy": "Plain",
                            "Partial Mode": "Partial",
                            "Parent Relationship": "Outer",
                            "Parallel Aware": false,
                            "Startup Cost": 29901.79,
                            "Total Cost": 29901.8,
                            "Plan Rows": 1,
                            "Plan Width": 8,
                            "Actual Startup Time": 85.575,
                            "Actual Total Time": 85.576,
                            "Actual Rows": 1,
                            "Actual Loops": 4,
                            "Output": [
                                "PARTIAL count(*)"
                            ],
                            "Workers": [
                                {
                                    "Worker Number": 0,
                                    "Actual Startup Time": 82.499,
                                    "Actual Total Time": 82.5,
                                    "Actual Rows": 1,
                                    "Actual Loops": 1
                                },
                                {
                                    "Worker Number": 1,
                                    "Actual Startup Time": 82.953,
                                    "Actual Total Time": 82.954,
                                    "Actual Rows": 1,
                                    "Actual Loops": 1
                                },
                                {
                                    "Worker Number": 2,
                                    "Actual Startup Time": 83.358,
                                    "Actual Total Time": 83.359,
                                    "Actual Rows": 1,
                                    "Actual Loops": 1
                                }
                            ],
                            "Plans": [
                                {
                                    "Node Type": "Seq Scan",
                                    "Parent Relationship": "Outer",
                                    "Parallel Aware": true,
                                    "Relation Name": "movie_companies",
                                    "Schema": "public",
                                    "Alias": "mc",
                                    "Startup Cost": 0.0,
                                    "Total Cost": 29310.68,
                                    "Plan Rows": 236444,
                                    "Plan Width": 0,
                                    "Actual Startup Time": 22.216,
                                    "Actual Total Time": 75.858,
                                    "Actual Rows": 183504,
                                    "Actual Loops": 4,
                                    "Output": [
                                        "id",
                                        "movie_id",
                                        "company_id",
                                        "company_type_id",
                                        "note"
                                    ],
                                    "Filter": "(mc.company_id > 39875)",
                                    "Rows Removed by Filter": 468778,
                                    "Workers": [
                                        {
                                            "Worker Number": 0,
                                            "Actual Startup Time": 19.123,
                                            "Actual Total Time": 73.294,
                                            "Actual Rows": 132865,
                                            "Actual Loops": 1
                                        },
                                        {
                                            "Worker Number": 1,
                                            "Actual Startup Time": 19.612,
                                            "Actual Total Time": 73.555,
                                            "Actual Rows": 133421,
                                            "Actual Loops": 1
                                        },
                                        {
                                            "Worker Number": 2,
                                            "Actual Startup Time": 20.009,
                                            "Actual Total Time": 74.055,
                                            "Actual Rows": 213106,
                                            "Actual Loops": 1
                                        }
                                    ]
                                }
                            ]
                        }
                    ]
                }
            ]
        },
        "Planning Time": 200.537,
        "Triggers": [],
        "Execution Time": 99.036
    }
]