[
  {
    "Plan": {
      "Node Type": "Aggregate",
      "Strategy": "Plain",
      "Partial Mode": "Finalize",
      "Parallel Aware": false,
      "Startup Cost": 30649.72,
      "Total Cost": 30649.73,
      "Plan Rows": 1,
      "Plan Width": 8,
      "Actual Startup Time": 83.272,
      "Actual Total Time": 91.237,
      "Actual Rows": 1,
      "Actual Loops": 1,
      "Plans": [
        {
          "Node Type": "Gather",
          "Parent Relationship": "Outer",
          "Parallel Aware": false,
          "Startup Cost": 30649.4,
          "Total Cost": 30649.71,
          "Plan Rows": 3,
          "Plan Width": 8,
          "Actual Startup Time": 83.161,
          "Actual Total Time": 91.231,
          "Actual Rows": 4,
          "Actual Loops": 1,
          "Workers Planned": 3,
          "Workers Launched": 3,
          "Single Copy": false,
          "Plans": [
            {
              "Node Type": "Aggregate",
              "Strategy": "Plain",
              "Partial Mode": "Partial",
              "Parent Relationship": "Outer",
              "Parallel Aware": false,
              "Startup Cost": 29649.4,
              "Total Cost": 29649.41,
              "Plan Rows": 1,
              "Plan Width": 8,
              "Actual Startup Time": 76.459,
              "Actual Total Time": 76.46,
              "Actual Rows": 1,
              "Actual Loops": 4,
              "Plans": [
                {
                  "Node Type": "Seq Scan",
                  "Parent Relationship": "Outer",
                  "Parallel Aware": true,
                  "Relation Name": "movie_companies",
                  "Alias": "mc",
                  "Startup Cost": 0.0,
                  "Total Cost": 29310.68,
                  "Plan Rows": 135488,
                  "Plan Width": 0,
                  "Actual Startup Time": 46.232,
                  "Actual Total Time": 72.109,
                  "Actual Rows": 106844,
                  "Actual Loops": 4,
                  "Filter": "(company_id > 79458)",
                  "Rows Removed by Filter": 545438
                }
              ]
            }
          ]
        }
      ]
    },
    "Planning Time": 0.155,
    "Triggers": [],
    "Execution Time": 91.283
  }
]