[
  {
    "Plan": {
      "Node Type": "Aggregate",
      "Strategy": "Plain",
      "Partial Mode": "Finalize",
      "Parallel Aware": false,
      "Startup Cost": 384871.52,
      "Total Cost": 384871.53,
      "Plan Rows": 1,
      "Plan Width": 8,
      "Actual Startup Time": 877.073,
      "Actual Total Time": 906.344,
      "Actual Rows": 1,
      "Actual Loops": 1,
      "Plans": [
        {
          "Node Type": "Gather",
          "Parent Relationship": "Outer",
          "Parallel Aware": false,
          "Startup Cost": 384870.9,
          "Total Cost": 384871.51,
          "Plan Rows": 6,
          "Plan Width": 8,
          "Actual Startup Time": 875.451,
          "Actual Total Time": 906.333,
          "Actual Rows": 7,
          "Actual Loops": 1,
          "Workers Planned": 6,
          "Workers Launched": 6,
          "Single Copy": false,
          "Plans": [
            {
              "Node Type": "Aggregate",
              "Strategy": "Plain",
              "Partial Mode": "Partial",
              "Parent Relationship": "Outer",
              "Parallel Aware": false,
              "Startup Cost": 383870.9,
              "Total Cost": 383870.91,
              "Plan Rows": 1,
              "Plan Width": 8,
              "Actual Startup Time": 864.781,
              "Actual Total Time": 864.822,
              "Actual Rows": 1,
              "Actual Loops": 7,
              "Plans": [
                {
                  "Node Type": "Hash Join",
                  "Parent Relationship": "Outer",
                  "Parallel Aware": true,
                  "Join Type": "Inner",
                  "Startup Cost": 45723.45,
                  "Total Cost": 383787.75,
                  "Plan Rows": 33257,
                  "Plan Width": 0,
                  "Actual Startup Time": 99.229,
                  "Actual Total Time": 856.535,
                  "Actual Rows": 152352,
                  "Actual Loops": 7,
                  "Inner Unique": true,
                  "Hash Cond": "(ci.movie_id = t.id)",
                  "Plans": [
                    {
                      "Node Type": "Index Scan",
                      "Parent Relationship": "Outer",
                      "Parallel Aware": true,
                      "Scan Direction": "Forward",
                      "Index Name": "role_id_cast_info",
                      "Relation Name": "cast_info",
                      "Alias": "ci",
                      "Startup Cost": 0.56,
                      "Total Cost": 335235.55,
                      "Plan Rows": 1077836,
                      "Plan Width": 4,
                      "Actual Startup Time": 0.24,
                      "Actual Total Time": 424.764,
                      "Actual Rows": 1810098,
                      "Actual Loops": 7,
                      "Index Cond": "(role_id < 2)",
                      "Rows Removed by Index Recheck": 0,
                      "Filter": "(person_id < 1877589)",
                      "Rows Removed by Filter": 0
                    },
                    {
                      "Node Type": "Hash",
                      "Parent Relationship": "Inner",
                      "Parallel Aware": true,
                      "Startup Cost": 45479.1,
                      "Total Cost": 45479.1,
                      "Plan Rows": 19503,
                      "Plan Width": 4,
                      "Actual Startup Time": 97.533,
                      "Actual Total Time": 97.534,
                      "Actual Rows": 29965,
                      "Actual Loops": 7,
                      "Hash Buckets": 262144,
                      "Original Hash Buckets": 131072,
                      "Hash Batches": 1,
                      "Original Hash Batches": 1,
                      "Peak Memory Usage": 11328,
                      "Plans": [
                        {
                          "Node Type": "Seq Scan",
                          "Parent Relationship": "Outer",
                          "Parallel Aware": true,
                          "Relation Name": "title",
                          "Alias": "t",
                          "Startup Cost": 0.0,
                          "Total Cost": 45479.1,
                          "Plan Rows": 19503,
                          "Plan Width": 4,
                          "Actual Startup Time": 50.06,
                          "Actual Total Time": 79.837,
                          "Actual Rows": 29965,
                          "Actual Loops": 7,
                          "Filter": "((production_year < 1966) AND (kind_id = 1))",
                          "Rows Removed by Filter": 331223
                        }
                      ]
                    }
                  ]
                }
              ]
            }
          ]
        }
      ]
    },
    "Planning Time": 0.683,
    "Triggers": [],
    "Execution Time": 906.435
  }
]