[
  {
    "Plan": {
      "Node Type": "Aggregate",
      "Strategy": "Plain",
      "Partial Mode": "Finalize",
      "Parallel Aware": false,
      "Startup Cost": 32924.51,
      "Total Cost": 32924.52,
      "Plan Rows": 1,
      "Plan Width": 8,
      "Actual Startup Time": 108.055,
      "Actual Total Time": 114.565,
      "Actual Rows": 1,
      "Actual Loops": 1,
      "Plans": [
        {
          "Node Type": "Gather",
          "Parent Relationship": "Outer",
          "Parallel Aware": false,
          "Startup Cost": 32924.2,
          "Total Cost": 32924.51,
          "Plan Rows": 3,
          "Plan Width": 8,
          "Actual Startup Time": 107.958,
          "Actual Total Time": 114.557,
          "Actual Rows": 4,
          "Actual Loops": 1,
          "Workers Planned": 3,
          "Workers Launched": 3,
          "Single Copy": false,
          "Plans": [
            {
              "Node Type": "Aggregate",
              "Strategy": "Plain",
              "Partial Mode": "Partial",
              "Parent Relationship": "Outer",
              "Parallel Aware": false,
              "Startup Cost": 31924.2,
              "Total Cost": 31924.21,
              "Plan Rows": 1,
              "Plan Width": 8,
              "Actual Startup Time": 99.313,
              "Actual Total Time": 99.314,
              "Actual Rows": 1,
              "Actual Loops": 4,
              "Plans": [
                {
                  "Node Type": "Seq Scan",
                  "Parent Relationship": "Outer",
                  "Parallel Aware": true,
                  "Relation Name": "movie_companies",
                  "Alias": "mc",
                  "Startup Cost": 0.0,
                  "Total Cost": 31414.82,
                  "Plan Rows": 203751,
                  "Plan Width": 0,
                  "Actual Startup Time": 51.662,
                  "Actual Total Time": 89.092,
                  "Actual Rows": 223189,
                  "Actual Loops": 4,
                  "Filter": "((company_id > 11690) AND (company_type_id > 1))",
                  "Rows Removed by Filter": 429093
                }
              ]
            }
          ]
        }
      ]
    },
    "Planning Time": 0.19,
    "Triggers": [],
    "Execution Time": 114.621
  }
]