[
  {
    "Plan": {
      "Node Type": "Aggregate",
      "Strategy": "Plain",
      "Partial Mode": "Finalize",
      "Parallel Aware": false,
      "Startup Cost": 100841.25,
      "Total Cost": 100841.26,
      "Plan Rows": 1,
      "Plan Width": 8,
      "Actual Startup Time": 595.407,
      "Actual Total Time": 610.538,
      "Actual Rows": 1,
      "Actual Loops": 1,
      "Plans": [
        {
          "Node Type": "Gather",
          "Parent Relationship": "Outer",
          "Parallel Aware": false,
          "Startup Cost": 100841.04,
          "Total Cost": 100841.25,
          "Plan Rows": 2,
          "Plan Width": 8,
          "Actual Startup Time": 587.329,
          "Actual Total Time": 610.53,
          "Actual Rows": 3,
          "Actual Loops": 1,
          "Workers Planned": 2,
          "Workers Launched": 2,
          "Single Copy": false,
          "Plans": [
            {
              "Node Type": "Aggregate",
              "Strategy": "Plain",
              "Partial Mode": "Partial",
              "Parent Relationship": "Outer",
              "Parallel Aware": false,
              "Startup Cost": 99841.04,
              "Total Cost": 99841.05,
              "Plan Rows": 1,
              "Plan Width": 8,
              "Actual Startup Time": 584.912,
              "Actual Total Time": 585.056,
              "Actual Rows": 1,
              "Actual Loops": 3,
              "Plans": [
                {
                  "Node Type": "Hash Join",
                  "Parent Relationship": "Outer",
                  "Parallel Aware": true,
                  "Join Type": "Inner",
                  "Startup Cost": 83613.26,
                  "Total Cost": 99672.36,
                  "Plan Rows": 67473,
                  "Plan Width": 0,
                  "Actual Startup Time": 483.394,
                  "Actual Total Time": 576.082,
                  "Actual Rows": 215535,
                  "Actual Loops": 3,
                  "Inner Unique": false,
                  "Hash Cond": "(mi_idx.movie_id = t.id)",
                  "Plans": [
                    {
                      "Node Type": "Seq Scan",
                      "Parent Relationship": "Outer",
                      "Parallel Aware": true,
                      "Relation Name": "movie_info_idx",
                      "Alias": "mi_idx",
                      "Startup Cost": 0.0,
                      "Total Cost": 13685.15,
                      "Plan Rows": 575015,
                      "Plan Width": 4,
                      "Actual Startup Time": 0.019,
                      "Actual Total Time": 33.333,
                      "Actual Rows": 460012,
                      "Actual Loops": 3
                    },
                    {
                      "Node Type": "Hash",
                      "Parent Relationship": "Inner",
                      "Parallel Aware": true,
                      "Startup Cost": 82416.98,
                      "Total Cost": 82416.98,
                      "Plan Rows": 95702,
                      "Plan Width": 8,
                      "Actual Startup Time": 481.76,
                      "Actual Total Time": 481.902,
                      "Actual Rows": 99282,
                      "Actual Loops": 3,
                      "Hash Buckets": 524288,
                      "Original Hash Buckets": 524288,
                      "Hash Batches": 1,
                      "Original Hash Batches": 1,
                      "Peak Memory Usage": 15808,
                      "Plans": [
                        {
                          "Node Type": "Hash Join",
                          "Parent Relationship": "Outer",
                          "Parallel Aware": true,
                          "Join Type": "Inner",
                          "Startup Cost": 56515.48,
                          "Total Cost": 82416.98,
                          "Plan Rows": 95702,
                          "Plan Width": 8,
                          "Actual Startup Time": 378.061,
                          "Actual Total Time": 457.125,
                          "Actual Rows": 99282,
                          "Actual Loops": 3,
                          "Inner Unique": true,
                          "Hash Cond": "(mk.movie_id = t.id)",
                          "Plans": [
                            {
                              "Node Type": "Bitmap Heap Scan",
                              "Parent Relationship": "Outer",
                              "Parallel Aware": true,
                              "Relation Name": "movie_keyword",
                              "Alias": "mk",
                              "Startup Cost": 6295.68,
                              "Total Cost": 31945.96,
                              "Plan Rows": 95702,
                              "Plan Width": 4,
                              "Actual Startup Time": 18.625,
                              "Actual Total Time": 58.343,
                              "Actual Rows": 99282,
                              "Actual Loops": 3,
                              "Recheck Cond": "(keyword_id < 245)",
                              "Rows Removed by Index Recheck": 0,
                              "Exact Heap Blocks": 9300,
                              "Lossy Heap Blocks": 0,
                              "Plans": [
                                {
                                  "Node Type": "Bitmap Index Scan",
                                  "Parent Relationship": "Outer",
                                  "Parallel Aware": false,
                                  "Index Name": "keyword_id_movie_keyword",
                                  "Startup Cost": 0.0,
                                  "Total Cost": 6221.51,
                                  "Plan Rows": 296677,
                                  "Plan Width": 0,
                                  "Actual Startup Time": 15.049,
                                  "Actual Total Time": 15.049,
                                  "Actual Rows": 297845,
                                  "Actual Loops": 1,
                                  "Index Cond": "(keyword_id < 245)"
                                }
                              ]
                            },
                            {
                              "Node Type": "Hash",
                              "Parent Relationship": "Inner",
                              "Parallel Aware": true,
                              "Startup Cost": 42318.81,
                              "Total Cost": 42318.81,
                              "Plan Rows": 632080,
                              "Plan Width": 4,
                              "Actual Startup Time": 350.136,
                              "Actual Total Time": 350.137,
                              "Actual Rows": 842771,
                              "Actual Loops": 3,
                              "Hash Buckets": 4194304,
                              "Original Hash Buckets": 4194304,
                              "Hash Batches": 1,
                              "Original Hash Batches": 1,
                              "Peak Memory Usage": 131712,
                              "Plans": [
                                {
                                  "Node Type": "Seq Scan",
                                  "Parent Relationship": "Outer",
                                  "Parallel Aware": true,
                                  "Relation Name": "title",
                                  "Alias": "t",
                                  "Startup Cost": 0.0,
                                  "Total Cost": 42318.81,
                                  "Plan Rows": 632080,
                                  "Plan Width": 4,
                                  "Actual Startup Time": 0.019,
                                  "Actual Total Time": 105.959,
                                  "Actual Rows": 842771,
                                  "Actual Loops": 3
                                }
                              ]
                            }
                          ]
                        }
                      ]
                    }
                  ]
                }
              ]
            }
          ]
        }
      ]
    },
    "Planning Time": 0.5,
    "Triggers": [],
    "Execution Time": 610.589
  }
]