{
  "Plan": {
    "Node Type": "Aggregate",
    "Strategy": "Plain",
    "Partial Mode": "Finalize",
    "Parallel Aware": false,
    "Startup Cost": 104248.63,
    "Total Cost": 104248.64,
    "Plan Rows": 1,
    "Plan Width": 8,
    "Actual Startup Time": 509.601,
    "Actual Total Time": 522.439,
    "Actual Rows": 1,
    "Actual Loops": 1,
    "Plans": [
      {
        "Node Type": "Gather",
        "Parent Relationship": "Outer",
        "Parallel Aware": false,
        "Startup Cost": 104248.52,
        "Total Cost": 104248.63,
        "Plan Rows": 1,
        "Plan Width": 8,
        "Actual Startup Time": 508.202,
        "Actual Total Time": 522.43,
        "Actual Rows": 2,
        "Actual Loops": 1,
        "Workers Planned": 1,
        "Workers Launched": 1,
        "Single Copy": false,
        "Plans": [
          {
            "Node Type": "Aggregate",
            "Strategy": "Plain",
            "Partial Mode": "Partial",
            "Parent Relationship": "Outer",
            "Parallel Aware": false,
            "Startup Cost": 103248.52,
            "Total Cost": 103248.53,
            "Plan Rows": 1,
            "Plan Width": 8,
            "Actual Startup Time": 502.452,
            "Actual Total Time": 502.456,
            "Actual Rows": 1,
            "Actual Loops": 2,
            "Plans": [
              {
                "Node Type": "Hash Join",
                "Parent Relationship": "Outer",
                "Parallel Aware": true,
                "Join Type": "Inner",
                "Startup Cost": 63695.63,
                "Total Cost": 102907.09,
                "Plan Rows": 136572,
                "Plan Width": 0,
                "Actual Startup Time": 291.707,
                "Actual Total Time": 499.169,
                "Actual Rows": 80075,
                "Actual Loops": 2,
                "Inner Unique": true,
                "Hash Cond": "(mc.movie_id = t.id)",
                "Plans": [
                  {
                    "Node Type": "Seq Scan",
                    "Parent Relationship": "Outer",
                    "Parallel Aware": true,
                    "Relation Name": "movie_companies",
                    "Alias": "mc",
                    "Startup Cost": 0.0,
                    "Total Cost": 37974.77,
                    "Plan Rows": 471118,
                    "Plan Width": 4,
                    "Actual Startup Time": 0.015,
                    "Actual Total Time": 104.317,
                    "Actual Rows": 395751,
                    "Actual Loops": 2,
                    "Filter": "(company_id < 1711)",
                    "Rows Removed by Filter": 908814
                  },
                  {
                    "Node Type": "Hash",
                    "Parent Relationship": "Inner",
                    "Parallel Aware": true,
                    "Startup Cost": 58306.47,
                    "Total Cost": 58306.47,
                    "Plan Rows": 431133,
                    "Plan Width": 4,
                    "Actual Startup Time": 282.431,
                    "Actual Total Time": 282.432,
                    "Actual Rows": 398080,
                    "Actual Loops": 2,
                    "Hash Buckets": 1048576,
                    "Original Hash Buckets": 1048576,
                    "Hash Batches": 1,
                    "Original Hash Batches": 1,
                    "Peak Memory Usage": 39360,
                    "Plans": [
                      {
                        "Node Type": "Seq Scan",
                        "Parent Relationship": "Outer",
                        "Parallel Aware": true,
                        "Relation Name": "title",
                        "Alias": "t",
                        "Startup Cost": 0.0,
                        "Total Cost": 58306.47,
                        "Plan Rows": 431133,
                        "Plan Width": 4,
                        "Actual Startup Time": 0.033,
                        "Actual Total Time": 163.15,
                        "Actual Rows": 398080,
                        "Actual Loops": 2,
                        "Filter": "((production_year > 2003) AND (kind_id = 7))",
                        "Rows Removed by Filter": 866076
                      }
                    ]
                  }
                ]
              }
            ]
          }
        ]
      }
    ]
  },
  "Planning Time": 0.692,
  "Triggers": [],
  "Execution Time": 522.525
}