[
  {
    "Plan": {
      "Node Type": "Aggregate",
      "Strategy": "Plain",
      "Partial Mode": "Finalize",
      "Parallel Aware": false,
      "Startup Cost": 81218.8,
      "Total Cost": 81218.81,
      "Plan Rows": 1,
      "Plan Width": 8,
      "Actual Startup Time": 629.792,
      "Actual Total Time": 660.22,
      "Actual Rows": 1,
      "Actual Loops": 1,
      "Plans": [
        {
          "Node Type": "Gather",
          "Parent Relationship": "Outer",
          "Parallel Aware": false,
          "Startup Cost": 81218.48,
          "Total Cost": 81218.79,
          "Plan Rows": 3,
          "Plan Width": 8,
          "Actual Startup Time": 611.055,
          "Actual Total Time": 660.208,
          "Actual Rows": 4,
          "Actual Loops": 1,
          "Workers Planned": 3,
          "Workers Launched": 3,
          "Single Copy": false,
          "Plans": [
            {
              "Node Type": "Aggregate",
              "Strategy": "Plain",
              "Partial Mode": "Partial",
              "Parent Relationship": "Outer",
              "Parallel Aware": false,
              "Startup Cost": 80218.48,
              "Total Cost": 80218.49,
              "Plan Rows": 1,
              "Plan Width": 8,
              "Actual Startup Time": 600.611,
              "Actual Total Time": 600.62,
              "Actual Rows": 1,
              "Actual Loops": 4,
              "Plans": [
                {
                  "Node Type": "Hash Join",
                  "Parent Relationship": "Outer",
                  "Parallel Aware": true,
                  "Join Type": "Inner",
                  "Startup Cost": 54528.14,
                  "Total Cost": 80083.92,
                  "Plan Rows": 53825,
                  "Plan Width": 0,
                  "Actual Startup Time": 472.525,
                  "Actual Total Time": 598.384,
                  "Actual Rows": 23699,
                  "Actual Loops": 4,
                  "Inner Unique": true,
                  "Hash Cond": "(mk.movie_id = t.id)",
                  "Plans": [
                    {
                      "Node Type": "Bitmap Heap Scan",
                      "Parent Relationship": "Outer",
                      "Parallel Aware": true,
                      "Relation Name": "movie_keyword",
                      "Alias": "mk",
                      "Startup Cost": 4790.53,
                      "Total Cost": 30155.09,
                      "Plan Rows": 72845,
                      "Plan Width": 4,
                      "Actual Startup Time": 36.388,
                      "Actual Total Time": 112.413,
                      "Actual Rows": 55527,
                      "Actual Loops": 4,
                      "Recheck Cond": "(keyword_id < 178)",
                      "Rows Removed by Index Recheck": 0,
                      "Exact Heap Blocks": 7500,
                      "Lossy Heap Blocks": 0,
                      "Plans": [
                        {
                          "Node Type": "Bitmap Index Scan",
                          "Parent Relationship": "Outer",
                          "Parallel Aware": false,
                          "Index Name": "keyword_id_movie_keyword",
                          "Startup Cost": 0.0,
                          "Total Cost": 4734.07,
                          "Plan Rows": 225819,
                          "Plan Width": 0,
                          "Actual Startup Time": 30.651,
                          "Actual Total Time": 30.653,
                          "Actual Rows": 222109,
                          "Actual Loops": 1,
                          "Index Cond": "(keyword_id < 178)"
                        }
                      ]
                    },
                    {
                      "Node Type": "Hash",
                      "Parent Relationship": "Inner",
                      "Parallel Aware": true,
                      "Startup Cost": 43899.32,
                      "Total Cost": 43899.32,
                      "Plan Rows": 467063,
                      "Plan Width": 4,
                      "Actual Startup Time": 430.271,
                      "Actual Total Time": 430.273,
                      "Actual Rows": 466372,
                      "Actual Loops": 4,
                      "Hash Buckets": 2097152,
                      "Original Hash Buckets": 2097152,
                      "Hash Batches": 1,
                      "Original Hash Batches": 1,
                      "Peak Memory Usage": 89440,
                      "Plans": [
                        {
                          "Node Type": "Seq Scan",
                          "Parent Relationship": "Outer",
                          "Parallel Aware": true,
                          "Relation Name": "title",
                          "Alias": "t",
                          "Startup Cost": 0.0,
                          "Total Cost": 43899.32,
                          "Plan Rows": 467063,
                          "Plan Width": 4,
                          "Actual Startup Time": 0.06,
                          "Actual Total Time": 169.188,
                          "Actual Rows": 466372,
                          "Actual Loops": 4,
                          "Filter": "(kind_id > 1)",
                          "Rows Removed by Filter": 165706
                        }
                      ]
                    }
                  ]
                }
              ]
            }
          ]
        }
      ]
    },
    "Planning Time": 0.324,
    "Triggers": [],
    "Execution Time": 660.293
  }
]