[
  {
    "Plan": {
      "Node Type": "Aggregate",
      "Strategy": "Plain",
      "Partial Mode": "Finalize",
      "Parallel Aware": false,
      "Startup Cost": 80851.54,
      "Total Cost": 80851.55,
      "Plan Rows": 1,
      "Plan Width": 8,
      "Actual Startup Time": 403.252,
      "Actual Total Time": 420.776,
      "Actual Rows": 1,
      "Actual Loops": 1,
      "Plans": [
        {
          "Node Type": "Gather",
          "Parent Relationship": "Outer",
          "Parallel Aware": false,
          "Startup Cost": 80851.22,
          "Total Cost": 80851.53,
          "Plan Rows": 3,
          "Plan Width": 8,
          "Actual Startup Time": 397.721,
          "Actual Total Time": 420.766,
          "Actual Rows": 4,
          "Actual Loops": 1,
          "Workers Planned": 3,
          "Workers Launched": 3,
          "Single Copy": false,
          "Plans": [
            {
              "Node Type": "Aggregate",
              "Strategy": "Plain",
              "Partial Mode": "Partial",
              "Parent Relationship": "Outer",
              "Parallel Aware": false,
              "Startup Cost": 79851.22,
              "Total Cost": 79851.23,
              "Plan Rows": 1,
              "Plan Width": 8,
              "Actual Startup Time": 385.508,
              "Actual Total Time": 385.512,
              "Actual Rows": 1,
              "Actual Loops": 4,
              "Plans": [
                {
                  "Node Type": "Hash Join",
                  "Parent Relationship": "Outer",
                  "Parallel Aware": true,
                  "Join Type": "Inner",
                  "Startup Cost": 54234.2,
                  "Total Cost": 79724.82,
                  "Plan Rows": 50558,
                  "Plan Width": 0,
                  "Actual Startup Time": 310.493,
                  "Actual Total Time": 383.91,
                  "Actual Rows": 23699,
                  "Actual Loops": 4,
                  "Inner Unique": true,
                  "Hash Cond": "(mk.movie_id = t.id)",
                  "Plans": [
                    {
                      "Node Type": "Bitmap Heap Scan",
                      "Parent Relationship": "Outer",
                      "Parallel Aware": true,
                      "Relation Name": "movie_keyword",
                      "Alias": "mk",
                      "Startup Cost": 4507.04,
                      "Total Cost": 29817.76,
                      "Plan Rows": 68537,
                      "Plan Width": 4,
                      "Actual Startup Time": 19.304,
                      "Actual Total Time": 64.624,
                      "Actual Rows": 55527,
                      "Actual Loops": 4,
                      "Recheck Cond": "(keyword_id < 178)",
                      "Rows Removed by Index Recheck": 0,
                      "Exact Heap Blocks": 8043,
                      "Lossy Heap Blocks": 0,
                      "Plans": [
                        {
                          "Node Type": "Bitmap Index Scan",
                          "Parent Relationship": "Outer",
                          "Parallel Aware": false,
                          "Index Name": "keyword_id_movie_keyword",
                          "Startup Cost": 0.0,
                          "Total Cost": 4453.93,
                          "Plan Rows": 212466,
                          "Plan Width": 0,
                          "Actual Startup Time": 15.721,
                          "Actual Total Time": 15.723,
                          "Actual Rows": 222109,
                          "Actual Loops": 1,
                          "Index Cond": "(keyword_id < 178)"
                        }
                      ]
                    },
                    {
                      "Node Type": "Hash",
                      "Parent Relationship": "Inner",
                      "Parallel Aware": true,
                      "Startup Cost": 43898.92,
                      "Total Cost": 43898.92,
                      "Plan Rows": 466259,
                      "Plan Width": 4,
                      "Actual Startup Time": 283.47,
                      "Actual Total Time": 283.471,
                      "Actual Rows": 466372,
                      "Actual Loops": 4,
                      "Hash Buckets": 2097152,
                      "Original Hash Buckets": 2097152,
                      "Hash Batches": 1,
                      "Original Hash Batches": 1,
                      "Peak Memory Usage": 89440,
                      "Plans": [
                        {
                          "Node Type": "Seq Scan",
                          "Parent Relationship": "Outer",
                          "Parallel Aware": true,
                          "Relation Name": "title",
                          "Alias": "t",
                          "Startup Cost": 0.0,
                          "Total Cost": 43898.92,
                          "Plan Rows": 466259,
                          "Plan Width": 4,
                          "Actual Startup Time": 0.031,
                          "Actual Total Time": 112.563,
                          "Actual Rows": 466372,
                          "Actual Loops": 4,
                          "Filter": "(kind_id > 1)",
                          "Rows Removed by Filter": 165706
                        }
                      ]
                    }
                  ]
                }
              ]
            }
          ]
        }
      ]
    },
    "Planning Time": 0.657,
    "Triggers": [],
    "Execution Time": 420.871
  }
]