[
  {
    "Plan": {
      "Node Type": "Aggregate",
      "Strategy": "Plain",
      "Partial Mode": "Finalize",
      "Parallel Aware": false,
      "Startup Cost": 208010.4,
      "Total Cost": 208010.41,
      "Plan Rows": 1,
      "Plan Width": 8,
      "Actual Startup Time": 184.911,
      "Actual Total Time": 197.097,
      "Actual Rows": 1,
      "Actual Loops": 1,
      "Plans": [
        {
          "Node Type": "Gather",
          "Parent Relationship": "Outer",
          "Parallel Aware": false,
          "Startup Cost": 208009.87,
          "Total Cost": 208010.38,
          "Plan Rows": 5,
          "Plan Width": 8,
          "Actual Startup Time": 182.433,
          "Actual Total Time": 197.088,
          "Actual Rows": 6,
          "Actual Loops": 1,
          "Workers Planned": 5,
          "Workers Launched": 5,
          "Single Copy": false,
          "Plans": [
            {
              "Node Type": "Aggregate",
              "Strategy": "Plain",
              "Partial Mode": "Partial",
              "Parent Relationship": "Outer",
              "Parallel Aware": false,
              "Startup Cost": 207009.87,
              "Total Cost": 207009.88,
              "Plan Rows": 1,
              "Plan Width": 8,
              "Actual Startup Time": 171.156,
              "Actual Total Time": 171.159,
              "Actual Rows": 1,
              "Actual Loops": 6,
              "Plans": [
                {
                  "Node Type": "Nested Loop",
                  "Parent Relationship": "Outer",
                  "Parallel Aware": false,
                  "Join Type": "Inner",
                  "Startup Cost": 18098.49,
                  "Total Cost": 206982.08,
                  "Plan Rows": 11116,
                  "Plan Width": 0,
                  "Actual Startup Time": 67.416,
                  "Actual Total Time": 169.895,
                  "Actual Rows": 16130,
                  "Actual Loops": 6,
                  "Inner Unique": true,
                  "Join Filter": "(ci.movie_id = t.id)",
                  "Rows Removed by Join Filter": 0,
                  "Plans": [
                    {
                      "Node Type": "Hash Join",
                      "Parent Relationship": "Outer",
                      "Parallel Aware": true,
                      "Join Type": "Inner",
                      "Startup Cost": 18098.06,
                      "Total Cost": 183009.52,
                      "Plan Rows": 28468,
                      "Plan Width": 8,
                      "Actual Startup Time": 67.319,
                      "Actual Total Time": 101.215,
                      "Actual Rows": 16130,
                      "Actual Loops": 6,
                      "Inner Unique": false,
                      "Hash Cond": "(mi.movie_id = ci.movie_id)",
                      "Plans": [
                        {
                          "Node Type": "Bitmap Heap Scan",
                          "Parent Relationship": "Outer",
                          "Parallel Aware": true,
                          "Relation Name": "movie_info",
                          "Alias": "mi",
                          "Startup Cost": 8535.51,
                          "Total Cost": 171706.27,
                          "Plan Rows": 94221,
                          "Plan Width": 4,
                          "Actual Startup Time": 20.415,
                          "Actual Total Time": 30.927,
                          "Actual Rows": 79074,
                          "Actual Loops": 6,
                          "Recheck Cond": "(info_type_id = 6)",
                          "Rows Removed by Index Recheck": 0,
                          "Exact Heap Blocks": 791,
                          "Lossy Heap Blocks": 0,
                          "Plans": [
                            {
                              "Node Type": "Bitmap Index Scan",
                              "Parent Relationship": "Outer",
                              "Parallel Aware": false,
                              "Index Name": "info_type_id_movie_info",
                              "Startup Cost": 0.0,
                              "Total Cost": 8417.73,
                              "Plan Rows": 471106,
                              "Plan Width": 0,
                              "Actual Startup Time": 19.87,
                              "Actual Total Time": 19.871,
                              "Actual Rows": 474443,
                              "Actual Loops": 1,
                              "Index Cond": "(info_type_id = 6)"
                            }
                          ]
                        },
                        {
                          "Node Type": "Hash",
                          "Parent Relationship": "Inner",
                          "Parallel Aware": true,
                          "Startup Cost": 8359.83,
                          "Total Cost": 8359.83,
                          "Plan Rows": 96218,
                          "Plan Width": 4,
                          "Actual Startup Time": 44.491,
                          "Actual Total Time": 44.492,
                          "Actual Rows": 52686,
                          "Actual Loops": 6,
                          "Hash Buckets": 524288,
                          "Original Hash Buckets": 524288,
                          "Hash Batches": 1,
                          "Original Hash Batches": 1,
                          "Peak Memory Usage": 16544,
                          "Plans": [
                            {
                              "Node Type": "Index Scan",
                              "Parent Relationship": "Outer",
                              "Parallel Aware": true,
                              "Scan Direction": "Forward",
                              "Index Name": "role_id_cast_info",
                              "Relation Name": "cast_info",
                              "Alias": "ci",
                              "Startup Cost": 0.56,
                              "Total Cost": 8359.83,
                              "Plan Rows": 96218,
                              "Plan Width": 4,
                              "Actual Startup Time": 0.221,
                              "Actual Total Time": 19.891,
                              "Actual Rows": 52686,
                              "Actual Loops": 6,
                              "Index Cond": "(role_id > 10)",
                              "Rows Removed by Index Recheck": 0
                            }
                          ]
                        }
                      ]
                    },
                    {
                      "Node Type": "Index Only Scan",
                      "Parent Relationship": "Inner",
                      "Parallel Aware": false,
                      "Scan Direction": "Forward",
                      "Index Name": "title_pkey",
                      "Relation Name": "title",
                      "Alias": "t",
                      "Startup Cost": 0.43,
                      "Total Cost": 0.83,
                      "Plan Rows": 1,
                      "Plan Width": 4,
                      "Actual Startup Time": 0.004,
                      "Actual Total Time": 0.004,
                      "Actual Rows": 1,
                      "Actual Loops": 96778,
                      "Index Cond": "(id = mi.movie_id)",
                      "Rows Removed by Index Recheck": 0,
                      "Heap Fetches": 96778
                    }
                  ]
                }
              ]
            }
          ]
        }
      ]
    },
    "Planning Time": 1.307,
    "Triggers": [],
    "Execution Time": 197.209
  }
]