{
    "Plan": {
        "Node Type": "Aggregate",
        "Strategy": "Plain",
        "Partial Mode": "Finalize",
        "Parallel Aware": false,
        "Startup Cost": 126367.19,
        "Total Cost": 126367.2,
        "Plan Rows": 1,
        "Plan Width": 8,
        "Actual Startup Time": 674.545,
        "Actual Total Time": 697.307,
        "Actual Rows": 1,
        "Actual Loops": 1,
        "Output": [
            "count(*)"
        ],
        "Plans": [
            {
                "Node Type": "Gather",
                "Parent Relationship": "Outer",
                "Parallel Aware": false,
                "Startup Cost": 126366.87,
                "Total Cost": 126367.18,
                "Plan Rows": 3,
                "Plan Width": 8,
                "Actual Startup Time": 661.002,
                "Actual Total Time": 697.297,
                "Actual Rows": 4,
                "Actual Loops": 1,
                "Output": [
                    "(PARTIAL count(*))"
                ],
                "Workers Planned": 3,
                "Workers Launched": 3,
                "Single Copy": false,
                "Plans": [
                    {
                        "Node Type": "Aggregate",
                        "Strategy": "Plain",
                        "Partial Mode": "Partial",
                        "Parent Relationship": "Outer",
                        "Parallel Aware": false,
                        "Startup Cost": 125366.87,
                        "Total Cost": 125366.88,
                        "Plan Rows": 1,
                        "Plan Width": 8,
                        "Actual Startup Time": 651.928,
                        "Actual Total Time": 651.933,
                        "Actual Rows": 1,
                        "Actual Loops": 4,
                        "Output": [
                            "PARTIAL count(*)"
                        ],
                        "Workers": [
                            {
                                "Worker Number": 0,
                                "Actual Startup Time": 648.897,
                                "Actual Total Time": 648.902,
                                "Actual Rows": 1,
                                "Actual Loops": 1
                            },
                            {
                                "Worker Number": 1,
                                "Actual Startup Time": 649.365,
                                "Actual Total Time": 649.37,
                                "Actual Rows": 1,
                                "Actual Loops": 1
                            },
                            {
                                "Worker Number": 2,
                                "Actual Startup Time": 649.236,
                                "Actual Total Time": 649.242,
                                "Actual Rows": 1,
                                "Actual Loops": 1
                            }
                        ],
                        "Plans": [
                            {
                                "Node Type": "Hash Join",
                                "Parent Relationship": "Outer",
                                "Parallel Aware": true,
                                "Join Type": "Inner",
                                "Startup Cost": 94252.99,
                                "Total Cost": 125255.04,
                                "Plan Rows": 44732,
                                "Plan Width": 0,
                                "Actual Startup Time": 511.575,
                                "Actual Total Time": 638.84,
                                "Actual Rows": 306401,
                                "Actual Loops": 4,
                                "Inner Unique": false,
                                "Hash Cond": "(mc.movie_id = t.id)",
                                "Workers": [
                                    {
                                        "Worker Number": 0,
                                        "Actual Startup Time": 508.492,
                                        "Actual Total Time": 636.447,
                                        "Actual Rows": 326303,
                                        "Actual Loops": 1
                                    },
                                    {
                                        "Worker Number": 1,
                                        "Actual Startup Time": 509.138,
                                        "Actual Total Time": 636.092,
                                        "Actual Rows": 212229,
                                        "Actual Loops": 1
                                    },
                                    {
                                        "Worker Number": 2,
                                        "Actual Startup Time": 508.845,
                                        "Actual Total Time": 636.667,
                                        "Actual Rows": 328135,
                                        "Actual Loops": 1
                                    }
                                ],
                                "Plans": [
                                    {
                                        "Node Type": "Seq Scan",
                                        "Parent Relationship": "Outer",
                                        "Parallel Aware": true,
                                        "Relation Name": "movie_companies",
                                        "Schema": "public",
                                        "Alias": "mc",
                                        "Startup Cost": 0.0,
                                        "Total Cost": 29310.68,
                                        "Plan Rows": 412551,
                                        "Plan Width": 4,
                                        "Actual Startup Time": 0.02,
                                        "Actual Total Time": 63.887,
                                        "Actual Rows": 318562,
                                        "Actual Loops": 4,
                                        "Output": [
                                            "mc.id",
                                            "mc.movie_id",
                                            "mc.company_id",
                                            "mc.company_type_id",
                                            "mc.note"
                                        ],
                                        "Filter": "(mc.company_type_id < 2)",
                                        "Rows Removed by Filter": 333721,
                                        "Workers": [
                                            {
                                                "Worker Number": 0,
                                                "Actual Startup Time": 0.023,
                                                "Actual Total Time": 64.438,
                                                "Actual Rows": 341243,
                                                "Actual Loops": 1
                                            },
                                            {
                                                "Worker Number": 1,
                                                "Actual Startup Time": 0.025,
                                                "Actual Total Time": 65.871,
                                                "Actual Rows": 221203,
                                                "Actual Loops": 1
                                            },
                                            {
                                                "Worker Number": 2,
                                                "Actual Startup Time": 0.021,
                                                "Actual Total Time": 64.441,
                                                "Actual Rows": 342308,
                                                "Actual Loops": 1
                                            }
                                        ]
                                    },
                                    {
                                        "Node Type": "Hash",
                                        "Parent Relationship": "Inner",
                                        "Parallel Aware": true,
                                        "Startup Cost": 93147.59,
                                        "Total Cost": 93147.59,
                                        "Plan Rows": 88432,
                                        "Plan Width": 8,
                                        "Actual Startup Time": 508.126,
                                        "Actual Total Time": 508.13,
                                        "Actual Rows": 68112,
                                        "Actual Loops": 4,
                                        "Output": [
                                            "t.id",
                                            "mk.movie_id"
                                        ],
                                        "Hash Buckets": 524288,
                                        "Original Hash Buckets": 524288,
                                        "Hash Batches": 1,
                                        "Original Hash Batches": 1,
                                        "Peak Memory Usage": 14816,
                                        "Workers": [
                                            {
                                                "Worker Number": 0,
                                                "Actual Startup Time": 507.914,
                                                "Actual Total Time": 507.918,
                                                "Actual Rows": 68055,
                                                "Actual Loops": 1
                                            },
                                            {
                                                "Worker Number": 1,
                                                "Actual Startup Time": 508.039,
                                                "Actual Total Time": 508.043,
                                                "Actual Rows": 47376,
                                                "Actual Loops": 1
                                            },
                                            {
                                                "Worker Number": 2,
                                                "Actual Startup Time": 508.227,
                                                "Actual Total Time": 508.231,
                                                "Actual Rows": 66732,
                                                "Actual Loops": 1
                                            }
                                        ],
                                        "Plans": [
                                            {
                                                "Node Type": "Hash Join",
                                                "Parent Relationship": "Outer",
                                                "Parallel Aware": true,
                                                "Join Type": "Inner",
                                                "Startup Cost": 50219.81,
                                                "Total Cost": 93147.59,
                                                "Plan Rows": 88432,
                                                "Plan Width": 8,
                                                "Actual Startup Time": 350.275,
                                                "Actual Total Time": 484.811,
                                                "Actual Rows": 68112,
                                                "Actual Loops": 4,
                                                "Output": [
                                                    "t.id",
                                                    "mk.movie_id"
                                                ],
                                                "Inner Unique": true,
                                                "Hash Cond": "(mk.movie_id = t.id)",
                                                "Workers": [
                                                    {
                                                        "Worker Number": 0,
                                                        "Actual Startup Time": 350.002,
                                                        "Actual Total Time": 484.598,
                                                        "Actual Rows": 68055,
                                                        "Actual Loops": 1
                                                    },
                                                    {
                                                        "Worker Number": 1,
                                                        "Actual Startup Time": 350.284,
                                                        "Actual Total Time": 487.036,
                                                        "Actual Rows": 47376,
                                                        "Actual Loops": 1
                                                    },
                                                    {
                                                        "Worker Number": 2,
                                                        "Actual Startup Time": 350.314,
                                                        "Actual Total Time": 485.119,
                                                        "Actual Rows": 66732,
                                                        "Actual Loops": 1
                                                    }
                                                ],
                                                "Plans": [
                                                    {
                                                        "Node Type": "Seq Scan",
                                                        "Parent Relationship": "Outer",
                                                        "Parallel Aware": true,
                                                        "Relation Name": "movie_keyword",
                                                        "Schema": "public",
                                                        "Alias": "mk",
                                                        "Startup Cost": 0.0,
                                                        "Total Cost": 42695.65,
                                                        "Plan Rows": 88432,
                                                        "Plan Width": 4,
                                                        "Actual Startup Time": 0.014,
                                                        "Actual Total Time": 101.312,
                                                        "Actual Rows": 68112,
                                                        "Actual Loops": 4,
                                                        "Output": [
                                                            "mk.id",
                                                            "mk.movie_id",
                                                            "mk.keyword_id"
                                                        ],
                                                        "Filter": "(mk.keyword_id < 231)",
                                                        "Rows Removed by Filter": 1062871,
                                                        "Workers": [
                                                            {
                                                                "Worker Number": 0,
                                                                "Actual Startup Time": 0.016,
                                                                "Actual Total Time": 103.167,
                                                                "Actual Rows": 68055,
                                                                "Actual Loops": 1
                                                            },
                                                            {
                                                                "Worker Number": 1,
                                                                "Actual Startup Time": 0.014,
                                                                "Actual Total Time": 103.894,
                                                                "Actual Rows": 47376,
                                                                "Actual Loops": 1
                                                            },
                                                            {
                                                                "Worker Number": 2,
                                                                "Actual Startup Time": 0.019,
                                                                "Actual Total Time": 103.206,
                                                                "Actual Rows": 66732,
                                                                "Actual Loops": 1
                                                            }
                                                        ]
                                                    },
                                                    {
                                                        "Node Type": "Hash",
                                                        "Parent Relationship": "Inner",
                                                        "Parallel Aware": true,
                                                        "Startup Cost": 42318.81,
                                                        "Total Cost": 42318.81,
                                                        "Plan Rows": 632080,
                                                        "Plan Width": 4,
                                                        "Actual Startup Time": 341.8,
                                                        "Actual Total Time": 341.801,
                                                        "Actual Rows": 632078,
                                                        "Actual Loops": 4,
                                                        "Output": [
                                                            "t.id"
                                                        ],
                                                        "Hash Buckets": 4194304,
                                                        "Original Hash Buckets": 4194304,
                                                        "Hash Batches": 1,
                                                        "Original Hash Batches": 1,
                                                        "Peak Memory Usage": 131712,
                                                        "Workers": [
                                                            {
                                                                "Worker Number": 0,
                                                                "Actual Startup Time": 349.929,
                                                                "Actual Total Time": 349.93,
                                                                "Actual Rows": 635121,
                                                                "Actual Loops": 1
                                                            },
                                                            {
                                                                "Worker Number": 1,
                                                                "Actual Startup Time": 350.141,
                                                                "Actual Total Time": 350.142,
                                                                "Actual Rows": 474986,
                                                                "Actual Loops": 1
                                                            },
                                                            {
                                                                "Worker Number": 2,
                                                                "Actual Startup Time": 350.25,
                                                                "Actual Total Time": 350.251,
                                                                "Actual Rows": 633768,
                                                                "Actual Loops": 1
                                                            }
                                                        ],
                                                        "Plans": [
                                                            {
                                                                "Node Type": "Seq Scan",
                                                                "Parent Relationship": "Outer",
                                                                "Parallel Aware": true,
                                                                "Relation Name": "title",
                                                                "Schema": "public",
                                                                "Alias": "t",
                                                                "Startup Cost": 0.0,
                                                                "Total Cost": 42318.81,
                                                                "Plan Rows": 632080,
                                                                "Plan Width": 4,
                                                                "Actual Startup Time": 0.078,
                                                                "Actual Total Time": 102.871,
                                                                "Actual Rows": 632078,
                                                                "Actual Loops": 4,
                                                                "Output": [
                                                                    "t.id"
                                                                ],
                                                                "Workers": [
                                                                    {
                                                                        "Worker Number": 0,
                                                                        "Actual Startup Time": 0.086,
                                                                        "Actual Total Time": 105.914,
                                                                        "Actual Rows": 635121,
                                                                        "Actual Loops": 1
                                                                    },
                                                                    {
                                                                        "Worker Number": 1,
                                                                        "Actual Startup Time": 0.127,
                                                                        "Actual Total Time": 112.26,
                                                                        "Actual Rows": 474986,
                                                                        "Actual Loops": 1
                                                                    },
                                                                    {
                                                                        "Worker Number": 2,
                                                                        "Actual Startup Time": 0.086,
                                                                        "Actual Total Time": 105.394,
                                                                        "Actual Rows": 633768,
                                                                        "Actual Loops": 1
                                                                    }
                                                                ]
                                                            }
                                                        ]
                                                    }
                                                ]
                                            }
                                        ]
                                    }
                                ]
                            }
                        ]
                    }
                ]
            }
        ]
    },
    "Planning Time": 1.58,
    "Triggers": [],
    "Execution Time": 697.396
}