[
  {
    "Plan": {
      "Node Type": "Aggregate",
      "Strategy": "Plain",
      "Partial Mode": "Finalize",
      "Parallel Aware": false,
      "Startup Cost": 46482.24,
      "Total Cost": 46482.25,
      "Plan Rows": 1,
      "Plan Width": 8,
      "Actual Startup Time": 92.019,
      "Actual Total Time": 103.863,
      "Actual Rows": 1,
      "Actual Loops": 1,
      "Plans": [
        {
          "Node Type": "Gather",
          "Parent Relationship": "Outer",
          "Parallel Aware": false,
          "Startup Cost": 46481.82,
          "Total Cost": 46482.23,
          "Plan Rows": 4,
          "Plan Width": 8,
          "Actual Startup Time": 91.771,
          "Actual Total Time": 103.854,
          "Actual Rows": 5,
          "Actual Loops": 1,
          "Workers Planned": 4,
          "Workers Launched": 4,
          "Single Copy": false,
          "Plans": [
            {
              "Node Type": "Aggregate",
              "Strategy": "Plain",
              "Partial Mode": "Partial",
              "Parent Relationship": "Outer",
              "Parallel Aware": false,
              "Startup Cost": 45481.82,
              "Total Cost": 45481.83,
              "Plan Rows": 1,
              "Plan Width": 8,
              "Actual Startup Time": 83.257,
              "Actual Total Time": 83.258,
              "Actual Rows": 1,
              "Actual Loops": 5,
              "Plans": [
                {
                  "Node Type": "Seq Scan",
                  "Parent Relationship": "Outer",
                  "Parallel Aware": true,
                  "Relation Name": "title",
                  "Alias": "t",
                  "Startup Cost": 0.0,
                  "Total Cost": 45479.1,
                  "Plan Rows": 1090,
                  "Plan Width": 0,
                  "Actual Startup Time": 2.79,
                  "Actual Total Time": 83.143,
                  "Actual Rows": 868,
                  "Actual Loops": 5,
                  "Filter": "((kind_id < 7) AND (production_year = 1961))",
                  "Rows Removed by Filter": 504795
                }
              ]
            }
          ]
        }
      ]
    },
    "Planning Time": 0.183,
    "Triggers": [],
    "Execution Time": 103.928
  }
]