[
  {
    "Plan": {
      "Node Type": "Aggregate",
      "Strategy": "Plain",
      "Partial Mode": "Finalize",
      "Parallel Aware": false,
      "Startup Cost": 46479.53,
      "Total Cost": 46479.54,
      "Plan Rows": 1,
      "Plan Width": 8,
      "Actual Startup Time": 96.075,
      "Actual Total Time": 107.699,
      "Actual Rows": 1,
      "Actual Loops": 1,
      "Plans": [
        {
          "Node Type": "Gather",
          "Parent Relationship": "Outer",
          "Parallel Aware": false,
          "Startup Cost": 46479.11,
          "Total Cost": 46479.52,
          "Plan Rows": 4,
          "Plan Width": 8,
          "Actual Startup Time": 95.826,
          "Actual Total Time": 107.69,
          "Actual Rows": 5,
          "Actual Loops": 1,
          "Workers Planned": 4,
          "Workers Launched": 4,
          "Single Copy": false,
          "Plans": [
            {
              "Node Type": "Aggregate",
              "Strategy": "Plain",
              "Partial Mode": "Partial",
              "Parent Relationship": "Outer",
              "Parallel Aware": false,
              "Startup Cost": 45479.11,
              "Total Cost": 45479.12,
              "Plan Rows": 1,
              "Plan Width": 8,
              "Actual Startup Time": 87.779,
              "Actual Total Time": 87.78,
              "Actual Rows": 1,
              "Actual Loops": 5,
              "Plans": [
                {
                  "Node Type": "Seq Scan",
                  "Parent Relationship": "Outer",
                  "Parallel Aware": true,
                  "Relation Name": "title",
                  "Alias": "t",
                  "Startup Cost": 0.0,
                  "Total Cost": 45479.1,
                  "Plan Rows": 5,
                  "Plan Width": 0,
                  "Actual Startup Time": 62.854,
                  "Actual Total Time": 87.771,
                  "Actual Rows": 2,
                  "Actual Loops": 5,
                  "Filter": "((kind_id > 1) AND (production_year > 2014))",
                  "Rows Removed by Filter": 505660
                }
              ]
            }
          ]
        }
      ]
    },
    "Planning Time": 0.159,
    "Triggers": [],
    "Execution Time": 107.76
  }
]