[
    {
        "Bao": {
            "Bao prediction": "NaN",
            "Bao recommended hint": "(no hint)"
        }
    },
    {
        "Plan": {
            "Node Type": "Aggregate",
            "Strategy": "Plain",
            "Partial Mode": "Finalize",
            "Parallel Aware": false,
            "Startup Cost": 651734.59,
            "Total Cost": 651734.6,
            "Plan Rows": 1,
            "Plan Width": 8,
            "Actual Startup Time": 3819.562,
            "Actual Total Time": 3862.174,
            "Actual Rows": 1,
            "Actual Loops": 1,
            "Output": [
                "count(*)"
            ],
            "Plans": [
                {
                    "Node Type": "Gather",
                    "Parent Relationship": "Outer",
                    "Parallel Aware": false,
                    "Startup Cost": 651733.97,
                    "Total Cost": 651734.58,
                    "Plan Rows": 6,
                    "Plan Width": 8,
                    "Actual Startup Time": 3780.63,
                    "Actual Total Time": 3862.164,
                    "Actual Rows": 7,
                    "Actual Loops": 1,
                    "Output": [
                        "(PARTIAL count(*))"
                    ],
                    "Workers Planned": 6,
                    "Workers Launched": 6,
                    "Single Copy": false,
                    "Plans": [
                        {
                            "Node Type": "Aggregate",
                            "Strategy": "Plain",
                            "Partial Mode": "Partial",
                            "Parent Relationship": "Outer",
                            "Parallel Aware": false,
                            "Startup Cost": 650733.97,
                            "Total Cost": 650733.98,
                            "Plan Rows": 1,
                            "Plan Width": 8,
                            "Actual Startup Time": 3747.677,
                            "Actual Total Time": 3747.685,
                            "Actual Rows": 1,
                            "Actual Loops": 7,
                            "Output": [
                                "PARTIAL count(*)"
                            ],
                            "Workers": [
                                {
                                    "Worker Number": 0,
                                    "Actual Startup Time": 3742.035,
                                    "Actual Total Time": 3742.04,
                                    "Actual Rows": 1,
                                    "Actual Loops": 1
                                },
                                {
                                    "Worker Number": 1,
                                    "Actual Startup Time": 3742.567,
                                    "Actual Total Time": 3742.57,
                                    "Actual Rows": 1,
                                    "Actual Loops": 1
                                },
                                {
                                    "Worker Number": 2,
                                    "Actual Startup Time": 3742.272,
                                    "Actual Total Time": 3742.277,
                                    "Actual Rows": 1,
                                    "Actual Loops": 1
                                },
                                {
                                    "Worker Number": 3,
                                    "Actual Startup Time": 3742.289,
                                    "Actual Total Time": 3742.294,
                                    "Actual Rows": 1,
                                    "Actual Loops": 1
                                },
                                {
                                    "Worker Number": 4,
                                    "Actual Startup Time": 3742.401,
                                    "Actual Total Time": 3742.404,
                                    "Actual Rows": 1,
                                    "Actual Loops": 1
                                },
                                {
                                    "Worker Number": 5,
                                    "Actual Startup Time": 3742.239,
                                    "Actual Total Time": 3742.245,
                                    "Actual Rows": 1,
                                    "Actual Loops": 1
                                }
                            ],
                            "Plans": [
                                {
                                    "Node Type": "Hash Join",
                                    "Parent Relationship": "Outer",
                                    "Parallel Aware": true,
                                    "Join Type": "Inner",
                                    "Startup Cost": 265354.2,
                                    "Total Cost": 626491.99,
                                    "Plan Rows": 9696792,
                                    "Plan Width": 0,
                                    "Actual Startup Time": 1254.629,
                                    "Actual Total Time": 3466.748,
                                    "Actual Rows": 6299659,
                                    "Actual Loops": 7,
                                    "Inner Unique": false,
                                    "Hash Cond": "(ci.movie_id = t.id)",
                                    "Workers": [
                                        {
                                            "Worker Number": 0,
                                            "Actual Startup Time": 1249.531,
                                            "Actual Total Time": 3455.276,
                                            "Actual Rows": 5671972,
                                            "Actual Loops": 1
                                        },
                                        {
                                            "Worker Number": 1,
                                            "Actual Startup Time": 1249.775,
                                            "Actual Total Time": 3462.412,
                                            "Actual Rows": 6422589,
                                            "Actual Loops": 1
                                        },
                                        {
                                            "Worker Number": 2,
                                            "Actual Startup Time": 1249.681,
                                            "Actual Total Time": 3464.988,
                                            "Actual Rows": 6620100,
                                            "Actual Loops": 1
                                        },
                                        {
                                            "Worker Number": 3,
                                            "Actual Startup Time": 1249.671,
                                            "Actual Total Time": 3473.173,
                                            "Actual Rows": 6805238,
                                            "Actual Loops": 1
                                        },
                                        {
                                            "Worker Number": 4,
                                            "Actual Startup Time": 1249.797,
                                            "Actual Total Time": 3471.237,
                                            "Actual Rows": 7017046,
                                            "Actual Loops": 1
                                        },
                                        {
                                            "Worker Number": 5,
                                            "Actual Startup Time": 1249.769,
                                            "Actual Total Time": 3451.645,
                                            "Actual Rows": 5596392,
                                            "Actual Loops": 1
                                        }
                                    ],
                                    "Plans": [
                                        {
                                            "Node Type": "Seq Scan",
                                            "Parent Relationship": "Outer",
                                            "Parallel Aware": true,
                                            "Relation Name": "cast_info",
                                            "Schema": "public",
                                            "Alias": "ci",
                                            "Startup Cost": 0.0,
                                            "Total Cost": 328213.62,
                                            "Plan Rows": 3608158,
                                            "Plan Width": 4,
                                            "Actual Startup Time": 0.039,
                                            "Actual Total Time": 549.585,
                                            "Actual Rows": 3077237,
                                            "Actual Loops": 7,
                                            "Output": [
                                                "ci.id",
                                                "ci.person_id",
                                                "ci.movie_id",
                                                "ci.person_role_id",
                                                "ci.note",
                                                "ci.nr_order",
                                                "ci.role_id"
                                            ],
                                            "Filter": "(ci.person_id < 2184796)",
                                            "Rows Removed by Filter": 2100527,
                                            "Workers": [
                                                {
                                                    "Worker Number": 0,
                                                    "Actual Startup Time": 0.074,
                                                    "Actual Total Time": 560.72,
                                                    "Actual Rows": 2739637,
                                                    "Actual Loops": 1
                                                },
                                                {
                                                    "Worker Number": 1,
                                                    "Actual Startup Time": 0.03,
                                                    "Actual Total Time": 569.565,
                                                    "Actual Rows": 3180205,
                                                    "Actual Loops": 1
                                                },
                                                {
                                                    "Worker Number": 2,
                                                    "Actual Startup Time": 0.03,
                                                    "Actual Total Time": 560.852,
                                                    "Actual Rows": 3217639,
                                                    "Actual Loops": 1
                                                },
                                                {
                                                    "Worker Number": 3,
                                                    "Actual Startup Time": 0.027,
                                                    "Actual Total Time": 555.85,
                                                    "Actual Rows": 3348698,
                                                    "Actual Loops": 1
                                                },
                                                {
                                                    "Worker Number": 4,
                                                    "Actual Startup Time": 0.022,
                                                    "Actual Total Time": 558.637,
                                                    "Actual Rows": 3471203,
                                                    "Actual Loops": 1
                                                },
                                                {
                                                    "Worker Number": 5,
                                                    "Actual Startup Time": 0.064,
                                                    "Actual Total Time": 564.991,
                                                    "Actual Rows": 2700098,
                                                    "Actual Loops": 1
                                                }
                                            ]
                                        },
                                        {
                                            "Node Type": "Hash",
                                            "Parent Relationship": "Inner",
                                            "Parallel Aware": true,
                                            "Startup Cost": 248367.27,
                                            "Total Cost": 248367.27,
                                            "Plan Rows": 1358954,
                                            "Plan Width": 8,
                                            "Actual Startup Time": 1242.984,
                                            "Actual Total Time": 1242.988,
                                            "Actual Rows": 468888,
                                            "Actual Loops": 7,
                                            "Output": [
                                                "t.id",
                                                "mi.movie_id"
                                            ],
                                            "Hash Buckets": 8388608,
                                            "Original Hash Buckets": 8388608,
                                            "Hash Batches": 1,
                                            "Original Hash Batches": 1,
                                            "Peak Memory Usage": 194048,
                                            "Workers": [
                                                {
                                                    "Worker Number": 0,
                                                    "Actual Startup Time": 1248.54,
                                                    "Actual Total Time": 1248.544,
                                                    "Actual Rows": 381487,
                                                    "Actual Loops": 1
                                                },
                                                {
                                                    "Worker Number": 1,
                                                    "Actual Startup Time": 1248.614,
                                                    "Actual Total Time": 1248.617,
                                                    "Actual Rows": 408506,
                                                    "Actual Loops": 1
                                                },
                                                {
                                                    "Worker Number": 2,
                                                    "Actual Startup Time": 1248.693,
                                                    "Actual Total Time": 1248.696,
                                                    "Actual Rows": 407016,
                                                    "Actual Loops": 1
                                                },
                                                {
                                                    "Worker Number": 3,
                                                    "Actual Startup Time": 1248.565,
                                                    "Actual Total Time": 1248.569,
                                                    "Actual Rows": 554996,
                                                    "Actual Loops": 1
                                                },
                                                {
                                                    "Worker Number": 4,
                                                    "Actual Startup Time": 1248.812,
                                                    "Actual Total Time": 1248.815,
                                                    "Actual Rows": 566564,
                                                    "Actual Loops": 1
                                                },
                                                {
                                                    "Worker Number": 5,
                                                    "Actual Startup Time": 1248.732,
                                                    "Actual Total Time": 1248.736,
                                                    "Actual Rows": 532327,
                                                    "Actual Loops": 1
                                                }
                                            ],
                                            "Plans": [
                                                {
                                                    "Node Type": "Hash Join",
                                                    "Parent Relationship": "Outer",
                                                    "Parallel Aware": true,
                                                    "Join Type": "Inner",
                                                    "Startup Cost": 49117.65,
                                                    "Total Cost": 248367.27,
                                                    "Plan Rows": 1358954,
                                                    "Plan Width": 8,
                                                    "Actual Startup Time": 180.634,
                                                    "Actual Total Time": 1004.735,
                                                    "Actual Rows": 468888,
                                                    "Actual Loops": 7,
                                                    "Output": [
                                                        "t.id",
                                                        "mi.movie_id"
                                                    ],
                                                    "Inner Unique": true,
                                                    "Hash Cond": "(mi.movie_id = t.id)",
                                                    "Workers": [
                                                        {
                                                            "Worker Number": 0,
                                                            "Actual Startup Time": 180.662,
                                                            "Actual Total Time": 1005.871,
                                                            "Actual Rows": 381487,
                                                            "Actual Loops": 1
                                                        },
                                                        {
                                                            "Worker Number": 1,
                                                            "Actual Startup Time": 180.701,
                                                            "Actual Total Time": 1008.376,
                                                            "Actual Rows": 408506,
                                                            "Actual Loops": 1
                                                        },
                                                        {
                                                            "Worker Number": 2,
                                                            "Actual Startup Time": 180.687,
                                                            "Actual Total Time": 1006.395,
                                                            "Actual Rows": 407016,
                                                            "Actual Loops": 1
                                                        },
                                                        {
                                                            "Worker Number": 3,
                                                            "Actual Startup Time": 180.524,
                                                            "Actual Total Time": 1003.993,
                                                            "Actual Rows": 554996,
                                                            "Actual Loops": 1
                                                        },
                                                        {
                                                            "Worker Number": 4,
                                                            "Actual Startup Time": 180.624,
                                                            "Actual Total Time": 1004.785,
                                                            "Actual Rows": 566564,
                                                            "Actual Loops": 1
                                                        },
                                                        {
                                                            "Worker Number": 5,
                                                            "Actual Startup Time": 180.47,
                                                            "Actual Total Time": 1003.092,
                                                            "Actual Rows": 532327,
                                                            "Actual Loops": 1
                                                        }
                                                    ],
                                                    "Plans": [
                                                        {
                                                            "Node Type": "Seq Scan",
                                                            "Parent Relationship": "Outer",
                                                            "Parallel Aware": true,
                                                            "Relation Name": "movie_info",
                                                            "Schema": "public",
                                                            "Alias": "mi",
                                                            "Startup Cost": 0.0,
                                                            "Total Cost": 191503.19,
                                                            "Plan Rows": 2951019,
                                                            "Plan Width": 4,
                                                            "Actual Startup Time": 0.028,
                                                            "Actual Total Time": 287.935,
                                                            "Actual Rows": 2119389,
                                                            "Actual Loops": 7,
                                                            "Output": [
                                                                "mi.id",
                                                                "mi.movie_id",
                                                                "mi.info_type_id",
                                                                "mi.info",
                                                                "mi.note"
                                                            ],
                                                            "Workers": [
                                                                {
                                                                    "Worker Number": 0,
                                                                    "Actual Startup Time": 0.034,
                                                                    "Actual Total Time": 306.041,
                                                                    "Actual Rows": 1733040,
                                                                    "Actual Loops": 1
                                                                },
                                                                {
                                                                    "Worker Number": 1,
                                                                    "Actual Startup Time": 0.032,
                                                                    "Actual Total Time": 311.196,
                                                                    "Actual Rows": 1779840,
                                                                    "Actual Loops": 1
                                                                },
                                                                {
                                                                    "Worker Number": 2,
                                                                    "Actual Startup Time": 0.035,
                                                                    "Actual Total Time": 310.402,
                                                                    "Actual Rows": 1776258,
                                                                    "Actual Loops": 1
                                                                },
                                                                {
                                                                    "Worker Number": 3,
                                                                    "Actual Startup Time": 0.028,
                                                                    "Actual Total Time": 285.968,
                                                                    "Actual Rows": 2486716,
                                                                    "Actual Loops": 1
                                                                },
                                                                {
                                                                    "Worker Number": 4,
                                                                    "Actual Startup Time": 0.024,
                                                                    "Actual Total Time": 288.661,
                                                                    "Actual Rows": 2546263,
                                                                    "Actual Loops": 1
                                                                },
                                                                {
                                                                    "Worker Number": 5,
                                                                    "Actual Startup Time": 0.027,
                                                                    "Actual Total Time": 279.323,
                                                                    "Actual Rows": 2442732,
                                                                    "Actual Loops": 1
                                                                }
                                                            ]
                                                        },
                                                        {
                                                            "Node Type": "Hash",
                                                            "Parent Relationship": "Inner",
                                                            "Parallel Aware": true,
                                                            "Startup Cost": 45479.21,
                                                            "Total Cost": 45479.21,
                                                            "Plan Rows": 291075,
                                                            "Plan Width": 4,
                                                            "Actual Startup Time": 178.036,
                                                            "Actual Total Time": 178.037,
                                                            "Actual Rows": 161272,
                                                            "Actual Loops": 7,
                                                            "Output": [
                                                                "t.id"
                                                            ],
                                                            "Hash Buckets": 2097152,
                                                            "Original Hash Buckets": 2097152,
                                                            "Hash Batches": 1,
                                                            "Original Hash Batches": 1,
                                                            "Peak Memory Usage": 60608,
                                                            "Workers": [
                                                                {
                                                                    "Worker Number": 0,
                                                                    "Actual Startup Time": 180.324,
                                                                    "Actual Total Time": 180.326,
                                                                    "Actual Rows": 133280,
                                                                    "Actual Loops": 1
                                                                },
                                                                {
                                                                    "Worker Number": 1,
                                                                    "Actual Startup Time": 180.378,
                                                                    "Actual Total Time": 180.379,
                                                                    "Actual Rows": 136500,
                                                                    "Actual Loops": 1
                                                                },
                                                                {
                                                                    "Worker Number": 2,
                                                                    "Actual Startup Time": 180.327,
                                                                    "Actual Total Time": 180.328,
                                                                    "Actual Rows": 121127,
                                                                    "Actual Loops": 1
                                                                },
                                                                {
                                                                    "Worker Number": 3,
                                                                    "Actual Startup Time": 180.433,
                                                                    "Actual Total Time": 180.434,
                                                                    "Actual Rows": 179091,
                                                                    "Actual Loops": 1
                                                                },
                                                                {
                                                                    "Worker Number": 4,
                                                                    "Actual Startup Time": 180.313,
                                                                    "Actual Total Time": 180.315,
                                                                    "Actual Rows": 180667,
                                                                    "Actual Loops": 1
                                                                },
                                                                {
                                                                    "Worker Number": 5,
                                                                    "Actual Startup Time": 180.136,
                                                                    "Actual Total Time": 180.137,
                                                                    "Actual Rows": 176310,
                                                                    "Actual Loops": 1
                                                                }
                                                            ],
                                                            "Plans": [
                                                                {
                                                                    "Node Type": "Seq Scan",
                                                                    "Parent Relationship": "Outer",
                                                                    "Parallel Aware": true,
                                                                    "Relation Name": "title",
                                                                    "Schema": "public",
                                                                    "Alias": "t",
                                                                    "Startup Cost": 0.0,
                                                                    "Total Cost": 45479.21,
                                                                    "Plan Rows": 291075,
                                                                    "Plan Width": 4,
                                                                    "Actual Startup Time": 0.053,
                                                                    "Actual Total Time": 83.263,
                                                                    "Actual Rows": 161272,
                                                                    "Actual Loops": 7,
                                                                    "Output": [
                                                                        "t.id"
                                                                    ],
                                                                    "Filter": "((t.production_year < 2010) AND (t.kind_id = 7))",
                                                                    "Rows Removed by Filter": 199915,
                                                                    "Workers": [
                                                                        {
                                                                            "Worker Number": 0,
                                                                            "Actual Startup Time": 0.073,
                                                                            "Actual Total Time": 85.967,
                                                                            "Actual Rows": 133280,
                                                                            "Actual Loops": 1
                                                                        },
                                                                        {
                                                                            "Worker Number": 1,
                                                                            "Actual Startup Time": 0.05,
                                                                            "Actual Total Time": 85.446,
                                                                            "Actual Rows": 136500,
                                                                            "Actual Loops": 1
                                                                        },
                                                                        {
                                                                            "Worker Number": 2,
                                                                            "Actual Startup Time": 0.052,
                                                                            "Actual Total Time": 87.344,
                                                                            "Actual Rows": 121127,
                                                                            "Actual Loops": 1
                                                                        },
                                                                        {
                                                                            "Worker Number": 3,
                                                                            "Actual Startup Time": 0.065,
                                                                            "Actual Total Time": 82.916,
                                                                            "Actual Rows": 179091,
                                                                            "Actual Loops": 1
                                                                        },
                                                                        {
                                                                            "Worker Number": 4,
                                                                            "Actual Startup Time": 0.049,
                                                                            "Actual Total Time": 82.559,
                                                                            "Actual Rows": 180667,
                                                                            "Actual Loops": 1
                                                                        },
                                                                        {
                                                                            "Worker Number": 5,
                                                                            "Actual Startup Time": 0.063,
                                                                            "Actual Total Time": 82.665,
                                                                            "Actual Rows": 176310,
                                                                            "Actual Loops": 1
                                                                        }
                                                                    ]
                                                                }
                                                            ]
                                                        }
                                                    ]
                                                }
                                            ]
                                        }
                                    ]
                                }
                            ]
                        }
                    ]
                }
            ]
        },
        "Planning Time": 284.23,
        "Triggers": [],
        "Execution Time": 3862.28
    }
]