[
  {
    "Plan": {
      "Node Type": "Aggregate",
      "Strategy": "Plain",
      "Partial Mode": "Finalize",
      "Parallel Aware": false,
      "Startup Cost": 166448.1,
      "Total Cost": 166448.11,
      "Plan Rows": 1,
      "Plan Width": 8,
      "Actual Startup Time": 303.334,
      "Actual Total Time": 329.778,
      "Actual Rows": 1,
      "Actual Loops": 1,
      "Plans": [
        {
          "Node Type": "Gather",
          "Parent Relationship": "Outer",
          "Parallel Aware": false,
          "Startup Cost": 166447.57,
          "Total Cost": 166448.08,
          "Plan Rows": 5,
          "Plan Width": 8,
          "Actual Startup Time": 302.934,
          "Actual Total Time": 329.766,
          "Actual Rows": 6,
          "Actual Loops": 1,
          "Workers Planned": 5,
          "Workers Launched": 5,
          "Single Copy": false,
          "Plans": [
            {
              "Node Type": "Aggregate",
              "Strategy": "Plain",
              "Partial Mode": "Partial",
              "Parent Relationship": "Outer",
              "Parallel Aware": false,
              "Startup Cost": 165447.57,
              "Total Cost": 165447.58,
              "Plan Rows": 1,
              "Plan Width": 8,
              "Actual Startup Time": 292.245,
              "Actual Total Time": 292.25,
              "Actual Rows": 1,
              "Actual Loops": 6,
              "Plans": [
                {
                  "Node Type": "Hash Join",
                  "Parent Relationship": "Outer",
                  "Parallel Aware": true,
                  "Join Type": "Inner",
                  "Startup Cost": 45584.88,
                  "Total Cost": 165425.18,
                  "Plan Rows": 8956,
                  "Plan Width": 0,
                  "Actual Startup Time": 94.459,
                  "Actual Total Time": 292.017,
                  "Actual Rows": 3180,
                  "Actual Loops": 6,
                  "Inner Unique": true,
                  "Hash Cond": "(ci.movie_id = t.id)",
                  "Plans": [
                    {
                      "Node Type": "Index Scan",
                      "Parent Relationship": "Outer",
                      "Parallel Aware": true,
                      "Scan Direction": "Forward",
                      "Index Name": "role_id_cast_info",
                      "Relation Name": "cast_info",
                      "Alias": "ci",
                      "Startup Cost": 0.56,
                      "Total Cost": 118067.1,
                      "Plan Rows": 675721,
                      "Plan Width": 4,
                      "Actual Startup Time": 0.124,
                      "Actual Total Time": 162.693,
                      "Actual Rows": 227928,
                      "Actual Loops": 6,
                      "Index Cond": "(role_id = 10)",
                      "Rows Removed by Index Recheck": 0,
                      "Filter": "(person_id < 2888743)",
                      "Rows Removed by Filter": 492576
                    },
                    {
                      "Node Type": "Hash",
                      "Parent Relationship": "Inner",
                      "Parallel Aware": true,
                      "Startup Cost": 45479.59,
                      "Total Cost": 45479.59,
                      "Plan Rows": 8378,
                      "Plan Width": 4,
                      "Actual Startup Time": 92.509,
                      "Actual Total Time": 92.511,
                      "Actual Rows": 5943,
                      "Actual Loops": 6,
                      "Hash Buckets": 65536,
                      "Original Hash Buckets": 65536,
                      "Hash Batches": 1,
                      "Original Hash Batches": 1,
                      "Peak Memory Usage": 1984,
                      "Plans": [
                        {
                          "Node Type": "Seq Scan",
                          "Parent Relationship": "Outer",
                          "Parallel Aware": true,
                          "Relation Name": "title",
                          "Alias": "t",
                          "Startup Cost": 0.0,
                          "Total Cost": 45479.59,
                          "Plan Rows": 8378,
                          "Plan Width": 4,
                          "Actual Startup Time": 0.084,
                          "Actual Total Time": 88.483,
                          "Actual Rows": 5943,
                          "Actual Loops": 6,
                          "Filter": "((kind_id = 7) AND (production_year = 2000))",
                          "Rows Removed by Filter": 415443
                        }
                      ]
                    }
                  ]
                }
              ]
            }
          ]
        }
      ]
    },
    "Planning Time": 0.475,
    "Triggers": [],
    "Execution Time": 329.84
  }
]