[
  {
    "Plan": {
      "Node Type": "Aggregate",
      "Strategy": "Plain",
      "Partial Mode": "Finalize",
      "Parallel Aware": false,
      "Startup Cost": 322037.86,
      "Total Cost": 322037.87,
      "Plan Rows": 1,
      "Plan Width": 8,
      "Actual Startup Time": 236.654,
      "Actual Total Time": 247.695,
      "Actual Rows": 1,
      "Actual Loops": 1,
      "Plans": [
        {
          "Node Type": "Gather",
          "Parent Relationship": "Outer",
          "Parallel Aware": false,
          "Startup Cost": 322037.23,
          "Total Cost": 322037.84,
          "Plan Rows": 6,
          "Plan Width": 8,
          "Actual Startup Time": 235.65,
          "Actual Total Time": 247.687,
          "Actual Rows": 7,
          "Actual Loops": 1,
          "Workers Planned": 6,
          "Workers Launched": 6,
          "Single Copy": false,
          "Plans": [
            {
              "Node Type": "Aggregate",
              "Strategy": "Plain",
              "Partial Mode": "Partial",
              "Parent Relationship": "Outer",
              "Parallel Aware": false,
              "Startup Cost": 321037.23,
              "Total Cost": 321037.24,
              "Plan Rows": 1,
              "Plan Width": 8,
              "Actual Startup Time": 226.925,
              "Actual Total Time": 226.926,
              "Actual Rows": 1,
              "Actual Loops": 7,
              "Plans": [
                {
                  "Node Type": "Bitmap Heap Scan",
                  "Parent Relationship": "Outer",
                  "Parallel Aware": true,
                  "Relation Name": "cast_info",
                  "Alias": "ci",
                  "Startup Cost": 61400.56,
                  "Total Cost": 319878.95,
                  "Plan Rows": 463312,
                  "Plan Width": 0,
                  "Actual Startup Time": 97.831,
                  "Actual Total Time": 206.926,
                  "Actual Rows": 379569,
                  "Actual Loops": 7,
                  "Recheck Cond": "(person_id > 3549835)",
                  "Rows Removed by Index Recheck": 0,
                  "Exact Heap Blocks": 8909,
                  "Lossy Heap Blocks": 0,
                  "Plans": [
                    {
                      "Node Type": "Bitmap Index Scan",
                      "Parent Relationship": "Outer",
                      "Parallel Aware": false,
                      "Index Name": "person_id_cast_info",
                      "Startup Cost": 0.0,
                      "Total Cost": 60705.59,
                      "Plan Rows": 2779870,
                      "Plan Width": 0,
                      "Actual Startup Time": 99.408,
                      "Actual Total Time": 99.408,
                      "Actual Rows": 2656981,
                      "Actual Loops": 1,
                      "Index Cond": "(person_id > 3549835)"
                    }
                  ]
                }
              ]
            }
          ]
        }
      ]
    },
    "Planning Time": 0.202,
    "Triggers": [],
    "Execution Time": 247.773
  }
]