{
  "Plan": {
    "Node Type": "Aggregate",
    "Strategy": "Plain",
    "Partial Mode": "Finalize",
    "Parallel Aware": false,
    "Startup Cost": 96068.41,
    "Total Cost": 96068.42,
    "Plan Rows": 1,
    "Plan Width": 8,
    "Actual Startup Time": 508.667,
    "Actual Total Time": 523.586,
    "Actual Rows": 1,
    "Actual Loops": 1,
    "Plans": [
      {
        "Node Type": "Gather",
        "Parent Relationship": "Outer",
        "Parallel Aware": false,
        "Startup Cost": 96068.3,
        "Total Cost": 96068.41,
        "Plan Rows": 1,
        "Plan Width": 8,
        "Actual Startup Time": 506.81,
        "Actual Total Time": 523.579,
        "Actual Rows": 2,
        "Actual Loops": 1,
        "Workers Planned": 1,
        "Workers Launched": 1,
        "Single Copy": false,
        "Plans": [
          {
            "Node Type": "Aggregate",
            "Strategy": "Plain",
            "Partial Mode": "Partial",
            "Parent Relationship": "Outer",
            "Parallel Aware": false,
            "Startup Cost": 95068.3,
            "Total Cost": 95068.31,
            "Plan Rows": 1,
            "Plan Width": 8,
            "Actual Startup Time": 498.585,
            "Actual Total Time": 498.59,
            "Actual Rows": 1,
            "Actual Loops": 2,
            "Plans": [
              {
                "Node Type": "Hash Join",
                "Parent Relationship": "Outer",
                "Parallel Aware": true,
                "Join Type": "Inner",
                "Startup Cost": 68890.35,
                "Total Cost": 94920.58,
                "Plan Rows": 59088,
                "Plan Width": 0,
                "Actual Startup Time": 422.08,
                "Actual Total Time": 495.848,
                "Actual Rows": 60417,
                "Actual Loops": 2,
                "Inner Unique": true,
                "Hash Cond": "(mk.movie_id = t.id)",
                "Plans": [
                  {
                    "Node Type": "Bitmap Heap Scan",
                    "Parent Relationship": "Outer",
                    "Parallel Aware": true,
                    "Relation Name": "movie_keyword",
                    "Alias": "mk",
                    "Startup Cost": 3761.45,
                    "Total Cost": 29518.11,
                    "Plan Rows": 104214,
                    "Plan Width": 4,
                    "Actual Startup Time": 16.36,
                    "Actual Total Time": 64.015,
                    "Actual Rows": 84361,
                    "Actual Loops": 2,
                    "Recheck Cond": "(keyword_id > 72194)",
                    "Rows Removed by Index Recheck": 0,
                    "Exact Heap Blocks": 11725,
                    "Lossy Heap Blocks": 0,
                    "Plans": [
                      {
                        "Node Type": "Bitmap Index Scan",
                        "Parent Relationship": "Outer",
                        "Parallel Aware": false,
                        "Index Name": "keyword_id_movie_keyword",
                        "Startup Cost": 0.0,
                        "Total Cost": 3717.15,
                        "Plan Rows": 177163,
                        "Plan Width": 0,
                        "Actual Startup Time": 13.439,
                        "Actual Total Time": 13.44,
                        "Actual Rows": 168722,
                        "Actual Loops": 1,
                        "Index Cond": "(keyword_id > 72194)"
                      }
                    ]
                  },
                  {
                    "Node Type": "Hash",
                    "Parent Relationship": "Inner",
                    "Parallel Aware": true,
                    "Startup Cost": 54588.39,
                    "Total Cost": 54588.39,
                    "Plan Rows": 843241,
                    "Plan Width": 4,
                    "Actual Startup Time": 391.305,
                    "Actual Total Time": 391.305,
                    "Actual Rows": 721649,
                    "Actual Loops": 2,
                    "Hash Buckets": 2097152,
                    "Original Hash Buckets": 2097152,
                    "Hash Batches": 1,
                    "Original Hash Batches": 1,
                    "Peak Memory Usage": 72864,
                    "Plans": [
                      {
                        "Node Type": "Seq Scan",
                        "Parent Relationship": "Outer",
                        "Parallel Aware": true,
                        "Relation Name": "title",
                        "Alias": "t",
                        "Startup Cost": 0.0,
                        "Total Cost": 54588.39,
                        "Plan Rows": 843241,
                        "Plan Width": 4,
                        "Actual Startup Time": 0.047,
                        "Actual Total Time": 172.915,
                        "Actual Rows": 721649,
                        "Actual Loops": 2,
                        "Filter": "(production_year < 2006)",
                        "Rows Removed by Filter": 542507
                      }
                    ]
                  }
                ]
              }
            ]
          }
        ]
      }
    ]
  },
  "Planning Time": 0.63,
  "Triggers": [],
  "Execution Time": 523.679
}