[
  {
    "Plan": {
      "Node Type": "Aggregate",
      "Strategy": "Plain",
      "Partial Mode": "Finalize",
      "Parallel Aware": false,
      "Startup Cost": 331687.05,
      "Total Cost": 331687.06,
      "Plan Rows": 1,
      "Plan Width": 8,
      "Actual Startup Time": 756.525,
      "Actual Total Time": 820.249,
      "Actual Rows": 1,
      "Actual Loops": 1,
      "Plans": [
        {
          "Node Type": "Gather",
          "Parent Relationship": "Outer",
          "Parallel Aware": false,
          "Startup Cost": 331686.43,
          "Total Cost": 331687.04,
          "Plan Rows": 6,
          "Plan Width": 8,
          "Actual Startup Time": 756.365,
          "Actual Total Time": 820.234,
          "Actual Rows": 7,
          "Actual Loops": 1,
          "Workers Planned": 6,
          "Workers Launched": 6,
          "Single Copy": false,
          "Plans": [
            {
              "Node Type": "Aggregate",
              "Strategy": "Plain",
              "Partial Mode": "Partial",
              "Parent Relationship": "Outer",
              "Parallel Aware": false,
              "Startup Cost": 330686.43,
              "Total Cost": 330686.44,
              "Plan Rows": 1,
              "Plan Width": 8,
              "Actual Startup Time": 745.634,
              "Actual Total Time": 745.635,
              "Actual Rows": 1,
              "Actual Loops": 7,
              "Plans": [
                {
                  "Node Type": "Seq Scan",
                  "Parent Relationship": "Outer",
                  "Parallel Aware": true,
                  "Relation Name": "cast_info",
                  "Alias": "ci",
                  "Startup Cost": 0.0,
                  "Total Cost": 328211.39,
                  "Plan Rows": 990014,
                  "Plan Width": 0,
                  "Actual Startup Time": 454.692,
                  "Actual Total Time": 694.874,
                  "Actual Rows": 835793,
                  "Actual Loops": 7,
                  "Filter": "(person_id > 3059276)",
                  "Rows Removed by Filter": 4341971
                }
              ]
            }
          ]
        }
      ]
    },
    "Planning Time": 0.12,
    "Triggers": [],
    "Execution Time": 820.297
  }
]