[
  {
    "Plan": {
      "Node Type": "Aggregate",
      "Strategy": "Plain",
      "Partial Mode": "Finalize",
      "Parallel Aware": false,
      "Startup Cost": 331682.0,
      "Total Cost": 331682.01,
      "Plan Rows": 1,
      "Plan Width": 8,
      "Actual Startup Time": 599.348,
      "Actual Total Time": 652.902,
      "Actual Rows": 1,
      "Actual Loops": 1,
      "Plans": [
        {
          "Node Type": "Gather",
          "Parent Relationship": "Outer",
          "Parallel Aware": false,
          "Startup Cost": 331681.38,
          "Total Cost": 331681.98,
          "Plan Rows": 6,
          "Plan Width": 8,
          "Actual Startup Time": 599.213,
          "Actual Total Time": 652.893,
          "Actual Rows": 7,
          "Actual Loops": 1,
          "Workers Planned": 6,
          "Workers Launched": 6,
          "Single Copy": false,
          "Plans": [
            {
              "Node Type": "Aggregate",
              "Strategy": "Plain",
              "Partial Mode": "Partial",
              "Parent Relationship": "Outer",
              "Parallel Aware": false,
              "Startup Cost": 330681.38,
              "Total Cost": 330681.39,
              "Plan Rows": 1,
              "Plan Width": 8,
              "Actual Startup Time": 591.123,
              "Actual Total Time": 591.124,
              "Actual Rows": 1,
              "Actual Loops": 7,
              "Plans": [
                {
                  "Node Type": "Seq Scan",
                  "Parent Relationship": "Outer",
                  "Parallel Aware": true,
                  "Relation Name": "cast_info",
                  "Alias": "ci",
                  "Startup Cost": 0.0,
                  "Total Cost": 328162.03,
                  "Plan Rows": 1007740,
                  "Plan Width": 0,
                  "Actual Startup Time": 360.299,
                  "Actual Total Time": 554.208,
                  "Actual Rows": 835793,
                  "Actual Loops": 7,
                  "Filter": "(person_id > 3059276)",
                  "Rows Removed by Filter": 4341971
                }
              ]
            }
          ]
        }
      ]
    },
    "Planning Time": 0.123,
    "Triggers": [],
    "Execution Time": 652.955
  }
]