[
  {
    "Plan": {
      "Node Type": "Aggregate",
      "Strategy": "Plain",
      "Partial Mode": "Finalize",
      "Parallel Aware": false,
      "Startup Cost": 45650.98,
      "Total Cost": 45650.99,
      "Plan Rows": 1,
      "Plan Width": 8,
      "Actual Startup Time": 151.376,
      "Actual Total Time": 162.121,
      "Actual Rows": 1,
      "Actual Loops": 1,
      "Plans": [
        {
          "Node Type": "Gather",
          "Parent Relationship": "Outer",
          "Parallel Aware": false,
          "Startup Cost": 45650.66,
          "Total Cost": 45650.97,
          "Plan Rows": 3,
          "Plan Width": 8,
          "Actual Startup Time": 151.13,
          "Actual Total Time": 162.112,
          "Actual Rows": 4,
          "Actual Loops": 1,
          "Workers Planned": 3,
          "Workers Launched": 3,
          "Single Copy": false,
          "Plans": [
            {
              "Node Type": "Aggregate",
              "Strategy": "Plain",
              "Partial Mode": "Partial",
              "Parent Relationship": "Outer",
              "Parallel Aware": false,
              "Startup Cost": 44650.66,
              "Total Cost": 44650.67,
              "Plan Rows": 1,
              "Plan Width": 8,
              "Actual Startup Time": 146.872,
              "Actual Total Time": 146.873,
              "Actual Rows": 1,
              "Actual Loops": 4,
              "Plans": [
                {
                  "Node Type": "Seq Scan",
                  "Parent Relationship": "Outer",
                  "Parallel Aware": true,
                  "Relation Name": "movie_keyword",
                  "Alias": "mk",
                  "Startup Cost": 0.0,
                  "Total Cost": 42695.65,
                  "Plan Rows": 782003,
                  "Plan Width": 0,
                  "Actual Startup Time": 0.557,
                  "Actual Total Time": 117.826,
                  "Actual Rows": 603601,
                  "Actual Loops": 4,
                  "Filter": "(keyword_id > 3815)",
                  "Rows Removed by Filter": 527381
                }
              ]
            }
          ]
        }
      ]
    },
    "Planning Time": 0.187,
    "Triggers": [],
    "Execution Time": 162.175
  }
]