[
  {
    "Plan": {
      "Node Type": "Aggregate",
      "Strategy": "Plain",
      "Partial Mode": "Finalize",
      "Parallel Aware": false,
      "Startup Cost": 191733.67,
      "Total Cost": 191733.68,
      "Plan Rows": 1,
      "Plan Width": 8,
      "Actual Startup Time": 3148.376,
      "Actual Total Time": 3220.929,
      "Actual Rows": 1,
      "Actual Loops": 1,
      "Plans": [
        {
          "Node Type": "Gather",
          "Parent Relationship": "Outer",
          "Parallel Aware": false,
          "Startup Cost": 191733.35,
          "Total Cost": 191733.66,
          "Plan Rows": 3,
          "Plan Width": 8,
          "Actual Startup Time": 3147.498,
          "Actual Total Time": 3220.921,
          "Actual Rows": 4,
          "Actual Loops": 1,
          "Workers Planned": 3,
          "Workers Launched": 3,
          "Single Copy": false,
          "Plans": [
            {
              "Node Type": "Aggregate",
              "Strategy": "Plain",
              "Partial Mode": "Partial",
              "Parent Relationship": "Outer",
              "Parallel Aware": false,
              "Startup Cost": 190733.35,
              "Total Cost": 190733.36,
              "Plan Rows": 1,
              "Plan Width": 8,
              "Actual Startup Time": 3143.639,
              "Actual Total Time": 3143.695,
              "Actual Rows": 1,
              "Actual Loops": 4,
              "Plans": [
                {
                  "Node Type": "Nested Loop",
                  "Parent Relationship": "Outer",
                  "Parallel Aware": false,
                  "Join Type": "Inner",
                  "Startup Cost": 45784.08,
                  "Total Cost": 190322.13,
                  "Plan Rows": 164489,
                  "Plan Width": 0,
                  "Actual Startup Time": 112.847,
                  "Actual Total Time": 3092.493,
                  "Actual Rows": 1053202,
                  "Actual Loops": 4,
                  "Inner Unique": false,
                  "Join Filter": "(t.id = ci.movie_id)",
                  "Rows Removed by Join Filter": 0,
                  "Plans": [
                    {
                      "Node Type": "Hash Join",
                      "Parent Relationship": "Outer",
                      "Parallel Aware": true,
                      "Join Type": "Inner",
                      "Startup Cost": 45783.51,
                      "Total Cost": 92227.71,
                      "Plan Rows": 54928,
                      "Plan Width": 8,
                      "Actual Startup Time": 112.1,
                      "Actual Total Time": 333.0,
                      "Actual Rows": 175556,
                      "Actual Loops": 4,
                      "Inner Unique": true,
                      "Hash Cond": "(mk.movie_id = t.id)",
                      "Plans": [
                        {
                          "Node Type": "Seq Scan",
                          "Parent Relationship": "Outer",
                          "Parallel Aware": true,
                          "Relation Name": "movie_keyword",
                          "Alias": "mk",
                          "Startup Cost": 0.0,
                          "Total Cost": 42695.65,
                          "Plan Rows": 1428013,
                          "Plan Width": 4,
                          "Actual Startup Time": 0.03,
                          "Actual Total Time": 110.595,
                          "Actual Rows": 1105466,
                          "Actual Loops": 4,
                          "Filter": "(keyword_id > 99)",
                          "Rows Removed by Filter": 25517
                        },
                        {
                          "Node Type": "Hash",
                          "Parent Relationship": "Inner",
                          "Parallel Aware": true,
                          "Startup Cost": 45479.59,
                          "Total Cost": 45479.59,
                          "Plan Rows": 24314,
                          "Plan Width": 4,
                          "Actual Startup Time": 111.096,
                          "Actual Total Time": 111.097,
                          "Actual Rows": 50858,
                          "Actual Loops": 4,
                          "Hash Buckets": 262144,
                          "Original Hash Buckets": 131072,
                          "Hash Batches": 1,
                          "Original Hash Batches": 1,
                          "Peak Memory Usage": 11104,
                          "Plans": [
                            {
                              "Node Type": "Seq Scan",
                              "Parent Relationship": "Outer",
                              "Parallel Aware": true,
                              "Relation Name": "title",
                              "Alias": "t",
                              "Startup Cost": 0.0,
                              "Total Cost": 45479.59,
                              "Plan Rows": 24314,
                              "Plan Width": 4,
                              "Actual Startup Time": 0.108,
                              "Actual Total Time": 89.701,
                              "Actual Rows": 50858,
                              "Actual Loops": 4,
                              "Filter": "((kind_id < 7) AND (production_year < 1962))",
                              "Rows Removed by Filter": 581220
                            }
                          ]
                        }
                      ]
                    },
                    {
                      "Node Type": "Index Scan",
                      "Parent Relationship": "Inner",
                      "Parallel Aware": false,
                      "Scan Direction": "Forward",
                      "Index Name": "movie_id_cast_info",
                      "Relation Name": "cast_info",
                      "Alias": "ci",
                      "Startup Cost": 0.56,
                      "Total Cost": 1.7,
                      "Plan Rows": 7,
                      "Plan Width": 4,
                      "Actual Startup Time": 0.011,
                      "Actual Total Time": 0.015,
                      "Actual Rows": 6,
                      "Actual Loops": 702226,
                      "Index Cond": "(movie_id = mk.movie_id)",
                      "Rows Removed by Index Recheck": 0,
                      "Filter": "((person_id > 2543939) AND (role_id > 1))",
                      "Rows Removed by Filter": 28
                    }
                  ]
                }
              ]
            }
          ]
        }
      ]
    },
    "Planning Time": 0.642,
    "Triggers": [],
    "Execution Time": 3221.009
  }
]