[
    {
        "Bao": {
            "Bao prediction": 441.013,
            "Bao recommended hint": "(no hint)"
        }
    },
    {
        "Plan": {
            "Node Type": "Aggregate",
            "Strategy": "Plain",
            "Partial Mode": "Finalize",
            "Parallel Aware": false,
            "Startup Cost": 32758.84,
            "Total Cost": 32758.85,
            "Plan Rows": 1,
            "Plan Width": 8,
            "Actual Startup Time": 102.924,
            "Actual Total Time": 109.946,
            "Actual Rows": 1,
            "Actual Loops": 1,
            "Output": [
                "count(*)"
            ],
            "Plans": [
                {
                    "Node Type": "Gather",
                    "Parent Relationship": "Outer",
                    "Parallel Aware": false,
                    "Startup Cost": 32758.52,
                    "Total Cost": 32758.83,
                    "Plan Rows": 3,
                    "Plan Width": 8,
                    "Actual Startup Time": 102.772,
                    "Actual Total Time": 109.935,
                    "Actual Rows": 4,
                    "Actual Loops": 1,
                    "Output": [
                        "(PARTIAL count(*))"
                    ],
                    "Workers Planned": 3,
                    "Workers Launched": 3,
                    "Single Copy": false,
                    "Plans": [
                        {
                            "Node Type": "Aggregate",
                            "Strategy": "Plain",
                            "Partial Mode": "Partial",
                            "Parent Relationship": "Outer",
                            "Parallel Aware": false,
                            "Startup Cost": 31758.52,
                            "Total Cost": 31758.53,
                            "Plan Rows": 1,
                            "Plan Width": 8,
                            "Actual Startup Time": 93.757,
                            "Actual Total Time": 93.758,
                            "Actual Rows": 1,
                            "Actual Loops": 4,
                            "Output": [
                                "PARTIAL count(*)"
                            ],
                            "Workers": [
                                {
                                    "Worker Number": 0,
                                    "Actual Startup Time": 91.007,
                                    "Actual Total Time": 91.009,
                                    "Actual Rows": 1,
                                    "Actual Loops": 1
                                },
                                {
                                    "Worker Number": 1,
                                    "Actual Startup Time": 90.964,
                                    "Actual Total Time": 90.966,
                                    "Actual Rows": 1,
                                    "Actual Loops": 1
                                },
                                {
                                    "Worker Number": 2,
                                    "Actual Startup Time": 90.988,
                                    "Actual Total Time": 90.99,
                                    "Actual Rows": 1,
                                    "Actual Loops": 1
                                }
                            ],
                            "Plans": [
                                {
                                    "Node Type": "Seq Scan",
                                    "Parent Relationship": "Outer",
                                    "Parallel Aware": true,
                                    "Relation Name": "movie_companies",
                                    "Schema": "public",
                                    "Alias": "mc",
                                    "Startup Cost": 0.0,
                                    "Total Cost": 31414.82,
                                    "Plan Rows": 137481,
                                    "Plan Width": 0,
                                    "Actual Startup Time": 50.99,
                                    "Actual Total Time": 85.978,
                                    "Actual Rows": 187492,
                                    "Actual Loops": 4,
                                    "Output": [
                                        "id",
                                        "movie_id",
                                        "company_id",
                                        "company_type_id",
                                        "note"
                                    ],
                                    "Filter": "((mc.company_id > 26388) AND (mc.company_type_id = 2))",
                                    "Rows Removed by Filter": 464790,
                                    "Workers": [
                                        {
                                            "Worker Number": 0,
                                            "Actual Startup Time": 48.24,
                                            "Actual Total Time": 83.511,
                                            "Actual Rows": 181185,
                                            "Actual Loops": 1
                                        },
                                        {
                                            "Worker Number": 1,
                                            "Actual Startup Time": 48.186,
                                            "Actual Total Time": 83.467,
                                            "Actual Rows": 171646,
                                            "Actual Loops": 1
                                        },
                                        {
                                            "Worker Number": 2,
                                            "Actual Startup Time": 48.231,
                                            "Actual Total Time": 83.485,
                                            "Actual Rows": 180065,
                                            "Actual Loops": 1
                                        }
                                    ]
                                }
                            ]
                        }
                    ]
                }
            ]
        },
        "Planning Time": 635.876,
        "Triggers": [],
        "Execution Time": 110.079
    }
]