[
  {
    "Plan": {
      "Node Type": "Aggregate",
      "Strategy": "Plain",
      "Partial Mode": "Finalize",
      "Parallel Aware": false,
      "Startup Cost": 465134.79,
      "Total Cost": 465134.8,
      "Plan Rows": 1,
      "Plan Width": 8,
      "Actual Startup Time": 2764.389,
      "Actual Total Time": 2830.378,
      "Actual Rows": 1,
      "Actual Loops": 1,
      "Plans": [
        {
          "Node Type": "Gather",
          "Parent Relationship": "Outer",
          "Parallel Aware": false,
          "Startup Cost": 465134.17,
          "Total Cost": 465134.78,
          "Plan Rows": 6,
          "Plan Width": 8,
          "Actual Startup Time": 2716.803,
          "Actual Total Time": 2830.366,
          "Actual Rows": 7,
          "Actual Loops": 1,
          "Workers Planned": 6,
          "Workers Launched": 6,
          "Single Copy": false,
          "Plans": [
            {
              "Node Type": "Aggregate",
              "Strategy": "Plain",
              "Partial Mode": "Partial",
              "Parent Relationship": "Outer",
              "Parallel Aware": false,
              "Startup Cost": 464134.17,
              "Total Cost": 464134.18,
              "Plan Rows": 1,
              "Plan Width": 8,
              "Actual Startup Time": 2691.304,
              "Actual Total Time": 2691.314,
              "Actual Rows": 1,
              "Actual Loops": 7,
              "Plans": [
                {
                  "Node Type": "Hash Join",
                  "Parent Relationship": "Outer",
                  "Parallel Aware": true,
                  "Join Type": "Inner",
                  "Startup Cost": 112218.02,
                  "Total Cost": 456822.77,
                  "Plan Rows": 2924560,
                  "Plan Width": 0,
                  "Actual Startup Time": 898.871,
                  "Actual Total Time": 2324.708,
                  "Actual Rows": 8524845,
                  "Actual Loops": 7,
                  "Inner Unique": false,
                  "Hash Cond": "(ci.movie_id = t.id)",
                  "Plans": [
                    {
                      "Node Type": "Seq Scan",
                      "Parent Relationship": "Outer",
                      "Parallel Aware": true,
                      "Relation Name": "cast_info",
                      "Alias": "ci",
                      "Startup Cost": 0.0,
                      "Total Cost": 328162.03,
                      "Plan Rows": 1868975,
                      "Plan Width": 4,
                      "Actual Startup Time": 268.5,
                      "Actual Total Time": 545.715,
                      "Actual Rows": 1589686,
                      "Actual Loops": 7,
                      "Filter": "(person_id > 2590175)",
                      "Rows Removed by Filter": 3588077
                    },
                    {
                      "Node Type": "Hash",
                      "Parent Relationship": "Inner",
                      "Parallel Aware": true,
                      "Startup Cost": 96265.37,
                      "Total Cost": 96265.37,
                      "Plan Rows": 1276212,
                      "Plan Width": 8,
                      "Actual Startup Time": 623.56,
                      "Actual Total Time": 623.568,
                      "Actual Rows": 566868,
                      "Actual Loops": 7,
                      "Hash Buckets": 4194304,
                      "Original Hash Buckets": 4194304,
                      "Hash Batches": 1,
                      "Original Hash Batches": 1,
                      "Peak Memory Usage": 188064,
                      "Plans": [
                        {
                          "Node Type": "Hash Join",
                          "Parent Relationship": "Outer",
                          "Parallel Aware": true,
                          "Join Type": "Inner",
                          "Startup Cost": 50219.64,
                          "Total Cost": 96265.37,
                          "Plan Rows": 1276212,
                          "Plan Width": 8,
                          "Actual Startup Time": 246.407,
                          "Actual Total Time": 441.731,
                          "Actual Rows": 566868,
                          "Actual Loops": 7,
                          "Inner Unique": true,
                          "Hash Cond": "(mk.movie_id = t.id)",
                          "Plans": [
                            {
                              "Node Type": "Seq Scan",
                              "Parent Relationship": "Outer",
                              "Parallel Aware": true,
                              "Relation Name": "movie_keyword",
                              "Alias": "mk",
                              "Startup Cost": 0.0,
                              "Total Cost": 42695.65,
                              "Plan Rows": 1276212,
                              "Plan Width": 4,
                              "Actual Startup Time": 0.032,
                              "Actual Total Time": 81.367,
                              "Actual Rows": 566868,
                              "Actual Loops": 7,
                              "Filter": "(keyword_id < 33061)",
                              "Rows Removed by Filter": 79407
                            },
                            {
                              "Node Type": "Hash",
                              "Parent Relationship": "Inner",
                              "Parallel Aware": true,
                              "Startup Cost": 42318.73,
                              "Total Cost": 42318.73,
                              "Plan Rows": 632073,
                              "Plan Width": 4,
                              "Actual Startup Time": 242.828,
                              "Actual Total Time": 242.831,
                              "Actual Rows": 361187,
                              "Actual Loops": 7,
                              "Hash Buckets": 4194304,
                              "Original Hash Buckets": 4194304,
                              "Hash Batches": 1,
                              "Original Hash Batches": 1,
                              "Peak Memory Usage": 131776,
                              "Plans": [
                                {
                                  "Node Type": "Seq Scan",
                                  "Parent Relationship": "Outer",
                                  "Parallel Aware": true,
                                  "Relation Name": "title",
                                  "Alias": "t",
                                  "Startup Cost": 0.0,
                                  "Total Cost": 42318.73,
                                  "Plan Rows": 632073,
                                  "Plan Width": 4,
                                  "Actual Startup Time": 0.044,
                                  "Actual Total Time": 69.934,
                                  "Actual Rows": 361187,
                                  "Actual Loops": 7
                                }
                              ]
                            }
                          ]
                        }
                      ]
                    }
                  ]
                }
              ]
            }
          ]
        }
      ]
    },
    "Planning Time": 1.321,
    "Triggers": [],
    "Execution Time": 2830.481
  }
]