[
  {
    "Plan": {
      "Node Type": "Aggregate",
      "Strategy": "Plain",
      "Partial Mode": "Finalize",
      "Parallel Aware": false,
      "Startup Cost": 110182.66,
      "Total Cost": 110182.67,
      "Plan Rows": 1,
      "Plan Width": 8,
      "Actual Startup Time": 458.196,
      "Actual Total Time": 476.768,
      "Actual Rows": 1,
      "Actual Loops": 1,
      "Plans": [
        {
          "Node Type": "Gather",
          "Parent Relationship": "Outer",
          "Parallel Aware": false,
          "Startup Cost": 110182.34,
          "Total Cost": 110182.65,
          "Plan Rows": 3,
          "Plan Width": 8,
          "Actual Startup Time": 452.753,
          "Actual Total Time": 476.76,
          "Actual Rows": 4,
          "Actual Loops": 1,
          "Workers Planned": 3,
          "Workers Launched": 3,
          "Single Copy": false,
          "Plans": [
            {
              "Node Type": "Aggregate",
              "Strategy": "Plain",
              "Partial Mode": "Partial",
              "Parent Relationship": "Outer",
              "Parallel Aware": false,
              "Startup Cost": 109182.34,
              "Total Cost": 109182.35,
              "Plan Rows": 1,
              "Plan Width": 8,
              "Actual Startup Time": 446.878,
              "Actual Total Time": 446.884,
              "Actual Rows": 1,
              "Actual Loops": 4,
              "Plans": [
                {
                  "Node Type": "Hash Join",
                  "Parent Relationship": "Outer",
                  "Parallel Aware": true,
                  "Join Type": "Inner",
                  "Startup Cost": 64645.78,
                  "Total Cost": 109113.65,
                  "Plan Rows": 27479,
                  "Plan Width": 0,
                  "Actual Startup Time": 289.89,
                  "Actual Total Time": 438.543,
                  "Actual Rows": 184067,
                  "Actual Loops": 4,
                  "Inner Unique": false,
                  "Hash Cond": "(mk.movie_id = t.id)",
                  "Plans": [
                    {
                      "Node Type": "Seq Scan",
                      "Parent Relationship": "Outer",
                      "Parallel Aware": true,
                      "Relation Name": "movie_keyword",
                      "Alias": "mk",
                      "Startup Cost": 0.0,
                      "Total Cost": 42695.65,
                      "Plan Rows": 442061,
                      "Plan Width": 4,
                      "Actual Startup Time": 0.818,
                      "Actual Total Time": 97.379,
                      "Actual Rows": 342388,
                      "Actual Loops": 4,
                      "Filter": "(keyword_id > 12189)",
                      "Rows Removed by Filter": 788594
                    },
                    {
                      "Node Type": "Hash",
                      "Parent Relationship": "Inner",
                      "Parallel Aware": true,
                      "Startup Cost": 63827.2,
                      "Total Cost": 63827.2,
                      "Plan Rows": 65486,
                      "Plan Width": 8,
                      "Actual Startup Time": 287.463,
                      "Actual Total Time": 287.467,
                      "Actual Rows": 69787,
                      "Actual Loops": 4,
                      "Hash Buckets": 524288,
                      "Original Hash Buckets": 262144,
                      "Hash Batches": 1,
                      "Original Hash Batches": 1,
                      "Peak Memory Usage": 17152,
                      "Plans": [
                        {
                          "Node Type": "Hash Join",
                          "Parent Relationship": "Outer",
                          "Parallel Aware": true,
                          "Join Type": "Inner",
                          "Startup Cost": 48206.41,
                          "Total Cost": 63827.2,
                          "Plan Rows": 65486,
                          "Plan Width": 8,
                          "Actual Startup Time": 177.106,
                          "Actual Total Time": 256.866,
                          "Actual Rows": 69787,
                          "Actual Loops": 4,
                          "Inner Unique": true,
                          "Hash Cond": "(mi_idx.movie_id = t.id)",
                          "Plans": [
                            {
                              "Node Type": "Seq Scan",
                              "Parent Relationship": "Outer",
                              "Parallel Aware": true,
                              "Relation Name": "movie_info_idx",
                              "Alias": "mi_idx",
                              "Startup Cost": 0.0,
                              "Total Cost": 15122.68,
                              "Plan Rows": 189755,
                              "Plan Width": 4,
                              "Actual Startup Time": 0.013,
                              "Actual Total Time": 35.418,
                              "Actual Rows": 114981,
                              "Actual Loops": 4,
                              "Filter": "(info_type_id < 100)",
                              "Rows Removed by Filter": 230028
                            },
                            {
                              "Node Type": "Hash",
                              "Parent Relationship": "Inner",
                              "Parallel Aware": true,
                              "Startup Cost": 45479.59,
                              "Total Cost": 45479.59,
                              "Plan Rows": 218146,
                              "Plan Width": 4,
                              "Actual Startup Time": 174.4,
                              "Actual Total Time": 174.401,
                              "Actual Rows": 196660,
                              "Actual Loops": 4,
                              "Hash Buckets": 1048576,
                              "Original Hash Buckets": 1048576,
                              "Hash Batches": 1,
                              "Original Hash Batches": 1,
                              "Peak Memory Usage": 39008,
                              "Plans": [
                                {
                                  "Node Type": "Seq Scan",
                                  "Parent Relationship": "Outer",
                                  "Parallel Aware": true,
                                  "Relation Name": "title",
                                  "Alias": "t",
                                  "Startup Cost": 0.0,
                                  "Total Cost": 45479.59,
                                  "Plan Rows": 218146,
                                  "Plan Width": 4,
                                  "Actual Startup Time": 0.036,
                                  "Actual Total Time": 102.056,
                                  "Actual Rows": 196660,
                                  "Actual Loops": 4,
                                  "Filter": "((kind_id < 7) AND (production_year > 1958))",
                                  "Rows Removed by Filter": 435418
                                }
                              ]
                            }
                          ]
                        }
                      ]
                    }
                  ]
                }
              ]
            }
          ]
        }
      ]
    },
    "Planning Time": 0.616,
    "Triggers": [],
    "Execution Time": 476.817
  }
]