[
    {
        "Bao": {
            "Bao prediction": "NaN",
            "Bao recommended hint": "(no hint)"
        }
    },
    {
        "Plan": {
            "Node Type": "Aggregate",
            "Strategy": "Plain",
            "Partial Mode": "Finalize",
            "Parallel Aware": false,
            "Startup Cost": 56482.07,
            "Total Cost": 56482.08,
            "Plan Rows": 1,
            "Plan Width": 8,
            "Actual Startup Time": 257.453,
            "Actual Total Time": 263.878,
            "Actual Rows": 1,
            "Actual Loops": 1,
            "Output": [
                "count(*)"
            ],
            "Plans": [
                {
                    "Node Type": "Gather",
                    "Parent Relationship": "Outer",
                    "Parallel Aware": false,
                    "Startup Cost": 56481.75,
                    "Total Cost": 56482.06,
                    "Plan Rows": 3,
                    "Plan Width": 8,
                    "Actual Startup Time": 253.244,
                    "Actual Total Time": 263.87,
                    "Actual Rows": 4,
                    "Actual Loops": 1,
                    "Output": [
                        "(PARTIAL count(*))"
                    ],
                    "Workers Planned": 3,
                    "Workers Launched": 3,
                    "Single Copy": false,
                    "Plans": [
                        {
                            "Node Type": "Aggregate",
                            "Strategy": "Plain",
                            "Partial Mode": "Partial",
                            "Parent Relationship": "Outer",
                            "Parallel Aware": false,
                            "Startup Cost": 55481.75,
                            "Total Cost": 55481.76,
                            "Plan Rows": 1,
                            "Plan Width": 8,
                            "Actual Startup Time": 244.261,
                            "Actual Total Time": 244.265,
                            "Actual Rows": 1,
                            "Actual Loops": 4,
                            "Output": [
                                "PARTIAL count(*)"
                            ],
                            "Workers": [
                                {
                                    "Worker Number": 0,
                                    "Actual Startup Time": 241.524,
                                    "Actual Total Time": 241.527,
                                    "Actual Rows": 1,
                                    "Actual Loops": 1
                                },
                                {
                                    "Worker Number": 1,
                                    "Actual Startup Time": 241.477,
                                    "Actual Total Time": 241.48,
                                    "Actual Rows": 1,
                                    "Actual Loops": 1
                                },
                                {
                                    "Worker Number": 2,
                                    "Actual Startup Time": 241.485,
                                    "Actual Total Time": 241.489,
                                    "Actual Rows": 1,
                                    "Actual Loops": 1
                                }
                            ],
                            "Plans": [
                                {
                                    "Node Type": "Hash Join",
                                    "Parent Relationship": "Outer",
                                    "Parallel Aware": true,
                                    "Join Type": "Inner",
                                    "Startup Cost": 46675.02,
                                    "Total Cost": 55396.17,
                                    "Plan Rows": 34233,
                                    "Plan Width": 0,
                                    "Actual Startup Time": 197.114,
                                    "Actual Total Time": 242.786,
                                    "Actual Rows": 29109,
                                    "Actual Loops": 4,
                                    "Inner Unique": true,
                                    "Hash Cond": "(ci.movie_id = t.id)",
                                    "Workers": [
                                        {
                                            "Worker Number": 0,
                                            "Actual Startup Time": 193.886,
                                            "Actual Total Time": 240.179,
                                            "Actual Rows": 25905,
                                            "Actual Loops": 1
                                        },
                                        {
                                            "Worker Number": 1,
                                            "Actual Startup Time": 194.412,
                                            "Actual Total Time": 239.955,
                                            "Actual Rows": 34013,
                                            "Actual Loops": 1
                                        },
                                        {
                                            "Worker Number": 2,
                                            "Actual Startup Time": 194.742,
                                            "Actual Total Time": 239.993,
                                            "Actual Rows": 20264,
                                            "Actual Loops": 1
                                        }
                                    ],
                                    "Plans": [
                                        {
                                            "Node Type": "Index Scan",
                                            "Parent Relationship": "Outer",
                                            "Parallel Aware": true,
                                            "Scan Direction": "Forward",
                                            "Index Name": "role_id_cast_info",
                                            "Relation Name": "cast_info",
                                            "Schema": "public",
                                            "Alias": "ci",
                                            "Startup Cost": 0.56,
                                            "Total Cost": 8465.9,
                                            "Plan Rows": 97454,
                                            "Plan Width": 4,
                                            "Actual Startup Time": 0.068,
                                            "Actual Total Time": 13.927,
                                            "Actual Rows": 79030,
                                            "Actual Loops": 4,
                                            "Output": [
                                                "ci.id",
                                                "ci.person_id",
                                                "ci.movie_id",
                                                "ci.person_role_id",
                                                "ci.note",
                                                "ci.nr_order",
                                                "ci.role_id"
                                            ],
                                            "Index Cond": "(ci.role_id = 11)",
                                            "Rows Removed by Index Recheck": 0,
                                            "Workers": [
                                                {
                                                    "Worker Number": 0,
                                                    "Actual Startup Time": 0.049,
                                                    "Actual Total Time": 13.615,
                                                    "Actual Rows": 71370,
                                                    "Actual Loops": 1
                                                },
                                                {
                                                    "Worker Number": 1,
                                                    "Actual Startup Time": 0.085,
                                                    "Actual Total Time": 14.789,
                                                    "Actual Rows": 88530,
                                                    "Actual Loops": 1
                                                },
                                                {
                                                    "Worker Number": 2,
                                                    "Actual Startup Time": 0.11,
                                                    "Actual Total Time": 14.661,
                                                    "Actual Rows": 57330,
                                                    "Actual Loops": 1
                                                }
                                            ]
                                        },
                                        {
                                            "Node Type": "Hash",
                                            "Parent Relationship": "Inner",
                                            "Parallel Aware": true,
                                            "Startup Cost": 43899.01,
                                            "Total Cost": 43899.01,
                                            "Plan Rows": 222036,
                                            "Plan Width": 4,
                                            "Actual Startup Time": 191.815,
                                            "Actual Total Time": 191.816,
                                            "Actual Rows": 221412,
                                            "Actual Loops": 4,
                                            "Output": [
                                                "t.id"
                                            ],
                                            "Hash Buckets": 1048576,
                                            "Original Hash Buckets": 1048576,
                                            "Hash Batches": 1,
                                            "Original Hash Batches": 1,
                                            "Peak Memory Usage": 42912,
                                            "Workers": [
                                                {
                                                    "Worker Number": 0,
                                                    "Actual Startup Time": 193.398,
                                                    "Actual Total Time": 193.399,
                                                    "Actual Rows": 207890,
                                                    "Actual Loops": 1
                                                },
                                                {
                                                    "Worker Number": 1,
                                                    "Actual Startup Time": 193.882,
                                                    "Actual Total Time": 193.882,
                                                    "Actual Rows": 228144,
                                                    "Actual Loops": 1
                                                },
                                                {
                                                    "Worker Number": 2,
                                                    "Actual Startup Time": 193.971,
                                                    "Actual Total Time": 193.973,
                                                    "Actual Rows": 155455,
                                                    "Actual Loops": 1
                                                }
                                            ],
                                            "Plans": [
                                                {
                                                    "Node Type": "Seq Scan",
                                                    "Parent Relationship": "Outer",
                                                    "Parallel Aware": true,
                                                    "Relation Name": "title",
                                                    "Schema": "public",
                                                    "Alias": "t",
                                                    "Startup Cost": 0.0,
                                                    "Total Cost": 43899.01,
                                                    "Plan Rows": 222036,
                                                    "Plan Width": 4,
                                                    "Actual Startup Time": 0.045,
                                                    "Actual Total Time": 104.363,
                                                    "Actual Rows": 221412,
                                                    "Actual Loops": 4,
                                                    "Output": [
                                                        "t.id"
                                                    ],
                                                    "Filter": "(t.production_year < 1997)",
                                                    "Rows Removed by Filter": 410666,
                                                    "Workers": [
                                                        {
                                                            "Worker Number": 0,
                                                            "Actual Startup Time": 0.061,
                                                            "Actual Total Time": 104.529,
                                                            "Actual Rows": 207890,
                                                            "Actual Loops": 1
                                                        },
                                                        {
                                                            "Worker Number": 1,
                                                            "Actual Startup Time": 0.035,
                                                            "Actual Total Time": 107.518,
                                                            "Actual Rows": 228144,
                                                            "Actual Loops": 1
                                                        },
                                                        {
                                                            "Worker Number": 2,
                                                            "Actual Startup Time": 0.066,
                                                            "Actual Total Time": 108.285,
                                                            "Actual Rows": 155455,
                                                            "Actual Loops": 1
                                                        }
                                                    ]
                                                }
                                            ]
                                        }
                                    ]
                                }
                            ]
                        }
                    ]
                }
            ]
        },
        "Planning Time": 219.739,
        "Triggers": [],
        "Execution Time": 263.979
    }
]