[
    {
        "Bao": {
            "Bao prediction": "NaN",
            "Bao recommended hint": "(no hint)"
        }
    },
    {
        "Plan": {
            "Node Type": "Aggregate",
            "Strategy": "Plain",
            "Partial Mode": "Finalize",
            "Parallel Aware": false,
            "Startup Cost": 236521.24,
            "Total Cost": 236521.25,
            "Plan Rows": 1,
            "Plan Width": 8,
            "Actual Startup Time": 270.691,
            "Actual Total Time": 295.879,
            "Actual Rows": 1,
            "Actual Loops": 1,
            "Output": [
                "count(*)"
            ],
            "Plans": [
                {
                    "Node Type": "Gather",
                    "Parent Relationship": "Outer",
                    "Parallel Aware": false,
                    "Startup Cost": 236520.72,
                    "Total Cost": 236521.23,
                    "Plan Rows": 5,
                    "Plan Width": 8,
                    "Actual Startup Time": 269.573,
                    "Actual Total Time": 295.868,
                    "Actual Rows": 6,
                    "Actual Loops": 1,
                    "Output": [
                        "(PARTIAL count(*))"
                    ],
                    "Workers Planned": 5,
                    "Workers Launched": 5,
                    "Single Copy": false,
                    "Plans": [
                        {
                            "Node Type": "Aggregate",
                            "Strategy": "Plain",
                            "Partial Mode": "Partial",
                            "Parent Relationship": "Outer",
                            "Parallel Aware": false,
                            "Startup Cost": 235520.72,
                            "Total Cost": 235520.73,
                            "Plan Rows": 1,
                            "Plan Width": 8,
                            "Actual Startup Time": 258.919,
                            "Actual Total Time": 258.923,
                            "Actual Rows": 1,
                            "Actual Loops": 6,
                            "Output": [
                                "PARTIAL count(*)"
                            ],
                            "Workers": [
                                {
                                    "Worker Number": 0,
                                    "Actual Startup Time": 256.646,
                                    "Actual Total Time": 256.649,
                                    "Actual Rows": 1,
                                    "Actual Loops": 1
                                },
                                {
                                    "Worker Number": 1,
                                    "Actual Startup Time": 256.35,
                                    "Actual Total Time": 256.354,
                                    "Actual Rows": 1,
                                    "Actual Loops": 1
                                },
                                {
                                    "Worker Number": 2,
                                    "Actual Startup Time": 257.211,
                                    "Actual Total Time": 257.215,
                                    "Actual Rows": 1,
                                    "Actual Loops": 1
                                },
                                {
                                    "Worker Number": 3,
                                    "Actual Startup Time": 257.054,
                                    "Actual Total Time": 257.057,
                                    "Actual Rows": 1,
                                    "Actual Loops": 1
                                },
                                {
                                    "Worker Number": 4,
                                    "Actual Startup Time": 257.673,
                                    "Actual Total Time": 257.677,
                                    "Actual Rows": 1,
                                    "Actual Loops": 1
                                }
                            ],
                            "Plans": [
                                {
                                    "Node Type": "Nested Loop",
                                    "Parent Relationship": "Outer",
                                    "Parallel Aware": false,
                                    "Join Type": "Inner",
                                    "Startup Cost": 52068.5,
                                    "Total Cost": 235402.9,
                                    "Plan Rows": 47130,
                                    "Plan Width": 0,
                                    "Actual Startup Time": 114.899,
                                    "Actual Total Time": 255.007,
                                    "Actual Rows": 45913,
                                    "Actual Loops": 6,
                                    "Inner Unique": false,
                                    "Join Filter": "(t.id = ci.movie_id)",
                                    "Rows Removed by Join Filter": 0,
                                    "Workers": [
                                        {
                                            "Worker Number": 0,
                                            "Actual Startup Time": 112.582,
                                            "Actual Total Time": 252.578,
                                            "Actual Rows": 31602,
                                            "Actual Loops": 1
                                        },
                                        {
                                            "Worker Number": 1,
                                            "Actual Startup Time": 112.316,
                                            "Actual Total Time": 252.672,
                                            "Actual Rows": 42809,
                                            "Actual Loops": 1
                                        },
                                        {
                                            "Worker Number": 2,
                                            "Actual Startup Time": 112.902,
                                            "Actual Total Time": 253.497,
                                            "Actual Rows": 42235,
                                            "Actual Loops": 1
                                        },
                                        {
                                            "Worker Number": 3,
                                            "Actual Startup Time": 113.391,
                                            "Actual Total Time": 253.858,
                                            "Actual Rows": 36999,
                                            "Actual Loops": 1
                                        },
                                        {
                                            "Worker Number": 4,
                                            "Actual Startup Time": 114.09,
                                            "Actual Total Time": 254.051,
                                            "Actual Rows": 42426,
                                            "Actual Loops": 1
                                        }
                                    ],
                                    "Plans": [
                                        {
                                            "Node Type": "Hash Join",
                                            "Parent Relationship": "Outer",
                                            "Parallel Aware": true,
                                            "Join Type": "Inner",
                                            "Startup Cost": 52067.93,
                                            "Total Cost": 215096.45,
                                            "Plan Rows": 3287,
                                            "Plan Width": 8,
                                            "Actual Startup Time": 114.783,
                                            "Actual Total Time": 152.437,
                                            "Actual Rows": 1651,
                                            "Actual Loops": 6,
                                            "Output": [
                                                "t.id",
                                                "mi.movie_id"
                                            ],
                                            "Inner Unique": true,
                                            "Hash Cond": "(mi.movie_id = t.id)",
                                            "Workers": [
                                                {
                                                    "Worker Number": 0,
                                                    "Actual Startup Time": 112.465,
                                                    "Actual Total Time": 146.615,
                                                    "Actual Rows": 1110,
                                                    "Actual Loops": 1
                                                },
                                                {
                                                    "Worker Number": 1,
                                                    "Actual Startup Time": 112.19,
                                                    "Actual Total Time": 146.475,
                                                    "Actual Rows": 1558,
                                                    "Actual Loops": 1
                                                },
                                                {
                                                    "Worker Number": 2,
                                                    "Actual Startup Time": 112.782,
                                                    "Actual Total Time": 147.19,
                                                    "Actual Rows": 1469,
                                                    "Actual Loops": 1
                                                },
                                                {
                                                    "Worker Number": 3,
                                                    "Actual Startup Time": 113.243,
                                                    "Actual Total Time": 149.914,
                                                    "Actual Rows": 1373,
                                                    "Actual Loops": 1
                                                },
                                                {
                                                    "Worker Number": 4,
                                                    "Actual Startup Time": 113.942,
                                                    "Actual Total Time": 149.101,
                                                    "Actual Rows": 1563,
                                                    "Actual Loops": 1
                                                }
                                            ],
                                            "Plans": [
                                                {
                                                    "Node Type": "Bitmap Heap Scan",
                                                    "Parent Relationship": "Outer",
                                                    "Parallel Aware": true,
                                                    "Relation Name": "movie_info",
                                                    "Schema": "public",
                                                    "Alias": "mi",
                                                    "Startup Cost": 6209.4,
                                                    "Total Cost": 169058.19,
                                                    "Plan Rows": 68464,
                                                    "Plan Width": 4,
                                                    "Actual Startup Time": 25.233,
                                                    "Actual Total Time": 47.966,
                                                    "Actual Rows": 54810,
                                                    "Actual Loops": 6,
                                                    "Output": [
                                                        "mi.id",
                                                        "mi.movie_id",
                                                        "mi.info_type_id",
                                                        "mi.info",
                                                        "mi.note"
                                                    ],
                                                    "Recheck Cond": "(mi.info_type_id = 98)",
                                                    "Rows Removed by Index Recheck": 0,
                                                    "Exact Heap Blocks": 6401,
                                                    "Lossy Heap Blocks": 0,
                                                    "Workers": [
                                                        {
                                                            "Worker Number": 0,
                                                            "Actual Startup Time": 25.207,
                                                            "Actual Total Time": 47.454,
                                                            "Actual Rows": 37235,
                                                            "Actual Loops": 1
                                                        },
                                                        {
                                                            "Worker Number": 1,
                                                            "Actual Startup Time": 25.248,
                                                            "Actual Total Time": 46.57,
                                                            "Actual Rows": 51650,
                                                            "Actual Loops": 1
                                                        },
                                                        {
                                                            "Worker Number": 2,
                                                            "Actual Startup Time": 25.288,
                                                            "Actual Total Time": 46.344,
                                                            "Actual Rows": 53451,
                                                            "Actual Loops": 1
                                                        },
                                                        {
                                                            "Worker Number": 3,
                                                            "Actual Startup Time": 25.207,
                                                            "Actual Total Time": 49.181,
                                                            "Actual Rows": 46637,
                                                            "Actual Loops": 1
                                                        },
                                                        {
                                                            "Worker Number": 4,
                                                            "Actual Startup Time": 25.414,
                                                            "Actual Total Time": 47.013,
                                                            "Actual Rows": 54466,
                                                            "Actual Loops": 1
                                                        }
                                                    ],
                                                    "Plans": [
                                                        {
                                                            "Node Type": "Bitmap Index Scan",
                                                            "Parent Relationship": "Outer",
                                                            "Parallel Aware": false,
                                                            "Index Name": "info_type_id_movie_info",
                                                            "Startup Cost": 0.0,
                                                            "Total Cost": 6123.82,
                                                            "Plan Rows": 342318,
                                                            "Plan Width": 0,
                                                            "Actual Startup Time": 19.255,
                                                            "Actual Total Time": 19.256,
                                                            "Actual Rows": 328857,
                                                            "Actual Loops": 1,
                                                            "Index Cond": "(mi.info_type_id = 98)"
                                                        }
                                                    ]
                                                },
                                                {
                                                    "Node Type": "Hash",
                                                    "Parent Relationship": "Inner",
                                                    "Parallel Aware": true,
                                                    "Startup Cost": 45479.21,
                                                    "Total Cost": 45479.21,
                                                    "Plan Rows": 30346,
                                                    "Plan Width": 4,
                                                    "Actual Startup Time": 87.85,
                                                    "Actual Total Time": 87.851,
                                                    "Actual Rows": 20791,
                                                    "Actual Loops": 6,
                                                    "Output": [
                                                        "t.id"
                                                    ],
                                                    "Hash Buckets": 131072,
                                                    "Original Hash Buckets": 131072,
                                                    "Hash Batches": 1,
                                                    "Original Hash Batches": 1,
                                                    "Peak Memory Usage": 5952,
                                                    "Workers": [
                                                        {
                                                            "Worker Number": 0,
                                                            "Actual Startup Time": 86.57,
                                                            "Actual Total Time": 86.571,
                                                            "Actual Rows": 15401,
                                                            "Actual Loops": 1
                                                        },
                                                        {
                                                            "Worker Number": 1,
                                                            "Actual Startup Time": 86.356,
                                                            "Actual Total Time": 86.357,
                                                            "Actual Rows": 19437,
                                                            "Actual Loops": 1
                                                        },
                                                        {
                                                            "Worker Number": 2,
                                                            "Actual Startup Time": 86.898,
                                                            "Actual Total Time": 86.899,
                                                            "Actual Rows": 20408,
                                                            "Actual Loops": 1
                                                        },
                                                        {
                                                            "Worker Number": 3,
                                                            "Actual Startup Time": 86.976,
                                                            "Actual Total Time": 86.977,
                                                            "Actual Rows": 18996,
                                                            "Actual Loops": 1
                                                        },
                                                        {
                                                            "Worker Number": 4,
                                                            "Actual Startup Time": 87.699,
                                                            "Actual Total Time": 87.7,
                                                            "Actual Rows": 21158,
                                                            "Actual Loops": 1
                                                        }
                                                    ],
                                                    "Plans": [
                                                        {
                                                            "Node Type": "Seq Scan",
                                                            "Parent Relationship": "Outer",
                                                            "Parallel Aware": true,
                                                            "Relation Name": "title",
                                                            "Schema": "public",
                                                            "Alias": "t",
                                                            "Startup Cost": 0.0,
                                                            "Total Cost": 45479.21,
                                                            "Plan Rows": 30346,
                                                            "Plan Width": 4,
                                                            "Actual Startup Time": 0.046,
                                                            "Actual Total Time": 78.687,
                                                            "Actual Rows": 20791,
                                                            "Actual Loops": 6,
                                                            "Output": [
                                                                "t.id"
                                                            ],
                                                            "Filter": "((t.kind_id > 1) AND (t.production_year = 2012))",
                                                            "Rows Removed by Filter": 400594,
                                                            "Workers": [
                                                                {
                                                                    "Worker Number": 0,
                                                                    "Actual Startup Time": 0.057,
                                                                    "Actual Total Time": 77.843,
                                                                    "Actual Rows": 15401,
                                                                    "Actual Loops": 1
                                                                },
                                                                {
                                                                    "Worker Number": 1,
                                                                    "Actual Startup Time": 0.048,
                                                                    "Actual Total Time": 78.06,
                                                                    "Actual Rows": 19437,
                                                                    "Actual Loops": 1
                                                                },
                                                                {
                                                                    "Worker Number": 2,
                                                                    "Actual Startup Time": 0.051,
                                                                    "Actual Total Time": 78.713,
                                                                    "Actual Rows": 20408,
                                                                    "Actual Loops": 1
                                                                },
                                                                {
                                                                    "Worker Number": 3,
                                                                    "Actual Startup Time": 0.05,
                                                                    "Actual Total Time": 77.405,
                                                                    "Actual Rows": 18996,
                                                                    "Actual Loops": 1
                                                                },
                                                                {
                                                                    "Worker Number": 4,
                                                                    "Actual Startup Time": 0.045,
                                                                    "Actual Total Time": 78.832,
                                                                    "Actual Rows": 21158,
                                                                    "Actual Loops": 1
                                                                }
                                                            ]
                                                        }
                                                    ]
                                                }
                                            ]
                                        },
                                        {
                                            "Node Type": "Index Only Scan",
                                            "Parent Relationship": "Inner",
                                            "Parallel Aware": false,
                                            "Scan Direction": "Forward",
                                            "Index Name": "movie_id_cast_info",
                                            "Relation Name": "cast_info",
                                            "Schema": "public",
                                            "Alias": "ci",
                                            "Startup Cost": 0.56,
                                            "Total Cost": 5.7,
                                            "Plan Rows": 38,
                                            "Plan Width": 4,
                                            "Actual Startup Time": 0.011,
                                            "Actual Total Time": 0.058,
                                            "Actual Rows": 28,
                                            "Actual Loops": 9905,
                                            "Output": [
                                                "ci.movie_id"
                                            ],
                                            "Index Cond": "(ci.movie_id = mi.movie_id)",
                                            "Rows Removed by Index Recheck": 0,
                                            "Heap Fetches": 275479,
                                            "Workers": [
                                                {
                                                    "Worker Number": 0,
                                                    "Actual Startup Time": 0.017,
                                                    "Actual Total Time": 0.089,
                                                    "Actual Rows": 28,
                                                    "Actual Loops": 1110
                                                },
                                                {
                                                    "Worker Number": 1,
                                                    "Actual Startup Time": 0.012,
                                                    "Actual Total Time": 0.064,
                                                    "Actual Rows": 27,
                                                    "Actual Loops": 1558
                                                },
                                                {
                                                    "Worker Number": 2,
                                                    "Actual Startup Time": 0.013,
                                                    "Actual Total Time": 0.068,
                                                    "Actual Rows": 29,
                                                    "Actual Loops": 1469
                                                },
                                                {
                                                    "Worker Number": 3,
                                                    "Actual Startup Time": 0.014,
                                                    "Actual Total Time": 0.071,
                                                    "Actual Rows": 27,
                                                    "Actual Loops": 1373
                                                },
                                                {
                                                    "Worker Number": 4,
                                                    "Actual Startup Time": 0.013,
                                                    "Actual Total Time": 0.063,
                                                    "Actual Rows": 27,
                                                    "Actual Loops": 1563
                                                }
                                            ]
                                        }
                                    ]
                                }
                            ]
                        }
                    ]
                }
            ]
        },
        "Planning Time": 291.304,
        "Triggers": [],
        "Execution Time": 296.023
    }
]