{
  "Plan": {
    "Node Type": "Aggregate",
    "Strategy": "Plain",
    "Partial Mode": "Finalize",
    "Parallel Aware": false,
    "Startup Cost": 130892.55,
    "Total Cost": 130892.56,
    "Plan Rows": 1,
    "Plan Width": 8,
    "Actual Startup Time": 737.711,
    "Actual Total Time": 757.617,
    "Actual Rows": 1,
    "Actual Loops": 1,
    "Plans": [
      {
        "Node Type": "Gather",
        "Parent Relationship": "Outer",
        "Parallel Aware": false,
        "Startup Cost": 130892.44,
        "Total Cost": 130892.55,
        "Plan Rows": 1,
        "Plan Width": 8,
        "Actual Startup Time": 733.187,
        "Actual Total Time": 757.606,
        "Actual Rows": 2,
        "Actual Loops": 1,
        "Workers Planned": 1,
        "Workers Launched": 1,
        "Single Copy": false,
        "Plans": [
          {
            "Node Type": "Aggregate",
            "Strategy": "Plain",
            "Partial Mode": "Partial",
            "Parent Relationship": "Outer",
            "Parallel Aware": false,
            "Startup Cost": 129892.44,
            "Total Cost": 129892.45,
            "Plan Rows": 1,
            "Plan Width": 8,
            "Actual Startup Time": 725.722,
            "Actual Total Time": 725.726,
            "Actual Rows": 1,
            "Actual Loops": 2,
            "Plans": [
              {
                "Node Type": "Hash Join",
                "Parent Relationship": "Outer",
                "Parallel Aware": true,
                "Join Type": "Inner",
                "Startup Cost": 68258.63,
                "Total Cost": 128570.21,
                "Plan Rows": 528892,
                "Plan Width": 0,
                "Actual Startup Time": 393.973,
                "Actual Total Time": 720.908,
                "Actual Rows": 98624,
                "Actual Loops": 2,
                "Inner Unique": true,
                "Hash Cond": "(mk.movie_id = t.id)",
                "Plans": [
                  {
                    "Node Type": "Seq Scan",
                    "Parent Relationship": "Outer",
                    "Parallel Aware": true,
                    "Relation Name": "movie_keyword",
                    "Alias": "mk",
                    "Startup Cost": 0.0,
                    "Total Cost": 57718.19,
                    "Plan Rows": 987958,
                    "Plan Width": 4,
                    "Actual Startup Time": 0.013,
                    "Actual Total Time": 201.756,
                    "Actual Rows": 851176,
                    "Actual Loops": 2,
                    "Filter": "(keyword_id < 2658)",
                    "Rows Removed by Filter": 1410790
                  },
                  {
                    "Node Type": "Hash",
                    "Parent Relationship": "Inner",
                    "Parallel Aware": true,
                    "Startup Cost": 58306.47,
                    "Total Cost": 58306.47,
                    "Plan Rows": 796173,
                    "Plan Width": 4,
                    "Actual Startup Time": 379.198,
                    "Actual Total Time": 379.2,
                    "Actual Rows": 663890,
                    "Actual Loops": 2,
                    "Hash Buckets": 2097152,
                    "Original Hash Buckets": 2097152,
                    "Hash Batches": 1,
                    "Original Hash Batches": 1,
                    "Peak Memory Usage": 68352,
                    "Plans": [
                      {
                        "Node Type": "Seq Scan",
                        "Parent Relationship": "Outer",
                        "Parallel Aware": true,
                        "Relation Name": "title",
                        "Alias": "t",
                        "Startup Cost": 0.0,
                        "Total Cost": 58306.47,
                        "Plan Rows": 796173,
                        "Plan Width": 4,
                        "Actual Startup Time": 0.029,
                        "Actual Total Time": 189.644,
                        "Actual Rows": 663890,
                        "Actual Loops": 2,
                        "Filter": "((production_year < 2012) AND (kind_id = 7))",
                        "Rows Removed by Filter": 600266
                      }
                    ]
                  }
                ]
              }
            ]
          }
        ]
      }
    ]
  },
  "Planning Time": 0.681,
  "Triggers": [],
  "Execution Time": 757.687
}