[
  {
    "Plan": {
      "Node Type": "Aggregate",
      "Strategy": "Plain",
      "Partial Mode": "Finalize",
      "Parallel Aware": false,
      "Startup Cost": 45970.26,
      "Total Cost": 45970.27,
      "Plan Rows": 1,
      "Plan Width": 8,
      "Actual Startup Time": 173.679,
      "Actual Total Time": 182.949,
      "Actual Rows": 1,
      "Actual Loops": 1,
      "Plans": [
        {
          "Node Type": "Gather",
          "Parent Relationship": "Outer",
          "Parallel Aware": false,
          "Startup Cost": 45969.94,
          "Total Cost": 45970.25,
          "Plan Rows": 3,
          "Plan Width": 8,
          "Actual Startup Time": 173.549,
          "Actual Total Time": 182.941,
          "Actual Rows": 4,
          "Actual Loops": 1,
          "Workers Planned": 3,
          "Workers Launched": 3,
          "Single Copy": false,
          "Plans": [
            {
              "Node Type": "Aggregate",
              "Strategy": "Plain",
              "Partial Mode": "Partial",
              "Parent Relationship": "Outer",
              "Parallel Aware": false,
              "Startup Cost": 44969.94,
              "Total Cost": 44969.95,
              "Plan Rows": 1,
              "Plan Width": 8,
              "Actual Startup Time": 166.408,
              "Actual Total Time": 166.409,
              "Actual Rows": 1,
              "Actual Loops": 4,
              "Plans": [
                {
                  "Node Type": "Seq Scan",
                  "Parent Relationship": "Outer",
                  "Parallel Aware": true,
                  "Relation Name": "movie_keyword",
                  "Alias": "mk",
                  "Startup Cost": 0.0,
                  "Total Cost": 42695.65,
                  "Plan Rows": 909715,
                  "Plan Width": 0,
                  "Actual Startup Time": 0.053,
                  "Actual Total Time": 129.163,
                  "Actual Rows": 703337,
                  "Actual Loops": 4,
                  "Filter": "(keyword_id < 8392)",
                  "Rows Removed by Filter": 427646
                }
              ]
            }
          ]
        }
      ]
    },
    "Planning Time": 0.147,
    "Triggers": [],
    "Execution Time": 182.994
  }
]