[
  {
    "Plan": {
      "Node Type": "Aggregate",
      "Strategy": "Plain",
      "Partial Mode": "Finalize",
      "Parallel Aware": false,
      "Startup Cost": 44637.99,
      "Total Cost": 44638.0,
      "Plan Rows": 1,
      "Plan Width": 8,
      "Actual Startup Time": 118.621,
      "Actual Total Time": 127.599,
      "Actual Rows": 1,
      "Actual Loops": 1,
      "Plans": [
        {
          "Node Type": "Gather",
          "Parent Relationship": "Outer",
          "Parallel Aware": false,
          "Startup Cost": 44637.67,
          "Total Cost": 44637.98,
          "Plan Rows": 3,
          "Plan Width": 8,
          "Actual Startup Time": 118.497,
          "Actual Total Time": 127.591,
          "Actual Rows": 4,
          "Actual Loops": 1,
          "Workers Planned": 3,
          "Workers Launched": 3,
          "Single Copy": false,
          "Plans": [
            {
              "Node Type": "Aggregate",
              "Strategy": "Plain",
              "Partial Mode": "Partial",
              "Parent Relationship": "Outer",
              "Parallel Aware": false,
              "Startup Cost": 43637.67,
              "Total Cost": 43637.68,
              "Plan Rows": 1,
              "Plan Width": 8,
              "Actual Startup Time": 113.732,
              "Actual Total Time": 113.733,
              "Actual Rows": 1,
              "Actual Loops": 4,
              "Plans": [
                {
                  "Node Type": "Seq Scan",
                  "Parent Relationship": "Outer",
                  "Parallel Aware": true,
                  "Relation Name": "movie_keyword",
                  "Alias": "mk",
                  "Startup Cost": 0.0,
                  "Total Cost": 42695.65,
                  "Plan Rows": 376807,
                  "Plan Width": 0,
                  "Actual Startup Time": 0.04,
                  "Actual Total Time": 99.717,
                  "Actual Rows": 295465,
                  "Actual Loops": 4,
                  "Filter": "(keyword_id < 1401)",
                  "Rows Removed by Filter": 835518
                }
              ]
            }
          ]
        }
      ]
    },
    "Planning Time": 0.116,
    "Triggers": [],
    "Execution Time": 127.635
  }
]