[
  {
    "Plan": {
      "Node Type": "Aggregate",
      "Strategy": "Plain",
      "Partial Mode": "Finalize",
      "Parallel Aware": false,
      "Startup Cost": 46734.89,
      "Total Cost": 46734.9,
      "Plan Rows": 1,
      "Plan Width": 8,
      "Actual Startup Time": 103.258,
      "Actual Total Time": 116.164,
      "Actual Rows": 1,
      "Actual Loops": 1,
      "Plans": [
        {
          "Node Type": "Gather",
          "Parent Relationship": "Outer",
          "Parallel Aware": false,
          "Startup Cost": 46734.47,
          "Total Cost": 46734.88,
          "Plan Rows": 4,
          "Plan Width": 8,
          "Actual Startup Time": 103.077,
          "Actual Total Time": 116.153,
          "Actual Rows": 5,
          "Actual Loops": 1,
          "Workers Planned": 4,
          "Workers Launched": 4,
          "Single Copy": false,
          "Plans": [
            {
              "Node Type": "Aggregate",
              "Strategy": "Plain",
              "Partial Mode": "Partial",
              "Parent Relationship": "Outer",
              "Parallel Aware": false,
              "Startup Cost": 45734.47,
              "Total Cost": 45734.48,
              "Plan Rows": 1,
              "Plan Width": 8,
              "Actual Startup Time": 93.795,
              "Actual Total Time": 93.796,
              "Actual Rows": 1,
              "Actual Loops": 5,
              "Plans": [
                {
                  "Node Type": "Seq Scan",
                  "Parent Relationship": "Outer",
                  "Parallel Aware": true,
                  "Relation Name": "title",
                  "Alias": "t",
                  "Startup Cost": 0.0,
                  "Total Cost": 45479.59,
                  "Plan Rows": 101953,
                  "Plan Width": 0,
                  "Actual Startup Time": 0.056,
                  "Actual Total Time": 90.225,
                  "Actual Rows": 56263,
                  "Actual Loops": 5,
                  "Filter": "((kind_id > 1) AND (production_year < 1984))",
                  "Rows Removed by Filter": 449399
                }
              ]
            }
          ]
        }
      ]
    },
    "Planning Time": 0.081,
    "Triggers": [],
    "Execution Time": 116.196
  }
]