[
  {
    "Plan": {
      "Node Type": "Aggregate",
      "Strategy": "Plain",
      "Partial Mode": "Finalize",
      "Parallel Aware": false,
      "Startup Cost": 347652.43,
      "Total Cost": 347652.44,
      "Plan Rows": 1,
      "Plan Width": 8,
      "Actual Startup Time": 587.647,
      "Actual Total Time": 610.054,
      "Actual Rows": 1,
      "Actual Loops": 1,
      "Plans": [
        {
          "Node Type": "Gather",
          "Parent Relationship": "Outer",
          "Parallel Aware": false,
          "Startup Cost": 347652.22,
          "Total Cost": 347652.43,
          "Plan Rows": 2,
          "Plan Width": 8,
          "Actual Startup Time": 585.142,
          "Actual Total Time": 610.045,
          "Actual Rows": 3,
          "Actual Loops": 1,
          "Workers Planned": 2,
          "Workers Launched": 2,
          "Single Copy": false,
          "Plans": [
            {
              "Node Type": "Aggregate",
              "Strategy": "Plain",
              "Partial Mode": "Partial",
              "Parent Relationship": "Outer",
              "Parallel Aware": false,
              "Startup Cost": 346652.22,
              "Total Cost": 346652.23,
              "Plan Rows": 1,
              "Plan Width": 8,
              "Actual Startup Time": 576.439,
              "Actual Total Time": 576.446,
              "Actual Rows": 1,
              "Actual Loops": 3,
              "Plans": [
                {
                  "Node Type": "Hash Join",
                  "Parent Relationship": "Outer",
                  "Parallel Aware": true,
                  "Join Type": "Inner",
                  "Startup Cost": 330536.02,
                  "Total Cost": 346487.37,
                  "Plan Rows": 65938,
                  "Plan Width": 0,
                  "Actual Startup Time": 452.41,
                  "Actual Total Time": 565.745,
                  "Actual Rows": 227448,
                  "Actual Loops": 3,
                  "Inner Unique": false,
                  "Hash Cond": "(mi_idx.movie_id = t.id)",
                  "Plans": [
                    {
                      "Node Type": "Seq Scan",
                      "Parent Relationship": "Outer",
                      "Parallel Aware": true,
                      "Relation Name": "movie_info_idx",
                      "Alias": "mi_idx",
                      "Startup Cost": 0.0,
                      "Total Cost": 13685.15,
                      "Plan Rows": 575015,
                      "Plan Width": 4,
                      "Actual Startup Time": 0.019,
                      "Actual Total Time": 39.147,
                      "Actual Rows": 460012,
                      "Actual Loops": 3
                    },
                    {
                      "Node Type": "Hash",
                      "Parent Relationship": "Inner",
                      "Parallel Aware": true,
                      "Startup Cost": 329931.98,
                      "Total Cost": 329931.98,
                      "Plan Rows": 48323,
                      "Plan Width": 8,
                      "Actual Startup Time": 448.012,
                      "Actual Total Time": 448.017,
                      "Actual Rows": 95566,
                      "Actual Loops": 3,
                      "Hash Buckets": 524288,
                      "Original Hash Buckets": 524288,
                      "Hash Batches": 1,
                      "Original Hash Batches": 1,
                      "Peak Memory Usage": 15328,
                      "Plans": [
                        {
                          "Node Type": "Hash Join",
                          "Parent Relationship": "Outer",
                          "Parallel Aware": true,
                          "Join Type": "Inner",
                          "Startup Cost": 74183.25,
                          "Total Cost": 329931.98,
                          "Plan Rows": 48323,
                          "Plan Width": 8,
                          "Actual Startup Time": 247.64,
                          "Actual Total Time": 419.233,
                          "Actual Rows": 95566,
                          "Actual Loops": 3,
                          "Inner Unique": true,
                          "Hash Cond": "(ci.movie_id = t.id)",
                          "Plans": [
                            {
                              "Node Type": "Bitmap Heap Scan",
                              "Parent Relationship": "Outer",
                              "Parallel Aware": true,
                              "Relation Name": "cast_info",
                              "Alias": "ci",
                              "Startup Cost": 26817.49,
                              "Total Cost": 282034.85,
                              "Plan Rows": 202428,
                              "Plan Width": 4,
                              "Actual Startup Time": 56.393,
                              "Actual Total Time": 126.321,
                              "Actual Rows": 383907,
                              "Actual Loops": 3,
                              "Recheck Cond": "(person_id > 3838472)",
                              "Rows Removed by Index Recheck": 0,
                              "Exact Heap Blocks": 5216,
                              "Lossy Heap Blocks": 0,
                              "Plans": [
                                {
                                  "Node Type": "Bitmap Index Scan",
                                  "Parent Relationship": "Outer",
                                  "Parallel Aware": false,
                                  "Index Name": "person_id_cast_info",
                                  "Startup Cost": 0.0,
                                  "Total Cost": 26513.85,
                                  "Plan Rows": 1214571,
                                  "Plan Width": 0,
                                  "Actual Startup Time": 52.445,
                                  "Actual Total Time": 52.446,
                                  "Actual Rows": 1151721,
                                  "Actual Loops": 1,
                                  "Index Cond": "(person_id > 3838472)"
                                }
                              ]
                            },
                            {
                              "Node Type": "Hash",
                              "Parent Relationship": "Inner",
                              "Parallel Aware": true,
                              "Startup Cost": 45479.59,
                              "Total Cost": 45479.59,
                              "Plan Rows": 150894,
                              "Plan Width": 4,
                              "Actual Startup Time": 186.508,
                              "Actual Total Time": 186.509,
                              "Actual Rows": 169136,
                              "Actual Loops": 3,
                              "Hash Buckets": 1048576,
                              "Original Hash Buckets": 1048576,
                              "Hash Batches": 1,
                              "Original Hash Batches": 1,
                              "Peak Memory Usage": 28096,
                              "Plans": [
                                {
                                  "Node Type": "Seq Scan",
                                  "Parent Relationship": "Outer",
                                  "Parallel Aware": true,
                                  "Relation Name": "title",
                                  "Alias": "t",
                                  "Startup Cost": 0.0,
                                  "Total Cost": 45479.59,
                                  "Plan Rows": 150894,
                                  "Plan Width": 4,
                                  "Actual Startup Time": 0.055,
                                  "Actual Total Time": 126.664,
                                  "Actual Rows": 169136,
                                  "Actual Loops": 3,
                                  "Filter": "((kind_id < 7) AND (production_year > 1997))",
                                  "Rows Removed by Filter": 673635
                                }
                              ]
                            }
                          ]
                        }
                      ]
                    }
                  ]
                }
              ]
            }
          ]
        }
      ]
    },
    "Planning Time": 1.367,
    "Triggers": [],
    "Execution Time": 610.164
  }
]