[
  {
    "Plan": {
      "Node Type": "Aggregate",
      "Strategy": "Plain",
      "Partial Mode": "Finalize",
      "Parallel Aware": false,
      "Startup Cost": 47194.72,
      "Total Cost": 47194.73,
      "Plan Rows": 1,
      "Plan Width": 8,
      "Actual Startup Time": 175.469,
      "Actual Total Time": 185.112,
      "Actual Rows": 1,
      "Actual Loops": 1,
      "Plans": [
        {
          "Node Type": "Gather",
          "Parent Relationship": "Outer",
          "Parallel Aware": false,
          "Startup Cost": 47194.4,
          "Total Cost": 47194.71,
          "Plan Rows": 3,
          "Plan Width": 8,
          "Actual Startup Time": 175.369,
          "Actual Total Time": 185.104,
          "Actual Rows": 4,
          "Actual Loops": 1,
          "Workers Planned": 3,
          "Workers Launched": 3,
          "Single Copy": false,
          "Plans": [
            {
              "Node Type": "Aggregate",
              "Strategy": "Plain",
              "Partial Mode": "Partial",
              "Parent Relationship": "Outer",
              "Parallel Aware": false,
              "Startup Cost": 46194.4,
              "Total Cost": 46194.41,
              "Plan Rows": 1,
              "Plan Width": 8,
              "Actual Startup Time": 170.142,
              "Actual Total Time": 170.143,
              "Actual Rows": 1,
              "Actual Loops": 4,
              "Plans": [
                {
                  "Node Type": "Seq Scan",
                  "Parent Relationship": "Outer",
                  "Parallel Aware": true,
                  "Relation Name": "movie_keyword",
                  "Alias": "mk",
                  "Startup Cost": 0.0,
                  "Total Cost": 42695.65,
                  "Plan Rows": 1399500,
                  "Plan Width": 0,
                  "Actual Startup Time": 0.04,
                  "Actual Total Time": 123.194,
                  "Actual Rows": 1084057,
                  "Actual Loops": 4,
                  "Filter": "(keyword_id < 71404)",
                  "Rows Removed by Filter": 46926
                }
              ]
            }
          ]
        }
      ]
    },
    "Planning Time": 0.148,
    "Triggers": [],
    "Execution Time": 185.159
  }
]