[
  {
    "Plan": {
      "Node Type": "Aggregate",
      "Strategy": "Plain",
      "Partial Mode": "Finalize",
      "Parallel Aware": false,
      "Startup Cost": 46911.8,
      "Total Cost": 46911.81,
      "Plan Rows": 1,
      "Plan Width": 8,
      "Actual Startup Time": 174.51,
      "Actual Total Time": 184.212,
      "Actual Rows": 1,
      "Actual Loops": 1,
      "Plans": [
        {
          "Node Type": "Gather",
          "Parent Relationship": "Outer",
          "Parallel Aware": false,
          "Startup Cost": 46911.48,
          "Total Cost": 46911.79,
          "Plan Rows": 3,
          "Plan Width": 8,
          "Actual Startup Time": 174.366,
          "Actual Total Time": 184.202,
          "Actual Rows": 4,
          "Actual Loops": 1,
          "Workers Planned": 3,
          "Workers Launched": 3,
          "Single Copy": false,
          "Plans": [
            {
              "Node Type": "Aggregate",
              "Strategy": "Plain",
              "Partial Mode": "Partial",
              "Parent Relationship": "Outer",
              "Parallel Aware": false,
              "Startup Cost": 45911.48,
              "Total Cost": 45911.49,
              "Plan Rows": 1,
              "Plan Width": 8,
              "Actual Startup Time": 166.681,
              "Actual Total Time": 166.683,
              "Actual Rows": 1,
              "Actual Loops": 4,
              "Plans": [
                {
                  "Node Type": "Seq Scan",
                  "Parent Relationship": "Outer",
                  "Parallel Aware": true,
                  "Relation Name": "movie_keyword",
                  "Alias": "mk",
                  "Startup Cost": 0.0,
                  "Total Cost": 42695.65,
                  "Plan Rows": 1286330,
                  "Plan Width": 0,
                  "Actual Startup Time": 0.059,
                  "Actual Total Time": 122.94,
                  "Actual Rows": 1001404,
                  "Actual Loops": 4,
                  "Filter": "(keyword_id < 34912)",
                  "Rows Removed by Filter": 129579
                }
              ]
            }
          ]
        }
      ]
    },
    "Planning Time": 0.162,
    "Triggers": [],
    "Execution Time": 184.261
  }
]