[
  {
    "Plan": {
      "Node Type": "Aggregate",
      "Strategy": "Plain",
      "Partial Mode": "Finalize",
      "Parallel Aware": false,
      "Startup Cost": 31905.7,
      "Total Cost": 31905.71,
      "Plan Rows": 1,
      "Plan Width": 8,
      "Actual Startup Time": 121.884,
      "Actual Total Time": 129.47,
      "Actual Rows": 1,
      "Actual Loops": 1,
      "Plans": [
        {
          "Node Type": "Gather",
          "Parent Relationship": "Outer",
          "Parallel Aware": false,
          "Startup Cost": 31905.38,
          "Total Cost": 31905.69,
          "Plan Rows": 3,
          "Plan Width": 8,
          "Actual Startup Time": 121.771,
          "Actual Total Time": 129.462,
          "Actual Rows": 4,
          "Actual Loops": 1,
          "Workers Planned": 3,
          "Workers Launched": 3,
          "Single Copy": false,
          "Plans": [
            {
              "Node Type": "Aggregate",
              "Strategy": "Plain",
              "Partial Mode": "Partial",
              "Parent Relationship": "Outer",
              "Parallel Aware": false,
              "Startup Cost": 30905.38,
              "Total Cost": 30905.39,
              "Plan Rows": 1,
              "Plan Width": 8,
              "Actual Startup Time": 113.041,
              "Actual Total Time": 113.042,
              "Actual Rows": 1,
              "Actual Loops": 4,
              "Plans": [
                {
                  "Node Type": "Seq Scan",
                  "Parent Relationship": "Outer",
                  "Parallel Aware": true,
                  "Relation Name": "movie_companies",
                  "Alias": "mc",
                  "Startup Cost": 0.0,
                  "Total Cost": 29310.68,
                  "Plan Rows": 637881,
                  "Plan Width": 0,
                  "Actual Startup Time": 0.489,
                  "Actual Total Time": 89.074,
                  "Actual Rows": 495231,
                  "Actual Loops": 4,
                  "Filter": "(company_id > 819)",
                  "Rows Removed by Filter": 157052
                }
              ]
            }
          ]
        }
      ]
    },
    "Planning Time": 0.163,
    "Triggers": [],
    "Execution Time": 129.521
  }
]