[
  {
    "Plan": {
      "Node Type": "Aggregate",
      "Strategy": "Plain",
      "Partial Mode": "Finalize",
      "Parallel Aware": false,
      "Startup Cost": 343629.0,
      "Total Cost": 343629.01,
      "Plan Rows": 1,
      "Plan Width": 8,
      "Actual Startup Time": 896.48,
      "Actual Total Time": 941.853,
      "Actual Rows": 1,
      "Actual Loops": 1,
      "Plans": [
        {
          "Node Type": "Gather",
          "Parent Relationship": "Outer",
          "Parallel Aware": false,
          "Startup Cost": 343628.38,
          "Total Cost": 343628.99,
          "Plan Rows": 6,
          "Plan Width": 8,
          "Actual Startup Time": 896.278,
          "Actual Total Time": 941.837,
          "Actual Rows": 7,
          "Actual Loops": 1,
          "Workers Planned": 6,
          "Workers Launched": 6,
          "Single Copy": false,
          "Plans": [
            {
              "Node Type": "Aggregate",
              "Strategy": "Plain",
              "Partial Mode": "Partial",
              "Parent Relationship": "Outer",
              "Parallel Aware": false,
              "Startup Cost": 342628.38,
              "Total Cost": 342628.39,
              "Plan Rows": 1,
              "Plan Width": 8,
              "Actual Startup Time": 888.938,
              "Actual Total Time": 888.94,
              "Actual Rows": 1,
              "Actual Loops": 7,
              "Plans": [
                {
                  "Node Type": "Seq Scan",
                  "Parent Relationship": "Outer",
                  "Parallel Aware": true,
                  "Relation Name": "cast_info",
                  "Alias": "ci",
                  "Startup Cost": 0.0,
                  "Total Cost": 328211.39,
                  "Plan Rows": 5766795,
                  "Plan Width": 0,
                  "Actual Startup Time": 0.051,
                  "Actual Total Time": 653.506,
                  "Actual Rows": 4954377,
                  "Actual Loops": 7,
                  "Filter": "(person_id < 3752535)",
                  "Rows Removed by Filter": 223386
                }
              ]
            }
          ]
        }
      ]
    },
    "Planning Time": 0.093,
    "Triggers": [],
    "Execution Time": 941.894
  }
]