[
  {
    "Plan": {
      "Node Type": "Aggregate",
      "Strategy": "Plain",
      "Partial Mode": "Finalize",
      "Parallel Aware": false,
      "Startup Cost": 103045.73,
      "Total Cost": 103045.74,
      "Plan Rows": 1,
      "Plan Width": 8,
      "Actual Startup Time": 359.031,
      "Actual Total Time": 378.773,
      "Actual Rows": 1,
      "Actual Loops": 1,
      "Plans": [
        {
          "Node Type": "Gather",
          "Parent Relationship": "Outer",
          "Parallel Aware": false,
          "Startup Cost": 103045.41,
          "Total Cost": 103045.72,
          "Plan Rows": 3,
          "Plan Width": 8,
          "Actual Startup Time": 357.32,
          "Actual Total Time": 378.762,
          "Actual Rows": 4,
          "Actual Loops": 1,
          "Workers Planned": 3,
          "Workers Launched": 3,
          "Single Copy": false,
          "Plans": [
            {
              "Node Type": "Aggregate",
              "Strategy": "Plain",
              "Partial Mode": "Partial",
              "Parent Relationship": "Outer",
              "Parallel Aware": false,
              "Startup Cost": 102045.41,
              "Total Cost": 102045.42,
              "Plan Rows": 1,
              "Plan Width": 8,
              "Actual Startup Time": 348.938,
              "Actual Total Time": 348.944,
              "Actual Rows": 1,
              "Actual Loops": 4,
              "Plans": [
                {
                  "Node Type": "Nested Loop",
                  "Parent Relationship": "Outer",
                  "Parallel Aware": false,
                  "Join Type": "Inner",
                  "Startup Cost": 54808.18,
                  "Total Cost": 102002.13,
                  "Plan Rows": 17313,
                  "Plan Width": 0,
                  "Actual Startup Time": 186.186,
                  "Actual Total Time": 341.224,
                  "Actual Rows": 178202,
                  "Actual Loops": 4,
                  "Inner Unique": false,
                  "Plans": [
                    {
                      "Node Type": "Hash Join",
                      "Parent Relationship": "Outer",
                      "Parallel Aware": true,
                      "Join Type": "Inner",
                      "Startup Cost": 54807.75,
                      "Total Cost": 75388.35,
                      "Plan Rows": 13510,
                      "Plan Width": 8,
                      "Actual Startup Time": 184.724,
                      "Actual Total Time": 239.198,
                      "Actual Rows": 13112,
                      "Actual Loops": 4,
                      "Inner Unique": true,
                      "Hash Cond": "(mc.movie_id = t.id)",
                      "Plans": [
                        {
                          "Node Type": "Bitmap Heap Scan",
                          "Parent Relationship": "Outer",
                          "Parallel Aware": true,
                          "Relation Name": "movie_companies",
                          "Alias": "mc",
                          "Startup Cost": 7342.77,
                          "Total Cost": 27782.24,
                          "Plan Rows": 53765,
                          "Plan Width": 4,
                          "Actual Startup Time": 23.657,
                          "Actual Total Time": 56.775,
                          "Actual Rows": 66276,
                          "Actual Loops": 4,
                          "Recheck Cond": "(company_id < 166)",
                          "Rows Removed by Index Recheck": 0,
                          "Filter": "(company_type_id < 2)",
                          "Rows Removed by Filter": 17338,
                          "Exact Heap Blocks": 5971,
                          "Lossy Heap Blocks": 0,
                          "Plans": [
                            {
                              "Node Type": "Bitmap Index Scan",
                              "Parent Relationship": "Outer",
                              "Parallel Aware": false,
                              "Index Name": "company_id_movie_companies",
                              "Startup Cost": 0.0,
                              "Total Cost": 7301.1,
                              "Plan Rows": 340890,
                              "Plan Width": 0,
                              "Actual Startup Time": 20.873,
                              "Actual Total Time": 20.874,
                              "Actual Rows": 334457,
                              "Actual Loops": 1,
                              "Index Cond": "(company_id < 166)"
                            }
                          ]
                        },
                        {
                          "Node Type": "Hash",
                          "Parent Relationship": "Inner",
                          "Parallel Aware": true,
                          "Startup Cost": 45479.59,
                          "Total Cost": 45479.59,
                          "Plan Rows": 158831,
                          "Plan Width": 4,
                          "Actual Startup Time": 156.116,
                          "Actual Total Time": 156.117,
                          "Actual Rows": 127134,
                          "Actual Loops": 4,
                          "Hash Buckets": 1048576,
                          "Original Hash Buckets": 1048576,
                          "Hash Batches": 1,
                          "Original Hash Batches": 1,
                          "Peak Memory Usage": 28192,
                          "Plans": [
                            {
                              "Node Type": "Seq Scan",
                              "Parent Relationship": "Outer",
                              "Parallel Aware": true,
                              "Relation Name": "title",
                              "Alias": "t",
                              "Startup Cost": 0.0,
                              "Total Cost": 45479.59,
                              "Plan Rows": 158831,
                              "Plan Width": 4,
                              "Actual Startup Time": 0.046,
                              "Actual Total Time": 104.772,
                              "Actual Rows": 127134,
                              "Actual Loops": 4,
                              "Filter": "((kind_id < 4) AND (production_year > 1984))",
                              "Rows Removed by Filter": 504944
                            }
                          ]
                        }
                      ]
                    },
                    {
                      "Node Type": "Index Scan",
                      "Parent Relationship": "Inner",
                      "Parallel Aware": false,
                      "Scan Direction": "Forward",
                      "Index Name": "movie_id_movie_keyword",
                      "Relation Name": "movie_keyword",
                      "Alias": "mk",
                      "Startup Cost": 0.43,
                      "Total Cost": 1.64,
                      "Plan Rows": 33,
                      "Plan Width": 4,
                      "Actual Startup Time": 0.004,
                      "Actual Total Time": 0.007,
                      "Actual Rows": 14,
                      "Actual Loops": 52449,
                      "Index Cond": "(movie_id = t.id)",
                      "Rows Removed by Index Recheck": 0,
                      "Filter": "(keyword_id > 1662)",
                      "Rows Removed by Filter": 5
                    }
                  ]
                }
              ]
            }
          ]
        }
      ]
    },
    "Planning Time": 1.494,
    "Triggers": [],
    "Execution Time": 378.886
  }
]