[
  {
    "Plan": {
      "Node Type": "Aggregate",
      "Strategy": "Plain",
      "Partial Mode": "Finalize",
      "Parallel Aware": false,
      "Startup Cost": 96246.05,
      "Total Cost": 96246.06,
      "Plan Rows": 1,
      "Plan Width": 8,
      "Actual Startup Time": 324.73,
      "Actual Total Time": 347.257,
      "Actual Rows": 1,
      "Actual Loops": 1,
      "Plans": [
        {
          "Node Type": "Gather",
          "Parent Relationship": "Outer",
          "Parallel Aware": false,
          "Startup Cost": 96245.63,
          "Total Cost": 96246.04,
          "Plan Rows": 4,
          "Plan Width": 8,
          "Actual Startup Time": 323.312,
          "Actual Total Time": 347.246,
          "Actual Rows": 5,
          "Actual Loops": 1,
          "Workers Planned": 4,
          "Workers Launched": 4,
          "Single Copy": false,
          "Plans": [
            {
              "Node Type": "Aggregate",
              "Strategy": "Plain",
              "Partial Mode": "Partial",
              "Parent Relationship": "Outer",
              "Parallel Aware": false,
              "Startup Cost": 95245.63,
              "Total Cost": 95245.64,
              "Plan Rows": 1,
              "Plan Width": 8,
              "Actual Startup Time": 312.836,
              "Actual Total Time": 312.84,
              "Actual Rows": 1,
              "Actual Loops": 5,
              "Plans": [
                {
                  "Node Type": "Nested Loop",
                  "Parent Relationship": "Outer",
                  "Parallel Aware": false,
                  "Join Type": "Inner",
                  "Startup Cost": 28416.78,
                  "Total Cost": 95211.91,
                  "Plan Rows": 13490,
                  "Plan Width": 0,
                  "Actual Startup Time": 114.758,
                  "Actual Total Time": 306.745,
                  "Actual Rows": 142561,
                  "Actual Loops": 5,
                  "Inner Unique": false,
                  "Plans": [
                    {
                      "Node Type": "Hash Join",
                      "Parent Relationship": "Outer",
                      "Parallel Aware": true,
                      "Join Type": "Inner",
                      "Startup Cost": 28416.35,
                      "Total Cost": 74724.73,
                      "Plan Rows": 10509,
                      "Plan Width": 8,
                      "Actual Startup Time": 114.549,
                      "Actual Total Time": 215.02,
                      "Actual Rows": 10490,
                      "Actual Loops": 5,
                      "Inner Unique": false,
                      "Hash Cond": "(t.id = mc.movie_id)",
                      "Plans": [
                        {
                          "Node Type": "Seq Scan",
                          "Parent Relationship": "Outer",
                          "Parallel Aware": true,
                          "Relation Name": "title",
                          "Alias": "t",
                          "Startup Cost": 0.0,
                          "Total Cost": 45479.1,
                          "Plan Rows": 159076,
                          "Plan Width": 4,
                          "Actual Startup Time": 0.02,
                          "Actual Total Time": 70.793,
                          "Actual Rows": 101707,
                          "Actual Loops": 5,
                          "Filter": "((kind_id < 4) AND (production_year > 1984))",
                          "Rows Removed by Filter": 403955
                        },
                        {
                          "Node Type": "Hash",
                          "Parent Relationship": "Inner",
                          "Parallel Aware": true,
                          "Startup Cost": 27742.84,
                          "Total Cost": 27742.84,
                          "Plan Rows": 53881,
                          "Plan Width": 4,
                          "Actual Startup Time": 112.452,
                          "Actual Total Time": 112.454,
                          "Actual Rows": 53021,
                          "Actual Loops": 5,
                          "Hash Buckets": 524288,
                          "Original Hash Buckets": 262144,
                          "Hash Batches": 1,
                          "Original Hash Batches": 1,
                          "Peak Memory Usage": 16576,
                          "Plans": [
                            {
                              "Node Type": "Bitmap Heap Scan",
                              "Parent Relationship": "Outer",
                              "Parallel Aware": true,
                              "Relation Name": "movie_companies",
                              "Alias": "mc",
                              "Startup Cost": 7311.01,
                              "Total Cost": 27742.84,
                              "Plan Rows": 53881,
                              "Plan Width": 4,
                              "Actual Startup Time": 30.659,
                              "Actual Total Time": 77.189,
                              "Actual Rows": 53021,
                              "Actual Loops": 5,
                              "Recheck Cond": "(company_id < 166)",
                              "Rows Removed by Index Recheck": 0,
                              "Filter": "(company_type_id < 2)",
                              "Rows Removed by Filter": 13870,
                              "Exact Heap Blocks": 4293,
                              "Lossy Heap Blocks": 0,
                              "Plans": [
                                {
                                  "Node Type": "Bitmap Index Scan",
                                  "Parent Relationship": "Outer",
                                  "Parallel Aware": false,
                                  "Index Name": "company_id_movie_companies",
                                  "Startup Cost": 0.0,
                                  "Total Cost": 7269.26,
                                  "Plan Rows": 339310,
                                  "Plan Width": 0,
                                  "Actual Startup Time": 31.132,
                                  "Actual Total Time": 31.132,
                                  "Actual Rows": 334457,
                                  "Actual Loops": 1,
                                  "Index Cond": "(company_id < 166)"
                                }
                              ]
                            }
                          ]
                        }
                      ]
                    },
                    {
                      "Node Type": "Index Scan",
                      "Parent Relationship": "Inner",
                      "Parallel Aware": false,
                      "Scan Direction": "Forward",
                      "Index Name": "movie_id_movie_keyword",
                      "Relation Name": "movie_keyword",
                      "Alias": "mk",
                      "Startup Cost": 0.43,
                      "Total Cost": 1.62,
                      "Plan Rows": 33,
                      "Plan Width": 4,
                      "Actual Startup Time": 0.005,
                      "Actual Total Time": 0.008,
                      "Actual Rows": 14,
                      "Actual Loops": 52449,
                      "Index Cond": "(movie_id = t.id)",
                      "Rows Removed by Index Recheck": 0,
                      "Filter": "(keyword_id > 1662)",
                      "Rows Removed by Filter": 5
                    }
                  ]
                }
              ]
            }
          ]
        }
      ]
    },
    "Planning Time": 1.499,
    "Triggers": [],
    "Execution Time": 347.371
  }
]