[
  {
    "Plan": {
      "Node Type": "Aggregate",
      "Strategy": "Plain",
      "Partial Mode": "Finalize",
      "Parallel Aware": false,
      "Startup Cost": 45279.33,
      "Total Cost": 45279.34,
      "Plan Rows": 1,
      "Plan Width": 8,
      "Actual Startup Time": 146.699,
      "Actual Total Time": 156.579,
      "Actual Rows": 1,
      "Actual Loops": 1,
      "Plans": [
        {
          "Node Type": "Gather",
          "Parent Relationship": "Outer",
          "Parallel Aware": false,
          "Startup Cost": 45279.01,
          "Total Cost": 45279.32,
          "Plan Rows": 3,
          "Plan Width": 8,
          "Actual Startup Time": 146.465,
          "Actual Total Time": 156.57,
          "Actual Rows": 4,
          "Actual Loops": 1,
          "Workers Planned": 3,
          "Workers Launched": 3,
          "Single Copy": false,
          "Plans": [
            {
              "Node Type": "Aggregate",
              "Strategy": "Plain",
              "Partial Mode": "Partial",
              "Parent Relationship": "Outer",
              "Parallel Aware": false,
              "Startup Cost": 44279.01,
              "Total Cost": 44279.02,
              "Plan Rows": 1,
              "Plan Width": 8,
              "Actual Startup Time": 140.772,
              "Actual Total Time": 140.773,
              "Actual Rows": 1,
              "Actual Loops": 4,
              "Plans": [
                {
                  "Node Type": "Seq Scan",
                  "Parent Relationship": "Outer",
                  "Parallel Aware": true,
                  "Relation Name": "movie_keyword",
                  "Alias": "mk",
                  "Startup Cost": 0.0,
                  "Total Cost": 42695.65,
                  "Plan Rows": 633342,
                  "Plan Width": 0,
                  "Actual Startup Time": 0.937,
                  "Actual Total Time": 118.126,
                  "Actual Rows": 489899,
                  "Actual Loops": 4,
                  "Filter": "(keyword_id > 6504)",
                  "Rows Removed by Filter": 641084
                }
              ]
            }
          ]
        }
      ]
    },
    "Planning Time": 0.166,
    "Triggers": [],
    "Execution Time": 156.627
  }
]