[
  {
    "Plan": {
      "Node Type": "Aggregate",
      "Strategy": "Plain",
      "Partial Mode": "Finalize",
      "Parallel Aware": false,
      "Startup Cost": 90689.97,
      "Total Cost": 90689.98,
      "Plan Rows": 1,
      "Plan Width": 8,
      "Actual Startup Time": 243.076,
      "Actual Total Time": 261.477,
      "Actual Rows": 1,
      "Actual Loops": 1,
      "Plans": [
        {
          "Node Type": "Gather",
          "Parent Relationship": "Outer",
          "Parallel Aware": false,
          "Startup Cost": 90689.65,
          "Total Cost": 90689.96,
          "Plan Rows": 3,
          "Plan Width": 8,
          "Actual Startup Time": 242.561,
          "Actual Total Time": 261.467,
          "Actual Rows": 4,
          "Actual Loops": 1,
          "Workers Planned": 3,
          "Workers Launched": 3,
          "Single Copy": false,
          "Plans": [
            {
              "Node Type": "Aggregate",
              "Strategy": "Plain",
              "Partial Mode": "Partial",
              "Parent Relationship": "Outer",
              "Parallel Aware": false,
              "Startup Cost": 89689.65,
              "Total Cost": 89689.66,
              "Plan Rows": 1,
              "Plan Width": 8,
              "Actual Startup Time": 234.326,
              "Actual Total Time": 234.329,
              "Actual Rows": 1,
              "Actual Loops": 4,
              "Plans": [
                {
                  "Node Type": "Hash Join",
                  "Parent Relationship": "Outer",
                  "Parallel Aware": true,
                  "Join Type": "Inner",
                  "Startup Cost": 45732.01,
                  "Total Cost": 89652.32,
                  "Plan Rows": 14934,
                  "Plan Width": 0,
                  "Actual Startup Time": 107.195,
                  "Actual Total Time": 233.986,
                  "Actual Rows": 6665,
                  "Actual Loops": 4,
                  "Inner Unique": true,
                  "Hash Cond": "(mk.movie_id = t.id)",
                  "Plans": [
                    {
                      "Node Type": "Seq Scan",
                      "Parent Relationship": "Outer",
                      "Parallel Aware": true,
                      "Relation Name": "movie_keyword",
                      "Alias": "mk",
                      "Startup Cost": 0.0,
                      "Total Cost": 42695.65,
                      "Plan Rows": 466534,
                      "Plan Width": 4,
                      "Actual Startup Time": 0.731,
                      "Actual Total Time": 95.567,
                      "Actual Rows": 363342,
                      "Actual Loops": 4,
                      "Filter": "(keyword_id > 11483)",
                      "Rows Removed by Filter": 767640
                    },
                    {
                      "Node Type": "Hash",
                      "Parent Relationship": "Inner",
                      "Parallel Aware": true,
                      "Startup Cost": 45479.1,
                      "Total Cost": 45479.1,
                      "Plan Rows": 20233,
                      "Plan Width": 4,
                      "Actual Startup Time": 104.833,
                      "Actual Total Time": 104.834,
                      "Actual Rows": 23270,
                      "Actual Loops": 4,
                      "Hash Buckets": 131072,
                      "Original Hash Buckets": 131072,
                      "Hash Batches": 1,
                      "Original Hash Batches": 1,
                      "Peak Memory Usage": 4736,
                      "Plans": [
                        {
                          "Node Type": "Seq Scan",
                          "Parent Relationship": "Outer",
                          "Parallel Aware": true,
                          "Relation Name": "title",
                          "Alias": "t",
                          "Startup Cost": 0.0,
                          "Total Cost": 45479.1,
                          "Plan Rows": 20233,
                          "Plan Width": 4,
                          "Actual Startup Time": 0.035,
                          "Actual Total Time": 95.131,
                          "Actual Rows": 23270,
                          "Actual Loops": 4,
                          "Filter": "((kind_id > 3) AND (production_year = 2008))",
                          "Rows Removed by Filter": 608808
                        }
                      ]
                    }
                  ]
                }
              ]
            }
          ]
        }
      ]
    },
    "Planning Time": 0.374,
    "Triggers": [],
    "Execution Time": 261.572
  }
]