[
  {
    "Plan": {
      "Node Type": "Aggregate",
      "Strategy": "Plain",
      "Partial Mode": "Finalize",
      "Parallel Aware": false,
      "Startup Cost": 10110.53,
      "Total Cost": 10110.54,
      "Plan Rows": 1,
      "Plan Width": 8,
      "Actual Startup Time": 27.865,
      "Actual Total Time": 31.868,
      "Actual Rows": 1,
      "Actual Loops": 1,
      "Plans": [
        {
          "Node Type": "Gather",
          "Parent Relationship": "Outer",
          "Parallel Aware": false,
          "Startup Cost": 10110.21,
          "Total Cost": 10110.52,
          "Plan Rows": 3,
          "Plan Width": 8,
          "Actual Startup Time": 27.747,
          "Actual Total Time": 31.86,
          "Actual Rows": 4,
          "Actual Loops": 1,
          "Workers Planned": 3,
          "Workers Launched": 3,
          "Single Copy": false,
          "Plans": [
            {
              "Node Type": "Aggregate",
              "Strategy": "Plain",
              "Partial Mode": "Partial",
              "Parent Relationship": "Outer",
              "Parallel Aware": false,
              "Startup Cost": 9110.21,
              "Total Cost": 9110.22,
              "Plan Rows": 1,
              "Plan Width": 8,
              "Actual Startup Time": 23.684,
              "Actual Total Time": 23.685,
              "Actual Rows": 1,
              "Actual Loops": 4,
              "Plans": [
                {
                  "Node Type": "Index Scan",
                  "Parent Relationship": "Outer",
                  "Parallel Aware": true,
                  "Scan Direction": "Forward",
                  "Index Name": "role_id_cast_info",
                  "Relation Name": "cast_info",
                  "Alias": "ci",
                  "Startup Cost": 0.56,
                  "Total Cost": 9091.72,
                  "Plan Rows": 7395,
                  "Plan Width": 0,
                  "Actual Startup Time": 0.081,
                  "Actual Total Time": 20.912,
                  "Actual Rows": 45106,
                  "Actual Loops": 4,
                  "Index Cond": "(role_id > 10)",
                  "Rows Removed by Index Recheck": 0,
                  "Filter": "(person_id > 3568106)",
                  "Rows Removed by Filter": 33924
                }
              ]
            }
          ]
        }
      ]
    },
    "Planning Time": 0.108,
    "Triggers": [],
    "Execution Time": 31.899
  }
]