{
  "Plan": {
    "Node Type": "Aggregate",
    "Strategy": "Plain",
    "Partial Mode": "Finalize",
    "Parallel Aware": false,
    "Startup Cost": 47263.4,
    "Total Cost": 47263.41,
    "Plan Rows": 1,
    "Plan Width": 8,
    "Actual Startup Time": 48.833,
    "Actual Total Time": 54.265,
    "Actual Rows": 1,
    "Actual Loops": 1,
    "Plans": [
      {
        "Node Type": "Gather",
        "Parent Relationship": "Outer",
        "Parallel Aware": false,
        "Startup Cost": 47263.29,
        "Total Cost": 47263.4,
        "Plan Rows": 1,
        "Plan Width": 8,
        "Actual Startup Time": 48.727,
        "Actual Total Time": 54.258,
        "Actual Rows": 2,
        "Actual Loops": 1,
        "Workers Planned": 1,
        "Workers Launched": 1,
        "Single Copy": false,
        "Plans": [
          {
            "Node Type": "Aggregate",
            "Strategy": "Plain",
            "Partial Mode": "Partial",
            "Parent Relationship": "Outer",
            "Parallel Aware": false,
            "Startup Cost": 46263.29,
            "Total Cost": 46263.3,
            "Plan Rows": 1,
            "Plan Width": 8,
            "Actual Startup Time": 42.585,
            "Actual Total Time": 42.586,
            "Actual Rows": 1,
            "Actual Loops": 2,
            "Plans": [
              {
                "Node Type": "Nested Loop",
                "Parent Relationship": "Outer",
                "Parallel Aware": false,
                "Join Type": "Inner",
                "Startup Cost": 173.52,
                "Total Cost": 46252.22,
                "Plan Rows": 4429,
                "Plan Width": 0,
                "Actual Startup Time": 2.854,
                "Actual Total Time": 41.85,
                "Actual Rows": 4508,
                "Actual Loops": 2,
                "Inner Unique": true,
                "Plans": [
                  {
                    "Node Type": "Bitmap Heap Scan",
                    "Parent Relationship": "Outer",
                    "Parallel Aware": true,
                    "Relation Name": "movie_companies",
                    "Alias": "mc",
                    "Startup Cost": 173.09,
                    "Total Cost": 14731.76,
                    "Plan Rows": 4604,
                    "Plan Width": 4,
                    "Actual Startup Time": 2.719,
                    "Actual Total Time": 9.341,
                    "Actual Rows": 4512,
                    "Actual Loops": 2,
                    "Recheck Cond": "(company_id = 225)",
                    "Rows Removed by Index Recheck": 0,
                    "Exact Heap Blocks": 2547,
                    "Lossy Heap Blocks": 0,
                    "Plans": [
                      {
                        "Node Type": "Bitmap Index Scan",
                        "Parent Relationship": "Outer",
                        "Parallel Aware": false,
                        "Index Name": "company_id_movie_companies",
                        "Startup Cost": 0.0,
                        "Total Cost": 171.13,
                        "Plan Rows": 7827,
                        "Plan Width": 0,
                        "Actual Startup Time": 3.752,
                        "Actual Total Time": 3.752,
                        "Actual Rows": 9025,
                        "Actual Loops": 1,
                        "Index Cond": "(company_id = 225)"
                      }
                    ]
                  },
                  {
                    "Node Type": "Index Scan",
                    "Parent Relationship": "Inner",
                    "Parallel Aware": false,
                    "Scan Direction": "Forward",
                    "Index Name": "title_pkey",
                    "Relation Name": "title",
                    "Alias": "t",
                    "Startup Cost": 0.43,
                    "Total Cost": 6.85,
                    "Plan Rows": 1,
                    "Plan Width": 4,
                    "Actual Startup Time": 0.007,
                    "Actual Total Time": 0.007,
                    "Actual Rows": 1,
                    "Actual Loops": 9025,
                    "Index Cond": "(id = mc.movie_id)",
                    "Rows Removed by Index Recheck": 0,
                    "Filter": "(production_year > 1910)",
                    "Rows Removed by Filter": 0
                  }
                ]
              }
            ]
          }
        ]
      }
    ]
  },
  "Planning Time": 0.414,
  "Triggers": [],
  "Execution Time": 54.349
}