[
  {
    "Plan": {
      "Node Type": "Aggregate",
      "Strategy": "Plain",
      "Partial Mode": "Finalize",
      "Parallel Aware": false,
      "Startup Cost": 45144.68,
      "Total Cost": 45144.69,
      "Plan Rows": 1,
      "Plan Width": 8,
      "Actual Startup Time": 147.908,
      "Actual Total Time": 157.969,
      "Actual Rows": 1,
      "Actual Loops": 1,
      "Plans": [
        {
          "Node Type": "Gather",
          "Parent Relationship": "Outer",
          "Parallel Aware": false,
          "Startup Cost": 45144.36,
          "Total Cost": 45144.67,
          "Plan Rows": 3,
          "Plan Width": 8,
          "Actual Startup Time": 147.798,
          "Actual Total Time": 157.96,
          "Actual Rows": 4,
          "Actual Loops": 1,
          "Workers Planned": 3,
          "Workers Launched": 3,
          "Single Copy": false,
          "Plans": [
            {
              "Node Type": "Aggregate",
              "Strategy": "Plain",
              "Partial Mode": "Partial",
              "Parent Relationship": "Outer",
              "Parallel Aware": false,
              "Startup Cost": 44144.36,
              "Total Cost": 44144.37,
              "Plan Rows": 1,
              "Plan Width": 8,
              "Actual Startup Time": 139.319,
              "Actual Total Time": 139.32,
              "Actual Rows": 1,
              "Actual Loops": 4,
              "Plans": [
                {
                  "Node Type": "Seq Scan",
                  "Parent Relationship": "Outer",
                  "Parallel Aware": true,
                  "Relation Name": "movie_keyword",
                  "Alias": "mk",
                  "Startup Cost": 0.0,
                  "Total Cost": 42695.65,
                  "Plan Rows": 579482,
                  "Plan Width": 0,
                  "Actual Startup Time": 0.062,
                  "Actual Total Time": 117.088,
                  "Actual Rows": 453127,
                  "Actual Loops": 4,
                  "Filter": "(keyword_id < 2949)",
                  "Rows Removed by Filter": 677856
                }
              ]
            }
          ]
        }
      ]
    },
    "Planning Time": 0.173,
    "Triggers": [],
    "Execution Time": 158.022
  }
]