[
  {
    "Plan": {
      "Node Type": "Aggregate",
      "Strategy": "Plain",
      "Partial Mode": "Finalize",
      "Parallel Aware": false,
      "Startup Cost": 94279.97,
      "Total Cost": 94279.98,
      "Plan Rows": 1,
      "Plan Width": 8,
      "Actual Startup Time": 542.555,
      "Actual Total Time": 559.389,
      "Actual Rows": 1,
      "Actual Loops": 1,
      "Plans": [
        {
          "Node Type": "Gather",
          "Parent Relationship": "Outer",
          "Parallel Aware": false,
          "Startup Cost": 94279.65,
          "Total Cost": 94279.96,
          "Plan Rows": 3,
          "Plan Width": 8,
          "Actual Startup Time": 533.048,
          "Actual Total Time": 559.367,
          "Actual Rows": 4,
          "Actual Loops": 1,
          "Workers Planned": 3,
          "Workers Launched": 3,
          "Single Copy": false,
          "Plans": [
            {
              "Node Type": "Aggregate",
              "Strategy": "Plain",
              "Partial Mode": "Partial",
              "Parent Relationship": "Outer",
              "Parallel Aware": false,
              "Startup Cost": 93279.65,
              "Total Cost": 93279.66,
              "Plan Rows": 1,
              "Plan Width": 8,
              "Actual Startup Time": 521.749,
              "Actual Total Time": 521.753,
              "Actual Rows": 1,
              "Actual Loops": 4,
              "Plans": [
                {
                  "Node Type": "Hash Join",
                  "Parent Relationship": "Outer",
                  "Parallel Aware": true,
                  "Join Type": "Inner",
                  "Startup Cost": 64893.21,
                  "Total Cost": 92721.86,
                  "Plan Rows": 223117,
                  "Plan Width": 0,
                  "Actual Startup Time": 395.139,
                  "Actual Total Time": 513.242,
                  "Actual Rows": 172692,
                  "Actual Loops": 4,
                  "Inner Unique": true,
                  "Hash Cond": "(mk.movie_id = t.id)",
                  "Plans": [
                    {
                      "Node Type": "Bitmap Heap Scan",
                      "Parent Relationship": "Outer",
                      "Parallel Aware": true,
                      "Relation Name": "movie_keyword",
                      "Alias": "mk",
                      "Startup Cost": 14672.83,
                      "Total Cost": 41915.8,
                      "Plan Rows": 223117,
                      "Plan Width": 4,
                      "Actual Startup Time": 48.84,
                      "Actual Total Time": 110.125,
                      "Actual Rows": 172692,
                      "Actual Loops": 4,
                      "Recheck Cond": "(keyword_id > 27274)",
                      "Rows Removed by Index Recheck": 0,
                      "Exact Heap Blocks": 6356,
                      "Lossy Heap Blocks": 0,
                      "Plans": [
                        {
                          "Node Type": "Bitmap Index Scan",
                          "Parent Relationship": "Outer",
                          "Parallel Aware": false,
                          "Index Name": "keyword_id_movie_keyword",
                          "Startup Cost": 0.0,
                          "Total Cost": 14499.91,
                          "Plan Rows": 691664,
                          "Plan Width": 0,
                          "Actual Startup Time": 45.294,
                          "Actual Total Time": 45.295,
                          "Actual Rows": 690768,
                          "Actual Loops": 1,
                          "Index Cond": "(keyword_id > 27274)"
                        }
                      ]
                    },
                    {
                      "Node Type": "Hash",
                      "Parent Relationship": "Inner",
                      "Parallel Aware": true,
                      "Startup Cost": 42319.06,
                      "Total Cost": 42319.06,
                      "Plan Rows": 632106,
                      "Plan Width": 4,
                      "Actual Startup Time": 338.305,
                      "Actual Total Time": 338.306,
                      "Actual Rows": 632078,
                      "Actual Loops": 4,
                      "Hash Buckets": 4194304,
                      "Original Hash Buckets": 4194304,
                      "Hash Batches": 1,
                      "Original Hash Batches": 1,
                      "Peak Memory Usage": 131744,
                      "Plans": [
                        {
                          "Node Type": "Seq Scan",
                          "Parent Relationship": "Outer",
                          "Parallel Aware": true,
                          "Relation Name": "title",
                          "Alias": "t",
                          "Startup Cost": 0.0,
                          "Total Cost": 42319.06,
                          "Plan Rows": 632106,
                          "Plan Width": 4,
                          "Actual Startup Time": 0.032,
                          "Actual Total Time": 98.852,
                          "Actual Rows": 632078,
                          "Actual Loops": 4
                        }
                      ]
                    }
                  ]
                }
              ]
            }
          ]
        }
      ]
    },
    "Planning Time": 0.478,
    "Triggers": [],
    "Execution Time": 559.437
  }
]