{
  "Plan": {
    "Node Type": "Aggregate",
    "Strategy": "Plain",
    "Partial Mode": "Simple",
    "Parallel Aware": false,
    "Startup Cost": 749487.14,
    "Total Cost": 749487.15,
    "Plan Rows": 1,
    "Plan Width": 96,
    "Actual Startup Time": 3476.541,
    "Actual Total Time": 3546.286,
    "Actual Rows": 1,
    "Actual Loops": 1,
    "Plans": [
      {
        "Node Type": "Gather",
        "Parent Relationship": "Outer",
        "Parallel Aware": false,
        "Startup Cost": 663230.63,
        "Total Cost": 749487.14,
        "Plan Rows": 1,
        "Plan Width": 48,
        "Actual Startup Time": 3476.135,
        "Actual Total Time": 3546.268,
        "Actual Rows": 12,
        "Actual Loops": 1,
        "Workers Planned": 1,
        "Workers Launched": 1,
        "Single Copy": false,
        "Plans": [
          {
            "Node Type": "Hash Join",
            "Parent Relationship": "Outer",
            "Parallel Aware": true,
            "Join Type": "Inner",
            "Startup Cost": 662230.63,
            "Total Cost": 748487.04,
            "Plan Rows": 1,
            "Plan Width": 48,
            "Actual Startup Time": 3358.679,
            "Actual Total Time": 3468.395,
            "Actual Rows": 6,
            "Actual Loops": 2,
            "Inner Unique": false,
            "Hash Cond": "(n.id = ci.person_id)",
            "Plans": [
              {
                "Node Type": "Seq Scan",
                "Parent Relationship": "Outer",
                "Parallel Aware": true,
                "Relation Name": "name",
                "Alias": "n",
                "Startup Cost": 0.0,
                "Total Cost": 86255.48,
                "Plan Rows": 245,
                "Plan Width": 19,
                "Actual Startup Time": 24.845,
                "Actual Total Time": 244.258,
                "Actual Rows": 1,
                "Actual Loops": 2,
                "Filter": "(name ~~ '%Downey%Robert%'::text)",
                "Rows Removed by Filter": 2083744
              },
              {
                "Node Type": "Hash",
                "Parent Relationship": "Inner",
                "Parallel Aware": true,
                "Startup Cost": 662230.53,
                "Total Cost": 662230.53,
                "Plan Rows": 8,
                "Plan Width": 37,
                "Actual Startup Time": 3222.976,
                "Actual Total Time": 3222.985,
                "Actual Rows": 192,
                "Actual Loops": 2,
                "Hash Buckets": 1024,
                "Original Hash Buckets": 1024,
                "Hash Batches": 1,
                "Original Hash Batches": 1,
                "Peak Memory Usage": 72,
                "Plans": [
                  {
                    "Node Type": "Hash Join",
                    "Parent Relationship": "Outer",
                    "Parallel Aware": true,
                    "Join Type": "Inner",
                    "Startup Cost": 116281.64,
                    "Total Cost": 662230.53,
                    "Plan Rows": 8,
                    "Plan Width": 37,
                    "Actual Startup Time": 689.362,
                    "Actual Total Time": 3222.742,
                    "Actual Rows": 192,
                    "Actual Loops": 2,
                    "Inner Unique": false,
                    "Hash Cond": "(ci.movie_id = t.id)",
                    "Plans": [
                      {
                        "Node Type": "Seq Scan",
                        "Parent Relationship": "Outer",
                        "Parallel Aware": true,
                        "Relation Name": "cast_info",
                        "Alias": "ci",
                        "Startup Cost": 0.0,
                        "Total Cost": 465968.32,
                        "Plan Rows": 21328132,
                        "Plan Width": 8,
                        "Actual Startup Time": 0.018,
                        "Actual Total Time": 1406.998,
                        "Actual Rows": 18122172,
                        "Actual Loops": 2
                      },
                      {
                        "Node Type": "Hash",
                        "Parent Relationship": "Inner",
                        "Parallel Aware": true,
                        "Startup Cost": 116281.62,
                        "Total Cost": 116281.62,
                        "Plan Rows": 1,
                        "Plan Width": 41,
                        "Actual Startup Time": 561.943,
                        "Actual Total Time": 561.95,
                        "Actual Rows": 18,
                        "Actual Loops": 2,
                        "Hash Buckets": 1024,
                        "Original Hash Buckets": 1024,
                        "Hash Batches": 1,
                        "Original Hash Batches": 1,
                        "Peak Memory Usage": 72,
                        "Plans": [
                          {
                            "Node Type": "Hash Join",
                            "Parent Relationship": "Outer",
                            "Parallel Aware": true,
                            "Join Type": "Inner",
                            "Startup Cost": 61685.54,
                            "Total Cost": 116281.62,
                            "Plan Rows": 1,
                            "Plan Width": 41,
                            "Actual Startup Time": 521.575,
                            "Actual Total Time": 561.852,
                            "Actual Rows": 18,
                            "Actual Loops": 2,
                            "Inner Unique": false,
                            "Hash Cond": "(t.id = mk.movie_id)",
                            "Plans": [
                              {
                                "Node Type": "Seq Scan",
                                "Parent Relationship": "Outer",
                                "Parallel Aware": true,
                                "Relation Name": "title",
                                "Alias": "t",
                                "Startup Cost": 0.0,
                                "Total Cost": 54589.98,
                                "Plan Rows": 975,
                                "Plan Width": 21,
                                "Actual Startup Time": 28.159,
                                "Actual Total Time": 124.788,
                                "Actual Rows": 219,
                                "Actual Loops": 2,
                                "Filter": "(production_year > 2014)",
                                "Rows Removed by Filter": 1263937
                              },
                              {
                                "Node Type": "Hash",
                                "Parent Relationship": "Inner",
                                "Parallel Aware": true,
                                "Startup Cost": 61683.55,
                                "Total Cost": 61683.55,
                                "Plan Rows": 159,
                                "Plan Width": 20,
                                "Actual Startup Time": 436.775,
                                "Actual Total Time": 436.779,
                                "Actual Rows": 17774,
                                "Actual Loops": 2,
                                "Hash Buckets": 65536,
                                "Original Hash Buckets": 1024,
                                "Hash Batches": 1,
                                "Original Hash Batches": 1,
                                "Peak Memory Usage": 2712,
                                "Plans": [
                                  {
                                    "Node Type": "Hash Join",
                                    "Parent Relationship": "Outer",
                                    "Parallel Aware": false,
                                    "Join Type": "Inner",
                                    "Startup Cost": 3632.5,
                                    "Total Cost": 61683.55,
                                    "Plan Rows": 159,
                                    "Plan Width": 20,
                                    "Actual Startup Time": 42.621,
                                    "Actual Total Time": 402.725,
                                    "Actual Rows": 17774,
                                    "Actual Loops": 2,
                                    "Inner Unique": true,
                                    "Hash Cond": "(mk.keyword_id = k.id)",
                                    "Plans": [
                                      {
                                        "Node Type": "Seq Scan",
                                        "Parent Relationship": "Outer",
                                        "Parallel Aware": true,
                                        "Relation Name": "movie_keyword",
                                        "Alias": "mk",
                                        "Startup Cost": 0.0,
                                        "Total Cost": 51065.35,
                                        "Plan Rows": 2661135,
                                        "Plan Width": 8,
                                        "Actual Startup Time": 0.034,
                                        "Actual Total Time": 184.404,
                                        "Actual Rows": 2261965,
                                        "Actual Loops": 2
                                      },
                                      {
                                        "Node Type": "Hash",
                                        "Parent Relationship": "Inner",
                                        "Parallel Aware": false,
                                        "Startup Cost": 3632.4,
                                        "Total Cost": 3632.4,
                                        "Plan Rows": 8,
                                        "Plan Width": 20,
                                        "Actual Startup Time": 42.458,
                                        "Actual Total Time": 42.459,
                                        "Actual Rows": 8,
                                        "Actual Loops": 2,
                                        "Hash Buckets": 1024,
                                        "Original Hash Buckets": 1024,
                                        "Hash Batches": 1,
                                        "Original Hash Batches": 1,
                                        "Peak Memory Usage": 9,
                                        "Plans": [
                                          {
                                            "Node Type": "Seq Scan",
                                            "Parent Relationship": "Outer",
                                            "Parallel Aware": false,
                                            "Relation Name": "keyword",
                                            "Alias": "k",
                                            "Startup Cost": 0.0,
                                            "Total Cost": 3632.4,
                                            "Plan Rows": 8,
                                            "Plan Width": 20,
                                            "Actual Startup Time": 0.335,
                                            "Actual Total Time": 42.422,
                                            "Actual Rows": 8,
                                            "Actual Loops": 2,
                                            "Filter": "(keyword = ANY ('{superhero,sequel,second-part,marvel-comics,based-on-comic,tv-special,fight,violence}'::text[]))",
                                            "Rows Removed by Filter": 134162
                                          }
                                        ]
                                      }
                                    ]
                                  }
                                ]
                              }
                            ]
                          }
                        ]
                      }
                    ]
                  }
                ]
              }
            ]
          }
        ]
      }
    ]
  },
  "Planning Time": 1.113,
  "Triggers": [],
  "Execution Time": 3546.418
}