[
  {
    "Plan": {
      "Node Type": "Aggregate",
      "Strategy": "Plain",
      "Partial Mode": "Finalize",
      "Parallel Aware": false,
      "Startup Cost": 340971.05,
      "Total Cost": 340971.06,
      "Plan Rows": 1,
      "Plan Width": 8,
      "Actual Startup Time": 795.357,
      "Actual Total Time": 856.995,
      "Actual Rows": 1,
      "Actual Loops": 1,
      "Plans": [
        {
          "Node Type": "Gather",
          "Parent Relationship": "Outer",
          "Parallel Aware": false,
          "Startup Cost": 340970.42,
          "Total Cost": 340971.03,
          "Plan Rows": 6,
          "Plan Width": 8,
          "Actual Startup Time": 795.242,
          "Actual Total Time": 856.985,
          "Actual Rows": 7,
          "Actual Loops": 1,
          "Workers Planned": 6,
          "Workers Launched": 6,
          "Single Copy": false,
          "Plans": [
            {
              "Node Type": "Aggregate",
              "Strategy": "Plain",
              "Partial Mode": "Partial",
              "Parent Relationship": "Outer",
              "Parallel Aware": false,
              "Startup Cost": 339970.42,
              "Total Cost": 339970.43,
              "Plan Rows": 1,
              "Plan Width": 8,
              "Actual Startup Time": 786.616,
              "Actual Total Time": 786.617,
              "Actual Rows": 1,
              "Actual Loops": 7,
              "Plans": [
                {
                  "Node Type": "Seq Scan",
                  "Parent Relationship": "Outer",
                  "Parallel Aware": true,
                  "Relation Name": "cast_info",
                  "Alias": "ci",
                  "Startup Cost": 0.0,
                  "Total Cost": 328162.03,
                  "Plan Rows": 4723359,
                  "Plan Width": 0,
                  "Actual Startup Time": 0.047,
                  "Actual Total Time": 616.095,
                  "Actual Rows": 4061090,
                  "Actual Loops": 7,
                  "Filter": "(person_id < 2896119)",
                  "Rows Removed by Filter": 1116673
                }
              ]
            }
          ]
        }
      ]
    },
    "Planning Time": 0.198,
    "Triggers": [],
    "Execution Time": 857.114
  }
]