[
  {
    "Plan": {
      "Node Type": "Aggregate",
      "Strategy": "Plain",
      "Partial Mode": "Finalize",
      "Parallel Aware": false,
      "Startup Cost": 351367.41,
      "Total Cost": 351367.42,
      "Plan Rows": 1,
      "Plan Width": 8,
      "Actual Startup Time": 857.36,
      "Actual Total Time": 905.332,
      "Actual Rows": 1,
      "Actual Loops": 1,
      "Plans": [
        {
          "Node Type": "Gather",
          "Parent Relationship": "Outer",
          "Parallel Aware": false,
          "Startup Cost": 351366.79,
          "Total Cost": 351367.4,
          "Plan Rows": 6,
          "Plan Width": 8,
          "Actual Startup Time": 857.152,
          "Actual Total Time": 905.312,
          "Actual Rows": 7,
          "Actual Loops": 1,
          "Workers Planned": 6,
          "Workers Launched": 6,
          "Single Copy": false,
          "Plans": [
            {
              "Node Type": "Aggregate",
              "Strategy": "Plain",
              "Partial Mode": "Partial",
              "Parent Relationship": "Outer",
              "Parallel Aware": false,
              "Startup Cost": 350366.79,
              "Total Cost": 350366.8,
              "Plan Rows": 1,
              "Plan Width": 8,
              "Actual Startup Time": 846.406,
              "Actual Total Time": 846.408,
              "Actual Rows": 1,
              "Actual Loops": 7,
              "Plans": [
                {
                  "Node Type": "Seq Scan",
                  "Parent Relationship": "Outer",
                  "Parallel Aware": true,
                  "Relation Name": "cast_info",
                  "Alias": "ci",
                  "Startup Cost": 0.0,
                  "Total Cost": 343316.27,
                  "Plan Rows": 2820206,
                  "Plan Width": 0,
                  "Actual Startup Time": 0.067,
                  "Actual Total Time": 705.106,
                  "Actual Rows": 2858015,
                  "Actual Loops": 7,
                  "Filter": "((person_id < 2282085) AND (role_id < 6))",
                  "Rows Removed by Filter": 2319748
                }
              ]
            }
          ]
        }
      ]
    },
    "Planning Time": 0.237,
    "Triggers": [],
    "Execution Time": 905.406
  }
]