[
  {
    "Plan": {
      "Node Type": "Aggregate",
      "Strategy": "Plain",
      "Partial Mode": "Finalize",
      "Parallel Aware": false,
      "Startup Cost": 351359.51,
      "Total Cost": 351359.52,
      "Plan Rows": 1,
      "Plan Width": 8,
      "Actual Startup Time": 818.715,
      "Actual Total Time": 873.63,
      "Actual Rows": 1,
      "Actual Loops": 1,
      "Plans": [
        {
          "Node Type": "Gather",
          "Parent Relationship": "Outer",
          "Parallel Aware": false,
          "Startup Cost": 351358.88,
          "Total Cost": 351359.49,
          "Plan Rows": 6,
          "Plan Width": 8,
          "Actual Startup Time": 818.607,
          "Actual Total Time": 873.62,
          "Actual Rows": 7,
          "Actual Loops": 1,
          "Workers Planned": 6,
          "Workers Launched": 6,
          "Single Copy": false,
          "Plans": [
            {
              "Node Type": "Aggregate",
              "Strategy": "Plain",
              "Partial Mode": "Partial",
              "Parent Relationship": "Outer",
              "Parallel Aware": false,
              "Startup Cost": 350358.88,
              "Total Cost": 350358.89,
              "Plan Rows": 1,
              "Plan Width": 8,
              "Actual Startup Time": 807.088,
              "Actual Total Time": 807.089,
              "Actual Rows": 1,
              "Actual Loops": 7,
              "Plans": [
                {
                  "Node Type": "Seq Scan",
                  "Parent Relationship": "Outer",
                  "Parallel Aware": true,
                  "Relation Name": "cast_info",
                  "Alias": "ci",
                  "Startup Cost": 0.0,
                  "Total Cost": 343257.03,
                  "Plan Rows": 2840742,
                  "Plan Width": 0,
                  "Actual Startup Time": 0.067,
                  "Actual Total Time": 683.695,
                  "Actual Rows": 2858015,
                  "Actual Loops": 7,
                  "Filter": "((person_id < 2282085) AND (role_id < 6))",
                  "Rows Removed by Filter": 2319748
                }
              ]
            }
          ]
        }
      ]
    },
    "Planning Time": 0.249,
    "Triggers": [],
    "Execution Time": 873.714
  }
]