{
  "Plan": {
    "Node Type": "Aggregate",
    "Strategy": "Plain",
    "Partial Mode": "Finalize",
    "Parallel Aware": false,
    "Startup Cost": 600775.54,
    "Total Cost": 600775.55,
    "Plan Rows": 1,
    "Plan Width": 8,
    "Actual Startup Time": 3611.354,
    "Actual Total Time": 3638.134,
    "Actual Rows": 1,
    "Actual Loops": 1,
    "Plans": [
      {
        "Node Type": "Gather",
        "Parent Relationship": "Outer",
        "Parallel Aware": false,
        "Startup Cost": 600775.43,
        "Total Cost": 600775.54,
        "Plan Rows": 1,
        "Plan Width": 8,
        "Actual Startup Time": 3605.504,
        "Actual Total Time": 3638.124,
        "Actual Rows": 2,
        "Actual Loops": 1,
        "Workers Planned": 1,
        "Workers Launched": 1,
        "Single Copy": false,
        "Plans": [
          {
            "Node Type": "Aggregate",
            "Strategy": "Plain",
            "Partial Mode": "Partial",
            "Parent Relationship": "Outer",
            "Parallel Aware": false,
            "Startup Cost": 599775.43,
            "Total Cost": 599775.44,
            "Plan Rows": 1,
            "Plan Width": 8,
            "Actual Startup Time": 3593.834,
            "Actual Total Time": 3593.838,
            "Actual Rows": 1,
            "Actual Loops": 2,
            "Plans": [
              {
                "Node Type": "Hash Join",
                "Parent Relationship": "Outer",
                "Parallel Aware": true,
                "Join Type": "Inner",
                "Startup Cost": 258398.52,
                "Total Cost": 587195.3,
                "Plan Rows": 5032050,
                "Plan Width": 0,
                "Actual Startup Time": 1004.136,
                "Actual Total Time": 3414.907,
                "Actual Rows": 4341902,
                "Actual Loops": 2,
                "Inner Unique": true,
                "Hash Cond": "(ci.movie_id = t.id)",
                "Plans": [
                  {
                    "Node Type": "Bitmap Heap Scan",
                    "Parent Relationship": "Outer",
                    "Parallel Aware": true,
                    "Relation Name": "cast_info",
                    "Alias": "ci",
                    "Startup Cost": 188937.82,
                    "Total Cost": 504525.45,
                    "Plan Rows": 5032050,
                    "Plan Width": 4,
                    "Actual Startup Time": 427.271,
                    "Actual Total Time": 897.305,
                    "Actual Rows": 4341902,
                    "Actual Loops": 2,
                    "Recheck Cond": "(person_id < 854639)",
                    "Rows Removed by Index Recheck": 0,
                    "Exact Heap Blocks": 49808,
                    "Lossy Heap Blocks": 0,
                    "Plans": [
                      {
                        "Node Type": "Bitmap Index Scan",
                        "Parent Relationship": "Outer",
                        "Parallel Aware": false,
                        "Index Name": "person_id_cast_info",
                        "Startup Cost": 0.0,
                        "Total Cost": 186799.2,
                        "Plan Rows": 8554485,
                        "Plan Width": 0,
                        "Actual Startup Time": 411.484,
                        "Actual Total Time": 411.484,
                        "Actual Rows": 8683804,
                        "Actual Loops": 1,
                        "Index Cond": "(person_id < 854639)"
                      }
                    ]
                  },
                  {
                    "Node Type": "Hash",
                    "Parent Relationship": "Inner",
                    "Parallel Aware": true,
                    "Startup Cost": 50870.31,
                    "Total Cost": 50870.31,
                    "Plan Rows": 1487231,
                    "Plan Width": 4,
                    "Actual Startup Time": 555.291,
                    "Actual Total Time": 555.292,
                    "Actual Rows": 1264156,
                    "Actual Loops": 2,
                    "Hash Buckets": 4194304,
                    "Original Hash Buckets": 4194304,
                    "Hash Batches": 1,
                    "Original Hash Batches": 1,
                    "Peak Memory Usage": 131712,
                    "Plans": [
                      {
                        "Node Type": "Seq Scan",
                        "Parent Relationship": "Outer",
                        "Parallel Aware": true,
                        "Relation Name": "title",
                        "Alias": "t",
                        "Startup Cost": 0.0,
                        "Total Cost": 50870.31,
                        "Plan Rows": 1487231,
                        "Plan Width": 4,
                        "Actual Startup Time": 0.02,
                        "Actual Total Time": 156.516,
                        "Actual Rows": 1264156,
                        "Actual Loops": 2
                      }
                    ]
                  }
                ]
              }
            ]
          }
        ]
      }
    ]
  },
  "Planning Time": 0.699,
  "Triggers": [],
  "Execution Time": 3638.223
}