[
  {
    "Plan": {
      "Node Type": "Aggregate",
      "Strategy": "Plain",
      "Partial Mode": "Finalize",
      "Parallel Aware": false,
      "Startup Cost": 121519.51,
      "Total Cost": 121519.52,
      "Plan Rows": 1,
      "Plan Width": 8,
      "Actual Startup Time": 604.159,
      "Actual Total Time": 623.828,
      "Actual Rows": 1,
      "Actual Loops": 1,
      "Plans": [
        {
          "Node Type": "Gather",
          "Parent Relationship": "Outer",
          "Parallel Aware": false,
          "Startup Cost": 121519.2,
          "Total Cost": 121519.51,
          "Plan Rows": 3,
          "Plan Width": 8,
          "Actual Startup Time": 598.79,
          "Actual Total Time": 623.82,
          "Actual Rows": 4,
          "Actual Loops": 1,
          "Workers Planned": 3,
          "Workers Launched": 3,
          "Single Copy": false,
          "Plans": [
            {
              "Node Type": "Aggregate",
              "Strategy": "Plain",
              "Partial Mode": "Partial",
              "Parent Relationship": "Outer",
              "Parallel Aware": false,
              "Startup Cost": 120519.2,
              "Total Cost": 120519.21,
              "Plan Rows": 1,
              "Plan Width": 8,
              "Actual Startup Time": 591.819,
              "Actual Total Time": 591.825,
              "Actual Rows": 1,
              "Actual Loops": 4,
              "Plans": [
                {
                  "Node Type": "Hash Join",
                  "Parent Relationship": "Outer",
                  "Parallel Aware": true,
                  "Join Type": "Inner",
                  "Startup Cost": 89456.4,
                  "Total Cost": 120213.55,
                  "Plan Rows": 122260,
                  "Plan Width": 0,
                  "Actual Startup Time": 408.151,
                  "Actual Total Time": 572.214,
                  "Actual Rows": 503521,
                  "Actual Loops": 4,
                  "Inner Unique": false,
                  "Hash Cond": "(mc.movie_id = t.id)",
                  "Plans": [
                    {
                      "Node Type": "Seq Scan",
                      "Parent Relationship": "Outer",
                      "Parallel Aware": true,
                      "Relation Name": "movie_companies",
                      "Alias": "mc",
                      "Startup Cost": 0.0,
                      "Total Cost": 27206.55,
                      "Plan Rows": 841655,
                      "Plan Width": 4,
                      "Actual Startup Time": 0.011,
                      "Actual Total Time": 51.855,
                      "Actual Rows": 652282,
                      "Actual Loops": 4
                    },
                    {
                      "Node Type": "Hash",
                      "Parent Relationship": "Inner",
                      "Parallel Aware": true,
                      "Startup Cost": 87975.43,
                      "Total Cost": 87975.43,
                      "Plan Rows": 118478,
                      "Plan Width": 8,
                      "Actual Startup Time": 405.333,
                      "Actual Total Time": 405.337,
                      "Actual Rows": 78339,
                      "Actual Loops": 4,
                      "Hash Buckets": 524288,
                      "Original Hash Buckets": 524288,
                      "Hash Batches": 1,
                      "Original Hash Batches": 1,
                      "Peak Memory Usage": 16416,
                      "Plans": [
                        {
                          "Node Type": "Hash Join",
                          "Parent Relationship": "Outer",
                          "Parallel Aware": true,
                          "Join Type": "Inner",
                          "Startup Cost": 60839.08,
                          "Total Cost": 87975.43,
                          "Plan Rows": 118478,
                          "Plan Width": 8,
                          "Actual Startup Time": 285.25,
                          "Actual Total Time": 379.257,
                          "Actual Rows": 78339,
                          "Actual Loops": 4,
                          "Inner Unique": true,
                          "Hash Cond": "(mk.movie_id = t.id)",
                          "Plans": [
                            {
                              "Node Type": "Bitmap Heap Scan",
                              "Parent Relationship": "Outer",
                              "Parallel Aware": true,
                              "Relation Name": "movie_keyword",
                              "Alias": "mk",
                              "Startup Cost": 11661.15,
                              "Total Cost": 38331.96,
                              "Plan Rows": 177345,
                              "Plan Width": 4,
                              "Actual Startup Time": 28.5,
                              "Actual Total Time": 74.578,
                              "Actual Rows": 138489,
                              "Actual Loops": 4,
                              "Recheck Cond": "(keyword_id < 397)",
                              "Rows Removed by Index Recheck": 0,
                              "Exact Heap Blocks": 7323,
                              "Lossy Heap Blocks": 0,
                              "Plans": [
                                {
                                  "Node Type": "Bitmap Index Scan",
                                  "Parent Relationship": "Outer",
                                  "Parallel Aware": false,
                                  "Index Name": "keyword_id_movie_keyword",
                                  "Startup Cost": 0.0,
                                  "Total Cost": 11523.71,
                                  "Plan Rows": 549770,
                                  "Plan Width": 0,
                                  "Actual Startup Time": 25.007,
                                  "Actual Total Time": 25.007,
                                  "Actual Rows": 553955,
                                  "Actual Loops": 1,
                                  "Index Cond": "(keyword_id < 397)"
                                }
                              ]
                            },
                            {
                              "Node Type": "Hash",
                              "Parent Relationship": "Inner",
                              "Parallel Aware": true,
                              "Startup Cost": 43899.32,
                              "Total Cost": 43899.32,
                              "Plan Rows": 422289,
                              "Plan Width": 4,
                              "Actual Startup Time": 251.779,
                              "Actual Total Time": 251.78,
                              "Actual Rows": 418385,
                              "Actual Loops": 4,
                              "Hash Buckets": 2097152,
                              "Original Hash Buckets": 2097152,
                              "Hash Batches": 1,
                              "Original Hash Batches": 1,
                              "Peak Memory Usage": 81920,
                              "Plans": [
                                {
                                  "Node Type": "Seq Scan",
                                  "Parent Relationship": "Outer",
                                  "Parallel Aware": true,
                                  "Relation Name": "title",
                                  "Alias": "t",
                                  "Startup Cost": 0.0,
                                  "Total Cost": 43899.32,
                                  "Plan Rows": 422289,
                                  "Plan Width": 4,
                                  "Actual Startup Time": 0.039,
                                  "Actual Total Time": 103.721,
                                  "Actual Rows": 418385,
                                  "Actual Loops": 4,
                                  "Filter": "(production_year > 1993)",
                                  "Rows Removed by Filter": 213693
                                }
                              ]
                            }
                          ]
                        }
                      ]
                    }
                  ]
                }
              ]
            }
          ]
        }
      ]
    },
    "Planning Time": 1.281,
    "Triggers": [],
    "Execution Time": 623.927
  }
]