[
  {
    "Plan": {
      "Node Type": "Aggregate",
      "Strategy": "Plain",
      "Partial Mode": "Finalize",
      "Parallel Aware": false,
      "Startup Cost": 337383.58,
      "Total Cost": 337383.59,
      "Plan Rows": 1,
      "Plan Width": 8,
      "Actual Startup Time": 446.293,
      "Actual Total Time": 468.404,
      "Actual Rows": 1,
      "Actual Loops": 1,
      "Plans": [
        {
          "Node Type": "Gather",
          "Parent Relationship": "Outer",
          "Parallel Aware": false,
          "Startup Cost": 337382.95,
          "Total Cost": 337383.56,
          "Plan Rows": 6,
          "Plan Width": 8,
          "Actual Startup Time": 446.141,
          "Actual Total Time": 468.391,
          "Actual Rows": 7,
          "Actual Loops": 1,
          "Workers Planned": 6,
          "Workers Launched": 6,
          "Single Copy": false,
          "Plans": [
            {
              "Node Type": "Aggregate",
              "Strategy": "Plain",
              "Partial Mode": "Partial",
              "Parent Relationship": "Outer",
              "Parallel Aware": false,
              "Startup Cost": 336382.95,
              "Total Cost": 336382.96,
              "Plan Rows": 1,
              "Plan Width": 8,
              "Actual Startup Time": 436.126,
              "Actual Total Time": 436.127,
              "Actual Rows": 1,
              "Actual Loops": 7,
              "Plans": [
                {
                  "Node Type": "Index Scan",
                  "Parent Relationship": "Outer",
                  "Parallel Aware": true,
                  "Scan Direction": "Forward",
                  "Index Name": "role_id_cast_info",
                  "Relation Name": "cast_info",
                  "Alias": "ci",
                  "Startup Cost": 0.56,
                  "Total Cost": 335235.55,
                  "Plan Rows": 458962,
                  "Plan Width": 0,
                  "Actual Startup Time": 0.135,
                  "Actual Total Time": 393.181,
                  "Actual Rows": 840642,
                  "Actual Loops": 7,
                  "Index Cond": "(role_id < 2)",
                  "Rows Removed by Index Recheck": 0,
                  "Filter": "(person_id < 797104)",
                  "Rows Removed by Filter": 969457
                }
              ]
            }
          ]
        }
      ]
    },
    "Planning Time": 0.227,
    "Triggers": [],
    "Execution Time": 468.472
  }
]