{
  "Plan": {
    "Node Type": "Aggregate",
    "Strategy": "Plain",
    "Partial Mode": "Finalize",
    "Parallel Aware": false,
    "Startup Cost": 140582.5,
    "Total Cost": 140582.51,
    "Plan Rows": 1,
    "Plan Width": 8,
    "Actual Startup Time": 571.157,
    "Actual Total Time": 586.42,
    "Actual Rows": 1,
    "Actual Loops": 1,
    "Plans": [
      {
        "Node Type": "Gather",
        "Parent Relationship": "Outer",
        "Parallel Aware": false,
        "Startup Cost": 140582.39,
        "Total Cost": 140582.5,
        "Plan Rows": 1,
        "Plan Width": 8,
        "Actual Startup Time": 569.893,
        "Actual Total Time": 586.411,
        "Actual Rows": 2,
        "Actual Loops": 1,
        "Workers Planned": 1,
        "Workers Launched": 1,
        "Single Copy": false,
        "Plans": [
          {
            "Node Type": "Aggregate",
            "Strategy": "Plain",
            "Partial Mode": "Partial",
            "Parent Relationship": "Outer",
            "Parallel Aware": false,
            "Startup Cost": 139582.39,
            "Total Cost": 139582.4,
            "Plan Rows": 1,
            "Plan Width": 8,
            "Actual Startup Time": 566.583,
            "Actual Total Time": 567.124,
            "Actual Rows": 1,
            "Actual Loops": 2,
            "Plans": [
              {
                "Node Type": "Hash Join",
                "Parent Relationship": "Outer",
                "Parallel Aware": true,
                "Join Type": "Inner",
                "Startup Cost": 120421.45,
                "Total Cost": 139563.82,
                "Plan Rows": 7428,
                "Plan Width": 0,
                "Actual Startup Time": 472.01,
                "Actual Total Time": 562.452,
                "Actual Rows": 111758,
                "Actual Loops": 2,
                "Inner Unique": false,
                "Hash Cond": "(mi_idx.movie_id = t.id)",
                "Plans": [
                  {
                    "Node Type": "Seq Scan",
                    "Parent Relationship": "Outer",
                    "Parallel Aware": true,
                    "Relation Name": "movie_info_idx",
                    "Alias": "mi_idx",
                    "Startup Cost": 0.0,
                    "Total Cost": 18082.32,
                    "Plan Rows": 271028,
                    "Plan Width": 4,
                    "Actual Startup Time": 0.019,
                    "Actual Total Time": 54.333,
                    "Actual Rows": 229962,
                    "Actual Loops": 2,
                    "Filter": "(info_type_id = 101)",
                    "Rows Removed by Filter": 460055
                  },
                  {
                    "Node Type": "Hash",
                    "Parent Relationship": "Inner",
                    "Parallel Aware": true,
                    "Startup Cost": 119911.92,
                    "Total Cost": 119911.92,
                    "Plan Rows": 40762,
                    "Plan Width": 8,
                    "Actual Startup Time": 469.881,
                    "Actual Total Time": 470.42,
                    "Actual Rows": 147490,
                    "Actual Loops": 2,
                    "Hash Buckets": 524288,
                    "Original Hash Buckets": 131072,
                    "Hash Batches": 1,
                    "Original Hash Batches": 1,
                    "Peak Memory Usage": 18752,
                    "Plans": [
                      {
                        "Node Type": "Hash Join",
                        "Parent Relationship": "Outer",
                        "Parallel Aware": true,
                        "Join Type": "Inner",
                        "Startup Cost": 58912.74,
                        "Total Cost": 119911.92,
                        "Plan Rows": 40762,
                        "Plan Width": 8,
                        "Actual Startup Time": 154.197,
                        "Actual Total Time": 434.753,
                        "Actual Rows": 147490,
                        "Actual Loops": 2,
                        "Inner Unique": true,
                        "Hash Cond": "(mk.movie_id = t.id)",
                        "Plans": [
                          {
                            "Node Type": "Seq Scan",
                            "Parent Relationship": "Outer",
                            "Parallel Aware": true,
                            "Relation Name": "movie_keyword",
                            "Alias": "mk",
                            "Startup Cost": 0.0,
                            "Total Cost": 57718.19,
                            "Plan Rows": 1249901,
                            "Plan Width": 4,
                            "Actual Startup Time": 0.014,
                            "Actual Total Time": 177.659,
                            "Actual Rows": 1065110,
                            "Actual Loops": 2,
                            "Filter": "(keyword_id < 3925)",
                            "Rows Removed by Filter": 1196856
                          },
                          {
                            "Node Type": "Hash",
                            "Parent Relationship": "Inner",
                            "Parallel Aware": true,
                            "Startup Cost": 58306.47,
                            "Total Cost": 58306.47,
                            "Plan Rows": 48502,
                            "Plan Width": 4,
                            "Actual Startup Time": 153.297,
                            "Actual Total Time": 153.298,
                            "Actual Rows": 93731,
                            "Actual Loops": 2,
                            "Hash Buckets": 262144,
                            "Original Hash Buckets": 131072,
                            "Hash Batches": 1,
                            "Original Hash Batches": 1,
                            "Peak Memory Usage": 10432,
                            "Plans": [
                              {
                                "Node Type": "Seq Scan",
                                "Parent Relationship": "Outer",
                                "Parallel Aware": true,
                                "Relation Name": "title",
                                "Alias": "t",
                                "Startup Cost": 0.0,
                                "Total Cost": 58306.47,
                                "Plan Rows": 48502,
                                "Plan Width": 4,
                                "Actual Startup Time": 0.3,
                                "Actual Total Time": 131.33,
                                "Actual Rows": 93731,
                                "Actual Loops": 2,
                                "Filter": "((kind_id < 7) AND (production_year < 1958))",
                                "Rows Removed by Filter": 1170425
                              }
                            ]
                          }
                        ]
                      }
                    ]
                  }
                ]
              }
            ]
          }
        ]
      }
    ]
  },
  "Planning Time": 0.607,
  "Triggers": [],
  "Execution Time": 586.48
}