{
    "Plan": {
        "Node Type": "Aggregate",
        "Strategy": "Plain",
        "Partial Mode": "Simple",
        "Parallel Aware": false,
        "Startup Cost": 80001685542.32,
        "Total Cost": 80001685542.33,
        "Plan Rows": 1,
        "Plan Width": 8,
        "Actual Startup Time": 4265.862,
        "Actual Total Time": 4266.115,
        "Actual Rows": 1,
        "Actual Loops": 1,
        "Output": [
            "count(*)"
        ],
        "Plans": [
            {
                "Node Type": "Hash Join",
                "Parent Relationship": "Outer",
                "Parallel Aware": false,
                "Join Type": "Inner",
                "Startup Cost": 80001685528.33,
                "Total Cost": 80001685542.32,
                "Plan Rows": 1,
                "Plan Width": 0,
                "Actual Startup Time": 4265.841,
                "Actual Total Time": 4266.106,
                "Actual Rows": 15,
                "Actual Loops": 1,
                "Inner Unique": false,
                "Hash Cond": "(it.id = mi.info_type_id)",
                "Plans": [
                    {
                        "Node Type": "Index Scan",
                        "Parent Relationship": "Outer",
                        "Parallel Aware": false,
                        "Scan Direction": "Forward",
                        "Index Name": "info_type_pkey",
                        "Relation Name": "info_type",
                        "Schema": "public",
                        "Alias": "it",
                        "Startup Cost": 0.14,
                        "Total Cost": 14.12,
                        "Plan Rows": 1,
                        "Plan Width": 4,
                        "Actual Startup Time": 0.021,
                        "Actual Total Time": 0.034,
                        "Actual Rows": 1,
                        "Actual Loops": 1,
                        "Output": [
                            "it.id",
                            "it.info"
                        ],
                        "Filter": "((it.info)::text = 'release dates'::text)",
                        "Rows Removed by Filter": 112
                    },
                    {
                        "Node Type": "Hash",
                        "Parent Relationship": "Inner",
                        "Parallel Aware": false,
                        "Startup Cost": 80001685528.17,
                        "Total Cost": 80001685528.17,
                        "Plan Rows": 1,
                        "Plan Width": 4,
                        "Actual Startup Time": 4265.813,
                        "Actual Total Time": 4266.064,
                        "Actual Rows": 15,
                        "Actual Loops": 1,
                        "Output": [
                            "mi.info_type_id"
                        ],
                        "Hash Buckets": 1024,
                        "Original Hash Buckets": 1024,
                        "Hash Batches": 1,
                        "Original Hash Batches": 1,
                        "Peak Memory Usage": 9,
                        "Plans": [
                            {
                                "Node Type": "Nested Loop",
                                "Parent Relationship": "Outer",
                                "Parallel Aware": false,
                                "Join Type": "Inner",
                                "Startup Cost": 80001672873.4,
                                "Total Cost": 80001685528.17,
                                "Plan Rows": 1,
                                "Plan Width": 4,
                                "Actual Startup Time": 4223.127,
                                "Actual Total Time": 4266.045,
                                "Actual Rows": 15,
                                "Actual Loops": 1,
                                "Output": [
                                    "mi.info_type_id"
                                ],
                                "Inner Unique": true,
                                "Plans": [
                                    {
                                        "Node Type": "Merge Join",
                                        "Parent Relationship": "Outer",
                                        "Parallel Aware": false,
                                        "Join Type": "Inner",
                                        "Startup Cost": 80001672872.98,
                                        "Total Cost": 80001685527.71,
                                        "Plan Rows": 1,
                                        "Plan Width": 8,
                                        "Actual Startup Time": 4223.034,
                                        "Actual Total Time": 4263.618,
                                        "Actual Rows": 1620,
                                        "Actual Loops": 1,
                                        "Output": [
                                            "mi.info_type_id",
                                            "mk.keyword_id"
                                        ],
                                        "Inner Unique": true,
                                        "Merge Cond": "(mc.company_id = cn.id)",
                                        "Plans": [
                                            {
                                                "Node Type": "Sort",
                                                "Parent Relationship": "Outer",
                                                "Parallel Aware": false,
                                                "Startup Cost": 80001672872.56,
                                                "Total Cost": 80001672872.57,
                                                "Plan Rows": 1,
                                                "Plan Width": 12,
                                                "Actual Startup Time": 4222.662,
                                                "Actual Total Time": 4223.442,
                                                "Actual Rows": 7128,
                                                "Actual Loops": 1,
                                                "Output": [
                                                    "mc.company_id",
                                                    "mi.info_type_id",
                                                    "mk.keyword_id"
                                                ],
                                                "Sort Key": [
                                                    "mc.company_id"
                                                ],
                                                "Sort Method": "quicksort",
                                                "Sort Space Used": 527,
                                                "Sort Space Type": "Memory",
                                                "Plans": [
                                                    {
                                                        "Node Type": "Merge Join",
                                                        "Parent Relationship": "Outer",
                                                        "Parallel Aware": false,
                                                        "Join Type": "Inner",
                                                        "Startup Cost": 80001637202.62,
                                                        "Total Cost": 80001672872.55,
                                                        "Plan Rows": 1,
                                                        "Plan Width": 12,
                                                        "Actual Startup Time": 4200.098,
                                                        "Actual Total Time": 4222.023,
                                                        "Actual Rows": 7128,
                                                        "Actual Loops": 1,
                                                        "Output": [
                                                            "mc.company_id",
                                                            "mi.info_type_id",
                                                            "mk.keyword_id"
                                                        ],
                                                        "Inner Unique": false,
                                                        "Merge Cond": "(t.id = mc.movie_id)",
                                                        "Plans": [
                                                            {
                                                                "Node Type": "Nested Loop",
                                                                "Parent Relationship": "Outer",
                                                                "Parallel Aware": false,
                                                                "Join Type": "Inner",
                                                                "Startup Cost": 80001314251.62,
                                                                "Total Cost": 80001336875.9,
                                                                "Plan Rows": 1,
                                                                "Plan Width": 28,
                                                                "Actual Startup Time": 3298.337,
                                                                "Actual Total Time": 3319.166,
                                                                "Actual Rows": 324,
                                                                "Actual Loops": 1,
                                                                "Output": [
                                                                    "ci.movie_id",
                                                                    "cc.movie_id",
                                                                    "mi.movie_id",
                                                                    "mi.info_type_id",
                                                                    "mk.movie_id",
                                                                    "mk.keyword_id",
                                                                    "t.id"
                                                                ],
                                                                "Inner Unique": false,
                                                                "Join Filter": "(t.id = mi.movie_id)",
                                                                "Rows Removed by Join Filter": 0,
                                                                "Plans": [
                                                                    {
                                                                        "Node Type": "Merge Join",
                                                                        "Parent Relationship": "Outer",
                                                                        "Parallel Aware": false,
                                                                        "Join Type": "Inner",
                                                                        "Startup Cost": 70001314250.85,
                                                                        "Total Cost": 70001336870.53,
                                                                        "Plan Rows": 1,
                                                                        "Plan Width": 20,
                                                                        "Actual Startup Time": 3298.26,
                                                                        "Actual Total Time": 3298.627,
                                                                        "Actual Rows": 324,
                                                                        "Actual Loops": 1,
                                                                        "Output": [
                                                                            "ci.movie_id",
                                                                            "cc.movie_id",
                                                                            "mk.movie_id",
                                                                            "mk.keyword_id",
                                                                            "t.id"
                                                                        ],
                                                                        "Inner Unique": false,
                                                                        "Merge Cond": "(t.id = mk.movie_id)",
                                                                        "Plans": [
                                                                            {
                                                                                "Node Type": "Sort",
                                                                                "Parent Relationship": "Outer",
                                                                                "Parallel Aware": false,
                                                                                "Startup Cost": 70000744456.42,
                                                                                "Total Cost": 70000744456.43,
                                                                                "Plan Rows": 1,
                                                                                "Plan Width": 12,
                                                                                "Actual Startup Time": 1964.68,
                                                                                "Actual Total Time": 1964.925,
                                                                                "Actual Rows": 3,
                                                                                "Actual Loops": 1,
                                                                                "Output": [
                                                                                    "ci.movie_id",
                                                                                    "cc.movie_id",
                                                                                    "t.id"
                                                                                ],
                                                                                "Sort Key": [
                                                                                    "ci.movie_id"
                                                                                ],
                                                                                "Sort Method": "quicksort",
                                                                                "Sort Space Used": 25,
                                                                                "Sort Space Type": "Memory",
                                                                                "Plans": [
                                                                                    {
                                                                                        "Node Type": "Nested Loop",
                                                                                        "Parent Relationship": "Outer",
                                                                                        "Parallel Aware": false,
                                                                                        "Join Type": "Inner",
                                                                                        "Startup Cost": 70000744436.15,
                                                                                        "Total Cost": 70000744456.41,
                                                                                        "Plan Rows": 1,
                                                                                        "Plan Width": 12,
                                                                                        "Actual Startup Time": 1963.192,
                                                                                        "Actual Total Time": 1964.919,
                                                                                        "Actual Rows": 3,
                                                                                        "Actual Loops": 1,
                                                                                        "Output": [
                                                                                            "ci.movie_id",
                                                                                            "cc.movie_id",
                                                                                            "t.id"
                                                                                        ],
                                                                                        "Inner Unique": true,
                                                                                        "Plans": [
                                                                                            {
                                                                                                "Node Type": "Merge Join",
                                                                                                "Parent Relationship": "Outer",
                                                                                                "Parallel Aware": false,
                                                                                                "Join Type": "Inner",
                                                                                                "Startup Cost": 60000744436.0,
                                                                                                "Total Cost": 60000744448.23,
                                                                                                "Plan Rows": 1,
                                                                                                "Plan Width": 16,
                                                                                                "Actual Startup Time": 1962.775,
                                                                                                "Actual Total Time": 1963.167,
                                                                                                "Actual Rows": 489,
                                                                                                "Actual Loops": 1,
                                                                                                "Output": [
                                                                                                    "ci.movie_id",
                                                                                                    "cc.movie_id",
                                                                                                    "pi.info_type_id",
                                                                                                    "t.id"
                                                                                                ],
                                                                                                "Inner Unique": false,
                                                                                                "Merge Cond": "(rt.id = ci.role_id)",
                                                                                                "Plans": [
                                                                                                    {
                                                                                                        "Node Type": "Index Scan",
                                                                                                        "Parent Relationship": "Outer",
                                                                                                        "Parallel Aware": false,
                                                                                                        "Scan Direction": "Forward",
                                                                                                        "Index Name": "role_type_pkey",
                                                                                                        "Relation Name": "role_type",
                                                                                                        "Schema": "public",
                                                                                                        "Alias": "rt",
                                                                                                        "Startup Cost": 0.14,
                                                                                                        "Total Cost": 12.35,
                                                                                                        "Plan Rows": 1,
                                                                                                        "Plan Width": 4,
                                                                                                        "Actual Startup Time": 0.007,
                                                                                                        "Actual Total Time": 0.012,
                                                                                                        "Actual Rows": 1,
                                                                                                        "Actual Loops": 1,
                                                                                                        "Output": [
                                                                                                            "rt.id",
                                                                                                            "rt.role"
                                                                                                        ],
                                                                                                        "Filter": "((rt.role)::text = 'actress'::text)",
                                                                                                        "Rows Removed by Filter": 11
                                                                                                    },
                                                                                                    {
                                                                                                        "Node Type": "Sort",
                                                                                                        "Parent Relationship": "Inner",
                                                                                                        "Parallel Aware": false,
                                                                                                        "Startup Cost": 60000744435.87,
                                                                                                        "Total Cost": 60000744435.87,
                                                                                                        "Plan Rows": 1,
                                                                                                        "Plan Width": 20,
                                                                                                        "Actual Startup Time": 1962.766,
                                                                                                        "Actual Total Time": 1963.059,
                                                                                                        "Actual Rows": 489,
                                                                                                        "Actual Loops": 1,
                                                                                                        "Output": [
                                                                                                            "ci.movie_id",
                                                                                                            "ci.role_id",
                                                                                                            "cc.movie_id",
                                                                                                            "pi.info_type_id",
                                                                                                            "t.id"
                                                                                                        ],
                                                                                                        "Sort Key": [
                                                                                                            "ci.role_id"
                                                                                                        ],
                                                                                                        "Sort Method": "quicksort",
                                                                                                        "Sort Space Used": 63,
                                                                                                        "Sort Space Type": "Memory",
                                                                                                        "Plans": [
                                                                                                            {
                                                                                                                "Node Type": "Nested Loop",
                                                                                                                "Parent Relationship": "Outer",
                                                                                                                "Parallel Aware": false,
                                                                                                                "Join Type": "Inner",
                                                                                                                "Startup Cost": 60000744431.18,
                                                                                                                "Total Cost": 60000744435.86,
                                                                                                                "Plan Rows": 1,
                                                                                                                "Plan Width": 20,
                                                                                                                "Actual Startup Time": 1962.543,
                                                                                                                "Actual Total Time": 1962.946,
                                                                                                                "Actual Rows": 489,
                                                                                                                "Actual Loops": 1,
                                                                                                                "Output": [
                                                                                                                    "ci.movie_id",
                                                                                                                    "ci.role_id",
                                                                                                                    "cc.movie_id",
                                                                                                                    "pi.info_type_id",
                                                                                                                    "t.id"
                                                                                                                ],
                                                                                                                "Inner Unique": false,
                                                                                                                "Join Filter": "(n.id = pi.person_id)",
                                                                                                                "Rows Removed by Join Filter": 0,
                                                                                                                "Plans": [
                                                                                                                    {
                                                                                                                        "Node Type": "Merge Join",
                                                                                                                        "Parent Relationship": "Outer",
                                                                                                                        "Parallel Aware": false,
                                                                                                                        "Join Type": "Inner",
                                                                                                                        "Startup Cost": 50000744430.49,
                                                                                                                        "Total Cost": 50000744430.54,
                                                                                                                        "Plan Rows": 1,
                                                                                                                        "Plan Width": 28,
                                                                                                                        "Actual Startup Time": 1962.496,
                                                                                                                        "Actual Total Time": 1962.736,
                                                                                                                        "Actual Rows": 3,
                                                                                                                        "Actual Loops": 1,
                                                                                                                        "Output": [
                                                                                                                            "an.person_id",
                                                                                                                            "ci.movie_id",
                                                                                                                            "ci.person_id",
                                                                                                                            "ci.role_id",
                                                                                                                            "cc.movie_id",
                                                                                                                            "n.id",
                                                                                                                            "t.id"
                                                                                                                        ],
                                                                                                                        "Inner Unique": false,
                                                                                                                        "Merge Cond": "(ci.movie_id = t.id)",
                                                                                                                        "Plans": [
                                                                                                                            {
                                                                                                                                "Node Type": "Sort",
                                                                                                                                "Parent Relationship": "Outer",
                                                                                                                                "Parallel Aware": false,
                                                                                                                                "Startup Cost": 50000696370.28,
                                                                                                                                "Total Cost": 50000696370.29,
                                                                                                                                "Plan Rows": 1,
                                                                                                                                "Plan Width": 24,
                                                                                                                                "Actual Startup Time": 1856.605,
                                                                                                                                "Actual Total Time": 1856.794,
                                                                                                                                "Actual Rows": 8,
                                                                                                                                "Actual Loops": 1,
                                                                                                                                "Output": [
                                                                                                                                    "an.person_id",
                                                                                                                                    "ci.movie_id",
                                                                                                                                    "ci.person_id",
                                                                                                                                    "ci.role_id",
                                                                                                                                    "cc.movie_id",
                                                                                                                                    "n.id"
                                                                                                                                ],
                                                                                                                                "Sort Key": [
                                                                                                                                    "ci.movie_id"
                                                                                                                                ],
                                                                                                                                "Sort Method": "quicksort",
                                                                                                                                "Sort Space Used": 25,
                                                                                                                                "Sort Space Type": "Memory",
                                                                                                                                "Plans": [
                                                                                                                                    {
                                                                                                                                        "Node Type": "Hash Join",
                                                                                                                                        "Parent Relationship": "Outer",
                                                                                                                                        "Parallel Aware": false,
                                                                                                                                        "Join Type": "Inner",
                                                                                                                                        "Startup Cost": 50000692495.61,
                                                                                                                                        "Total Cost": 50000696370.27,
                                                                                                                                        "Plan Rows": 1,
                                                                                                                                        "Plan Width": 24,
                                                                                                                                        "Actual Startup Time": 1846.422,
                                                                                                                                        "Actual Total Time": 1856.785,
                                                                                                                                        "Actual Rows": 8,
                                                                                                                                        "Actual Loops": 1,
                                                                                                                                        "Output": [
                                                                                                                                            "an.person_id",
                                                                                                                                            "ci.movie_id",
                                                                                                                                            "ci.person_id",
                                                                                                                                            "ci.role_id",
                                                                                                                                            "cc.movie_id",
                                                                                                                                            "n.id"
                                                                                                                                        ],
                                                                                                                                        "Inner Unique": false,
                                                                                                                                        "Hash Cond": "(ci.person_id = n.id)",
                                                                                                                                        "Plans": [
                                                                                                                                            {
                                                                                                                                                "Node Type": "Merge Join",
                                                                                                                                                "Parent Relationship": "Outer",
                                                                                                                                                "Parallel Aware": false,
                                                                                                                                                "Join Type": "Inner",
                                                                                                                                                "Startup Cost": 40000573896.77,
                                                                                                                                                "Total Cost": 40000577771.43,
                                                                                                                                                "Plan Rows": 1,
                                                                                                                                                "Plan Width": 20,
                                                                                                                                                "Actual Startup Time": 1346.709,
                                                                                                                                                "Actual Total Time": 1357.063,
                                                                                                                                                "Actual Rows": 17,
                                                                                                                                                "Actual Loops": 1,
                                                                                                                                                "Output": [
                                                                                                                                                    "an.person_id",
                                                                                                                                                    "ci.movie_id",
                                                                                                                                                    "ci.person_id",
                                                                                                                                                    "ci.role_id",
                                                                                                                                                    "cc.movie_id"
                                                                                                                                                ],
                                                                                                                                                "Inner Unique": false,
                                                                                                                                                "Merge Cond": "(ci.person_id = an.person_id)",
                                                                                                                                                "Plans": [
                                                                                                                                                    {
                                                                                                                                                        "Node Type": "Sort",
                                                                                                                                                        "Parent Relationship": "Outer",
                                                                                                                                                        "Parallel Aware": false,
                                                                                                                                                        "Startup Cost": 30000464336.33,
                                                                                                                                                        "Total Cost": 30000464336.34,
                                                                                                                                                        "Plan Rows": 1,
                                                                                                                                                        "Plan Width": 16,
                                                                                                                                                        "Actual Startup Time": 1042.49,
                                                                                                                                                        "Actual Total Time": 1042.674,
                                                                                                                                                        "Actual Rows": 4,
                                                                                                                                                        "Actual Loops": 1,
                                                                                                                                                        "Output": [
                                                                                                                                                            "cc.movie_id",
                                                                                                                                                            "ci.movie_id",
                                                                                                                                                            "ci.person_id",
                                                                                                                                                            "ci.role_id"
                                                                                                                                                        ],
                                                                                                                                                        "Sort Key": [
                                                                                                                                                            "ci.person_id"
                                                                                                                                                        ],
                                                                                                                                                        "Sort Method": "quicksort",
                                                                                                                                                        "Sort Space Used": 25,
                                                                                                                                                        "Sort Space Type": "Memory",
                                                                                                                                                        "Plans": [
                                                                                                                                                            {
                                                                                                                                                                "Node Type": "Nested Loop",
                                                                                                                                                                "Parent Relationship": "Outer",
                                                                                                                                                                "Parallel Aware": false,
                                                                                                                                                                "Join Type": "Inner",
                                                                                                                                                                "Startup Cost": 30000431445.13,
                                                                                                                                                                "Total Cost": 30000464336.32,
                                                                                                                                                                "Plan Rows": 1,
                                                                                                                                                                "Plan Width": 16,
                                                                                                                                                                "Actual Startup Time": 986.537,
                                                                                                                                                                "Actual Total Time": 1042.654,
                                                                                                                                                                "Actual Rows": 4,
                                                                                                                                                                "Actual Loops": 1,
                                                                                                                                                                "Output": [
                                                                                                                                                                    "cc.movie_id",
                                                                                                                                                                    "ci.movie_id",
                                                                                                                                                                    "ci.person_id",
                                                                                                                                                                    "ci.role_id"
                                                                                                                                                                ],
                                                                                                                                                                "Inner Unique": true,
                                                                                                                                                                "Plans": [
                                                                                                                                                                    {
                                                                                                                                                                        "Node Type": "Hash Join",
                                                                                                                                                                        "Parent Relationship": "Outer",
                                                                                                                                                                        "Parallel Aware": false,
                                                                                                                                                                        "Join Type": "Inner",
                                                                                                                                                                        "Startup Cost": 20000431444.64,
                                                                                                                                                                        "Total Cost": 20000432061.89,
                                                                                                                                                                        "Plan Rows": 7157,
                                                                                                                                                                        "Plan Width": 20,
                                                                                                                                                                        "Actual Startup Time": 985.778,
                                                                                                                                                                        "Actual Total Time": 997.047,
                                                                                                                                                                        "Actual Rows": 7127,
                                                                                                                                                                        "Actual Loops": 1,
                                                                                                                                                                        "Output": [
                                                                                                                                                                            "cc.movie_id",
                                                                                                                                                                            "ci.movie_id",
                                                                                                                                                                            "ci.person_id",
                                                                                                                                                                            "ci.role_id",
                                                                                                                                                                            "ci.person_role_id"
                                                                                                                                                                        ],
                                                                                                                                                                        "Inner Unique": false,
                                                                                                                                                                        "Hash Cond": "(cc.movie_id = ci.movie_id)",
                                                                                                                                                                        "Plans": [
                                                                                                                                                                            {
                                                                                                                                                                                "Node Type": "Hash Join",
                                                                                                                                                                                "Parent Relationship": "Outer",
                                                                                                                                                                                "Parallel Aware": false,
                                                                                                                                                                                "Join Type": "Inner",
                                                                                                                                                                                "Startup Cost": 20000004680.84,
                                                                                                                                                                                "Total Cost": 20000004804.36,
                                                                                                                                                                                "Plan Rows": 8443,
                                                                                                                                                                                "Plan Width": 4,
                                                                                                                                                                                "Actual Startup Time": 30.949,
                                                                                                                                                                                "Actual Total Time": 32.425,
                                                                                                                                                                                "Actual Rows": 17879,
                                                                                                                                                                                "Actual Loops": 1,
                                                                                                                                                                                "Output": [
                                                                                                                                                                                    "cc.movie_id"
                                                                                                                                                                                ],
                                                                                                                                                                                "Inner Unique": false,
                                                                                                                                                                                "Hash Cond": "(cct1.id = cc.subject_id)",
                                                                                                                                                                                "Plans": [
                                                                                                                                                                                    {
                                                                                                                                                                                        "Node Type": "Index Scan",
                                                                                                                                                                                        "Parent Relationship": "Outer",
                                                                                                                                                                                        "Parallel Aware": false,
                                                                                                                                                                                        "Scan Direction": "Forward",
                                                                                                                                                                                        "Index Name": "comp_cast_type_pkey",
                                                                                                                                                                                        "Relation Name": "comp_cast_type",
                                                                                                                                                                                        "Schema": "public",
                                                                                                                                                                                        "Alias": "cct1",
                                                                                                                                                                                        "Startup Cost": 10000000000.13,
                                                                                                                                                                                        "Total Cost": 10000000012.2,
                                                                                                                                                                                        "Plan Rows": 1,
                                                                                                                                                                                        "Plan Width": 4,
                                                                                                                                                                                        "Actual Startup Time": 0.016,
                                                                                                                                                                                        "Actual Total Time": 0.02,
                                                                                                                                                                                        "Actual Rows": 1,
                                                                                                                                                                                        "Actual Loops": 1,
                                                                                                                                                                                        "Output": [
                                                                                                                                                                                            "cct1.id",
                                                                                                                                                                                            "cct1.kind"
                                                                                                                                                                                        ],
                                                                                                                                                                                        "Filter": "((cct1.kind)::text = 'cast'::text)",
                                                                                                                                                                                        "Rows Removed by Filter": 3
                                                                                                                                                                                    },
                                                                                                                                                                                    {
                                                                                                                                                                                        "Node Type": "Hash",
                                                                                                                                                                                        "Parent Relationship": "Inner",
                                                                                                                                                                                        "Parallel Aware": false,
                                                                                                                                                                                        "Startup Cost": 10000004258.56,
                                                                                                                                                                                        "Total Cost": 10000004258.56,
                                                                                                                                                                                        "Plan Rows": 33772,
                                                                                                                                                                                        "Plan Width": 8,
                                                                                                                                                                                        "Actual Startup Time": 30.863,
                                                                                                                                                                                        "Actual Total Time": 30.867,
                                                                                                                                                                                        "Actual Rows": 24592,
                                                                                                                                                                                        "Actual Loops": 1,
                                                                                                                                                                                        "Output": [
                                                                                                                                                                                            "cc.movie_id",
                                                                                                                                                                                            "cc.subject_id"
                                                                                                                                                                                        ],
                                                                                                                                                                                        "Hash Buckets": 65536,
                                                                                                                                                                                        "Original Hash Buckets": 65536,
                                                                                                                                                                                        "Hash Batches": 1,
                                                                                                                                                                                        "Original Hash Batches": 1,
                                                                                                                                                                                        "Peak Memory Usage": 1473,
                                                                                                                                                                                        "Plans": [
                                                                                                                                                                                            {
                                                                                                                                                                                                "Node Type": "Hash Join",
                                                                                                                                                                                                "Parent Relationship": "Outer",
                                                                                                                                                                                                "Parallel Aware": false,
                                                                                                                                                                                                "Join Type": "Inner",
                                                                                                                                                                                                "Startup Cost": 10000003770.57,
                                                                                                                                                                                                "Total Cost": 10000004258.56,
                                                                                                                                                                                                "Plan Rows": 33772,
                                                                                                                                                                                                "Plan Width": 8,
                                                                                                                                                                                                "Actual Startup Time": 26.27,
                                                                                                                                                                                                "Actual Total Time": 28.697,
                                                                                                                                                                                                "Actual Rows": 24592,
                                                                                                                                                                                                "Actual Loops": 1,
                                                                                                                                                                                                "Output": [
                                                                                                                                                                                                    "cc.movie_id",
                                                                                                                                                                                                    "cc.subject_id"
                                                                                                                                                                                                ],
                                                                                                                                                                                                "Inner Unique": false,
                                                                                                                                                                                                "Hash Cond": "(cct2.id = cc.status_id)",
                                                                                                                                                                                                "Plans": [
                                                                                                                                                                                                    {
                                                                                                                                                                                                        "Node Type": "Index Scan",
                                                                                                                                                                                                        "Parent Relationship": "Outer",
                                                                                                                                                                                                        "Parallel Aware": false,
                                                                                                                                                                                                        "Scan Direction": "Forward",
                                                                                                                                                                                                        "Index Name": "comp_cast_type_pkey",
                                                                                                                                                                                                        "Relation Name": "comp_cast_type",
                                                                                                                                                                                                        "Schema": "public",
                                                                                                                                                                                                        "Alias": "cct2",
                                                                                                                                                                                                        "Startup Cost": 10000000000.13,
                                                                                                                                                                                                        "Total Cost": 10000000012.2,
                                                                                                                                                                                                        "Plan Rows": 1,
                                                                                                                                                                                                        "Plan Width": 4,
                                                                                                                                                                                                        "Actual Startup Time": 0.011,
                                                                                                                                                                                                        "Actual Total Time": 0.015,
                                                                                                                                                                                                        "Actual Rows": 1,
                                                                                                                                                                                                        "Actual Loops": 1,
                                                                                                                                                                                                        "Output": [
                                                                                                                                                                                                            "cct2.id",
                                                                                                                                                                                                            "cct2.kind"
                                                                                                                                                                                                        ],
                                                                                                                                                                                                        "Filter": "((cct2.kind)::text = 'complete+verified'::text)",
                                                                                                                                                                                                        "Rows Removed by Filter": 3
                                                                                                                                                                                                    },
                                                                                                                                                                                                    {
                                                                                                                                                                                                        "Node Type": "Hash",
                                                                                                                                                                                                        "Parent Relationship": "Inner",
                                                                                                                                                                                                        "Parallel Aware": false,
                                                                                                                                                                                                        "Startup Cost": 2081.86,
                                                                                                                                                                                                        "Total Cost": 2081.86,
                                                                                                                                                                                                        "Plan Rows": 135086,
                                                                                                                                                                                                        "Plan Width": 12,
                                                                                                                                                                                                        "Actual Startup Time": 25.963,
                                                                                                                                                                                                        "Actual Total Time": 25.964,
                                                                                                                                                                                                        "Actual Rows": 135086,
                                                                                                                                                                                                        "Actual Loops": 1,
                                                                                                                                                                                                        "Output": [
                                                                                                                                                                                                            "cc.movie_id",
                                                                                                                                                                                                            "cc.subject_id",
                                                                                                                                                                                                            "cc.status_id"
                                                                                                                                                                                                        ],
                                                                                                                                                                                                        "Hash Buckets": 262144,
                                                                                                                                                                                                        "Original Hash Buckets": 262144,
                                                                                                                                                                                                        "Hash Batches": 1,
                                                                                                                                                                                                        "Original Hash Batches": 1,
                                                                                                                                                                                                        "Peak Memory Usage": 7853,
                                                                                                                                                                                                        "Plans": [
                                                                                                                                                                                                            {
                                                                                                                                                                                                                "Node Type": "Seq Scan",
                                                                                                                                                                                                                "Parent Relationship": "Outer",
                                                                                                                                                                                                                "Parallel Aware": false,
                                                                                                                                                                                                                "Relation Name": "complete_cast",
                                                                                                                                                                                                                "Schema": "public",
                                                                                                                                                                                                                "Alias": "cc",
                                                                                                                                                                                                                "Startup Cost": 0.0,
                                                                                                                                                                                                                "Total Cost": 2081.86,
                                                                                                                                                                                                                "Plan Rows": 135086,
                                                                                                                                                                                                                "Plan Width": 12,
                                                                                                                                                                                                                "Actual Startup Time": 0.014,
                                                                                                                                                                                                                "Actual Total Time": 13.021,
                                                                                                                                                                                                                "Actual Rows": 135086,
                                                                                                                                                                                                                "Actual Loops": 1,
                                                                                                                                                                                                                "Output": [
                                                                                                                                                                                                                    "cc.movie_id",
                                                                                                                                                                                                                    "cc.subject_id",
                                                                                                                                                                                                                    "cc.status_id"
                                                                                                                                                                                                                ]
                                                                                                                                                                                                            }
                                                                                                                                                                                                        ]
                                                                                                                                                                                                    }
                                                                                                                                                                                                ]
                                                                                                                                                                                            }
                                                                                                                                                                                        ]
                                                                                                                                                                                    }
                                                                                                                                                                                ]
                                                                                                                                                                            },
                                                                                                                                                                            {
                                                                                                                                                                                "Node Type": "Hash",
                                                                                                                                                                                "Parent Relationship": "Inner",
                                                                                                                                                                                "Parallel Aware": false,
                                                                                                                                                                                "Startup Cost": 416764.08,
                                                                                                                                                                                "Total Cost": 416764.08,
                                                                                                                                                                                "Plan Rows": 799978,
                                                                                                                                                                                "Plan Width": 16,
                                                                                                                                                                                "Actual Startup Time": 953.688,
                                                                                                                                                                                "Actual Total Time": 953.86,
                                                                                                                                                                                "Actual Rows": 836701,
                                                                                                                                                                                "Actual Loops": 1,
                                                                                                                                                                                "Output": [
                                                                                                                                                                                    "ci.movie_id",
                                                                                                                                                                                    "ci.person_id",
                                                                                                                                                                                    "ci.role_id",
                                                                                                                                                                                    "ci.person_role_id"
                                                                                                                                                                                ],
                                                                                                                                                                                "Hash Buckets": 1048576,
                                                                                                                                                                                "Original Hash Buckets": 1048576,
                                                                                                                                                                                "Hash Batches": 1,
                                                                                                                                                                                "Original Hash Batches": 1,
                                                                                                                                                                                "Peak Memory Usage": 47155,
                                                                                                                                                                                "Plans": [
                                                                                                                                                                                    {
                                                                                                                                                                                        "Node Type": "Gather",
                                                                                                                                                                                        "Parent Relationship": "Outer",
                                                                                                                                                                                        "Parallel Aware": false,
                                                                                                                                                                                        "Startup Cost": 1000.0,
                                                                                                                                                                                        "Total Cost": 416764.08,
                                                                                                                                                                                        "Plan Rows": 799978,
                                                                                                                                                                                        "Plan Width": 16,
                                                                                                                                                                                        "Actual Startup Time": 0.466,
                                                                                                                                                                                        "Actual Total Time": 826.733,
                                                                                                                                                                                        "Actual Rows": 836701,
                                                                                                                                                                                        "Actual Loops": 1,
                                                                                                                                                                                        "Output": [
                                                                                                                                                                                            "ci.movie_id",
                                                                                                                                                                                            "ci.person_id",
                                                                                                                                                                                            "ci.role_id",
                                                                                                                                                                                            "ci.person_role_id"
                                                                                                                                                                                        ],
                                                                                                                                                                                        "Workers Planned": 6,
                                                                                                                                                                                        "Workers Launched": 6,
                                                                                                                                                                                        "Single Copy": false,
                                                                                                                                                                                        "Plans": [
                                                                                                                                                                                            {
                                                                                                                                                                                                "Node Type": "Seq Scan",
                                                                                                                                                                                                "Parent Relationship": "Outer",
                                                                                                                                                                                                "Parallel Aware": true,
                                                                                                                                                                                                "Relation Name": "cast_info",
                                                                                                                                                                                                "Schema": "public",
                                                                                                                                                                                                "Alias": "ci",
                                                                                                                                                                                                "Startup Cost": 0.0,
                                                                                                                                                                                                "Total Cost": 335766.28,
                                                                                                                                                                                                "Plan Rows": 133330,
                                                                                                                                                                                                "Plan Width": 16,
                                                                                                                                                                                                "Actual Startup Time": 0.185,
                                                                                                                                                                                                "Actual Total Time": 866.276,
                                                                                                                                                                                                "Actual Rows": 119529,
                                                                                                                                                                                                "Actual Loops": 7,
                                                                                                                                                                                                "Output": [
                                                                                                                                                                                                    "ci.movie_id",
                                                                                                                                                                                                    "ci.person_id",
                                                                                                                                                                                                    "ci.role_id",
                                                                                                                                                                                                    "ci.person_role_id"
                                                                                                                                                                                                ],
                                                                                                                                                                                                "Filter": "(ci.note = ANY ('{(voice),\"(voice) (uncredited)\",\"(voice: English version)\"}'::text[]))",
                                                                                                                                                                                                "Rows Removed by Filter": 5058235,
                                                                                                                                                                                                "Workers": [
                                                                                                                                                                                                    {
                                                                                                                                                                                                        "Worker Number": 0,
                                                                                                                                                                                                        "Actual Startup Time": 0.293,
                                                                                                                                                                                                        "Actual Total Time": 902.365,
                                                                                                                                                                                                        "Actual Rows": 126967,
                                                                                                                                                                                                        "Actual Loops": 1
                                                                                                                                                                                                    },
                                                                                                                                                                                                    {
                                                                                                                                                                                                        "Worker Number": 1,
                                                                                                                                                                                                        "Actual Startup Time": 0.101,
                                                                                                                                                                                                        "Actual Total Time": 889.031,
                                                                                                                                                                                                        "Actual Rows": 107239,
                                                                                                                                                                                                        "Actual Loops": 1
                                                                                                                                                                                                    },
                                                                                                                                                                                                    {
                                                                                                                                                                                                        "Worker Number": 2,
                                                                                                                                                                                                        "Actual Startup Time": 0.098,
                                                                                                                                                                                                        "Actual Total Time": 888.091,
                                                                                                                                                                                                        "Actual Rows": 119869,
                                                                                                                                                                                                        "Actual Loops": 1
                                                                                                                                                                                                    },
                                                                                                                                                                                                    {
                                                                                                                                                                                                        "Worker Number": 3,
                                                                                                                                                                                                        "Actual Startup Time": 0.129,
                                                                                                                                                                                                        "Actual Total Time": 888.238,
                                                                                                                                                                                                        "Actual Rows": 120376,
                                                                                                                                                                                                        "Actual Loops": 1
                                                                                                                                                                                                    },
                                                                                                                                                                                                    {
                                                                                                                                                                                                        "Worker Number": 4,
                                                                                                                                                                                                        "Actual Startup Time": 0.135,
                                                                                                                                                                                                        "Actual Total Time": 888.378,
                                                                                                                                                                                                        "Actual Rows": 119369,
                                                                                                                                                                                                        "Actual Loops": 1
                                                                                                                                                                                                    },
                                                                                                                                                                                                    {
                                                                                                                                                                                                        "Worker Number": 5,
                                                                                                                                                                                                        "Actual Startup Time": 0.523,
                                                                                                                                                                                                        "Actual Total Time": 903.089,
                                                                                                                                                                                                        "Actual Rows": 129694,
                                                                                                                                                                                                        "Actual Loops": 1
                                                                                                                                                                                                    }
                                                                                                                                                                                                ]
                                                                                                                                                                                            }
                                                                                                                                                                                        ]
                                                                                                                                                                                    }
                                                                                                                                                                                ]
                                                                                                                                                                            }
                                                                                                                                                                        ]
                                                                                                                                                                    },
                                                                                                                                                                    {
                                                                                                                                                                        "Node Type": "Bitmap Heap Scan",
                                                                                                                                                                        "Parent Relationship": "Inner",
                                                                                                                                                                        "Parallel Aware": false,
                                                                                                                                                                        "Relation Name": "char_name",
                                                                                                                                                                        "Schema": "public",
                                                                                                                                                                        "Alias": "chn",
                                                                                                                                                                        "Startup Cost": 0.49,
                                                                                                                                                                        "Total Cost": 4.51,
                                                                                                                                                                        "Plan Rows": 1,
                                                                                                                                                                        "Plan Width": 4,
                                                                                                                                                                        "Actual Startup Time": 0.005,
                                                                                                                                                                        "Actual Total Time": 0.005,
                                                                                                                                                                        "Actual Rows": 0,
                                                                                                                                                                        "Actual Loops": 7127,
                                                                                                                                                                        "Output": [
                                                                                                                                                                            "chn.id",
                                                                                                                                                                            "chn.name",
                                                                                                                                                                            "chn.imdb_index",
                                                                                                                                                                            "chn.imdb_id",
                                                                                                                                                                            "chn.name_pcode_nf",
                                                                                                                                                                            "chn.surname_pcode",
                                                                                                                                                                            "chn.md5sum"
                                                                                                                                                                        ],
                                                                                                                                                                        "Recheck Cond": "(chn.id = ci.person_role_id)",
                                                                                                                                                                        "Rows Removed by Index Recheck": 0,
                                                                                                                                                                        "Filter": "(chn.name = 'Queen'::text)",
                                                                                                                                                                        "Rows Removed by Filter": 1,
                                                                                                                                                                        "Exact Heap Blocks": 6451,
                                                                                                                                                                        "Lossy Heap Blocks": 0,
                                                                                                                                                                        "Plans": [
                                                                                                                                                                            {
                                                                                                                                                                                "Node Type": "Bitmap Index Scan",
                                                                                                                                                                                "Parent Relationship": "Outer",
                                                                                                                                                                                "Parallel Aware": false,
                                                                                                                                                                                "Index Name": "char_name_pkey",
                                                                                                                                                                                "Startup Cost": 0.0,
                                                                                                                                                                                "Total Cost": 0.49,
                                                                                                                                                                                "Plan Rows": 1,
                                                                                                                                                                                "Plan Width": 0,
                                                                                                                                                                                "Actual Startup Time": 0.003,
                                                                                                                                                                                "Actual Total Time": 0.003,
                                                                                                                                                                                "Actual Rows": 1,
                                                                                                                                                                                "Actual Loops": 7127,
                                                                                                                                                                                "Index Cond": "(chn.id = ci.person_role_id)"
                                                                                                                                                                            }
                                                                                                                                                                        ]
                                                                                                                                                                    }
                                                                                                                                                                ]
                                                                                                                                                            }
                                                                                                                                                        ]
                                                                                                                                                    },
                                                                                                                                                    {
                                                                                                                                                        "Node Type": "Sort",
                                                                                                                                                        "Parent Relationship": "Inner",
                                                                                                                                                        "Parallel Aware": false,
                                                                                                                                                        "Startup Cost": 10000109559.99,
                                                                                                                                                        "Total Cost": 10000111813.35,
                                                                                                                                                        "Plan Rows": 901343,
                                                                                                                                                        "Plan Width": 4,
                                                                                                                                                        "Actual Startup Time": 269.396,
                                                                                                                                                        "Actual Total Time": 290.187,
                                                                                                                                                        "Actual Rows": 480217,
                                                                                                                                                        "Actual Loops": 1,
                                                                                                                                                        "Output": [
                                                                                                                                                            "an.person_id"
                                                                                                                                                        ],
                                                                                                                                                        "Sort Key": [
                                                                                                                                                            "an.person_id"
                                                                                                                                                        ],
                                                                                                                                                        "Sort Method": "quicksort",
                                                                                                                                                        "Sort Space Used": 66827,
                                                                                                                                                        "Sort Space Type": "Memory",
                                                                                                                                                        "Plans": [
                                                                                                                                                            {
                                                                                                                                                                "Node Type": "Seq Scan",
                                                                                                                                                                "Parent Relationship": "Outer",
                                                                                                                                                                "Parallel Aware": false,
                                                                                                                                                                "Relation Name": "aka_name",
                                                                                                                                                                "Schema": "public",
                                                                                                                                                                "Alias": "an",
                                                                                                                                                                "Startup Cost": 10000000000.0,
                                                                                                                                                                "Total Cost": 10000020409.43,
                                                                                                                                                                "Plan Rows": 901343,
                                                                                                                                                                "Plan Width": 4,
                                                                                                                                                                "Actual Startup Time": 0.008,
                                                                                                                                                                "Actual Total Time": 89.629,
                                                                                                                                                                "Actual Rows": 901343,
                                                                                                                                                                "Actual Loops": 1,
                                                                                                                                                                "Output": [
                                                                                                                                                                    "an.person_id"
                                                                                                                                                                ]
                                                                                                                                                            }
                                                                                                                                                        ]
                                                                                                                                                    }
                                                                                                                                                ]
                                                                                                                                            },
                                                                                                                                            {
                                                                                                                                                "Node Type": "Hash",
                                                                                                                                                "Parent Relationship": "Inner",
                                                                                                                                                "Parallel Aware": false,
                                                                                                                                                "Startup Cost": 10000118126.24,
                                                                                                                                                "Total Cost": 10000118126.24,
                                                                                                                                                "Plan Rows": 37808,
                                                                                                                                                "Plan Width": 4,
                                                                                                                                                "Actual Startup Time": 499.614,
                                                                                                                                                "Actual Total Time": 499.615,
                                                                                                                                                "Actual Rows": 50011,
                                                                                                                                                "Actual Loops": 1,
                                                                                                                                                "Output": [
                                                                                                                                                    "n.id"
                                                                                                                                                ],
                                                                                                                                                "Hash Buckets": 65536,
                                                                                                                                                "Original Hash Buckets": 65536,
                                                                                                                                                "Hash Batches": 1,
                                                                                                                                                "Original Hash Batches": 1,
                                                                                                                                                "Peak Memory Usage": 2271,
                                                                                                                                                "Plans": [
                                                                                                                                                    {
                                                                                                                                                        "Node Type": "Seq Scan",
                                                                                                                                                        "Parent Relationship": "Outer",
                                                                                                                                                        "Parallel Aware": false,
                                                                                                                                                        "Relation Name": "name",
                                                                                                                                                        "Schema": "public",
                                                                                                                                                        "Alias": "n",
                                                                                                                                                        "Startup Cost": 10000000000.0,
                                                                                                                                                        "Total Cost": 10000118126.24,
                                                                                                                                                        "Plan Rows": 37808,
                                                                                                                                                        "Plan Width": 4,
                                                                                                                                                        "Actual Startup Time": 199.836,
                                                                                                                                                        "Actual Total Time": 491.083,
                                                                                                                                                        "Actual Rows": 50011,
                                                                                                                                                        "Actual Loops": 1,
                                                                                                                                                        "Output": [
                                                                                                                                                            "n.id"
                                                                                                                                                        ],
                                                                                                                                                        "Filter": "((n.name ~~ '%An%'::text) AND ((n.gender)::text = 'f'::text))",
                                                                                                                                                        "Rows Removed by Filter": 4117480
                                                                                                                                                    }
                                                                                                                                                ]
                                                                                                                                            }
                                                                                                                                        ]
                                                                                                                                    }
                                                                                                                                ]
                                                                                                                            },
                                                                                                                            {
                                                                                                                                "Node Type": "Sort",
                                                                                                                                "Parent Relationship": "Inner",
                                                                                                                                "Parallel Aware": false,
                                                                                                                                "Startup Cost": 48060.21,
                                                                                                                                "Total Cost": 48060.22,
                                                                                                                                "Plan Rows": 7,
                                                                                                                                "Plan Width": 4,
                                                                                                                                "Actual Startup Time": 105.881,
                                                                                                                                "Actual Total Time": 105.931,
                                                                                                                                "Actual Rows": 5,
                                                                                                                                "Actual Loops": 1,
                                                                                                                                "Output": [
                                                                                                                                    "t.id"
                                                                                                                                ],
                                                                                                                                "Sort Key": [
                                                                                                                                    "t.id"
                                                                                                                                ],
                                                                                                                                "Sort Method": "quicksort",
                                                                                                                                "Sort Space Used": 25,
                                                                                                                                "Sort Space Type": "Memory",
                                                                                                                                "Plans": [
                                                                                                                                    {
                                                                                                                                        "Node Type": "Gather",
                                                                                                                                        "Parent Relationship": "Outer",
                                                                                                                                        "Parallel Aware": false,
                                                                                                                                        "Startup Cost": 1000.0,
                                                                                                                                        "Total Cost": 48060.11,
                                                                                                                                        "Plan Rows": 7,
                                                                                                                                        "Plan Width": 4,
                                                                                                                                        "Actual Startup Time": 10.41,
                                                                                                                                        "Actual Total Time": 105.914,
                                                                                                                                        "Actual Rows": 3,
                                                                                                                                        "Actual Loops": 1,
                                                                                                                                        "Output": [
                                                                                                                                            "t.id"
                                                                                                                                        ],
                                                                                                                                        "Workers Planned": 4,
                                                                                                                                        "Workers Launched": 4,
                                                                                                                                        "Single Copy": false,
                                                                                                                                        "Plans": [
                                                                                                                                            {
                                                                                                                                                "Node Type": "Seq Scan",
                                                                                                                                                "Parent Relationship": "Outer",
                                                                                                                                                "Parallel Aware": true,
                                                                                                                                                "Relation Name": "title",
                                                                                                                                                "Schema": "public",
                                                                                                                                                "Alias": "t",
                                                                                                                                                "Startup Cost": 0.0,
                                                                                                                                                "Total Cost": 47059.41,
                                                                                                                                                "Plan Rows": 2,
                                                                                                                                                "Plan Width": 4,
                                                                                                                                                "Actual Startup Time": 73.768,
                                                                                                                                                "Actual Total Time": 96.795,
                                                                                                                                                "Actual Rows": 1,
                                                                                                                                                "Actual Loops": 5,
                                                                                                                                                "Output": [
                                                                                                                                                    "t.id"
                                                                                                                                                ],
                                                                                                                                                "Filter": "((t.production_year >= 1995) AND (t.production_year <= 2009) AND (t.title = 'Shrek 2'::text))",
                                                                                                                                                "Rows Removed by Filter": 505662,
                                                                                                                                                "Workers": [
                                                                                                                                                    {
                                                                                                                                                        "Worker Number": 0,
                                                                                                                                                        "Actual Startup Time": 84.395,
                                                                                                                                                        "Actual Total Time": 94.418,
                                                                                                                                                        "Actual Rows": 1,
                                                                                                                                                        "Actual Loops": 1
                                                                                                                                                    },
                                                                                                                                                    {
                                                                                                                                                        "Worker Number": 1,
                                                                                                                                                        "Actual Startup Time": 94.427,
                                                                                                                                                        "Actual Total Time": 94.428,
                                                                                                                                                        "Actual Rows": 0,
                                                                                                                                                        "Actual Loops": 1
                                                                                                                                                    },
                                                                                                                                                    {
                                                                                                                                                        "Worker Number": 2,
                                                                                                                                                        "Actual Startup Time": 94.488,
                                                                                                                                                        "Actual Total Time": 94.489,
                                                                                                                                                        "Actual Rows": 0,
                                                                                                                                                        "Actual Loops": 1
                                                                                                                                                    },
                                                                                                                                                    {
                                                                                                                                                        "Worker Number": 3,
                                                                                                                                                        "Actual Startup Time": 85.482,
                                                                                                                                                        "Actual Total Time": 95.263,
                                                                                                                                                        "Actual Rows": 1,
                                                                                                                                                        "Actual Loops": 1
                                                                                                                                                    }
                                                                                                                                                ]
                                                                                                                                            }
                                                                                                                                        ]
                                                                                                                                    }
                                                                                                                                ]
                                                                                                                            }
                                                                                                                        ]
                                                                                                                    },
                                                                                                                    {
                                                                                                                        "Node Type": "Bitmap Heap Scan",
                                                                                                                        "Parent Relationship": "Inner",
                                                                                                                        "Parallel Aware": false,
                                                                                                                        "Relation Name": "person_info",
                                                                                                                        "Schema": "public",
                                                                                                                        "Alias": "pi",
                                                                                                                        "Startup Cost": 0.69,
                                                                                                                        "Total Cost": 5.0,
                                                                                                                        "Plan Rows": 25,
                                                                                                                        "Plan Width": 8,
                                                                                                                        "Actual Startup Time": 0.018,
                                                                                                                        "Actual Total Time": 0.046,
                                                                                                                        "Actual Rows": 163,
                                                                                                                        "Actual Loops": 3,
                                                                                                                        "Output": [
                                                                                                                            "pi.id",
                                                                                                                            "pi.person_id",
                                                                                                                            "pi.info_type_id",
                                                                                                                            "pi.info",
                                                                                                                            "pi.note"
                                                                                                                        ],
                                                                                                                        "Recheck Cond": "(pi.person_id = an.person_id)",
                                                                                                                        "Rows Removed by Index Recheck": 0,
                                                                                                                        "Exact Heap Blocks": 24,
                                                                                                                        "Lossy Heap Blocks": 0,
                                                                                                                        "Plans": [
                                                                                                                            {
                                                                                                                                "Node Type": "Bitmap Index Scan",
                                                                                                                                "Parent Relationship": "Outer",
                                                                                                                                "Parallel Aware": false,
                                                                                                                                "Index Name": "person_id_person_info",
                                                                                                                                "Startup Cost": 0.0,
                                                                                                                                "Total Cost": 0.68,
                                                                                                                                "Plan Rows": 25,
                                                                                                                                "Plan Width": 0,
                                                                                                                                "Actual Startup Time": 0.014,
                                                                                                                                "Actual Total Time": 0.014,
                                                                                                                                "Actual Rows": 163,
                                                                                                                                "Actual Loops": 3,
                                                                                                                                "Index Cond": "(pi.person_id = an.person_id)"
                                                                                                                            }
                                                                                                                        ]
                                                                                                                    }
                                                                                                                ]
                                                                                                            }
                                                                                                        ]
                                                                                                    }
                                                                                                ]
                                                                                            },
                                                                                            {
                                                                                                "Node Type": "Bitmap Heap Scan",
                                                                                                "Parent Relationship": "Inner",
                                                                                                "Parallel Aware": false,
                                                                                                "Relation Name": "info_type",
                                                                                                "Schema": "public",
                                                                                                "Alias": "it3",
                                                                                                "Startup Cost": 0.15,
                                                                                                "Total Cost": 4.17,
                                                                                                "Plan Rows": 1,
                                                                                                "Plan Width": 4,
                                                                                                "Actual Startup Time": 0.002,
                                                                                                "Actual Total Time": 0.002,
                                                                                                "Actual Rows": 0,
                                                                                                "Actual Loops": 489,
                                                                                                "Output": [
                                                                                                    "it3.id",
                                                                                                    "it3.info"
                                                                                                ],
                                                                                                "Recheck Cond": "(it3.id = pi.info_type_id)",
                                                                                                "Rows Removed by Index Recheck": 0,
                                                                                                "Filter": "((it3.info)::text = 'height'::text)",
                                                                                                "Rows Removed by Filter": 1,
                                                                                                "Exact Heap Blocks": 489,
                                                                                                "Lossy Heap Blocks": 0,
                                                                                                "Plans": [
                                                                                                    {
                                                                                                        "Node Type": "Bitmap Index Scan",
                                                                                                        "Parent Relationship": "Outer",
                                                                                                        "Parallel Aware": false,
                                                                                                        "Index Name": "info_type_pkey",
                                                                                                        "Startup Cost": 0.0,
                                                                                                        "Total Cost": 0.15,
                                                                                                        "Plan Rows": 1,
                                                                                                        "Plan Width": 0,
                                                                                                        "Actual Startup Time": 0.001,
                                                                                                        "Actual Total Time": 0.001,
                                                                                                        "Actual Rows": 1,
                                                                                                        "Actual Loops": 489,
                                                                                                        "Index Cond": "(it3.id = pi.info_type_id)"
                                                                                                    }
                                                                                                ]
                                                                                            }
                                                                                        ]
                                                                                    }
                                                                                ]
                                                                            },
                                                                            {
                                                                                "Node Type": "Sort",
                                                                                "Parent Relationship": "Inner",
                                                                                "Parallel Aware": false,
                                                                                "Startup Cost": 569794.43,
                                                                                "Total Cost": 581104.25,
                                                                                "Plan Rows": 4523930,
                                                                                "Plan Width": 8,
                                                                                "Actual Startup Time": 1053.525,
                                                                                "Actual Total Time": 1170.681,
                                                                                "Actual Rows": 3383837,
                                                                                "Actual Loops": 1,
                                                                                "Output": [
                                                                                    "mk.movie_id",
                                                                                    "mk.keyword_id"
                                                                                ],
                                                                                "Sort Key": [
                                                                                    "mk.movie_id"
                                                                                ],
                                                                                "Sort Method": "quicksort",
                                                                                "Sort Space Used": 408668,
                                                                                "Sort Space Type": "Memory",
                                                                                "Plans": [
                                                                                    {
                                                                                        "Node Type": "Seq Scan",
                                                                                        "Parent Relationship": "Outer",
                                                                                        "Parallel Aware": false,
                                                                                        "Relation Name": "movie_keyword",
                                                                                        "Schema": "public",
                                                                                        "Alias": "mk",
                                                                                        "Startup Cost": 0.0,
                                                                                        "Total Cost": 69693.3,
                                                                                        "Plan Rows": 4523930,
                                                                                        "Plan Width": 8,
                                                                                        "Actual Startup Time": 0.009,
                                                                                        "Actual Total Time": 390.438,
                                                                                        "Actual Rows": 4523930,
                                                                                        "Actual Loops": 1,
                                                                                        "Output": [
                                                                                            "mk.movie_id",
                                                                                            "mk.keyword_id"
                                                                                        ]
                                                                                    }
                                                                                ]
                                                                            }
                                                                        ]
                                                                    },
                                                                    {
                                                                        "Node Type": "Bitmap Heap Scan",
                                                                        "Parent Relationship": "Inner",
                                                                        "Parallel Aware": false,
                                                                        "Relation Name": "movie_info",
                                                                        "Schema": "public",
                                                                        "Alias": "mi",
                                                                        "Startup Cost": 0.78,
                                                                        "Total Cost": 5.36,
                                                                        "Plan Rows": 1,
                                                                        "Plan Width": 8,
                                                                        "Actual Startup Time": 0.018,
                                                                        "Actual Total Time": 0.061,
                                                                        "Actual Rows": 1,
                                                                        "Actual Loops": 324,
                                                                        "Output": [
                                                                            "mi.id",
                                                                            "mi.movie_id",
                                                                            "mi.info_type_id",
                                                                            "mi.info",
                                                                            "mi.note"
                                                                        ],
                                                                        "Recheck Cond": "(mi.movie_id = mk.movie_id)",
                                                                        "Rows Removed by Index Recheck": 0,
                                                                        "Filter": "(mi.info ~~ 'USA:%200%'::text)",
                                                                        "Rows Removed by Filter": 456,
                                                                        "Exact Heap Blocks": 11016,
                                                                        "Lossy Heap Blocks": 0,
                                                                        "Plans": [
                                                                            {
                                                                                "Node Type": "Bitmap Index Scan",
                                                                                "Parent Relationship": "Outer",
                                                                                "Parallel Aware": false,
                                                                                "Index Name": "movie_id_movie_info",
                                                                                "Startup Cost": 0.0,
                                                                                "Total Cost": 0.78,
                                                                                "Plan Rows": 39,
                                                                                "Plan Width": 0,
                                                                                "Actual Startup Time": 0.012,
                                                                                "Actual Total Time": 0.012,
                                                                                "Actual Rows": 457,
                                                                                "Actual Loops": 324,
                                                                                "Index Cond": "(mi.movie_id = mk.movie_id)"
                                                                            }
                                                                        ]
                                                                    }
                                                                ]
                                                            },
                                                            {
                                                                "Node Type": "Sort",
                                                                "Parent Relationship": "Inner",
                                                                "Parallel Aware": false,
                                                                "Startup Cost": 322951.0,
                                                                "Total Cost": 329473.82,
                                                                "Plan Rows": 2609129,
                                                                "Plan Width": 8,
                                                                "Actual Startup Time": 729.483,
                                                                "Actual Total Time": 800.401,
                                                                "Actual Rows": 2129748,
                                                                "Actual Loops": 1,
                                                                "Output": [
                                                                    "mc.movie_id",
                                                                    "mc.company_id"
                                                                ],
                                                                "Sort Key": [
                                                                    "mc.movie_id"
                                                                ],
                                                                "Sort Method": "quicksort",
                                                                "Sort Space Used": 220607,
                                                                "Sort Space Type": "Memory",
                                                                "Plans": [
                                                                    {
                                                                        "Node Type": "Seq Scan",
                                                                        "Parent Relationship": "Outer",
                                                                        "Parallel Aware": false,
                                                                        "Relation Name": "movie_companies",
                                                                        "Schema": "public",
                                                                        "Alias": "mc",
                                                                        "Startup Cost": 0.0,
                                                                        "Total Cost": 44881.29,
                                                                        "Plan Rows": 2609129,
                                                                        "Plan Width": 8,
                                                                        "Actual Startup Time": 0.011,
                                                                        "Actual Total Time": 253.985,
                                                                        "Actual Rows": 2609129,
                                                                        "Actual Loops": 1,
                                                                        "Output": [
                                                                            "mc.movie_id",
                                                                            "mc.company_id"
                                                                        ]
                                                                    }
                                                                ]
                                                            }
                                                        ]
                                                    }
                                                ]
                                            },
                                            {
                                                "Node Type": "Index Scan",
                                                "Parent Relationship": "Inner",
                                                "Parallel Aware": false,
                                                "Scan Direction": "Forward",
                                                "Index Name": "company_name_pkey",
                                                "Relation Name": "company_name",
                                                "Schema": "public",
                                                "Alias": "cn",
                                                "Startup Cost": 0.42,
                                                "Total Cost": 12454.44,
                                                "Plan Rows": 84301,
                                                "Plan Width": 4,
                                                "Actual Startup Time": 0.019,
                                                "Actual Total Time": 37.949,
                                                "Actual Rows": 35457,
                                                "Actual Loops": 1,
                                                "Output": [
                                                    "cn.id",
                                                    "cn.name",
                                                    "cn.country_code",
                                                    "cn.imdb_id",
                                                    "cn.name_pcode_nf",
                                                    "cn.name_pcode_sf",
                                                    "cn.md5sum"
                                                ],
                                                "Filter": "((cn.country_code)::text = '[us]'::text)",
                                                "Rows Removed by Filter": 59804
                                            }
                                        ]
                                    },
                                    {
                                        "Node Type": "Index Scan",
                                        "Parent Relationship": "Inner",
                                        "Parallel Aware": false,
                                        "Scan Direction": "Forward",
                                        "Index Name": "keyword_pkey",
                                        "Relation Name": "keyword",
                                        "Schema": "public",
                                        "Alias": "k",
                                        "Startup Cost": 0.42,
                                        "Total Cost": 0.44,
                                        "Plan Rows": 1,
                                        "Plan Width": 4,
                                        "Actual Startup Time": 0.001,
                                        "Actual Total Time": 0.001,
                                        "Actual Rows": 0,
                                        "Actual Loops": 1620,
                                        "Output": [
                                            "k.id",
                                            "k.keyword",
                                            "k.phonetic_code"
                                        ],
                                        "Index Cond": "(k.id = mk.keyword_id)",
                                        "Rows Removed by Index Recheck": 0,
                                        "Filter": "(k.keyword = 'computer-animation'::text)",
                                        "Rows Removed by Filter": 1
                                    }
                                ]
                            }
                        ]
                    }
                ]
            }
        ]
    },
    "Planning Time": 1890.113,
    "Triggers": [],
    "Execution Time": 4266.843
}