[
  {
    "Plan": {
      "Node Type": "Aggregate",
      "Strategy": "Plain",
      "Partial Mode": "Finalize",
      "Parallel Aware": false,
      "Startup Cost": 346359.7,
      "Total Cost": 346359.71,
      "Plan Rows": 1,
      "Plan Width": 8,
      "Actual Startup Time": 472.773,
      "Actual Total Time": 506.829,
      "Actual Rows": 1,
      "Actual Loops": 1,
      "Plans": [
        {
          "Node Type": "Gather",
          "Parent Relationship": "Outer",
          "Parallel Aware": false,
          "Startup Cost": 346359.07,
          "Total Cost": 346359.68,
          "Plan Rows": 6,
          "Plan Width": 8,
          "Actual Startup Time": 472.645,
          "Actual Total Time": 506.815,
          "Actual Rows": 7,
          "Actual Loops": 1,
          "Workers Planned": 6,
          "Workers Launched": 6,
          "Single Copy": false,
          "Plans": [
            {
              "Node Type": "Aggregate",
              "Strategy": "Plain",
              "Partial Mode": "Partial",
              "Parent Relationship": "Outer",
              "Parallel Aware": false,
              "Startup Cost": 345359.07,
              "Total Cost": 345359.08,
              "Plan Rows": 1,
              "Plan Width": 8,
              "Actual Startup Time": 464.329,
              "Actual Total Time": 464.33,
              "Actual Rows": 1,
              "Actual Loops": 7,
              "Plans": [
                {
                  "Node Type": "Index Scan",
                  "Parent Relationship": "Outer",
                  "Parallel Aware": true,
                  "Scan Direction": "Forward",
                  "Index Name": "role_id_cast_info",
                  "Relation Name": "cast_info",
                  "Alias": "ci",
                  "Startup Cost": 0.56,
                  "Total Cost": 341155.22,
                  "Plan Rows": 1681541,
                  "Plan Width": 0,
                  "Actual Startup Time": 178.923,
                  "Actual Total Time": 414.537,
                  "Actual Rows": 1027212,
                  "Actual Loops": 7,
                  "Index Cond": "(role_id = 1)",
                  "Rows Removed by Index Recheck": 0,
                  "Filter": "(person_id > 736281)",
                  "Rows Removed by Filter": 782886
                }
              ]
            }
          ]
        }
      ]
    },
    "Planning Time": 0.235,
    "Triggers": [],
    "Execution Time": 506.893
  }
]