[
  {
    "Plan": {
      "Node Type": "Aggregate",
      "Strategy": "Plain",
      "Partial Mode": "Finalize",
      "Parallel Aware": false,
      "Startup Cost": 262256.23,
      "Total Cost": 262256.24,
      "Plan Rows": 1,
      "Plan Width": 8,
      "Actual Startup Time": 263.133,
      "Actual Total Time": 310.882,
      "Actual Rows": 1,
      "Actual Loops": 1,
      "Plans": [
        {
          "Node Type": "Gather",
          "Parent Relationship": "Outer",
          "Parallel Aware": false,
          "Startup Cost": 262255.81,
          "Total Cost": 262256.22,
          "Plan Rows": 4,
          "Plan Width": 8,
          "Actual Startup Time": 262.919,
          "Actual Total Time": 310.872,
          "Actual Rows": 5,
          "Actual Loops": 1,
          "Workers Planned": 4,
          "Workers Launched": 4,
          "Single Copy": false,
          "Plans": [
            {
              "Node Type": "Aggregate",
              "Strategy": "Plain",
              "Partial Mode": "Partial",
              "Parent Relationship": "Outer",
              "Parallel Aware": false,
              "Startup Cost": 261255.81,
              "Total Cost": 261255.82,
              "Plan Rows": 1,
              "Plan Width": 8,
              "Actual Startup Time": 253.687,
              "Actual Total Time": 253.689,
              "Actual Rows": 1,
              "Actual Loops": 5,
              "Plans": [
                {
                  "Node Type": "Nested Loop",
                  "Parent Relationship": "Outer",
                  "Parallel Aware": false,
                  "Join Type": "Inner",
                  "Startup Cost": 0.56,
                  "Total Cost": 261169.17,
                  "Plan Rows": 34654,
                  "Plan Width": 0,
                  "Actual Startup Time": 1.329,
                  "Actual Total Time": 249.687,
                  "Actual Rows": 31214,
                  "Actual Loops": 5,
                  "Inner Unique": false,
                  "Plans": [
                    {
                      "Node Type": "Seq Scan",
                      "Parent Relationship": "Outer",
                      "Parallel Aware": true,
                      "Relation Name": "title",
                      "Alias": "t",
                      "Startup Cost": 0.0,
                      "Total Cost": 45479.59,
                      "Plan Rows": 2417,
                      "Plan Width": 4,
                      "Actual Startup Time": 1.064,
                      "Actual Total Time": 83.922,
                      "Actual Rows": 1895,
                      "Actual Loops": 5,
                      "Filter": "((kind_id < 7) AND (production_year = 1991))",
                      "Rows Removed by Filter": 503768
                    },
                    {
                      "Node Type": "Index Only Scan",
                      "Parent Relationship": "Inner",
                      "Parallel Aware": false,
                      "Scan Direction": "Forward",
                      "Index Name": "movie_id_cast_info",
                      "Relation Name": "cast_info",
                      "Alias": "ci",
                      "Startup Cost": 0.56,
                      "Total Cost": 88.89,
                      "Plan Rows": 35,
                      "Plan Width": 4,
                      "Actual Startup Time": 0.016,
                      "Actual Total Time": 0.084,
                      "Actual Rows": 16,
                      "Actual Loops": 9474,
                      "Index Cond": "(movie_id = t.id)",
                      "Rows Removed by Index Recheck": 0,
                      "Heap Fetches": 156068
                    }
                  ]
                }
              ]
            }
          ]
        }
      ]
    },
    "Planning Time": 0.246,
    "Triggers": [],
    "Execution Time": 310.943
  }
]