[
  {
    "Plan": {
      "Node Type": "Aggregate",
      "Strategy": "Plain",
      "Partial Mode": "Finalize",
      "Parallel Aware": false,
      "Startup Cost": 32417.55,
      "Total Cost": 32417.56,
      "Plan Rows": 1,
      "Plan Width": 8,
      "Actual Startup Time": 100.864,
      "Actual Total Time": 109.35,
      "Actual Rows": 1,
      "Actual Loops": 1,
      "Plans": [
        {
          "Node Type": "Gather",
          "Parent Relationship": "Outer",
          "Parallel Aware": false,
          "Startup Cost": 32417.23,
          "Total Cost": 32417.54,
          "Plan Rows": 3,
          "Plan Width": 8,
          "Actual Startup Time": 100.483,
          "Actual Total Time": 109.341,
          "Actual Rows": 4,
          "Actual Loops": 1,
          "Workers Planned": 3,
          "Workers Launched": 3,
          "Single Copy": false,
          "Plans": [
            {
              "Node Type": "Aggregate",
              "Strategy": "Plain",
              "Partial Mode": "Partial",
              "Parent Relationship": "Outer",
              "Parallel Aware": false,
              "Startup Cost": 31417.23,
              "Total Cost": 31417.24,
              "Plan Rows": 1,
              "Plan Width": 8,
              "Actual Startup Time": 88.792,
              "Actual Total Time": 88.793,
              "Actual Rows": 1,
              "Actual Loops": 4,
              "Plans": [
                {
                  "Node Type": "Bitmap Heap Scan",
                  "Parent Relationship": "Outer",
                  "Parallel Aware": true,
                  "Relation Name": "movie_companies",
                  "Alias": "mc",
                  "Startup Cost": 10159.24,
                  "Total Cost": 31231.27,
                  "Plan Rows": 74384,
                  "Plan Width": 0,
                  "Actual Startup Time": 19.007,
                  "Actual Total Time": 82.365,
                  "Actual Rows": 86708,
                  "Actual Loops": 4,
                  "Recheck Cond": "(company_id < 401)",
                  "Rows Removed by Index Recheck": 0,
                  "Filter": "(company_type_id < 2)",
                  "Rows Removed by Filter": 29862,
                  "Exact Heap Blocks": 8607,
                  "Lossy Heap Blocks": 0,
                  "Plans": [
                    {
                      "Node Type": "Bitmap Index Scan",
                      "Parent Relationship": "Outer",
                      "Parallel Aware": false,
                      "Index Name": "company_id_movie_companies",
                      "Startup Cost": 0.0,
                      "Total Cost": 10101.59,
                      "Plan Rows": 471621,
                      "Plan Width": 0,
                      "Actual Startup Time": 27.453,
                      "Actual Total Time": 27.453,
                      "Actual Rows": 466280,
                      "Actual Loops": 1,
                      "Index Cond": "(company_id < 401)"
                    }
                  ]
                }
              ]
            }
          ]
        }
      ]
    },
    "Planning Time": 0.107,
    "Triggers": [],
    "Execution Time": 109.39
  }
]