{
  "Plan": {
    "Node Type": "Aggregate",
    "Strategy": "Plain",
    "Partial Mode": "Finalize",
    "Parallel Aware": false,
    "Startup Cost": 483309.92,
    "Total Cost": 483309.93,
    "Plan Rows": 1,
    "Plan Width": 8,
    "Actual Startup Time": 2499.389,
    "Actual Total Time": 2528.407,
    "Actual Rows": 1,
    "Actual Loops": 1,
    "Plans": [
      {
        "Node Type": "Gather",
        "Parent Relationship": "Outer",
        "Parallel Aware": false,
        "Startup Cost": 483309.81,
        "Total Cost": 483309.92,
        "Plan Rows": 1,
        "Plan Width": 8,
        "Actual Startup Time": 2493.106,
        "Actual Total Time": 2528.393,
        "Actual Rows": 2,
        "Actual Loops": 1,
        "Workers Planned": 1,
        "Workers Launched": 1,
        "Single Copy": false,
        "Plans": [
          {
            "Node Type": "Aggregate",
            "Strategy": "Plain",
            "Partial Mode": "Partial",
            "Parent Relationship": "Outer",
            "Parallel Aware": false,
            "Startup Cost": 482309.81,
            "Total Cost": 482309.82,
            "Plan Rows": 1,
            "Plan Width": 8,
            "Actual Startup Time": 2482.188,
            "Actual Total Time": 2482.193,
            "Actual Rows": 1,
            "Actual Loops": 2,
            "Plans": [
              {
                "Node Type": "Hash Join",
                "Parent Relationship": "Outer",
                "Parallel Aware": true,
                "Join Type": "Inner",
                "Startup Cost": 178459.06,
                "Total Cost": 475052.54,
                "Plan Rows": 2902907,
                "Plan Width": 0,
                "Actual Startup Time": 865.112,
                "Actual Total Time": 2364.396,
                "Actual Rows": 2374976,
                "Actual Loops": 2,
                "Inner Unique": true,
                "Hash Cond": "(ci.movie_id = t.id)",
                "Plans": [
                  {
                    "Node Type": "Bitmap Heap Scan",
                    "Parent Relationship": "Outer",
                    "Parallel Aware": true,
                    "Relation Name": "cast_info",
                    "Alias": "ci",
                    "Startup Cost": 108998.37,
                    "Total Cost": 397971.7,
                    "Plan Rows": 2902907,
                    "Plan Width": 4,
                    "Actual Startup Time": 238.295,
                    "Actual Total Time": 584.46,
                    "Actual Rows": 2374976,
                    "Actual Loops": 2,
                    "Recheck Cond": "(person_id > 3204008)",
                    "Rows Removed by Index Recheck": 0,
                    "Exact Heap Blocks": 38476,
                    "Lossy Heap Blocks": 0,
                    "Plans": [
                      {
                        "Node Type": "Bitmap Index Scan",
                        "Parent Relationship": "Outer",
                        "Parallel Aware": false,
                        "Index Name": "person_id_cast_info",
                        "Startup Cost": 0.0,
                        "Total Cost": 107764.63,
                        "Plan Rows": 4934942,
                        "Plan Width": 0,
                        "Actual Startup Time": 227.005,
                        "Actual Total Time": 227.006,
                        "Actual Rows": 4749952,
                        "Actual Loops": 1,
                        "Index Cond": "(person_id > 3204008)"
                      }
                    ]
                  },
                  {
                    "Node Type": "Hash",
                    "Parent Relationship": "Inner",
                    "Parallel Aware": true,
                    "Startup Cost": 50870.31,
                    "Total Cost": 50870.31,
                    "Plan Rows": 1487231,
                    "Plan Width": 4,
                    "Actual Startup Time": 605.329,
                    "Actual Total Time": 605.33,
                    "Actual Rows": 1264156,
                    "Actual Loops": 2,
                    "Hash Buckets": 4194304,
                    "Original Hash Buckets": 4194304,
                    "Hash Batches": 1,
                    "Original Hash Batches": 1,
                    "Peak Memory Usage": 131712,
                    "Plans": [
                      {
                        "Node Type": "Seq Scan",
                        "Parent Relationship": "Outer",
                        "Parallel Aware": true,
                        "Relation Name": "title",
                        "Alias": "t",
                        "Startup Cost": 0.0,
                        "Total Cost": 50870.31,
                        "Plan Rows": 1487231,
                        "Plan Width": 4,
                        "Actual Startup Time": 0.047,
                        "Actual Total Time": 184.982,
                        "Actual Rows": 1264156,
                        "Actual Loops": 2
                      }
                    ]
                  }
                ]
              }
            ]
          }
        ]
      }
    ]
  },
  "Planning Time": 0.616,
  "Triggers": [],
  "Execution Time": 2528.496
}