[
  {
    "Plan": {
      "Node Type": "Aggregate",
      "Strategy": "Plain",
      "Partial Mode": "Finalize",
      "Parallel Aware": false,
      "Startup Cost": 96635.85,
      "Total Cost": 96635.86,
      "Plan Rows": 1,
      "Plan Width": 8,
      "Actual Startup Time": 667.954,
      "Actual Total Time": 690.119,
      "Actual Rows": 1,
      "Actual Loops": 1,
      "Plans": [
        {
          "Node Type": "Gather",
          "Parent Relationship": "Outer",
          "Parallel Aware": false,
          "Startup Cost": 96635.63,
          "Total Cost": 96635.84,
          "Plan Rows": 2,
          "Plan Width": 8,
          "Actual Startup Time": 660.876,
          "Actual Total Time": 690.111,
          "Actual Rows": 3,
          "Actual Loops": 1,
          "Workers Planned": 2,
          "Workers Launched": 2,
          "Single Copy": false,
          "Plans": [
            {
              "Node Type": "Aggregate",
              "Strategy": "Plain",
              "Partial Mode": "Partial",
              "Parent Relationship": "Outer",
              "Parallel Aware": false,
              "Startup Cost": 95635.63,
              "Total Cost": 95635.64,
              "Plan Rows": 1,
              "Plan Width": 8,
              "Actual Startup Time": 657.691,
              "Actual Total Time": 658.255,
              "Actual Rows": 1,
              "Actual Loops": 3,
              "Plans": [
                {
                  "Node Type": "Hash Join",
                  "Parent Relationship": "Outer",
                  "Parallel Aware": true,
                  "Join Type": "Inner",
                  "Startup Cost": 79346.08,
                  "Total Cost": 95439.98,
                  "Plan Rows": 78260,
                  "Plan Width": 0,
                  "Actual Startup Time": 504.759,
                  "Actual Total Time": 642.292,
                  "Actual Rows": 337941,
                  "Actual Loops": 3,
                  "Inner Unique": false,
                  "Hash Cond": "(mi_idx.movie_id = t.id)",
                  "Plans": [
                    {
                      "Node Type": "Seq Scan",
                      "Parent Relationship": "Outer",
                      "Parallel Aware": true,
                      "Relation Name": "movie_info_idx",
                      "Alias": "mi_idx",
                      "Startup Cost": 0.0,
                      "Total Cost": 13685.15,
                      "Plan Rows": 575015,
                      "Plan Width": 4,
                      "Actual Startup Time": 0.024,
                      "Actual Total Time": 42.359,
                      "Actual Rows": 460012,
                      "Actual Loops": 3
                    },
                    {
                      "Node Type": "Hash",
                      "Parent Relationship": "Inner",
                      "Parallel Aware": true,
                      "Startup Cost": 77958.49,
                      "Total Cost": 77958.49,
                      "Plan Rows": 111007,
                      "Plan Width": 8,
                      "Actual Startup Time": 502.773,
                      "Actual Total Time": 503.336,
                      "Actual Rows": 230930,
                      "Actual Loops": 3,
                      "Hash Buckets": 1048576,
                      "Original Hash Buckets": 524288,
                      "Hash Batches": 1,
                      "Original Hash Batches": 1,
                      "Peak Memory Usage": 39456,
                      "Plans": [
                        {
                          "Node Type": "Hash Join",
                          "Parent Relationship": "Outer",
                          "Parallel Aware": true,
                          "Join Type": "Inner",
                          "Startup Cost": 47518.69,
                          "Total Cost": 77958.49,
                          "Plan Rows": 111007,
                          "Plan Width": 8,
                          "Actual Startup Time": 242.719,
                          "Actual Total Time": 418.944,
                          "Actual Rows": 230930,
                          "Actual Loops": 3,
                          "Inner Unique": true,
                          "Hash Cond": "(mc.movie_id = t.id)",
                          "Plans": [
                            {
                              "Node Type": "Seq Scan",
                              "Parent Relationship": "Outer",
                              "Parallel Aware": true,
                              "Relation Name": "movie_companies",
                              "Alias": "mc",
                              "Startup Cost": 0.0,
                              "Total Cost": 29310.68,
                              "Plan Rows": 430142,
                              "Plan Width": 4,
                              "Actual Startup Time": 37.925,
                              "Actual Total Time": 92.342,
                              "Actual Rows": 444961,
                              "Actual Loops": 3,
                              "Filter": "(company_type_id = 2)",
                              "Rows Removed by Filter": 424749
                            },
                            {
                              "Node Type": "Hash",
                              "Parent Relationship": "Inner",
                              "Parallel Aware": true,
                              "Startup Cost": 45479.59,
                              "Total Cost": 45479.59,
                              "Plan Rows": 163128,
                              "Plan Width": 4,
                              "Actual Startup Time": 202.406,
                              "Actual Total Time": 202.408,
                              "Actual Rows": 237060,
                              "Actual Loops": 3,
                              "Hash Buckets": 1048576,
                              "Original Hash Buckets": 1048576,
                              "Hash Batches": 1,
                              "Original Hash Batches": 1,
                              "Peak Memory Usage": 36064,
                              "Plans": [
                                {
                                  "Node Type": "Seq Scan",
                                  "Parent Relationship": "Outer",
                                  "Parallel Aware": true,
                                  "Relation Name": "title",
                                  "Alias": "t",
                                  "Startup Cost": 0.0,
                                  "Total Cost": 45479.59,
                                  "Plan Rows": 163128,
                                  "Plan Width": 4,
                                  "Actual Startup Time": 0.038,
                                  "Actual Total Time": 122.359,
                                  "Actual Rows": 237060,
                                  "Actual Loops": 3,
                                  "Filter": "((kind_id < 7) AND (production_year < 2008))",
                                  "Rows Removed by Filter": 605711
                                }
                              ]
                            }
                          ]
                        }
                      ]
                    }
                  ]
                }
              ]
            }
          ]
        }
      ]
    },
    "Planning Time": 0.486,
    "Triggers": [],
    "Execution Time": 690.162
  }
]