{
  "Plan": {
    "Node Type": "Aggregate",
    "Strategy": "Plain",
    "Partial Mode": "Finalize",
    "Parallel Aware": false,
    "Startup Cost": 120306.1,
    "Total Cost": 120306.11,
    "Plan Rows": 1,
    "Plan Width": 8,
    "Actual Startup Time": 739.574,
    "Actual Total Time": 756.501,
    "Actual Rows": 1,
    "Actual Loops": 1,
    "Plans": [
      {
        "Node Type": "Gather",
        "Parent Relationship": "Outer",
        "Parallel Aware": false,
        "Startup Cost": 120305.99,
        "Total Cost": 120306.1,
        "Plan Rows": 1,
        "Plan Width": 8,
        "Actual Startup Time": 736.575,
        "Actual Total Time": 756.495,
        "Actual Rows": 2,
        "Actual Loops": 1,
        "Workers Planned": 1,
        "Workers Launched": 1,
        "Single Copy": false,
        "Plans": [
          {
            "Node Type": "Aggregate",
            "Strategy": "Plain",
            "Partial Mode": "Partial",
            "Parent Relationship": "Outer",
            "Parallel Aware": false,
            "Startup Cost": 119305.99,
            "Total Cost": 119306.0,
            "Plan Rows": 1,
            "Plan Width": 8,
            "Actual Startup Time": 724.716,
            "Actual Total Time": 724.72,
            "Actual Rows": 1,
            "Actual Loops": 2,
            "Plans": [
              {
                "Node Type": "Hash Join",
                "Parent Relationship": "Outer",
                "Parallel Aware": true,
                "Join Type": "Inner",
                "Startup Cost": 86516.25,
                "Total Cost": 118123.62,
                "Plan Rows": 472950,
                "Plan Width": 0,
                "Actual Startup Time": 541.133,
                "Actual Total Time": 706.955,
                "Actual Rows": 396886,
                "Actual Loops": 2,
                "Inner Unique": true,
                "Hash Cond": "(mk.movie_id = t.id)",
                "Plans": [
                  {
                    "Node Type": "Bitmap Heap Scan",
                    "Parent Relationship": "Outer",
                    "Parallel Aware": true,
                    "Relation Name": "movie_keyword",
                    "Alias": "mk",
                    "Startup Cost": 17055.55,
                    "Total Cost": 47421.42,
                    "Plan Rows": 472950,
                    "Plan Width": 4,
                    "Actual Startup Time": 42.413,
                    "Actual Total Time": 117.859,
                    "Actual Rows": 396886,
                    "Actual Loops": 2,
                    "Recheck Cond": "(keyword_id > 23497)",
                    "Rows Removed by Index Recheck": 0,
                    "Exact Heap Blocks": 13311,
                    "Lossy Heap Blocks": 0,
                    "Plans": [
                      {
                        "Node Type": "Bitmap Index Scan",
                        "Parent Relationship": "Outer",
                        "Parallel Aware": false,
                        "Index Name": "keyword_id_movie_keyword",
                        "Startup Cost": 0.0,
                        "Total Cost": 16854.54,
                        "Plan Rows": 804015,
                        "Plan Width": 0,
                        "Actual Startup Time": 38.838,
                        "Actual Total Time": 38.839,
                        "Actual Rows": 793771,
                        "Actual Loops": 1,
                        "Index Cond": "(keyword_id > 23497)"
                      }
                    ]
                  },
                  {
                    "Node Type": "Hash",
                    "Parent Relationship": "Inner",
                    "Parallel Aware": true,
                    "Startup Cost": 50870.31,
                    "Total Cost": 50870.31,
                    "Plan Rows": 1487231,
                    "Plan Width": 4,
                    "Actual Startup Time": 477.895,
                    "Actual Total Time": 477.896,
                    "Actual Rows": 1264156,
                    "Actual Loops": 2,
                    "Hash Buckets": 4194304,
                    "Original Hash Buckets": 4194304,
                    "Hash Batches": 1,
                    "Original Hash Batches": 1,
                    "Peak Memory Usage": 131712,
                    "Plans": [
                      {
                        "Node Type": "Seq Scan",
                        "Parent Relationship": "Outer",
                        "Parallel Aware": true,
                        "Relation Name": "title",
                        "Alias": "t",
                        "Startup Cost": 0.0,
                        "Total Cost": 50870.31,
                        "Plan Rows": 1487231,
                        "Plan Width": 4,
                        "Actual Startup Time": 0.023,
                        "Actual Total Time": 143.603,
                        "Actual Rows": 1264156,
                        "Actual Loops": 2
                      }
                    ]
                  }
                ]
              }
            ]
          }
        ]
      }
    ]
  },
  "Planning Time": 0.645,
  "Triggers": [],
  "Execution Time": 756.588
}