[
  {
    "Plan": {
      "Node Type": "Aggregate",
      "Strategy": "Plain",
      "Partial Mode": "Finalize",
      "Parallel Aware": false,
      "Startup Cost": 45941.92,
      "Total Cost": 45941.93,
      "Plan Rows": 1,
      "Plan Width": 8,
      "Actual Startup Time": 196.641,
      "Actual Total Time": 207.499,
      "Actual Rows": 1,
      "Actual Loops": 1,
      "Plans": [
        {
          "Node Type": "Gather",
          "Parent Relationship": "Outer",
          "Parallel Aware": false,
          "Startup Cost": 45941.6,
          "Total Cost": 45941.91,
          "Plan Rows": 3,
          "Plan Width": 8,
          "Actual Startup Time": 196.508,
          "Actual Total Time": 207.49,
          "Actual Rows": 4,
          "Actual Loops": 1,
          "Workers Planned": 3,
          "Workers Launched": 3,
          "Single Copy": false,
          "Plans": [
            {
              "Node Type": "Aggregate",
              "Strategy": "Plain",
              "Partial Mode": "Partial",
              "Parent Relationship": "Outer",
              "Parallel Aware": false,
              "Startup Cost": 44941.6,
              "Total Cost": 44941.61,
              "Plan Rows": 1,
              "Plan Width": 8,
              "Actual Startup Time": 189.577,
              "Actual Total Time": 189.578,
              "Actual Rows": 1,
              "Actual Loops": 4,
              "Plans": [
                {
                  "Node Type": "Seq Scan",
                  "Parent Relationship": "Outer",
                  "Parallel Aware": true,
                  "Relation Name": "movie_keyword",
                  "Alias": "mk",
                  "Startup Cost": 0.0,
                  "Total Cost": 42695.65,
                  "Plan Rows": 898378,
                  "Plan Width": 0,
                  "Actual Startup Time": 0.207,
                  "Actual Total Time": 147.878,
                  "Actual Rows": 695984,
                  "Actual Loops": 4,
                  "Filter": "(keyword_id > 2840)",
                  "Rows Removed by Filter": 434999
                }
              ]
            }
          ]
        }
      ]
    },
    "Planning Time": 0.113,
    "Triggers": [],
    "Execution Time": 207.532
  }
]