[
  {
    "Plan": {
      "Node Type": "Aggregate",
      "Strategy": "Plain",
      "Partial Mode": "Finalize",
      "Parallel Aware": false,
      "Startup Cost": 382873.66,
      "Total Cost": 382873.67,
      "Plan Rows": 1,
      "Plan Width": 8,
      "Actual Startup Time": 1520.367,
      "Actual Total Time": 1562.414,
      "Actual Rows": 1,
      "Actual Loops": 1,
      "Plans": [
        {
          "Node Type": "Gather",
          "Parent Relationship": "Outer",
          "Parallel Aware": false,
          "Startup Cost": 382873.03,
          "Total Cost": 382873.64,
          "Plan Rows": 6,
          "Plan Width": 8,
          "Actual Startup Time": 1506.919,
          "Actual Total Time": 1562.404,
          "Actual Rows": 7,
          "Actual Loops": 1,
          "Workers Planned": 6,
          "Workers Launched": 6,
          "Single Copy": false,
          "Plans": [
            {
              "Node Type": "Aggregate",
              "Strategy": "Plain",
              "Partial Mode": "Partial",
              "Parent Relationship": "Outer",
              "Parallel Aware": false,
              "Startup Cost": 381873.03,
              "Total Cost": 381873.04,
              "Plan Rows": 1,
              "Plan Width": 8,
              "Actual Startup Time": 1494.148,
              "Actual Total Time": 1494.152,
              "Actual Rows": 1,
              "Actual Loops": 7,
              "Plans": [
                {
                  "Node Type": "Hash Join",
                  "Parent Relationship": "Outer",
                  "Parallel Aware": true,
                  "Join Type": "Inner",
                  "Startup Cost": 49126.11,
                  "Total Cost": 378937.95,
                  "Plan Rows": 1174033,
                  "Plan Width": 0,
                  "Actual Startup Time": 235.296,
                  "Actual Total Time": 1435.655,
                  "Actual Rows": 973709,
                  "Actual Loops": 7,
                  "Inner Unique": true,
                  "Hash Cond": "(ci.movie_id = t.id)",
                  "Plans": [
                    {
                      "Node Type": "Index Scan",
                      "Parent Relationship": "Outer",
                      "Parallel Aware": true,
                      "Scan Direction": "Forward",
                      "Index Name": "role_id_cast_info",
                      "Relation Name": "cast_info",
                      "Alias": "ci",
                      "Startup Cost": 0.56,
                      "Total Cost": 325153.08,
                      "Plan Rows": 1774975,
                      "Plan Width": 4,
                      "Actual Startup Time": 0.342,
                      "Actual Total Time": 492.519,
                      "Actual Rows": 1599764,
                      "Actual Loops": 7,
                      "Index Cond": "(role_id > 3)",
                      "Rows Removed by Index Recheck": 0,
                      "Filter": "(person_id > 437709)",
                      "Rows Removed by Filter": 130757
                    },
                    {
                      "Node Type": "Hash",
                      "Parent Relationship": "Inner",
                      "Parallel Aware": true,
                      "Startup Cost": 43899.32,
                      "Total Cost": 43899.32,
                      "Plan Rows": 418098,
                      "Plan Width": 4,
                      "Actual Startup Time": 231.313,
                      "Actual Total Time": 231.314,
                      "Actual Rows": 238756,
                      "Actual Loops": 7,
                      "Hash Buckets": 2097152,
                      "Original Hash Buckets": 2097152,
                      "Hash Batches": 1,
                      "Original Hash Batches": 1,
                      "Peak Memory Usage": 81856,
                      "Plans": [
                        {
                          "Node Type": "Seq Scan",
                          "Parent Relationship": "Outer",
                          "Parallel Aware": true,
                          "Relation Name": "title",
                          "Alias": "t",
                          "Startup Cost": 0.0,
                          "Total Cost": 43899.32,
                          "Plan Rows": 418098,
                          "Plan Width": 4,
                          "Actual Startup Time": 0.043,
                          "Actual Total Time": 103.181,
                          "Actual Rows": 238756,
                          "Actual Loops": 7,
                          "Filter": "(production_year < 2008)",
                          "Rows Removed by Filter": 122431
                        }
                      ]
                    }
                  ]
                }
              ]
            }
          ]
        }
      ]
    },
    "Planning Time": 0.311,
    "Triggers": [],
    "Execution Time": 1562.47
  }
]