[
  {
    "Plan": {
      "Node Type": "Aggregate",
      "Strategy": "Plain",
      "Partial Mode": "Finalize",
      "Parallel Aware": false,
      "Startup Cost": 87980.78,
      "Total Cost": 87980.79,
      "Plan Rows": 1,
      "Plan Width": 8,
      "Actual Startup Time": 215.077,
      "Actual Total Time": 227.649,
      "Actual Rows": 1,
      "Actual Loops": 1,
      "Plans": [
        {
          "Node Type": "Gather",
          "Parent Relationship": "Outer",
          "Parallel Aware": false,
          "Startup Cost": 87980.46,
          "Total Cost": 87980.77,
          "Plan Rows": 3,
          "Plan Width": 8,
          "Actual Startup Time": 214.654,
          "Actual Total Time": 227.642,
          "Actual Rows": 4,
          "Actual Loops": 1,
          "Workers Planned": 3,
          "Workers Launched": 3,
          "Single Copy": false,
          "Plans": [
            {
              "Node Type": "Aggregate",
              "Strategy": "Plain",
              "Partial Mode": "Partial",
              "Parent Relationship": "Outer",
              "Parallel Aware": false,
              "Startup Cost": 86980.46,
              "Total Cost": 86980.47,
              "Plan Rows": 1,
              "Plan Width": 8,
              "Actual Startup Time": 209.786,
              "Actual Total Time": 209.789,
              "Actual Rows": 1,
              "Actual Loops": 4,
              "Plans": [
                {
                  "Node Type": "Nested Loop",
                  "Parent Relationship": "Outer",
                  "Parallel Aware": false,
                  "Join Type": "Inner",
                  "Startup Cost": 57351.61,
                  "Total Cost": 86972.75,
                  "Plan Rows": 3083,
                  "Plan Width": 0,
                  "Actual Startup Time": 144.047,
                  "Actual Total Time": 209.173,
                  "Actual Rows": 11015,
                  "Actual Loops": 4,
                  "Inner Unique": false,
                  "Join Filter": "(t.id = mc.movie_id)",
                  "Rows Removed by Join Filter": 0,
                  "Plans": [
                    {
                      "Node Type": "Hash Join",
                      "Parent Relationship": "Outer",
                      "Parallel Aware": true,
                      "Join Type": "Inner",
                      "Startup Cost": 57351.18,
                      "Total Cost": 84503.69,
                      "Plan Rows": 3097,
                      "Plan Width": 8,
                      "Actual Startup Time": 143.932,
                      "Actual Total Time": 196.748,
                      "Actual Rows": 1276,
                      "Actual Loops": 4,
                      "Inner Unique": true,
                      "Hash Cond": "(mk.movie_id = t.id)",
                      "Plans": [
                        {
                          "Node Type": "Bitmap Heap Scan",
                          "Parent Relationship": "Outer",
                          "Parallel Aware": true,
                          "Relation Name": "movie_keyword",
                          "Alias": "mk",
                          "Startup Cost": 11734.83,
                          "Total Cost": 38419.01,
                          "Plan Rows": 178414,
                          "Plan Width": 4,
                          "Actual Startup Time": 42.994,
                          "Actual Total Time": 100.154,
                          "Actual Rows": 138932,
                          "Actual Loops": 4,
                          "Recheck Cond": "(keyword_id < 398)",
                          "Rows Removed by Index Recheck": 0,
                          "Exact Heap Blocks": 7125,
                          "Lossy Heap Blocks": 0,
                          "Plans": [
                            {
                              "Node Type": "Bitmap Index Scan",
                              "Parent Relationship": "Outer",
                              "Parallel Aware": false,
                              "Index Name": "keyword_id_movie_keyword",
                              "Startup Cost": 0.0,
                              "Total Cost": 11596.56,
                              "Plan Rows": 553084,
                              "Plan Width": 0,
                              "Actual Startup Time": 39.294,
                              "Actual Total Time": 39.295,
                              "Actual Rows": 555726,
                              "Actual Loops": 1,
                              "Index Cond": "(keyword_id < 398)"
                            }
                          ]
                        },
                        {
                          "Node Type": "Hash",
                          "Parent Relationship": "Inner",
                          "Parallel Aware": true,
                          "Startup Cost": 45479.21,
                          "Total Cost": 45479.21,
                          "Plan Rows": 10971,
                          "Plan Width": 4,
                          "Actual Startup Time": 77.293,
                          "Actual Total Time": 77.293,
                          "Actual Rows": 9890,
                          "Actual Loops": 4,
                          "Hash Buckets": 65536,
                          "Original Hash Buckets": 65536,
                          "Hash Batches": 1,
                          "Original Hash Batches": 1,
                          "Peak Memory Usage": 2112,
                          "Plans": [
                            {
                              "Node Type": "Seq Scan",
                              "Parent Relationship": "Outer",
                              "Parallel Aware": true,
                              "Relation Name": "title",
                              "Alias": "t",
                              "Startup Cost": 0.0,
                              "Total Cost": 45479.21,
                              "Plan Rows": 10971,
                              "Plan Width": 4,
                              "Actual Startup Time": 32.023,
                              "Actual Total Time": 73.908,
                              "Actual Rows": 9890,
                              "Actual Loops": 4,
                              "Filter": "((kind_id = 1) AND (production_year = 2012))",
                              "Rows Removed by Filter": 622188
                            }
                          ]
                        }
                      ]
                    },
                    {
                      "Node Type": "Index Scan",
                      "Parent Relationship": "Inner",
                      "Parallel Aware": false,
                      "Scan Direction": "Forward",
                      "Index Name": "movie_id_movie_companies",
                      "Relation Name": "movie_companies",
                      "Alias": "mc",
                      "Startup Cost": 0.43,
                      "Total Cost": 0.73,
                      "Plan Rows": 5,
                      "Plan Width": 4,
                      "Actual Startup Time": 0.006,
                      "Actual Total Time": 0.009,
                      "Actual Rows": 9,
                      "Actual Loops": 5103,
                      "Index Cond": "(movie_id = mk.movie_id)",
                      "Rows Removed by Index Recheck": 0,
                      "Filter": "(company_id < 161251)",
                      "Rows Removed by Filter": 0
                    }
                  ]
                }
              ]
            }
          ]
        }
      ]
    },
    "Planning Time": 0.435,
    "Triggers": [],
    "Execution Time": 227.697
  }
]