[
  {
    "Plan": {
      "Node Type": "Aggregate",
      "Strategy": "Plain",
      "Partial Mode": "Finalize",
      "Parallel Aware": false,
      "Startup Cost": 87481.83,
      "Total Cost": 87481.84,
      "Plan Rows": 1,
      "Plan Width": 8,
      "Actual Startup Time": 225.112,
      "Actual Total Time": 244.486,
      "Actual Rows": 1,
      "Actual Loops": 1,
      "Plans": [
        {
          "Node Type": "Gather",
          "Parent Relationship": "Outer",
          "Parallel Aware": false,
          "Startup Cost": 87481.52,
          "Total Cost": 87481.83,
          "Plan Rows": 3,
          "Plan Width": 8,
          "Actual Startup Time": 224.6,
          "Actual Total Time": 244.478,
          "Actual Rows": 4,
          "Actual Loops": 1,
          "Workers Planned": 3,
          "Workers Launched": 3,
          "Single Copy": false,
          "Plans": [
            {
              "Node Type": "Aggregate",
              "Strategy": "Plain",
              "Partial Mode": "Partial",
              "Parent Relationship": "Outer",
              "Parallel Aware": false,
              "Startup Cost": 86481.52,
              "Total Cost": 86481.53,
              "Plan Rows": 1,
              "Plan Width": 8,
              "Actual Startup Time": 215.208,
              "Actual Total Time": 215.212,
              "Actual Rows": 1,
              "Actual Loops": 4,
              "Plans": [
                {
                  "Node Type": "Nested Loop",
                  "Parent Relationship": "Outer",
                  "Parallel Aware": false,
                  "Join Type": "Inner",
                  "Startup Cost": 57056.83,
                  "Total Cost": 86474.3,
                  "Plan Rows": 2885,
                  "Plan Width": 0,
                  "Actual Startup Time": 148.045,
                  "Actual Total Time": 214.681,
                  "Actual Rows": 11015,
                  "Actual Loops": 4,
                  "Inner Unique": false,
                  "Join Filter": "(t.id = mc.movie_id)",
                  "Rows Removed by Join Filter": 0,
                  "Plans": [
                    {
                      "Node Type": "Hash Join",
                      "Parent Relationship": "Outer",
                      "Parallel Aware": true,
                      "Join Type": "Inner",
                      "Startup Cost": 57056.4,
                      "Total Cost": 84142.5,
                      "Plan Rows": 2906,
                      "Plan Width": 8,
                      "Actual Startup Time": 147.896,
                      "Actual Total Time": 202.314,
                      "Actual Rows": 1276,
                      "Actual Loops": 4,
                      "Inner Unique": true,
                      "Hash Cond": "(mk.movie_id = t.id)",
                      "Plans": [
                        {
                          "Node Type": "Bitmap Heap Scan",
                          "Parent Relationship": "Outer",
                          "Parallel Aware": true,
                          "Relation Name": "movie_keyword",
                          "Alias": "mk",
                          "Startup Cost": 11445.34,
                          "Total Cost": 38074.63,
                          "Plan Rows": 174023,
                          "Plan Width": 4,
                          "Actual Startup Time": 29.808,
                          "Actual Total Time": 86.238,
                          "Actual Rows": 138932,
                          "Actual Loops": 4,
                          "Recheck Cond": "(keyword_id < 398)",
                          "Rows Removed by Index Recheck": 0,
                          "Exact Heap Blocks": 9177,
                          "Lossy Heap Blocks": 0,
                          "Plans": [
                            {
                              "Node Type": "Bitmap Index Scan",
                              "Parent Relationship": "Outer",
                              "Parallel Aware": false,
                              "Index Name": "keyword_id_movie_keyword",
                              "Startup Cost": 0.0,
                              "Total Cost": 11310.47,
                              "Plan Rows": 539472,
                              "Plan Width": 0,
                              "Actual Startup Time": 26.08,
                              "Actual Total Time": 26.081,
                              "Actual Rows": 555726,
                              "Actual Loops": 1,
                              "Index Cond": "(keyword_id < 398)"
                            }
                          ]
                        },
                        {
                          "Node Type": "Hash",
                          "Parent Relationship": "Inner",
                          "Parallel Aware": true,
                          "Startup Cost": 45479.1,
                          "Total Cost": 45479.1,
                          "Plan Rows": 10557,
                          "Plan Width": 4,
                          "Actual Startup Time": 96.328,
                          "Actual Total Time": 96.328,
                          "Actual Rows": 9890,
                          "Actual Loops": 4,
                          "Hash Buckets": 65536,
                          "Original Hash Buckets": 65536,
                          "Hash Batches": 1,
                          "Original Hash Batches": 1,
                          "Peak Memory Usage": 2144,
                          "Plans": [
                            {
                              "Node Type": "Seq Scan",
                              "Parent Relationship": "Outer",
                              "Parallel Aware": true,
                              "Relation Name": "title",
                              "Alias": "t",
                              "Startup Cost": 0.0,
                              "Total Cost": 45479.1,
                              "Plan Rows": 10557,
                              "Plan Width": 4,
                              "Actual Startup Time": 45.38,
                              "Actual Total Time": 92.949,
                              "Actual Rows": 9890,
                              "Actual Loops": 4,
                              "Filter": "((kind_id = 1) AND (production_year = 2012))",
                              "Rows Removed by Filter": 622188
                            }
                          ]
                        }
                      ]
                    },
                    {
                      "Node Type": "Index Scan",
                      "Parent Relationship": "Inner",
                      "Parallel Aware": false,
                      "Scan Direction": "Forward",
                      "Index Name": "movie_id_movie_companies",
                      "Relation Name": "movie_companies",
                      "Alias": "mc",
                      "Startup Cost": 0.43,
                      "Total Cost": 0.74,
                      "Plan Rows": 5,
                      "Plan Width": 4,
                      "Actual Startup Time": 0.006,
                      "Actual Total Time": 0.009,
                      "Actual Rows": 9,
                      "Actual Loops": 5103,
                      "Index Cond": "(movie_id = mk.movie_id)",
                      "Rows Removed by Index Recheck": 0,
                      "Filter": "(company_id < 161251)",
                      "Rows Removed by Filter": 0
                    }
                  ]
                }
              ]
            }
          ]
        }
      ]
    },
    "Planning Time": 1.446,
    "Triggers": [],
    "Execution Time": 244.609
  }
]