[
  {
    "Plan": {
      "Node Type": "Aggregate",
      "Strategy": "Plain",
      "Partial Mode": "Finalize",
      "Parallel Aware": false,
      "Startup Cost": 334234.93,
      "Total Cost": 334234.94,
      "Plan Rows": 1,
      "Plan Width": 8,
      "Actual Startup Time": 663.794,
      "Actual Total Time": 719.431,
      "Actual Rows": 1,
      "Actual Loops": 1,
      "Plans": [
        {
          "Node Type": "Gather",
          "Parent Relationship": "Outer",
          "Parallel Aware": false,
          "Startup Cost": 334234.31,
          "Total Cost": 334234.92,
          "Plan Rows": 6,
          "Plan Width": 8,
          "Actual Startup Time": 663.678,
          "Actual Total Time": 719.422,
          "Actual Rows": 7,
          "Actual Loops": 1,
          "Workers Planned": 6,
          "Workers Launched": 6,
          "Single Copy": false,
          "Plans": [
            {
              "Node Type": "Aggregate",
              "Strategy": "Plain",
              "Partial Mode": "Partial",
              "Parent Relationship": "Outer",
              "Parallel Aware": false,
              "Startup Cost": 333234.31,
              "Total Cost": 333234.32,
              "Plan Rows": 1,
              "Plan Width": 8,
              "Actual Startup Time": 655.602,
              "Actual Total Time": 655.603,
              "Actual Rows": 1,
              "Actual Loops": 7,
              "Plans": [
                {
                  "Node Type": "Seq Scan",
                  "Parent Relationship": "Outer",
                  "Parallel Aware": true,
                  "Relation Name": "cast_info",
                  "Alias": "ci",
                  "Startup Cost": 0.0,
                  "Total Cost": 328162.03,
                  "Plan Rows": 2028913,
                  "Plan Width": 0,
                  "Actual Startup Time": 0.044,
                  "Actual Total Time": 576.595,
                  "Actual Rows": 1736431,
                  "Actual Loops": 7,
                  "Filter": "(person_id < 1197449)",
                  "Rows Removed by Filter": 3441332
                }
              ]
            }
          ]
        }
      ]
    },
    "Planning Time": 0.207,
    "Triggers": [],
    "Execution Time": 719.506
  }
]