[
    {
        "Bao": {
            "Bao prediction": "NaN",
            "Bao recommended hint": "(no hint)"
        }
    },
    {
        "Plan": {
            "Node Type": "Aggregate",
            "Strategy": "Plain",
            "Partial Mode": "Finalize",
            "Parallel Aware": false,
            "Startup Cost": 83392.24,
            "Total Cost": 83392.25,
            "Plan Rows": 1,
            "Plan Width": 8,
            "Actual Startup Time": 144.761,
            "Actual Total Time": 159.217,
            "Actual Rows": 1,
            "Actual Loops": 1,
            "Output": [
                "count(*)"
            ],
            "Plans": [
                {
                    "Node Type": "Gather",
                    "Parent Relationship": "Outer",
                    "Parallel Aware": false,
                    "Startup Cost": 83391.82,
                    "Total Cost": 83392.23,
                    "Plan Rows": 4,
                    "Plan Width": 8,
                    "Actual Startup Time": 144.661,
                    "Actual Total Time": 159.209,
                    "Actual Rows": 5,
                    "Actual Loops": 1,
                    "Output": [
                        "(PARTIAL count(*))"
                    ],
                    "Workers Planned": 4,
                    "Workers Launched": 4,
                    "Single Copy": false,
                    "Plans": [
                        {
                            "Node Type": "Aggregate",
                            "Strategy": "Plain",
                            "Partial Mode": "Partial",
                            "Parent Relationship": "Outer",
                            "Parallel Aware": false,
                            "Startup Cost": 82391.82,
                            "Total Cost": 82391.83,
                            "Plan Rows": 1,
                            "Plan Width": 8,
                            "Actual Startup Time": 133.929,
                            "Actual Total Time": 133.931,
                            "Actual Rows": 1,
                            "Actual Loops": 5,
                            "Output": [
                                "PARTIAL count(*)"
                            ],
                            "Workers": [
                                {
                                    "Worker Number": 0,
                                    "Actual Startup Time": 131.307,
                                    "Actual Total Time": 131.309,
                                    "Actual Rows": 1,
                                    "Actual Loops": 1
                                },
                                {
                                    "Worker Number": 1,
                                    "Actual Startup Time": 131.156,
                                    "Actual Total Time": 131.157,
                                    "Actual Rows": 1,
                                    "Actual Loops": 1
                                },
                                {
                                    "Worker Number": 2,
                                    "Actual Startup Time": 131.145,
                                    "Actual Total Time": 131.147,
                                    "Actual Rows": 1,
                                    "Actual Loops": 1
                                },
                                {
                                    "Worker Number": 3,
                                    "Actual Startup Time": 131.954,
                                    "Actual Total Time": 131.955,
                                    "Actual Rows": 1,
                                    "Actual Loops": 1
                                }
                            ],
                            "Plans": [
                                {
                                    "Node Type": "Nested Loop",
                                    "Parent Relationship": "Outer",
                                    "Parallel Aware": false,
                                    "Join Type": "Inner",
                                    "Startup Cost": 0.43,
                                    "Total Cost": 82368.96,
                                    "Plan Rows": 9144,
                                    "Plan Width": 0,
                                    "Actual Startup Time": 0.924,
                                    "Actual Total Time": 132.7,
                                    "Actual Rows": 19224,
                                    "Actual Loops": 5,
                                    "Inner Unique": false,
                                    "Workers": [
                                        {
                                            "Worker Number": 0,
                                            "Actual Startup Time": 1.381,
                                            "Actual Total Time": 130.155,
                                            "Actual Rows": 13608,
                                            "Actual Loops": 1
                                        },
                                        {
                                            "Worker Number": 1,
                                            "Actual Startup Time": 1.778,
                                            "Actual Total Time": 130.086,
                                            "Actual Rows": 17768,
                                            "Actual Loops": 1
                                        },
                                        {
                                            "Worker Number": 2,
                                            "Actual Startup Time": 0.824,
                                            "Actual Total Time": 130.099,
                                            "Actual Rows": 17155,
                                            "Actual Loops": 1
                                        },
                                        {
                                            "Worker Number": 3,
                                            "Actual Startup Time": 0.525,
                                            "Actual Total Time": 130.916,
                                            "Actual Rows": 19471,
                                            "Actual Loops": 1
                                        }
                                    ],
                                    "Plans": [
                                        {
                                            "Node Type": "Seq Scan",
                                            "Parent Relationship": "Outer",
                                            "Parallel Aware": true,
                                            "Relation Name": "title",
                                            "Schema": "public",
                                            "Alias": "t",
                                            "Startup Cost": 0.0,
                                            "Total Cost": 45479.21,
                                            "Plan Rows": 5110,
                                            "Plan Width": 4,
                                            "Actual Startup Time": 0.136,
                                            "Actual Total Time": 88.295,
                                            "Actual Rows": 3471,
                                            "Actual Loops": 5,
                                            "Output": [
                                                "t.id",
                                                "t.title",
                                                "t.imdb_index",
                                                "t.kind_id",
                                                "t.production_year",
                                                "t.imdb_id",
                                                "t.phonetic_code",
                                                "t.episode_of_id",
                                                "t.season_nr",
                                                "t.episode_nr",
                                                "t.series_years",
                                                "t.md5sum"
                                            ],
                                            "Filter": "((t.kind_id < 7) AND (t.production_year = 2000))",
                                            "Rows Removed by Filter": 502191,
                                            "Workers": [
                                                {
                                                    "Worker Number": 0,
                                                    "Actual Startup Time": 0.061,
                                                    "Actual Total Time": 83.918,
                                                    "Actual Rows": 2435,
                                                    "Actual Loops": 1
                                                },
                                                {
                                                    "Worker Number": 1,
                                                    "Actual Startup Time": 0.128,
                                                    "Actual Total Time": 83.278,
                                                    "Actual Rows": 3261,
                                                    "Actual Loops": 1
                                                },
                                                {
                                                    "Worker Number": 2,
                                                    "Actual Startup Time": 0.127,
                                                    "Actual Total Time": 82.791,
                                                    "Actual Rows": 3273,
                                                    "Actual Loops": 1
                                                },
                                                {
                                                    "Worker Number": 3,
                                                    "Actual Startup Time": 0.326,
                                                    "Actual Total Time": 84.153,
                                                    "Actual Rows": 3400,
                                                    "Actual Loops": 1
                                                }
                                            ]
                                        },
                                        {
                                            "Node Type": "Index Only Scan",
                                            "Parent Relationship": "Inner",
                                            "Parallel Aware": false,
                                            "Scan Direction": "Forward",
                                            "Index Name": "movie_id_movie_keyword",
                                            "Relation Name": "movie_keyword",
                                            "Schema": "public",
                                            "Alias": "mk",
                                            "Startup Cost": 0.43,
                                            "Total Cost": 6.76,
                                            "Plan Rows": 46,
                                            "Plan Width": 4,
                                            "Actual Startup Time": 0.011,
                                            "Actual Total Time": 0.012,
                                            "Actual Rows": 6,
                                            "Actual Loops": 17357,
                                            "Output": [
                                                "mk.movie_id"
                                            ],
                                            "Index Cond": "(mk.movie_id = t.id)",
                                            "Rows Removed by Index Recheck": 0,
                                            "Heap Fetches": 96120,
                                            "Workers": [
                                                {
                                                    "Worker Number": 0,
                                                    "Actual Startup Time": 0.016,
                                                    "Actual Total Time": 0.018,
                                                    "Actual Rows": 6,
                                                    "Actual Loops": 2435
                                                },
                                                {
                                                    "Worker Number": 1,
                                                    "Actual Startup Time": 0.013,
                                                    "Actual Total Time": 0.013,
                                                    "Actual Rows": 5,
                                                    "Actual Loops": 3261
                                                },
                                                {
                                                    "Worker Number": 2,
                                                    "Actual Startup Time": 0.013,
                                                    "Actual Total Time": 0.014,
                                                    "Actual Rows": 5,
                                                    "Actual Loops": 3273
                                                },
                                                {
                                                    "Worker Number": 3,
                                                    "Actual Startup Time": 0.012,
                                                    "Actual Total Time": 0.013,
                                                    "Actual Rows": 6,
                                                    "Actual Loops": 3400
                                                }
                                            ]
                                        }
                                    ]
                                }
                            ]
                        }
                    ]
                }
            ]
        },
        "Planning Time": 315.177,
        "Triggers": [],
        "Execution Time": 159.339
    }
]