[
  {
    "Plan": {
      "Node Type": "Aggregate",
      "Strategy": "Plain",
      "Partial Mode": "Finalize",
      "Parallel Aware": false,
      "Startup Cost": 45502.75,
      "Total Cost": 45502.76,
      "Plan Rows": 1,
      "Plan Width": 8,
      "Actual Startup Time": 132.003,
      "Actual Total Time": 141.49,
      "Actual Rows": 1,
      "Actual Loops": 1,
      "Plans": [
        {
          "Node Type": "Gather",
          "Parent Relationship": "Outer",
          "Parallel Aware": false,
          "Startup Cost": 45502.43,
          "Total Cost": 45502.74,
          "Plan Rows": 3,
          "Plan Width": 8,
          "Actual Startup Time": 131.855,
          "Actual Total Time": 141.482,
          "Actual Rows": 4,
          "Actual Loops": 1,
          "Workers Planned": 3,
          "Workers Launched": 3,
          "Single Copy": false,
          "Plans": [
            {
              "Node Type": "Aggregate",
              "Strategy": "Plain",
              "Partial Mode": "Partial",
              "Parent Relationship": "Outer",
              "Parallel Aware": false,
              "Startup Cost": 44502.43,
              "Total Cost": 44502.44,
              "Plan Rows": 1,
              "Plan Width": 8,
              "Actual Startup Time": 128.105,
              "Actual Total Time": 128.106,
              "Actual Rows": 1,
              "Actual Loops": 4,
              "Plans": [
                {
                  "Node Type": "Seq Scan",
                  "Parent Relationship": "Outer",
                  "Parallel Aware": true,
                  "Relation Name": "movie_keyword",
                  "Alias": "mk",
                  "Startup Cost": 0.0,
                  "Total Cost": 42695.65,
                  "Plan Rows": 722710,
                  "Plan Width": 0,
                  "Actual Startup Time": 0.336,
                  "Actual Total Time": 105.228,
                  "Actual Rows": 557494,
                  "Actual Loops": 4,
                  "Filter": "(keyword_id > 4902)",
                  "Rows Removed by Filter": 573488
                }
              ]
            }
          ]
        }
      ]
    },
    "Planning Time": 0.103,
    "Triggers": [],
    "Execution Time": 141.522
  }
]