[
  {
    "Plan": {
      "Node Type": "Aggregate",
      "Strategy": "Plain",
      "Partial Mode": "Finalize",
      "Parallel Aware": false,
      "Startup Cost": 41170.19,
      "Total Cost": 41170.2,
      "Plan Rows": 1,
      "Plan Width": 8,
      "Actual Startup Time": 96.03,
      "Actual Total Time": 101.627,
      "Actual Rows": 1,
      "Actual Loops": 1,
      "Plans": [
        {
          "Node Type": "Gather",
          "Parent Relationship": "Outer",
          "Parallel Aware": false,
          "Startup Cost": 41169.97,
          "Total Cost": 41170.18,
          "Plan Rows": 2,
          "Plan Width": 8,
          "Actual Startup Time": 95.844,
          "Actual Total Time": 101.621,
          "Actual Rows": 3,
          "Actual Loops": 1,
          "Workers Planned": 2,
          "Workers Launched": 2,
          "Single Copy": false,
          "Plans": [
            {
              "Node Type": "Aggregate",
              "Strategy": "Plain",
              "Partial Mode": "Partial",
              "Parent Relationship": "Outer",
              "Parallel Aware": false,
              "Startup Cost": 40169.97,
              "Total Cost": 40169.98,
              "Plan Rows": 1,
              "Plan Width": 8,
              "Actual Startup Time": 87.666,
              "Actual Total Time": 87.668,
              "Actual Rows": 1,
              "Actual Loops": 3,
              "Plans": [
                {
                  "Node Type": "Nested Loop",
                  "Parent Relationship": "Outer",
                  "Parallel Aware": false,
                  "Join Type": "Inner",
                  "Startup Cost": 17294.14,
                  "Total Cost": 40165.73,
                  "Plan Rows": 1698,
                  "Plan Width": 0,
                  "Actual Startup Time": 50.102,
                  "Actual Total Time": 87.625,
                  "Actual Rows": 473,
                  "Actual Loops": 3,
                  "Inner Unique": true,
                  "Join Filter": "(mc.movie_id = t.id)",
                  "Rows Removed by Join Filter": 0,
                  "Plans": [
                    {
                      "Node Type": "Hash Join",
                      "Parent Relationship": "Outer",
                      "Parallel Aware": true,
                      "Join Type": "Inner",
                      "Startup Cost": 17293.71,
                      "Total Cost": 34381.14,
                      "Plan Rows": 8838,
                      "Plan Width": 8,
                      "Actual Startup Time": 50.037,
                      "Actual Total Time": 85.309,
                      "Actual Rows": 473,
                      "Actual Loops": 3,
                      "Inner Unique": false,
                      "Hash Cond": "(mi_idx.movie_id = mc.movie_id)",
                      "Plans": [
                        {
                          "Node Type": "Seq Scan",
                          "Parent Relationship": "Outer",
                          "Parallel Aware": true,
                          "Relation Name": "movie_info_idx",
                          "Alias": "mi_idx",
                          "Startup Cost": 0.0,
                          "Total Cost": 15122.68,
                          "Plan Rows": 385585,
                          "Plan Width": 4,
                          "Actual Startup Time": 0.039,
                          "Actual Total Time": 45.897,
                          "Actual Rows": 306703,
                          "Actual Loops": 3,
                          "Filter": "(info_type_id > 99)",
                          "Rows Removed by Filter": 153308
                        },
                        {
                          "Node Type": "Hash",
                          "Parent Relationship": "Inner",
                          "Parallel Aware": true,
                          "Startup Cost": 17235.73,
                          "Total Cost": 17235.73,
                          "Plan Rows": 4638,
                          "Plan Width": 4,
                          "Actual Startup Time": 15.302,
                          "Actual Total Time": 15.303,
                          "Actual Rows": 3939,
                          "Actual Loops": 3,
                          "Hash Buckets": 16384,
                          "Original Hash Buckets": 16384,
                          "Hash Batches": 1,
                          "Original Hash Batches": 1,
                          "Peak Memory Usage": 672,
                          "Plans": [
                            {
                              "Node Type": "Bitmap Heap Scan",
                              "Parent Relationship": "Outer",
                              "Parallel Aware": true,
                              "Relation Name": "movie_companies",
                              "Alias": "mc",
                              "Startup Cost": 242.7,
                              "Total Cost": 17235.73,
                              "Plan Rows": 4638,
                              "Plan Width": 4,
                              "Actual Startup Time": 1.767,
                              "Actual Total Time": 12.709,
                              "Actual Rows": 3939,
                              "Actual Loops": 3,
                              "Recheck Cond": "(company_id = 11203)",
                              "Rows Removed by Index Recheck": 0,
                              "Exact Heap Blocks": 2803,
                              "Lossy Heap Blocks": 0,
                              "Plans": [
                                {
                                  "Node Type": "Bitmap Index Scan",
                                  "Parent Relationship": "Outer",
                                  "Parallel Aware": false,
                                  "Index Name": "company_id_movie_companies",
                                  "Startup Cost": 0.0,
                                  "Total Cost": 239.92,
                                  "Plan Rows": 11132,
                                  "Plan Width": 0,
                                  "Actual Startup Time": 3.305,
                                  "Actual Total Time": 3.305,
                                  "Actual Rows": 11817,
                                  "Actual Loops": 1,
                                  "Index Cond": "(company_id = 11203)"
                                }
                              ]
                            }
                          ]
                        }
                      ]
                    },
                    {
                      "Node Type": "Index Only Scan",
                      "Parent Relationship": "Inner",
                      "Parallel Aware": false,
                      "Scan Direction": "Forward",
                      "Index Name": "title_pkey",
                      "Relation Name": "title",
                      "Alias": "t",
                      "Startup Cost": 0.43,
                      "Total Cost": 0.64,
                      "Plan Rows": 1,
                      "Plan Width": 4,
                      "Actual Startup Time": 0.005,
                      "Actual Total Time": 0.005,
                      "Actual Rows": 1,
                      "Actual Loops": 1420,
                      "Index Cond": "(id = mi_idx.movie_id)",
                      "Rows Removed by Index Recheck": 0,
                      "Heap Fetches": 1420
                    }
                  ]
                }
              ]
            }
          ]
        }
      ]
    },
    "Planning Time": 1.417,
    "Triggers": [],
    "Execution Time": 101.726
  }
]