[
  {
    "Plan": {
      "Node Type": "Aggregate",
      "Strategy": "Plain",
      "Partial Mode": "Finalize",
      "Parallel Aware": false,
      "Startup Cost": 46900.7,
      "Total Cost": 46900.71,
      "Plan Rows": 1,
      "Plan Width": 8,
      "Actual Startup Time": 185.426,
      "Actual Total Time": 195.5,
      "Actual Rows": 1,
      "Actual Loops": 1,
      "Plans": [
        {
          "Node Type": "Gather",
          "Parent Relationship": "Outer",
          "Parallel Aware": false,
          "Startup Cost": 46900.39,
          "Total Cost": 46900.7,
          "Plan Rows": 3,
          "Plan Width": 8,
          "Actual Startup Time": 185.264,
          "Actual Total Time": 195.49,
          "Actual Rows": 4,
          "Actual Loops": 1,
          "Workers Planned": 3,
          "Workers Launched": 3,
          "Single Copy": false,
          "Plans": [
            {
              "Node Type": "Aggregate",
              "Strategy": "Plain",
              "Partial Mode": "Partial",
              "Parent Relationship": "Outer",
              "Parallel Aware": false,
              "Startup Cost": 45900.39,
              "Total Cost": 45900.4,
              "Plan Rows": 1,
              "Plan Width": 8,
              "Actual Startup Time": 176.498,
              "Actual Total Time": 176.5,
              "Actual Rows": 1,
              "Actual Loops": 4,
              "Plans": [
                {
                  "Node Type": "Seq Scan",
                  "Parent Relationship": "Outer",
                  "Parallel Aware": true,
                  "Relation Name": "movie_keyword",
                  "Alias": "mk",
                  "Startup Cost": 0.0,
                  "Total Cost": 42695.65,
                  "Plan Rows": 1281893,
                  "Plan Width": 0,
                  "Actual Startup Time": 0.046,
                  "Actual Total Time": 128.566,
                  "Actual Rows": 993399,
                  "Actual Loops": 4,
                  "Filter": "(keyword_id < 33498)",
                  "Rows Removed by Filter": 137584
                }
              ]
            }
          ]
        }
      ]
    },
    "Planning Time": 0.188,
    "Triggers": [],
    "Execution Time": 195.555
  }
]