[
  {
    "Plan": {
      "Node Type": "Aggregate",
      "Strategy": "Plain",
      "Partial Mode": "Finalize",
      "Parallel Aware": false,
      "Startup Cost": 126761.19,
      "Total Cost": 126761.2,
      "Plan Rows": 1,
      "Plan Width": 8,
      "Actual Startup Time": 522.157,
      "Actual Total Time": 568.761,
      "Actual Rows": 1,
      "Actual Loops": 1,
      "Plans": [
        {
          "Node Type": "Gather",
          "Parent Relationship": "Outer",
          "Parallel Aware": false,
          "Startup Cost": 126760.87,
          "Total Cost": 126761.18,
          "Plan Rows": 3,
          "Plan Width": 8,
          "Actual Startup Time": 521.502,
          "Actual Total Time": 568.754,
          "Actual Rows": 4,
          "Actual Loops": 1,
          "Workers Planned": 3,
          "Workers Launched": 3,
          "Single Copy": false,
          "Plans": [
            {
              "Node Type": "Aggregate",
              "Strategy": "Plain",
              "Partial Mode": "Partial",
              "Parent Relationship": "Outer",
              "Parallel Aware": false,
              "Startup Cost": 125760.87,
              "Total Cost": 125760.88,
              "Plan Rows": 1,
              "Plan Width": 8,
              "Actual Startup Time": 516.861,
              "Actual Total Time": 516.865,
              "Actual Rows": 1,
              "Actual Loops": 4,
              "Plans": [
                {
                  "Node Type": "Nested Loop",
                  "Parent Relationship": "Outer",
                  "Parallel Aware": false,
                  "Join Type": "Inner",
                  "Startup Cost": 44209.76,
                  "Total Cost": 125749.54,
                  "Plan Rows": 4535,
                  "Plan Width": 0,
                  "Actual Startup Time": 100.032,
                  "Actual Total Time": 515.166,
                  "Actual Rows": 35496,
                  "Actual Loops": 4,
                  "Inner Unique": false,
                  "Join Filter": "(t.id = mi.movie_id)",
                  "Rows Removed by Join Filter": 0,
                  "Plans": [
                    {
                      "Node Type": "Hash Join",
                      "Parent Relationship": "Outer",
                      "Parallel Aware": true,
                      "Join Type": "Inner",
                      "Startup Cost": 44209.32,
                      "Total Cost": 75590.06,
                      "Plan Rows": 30939,
                      "Plan Width": 8,
                      "Actual Startup Time": 99.245,
                      "Actual Total Time": 238.174,
                      "Actual Rows": 20902,
                      "Actual Loops": 4,
                      "Inner Unique": true,
                      "Hash Cond": "(mc.movie_id = t.id)",
                      "Plans": [
                        {
                          "Node Type": "Seq Scan",
                          "Parent Relationship": "Outer",
                          "Parallel Aware": true,
                          "Relation Name": "movie_companies",
                          "Alias": "mc",
                          "Startup Cost": 0.0,
                          "Total Cost": 29310.68,
                          "Plan Rows": 788592,
                          "Plan Width": 4,
                          "Actual Startup Time": 0.013,
                          "Actual Total Time": 70.236,
                          "Actual Rows": 611755,
                          "Actual Loops": 4,
                          "Filter": "(company_id > 27)",
                          "Rows Removed by Filter": 40528
                        },
                        {
                          "Node Type": "Hash",
                          "Parent Relationship": "Inner",
                          "Parallel Aware": true,
                          "Startup Cost": 43899.32,
                          "Total Cost": 43899.32,
                          "Plan Rows": 24800,
                          "Plan Width": 4,
                          "Actual Startup Time": 97.486,
                          "Actual Total Time": 97.487,
                          "Actual Rows": 23751,
                          "Actual Loops": 4,
                          "Hash Buckets": 131072,
                          "Original Hash Buckets": 131072,
                          "Hash Batches": 1,
                          "Original Hash Batches": 1,
                          "Peak Memory Usage": 4832,
                          "Plans": [
                            {
                              "Node Type": "Seq Scan",
                              "Parent Relationship": "Outer",
                              "Parallel Aware": true,
                              "Relation Name": "title",
                              "Alias": "t",
                              "Startup Cost": 0.0,
                              "Total Cost": 43899.32,
                              "Plan Rows": 24800,
                              "Plan Width": 4,
                              "Actual Startup Time": 0.025,
                              "Actual Total Time": 87.581,
                              "Actual Rows": 23751,
                              "Actual Loops": 4,
                              "Filter": "(production_year = 2005)",
                              "Rows Removed by Filter": 608327
                            }
                          ]
                        }
                      ]
                    },
                    {
                      "Node Type": "Index Scan",
                      "Parent Relationship": "Inner",
                      "Parallel Aware": false,
                      "Scan Direction": "Forward",
                      "Index Name": "movie_id_movie_info",
                      "Relation Name": "movie_info",
                      "Alias": "mi",
                      "Startup Cost": 0.43,
                      "Total Cost": 1.61,
                      "Plan Rows": 1,
                      "Plan Width": 4,
                      "Actual Startup Time": 0.011,
                      "Actual Total Time": 0.013,
                      "Actual Rows": 2,
                      "Actual Loops": 83610,
                      "Index Cond": "(movie_id = mc.movie_id)",
                      "Rows Removed by Index Recheck": 0,
                      "Filter": "(info_type_id = 17)",
                      "Rows Removed by Filter": 29
                    }
                  ]
                }
              ]
            }
          ]
        }
      ]
    },
    "Planning Time": 1.537,
    "Triggers": [],
    "Execution Time": 568.857
  }
]