{
  "Plan": {
    "Node Type": "Aggregate",
    "Strategy": "Plain",
    "Partial Mode": "Finalize",
    "Parallel Aware": false,
    "Startup Cost": 540508.73,
    "Total Cost": 540508.74,
    "Plan Rows": 1,
    "Plan Width": 8,
    "Actual Startup Time": 1054.463,
    "Actual Total Time": 1083.3,
    "Actual Rows": 1,
    "Actual Loops": 1,
    "Plans": [
      {
        "Node Type": "Gather",
        "Parent Relationship": "Outer",
        "Parallel Aware": false,
        "Startup Cost": 540508.62,
        "Total Cost": 540508.73,
        "Plan Rows": 1,
        "Plan Width": 8,
        "Actual Startup Time": 1053.994,
        "Actual Total Time": 1083.292,
        "Actual Rows": 2,
        "Actual Loops": 1,
        "Workers Planned": 1,
        "Workers Launched": 1,
        "Single Copy": false,
        "Plans": [
          {
            "Node Type": "Aggregate",
            "Strategy": "Plain",
            "Partial Mode": "Partial",
            "Parent Relationship": "Outer",
            "Parallel Aware": false,
            "Startup Cost": 539508.62,
            "Total Cost": 539508.63,
            "Plan Rows": 1,
            "Plan Width": 8,
            "Actual Startup Time": 1048.051,
            "Actual Total Time": 1048.056,
            "Actual Rows": 1,
            "Actual Loops": 2,
            "Plans": [
              {
                "Node Type": "Hash Join",
                "Parent Relationship": "Outer",
                "Parallel Aware": true,
                "Join Type": "Inner",
                "Startup Cost": 215082.4,
                "Total Cost": 539433.69,
                "Plan Rows": 29972,
                "Plan Width": 0,
                "Actual Startup Time": 735.38,
                "Actual Total Time": 1047.18,
                "Actual Rows": 11496,
                "Actual Loops": 2,
                "Inner Unique": true,
                "Hash Cond": "(ci.movie_id = t.id)",
                "Plans": [
                  {
                    "Node Type": "Bitmap Heap Scan",
                    "Parent Relationship": "Outer",
                    "Parallel Aware": true,
                    "Relation Name": "cast_info",
                    "Alias": "ci",
                    "Startup Cost": 160295.71,
                    "Total Cost": 477270.84,
                    "Plan Rows": 2809963,
                    "Plan Width": 4,
                    "Actual Startup Time": 584.173,
                    "Actual Total Time": 781.107,
                    "Actual Rows": 1042320,
                    "Actual Loops": 2,
                    "Recheck Cond": "(person_id < 724809)",
                    "Rows Removed by Index Recheck": 0,
                    "Filter": "(role_id > 1)",
                    "Rows Removed by Filter": 2699880,
                    "Exact Heap Blocks": 53007,
                    "Lossy Heap Blocks": 0,
                    "Plans": [
                      {
                        "Node Type": "Bitmap Index Scan",
                        "Parent Relationship": "Outer",
                        "Parallel Aware": false,
                        "Index Name": "person_id_cast_info",
                        "Startup Cost": 0.0,
                        "Total Cost": 159101.48,
                        "Plan Rows": 7285988,
                        "Plan Width": 0,
                        "Actual Startup Time": 284.178,
                        "Actual Total Time": 284.178,
                        "Actual Rows": 7484399,
                        "Actual Loops": 1,
                        "Index Cond": "(person_id < 724809)"
                      }
                    ]
                  },
                  {
                    "Node Type": "Hash",
                    "Parent Relationship": "Inner",
                    "Parallel Aware": true,
                    "Startup Cost": 54588.39,
                    "Total Cost": 54588.39,
                    "Plan Rows": 15864,
                    "Plan Width": 4,
                    "Actual Startup Time": 149.605,
                    "Actual Total Time": 149.606,
                    "Actual Rows": 12458,
                    "Actual Loops": 2,
                    "Hash Buckets": 32768,
                    "Original Hash Buckets": 32768,
                    "Hash Batches": 1,
                    "Original Hash Batches": 1,
                    "Peak Memory Usage": 1280,
                    "Plans": [
                      {
                        "Node Type": "Seq Scan",
                        "Parent Relationship": "Outer",
                        "Parallel Aware": true,
                        "Relation Name": "title",
                        "Alias": "t",
                        "Startup Cost": 0.0,
                        "Total Cost": 54588.39,
                        "Plan Rows": 15864,
                        "Plan Width": 4,
                        "Actual Startup Time": 0.067,
                        "Actual Total Time": 144.425,
                        "Actual Rows": 12458,
                        "Actual Loops": 2,
                        "Filter": "(production_year = 1992)",
                        "Rows Removed by Filter": 1251698
                      }
                    ]
                  }
                ]
              }
            ]
          }
        ]
      }
    ]
  },
  "Planning Time": 0.478,
  "Triggers": [],
  "Execution Time": 1083.397
}