{
  "Plan": {
    "Node Type": "Aggregate",
    "Strategy": "Plain",
    "Partial Mode": "Finalize",
    "Parallel Aware": false,
    "Startup Cost": 114363.69,
    "Total Cost": 114363.7,
    "Plan Rows": 1,
    "Plan Width": 8,
    "Actual Startup Time": 677.277,
    "Actual Total Time": 692.587,
    "Actual Rows": 1,
    "Actual Loops": 1,
    "Plans": [
      {
        "Node Type": "Gather",
        "Parent Relationship": "Outer",
        "Parallel Aware": false,
        "Startup Cost": 114363.58,
        "Total Cost": 114363.69,
        "Plan Rows": 1,
        "Plan Width": 8,
        "Actual Startup Time": 675.396,
        "Actual Total Time": 692.578,
        "Actual Rows": 2,
        "Actual Loops": 1,
        "Workers Planned": 1,
        "Workers Launched": 1,
        "Single Copy": false,
        "Plans": [
          {
            "Node Type": "Aggregate",
            "Strategy": "Plain",
            "Partial Mode": "Partial",
            "Parent Relationship": "Outer",
            "Parallel Aware": false,
            "Startup Cost": 113363.58,
            "Total Cost": 113363.59,
            "Plan Rows": 1,
            "Plan Width": 8,
            "Actual Startup Time": 669.579,
            "Actual Total Time": 669.583,
            "Actual Rows": 1,
            "Actual Loops": 2,
            "Plans": [
              {
                "Node Type": "Hash Join",
                "Parent Relationship": "Outer",
                "Parallel Aware": true,
                "Join Type": "Inner",
                "Startup Cost": 48627.5,
                "Total Cost": 112000.43,
                "Plan Rows": 545262,
                "Plan Width": 0,
                "Actual Startup Time": 220.962,
                "Actual Total Time": 657.11,
                "Actual Rows": 303890,
                "Actual Loops": 2,
                "Inner Unique": false,
                "Hash Cond": "(t.id = mc.movie_id)",
                "Plans": [
                  {
                    "Node Type": "Seq Scan",
                    "Parent Relationship": "Outer",
                    "Parallel Aware": true,
                    "Relation Name": "title",
                    "Alias": "t",
                    "Startup Cost": 0.0,
                    "Total Cost": 50870.31,
                    "Plan Rows": 1487231,
                    "Plan Width": 4,
                    "Actual Startup Time": 0.011,
                    "Actual Total Time": 126.006,
                    "Actual Rows": 1264156,
                    "Actual Loops": 2
                  },
                  {
                    "Node Type": "Hash",
                    "Parent Relationship": "Inner",
                    "Parallel Aware": true,
                    "Startup Cost": 41811.73,
                    "Total Cost": 41811.73,
                    "Plan Rows": 545262,
                    "Plan Width": 4,
                    "Actual Startup Time": 212.999,
                    "Actual Total Time": 213.0,
                    "Actual Rows": 303890,
                    "Actual Loops": 2,
                    "Hash Buckets": 1048576,
                    "Original Hash Buckets": 1048576,
                    "Hash Batches": 1,
                    "Original Hash Batches": 1,
                    "Peak Memory Usage": 32000,
                    "Plans": [
                      {
                        "Node Type": "Seq Scan",
                        "Parent Relationship": "Outer",
                        "Parallel Aware": true,
                        "Relation Name": "movie_companies",
                        "Alias": "mc",
                        "Startup Cost": 0.0,
                        "Total Cost": 41811.73,
                        "Plan Rows": 545262,
                        "Plan Width": 4,
                        "Actual Startup Time": 66.898,
                        "Actual Total Time": 132.308,
                        "Actual Rows": 303890,
                        "Actual Loops": 2,
                        "Filter": "((company_id < 30740) AND (company_type_id > 1))",
                        "Rows Removed by Filter": 1000675
                      }
                    ]
                  }
                ]
              }
            ]
          }
        ]
      }
    ]
  },
  "Planning Time": 0.547,
  "Triggers": [],
  "Execution Time": 692.648
}