[
    {
        "Bao": {
            "Bao prediction": "NaN",
            "Bao recommended hint": "(no hint)"
        }
    },
    {
        "Plan": {
            "Node Type": "Aggregate",
            "Strategy": "Plain",
            "Partial Mode": "Finalize",
            "Parallel Aware": false,
            "Startup Cost": 168276.52,
            "Total Cost": 168276.53,
            "Plan Rows": 1,
            "Plan Width": 8,
            "Actual Startup Time": 409.36,
            "Actual Total Time": 438.417,
            "Actual Rows": 1,
            "Actual Loops": 1,
            "Output": [
                "count(*)"
            ],
            "Plans": [
                {
                    "Node Type": "Gather",
                    "Parent Relationship": "Outer",
                    "Parallel Aware": false,
                    "Startup Cost": 168276.1,
                    "Total Cost": 168276.51,
                    "Plan Rows": 4,
                    "Plan Width": 8,
                    "Actual Startup Time": 407.417,
                    "Actual Total Time": 438.408,
                    "Actual Rows": 5,
                    "Actual Loops": 1,
                    "Output": [
                        "(PARTIAL count(*))"
                    ],
                    "Workers Planned": 4,
                    "Workers Launched": 4,
                    "Single Copy": false,
                    "Plans": [
                        {
                            "Node Type": "Aggregate",
                            "Strategy": "Plain",
                            "Partial Mode": "Partial",
                            "Parent Relationship": "Outer",
                            "Parallel Aware": false,
                            "Startup Cost": 167276.1,
                            "Total Cost": 167276.11,
                            "Plan Rows": 1,
                            "Plan Width": 8,
                            "Actual Startup Time": 397.635,
                            "Actual Total Time": 397.639,
                            "Actual Rows": 1,
                            "Actual Loops": 5,
                            "Output": [
                                "PARTIAL count(*)"
                            ],
                            "Workers": [
                                {
                                    "Worker Number": 0,
                                    "Actual Startup Time": 395.156,
                                    "Actual Total Time": 395.159,
                                    "Actual Rows": 1,
                                    "Actual Loops": 1
                                },
                                {
                                    "Worker Number": 1,
                                    "Actual Startup Time": 394.964,
                                    "Actual Total Time": 394.967,
                                    "Actual Rows": 1,
                                    "Actual Loops": 1
                                },
                                {
                                    "Worker Number": 2,
                                    "Actual Startup Time": 395.571,
                                    "Actual Total Time": 395.575,
                                    "Actual Rows": 1,
                                    "Actual Loops": 1
                                },
                                {
                                    "Worker Number": 3,
                                    "Actual Startup Time": 395.873,
                                    "Actual Total Time": 395.876,
                                    "Actual Rows": 1,
                                    "Actual Loops": 1
                                }
                            ],
                            "Plans": [
                                {
                                    "Node Type": "Nested Loop",
                                    "Parent Relationship": "Outer",
                                    "Parallel Aware": false,
                                    "Join Type": "Inner",
                                    "Startup Cost": 17512.54,
                                    "Total Cost": 167130.13,
                                    "Plan Rows": 58389,
                                    "Plan Width": 0,
                                    "Actual Startup Time": 68.349,
                                    "Actual Total Time": 395.104,
                                    "Actual Rows": 36107,
                                    "Actual Loops": 5,
                                    "Inner Unique": false,
                                    "Workers": [
                                        {
                                            "Worker Number": 0,
                                            "Actual Startup Time": 65.598,
                                            "Actual Total Time": 392.68,
                                            "Actual Rows": 32759,
                                            "Actual Loops": 1
                                        },
                                        {
                                            "Worker Number": 1,
                                            "Actual Startup Time": 65.681,
                                            "Actual Total Time": 392.483,
                                            "Actual Rows": 32707,
                                            "Actual Loops": 1
                                        },
                                        {
                                            "Worker Number": 2,
                                            "Actual Startup Time": 66.442,
                                            "Actual Total Time": 392.991,
                                            "Actual Rows": 34471,
                                            "Actual Loops": 1
                                        },
                                        {
                                            "Worker Number": 3,
                                            "Actual Startup Time": 66.613,
                                            "Actual Total Time": 393.304,
                                            "Actual Rows": 34495,
                                            "Actual Loops": 1
                                        }
                                    ],
                                    "Plans": [
                                        {
                                            "Node Type": "Hash Join",
                                            "Parent Relationship": "Outer",
                                            "Parallel Aware": true,
                                            "Join Type": "Inner",
                                            "Startup Cost": 17512.11,
                                            "Total Cost": 64212.64,
                                            "Plan Rows": 49181,
                                            "Plan Width": 8,
                                            "Actual Startup Time": 68.256,
                                            "Actual Total Time": 202.135,
                                            "Actual Rows": 21913,
                                            "Actual Loops": 5,
                                            "Output": [
                                                "t.id",
                                                "mi_idx.movie_id"
                                            ],
                                            "Inner Unique": false,
                                            "Hash Cond": "(t.id = mi_idx.movie_id)",
                                            "Workers": [
                                                {
                                                    "Worker Number": 0,
                                                    "Actual Startup Time": 65.504,
                                                    "Actual Total Time": 197.946,
                                                    "Actual Rows": 19681,
                                                    "Actual Loops": 1
                                                },
                                                {
                                                    "Worker Number": 1,
                                                    "Actual Startup Time": 65.585,
                                                    "Actual Total Time": 196.374,
                                                    "Actual Rows": 19742,
                                                    "Actual Loops": 1
                                                },
                                                {
                                                    "Worker Number": 2,
                                                    "Actual Startup Time": 66.347,
                                                    "Actual Total Time": 196.681,
                                                    "Actual Rows": 20909,
                                                    "Actual Loops": 1
                                                },
                                                {
                                                    "Worker Number": 3,
                                                    "Actual Startup Time": 66.471,
                                                    "Actual Total Time": 196.033,
                                                    "Actual Rows": 21107,
                                                    "Actual Loops": 1
                                                }
                                            ],
                                            "Plans": [
                                                {
                                                    "Node Type": "Seq Scan",
                                                    "Parent Relationship": "Outer",
                                                    "Parallel Aware": true,
                                                    "Relation Name": "title",
                                                    "Schema": "public",
                                                    "Alias": "t",
                                                    "Startup Cost": 0.0,
                                                    "Total Cost": 45479.21,
                                                    "Plan Rows": 271042,
                                                    "Plan Width": 4,
                                                    "Actual Startup Time": 0.016,
                                                    "Actual Total Time": 68.324,
                                                    "Actual Rows": 208844,
                                                    "Actual Loops": 5,
                                                    "Output": [
                                                        "t.id",
                                                        "t.title",
                                                        "t.imdb_index",
                                                        "t.kind_id",
                                                        "t.production_year",
                                                        "t.imdb_id",
                                                        "t.phonetic_code",
                                                        "t.episode_of_id",
                                                        "t.season_nr",
                                                        "t.episode_nr",
                                                        "t.series_years",
                                                        "t.md5sum"
                                                    ],
                                                    "Filter": "((t.production_year < 2009) AND (t.kind_id = 7))",
                                                    "Rows Removed by Filter": 296818,
                                                    "Workers": [
                                                        {
                                                            "Worker Number": 0,
                                                            "Actual Startup Time": 0.014,
                                                            "Actual Total Time": 68.427,
                                                            "Actual Rows": 190551,
                                                            "Actual Loops": 1
                                                        },
                                                        {
                                                            "Worker Number": 1,
                                                            "Actual Startup Time": 0.016,
                                                            "Actual Total Time": 67.618,
                                                            "Actual Rows": 186848,
                                                            "Actual Loops": 1
                                                        },
                                                        {
                                                            "Worker Number": 2,
                                                            "Actual Startup Time": 0.02,
                                                            "Actual Total Time": 68.561,
                                                            "Actual Rows": 200639,
                                                            "Actual Loops": 1
                                                        },
                                                        {
                                                            "Worker Number": 3,
                                                            "Actual Startup Time": 0.018,
                                                            "Actual Total Time": 68.219,
                                                            "Actual Rows": 197929,
                                                            "Actual Loops": 1
                                                        }
                                                    ]
                                                },
                                                {
                                                    "Node Type": "Hash",
                                                    "Parent Relationship": "Inner",
                                                    "Parallel Aware": true,
                                                    "Startup Cost": 15122.68,
                                                    "Total Cost": 15122.68,
                                                    "Plan Rows": 191154,
                                                    "Plan Width": 4,
                                                    "Actual Startup Time": 66.53,
                                                    "Actual Total Time": 66.531,
                                                    "Actual Rows": 92037,
                                                    "Actual Loops": 5,
                                                    "Output": [
                                                        "mi_idx.movie_id"
                                                    ],
                                                    "Hash Buckets": 524288,
                                                    "Original Hash Buckets": 524288,
                                                    "Hash Batches": 1,
                                                    "Original Hash Batches": 1,
                                                    "Peak Memory Usage": 22176,
                                                    "Workers": [
                                                        {
                                                            "Worker Number": 0,
                                                            "Actual Startup Time": 65.089,
                                                            "Actual Total Time": 65.09,
                                                            "Actual Rows": 74326,
                                                            "Actual Loops": 1
                                                        },
                                                        {
                                                            "Worker Number": 1,
                                                            "Actual Startup Time": 65.181,
                                                            "Actual Total Time": 65.182,
                                                            "Actual Rows": 75481,
                                                            "Actual Loops": 1
                                                        },
                                                        {
                                                            "Worker Number": 2,
                                                            "Actual Startup Time": 65.714,
                                                            "Actual Total Time": 65.715,
                                                            "Actual Rows": 80408,
                                                            "Actual Loops": 1
                                                        },
                                                        {
                                                            "Worker Number": 3,
                                                            "Actual Startup Time": 66.031,
                                                            "Actual Total Time": 66.032,
                                                            "Actual Rows": 84095,
                                                            "Actual Loops": 1
                                                        }
                                                    ],
                                                    "Plans": [
                                                        {
                                                            "Node Type": "Seq Scan",
                                                            "Parent Relationship": "Outer",
                                                            "Parallel Aware": true,
                                                            "Relation Name": "movie_info_idx",
                                                            "Schema": "public",
                                                            "Alias": "mi_idx",
                                                            "Startup Cost": 0.0,
                                                            "Total Cost": 15122.68,
                                                            "Plan Rows": 191154,
                                                            "Plan Width": 4,
                                                            "Actual Startup Time": 0.049,
                                                            "Actual Total Time": 35.642,
                                                            "Actual Rows": 92037,
                                                            "Actual Loops": 5,
                                                            "Output": [
                                                                "mi_idx.movie_id"
                                                            ],
                                                            "Filter": "(mi_idx.info_type_id > 100)",
                                                            "Rows Removed by Filter": 183970,
                                                            "Workers": [
                                                                {
                                                                    "Worker Number": 0,
                                                                    "Actual Startup Time": 0.061,
                                                                    "Actual Total Time": 34.786,
                                                                    "Actual Rows": 74326,
                                                                    "Actual Loops": 1
                                                                },
                                                                {
                                                                    "Worker Number": 1,
                                                                    "Actual Startup Time": 0.05,
                                                                    "Actual Total Time": 35.575,
                                                                    "Actual Rows": 75481,
                                                                    "Actual Loops": 1
                                                                },
                                                                {
                                                                    "Worker Number": 2,
                                                                    "Actual Startup Time": 0.062,
                                                                    "Actual Total Time": 36.617,
                                                                    "Actual Rows": 80408,
                                                                    "Actual Loops": 1
                                                                },
                                                                {
                                                                    "Worker Number": 3,
                                                                    "Actual Startup Time": 0.06,
                                                                    "Actual Total Time": 36.596,
                                                                    "Actual Rows": 84095,
                                                                    "Actual Loops": 1
                                                                }
                                                            ]
                                                        }
                                                    ]
                                                }
                                            ]
                                        },
                                        {
                                            "Node Type": "Index Scan",
                                            "Parent Relationship": "Inner",
                                            "Parallel Aware": false,
                                            "Scan Direction": "Forward",
                                            "Index Name": "movie_id_movie_info",
                                            "Relation Name": "movie_info",
                                            "Schema": "public",
                                            "Alias": "mi",
                                            "Startup Cost": 0.43,
                                            "Total Cost": 2.01,
                                            "Plan Rows": 8,
                                            "Plan Width": 4,
                                            "Actual Startup Time": 0.005,
                                            "Actual Total Time": 0.008,
                                            "Actual Rows": 2,
                                            "Actual Loops": 109567,
                                            "Output": [
                                                "mi.id",
                                                "mi.movie_id",
                                                "mi.info_type_id",
                                                "mi.info",
                                                "mi.note"
                                            ],
                                            "Index Cond": "(mi.movie_id = t.id)",
                                            "Rows Removed by Index Recheck": 0,
                                            "Filter": "(mi.info_type_id = 16)",
                                            "Rows Removed by Filter": 7,
                                            "Workers": [
                                                {
                                                    "Worker Number": 0,
                                                    "Actual Startup Time": 0.006,
                                                    "Actual Total Time": 0.01,
                                                    "Actual Rows": 2,
                                                    "Actual Loops": 19681
                                                },
                                                {
                                                    "Worker Number": 1,
                                                    "Actual Startup Time": 0.006,
                                                    "Actual Total Time": 0.01,
                                                    "Actual Rows": 2,
                                                    "Actual Loops": 19742
                                                },
                                                {
                                                    "Worker Number": 2,
                                                    "Actual Startup Time": 0.006,
                                                    "Actual Total Time": 0.009,
                                                    "Actual Rows": 2,
                                                    "Actual Loops": 20909
                                                },
                                                {
                                                    "Worker Number": 3,
                                                    "Actual Startup Time": 0.006,
                                                    "Actual Total Time": 0.009,
                                                    "Actual Rows": 2,
                                                    "Actual Loops": 21107
                                                }
                                            ]
                                        }
                                    ]
                                }
                            ]
                        }
                    ]
                }
            ]
        },
        "Planning Time": 224.326,
        "Triggers": [],
        "Execution Time": 438.537
    }
]