[
  {
    "Plan": {
      "Node Type": "Aggregate",
      "Strategy": "Plain",
      "Partial Mode": "Finalize",
      "Parallel Aware": false,
      "Startup Cost": 331019.95,
      "Total Cost": 331019.96,
      "Plan Rows": 1,
      "Plan Width": 8,
      "Actual Startup Time": 730.004,
      "Actual Total Time": 802.598,
      "Actual Rows": 1,
      "Actual Loops": 1,
      "Plans": [
        {
          "Node Type": "Gather",
          "Parent Relationship": "Outer",
          "Parallel Aware": false,
          "Startup Cost": 331019.33,
          "Total Cost": 331019.94,
          "Plan Rows": 6,
          "Plan Width": 8,
          "Actual Startup Time": 729.862,
          "Actual Total Time": 802.587,
          "Actual Rows": 7,
          "Actual Loops": 1,
          "Workers Planned": 6,
          "Workers Launched": 6,
          "Single Copy": false,
          "Plans": [
            {
              "Node Type": "Aggregate",
              "Strategy": "Plain",
              "Partial Mode": "Partial",
              "Parent Relationship": "Outer",
              "Parallel Aware": false,
              "Startup Cost": 330019.33,
              "Total Cost": 330019.34,
              "Plan Rows": 1,
              "Plan Width": 8,
              "Actual Startup Time": 720.869,
              "Actual Total Time": 720.871,
              "Actual Rows": 1,
              "Actual Loops": 7,
              "Plans": [
                {
                  "Node Type": "Seq Scan",
                  "Parent Relationship": "Outer",
                  "Parallel Aware": true,
                  "Relation Name": "cast_info",
                  "Alias": "ci",
                  "Startup Cost": 0.0,
                  "Total Cost": 328162.03,
                  "Plan Rows": 742921,
                  "Plan Width": 0,
                  "Actual Startup Time": 0.047,
                  "Actual Total Time": 681.567,
                  "Actual Rows": 652219,
                  "Actual Loops": 7,
                  "Filter": "(person_id < 440942)",
                  "Rows Removed by Filter": 4525544
                }
              ]
            }
          ]
        }
      ]
    },
    "Planning Time": 0.196,
    "Triggers": [],
    "Execution Time": 802.674
  }
]