[
  {
    "Plan": {
      "Node Type": "Aggregate",
      "Strategy": "Plain",
      "Partial Mode": "Finalize",
      "Parallel Aware": false,
      "Startup Cost": 31461.97,
      "Total Cost": 31461.98,
      "Plan Rows": 1,
      "Plan Width": 8,
      "Actual Startup Time": 124.569,
      "Actual Total Time": 134.94,
      "Actual Rows": 1,
      "Actual Loops": 1,
      "Plans": [
        {
          "Node Type": "Gather",
          "Parent Relationship": "Outer",
          "Parallel Aware": false,
          "Startup Cost": 31461.65,
          "Total Cost": 31461.96,
          "Plan Rows": 3,
          "Plan Width": 8,
          "Actual Startup Time": 124.448,
          "Actual Total Time": 134.93,
          "Actual Rows": 4,
          "Actual Loops": 1,
          "Workers Planned": 3,
          "Workers Launched": 3,
          "Single Copy": false,
          "Plans": [
            {
              "Node Type": "Aggregate",
              "Strategy": "Plain",
              "Partial Mode": "Partial",
              "Parent Relationship": "Outer",
              "Parallel Aware": false,
              "Startup Cost": 30461.65,
              "Total Cost": 30461.66,
              "Plan Rows": 1,
              "Plan Width": 8,
              "Actual Startup Time": 117.88,
              "Actual Total Time": 117.882,
              "Actual Rows": 1,
              "Actual Loops": 4,
              "Plans": [
                {
                  "Node Type": "Seq Scan",
                  "Parent Relationship": "Outer",
                  "Parallel Aware": true,
                  "Relation Name": "movie_companies",
                  "Alias": "mc",
                  "Startup Cost": 0.0,
                  "Total Cost": 29310.68,
                  "Plan Rows": 460387,
                  "Plan Width": 0,
                  "Actual Startup Time": 0.03,
                  "Actual Total Time": 94.648,
                  "Actual Rows": 358974,
                  "Actual Loops": 4,
                  "Filter": "(company_id < 12744)",
                  "Rows Removed by Filter": 293308
                }
              ]
            }
          ]
        }
      ]
    },
    "Planning Time": 0.066,
    "Triggers": [],
    "Execution Time": 134.968
  }
]