[
    {
        "Bao": {
            "Bao prediction": "NaN",
            "Bao recommended hint": "(no hint)"
        }
    },
    {
        "Plan": {
            "Node Type": "Aggregate",
            "Strategy": "Plain",
            "Partial Mode": "Finalize",
            "Parallel Aware": false,
            "Startup Cost": 236549.09,
            "Total Cost": 236549.1,
            "Plan Rows": 1,
            "Plan Width": 8,
            "Actual Startup Time": 501.518,
            "Actual Total Time": 522.927,
            "Actual Rows": 1,
            "Actual Loops": 1,
            "Output": [
                "count(*)"
            ],
            "Plans": [
                {
                    "Node Type": "Gather",
                    "Parent Relationship": "Outer",
                    "Parallel Aware": false,
                    "Startup Cost": 236548.57,
                    "Total Cost": 236549.08,
                    "Plan Rows": 5,
                    "Plan Width": 8,
                    "Actual Startup Time": 481.846,
                    "Actual Total Time": 522.916,
                    "Actual Rows": 6,
                    "Actual Loops": 1,
                    "Output": [
                        "(PARTIAL count(*))"
                    ],
                    "Workers Planned": 5,
                    "Workers Launched": 5,
                    "Single Copy": false,
                    "Plans": [
                        {
                            "Node Type": "Aggregate",
                            "Strategy": "Plain",
                            "Partial Mode": "Partial",
                            "Parent Relationship": "Outer",
                            "Parallel Aware": false,
                            "Startup Cost": 235548.57,
                            "Total Cost": 235548.58,
                            "Plan Rows": 1,
                            "Plan Width": 8,
                            "Actual Startup Time": 464.39,
                            "Actual Total Time": 464.393,
                            "Actual Rows": 1,
                            "Actual Loops": 6,
                            "Output": [
                                "PARTIAL count(*)"
                            ],
                            "Workers": [
                                {
                                    "Worker Number": 0,
                                    "Actual Startup Time": 462.773,
                                    "Actual Total Time": 462.777,
                                    "Actual Rows": 1,
                                    "Actual Loops": 1
                                },
                                {
                                    "Worker Number": 1,
                                    "Actual Startup Time": 460.614,
                                    "Actual Total Time": 460.616,
                                    "Actual Rows": 1,
                                    "Actual Loops": 1
                                },
                                {
                                    "Worker Number": 2,
                                    "Actual Startup Time": 460.606,
                                    "Actual Total Time": 460.61,
                                    "Actual Rows": 1,
                                    "Actual Loops": 1
                                },
                                {
                                    "Worker Number": 3,
                                    "Actual Startup Time": 460.711,
                                    "Actual Total Time": 460.713,
                                    "Actual Rows": 1,
                                    "Actual Loops": 1
                                },
                                {
                                    "Worker Number": 4,
                                    "Actual Startup Time": 460.591,
                                    "Actual Total Time": 460.594,
                                    "Actual Rows": 1,
                                    "Actual Loops": 1
                                }
                            ],
                            "Plans": [
                                {
                                    "Node Type": "Hash Join",
                                    "Parent Relationship": "Outer",
                                    "Parallel Aware": true,
                                    "Join Type": "Inner",
                                    "Startup Cost": 69757.84,
                                    "Total Cost": 235009.88,
                                    "Plan Rows": 215474,
                                    "Plan Width": 0,
                                    "Actual Startup Time": 318.282,
                                    "Actual Total Time": 453.443,
                                    "Actual Rows": 181585,
                                    "Actual Loops": 6,
                                    "Inner Unique": true,
                                    "Hash Cond": "(mi.movie_id = t.id)",
                                    "Workers": [
                                        {
                                            "Worker Number": 0,
                                            "Actual Startup Time": 315.139,
                                            "Actual Total Time": 452.364,
                                            "Actual Rows": 123865,
                                            "Actual Loops": 1
                                        },
                                        {
                                            "Worker Number": 1,
                                            "Actual Startup Time": 314.512,
                                            "Actual Total Time": 449.884,
                                            "Actual Rows": 239662,
                                            "Actual Loops": 1
                                        },
                                        {
                                            "Worker Number": 2,
                                            "Actual Startup Time": 314.804,
                                            "Actual Total Time": 448.927,
                                            "Actual Rows": 138283,
                                            "Actual Loops": 1
                                        },
                                        {
                                            "Worker Number": 3,
                                            "Actual Startup Time": 315.1,
                                            "Actual Total Time": 449.859,
                                            "Actual Rows": 184906,
                                            "Actual Loops": 1
                                        },
                                        {
                                            "Worker Number": 4,
                                            "Actual Startup Time": 314.929,
                                            "Actual Total Time": 449.776,
                                            "Actual Rows": 185333,
                                            "Actual Loops": 1
                                        }
                                    ],
                                    "Plans": [
                                        {
                                            "Node Type": "Bitmap Heap Scan",
                                            "Parent Relationship": "Outer",
                                            "Parallel Aware": true,
                                            "Relation Name": "movie_info",
                                            "Schema": "public",
                                            "Alias": "mi",
                                            "Startup Cost": 19538.04,
                                            "Total Cost": 184224.46,
                                            "Plan Rows": 215474,
                                            "Plan Width": 4,
                                            "Actual Startup Time": 57.656,
                                            "Actual Total Time": 117.652,
                                            "Actual Rows": 181585,
                                            "Actual Loops": 6,
                                            "Output": [
                                                "mi.id",
                                                "mi.movie_id",
                                                "mi.info_type_id",
                                                "mi.info",
                                                "mi.note"
                                            ],
                                            "Recheck Cond": "(mi.info_type_id > 67)",
                                            "Rows Removed by Index Recheck": 0,
                                            "Exact Heap Blocks": 7632,
                                            "Lossy Heap Blocks": 0,
                                            "Workers": [
                                                {
                                                    "Worker Number": 0,
                                                    "Actual Startup Time": 57.89,
                                                    "Actual Total Time": 122.016,
                                                    "Actual Rows": 123865,
                                                    "Actual Loops": 1
                                                },
                                                {
                                                    "Worker Number": 1,
                                                    "Actual Startup Time": 57.402,
                                                    "Actual Total Time": 118.761,
                                                    "Actual Rows": 239662,
                                                    "Actual Loops": 1
                                                },
                                                {
                                                    "Worker Number": 2,
                                                    "Actual Startup Time": 57.592,
                                                    "Actual Total Time": 120.692,
                                                    "Actual Rows": 138283,
                                                    "Actual Loops": 1
                                                },
                                                {
                                                    "Worker Number": 3,
                                                    "Actual Startup Time": 57.784,
                                                    "Actual Total Time": 118.255,
                                                    "Actual Rows": 184906,
                                                    "Actual Loops": 1
                                                },
                                                {
                                                    "Worker Number": 4,
                                                    "Actual Startup Time": 57.723,
                                                    "Actual Total Time": 118.547,
                                                    "Actual Rows": 185333,
                                                    "Actual Loops": 1
                                                }
                                            ],
                                            "Plans": [
                                                {
                                                    "Node Type": "Bitmap Index Scan",
                                                    "Parent Relationship": "Outer",
                                                    "Parallel Aware": false,
                                                    "Index Name": "info_type_id_movie_info",
                                                    "Startup Cost": 0.0,
                                                    "Total Cost": 19268.69,
                                                    "Plan Rows": 1077368,
                                                    "Plan Width": 0,
                                                    "Actual Startup Time": 51.881,
                                                    "Actual Total Time": 51.882,
                                                    "Actual Rows": 1089512,
                                                    "Actual Loops": 1,
                                                    "Index Cond": "(mi.info_type_id > 67)",
                                                    "Workers": [
                                                        {
                                                            "Worker Number": 1,
                                                            "Actual Startup Time": 51.881,
                                                            "Actual Total Time": 51.882,
                                                            "Actual Rows": 1089512,
                                                            "Actual Loops": 1
                                                        }
                                                    ]
                                                }
                                            ]
                                        },
                                        {
                                            "Node Type": "Hash",
                                            "Parent Relationship": "Inner",
                                            "Parallel Aware": true,
                                            "Startup Cost": 42318.81,
                                            "Total Cost": 42318.81,
                                            "Plan Rows": 632080,
                                            "Plan Width": 4,
                                            "Actual Startup Time": 254.064,
                                            "Actual Total Time": 254.065,
                                            "Actual Rows": 421385,
                                            "Actual Loops": 6,
                                            "Output": [
                                                "t.id"
                                            ],
                                            "Hash Buckets": 4194304,
                                            "Original Hash Buckets": 4194304,
                                            "Hash Batches": 1,
                                            "Original Hash Batches": 1,
                                            "Peak Memory Usage": 131744,
                                            "Workers": [
                                                {
                                                    "Worker Number": 0,
                                                    "Actual Startup Time": 256.593,
                                                    "Actual Total Time": 256.594,
                                                    "Actual Rows": 286284,
                                                    "Actual Loops": 1
                                                },
                                                {
                                                    "Worker Number": 1,
                                                    "Actual Startup Time": 256.578,
                                                    "Actual Total Time": 256.579,
                                                    "Actual Rows": 450567,
                                                    "Actual Loops": 1
                                                },
                                                {
                                                    "Worker Number": 2,
                                                    "Actual Startup Time": 256.442,
                                                    "Actual Total Time": 256.443,
                                                    "Actual Rows": 325107,
                                                    "Actual Loops": 1
                                                },
                                                {
                                                    "Worker Number": 3,
                                                    "Actual Startup Time": 256.676,
                                                    "Actual Total Time": 256.677,
                                                    "Actual Rows": 443076,
                                                    "Actual Loops": 1
                                                },
                                                {
                                                    "Worker Number": 4,
                                                    "Actual Startup Time": 256.443,
                                                    "Actual Total Time": 256.443,
                                                    "Actual Rows": 436004,
                                                    "Actual Loops": 1
                                                }
                                            ],
                                            "Plans": [
                                                {
                                                    "Node Type": "Seq Scan",
                                                    "Parent Relationship": "Outer",
                                                    "Parallel Aware": true,
                                                    "Relation Name": "title",
                                                    "Schema": "public",
                                                    "Alias": "t",
                                                    "Startup Cost": 0.0,
                                                    "Total Cost": 42318.81,
                                                    "Plan Rows": 632080,
                                                    "Plan Width": 4,
                                                    "Actual Startup Time": 0.041,
                                                    "Actual Total Time": 74.441,
                                                    "Actual Rows": 421385,
                                                    "Actual Loops": 6,
                                                    "Output": [
                                                        "t.id"
                                                    ],
                                                    "Workers": [
                                                        {
                                                            "Worker Number": 0,
                                                            "Actual Startup Time": 0.051,
                                                            "Actual Total Time": 77.543,
                                                            "Actual Rows": 286284,
                                                            "Actual Loops": 1
                                                        },
                                                        {
                                                            "Worker Number": 1,
                                                            "Actual Startup Time": 0.049,
                                                            "Actual Total Time": 74.735,
                                                            "Actual Rows": 450567,
                                                            "Actual Loops": 1
                                                        },
                                                        {
                                                            "Worker Number": 2,
                                                            "Actual Startup Time": 0.026,
                                                            "Actual Total Time": 81.299,
                                                            "Actual Rows": 325107,
                                                            "Actual Loops": 1
                                                        },
                                                        {
                                                            "Worker Number": 3,
                                                            "Actual Startup Time": 0.057,
                                                            "Actual Total Time": 75.832,
                                                            "Actual Rows": 443076,
                                                            "Actual Loops": 1
                                                        },
                                                        {
                                                            "Worker Number": 4,
                                                            "Actual Startup Time": 0.054,
                                                            "Actual Total Time": 75.691,
                                                            "Actual Rows": 436004,
                                                            "Actual Loops": 1
                                                        }
                                                    ]
                                                }
                                            ]
                                        }
                                    ]
                                }
                            ]
                        }
                    ]
                }
            ]
        },
        "Planning Time": 200.347,
        "Triggers": [],
        "Execution Time": 523.044
    }
]