{
  "Plan": {
    "Node Type": "Aggregate",
    "Strategy": "Plain",
    "Partial Mode": "Finalize",
    "Parallel Aware": false,
    "Startup Cost": 77758.08,
    "Total Cost": 77758.09,
    "Plan Rows": 1,
    "Plan Width": 8,
    "Actual Startup Time": 251.839,
    "Actual Total Time": 264.9,
    "Actual Rows": 1,
    "Actual Loops": 1,
    "Plans": [
      {
        "Node Type": "Gather",
        "Parent Relationship": "Outer",
        "Parallel Aware": false,
        "Startup Cost": 77757.97,
        "Total Cost": 77758.08,
        "Plan Rows": 1,
        "Plan Width": 8,
        "Actual Startup Time": 251.6,
        "Actual Total Time": 264.892,
        "Actual Rows": 2,
        "Actual Loops": 1,
        "Workers Planned": 1,
        "Workers Launched": 1,
        "Single Copy": false,
        "Plans": [
          {
            "Node Type": "Aggregate",
            "Strategy": "Plain",
            "Partial Mode": "Partial",
            "Parent Relationship": "Outer",
            "Parallel Aware": false,
            "Startup Cost": 76757.97,
            "Total Cost": 76757.98,
            "Plan Rows": 1,
            "Plan Width": 8,
            "Actual Startup Time": 247.518,
            "Actual Total Time": 247.521,
            "Actual Rows": 1,
            "Actual Loops": 2,
            "Plans": [
              {
                "Node Type": "Hash Join",
                "Parent Relationship": "Outer",
                "Parallel Aware": true,
                "Join Type": "Inner",
                "Startup Cost": 58547.83,
                "Total Cost": 76731.62,
                "Plan Rows": 10539,
                "Plan Width": 0,
                "Actual Startup Time": 146.939,
                "Actual Total Time": 247.1,
                "Actual Rows": 9411,
                "Actual Loops": 2,
                "Inner Unique": true,
                "Hash Cond": "(mi_idx.movie_id = t.id)",
                "Plans": [
                  {
                    "Node Type": "Seq Scan",
                    "Parent Relationship": "Outer",
                    "Parallel Aware": true,
                    "Relation Name": "movie_info_idx",
                    "Alias": "mi_idx",
                    "Startup Cost": 0.0,
                    "Total Cost": 16052.85,
                    "Plan Rows": 811785,
                    "Plan Width": 4,
                    "Actual Startup Time": 0.018,
                    "Actual Total Time": 46.847,
                    "Actual Rows": 690018,
                    "Actual Loops": 2
                  },
                  {
                    "Node Type": "Hash",
                    "Parent Relationship": "Inner",
                    "Parallel Aware": true,
                    "Startup Cost": 58306.47,
                    "Total Cost": 58306.47,
                    "Plan Rows": 19309,
                    "Plan Width": 4,
                    "Actual Startup Time": 145.494,
                    "Actual Total Time": 145.494,
                    "Actual Rows": 19754,
                    "Actual Loops": 2,
                    "Hash Buckets": 65536,
                    "Original Hash Buckets": 65536,
                    "Hash Batches": 1,
                    "Original Hash Batches": 1,
                    "Peak Memory Usage": 2112,
                    "Plans": [
                      {
                        "Node Type": "Seq Scan",
                        "Parent Relationship": "Outer",
                        "Parallel Aware": true,
                        "Relation Name": "title",
                        "Alias": "t",
                        "Startup Cost": 0.0,
                        "Total Cost": 58306.47,
                        "Plan Rows": 19309,
                        "Plan Width": 4,
                        "Actual Startup Time": 0.036,
                        "Actual Total Time": 139.008,
                        "Actual Rows": 19754,
                        "Actual Loops": 2,
                        "Filter": "((kind_id > 1) AND (production_year = 1998))",
                        "Rows Removed by Filter": 1244402
                      }
                    ]
                  }
                ]
              }
            ]
          }
        ]
      }
    ]
  },
  "Planning Time": 0.433,
  "Triggers": [],
  "Execution Time": 264.971
}