[
    {
        "Bao": {
            "Bao prediction": "NaN",
            "Bao recommended hint": "(no hint)"
        }
    },
    {
        "Plan": {
            "Node Type": "Aggregate",
            "Strategy": "Plain",
            "Partial Mode": "Finalize",
            "Parallel Aware": false,
            "Startup Cost": 252189.05,
            "Total Cost": 252189.06,
            "Plan Rows": 1,
            "Plan Width": 8,
            "Actual Startup Time": 891.574,
            "Actual Total Time": 920.269,
            "Actual Rows": 1,
            "Actual Loops": 1,
            "Output": [
                "count(*)"
            ],
            "Plans": [
                {
                    "Node Type": "Gather",
                    "Parent Relationship": "Outer",
                    "Parallel Aware": false,
                    "Startup Cost": 252188.53,
                    "Total Cost": 252189.04,
                    "Plan Rows": 5,
                    "Plan Width": 8,
                    "Actual Startup Time": 882.777,
                    "Actual Total Time": 920.258,
                    "Actual Rows": 6,
                    "Actual Loops": 1,
                    "Output": [
                        "(PARTIAL count(*))"
                    ],
                    "Workers Planned": 5,
                    "Workers Launched": 5,
                    "Single Copy": false,
                    "Plans": [
                        {
                            "Node Type": "Aggregate",
                            "Strategy": "Plain",
                            "Partial Mode": "Partial",
                            "Parent Relationship": "Outer",
                            "Parallel Aware": false,
                            "Startup Cost": 251188.53,
                            "Total Cost": 251188.54,
                            "Plan Rows": 1,
                            "Plan Width": 8,
                            "Actual Startup Time": 873.498,
                            "Actual Total Time": 873.501,
                            "Actual Rows": 1,
                            "Actual Loops": 6,
                            "Output": [
                                "PARTIAL count(*)"
                            ],
                            "Workers": [
                                {
                                    "Worker Number": 0,
                                    "Actual Startup Time": 871.164,
                                    "Actual Total Time": 871.166,
                                    "Actual Rows": 1,
                                    "Actual Loops": 1
                                },
                                {
                                    "Worker Number": 1,
                                    "Actual Startup Time": 871.438,
                                    "Actual Total Time": 871.441,
                                    "Actual Rows": 1,
                                    "Actual Loops": 1
                                },
                                {
                                    "Worker Number": 2,
                                    "Actual Startup Time": 872.557,
                                    "Actual Total Time": 872.559,
                                    "Actual Rows": 1,
                                    "Actual Loops": 1
                                },
                                {
                                    "Worker Number": 3,
                                    "Actual Startup Time": 871.599,
                                    "Actual Total Time": 871.602,
                                    "Actual Rows": 1,
                                    "Actual Loops": 1
                                },
                                {
                                    "Worker Number": 4,
                                    "Actual Startup Time": 871.864,
                                    "Actual Total Time": 871.867,
                                    "Actual Rows": 1,
                                    "Actual Loops": 1
                                }
                            ],
                            "Plans": [
                                {
                                    "Node Type": "Hash Join",
                                    "Parent Relationship": "Outer",
                                    "Parallel Aware": true,
                                    "Join Type": "Inner",
                                    "Startup Cost": 47616.04,
                                    "Total Cost": 249736.83,
                                    "Plan Rows": 580680,
                                    "Plan Width": 0,
                                    "Actual Startup Time": 211.542,
                                    "Actual Total Time": 842.796,
                                    "Actual Rows": 462726,
                                    "Actual Loops": 6,
                                    "Inner Unique": true,
                                    "Hash Cond": "(mi.movie_id = t.id)",
                                    "Workers": [
                                        {
                                            "Worker Number": 0,
                                            "Actual Startup Time": 209.399,
                                            "Actual Total Time": 840.066,
                                            "Actual Rows": 424454,
                                            "Actual Loops": 1
                                        },
                                        {
                                            "Worker Number": 1,
                                            "Actual Startup Time": 209.675,
                                            "Actual Total Time": 840.252,
                                            "Actual Rows": 425086,
                                            "Actual Loops": 1
                                        },
                                        {
                                            "Worker Number": 2,
                                            "Actual Startup Time": 209.696,
                                            "Actual Total Time": 841.402,
                                            "Actual Rows": 422711,
                                            "Actual Loops": 1
                                        },
                                        {
                                            "Worker Number": 3,
                                            "Actual Startup Time": 209.828,
                                            "Actual Total Time": 840.227,
                                            "Actual Rows": 427047,
                                            "Actual Loops": 1
                                        },
                                        {
                                            "Worker Number": 4,
                                            "Actual Startup Time": 210.089,
                                            "Actual Total Time": 846.305,
                                            "Actual Rows": 569872,
                                            "Actual Loops": 1
                                        }
                                    ],
                                    "Plans": [
                                        {
                                            "Node Type": "Seq Scan",
                                            "Parent Relationship": "Outer",
                                            "Parallel Aware": true,
                                            "Relation Name": "movie_info",
                                            "Schema": "public",
                                            "Alias": "mi",
                                            "Startup Cost": 0.0,
                                            "Total Cost": 198880.74,
                                            "Plan Rows": 1234303,
                                            "Plan Width": 4,
                                            "Actual Startup Time": 18.515,
                                            "Actual Total Time": 369.305,
                                            "Actual Rows": 1037249,
                                            "Actual Loops": 6,
                                            "Output": [
                                                "mi.id",
                                                "mi.movie_id",
                                                "mi.info_type_id",
                                                "mi.info",
                                                "mi.note"
                                            ],
                                            "Filter": "(mi.info_type_id > 8)",
                                            "Rows Removed by Filter": 1435371,
                                            "Workers": [
                                                {
                                                    "Worker Number": 0,
                                                    "Actual Startup Time": 18.467,
                                                    "Actual Total Time": 380.272,
                                                    "Actual Rows": 946980,
                                                    "Actual Loops": 1
                                                },
                                                {
                                                    "Worker Number": 1,
                                                    "Actual Startup Time": 18.554,
                                                    "Actual Total Time": 379.588,
                                                    "Actual Rows": 947629,
                                                    "Actual Loops": 1
                                                },
                                                {
                                                    "Worker Number": 2,
                                                    "Actual Startup Time": 18.568,
                                                    "Actual Total Time": 380.234,
                                                    "Actual Rows": 942709,
                                                    "Actual Loops": 1
                                                },
                                                {
                                                    "Worker Number": 3,
                                                    "Actual Startup Time": 18.554,
                                                    "Actual Total Time": 379.36,
                                                    "Actual Rows": 947923,
                                                    "Actual Loops": 1
                                                },
                                                {
                                                    "Worker Number": 4,
                                                    "Actual Startup Time": 18.432,
                                                    "Actual Total Time": 363.136,
                                                    "Actual Rows": 1282280,
                                                    "Actual Loops": 1
                                                }
                                            ]
                                        },
                                        {
                                            "Node Type": "Hash",
                                            "Parent Relationship": "Inner",
                                            "Parallel Aware": true,
                                            "Startup Cost": 43899.01,
                                            "Total Cost": 43899.01,
                                            "Plan Rows": 297363,
                                            "Plan Width": 4,
                                            "Actual Startup Time": 189.188,
                                            "Actual Total Time": 189.189,
                                            "Actual Rows": 198753,
                                            "Actual Loops": 6,
                                            "Output": [
                                                "t.id"
                                            ],
                                            "Hash Buckets": 2097152,
                                            "Original Hash Buckets": 2097152,
                                            "Hash Batches": 1,
                                            "Original Hash Batches": 1,
                                            "Peak Memory Usage": 63136,
                                            "Workers": [
                                                {
                                                    "Worker Number": 0,
                                                    "Actual Startup Time": 190.088,
                                                    "Actual Total Time": 190.089,
                                                    "Actual Rows": 179071,
                                                    "Actual Loops": 1
                                                },
                                                {
                                                    "Worker Number": 1,
                                                    "Actual Startup Time": 190.345,
                                                    "Actual Total Time": 190.347,
                                                    "Actual Rows": 176812,
                                                    "Actual Loops": 1
                                                },
                                                {
                                                    "Worker Number": 2,
                                                    "Actual Startup Time": 190.419,
                                                    "Actual Total Time": 190.42,
                                                    "Actual Rows": 176226,
                                                    "Actual Loops": 1
                                                },
                                                {
                                                    "Worker Number": 3,
                                                    "Actual Startup Time": 190.48,
                                                    "Actual Total Time": 190.481,
                                                    "Actual Rows": 177866,
                                                    "Actual Loops": 1
                                                },
                                                {
                                                    "Worker Number": 4,
                                                    "Actual Startup Time": 190.729,
                                                    "Actual Total Time": 190.73,
                                                    "Actual Rows": 229766,
                                                    "Actual Loops": 1
                                                }
                                            ],
                                            "Plans": [
                                                {
                                                    "Node Type": "Seq Scan",
                                                    "Parent Relationship": "Outer",
                                                    "Parallel Aware": true,
                                                    "Relation Name": "title",
                                                    "Schema": "public",
                                                    "Alias": "t",
                                                    "Startup Cost": 0.0,
                                                    "Total Cost": 43899.01,
                                                    "Plan Rows": 297363,
                                                    "Plan Width": 4,
                                                    "Actual Startup Time": 0.041,
                                                    "Actual Total Time": 94.84,
                                                    "Actual Rows": 198753,
                                                    "Actual Loops": 6,
                                                    "Output": [
                                                        "t.id"
                                                    ],
                                                    "Filter": "(t.production_year > 2003)",
                                                    "Rows Removed by Filter": 222632,
                                                    "Workers": [
                                                        {
                                                            "Worker Number": 0,
                                                            "Actual Startup Time": 0.047,
                                                            "Actual Total Time": 98.208,
                                                            "Actual Rows": 179071,
                                                            "Actual Loops": 1
                                                        },
                                                        {
                                                            "Worker Number": 1,
                                                            "Actual Startup Time": 0.053,
                                                            "Actual Total Time": 98.022,
                                                            "Actual Rows": 176812,
                                                            "Actual Loops": 1
                                                        },
                                                        {
                                                            "Worker Number": 2,
                                                            "Actual Startup Time": 0.04,
                                                            "Actual Total Time": 98.551,
                                                            "Actual Rows": 176226,
                                                            "Actual Loops": 1
                                                        },
                                                        {
                                                            "Worker Number": 3,
                                                            "Actual Startup Time": 0.049,
                                                            "Actual Total Time": 98.267,
                                                            "Actual Rows": 177866,
                                                            "Actual Loops": 1
                                                        },
                                                        {
                                                            "Worker Number": 4,
                                                            "Actual Startup Time": 0.048,
                                                            "Actual Total Time": 90.122,
                                                            "Actual Rows": 229766,
                                                            "Actual Loops": 1
                                                        }
                                                    ]
                                                }
                                            ]
                                        }
                                    ]
                                }
                            ]
                        }
                    ]
                }
            ]
        },
        "Planning Time": 300.279,
        "Triggers": [],
        "Execution Time": 920.329
    }
]