[
  {
    "Plan": {
      "Node Type": "Aggregate",
      "Strategy": "Plain",
      "Partial Mode": "Finalize",
      "Parallel Aware": false,
      "Startup Cost": 44875.78,
      "Total Cost": 44875.79,
      "Plan Rows": 1,
      "Plan Width": 8,
      "Actual Startup Time": 137.58,
      "Actual Total Time": 148.523,
      "Actual Rows": 1,
      "Actual Loops": 1,
      "Plans": [
        {
          "Node Type": "Gather",
          "Parent Relationship": "Outer",
          "Parallel Aware": false,
          "Startup Cost": 44875.46,
          "Total Cost": 44875.77,
          "Plan Rows": 3,
          "Plan Width": 8,
          "Actual Startup Time": 137.472,
          "Actual Total Time": 148.513,
          "Actual Rows": 4,
          "Actual Loops": 1,
          "Workers Planned": 3,
          "Workers Launched": 3,
          "Single Copy": false,
          "Plans": [
            {
              "Node Type": "Aggregate",
              "Strategy": "Plain",
              "Partial Mode": "Partial",
              "Parent Relationship": "Outer",
              "Parallel Aware": false,
              "Startup Cost": 43875.46,
              "Total Cost": 43875.47,
              "Plan Rows": 1,
              "Plan Width": 8,
              "Actual Startup Time": 130.495,
              "Actual Total Time": 130.496,
              "Actual Rows": 1,
              "Actual Loops": 4,
              "Plans": [
                {
                  "Node Type": "Seq Scan",
                  "Parent Relationship": "Outer",
                  "Parallel Aware": true,
                  "Relation Name": "movie_keyword",
                  "Alias": "mk",
                  "Startup Cost": 0.0,
                  "Total Cost": 42695.65,
                  "Plan Rows": 471924,
                  "Plan Width": 0,
                  "Actual Startup Time": 1.774,
                  "Actual Total Time": 111.781,
                  "Actual Rows": 367372,
                  "Actual Loops": 4,
                  "Filter": "(keyword_id > 11218)",
                  "Rows Removed by Filter": 763610
                }
              ]
            }
          ]
        }
      ]
    },
    "Planning Time": 0.181,
    "Triggers": [],
    "Execution Time": 148.588
  }
]