{
  "Plan": {
    "Node Type": "Aggregate",
    "Strategy": "Plain",
    "Partial Mode": "Finalize",
    "Parallel Aware": false,
    "Startup Cost": 97463.02,
    "Total Cost": 97463.03,
    "Plan Rows": 1,
    "Plan Width": 8,
    "Actual Startup Time": 482.314,
    "Actual Total Time": 498.379,
    "Actual Rows": 1,
    "Actual Loops": 1,
    "Plans": [
      {
        "Node Type": "Gather",
        "Parent Relationship": "Outer",
        "Parallel Aware": false,
        "Startup Cost": 97462.91,
        "Total Cost": 97463.02,
        "Plan Rows": 1,
        "Plan Width": 8,
        "Actual Startup Time": 481.132,
        "Actual Total Time": 498.372,
        "Actual Rows": 2,
        "Actual Loops": 1,
        "Workers Planned": 1,
        "Workers Launched": 1,
        "Single Copy": false,
        "Plans": [
          {
            "Node Type": "Aggregate",
            "Strategy": "Plain",
            "Partial Mode": "Partial",
            "Parent Relationship": "Outer",
            "Parallel Aware": false,
            "Startup Cost": 96462.91,
            "Total Cost": 96462.92,
            "Plan Rows": 1,
            "Plan Width": 8,
            "Actual Startup Time": 475.183,
            "Actual Total Time": 475.188,
            "Actual Rows": 1,
            "Actual Loops": 2,
            "Plans": [
              {
                "Node Type": "Hash Join",
                "Parent Relationship": "Outer",
                "Parallel Aware": true,
                "Join Type": "Inner",
                "Startup Cost": 35130.36,
                "Total Cost": 96114.85,
                "Plan Rows": 139226,
                "Plan Width": 0,
                "Actual Startup Time": 143.522,
                "Actual Total Time": 467.518,
                "Actual Rows": 176646,
                "Actual Loops": 2,
                "Inner Unique": false,
                "Hash Cond": "(t.id = mc.movie_id)",
                "Plans": [
                  {
                    "Node Type": "Seq Scan",
                    "Parent Relationship": "Outer",
                    "Parallel Aware": true,
                    "Relation Name": "title",
                    "Alias": "t",
                    "Startup Cost": 0.0,
                    "Total Cost": 50870.31,
                    "Plan Rows": 1487231,
                    "Plan Width": 4,
                    "Actual Startup Time": 0.009,
                    "Actual Total Time": 115.1,
                    "Actual Rows": 1264156,
                    "Actual Loops": 2
                  },
                  {
                    "Node Type": "Hash",
                    "Parent Relationship": "Inner",
                    "Parallel Aware": true,
                    "Startup Cost": 33390.04,
                    "Total Cost": 33390.04,
                    "Plan Rows": 139226,
                    "Plan Width": 4,
                    "Actual Startup Time": 140.125,
                    "Actual Total Time": 140.126,
                    "Actual Rows": 176646,
                    "Actual Loops": 2,
                    "Hash Buckets": 524288,
                    "Original Hash Buckets": 262144,
                    "Hash Batches": 1,
                    "Original Hash Batches": 1,
                    "Peak Memory Usage": 20000,
                    "Plans": [
                      {
                        "Node Type": "Bitmap Heap Scan",
                        "Parent Relationship": "Outer",
                        "Parallel Aware": true,
                        "Relation Name": "movie_companies",
                        "Alias": "mc",
                        "Startup Cost": 10357.64,
                        "Total Cost": 33390.04,
                        "Plan Rows": 139226,
                        "Plan Width": 4,
                        "Actual Startup Time": 35.745,
                        "Actual Total Time": 98.887,
                        "Actual Rows": 176646,
                        "Actual Loops": 2,
                        "Recheck Cond": "(company_id < 424)",
                        "Rows Removed by Index Recheck": 0,
                        "Filter": "(company_type_id = 1)",
                        "Rows Removed by Filter": 61930,
                        "Exact Heap Blocks": 11683,
                        "Lossy Heap Blocks": 0,
                        "Plans": [
                          {
                            "Node Type": "Bitmap Index Scan",
                            "Parent Relationship": "Outer",
                            "Parallel Aware": false,
                            "Index Name": "company_id_movie_companies",
                            "Startup Cost": 0.0,
                            "Total Cost": 10298.47,
                            "Plan Rows": 480805,
                            "Plan Width": 0,
                            "Actual Startup Time": 35.095,
                            "Actual Total Time": 35.095,
                            "Actual Rows": 477152,
                            "Actual Loops": 1,
                            "Index Cond": "(company_id < 424)"
                          }
                        ]
                      }
                    ]
                  }
                ]
              }
            ]
          }
        ]
      }
    ]
  },
  "Planning Time": 0.766,
  "Triggers": [],
  "Execution Time": 498.471
}