{
  "Plan": {
    "Node Type": "Aggregate",
    "Strategy": "Plain",
    "Partial Mode": "Finalize",
    "Parallel Aware": false,
    "Startup Cost": 917218.95,
    "Total Cost": 917218.96,
    "Plan Rows": 1,
    "Plan Width": 8,
    "Actual Startup Time": 8293.655,
    "Actual Total Time": 8362.957,
    "Actual Rows": 1,
    "Actual Loops": 1,
    "Plans": [
      {
        "Node Type": "Gather",
        "Parent Relationship": "Outer",
        "Parallel Aware": false,
        "Startup Cost": 917218.83,
        "Total Cost": 917218.94,
        "Plan Rows": 1,
        "Plan Width": 8,
        "Actual Startup Time": 8286.13,
        "Actual Total Time": 8362.948,
        "Actual Rows": 2,
        "Actual Loops": 1,
        "Workers Planned": 1,
        "Workers Launched": 1,
        "Single Copy": false,
        "Plans": [
          {
            "Node Type": "Aggregate",
            "Strategy": "Plain",
            "Partial Mode": "Partial",
            "Parent Relationship": "Outer",
            "Parallel Aware": false,
            "Startup Cost": 916218.83,
            "Total Cost": 916218.84,
            "Plan Rows": 1,
            "Plan Width": 8,
            "Actual Startup Time": 8277.658,
            "Actual Total Time": 8277.665,
            "Actual Rows": 1,
            "Actual Loops": 2,
            "Plans": [
              {
                "Node Type": "Hash Join",
                "Parent Relationship": "Outer",
                "Parallel Aware": true,
                "Join Type": "Inner",
                "Startup Cost": 276957.1,
                "Total Cost": 888316.74,
                "Plan Rows": 11160839,
                "Plan Width": 0,
                "Actual Startup Time": 1049.322,
                "Actual Total Time": 7809.664,
                "Actual Rows": 11559161,
                "Actual Loops": 2,
                "Inner Unique": false,
                "Hash Cond": "(ci.movie_id = t.id)",
                "Plans": [
                  {
                    "Node Type": "Seq Scan",
                    "Parent Relationship": "Outer",
                    "Parallel Aware": true,
                    "Relation Name": "cast_info",
                    "Alias": "ci",
                    "Startup Cost": 0.0,
                    "Total Cost": 465792.95,
                    "Plan Rows": 21310595,
                    "Plan Width": 4,
                    "Actual Startup Time": 0.02,
                    "Actual Total Time": 1326.844,
                    "Actual Rows": 18122172,
                    "Actual Loops": 2
                  },
                  {
                    "Node Type": "Hash",
                    "Parent Relationship": "Inner",
                    "Parallel Aware": true,
                    "Startup Cost": 267220.9,
                    "Total Cost": 267220.9,
                    "Plan Rows": 778896,
                    "Plan Width": 8,
                    "Actual Startup Time": 1034.977,
                    "Actual Total Time": 1034.981,
                    "Actual Rows": 662680,
                    "Actual Loops": 2,
                    "Hash Buckets": 2097152,
                    "Original Hash Buckets": 2097152,
                    "Hash Batches": 1,
                    "Original Hash Batches": 1,
                    "Peak Memory Usage": 68288,
                    "Plans": [
                      {
                        "Node Type": "Hash Join",
                        "Parent Relationship": "Outer",
                        "Parallel Aware": true,
                        "Join Type": "Inner",
                        "Startup Cost": 93447.1,
                        "Total Cost": 267220.9,
                        "Plan Rows": 778896,
                        "Plan Width": 8,
                        "Actual Startup Time": 552.797,
                        "Actual Total Time": 863.765,
                        "Actual Rows": 662680,
                        "Actual Loops": 2,
                        "Inner Unique": true,
                        "Hash Cond": "(mi.movie_id = t.id)",
                        "Plans": [
                          {
                            "Node Type": "Bitmap Heap Scan",
                            "Parent Relationship": "Outer",
                            "Parallel Aware": true,
                            "Relation Name": "movie_info",
                            "Alias": "mi",
                            "Startup Cost": 23986.4,
                            "Total Cost": 195715.6,
                            "Plan Rows": 778896,
                            "Plan Width": 4,
                            "Actual Startup Time": 44.092,
                            "Actual Total Time": 101.925,
                            "Actual Rows": 662680,
                            "Actual Loops": 2,
                            "Recheck Cond": "(info_type_id = 8)",
                            "Rows Removed by Index Recheck": 0,
                            "Exact Heap Blocks": 4048,
                            "Lossy Heap Blocks": 0,
                            "Plans": [
                              {
                                "Node Type": "Bitmap Index Scan",
                                "Parent Relationship": "Outer",
                                "Parallel Aware": false,
                                "Index Name": "info_type_id_movie_info",
                                "Startup Cost": 0.0,
                                "Total Cost": 23655.37,
                                "Plan Rows": 1324124,
                                "Plan Width": 0,
                                "Actual Startup Time": 42.931,
                                "Actual Total Time": 42.931,
                                "Actual Rows": 1325361,
                                "Actual Loops": 1,
                                "Index Cond": "(info_type_id = 8)"
                              }
                            ]
                          },
                          {
                            "Node Type": "Hash",
                            "Parent Relationship": "Inner",
                            "Parallel Aware": true,
                            "Startup Cost": 50870.31,
                            "Total Cost": 50870.31,
                            "Plan Rows": 1487231,
                            "Plan Width": 4,
                            "Actual Startup Time": 495.426,
                            "Actual Total Time": 495.426,
                            "Actual Rows": 1264156,
                            "Actual Loops": 2,
                            "Hash Buckets": 4194304,
                            "Original Hash Buckets": 4194304,
                            "Hash Batches": 1,
                            "Original Hash Batches": 1,
                            "Peak Memory Usage": 131712,
                            "Plans": [
                              {
                                "Node Type": "Seq Scan",
                                "Parent Relationship": "Outer",
                                "Parallel Aware": true,
                                "Relation Name": "title",
                                "Alias": "t",
                                "Startup Cost": 0.0,
                                "Total Cost": 50870.31,
                                "Plan Rows": 1487231,
                                "Plan Width": 4,
                                "Actual Startup Time": 0.028,
                                "Actual Total Time": 150.335,
                                "Actual Rows": 1264156,
                                "Actual Loops": 2
                              }
                            ]
                          }
                        ]
                      }
                    ]
                  }
                ]
              }
            ]
          }
        ]
      }
    ]
  },
  "Planning Time": 0.95,
  "Triggers": [],
  "Execution Time": 8363.093
}