{
  "Plan": {
    "Node Type": "Aggregate",
    "Strategy": "Plain",
    "Partial Mode": "Finalize",
    "Parallel Aware": false,
    "Startup Cost": 83146.35,
    "Total Cost": 83146.36,
    "Plan Rows": 1,
    "Plan Width": 8,
    "Actual Startup Time": 203.35,
    "Actual Total Time": 213.645,
    "Actual Rows": 1,
    "Actual Loops": 1,
    "Plans": [
      {
        "Node Type": "Gather",
        "Parent Relationship": "Outer",
        "Parallel Aware": false,
        "Startup Cost": 83146.24,
        "Total Cost": 83146.35,
        "Plan Rows": 1,
        "Plan Width": 8,
        "Actual Startup Time": 202.24,
        "Actual Total Time": 213.637,
        "Actual Rows": 2,
        "Actual Loops": 1,
        "Workers Planned": 1,
        "Workers Launched": 1,
        "Single Copy": false,
        "Plans": [
          {
            "Node Type": "Aggregate",
            "Strategy": "Plain",
            "Partial Mode": "Partial",
            "Parent Relationship": "Outer",
            "Parallel Aware": false,
            "Startup Cost": 82146.24,
            "Total Cost": 82146.25,
            "Plan Rows": 1,
            "Plan Width": 8,
            "Actual Startup Time": 196.334,
            "Actual Total Time": 196.543,
            "Actual Rows": 1,
            "Actual Loops": 2,
            "Plans": [
              {
                "Node Type": "Hash Join",
                "Parent Relationship": "Outer",
                "Parallel Aware": true,
                "Join Type": "Inner",
                "Startup Cost": 56100.6,
                "Total Cost": 82142.01,
                "Plan Rows": 1692,
                "Plan Width": 0,
                "Actual Startup Time": 170.849,
                "Actual Total Time": 195.863,
                "Actual Rows": 9062,
                "Actual Loops": 2,
                "Inner Unique": true,
                "Hash Cond": "(mk.movie_id = t.id)",
                "Plans": [
                  {
                    "Node Type": "Bitmap Heap Scan",
                    "Parent Relationship": "Outer",
                    "Parallel Aware": true,
                    "Relation Name": "movie_keyword",
                    "Alias": "mk",
                    "Startup Cost": 672.69,
                    "Total Cost": 26665.43,
                    "Plan Rows": 18539,
                    "Plan Width": 4,
                    "Actual Startup Time": 5.932,
                    "Actual Total Time": 27.048,
                    "Actual Rows": 14720,
                    "Actual Loops": 2,
                    "Recheck Cond": "(keyword_id = 359)",
                    "Rows Removed by Index Recheck": 0,
                    "Exact Heap Blocks": 8022,
                    "Lossy Heap Blocks": 0,
                    "Plans": [
                      {
                        "Node Type": "Bitmap Index Scan",
                        "Parent Relationship": "Outer",
                        "Parallel Aware": false,
                        "Index Name": "keyword_id_movie_keyword",
                        "Startup Cost": 0.0,
                        "Total Cost": 664.81,
                        "Plan Rows": 31517,
                        "Plan Width": 0,
                        "Actual Startup Time": 3.239,
                        "Actual Total Time": 3.239,
                        "Actual Rows": 29440,
                        "Actual Loops": 1,
                        "Index Cond": "(keyword_id = 359)"
                      }
                    ]
                  },
                  {
                    "Node Type": "Hash",
                    "Parent Relationship": "Inner",
                    "Parallel Aware": true,
                    "Startup Cost": 53730.81,
                    "Total Cost": 53730.81,
                    "Plan Rows": 135768,
                    "Plan Width": 4,
                    "Actual Startup Time": 160.074,
                    "Actual Total Time": 160.075,
                    "Actual Rows": 176538,
                    "Actual Loops": 2,
                    "Hash Buckets": 524288,
                    "Original Hash Buckets": 262144,
                    "Hash Batches": 1,
                    "Original Hash Batches": 1,
                    "Peak Memory Usage": 20000,
                    "Plans": [
                      {
                        "Node Type": "Bitmap Heap Scan",
                        "Parent Relationship": "Outer",
                        "Parallel Aware": true,
                        "Relation Name": "title",
                        "Alias": "t",
                        "Startup Cost": 11880.55,
                        "Total Cost": 53730.81,
                        "Plan Rows": 135768,
                        "Plan Width": 4,
                        "Actual Startup Time": 31.388,
                        "Actual Total Time": 109.111,
                        "Actual Rows": 176538,
                        "Actual Loops": 2,
                        "Recheck Cond": "(kind_id = 1)",
                        "Rows Removed by Index Recheck": 0,
                        "Filter": "(production_year < 1997)",
                        "Rows Removed by Filter": 154875,
                        "Exact Heap Blocks": 6664,
                        "Lossy Heap Blocks": 0,
                        "Plans": [
                          {
                            "Node Type": "Bitmap Index Scan",
                            "Parent Relationship": "Outer",
                            "Parallel Aware": false,
                            "Index Name": "kind_id_title",
                            "Startup Cost": 0.0,
                            "Total Cost": 11822.85,
                            "Plan Rows": 663256,
                            "Plan Width": 0,
                            "Actual Startup Time": 32.868,
                            "Actual Total Time": 32.868,
                            "Actual Rows": 662825,
                            "Actual Loops": 1,
                            "Index Cond": "(kind_id = 1)"
                          }
                        ]
                      }
                    ]
                  }
                ]
              }
            ]
          }
        ]
      }
    ]
  },
  "Planning Time": 0.214,
  "Triggers": [],
  "Execution Time": 213.699
}