{
    "Plan": {
        "Node Type": "Aggregate",
        "Strategy": "Plain",
        "Partial Mode": "Finalize",
        "Parallel Aware": false,
        "Startup Cost": 296696.63,
        "Total Cost": 296696.64,
        "Plan Rows": 1,
        "Plan Width": 8,
        "Actual Startup Time": 1299.798,
        "Actual Total Time": 1354.01,
        "Actual Rows": 1,
        "Actual Loops": 1,
        "Output": [
            "count(*)"
        ],
        "Plans": [
            {
                "Node Type": "Gather",
                "Parent Relationship": "Outer",
                "Parallel Aware": false,
                "Startup Cost": 296696.31,
                "Total Cost": 296696.62,
                "Plan Rows": 3,
                "Plan Width": 8,
                "Actual Startup Time": 1292.552,
                "Actual Total Time": 1354.001,
                "Actual Rows": 4,
                "Actual Loops": 1,
                "Output": [
                    "(PARTIAL count(*))"
                ],
                "Workers Planned": 3,
                "Workers Launched": 3,
                "Single Copy": false,
                "Plans": [
                    {
                        "Node Type": "Aggregate",
                        "Strategy": "Plain",
                        "Partial Mode": "Partial",
                        "Parent Relationship": "Outer",
                        "Parallel Aware": false,
                        "Startup Cost": 295696.31,
                        "Total Cost": 295696.32,
                        "Plan Rows": 1,
                        "Plan Width": 8,
                        "Actual Startup Time": 1281.497,
                        "Actual Total Time": 1281.503,
                        "Actual Rows": 1,
                        "Actual Loops": 4,
                        "Output": [
                            "PARTIAL count(*)"
                        ],
                        "Workers": [
                            {
                                "Worker Number": 0,
                                "Actual Startup Time": 1277.869,
                                "Actual Total Time": 1277.875,
                                "Actual Rows": 1,
                                "Actual Loops": 1
                            },
                            {
                                "Worker Number": 1,
                                "Actual Startup Time": 1277.865,
                                "Actual Total Time": 1277.871,
                                "Actual Rows": 1,
                                "Actual Loops": 1
                            },
                            {
                                "Worker Number": 2,
                                "Actual Startup Time": 1278.525,
                                "Actual Total Time": 1278.53,
                                "Actual Rows": 1,
                                "Actual Loops": 1
                            }
                        ],
                        "Plans": [
                            {
                                "Node Type": "Hash Join",
                                "Parent Relationship": "Outer",
                                "Parallel Aware": true,
                                "Join Type": "Inner",
                                "Startup Cost": 249652.75,
                                "Total Cost": 294849.79,
                                "Plan Rows": 338610,
                                "Plan Width": 0,
                                "Actual Startup Time": 829.548,
                                "Actual Total Time": 1198.051,
                                "Actual Rows": 2193080,
                                "Actual Loops": 4,
                                "Inner Unique": false,
                                "Hash Cond": "(mk.movie_id = t.id)",
                                "Workers": [
                                    {
                                        "Worker Number": 0,
                                        "Actual Startup Time": 826.463,
                                        "Actual Total Time": 1197.15,
                                        "Actual Rows": 2135486,
                                        "Actual Loops": 1
                                    },
                                    {
                                        "Worker Number": 1,
                                        "Actual Startup Time": 826.431,
                                        "Actual Total Time": 1195.551,
                                        "Actual Rows": 2133534,
                                        "Actual Loops": 1
                                    },
                                    {
                                        "Worker Number": 2,
                                        "Actual Startup Time": 827.104,
                                        "Actual Total Time": 1196.261,
                                        "Actual Rows": 2164992,
                                        "Actual Loops": 1
                                    }
                                ],
                                "Plans": [
                                    {
                                        "Node Type": "Seq Scan",
                                        "Parent Relationship": "Outer",
                                        "Parallel Aware": true,
                                        "Relation Name": "movie_keyword",
                                        "Schema": "public",
                                        "Alias": "mk",
                                        "Startup Cost": 0.0,
                                        "Total Cost": 39047.32,
                                        "Plan Rows": 1459332,
                                        "Plan Width": 4,
                                        "Actual Startup Time": 0.02,
                                        "Actual Total Time": 99.707,
                                        "Actual Rows": 1130982,
                                        "Actual Loops": 4,
                                        "Output": [
                                            "mk.id",
                                            "mk.movie_id",
                                            "mk.keyword_id"
                                        ],
                                        "Workers": [
                                            {
                                                "Worker Number": 0,
                                                "Actual Startup Time": 0.022,
                                                "Actual Total Time": 106.249,
                                                "Actual Rows": 1097975,
                                                "Actual Loops": 1
                                            },
                                            {
                                                "Worker Number": 1,
                                                "Actual Startup Time": 0.023,
                                                "Actual Total Time": 106.232,
                                                "Actual Rows": 1098160,
                                                "Actual Loops": 1
                                            },
                                            {
                                                "Worker Number": 2,
                                                "Actual Startup Time": 0.023,
                                                "Actual Total Time": 105.728,
                                                "Actual Rows": 1111110,
                                                "Actual Loops": 1
                                            }
                                        ]
                                    },
                                    {
                                        "Node Type": "Hash",
                                        "Parent Relationship": "Inner",
                                        "Parallel Aware": true,
                                        "Startup Cost": 248186.12,
                                        "Total Cost": 248186.12,
                                        "Plan Rows": 117330,
                                        "Plan Width": 8,
                                        "Actual Startup Time": 824.18,
                                        "Actual Total Time": 824.185,
                                        "Actual Rows": 377336,
                                        "Actual Loops": 4,
                                        "Output": [
                                            "t.id",
                                            "mi.movie_id"
                                        ],
                                        "Hash Buckets": 2097152,
                                        "Original Hash Buckets": 1048576,
                                        "Hash Batches": 1,
                                        "Original Hash Batches": 1,
                                        "Peak Memory Usage": 83712,
                                        "Workers": [
                                            {
                                                "Worker Number": 0,
                                                "Actual Startup Time": 825.693,
                                                "Actual Total Time": 825.698,
                                                "Actual Rows": 362425,
                                                "Actual Loops": 1
                                            },
                                            {
                                                "Worker Number": 1,
                                                "Actual Startup Time": 825.709,
                                                "Actual Total Time": 825.712,
                                                "Actual Rows": 363907,
                                                "Actual Loops": 1
                                            },
                                            {
                                                "Worker Number": 2,
                                                "Actual Startup Time": 826.375,
                                                "Actual Total Time": 826.378,
                                                "Actual Rows": 385376,
                                                "Actual Loops": 1
                                            }
                                        ],
                                        "Plans": [
                                            {
                                                "Node Type": "Hash Join",
                                                "Parent Relationship": "Outer",
                                                "Parallel Aware": true,
                                                "Join Type": "Inner",
                                                "Startup Cost": 48499.76,
                                                "Total Cost": 248186.12,
                                                "Plan Rows": 117330,
                                                "Plan Width": 8,
                                                "Actual Startup Time": 508.464,
                                                "Actual Total Time": 685.47,
                                                "Actual Rows": 377336,
                                                "Actual Loops": 4,
                                                "Output": [
                                                    "t.id",
                                                    "mi.movie_id"
                                                ],
                                                "Inner Unique": true,
                                                "Hash Cond": "(mi.movie_id = t.id)",
                                                "Workers": [
                                                    {
                                                        "Worker Number": 0,
                                                        "Actual Startup Time": 508.438,
                                                        "Actual Total Time": 686.213,
                                                        "Actual Rows": 362425,
                                                        "Actual Loops": 1
                                                    },
                                                    {
                                                        "Worker Number": 1,
                                                        "Actual Startup Time": 508.414,
                                                        "Actual Total Time": 685.881,
                                                        "Actual Rows": 363907,
                                                        "Actual Loops": 1
                                                    },
                                                    {
                                                        "Worker Number": 2,
                                                        "Actual Startup Time": 508.442,
                                                        "Actual Total Time": 685.396,
                                                        "Actual Rows": 385376,
                                                        "Actual Loops": 1
                                                    }
                                                ],
                                                "Plans": [
                                                    {
                                                        "Node Type": "Seq Scan",
                                                        "Parent Relationship": "Outer",
                                                        "Parallel Aware": true,
                                                        "Relation Name": "movie_info",
                                                        "Schema": "public",
                                                        "Alias": "mi",
                                                        "Startup Cost": 0.0,
                                                        "Total Cost": 198880.74,
                                                        "Plan Rows": 306906,
                                                        "Plan Width": 4,
                                                        "Actual Startup Time": 312.567,
                                                        "Actual Total Time": 363.382,
                                                        "Actual Rows": 383477,
                                                        "Actual Loops": 4,
                                                        "Output": [
                                                            "mi.id",
                                                            "mi.movie_id",
                                                            "mi.info_type_id",
                                                            "mi.info",
                                                            "mi.note"
                                                        ],
                                                        "Filter": "(mi.info_type_id = 3)",
                                                        "Rows Removed by Filter": 3325453,
                                                        "Workers": [
                                                            {
                                                                "Worker Number": 0,
                                                                "Actual Startup Time": 312.625,
                                                                "Actual Total Time": 363.985,
                                                                "Actual Rows": 368049,
                                                                "Actual Loops": 1
                                                            },
                                                            {
                                                                "Worker Number": 1,
                                                                "Actual Startup Time": 312.494,
                                                                "Actual Total Time": 363.792,
                                                                "Actual Rows": 370172,
                                                                "Actual Loops": 1
                                                            },
                                                            {
                                                                "Worker Number": 2,
                                                                "Actual Startup Time": 312.512,
                                                                "Actual Total Time": 365.116,
                                                                "Actual Rows": 391823,
                                                                "Actual Loops": 1
                                                            }
                                                        ]
                                                    },
                                                    {
                                                        "Node Type": "Hash",
                                                        "Parent Relationship": "Inner",
                                                        "Parallel Aware": true,
                                                        "Startup Cost": 45479.21,
                                                        "Total Cost": 45479.21,
                                                        "Plan Rows": 241644,
                                                        "Plan Width": 4,
                                                        "Actual Startup Time": 193.165,
                                                        "Actual Total Time": 193.166,
                                                        "Actual Rows": 244444,
                                                        "Actual Loops": 4,
                                                        "Output": [
                                                            "t.id"
                                                        ],
                                                        "Hash Buckets": 1048576,
                                                        "Original Hash Buckets": 1048576,
                                                        "Hash Batches": 1,
                                                        "Original Hash Batches": 1,
                                                        "Peak Memory Usage": 46496,
                                                        "Workers": [
                                                            {
                                                                "Worker Number": 0,
                                                                "Actual Startup Time": 195.727,
                                                                "Actual Total Time": 195.728,
                                                                "Actual Rows": 229130,
                                                                "Actual Loops": 1
                                                            },
                                                            {
                                                                "Worker Number": 1,
                                                                "Actual Startup Time": 195.687,
                                                                "Actual Total Time": 195.688,
                                                                "Actual Rows": 230516,
                                                                "Actual Loops": 1
                                                            },
                                                            {
                                                                "Worker Number": 2,
                                                                "Actual Startup Time": 195.717,
                                                                "Actual Total Time": 195.718,
                                                                "Actual Rows": 239612,
                                                                "Actual Loops": 1
                                                            }
                                                        ],
                                                        "Plans": [
                                                            {
                                                                "Node Type": "Seq Scan",
                                                                "Parent Relationship": "Outer",
                                                                "Parallel Aware": true,
                                                                "Relation Name": "title",
                                                                "Schema": "public",
                                                                "Alias": "t",
                                                                "Startup Cost": 0.0,
                                                                "Total Cost": 45479.21,
                                                                "Plan Rows": 241644,
                                                                "Plan Width": 4,
                                                                "Actual Startup Time": 0.068,
                                                                "Actual Total Time": 105.142,
                                                                "Actual Rows": 244444,
                                                                "Actual Loops": 4,
                                                                "Output": [
                                                                    "t.id"
                                                                ],
                                                                "Filter": "((t.kind_id < 7) AND (t.production_year > 0))",
                                                                "Rows Removed by Filter": 387634,
                                                                "Workers": [
                                                                    {
                                                                        "Worker Number": 0,
                                                                        "Actual Startup Time": 0.087,
                                                                        "Actual Total Time": 106.417,
                                                                        "Actual Rows": 229130,
                                                                        "Actual Loops": 1
                                                                    },
                                                                    {
                                                                        "Worker Number": 1,
                                                                        "Actual Startup Time": 0.085,
                                                                        "Actual Total Time": 106.794,
                                                                        "Actual Rows": 230516,
                                                                        "Actual Loops": 1
                                                                    },
                                                                    {
                                                                        "Worker Number": 2,
                                                                        "Actual Startup Time": 0.08,
                                                                        "Actual Total Time": 106.204,
                                                                        "Actual Rows": 239612,
                                                                        "Actual Loops": 1
                                                                    }
                                                                ]
                                                            }
                                                        ]
                                                    }
                                                ]
                                            }
                                        ]
                                    }
                                ]
                            }
                        ]
                    }
                ]
            }
        ]
    },
    "Planning Time": 1.472,
    "Triggers": [],
    "Execution Time": 1354.099
}