[
  {
    "Plan": {
      "Node Type": "Aggregate",
      "Strategy": "Plain",
      "Partial Mode": "Finalize",
      "Parallel Aware": false,
      "Startup Cost": 304507.63,
      "Total Cost": 304507.64,
      "Plan Rows": 1,
      "Plan Width": 8,
      "Actual Startup Time": 2721.388,
      "Actual Total Time": 2766.3,
      "Actual Rows": 1,
      "Actual Loops": 1,
      "Plans": [
        {
          "Node Type": "Gather",
          "Parent Relationship": "Outer",
          "Parallel Aware": false,
          "Startup Cost": 304507.1,
          "Total Cost": 304507.61,
          "Plan Rows": 5,
          "Plan Width": 8,
          "Actual Startup Time": 2695.036,
          "Actual Total Time": 2766.289,
          "Actual Rows": 6,
          "Actual Loops": 1,
          "Workers Planned": 5,
          "Workers Launched": 5,
          "Single Copy": false,
          "Plans": [
            {
              "Node Type": "Aggregate",
              "Strategy": "Plain",
              "Partial Mode": "Partial",
              "Parent Relationship": "Outer",
              "Parallel Aware": false,
              "Startup Cost": 303507.1,
              "Total Cost": 303507.11,
              "Plan Rows": 1,
              "Plan Width": 8,
              "Actual Startup Time": 2684.721,
              "Actual Total Time": 2685.241,
              "Actual Rows": 1,
              "Actual Loops": 6,
              "Plans": [
                {
                  "Node Type": "Hash Join",
                  "Parent Relationship": "Outer",
                  "Parallel Aware": true,
                  "Join Type": "Inner",
                  "Startup Cost": 93567.45,
                  "Total Cost": 301815.82,
                  "Plan Rows": 676515,
                  "Plan Width": 0,
                  "Actual Startup Time": 487.565,
                  "Actual Total Time": 2095.501,
                  "Actual Rows": 14992392,
                  "Actual Loops": 6,
                  "Inner Unique": false,
                  "Hash Cond": "(mi.movie_id = t.id)",
                  "Plans": [
                    {
                      "Node Type": "Seq Scan",
                      "Parent Relationship": "Outer",
                      "Parallel Aware": true,
                      "Relation Name": "movie_info",
                      "Alias": "mi",
                      "Startup Cost": 0.0,
                      "Total Cost": 198952.16,
                      "Plan Rows": 1897040,
                      "Plan Width": 4,
                      "Actual Startup Time": 0.035,
                      "Actual Total Time": 320.909,
                      "Actual Rows": 1594192,
                      "Actual Loops": 6,
                      "Filter": "(info_type_id < 16)",
                      "Rows Removed by Filter": 878428
                    },
                    {
                      "Node Type": "Hash",
                      "Parent Relationship": "Inner",
                      "Parallel Aware": true,
                      "Startup Cost": 89931.85,
                      "Total Cost": 89931.85,
                      "Plan Rows": 290848,
                      "Plan Width": 8,
                      "Actual Startup Time": 470.067,
                      "Actual Total Time": 470.585,
                      "Actual Rows": 436610,
                      "Actual Loops": 6,
                      "Hash Buckets": 4194304,
                      "Original Hash Buckets": 1048576,
                      "Hash Batches": 1,
                      "Original Hash Batches": 1,
                      "Peak Memory Usage": 159904,
                      "Plans": [
                        {
                          "Node Type": "Hash Join",
                          "Parent Relationship": "Outer",
                          "Parallel Aware": true,
                          "Join Type": "Inner",
                          "Startup Cost": 47053.77,
                          "Total Cost": 89931.85,
                          "Plan Rows": 290848,
                          "Plan Width": 8,
                          "Actual Startup Time": 145.327,
                          "Actual Total Time": 297.742,
                          "Actual Rows": 436610,
                          "Actual Loops": 6,
                          "Inner Unique": true,
                          "Hash Cond": "(mk.movie_id = t.id)",
                          "Plans": [
                            {
                              "Node Type": "Seq Scan",
                              "Parent Relationship": "Outer",
                              "Parallel Aware": true,
                              "Relation Name": "movie_keyword",
                              "Alias": "mk",
                              "Startup Cost": 0.0,
                              "Total Cost": 39047.32,
                              "Plan Rows": 1459332,
                              "Plan Width": 4,
                              "Actual Startup Time": 0.023,
                              "Actual Total Time": 68.052,
                              "Actual Rows": 753988,
                              "Actual Loops": 6
                            },
                            {
                              "Node Type": "Hash",
                              "Parent Relationship": "Inner",
                              "Parallel Aware": true,
                              "Startup Cost": 45479.1,
                              "Total Cost": 45479.1,
                              "Plan Rows": 125974,
                              "Plan Width": 4,
                              "Actual Startup Time": 117.224,
                              "Actual Total Time": 117.225,
                              "Actual Rows": 87355,
                              "Actual Loops": 6,
                              "Hash Buckets": 524288,
                              "Original Hash Buckets": 524288,
                              "Hash Batches": 1,
                              "Original Hash Batches": 1,
                              "Peak Memory Usage": 24704,
                              "Plans": [
                                {
                                  "Node Type": "Seq Scan",
                                  "Parent Relationship": "Outer",
                                  "Parallel Aware": true,
                                  "Relation Name": "title",
                                  "Alias": "t",
                                  "Startup Cost": 0.0,
                                  "Total Cost": 45479.1,
                                  "Plan Rows": 125974,
                                  "Plan Width": 4,
                                  "Actual Startup Time": 53.243,
                                  "Actual Total Time": 84.611,
                                  "Actual Rows": 87355,
                                  "Actual Loops": 6,
                                  "Filter": "((production_year < 2010) AND (kind_id = 1))",
                                  "Rows Removed by Filter": 334030
                                }
                              ]
                            }
                          ]
                        }
                      ]
                    }
                  ]
                }
              ]
            }
          ]
        }
      ]
    },
    "Planning Time": 1.331,
    "Triggers": [],
    "Execution Time": 2766.385
  }
]