{
  "Plan": {
    "Node Type": "Aggregate",
    "Strategy": "Plain",
    "Partial Mode": "Finalize",
    "Parallel Aware": false,
    "Startup Cost": 472273.89,
    "Total Cost": 472273.9,
    "Plan Rows": 1,
    "Plan Width": 8,
    "Actual Startup Time": 2073.662,
    "Actual Total Time": 2099.888,
    "Actual Rows": 1,
    "Actual Loops": 1,
    "Plans": [
      {
        "Node Type": "Gather",
        "Parent Relationship": "Outer",
        "Parallel Aware": false,
        "Startup Cost": 472273.78,
        "Total Cost": 472273.89,
        "Plan Rows": 1,
        "Plan Width": 8,
        "Actual Startup Time": 2068.124,
        "Actual Total Time": 2099.88,
        "Actual Rows": 2,
        "Actual Loops": 1,
        "Workers Planned": 1,
        "Workers Launched": 1,
        "Single Copy": false,
        "Plans": [
          {
            "Node Type": "Aggregate",
            "Strategy": "Plain",
            "Partial Mode": "Partial",
            "Parent Relationship": "Outer",
            "Parallel Aware": false,
            "Startup Cost": 471273.78,
            "Total Cost": 471273.79,
            "Plan Rows": 1,
            "Plan Width": 8,
            "Actual Startup Time": 2054.812,
            "Actual Total Time": 2054.816,
            "Actual Rows": 1,
            "Actual Loops": 2,
            "Plans": [
              {
                "Node Type": "Hash Join",
                "Parent Relationship": "Outer",
                "Parallel Aware": true,
                "Join Type": "Inner",
                "Startup Cost": 172317.69,
                "Total Cost": 468897.75,
                "Plan Rows": 950411,
                "Plan Width": 0,
                "Actual Startup Time": 776.33,
                "Actual Total Time": 1964.371,
                "Actual Rows": 1744006,
                "Actual Loops": 2,
                "Inner Unique": true,
                "Hash Cond": "(ci.movie_id = t.id)",
                "Plans": [
                  {
                    "Node Type": "Bitmap Heap Scan",
                    "Parent Relationship": "Outer",
                    "Parallel Aware": true,
                    "Relation Name": "cast_info",
                    "Alias": "ci",
                    "Startup Cost": 102856.99,
                    "Total Cost": 396942.23,
                    "Plan Rows": 950411,
                    "Plan Width": 4,
                    "Actual Startup Time": 164.545,
                    "Actual Total Time": 538.448,
                    "Actual Rows": 1744006,
                    "Actual Loops": 2,
                    "Recheck Cond": "(person_id < 468350)",
                    "Rows Removed by Index Recheck": 0,
                    "Filter": "(role_id = 1)",
                    "Rows Removed by Filter": 666487,
                    "Exact Heap Blocks": 32702,
                    "Lossy Heap Blocks": 0,
                    "Plans": [
                      {
                        "Node Type": "Bitmap Index Scan",
                        "Parent Relationship": "Outer",
                        "Parallel Aware": false,
                        "Index Name": "person_id_cast_info",
                        "Startup Cost": 0.0,
                        "Total Cost": 102453.07,
                        "Plan Rows": 4691800,
                        "Plan Width": 0,
                        "Actual Startup Time": 156.396,
                        "Actual Total Time": 156.397,
                        "Actual Rows": 4820987,
                        "Actual Loops": 1,
                        "Index Cond": "(person_id < 468350)"
                      }
                    ]
                  },
                  {
                    "Node Type": "Hash",
                    "Parent Relationship": "Inner",
                    "Parallel Aware": true,
                    "Startup Cost": 50870.31,
                    "Total Cost": 50870.31,
                    "Plan Rows": 1487231,
                    "Plan Width": 4,
                    "Actual Startup Time": 589.538,
                    "Actual Total Time": 589.539,
                    "Actual Rows": 1264156,
                    "Actual Loops": 2,
                    "Hash Buckets": 4194304,
                    "Original Hash Buckets": 4194304,
                    "Hash Batches": 1,
                    "Original Hash Batches": 1,
                    "Peak Memory Usage": 131712,
                    "Plans": [
                      {
                        "Node Type": "Seq Scan",
                        "Parent Relationship": "Outer",
                        "Parallel Aware": true,
                        "Relation Name": "title",
                        "Alias": "t",
                        "Startup Cost": 0.0,
                        "Total Cost": 50870.31,
                        "Plan Rows": 1487231,
                        "Plan Width": 4,
                        "Actual Startup Time": 0.027,
                        "Actual Total Time": 181.13,
                        "Actual Rows": 1264156,
                        "Actual Loops": 2
                      }
                    ]
                  }
                ]
              }
            ]
          }
        ]
      }
    ]
  },
  "Planning Time": 0.746,
  "Triggers": [],
  "Execution Time": 2099.978
}