{
  "Plan": {
    "Node Type": "Aggregate",
    "Strategy": "Plain",
    "Partial Mode": "Finalize",
    "Parallel Aware": false,
    "Startup Cost": 104480.43,
    "Total Cost": 104480.44,
    "Plan Rows": 1,
    "Plan Width": 8,
    "Actual Startup Time": 257.873,
    "Actual Total Time": 280.16,
    "Actual Rows": 1,
    "Actual Loops": 1,
    "Plans": [
      {
        "Node Type": "Gather",
        "Parent Relationship": "Outer",
        "Parallel Aware": false,
        "Startup Cost": 104480.32,
        "Total Cost": 104480.43,
        "Plan Rows": 1,
        "Plan Width": 8,
        "Actual Startup Time": 257.496,
        "Actual Total Time": 280.153,
        "Actual Rows": 2,
        "Actual Loops": 1,
        "Workers Planned": 1,
        "Workers Launched": 1,
        "Single Copy": false,
        "Plans": [
          {
            "Node Type": "Aggregate",
            "Strategy": "Plain",
            "Partial Mode": "Partial",
            "Parent Relationship": "Outer",
            "Parallel Aware": false,
            "Startup Cost": 103480.32,
            "Total Cost": 103480.33,
            "Plan Rows": 1,
            "Plan Width": 8,
            "Actual Startup Time": 254.218,
            "Actual Total Time": 254.223,
            "Actual Rows": 1,
            "Actual Loops": 2,
            "Plans": [
              {
                "Node Type": "Nested Loop",
                "Parent Relationship": "Outer",
                "Parallel Aware": false,
                "Join Type": "Inner",
                "Startup Cost": 64232.96,
                "Total Cost": 103451.33,
                "Plan Rows": 11596,
                "Plan Width": 0,
                "Actual Startup Time": 160.851,
                "Actual Total Time": 252.273,
                "Actual Rows": 37624,
                "Actual Loops": 2,
                "Inner Unique": false,
                "Join Filter": "(t.id = mi.movie_id)",
                "Rows Removed by Join Filter": 0,
                "Plans": [
                  {
                    "Node Type": "Hash Join",
                    "Parent Relationship": "Outer",
                    "Parallel Aware": true,
                    "Join Type": "Inner",
                    "Startup Cost": 64232.53,
                    "Total Cost": 85423.33,
                    "Plan Rows": 2060,
                    "Plan Width": 8,
                    "Actual Startup Time": 160.793,
                    "Actual Total Time": 208.632,
                    "Actual Rows": 2980,
                    "Actual Loops": 2,
                    "Inner Unique": true,
                    "Hash Cond": "(mc.movie_id = t.id)",
                    "Plans": [
                      {
                        "Node Type": "Bitmap Heap Scan",
                        "Parent Relationship": "Outer",
                        "Parallel Aware": true,
                        "Relation Name": "movie_companies",
                        "Alias": "mc",
                        "Startup Cost": 5398.08,
                        "Total Cost": 26398.47,
                        "Plan Rows": 72540,
                        "Plan Width": 4,
                        "Actual Startup Time": 15.073,
                        "Actual Total Time": 47.99,
                        "Actual Rows": 95315,
                        "Actual Loops": 2,
                        "Recheck Cond": "(company_id < 119)",
                        "Rows Removed by Index Recheck": 0,
                        "Filter": "(company_type_id < 2)",
                        "Rows Removed by Filter": 29146,
                        "Exact Heap Blocks": 11898,
                        "Lossy Heap Blocks": 0,
                        "Plans": [
                          {
                            "Node Type": "Bitmap Index Scan",
                            "Parent Relationship": "Outer",
                            "Parallel Aware": false,
                            "Index Name": "company_id_movie_companies",
                            "Startup Cost": 0.0,
                            "Total Cost": 5367.26,
                            "Plan Rows": 250510,
                            "Plan Width": 0,
                            "Actual Startup Time": 12.506,
                            "Actual Total Time": 12.506,
                            "Actual Rows": 248921,
                            "Actual Loops": 1,
                            "Index Cond": "(company_id < 119)"
                          }
                        ]
                      },
                      {
                        "Node Type": "Hash",
                        "Parent Relationship": "Inner",
                        "Parallel Aware": true,
                        "Startup Cost": 58306.47,
                        "Total Cost": 58306.47,
                        "Plan Rows": 42238,
                        "Plan Width": 4,
                        "Actual Startup Time": 144.246,
                        "Actual Total Time": 144.247,
                        "Actual Rows": 39774,
                        "Actual Loops": 2,
                        "Hash Buckets": 131072,
                        "Original Hash Buckets": 131072,
                        "Hash Batches": 1,
                        "Original Hash Batches": 1,
                        "Peak Memory Usage": 4160,
                        "Plans": [
                          {
                            "Node Type": "Seq Scan",
                            "Parent Relationship": "Outer",
                            "Parallel Aware": true,
                            "Relation Name": "title",
                            "Alias": "t",
                            "Startup Cost": 0.0,
                            "Total Cost": 58306.47,
                            "Plan Rows": 42238,
                            "Plan Width": 4,
                            "Actual Startup Time": 0.024,
                            "Actual Total Time": 132.795,
                            "Actual Rows": 39774,
                            "Actual Loops": 2,
                            "Filter": "((kind_id > 1) AND (production_year = 2005))",
                            "Rows Removed by Filter": 1224382
                          }
                        ]
                      }
                    ]
                  },
                  {
                    "Node Type": "Index Scan",
                    "Parent Relationship": "Inner",
                    "Parallel Aware": false,
                    "Scan Direction": "Forward",
                    "Index Name": "movie_id_movie_info",
                    "Relation Name": "movie_info",
                    "Alias": "mi",
                    "Startup Cost": 0.43,
                    "Total Cost": 8.25,
                    "Plan Rows": 40,
                    "Plan Width": 4,
                    "Actual Startup Time": 0.005,
                    "Actual Total Time": 0.013,
                    "Actual Rows": 13,
                    "Actual Loops": 5961,
                    "Index Cond": "(movie_id = mc.movie_id)",
                    "Rows Removed by Index Recheck": 0,
                    "Filter": "(info_type_id < 103)",
                    "Rows Removed by Filter": 0
                  }
                ]
              }
            ]
          }
        ]
      }
    ]
  },
  "Planning Time": 0.722,
  "Triggers": [],
  "Execution Time": 280.244
}