{
  "Plan": {
    "Node Type": "Aggregate",
    "Strategy": "Plain",
    "Partial Mode": "Finalize",
    "Parallel Aware": false,
    "Startup Cost": 80459.96,
    "Total Cost": 80459.97,
    "Plan Rows": 1,
    "Plan Width": 8,
    "Actual Startup Time": 166.26,
    "Actual Total Time": 178.633,
    "Actual Rows": 1,
    "Actual Loops": 1,
    "Plans": [
      {
        "Node Type": "Gather",
        "Parent Relationship": "Outer",
        "Parallel Aware": false,
        "Startup Cost": 80459.85,
        "Total Cost": 80459.96,
        "Plan Rows": 1,
        "Plan Width": 8,
        "Actual Startup Time": 166.072,
        "Actual Total Time": 178.625,
        "Actual Rows": 2,
        "Actual Loops": 1,
        "Workers Planned": 1,
        "Workers Launched": 1,
        "Single Copy": false,
        "Plans": [
          {
            "Node Type": "Aggregate",
            "Strategy": "Plain",
            "Partial Mode": "Partial",
            "Parent Relationship": "Outer",
            "Parallel Aware": false,
            "Startup Cost": 79459.85,
            "Total Cost": 79459.86,
            "Plan Rows": 1,
            "Plan Width": 8,
            "Actual Startup Time": 159.88,
            "Actual Total Time": 159.885,
            "Actual Rows": 1,
            "Actual Loops": 2,
            "Plans": [
              {
                "Node Type": "Hash Join",
                "Parent Relationship": "Outer",
                "Parallel Aware": true,
                "Join Type": "Inner",
                "Startup Cost": 20917.05,
                "Total Cost": 79458.68,
                "Plan Rows": 466,
                "Plan Width": 0,
                "Actual Startup Time": 102.218,
                "Actual Total Time": 159.878,
                "Actual Rows": 0,
                "Actual Loops": 2,
                "Inner Unique": false,
                "Hash Cond": "(t.id = mc.movie_id)",
                "Plans": [
                  {
                    "Node Type": "Seq Scan",
                    "Parent Relationship": "Outer",
                    "Parallel Aware": true,
                    "Relation Name": "title",
                    "Alias": "t",
                    "Startup Cost": 0.0,
                    "Total Cost": 58306.47,
                    "Plan Rows": 37188,
                    "Plan Width": 4,
                    "Actual Startup Time": 0.065,
                    "Actual Total Time": 127.237,
                    "Actual Rows": 26885,
                    "Actual Loops": 2,
                    "Filter": "((kind_id < 7) AND (production_year = 2011))",
                    "Rows Removed by Filter": 1237271
                  },
                  {
                    "Node Type": "Hash",
                    "Parent Relationship": "Inner",
                    "Parallel Aware": true,
                    "Startup Cost": 20684.25,
                    "Total Cost": 20684.25,
                    "Plan Rows": 18624,
                    "Plan Width": 4,
                    "Actual Startup Time": 27.896,
                    "Actual Total Time": 27.898,
                    "Actual Rows": 3289,
                    "Actual Loops": 2,
                    "Hash Buckets": 32768,
                    "Original Hash Buckets": 32768,
                    "Hash Batches": 1,
                    "Original Hash Batches": 1,
                    "Peak Memory Usage": 544,
                    "Plans": [
                      {
                        "Node Type": "Bitmap Heap Scan",
                        "Parent Relationship": "Outer",
                        "Parallel Aware": true,
                        "Relation Name": "movie_companies",
                        "Alias": "mc",
                        "Startup Cost": 1344.03,
                        "Total Cost": 20684.25,
                        "Plan Rows": 18624,
                        "Plan Width": 4,
                        "Actual Startup Time": 24.666,
                        "Actual Total Time": 26.906,
                        "Actual Rows": 3289,
                        "Actual Loops": 2,
                        "Recheck Cond": "(company_id = 6)",
                        "Rows Removed by Index Recheck": 0,
                        "Filter": "(company_type_id > 1)",
                        "Rows Removed by Filter": 27748,
                        "Exact Heap Blocks": 4512,
                        "Lossy Heap Blocks": 0,
                        "Plans": [
                          {
                            "Node Type": "Bitmap Index Scan",
                            "Parent Relationship": "Outer",
                            "Parallel Aware": false,
                            "Index Name": "company_id_movie_companies",
                            "Startup Cost": 0.0,
                            "Total Cost": 1336.12,
                            "Plan Rows": 62358,
                            "Plan Width": 0,
                            "Actual Startup Time": 9.586,
                            "Actual Total Time": 9.586,
                            "Actual Rows": 62075,
                            "Actual Loops": 1,
                            "Index Cond": "(company_id = 6)"
                          }
                        ]
                      }
                    ]
                  }
                ]
              }
            ]
          }
        ]
      }
    ]
  },
  "Planning Time": 0.521,
  "Triggers": [],
  "Execution Time": 178.732
}