[
  {
    "Plan": {
      "Node Type": "Aggregate",
      "Strategy": "Plain",
      "Partial Mode": "Finalize",
      "Parallel Aware": false,
      "Startup Cost": 246351.18,
      "Total Cost": 246351.19,
      "Plan Rows": 1,
      "Plan Width": 8,
      "Actual Startup Time": 605.391,
      "Actual Total Time": 650.284,
      "Actual Rows": 1,
      "Actual Loops": 1,
      "Plans": [
        {
          "Node Type": "Gather",
          "Parent Relationship": "Outer",
          "Parallel Aware": false,
          "Startup Cost": 246350.66,
          "Total Cost": 246351.17,
          "Plan Rows": 5,
          "Plan Width": 8,
          "Actual Startup Time": 605.007,
          "Actual Total Time": 650.274,
          "Actual Rows": 6,
          "Actual Loops": 1,
          "Workers Planned": 5,
          "Workers Launched": 5,
          "Single Copy": false,
          "Plans": [
            {
              "Node Type": "Aggregate",
              "Strategy": "Plain",
              "Partial Mode": "Partial",
              "Parent Relationship": "Outer",
              "Parallel Aware": false,
              "Startup Cost": 245350.66,
              "Total Cost": 245350.67,
              "Plan Rows": 1,
              "Plan Width": 8,
              "Actual Startup Time": 595.636,
              "Actual Total Time": 595.639,
              "Actual Rows": 1,
              "Actual Loops": 6,
              "Plans": [
                {
                  "Node Type": "Hash Join",
                  "Parent Relationship": "Outer",
                  "Parallel Aware": true,
                  "Join Type": "Inner",
                  "Startup Cost": 45763.15,
                  "Total Cost": 245084.91,
                  "Plan Rows": 106297,
                  "Plan Width": 0,
                  "Actual Startup Time": 332.818,
                  "Actual Total Time": 595.629,
                  "Actual Rows": 5,
                  "Actual Loops": 6,
                  "Inner Unique": true,
                  "Hash Cond": "(mi.movie_id = t.id)",
                  "Plans": [
                    {
                      "Node Type": "Seq Scan",
                      "Parent Relationship": "Outer",
                      "Parallel Aware": true,
                      "Relation Name": "movie_info",
                      "Alias": "mi",
                      "Startup Cost": 0.0,
                      "Total Cost": 191560.33,
                      "Plan Rows": 2956733,
                      "Plan Width": 4,
                      "Actual Startup Time": 0.031,
                      "Actual Total Time": 304.348,
                      "Actual Rows": 2472620,
                      "Actual Loops": 6
                    },
                    {
                      "Node Type": "Hash",
                      "Parent Relationship": "Inner",
                      "Parallel Aware": true,
                      "Startup Cost": 45479.1,
                      "Total Cost": 45479.1,
                      "Plan Rows": 22724,
                      "Plan Width": 4,
                      "Actual Startup Time": 78.973,
                      "Actual Total Time": 78.974,
                      "Actual Rows": 5,
                      "Actual Loops": 6,
                      "Hash Buckets": 131072,
                      "Original Hash Buckets": 131072,
                      "Hash Batches": 1,
                      "Original Hash Batches": 1,
                      "Peak Memory Usage": 1216,
                      "Plans": [
                        {
                          "Node Type": "Seq Scan",
                          "Parent Relationship": "Outer",
                          "Parallel Aware": true,
                          "Relation Name": "title",
                          "Alias": "t",
                          "Startup Cost": 0.0,
                          "Total Cost": 45479.1,
                          "Plan Rows": 22724,
                          "Plan Width": 4,
                          "Actual Startup Time": 26.924,
                          "Actual Total Time": 78.836,
                          "Actual Rows": 5,
                          "Actual Loops": 6,
                          "Filter": "((kind_id > 3) AND (production_year < 1939))",
                          "Rows Removed by Filter": 421380
                        }
                      ]
                    }
                  ]
                }
              ]
            }
          ]
        }
      ]
    },
    "Planning Time": 0.619,
    "Triggers": [],
    "Execution Time": 650.365
  }
]