[
  {
    "Plan": {
      "Node Type": "Aggregate",
      "Strategy": "Plain",
      "Partial Mode": "Finalize",
      "Parallel Aware": false,
      "Startup Cost": 45324.52,
      "Total Cost": 45324.53,
      "Plan Rows": 1,
      "Plan Width": 8,
      "Actual Startup Time": 178.088,
      "Actual Total Time": 189.689,
      "Actual Rows": 1,
      "Actual Loops": 1,
      "Plans": [
        {
          "Node Type": "Gather",
          "Parent Relationship": "Outer",
          "Parallel Aware": false,
          "Startup Cost": 45324.2,
          "Total Cost": 45324.51,
          "Plan Rows": 3,
          "Plan Width": 8,
          "Actual Startup Time": 177.915,
          "Actual Total Time": 189.675,
          "Actual Rows": 4,
          "Actual Loops": 1,
          "Workers Planned": 3,
          "Workers Launched": 3,
          "Single Copy": false,
          "Plans": [
            {
              "Node Type": "Aggregate",
              "Strategy": "Plain",
              "Partial Mode": "Partial",
              "Parent Relationship": "Outer",
              "Parallel Aware": false,
              "Startup Cost": 44324.2,
              "Total Cost": 44324.21,
              "Plan Rows": 1,
              "Plan Width": 8,
              "Actual Startup Time": 170.757,
              "Actual Total Time": 170.759,
              "Actual Rows": 1,
              "Actual Loops": 4,
              "Plans": [
                {
                  "Node Type": "Seq Scan",
                  "Parent Relationship": "Outer",
                  "Parallel Aware": true,
                  "Relation Name": "movie_keyword",
                  "Alias": "mk",
                  "Startup Cost": 0.0,
                  "Total Cost": 42695.65,
                  "Plan Rows": 651419,
                  "Plan Width": 0,
                  "Actual Startup Time": 0.426,
                  "Actual Total Time": 140.892,
                  "Actual Rows": 501970,
                  "Actual Loops": 4,
                  "Filter": "(keyword_id > 6226)",
                  "Rows Removed by Filter": 629013
                }
              ]
            }
          ]
        }
      ]
    },
    "Planning Time": 0.107,
    "Triggers": [],
    "Execution Time": 189.725
  }
]