[
  {
    "Plan": {
      "Node Type": "Aggregate",
      "Strategy": "Plain",
      "Partial Mode": "Finalize",
      "Parallel Aware": false,
      "Startup Cost": 251452.59,
      "Total Cost": 251452.6,
      "Plan Rows": 1,
      "Plan Width": 8,
      "Actual Startup Time": 1171.093,
      "Actual Total Time": 1215.665,
      "Actual Rows": 1,
      "Actual Loops": 1,
      "Plans": [
        {
          "Node Type": "Gather",
          "Parent Relationship": "Outer",
          "Parallel Aware": false,
          "Startup Cost": 251452.06,
          "Total Cost": 251452.57,
          "Plan Rows": 5,
          "Plan Width": 8,
          "Actual Startup Time": 1165.793,
          "Actual Total Time": 1215.655,
          "Actual Rows": 6,
          "Actual Loops": 1,
          "Workers Planned": 5,
          "Workers Launched": 5,
          "Single Copy": false,
          "Plans": [
            {
              "Node Type": "Aggregate",
              "Strategy": "Plain",
              "Partial Mode": "Partial",
              "Parent Relationship": "Outer",
              "Parallel Aware": false,
              "Startup Cost": 250452.06,
              "Total Cost": 250452.07,
              "Plan Rows": 1,
              "Plan Width": 8,
              "Actual Startup Time": 1154.795,
              "Actual Total Time": 1154.798,
              "Actual Rows": 1,
              "Actual Loops": 6,
              "Plans": [
                {
                  "Node Type": "Hash Join",
                  "Parent Relationship": "Outer",
                  "Parallel Aware": true,
                  "Join Type": "Inner",
                  "Startup Cost": 48398.76,
                  "Total Cost": 247720.53,
                  "Plan Rows": 1092615,
                  "Plan Width": 0,
                  "Actual Startup Time": 159.835,
                  "Actual Total Time": 1081.062,
                  "Actual Rows": 1664636,
                  "Actual Loops": 6,
                  "Inner Unique": true,
                  "Hash Cond": "(mi.movie_id = t.id)",
                  "Plans": [
                    {
                      "Node Type": "Seq Scan",
                      "Parent Relationship": "Outer",
                      "Parallel Aware": true,
                      "Relation Name": "movie_info",
                      "Alias": "mi",
                      "Startup Cost": 0.0,
                      "Total Cost": 191560.33,
                      "Plan Rows": 2956733,
                      "Plan Width": 4,
                      "Actual Startup Time": 0.025,
                      "Actual Total Time": 296.712,
                      "Actual Rows": 2472620,
                      "Actual Loops": 6
                    },
                    {
                      "Node Type": "Hash",
                      "Parent Relationship": "Inner",
                      "Parallel Aware": true,
                      "Startup Cost": 45479.1,
                      "Total Cost": 45479.1,
                      "Plan Rows": 233573,
                      "Plan Width": 4,
                      "Actual Startup Time": 154.055,
                      "Actual Total Time": 154.056,
                      "Actual Rows": 149986,
                      "Actual Loops": 6,
                      "Hash Buckets": 1048576,
                      "Original Hash Buckets": 1048576,
                      "Hash Batches": 1,
                      "Original Hash Batches": 1,
                      "Peak Memory Usage": 43520,
                      "Plans": [
                        {
                          "Node Type": "Seq Scan",
                          "Parent Relationship": "Outer",
                          "Parallel Aware": true,
                          "Relation Name": "title",
                          "Alias": "t",
                          "Startup Cost": 0.0,
                          "Total Cost": 45479.1,
                          "Plan Rows": 233573,
                          "Plan Width": 4,
                          "Actual Startup Time": 0.04,
                          "Actual Total Time": 88.424,
                          "Actual Rows": 149986,
                          "Actual Loops": 6,
                          "Filter": "((kind_id < 7) AND (production_year > 1917))",
                          "Rows Removed by Filter": 271400
                        }
                      ]
                    }
                  ]
                }
              ]
            }
          ]
        }
      ]
    },
    "Planning Time": 0.578,
    "Triggers": [],
    "Execution Time": 1215.741
  }
]