{
  "Plan": {
    "Node Type": "Aggregate",
    "Strategy": "Plain",
    "Partial Mode": "Finalize",
    "Parallel Aware": false,
    "Startup Cost": 155213.08,
    "Total Cost": 155213.09,
    "Plan Rows": 1,
    "Plan Width": 8,
    "Actual Startup Time": 1175.908,
    "Actual Total Time": 1199.237,
    "Actual Rows": 1,
    "Actual Loops": 1,
    "Plans": [
      {
        "Node Type": "Gather",
        "Parent Relationship": "Outer",
        "Parallel Aware": false,
        "Startup Cost": 155212.97,
        "Total Cost": 155213.08,
        "Plan Rows": 1,
        "Plan Width": 8,
        "Actual Startup Time": 1168.371,
        "Actual Total Time": 1199.228,
        "Actual Rows": 2,
        "Actual Loops": 1,
        "Workers Planned": 1,
        "Workers Launched": 1,
        "Single Copy": false,
        "Plans": [
          {
            "Node Type": "Aggregate",
            "Strategy": "Plain",
            "Partial Mode": "Partial",
            "Parent Relationship": "Outer",
            "Parallel Aware": false,
            "Startup Cost": 154212.97,
            "Total Cost": 154212.98,
            "Plan Rows": 1,
            "Plan Width": 8,
            "Actual Startup Time": 1162.666,
            "Actual Total Time": 1162.672,
            "Actual Rows": 1,
            "Actual Loops": 2,
            "Plans": [
              {
                "Node Type": "Hash Join",
                "Parent Relationship": "Outer",
                "Parallel Aware": true,
                "Join Type": "Inner",
                "Startup Cost": 116390.11,
                "Total Cost": 153940.51,
                "Plan Rows": 108986,
                "Plan Width": 0,
                "Actual Startup Time": 779.344,
                "Actual Total Time": 1146.361,
                "Actual Rows": 385285,
                "Actual Loops": 2,
                "Inner Unique": false,
                "Hash Cond": "(t.id = mi_idx.movie_id)",
                "Plans": [
                  {
                    "Node Type": "Hash Join",
                    "Parent Relationship": "Outer",
                    "Parallel Aware": true,
                    "Join Type": "Inner",
                    "Startup Cost": 94919.94,
                    "Total Cost": 128838.99,
                    "Plan Rows": 598050,
                    "Plan Width": 8,
                    "Actual Startup Time": 638.836,
                    "Actual Total Time": 888.377,
                    "Actual Rows": 529584,
                    "Actual Loops": 2,
                    "Inner Unique": true,
                    "Hash Cond": "(mk.movie_id = t.id)",
                    "Plans": [
                      {
                        "Node Type": "Bitmap Heap Scan",
                        "Parent Relationship": "Outer",
                        "Parallel Aware": true,
                        "Relation Name": "movie_keyword",
                        "Alias": "mk",
                        "Startup Cost": 22565.19,
                        "Total Cost": 54841.55,
                        "Plan Rows": 625788,
                        "Plan Width": 4,
                        "Actual Startup Time": 54.513,
                        "Actual Total Time": 159.417,
                        "Actual Rows": 534699,
                        "Actual Loops": 2,
                        "Recheck Cond": "(keyword_id < 1074)",
                        "Rows Removed by Index Recheck": 0,
                        "Exact Heap Blocks": 13492,
                        "Lossy Heap Blocks": 0,
                        "Plans": [
                          {
                            "Node Type": "Bitmap Index Scan",
                            "Parent Relationship": "Outer",
                            "Parallel Aware": false,
                            "Index Name": "keyword_id_movie_keyword",
                            "Startup Cost": 0.0,
                            "Total Cost": 22299.23,
                            "Plan Rows": 1063840,
                            "Plan Width": 0,
                            "Actual Startup Time": 50.892,
                            "Actual Total Time": 50.893,
                            "Actual Rows": 1069398,
                            "Actual Loops": 1,
                            "Index Cond": "(keyword_id < 1074)"
                          }
                        ]
                      },
                      {
                        "Node Type": "Hash",
                        "Parent Relationship": "Inner",
                        "Parallel Aware": true,
                        "Startup Cost": 54588.39,
                        "Total Cost": 54588.39,
                        "Plan Rows": 1421309,
                        "Plan Width": 4,
                        "Actual Startup Time": 571.409,
                        "Actual Total Time": 571.409,
                        "Actual Rows": 1206699,
                        "Actual Loops": 2,
                        "Hash Buckets": 4194304,
                        "Original Hash Buckets": 4194304,
                        "Hash Batches": 1,
                        "Original Hash Batches": 1,
                        "Peak Memory Usage": 127200,
                        "Plans": [
                          {
                            "Node Type": "Seq Scan",
                            "Parent Relationship": "Outer",
                            "Parallel Aware": true,
                            "Relation Name": "title",
                            "Alias": "t",
                            "Startup Cost": 0.0,
                            "Total Cost": 54588.39,
                            "Plan Rows": 1421309,
                            "Plan Width": 4,
                            "Actual Startup Time": 0.017,
                            "Actual Total Time": 189.122,
                            "Actual Rows": 1206699,
                            "Actual Loops": 2,
                            "Filter": "(production_year > 1912)",
                            "Rows Removed by Filter": 57457
                          }
                        ]
                      }
                    ]
                  },
                  {
                    "Node Type": "Hash",
                    "Parent Relationship": "Inner",
                    "Parallel Aware": true,
                    "Startup Cost": 18082.32,
                    "Total Cost": 18082.32,
                    "Plan Rows": 271028,
                    "Plan Width": 4,
                    "Actual Startup Time": 134.65,
                    "Actual Total Time": 134.651,
                    "Actual Rows": 229962,
                    "Actual Loops": 2,
                    "Hash Buckets": 524288,
                    "Original Hash Buckets": 524288,
                    "Hash Batches": 1,
                    "Original Hash Batches": 1,
                    "Peak Memory Usage": 22112,
                    "Plans": [
                      {
                        "Node Type": "Seq Scan",
                        "Parent Relationship": "Outer",
                        "Parallel Aware": true,
                        "Relation Name": "movie_info_idx",
                        "Alias": "mi_idx",
                        "Startup Cost": 0.0,
                        "Total Cost": 18082.32,
                        "Plan Rows": 271028,
                        "Plan Width": 4,
                        "Actual Startup Time": 0.048,
                        "Actual Total Time": 69.406,
                        "Actual Rows": 229962,
                        "Actual Loops": 2,
                        "Filter": "(info_type_id = 101)",
                        "Rows Removed by Filter": 460055
                      }
                    ]
                  }
                ]
              }
            ]
          }
        ]
      }
    ]
  },
  "Planning Time": 0.913,
  "Triggers": [],
  "Execution Time": 1199.336
}