{
  "Plan": {
    "Node Type": "Aggregate",
    "Strategy": "Plain",
    "Partial Mode": "Finalize",
    "Parallel Aware": false,
    "Startup Cost": 78743.73,
    "Total Cost": 78743.74,
    "Plan Rows": 1,
    "Plan Width": 8,
    "Actual Startup Time": 255.941,
    "Actual Total Time": 263.817,
    "Actual Rows": 1,
    "Actual Loops": 1,
    "Plans": [
      {
        "Node Type": "Gather",
        "Parent Relationship": "Outer",
        "Parallel Aware": false,
        "Startup Cost": 78743.62,
        "Total Cost": 78743.73,
        "Plan Rows": 1,
        "Plan Width": 8,
        "Actual Startup Time": 255.657,
        "Actual Total Time": 263.811,
        "Actual Rows": 2,
        "Actual Loops": 1,
        "Workers Planned": 1,
        "Workers Launched": 1,
        "Single Copy": false,
        "Plans": [
          {
            "Node Type": "Aggregate",
            "Strategy": "Plain",
            "Partial Mode": "Partial",
            "Parent Relationship": "Outer",
            "Parallel Aware": false,
            "Startup Cost": 77743.62,
            "Total Cost": 77743.63,
            "Plan Rows": 1,
            "Plan Width": 8,
            "Actual Startup Time": 249.583,
            "Actual Total Time": 249.588,
            "Actual Rows": 1,
            "Actual Loops": 2,
            "Plans": [
              {
                "Node Type": "Hash Join",
                "Parent Relationship": "Outer",
                "Parallel Aware": true,
                "Join Type": "Inner",
                "Startup Cost": 39523.77,
                "Total Cost": 77690.4,
                "Plan Rows": 21285,
                "Plan Width": 0,
                "Actual Startup Time": 91.033,
                "Actual Total Time": 249.3,
                "Actual Rows": 4974,
                "Actual Loops": 2,
                "Inner Unique": true,
                "Hash Cond": "(mc.movie_id = t.id)",
                "Plans": [
                  {
                    "Node Type": "Seq Scan",
                    "Parent Relationship": "Outer",
                    "Parallel Aware": true,
                    "Relation Name": "movie_companies",
                    "Alias": "mc",
                    "Startup Cost": 0.0,
                    "Total Cost": 34137.82,
                    "Plan Rows": 1534782,
                    "Plan Width": 4,
                    "Actual Startup Time": 0.013,
                    "Actual Total Time": 99.144,
                    "Actual Rows": 1304564,
                    "Actual Loops": 2
                  },
                  {
                    "Node Type": "Hash",
                    "Parent Relationship": "Inner",
                    "Parallel Aware": true,
                    "Startup Cost": 39265.95,
                    "Total Cost": 39265.95,
                    "Plan Rows": 20626,
                    "Plan Width": 4,
                    "Actual Startup Time": 56.605,
                    "Actual Total Time": 56.607,
                    "Actual Rows": 3640,
                    "Actual Loops": 2,
                    "Hash Buckets": 65536,
                    "Original Hash Buckets": 65536,
                    "Hash Batches": 1,
                    "Original Hash Batches": 1,
                    "Peak Memory Usage": 832,
                    "Plans": [
                      {
                        "Node Type": "Bitmap Heap Scan",
                        "Parent Relationship": "Outer",
                        "Parallel Aware": true,
                        "Relation Name": "title",
                        "Alias": "t",
                        "Startup Cost": 2189.7,
                        "Total Cost": 39265.95,
                        "Plan Rows": 20626,
                        "Plan Width": 4,
                        "Actual Startup Time": 18.111,
                        "Actual Total Time": 55.155,
                        "Actual Rows": 3640,
                        "Actual Loops": 2,
                        "Recheck Cond": "(kind_id = 4)",
                        "Rows Removed by Index Recheck": 0,
                        "Filter": "(production_year < 1992)",
                        "Rows Removed by Filter": 55478,
                        "Exact Heap Blocks": 11249,
                        "Lossy Heap Blocks": 0,
                        "Plans": [
                          {
                            "Node Type": "Bitmap Index Scan",
                            "Parent Relationship": "Outer",
                            "Parallel Aware": false,
                            "Index Name": "kind_id_title",
                            "Startup Cost": 0.0,
                            "Total Cost": 2180.94,
                            "Plan Rows": 122201,
                            "Plan Width": 0,
                            "Actual Startup Time": 18.09,
                            "Actual Total Time": 18.09,
                            "Actual Rows": 118234,
                            "Actual Loops": 1,
                            "Index Cond": "(kind_id = 4)"
                          }
                        ]
                      }
                    ]
                  }
                ]
              }
            ]
          }
        ]
      }
    ]
  },
  "Planning Time": 0.623,
  "Triggers": [],
  "Execution Time": 263.904
}