{
  "Plan": {
    "Node Type": "Aggregate",
    "Strategy": "Plain",
    "Partial Mode": "Finalize",
    "Parallel Aware": false,
    "Startup Cost": 324285.33,
    "Total Cost": 324285.34,
    "Plan Rows": 1,
    "Plan Width": 8,
    "Actual Startup Time": 1874.407,
    "Actual Total Time": 1897.07,
    "Actual Rows": 1,
    "Actual Loops": 1,
    "Plans": [
      {
        "Node Type": "Gather",
        "Parent Relationship": "Outer",
        "Parallel Aware": false,
        "Startup Cost": 324285.22,
        "Total Cost": 324285.33,
        "Plan Rows": 1,
        "Plan Width": 8,
        "Actual Startup Time": 1874.401,
        "Actual Total Time": 1897.065,
        "Actual Rows": 2,
        "Actual Loops": 1,
        "Workers Planned": 1,
        "Workers Launched": 1,
        "Single Copy": false,
        "Plans": [
          {
            "Node Type": "Aggregate",
            "Strategy": "Plain",
            "Partial Mode": "Partial",
            "Parent Relationship": "Outer",
            "Parallel Aware": false,
            "Startup Cost": 323285.22,
            "Total Cost": 323285.23,
            "Plan Rows": 1,
            "Plan Width": 8,
            "Actual Startup Time": 1869.935,
            "Actual Total Time": 1869.936,
            "Actual Rows": 1,
            "Actual Loops": 2,
            "Plans": [
              {
                "Node Type": "Merge Join",
                "Parent Relationship": "Outer",
                "Parallel Aware": false,
                "Join Type": "Inner",
                "Startup Cost": 6.7,
                "Total Cost": 322205.14,
                "Plan Rows": 432033,
                "Plan Width": 0,
                "Actual Startup Time": 2.955,
                "Actual Total Time": 1849.528,
                "Actual Rows": 466545,
                "Actual Loops": 2,
                "Inner Unique": false,
                "Merge Cond": "(t.id = mc.movie_id)",
                "Plans": [
                  {
                    "Node Type": "Merge Join",
                    "Parent Relationship": "Outer",
                    "Parallel Aware": false,
                    "Join Type": "Inner",
                    "Startup Cost": 2.99,
                    "Total Cost": 170429.17,
                    "Plan Rows": 418648,
                    "Plan Width": 8,
                    "Actual Startup Time": 2.166,
                    "Actual Total Time": 1002.105,
                    "Actual Rows": 228308,
                    "Actual Loops": 2,
                    "Inner Unique": false,
                    "Merge Cond": "(t.id = mi_idx.movie_id)",
                    "Plans": [
                      {
                        "Node Type": "Index Scan",
                        "Parent Relationship": "Outer",
                        "Parallel Aware": true,
                        "Scan Direction": "Forward",
                        "Index Name": "title_pkey",
                        "Relation Name": "title",
                        "Alias": "t",
                        "Startup Cost": 0.43,
                        "Total Cost": 107365.5,
                        "Plan Rows": 766983,
                        "Plan Width": 4,
                        "Actual Startup Time": 0.049,
                        "Actual Total Time": 645.996,
                        "Actual Rows": 707264,
                        "Actual Loops": 2,
                        "Filter": "((kind_id > 3) AND (production_year > 1978))",
                        "Rows Removed by Filter": 555696
                      },
                      {
                        "Node Type": "Index Only Scan",
                        "Parent Relationship": "Inner",
                        "Parallel Aware": false,
                        "Scan Direction": "Forward",
                        "Index Name": "movie_id_movie_info_idx",
                        "Relation Name": "movie_info_idx",
                        "Alias": "mi_idx",
                        "Startup Cost": 0.43,
                        "Total Cost": 53620.22,
                        "Plan Rows": 1380035,
                        "Plan Width": 4,
                        "Actual Startup Time": 0.122,
                        "Actual Total Time": 241.761,
                        "Actual Rows": 1380030,
                        "Actual Loops": 2,
                        "Heap Fetches": 2760059
                      }
                    ]
                  },
                  {
                    "Node Type": "Index Only Scan",
                    "Parent Relationship": "Inner",
                    "Parallel Aware": false,
                    "Scan Direction": "Forward",
                    "Index Name": "movie_id_movie_companies",
                    "Relation Name": "movie_companies",
                    "Alias": "mc",
                    "Startup Cost": 0.43,
                    "Total Cost": 140059.44,
                    "Plan Rows": 2609129,
                    "Plan Width": 4,
                    "Actual Startup Time": 0.077,
                    "Actual Total Time": 676.743,
                    "Actual Rows": 2919875,
                    "Actual Loops": 2,
                    "Heap Fetches": 5839750
                  }
                ]
              }
            ]
          }
        ]
      }
    ]
  },
  "Planning Time": 0.597,
  "Triggers": [],
  "Execution Time": 1897.13
}