[
  {
    "Plan": {
      "Node Type": "Aggregate",
      "Strategy": "Plain",
      "Partial Mode": "Finalize",
      "Parallel Aware": false,
      "Startup Cost": 205165.44,
      "Total Cost": 205165.45,
      "Plan Rows": 1,
      "Plan Width": 8,
      "Actual Startup Time": 572.881,
      "Actual Total Time": 603.465,
      "Actual Rows": 1,
      "Actual Loops": 1,
      "Plans": [
        {
          "Node Type": "Gather",
          "Parent Relationship": "Outer",
          "Parallel Aware": false,
          "Startup Cost": 205164.91,
          "Total Cost": 205165.42,
          "Plan Rows": 5,
          "Plan Width": 8,
          "Actual Startup Time": 568.355,
          "Actual Total Time": 603.452,
          "Actual Rows": 6,
          "Actual Loops": 1,
          "Workers Planned": 5,
          "Workers Launched": 5,
          "Single Copy": false,
          "Plans": [
            {
              "Node Type": "Aggregate",
              "Strategy": "Plain",
              "Partial Mode": "Partial",
              "Parent Relationship": "Outer",
              "Parallel Aware": false,
              "Startup Cost": 204164.91,
              "Total Cost": 204164.92,
              "Plan Rows": 1,
              "Plan Width": 8,
              "Actual Startup Time": 556.95,
              "Actual Total Time": 556.955,
              "Actual Rows": 1,
              "Actual Loops": 6,
              "Plans": [
                {
                  "Node Type": "Hash Join",
                  "Parent Relationship": "Outer",
                  "Parallel Aware": true,
                  "Join Type": "Inner",
                  "Startup Cost": 47731.54,
                  "Total Cost": 204045.04,
                  "Plan Rows": 47948,
                  "Plan Width": 0,
                  "Actual Startup Time": 156.894,
                  "Actual Total Time": 547.424,
                  "Actual Rows": 170539,
                  "Actual Loops": 6,
                  "Inner Unique": true,
                  "Hash Cond": "(ci.movie_id = t.id)",
                  "Plans": [
                    {
                      "Node Type": "Index Scan",
                      "Parent Relationship": "Outer",
                      "Parallel Aware": true,
                      "Scan Direction": "Forward",
                      "Index Name": "role_id_cast_info",
                      "Relation Name": "cast_info",
                      "Alias": "ci",
                      "Startup Cost": 0.56,
                      "Total Cost": 155872.35,
                      "Plan Rows": 168276,
                      "Plan Width": 4,
                      "Actual Startup Time": 0.265,
                      "Actual Total Time": 227.524,
                      "Actual Rows": 558096,
                      "Actual Loops": 6,
                      "Index Cond": "(role_id > 8)",
                      "Rows Removed by Index Recheck": 0,
                      "Filter": "(person_id > 3132453)",
                      "Rows Removed by Filter": 397352
                    },
                    {
                      "Node Type": "Hash",
                      "Parent Relationship": "Inner",
                      "Parallel Aware": true,
                      "Startup Cost": 45479.59,
                      "Total Cost": 45479.59,
                      "Plan Rows": 180111,
                      "Plan Width": 4,
                      "Actual Startup Time": 152.348,
                      "Actual Total Time": 152.351,
                      "Actual Rows": 103380,
                      "Actual Loops": 6,
                      "Hash Buckets": 1048576,
                      "Original Hash Buckets": 1048576,
                      "Hash Batches": 1,
                      "Original Hash Batches": 1,
                      "Peak Memory Usage": 32544,
                      "Plans": [
                        {
                          "Node Type": "Seq Scan",
                          "Parent Relationship": "Outer",
                          "Parallel Aware": true,
                          "Relation Name": "title",
                          "Alias": "t",
                          "Startup Cost": 0.0,
                          "Total Cost": 45479.59,
                          "Plan Rows": 180111,
                          "Plan Width": 4,
                          "Actual Startup Time": 0.058,
                          "Actual Total Time": 98.1,
                          "Actual Rows": 103380,
                          "Actual Loops": 6,
                          "Filter": "((kind_id < 7) AND (production_year > 1986))",
                          "Rows Removed by Filter": 318005
                        }
                      ]
                    }
                  ]
                }
              ]
            }
          ]
        }
      ]
    },
    "Planning Time": 0.706,
    "Triggers": [],
    "Execution Time": 603.551
  }
]