[
  {
    "Plan": {
      "Node Type": "Aggregate",
      "Strategy": "Plain",
      "Partial Mode": "Finalize",
      "Parallel Aware": false,
      "Startup Cost": 337057.9,
      "Total Cost": 337057.91,
      "Plan Rows": 1,
      "Plan Width": 8,
      "Actual Startup Time": 814.386,
      "Actual Total Time": 862.558,
      "Actual Rows": 1,
      "Actual Loops": 1,
      "Plans": [
        {
          "Node Type": "Gather",
          "Parent Relationship": "Outer",
          "Parallel Aware": false,
          "Startup Cost": 337057.28,
          "Total Cost": 337057.89,
          "Plan Rows": 6,
          "Plan Width": 8,
          "Actual Startup Time": 814.197,
          "Actual Total Time": 862.542,
          "Actual Rows": 7,
          "Actual Loops": 1,
          "Workers Planned": 6,
          "Workers Launched": 6,
          "Single Copy": false,
          "Plans": [
            {
              "Node Type": "Aggregate",
              "Strategy": "Plain",
              "Partial Mode": "Partial",
              "Parent Relationship": "Outer",
              "Parallel Aware": false,
              "Startup Cost": 336057.28,
              "Total Cost": 336057.29,
              "Plan Rows": 1,
              "Plan Width": 8,
              "Actual Startup Time": 804.485,
              "Actual Total Time": 804.487,
              "Actual Rows": 1,
              "Actual Loops": 7,
              "Plans": [
                {
                  "Node Type": "Seq Scan",
                  "Parent Relationship": "Outer",
                  "Parallel Aware": true,
                  "Relation Name": "cast_info",
                  "Alias": "ci",
                  "Startup Cost": 0.0,
                  "Total Cost": 328211.39,
                  "Plan Rows": 3138354,
                  "Plan Width": 0,
                  "Actual Startup Time": 210.879,
                  "Actual Total Time": 659.43,
                  "Actual Rows": 2672114,
                  "Actual Loops": 7,
                  "Filter": "(person_id > 1736639)",
                  "Rows Removed by Filter": 2505650
                }
              ]
            }
          ]
        }
      ]
    },
    "Planning Time": 0.211,
    "Triggers": [],
    "Execution Time": 862.627
  }
]