[
  {
    "Plan": {
      "Node Type": "Aggregate",
      "Strategy": "Plain",
      "Partial Mode": "Finalize",
      "Parallel Aware": false,
      "Startup Cost": 200396.45,
      "Total Cost": 200396.46,
      "Plan Rows": 1,
      "Plan Width": 8,
      "Actual Startup Time": 296.808,
      "Actual Total Time": 311.086,
      "Actual Rows": 1,
      "Actual Loops": 1,
      "Plans": [
        {
          "Node Type": "Gather",
          "Parent Relationship": "Outer",
          "Parallel Aware": false,
          "Startup Cost": 200395.82,
          "Total Cost": 200396.43,
          "Plan Rows": 6,
          "Plan Width": 8,
          "Actual Startup Time": 296.794,
          "Actual Total Time": 311.078,
          "Actual Rows": 7,
          "Actual Loops": 1,
          "Workers Planned": 6,
          "Workers Launched": 6,
          "Single Copy": false,
          "Plans": [
            {
              "Node Type": "Aggregate",
              "Strategy": "Plain",
              "Partial Mode": "Partial",
              "Parent Relationship": "Outer",
              "Parallel Aware": false,
              "Startup Cost": 199395.82,
              "Total Cost": 199395.83,
              "Plan Rows": 1,
              "Plan Width": 8,
              "Actual Startup Time": 287.708,
              "Actual Total Time": 287.709,
              "Actual Rows": 1,
              "Actual Loops": 7,
              "Plans": [
                {
                  "Node Type": "Index Scan",
                  "Parent Relationship": "Outer",
                  "Parallel Aware": true,
                  "Scan Direction": "Forward",
                  "Index Name": "role_id_cast_info",
                  "Relation Name": "cast_info",
                  "Alias": "ci",
                  "Startup Cost": 0.56,
                  "Total Cost": 197877.72,
                  "Plan Rows": 607239,
                  "Plan Width": 0,
                  "Actual Startup Time": 37.307,
                  "Actual Total Time": 244.988,
                  "Actual Rows": 973409,
                  "Actual Loops": 7,
                  "Index Cond": "(role_id = 2)",
                  "Rows Removed by Index Recheck": 0,
                  "Filter": "(person_id > 1820133)",
                  "Rows Removed by Filter": 91158
                }
              ]
            }
          ]
        }
      ]
    },
    "Planning Time": 0.232,
    "Triggers": [],
    "Execution Time": 311.155
  }
]