[
  {
    "Plan": {
      "Node Type": "Aggregate",
      "Strategy": "Plain",
      "Partial Mode": "Finalize",
      "Parallel Aware": false,
      "Startup Cost": 78478.65,
      "Total Cost": 78478.66,
      "Plan Rows": 1,
      "Plan Width": 8,
      "Actual Startup Time": 161.824,
      "Actual Total Time": 178.681,
      "Actual Rows": 1,
      "Actual Loops": 1,
      "Plans": [
        {
          "Node Type": "Gather",
          "Parent Relationship": "Outer",
          "Parallel Aware": false,
          "Startup Cost": 78478.34,
          "Total Cost": 78478.65,
          "Plan Rows": 3,
          "Plan Width": 8,
          "Actual Startup Time": 160.967,
          "Actual Total Time": 178.672,
          "Actual Rows": 4,
          "Actual Loops": 1,
          "Workers Planned": 3,
          "Workers Launched": 3,
          "Single Copy": false,
          "Plans": [
            {
              "Node Type": "Aggregate",
              "Strategy": "Plain",
              "Partial Mode": "Partial",
              "Parent Relationship": "Outer",
              "Parallel Aware": false,
              "Startup Cost": 77478.34,
              "Total Cost": 77478.35,
              "Plan Rows": 1,
              "Plan Width": 8,
              "Actual Startup Time": 157.586,
              "Actual Total Time": 157.59,
              "Actual Rows": 1,
              "Actual Loops": 4,
              "Plans": [
                {
                  "Node Type": "Hash Join",
                  "Parent Relationship": "Outer",
                  "Parallel Aware": true,
                  "Join Type": "Inner",
                  "Startup Cost": 45796.42,
                  "Total Cost": 77468.51,
                  "Plan Rows": 3930,
                  "Plan Width": 0,
                  "Actual Startup Time": 139.001,
                  "Actual Total Time": 157.542,
                  "Actual Rows": 469,
                  "Actual Loops": 4,
                  "Inner Unique": true,
                  "Hash Cond": "(mc.movie_id = t.id)",
                  "Plans": [
                    {
                      "Node Type": "Seq Scan",
                      "Parent Relationship": "Outer",
                      "Parallel Aware": true,
                      "Relation Name": "movie_companies",
                      "Alias": "mc",
                      "Startup Cost": 0.0,
                      "Total Cost": 31414.82,
                      "Plan Rows": 98008,
                      "Plan Width": 4,
                      "Actual Startup Time": 29.333,
                      "Actual Total Time": 56.083,
                      "Actual Rows": 40633,
                      "Actual Loops": 4,
                      "Filter": "((company_id < 677) AND (company_type_id = 2))",
                      "Rows Removed by Filter": 611650
                    },
                    {
                      "Node Type": "Hash",
                      "Parent Relationship": "Inner",
                      "Parallel Aware": true,
                      "Startup Cost": 45479.59,
                      "Total Cost": 45479.59,
                      "Plan Rows": 25347,
                      "Plan Width": 4,
                      "Actual Startup Time": 92.982,
                      "Actual Total Time": 92.983,
                      "Actual Rows": 24748,
                      "Actual Loops": 4,
                      "Hash Buckets": 131072,
                      "Original Hash Buckets": 131072,
                      "Hash Batches": 1,
                      "Original Hash Batches": 1,
                      "Peak Memory Usage": 4928,
                      "Plans": [
                        {
                          "Node Type": "Seq Scan",
                          "Parent Relationship": "Outer",
                          "Parallel Aware": true,
                          "Relation Name": "title",
                          "Alias": "t",
                          "Startup Cost": 0.0,
                          "Total Cost": 45479.59,
                          "Plan Rows": 25347,
                          "Plan Width": 4,
                          "Actual Startup Time": 37.185,
                          "Actual Total Time": 85.165,
                          "Actual Rows": 24748,
                          "Actual Loops": 4,
                          "Filter": "((production_year > 2010) AND (kind_id = 1))",
                          "Rows Removed by Filter": 607330
                        }
                      ]
                    }
                  ]
                }
              ]
            }
          ]
        }
      ]
    },
    "Planning Time": 0.239,
    "Triggers": [],
    "Execution Time": 178.713
  }
]