{
  "Plan": {
    "Node Type": "Aggregate",
    "Strategy": "Plain",
    "Partial Mode": "Finalize",
    "Parallel Aware": false,
    "Startup Cost": 409910.32,
    "Total Cost": 409910.33,
    "Plan Rows": 1,
    "Plan Width": 8,
    "Actual Startup Time": 3148.204,
    "Actual Total Time": 3200.341,
    "Actual Rows": 1,
    "Actual Loops": 1,
    "Plans": [
      {
        "Node Type": "Gather",
        "Parent Relationship": "Outer",
        "Parallel Aware": false,
        "Startup Cost": 409910.21,
        "Total Cost": 409910.32,
        "Plan Rows": 1,
        "Plan Width": 8,
        "Actual Startup Time": 3144.88,
        "Actual Total Time": 3200.333,
        "Actual Rows": 2,
        "Actual Loops": 1,
        "Workers Planned": 1,
        "Workers Launched": 1,
        "Single Copy": false,
        "Plans": [
          {
            "Node Type": "Aggregate",
            "Strategy": "Plain",
            "Partial Mode": "Partial",
            "Parent Relationship": "Outer",
            "Parallel Aware": false,
            "Startup Cost": 408910.21,
            "Total Cost": 408910.22,
            "Plan Rows": 1,
            "Plan Width": 8,
            "Actual Startup Time": 3138.257,
            "Actual Total Time": 3138.263,
            "Actual Rows": 1,
            "Actual Loops": 2,
            "Plans": [
              {
                "Node Type": "Hash Join",
                "Parent Relationship": "Outer",
                "Parallel Aware": true,
                "Join Type": "Inner",
                "Startup Cost": 108991.85,
                "Total Cost": 403436.93,
                "Plan Rows": 2189312,
                "Plan Width": 0,
                "Actual Startup Time": 694.011,
                "Actual Total Time": 2934.283,
                "Actual Rows": 5006953,
                "Actual Loops": 2,
                "Inner Unique": false,
                "Hash Cond": "(mi.movie_id = t.id)",
                "Plans": [
                  {
                    "Node Type": "Seq Scan",
                    "Parent Relationship": "Outer",
                    "Parallel Aware": true,
                    "Relation Name": "movie_info",
                    "Alias": "mi",
                    "Startup Cost": 0.0,
                    "Total Cost": 248955.74,
                    "Plan Rows": 8696274,
                    "Plan Width": 4,
                    "Actual Startup Time": 0.015,
                    "Actual Total Time": 602.934,
                    "Actual Rows": 7417860,
                    "Actual Loops": 2
                  },
                  {
                    "Node Type": "Hash",
                    "Parent Relationship": "Inner",
                    "Parallel Aware": true,
                    "Startup Cost": 104311.66,
                    "Total Cost": 104311.66,
                    "Plan Rows": 374415,
                    "Plan Width": 8,
                    "Actual Startup Time": 681.957,
                    "Actual Total Time": 681.961,
                    "Actual Rows": 324586,
                    "Actual Loops": 2,
                    "Hash Buckets": 1048576,
                    "Original Hash Buckets": 1048576,
                    "Hash Batches": 1,
                    "Original Hash Batches": 1,
                    "Peak Memory Usage": 33600,
                    "Plans": [
                      {
                        "Node Type": "Hash Join",
                        "Parent Relationship": "Outer",
                        "Parallel Aware": true,
                        "Join Type": "Inner",
                        "Startup Cost": 41943.72,
                        "Total Cost": 104311.66,
                        "Plan Rows": 374415,
                        "Plan Width": 8,
                        "Actual Startup Time": 168.421,
                        "Actual Total Time": 594.635,
                        "Actual Rows": 324586,
                        "Actual Loops": 2,
                        "Inner Unique": false,
                        "Hash Cond": "(t.id = mc.movie_id)",
                        "Plans": [
                          {
                            "Node Type": "Seq Scan",
                            "Parent Relationship": "Outer",
                            "Parallel Aware": true,
                            "Relation Name": "title",
                            "Alias": "t",
                            "Startup Cost": 0.0,
                            "Total Cost": 50870.31,
                            "Plan Rows": 1487231,
                            "Plan Width": 4,
                            "Actual Startup Time": 0.011,
                            "Actual Total Time": 116.119,
                            "Actual Rows": 1264156,
                            "Actual Loops": 2
                          },
                          {
                            "Node Type": "Hash",
                            "Parent Relationship": "Inner",
                            "Parallel Aware": true,
                            "Startup Cost": 37263.53,
                            "Total Cost": 37263.53,
                            "Plan Rows": 374415,
                            "Plan Width": 4,
                            "Actual Startup Time": 163.101,
                            "Actual Total Time": 163.102,
                            "Actual Rows": 324586,
                            "Actual Loops": 2,
                            "Hash Buckets": 1048576,
                            "Original Hash Buckets": 1048576,
                            "Hash Batches": 1,
                            "Original Hash Batches": 1,
                            "Peak Memory Usage": 33600,
                            "Plans": [
                              {
                                "Node Type": "Bitmap Heap Scan",
                                "Parent Relationship": "Outer",
                                "Parallel Aware": true,
                                "Relation Name": "movie_companies",
                                "Alias": "mc",
                                "Startup Cost": 13793.34,
                                "Total Cost": 37263.53,
                                "Plan Rows": 374415,
                                "Plan Width": 4,
                                "Actual Startup Time": 30.914,
                                "Actual Total Time": 87.747,
                                "Actual Rows": 324586,
                                "Actual Loops": 2,
                                "Recheck Cond": "(company_id > 54962)",
                                "Rows Removed by Index Recheck": 0,
                                "Exact Heap Blocks": 7311,
                                "Lossy Heap Blocks": 0,
                                "Plans": [
                                  {
                                    "Node Type": "Bitmap Index Scan",
                                    "Parent Relationship": "Outer",
                                    "Parallel Aware": false,
                                    "Index Name": "company_id_movie_companies",
                                    "Startup Cost": 0.0,
                                    "Total Cost": 13634.22,
                                    "Plan Rows": 636505,
                                    "Plan Width": 0,
                                    "Actual Startup Time": 29.33,
                                    "Actual Total Time": 29.33,
                                    "Actual Rows": 649172,
                                    "Actual Loops": 1,
                                    "Index Cond": "(company_id > 54962)"
                                  }
                                ]
                              }
                            ]
                          }
                        ]
                      }
                    ]
                  }
                ]
              }
            ]
          }
        ]
      }
    ]
  },
  "Planning Time": 0.618,
  "Triggers": [],
  "Execution Time": 3200.457
}