[
  {
    "Plan": {
      "Node Type": "Aggregate",
      "Strategy": "Plain",
      "Partial Mode": "Finalize",
      "Parallel Aware": false,
      "Startup Cost": 54772.19,
      "Total Cost": 54772.2,
      "Plan Rows": 1,
      "Plan Width": 8,
      "Actual Startup Time": 151.018,
      "Actual Total Time": 160.033,
      "Actual Rows": 1,
      "Actual Loops": 1,
      "Plans": [
        {
          "Node Type": "Gather",
          "Parent Relationship": "Outer",
          "Parallel Aware": false,
          "Startup Cost": 54771.98,
          "Total Cost": 54772.19,
          "Plan Rows": 2,
          "Plan Width": 8,
          "Actual Startup Time": 150.347,
          "Actual Total Time": 160.023,
          "Actual Rows": 3,
          "Actual Loops": 1,
          "Workers Planned": 2,
          "Workers Launched": 2,
          "Single Copy": false,
          "Plans": [
            {
              "Node Type": "Aggregate",
              "Strategy": "Plain",
              "Partial Mode": "Partial",
              "Parent Relationship": "Outer",
              "Parallel Aware": false,
              "Startup Cost": 53771.98,
              "Total Cost": 53771.99,
              "Plan Rows": 1,
              "Plan Width": 8,
              "Actual Startup Time": 142.307,
              "Actual Total Time": 142.311,
              "Actual Rows": 1,
              "Actual Loops": 3,
              "Plans": [
                {
                  "Node Type": "Hash Join",
                  "Parent Relationship": "Outer",
                  "Parallel Aware": true,
                  "Join Type": "Inner",
                  "Startup Cost": 38141.66,
                  "Total Cost": 53761.59,
                  "Plan Rows": 4153,
                  "Plan Width": 0,
                  "Actual Startup Time": 77.993,
                  "Actual Total Time": 141.871,
                  "Actual Rows": 8699,
                  "Actual Loops": 3,
                  "Inner Unique": true,
                  "Hash Cond": "(mi_idx.movie_id = t.id)",
                  "Plans": [
                    {
                      "Node Type": "Seq Scan",
                      "Parent Relationship": "Outer",
                      "Parallel Aware": true,
                      "Relation Name": "movie_info_idx",
                      "Alias": "mi_idx",
                      "Startup Cost": 0.0,
                      "Total Cost": 15122.68,
                      "Plan Rows": 189429,
                      "Plan Width": 4,
                      "Actual Startup Time": 0.025,
                      "Actual Total Time": 40.592,
                      "Actual Rows": 153308,
                      "Actual Loops": 3,
                      "Filter": "(info_type_id = 99)",
                      "Rows Removed by Filter": 306703
                    },
                    {
                      "Node Type": "Hash",
                      "Parent Relationship": "Inner",
                      "Parallel Aware": true,
                      "Startup Cost": 37968.45,
                      "Total Cost": 37968.45,
                      "Plan Rows": 13857,
                      "Plan Width": 4,
                      "Actual Startup Time": 76.825,
                      "Actual Total Time": 76.826,
                      "Actual Rows": 20276,
                      "Actual Loops": 3,
                      "Hash Buckets": 65536,
                      "Original Hash Buckets": 65536,
                      "Hash Batches": 1,
                      "Original Hash Batches": 1,
                      "Peak Memory Usage": 2912,
                      "Plans": [
                        {
                          "Node Type": "Bitmap Heap Scan",
                          "Parent Relationship": "Outer",
                          "Parallel Aware": true,
                          "Relation Name": "title",
                          "Alias": "t",
                          "Startup Cost": 1630.39,
                          "Total Cost": 37968.45,
                          "Plan Rows": 13857,
                          "Plan Width": 4,
                          "Actual Startup Time": 19.721,
                          "Actual Total Time": 69.783,
                          "Actual Rows": 20276,
                          "Actual Loops": 3,
                          "Recheck Cond": "(kind_id = 2)",
                          "Rows Removed by Index Recheck": 0,
                          "Filter": "(production_year < 2007)",
                          "Rows Removed by Filter": 10008,
                          "Exact Heap Blocks": 16098,
                          "Lossy Heap Blocks": 0,
                          "Plans": [
                            {
                              "Node Type": "Bitmap Index Scan",
                              "Parent Relationship": "Outer",
                              "Parallel Aware": false,
                              "Index Name": "kind_id_title",
                              "Startup Cost": 0.0,
                              "Total Cost": 1616.54,
                              "Plan Rows": 90681,
                              "Plan Width": 0,
                              "Actual Startup Time": 18.47,
                              "Actual Total Time": 18.471,
                              "Actual Rows": 90852,
                              "Actual Loops": 1,
                              "Index Cond": "(kind_id = 2)"
                            }
                          ]
                        }
                      ]
                    }
                  ]
                }
              ]
            }
          ]
        }
      ]
    },
    "Planning Time": 0.642,
    "Triggers": [],
    "Execution Time": 160.129
  }
]