{
  "Plan": {
    "Node Type": "Aggregate",
    "Strategy": "Plain",
    "Partial Mode": "Finalize",
    "Parallel Aware": false,
    "Startup Cost": 185401.24,
    "Total Cost": 185401.25,
    "Plan Rows": 1,
    "Plan Width": 8,
    "Actual Startup Time": 607.68,
    "Actual Total Time": 640.426,
    "Actual Rows": 1,
    "Actual Loops": 1,
    "Plans": [
      {
        "Node Type": "Gather",
        "Parent Relationship": "Outer",
        "Parallel Aware": false,
        "Startup Cost": 185401.13,
        "Total Cost": 185401.24,
        "Plan Rows": 1,
        "Plan Width": 8,
        "Actual Startup Time": 607.121,
        "Actual Total Time": 640.418,
        "Actual Rows": 2,
        "Actual Loops": 1,
        "Workers Planned": 1,
        "Workers Launched": 1,
        "Single Copy": false,
        "Plans": [
          {
            "Node Type": "Aggregate",
            "Strategy": "Plain",
            "Partial Mode": "Partial",
            "Parent Relationship": "Outer",
            "Parallel Aware": false,
            "Startup Cost": 184401.13,
            "Total Cost": 184401.14,
            "Plan Rows": 1,
            "Plan Width": 8,
            "Actual Startup Time": 601.06,
            "Actual Total Time": 601.064,
            "Actual Rows": 1,
            "Actual Loops": 2,
            "Plans": [
              {
                "Node Type": "Nested Loop",
                "Parent Relationship": "Outer",
                "Parallel Aware": false,
                "Join Type": "Inner",
                "Startup Cost": 73442.23,
                "Total Cost": 184221.14,
                "Plan Rows": 71995,
                "Plan Width": 0,
                "Actual Startup Time": 239.954,
                "Actual Total Time": 594.563,
                "Actual Rows": 128839,
                "Actual Loops": 2,
                "Inner Unique": false,
                "Join Filter": "(t.id = mi.movie_id)",
                "Rows Removed by Join Filter": 0,
                "Plans": [
                  {
                    "Node Type": "Hash Join",
                    "Parent Relationship": "Outer",
                    "Parallel Aware": true,
                    "Join Type": "Inner",
                    "Startup Cost": 73441.8,
                    "Total Cost": 105306.79,
                    "Plan Rows": 31245,
                    "Plan Width": 8,
                    "Actual Startup Time": 239.734,
                    "Actual Total Time": 375.42,
                    "Actual Rows": 15165,
                    "Actual Loops": 2,
                    "Inner Unique": true,
                    "Hash Cond": "(mk.movie_id = t.id)",
                    "Plans": [
                      {
                        "Node Type": "Bitmap Heap Scan",
                        "Parent Relationship": "Outer",
                        "Parallel Aware": true,
                        "Relation Name": "movie_keyword",
                        "Alias": "mk",
                        "Startup Cost": 17667.96,
                        "Total Cost": 48246.74,
                        "Plan Rows": 489983,
                        "Plan Width": 4,
                        "Actual Startup Time": 64.28,
                        "Actual Total Time": 147.448,
                        "Actual Rows": 408343,
                        "Actual Loops": 2,
                        "Recheck Cond": "(keyword_id > 22407)",
                        "Rows Removed by Index Recheck": 0,
                        "Exact Heap Blocks": 14364,
                        "Lossy Heap Blocks": 0,
                        "Plans": [
                          {
                            "Node Type": "Bitmap Index Scan",
                            "Parent Relationship": "Outer",
                            "Parallel Aware": false,
                            "Index Name": "keyword_id_movie_keyword",
                            "Startup Cost": 0.0,
                            "Total Cost": 17459.72,
                            "Plan Rows": 832971,
                            "Plan Width": 0,
                            "Actual Startup Time": 60.646,
                            "Actual Total Time": 60.647,
                            "Actual Rows": 816686,
                            "Actual Loops": 1,
                            "Index Cond": "(keyword_id > 22407)"
                          }
                        ]
                      },
                      {
                        "Node Type": "Hash",
                        "Parent Relationship": "Inner",
                        "Parallel Aware": true,
                        "Startup Cost": 54588.39,
                        "Total Cost": 54588.39,
                        "Plan Rows": 94836,
                        "Plan Width": 4,
                        "Actual Startup Time": 171.965,
                        "Actual Total Time": 171.966,
                        "Actual Rows": 80008,
                        "Actual Loops": 2,
                        "Hash Buckets": 262144,
                        "Original Hash Buckets": 262144,
                        "Hash Batches": 1,
                        "Original Hash Batches": 1,
                        "Peak Memory Usage": 8352,
                        "Plans": [
                          {
                            "Node Type": "Seq Scan",
                            "Parent Relationship": "Outer",
                            "Parallel Aware": true,
                            "Relation Name": "title",
                            "Alias": "t",
                            "Startup Cost": 0.0,
                            "Total Cost": 54588.39,
                            "Plan Rows": 94836,
                            "Plan Width": 4,
                            "Actual Startup Time": 0.029,
                            "Actual Total Time": 145.405,
                            "Actual Rows": 80008,
                            "Actual Loops": 2,
                            "Filter": "(production_year = 2011)",
                            "Rows Removed by Filter": 1184148
                          }
                        ]
                      }
                    ]
                  },
                  {
                    "Node Type": "Index Scan",
                    "Parent Relationship": "Inner",
                    "Parallel Aware": false,
                    "Scan Direction": "Forward",
                    "Index Name": "movie_id_movie_info",
                    "Relation Name": "movie_info",
                    "Alias": "mi",
                    "Startup Cost": 0.43,
                    "Total Cost": 2.31,
                    "Plan Rows": 17,
                    "Plan Width": 4,
                    "Actual Startup Time": 0.004,
                    "Actual Total Time": 0.013,
                    "Actual Rows": 8,
                    "Actual Loops": 30330,
                    "Index Cond": "(movie_id = mk.movie_id)",
                    "Rows Removed by Index Recheck": 0,
                    "Filter": "(info_type_id < 7)",
                    "Rows Removed by Filter": 36
                  }
                ]
              }
            ]
          }
        ]
      }
    ]
  },
  "Planning Time": 0.953,
  "Triggers": [],
  "Execution Time": 640.54
}