{
  "Plan": {
    "Node Type": "Aggregate",
    "Strategy": "Plain",
    "Partial Mode": "Finalize",
    "Parallel Aware": false,
    "Startup Cost": 129510.01,
    "Total Cost": 129510.02,
    "Plan Rows": 1,
    "Plan Width": 8,
    "Actual Startup Time": 776.07,
    "Actual Total Time": 791.577,
    "Actual Rows": 1,
    "Actual Loops": 1,
    "Plans": [
      {
        "Node Type": "Gather",
        "Parent Relationship": "Outer",
        "Parallel Aware": false,
        "Startup Cost": 129509.9,
        "Total Cost": 129510.01,
        "Plan Rows": 1,
        "Plan Width": 8,
        "Actual Startup Time": 773.127,
        "Actual Total Time": 791.568,
        "Actual Rows": 2,
        "Actual Loops": 1,
        "Workers Planned": 1,
        "Workers Launched": 1,
        "Single Copy": false,
        "Plans": [
          {
            "Node Type": "Aggregate",
            "Strategy": "Plain",
            "Partial Mode": "Partial",
            "Parent Relationship": "Outer",
            "Parallel Aware": false,
            "Startup Cost": 128509.9,
            "Total Cost": 128509.91,
            "Plan Rows": 1,
            "Plan Width": 8,
            "Actual Startup Time": 766.76,
            "Actual Total Time": 766.766,
            "Actual Rows": 1,
            "Actual Loops": 2,
            "Plans": [
              {
                "Node Type": "Hash Join",
                "Parent Relationship": "Outer",
                "Parallel Aware": true,
                "Join Type": "Inner",
                "Startup Cost": 109183.92,
                "Total Cost": 128438.08,
                "Plan Rows": 28728,
                "Plan Width": 0,
                "Actual Startup Time": 633.866,
                "Actual Total Time": 757.693,
                "Actual Rows": 222174,
                "Actual Loops": 2,
                "Inner Unique": false,
                "Hash Cond": "(mi_idx.movie_id = t.id)",
                "Plans": [
                  {
                    "Node Type": "Seq Scan",
                    "Parent Relationship": "Outer",
                    "Parallel Aware": true,
                    "Relation Name": "movie_info_idx",
                    "Alias": "mi_idx",
                    "Startup Cost": 0.0,
                    "Total Cost": 18082.32,
                    "Plan Rows": 267429,
                    "Plan Width": 4,
                    "Actual Startup Time": 0.029,
                    "Actual Total Time": 53.846,
                    "Actual Rows": 229962,
                    "Actual Loops": 2,
                    "Filter": "(info_type_id < 100)",
                    "Rows Removed by Filter": 460055
                  },
                  {
                    "Node Type": "Hash",
                    "Parent Relationship": "Inner",
                    "Parallel Aware": true,
                    "Startup Cost": 107186.85,
                    "Total Cost": 107186.85,
                    "Plan Rows": 159765,
                    "Plan Width": 8,
                    "Actual Startup Time": 627.903,
                    "Actual Total Time": 627.908,
                    "Actual Rows": 310426,
                    "Actual Loops": 2,
                    "Hash Buckets": 1048576,
                    "Original Hash Buckets": 524288,
                    "Hash Batches": 1,
                    "Original Hash Batches": 1,
                    "Peak Memory Usage": 36608,
                    "Plans": [
                      {
                        "Node Type": "Hash Join",
                        "Parent Relationship": "Outer",
                        "Parallel Aware": true,
                        "Join Type": "Inner",
                        "Startup Cost": 76570.56,
                        "Total Cost": 107186.85,
                        "Plan Rows": 159765,
                        "Plan Width": 8,
                        "Actual Startup Time": 346.36,
                        "Actual Total Time": 546.935,
                        "Actual Rows": 310426,
                        "Actual Loops": 2,
                        "Inner Unique": true,
                        "Hash Cond": "(mk.movie_id = t.id)",
                        "Plans": [
                          {
                            "Node Type": "Bitmap Heap Scan",
                            "Parent Relationship": "Outer",
                            "Parallel Aware": true,
                            "Relation Name": "movie_keyword",
                            "Alias": "mk",
                            "Startup Cost": 14692.25,
                            "Total Cost": 44239.06,
                            "Plan Rows": 407425,
                            "Plan Width": 4,
                            "Actual Startup Time": 37.385,
                            "Actual Total Time": 126.421,
                            "Actual Rows": 349736,
                            "Actual Loops": 2,
                            "Recheck Cond": "(keyword_id < 585)",
                            "Rows Removed by Index Recheck": 0,
                            "Exact Heap Blocks": 12979,
                            "Lossy Heap Blocks": 0,
                            "Plans": [
                              {
                                "Node Type": "Bitmap Index Scan",
                                "Parent Relationship": "Outer",
                                "Parallel Aware": false,
                                "Index Name": "keyword_id_movie_keyword",
                                "Startup Cost": 0.0,
                                "Total Cost": 14519.1,
                                "Plan Rows": 692622,
                                "Plan Width": 0,
                                "Actual Startup Time": 33.756,
                                "Actual Total Time": 33.756,
                                "Actual Rows": 699472,
                                "Actual Loops": 1,
                                "Index Cond": "(keyword_id < 585)"
                              }
                            ]
                          },
                          {
                            "Node Type": "Hash",
                            "Parent Relationship": "Inner",
                            "Parallel Aware": true,
                            "Startup Cost": 54588.39,
                            "Total Cost": 54588.39,
                            "Plan Rows": 583193,
                            "Plan Width": 4,
                            "Actual Startup Time": 302.489,
                            "Actual Total Time": 302.49,
                            "Actual Rows": 492524,
                            "Actual Loops": 2,
                            "Hash Buckets": 1048576,
                            "Original Hash Buckets": 1048576,
                            "Hash Batches": 1,
                            "Original Hash Batches": 1,
                            "Peak Memory Usage": 46784,
                            "Plans": [
                              {
                                "Node Type": "Seq Scan",
                                "Parent Relationship": "Outer",
                                "Parallel Aware": true,
                                "Relation Name": "title",
                                "Alias": "t",
                                "Startup Cost": 0.0,
                                "Total Cost": 54588.39,
                                "Plan Rows": 583193,
                                "Plan Width": 4,
                                "Actual Startup Time": 0.036,
                                "Actual Total Time": 156.964,
                                "Actual Rows": 492524,
                                "Actual Loops": 2,
                                "Filter": "(kind_id < 7)",
                                "Rows Removed by Filter": 771632
                              }
                            ]
                          }
                        ]
                      }
                    ]
                  }
                ]
              }
            ]
          }
        ]
      }
    ]
  },
  "Planning Time": 0.928,
  "Triggers": [],
  "Execution Time": 791.679
}