[
  {
    "Plan": {
      "Node Type": "Aggregate",
      "Strategy": "Plain",
      "Partial Mode": "Simple",
      "Parallel Aware": false,
      "Startup Cost": 39995.04,
      "Total Cost": 39995.05,
      "Plan Rows": 1,
      "Plan Width": 8,
      "Actual Startup Time": 43.32,
      "Actual Total Time": 43.321,
      "Actual Rows": 1,
      "Actual Loops": 1,
      "Plans": [
        {
          "Node Type": "Bitmap Heap Scan",
          "Parent Relationship": "Outer",
          "Parallel Aware": false,
          "Relation Name": "title",
          "Alias": "t",
          "Startup Cost": 2168.03,
          "Total Cost": 39987.76,
          "Plan Rows": 2911,
          "Plan Width": 0,
          "Actual Startup Time": 8.951,
          "Actual Total Time": 43.063,
          "Actual Rows": 4737,
          "Actual Loops": 1,
          "Recheck Cond": "(kind_id = 4)",
          "Rows Removed by Index Recheck": 0,
          "Filter": "(production_year = 2002)",
          "Rows Removed by Filter": 113497,
          "Exact Heap Blocks": 12711,
          "Lossy Heap Blocks": 0,
          "Plans": [
            {
              "Node Type": "Bitmap Index Scan",
              "Parent Relationship": "Outer",
              "Parallel Aware": false,
              "Index Name": "kind_id_title",
              "Startup Cost": 0.0,
              "Total Cost": 2167.3,
              "Plan Rows": 121449,
              "Plan Width": 0,
              "Actual Startup Time": 6.709,
              "Actual Total Time": 6.709,
              "Actual Rows": 118234,
              "Actual Loops": 1,
              "Index Cond": "(kind_id = 4)"
            }
          ]
        }
      ]
    },
    "Planning Time": 0.096,
    "Triggers": [],
    "Execution Time": 43.354
  }
]