{
    "Plan": {
        "Node Type": "Aggregate",
        "Strategy": "Plain",
        "Partial Mode": "Finalize",
        "Parallel Aware": false,
        "Startup Cost": 162530.24,
        "Total Cost": 162530.25,
        "Plan Rows": 1,
        "Plan Width": 8,
        "Actual Startup Time": 225.849,
        "Actual Total Time": 249.565,
        "Actual Rows": 1,
        "Actual Loops": 1,
        "Output": [
            "count(*)"
        ],
        "Plans": [
            {
                "Node Type": "Gather",
                "Parent Relationship": "Outer",
                "Parallel Aware": false,
                "Startup Cost": 162529.71,
                "Total Cost": 162530.22,
                "Plan Rows": 5,
                "Plan Width": 8,
                "Actual Startup Time": 225.645,
                "Actual Total Time": 249.556,
                "Actual Rows": 6,
                "Actual Loops": 1,
                "Output": [
                    "(PARTIAL count(*))"
                ],
                "Workers Planned": 5,
                "Workers Launched": 5,
                "Single Copy": false,
                "Plans": [
                    {
                        "Node Type": "Aggregate",
                        "Strategy": "Plain",
                        "Partial Mode": "Partial",
                        "Parent Relationship": "Outer",
                        "Parallel Aware": false,
                        "Startup Cost": 161529.71,
                        "Total Cost": 161529.72,
                        "Plan Rows": 1,
                        "Plan Width": 8,
                        "Actual Startup Time": 215.713,
                        "Actual Total Time": 215.717,
                        "Actual Rows": 1,
                        "Actual Loops": 6,
                        "Output": [
                            "PARTIAL count(*)"
                        ],
                        "Workers": [
                            {
                                "Worker Number": 0,
                                "Actual Startup Time": 212.23,
                                "Actual Total Time": 212.234,
                                "Actual Rows": 1,
                                "Actual Loops": 1
                            },
                            {
                                "Worker Number": 1,
                                "Actual Startup Time": 213.404,
                                "Actual Total Time": 213.407,
                                "Actual Rows": 1,
                                "Actual Loops": 1
                            },
                            {
                                "Worker Number": 2,
                                "Actual Startup Time": 217.208,
                                "Actual Total Time": 217.211,
                                "Actual Rows": 1,
                                "Actual Loops": 1
                            },
                            {
                                "Worker Number": 3,
                                "Actual Startup Time": 213.609,
                                "Actual Total Time": 213.613,
                                "Actual Rows": 1,
                                "Actual Loops": 1
                            },
                            {
                                "Worker Number": 4,
                                "Actual Startup Time": 213.033,
                                "Actual Total Time": 213.036,
                                "Actual Rows": 1,
                                "Actual Loops": 1
                            }
                        ],
                        "Plans": [
                            {
                                "Node Type": "Hash Join",
                                "Parent Relationship": "Outer",
                                "Parallel Aware": true,
                                "Join Type": "Inner",
                                "Startup Cost": 45563.22,
                                "Total Cost": 161527.02,
                                "Plan Rows": 1078,
                                "Plan Width": 0,
                                "Actual Startup Time": 86.895,
                                "Actual Total Time": 215.706,
                                "Actual Rows": 3,
                                "Actual Loops": 6,
                                "Inner Unique": true,
                                "Hash Cond": "(ci.movie_id = t.id)",
                                "Workers": [
                                    {
                                        "Worker Number": 0,
                                        "Actual Startup Time": 83.795,
                                        "Actual Total Time": 212.223,
                                        "Actual Rows": 3,
                                        "Actual Loops": 1
                                    },
                                    {
                                        "Worker Number": 1,
                                        "Actual Startup Time": 76.63,
                                        "Actual Total Time": 213.397,
                                        "Actual Rows": 3,
                                        "Actual Loops": 1
                                    },
                                    {
                                        "Worker Number": 2,
                                        "Actual Startup Time": 89.886,
                                        "Actual Total Time": 217.202,
                                        "Actual Rows": 2,
                                        "Actual Loops": 1
                                    },
                                    {
                                        "Worker Number": 3,
                                        "Actual Startup Time": 95.575,
                                        "Actual Total Time": 213.604,
                                        "Actual Rows": 1,
                                        "Actual Loops": 1
                                    },
                                    {
                                        "Worker Number": 4,
                                        "Actual Startup Time": 82.023,
                                        "Actual Total Time": 213.022,
                                        "Actual Rows": 5,
                                        "Actual Loops": 1
                                    }
                                ],
                                "Plans": [
                                    {
                                        "Node Type": "Index Scan",
                                        "Parent Relationship": "Outer",
                                        "Parallel Aware": true,
                                        "Scan Direction": "Forward",
                                        "Index Name": "role_id_cast_info",
                                        "Relation Name": "cast_info",
                                        "Schema": "public",
                                        "Alias": "ci",
                                        "Startup Cost": 0.56,
                                        "Total Cost": 115696.32,
                                        "Plan Rows": 102113,
                                        "Plan Width": 4,
                                        "Actual Startup Time": 0.195,
                                        "Actual Total Time": 138.046,
                                        "Actual Rows": 28818,
                                        "Actual Loops": 6,
                                        "Output": [
                                            "ci.id",
                                            "ci.person_id",
                                            "ci.movie_id",
                                            "ci.person_role_id",
                                            "ci.note",
                                            "ci.nr_order",
                                            "ci.role_id"
                                        ],
                                        "Index Cond": "(ci.role_id = 10)",
                                        "Rows Removed by Index Recheck": 0,
                                        "Filter": "(ci.person_id < 425926)",
                                        "Rows Removed by Filter": 691685,
                                        "Workers": [
                                            {
                                                "Worker Number": 0,
                                                "Actual Startup Time": 0.245,
                                                "Actual Total Time": 138.086,
                                                "Actual Rows": 26521,
                                                "Actual Loops": 1
                                            },
                                            {
                                                "Worker Number": 1,
                                                "Actual Startup Time": 0.365,
                                                "Actual Total Time": 138.189,
                                                "Actual Rows": 27675,
                                                "Actual Loops": 1
                                            },
                                            {
                                                "Worker Number": 2,
                                                "Actual Startup Time": 0.111,
                                                "Actual Total Time": 138.074,
                                                "Actual Rows": 27995,
                                                "Actual Loops": 1
                                            },
                                            {
                                                "Worker Number": 3,
                                                "Actual Startup Time": 0.313,
                                                "Actual Total Time": 138.281,
                                                "Actual Rows": 26280,
                                                "Actual Loops": 1
                                            },
                                            {
                                                "Worker Number": 4,
                                                "Actual Startup Time": 0.09,
                                                "Actual Total Time": 137.975,
                                                "Actual Rows": 25781,
                                                "Actual Loops": 1
                                            }
                                        ]
                                    },
                                    {
                                        "Node Type": "Hash",
                                        "Parent Relationship": "Inner",
                                        "Parallel Aware": true,
                                        "Startup Cost": 45479.21,
                                        "Total Cost": 45479.21,
                                        "Plan Rows": 6676,
                                        "Plan Width": 4,
                                        "Actual Startup Time": 73.589,
                                        "Actual Total Time": 73.59,
                                        "Actual Rows": 85,
                                        "Actual Loops": 6,
                                        "Output": [
                                            "t.id"
                                        ],
                                        "Hash Buckets": 32768,
                                        "Original Hash Buckets": 32768,
                                        "Hash Batches": 1,
                                        "Original Hash Batches": 1,
                                        "Peak Memory Usage": 448,
                                        "Workers": [
                                            {
                                                "Worker Number": 0,
                                                "Actual Startup Time": 70.802,
                                                "Actual Total Time": 70.803,
                                                "Actual Rows": 89,
                                                "Actual Loops": 1
                                            },
                                            {
                                                "Worker Number": 1,
                                                "Actual Startup Time": 71.962,
                                                "Actual Total Time": 71.963,
                                                "Actual Rows": 80,
                                                "Actual Loops": 1
                                            },
                                            {
                                                "Worker Number": 2,
                                                "Actual Startup Time": 75.893,
                                                "Actual Total Time": 75.894,
                                                "Actual Rows": 77,
                                                "Actual Loops": 1
                                            },
                                            {
                                                "Worker Number": 3,
                                                "Actual Startup Time": 72.168,
                                                "Actual Total Time": 72.17,
                                                "Actual Rows": 68,
                                                "Actual Loops": 1
                                            },
                                            {
                                                "Worker Number": 4,
                                                "Actual Startup Time": 71.589,
                                                "Actual Total Time": 71.59,
                                                "Actual Rows": 70,
                                                "Actual Loops": 1
                                            }
                                        ],
                                        "Plans": [
                                            {
                                                "Node Type": "Seq Scan",
                                                "Parent Relationship": "Outer",
                                                "Parallel Aware": true,
                                                "Relation Name": "title",
                                                "Schema": "public",
                                                "Alias": "t",
                                                "Startup Cost": 0.0,
                                                "Total Cost": 45479.21,
                                                "Plan Rows": 6676,
                                                "Plan Width": 4,
                                                "Actual Startup Time": 53.471,
                                                "Actual Total Time": 73.432,
                                                "Actual Rows": 85,
                                                "Actual Loops": 6,
                                                "Output": [
                                                    "t.id"
                                                ],
                                                "Filter": "((t.production_year < 1984) AND (t.kind_id = 4))",
                                                "Rows Removed by Filter": 421300,
                                                "Workers": [
                                                    {
                                                        "Worker Number": 0,
                                                        "Actual Startup Time": 50.425,
                                                        "Actual Total Time": 70.622,
                                                        "Actual Rows": 89,
                                                        "Actual Loops": 1
                                                    },
                                                    {
                                                        "Worker Number": 1,
                                                        "Actual Startup Time": 51.873,
                                                        "Actual Total Time": 71.803,
                                                        "Actual Rows": 80,
                                                        "Actual Loops": 1
                                                    },
                                                    {
                                                        "Worker Number": 2,
                                                        "Actual Startup Time": 55.62,
                                                        "Actual Total Time": 75.751,
                                                        "Actual Rows": 77,
                                                        "Actual Loops": 1
                                                    },
                                                    {
                                                        "Worker Number": 3,
                                                        "Actual Startup Time": 52.802,
                                                        "Actual Total Time": 72.014,
                                                        "Actual Rows": 68,
                                                        "Actual Loops": 1
                                                    },
                                                    {
                                                        "Worker Number": 4,
                                                        "Actual Startup Time": 51.169,
                                                        "Actual Total Time": 71.407,
                                                        "Actual Rows": 70,
                                                        "Actual Loops": 1
                                                    }
                                                ]
                                            }
                                        ]
                                    }
                                ]
                            }
                        ]
                    }
                ]
            }
        ]
    },
    "Planning Time": 0.784,
    "Triggers": [],
    "Execution Time": 249.649
}