[
  {
    "Plan": {
      "Node Type": "Aggregate",
      "Strategy": "Plain",
      "Partial Mode": "Finalize",
      "Parallel Aware": false,
      "Startup Cost": 33263.25,
      "Total Cost": 33263.26,
      "Plan Rows": 1,
      "Plan Width": 8,
      "Actual Startup Time": 111.586,
      "Actual Total Time": 119.767,
      "Actual Rows": 1,
      "Actual Loops": 1,
      "Plans": [
        {
          "Node Type": "Gather",
          "Parent Relationship": "Outer",
          "Parallel Aware": false,
          "Startup Cost": 33262.94,
          "Total Cost": 33263.25,
          "Plan Rows": 3,
          "Plan Width": 8,
          "Actual Startup Time": 111.455,
          "Actual Total Time": 119.758,
          "Actual Rows": 4,
          "Actual Loops": 1,
          "Workers Planned": 3,
          "Workers Launched": 3,
          "Single Copy": false,
          "Plans": [
            {
              "Node Type": "Aggregate",
              "Strategy": "Plain",
              "Partial Mode": "Partial",
              "Parent Relationship": "Outer",
              "Parallel Aware": false,
              "Startup Cost": 32262.94,
              "Total Cost": 32262.95,
              "Plan Rows": 1,
              "Plan Width": 8,
              "Actual Startup Time": 105.044,
              "Actual Total Time": 105.047,
              "Actual Rows": 1,
              "Actual Loops": 4,
              "Plans": [
                {
                  "Node Type": "Seq Scan",
                  "Parent Relationship": "Outer",
                  "Parallel Aware": true,
                  "Relation Name": "movie_companies",
                  "Alias": "mc",
                  "Startup Cost": 0.0,
                  "Total Cost": 31414.82,
                  "Plan Rows": 339247,
                  "Plan Width": 0,
                  "Actual Startup Time": 47.038,
                  "Actual Total Time": 93.196,
                  "Actual Rows": 196920,
                  "Actual Loops": 4,
                  "Filter": "((company_id < 71961) AND (company_type_id = 2))",
                  "Rows Removed by Filter": 455362
                }
              ]
            }
          ]
        }
      ]
    },
    "Planning Time": 0.116,
    "Triggers": [],
    "Execution Time": 119.808
  }
]