{
  "Plan": {
    "Node Type": "Aggregate",
    "Strategy": "Plain",
    "Partial Mode": "Finalize",
    "Parallel Aware": false,
    "Startup Cost": 97722.76,
    "Total Cost": 97722.77,
    "Plan Rows": 1,
    "Plan Width": 8,
    "Actual Startup Time": 377.337,
    "Actual Total Time": 390.296,
    "Actual Rows": 1,
    "Actual Loops": 1,
    "Plans": [
      {
        "Node Type": "Gather",
        "Parent Relationship": "Outer",
        "Parallel Aware": false,
        "Startup Cost": 97722.65,
        "Total Cost": 97722.76,
        "Plan Rows": 1,
        "Plan Width": 8,
        "Actual Startup Time": 376.985,
        "Actual Total Time": 390.288,
        "Actual Rows": 2,
        "Actual Loops": 1,
        "Workers Planned": 1,
        "Workers Launched": 1,
        "Single Copy": false,
        "Plans": [
          {
            "Node Type": "Aggregate",
            "Strategy": "Plain",
            "Partial Mode": "Partial",
            "Parent Relationship": "Outer",
            "Parallel Aware": false,
            "Startup Cost": 96722.65,
            "Total Cost": 96722.66,
            "Plan Rows": 1,
            "Plan Width": 8,
            "Actual Startup Time": 371.529,
            "Actual Total Time": 371.532,
            "Actual Rows": 1,
            "Actual Loops": 2,
            "Plans": [
              {
                "Node Type": "Hash Join",
                "Parent Relationship": "Outer",
                "Parallel Aware": true,
                "Join Type": "Inner",
                "Startup Cost": 55410.7,
                "Total Cost": 96587.75,
                "Plan Rows": 53961,
                "Plan Width": 0,
                "Actual Startup Time": 149.06,
                "Actual Total Time": 369.816,
                "Actual Rows": 38578,
                "Actual Loops": 2,
                "Inner Unique": true,
                "Hash Cond": "(mc.movie_id = t.id)",
                "Plans": [
                  {
                    "Node Type": "Seq Scan",
                    "Parent Relationship": "Outer",
                    "Parallel Aware": true,
                    "Relation Name": "movie_companies",
                    "Alias": "mc",
                    "Startup Cost": 0.0,
                    "Total Cost": 37974.77,
                    "Plan Rows": 1219913,
                    "Plan Width": 4,
                    "Actual Startup Time": 0.013,
                    "Actual Total Time": 117.413,
                    "Actual Rows": 1031906,
                    "Actual Loops": 2,
                    "Filter": "(company_id < 72029)",
                    "Rows Removed by Filter": 272658
                  },
                  {
                    "Node Type": "Hash",
                    "Parent Relationship": "Inner",
                    "Parallel Aware": true,
                    "Startup Cost": 54588.39,
                    "Total Cost": 54588.39,
                    "Plan Rows": 65785,
                    "Plan Width": 4,
                    "Actual Startup Time": 146.658,
                    "Actual Total Time": 146.659,
                    "Actual Rows": 54214,
                    "Actual Loops": 2,
                    "Hash Buckets": 131072,
                    "Original Hash Buckets": 131072,
                    "Hash Batches": 1,
                    "Original Hash Batches": 1,
                    "Peak Memory Usage": 5312,
                    "Plans": [
                      {
                        "Node Type": "Seq Scan",
                        "Parent Relationship": "Outer",
                        "Parallel Aware": true,
                        "Relation Name": "title",
                        "Alias": "t",
                        "Startup Cost": 0.0,
                        "Total Cost": 54588.39,
                        "Plan Rows": 65785,
                        "Plan Width": 4,
                        "Actual Startup Time": 0.043,
                        "Actual Total Time": 131.639,
                        "Actual Rows": 54214,
                        "Actual Loops": 2,
                        "Filter": "(production_year = 2006)",
                        "Rows Removed by Filter": 1209942
                      }
                    ]
                  }
                ]
              }
            ]
          }
        ]
      }
    ]
  },
  "Planning Time": 0.443,
  "Triggers": [],
  "Execution Time": 390.366
}