[
  {
    "Plan": {
      "Node Type": "Aggregate",
      "Strategy": "Plain",
      "Partial Mode": "Finalize",
      "Parallel Aware": false,
      "Startup Cost": 83255.12,
      "Total Cost": 83255.13,
      "Plan Rows": 1,
      "Plan Width": 8,
      "Actual Startup Time": 366.317,
      "Actual Total Time": 381.421,
      "Actual Rows": 1,
      "Actual Loops": 1,
      "Plans": [
        {
          "Node Type": "Gather",
          "Parent Relationship": "Outer",
          "Parallel Aware": false,
          "Startup Cost": 83254.8,
          "Total Cost": 83255.11,
          "Plan Rows": 3,
          "Plan Width": 8,
          "Actual Startup Time": 362.502,
          "Actual Total Time": 381.411,
          "Actual Rows": 4,
          "Actual Loops": 1,
          "Workers Planned": 3,
          "Workers Launched": 3,
          "Single Copy": false,
          "Plans": [
            {
              "Node Type": "Aggregate",
              "Strategy": "Plain",
              "Partial Mode": "Partial",
              "Parent Relationship": "Outer",
              "Parallel Aware": false,
              "Startup Cost": 82254.8,
              "Total Cost": 82254.81,
              "Plan Rows": 1,
              "Plan Width": 8,
              "Actual Startup Time": 350.807,
              "Actual Total Time": 350.809,
              "Actual Rows": 1,
              "Actual Loops": 4,
              "Plans": [
                {
                  "Node Type": "Hash Join",
                  "Parent Relationship": "Outer",
                  "Parallel Aware": true,
                  "Join Type": "Inner",
                  "Startup Cost": 49443.51,
                  "Total Cost": 81803.25,
                  "Plan Rows": 180620,
                  "Plan Width": 0,
                  "Actual Startup Time": 240.981,
                  "Actual Total Time": 347.972,
                  "Actual Rows": 67360,
                  "Actual Loops": 4,
                  "Inner Unique": true,
                  "Hash Cond": "(mc.movie_id = t.id)",
                  "Plans": [
                    {
                      "Node Type": "Seq Scan",
                      "Parent Relationship": "Outer",
                      "Parallel Aware": true,
                      "Relation Name": "movie_companies",
                      "Alias": "mc",
                      "Startup Cost": 0.0,
                      "Total Cost": 31414.82,
                      "Plan Rows": 359969,
                      "Plan Width": 4,
                      "Actual Startup Time": 27.718,
                      "Actual Total Time": 63.538,
                      "Actual Rows": 310018,
                      "Actual Loops": 4,
                      "Filter": "((company_id > 258) AND (company_type_id = 2))",
                      "Rows Removed by Filter": 342264
                    },
                    {
                      "Node Type": "Hash",
                      "Parent Relationship": "Inner",
                      "Parallel Aware": true,
                      "Startup Cost": 45479.1,
                      "Total Cost": 45479.1,
                      "Plan Rows": 317153,
                      "Plan Width": 4,
                      "Actual Startup Time": 205.694,
                      "Actual Total Time": 205.695,
                      "Actual Rows": 337221,
                      "Actual Loops": 4,
                      "Hash Buckets": 2097152,
                      "Original Hash Buckets": 2097152,
                      "Hash Batches": 1,
                      "Original Hash Batches": 1,
                      "Peak Memory Usage": 69216,
                      "Plans": [
                        {
                          "Node Type": "Seq Scan",
                          "Parent Relationship": "Outer",
                          "Parallel Aware": true,
                          "Relation Name": "title",
                          "Alias": "t",
                          "Startup Cost": 0.0,
                          "Total Cost": 45479.1,
                          "Plan Rows": 317153,
                          "Plan Width": 4,
                          "Actual Startup Time": 0.035,
                          "Actual Total Time": 99.287,
                          "Actual Rows": 337221,
                          "Actual Loops": 4,
                          "Filter": "((production_year > 1970) AND (kind_id = 7))",
                          "Rows Removed by Filter": 294857
                        }
                      ]
                    }
                  ]
                }
              ]
            }
          ]
        }
      ]
    },
    "Planning Time": 0.696,
    "Triggers": [],
    "Execution Time": 381.49
  }
]