[
  {
    "Plan": {
      "Node Type": "Aggregate",
      "Strategy": "Plain",
      "Partial Mode": "Finalize",
      "Parallel Aware": false,
      "Startup Cost": 313149.23,
      "Total Cost": 313149.24,
      "Plan Rows": 1,
      "Plan Width": 8,
      "Actual Startup Time": 2598.574,
      "Actual Total Time": 2646.326,
      "Actual Rows": 1,
      "Actual Loops": 1,
      "Plans": [
        {
          "Node Type": "Gather",
          "Parent Relationship": "Outer",
          "Parallel Aware": false,
          "Startup Cost": 313148.91,
          "Total Cost": 313149.22,
          "Plan Rows": 3,
          "Plan Width": 8,
          "Actual Startup Time": 2583.36,
          "Actual Total Time": 2646.318,
          "Actual Rows": 4,
          "Actual Loops": 1,
          "Workers Planned": 3,
          "Workers Launched": 3,
          "Single Copy": false,
          "Plans": [
            {
              "Node Type": "Aggregate",
              "Strategy": "Plain",
              "Partial Mode": "Partial",
              "Parent Relationship": "Outer",
              "Parallel Aware": false,
              "Startup Cost": 312148.91,
              "Total Cost": 312148.92,
              "Plan Rows": 1,
              "Plan Width": 8,
              "Actual Startup Time": 2569.756,
              "Actual Total Time": 2569.761,
              "Actual Rows": 1,
              "Actual Loops": 4,
              "Plans": [
                {
                  "Node Type": "Hash Join",
                  "Parent Relationship": "Outer",
                  "Parallel Aware": true,
                  "Join Type": "Inner",
                  "Startup Cost": 258447.26,
                  "Total Cost": 308707.82,
                  "Plan Rows": 1376437,
                  "Plan Width": 0,
                  "Actual Startup Time": 1446.985,
                  "Actual Total Time": 2234.159,
                  "Actual Rows": 7315772,
                  "Actual Loops": 4,
                  "Inner Unique": false,
                  "Hash Cond": "(mk.movie_id = t.id)",
                  "Plans": [
                    {
                      "Node Type": "Seq Scan",
                      "Parent Relationship": "Outer",
                      "Parallel Aware": true,
                      "Relation Name": "movie_keyword",
                      "Alias": "mk",
                      "Startup Cost": 0.0,
                      "Total Cost": 42695.65,
                      "Plan Rows": 1283208,
                      "Plan Width": 4,
                      "Actual Startup Time": 0.04,
                      "Actual Total Time": 122.382,
                      "Actual Rows": 994538,
                      "Actual Loops": 4,
                      "Filter": "(keyword_id < 33695)",
                      "Rows Removed by Filter": 136445
                    },
                    {
                      "Node Type": "Hash",
                      "Parent Relationship": "Inner",
                      "Parallel Aware": true,
                      "Startup Cost": 251666.96,
                      "Total Cost": 251666.96,
                      "Plan Rows": 542424,
                      "Plan Width": 8,
                      "Actual Startup Time": 1439.114,
                      "Actual Total Time": 1439.118,
                      "Actual Rows": 695779,
                      "Actual Loops": 4,
                      "Hash Buckets": 4194304,
                      "Original Hash Buckets": 4194304,
                      "Hash Batches": 1,
                      "Original Hash Batches": 1,
                      "Peak Memory Usage": 141696,
                      "Plans": [
                        {
                          "Node Type": "Hash Join",
                          "Parent Relationship": "Outer",
                          "Parallel Aware": true,
                          "Join Type": "Inner",
                          "Startup Cost": 50966.88,
                          "Total Cost": 251666.96,
                          "Plan Rows": 542424,
                          "Plan Width": 8,
                          "Actual Startup Time": 483.897,
                          "Actual Total Time": 1156.811,
                          "Actual Rows": 695779,
                          "Actual Loops": 4,
                          "Inner Unique": true,
                          "Hash Cond": "(mi.movie_id = t.id)",
                          "Plans": [
                            {
                              "Node Type": "Seq Scan",
                              "Parent Relationship": "Outer",
                              "Parallel Aware": true,
                              "Relation Name": "movie_info",
                              "Alias": "mi",
                              "Startup Cost": 0.0,
                              "Total Cost": 199108.24,
                              "Plan Rows": 606414,
                              "Plan Width": 4,
                              "Actual Startup Time": 110.167,
                              "Actual Total Time": 462.911,
                              "Actual Rows": 759180,
                              "Actual Loops": 4,
                              "Filter": "(info_type_id = 16)",
                              "Rows Removed by Filter": 2949750
                            },
                            {
                              "Node Type": "Hash",
                              "Parent Relationship": "Inner",
                              "Parallel Aware": true,
                              "Startup Cost": 43899.32,
                              "Total Cost": 43899.32,
                              "Plan Rows": 565405,
                              "Plan Width": 4,
                              "Actual Startup Time": 367.17,
                              "Actual Total Time": 367.171,
                              "Actual Rows": 563306,
                              "Actual Loops": 4,
                              "Hash Buckets": 4194304,
                              "Original Hash Buckets": 4194304,
                              "Hash Batches": 1,
                              "Original Hash Batches": 1,
                              "Peak Memory Usage": 120960,
                              "Plans": [
                                {
                                  "Node Type": "Seq Scan",
                                  "Parent Relationship": "Outer",
                                  "Parallel Aware": true,
                                  "Relation Name": "title",
                                  "Alias": "t",
                                  "Startup Cost": 0.0,
                                  "Total Cost": 43899.32,
                                  "Plan Rows": 565405,
                                  "Plan Width": 4,
                                  "Actual Startup Time": 0.058,
                                  "Actual Total Time": 131.168,
                                  "Actual Rows": 563306,
                                  "Actual Loops": 4,
                                  "Filter": "(production_year > 1955)",
                                  "Rows Removed by Filter": 68772
                                }
                              ]
                            }
                          ]
                        }
                      ]
                    }
                  ]
                }
              ]
            }
          ]
        }
      ]
    },
    "Planning Time": 0.398,
    "Triggers": [],
    "Execution Time": 2646.372
  }
]