[
  {
    "Plan": {
      "Node Type": "Aggregate",
      "Strategy": "Plain",
      "Partial Mode": "Finalize",
      "Parallel Aware": false,
      "Startup Cost": 31508.54,
      "Total Cost": 31508.55,
      "Plan Rows": 1,
      "Plan Width": 8,
      "Actual Startup Time": 104.357,
      "Actual Total Time": 110.13,
      "Actual Rows": 1,
      "Actual Loops": 1,
      "Plans": [
        {
          "Node Type": "Gather",
          "Parent Relationship": "Outer",
          "Parallel Aware": false,
          "Startup Cost": 31508.22,
          "Total Cost": 31508.53,
          "Plan Rows": 3,
          "Plan Width": 8,
          "Actual Startup Time": 104.22,
          "Actual Total Time": 110.12,
          "Actual Rows": 4,
          "Actual Loops": 1,
          "Workers Planned": 3,
          "Workers Launched": 3,
          "Single Copy": false,
          "Plans": [
            {
              "Node Type": "Aggregate",
              "Strategy": "Plain",
              "Partial Mode": "Partial",
              "Parent Relationship": "Outer",
              "Parallel Aware": false,
              "Startup Cost": 30508.22,
              "Total Cost": 30508.23,
              "Plan Rows": 1,
              "Plan Width": 8,
              "Actual Startup Time": 95.897,
              "Actual Total Time": 95.898,
              "Actual Rows": 1,
              "Actual Loops": 4,
              "Plans": [
                {
                  "Node Type": "Seq Scan",
                  "Parent Relationship": "Outer",
                  "Parallel Aware": true,
                  "Relation Name": "movie_companies",
                  "Alias": "mc",
                  "Startup Cost": 0.0,
                  "Total Cost": 29310.68,
                  "Plan Rows": 479017,
                  "Plan Width": 0,
                  "Actual Startup Time": 0.053,
                  "Actual Total Time": 75.859,
                  "Actual Rows": 370317,
                  "Actual Loops": 4,
                  "Filter": "(company_id < 13580)",
                  "Rows Removed by Filter": 281966
                }
              ]
            }
          ]
        }
      ]
    },
    "Planning Time": 0.169,
    "Triggers": [],
    "Execution Time": 110.182
  }
]