{
  "Plan": {
    "Node Type": "Aggregate",
    "Strategy": "Plain",
    "Partial Mode": "Simple",
    "Parallel Aware": false,
    "Startup Cost": 53006.44,
    "Total Cost": 53006.45,
    "Plan Rows": 1,
    "Plan Width": 68,
    "Actual Startup Time": 297.858,
    "Actual Total Time": 304.338,
    "Actual Rows": 1,
    "Actual Loops": 1,
    "Plans": [
      {
        "Node Type": "Nested Loop",
        "Parent Relationship": "Outer",
        "Parallel Aware": false,
        "Join Type": "Inner",
        "Startup Cost": 1003.28,
        "Total Cost": 53005.67,
        "Plan Rows": 103,
        "Plan Width": 45,
        "Actual Startup Time": 185.604,
        "Actual Total Time": 304.264,
        "Actual Rows": 142,
        "Actual Loops": 1,
        "Inner Unique": true,
        "Join Filter": "(mc.movie_id = t.id)",
        "Rows Removed by Join Filter": 0,
        "Plans": [
          {
            "Node Type": "Hash Join",
            "Parent Relationship": "Outer",
            "Parallel Aware": false,
            "Join Type": "Inner",
            "Startup Cost": 1002.85,
            "Total Cost": 52944.85,
            "Plan Rows": 103,
            "Plan Width": 32,
            "Actual Startup Time": 185.52,
            "Actual Total Time": 301.573,
            "Actual Rows": 142,
            "Actual Loops": 1,
            "Inner Unique": true,
            "Hash Cond": "(mi_idx.info_type_id = it.id)",
            "Plans": [
              {
                "Node Type": "Nested Loop",
                "Parent Relationship": "Outer",
                "Parallel Aware": false,
                "Join Type": "Inner",
                "Startup Cost": 1000.43,
                "Total Cost": 52910.79,
                "Plan Rows": 11614,
                "Plan Width": 36,
                "Actual Startup Time": 159.842,
                "Actual Total Time": 295.789,
                "Actual Rows": 62017,
                "Actual Loops": 1,
                "Inner Unique": false,
                "Plans": [
                  {
                    "Node Type": "Nested Loop",
                    "Parent Relationship": "Outer",
                    "Parallel Aware": false,
                    "Join Type": "Inner",
                    "Startup Cost": 1000.0,
                    "Total Cost": 36495.28,
                    "Plan Rows": 4390,
                    "Plan Width": 28,
                    "Actual Startup Time": 159.775,
                    "Actual Total Time": 183.572,
                    "Actual Rows": 28657,
                    "Actual Loops": 1,
                    "Inner Unique": false,
                    "Join Filter": "(ct.id = mc.company_type_id)",
                    "Rows Removed by Join Filter": 232,
                    "Plans": [
                      {
                        "Node Type": "Seq Scan",
                        "Parent Relationship": "Outer",
                        "Parallel Aware": false,
                        "Relation Name": "company_type",
                        "Alias": "ct",
                        "Startup Cost": 0.0,
                        "Total Cost": 1.05,
                        "Plan Rows": 1,
                        "Plan Width": 4,
                        "Actual Startup Time": 0.013,
                        "Actual Total Time": 0.015,
                        "Actual Rows": 1,
                        "Actual Loops": 1,
                        "Filter": "((kind)::text = 'production companies'::text)",
                        "Rows Removed by Filter": 3
                      },
                      {
                        "Node Type": "Gather",
                        "Parent Relationship": "Inner",
                        "Parallel Aware": false,
                        "Startup Cost": 1000.0,
                        "Total Cost": 36274.75,
                        "Plan Rows": 17558,
                        "Plan Width": 32,
                        "Actual Startup Time": 37.723,
                        "Actual Total Time": 179.594,
                        "Actual Rows": 28889,
                        "Actual Loops": 1,
                        "Workers Planned": 3,
                        "Workers Launched": 3,
                        "Single Copy": false,
                        "Plans": [
                          {
                            "Node Type": "Seq Scan",
                            "Parent Relationship": "Outer",
                            "Parallel Aware": true,
                            "Relation Name": "movie_companies",
                            "Alias": "mc",
                            "Startup Cost": 0.0,
                            "Total Cost": 33518.95,
                            "Plan Rows": 5664,
                            "Plan Width": 32,
                            "Actual Startup Time": 39.542,
                            "Actual Total Time": 194.493,
                            "Actual Rows": 7222,
                            "Actual Loops": 4,
                            "Filter": "((note !~~ '%(as Metro-Goldwyn-Mayer Pictures)%'::text) AND ((note ~~ '%(co-production)%'::text) OR (note ~~ '%(presents)%'::text)))",
                            "Rows Removed by Filter": 645060
                          }
                        ]
                      }
                    ]
                  },
                  {
                    "Node Type": "Index Scan",
                    "Parent Relationship": "Inner",
                    "Parallel Aware": false,
                    "Scan Direction": "Forward",
                    "Index Name": "movie_id_movie_info_idx",
                    "Relation Name": "movie_info_idx",
                    "Alias": "mi_idx",
                    "Startup Cost": 0.43,
                    "Total Cost": 3.71,
                    "Plan Rows": 3,
                    "Plan Width": 8,
                    "Actual Startup Time": 0.003,
                    "Actual Total Time": 0.003,
                    "Actual Rows": 2,
                    "Actual Loops": 28657,
                    "Index Cond": "(movie_id = mc.movie_id)",
                    "Rows Removed by Index Recheck": 0
                  }
                ]
              },
              {
                "Node Type": "Hash",
                "Parent Relationship": "Inner",
                "Parallel Aware": false,
                "Startup Cost": 2.41,
                "Total Cost": 2.41,
                "Plan Rows": 1,
                "Plan Width": 4,
                "Actual Startup Time": 0.087,
                "Actual Total Time": 0.088,
                "Actual Rows": 1,
                "Actual Loops": 1,
                "Hash Buckets": 1024,
                "Original Hash Buckets": 1024,
                "Hash Batches": 1,
                "Original Hash Batches": 1,
                "Peak Memory Usage": 9,
                "Plans": [
                  {
                    "Node Type": "Seq Scan",
                    "Parent Relationship": "Outer",
                    "Parallel Aware": false,
                    "Relation Name": "info_type",
                    "Alias": "it",
                    "Startup Cost": 0.0,
                    "Total Cost": 2.41,
                    "Plan Rows": 1,
                    "Plan Width": 4,
                    "Actual Startup Time": 0.061,
                    "Actual Total Time": 0.064,
                    "Actual Rows": 1,
                    "Actual Loops": 1,
                    "Filter": "((info)::text = 'top 250 rank'::text)",
                    "Rows Removed by Filter": 112
                  }
                ]
              }
            ]
          },
          {
            "Node Type": "Index Scan",
            "Parent Relationship": "Inner",
            "Parallel Aware": false,
            "Scan Direction": "Forward",
            "Index Name": "title_pkey",
            "Relation Name": "title",
            "Alias": "t",
            "Startup Cost": 0.43,
            "Total Cost": 0.58,
            "Plan Rows": 1,
            "Plan Width": 25,
            "Actual Startup Time": 0.018,
            "Actual Total Time": 0.018,
            "Actual Rows": 1,
            "Actual Loops": 142,
            "Index Cond": "(id = mi_idx.movie_id)",
            "Rows Removed by Index Recheck": 0
          }
        ]
      }
    ]
  },
  "Planning Time": 8.46,
  "Triggers": [],
  "Execution Time": 304.875
}