[
  {
    "Plan": {
      "Node Type": "Aggregate",
      "Strategy": "Plain",
      "Partial Mode": "Finalize",
      "Parallel Aware": false,
      "Startup Cost": 347660.84,
      "Total Cost": 347660.85,
      "Plan Rows": 1,
      "Plan Width": 8,
      "Actual Startup Time": 704.981,
      "Actual Total Time": 764.968,
      "Actual Rows": 1,
      "Actual Loops": 1,
      "Plans": [
        {
          "Node Type": "Gather",
          "Parent Relationship": "Outer",
          "Parallel Aware": false,
          "Startup Cost": 347660.22,
          "Total Cost": 347660.83,
          "Plan Rows": 6,
          "Plan Width": 8,
          "Actual Startup Time": 704.868,
          "Actual Total Time": 764.957,
          "Actual Rows": 7,
          "Actual Loops": 1,
          "Workers Planned": 6,
          "Workers Launched": 6,
          "Single Copy": false,
          "Plans": [
            {
              "Node Type": "Aggregate",
              "Strategy": "Plain",
              "Partial Mode": "Partial",
              "Parent Relationship": "Outer",
              "Parallel Aware": false,
              "Startup Cost": 346660.22,
              "Total Cost": 346660.23,
              "Plan Rows": 1,
              "Plan Width": 8,
              "Actual Startup Time": 694.765,
              "Actual Total Time": 694.767,
              "Actual Rows": 1,
              "Actual Loops": 7,
              "Plans": [
                {
                  "Node Type": "Seq Scan",
                  "Parent Relationship": "Outer",
                  "Parallel Aware": true,
                  "Relation Name": "cast_info",
                  "Alias": "ci",
                  "Startup Cost": 0.0,
                  "Total Cost": 343257.03,
                  "Plan Rows": 1361275,
                  "Plan Width": 0,
                  "Actual Startup Time": 328.562,
                  "Actual Total Time": 628.175,
                  "Actual Rows": 1591479,
                  "Actual Loops": 7,
                  "Filter": "((person_id > 1804893) AND (role_id > 2))",
                  "Rows Removed by Filter": 3586285
                }
              ]
            }
          ]
        }
      ]
    },
    "Planning Time": 0.253,
    "Triggers": [],
    "Execution Time": 765.038
  }
]