[
  {
    "Plan": {
      "Node Type": "Aggregate",
      "Strategy": "Plain",
      "Partial Mode": "Finalize",
      "Parallel Aware": false,
      "Startup Cost": 310029.93,
      "Total Cost": 310029.94,
      "Plan Rows": 1,
      "Plan Width": 8,
      "Actual Startup Time": 181.191,
      "Actual Total Time": 190.657,
      "Actual Rows": 1,
      "Actual Loops": 1,
      "Plans": [
        {
          "Node Type": "Gather",
          "Parent Relationship": "Outer",
          "Parallel Aware": false,
          "Startup Cost": 310029.3,
          "Total Cost": 310029.91,
          "Plan Rows": 6,
          "Plan Width": 8,
          "Actual Startup Time": 180.835,
          "Actual Total Time": 190.646,
          "Actual Rows": 7,
          "Actual Loops": 1,
          "Workers Planned": 6,
          "Workers Launched": 6,
          "Single Copy": false,
          "Plans": [
            {
              "Node Type": "Aggregate",
              "Strategy": "Plain",
              "Partial Mode": "Partial",
              "Parent Relationship": "Outer",
              "Parallel Aware": false,
              "Startup Cost": 309029.3,
              "Total Cost": 309029.31,
              "Plan Rows": 1,
              "Plan Width": 8,
              "Actual Startup Time": 173.418,
              "Actual Total Time": 173.419,
              "Actual Rows": 1,
              "Actual Loops": 7,
              "Plans": [
                {
                  "Node Type": "Bitmap Heap Scan",
                  "Parent Relationship": "Outer",
                  "Parallel Aware": true,
                  "Relation Name": "cast_info",
                  "Alias": "ci",
                  "Startup Cost": 50611.15,
                  "Total Cost": 308074.11,
                  "Plan Rows": 382077,
                  "Plan Width": 0,
                  "Actual Startup Time": 72.953,
                  "Actual Total Time": 153.759,
                  "Actual Rows": 337391,
                  "Actual Loops": 7,
                  "Recheck Cond": "(person_id < 229727)",
                  "Rows Removed by Index Recheck": 0,
                  "Exact Heap Blocks": 5460,
                  "Lossy Heap Blocks": 0,
                  "Plans": [
                    {
                      "Node Type": "Bitmap Index Scan",
                      "Parent Relationship": "Outer",
                      "Parallel Aware": false,
                      "Index Name": "person_id_cast_info",
                      "Startup Cost": 0.0,
                      "Total Cost": 50038.03,
                      "Plan Rows": 2292462,
                      "Plan Width": 0,
                      "Actual Startup Time": 75.856,
                      "Actual Total Time": 75.856,
                      "Actual Rows": 2361736,
                      "Actual Loops": 1,
                      "Index Cond": "(person_id < 229727)"
                    }
                  ]
                }
              ]
            }
          ]
        }
      ]
    },
    "Planning Time": 0.098,
    "Triggers": [],
    "Execution Time": 190.696
  }
]