[
  {
    "Plan": {
      "Node Type": "Aggregate",
      "Strategy": "Plain",
      "Partial Mode": "Finalize",
      "Parallel Aware": false,
      "Startup Cost": 45029.84,
      "Total Cost": 45029.85,
      "Plan Rows": 1,
      "Plan Width": 8,
      "Actual Startup Time": 129.748,
      "Actual Total Time": 135.113,
      "Actual Rows": 1,
      "Actual Loops": 1,
      "Plans": [
        {
          "Node Type": "Gather",
          "Parent Relationship": "Outer",
          "Parallel Aware": false,
          "Startup Cost": 45029.53,
          "Total Cost": 45029.84,
          "Plan Rows": 3,
          "Plan Width": 8,
          "Actual Startup Time": 129.661,
          "Actual Total Time": 135.108,
          "Actual Rows": 4,
          "Actual Loops": 1,
          "Workers Planned": 3,
          "Workers Launched": 3,
          "Single Copy": false,
          "Plans": [
            {
              "Node Type": "Aggregate",
              "Strategy": "Plain",
              "Partial Mode": "Partial",
              "Parent Relationship": "Outer",
              "Parallel Aware": false,
              "Startup Cost": 44029.53,
              "Total Cost": 44029.54,
              "Plan Rows": 1,
              "Plan Width": 8,
              "Actual Startup Time": 122.696,
              "Actual Total Time": 122.697,
              "Actual Rows": 1,
              "Actual Loops": 4,
              "Plans": [
                {
                  "Node Type": "Seq Scan",
                  "Parent Relationship": "Outer",
                  "Parallel Aware": true,
                  "Relation Name": "movie_keyword",
                  "Alias": "mk",
                  "Startup Cost": 0.0,
                  "Total Cost": 42695.65,
                  "Plan Rows": 533549,
                  "Plan Width": 0,
                  "Actual Startup Time": 0.393,
                  "Actual Total Time": 102.588,
                  "Actual Rows": 407588,
                  "Actual Loops": 4,
                  "Filter": "(keyword_id > 9123)",
                  "Rows Removed by Filter": 723394
                }
              ]
            }
          ]
        }
      ]
    },
    "Planning Time": 0.068,
    "Triggers": [],
    "Execution Time": 135.135
  }
]