[
  {
    "Plan": {
      "Node Type": "Aggregate",
      "Strategy": "Plain",
      "Partial Mode": "Finalize",
      "Parallel Aware": false,
      "Startup Cost": 319255.76,
      "Total Cost": 319255.77,
      "Plan Rows": 1,
      "Plan Width": 8,
      "Actual Startup Time": 3062.986,
      "Actual Total Time": 3106.71,
      "Actual Rows": 1,
      "Actual Loops": 1,
      "Plans": [
        {
          "Node Type": "Gather",
          "Parent Relationship": "Outer",
          "Parallel Aware": false,
          "Startup Cost": 319255.24,
          "Total Cost": 319255.75,
          "Plan Rows": 5,
          "Plan Width": 8,
          "Actual Startup Time": 3046.32,
          "Actual Total Time": 3106.7,
          "Actual Rows": 6,
          "Actual Loops": 1,
          "Workers Planned": 5,
          "Workers Launched": 5,
          "Single Copy": false,
          "Plans": [
            {
              "Node Type": "Aggregate",
              "Strategy": "Plain",
              "Partial Mode": "Partial",
              "Parent Relationship": "Outer",
              "Parallel Aware": false,
              "Startup Cost": 318255.24,
              "Total Cost": 318255.25,
              "Plan Rows": 1,
              "Plan Width": 8,
              "Actual Startup Time": 3034.529,
              "Actual Total Time": 3034.695,
              "Actual Rows": 1,
              "Actual Loops": 6,
              "Plans": [
                {
                  "Node Type": "Hash Join",
                  "Parent Relationship": "Outer",
                  "Parallel Aware": true,
                  "Join Type": "Inner",
                  "Startup Cost": 102351.77,
                  "Total Cost": 312542.64,
                  "Plan Rows": 2285041,
                  "Plan Width": 0,
                  "Actual Startup Time": 503.047,
                  "Actual Total Time": 2351.647,
                  "Actual Rows": 15917655,
                  "Actual Loops": 6,
                  "Inner Unique": false,
                  "Hash Cond": "(mi.movie_id = t.id)",
                  "Plans": [
                    {
                      "Node Type": "Seq Scan",
                      "Parent Relationship": "Outer",
                      "Parallel Aware": true,
                      "Relation Name": "movie_info",
                      "Alias": "mi",
                      "Startup Cost": 0.0,
                      "Total Cost": 191685.19,
                      "Plan Rows": 2969219,
                      "Plan Width": 4,
                      "Actual Startup Time": 0.03,
                      "Actual Total Time": 267.801,
                      "Actual Rows": 2472620,
                      "Actual Loops": 6
                    },
                    {
                      "Node Type": "Hash",
                      "Parent Relationship": "Inner",
                      "Parallel Aware": true,
                      "Startup Cost": 94505.75,
                      "Total Cost": 94505.75,
                      "Plan Rows": 627682,
                      "Plan Width": 8,
                      "Actual Startup Time": 497.511,
                      "Actual Total Time": 497.674,
                      "Actual Rows": 284944,
                      "Actual Loops": 6,
                      "Hash Buckets": 2097152,
                      "Original Hash Buckets": 2097152,
                      "Hash Batches": 1,
                      "Original Hash Batches": 1,
                      "Peak Memory Usage": 83328,
                      "Plans": [
                        {
                          "Node Type": "Hash Join",
                          "Parent Relationship": "Outer",
                          "Parallel Aware": true,
                          "Join Type": "Inner",
                          "Startup Cost": 49475.31,
                          "Total Cost": 94505.75,
                          "Plan Rows": 627682,
                          "Plan Width": 8,
                          "Actual Startup Time": 224.951,
                          "Actual Total Time": 397.184,
                          "Actual Rows": 284944,
                          "Actual Loops": 6,
                          "Inner Unique": true,
                          "Hash Cond": "(mk.movie_id = t.id)",
                          "Plans": [
                            {
                              "Node Type": "Seq Scan",
                              "Parent Relationship": "Outer",
                              "Parallel Aware": true,
                              "Relation Name": "movie_keyword",
                              "Alias": "mk",
                              "Startup Cost": 0.0,
                              "Total Cost": 42695.65,
                              "Plan Rows": 889442,
                              "Plan Width": 4,
                              "Actual Startup Time": 0.032,
                              "Actual Total Time": 85.415,
                              "Actual Rows": 462234,
                              "Actual Loops": 6,
                              "Filter": "(keyword_id < 7962)",
                              "Rows Removed by Filter": 291755
                            },
                            {
                              "Node Type": "Hash",
                              "Parent Relationship": "Inner",
                              "Parallel Aware": true,
                              "Startup Cost": 43899.32,
                              "Total Cost": 43899.32,
                              "Plan Rows": 446079,
                              "Plan Width": 4,
                              "Actual Startup Time": 221.795,
                              "Actual Total Time": 221.796,
                              "Actual Rows": 295345,
                              "Actual Loops": 6,
                              "Hash Buckets": 2097152,
                              "Original Hash Buckets": 2097152,
                              "Hash Batches": 1,
                              "Original Hash Batches": 1,
                              "Peak Memory Usage": 85824,
                              "Plans": [
                                {
                                  "Node Type": "Seq Scan",
                                  "Parent Relationship": "Outer",
                                  "Parallel Aware": true,
                                  "Relation Name": "title",
                                  "Alias": "t",
                                  "Startup Cost": 0.0,
                                  "Total Cost": 43899.32,
                                  "Plan Rows": 446079,
                                  "Plan Width": 4,
                                  "Actual Startup Time": 0.06,
                                  "Actual Total Time": 88.845,
                                  "Actual Rows": 295345,
                                  "Actual Loops": 6,
                                  "Filter": "(production_year > 1989)",
                                  "Rows Removed by Filter": 126040
                                }
                              ]
                            }
                          ]
                        }
                      ]
                    }
                  ]
                }
              ]
            }
          ]
        }
      ]
    },
    "Planning Time": 1.069,
    "Triggers": [],
    "Execution Time": 3106.787
  }
]