[
  {
    "Plan": {
      "Node Type": "Aggregate",
      "Strategy": "Plain",
      "Partial Mode": "Finalize",
      "Parallel Aware": false,
      "Startup Cost": 82022.58,
      "Total Cost": 82022.59,
      "Plan Rows": 1,
      "Plan Width": 8,
      "Actual Startup Time": 300.596,
      "Actual Total Time": 316.71,
      "Actual Rows": 1,
      "Actual Loops": 1,
      "Plans": [
        {
          "Node Type": "Gather",
          "Parent Relationship": "Outer",
          "Parallel Aware": false,
          "Startup Cost": 82022.16,
          "Total Cost": 82022.57,
          "Plan Rows": 4,
          "Plan Width": 8,
          "Actual Startup Time": 297.291,
          "Actual Total Time": 316.701,
          "Actual Rows": 5,
          "Actual Loops": 1,
          "Workers Planned": 4,
          "Workers Launched": 4,
          "Single Copy": false,
          "Plans": [
            {
              "Node Type": "Aggregate",
              "Strategy": "Plain",
              "Partial Mode": "Partial",
              "Parent Relationship": "Outer",
              "Parallel Aware": false,
              "Startup Cost": 81022.16,
              "Total Cost": 81022.17,
              "Plan Rows": 1,
              "Plan Width": 8,
              "Actual Startup Time": 287.466,
              "Actual Total Time": 287.469,
              "Actual Rows": 1,
              "Actual Loops": 5,
              "Plans": [
                {
                  "Node Type": "Hash Join",
                  "Parent Relationship": "Outer",
                  "Parallel Aware": true,
                  "Join Type": "Inner",
                  "Startup Cost": 34461.49,
                  "Total Cost": 80549.92,
                  "Plan Rows": 188894,
                  "Plan Width": 0,
                  "Actual Startup Time": 135.533,
                  "Actual Total Time": 282.919,
                  "Actual Rows": 107255,
                  "Actual Loops": 5,
                  "Inner Unique": false,
                  "Hash Cond": "(t.id = mc.movie_id)",
                  "Plans": [
                    {
                      "Node Type": "Seq Scan",
                      "Parent Relationship": "Outer",
                      "Parallel Aware": true,
                      "Relation Name": "title",
                      "Alias": "t",
                      "Startup Cost": 0.0,
                      "Total Cost": 42318.73,
                      "Plan Rows": 632073,
                      "Plan Width": 4,
                      "Actual Startup Time": 0.013,
                      "Actual Total Time": 63.174,
                      "Actual Rows": 505662,
                      "Actual Loops": 5
                    },
                    {
                      "Node Type": "Hash",
                      "Parent Relationship": "Inner",
                      "Parallel Aware": true,
                      "Startup Cost": 31414.82,
                      "Total Cost": 31414.82,
                      "Plan Rows": 243734,
                      "Plan Width": 4,
                      "Actual Startup Time": 110.757,
                      "Actual Total Time": 110.758,
                      "Actual Rows": 107255,
                      "Actual Loops": 5,
                      "Hash Buckets": 1048576,
                      "Original Hash Buckets": 1048576,
                      "Hash Batches": 1,
                      "Original Hash Batches": 1,
                      "Peak Memory Usage": 29248,
                      "Plans": [
                        {
                          "Node Type": "Seq Scan",
                          "Parent Relationship": "Outer",
                          "Parallel Aware": true,
                          "Relation Name": "movie_companies",
                          "Alias": "mc",
                          "Startup Cost": 0.0,
                          "Total Cost": 31414.82,
                          "Plan Rows": 243734,
                          "Plan Width": 4,
                          "Actual Startup Time": 9.524,
                          "Actual Total Time": 71.498,
                          "Actual Rows": 107255,
                          "Actual Loops": 5,
                          "Filter": "((company_id > 6691) AND (company_type_id = 1))",
                          "Rows Removed by Filter": 414570
                        }
                      ]
                    }
                  ]
                }
              ]
            }
          ]
        }
      ]
    },
    "Planning Time": 0.643,
    "Triggers": [],
    "Execution Time": 316.78
  }
]