[
  {
    "Plan": {
      "Node Type": "Aggregate",
      "Strategy": "Plain",
      "Partial Mode": "Finalize",
      "Parallel Aware": false,
      "Startup Cost": 42878.71,
      "Total Cost": 42878.72,
      "Plan Rows": 1,
      "Plan Width": 8,
      "Actual Startup Time": 152.078,
      "Actual Total Time": 160.788,
      "Actual Rows": 1,
      "Actual Loops": 1,
      "Plans": [
        {
          "Node Type": "Gather",
          "Parent Relationship": "Outer",
          "Parallel Aware": false,
          "Startup Cost": 42878.39,
          "Total Cost": 42878.7,
          "Plan Rows": 3,
          "Plan Width": 8,
          "Actual Startup Time": 151.781,
          "Actual Total Time": 160.78,
          "Actual Rows": 4,
          "Actual Loops": 1,
          "Workers Planned": 3,
          "Workers Launched": 3,
          "Single Copy": false,
          "Plans": [
            {
              "Node Type": "Aggregate",
              "Strategy": "Plain",
              "Partial Mode": "Partial",
              "Parent Relationship": "Outer",
              "Parallel Aware": false,
              "Startup Cost": 41878.39,
              "Total Cost": 41878.4,
              "Plan Rows": 1,
              "Plan Width": 8,
              "Actual Startup Time": 144.077,
              "Actual Total Time": 144.079,
              "Actual Rows": 1,
              "Actual Loops": 4,
              "Plans": [
                {
                  "Node Type": "Bitmap Heap Scan",
                  "Parent Relationship": "Outer",
                  "Parallel Aware": true,
                  "Relation Name": "movie_keyword",
                  "Alias": "mk",
                  "Startup Cost": 14188.02,
                  "Total Cost": 41339.0,
                  "Plan Rows": 215758,
                  "Plan Width": 0,
                  "Actual Startup Time": 60.565,
                  "Actual Total Time": 135.256,
                  "Actual Rows": 164591,
                  "Actual Loops": 4,
                  "Recheck Cond": "(keyword_id > 28560)",
                  "Rows Removed by Index Recheck": 0,
                  "Exact Heap Blocks": 9969,
                  "Lossy Heap Blocks": 0,
                  "Plans": [
                    {
                      "Node Type": "Bitmap Index Scan",
                      "Parent Relationship": "Outer",
                      "Parallel Aware": false,
                      "Index Name": "keyword_id_movie_keyword",
                      "Startup Cost": 0.0,
                      "Total Cost": 14020.81,
                      "Plan Rows": 668850,
                      "Plan Width": 0,
                      "Actual Startup Time": 61.392,
                      "Actual Total Time": 61.393,
                      "Actual Rows": 658363,
                      "Actual Loops": 1,
                      "Index Cond": "(keyword_id > 28560)"
                    }
                  ]
                }
              ]
            }
          ]
        }
      ]
    },
    "Planning Time": 0.184,
    "Triggers": [],
    "Execution Time": 160.862
  }
]