[
  {
    "Plan": {
      "Node Type": "Aggregate",
      "Strategy": "Plain",
      "Partial Mode": "Finalize",
      "Parallel Aware": false,
      "Startup Cost": 94742.04,
      "Total Cost": 94742.05,
      "Plan Rows": 1,
      "Plan Width": 8,
      "Actual Startup Time": 404.91,
      "Actual Total Time": 420.403,
      "Actual Rows": 1,
      "Actual Loops": 1,
      "Plans": [
        {
          "Node Type": "Gather",
          "Parent Relationship": "Outer",
          "Parallel Aware": false,
          "Startup Cost": 94741.72,
          "Total Cost": 94742.03,
          "Plan Rows": 3,
          "Plan Width": 8,
          "Actual Startup Time": 403.151,
          "Actual Total Time": 420.394,
          "Actual Rows": 4,
          "Actual Loops": 1,
          "Workers Planned": 3,
          "Workers Launched": 3,
          "Single Copy": false,
          "Plans": [
            {
              "Node Type": "Aggregate",
              "Strategy": "Plain",
              "Partial Mode": "Partial",
              "Parent Relationship": "Outer",
              "Parallel Aware": false,
              "Startup Cost": 93741.72,
              "Total Cost": 93741.73,
              "Plan Rows": 1,
              "Plan Width": 8,
              "Actual Startup Time": 393.982,
              "Actual Total Time": 393.985,
              "Actual Rows": 1,
              "Actual Loops": 4,
              "Plans": [
                {
                  "Node Type": "Hash Join",
                  "Parent Relationship": "Outer",
                  "Parallel Aware": true,
                  "Join Type": "Inner",
                  "Startup Cost": 47992.59,
                  "Total Cost": 93031.84,
                  "Plan Rows": 283953,
                  "Plan Width": 0,
                  "Actual Startup Time": 178.502,
                  "Actual Total Time": 375.902,
                  "Actual Rows": 449718,
                  "Actual Loops": 4,
                  "Inner Unique": true,
                  "Hash Cond": "(mk.movie_id = t.id)",
                  "Plans": [
                    {
                      "Node Type": "Seq Scan",
                      "Parent Relationship": "Outer",
                      "Parallel Aware": true,
                      "Relation Name": "movie_keyword",
                      "Alias": "mk",
                      "Startup Cost": 0.0,
                      "Total Cost": 42695.65,
                      "Plan Rows": 892800,
                      "Plan Width": 4,
                      "Actual Startup Time": 0.028,
                      "Actual Total Time": 99.325,
                      "Actual Rows": 695136,
                      "Actual Loops": 4,
                      "Filter": "(keyword_id < 8040)",
                      "Rows Removed by Filter": 435846
                    },
                    {
                      "Node Type": "Hash",
                      "Parent Relationship": "Inner",
                      "Parallel Aware": true,
                      "Startup Cost": 45479.59,
                      "Total Cost": 45479.59,
                      "Plan Rows": 201040,
                      "Plan Width": 4,
                      "Actual Startup Time": 172.919,
                      "Actual Total Time": 172.92,
                      "Actual Rows": 178435,
                      "Actual Loops": 4,
                      "Hash Buckets": 1048576,
                      "Original Hash Buckets": 1048576,
                      "Hash Batches": 1,
                      "Original Hash Batches": 1,
                      "Peak Memory Usage": 36160,
                      "Plans": [
                        {
                          "Node Type": "Seq Scan",
                          "Parent Relationship": "Outer",
                          "Parallel Aware": true,
                          "Relation Name": "title",
                          "Alias": "t",
                          "Startup Cost": 0.0,
                          "Total Cost": 45479.59,
                          "Plan Rows": 201040,
                          "Plan Width": 4,
                          "Actual Startup Time": 0.049,
                          "Actual Total Time": 104.831,
                          "Actual Rows": 178435,
                          "Actual Loops": 4,
                          "Filter": "((kind_id < 7) AND (production_year > 1972))",
                          "Rows Removed by Filter": 453643
                        }
                      ]
                    }
                  ]
                }
              ]
            }
          ]
        }
      ]
    },
    "Planning Time": 0.639,
    "Triggers": [],
    "Execution Time": 420.48
  }
]