[
  {
    "Plan": {
      "Node Type": "Aggregate",
      "Strategy": "Plain",
      "Partial Mode": "Finalize",
      "Parallel Aware": false,
      "Startup Cost": 459121.54,
      "Total Cost": 459121.55,
      "Plan Rows": 1,
      "Plan Width": 8,
      "Actual Startup Time": 3397.149,
      "Actual Total Time": 3465.131,
      "Actual Rows": 1,
      "Actual Loops": 1,
      "Plans": [
        {
          "Node Type": "Gather",
          "Parent Relationship": "Outer",
          "Parallel Aware": false,
          "Startup Cost": 459120.92,
          "Total Cost": 459121.53,
          "Plan Rows": 6,
          "Plan Width": 8,
          "Actual Startup Time": 3361.252,
          "Actual Total Time": 3465.117,
          "Actual Rows": 7,
          "Actual Loops": 1,
          "Workers Planned": 6,
          "Workers Launched": 6,
          "Single Copy": false,
          "Plans": [
            {
              "Node Type": "Aggregate",
              "Strategy": "Plain",
              "Partial Mode": "Partial",
              "Parent Relationship": "Outer",
              "Parallel Aware": false,
              "Startup Cost": 458120.92,
              "Total Cost": 458120.93,
              "Plan Rows": 1,
              "Plan Width": 8,
              "Actual Startup Time": 3346.169,
              "Actual Total Time": 3346.929,
              "Actual Rows": 1,
              "Actual Loops": 7,
              "Plans": [
                {
                  "Node Type": "Hash Join",
                  "Parent Relationship": "Outer",
                  "Parallel Aware": true,
                  "Join Type": "Inner",
                  "Startup Cost": 89587.85,
                  "Total Cost": 448346.04,
                  "Plan Rows": 3909950,
                  "Plan Width": 0,
                  "Actual Startup Time": 508.569,
                  "Actual Total Time": 3082.147,
                  "Actual Rows": 6458895,
                  "Actual Loops": 7,
                  "Inner Unique": false,
                  "Hash Cond": "(ci.movie_id = t.id)",
                  "Plans": [
                    {
                      "Node Type": "Seq Scan",
                      "Parent Relationship": "Outer",
                      "Parallel Aware": true,
                      "Relation Name": "cast_info",
                      "Alias": "ci",
                      "Startup Cost": 0.0,
                      "Total Cost": 328162.03,
                      "Plan Rows": 4795582,
                      "Plan Width": 4,
                      "Actual Startup Time": 0.027,
                      "Actual Total Time": 662.001,
                      "Actual Rows": 4115444,
                      "Actual Loops": 7,
                      "Filter": "(role_id < 8)",
                      "Rows Removed by Filter": 1062320
                    },
                    {
                      "Node Type": "Hash",
                      "Parent Relationship": "Inner",
                      "Parallel Aware": true,
                      "Startup Cost": 81275.85,
                      "Total Cost": 81275.85,
                      "Plan Rows": 664960,
                      "Plan Width": 8,
                      "Actual Startup Time": 503.712,
                      "Actual Total Time": 504.47,
                      "Actual Rows": 294904,
                      "Actual Loops": 7,
                      "Hash Buckets": 2097152,
                      "Original Hash Buckets": 2097152,
                      "Hash Batches": 1,
                      "Original Hash Batches": 1,
                      "Peak Memory Usage": 97248,
                      "Plans": [
                        {
                          "Node Type": "Hash Join",
                          "Parent Relationship": "Outer",
                          "Parallel Aware": true,
                          "Join Type": "Inner",
                          "Startup Cost": 50219.64,
                          "Total Cost": 81275.85,
                          "Plan Rows": 664960,
                          "Plan Width": 8,
                          "Actual Startup Time": 243.343,
                          "Actual Total Time": 399.145,
                          "Actual Rows": 294904,
                          "Actual Loops": 7,
                          "Inner Unique": true,
                          "Hash Cond": "(mc.movie_id = t.id)",
                          "Plans": [
                            {
                              "Node Type": "Seq Scan",
                              "Parent Relationship": "Outer",
                              "Parallel Aware": true,
                              "Relation Name": "movie_companies",
                              "Alias": "mc",
                              "Startup Cost": 0.0,
                              "Total Cost": 29310.68,
                              "Plan Rows": 664960,
                              "Plan Width": 4,
                              "Actual Startup Time": 0.118,
                              "Actual Total Time": 48.706,
                              "Actual Rows": 294904,
                              "Actual Loops": 7,
                              "Filter": "(company_id > 533)",
                              "Rows Removed by Filter": 77829
                            },
                            {
                              "Node Type": "Hash",
                              "Parent Relationship": "Inner",
                              "Parallel Aware": true,
                              "Startup Cost": 42318.73,
                              "Total Cost": 42318.73,
                              "Plan Rows": 632073,
                              "Plan Width": 4,
                              "Actual Startup Time": 239.282,
                              "Actual Total Time": 239.283,
                              "Actual Rows": 361187,
                              "Actual Loops": 7,
                              "Hash Buckets": 4194304,
                              "Original Hash Buckets": 4194304,
                              "Hash Batches": 1,
                              "Original Hash Batches": 1,
                              "Peak Memory Usage": 131776,
                              "Plans": [
                                {
                                  "Node Type": "Seq Scan",
                                  "Parent Relationship": "Outer",
                                  "Parallel Aware": true,
                                  "Relation Name": "title",
                                  "Alias": "t",
                                  "Startup Cost": 0.0,
                                  "Total Cost": 42318.73,
                                  "Plan Rows": 632073,
                                  "Plan Width": 4,
                                  "Actual Startup Time": 0.043,
                                  "Actual Total Time": 69.641,
                                  "Actual Rows": 361187,
                                  "Actual Loops": 7
                                }
                              ]
                            }
                          ]
                        }
                      ]
                    }
                  ]
                }
              ]
            }
          ]
        }
      ]
    },
    "Planning Time": 1.371,
    "Triggers": [],
    "Execution Time": 3465.223
  }
]