[
  {
    "Plan": {
      "Node Type": "Aggregate",
      "Strategy": "Plain",
      "Partial Mode": "Simple",
      "Parallel Aware": false,
      "Startup Cost": 262772.62,
      "Total Cost": 262772.63,
      "Plan Rows": 1,
      "Plan Width": 8,
      "Actual Startup Time": 46.714,
      "Actual Total Time": 46.714,
      "Actual Rows": 1,
      "Actual Loops": 1,
      "Plans": [
        {
          "Node Type": "Bitmap Heap Scan",
          "Parent Relationship": "Outer",
          "Parallel Aware": false,
          "Relation Name": "cast_info",
          "Alias": "ci",
          "Startup Cost": 4831.55,
          "Total Cost": 262225.85,
          "Plan Rows": 218708,
          "Plan Width": 0,
          "Actual Startup Time": 12.992,
          "Actual Total Time": 36.601,
          "Actual Rows": 203863,
          "Actual Loops": 1,
          "Recheck Cond": "(person_id > 4025976)",
          "Rows Removed by Index Recheck": 0,
          "Exact Heap Blocks": 2355,
          "Lossy Heap Blocks": 0,
          "Plans": [
            {
              "Node Type": "Bitmap Index Scan",
              "Parent Relationship": "Outer",
              "Parallel Aware": false,
              "Index Name": "person_id_cast_info",
              "Startup Cost": 0.0,
              "Total Cost": 4776.87,
              "Plan Rows": 218708,
              "Plan Width": 0,
              "Actual Startup Time": 12.552,
              "Actual Total Time": 12.552,
              "Actual Rows": 203863,
              "Actual Loops": 1,
              "Index Cond": "(person_id > 4025976)"
            }
          ]
        }
      ]
    },
    "Planning Time": 0.183,
    "Triggers": [],
    "Execution Time": 46.752
  }
]