[
  {
    "Plan": {
      "Node Type": "Aggregate",
      "Strategy": "Plain",
      "Partial Mode": "Finalize",
      "Parallel Aware": false,
      "Startup Cost": 323133.63,
      "Total Cost": 323133.64,
      "Plan Rows": 1,
      "Plan Width": 8,
      "Actual Startup Time": 247.051,
      "Actual Total Time": 257.585,
      "Actual Rows": 1,
      "Actual Loops": 1,
      "Plans": [
        {
          "Node Type": "Gather",
          "Parent Relationship": "Outer",
          "Parallel Aware": false,
          "Startup Cost": 323133.0,
          "Total Cost": 323133.61,
          "Plan Rows": 6,
          "Plan Width": 8,
          "Actual Startup Time": 239.35,
          "Actual Total Time": 257.576,
          "Actual Rows": 7,
          "Actual Loops": 1,
          "Workers Planned": 6,
          "Workers Launched": 6,
          "Single Copy": false,
          "Plans": [
            {
              "Node Type": "Aggregate",
              "Strategy": "Plain",
              "Partial Mode": "Partial",
              "Parent Relationship": "Outer",
              "Parallel Aware": false,
              "Startup Cost": 322133.0,
              "Total Cost": 322133.01,
              "Plan Rows": 1,
              "Plan Width": 8,
              "Actual Startup Time": 231.735,
              "Actual Total Time": 231.737,
              "Actual Rows": 1,
              "Actual Loops": 7,
              "Plans": [
                {
                  "Node Type": "Bitmap Heap Scan",
                  "Parent Relationship": "Outer",
                  "Parallel Aware": true,
                  "Relation Name": "cast_info",
                  "Alias": "ci",
                  "Startup Cost": 62382.24,
                  "Total Cost": 320955.71,
                  "Plan Rows": 470918,
                  "Plan Width": 0,
                  "Actual Startup Time": 80.983,
                  "Actual Total Time": 208.903,
                  "Actual Rows": 389824,
                  "Actual Loops": 7,
                  "Recheck Cond": "(person_id > 3540141)",
                  "Rows Removed by Index Recheck": 0,
                  "Exact Heap Blocks": 9968,
                  "Lossy Heap Blocks": 0,
                  "Plans": [
                    {
                      "Node Type": "Bitmap Index Scan",
                      "Parent Relationship": "Outer",
                      "Parallel Aware": false,
                      "Index Name": "person_id_cast_info",
                      "Startup Cost": 0.0,
                      "Total Cost": 61675.86,
                      "Plan Rows": 2825506,
                      "Plan Width": 0,
                      "Actual Startup Time": 81.72,
                      "Actual Total Time": 81.72,
                      "Actual Rows": 2728769,
                      "Actual Loops": 1,
                      "Index Cond": "(person_id > 3540141)"
                    }
                  ]
                }
              ]
            }
          ]
        }
      ]
    },
    "Planning Time": 0.093,
    "Triggers": [],
    "Execution Time": 257.622
  }
]