[
  {
    "Plan": {
      "Node Type": "Aggregate",
      "Strategy": "Plain",
      "Partial Mode": "Finalize",
      "Parallel Aware": false,
      "Startup Cost": 95006.14,
      "Total Cost": 95006.15,
      "Plan Rows": 1,
      "Plan Width": 8,
      "Actual Startup Time": 396.424,
      "Actual Total Time": 416.259,
      "Actual Rows": 1,
      "Actual Loops": 1,
      "Plans": [
        {
          "Node Type": "Gather",
          "Parent Relationship": "Outer",
          "Parallel Aware": false,
          "Startup Cost": 95005.82,
          "Total Cost": 95006.13,
          "Plan Rows": 3,
          "Plan Width": 8,
          "Actual Startup Time": 393.477,
          "Actual Total Time": 416.25,
          "Actual Rows": 4,
          "Actual Loops": 1,
          "Workers Planned": 3,
          "Workers Launched": 3,
          "Single Copy": false,
          "Plans": [
            {
              "Node Type": "Aggregate",
              "Strategy": "Plain",
              "Partial Mode": "Partial",
              "Parent Relationship": "Outer",
              "Parallel Aware": false,
              "Startup Cost": 94005.82,
              "Total Cost": 94005.83,
              "Plan Rows": 1,
              "Plan Width": 8,
              "Actual Startup Time": 383.755,
              "Actual Total Time": 383.908,
              "Actual Rows": 1,
              "Actual Loops": 4,
              "Plans": [
                {
                  "Node Type": "Hash Join",
                  "Parent Relationship": "Outer",
                  "Parallel Aware": true,
                  "Join Type": "Inner",
                  "Startup Cost": 63142.03,
                  "Total Cost": 93817.94,
                  "Plan Rows": 75155,
                  "Plan Width": 0,
                  "Actual Startup Time": 247.819,
                  "Actual Total Time": 373.033,
                  "Actual Rows": 282734,
                  "Actual Loops": 4,
                  "Inner Unique": false,
                  "Hash Cond": "(mc.movie_id = t.id)",
                  "Plans": [
                    {
                      "Node Type": "Seq Scan",
                      "Parent Relationship": "Outer",
                      "Parallel Aware": true,
                      "Relation Name": "movie_companies",
                      "Alias": "mc",
                      "Startup Cost": 0.0,
                      "Total Cost": 27206.55,
                      "Plan Rows": 841655,
                      "Plan Width": 4,
                      "Actual Startup Time": 0.019,
                      "Actual Total Time": 54.464,
                      "Actual Rows": 652282,
                      "Actual Loops": 4
                    },
                    {
                      "Node Type": "Hash",
                      "Parent Relationship": "Inner",
                      "Parallel Aware": true,
                      "Startup Cost": 61966.18,
                      "Total Cost": 61966.18,
                      "Plan Rows": 94068,
                      "Plan Width": 8,
                      "Actual Startup Time": 222.777,
                      "Actual Total Time": 222.928,
                      "Actual Rows": 75696,
                      "Actual Loops": 4,
                      "Hash Buckets": 524288,
                      "Original Hash Buckets": 262144,
                      "Hash Batches": 1,
                      "Original Hash Batches": 1,
                      "Peak Memory Usage": 18048,
                      "Plans": [
                        {
                          "Node Type": "Hash Join",
                          "Parent Relationship": "Outer",
                          "Parallel Aware": true,
                          "Join Type": "Inner",
                          "Startup Cost": 46771.62,
                          "Total Cost": 61966.18,
                          "Plan Rows": 94068,
                          "Plan Width": 8,
                          "Actual Startup Time": 151.794,
                          "Actual Total Time": 199.297,
                          "Actual Rows": 75696,
                          "Actual Loops": 4,
                          "Inner Unique": true,
                          "Hash Cond": "(mi_idx.movie_id = t.id)",
                          "Plans": [
                            {
                              "Node Type": "Seq Scan",
                              "Parent Relationship": "Outer",
                              "Parallel Aware": true,
                              "Relation Name": "movie_info_idx",
                              "Alias": "mi_idx",
                              "Startup Cost": 0.0,
                              "Total Cost": 13685.15,
                              "Plan Rows": 575015,
                              "Plan Width": 4,
                              "Actual Startup Time": 0.027,
                              "Actual Total Time": 27.2,
                              "Actual Rows": 345009,
                              "Actual Loops": 4
                            },
                            {
                              "Node Type": "Hash",
                              "Parent Relationship": "Inner",
                              "Parallel Aware": true,
                              "Startup Cost": 45479.1,
                              "Total Cost": 45479.1,
                              "Plan Rows": 103402,
                              "Plan Width": 4,
                              "Actual Startup Time": 123.77,
                              "Actual Total Time": 123.771,
                              "Actual Rows": 75809,
                              "Actual Loops": 4,
                              "Hash Buckets": 524288,
                              "Original Hash Buckets": 524288,
                              "Hash Batches": 1,
                              "Original Hash Batches": 1,
                              "Peak Memory Usage": 16000,
                              "Plans": [
                                {
                                  "Node Type": "Seq Scan",
                                  "Parent Relationship": "Outer",
                                  "Parallel Aware": true,
                                  "Relation Name": "title",
                                  "Alias": "t",
                                  "Startup Cost": 0.0,
                                  "Total Cost": 45479.1,
                                  "Plan Rows": 103402,
                                  "Plan Width": 4,
                                  "Actual Startup Time": 48.261,
                                  "Actual Total Time": 99.945,
                                  "Actual Rows": 75809,
                                  "Actual Loops": 4,
                                  "Filter": "((production_year > 1996) AND (kind_id = 1))",
                                  "Rows Removed by Filter": 556269
                                }
                              ]
                            }
                          ]
                        }
                      ]
                    }
                  ]
                }
              ]
            }
          ]
        }
      ]
    },
    "Planning Time": 1.362,
    "Triggers": [],
    "Execution Time": 416.35
  }
]