[
  {
    "Plan": {
      "Node Type": "Aggregate",
      "Strategy": "Plain",
      "Partial Mode": "Finalize",
      "Parallel Aware": false,
      "Startup Cost": 32825.33,
      "Total Cost": 32825.34,
      "Plan Rows": 1,
      "Plan Width": 8,
      "Actual Startup Time": 89.638,
      "Actual Total Time": 95.298,
      "Actual Rows": 1,
      "Actual Loops": 1,
      "Plans": [
        {
          "Node Type": "Gather",
          "Parent Relationship": "Outer",
          "Parallel Aware": false,
          "Startup Cost": 32825.01,
          "Total Cost": 32825.32,
          "Plan Rows": 3,
          "Plan Width": 8,
          "Actual Startup Time": 89.482,
          "Actual Total Time": 95.288,
          "Actual Rows": 4,
          "Actual Loops": 1,
          "Workers Planned": 3,
          "Workers Launched": 3,
          "Single Copy": false,
          "Plans": [
            {
              "Node Type": "Aggregate",
              "Strategy": "Plain",
              "Partial Mode": "Partial",
              "Parent Relationship": "Outer",
              "Parallel Aware": false,
              "Startup Cost": 31825.01,
              "Total Cost": 31825.02,
              "Plan Rows": 1,
              "Plan Width": 8,
              "Actual Startup Time": 82.662,
              "Actual Total Time": 82.664,
              "Actual Rows": 1,
              "Actual Loops": 4,
              "Plans": [
                {
                  "Node Type": "Seq Scan",
                  "Parent Relationship": "Outer",
                  "Parallel Aware": true,
                  "Relation Name": "movie_companies",
                  "Alias": "mc",
                  "Startup Cost": 0.0,
                  "Total Cost": 31414.82,
                  "Plan Rows": 164078,
                  "Plan Width": 0,
                  "Actual Startup Time": 20.266,
                  "Actual Total Time": 79.627,
                  "Actual Rows": 50669,
                  "Actual Loops": 4,
                  "Filter": "((company_id > 15433) AND (company_type_id < 2))",
                  "Rows Removed by Filter": 601614
                }
              ]
            }
          ]
        }
      ]
    },
    "Planning Time": 0.269,
    "Triggers": [],
    "Execution Time": 95.363
  }
]