[
  {
    "Plan": {
      "Node Type": "Aggregate",
      "Strategy": "Plain",
      "Partial Mode": "Finalize",
      "Parallel Aware": false,
      "Startup Cost": 46898.73,
      "Total Cost": 46898.74,
      "Plan Rows": 1,
      "Plan Width": 8,
      "Actual Startup Time": 172.795,
      "Actual Total Time": 182.681,
      "Actual Rows": 1,
      "Actual Loops": 1,
      "Plans": [
        {
          "Node Type": "Gather",
          "Parent Relationship": "Outer",
          "Parallel Aware": false,
          "Startup Cost": 46898.41,
          "Total Cost": 46898.72,
          "Plan Rows": 3,
          "Plan Width": 8,
          "Actual Startup Time": 172.681,
          "Actual Total Time": 182.673,
          "Actual Rows": 4,
          "Actual Loops": 1,
          "Workers Planned": 3,
          "Workers Launched": 3,
          "Single Copy": false,
          "Plans": [
            {
              "Node Type": "Aggregate",
              "Strategy": "Plain",
              "Partial Mode": "Partial",
              "Parent Relationship": "Outer",
              "Parallel Aware": false,
              "Startup Cost": 45898.41,
              "Total Cost": 45898.42,
              "Plan Rows": 1,
              "Plan Width": 8,
              "Actual Startup Time": 165.76,
              "Actual Total Time": 165.761,
              "Actual Rows": 1,
              "Actual Loops": 4,
              "Plans": [
                {
                  "Node Type": "Seq Scan",
                  "Parent Relationship": "Outer",
                  "Parallel Aware": true,
                  "Relation Name": "movie_keyword",
                  "Alias": "mk",
                  "Startup Cost": 0.0,
                  "Total Cost": 42695.65,
                  "Plan Rows": 1281103,
                  "Plan Width": 0,
                  "Actual Startup Time": 0.049,
                  "Actual Total Time": 121.68,
                  "Actual Rows": 995908,
                  "Actual Loops": 4,
                  "Filter": "(keyword_id < 34015)",
                  "Rows Removed by Filter": 135074
                }
              ]
            }
          ]
        }
      ]
    },
    "Planning Time": 0.187,
    "Triggers": [],
    "Execution Time": 182.735
  }
]