[
  {
    "Plan": {
      "Node Type": "Aggregate",
      "Strategy": "Plain",
      "Partial Mode": "Simple",
      "Parallel Aware": false,
      "Startup Cost": 20586.71,
      "Total Cost": 20586.72,
      "Plan Rows": 1,
      "Plan Width": 8,
      "Actual Startup Time": 26.02,
      "Actual Total Time": 26.021,
      "Actual Rows": 1,
      "Actual Loops": 1,
      "Plans": [
        {
          "Node Type": "Bitmap Heap Scan",
          "Parent Relationship": "Outer",
          "Parallel Aware": false,
          "Relation Name": "movie_companies",
          "Alias": "mc",
          "Startup Cost": 1026.38,
          "Total Cost": 20528.67,
          "Plan Rows": 23218,
          "Plan Width": 0,
          "Actual Startup Time": 6.008,
          "Actual Total Time": 22.75,
          "Actual Rows": 42064,
          "Actual Loops": 1,
          "Recheck Cond": "(company_id = 19)",
          "Rows Removed by Index Recheck": 0,
          "Filter": "(company_type_id < 2)",
          "Rows Removed by Filter": 5188,
          "Exact Heap Blocks": 4740,
          "Lossy Heap Blocks": 0,
          "Plans": [
            {
              "Node Type": "Bitmap Index Scan",
              "Parent Relationship": "Outer",
              "Parallel Aware": false,
              "Index Name": "company_id_movie_companies",
              "Startup Cost": 0.0,
              "Total Cost": 1020.57,
              "Plan Rows": 47486,
              "Plan Width": 0,
              "Actual Startup Time": 4.78,
              "Actual Total Time": 4.78,
              "Actual Rows": 47252,
              "Actual Loops": 1,
              "Index Cond": "(company_id = 19)"
            }
          ]
        }
      ]
    },
    "Planning Time": 0.175,
    "Triggers": [],
    "Execution Time": 26.073
  }
]