[
    {
        "Bao": {
            "Bao prediction": "NaN",
            "Bao recommended hint": "(no hint)"
        }
    },
    {
        "Plan": {
            "Node Type": "Aggregate",
            "Strategy": "Plain",
            "Partial Mode": "Finalize",
            "Parallel Aware": false,
            "Startup Cost": 110891.75,
            "Total Cost": 110891.76,
            "Plan Rows": 1,
            "Plan Width": 8,
            "Actual Startup Time": 534.407,
            "Actual Total Time": 543.94,
            "Actual Rows": 1,
            "Actual Loops": 1,
            "Output": [
                "count(*)"
            ],
            "Plans": [
                {
                    "Node Type": "Gather",
                    "Parent Relationship": "Outer",
                    "Parallel Aware": false,
                    "Startup Cost": 110891.44,
                    "Total Cost": 110891.75,
                    "Plan Rows": 3,
                    "Plan Width": 8,
                    "Actual Startup Time": 530.346,
                    "Actual Total Time": 543.92,
                    "Actual Rows": 4,
                    "Actual Loops": 1,
                    "Output": [
                        "(PARTIAL count(*))"
                    ],
                    "Workers Planned": 3,
                    "Workers Launched": 3,
                    "Single Copy": false,
                    "Plans": [
                        {
                            "Node Type": "Aggregate",
                            "Strategy": "Plain",
                            "Partial Mode": "Partial",
                            "Parent Relationship": "Outer",
                            "Parallel Aware": false,
                            "Startup Cost": 109891.44,
                            "Total Cost": 109891.45,
                            "Plan Rows": 1,
                            "Plan Width": 8,
                            "Actual Startup Time": 520.544,
                            "Actual Total Time": 520.783,
                            "Actual Rows": 1,
                            "Actual Loops": 4,
                            "Output": [
                                "PARTIAL count(*)"
                            ],
                            "Workers": [
                                {
                                    "Worker Number": 0,
                                    "Actual Startup Time": 517.213,
                                    "Actual Total Time": 517.218,
                                    "Actual Rows": 1,
                                    "Actual Loops": 1
                                },
                                {
                                    "Worker Number": 1,
                                    "Actual Startup Time": 517.738,
                                    "Actual Total Time": 517.743,
                                    "Actual Rows": 1,
                                    "Actual Loops": 1
                                },
                                {
                                    "Worker Number": 2,
                                    "Actual Startup Time": 517.375,
                                    "Actual Total Time": 517.38,
                                    "Actual Rows": 1,
                                    "Actual Loops": 1
                                }
                            ],
                            "Plans": [
                                {
                                    "Node Type": "Hash Join",
                                    "Parent Relationship": "Outer",
                                    "Parallel Aware": true,
                                    "Join Type": "Inner",
                                    "Startup Cost": 64112.74,
                                    "Total Cost": 109591.14,
                                    "Plan Rows": 120119,
                                    "Plan Width": 0,
                                    "Actual Startup Time": 327.77,
                                    "Actual Total Time": 504.144,
                                    "Actual Rows": 396052,
                                    "Actual Loops": 4,
                                    "Inner Unique": false,
                                    "Hash Cond": "(mk.movie_id = t.id)",
                                    "Workers": [
                                        {
                                            "Worker Number": 0,
                                            "Actual Startup Time": 324.557,
                                            "Actual Total Time": 500.852,
                                            "Actual Rows": 388737,
                                            "Actual Loops": 1
                                        },
                                        {
                                            "Worker Number": 1,
                                            "Actual Startup Time": 324.555,
                                            "Actual Total Time": 500.338,
                                            "Actual Rows": 382317,
                                            "Actual Loops": 1
                                        },
                                        {
                                            "Worker Number": 2,
                                            "Actual Startup Time": 324.768,
                                            "Actual Total Time": 501.24,
                                            "Actual Rows": 389458,
                                            "Actual Loops": 1
                                        }
                                    ],
                                    "Plans": [
                                        {
                                            "Node Type": "Seq Scan",
                                            "Parent Relationship": "Outer",
                                            "Parallel Aware": true,
                                            "Relation Name": "movie_keyword",
                                            "Schema": "public",
                                            "Alias": "mk",
                                            "Startup Cost": 0.0,
                                            "Total Cost": 42695.65,
                                            "Plan Rows": 661985,
                                            "Plan Width": 4,
                                            "Actual Startup Time": 0.431,
                                            "Actual Total Time": 94.861,
                                            "Actual Rows": 509650,
                                            "Actual Loops": 4,
                                            "Output": [
                                                "mk.id",
                                                "mk.movie_id",
                                                "mk.keyword_id"
                                            ],
                                            "Filter": "(mk.keyword_id > 6040)",
                                            "Rows Removed by Filter": 621332,
                                            "Workers": [
                                                {
                                                    "Worker Number": 0,
                                                    "Actual Startup Time": 0.457,
                                                    "Actual Total Time": 96.352,
                                                    "Actual Rows": 497136,
                                                    "Actual Loops": 1
                                                },
                                                {
                                                    "Worker Number": 1,
                                                    "Actual Startup Time": 0.385,
                                                    "Actual Total Time": 95.442,
                                                    "Actual Rows": 493189,
                                                    "Actual Loops": 1
                                                },
                                                {
                                                    "Worker Number": 2,
                                                    "Actual Startup Time": 0.48,
                                                    "Actual Total Time": 96.755,
                                                    "Actual Rows": 502346,
                                                    "Actual Loops": 1
                                                }
                                            ]
                                        },
                                        {
                                            "Node Type": "Hash",
                                            "Parent Relationship": "Inner",
                                            "Parallel Aware": true,
                                            "Startup Cost": 62679.09,
                                            "Total Cost": 62679.09,
                                            "Plan Rows": 114692,
                                            "Plan Width": 8,
                                            "Actual Startup Time": 324.585,
                                            "Actual Total Time": 324.823,
                                            "Actual Rows": 115046,
                                            "Actual Loops": 4,
                                            "Output": [
                                                "t.id",
                                                "mi_idx.movie_id"
                                            ],
                                            "Hash Buckets": 524288,
                                            "Original Hash Buckets": 524288,
                                            "Hash Batches": 1,
                                            "Original Hash Batches": 1,
                                            "Peak Memory Usage": 22176,
                                            "Workers": [
                                                {
                                                    "Worker Number": 0,
                                                    "Actual Startup Time": 323.22,
                                                    "Actual Total Time": 323.223,
                                                    "Actual Rows": 111509,
                                                    "Actual Loops": 1
                                                },
                                                {
                                                    "Worker Number": 1,
                                                    "Actual Startup Time": 323.097,
                                                    "Actual Total Time": 323.1,
                                                    "Actual Rows": 111794,
                                                    "Actual Loops": 1
                                                },
                                                {
                                                    "Worker Number": 2,
                                                    "Actual Startup Time": 323.534,
                                                    "Actual Total Time": 323.538,
                                                    "Actual Rows": 113776,
                                                    "Actual Loops": 1
                                                }
                                            ],
                                            "Plans": [
                                                {
                                                    "Node Type": "Hash Join",
                                                    "Parent Relationship": "Outer",
                                                    "Parallel Aware": true,
                                                    "Join Type": "Inner",
                                                    "Startup Cost": 17512.11,
                                                    "Total Cost": 62679.09,
                                                    "Plan Rows": 114692,
                                                    "Plan Width": 8,
                                                    "Actual Startup Time": 82.095,
                                                    "Actual Total Time": 286.502,
                                                    "Actual Rows": 115046,
                                                    "Actual Loops": 4,
                                                    "Output": [
                                                        "t.id",
                                                        "mi_idx.movie_id"
                                                    ],
                                                    "Inner Unique": false,
                                                    "Hash Cond": "(t.id = mi_idx.movie_id)",
                                                    "Workers": [
                                                        {
                                                            "Worker Number": 0,
                                                            "Actual Startup Time": 80.683,
                                                            "Actual Total Time": 285.227,
                                                            "Actual Rows": 111509,
                                                            "Actual Loops": 1
                                                        },
                                                        {
                                                            "Worker Number": 1,
                                                            "Actual Startup Time": 80.738,
                                                            "Actual Total Time": 285.095,
                                                            "Actual Rows": 111794,
                                                            "Actual Loops": 1
                                                        },
                                                        {
                                                            "Worker Number": 2,
                                                            "Actual Startup Time": 80.95,
                                                            "Actual Total Time": 285.633,
                                                            "Actual Rows": 113776,
                                                            "Actual Loops": 1
                                                        }
                                                    ],
                                                    "Plans": [
                                                        {
                                                            "Node Type": "Seq Scan",
                                                            "Parent Relationship": "Outer",
                                                            "Parallel Aware": true,
                                                            "Relation Name": "title",
                                                            "Schema": "public",
                                                            "Alias": "t",
                                                            "Startup Cost": 0.0,
                                                            "Total Cost": 42318.81,
                                                            "Plan Rows": 632080,
                                                            "Plan Width": 4,
                                                            "Actual Startup Time": 0.01,
                                                            "Actual Total Time": 67.45,
                                                            "Actual Rows": 632078,
                                                            "Actual Loops": 4,
                                                            "Output": [
                                                                "t.id",
                                                                "t.title",
                                                                "t.imdb_index",
                                                                "t.kind_id",
                                                                "t.production_year",
                                                                "t.imdb_id",
                                                                "t.phonetic_code",
                                                                "t.episode_of_id",
                                                                "t.season_nr",
                                                                "t.episode_nr",
                                                                "t.series_years",
                                                                "t.md5sum"
                                                            ],
                                                            "Workers": [
                                                                {
                                                                    "Worker Number": 0,
                                                                    "Actual Startup Time": 0.01,
                                                                    "Actual Total Time": 69.815,
                                                                    "Actual Rows": 608787,
                                                                    "Actual Loops": 1
                                                                },
                                                                {
                                                                    "Worker Number": 1,
                                                                    "Actual Startup Time": 0.015,
                                                                    "Actual Total Time": 69.448,
                                                                    "Actual Rows": 610974,
                                                                    "Actual Loops": 1
                                                                },
                                                                {
                                                                    "Worker Number": 2,
                                                                    "Actual Startup Time": 0.012,
                                                                    "Actual Total Time": 71.071,
                                                                    "Actual Rows": 624891,
                                                                    "Actual Loops": 1
                                                                }
                                                            ]
                                                        },
                                                        {
                                                            "Node Type": "Hash",
                                                            "Parent Relationship": "Inner",
                                                            "Parallel Aware": true,
                                                            "Startup Cost": 15122.68,
                                                            "Total Cost": 15122.68,
                                                            "Plan Rows": 191154,
                                                            "Plan Width": 4,
                                                            "Actual Startup Time": 80.589,
                                                            "Actual Total Time": 80.59,
                                                            "Actual Rows": 115046,
                                                            "Actual Loops": 4,
                                                            "Output": [
                                                                "mi_idx.movie_id"
                                                            ],
                                                            "Hash Buckets": 524288,
                                                            "Original Hash Buckets": 524288,
                                                            "Hash Batches": 1,
                                                            "Original Hash Batches": 1,
                                                            "Peak Memory Usage": 22144,
                                                            "Workers": [
                                                                {
                                                                    "Worker Number": 0,
                                                                    "Actual Startup Time": 80.578,
                                                                    "Actual Total Time": 80.579,
                                                                    "Actual Rows": 103885,
                                                                    "Actual Loops": 1
                                                                },
                                                                {
                                                                    "Worker Number": 1,
                                                                    "Actual Startup Time": 80.614,
                                                                    "Actual Total Time": 80.615,
                                                                    "Actual Rows": 104291,
                                                                    "Actual Loops": 1
                                                                },
                                                                {
                                                                    "Worker Number": 2,
                                                                    "Actual Startup Time": 80.882,
                                                                    "Actual Total Time": 80.883,
                                                                    "Actual Rows": 101967,
                                                                    "Actual Loops": 1
                                                                }
                                                            ],
                                                            "Plans": [
                                                                {
                                                                    "Node Type": "Seq Scan",
                                                                    "Parent Relationship": "Outer",
                                                                    "Parallel Aware": true,
                                                                    "Relation Name": "movie_info_idx",
                                                                    "Schema": "public",
                                                                    "Alias": "mi_idx",
                                                                    "Startup Cost": 0.0,
                                                                    "Total Cost": 15122.68,
                                                                    "Plan Rows": 191154,
                                                                    "Plan Width": 4,
                                                                    "Actual Startup Time": 0.055,
                                                                    "Actual Total Time": 40.823,
                                                                    "Actual Rows": 115046,
                                                                    "Actual Loops": 4,
                                                                    "Output": [
                                                                        "mi_idx.movie_id"
                                                                    ],
                                                                    "Filter": "(mi_idx.info_type_id > 100)",
                                                                    "Rows Removed by Filter": 229962,
                                                                    "Workers": [
                                                                        {
                                                                            "Worker Number": 0,
                                                                            "Actual Startup Time": 0.051,
                                                                            "Actual Total Time": 41.391,
                                                                            "Actual Rows": 103885,
                                                                            "Actual Loops": 1
                                                                        },
                                                                        {
                                                                            "Worker Number": 1,
                                                                            "Actual Startup Time": 0.072,
                                                                            "Actual Total Time": 41.788,
                                                                            "Actual Rows": 104291,
                                                                            "Actual Loops": 1
                                                                        },
                                                                        {
                                                                            "Worker Number": 2,
                                                                            "Actual Startup Time": 0.08,
                                                                            "Actual Total Time": 42.706,
                                                                            "Actual Rows": 101967,
                                                                            "Actual Loops": 1
                                                                        }
                                                                    ]
                                                                }
                                                            ]
                                                        }
                                                    ]
                                                }
                                            ]
                                        }
                                    ]
                                }
                            ]
                        }
                    ]
                }
            ]
        },
        "Planning Time": 242.7,
        "Triggers": [],
        "Execution Time": 544.051
    }
]