{
  "Plan": {
    "Node Type": "Aggregate",
    "Strategy": "Plain",
    "Partial Mode": "Finalize",
    "Parallel Aware": false,
    "Startup Cost": 76321.9,
    "Total Cost": 76321.91,
    "Plan Rows": 1,
    "Plan Width": 8,
    "Actual Startup Time": 90.204,
    "Actual Total Time": 103.038,
    "Actual Rows": 1,
    "Actual Loops": 1,
    "Plans": [
      {
        "Node Type": "Gather",
        "Parent Relationship": "Outer",
        "Parallel Aware": false,
        "Startup Cost": 76321.79,
        "Total Cost": 76321.9,
        "Plan Rows": 1,
        "Plan Width": 8,
        "Actual Startup Time": 90.055,
        "Actual Total Time": 103.033,
        "Actual Rows": 2,
        "Actual Loops": 1,
        "Workers Planned": 1,
        "Workers Launched": 1,
        "Single Copy": false,
        "Plans": [
          {
            "Node Type": "Aggregate",
            "Strategy": "Plain",
            "Partial Mode": "Partial",
            "Parent Relationship": "Outer",
            "Parallel Aware": false,
            "Startup Cost": 75321.79,
            "Total Cost": 75321.8,
            "Plan Rows": 1,
            "Plan Width": 8,
            "Actual Startup Time": 83.85,
            "Actual Total Time": 83.852,
            "Actual Rows": 1,
            "Actual Loops": 2,
            "Plans": [
              {
                "Node Type": "Nested Loop",
                "Parent Relationship": "Outer",
                "Parallel Aware": false,
                "Join Type": "Inner",
                "Startup Cost": 295.64,
                "Total Cost": 75314.4,
                "Plan Rows": 2955,
                "Plan Width": 0,
                "Actual Startup Time": 6.624,
                "Actual Total Time": 83.255,
                "Actual Rows": 6862,
                "Actual Loops": 2,
                "Inner Unique": false,
                "Plans": [
                  {
                    "Node Type": "Nested Loop",
                    "Parent Relationship": "Outer",
                    "Parallel Aware": false,
                    "Join Type": "Inner",
                    "Startup Cost": 295.22,
                    "Total Cost": 71036.84,
                    "Plan Rows": 8072,
                    "Plan Width": 8,
                    "Actual Startup Time": 6.203,
                    "Actual Total Time": 56.378,
                    "Actual Rows": 6876,
                    "Actual Loops": 2,
                    "Inner Unique": true,
                    "Plans": [
                      {
                        "Node Type": "Bitmap Heap Scan",
                        "Parent Relationship": "Outer",
                        "Parallel Aware": true,
                        "Relation Name": "movie_keyword",
                        "Alias": "mk",
                        "Startup Cost": 294.79,
                        "Total Cost": 21979.55,
                        "Plan Rows": 8072,
                        "Plan Width": 4,
                        "Actual Startup Time": 6.021,
                        "Actual Total Time": 19.2,
                        "Actual Rows": 6876,
                        "Actual Loops": 2,
                        "Recheck Cond": "(keyword_id = 121)",
                        "Rows Removed by Index Recheck": 0,
                        "Exact Heap Blocks": 4957,
                        "Lossy Heap Blocks": 0,
                        "Plans": [
                          {
                            "Node Type": "Bitmap Index Scan",
                            "Parent Relationship": "Outer",
                            "Parallel Aware": false,
                            "Index Name": "keyword_id_movie_keyword",
                            "Startup Cost": 0.0,
                            "Total Cost": 291.36,
                            "Plan Rows": 13723,
                            "Plan Width": 0,
                            "Actual Startup Time": 7.559,
                            "Actual Total Time": 7.56,
                            "Actual Rows": 13753,
                            "Actual Loops": 1,
                            "Index Cond": "(keyword_id = 121)"
                          }
                        ]
                      },
                      {
                        "Node Type": "Index Only Scan",
                        "Parent Relationship": "Inner",
                        "Parallel Aware": false,
                        "Scan Direction": "Forward",
                        "Index Name": "title_pkey",
                        "Relation Name": "title",
                        "Alias": "t",
                        "Startup Cost": 0.43,
                        "Total Cost": 6.08,
                        "Plan Rows": 1,
                        "Plan Width": 4,
                        "Actual Startup Time": 0.005,
                        "Actual Total Time": 0.005,
                        "Actual Rows": 1,
                        "Actual Loops": 13753,
                        "Index Cond": "(id = mk.movie_id)",
                        "Rows Removed by Index Recheck": 0,
                        "Heap Fetches": 13753
                      }
                    ]
                  },
                  {
                    "Node Type": "Index Scan",
                    "Parent Relationship": "Inner",
                    "Parallel Aware": false,
                    "Scan Direction": "Forward",
                    "Index Name": "movie_id_movie_info_idx",
                    "Relation Name": "movie_info_idx",
                    "Alias": "mi_idx",
                    "Startup Cost": 0.43,
                    "Total Cost": 0.51,
                    "Plan Rows": 2,
                    "Plan Width": 4,
                    "Actual Startup Time": 0.003,
                    "Actual Total Time": 0.004,
                    "Actual Rows": 1,
                    "Actual Loops": 13753,
                    "Index Cond": "(movie_id = t.id)",
                    "Rows Removed by Index Recheck": 0,
                    "Filter": "(info_type_id > 99)",
                    "Rows Removed by Filter": 0
                  }
                ]
              }
            ]
          }
        ]
      }
    ]
  },
  "Planning Time": 0.996,
  "Triggers": [],
  "Execution Time": 103.134
}