[
  {
    "Plan": {
      "Node Type": "Aggregate",
      "Strategy": "Plain",
      "Partial Mode": "Finalize",
      "Parallel Aware": false,
      "Startup Cost": 338295.94,
      "Total Cost": 338295.95,
      "Plan Rows": 1,
      "Plan Width": 8,
      "Actual Startup Time": 463.214,
      "Actual Total Time": 484.522,
      "Actual Rows": 1,
      "Actual Loops": 1,
      "Plans": [
        {
          "Node Type": "Gather",
          "Parent Relationship": "Outer",
          "Parallel Aware": false,
          "Startup Cost": 338295.32,
          "Total Cost": 338295.93,
          "Plan Rows": 6,
          "Plan Width": 8,
          "Actual Startup Time": 463.111,
          "Actual Total Time": 484.5,
          "Actual Rows": 7,
          "Actual Loops": 1,
          "Workers Planned": 6,
          "Workers Launched": 6,
          "Single Copy": false,
          "Plans": [
            {
              "Node Type": "Aggregate",
              "Strategy": "Plain",
              "Partial Mode": "Partial",
              "Parent Relationship": "Outer",
              "Parallel Aware": false,
              "Startup Cost": 337295.32,
              "Total Cost": 337295.33,
              "Plan Rows": 1,
              "Plan Width": 8,
              "Actual Startup Time": 452.775,
              "Actual Total Time": 452.777,
              "Actual Rows": 1,
              "Actual Loops": 7,
              "Plans": [
                {
                  "Node Type": "Index Scan",
                  "Parent Relationship": "Outer",
                  "Parallel Aware": true,
                  "Scan Direction": "Forward",
                  "Index Name": "role_id_cast_info",
                  "Relation Name": "cast_info",
                  "Alias": "ci",
                  "Startup Cost": 0.56,
                  "Total Cost": 335235.55,
                  "Plan Rows": 823907,
                  "Plan Width": 0,
                  "Actual Startup Time": 0.163,
                  "Actual Total Time": 386.386,
                  "Actual Rows": 1480951,
                  "Actual Loops": 7,
                  "Index Cond": "(role_id = 1)",
                  "Rows Removed by Index Recheck": 0,
                  "Filter": "(person_id < 1414091)",
                  "Rows Removed by Filter": 329148
                }
              ]
            }
          ]
        }
      ]
    },
    "Planning Time": 0.232,
    "Triggers": [],
    "Execution Time": 484.597
  }
]