[
  {
    "Plan": {
      "Node Type": "Aggregate",
      "Strategy": "Plain",
      "Partial Mode": "Finalize",
      "Parallel Aware": false,
      "Startup Cost": 380081.09,
      "Total Cost": 380081.1,
      "Plan Rows": 1,
      "Plan Width": 8,
      "Actual Startup Time": 977.169,
      "Actual Total Time": 1039.949,
      "Actual Rows": 1,
      "Actual Loops": 1,
      "Plans": [
        {
          "Node Type": "Gather",
          "Parent Relationship": "Outer",
          "Parallel Aware": false,
          "Startup Cost": 380080.47,
          "Total Cost": 380081.08,
          "Plan Rows": 6,
          "Plan Width": 8,
          "Actual Startup Time": 973.532,
          "Actual Total Time": 1039.926,
          "Actual Rows": 7,
          "Actual Loops": 1,
          "Workers Planned": 6,
          "Workers Launched": 6,
          "Single Copy": false,
          "Plans": [
            {
              "Node Type": "Aggregate",
              "Strategy": "Plain",
              "Partial Mode": "Partial",
              "Parent Relationship": "Outer",
              "Parallel Aware": false,
              "Startup Cost": 379080.47,
              "Total Cost": 379080.48,
              "Plan Rows": 1,
              "Plan Width": 8,
              "Actual Startup Time": 964.93,
              "Actual Total Time": 964.933,
              "Actual Rows": 1,
              "Actual Loops": 7,
              "Plans": [
                {
                  "Node Type": "Hash Join",
                  "Parent Relationship": "Outer",
                  "Parallel Aware": true,
                  "Join Type": "Inner",
                  "Startup Cost": 46908.73,
                  "Total Cost": 378013.01,
                  "Plan Rows": 426985,
                  "Plan Width": 0,
                  "Actual Startup Time": 135.25,
                  "Actual Total Time": 946.934,
                  "Actual Rows": 410466,
                  "Actual Loops": 7,
                  "Inner Unique": true,
                  "Hash Cond": "(ci.movie_id = t.id)",
                  "Plans": [
                    {
                      "Node Type": "Seq Scan",
                      "Parent Relationship": "Outer",
                      "Parallel Aware": true,
                      "Relation Name": "cast_info",
                      "Alias": "ci",
                      "Startup Cost": 0.0,
                      "Total Cost": 328162.03,
                      "Plan Rows": 1120858,
                      "Plan Width": 4,
                      "Actual Startup Time": 0.019,
                      "Actual Total Time": 519.478,
                      "Actual Rows": 988004,
                      "Actual Loops": 7,
                      "Filter": "(person_id < 668628)",
                      "Rows Removed by Filter": 4189760
                    },
                    {
                      "Node Type": "Hash",
                      "Parent Relationship": "Inner",
                      "Parallel Aware": true,
                      "Startup Cost": 43898.92,
                      "Total Cost": 43898.92,
                      "Plan Rows": 240785,
                      "Plan Width": 4,
                      "Actual Startup Time": 132.789,
                      "Actual Total Time": 132.789,
                      "Actual Rows": 138741,
                      "Actual Loops": 7,
                      "Hash Buckets": 1048576,
                      "Original Hash Buckets": 1048576,
                      "Hash Batches": 1,
                      "Original Hash Batches": 1,
                      "Peak Memory Usage": 46304,
                      "Plans": [
                        {
                          "Node Type": "Seq Scan",
                          "Parent Relationship": "Outer",
                          "Parallel Aware": true,
                          "Relation Name": "title",
                          "Alias": "t",
                          "Startup Cost": 0.0,
                          "Total Cost": 43898.92,
                          "Plan Rows": 240785,
                          "Plan Width": 4,
                          "Actual Startup Time": 0.034,
                          "Actual Total Time": 74.167,
                          "Actual Rows": 138741,
                          "Actual Loops": 7,
                          "Filter": "(production_year < 1999)",
                          "Rows Removed by Filter": 222446
                        }
                      ]
                    }
                  ]
                }
              ]
            }
          ]
        }
      ]
    },
    "Planning Time": 0.39,
    "Triggers": [],
    "Execution Time": 1040.016
  }
]