[
  {
    "Plan": {
      "Node Type": "Aggregate",
      "Strategy": "Plain",
      "Partial Mode": "Finalize",
      "Parallel Aware": false,
      "Startup Cost": 33400.12,
      "Total Cost": 33400.13,
      "Plan Rows": 1,
      "Plan Width": 8,
      "Actual Startup Time": 125.102,
      "Actual Total Time": 135.17,
      "Actual Rows": 1,
      "Actual Loops": 1,
      "Plans": [
        {
          "Node Type": "Gather",
          "Parent Relationship": "Outer",
          "Parallel Aware": false,
          "Startup Cost": 33399.8,
          "Total Cost": 33400.11,
          "Plan Rows": 3,
          "Plan Width": 8,
          "Actual Startup Time": 124.932,
          "Actual Total Time": 135.16,
          "Actual Rows": 4,
          "Actual Loops": 1,
          "Workers Planned": 3,
          "Workers Launched": 3,
          "Single Copy": false,
          "Plans": [
            {
              "Node Type": "Aggregate",
              "Strategy": "Plain",
              "Partial Mode": "Partial",
              "Parent Relationship": "Outer",
              "Parallel Aware": false,
              "Startup Cost": 32399.8,
              "Total Cost": 32399.81,
              "Plan Rows": 1,
              "Plan Width": 8,
              "Actual Startup Time": 117.463,
              "Actual Total Time": 117.464,
              "Actual Rows": 1,
              "Actual Loops": 4,
              "Plans": [
                {
                  "Node Type": "Seq Scan",
                  "Parent Relationship": "Outer",
                  "Parallel Aware": true,
                  "Relation Name": "movie_companies",
                  "Alias": "mc",
                  "Startup Cost": 0.0,
                  "Total Cost": 31414.82,
                  "Plan Rows": 393993,
                  "Plan Width": 0,
                  "Actual Startup Time": 53.363,
                  "Actual Total Time": 101.367,
                  "Actual Rows": 279532,
                  "Actual Loops": 4,
                  "Filter": "((company_id < 108804) AND (company_type_id = 2))",
                  "Rows Removed by Filter": 372750
                }
              ]
            }
          ]
        }
      ]
    },
    "Planning Time": 0.233,
    "Triggers": [],
    "Execution Time": 135.23
  }
]