[
    {
        "Bao": {
            "Bao prediction": "NaN",
            "Bao recommended hint": "(no hint)"
        }
    },
    {
        "Plan": {
            "Node Type": "Aggregate",
            "Strategy": "Plain",
            "Partial Mode": "Finalize",
            "Parallel Aware": false,
            "Startup Cost": 33064.7,
            "Total Cost": 33064.71,
            "Plan Rows": 1,
            "Plan Width": 8,
            "Actual Startup Time": 93.772,
            "Actual Total Time": 99.23,
            "Actual Rows": 1,
            "Actual Loops": 1,
            "Output": [
                "count(*)"
            ],
            "Plans": [
                {
                    "Node Type": "Gather",
                    "Parent Relationship": "Outer",
                    "Parallel Aware": false,
                    "Startup Cost": 33064.39,
                    "Total Cost": 33064.7,
                    "Plan Rows": 3,
                    "Plan Width": 8,
                    "Actual Startup Time": 93.696,
                    "Actual Total Time": 99.222,
                    "Actual Rows": 4,
                    "Actual Loops": 1,
                    "Output": [
                        "(PARTIAL count(*))"
                    ],
                    "Workers Planned": 3,
                    "Workers Launched": 3,
                    "Single Copy": false,
                    "Plans": [
                        {
                            "Node Type": "Aggregate",
                            "Strategy": "Plain",
                            "Partial Mode": "Partial",
                            "Parent Relationship": "Outer",
                            "Parallel Aware": false,
                            "Startup Cost": 32064.39,
                            "Total Cost": 32064.4,
                            "Plan Rows": 1,
                            "Plan Width": 8,
                            "Actual Startup Time": 85.391,
                            "Actual Total Time": 85.392,
                            "Actual Rows": 1,
                            "Actual Loops": 4,
                            "Output": [
                                "PARTIAL count(*)"
                            ],
                            "Workers": [
                                {
                                    "Worker Number": 0,
                                    "Actual Startup Time": 82.65,
                                    "Actual Total Time": 82.651,
                                    "Actual Rows": 1,
                                    "Actual Loops": 1
                                },
                                {
                                    "Worker Number": 1,
                                    "Actual Startup Time": 82.867,
                                    "Actual Total Time": 82.868,
                                    "Actual Rows": 1,
                                    "Actual Loops": 1
                                },
                                {
                                    "Worker Number": 2,
                                    "Actual Startup Time": 83.006,
                                    "Actual Total Time": 83.007,
                                    "Actual Rows": 1,
                                    "Actual Loops": 1
                                }
                            ],
                            "Plans": [
                                {
                                    "Node Type": "Seq Scan",
                                    "Parent Relationship": "Outer",
                                    "Parallel Aware": true,
                                    "Relation Name": "movie_companies",
                                    "Schema": "public",
                                    "Alias": "mc",
                                    "Startup Cost": 0.0,
                                    "Total Cost": 31414.82,
                                    "Plan Rows": 259827,
                                    "Plan Width": 0,
                                    "Actual Startup Time": 47.732,
                                    "Actual Total Time": 79.678,
                                    "Actual Rows": 126094,
                                    "Actual Loops": 4,
                                    "Output": [
                                        "id",
                                        "movie_id",
                                        "company_id",
                                        "company_type_id",
                                        "note"
                                    ],
                                    "Filter": "((mc.company_id < 15550) AND (mc.company_type_id > 1))",
                                    "Rows Removed by Filter": 526189,
                                    "Workers": [
                                        {
                                            "Worker Number": 0,
                                            "Actual Startup Time": 44.996,
                                            "Actual Total Time": 77.264,
                                            "Actual Rows": 130230,
                                            "Actual Loops": 1
                                        },
                                        {
                                            "Worker Number": 1,
                                            "Actual Startup Time": 45.207,
                                            "Actual Total Time": 77.315,
                                            "Actual Rows": 134452,
                                            "Actual Loops": 1
                                        },
                                        {
                                            "Worker Number": 2,
                                            "Actual Startup Time": 45.347,
                                            "Actual Total Time": 77.5,
                                            "Actual Rows": 80277,
                                            "Actual Loops": 1
                                        }
                                    ]
                                }
                            ]
                        }
                    ]
                }
            ]
        },
        "Planning Time": 188.913,
        "Triggers": [],
        "Execution Time": 99.311
    }
]