[
  {
    "Plan": {
      "Node Type": "Aggregate",
      "Strategy": "Plain",
      "Partial Mode": "Simple",
      "Parallel Aware": false,
      "Startup Cost": 21471.86,
      "Total Cost": 21471.87,
      "Plan Rows": 1,
      "Plan Width": 8,
      "Actual Startup Time": 36.636,
      "Actual Total Time": 36.637,
      "Actual Rows": 1,
      "Actual Loops": 1,
      "Plans": [
        {
          "Node Type": "Bitmap Heap Scan",
          "Parent Relationship": "Outer",
          "Parallel Aware": false,
          "Relation Name": "movie_companies",
          "Alias": "mc",
          "Startup Cost": 1586.41,
          "Total Cost": 21289.29,
          "Plan Rows": 73030,
          "Plan Width": 0,
          "Actual Startup Time": 9.848,
          "Actual Total Time": 30.51,
          "Actual Rows": 70083,
          "Actual Loops": 1,
          "Recheck Cond": "(company_id > 176716)",
          "Rows Removed by Index Recheck": 0,
          "Exact Heap Blocks": 2411,
          "Lossy Heap Blocks": 0,
          "Plans": [
            {
              "Node Type": "Bitmap Index Scan",
              "Parent Relationship": "Outer",
              "Parallel Aware": false,
              "Index Name": "company_id_movie_companies",
              "Startup Cost": 0.0,
              "Total Cost": 1568.15,
              "Plan Rows": 73030,
              "Plan Width": 0,
              "Actual Startup Time": 8.898,
              "Actual Total Time": 8.899,
              "Actual Rows": 70083,
              "Actual Loops": 1,
              "Index Cond": "(company_id > 176716)"
            }
          ]
        }
      ]
    },
    "Planning Time": 0.175,
    "Triggers": [],
    "Execution Time": 36.697
  }
]