[
  {
    "Plan": {
      "Node Type": "Aggregate",
      "Strategy": "Plain",
      "Partial Mode": "Finalize",
      "Parallel Aware": false,
      "Startup Cost": 395592.61,
      "Total Cost": 395592.62,
      "Plan Rows": 1,
      "Plan Width": 8,
      "Actual Startup Time": 1920.47,
      "Actual Total Time": 1986.774,
      "Actual Rows": 1,
      "Actual Loops": 1,
      "Plans": [
        {
          "Node Type": "Gather",
          "Parent Relationship": "Outer",
          "Parallel Aware": false,
          "Startup Cost": 395591.98,
          "Total Cost": 395592.59,
          "Plan Rows": 6,
          "Plan Width": 8,
          "Actual Startup Time": 1917.525,
          "Actual Total Time": 1986.75,
          "Actual Rows": 7,
          "Actual Loops": 1,
          "Workers Planned": 6,
          "Workers Launched": 6,
          "Single Copy": false,
          "Plans": [
            {
              "Node Type": "Aggregate",
              "Strategy": "Plain",
              "Partial Mode": "Partial",
              "Parent Relationship": "Outer",
              "Parallel Aware": false,
              "Startup Cost": 394591.98,
              "Total Cost": 394591.99,
              "Plan Rows": 1,
              "Plan Width": 8,
              "Actual Startup Time": 1905.288,
              "Actual Total Time": 1905.29,
              "Actual Rows": 1,
              "Actual Loops": 7,
              "Plans": [
                {
                  "Node Type": "Hash Join",
                  "Parent Relationship": "Outer",
                  "Parallel Aware": true,
                  "Join Type": "Inner",
                  "Startup Cost": 47600.32,
                  "Total Cost": 390757.76,
                  "Plan Rows": 1533688,
                  "Plan Width": 0,
                  "Actual Startup Time": 136.515,
                  "Actual Total Time": 1842.996,
                  "Actual Rows": 1278350,
                  "Actual Loops": 7,
                  "Inner Unique": true,
                  "Hash Cond": "(ci.movie_id = t.id)",
                  "Plans": [
                    {
                      "Node Type": "Seq Scan",
                      "Parent Relationship": "Outer",
                      "Parallel Aware": true,
                      "Relation Name": "cast_info",
                      "Alias": "ci",
                      "Startup Cost": 0.0,
                      "Total Cost": 328162.03,
                      "Plan Rows": 5712530,
                      "Plan Width": 4,
                      "Actual Startup Time": 0.024,
                      "Actual Total Time": 701.472,
                      "Actual Rows": 4908609,
                      "Actual Loops": 7,
                      "Filter": "(person_id < 3690859)",
                      "Rows Removed by Filter": 269154
                    },
                    {
                      "Node Type": "Hash",
                      "Parent Relationship": "Inner",
                      "Parallel Aware": true,
                      "Startup Cost": 45479.1,
                      "Total Cost": 45479.1,
                      "Plan Rows": 169698,
                      "Plan Width": 4,
                      "Actual Startup Time": 132.827,
                      "Actual Total Time": 132.827,
                      "Actual Rows": 82326,
                      "Actual Loops": 7,
                      "Hash Buckets": 1048576,
                      "Original Hash Buckets": 1048576,
                      "Hash Batches": 1,
                      "Original Hash Batches": 1,
                      "Peak Memory Usage": 30816,
                      "Plans": [
                        {
                          "Node Type": "Seq Scan",
                          "Parent Relationship": "Outer",
                          "Parallel Aware": true,
                          "Relation Name": "title",
                          "Alias": "t",
                          "Startup Cost": 0.0,
                          "Total Cost": 45479.1,
                          "Plan Rows": 169698,
                          "Plan Width": 4,
                          "Actual Startup Time": 0.055,
                          "Actual Total Time": 88.78,
                          "Actual Rows": 82326,
                          "Actual Loops": 7,
                          "Filter": "((kind_id < 7) AND (production_year > 1991))",
                          "Rows Removed by Filter": 278861
                        }
                      ]
                    }
                  ]
                }
              ]
            }
          ]
        }
      ]
    },
    "Planning Time": 0.737,
    "Triggers": [],
    "Execution Time": 1986.874
  }
]