[
  {
    "Plan": {
      "Node Type": "Aggregate",
      "Strategy": "Plain",
      "Partial Mode": "Finalize",
      "Parallel Aware": false,
      "Startup Cost": 404742.35,
      "Total Cost": 404742.36,
      "Plan Rows": 1,
      "Plan Width": 8,
      "Actual Startup Time": 4317.877,
      "Actual Total Time": 4412.258,
      "Actual Rows": 1,
      "Actual Loops": 1,
      "Plans": [
        {
          "Node Type": "Gather",
          "Parent Relationship": "Outer",
          "Parallel Aware": false,
          "Startup Cost": 404741.83,
          "Total Cost": 404742.34,
          "Plan Rows": 5,
          "Plan Width": 8,
          "Actual Startup Time": 4307.846,
          "Actual Total Time": 4412.245,
          "Actual Rows": 6,
          "Actual Loops": 1,
          "Workers Planned": 5,
          "Workers Launched": 5,
          "Single Copy": false,
          "Plans": [
            {
              "Node Type": "Aggregate",
              "Strategy": "Plain",
              "Partial Mode": "Partial",
              "Parent Relationship": "Outer",
              "Parallel Aware": false,
              "Startup Cost": 403741.83,
              "Total Cost": 403741.84,
              "Plan Rows": 1,
              "Plan Width": 8,
              "Actual Startup Time": 4299.74,
              "Actual Total Time": 4299.742,
              "Actual Rows": 1,
              "Actual Loops": 6,
              "Plans": [
                {
                  "Node Type": "Nested Loop",
                  "Parent Relationship": "Outer",
                  "Parallel Aware": false,
                  "Join Type": "Inner",
                  "Startup Cost": 98726.6,
                  "Total Cost": 402919.33,
                  "Plan Rows": 329000,
                  "Plan Width": 0,
                  "Actual Startup Time": 596.87,
                  "Actual Total Time": 4281.758,
                  "Actual Rows": 278053,
                  "Actual Loops": 6,
                  "Inner Unique": false,
                  "Plans": [
                    {
                      "Node Type": "Merge Join",
                      "Parent Relationship": "Outer",
                      "Parallel Aware": false,
                      "Join Type": "Inner",
                      "Startup Cost": 98726.04,
                      "Total Cost": 193622.3,
                      "Plan Rows": 102694,
                      "Plan Width": 8,
                      "Actual Startup Time": 596.317,
                      "Actual Total Time": 1083.393,
                      "Actual Rows": 136144,
                      "Actual Loops": 6,
                      "Inner Unique": false,
                      "Merge Cond": "(t.id = mc.movie_id)",
                      "Plans": [
                        {
                          "Node Type": "Index Only Scan",
                          "Parent Relationship": "Outer",
                          "Parallel Aware": true,
                          "Scan Direction": "Forward",
                          "Index Name": "title_pkey",
                          "Relation Name": "title",
                          "Alias": "t",
                          "Startup Cost": 0.43,
                          "Total Cost": 90125.02,
                          "Plan Rows": 505685,
                          "Plan Width": 4,
                          "Actual Startup Time": 0.131,
                          "Actual Total Time": 345.343,
                          "Actual Rows": 420958,
                          "Actual Loops": 6,
                          "Heap Fetches": 2525751
                        },
                        {
                          "Node Type": "Sort",
                          "Parent Relationship": "Inner",
                          "Parallel Aware": false,
                          "Startup Cost": 98725.53,
                          "Total Cost": 100009.21,
                          "Plan Rows": 513469,
                          "Plan Width": 4,
                          "Actual Startup Time": 595.847,
                          "Actual Total Time": 641.98,
                          "Actual Rows": 816867,
                          "Actual Loops": 6,
                          "Sort Key": [
                            "mc.movie_id"
                          ],
                          "Sort Method": "quicksort",
                          "Sort Space Used": 62867,
                          "Sort Space Type": "Memory",
                          "Workers": [
                            {
                              "Worker Number": 0,
                              "Sort Method": "quicksort",
                              "Sort Space Used": 62867,
                              "Sort Space Type": "Memory"
                            },
                            {
                              "Worker Number": 1,
                              "Sort Method": "quicksort",
                              "Sort Space Used": 62867,
                              "Sort Space Type": "Memory"
                            },
                            {
                              "Worker Number": 2,
                              "Sort Method": "quicksort",
                              "Sort Space Used": 62867,
                              "Sort Space Type": "Memory"
                            },
                            {
                              "Worker Number": 3,
                              "Sort Method": "quicksort",
                              "Sort Space Used": 62867,
                              "Sort Space Type": "Memory"
                            },
                            {
                              "Worker Number": 4,
                              "Sort Method": "quicksort",
                              "Sort Space Used": 62867,
                              "Sort Space Type": "Memory"
                            }
                          ],
                          "Plans": [
                            {
                              "Node Type": "Index Scan",
                              "Parent Relationship": "Outer",
                              "Parallel Aware": false,
                              "Scan Direction": "Forward",
                              "Index Name": "company_type_id_movie_companies",
                              "Relation Name": "movie_companies",
                              "Alias": "mc",
                              "Startup Cost": 0.43,
                              "Total Cost": 50023.21,
                              "Plan Rows": 513469,
                              "Plan Width": 4,
                              "Actual Startup Time": 0.176,
                              "Actual Total Time": 357.11,
                              "Actual Rows": 816867,
                              "Actual Loops": 6,
                              "Index Cond": "(company_type_id = 2)",
                              "Rows Removed by Index Recheck": 0,
                              "Filter": "(company_id > 16761)",
                              "Rows Removed by Filter": 518016
                            }
                          ]
                        }
                      ]
                    },
                    {
                      "Node Type": "Index Scan",
                      "Parent Relationship": "Inner",
                      "Parallel Aware": false,
                      "Scan Direction": "Forward",
                      "Index Name": "movie_id_cast_info",
                      "Relation Name": "cast_info",
                      "Alias": "ci",
                      "Startup Cost": 0.56,
                      "Total Cost": 1.96,
                      "Plan Rows": 8,
                      "Plan Width": 4,
                      "Actual Startup Time": 0.011,
                      "Actual Total Time": 0.023,
                      "Actual Rows": 2,
                      "Actual Loops": 816867,
                      "Index Cond": "(movie_id = t.id)",
                      "Rows Removed by Index Recheck": 0,
                      "Filter": "((person_id > 1304809) AND (role_id < 2))",
                      "Rows Removed by Filter": 23
                    }
                  ]
                }
              ]
            }
          ]
        }
      ]
    },
    "Planning Time": 0.598,
    "Triggers": [],
    "Execution Time": 4423.878
  }
]