{
    "Plan": {
        "Node Type": "Aggregate",
        "Strategy": "Plain",
        "Partial Mode": "Finalize",
        "Parallel Aware": false,
        "Startup Cost": 93327.47,
        "Total Cost": 93327.48,
        "Plan Rows": 1,
        "Plan Width": 8,
        "Actual Startup Time": 330.386,
        "Actual Total Time": 350.4,
        "Actual Rows": 1,
        "Actual Loops": 1,
        "Output": [
            "count(*)"
        ],
        "Plans": [
            {
                "Node Type": "Gather",
                "Parent Relationship": "Outer",
                "Parallel Aware": false,
                "Startup Cost": 93327.05,
                "Total Cost": 93327.46,
                "Plan Rows": 4,
                "Plan Width": 8,
                "Actual Startup Time": 325.253,
                "Actual Total Time": 350.385,
                "Actual Rows": 5,
                "Actual Loops": 1,
                "Output": [
                    "(PARTIAL count(*))"
                ],
                "Workers Planned": 4,
                "Workers Launched": 4,
                "Single Copy": false,
                "Plans": [
                    {
                        "Node Type": "Aggregate",
                        "Strategy": "Plain",
                        "Partial Mode": "Partial",
                        "Parent Relationship": "Outer",
                        "Parallel Aware": false,
                        "Startup Cost": 92327.05,
                        "Total Cost": 92327.06,
                        "Plan Rows": 1,
                        "Plan Width": 8,
                        "Actual Startup Time": 316.363,
                        "Actual Total Time": 316.367,
                        "Actual Rows": 1,
                        "Actual Loops": 5,
                        "Output": [
                            "PARTIAL count(*)"
                        ],
                        "Workers": [
                            {
                                "Worker Number": 0,
                                "Actual Startup Time": 312.92,
                                "Actual Total Time": 312.924,
                                "Actual Rows": 1,
                                "Actual Loops": 1
                            },
                            {
                                "Worker Number": 1,
                                "Actual Startup Time": 314.481,
                                "Actual Total Time": 314.484,
                                "Actual Rows": 1,
                                "Actual Loops": 1
                            },
                            {
                                "Worker Number": 2,
                                "Actual Startup Time": 314.417,
                                "Actual Total Time": 314.42,
                                "Actual Rows": 1,
                                "Actual Loops": 1
                            },
                            {
                                "Worker Number": 3,
                                "Actual Startup Time": 315.4,
                                "Actual Total Time": 315.404,
                                "Actual Rows": 1,
                                "Actual Loops": 1
                            }
                        ],
                        "Plans": [
                            {
                                "Node Type": "Hash Join",
                                "Parent Relationship": "Outer",
                                "Parallel Aware": true,
                                "Join Type": "Inner",
                                "Startup Cost": 45997.55,
                                "Total Cost": 92218.17,
                                "Plan Rows": 43552,
                                "Plan Width": 0,
                                "Actual Startup Time": 162.548,
                                "Actual Total Time": 312.473,
                                "Actual Rows": 63932,
                                "Actual Loops": 5,
                                "Inner Unique": true,
                                "Hash Cond": "(ci.movie_id = t.id)",
                                "Workers": [
                                    {
                                        "Worker Number": 0,
                                        "Actual Startup Time": 159.363,
                                        "Actual Total Time": 308.984,
                                        "Actual Rows": 52610,
                                        "Actual Loops": 1
                                    },
                                    {
                                        "Worker Number": 1,
                                        "Actual Startup Time": 160.739,
                                        "Actual Total Time": 310.44,
                                        "Actual Rows": 53611,
                                        "Actual Loops": 1
                                    },
                                    {
                                        "Worker Number": 2,
                                        "Actual Startup Time": 160.692,
                                        "Actual Total Time": 310.844,
                                        "Actual Rows": 76138,
                                        "Actual Loops": 1
                                    },
                                    {
                                        "Worker Number": 3,
                                        "Actual Startup Time": 161.227,
                                        "Actual Total Time": 311.53,
                                        "Actual Rows": 51582,
                                        "Actual Loops": 1
                                    }
                                ],
                                "Plans": [
                                    {
                                        "Node Type": "Index Scan",
                                        "Parent Relationship": "Outer",
                                        "Parallel Aware": true,
                                        "Scan Direction": "Forward",
                                        "Index Name": "role_id_cast_info",
                                        "Relation Name": "cast_info",
                                        "Schema": "public",
                                        "Alias": "ci",
                                        "Startup Cost": 0.56,
                                        "Total Cost": 45790.64,
                                        "Plan Rows": 164019,
                                        "Plan Width": 4,
                                        "Actual Startup Time": 0.145,
                                        "Actual Total Time": 82.598,
                                        "Actual Rows": 173668,
                                        "Actual Loops": 5,
                                        "Output": [
                                            "ci.id",
                                            "ci.person_id",
                                            "ci.movie_id",
                                            "ci.person_role_id",
                                            "ci.note",
                                            "ci.nr_order",
                                            "ci.role_id"
                                        ],
                                        "Index Cond": "(ci.role_id = 8)",
                                        "Rows Removed by Index Recheck": 0,
                                        "Filter": "(ci.person_id > 2197861)",
                                        "Rows Removed by Filter": 167041,
                                        "Workers": [
                                            {
                                                "Worker Number": 0,
                                                "Actual Startup Time": 0.27,
                                                "Actual Total Time": 85.301,
                                                "Actual Rows": 142910,
                                                "Actual Loops": 1
                                            },
                                            {
                                                "Worker Number": 1,
                                                "Actual Startup Time": 0.093,
                                                "Actual Total Time": 88.221,
                                                "Actual Rows": 146398,
                                                "Actual Loops": 1
                                            },
                                            {
                                                "Worker Number": 2,
                                                "Actual Startup Time": 0.105,
                                                "Actual Total Time": 82.909,
                                                "Actual Rows": 206842,
                                                "Actual Loops": 1
                                            },
                                            {
                                                "Worker Number": 3,
                                                "Actual Startup Time": 0.203,
                                                "Actual Total Time": 85.888,
                                                "Actual Rows": 143864,
                                                "Actual Loops": 1
                                            }
                                        ]
                                    },
                                    {
                                        "Node Type": "Hash",
                                        "Parent Relationship": "Inner",
                                        "Parallel Aware": true,
                                        "Startup Cost": 43899.01,
                                        "Total Cost": 43899.01,
                                        "Plan Rows": 167838,
                                        "Plan Width": 4,
                                        "Actual Startup Time": 158.208,
                                        "Actual Total Time": 158.209,
                                        "Actual Rows": 132565,
                                        "Actual Loops": 5,
                                        "Output": [
                                            "t.id"
                                        ],
                                        "Hash Buckets": 1048576,
                                        "Original Hash Buckets": 1048576,
                                        "Hash Batches": 1,
                                        "Original Hash Batches": 1,
                                        "Peak Memory Usage": 34176,
                                        "Workers": [
                                            {
                                                "Worker Number": 0,
                                                "Actual Startup Time": 158.456,
                                                "Actual Total Time": 158.458,
                                                "Actual Rows": 111682,
                                                "Actual Loops": 1
                                            },
                                            {
                                                "Worker Number": 1,
                                                "Actual Startup Time": 160.106,
                                                "Actual Total Time": 160.107,
                                                "Actual Rows": 112870,
                                                "Actual Loops": 1
                                            },
                                            {
                                                "Worker Number": 2,
                                                "Actual Startup Time": 160.08,
                                                "Actual Total Time": 160.082,
                                                "Actual Rows": 155726,
                                                "Actual Loops": 1
                                            },
                                            {
                                                "Worker Number": 3,
                                                "Actual Startup Time": 160.54,
                                                "Actual Total Time": 160.541,
                                                "Actual Rows": 111603,
                                                "Actual Loops": 1
                                            }
                                        ],
                                        "Plans": [
                                            {
                                                "Node Type": "Seq Scan",
                                                "Parent Relationship": "Outer",
                                                "Parallel Aware": true,
                                                "Relation Name": "title",
                                                "Schema": "public",
                                                "Alias": "t",
                                                "Startup Cost": 0.0,
                                                "Total Cost": 43899.01,
                                                "Plan Rows": 167838,
                                                "Plan Width": 4,
                                                "Actual Startup Time": 48.061,
                                                "Actual Total Time": 100.915,
                                                "Actual Rows": 132565,
                                                "Actual Loops": 5,
                                                "Output": [
                                                    "t.id"
                                                ],
                                                "Filter": "(t.kind_id < 2)",
                                                "Rows Removed by Filter": 373097,
                                                "Workers": [
                                                    {
                                                        "Worker Number": 0,
                                                        "Actual Startup Time": 58.327,
                                                        "Actual Total Time": 102.93,
                                                        "Actual Rows": 111682,
                                                        "Actual Loops": 1
                                                    },
                                                    {
                                                        "Worker Number": 1,
                                                        "Actual Startup Time": 58.231,
                                                        "Actual Total Time": 102.134,
                                                        "Actual Rows": 112870,
                                                        "Actual Loops": 1
                                                    },
                                                    {
                                                        "Worker Number": 2,
                                                        "Actual Startup Time": 58.289,
                                                        "Actual Total Time": 99.706,
                                                        "Actual Rows": 155726,
                                                        "Actual Loops": 1
                                                    },
                                                    {
                                                        "Worker Number": 3,
                                                        "Actual Startup Time": 58.314,
                                                        "Actual Total Time": 102.638,
                                                        "Actual Rows": 111603,
                                                        "Actual Loops": 1
                                                    }
                                                ]
                                            }
                                        ]
                                    }
                                ]
                            }
                        ]
                    }
                ]
            }
        ]
    },
    "Planning Time": 0.687,
    "Triggers": [],
    "Execution Time": 350.477
}