{
  "Plan": {
    "Node Type": "Aggregate",
    "Strategy": "Plain",
    "Partial Mode": "Finalize",
    "Parallel Aware": false,
    "Startup Cost": 428938.34,
    "Total Cost": 428938.35,
    "Plan Rows": 1,
    "Plan Width": 8,
    "Actual Startup Time": 4715.962,
    "Actual Total Time": 4770.113,
    "Actual Rows": 1,
    "Actual Loops": 1,
    "Plans": [
      {
        "Node Type": "Gather",
        "Parent Relationship": "Outer",
        "Parallel Aware": false,
        "Startup Cost": 428938.23,
        "Total Cost": 428938.34,
        "Plan Rows": 1,
        "Plan Width": 8,
        "Actual Startup Time": 4711.286,
        "Actual Total Time": 4770.104,
        "Actual Rows": 2,
        "Actual Loops": 1,
        "Workers Planned": 1,
        "Workers Launched": 1,
        "Single Copy": false,
        "Plans": [
          {
            "Node Type": "Aggregate",
            "Strategy": "Plain",
            "Partial Mode": "Partial",
            "Parent Relationship": "Outer",
            "Parallel Aware": false,
            "Startup Cost": 427938.23,
            "Total Cost": 427938.24,
            "Plan Rows": 1,
            "Plan Width": 8,
            "Actual Startup Time": 4704.918,
            "Actual Total Time": 4704.924,
            "Actual Rows": 1,
            "Actual Loops": 2,
            "Plans": [
              {
                "Node Type": "Hash Join",
                "Parent Relationship": "Outer",
                "Parallel Aware": true,
                "Join Type": "Inner",
                "Startup Cost": 127221.68,
                "Total Cost": 422226.89,
                "Plan Rows": 2284536,
                "Plan Width": 0,
                "Actual Startup Time": 788.49,
                "Actual Total Time": 3915.713,
                "Actual Rows": 20160924,
                "Actual Loops": 2,
                "Inner Unique": false,
                "Hash Cond": "(mi.movie_id = t.id)",
                "Plans": [
                  {
                    "Node Type": "Seq Scan",
                    "Parent Relationship": "Outer",
                    "Parallel Aware": true,
                    "Relation Name": "movie_info",
                    "Alias": "mi",
                    "Startup Cost": 0.0,
                    "Total Cost": 248955.74,
                    "Plan Rows": 8696274,
                    "Plan Width": 4,
                    "Actual Startup Time": 0.018,
                    "Actual Total Time": 660.464,
                    "Actual Rows": 7417860,
                    "Actual Loops": 2
                  },
                  {
                    "Node Type": "Hash",
                    "Parent Relationship": "Inner",
                    "Parallel Aware": true,
                    "Startup Cost": 122337.93,
                    "Total Cost": 122337.93,
                    "Plan Rows": 390700,
                    "Plan Width": 8,
                    "Actual Startup Time": 778.112,
                    "Actual Total Time": 778.117,
                    "Actual Rows": 449487,
                    "Actual Loops": 2,
                    "Hash Buckets": 1048576,
                    "Original Hash Buckets": 1048576,
                    "Hash Batches": 1,
                    "Original Hash Batches": 1,
                    "Peak Memory Usage": 43392,
                    "Plans": [
                      {
                        "Node Type": "Hash Join",
                        "Parent Relationship": "Outer",
                        "Parallel Aware": true,
                        "Join Type": "Inner",
                        "Startup Cost": 62072.04,
                        "Total Cost": 122337.93,
                        "Plan Rows": 390700,
                        "Plan Width": 8,
                        "Actual Startup Time": 339.35,
                        "Actual Total Time": 678.91,
                        "Actual Rows": 449487,
                        "Actual Loops": 2,
                        "Inner Unique": true,
                        "Hash Cond": "(mk.movie_id = t.id)",
                        "Plans": [
                          {
                            "Node Type": "Seq Scan",
                            "Parent Relationship": "Outer",
                            "Parallel Aware": true,
                            "Relation Name": "movie_keyword",
                            "Alias": "mk",
                            "Startup Cost": 0.0,
                            "Total Cost": 57718.19,
                            "Plan Rows": 970551,
                            "Plan Width": 4,
                            "Actual Startup Time": 0.018,
                            "Actual Total Time": 183.056,
                            "Actual Rows": 829388,
                            "Actual Loops": 2,
                            "Filter": "(keyword_id < 2546)",
                            "Rows Removed by Filter": 1432577
                          },
                          {
                            "Node Type": "Hash",
                            "Parent Relationship": "Inner",
                            "Parallel Aware": true,
                            "Startup Cost": 54588.39,
                            "Total Cost": 54588.39,
                            "Plan Rows": 598692,
                            "Plan Width": 4,
                            "Actual Startup Time": 333.596,
                            "Actual Total Time": 333.598,
                            "Actual Rows": 510876,
                            "Actual Loops": 2,
                            "Hash Buckets": 1048576,
                            "Original Hash Buckets": 1048576,
                            "Hash Batches": 1,
                            "Original Hash Batches": 1,
                            "Peak Memory Usage": 48192,
                            "Plans": [
                              {
                                "Node Type": "Seq Scan",
                                "Parent Relationship": "Outer",
                                "Parallel Aware": true,
                                "Relation Name": "title",
                                "Alias": "t",
                                "Startup Cost": 0.0,
                                "Total Cost": 54588.39,
                                "Plan Rows": 598692,
                                "Plan Width": 4,
                                "Actual Startup Time": 0.041,
                                "Actual Total Time": 173.206,
                                "Actual Rows": 510876,
                                "Actual Loops": 2,
                                "Filter": "(production_year < 2000)",
                                "Rows Removed by Filter": 753280
                              }
                            ]
                          }
                        ]
                      }
                    ]
                  }
                ]
              }
            ]
          }
        ]
      }
    ]
  },
  "Planning Time": 0.936,
  "Triggers": [],
  "Execution Time": 4770.207
}