{
  "Plan": {
    "Node Type": "Aggregate",
    "Strategy": "Plain",
    "Partial Mode": "Finalize",
    "Parallel Aware": false,
    "Startup Cost": 114181.74,
    "Total Cost": 114181.75,
    "Plan Rows": 1,
    "Plan Width": 8,
    "Actual Startup Time": 468.307,
    "Actual Total Time": 485.378,
    "Actual Rows": 1,
    "Actual Loops": 1,
    "Plans": [
      {
        "Node Type": "Gather",
        "Parent Relationship": "Outer",
        "Parallel Aware": false,
        "Startup Cost": 114181.62,
        "Total Cost": 114181.73,
        "Plan Rows": 1,
        "Plan Width": 8,
        "Actual Startup Time": 466.584,
        "Actual Total Time": 485.369,
        "Actual Rows": 2,
        "Actual Loops": 1,
        "Workers Planned": 1,
        "Workers Launched": 1,
        "Single Copy": false,
        "Plans": [
          {
            "Node Type": "Aggregate",
            "Strategy": "Plain",
            "Partial Mode": "Partial",
            "Parent Relationship": "Outer",
            "Parallel Aware": false,
            "Startup Cost": 113181.62,
            "Total Cost": 113181.63,
            "Plan Rows": 1,
            "Plan Width": 8,
            "Actual Startup Time": 460.598,
            "Actual Total Time": 460.602,
            "Actual Rows": 1,
            "Actual Loops": 2,
            "Plans": [
              {
                "Node Type": "Hash Join",
                "Parent Relationship": "Outer",
                "Parallel Aware": true,
                "Join Type": "Inner",
                "Startup Cost": 79628.71,
                "Total Cost": 112860.57,
                "Plan Rows": 128422,
                "Plan Width": 0,
                "Actual Startup Time": 280.212,
                "Actual Total Time": 453.846,
                "Actual Rows": 153288,
                "Actual Loops": 2,
                "Inner Unique": true,
                "Hash Cond": "(mk.movie_id = t.id)",
                "Plans": [
                  {
                    "Node Type": "Bitmap Heap Scan",
                    "Parent Relationship": "Outer",
                    "Parallel Aware": true,
                    "Relation Name": "movie_keyword",
                    "Alias": "mk",
                    "Startup Cost": 20926.6,
                    "Total Cost": 52635.02,
                    "Plan Rows": 580354,
                    "Plan Width": 4,
                    "Actual Startup Time": 48.143,
                    "Actual Total Time": 138.056,
                    "Actual Rows": 495018,
                    "Actual Loops": 2,
                    "Recheck Cond": "(keyword_id < 930)",
                    "Rows Removed by Index Recheck": 0,
                    "Exact Heap Blocks": 13868,
                    "Lossy Heap Blocks": 0,
                    "Plans": [
                      {
                        "Node Type": "Bitmap Index Scan",
                        "Parent Relationship": "Outer",
                        "Parallel Aware": false,
                        "Index Name": "keyword_id_movie_keyword",
                        "Startup Cost": 0.0,
                        "Total Cost": 20679.95,
                        "Plan Rows": 986602,
                        "Plan Width": 0,
                        "Actual Startup Time": 44.398,
                        "Actual Total Time": 44.398,
                        "Actual Rows": 990036,
                        "Actual Loops": 1,
                        "Index Cond": "(keyword_id < 930)"
                      }
                    ]
                  },
                  {
                    "Node Type": "Hash",
                    "Parent Relationship": "Inner",
                    "Parallel Aware": true,
                    "Startup Cost": 54588.39,
                    "Total Cost": 54588.39,
                    "Plan Rows": 329098,
                    "Plan Width": 4,
                    "Actual Startup Time": 223.002,
                    "Actual Total Time": 223.003,
                    "Actual Rows": 284224,
                    "Actual Loops": 2,
                    "Hash Buckets": 1048576,
                    "Original Hash Buckets": 1048576,
                    "Hash Batches": 1,
                    "Original Hash Batches": 1,
                    "Peak Memory Usage": 30464,
                    "Plans": [
                      {
                        "Node Type": "Seq Scan",
                        "Parent Relationship": "Outer",
                        "Parallel Aware": true,
                        "Relation Name": "title",
                        "Alias": "t",
                        "Startup Cost": 0.0,
                        "Total Cost": 54588.39,
                        "Plan Rows": 329098,
                        "Plan Width": 4,
                        "Actual Startup Time": 0.042,
                        "Actual Total Time": 147.948,
                        "Actual Rows": 284224,
                        "Actual Loops": 2,
                        "Filter": "(production_year < 1984)",
                        "Rows Removed by Filter": 979932
                      }
                    ]
                  }
                ]
              }
            ]
          }
        ]
      }
    ]
  },
  "Planning Time": 0.453,
  "Triggers": [],
  "Execution Time": 485.471
}