[
    {
        "Bao": {
            "Bao prediction": "NaN",
            "Bao recommended hint": "(no hint)"
        }
    },
    {
        "Plan": {
            "Node Type": "Aggregate",
            "Strategy": "Plain",
            "Partial Mode": "Finalize",
            "Parallel Aware": false,
            "Startup Cost": 267952.39,
            "Total Cost": 267952.4,
            "Plan Rows": 1,
            "Plan Width": 8,
            "Actual Startup Time": 1997.99,
            "Actual Total Time": 2047.516,
            "Actual Rows": 1,
            "Actual Loops": 1,
            "Output": [
                "count(*)"
            ],
            "Plans": [
                {
                    "Node Type": "Gather",
                    "Parent Relationship": "Outer",
                    "Parallel Aware": false,
                    "Startup Cost": 267951.87,
                    "Total Cost": 267952.38,
                    "Plan Rows": 5,
                    "Plan Width": 8,
                    "Actual Startup Time": 1995.309,
                    "Actual Total Time": 2047.508,
                    "Actual Rows": 6,
                    "Actual Loops": 1,
                    "Output": [
                        "(PARTIAL count(*))"
                    ],
                    "Workers Planned": 5,
                    "Workers Launched": 5,
                    "Single Copy": false,
                    "Plans": [
                        {
                            "Node Type": "Aggregate",
                            "Strategy": "Plain",
                            "Partial Mode": "Partial",
                            "Parent Relationship": "Outer",
                            "Parallel Aware": false,
                            "Startup Cost": 266951.87,
                            "Total Cost": 266951.88,
                            "Plan Rows": 1,
                            "Plan Width": 8,
                            "Actual Startup Time": 1985.257,
                            "Actual Total Time": 1985.259,
                            "Actual Rows": 1,
                            "Actual Loops": 6,
                            "Output": [
                                "PARTIAL count(*)"
                            ],
                            "Workers": [
                                {
                                    "Worker Number": 0,
                                    "Actual Startup Time": 1982.57,
                                    "Actual Total Time": 1982.572,
                                    "Actual Rows": 1,
                                    "Actual Loops": 1
                                },
                                {
                                    "Worker Number": 1,
                                    "Actual Startup Time": 1982.27,
                                    "Actual Total Time": 1982.273,
                                    "Actual Rows": 1,
                                    "Actual Loops": 1
                                },
                                {
                                    "Worker Number": 2,
                                    "Actual Startup Time": 1983.427,
                                    "Actual Total Time": 1983.429,
                                    "Actual Rows": 1,
                                    "Actual Loops": 1
                                },
                                {
                                    "Worker Number": 3,
                                    "Actual Startup Time": 1983.383,
                                    "Actual Total Time": 1983.386,
                                    "Actual Rows": 1,
                                    "Actual Loops": 1
                                },
                                {
                                    "Worker Number": 4,
                                    "Actual Startup Time": 1985.042,
                                    "Actual Total Time": 1985.045,
                                    "Actual Rows": 1,
                                    "Actual Loops": 1
                                }
                            ],
                            "Plans": [
                                {
                                    "Node Type": "Nested Loop",
                                    "Parent Relationship": "Outer",
                                    "Parallel Aware": false,
                                    "Join Type": "Inner",
                                    "Startup Cost": 57937.92,
                                    "Total Cost": 266421.61,
                                    "Plan Rows": 212103,
                                    "Plan Width": 0,
                                    "Actual Startup Time": 304.461,
                                    "Actual Total Time": 1962.314,
                                    "Actual Rows": 426720,
                                    "Actual Loops": 6,
                                    "Inner Unique": false,
                                    "Workers": [
                                        {
                                            "Worker Number": 0,
                                            "Actual Startup Time": 310.791,
                                            "Actual Total Time": 1959.971,
                                            "Actual Rows": 331936,
                                            "Actual Loops": 1
                                        },
                                        {
                                            "Worker Number": 1,
                                            "Actual Startup Time": 310.705,
                                            "Actual Total Time": 1958.962,
                                            "Actual Rows": 295852,
                                            "Actual Loops": 1
                                        },
                                        {
                                            "Worker Number": 2,
                                            "Actual Startup Time": 311.739,
                                            "Actual Total Time": 1960.927,
                                            "Actual Rows": 467358,
                                            "Actual Loops": 1
                                        },
                                        {
                                            "Worker Number": 3,
                                            "Actual Startup Time": 312.16,
                                            "Actual Total Time": 1961.004,
                                            "Actual Rows": 466309,
                                            "Actual Loops": 1
                                        },
                                        {
                                            "Worker Number": 4,
                                            "Actual Startup Time": 258.219,
                                            "Actual Total Time": 1962.195,
                                            "Actual Rows": 473961,
                                            "Actual Loops": 1
                                        }
                                    ],
                                    "Plans": [
                                        {
                                            "Node Type": "Merge Join",
                                            "Parent Relationship": "Outer",
                                            "Parallel Aware": false,
                                            "Join Type": "Inner",
                                            "Startup Cost": 57937.35,
                                            "Total Cost": 151095.53,
                                            "Plan Rows": 54002,
                                            "Plan Width": 8,
                                            "Actual Startup Time": 267.796,
                                            "Actual Total Time": 533.907,
                                            "Actual Rows": 44831,
                                            "Actual Loops": 6,
                                            "Output": [
                                                "t.id",
                                                "mk.movie_id"
                                            ],
                                            "Inner Unique": false,
                                            "Merge Cond": "(t.id = mk.movie_id)",
                                            "Workers": [
                                                {
                                                    "Worker Number": 0,
                                                    "Actual Startup Time": 310.489,
                                                    "Actual Total Time": 531.693,
                                                    "Actual Rows": 34535,
                                                    "Actual Loops": 1
                                                },
                                                {
                                                    "Worker Number": 1,
                                                    "Actual Startup Time": 260.033,
                                                    "Actual Total Time": 531.415,
                                                    "Actual Rows": 32132,
                                                    "Actual Loops": 1
                                                },
                                                {
                                                    "Worker Number": 2,
                                                    "Actual Startup Time": 291.178,
                                                    "Actual Total Time": 523.885,
                                                    "Actual Rows": 49109,
                                                    "Actual Loops": 1
                                                },
                                                {
                                                    "Worker Number": 3,
                                                    "Actual Startup Time": 311.728,
                                                    "Actual Total Time": 520.43,
                                                    "Actual Rows": 48708,
                                                    "Actual Loops": 1
                                                },
                                                {
                                                    "Worker Number": 4,
                                                    "Actual Startup Time": 258.054,
                                                    "Actual Total Time": 530.468,
                                                    "Actual Rows": 49268,
                                                    "Actual Loops": 1
                                                }
                                            ],
                                            "Plans": [
                                                {
                                                    "Node Type": "Index Only Scan",
                                                    "Parent Relationship": "Outer",
                                                    "Parallel Aware": true,
                                                    "Scan Direction": "Forward",
                                                    "Index Name": "title_pkey",
                                                    "Relation Name": "title",
                                                    "Schema": "public",
                                                    "Alias": "t",
                                                    "Startup Cost": 0.43,
                                                    "Total Cost": 90115.52,
                                                    "Plan Rows": 505664,
                                                    "Plan Width": 4,
                                                    "Actual Startup Time": 0.13,
                                                    "Actual Total Time": 271.686,
                                                    "Actual Rows": 420996,
                                                    "Actual Loops": 6,
                                                    "Output": [
                                                        "t.id"
                                                    ],
                                                    "Heap Fetches": 2525977,
                                                    "Workers": [
                                                        {
                                                            "Worker Number": 0,
                                                            "Actual Startup Time": 0.175,
                                                            "Actual Total Time": 219.418,
                                                            "Actual Rows": 235749,
                                                            "Actual Loops": 1
                                                        },
                                                        {
                                                            "Worker Number": 1,
                                                            "Actual Startup Time": 0.143,
                                                            "Actual Total Time": 214.983,
                                                            "Actual Rows": 220868,
                                                            "Actual Loops": 1
                                                        },
                                                        {
                                                            "Worker Number": 2,
                                                            "Actual Startup Time": 0.151,
                                                            "Actual Total Time": 279.912,
                                                            "Actual Rows": 459317,
                                                            "Actual Loops": 1
                                                        },
                                                        {
                                                            "Worker Number": 3,
                                                            "Actual Startup Time": 0.137,
                                                            "Actual Total Time": 276.222,
                                                            "Actual Rows": 453696,
                                                            "Actual Loops": 1
                                                        },
                                                        {
                                                            "Worker Number": 4,
                                                            "Actual Startup Time": 0.151,
                                                            "Actual Total Time": 284.818,
                                                            "Actual Rows": 477247,
                                                            "Actual Loops": 1
                                                        }
                                                    ]
                                                },
                                                {
                                                    "Node Type": "Sort",
                                                    "Parent Relationship": "Inner",
                                                    "Parallel Aware": false,
                                                    "Startup Cost": 57916.5,
                                                    "Total Cost": 58591.52,
                                                    "Plan Rows": 270009,
                                                    "Plan Width": 4,
                                                    "Actual Startup Time": 201.77,
                                                    "Actual Total Time": 217.53,
                                                    "Actual Rows": 268984,
                                                    "Actual Loops": 6,
                                                    "Output": [
                                                        "mk.movie_id"
                                                    ],
                                                    "Sort Key": [
                                                        "mk.movie_id"
                                                    ],
                                                    "Sort Method": "quicksort",
                                                    "Sort Space Used": 24897,
                                                    "Sort Space Type": "Memory",
                                                    "Workers": [
                                                        {
                                                            "Worker Number": 0,
                                                            "Actual Startup Time": 250.213,
                                                            "Actual Total Time": 268.259,
                                                            "Actual Rows": 268984,
                                                            "Actual Loops": 1
                                                        },
                                                        {
                                                            "Worker Number": 1,
                                                            "Actual Startup Time": 250.853,
                                                            "Actual Total Time": 270.125,
                                                            "Actual Rows": 268984,
                                                            "Actual Loops": 1
                                                        },
                                                        {
                                                            "Worker Number": 2,
                                                            "Actual Startup Time": 187.454,
                                                            "Actual Total Time": 201.843,
                                                            "Actual Rows": 268984,
                                                            "Actual Loops": 1
                                                        },
                                                        {
                                                            "Worker Number": 3,
                                                            "Actual Startup Time": 187.807,
                                                            "Actual Total Time": 202.228,
                                                            "Actual Rows": 268984,
                                                            "Actual Loops": 1
                                                        },
                                                        {
                                                            "Worker Number": 4,
                                                            "Actual Startup Time": 188.073,
                                                            "Actual Total Time": 202.52,
                                                            "Actual Rows": 268984,
                                                            "Actual Loops": 1
                                                        }
                                                    ],
                                                    "Plans": [
                                                        {
                                                            "Node Type": "Bitmap Heap Scan",
                                                            "Parent Relationship": "Outer",
                                                            "Parallel Aware": false,
                                                            "Relation Name": "movie_keyword",
                                                            "Schema": "public",
                                                            "Alias": "mk",
                                                            "Startup Cost": 5729.0,
                                                            "Total Cost": 33558.11,
                                                            "Plan Rows": 270009,
                                                            "Plan Width": 4,
                                                            "Actual Startup Time": 41.788,
                                                            "Actual Total Time": 140.451,
                                                            "Actual Rows": 268984,
                                                            "Actual Loops": 6,
                                                            "Output": [
                                                                "mk.movie_id"
                                                            ],
                                                            "Recheck Cond": "(mk.keyword_id > 58418)",
                                                            "Rows Removed by Index Recheck": 0,
                                                            "Exact Heap Blocks": 21398,
                                                            "Lossy Heap Blocks": 0,
                                                            "Workers": [
                                                                {
                                                                    "Worker Number": 0,
                                                                    "Actual Startup Time": 47.473,
                                                                    "Actual Total Time": 170.355,
                                                                    "Actual Rows": 268984,
                                                                    "Actual Loops": 1
                                                                },
                                                                {
                                                                    "Worker Number": 1,
                                                                    "Actual Startup Time": 47.856,
                                                                    "Actual Total Time": 170.262,
                                                                    "Actual Rows": 268984,
                                                                    "Actual Loops": 1
                                                                },
                                                                {
                                                                    "Worker Number": 2,
                                                                    "Actual Startup Time": 44.401,
                                                                    "Actual Total Time": 136.484,
                                                                    "Actual Rows": 268984,
                                                                    "Actual Loops": 1
                                                                },
                                                                {
                                                                    "Worker Number": 3,
                                                                    "Actual Startup Time": 44.718,
                                                                    "Actual Total Time": 136.796,
                                                                    "Actual Rows": 268984,
                                                                    "Actual Loops": 1
                                                                },
                                                                {
                                                                    "Worker Number": 4,
                                                                    "Actual Startup Time": 44.982,
                                                                    "Actual Total Time": 137.198,
                                                                    "Actual Rows": 268984,
                                                                    "Actual Loops": 1
                                                                }
                                                            ],
                                                            "Plans": [
                                                                {
                                                                    "Node Type": "Bitmap Index Scan",
                                                                    "Parent Relationship": "Outer",
                                                                    "Parallel Aware": false,
                                                                    "Index Name": "keyword_id_movie_keyword",
                                                                    "Startup Cost": 0.0,
                                                                    "Total Cost": 5661.5,
                                                                    "Plan Rows": 270009,
                                                                    "Plan Width": 0,
                                                                    "Actual Startup Time": 38.551,
                                                                    "Actual Total Time": 38.552,
                                                                    "Actual Rows": 268984,
                                                                    "Actual Loops": 6,
                                                                    "Index Cond": "(mk.keyword_id > 58418)",
                                                                    "Workers": [
                                                                        {
                                                                            "Worker Number": 0,
                                                                            "Actual Startup Time": 43.213,
                                                                            "Actual Total Time": 43.213,
                                                                            "Actual Rows": 268984,
                                                                            "Actual Loops": 1
                                                                        },
                                                                        {
                                                                            "Worker Number": 1,
                                                                            "Actual Startup Time": 43.613,
                                                                            "Actual Total Time": 43.614,
                                                                            "Actual Rows": 268984,
                                                                            "Actual Loops": 1
                                                                        },
                                                                        {
                                                                            "Worker Number": 2,
                                                                            "Actual Startup Time": 41.606,
                                                                            "Actual Total Time": 41.606,
                                                                            "Actual Rows": 268984,
                                                                            "Actual Loops": 1
                                                                        },
                                                                        {
                                                                            "Worker Number": 3,
                                                                            "Actual Startup Time": 41.937,
                                                                            "Actual Total Time": 41.937,
                                                                            "Actual Rows": 268984,
                                                                            "Actual Loops": 1
                                                                        },
                                                                        {
                                                                            "Worker Number": 4,
                                                                            "Actual Startup Time": 42.245,
                                                                            "Actual Total Time": 42.245,
                                                                            "Actual Rows": 268984,
                                                                            "Actual Loops": 1
                                                                        }
                                                                    ]
                                                                }
                                                            ]
                                                        }
                                                    ]
                                                }
                                            ]
                                        },
                                        {
                                            "Node Type": "Index Scan",
                                            "Parent Relationship": "Inner",
                                            "Parallel Aware": false,
                                            "Scan Direction": "Forward",
                                            "Index Name": "movie_id_cast_info",
                                            "Relation Name": "cast_info",
                                            "Schema": "public",
                                            "Alias": "ci",
                                            "Startup Cost": 0.56,
                                            "Total Cost": 2.03,
                                            "Plan Rows": 11,
                                            "Plan Width": 4,
                                            "Actual Startup Time": 0.01,
                                            "Actual Total Time": 0.031,
                                            "Actual Rows": 10,
                                            "Actual Loops": 268984,
                                            "Output": [
                                                "ci.id",
                                                "ci.person_id",
                                                "ci.movie_id",
                                                "ci.person_role_id",
                                                "ci.note",
                                                "ci.nr_order",
                                                "ci.role_id"
                                            ],
                                            "Index Cond": "(ci.movie_id = t.id)",
                                            "Rows Removed by Index Recheck": 0,
                                            "Filter": "((ci.person_id > 805347) AND (ci.role_id < 2))",
                                            "Rows Removed by Filter": 40,
                                            "Workers": [
                                                {
                                                    "Worker Number": 0,
                                                    "Actual Startup Time": 0.013,
                                                    "Actual Total Time": 0.04,
                                                    "Actual Rows": 10,
                                                    "Actual Loops": 34535
                                                },
                                                {
                                                    "Worker Number": 1,
                                                    "Actual Startup Time": 0.014,
                                                    "Actual Total Time": 0.043,
                                                    "Actual Rows": 9,
                                                    "Actual Loops": 32132
                                                },
                                                {
                                                    "Worker Number": 2,
                                                    "Actual Startup Time": 0.009,
                                                    "Actual Total Time": 0.028,
                                                    "Actual Rows": 10,
                                                    "Actual Loops": 49109
                                                },
                                                {
                                                    "Worker Number": 3,
                                                    "Actual Startup Time": 0.009,
                                                    "Actual Total Time": 0.029,
                                                    "Actual Rows": 10,
                                                    "Actual Loops": 48708
                                                },
                                                {
                                                    "Worker Number": 4,
                                                    "Actual Startup Time": 0.009,
                                                    "Actual Total Time": 0.028,
                                                    "Actual Rows": 10,
                                                    "Actual Loops": 49268
                                                }
                                            ]
                                        }
                                    ]
                                }
                            ]
                        }
                    ]
                }
            ]
        },
        "Planning Time": 201.026,
        "Triggers": [],
        "Execution Time": 2051.708
    }
]