{
  "Plan": {
    "Node Type": "Aggregate",
    "Strategy": "Plain",
    "Partial Mode": "Finalize",
    "Parallel Aware": false,
    "Startup Cost": 121205.74,
    "Total Cost": 121205.75,
    "Plan Rows": 1,
    "Plan Width": 8,
    "Actual Startup Time": 354.14,
    "Actual Total Time": 378.664,
    "Actual Rows": 1,
    "Actual Loops": 1,
    "Plans": [
      {
        "Node Type": "Gather",
        "Parent Relationship": "Outer",
        "Parallel Aware": false,
        "Startup Cost": 121205.63,
        "Total Cost": 121205.74,
        "Plan Rows": 1,
        "Plan Width": 8,
        "Actual Startup Time": 353.33,
        "Actual Total Time": 378.657,
        "Actual Rows": 2,
        "Actual Loops": 1,
        "Workers Planned": 1,
        "Workers Launched": 1,
        "Single Copy": false,
        "Plans": [
          {
            "Node Type": "Aggregate",
            "Strategy": "Plain",
            "Partial Mode": "Partial",
            "Parent Relationship": "Outer",
            "Parallel Aware": false,
            "Startup Cost": 120205.63,
            "Total Cost": 120205.64,
            "Plan Rows": 1,
            "Plan Width": 8,
            "Actual Startup Time": 346.747,
            "Actual Total Time": 346.751,
            "Actual Rows": 1,
            "Actual Loops": 2,
            "Plans": [
              {
                "Node Type": "Nested Loop",
                "Parent Relationship": "Outer",
                "Parallel Aware": false,
                "Join Type": "Inner",
                "Startup Cost": 67581.01,
                "Total Cost": 120145.61,
                "Plan Rows": 24006,
                "Plan Width": 0,
                "Actual Startup Time": 219.185,
                "Actual Total Time": 345.246,
                "Actual Rows": 27616,
                "Actual Loops": 2,
                "Inner Unique": false,
                "Join Filter": "(t.id = mk.movie_id)",
                "Rows Removed by Join Filter": 0,
                "Plans": [
                  {
                    "Node Type": "Hash Join",
                    "Parent Relationship": "Outer",
                    "Parallel Aware": true,
                    "Join Type": "Inner",
                    "Startup Cost": 67580.58,
                    "Total Cost": 89715.91,
                    "Plan Rows": 13416,
                    "Plan Width": 8,
                    "Actual Startup Time": 218.901,
                    "Actual Total Time": 303.185,
                    "Actual Rows": 4773,
                    "Actual Loops": 2,
                    "Inner Unique": true,
                    "Hash Cond": "(mc.movie_id = t.id)",
                    "Plans": [
                      {
                        "Node Type": "Bitmap Heap Scan",
                        "Parent Relationship": "Outer",
                        "Parallel Aware": true,
                        "Relation Name": "movie_companies",
                        "Alias": "mc",
                        "Startup Cost": 8146.46,
                        "Total Cost": 29701.2,
                        "Plan Rows": 221179,
                        "Plan Width": 4,
                        "Actual Startup Time": 32.832,
                        "Actual Total Time": 82.461,
                        "Actual Rows": 186820,
                        "Actual Loops": 2,
                        "Recheck Cond": "(company_id < 213)",
                        "Rows Removed by Index Recheck": 0,
                        "Exact Heap Blocks": 12306,
                        "Lossy Heap Blocks": 0,
                        "Plans": [
                          {
                            "Node Type": "Bitmap Index Scan",
                            "Parent Relationship": "Outer",
                            "Parallel Aware": false,
                            "Index Name": "company_id_movie_companies",
                            "Startup Cost": 0.0,
                            "Total Cost": 8052.46,
                            "Plan Rows": 376004,
                            "Plan Width": 0,
                            "Actual Startup Time": 28.507,
                            "Actual Total Time": 28.508,
                            "Actual Rows": 373640,
                            "Actual Loops": 1,
                            "Index Cond": "(company_id < 213)"
                          }
                        ]
                      },
                      {
                        "Node Type": "Hash",
                        "Parent Relationship": "Inner",
                        "Parallel Aware": true,
                        "Startup Cost": 58306.47,
                        "Total Cost": 58306.47,
                        "Plan Rows": 90212,
                        "Plan Width": 4,
                        "Actual Startup Time": 182.411,
                        "Actual Total Time": 182.411,
                        "Actual Rows": 67380,
                        "Actual Loops": 2,
                        "Hash Buckets": 262144,
                        "Original Hash Buckets": 262144,
                        "Hash Batches": 1,
                        "Original Hash Batches": 1,
                        "Peak Memory Usage": 7328,
                        "Plans": [
                          {
                            "Node Type": "Seq Scan",
                            "Parent Relationship": "Outer",
                            "Parallel Aware": true,
                            "Relation Name": "title",
                            "Alias": "t",
                            "Startup Cost": 0.0,
                            "Total Cost": 58306.47,
                            "Plan Rows": 90212,
                            "Plan Width": 4,
                            "Actual Startup Time": 0.088,
                            "Actual Total Time": 163.59,
                            "Actual Rows": 67380,
                            "Actual Loops": 2,
                            "Filter": "((kind_id < 7) AND (production_year > 2010))",
                            "Rows Removed by Filter": 1196776
                          }
                        ]
                      }
                    ]
                  },
                  {
                    "Node Type": "Index Only Scan",
                    "Parent Relationship": "Inner",
                    "Parallel Aware": false,
                    "Scan Direction": "Forward",
                    "Index Name": "movie_id_movie_keyword",
                    "Relation Name": "movie_keyword",
                    "Alias": "mk",
                    "Startup Cost": 0.43,
                    "Total Cost": 1.71,
                    "Plan Rows": 45,
                    "Plan Width": 4,
                    "Actual Startup Time": 0.007,
                    "Actual Total Time": 0.008,
                    "Actual Rows": 6,
                    "Actual Loops": 9546,
                    "Index Cond": "(movie_id = mc.movie_id)",
                    "Rows Removed by Index Recheck": 0,
                    "Heap Fetches": 55231
                  }
                ]
              }
            ]
          }
        ]
      }
    ]
  },
  "Planning Time": 1.043,
  "Triggers": [],
  "Execution Time": 378.779
}