[
  {
    "Plan": {
      "Node Type": "Aggregate",
      "Strategy": "Plain",
      "Partial Mode": "Finalize",
      "Parallel Aware": false,
      "Startup Cost": 37176.8,
      "Total Cost": 37176.81,
      "Plan Rows": 1,
      "Plan Width": 8,
      "Actual Startup Time": 34.376,
      "Actual Total Time": 39.7,
      "Actual Rows": 1,
      "Actual Loops": 1,
      "Plans": [
        {
          "Node Type": "Gather",
          "Parent Relationship": "Outer",
          "Parallel Aware": false,
          "Startup Cost": 37176.58,
          "Total Cost": 37176.79,
          "Plan Rows": 2,
          "Plan Width": 8,
          "Actual Startup Time": 34.203,
          "Actual Total Time": 39.695,
          "Actual Rows": 3,
          "Actual Loops": 1,
          "Workers Planned": 2,
          "Workers Launched": 2,
          "Single Copy": false,
          "Plans": [
            {
              "Node Type": "Aggregate",
              "Strategy": "Plain",
              "Partial Mode": "Partial",
              "Parent Relationship": "Outer",
              "Parallel Aware": false,
              "Startup Cost": 36176.58,
              "Total Cost": 36176.59,
              "Plan Rows": 1,
              "Plan Width": 8,
              "Actual Startup Time": 26.271,
              "Actual Total Time": 26.273,
              "Actual Rows": 1,
              "Actual Loops": 3,
              "Plans": [
                {
                  "Node Type": "Nested Loop",
                  "Parent Relationship": "Outer",
                  "Parallel Aware": false,
                  "Join Type": "Inner",
                  "Startup Cost": 151.79,
                  "Total Cost": 36173.87,
                  "Plan Rows": 1087,
                  "Plan Width": 0,
                  "Actual Startup Time": 1.198,
                  "Actual Total Time": 26.022,
                  "Actual Rows": 1661,
                  "Actual Loops": 3,
                  "Inner Unique": true,
                  "Plans": [
                    {
                      "Node Type": "Bitmap Heap Scan",
                      "Parent Relationship": "Outer",
                      "Parallel Aware": true,
                      "Relation Name": "movie_keyword",
                      "Alias": "mk",
                      "Startup Cost": 151.36,
                      "Total Cost": 15607.09,
                      "Plan Rows": 2953,
                      "Plan Width": 4,
                      "Actual Startup Time": 0.934,
                      "Actual Total Time": 9.292,
                      "Actual Rows": 2095,
                      "Actual Loops": 3,
                      "Recheck Cond": "(keyword_id = 2276)",
                      "Rows Removed by Index Recheck": 0,
                      "Exact Heap Blocks": 4565,
                      "Lossy Heap Blocks": 0,
                      "Plans": [
                        {
                          "Node Type": "Bitmap Index Scan",
                          "Parent Relationship": "Outer",
                          "Parallel Aware": false,
                          "Index Name": "keyword_id_movie_keyword",
                          "Startup Cost": 0.0,
                          "Total Cost": 149.59,
                          "Plan Rows": 7087,
                          "Plan Width": 0,
                          "Actual Startup Time": 1.785,
                          "Actual Total Time": 1.785,
                          "Actual Rows": 6286,
                          "Actual Loops": 1,
                          "Index Cond": "(keyword_id = 2276)"
                        }
                      ]
                    },
                    {
                      "Node Type": "Index Scan",
                      "Parent Relationship": "Inner",
                      "Parallel Aware": false,
                      "Scan Direction": "Forward",
                      "Index Name": "title_pkey",
                      "Relation Name": "title",
                      "Alias": "t",
                      "Startup Cost": 0.43,
                      "Total Cost": 6.96,
                      "Plan Rows": 1,
                      "Plan Width": 4,
                      "Actual Startup Time": 0.007,
                      "Actual Total Time": 0.007,
                      "Actual Rows": 1,
                      "Actual Loops": 6286,
                      "Index Cond": "(id = mk.movie_id)",
                      "Rows Removed by Index Recheck": 0,
                      "Filter": "((kind_id < 7) AND (production_year < 2013))",
                      "Rows Removed by Filter": 0
                    }
                  ]
                }
              ]
            }
          ]
        }
      ]
    },
    "Planning Time": 0.243,
    "Triggers": [],
    "Execution Time": 39.737
  }
]