[
  {
    "Plan": {
      "Node Type": "Aggregate",
      "Strategy": "Plain",
      "Partial Mode": "Finalize",
      "Parallel Aware": false,
      "Startup Cost": 30534.36,
      "Total Cost": 30534.37,
      "Plan Rows": 1,
      "Plan Width": 8,
      "Actual Startup Time": 45.267,
      "Actual Total Time": 51.847,
      "Actual Rows": 1,
      "Actual Loops": 1,
      "Plans": [
        {
          "Node Type": "Gather",
          "Parent Relationship": "Outer",
          "Parallel Aware": false,
          "Startup Cost": 30534.15,
          "Total Cost": 30534.36,
          "Plan Rows": 2,
          "Plan Width": 8,
          "Actual Startup Time": 45.126,
          "Actual Total Time": 51.839,
          "Actual Rows": 3,
          "Actual Loops": 1,
          "Workers Planned": 2,
          "Workers Launched": 2,
          "Single Copy": false,
          "Plans": [
            {
              "Node Type": "Aggregate",
              "Strategy": "Plain",
              "Partial Mode": "Partial",
              "Parent Relationship": "Outer",
              "Parallel Aware": false,
              "Startup Cost": 29534.15,
              "Total Cost": 29534.16,
              "Plan Rows": 1,
              "Plan Width": 8,
              "Actual Startup Time": 37.093,
              "Actual Total Time": 37.095,
              "Actual Rows": 1,
              "Actual Loops": 3,
              "Plans": [
                {
                  "Node Type": "Nested Loop",
                  "Parent Relationship": "Outer",
                  "Parallel Aware": false,
                  "Join Type": "Inner",
                  "Startup Cost": 118.94,
                  "Total Cost": 29532.05,
                  "Plan Rows": 838,
                  "Plan Width": 0,
                  "Actual Startup Time": 3.465,
                  "Actual Total Time": 36.824,
                  "Actual Rows": 1661,
                  "Actual Loops": 3,
                  "Inner Unique": true,
                  "Plans": [
                    {
                      "Node Type": "Bitmap Heap Scan",
                      "Parent Relationship": "Outer",
                      "Parallel Aware": true,
                      "Relation Name": "movie_keyword",
                      "Alias": "mk",
                      "Startup Cost": 118.51,
                      "Total Cost": 13140.73,
                      "Plan Rows": 2262,
                      "Plan Width": 4,
                      "Actual Startup Time": 2.653,
                      "Actual Total Time": 12.672,
                      "Actual Rows": 2095,
                      "Actual Loops": 3,
                      "Recheck Cond": "(keyword_id = 2276)",
                      "Rows Removed by Index Recheck": 0,
                      "Exact Heap Blocks": 3947,
                      "Lossy Heap Blocks": 0,
                      "Plans": [
                        {
                          "Node Type": "Bitmap Index Scan",
                          "Parent Relationship": "Outer",
                          "Parallel Aware": false,
                          "Index Name": "keyword_id_movie_keyword",
                          "Startup Cost": 0.0,
                          "Total Cost": 117.15,
                          "Plan Rows": 5429,
                          "Plan Width": 0,
                          "Actual Startup Time": 4.829,
                          "Actual Total Time": 4.829,
                          "Actual Rows": 6286,
                          "Actual Loops": 1,
                          "Index Cond": "(keyword_id = 2276)"
                        }
                      ]
                    },
                    {
                      "Node Type": "Index Scan",
                      "Parent Relationship": "Inner",
                      "Parallel Aware": false,
                      "Scan Direction": "Forward",
                      "Index Name": "title_pkey",
                      "Relation Name": "title",
                      "Alias": "t",
                      "Startup Cost": 0.43,
                      "Total Cost": 7.25,
                      "Plan Rows": 1,
                      "Plan Width": 4,
                      "Actual Startup Time": 0.011,
                      "Actual Total Time": 0.011,
                      "Actual Rows": 1,
                      "Actual Loops": 6286,
                      "Index Cond": "(id = mk.movie_id)",
                      "Rows Removed by Index Recheck": 0,
                      "Filter": "((kind_id < 7) AND (production_year < 2013))",
                      "Rows Removed by Filter": 0
                    }
                  ]
                }
              ]
            }
          ]
        }
      ]
    },
    "Planning Time": 0.628,
    "Triggers": [],
    "Execution Time": 51.936
  }
]