{
  "Plan": {
    "Node Type": "Aggregate",
    "Strategy": "Plain",
    "Partial Mode": "Finalize",
    "Parallel Aware": false,
    "Startup Cost": 562180.8,
    "Total Cost": 562180.81,
    "Plan Rows": 1,
    "Plan Width": 8,
    "Actual Startup Time": 6481.489,
    "Actual Total Time": 6512.152,
    "Actual Rows": 1,
    "Actual Loops": 1,
    "Plans": [
      {
        "Node Type": "Gather",
        "Parent Relationship": "Outer",
        "Parallel Aware": false,
        "Startup Cost": 562180.69,
        "Total Cost": 562180.8,
        "Plan Rows": 1,
        "Plan Width": 8,
        "Actual Startup Time": 6477.819,
        "Actual Total Time": 6512.144,
        "Actual Rows": 2,
        "Actual Loops": 1,
        "Workers Planned": 1,
        "Workers Launched": 1,
        "Single Copy": false,
        "Plans": [
          {
            "Node Type": "Aggregate",
            "Strategy": "Plain",
            "Partial Mode": "Partial",
            "Parent Relationship": "Outer",
            "Parallel Aware": false,
            "Startup Cost": 561180.69,
            "Total Cost": 561180.7,
            "Plan Rows": 1,
            "Plan Width": 8,
            "Actual Startup Time": 6471.151,
            "Actual Total Time": 6471.156,
            "Actual Rows": 1,
            "Actual Loops": 2,
            "Plans": [
              {
                "Node Type": "Hash Join",
                "Parent Relationship": "Outer",
                "Parallel Aware": true,
                "Join Type": "Inner",
                "Startup Cost": 103333.01,
                "Total Cost": 558172.42,
                "Plan Rows": 1203308,
                "Plan Width": 0,
                "Actual Startup Time": 648.311,
                "Actual Total Time": 6392.509,
                "Actual Rows": 1823445,
                "Actual Loops": 2,
                "Inner Unique": false,
                "Hash Cond": "(t.id = mc.movie_id)",
                "Plans": [
                  {
                    "Node Type": "Hash Join",
                    "Parent Relationship": "Outer",
                    "Parallel Aware": true,
                    "Join Type": "Inner",
                    "Startup Cost": 69461.26,
                    "Total Cost": 471355.77,
                    "Plan Rows": 7338659,
                    "Plan Width": 8,
                    "Actual Startup Time": 522.877,
                    "Actual Total Time": 4509.943,
                    "Actual Rows": 6335344,
                    "Actual Loops": 2,
                    "Inner Unique": true,
                    "Hash Cond": "(ci.movie_id = t.id)",
                    "Plans": [
                      {
                        "Node Type": "Index Scan",
                        "Parent Relationship": "Outer",
                        "Parallel Aware": true,
                        "Scan Direction": "Forward",
                        "Index Name": "role_id_cast_info",
                        "Relation Name": "cast_info",
                        "Alias": "ci",
                        "Startup Cost": 0.56,
                        "Total Cost": 382631.05,
                        "Plan Rows": 7338659,
                        "Plan Width": 4,
                        "Actual Startup Time": 0.054,
                        "Actual Total Time": 894.892,
                        "Actual Rows": 6335344,
                        "Actual Loops": 2,
                        "Index Cond": "(role_id = 1)",
                        "Rows Removed by Index Recheck": 0
                      },
                      {
                        "Node Type": "Hash",
                        "Parent Relationship": "Inner",
                        "Parallel Aware": true,
                        "Startup Cost": 50870.31,
                        "Total Cost": 50870.31,
                        "Plan Rows": 1487231,
                        "Plan Width": 4,
                        "Actual Startup Time": 511.434,
                        "Actual Total Time": 511.434,
                        "Actual Rows": 1264156,
                        "Actual Loops": 2,
                        "Hash Buckets": 4194304,
                        "Original Hash Buckets": 4194304,
                        "Hash Batches": 1,
                        "Original Hash Batches": 1,
                        "Peak Memory Usage": 131712,
                        "Plans": [
                          {
                            "Node Type": "Seq Scan",
                            "Parent Relationship": "Outer",
                            "Parallel Aware": true,
                            "Relation Name": "title",
                            "Alias": "t",
                            "Startup Cost": 0.0,
                            "Total Cost": 50870.31,
                            "Plan Rows": 1487231,
                            "Plan Width": 4,
                            "Actual Startup Time": 0.019,
                            "Actual Total Time": 143.206,
                            "Actual Rows": 1264156,
                            "Actual Loops": 2
                          }
                        ]
                      }
                    ]
                  },
                  {
                    "Node Type": "Hash",
                    "Parent Relationship": "Inner",
                    "Parallel Aware": true,
                    "Startup Cost": 30823.51,
                    "Total Cost": 30823.51,
                    "Plan Rows": 243859,
                    "Plan Width": 4,
                    "Actual Startup Time": 119.768,
                    "Actual Total Time": 119.769,
                    "Actual Rows": 209958,
                    "Actual Loops": 2,
                    "Hash Buckets": 524288,
                    "Original Hash Buckets": 524288,
                    "Hash Batches": 1,
                    "Original Hash Batches": 1,
                    "Peak Memory Usage": 20544,
                    "Plans": [
                      {
                        "Node Type": "Bitmap Heap Scan",
                        "Parent Relationship": "Outer",
                        "Parallel Aware": true,
                        "Relation Name": "movie_companies",
                        "Alias": "mc",
                        "Startup Cost": 8985.27,
                        "Total Cost": 30823.51,
                        "Plan Rows": 243859,
                        "Plan Width": 4,
                        "Actual Startup Time": 35.249,
                        "Actual Total Time": 76.565,
                        "Actual Rows": 209958,
                        "Actual Loops": 2,
                        "Recheck Cond": "(company_id > 80078)",
                        "Rows Removed by Index Recheck": 0,
                        "Exact Heap Blocks": 4298,
                        "Lossy Heap Blocks": 0,
                        "Plans": [
                          {
                            "Node Type": "Bitmap Index Scan",
                            "Parent Relationship": "Outer",
                            "Parallel Aware": false,
                            "Index Name": "company_id_movie_companies",
                            "Startup Cost": 0.0,
                            "Total Cost": 8881.63,
                            "Plan Rows": 414560,
                            "Plan Width": 0,
                            "Actual Startup Time": 34.67,
                            "Actual Total Time": 34.67,
                            "Actual Rows": 419915,
                            "Actual Loops": 1,
                            "Index Cond": "(company_id > 80078)"
                          }
                        ]
                      }
                    ]
                  }
                ]
              }
            ]
          }
        ]
      }
    ]
  },
  "Planning Time": 1.159,
  "Triggers": [],
  "Execution Time": 6512.261
}