{
  "Plan": {
    "Node Type": "Aggregate",
    "Strategy": "Plain",
    "Partial Mode": "Finalize",
    "Parallel Aware": false,
    "Startup Cost": 201690.86,
    "Total Cost": 201690.87,
    "Plan Rows": 1,
    "Plan Width": 8,
    "Actual Startup Time": 688.415,
    "Actual Total Time": 711.856,
    "Actual Rows": 1,
    "Actual Loops": 1,
    "Plans": [
      {
        "Node Type": "Gather",
        "Parent Relationship": "Outer",
        "Parallel Aware": false,
        "Startup Cost": 201690.75,
        "Total Cost": 201690.86,
        "Plan Rows": 1,
        "Plan Width": 8,
        "Actual Startup Time": 632.394,
        "Actual Total Time": 711.842,
        "Actual Rows": 2,
        "Actual Loops": 1,
        "Workers Planned": 1,
        "Workers Launched": 1,
        "Single Copy": false,
        "Plans": [
          {
            "Node Type": "Aggregate",
            "Strategy": "Plain",
            "Partial Mode": "Partial",
            "Parent Relationship": "Outer",
            "Parallel Aware": false,
            "Startup Cost": 200690.75,
            "Total Cost": 200690.76,
            "Plan Rows": 1,
            "Plan Width": 8,
            "Actual Startup Time": 652.497,
            "Actual Total Time": 652.502,
            "Actual Rows": 1,
            "Actual Loops": 2,
            "Plans": [
              {
                "Node Type": "Nested Loop",
                "Parent Relationship": "Outer",
                "Parallel Aware": false,
                "Join Type": "Inner",
                "Startup Cost": 164925.21,
                "Total Cost": 200617.04,
                "Plan Rows": 29483,
                "Plan Width": 0,
                "Actual Startup Time": 465.751,
                "Actual Total Time": 650.26,
                "Actual Rows": 37299,
                "Actual Loops": 2,
                "Inner Unique": false,
                "Plans": [
                  {
                    "Node Type": "Merge Join",
                    "Parent Relationship": "Outer",
                    "Parallel Aware": false,
                    "Join Type": "Inner",
                    "Startup Cost": 164924.78,
                    "Total Cost": 169274.45,
                    "Plan Rows": 54015,
                    "Plan Width": 8,
                    "Actual Startup Time": 465.654,
                    "Actual Total Time": 568.112,
                    "Actual Rows": 33105,
                    "Actual Loops": 2,
                    "Inner Unique": false,
                    "Merge Cond": "(t.id = mc.movie_id)",
                    "Plans": [
                      {
                        "Node Type": "Sort",
                        "Parent Relationship": "Outer",
                        "Parallel Aware": false,
                        "Startup Cost": 99347.3,
                        "Total Cost": 100534.12,
                        "Plan Rows": 474726,
                        "Plan Width": 4,
                        "Actual Startup Time": 295.328,
                        "Actual Total Time": 342.464,
                        "Actual Rows": 406008,
                        "Actual Loops": 2,
                        "Sort Key": [
                          "t.id"
                        ],
                        "Sort Method": "quicksort",
                        "Sort Space Used": 49153,
                        "Sort Space Type": "Memory",
                        "Workers": [
                          {
                            "Worker Number": 0,
                            "Sort Method": "quicksort",
                            "Sort Space Used": 25808,
                            "Sort Space Type": "Memory"
                          }
                        ],
                        "Plans": [
                          {
                            "Node Type": "Seq Scan",
                            "Parent Relationship": "Outer",
                            "Parallel Aware": true,
                            "Relation Name": "title",
                            "Alias": "t",
                            "Startup Cost": 0.0,
                            "Total Cost": 54588.39,
                            "Plan Rows": 474726,
                            "Plan Width": 4,
                            "Actual Startup Time": 0.031,
                            "Actual Total Time": 176.533,
                            "Actual Rows": 406352,
                            "Actual Loops": 2,
                            "Filter": "(production_year < 1995)",
                            "Rows Removed by Filter": 857804
                          }
                        ]
                      },
                      {
                        "Node Type": "Sort",
                        "Parent Relationship": "Inner",
                        "Parallel Aware": false,
                        "Startup Cost": 65577.43,
                        "Total Cost": 66296.6,
                        "Plan Rows": 287670,
                        "Plan Width": 4,
                        "Actual Startup Time": 170.303,
                        "Actual Total Time": 178.866,
                        "Actual Rows": 145288,
                        "Actual Loops": 2,
                        "Sort Key": [
                          "mc.movie_id"
                        ],
                        "Sort Method": "quicksort",
                        "Sort Space Used": 12991,
                        "Sort Space Type": "Memory",
                        "Workers": [
                          {
                            "Worker Number": 0,
                            "Sort Method": "quicksort",
                            "Sort Space Used": 12991,
                            "Sort Space Type": "Memory"
                          }
                        ],
                        "Plans": [
                          {
                            "Node Type": "Bitmap Heap Scan",
                            "Parent Relationship": "Outer",
                            "Parallel Aware": false,
                            "Relation Name": "movie_companies",
                            "Alias": "mc",
                            "Startup Cost": 12205.67,
                            "Total Cost": 39494.31,
                            "Plan Rows": 287670,
                            "Plan Width": 4,
                            "Actual Startup Time": 93.41,
                            "Actual Total Time": 135.781,
                            "Actual Rows": 146068,
                            "Actual Loops": 2,
                            "Recheck Cond": "(company_id < 596)",
                            "Rows Removed by Index Recheck": 0,
                            "Filter": "(company_type_id = 2)",
                            "Rows Removed by Filter": 415610,
                            "Exact Heap Blocks": 18391,
                            "Lossy Heap Blocks": 0,
                            "Plans": [
                              {
                                "Node Type": "Bitmap Index Scan",
                                "Parent Relationship": "Outer",
                                "Parallel Aware": false,
                                "Index Name": "company_id_movie_companies",
                                "Startup Cost": 0.0,
                                "Total Cost": 12133.75,
                                "Plan Rows": 566576,
                                "Plan Width": 0,
                                "Actual Startup Time": 27.402,
                                "Actual Total Time": 27.403,
                                "Actual Rows": 561678,
                                "Actual Loops": 2,
                                "Index Cond": "(company_id < 596)"
                              }
                            ]
                          }
                        ]
                      }
                    ]
                  },
                  {
                    "Node Type": "Index Only Scan",
                    "Parent Relationship": "Inner",
                    "Parallel Aware": false,
                    "Scan Direction": "Forward",
                    "Index Name": "movie_id_movie_info_idx",
                    "Relation Name": "movie_info_idx",
                    "Alias": "mi_idx",
                    "Startup Cost": 0.43,
                    "Total Cost": 0.55,
                    "Plan Rows": 3,
                    "Plan Width": 4,
                    "Actual Startup Time": 0.002,
                    "Actual Total Time": 0.002,
                    "Actual Rows": 1,
                    "Actual Loops": 66210,
                    "Index Cond": "(movie_id = t.id)",
                    "Rows Removed by Index Recheck": 0,
                    "Heap Fetches": 74598
                  }
                ]
              }
            ]
          }
        ]
      }
    ]
  },
  "Planning Time": 1.06,
  "Triggers": [],
  "Execution Time": 721.151
}