[
  {
    "Plan": {
      "Node Type": "Aggregate",
      "Strategy": "Plain",
      "Partial Mode": "Finalize",
      "Parallel Aware": false,
      "Startup Cost": 123687.63,
      "Total Cost": 123687.64,
      "Plan Rows": 1,
      "Plan Width": 8,
      "Actual Startup Time": 689.769,
      "Actual Total Time": 712.439,
      "Actual Rows": 1,
      "Actual Loops": 1,
      "Plans": [
        {
          "Node Type": "Gather",
          "Parent Relationship": "Outer",
          "Parallel Aware": false,
          "Startup Cost": 123687.31,
          "Total Cost": 123687.62,
          "Plan Rows": 3,
          "Plan Width": 8,
          "Actual Startup Time": 665.46,
          "Actual Total Time": 712.427,
          "Actual Rows": 4,
          "Actual Loops": 1,
          "Workers Planned": 3,
          "Workers Launched": 3,
          "Single Copy": false,
          "Plans": [
            {
              "Node Type": "Aggregate",
              "Strategy": "Plain",
              "Partial Mode": "Partial",
              "Parent Relationship": "Outer",
              "Parallel Aware": false,
              "Startup Cost": 122687.31,
              "Total Cost": 122687.32,
              "Plan Rows": 1,
              "Plan Width": 8,
              "Actual Startup Time": 653.826,
              "Actual Total Time": 653.833,
              "Actual Rows": 1,
              "Actual Loops": 4,
              "Plans": [
                {
                  "Node Type": "Hash Join",
                  "Parent Relationship": "Outer",
                  "Parallel Aware": true,
                  "Join Type": "Inner",
                  "Startup Cost": 76366.9,
                  "Total Cost": 122576.22,
                  "Plan Rows": 44438,
                  "Plan Width": 0,
                  "Actual Startup Time": 454.314,
                  "Actual Total Time": 643.193,
                  "Actual Rows": 239076,
                  "Actual Loops": 4,
                  "Inner Unique": false,
                  "Hash Cond": "(mk.movie_id = t.id)",
                  "Plans": [
                    {
                      "Node Type": "Seq Scan",
                      "Parent Relationship": "Outer",
                      "Parallel Aware": true,
                      "Relation Name": "movie_keyword",
                      "Alias": "mk",
                      "Startup Cost": 0.0,
                      "Total Cost": 42695.65,
                      "Plan Rows": 898751,
                      "Plan Width": 4,
                      "Actual Startup Time": 0.035,
                      "Actual Total Time": 112.183,
                      "Actual Rows": 699170,
                      "Actual Loops": 4,
                      "Filter": "(keyword_id < 8201)",
                      "Rows Removed by Filter": 431812
                    },
                    {
                      "Node Type": "Hash",
                      "Parent Relationship": "Inner",
                      "Parallel Aware": true,
                      "Startup Cost": 75862.81,
                      "Total Cost": 75862.81,
                      "Plan Rows": 40327,
                      "Plan Width": 8,
                      "Actual Startup Time": 453.562,
                      "Actual Total Time": 453.567,
                      "Actual Rows": 47970,
                      "Actual Loops": 4,
                      "Hash Buckets": 262144,
                      "Original Hash Buckets": 131072,
                      "Hash Batches": 1,
                      "Original Hash Batches": 1,
                      "Peak Memory Usage": 10624,
                      "Plans": [
                        {
                          "Node Type": "Hash Join",
                          "Parent Relationship": "Outer",
                          "Parallel Aware": true,
                          "Join Type": "Inner",
                          "Startup Cost": 55729.74,
                          "Total Cost": 75862.81,
                          "Plan Rows": 40327,
                          "Plan Width": 8,
                          "Actual Startup Time": 363.739,
                          "Actual Total Time": 428.736,
                          "Actual Rows": 47970,
                          "Actual Loops": 4,
                          "Inner Unique": true,
                          "Hash Cond": "(mc.movie_id = t.id)",
                          "Plans": [
                            {
                              "Node Type": "Bitmap Heap Scan",
                              "Parent Relationship": "Outer",
                              "Parallel Aware": true,
                              "Relation Name": "movie_companies",
                              "Alias": "mc",
                              "Startup Cost": 5509.36,
                              "Total Cost": 25536.57,
                              "Plan Rows": 40327,
                              "Plan Width": 4,
                              "Actual Startup Time": 14.404,
                              "Actual Total Time": 48.34,
                              "Actual Rows": 47970,
                              "Actual Loops": 4,
                              "Recheck Cond": "(company_id < 120)",
                              "Rows Removed by Index Recheck": 0,
                              "Filter": "(company_type_id < 2)",
                              "Rows Removed by Filter": 14862,
                              "Exact Heap Blocks": 6646,
                              "Lossy Heap Blocks": 0,
                              "Plans": [
                                {
                                  "Node Type": "Bitmap Index Scan",
                                  "Parent Relationship": "Outer",
                                  "Parallel Aware": false,
                                  "Index Name": "company_id_movie_companies",
                                  "Startup Cost": 0.0,
                                  "Total Cost": 5478.11,
                                  "Plan Rows": 255690,
                                  "Plan Width": 0,
                                  "Actual Startup Time": 11.744,
                                  "Actual Total Time": 11.745,
                                  "Actual Rows": 251328,
                                  "Actual Loops": 1,
                                  "Index Cond": "(company_id < 120)"
                                }
                              ]
                            },
                            {
                              "Node Type": "Hash",
                              "Parent Relationship": "Inner",
                              "Parallel Aware": true,
                              "Startup Cost": 42319.06,
                              "Total Cost": 42319.06,
                              "Plan Rows": 632106,
                              "Plan Width": 4,
                              "Actual Startup Time": 342.4,
                              "Actual Total Time": 342.401,
                              "Actual Rows": 632078,
                              "Actual Loops": 4,
                              "Hash Buckets": 4194304,
                              "Original Hash Buckets": 4194304,
                              "Hash Batches": 1,
                              "Original Hash Batches": 1,
                              "Peak Memory Usage": 131712,
                              "Plans": [
                                {
                                  "Node Type": "Seq Scan",
                                  "Parent Relationship": "Outer",
                                  "Parallel Aware": true,
                                  "Relation Name": "title",
                                  "Alias": "t",
                                  "Startup Cost": 0.0,
                                  "Total Cost": 42319.06,
                                  "Plan Rows": 632106,
                                  "Plan Width": 4,
                                  "Actual Startup Time": 0.043,
                                  "Actual Total Time": 102.243,
                                  "Actual Rows": 632078,
                                  "Actual Loops": 4
                                }
                              ]
                            }
                          ]
                        }
                      ]
                    }
                  ]
                }
              ]
            }
          ]
        }
      ]
    },
    "Planning Time": 0.791,
    "Triggers": [],
    "Execution Time": 712.493
  }
]