[
  {
    "Plan": {
      "Node Type": "Aggregate",
      "Strategy": "Plain",
      "Partial Mode": "Finalize",
      "Parallel Aware": false,
      "Startup Cost": 119260.34,
      "Total Cost": 119260.35,
      "Plan Rows": 1,
      "Plan Width": 8,
      "Actual Startup Time": 522.927,
      "Actual Total Time": 545.89,
      "Actual Rows": 1,
      "Actual Loops": 1,
      "Plans": [
        {
          "Node Type": "Gather",
          "Parent Relationship": "Outer",
          "Parallel Aware": false,
          "Startup Cost": 119260.02,
          "Total Cost": 119260.33,
          "Plan Rows": 3,
          "Plan Width": 8,
          "Actual Startup Time": 520.733,
          "Actual Total Time": 545.878,
          "Actual Rows": 4,
          "Actual Loops": 1,
          "Workers Planned": 3,
          "Workers Launched": 3,
          "Single Copy": false,
          "Plans": [
            {
              "Node Type": "Aggregate",
              "Strategy": "Plain",
              "Partial Mode": "Partial",
              "Parent Relationship": "Outer",
              "Parallel Aware": false,
              "Startup Cost": 118260.02,
              "Total Cost": 118260.03,
              "Plan Rows": 1,
              "Plan Width": 8,
              "Actual Startup Time": 511.426,
              "Actual Total Time": 511.606,
              "Actual Rows": 1,
              "Actual Loops": 4,
              "Plans": [
                {
                  "Node Type": "Hash Join",
                  "Parent Relationship": "Outer",
                  "Parallel Aware": true,
                  "Join Type": "Inner",
                  "Startup Cost": 71950.06,
                  "Total Cost": 118148.44,
                  "Plan Rows": 44631,
                  "Plan Width": 0,
                  "Actual Startup Time": 306.882,
                  "Actual Total Time": 501.277,
                  "Actual Rows": 239076,
                  "Actual Loops": 4,
                  "Inner Unique": false,
                  "Hash Cond": "(mk.movie_id = t.id)",
                  "Plans": [
                    {
                      "Node Type": "Seq Scan",
                      "Parent Relationship": "Outer",
                      "Parallel Aware": true,
                      "Relation Name": "movie_keyword",
                      "Alias": "mk",
                      "Startup Cost": 0.0,
                      "Total Cost": 42695.65,
                      "Plan Rows": 904307,
                      "Plan Width": 4,
                      "Actual Startup Time": 0.03,
                      "Actual Total Time": 114.049,
                      "Actual Rows": 699170,
                      "Actual Loops": 4,
                      "Filter": "(keyword_id < 8201)",
                      "Rows Removed by Filter": 431812
                    },
                    {
                      "Node Type": "Hash",
                      "Parent Relationship": "Inner",
                      "Parallel Aware": true,
                      "Startup Cost": 71560.12,
                      "Total Cost": 71560.12,
                      "Plan Rows": 31195,
                      "Plan Width": 8,
                      "Actual Startup Time": 304.652,
                      "Actual Total Time": 304.831,
                      "Actual Rows": 47970,
                      "Actual Loops": 4,
                      "Hash Buckets": 262144,
                      "Original Hash Buckets": 131072,
                      "Hash Batches": 1,
                      "Original Hash Batches": 1,
                      "Peak Memory Usage": 10656,
                      "Plans": [
                        {
                          "Node Type": "Hash Join",
                          "Parent Relationship": "Outer",
                          "Parallel Aware": true,
                          "Join Type": "Inner",
                          "Startup Cost": 25980.39,
                          "Total Cost": 71560.12,
                          "Plan Rows": 31195,
                          "Plan Width": 8,
                          "Actual Startup Time": 93.156,
                          "Actual Total Time": 284.053,
                          "Actual Rows": 47970,
                          "Actual Loops": 4,
                          "Inner Unique": false,
                          "Hash Cond": "(t.id = mc.movie_id)",
                          "Plans": [
                            {
                              "Node Type": "Seq Scan",
                              "Parent Relationship": "Outer",
                              "Parallel Aware": true,
                              "Relation Name": "title",
                              "Alias": "t",
                              "Startup Cost": 0.0,
                              "Total Cost": 42318.73,
                              "Plan Rows": 632073,
                              "Plan Width": 4,
                              "Actual Startup Time": 0.011,
                              "Actual Total Time": 79.496,
                              "Actual Rows": 632078,
                              "Actual Loops": 4
                            },
                            {
                              "Node Type": "Hash",
                              "Parent Relationship": "Inner",
                              "Parallel Aware": true,
                              "Startup Cost": 25477.24,
                              "Total Cost": 25477.24,
                              "Plan Rows": 40252,
                              "Plan Width": 4,
                              "Actual Startup Time": 92.534,
                              "Actual Total Time": 92.536,
                              "Actual Rows": 47970,
                              "Actual Loops": 4,
                              "Hash Buckets": 262144,
                              "Original Hash Buckets": 131072,
                              "Hash Batches": 1,
                              "Original Hash Batches": 1,
                              "Peak Memory Usage": 10624,
                              "Plans": [
                                {
                                  "Node Type": "Bitmap Heap Scan",
                                  "Parent Relationship": "Outer",
                                  "Parallel Aware": true,
                                  "Relation Name": "movie_companies",
                                  "Alias": "mc",
                                  "Startup Cost": 5460.73,
                                  "Total Cost": 25477.24,
                                  "Plan Rows": 40252,
                                  "Plan Width": 4,
                                  "Actual Startup Time": 25.752,
                                  "Actual Total Time": 70.391,
                                  "Actual Rows": 47970,
                                  "Actual Loops": 4,
                                  "Recheck Cond": "(company_id < 120)",
                                  "Rows Removed by Index Recheck": 0,
                                  "Filter": "(company_type_id < 2)",
                                  "Rows Removed by Filter": 14862,
                                  "Exact Heap Blocks": 9066,
                                  "Lossy Heap Blocks": 0,
                                  "Plans": [
                                    {
                                      "Node Type": "Bitmap Index Scan",
                                      "Parent Relationship": "Outer",
                                      "Parallel Aware": false,
                                      "Index Name": "company_id_movie_companies",
                                      "Startup Cost": 0.0,
                                      "Total Cost": 5429.53,
                                      "Plan Rows": 253480,
                                      "Plan Width": 0,
                                      "Actual Startup Time": 25.368,
                                      "Actual Total Time": 25.368,
                                      "Actual Rows": 251328,
                                      "Actual Loops": 1,
                                      "Index Cond": "(company_id < 120)"
                                    }
                                  ]
                                }
                              ]
                            }
                          ]
                        }
                      ]
                    }
                  ]
                }
              ]
            }
          ]
        }
      ]
    },
    "Planning Time": 1.479,
    "Triggers": [],
    "Execution Time": 545.995
  }
]