[
  {
    "Plan": {
      "Node Type": "Aggregate",
      "Strategy": "Plain",
      "Partial Mode": "Finalize",
      "Parallel Aware": false,
      "Startup Cost": 46533.29,
      "Total Cost": 46533.3,
      "Plan Rows": 1,
      "Plan Width": 8,
      "Actual Startup Time": 75.507,
      "Actual Total Time": 83.064,
      "Actual Rows": 1,
      "Actual Loops": 1,
      "Plans": [
        {
          "Node Type": "Gather",
          "Parent Relationship": "Outer",
          "Parallel Aware": false,
          "Startup Cost": 46532.87,
          "Total Cost": 46533.28,
          "Plan Rows": 4,
          "Plan Width": 8,
          "Actual Startup Time": 75.413,
          "Actual Total Time": 83.058,
          "Actual Rows": 5,
          "Actual Loops": 1,
          "Workers Planned": 4,
          "Workers Launched": 4,
          "Single Copy": false,
          "Plans": [
            {
              "Node Type": "Aggregate",
              "Strategy": "Plain",
              "Partial Mode": "Partial",
              "Parent Relationship": "Outer",
              "Parallel Aware": false,
              "Startup Cost": 45532.87,
              "Total Cost": 45532.88,
              "Plan Rows": 1,
              "Plan Width": 8,
              "Actual Startup Time": 71.055,
              "Actual Total Time": 71.056,
              "Actual Rows": 1,
              "Actual Loops": 5,
              "Plans": [
                {
                  "Node Type": "Seq Scan",
                  "Parent Relationship": "Outer",
                  "Parallel Aware": true,
                  "Relation Name": "title",
                  "Alias": "t",
                  "Startup Cost": 0.0,
                  "Total Cost": 45479.21,
                  "Plan Rows": 21464,
                  "Plan Width": 0,
                  "Actual Startup Time": 0.031,
                  "Actual Total Time": 69.633,
                  "Actual Rows": 20359,
                  "Actual Loops": 5,
                  "Filter": "((kind_id > 1) AND (production_year = 2007))",
                  "Rows Removed by Filter": 485304
                }
              ]
            }
          ]
        }
      ]
    },
    "Planning Time": 0.049,
    "Triggers": [],
    "Execution Time": 83.087
  }
]