[
  {
    "Plan": {
      "Node Type": "Aggregate",
      "Strategy": "Plain",
      "Partial Mode": "Finalize",
      "Parallel Aware": false,
      "Startup Cost": 46536.83,
      "Total Cost": 46536.84,
      "Plan Rows": 1,
      "Plan Width": 8,
      "Actual Startup Time": 109.381,
      "Actual Total Time": 121.101,
      "Actual Rows": 1,
      "Actual Loops": 1,
      "Plans": [
        {
          "Node Type": "Gather",
          "Parent Relationship": "Outer",
          "Parallel Aware": false,
          "Startup Cost": 46536.41,
          "Total Cost": 46536.82,
          "Plan Rows": 4,
          "Plan Width": 8,
          "Actual Startup Time": 109.212,
          "Actual Total Time": 121.091,
          "Actual Rows": 5,
          "Actual Loops": 1,
          "Workers Planned": 4,
          "Workers Launched": 4,
          "Single Copy": false,
          "Plans": [
            {
              "Node Type": "Aggregate",
              "Strategy": "Plain",
              "Partial Mode": "Partial",
              "Parent Relationship": "Outer",
              "Parallel Aware": false,
              "Startup Cost": 45536.41,
              "Total Cost": 45536.42,
              "Plan Rows": 1,
              "Plan Width": 8,
              "Actual Startup Time": 99.965,
              "Actual Total Time": 99.967,
              "Actual Rows": 1,
              "Actual Loops": 5,
              "Plans": [
                {
                  "Node Type": "Seq Scan",
                  "Parent Relationship": "Outer",
                  "Parallel Aware": true,
                  "Relation Name": "title",
                  "Alias": "t",
                  "Startup Cost": 0.0,
                  "Total Cost": 45479.1,
                  "Plan Rows": 22924,
                  "Plan Width": 0,
                  "Actual Startup Time": 0.051,
                  "Actual Total Time": 97.935,
                  "Actual Rows": 20359,
                  "Actual Loops": 5,
                  "Filter": "((kind_id > 1) AND (production_year = 2007))",
                  "Rows Removed by Filter": 485304
                }
              ]
            }
          ]
        }
      ]
    },
    "Planning Time": 0.159,
    "Triggers": [],
    "Execution Time": 121.164
  }
]