[
  {
    "Plan": {
      "Node Type": "Aggregate",
      "Strategy": "Plain",
      "Partial Mode": "Finalize",
      "Parallel Aware": false,
      "Startup Cost": 72248.65,
      "Total Cost": 72248.66,
      "Plan Rows": 1,
      "Plan Width": 8,
      "Actual Startup Time": 195.538,
      "Actual Total Time": 207.192,
      "Actual Rows": 1,
      "Actual Loops": 1,
      "Plans": [
        {
          "Node Type": "Gather",
          "Parent Relationship": "Outer",
          "Parallel Aware": false,
          "Startup Cost": 72248.23,
          "Total Cost": 72248.64,
          "Plan Rows": 4,
          "Plan Width": 8,
          "Actual Startup Time": 192.416,
          "Actual Total Time": 207.12,
          "Actual Rows": 5,
          "Actual Loops": 1,
          "Workers Planned": 4,
          "Workers Launched": 4,
          "Single Copy": false,
          "Plans": [
            {
              "Node Type": "Aggregate",
              "Strategy": "Plain",
              "Partial Mode": "Partial",
              "Parent Relationship": "Outer",
              "Parallel Aware": false,
              "Startup Cost": 71248.23,
              "Total Cost": 71248.24,
              "Plan Rows": 1,
              "Plan Width": 8,
              "Actual Startup Time": 182.455,
              "Actual Total Time": 182.458,
              "Actual Rows": 1,
              "Actual Loops": 5,
              "Plans": [
                {
                  "Node Type": "Hash Join",
                  "Parent Relationship": "Outer",
                  "Parallel Aware": true,
                  "Join Type": "Inner",
                  "Startup Cost": 26468.77,
                  "Total Cost": 71225.75,
                  "Plan Rows": 8990,
                  "Plan Width": 0,
                  "Actual Startup Time": 117.117,
                  "Actual Total Time": 180.262,
                  "Actual Rows": 45644,
                  "Actual Loops": 5,
                  "Inner Unique": false,
                  "Hash Cond": "(t.id = mc.movie_id)",
                  "Plans": [
                    {
                      "Node Type": "Seq Scan",
                      "Parent Relationship": "Outer",
                      "Parallel Aware": true,
                      "Relation Name": "title",
                      "Alias": "t",
                      "Startup Cost": 0.0,
                      "Total Cost": 43898.92,
                      "Plan Rows": 165814,
                      "Plan Width": 4,
                      "Actual Startup Time": 30.096,
                      "Actual Total Time": 70.195,
                      "Actual Rows": 132565,
                      "Actual Loops": 5,
                      "Filter": "(kind_id = 1)",
                      "Rows Removed by Filter": 373097
                    },
                    {
                      "Node Type": "Hash",
                      "Parent Relationship": "Inner",
                      "Parallel Aware": true,
                      "Startup Cost": 25916.02,
                      "Total Cost": 25916.02,
                      "Plan Rows": 44220,
                      "Plan Width": 4,
                      "Actual Startup Time": 77.588,
                      "Actual Total Time": 77.589,
                      "Actual Rows": 53732,
                      "Actual Loops": 5,
                      "Hash Buckets": 524288,
                      "Original Hash Buckets": 262144,
                      "Hash Batches": 1,
                      "Original Hash Batches": 1,
                      "Peak Memory Usage": 16704,
                      "Plans": [
                        {
                          "Node Type": "Bitmap Heap Scan",
                          "Parent Relationship": "Outer",
                          "Parallel Aware": true,
                          "Relation Name": "movie_companies",
                          "Alias": "mc",
                          "Startup Cost": 5819.62,
                          "Total Cost": 25916.02,
                          "Plan Rows": 44220,
                          "Plan Width": 4,
                          "Actual Startup Time": 20.963,
                          "Actual Total Time": 49.117,
                          "Actual Rows": 53732,
                          "Actual Loops": 5,
                          "Recheck Cond": "(company_id > 97932)",
                          "Rows Removed by Index Recheck": 0,
                          "Filter": "(company_type_id = 2)",
                          "Rows Removed by Filter": 0,
                          "Exact Heap Blocks": 1957,
                          "Lossy Heap Blocks": 0,
                          "Plans": [
                            {
                              "Node Type": "Bitmap Index Scan",
                              "Parent Relationship": "Outer",
                              "Parallel Aware": false,
                              "Index Name": "company_id_movie_companies",
                              "Startup Cost": 0.0,
                              "Total Cost": 5785.35,
                              "Plan Rows": 269989,
                              "Plan Width": 0,
                              "Actual Startup Time": 23.116,
                              "Actual Total Time": 23.117,
                              "Actual Rows": 268662,
                              "Actual Loops": 1,
                              "Index Cond": "(company_id > 97932)"
                            }
                          ]
                        }
                      ]
                    }
                  ]
                }
              ]
            }
          ]
        }
      ]
    },
    "Planning Time": 0.813,
    "Triggers": [],
    "Execution Time": 207.299
  }
]