[
  {
    "Plan": {
      "Node Type": "Aggregate",
      "Strategy": "Plain",
      "Partial Mode": "Finalize",
      "Parallel Aware": false,
      "Startup Cost": 46544.82,
      "Total Cost": 46544.83,
      "Plan Rows": 1,
      "Plan Width": 8,
      "Actual Startup Time": 88.813,
      "Actual Total Time": 101.0,
      "Actual Rows": 1,
      "Actual Loops": 1,
      "Plans": [
        {
          "Node Type": "Gather",
          "Parent Relationship": "Outer",
          "Parallel Aware": false,
          "Startup Cost": 46544.4,
          "Total Cost": 46544.81,
          "Plan Rows": 4,
          "Plan Width": 8,
          "Actual Startup Time": 88.533,
          "Actual Total Time": 100.991,
          "Actual Rows": 5,
          "Actual Loops": 1,
          "Workers Planned": 4,
          "Workers Launched": 4,
          "Single Copy": false,
          "Plans": [
            {
              "Node Type": "Aggregate",
              "Strategy": "Plain",
              "Partial Mode": "Partial",
              "Parent Relationship": "Outer",
              "Parallel Aware": false,
              "Startup Cost": 45544.4,
              "Total Cost": 45544.41,
              "Plan Rows": 1,
              "Plan Width": 8,
              "Actual Startup Time": 83.361,
              "Actual Total Time": 83.363,
              "Actual Rows": 1,
              "Actual Loops": 5,
              "Plans": [
                {
                  "Node Type": "Seq Scan",
                  "Parent Relationship": "Outer",
                  "Parallel Aware": true,
                  "Relation Name": "title",
                  "Alias": "t",
                  "Startup Cost": 0.0,
                  "Total Cost": 45479.59,
                  "Plan Rows": 25924,
                  "Plan Width": 0,
                  "Actual Startup Time": 0.237,
                  "Actual Total Time": 81.055,
                  "Actual Rows": 45580,
                  "Actual Loops": 5,
                  "Filter": "((kind_id < 4) AND (production_year < 1967))",
                  "Rows Removed by Filter": 460082
                }
              ]
            }
          ]
        }
      ]
    },
    "Planning Time": 0.092,
    "Triggers": [],
    "Execution Time": 101.04
  }
]