{
  "Plan": {
    "Node Type": "Aggregate",
    "Strategy": "Plain",
    "Partial Mode": "Finalize",
    "Parallel Aware": false,
    "Startup Cost": 738113.71,
    "Total Cost": 738113.72,
    "Plan Rows": 1,
    "Plan Width": 8,
    "Actual Startup Time": 3813.915,
    "Actual Total Time": 3876.713,
    "Actual Rows": 1,
    "Actual Loops": 1,
    "Plans": [
      {
        "Node Type": "Gather",
        "Parent Relationship": "Outer",
        "Parallel Aware": false,
        "Startup Cost": 738113.6,
        "Total Cost": 738113.71,
        "Plan Rows": 1,
        "Plan Width": 8,
        "Actual Startup Time": 3809.244,
        "Actual Total Time": 3876.702,
        "Actual Rows": 2,
        "Actual Loops": 1,
        "Workers Planned": 1,
        "Workers Launched": 1,
        "Single Copy": false,
        "Plans": [
          {
            "Node Type": "Aggregate",
            "Strategy": "Plain",
            "Partial Mode": "Partial",
            "Parent Relationship": "Outer",
            "Parallel Aware": false,
            "Startup Cost": 737113.6,
            "Total Cost": 737113.61,
            "Plan Rows": 1,
            "Plan Width": 8,
            "Actual Startup Time": 3804.512,
            "Actual Total Time": 3804.519,
            "Actual Rows": 1,
            "Actual Loops": 2,
            "Plans": [
              {
                "Node Type": "Hash Join",
                "Parent Relationship": "Outer",
                "Parallel Aware": true,
                "Join Type": "Inner",
                "Startup Cost": 112437.16,
                "Total Cost": 732366.4,
                "Plan Rows": 1898879,
                "Plan Width": 0,
                "Actual Startup Time": 1341.955,
                "Actual Total Time": 3660.616,
                "Actual Rows": 3723653,
                "Actual Loops": 2,
                "Inner Unique": false,
                "Hash Cond": "(ci.movie_id = t.id)",
                "Plans": [
                  {
                    "Node Type": "Seq Scan",
                    "Parent Relationship": "Outer",
                    "Parallel Aware": true,
                    "Relation Name": "cast_info",
                    "Alias": "ci",
                    "Startup Cost": 0.0,
                    "Total Cost": 572345.93,
                    "Plan Rows": 9710250,
                    "Plan Width": 4,
                    "Actual Startup Time": 534.816,
                    "Actual Total Time": 1697.141,
                    "Actual Rows": 6312948,
                    "Actual Loops": 2,
                    "Filter": "((person_id < 2610022) AND (role_id > 1))",
                    "Rows Removed by Filter": 11809224
                  },
                  {
                    "Node Type": "Hash",
                    "Parent Relationship": "Inner",
                    "Parallel Aware": true,
                    "Startup Cost": 108801.74,
                    "Total Cost": 108801.74,
                    "Plan Rows": 290834,
                    "Plan Width": 8,
                    "Actual Startup Time": 802.611,
                    "Actual Total Time": 802.616,
                    "Actual Rows": 240680,
                    "Actual Loops": 2,
                    "Hash Buckets": 524288,
                    "Original Hash Buckets": 524288,
                    "Hash Batches": 1,
                    "Original Hash Batches": 1,
                    "Peak Memory Usage": 22976,
                    "Plans": [
                      {
                        "Node Type": "Hash Join",
                        "Parent Relationship": "Outer",
                        "Parallel Aware": true,
                        "Join Type": "Inner",
                        "Startup Cost": 79948.87,
                        "Total Cost": 108801.74,
                        "Plan Rows": 290834,
                        "Plan Width": 8,
                        "Actual Startup Time": 605.55,
                        "Actual Total Time": 751.19,
                        "Actual Rows": 240680,
                        "Actual Loops": 2,
                        "Inner Unique": true,
                        "Hash Cond": "(mk.movie_id = t.id)",
                        "Plans": [
                          {
                            "Node Type": "Bitmap Heap Scan",
                            "Parent Relationship": "Outer",
                            "Parallel Aware": true,
                            "Relation Name": "movie_keyword",
                            "Alias": "mk",
                            "Startup Cost": 10488.17,
                            "Total Cost": 38577.6,
                            "Plan Rows": 290834,
                            "Plan Width": 4,
                            "Actual Startup Time": 33.34,
                            "Actual Total Time": 108.917,
                            "Actual Rows": 240680,
                            "Actual Loops": 2,
                            "Recheck Cond": "(keyword_id > 37197)",
                            "Rows Removed by Index Recheck": 0,
                            "Exact Heap Blocks": 12260,
                            "Lossy Heap Blocks": 0,
                            "Plans": [
                              {
                                "Node Type": "Bitmap Index Scan",
                                "Parent Relationship": "Outer",
                                "Parallel Aware": false,
                                "Index Name": "keyword_id_movie_keyword",
                                "Startup Cost": 0.0,
                                "Total Cost": 10364.57,
                                "Plan Rows": 494418,
                                "Plan Width": 0,
                                "Actual Startup Time": 29.928,
                                "Actual Total Time": 29.929,
                                "Actual Rows": 481361,
                                "Actual Loops": 1,
                                "Index Cond": "(keyword_id > 37197)"
                              }
                            ]
                          },
                          {
                            "Node Type": "Hash",
                            "Parent Relationship": "Inner",
                            "Parallel Aware": true,
                            "Startup Cost": 50870.31,
                            "Total Cost": 50870.31,
                            "Plan Rows": 1487231,
                            "Plan Width": 4,
                            "Actual Startup Time": 555.609,
                            "Actual Total Time": 555.61,
                            "Actual Rows": 1264156,
                            "Actual Loops": 2,
                            "Hash Buckets": 4194304,
                            "Original Hash Buckets": 4194304,
                            "Hash Batches": 1,
                            "Original Hash Batches": 1,
                            "Peak Memory Usage": 131680,
                            "Plans": [
                              {
                                "Node Type": "Seq Scan",
                                "Parent Relationship": "Outer",
                                "Parallel Aware": true,
                                "Relation Name": "title",
                                "Alias": "t",
                                "Startup Cost": 0.0,
                                "Total Cost": 50870.31,
                                "Plan Rows": 1487231,
                                "Plan Width": 4,
                                "Actual Startup Time": 0.046,
                                "Actual Total Time": 155.225,
                                "Actual Rows": 1264156,
                                "Actual Loops": 2
                              }
                            ]
                          }
                        ]
                      }
                    ]
                  }
                ]
              }
            ]
          }
        ]
      }
    ]
  },
  "Planning Time": 0.59,
  "Triggers": [],
  "Execution Time": 3876.795
}