[
    {
        "Bao": {
            "Bao prediction": "NaN",
            "Bao recommended hint": "(no hint)"
        }
    },
    {
        "Plan": {
            "Node Type": "Aggregate",
            "Strategy": "Plain",
            "Partial Mode": "Finalize",
            "Parallel Aware": false,
            "Startup Cost": 26081.02,
            "Total Cost": 26081.03,
            "Plan Rows": 1,
            "Plan Width": 8,
            "Actual Startup Time": 47.2,
            "Actual Total Time": 50.357,
            "Actual Rows": 1,
            "Actual Loops": 1,
            "Output": [
                "count(*)"
            ],
            "Plans": [
                {
                    "Node Type": "Gather",
                    "Parent Relationship": "Outer",
                    "Parallel Aware": false,
                    "Startup Cost": 26080.7,
                    "Total Cost": 26081.01,
                    "Plan Rows": 3,
                    "Plan Width": 8,
                    "Actual Startup Time": 46.954,
                    "Actual Total Time": 50.35,
                    "Actual Rows": 4,
                    "Actual Loops": 1,
                    "Output": [
                        "(PARTIAL count(*))"
                    ],
                    "Workers Planned": 3,
                    "Workers Launched": 3,
                    "Single Copy": false,
                    "Plans": [
                        {
                            "Node Type": "Aggregate",
                            "Strategy": "Plain",
                            "Partial Mode": "Partial",
                            "Parent Relationship": "Outer",
                            "Parallel Aware": false,
                            "Startup Cost": 25080.7,
                            "Total Cost": 25080.71,
                            "Plan Rows": 1,
                            "Plan Width": 8,
                            "Actual Startup Time": 38.372,
                            "Actual Total Time": 38.373,
                            "Actual Rows": 1,
                            "Actual Loops": 4,
                            "Output": [
                                "PARTIAL count(*)"
                            ],
                            "Workers": [
                                {
                                    "Worker Number": 0,
                                    "Actual Startup Time": 35.397,
                                    "Actual Total Time": 35.399,
                                    "Actual Rows": 1,
                                    "Actual Loops": 1
                                },
                                {
                                    "Worker Number": 1,
                                    "Actual Startup Time": 35.512,
                                    "Actual Total Time": 35.513,
                                    "Actual Rows": 1,
                                    "Actual Loops": 1
                                },
                                {
                                    "Worker Number": 2,
                                    "Actual Startup Time": 35.86,
                                    "Actual Total Time": 35.861,
                                    "Actual Rows": 1,
                                    "Actual Loops": 1
                                }
                            ],
                            "Plans": [
                                {
                                    "Node Type": "Bitmap Heap Scan",
                                    "Parent Relationship": "Outer",
                                    "Parallel Aware": true,
                                    "Relation Name": "movie_companies",
                                    "Schema": "public",
                                    "Alias": "mc",
                                    "Startup Cost": 5058.57,
                                    "Total Cost": 24984.2,
                                    "Plan Rows": 38599,
                                    "Plan Width": 0,
                                    "Actual Startup Time": 5.098,
                                    "Actual Total Time": 34.347,
                                    "Actual Rows": 59486,
                                    "Actual Loops": 4,
                                    "Recheck Cond": "(mc.company_id > 103564)",
                                    "Rows Removed by Index Recheck": 0,
                                    "Filter": "(mc.company_type_id > 1)",
                                    "Rows Removed by Filter": 0,
                                    "Exact Heap Blocks": 2509,
                                    "Lossy Heap Blocks": 0,
                                    "Workers": [
                                        {
                                            "Worker Number": 0,
                                            "Actual Startup Time": 2.218,
                                            "Actual Total Time": 31.9,
                                            "Actual Rows": 31296,
                                            "Actual Loops": 1
                                        },
                                        {
                                            "Worker Number": 1,
                                            "Actual Startup Time": 2.349,
                                            "Actual Total Time": 31.983,
                                            "Actual Rows": 35650,
                                            "Actual Loops": 1
                                        },
                                        {
                                            "Worker Number": 2,
                                            "Actual Startup Time": 2.593,
                                            "Actual Total Time": 31.944,
                                            "Actual Rows": 39728,
                                            "Actual Loops": 1
                                        }
                                    ],
                                    "Plans": [
                                        {
                                            "Node Type": "Bitmap Index Scan",
                                            "Parent Relationship": "Outer",
                                            "Parallel Aware": false,
                                            "Index Name": "company_id_movie_companies",
                                            "Startup Cost": 0.0,
                                            "Total Cost": 5028.66,
                                            "Plan Rows": 234697,
                                            "Plan Width": 0,
                                            "Actual Startup Time": 12.616,
                                            "Actual Total Time": 12.617,
                                            "Actual Rows": 237942,
                                            "Actual Loops": 1,
                                            "Index Cond": "(mc.company_id > 103564)"
                                        }
                                    ]
                                }
                            ]
                        }
                    ]
                }
            ]
        },
        "Planning Time": 180.728,
        "Triggers": [],
        "Execution Time": 50.405
    }
]