[
  {
    "Plan": {
      "Node Type": "Aggregate",
      "Strategy": "Plain",
      "Partial Mode": "Finalize",
      "Parallel Aware": false,
      "Startup Cost": 341305.88,
      "Total Cost": 341305.89,
      "Plan Rows": 1,
      "Plan Width": 8,
      "Actual Startup Time": 1079.754,
      "Actual Total Time": 1155.266,
      "Actual Rows": 1,
      "Actual Loops": 1,
      "Plans": [
        {
          "Node Type": "Gather",
          "Parent Relationship": "Outer",
          "Parallel Aware": false,
          "Startup Cost": 341305.26,
          "Total Cost": 341305.87,
          "Plan Rows": 6,
          "Plan Width": 8,
          "Actual Startup Time": 1079.524,
          "Actual Total Time": 1155.25,
          "Actual Rows": 7,
          "Actual Loops": 1,
          "Workers Planned": 6,
          "Workers Launched": 6,
          "Single Copy": false,
          "Plans": [
            {
              "Node Type": "Aggregate",
              "Strategy": "Plain",
              "Partial Mode": "Partial",
              "Parent Relationship": "Outer",
              "Parallel Aware": false,
              "Startup Cost": 340305.26,
              "Total Cost": 340305.27,
              "Plan Rows": 1,
              "Plan Width": 8,
              "Actual Startup Time": 1069.48,
              "Actual Total Time": 1069.481,
              "Actual Rows": 1,
              "Actual Loops": 7,
              "Plans": [
                {
                  "Node Type": "Seq Scan",
                  "Parent Relationship": "Outer",
                  "Parallel Aware": true,
                  "Relation Name": "cast_info",
                  "Alias": "ci",
                  "Startup Cost": 0.0,
                  "Total Cost": 328211.39,
                  "Plan Rows": 4837546,
                  "Plan Width": 0,
                  "Actual Startup Time": 0.074,
                  "Actual Total Time": 814.892,
                  "Actual Rows": 4158675,
                  "Actual Loops": 7,
                  "Filter": "(person_id < 2953857)",
                  "Rows Removed by Filter": 1019089
                }
              ]
            }
          ]
        }
      ]
    },
    "Planning Time": 0.205,
    "Triggers": [],
    "Execution Time": 1155.341
  }
]