[
  {
    "Plan": {
      "Node Type": "Aggregate",
      "Strategy": "Plain",
      "Partial Mode": "Finalize",
      "Parallel Aware": false,
      "Startup Cost": 42281.67,
      "Total Cost": 42281.68,
      "Plan Rows": 1,
      "Plan Width": 8,
      "Actual Startup Time": 171.455,
      "Actual Total Time": 184.713,
      "Actual Rows": 1,
      "Actual Loops": 1,
      "Plans": [
        {
          "Node Type": "Gather",
          "Parent Relationship": "Outer",
          "Parallel Aware": false,
          "Startup Cost": 42281.36,
          "Total Cost": 42281.67,
          "Plan Rows": 3,
          "Plan Width": 8,
          "Actual Startup Time": 171.046,
          "Actual Total Time": 184.695,
          "Actual Rows": 4,
          "Actual Loops": 1,
          "Workers Planned": 3,
          "Workers Launched": 3,
          "Single Copy": false,
          "Plans": [
            {
              "Node Type": "Aggregate",
              "Strategy": "Plain",
              "Partial Mode": "Partial",
              "Parent Relationship": "Outer",
              "Parallel Aware": false,
              "Startup Cost": 41281.36,
              "Total Cost": 41281.37,
              "Plan Rows": 1,
              "Plan Width": 8,
              "Actual Startup Time": 162.341,
              "Actual Total Time": 162.344,
              "Actual Rows": 1,
              "Actual Loops": 4,
              "Plans": [
                {
                  "Node Type": "Bitmap Heap Scan",
                  "Parent Relationship": "Outer",
                  "Parallel Aware": true,
                  "Relation Name": "movie_keyword",
                  "Alias": "mk",
                  "Startup Cost": 13702.08,
                  "Total Cost": 40760.48,
                  "Plan Rows": 208352,
                  "Plan Width": 0,
                  "Actual Startup Time": 61.592,
                  "Actual Total Time": 152.146,
                  "Actual Rows": 162922,
                  "Actual Loops": 4,
                  "Recheck Cond": "(keyword_id > 28839)",
                  "Rows Removed by Index Recheck": 0,
                  "Exact Heap Blocks": 10778,
                  "Lossy Heap Blocks": 0,
                  "Plans": [
                    {
                      "Node Type": "Bitmap Index Scan",
                      "Parent Relationship": "Outer",
                      "Parallel Aware": false,
                      "Index Name": "keyword_id_movie_keyword",
                      "Startup Cost": 0.0,
                      "Total Cost": 13540.61,
                      "Plan Rows": 645890,
                      "Plan Width": 0,
                      "Actual Startup Time": 65.914,
                      "Actual Total Time": 65.915,
                      "Actual Rows": 651688,
                      "Actual Loops": 1,
                      "Index Cond": "(keyword_id > 28839)"
                    }
                  ]
                }
              ]
            }
          ]
        }
      ]
    },
    "Planning Time": 0.189,
    "Triggers": [],
    "Execution Time": 184.795
  }
]