[
  {
    "Plan": {
      "Node Type": "Aggregate",
      "Strategy": "Plain",
      "Partial Mode": "Finalize",
      "Parallel Aware": false,
      "Startup Cost": 42708.42,
      "Total Cost": 42708.43,
      "Plan Rows": 1,
      "Plan Width": 8,
      "Actual Startup Time": 150.385,
      "Actual Total Time": 158.891,
      "Actual Rows": 1,
      "Actual Loops": 1,
      "Plans": [
        {
          "Node Type": "Gather",
          "Parent Relationship": "Outer",
          "Parallel Aware": false,
          "Startup Cost": 42708.1,
          "Total Cost": 42708.41,
          "Plan Rows": 3,
          "Plan Width": 8,
          "Actual Startup Time": 150.066,
          "Actual Total Time": 158.883,
          "Actual Rows": 4,
          "Actual Loops": 1,
          "Workers Planned": 3,
          "Workers Launched": 3,
          "Single Copy": false,
          "Plans": [
            {
              "Node Type": "Aggregate",
              "Strategy": "Plain",
              "Partial Mode": "Partial",
              "Parent Relationship": "Outer",
              "Parallel Aware": false,
              "Startup Cost": 41708.1,
              "Total Cost": 41708.11,
              "Plan Rows": 1,
              "Plan Width": 8,
              "Actual Startup Time": 142.763,
              "Actual Total Time": 142.764,
              "Actual Rows": 1,
              "Actual Loops": 4,
              "Plans": [
                {
                  "Node Type": "Bitmap Heap Scan",
                  "Parent Relationship": "Outer",
                  "Parallel Aware": true,
                  "Relation Name": "movie_keyword",
                  "Alias": "mk",
                  "Startup Cost": 14049.36,
                  "Total Cost": 41173.98,
                  "Plan Rows": 213649,
                  "Plan Width": 0,
                  "Actual Startup Time": 55.381,
                  "Actual Total Time": 133.556,
                  "Actual Rows": 162922,
                  "Actual Loops": 4,
                  "Recheck Cond": "(keyword_id > 28839)",
                  "Rows Removed by Index Recheck": 0,
                  "Exact Heap Blocks": 10278,
                  "Lossy Heap Blocks": 0,
                  "Plans": [
                    {
                      "Node Type": "Bitmap Index Scan",
                      "Parent Relationship": "Outer",
                      "Parallel Aware": false,
                      "Index Name": "keyword_id_movie_keyword",
                      "Startup Cost": 0.0,
                      "Total Cost": 13883.78,
                      "Plan Rows": 662313,
                      "Plan Width": 0,
                      "Actual Startup Time": 58.451,
                      "Actual Total Time": 58.451,
                      "Actual Rows": 651688,
                      "Actual Loops": 1,
                      "Index Cond": "(keyword_id > 28839)"
                    }
                  ]
                }
              ]
            }
          ]
        }
      ]
    },
    "Planning Time": 0.152,
    "Triggers": [],
    "Execution Time": 158.954
  }
]