[
  {
    "Plan": {
      "Node Type": "Aggregate",
      "Strategy": "Plain",
      "Partial Mode": "Finalize",
      "Parallel Aware": false,
      "Startup Cost": 33232.37,
      "Total Cost": 33232.38,
      "Plan Rows": 1,
      "Plan Width": 8,
      "Actual Startup Time": 101.145,
      "Actual Total Time": 106.955,
      "Actual Rows": 1,
      "Actual Loops": 1,
      "Plans": [
        {
          "Node Type": "Gather",
          "Parent Relationship": "Outer",
          "Parallel Aware": false,
          "Startup Cost": 33232.05,
          "Total Cost": 33232.36,
          "Plan Rows": 3,
          "Plan Width": 8,
          "Actual Startup Time": 101.041,
          "Actual Total Time": 106.948,
          "Actual Rows": 4,
          "Actual Loops": 1,
          "Workers Planned": 3,
          "Workers Launched": 3,
          "Single Copy": false,
          "Plans": [
            {
              "Node Type": "Aggregate",
              "Strategy": "Plain",
              "Partial Mode": "Partial",
              "Parent Relationship": "Outer",
              "Parallel Aware": false,
              "Startup Cost": 32232.05,
              "Total Cost": 32232.06,
              "Plan Rows": 1,
              "Plan Width": 8,
              "Actual Startup Time": 92.787,
              "Actual Total Time": 92.788,
              "Actual Rows": 1,
              "Actual Loops": 4,
              "Plans": [
                {
                  "Node Type": "Seq Scan",
                  "Parent Relationship": "Outer",
                  "Parallel Aware": true,
                  "Relation Name": "movie_companies",
                  "Alias": "mc",
                  "Startup Cost": 0.0,
                  "Total Cost": 31414.82,
                  "Plan Rows": 326893,
                  "Plan Width": 0,
                  "Actual Startup Time": 48.137,
                  "Actual Total Time": 81.871,
                  "Actual Rows": 290871,
                  "Actual Loops": 4,
                  "Filter": "((company_id > 708) AND (company_type_id = 2))",
                  "Rows Removed by Filter": 361411
                }
              ]
            }
          ]
        }
      ]
    },
    "Planning Time": 0.259,
    "Triggers": [],
    "Execution Time": 107.018
  }
]