{
  "Plan": {
    "Node Type": "Aggregate",
    "Strategy": "Plain",
    "Partial Mode": "Finalize",
    "Parallel Aware": false,
    "Startup Cost": 629833.95,
    "Total Cost": 629833.96,
    "Plan Rows": 1,
    "Plan Width": 8,
    "Actual Startup Time": 4169.988,
    "Actual Total Time": 4221.38,
    "Actual Rows": 1,
    "Actual Loops": 1,
    "Plans": [
      {
        "Node Type": "Gather",
        "Parent Relationship": "Outer",
        "Parallel Aware": false,
        "Startup Cost": 629833.83,
        "Total Cost": 629833.94,
        "Plan Rows": 1,
        "Plan Width": 8,
        "Actual Startup Time": 4169.22,
        "Actual Total Time": 4221.364,
        "Actual Rows": 2,
        "Actual Loops": 1,
        "Workers Planned": 1,
        "Workers Launched": 1,
        "Single Copy": false,
        "Plans": [
          {
            "Node Type": "Aggregate",
            "Strategy": "Plain",
            "Partial Mode": "Partial",
            "Parent Relationship": "Outer",
            "Parallel Aware": false,
            "Startup Cost": 628833.83,
            "Total Cost": 628833.84,
            "Plan Rows": 1,
            "Plan Width": 8,
            "Actual Startup Time": 4163.806,
            "Actual Total Time": 4163.988,
            "Actual Rows": 1,
            "Actual Loops": 2,
            "Plans": [
              {
                "Node Type": "Hash Join",
                "Parent Relationship": "Outer",
                "Parallel Aware": true,
                "Join Type": "Inner",
                "Startup Cost": 59092.32,
                "Total Cost": 626872.8,
                "Plan Rows": 784415,
                "Plan Width": 0,
                "Actual Startup Time": 184.576,
                "Actual Total Time": 4117.173,
                "Actual Rows": 1105727,
                "Actual Loops": 2,
                "Inner Unique": true,
                "Hash Cond": "(ci.movie_id = t.id)",
                "Plans": [
                  {
                    "Node Type": "Seq Scan",
                    "Parent Relationship": "Outer",
                    "Parallel Aware": true,
                    "Relation Name": "cast_info",
                    "Alias": "ci",
                    "Startup Cost": 0.0,
                    "Total Cost": 519069.44,
                    "Plan Rows": 18556556,
                    "Plan Width": 4,
                    "Actual Startup Time": 0.014,
                    "Actual Total Time": 1926.58,
                    "Actual Rows": 15802604,
                    "Actual Loops": 2,
                    "Filter": "(role_id < 10)",
                    "Rows Removed by Filter": 2319568
                  },
                  {
                    "Node Type": "Hash",
                    "Parent Relationship": "Inner",
                    "Parallel Aware": true,
                    "Startup Cost": 58306.47,
                    "Total Cost": 58306.47,
                    "Plan Rows": 62868,
                    "Plan Width": 4,
                    "Actual Startup Time": 182.0,
                    "Actual Total Time": 182.001,
                    "Actual Rows": 106208,
                    "Actual Loops": 2,
                    "Hash Buckets": 262144,
                    "Original Hash Buckets": 131072,
                    "Hash Batches": 1,
                    "Original Hash Batches": 1,
                    "Peak Memory Usage": 11392,
                    "Plans": [
                      {
                        "Node Type": "Seq Scan",
                        "Parent Relationship": "Outer",
                        "Parallel Aware": true,
                        "Relation Name": "title",
                        "Alias": "t",
                        "Startup Cost": 0.0,
                        "Total Cost": 58306.47,
                        "Plan Rows": 62868,
                        "Plan Width": 4,
                        "Actual Startup Time": 0.325,
                        "Actual Total Time": 148.557,
                        "Actual Rows": 106208,
                        "Actual Loops": 2,
                        "Filter": "((kind_id < 7) AND (production_year < 1964))",
                        "Rows Removed by Filter": 1157948
                      }
                    ]
                  }
                ]
              }
            ]
          }
        ]
      }
    ]
  },
  "Planning Time": 0.487,
  "Triggers": [],
  "Execution Time": 4221.463
}