[
  {
    "Plan": {
      "Node Type": "Aggregate",
      "Strategy": "Plain",
      "Partial Mode": "Finalize",
      "Parallel Aware": false,
      "Startup Cost": 78358.84,
      "Total Cost": 78358.85,
      "Plan Rows": 1,
      "Plan Width": 8,
      "Actual Startup Time": 406.406,
      "Actual Total Time": 423.17,
      "Actual Rows": 1,
      "Actual Loops": 1,
      "Plans": [
        {
          "Node Type": "Gather",
          "Parent Relationship": "Outer",
          "Parallel Aware": false,
          "Startup Cost": 78358.52,
          "Total Cost": 78358.83,
          "Plan Rows": 3,
          "Plan Width": 8,
          "Actual Startup Time": 399.216,
          "Actual Total Time": 423.162,
          "Actual Rows": 4,
          "Actual Loops": 1,
          "Workers Planned": 3,
          "Workers Launched": 3,
          "Single Copy": false,
          "Plans": [
            {
              "Node Type": "Aggregate",
              "Strategy": "Plain",
              "Partial Mode": "Partial",
              "Parent Relationship": "Outer",
              "Parallel Aware": false,
              "Startup Cost": 77358.52,
              "Total Cost": 77358.53,
              "Plan Rows": 1,
              "Plan Width": 8,
              "Actual Startup Time": 386.138,
              "Actual Total Time": 386.142,
              "Actual Rows": 1,
              "Actual Loops": 4,
              "Plans": [
                {
                  "Node Type": "Hash Join",
                  "Parent Relationship": "Outer",
                  "Parallel Aware": true,
                  "Join Type": "Inner",
                  "Startup Cost": 52337.6,
                  "Total Cost": 77278.11,
                  "Plan Rows": 32166,
                  "Plan Width": 0,
                  "Actual Startup Time": 347.983,
                  "Actual Total Time": 384.861,
                  "Actual Rows": 24592,
                  "Actual Loops": 4,
                  "Inner Unique": true,
                  "Hash Cond": "(mk.movie_id = t.id)",
                  "Plans": [
                    {
                      "Node Type": "Bitmap Heap Scan",
                      "Parent Relationship": "Outer",
                      "Parallel Aware": true,
                      "Relation Name": "movie_keyword",
                      "Alias": "mk",
                      "Startup Cost": 2117.22,
                      "Total Cost": 26973.29,
                      "Plan Rows": 32166,
                      "Plan Width": 4,
                      "Actual Startup Time": 10.218,
                      "Actual Total Time": 36.704,
                      "Actual Rows": 24592,
                      "Actual Loops": 4,
                      "Recheck Cond": "(keyword_id > 82727)",
                      "Rows Removed by Index Recheck": 0,
                      "Exact Heap Blocks": 5653,
                      "Lossy Heap Blocks": 0,
                      "Plans": [
                        {
                          "Node Type": "Bitmap Index Scan",
                          "Parent Relationship": "Outer",
                          "Parallel Aware": false,
                          "Index Name": "keyword_id_movie_keyword",
                          "Startup Cost": 0.0,
                          "Total Cost": 2092.29,
                          "Plan Rows": 99714,
                          "Plan Width": 0,
                          "Actual Startup Time": 7.471,
                          "Actual Total Time": 7.472,
                          "Actual Rows": 98367,
                          "Actual Loops": 1,
                          "Index Cond": "(keyword_id > 82727)"
                        }
                      ]
                    },
                    {
                      "Node Type": "Hash",
                      "Parent Relationship": "Inner",
                      "Parallel Aware": true,
                      "Startup Cost": 42319.06,
                      "Total Cost": 42319.06,
                      "Plan Rows": 632106,
                      "Plan Width": 4,
                      "Actual Startup Time": 328.926,
                      "Actual Total Time": 328.927,
                      "Actual Rows": 632078,
                      "Actual Loops": 4,
                      "Hash Buckets": 4194304,
                      "Original Hash Buckets": 4194304,
                      "Hash Batches": 1,
                      "Original Hash Batches": 1,
                      "Peak Memory Usage": 131776,
                      "Plans": [
                        {
                          "Node Type": "Seq Scan",
                          "Parent Relationship": "Outer",
                          "Parallel Aware": true,
                          "Relation Name": "title",
                          "Alias": "t",
                          "Startup Cost": 0.0,
                          "Total Cost": 42319.06,
                          "Plan Rows": 632106,
                          "Plan Width": 4,
                          "Actual Startup Time": 0.05,
                          "Actual Total Time": 95.597,
                          "Actual Rows": 632078,
                          "Actual Loops": 4
                        }
                      ]
                    }
                  ]
                }
              ]
            }
          ]
        }
      ]
    },
    "Planning Time": 0.221,
    "Triggers": [],
    "Execution Time": 423.216
  }
]