[
  {
    "Plan": {
      "Node Type": "Aggregate",
      "Strategy": "Plain",
      "Partial Mode": "Finalize",
      "Parallel Aware": false,
      "Startup Cost": 79926.65,
      "Total Cost": 79926.66,
      "Plan Rows": 1,
      "Plan Width": 8,
      "Actual Startup Time": 113.015,
      "Actual Total Time": 127.836,
      "Actual Rows": 1,
      "Actual Loops": 1,
      "Plans": [
        {
          "Node Type": "Gather",
          "Parent Relationship": "Outer",
          "Parallel Aware": false,
          "Startup Cost": 79926.23,
          "Total Cost": 79926.64,
          "Plan Rows": 4,
          "Plan Width": 8,
          "Actual Startup Time": 112.842,
          "Actual Total Time": 127.82,
          "Actual Rows": 5,
          "Actual Loops": 1,
          "Workers Planned": 4,
          "Workers Launched": 4,
          "Single Copy": false,
          "Plans": [
            {
              "Node Type": "Aggregate",
              "Strategy": "Plain",
              "Partial Mode": "Partial",
              "Parent Relationship": "Outer",
              "Parallel Aware": false,
              "Startup Cost": 78926.23,
              "Total Cost": 78926.24,
              "Plan Rows": 1,
              "Plan Width": 8,
              "Actual Startup Time": 106.124,
              "Actual Total Time": 106.126,
              "Actual Rows": 1,
              "Actual Loops": 5,
              "Plans": [
                {
                  "Node Type": "Nested Loop",
                  "Parent Relationship": "Outer",
                  "Parallel Aware": false,
                  "Join Type": "Inner",
                  "Startup Cost": 0.43,
                  "Total Cost": 78915.44,
                  "Plan Rows": 4314,
                  "Plan Width": 0,
                  "Actual Startup Time": 1.039,
                  "Actual Total Time": 105.722,
                  "Actual Rows": 6815,
                  "Actual Loops": 5,
                  "Inner Unique": false,
                  "Plans": [
                    {
                      "Node Type": "Seq Scan",
                      "Parent Relationship": "Outer",
                      "Parallel Aware": true,
                      "Relation Name": "title",
                      "Alias": "t",
                      "Startup Cost": 0.0,
                      "Total Cost": 45479.59,
                      "Plan Rows": 4582,
                      "Plan Width": 4,
                      "Actual Startup Time": 0.345,
                      "Actual Total Time": 80.956,
                      "Actual Rows": 2272,
                      "Actual Loops": 5,
                      "Filter": "((kind_id < 3) AND (production_year = 2001))",
                      "Rows Removed by Filter": 503390
                    },
                    {
                      "Node Type": "Index Scan",
                      "Parent Relationship": "Inner",
                      "Parallel Aware": false,
                      "Scan Direction": "Forward",
                      "Index Name": "movie_id_movie_keyword",
                      "Relation Name": "movie_keyword",
                      "Alias": "mk",
                      "Startup Cost": 0.43,
                      "Total Cost": 7.06,
                      "Plan Rows": 24,
                      "Plan Width": 4,
                      "Actual Startup Time": 0.009,
                      "Actual Total Time": 0.01,
                      "Actual Rows": 3,
                      "Actual Loops": 11362,
                      "Index Cond": "(movie_id = t.id)",
                      "Rows Removed by Index Recheck": 0,
                      "Filter": "(keyword_id > 4095)",
                      "Rows Removed by Filter": 3
                    }
                  ]
                }
              ]
            }
          ]
        }
      ]
    },
    "Planning Time": 0.304,
    "Triggers": [],
    "Execution Time": 127.878
  }
]