{
  "Plan": {
    "Node Type": "Aggregate",
    "Strategy": "Plain",
    "Partial Mode": "Finalize",
    "Parallel Aware": false,
    "Startup Cost": 102702.35,
    "Total Cost": 102702.36,
    "Plan Rows": 1,
    "Plan Width": 8,
    "Actual Startup Time": 634.568,
    "Actual Total Time": 651.327,
    "Actual Rows": 1,
    "Actual Loops": 1,
    "Plans": [
      {
        "Node Type": "Gather",
        "Parent Relationship": "Outer",
        "Parallel Aware": false,
        "Startup Cost": 102702.24,
        "Total Cost": 102702.35,
        "Plan Rows": 1,
        "Plan Width": 8,
        "Actual Startup Time": 629.276,
        "Actual Total Time": 651.32,
        "Actual Rows": 2,
        "Actual Loops": 1,
        "Workers Planned": 1,
        "Workers Launched": 1,
        "Single Copy": false,
        "Plans": [
          {
            "Node Type": "Aggregate",
            "Strategy": "Plain",
            "Partial Mode": "Partial",
            "Parent Relationship": "Outer",
            "Parallel Aware": false,
            "Startup Cost": 101702.24,
            "Total Cost": 101702.25,
            "Plan Rows": 1,
            "Plan Width": 8,
            "Actual Startup Time": 616.717,
            "Actual Total Time": 616.721,
            "Actual Rows": 1,
            "Actual Loops": 2,
            "Plans": [
              {
                "Node Type": "Hash Join",
                "Parent Relationship": "Outer",
                "Parallel Aware": true,
                "Join Type": "Inner",
                "Startup Cost": 74691.98,
                "Total Cost": 101339.65,
                "Plan Rows": 145036,
                "Plan Width": 0,
                "Actual Startup Time": 533.569,
                "Actual Total Time": 611.431,
                "Actual Rows": 118344,
                "Actual Loops": 2,
                "Inner Unique": true,
                "Hash Cond": "(mk.movie_id = t.id)",
                "Plans": [
                  {
                    "Node Type": "Bitmap Heap Scan",
                    "Parent Relationship": "Outer",
                    "Parallel Aware": true,
                    "Relation Name": "movie_keyword",
                    "Alias": "mk",
                    "Startup Cost": 5231.28,
                    "Total Cost": 31498.23,
                    "Plan Rows": 145036,
                    "Plan Width": 4,
                    "Actual Startup Time": 15.725,
                    "Actual Total Time": 59.015,
                    "Actual Rows": 118344,
                    "Actual Loops": 2,
                    "Recheck Cond": "(keyword_id > 62431)",
                    "Rows Removed by Index Recheck": 0,
                    "Exact Heap Blocks": 12275,
                    "Lossy Heap Blocks": 0,
                    "Plans": [
                      {
                        "Node Type": "Bitmap Index Scan",
                        "Parent Relationship": "Outer",
                        "Parallel Aware": false,
                        "Index Name": "keyword_id_movie_keyword",
                        "Startup Cost": 0.0,
                        "Total Cost": 5169.64,
                        "Plan Rows": 246561,
                        "Plan Width": 0,
                        "Actual Startup Time": 12.638,
                        "Actual Total Time": 12.639,
                        "Actual Rows": 236688,
                        "Actual Loops": 1,
                        "Index Cond": "(keyword_id > 62431)"
                      }
                    ]
                  },
                  {
                    "Node Type": "Hash",
                    "Parent Relationship": "Inner",
                    "Parallel Aware": true,
                    "Startup Cost": 50870.31,
                    "Total Cost": 50870.31,
                    "Plan Rows": 1487231,
                    "Plan Width": 4,
                    "Actual Startup Time": 495.455,
                    "Actual Total Time": 495.456,
                    "Actual Rows": 1264156,
                    "Actual Loops": 2,
                    "Hash Buckets": 4194304,
                    "Original Hash Buckets": 4194304,
                    "Hash Batches": 1,
                    "Original Hash Batches": 1,
                    "Peak Memory Usage": 131712,
                    "Plans": [
                      {
                        "Node Type": "Seq Scan",
                        "Parent Relationship": "Outer",
                        "Parallel Aware": true,
                        "Relation Name": "title",
                        "Alias": "t",
                        "Startup Cost": 0.0,
                        "Total Cost": 50870.31,
                        "Plan Rows": 1487231,
                        "Plan Width": 4,
                        "Actual Startup Time": 0.026,
                        "Actual Total Time": 144.004,
                        "Actual Rows": 1264156,
                        "Actual Loops": 2
                      }
                    ]
                  }
                ]
              }
            ]
          }
        ]
      }
    ]
  },
  "Planning Time": 0.667,
  "Triggers": [],
  "Execution Time": 651.413
}