[
    {
        "Bao": {
            "Bao prediction": "NaN",
            "Bao recommended hint": "(no hint)"
        }
    },
    {
        "Plan": {
            "Node Type": "Aggregate",
            "Strategy": "Plain",
            "Partial Mode": "Finalize",
            "Parallel Aware": false,
            "Startup Cost": 285093.23,
            "Total Cost": 285093.24,
            "Plan Rows": 1,
            "Plan Width": 8,
            "Actual Startup Time": 133.854,
            "Actual Total Time": 137.96,
            "Actual Rows": 1,
            "Actual Loops": 1,
            "Output": [
                "count(*)"
            ],
            "Plans": [
                {
                    "Node Type": "Gather",
                    "Parent Relationship": "Outer",
                    "Parallel Aware": false,
                    "Startup Cost": 285092.61,
                    "Total Cost": 285093.22,
                    "Plan Rows": 6,
                    "Plan Width": 8,
                    "Actual Startup Time": 133.491,
                    "Actual Total Time": 137.953,
                    "Actual Rows": 7,
                    "Actual Loops": 1,
                    "Output": [
                        "(PARTIAL count(*))"
                    ],
                    "Workers Planned": 6,
                    "Workers Launched": 6,
                    "Single Copy": false,
                    "Plans": [
                        {
                            "Node Type": "Aggregate",
                            "Strategy": "Plain",
                            "Partial Mode": "Partial",
                            "Parent Relationship": "Outer",
                            "Parallel Aware": false,
                            "Startup Cost": 284092.61,
                            "Total Cost": 284092.62,
                            "Plan Rows": 1,
                            "Plan Width": 8,
                            "Actual Startup Time": 123.231,
                            "Actual Total Time": 123.232,
                            "Actual Rows": 1,
                            "Actual Loops": 7,
                            "Output": [
                                "PARTIAL count(*)"
                            ],
                            "Workers": [
                                {
                                    "Worker Number": 0,
                                    "Actual Startup Time": 120.601,
                                    "Actual Total Time": 120.603,
                                    "Actual Rows": 1,
                                    "Actual Loops": 1
                                },
                                {
                                    "Worker Number": 1,
                                    "Actual Startup Time": 121.46,
                                    "Actual Total Time": 121.461,
                                    "Actual Rows": 1,
                                    "Actual Loops": 1
                                },
                                {
                                    "Worker Number": 2,
                                    "Actual Startup Time": 121.469,
                                    "Actual Total Time": 121.471,
                                    "Actual Rows": 1,
                                    "Actual Loops": 1
                                },
                                {
                                    "Worker Number": 3,
                                    "Actual Startup Time": 121.623,
                                    "Actual Total Time": 121.624,
                                    "Actual Rows": 1,
                                    "Actual Loops": 1
                                },
                                {
                                    "Worker Number": 4,
                                    "Actual Startup Time": 121.902,
                                    "Actual Total Time": 121.904,
                                    "Actual Rows": 1,
                                    "Actual Loops": 1
                                },
                                {
                                    "Worker Number": 5,
                                    "Actual Startup Time": 122.406,
                                    "Actual Total Time": 122.408,
                                    "Actual Rows": 1,
                                    "Actual Loops": 1
                                }
                            ],
                            "Plans": [
                                {
                                    "Node Type": "Bitmap Heap Scan",
                                    "Parent Relationship": "Outer",
                                    "Parallel Aware": true,
                                    "Relation Name": "cast_info",
                                    "Schema": "public",
                                    "Alias": "ci",
                                    "Startup Cost": 28211.2,
                                    "Total Cost": 283560.21,
                                    "Plan Rows": 212960,
                                    "Plan Width": 0,
                                    "Actual Startup Time": 59.117,
                                    "Actual Total Time": 110.29,
                                    "Actual Rows": 187529,
                                    "Actual Loops": 7,
                                    "Recheck Cond": "(ci.person_id < 131281)",
                                    "Rows Removed by Index Recheck": 0,
                                    "Exact Heap Blocks": 3767,
                                    "Lossy Heap Blocks": 0,
                                    "Workers": [
                                        {
                                            "Worker Number": 0,
                                            "Actual Startup Time": 56.662,
                                            "Actual Total Time": 107.872,
                                            "Actual Rows": 141874,
                                            "Actual Loops": 1
                                        },
                                        {
                                            "Worker Number": 1,
                                            "Actual Startup Time": 57.665,
                                            "Actual Total Time": 108.736,
                                            "Actual Rows": 140977,
                                            "Actual Loops": 1
                                        },
                                        {
                                            "Worker Number": 2,
                                            "Actual Startup Time": 57.178,
                                            "Actual Total Time": 108.833,
                                            "Actual Rows": 162245,
                                            "Actual Loops": 1
                                        },
                                        {
                                            "Worker Number": 3,
                                            "Actual Startup Time": 58.033,
                                            "Actual Total Time": 108.987,
                                            "Actual Rows": 162425,
                                            "Actual Loops": 1
                                        },
                                        {
                                            "Worker Number": 4,
                                            "Actual Startup Time": 57.74,
                                            "Actual Total Time": 109.801,
                                            "Actual Rows": 146490,
                                            "Actual Loops": 1
                                        },
                                        {
                                            "Worker Number": 5,
                                            "Actual Startup Time": 58.094,
                                            "Actual Total Time": 109.498,
                                            "Actual Rows": 170118,
                                            "Actual Loops": 1
                                        }
                                    ],
                                    "Plans": [
                                        {
                                            "Node Type": "Bitmap Index Scan",
                                            "Parent Relationship": "Outer",
                                            "Parallel Aware": false,
                                            "Index Name": "person_id_cast_info",
                                            "Startup Cost": 0.0,
                                            "Total Cost": 27891.76,
                                            "Plan Rows": 1277760,
                                            "Plan Width": 0,
                                            "Actual Startup Time": 66.404,
                                            "Actual Total Time": 66.404,
                                            "Actual Rows": 1312702,
                                            "Actual Loops": 1,
                                            "Index Cond": "(ci.person_id < 131281)"
                                        }
                                    ]
                                }
                            ]
                        }
                    ]
                }
            ]
        },
        "Planning Time": 199.071,
        "Triggers": [],
        "Execution Time": 138.016
    }
]