[
  {
    "Plan": {
      "Node Type": "Aggregate",
      "Strategy": "Plain",
      "Partial Mode": "Finalize",
      "Parallel Aware": false,
      "Startup Cost": 179263.31,
      "Total Cost": 179263.32,
      "Plan Rows": 1,
      "Plan Width": 8,
      "Actual Startup Time": 951.091,
      "Actual Total Time": 1035.605,
      "Actual Rows": 1,
      "Actual Loops": 1,
      "Plans": [
        {
          "Node Type": "Gather",
          "Parent Relationship": "Outer",
          "Parallel Aware": false,
          "Startup Cost": 179262.89,
          "Total Cost": 179263.3,
          "Plan Rows": 4,
          "Plan Width": 8,
          "Actual Startup Time": 949.419,
          "Actual Total Time": 1035.593,
          "Actual Rows": 5,
          "Actual Loops": 1,
          "Workers Planned": 4,
          "Workers Launched": 4,
          "Single Copy": false,
          "Plans": [
            {
              "Node Type": "Aggregate",
              "Strategy": "Plain",
              "Partial Mode": "Partial",
              "Parent Relationship": "Outer",
              "Parallel Aware": false,
              "Startup Cost": 178262.89,
              "Total Cost": 178262.9,
              "Plan Rows": 1,
              "Plan Width": 8,
              "Actual Startup Time": 939.115,
              "Actual Total Time": 939.119,
              "Actual Rows": 1,
              "Actual Loops": 5,
              "Plans": [
                {
                  "Node Type": "Nested Loop",
                  "Parent Relationship": "Outer",
                  "Parallel Aware": false,
                  "Join Type": "Inner",
                  "Startup Cost": 30810.26,
                  "Total Cost": 178074.29,
                  "Plan Rows": 75438,
                  "Plan Width": 0,
                  "Actual Startup Time": 97.3,
                  "Actual Total Time": 937.144,
                  "Actual Rows": 24036,
                  "Actual Loops": 5,
                  "Inner Unique": false,
                  "Plans": [
                    {
                      "Node Type": "Hash Join",
                      "Parent Relationship": "Outer",
                      "Parallel Aware": true,
                      "Join Type": "Inner",
                      "Startup Cost": 30809.69,
                      "Total Cost": 77644.34,
                      "Plan Rows": 47258,
                      "Plan Width": 8,
                      "Actual Startup Time": 96.955,
                      "Actual Total Time": 256.497,
                      "Actual Rows": 18164,
                      "Actual Loops": 5,
                      "Inner Unique": false,
                      "Hash Cond": "(t.id = mc.movie_id)",
                      "Plans": [
                        {
                          "Node Type": "Seq Scan",
                          "Parent Relationship": "Outer",
                          "Parallel Aware": true,
                          "Relation Name": "title",
                          "Alias": "t",
                          "Startup Cost": 0.0,
                          "Total Cost": 43898.92,
                          "Plan Rows": 556658,
                          "Plan Width": 4,
                          "Actual Startup Time": 0.012,
                          "Actual Total Time": 75.193,
                          "Actual Rows": 444914,
                          "Actual Loops": 5,
                          "Filter": "(production_year < 2012)",
                          "Rows Removed by Filter": 60749
                        },
                        {
                          "Node Type": "Hash",
                          "Parent Relationship": "Inner",
                          "Parallel Aware": true,
                          "Startup Cost": 29944.21,
                          "Total Cost": 29944.21,
                          "Plan Rows": 69239,
                          "Plan Width": 4,
                          "Actual Startup Time": 95.039,
                          "Actual Total Time": 95.041,
                          "Actual Rows": 19762,
                          "Actual Loops": 5,
                          "Hash Buckets": 262144,
                          "Original Hash Buckets": 262144,
                          "Hash Batches": 1,
                          "Original Hash Batches": 1,
                          "Peak Memory Usage": 6016,
                          "Plans": [
                            {
                              "Node Type": "Bitmap Heap Scan",
                              "Parent Relationship": "Outer",
                              "Parallel Aware": true,
                              "Relation Name": "movie_companies",
                              "Alias": "mc",
                              "Startup Cost": 9108.67,
                              "Total Cost": 29944.21,
                              "Plan Rows": 69239,
                              "Plan Width": 4,
                              "Actual Startup Time": 75.421,
                              "Actual Total Time": 88.307,
                              "Actual Rows": 19762,
                              "Actual Loops": 5,
                              "Recheck Cond": "(company_id < 301)",
                              "Rows Removed by Index Recheck": 0,
                              "Filter": "(company_type_id = 2)",
                              "Rows Removed by Filter": 64625,
                              "Exact Heap Blocks": 7199,
                              "Lossy Heap Blocks": 0,
                              "Plans": [
                                {
                                  "Node Type": "Bitmap Index Scan",
                                  "Parent Relationship": "Outer",
                                  "Parallel Aware": false,
                                  "Index Name": "company_id_movie_companies",
                                  "Startup Cost": 0.0,
                                  "Total Cost": 9055.01,
                                  "Plan Rows": 422744,
                                  "Plan Width": 0,
                                  "Actual Startup Time": 35.918,
                                  "Actual Total Time": 35.918,
                                  "Actual Rows": 421935,
                                  "Actual Loops": 1,
                                  "Index Cond": "(company_id < 301)"
                                }
                              ]
                            }
                          ]
                        }
                      ]
                    },
                    {
                      "Node Type": "Index Scan",
                      "Parent Relationship": "Inner",
                      "Parallel Aware": false,
                      "Scan Direction": "Forward",
                      "Index Name": "movie_id_cast_info",
                      "Relation Name": "cast_info",
                      "Alias": "ci",
                      "Startup Cost": 0.56,
                      "Total Cost": 2.09,
                      "Plan Rows": 4,
                      "Plan Width": 4,
                      "Actual Startup Time": 0.031,
                      "Actual Total Time": 0.037,
                      "Actual Rows": 1,
                      "Actual Loops": 90821,
                      "Index Cond": "(movie_id = t.id)",
                      "Rows Removed by Index Recheck": 0,
                      "Filter": "((person_id > 3250944) AND (role_id < 10))",
                      "Rows Removed by Filter": 23
                    }
                  ]
                }
              ]
            }
          ]
        }
      ]
    },
    "Planning Time": 1.508,
    "Triggers": [],
    "Execution Time": 1035.737
  }
]