[
  {
    "Plan": {
      "Node Type": "Aggregate",
      "Strategy": "Plain",
      "Partial Mode": "Finalize",
      "Parallel Aware": false,
      "Startup Cost": 520138.21,
      "Total Cost": 520138.22,
      "Plan Rows": 1,
      "Plan Width": 8,
      "Actual Startup Time": 3909.438,
      "Actual Total Time": 3964.21,
      "Actual Rows": 1,
      "Actual Loops": 1,
      "Plans": [
        {
          "Node Type": "Gather",
          "Parent Relationship": "Outer",
          "Parallel Aware": false,
          "Startup Cost": 520137.69,
          "Total Cost": 520138.2,
          "Plan Rows": 5,
          "Plan Width": 8,
          "Actual Startup Time": 3900.283,
          "Actual Total Time": 3964.197,
          "Actual Rows": 6,
          "Actual Loops": 1,
          "Workers Planned": 5,
          "Workers Launched": 5,
          "Single Copy": false,
          "Plans": [
            {
              "Node Type": "Aggregate",
              "Strategy": "Plain",
              "Partial Mode": "Partial",
              "Parent Relationship": "Outer",
              "Parallel Aware": false,
              "Startup Cost": 519137.69,
              "Total Cost": 519137.7,
              "Plan Rows": 1,
              "Plan Width": 8,
              "Actual Startup Time": 3884.9,
              "Actual Total Time": 3884.963,
              "Actual Rows": 1,
              "Actual Loops": 6,
              "Plans": [
                {
                  "Node Type": "Hash Join",
                  "Parent Relationship": "Outer",
                  "Parallel Aware": true,
                  "Join Type": "Inner",
                  "Startup Cost": 308983.56,
                  "Total Cost": 514634.06,
                  "Plan Rows": 1801453,
                  "Plan Width": 0,
                  "Actual Startup Time": 869.509,
                  "Actual Total Time": 3261.836,
                  "Actual Rows": 15115661,
                  "Actual Loops": 6,
                  "Inner Unique": false,
                  "Hash Cond": "(mi.movie_id = t.id)",
                  "Plans": [
                    {
                      "Node Type": "Seq Scan",
                      "Parent Relationship": "Outer",
                      "Parallel Aware": true,
                      "Relation Name": "movie_info",
                      "Alias": "mi",
                      "Startup Cost": 0.0,
                      "Total Cost": 191560.33,
                      "Plan Rows": 2956733,
                      "Plan Width": 4,
                      "Actual Startup Time": 0.031,
                      "Actual Total Time": 293.314,
                      "Actual Rows": 2472620,
                      "Actual Loops": 6
                    },
                    {
                      "Node Type": "Hash",
                      "Parent Relationship": "Inner",
                      "Parallel Aware": true,
                      "Startup Cost": 305774.36,
                      "Total Cost": 305774.36,
                      "Plan Rows": 256736,
                      "Plan Width": 8,
                      "Actual Startup Time": 843.398,
                      "Actual Total Time": 843.459,
                      "Actual Rows": 322081,
                      "Actual Loops": 6,
                      "Hash Buckets": 2097152,
                      "Original Hash Buckets": 2097152,
                      "Hash Batches": 1,
                      "Original Hash Batches": 1,
                      "Peak Memory Usage": 92064,
                      "Plans": [
                        {
                          "Node Type": "Hash Join",
                          "Parent Relationship": "Outer",
                          "Parallel Aware": true,
                          "Join Type": "Inner",
                          "Startup Cost": 46876.61,
                          "Total Cost": 305774.36,
                          "Plan Rows": 256736,
                          "Plan Width": 8,
                          "Actual Startup Time": 108.578,
                          "Actual Total Time": 711.219,
                          "Actual Rows": 322081,
                          "Actual Loops": 6,
                          "Inner Unique": true,
                          "Hash Cond": "(ci.movie_id = t.id)",
                          "Plans": [
                            {
                              "Node Type": "Index Scan",
                              "Parent Relationship": "Outer",
                              "Parallel Aware": true,
                              "Scan Direction": "Forward",
                              "Index Name": "role_id_cast_info",
                              "Relation Name": "cast_info",
                              "Alias": "ci",
                              "Startup Cost": 0.56,
                              "Total Cost": 255086.64,
                              "Plan Rows": 1452060,
                              "Plan Width": 4,
                              "Actual Startup Time": 0.245,
                              "Actual Total Time": 309.238,
                              "Actual Rows": 1497004,
                              "Actual Loops": 6,
                              "Index Cond": "(role_id > 4)",
                              "Rows Removed by Index Recheck": 0,
                              "Filter": "(person_id > 294810)",
                              "Rows Removed by Filter": 67113
                            },
                            {
                              "Node Type": "Hash",
                              "Parent Relationship": "Inner",
                              "Parallel Aware": true,
                              "Startup Cost": 45479.1,
                              "Total Cost": 45479.1,
                              "Plan Rows": 111756,
                              "Plan Width": 4,
                              "Actual Startup Time": 107.392,
                              "Actual Total Time": 107.393,
                              "Actual Rows": 54182,
                              "Actual Loops": 6,
                              "Hash Buckets": 524288,
                              "Original Hash Buckets": 524288,
                              "Hash Batches": 1,
                              "Original Hash Batches": 1,
                              "Peak Memory Usage": 16928,
                              "Plans": [
                                {
                                  "Node Type": "Seq Scan",
                                  "Parent Relationship": "Outer",
                                  "Parallel Aware": true,
                                  "Relation Name": "title",
                                  "Alias": "t",
                                  "Startup Cost": 0.0,
                                  "Total Cost": 45479.1,
                                  "Plan Rows": 111756,
                                  "Plan Width": 4,
                                  "Actual Startup Time": 45.559,
                                  "Actual Total Time": 84.397,
                                  "Actual Rows": 54182,
                                  "Actual Loops": 6,
                                  "Filter": "((production_year > 1992) AND (kind_id = 1))",
                                  "Rows Removed by Filter": 367204
                                }
                              ]
                            }
                          ]
                        }
                      ]
                    }
                  ]
                }
              ]
            }
          ]
        }
      ]
    },
    "Planning Time": 1.352,
    "Triggers": [],
    "Execution Time": 3964.313
  }
]