[
  {
    "Plan": {
      "Node Type": "Aggregate",
      "Strategy": "Plain",
      "Partial Mode": "Finalize",
      "Parallel Aware": false,
      "Startup Cost": 33285.24,
      "Total Cost": 33285.25,
      "Plan Rows": 1,
      "Plan Width": 8,
      "Actual Startup Time": 103.787,
      "Actual Total Time": 111.523,
      "Actual Rows": 1,
      "Actual Loops": 1,
      "Plans": [
        {
          "Node Type": "Gather",
          "Parent Relationship": "Outer",
          "Parallel Aware": false,
          "Startup Cost": 33284.93,
          "Total Cost": 33285.24,
          "Plan Rows": 3,
          "Plan Width": 8,
          "Actual Startup Time": 103.672,
          "Actual Total Time": 111.515,
          "Actual Rows": 4,
          "Actual Loops": 1,
          "Workers Planned": 3,
          "Workers Launched": 3,
          "Single Copy": false,
          "Plans": [
            {
              "Node Type": "Aggregate",
              "Strategy": "Plain",
              "Partial Mode": "Partial",
              "Parent Relationship": "Outer",
              "Parallel Aware": false,
              "Startup Cost": 32284.93,
              "Total Cost": 32284.94,
              "Plan Rows": 1,
              "Plan Width": 8,
              "Actual Startup Time": 96.01,
              "Actual Total Time": 96.011,
              "Actual Rows": 1,
              "Actual Loops": 4,
              "Plans": [
                {
                  "Node Type": "Seq Scan",
                  "Parent Relationship": "Outer",
                  "Parallel Aware": true,
                  "Relation Name": "movie_companies",
                  "Alias": "mc",
                  "Startup Cost": 0.0,
                  "Total Cost": 31414.82,
                  "Plan Rows": 348043,
                  "Plan Width": 0,
                  "Actual Startup Time": 0.117,
                  "Actual Total Time": 82.94,
                  "Actual Rows": 238946,
                  "Actual Loops": 4,
                  "Filter": "((company_id > 288) AND (company_type_id < 2))",
                  "Rows Removed by Filter": 413336
                }
              ]
            }
          ]
        }
      ]
    },
    "Planning Time": 0.179,
    "Triggers": [],
    "Execution Time": 111.568
  }
]