[
    {
        "Bao": {
            "Bao prediction": "NaN",
            "Bao recommended hint": "(no hint)"
        }
    },
    {
        "Plan": {
            "Node Type": "Aggregate",
            "Strategy": "Plain",
            "Partial Mode": "Finalize",
            "Parallel Aware": false,
            "Startup Cost": 70004.61,
            "Total Cost": 70004.62,
            "Plan Rows": 1,
            "Plan Width": 8,
            "Actual Startup Time": 193.888,
            "Actual Total Time": 205.445,
            "Actual Rows": 1,
            "Actual Loops": 1,
            "Output": [
                "count(*)"
            ],
            "Plans": [
                {
                    "Node Type": "Gather",
                    "Parent Relationship": "Outer",
                    "Parallel Aware": false,
                    "Startup Cost": 70004.19,
                    "Total Cost": 70004.6,
                    "Plan Rows": 4,
                    "Plan Width": 8,
                    "Actual Startup Time": 192.044,
                    "Actual Total Time": 205.432,
                    "Actual Rows": 5,
                    "Actual Loops": 1,
                    "Output": [
                        "(PARTIAL count(*))"
                    ],
                    "Workers Planned": 4,
                    "Workers Launched": 4,
                    "Single Copy": false,
                    "Plans": [
                        {
                            "Node Type": "Aggregate",
                            "Strategy": "Plain",
                            "Partial Mode": "Partial",
                            "Parent Relationship": "Outer",
                            "Parallel Aware": false,
                            "Startup Cost": 69004.19,
                            "Total Cost": 69004.2,
                            "Plan Rows": 1,
                            "Plan Width": 8,
                            "Actual Startup Time": 182.182,
                            "Actual Total Time": 182.185,
                            "Actual Rows": 1,
                            "Actual Loops": 5,
                            "Output": [
                                "PARTIAL count(*)"
                            ],
                            "Workers": [
                                {
                                    "Worker Number": 0,
                                    "Actual Startup Time": 179.767,
                                    "Actual Total Time": 179.77,
                                    "Actual Rows": 1,
                                    "Actual Loops": 1
                                },
                                {
                                    "Worker Number": 1,
                                    "Actual Startup Time": 179.606,
                                    "Actual Total Time": 179.61,
                                    "Actual Rows": 1,
                                    "Actual Loops": 1
                                },
                                {
                                    "Worker Number": 2,
                                    "Actual Startup Time": 180.052,
                                    "Actual Total Time": 180.054,
                                    "Actual Rows": 1,
                                    "Actual Loops": 1
                                },
                                {
                                    "Worker Number": 3,
                                    "Actual Startup Time": 180.238,
                                    "Actual Total Time": 180.241,
                                    "Actual Rows": 1,
                                    "Actual Loops": 1
                                }
                            ],
                            "Plans": [
                                {
                                    "Node Type": "Hash Join",
                                    "Parent Relationship": "Outer",
                                    "Parallel Aware": true,
                                    "Join Type": "Inner",
                                    "Startup Cost": 24196.91,
                                    "Total Cost": 68974.03,
                                    "Plan Rows": 12066,
                                    "Plan Width": 0,
                                    "Actual Startup Time": 123.015,
                                    "Actual Total Time": 181.912,
                                    "Actual Rows": 2674,
                                    "Actual Loops": 5,
                                    "Inner Unique": false,
                                    "Hash Cond": "(t.id = mc.movie_id)",
                                    "Workers": [
                                        {
                                            "Worker Number": 0,
                                            "Actual Startup Time": 120.346,
                                            "Actual Total Time": 179.455,
                                            "Actual Rows": 2161,
                                            "Actual Loops": 1
                                        },
                                        {
                                            "Worker Number": 1,
                                            "Actual Startup Time": 120.609,
                                            "Actual Total Time": 179.298,
                                            "Actual Rows": 2217,
                                            "Actual Loops": 1
                                        },
                                        {
                                            "Worker Number": 2,
                                            "Actual Startup Time": 121.054,
                                            "Actual Total Time": 179.806,
                                            "Actual Rows": 2983,
                                            "Actual Loops": 1
                                        },
                                        {
                                            "Worker Number": 3,
                                            "Actual Startup Time": 121.129,
                                            "Actual Total Time": 179.966,
                                            "Actual Rows": 3245,
                                            "Actual Loops": 1
                                        }
                                    ],
                                    "Plans": [
                                        {
                                            "Node Type": "Seq Scan",
                                            "Parent Relationship": "Outer",
                                            "Parallel Aware": true,
                                            "Relation Name": "title",
                                            "Schema": "public",
                                            "Alias": "t",
                                            "Startup Cost": 0.0,
                                            "Total Cost": 43899.01,
                                            "Plan Rows": 167838,
                                            "Plan Width": 4,
                                            "Actual Startup Time": 31.53,
                                            "Actual Total Time": 75.499,
                                            "Actual Rows": 132565,
                                            "Actual Loops": 5,
                                            "Output": [
                                                "t.id",
                                                "t.title",
                                                "t.imdb_index",
                                                "t.kind_id",
                                                "t.production_year",
                                                "t.imdb_id",
                                                "t.phonetic_code",
                                                "t.episode_of_id",
                                                "t.season_nr",
                                                "t.episode_nr",
                                                "t.series_years",
                                                "t.md5sum"
                                            ],
                                            "Filter": "(t.kind_id = 1)",
                                            "Rows Removed by Filter": 373097,
                                            "Workers": [
                                                {
                                                    "Worker Number": 0,
                                                    "Actual Startup Time": 38.799,
                                                    "Actual Total Time": 77.236,
                                                    "Actual Rows": 108222,
                                                    "Actual Loops": 1
                                                },
                                                {
                                                    "Worker Number": 1,
                                                    "Actual Startup Time": 2.494,
                                                    "Actual Total Time": 77.108,
                                                    "Actual Rows": 106767,
                                                    "Actual Loops": 1
                                                },
                                                {
                                                    "Worker Number": 2,
                                                    "Actual Startup Time": 38.844,
                                                    "Actual Total Time": 74.582,
                                                    "Actual Rows": 147180,
                                                    "Actual Loops": 1
                                                },
                                                {
                                                    "Worker Number": 3,
                                                    "Actual Startup Time": 38.78,
                                                    "Actual Total Time": 75.578,
                                                    "Actual Rows": 161574,
                                                    "Actual Loops": 1
                                                }
                                            ]
                                        },
                                        {
                                            "Node Type": "Hash",
                                            "Parent Relationship": "Inner",
                                            "Parallel Aware": true,
                                            "Startup Cost": 23464.0,
                                            "Total Cost": 23464.0,
                                            "Plan Rows": 58633,
                                            "Plan Width": 4,
                                            "Actual Startup Time": 76.714,
                                            "Actual Total Time": 76.716,
                                            "Actual Rows": 36484,
                                            "Actual Loops": 5,
                                            "Output": [
                                                "mc.movie_id"
                                            ],
                                            "Hash Buckets": 262144,
                                            "Original Hash Buckets": 262144,
                                            "Hash Batches": 1,
                                            "Original Hash Batches": 1,
                                            "Peak Memory Usage": 9280,
                                            "Workers": [
                                                {
                                                    "Worker Number": 0,
                                                    "Actual Startup Time": 75.743,
                                                    "Actual Total Time": 75.745,
                                                    "Actual Rows": 27735,
                                                    "Actual Loops": 1
                                                },
                                                {
                                                    "Worker Number": 1,
                                                    "Actual Startup Time": 75.759,
                                                    "Actual Total Time": 75.76,
                                                    "Actual Rows": 27021,
                                                    "Actual Loops": 1
                                                },
                                                {
                                                    "Worker Number": 2,
                                                    "Actual Startup Time": 76.237,
                                                    "Actual Total Time": 76.238,
                                                    "Actual Rows": 26603,
                                                    "Actual Loops": 1
                                                },
                                                {
                                                    "Worker Number": 3,
                                                    "Actual Startup Time": 76.423,
                                                    "Actual Total Time": 76.425,
                                                    "Actual Rows": 29617,
                                                    "Actual Loops": 1
                                                }
                                            ],
                                            "Plans": [
                                                {
                                                    "Node Type": "Bitmap Heap Scan",
                                                    "Parent Relationship": "Outer",
                                                    "Parallel Aware": true,
                                                    "Relation Name": "movie_companies",
                                                    "Schema": "public",
                                                    "Alias": "mc",
                                                    "Startup Cost": 3941.09,
                                                    "Total Cost": 23464.0,
                                                    "Plan Rows": 58633,
                                                    "Plan Width": 4,
                                                    "Actual Startup Time": 21.86,
                                                    "Actual Total Time": 59.029,
                                                    "Actual Rows": 36484,
                                                    "Actual Loops": 5,
                                                    "Output": [
                                                        "mc.movie_id"
                                                    ],
                                                    "Recheck Cond": "(mc.company_id < 46)",
                                                    "Rows Removed by Index Recheck": 0,
                                                    "Exact Heap Blocks": 5708,
                                                    "Lossy Heap Blocks": 0,
                                                    "Workers": [
                                                        {
                                                            "Worker Number": 0,
                                                            "Actual Startup Time": 20.877,
                                                            "Actual Total Time": 59.18,
                                                            "Actual Rows": 27735,
                                                            "Actual Loops": 1
                                                        },
                                                        {
                                                            "Worker Number": 1,
                                                            "Actual Startup Time": 21.157,
                                                            "Actual Total Time": 59.273,
                                                            "Actual Rows": 27021,
                                                            "Actual Loops": 1
                                                        },
                                                        {
                                                            "Worker Number": 2,
                                                            "Actual Startup Time": 21.402,
                                                            "Actual Total Time": 58.824,
                                                            "Actual Rows": 26603,
                                                            "Actual Loops": 1
                                                        },
                                                        {
                                                            "Worker Number": 3,
                                                            "Actual Startup Time": 21.57,
                                                            "Actual Total Time": 60.084,
                                                            "Actual Rows": 29617,
                                                            "Actual Loops": 1
                                                        }
                                                    ],
                                                    "Plans": [
                                                        {
                                                            "Node Type": "Bitmap Index Scan",
                                                            "Parent Relationship": "Outer",
                                                            "Parallel Aware": false,
                                                            "Index Name": "company_id_movie_companies",
                                                            "Startup Cost": 0.0,
                                                            "Total Cost": 3895.64,
                                                            "Plan Rows": 181762,
                                                            "Plan Width": 0,
                                                            "Actual Startup Time": 20.518,
                                                            "Actual Total Time": 20.519,
                                                            "Actual Rows": 182418,
                                                            "Actual Loops": 1,
                                                            "Index Cond": "(mc.company_id < 46)"
                                                        }
                                                    ]
                                                }
                                            ]
                                        }
                                    ]
                                }
                            ]
                        }
                    ]
                }
            ]
        },
        "Planning Time": 310.182,
        "Triggers": [],
        "Execution Time": 205.58
    }
]