[
  {
    "Plan": {
      "Node Type": "Aggregate",
      "Strategy": "Plain",
      "Partial Mode": "Finalize",
      "Parallel Aware": false,
      "Startup Cost": 47521.07,
      "Total Cost": 47521.08,
      "Plan Rows": 1,
      "Plan Width": 8,
      "Actual Startup Time": 122.068,
      "Actual Total Time": 134.159,
      "Actual Rows": 1,
      "Actual Loops": 1,
      "Plans": [
        {
          "Node Type": "Gather",
          "Parent Relationship": "Outer",
          "Parallel Aware": false,
          "Startup Cost": 47520.65,
          "Total Cost": 47521.06,
          "Plan Rows": 4,
          "Plan Width": 8,
          "Actual Startup Time": 121.881,
          "Actual Total Time": 134.148,
          "Actual Rows": 5,
          "Actual Loops": 1,
          "Workers Planned": 4,
          "Workers Launched": 4,
          "Single Copy": false,
          "Plans": [
            {
              "Node Type": "Aggregate",
              "Strategy": "Plain",
              "Partial Mode": "Partial",
              "Parent Relationship": "Outer",
              "Parallel Aware": false,
              "Startup Cost": 46520.65,
              "Total Cost": 46520.66,
              "Plan Rows": 1,
              "Plan Width": 8,
              "Actual Startup Time": 115.589,
              "Actual Total Time": 115.59,
              "Actual Rows": 1,
              "Actual Loops": 5,
              "Plans": [
                {
                  "Node Type": "Seq Scan",
                  "Parent Relationship": "Outer",
                  "Parallel Aware": true,
                  "Relation Name": "title",
                  "Alias": "t",
                  "Startup Cost": 0.0,
                  "Total Cost": 45479.59,
                  "Plan Rows": 416427,
                  "Plan Width": 0,
                  "Actual Startup Time": 0.031,
                  "Actual Total Time": 97.602,
                  "Actual Rows": 341850,
                  "Actual Loops": 5,
                  "Filter": "((kind_id > 2) AND (production_year > 1918))",
                  "Rows Removed by Filter": 163812
                }
              ]
            }
          ]
        }
      ]
    },
    "Planning Time": 0.117,
    "Triggers": [],
    "Execution Time": 134.198
  }
]