[
  {
    "Plan": {
      "Node Type": "Aggregate",
      "Strategy": "Plain",
      "Partial Mode": "Finalize",
      "Parallel Aware": false,
      "Startup Cost": 268448.58,
      "Total Cost": 268448.59,
      "Plan Rows": 1,
      "Plan Width": 8,
      "Actual Startup Time": 2986.79,
      "Actual Total Time": 3064.003,
      "Actual Rows": 1,
      "Actual Loops": 1,
      "Plans": [
        {
          "Node Type": "Gather",
          "Parent Relationship": "Outer",
          "Parallel Aware": false,
          "Startup Cost": 268448.26,
          "Total Cost": 268448.57,
          "Plan Rows": 3,
          "Plan Width": 8,
          "Actual Startup Time": 2984.751,
          "Actual Total Time": 3063.983,
          "Actual Rows": 4,
          "Actual Loops": 1,
          "Workers Planned": 3,
          "Workers Launched": 3,
          "Single Copy": false,
          "Plans": [
            {
              "Node Type": "Aggregate",
              "Strategy": "Plain",
              "Partial Mode": "Partial",
              "Parent Relationship": "Outer",
              "Parallel Aware": false,
              "Startup Cost": 267448.26,
              "Total Cost": 267448.27,
              "Plan Rows": 1,
              "Plan Width": 8,
              "Actual Startup Time": 2977.68,
              "Actual Total Time": 2977.683,
              "Actual Rows": 1,
              "Actual Loops": 4,
              "Plans": [
                {
                  "Node Type": "Nested Loop",
                  "Parent Relationship": "Outer",
                  "Parallel Aware": false,
                  "Join Type": "Inner",
                  "Startup Cost": 46739.48,
                  "Total Cost": 265313.63,
                  "Plan Rows": 853854,
                  "Plan Width": 0,
                  "Actual Startup Time": 128.086,
                  "Actual Total Time": 2796.115,
                  "Actual Rows": 4007683,
                  "Actual Loops": 4,
                  "Inner Unique": false,
                  "Join Filter": "(t.id = ci.movie_id)",
                  "Rows Removed by Join Filter": 0,
                  "Plans": [
                    {
                      "Node Type": "Hash Join",
                      "Parent Relationship": "Outer",
                      "Parallel Aware": true,
                      "Join Type": "Inner",
                      "Startup Cost": 46738.91,
                      "Total Cost": 90415.4,
                      "Plan Rows": 59553,
                      "Plan Width": 8,
                      "Actual Startup Time": 127.953,
                      "Actual Total Time": 282.96,
                      "Actual Rows": 63023,
                      "Actual Loops": 4,
                      "Inner Unique": true,
                      "Hash Cond": "(mk.movie_id = t.id)",
                      "Plans": [
                        {
                          "Node Type": "Seq Scan",
                          "Parent Relationship": "Outer",
                          "Parallel Aware": true,
                          "Relation Name": "movie_keyword",
                          "Alias": "mk",
                          "Startup Cost": 0.0,
                          "Total Cost": 42695.65,
                          "Plan Rows": 373651,
                          "Plan Width": 4,
                          "Actual Startup Time": 0.034,
                          "Actual Total Time": 94.89,
                          "Actual Rows": 289577,
                          "Actual Loops": 4,
                          "Filter": "(keyword_id < 1375)",
                          "Rows Removed by Filter": 841406
                        },
                        {
                          "Node Type": "Hash",
                          "Parent Relationship": "Inner",
                          "Parallel Aware": true,
                          "Startup Cost": 45479.59,
                          "Total Cost": 45479.59,
                          "Plan Rows": 100746,
                          "Plan Width": 4,
                          "Actual Startup Time": 125.811,
                          "Actual Total Time": 125.812,
                          "Actual Rows": 80020,
                          "Actual Loops": 4,
                          "Hash Buckets": 524288,
                          "Original Hash Buckets": 524288,
                          "Hash Batches": 1,
                          "Original Hash Batches": 1,
                          "Peak Memory Usage": 16704,
                          "Plans": [
                            {
                              "Node Type": "Seq Scan",
                              "Parent Relationship": "Outer",
                              "Parallel Aware": true,
                              "Relation Name": "title",
                              "Alias": "t",
                              "Startup Cost": 0.0,
                              "Total Cost": 45479.59,
                              "Plan Rows": 100746,
                              "Plan Width": 4,
                              "Actual Startup Time": 0.045,
                              "Actual Total Time": 97.555,
                              "Actual Rows": 80020,
                              "Actual Loops": 4,
                              "Filter": "((kind_id < 4) AND (production_year > 2003))",
                              "Rows Removed by Filter": 552058
                            }
                          ]
                        }
                      ]
                    },
                    {
                      "Node Type": "Index Only Scan",
                      "Parent Relationship": "Inner",
                      "Parallel Aware": false,
                      "Scan Direction": "Forward",
                      "Index Name": "movie_id_cast_info",
                      "Relation Name": "cast_info",
                      "Alias": "ci",
                      "Startup Cost": 0.56,
                      "Total Cost": 2.5,
                      "Plan Rows": 35,
                      "Plan Width": 4,
                      "Actual Startup Time": 0.005,
                      "Actual Total Time": 0.034,
                      "Actual Rows": 64,
                      "Actual Loops": 252093,
                      "Index Cond": "(movie_id = mk.movie_id)",
                      "Rows Removed by Index Recheck": 0,
                      "Heap Fetches": 16030732
                    }
                  ]
                }
              ]
            }
          ]
        }
      ]
    },
    "Planning Time": 0.846,
    "Triggers": [],
    "Execution Time": 3064.068
  }
]