[
    {
        "Bao": {
            "Bao prediction": "NaN",
            "Bao recommended hint": "(no hint)"
        }
    },
    {
        "Plan": {
            "Node Type": "Aggregate",
            "Strategy": "Plain",
            "Partial Mode": "Finalize",
            "Parallel Aware": false,
            "Startup Cost": 35455.83,
            "Total Cost": 35455.84,
            "Plan Rows": 1,
            "Plan Width": 8,
            "Actual Startup Time": 98.369,
            "Actual Total Time": 103.628,
            "Actual Rows": 1,
            "Actual Loops": 1,
            "Output": [
                "count(*)"
            ],
            "Plans": [
                {
                    "Node Type": "Gather",
                    "Parent Relationship": "Outer",
                    "Parallel Aware": false,
                    "Startup Cost": 35455.52,
                    "Total Cost": 35455.83,
                    "Plan Rows": 3,
                    "Plan Width": 8,
                    "Actual Startup Time": 98.103,
                    "Actual Total Time": 103.618,
                    "Actual Rows": 4,
                    "Actual Loops": 1,
                    "Output": [
                        "(PARTIAL count(*))"
                    ],
                    "Workers Planned": 3,
                    "Workers Launched": 3,
                    "Single Copy": false,
                    "Plans": [
                        {
                            "Node Type": "Aggregate",
                            "Strategy": "Plain",
                            "Partial Mode": "Partial",
                            "Parent Relationship": "Outer",
                            "Parallel Aware": false,
                            "Startup Cost": 34455.52,
                            "Total Cost": 34455.53,
                            "Plan Rows": 1,
                            "Plan Width": 8,
                            "Actual Startup Time": 89.119,
                            "Actual Total Time": 89.121,
                            "Actual Rows": 1,
                            "Actual Loops": 4,
                            "Output": [
                                "PARTIAL count(*)"
                            ],
                            "Workers": [
                                {
                                    "Worker Number": 0,
                                    "Actual Startup Time": 86.213,
                                    "Actual Total Time": 86.214,
                                    "Actual Rows": 1,
                                    "Actual Loops": 1
                                },
                                {
                                    "Worker Number": 1,
                                    "Actual Startup Time": 86.283,
                                    "Actual Total Time": 86.285,
                                    "Actual Rows": 1,
                                    "Actual Loops": 1
                                },
                                {
                                    "Worker Number": 2,
                                    "Actual Startup Time": 86.499,
                                    "Actual Total Time": 86.501,
                                    "Actual Rows": 1,
                                    "Actual Loops": 1
                                }
                            ],
                            "Plans": [
                                {
                                    "Node Type": "Bitmap Heap Scan",
                                    "Parent Relationship": "Outer",
                                    "Parallel Aware": true,
                                    "Relation Name": "movie_keyword",
                                    "Schema": "public",
                                    "Alias": "mk",
                                    "Startup Cost": 8143.83,
                                    "Total Cost": 34145.9,
                                    "Plan Rows": 123846,
                                    "Plan Width": 0,
                                    "Actual Startup Time": 19.211,
                                    "Actual Total Time": 83.5,
                                    "Actual Rows": 95024,
                                    "Actual Loops": 4,
                                    "Recheck Cond": "(mk.keyword_id > 44916)",
                                    "Rows Removed by Index Recheck": 0,
                                    "Exact Heap Blocks": 10673,
                                    "Lossy Heap Blocks": 0,
                                    "Workers": [
                                        {
                                            "Worker Number": 0,
                                            "Actual Startup Time": 16.575,
                                            "Actual Total Time": 81.076,
                                            "Actual Rows": 67846,
                                            "Actual Loops": 1
                                        },
                                        {
                                            "Worker Number": 1,
                                            "Actual Startup Time": 16.346,
                                            "Actual Total Time": 81.384,
                                            "Actual Rows": 65509,
                                            "Actual Loops": 1
                                        },
                                        {
                                            "Worker Number": 2,
                                            "Actual Startup Time": 16.665,
                                            "Actual Total Time": 81.39,
                                            "Actual Rows": 66397,
                                            "Actual Loops": 1
                                        }
                                    ],
                                    "Plans": [
                                        {
                                            "Node Type": "Bitmap Index Scan",
                                            "Parent Relationship": "Outer",
                                            "Parallel Aware": false,
                                            "Index Name": "keyword_id_movie_keyword",
                                            "Startup Cost": 0.0,
                                            "Total Cost": 8047.85,
                                            "Plan Rows": 383922,
                                            "Plan Width": 0,
                                            "Actual Startup Time": 24.047,
                                            "Actual Total Time": 24.047,
                                            "Actual Rows": 380094,
                                            "Actual Loops": 1,
                                            "Index Cond": "(mk.keyword_id > 44916)"
                                        }
                                    ]
                                }
                            ]
                        }
                    ]
                }
            ]
        },
        "Planning Time": 278.657,
        "Triggers": [],
        "Execution Time": 103.728
    }
]