[
  {
    "Plan": {
      "Node Type": "Aggregate",
      "Strategy": "Plain",
      "Partial Mode": "Finalize",
      "Parallel Aware": false,
      "Startup Cost": 148598.65,
      "Total Cost": 148598.66,
      "Plan Rows": 1,
      "Plan Width": 8,
      "Actual Startup Time": 116.786,
      "Actual Total Time": 135.159,
      "Actual Rows": 1,
      "Actual Loops": 1,
      "Plans": [
        {
          "Node Type": "Gather",
          "Parent Relationship": "Outer",
          "Parallel Aware": false,
          "Startup Cost": 148598.23,
          "Total Cost": 148598.64,
          "Plan Rows": 4,
          "Plan Width": 8,
          "Actual Startup Time": 116.668,
          "Actual Total Time": 135.15,
          "Actual Rows": 5,
          "Actual Loops": 1,
          "Workers Planned": 4,
          "Workers Launched": 4,
          "Single Copy": false,
          "Plans": [
            {
              "Node Type": "Aggregate",
              "Strategy": "Plain",
              "Partial Mode": "Partial",
              "Parent Relationship": "Outer",
              "Parallel Aware": false,
              "Startup Cost": 147598.23,
              "Total Cost": 147598.24,
              "Plan Rows": 1,
              "Plan Width": 8,
              "Actual Startup Time": 106.51,
              "Actual Total Time": 106.512,
              "Actual Rows": 1,
              "Actual Loops": 5,
              "Plans": [
                {
                  "Node Type": "Nested Loop",
                  "Parent Relationship": "Outer",
                  "Parallel Aware": false,
                  "Join Type": "Inner",
                  "Startup Cost": 0.43,
                  "Total Cost": 147597.93,
                  "Plan Rows": 118,
                  "Plan Width": 0,
                  "Actual Startup Time": 57.726,
                  "Actual Total Time": 106.483,
                  "Actual Rows": 158,
                  "Actual Loops": 5,
                  "Inner Unique": false,
                  "Plans": [
                    {
                      "Node Type": "Seq Scan",
                      "Parent Relationship": "Outer",
                      "Parallel Aware": true,
                      "Relation Name": "title",
                      "Alias": "t",
                      "Startup Cost": 0.0,
                      "Total Cost": 45479.1,
                      "Plan Rows": 851,
                      "Plan Width": 4,
                      "Actual Startup Time": 56.433,
                      "Actual Total Time": 78.691,
                      "Actual Rows": 874,
                      "Actual Loops": 5,
                      "Filter": "((kind_id < 2) AND (production_year = 1975))",
                      "Rows Removed by Filter": 504788
                    },
                    {
                      "Node Type": "Index Scan",
                      "Parent Relationship": "Inner",
                      "Parallel Aware": false,
                      "Scan Direction": "Forward",
                      "Index Name": "movie_id_movie_info",
                      "Relation Name": "movie_info",
                      "Alias": "mi",
                      "Startup Cost": 0.43,
                      "Total Cost": 119.99,
                      "Plan Rows": 1,
                      "Plan Width": 4,
                      "Actual Startup Time": 0.03,
                      "Actual Total Time": 0.031,
                      "Actual Rows": 0,
                      "Actual Loops": 4371,
                      "Index Cond": "(movie_id = t.id)",
                      "Rows Removed by Index Recheck": 0,
                      "Filter": "(info_type_id = 98)",
                      "Rows Removed by Filter": 11
                    }
                  ]
                }
              ]
            }
          ]
        }
      ]
    },
    "Planning Time": 0.579,
    "Triggers": [],
    "Execution Time": 135.228
  }
]