[
  {
    "Plan": {
      "Node Type": "Aggregate",
      "Strategy": "Plain",
      "Partial Mode": "Finalize",
      "Parallel Aware": false,
      "Startup Cost": 46860.5,
      "Total Cost": 46860.51,
      "Plan Rows": 1,
      "Plan Width": 8,
      "Actual Startup Time": 101.89,
      "Actual Total Time": 113.394,
      "Actual Rows": 1,
      "Actual Loops": 1,
      "Plans": [
        {
          "Node Type": "Gather",
          "Parent Relationship": "Outer",
          "Parallel Aware": false,
          "Startup Cost": 46860.08,
          "Total Cost": 46860.49,
          "Plan Rows": 4,
          "Plan Width": 8,
          "Actual Startup Time": 101.774,
          "Actual Total Time": 113.386,
          "Actual Rows": 5,
          "Actual Loops": 1,
          "Workers Planned": 4,
          "Workers Launched": 4,
          "Single Copy": false,
          "Plans": [
            {
              "Node Type": "Aggregate",
              "Strategy": "Plain",
              "Partial Mode": "Partial",
              "Parent Relationship": "Outer",
              "Parallel Aware": false,
              "Startup Cost": 45860.08,
              "Total Cost": 45860.09,
              "Plan Rows": 1,
              "Plan Width": 8,
              "Actual Startup Time": 92.431,
              "Actual Total Time": 92.432,
              "Actual Rows": 1,
              "Actual Loops": 5,
              "Plans": [
                {
                  "Node Type": "Seq Scan",
                  "Parent Relationship": "Outer",
                  "Parallel Aware": true,
                  "Relation Name": "title",
                  "Alias": "t",
                  "Startup Cost": 0.0,
                  "Total Cost": 45479.1,
                  "Plan Rows": 152394,
                  "Plan Width": 0,
                  "Actual Startup Time": 0.05,
                  "Actual Total Time": 87.651,
                  "Actual Rows": 98540,
                  "Actual Loops": 5,
                  "Filter": "((kind_id < 3) AND (production_year > 1973))",
                  "Rows Removed by Filter": 407122
                }
              ]
            }
          ]
        }
      ]
    },
    "Planning Time": 0.162,
    "Triggers": [],
    "Execution Time": 113.449
  }
]