{
    "Plan": {
        "Node Type": "Aggregate",
        "Strategy": "Plain",
        "Partial Mode": "Finalize",
        "Parallel Aware": false,
        "Startup Cost": 81081.13,
        "Total Cost": 81081.14,
        "Plan Rows": 1,
        "Plan Width": 8,
        "Actual Startup Time": 180.354,
        "Actual Total Time": 195.904,
        "Actual Rows": 1,
        "Actual Loops": 1,
        "Output": [
            "count(*)"
        ],
        "Plans": [
            {
                "Node Type": "Gather",
                "Parent Relationship": "Outer",
                "Parallel Aware": false,
                "Startup Cost": 81080.81,
                "Total Cost": 81081.12,
                "Plan Rows": 3,
                "Plan Width": 8,
                "Actual Startup Time": 179.975,
                "Actual Total Time": 195.898,
                "Actual Rows": 4,
                "Actual Loops": 1,
                "Output": [
                    "(PARTIAL count(*))"
                ],
                "Workers Planned": 3,
                "Workers Launched": 3,
                "Single Copy": false,
                "Plans": [
                    {
                        "Node Type": "Aggregate",
                        "Strategy": "Plain",
                        "Partial Mode": "Partial",
                        "Parent Relationship": "Outer",
                        "Parallel Aware": false,
                        "Startup Cost": 80080.81,
                        "Total Cost": 80080.82,
                        "Plan Rows": 1,
                        "Plan Width": 8,
                        "Actual Startup Time": 170.154,
                        "Actual Total Time": 170.157,
                        "Actual Rows": 1,
                        "Actual Loops": 4,
                        "Output": [
                            "PARTIAL count(*)"
                        ],
                        "Workers": [
                            {
                                "Worker Number": 0,
                                "Actual Startup Time": 166.954,
                                "Actual Total Time": 166.958,
                                "Actual Rows": 1,
                                "Actual Loops": 1
                            },
                            {
                                "Worker Number": 1,
                                "Actual Startup Time": 166.953,
                                "Actual Total Time": 166.956,
                                "Actual Rows": 1,
                                "Actual Loops": 1
                            },
                            {
                                "Worker Number": 2,
                                "Actual Startup Time": 167.479,
                                "Actual Total Time": 167.482,
                                "Actual Rows": 1,
                                "Actual Loops": 1
                            }
                        ],
                        "Plans": [
                            {
                                "Node Type": "Nested Loop",
                                "Parent Relationship": "Outer",
                                "Parallel Aware": false,
                                "Join Type": "Inner",
                                "Startup Cost": 45574.27,
                                "Total Cost": 80072.88,
                                "Plan Rows": 3173,
                                "Plan Width": 0,
                                "Actual Startup Time": 141.979,
                                "Actual Total Time": 170.126,
                                "Actual Rows": 225,
                                "Actual Loops": 4,
                                "Inner Unique": false,
                                "Join Filter": "(t.id = mi.movie_id)",
                                "Rows Removed by Join Filter": 0,
                                "Workers": [
                                    {
                                        "Worker Number": 0,
                                        "Actual Startup Time": 138.632,
                                        "Actual Total Time": 166.924,
                                        "Actual Rows": 202,
                                        "Actual Loops": 1
                                    },
                                    {
                                        "Worker Number": 1,
                                        "Actual Startup Time": 139.031,
                                        "Actual Total Time": 166.927,
                                        "Actual Rows": 171,
                                        "Actual Loops": 1
                                    },
                                    {
                                        "Worker Number": 2,
                                        "Actual Startup Time": 139.385,
                                        "Actual Total Time": 167.445,
                                        "Actual Rows": 261,
                                        "Actual Loops": 1
                                    }
                                ],
                                "Plans": [
                                    {
                                        "Node Type": "Hash Join",
                                        "Parent Relationship": "Outer",
                                        "Parallel Aware": true,
                                        "Join Type": "Inner",
                                        "Startup Cost": 45573.83,
                                        "Total Cost": 75127.2,
                                        "Plan Rows": 1107,
                                        "Plan Width": 8,
                                        "Actual Startup Time": 141.896,
                                        "Actual Total Time": 167.225,
                                        "Actual Rows": 48,
                                        "Actual Loops": 4,
                                        "Output": [
                                            "t.id",
                                            "mc.movie_id"
                                        ],
                                        "Inner Unique": true,
                                        "Hash Cond": "(mc.movie_id = t.id)",
                                        "Workers": [
                                            {
                                                "Worker Number": 0,
                                                "Actual Startup Time": 138.523,
                                                "Actual Total Time": 163.7,
                                                "Actual Rows": 40,
                                                "Actual Loops": 1
                                            },
                                            {
                                                "Worker Number": 1,
                                                "Actual Startup Time": 138.934,
                                                "Actual Total Time": 163.834,
                                                "Actual Rows": 36,
                                                "Actual Loops": 1
                                            },
                                            {
                                                "Worker Number": 2,
                                                "Actual Startup Time": 139.288,
                                                "Actual Total Time": 163.263,
                                                "Actual Rows": 53,
                                                "Actual Loops": 1
                                            }
                                        ],
                                        "Plans": [
                                            {
                                                "Node Type": "Seq Scan",
                                                "Parent Relationship": "Outer",
                                                "Parallel Aware": true,
                                                "Relation Name": "movie_companies",
                                                "Schema": "public",
                                                "Alias": "mc",
                                                "Startup Cost": 0.0,
                                                "Total Cost": 29310.68,
                                                "Plan Rows": 92451,
                                                "Plan Width": 4,
                                                "Actual Startup Time": 37.026,
                                                "Actual Total Time": 55.047,
                                                "Actual Rows": 73268,
                                                "Actual Loops": 4,
                                                "Output": [
                                                    "mc.id",
                                                    "mc.movie_id",
                                                    "mc.company_id",
                                                    "mc.company_type_id",
                                                    "mc.note"
                                                ],
                                                "Filter": "(mc.company_id > 94785)",
                                                "Rows Removed by Filter": 579014,
                                                "Workers": [
                                                    {
                                                        "Worker Number": 0,
                                                        "Actual Startup Time": 37.013,
                                                        "Actual Total Time": 54.792,
                                                        "Actual Rows": 67147,
                                                        "Actual Loops": 1
                                                    },
                                                    {
                                                        "Worker Number": 1,
                                                        "Actual Startup Time": 37.022,
                                                        "Actual Total Time": 54.973,
                                                        "Actual Rows": 67794,
                                                        "Actual Loops": 1
                                                    },
                                                    {
                                                        "Worker Number": 2,
                                                        "Actual Startup Time": 37.058,
                                                        "Actual Total Time": 54.194,
                                                        "Actual Rows": 66874,
                                                        "Actual Loops": 1
                                                    }
                                                ]
                                            },
                                            {
                                                "Node Type": "Hash",
                                                "Parent Relationship": "Inner",
                                                "Parallel Aware": true,
                                                "Startup Cost": 45479.21,
                                                "Total Cost": 45479.21,
                                                "Plan Rows": 7570,
                                                "Plan Width": 4,
                                                "Actual Startup Time": 102.283,
                                                "Actual Total Time": 102.283,
                                                "Actual Rows": 8792,
                                                "Actual Loops": 4,
                                                "Output": [
                                                    "t.id"
                                                ],
                                                "Hash Buckets": 65536,
                                                "Original Hash Buckets": 32768,
                                                "Hash Batches": 1,
                                                "Original Hash Batches": 1,
                                                "Peak Memory Usage": 2208,
                                                "Workers": [
                                                    {
                                                        "Worker Number": 0,
                                                        "Actual Startup Time": 100.021,
                                                        "Actual Total Time": 100.022,
                                                        "Actual Rows": 7009,
                                                        "Actual Loops": 1
                                                    },
                                                    {
                                                        "Worker Number": 1,
                                                        "Actual Startup Time": 100.063,
                                                        "Actual Total Time": 100.064,
                                                        "Actual Rows": 7066,
                                                        "Actual Loops": 1
                                                    },
                                                    {
                                                        "Worker Number": 2,
                                                        "Actual Startup Time": 100.514,
                                                        "Actual Total Time": 100.515,
                                                        "Actual Rows": 7363,
                                                        "Actual Loops": 1
                                                    }
                                                ],
                                                "Plans": [
                                                    {
                                                        "Node Type": "Seq Scan",
                                                        "Parent Relationship": "Outer",
                                                        "Parallel Aware": true,
                                                        "Relation Name": "title",
                                                        "Schema": "public",
                                                        "Alias": "t",
                                                        "Startup Cost": 0.0,
                                                        "Total Cost": 45479.21,
                                                        "Plan Rows": 7570,
                                                        "Plan Width": 4,
                                                        "Actual Startup Time": 0.069,
                                                        "Actual Total Time": 96.446,
                                                        "Actual Rows": 8792,
                                                        "Actual Loops": 4,
                                                        "Output": [
                                                            "t.id"
                                                        ],
                                                        "Filter": "((t.kind_id > 4) AND (t.production_year = 1999))",
                                                        "Rows Removed by Filter": 623286,
                                                        "Workers": [
                                                            {
                                                                "Worker Number": 0,
                                                                "Actual Startup Time": 0.078,
                                                                "Actual Total Time": 94.323,
                                                                "Actual Rows": 7009,
                                                                "Actual Loops": 1
                                                            },
                                                            {
                                                                "Worker Number": 1,
                                                                "Actual Startup Time": 0.08,
                                                                "Actual Total Time": 94.385,
                                                                "Actual Rows": 7066,
                                                                "Actual Loops": 1
                                                            },
                                                            {
                                                                "Worker Number": 2,
                                                                "Actual Startup Time": 0.084,
                                                                "Actual Total Time": 94.633,
                                                                "Actual Rows": 7363,
                                                                "Actual Loops": 1
                                                            }
                                                        ]
                                                    }
                                                ]
                                            }
                                        ]
                                    },
                                    {
                                        "Node Type": "Index Scan",
                                        "Parent Relationship": "Inner",
                                        "Parallel Aware": false,
                                        "Scan Direction": "Forward",
                                        "Index Name": "movie_id_movie_info",
                                        "Relation Name": "movie_info",
                                        "Schema": "public",
                                        "Alias": "mi",
                                        "Startup Cost": 0.43,
                                        "Total Cost": 4.23,
                                        "Plan Rows": 19,
                                        "Plan Width": 4,
                                        "Actual Startup Time": 0.027,
                                        "Actual Total Time": 0.06,
                                        "Actual Rows": 5,
                                        "Actual Loops": 190,
                                        "Output": [
                                            "mi.id",
                                            "mi.movie_id",
                                            "mi.info_type_id",
                                            "mi.info",
                                            "mi.note"
                                        ],
                                        "Index Cond": "(mi.movie_id = mc.movie_id)",
                                        "Rows Removed by Index Recheck": 0,
                                        "Filter": "(mi.info_type_id < 8)",
                                        "Rows Removed by Filter": 5,
                                        "Workers": [
                                            {
                                                "Worker Number": 0,
                                                "Actual Startup Time": 0.034,
                                                "Actual Total Time": 0.079,
                                                "Actual Rows": 5,
                                                "Actual Loops": 40
                                            },
                                            {
                                                "Worker Number": 1,
                                                "Actual Startup Time": 0.041,
                                                "Actual Total Time": 0.084,
                                                "Actual Rows": 5,
                                                "Actual Loops": 36
                                            },
                                            {
                                                "Worker Number": 2,
                                                "Actual Startup Time": 0.032,
                                                "Actual Total Time": 0.077,
                                                "Actual Rows": 5,
                                                "Actual Loops": 53
                                            }
                                        ]
                                    }
                                ]
                            }
                        ]
                    }
                ]
            }
        ]
    },
    "Planning Time": 1.695,
    "Triggers": [],
    "Execution Time": 195.99
}