[
  {
    "Plan": {
      "Node Type": "Aggregate",
      "Strategy": "Plain",
      "Partial Mode": "Finalize",
      "Parallel Aware": false,
      "Startup Cost": 29585.21,
      "Total Cost": 29585.22,
      "Plan Rows": 1,
      "Plan Width": 8,
      "Actual Startup Time": 63.442,
      "Actual Total Time": 67.48,
      "Actual Rows": 1,
      "Actual Loops": 1,
      "Plans": [
        {
          "Node Type": "Gather",
          "Parent Relationship": "Outer",
          "Parallel Aware": false,
          "Startup Cost": 29584.89,
          "Total Cost": 29585.2,
          "Plan Rows": 3,
          "Plan Width": 8,
          "Actual Startup Time": 63.219,
          "Actual Total Time": 67.474,
          "Actual Rows": 4,
          "Actual Loops": 1,
          "Workers Planned": 3,
          "Workers Launched": 3,
          "Single Copy": false,
          "Plans": [
            {
              "Node Type": "Aggregate",
              "Strategy": "Plain",
              "Partial Mode": "Partial",
              "Parent Relationship": "Outer",
              "Parallel Aware": false,
              "Startup Cost": 28584.89,
              "Total Cost": 28584.9,
              "Plan Rows": 1,
              "Plan Width": 8,
              "Actual Startup Time": 56.755,
              "Actual Total Time": 56.756,
              "Actual Rows": 1,
              "Actual Loops": 4,
              "Plans": [
                {
                  "Node Type": "Bitmap Heap Scan",
                  "Parent Relationship": "Outer",
                  "Parallel Aware": true,
                  "Relation Name": "movie_companies",
                  "Alias": "mc",
                  "Startup Cost": 8007.4,
                  "Total Cost": 28286.97,
                  "Plan Rows": 119166,
                  "Plan Width": 0,
                  "Actual Startup Time": 18.31,
                  "Actual Total Time": 50.618,
                  "Actual Rows": 91958,
                  "Actual Loops": 4,
                  "Recheck Cond": "(company_id > 85888)",
                  "Rows Removed by Index Recheck": 0,
                  "Exact Heap Blocks": 2934,
                  "Lossy Heap Blocks": 0,
                  "Plans": [
                    {
                      "Node Type": "Bitmap Index Scan",
                      "Parent Relationship": "Outer",
                      "Parallel Aware": false,
                      "Index Name": "company_id_movie_companies",
                      "Startup Cost": 0.0,
                      "Total Cost": 7915.04,
                      "Plan Rows": 369415,
                      "Plan Width": 0,
                      "Actual Startup Time": 23.642,
                      "Actual Total Time": 23.643,
                      "Actual Rows": 367830,
                      "Actual Loops": 1,
                      "Index Cond": "(company_id > 85888)"
                    }
                  ]
                }
              ]
            }
          ]
        }
      ]
    },
    "Planning Time": 0.082,
    "Triggers": [],
    "Execution Time": 67.508
  }
]