[
    {
        "Bao": {
            "Bao prediction": "NaN",
            "Bao recommended hint": "(no hint)"
        }
    },
    {
        "Plan": {
            "Node Type": "Aggregate",
            "Strategy": "Plain",
            "Partial Mode": "Finalize",
            "Parallel Aware": false,
            "Startup Cost": 32656.99,
            "Total Cost": 32657.0,
            "Plan Rows": 1,
            "Plan Width": 8,
            "Actual Startup Time": 83.597,
            "Actual Total Time": 89.197,
            "Actual Rows": 1,
            "Actual Loops": 1,
            "Output": [
                "count(*)"
            ],
            "Plans": [
                {
                    "Node Type": "Gather",
                    "Parent Relationship": "Outer",
                    "Parallel Aware": false,
                    "Startup Cost": 32656.67,
                    "Total Cost": 32656.98,
                    "Plan Rows": 3,
                    "Plan Width": 8,
                    "Actual Startup Time": 83.493,
                    "Actual Total Time": 89.191,
                    "Actual Rows": 4,
                    "Actual Loops": 1,
                    "Output": [
                        "(PARTIAL count(*))"
                    ],
                    "Workers Planned": 3,
                    "Workers Launched": 3,
                    "Single Copy": false,
                    "Plans": [
                        {
                            "Node Type": "Aggregate",
                            "Strategy": "Plain",
                            "Partial Mode": "Partial",
                            "Parent Relationship": "Outer",
                            "Parallel Aware": false,
                            "Startup Cost": 31656.67,
                            "Total Cost": 31656.68,
                            "Plan Rows": 1,
                            "Plan Width": 8,
                            "Actual Startup Time": 75.553,
                            "Actual Total Time": 75.554,
                            "Actual Rows": 1,
                            "Actual Loops": 4,
                            "Output": [
                                "PARTIAL count(*)"
                            ],
                            "Workers": [
                                {
                                    "Worker Number": 0,
                                    "Actual Startup Time": 72.815,
                                    "Actual Total Time": 72.816,
                                    "Actual Rows": 1,
                                    "Actual Loops": 1
                                },
                                {
                                    "Worker Number": 1,
                                    "Actual Startup Time": 72.989,
                                    "Actual Total Time": 72.99,
                                    "Actual Rows": 1,
                                    "Actual Loops": 1
                                },
                                {
                                    "Worker Number": 2,
                                    "Actual Startup Time": 73.17,
                                    "Actual Total Time": 73.171,
                                    "Actual Rows": 1,
                                    "Actual Loops": 1
                                }
                            ],
                            "Plans": [
                                {
                                    "Node Type": "Seq Scan",
                                    "Parent Relationship": "Outer",
                                    "Parallel Aware": true,
                                    "Relation Name": "movie_companies",
                                    "Schema": "public",
                                    "Alias": "mc",
                                    "Startup Cost": 0.0,
                                    "Total Cost": 31414.82,
                                    "Plan Rows": 96742,
                                    "Plan Width": 0,
                                    "Actual Startup Time": 38.505,
                                    "Actual Total Time": 69.359,
                                    "Actual Rows": 147842,
                                    "Actual Loops": 4,
                                    "Output": [
                                        "id",
                                        "movie_id",
                                        "company_id",
                                        "company_type_id",
                                        "note"
                                    ],
                                    "Filter": "((mc.company_id > 69854) AND (mc.company_type_id > 1))",
                                    "Rows Removed by Filter": 504441,
                                    "Workers": [
                                        {
                                            "Worker Number": 0,
                                            "Actual Startup Time": 35.772,
                                            "Actual Total Time": 66.995,
                                            "Actual Rows": 137441,
                                            "Actual Loops": 1
                                        },
                                        {
                                            "Worker Number": 1,
                                            "Actual Startup Time": 35.947,
                                            "Actual Total Time": 67.061,
                                            "Actual Rows": 143746,
                                            "Actual Loops": 1
                                        },
                                        {
                                            "Worker Number": 2,
                                            "Actual Startup Time": 36.11,
                                            "Actual Total Time": 67.396,
                                            "Actual Rows": 138290,
                                            "Actual Loops": 1
                                        }
                                    ]
                                }
                            ]
                        }
                    ]
                }
            ]
        },
        "Planning Time": 200.087,
        "Triggers": [],
        "Execution Time": 89.237
    }
]