[
  {
    "Plan": {
      "Node Type": "Aggregate",
      "Strategy": "Plain",
      "Partial Mode": "Finalize",
      "Parallel Aware": false,
      "Startup Cost": 45798.24,
      "Total Cost": 45798.25,
      "Plan Rows": 1,
      "Plan Width": 8,
      "Actual Startup Time": 161.897,
      "Actual Total Time": 171.896,
      "Actual Rows": 1,
      "Actual Loops": 1,
      "Plans": [
        {
          "Node Type": "Gather",
          "Parent Relationship": "Outer",
          "Parallel Aware": false,
          "Startup Cost": 45797.92,
          "Total Cost": 45798.23,
          "Plan Rows": 3,
          "Plan Width": 8,
          "Actual Startup Time": 161.787,
          "Actual Total Time": 171.888,
          "Actual Rows": 4,
          "Actual Loops": 1,
          "Workers Planned": 3,
          "Workers Launched": 3,
          "Single Copy": false,
          "Plans": [
            {
              "Node Type": "Aggregate",
              "Strategy": "Plain",
              "Partial Mode": "Partial",
              "Parent Relationship": "Outer",
              "Parallel Aware": false,
              "Startup Cost": 44797.92,
              "Total Cost": 44797.93,
              "Plan Rows": 1,
              "Plan Width": 8,
              "Actual Startup Time": 153.568,
              "Actual Total Time": 153.569,
              "Actual Rows": 1,
              "Actual Loops": 4,
              "Plans": [
                {
                  "Node Type": "Seq Scan",
                  "Parent Relationship": "Outer",
                  "Parallel Aware": true,
                  "Relation Name": "movie_keyword",
                  "Alias": "mk",
                  "Startup Cost": 0.0,
                  "Total Cost": 42695.65,
                  "Plan Rows": 840908,
                  "Plan Width": 0,
                  "Actual Startup Time": 0.059,
                  "Actual Total Time": 122.565,
                  "Actual Rows": 650626,
                  "Actual Loops": 4,
                  "Filter": "(keyword_id < 7010)",
                  "Rows Removed by Filter": 480356
                }
              ]
            }
          ]
        }
      ]
    },
    "Planning Time": 0.159,
    "Triggers": [],
    "Execution Time": 171.947
  }
]