[
  {
    "Plan": {
      "Node Type": "Aggregate",
      "Strategy": "Plain",
      "Partial Mode": "Finalize",
      "Parallel Aware": false,
      "Startup Cost": 33922.85,
      "Total Cost": 33922.86,
      "Plan Rows": 1,
      "Plan Width": 8,
      "Actual Startup Time": 104.574,
      "Actual Total Time": 114.96,
      "Actual Rows": 1,
      "Actual Loops": 1,
      "Plans": [
        {
          "Node Type": "Gather",
          "Parent Relationship": "Outer",
          "Parallel Aware": false,
          "Startup Cost": 33922.53,
          "Total Cost": 33922.84,
          "Plan Rows": 3,
          "Plan Width": 8,
          "Actual Startup Time": 104.153,
          "Actual Total Time": 114.95,
          "Actual Rows": 4,
          "Actual Loops": 1,
          "Workers Planned": 3,
          "Workers Launched": 3,
          "Single Copy": false,
          "Plans": [
            {
              "Node Type": "Aggregate",
              "Strategy": "Plain",
              "Partial Mode": "Partial",
              "Parent Relationship": "Outer",
              "Parallel Aware": false,
              "Startup Cost": 32922.53,
              "Total Cost": 32922.54,
              "Plan Rows": 1,
              "Plan Width": 8,
              "Actual Startup Time": 99.635,
              "Actual Total Time": 99.637,
              "Actual Rows": 1,
              "Actual Loops": 4,
              "Plans": [
                {
                  "Node Type": "Bitmap Heap Scan",
                  "Parent Relationship": "Outer",
                  "Parallel Aware": true,
                  "Relation Name": "movie_keyword",
                  "Alias": "mk",
                  "Startup Cost": 6895.66,
                  "Total Cost": 32660.39,
                  "Plan Rows": 104858,
                  "Plan Width": 0,
                  "Actual Startup Time": 30.587,
                  "Actual Total Time": 94.401,
                  "Actual Rows": 81394,
                  "Actual Loops": 4,
                  "Recheck Cond": "(keyword_id > 50464)",
                  "Rows Removed by Index Recheck": 0,
                  "Exact Heap Blocks": 11385,
                  "Lossy Heap Blocks": 0,
                  "Plans": [
                    {
                      "Node Type": "Bitmap Index Scan",
                      "Parent Relationship": "Outer",
                      "Parallel Aware": false,
                      "Index Name": "keyword_id_movie_keyword",
                      "Startup Cost": 0.0,
                      "Total Cost": 6814.39,
                      "Plan Rows": 325061,
                      "Plan Width": 0,
                      "Actual Startup Time": 31.212,
                      "Actual Total Time": 31.213,
                      "Actual Rows": 325575,
                      "Actual Loops": 1,
                      "Index Cond": "(keyword_id > 50464)"
                    }
                  ]
                }
              ]
            }
          ]
        }
      ]
    },
    "Planning Time": 0.109,
    "Triggers": [],
    "Execution Time": 115.006
  }
]