[
  {
    "Plan": {
      "Node Type": "Aggregate",
      "Strategy": "Plain",
      "Partial Mode": "Finalize",
      "Parallel Aware": false,
      "Startup Cost": 304262.88,
      "Total Cost": 304262.89,
      "Plan Rows": 1,
      "Plan Width": 8,
      "Actual Startup Time": 573.363,
      "Actual Total Time": 606.817,
      "Actual Rows": 1,
      "Actual Loops": 1,
      "Plans": [
        {
          "Node Type": "Gather",
          "Parent Relationship": "Outer",
          "Parallel Aware": false,
          "Startup Cost": 304262.25,
          "Total Cost": 304262.86,
          "Plan Rows": 6,
          "Plan Width": 8,
          "Actual Startup Time": 559.741,
          "Actual Total Time": 606.804,
          "Actual Rows": 7,
          "Actual Loops": 1,
          "Workers Planned": 6,
          "Workers Launched": 6,
          "Single Copy": false,
          "Plans": [
            {
              "Node Type": "Aggregate",
              "Strategy": "Plain",
              "Partial Mode": "Partial",
              "Parent Relationship": "Outer",
              "Parallel Aware": false,
              "Startup Cost": 303262.25,
              "Total Cost": 303262.26,
              "Plan Rows": 1,
              "Plan Width": 8,
              "Actual Startup Time": 544.676,
              "Actual Total Time": 544.68,
              "Actual Rows": 1,
              "Actual Loops": 7,
              "Plans": [
                {
                  "Node Type": "Hash Join",
                  "Parent Relationship": "Outer",
                  "Parallel Aware": true,
                  "Join Type": "Inner",
                  "Startup Cost": 49126.11,
                  "Total Cost": 302962.93,
                  "Plan Rows": 119729,
                  "Plan Width": 0,
                  "Actual Startup Time": 210.937,
                  "Actual Total Time": 541.966,
                  "Actual Rows": 54109,
                  "Actual Loops": 7,
                  "Inner Unique": true,
                  "Hash Cond": "(ci.movie_id = t.id)",
                  "Plans": [
                    {
                      "Node Type": "Index Scan",
                      "Parent Relationship": "Outer",
                      "Parallel Aware": true,
                      "Scan Direction": "Forward",
                      "Index Name": "role_id_cast_info",
                      "Relation Name": "cast_info",
                      "Alias": "ci",
                      "Startup Cost": 0.56,
                      "Total Cost": 253362.23,
                      "Plan Rows": 181013,
                      "Plan Width": 4,
                      "Actual Startup Time": 0.2,
                      "Actual Total Time": 282.661,
                      "Actual Rows": 81988,
                      "Actual Loops": 7,
                      "Index Cond": "(role_id > 4)",
                      "Rows Removed by Index Recheck": 0,
                      "Filter": "(person_id < 418302)",
                      "Rows Removed by Filter": 1258684
                    },
                    {
                      "Node Type": "Hash",
                      "Parent Relationship": "Inner",
                      "Parallel Aware": true,
                      "Startup Cost": 43899.32,
                      "Total Cost": 43899.32,
                      "Plan Rows": 418098,
                      "Plan Width": 4,
                      "Actual Startup Time": 205.905,
                      "Actual Total Time": 205.907,
                      "Actual Rows": 238756,
                      "Actual Loops": 7,
                      "Hash Buckets": 2097152,
                      "Original Hash Buckets": 2097152,
                      "Hash Batches": 1,
                      "Original Hash Batches": 1,
                      "Peak Memory Usage": 81888,
                      "Plans": [
                        {
                          "Node Type": "Seq Scan",
                          "Parent Relationship": "Outer",
                          "Parallel Aware": true,
                          "Relation Name": "title",
                          "Alias": "t",
                          "Startup Cost": 0.0,
                          "Total Cost": 43899.32,
                          "Plan Rows": 418098,
                          "Plan Width": 4,
                          "Actual Startup Time": 0.05,
                          "Actual Total Time": 85.393,
                          "Actual Rows": 238756,
                          "Actual Loops": 7,
                          "Filter": "(production_year < 2008)",
                          "Rows Removed by Filter": 122431
                        }
                      ]
                    }
                  ]
                }
              ]
            }
          ]
        }
      ]
    },
    "Planning Time": 0.521,
    "Triggers": [],
    "Execution Time": 606.893
  }
]