{
  "Plan": {
    "Node Type": "Aggregate",
    "Strategy": "Plain",
    "Partial Mode": "Finalize",
    "Parallel Aware": false,
    "Startup Cost": 98892.45,
    "Total Cost": 98892.46,
    "Plan Rows": 1,
    "Plan Width": 8,
    "Actual Startup Time": 275.289,
    "Actual Total Time": 287.954,
    "Actual Rows": 1,
    "Actual Loops": 1,
    "Plans": [
      {
        "Node Type": "Gather",
        "Parent Relationship": "Outer",
        "Parallel Aware": false,
        "Startup Cost": 98892.33,
        "Total Cost": 98892.44,
        "Plan Rows": 1,
        "Plan Width": 8,
        "Actual Startup Time": 275.076,
        "Actual Total Time": 287.945,
        "Actual Rows": 2,
        "Actual Loops": 1,
        "Workers Planned": 1,
        "Workers Launched": 1,
        "Single Copy": false,
        "Plans": [
          {
            "Node Type": "Aggregate",
            "Strategy": "Plain",
            "Partial Mode": "Partial",
            "Parent Relationship": "Outer",
            "Parallel Aware": false,
            "Startup Cost": 97892.33,
            "Total Cost": 97892.34,
            "Plan Rows": 1,
            "Plan Width": 8,
            "Actual Startup Time": 269.321,
            "Actual Total Time": 269.325,
            "Actual Rows": 1,
            "Actual Loops": 2,
            "Plans": [
              {
                "Node Type": "Hash Join",
                "Parent Relationship": "Outer",
                "Parallel Aware": true,
                "Join Type": "Inner",
                "Startup Cost": 54857.76,
                "Total Cost": 97872.48,
                "Plan Rows": 7941,
                "Plan Width": 0,
                "Actual Startup Time": 140.997,
                "Actual Total Time": 269.037,
                "Actual Rows": 4737,
                "Actual Loops": 2,
                "Inner Unique": true,
                "Hash Cond": "(mc.movie_id = t.id)",
                "Plans": [
                  {
                    "Node Type": "Index Scan",
                    "Parent Relationship": "Outer",
                    "Parallel Aware": true,
                    "Scan Direction": "Forward",
                    "Index Name": "company_type_id_movie_companies",
                    "Relation Name": "movie_companies",
                    "Alias": "mc",
                    "Startup Cost": 0.43,
                    "Total Cost": 41574.35,
                    "Plan Rows": 548876,
                    "Plan Width": 4,
                    "Actual Startup Time": 0.994,
                    "Actual Total Time": 96.886,
                    "Actual Rows": 385734,
                    "Actual Loops": 2,
                    "Index Cond": "(company_type_id = 1)",
                    "Rows Removed by Index Recheck": 0,
                    "Filter": "(company_id > 1352)",
                    "Rows Removed by Filter": 251390
                  },
                  {
                    "Node Type": "Hash",
                    "Parent Relationship": "Inner",
                    "Parallel Aware": true,
                    "Startup Cost": 54588.39,
                    "Total Cost": 54588.39,
                    "Plan Rows": 21515,
                    "Plan Width": 4,
                    "Actual Startup Time": 138.623,
                    "Actual Total Time": 138.624,
                    "Actual Rows": 18254,
                    "Actual Loops": 2,
                    "Hash Buckets": 65536,
                    "Original Hash Buckets": 65536,
                    "Hash Batches": 1,
                    "Original Hash Batches": 1,
                    "Peak Memory Usage": 1952,
                    "Plans": [
                      {
                        "Node Type": "Seq Scan",
                        "Parent Relationship": "Outer",
                        "Parallel Aware": true,
                        "Relation Name": "title",
                        "Alias": "t",
                        "Startup Cost": 0.0,
                        "Total Cost": 54588.39,
                        "Plan Rows": 21515,
                        "Plan Width": 4,
                        "Actual Startup Time": 0.058,
                        "Actual Total Time": 132.236,
                        "Actual Rows": 18254,
                        "Actual Loops": 2,
                        "Filter": "(production_year = 1996)",
                        "Rows Removed by Filter": 1245902
                      }
                    ]
                  }
                ]
              }
            ]
          }
        ]
      }
    ]
  },
  "Planning Time": 0.368,
  "Triggers": [],
  "Execution Time": 288.015
}