{
  "Plan": {
    "Node Type": "Aggregate",
    "Strategy": "Plain",
    "Partial Mode": "Finalize",
    "Parallel Aware": false,
    "Startup Cost": 78895.56,
    "Total Cost": 78895.57,
    "Plan Rows": 1,
    "Plan Width": 8,
    "Actual Startup Time": 258.227,
    "Actual Total Time": 268.761,
    "Actual Rows": 1,
    "Actual Loops": 1,
    "Plans": [
      {
        "Node Type": "Gather",
        "Parent Relationship": "Outer",
        "Parallel Aware": false,
        "Startup Cost": 78895.45,
        "Total Cost": 78895.56,
        "Plan Rows": 1,
        "Plan Width": 8,
        "Actual Startup Time": 257.774,
        "Actual Total Time": 268.752,
        "Actual Rows": 2,
        "Actual Loops": 1,
        "Workers Planned": 1,
        "Workers Launched": 1,
        "Single Copy": false,
        "Plans": [
          {
            "Node Type": "Aggregate",
            "Strategy": "Plain",
            "Partial Mode": "Partial",
            "Parent Relationship": "Outer",
            "Parallel Aware": false,
            "Startup Cost": 77895.45,
            "Total Cost": 77895.46,
            "Plan Rows": 1,
            "Plan Width": 8,
            "Actual Startup Time": 252.262,
            "Actual Total Time": 252.265,
            "Actual Rows": 1,
            "Actual Loops": 2,
            "Plans": [
              {
                "Node Type": "Hash Join",
                "Parent Relationship": "Outer",
                "Parallel Aware": true,
                "Join Type": "Inner",
                "Startup Cost": 59573.36,
                "Total Cost": 77757.14,
                "Plan Rows": 55321,
                "Plan Width": 0,
                "Actual Startup Time": 148.983,
                "Actual Total Time": 251.738,
                "Actual Rows": 12904,
                "Actual Loops": 2,
                "Inner Unique": true,
                "Hash Cond": "(mi_idx.movie_id = t.id)",
                "Plans": [
                  {
                    "Node Type": "Seq Scan",
                    "Parent Relationship": "Outer",
                    "Parallel Aware": true,
                    "Relation Name": "movie_info_idx",
                    "Alias": "mi_idx",
                    "Startup Cost": 0.0,
                    "Total Cost": 16052.85,
                    "Plan Rows": 811785,
                    "Plan Width": 4,
                    "Actual Startup Time": 0.017,
                    "Actual Total Time": 46.53,
                    "Actual Rows": 690018,
                    "Actual Loops": 2
                  },
                  {
                    "Node Type": "Hash",
                    "Parent Relationship": "Inner",
                    "Parallel Aware": true,
                    "Startup Cost": 58306.47,
                    "Total Cost": 58306.47,
                    "Plan Rows": 101351,
                    "Plan Width": 4,
                    "Actual Startup Time": 145.081,
                    "Actual Total Time": 145.082,
                    "Actual Rows": 39546,
                    "Actual Loops": 2,
                    "Hash Buckets": 262144,
                    "Original Hash Buckets": 262144,
                    "Hash Batches": 1,
                    "Original Hash Batches": 1,
                    "Peak Memory Usage": 5152,
                    "Plans": [
                      {
                        "Node Type": "Seq Scan",
                        "Parent Relationship": "Outer",
                        "Parallel Aware": true,
                        "Relation Name": "title",
                        "Alias": "t",
                        "Startup Cost": 0.0,
                        "Total Cost": 58306.47,
                        "Plan Rows": 101351,
                        "Plan Width": 4,
                        "Actual Startup Time": 0.036,
                        "Actual Total Time": 133.003,
                        "Actual Rows": 39546,
                        "Actual Loops": 2,
                        "Filter": "((production_year < 1965) AND (kind_id = 7))",
                        "Rows Removed by Filter": 1224610
                      }
                    ]
                  }
                ]
              }
            ]
          }
        ]
      }
    ]
  },
  "Planning Time": 0.432,
  "Triggers": [],
  "Execution Time": 268.832
}