[
  {
    "Plan": {
      "Node Type": "Aggregate",
      "Strategy": "Plain",
      "Partial Mode": "Finalize",
      "Parallel Aware": false,
      "Startup Cost": 24818.61,
      "Total Cost": 24818.62,
      "Plan Rows": 1,
      "Plan Width": 8,
      "Actual Startup Time": 46.109,
      "Actual Total Time": 50.241,
      "Actual Rows": 1,
      "Actual Loops": 1,
      "Plans": [
        {
          "Node Type": "Gather",
          "Parent Relationship": "Outer",
          "Parallel Aware": false,
          "Startup Cost": 24818.29,
          "Total Cost": 24818.6,
          "Plan Rows": 3,
          "Plan Width": 8,
          "Actual Startup Time": 45.947,
          "Actual Total Time": 50.233,
          "Actual Rows": 4,
          "Actual Loops": 1,
          "Workers Planned": 3,
          "Workers Launched": 3,
          "Single Copy": false,
          "Plans": [
            {
              "Node Type": "Aggregate",
              "Strategy": "Plain",
              "Partial Mode": "Partial",
              "Parent Relationship": "Outer",
              "Parallel Aware": false,
              "Startup Cost": 23818.29,
              "Total Cost": 23818.3,
              "Plan Rows": 1,
              "Plan Width": 8,
              "Actual Startup Time": 38.12,
              "Actual Total Time": 38.121,
              "Actual Rows": 1,
              "Actual Loops": 4,
              "Plans": [
                {
                  "Node Type": "Bitmap Heap Scan",
                  "Parent Relationship": "Outer",
                  "Parallel Aware": true,
                  "Relation Name": "movie_companies",
                  "Alias": "mc",
                  "Startup Cost": 4043.3,
                  "Total Cost": 23740.98,
                  "Plan Rows": 30926,
                  "Plan Width": 0,
                  "Actual Startup Time": 7.312,
                  "Actual Total Time": 34.245,
                  "Actual Rows": 46049,
                  "Actual Loops": 4,
                  "Recheck Cond": "(company_id > 118785)",
                  "Rows Removed by Index Recheck": 0,
                  "Filter": "(company_type_id = 2)",
                  "Rows Removed by Filter": 0,
                  "Exact Heap Blocks": 1769,
                  "Lossy Heap Blocks": 0,
                  "Plans": [
                    {
                      "Node Type": "Bitmap Index Scan",
                      "Parent Relationship": "Outer",
                      "Parallel Aware": false,
                      "Index Name": "company_id_movie_companies",
                      "Startup Cost": 0.0,
                      "Total Cost": 4019.33,
                      "Plan Rows": 187587,
                      "Plan Width": 0,
                      "Actual Startup Time": 13.707,
                      "Actual Total Time": 13.707,
                      "Actual Rows": 184195,
                      "Actual Loops": 1,
                      "Index Cond": "(company_id > 118785)"
                    }
                  ]
                }
              ]
            }
          ]
        }
      ]
    },
    "Planning Time": 0.129,
    "Triggers": [],
    "Execution Time": 50.284
  }
]