[
  {
    "Plan": {
      "Node Type": "Aggregate",
      "Strategy": "Plain",
      "Partial Mode": "Finalize",
      "Parallel Aware": false,
      "Startup Cost": 45834.83,
      "Total Cost": 45834.84,
      "Plan Rows": 1,
      "Plan Width": 8,
      "Actual Startup Time": 146.393,
      "Actual Total Time": 154.311,
      "Actual Rows": 1,
      "Actual Loops": 1,
      "Plans": [
        {
          "Node Type": "Gather",
          "Parent Relationship": "Outer",
          "Parallel Aware": false,
          "Startup Cost": 45834.52,
          "Total Cost": 45834.83,
          "Plan Rows": 3,
          "Plan Width": 8,
          "Actual Startup Time": 146.302,
          "Actual Total Time": 154.303,
          "Actual Rows": 4,
          "Actual Loops": 1,
          "Workers Planned": 3,
          "Workers Launched": 3,
          "Single Copy": false,
          "Plans": [
            {
              "Node Type": "Aggregate",
              "Strategy": "Plain",
              "Partial Mode": "Partial",
              "Parent Relationship": "Outer",
              "Parallel Aware": false,
              "Startup Cost": 44834.52,
              "Total Cost": 44834.53,
              "Plan Rows": 1,
              "Plan Width": 8,
              "Actual Startup Time": 140.705,
              "Actual Total Time": 140.706,
              "Actual Rows": 1,
              "Actual Loops": 4,
              "Plans": [
                {
                  "Node Type": "Seq Scan",
                  "Parent Relationship": "Outer",
                  "Parallel Aware": true,
                  "Relation Name": "movie_keyword",
                  "Alias": "mk",
                  "Startup Cost": 0.0,
                  "Total Cost": 42695.65,
                  "Plan Rows": 855545,
                  "Plan Width": 0,
                  "Actual Startup Time": 0.473,
                  "Actual Total Time": 110.329,
                  "Actual Rows": 663004,
                  "Actual Loops": 4,
                  "Filter": "(keyword_id > 3169)",
                  "Rows Removed by Filter": 467978
                }
              ]
            }
          ]
        }
      ]
    },
    "Planning Time": 0.18,
    "Triggers": [],
    "Execution Time": 154.366
  }
]