[
  {
    "Plan": {
      "Node Type": "Aggregate",
      "Strategy": "Plain",
      "Partial Mode": "Finalize",
      "Parallel Aware": false,
      "Startup Cost": 338690.53,
      "Total Cost": 338690.54,
      "Plan Rows": 1,
      "Plan Width": 8,
      "Actual Startup Time": 766.202,
      "Actual Total Time": 812.078,
      "Actual Rows": 1,
      "Actual Loops": 1,
      "Plans": [
        {
          "Node Type": "Gather",
          "Parent Relationship": "Outer",
          "Parallel Aware": false,
          "Startup Cost": 338689.9,
          "Total Cost": 338690.51,
          "Plan Rows": 6,
          "Plan Width": 8,
          "Actual Startup Time": 766.047,
          "Actual Total Time": 812.065,
          "Actual Rows": 7,
          "Actual Loops": 1,
          "Workers Planned": 6,
          "Workers Launched": 6,
          "Single Copy": false,
          "Plans": [
            {
              "Node Type": "Aggregate",
              "Strategy": "Plain",
              "Partial Mode": "Partial",
              "Parent Relationship": "Outer",
              "Parallel Aware": false,
              "Startup Cost": 337689.9,
              "Total Cost": 337689.91,
              "Plan Rows": 1,
              "Plan Width": 8,
              "Actual Startup Time": 759.886,
              "Actual Total Time": 759.887,
              "Actual Rows": 1,
              "Actual Loops": 7,
              "Plans": [
                {
                  "Node Type": "Seq Scan",
                  "Parent Relationship": "Outer",
                  "Parallel Aware": true,
                  "Relation Name": "cast_info",
                  "Alias": "ci",
                  "Startup Cost": 0.0,
                  "Total Cost": 328211.39,
                  "Plan Rows": 3791405,
                  "Plan Width": 0,
                  "Actual Startup Time": 150.549,
                  "Actual Total Time": 606.903,
                  "Actual Rows": 3228000,
                  "Actual Loops": 7,
                  "Filter": "(person_id > 1343554)",
                  "Rows Removed by Filter": 1949763
                }
              ]
            }
          ]
        }
      ]
    },
    "Planning Time": 0.207,
    "Triggers": [],
    "Execution Time": 812.147
  }
]