[
  {
    "Plan": {
      "Node Type": "Aggregate",
      "Strategy": "Plain",
      "Partial Mode": "Finalize",
      "Parallel Aware": false,
      "Startup Cost": 299878.85,
      "Total Cost": 299878.86,
      "Plan Rows": 1,
      "Plan Width": 8,
      "Actual Startup Time": 1527.872,
      "Actual Total Time": 1577.212,
      "Actual Rows": 1,
      "Actual Loops": 1,
      "Plans": [
        {
          "Node Type": "Gather",
          "Parent Relationship": "Outer",
          "Parallel Aware": false,
          "Startup Cost": 299878.33,
          "Total Cost": 299878.84,
          "Plan Rows": 5,
          "Plan Width": 8,
          "Actual Startup Time": 1516.318,
          "Actual Total Time": 1577.201,
          "Actual Rows": 6,
          "Actual Loops": 1,
          "Workers Planned": 5,
          "Workers Launched": 5,
          "Single Copy": false,
          "Plans": [
            {
              "Node Type": "Aggregate",
              "Strategy": "Plain",
              "Partial Mode": "Partial",
              "Parent Relationship": "Outer",
              "Parallel Aware": false,
              "Startup Cost": 298878.33,
              "Total Cost": 298878.34,
              "Plan Rows": 1,
              "Plan Width": 8,
              "Actual Startup Time": 1500.799,
              "Actual Total Time": 1501.227,
              "Actual Rows": 1,
              "Actual Loops": 6,
              "Plans": [
                {
                  "Node Type": "Hash Join",
                  "Parent Relationship": "Outer",
                  "Parallel Aware": true,
                  "Join Type": "Inner",
                  "Startup Cost": 86302.6,
                  "Total Cost": 296263.44,
                  "Plan Rows": 1045954,
                  "Plan Width": 0,
                  "Actual Startup Time": 457.094,
                  "Actual Total Time": 1410.185,
                  "Actual Rows": 1970489,
                  "Actual Loops": 6,
                  "Inner Unique": false,
                  "Hash Cond": "(mi.movie_id = t.id)",
                  "Plans": [
                    {
                      "Node Type": "Seq Scan",
                      "Parent Relationship": "Outer",
                      "Parallel Aware": true,
                      "Relation Name": "movie_info",
                      "Alias": "mi",
                      "Startup Cost": 0.0,
                      "Total Cost": 198952.16,
                      "Plan Rows": 2238345,
                      "Plan Width": 4,
                      "Actual Startup Time": 0.025,
                      "Actual Total Time": 368.529,
                      "Actual Rows": 1868457,
                      "Actual Loops": 6,
                      "Filter": "(info_type_id > 3)",
                      "Rows Removed by Filter": 604163
                    },
                    {
                      "Node Type": "Hash",
                      "Parent Relationship": "Inner",
                      "Parallel Aware": true,
                      "Startup Cost": 82610.58,
                      "Total Cost": 82610.58,
                      "Plan Rows": 295361,
                      "Plan Width": 8,
                      "Actual Startup Time": 450.365,
                      "Actual Total Time": 450.792,
                      "Actual Rows": 175774,
                      "Actual Loops": 6,
                      "Hash Buckets": 2097152,
                      "Original Hash Buckets": 2097152,
                      "Hash Batches": 1,
                      "Original Hash Batches": 1,
                      "Peak Memory Usage": 57728,
                      "Plans": [
                        {
                          "Node Type": "Hash Join",
                          "Parent Relationship": "Outer",
                          "Parallel Aware": true,
                          "Join Type": "Inner",
                          "Startup Cost": 36178.71,
                          "Total Cost": 82610.58,
                          "Plan Rows": 295361,
                          "Plan Width": 8,
                          "Actual Startup Time": 146.88,
                          "Actual Total Time": 372.489,
                          "Actual Rows": 175774,
                          "Actual Loops": 6,
                          "Inner Unique": false,
                          "Hash Cond": "(t.id = mc.movie_id)",
                          "Plans": [
                            {
                              "Node Type": "Seq Scan",
                              "Parent Relationship": "Outer",
                              "Parallel Aware": true,
                              "Relation Name": "title",
                              "Alias": "t",
                              "Startup Cost": 0.0,
                              "Total Cost": 42318.73,
                              "Plan Rows": 632073,
                              "Plan Width": 4,
                              "Actual Startup Time": 0.016,
                              "Actual Total Time": 65.865,
                              "Actual Rows": 421385,
                              "Actual Loops": 6
                            },
                            {
                              "Node Type": "Hash",
                              "Parent Relationship": "Inner",
                              "Parallel Aware": true,
                              "Startup Cost": 31414.82,
                              "Total Cost": 31414.82,
                              "Plan Rows": 381111,
                              "Plan Width": 4,
                              "Actual Startup Time": 144.248,
                              "Actual Total Time": 144.249,
                              "Actual Rows": 175774,
                              "Actual Loops": 6,
                              "Hash Buckets": 2097152,
                              "Original Hash Buckets": 2097152,
                              "Hash Batches": 1,
                              "Original Hash Batches": 1,
                              "Peak Memory Usage": 57728,
                              "Plans": [
                                {
                                  "Node Type": "Seq Scan",
                                  "Parent Relationship": "Outer",
                                  "Parallel Aware": true,
                                  "Relation Name": "movie_companies",
                                  "Alias": "mc",
                                  "Startup Cost": 0.0,
                                  "Total Cost": 31414.82,
                                  "Plan Rows": 381111,
                                  "Plan Width": 4,
                                  "Actual Startup Time": 42.187,
                                  "Actual Total Time": 74.991,
                                  "Actual Rows": 175774,
                                  "Actual Loops": 6,
                                  "Filter": "((company_id < 95925) AND (company_type_id = 2))",
                                  "Rows Removed by Filter": 259081
                                }
                              ]
                            }
                          ]
                        }
                      ]
                    }
                  ]
                }
              ]
            }
          ]
        }
      ]
    },
    "Planning Time": 1.532,
    "Triggers": [],
    "Execution Time": 1577.308
  }
]