{
  "Plan": {
    "Node Type": "Aggregate",
    "Strategy": "Plain",
    "Partial Mode": "Finalize",
    "Parallel Aware": false,
    "Startup Cost": 838411.52,
    "Total Cost": 838411.53,
    "Plan Rows": 1,
    "Plan Width": 8,
    "Actual Startup Time": 4225.621,
    "Actual Total Time": 4293.503,
    "Actual Rows": 1,
    "Actual Loops": 1,
    "Plans": [
      {
        "Node Type": "Gather",
        "Parent Relationship": "Outer",
        "Parallel Aware": false,
        "Startup Cost": 838411.41,
        "Total Cost": 838411.52,
        "Plan Rows": 1,
        "Plan Width": 8,
        "Actual Startup Time": 4221.174,
        "Actual Total Time": 4293.495,
        "Actual Rows": 2,
        "Actual Loops": 1,
        "Workers Planned": 1,
        "Workers Launched": 1,
        "Single Copy": false,
        "Plans": [
          {
            "Node Type": "Aggregate",
            "Strategy": "Plain",
            "Partial Mode": "Partial",
            "Parent Relationship": "Outer",
            "Parallel Aware": false,
            "Startup Cost": 837411.41,
            "Total Cost": 837411.42,
            "Plan Rows": 1,
            "Plan Width": 8,
            "Actual Startup Time": 4215.064,
            "Actual Total Time": 4215.068,
            "Actual Rows": 1,
            "Actual Loops": 2,
            "Plans": [
              {
                "Node Type": "Merge Join",
                "Parent Relationship": "Outer",
                "Parallel Aware": false,
                "Join Type": "Inner",
                "Startup Cost": 640787.03,
                "Total Cost": 833906.2,
                "Plan Rows": 1402081,
                "Plan Width": 0,
                "Actual Startup Time": 3602.392,
                "Actual Total Time": 4191.423,
                "Actual Rows": 582936,
                "Actual Loops": 2,
                "Inner Unique": false,
                "Merge Cond": "(mk.movie_id = t.id)",
                "Plans": [
                  {
                    "Node Type": "Index Scan",
                    "Parent Relationship": "Outer",
                    "Parallel Aware": true,
                    "Scan Direction": "Forward",
                    "Index Name": "movie_id_movie_keyword",
                    "Relation Name": "movie_keyword",
                    "Alias": "mk",
                    "Startup Cost": 0.43,
                    "Total Cost": 165212.95,
                    "Plan Rows": 1982941,
                    "Plan Width": 4,
                    "Actual Startup Time": 0.066,
                    "Actual Total Time": 377.461,
                    "Actual Rows": 1681248,
                    "Actual Loops": 2,
                    "Filter": "(keyword_id < 16128)",
                    "Rows Removed by Filter": 580716
                  },
                  {
                    "Node Type": "Sort",
                    "Parent Relationship": "Inner",
                    "Parallel Aware": false,
                    "Startup Cost": 640785.62,
                    "Total Cost": 645254.83,
                    "Plan Rows": 1787684,
                    "Plan Width": 8,
                    "Actual Startup Time": 3602.23,
                    "Actual Total Time": 3646.442,
                    "Actual Rows": 1285268,
                    "Actual Loops": 2,
                    "Sort Key": [
                      "mi.movie_id"
                    ],
                    "Sort Method": "quicksort",
                    "Sort Space Used": 60601,
                    "Sort Space Type": "Memory",
                    "Workers": [
                      {
                        "Worker Number": 0,
                        "Sort Method": "quicksort",
                        "Sort Space Used": 60601,
                        "Sort Space Type": "Memory"
                      }
                    ],
                    "Plans": [
                      {
                        "Node Type": "Hash Join",
                        "Parent Relationship": "Outer",
                        "Parallel Aware": false,
                        "Join Type": "Inner",
                        "Startup Cost": 78970.53,
                        "Total Cost": 455137.67,
                        "Plan Rows": 1787684,
                        "Plan Width": 8,
                        "Actual Startup Time": 348.691,
                        "Actual Total Time": 3431.39,
                        "Actual Rows": 768528,
                        "Actual Loops": 2,
                        "Inner Unique": true,
                        "Hash Cond": "(mi.movie_id = t.id)",
                        "Plans": [
                          {
                            "Node Type": "Seq Scan",
                            "Parent Relationship": "Outer",
                            "Parallel Aware": false,
                            "Relation Name": "movie_info",
                            "Alias": "mi",
                            "Startup Cost": 0.0,
                            "Total Cost": 346788.81,
                            "Plan Rows": 11191727,
                            "Plan Width": 4,
                            "Actual Startup Time": 0.051,
                            "Actual Total Time": 1382.04,
                            "Actual Rows": 11210743,
                            "Actual Loops": 2,
                            "Filter": "(info_type_id > 3)",
                            "Rows Removed by Filter": 3624977
                          },
                          {
                            "Node Type": "Hash",
                            "Parent Relationship": "Inner",
                            "Parallel Aware": false,
                            "Startup Cost": 73922.39,
                            "Total Cost": 73922.39,
                            "Plan Rows": 403851,
                            "Plan Width": 4,
                            "Actual Startup Time": 342.888,
                            "Actual Total Time": 342.889,
                            "Actual Rows": 434218,
                            "Actual Loops": 2,
                            "Hash Buckets": 524288,
                            "Original Hash Buckets": 524288,
                            "Hash Batches": 1,
                            "Original Hash Batches": 1,
                            "Peak Memory Usage": 19362,
                            "Plans": [
                              {
                                "Node Type": "Seq Scan",
                                "Parent Relationship": "Outer",
                                "Parallel Aware": false,
                                "Relation Name": "title",
                                "Alias": "t",
                                "Startup Cost": 0.0,
                                "Total Cost": 73922.39,
                                "Plan Rows": 403851,
                                "Plan Width": 4,
                                "Actual Startup Time": 0.052,
                                "Actual Total Time": 256.193,
                                "Actual Rows": 434218,
                                "Actual Loops": 2,
                                "Filter": "((production_year > 2008) AND (kind_id = 7))",
                                "Rows Removed by Filter": 2094094
                              }
                            ]
                          }
                        ]
                      }
                    ]
                  }
                ]
              }
            ]
          }
        ]
      }
    ]
  },
  "Planning Time": 1.049,
  "Triggers": [],
  "Execution Time": 4304.638
}