[
  {
    "Plan": {
      "Node Type": "Aggregate",
      "Strategy": "Plain",
      "Partial Mode": "Finalize",
      "Parallel Aware": false,
      "Startup Cost": 33115.01,
      "Total Cost": 33115.02,
      "Plan Rows": 1,
      "Plan Width": 8,
      "Actual Startup Time": 122.394,
      "Actual Total Time": 129.194,
      "Actual Rows": 1,
      "Actual Loops": 1,
      "Plans": [
        {
          "Node Type": "Gather",
          "Parent Relationship": "Outer",
          "Parallel Aware": false,
          "Startup Cost": 33114.69,
          "Total Cost": 33115.0,
          "Plan Rows": 3,
          "Plan Width": 8,
          "Actual Startup Time": 122.252,
          "Actual Total Time": 129.182,
          "Actual Rows": 4,
          "Actual Loops": 1,
          "Workers Planned": 3,
          "Workers Launched": 3,
          "Single Copy": false,
          "Plans": [
            {
              "Node Type": "Aggregate",
              "Strategy": "Plain",
              "Partial Mode": "Partial",
              "Parent Relationship": "Outer",
              "Parallel Aware": false,
              "Startup Cost": 32114.69,
              "Total Cost": 32114.7,
              "Plan Rows": 1,
              "Plan Width": 8,
              "Actual Startup Time": 115.346,
              "Actual Total Time": 115.347,
              "Actual Rows": 1,
              "Actual Loops": 4,
              "Plans": [
                {
                  "Node Type": "Seq Scan",
                  "Parent Relationship": "Outer",
                  "Parallel Aware": true,
                  "Relation Name": "movie_companies",
                  "Alias": "mc",
                  "Startup Cost": 0.0,
                  "Total Cost": 31414.82,
                  "Plan Rows": 279949,
                  "Plan Width": 0,
                  "Actual Startup Time": 0.028,
                  "Actual Total Time": 96.096,
                  "Actual Rows": 298229,
                  "Actual Loops": 4,
                  "Filter": "((company_id < 28061) AND (company_type_id < 2))",
                  "Rows Removed by Filter": 354053
                }
              ]
            }
          ]
        }
      ]
    },
    "Planning Time": 0.221,
    "Triggers": [],
    "Execution Time": 129.26
  }
]