[
  {
    "Plan": {
      "Node Type": "Aggregate",
      "Strategy": "Plain",
      "Partial Mode": "Finalize",
      "Parallel Aware": false,
      "Startup Cost": 33440.17,
      "Total Cost": 33440.18,
      "Plan Rows": 1,
      "Plan Width": 8,
      "Actual Startup Time": 104.487,
      "Actual Total Time": 112.289,
      "Actual Rows": 1,
      "Actual Loops": 1,
      "Plans": [
        {
          "Node Type": "Gather",
          "Parent Relationship": "Outer",
          "Parallel Aware": false,
          "Startup Cost": 33439.85,
          "Total Cost": 33440.16,
          "Plan Rows": 3,
          "Plan Width": 8,
          "Actual Startup Time": 104.363,
          "Actual Total Time": 112.283,
          "Actual Rows": 4,
          "Actual Loops": 1,
          "Workers Planned": 3,
          "Workers Launched": 3,
          "Single Copy": false,
          "Plans": [
            {
              "Node Type": "Aggregate",
              "Strategy": "Plain",
              "Partial Mode": "Partial",
              "Parent Relationship": "Outer",
              "Parallel Aware": false,
              "Startup Cost": 32439.85,
              "Total Cost": 32439.86,
              "Plan Rows": 1,
              "Plan Width": 8,
              "Actual Startup Time": 96.102,
              "Actual Total Time": 96.103,
              "Actual Rows": 1,
              "Actual Loops": 4,
              "Plans": [
                {
                  "Node Type": "Seq Scan",
                  "Parent Relationship": "Outer",
                  "Parallel Aware": true,
                  "Relation Name": "movie_companies",
                  "Alias": "mc",
                  "Startup Cost": 0.0,
                  "Total Cost": 31414.82,
                  "Plan Rows": 410012,
                  "Plan Width": 0,
                  "Actual Startup Time": 48.877,
                  "Actual Total Time": 84.203,
                  "Actual Rows": 308690,
                  "Actual Loops": 4,
                  "Filter": "((company_id < 157441) AND (company_type_id > 1))",
                  "Rows Removed by Filter": 343592
                }
              ]
            }
          ]
        }
      ]
    },
    "Planning Time": 0.191,
    "Triggers": [],
    "Execution Time": 112.341
  }
]