{
  "Plan": {
    "Node Type": "Aggregate",
    "Strategy": "Plain",
    "Partial Mode": "Finalize",
    "Parallel Aware": false,
    "Startup Cost": 51111.22,
    "Total Cost": 51111.23,
    "Plan Rows": 1,
    "Plan Width": 8,
    "Actual Startup Time": 131.305,
    "Actual Total Time": 157.803,
    "Actual Rows": 1,
    "Actual Loops": 1,
    "Plans": [
      {
        "Node Type": "Gather",
        "Parent Relationship": "Outer",
        "Parallel Aware": false,
        "Startup Cost": 51111.11,
        "Total Cost": 51111.22,
        "Plan Rows": 1,
        "Plan Width": 8,
        "Actual Startup Time": 131.005,
        "Actual Total Time": 157.794,
        "Actual Rows": 2,
        "Actual Loops": 1,
        "Workers Planned": 1,
        "Workers Launched": 1,
        "Single Copy": false,
        "Plans": [
          {
            "Node Type": "Aggregate",
            "Strategy": "Plain",
            "Partial Mode": "Partial",
            "Parent Relationship": "Outer",
            "Parallel Aware": false,
            "Startup Cost": 50111.11,
            "Total Cost": 50111.12,
            "Plan Rows": 1,
            "Plan Width": 8,
            "Actual Startup Time": 124.885,
            "Actual Total Time": 124.888,
            "Actual Rows": 1,
            "Actual Loops": 2,
            "Plans": [
              {
                "Node Type": "Nested Loop",
                "Parent Relationship": "Outer",
                "Parallel Aware": false,
                "Join Type": "Inner",
                "Startup Cost": 151.06,
                "Total Cost": 50109.82,
                "Plan Rows": 514,
                "Plan Width": 0,
                "Actual Startup Time": 4.438,
                "Actual Total Time": 124.662,
                "Actual Rows": 1954,
                "Actual Loops": 2,
                "Inner Unique": false,
                "Plans": [
                  {
                    "Node Type": "Nested Loop",
                    "Parent Relationship": "Outer",
                    "Parallel Aware": false,
                    "Join Type": "Inner",
                    "Startup Cost": 150.62,
                    "Total Cost": 43931.28,
                    "Plan Rows": 3722,
                    "Plan Width": 8,
                    "Actual Startup Time": 3.481,
                    "Actual Total Time": 30.677,
                    "Actual Rows": 2120,
                    "Actual Loops": 2,
                    "Inner Unique": true,
                    "Plans": [
                      {
                        "Node Type": "Bitmap Heap Scan",
                        "Parent Relationship": "Outer",
                        "Parallel Aware": true,
                        "Relation Name": "movie_keyword",
                        "Alias": "mk",
                        "Startup Cost": 150.19,
                        "Total Cost": 15419.2,
                        "Plan Rows": 4081,
                        "Plan Width": 4,
                        "Actual Startup Time": 3.348,
                        "Actual Total Time": 11.877,
                        "Actual Rows": 2958,
                        "Actual Loops": 2,
                        "Recheck Cond": "(keyword_id = 807)",
                        "Rows Removed by Index Recheck": 0,
                        "Exact Heap Blocks": 3734,
                        "Lossy Heap Blocks": 0,
                        "Plans": [
                          {
                            "Node Type": "Bitmap Index Scan",
                            "Parent Relationship": "Outer",
                            "Parallel Aware": false,
                            "Index Name": "keyword_id_movie_keyword",
                            "Startup Cost": 0.0,
                            "Total Cost": 148.46,
                            "Plan Rows": 6937,
                            "Plan Width": 0,
                            "Actual Startup Time": 3.954,
                            "Actual Total Time": 3.955,
                            "Actual Rows": 5916,
                            "Actual Loops": 1,
                            "Index Cond": "(keyword_id = 807)"
                          }
                        ]
                      },
                      {
                        "Node Type": "Index Scan",
                        "Parent Relationship": "Inner",
                        "Parallel Aware": false,
                        "Scan Direction": "Forward",
                        "Index Name": "title_pkey",
                        "Relation Name": "title",
                        "Alias": "t",
                        "Startup Cost": 0.43,
                        "Total Cost": 6.99,
                        "Plan Rows": 1,
                        "Plan Width": 4,
                        "Actual Startup Time": 0.006,
                        "Actual Total Time": 0.006,
                        "Actual Rows": 1,
                        "Actual Loops": 5916,
                        "Index Cond": "(id = mk.movie_id)",
                        "Rows Removed by Index Recheck": 0,
                        "Filter": "(production_year > 1946)",
                        "Rows Removed by Filter": 0
                      }
                    ]
                  },
                  {
                    "Node Type": "Index Scan",
                    "Parent Relationship": "Inner",
                    "Parallel Aware": false,
                    "Scan Direction": "Forward",
                    "Index Name": "movie_id_movie_info",
                    "Relation Name": "movie_info",
                    "Alias": "mi",
                    "Startup Cost": 0.43,
                    "Total Cost": 1.65,
                    "Plan Rows": 1,
                    "Plan Width": 4,
                    "Actual Startup Time": 0.037,
                    "Actual Total Time": 0.044,
                    "Actual Rows": 1,
                    "Actual Loops": 4241,
                    "Index Cond": "(movie_id = t.id)",
                    "Rows Removed by Index Recheck": 0,
                    "Filter": "(info_type_id = 98)",
                    "Rows Removed by Filter": 57
                  }
                ]
              }
            ]
          }
        ]
      }
    ]
  },
  "Planning Time": 1.064,
  "Triggers": [],
  "Execution Time": 157.915
}