[
  {
    "Plan": {
      "Node Type": "Aggregate",
      "Strategy": "Plain",
      "Partial Mode": "Simple",
      "Parallel Aware": false,
      "Startup Cost": 988.27,
      "Total Cost": 988.28,
      "Plan Rows": 1,
      "Plan Width": 8,
      "Actual Startup Time": 13.399,
      "Actual Total Time": 13.4,
      "Actual Rows": 1,
      "Actual Loops": 1,
      "Plans": [
        {
          "Node Type": "Index Scan",
          "Parent Relationship": "Outer",
          "Parallel Aware": false,
          "Scan Direction": "Forward",
          "Index Name": "person_id_cast_info",
          "Relation Name": "cast_info",
          "Alias": "ci",
          "Startup Cost": 0.56,
          "Total Cost": 987.07,
          "Plan Rows": 480,
          "Plan Width": 0,
          "Actual Startup Time": 13.374,
          "Actual Total Time": 13.39,
          "Actual Rows": 19,
          "Actual Loops": 1,
          "Index Cond": "(person_id = 2688009)",
          "Rows Removed by Index Recheck": 0,
          "Filter": "(role_id < 11)",
          "Rows Removed by Filter": 0
        }
      ]
    },
    "Planning Time": 0.144,
    "Triggers": [],
    "Execution Time": 13.433
  }
]