[
  {
    "Plan": {
      "Node Type": "Aggregate",
      "Strategy": "Plain",
      "Partial Mode": "Simple",
      "Parallel Aware": false,
      "Startup Cost": 1060.9,
      "Total Cost": 1060.91,
      "Plan Rows": 1,
      "Plan Width": 8,
      "Actual Startup Time": 0.791,
      "Actual Total Time": 0.792,
      "Actual Rows": 1,
      "Actual Loops": 1,
      "Plans": [
        {
          "Node Type": "Index Scan",
          "Parent Relationship": "Outer",
          "Parallel Aware": false,
          "Scan Direction": "Forward",
          "Index Name": "person_id_cast_info",
          "Relation Name": "cast_info",
          "Alias": "ci",
          "Startup Cost": 0.56,
          "Total Cost": 1059.67,
          "Plan Rows": 493,
          "Plan Width": 0,
          "Actual Startup Time": 0.767,
          "Actual Total Time": 0.783,
          "Actual Rows": 19,
          "Actual Loops": 1,
          "Index Cond": "(person_id = 2688009)",
          "Rows Removed by Index Recheck": 0,
          "Filter": "(role_id < 11)",
          "Rows Removed by Filter": 0
        }
      ]
    },
    "Planning Time": 0.174,
    "Triggers": [],
    "Execution Time": 0.835
  }
]