{
  "Plan": {
    "Node Type": "Aggregate",
    "Strategy": "Plain",
    "Partial Mode": "Finalize",
    "Parallel Aware": false,
    "Startup Cost": 82526.13,
    "Total Cost": 82526.14,
    "Plan Rows": 1,
    "Plan Width": 8,
    "Actual Startup Time": 377.825,
    "Actual Total Time": 391.222,
    "Actual Rows": 1,
    "Actual Loops": 1,
    "Plans": [
      {
        "Node Type": "Gather",
        "Parent Relationship": "Outer",
        "Parallel Aware": false,
        "Startup Cost": 82526.02,
        "Total Cost": 82526.13,
        "Plan Rows": 1,
        "Plan Width": 8,
        "Actual Startup Time": 376.173,
        "Actual Total Time": 391.213,
        "Actual Rows": 2,
        "Actual Loops": 1,
        "Workers Planned": 1,
        "Workers Launched": 1,
        "Single Copy": false,
        "Plans": [
          {
            "Node Type": "Aggregate",
            "Strategy": "Plain",
            "Partial Mode": "Partial",
            "Parent Relationship": "Outer",
            "Parallel Aware": false,
            "Startup Cost": 81526.02,
            "Total Cost": 81526.03,
            "Plan Rows": 1,
            "Plan Width": 8,
            "Actual Startup Time": 370.798,
            "Actual Total Time": 370.801,
            "Actual Rows": 1,
            "Actual Loops": 2,
            "Plans": [
              {
                "Node Type": "Hash Join",
                "Parent Relationship": "Outer",
                "Parallel Aware": true,
                "Join Type": "Inner",
                "Startup Cost": 62846.59,
                "Total Cost": 81030.38,
                "Plan Rows": 198254,
                "Plan Width": 0,
                "Actual Startup Time": 233.326,
                "Actual Total Time": 366.246,
                "Actual Rows": 113716,
                "Actual Loops": 2,
                "Inner Unique": true,
                "Hash Cond": "(mi_idx.movie_id = t.id)",
                "Plans": [
                  {
                    "Node Type": "Seq Scan",
                    "Parent Relationship": "Outer",
                    "Parallel Aware": true,
                    "Relation Name": "movie_info_idx",
                    "Alias": "mi_idx",
                    "Startup Cost": 0.0,
                    "Total Cost": 16052.85,
                    "Plan Rows": 811785,
                    "Plan Width": 4,
                    "Actual Startup Time": 0.018,
                    "Actual Total Time": 47.329,
                    "Actual Rows": 690018,
                    "Actual Loops": 2
                  },
                  {
                    "Node Type": "Hash",
                    "Parent Relationship": "Inner",
                    "Parallel Aware": true,
                    "Startup Cost": 58306.47,
                    "Total Cost": 58306.47,
                    "Plan Rows": 363210,
                    "Plan Width": 4,
                    "Actual Startup Time": 223.674,
                    "Actual Total Time": 223.675,
                    "Actual Rows": 249780,
                    "Actual Loops": 2,
                    "Hash Buckets": 1048576,
                    "Original Hash Buckets": 1048576,
                    "Hash Batches": 1,
                    "Original Hash Batches": 1,
                    "Peak Memory Usage": 27776,
                    "Plans": [
                      {
                        "Node Type": "Seq Scan",
                        "Parent Relationship": "Outer",
                        "Parallel Aware": true,
                        "Relation Name": "title",
                        "Alias": "t",
                        "Startup Cost": 0.0,
                        "Total Cost": 58306.47,
                        "Plan Rows": 363210,
                        "Plan Width": 4,
                        "Actual Startup Time": 0.035,
                        "Actual Total Time": 151.508,
                        "Actual Rows": 249780,
                        "Actual Loops": 2,
                        "Filter": "((kind_id > 2) AND (production_year < 1997))",
                        "Rows Removed by Filter": 1014376
                      }
                    ]
                  }
                ]
              }
            ]
          }
        ]
      }
    ]
  },
  "Planning Time": 0.393,
  "Triggers": [],
  "Execution Time": 391.285
}