{
  "Plan": {
    "Node Type": "Aggregate",
    "Strategy": "Plain",
    "Partial Mode": "Finalize",
    "Parallel Aware": false,
    "Startup Cost": 85509.97,
    "Total Cost": 85509.98,
    "Plan Rows": 1,
    "Plan Width": 8,
    "Actual Startup Time": 151.189,
    "Actual Total Time": 161.612,
    "Actual Rows": 1,
    "Actual Loops": 1,
    "Plans": [
      {
        "Node Type": "Gather",
        "Parent Relationship": "Outer",
        "Parallel Aware": false,
        "Startup Cost": 85509.86,
        "Total Cost": 85509.97,
        "Plan Rows": 1,
        "Plan Width": 8,
        "Actual Startup Time": 150.973,
        "Actual Total Time": 161.6,
        "Actual Rows": 2,
        "Actual Loops": 1,
        "Workers Planned": 1,
        "Workers Launched": 1,
        "Single Copy": false,
        "Plans": [
          {
            "Node Type": "Aggregate",
            "Strategy": "Plain",
            "Partial Mode": "Partial",
            "Parent Relationship": "Outer",
            "Parallel Aware": false,
            "Startup Cost": 84509.86,
            "Total Cost": 84509.87,
            "Plan Rows": 1,
            "Plan Width": 8,
            "Actual Startup Time": 147.77,
            "Actual Total Time": 147.773,
            "Actual Rows": 1,
            "Actual Loops": 2,
            "Plans": [
              {
                "Node Type": "Hash Join",
                "Parent Relationship": "Outer",
                "Parallel Aware": true,
                "Join Type": "Inner",
                "Startup Cost": 59008.53,
                "Total Cost": 84509.51,
                "Plan Rows": 139,
                "Plan Width": 0,
                "Actual Startup Time": 136.743,
                "Actual Total Time": 147.744,
                "Actual Rows": 329,
                "Actual Loops": 2,
                "Inner Unique": true,
                "Hash Cond": "(mk.movie_id = t.id)",
                "Plans": [
                  {
                    "Node Type": "Bitmap Heap Scan",
                    "Parent Relationship": "Outer",
                    "Parallel Aware": true,
                    "Relation Name": "movie_keyword",
                    "Alias": "mk",
                    "Startup Cost": 522.25,
                    "Total Cost": 25985.42,
                    "Plan Rows": 14407,
                    "Plan Width": 4,
                    "Actual Startup Time": 3.037,
                    "Actual Total Time": 12.495,
                    "Actual Rows": 11457,
                    "Actual Loops": 2,
                    "Recheck Cond": "(keyword_id > 115220)",
                    "Rows Removed by Index Recheck": 0,
                    "Exact Heap Blocks": 4915,
                    "Lossy Heap Blocks": 0,
                    "Plans": [
                      {
                        "Node Type": "Bitmap Index Scan",
                        "Parent Relationship": "Outer",
                        "Parallel Aware": false,
                        "Index Name": "keyword_id_movie_keyword",
                        "Startup Cost": 0.0,
                        "Total Cost": 516.12,
                        "Plan Rows": 24492,
                        "Plan Width": 0,
                        "Actual Startup Time": 2.044,
                        "Actual Total Time": 2.045,
                        "Actual Rows": 22914,
                        "Actual Loops": 1,
                        "Index Cond": "(keyword_id > 115220)"
                      }
                    ]
                  },
                  {
                    "Node Type": "Hash",
                    "Parent Relationship": "Inner",
                    "Parallel Aware": true,
                    "Startup Cost": 58306.47,
                    "Total Cost": 58306.47,
                    "Plan Rows": 14385,
                    "Plan Width": 4,
                    "Actual Startup Time": 132.431,
                    "Actual Total Time": 132.432,
                    "Actual Rows": 10316,
                    "Actual Loops": 2,
                    "Hash Buckets": 32768,
                    "Original Hash Buckets": 32768,
                    "Hash Batches": 1,
                    "Original Hash Batches": 1,
                    "Peak Memory Usage": 1088,
                    "Plans": [
                      {
                        "Node Type": "Seq Scan",
                        "Parent Relationship": "Outer",
                        "Parallel Aware": true,
                        "Relation Name": "title",
                        "Alias": "t",
                        "Startup Cost": 0.0,
                        "Total Cost": 58306.47,
                        "Plan Rows": 14385,
                        "Plan Width": 4,
                        "Actual Startup Time": 0.101,
                        "Actual Total Time": 129.307,
                        "Actual Rows": 10316,
                        "Actual Loops": 2,
                        "Filter": "((kind_id < 7) AND (production_year = 2002))",
                        "Rows Removed by Filter": 1253840
                      }
                    ]
                  }
                ]
              }
            ]
          }
        ]
      }
    ]
  },
  "Planning Time": 0.473,
  "Triggers": [],
  "Execution Time": 161.686
}