{
  "Plan": {
    "Node Type": "Aggregate",
    "Strategy": "Plain",
    "Partial Mode": "Finalize",
    "Parallel Aware": false,
    "Startup Cost": 78187.65,
    "Total Cost": 78187.66,
    "Plan Rows": 1,
    "Plan Width": 8,
    "Actual Startup Time": 148.279,
    "Actual Total Time": 158.008,
    "Actual Rows": 1,
    "Actual Loops": 1,
    "Plans": [
      {
        "Node Type": "Gather",
        "Parent Relationship": "Outer",
        "Parallel Aware": false,
        "Startup Cost": 78187.54,
        "Total Cost": 78187.65,
        "Plan Rows": 1,
        "Plan Width": 8,
        "Actual Startup Time": 148.14,
        "Actual Total Time": 158.002,
        "Actual Rows": 2,
        "Actual Loops": 1,
        "Workers Planned": 1,
        "Workers Launched": 1,
        "Single Copy": false,
        "Plans": [
          {
            "Node Type": "Aggregate",
            "Strategy": "Plain",
            "Partial Mode": "Partial",
            "Parent Relationship": "Outer",
            "Parallel Aware": false,
            "Startup Cost": 77187.54,
            "Total Cost": 77187.55,
            "Plan Rows": 1,
            "Plan Width": 8,
            "Actual Startup Time": 144.141,
            "Actual Total Time": 144.145,
            "Actual Rows": 1,
            "Actual Loops": 2,
            "Plans": [
              {
                "Node Type": "Nested Loop",
                "Parent Relationship": "Outer",
                "Parallel Aware": false,
                "Join Type": "Inner",
                "Startup Cost": 21053.78,
                "Total Cost": 77187.03,
                "Plan Rows": 206,
                "Plan Width": 0,
                "Actual Startup Time": 33.202,
                "Actual Total Time": 144.135,
                "Actual Rows": 5,
                "Actual Loops": 2,
                "Inner Unique": false,
                "Plans": [
                  {
                    "Node Type": "Hash Join",
                    "Parent Relationship": "Outer",
                    "Parallel Aware": true,
                    "Join Type": "Inner",
                    "Startup Cost": 21053.35,
                    "Total Cost": 76179.78,
                    "Plan Rows": 1132,
                    "Plan Width": 8,
                    "Actual Startup Time": 32.795,
                    "Actual Total Time": 143.765,
                    "Actual Rows": 22,
                    "Actual Loops": 2,
                    "Inner Unique": false,
                    "Hash Cond": "(t.id = mc.movie_id)",
                    "Plans": [
                      {
                        "Node Type": "Seq Scan",
                        "Parent Relationship": "Outer",
                        "Parallel Aware": true,
                        "Relation Name": "title",
                        "Alias": "t",
                        "Startup Cost": 0.0,
                        "Total Cost": 54588.39,
                        "Plan Rows": 85020,
                        "Plan Width": 4,
                        "Actual Startup Time": 0.01,
                        "Actual Total Time": 113.149,
                        "Actual Rows": 70852,
                        "Actual Loops": 2,
                        "Filter": "(production_year = 2010)",
                        "Rows Removed by Filter": 1193304
                      },
                      {
                        "Node Type": "Hash",
                        "Parent Relationship": "Inner",
                        "Parallel Aware": true,
                        "Startup Cost": 20805.7,
                        "Total Cost": 20805.7,
                        "Plan Rows": 19812,
                        "Plan Width": 4,
                        "Actual Startup Time": 22.168,
                        "Actual Total Time": 22.169,
                        "Actual Rows": 4145,
                        "Actual Loops": 2,
                        "Hash Buckets": 65536,
                        "Original Hash Buckets": 65536,
                        "Hash Batches": 1,
                        "Original Hash Batches": 1,
                        "Peak Memory Usage": 864,
                        "Plans": [
                          {
                            "Node Type": "Bitmap Heap Scan",
                            "Parent Relationship": "Outer",
                            "Parallel Aware": true,
                            "Relation Name": "movie_companies",
                            "Alias": "mc",
                            "Startup Cost": 1430.38,
                            "Total Cost": 20805.7,
                            "Plan Rows": 19812,
                            "Plan Width": 4,
                            "Actual Startup Time": 18.719,
                            "Actual Total Time": 21.147,
                            "Actual Rows": 4145,
                            "Actual Loops": 2,
                            "Recheck Cond": "(company_id < 11)",
                            "Rows Removed by Index Recheck": 0,
                            "Filter": "(company_type_id = 2)",
                            "Rows Removed by Filter": 30819,
                            "Exact Heap Blocks": 5878,
                            "Lossy Heap Blocks": 0,
                            "Plans": [
                              {
                                "Node Type": "Bitmap Index Scan",
                                "Parent Relationship": "Outer",
                                "Parallel Aware": false,
                                "Index Name": "company_id_movie_companies",
                                "Startup Cost": 0.0,
                                "Total Cost": 1421.96,
                                "Plan Rows": 66337,
                                "Plan Width": 0,
                                "Actual Startup Time": 5.444,
                                "Actual Total Time": 5.445,
                                "Actual Rows": 69928,
                                "Actual Loops": 1,
                                "Index Cond": "(company_id < 11)"
                              }
                            ]
                          }
                        ]
                      }
                    ]
                  },
                  {
                    "Node Type": "Index Scan",
                    "Parent Relationship": "Inner",
                    "Parallel Aware": false,
                    "Scan Direction": "Forward",
                    "Index Name": "movie_id_movie_info_idx",
                    "Relation Name": "movie_info_idx",
                    "Alias": "mi_idx",
                    "Startup Cost": 0.43,
                    "Total Cost": 0.88,
                    "Plan Rows": 1,
                    "Plan Width": 4,
                    "Actual Startup Time": 0.015,
                    "Actual Total Time": 0.015,
                    "Actual Rows": 0,
                    "Actual Loops": 45,
                    "Index Cond": "(movie_id = t.id)",
                    "Rows Removed by Index Recheck": 0,
                    "Filter": "(info_type_id = 101)",
                    "Rows Removed by Filter": 0
                  }
                ]
              }
            ]
          }
        ]
      }
    ]
  },
  "Planning Time": 0.547,
  "Triggers": [],
  "Execution Time": 158.067
}