{
  "Plan": {
    "Node Type": "Aggregate",
    "Strategy": "Plain",
    "Partial Mode": "Finalize",
    "Parallel Aware": false,
    "Startup Cost": 668170.23,
    "Total Cost": 668170.24,
    "Plan Rows": 1,
    "Plan Width": 8,
    "Actual Startup Time": 2546.794,
    "Actual Total Time": 2590.328,
    "Actual Rows": 1,
    "Actual Loops": 1,
    "Plans": [
      {
        "Node Type": "Gather",
        "Parent Relationship": "Outer",
        "Parallel Aware": false,
        "Startup Cost": 668170.11,
        "Total Cost": 668170.22,
        "Plan Rows": 1,
        "Plan Width": 8,
        "Actual Startup Time": 2543.616,
        "Actual Total Time": 2590.319,
        "Actual Rows": 2,
        "Actual Loops": 1,
        "Workers Planned": 1,
        "Workers Launched": 1,
        "Single Copy": false,
        "Plans": [
          {
            "Node Type": "Aggregate",
            "Strategy": "Plain",
            "Partial Mode": "Partial",
            "Parent Relationship": "Outer",
            "Parallel Aware": false,
            "Startup Cost": 667170.11,
            "Total Cost": 667170.12,
            "Plan Rows": 1,
            "Plan Width": 8,
            "Actual Startup Time": 2535.77,
            "Actual Total Time": 2536.342,
            "Actual Rows": 1,
            "Actual Loops": 2,
            "Plans": [
              {
                "Node Type": "Hash Join",
                "Parent Relationship": "Outer",
                "Parallel Aware": true,
                "Join Type": "Inner",
                "Startup Cost": 315165.5,
                "Total Cost": 661490.04,
                "Plan Rows": 2272029,
                "Plan Width": 0,
                "Actual Startup Time": 1350.302,
                "Actual Total Time": 2504.608,
                "Actual Rows": 701958,
                "Actual Loops": 2,
                "Inner Unique": false,
                "Hash Cond": "(ci.movie_id = t.id)",
                "Plans": [
                  {
                    "Node Type": "Bitmap Heap Scan",
                    "Parent Relationship": "Outer",
                    "Parallel Aware": true,
                    "Relation Name": "cast_info",
                    "Alias": "ci",
                    "Startup Cost": 185479.17,
                    "Total Cost": 499914.36,
                    "Plan Rows": 4939856,
                    "Plan Width": 4,
                    "Actual Startup Time": 580.784,
                    "Actual Total Time": 1080.884,
                    "Actual Rows": 4150795,
                    "Actual Loops": 2,
                    "Recheck Cond": "(person_id > 2852558)",
                    "Rows Removed by Index Recheck": 0,
                    "Exact Heap Blocks": 55254,
                    "Lossy Heap Blocks": 0,
                    "Plans": [
                      {
                        "Node Type": "Bitmap Index Scan",
                        "Parent Relationship": "Outer",
                        "Parallel Aware": false,
                        "Index Name": "person_id_cast_info",
                        "Startup Cost": 0.0,
                        "Total Cost": 183379.73,
                        "Plan Rows": 8397755,
                        "Plan Width": 0,
                        "Actual Startup Time": 554.195,
                        "Actual Total Time": 554.195,
                        "Actual Rows": 8301590,
                        "Actual Loops": 1,
                        "Index Cond": "(person_id > 2852558)"
                      }
                    ]
                  },
                  {
                    "Node Type": "Hash",
                    "Parent Relationship": "Inner",
                    "Parallel Aware": true,
                    "Startup Cost": 121135.9,
                    "Total Cost": 121135.9,
                    "Plan Rows": 684035,
                    "Plan Width": 8,
                    "Actual Startup Time": 755.147,
                    "Actual Total Time": 755.717,
                    "Actual Rows": 128808,
                    "Actual Loops": 2,
                    "Hash Buckets": 2097152,
                    "Original Hash Buckets": 2097152,
                    "Hash Batches": 1,
                    "Original Hash Batches": 1,
                    "Peak Memory Usage": 26496,
                    "Plans": [
                      {
                        "Node Type": "Hash Join",
                        "Parent Relationship": "Outer",
                        "Parallel Aware": true,
                        "Join Type": "Inner",
                        "Startup Cost": 63085.06,
                        "Total Cost": 121135.9,
                        "Plan Rows": 684035,
                        "Plan Width": 8,
                        "Actual Startup Time": 276.174,
                        "Actual Total Time": 721.71,
                        "Actual Rows": 128808,
                        "Actual Loops": 2,
                        "Inner Unique": true,
                        "Hash Cond": "(mk.movie_id = t.id)",
                        "Plans": [
                          {
                            "Node Type": "Seq Scan",
                            "Parent Relationship": "Outer",
                            "Parallel Aware": true,
                            "Relation Name": "movie_keyword",
                            "Alias": "mk",
                            "Startup Cost": 0.0,
                            "Total Cost": 51065.35,
                            "Plan Rows": 2661135,
                            "Plan Width": 4,
                            "Actual Startup Time": 0.016,
                            "Actual Total Time": 199.455,
                            "Actual Rows": 2261965,
                            "Actual Loops": 2
                          },
                          {
                            "Node Type": "Hash",
                            "Parent Relationship": "Inner",
                            "Parallel Aware": true,
                            "Startup Cost": 58306.47,
                            "Total Cost": 58306.47,
                            "Plan Rows": 382287,
                            "Plan Width": 4,
                            "Actual Startup Time": 272.019,
                            "Actual Total Time": 272.02,
                            "Actual Rows": 278398,
                            "Actual Loops": 2,
                            "Hash Buckets": 1048576,
                            "Original Hash Buckets": 1048576,
                            "Hash Batches": 1,
                            "Original Hash Batches": 1,
                            "Peak Memory Usage": 30016,
                            "Plans": [
                              {
                                "Node Type": "Seq Scan",
                                "Parent Relationship": "Outer",
                                "Parallel Aware": true,
                                "Relation Name": "title",
                                "Alias": "t",
                                "Startup Cost": 0.0,
                                "Total Cost": 58306.47,
                                "Plan Rows": 382287,
                                "Plan Width": 4,
                                "Actual Startup Time": 0.038,
                                "Actual Total Time": 178.276,
                                "Actual Rows": 278398,
                                "Actual Loops": 2,
                                "Filter": "((production_year < 2001) AND (kind_id = 7))",
                                "Rows Removed by Filter": 985758
                              }
                            ]
                          }
                        ]
                      }
                    ]
                  }
                ]
              }
            ]
          }
        ]
      }
    ]
  },
  "Planning Time": 1.046,
  "Triggers": [],
  "Execution Time": 2590.434
}