{
  "Plan": {
    "Node Type": "Aggregate",
    "Strategy": "Plain",
    "Partial Mode": "Finalize",
    "Parallel Aware": false,
    "Startup Cost": 65397.82,
    "Total Cost": 65397.83,
    "Plan Rows": 1,
    "Plan Width": 8,
    "Actual Startup Time": 145.626,
    "Actual Total Time": 159.426,
    "Actual Rows": 1,
    "Actual Loops": 1,
    "Plans": [
      {
        "Node Type": "Gather",
        "Parent Relationship": "Outer",
        "Parallel Aware": false,
        "Startup Cost": 65397.7,
        "Total Cost": 65397.81,
        "Plan Rows": 1,
        "Plan Width": 8,
        "Actual Startup Time": 145.506,
        "Actual Total Time": 159.42,
        "Actual Rows": 2,
        "Actual Loops": 1,
        "Workers Planned": 1,
        "Workers Launched": 1,
        "Single Copy": false,
        "Plans": [
          {
            "Node Type": "Aggregate",
            "Strategy": "Plain",
            "Partial Mode": "Partial",
            "Parent Relationship": "Outer",
            "Parallel Aware": false,
            "Startup Cost": 64397.7,
            "Total Cost": 64397.71,
            "Plan Rows": 1,
            "Plan Width": 8,
            "Actual Startup Time": 142.371,
            "Actual Total Time": 142.373,
            "Actual Rows": 1,
            "Actual Loops": 2,
            "Plans": [
              {
                "Node Type": "Nested Loop",
                "Parent Relationship": "Outer",
                "Parallel Aware": false,
                "Join Type": "Inner",
                "Startup Cost": 0.43,
                "Total Cost": 64396.29,
                "Plan Rows": 565,
                "Plan Width": 0,
                "Actual Startup Time": 86.835,
                "Actual Total Time": 142.183,
                "Actual Rows": 3382,
                "Actual Loops": 2,
                "Inner Unique": false,
                "Plans": [
                  {
                    "Node Type": "Seq Scan",
                    "Parent Relationship": "Outer",
                    "Parallel Aware": true,
                    "Relation Name": "title",
                    "Alias": "t",
                    "Startup Cost": 0.0,
                    "Total Cost": 54588.39,
                    "Plan Rows": 1065,
                    "Plan Width": 4,
                    "Actual Startup Time": 68.886,
                    "Actual Total Time": 129.553,
                    "Actual Rows": 1234,
                    "Actual Loops": 2,
                    "Filter": "(production_year = 1935)",
                    "Rows Removed by Filter": 1262922
                  },
                  {
                    "Node Type": "Index Scan",
                    "Parent Relationship": "Inner",
                    "Parallel Aware": false,
                    "Scan Direction": "Forward",
                    "Index Name": "movie_id_movie_keyword",
                    "Relation Name": "movie_keyword",
                    "Alias": "mk",
                    "Startup Cost": 0.43,
                    "Total Cost": 9.08,
                    "Plan Rows": 13,
                    "Plan Width": 4,
                    "Actual Startup Time": 0.009,
                    "Actual Total Time": 0.01,
                    "Actual Rows": 3,
                    "Actual Loops": 2467,
                    "Index Cond": "(movie_id = t.id)",
                    "Rows Removed by Index Recheck": 0,
                    "Filter": "(keyword_id < 1767)",
                    "Rows Removed by Filter": 7
                  }
                ]
              }
            ]
          }
        ]
      }
    ]
  },
  "Planning Time": 0.294,
  "Triggers": [],
  "Execution Time": 159.473
}