[
  {
    "Plan": {
      "Node Type": "Aggregate",
      "Strategy": "Plain",
      "Partial Mode": "Finalize",
      "Parallel Aware": false,
      "Startup Cost": 236026.3,
      "Total Cost": 236026.31,
      "Plan Rows": 1,
      "Plan Width": 8,
      "Actual Startup Time": 489.757,
      "Actual Total Time": 511.679,
      "Actual Rows": 1,
      "Actual Loops": 1,
      "Plans": [
        {
          "Node Type": "Gather",
          "Parent Relationship": "Outer",
          "Parallel Aware": false,
          "Startup Cost": 236025.78,
          "Total Cost": 236026.29,
          "Plan Rows": 5,
          "Plan Width": 8,
          "Actual Startup Time": 463.53,
          "Actual Total Time": 511.668,
          "Actual Rows": 6,
          "Actual Loops": 1,
          "Workers Planned": 5,
          "Workers Launched": 5,
          "Single Copy": false,
          "Plans": [
            {
              "Node Type": "Aggregate",
              "Strategy": "Plain",
              "Partial Mode": "Partial",
              "Parent Relationship": "Outer",
              "Parallel Aware": false,
              "Startup Cost": 235025.78,
              "Total Cost": 235025.79,
              "Plan Rows": 1,
              "Plan Width": 8,
              "Actual Startup Time": 441.997,
              "Actual Total Time": 442.002,
              "Actual Rows": 1,
              "Actual Loops": 6,
              "Plans": [
                {
                  "Node Type": "Hash Join",
                  "Parent Relationship": "Outer",
                  "Parallel Aware": true,
                  "Join Type": "Inner",
                  "Startup Cost": 69317.16,
                  "Total Cost": 234498.74,
                  "Plan Rows": 210815,
                  "Plan Width": 0,
                  "Actual Startup Time": 301.953,
                  "Actual Total Time": 433.229,
                  "Actual Rows": 166732,
                  "Actual Loops": 6,
                  "Inner Unique": true,
                  "Hash Cond": "(mi.movie_id = t.id)",
                  "Plans": [
                    {
                      "Node Type": "Bitmap Heap Scan",
                      "Parent Relationship": "Outer",
                      "Parallel Aware": true,
                      "Relation Name": "movie_info",
                      "Alias": "mi",
                      "Startup Cost": 19097.52,
                      "Total Cost": 183725.7,
                      "Plan Rows": 210815,
                      "Plan Width": 4,
                      "Actual Startup Time": 37.74,
                      "Actual Total Time": 98.523,
                      "Actual Rows": 166732,
                      "Actual Loops": 6,
                      "Recheck Cond": "(info_type_id > 88)",
                      "Rows Removed by Index Recheck": 0,
                      "Exact Heap Blocks": 7630,
                      "Lossy Heap Blocks": 0,
                      "Plans": [
                        {
                          "Node Type": "Bitmap Index Scan",
                          "Parent Relationship": "Outer",
                          "Parallel Aware": false,
                          "Index Name": "info_type_id_movie_info",
                          "Startup Cost": 0.0,
                          "Total Cost": 18834.0,
                          "Plan Rows": 1054075,
                          "Plan Width": 0,
                          "Actual Startup Time": 32.096,
                          "Actual Total Time": 32.097,
                          "Actual Rows": 1000392,
                          "Actual Loops": 1,
                          "Index Cond": "(info_type_id > 88)"
                        }
                      ]
                    },
                    {
                      "Node Type": "Hash",
                      "Parent Relationship": "Inner",
                      "Parallel Aware": true,
                      "Startup Cost": 42318.73,
                      "Total Cost": 42318.73,
                      "Plan Rows": 632073,
                      "Plan Width": 4,
                      "Actual Startup Time": 256.432,
                      "Actual Total Time": 256.433,
                      "Actual Rows": 421385,
                      "Actual Loops": 6,
                      "Hash Buckets": 4194304,
                      "Original Hash Buckets": 4194304,
                      "Hash Batches": 1,
                      "Original Hash Batches": 1,
                      "Peak Memory Usage": 131776,
                      "Plans": [
                        {
                          "Node Type": "Seq Scan",
                          "Parent Relationship": "Outer",
                          "Parallel Aware": true,
                          "Relation Name": "title",
                          "Alias": "t",
                          "Startup Cost": 0.0,
                          "Total Cost": 42318.73,
                          "Plan Rows": 632073,
                          "Plan Width": 4,
                          "Actual Startup Time": 0.037,
                          "Actual Total Time": 75.032,
                          "Actual Rows": 421385,
                          "Actual Loops": 6
                        }
                      ]
                    }
                  ]
                }
              ]
            }
          ]
        }
      ]
    },
    "Planning Time": 0.607,
    "Triggers": [],
    "Execution Time": 511.77
  }
]