[
  {
    "Plan": {
      "Node Type": "Aggregate",
      "Strategy": "Plain",
      "Partial Mode": "Finalize",
      "Parallel Aware": false,
      "Startup Cost": 170203.89,
      "Total Cost": 170203.9,
      "Plan Rows": 1,
      "Plan Width": 8,
      "Actual Startup Time": 154.269,
      "Actual Total Time": 182.613,
      "Actual Rows": 1,
      "Actual Loops": 1,
      "Plans": [
        {
          "Node Type": "Gather",
          "Parent Relationship": "Outer",
          "Parallel Aware": false,
          "Startup Cost": 170203.47,
          "Total Cost": 170203.88,
          "Plan Rows": 4,
          "Plan Width": 8,
          "Actual Startup Time": 154.07,
          "Actual Total Time": 182.604,
          "Actual Rows": 5,
          "Actual Loops": 1,
          "Workers Planned": 4,
          "Workers Launched": 4,
          "Single Copy": false,
          "Plans": [
            {
              "Node Type": "Aggregate",
              "Strategy": "Plain",
              "Partial Mode": "Partial",
              "Parent Relationship": "Outer",
              "Parallel Aware": false,
              "Startup Cost": 169203.47,
              "Total Cost": 169203.48,
              "Plan Rows": 1,
              "Plan Width": 8,
              "Actual Startup Time": 147.291,
              "Actual Total Time": 147.293,
              "Actual Rows": 1,
              "Actual Loops": 5,
              "Plans": [
                {
                  "Node Type": "Nested Loop",
                  "Parent Relationship": "Outer",
                  "Parallel Aware": false,
                  "Join Type": "Inner",
                  "Startup Cost": 0.56,
                  "Total Cost": 169174.05,
                  "Plan Rows": 11767,
                  "Plan Width": 0,
                  "Actual Startup Time": 2.62,
                  "Actual Total Time": 146.242,
                  "Actual Rows": 9936,
                  "Actual Loops": 5,
                  "Inner Unique": false,
                  "Plans": [
                    {
                      "Node Type": "Seq Scan",
                      "Parent Relationship": "Outer",
                      "Parallel Aware": true,
                      "Relation Name": "title",
                      "Alias": "t",
                      "Startup Cost": 0.0,
                      "Total Cost": 45479.59,
                      "Plan Rows": 1095,
                      "Plan Width": 4,
                      "Actual Startup Time": 1.702,
                      "Actual Total Time": 77.191,
                      "Actual Rows": 859,
                      "Actual Loops": 5,
                      "Filter": "((kind_id < 3) AND (production_year = 1966))",
                      "Rows Removed by Filter": 504803
                    },
                    {
                      "Node Type": "Index Scan",
                      "Parent Relationship": "Inner",
                      "Parallel Aware": false,
                      "Scan Direction": "Forward",
                      "Index Name": "movie_id_cast_info",
                      "Relation Name": "cast_info",
                      "Alias": "ci",
                      "Startup Cost": 0.56,
                      "Total Cost": 112.7,
                      "Plan Rows": 26,
                      "Plan Width": 4,
                      "Actual Startup Time": 0.025,
                      "Actual Total Time": 0.078,
                      "Actual Rows": 12,
                      "Actual Loops": 4297,
                      "Index Cond": "(movie_id = t.id)",
                      "Rows Removed by Index Recheck": 0,
                      "Filter": "((person_id > 508038) AND (role_id < 10))",
                      "Rows Removed by Filter": 3
                    }
                  ]
                }
              ]
            }
          ]
        }
      ]
    },
    "Planning Time": 0.659,
    "Triggers": [],
    "Execution Time": 182.691
  }
]