[
    {
        "Bao": {
            "Bao prediction": "NaN",
            "Bao recommended hint": "(no hint)"
        }
    },
    {
        "Plan": {
            "Node Type": "Aggregate",
            "Strategy": "Plain",
            "Partial Mode": "Finalize",
            "Parallel Aware": false,
            "Startup Cost": 32976.05,
            "Total Cost": 32976.06,
            "Plan Rows": 1,
            "Plan Width": 8,
            "Actual Startup Time": 91.753,
            "Actual Total Time": 97.535,
            "Actual Rows": 1,
            "Actual Loops": 1,
            "Output": [
                "count(*)"
            ],
            "Plans": [
                {
                    "Node Type": "Gather",
                    "Parent Relationship": "Outer",
                    "Parallel Aware": false,
                    "Startup Cost": 32975.73,
                    "Total Cost": 32976.04,
                    "Plan Rows": 3,
                    "Plan Width": 8,
                    "Actual Startup Time": 91.671,
                    "Actual Total Time": 97.528,
                    "Actual Rows": 4,
                    "Actual Loops": 1,
                    "Output": [
                        "(PARTIAL count(*))"
                    ],
                    "Workers Planned": 3,
                    "Workers Launched": 3,
                    "Single Copy": false,
                    "Plans": [
                        {
                            "Node Type": "Aggregate",
                            "Strategy": "Plain",
                            "Partial Mode": "Partial",
                            "Parent Relationship": "Outer",
                            "Parallel Aware": false,
                            "Startup Cost": 31975.73,
                            "Total Cost": 31975.74,
                            "Plan Rows": 1,
                            "Plan Width": 8,
                            "Actual Startup Time": 83.712,
                            "Actual Total Time": 83.713,
                            "Actual Rows": 1,
                            "Actual Loops": 4,
                            "Output": [
                                "PARTIAL count(*)"
                            ],
                            "Workers": [
                                {
                                    "Worker Number": 0,
                                    "Actual Startup Time": 80.86,
                                    "Actual Total Time": 80.861,
                                    "Actual Rows": 1,
                                    "Actual Loops": 1
                                },
                                {
                                    "Worker Number": 1,
                                    "Actual Startup Time": 81.293,
                                    "Actual Total Time": 81.294,
                                    "Actual Rows": 1,
                                    "Actual Loops": 1
                                },
                                {
                                    "Worker Number": 2,
                                    "Actual Startup Time": 81.289,
                                    "Actual Total Time": 81.29,
                                    "Actual Rows": 1,
                                    "Actual Loops": 1
                                }
                            ],
                            "Plans": [
                                {
                                    "Node Type": "Seq Scan",
                                    "Parent Relationship": "Outer",
                                    "Parallel Aware": true,
                                    "Relation Name": "movie_companies",
                                    "Schema": "public",
                                    "Alias": "mc",
                                    "Startup Cost": 0.0,
                                    "Total Cost": 31414.82,
                                    "Plan Rows": 224364,
                                    "Plan Width": 0,
                                    "Actual Startup Time": 41.291,
                                    "Actual Total Time": 74.407,
                                    "Actual Rows": 233326,
                                    "Actual Loops": 4,
                                    "Output": [
                                        "id",
                                        "movie_id",
                                        "company_id",
                                        "company_type_id",
                                        "note"
                                    ],
                                    "Filter": "((mc.company_id > 11141) AND (mc.company_type_id > 1))",
                                    "Rows Removed by Filter": 418956,
                                    "Workers": [
                                        {
                                            "Worker Number": 0,
                                            "Actual Startup Time": 38.427,
                                            "Actual Total Time": 71.754,
                                            "Actual Rows": 221681,
                                            "Actual Loops": 1
                                        },
                                        {
                                            "Worker Number": 1,
                                            "Actual Startup Time": 38.877,
                                            "Actual Total Time": 72.208,
                                            "Actual Rows": 224016,
                                            "Actual Loops": 1
                                        },
                                        {
                                            "Worker Number": 2,
                                            "Actual Startup Time": 38.871,
                                            "Actual Total Time": 72.141,
                                            "Actual Rows": 224708,
                                            "Actual Loops": 1
                                        }
                                    ]
                                }
                            ]
                        }
                    ]
                }
            ]
        },
        "Planning Time": 192.309,
        "Triggers": [],
        "Execution Time": 97.605
    }
]