[
  {
    "Plan": {
      "Node Type": "Aggregate",
      "Strategy": "Plain",
      "Partial Mode": "Finalize",
      "Parallel Aware": false,
      "Startup Cost": 46866.98,
      "Total Cost": 46866.99,
      "Plan Rows": 1,
      "Plan Width": 8,
      "Actual Startup Time": 202.153,
      "Actual Total Time": 212.157,
      "Actual Rows": 1,
      "Actual Loops": 1,
      "Plans": [
        {
          "Node Type": "Gather",
          "Parent Relationship": "Outer",
          "Parallel Aware": false,
          "Startup Cost": 46866.66,
          "Total Cost": 46866.97,
          "Plan Rows": 3,
          "Plan Width": 8,
          "Actual Startup Time": 202.05,
          "Actual Total Time": 212.146,
          "Actual Rows": 4,
          "Actual Loops": 1,
          "Workers Planned": 3,
          "Workers Launched": 3,
          "Single Copy": false,
          "Plans": [
            {
              "Node Type": "Aggregate",
              "Strategy": "Plain",
              "Partial Mode": "Partial",
              "Parent Relationship": "Outer",
              "Parallel Aware": false,
              "Startup Cost": 45866.66,
              "Total Cost": 45866.67,
              "Plan Rows": 1,
              "Plan Width": 8,
              "Actual Startup Time": 193.604,
              "Actual Total Time": 193.606,
              "Actual Rows": 1,
              "Actual Loops": 4,
              "Plans": [
                {
                  "Node Type": "Seq Scan",
                  "Parent Relationship": "Outer",
                  "Parallel Aware": true,
                  "Relation Name": "movie_keyword",
                  "Alias": "mk",
                  "Startup Cost": 0.0,
                  "Total Cost": 42695.65,
                  "Plan Rows": 1268404,
                  "Plan Width": 0,
                  "Actual Startup Time": 0.06,
                  "Actual Total Time": 141.847,
                  "Actual Rows": 986053,
                  "Actual Loops": 4,
                  "Filter": "(keyword_id < 31639)",
                  "Rows Removed by Filter": 144930
                }
              ]
            }
          ]
        }
      ]
    },
    "Planning Time": 0.206,
    "Triggers": [],
    "Execution Time": 212.222
  }
]