[
  {
    "Plan": {
      "Node Type": "Aggregate",
      "Strategy": "Plain",
      "Partial Mode": "Finalize",
      "Parallel Aware": false,
      "Startup Cost": 127461.84,
      "Total Cost": 127461.85,
      "Plan Rows": 1,
      "Plan Width": 8,
      "Actual Startup Time": 586.345,
      "Actual Total Time": 608.135,
      "Actual Rows": 1,
      "Actual Loops": 1,
      "Plans": [
        {
          "Node Type": "Gather",
          "Parent Relationship": "Outer",
          "Parallel Aware": false,
          "Startup Cost": 127461.52,
          "Total Cost": 127461.83,
          "Plan Rows": 3,
          "Plan Width": 8,
          "Actual Startup Time": 583.567,
          "Actual Total Time": 608.124,
          "Actual Rows": 4,
          "Actual Loops": 1,
          "Workers Planned": 3,
          "Workers Launched": 3,
          "Single Copy": false,
          "Plans": [
            {
              "Node Type": "Aggregate",
              "Strategy": "Plain",
              "Partial Mode": "Partial",
              "Parent Relationship": "Outer",
              "Parallel Aware": false,
              "Startup Cost": 126461.52,
              "Total Cost": 126461.53,
              "Plan Rows": 1,
              "Plan Width": 8,
              "Actual Startup Time": 574.323,
              "Actual Total Time": 574.417,
              "Actual Rows": 1,
              "Actual Loops": 4,
              "Plans": [
                {
                  "Node Type": "Hash Join",
                  "Parent Relationship": "Outer",
                  "Parallel Aware": true,
                  "Join Type": "Inner",
                  "Startup Cost": 80599.0,
                  "Total Cost": 125790.17,
                  "Plan Rows": 268540,
                  "Plan Width": 0,
                  "Actual Startup Time": 337.399,
                  "Actual Total Time": 559.414,
                  "Actual Rows": 339138,
                  "Actual Loops": 4,
                  "Inner Unique": false,
                  "Hash Cond": "(mk.movie_id = t.id)",
                  "Plans": [
                    {
                      "Node Type": "Seq Scan",
                      "Parent Relationship": "Outer",
                      "Parallel Aware": true,
                      "Relation Name": "movie_keyword",
                      "Alias": "mk",
                      "Startup Cost": 0.0,
                      "Total Cost": 39047.32,
                      "Plan Rows": 1459332,
                      "Plan Width": 4,
                      "Actual Startup Time": 0.033,
                      "Actual Total Time": 94.052,
                      "Actual Rows": 1130982,
                      "Actual Loops": 4
                    },
                    {
                      "Node Type": "Hash",
                      "Parent Relationship": "Inner",
                      "Parallel Aware": true,
                      "Startup Cost": 79145.1,
                      "Total Cost": 79145.1,
                      "Plan Rows": 116312,
                      "Plan Width": 8,
                      "Actual Startup Time": 333.914,
                      "Actual Total Time": 334.006,
                      "Actual Rows": 66399,
                      "Actual Loops": 4,
                      "Hash Buckets": 524288,
                      "Original Hash Buckets": 524288,
                      "Hash Batches": 1,
                      "Original Hash Batches": 1,
                      "Peak Memory Usage": 14560,
                      "Plans": [
                        {
                          "Node Type": "Hash Join",
                          "Parent Relationship": "Outer",
                          "Parallel Aware": true,
                          "Join Type": "Inner",
                          "Startup Cost": 33290.81,
                          "Total Cost": 79145.1,
                          "Plan Rows": 116312,
                          "Plan Width": 8,
                          "Actual Startup Time": 112.596,
                          "Actual Total Time": 311.494,
                          "Actual Rows": 66399,
                          "Actual Loops": 4,
                          "Inner Unique": false,
                          "Hash Cond": "(t.id = mc.movie_id)",
                          "Plans": [
                            {
                              "Node Type": "Seq Scan",
                              "Parent Relationship": "Outer",
                              "Parallel Aware": true,
                              "Relation Name": "title",
                              "Alias": "t",
                              "Startup Cost": 0.0,
                              "Total Cost": 42318.73,
                              "Plan Rows": 632073,
                              "Plan Width": 4,
                              "Actual Startup Time": 0.013,
                              "Actual Total Time": 80.219,
                              "Actual Rows": 632078,
                              "Actual Loops": 4
                            },
                            {
                              "Node Type": "Hash",
                              "Parent Relationship": "Inner",
                              "Parallel Aware": true,
                              "Startup Cost": 31414.82,
                              "Total Cost": 31414.82,
                              "Plan Rows": 150079,
                              "Plan Width": 4,
                              "Actual Startup Time": 110.639,
                              "Actual Total Time": 110.641,
                              "Actual Rows": 66399,
                              "Actual Loops": 4,
                              "Hash Buckets": 524288,
                              "Original Hash Buckets": 524288,
                              "Hash Batches": 1,
                              "Original Hash Batches": 1,
                              "Peak Memory Usage": 14560,
                              "Plans": [
                                {
                                  "Node Type": "Seq Scan",
                                  "Parent Relationship": "Outer",
                                  "Parallel Aware": true,
                                  "Relation Name": "movie_companies",
                                  "Alias": "mc",
                                  "Startup Cost": 0.0,
                                  "Total Cost": 31414.82,
                                  "Plan Rows": 150079,
                                  "Plan Width": 4,
                                  "Actual Startup Time": 51.549,
                                  "Actual Total Time": 84.201,
                                  "Actual Rows": 66399,
                                  "Actual Loops": 4,
                                  "Filter": "((company_id < 3099) AND (company_type_id > 1))",
                                  "Rows Removed by Filter": 585883
                                }
                              ]
                            }
                          ]
                        }
                      ]
                    }
                  ]
                }
              ]
            }
          ]
        }
      ]
    },
    "Planning Time": 1.44,
    "Triggers": [],
    "Execution Time": 608.219
  }
]