[
  {
    "Plan": {
      "Node Type": "Aggregate",
      "Strategy": "Plain",
      "Partial Mode": "Finalize",
      "Parallel Aware": false,
      "Startup Cost": 82650.75,
      "Total Cost": 82650.76,
      "Plan Rows": 1,
      "Plan Width": 8,
      "Actual Startup Time": 390.378,
      "Actual Total Time": 403.958,
      "Actual Rows": 1,
      "Actual Loops": 1,
      "Plans": [
        {
          "Node Type": "Gather",
          "Parent Relationship": "Outer",
          "Parallel Aware": false,
          "Startup Cost": 82650.33,
          "Total Cost": 82650.74,
          "Plan Rows": 4,
          "Plan Width": 8,
          "Actual Startup Time": 386.626,
          "Actual Total Time": 403.946,
          "Actual Rows": 5,
          "Actual Loops": 1,
          "Workers Planned": 4,
          "Workers Launched": 4,
          "Single Copy": false,
          "Plans": [
            {
              "Node Type": "Aggregate",
              "Strategy": "Plain",
              "Partial Mode": "Partial",
              "Parent Relationship": "Outer",
              "Parallel Aware": false,
              "Startup Cost": 81650.33,
              "Total Cost": 81650.34,
              "Plan Rows": 1,
              "Plan Width": 8,
              "Actual Startup Time": 377.107,
              "Actual Total Time": 377.11,
              "Actual Rows": 1,
              "Actual Loops": 5,
              "Plans": [
                {
                  "Node Type": "Hash Join",
                  "Parent Relationship": "Outer",
                  "Parallel Aware": true,
                  "Join Type": "Inner",
                  "Startup Cost": 34925.09,
                  "Total Cost": 81106.24,
                  "Plan Rows": 217637,
                  "Plan Width": 0,
                  "Actual Startup Time": 137.927,
                  "Actual Total Time": 369.12,
                  "Actual Rows": 136725,
                  "Actual Loops": 5,
                  "Inner Unique": false,
                  "Hash Cond": "(t.id = mc.movie_id)",
                  "Plans": [
                    {
                      "Node Type": "Seq Scan",
                      "Parent Relationship": "Outer",
                      "Parallel Aware": true,
                      "Relation Name": "title",
                      "Alias": "t",
                      "Startup Cost": 0.0,
                      "Total Cost": 42318.73,
                      "Plan Rows": 632073,
                      "Plan Width": 4,
                      "Actual Startup Time": 0.012,
                      "Actual Total Time": 73.878,
                      "Actual Rows": 505662,
                      "Actual Loops": 5
                    },
                    {
                      "Node Type": "Hash",
                      "Parent Relationship": "Inner",
                      "Parallel Aware": true,
                      "Startup Cost": 31414.82,
                      "Total Cost": 31414.82,
                      "Plan Rows": 280822,
                      "Plan Width": 4,
                      "Actual Startup Time": 133.491,
                      "Actual Total Time": 133.492,
                      "Actual Rows": 136725,
                      "Actual Loops": 5,
                      "Hash Buckets": 1048576,
                      "Original Hash Buckets": 1048576,
                      "Hash Batches": 1,
                      "Original Hash Batches": 1,
                      "Peak Memory Usage": 35008,
                      "Plans": [
                        {
                          "Node Type": "Seq Scan",
                          "Parent Relationship": "Outer",
                          "Parallel Aware": true,
                          "Relation Name": "movie_companies",
                          "Alias": "mc",
                          "Startup Cost": 0.0,
                          "Total Cost": 31414.82,
                          "Plan Rows": 280822,
                          "Plan Width": 4,
                          "Actual Startup Time": 1.93,
                          "Actual Total Time": 80.401,
                          "Actual Rows": 136725,
                          "Actual Loops": 5,
                          "Filter": "((company_id > 2135) AND (company_type_id < 2))",
                          "Rows Removed by Filter": 385101
                        }
                      ]
                    }
                  ]
                }
              ]
            }
          ]
        }
      ]
    },
    "Planning Time": 0.671,
    "Triggers": [],
    "Execution Time": 404.027
  }
]