{
    "Plan": {
        "Node Type": "Aggregate",
        "Strategy": "Plain",
        "Partial Mode": "Simple",
        "Parallel Aware": false,
        "Startup Cost": 10002279526.51,
        "Total Cost": 10002279526.52,
        "Plan Rows": 1,
        "Plan Width": 8,
        "Actual Startup Time": 3989.33,
        "Actual Total Time": 3989.335,
        "Actual Rows": 1,
        "Actual Loops": 1,
        "Output": [
            "count(*)"
        ],
        "Plans": [
            {
                "Node Type": "Hash Join",
                "Parent Relationship": "Outer",
                "Parallel Aware": false,
                "Join Type": "Inner",
                "Startup Cost": 10000563588.27,
                "Total Cost": 10002277874.94,
                "Plan Rows": 660626,
                "Plan Width": 0,
                "Actual Startup Time": 3032.998,
                "Actual Total Time": 3955.135,
                "Actual Rows": 897469,
                "Actual Loops": 1,
                "Inner Unique": false,
                "Hash Cond": "(t.id = mi.movie_id)",
                "Plans": [
                    {
                        "Node Type": "Hash Join",
                        "Parent Relationship": "Outer",
                        "Parallel Aware": false,
                        "Join Type": "Inner",
                        "Startup Cost": 10000089160.73,
                        "Total Cost": 10000236859.2,
                        "Plan Rows": 230596,
                        "Plan Width": 8,
                        "Actual Startup Time": 294.445,
                        "Actual Total Time": 1115.004,
                        "Actual Rows": 144900,
                        "Actual Loops": 1,
                        "Output": [
                            "t.id",
                            "mc.movie_id"
                        ],
                        "Inner Unique": true,
                        "Hash Cond": "(mc.movie_id = t.id)",
                        "Plans": [
                            {
                                "Node Type": "Index Scan",
                                "Parent Relationship": "Outer",
                                "Parallel Aware": false,
                                "Scan Direction": "Forward",
                                "Index Name": "movie_id_movie_companies",
                                "Relation Name": "movie_companies",
                                "Schema": "public",
                                "Alias": "mc",
                                "Startup Cost": 10000000000.43,
                                "Total Cost": 10000140849.93,
                                "Plan Rows": 2609129,
                                "Plan Width": 4,
                                "Actual Startup Time": 0.033,
                                "Actual Total Time": 534.766,
                                "Actual Rows": 2609129,
                                "Actual Loops": 1,
                                "Output": [
                                    "mc.id",
                                    "mc.movie_id",
                                    "mc.company_id",
                                    "mc.company_type_id",
                                    "mc.note"
                                ]
                            },
                            {
                                "Node Type": "Hash",
                                "Parent Relationship": "Inner",
                                "Parallel Aware": false,
                                "Startup Cost": 86367.13,
                                "Total Cost": 86367.13,
                                "Plan Rows": 223454,
                                "Plan Width": 4,
                                "Actual Startup Time": 293.383,
                                "Actual Total Time": 293.384,
                                "Actual Rows": 120787,
                                "Actual Loops": 1,
                                "Output": [
                                    "t.id"
                                ],
                                "Hash Buckets": 262144,
                                "Original Hash Buckets": 262144,
                                "Hash Batches": 1,
                                "Original Hash Batches": 1,
                                "Peak Memory Usage": 6295,
                                "Plans": [
                                    {
                                        "Node Type": "Bitmap Heap Scan",
                                        "Parent Relationship": "Outer",
                                        "Parallel Aware": false,
                                        "Relation Name": "title",
                                        "Schema": "public",
                                        "Alias": "t",
                                        "Startup Cost": 27376.57,
                                        "Total Cost": 86367.13,
                                        "Plan Rows": 223454,
                                        "Plan Width": 4,
                                        "Actual Startup Time": 50.133,
                                        "Actual Total Time": 265.442,
                                        "Actual Rows": 120787,
                                        "Actual Loops": 1,
                                        "Output": [
                                            "t.id"
                                        ],
                                        "Recheck Cond": "(t.kind_id = 7)",
                                        "Rows Removed by Index Recheck": 0,
                                        "Filter": "(t.production_year < 1970)",
                                        "Rows Removed by Filter": 1422477,
                                        "Exact Heap Blocks": 24710,
                                        "Lossy Heap Blocks": 0,
                                        "Plans": [
                                            {
                                                "Node Type": "Bitmap Index Scan",
                                                "Parent Relationship": "Outer",
                                                "Parallel Aware": false,
                                                "Index Name": "kind_id_title",
                                                "Startup Cost": 0.0,
                                                "Total Cost": 27320.71,
                                                "Plan Rows": 1532837,
                                                "Plan Width": 0,
                                                "Actual Startup Time": 47.12,
                                                "Actual Total Time": 47.12,
                                                "Actual Rows": 1543264,
                                                "Actual Loops": 1,
                                                "Index Cond": "(t.kind_id = 7)"
                                            }
                                        ]
                                    }
                                ]
                            }
                        ]
                    },
                    {
                        "Node Type": "Hash",
                        "Parent Relationship": "Inner",
                        "Parallel Aware": false,
                        "Startup Cost": 383886.28,
                        "Total Cost": 383886.28,
                        "Plan Rows": 7243301,
                        "Plan Width": 4,
                        "Actual Startup Time": 2693.826,
                        "Actual Total Time": 2693.827,
                        "Actual Rows": 7286865,
                        "Actual Loops": 1,
                        "Output": [
                            "mi.movie_id"
                        ],
                        "Hash Buckets": 8388608,
                        "Original Hash Buckets": 8388608,
                        "Hash Batches": 1,
                        "Original Hash Batches": 1,
                        "Peak Memory Usage": 321715,
                        "Plans": [
                            {
                                "Node Type": "Bitmap Heap Scan",
                                "Parent Relationship": "Outer",
                                "Parallel Aware": false,
                                "Relation Name": "movie_info",
                                "Schema": "public",
                                "Alias": "mi",
                                "Startup Cost": 131352.02,
                                "Total Cost": 383886.28,
                                "Plan Rows": 7243301,
                                "Plan Width": 4,
                                "Actual Startup Time": 217.898,
                                "Actual Total Time": 1154.345,
                                "Actual Rows": 7286865,
                                "Actual Loops": 1,
                                "Output": [
                                    "mi.movie_id"
                                ],
                                "Recheck Cond": "(mi.info_type_id < 8)",
                                "Rows Removed by Index Recheck": 0,
                                "Exact Heap Blocks": 49986,
                                "Lossy Heap Blocks": 0,
                                "Plans": [
                                    {
                                        "Node Type": "Bitmap Index Scan",
                                        "Parent Relationship": "Outer",
                                        "Parallel Aware": false,
                                        "Index Name": "info_type_id_movie_info",
                                        "Startup Cost": 0.0,
                                        "Total Cost": 129541.19,
                                        "Plan Rows": 7243301,
                                        "Plan Width": 0,
                                        "Actual Startup Time": 211.113,
                                        "Actual Total Time": 211.113,
                                        "Actual Rows": 7286865,
                                        "Actual Loops": 1,
                                        "Index Cond": "(mi.info_type_id < 8)"
                                    }
                                ]
                            }
                        ]
                    }
                ]
            }
        ]
    },
    "Planning Time": 3.482,
    "Triggers": [],
    "Execution Time": 3996.819
}