[
  {
    "Plan": {
      "Node Type": "Aggregate",
      "Strategy": "Plain",
      "Partial Mode": "Finalize",
      "Parallel Aware": false,
      "Startup Cost": 234772.49,
      "Total Cost": 234772.5,
      "Plan Rows": 1,
      "Plan Width": 8,
      "Actual Startup Time": 413.664,
      "Actual Total Time": 437.461,
      "Actual Rows": 1,
      "Actual Loops": 1,
      "Plans": [
        {
          "Node Type": "Gather",
          "Parent Relationship": "Outer",
          "Parallel Aware": false,
          "Startup Cost": 234772.17,
          "Total Cost": 234772.48,
          "Plan Rows": 3,
          "Plan Width": 8,
          "Actual Startup Time": 409.748,
          "Actual Total Time": 437.451,
          "Actual Rows": 4,
          "Actual Loops": 1,
          "Workers Planned": 3,
          "Workers Launched": 3,
          "Single Copy": false,
          "Plans": [
            {
              "Node Type": "Aggregate",
              "Strategy": "Plain",
              "Partial Mode": "Partial",
              "Parent Relationship": "Outer",
              "Parallel Aware": false,
              "Startup Cost": 233772.17,
              "Total Cost": 233772.18,
              "Plan Rows": 1,
              "Plan Width": 8,
              "Actual Startup Time": 404.399,
              "Actual Total Time": 404.404,
              "Actual Rows": 1,
              "Actual Loops": 4,
              "Plans": [
                {
                  "Node Type": "Nested Loop",
                  "Parent Relationship": "Outer",
                  "Parallel Aware": false,
                  "Join Type": "Inner",
                  "Startup Cost": 47199.97,
                  "Total Cost": 233525.42,
                  "Plan Rows": 98698,
                  "Plan Width": 0,
                  "Actual Startup Time": 187.372,
                  "Actual Total Time": 403.181,
                  "Actual Rows": 18919,
                  "Actual Loops": 4,
                  "Inner Unique": false,
                  "Join Filter": "(t.id = mi.movie_id)",
                  "Rows Removed by Join Filter": 0,
                  "Plans": [
                    {
                      "Node Type": "Hash Join",
                      "Parent Relationship": "Outer",
                      "Parallel Aware": true,
                      "Join Type": "Inner",
                      "Startup Cost": 47199.54,
                      "Total Cost": 79430.27,
                      "Plan Rows": 67661,
                      "Plan Width": 8,
                      "Actual Startup Time": 187.256,
                      "Actual Total Time": 288.188,
                      "Actual Rows": 25677,
                      "Actual Loops": 4,
                      "Inner Unique": true,
                      "Hash Cond": "(mc.movie_id = t.id)",
                      "Plans": [
                        {
                          "Node Type": "Seq Scan",
                          "Parent Relationship": "Outer",
                          "Parallel Aware": true,
                          "Relation Name": "movie_companies",
                          "Alias": "mc",
                          "Startup Cost": 0.0,
                          "Total Cost": 31414.82,
                          "Plan Rows": 310827,
                          "Plan Width": 4,
                          "Actual Startup Time": 31.149,
                          "Actual Total Time": 67.99,
                          "Actual Rows": 281248,
                          "Actual Loops": 4,
                          "Filter": "((company_id > 1402) AND (company_type_id > 1))",
                          "Rows Removed by Filter": 371034
                        },
                        {
                          "Node Type": "Hash",
                          "Parent Relationship": "Inner",
                          "Parallel Aware": true,
                          "Startup Cost": 45479.59,
                          "Total Cost": 45479.59,
                          "Plan Rows": 137596,
                          "Plan Width": 4,
                          "Actual Startup Time": 153.105,
                          "Actual Total Time": 153.106,
                          "Actual Rows": 150601,
                          "Actual Loops": 4,
                          "Hash Buckets": 1048576,
                          "Original Hash Buckets": 1048576,
                          "Hash Batches": 1,
                          "Original Hash Batches": 1,
                          "Peak Memory Usage": 31840,
                          "Plans": [
                            {
                              "Node Type": "Seq Scan",
                              "Parent Relationship": "Outer",
                              "Parallel Aware": true,
                              "Relation Name": "title",
                              "Alias": "t",
                              "Startup Cost": 0.0,
                              "Total Cost": 45479.59,
                              "Plan Rows": 137596,
                              "Plan Width": 4,
                              "Actual Startup Time": 0.039,
                              "Actual Total Time": 97.255,
                              "Actual Rows": 150601,
                              "Actual Loops": 4,
                              "Filter": "((production_year > 2006) AND (kind_id = 7))",
                              "Rows Removed by Filter": 481477
                            }
                          ]
                        }
                      ]
                    },
                    {
                      "Node Type": "Index Scan",
                      "Parent Relationship": "Inner",
                      "Parallel Aware": false,
                      "Scan Direction": "Forward",
                      "Index Name": "movie_id_movie_info",
                      "Relation Name": "movie_info",
                      "Alias": "mi",
                      "Startup Cost": 0.43,
                      "Total Cost": 2.15,
                      "Plan Rows": 10,
                      "Plan Width": 4,
                      "Actual Startup Time": 0.003,
                      "Actual Total Time": 0.004,
                      "Actual Rows": 1,
                      "Actual Loops": 102709,
                      "Index Cond": "(movie_id = mc.movie_id)",
                      "Rows Removed by Index Recheck": 0,
                      "Filter": "(info_type_id < 4)",
                      "Rows Removed by Filter": 6
                    }
                  ]
                }
              ]
            }
          ]
        }
      ]
    },
    "Planning Time": 0.579,
    "Triggers": [],
    "Execution Time": 437.515
  }
]