[
  {
    "Plan": {
      "Node Type": "Aggregate",
      "Strategy": "Plain",
      "Partial Mode": "Finalize",
      "Parallel Aware": false,
      "Startup Cost": 236327.88,
      "Total Cost": 236327.89,
      "Plan Rows": 1,
      "Plan Width": 8,
      "Actual Startup Time": 426.857,
      "Actual Total Time": 449.276,
      "Actual Rows": 1,
      "Actual Loops": 1,
      "Plans": [
        {
          "Node Type": "Gather",
          "Parent Relationship": "Outer",
          "Parallel Aware": false,
          "Startup Cost": 236327.56,
          "Total Cost": 236327.87,
          "Plan Rows": 3,
          "Plan Width": 8,
          "Actual Startup Time": 423.372,
          "Actual Total Time": 449.264,
          "Actual Rows": 4,
          "Actual Loops": 1,
          "Workers Planned": 3,
          "Workers Launched": 3,
          "Single Copy": false,
          "Plans": [
            {
              "Node Type": "Aggregate",
              "Strategy": "Plain",
              "Partial Mode": "Partial",
              "Parent Relationship": "Outer",
              "Parallel Aware": false,
              "Startup Cost": 235327.56,
              "Total Cost": 235327.57,
              "Plan Rows": 1,
              "Plan Width": 8,
              "Actual Startup Time": 414.403,
              "Actual Total Time": 414.407,
              "Actual Rows": 1,
              "Actual Loops": 4,
              "Plans": [
                {
                  "Node Type": "Nested Loop",
                  "Parent Relationship": "Outer",
                  "Parallel Aware": false,
                  "Join Type": "Inner",
                  "Startup Cost": 47210.26,
                  "Total Cost": 235087.7,
                  "Plan Rows": 95945,
                  "Plan Width": 0,
                  "Actual Startup Time": 197.069,
                  "Actual Total Time": 413.203,
                  "Actual Rows": 18919,
                  "Actual Loops": 4,
                  "Inner Unique": false,
                  "Join Filter": "(t.id = mi.movie_id)",
                  "Rows Removed by Join Filter": 0,
                  "Plans": [
                    {
                      "Node Type": "Hash Join",
                      "Parent Relationship": "Outer",
                      "Parallel Aware": true,
                      "Join Type": "Inner",
                      "Startup Cost": 47209.82,
                      "Total Cost": 79433.92,
                      "Plan Rows": 67534,
                      "Plan Width": 8,
                      "Actual Startup Time": 196.981,
                      "Actual Total Time": 296.602,
                      "Actual Rows": 25677,
                      "Actual Loops": 4,
                      "Inner Unique": true,
                      "Hash Cond": "(mc.movie_id = t.id)",
                      "Plans": [
                        {
                          "Node Type": "Seq Scan",
                          "Parent Relationship": "Outer",
                          "Parallel Aware": true,
                          "Relation Name": "movie_companies",
                          "Alias": "mc",
                          "Startup Cost": 0.0,
                          "Total Cost": 31414.82,
                          "Plan Rows": 308298,
                          "Plan Width": 4,
                          "Actual Startup Time": 30.933,
                          "Actual Total Time": 67.85,
                          "Actual Rows": 281248,
                          "Actual Loops": 4,
                          "Filter": "((company_id > 1402) AND (company_type_id > 1))",
                          "Rows Removed by Filter": 371034
                        },
                        {
                          "Node Type": "Hash",
                          "Parent Relationship": "Inner",
                          "Parallel Aware": true,
                          "Startup Cost": 45479.1,
                          "Total Cost": 45479.1,
                          "Plan Rows": 138458,
                          "Plan Width": 4,
                          "Actual Startup Time": 161.111,
                          "Actual Total Time": 161.112,
                          "Actual Rows": 150601,
                          "Actual Loops": 4,
                          "Hash Buckets": 1048576,
                          "Original Hash Buckets": 1048576,
                          "Hash Batches": 1,
                          "Original Hash Batches": 1,
                          "Peak Memory Usage": 31808,
                          "Plans": [
                            {
                              "Node Type": "Seq Scan",
                              "Parent Relationship": "Outer",
                              "Parallel Aware": true,
                              "Relation Name": "title",
                              "Alias": "t",
                              "Startup Cost": 0.0,
                              "Total Cost": 45479.1,
                              "Plan Rows": 138458,
                              "Plan Width": 4,
                              "Actual Startup Time": 0.041,
                              "Actual Total Time": 100.521,
                              "Actual Rows": 150601,
                              "Actual Loops": 4,
                              "Filter": "((production_year > 2006) AND (kind_id = 7))",
                              "Rows Removed by Filter": 481477
                            }
                          ]
                        }
                      ]
                    },
                    {
                      "Node Type": "Index Scan",
                      "Parent Relationship": "Inner",
                      "Parallel Aware": false,
                      "Scan Direction": "Forward",
                      "Index Name": "movie_id_movie_info",
                      "Relation Name": "movie_info",
                      "Alias": "mi",
                      "Startup Cost": 0.43,
                      "Total Cost": 2.18,
                      "Plan Rows": 10,
                      "Plan Width": 4,
                      "Actual Startup Time": 0.003,
                      "Actual Total Time": 0.004,
                      "Actual Rows": 1,
                      "Actual Loops": 102709,
                      "Index Cond": "(movie_id = mc.movie_id)",
                      "Rows Removed by Index Recheck": 0,
                      "Filter": "(info_type_id < 4)",
                      "Rows Removed by Filter": 6
                    }
                  ]
                }
              ]
            }
          ]
        }
      ]
    },
    "Planning Time": 1.542,
    "Triggers": [],
    "Execution Time": 449.396
  }
]