[
  {
    "Plan": {
      "Node Type": "Aggregate",
      "Strategy": "Plain",
      "Partial Mode": "Finalize",
      "Parallel Aware": false,
      "Startup Cost": 421731.91,
      "Total Cost": 421731.92,
      "Plan Rows": 1,
      "Plan Width": 8,
      "Actual Startup Time": 1979.257,
      "Actual Total Time": 2028.827,
      "Actual Rows": 1,
      "Actual Loops": 1,
      "Plans": [
        {
          "Node Type": "Gather",
          "Parent Relationship": "Outer",
          "Parallel Aware": false,
          "Startup Cost": 421731.28,
          "Total Cost": 421731.89,
          "Plan Rows": 6,
          "Plan Width": 8,
          "Actual Startup Time": 1955.521,
          "Actual Total Time": 2028.809,
          "Actual Rows": 7,
          "Actual Loops": 1,
          "Workers Planned": 6,
          "Workers Launched": 6,
          "Single Copy": false,
          "Plans": [
            {
              "Node Type": "Aggregate",
              "Strategy": "Plain",
              "Partial Mode": "Partial",
              "Parent Relationship": "Outer",
              "Parallel Aware": false,
              "Startup Cost": 420731.28,
              "Total Cost": 420731.29,
              "Plan Rows": 1,
              "Plan Width": 8,
              "Actual Startup Time": 1941.635,
              "Actual Total Time": 1942.334,
              "Actual Rows": 1,
              "Actual Loops": 7,
              "Plans": [
                {
                  "Node Type": "Hash Join",
                  "Parent Relationship": "Outer",
                  "Parallel Aware": true,
                  "Join Type": "Inner",
                  "Startup Cost": 73326.49,
                  "Total Cost": 417291.76,
                  "Plan Rows": 1375810,
                  "Plan Width": 0,
                  "Actual Startup Time": 746.165,
                  "Actual Total Time": 1817.007,
                  "Actual Rows": 2771520,
                  "Actual Loops": 7,
                  "Inner Unique": false,
                  "Hash Cond": "(ci.movie_id = t.id)",
                  "Plans": [
                    {
                      "Node Type": "Seq Scan",
                      "Parent Relationship": "Outer",
                      "Parallel Aware": true,
                      "Relation Name": "cast_info",
                      "Alias": "ci",
                      "Startup Cost": 0.0,
                      "Total Cost": 328211.39,
                      "Plan Rows": 2672355,
                      "Plan Width": 4,
                      "Actual Startup Time": 311.737,
                      "Actual Total Time": 629.484,
                      "Actual Rows": 2303098,
                      "Actual Loops": 7,
                      "Filter": "(role_id > 2)",
                      "Rows Removed by Filter": 2874666
                    },
                    {
                      "Node Type": "Hash",
                      "Parent Relationship": "Inner",
                      "Parallel Aware": true,
                      "Startup Cost": 66546.76,
                      "Total Cost": 66546.76,
                      "Plan Rows": 542379,
                      "Plan Width": 8,
                      "Actual Startup Time": 429.877,
                      "Actual Total Time": 430.574,
                      "Actual Rows": 195069,
                      "Actual Loops": 7,
                      "Hash Buckets": 2097152,
                      "Original Hash Buckets": 2097152,
                      "Hash Batches": 1,
                      "Original Hash Batches": 1,
                      "Peak Memory Usage": 69920,
                      "Plans": [
                        {
                          "Node Type": "Hash Join",
                          "Parent Relationship": "Outer",
                          "Parallel Aware": true,
                          "Join Type": "Inner",
                          "Startup Cost": 51352.2,
                          "Total Cost": 66546.76,
                          "Plan Rows": 542379,
                          "Plan Width": 8,
                          "Actual Startup Time": 275.207,
                          "Actual Total Time": 360.2,
                          "Actual Rows": 195069,
                          "Actual Loops": 7,
                          "Inner Unique": true,
                          "Hash Cond": "(mi_idx.movie_id = t.id)",
                          "Plans": [
                            {
                              "Node Type": "Seq Scan",
                              "Parent Relationship": "Outer",
                              "Parallel Aware": true,
                              "Relation Name": "movie_info_idx",
                              "Alias": "mi_idx",
                              "Startup Cost": 0.0,
                              "Total Cost": 13685.15,
                              "Plan Rows": 575015,
                              "Plan Width": 4,
                              "Actual Startup Time": 0.014,
                              "Actual Total Time": 21.343,
                              "Actual Rows": 197148,
                              "Actual Loops": 7
                            },
                            {
                              "Node Type": "Hash",
                              "Parent Relationship": "Inner",
                              "Parallel Aware": true,
                              "Startup Cost": 43899.32,
                              "Total Cost": 43899.32,
                              "Plan Rows": 596230,
                              "Plan Width": 4,
                              "Actual Startup Time": 270.999,
                              "Actual Total Time": 271.0,
                              "Actual Rows": 340409,
                              "Actual Loops": 7,
                              "Hash Buckets": 4194304,
                              "Original Hash Buckets": 4194304,
                              "Hash Batches": 1,
                              "Original Hash Batches": 1,
                              "Peak Memory Usage": 126080,
                              "Plans": [
                                {
                                  "Node Type": "Seq Scan",
                                  "Parent Relationship": "Outer",
                                  "Parallel Aware": true,
                                  "Relation Name": "title",
                                  "Alias": "t",
                                  "Startup Cost": 0.0,
                                  "Total Cost": 43899.32,
                                  "Plan Rows": 596230,
                                  "Plan Width": 4,
                                  "Actual Startup Time": 0.062,
                                  "Actual Total Time": 85.415,
                                  "Actual Rows": 340409,
                                  "Actual Loops": 7,
                                  "Filter": "(production_year > 1916)",
                                  "Rows Removed by Filter": 20778
                                }
                              ]
                            }
                          ]
                        }
                      ]
                    }
                  ]
                }
              ]
            }
          ]
        }
      ]
    },
    "Planning Time": 1.133,
    "Triggers": [],
    "Execution Time": 2028.907
  }
]