[
  {
    "Plan": {
      "Node Type": "Aggregate",
      "Strategy": "Plain",
      "Partial Mode": "Finalize",
      "Parallel Aware": false,
      "Startup Cost": 279218.85,
      "Total Cost": 279218.86,
      "Plan Rows": 1,
      "Plan Width": 8,
      "Actual Startup Time": 135.761,
      "Actual Total Time": 142.586,
      "Actual Rows": 1,
      "Actual Loops": 1,
      "Plans": [
        {
          "Node Type": "Gather",
          "Parent Relationship": "Outer",
          "Parallel Aware": false,
          "Startup Cost": 279218.22,
          "Total Cost": 279218.83,
          "Plan Rows": 6,
          "Plan Width": 8,
          "Actual Startup Time": 134.96,
          "Actual Total Time": 142.576,
          "Actual Rows": 7,
          "Actual Loops": 1,
          "Workers Planned": 6,
          "Workers Launched": 6,
          "Single Copy": false,
          "Plans": [
            {
              "Node Type": "Aggregate",
              "Strategy": "Plain",
              "Partial Mode": "Partial",
              "Parent Relationship": "Outer",
              "Parallel Aware": false,
              "Startup Cost": 278218.22,
              "Total Cost": 278218.23,
              "Plan Rows": 1,
              "Plan Width": 8,
              "Actual Startup Time": 125.289,
              "Actual Total Time": 125.291,
              "Actual Rows": 1,
              "Actual Loops": 7,
              "Plans": [
                {
                  "Node Type": "Bitmap Heap Scan",
                  "Parent Relationship": "Outer",
                  "Parallel Aware": true,
                  "Relation Name": "cast_info",
                  "Alias": "ci",
                  "Startup Cost": 22935.45,
                  "Total Cost": 277785.59,
                  "Plan Rows": 173051,
                  "Plan Width": 0,
                  "Actual Startup Time": 58.279,
                  "Actual Total Time": 114.723,
                  "Actual Rows": 143786,
                  "Actual Loops": 7,
                  "Recheck Cond": "(person_id > 3867922)",
                  "Rows Removed by Index Recheck": 0,
                  "Exact Heap Blocks": 3163,
                  "Lossy Heap Blocks": 0,
                  "Plans": [
                    {
                      "Node Type": "Bitmap Index Scan",
                      "Parent Relationship": "Outer",
                      "Parallel Aware": false,
                      "Index Name": "person_id_cast_info",
                      "Startup Cost": 0.0,
                      "Total Cost": 22675.87,
                      "Plan Rows": 1038308,
                      "Plan Width": 0,
                      "Actual Startup Time": 63.41,
                      "Actual Total Time": 63.411,
                      "Actual Rows": 1006505,
                      "Actual Loops": 1,
                      "Index Cond": "(person_id > 3867922)"
                    }
                  ]
                }
              ]
            }
          ]
        }
      ]
    },
    "Planning Time": 0.173,
    "Triggers": [],
    "Execution Time": 142.653
  }
]