[
  {
    "Plan": {
      "Node Type": "Aggregate",
      "Strategy": "Plain",
      "Partial Mode": "Finalize",
      "Parallel Aware": false,
      "Startup Cost": 78512.96,
      "Total Cost": 78512.97,
      "Plan Rows": 1,
      "Plan Width": 8,
      "Actual Startup Time": 181.708,
      "Actual Total Time": 198.954,
      "Actual Rows": 1,
      "Actual Loops": 1,
      "Plans": [
        {
          "Node Type": "Gather",
          "Parent Relationship": "Outer",
          "Parallel Aware": false,
          "Startup Cost": 78512.64,
          "Total Cost": 78512.95,
          "Plan Rows": 3,
          "Plan Width": 8,
          "Actual Startup Time": 180.338,
          "Actual Total Time": 198.946,
          "Actual Rows": 4,
          "Actual Loops": 1,
          "Workers Planned": 3,
          "Workers Launched": 3,
          "Single Copy": false,
          "Plans": [
            {
              "Node Type": "Aggregate",
              "Strategy": "Plain",
              "Partial Mode": "Partial",
              "Parent Relationship": "Outer",
              "Parallel Aware": false,
              "Startup Cost": 77512.64,
              "Total Cost": 77512.65,
              "Plan Rows": 1,
              "Plan Width": 8,
              "Actual Startup Time": 177.112,
              "Actual Total Time": 177.116,
              "Actual Rows": 1,
              "Actual Loops": 4,
              "Plans": [
                {
                  "Node Type": "Hash Join",
                  "Parent Relationship": "Outer",
                  "Parallel Aware": true,
                  "Join Type": "Inner",
                  "Startup Cost": 45643.81,
                  "Total Cost": 77503.83,
                  "Plan Rows": 3525,
                  "Plan Width": 0,
                  "Actual Startup Time": 139.313,
                  "Actual Total Time": 176.957,
                  "Actual Rows": 2710,
                  "Actual Loops": 4,
                  "Inner Unique": true,
                  "Hash Cond": "(mc.movie_id = t.id)",
                  "Plans": [
                    {
                      "Node Type": "Seq Scan",
                      "Parent Relationship": "Outer",
                      "Parallel Aware": true,
                      "Relation Name": "movie_companies",
                      "Alias": "mc",
                      "Startup Cost": 0.0,
                      "Total Cost": 31414.82,
                      "Plan Rows": 169601,
                      "Plan Width": 4,
                      "Actual Startup Time": 30.902,
                      "Actual Total Time": 60.005,
                      "Actual Rows": 78911,
                      "Actual Loops": 4,
                      "Filter": "((company_id < 5756) AND (company_type_id > 1))",
                      "Rows Removed by Filter": 573371
                    },
                    {
                      "Node Type": "Hash",
                      "Parent Relationship": "Inner",
                      "Parallel Aware": true,
                      "Startup Cost": 45479.59,
                      "Total Cost": 45479.59,
                      "Plan Rows": 13138,
                      "Plan Width": 4,
                      "Actual Startup Time": 102.736,
                      "Actual Total Time": 102.737,
                      "Actual Rows": 35825,
                      "Actual Loops": 4,
                      "Hash Buckets": 262144,
                      "Original Hash Buckets": 65536,
                      "Hash Batches": 1,
                      "Original Hash Batches": 1,
                      "Peak Memory Usage": 9248,
                      "Plans": [
                        {
                          "Node Type": "Seq Scan",
                          "Parent Relationship": "Outer",
                          "Parallel Aware": true,
                          "Relation Name": "title",
                          "Alias": "t",
                          "Startup Cost": 0.0,
                          "Total Cost": 45479.59,
                          "Plan Rows": 13138,
                          "Plan Width": 4,
                          "Actual Startup Time": 11.969,
                          "Actual Total Time": 85.536,
                          "Actual Rows": 35825,
                          "Actual Loops": 4,
                          "Filter": "((kind_id < 7) AND (production_year < 1941))",
                          "Rows Removed by Filter": 596253
                        }
                      ]
                    }
                  ]
                }
              ]
            }
          ]
        }
      ]
    },
    "Planning Time": 0.252,
    "Triggers": [],
    "Execution Time": 198.985
  }
]