[
  {
    "Plan": {
      "Node Type": "Aggregate",
      "Strategy": "Plain",
      "Partial Mode": "Finalize",
      "Parallel Aware": false,
      "Startup Cost": 46442.56,
      "Total Cost": 46442.57,
      "Plan Rows": 1,
      "Plan Width": 8,
      "Actual Startup Time": 166.22,
      "Actual Total Time": 175.558,
      "Actual Rows": 1,
      "Actual Loops": 1,
      "Plans": [
        {
          "Node Type": "Gather",
          "Parent Relationship": "Outer",
          "Parallel Aware": false,
          "Startup Cost": 46442.25,
          "Total Cost": 46442.56,
          "Plan Rows": 3,
          "Plan Width": 8,
          "Actual Startup Time": 166.131,
          "Actual Total Time": 175.552,
          "Actual Rows": 4,
          "Actual Loops": 1,
          "Workers Planned": 3,
          "Workers Launched": 3,
          "Single Copy": false,
          "Plans": [
            {
              "Node Type": "Aggregate",
              "Strategy": "Plain",
              "Partial Mode": "Partial",
              "Parent Relationship": "Outer",
              "Parallel Aware": false,
              "Startup Cost": 45442.25,
              "Total Cost": 45442.26,
              "Plan Rows": 1,
              "Plan Width": 8,
              "Actual Startup Time": 158.517,
              "Actual Total Time": 158.517,
              "Actual Rows": 1,
              "Actual Loops": 4,
              "Plans": [
                {
                  "Node Type": "Seq Scan",
                  "Parent Relationship": "Outer",
                  "Parallel Aware": true,
                  "Relation Name": "movie_keyword",
                  "Alias": "mk",
                  "Startup Cost": 0.0,
                  "Total Cost": 42695.65,
                  "Plan Rows": 1098637,
                  "Plan Width": 0,
                  "Actual Startup Time": 0.128,
                  "Actual Total Time": 119.293,
                  "Actual Rows": 848989,
                  "Actual Loops": 4,
                  "Filter": "(keyword_id > 1221)",
                  "Rows Removed by Filter": 281994
                }
              ]
            }
          ]
        }
      ]
    },
    "Planning Time": 0.124,
    "Triggers": [],
    "Execution Time": 175.598
  }
]