[
  {
    "Plan": {
      "Node Type": "Aggregate",
      "Strategy": "Plain",
      "Partial Mode": "Finalize",
      "Parallel Aware": false,
      "Startup Cost": 247225.48,
      "Total Cost": 247225.49,
      "Plan Rows": 1,
      "Plan Width": 8,
      "Actual Startup Time": 1760.685,
      "Actual Total Time": 1819.626,
      "Actual Rows": 1,
      "Actual Loops": 1,
      "Plans": [
        {
          "Node Type": "Gather",
          "Parent Relationship": "Outer",
          "Parallel Aware": false,
          "Startup Cost": 247225.16,
          "Total Cost": 247225.47,
          "Plan Rows": 3,
          "Plan Width": 8,
          "Actual Startup Time": 1749.448,
          "Actual Total Time": 1819.616,
          "Actual Rows": 4,
          "Actual Loops": 1,
          "Workers Planned": 3,
          "Workers Launched": 3,
          "Single Copy": false,
          "Plans": [
            {
              "Node Type": "Aggregate",
              "Strategy": "Plain",
              "Partial Mode": "Partial",
              "Parent Relationship": "Outer",
              "Parallel Aware": false,
              "Startup Cost": 246225.16,
              "Total Cost": 246225.17,
              "Plan Rows": 1,
              "Plan Width": 8,
              "Actual Startup Time": 1729.564,
              "Actual Total Time": 1729.57,
              "Actual Rows": 1,
              "Actual Loops": 4,
              "Plans": [
                {
                  "Node Type": "Nested Loop",
                  "Parent Relationship": "Outer",
                  "Parallel Aware": false,
                  "Join Type": "Inner",
                  "Startup Cost": 56308.27,
                  "Total Cost": 245661.52,
                  "Plan Rows": 225455,
                  "Plan Width": 0,
                  "Actual Startup Time": 391.22,
                  "Actual Total Time": 1630.709,
                  "Actual Rows": 1962669,
                  "Actual Loops": 4,
                  "Inner Unique": false,
                  "Plans": [
                    {
                      "Node Type": "Hash Join",
                      "Parent Relationship": "Outer",
                      "Parallel Aware": true,
                      "Join Type": "Inner",
                      "Startup Cost": 56307.83,
                      "Total Cost": 82161.34,
                      "Plan Rows": 92529,
                      "Plan Width": 8,
                      "Actual Startup Time": 391.1,
                      "Actual Total Time": 477.878,
                      "Actual Rows": 70028,
                      "Actual Loops": 4,
                      "Inner Unique": true,
                      "Hash Cond": "(mk.movie_id = t.id)",
                      "Plans": [
                        {
                          "Node Type": "Bitmap Heap Scan",
                          "Parent Relationship": "Outer",
                          "Parallel Aware": true,
                          "Relation Name": "movie_keyword",
                          "Alias": "mk",
                          "Startup Cost": 6087.45,
                          "Total Cost": 31698.07,
                          "Plan Rows": 92529,
                          "Plan Width": 4,
                          "Actual Startup Time": 29.107,
                          "Actual Total Time": 70.447,
                          "Actual Rows": 70028,
                          "Actual Loops": 4,
                          "Recheck Cond": "(keyword_id < 232)",
                          "Rows Removed by Index Recheck": 0,
                          "Exact Heap Blocks": 6998,
                          "Lossy Heap Blocks": 0,
                          "Plans": [
                            {
                              "Node Type": "Bitmap Index Scan",
                              "Parent Relationship": "Outer",
                              "Parallel Aware": false,
                              "Index Name": "keyword_id_movie_keyword",
                              "Startup Cost": 0.0,
                              "Total Cost": 6015.74,
                              "Plan Rows": 286841,
                              "Plan Width": 0,
                              "Actual Startup Time": 23.439,
                              "Actual Total Time": 23.439,
                              "Actual Rows": 280114,
                              "Actual Loops": 1,
                              "Index Cond": "(keyword_id < 232)"
                            }
                          ]
                        },
                        {
                          "Node Type": "Hash",
                          "Parent Relationship": "Inner",
                          "Parallel Aware": true,
                          "Startup Cost": 42319.06,
                          "Total Cost": 42319.06,
                          "Plan Rows": 632106,
                          "Plan Width": 4,
                          "Actual Startup Time": 350.436,
                          "Actual Total Time": 350.437,
                          "Actual Rows": 632078,
                          "Actual Loops": 4,
                          "Hash Buckets": 4194304,
                          "Original Hash Buckets": 4194304,
                          "Hash Batches": 1,
                          "Original Hash Batches": 1,
                          "Peak Memory Usage": 131776,
                          "Plans": [
                            {
                              "Node Type": "Seq Scan",
                              "Parent Relationship": "Outer",
                              "Parallel Aware": true,
                              "Relation Name": "title",
                              "Alias": "t",
                              "Startup Cost": 0.0,
                              "Total Cost": 42319.06,
                              "Plan Rows": 632106,
                              "Plan Width": 4,
                              "Actual Startup Time": 0.054,
                              "Actual Total Time": 101.829,
                              "Actual Rows": 632078,
                              "Actual Loops": 4
                            }
                          ]
                        }
                      ]
                    },
                    {
                      "Node Type": "Index Scan",
                      "Parent Relationship": "Inner",
                      "Parallel Aware": false,
                      "Scan Direction": "Forward",
                      "Index Name": "movie_id_movie_info",
                      "Relation Name": "movie_info",
                      "Alias": "mi",
                      "Startup Cost": 0.43,
                      "Total Cost": 1.6,
                      "Plan Rows": 17,
                      "Plan Width": 4,
                      "Actual Startup Time": 0.004,
                      "Actual Total Time": 0.014,
                      "Actual Rows": 28,
                      "Actual Loops": 280114,
                      "Index Cond": "(movie_id = t.id)",
                      "Rows Removed by Index Recheck": 0,
                      "Filter": "(info_type_id > 8)",
                      "Rows Removed by Filter": 13
                    }
                  ]
                }
              ]
            }
          ]
        }
      ]
    },
    "Planning Time": 1.425,
    "Triggers": [],
    "Execution Time": 1819.747
  }
]