[
  {
    "Plan": {
      "Node Type": "Aggregate",
      "Strategy": "Plain",
      "Partial Mode": "Finalize",
      "Parallel Aware": false,
      "Startup Cost": 31538.0,
      "Total Cost": 31538.01,
      "Plan Rows": 1,
      "Plan Width": 8,
      "Actual Startup Time": 116.904,
      "Actual Total Time": 125.785,
      "Actual Rows": 1,
      "Actual Loops": 1,
      "Plans": [
        {
          "Node Type": "Gather",
          "Parent Relationship": "Outer",
          "Parallel Aware": false,
          "Startup Cost": 31537.69,
          "Total Cost": 31538.0,
          "Plan Rows": 3,
          "Plan Width": 8,
          "Actual Startup Time": 116.729,
          "Actual Total Time": 125.773,
          "Actual Rows": 4,
          "Actual Loops": 1,
          "Workers Planned": 3,
          "Workers Launched": 3,
          "Single Copy": false,
          "Plans": [
            {
              "Node Type": "Aggregate",
              "Strategy": "Plain",
              "Partial Mode": "Partial",
              "Parent Relationship": "Outer",
              "Parallel Aware": false,
              "Startup Cost": 30537.69,
              "Total Cost": 30537.7,
              "Plan Rows": 1,
              "Plan Width": 8,
              "Actual Startup Time": 109.82,
              "Actual Total Time": 109.821,
              "Actual Rows": 1,
              "Actual Loops": 4,
              "Plans": [
                {
                  "Node Type": "Seq Scan",
                  "Parent Relationship": "Outer",
                  "Parallel Aware": true,
                  "Relation Name": "movie_companies",
                  "Alias": "mc",
                  "Startup Cost": 0.0,
                  "Total Cost": 29310.68,
                  "Plan Rows": 490802,
                  "Plan Width": 0,
                  "Actual Startup Time": 0.032,
                  "Actual Total Time": 87.18,
                  "Actual Rows": 381636,
                  "Actual Loops": 4,
                  "Filter": "(company_id < 14335)",
                  "Rows Removed by Filter": 270646
                }
              ]
            }
          ]
        }
      ]
    },
    "Planning Time": 0.249,
    "Triggers": [],
    "Execution Time": 125.844
  }
]