{
  "Plan": {
    "Node Type": "Aggregate",
    "Strategy": "Plain",
    "Partial Mode": "Finalize",
    "Parallel Aware": false,
    "Startup Cost": 96302.35,
    "Total Cost": 96302.36,
    "Plan Rows": 1,
    "Plan Width": 8,
    "Actual Startup Time": 323.23,
    "Actual Total Time": 338.279,
    "Actual Rows": 1,
    "Actual Loops": 1,
    "Plans": [
      {
        "Node Type": "Gather",
        "Parent Relationship": "Outer",
        "Parallel Aware": false,
        "Startup Cost": 96302.24,
        "Total Cost": 96302.35,
        "Plan Rows": 1,
        "Plan Width": 8,
        "Actual Startup Time": 322.791,
        "Actual Total Time": 338.272,
        "Actual Rows": 2,
        "Actual Loops": 1,
        "Workers Planned": 1,
        "Workers Launched": 1,
        "Single Copy": false,
        "Plans": [
          {
            "Node Type": "Aggregate",
            "Strategy": "Plain",
            "Partial Mode": "Partial",
            "Parent Relationship": "Outer",
            "Parallel Aware": false,
            "Startup Cost": 95302.24,
            "Total Cost": 95302.25,
            "Plan Rows": 1,
            "Plan Width": 8,
            "Actual Startup Time": 317.317,
            "Actual Total Time": 317.32,
            "Actual Rows": 1,
            "Actual Loops": 2,
            "Plans": [
              {
                "Node Type": "Hash Join",
                "Parent Relationship": "Outer",
                "Parallel Aware": true,
                "Join Type": "Inner",
                "Startup Cost": 55216.13,
                "Total Cost": 95236.46,
                "Plan Rows": 26313,
                "Plan Width": 0,
                "Actual Startup Time": 193.33,
                "Actual Total Time": 316.478,
                "Actual Rows": 18608,
                "Actual Loops": 2,
                "Inner Unique": true,
                "Hash Cond": "(mc.movie_id = t.id)",
                "Plans": [
                  {
                    "Node Type": "Seq Scan",
                    "Parent Relationship": "Outer",
                    "Parallel Aware": true,
                    "Relation Name": "movie_companies",
                    "Alias": "mc",
                    "Startup Cost": 0.0,
                    "Total Cost": 37974.77,
                    "Plan Rows": 779260,
                    "Plan Width": 4,
                    "Actual Startup Time": 44.92,
                    "Actual Total Time": 106.823,
                    "Actual Rows": 667442,
                    "Actual Loops": 2,
                    "Filter": "(company_type_id = 2)",
                    "Rows Removed by Filter": 637123
                  },
                  {
                    "Node Type": "Hash",
                    "Parent Relationship": "Inner",
                    "Parallel Aware": true,
                    "Startup Cost": 54588.39,
                    "Total Cost": 54588.39,
                    "Plan Rows": 50219,
                    "Plan Width": 4,
                    "Actual Startup Time": 145.996,
                    "Actual Total Time": 145.997,
                    "Actual Rows": 42296,
                    "Actual Loops": 2,
                    "Hash Buckets": 131072,
                    "Original Hash Buckets": 131072,
                    "Hash Batches": 1,
                    "Original Hash Batches": 1,
                    "Peak Memory Usage": 4352,
                    "Plans": [
                      {
                        "Node Type": "Seq Scan",
                        "Parent Relationship": "Outer",
                        "Parallel Aware": true,
                        "Relation Name": "title",
                        "Alias": "t",
                        "Startup Cost": 0.0,
                        "Total Cost": 54588.39,
                        "Plan Rows": 50219,
                        "Plan Width": 4,
                        "Actual Startup Time": 0.041,
                        "Actual Total Time": 133.548,
                        "Actual Rows": 42296,
                        "Actual Loops": 2,
                        "Filter": "(production_year = 2004)",
                        "Rows Removed by Filter": 1221860
                      }
                    ]
                  }
                ]
              }
            ]
          }
        ]
      }
    ]
  },
  "Planning Time": 0.377,
  "Triggers": [],
  "Execution Time": 338.342
}