{
  "Plan": {
    "Node Type": "Aggregate",
    "Strategy": "Plain",
    "Partial Mode": "Finalize",
    "Parallel Aware": false,
    "Startup Cost": 118480.25,
    "Total Cost": 118480.26,
    "Plan Rows": 1,
    "Plan Width": 8,
    "Actual Startup Time": 435.307,
    "Actual Total Time": 449.246,
    "Actual Rows": 1,
    "Actual Loops": 1,
    "Plans": [
      {
        "Node Type": "Gather",
        "Parent Relationship": "Outer",
        "Parallel Aware": false,
        "Startup Cost": 118480.13,
        "Total Cost": 118480.24,
        "Plan Rows": 1,
        "Plan Width": 8,
        "Actual Startup Time": 434.863,
        "Actual Total Time": 449.241,
        "Actual Rows": 2,
        "Actual Loops": 1,
        "Workers Planned": 1,
        "Workers Launched": 1,
        "Single Copy": false,
        "Plans": [
          {
            "Node Type": "Aggregate",
            "Strategy": "Plain",
            "Partial Mode": "Partial",
            "Parent Relationship": "Outer",
            "Parallel Aware": false,
            "Startup Cost": 117480.13,
            "Total Cost": 117480.14,
            "Plan Rows": 1,
            "Plan Width": 8,
            "Actual Startup Time": 432.122,
            "Actual Total Time": 432.125,
            "Actual Rows": 1,
            "Actual Loops": 2,
            "Plans": [
              {
                "Node Type": "Hash Join",
                "Parent Relationship": "Outer",
                "Parallel Aware": true,
                "Join Type": "Inner",
                "Startup Cost": 56209.69,
                "Total Cost": 117207.72,
                "Plan Rows": 108967,
                "Plan Width": 0,
                "Actual Startup Time": 151.201,
                "Actual Total Time": 425.925,
                "Actual Rows": 155700,
                "Actual Loops": 2,
                "Inner Unique": true,
                "Hash Cond": "(mk.movie_id = t.id)",
                "Plans": [
                  {
                    "Node Type": "Seq Scan",
                    "Parent Relationship": "Outer",
                    "Parallel Aware": true,
                    "Relation Name": "movie_keyword",
                    "Alias": "mk",
                    "Startup Cost": 0.0,
                    "Total Cost": 57718.19,
                    "Plan Rows": 1249461,
                    "Plan Width": 4,
                    "Actual Startup Time": 0.013,
                    "Actual Total Time": 175.272,
                    "Actual Rows": 1063480,
                    "Actual Loops": 2,
                    "Filter": "(keyword_id < 3921)",
                    "Rows Removed by Filter": 1198484
                  },
                  {
                    "Node Type": "Hash",
                    "Parent Relationship": "Inner",
                    "Parallel Aware": true,
                    "Startup Cost": 54588.39,
                    "Total Cost": 54588.39,
                    "Plan Rows": 129704,
                    "Plan Width": 4,
                    "Actual Startup Time": 148.73,
                    "Actual Total Time": 148.731,
                    "Actual Rows": 115442,
                    "Actual Loops": 2,
                    "Hash Buckets": 262144,
                    "Original Hash Buckets": 262144,
                    "Hash Batches": 1,
                    "Original Hash Batches": 1,
                    "Peak Memory Usage": 11104,
                    "Plans": [
                      {
                        "Node Type": "Seq Scan",
                        "Parent Relationship": "Outer",
                        "Parallel Aware": true,
                        "Relation Name": "title",
                        "Alias": "t",
                        "Startup Cost": 0.0,
                        "Total Cost": 54588.39,
                        "Plan Rows": 129704,
                        "Plan Width": 4,
                        "Actual Startup Time": 0.016,
                        "Actual Total Time": 123.33,
                        "Actual Rows": 115442,
                        "Actual Loops": 2,
                        "Filter": "(production_year < 1959)",
                        "Rows Removed by Filter": 1148714
                      }
                    ]
                  }
                ]
              }
            ]
          }
        ]
      }
    ]
  },
  "Planning Time": 0.289,
  "Triggers": [],
  "Execution Time": 449.294
}