[
  {
    "Plan": {
      "Node Type": "Aggregate",
      "Strategy": "Plain",
      "Partial Mode": "Finalize",
      "Parallel Aware": false,
      "Startup Cost": 199775.19,
      "Total Cost": 199775.2,
      "Plan Rows": 1,
      "Plan Width": 8,
      "Actual Startup Time": 853.034,
      "Actual Total Time": 873.867,
      "Actual Rows": 1,
      "Actual Loops": 1,
      "Plans": [
        {
          "Node Type": "Gather",
          "Parent Relationship": "Outer",
          "Parallel Aware": false,
          "Startup Cost": 199774.66,
          "Total Cost": 199775.17,
          "Plan Rows": 5,
          "Plan Width": 8,
          "Actual Startup Time": 835.348,
          "Actual Total Time": 873.855,
          "Actual Rows": 6,
          "Actual Loops": 1,
          "Workers Planned": 5,
          "Workers Launched": 5,
          "Single Copy": false,
          "Plans": [
            {
              "Node Type": "Aggregate",
              "Strategy": "Plain",
              "Partial Mode": "Partial",
              "Parent Relationship": "Outer",
              "Parallel Aware": false,
              "Startup Cost": 198774.66,
              "Total Cost": 198774.67,
              "Plan Rows": 1,
              "Plan Width": 8,
              "Actual Startup Time": 827.485,
              "Actual Total Time": 828.174,
              "Actual Rows": 1,
              "Actual Loops": 6,
              "Plans": [
                {
                  "Node Type": "Hash Join",
                  "Parent Relationship": "Outer",
                  "Parallel Aware": true,
                  "Join Type": "Inner",
                  "Startup Cost": 86086.17,
                  "Total Cost": 198115.48,
                  "Plan Rows": 263673,
                  "Plan Width": 0,
                  "Actual Startup Time": 451.507,
                  "Actual Total Time": 799.519,
                  "Actual Rows": 542036,
                  "Actual Loops": 6,
                  "Inner Unique": false,
                  "Hash Cond": "(ci.movie_id = t.id)",
                  "Plans": [
                    {
                      "Node Type": "Index Scan",
                      "Parent Relationship": "Outer",
                      "Parallel Aware": true,
                      "Scan Direction": "Forward",
                      "Index Name": "role_id_cast_info",
                      "Relation Name": "cast_info",
                      "Alias": "ci",
                      "Startup Cost": 0.56,
                      "Total Cost": 109204.72,
                      "Plan Rows": 577596,
                      "Plan Width": 4,
                      "Actual Startup Time": 0.177,
                      "Actual Total Time": 144.662,
                      "Actual Rows": 537478,
                      "Actual Loops": 6,
                      "Index Cond": "(role_id = 3)",
                      "Rows Removed by Index Recheck": 0,
                      "Filter": "(person_id > 991790)",
                      "Rows Removed by Filter": 130528
                    },
                    {
                      "Node Type": "Hash",
                      "Parent Relationship": "Inner",
                      "Parallel Aware": true,
                      "Startup Cost": 82478.78,
                      "Total Cost": 82478.78,
                      "Plan Rows": 288546,
                      "Plan Width": 8,
                      "Actual Startup Time": 447.981,
                      "Actual Total Time": 448.668,
                      "Actual Rows": 212374,
                      "Actual Loops": 6,
                      "Hash Buckets": 2097152,
                      "Original Hash Buckets": 2097152,
                      "Hash Batches": 1,
                      "Original Hash Batches": 1,
                      "Peak Memory Usage": 66304,
                      "Plans": [
                        {
                          "Node Type": "Hash Join",
                          "Parent Relationship": "Outer",
                          "Parallel Aware": true,
                          "Join Type": "Inner",
                          "Startup Cost": 36068.78,
                          "Total Cost": 82478.78,
                          "Plan Rows": 288546,
                          "Plan Width": 8,
                          "Actual Startup Time": 159.044,
                          "Actual Total Time": 374.179,
                          "Actual Rows": 212374,
                          "Actual Loops": 6,
                          "Inner Unique": false,
                          "Hash Cond": "(t.id = mc.movie_id)",
                          "Plans": [
                            {
                              "Node Type": "Seq Scan",
                              "Parent Relationship": "Outer",
                              "Parallel Aware": true,
                              "Relation Name": "title",
                              "Alias": "t",
                              "Startup Cost": 0.0,
                              "Total Cost": 42318.81,
                              "Plan Rows": 632080,
                              "Plan Width": 4,
                              "Actual Startup Time": 0.015,
                              "Actual Total Time": 60.335,
                              "Actual Rows": 421385,
                              "Actual Loops": 6
                            },
                            {
                              "Node Type": "Hash",
                              "Parent Relationship": "Inner",
                              "Parallel Aware": true,
                              "Startup Cost": 31414.82,
                              "Total Cost": 31414.82,
                              "Plan Rows": 372317,
                              "Plan Width": 4,
                              "Actual Startup Time": 156.253,
                              "Actual Total Time": 156.254,
                              "Actual Rows": 212374,
                              "Actual Loops": 6,
                              "Hash Buckets": 2097152,
                              "Original Hash Buckets": 2097152,
                              "Hash Batches": 1,
                              "Original Hash Batches": 1,
                              "Peak Memory Usage": 66368,
                              "Plans": [
                                {
                                  "Node Type": "Seq Scan",
                                  "Parent Relationship": "Outer",
                                  "Parallel Aware": true,
                                  "Relation Name": "movie_companies",
                                  "Alias": "mc",
                                  "Startup Cost": 0.0,
                                  "Total Cost": 31414.82,
                                  "Plan Rows": 372317,
                                  "Plan Width": 4,
                                  "Actual Startup Time": 0.045,
                                  "Actual Total Time": 68.312,
                                  "Actual Rows": 212374,
                                  "Actual Loops": 6,
                                  "Filter": "((company_id < 99816) AND (company_type_id = 1))",
                                  "Rows Removed by Filter": 222480
                                }
                              ]
                            }
                          ]
                        }
                      ]
                    }
                  ]
                }
              ]
            }
          ]
        }
      ]
    },
    "Planning Time": 0.584,
    "Triggers": [],
    "Execution Time": 873.916
  }
]