[
    {
        "Bao": {
            "Bao prediction": "NaN",
            "Bao recommended hint": "(no hint)"
        }
    },
    {
        "Plan": {
            "Node Type": "Aggregate",
            "Strategy": "Plain",
            "Partial Mode": "Finalize",
            "Parallel Aware": false,
            "Startup Cost": 349489.1,
            "Total Cost": 349489.11,
            "Plan Rows": 1,
            "Plan Width": 8,
            "Actual Startup Time": 680.522,
            "Actual Total Time": 707.905,
            "Actual Rows": 1,
            "Actual Loops": 1,
            "Output": [
                "count(*)"
            ],
            "Plans": [
                {
                    "Node Type": "Gather",
                    "Parent Relationship": "Outer",
                    "Parallel Aware": false,
                    "Startup Cost": 349488.47,
                    "Total Cost": 349489.08,
                    "Plan Rows": 6,
                    "Plan Width": 8,
                    "Actual Startup Time": 680.385,
                    "Actual Total Time": 707.895,
                    "Actual Rows": 7,
                    "Actual Loops": 1,
                    "Output": [
                        "(PARTIAL count(*))"
                    ],
                    "Workers Planned": 6,
                    "Workers Launched": 6,
                    "Single Copy": false,
                    "Plans": [
                        {
                            "Node Type": "Aggregate",
                            "Strategy": "Plain",
                            "Partial Mode": "Partial",
                            "Parent Relationship": "Outer",
                            "Parallel Aware": false,
                            "Startup Cost": 348488.47,
                            "Total Cost": 348488.48,
                            "Plan Rows": 1,
                            "Plan Width": 8,
                            "Actual Startup Time": 670.574,
                            "Actual Total Time": 670.576,
                            "Actual Rows": 1,
                            "Actual Loops": 7,
                            "Output": [
                                "PARTIAL count(*)"
                            ],
                            "Workers": [
                                {
                                    "Worker Number": 0,
                                    "Actual Startup Time": 667.828,
                                    "Actual Total Time": 667.83,
                                    "Actual Rows": 1,
                                    "Actual Loops": 1
                                },
                                {
                                    "Worker Number": 1,
                                    "Actual Startup Time": 667.937,
                                    "Actual Total Time": 667.938,
                                    "Actual Rows": 1,
                                    "Actual Loops": 1
                                },
                                {
                                    "Worker Number": 2,
                                    "Actual Startup Time": 668.352,
                                    "Actual Total Time": 668.354,
                                    "Actual Rows": 1,
                                    "Actual Loops": 1
                                },
                                {
                                    "Worker Number": 3,
                                    "Actual Startup Time": 671.758,
                                    "Actual Total Time": 671.759,
                                    "Actual Rows": 1,
                                    "Actual Loops": 1
                                },
                                {
                                    "Worker Number": 4,
                                    "Actual Startup Time": 668.962,
                                    "Actual Total Time": 668.964,
                                    "Actual Rows": 1,
                                    "Actual Loops": 1
                                },
                                {
                                    "Worker Number": 5,
                                    "Actual Startup Time": 669.65,
                                    "Actual Total Time": 669.651,
                                    "Actual Rows": 1,
                                    "Actual Loops": 1
                                }
                            ],
                            "Plans": [
                                {
                                    "Node Type": "Seq Scan",
                                    "Parent Relationship": "Outer",
                                    "Parallel Aware": true,
                                    "Relation Name": "cast_info",
                                    "Schema": "public",
                                    "Alias": "ci",
                                    "Startup Cost": 0.0,
                                    "Total Cost": 343318.94,
                                    "Plan Rows": 2067812,
                                    "Plan Width": 0,
                                    "Actual Startup Time": 336.762,
                                    "Actual Total Time": 617.938,
                                    "Actual Rows": 1139972,
                                    "Actual Loops": 7,
                                    "Output": [
                                        "id",
                                        "person_id",
                                        "movie_id",
                                        "person_role_id",
                                        "note",
                                        "nr_order",
                                        "role_id"
                                    ],
                                    "Filter": "((ci.person_id < 2866890) AND (ci.role_id > 2))",
                                    "Rows Removed by Filter": 4037792,
                                    "Workers": [
                                        {
                                            "Worker Number": 0,
                                            "Actual Startup Time": 334.023,
                                            "Actual Total Time": 615.449,
                                            "Actual Rows": 774996,
                                            "Actual Loops": 1
                                        },
                                        {
                                            "Worker Number": 1,
                                            "Actual Startup Time": 334.116,
                                            "Actual Total Time": 615.53,
                                            "Actual Rows": 775413,
                                            "Actual Loops": 1
                                        },
                                        {
                                            "Worker Number": 2,
                                            "Actual Startup Time": 334.55,
                                            "Actual Total Time": 617.658,
                                            "Actual Rows": 1220198,
                                            "Actual Loops": 1
                                        },
                                        {
                                            "Worker Number": 3,
                                            "Actual Startup Time": 337.954,
                                            "Actual Total Time": 621.113,
                                            "Actual Rows": 1220658,
                                            "Actual Loops": 1
                                        },
                                        {
                                            "Worker Number": 4,
                                            "Actual Startup Time": 335.135,
                                            "Actual Total Time": 618.643,
                                            "Actual Rows": 1214473,
                                            "Actual Loops": 1
                                        },
                                        {
                                            "Worker Number": 5,
                                            "Actual Startup Time": 335.844,
                                            "Actual Total Time": 618.607,
                                            "Actual Rows": 1225767,
                                            "Actual Loops": 1
                                        }
                                    ]
                                }
                            ]
                        }
                    ]
                }
            ]
        },
        "Planning Time": 198.768,
        "Triggers": [],
        "Execution Time": 707.992
    }
]