[
  {
    "Plan": {
      "Node Type": "Aggregate",
      "Strategy": "Plain",
      "Partial Mode": "Finalize",
      "Parallel Aware": false,
      "Startup Cost": 32728.88,
      "Total Cost": 32728.89,
      "Plan Rows": 1,
      "Plan Width": 8,
      "Actual Startup Time": 95.368,
      "Actual Total Time": 103.184,
      "Actual Rows": 1,
      "Actual Loops": 1,
      "Plans": [
        {
          "Node Type": "Gather",
          "Parent Relationship": "Outer",
          "Parallel Aware": false,
          "Startup Cost": 32728.57,
          "Total Cost": 32728.88,
          "Plan Rows": 3,
          "Plan Width": 8,
          "Actual Startup Time": 95.265,
          "Actual Total Time": 103.177,
          "Actual Rows": 4,
          "Actual Loops": 1,
          "Workers Planned": 3,
          "Workers Launched": 3,
          "Single Copy": false,
          "Plans": [
            {
              "Node Type": "Aggregate",
              "Strategy": "Plain",
              "Partial Mode": "Partial",
              "Parent Relationship": "Outer",
              "Parallel Aware": false,
              "Startup Cost": 31728.57,
              "Total Cost": 31728.58,
              "Plan Rows": 1,
              "Plan Width": 8,
              "Actual Startup Time": 88.276,
              "Actual Total Time": 88.277,
              "Actual Rows": 1,
              "Actual Loops": 4,
              "Plans": [
                {
                  "Node Type": "Seq Scan",
                  "Parent Relationship": "Outer",
                  "Parallel Aware": true,
                  "Relation Name": "movie_companies",
                  "Alias": "mc",
                  "Startup Cost": 0.0,
                  "Total Cost": 31414.82,
                  "Plan Rows": 125499,
                  "Plan Width": 0,
                  "Actual Startup Time": 45.315,
                  "Actual Total Time": 80.478,
                  "Actual Rows": 175278,
                  "Actual Loops": 4,
                  "Filter": "((company_id > 36207) AND (company_type_id = 2))",
                  "Rows Removed by Filter": 477005
                }
              ]
            }
          ]
        }
      ]
    },
    "Planning Time": 0.219,
    "Triggers": [],
    "Execution Time": 103.243
  }
]