{
  "Plan": {
    "Node Type": "Aggregate",
    "Strategy": "Plain",
    "Partial Mode": "Finalize",
    "Parallel Aware": false,
    "Startup Cost": 682520.25,
    "Total Cost": 682520.26,
    "Plan Rows": 1,
    "Plan Width": 8,
    "Actual Startup Time": 2896.534,
    "Actual Total Time": 2955.551,
    "Actual Rows": 1,
    "Actual Loops": 1,
    "Plans": [
      {
        "Node Type": "Gather",
        "Parent Relationship": "Outer",
        "Parallel Aware": false,
        "Startup Cost": 682520.14,
        "Total Cost": 682520.25,
        "Plan Rows": 1,
        "Plan Width": 8,
        "Actual Startup Time": 2894.026,
        "Actual Total Time": 2955.538,
        "Actual Rows": 2,
        "Actual Loops": 1,
        "Workers Planned": 1,
        "Workers Launched": 1,
        "Single Copy": false,
        "Plans": [
          {
            "Node Type": "Aggregate",
            "Strategy": "Plain",
            "Partial Mode": "Partial",
            "Parent Relationship": "Outer",
            "Parallel Aware": false,
            "Startup Cost": 681520.14,
            "Total Cost": 681520.15,
            "Plan Rows": 1,
            "Plan Width": 8,
            "Actual Startup Time": 2888.671,
            "Actual Total Time": 2888.676,
            "Actual Rows": 1,
            "Actual Loops": 2,
            "Plans": [
              {
                "Node Type": "Hash Join",
                "Parent Relationship": "Outer",
                "Parallel Aware": true,
                "Join Type": "Inner",
                "Startup Cost": 80612.07,
                "Total Cost": 680993.4,
                "Plan Rows": 210696,
                "Plan Width": 0,
                "Actual Startup Time": 896.269,
                "Actual Total Time": 2880.18,
                "Actual Rows": 182287,
                "Actual Loops": 2,
                "Inner Unique": false,
                "Hash Cond": "(t.id = mi_idx.movie_id)",
                "Plans": [
                  {
                    "Node Type": "Hash Join",
                    "Parent Relationship": "Outer",
                    "Parallel Aware": true,
                    "Join Type": "Inner",
                    "Startup Cost": 55771.98,
                    "Total Cost": 652015.83,
                    "Plan Rows": 579618,
                    "Plan Width": 8,
                    "Actual Startup Time": 705.301,
                    "Actual Total Time": 2524.778,
                    "Actual Rows": 360466,
                    "Actual Loops": 2,
                    "Inner Unique": true,
                    "Hash Cond": "(ci.movie_id = t.id)",
                    "Plans": [
                      {
                        "Node Type": "Seq Scan",
                        "Parent Relationship": "Outer",
                        "Parallel Aware": true,
                        "Relation Name": "cast_info",
                        "Alias": "ci",
                        "Startup Cost": 0.0,
                        "Total Cost": 572345.93,
                        "Plan Rows": 9103952,
                        "Plan Width": 4,
                        "Actual Startup Time": 556.574,
                        "Actual Total Time": 1689.679,
                        "Actual Rows": 5486852,
                        "Actual Loops": 2,
                        "Filter": "((person_id < 2422512) AND (role_id > 1))",
                        "Rows Removed by Filter": 12635320
                      },
                      {
                        "Node Type": "Hash",
                        "Parent Relationship": "Inner",
                        "Parallel Aware": true,
                        "Startup Cost": 54588.39,
                        "Total Cost": 54588.39,
                        "Plan Rows": 94687,
                        "Plan Width": 4,
                        "Actual Startup Time": 148.16,
                        "Actual Total Time": 148.161,
                        "Actual Rows": 82154,
                        "Actual Loops": 2,
                        "Hash Buckets": 262144,
                        "Original Hash Buckets": 262144,
                        "Hash Batches": 1,
                        "Original Hash Batches": 1,
                        "Peak Memory Usage": 8512,
                        "Plans": [
                          {
                            "Node Type": "Seq Scan",
                            "Parent Relationship": "Outer",
                            "Parallel Aware": true,
                            "Relation Name": "title",
                            "Alias": "t",
                            "Startup Cost": 0.0,
                            "Total Cost": 54588.39,
                            "Plan Rows": 94687,
                            "Plan Width": 4,
                            "Actual Startup Time": 0.022,
                            "Actual Total Time": 125.906,
                            "Actual Rows": 82154,
                            "Actual Loops": 2,
                            "Filter": "(production_year = 2012)",
                            "Rows Removed by Filter": 1182002
                          }
                        ]
                      }
                    ]
                  },
                  {
                    "Node Type": "Hash",
                    "Parent Relationship": "Inner",
                    "Parallel Aware": true,
                    "Startup Cost": 18082.32,
                    "Total Cost": 18082.32,
                    "Plan Rows": 540622,
                    "Plan Width": 4,
                    "Actual Startup Time": 182.243,
                    "Actual Total Time": 182.244,
                    "Actual Rows": 459925,
                    "Actual Loops": 2,
                    "Hash Buckets": 1048576,
                    "Original Hash Buckets": 1048576,
                    "Hash Batches": 1,
                    "Original Hash Batches": 1,
                    "Peak Memory Usage": 44224,
                    "Plans": [
                      {
                        "Node Type": "Seq Scan",
                        "Parent Relationship": "Outer",
                        "Parallel Aware": true,
                        "Relation Name": "movie_info_idx",
                        "Alias": "mi_idx",
                        "Startup Cost": 0.0,
                        "Total Cost": 18082.32,
                        "Plan Rows": 540622,
                        "Plan Width": 4,
                        "Actual Startup Time": 0.049,
                        "Actual Total Time": 84.298,
                        "Actual Rows": 459925,
                        "Actual Loops": 2,
                        "Filter": "(info_type_id < 101)",
                        "Rows Removed by Filter": 230092
                      }
                    ]
                  }
                ]
              }
            ]
          }
        ]
      }
    ]
  },
  "Planning Time": 0.81,
  "Triggers": [],
  "Execution Time": 2955.643
}