[
  {
    "Plan": {
      "Node Type": "Aggregate",
      "Strategy": "Plain",
      "Partial Mode": "Finalize",
      "Parallel Aware": false,
      "Startup Cost": 331015.49,
      "Total Cost": 331015.5,
      "Plan Rows": 1,
      "Plan Width": 8,
      "Actual Startup Time": 585.647,
      "Actual Total Time": 631.07,
      "Actual Rows": 1,
      "Actual Loops": 1,
      "Plans": [
        {
          "Node Type": "Gather",
          "Parent Relationship": "Outer",
          "Parallel Aware": false,
          "Startup Cost": 331014.86,
          "Total Cost": 331015.47,
          "Plan Rows": 6,
          "Plan Width": 8,
          "Actual Startup Time": 585.427,
          "Actual Total Time": 631.052,
          "Actual Rows": 7,
          "Actual Loops": 1,
          "Workers Planned": 6,
          "Workers Launched": 6,
          "Single Copy": false,
          "Plans": [
            {
              "Node Type": "Aggregate",
              "Strategy": "Plain",
              "Partial Mode": "Partial",
              "Parent Relationship": "Outer",
              "Parallel Aware": false,
              "Startup Cost": 330014.86,
              "Total Cost": 330014.87,
              "Plan Rows": 1,
              "Plan Width": 8,
              "Actual Startup Time": 579.623,
              "Actual Total Time": 579.625,
              "Actual Rows": 1,
              "Actual Loops": 7,
              "Plans": [
                {
                  "Node Type": "Seq Scan",
                  "Parent Relationship": "Outer",
                  "Parallel Aware": true,
                  "Relation Name": "cast_info",
                  "Alias": "ci",
                  "Startup Cost": 0.0,
                  "Total Cost": 328211.39,
                  "Plan Rows": 721389,
                  "Plan Width": 0,
                  "Actual Startup Time": 0.037,
                  "Actual Total Time": 547.402,
                  "Actual Rows": 642652,
                  "Actual Loops": 7,
                  "Filter": "(person_id < 434454)",
                  "Rows Removed by Filter": 4535112
                }
              ]
            }
          ]
        }
      ]
    },
    "Planning Time": 0.202,
    "Triggers": [],
    "Execution Time": 631.142
  }
]