[
  {
    "Plan": {
      "Node Type": "Aggregate",
      "Strategy": "Plain",
      "Partial Mode": "Finalize",
      "Parallel Aware": false,
      "Startup Cost": 330995.3,
      "Total Cost": 330995.31,
      "Plan Rows": 1,
      "Plan Width": 8,
      "Actual Startup Time": 559.154,
      "Actual Total Time": 618.73,
      "Actual Rows": 1,
      "Actual Loops": 1,
      "Plans": [
        {
          "Node Type": "Gather",
          "Parent Relationship": "Outer",
          "Parallel Aware": false,
          "Startup Cost": 330994.67,
          "Total Cost": 330995.28,
          "Plan Rows": 6,
          "Plan Width": 8,
          "Actual Startup Time": 559.018,
          "Actual Total Time": 618.72,
          "Actual Rows": 7,
          "Actual Loops": 1,
          "Workers Planned": 6,
          "Workers Launched": 6,
          "Single Copy": false,
          "Plans": [
            {
              "Node Type": "Aggregate",
              "Strategy": "Plain",
              "Partial Mode": "Partial",
              "Parent Relationship": "Outer",
              "Parallel Aware": false,
              "Startup Cost": 329994.67,
              "Total Cost": 329994.68,
              "Plan Rows": 1,
              "Plan Width": 8,
              "Actual Startup Time": 550.65,
              "Actual Total Time": 550.652,
              "Actual Rows": 1,
              "Actual Loops": 7,
              "Plans": [
                {
                  "Node Type": "Seq Scan",
                  "Parent Relationship": "Outer",
                  "Parallel Aware": true,
                  "Relation Name": "cast_info",
                  "Alias": "ci",
                  "Startup Cost": 0.0,
                  "Total Cost": 328162.03,
                  "Plan Rows": 733058,
                  "Plan Width": 0,
                  "Actual Startup Time": 0.049,
                  "Actual Total Time": 519.681,
                  "Actual Rows": 642652,
                  "Actual Loops": 7,
                  "Filter": "(person_id < 434454)",
                  "Rows Removed by Filter": 4535112
                }
              ]
            }
          ]
        }
      ]
    },
    "Planning Time": 0.161,
    "Triggers": [],
    "Execution Time": 618.794
  }
]