[
  {
    "Plan": {
      "Node Type": "Aggregate",
      "Strategy": "Plain",
      "Partial Mode": "Finalize",
      "Parallel Aware": false,
      "Startup Cost": 31632.25,
      "Total Cost": 31632.26,
      "Plan Rows": 1,
      "Plan Width": 8,
      "Actual Startup Time": 119.08,
      "Actual Total Time": 126.798,
      "Actual Rows": 1,
      "Actual Loops": 1,
      "Plans": [
        {
          "Node Type": "Gather",
          "Parent Relationship": "Outer",
          "Parallel Aware": false,
          "Startup Cost": 31631.93,
          "Total Cost": 31632.24,
          "Plan Rows": 3,
          "Plan Width": 8,
          "Actual Startup Time": 118.922,
          "Actual Total Time": 126.786,
          "Actual Rows": 4,
          "Actual Loops": 1,
          "Workers Planned": 3,
          "Workers Launched": 3,
          "Single Copy": false,
          "Plans": [
            {
              "Node Type": "Aggregate",
              "Strategy": "Plain",
              "Partial Mode": "Partial",
              "Parent Relationship": "Outer",
              "Parallel Aware": false,
              "Startup Cost": 30631.93,
              "Total Cost": 30631.94,
              "Plan Rows": 1,
              "Plan Width": 8,
              "Actual Startup Time": 110.368,
              "Actual Total Time": 110.37,
              "Actual Rows": 1,
              "Actual Loops": 4,
              "Plans": [
                {
                  "Node Type": "Seq Scan",
                  "Parent Relationship": "Outer",
                  "Parallel Aware": true,
                  "Relation Name": "movie_companies",
                  "Alias": "mc",
                  "Startup Cost": 0.0,
                  "Total Cost": 29310.68,
                  "Plan Rows": 528499,
                  "Plan Width": 0,
                  "Actual Startup Time": 0.032,
                  "Actual Total Time": 86.663,
                  "Actual Rows": 412143,
                  "Actual Loops": 4,
                  "Filter": "(company_id < 18097)",
                  "Rows Removed by Filter": 240140
                }
              ]
            }
          ]
        }
      ]
    },
    "Planning Time": 0.173,
    "Triggers": [],
    "Execution Time": 126.854
  }
]