{
  "Plan": {
    "Node Type": "Aggregate",
    "Strategy": "Plain",
    "Partial Mode": "Finalize",
    "Parallel Aware": false,
    "Startup Cost": 57970.12,
    "Total Cost": 57970.13,
    "Plan Rows": 1,
    "Plan Width": 8,
    "Actual Startup Time": 55.552,
    "Actual Total Time": 63.627,
    "Actual Rows": 1,
    "Actual Loops": 1,
    "Plans": [
      {
        "Node Type": "Gather",
        "Parent Relationship": "Outer",
        "Parallel Aware": false,
        "Startup Cost": 57970.0,
        "Total Cost": 57970.11,
        "Plan Rows": 1,
        "Plan Width": 8,
        "Actual Startup Time": 55.451,
        "Actual Total Time": 63.621,
        "Actual Rows": 2,
        "Actual Loops": 1,
        "Workers Planned": 1,
        "Workers Launched": 1,
        "Single Copy": false,
        "Plans": [
          {
            "Node Type": "Aggregate",
            "Strategy": "Plain",
            "Partial Mode": "Partial",
            "Parent Relationship": "Outer",
            "Parallel Aware": false,
            "Startup Cost": 56970.0,
            "Total Cost": 56970.01,
            "Plan Rows": 1,
            "Plan Width": 8,
            "Actual Startup Time": 49.104,
            "Actual Total Time": 49.106,
            "Actual Rows": 1,
            "Actual Loops": 2,
            "Plans": [
              {
                "Node Type": "Nested Loop",
                "Parent Relationship": "Outer",
                "Parallel Aware": false,
                "Join Type": "Inner",
                "Startup Cost": 218.13,
                "Total Cost": 56964.13,
                "Plan Rows": 2348,
                "Plan Width": 0,
                "Actual Startup Time": 4.553,
                "Actual Total Time": 48.906,
                "Actual Rows": 1212,
                "Actual Loops": 2,
                "Inner Unique": false,
                "Plans": [
                  {
                    "Node Type": "Nested Loop",
                    "Parent Relationship": "Outer",
                    "Parallel Aware": false,
                    "Join Type": "Inner",
                    "Startup Cost": 217.7,
                    "Total Cost": 54639.33,
                    "Plan Rows": 4302,
                    "Plan Width": 8,
                    "Actual Startup Time": 4.406,
                    "Actual Total Time": 44.896,
                    "Actual Rows": 456,
                    "Actual Loops": 2,
                    "Inner Unique": true,
                    "Plans": [
                      {
                        "Node Type": "Bitmap Heap Scan",
                        "Parent Relationship": "Outer",
                        "Parallel Aware": true,
                        "Relation Name": "movie_companies",
                        "Alias": "mc",
                        "Startup Cost": 217.27,
                        "Total Cost": 16464.14,
                        "Plan Rows": 5832,
                        "Plan Width": 4,
                        "Actual Startup Time": 4.28,
                        "Actual Total Time": 14.394,
                        "Actual Rows": 5080,
                        "Actual Loops": 2,
                        "Recheck Cond": "(company_id = 2561)",
                        "Rows Removed by Index Recheck": 0,
                        "Exact Heap Blocks": 4412,
                        "Lossy Heap Blocks": 0,
                        "Plans": [
                          {
                            "Node Type": "Bitmap Index Scan",
                            "Parent Relationship": "Outer",
                            "Parallel Aware": false,
                            "Index Name": "company_id_movie_companies",
                            "Startup Cost": 0.0,
                            "Total Cost": 214.79,
                            "Plan Rows": 9915,
                            "Plan Width": 0,
                            "Actual Startup Time": 5.543,
                            "Actual Total Time": 5.543,
                            "Actual Rows": 10160,
                            "Actual Loops": 1,
                            "Index Cond": "(company_id = 2561)"
                          }
                        ]
                      },
                      {
                        "Node Type": "Index Scan",
                        "Parent Relationship": "Inner",
                        "Parallel Aware": false,
                        "Scan Direction": "Forward",
                        "Index Name": "title_pkey",
                        "Relation Name": "title",
                        "Alias": "t",
                        "Startup Cost": 0.43,
                        "Total Cost": 6.55,
                        "Plan Rows": 1,
                        "Plan Width": 4,
                        "Actual Startup Time": 0.006,
                        "Actual Total Time": 0.006,
                        "Actual Rows": 0,
                        "Actual Loops": 10160,
                        "Index Cond": "(id = mc.movie_id)",
                        "Rows Removed by Index Recheck": 0,
                        "Filter": "(kind_id > 1)",
                        "Rows Removed by Filter": 1
                      }
                    ]
                  },
                  {
                    "Node Type": "Index Only Scan",
                    "Parent Relationship": "Inner",
                    "Parallel Aware": false,
                    "Scan Direction": "Forward",
                    "Index Name": "movie_id_movie_info_idx",
                    "Relation Name": "movie_info_idx",
                    "Alias": "mi_idx",
                    "Startup Cost": 0.43,
                    "Total Cost": 0.51,
                    "Plan Rows": 3,
                    "Plan Width": 4,
                    "Actual Startup Time": 0.007,
                    "Actual Total Time": 0.008,
                    "Actual Rows": 3,
                    "Actual Loops": 913,
                    "Index Cond": "(movie_id = t.id)",
                    "Rows Removed by Index Recheck": 0,
                    "Heap Fetches": 2424
                  }
                ]
              }
            ]
          }
        ]
      }
    ]
  },
  "Planning Time": 1.135,
  "Triggers": [],
  "Execution Time": 63.727
}