[
  {
    "Plan": {
      "Node Type": "Aggregate",
      "Strategy": "Plain",
      "Partial Mode": "Finalize",
      "Parallel Aware": false,
      "Startup Cost": 102837.99,
      "Total Cost": 102838.0,
      "Plan Rows": 1,
      "Plan Width": 8,
      "Actual Startup Time": 785.444,
      "Actual Total Time": 800.925,
      "Actual Rows": 1,
      "Actual Loops": 1,
      "Plans": [
        {
          "Node Type": "Gather",
          "Parent Relationship": "Outer",
          "Parallel Aware": false,
          "Startup Cost": 102837.77,
          "Total Cost": 102837.98,
          "Plan Rows": 2,
          "Plan Width": 8,
          "Actual Startup Time": 780.578,
          "Actual Total Time": 800.918,
          "Actual Rows": 3,
          "Actual Loops": 1,
          "Workers Planned": 2,
          "Workers Launched": 2,
          "Single Copy": false,
          "Plans": [
            {
              "Node Type": "Aggregate",
              "Strategy": "Plain",
              "Partial Mode": "Partial",
              "Parent Relationship": "Outer",
              "Parallel Aware": false,
              "Startup Cost": 101837.77,
              "Total Cost": 101837.78,
              "Plan Rows": 1,
              "Plan Width": 8,
              "Actual Startup Time": 772.074,
              "Actual Total Time": 772.08,
              "Actual Rows": 1,
              "Actual Loops": 3,
              "Plans": [
                {
                  "Node Type": "Hash Join",
                  "Parent Relationship": "Outer",
                  "Parallel Aware": true,
                  "Join Type": "Inner",
                  "Startup Cost": 84858.97,
                  "Total Cost": 101269.1,
                  "Plan Rows": 227470,
                  "Plan Width": 0,
                  "Actual Startup Time": 604.673,
                  "Actual Total Time": 750.103,
                  "Actual Rows": 542893,
                  "Actual Loops": 3,
                  "Inner Unique": false,
                  "Hash Cond": "(mi_idx.movie_id = t.id)",
                  "Plans": [
                    {
                      "Node Type": "Seq Scan",
                      "Parent Relationship": "Outer",
                      "Parallel Aware": true,
                      "Relation Name": "movie_info_idx",
                      "Alias": "mi_idx",
                      "Startup Cost": 0.0,
                      "Total Cost": 13685.15,
                      "Plan Rows": 575015,
                      "Plan Width": 4,
                      "Actual Startup Time": 0.034,
                      "Actual Total Time": 36.283,
                      "Actual Rows": 460012,
                      "Actual Loops": 3
                    },
                    {
                      "Node Type": "Hash",
                      "Parent Relationship": "Inner",
                      "Parallel Aware": true,
                      "Startup Cost": 81733.44,
                      "Total Cost": 81733.44,
                      "Plan Rows": 250042,
                      "Plan Width": 8,
                      "Actual Startup Time": 597.256,
                      "Actual Total Time": 597.26,
                      "Actual Rows": 285603,
                      "Actual Loops": 3,
                      "Hash Buckets": 1048576,
                      "Original Hash Buckets": 1048576,
                      "Hash Batches": 1,
                      "Original Hash Batches": 1,
                      "Peak Memory Usage": 41760,
                      "Plans": [
                        {
                          "Node Type": "Hash Join",
                          "Parent Relationship": "Outer",
                          "Parallel Aware": true,
                          "Join Type": "Inner",
                          "Startup Cost": 35447.76,
                          "Total Cost": 81733.44,
                          "Plan Rows": 250042,
                          "Plan Width": 8,
                          "Actual Startup Time": 175.532,
                          "Actual Total Time": 520.61,
                          "Actual Rows": 285603,
                          "Actual Loops": 3,
                          "Inner Unique": false,
                          "Hash Cond": "(t.id = mc.movie_id)",
                          "Plans": [
                            {
                              "Node Type": "Seq Scan",
                              "Parent Relationship": "Outer",
                              "Parallel Aware": true,
                              "Relation Name": "title",
                              "Alias": "t",
                              "Startup Cost": 0.0,
                              "Total Cost": 42318.73,
                              "Plan Rows": 632073,
                              "Plan Width": 4,
                              "Actual Startup Time": 0.009,
                              "Actual Total Time": 92.462,
                              "Actual Rows": 842771,
                              "Actual Loops": 3
                            },
                            {
                              "Node Type": "Hash",
                              "Parent Relationship": "Inner",
                              "Parallel Aware": true,
                              "Startup Cost": 31414.82,
                              "Total Cost": 31414.82,
                              "Plan Rows": 322635,
                              "Plan Width": 4,
                              "Actual Startup Time": 171.561,
                              "Actual Total Time": 171.561,
                              "Actual Rows": 285603,
                              "Actual Loops": 3,
                              "Hash Buckets": 1048576,
                              "Original Hash Buckets": 1048576,
                              "Hash Batches": 1,
                              "Original Hash Batches": 1,
                              "Peak Memory Usage": 41760,
                              "Plans": [
                                {
                                  "Node Type": "Seq Scan",
                                  "Parent Relationship": "Outer",
                                  "Parallel Aware": true,
                                  "Relation Name": "movie_companies",
                                  "Alias": "mc",
                                  "Startup Cost": 0.0,
                                  "Total Cost": 31414.82,
                                  "Plan Rows": 322635,
                                  "Plan Width": 4,
                                  "Actual Startup Time": 0.427,
                                  "Actual Total Time": 97.333,
                                  "Actual Rows": 285603,
                                  "Actual Loops": 3,
                                  "Filter": "((company_id > 607) AND (company_type_id = 1))",
                                  "Rows Removed by Filter": 584106
                                }
                              ]
                            }
                          ]
                        }
                      ]
                    }
                  ]
                }
              ]
            }
          ]
        }
      ]
    },
    "Planning Time": 1.429,
    "Triggers": [],
    "Execution Time": 801.011
  }
]