[
  {
    "Plan": {
      "Node Type": "Aggregate",
      "Strategy": "Plain",
      "Partial Mode": "Finalize",
      "Parallel Aware": false,
      "Startup Cost": 35159.15,
      "Total Cost": 35159.16,
      "Plan Rows": 1,
      "Plan Width": 8,
      "Actual Startup Time": 113.919,
      "Actual Total Time": 121.72,
      "Actual Rows": 1,
      "Actual Loops": 1,
      "Plans": [
        {
          "Node Type": "Gather",
          "Parent Relationship": "Outer",
          "Parallel Aware": false,
          "Startup Cost": 35158.83,
          "Total Cost": 35159.14,
          "Plan Rows": 3,
          "Plan Width": 8,
          "Actual Startup Time": 113.658,
          "Actual Total Time": 121.71,
          "Actual Rows": 4,
          "Actual Loops": 1,
          "Workers Planned": 3,
          "Workers Launched": 3,
          "Single Copy": false,
          "Plans": [
            {
              "Node Type": "Aggregate",
              "Strategy": "Plain",
              "Partial Mode": "Partial",
              "Parent Relationship": "Outer",
              "Parallel Aware": false,
              "Startup Cost": 34158.83,
              "Total Cost": 34158.84,
              "Plan Rows": 1,
              "Plan Width": 8,
              "Actual Startup Time": 109.785,
              "Actual Total Time": 109.787,
              "Actual Rows": 1,
              "Actual Loops": 4,
              "Plans": [
                {
                  "Node Type": "Bitmap Heap Scan",
                  "Parent Relationship": "Outer",
                  "Parallel Aware": true,
                  "Relation Name": "movie_keyword",
                  "Alias": "mk",
                  "Startup Cost": 7902.76,
                  "Total Cost": 33858.49,
                  "Plan Rows": 120138,
                  "Plan Width": 0,
                  "Actual Startup Time": 41.887,
                  "Actual Total Time": 104.407,
                  "Actual Rows": 93128,
                  "Actual Loops": 4,
                  "Recheck Cond": "(keyword_id > 45450)",
                  "Rows Removed by Index Recheck": 0,
                  "Exact Heap Blocks": 11092,
                  "Lossy Heap Blocks": 0,
                  "Plans": [
                    {
                      "Node Type": "Bitmap Index Scan",
                      "Parent Relationship": "Outer",
                      "Parallel Aware": false,
                      "Index Name": "keyword_id_movie_keyword",
                      "Startup Cost": 0.0,
                      "Total Cost": 7809.65,
                      "Plan Rows": 372429,
                      "Plan Width": 0,
                      "Actual Startup Time": 41.601,
                      "Actual Total Time": 41.601,
                      "Actual Rows": 372511,
                      "Actual Loops": 1,
                      "Index Cond": "(keyword_id > 45450)"
                    }
                  ]
                }
              ]
            }
          ]
        }
      ]
    },
    "Planning Time": 0.152,
    "Triggers": [],
    "Execution Time": 121.783
  }
]