{
  "Plan": {
    "Node Type": "Aggregate",
    "Strategy": "Plain",
    "Partial Mode": "Finalize",
    "Parallel Aware": false,
    "Startup Cost": 118550.8,
    "Total Cost": 118550.81,
    "Plan Rows": 1,
    "Plan Width": 8,
    "Actual Startup Time": 442.868,
    "Actual Total Time": 460.295,
    "Actual Rows": 1,
    "Actual Loops": 1,
    "Plans": [
      {
        "Node Type": "Gather",
        "Parent Relationship": "Outer",
        "Parallel Aware": false,
        "Startup Cost": 118550.69,
        "Total Cost": 118550.8,
        "Plan Rows": 1,
        "Plan Width": 8,
        "Actual Startup Time": 442.568,
        "Actual Total Time": 460.289,
        "Actual Rows": 2,
        "Actual Loops": 1,
        "Workers Planned": 1,
        "Workers Launched": 1,
        "Single Copy": false,
        "Plans": [
          {
            "Node Type": "Aggregate",
            "Strategy": "Plain",
            "Partial Mode": "Partial",
            "Parent Relationship": "Outer",
            "Parallel Aware": false,
            "Startup Cost": 117550.69,
            "Total Cost": 117550.7,
            "Plan Rows": 1,
            "Plan Width": 8,
            "Actual Startup Time": 436.834,
            "Actual Total Time": 436.837,
            "Actual Rows": 1,
            "Actual Loops": 2,
            "Plans": [
              {
                "Node Type": "Hash Join",
                "Parent Relationship": "Outer",
                "Parallel Aware": true,
                "Join Type": "Inner",
                "Startup Cost": 55046.95,
                "Total Cost": 117440.85,
                "Plan Rows": 43937,
                "Plan Width": 0,
                "Actual Startup Time": 146.1,
                "Actual Total Time": 435.105,
                "Actual Rows": 42084,
                "Actual Loops": 2,
                "Inner Unique": true,
                "Hash Cond": "(mk.movie_id = t.id)",
                "Plans": [
                  {
                    "Node Type": "Seq Scan",
                    "Parent Relationship": "Outer",
                    "Parallel Aware": true,
                    "Relation Name": "movie_keyword",
                    "Alias": "mk",
                    "Startup Cost": 0.0,
                    "Total Cost": 57718.19,
                    "Plan Rows": 1781217,
                    "Plan Width": 4,
                    "Actual Startup Time": 0.19,
                    "Actual Total Time": 185.877,
                    "Actual Rows": 1507520,
                    "Actual Loops": 2,
                    "Filter": "(keyword_id > 2182)",
                    "Rows Removed by Filter": 754444
                  },
                  {
                    "Node Type": "Hash",
                    "Parent Relationship": "Inner",
                    "Parallel Aware": true,
                    "Startup Cost": 54588.39,
                    "Total Cost": 54588.39,
                    "Plan Rows": 36685,
                    "Plan Width": 4,
                    "Actual Startup Time": 144.3,
                    "Actual Total Time": 144.301,
                    "Actual Rows": 31284,
                    "Actual Loops": 2,
                    "Hash Buckets": 65536,
                    "Original Hash Buckets": 65536,
                    "Hash Batches": 1,
                    "Original Hash Batches": 1,
                    "Peak Memory Usage": 3008,
                    "Plans": [
                      {
                        "Node Type": "Seq Scan",
                        "Parent Relationship": "Outer",
                        "Parallel Aware": true,
                        "Relation Name": "title",
                        "Alias": "t",
                        "Startup Cost": 0.0,
                        "Total Cost": 54588.39,
                        "Plan Rows": 36685,
                        "Plan Width": 4,
                        "Actual Startup Time": 0.036,
                        "Actual Total Time": 134.712,
                        "Actual Rows": 31284,
                        "Actual Loops": 2,
                        "Filter": "(production_year = 2002)",
                        "Rows Removed by Filter": 1232872
                      }
                    ]
                  }
                ]
              }
            ]
          }
        ]
      }
    ]
  },
  "Planning Time": 0.441,
  "Triggers": [],
  "Execution Time": 460.366
}