{
  "Plan": {
    "Node Type": "Aggregate",
    "Strategy": "Plain",
    "Partial Mode": "Finalize",
    "Parallel Aware": false,
    "Startup Cost": 384234.77,
    "Total Cost": 384234.78,
    "Plan Rows": 1,
    "Plan Width": 8,
    "Actual Startup Time": 3788.091,
    "Actual Total Time": 3875.094,
    "Actual Rows": 1,
    "Actual Loops": 1,
    "Plans": [
      {
        "Node Type": "Gather",
        "Parent Relationship": "Outer",
        "Parallel Aware": false,
        "Startup Cost": 384234.65,
        "Total Cost": 384234.76,
        "Plan Rows": 1,
        "Plan Width": 8,
        "Actual Startup Time": 3787.225,
        "Actual Total Time": 3875.087,
        "Actual Rows": 2,
        "Actual Loops": 1,
        "Workers Planned": 1,
        "Workers Launched": 1,
        "Single Copy": false,
        "Plans": [
          {
            "Node Type": "Aggregate",
            "Strategy": "Plain",
            "Partial Mode": "Partial",
            "Parent Relationship": "Outer",
            "Parallel Aware": false,
            "Startup Cost": 383234.65,
            "Total Cost": 383234.66,
            "Plan Rows": 1,
            "Plan Width": 8,
            "Actual Startup Time": 3780.774,
            "Actual Total Time": 3780.777,
            "Actual Rows": 1,
            "Actual Loops": 2,
            "Plans": [
              {
                "Node Type": "Nested Loop",
                "Parent Relationship": "Outer",
                "Parallel Aware": false,
                "Join Type": "Inner",
                "Startup Cost": 21472.43,
                "Total Cost": 380134.0,
                "Plan Rows": 1240263,
                "Plan Width": 0,
                "Actual Startup Time": 141.669,
                "Actual Total Time": 3665.293,
                "Actual Rows": 2396701,
                "Actual Loops": 2,
                "Inner Unique": false,
                "Plans": [
                  {
                    "Node Type": "Hash Join",
                    "Parent Relationship": "Outer",
                    "Parallel Aware": true,
                    "Join Type": "Inner",
                    "Startup Cost": 21471.87,
                    "Total Cost": 78943.04,
                    "Plan Rows": 86556,
                    "Plan Width": 8,
                    "Actual Startup Time": 141.581,
                    "Actual Total Time": 501.169,
                    "Actual Rows": 91042,
                    "Actual Loops": 2,
                    "Inner Unique": false,
                    "Hash Cond": "(t.id = mi_idx.movie_id)",
                    "Plans": [
                      {
                        "Node Type": "Seq Scan",
                        "Parent Relationship": "Outer",
                        "Parallel Aware": true,
                        "Relation Name": "title",
                        "Alias": "t",
                        "Startup Cost": 0.0,
                        "Total Cost": 54588.39,
                        "Plan Rows": 474726,
                        "Plan Width": 4,
                        "Actual Startup Time": 0.012,
                        "Actual Total Time": 159.186,
                        "Actual Rows": 406352,
                        "Actual Loops": 2,
                        "Filter": "(production_year < 1995)",
                        "Rows Removed by Filter": 857804
                      },
                      {
                        "Node Type": "Hash",
                        "Parent Relationship": "Inner",
                        "Parallel Aware": true,
                        "Startup Cost": 18082.32,
                        "Total Cost": 18082.32,
                        "Plan Rows": 271164,
                        "Plan Width": 4,
                        "Actual Startup Time": 135.945,
                        "Actual Total Time": 135.946,
                        "Actual Rows": 230092,
                        "Actual Loops": 2,
                        "Hash Buckets": 524288,
                        "Original Hash Buckets": 524288,
                        "Hash Batches": 1,
                        "Original Hash Batches": 1,
                        "Peak Memory Usage": 22112,
                        "Plans": [
                          {
                            "Node Type": "Seq Scan",
                            "Parent Relationship": "Outer",
                            "Parallel Aware": true,
                            "Relation Name": "movie_info_idx",
                            "Alias": "mi_idx",
                            "Startup Cost": 0.0,
                            "Total Cost": 18082.32,
                            "Plan Rows": 271164,
                            "Plan Width": 4,
                            "Actual Startup Time": 0.052,
                            "Actual Total Time": 78.55,
                            "Actual Rows": 230092,
                            "Actual Loops": 2,
                            "Filter": "(info_type_id > 100)",
                            "Rows Removed by Filter": 459925
                          }
                        ]
                      }
                    ]
                  },
                  {
                    "Node Type": "Index Only Scan",
                    "Parent Relationship": "Inner",
                    "Parallel Aware": false,
                    "Scan Direction": "Forward",
                    "Index Name": "movie_id_cast_info",
                    "Relation Name": "cast_info",
                    "Alias": "ci",
                    "Startup Cost": 0.56,
                    "Total Cost": 3.11,
                    "Plan Rows": 37,
                    "Plan Width": 4,
                    "Actual Startup Time": 0.006,
                    "Actual Total Time": 0.033,
                    "Actual Rows": 26,
                    "Actual Loops": 182084,
                    "Index Cond": "(movie_id = t.id)",
                    "Rows Removed by Index Recheck": 0,
                    "Heap Fetches": 4793402
                  }
                ]
              }
            ]
          }
        ]
      }
    ]
  },
  "Planning Time": 1.135,
  "Triggers": [],
  "Execution Time": 3875.201
}