[
    {
        "Bao": {
            "Bao prediction": "NaN",
            "Bao recommended hint": "(no hint)"
        }
    },
    {
        "Plan": {
            "Node Type": "Aggregate",
            "Strategy": "Plain",
            "Partial Mode": "Finalize",
            "Parallel Aware": false,
            "Startup Cost": 41568.15,
            "Total Cost": 41568.16,
            "Plan Rows": 1,
            "Plan Width": 8,
            "Actual Startup Time": 111.105,
            "Actual Total Time": 115.752,
            "Actual Rows": 1,
            "Actual Loops": 1,
            "Output": [
                "count(*)"
            ],
            "Plans": [
                {
                    "Node Type": "Gather",
                    "Parent Relationship": "Outer",
                    "Parallel Aware": false,
                    "Startup Cost": 41567.83,
                    "Total Cost": 41568.14,
                    "Plan Rows": 3,
                    "Plan Width": 8,
                    "Actual Startup Time": 110.925,
                    "Actual Total Time": 115.745,
                    "Actual Rows": 4,
                    "Actual Loops": 1,
                    "Output": [
                        "(PARTIAL count(*))"
                    ],
                    "Workers Planned": 3,
                    "Workers Launched": 3,
                    "Single Copy": false,
                    "Plans": [
                        {
                            "Node Type": "Aggregate",
                            "Strategy": "Plain",
                            "Partial Mode": "Partial",
                            "Parent Relationship": "Outer",
                            "Parallel Aware": false,
                            "Startup Cost": 40567.83,
                            "Total Cost": 40567.84,
                            "Plan Rows": 1,
                            "Plan Width": 8,
                            "Actual Startup Time": 102.398,
                            "Actual Total Time": 102.4,
                            "Actual Rows": 1,
                            "Actual Loops": 4,
                            "Output": [
                                "PARTIAL count(*)"
                            ],
                            "Workers": [
                                {
                                    "Worker Number": 0,
                                    "Actual Startup Time": 99.519,
                                    "Actual Total Time": 99.52,
                                    "Actual Rows": 1,
                                    "Actual Loops": 1
                                },
                                {
                                    "Worker Number": 1,
                                    "Actual Startup Time": 99.755,
                                    "Actual Total Time": 99.756,
                                    "Actual Rows": 1,
                                    "Actual Loops": 1
                                },
                                {
                                    "Worker Number": 2,
                                    "Actual Startup Time": 99.764,
                                    "Actual Total Time": 99.766,
                                    "Actual Rows": 1,
                                    "Actual Loops": 1
                                }
                            ],
                            "Plans": [
                                {
                                    "Node Type": "Bitmap Heap Scan",
                                    "Parent Relationship": "Outer",
                                    "Parallel Aware": true,
                                    "Relation Name": "movie_keyword",
                                    "Schema": "public",
                                    "Alias": "mk",
                                    "Startup Cost": 13121.37,
                                    "Total Cost": 40069.09,
                                    "Plan Rows": 199498,
                                    "Plan Width": 0,
                                    "Actual Startup Time": 28.426,
                                    "Actual Total Time": 93.977,
                                    "Actual Rows": 154789,
                                    "Actual Loops": 4,
                                    "Recheck Cond": "(mk.keyword_id < 475)",
                                    "Rows Removed by Index Recheck": 0,
                                    "Exact Heap Blocks": 10565,
                                    "Lossy Heap Blocks": 0,
                                    "Workers": [
                                        {
                                            "Worker Number": 0,
                                            "Actual Startup Time": 25.709,
                                            "Actual Total Time": 91.929,
                                            "Actual Rows": 116522,
                                            "Actual Loops": 1
                                        },
                                        {
                                            "Worker Number": 1,
                                            "Actual Startup Time": 25.871,
                                            "Actual Total Time": 92.094,
                                            "Actual Rows": 117424,
                                            "Actual Loops": 1
                                        },
                                        {
                                            "Worker Number": 2,
                                            "Actual Startup Time": 25.883,
                                            "Actual Total Time": 92.21,
                                            "Actual Rows": 116174,
                                            "Actual Loops": 1
                                        }
                                    ],
                                    "Plans": [
                                        {
                                            "Node Type": "Bitmap Index Scan",
                                            "Parent Relationship": "Outer",
                                            "Parallel Aware": false,
                                            "Index Name": "keyword_id_movie_keyword",
                                            "Startup Cost": 0.0,
                                            "Total Cost": 12966.76,
                                            "Plan Rows": 618443,
                                            "Plan Width": 0,
                                            "Actual Startup Time": 32.728,
                                            "Actual Total Time": 32.729,
                                            "Actual Rows": 619157,
                                            "Actual Loops": 1,
                                            "Index Cond": "(mk.keyword_id < 475)"
                                        }
                                    ]
                                }
                            ]
                        }
                    ]
                }
            ]
        },
        "Planning Time": 179.731,
        "Triggers": [],
        "Execution Time": 115.854
    }
]