[
  {
    "Plan": {
      "Node Type": "Aggregate",
      "Strategy": "Plain",
      "Partial Mode": "Finalize",
      "Parallel Aware": false,
      "Startup Cost": 439432.99,
      "Total Cost": 439433.0,
      "Plan Rows": 1,
      "Plan Width": 8,
      "Actual Startup Time": 1326.643,
      "Actual Total Time": 1359.347,
      "Actual Rows": 1,
      "Actual Loops": 1,
      "Plans": [
        {
          "Node Type": "Gather",
          "Parent Relationship": "Outer",
          "Parallel Aware": false,
          "Startup Cost": 439432.37,
          "Total Cost": 439432.98,
          "Plan Rows": 6,
          "Plan Width": 8,
          "Actual Startup Time": 1313.415,
          "Actual Total Time": 1359.338,
          "Actual Rows": 7,
          "Actual Loops": 1,
          "Workers Planned": 6,
          "Workers Launched": 6,
          "Single Copy": false,
          "Plans": [
            {
              "Node Type": "Aggregate",
              "Strategy": "Plain",
              "Partial Mode": "Partial",
              "Parent Relationship": "Outer",
              "Parallel Aware": false,
              "Startup Cost": 438432.37,
              "Total Cost": 438432.38,
              "Plan Rows": 1,
              "Plan Width": 8,
              "Actual Startup Time": 1305.428,
              "Actual Total Time": 1305.511,
              "Actual Rows": 1,
              "Actual Loops": 7,
              "Plans": [
                {
                  "Node Type": "Hash Join",
                  "Parent Relationship": "Outer",
                  "Parallel Aware": true,
                  "Join Type": "Inner",
                  "Startup Cost": 81322.2,
                  "Total Cost": 436350.21,
                  "Plan Rows": 832865,
                  "Plan Width": 0,
                  "Actual Startup Time": 485.615,
                  "Actual Total Time": 1256.856,
                  "Actual Rows": 1141031,
                  "Actual Loops": 7,
                  "Inner Unique": false,
                  "Hash Cond": "(ci.movie_id = t.id)",
                  "Plans": [
                    {
                      "Node Type": "Seq Scan",
                      "Parent Relationship": "Outer",
                      "Parallel Aware": true,
                      "Relation Name": "cast_info",
                      "Alias": "ci",
                      "Startup Cost": 0.0,
                      "Total Cost": 343318.94,
                      "Plan Rows": 2567175,
                      "Plan Width": 4,
                      "Actual Startup Time": 194.432,
                      "Actual Total Time": 574.428,
                      "Actual Rows": 1559241,
                      "Actual Loops": 7,
                      "Filter": "((person_id < 2415573) AND (role_id > 1))",
                      "Rows Removed by Filter": 3618523
                    },
                    {
                      "Node Type": "Hash",
                      "Parent Relationship": "Inner",
                      "Parallel Aware": true,
                      "Startup Cost": 78758.89,
                      "Total Cost": 78758.89,
                      "Plan Rows": 205065,
                      "Plan Width": 8,
                      "Actual Startup Time": 289.398,
                      "Actual Total Time": 289.48,
                      "Actual Rows": 116820,
                      "Actual Loops": 7,
                      "Hash Buckets": 1048576,
                      "Original Hash Buckets": 1048576,
                      "Hash Batches": 1,
                      "Original Hash Batches": 1,
                      "Peak Memory Usage": 40352,
                      "Plans": [
                        {
                          "Node Type": "Hash Join",
                          "Parent Relationship": "Outer",
                          "Parallel Aware": true,
                          "Join Type": "Inner",
                          "Startup Cost": 32618.18,
                          "Total Cost": 78758.89,
                          "Plan Rows": 205065,
                          "Plan Width": 8,
                          "Actual Startup Time": 99.191,
                          "Actual Total Time": 249.599,
                          "Actual Rows": 116820,
                          "Actual Loops": 7,
                          "Inner Unique": false,
                          "Hash Cond": "(t.id = mc.movie_id)",
                          "Plans": [
                            {
                              "Node Type": "Seq Scan",
                              "Parent Relationship": "Outer",
                              "Parallel Aware": true,
                              "Relation Name": "title",
                              "Alias": "t",
                              "Startup Cost": 0.0,
                              "Total Cost": 42318.81,
                              "Plan Rows": 632080,
                              "Plan Width": 4,
                              "Actual Startup Time": 0.012,
                              "Actual Total Time": 47.698,
                              "Actual Rows": 361187,
                              "Actual Loops": 7
                            },
                            {
                              "Node Type": "Hash",
                              "Parent Relationship": "Inner",
                              "Parallel Aware": true,
                              "Startup Cost": 29310.68,
                              "Total Cost": 29310.68,
                              "Plan Rows": 264600,
                              "Plan Width": 4,
                              "Actual Startup Time": 98.173,
                              "Actual Total Time": 98.174,
                              "Actual Rows": 116820,
                              "Actual Loops": 7,
                              "Hash Buckets": 1048576,
                              "Original Hash Buckets": 1048576,
                              "Hash Batches": 1,
                              "Original Hash Batches": 1,
                              "Peak Memory Usage": 40256,
                              "Plans": [
                                {
                                  "Node Type": "Seq Scan",
                                  "Parent Relationship": "Outer",
                                  "Parallel Aware": true,
                                  "Relation Name": "movie_companies",
                                  "Alias": "mc",
                                  "Startup Cost": 0.0,
                                  "Total Cost": 29310.68,
                                  "Plan Rows": 264600,
                                  "Plan Width": 4,
                                  "Actual Startup Time": 0.054,
                                  "Actual Total Time": 50.75,
                                  "Actual Rows": 116820,
                                  "Actual Loops": 7,
                                  "Filter": "(company_id < 1924)",
                                  "Rows Removed by Filter": 255913
                                }
                              ]
                            }
                          ]
                        }
                      ]
                    }
                  ]
                }
              ]
            }
          ]
        }
      ]
    },
    "Planning Time": 0.417,
    "Triggers": [],
    "Execution Time": 1359.388
  }
]