[
  {
    "Plan": {
      "Node Type": "Aggregate",
      "Strategy": "Plain",
      "Partial Mode": "Finalize",
      "Parallel Aware": false,
      "Startup Cost": 332258.31,
      "Total Cost": 332258.32,
      "Plan Rows": 1,
      "Plan Width": 8,
      "Actual Startup Time": 710.374,
      "Actual Total Time": 758.842,
      "Actual Rows": 1,
      "Actual Loops": 1,
      "Plans": [
        {
          "Node Type": "Gather",
          "Parent Relationship": "Outer",
          "Parallel Aware": false,
          "Startup Cost": 332257.69,
          "Total Cost": 332258.3,
          "Plan Rows": 6,
          "Plan Width": 8,
          "Actual Startup Time": 710.203,
          "Actual Total Time": 758.825,
          "Actual Rows": 7,
          "Actual Loops": 1,
          "Workers Planned": 6,
          "Workers Launched": 6,
          "Single Copy": false,
          "Plans": [
            {
              "Node Type": "Aggregate",
              "Strategy": "Plain",
              "Partial Mode": "Partial",
              "Parent Relationship": "Outer",
              "Parallel Aware": false,
              "Startup Cost": 331257.69,
              "Total Cost": 331257.7,
              "Plan Rows": 1,
              "Plan Width": 8,
              "Actual Startup Time": 703.401,
              "Actual Total Time": 703.403,
              "Actual Rows": 1,
              "Actual Loops": 7,
              "Plans": [
                {
                  "Node Type": "Seq Scan",
                  "Parent Relationship": "Outer",
                  "Parallel Aware": true,
                  "Relation Name": "cast_info",
                  "Alias": "ci",
                  "Startup Cost": 0.0,
                  "Total Cost": 328211.39,
                  "Plan Rows": 1218518,
                  "Plan Width": 0,
                  "Actual Startup Time": 0.047,
                  "Actual Total Time": 637.339,
                  "Actual Rows": 1063817,
                  "Actual Loops": 7,
                  "Filter": "(person_id < 720839)",
                  "Rows Removed by Filter": 4113946
                }
              ]
            }
          ]
        }
      ]
    },
    "Planning Time": 0.251,
    "Triggers": [],
    "Execution Time": 758.913
  }
]