{
  "Plan": {
    "Node Type": "Aggregate",
    "Strategy": "Plain",
    "Partial Mode": "Finalize",
    "Parallel Aware": false,
    "Startup Cost": 108118.38,
    "Total Cost": 108118.39,
    "Plan Rows": 1,
    "Plan Width": 8,
    "Actual Startup Time": 443.914,
    "Actual Total Time": 457.124,
    "Actual Rows": 1,
    "Actual Loops": 1,
    "Plans": [
      {
        "Node Type": "Gather",
        "Parent Relationship": "Outer",
        "Parallel Aware": false,
        "Startup Cost": 108118.26,
        "Total Cost": 108118.37,
        "Plan Rows": 1,
        "Plan Width": 8,
        "Actual Startup Time": 443.664,
        "Actual Total Time": 457.117,
        "Actual Rows": 2,
        "Actual Loops": 1,
        "Workers Planned": 1,
        "Workers Launched": 1,
        "Single Copy": false,
        "Plans": [
          {
            "Node Type": "Aggregate",
            "Strategy": "Plain",
            "Partial Mode": "Partial",
            "Parent Relationship": "Outer",
            "Parallel Aware": false,
            "Startup Cost": 107118.26,
            "Total Cost": 107118.27,
            "Plan Rows": 1,
            "Plan Width": 8,
            "Actual Startup Time": 436.393,
            "Actual Total Time": 436.398,
            "Actual Rows": 1,
            "Actual Loops": 2,
            "Plans": [
              {
                "Node Type": "Merge Join",
                "Parent Relationship": "Outer",
                "Parallel Aware": false,
                "Join Type": "Inner",
                "Startup Cost": 105861.45,
                "Total Cost": 107118.22,
                "Plan Rows": 17,
                "Plan Width": 0,
                "Actual Startup Time": 433.705,
                "Actual Total Time": 436.392,
                "Actual Rows": 2,
                "Actual Loops": 2,
                "Inner Unique": false,
                "Merge Cond": "(t.id = ci.movie_id)",
                "Plans": [
                  {
                    "Node Type": "Sort",
                    "Parent Relationship": "Outer",
                    "Parallel Aware": false,
                    "Startup Cost": 104795.43,
                    "Total Cost": 105423.89,
                    "Plan Rows": 251382,
                    "Plan Width": 8,
                    "Actual Startup Time": 425.105,
                    "Actual Total Time": 429.519,
                    "Actual Rows": 134774,
                    "Actual Loops": 2,
                    "Sort Key": [
                      "t.id"
                    ],
                    "Sort Method": "quicksort",
                    "Sort Space Used": 12846,
                    "Sort Space Type": "Memory",
                    "Workers": [
                      {
                        "Worker Number": 0,
                        "Sort Method": "quicksort",
                        "Sort Space Used": 9135,
                        "Sort Space Type": "Memory"
                      }
                    ],
                    "Plans": [
                      {
                        "Node Type": "Hash Join",
                        "Parent Relationship": "Outer",
                        "Parallel Aware": true,
                        "Join Type": "Inner",
                        "Startup Cost": 64063.28,
                        "Total Cost": 82247.07,
                        "Plan Rows": 251382,
                        "Plan Width": 8,
                        "Actual Startup Time": 255.275,
                        "Actual Total Time": 402.562,
                        "Actual Rows": 136152,
                        "Actual Loops": 2,
                        "Inner Unique": true,
                        "Hash Cond": "(mi_idx.movie_id = t.id)",
                        "Plans": [
                          {
                            "Node Type": "Seq Scan",
                            "Parent Relationship": "Outer",
                            "Parallel Aware": true,
                            "Relation Name": "movie_info_idx",
                            "Alias": "mi_idx",
                            "Startup Cost": 0.0,
                            "Total Cost": 16052.85,
                            "Plan Rows": 811785,
                            "Plan Width": 4,
                            "Actual Startup Time": 0.019,
                            "Actual Total Time": 48.721,
                            "Actual Rows": 690018,
                            "Actual Loops": 2
                          },
                          {
                            "Node Type": "Hash",
                            "Parent Relationship": "Inner",
                            "Parallel Aware": true,
                            "Startup Cost": 58306.47,
                            "Total Cost": 58306.47,
                            "Plan Rows": 460545,
                            "Plan Width": 4,
                            "Actual Startup Time": 245.984,
                            "Actual Total Time": 245.985,
                            "Actual Rows": 342892,
                            "Actual Loops": 2,
                            "Hash Buckets": 1048576,
                            "Original Hash Buckets": 1048576,
                            "Hash Batches": 1,
                            "Original Hash Batches": 1,
                            "Peak Memory Usage": 35072,
                            "Plans": [
                              {
                                "Node Type": "Seq Scan",
                                "Parent Relationship": "Outer",
                                "Parallel Aware": true,
                                "Relation Name": "title",
                                "Alias": "t",
                                "Startup Cost": 0.0,
                                "Total Cost": 58306.47,
                                "Plan Rows": 460545,
                                "Plan Width": 4,
                                "Actual Startup Time": 0.035,
                                "Actual Total Time": 158.754,
                                "Actual Rows": 342892,
                                "Actual Loops": 2,
                                "Filter": "((kind_id > 3) AND (production_year < 2003))",
                                "Rows Removed by Filter": 921264
                              }
                            ]
                          }
                        ]
                      }
                    ]
                  },
                  {
                    "Node Type": "Sort",
                    "Parent Relationship": "Inner",
                    "Parallel Aware": false,
                    "Startup Cost": 1066.01,
                    "Total Cost": 1066.44,
                    "Plan Rows": 171,
                    "Plan Width": 4,
                    "Actual Startup Time": 0.465,
                    "Actual Total Time": 0.505,
                    "Actual Rows": 1070,
                    "Actual Loops": 2,
                    "Sort Key": [
                      "ci.movie_id"
                    ],
                    "Sort Method": "quicksort",
                    "Sort Space Used": 99,
                    "Sort Space Type": "Memory",
                    "Workers": [
                      {
                        "Worker Number": 0,
                        "Sort Method": "quicksort",
                        "Sort Space Used": 99,
                        "Sort Space Type": "Memory"
                      }
                    ],
                    "Plans": [
                      {
                        "Node Type": "Index Scan",
                        "Parent Relationship": "Outer",
                        "Parallel Aware": false,
                        "Scan Direction": "Forward",
                        "Index Name": "person_id_cast_info",
                        "Relation Name": "cast_info",
                        "Alias": "ci",
                        "Startup Cost": 0.56,
                        "Total Cost": 1059.67,
                        "Plan Rows": 171,
                        "Plan Width": 4,
                        "Actual Startup Time": 0.098,
                        "Actual Total Time": 0.303,
                        "Actual Rows": 1069,
                        "Actual Loops": 2,
                        "Index Cond": "(person_id = 573588)",
                        "Rows Removed by Index Recheck": 0,
                        "Filter": "(role_id < 2)",
                        "Rows Removed by Filter": 0
                      }
                    ]
                  }
                ]
              }
            ]
          }
        ]
      }
    ]
  },
  "Planning Time": 1.101,
  "Triggers": [],
  "Execution Time": 457.217
}