[
  {
    "Plan": {
      "Node Type": "Aggregate",
      "Strategy": "Plain",
      "Partial Mode": "Simple",
      "Parallel Aware": false,
      "Startup Cost": 3123.14,
      "Total Cost": 3123.15,
      "Plan Rows": 1,
      "Plan Width": 8,
      "Actual Startup Time": 6.185,
      "Actual Total Time": 6.188,
      "Actual Rows": 1,
      "Actual Loops": 1,
      "Plans": [
        {
          "Node Type": "Nested Loop",
          "Parent Relationship": "Outer",
          "Parallel Aware": false,
          "Join Type": "Inner",
          "Startup Cost": 7.36,
          "Total Cost": 3123.13,
          "Plan Rows": 4,
          "Plan Width": 0,
          "Actual Startup Time": 2.928,
          "Actual Total Time": 6.172,
          "Actual Rows": 30,
          "Actual Loops": 1,
          "Inner Unique": false,
          "Plans": [
            {
              "Node Type": "Nested Loop",
              "Parent Relationship": "Outer",
              "Parallel Aware": false,
              "Join Type": "Inner",
              "Startup Cost": 6.79,
              "Total Cost": 3019.23,
              "Plan Rows": 1,
              "Plan Width": 8,
              "Actual Startup Time": 2.892,
              "Actual Total Time": 5.792,
              "Actual Rows": 3,
              "Actual Loops": 1,
              "Inner Unique": true,
              "Plans": [
                {
                  "Node Type": "Bitmap Heap Scan",
                  "Parent Relationship": "Outer",
                  "Parallel Aware": false,
                  "Relation Name": "movie_keyword",
                  "Alias": "mk",
                  "Startup Cost": 6.36,
                  "Total Cost": 926.55,
                  "Plan Rows": 249,
                  "Plan Width": 4,
                  "Actual Startup Time": 0.248,
                  "Actual Total Time": 1.64,
                  "Actual Rows": 379,
                  "Actual Loops": 1,
                  "Recheck Cond": "(keyword_id = 426)",
                  "Rows Removed by Index Recheck": 0,
                  "Exact Heap Blocks": 358,
                  "Lossy Heap Blocks": 0,
                  "Plans": [
                    {
                      "Node Type": "Bitmap Index Scan",
                      "Parent Relationship": "Outer",
                      "Parallel Aware": false,
                      "Index Name": "keyword_id_movie_keyword",
                      "Startup Cost": 0.0,
                      "Total Cost": 6.3,
                      "Plan Rows": 249,
                      "Plan Width": 0,
                      "Actual Startup Time": 0.125,
                      "Actual Total Time": 0.126,
                      "Actual Rows": 379,
                      "Actual Loops": 1,
                      "Index Cond": "(keyword_id = 426)"
                    }
                  ]
                },
                {
                  "Node Type": "Index Scan",
                  "Parent Relationship": "Inner",
                  "Parallel Aware": false,
                  "Scan Direction": "Forward",
                  "Index Name": "title_pkey",
                  "Relation Name": "title",
                  "Alias": "t",
                  "Startup Cost": 0.43,
                  "Total Cost": 8.4,
                  "Plan Rows": 1,
                  "Plan Width": 4,
                  "Actual Startup Time": 0.01,
                  "Actual Total Time": 0.01,
                  "Actual Rows": 0,
                  "Actual Loops": 379,
                  "Index Cond": "(id = mk.movie_id)",
                  "Rows Removed by Index Recheck": 0,
                  "Filter": "((kind_id = 3) AND (production_year = 2011))",
                  "Rows Removed by Filter": 1
                }
              ]
            },
            {
              "Node Type": "Index Scan",
              "Parent Relationship": "Inner",
              "Parallel Aware": false,
              "Scan Direction": "Forward",
              "Index Name": "movie_id_cast_info",
              "Relation Name": "cast_info",
              "Alias": "ci",
              "Startup Cost": 0.56,
              "Total Cost": 103.74,
              "Plan Rows": 16,
              "Plan Width": 4,
              "Actual Startup Time": 0.065,
              "Actual Total Time": 0.121,
              "Actual Rows": 10,
              "Actual Loops": 3,
              "Index Cond": "(movie_id = t.id)",
              "Rows Removed by Index Recheck": 0,
              "Filter": "((person_id > 1054385) AND (role_id > 1))",
              "Rows Removed by Filter": 12
            }
          ]
        }
      ]
    },
    "Planning Time": 1.39,
    "Triggers": [],
    "Execution Time": 6.283
  }
]