[
    {
        "Bao": {
            "Bao prediction": 1079.984,
            "Bao recommended hint": "(no hint)"
        }
    },
    {
        "Plan": {
            "Node Type": "Aggregate",
            "Strategy": "Plain",
            "Partial Mode": "Finalize",
            "Parallel Aware": false,
            "Startup Cost": 20180.19,
            "Total Cost": 20180.2,
            "Plan Rows": 1,
            "Plan Width": 96,
            "Actual Startup Time": 565.063,
            "Actual Total Time": 585.317,
            "Actual Rows": 1,
            "Actual Loops": 1,
            "Output": [
                "min(mi.info)",
                "min(miidx.info)",
                "min(t.title)"
            ],
            "Plans": [
                {
                    "Node Type": "Gather",
                    "Parent Relationship": "Outer",
                    "Parallel Aware": false,
                    "Startup Cost": 20179.97,
                    "Total Cost": 20180.18,
                    "Plan Rows": 2,
                    "Plan Width": 96,
                    "Actual Startup Time": 564.789,
                    "Actual Total Time": 585.306,
                    "Actual Rows": 3,
                    "Actual Loops": 1,
                    "Output": [
                        "(PARTIAL min(mi.info))",
                        "(PARTIAL min(miidx.info))",
                        "(PARTIAL min(t.title))"
                    ],
                    "Workers Planned": 2,
                    "Workers Launched": 2,
                    "Single Copy": false,
                    "Plans": [
                        {
                            "Node Type": "Aggregate",
                            "Strategy": "Plain",
                            "Partial Mode": "Partial",
                            "Parent Relationship": "Outer",
                            "Parallel Aware": false,
                            "Startup Cost": 19179.97,
                            "Total Cost": 19179.98,
                            "Plan Rows": 1,
                            "Plan Width": 96,
                            "Actual Startup Time": 554.351,
                            "Actual Total Time": 554.359,
                            "Actual Rows": 1,
                            "Actual Loops": 3,
                            "Output": [
                                "PARTIAL min(mi.info)",
                                "PARTIAL min(miidx.info)",
                                "PARTIAL min(t.title)"
                            ],
                            "Workers": [
                                {
                                    "Worker Number": 0,
                                    "Actual Startup Time": 550.074,
                                    "Actual Total Time": 550.083,
                                    "Actual Rows": 1,
                                    "Actual Loops": 1
                                },
                                {
                                    "Worker Number": 1,
                                    "Actual Startup Time": 550.082,
                                    "Actual Total Time": 550.091,
                                    "Actual Rows": 1,
                                    "Actual Loops": 1
                                }
                            ],
                            "Plans": [
                                {
                                    "Node Type": "Hash Join",
                                    "Parent Relationship": "Outer",
                                    "Parallel Aware": false,
                                    "Join Type": "Inner",
                                    "Startup Cost": 8.73,
                                    "Total Cost": 19179.89,
                                    "Plan Rows": 11,
                                    "Plan Width": 65,
                                    "Actual Startup Time": 265.94,
                                    "Actual Total Time": 554.327,
                                    "Actual Rows": 46,
                                    "Actual Loops": 3,
                                    "Output": [
                                        "mi.info",
                                        "miidx.info",
                                        "t.title"
                                    ],
                                    "Inner Unique": true,
                                    "Hash Cond": "(mi.info_type_id = it2.id)",
                                    "Workers": [
                                        {
                                            "Worker Number": 0,
                                            "Actual Startup Time": 232.166,
                                            "Actual Total Time": 550.043,
                                            "Actual Rows": 59,
                                            "Actual Loops": 1
                                        },
                                        {
                                            "Worker Number": 1,
                                            "Actual Startup Time": 303.907,
                                            "Actual Total Time": 550.064,
                                            "Actual Rows": 27,
                                            "Actual Loops": 1
                                        }
                                    ],
                                    "Plans": [
                                        {
                                            "Node Type": "Nested Loop",
                                            "Parent Relationship": "Outer",
                                            "Parallel Aware": false,
                                            "Join Type": "Inner",
                                            "Startup Cost": 6.3,
                                            "Total Cost": 19173.97,
                                            "Plan Rows": 1285,
                                            "Plan Width": 69,
                                            "Actual Startup Time": 265.522,
                                            "Actual Total Time": 553.867,
                                            "Actual Rows": 242,
                                            "Actual Loops": 3,
                                            "Output": [
                                                "mi.info",
                                                "mi.info_type_id",
                                                "miidx.info",
                                                "t.title"
                                            ],
                                            "Inner Unique": false,
                                            "Workers": [
                                                {
                                                    "Worker Number": 0,
                                                    "Actual Startup Time": 231.633,
                                                    "Actual Total Time": 549.476,
                                                    "Actual Rows": 261,
                                                    "Actual Loops": 1
                                                },
                                                {
                                                    "Worker Number": 1,
                                                    "Actual Startup Time": 303.405,
                                                    "Actual Total Time": 549.527,
                                                    "Actual Rows": 126,
                                                    "Actual Loops": 1
                                                }
                                            ],
                                            "Plans": [
                                                {
                                                    "Node Type": "Nested Loop",
                                                    "Parent Relationship": "Outer",
                                                    "Parallel Aware": false,
                                                    "Join Type": "Inner",
                                                    "Startup Cost": 5.87,
                                                    "Total Cost": 19099.69,
                                                    "Plan Rows": 39,
                                                    "Plan Width": 34,
                                                    "Actual Startup Time": 265.425,
                                                    "Actual Total Time": 552.096,
                                                    "Actual Rows": 16,
                                                    "Actual Loops": 3,
                                                    "Output": [
                                                        "mc.movie_id",
                                                        "miidx.info",
                                                        "miidx.movie_id",
                                                        "t.title",
                                                        "t.id"
                                                    ],
                                                    "Inner Unique": true,
                                                    "Workers": [
                                                        {
                                                            "Worker Number": 0,
                                                            "Actual Startup Time": 231.488,
                                                            "Actual Total Time": 547.152,
                                                            "Actual Rows": 19,
                                                            "Actual Loops": 1
                                                        },
                                                        {
                                                            "Worker Number": 1,
                                                            "Actual Startup Time": 303.304,
                                                            "Actual Total Time": 548.0,
                                                            "Actual Rows": 10,
                                                            "Actual Loops": 1
                                                        }
                                                    ],
                                                    "Plans": [
                                                        {
                                                            "Node Type": "Hash Join",
                                                            "Parent Relationship": "Outer",
                                                            "Parallel Aware": false,
                                                            "Join Type": "Inner",
                                                            "Startup Cost": 5.45,
                                                            "Total Cost": 18683.62,
                                                            "Plan Rows": 933,
                                                            "Plan Width": 38,
                                                            "Actual Startup Time": 230.687,
                                                            "Actual Total Time": 542.117,
                                                            "Actual Rows": 2845,
                                                            "Actual Loops": 3,
                                                            "Output": [
                                                                "mc.movie_id",
                                                                "mc.company_id",
                                                                "miidx.info",
                                                                "miidx.movie_id",
                                                                "t.title",
                                                                "t.id"
                                                            ],
                                                            "Inner Unique": true,
                                                            "Hash Cond": "(mc.company_type_id = ct.id)",
                                                            "Workers": [
                                                                {
                                                                    "Worker Number": 0,
                                                                    "Actual Startup Time": 226.342,
                                                                    "Actual Total Time": 537.154,
                                                                    "Actual Rows": 2403,
                                                                    "Actual Loops": 1
                                                                },
                                                                {
                                                                    "Worker Number": 1,
                                                                    "Actual Startup Time": 226.714,
                                                                    "Actual Total Time": 537.962,
                                                                    "Actual Rows": 2354,
                                                                    "Actual Loops": 1
                                                                }
                                                            ],
                                                            "Plans": [
                                                                {
                                                                    "Node Type": "Nested Loop",
                                                                    "Parent Relationship": "Outer",
                                                                    "Parallel Aware": false,
                                                                    "Join Type": "Inner",
                                                                    "Startup Cost": 4.39,
                                                                    "Total Cost": 18662.39,
                                                                    "Plan Rows": 3731,
                                                                    "Plan Width": 42,
                                                                    "Actual Startup Time": 230.576,
                                                                    "Actual Total Time": 540.687,
                                                                    "Actual Rows": 5080,
                                                                    "Actual Loops": 3,
                                                                    "Output": [
                                                                        "miidx.info",
                                                                        "miidx.movie_id",
                                                                        "mc.movie_id",
                                                                        "mc.company_id",
                                                                        "mc.company_type_id",
                                                                        "t.title",
                                                                        "t.id"
                                                                    ],
                                                                    "Inner Unique": false,
                                                                    "Workers": [
                                                                        {
                                                                            "Worker Number": 0,
                                                                            "Actual Startup Time": 226.22,
                                                                            "Actual Total Time": 535.641,
                                                                            "Actual Rows": 4424,
                                                                            "Actual Loops": 1
                                                                        },
                                                                        {
                                                                            "Worker Number": 1,
                                                                            "Actual Startup Time": 226.59,
                                                                            "Actual Total Time": 536.51,
                                                                            "Actual Rows": 4204,
                                                                            "Actual Loops": 1
                                                                        }
                                                                    ],
                                                                    "Plans": [
                                                                        {
                                                                            "Node Type": "Hash Join",
                                                                            "Parent Relationship": "Outer",
                                                                            "Parallel Aware": false,
                                                                            "Join Type": "Inner",
                                                                            "Startup Cost": 3.96,
                                                                            "Total Cost": 18217.25,
                                                                            "Plan Rows": 727,
                                                                            "Plan Width": 30,
                                                                            "Actual Startup Time": 230.492,
                                                                            "Actual Total Time": 523.37,
                                                                            "Actual Rows": 1851,
                                                                            "Actual Loops": 3,
                                                                            "Output": [
                                                                                "miidx.info",
                                                                                "miidx.movie_id",
                                                                                "t.title",
                                                                                "t.id"
                                                                            ],
                                                                            "Inner Unique": true,
                                                                            "Hash Cond": "(t.kind_id = kt.id)",
                                                                            "Workers": [
                                                                                {
                                                                                    "Worker Number": 0,
                                                                                    "Actual Startup Time": 226.112,
                                                                                    "Actual Total Time": 518.089,
                                                                                    "Actual Rows": 1643,
                                                                                    "Actual Loops": 1
                                                                                },
                                                                                {
                                                                                    "Worker Number": 1,
                                                                                    "Actual Startup Time": 226.509,
                                                                                    "Actual Total Time": 519.631,
                                                                                    "Actual Rows": 1531,
                                                                                    "Actual Loops": 1
                                                                                }
                                                                            ],
                                                                            "Plans": [
                                                                                {
                                                                                    "Node Type": "Nested Loop",
                                                                                    "Parent Relationship": "Outer",
                                                                                    "Parallel Aware": false,
                                                                                    "Join Type": "Inner",
                                                                                    "Startup Cost": 2.86,
                                                                                    "Total Cost": 18194.71,
                                                                                    "Plan Rows": 5089,
                                                                                    "Plan Width": 34,
                                                                                    "Actual Startup Time": 0.349,
                                                                                    "Actual Total Time": 507.234,
                                                                                    "Actual Rows": 153308,
                                                                                    "Actual Loops": 3,
                                                                                    "Output": [
                                                                                        "miidx.info",
                                                                                        "miidx.movie_id",
                                                                                        "t.title",
                                                                                        "t.id",
                                                                                        "t.kind_id"
                                                                                    ],
                                                                                    "Inner Unique": true,
                                                                                    "Workers": [
                                                                                        {
                                                                                            "Worker Number": 0,
                                                                                            "Actual Startup Time": 0.393,
                                                                                            "Actual Total Time": 501.424,
                                                                                            "Actual Rows": 129561,
                                                                                            "Actual Loops": 1
                                                                                        },
                                                                                        {
                                                                                            "Worker Number": 1,
                                                                                            "Actual Startup Time": 0.413,
                                                                                            "Actual Total Time": 503.054,
                                                                                            "Actual Rows": 130119,
                                                                                            "Actual Loops": 1
                                                                                        }
                                                                                    ],
                                                                                    "Plans": [
                                                                                        {
                                                                                            "Node Type": "Hash Join",
                                                                                            "Parent Relationship": "Outer",
                                                                                            "Parallel Aware": false,
                                                                                            "Join Type": "Inner",
                                                                                            "Startup Cost": 2.43,
                                                                                            "Total Cost": 15253.6,
                                                                                            "Plan Rows": 5089,
                                                                                            "Plan Width": 9,
                                                                                            "Actual Startup Time": 0.17,
                                                                                            "Actual Total Time": 118.307,
                                                                                            "Actual Rows": 153308,
                                                                                            "Actual Loops": 3,
                                                                                            "Output": [
                                                                                                "miidx.info",
                                                                                                "miidx.movie_id"
                                                                                            ],
                                                                                            "Inner Unique": true,
                                                                                            "Hash Cond": "(miidx.info_type_id = it.id)",
                                                                                            "Workers": [
                                                                                                {
                                                                                                    "Worker Number": 0,
                                                                                                    "Actual Startup Time": 0.185,
                                                                                                    "Actual Total Time": 118.721,
                                                                                                    "Actual Rows": 129561,
                                                                                                    "Actual Loops": 1
                                                                                                },
                                                                                                {
                                                                                                    "Worker Number": 1,
                                                                                                    "Actual Startup Time": 0.179,
                                                                                                    "Actual Total Time": 119.134,
                                                                                                    "Actual Rows": 130119,
                                                                                                    "Actual Loops": 1
                                                                                                }
                                                                                            ],
                                                                                            "Plans": [
                                                                                                {
                                                                                                    "Node Type": "Seq Scan",
                                                                                                    "Parent Relationship": "Outer",
                                                                                                    "Parallel Aware": true,
                                                                                                    "Relation Name": "movie_info_idx",
                                                                                                    "Schema": "public",
                                                                                                    "Alias": "miidx",
                                                                                                    "Startup Cost": 0.0,
                                                                                                    "Total Cost": 13685.15,
                                                                                                    "Plan Rows": 575015,
                                                                                                    "Plan Width": 13,
                                                                                                    "Actual Startup Time": 0.043,
                                                                                                    "Actual Total Time": 49.111,
                                                                                                    "Actual Rows": 460012,
                                                                                                    "Actual Loops": 3,
                                                                                                    "Output": [
                                                                                                        "miidx.id",
                                                                                                        "miidx.movie_id",
                                                                                                        "miidx.info_type_id",
                                                                                                        "miidx.info",
                                                                                                        "miidx.note"
                                                                                                    ],
                                                                                                    "Workers": [
                                                                                                        {
                                                                                                            "Worker Number": 0,
                                                                                                            "Actual Startup Time": 0.062,
                                                                                                            "Actual Total Time": 49.167,
                                                                                                            "Actual Rows": 388713,
                                                                                                            "Actual Loops": 1
                                                                                                        },
                                                                                                        {
                                                                                                            "Worker Number": 1,
                                                                                                            "Actual Startup Time": 0.055,
                                                                                                            "Actual Total Time": 49.316,
                                                                                                            "Actual Rows": 390569,
                                                                                                            "Actual Loops": 1
                                                                                                        }
                                                                                                    ]
                                                                                                },
                                                                                                {
                                                                                                    "Node Type": "Hash",
                                                                                                    "Parent Relationship": "Inner",
                                                                                                    "Parallel Aware": false,
                                                                                                    "Startup Cost": 2.41,
                                                                                                    "Total Cost": 2.41,
                                                                                                    "Plan Rows": 1,
                                                                                                    "Plan Width": 4,
                                                                                                    "Actual Startup Time": 0.058,
                                                                                                    "Actual Total Time": 0.059,
                                                                                                    "Actual Rows": 1,
                                                                                                    "Actual Loops": 3,
                                                                                                    "Output": [
                                                                                                        "it.id"
                                                                                                    ],
                                                                                                    "Hash Buckets": 1024,
                                                                                                    "Original Hash Buckets": 1024,
                                                                                                    "Hash Batches": 1,
                                                                                                    "Original Hash Batches": 1,
                                                                                                    "Peak Memory Usage": 9,
                                                                                                    "Workers": [
                                                                                                        {
                                                                                                            "Worker Number": 0,
                                                                                                            "Actual Startup Time": 0.056,
                                                                                                            "Actual Total Time": 0.057,
                                                                                                            "Actual Rows": 1,
                                                                                                            "Actual Loops": 1
                                                                                                        },
                                                                                                        {
                                                                                                            "Worker Number": 1,
                                                                                                            "Actual Startup Time": 0.056,
                                                                                                            "Actual Total Time": 0.057,
                                                                                                            "Actual Rows": 1,
                                                                                                            "Actual Loops": 1
                                                                                                        }
                                                                                                    ],
                                                                                                    "Plans": [
                                                                                                        {
                                                                                                            "Node Type": "Seq Scan",
                                                                                                            "Parent Relationship": "Outer",
                                                                                                            "Parallel Aware": false,
                                                                                                            "Relation Name": "info_type",
                                                                                                            "Schema": "public",
                                                                                                            "Alias": "it",
                                                                                                            "Startup Cost": 0.0,
                                                                                                            "Total Cost": 2.41,
                                                                                                            "Plan Rows": 1,
                                                                                                            "Plan Width": 4,
                                                                                                            "Actual Startup Time": 0.033,
                                                                                                            "Actual Total Time": 0.043,
                                                                                                            "Actual Rows": 1,
                                                                                                            "Actual Loops": 3,
                                                                                                            "Output": [
                                                                                                                "it.id"
                                                                                                            ],
                                                                                                            "Filter": "((it.info)::text = 'rating'::text)",
                                                                                                            "Rows Removed by Filter": 112,
                                                                                                            "Workers": [
                                                                                                                {
                                                                                                                    "Worker Number": 0,
                                                                                                                    "Actual Startup Time": 0.033,
                                                                                                                    "Actual Total Time": 0.038,
                                                                                                                    "Actual Rows": 1,
                                                                                                                    "Actual Loops": 1
                                                                                                                },
                                                                                                                {
                                                                                                                    "Worker Number": 1,
                                                                                                                    "Actual Startup Time": 0.034,
                                                                                                                    "Actual Total Time": 0.039,
                                                                                                                    "Actual Rows": 1,
                                                                                                                    "Actual Loops": 1
                                                                                                                }
                                                                                                            ]
                                                                                                        }
                                                                                                    ]
                                                                                                }
                                                                                            ]
                                                                                        },
                                                                                        {
                                                                                            "Node Type": "Index Scan",
                                                                                            "Parent Relationship": "Inner",
                                                                                            "Parallel Aware": false,
                                                                                            "Scan Direction": "Forward",
                                                                                            "Index Name": "title_pkey",
                                                                                            "Relation Name": "title",
                                                                                            "Schema": "public",
                                                                                            "Alias": "t",
                                                                                            "Startup Cost": 0.43,
                                                                                            "Total Cost": 0.58,
                                                                                            "Plan Rows": 1,
                                                                                            "Plan Width": 25,
                                                                                            "Actual Startup Time": 0.002,
                                                                                            "Actual Total Time": 0.002,
                                                                                            "Actual Rows": 1,
                                                                                            "Actual Loops": 459925,
                                                                                            "Output": [
                                                                                                "t.id",
                                                                                                "t.title",
                                                                                                "t.imdb_index",
                                                                                                "t.kind_id",
                                                                                                "t.production_year",
                                                                                                "t.imdb_id",
                                                                                                "t.phonetic_code",
                                                                                                "t.episode_of_id",
                                                                                                "t.season_nr",
                                                                                                "t.episode_nr",
                                                                                                "t.series_years",
                                                                                                "t.md5sum"
                                                                                            ],
                                                                                            "Index Cond": "(t.id = miidx.movie_id)",
                                                                                            "Rows Removed by Index Recheck": 0,
                                                                                            "Workers": [
                                                                                                {
                                                                                                    "Worker Number": 0,
                                                                                                    "Actual Startup Time": 0.003,
                                                                                                    "Actual Total Time": 0.003,
                                                                                                    "Actual Rows": 1,
                                                                                                    "Actual Loops": 129561
                                                                                                },
                                                                                                {
                                                                                                    "Worker Number": 1,
                                                                                                    "Actual Startup Time": 0.003,
                                                                                                    "Actual Total Time": 0.003,
                                                                                                    "Actual Rows": 1,
                                                                                                    "Actual Loops": 130119
                                                                                                }
                                                                                            ]
                                                                                        }
                                                                                    ]
                                                                                },
                                                                                {
                                                                                    "Node Type": "Hash",
                                                                                    "Parent Relationship": "Inner",
                                                                                    "Parallel Aware": false,
                                                                                    "Startup Cost": 1.09,
                                                                                    "Total Cost": 1.09,
                                                                                    "Plan Rows": 1,
                                                                                    "Plan Width": 4,
                                                                                    "Actual Startup Time": 0.05,
                                                                                    "Actual Total Time": 0.051,
                                                                                    "Actual Rows": 1,
                                                                                    "Actual Loops": 3,
                                                                                    "Output": [
                                                                                        "kt.id"
                                                                                    ],
                                                                                    "Hash Buckets": 1024,
                                                                                    "Original Hash Buckets": 1024,
                                                                                    "Hash Batches": 1,
                                                                                    "Original Hash Batches": 1,
                                                                                    "Peak Memory Usage": 9,
                                                                                    "Workers": [
                                                                                        {
                                                                                            "Worker Number": 0,
                                                                                            "Actual Startup Time": 0.06,
                                                                                            "Actual Total Time": 0.06,
                                                                                            "Actual Rows": 1,
                                                                                            "Actual Loops": 1
                                                                                        },
                                                                                        {
                                                                                            "Worker Number": 1,
                                                                                            "Actual Startup Time": 0.062,
                                                                                            "Actual Total Time": 0.063,
                                                                                            "Actual Rows": 1,
                                                                                            "Actual Loops": 1
                                                                                        }
                                                                                    ],
                                                                                    "Plans": [
                                                                                        {
                                                                                            "Node Type": "Seq Scan",
                                                                                            "Parent Relationship": "Outer",
                                                                                            "Parallel Aware": false,
                                                                                            "Relation Name": "kind_type",
                                                                                            "Schema": "public",
                                                                                            "Alias": "kt",
                                                                                            "Startup Cost": 0.0,
                                                                                            "Total Cost": 1.09,
                                                                                            "Plan Rows": 1,
                                                                                            "Plan Width": 4,
                                                                                            "Actual Startup Time": 0.036,
                                                                                            "Actual Total Time": 0.038,
                                                                                            "Actual Rows": 1,
                                                                                            "Actual Loops": 3,
                                                                                            "Output": [
                                                                                                "kt.id"
                                                                                            ],
                                                                                            "Filter": "((kt.kind)::text = 'video game'::text)",
                                                                                            "Rows Removed by Filter": 6,
                                                                                            "Workers": [
                                                                                                {
                                                                                                    "Worker Number": 0,
                                                                                                    "Actual Startup Time": 0.046,
                                                                                                    "Actual Total Time": 0.048,
                                                                                                    "Actual Rows": 1,
                                                                                                    "Actual Loops": 1
                                                                                                },
                                                                                                {
                                                                                                    "Worker Number": 1,
                                                                                                    "Actual Startup Time": 0.048,
                                                                                                    "Actual Total Time": 0.051,
                                                                                                    "Actual Rows": 1,
                                                                                                    "Actual Loops": 1
                                                                                                }
                                                                                            ]
                                                                                        }
                                                                                    ]
                                                                                }
                                                                            ]
                                                                        },
                                                                        {
                                                                            "Node Type": "Index Scan",
                                                                            "Parent Relationship": "Inner",
                                                                            "Parallel Aware": false,
                                                                            "Scan Direction": "Forward",
                                                                            "Index Name": "movie_id_movie_companies",
                                                                            "Relation Name": "movie_companies",
                                                                            "Schema": "public",
                                                                            "Alias": "mc",
                                                                            "Startup Cost": 0.43,
                                                                            "Total Cost": 0.56,
                                                                            "Plan Rows": 5,
                                                                            "Plan Width": 12,
                                                                            "Actual Startup Time": 0.007,
                                                                            "Actual Total Time": 0.009,
                                                                            "Actual Rows": 3,
                                                                            "Actual Loops": 5554,
                                                                            "Output": [
                                                                                "mc.id",
                                                                                "mc.movie_id",
                                                                                "mc.company_id",
                                                                                "mc.company_type_id",
                                                                                "mc.note"
                                                                            ],
                                                                            "Index Cond": "(mc.movie_id = t.id)",
                                                                            "Rows Removed by Index Recheck": 0,
                                                                            "Workers": [
                                                                                {
                                                                                    "Worker Number": 0,
                                                                                    "Actual Startup Time": 0.008,
                                                                                    "Actual Total Time": 0.01,
                                                                                    "Actual Rows": 3,
                                                                                    "Actual Loops": 1643
                                                                                },
                                                                                {
                                                                                    "Worker Number": 1,
                                                                                    "Actual Startup Time": 0.008,
                                                                                    "Actual Total Time": 0.01,
                                                                                    "Actual Rows": 3,
                                                                                    "Actual Loops": 1531
                                                                                }
                                                                            ]
                                                                        }
                                                                    ]
                                                                },
                                                                {
                                                                    "Node Type": "Hash",
                                                                    "Parent Relationship": "Inner",
                                                                    "Parallel Aware": false,
                                                                    "Startup Cost": 1.05,
                                                                    "Total Cost": 1.05,
                                                                    "Plan Rows": 1,
                                                                    "Plan Width": 4,
                                                                    "Actual Startup Time": 0.048,
                                                                    "Actual Total Time": 0.049,
                                                                    "Actual Rows": 1,
                                                                    "Actual Loops": 3,
                                                                    "Output": [
                                                                        "ct.id"
                                                                    ],
                                                                    "Hash Buckets": 1024,
                                                                    "Original Hash Buckets": 1024,
                                                                    "Hash Batches": 1,
                                                                    "Original Hash Batches": 1,
                                                                    "Peak Memory Usage": 9,
                                                                    "Workers": [
                                                                        {
                                                                            "Worker Number": 0,
                                                                            "Actual Startup Time": 0.056,
                                                                            "Actual Total Time": 0.057,
                                                                            "Actual Rows": 1,
                                                                            "Actual Loops": 1
                                                                        },
                                                                        {
                                                                            "Worker Number": 1,
                                                                            "Actual Startup Time": 0.06,
                                                                            "Actual Total Time": 0.06,
                                                                            "Actual Rows": 1,
                                                                            "Actual Loops": 1
                                                                        }
                                                                    ],
                                                                    "Plans": [
                                                                        {
                                                                            "Node Type": "Seq Scan",
                                                                            "Parent Relationship": "Outer",
                                                                            "Parallel Aware": false,
                                                                            "Relation Name": "company_type",
                                                                            "Schema": "public",
                                                                            "Alias": "ct",
                                                                            "Startup Cost": 0.0,
                                                                            "Total Cost": 1.05,
                                                                            "Plan Rows": 1,
                                                                            "Plan Width": 4,
                                                                            "Actual Startup Time": 0.03,
                                                                            "Actual Total Time": 0.033,
                                                                            "Actual Rows": 1,
                                                                            "Actual Loops": 3,
                                                                            "Output": [
                                                                                "ct.id"
                                                                            ],
                                                                            "Filter": "((ct.kind)::text = 'distributors'::text)",
                                                                            "Rows Removed by Filter": 3,
                                                                            "Workers": [
                                                                                {
                                                                                    "Worker Number": 0,
                                                                                    "Actual Startup Time": 0.037,
                                                                                    "Actual Total Time": 0.041,
                                                                                    "Actual Rows": 1,
                                                                                    "Actual Loops": 1
                                                                                },
                                                                                {
                                                                                    "Worker Number": 1,
                                                                                    "Actual Startup Time": 0.041,
                                                                                    "Actual Total Time": 0.044,
                                                                                    "Actual Rows": 1,
                                                                                    "Actual Loops": 1
                                                                                }
                                                                            ]
                                                                        }
                                                                    ]
                                                                }
                                                            ]
                                                        },
                                                        {
                                                            "Node Type": "Index Scan",
                                                            "Parent Relationship": "Inner",
                                                            "Parallel Aware": false,
                                                            "Scan Direction": "Forward",
                                                            "Index Name": "company_name_pkey",
                                                            "Relation Name": "company_name",
                                                            "Schema": "public",
                                                            "Alias": "cn",
                                                            "Startup Cost": 0.42,
                                                            "Total Cost": 0.45,
                                                            "Plan Rows": 1,
                                                            "Plan Width": 4,
                                                            "Actual Startup Time": 0.003,
                                                            "Actual Total Time": 0.003,
                                                            "Actual Rows": 0,
                                                            "Actual Loops": 8534,
                                                            "Output": [
                                                                "cn.id",
                                                                "cn.name",
                                                                "cn.country_code",
                                                                "cn.imdb_id",
                                                                "cn.name_pcode_nf",
                                                                "cn.name_pcode_sf",
                                                                "cn.md5sum"
                                                            ],
                                                            "Index Cond": "(cn.id = mc.company_id)",
                                                            "Rows Removed by Index Recheck": 0,
                                                            "Filter": "((cn.country_code)::text = '[ca]'::text)",
                                                            "Rows Removed by Filter": 1,
                                                            "Workers": [
                                                                {
                                                                    "Worker Number": 0,
                                                                    "Actual Startup Time": 0.004,
                                                                    "Actual Total Time": 0.004,
                                                                    "Actual Rows": 0,
                                                                    "Actual Loops": 2403
                                                                },
                                                                {
                                                                    "Worker Number": 1,
                                                                    "Actual Startup Time": 0.004,
                                                                    "Actual Total Time": 0.004,
                                                                    "Actual Rows": 0,
                                                                    "Actual Loops": 2354
                                                                }
                                                            ]
                                                        }
                                                    ]
                                                },
                                                {
                                                    "Node Type": "Index Scan",
                                                    "Parent Relationship": "Inner",
                                                    "Parallel Aware": false,
                                                    "Scan Direction": "Forward",
                                                    "Index Name": "movie_id_movie_info",
                                                    "Relation Name": "movie_info",
                                                    "Schema": "public",
                                                    "Alias": "mi",
                                                    "Startup Cost": 0.43,
                                                    "Total Cost": 1.49,
                                                    "Plan Rows": 41,
                                                    "Plan Width": 51,
                                                    "Actual Startup Time": 0.04,
                                                    "Actual Total Time": 0.106,
                                                    "Actual Rows": 15,
                                                    "Actual Loops": 48,
                                                    "Output": [
                                                        "mi.id",
                                                        "mi.movie_id",
                                                        "mi.info_type_id",
                                                        "mi.info",
                                                        "mi.note"
                                                    ],
                                                    "Index Cond": "(mi.movie_id = t.id)",
                                                    "Rows Removed by Index Recheck": 0,
                                                    "Workers": [
                                                        {
                                                            "Worker Number": 0,
                                                            "Actual Startup Time": 0.046,
                                                            "Actual Total Time": 0.118,
                                                            "Actual Rows": 14,
                                                            "Actual Loops": 19
                                                        },
                                                        {
                                                            "Worker Number": 1,
                                                            "Actual Startup Time": 0.058,
                                                            "Actual Total Time": 0.147,
                                                            "Actual Rows": 13,
                                                            "Actual Loops": 10
                                                        }
                                                    ]
                                                }
                                            ]
                                        },
                                        {
                                            "Node Type": "Hash",
                                            "Parent Relationship": "Inner",
                                            "Parallel Aware": false,
                                            "Startup Cost": 2.41,
                                            "Total Cost": 2.41,
                                            "Plan Rows": 1,
                                            "Plan Width": 4,
                                            "Actual Startup Time": 0.097,
                                            "Actual Total Time": 0.098,
                                            "Actual Rows": 1,
                                            "Actual Loops": 3,
                                            "Output": [
                                                "it2.id"
                                            ],
                                            "Hash Buckets": 1024,
                                            "Original Hash Buckets": 1024,
                                            "Hash Batches": 1,
                                            "Original Hash Batches": 1,
                                            "Peak Memory Usage": 9,
                                            "Workers": [
                                                {
                                                    "Worker Number": 0,
                                                    "Actual Startup Time": 0.113,
                                                    "Actual Total Time": 0.113,
                                                    "Actual Rows": 1,
                                                    "Actual Loops": 1
                                                },
                                                {
                                                    "Worker Number": 1,
                                                    "Actual Startup Time": 0.112,
                                                    "Actual Total Time": 0.113,
                                                    "Actual Rows": 1,
                                                    "Actual Loops": 1
                                                }
                                            ],
                                            "Plans": [
                                                {
                                                    "Node Type": "Seq Scan",
                                                    "Parent Relationship": "Outer",
                                                    "Parallel Aware": false,
                                                    "Relation Name": "info_type",
                                                    "Schema": "public",
                                                    "Alias": "it2",
                                                    "Startup Cost": 0.0,
                                                    "Total Cost": 2.41,
                                                    "Plan Rows": 1,
                                                    "Plan Width": 4,
                                                    "Actual Startup Time": 0.056,
                                                    "Actual Total Time": 0.076,
                                                    "Actual Rows": 1,
                                                    "Actual Loops": 3,
                                                    "Output": [
                                                        "it2.id"
                                                    ],
                                                    "Filter": "((it2.info)::text = 'release dates'::text)",
                                                    "Rows Removed by Filter": 112,
                                                    "Workers": [
                                                        {
                                                            "Worker Number": 0,
                                                            "Actual Startup Time": 0.069,
                                                            "Actual Total Time": 0.089,
                                                            "Actual Rows": 1,
                                                            "Actual Loops": 1
                                                        },
                                                        {
                                                            "Worker Number": 1,
                                                            "Actual Startup Time": 0.069,
                                                            "Actual Total Time": 0.089,
                                                            "Actual Rows": 1,
                                                            "Actual Loops": 1
                                                        }
                                                    ]
                                                }
                                            ]
                                        }
                                    ]
                                }
                            ]
                        }
                    ]
                }
            ]
        },
        "Planning Time": 1954.197,
        "Triggers": [],
        "Execution Time": 586.299
    }
]