[
  {
    "Plan": {
      "Node Type": "Aggregate",
      "Strategy": "Plain",
      "Partial Mode": "Finalize",
      "Parallel Aware": false,
      "Startup Cost": 119784.96,
      "Total Cost": 119784.97,
      "Plan Rows": 1,
      "Plan Width": 8,
      "Actual Startup Time": 1000.355,
      "Actual Total Time": 1022.793,
      "Actual Rows": 1,
      "Actual Loops": 1,
      "Plans": [
        {
          "Node Type": "Gather",
          "Parent Relationship": "Outer",
          "Parallel Aware": false,
          "Startup Cost": 119784.75,
          "Total Cost": 119784.96,
          "Plan Rows": 2,
          "Plan Width": 8,
          "Actual Startup Time": 989.239,
          "Actual Total Time": 1022.786,
          "Actual Rows": 3,
          "Actual Loops": 1,
          "Workers Planned": 2,
          "Workers Launched": 2,
          "Single Copy": false,
          "Plans": [
            {
              "Node Type": "Aggregate",
              "Strategy": "Plain",
              "Partial Mode": "Partial",
              "Parent Relationship": "Outer",
              "Parallel Aware": false,
              "Startup Cost": 118784.75,
              "Total Cost": 118784.76,
              "Plan Rows": 1,
              "Plan Width": 8,
              "Actual Startup Time": 977.155,
              "Actual Total Time": 977.161,
              "Actual Rows": 1,
              "Actual Loops": 3,
              "Plans": [
                {
                  "Node Type": "Hash Join",
                  "Parent Relationship": "Outer",
                  "Parallel Aware": true,
                  "Join Type": "Inner",
                  "Startup Cost": 100979.28,
                  "Total Cost": 117927.22,
                  "Plan Rows": 343013,
                  "Plan Width": 0,
                  "Actual Startup Time": 760.786,
                  "Actual Total Time": 935.602,
                  "Actual Rows": 1096825,
                  "Actual Loops": 3,
                  "Inner Unique": false,
                  "Hash Cond": "(mi_idx.movie_id = t.id)",
                  "Plans": [
                    {
                      "Node Type": "Seq Scan",
                      "Parent Relationship": "Outer",
                      "Parallel Aware": true,
                      "Relation Name": "movie_info_idx",
                      "Alias": "mi_idx",
                      "Startup Cost": 0.0,
                      "Total Cost": 13685.15,
                      "Plan Rows": 575015,
                      "Plan Width": 4,
                      "Actual Startup Time": 0.03,
                      "Actual Total Time": 35.333,
                      "Actual Rows": 460012,
                      "Actual Loops": 3
                    },
                    {
                      "Node Type": "Hash",
                      "Parent Relationship": "Inner",
                      "Parallel Aware": true,
                      "Startup Cost": 94897.83,
                      "Total Cost": 94897.83,
                      "Plan Rows": 486516,
                      "Plan Width": 8,
                      "Actual Startup Time": 748.936,
                      "Actual Total Time": 748.94,
                      "Actual Rows": 479862,
                      "Actual Loops": 3,
                      "Hash Buckets": 2097152,
                      "Original Hash Buckets": 2097152,
                      "Hash Batches": 1,
                      "Original Hash Batches": 1,
                      "Peak Memory Usage": 72736,
                      "Plans": [
                        {
                          "Node Type": "Hash Join",
                          "Parent Relationship": "Outer",
                          "Parallel Aware": true,
                          "Join Type": "Inner",
                          "Startup Cost": 50723.69,
                          "Total Cost": 94897.83,
                          "Plan Rows": 486516,
                          "Plan Width": 8,
                          "Actual Startup Time": 394.428,
                          "Actual Total Time": 637.278,
                          "Actual Rows": 479862,
                          "Actual Loops": 3,
                          "Inner Unique": true,
                          "Hash Cond": "(mk.movie_id = t.id)",
                          "Plans": [
                            {
                              "Node Type": "Seq Scan",
                              "Parent Relationship": "Outer",
                              "Parallel Aware": true,
                              "Relation Name": "movie_keyword",
                              "Alias": "mk",
                              "Startup Cost": 0.0,
                              "Total Cost": 42695.65,
                              "Plan Rows": 563231,
                              "Plan Width": 4,
                              "Actual Startup Time": 0.583,
                              "Actual Total Time": 131.307,
                              "Actual Rows": 583907,
                              "Actual Loops": 3,
                              "Filter": "(keyword_id > 7949)",
                              "Rows Removed by Filter": 924070
                            },
                            {
                              "Node Type": "Hash",
                              "Parent Relationship": "Inner",
                              "Parallel Aware": true,
                              "Startup Cost": 43898.92,
                              "Total Cost": 43898.92,
                              "Plan Rows": 545982,
                              "Plan Width": 4,
                              "Actual Startup Time": 385.075,
                              "Actual Total Time": 385.076,
                              "Actual Rows": 723721,
                              "Actual Loops": 3,
                              "Hash Buckets": 4194304,
                              "Original Hash Buckets": 4194304,
                              "Hash Batches": 1,
                              "Original Hash Batches": 1,
                              "Peak Memory Usage": 117728,
                              "Plans": [
                                {
                                  "Node Type": "Seq Scan",
                                  "Parent Relationship": "Outer",
                                  "Parallel Aware": true,
                                  "Relation Name": "title",
                                  "Alias": "t",
                                  "Startup Cost": 0.0,
                                  "Total Cost": 43898.92,
                                  "Plan Rows": 545982,
                                  "Plan Width": 4,
                                  "Actual Startup Time": 0.039,
                                  "Actual Total Time": 134.489,
                                  "Actual Rows": 723721,
                                  "Actual Loops": 3,
                                  "Filter": "(production_year > 1963)",
                                  "Rows Removed by Filter": 119050
                                }
                              ]
                            }
                          ]
                        }
                      ]
                    }
                  ]
                }
              ]
            }
          ]
        }
      ]
    },
    "Planning Time": 1.295,
    "Triggers": [],
    "Execution Time": 1022.875
  }
]