{
  "Plan": {
    "Node Type": "Aggregate",
    "Strategy": "Plain",
    "Partial Mode": "Finalize",
    "Parallel Aware": false,
    "Startup Cost": 16220.34,
    "Total Cost": 16220.35,
    "Plan Rows": 1,
    "Plan Width": 8,
    "Actual Startup Time": 21.414,
    "Actual Total Time": 23.995,
    "Actual Rows": 1,
    "Actual Loops": 1,
    "Plans": [
      {
        "Node Type": "Gather",
        "Parent Relationship": "Outer",
        "Parallel Aware": false,
        "Startup Cost": 16220.23,
        "Total Cost": 16220.34,
        "Plan Rows": 1,
        "Plan Width": 8,
        "Actual Startup Time": 21.326,
        "Actual Total Time": 23.989,
        "Actual Rows": 2,
        "Actual Loops": 1,
        "Workers Planned": 1,
        "Workers Launched": 1,
        "Single Copy": false,
        "Plans": [
          {
            "Node Type": "Aggregate",
            "Strategy": "Plain",
            "Partial Mode": "Partial",
            "Parent Relationship": "Outer",
            "Parallel Aware": false,
            "Startup Cost": 15220.23,
            "Total Cost": 15220.24,
            "Plan Rows": 1,
            "Plan Width": 8,
            "Actual Startup Time": 16.659,
            "Actual Total Time": 16.66,
            "Actual Rows": 1,
            "Actual Loops": 2,
            "Plans": [
              {
                "Node Type": "Nested Loop",
                "Parent Relationship": "Outer",
                "Parallel Aware": false,
                "Join Type": "Inner",
                "Startup Cost": 61.85,
                "Total Cost": 15218.37,
                "Plan Rows": 743,
                "Plan Width": 0,
                "Actual Startup Time": 2.774,
                "Actual Total Time": 16.571,
                "Actual Rows": 604,
                "Actual Loops": 2,
                "Inner Unique": false,
                "Plans": [
                  {
                    "Node Type": "Nested Loop",
                    "Parent Relationship": "Outer",
                    "Parallel Aware": false,
                    "Join Type": "Inner",
                    "Startup Cost": 61.42,
                    "Total Cost": 13902.42,
                    "Plan Rows": 805,
                    "Plan Width": 8,
                    "Actual Startup Time": 2.431,
                    "Actual Total Time": 10.826,
                    "Actual Rows": 578,
                    "Actual Loops": 2,
                    "Inner Unique": true,
                    "Plans": [
                      {
                        "Node Type": "Bitmap Heap Scan",
                        "Parent Relationship": "Outer",
                        "Parallel Aware": true,
                        "Relation Name": "movie_companies",
                        "Alias": "mc",
                        "Startup Cost": 60.99,
                        "Total Cost": 7386.78,
                        "Plan Rows": 805,
                        "Plan Width": 4,
                        "Actual Startup Time": 2.296,
                        "Actual Total Time": 4.179,
                        "Actual Rows": 578,
                        "Actual Loops": 2,
                        "Recheck Cond": "(company_id = 119)",
                        "Rows Removed by Index Recheck": 0,
                        "Filter": "(company_type_id = 2)",
                        "Rows Removed by Filter": 626,
                        "Exact Heap Blocks": 1241,
                        "Lossy Heap Blocks": 0,
                        "Plans": [
                          {
                            "Node Type": "Bitmap Index Scan",
                            "Parent Relationship": "Outer",
                            "Parallel Aware": false,
                            "Index Name": "company_id_movie_companies",
                            "Startup Cost": 0.0,
                            "Total Cost": 60.65,
                            "Plan Rows": 2696,
                            "Plan Width": 0,
                            "Actual Startup Time": 1.809,
                            "Actual Total Time": 1.81,
                            "Actual Rows": 2407,
                            "Actual Loops": 1,
                            "Index Cond": "(company_id = 119)"
                          }
                        ]
                      },
                      {
                        "Node Type": "Index Only Scan",
                        "Parent Relationship": "Inner",
                        "Parallel Aware": false,
                        "Scan Direction": "Forward",
                        "Index Name": "title_pkey",
                        "Relation Name": "title",
                        "Alias": "t",
                        "Startup Cost": 0.43,
                        "Total Cost": 8.09,
                        "Plan Rows": 1,
                        "Plan Width": 4,
                        "Actual Startup Time": 0.011,
                        "Actual Total Time": 0.011,
                        "Actual Rows": 1,
                        "Actual Loops": 1156,
                        "Index Cond": "(id = mc.movie_id)",
                        "Rows Removed by Index Recheck": 0,
                        "Heap Fetches": 1156
                      }
                    ]
                  },
                  {
                    "Node Type": "Index Scan",
                    "Parent Relationship": "Inner",
                    "Parallel Aware": false,
                    "Scan Direction": "Forward",
                    "Index Name": "movie_id_movie_keyword",
                    "Relation Name": "movie_keyword",
                    "Alias": "mk",
                    "Startup Cost": 0.43,
                    "Total Cost": 1.4,
                    "Plan Rows": 23,
                    "Plan Width": 4,
                    "Actual Startup Time": 0.009,
                    "Actual Total Time": 0.009,
                    "Actual Rows": 1,
                    "Actual Loops": 1156,
                    "Index Cond": "(movie_id = t.id)",
                    "Rows Removed by Index Recheck": 0,
                    "Filter": "(keyword_id < 5149)",
                    "Rows Removed by Filter": 1
                  }
                ]
              }
            ]
          }
        ]
      }
    ]
  },
  "Planning Time": 0.77,
  "Triggers": [],
  "Execution Time": 24.079
}