[
  {
    "Plan": {
      "Node Type": "Aggregate",
      "Strategy": "Plain",
      "Partial Mode": "Finalize",
      "Parallel Aware": false,
      "Startup Cost": 72180.12,
      "Total Cost": 72180.13,
      "Plan Rows": 1,
      "Plan Width": 8,
      "Actual Startup Time": 52.71,
      "Actual Total Time": 58.249,
      "Actual Rows": 1,
      "Actual Loops": 1,
      "Plans": [
        {
          "Node Type": "Gather",
          "Parent Relationship": "Outer",
          "Parallel Aware": false,
          "Startup Cost": 72179.8,
          "Total Cost": 72180.11,
          "Plan Rows": 3,
          "Plan Width": 8,
          "Actual Startup Time": 52.548,
          "Actual Total Time": 58.243,
          "Actual Rows": 4,
          "Actual Loops": 1,
          "Workers Planned": 3,
          "Workers Launched": 3,
          "Single Copy": false,
          "Plans": [
            {
              "Node Type": "Aggregate",
              "Strategy": "Plain",
              "Partial Mode": "Partial",
              "Parent Relationship": "Outer",
              "Parallel Aware": false,
              "Startup Cost": 71179.8,
              "Total Cost": 71179.81,
              "Plan Rows": 1,
              "Plan Width": 8,
              "Actual Startup Time": 48.171,
              "Actual Total Time": 48.172,
              "Actual Rows": 1,
              "Actual Loops": 4,
              "Plans": [
                {
                  "Node Type": "Nested Loop",
                  "Parent Relationship": "Outer",
                  "Parallel Aware": false,
                  "Join Type": "Inner",
                  "Startup Cost": 674.51,
                  "Total Cost": 71154.24,
                  "Plan Rows": 10225,
                  "Plan Width": 0,
                  "Actual Startup Time": 4.967,
                  "Actual Total Time": 47.576,
                  "Actual Rows": 7114,
                  "Actual Loops": 4,
                  "Inner Unique": true,
                  "Plans": [
                    {
                      "Node Type": "Bitmap Heap Scan",
                      "Parent Relationship": "Outer",
                      "Parallel Aware": true,
                      "Relation Name": "movie_keyword",
                      "Alias": "mk",
                      "Startup Cost": 674.08,
                      "Total Cost": 26563.73,
                      "Plan Rows": 10225,
                      "Plan Width": 4,
                      "Actual Startup Time": 4.846,
                      "Actual Total Time": 17.009,
                      "Actual Rows": 7114,
                      "Actual Loops": 4,
                      "Recheck Cond": "(keyword_id > 111515)",
                      "Rows Removed by Index Recheck": 0,
                      "Exact Heap Blocks": 3707,
                      "Lossy Heap Blocks": 0,
                      "Plans": [
                        {
                          "Node Type": "Bitmap Index Scan",
                          "Parent Relationship": "Outer",
                          "Parallel Aware": false,
                          "Index Name": "keyword_id_movie_keyword",
                          "Startup Cost": 0.0,
                          "Total Cost": 666.16,
                          "Plan Rows": 31697,
                          "Plan Width": 0,
                          "Actual Startup Time": 5.853,
                          "Actual Total Time": 5.854,
                          "Actual Rows": 28454,
                          "Actual Loops": 1,
                          "Index Cond": "(keyword_id > 111515)"
                        }
                      ]
                    },
                    {
                      "Node Type": "Index Only Scan",
                      "Parent Relationship": "Inner",
                      "Parallel Aware": false,
                      "Scan Direction": "Forward",
                      "Index Name": "title_pkey",
                      "Relation Name": "title",
                      "Alias": "t",
                      "Startup Cost": 0.43,
                      "Total Cost": 4.36,
                      "Plan Rows": 1,
                      "Plan Width": 4,
                      "Actual Startup Time": 0.004,
                      "Actual Total Time": 0.004,
                      "Actual Rows": 1,
                      "Actual Loops": 28454,
                      "Index Cond": "(id = mk.movie_id)",
                      "Rows Removed by Index Recheck": 0,
                      "Heap Fetches": 28454
                    }
                  ]
                }
              ]
            }
          ]
        }
      ]
    },
    "Planning Time": 0.323,
    "Triggers": [],
    "Execution Time": 58.29
  }
]