{
  "Plan": {
    "Node Type": "Aggregate",
    "Strategy": "Plain",
    "Partial Mode": "Finalize",
    "Parallel Aware": false,
    "Startup Cost": 699977.2,
    "Total Cost": 699977.21,
    "Plan Rows": 1,
    "Plan Width": 8,
    "Actual Startup Time": 6087.657,
    "Actual Total Time": 6142.008,
    "Actual Rows": 1,
    "Actual Loops": 1,
    "Plans": [
      {
        "Node Type": "Gather",
        "Parent Relationship": "Outer",
        "Parallel Aware": false,
        "Startup Cost": 699977.08,
        "Total Cost": 699977.19,
        "Plan Rows": 1,
        "Plan Width": 8,
        "Actual Startup Time": 6083.517,
        "Actual Total Time": 6142.0,
        "Actual Rows": 2,
        "Actual Loops": 1,
        "Workers Planned": 1,
        "Workers Launched": 1,
        "Single Copy": false,
        "Plans": [
          {
            "Node Type": "Aggregate",
            "Strategy": "Plain",
            "Partial Mode": "Partial",
            "Parent Relationship": "Outer",
            "Parallel Aware": false,
            "Startup Cost": 698977.08,
            "Total Cost": 698977.09,
            "Plan Rows": 1,
            "Plan Width": 8,
            "Actual Startup Time": 6076.623,
            "Actual Total Time": 6076.63,
            "Actual Rows": 1,
            "Actual Loops": 2,
            "Plans": [
              {
                "Node Type": "Hash Join",
                "Parent Relationship": "Outer",
                "Parallel Aware": true,
                "Join Type": "Inner",
                "Startup Cost": 123643.64,
                "Total Cost": 693478.1,
                "Plan Rows": 2199592,
                "Plan Width": 0,
                "Actual Startup Time": 1348.458,
                "Actual Total Time": 5321.958,
                "Actual Rows": 18851932,
                "Actual Loops": 2,
                "Inner Unique": false,
                "Hash Cond": "(ci.movie_id = t.id)",
                "Plans": [
                  {
                    "Node Type": "Seq Scan",
                    "Parent Relationship": "Outer",
                    "Parallel Aware": true,
                    "Relation Name": "cast_info",
                    "Alias": "ci",
                    "Startup Cost": 0.0,
                    "Total Cost": 519069.44,
                    "Plan Rows": 10086997,
                    "Plan Width": 4,
                    "Actual Startup Time": 512.077,
                    "Actual Total Time": 1504.907,
                    "Actual Rows": 8542539,
                    "Actual Loops": 2,
                    "Filter": "(person_id > 1914329)",
                    "Rows Removed by Filter": 9579633
                  },
                  {
                    "Node Type": "Hash",
                    "Parent Relationship": "Inner",
                    "Parallel Aware": true,
                    "Startup Cost": 119589.78,
                    "Total Cost": 119589.78,
                    "Plan Rows": 324309,
                    "Plan Width": 8,
                    "Actual Startup Time": 827.184,
                    "Actual Total Time": 827.189,
                    "Actual Rows": 700602,
                    "Actual Loops": 2,
                    "Hash Buckets": 2097152,
                    "Original Hash Buckets": 1048576,
                    "Hash Batches": 1,
                    "Original Hash Batches": 1,
                    "Peak Memory Usage": 79424,
                    "Plans": [
                      {
                        "Node Type": "Hash Join",
                        "Parent Relationship": "Outer",
                        "Parallel Aware": true,
                        "Join Type": "Inner",
                        "Startup Cost": 58435.25,
                        "Total Cost": 119589.78,
                        "Plan Rows": 324309,
                        "Plan Width": 8,
                        "Actual Startup Time": 277.589,
                        "Actual Total Time": 645.37,
                        "Actual Rows": 700602,
                        "Actual Loops": 2,
                        "Inner Unique": true,
                        "Hash Cond": "(mk.movie_id = t.id)",
                        "Plans": [
                          {
                            "Node Type": "Seq Scan",
                            "Parent Relationship": "Outer",
                            "Parallel Aware": true,
                            "Relation Name": "movie_keyword",
                            "Alias": "mk",
                            "Startup Cost": 0.0,
                            "Total Cost": 57718.19,
                            "Plan Rows": 1309079,
                            "Plan Width": 4,
                            "Actual Startup Time": 0.513,
                            "Actual Total Time": 229.665,
                            "Actual Rows": 1110632,
                            "Actual Loops": 2,
                            "Filter": "(keyword_id > 4929)",
                            "Rows Removed by Filter": 1151332
                          },
                          {
                            "Node Type": "Hash",
                            "Parent Relationship": "Inner",
                            "Parallel Aware": true,
                            "Startup Cost": 53829.7,
                            "Total Cost": 53829.7,
                            "Plan Rows": 368444,
                            "Plan Width": 4,
                            "Actual Startup Time": 207.633,
                            "Actual Total Time": 207.635,
                            "Actual Rows": 317145,
                            "Actual Loops": 2,
                            "Hash Buckets": 1048576,
                            "Original Hash Buckets": 1048576,
                            "Hash Batches": 1,
                            "Original Hash Batches": 1,
                            "Peak Memory Usage": 33024,
                            "Plans": [
                              {
                                "Node Type": "Bitmap Heap Scan",
                                "Parent Relationship": "Outer",
                                "Parallel Aware": true,
                                "Relation Name": "title",
                                "Alias": "t",
                                "Startup Cost": 11979.44,
                                "Total Cost": 53829.7,
                                "Plan Rows": 368444,
                                "Plan Width": 4,
                                "Actual Startup Time": 25.091,
                                "Actual Total Time": 106.268,
                                "Actual Rows": 317145,
                                "Actual Loops": 2,
                                "Recheck Cond": "(kind_id = 1)",
                                "Rows Removed by Index Recheck": 0,
                                "Filter": "(production_year < 2013)",
                                "Rows Removed by Filter": 14268,
                                "Exact Heap Blocks": 8650,
                                "Lossy Heap Blocks": 0,
                                "Plans": [
                                  {
                                    "Node Type": "Bitmap Index Scan",
                                    "Parent Relationship": "Outer",
                                    "Parallel Aware": false,
                                    "Index Name": "kind_id_title",
                                    "Startup Cost": 0.0,
                                    "Total Cost": 11822.85,
                                    "Plan Rows": 663256,
                                    "Plan Width": 0,
                                    "Actual Startup Time": 23.282,
                                    "Actual Total Time": 23.283,
                                    "Actual Rows": 662825,
                                    "Actual Loops": 1,
                                    "Index Cond": "(kind_id = 1)"
                                  }
                                ]
                              }
                            ]
                          }
                        ]
                      }
                    ]
                  }
                ]
              }
            ]
          }
        ]
      }
    ]
  },
  "Planning Time": 1.048,
  "Triggers": [],
  "Execution Time": 6142.117
}