{
  "Plan": {
    "Node Type": "Aggregate",
    "Strategy": "Plain",
    "Partial Mode": "Simple",
    "Parallel Aware": false,
    "Startup Cost": 1831301.19,
    "Total Cost": 1831301.2,
    "Plan Rows": 1,
    "Plan Width": 96,
    "Actual Startup Time": 6967.302,
    "Actual Total Time": 6967.562,
    "Actual Rows": 1,
    "Actual Loops": 1,
    "Plans": [
      {
        "Node Type": "Merge Join",
        "Parent Relationship": "Outer",
        "Parallel Aware": false,
        "Join Type": "Inner",
        "Startup Cost": 1831301.14,
        "Total Cost": 1831301.18,
        "Plan Rows": 1,
        "Plan Width": 48,
        "Actual Startup Time": 6967.276,
        "Actual Total Time": 6967.546,
        "Actual Rows": 45,
        "Actual Loops": 1,
        "Inner Unique": true,
        "Merge Cond": "(mk.keyword_id = k.id)",
        "Plans": [
          {
            "Node Type": "Sort",
            "Parent Relationship": "Outer",
            "Parallel Aware": false,
            "Startup Cost": 1828339.55,
            "Total Cost": 1828339.56,
            "Plan Rows": 2,
            "Plan Width": 52,
            "Actual Startup Time": 6952.684,
            "Actual Total Time": 6952.967,
            "Actual Rows": 416,
            "Actual Loops": 1,
            "Sort Key": [
              "mk.keyword_id"
            ],
            "Sort Method": "quicksort",
            "Sort Space Used": 92,
            "Sort Space Type": "Memory",
            "Plans": [
              {
                "Node Type": "Merge Join",
                "Parent Relationship": "Outer",
                "Parallel Aware": false,
                "Join Type": "Inner",
                "Startup Cost": 1639881.64,
                "Total Cost": 1828339.54,
                "Plan Rows": 2,
                "Plan Width": 52,
                "Actual Startup Time": 6952.33,
                "Actual Total Time": 6952.746,
                "Actual Rows": 810,
                "Actual Loops": 1,
                "Inner Unique": false,
                "Merge Cond": "(mk.movie_id = t.id)",
                "Plans": [
                  {
                    "Node Type": "Index Scan",
                    "Parent Relationship": "Outer",
                    "Parallel Aware": false,
                    "Scan Direction": "Forward",
                    "Index Name": "movie_id_movie_keyword",
                    "Relation Name": "movie_keyword",
                    "Alias": "mk",
                    "Startup Cost": 0.43,
                    "Total Cost": 177148.48,
                    "Plan Rows": 4523930,
                    "Plan Width": 8,
                    "Actual Startup Time": 0.018,
                    "Actual Total Time": 266.505,
                    "Actual Rows": 2394181,
                    "Actual Loops": 1
                  },
                  {
                    "Node Type": "Sort",
                    "Parent Relationship": "Inner",
                    "Parallel Aware": false,
                    "Startup Cost": 1639881.2,
                    "Total Cost": 1639881.21,
                    "Plan Rows": 1,
                    "Plan Width": 64,
                    "Actual Startup Time": 6545.539,
                    "Actual Total Time": 6545.833,
                    "Actual Rows": 796,
                    "Actual Loops": 1,
                    "Sort Key": [
                      "mc.movie_id"
                    ],
                    "Sort Method": "quicksort",
                    "Sort Space Used": 28,
                    "Sort Space Type": "Memory",
                    "Plans": [
                      {
                        "Node Type": "Merge Join",
                        "Parent Relationship": "Outer",
                        "Parallel Aware": false,
                        "Join Type": "Inner",
                        "Startup Cost": 1639881.17,
                        "Total Cost": 1639881.19,
                        "Plan Rows": 1,
                        "Plan Width": 64,
                        "Actual Startup Time": 6545.522,
                        "Actual Total Time": 6545.785,
                        "Actual Rows": 25,
                        "Actual Loops": 1,
                        "Inner Unique": true,
                        "Merge Cond": "(mi.info_type_id = it.id)",
                        "Plans": [
                          {
                            "Node Type": "Sort",
                            "Parent Relationship": "Outer",
                            "Parallel Aware": false,
                            "Startup Cost": 1639878.75,
                            "Total Cost": 1639878.75,
                            "Plan Rows": 1,
                            "Plan Width": 68,
                            "Actual Startup Time": 6545.482,
                            "Actual Total Time": 6545.74,
                            "Actual Rows": 25,
                            "Actual Loops": 1,
                            "Sort Key": [
                              "mi.info_type_id"
                            ],
                            "Sort Method": "quicksort",
                            "Sort Space Used": 28,
                            "Sort Space Type": "Memory",
                            "Plans": [
                              {
                                "Node Type": "Merge Join",
                                "Parent Relationship": "Outer",
                                "Parallel Aware": false,
                                "Join Type": "Inner",
                                "Startup Cost": 1637923.53,
                                "Total Cost": 1639878.74,
                                "Plan Rows": 1,
                                "Plan Width": 68,
                                "Actual Startup Time": 6545.458,
                                "Actual Total Time": 6545.723,
                                "Actual Rows": 25,
                                "Actual Loops": 1,
                                "Inner Unique": false,
                                "Merge Cond": "(t.id = mi.movie_id)",
                                "Plans": [
                                  {
                                    "Node Type": "Sort",
                                    "Parent Relationship": "Outer",
                                    "Parallel Aware": false,
                                    "Startup Cost": 1268312.56,
                                    "Total Cost": 1268312.57,
                                    "Plan Rows": 1,
                                    "Plan Width": 60,
                                    "Actual Startup Time": 5593.592,
                                    "Actual Total Time": 5593.814,
                                    "Actual Rows": 15,
                                    "Actual Loops": 1,
                                    "Sort Key": [
                                      "mc.movie_id"
                                    ],
                                    "Sort Method": "quicksort",
                                    "Sort Space Used": 27,
                                    "Sort Space Type": "Memory",
                                    "Plans": [
                                      {
                                        "Node Type": "Merge Join",
                                        "Parent Relationship": "Outer",
                                        "Parallel Aware": false,
                                        "Join Type": "Inner",
                                        "Startup Cost": 1268312.53,
                                        "Total Cost": 1268312.55,
                                        "Plan Rows": 1,
                                        "Plan Width": 60,
                                        "Actual Startup Time": 5593.58,
                                        "Actual Total Time": 5593.802,
                                        "Actual Rows": 15,
                                        "Actual Loops": 1,
                                        "Inner Unique": true,
                                        "Merge Cond": "(ci.role_id = rt.id)",
                                        "Plans": [
                                          {
                                            "Node Type": "Sort",
                                            "Parent Relationship": "Outer",
                                            "Parallel Aware": false,
                                            "Startup Cost": 1268311.37,
                                            "Total Cost": 1268311.37,
                                            "Plan Rows": 1,
                                            "Plan Width": 64,
                                            "Actual Startup Time": 5593.537,
                                            "Actual Total Time": 5593.755,
                                            "Actual Rows": 15,
                                            "Actual Loops": 1,
                                            "Sort Key": [
                                              "ci.role_id"
                                            ],
                                            "Sort Method": "quicksort",
                                            "Sort Space Used": 27,
                                            "Sort Space Type": "Memory",
                                            "Plans": [
                                              {
                                                "Node Type": "Merge Join",
                                                "Parent Relationship": "Outer",
                                                "Parallel Aware": false,
                                                "Join Type": "Inner",
                                                "Startup Cost": 1194030.48,
                                                "Total Cost": 1268311.36,
                                                "Plan Rows": 1,
                                                "Plan Width": 64,
                                                "Actual Startup Time": 5593.518,
                                                "Actual Total Time": 5593.74,
                                                "Actual Rows": 15,
                                                "Actual Loops": 1,
                                                "Inner Unique": false,
                                                "Merge Cond": "(an.person_id = n.id)",
                                                "Plans": [
                                                  {
                                                    "Node Type": "Index Only Scan",
                                                    "Parent Relationship": "Outer",
                                                    "Parallel Aware": false,
                                                    "Scan Direction": "Forward",
                                                    "Index Name": "person_id_aka_name",
                                                    "Relation Name": "aka_name",
                                                    "Alias": "an",
                                                    "Startup Cost": 0.42,
                                                    "Total Cost": 72027.93,
                                                    "Plan Rows": 901343,
                                                    "Plan Width": 4,
                                                    "Actual Startup Time": 0.035,
                                                    "Actual Total Time": 126.976,
                                                    "Actual Rows": 469059,
                                                    "Actual Loops": 1,
                                                    "Heap Fetches": 469059
                                                  },
                                                  {
                                                    "Node Type": "Sort",
                                                    "Parent Relationship": "Inner",
                                                    "Parallel Aware": false,
                                                    "Startup Cost": 1194030.05,
                                                    "Total Cost": 1194030.06,
                                                    "Plan Rows": 1,
                                                    "Plan Width": 72,
                                                    "Actual Startup Time": 5445.696,
                                                    "Actual Total Time": 5445.913,
                                                    "Actual Rows": 11,
                                                    "Actual Loops": 1,
                                                    "Sort Key": [
                                                      "ci.person_id"
                                                    ],
                                                    "Sort Method": "quicksort",
                                                    "Sort Space Used": 25,
                                                    "Sort Space Type": "Memory",
                                                    "Plans": [
                                                      {
                                                        "Node Type": "Merge Join",
                                                        "Parent Relationship": "Outer",
                                                        "Parallel Aware": false,
                                                        "Join Type": "Inner",
                                                        "Startup Cost": 1057464.25,
                                                        "Total Cost": 1194030.04,
                                                        "Plan Rows": 1,
                                                        "Plan Width": 72,
                                                        "Actual Startup Time": 5445.682,
                                                        "Actual Total Time": 5445.9,
                                                        "Actual Rows": 3,
                                                        "Actual Loops": 1,
                                                        "Inner Unique": false,
                                                        "Merge Cond": "(chn.id = ci.person_role_id)",
                                                        "Plans": [
                                                          {
                                                            "Node Type": "Index Scan",
                                                            "Parent Relationship": "Outer",
                                                            "Parallel Aware": false,
                                                            "Scan Direction": "Forward",
                                                            "Index Name": "char_name_pkey",
                                                            "Relation Name": "char_name",
                                                            "Alias": "chn",
                                                            "Startup Cost": 0.43,
                                                            "Total Cost": 128715.58,
                                                            "Plan Rows": 3140252,
                                                            "Plan Width": 20,
                                                            "Actual Startup Time": 0.019,
                                                            "Actual Total Time": 813.606,
                                                            "Actual Rows": 2184245,
                                                            "Actual Loops": 1
                                                          },
                                                          {
                                                            "Node Type": "Sort",
                                                            "Parent Relationship": "Inner",
                                                            "Parallel Aware": false,
                                                            "Startup Cost": 1057463.82,
                                                            "Total Cost": 1057463.82,
                                                            "Plan Rows": 1,
                                                            "Plan Width": 60,
                                                            "Actual Startup Time": 4496.823,
                                                            "Actual Total Time": 4497.037,
                                                            "Actual Rows": 3,
                                                            "Actual Loops": 1,
                                                            "Sort Key": [
                                                              "ci.person_role_id"
                                                            ],
                                                            "Sort Method": "quicksort",
                                                            "Sort Space Used": 25,
                                                            "Sort Space Type": "Memory",
                                                            "Plans": [
                                                              {
                                                                "Node Type": "Merge Join",
                                                                "Parent Relationship": "Outer",
                                                                "Parallel Aware": false,
                                                                "Join Type": "Inner",
                                                                "Startup Cost": 1057416.65,
                                                                "Total Cost": 1057463.81,
                                                                "Plan Rows": 1,
                                                                "Plan Width": 60,
                                                                "Actual Startup Time": 4494.07,
                                                                "Actual Total Time": 4497.027,
                                                                "Actual Rows": 3,
                                                                "Actual Loops": 1,
                                                                "Inner Unique": true,
                                                                "Merge Cond": "(ci.person_id = n.id)",
                                                                "Plans": [
                                                                  {
                                                                    "Node Type": "Sort",
                                                                    "Parent Relationship": "Outer",
                                                                    "Parallel Aware": false,
                                                                    "Startup Cost": 962424.69,
                                                                    "Total Cost": 962424.7,
                                                                    "Plan Rows": 1,
                                                                    "Plan Width": 41,
                                                                    "Actual Startup Time": 4204.782,
                                                                    "Actual Total Time": 4204.974,
                                                                    "Actual Rows": 57,
                                                                    "Actual Loops": 1,
                                                                    "Sort Key": [
                                                                      "ci.person_id"
                                                                    ],
                                                                    "Sort Method": "quicksort",
                                                                    "Sort Space Used": 30,
                                                                    "Sort Space Type": "Memory",
                                                                    "Plans": [
                                                                      {
                                                                        "Node Type": "Merge Join",
                                                                        "Parent Relationship": "Outer",
                                                                        "Parallel Aware": false,
                                                                        "Join Type": "Inner",
                                                                        "Startup Cost": 957855.93,
                                                                        "Total Cost": 962424.68,
                                                                        "Plan Rows": 1,
                                                                        "Plan Width": 41,
                                                                        "Actual Startup Time": 4204.735,
                                                                        "Actual Total Time": 4204.935,
                                                                        "Actual Rows": 57,
                                                                        "Actual Loops": 1,
                                                                        "Inner Unique": false,
                                                                        "Merge Cond": "(t.id = ci.movie_id)",
                                                                        "Plans": [
                                                                          {
                                                                            "Node Type": "Merge Join",
                                                                            "Parent Relationship": "Outer",
                                                                            "Parallel Aware": false,
                                                                            "Join Type": "Inner",
                                                                            "Startup Cost": 202415.06,
                                                                            "Total Cost": 202415.31,
                                                                            "Plan Rows": 1,
                                                                            "Plan Width": 25,
                                                                            "Actual Startup Time": 964.39,
                                                                            "Actual Total Time": 964.545,
                                                                            "Actual Rows": 4,
                                                                            "Actual Loops": 1,
                                                                            "Inner Unique": true,
                                                                            "Merge Cond": "(mc.movie_id = t.id)",
                                                                            "Plans": [
                                                                              {
                                                                                "Node Type": "Sort",
                                                                                "Parent Relationship": "Outer",
                                                                                "Parallel Aware": false,
                                                                                "Startup Cost": 143102.02,
                                                                                "Total Cost": 143102.05,
                                                                                "Plan Rows": 11,
                                                                                "Plan Width": 4,
                                                                                "Actual Startup Time": 834.998,
                                                                                "Actual Total Time": 835.097,
                                                                                "Actual Rows": 42,
                                                                                "Actual Loops": 1,
                                                                                "Sort Key": [
                                                                                  "mc.movie_id"
                                                                                ],
                                                                                "Sort Method": "quicksort",
                                                                                "Sort Space Used": 29,
                                                                                "Sort Space Type": "Memory",
                                                                                "Plans": [
                                                                                  {
                                                                                    "Node Type": "Merge Join",
                                                                                    "Parent Relationship": "Outer",
                                                                                    "Parallel Aware": false,
                                                                                    "Join Type": "Inner",
                                                                                    "Startup Cost": 10259.07,
                                                                                    "Total Cost": 143101.83,
                                                                                    "Plan Rows": 11,
                                                                                    "Plan Width": 4,
                                                                                    "Actual Startup Time": 834.893,
                                                                                    "Actual Total Time": 835.072,
                                                                                    "Actual Rows": 99,
                                                                                    "Actual Loops": 1,
                                                                                    "Inner Unique": true,
                                                                                    "Merge Cond": "(mc.company_id = cn.id)",
                                                                                    "Plans": [
                                                                                      {
                                                                                        "Node Type": "Index Scan",
                                                                                        "Parent Relationship": "Outer",
                                                                                        "Parallel Aware": false,
                                                                                        "Scan Direction": "Forward",
                                                                                        "Index Name": "company_id_movie_companies",
                                                                                        "Relation Name": "movie_companies",
                                                                                        "Alias": "mc",
                                                                                        "Startup Cost": 0.43,
                                                                                        "Total Cost": 130510.28,
                                                                                        "Plan Rows": 2609129,
                                                                                        "Plan Width": 8,
                                                                                        "Actual Startup Time": 0.021,
                                                                                        "Actual Total Time": 686.678,
                                                                                        "Actual Rows": 1729623,
                                                                                        "Actual Loops": 1
                                                                                      },
                                                                                      {
                                                                                        "Node Type": "Sort",
                                                                                        "Parent Relationship": "Inner",
                                                                                        "Parallel Aware": false,
                                                                                        "Startup Cost": 6068.61,
                                                                                        "Total Cost": 6068.62,
                                                                                        "Plan Rows": 1,
                                                                                        "Plan Width": 4,
                                                                                        "Actual Startup Time": 37.877,
                                                                                        "Actual Total Time": 37.972,
                                                                                        "Actual Rows": 1,
                                                                                        "Actual Loops": 1,
                                                                                        "Sort Key": [
                                                                                          "cn.id"
                                                                                        ],
                                                                                        "Sort Method": "quicksort",
                                                                                        "Sort Space Used": 25,
                                                                                        "Sort Space Type": "Memory",
                                                                                        "Plans": [
                                                                                          {
                                                                                            "Node Type": "Gather",
                                                                                            "Parent Relationship": "Outer",
                                                                                            "Parallel Aware": false,
                                                                                            "Startup Cost": 1000.0,
                                                                                            "Total Cost": 6068.6,
                                                                                            "Plan Rows": 1,
                                                                                            "Plan Width": 4,
                                                                                            "Actual Startup Time": 16.988,
                                                                                            "Actual Total Time": 37.959,
                                                                                            "Actual Rows": 1,
                                                                                            "Actual Loops": 1,
                                                                                            "Workers Planned": 1,
                                                                                            "Workers Launched": 1,
                                                                                            "Single Copy": false,
                                                                                            "Plans": [
                                                                                              {
                                                                                                "Node Type": "Seq Scan",
                                                                                                "Parent Relationship": "Outer",
                                                                                                "Parallel Aware": true,
                                                                                                "Relation Name": "company_name",
                                                                                                "Alias": "cn",
                                                                                                "Startup Cost": 0.0,
                                                                                                "Total Cost": 5068.5,
                                                                                                "Plan Rows": 1,
                                                                                                "Plan Width": 4,
                                                                                                "Actual Startup Time": 21.378,
                                                                                                "Actual Total Time": 31.717,
                                                                                                "Actual Rows": 0,
                                                                                                "Actual Loops": 2,
                                                                                                "Filter": "(((country_code)::text = '[us]'::text) AND (name = 'DreamWorks Animation'::text))",
                                                                                                "Rows Removed by Filter": 117498
                                                                                              }
                                                                                            ]
                                                                                          }
                                                                                        ]
                                                                                      }
                                                                                    ]
                                                                                  }
                                                                                ]
                                                                              },
                                                                              {
                                                                                "Node Type": "Sort",
                                                                                "Parent Relationship": "Inner",
                                                                                "Parallel Aware": false,
                                                                                "Startup Cost": 59313.04,
                                                                                "Total Cost": 59313.13,
                                                                                "Plan Rows": 37,
                                                                                "Plan Width": 21,
                                                                                "Actual Startup Time": 129.383,
                                                                                "Actual Total Time": 129.43,
                                                                                "Actual Rows": 8,
                                                                                "Actual Loops": 1,
                                                                                "Sort Key": [
                                                                                  "t.id"
                                                                                ],
                                                                                "Sort Method": "quicksort",
                                                                                "Sort Space Used": 25,
                                                                                "Sort Space Type": "Memory",
                                                                                "Plans": [
                                                                                  {
                                                                                    "Node Type": "Gather",
                                                                                    "Parent Relationship": "Outer",
                                                                                    "Parallel Aware": false,
                                                                                    "Startup Cost": 1000.0,
                                                                                    "Total Cost": 59312.07,
                                                                                    "Plan Rows": 37,
                                                                                    "Plan Width": 21,
                                                                                    "Actual Startup Time": 46.653,
                                                                                    "Actual Total Time": 129.405,
                                                                                    "Actual Rows": 8,
                                                                                    "Actual Loops": 1,
                                                                                    "Workers Planned": 1,
                                                                                    "Workers Launched": 1,
                                                                                    "Single Copy": false,
                                                                                    "Plans": [
                                                                                      {
                                                                                        "Node Type": "Seq Scan",
                                                                                        "Parent Relationship": "Outer",
                                                                                        "Parallel Aware": true,
                                                                                        "Relation Name": "title",
                                                                                        "Alias": "t",
                                                                                        "Startup Cost": 0.0,
                                                                                        "Total Cost": 58308.37,
                                                                                        "Plan Rows": 22,
                                                                                        "Plan Width": 21,
                                                                                        "Actual Startup Time": 37.051,
                                                                                        "Actual Total Time": 123.433,
                                                                                        "Actual Rows": 4,
                                                                                        "Actual Loops": 2,
                                                                                        "Filter": "((production_year > 2010) AND (title ~~ 'Kung Fu Panda%'::text))",
                                                                                        "Rows Removed by Filter": 1264152
                                                                                      }
                                                                                    ]
                                                                                  }
                                                                                ]
                                                                              }
                                                                            ]
                                                                          },
                                                                          {
                                                                            "Node Type": "Sort",
                                                                            "Parent Relationship": "Inner",
                                                                            "Parallel Aware": false,
                                                                            "Startup Cost": 755440.88,
                                                                            "Total Cost": 757725.12,
                                                                            "Plan Rows": 913697,
                                                                            "Plan Width": 16,
                                                                            "Actual Startup Time": 3136.398,
                                                                            "Actual Total Time": 3190.801,
                                                                            "Actual Rows": 753571,
                                                                            "Actual Loops": 1,
                                                                            "Sort Key": [
                                                                              "ci.movie_id"
                                                                            ],
                                                                            "Sort Method": "quicksort",
                                                                            "Sort Space Used": 65239,
                                                                            "Sort Space Type": "Memory",
                                                                            "Plans": [
                                                                              {
                                                                                "Node Type": "Gather",
                                                                                "Parent Relationship": "Outer",
                                                                                "Parallel Aware": false,
                                                                                "Startup Cost": 1000.0,
                                                                                "Total Cost": 664978.68,
                                                                                "Plan Rows": 913697,
                                                                                "Plan Width": 16,
                                                                                "Actual Startup Time": 0.285,
                                                                                "Actual Total Time": 2960.881,
                                                                                "Actual Rows": 867477,
                                                                                "Actual Loops": 1,
                                                                                "Workers Planned": 1,
                                                                                "Workers Launched": 0,
                                                                                "Single Copy": false,
                                                                                "Plans": [
                                                                                  {
                                                                                    "Node Type": "Seq Scan",
                                                                                    "Parent Relationship": "Outer",
                                                                                    "Parallel Aware": true,
                                                                                    "Relation Name": "cast_info",
                                                                                    "Alias": "ci",
                                                                                    "Startup Cost": 0.0,
                                                                                    "Total Cost": 572608.98,
                                                                                    "Plan Rows": 537469,
                                                                                    "Plan Width": 16,
                                                                                    "Actual Startup Time": 0.013,
                                                                                    "Actual Total Time": 2911.193,
                                                                                    "Actual Rows": 867477,
                                                                                    "Actual Loops": 1,
                                                                                    "Filter": "(note = ANY ('{(voice),\"(voice: Japanese version)\",\"(voice) (uncredited)\",\"(voice: English version)\"}'::text[]))",
                                                                                    "Rows Removed by Filter": 35376867
                                                                                  }
                                                                                ]
                                                                              }
                                                                            ]
                                                                          }
                                                                        ]
                                                                      }
                                                                    ]
                                                                  },
                                                                  {
                                                                    "Node Type": "Sort",
                                                                    "Parent Relationship": "Inner",
                                                                    "Parallel Aware": false,
                                                                    "Startup Cost": 94991.96,
                                                                    "Total Cost": 95016.15,
                                                                    "Plan Rows": 9675,
                                                                    "Plan Width": 19,
                                                                    "Actual Startup Time": 286.182,
                                                                    "Actual Total Time": 289.225,
                                                                    "Actual Rows": 49498,
                                                                    "Actual Loops": 1,
                                                                    "Sort Key": [
                                                                      "n.id"
                                                                    ],
                                                                    "Sort Method": "quicksort",
                                                                    "Sort Space Used": 5246,
                                                                    "Sort Space Type": "Memory",
                                                                    "Plans": [
                                                                      {
                                                                        "Node Type": "Gather",
                                                                        "Parent Relationship": "Outer",
                                                                        "Parallel Aware": false,
                                                                        "Startup Cost": 1000.0,
                                                                        "Total Cost": 94351.47,
                                                                        "Plan Rows": 9675,
                                                                        "Plan Width": 19,
                                                                        "Actual Startup Time": 124.732,
                                                                        "Actual Total Time": 276.967,
                                                                        "Actual Rows": 50011,
                                                                        "Actual Loops": 1,
                                                                        "Workers Planned": 1,
                                                                        "Workers Launched": 1,
                                                                        "Single Copy": false,
                                                                        "Plans": [
                                                                          {
                                                                            "Node Type": "Seq Scan",
                                                                            "Parent Relationship": "Outer",
                                                                            "Parallel Aware": true,
                                                                            "Relation Name": "name",
                                                                            "Alias": "n",
                                                                            "Startup Cost": 0.0,
                                                                            "Total Cost": 92383.97,
                                                                            "Plan Rows": 5691,
                                                                            "Plan Width": 19,
                                                                            "Actual Startup Time": 118.965,
                                                                            "Actual Total Time": 267.483,
                                                                            "Actual Rows": 25006,
                                                                            "Actual Loops": 2,
                                                                            "Filter": "((name ~~ '%An%'::text) AND ((gender)::text = 'f'::text))",
                                                                            "Rows Removed by Filter": 2058740
                                                                          }
                                                                        ]
                                                                      }
                                                                    ]
                                                                  }
                                                                ]
                                                              }
                                                            ]
                                                          }
                                                        ]
                                                      }
                                                    ]
                                                  }
                                                ]
                                              }
                                            ]
                                          },
                                          {
                                            "Node Type": "Sort",
                                            "Parent Relationship": "Inner",
                                            "Parallel Aware": false,
                                            "Startup Cost": 1.16,
                                            "Total Cost": 1.16,
                                            "Plan Rows": 1,
                                            "Plan Width": 4,
                                            "Actual Startup Time": 0.04,
                                            "Actual Total Time": 0.041,
                                            "Actual Rows": 1,
                                            "Actual Loops": 1,
                                            "Sort Key": [
                                              "rt.id"
                                            ],
                                            "Sort Method": "quicksort",
                                            "Sort Space Used": 25,
                                            "Sort Space Type": "Memory",
                                            "Plans": [
                                              {
                                                "Node Type": "Seq Scan",
                                                "Parent Relationship": "Outer",
                                                "Parallel Aware": false,
                                                "Relation Name": "role_type",
                                                "Alias": "rt",
                                                "Startup Cost": 0.0,
                                                "Total Cost": 1.15,
                                                "Plan Rows": 1,
                                                "Plan Width": 4,
                                                "Actual Startup Time": 0.018,
                                                "Actual Total Time": 0.019,
                                                "Actual Rows": 1,
                                                "Actual Loops": 1,
                                                "Filter": "((role)::text = 'actress'::text)",
                                                "Rows Removed by Filter": 11
                                              }
                                            ]
                                          }
                                        ]
                                      }
                                    ]
                                  },
                                  {
                                    "Node Type": "Sort",
                                    "Parent Relationship": "Inner",
                                    "Parallel Aware": false,
                                    "Startup Cost": 369610.97,
                                    "Total Cost": 370588.56,
                                    "Plan Rows": 391038,
                                    "Plan Width": 8,
                                    "Actual Startup Time": 930.946,
                                    "Actual Total Time": 939.527,
                                    "Actual Rows": 252001,
                                    "Actual Loops": 1,
                                    "Sort Key": [
                                      "mi.movie_id"
                                    ],
                                    "Sort Method": "quicksort",
                                    "Sort Space Used": 26409,
                                    "Sort Space Type": "Memory",
                                    "Plans": [
                                      {
                                        "Node Type": "Gather",
                                        "Parent Relationship": "Outer",
                                        "Parallel Aware": false,
                                        "Startup Cost": 1000.0,
                                        "Total Cost": 333289.5,
                                        "Plan Rows": 391038,
                                        "Plan Width": 8,
                                        "Actual Startup Time": 116.351,
                                        "Actual Total Time": 882.458,
                                        "Actual Rows": 301247,
                                        "Actual Loops": 1,
                                        "Workers Planned": 1,
                                        "Workers Launched": 1,
                                        "Single Copy": false,
                                        "Plans": [
                                          {
                                            "Node Type": "Seq Scan",
                                            "Parent Relationship": "Outer",
                                            "Parallel Aware": true,
                                            "Relation Name": "movie_info",
                                            "Alias": "mi",
                                            "Startup Cost": 0.0,
                                            "Total Cost": 293185.7,
                                            "Plan Rows": 230022,
                                            "Plan Width": 8,
                                            "Actual Startup Time": 124.025,
                                            "Actual Total Time": 857.955,
                                            "Actual Rows": 150624,
                                            "Actual Loops": 2,
                                            "Filter": "((info IS NOT NULL) AND ((info ~~ 'Japan:%201%'::text) OR (info ~~ 'USA:%201%'::text)))",
                                            "Rows Removed by Filter": 7267236
                                          }
                                        ]
                                      }
                                    ]
                                  }
                                ]
                              }
                            ]
                          },
                          {
                            "Node Type": "Sort",
                            "Parent Relationship": "Inner",
                            "Parallel Aware": false,
                            "Startup Cost": 2.42,
                            "Total Cost": 2.43,
                            "Plan Rows": 1,
                            "Plan Width": 4,
                            "Actual Startup Time": 0.037,
                            "Actual Total Time": 0.037,
                            "Actual Rows": 1,
                            "Actual Loops": 1,
                            "Sort Key": [
                              "it.id"
                            ],
                            "Sort Method": "quicksort",
                            "Sort Space Used": 25,
                            "Sort Space Type": "Memory",
                            "Plans": [
                              {
                                "Node Type": "Seq Scan",
                                "Parent Relationship": "Outer",
                                "Parallel Aware": false,
                                "Relation Name": "info_type",
                                "Alias": "it",
                                "Startup Cost": 0.0,
                                "Total Cost": 2.41,
                                "Plan Rows": 1,
                                "Plan Width": 4,
                                "Actual Startup Time": 0.021,
                                "Actual Total Time": 0.025,
                                "Actual Rows": 1,
                                "Actual Loops": 1,
                                "Filter": "((info)::text = 'release dates'::text)",
                                "Rows Removed by Filter": 112
                              }
                            ]
                          }
                        ]
                      }
                    ]
                  }
                ]
              }
            ]
          },
          {
            "Node Type": "Sort",
            "Parent Relationship": "Inner",
            "Parallel Aware": false,
            "Startup Cost": 2961.59,
            "Total Cost": 2961.6,
            "Plan Rows": 4,
            "Plan Width": 4,
            "Actual Startup Time": 14.543,
            "Actual Total Time": 14.544,
            "Actual Rows": 3,
            "Actual Loops": 1,
            "Sort Key": [
              "k.id"
            ],
            "Sort Method": "quicksort",
            "Sort Space Used": 25,
            "Sort Space Type": "Memory",
            "Plans": [
              {
                "Node Type": "Seq Scan",
                "Parent Relationship": "Outer",
                "Parallel Aware": false,
                "Relation Name": "keyword",
                "Alias": "k",
                "Startup Cost": 0.0,
                "Total Cost": 2961.55,
                "Plan Rows": 4,
                "Plan Width": 4,
                "Actual Startup Time": 0.024,
                "Actual Total Time": 14.535,
                "Actual Rows": 3,
                "Actual Loops": 1,
                "Filter": "(keyword = ANY ('{hero,martial-arts,hand-to-hand-combat,computer-animated-movie}'::text[]))",
                "Rows Removed by Filter": 134167
              }
            ]
          }
        ]
      }
    ]
  },
  "Planning Time": 4.936,
  "Triggers": [],
  "Execution Time": 6967.836
}