{
    "Plan": {
        "Node Type": "Aggregate",
        "Strategy": "Plain",
        "Partial Mode": "Simple",
        "Parallel Aware": false,
        "Startup Cost": 17391.2,
        "Total Cost": 17391.21,
        "Plan Rows": 1,
        "Plan Width": 8,
        "Actual Startup Time": 30.544,
        "Actual Total Time": 30.545,
        "Actual Rows": 1,
        "Actual Loops": 1,
        "Output": [
            "count(*)"
        ],
        "Plans": [
            {
                "Node Type": "Bitmap Heap Scan",
                "Parent Relationship": "Outer",
                "Parallel Aware": false,
                "Relation Name": "movie_keyword",
                "Schema": "public",
                "Alias": "mk",
                "Startup Cost": 181.88,
                "Total Cost": 17370.09,
                "Plan Rows": 8445,
                "Plan Width": 0,
                "Actual Startup Time": 2.318,
                "Actual Total Time": 29.732,
                "Actual Rows": 8397,
                "Actual Loops": 1,
                "Recheck Cond": "(mk.keyword_id = 348)",
                "Rows Removed by Index Recheck": 0,
                "Exact Heap Blocks": 5356,
                "Lossy Heap Blocks": 0,
                "Plans": [
                    {
                        "Node Type": "Bitmap Index Scan",
                        "Parent Relationship": "Outer",
                        "Parallel Aware": false,
                        "Index Name": "keyword_id_movie_keyword",
                        "Startup Cost": 0.0,
                        "Total Cost": 179.77,
                        "Plan Rows": 8445,
                        "Plan Width": 0,
                        "Actual Startup Time": 1.495,
                        "Actual Total Time": 1.496,
                        "Actual Rows": 8397,
                        "Actual Loops": 1,
                        "Index Cond": "(mk.keyword_id = 348)"
                    }
                ]
            }
        ]
    },
    "Planning Time": 0.763,
    "Triggers": [],
    "Execution Time": 30.655
}