{
  "Plan": {
    "Node Type": "Aggregate",
    "Strategy": "Plain",
    "Partial Mode": "Simple",
    "Parallel Aware": false,
    "Startup Cost": 16916.78,
    "Total Cost": 16916.79,
    "Plan Rows": 1,
    "Plan Width": 32,
    "Actual Startup Time": 137.332,
    "Actual Total Time": 137.334,
    "Actual Rows": 1,
    "Actual Loops": 1,
    "Plans": [
      {
        "Node Type": "Nested Loop",
        "Parent Relationship": "Outer",
        "Parallel Aware": false,
        "Join Type": "Inner",
        "Startup Cost": 11.67,
        "Total Cost": 16916.76,
        "Plan Rows": 9,
        "Plan Width": 17,
        "Actual Startup Time": 10.507,
        "Actual Total Time": 137.277,
        "Actual Rows": 206,
        "Actual Loops": 1,
        "Inner Unique": false,
        "Join Filter": "(t.id = mi.movie_id)",
        "Rows Removed by Join Filter": 0,
        "Plans": [
          {
            "Node Type": "Nested Loop",
            "Parent Relationship": "Outer",
            "Parallel Aware": false,
            "Join Type": "Inner",
            "Startup Cost": 11.23,
            "Total Cost": 16599.29,
            "Plan Rows": 177,
            "Plan Width": 25,
            "Actual Startup Time": 9.349,
            "Actual Total Time": 78.383,
            "Actual Rows": 2235,
            "Actual Loops": 1,
            "Inner Unique": true,
            "Plans": [
              {
                "Node Type": "Nested Loop",
                "Parent Relationship": "Outer",
                "Parallel Aware": false,
                "Join Type": "Inner",
                "Startup Cost": 10.8,
                "Total Cost": 16384.76,
                "Plan Rows": 438,
                "Plan Width": 4,
                "Actual Startup Time": 8.373,
                "Actual Total Time": 37.039,
                "Actual Rows": 12951,
                "Actual Loops": 1,
                "Inner Unique": false,
                "Plans": [
                  {
                    "Node Type": "Seq Scan",
                    "Parent Relationship": "Outer",
                    "Parallel Aware": false,
                    "Relation Name": "keyword",
                    "Alias": "k",
                    "Startup Cost": 0.0,
                    "Total Cost": 2626.12,
                    "Plan Rows": 13,
                    "Plan Width": 4,
                    "Actual Startup Time": 3.056,
                    "Actual Total Time": 16.747,
                    "Actual Rows": 30,
                    "Actual Loops": 1,
                    "Filter": "(keyword ~~ '%sequel%'::text)",
                    "Rows Removed by Filter": 134140
                  },
                  {
                    "Node Type": "Bitmap Heap Scan",
                    "Parent Relationship": "Inner",
                    "Parallel Aware": false,
                    "Relation Name": "movie_keyword",
                    "Alias": "mk",
                    "Startup Cost": 10.8,
                    "Total Cost": 1055.3,
                    "Plan Rows": 306,
                    "Plan Width": 8,
                    "Actual Startup Time": 0.194,
                    "Actual Total Time": 0.631,
                    "Actual Rows": 432,
                    "Actual Loops": 30,
                    "Recheck Cond": "(keyword_id = k.id)",
                    "Rows Removed by Index Recheck": 0,
                    "Exact Heap Blocks": 6979,
                    "Lossy Heap Blocks": 0,
                    "Plans": [
                      {
                        "Node Type": "Bitmap Index Scan",
                        "Parent Relationship": "Outer",
                        "Parallel Aware": false,
                        "Index Name": "keyword_id_movie_keyword",
                        "Startup Cost": 0.0,
                        "Total Cost": 10.73,
                        "Plan Rows": 306,
                        "Plan Width": 0,
                        "Actual Startup Time": 0.107,
                        "Actual Total Time": 0.107,
                        "Actual Rows": 432,
                        "Actual Loops": 30,
                        "Index Cond": "(keyword_id = k.id)"
                      }
                    ]
                  }
                ]
              },
              {
                "Node Type": "Index Scan",
                "Parent Relationship": "Inner",
                "Parallel Aware": false,
                "Scan Direction": "Forward",
                "Index Name": "title_pkey",
                "Relation Name": "title",
                "Alias": "t",
                "Startup Cost": 0.43,
                "Total Cost": 0.49,
                "Plan Rows": 1,
                "Plan Width": 21,
                "Actual Startup Time": 0.003,
                "Actual Total Time": 0.003,
                "Actual Rows": 0,
                "Actual Loops": 12951,
                "Index Cond": "(id = mk.movie_id)",
                "Rows Removed by Index Recheck": 0,
                "Filter": "(production_year > 2005)",
                "Rows Removed by Filter": 1
              }
            ]
          },
          {
            "Node Type": "Index Scan",
            "Parent Relationship": "Inner",
            "Parallel Aware": false,
            "Scan Direction": "Forward",
            "Index Name": "movie_id_movie_info",
            "Relation Name": "movie_info",
            "Alias": "mi",
            "Startup Cost": 0.43,
            "Total Cost": 1.78,
            "Plan Rows": 1,
            "Plan Width": 4,
            "Actual Startup Time": 0.025,
            "Actual Total Time": 0.026,
            "Actual Rows": 0,
            "Actual Loops": 2235,
            "Index Cond": "(movie_id = mk.movie_id)",
            "Rows Removed by Index Recheck": 0,
            "Filter": "(info = ANY ('{Sweden,Norway,Germany,Denmark,Swedish,Denish,Norwegian,German}'::text[]))",
            "Rows Removed by Filter": 45
          }
        ]
      }
    ]
  },
  "Planning Time": 1.335,
  "Triggers": [],
  "Execution Time": 137.428
}