{
  "Plan": {
    "Node Type": "Aggregate",
    "Strategy": "Plain",
    "Partial Mode": "Finalize",
    "Parallel Aware": false,
    "Startup Cost": 658856.25,
    "Total Cost": 658856.26,
    "Plan Rows": 1,
    "Plan Width": 8,
    "Actual Startup Time": 7377.53,
    "Actual Total Time": 7445.209,
    "Actual Rows": 1,
    "Actual Loops": 1,
    "Plans": [
      {
        "Node Type": "Gather",
        "Parent Relationship": "Outer",
        "Parallel Aware": false,
        "Startup Cost": 658856.14,
        "Total Cost": 658856.25,
        "Plan Rows": 1,
        "Plan Width": 8,
        "Actual Startup Time": 7375.197,
        "Actual Total Time": 7445.192,
        "Actual Rows": 2,
        "Actual Loops": 1,
        "Workers Planned": 1,
        "Workers Launched": 1,
        "Single Copy": false,
        "Plans": [
          {
            "Node Type": "Aggregate",
            "Strategy": "Plain",
            "Partial Mode": "Partial",
            "Parent Relationship": "Outer",
            "Parallel Aware": false,
            "Startup Cost": 657856.14,
            "Total Cost": 657856.15,
            "Plan Rows": 1,
            "Plan Width": 8,
            "Actual Startup Time": 7367.291,
            "Actual Total Time": 7367.295,
            "Actual Rows": 1,
            "Actual Loops": 2,
            "Plans": [
              {
                "Node Type": "Hash Join",
                "Parent Relationship": "Outer",
                "Parallel Aware": true,
                "Join Type": "Inner",
                "Startup Cost": 67395.19,
                "Total Cost": 635175.67,
                "Plan Rows": 9072187,
                "Plan Width": 0,
                "Actual Startup Time": 400.758,
                "Actual Total Time": 7015.616,
                "Actual Rows": 8230180,
                "Actual Loops": 2,
                "Inner Unique": true,
                "Hash Cond": "(ci.movie_id = t.id)",
                "Plans": [
                  {
                    "Node Type": "Seq Scan",
                    "Parent Relationship": "Outer",
                    "Parallel Aware": true,
                    "Relation Name": "cast_info",
                    "Alias": "ci",
                    "Startup Cost": 0.0,
                    "Total Cost": 519069.44,
                    "Plan Rows": 18556556,
                    "Plan Width": 4,
                    "Actual Startup Time": 0.015,
                    "Actual Total Time": 1979.605,
                    "Actual Rows": 15802604,
                    "Actual Loops": 2,
                    "Filter": "(role_id < 10)",
                    "Rows Removed by Filter": 2319568
                  },
                  {
                    "Node Type": "Hash",
                    "Parent Relationship": "Inner",
                    "Parallel Aware": true,
                    "Startup Cost": 58306.47,
                    "Total Cost": 58306.47,
                    "Plan Rows": 727098,
                    "Plan Width": 4,
                    "Actual Startup Time": 386.049,
                    "Actual Total Time": 386.05,
                    "Actual Rows": 660520,
                    "Actual Loops": 2,
                    "Hash Buckets": 2097152,
                    "Original Hash Buckets": 2097152,
                    "Hash Batches": 1,
                    "Original Hash Batches": 1,
                    "Peak Memory Usage": 68096,
                    "Plans": [
                      {
                        "Node Type": "Seq Scan",
                        "Parent Relationship": "Outer",
                        "Parallel Aware": true,
                        "Relation Name": "title",
                        "Alias": "t",
                        "Startup Cost": 0.0,
                        "Total Cost": 58306.47,
                        "Plan Rows": 727098,
                        "Plan Width": 4,
                        "Actual Startup Time": 0.029,
                        "Actual Total Time": 190.012,
                        "Actual Rows": 660520,
                        "Actual Loops": 2,
                        "Filter": "((kind_id > 4) AND (production_year > 1975))",
                        "Rows Removed by Filter": 603636
                      }
                    ]
                  }
                ]
              }
            ]
          }
        ]
      }
    ]
  },
  "Planning Time": 0.468,
  "Triggers": [],
  "Execution Time": 7445.333
}