[
  {
    "Plan": {
      "Node Type": "Aggregate",
      "Strategy": "Plain",
      "Partial Mode": "Finalize",
      "Parallel Aware": false,
      "Startup Cost": 75028.92,
      "Total Cost": 75028.93,
      "Plan Rows": 1,
      "Plan Width": 8,
      "Actual Startup Time": 213.452,
      "Actual Total Time": 230.823,
      "Actual Rows": 1,
      "Actual Loops": 1,
      "Plans": [
        {
          "Node Type": "Gather",
          "Parent Relationship": "Outer",
          "Parallel Aware": false,
          "Startup Cost": 75028.5,
          "Total Cost": 75028.91,
          "Plan Rows": 4,
          "Plan Width": 8,
          "Actual Startup Time": 212.362,
          "Actual Total Time": 230.814,
          "Actual Rows": 5,
          "Actual Loops": 1,
          "Workers Planned": 4,
          "Workers Launched": 4,
          "Single Copy": false,
          "Plans": [
            {
              "Node Type": "Aggregate",
              "Strategy": "Plain",
              "Partial Mode": "Partial",
              "Parent Relationship": "Outer",
              "Parallel Aware": false,
              "Startup Cost": 74028.5,
              "Total Cost": 74028.51,
              "Plan Rows": 1,
              "Plan Width": 8,
              "Actual Startup Time": 205.245,
              "Actual Total Time": 205.249,
              "Actual Rows": 1,
              "Actual Loops": 5,
              "Plans": [
                {
                  "Node Type": "Hash Join",
                  "Parent Relationship": "Outer",
                  "Parallel Aware": true,
                  "Join Type": "Inner",
                  "Startup Cost": 27316.26,
                  "Total Cost": 73966.62,
                  "Plan Rows": 24752,
                  "Plan Width": 0,
                  "Actual Startup Time": 92.638,
                  "Actual Total Time": 204.084,
                  "Actual Rows": 19643,
                  "Actual Loops": 5,
                  "Inner Unique": false,
                  "Hash Cond": "(t.id = mc.movie_id)",
                  "Plans": [
                    {
                      "Node Type": "Seq Scan",
                      "Parent Relationship": "Outer",
                      "Parallel Aware": true,
                      "Relation Name": "title",
                      "Alias": "t",
                      "Startup Cost": 0.0,
                      "Total Cost": 45479.1,
                      "Plan Rows": 218284,
                      "Plan Width": 4,
                      "Actual Startup Time": 0.014,
                      "Actual Total Time": 72.09,
                      "Actual Rows": 179358,
                      "Actual Loops": 5,
                      "Filter": "((kind_id < 7) AND (production_year < 2012))",
                      "Rows Removed by Filter": 326305
                    },
                    {
                      "Node Type": "Hash",
                      "Parent Relationship": "Inner",
                      "Parallel Aware": true,
                      "Startup Cost": 26160.26,
                      "Total Cost": 26160.26,
                      "Plan Rows": 92480,
                      "Plan Width": 4,
                      "Actual Startup Time": 90.491,
                      "Actual Total Time": 90.492,
                      "Actual Rows": 57063,
                      "Actual Loops": 5,
                      "Hash Buckets": 524288,
                      "Original Hash Buckets": 524288,
                      "Hash Batches": 1,
                      "Original Hash Batches": 1,
                      "Peak Memory Usage": 15360,
                      "Plans": [
                        {
                          "Node Type": "Bitmap Heap Scan",
                          "Parent Relationship": "Outer",
                          "Parallel Aware": true,
                          "Relation Name": "movie_companies",
                          "Alias": "mc",
                          "Startup Cost": 6214.26,
                          "Total Cost": 26160.26,
                          "Plan Rows": 92480,
                          "Plan Width": 4,
                          "Actual Startup Time": 24.68,
                          "Actual Total Time": 66.016,
                          "Actual Rows": 57063,
                          "Actual Loops": 5,
                          "Recheck Cond": "(company_id < 159)",
                          "Rows Removed by Index Recheck": 0,
                          "Exact Heap Blocks": 6898,
                          "Lossy Heap Blocks": 0,
                          "Plans": [
                            {
                              "Node Type": "Bitmap Index Scan",
                              "Parent Relationship": "Outer",
                              "Parallel Aware": false,
                              "Index Name": "company_id_movie_companies",
                              "Startup Cost": 0.0,
                              "Total Cost": 6142.59,
                              "Plan Rows": 286688,
                              "Plan Width": 0,
                              "Actual Startup Time": 22.368,
                              "Actual Total Time": 22.369,
                              "Actual Rows": 285317,
                              "Actual Loops": 1,
                              "Index Cond": "(company_id < 159)"
                            }
                          ]
                        }
                      ]
                    }
                  ]
                }
              ]
            }
          ]
        }
      ]
    },
    "Planning Time": 0.448,
    "Triggers": [],
    "Execution Time": 230.912
  }
]