{
    "Plan": {
        "Node Type": "Aggregate",
        "Strategy": "Plain",
        "Partial Mode": "Simple",
        "Parallel Aware": false,
        "Startup Cost": 7826.41,
        "Total Cost": 7826.42,
        "Plan Rows": 1,
        "Plan Width": 96,
        "Actual Startup Time": 47.133,
        "Actual Total Time": 47.137,
        "Actual Rows": 1,
        "Actual Loops": 1,
        "Plans": [
            {
                "Node Type": "Nested Loop",
                "Parent Relationship": "Outer",
                "Parallel Aware": false,
                "Join Type": "Inner",
                "Startup Cost": 41.39,
                "Total Cost": 7826.4,
                "Plan Rows": 1,
                "Plan Width": 48,
                "Actual Startup Time": 4.405,
                "Actual Total Time": 46.861,
                "Actual Rows": 1410,
                "Actual Loops": 1,
                "Inner Unique": false,
                "Join Filter": "(ml.movie_id = mi.movie_id)",
                "Rows Removed by Join Filter": 0,
                "Plans": [
                    {
                        "Node Type": "Nested Loop",
                        "Parent Relationship": "Outer",
                        "Parallel Aware": false,
                        "Join Type": "Inner",
                        "Startup Cost": 40.95,
                        "Total Cost": 7824.62,
                        "Plan Rows": 1,
                        "Plan Width": 64,
                        "Actual Startup Time": 4.374,
                        "Actual Total Time": 43.835,
                        "Actual Rows": 310,
                        "Actual Loops": 1,
                        "Inner Unique": true,
                        "Plans": [
                            {
                                "Node Type": "Nested Loop",
                                "Parent Relationship": "Outer",
                                "Parallel Aware": false,
                                "Join Type": "Inner",
                                "Startup Cost": 40.53,
                                "Total Cost": 7812.69,
                                "Plan Rows": 27,
                                "Plan Width": 68,
                                "Actual Startup Time": 2.385,
                                "Actual Total Time": 30.592,
                                "Actual Rows": 6863,
                                "Actual Loops": 1,
                                "Inner Unique": false,
                                "Join Filter": "(ml.movie_id = mk.movie_id)",
                                "Rows Removed by Join Filter": 0,
                                "Plans": [
                                    {
                                        "Node Type": "Nested Loop",
                                        "Parent Relationship": "Outer",
                                        "Parallel Aware": false,
                                        "Join Type": "Inner",
                                        "Startup Cost": 40.1,
                                        "Total Cost": 7784.19,
                                        "Plan Rows": 15,
                                        "Plan Width": 60,
                                        "Actual Startup Time": 2.362,
                                        "Actual Total Time": 26.641,
                                        "Actual Rows": 698,
                                        "Actual Loops": 1,
                                        "Inner Unique": false,
                                        "Join Filter": "(mc.company_type_id = ct.id)",
                                        "Rows Removed by Join Filter": 48,
                                        "Plans": [
                                            {
                                                "Node Type": "Seq Scan",
                                                "Parent Relationship": "Outer",
                                                "Parallel Aware": false,
                                                "Relation Name": "company_type",
                                                "Alias": "ct",
                                                "Startup Cost": 0.0,
                                                "Total Cost": 1.05,
                                                "Plan Rows": 1,
                                                "Plan Width": 4,
                                                "Actual Startup Time": 0.02,
                                                "Actual Total Time": 0.021,
                                                "Actual Rows": 1,
                                                "Actual Loops": 1,
                                                "Filter": "((kind)::text = 'production companies'::text)",
                                                "Rows Removed by Filter": 3
                                            },
                                            {
                                                "Node Type": "Nested Loop",
                                                "Parent Relationship": "Inner",
                                                "Parallel Aware": false,
                                                "Join Type": "Inner",
                                                "Startup Cost": 40.1,
                                                "Total Cost": 7782.4,
                                                "Plan Rows": 59,
                                                "Plan Width": 64,
                                                "Actual Startup Time": 2.337,
                                                "Actual Total Time": 26.473,
                                                "Actual Rows": 746,
                                                "Actual Loops": 1,
                                                "Inner Unique": true,
                                                "Plans": [
                                                    {
                                                        "Node Type": "Nested Loop",
                                                        "Parent Relationship": "Outer",
                                                        "Parallel Aware": false,
                                                        "Join Type": "Inner",
                                                        "Startup Cost": 39.68,
                                                        "Total Cost": 7645.89,
                                                        "Plan Rows": 299,
                                                        "Plan Width": 49,
                                                        "Actual Startup Time": 0.478,
                                                        "Actual Total Time": 17.368,
                                                        "Actual Rows": 3313,
                                                        "Actual Loops": 1,
                                                        "Inner Unique": false,
                                                        "Join Filter": "(ml.movie_id = mc.movie_id)",
                                                        "Rows Removed by Join Filter": 0,
                                                        "Plans": [
                                                            {
                                                                "Node Type": "Nested Loop",
                                                                "Parent Relationship": "Outer",
                                                                "Parallel Aware": false,
                                                                "Join Type": "Inner",
                                                                "Startup Cost": 39.25,
                                                                "Total Cost": 7243.89,
                                                                "Plan Rows": 601,
                                                                "Plan Width": 37,
                                                                "Actual Startup Time": 0.363,
                                                                "Actual Total Time": 10.616,
                                                                "Actual Rows": 1332,
                                                                "Actual Loops": 1,
                                                                "Inner Unique": true,
                                                                "Plans": [
                                                                    {
                                                                        "Node Type": "Nested Loop",
                                                                        "Parent Relationship": "Outer",
                                                                        "Parallel Aware": false,
                                                                        "Join Type": "Inner",
                                                                        "Startup Cost": 38.82,
                                                                        "Total Cost": 245.23,
                                                                        "Plan Rows": 1666,
                                                                        "Plan Width": 16,
                                                                        "Actual Startup Time": 0.21,
                                                                        "Actual Total Time": 1.777,
                                                                        "Actual Rows": 2315,
                                                                        "Actual Loops": 1,
                                                                        "Inner Unique": false,
                                                                        "Plans": [
                                                                            {
                                                                                "Node Type": "Seq Scan",
                                                                                "Parent Relationship": "Outer",
                                                                                "Parallel Aware": false,
                                                                                "Relation Name": "link_type",
                                                                                "Alias": "lt",
                                                                                "Startup Cost": 0.0,
                                                                                "Total Cost": 1.23,
                                                                                "Plan Rows": 1,
                                                                                "Plan Width": 16,
                                                                                "Actual Startup Time": 0.014,
                                                                                "Actual Total Time": 0.019,
                                                                                "Actual Rows": 2,
                                                                                "Actual Loops": 1,
                                                                                "Filter": "((link)::text ~~ '%follow%'::text)",
                                                                                "Rows Removed by Filter": 16
                                                                            },
                                                                            {
                                                                                "Node Type": "Bitmap Heap Scan",
                                                                                "Parent Relationship": "Inner",
                                                                                "Parallel Aware": false,
                                                                                "Relation Name": "movie_link",
                                                                                "Alias": "ml",
                                                                                "Startup Cost": 38.82,
                                                                                "Total Cost": 225.26,
                                                                                "Plan Rows": 1875,
                                                                                "Plan Width": 8,
                                                                                "Actual Startup Time": 0.147,
                                                                                "Actual Total Time": 0.642,
                                                                                "Actual Rows": 1158,
                                                                                "Actual Loops": 2,
                                                                                "Recheck Cond": "(link_type_id = lt.id)",
                                                                                "Rows Removed by Index Recheck": 0,
                                                                                "Exact Heap Blocks": 191,
                                                                                "Lossy Heap Blocks": 0,
                                                                                "Plans": [
                                                                                    {
                                                                                        "Node Type": "Bitmap Index Scan",
                                                                                        "Parent Relationship": "Outer",
                                                                                        "Parallel Aware": false,
                                                                                        "Index Name": "link_type_id_movie_link",
                                                                                        "Startup Cost": 0.0,
                                                                                        "Total Cost": 38.35,
                                                                                        "Plan Rows": 1875,
                                                                                        "Plan Width": 0,
                                                                                        "Actual Startup Time": 0.114,
                                                                                        "Actual Total Time": 0.114,
                                                                                        "Actual Rows": 1158,
                                                                                        "Actual Loops": 2,
                                                                                        "Index Cond": "(link_type_id = lt.id)"
                                                                                    }
                                                                                ]
                                                                            }
                                                                        ]
                                                                    },
                                                                    {
                                                                        "Node Type": "Index Scan",
                                                                        "Parent Relationship": "Inner",
                                                                        "Parallel Aware": false,
                                                                        "Scan Direction": "Forward",
                                                                        "Index Name": "title_pkey",
                                                                        "Relation Name": "title",
                                                                        "Alias": "t",
                                                                        "Startup Cost": 0.43,
                                                                        "Total Cost": 4.2,
                                                                        "Plan Rows": 1,
                                                                        "Plan Width": 21,
                                                                        "Actual Startup Time": 0.003,
                                                                        "Actual Total Time": 0.003,
                                                                        "Actual Rows": 1,
                                                                        "Actual Loops": 2315,
                                                                        "Index Cond": "(id = ml.movie_id)",
                                                                        "Rows Removed by Index Recheck": 0,
                                                                        "Filter": "((production_year >= 1950) AND (production_year <= 2000))",
                                                                        "Rows Removed by Filter": 0
                                                                    }
                                                                ]
                                                            },
                                                            {
                                                                "Node Type": "Index Scan",
                                                                "Parent Relationship": "Inner",
                                                                "Parallel Aware": false,
                                                                "Scan Direction": "Forward",
                                                                "Index Name": "movie_id_movie_companies",
                                                                "Relation Name": "movie_companies",
                                                                "Alias": "mc",
                                                                "Startup Cost": 0.43,
                                                                "Total Cost": 0.63,
                                                                "Plan Rows": 3,
                                                                "Plan Width": 12,
                                                                "Actual Startup Time": 0.004,
                                                                "Actual Total Time": 0.004,
                                                                "Actual Rows": 2,
                                                                "Actual Loops": 1332,
                                                                "Index Cond": "(movie_id = t.id)",
                                                                "Rows Removed by Index Recheck": 0,
                                                                "Filter": "(note IS NULL)",
                                                                "Rows Removed by Filter": 2
                                                            }
                                                        ]
                                                    },
                                                    {
                                                        "Node Type": "Index Scan",
                                                        "Parent Relationship": "Inner",
                                                        "Parallel Aware": false,
                                                        "Scan Direction": "Forward",
                                                        "Index Name": "company_name_pkey",
                                                        "Relation Name": "company_name",
                                                        "Alias": "cn",
                                                        "Startup Cost": 0.42,
                                                        "Total Cost": 0.46,
                                                        "Plan Rows": 1,
                                                        "Plan Width": 23,
                                                        "Actual Startup Time": 0.002,
                                                        "Actual Total Time": 0.002,
                                                        "Actual Rows": 0,
                                                        "Actual Loops": 3313,
                                                        "Index Cond": "(id = mc.company_id)",
                                                        "Rows Removed by Index Recheck": 0,
                                                        "Filter": "(((country_code)::text <> '[pl]'::text) AND ((name ~~ '%Film%'::text) OR (name ~~ '%Warner%'::text)))",
                                                        "Rows Removed by Filter": 1
                                                    }
                                                ]
                                            }
                                        ]
                                    },
                                    {
                                        "Node Type": "Index Scan",
                                        "Parent Relationship": "Inner",
                                        "Parallel Aware": false,
                                        "Scan Direction": "Forward",
                                        "Index Name": "movie_id_movie_keyword",
                                        "Relation Name": "movie_keyword",
                                        "Alias": "mk",
                                        "Startup Cost": 0.43,
                                        "Total Cost": 1.34,
                                        "Plan Rows": 45,
                                        "Plan Width": 8,
                                        "Actual Startup Time": 0.002,
                                        "Actual Total Time": 0.004,
                                        "Actual Rows": 10,
                                        "Actual Loops": 698,
                                        "Index Cond": "(movie_id = mc.movie_id)",
                                        "Rows Removed by Index Recheck": 0
                                    }
                                ]
                            },
                            {
                                "Node Type": "Index Scan",
                                "Parent Relationship": "Inner",
                                "Parallel Aware": false,
                                "Scan Direction": "Forward",
                                "Index Name": "keyword_pkey",
                                "Relation Name": "keyword",
                                "Alias": "k",
                                "Startup Cost": 0.42,
                                "Total Cost": 0.44,
                                "Plan Rows": 1,
                                "Plan Width": 4,
                                "Actual Startup Time": 0.002,
                                "Actual Total Time": 0.002,
                                "Actual Rows": 0,
                                "Actual Loops": 6863,
                                "Index Cond": "(id = mk.keyword_id)",
                                "Rows Removed by Index Recheck": 0,
                                "Filter": "(keyword = 'sequel'::text)",
                                "Rows Removed by Filter": 1
                            }
                        ]
                    },
                    {
                        "Node Type": "Index Scan",
                        "Parent Relationship": "Inner",
                        "Parallel Aware": false,
                        "Scan Direction": "Forward",
                        "Index Name": "movie_id_movie_info",
                        "Relation Name": "movie_info",
                        "Alias": "mi",
                        "Startup Cost": 0.43,
                        "Total Cost": 1.77,
                        "Plan Rows": 1,
                        "Plan Width": 4,
                        "Actual Startup Time": 0.007,
                        "Actual Total Time": 0.009,
                        "Actual Rows": 5,
                        "Actual Loops": 310,
                        "Index Cond": "(movie_id = mk.movie_id)",
                        "Rows Removed by Index Recheck": 0,
                        "Filter": "(info = ANY ('{Sweden,Norway,Germany,Denmark,Swedish,Denish,Norwegian,German}'::text[]))",
                        "Rows Removed by Filter": 13
                    }
                ]
            }
        ]
    },
    "Planning Time": 3.367,
    "Triggers": [],
    "Execution Time": 47.314
}