{
    "Plan": {
        "Node Type": "Aggregate",
        "Strategy": "Plain",
        "Partial Mode": "Simple",
        "Parallel Aware": false,
        "Startup Cost": 3777.82,
        "Total Cost": 3777.83,
        "Plan Rows": 1,
        "Plan Width": 96,
        "Actual Startup Time": 86.018,
        "Actual Total Time": 86.024,
        "Actual Rows": 1,
        "Actual Loops": 1,
        "Plans": [
            {
                "Node Type": "Nested Loop",
                "Parent Relationship": "Outer",
                "Parallel Aware": false,
                "Join Type": "Inner",
                "Startup Cost": 8.81,
                "Total Cost": 3777.82,
                "Plan Rows": 1,
                "Plan Width": 48,
                "Actual Startup Time": 3.979,
                "Actual Total Time": 85.542,
                "Actual Rows": 1410,
                "Actual Loops": 1,
                "Inner Unique": true,
                "Join Filter": "(ml.movie_id = t.id)",
                "Rows Removed by Join Filter": 0,
                "Plans": [
                    {
                        "Node Type": "Nested Loop",
                        "Parent Relationship": "Outer",
                        "Parallel Aware": false,
                        "Join Type": "Inner",
                        "Startup Cost": 8.38,
                        "Total Cost": 3777.31,
                        "Plan Rows": 1,
                        "Plan Width": 47,
                        "Actual Startup Time": 3.947,
                        "Actual Total Time": 80.266,
                        "Actual Rows": 1816,
                        "Actual Loops": 1,
                        "Inner Unique": true,
                        "Join Filter": "(mc.company_type_id = ct.id)",
                        "Rows Removed by Join Filter": 95,
                        "Plans": [
                            {
                                "Node Type": "Nested Loop",
                                "Parent Relationship": "Outer",
                                "Parallel Aware": false,
                                "Join Type": "Inner",
                                "Startup Cost": 8.38,
                                "Total Cost": 3776.25,
                                "Plan Rows": 1,
                                "Plan Width": 51,
                                "Actual Startup Time": 3.936,
                                "Actual Total Time": 74.07,
                                "Actual Rows": 1911,
                                "Actual Loops": 1,
                                "Inner Unique": true,
                                "Plans": [
                                    {
                                        "Node Type": "Nested Loop",
                                        "Parent Relationship": "Outer",
                                        "Parallel Aware": false,
                                        "Join Type": "Inner",
                                        "Startup Cost": 7.96,
                                        "Total Cost": 3775.79,
                                        "Plan Rows": 1,
                                        "Plan Width": 36,
                                        "Actual Startup Time": 3.918,
                                        "Actual Total Time": 65.113,
                                        "Actual Rows": 4365,
                                        "Actual Loops": 1,
                                        "Inner Unique": false,
                                        "Join Filter": "(ml.movie_id = mc.movie_id)",
                                        "Rows Removed by Join Filter": 0,
                                        "Plans": [
                                            {
                                                "Node Type": "Nested Loop",
                                                "Parent Relationship": "Outer",
                                                "Parallel Aware": false,
                                                "Join Type": "Inner",
                                                "Startup Cost": 7.53,
                                                "Total Cost": 3775.22,
                                                "Plan Rows": 1,
                                                "Plan Width": 24,
                                                "Actual Startup Time": 3.903,
                                                "Actual Total Time": 61.738,
                                                "Actual Rows": 684,
                                                "Actual Loops": 1,
                                                "Inner Unique": false,
                                                "Join Filter": "(ml.movie_id = mi.movie_id)",
                                                "Rows Removed by Join Filter": 0,
                                                "Plans": [
                                                    {
                                                        "Node Type": "Nested Loop",
                                                        "Parent Relationship": "Outer",
                                                        "Parallel Aware": false,
                                                        "Join Type": "Inner",
                                                        "Startup Cost": 7.09,
                                                        "Total Cost": 3773.43,
                                                        "Plan Rows": 1,
                                                        "Plan Width": 20,
                                                        "Actual Startup Time": 3.546,
                                                        "Actual Total Time": 58.662,
                                                        "Actual Rows": 199,
                                                        "Actual Loops": 1,
                                                        "Inner Unique": false,
                                                        "Join Filter": "(ml.link_type_id = lt.id)",
                                                        "Rows Removed by Join Filter": 303,
                                                        "Plans": [
                                                            {
                                                                "Node Type": "Seq Scan",
                                                                "Parent Relationship": "Outer",
                                                                "Parallel Aware": false,
                                                                "Relation Name": "link_type",
                                                                "Alias": "lt",
                                                                "Startup Cost": 0.0,
                                                                "Total Cost": 1.23,
                                                                "Plan Rows": 1,
                                                                "Plan Width": 16,
                                                                "Actual Startup Time": 0.015,
                                                                "Actual Total Time": 0.021,
                                                                "Actual Rows": 2,
                                                                "Actual Loops": 1,
                                                                "Filter": "((link)::text ~~ '%follow%'::text)",
                                                                "Rows Removed by Filter": 16
                                                            },
                                                            {
                                                                "Node Type": "Nested Loop",
                                                                "Parent Relationship": "Inner",
                                                                "Parallel Aware": false,
                                                                "Join Type": "Inner",
                                                                "Startup Cost": 7.09,
                                                                "Total Cost": 3772.08,
                                                                "Plan Rows": 10,
                                                                "Plan Width": 12,
                                                                "Actual Startup Time": 2.613,
                                                                "Actual Total Time": 29.289,
                                                                "Actual Rows": 251,
                                                                "Actual Loops": 2,
                                                                "Inner Unique": false,
                                                                "Plans": [
                                                                    {
                                                                        "Node Type": "Nested Loop",
                                                                        "Parent Relationship": "Outer",
                                                                        "Parallel Aware": false,
                                                                        "Join Type": "Inner",
                                                                        "Startup Cost": 6.8,
                                                                        "Total Cost": 3757.63,
                                                                        "Plan Rows": 34,
                                                                        "Plan Width": 4,
                                                                        "Actual Startup Time": 2.602,
                                                                        "Actual Total Time": 21.409,
                                                                        "Actual Rows": 10544,
                                                                        "Actual Loops": 2,
                                                                        "Inner Unique": false,
                                                                        "Plans": [
                                                                            {
                                                                                "Node Type": "Seq Scan",
                                                                                "Parent Relationship": "Outer",
                                                                                "Parallel Aware": false,
                                                                                "Relation Name": "keyword",
                                                                                "Alias": "k",
                                                                                "Startup Cost": 0.0,
                                                                                "Total Cost": 2626.12,
                                                                                "Plan Rows": 1,
                                                                                "Plan Width": 4,
                                                                                "Actual Startup Time": 0.699,
                                                                                "Actual Total Time": 8.986,
                                                                                "Actual Rows": 1,
                                                                                "Actual Loops": 2,
                                                                                "Filter": "(keyword = 'sequel'::text)",
                                                                                "Rows Removed by Filter": 134169
                                                                            },
                                                                            {
                                                                                "Node Type": "Bitmap Heap Scan",
                                                                                "Parent Relationship": "Inner",
                                                                                "Parallel Aware": false,
                                                                                "Relation Name": "movie_keyword",
                                                                                "Alias": "mk",
                                                                                "Startup Cost": 6.8,
                                                                                "Total Cost": 1128.44,
                                                                                "Plan Rows": 306,
                                                                                "Plan Width": 8,
                                                                                "Actual Startup Time": 1.895,
                                                                                "Actual Total Time": 11.552,
                                                                                "Actual Rows": 10544,
                                                                                "Actual Loops": 2,
                                                                                "Recheck Cond": "(keyword_id = k.id)",
                                                                                "Rows Removed by Index Recheck": 0,
                                                                                "Exact Heap Blocks": 11140,
                                                                                "Lossy Heap Blocks": 0,
                                                                                "Plans": [
                                                                                    {
                                                                                        "Node Type": "Bitmap Index Scan",
                                                                                        "Parent Relationship": "Outer",
                                                                                        "Parallel Aware": false,
                                                                                        "Index Name": "keyword_id_movie_keyword",
                                                                                        "Startup Cost": 0.0,
                                                                                        "Total Cost": 6.73,
                                                                                        "Plan Rows": 306,
                                                                                        "Plan Width": 0,
                                                                                        "Actual Startup Time": 0.972,
                                                                                        "Actual Total Time": 0.972,
                                                                                        "Actual Rows": 10544,
                                                                                        "Actual Loops": 2,
                                                                                        "Index Cond": "(keyword_id = k.id)"
                                                                                    }
                                                                                ]
                                                                            }
                                                                        ]
                                                                    },
                                                                    {
                                                                        "Node Type": "Index Scan",
                                                                        "Parent Relationship": "Inner",
                                                                        "Parallel Aware": false,
                                                                        "Scan Direction": "Forward",
                                                                        "Index Name": "movie_id_movie_link",
                                                                        "Relation Name": "movie_link",
                                                                        "Alias": "ml",
                                                                        "Startup Cost": 0.29,
                                                                        "Total Cost": 0.38,
                                                                        "Plan Rows": 5,
                                                                        "Plan Width": 8,
                                                                        "Actual Startup Time": 0.001,
                                                                        "Actual Total Time": 0.001,
                                                                        "Actual Rows": 0,
                                                                        "Actual Loops": 21088,
                                                                        "Index Cond": "(movie_id = mk.movie_id)",
                                                                        "Rows Removed by Index Recheck": 0
                                                                    }
                                                                ]
                                                            }
                                                        ]
                                                    },
                                                    {
                                                        "Node Type": "Index Scan",
                                                        "Parent Relationship": "Inner",
                                                        "Parallel Aware": false,
                                                        "Scan Direction": "Forward",
                                                        "Index Name": "movie_id_movie_info",
                                                        "Relation Name": "movie_info",
                                                        "Alias": "mi",
                                                        "Startup Cost": 0.43,
                                                        "Total Cost": 1.77,
                                                        "Plan Rows": 1,
                                                        "Plan Width": 4,
                                                        "Actual Startup Time": 0.012,
                                                        "Actual Total Time": 0.015,
                                                        "Actual Rows": 3,
                                                        "Actual Loops": 199,
                                                        "Index Cond": "(movie_id = mk.movie_id)",
                                                        "Rows Removed by Index Recheck": 0,
                                                        "Filter": "(info = ANY ('{Sweden,Norway,Germany,Denmark,Swedish,Denish,Norwegian,German}'::text[]))",
                                                        "Rows Removed by Filter": 17
                                                    }
                                                ]
                                            },
                                            {
                                                "Node Type": "Index Scan",
                                                "Parent Relationship": "Inner",
                                                "Parallel Aware": false,
                                                "Scan Direction": "Forward",
                                                "Index Name": "movie_id_movie_companies",
                                                "Relation Name": "movie_companies",
                                                "Alias": "mc",
                                                "Startup Cost": 0.43,
                                                "Total Cost": 0.54,
                                                "Plan Rows": 3,
                                                "Plan Width": 12,
                                                "Actual Startup Time": 0.002,
                                                "Actual Total Time": 0.004,
                                                "Actual Rows": 6,
                                                "Actual Loops": 684,
                                                "Index Cond": "(movie_id = mk.movie_id)",
                                                "Rows Removed by Index Recheck": 0,
                                                "Filter": "(note IS NULL)",
                                                "Rows Removed by Filter": 2
                                            }
                                        ]
                                    },
                                    {
                                        "Node Type": "Index Scan",
                                        "Parent Relationship": "Inner",
                                        "Parallel Aware": false,
                                        "Scan Direction": "Forward",
                                        "Index Name": "company_name_pkey",
                                        "Relation Name": "company_name",
                                        "Alias": "cn",
                                        "Startup Cost": 0.42,
                                        "Total Cost": 0.46,
                                        "Plan Rows": 1,
                                        "Plan Width": 23,
                                        "Actual Startup Time": 0.002,
                                        "Actual Total Time": 0.002,
                                        "Actual Rows": 0,
                                        "Actual Loops": 4365,
                                        "Index Cond": "(id = mc.company_id)",
                                        "Rows Removed by Index Recheck": 0,
                                        "Filter": "(((country_code)::text <> '[pl]'::text) AND ((name ~~ '%Film%'::text) OR (name ~~ '%Warner%'::text)))",
                                        "Rows Removed by Filter": 1
                                    }
                                ]
                            },
                            {
                                "Node Type": "Seq Scan",
                                "Parent Relationship": "Inner",
                                "Parallel Aware": false,
                                "Relation Name": "company_type",
                                "Alias": "ct",
                                "Startup Cost": 0.0,
                                "Total Cost": 1.05,
                                "Plan Rows": 1,
                                "Plan Width": 4,
                                "Actual Startup Time": 0.001,
                                "Actual Total Time": 0.001,
                                "Actual Rows": 1,
                                "Actual Loops": 1911,
                                "Filter": "((kind)::text = 'production companies'::text)",
                                "Rows Removed by Filter": 1
                            }
                        ]
                    },
                    {
                        "Node Type": "Index Scan",
                        "Parent Relationship": "Inner",
                        "Parallel Aware": false,
                        "Scan Direction": "Forward",
                        "Index Name": "title_pkey",
                        "Relation Name": "title",
                        "Alias": "t",
                        "Startup Cost": 0.43,
                        "Total Cost": 0.49,
                        "Plan Rows": 1,
                        "Plan Width": 21,
                        "Actual Startup Time": 0.002,
                        "Actual Total Time": 0.002,
                        "Actual Rows": 1,
                        "Actual Loops": 1816,
                        "Index Cond": "(id = mk.movie_id)",
                        "Rows Removed by Index Recheck": 0,
                        "Filter": "((production_year >= 1950) AND (production_year <= 2000))",
                        "Rows Removed by Filter": 0
                    }
                ]
            }
        ]
    },
    "Planning Time": 24.295,
    "Triggers": [],
    "Execution Time": 86.153
}