{
  "Plan": {
    "Node Type": "Aggregate",
    "Strategy": "Plain",
    "Partial Mode": "Finalize",
    "Parallel Aware": false,
    "Startup Cost": 125306.87,
    "Total Cost": 125306.88,
    "Plan Rows": 1,
    "Plan Width": 8,
    "Actual Startup Time": 803.793,
    "Actual Total Time": 828.123,
    "Actual Rows": 1,
    "Actual Loops": 1,
    "Plans": [
      {
        "Node Type": "Gather",
        "Parent Relationship": "Outer",
        "Parallel Aware": false,
        "Startup Cost": 125306.75,
        "Total Cost": 125306.86,
        "Plan Rows": 1,
        "Plan Width": 8,
        "Actual Startup Time": 797.449,
        "Actual Total Time": 828.113,
        "Actual Rows": 2,
        "Actual Loops": 1,
        "Workers Planned": 1,
        "Workers Launched": 1,
        "Single Copy": false,
        "Plans": [
          {
            "Node Type": "Aggregate",
            "Strategy": "Plain",
            "Partial Mode": "Partial",
            "Parent Relationship": "Outer",
            "Parallel Aware": false,
            "Startup Cost": 124306.75,
            "Total Cost": 124306.76,
            "Plan Rows": 1,
            "Plan Width": 8,
            "Actual Startup Time": 783.885,
            "Actual Total Time": 784.208,
            "Actual Rows": 1,
            "Actual Loops": 2,
            "Plans": [
              {
                "Node Type": "Hash Join",
                "Parent Relationship": "Outer",
                "Parallel Aware": true,
                "Join Type": "Inner",
                "Startup Cost": 103727.75,
                "Total Cost": 124166.77,
                "Plan Rows": 55993,
                "Plan Width": 0,
                "Actual Startup Time": 664.194,
                "Actual Total Time": 776.632,
                "Actual Rows": 193200,
                "Actual Loops": 2,
                "Inner Unique": false,
                "Hash Cond": "(mi_idx.movie_id = t.id)",
                "Plans": [
                  {
                    "Node Type": "Seq Scan",
                    "Parent Relationship": "Outer",
                    "Parallel Aware": true,
                    "Relation Name": "movie_info_idx",
                    "Alias": "mi_idx",
                    "Startup Cost": 0.0,
                    "Total Cost": 18082.32,
                    "Plan Rows": 540622,
                    "Plan Width": 4,
                    "Actual Startup Time": 0.023,
                    "Actual Total Time": 56.209,
                    "Actual Rows": 459925,
                    "Actual Loops": 2,
                    "Filter": "(info_type_id < 101)",
                    "Rows Removed by Filter": 230092
                  },
                  {
                    "Node Type": "Hash",
                    "Parent Relationship": "Inner",
                    "Parallel Aware": true,
                    "Startup Cost": 101802.31,
                    "Total Cost": 101802.31,
                    "Plan Rows": 154035,
                    "Plan Width": 8,
                    "Actual Startup Time": 660.714,
                    "Actual Total Time": 661.035,
                    "Actual Rows": 136223,
                    "Actual Loops": 2,
                    "Hash Buckets": 524288,
                    "Original Hash Buckets": 262144,
                    "Hash Batches": 1,
                    "Original Hash Batches": 1,
                    "Peak Memory Usage": 16832,
                    "Plans": [
                      {
                        "Node Type": "Hash Join",
                        "Parent Relationship": "Outer",
                        "Parallel Aware": true,
                        "Join Type": "Inner",
                        "Startup Cost": 75018.54,
                        "Total Cost": 101802.31,
                        "Plan Rows": 154035,
                        "Plan Width": 8,
                        "Actual Startup Time": 524.498,
                        "Actual Total Time": 627.83,
                        "Actual Rows": 136223,
                        "Actual Loops": 2,
                        "Inner Unique": true,
                        "Hash Cond": "(mk.movie_id = t.id)",
                        "Plans": [
                          {
                            "Node Type": "Bitmap Heap Scan",
                            "Parent Relationship": "Outer",
                            "Parallel Aware": true,
                            "Relation Name": "movie_keyword",
                            "Alias": "mk",
                            "Startup Cost": 5557.84,
                            "Total Cost": 31937.27,
                            "Plan Rows": 154035,
                            "Plan Width": 4,
                            "Actual Startup Time": 19.232,
                            "Actual Total Time": 69.973,
                            "Actual Rows": 136223,
                            "Actual Loops": 2,
                            "Recheck Cond": "(keyword_id < 231)",
                            "Rows Removed by Index Recheck": 0,
                            "Exact Heap Blocks": 13175,
                            "Lossy Heap Blocks": 0,
                            "Plans": [
                              {
                                "Node Type": "Bitmap Index Scan",
                                "Parent Relationship": "Outer",
                                "Parallel Aware": false,
                                "Index Name": "keyword_id_movie_keyword",
                                "Startup Cost": 0.0,
                                "Total Cost": 5492.38,
                                "Plan Rows": 261859,
                                "Plan Width": 0,
                                "Actual Startup Time": 15.722,
                                "Actual Total Time": 15.722,
                                "Actual Rows": 272446,
                                "Actual Loops": 1,
                                "Index Cond": "(keyword_id < 231)"
                              }
                            ]
                          },
                          {
                            "Node Type": "Hash",
                            "Parent Relationship": "Inner",
                            "Parallel Aware": true,
                            "Startup Cost": 50870.31,
                            "Total Cost": 50870.31,
                            "Plan Rows": 1487231,
                            "Plan Width": 4,
                            "Actual Startup Time": 486.531,
                            "Actual Total Time": 486.532,
                            "Actual Rows": 1264156,
                            "Actual Loops": 2,
                            "Hash Buckets": 4194304,
                            "Original Hash Buckets": 4194304,
                            "Hash Batches": 1,
                            "Original Hash Batches": 1,
                            "Peak Memory Usage": 131712,
                            "Plans": [
                              {
                                "Node Type": "Seq Scan",
                                "Parent Relationship": "Outer",
                                "Parallel Aware": true,
                                "Relation Name": "title",
                                "Alias": "t",
                                "Startup Cost": 0.0,
                                "Total Cost": 50870.31,
                                "Plan Rows": 1487231,
                                "Plan Width": 4,
                                "Actual Startup Time": 0.026,
                                "Actual Total Time": 147.445,
                                "Actual Rows": 1264156,
                                "Actual Loops": 2
                              }
                            ]
                          }
                        ]
                      }
                    ]
                  }
                ]
              }
            ]
          }
        ]
      }
    ]
  },
  "Planning Time": 1.112,
  "Triggers": [],
  "Execution Time": 828.225
}