[
  {
    "Plan": {
      "Node Type": "Aggregate",
      "Strategy": "Plain",
      "Partial Mode": "Finalize",
      "Parallel Aware": false,
      "Startup Cost": 225962.85,
      "Total Cost": 225962.86,
      "Plan Rows": 1,
      "Plan Width": 8,
      "Actual Startup Time": 164.428,
      "Actual Total Time": 189.321,
      "Actual Rows": 1,
      "Actual Loops": 1,
      "Plans": [
        {
          "Node Type": "Gather",
          "Parent Relationship": "Outer",
          "Parallel Aware": false,
          "Startup Cost": 225962.43,
          "Total Cost": 225962.84,
          "Plan Rows": 4,
          "Plan Width": 8,
          "Actual Startup Time": 164.2,
          "Actual Total Time": 189.314,
          "Actual Rows": 5,
          "Actual Loops": 1,
          "Workers Planned": 4,
          "Workers Launched": 4,
          "Single Copy": false,
          "Plans": [
            {
              "Node Type": "Aggregate",
              "Strategy": "Plain",
              "Partial Mode": "Partial",
              "Parent Relationship": "Outer",
              "Parallel Aware": false,
              "Startup Cost": 224962.43,
              "Total Cost": 224962.44,
              "Plan Rows": 1,
              "Plan Width": 8,
              "Actual Startup Time": 156.007,
              "Actual Total Time": 156.009,
              "Actual Rows": 1,
              "Actual Loops": 5,
              "Plans": [
                {
                  "Node Type": "Nested Loop",
                  "Parent Relationship": "Outer",
                  "Parallel Aware": false,
                  "Join Type": "Inner",
                  "Startup Cost": 0.43,
                  "Total Cost": 224901.02,
                  "Plan Rows": 24563,
                  "Plan Width": 0,
                  "Actual Startup Time": 59.14,
                  "Actual Total Time": 153.761,
                  "Actual Rows": 34754,
                  "Actual Loops": 5,
                  "Inner Unique": false,
                  "Plans": [
                    {
                      "Node Type": "Seq Scan",
                      "Parent Relationship": "Outer",
                      "Parallel Aware": true,
                      "Relation Name": "title",
                      "Alias": "t",
                      "Startup Cost": 0.0,
                      "Total Cost": 43898.92,
                      "Plan Rows": 4201,
                      "Plan Width": 4,
                      "Actual Startup Time": 54.637,
                      "Actual Total Time": 81.167,
                      "Actual Rows": 3676,
                      "Actual Loops": 5,
                      "Filter": "(production_year < 1908)",
                      "Rows Removed by Filter": 501987
                    },
                    {
                      "Node Type": "Index Only Scan",
                      "Parent Relationship": "Inner",
                      "Parallel Aware": false,
                      "Scan Direction": "Forward",
                      "Index Name": "movie_id_movie_info",
                      "Relation Name": "movie_info",
                      "Alias": "mi",
                      "Startup Cost": 0.43,
                      "Total Cost": 42.67,
                      "Plan Rows": 42,
                      "Plan Width": 4,
                      "Actual Startup Time": 0.008,
                      "Actual Total Time": 0.019,
                      "Actual Rows": 9,
                      "Actual Loops": 18379,
                      "Index Cond": "(movie_id = t.id)",
                      "Rows Removed by Index Recheck": 0,
                      "Heap Fetches": 173768
                    }
                  ]
                }
              ]
            }
          ]
        }
      ]
    },
    "Planning Time": 0.61,
    "Triggers": [],
    "Execution Time": 189.42
  }
]