[
  {
    "Plan": {
      "Node Type": "Aggregate",
      "Strategy": "Plain",
      "Partial Mode": "Finalize",
      "Parallel Aware": false,
      "Startup Cost": 13748.36,
      "Total Cost": 13748.37,
      "Plan Rows": 1,
      "Plan Width": 8,
      "Actual Startup Time": 45.768,
      "Actual Total Time": 50.899,
      "Actual Rows": 1,
      "Actual Loops": 1,
      "Plans": [
        {
          "Node Type": "Gather",
          "Parent Relationship": "Outer",
          "Parallel Aware": false,
          "Startup Cost": 13748.25,
          "Total Cost": 13748.36,
          "Plan Rows": 1,
          "Plan Width": 8,
          "Actual Startup Time": 45.437,
          "Actual Total Time": 50.89,
          "Actual Rows": 2,
          "Actual Loops": 1,
          "Workers Planned": 1,
          "Workers Launched": 1,
          "Single Copy": false,
          "Plans": [
            {
              "Node Type": "Aggregate",
              "Strategy": "Plain",
              "Partial Mode": "Partial",
              "Parent Relationship": "Outer",
              "Parallel Aware": false,
              "Startup Cost": 12748.25,
              "Total Cost": 12748.26,
              "Plan Rows": 1,
              "Plan Width": 8,
              "Actual Startup Time": 40.298,
              "Actual Total Time": 40.301,
              "Actual Rows": 1,
              "Actual Loops": 2,
              "Plans": [
                {
                  "Node Type": "Nested Loop",
                  "Parent Relationship": "Outer",
                  "Parallel Aware": false,
                  "Join Type": "Inner",
                  "Startup Cost": 55.2,
                  "Total Cost": 12748.07,
                  "Plan Rows": 74,
                  "Plan Width": 0,
                  "Actual Startup Time": 16.027,
                  "Actual Total Time": 40.122,
                  "Actual Rows": 734,
                  "Actual Loops": 2,
                  "Inner Unique": false,
                  "Plans": [
                    {
                      "Node Type": "Nested Loop",
                      "Parent Relationship": "Outer",
                      "Parallel Aware": false,
                      "Join Type": "Inner",
                      "Startup Cost": 54.77,
                      "Total Cost": 12347.72,
                      "Plan Rows": 122,
                      "Plan Width": 8,
                      "Actual Startup Time": 15.808,
                      "Actual Total Time": 23.048,
                      "Actual Rows": 353,
                      "Actual Loops": 2,
                      "Inner Unique": true,
                      "Plans": [
                        {
                          "Node Type": "Bitmap Heap Scan",
                          "Parent Relationship": "Outer",
                          "Parallel Aware": true,
                          "Relation Name": "movie_companies",
                          "Alias": "mc",
                          "Startup Cost": 54.34,
                          "Total Cost": 6641.29,
                          "Plan Rows": 701,
                          "Plan Width": 4,
                          "Actual Startup Time": 15.682,
                          "Actual Total Time": 17.508,
                          "Actual Rows": 353,
                          "Actual Loops": 2,
                          "Recheck Cond": "(company_id = 14060)",
                          "Rows Removed by Index Recheck": 0,
                          "Filter": "(company_type_id > 1)",
                          "Rows Removed by Filter": 676,
                          "Exact Heap Blocks": 1053,
                          "Lossy Heap Blocks": 0,
                          "Plans": [
                            {
                              "Node Type": "Bitmap Index Scan",
                              "Parent Relationship": "Outer",
                              "Parallel Aware": false,
                              "Index Name": "company_id_movie_companies",
                              "Startup Cost": 0.0,
                              "Total Cost": 54.04,
                              "Plan Rows": 2348,
                              "Plan Width": 0,
                              "Actual Startup Time": 16.593,
                              "Actual Total Time": 16.594,
                              "Actual Rows": 2058,
                              "Actual Loops": 1,
                              "Index Cond": "(company_id = 14060)"
                            }
                          ]
                        },
                        {
                          "Node Type": "Index Scan",
                          "Parent Relationship": "Inner",
                          "Parallel Aware": false,
                          "Scan Direction": "Forward",
                          "Index Name": "title_pkey",
                          "Relation Name": "title",
                          "Alias": "t",
                          "Startup Cost": 0.43,
                          "Total Cost": 8.14,
                          "Plan Rows": 1,
                          "Plan Width": 4,
                          "Actual Startup Time": 0.015,
                          "Actual Total Time": 0.015,
                          "Actual Rows": 1,
                          "Actual Loops": 706,
                          "Index Cond": "(id = mc.movie_id)",
                          "Rows Removed by Index Recheck": 0,
                          "Filter": "((kind_id < 7) AND (production_year < 2002))",
                          "Rows Removed by Filter": 0
                        }
                      ]
                    },
                    {
                      "Node Type": "Index Scan",
                      "Parent Relationship": "Inner",
                      "Parallel Aware": false,
                      "Scan Direction": "Forward",
                      "Index Name": "movie_id_movie_info",
                      "Relation Name": "movie_info",
                      "Alias": "mi",
                      "Startup Cost": 0.43,
                      "Total Cost": 3.24,
                      "Plan Rows": 4,
                      "Plan Width": 4,
                      "Actual Startup Time": 0.046,
                      "Actual Total Time": 0.047,
                      "Actual Rows": 2,
                      "Actual Loops": 706,
                      "Index Cond": "(movie_id = t.id)",
                      "Rows Removed by Index Recheck": 0,
                      "Filter": "(info_type_id = 3)",
                      "Rows Removed by Filter": 10
                    }
                  ]
                }
              ]
            }
          ]
        }
      ]
    },
    "Planning Time": 1.612,
    "Triggers": [],
    "Execution Time": 51.038
  }
]