{
  "Plan": {
    "Node Type": "Aggregate",
    "Strategy": "Plain",
    "Partial Mode": "Finalize",
    "Parallel Aware": false,
    "Startup Cost": 21283.79,
    "Total Cost": 21283.8,
    "Plan Rows": 1,
    "Plan Width": 8,
    "Actual Startup Time": 123.62,
    "Actual Total Time": 129.131,
    "Actual Rows": 1,
    "Actual Loops": 1,
    "Plans": [
      {
        "Node Type": "Gather",
        "Parent Relationship": "Outer",
        "Parallel Aware": false,
        "Startup Cost": 21283.68,
        "Total Cost": 21283.79,
        "Plan Rows": 1,
        "Plan Width": 8,
        "Actual Startup Time": 123.488,
        "Actual Total Time": 129.125,
        "Actual Rows": 2,
        "Actual Loops": 1,
        "Workers Planned": 1,
        "Workers Launched": 1,
        "Single Copy": false,
        "Plans": [
          {
            "Node Type": "Aggregate",
            "Strategy": "Plain",
            "Partial Mode": "Partial",
            "Parent Relationship": "Outer",
            "Parallel Aware": false,
            "Startup Cost": 20283.68,
            "Total Cost": 20283.69,
            "Plan Rows": 1,
            "Plan Width": 8,
            "Actual Startup Time": 117.609,
            "Actual Total Time": 117.612,
            "Actual Rows": 1,
            "Actual Loops": 2,
            "Plans": [
              {
                "Node Type": "Hash Join",
                "Parent Relationship": "Outer",
                "Parallel Aware": false,
                "Join Type": "Inner",
                "Startup Cost": 1186.57,
                "Total Cost": 20283.67,
                "Plan Rows": 5,
                "Plan Width": 0,
                "Actual Startup Time": 114.217,
                "Actual Total Time": 117.606,
                "Actual Rows": 2,
                "Actual Loops": 2,
                "Inner Unique": false,
                "Hash Cond": "(mi_idx.movie_id = t.id)",
                "Plans": [
                  {
                    "Node Type": "Seq Scan",
                    "Parent Relationship": "Outer",
                    "Parallel Aware": true,
                    "Relation Name": "movie_info_idx",
                    "Alias": "mi_idx",
                    "Startup Cost": 0.0,
                    "Total Cost": 16052.85,
                    "Plan Rows": 811785,
                    "Plan Width": 4,
                    "Actual Startup Time": 0.041,
                    "Actual Total Time": 62.676,
                    "Actual Rows": 690018,
                    "Actual Loops": 2
                  },
                  {
                    "Node Type": "Hash",
                    "Parent Relationship": "Inner",
                    "Parallel Aware": false,
                    "Startup Cost": 1186.38,
                    "Total Cost": 1186.38,
                    "Plan Rows": 15,
                    "Plan Width": 8,
                    "Actual Startup Time": 0.553,
                    "Actual Total Time": 0.555,
                    "Actual Rows": 2,
                    "Actual Loops": 2,
                    "Hash Buckets": 1024,
                    "Original Hash Buckets": 1024,
                    "Hash Batches": 1,
                    "Original Hash Batches": 1,
                    "Peak Memory Usage": 9,
                    "Plans": [
                      {
                        "Node Type": "Nested Loop",
                        "Parent Relationship": "Outer",
                        "Parallel Aware": false,
                        "Join Type": "Inner",
                        "Startup Cost": 0.99,
                        "Total Cost": 1186.38,
                        "Plan Rows": 15,
                        "Plan Width": 8,
                        "Actual Startup Time": 0.463,
                        "Actual Total Time": 0.544,
                        "Actual Rows": 2,
                        "Actual Loops": 2,
                        "Inner Unique": true,
                        "Plans": [
                          {
                            "Node Type": "Index Scan",
                            "Parent Relationship": "Outer",
                            "Parallel Aware": false,
                            "Scan Direction": "Forward",
                            "Index Name": "person_id_cast_info",
                            "Relation Name": "cast_info",
                            "Alias": "ci",
                            "Startup Cost": 0.56,
                            "Total Cost": 1059.67,
                            "Plan Rows": 15,
                            "Plan Width": 4,
                            "Actual Startup Time": 0.306,
                            "Actual Total Time": 0.311,
                            "Actual Rows": 2,
                            "Actual Loops": 2,
                            "Index Cond": "(person_id = 2896453)",
                            "Rows Removed by Index Recheck": 0,
                            "Filter": "(role_id = 9)",
                            "Rows Removed by Filter": 5
                          },
                          {
                            "Node Type": "Index Only Scan",
                            "Parent Relationship": "Inner",
                            "Parallel Aware": false,
                            "Scan Direction": "Forward",
                            "Index Name": "title_pkey",
                            "Relation Name": "title",
                            "Alias": "t",
                            "Startup Cost": 0.43,
                            "Total Cost": 8.45,
                            "Plan Rows": 1,
                            "Plan Width": 4,
                            "Actual Startup Time": 0.111,
                            "Actual Total Time": 0.112,
                            "Actual Rows": 1,
                            "Actual Loops": 4,
                            "Index Cond": "(id = ci.movie_id)",
                            "Rows Removed by Index Recheck": 0,
                            "Heap Fetches": 4
                          }
                        ]
                      }
                    ]
                  }
                ]
              }
            ]
          }
        ]
      }
    ]
  },
  "Planning Time": 0.647,
  "Triggers": [],
  "Execution Time": 129.194
}