{
  "Plan": {
    "Node Type": "Aggregate",
    "Strategy": "Plain",
    "Partial Mode": "Finalize",
    "Parallel Aware": false,
    "Startup Cost": 121604.91,
    "Total Cost": 121604.92,
    "Plan Rows": 1,
    "Plan Width": 8,
    "Actual Startup Time": 521.967,
    "Actual Total Time": 538.773,
    "Actual Rows": 1,
    "Actual Loops": 1,
    "Plans": [
      {
        "Node Type": "Gather",
        "Parent Relationship": "Outer",
        "Parallel Aware": false,
        "Startup Cost": 121604.79,
        "Total Cost": 121604.9,
        "Plan Rows": 1,
        "Plan Width": 8,
        "Actual Startup Time": 521.14,
        "Actual Total Time": 538.765,
        "Actual Rows": 2,
        "Actual Loops": 1,
        "Workers Planned": 1,
        "Workers Launched": 1,
        "Single Copy": false,
        "Plans": [
          {
            "Node Type": "Aggregate",
            "Strategy": "Plain",
            "Partial Mode": "Partial",
            "Parent Relationship": "Outer",
            "Parallel Aware": false,
            "Startup Cost": 120604.79,
            "Total Cost": 120604.8,
            "Plan Rows": 1,
            "Plan Width": 8,
            "Actual Startup Time": 517.75,
            "Actual Total Time": 517.754,
            "Actual Rows": 1,
            "Actual Loops": 2,
            "Plans": [
              {
                "Node Type": "Hash Join",
                "Parent Relationship": "Outer",
                "Parallel Aware": true,
                "Join Type": "Inner",
                "Startup Cost": 60476.04,
                "Total Cost": 120363.67,
                "Plan Rows": 96450,
                "Plan Width": 0,
                "Actual Startup Time": 221.209,
                "Actual Total Time": 506.597,
                "Actual Rows": 268604,
                "Actual Loops": 2,
                "Inner Unique": true,
                "Hash Cond": "(mk.movie_id = t.id)",
                "Plans": [
                  {
                    "Node Type": "Seq Scan",
                    "Parent Relationship": "Outer",
                    "Parallel Aware": true,
                    "Relation Name": "movie_keyword",
                    "Alias": "mk",
                    "Startup Cost": 0.0,
                    "Total Cost": 57718.19,
                    "Plan Rows": 826451,
                    "Plan Width": 4,
                    "Actual Startup Time": 0.023,
                    "Actual Total Time": 176.841,
                    "Actual Rows": 708834,
                    "Actual Loops": 2,
                    "Filter": "(keyword_id < 1947)",
                    "Rows Removed by Filter": 1553131
                  },
                  {
                    "Node Type": "Hash",
                    "Parent Relationship": "Inner",
                    "Parallel Aware": true,
                    "Startup Cost": 58306.47,
                    "Total Cost": 58306.47,
                    "Plan Rows": 173566,
                    "Plan Width": 4,
                    "Actual Startup Time": 215.78,
                    "Actual Total Time": 215.781,
                    "Actual Rows": 205845,
                    "Actual Loops": 2,
                    "Hash Buckets": 524288,
                    "Original Hash Buckets": 524288,
                    "Hash Batches": 1,
                    "Original Hash Batches": 1,
                    "Peak Memory Usage": 20256,
                    "Plans": [
                      {
                        "Node Type": "Seq Scan",
                        "Parent Relationship": "Outer",
                        "Parallel Aware": true,
                        "Relation Name": "title",
                        "Alias": "t",
                        "Startup Cost": 0.0,
                        "Total Cost": 58306.47,
                        "Plan Rows": 173566,
                        "Plan Width": 4,
                        "Actual Startup Time": 0.062,
                        "Actual Total Time": 154.679,
                        "Actual Rows": 205845,
                        "Actual Loops": 2,
                        "Filter": "((kind_id < 7) AND (production_year < 1993))",
                        "Rows Removed by Filter": 1058311
                      }
                    ]
                  }
                ]
              }
            ]
          }
        ]
      }
    ]
  },
  "Planning Time": 0.488,
  "Triggers": [],
  "Execution Time": 538.848
}