[
  {
    "Plan": {
      "Node Type": "Aggregate",
      "Strategy": "Plain",
      "Partial Mode": "Finalize",
      "Parallel Aware": false,
      "Startup Cost": 352784.4,
      "Total Cost": 352784.41,
      "Plan Rows": 1,
      "Plan Width": 8,
      "Actual Startup Time": 966.858,
      "Actual Total Time": 1036.851,
      "Actual Rows": 1,
      "Actual Loops": 1,
      "Plans": [
        {
          "Node Type": "Gather",
          "Parent Relationship": "Outer",
          "Parallel Aware": false,
          "Startup Cost": 352783.77,
          "Total Cost": 352784.38,
          "Plan Rows": 6,
          "Plan Width": 8,
          "Actual Startup Time": 966.702,
          "Actual Total Time": 1036.837,
          "Actual Rows": 7,
          "Actual Loops": 1,
          "Workers Planned": 6,
          "Workers Launched": 6,
          "Single Copy": false,
          "Plans": [
            {
              "Node Type": "Aggregate",
              "Strategy": "Plain",
              "Partial Mode": "Partial",
              "Parent Relationship": "Outer",
              "Parallel Aware": false,
              "Startup Cost": 351783.77,
              "Total Cost": 351783.78,
              "Plan Rows": 1,
              "Plan Width": 8,
              "Actual Startup Time": 956.812,
              "Actual Total Time": 956.813,
              "Actual Rows": 1,
              "Actual Loops": 7,
              "Plans": [
                {
                  "Node Type": "Seq Scan",
                  "Parent Relationship": "Outer",
                  "Parallel Aware": true,
                  "Relation Name": "cast_info",
                  "Alias": "ci",
                  "Startup Cost": 0.0,
                  "Total Cost": 343316.27,
                  "Plan Rows": 3387000,
                  "Plan Width": 0,
                  "Actual Startup Time": 154.706,
                  "Actual Total Time": 808.958,
                  "Actual Rows": 2734219,
                  "Actual Loops": 7,
                  "Filter": "((person_id > 962169) AND (role_id < 6))",
                  "Rows Removed by Filter": 2443544
                }
              ]
            }
          ]
        }
      ]
    },
    "Planning Time": 0.198,
    "Triggers": [],
    "Execution Time": 1036.924
  }
]