{
  "Plan": {
    "Node Type": "Aggregate",
    "Strategy": "Plain",
    "Partial Mode": "Finalize",
    "Parallel Aware": false,
    "Startup Cost": 698174.78,
    "Total Cost": 698174.79,
    "Plan Rows": 1,
    "Plan Width": 8,
    "Actual Startup Time": 3578.161,
    "Actual Total Time": 3639.351,
    "Actual Rows": 1,
    "Actual Loops": 1,
    "Plans": [
      {
        "Node Type": "Gather",
        "Parent Relationship": "Outer",
        "Parallel Aware": false,
        "Startup Cost": 698174.67,
        "Total Cost": 698174.78,
        "Plan Rows": 1,
        "Plan Width": 8,
        "Actual Startup Time": 3575.737,
        "Actual Total Time": 3639.342,
        "Actual Rows": 2,
        "Actual Loops": 1,
        "Workers Planned": 1,
        "Workers Launched": 1,
        "Single Copy": false,
        "Plans": [
          {
            "Node Type": "Aggregate",
            "Strategy": "Plain",
            "Partial Mode": "Partial",
            "Parent Relationship": "Outer",
            "Parallel Aware": false,
            "Startup Cost": 697174.67,
            "Total Cost": 697174.68,
            "Plan Rows": 1,
            "Plan Width": 8,
            "Actual Startup Time": 3569.098,
            "Actual Total Time": 3569.103,
            "Actual Rows": 1,
            "Actual Loops": 2,
            "Plans": [
              {
                "Node Type": "Hash Join",
                "Parent Relationship": "Outer",
                "Parallel Aware": true,
                "Join Type": "Inner",
                "Startup Cost": 611786.9,
                "Total Cost": 692890.7,
                "Plan Rows": 1713588,
                "Plan Width": 0,
                "Actual Startup Time": 2847.562,
                "Actual Total Time": 3436.289,
                "Actual Rows": 3323021,
                "Actual Loops": 2,
                "Inner Unique": false,
                "Hash Cond": "(mk.movie_id = t.id)",
                "Plans": [
                  {
                    "Node Type": "Seq Scan",
                    "Parent Relationship": "Outer",
                    "Parallel Aware": true,
                    "Relation Name": "movie_keyword",
                    "Alias": "mk",
                    "Startup Cost": 0.0,
                    "Total Cost": 51065.35,
                    "Plan Rows": 2661135,
                    "Plan Width": 4,
                    "Actual Startup Time": 0.014,
                    "Actual Total Time": 149.531,
                    "Actual Rows": 2261965,
                    "Actual Loops": 2
                  },
                  {
                    "Node Type": "Hash",
                    "Parent Relationship": "Inner",
                    "Parallel Aware": true,
                    "Startup Cost": 599815.96,
                    "Total Cost": 599815.96,
                    "Plan Rows": 957675,
                    "Plan Width": 8,
                    "Actual Startup Time": 2834.342,
                    "Actual Total Time": 2834.346,
                    "Actual Rows": 450858,
                    "Actual Loops": 2,
                    "Hash Buckets": 2097152,
                    "Original Hash Buckets": 2097152,
                    "Hash Batches": 1,
                    "Original Hash Batches": 1,
                    "Peak Memory Usage": 51680,
                    "Plans": [
                      {
                        "Node Type": "Hash Join",
                        "Parent Relationship": "Outer",
                        "Parallel Aware": true,
                        "Join Type": "Inner",
                        "Startup Cost": 56517.23,
                        "Total Cost": 599815.96,
                        "Plan Rows": 957675,
                        "Plan Width": 8,
                        "Actual Startup Time": 655.493,
                        "Actual Total Time": 2683.601,
                        "Actual Rows": 450858,
                        "Actual Loops": 2,
                        "Inner Unique": true,
                        "Hash Cond": "(ci.movie_id = t.id)",
                        "Plans": [
                          {
                            "Node Type": "Seq Scan",
                            "Parent Relationship": "Outer",
                            "Parallel Aware": true,
                            "Relation Name": "cast_info",
                            "Alias": "ci",
                            "Startup Cost": 0.0,
                            "Total Cost": 519069.44,
                            "Plan Rows": 9230191,
                            "Plan Width": 4,
                            "Actual Startup Time": 479.974,
                            "Actual Total Time": 1386.677,
                            "Actual Rows": 7837782,
                            "Actual Loops": 2,
                            "Filter": "(person_id > 2069777)",
                            "Rows Removed by Filter": 10284390
                          },
                          {
                            "Node Type": "Hash",
                            "Parent Relationship": "Inner",
                            "Parallel Aware": true,
                            "Startup Cost": 54588.39,
                            "Total Cost": 54588.39,
                            "Plan Rows": 154307,
                            "Plan Width": 4,
                            "Actual Startup Time": 173.558,
                            "Actual Total Time": 173.559,
                            "Actual Rows": 136951,
                            "Actual Loops": 2,
                            "Hash Buckets": 524288,
                            "Original Hash Buckets": 524288,
                            "Hash Batches": 1,
                            "Original Hash Batches": 1,
                            "Peak Memory Usage": 14848,
                            "Plans": [
                              {
                                "Node Type": "Seq Scan",
                                "Parent Relationship": "Outer",
                                "Parallel Aware": true,
                                "Relation Name": "title",
                                "Alias": "t",
                                "Startup Cost": 0.0,
                                "Total Cost": 54588.39,
                                "Plan Rows": 154307,
                                "Plan Width": 4,
                                "Actual Startup Time": 0.038,
                                "Actual Total Time": 136.193,
                                "Actual Rows": 136951,
                                "Actual Loops": 2,
                                "Filter": "(production_year < 1963)",
                                "Rows Removed by Filter": 1127205
                              }
                            ]
                          }
                        ]
                      }
                    ]
                  }
                ]
              }
            ]
          }
        ]
      }
    ]
  },
  "Planning Time": 0.593,
  "Triggers": [],
  "Execution Time": 3639.424
}