[
    {
        "Bao": {
            "Bao prediction": "NaN",
            "Bao recommended hint": "(no hint)"
        }
    },
    {
        "Plan": {
            "Node Type": "Aggregate",
            "Strategy": "Plain",
            "Partial Mode": "Finalize",
            "Parallel Aware": false,
            "Startup Cost": 78643.08,
            "Total Cost": 78643.09,
            "Plan Rows": 1,
            "Plan Width": 8,
            "Actual Startup Time": 267.347,
            "Actual Total Time": 280.598,
            "Actual Rows": 1,
            "Actual Loops": 1,
            "Output": [
                "count(*)"
            ],
            "Plans": [
                {
                    "Node Type": "Gather",
                    "Parent Relationship": "Outer",
                    "Parallel Aware": false,
                    "Startup Cost": 78642.76,
                    "Total Cost": 78643.07,
                    "Plan Rows": 3,
                    "Plan Width": 8,
                    "Actual Startup Time": 264.925,
                    "Actual Total Time": 280.587,
                    "Actual Rows": 4,
                    "Actual Loops": 1,
                    "Output": [
                        "(PARTIAL count(*))"
                    ],
                    "Workers Planned": 3,
                    "Workers Launched": 3,
                    "Single Copy": false,
                    "Plans": [
                        {
                            "Node Type": "Aggregate",
                            "Strategy": "Plain",
                            "Partial Mode": "Partial",
                            "Parent Relationship": "Outer",
                            "Parallel Aware": false,
                            "Startup Cost": 77642.76,
                            "Total Cost": 77642.77,
                            "Plan Rows": 1,
                            "Plan Width": 8,
                            "Actual Startup Time": 255.411,
                            "Actual Total Time": 255.415,
                            "Actual Rows": 1,
                            "Actual Loops": 4,
                            "Output": [
                                "PARTIAL count(*)"
                            ],
                            "Workers": [
                                {
                                    "Worker Number": 0,
                                    "Actual Startup Time": 251.614,
                                    "Actual Total Time": 251.619,
                                    "Actual Rows": 1,
                                    "Actual Loops": 1
                                },
                                {
                                    "Worker Number": 1,
                                    "Actual Startup Time": 252.754,
                                    "Actual Total Time": 252.757,
                                    "Actual Rows": 1,
                                    "Actual Loops": 1
                                },
                                {
                                    "Worker Number": 2,
                                    "Actual Startup Time": 252.76,
                                    "Actual Total Time": 252.763,
                                    "Actual Rows": 1,
                                    "Actual Loops": 1
                                }
                            ],
                            "Plans": [
                                {
                                    "Node Type": "Hash Join",
                                    "Parent Relationship": "Outer",
                                    "Parallel Aware": true,
                                    "Join Type": "Inner",
                                    "Startup Cost": 51912.22,
                                    "Total Cost": 77616.75,
                                    "Plan Rows": 10404,
                                    "Plan Width": 0,
                                    "Actual Startup Time": 198.382,
                                    "Actual Total Time": 253.46,
                                    "Actual Rows": 26138,
                                    "Actual Loops": 4,
                                    "Inner Unique": true,
                                    "Hash Cond": "(mk.movie_id = t.id)",
                                    "Workers": [
                                        {
                                            "Worker Number": 0,
                                            "Actual Startup Time": 194.357,
                                            "Actual Total Time": 249.945,
                                            "Actual Rows": 17491,
                                            "Actual Loops": 1
                                        },
                                        {
                                            "Worker Number": 1,
                                            "Actual Startup Time": 195.799,
                                            "Actual Total Time": 250.796,
                                            "Actual Rows": 22337,
                                            "Actual Loops": 1
                                        },
                                        {
                                            "Worker Number": 2,
                                            "Actual Startup Time": 195.805,
                                            "Actual Total Time": 250.99,
                                            "Actual Rows": 32169,
                                            "Actual Loops": 1
                                        }
                                    ],
                                    "Plans": [
                                        {
                                            "Node Type": "Bitmap Heap Scan",
                                            "Parent Relationship": "Outer",
                                            "Parallel Aware": true,
                                            "Relation Name": "movie_keyword",
                                            "Schema": "public",
                                            "Alias": "mk",
                                            "Startup Cost": 5438.81,
                                            "Total Cost": 30926.31,
                                            "Plan Rows": 82680,
                                            "Plan Width": 4,
                                            "Actual Startup Time": 26.829,
                                            "Actual Total Time": 77.46,
                                            "Actual Rows": 63157,
                                            "Actual Loops": 4,
                                            "Output": [
                                                "mk.id",
                                                "mk.movie_id",
                                                "mk.keyword_id"
                                            ],
                                            "Recheck Cond": "(mk.keyword_id < 217)",
                                            "Rows Removed by Index Recheck": 0,
                                            "Exact Heap Blocks": 8071,
                                            "Lossy Heap Blocks": 0,
                                            "Workers": [
                                                {
                                                    "Worker Number": 0,
                                                    "Actual Startup Time": 27.067,
                                                    "Actual Total Time": 80.039,
                                                    "Actual Rows": 42284,
                                                    "Actual Loops": 1
                                                },
                                                {
                                                    "Worker Number": 1,
                                                    "Actual Startup Time": 26.814,
                                                    "Actual Total Time": 79.367,
                                                    "Actual Rows": 54489,
                                                    "Actual Loops": 1
                                                },
                                                {
                                                    "Worker Number": 2,
                                                    "Actual Startup Time": 26.757,
                                                    "Actual Total Time": 78.449,
                                                    "Actual Rows": 72464,
                                                    "Actual Loops": 1
                                                }
                                            ],
                                            "Plans": [
                                                {
                                                    "Node Type": "Bitmap Index Scan",
                                                    "Parent Relationship": "Outer",
                                                    "Parallel Aware": false,
                                                    "Index Name": "keyword_id_movie_keyword",
                                                    "Startup Cost": 0.0,
                                                    "Total Cost": 5374.73,
                                                    "Plan Rows": 256307,
                                                    "Plan Width": 0,
                                                    "Actual Startup Time": 21.02,
                                                    "Actual Total Time": 21.02,
                                                    "Actual Rows": 252629,
                                                    "Actual Loops": 1,
                                                    "Index Cond": "(mk.keyword_id < 217)"
                                                }
                                            ]
                                        },
                                        {
                                            "Node Type": "Hash",
                                            "Parent Relationship": "Inner",
                                            "Parallel Aware": true,
                                            "Startup Cost": 45479.21,
                                            "Total Cost": 45479.21,
                                            "Plan Rows": 79536,
                                            "Plan Width": 4,
                                            "Actual Startup Time": 150.152,
                                            "Actual Total Time": 150.153,
                                            "Actual Rows": 100185,
                                            "Actual Loops": 4,
                                            "Output": [
                                                "t.id"
                                            ],
                                            "Hash Buckets": 524288,
                                            "Original Hash Buckets": 524288,
                                            "Hash Batches": 1,
                                            "Original Hash Batches": 1,
                                            "Peak Memory Usage": 19840,
                                            "Workers": [
                                                {
                                                    "Worker Number": 0,
                                                    "Actual Startup Time": 147.917,
                                                    "Actual Total Time": 147.918,
                                                    "Actual Rows": 79717,
                                                    "Actual Loops": 1
                                                },
                                                {
                                                    "Worker Number": 1,
                                                    "Actual Startup Time": 149.396,
                                                    "Actual Total Time": 149.397,
                                                    "Actual Rows": 87210,
                                                    "Actual Loops": 1
                                                },
                                                {
                                                    "Worker Number": 2,
                                                    "Actual Startup Time": 149.359,
                                                    "Actual Total Time": 149.36,
                                                    "Actual Rows": 129727,
                                                    "Actual Loops": 1
                                                }
                                            ],
                                            "Plans": [
                                                {
                                                    "Node Type": "Seq Scan",
                                                    "Parent Relationship": "Outer",
                                                    "Parallel Aware": true,
                                                    "Relation Name": "title",
                                                    "Schema": "public",
                                                    "Alias": "t",
                                                    "Startup Cost": 0.0,
                                                    "Total Cost": 45479.21,
                                                    "Plan Rows": 79536,
                                                    "Plan Width": 4,
                                                    "Actual Startup Time": 64.697,
                                                    "Actual Total Time": 114.869,
                                                    "Actual Rows": 100185,
                                                    "Actual Loops": 4,
                                                    "Output": [
                                                        "t.id"
                                                    ],
                                                    "Filter": "((t.production_year < 2003) AND (t.kind_id = 1))",
                                                    "Rows Removed by Filter": 531893,
                                                    "Workers": [
                                                        {
                                                            "Worker Number": 0,
                                                            "Actual Startup Time": 62.374,
                                                            "Actual Total Time": 112.567,
                                                            "Actual Rows": 79717,
                                                            "Actual Loops": 1
                                                        },
                                                        {
                                                            "Worker Number": 1,
                                                            "Actual Startup Time": 63.914,
                                                            "Actual Total Time": 115.846,
                                                            "Actual Rows": 87210,
                                                            "Actual Loops": 1
                                                        },
                                                        {
                                                            "Worker Number": 2,
                                                            "Actual Startup Time": 64.022,
                                                            "Actual Total Time": 114.459,
                                                            "Actual Rows": 129727,
                                                            "Actual Loops": 1
                                                        }
                                                    ]
                                                }
                                            ]
                                        }
                                    ]
                                }
                            ]
                        }
                    ]
                }
            ]
        },
        "Planning Time": 305.049,
        "Triggers": [],
        "Execution Time": 280.69
    }
]