[
  {
    "Plan": {
      "Node Type": "Aggregate",
      "Strategy": "Plain",
      "Partial Mode": "Finalize",
      "Parallel Aware": false,
      "Startup Cost": 54469.41,
      "Total Cost": 54469.42,
      "Plan Rows": 1,
      "Plan Width": 8,
      "Actual Startup Time": 112.987,
      "Actual Total Time": 126.971,
      "Actual Rows": 1,
      "Actual Loops": 1,
      "Plans": [
        {
          "Node Type": "Gather",
          "Parent Relationship": "Outer",
          "Parallel Aware": false,
          "Startup Cost": 54468.99,
          "Total Cost": 54469.4,
          "Plan Rows": 4,
          "Plan Width": 8,
          "Actual Startup Time": 112.839,
          "Actual Total Time": 126.962,
          "Actual Rows": 5,
          "Actual Loops": 1,
          "Workers Planned": 4,
          "Workers Launched": 4,
          "Single Copy": false,
          "Plans": [
            {
              "Node Type": "Aggregate",
              "Strategy": "Plain",
              "Partial Mode": "Partial",
              "Parent Relationship": "Outer",
              "Parallel Aware": false,
              "Startup Cost": 53468.99,
              "Total Cost": 53469.0,
              "Plan Rows": 1,
              "Plan Width": 8,
              "Actual Startup Time": 103.066,
              "Actual Total Time": 103.068,
              "Actual Rows": 1,
              "Actual Loops": 5,
              "Plans": [
                {
                  "Node Type": "Nested Loop",
                  "Parent Relationship": "Outer",
                  "Parallel Aware": false,
                  "Join Type": "Inner",
                  "Startup Cost": 0.43,
                  "Total Cost": 53468.42,
                  "Plan Rows": 227,
                  "Plan Width": 0,
                  "Actual Startup Time": 3.724,
                  "Actual Total Time": 102.964,
                  "Actual Rows": 514,
                  "Actual Loops": 5,
                  "Inner Unique": false,
                  "Plans": [
                    {
                      "Node Type": "Seq Scan",
                      "Parent Relationship": "Outer",
                      "Parallel Aware": true,
                      "Relation Name": "title",
                      "Alias": "t",
                      "Startup Cost": 0.0,
                      "Total Cost": 45479.1,
                      "Plan Rows": 1248,
                      "Plan Width": 4,
                      "Actual Startup Time": 1.641,
                      "Actual Total Time": 91.084,
                      "Actual Rows": 1347,
                      "Actual Loops": 5,
                      "Filter": "((kind_id < 7) AND (production_year = 1980))",
                      "Rows Removed by Filter": 504315
                    },
                    {
                      "Node Type": "Index Scan",
                      "Parent Relationship": "Inner",
                      "Parallel Aware": false,
                      "Scan Direction": "Forward",
                      "Index Name": "movie_id_movie_info_idx",
                      "Relation Name": "movie_info_idx",
                      "Alias": "mi_idx",
                      "Startup Cost": 0.43,
                      "Total Cost": 6.39,
                      "Plan Rows": 1,
                      "Plan Width": 4,
                      "Actual Startup Time": 0.008,
                      "Actual Total Time": 0.008,
                      "Actual Rows": 0,
                      "Actual Loops": 6735,
                      "Index Cond": "(movie_id = t.id)",
                      "Rows Removed by Index Recheck": 0,
                      "Filter": "(info_type_id = 101)",
                      "Rows Removed by Filter": 1
                    }
                  ]
                }
              ]
            }
          ]
        }
      ]
    },
    "Planning Time": 0.611,
    "Triggers": [],
    "Execution Time": 127.05
  }
]