[
  {
    "Plan": {
      "Node Type": "Aggregate",
      "Strategy": "Plain",
      "Partial Mode": "Finalize",
      "Parallel Aware": false,
      "Startup Cost": 335853.58,
      "Total Cost": 335853.59,
      "Plan Rows": 1,
      "Plan Width": 8,
      "Actual Startup Time": 747.047,
      "Actual Total Time": 807.092,
      "Actual Rows": 1,
      "Actual Loops": 1,
      "Plans": [
        {
          "Node Type": "Gather",
          "Parent Relationship": "Outer",
          "Parallel Aware": false,
          "Startup Cost": 335852.96,
          "Total Cost": 335853.57,
          "Plan Rows": 6,
          "Plan Width": 8,
          "Actual Startup Time": 746.931,
          "Actual Total Time": 807.082,
          "Actual Rows": 7,
          "Actual Loops": 1,
          "Workers Planned": 6,
          "Workers Launched": 6,
          "Single Copy": false,
          "Plans": [
            {
              "Node Type": "Aggregate",
              "Strategy": "Plain",
              "Partial Mode": "Partial",
              "Parent Relationship": "Outer",
              "Parallel Aware": false,
              "Startup Cost": 334852.96,
              "Total Cost": 334852.97,
              "Plan Rows": 1,
              "Plan Width": 8,
              "Actual Startup Time": 738.49,
              "Actual Total Time": 738.492,
              "Actual Rows": 1,
              "Actual Loops": 7,
              "Plans": [
                {
                  "Node Type": "Seq Scan",
                  "Parent Relationship": "Outer",
                  "Parallel Aware": true,
                  "Relation Name": "cast_info",
                  "Alias": "ci",
                  "Startup Cost": 0.0,
                  "Total Cost": 328162.03,
                  "Plan Rows": 2676372,
                  "Plan Width": 0,
                  "Actual Startup Time": 237.211,
                  "Actual Total Time": 629.566,
                  "Actual Rows": 2290403,
                  "Actual Loops": 7,
                  "Filter": "(person_id > 2030941)",
                  "Rows Removed by Filter": 2887360
                }
              ]
            }
          ]
        }
      ]
    },
    "Planning Time": 0.195,
    "Triggers": [],
    "Execution Time": 807.166
  }
]