{
  "Plan": {
    "Node Type": "Aggregate",
    "Strategy": "Plain",
    "Partial Mode": "Finalize",
    "Parallel Aware": false,
    "Startup Cost": 271690.65,
    "Total Cost": 271690.66,
    "Plan Rows": 1,
    "Plan Width": 8,
    "Actual Startup Time": 1275.319,
    "Actual Total Time": 1289.742,
    "Actual Rows": 1,
    "Actual Loops": 1,
    "Plans": [
      {
        "Node Type": "Gather",
        "Parent Relationship": "Outer",
        "Parallel Aware": false,
        "Startup Cost": 271690.54,
        "Total Cost": 271690.65,
        "Plan Rows": 1,
        "Plan Width": 8,
        "Actual Startup Time": 1273.005,
        "Actual Total Time": 1289.731,
        "Actual Rows": 2,
        "Actual Loops": 1,
        "Workers Planned": 1,
        "Workers Launched": 1,
        "Single Copy": false,
        "Plans": [
          {
            "Node Type": "Aggregate",
            "Strategy": "Plain",
            "Partial Mode": "Partial",
            "Parent Relationship": "Outer",
            "Parallel Aware": false,
            "Startup Cost": 270690.54,
            "Total Cost": 270690.55,
            "Plan Rows": 1,
            "Plan Width": 8,
            "Actual Startup Time": 1267.314,
            "Actual Total Time": 1267.332,
            "Actual Rows": 1,
            "Actual Loops": 2,
            "Plans": [
              {
                "Node Type": "Merge Join",
                "Parent Relationship": "Outer",
                "Parallel Aware": false,
                "Join Type": "Inner",
                "Startup Cost": 261797.52,
                "Total Cost": 270259.23,
                "Plan Rows": 172525,
                "Plan Width": 0,
                "Actual Startup Time": 1093.733,
                "Actual Total Time": 1260.77,
                "Actual Rows": 156148,
                "Actual Loops": 2,
                "Inner Unique": false,
                "Merge Cond": "(t.id = ci.movie_id)",
                "Plans": [
                  {
                    "Node Type": "Sort",
                    "Parent Relationship": "Outer",
                    "Parallel Aware": false,
                    "Startup Cost": 154420.05,
                    "Total Cost": 155769.86,
                    "Plan Rows": 539922,
                    "Plan Width": 8,
                    "Actual Startup Time": 786.716,
                    "Actual Total Time": 801.372,
                    "Actual Rows": 289718,
                    "Actual Loops": 2,
                    "Sort Key": [
                      "t.id"
                    ],
                    "Sort Method": "quicksort",
                    "Sort Space Used": 25972,
                    "Sort Space Type": "Memory",
                    "Workers": [
                      {
                        "Worker Number": 0,
                        "Sort Method": "quicksort",
                        "Sort Space Used": 25766,
                        "Sort Space Type": "Memory"
                      }
                    ],
                    "Plans": [
                      {
                        "Node Type": "Hash Join",
                        "Parent Relationship": "Outer",
                        "Parallel Aware": true,
                        "Join Type": "Inner",
                        "Startup Cost": 64846.39,
                        "Total Cost": 103013.02,
                        "Plan Rows": 539922,
                        "Plan Width": 8,
                        "Actual Startup Time": 318.543,
                        "Actual Total Time": 731.089,
                        "Actual Rows": 289718,
                        "Actual Loops": 2,
                        "Inner Unique": true,
                        "Hash Cond": "(mc.movie_id = t.id)",
                        "Plans": [
                          {
                            "Node Type": "Seq Scan",
                            "Parent Relationship": "Outer",
                            "Parallel Aware": true,
                            "Relation Name": "movie_companies",
                            "Alias": "mc",
                            "Startup Cost": 0.0,
                            "Total Cost": 34137.82,
                            "Plan Rows": 1534782,
                            "Plan Width": 4,
                            "Actual Startup Time": 0.012,
                            "Actual Total Time": 111.395,
                            "Actual Rows": 1304564,
                            "Actual Loops": 2
                          },
                          {
                            "Node Type": "Hash",
                            "Parent Relationship": "Inner",
                            "Parallel Aware": true,
                            "Startup Cost": 58306.47,
                            "Total Cost": 58306.47,
                            "Plan Rows": 523194,
                            "Plan Width": 4,
                            "Actual Startup Time": 312.143,
                            "Actual Total Time": 312.145,
                            "Actual Rows": 473864,
                            "Actual Loops": 2,
                            "Hash Buckets": 1048576,
                            "Original Hash Buckets": 1048576,
                            "Hash Batches": 1,
                            "Original Hash Batches": 1,
                            "Peak Memory Usage": 45312,
                            "Plans": [
                              {
                                "Node Type": "Seq Scan",
                                "Parent Relationship": "Outer",
                                "Parallel Aware": true,
                                "Relation Name": "title",
                                "Alias": "t",
                                "Startup Cost": 0.0,
                                "Total Cost": 58306.47,
                                "Plan Rows": 523194,
                                "Plan Width": 4,
                                "Actual Startup Time": 0.023,
                                "Actual Total Time": 169.263,
                                "Actual Rows": 473864,
                                "Actual Loops": 2,
                                "Filter": "((kind_id > 1) AND (production_year > 2003))",
                                "Rows Removed by Filter": 790292
                              }
                            ]
                          }
                        ]
                      }
                    ]
                  },
                  {
                    "Node Type": "Sort",
                    "Parent Relationship": "Inner",
                    "Parallel Aware": false,
                    "Startup Cost": 107377.38,
                    "Total Cost": 109397.09,
                    "Plan Rows": 807885,
                    "Plan Width": 4,
                    "Actual Startup Time": 306.996,
                    "Actual Total Time": 377.845,
                    "Actual Rows": 860896,
                    "Actual Loops": 2,
                    "Sort Key": [
                      "ci.movie_id"
                    ],
                    "Sort Method": "quicksort",
                    "Sort Space Used": 60842,
                    "Sort Space Type": "Memory",
                    "Workers": [
                      {
                        "Worker Number": 0,
                        "Sort Method": "quicksort",
                        "Sort Space Used": 60842,
                        "Sort Space Type": "Memory"
                      }
                    ],
                    "Plans": [
                      {
                        "Node Type": "Index Scan",
                        "Parent Relationship": "Outer",
                        "Parallel Aware": false,
                        "Scan Direction": "Forward",
                        "Index Name": "role_id_cast_info",
                        "Relation Name": "cast_info",
                        "Alias": "ci",
                        "Startup Cost": 0.56,
                        "Total Cost": 28108.55,
                        "Plan Rows": 807885,
                        "Plan Width": 4,
                        "Actual Startup Time": 0.075,
                        "Actual Total Time": 119.911,
                        "Actual Rows": 773674,
                        "Actual Loops": 2,
                        "Index Cond": "(role_id = 6)",
                        "Rows Removed by Index Recheck": 0
                      }
                    ]
                  }
                ]
              }
            ]
          }
        ]
      }
    ]
  },
  "Planning Time": 0.732,
  "Triggers": [],
  "Execution Time": 1293.335
}