[
  {
    "Plan": {
      "Node Type": "Aggregate",
      "Strategy": "Plain",
      "Partial Mode": "Finalize",
      "Parallel Aware": false,
      "Startup Cost": 99498.51,
      "Total Cost": 99498.52,
      "Plan Rows": 1,
      "Plan Width": 8,
      "Actual Startup Time": 664.812,
      "Actual Total Time": 683.671,
      "Actual Rows": 1,
      "Actual Loops": 1,
      "Plans": [
        {
          "Node Type": "Gather",
          "Parent Relationship": "Outer",
          "Parallel Aware": false,
          "Startup Cost": 99498.19,
          "Total Cost": 99498.5,
          "Plan Rows": 3,
          "Plan Width": 8,
          "Actual Startup Time": 657.061,
          "Actual Total Time": 683.637,
          "Actual Rows": 4,
          "Actual Loops": 1,
          "Workers Planned": 3,
          "Workers Launched": 3,
          "Single Copy": false,
          "Plans": [
            {
              "Node Type": "Aggregate",
              "Strategy": "Plain",
              "Partial Mode": "Partial",
              "Parent Relationship": "Outer",
              "Parallel Aware": false,
              "Startup Cost": 98498.19,
              "Total Cost": 98498.2,
              "Plan Rows": 1,
              "Plan Width": 8,
              "Actual Startup Time": 639.083,
              "Actual Total Time": 639.088,
              "Actual Rows": 1,
              "Actual Loops": 4,
              "Plans": [
                {
                  "Node Type": "Hash Join",
                  "Parent Relationship": "Outer",
                  "Parallel Aware": true,
                  "Join Type": "Inner",
                  "Startup Cost": 51438.13,
                  "Total Cost": 96420.39,
                  "Plan Rows": 831121,
                  "Plan Width": 0,
                  "Actual Startup Time": 385.891,
                  "Actual Total Time": 611.217,
                  "Actual Rows": 670096,
                  "Actual Loops": 4,
                  "Inner Unique": true,
                  "Hash Cond": "(mk.movie_id = t.id)",
                  "Plans": [
                    {
                      "Node Type": "Seq Scan",
                      "Parent Relationship": "Outer",
                      "Parallel Aware": true,
                      "Relation Name": "movie_keyword",
                      "Alias": "mk",
                      "Startup Cost": 0.0,
                      "Total Cost": 42695.65,
                      "Plan Rows": 871086,
                      "Plan Width": 4,
                      "Actual Startup Time": 0.201,
                      "Actual Total Time": 103.903,
                      "Actual Rows": 675294,
                      "Actual Loops": 4,
                      "Filter": "(keyword_id > 2988)",
                      "Rows Removed by Filter": 455689
                    },
                    {
                      "Node Type": "Hash",
                      "Parent Relationship": "Inner",
                      "Parallel Aware": true,
                      "Startup Cost": 43899.32,
                      "Total Cost": 43899.32,
                      "Plan Rows": 603105,
                      "Plan Width": 4,
                      "Actual Startup Time": 374.158,
                      "Actual Total Time": 374.16,
                      "Actual Rows": 603350,
                      "Actual Loops": 4,
                      "Hash Buckets": 4194304,
                      "Original Hash Buckets": 4194304,
                      "Hash Batches": 1,
                      "Original Hash Batches": 1,
                      "Peak Memory Usage": 127232,
                      "Plans": [
                        {
                          "Node Type": "Seq Scan",
                          "Parent Relationship": "Outer",
                          "Parallel Aware": true,
                          "Relation Name": "title",
                          "Alias": "t",
                          "Startup Cost": 0.0,
                          "Total Cost": 43899.32,
                          "Plan Rows": 603105,
                          "Plan Width": 4,
                          "Actual Startup Time": 0.051,
                          "Actual Total Time": 119.147,
                          "Actual Rows": 603350,
                          "Actual Loops": 4,
                          "Filter": "(production_year > 1912)",
                          "Rows Removed by Filter": 28728
                        }
                      ]
                    }
                  ]
                }
              ]
            }
          ]
        }
      ]
    },
    "Planning Time": 0.477,
    "Triggers": [],
    "Execution Time": 683.728
  }
]