[
  {
    "Plan": {
      "Node Type": "Aggregate",
      "Strategy": "Plain",
      "Partial Mode": "Finalize",
      "Parallel Aware": false,
      "Startup Cost": 92079.91,
      "Total Cost": 92079.92,
      "Plan Rows": 1,
      "Plan Width": 8,
      "Actual Startup Time": 239.43,
      "Actual Total Time": 247.328,
      "Actual Rows": 1,
      "Actual Loops": 1,
      "Plans": [
        {
          "Node Type": "Gather",
          "Parent Relationship": "Outer",
          "Parallel Aware": false,
          "Startup Cost": 92079.59,
          "Total Cost": 92079.9,
          "Plan Rows": 3,
          "Plan Width": 8,
          "Actual Startup Time": 238.935,
          "Actual Total Time": 247.321,
          "Actual Rows": 4,
          "Actual Loops": 1,
          "Workers Planned": 3,
          "Workers Launched": 3,
          "Single Copy": false,
          "Plans": [
            {
              "Node Type": "Aggregate",
              "Strategy": "Plain",
              "Partial Mode": "Partial",
              "Parent Relationship": "Outer",
              "Parallel Aware": false,
              "Startup Cost": 91079.59,
              "Total Cost": 91079.6,
              "Plan Rows": 1,
              "Plan Width": 8,
              "Actual Startup Time": 234.673,
              "Actual Total Time": 234.675,
              "Actual Rows": 1,
              "Actual Loops": 4,
              "Plans": [
                {
                  "Node Type": "Hash Join",
                  "Parent Relationship": "Outer",
                  "Parallel Aware": true,
                  "Join Type": "Inner",
                  "Startup Cost": 45710.63,
                  "Total Cost": 91007.04,
                  "Plan Rows": 29020,
                  "Plan Width": 0,
                  "Actual Startup Time": 82.044,
                  "Actual Total Time": 234.306,
                  "Actual Rows": 7517,
                  "Actual Loops": 4,
                  "Inner Unique": true,
                  "Hash Cond": "(mk.movie_id = t.id)",
                  "Plans": [
                    {
                      "Node Type": "Seq Scan",
                      "Parent Relationship": "Outer",
                      "Parallel Aware": true,
                      "Relation Name": "movie_keyword",
                      "Alias": "mk",
                      "Startup Cost": 0.0,
                      "Total Cost": 42695.65,
                      "Plan Rows": 990765,
                      "Plan Width": 4,
                      "Actual Startup Time": 0.011,
                      "Actual Total Time": 100.311,
                      "Actual Rows": 773867,
                      "Actual Loops": 4,
                      "Filter": "(keyword_id < 11669)",
                      "Rows Removed by Filter": 357116
                    },
                    {
                      "Node Type": "Hash",
                      "Parent Relationship": "Inner",
                      "Parallel Aware": true,
                      "Startup Cost": 45479.21,
                      "Total Cost": 45479.21,
                      "Plan Rows": 18514,
                      "Plan Width": 4,
                      "Actual Startup Time": 81.382,
                      "Actual Total Time": 81.383,
                      "Actual Rows": 21139,
                      "Actual Loops": 4,
                      "Hash Buckets": 131072,
                      "Original Hash Buckets": 131072,
                      "Hash Batches": 1,
                      "Original Hash Batches": 1,
                      "Peak Memory Usage": 4384,
                      "Plans": [
                        {
                          "Node Type": "Seq Scan",
                          "Parent Relationship": "Outer",
                          "Parallel Aware": true,
                          "Relation Name": "title",
                          "Alias": "t",
                          "Startup Cost": 0.0,
                          "Total Cost": 45479.21,
                          "Plan Rows": 18514,
                          "Plan Width": 4,
                          "Actual Startup Time": 0.022,
                          "Actual Total Time": 74.957,
                          "Actual Rows": 21139,
                          "Actual Loops": 4,
                          "Filter": "((kind_id > 4) AND (production_year = 2008))",
                          "Rows Removed by Filter": 610939
                        }
                      ]
                    }
                  ]
                }
              ]
            }
          ]
        }
      ]
    },
    "Planning Time": 0.199,
    "Triggers": [],
    "Execution Time": 247.354
  }
]