[
  {
    "Plan": {
      "Node Type": "Aggregate",
      "Strategy": "Plain",
      "Partial Mode": "Finalize",
      "Parallel Aware": false,
      "Startup Cost": 92108.13,
      "Total Cost": 92108.14,
      "Plan Rows": 1,
      "Plan Width": 8,
      "Actual Startup Time": 282.647,
      "Actual Total Time": 300.421,
      "Actual Rows": 1,
      "Actual Loops": 1,
      "Plans": [
        {
          "Node Type": "Gather",
          "Parent Relationship": "Outer",
          "Parallel Aware": false,
          "Startup Cost": 92107.81,
          "Total Cost": 92108.12,
          "Plan Rows": 3,
          "Plan Width": 8,
          "Actual Startup Time": 282.064,
          "Actual Total Time": 300.412,
          "Actual Rows": 4,
          "Actual Loops": 1,
          "Workers Planned": 3,
          "Workers Launched": 3,
          "Single Copy": false,
          "Plans": [
            {
              "Node Type": "Aggregate",
              "Strategy": "Plain",
              "Partial Mode": "Partial",
              "Parent Relationship": "Outer",
              "Parallel Aware": false,
              "Startup Cost": 91107.81,
              "Total Cost": 91107.82,
              "Plan Rows": 1,
              "Plan Width": 8,
              "Actual Startup Time": 276.942,
              "Actual Total Time": 276.947,
              "Actual Rows": 1,
              "Actual Loops": 4,
              "Plans": [
                {
                  "Node Type": "Hash Join",
                  "Parent Relationship": "Outer",
                  "Parallel Aware": true,
                  "Join Type": "Inner",
                  "Startup Cost": 45713.52,
                  "Total Cost": 91033.65,
                  "Plan Rows": 29665,
                  "Plan Width": 0,
                  "Actual Startup Time": 105.065,
                  "Actual Total Time": 276.575,
                  "Actual Rows": 7517,
                  "Actual Loops": 4,
                  "Inner Unique": true,
                  "Hash Cond": "(mk.movie_id = t.id)",
                  "Plans": [
                    {
                      "Node Type": "Seq Scan",
                      "Parent Relationship": "Outer",
                      "Parallel Aware": true,
                      "Relation Name": "movie_keyword",
                      "Alias": "mk",
                      "Startup Cost": 0.0,
                      "Total Cost": 42695.65,
                      "Plan Rows": 999800,
                      "Plan Width": 4,
                      "Actual Startup Time": 0.031,
                      "Actual Total Time": 113.615,
                      "Actual Rows": 773867,
                      "Actual Loops": 4,
                      "Filter": "(keyword_id < 11669)",
                      "Rows Removed by Filter": 357116
                    },
                    {
                      "Node Type": "Hash",
                      "Parent Relationship": "Inner",
                      "Parallel Aware": true,
                      "Startup Cost": 45479.1,
                      "Total Cost": 45479.1,
                      "Plan Rows": 18754,
                      "Plan Width": 4,
                      "Actual Startup Time": 103.707,
                      "Actual Total Time": 103.708,
                      "Actual Rows": 21139,
                      "Actual Loops": 4,
                      "Hash Buckets": 131072,
                      "Original Hash Buckets": 131072,
                      "Hash Batches": 1,
                      "Original Hash Batches": 1,
                      "Peak Memory Usage": 4384,
                      "Plans": [
                        {
                          "Node Type": "Seq Scan",
                          "Parent Relationship": "Outer",
                          "Parallel Aware": true,
                          "Relation Name": "title",
                          "Alias": "t",
                          "Startup Cost": 0.0,
                          "Total Cost": 45479.1,
                          "Plan Rows": 18754,
                          "Plan Width": 4,
                          "Actual Startup Time": 0.03,
                          "Actual Total Time": 95.242,
                          "Actual Rows": 21139,
                          "Actual Loops": 4,
                          "Filter": "((kind_id > 4) AND (production_year = 2008))",
                          "Rows Removed by Filter": 610939
                        }
                      ]
                    }
                  ]
                }
              ]
            }
          ]
        }
      ]
    },
    "Planning Time": 0.444,
    "Triggers": [],
    "Execution Time": 300.48
  }
]