[
  {
    "Plan": {
      "Node Type": "Aggregate",
      "Strategy": "Plain",
      "Partial Mode": "Simple",
      "Parallel Aware": false,
      "Startup Cost": 49296.41,
      "Total Cost": 49296.42,
      "Plan Rows": 1,
      "Plan Width": 8,
      "Actual Startup Time": 23.034,
      "Actual Total Time": 23.035,
      "Actual Rows": 1,
      "Actual Loops": 1,
      "Plans": [
        {
          "Node Type": "Bitmap Heap Scan",
          "Parent Relationship": "Outer",
          "Parallel Aware": false,
          "Relation Name": "movie_info",
          "Alias": "mi",
          "Startup Cost": 306.29,
          "Total Cost": 49254.52,
          "Plan Rows": 16755,
          "Plan Width": 0,
          "Actual Startup Time": 5.175,
          "Actual Total Time": 20.468,
          "Actual Rows": 18214,
          "Actual Loops": 1,
          "Recheck Cond": "(info_type_id = 108)",
          "Rows Removed by Index Recheck": 0,
          "Exact Heap Blocks": 4137,
          "Lossy Heap Blocks": 0,
          "Plans": [
            {
              "Node Type": "Bitmap Index Scan",
              "Parent Relationship": "Outer",
              "Parallel Aware": false,
              "Index Name": "info_type_id_movie_info",
              "Startup Cost": 0.0,
              "Total Cost": 302.1,
              "Plan Rows": 16755,
              "Plan Width": 0,
              "Actual Startup Time": 3.306,
              "Actual Total Time": 3.306,
              "Actual Rows": 18214,
              "Actual Loops": 1,
              "Index Cond": "(info_type_id = 108)"
            }
          ]
        }
      ]
    },
    "Planning Time": 0.164,
    "Triggers": [],
    "Execution Time": 23.121
  }
]