[
  {
    "Plan": {
      "Node Type": "Aggregate",
      "Strategy": "Plain",
      "Partial Mode": "Finalize",
      "Parallel Aware": false,
      "Startup Cost": 458320.31,
      "Total Cost": 458320.32,
      "Plan Rows": 1,
      "Plan Width": 8,
      "Actual Startup Time": 2845.086,
      "Actual Total Time": 2902.797,
      "Actual Rows": 1,
      "Actual Loops": 1,
      "Plans": [
        {
          "Node Type": "Gather",
          "Parent Relationship": "Outer",
          "Parallel Aware": false,
          "Startup Cost": 458319.69,
          "Total Cost": 458320.3,
          "Plan Rows": 6,
          "Plan Width": 8,
          "Actual Startup Time": 2809.106,
          "Actual Total Time": 2902.782,
          "Actual Rows": 7,
          "Actual Loops": 1,
          "Workers Planned": 6,
          "Workers Launched": 6,
          "Single Copy": false,
          "Plans": [
            {
              "Node Type": "Aggregate",
              "Strategy": "Plain",
              "Partial Mode": "Partial",
              "Parent Relationship": "Outer",
              "Parallel Aware": false,
              "Startup Cost": 457319.69,
              "Total Cost": 457319.7,
              "Plan Rows": 1,
              "Plan Width": 8,
              "Actual Startup Time": 2795.33,
              "Actual Total Time": 2795.97,
              "Actual Rows": 1,
              "Actual Loops": 7,
              "Plans": [
                {
                  "Node Type": "Hash Join",
                  "Parent Relationship": "Outer",
                  "Parallel Aware": true,
                  "Join Type": "Inner",
                  "Startup Cost": 104496.48,
                  "Total Cost": 450342.03,
                  "Plan Rows": 2791061,
                  "Plan Width": 0,
                  "Actual Startup Time": 786.405,
                  "Actual Total Time": 2366.555,
                  "Actual Rows": 8915035,
                  "Actual Loops": 7,
                  "Inner Unique": false,
                  "Hash Cond": "(ci.movie_id = t.id)",
                  "Plans": [
                    {
                      "Node Type": "Seq Scan",
                      "Parent Relationship": "Outer",
                      "Parallel Aware": true,
                      "Relation Name": "cast_info",
                      "Alias": "ci",
                      "Startup Cost": 0.0,
                      "Total Cost": 328211.39,
                      "Plan Rows": 2301532,
                      "Plan Width": 4,
                      "Actual Startup Time": 248.961,
                      "Actual Total Time": 603.037,
                      "Actual Rows": 1934043,
                      "Actual Loops": 7,
                      "Filter": "(person_id > 2317671)",
                      "Rows Removed by Filter": 3243721
                    },
                    {
                      "Node Type": "Hash",
                      "Parent Relationship": "Inner",
                      "Parallel Aware": true,
                      "Startup Cost": 92132.73,
                      "Total Cost": 92132.73,
                      "Plan Rows": 989100,
                      "Plan Width": 8,
                      "Actual Startup Time": 532.548,
                      "Actual Total Time": 533.187,
                      "Actual Rows": 375635,
                      "Actual Loops": 7,
                      "Hash Buckets": 4194304,
                      "Original Hash Buckets": 4194304,
                      "Hash Batches": 1,
                      "Original Hash Batches": 1,
                      "Peak Memory Usage": 135712,
                      "Plans": [
                        {
                          "Node Type": "Hash Join",
                          "Parent Relationship": "Outer",
                          "Parallel Aware": true,
                          "Join Type": "Inner",
                          "Startup Cost": 49254.65,
                          "Total Cost": 92132.73,
                          "Plan Rows": 989100,
                          "Plan Width": 8,
                          "Actual Startup Time": 210.161,
                          "Actual Total Time": 393.574,
                          "Actual Rows": 375635,
                          "Actual Loops": 7,
                          "Inner Unique": true,
                          "Hash Cond": "(mk.movie_id = t.id)",
                          "Plans": [
                            {
                              "Node Type": "Seq Scan",
                              "Parent Relationship": "Outer",
                              "Parallel Aware": true,
                              "Relation Name": "movie_keyword",
                              "Alias": "mk",
                              "Startup Cost": 0.0,
                              "Total Cost": 39047.32,
                              "Plan Rows": 1459332,
                              "Plan Width": 4,
                              "Actual Startup Time": 0.036,
                              "Actual Total Time": 66.356,
                              "Actual Rows": 646276,
                              "Actual Loops": 7
                            },
                            {
                              "Node Type": "Hash",
                              "Parent Relationship": "Inner",
                              "Parallel Aware": true,
                              "Startup Cost": 43899.32,
                              "Total Cost": 43899.32,
                              "Plan Rows": 428426,
                              "Plan Width": 4,
                              "Actual Startup Time": 208.156,
                              "Actual Total Time": 208.158,
                              "Actual Rows": 242902,
                              "Actual Loops": 7,
                              "Hash Buckets": 2097152,
                              "Original Hash Buckets": 2097152,
                              "Hash Batches": 1,
                              "Original Hash Batches": 1,
                              "Peak Memory Usage": 83040,
                              "Plans": [
                                {
                                  "Node Type": "Seq Scan",
                                  "Parent Relationship": "Outer",
                                  "Parallel Aware": true,
                                  "Relation Name": "title",
                                  "Alias": "t",
                                  "Startup Cost": 0.0,
                                  "Total Cost": 43899.32,
                                  "Plan Rows": 428426,
                                  "Plan Width": 4,
                                  "Actual Startup Time": 0.089,
                                  "Actual Total Time": 89.138,
                                  "Actual Rows": 242902,
                                  "Actual Loops": 7,
                                  "Filter": "(production_year > 1992)",
                                  "Rows Removed by Filter": 118285
                                }
                              ]
                            }
                          ]
                        }
                      ]
                    }
                  ]
                }
              ]
            }
          ]
        }
      ]
    },
    "Planning Time": 0.402,
    "Triggers": [],
    "Execution Time": 2902.85
  }
]