[
  {
    "Plan": {
      "Node Type": "Aggregate",
      "Strategy": "Plain",
      "Partial Mode": "Finalize",
      "Parallel Aware": false,
      "Startup Cost": 280415.37,
      "Total Cost": 280415.38,
      "Plan Rows": 1,
      "Plan Width": 8,
      "Actual Startup Time": 117.738,
      "Actual Total Time": 124.696,
      "Actual Rows": 1,
      "Actual Loops": 1,
      "Plans": [
        {
          "Node Type": "Gather",
          "Parent Relationship": "Outer",
          "Parallel Aware": false,
          "Startup Cost": 280414.74,
          "Total Cost": 280415.35,
          "Plan Rows": 6,
          "Plan Width": 8,
          "Actual Startup Time": 117.488,
          "Actual Total Time": 124.688,
          "Actual Rows": 7,
          "Actual Loops": 1,
          "Workers Planned": 6,
          "Workers Launched": 6,
          "Single Copy": false,
          "Plans": [
            {
              "Node Type": "Aggregate",
              "Strategy": "Plain",
              "Partial Mode": "Partial",
              "Parent Relationship": "Outer",
              "Parallel Aware": false,
              "Startup Cost": 279414.74,
              "Total Cost": 279414.75,
              "Plan Rows": 1,
              "Plan Width": 8,
              "Actual Startup Time": 108.923,
              "Actual Total Time": 108.925,
              "Actual Rows": 1,
              "Actual Loops": 7,
              "Plans": [
                {
                  "Node Type": "Bitmap Heap Scan",
                  "Parent Relationship": "Outer",
                  "Parallel Aware": true,
                  "Relation Name": "cast_info",
                  "Alias": "ci",
                  "Startup Cost": 23771.08,
                  "Total Cost": 279163.29,
                  "Plan Rows": 100580,
                  "Plan Width": 0,
                  "Actual Startup Time": 46.874,
                  "Actual Total Time": 100.743,
                  "Actual Rows": 116552,
                  "Actual Loops": 7,
                  "Recheck Cond": "(person_id < 114481)",
                  "Rows Removed by Index Recheck": 0,
                  "Filter": "(role_id < 3)",
                  "Rows Removed by Filter": 43720,
                  "Exact Heap Blocks": 3454,
                  "Lossy Heap Blocks": 0,
                  "Plans": [
                    {
                      "Node Type": "Bitmap Index Scan",
                      "Parent Relationship": "Outer",
                      "Parallel Aware": false,
                      "Index Name": "person_id_cast_info",
                      "Startup Cost": 0.0,
                      "Total Cost": 23620.21,
                      "Plan Rows": 1082086,
                      "Plan Width": 0,
                      "Actual Startup Time": 52.836,
                      "Actual Total Time": 52.836,
                      "Actual Rows": 1121906,
                      "Actual Loops": 1,
                      "Index Cond": "(person_id < 114481)"
                    }
                  ]
                }
              ]
            }
          ]
        }
      ]
    },
    "Planning Time": 0.151,
    "Triggers": [],
    "Execution Time": 124.746
  }
]