[
  {
    "Plan": {
      "Node Type": "Aggregate",
      "Strategy": "Plain",
      "Partial Mode": "Finalize",
      "Parallel Aware": false,
      "Startup Cost": 281123.17,
      "Total Cost": 281123.18,
      "Plan Rows": 1,
      "Plan Width": 8,
      "Actual Startup Time": 119.046,
      "Actual Total Time": 124.833,
      "Actual Rows": 1,
      "Actual Loops": 1,
      "Plans": [
        {
          "Node Type": "Gather",
          "Parent Relationship": "Outer",
          "Parallel Aware": false,
          "Startup Cost": 281122.55,
          "Total Cost": 281123.16,
          "Plan Rows": 6,
          "Plan Width": 8,
          "Actual Startup Time": 118.794,
          "Actual Total Time": 124.826,
          "Actual Rows": 7,
          "Actual Loops": 1,
          "Workers Planned": 6,
          "Workers Launched": 6,
          "Single Copy": false,
          "Plans": [
            {
              "Node Type": "Aggregate",
              "Strategy": "Plain",
              "Partial Mode": "Partial",
              "Parent Relationship": "Outer",
              "Parallel Aware": false,
              "Startup Cost": 280122.55,
              "Total Cost": 280122.56,
              "Plan Rows": 1,
              "Plan Width": 8,
              "Actual Startup Time": 109.705,
              "Actual Total Time": 109.706,
              "Actual Rows": 1,
              "Actual Loops": 7,
              "Plans": [
                {
                  "Node Type": "Bitmap Heap Scan",
                  "Parent Relationship": "Outer",
                  "Parallel Aware": true,
                  "Relation Name": "cast_info",
                  "Alias": "ci",
                  "Startup Cost": 24405.76,
                  "Total Cost": 279869.14,
                  "Plan Rows": 101363,
                  "Plan Width": 0,
                  "Actual Startup Time": 45.892,
                  "Actual Total Time": 101.273,
                  "Actual Rows": 116552,
                  "Actual Loops": 7,
                  "Recheck Cond": "(person_id < 114481)",
                  "Rows Removed by Index Recheck": 0,
                  "Filter": "(role_id < 3)",
                  "Rows Removed by Filter": 43720,
                  "Exact Heap Blocks": 3539,
                  "Lossy Heap Blocks": 0,
                  "Plans": [
                    {
                      "Node Type": "Bitmap Index Scan",
                      "Parent Relationship": "Outer",
                      "Parallel Aware": false,
                      "Index Name": "person_id_cast_info",
                      "Startup Cost": 0.0,
                      "Total Cost": 24253.71,
                      "Plan Rows": 1110553,
                      "Plan Width": 0,
                      "Actual Startup Time": 52.341,
                      "Actual Total Time": 52.342,
                      "Actual Rows": 1121906,
                      "Actual Loops": 1,
                      "Index Cond": "(person_id < 114481)"
                    }
                  ]
                }
              ]
            }
          ]
        }
      ]
    },
    "Planning Time": 0.189,
    "Triggers": [],
    "Execution Time": 124.895
  }
]