{
  "Plan": {
    "Node Type": "Aggregate",
    "Strategy": "Plain",
    "Partial Mode": "Finalize",
    "Parallel Aware": false,
    "Startup Cost": 118806.6,
    "Total Cost": 118806.61,
    "Plan Rows": 1,
    "Plan Width": 8,
    "Actual Startup Time": 486.123,
    "Actual Total Time": 498.493,
    "Actual Rows": 1,
    "Actual Loops": 1,
    "Plans": [
      {
        "Node Type": "Gather",
        "Parent Relationship": "Outer",
        "Parallel Aware": false,
        "Startup Cost": 118806.48,
        "Total Cost": 118806.59,
        "Plan Rows": 1,
        "Plan Width": 8,
        "Actual Startup Time": 485.756,
        "Actual Total Time": 498.485,
        "Actual Rows": 2,
        "Actual Loops": 1,
        "Workers Planned": 1,
        "Workers Launched": 1,
        "Single Copy": false,
        "Plans": [
          {
            "Node Type": "Aggregate",
            "Strategy": "Plain",
            "Partial Mode": "Partial",
            "Parent Relationship": "Outer",
            "Parallel Aware": false,
            "Startup Cost": 117806.48,
            "Total Cost": 117806.49,
            "Plan Rows": 1,
            "Plan Width": 8,
            "Actual Startup Time": 479.909,
            "Actual Total Time": 479.913,
            "Actual Rows": 1,
            "Actual Loops": 2,
            "Plans": [
              {
                "Node Type": "Hash Join",
                "Parent Relationship": "Outer",
                "Parallel Aware": true,
                "Join Type": "Inner",
                "Startup Cost": 53917.18,
                "Total Cost": 117732.75,
                "Plan Rows": 29493,
                "Plan Width": 0,
                "Actual Startup Time": 172.881,
                "Actual Total Time": 477.388,
                "Actual Rows": 47446,
                "Actual Loops": 2,
                "Inner Unique": true,
                "Hash Cond": "(mk.movie_id = t.id)",
                "Plans": [
                  {
                    "Node Type": "Seq Scan",
                    "Parent Relationship": "Outer",
                    "Parallel Aware": true,
                    "Relation Name": "movie_keyword",
                    "Alias": "mk",
                    "Startup Cost": 0.0,
                    "Total Cost": 57718.19,
                    "Plan Rows": 2322806,
                    "Plan Width": 4,
                    "Actual Startup Time": 0.018,
                    "Actual Total Time": 231.174,
                    "Actual Rows": 1980316,
                    "Actual Loops": 2,
                    "Filter": "(keyword_id < 32590)",
                    "Rows Removed by Filter": 281650
                  },
                  {
                    "Node Type": "Hash",
                    "Parent Relationship": "Inner",
                    "Parallel Aware": true,
                    "Startup Cost": 53681.13,
                    "Total Cost": 53681.13,
                    "Plan Rows": 18884,
                    "Plan Width": 4,
                    "Actual Startup Time": 101.511,
                    "Actual Total Time": 101.512,
                    "Actual Rows": 11054,
                    "Actual Loops": 2,
                    "Hash Buckets": 32768,
                    "Original Hash Buckets": 32768,
                    "Hash Batches": 1,
                    "Original Hash Batches": 1,
                    "Peak Memory Usage": 1152,
                    "Plans": [
                      {
                        "Node Type": "Bitmap Heap Scan",
                        "Parent Relationship": "Outer",
                        "Parallel Aware": true,
                        "Relation Name": "title",
                        "Alias": "t",
                        "Startup Cost": 11830.88,
                        "Total Cost": 53681.13,
                        "Plan Rows": 18884,
                        "Plan Width": 4,
                        "Actual Startup Time": 39.039,
                        "Actual Total Time": 98.389,
                        "Actual Rows": 11054,
                        "Actual Loops": 2,
                        "Recheck Cond": "(kind_id = 1)",
                        "Rows Removed by Index Recheck": 0,
                        "Filter": "(production_year = 2008)",
                        "Rows Removed by Filter": 320359,
                        "Exact Heap Blocks": 9990,
                        "Lossy Heap Blocks": 0,
                        "Plans": [
                          {
                            "Node Type": "Bitmap Index Scan",
                            "Parent Relationship": "Outer",
                            "Parallel Aware": false,
                            "Index Name": "kind_id_title",
                            "Startup Cost": 0.0,
                            "Total Cost": 11822.85,
                            "Plan Rows": 663256,
                            "Plan Width": 0,
                            "Actual Startup Time": 41.306,
                            "Actual Total Time": 41.307,
                            "Actual Rows": 662825,
                            "Actual Loops": 1,
                            "Index Cond": "(kind_id = 1)"
                          }
                        ]
                      }
                    ]
                  }
                ]
              }
            ]
          }
        ]
      }
    ]
  },
  "Planning Time": 0.471,
  "Triggers": [],
  "Execution Time": 498.583
}