[
  {
    "Plan": {
      "Node Type": "Aggregate",
      "Strategy": "Plain",
      "Partial Mode": "Finalize",
      "Parallel Aware": false,
      "Startup Cost": 44313.96,
      "Total Cost": 44313.97,
      "Plan Rows": 1,
      "Plan Width": 8,
      "Actual Startup Time": 83.162,
      "Actual Total Time": 96.774,
      "Actual Rows": 1,
      "Actual Loops": 1,
      "Plans": [
        {
          "Node Type": "Gather",
          "Parent Relationship": "Outer",
          "Parallel Aware": false,
          "Startup Cost": 44313.75,
          "Total Cost": 44313.96,
          "Plan Rows": 2,
          "Plan Width": 8,
          "Actual Startup Time": 83.021,
          "Actual Total Time": 96.766,
          "Actual Rows": 3,
          "Actual Loops": 1,
          "Workers Planned": 2,
          "Workers Launched": 2,
          "Single Copy": false,
          "Plans": [
            {
              "Node Type": "Aggregate",
              "Strategy": "Plain",
              "Partial Mode": "Partial",
              "Parent Relationship": "Outer",
              "Parallel Aware": false,
              "Startup Cost": 43313.75,
              "Total Cost": 43313.76,
              "Plan Rows": 1,
              "Plan Width": 8,
              "Actual Startup Time": 74.792,
              "Actual Total Time": 74.794,
              "Actual Rows": 1,
              "Actual Loops": 3,
              "Plans": [
                {
                  "Node Type": "Nested Loop",
                  "Parent Relationship": "Outer",
                  "Parallel Aware": false,
                  "Join Type": "Inner",
                  "Startup Cost": 176.41,
                  "Total Cost": 43294.3,
                  "Plan Rows": 7780,
                  "Plan Width": 0,
                  "Actual Startup Time": 1.896,
                  "Actual Total Time": 72.857,
                  "Actual Rows": 22285,
                  "Actual Loops": 3,
                  "Inner Unique": false,
                  "Plans": [
                    {
                      "Node Type": "Nested Loop",
                      "Parent Relationship": "Outer",
                      "Parallel Aware": false,
                      "Join Type": "Inner",
                      "Startup Cost": 175.97,
                      "Total Cost": 40019.52,
                      "Plan Rows": 1330,
                      "Plan Width": 8,
                      "Actual Startup Time": 1.761,
                      "Actual Total Time": 28.601,
                      "Actual Rows": 2547,
                      "Actual Loops": 3,
                      "Inner Unique": true,
                      "Plans": [
                        {
                          "Node Type": "Bitmap Heap Scan",
                          "Parent Relationship": "Outer",
                          "Parallel Aware": true,
                          "Relation Name": "movie_keyword",
                          "Alias": "mk",
                          "Startup Cost": 175.54,
                          "Total Cost": 16952.14,
                          "Plan Rows": 3393,
                          "Plan Width": 4,
                          "Actual Startup Time": 1.62,
                          "Actual Total Time": 5.193,
                          "Actual Rows": 2624,
                          "Actual Loops": 3,
                          "Recheck Cond": "(keyword_id = 3)",
                          "Rows Removed by Index Recheck": 0,
                          "Exact Heap Blocks": 1146,
                          "Lossy Heap Blocks": 0,
                          "Plans": [
                            {
                              "Node Type": "Bitmap Index Scan",
                              "Parent Relationship": "Outer",
                              "Parallel Aware": false,
                              "Index Name": "keyword_id_movie_keyword",
                              "Startup Cost": 0.0,
                              "Total Cost": 173.5,
                              "Plan Rows": 8143,
                              "Plan Width": 0,
                              "Actual Startup Time": 3.699,
                              "Actual Total Time": 3.7,
                              "Actual Rows": 7873,
                              "Actual Loops": 1,
                              "Index Cond": "(keyword_id = 3)"
                            }
                          ]
                        },
                        {
                          "Node Type": "Index Scan",
                          "Parent Relationship": "Inner",
                          "Parallel Aware": false,
                          "Scan Direction": "Forward",
                          "Index Name": "title_pkey",
                          "Relation Name": "title",
                          "Alias": "t",
                          "Startup Cost": 0.43,
                          "Total Cost": 6.8,
                          "Plan Rows": 1,
                          "Plan Width": 4,
                          "Actual Startup Time": 0.008,
                          "Actual Total Time": 0.008,
                          "Actual Rows": 1,
                          "Actual Loops": 7873,
                          "Index Cond": "(id = mk.movie_id)",
                          "Rows Removed by Index Recheck": 0,
                          "Filter": "(kind_id < 7)",
                          "Rows Removed by Filter": 0
                        }
                      ]
                    },
                    {
                      "Node Type": "Index Only Scan",
                      "Parent Relationship": "Inner",
                      "Parallel Aware": false,
                      "Scan Direction": "Forward",
                      "Index Name": "movie_id_movie_info",
                      "Relation Name": "movie_info",
                      "Alias": "mi",
                      "Startup Cost": 0.43,
                      "Total Cost": 2.04,
                      "Plan Rows": 42,
                      "Plan Width": 4,
                      "Actual Startup Time": 0.006,
                      "Actual Total Time": 0.016,
                      "Actual Rows": 9,
                      "Actual Loops": 7641,
                      "Index Cond": "(movie_id = t.id)",
                      "Rows Removed by Index Recheck": 0,
                      "Heap Fetches": 66855
                    }
                  ]
                }
              ]
            }
          ]
        }
      ]
    },
    "Planning Time": 1.371,
    "Triggers": [],
    "Execution Time": 96.888
  }
]