[
  {
    "Plan": {
      "Node Type": "Aggregate",
      "Strategy": "Plain",
      "Partial Mode": "Finalize",
      "Parallel Aware": false,
      "Startup Cost": 31580.41,
      "Total Cost": 31580.42,
      "Plan Rows": 1,
      "Plan Width": 8,
      "Actual Startup Time": 112.392,
      "Actual Total Time": 120.861,
      "Actual Rows": 1,
      "Actual Loops": 1,
      "Plans": [
        {
          "Node Type": "Gather",
          "Parent Relationship": "Outer",
          "Parallel Aware": false,
          "Startup Cost": 31580.09,
          "Total Cost": 31580.4,
          "Plan Rows": 3,
          "Plan Width": 8,
          "Actual Startup Time": 112.256,
          "Actual Total Time": 120.848,
          "Actual Rows": 4,
          "Actual Loops": 1,
          "Workers Planned": 3,
          "Workers Launched": 3,
          "Single Copy": false,
          "Plans": [
            {
              "Node Type": "Aggregate",
              "Strategy": "Plain",
              "Partial Mode": "Partial",
              "Parent Relationship": "Outer",
              "Parallel Aware": false,
              "Startup Cost": 30580.09,
              "Total Cost": 30580.1,
              "Plan Rows": 1,
              "Plan Width": 8,
              "Actual Startup Time": 107.262,
              "Actual Total Time": 107.263,
              "Actual Rows": 1,
              "Actual Loops": 4,
              "Plans": [
                {
                  "Node Type": "Seq Scan",
                  "Parent Relationship": "Outer",
                  "Parallel Aware": true,
                  "Relation Name": "movie_companies",
                  "Alias": "mc",
                  "Startup Cost": 0.0,
                  "Total Cost": 29310.68,
                  "Plan Rows": 507764,
                  "Plan Width": 0,
                  "Actual Startup Time": 0.028,
                  "Actual Total Time": 86.136,
                  "Actual Rows": 394908,
                  "Actual Loops": 4,
                  "Filter": "(company_id < 15624)",
                  "Rows Removed by Filter": 257374
                }
              ]
            }
          ]
        }
      ]
    },
    "Planning Time": 0.143,
    "Triggers": [],
    "Execution Time": 120.898
  }
]