[
  {
    "Plan": {
      "Node Type": "Aggregate",
      "Strategy": "Plain",
      "Partial Mode": "Finalize",
      "Parallel Aware": false,
      "Startup Cost": 338047.95,
      "Total Cost": 338047.96,
      "Plan Rows": 1,
      "Plan Width": 8,
      "Actual Startup Time": 733.676,
      "Actual Total Time": 773.402,
      "Actual Rows": 1,
      "Actual Loops": 1,
      "Plans": [
        {
          "Node Type": "Gather",
          "Parent Relationship": "Outer",
          "Parallel Aware": false,
          "Startup Cost": 338047.33,
          "Total Cost": 338047.94,
          "Plan Rows": 6,
          "Plan Width": 8,
          "Actual Startup Time": 733.54,
          "Actual Total Time": 773.391,
          "Actual Rows": 7,
          "Actual Loops": 1,
          "Workers Planned": 6,
          "Workers Launched": 6,
          "Single Copy": false,
          "Plans": [
            {
              "Node Type": "Aggregate",
              "Strategy": "Plain",
              "Partial Mode": "Partial",
              "Parent Relationship": "Outer",
              "Parallel Aware": false,
              "Startup Cost": 337047.33,
              "Total Cost": 337047.34,
              "Plan Rows": 1,
              "Plan Width": 8,
              "Actual Startup Time": 727.559,
              "Actual Total Time": 727.561,
              "Actual Rows": 1,
              "Actual Loops": 7,
              "Plans": [
                {
                  "Node Type": "Seq Scan",
                  "Parent Relationship": "Outer",
                  "Parallel Aware": true,
                  "Relation Name": "cast_info",
                  "Alias": "ci",
                  "Startup Cost": 0.0,
                  "Total Cost": 328211.39,
                  "Plan Rows": 3534375,
                  "Plan Width": 0,
                  "Actual Startup Time": 160.064,
                  "Actual Total Time": 583.975,
                  "Actual Rows": 3008556,
                  "Actual Loops": 7,
                  "Filter": "(person_id > 1496372)",
                  "Rows Removed by Filter": 2169207
                }
              ]
            }
          ]
        }
      ]
    },
    "Planning Time": 0.109,
    "Triggers": [],
    "Execution Time": 773.443
  }
]