[
  {
    "Plan": {
      "Node Type": "Aggregate",
      "Strategy": "Plain",
      "Partial Mode": "Finalize",
      "Parallel Aware": false,
      "Startup Cost": 348996.1,
      "Total Cost": 348996.11,
      "Plan Rows": 1,
      "Plan Width": 8,
      "Actual Startup Time": 830.766,
      "Actual Total Time": 892.825,
      "Actual Rows": 1,
      "Actual Loops": 1,
      "Plans": [
        {
          "Node Type": "Gather",
          "Parent Relationship": "Outer",
          "Parallel Aware": false,
          "Startup Cost": 348995.47,
          "Total Cost": 348996.08,
          "Plan Rows": 6,
          "Plan Width": 8,
          "Actual Startup Time": 830.664,
          "Actual Total Time": 892.814,
          "Actual Rows": 7,
          "Actual Loops": 1,
          "Workers Planned": 6,
          "Workers Launched": 6,
          "Single Copy": false,
          "Plans": [
            {
              "Node Type": "Aggregate",
              "Strategy": "Plain",
              "Partial Mode": "Partial",
              "Parent Relationship": "Outer",
              "Parallel Aware": false,
              "Startup Cost": 347995.47,
              "Total Cost": 347995.48,
              "Plan Rows": 1,
              "Plan Width": 8,
              "Actual Startup Time": 820.847,
              "Actual Total Time": 820.848,
              "Actual Rows": 1,
              "Actual Loops": 7,
              "Plans": [
                {
                  "Node Type": "Seq Scan",
                  "Parent Relationship": "Outer",
                  "Parallel Aware": true,
                  "Relation Name": "cast_info",
                  "Alias": "ci",
                  "Startup Cost": 0.0,
                  "Total Cost": 343257.03,
                  "Plan Rows": 1895377,
                  "Plan Width": 0,
                  "Actual Startup Time": 377.68,
                  "Actual Total Time": 730.514,
                  "Actual Rows": 1859757,
                  "Actual Loops": 7,
                  "Filter": "((person_id > 1089317) AND (role_id > 2))",
                  "Rows Removed by Filter": 3318007
                }
              ]
            }
          ]
        }
      ]
    },
    "Planning Time": 0.147,
    "Triggers": [],
    "Execution Time": 892.883
  }
]