{
  "Plan": {
    "Node Type": "Aggregate",
    "Strategy": "Plain",
    "Partial Mode": "Simple",
    "Parallel Aware": false,
    "Startup Cost": 157292.7,
    "Total Cost": 157292.71,
    "Plan Rows": 1,
    "Plan Width": 96,
    "Actual Startup Time": 2133.512,
    "Actual Total Time": 2202.413,
    "Actual Rows": 1,
    "Actual Loops": 1,
    "Plans": [
      {
        "Node Type": "Gather",
        "Parent Relationship": "Outer",
        "Parallel Aware": false,
        "Startup Cost": 74704.42,
        "Total Cost": 157292.69,
        "Plan Rows": 1,
        "Plan Width": 42,
        "Actual Startup Time": 868.31,
        "Actual Total Time": 2201.502,
        "Actual Rows": 4671,
        "Actual Loops": 1,
        "Workers Planned": 1,
        "Workers Launched": 1,
        "Single Copy": false,
        "Plans": [
          {
            "Node Type": "Nested Loop",
            "Parent Relationship": "Outer",
            "Parallel Aware": false,
            "Join Type": "Inner",
            "Startup Cost": 73704.42,
            "Total Cost": 156292.59,
            "Plan Rows": 1,
            "Plan Width": 42,
            "Actual Startup Time": 865.595,
            "Actual Total Time": 2117.547,
            "Actual Rows": 2336,
            "Actual Loops": 2,
            "Inner Unique": true,
            "Plans": [
              {
                "Node Type": "Nested Loop",
                "Parent Relationship": "Outer",
                "Parallel Aware": false,
                "Join Type": "Inner",
                "Startup Cost": 73704.28,
                "Total Cost": 156292.24,
                "Plan Rows": 2,
                "Plan Width": 46,
                "Actual Startup Time": 865.575,
                "Actual Total Time": 2114.289,
                "Actual Rows": 2336,
                "Actual Loops": 2,
                "Inner Unique": false,
                "Join Filter": "(t.id = mi.movie_id)",
                "Rows Removed by Join Filter": 0,
                "Plans": [
                  {
                    "Node Type": "Hash Join",
                    "Parent Relationship": "Outer",
                    "Parallel Aware": false,
                    "Join Type": "Inner",
                    "Startup Cost": 73703.84,
                    "Total Cost": 156156.62,
                    "Plan Rows": 87,
                    "Plan Width": 54,
                    "Actual Startup Time": 860.17,
                    "Actual Total Time": 1613.832,
                    "Actual Rows": 37888,
                    "Actual Loops": 2,
                    "Inner Unique": true,
                    "Hash Cond": "(mi_idx.info_type_id = it2.id)",
                    "Plans": [
                      {
                        "Node Type": "Nested Loop",
                        "Parent Relationship": "Outer",
                        "Parallel Aware": false,
                        "Join Type": "Inner",
                        "Startup Cost": 73701.42,
                        "Total Cost": 156127.36,
                        "Plan Rows": 9854,
                        "Plan Width": 58,
                        "Actual Startup Time": 859.795,
                        "Actual Total Time": 1602.845,
                        "Actual Rows": 53999,
                        "Actual Loops": 2,
                        "Inner Unique": false,
                        "Join Filter": "(t.id = mi_idx.movie_id)",
                        "Rows Removed by Join Filter": 0,
                        "Plans": [
                          {
                            "Node Type": "Hash Join",
                            "Parent Relationship": "Outer",
                            "Parallel Aware": true,
                            "Join Type": "Inner",
                            "Startup Cost": 73700.99,
                            "Total Cost": 116895.24,
                            "Plan Rows": 75196,
                            "Plan Width": 44,
                            "Actual Startup Time": 859.697,
                            "Actual Total Time": 1338.411,
                            "Actual Rows": 128770,
                            "Actual Loops": 2,
                            "Inner Unique": true,
                            "Hash Cond": "(mc.company_id = cn.id)",
                            "Plans": [
                              {
                                "Node Type": "Hash Join",
                                "Parent Relationship": "Outer",
                                "Parallel Aware": false,
                                "Join Type": "Inner",
                                "Startup Cost": 68351.36,
                                "Total Cost": 111001.37,
                                "Plan Rows": 207324,
                                "Plan Width": 29,
                                "Actual Startup Time": 808.307,
                                "Actual Total Time": 1200.236,
                                "Actual Rows": 303929,
                                "Actual Loops": 2,
                                "Inner Unique": true,
                                "Hash Cond": "(mc.company_type_id = ct.id)",
                                "Plans": [
                                  {
                                    "Node Type": "Hash Join",
                                    "Parent Relationship": "Outer",
                                    "Parallel Aware": true,
                                    "Join Type": "Inner",
                                    "Startup Cost": 68350.3,
                                    "Total Cost": 106516.93,
                                    "Plan Rows": 829297,
                                    "Plan Width": 33,
                                    "Actual Startup Time": 529.502,
                                    "Actual Total Time": 1134.11,
                                    "Actual Rows": 581722,
                                    "Actual Loops": 2,
                                    "Inner Unique": true,
                                    "Hash Cond": "(mc.movie_id = t.id)",
                                    "Plans": [
                                      {
                                        "Node Type": "Seq Scan",
                                        "Parent Relationship": "Outer",
                                        "Parallel Aware": true,
                                        "Relation Name": "movie_companies",
                                        "Alias": "mc",
                                        "Startup Cost": 0.0,
                                        "Total Cost": 34137.82,
                                        "Plan Rows": 1534782,
                                        "Plan Width": 12,
                                        "Actual Startup Time": 0.014,
                                        "Actual Total Time": 124.211,
                                        "Actual Rows": 1304564,
                                        "Actual Loops": 2
                                      },
                                      {
                                        "Node Type": "Hash",
                                        "Parent Relationship": "Inner",
                                        "Parallel Aware": true,
                                        "Startup Cost": 58305.62,
                                        "Total Cost": 58305.62,
                                        "Plan Rows": 803574,
                                        "Plan Width": 21,
                                        "Actual Startup Time": 521.42,
                                        "Actual Total Time": 521.421,
                                        "Actual Rows": 683562,
                                        "Actual Loops": 2,
                                        "Hash Buckets": 2097152,
                                        "Original Hash Buckets": 2097152,
                                        "Hash Batches": 1,
                                        "Original Hash Batches": 1,
                                        "Peak Memory Usage": 93024,
                                        "Plans": [
                                          {
                                            "Node Type": "Seq Scan",
                                            "Parent Relationship": "Outer",
                                            "Parallel Aware": true,
                                            "Relation Name": "title",
                                            "Alias": "t",
                                            "Startup Cost": 0.0,
                                            "Total Cost": 58305.62,
                                            "Plan Rows": 803574,
                                            "Plan Width": 21,
                                            "Actual Startup Time": 0.024,
                                            "Actual Total Time": 220.239,
                                            "Actual Rows": 683562,
                                            "Actual Loops": 2,
                                            "Filter": "((production_year >= 2000) AND (production_year <= 2012))",
                                            "Rows Removed by Filter": 580594
                                          }
                                        ]
                                      }
                                    ]
                                  },
                                  {
                                    "Node Type": "Hash",
                                    "Parent Relationship": "Inner",
                                    "Parallel Aware": false,
                                    "Startup Cost": 1.05,
                                    "Total Cost": 1.05,
                                    "Plan Rows": 1,
                                    "Plan Width": 4,
                                    "Actual Startup Time": 0.042,
                                    "Actual Total Time": 0.043,
                                    "Actual Rows": 1,
                                    "Actual Loops": 2,
                                    "Hash Buckets": 1024,
                                    "Original Hash Buckets": 1024,
                                    "Hash Batches": 1,
                                    "Original Hash Batches": 1,
                                    "Peak Memory Usage": 9,
                                    "Plans": [
                                      {
                                        "Node Type": "Seq Scan",
                                        "Parent Relationship": "Outer",
                                        "Parallel Aware": false,
                                        "Relation Name": "company_type",
                                        "Alias": "ct",
                                        "Startup Cost": 0.0,
                                        "Total Cost": 1.05,
                                        "Plan Rows": 1,
                                        "Plan Width": 4,
                                        "Actual Startup Time": 0.035,
                                        "Actual Total Time": 0.037,
                                        "Actual Rows": 1,
                                        "Actual Loops": 2,
                                        "Filter": "((kind)::text = 'production companies'::text)",
                                        "Rows Removed by Filter": 3
                                      }
                                    ]
                                  }
                                ]
                              },
                              {
                                "Node Type": "Hash",
                                "Parent Relationship": "Inner",
                                "Parallel Aware": true,
                                "Startup Cost": 4722.92,
                                "Total Cost": 4722.92,
                                "Plan Rows": 50137,
                                "Plan Width": 23,
                                "Actual Startup Time": 49.051,
                                "Actual Total Time": 49.052,
                                "Actual Rows": 42422,
                                "Actual Loops": 2,
                                "Hash Buckets": 131072,
                                "Original Hash Buckets": 131072,
                                "Hash Batches": 1,
                                "Original Hash Batches": 1,
                                "Peak Memory Usage": 6016,
                                "Plans": [
                                  {
                                    "Node Type": "Seq Scan",
                                    "Parent Relationship": "Outer",
                                    "Parallel Aware": true,
                                    "Relation Name": "company_name",
                                    "Alias": "cn",
                                    "Startup Cost": 0.0,
                                    "Total Cost": 4722.92,
                                    "Plan Rows": 50137,
                                    "Plan Width": 23,
                                    "Actual Startup Time": 0.032,
                                    "Actual Total Time": 29.09,
                                    "Actual Rows": 42422,
                                    "Actual Loops": 2,
                                    "Filter": "((country_code)::text = '[us]'::text)",
                                    "Rows Removed by Filter": 75077
                                  }
                                ]
                              }
                            ]
                          },
                          {
                            "Node Type": "Index Scan",
                            "Parent Relationship": "Inner",
                            "Parallel Aware": false,
                            "Scan Direction": "Forward",
                            "Index Name": "movie_id_movie_info_idx",
                            "Relation Name": "movie_info_idx",
                            "Alias": "mi_idx",
                            "Startup Cost": 0.43,
                            "Total Cost": 0.51,
                            "Plan Rows": 1,
                            "Plan Width": 14,
                            "Actual Startup Time": 0.002,
                            "Actual Total Time": 0.002,
                            "Actual Rows": 0,
                            "Actual Loops": 257541,
                            "Index Cond": "(movie_id = mc.movie_id)",
                            "Rows Removed by Index Recheck": 0,
                            "Filter": "(info > '6.3'::text)",
                            "Rows Removed by Filter": 1
                          }
                        ]
                      },
                      {
                        "Node Type": "Hash",
                        "Parent Relationship": "Inner",
                        "Parallel Aware": false,
                        "Startup Cost": 2.41,
                        "Total Cost": 2.41,
                        "Plan Rows": 1,
                        "Plan Width": 4,
                        "Actual Startup Time": 0.078,
                        "Actual Total Time": 0.079,
                        "Actual Rows": 1,
                        "Actual Loops": 2,
                        "Hash Buckets": 1024,
                        "Original Hash Buckets": 1024,
                        "Hash Batches": 1,
                        "Original Hash Batches": 1,
                        "Peak Memory Usage": 9,
                        "Plans": [
                          {
                            "Node Type": "Seq Scan",
                            "Parent Relationship": "Outer",
                            "Parallel Aware": false,
                            "Relation Name": "info_type",
                            "Alias": "it2",
                            "Startup Cost": 0.0,
                            "Total Cost": 2.41,
                            "Plan Rows": 1,
                            "Plan Width": 4,
                            "Actual Startup Time": 0.056,
                            "Actual Total Time": 0.061,
                            "Actual Rows": 1,
                            "Actual Loops": 2,
                            "Filter": "((info)::text = 'rating'::text)",
                            "Rows Removed by Filter": 112
                          }
                        ]
                      }
                    ]
                  },
                  {
                    "Node Type": "Index Scan",
                    "Parent Relationship": "Inner",
                    "Parallel Aware": false,
                    "Scan Direction": "Forward",
                    "Index Name": "movie_id_movie_info",
                    "Relation Name": "movie_info",
                    "Alias": "mi",
                    "Startup Cost": 0.43,
                    "Total Cost": 1.55,
                    "Plan Rows": 1,
                    "Plan Width": 8,
                    "Actual Startup Time": 0.013,
                    "Actual Total Time": 0.013,
                    "Actual Rows": 0,
                    "Actual Loops": 75776,
                    "Index Cond": "(movie_id = mc.movie_id)",
                    "Rows Removed by Index Recheck": 0,
                    "Filter": "(info = ANY ('{Sci-Fi,Action}'::text[]))",
                    "Rows Removed by Filter": 29
                  }
                ]
              },
              {
                "Node Type": "Index Scan",
                "Parent Relationship": "Inner",
                "Parallel Aware": false,
                "Scan Direction": "Forward",
                "Index Name": "info_type_pkey",
                "Relation Name": "info_type",
                "Alias": "it1",
                "Startup Cost": 0.14,
                "Total Cost": 0.16,
                "Plan Rows": 1,
                "Plan Width": 4,
                "Actual Startup Time": 0.001,
                "Actual Total Time": 0.001,
                "Actual Rows": 1,
                "Actual Loops": 4671,
                "Index Cond": "(id = mi.info_type_id)",
                "Rows Removed by Index Recheck": 0,
                "Filter": "((info)::text = 'genres'::text)",
                "Rows Removed by Filter": 0
              }
            ]
          }
        ]
      }
    ]
  },
  "Planning Time": 2.452,
  "Triggers": [],
  "Execution Time": 2202.674
}