{
  "Plan": {
    "Node Type": "Aggregate",
    "Strategy": "Plain",
    "Partial Mode": "Finalize",
    "Parallel Aware": false,
    "Startup Cost": 782131.73,
    "Total Cost": 782131.74,
    "Plan Rows": 1,
    "Plan Width": 32,
    "Actual Startup Time": 13367.698,
    "Actual Total Time": 13403.328,
    "Actual Rows": 1,
    "Actual Loops": 1,
    "Plans": [
      {
        "Node Type": "Gather",
        "Parent Relationship": "Outer",
        "Parallel Aware": false,
        "Startup Cost": 782131.62,
        "Total Cost": 782131.73,
        "Plan Rows": 1,
        "Plan Width": 32,
        "Actual Startup Time": 13367.689,
        "Actual Total Time": 13403.319,
        "Actual Rows": 1,
        "Actual Loops": 1,
        "Workers Planned": 1,
        "Workers Launched": 0,
        "Single Copy": false,
        "Plans": [
          {
            "Node Type": "Aggregate",
            "Strategy": "Plain",
            "Partial Mode": "Partial",
            "Parent Relationship": "Outer",
            "Parallel Aware": false,
            "Startup Cost": 781131.62,
            "Total Cost": 781131.63,
            "Plan Rows": 1,
            "Plan Width": 32,
            "Actual Startup Time": 13366.894,
            "Actual Total Time": 13366.906,
            "Actual Rows": 1,
            "Actual Loops": 1,
            "Plans": [
              {
                "Node Type": "Nested Loop",
                "Parent Relationship": "Outer",
                "Parallel Aware": false,
                "Join Type": "Inner",
                "Startup Cost": 694342.61,
                "Total Cost": 781131.59,
                "Plan Rows": 12,
                "Plan Width": 15,
                "Actual Startup Time": 9438.741,
                "Actual Total Time": 13330.069,
                "Actual Rows": 548625,
                "Actual Loops": 1,
                "Inner Unique": true,
                "Plans": [
                  {
                    "Node Type": "Nested Loop",
                    "Parent Relationship": "Outer",
                    "Parallel Aware": false,
                    "Join Type": "Inner",
                    "Startup Cost": 694342.19,
                    "Total Cost": 781126.26,
                    "Plan Rows": 12,
                    "Plan Width": 19,
                    "Actual Startup Time": 9438.72,
                    "Actual Total Time": 12620.247,
                    "Actual Rows": 548625,
                    "Actual Loops": 1,
                    "Inner Unique": false,
                    "Plans": [
                      {
                        "Node Type": "Hash Join",
                        "Parent Relationship": "Outer",
                        "Parallel Aware": false,
                        "Join Type": "Inner",
                        "Startup Cost": 694341.76,
                        "Total Cost": 781119.42,
                        "Plan Rows": 12,
                        "Plan Width": 27,
                        "Actual Startup Time": 9438.689,
                        "Actual Total Time": 12373.881,
                        "Actual Rows": 74239,
                        "Actual Loops": 1,
                        "Inner Unique": true,
                        "Hash Cond": "(mk.keyword_id = k.id)",
                        "Plans": [
                          {
                            "Node Type": "Hash Join",
                            "Parent Relationship": "Outer",
                            "Parallel Aware": true,
                            "Join Type": "Inner",
                            "Startup Cost": 691715.62,
                            "Total Cost": 774448.64,
                            "Plan Rows": 1540768,
                            "Plan Width": 31,
                            "Actual Startup Time": 9417.528,
                            "Actual Total Time": 11651.043,
                            "Actual Rows": 14977028,
                            "Actual Loops": 1,
                            "Inner Unique": false,
                            "Hash Cond": "(mk.movie_id = ci.movie_id)",
                            "Plans": [
                              {
                                "Node Type": "Seq Scan",
                                "Parent Relationship": "Outer",
                                "Parallel Aware": true,
                                "Relation Name": "movie_keyword",
                                "Alias": "mk",
                                "Startup Cost": 0.0,
                                "Total Cost": 51065.35,
                                "Plan Rows": 2661135,
                                "Plan Width": 8,
                                "Actual Startup Time": 0.008,
                                "Actual Total Time": 300.008,
                                "Actual Rows": 4523930,
                                "Actual Loops": 1
                              },
                              {
                                "Node Type": "Hash",
                                "Parent Relationship": "Inner",
                                "Parallel Aware": true,
                                "Startup Cost": 680952.4,
                                "Total Cost": 680952.4,
                                "Plan Rows": 861058,
                                "Plan Width": 23,
                                "Actual Startup Time": 9401.685,
                                "Actual Total Time": 9401.693,
                                "Actual Rows": 2169064,
                                "Actual Loops": 1,
                                "Hash Buckets": 4194304,
                                "Original Hash Buckets": 2097152,
                                "Hash Batches": 1,
                                "Original Hash Batches": 1,
                                "Peak Memory Usage": 173632,
                                "Plans": [
                                  {
                                    "Node Type": "Hash Join",
                                    "Parent Relationship": "Outer",
                                    "Parallel Aware": true,
                                    "Join Type": "Inner",
                                    "Startup Cost": 156951.85,
                                    "Total Cost": 680952.4,
                                    "Plan Rows": 861058,
                                    "Plan Width": 23,
                                    "Actual Startup Time": 1569.691,
                                    "Actual Total Time": 8543.312,
                                    "Actual Rows": 2169064,
                                    "Actual Loops": 1,
                                    "Inner Unique": true,
                                    "Hash Cond": "(ci.movie_id = t.id)",
                                    "Plans": [
                                      {
                                        "Node Type": "Hash Join",
                                        "Parent Relationship": "Outer",
                                        "Parallel Aware": true,
                                        "Join Type": "Inner",
                                        "Startup Cost": 87492.41,
                                        "Total Cost": 609232.69,
                                        "Plan Rows": 861058,
                                        "Plan Width": 19,
                                        "Actual Startup Time": 526.178,
                                        "Actual Total Time": 6343.197,
                                        "Actual Rows": 2169064,
                                        "Actual Loops": 1,
                                        "Inner Unique": true,
                                        "Hash Cond": "(ci.person_id = n.id)",
                                        "Plans": [
                                          {
                                            "Node Type": "Seq Scan",
                                            "Parent Relationship": "Outer",
                                            "Parallel Aware": true,
                                            "Relation Name": "cast_info",
                                            "Alias": "ci",
                                            "Startup Cost": 0.0,
                                            "Total Cost": 465798.46,
                                            "Plan Rows": 21311146,
                                            "Plan Width": 8,
                                            "Actual Startup Time": 0.005,
                                            "Actual Total Time": 2481.07,
                                            "Actual Rows": 36244344,
                                            "Actual Loops": 1
                                          },
                                          {
                                            "Node Type": "Hash",
                                            "Parent Relationship": "Inner",
                                            "Parallel Aware": true,
                                            "Startup Cost": 86254.38,
                                            "Total Cost": 86254.38,
                                            "Plan Rows": 99043,
                                            "Plan Width": 19,
                                            "Actual Startup Time": 525.225,
                                            "Actual Total Time": 525.227,
                                            "Actual Rows": 233488,
                                            "Actual Loops": 1,
                                            "Hash Buckets": 262144,
                                            "Original Hash Buckets": 262144,
                                            "Hash Batches": 1,
                                            "Original Hash Batches": 1,
                                            "Peak Memory Usage": 14752,
                                            "Plans": [
                                              {
                                                "Node Type": "Seq Scan",
                                                "Parent Relationship": "Outer",
                                                "Parallel Aware": true,
                                                "Relation Name": "name",
                                                "Alias": "n",
                                                "Startup Cost": 0.0,
                                                "Total Cost": 86254.38,
                                                "Plan Rows": 99043,
                                                "Plan Width": 19,
                                                "Actual Startup Time": 0.025,
                                                "Actual Total Time": 458.865,
                                                "Actual Rows": 233488,
                                                "Actual Loops": 1,
                                                "Filter": "(name ~~ '%W%'::text)",
                                                "Rows Removed by Filter": 3934003
                                              }
                                            ]
                                          }
                                        ]
                                      },
                                      {
                                        "Node Type": "Hash",
                                        "Parent Relationship": "Inner",
                                        "Parallel Aware": true,
                                        "Startup Cost": 50869.75,
                                        "Total Cost": 50869.75,
                                        "Plan Rows": 1487175,
                                        "Plan Width": 4,
                                        "Actual Startup Time": 1013.416,
                                        "Actual Total Time": 1013.417,
                                        "Actual Rows": 2528312,
                                        "Actual Loops": 1,
                                        "Hash Buckets": 4194304,
                                        "Original Hash Buckets": 4194304,
                                        "Hash Batches": 1,
                                        "Original Hash Batches": 1,
                                        "Peak Memory Usage": 131680,
                                        "Plans": [
                                          {
                                            "Node Type": "Seq Scan",
                                            "Parent Relationship": "Outer",
                                            "Parallel Aware": true,
                                            "Relation Name": "title",
                                            "Alias": "t",
                                            "Startup Cost": 0.0,
                                            "Total Cost": 50869.75,
                                            "Plan Rows": 1487175,
                                            "Plan Width": 4,
                                            "Actual Startup Time": 0.012,
                                            "Actual Total Time": 287.5,
                                            "Actual Rows": 2528312,
                                            "Actual Loops": 1
                                          }
                                        ]
                                      }
                                    ]
                                  }
                                ]
                              }
                            ]
                          },
                          {
                            "Node Type": "Hash",
                            "Parent Relationship": "Inner",
                            "Parallel Aware": false,
                            "Startup Cost": 2626.12,
                            "Total Cost": 2626.12,
                            "Plan Rows": 1,
                            "Plan Width": 4,
                            "Actual Startup Time": 20.893,
                            "Actual Total Time": 20.894,
                            "Actual Rows": 1,
                            "Actual Loops": 1,
                            "Hash Buckets": 1024,
                            "Original Hash Buckets": 1024,
                            "Hash Batches": 1,
                            "Original Hash Batches": 1,
                            "Peak Memory Usage": 9,
                            "Plans": [
                              {
                                "Node Type": "Seq Scan",
                                "Parent Relationship": "Outer",
                                "Parallel Aware": false,
                                "Relation Name": "keyword",
                                "Alias": "k",
                                "Startup Cost": 0.0,
                                "Total Cost": 2626.12,
                                "Plan Rows": 1,
                                "Plan Width": 4,
                                "Actual Startup Time": 1.131,
                                "Actual Total Time": 20.886,
                                "Actual Rows": 1,
                                "Actual Loops": 1,
                                "Filter": "(keyword = 'character-name-in-title'::text)",
                                "Rows Removed by Filter": 134169
                              }
                            ]
                          }
                        ]
                      },
                      {
                        "Node Type": "Index Scan",
                        "Parent Relationship": "Inner",
                        "Parallel Aware": false,
                        "Scan Direction": "Forward",
                        "Index Name": "movie_id_movie_companies",
                        "Relation Name": "movie_companies",
                        "Alias": "mc",
                        "Startup Cost": 0.43,
                        "Total Cost": 0.52,
                        "Plan Rows": 5,
                        "Plan Width": 8,
                        "Actual Startup Time": 0.001,
                        "Actual Total Time": 0.002,
                        "Actual Rows": 7,
                        "Actual Loops": 74239,
                        "Index Cond": "(movie_id = ci.movie_id)",
                        "Rows Removed by Index Recheck": 0
                      }
                    ]
                  },
                  {
                    "Node Type": "Index Only Scan",
                    "Parent Relationship": "Inner",
                    "Parallel Aware": false,
                    "Scan Direction": "Forward",
                    "Index Name": "company_name_pkey",
                    "Relation Name": "company_name",
                    "Alias": "cn",
                    "Startup Cost": 0.42,
                    "Total Cost": 0.44,
                    "Plan Rows": 1,
                    "Plan Width": 4,
                    "Actual Startup Time": 0.001,
                    "Actual Total Time": 0.001,
                    "Actual Rows": 1,
                    "Actual Loops": 548625,
                    "Index Cond": "(id = mc.company_id)",
                    "Rows Removed by Index Recheck": 0,
                    "Heap Fetches": 548625
                  }
                ]
              }
            ]
          }
        ]
      }
    ]
  },
  "Planning Time": 1.911,
  "Triggers": [],
  "Execution Time": 13403.456
}