[
    {
        "Bao": {
            "Bao prediction": 444.639,
            "Bao recommended hint": "(no hint)"
        }
    },
    {
        "Plan": {
            "Node Type": "Aggregate",
            "Strategy": "Plain",
            "Partial Mode": "Finalize",
            "Parallel Aware": false,
            "Startup Cost": 44311.07,
            "Total Cost": 44311.08,
            "Plan Rows": 1,
            "Plan Width": 8,
            "Actual Startup Time": 155.266,
            "Actual Total Time": 162.886,
            "Actual Rows": 1,
            "Actual Loops": 1,
            "Output": [
                "count(*)"
            ],
            "Plans": [
                {
                    "Node Type": "Gather",
                    "Parent Relationship": "Outer",
                    "Parallel Aware": false,
                    "Startup Cost": 44310.75,
                    "Total Cost": 44311.06,
                    "Plan Rows": 3,
                    "Plan Width": 8,
                    "Actual Startup Time": 155.161,
                    "Actual Total Time": 162.878,
                    "Actual Rows": 4,
                    "Actual Loops": 1,
                    "Output": [
                        "(PARTIAL count(*))"
                    ],
                    "Workers Planned": 3,
                    "Workers Launched": 3,
                    "Single Copy": false,
                    "Plans": [
                        {
                            "Node Type": "Aggregate",
                            "Strategy": "Plain",
                            "Partial Mode": "Partial",
                            "Parent Relationship": "Outer",
                            "Parallel Aware": false,
                            "Startup Cost": 43310.75,
                            "Total Cost": 43310.76,
                            "Plan Rows": 1,
                            "Plan Width": 8,
                            "Actual Startup Time": 147.431,
                            "Actual Total Time": 147.432,
                            "Actual Rows": 1,
                            "Actual Loops": 4,
                            "Output": [
                                "PARTIAL count(*)"
                            ],
                            "Workers": [
                                {
                                    "Worker Number": 0,
                                    "Actual Startup Time": 144.741,
                                    "Actual Total Time": 144.742,
                                    "Actual Rows": 1,
                                    "Actual Loops": 1
                                },
                                {
                                    "Worker Number": 1,
                                    "Actual Startup Time": 145.208,
                                    "Actual Total Time": 145.209,
                                    "Actual Rows": 1,
                                    "Actual Loops": 1
                                },
                                {
                                    "Worker Number": 2,
                                    "Actual Startup Time": 145.209,
                                    "Actual Total Time": 145.21,
                                    "Actual Rows": 1,
                                    "Actual Loops": 1
                                }
                            ],
                            "Plans": [
                                {
                                    "Node Type": "Seq Scan",
                                    "Parent Relationship": "Outer",
                                    "Parallel Aware": true,
                                    "Relation Name": "movie_keyword",
                                    "Schema": "public",
                                    "Alias": "mk",
                                    "Startup Cost": 0.0,
                                    "Total Cost": 42695.65,
                                    "Plan Rows": 246038,
                                    "Plan Width": 0,
                                    "Actual Startup Time": 6.513,
                                    "Actual Total Time": 133.055,
                                    "Actual Rows": 186592,
                                    "Actual Loops": 4,
                                    "Output": [
                                        "id",
                                        "movie_id",
                                        "keyword_id"
                                    ],
                                    "Filter": "(mk.keyword_id > 25086)",
                                    "Rows Removed by Filter": 944390,
                                    "Workers": [
                                        {
                                            "Worker Number": 0,
                                            "Actual Startup Time": 3.824,
                                            "Actual Total Time": 130.924,
                                            "Actual Rows": 175800,
                                            "Actual Loops": 1
                                        },
                                        {
                                            "Worker Number": 1,
                                            "Actual Startup Time": 4.283,
                                            "Actual Total Time": 131.2,
                                            "Actual Rows": 176677,
                                            "Actual Loops": 1
                                        },
                                        {
                                            "Worker Number": 2,
                                            "Actual Startup Time": 4.312,
                                            "Actual Total Time": 131.18,
                                            "Actual Rows": 176623,
                                            "Actual Loops": 1
                                        }
                                    ]
                                }
                            ]
                        }
                    ]
                }
            ]
        },
        "Planning Time": 1626.548,
        "Triggers": [],
        "Execution Time": 162.975
    }
]