[
  {
    "Plan": {
      "Node Type": "Aggregate",
      "Strategy": "Plain",
      "Partial Mode": "Finalize",
      "Parallel Aware": false,
      "Startup Cost": 103340.96,
      "Total Cost": 103340.97,
      "Plan Rows": 1,
      "Plan Width": 8,
      "Actual Startup Time": 329.904,
      "Actual Total Time": 365.72,
      "Actual Rows": 1,
      "Actual Loops": 1,
      "Plans": [
        {
          "Node Type": "Gather",
          "Parent Relationship": "Outer",
          "Parallel Aware": false,
          "Startup Cost": 103340.54,
          "Total Cost": 103340.95,
          "Plan Rows": 4,
          "Plan Width": 8,
          "Actual Startup Time": 329.063,
          "Actual Total Time": 365.711,
          "Actual Rows": 5,
          "Actual Loops": 1,
          "Workers Planned": 4,
          "Workers Launched": 4,
          "Single Copy": false,
          "Plans": [
            {
              "Node Type": "Aggregate",
              "Strategy": "Plain",
              "Partial Mode": "Partial",
              "Parent Relationship": "Outer",
              "Parallel Aware": false,
              "Startup Cost": 102340.54,
              "Total Cost": 102340.55,
              "Plan Rows": 1,
              "Plan Width": 8,
              "Actual Startup Time": 318.743,
              "Actual Total Time": 318.747,
              "Actual Rows": 1,
              "Actual Loops": 5,
              "Plans": [
                {
                  "Node Type": "Nested Loop",
                  "Parent Relationship": "Outer",
                  "Parallel Aware": false,
                  "Join Type": "Inner",
                  "Startup Cost": 27173.27,
                  "Total Cost": 102159.78,
                  "Plan Rows": 72304,
                  "Plan Width": 0,
                  "Actual Startup Time": 76.86,
                  "Actual Total Time": 313.851,
                  "Actual Rows": 54665,
                  "Actual Loops": 5,
                  "Inner Unique": false,
                  "Plans": [
                    {
                      "Node Type": "Hash Join",
                      "Parent Relationship": "Outer",
                      "Parallel Aware": true,
                      "Join Type": "Inner",
                      "Startup Cost": 27172.7,
                      "Total Cost": 71514.08,
                      "Plan Rows": 5046,
                      "Plan Width": 8,
                      "Actual Startup Time": 76.746,
                      "Actual Total Time": 162.183,
                      "Actual Rows": 3645,
                      "Actual Loops": 5,
                      "Inner Unique": false,
                      "Hash Cond": "(t.id = mc.movie_id)",
                      "Plans": [
                        {
                          "Node Type": "Seq Scan",
                          "Parent Relationship": "Outer",
                          "Parallel Aware": true,
                          "Relation Name": "title",
                          "Alias": "t",
                          "Startup Cost": 0.0,
                          "Total Cost": 43898.92,
                          "Plan Rows": 85237,
                          "Plan Width": 4,
                          "Actual Startup Time": 0.014,
                          "Actual Total Time": 67.925,
                          "Actual Rows": 70416,
                          "Actual Loops": 5,
                          "Filter": "(production_year < 1969)",
                          "Rows Removed by Filter": 435246
                        },
                        {
                          "Node Type": "Hash",
                          "Parent Relationship": "Inner",
                          "Parallel Aware": true,
                          "Startup Cost": 26569.18,
                          "Total Cost": 26569.18,
                          "Plan Rows": 48282,
                          "Plan Width": 4,
                          "Actual Startup Time": 74.768,
                          "Actual Total Time": 74.769,
                          "Actual Rows": 13699,
                          "Actual Loops": 5,
                          "Hash Buckets": 262144,
                          "Original Hash Buckets": 262144,
                          "Hash Batches": 1,
                          "Original Hash Batches": 1,
                          "Peak Memory Usage": 4800,
                          "Plans": [
                            {
                              "Node Type": "Bitmap Heap Scan",
                              "Parent Relationship": "Outer",
                              "Parallel Aware": true,
                              "Relation Name": "movie_companies",
                              "Alias": "mc",
                              "Startup Cost": 6352.77,
                              "Total Cost": 26569.18,
                              "Plan Rows": 48282,
                              "Plan Width": 4,
                              "Actual Startup Time": 58.599,
                              "Actual Total Time": 70.393,
                              "Actual Rows": 13699,
                              "Actual Loops": 5,
                              "Recheck Cond": "(company_id < 160)",
                              "Rows Removed by Index Recheck": 0,
                              "Filter": "(company_type_id = 2)",
                              "Rows Removed by Filter": 44877,
                              "Exact Heap Blocks": 8861,
                              "Lossy Heap Blocks": 0,
                              "Plans": [
                                {
                                  "Node Type": "Bitmap Index Scan",
                                  "Parent Relationship": "Outer",
                                  "Parallel Aware": false,
                                  "Index Name": "company_id_movie_companies",
                                  "Startup Cost": 0.0,
                                  "Total Cost": 6315.35,
                                  "Plan Rows": 294790,
                                  "Plan Width": 0,
                                  "Actual Startup Time": 24.557,
                                  "Actual Total Time": 24.558,
                                  "Actual Rows": 292877,
                                  "Actual Loops": 1,
                                  "Index Cond": "(company_id < 160)"
                                }
                              ]
                            }
                          ]
                        }
                      ]
                    },
                    {
                      "Node Type": "Index Only Scan",
                      "Parent Relationship": "Inner",
                      "Parallel Aware": false,
                      "Scan Direction": "Forward",
                      "Index Name": "movie_id_cast_info",
                      "Relation Name": "cast_info",
                      "Alias": "ci",
                      "Startup Cost": 0.56,
                      "Total Cost": 5.7,
                      "Plan Rows": 37,
                      "Plan Width": 4,
                      "Actual Startup Time": 0.009,
                      "Actual Total Time": 0.039,
                      "Actual Rows": 15,
                      "Actual Loops": 18225,
                      "Index Cond": "(movie_id = t.id)",
                      "Rows Removed by Index Recheck": 0,
                      "Heap Fetches": 273323
                    }
                  ]
                }
              ]
            }
          ]
        }
      ]
    },
    "Planning Time": 1.412,
    "Triggers": [],
    "Execution Time": 365.845
  }
]