[
    {
        "Bao": {
            "Bao prediction": "NaN",
            "Bao recommended hint": "(no hint)"
        }
    },
    {
        "Plan": {
            "Node Type": "Aggregate",
            "Strategy": "Plain",
            "Partial Mode": "Finalize",
            "Parallel Aware": false,
            "Startup Cost": 33245.12,
            "Total Cost": 33245.13,
            "Plan Rows": 1,
            "Plan Width": 8,
            "Actual Startup Time": 95.949,
            "Actual Total Time": 100.544,
            "Actual Rows": 1,
            "Actual Loops": 1,
            "Output": [
                "count(*)"
            ],
            "Plans": [
                {
                    "Node Type": "Gather",
                    "Parent Relationship": "Outer",
                    "Parallel Aware": false,
                    "Startup Cost": 33244.8,
                    "Total Cost": 33245.11,
                    "Plan Rows": 3,
                    "Plan Width": 8,
                    "Actual Startup Time": 95.823,
                    "Actual Total Time": 100.538,
                    "Actual Rows": 4,
                    "Actual Loops": 1,
                    "Output": [
                        "(PARTIAL count(*))"
                    ],
                    "Workers Planned": 3,
                    "Workers Launched": 3,
                    "Single Copy": false,
                    "Plans": [
                        {
                            "Node Type": "Aggregate",
                            "Strategy": "Plain",
                            "Partial Mode": "Partial",
                            "Parent Relationship": "Outer",
                            "Parallel Aware": false,
                            "Startup Cost": 32244.8,
                            "Total Cost": 32244.81,
                            "Plan Rows": 1,
                            "Plan Width": 8,
                            "Actual Startup Time": 87.319,
                            "Actual Total Time": 87.32,
                            "Actual Rows": 1,
                            "Actual Loops": 4,
                            "Output": [
                                "PARTIAL count(*)"
                            ],
                            "Workers": [
                                {
                                    "Worker Number": 0,
                                    "Actual Startup Time": 84.351,
                                    "Actual Total Time": 84.352,
                                    "Actual Rows": 1,
                                    "Actual Loops": 1
                                },
                                {
                                    "Worker Number": 1,
                                    "Actual Startup Time": 84.689,
                                    "Actual Total Time": 84.691,
                                    "Actual Rows": 1,
                                    "Actual Loops": 1
                                },
                                {
                                    "Worker Number": 2,
                                    "Actual Startup Time": 85.042,
                                    "Actual Total Time": 85.044,
                                    "Actual Rows": 1,
                                    "Actual Loops": 1
                                }
                            ],
                            "Plans": [
                                {
                                    "Node Type": "Seq Scan",
                                    "Parent Relationship": "Outer",
                                    "Parallel Aware": true,
                                    "Relation Name": "movie_companies",
                                    "Schema": "public",
                                    "Alias": "mc",
                                    "Startup Cost": 0.0,
                                    "Total Cost": 31414.82,
                                    "Plan Rows": 331994,
                                    "Plan Width": 0,
                                    "Actual Startup Time": 47.844,
                                    "Actual Total Time": 79.817,
                                    "Actual Rows": 185612,
                                    "Actual Loops": 4,
                                    "Output": [
                                        "id",
                                        "movie_id",
                                        "company_id",
                                        "company_type_id",
                                        "note"
                                    ],
                                    "Filter": "((mc.company_id < 69498) AND (mc.company_type_id = 2))",
                                    "Rows Removed by Filter": 466671,
                                    "Workers": [
                                        {
                                            "Worker Number": 0,
                                            "Actual Startup Time": 44.87,
                                            "Actual Total Time": 77.127,
                                            "Actual Rows": 177092,
                                            "Actual Loops": 1
                                        },
                                        {
                                            "Worker Number": 1,
                                            "Actual Startup Time": 45.215,
                                            "Actual Total Time": 77.531,
                                            "Actual Rows": 174737,
                                            "Actual Loops": 1
                                        },
                                        {
                                            "Worker Number": 2,
                                            "Actual Startup Time": 45.566,
                                            "Actual Total Time": 77.768,
                                            "Actual Rows": 178903,
                                            "Actual Loops": 1
                                        }
                                    ]
                                }
                            ]
                        }
                    ]
                }
            ]
        },
        "Planning Time": 219.498,
        "Triggers": [],
        "Execution Time": 100.629
    }
]