[
  {
    "Plan": {
      "Node Type": "Aggregate",
      "Strategy": "Plain",
      "Partial Mode": "Finalize",
      "Parallel Aware": false,
      "Startup Cost": 334933.86,
      "Total Cost": 334933.87,
      "Plan Rows": 1,
      "Plan Width": 8,
      "Actual Startup Time": 744.41,
      "Actual Total Time": 792.779,
      "Actual Rows": 1,
      "Actual Loops": 1,
      "Plans": [
        {
          "Node Type": "Gather",
          "Parent Relationship": "Outer",
          "Parallel Aware": false,
          "Startup Cost": 334933.24,
          "Total Cost": 334933.85,
          "Plan Rows": 6,
          "Plan Width": 8,
          "Actual Startup Time": 744.18,
          "Actual Total Time": 792.763,
          "Actual Rows": 7,
          "Actual Loops": 1,
          "Workers Planned": 6,
          "Workers Launched": 6,
          "Single Copy": false,
          "Plans": [
            {
              "Node Type": "Aggregate",
              "Strategy": "Plain",
              "Partial Mode": "Partial",
              "Parent Relationship": "Outer",
              "Parallel Aware": false,
              "Startup Cost": 333933.24,
              "Total Cost": 333933.25,
              "Plan Rows": 1,
              "Plan Width": 8,
              "Actual Startup Time": 735.54,
              "Actual Total Time": 735.541,
              "Actual Rows": 1,
              "Actual Loops": 7,
              "Plans": [
                {
                  "Node Type": "Seq Scan",
                  "Parent Relationship": "Outer",
                  "Parallel Aware": true,
                  "Relation Name": "cast_info",
                  "Alias": "ci",
                  "Startup Cost": 0.0,
                  "Total Cost": 328211.39,
                  "Plan Rows": 2288739,
                  "Plan Width": 0,
                  "Actual Startup Time": 279.533,
                  "Actual Total Time": 631.384,
                  "Actual Rows": 1924347,
                  "Actual Loops": 7,
                  "Filter": "(person_id > 2325291)",
                  "Rows Removed by Filter": 3253417
                }
              ]
            }
          ]
        }
      ]
    },
    "Planning Time": 0.06,
    "Triggers": [],
    "Execution Time": 792.819
  }
]