{
    "Plan": {
        "Node Type": "Aggregate",
        "Strategy": "Plain",
        "Partial Mode": "Simple",
        "Parallel Aware": false,
        "Startup Cost": 60001553785.94,
        "Total Cost": 60001553785.95,
        "Plan Rows": 1,
        "Plan Width": 96,
        "Actual Startup Time": 14324.049,
        "Actual Total Time": 14324.068,
        "Actual Rows": 1,
        "Actual Loops": 1,
        "Output": [
            "min(cn.name)",
            "min(mi_idx.info)",
            "min(t.title)"
        ],
        "Plans": [
            {
                "Node Type": "Nested Loop",
                "Parent Relationship": "Outer",
                "Parallel Aware": false,
                "Join Type": "Inner",
                "Startup Cost": 60001548102.15,
                "Total Cost": 60001553785.94,
                "Plan Rows": 1,
                "Plan Width": 41,
                "Actual Startup Time": 13977.672,
                "Actual Total Time": 14314.731,
                "Actual Rows": 31839,
                "Actual Loops": 1,
                "Output": [
                    "cn.name",
                    "mi_idx.info",
                    "t.title"
                ],
                "Inner Unique": true,
                "Plans": [
                    {
                        "Node Type": "Merge Join",
                        "Parent Relationship": "Outer",
                        "Parallel Aware": false,
                        "Join Type": "Inner",
                        "Startup Cost": 50001548102.01,
                        "Total Cost": 50001553780.18,
                        "Plan Rows": 1,
                        "Plan Width": 45,
                        "Actual Startup Time": 13977.618,
                        "Actual Total Time": 14199.687,
                        "Actual Rows": 31839,
                        "Actual Loops": 1,
                        "Output": [
                            "cn.name",
                            "mc.company_type_id",
                            "mi_idx.info",
                            "t.title"
                        ],
                        "Inner Unique": false,
                        "Merge Cond": "(k.id = mk.keyword_id)",
                        "Plans": [
                            {
                                "Node Type": "Index Scan",
                                "Parent Relationship": "Outer",
                                "Parallel Aware": false,
                                "Scan Direction": "Forward",
                                "Index Name": "keyword_pkey",
                                "Relation Name": "keyword",
                                "Schema": "public",
                                "Alias": "k",
                                "Startup Cost": 0.42,
                                "Total Cost": 5678.35,
                                "Plan Rows": 4,
                                "Plan Width": 4,
                                "Actual Startup Time": 0.206,
                                "Actual Total Time": 46.648,
                                "Actual Rows": 3,
                                "Actual Loops": 1,
                                "Output": [
                                    "k.id",
                                    "k.keyword",
                                    "k.phonetic_code"
                                ],
                                "Filter": "(k.keyword = ANY ('{murder,murder-in-title,blood,violence}'::text[]))",
                                "Rows Removed by Filter": 134167
                            },
                            {
                                "Node Type": "Sort",
                                "Parent Relationship": "Inner",
                                "Parallel Aware": false,
                                "Startup Cost": 50001548101.59,
                                "Total Cost": 50001548101.7,
                                "Plan Rows": 44,
                                "Plan Width": 49,
                                "Actual Startup Time": 13946.056,
                                "Actual Total Time": 14077.034,
                                "Actual Rows": 576141,
                                "Actual Loops": 1,
                                "Output": [
                                    "cn.name",
                                    "mc.company_type_id",
                                    "mi_idx.info",
                                    "mk.keyword_id",
                                    "t.title"
                                ],
                                "Sort Key": [
                                    "mk.keyword_id"
                                ],
                                "Sort Method": "quicksort",
                                "Sort Space Used": 488788,
                                "Sort Space Type": "Memory",
                                "Plans": [
                                    {
                                        "Node Type": "Nested Loop",
                                        "Parent Relationship": "Outer",
                                        "Parallel Aware": false,
                                        "Join Type": "Inner",
                                        "Startup Cost": 50001547994.28,
                                        "Total Cost": 50001548100.39,
                                        "Plan Rows": 44,
                                        "Plan Width": 49,
                                        "Actual Startup Time": 7642.863,
                                        "Actual Total Time": 12921.54,
                                        "Actual Rows": 3517545,
                                        "Actual Loops": 1,
                                        "Output": [
                                            "cn.name",
                                            "mc.company_type_id",
                                            "mi_idx.info",
                                            "mk.keyword_id",
                                            "t.title"
                                        ],
                                        "Inner Unique": true,
                                        "Plans": [
                                            {
                                                "Node Type": "Merge Join",
                                                "Parent Relationship": "Outer",
                                                "Parallel Aware": false,
                                                "Join Type": "Inner",
                                                "Startup Cost": 50001547993.86,
                                                "Total Cost": 50001548055.22,
                                                "Plan Rows": 83,
                                                "Plan Width": 34,
                                                "Actual Startup Time": 7642.821,
                                                "Actual Total Time": 8325.33,
                                                "Actual Rows": 3711955,
                                                "Actual Loops": 1,
                                                "Output": [
                                                    "mc.company_type_id",
                                                    "mc.company_id",
                                                    "mi_idx.info",
                                                    "mk.keyword_id",
                                                    "t.title"
                                                ],
                                                "Inner Unique": false,
                                                "Merge Cond": "(it1.id = mi.info_type_id)",
                                                "Plans": [
                                                    {
                                                        "Node Type": "Index Scan",
                                                        "Parent Relationship": "Outer",
                                                        "Parallel Aware": false,
                                                        "Scan Direction": "Forward",
                                                        "Index Name": "info_type_pkey",
                                                        "Relation Name": "info_type",
                                                        "Schema": "public",
                                                        "Alias": "it1",
                                                        "Startup Cost": 0.14,
                                                        "Total Cost": 14.12,
                                                        "Plan Rows": 1,
                                                        "Plan Width": 4,
                                                        "Actual Startup Time": 0.008,
                                                        "Actual Total Time": 0.021,
                                                        "Actual Rows": 1,
                                                        "Actual Loops": 1,
                                                        "Output": [
                                                            "it1.id",
                                                            "it1.info"
                                                        ],
                                                        "Filter": "((it1.info)::text = 'countries'::text)",
                                                        "Rows Removed by Filter": 112
                                                    },
                                                    {
                                                        "Node Type": "Sort",
                                                        "Parent Relationship": "Inner",
                                                        "Parallel Aware": false,
                                                        "Startup Cost": 50001547993.71,
                                                        "Total Cost": 50001548017.0,
                                                        "Plan Rows": 9313,
                                                        "Plan Width": 38,
                                                        "Actual Startup Time": 7613.173,
                                                        "Actual Total Time": 7791.654,
                                                        "Actual Rows": 3999590,
                                                        "Actual Loops": 1,
                                                        "Output": [
                                                            "mi_idx.info",
                                                            "mc.company_type_id",
                                                            "mc.company_id",
                                                            "mi.info_type_id",
                                                            "mk.keyword_id",
                                                            "t.title"
                                                        ],
                                                        "Sort Key": [
                                                            "mi.info_type_id"
                                                        ],
                                                        "Sort Method": "quicksort",
                                                        "Sort Space Used": 553262,
                                                        "Sort Space Type": "Memory",
                                                        "Plans": [
                                                            {
                                                                "Node Type": "Merge Join",
                                                                "Parent Relationship": "Outer",
                                                                "Parallel Aware": false,
                                                                "Join Type": "Inner",
                                                                "Startup Cost": 50001370278.94,
                                                                "Total Cost": 50001547379.75,
                                                                "Plan Rows": 9313,
                                                                "Plan Width": 38,
                                                                "Actual Startup Time": 4803.332,
                                                                "Actual Total Time": 6900.315,
                                                                "Actual Rows": 4304426,
                                                                "Actual Loops": 1,
                                                                "Output": [
                                                                    "mi_idx.info",
                                                                    "mc.company_type_id",
                                                                    "mc.company_id",
                                                                    "mi.info_type_id",
                                                                    "mk.keyword_id",
                                                                    "t.title"
                                                                ],
                                                                "Inner Unique": false,
                                                                "Merge Cond": "(mc.movie_id = t.id)",
                                                                "Plans": [
                                                                    {
                                                                        "Node Type": "Index Scan",
                                                                        "Parent Relationship": "Outer",
                                                                        "Parallel Aware": false,
                                                                        "Scan Direction": "Forward",
                                                                        "Index Name": "movie_id_movie_companies",
                                                                        "Relation Name": "movie_companies",
                                                                        "Schema": "public",
                                                                        "Alias": "mc",
                                                                        "Startup Cost": 0.43,
                                                                        "Total Cost": 153895.57,
                                                                        "Plan Rows": 148857,
                                                                        "Plan Width": 12,
                                                                        "Actual Startup Time": 0.013,
                                                                        "Actual Total Time": 682.401,
                                                                        "Actual Rows": 303270,
                                                                        "Actual Loops": 1,
                                                                        "Output": [
                                                                            "mc.id",
                                                                            "mc.movie_id",
                                                                            "mc.company_id",
                                                                            "mc.company_type_id",
                                                                            "mc.note"
                                                                        ],
                                                                        "Filter": "((mc.note !~~ '%(USA)%'::text) AND (mc.note ~~ '%(200%)%'::text))",
                                                                        "Rows Removed by Filter": 2305670
                                                                    },
                                                                    {
                                                                        "Node Type": "Materialize",
                                                                        "Parent Relationship": "Inner",
                                                                        "Parallel Aware": false,
                                                                        "Startup Cost": 50001370276.27,
                                                                        "Total Cost": 50001393040.2,
                                                                        "Plan Rows": 30527,
                                                                        "Plan Width": 46,
                                                                        "Actual Startup Time": 4802.829,
                                                                        "Actual Total Time": 5659.223,
                                                                        "Actual Rows": 4563215,
                                                                        "Actual Loops": 1,
                                                                        "Output": [
                                                                            "mi_idx.info",
                                                                            "mi_idx.movie_id",
                                                                            "mi.movie_id",
                                                                            "mi.info_type_id",
                                                                            "mk.movie_id",
                                                                            "mk.keyword_id",
                                                                            "t.title",
                                                                            "t.id"
                                                                        ],
                                                                        "Plans": [
                                                                            {
                                                                                "Node Type": "Merge Join",
                                                                                "Parent Relationship": "Outer",
                                                                                "Parallel Aware": false,
                                                                                "Join Type": "Inner",
                                                                                "Startup Cost": 50001370276.27,
                                                                                "Total Cost": 50001392963.88,
                                                                                "Plan Rows": 30527,
                                                                                "Plan Width": 46,
                                                                                "Actual Startup Time": 4802.825,
                                                                                "Actual Total Time": 5330.084,
                                                                                "Actual Rows": 719509,
                                                                                "Actual Loops": 1,
                                                                                "Output": [
                                                                                    "mi_idx.info",
                                                                                    "mi_idx.movie_id",
                                                                                    "mi.movie_id",
                                                                                    "mi.info_type_id",
                                                                                    "mk.movie_id",
                                                                                    "mk.keyword_id",
                                                                                    "t.title",
                                                                                    "t.id"
                                                                                ],
                                                                                "Inner Unique": false,
                                                                                "Merge Cond": "(mk.movie_id = t.id)",
                                                                                "Plans": [
                                                                                    {
                                                                                        "Node Type": "Sort",
                                                                                        "Parent Relationship": "Outer",
                                                                                        "Parallel Aware": false,
                                                                                        "Startup Cost": 10000569794.43,
                                                                                        "Total Cost": 10000581104.25,
                                                                                        "Plan Rows": 4523930,
                                                                                        "Plan Width": 8,
                                                                                        "Actual Startup Time": 1623.632,
                                                                                        "Actual Total Time": 1795.729,
                                                                                        "Actual Rows": 4523854,
                                                                                        "Actual Loops": 1,
                                                                                        "Output": [
                                                                                            "mk.movie_id",
                                                                                            "mk.keyword_id"
                                                                                        ],
                                                                                        "Sort Key": [
                                                                                            "mk.movie_id"
                                                                                        ],
                                                                                        "Sort Method": "quicksort",
                                                                                        "Sort Space Used": 408668,
                                                                                        "Sort Space Type": "Memory",
                                                                                        "Plans": [
                                                                                            {
                                                                                                "Node Type": "Seq Scan",
                                                                                                "Parent Relationship": "Outer",
                                                                                                "Parallel Aware": false,
                                                                                                "Relation Name": "movie_keyword",
                                                                                                "Schema": "public",
                                                                                                "Alias": "mk",
                                                                                                "Startup Cost": 10000000000.0,
                                                                                                "Total Cost": 10000069693.3,
                                                                                                "Plan Rows": 4523930,
                                                                                                "Plan Width": 8,
                                                                                                "Actual Startup Time": 0.014,
                                                                                                "Actual Total Time": 600.589,
                                                                                                "Actual Rows": 4523930,
                                                                                                "Actual Loops": 1,
                                                                                                "Output": [
                                                                                                    "mk.movie_id",
                                                                                                    "mk.keyword_id"
                                                                                                ]
                                                                                            }
                                                                                        ]
                                                                                    },
                                                                                    {
                                                                                        "Node Type": "Sort",
                                                                                        "Parent Relationship": "Inner",
                                                                                        "Parallel Aware": false,
                                                                                        "Startup Cost": 40000800481.84,
                                                                                        "Total Cost": 40000800488.17,
                                                                                        "Plan Rows": 2533,
                                                                                        "Plan Width": 38,
                                                                                        "Actual Startup Time": 3179.182,
                                                                                        "Actual Total Time": 3211.425,
                                                                                        "Actual Rows": 747604,
                                                                                        "Actual Loops": 1,
                                                                                        "Output": [
                                                                                            "mi_idx.info",
                                                                                            "mi_idx.movie_id",
                                                                                            "mi.movie_id",
                                                                                            "mi.info_type_id",
                                                                                            "t.title",
                                                                                            "t.id"
                                                                                        ],
                                                                                        "Sort Key": [
                                                                                            "mi_idx.movie_id"
                                                                                        ],
                                                                                        "Sort Method": "quicksort",
                                                                                        "Sort Space Used": 6516,
                                                                                        "Sort Space Type": "Memory",
                                                                                        "Plans": [
                                                                                            {
                                                                                                "Node Type": "Merge Join",
                                                                                                "Parent Relationship": "Outer",
                                                                                                "Parallel Aware": false,
                                                                                                "Join Type": "Inner",
                                                                                                "Startup Cost": 40000800256.85,
                                                                                                "Total Cost": 40000800338.64,
                                                                                                "Plan Rows": 2533,
                                                                                                "Plan Width": 38,
                                                                                                "Actual Startup Time": 3149.118,
                                                                                                "Actual Total Time": 3164.685,
                                                                                                "Actual Rows": 58677,
                                                                                                "Actual Loops": 1,
                                                                                                "Output": [
                                                                                                    "mi_idx.info",
                                                                                                    "mi_idx.movie_id",
                                                                                                    "mi.movie_id",
                                                                                                    "mi.info_type_id",
                                                                                                    "t.title",
                                                                                                    "t.id"
                                                                                                ],
                                                                                                "Inner Unique": false,
                                                                                                "Merge Cond": "(kt.id = t.kind_id)",
                                                                                                "Plans": [
                                                                                                    {
                                                                                                        "Node Type": "Index Scan",
                                                                                                        "Parent Relationship": "Outer",
                                                                                                        "Parallel Aware": false,
                                                                                                        "Scan Direction": "Forward",
                                                                                                        "Index Name": "kind_type_pkey",
                                                                                                        "Relation Name": "kind_type",
                                                                                                        "Schema": "public",
                                                                                                        "Alias": "kt",
                                                                                                        "Startup Cost": 10000000000.13,
                                                                                                        "Total Cost": 10000000012.25,
                                                                                                        "Plan Rows": 2,
                                                                                                        "Plan Width": 4,
                                                                                                        "Actual Startup Time": 0.025,
                                                                                                        "Actual Total Time": 0.041,
                                                                                                        "Actual Rows": 2,
                                                                                                        "Actual Loops": 1,
                                                                                                        "Output": [
                                                                                                            "kt.id",
                                                                                                            "kt.kind"
                                                                                                        ],
                                                                                                        "Filter": "((kt.kind)::text = ANY ('{movie,episode}'::text[]))",
                                                                                                        "Rows Removed by Filter": 5
                                                                                                    },
                                                                                                    {
                                                                                                        "Node Type": "Sort",
                                                                                                        "Parent Relationship": "Inner",
                                                                                                        "Parallel Aware": false,
                                                                                                        "Startup Cost": 30000800256.72,
                                                                                                        "Total Cost": 30000800278.88,
                                                                                                        "Plan Rows": 8866,
                                                                                                        "Plan Width": 42,
                                                                                                        "Actual Startup Time": 3149.087,
                                                                                                        "Actual Total Time": 3154.234,
                                                                                                        "Actual Rows": 100175,
                                                                                                        "Actual Loops": 1,
                                                                                                        "Output": [
                                                                                                            "mi_idx.info",
                                                                                                            "mi_idx.movie_id",
                                                                                                            "mi.movie_id",
                                                                                                            "mi.info_type_id",
                                                                                                            "t.title",
                                                                                                            "t.kind_id",
                                                                                                            "t.id"
                                                                                                        ],
                                                                                                        "Sort Key": [
                                                                                                            "t.kind_id"
                                                                                                        ],
                                                                                                        "Sort Method": "quicksort",
                                                                                                        "Sort Space Used": 12557,
                                                                                                        "Sort Space Type": "Memory",
                                                                                                        "Plans": [
                                                                                                            {
                                                                                                                "Node Type": "Hash Join",
                                                                                                                "Parent Relationship": "Outer",
                                                                                                                "Parallel Aware": false,
                                                                                                                "Join Type": "Inner",
                                                                                                                "Startup Cost": 30000491926.79,
                                                                                                                "Total Cost": 30000799675.37,
                                                                                                                "Plan Rows": 8866,
                                                                                                                "Plan Width": 42,
                                                                                                                "Actual Startup Time": 2578.662,
                                                                                                                "Actual Total Time": 3123.013,
                                                                                                                "Actual Rows": 100175,
                                                                                                                "Actual Loops": 1,
                                                                                                                "Output": [
                                                                                                                    "mi_idx.info",
                                                                                                                    "mi_idx.movie_id",
                                                                                                                    "mi.movie_id",
                                                                                                                    "mi.info_type_id",
                                                                                                                    "t.title",
                                                                                                                    "t.kind_id",
                                                                                                                    "t.id"
                                                                                                                ],
                                                                                                                "Inner Unique": false,
                                                                                                                "Hash Cond": "(t.id = mi.movie_id)",
                                                                                                                "Plans": [
                                                                                                                    {
                                                                                                                        "Node Type": "Seq Scan",
                                                                                                                        "Parent Relationship": "Outer",
                                                                                                                        "Parallel Aware": false,
                                                                                                                        "Relation Name": "title",
                                                                                                                        "Schema": "public",
                                                                                                                        "Alias": "t",
                                                                                                                        "Startup Cost": 10000000000.0,
                                                                                                                        "Total Cost": 10000067602.02,
                                                                                                                        "Plan Rows": 1600386,
                                                                                                                        "Plan Width": 25,
                                                                                                                        "Actual Startup Time": 0.016,
                                                                                                                        "Actual Total Time": 302.883,
                                                                                                                        "Actual Rows": 1607077,
                                                                                                                        "Actual Loops": 1,
                                                                                                                        "Output": [
                                                                                                                            "t.id",
                                                                                                                            "t.title",
                                                                                                                            "t.imdb_index",
                                                                                                                            "t.kind_id",
                                                                                                                            "t.production_year",
                                                                                                                            "t.imdb_id",
                                                                                                                            "t.phonetic_code",
                                                                                                                            "t.episode_of_id",
                                                                                                                            "t.season_nr",
                                                                                                                            "t.episode_nr",
                                                                                                                            "t.series_years",
                                                                                                                            "t.md5sum"
                                                                                                                        ],
                                                                                                                        "Filter": "(t.production_year > 1995)",
                                                                                                                        "Rows Removed by Filter": 921235
                                                                                                                    },
                                                                                                                    {
                                                                                                                        "Node Type": "Hash",
                                                                                                                        "Parent Relationship": "Inner",
                                                                                                                        "Parallel Aware": false,
                                                                                                                        "Startup Cost": 20000491751.71,
                                                                                                                        "Total Cost": 20000491751.71,
                                                                                                                        "Plan Rows": 14006,
                                                                                                                        "Plan Width": 17,
                                                                                                                        "Actual Startup Time": 2578.582,
                                                                                                                        "Actual Total Time": 2578.588,
                                                                                                                        "Actual Rows": 173221,
                                                                                                                        "Actual Loops": 1,
                                                                                                                        "Output": [
                                                                                                                            "mi_idx.info",
                                                                                                                            "mi_idx.movie_id",
                                                                                                                            "mi.movie_id",
                                                                                                                            "mi.info_type_id"
                                                                                                                        ],
                                                                                                                        "Hash Buckets": 262144,
                                                                                                                        "Original Hash Buckets": 16384,
                                                                                                                        "Hash Batches": 1,
                                                                                                                        "Original Hash Batches": 1,
                                                                                                                        "Peak Memory Usage": 10168,
                                                                                                                        "Plans": [
                                                                                                                            {
                                                                                                                                "Node Type": "Merge Join",
                                                                                                                                "Parent Relationship": "Outer",
                                                                                                                                "Parallel Aware": false,
                                                                                                                                "Join Type": "Inner",
                                                                                                                                "Startup Cost": 20000488250.71,
                                                                                                                                "Total Cost": 20000491751.71,
                                                                                                                                "Plan Rows": 14006,
                                                                                                                                "Plan Width": 17,
                                                                                                                                "Actual Startup Time": 2445.163,
                                                                                                                                "Actual Total Time": 2555.676,
                                                                                                                                "Actual Rows": 173221,
                                                                                                                                "Actual Loops": 1,
                                                                                                                                "Output": [
                                                                                                                                    "mi_idx.info",
                                                                                                                                    "mi_idx.movie_id",
                                                                                                                                    "mi.movie_id",
                                                                                                                                    "mi.info_type_id"
                                                                                                                                ],
                                                                                                                                "Inner Unique": false,
                                                                                                                                "Merge Cond": "(mi.movie_id = mi_idx.movie_id)",
                                                                                                                                "Plans": [
                                                                                                                                    {
                                                                                                                                        "Node Type": "Sort",
                                                                                                                                        "Parent Relationship": "Outer",
                                                                                                                                        "Parallel Aware": false,
                                                                                                                                        "Startup Cost": 10000446954.9,
                                                                                                                                        "Total Cost": 10000448601.04,
                                                                                                                                        "Plan Rows": 658455,
                                                                                                                                        "Plan Width": 8,
                                                                                                                                        "Actual Startup Time": 2027.28,
                                                                                                                                        "Actual Total Time": 2051.986,
                                                                                                                                        "Actual Rows": 669323,
                                                                                                                                        "Actual Loops": 1,
                                                                                                                                        "Output": [
                                                                                                                                            "mi.movie_id",
                                                                                                                                            "mi.info_type_id"
                                                                                                                                        ],
                                                                                                                                        "Sort Key": [
                                                                                                                                            "mi.movie_id"
                                                                                                                                        ],
                                                                                                                                        "Sort Method": "quicksort",
                                                                                                                                        "Sort Space Used": 55952,
                                                                                                                                        "Sort Space Type": "Memory",
                                                                                                                                        "Plans": [
                                                                                                                                            {
                                                                                                                                                "Node Type": "Seq Scan",
                                                                                                                                                "Parent Relationship": "Outer",
                                                                                                                                                "Parallel Aware": false,
                                                                                                                                                "Relation Name": "movie_info",
                                                                                                                                                "Schema": "public",
                                                                                                                                                "Alias": "mi",
                                                                                                                                                "Startup Cost": 10000000000.0,
                                                                                                                                                "Total Cost": 10000383319.42,
                                                                                                                                                "Plan Rows": 658455,
                                                                                                                                                "Plan Width": 8,
                                                                                                                                                "Actual Startup Time": 0.75,
                                                                                                                                                "Actual Total Time": 1910.098,
                                                                                                                                                "Actual Rows": 669336,
                                                                                                                                                "Actual Loops": 1,
                                                                                                                                                "Output": [
                                                                                                                                                    "mi.movie_id",
                                                                                                                                                    "mi.info_type_id"
                                                                                                                                                ],
                                                                                                                                                "Filter": "(mi.info = ANY ('{Germany,German,USA,American}'::text[]))",
                                                                                                                                                "Rows Removed by Filter": 14166384
                                                                                                                                            }
                                                                                                                                        ]
                                                                                                                                    },
                                                                                                                                    {
                                                                                                                                        "Node Type": "Sort",
                                                                                                                                        "Parent Relationship": "Inner",
                                                                                                                                        "Parallel Aware": false,
                                                                                                                                        "Startup Cost": 10000041295.8,
                                                                                                                                        "Total Cost": 10000041321.75,
                                                                                                                                        "Plan Rows": 10377,
                                                                                                                                        "Plan Width": 9,
                                                                                                                                        "Actual Startup Time": 417.874,
                                                                                                                                        "Actual Total Time": 430.674,
                                                                                                                                        "Actual Rows": 343938,
                                                                                                                                        "Actual Loops": 1,
                                                                                                                                        "Output": [
                                                                                                                                            "mi_idx.info",
                                                                                                                                            "mi_idx.movie_id"
                                                                                                                                        ],
                                                                                                                                        "Sort Key": [
                                                                                                                                            "mi_idx.movie_id"
                                                                                                                                        ],
                                                                                                                                        "Sort Method": "quicksort",
                                                                                                                                        "Sort Space Used": 27481,
                                                                                                                                        "Sort Space Type": "Memory",
                                                                                                                                        "Plans": [
                                                                                                                                            {
                                                                                                                                                "Node Type": "Hash Join",
                                                                                                                                                "Parent Relationship": "Outer",
                                                                                                                                                "Parallel Aware": false,
                                                                                                                                                "Join Type": "Inner",
                                                                                                                                                "Startup Cost": 10000039842.48,
                                                                                                                                                "Total Cost": 10000040603.6,
                                                                                                                                                "Plan Rows": 10377,
                                                                                                                                                "Plan Width": 9,
                                                                                                                                                "Actual Startup Time": 333.98,
                                                                                                                                                "Actual Total Time": 363.23,
                                                                                                                                                "Actual Rows": 324117,
                                                                                                                                                "Actual Loops": 1,
                                                                                                                                                "Output": [
                                                                                                                                                    "mi_idx.info",
                                                                                                                                                    "mi_idx.movie_id"
                                                                                                                                                ],
                                                                                                                                                "Inner Unique": false,
                                                                                                                                                "Hash Cond": "(it2.id = mi_idx.info_type_id)",
                                                                                                                                                "Plans": [
                                                                                                                                                    {
                                                                                                                                                        "Node Type": "Seq Scan",
                                                                                                                                                        "Parent Relationship": "Outer",
                                                                                                                                                        "Parallel Aware": false,
                                                                                                                                                        "Relation Name": "info_type",
                                                                                                                                                        "Schema": "public",
                                                                                                                                                        "Alias": "it2",
                                                                                                                                                        "Startup Cost": 10000000000.0,
                                                                                                                                                        "Total Cost": 10000000002.41,
                                                                                                                                                        "Plan Rows": 1,
                                                                                                                                                        "Plan Width": 4,
                                                                                                                                                        "Actual Startup Time": 0.019,
                                                                                                                                                        "Actual Total Time": 0.027,
                                                                                                                                                        "Actual Rows": 1,
                                                                                                                                                        "Actual Loops": 1,
                                                                                                                                                        "Output": [
                                                                                                                                                            "it2.id",
                                                                                                                                                            "it2.info"
                                                                                                                                                        ],
                                                                                                                                                        "Filter": "((it2.info)::text = 'rating'::text)",
                                                                                                                                                        "Rows Removed by Filter": 112
                                                                                                                                                    },
                                                                                                                                                    {
                                                                                                                                                        "Node Type": "Hash",
                                                                                                                                                        "Parent Relationship": "Inner",
                                                                                                                                                        "Parallel Aware": false,
                                                                                                                                                        "Startup Cost": 25185.44,
                                                                                                                                                        "Total Cost": 25185.44,
                                                                                                                                                        "Plan Rows": 1172563,
                                                                                                                                                        "Plan Width": 13,
                                                                                                                                                        "Actual Startup Time": 331.189,
                                                                                                                                                        "Actual Total Time": 331.189,
                                                                                                                                                        "Actual Rows": 1172960,
                                                                                                                                                        "Actual Loops": 1,
                                                                                                                                                        "Output": [
                                                                                                                                                            "mi_idx.info",
                                                                                                                                                            "mi_idx.movie_id",
                                                                                                                                                            "mi_idx.info_type_id"
                                                                                                                                                        ],
                                                                                                                                                        "Hash Buckets": 2097152,
                                                                                                                                                        "Original Hash Buckets": 2097152,
                                                                                                                                                        "Hash Batches": 1,
                                                                                                                                                        "Original Hash Batches": 1,
                                                                                                                                                        "Peak Memory Usage": 70439,
                                                                                                                                                        "Plans": [
                                                                                                                                                            {
                                                                                                                                                                "Node Type": "Seq Scan",
                                                                                                                                                                "Parent Relationship": "Outer",
                                                                                                                                                                "Parallel Aware": false,
                                                                                                                                                                "Relation Name": "movie_info_idx",
                                                                                                                                                                "Schema": "public",
                                                                                                                                                                "Alias": "mi_idx",
                                                                                                                                                                "Startup Cost": 0.0,
                                                                                                                                                                "Total Cost": 25185.44,
                                                                                                                                                                "Plan Rows": 1172563,
                                                                                                                                                                "Plan Width": 13,
                                                                                                                                                                "Actual Startup Time": 0.025,
                                                                                                                                                                "Actual Total Time": 185.755,
                                                                                                                                                                "Actual Rows": 1172960,
                                                                                                                                                                "Actual Loops": 1,
                                                                                                                                                                "Output": [
                                                                                                                                                                    "mi_idx.info",
                                                                                                                                                                    "mi_idx.movie_id",
                                                                                                                                                                    "mi_idx.info_type_id"
                                                                                                                                                                ],
                                                                                                                                                                "Filter": "(mi_idx.info < '7.0'::text)",
                                                                                                                                                                "Rows Removed by Filter": 207075
                                                                                                                                                            }
                                                                                                                                                        ]
                                                                                                                                                    }
                                                                                                                                                ]
                                                                                                                                            }
                                                                                                                                        ]
                                                                                                                                    }
                                                                                                                                ]
                                                                                                                            }
                                                                                                                        ]
                                                                                                                    }
                                                                                                                ]
                                                                                                            }
                                                                                                        ]
                                                                                                    }
                                                                                                ]
                                                                                            }
                                                                                        ]
                                                                                    }
                                                                                ]
                                                                            }
                                                                        ]
                                                                    }
                                                                ]
                                                            }
                                                        ]
                                                    }
                                                ]
                                            },
                                            {
                                                "Node Type": "Index Scan",
                                                "Parent Relationship": "Inner",
                                                "Parallel Aware": false,
                                                "Scan Direction": "Forward",
                                                "Index Name": "company_name_pkey",
                                                "Relation Name": "company_name",
                                                "Schema": "public",
                                                "Alias": "cn",
                                                "Startup Cost": 0.42,
                                                "Total Cost": 0.54,
                                                "Plan Rows": 1,
                                                "Plan Width": 23,
                                                "Actual Startup Time": 0.001,
                                                "Actual Total Time": 0.001,
                                                "Actual Rows": 1,
                                                "Actual Loops": 3711955,
                                                "Output": [
                                                    "cn.id",
                                                    "cn.name",
                                                    "cn.country_code",
                                                    "cn.imdb_id",
                                                    "cn.name_pcode_nf",
                                                    "cn.name_pcode_sf",
                                                    "cn.md5sum"
                                                ],
                                                "Index Cond": "(cn.id = mc.company_id)",
                                                "Rows Removed by Index Recheck": 0,
                                                "Filter": "((cn.country_code)::text <> '[us]'::text)",
                                                "Rows Removed by Filter": 0
                                            }
                                        ]
                                    }
                                ]
                            }
                        ]
                    },
                    {
                        "Node Type": "Bitmap Heap Scan",
                        "Parent Relationship": "Inner",
                        "Parallel Aware": false,
                        "Relation Name": "company_type",
                        "Schema": "public",
                        "Alias": "ct",
                        "Startup Cost": 0.14,
                        "Total Cost": 4.15,
                        "Plan Rows": 1,
                        "Plan Width": 4,
                        "Actual Startup Time": 0.002,
                        "Actual Total Time": 0.002,
                        "Actual Rows": 1,
                        "Actual Loops": 31839,
                        "Output": [
                            "ct.id",
                            "ct.kind"
                        ],
                        "Recheck Cond": "(ct.id = mc.company_type_id)",
                        "Rows Removed by Index Recheck": 0,
                        "Exact Heap Blocks": 31839,
                        "Lossy Heap Blocks": 0,
                        "Plans": [
                            {
                                "Node Type": "Bitmap Index Scan",
                                "Parent Relationship": "Outer",
                                "Parallel Aware": false,
                                "Index Name": "company_type_pkey",
                                "Startup Cost": 0.0,
                                "Total Cost": 0.14,
                                "Plan Rows": 1,
                                "Plan Width": 0,
                                "Actual Startup Time": 0.001,
                                "Actual Total Time": 0.001,
                                "Actual Rows": 1,
                                "Actual Loops": 31839,
                                "Index Cond": "(ct.id = mc.company_type_id)"
                            }
                        ]
                    }
                ]
            }
        ]
    },
    "Planning Time": 24.787,
    "Triggers": [],
    "Execution Time": 14325.004
}