[
  {
    "Plan": {
      "Node Type": "Aggregate",
      "Strategy": "Plain",
      "Partial Mode": "Finalize",
      "Parallel Aware": false,
      "Startup Cost": 45207.97,
      "Total Cost": 45207.98,
      "Plan Rows": 1,
      "Plan Width": 8,
      "Actual Startup Time": 90.224,
      "Actual Total Time": 103.381,
      "Actual Rows": 1,
      "Actual Loops": 1,
      "Plans": [
        {
          "Node Type": "Gather",
          "Parent Relationship": "Outer",
          "Parallel Aware": false,
          "Startup Cost": 45207.55,
          "Total Cost": 45207.96,
          "Plan Rows": 4,
          "Plan Width": 8,
          "Actual Startup Time": 90.035,
          "Actual Total Time": 103.363,
          "Actual Rows": 5,
          "Actual Loops": 1,
          "Workers Planned": 4,
          "Workers Launched": 4,
          "Single Copy": false,
          "Plans": [
            {
              "Node Type": "Aggregate",
              "Strategy": "Plain",
              "Partial Mode": "Partial",
              "Parent Relationship": "Outer",
              "Parallel Aware": false,
              "Startup Cost": 44207.55,
              "Total Cost": 44207.56,
              "Plan Rows": 1,
              "Plan Width": 8,
              "Actual Startup Time": 84.887,
              "Actual Total Time": 84.889,
              "Actual Rows": 1,
              "Actual Loops": 5,
              "Plans": [
                {
                  "Node Type": "Seq Scan",
                  "Parent Relationship": "Outer",
                  "Parallel Aware": true,
                  "Relation Name": "title",
                  "Alias": "t",
                  "Startup Cost": 0.0,
                  "Total Cost": 43899.32,
                  "Plan Rows": 123291,
                  "Plan Width": 0,
                  "Actual Startup Time": 0.03,
                  "Actual Total Time": 79.711,
                  "Actual Rows": 101791,
                  "Actual Loops": 5,
                  "Filter": "(production_year < 1980)",
                  "Rows Removed by Filter": 403871
                }
              ]
            }
          ]
        }
      ]
    },
    "Planning Time": 0.072,
    "Triggers": [],
    "Execution Time": 103.412
  }
]