[
  {
    "Plan": {
      "Node Type": "Aggregate",
      "Strategy": "Plain",
      "Partial Mode": "Finalize",
      "Parallel Aware": false,
      "Startup Cost": 285957.68,
      "Total Cost": 285957.69,
      "Plan Rows": 1,
      "Plan Width": 8,
      "Actual Startup Time": 835.8,
      "Actual Total Time": 888.478,
      "Actual Rows": 1,
      "Actual Loops": 1,
      "Plans": [
        {
          "Node Type": "Gather",
          "Parent Relationship": "Outer",
          "Parallel Aware": false,
          "Startup Cost": 285957.16,
          "Total Cost": 285957.67,
          "Plan Rows": 5,
          "Plan Width": 8,
          "Actual Startup Time": 824.313,
          "Actual Total Time": 888.455,
          "Actual Rows": 6,
          "Actual Loops": 1,
          "Workers Planned": 5,
          "Workers Launched": 5,
          "Single Copy": false,
          "Plans": [
            {
              "Node Type": "Aggregate",
              "Strategy": "Plain",
              "Partial Mode": "Partial",
              "Parent Relationship": "Outer",
              "Parallel Aware": false,
              "Startup Cost": 284957.16,
              "Total Cost": 284957.17,
              "Plan Rows": 1,
              "Plan Width": 8,
              "Actual Startup Time": 813.878,
              "Actual Total Time": 813.883,
              "Actual Rows": 1,
              "Actual Loops": 6,
              "Plans": [
                {
                  "Node Type": "Hash Join",
                  "Parent Relationship": "Outer",
                  "Parallel Aware": true,
                  "Join Type": "Inner",
                  "Startup Cost": 80185.2,
                  "Total Cost": 284029.83,
                  "Plan Rows": 370931,
                  "Plan Width": 0,
                  "Actual Startup Time": 245.008,
                  "Actual Total Time": 801.463,
                  "Actual Rows": 291148,
                  "Actual Loops": 6,
                  "Inner Unique": false,
                  "Hash Cond": "(mi.movie_id = t.id)",
                  "Plans": [
                    {
                      "Node Type": "Seq Scan",
                      "Parent Relationship": "Outer",
                      "Parallel Aware": true,
                      "Relation Name": "movie_info",
                      "Alias": "mi",
                      "Startup Cost": 0.0,
                      "Total Cost": 191560.33,
                      "Plan Rows": 2956733,
                      "Plan Width": 4,
                      "Actual Startup Time": 0.015,
                      "Actual Total Time": 284.459,
                      "Actual Rows": 2472620,
                      "Actual Loops": 6
                    },
                    {
                      "Node Type": "Hash",
                      "Parent Relationship": "Inner",
                      "Parallel Aware": true,
                      "Startup Cost": 78906.24,
                      "Total Cost": 78906.24,
                      "Plan Rows": 102317,
                      "Plan Width": 8,
                      "Actual Startup Time": 241.868,
                      "Actual Total Time": 241.871,
                      "Actual Rows": 23485,
                      "Actual Loops": 6,
                      "Hash Buckets": 524288,
                      "Original Hash Buckets": 524288,
                      "Hash Batches": 1,
                      "Original Hash Batches": 1,
                      "Peak Memory Usage": 9728,
                      "Plans": [
                        {
                          "Node Type": "Hash Join",
                          "Parent Relationship": "Outer",
                          "Parallel Aware": true,
                          "Join Type": "Inner",
                          "Startup Cost": 46746.12,
                          "Total Cost": 78906.24,
                          "Plan Rows": 102317,
                          "Plan Width": 8,
                          "Actual Startup Time": 180.973,
                          "Actual Total Time": 234.25,
                          "Actual Rows": 23485,
                          "Actual Loops": 6,
                          "Inner Unique": true,
                          "Hash Cond": "(mc.movie_id = t.id)",
                          "Plans": [
                            {
                              "Node Type": "Seq Scan",
                              "Parent Relationship": "Outer",
                              "Parallel Aware": true,
                              "Relation Name": "movie_companies",
                              "Alias": "mc",
                              "Startup Cost": 0.0,
                              "Total Cost": 31414.82,
                              "Plan Rows": 283926,
                              "Plan Width": 4,
                              "Actual Startup Time": 23.398,
                              "Actual Total Time": 46.603,
                              "Actual Rows": 93313,
                              "Actual Loops": 6,
                              "Filter": "((company_id < 22163) AND (company_type_id > 1))",
                              "Rows Removed by Filter": 341542
                            },
                            {
                              "Node Type": "Hash",
                              "Parent Relationship": "Inner",
                              "Parallel Aware": true,
                              "Startup Cost": 43898.92,
                              "Total Cost": 43898.92,
                              "Plan Rows": 227776,
                              "Plan Width": 4,
                              "Actual Startup Time": 155.459,
                              "Actual Total Time": 155.46,
                              "Actual Rows": 150748,
                              "Actual Loops": 6,
                              "Hash Buckets": 1048576,
                              "Original Hash Buckets": 1048576,
                              "Hash Batches": 1,
                              "Original Hash Batches": 1,
                              "Peak Memory Usage": 43680,
                              "Plans": [
                                {
                                  "Node Type": "Seq Scan",
                                  "Parent Relationship": "Outer",
                                  "Parallel Aware": true,
                                  "Relation Name": "title",
                                  "Alias": "t",
                                  "Startup Cost": 0.0,
                                  "Total Cost": 43898.92,
                                  "Plan Rows": 227776,
                                  "Plan Width": 4,
                                  "Actual Startup Time": 0.048,
                                  "Actual Total Time": 84.058,
                                  "Actual Rows": 150748,
                                  "Actual Loops": 6,
                                  "Filter": "(production_year > 2006)",
                                  "Rows Removed by Filter": 270637
                                }
                              ]
                            }
                          ]
                        }
                      ]
                    }
                  ]
                }
              ]
            }
          ]
        }
      ]
    },
    "Planning Time": 1.454,
    "Triggers": [],
    "Execution Time": 888.582
  }
]