[
  {
    "Plan": {
      "Node Type": "Aggregate",
      "Strategy": "Plain",
      "Partial Mode": "Finalize",
      "Parallel Aware": false,
      "Startup Cost": 347521.16,
      "Total Cost": 347521.17,
      "Plan Rows": 1,
      "Plan Width": 8,
      "Actual Startup Time": 638.055,
      "Actual Total Time": 695.389,
      "Actual Rows": 1,
      "Actual Loops": 1,
      "Plans": [
        {
          "Node Type": "Gather",
          "Parent Relationship": "Outer",
          "Parallel Aware": false,
          "Startup Cost": 347520.54,
          "Total Cost": 347521.15,
          "Plan Rows": 6,
          "Plan Width": 8,
          "Actual Startup Time": 638.043,
          "Actual Total Time": 695.381,
          "Actual Rows": 7,
          "Actual Loops": 1,
          "Workers Planned": 6,
          "Workers Launched": 6,
          "Single Copy": false,
          "Plans": [
            {
              "Node Type": "Aggregate",
              "Strategy": "Plain",
              "Partial Mode": "Partial",
              "Parent Relationship": "Outer",
              "Parallel Aware": false,
              "Startup Cost": 346520.54,
              "Total Cost": 346520.55,
              "Plan Rows": 1,
              "Plan Width": 8,
              "Actual Startup Time": 627.161,
              "Actual Total Time": 627.162,
              "Actual Rows": 1,
              "Actual Loops": 7,
              "Plans": [
                {
                  "Node Type": "Seq Scan",
                  "Parent Relationship": "Outer",
                  "Parallel Aware": true,
                  "Relation Name": "cast_info",
                  "Alias": "ci",
                  "Startup Cost": 0.0,
                  "Total Cost": 343257.03,
                  "Plan Rows": 1305404,
                  "Plan Width": 0,
                  "Actual Startup Time": 335.226,
                  "Actual Total Time": 598.786,
                  "Actual Rows": 693810,
                  "Actual Loops": 7,
                  "Filter": "((person_id < 1718432) AND (role_id > 2))",
                  "Rows Removed by Filter": 4483954
                }
              ]
            }
          ]
        }
      ]
    },
    "Planning Time": 0.208,
    "Triggers": [],
    "Execution Time": 695.461
  }
]