[
  {
    "Plan": {
      "Node Type": "Aggregate",
      "Strategy": "Plain",
      "Partial Mode": "Finalize",
      "Parallel Aware": false,
      "Startup Cost": 332017.43,
      "Total Cost": 332017.44,
      "Plan Rows": 1,
      "Plan Width": 8,
      "Actual Startup Time": 636.493,
      "Actual Total Time": 677.698,
      "Actual Rows": 1,
      "Actual Loops": 1,
      "Plans": [
        {
          "Node Type": "Gather",
          "Parent Relationship": "Outer",
          "Parallel Aware": false,
          "Startup Cost": 332016.8,
          "Total Cost": 332017.41,
          "Plan Rows": 6,
          "Plan Width": 8,
          "Actual Startup Time": 636.113,
          "Actual Total Time": 677.682,
          "Actual Rows": 7,
          "Actual Loops": 1,
          "Workers Planned": 6,
          "Workers Launched": 6,
          "Single Copy": false,
          "Plans": [
            {
              "Node Type": "Aggregate",
              "Strategy": "Plain",
              "Partial Mode": "Partial",
              "Parent Relationship": "Outer",
              "Parallel Aware": false,
              "Startup Cost": 331016.8,
              "Total Cost": 331016.81,
              "Plan Rows": 1,
              "Plan Width": 8,
              "Actual Startup Time": 628.54,
              "Actual Total Time": 628.542,
              "Actual Rows": 1,
              "Actual Loops": 7,
              "Plans": [
                {
                  "Node Type": "Seq Scan",
                  "Parent Relationship": "Outer",
                  "Parallel Aware": true,
                  "Relation Name": "cast_info",
                  "Alias": "ci",
                  "Startup Cost": 0.0,
                  "Total Cost": 328211.39,
                  "Plan Rows": 1122165,
                  "Plan Width": 0,
                  "Actual Startup Time": 0.052,
                  "Actual Total Time": 579.438,
                  "Actual Rows": 977833,
                  "Actual Loops": 7,
                  "Filter": "(person_id < 661877)",
                  "Rows Removed by Filter": 4199930
                }
              ]
            }
          ]
        }
      ]
    },
    "Planning Time": 0.08,
    "Triggers": [],
    "Execution Time": 677.738
  }
]