[
  {
    "Plan": {
      "Node Type": "Aggregate",
      "Strategy": "Plain",
      "Partial Mode": "Finalize",
      "Parallel Aware": false,
      "Startup Cost": 331932.74,
      "Total Cost": 331932.76,
      "Plan Rows": 1,
      "Plan Width": 8,
      "Actual Startup Time": 643.762,
      "Actual Total Time": 704.573,
      "Actual Rows": 1,
      "Actual Loops": 1,
      "Plans": [
        {
          "Node Type": "Gather",
          "Parent Relationship": "Outer",
          "Parallel Aware": false,
          "Startup Cost": 331932.12,
          "Total Cost": 331932.73,
          "Plan Rows": 6,
          "Plan Width": 8,
          "Actual Startup Time": 643.622,
          "Actual Total Time": 704.562,
          "Actual Rows": 7,
          "Actual Loops": 1,
          "Workers Planned": 6,
          "Workers Launched": 6,
          "Single Copy": false,
          "Plans": [
            {
              "Node Type": "Aggregate",
              "Strategy": "Plain",
              "Partial Mode": "Partial",
              "Parent Relationship": "Outer",
              "Parallel Aware": false,
              "Startup Cost": 330932.12,
              "Total Cost": 330932.13,
              "Plan Rows": 1,
              "Plan Width": 8,
              "Actual Startup Time": 635.89,
              "Actual Total Time": 635.891,
              "Actual Rows": 1,
              "Actual Loops": 7,
              "Plans": [
                {
                  "Node Type": "Seq Scan",
                  "Parent Relationship": "Outer",
                  "Parallel Aware": true,
                  "Relation Name": "cast_info",
                  "Alias": "ci",
                  "Startup Cost": 0.0,
                  "Total Cost": 328162.03,
                  "Plan Rows": 1108038,
                  "Plan Width": 0,
                  "Actual Startup Time": 0.046,
                  "Actual Total Time": 586.286,
                  "Actual Rows": 977833,
                  "Actual Loops": 7,
                  "Filter": "(person_id < 661877)",
                  "Rows Removed by Filter": 4199930
                }
              ]
            }
          ]
        }
      ]
    },
    "Planning Time": 0.235,
    "Triggers": [],
    "Execution Time": 704.642
  }
]