[
  {
    "Plan": {
      "Node Type": "Aggregate",
      "Strategy": "Plain",
      "Partial Mode": "Simple",
      "Parallel Aware": false,
      "Startup Cost": 13193.89,
      "Total Cost": 13193.9,
      "Plan Rows": 1,
      "Plan Width": 8,
      "Actual Startup Time": 18.744,
      "Actual Total Time": 18.746,
      "Actual Rows": 1,
      "Actual Loops": 1,
      "Plans": [
        {
          "Node Type": "Bitmap Heap Scan",
          "Parent Relationship": "Outer",
          "Parallel Aware": false,
          "Relation Name": "movie_keyword",
          "Alias": "mk",
          "Startup Cost": 118.51,
          "Total Cost": 13180.32,
          "Plan Rows": 5429,
          "Plan Width": 0,
          "Actual Startup Time": 4.564,
          "Actual Total Time": 17.845,
          "Actual Rows": 6286,
          "Actual Loops": 1,
          "Recheck Cond": "(keyword_id = 2276)",
          "Rows Removed by Index Recheck": 0,
          "Exact Heap Blocks": 5248,
          "Lossy Heap Blocks": 0,
          "Plans": [
            {
              "Node Type": "Bitmap Index Scan",
              "Parent Relationship": "Outer",
              "Parallel Aware": false,
              "Index Name": "keyword_id_movie_keyword",
              "Startup Cost": 0.0,
              "Total Cost": 117.15,
              "Plan Rows": 5429,
              "Plan Width": 0,
              "Actual Startup Time": 2.188,
              "Actual Total Time": 2.188,
              "Actual Rows": 6286,
              "Actual Loops": 1,
              "Index Cond": "(keyword_id = 2276)"
            }
          ]
        }
      ]
    },
    "Planning Time": 0.153,
    "Triggers": [],
    "Execution Time": 18.806
  }
]