[
  {
    "Plan": {
      "Node Type": "Aggregate",
      "Strategy": "Plain",
      "Partial Mode": "Simple",
      "Parallel Aware": false,
      "Startup Cost": 26664.18,
      "Total Cost": 26664.19,
      "Plan Rows": 1,
      "Plan Width": 8,
      "Actual Startup Time": 34.799,
      "Actual Total Time": 34.8,
      "Actual Rows": 1,
      "Actual Loops": 1,
      "Plans": [
        {
          "Node Type": "Bitmap Heap Scan",
          "Parent Relationship": "Outer",
          "Parallel Aware": false,
          "Relation Name": "movie_keyword",
          "Alias": "mk",
          "Startup Cost": 919.99,
          "Total Cost": 26555.94,
          "Plan Rows": 43298,
          "Plan Width": 0,
          "Actual Startup Time": 7.437,
          "Actual Total Time": 32.564,
          "Actual Rows": 33199,
          "Actual Loops": 1,
          "Recheck Cond": "(keyword_id < 41)",
          "Rows Removed by Index Recheck": 0,
          "Exact Heap Blocks": 12124,
          "Lossy Heap Blocks": 0,
          "Plans": [
            {
              "Node Type": "Bitmap Index Scan",
              "Parent Relationship": "Outer",
              "Parallel Aware": false,
              "Index Name": "keyword_id_movie_keyword",
              "Startup Cost": 0.0,
              "Total Cost": 909.17,
              "Plan Rows": 43298,
              "Plan Width": 0,
              "Actual Startup Time": 4.053,
              "Actual Total Time": 4.053,
              "Actual Rows": 33199,
              "Actual Loops": 1,
              "Index Cond": "(keyword_id < 41)"
            }
          ]
        }
      ]
    },
    "Planning Time": 0.152,
    "Triggers": [],
    "Execution Time": 34.833
  }
]