[
  {
    "Plan": {
      "Node Type": "Aggregate",
      "Strategy": "Plain",
      "Partial Mode": "Finalize",
      "Parallel Aware": false,
      "Startup Cost": 46480.57,
      "Total Cost": 46480.58,
      "Plan Rows": 1,
      "Plan Width": 8,
      "Actual Startup Time": 94.434,
      "Actual Total Time": 107.775,
      "Actual Rows": 1,
      "Actual Loops": 1,
      "Plans": [
        {
          "Node Type": "Gather",
          "Parent Relationship": "Outer",
          "Parallel Aware": false,
          "Startup Cost": 46480.15,
          "Total Cost": 46480.56,
          "Plan Rows": 4,
          "Plan Width": 8,
          "Actual Startup Time": 94.309,
          "Actual Total Time": 107.766,
          "Actual Rows": 5,
          "Actual Loops": 1,
          "Workers Planned": 4,
          "Workers Launched": 4,
          "Single Copy": false,
          "Plans": [
            {
              "Node Type": "Aggregate",
              "Strategy": "Plain",
              "Partial Mode": "Partial",
              "Parent Relationship": "Outer",
              "Parallel Aware": false,
              "Startup Cost": 45480.15,
              "Total Cost": 45480.16,
              "Plan Rows": 1,
              "Plan Width": 8,
              "Actual Startup Time": 84.94,
              "Actual Total Time": 84.941,
              "Actual Rows": 1,
              "Actual Loops": 5,
              "Plans": [
                {
                  "Node Type": "Seq Scan",
                  "Parent Relationship": "Outer",
                  "Parallel Aware": true,
                  "Relation Name": "title",
                  "Alias": "t",
                  "Startup Cost": 0.0,
                  "Total Cost": 45479.1,
                  "Plan Rows": 421,
                  "Plan Width": 0,
                  "Actual Startup Time": 59.164,
                  "Actual Total Time": 84.836,
                  "Actual Rows": 903,
                  "Actual Loops": 5,
                  "Filter": "((kind_id < 7) AND (production_year = 1917))",
                  "Rows Removed by Filter": 504760
                }
              ]
            }
          ]
        }
      ]
    },
    "Planning Time": 0.183,
    "Triggers": [],
    "Execution Time": 107.835
  }
]