{
  "Plan": {
    "Node Type": "Aggregate",
    "Strategy": "Plain",
    "Partial Mode": "Finalize",
    "Parallel Aware": false,
    "Startup Cost": 115368.11,
    "Total Cost": 115368.12,
    "Plan Rows": 1,
    "Plan Width": 8,
    "Actual Startup Time": 731.118,
    "Actual Total Time": 750.577,
    "Actual Rows": 1,
    "Actual Loops": 1,
    "Plans": [
      {
        "Node Type": "Gather",
        "Parent Relationship": "Outer",
        "Parallel Aware": false,
        "Startup Cost": 115367.99,
        "Total Cost": 115368.1,
        "Plan Rows": 1,
        "Plan Width": 8,
        "Actual Startup Time": 726.565,
        "Actual Total Time": 750.57,
        "Actual Rows": 2,
        "Actual Loops": 1,
        "Workers Planned": 1,
        "Workers Launched": 1,
        "Single Copy": false,
        "Plans": [
          {
            "Node Type": "Aggregate",
            "Strategy": "Plain",
            "Partial Mode": "Partial",
            "Parent Relationship": "Outer",
            "Parallel Aware": false,
            "Startup Cost": 114367.99,
            "Total Cost": 114368.0,
            "Plan Rows": 1,
            "Plan Width": 8,
            "Actual Startup Time": 714.229,
            "Actual Total Time": 714.233,
            "Actual Rows": 1,
            "Actual Loops": 2,
            "Plans": [
              {
                "Node Type": "Hash Join",
                "Parent Relationship": "Outer",
                "Parallel Aware": true,
                "Join Type": "Inner",
                "Startup Cost": 83199.98,
                "Total Cost": 113415.65,
                "Plan Rows": 380937,
                "Plan Width": 0,
                "Actual Startup Time": 553.255,
                "Actual Total Time": 700.243,
                "Actual Rows": 315780,
                "Actual Loops": 2,
                "Inner Unique": true,
                "Hash Cond": "(mk.movie_id = t.id)",
                "Plans": [
                  {
                    "Node Type": "Bitmap Heap Scan",
                    "Parent Relationship": "Outer",
                    "Parallel Aware": true,
                    "Relation Name": "movie_keyword",
                    "Alias": "mk",
                    "Startup Cost": 13739.28,
                    "Total Cost": 42954.99,
                    "Plan Rows": 380937,
                    "Plan Width": 4,
                    "Actual Startup Time": 39.8,
                    "Actual Total Time": 109.859,
                    "Actual Rows": 315780,
                    "Actual Loops": 2,
                    "Recheck Cond": "(keyword_id > 29033)",
                    "Rows Removed by Index Recheck": 0,
                    "Exact Heap Blocks": 11925,
                    "Lossy Heap Blocks": 0,
                    "Plans": [
                      {
                        "Node Type": "Bitmap Index Scan",
                        "Parent Relationship": "Outer",
                        "Parallel Aware": false,
                        "Index Name": "keyword_id_movie_keyword",
                        "Startup Cost": 0.0,
                        "Total Cost": 13577.38,
                        "Plan Rows": 647593,
                        "Plan Width": 0,
                        "Actual Startup Time": 36.33,
                        "Actual Total Time": 36.331,
                        "Actual Rows": 631561,
                        "Actual Loops": 1,
                        "Index Cond": "(keyword_id > 29033)"
                      }
                    ]
                  },
                  {
                    "Node Type": "Hash",
                    "Parent Relationship": "Inner",
                    "Parallel Aware": true,
                    "Startup Cost": 50870.31,
                    "Total Cost": 50870.31,
                    "Plan Rows": 1487231,
                    "Plan Width": 4,
                    "Actual Startup Time": 492.569,
                    "Actual Total Time": 492.57,
                    "Actual Rows": 1264156,
                    "Actual Loops": 2,
                    "Hash Buckets": 4194304,
                    "Original Hash Buckets": 4194304,
                    "Hash Batches": 1,
                    "Original Hash Batches": 1,
                    "Peak Memory Usage": 131712,
                    "Plans": [
                      {
                        "Node Type": "Seq Scan",
                        "Parent Relationship": "Outer",
                        "Parallel Aware": true,
                        "Relation Name": "title",
                        "Alias": "t",
                        "Startup Cost": 0.0,
                        "Total Cost": 50870.31,
                        "Plan Rows": 1487231,
                        "Plan Width": 4,
                        "Actual Startup Time": 0.025,
                        "Actual Total Time": 150.363,
                        "Actual Rows": 1264156,
                        "Actual Loops": 2
                      }
                    ]
                  }
                ]
              }
            ]
          }
        ]
      }
    ]
  },
  "Planning Time": 0.615,
  "Triggers": [],
  "Execution Time": 750.66
}