[
  {
    "Plan": {
      "Node Type": "Aggregate",
      "Strategy": "Plain",
      "Partial Mode": "Finalize",
      "Parallel Aware": false,
      "Startup Cost": 44461.44,
      "Total Cost": 44461.45,
      "Plan Rows": 1,
      "Plan Width": 8,
      "Actual Startup Time": 120.309,
      "Actual Total Time": 128.051,
      "Actual Rows": 1,
      "Actual Loops": 1,
      "Plans": [
        {
          "Node Type": "Gather",
          "Parent Relationship": "Outer",
          "Parallel Aware": false,
          "Startup Cost": 44461.12,
          "Total Cost": 44461.43,
          "Plan Rows": 3,
          "Plan Width": 8,
          "Actual Startup Time": 120.185,
          "Actual Total Time": 128.039,
          "Actual Rows": 4,
          "Actual Loops": 1,
          "Workers Planned": 3,
          "Workers Launched": 3,
          "Single Copy": false,
          "Plans": [
            {
              "Node Type": "Aggregate",
              "Strategy": "Plain",
              "Partial Mode": "Partial",
              "Parent Relationship": "Outer",
              "Parallel Aware": false,
              "Startup Cost": 43461.12,
              "Total Cost": 43461.13,
              "Plan Rows": 1,
              "Plan Width": 8,
              "Actual Startup Time": 112.911,
              "Actual Total Time": 112.912,
              "Actual Rows": 1,
              "Actual Loops": 4,
              "Plans": [
                {
                  "Node Type": "Seq Scan",
                  "Parent Relationship": "Outer",
                  "Parallel Aware": true,
                  "Relation Name": "movie_keyword",
                  "Alias": "mk",
                  "Startup Cost": 0.0,
                  "Total Cost": 42695.65,
                  "Plan Rows": 306186,
                  "Plan Width": 0,
                  "Actual Startup Time": 4.276,
                  "Actual Total Time": 101.384,
                  "Actual Rows": 237466,
                  "Actual Loops": 4,
                  "Filter": "(keyword_id > 19992)",
                  "Rows Removed by Filter": 893516
                }
              ]
            }
          ]
        }
      ]
    },
    "Planning Time": 0.188,
    "Triggers": [],
    "Execution Time": 128.107
  }
]