[
  {
    "Plan": {
      "Node Type": "Aggregate",
      "Strategy": "Plain",
      "Partial Mode": "Finalize",
      "Parallel Aware": false,
      "Startup Cost": 94529.15,
      "Total Cost": 94529.16,
      "Plan Rows": 1,
      "Plan Width": 8,
      "Actual Startup Time": 342.253,
      "Actual Total Time": 361.676,
      "Actual Rows": 1,
      "Actual Loops": 1,
      "Plans": [
        {
          "Node Type": "Gather",
          "Parent Relationship": "Outer",
          "Parallel Aware": false,
          "Startup Cost": 94528.83,
          "Total Cost": 94529.14,
          "Plan Rows": 3,
          "Plan Width": 8,
          "Actual Startup Time": 340.159,
          "Actual Total Time": 361.667,
          "Actual Rows": 4,
          "Actual Loops": 1,
          "Workers Planned": 3,
          "Workers Launched": 3,
          "Single Copy": false,
          "Plans": [
            {
              "Node Type": "Aggregate",
              "Strategy": "Plain",
              "Partial Mode": "Partial",
              "Parent Relationship": "Outer",
              "Parallel Aware": false,
              "Startup Cost": 93528.83,
              "Total Cost": 93528.84,
              "Plan Rows": 1,
              "Plan Width": 8,
              "Actual Startup Time": 335.53,
              "Actual Total Time": 335.534,
              "Actual Rows": 1,
              "Actual Loops": 4,
              "Plans": [
                {
                  "Node Type": "Hash Join",
                  "Parent Relationship": "Outer",
                  "Parallel Aware": true,
                  "Join Type": "Inner",
                  "Startup Cost": 46755.71,
                  "Total Cost": 92985.26,
                  "Plan Rows": 217428,
                  "Plan Width": 0,
                  "Actual Startup Time": 132.268,
                  "Actual Total Time": 334.002,
                  "Actual Rows": 34060,
                  "Actual Loops": 4,
                  "Inner Unique": true,
                  "Hash Cond": "(mk.movie_id = t.id)",
                  "Plans": [
                    {
                      "Node Type": "Seq Scan",
                      "Parent Relationship": "Outer",
                      "Parallel Aware": true,
                      "Relation Name": "movie_keyword",
                      "Alias": "mk",
                      "Startup Cost": 0.0,
                      "Total Cost": 42695.65,
                      "Plan Rows": 1346241,
                      "Plan Width": 4,
                      "Actual Startup Time": 0.039,
                      "Actual Total Time": 117.158,
                      "Actual Rows": 1043827,
                      "Actual Loops": 4,
                      "Filter": "(keyword_id > 303)",
                      "Rows Removed by Filter": 87156
                    },
                    {
                      "Node Type": "Hash",
                      "Parent Relationship": "Inner",
                      "Parallel Aware": true,
                      "Startup Cost": 45479.59,
                      "Total Cost": 45479.59,
                      "Plan Rows": 102090,
                      "Plan Width": 4,
                      "Actual Startup Time": 129.683,
                      "Actual Total Time": 129.684,
                      "Actual Rows": 75384,
                      "Actual Loops": 4,
                      "Hash Buckets": 524288,
                      "Original Hash Buckets": 524288,
                      "Hash Batches": 1,
                      "Original Hash Batches": 1,
                      "Peak Memory Usage": 15936,
                      "Plans": [
                        {
                          "Node Type": "Seq Scan",
                          "Parent Relationship": "Outer",
                          "Parallel Aware": true,
                          "Relation Name": "title",
                          "Alias": "t",
                          "Startup Cost": 0.0,
                          "Total Cost": 45479.59,
                          "Plan Rows": 102090,
                          "Plan Width": 4,
                          "Actual Startup Time": 0.056,
                          "Actual Total Time": 99.173,
                          "Actual Rows": 75384,
                          "Actual Loops": 4,
                          "Filter": "((production_year < 1990) AND (kind_id = 7))",
                          "Rows Removed by Filter": 556694
                        }
                      ]
                    }
                  ]
                }
              ]
            }
          ]
        }
      ]
    },
    "Planning Time": 0.338,
    "Triggers": [],
    "Execution Time": 361.718
  }
]