[
  {
    "Plan": {
      "Node Type": "Aggregate",
      "Strategy": "Plain",
      "Partial Mode": "Finalize",
      "Parallel Aware": false,
      "Startup Cost": 551778.98,
      "Total Cost": 551778.99,
      "Plan Rows": 1,
      "Plan Width": 8,
      "Actual Startup Time": 929.237,
      "Actual Total Time": 968.394,
      "Actual Rows": 1,
      "Actual Loops": 1,
      "Plans": [
        {
          "Node Type": "Gather",
          "Parent Relationship": "Outer",
          "Parallel Aware": false,
          "Startup Cost": 551778.35,
          "Total Cost": 551778.96,
          "Plan Rows": 6,
          "Plan Width": 8,
          "Actual Startup Time": 896.309,
          "Actual Total Time": 968.384,
          "Actual Rows": 7,
          "Actual Loops": 1,
          "Workers Planned": 6,
          "Workers Launched": 6,
          "Single Copy": false,
          "Plans": [
            {
              "Node Type": "Aggregate",
              "Strategy": "Plain",
              "Partial Mode": "Partial",
              "Parent Relationship": "Outer",
              "Parallel Aware": false,
              "Startup Cost": 550778.35,
              "Total Cost": 550778.36,
              "Plan Rows": 1,
              "Plan Width": 8,
              "Actual Startup Time": 879.965,
              "Actual Total Time": 880.094,
              "Actual Rows": 1,
              "Actual Loops": 7,
              "Plans": [
                {
                  "Node Type": "Hash Join",
                  "Parent Relationship": "Outer",
                  "Parallel Aware": true,
                  "Join Type": "Inner",
                  "Startup Cost": 291878.56,
                  "Total Cost": 550281.56,
                  "Plan Rows": 198716,
                  "Plan Width": 0,
                  "Actual Startup Time": 672.678,
                  "Actual Total Time": 868.365,
                  "Actual Rows": 208960,
                  "Actual Loops": 7,
                  "Inner Unique": false,
                  "Hash Cond": "(ci.movie_id = t.id)",
                  "Plans": [
                    {
                      "Node Type": "Bitmap Heap Scan",
                      "Parent Relationship": "Outer",
                      "Parallel Aware": true,
                      "Relation Name": "cast_info",
                      "Alias": "ci",
                      "Startup Cost": 43375.87,
                      "Total Cost": 300154.08,
                      "Plan Rows": 327297,
                      "Plan Width": 4,
                      "Actual Startup Time": 74.727,
                      "Actual Total Time": 134.04,
                      "Actual Rows": 284045,
                      "Actual Loops": 7,
                      "Recheck Cond": "(person_id < 194215)",
                      "Rows Removed by Index Recheck": 0,
                      "Exact Heap Blocks": 3825,
                      "Lossy Heap Blocks": 0,
                      "Plans": [
                        {
                          "Node Type": "Bitmap Index Scan",
                          "Parent Relationship": "Outer",
                          "Parallel Aware": false,
                          "Index Name": "person_id_cast_info",
                          "Startup Cost": 0.0,
                          "Total Cost": 42884.92,
                          "Plan Rows": 1963781,
                          "Plan Width": 0,
                          "Actual Startup Time": 71.466,
                          "Actual Total Time": 71.467,
                          "Actual Rows": 1988314,
                          "Actual Loops": 1,
                          "Index Cond": "(person_id < 194215)"
                        }
                      ]
                    },
                    {
                      "Node Type": "Hash",
                      "Parent Relationship": "Inner",
                      "Parallel Aware": true,
                      "Startup Cost": 244665.1,
                      "Total Cost": 244665.1,
                      "Plan Rows": 307007,
                      "Plan Width": 8,
                      "Actual Startup Time": 593.239,
                      "Actual Total Time": 593.366,
                      "Actual Rows": 219130,
                      "Actual Loops": 7,
                      "Hash Buckets": 2097152,
                      "Original Hash Buckets": 2097152,
                      "Hash Batches": 1,
                      "Original Hash Batches": 1,
                      "Peak Memory Usage": 76448,
                      "Plans": [
                        {
                          "Node Type": "Hash Join",
                          "Parent Relationship": "Outer",
                          "Parallel Aware": true,
                          "Join Type": "Inner",
                          "Startup Cost": 78028.62,
                          "Total Cost": 244665.1,
                          "Plan Rows": 307007,
                          "Plan Width": 8,
                          "Actual Startup Time": 352.286,
                          "Actual Total Time": 487.027,
                          "Actual Rows": 219130,
                          "Actual Loops": 7,
                          "Inner Unique": true,
                          "Hash Cond": "(mi.movie_id = t.id)",
                          "Plans": [
                            {
                              "Node Type": "Bitmap Heap Scan",
                              "Parent Relationship": "Outer",
                              "Parallel Aware": true,
                              "Relation Name": "movie_info",
                              "Alias": "mi",
                              "Startup Cost": 27808.97,
                              "Total Cost": 193639.56,
                              "Plan Rows": 307007,
                              "Plan Width": 4,
                              "Actual Startup Time": 74.348,
                              "Actual Total Time": 110.698,
                              "Actual Rows": 219130,
                              "Actual Loops": 7,
                              "Recheck Cond": "(info_type_id = 3)",
                              "Rows Removed by Index Recheck": 0,
                              "Exact Heap Blocks": 1664,
                              "Lossy Heap Blocks": 0,
                              "Plans": [
                                {
                                  "Node Type": "Bitmap Index Scan",
                                  "Parent Relationship": "Outer",
                                  "Parallel Aware": false,
                                  "Index Name": "info_type_id_movie_info",
                                  "Startup Cost": 0.0,
                                  "Total Cost": 27425.21,
                                  "Plan Rows": 1535037,
                                  "Plan Width": 0,
                                  "Actual Startup Time": 71.893,
                                  "Actual Total Time": 71.894,
                                  "Actual Rows": 1533909,
                                  "Actual Loops": 1,
                                  "Index Cond": "(info_type_id = 3)"
                                }
                              ]
                            },
                            {
                              "Node Type": "Hash",
                              "Parent Relationship": "Inner",
                              "Parallel Aware": true,
                              "Startup Cost": 42318.73,
                              "Total Cost": 42318.73,
                              "Plan Rows": 632073,
                              "Plan Width": 4,
                              "Actual Startup Time": 273.813,
                              "Actual Total Time": 273.814,
                              "Actual Rows": 361187,
                              "Actual Loops": 7,
                              "Hash Buckets": 4194304,
                              "Original Hash Buckets": 4194304,
                              "Hash Batches": 1,
                              "Original Hash Batches": 1,
                              "Peak Memory Usage": 131776,
                              "Plans": [
                                {
                                  "Node Type": "Seq Scan",
                                  "Parent Relationship": "Outer",
                                  "Parallel Aware": true,
                                  "Relation Name": "title",
                                  "Alias": "t",
                                  "Startup Cost": 0.0,
                                  "Total Cost": 42318.73,
                                  "Plan Rows": 632073,
                                  "Plan Width": 4,
                                  "Actual Startup Time": 0.048,
                                  "Actual Total Time": 80.94,
                                  "Actual Rows": 361187,
                                  "Actual Loops": 7
                                }
                              ]
                            }
                          ]
                        }
                      ]
                    }
                  ]
                }
              ]
            }
          ]
        }
      ]
    },
    "Planning Time": 1.314,
    "Triggers": [],
    "Execution Time": 968.534
  }
]