[
  {
    "Plan": {
      "Node Type": "Aggregate",
      "Strategy": "Plain",
      "Partial Mode": "Finalize",
      "Parallel Aware": false,
      "Startup Cost": 46486.63,
      "Total Cost": 46486.64,
      "Plan Rows": 1,
      "Plan Width": 8,
      "Actual Startup Time": 84.803,
      "Actual Total Time": 96.271,
      "Actual Rows": 1,
      "Actual Loops": 1,
      "Plans": [
        {
          "Node Type": "Gather",
          "Parent Relationship": "Outer",
          "Parallel Aware": false,
          "Startup Cost": 46486.21,
          "Total Cost": 46486.62,
          "Plan Rows": 4,
          "Plan Width": 8,
          "Actual Startup Time": 84.479,
          "Actual Total Time": 96.257,
          "Actual Rows": 5,
          "Actual Loops": 1,
          "Workers Planned": 4,
          "Workers Launched": 4,
          "Single Copy": false,
          "Plans": [
            {
              "Node Type": "Aggregate",
              "Strategy": "Plain",
              "Partial Mode": "Partial",
              "Parent Relationship": "Outer",
              "Parallel Aware": false,
              "Startup Cost": 45486.21,
              "Total Cost": 45486.22,
              "Plan Rows": 1,
              "Plan Width": 8,
              "Actual Startup Time": 77.969,
              "Actual Total Time": 77.972,
              "Actual Rows": 1,
              "Actual Loops": 5,
              "Plans": [
                {
                  "Node Type": "Seq Scan",
                  "Parent Relationship": "Outer",
                  "Parallel Aware": true,
                  "Relation Name": "title",
                  "Alias": "t",
                  "Startup Cost": 0.0,
                  "Total Cost": 45479.59,
                  "Plan Rows": 2650,
                  "Plan Width": 0,
                  "Actual Startup Time": 68.038,
                  "Actual Total Time": 77.962,
                  "Actual Rows": 0,
                  "Actual Loops": 5,
                  "Filter": "((kind_id > 4) AND (production_year < 1907))",
                  "Rows Removed by Filter": 505662
                }
              ]
            }
          ]
        }
      ]
    },
    "Planning Time": 0.068,
    "Triggers": [],
    "Execution Time": 96.294
  }
]