{
  "Plan": {
    "Node Type": "Aggregate",
    "Strategy": "Plain",
    "Partial Mode": "Finalize",
    "Parallel Aware": false,
    "Startup Cost": 462011.31,
    "Total Cost": 462011.32,
    "Plan Rows": 1,
    "Plan Width": 8,
    "Actual Startup Time": 1319.386,
    "Actual Total Time": 1338.194,
    "Actual Rows": 1,
    "Actual Loops": 1,
    "Plans": [
      {
        "Node Type": "Gather",
        "Parent Relationship": "Outer",
        "Parallel Aware": false,
        "Startup Cost": 462011.19,
        "Total Cost": 462011.3,
        "Plan Rows": 1,
        "Plan Width": 8,
        "Actual Startup Time": 1317.392,
        "Actual Total Time": 1338.185,
        "Actual Rows": 2,
        "Actual Loops": 1,
        "Workers Planned": 1,
        "Workers Launched": 1,
        "Single Copy": false,
        "Plans": [
          {
            "Node Type": "Aggregate",
            "Strategy": "Plain",
            "Partial Mode": "Partial",
            "Parent Relationship": "Outer",
            "Parallel Aware": false,
            "Startup Cost": 461011.19,
            "Total Cost": 461011.2,
            "Plan Rows": 1,
            "Plan Width": 8,
            "Actual Startup Time": 1311.412,
            "Actual Total Time": 1311.415,
            "Actual Rows": 1,
            "Actual Loops": 2,
            "Plans": [
              {
                "Node Type": "Hash Join",
                "Parent Relationship": "Outer",
                "Parallel Aware": true,
                "Join Type": "Inner",
                "Startup Cost": 163763.52,
                "Total Cost": 459159.3,
                "Plan Rows": 740756,
                "Plan Width": 0,
                "Actual Startup Time": 426.666,
                "Actual Total Time": 1279.34,
                "Actual Rows": 749100,
                "Actual Loops": 2,
                "Inner Unique": true,
                "Hash Cond": "(ci.movie_id = t.id)",
                "Plans": [
                  {
                    "Node Type": "Bitmap Heap Scan",
                    "Parent Relationship": "Outer",
                    "Parallel Aware": true,
                    "Relation Name": "cast_info",
                    "Alias": "ci",
                    "Startup Cost": 106023.08,
                    "Total Cost": 394006.59,
                    "Plan Rows": 2823721,
                    "Plan Width": 4,
                    "Actual Startup Time": 235.832,
                    "Actual Total Time": 491.296,
                    "Actual Rows": 2480026,
                    "Actual Loops": 2,
                    "Recheck Cond": "(person_id < 481176)",
                    "Rows Removed by Index Recheck": 0,
                    "Exact Heap Blocks": 27477,
                    "Lossy Heap Blocks": 0,
                    "Plans": [
                      {
                        "Node Type": "Bitmap Index Scan",
                        "Parent Relationship": "Outer",
                        "Parallel Aware": false,
                        "Index Name": "person_id_cast_info",
                        "Startup Cost": 0.0,
                        "Total Cost": 104823.0,
                        "Plan Rows": 4800325,
                        "Plan Width": 0,
                        "Actual Startup Time": 227.388,
                        "Actual Total Time": 227.389,
                        "Actual Rows": 4960053,
                        "Actual Loops": 1,
                        "Index Cond": "(person_id < 481176)"
                      }
                    ]
                  },
                  {
                    "Node Type": "Hash",
                    "Parent Relationship": "Inner",
                    "Parallel Aware": true,
                    "Startup Cost": 52863.55,
                    "Total Cost": 52863.55,
                    "Plan Rows": 390151,
                    "Plan Width": 4,
                    "Actual Startup Time": 181.437,
                    "Actual Total Time": 181.438,
                    "Actual Rows": 331412,
                    "Actual Loops": 2,
                    "Hash Buckets": 1048576,
                    "Original Hash Buckets": 1048576,
                    "Hash Batches": 1,
                    "Original Hash Batches": 1,
                    "Peak Memory Usage": 34176,
                    "Plans": [
                      {
                        "Node Type": "Bitmap Heap Scan",
                        "Parent Relationship": "Outer",
                        "Parallel Aware": true,
                        "Relation Name": "title",
                        "Alias": "t",
                        "Startup Cost": 11988.66,
                        "Total Cost": 52863.55,
                        "Plan Rows": 390151,
                        "Plan Width": 4,
                        "Actual Startup Time": 35.936,
                        "Actual Total Time": 99.656,
                        "Actual Rows": 331412,
                        "Actual Loops": 2,
                        "Recheck Cond": "(kind_id < 2)",
                        "Rows Removed by Index Recheck": 0,
                        "Exact Heap Blocks": 7430,
                        "Lossy Heap Blocks": 0,
                        "Plans": [
                          {
                            "Node Type": "Bitmap Index Scan",
                            "Parent Relationship": "Outer",
                            "Parallel Aware": false,
                            "Index Name": "kind_id_title",
                            "Startup Cost": 0.0,
                            "Total Cost": 11822.85,
                            "Plan Rows": 663256,
                            "Plan Width": 0,
                            "Actual Startup Time": 34.134,
                            "Actual Total Time": 34.134,
                            "Actual Rows": 662825,
                            "Actual Loops": 1,
                            "Index Cond": "(kind_id < 2)"
                          }
                        ]
                      }
                    ]
                  }
                ]
              }
            ]
          }
        ]
      }
    ]
  },
  "Planning Time": 0.663,
  "Triggers": [],
  "Execution Time": 1338.297
}