[
  {
    "Plan": {
      "Node Type": "Aggregate",
      "Strategy": "Plain",
      "Partial Mode": "Finalize",
      "Parallel Aware": false,
      "Startup Cost": 390603.19,
      "Total Cost": 390603.2,
      "Plan Rows": 1,
      "Plan Width": 8,
      "Actual Startup Time": 2096.726,
      "Actual Total Time": 2155.16,
      "Actual Rows": 1,
      "Actual Loops": 1,
      "Plans": [
        {
          "Node Type": "Gather",
          "Parent Relationship": "Outer",
          "Parallel Aware": false,
          "Startup Cost": 390602.57,
          "Total Cost": 390603.18,
          "Plan Rows": 6,
          "Plan Width": 8,
          "Actual Startup Time": 2076.554,
          "Actual Total Time": 2155.144,
          "Actual Rows": 7,
          "Actual Loops": 1,
          "Workers Planned": 6,
          "Workers Launched": 6,
          "Single Copy": false,
          "Plans": [
            {
              "Node Type": "Aggregate",
              "Strategy": "Plain",
              "Partial Mode": "Partial",
              "Parent Relationship": "Outer",
              "Parallel Aware": false,
              "Startup Cost": 389602.57,
              "Total Cost": 389602.58,
              "Plan Rows": 1,
              "Plan Width": 8,
              "Actual Startup Time": 2055.645,
              "Actual Total Time": 2055.65,
              "Actual Rows": 1,
              "Actual Loops": 7,
              "Plans": [
                {
                  "Node Type": "Hash Join",
                  "Parent Relationship": "Outer",
                  "Parallel Aware": true,
                  "Join Type": "Inner",
                  "Startup Cost": 51046.91,
                  "Total Cost": 384815.17,
                  "Plan Rows": 1914959,
                  "Plan Width": 0,
                  "Actual Startup Time": 298.066,
                  "Actual Total Time": 1959.166,
                  "Actual Rows": 1681027,
                  "Actual Loops": 7,
                  "Inner Unique": true,
                  "Hash Cond": "(ci.movie_id = t.id)",
                  "Plans": [
                    {
                      "Node Type": "Seq Scan",
                      "Parent Relationship": "Outer",
                      "Parallel Aware": true,
                      "Relation Name": "cast_info",
                      "Alias": "ci",
                      "Startup Cost": 0.0,
                      "Total Cost": 328211.39,
                      "Plan Rows": 2116898,
                      "Plan Width": 4,
                      "Actual Startup Time": 0.046,
                      "Actual Total Time": 767.335,
                      "Actual Rows": 1810098,
                      "Actual Loops": 7,
                      "Filter": "(role_id < 2)",
                      "Rows Removed by Filter": 3367665
                    },
                    {
                      "Node Type": "Hash",
                      "Parent Relationship": "Inner",
                      "Parallel Aware": true,
                      "Startup Cost": 43899.32,
                      "Total Cost": 43899.32,
                      "Plan Rows": 571807,
                      "Plan Width": 4,
                      "Actual Startup Time": 290.728,
                      "Actual Total Time": 290.73,
                      "Actual Rows": 325037,
                      "Actual Loops": 7,
                      "Hash Buckets": 4194304,
                      "Original Hash Buckets": 4194304,
                      "Hash Batches": 1,
                      "Original Hash Batches": 1,
                      "Peak Memory Usage": 121888,
                      "Plans": [
                        {
                          "Node Type": "Seq Scan",
                          "Parent Relationship": "Outer",
                          "Parallel Aware": true,
                          "Relation Name": "title",
                          "Alias": "t",
                          "Startup Cost": 0.0,
                          "Total Cost": 43899.32,
                          "Plan Rows": 571807,
                          "Plan Width": 4,
                          "Actual Startup Time": 0.053,
                          "Actual Total Time": 99.496,
                          "Actual Rows": 325037,
                          "Actual Loops": 7,
                          "Filter": "(production_year > 1952)",
                          "Rows Removed by Filter": 36150
                        }
                      ]
                    }
                  ]
                }
              ]
            }
          ]
        }
      ]
    },
    "Planning Time": 0.679,
    "Triggers": [],
    "Execution Time": 2155.285
  }
]