[
  {
    "Plan": {
      "Node Type": "Aggregate",
      "Strategy": "Plain",
      "Partial Mode": "Finalize",
      "Parallel Aware": false,
      "Startup Cost": 477381.97,
      "Total Cost": 477381.98,
      "Plan Rows": 1,
      "Plan Width": 8,
      "Actual Startup Time": 6547.355,
      "Actual Total Time": 6608.552,
      "Actual Rows": 1,
      "Actual Loops": 1,
      "Plans": [
        {
          "Node Type": "Gather",
          "Parent Relationship": "Outer",
          "Parallel Aware": false,
          "Startup Cost": 477381.34,
          "Total Cost": 477381.95,
          "Plan Rows": 6,
          "Plan Width": 8,
          "Actual Startup Time": 6504.347,
          "Actual Total Time": 6608.535,
          "Actual Rows": 7,
          "Actual Loops": 1,
          "Workers Planned": 6,
          "Workers Launched": 6,
          "Single Copy": false,
          "Plans": [
            {
              "Node Type": "Aggregate",
              "Strategy": "Plain",
              "Partial Mode": "Partial",
              "Parent Relationship": "Outer",
              "Parallel Aware": false,
              "Startup Cost": 476381.34,
              "Total Cost": 476381.35,
              "Plan Rows": 1,
              "Plan Width": 8,
              "Actual Startup Time": 6432.373,
              "Actual Total Time": 6433.346,
              "Actual Rows": 1,
              "Actual Loops": 7,
              "Plans": [
                {
                  "Node Type": "Hash Join",
                  "Parent Relationship": "Outer",
                  "Parallel Aware": true,
                  "Join Type": "Inner",
                  "Startup Cost": 104128.82,
                  "Total Cost": 463973.13,
                  "Plan Rows": 4963287,
                  "Plan Width": 0,
                  "Actual Startup Time": 1905.984,
                  "Actual Total Time": 5583.478,
                  "Actual Rows": 13178405,
                  "Actual Loops": 7,
                  "Inner Unique": false,
                  "Hash Cond": "(ci.movie_id = t.id)",
                  "Plans": [
                    {
                      "Node Type": "Seq Scan",
                      "Parent Relationship": "Outer",
                      "Parallel Aware": true,
                      "Relation Name": "cast_info",
                      "Alias": "ci",
                      "Startup Cost": 0.0,
                      "Total Cost": 328162.03,
                      "Plan Rows": 4179112,
                      "Plan Width": 4,
                      "Actual Startup Time": 0.031,
                      "Actual Total Time": 917.466,
                      "Actual Rows": 3598413,
                      "Actual Loops": 7,
                      "Filter": "(person_id < 2597592)",
                      "Rows Removed by Filter": 1579350
                    },
                    {
                      "Node Type": "Hash",
                      "Parent Relationship": "Inner",
                      "Parallel Aware": true,
                      "Startup Cost": 92021.13,
                      "Total Cost": 92021.13,
                      "Plan Rows": 968615,
                      "Plan Width": 8,
                      "Actual Startup Time": 1890.224,
                      "Actual Total Time": 1891.193,
                      "Actual Rows": 366560,
                      "Actual Loops": 7,
                      "Hash Buckets": 4194304,
                      "Original Hash Buckets": 4194304,
                      "Hash Batches": 1,
                      "Original Hash Batches": 1,
                      "Peak Memory Usage": 133312,
                      "Plans": [
                        {
                          "Node Type": "Hash Join",
                          "Parent Relationship": "Outer",
                          "Parallel Aware": true,
                          "Join Type": "Inner",
                          "Startup Cost": 49143.05,
                          "Total Cost": 92021.13,
                          "Plan Rows": 968615,
                          "Plan Width": 8,
                          "Actual Startup Time": 890.686,
                          "Actual Total Time": 1198.988,
                          "Actual Rows": 366560,
                          "Actual Loops": 7,
                          "Inner Unique": true,
                          "Hash Cond": "(mk.movie_id = t.id)",
                          "Plans": [
                            {
                              "Node Type": "Seq Scan",
                              "Parent Relationship": "Outer",
                              "Parallel Aware": true,
                              "Relation Name": "movie_keyword",
                              "Alias": "mk",
                              "Startup Cost": 0.0,
                              "Total Cost": 39047.32,
                              "Plan Rows": 1459332,
                              "Plan Width": 4,
                              "Actual Startup Time": 0.042,
                              "Actual Total Time": 112.516,
                              "Actual Rows": 646276,
                              "Actual Loops": 7
                            },
                            {
                              "Node Type": "Hash",
                              "Parent Relationship": "Inner",
                              "Parallel Aware": true,
                              "Startup Cost": 43898.92,
                              "Total Cost": 43898.92,
                              "Plan Rows": 419531,
                              "Plan Width": 4,
                              "Actual Startup Time": 878.045,
                              "Actual Total Time": 878.048,
                              "Actual Rows": 239077,
                              "Actual Loops": 7,
                              "Hash Buckets": 2097152,
                              "Original Hash Buckets": 2097152,
                              "Hash Batches": 1,
                              "Original Hash Batches": 1,
                              "Peak Memory Usage": 81952,
                              "Plans": [
                                {
                                  "Node Type": "Seq Scan",
                                  "Parent Relationship": "Outer",
                                  "Parallel Aware": true,
                                  "Relation Name": "title",
                                  "Alias": "t",
                                  "Startup Cost": 0.0,
                                  "Total Cost": 43898.92,
                                  "Plan Rows": 419531,
                                  "Plan Width": 4,
                                  "Actual Startup Time": 0.108,
                                  "Actual Total Time": 189.682,
                                  "Actual Rows": 239077,
                                  "Actual Loops": 7,
                                  "Filter": "(production_year > 1993)",
                                  "Rows Removed by Filter": 122110
                                }
                              ]
                            }
                          ]
                        }
                      ]
                    }
                  ]
                }
              ]
            }
          ]
        }
      ]
    },
    "Planning Time": 1.251,
    "Triggers": [],
    "Execution Time": 6608.645
  }
]