{
    "Plan": {
        "Node Type": "Aggregate",
        "Strategy": "Plain",
        "Partial Mode": "Finalize",
        "Parallel Aware": false,
        "Startup Cost": 334520.95,
        "Total Cost": 334520.96,
        "Plan Rows": 1,
        "Plan Width": 8,
        "Actual Startup Time": 5649.152,
        "Actual Total Time": 5693.242,
        "Actual Rows": 1,
        "Actual Loops": 1,
        "Output": [
            "count(*)"
        ],
        "Plans": [
            {
                "Node Type": "Gather",
                "Parent Relationship": "Outer",
                "Parallel Aware": false,
                "Startup Cost": 334520.43,
                "Total Cost": 334520.94,
                "Plan Rows": 5,
                "Plan Width": 8,
                "Actual Startup Time": 5612.101,
                "Actual Total Time": 5693.228,
                "Actual Rows": 6,
                "Actual Loops": 1,
                "Output": [
                    "(PARTIAL count(*))"
                ],
                "Workers Planned": 5,
                "Workers Launched": 5,
                "Single Copy": false,
                "Plans": [
                    {
                        "Node Type": "Aggregate",
                        "Strategy": "Plain",
                        "Partial Mode": "Partial",
                        "Parent Relationship": "Outer",
                        "Parallel Aware": false,
                        "Startup Cost": 333520.43,
                        "Total Cost": 333520.44,
                        "Plan Rows": 1,
                        "Plan Width": 8,
                        "Actual Startup Time": 5588.922,
                        "Actual Total Time": 5590.071,
                        "Actual Rows": 1,
                        "Actual Loops": 6,
                        "Output": [
                            "PARTIAL count(*)"
                        ],
                        "Workers": [
                            {
                                "Worker Number": 0,
                                "Actual Startup Time": 5584.167,
                                "Actual Total Time": 5584.171,
                                "Actual Rows": 1,
                                "Actual Loops": 1
                            },
                            {
                                "Worker Number": 1,
                                "Actual Startup Time": 5584.188,
                                "Actual Total Time": 5584.194,
                                "Actual Rows": 1,
                                "Actual Loops": 1
                            },
                            {
                                "Worker Number": 2,
                                "Actual Startup Time": 5588.166,
                                "Actual Total Time": 5588.171,
                                "Actual Rows": 1,
                                "Actual Loops": 1
                            },
                            {
                                "Worker Number": 3,
                                "Actual Startup Time": 5584.099,
                                "Actual Total Time": 5584.105,
                                "Actual Rows": 1,
                                "Actual Loops": 1
                            },
                            {
                                "Worker Number": 4,
                                "Actual Startup Time": 5584.09,
                                "Actual Total Time": 5584.095,
                                "Actual Rows": 1,
                                "Actual Loops": 1
                            }
                        ],
                        "Plans": [
                            {
                                "Node Type": "Hash Join",
                                "Parent Relationship": "Outer",
                                "Parallel Aware": true,
                                "Join Type": "Inner",
                                "Startup Cost": 107261.21,
                                "Total Cost": 323177.03,
                                "Plan Rows": 4137359,
                                "Plan Width": 0,
                                "Actual Startup Time": 741.128,
                                "Actual Total Time": 4130.869,
                                "Actual Rows": 31471441,
                                "Actual Loops": 6,
                                "Inner Unique": false,
                                "Hash Cond": "(mi.movie_id = t.id)",
                                "Workers": [
                                    {
                                        "Worker Number": 0,
                                        "Actual Startup Time": 737.205,
                                        "Actual Total Time": 4121.259,
                                        "Actual Rows": 25840787,
                                        "Actual Loops": 1
                                    },
                                    {
                                        "Worker Number": 1,
                                        "Actual Startup Time": 736.692,
                                        "Actual Total Time": 4154.536,
                                        "Actual Rows": 34916821,
                                        "Actual Loops": 1
                                    },
                                    {
                                        "Worker Number": 2,
                                        "Actual Startup Time": 737.085,
                                        "Actual Total Time": 4135.686,
                                        "Actual Rows": 25366954,
                                        "Actual Loops": 1
                                    },
                                    {
                                        "Worker Number": 3,
                                        "Actual Startup Time": 737.028,
                                        "Actual Total Time": 4120.494,
                                        "Actual Rows": 32226178,
                                        "Actual Loops": 1
                                    },
                                    {
                                        "Worker Number": 4,
                                        "Actual Startup Time": 736.995,
                                        "Actual Total Time": 4138.25,
                                        "Actual Rows": 36750856,
                                        "Actual Loops": 1
                                    }
                                ],
                                "Plans": [
                                    {
                                        "Node Type": "Seq Scan",
                                        "Parent Relationship": "Outer",
                                        "Parallel Aware": true,
                                        "Relation Name": "movie_info",
                                        "Schema": "public",
                                        "Alias": "mi",
                                        "Startup Cost": 0.0,
                                        "Total Cost": 191503.19,
                                        "Plan Rows": 2951019,
                                        "Plan Width": 4,
                                        "Actual Startup Time": 0.036,
                                        "Actual Total Time": 305.114,
                                        "Actual Rows": 2472620,
                                        "Actual Loops": 6,
                                        "Output": [
                                            "mi.id",
                                            "mi.movie_id",
                                            "mi.info_type_id",
                                            "mi.info",
                                            "mi.note"
                                        ],
                                        "Workers": [
                                            {
                                                "Worker Number": 0,
                                                "Actual Startup Time": 0.047,
                                                "Actual Total Time": 314.319,
                                                "Actual Rows": 2198487,
                                                "Actual Loops": 1
                                            },
                                            {
                                                "Worker Number": 1,
                                                "Actual Startup Time": 0.039,
                                                "Actual Total Time": 323.333,
                                                "Actual Rows": 2710603,
                                                "Actual Loops": 1
                                            },
                                            {
                                                "Worker Number": 2,
                                                "Actual Startup Time": 0.042,
                                                "Actual Total Time": 320.696,
                                                "Actual Rows": 2086102,
                                                "Actual Loops": 1
                                            },
                                            {
                                                "Worker Number": 3,
                                                "Actual Startup Time": 0.04,
                                                "Actual Total Time": 318.065,
                                                "Actual Rows": 2366078,
                                                "Actual Loops": 1
                                            },
                                            {
                                                "Worker Number": 4,
                                                "Actual Startup Time": 0.037,
                                                "Actual Total Time": 314.101,
                                                "Actual Rows": 2932329,
                                                "Actual Loops": 1
                                            }
                                        ]
                                    },
                                    {
                                        "Node Type": "Hash",
                                        "Parent Relationship": "Inner",
                                        "Parallel Aware": true,
                                        "Startup Cost": 92967.94,
                                        "Total Cost": 92967.94,
                                        "Plan Rows": 1143462,
                                        "Plan Width": 8,
                                        "Actual Startup Time": 732.414,
                                        "Actual Total Time": 733.561,
                                        "Actual Rows": 553723,
                                        "Actual Loops": 6,
                                        "Output": [
                                            "t.id",
                                            "mk.movie_id"
                                        ],
                                        "Hash Buckets": 4194304,
                                        "Original Hash Buckets": 4194304,
                                        "Hash Batches": 1,
                                        "Original Hash Batches": 1,
                                        "Peak Memory Usage": 162784,
                                        "Workers": [
                                            {
                                                "Worker Number": 0,
                                                "Actual Startup Time": 735.643,
                                                "Actual Total Time": 735.646,
                                                "Actual Rows": 471599,
                                                "Actual Loops": 1
                                            },
                                            {
                                                "Worker Number": 1,
                                                "Actual Startup Time": 735.689,
                                                "Actual Total Time": 735.693,
                                                "Actual Rows": 665791,
                                                "Actual Loops": 1
                                            },
                                            {
                                                "Worker Number": 2,
                                                "Actual Startup Time": 735.734,
                                                "Actual Total Time": 735.738,
                                                "Actual Rows": 463747,
                                                "Actual Loops": 1
                                            },
                                            {
                                                "Worker Number": 3,
                                                "Actual Startup Time": 735.752,
                                                "Actual Total Time": 735.755,
                                                "Actual Rows": 484890,
                                                "Actual Loops": 1
                                            },
                                            {
                                                "Worker Number": 4,
                                                "Actual Startup Time": 735.734,
                                                "Actual Total Time": 735.738,
                                                "Actual Rows": 707538,
                                                "Actual Loops": 1
                                            }
                                        ],
                                        "Plans": [
                                            {
                                                "Node Type": "Hash Join",
                                                "Parent Relationship": "Outer",
                                                "Parallel Aware": true,
                                                "Join Type": "Inner",
                                                "Startup Cost": 50089.86,
                                                "Total Cost": 92967.94,
                                                "Plan Rows": 1143462,
                                                "Plan Width": 8,
                                                "Actual Startup Time": 281.498,
                                                "Actual Total Time": 543.726,
                                                "Actual Rows": 553723,
                                                "Actual Loops": 6,
                                                "Output": [
                                                    "t.id",
                                                    "mk.movie_id"
                                                ],
                                                "Inner Unique": true,
                                                "Hash Cond": "(mk.movie_id = t.id)",
                                                "Workers": [
                                                    {
                                                        "Worker Number": 0,
                                                        "Actual Startup Time": 281.427,
                                                        "Actual Total Time": 544.634,
                                                        "Actual Rows": 471599,
                                                        "Actual Loops": 1
                                                    },
                                                    {
                                                        "Worker Number": 1,
                                                        "Actual Startup Time": 281.5,
                                                        "Actual Total Time": 544.026,
                                                        "Actual Rows": 665791,
                                                        "Actual Loops": 1
                                                    },
                                                    {
                                                        "Worker Number": 2,
                                                        "Actual Startup Time": 281.439,
                                                        "Actual Total Time": 542.499,
                                                        "Actual Rows": 463747,
                                                        "Actual Loops": 1
                                                    },
                                                    {
                                                        "Worker Number": 3,
                                                        "Actual Startup Time": 281.429,
                                                        "Actual Total Time": 542.855,
                                                        "Actual Rows": 484890,
                                                        "Actual Loops": 1
                                                    },
                                                    {
                                                        "Worker Number": 4,
                                                        "Actual Startup Time": 281.533,
                                                        "Actual Total Time": 543.001,
                                                        "Actual Rows": 707538,
                                                        "Actual Loops": 1
                                                    }
                                                ],
                                                "Plans": [
                                                    {
                                                        "Node Type": "Seq Scan",
                                                        "Parent Relationship": "Outer",
                                                        "Parallel Aware": true,
                                                        "Relation Name": "movie_keyword",
                                                        "Schema": "public",
                                                        "Alias": "mk",
                                                        "Startup Cost": 0.0,
                                                        "Total Cost": 39047.32,
                                                        "Plan Rows": 1459332,
                                                        "Plan Width": 4,
                                                        "Actual Startup Time": 0.018,
                                                        "Actual Total Time": 93.102,
                                                        "Actual Rows": 753988,
                                                        "Actual Loops": 6,
                                                        "Output": [
                                                            "mk.id",
                                                            "mk.movie_id",
                                                            "mk.keyword_id"
                                                        ],
                                                        "Workers": [
                                                            {
                                                                "Worker Number": 0,
                                                                "Actual Startup Time": 0.024,
                                                                "Actual Total Time": 96.057,
                                                                "Actual Rows": 640470,
                                                                "Actual Loops": 1
                                                            },
                                                            {
                                                                "Worker Number": 1,
                                                                "Actual Startup Time": 0.021,
                                                                "Actual Total Time": 97.017,
                                                                "Actual Rows": 903725,
                                                                "Actual Loops": 1
                                                            },
                                                            {
                                                                "Worker Number": 2,
                                                                "Actual Startup Time": 0.014,
                                                                "Actual Total Time": 95.881,
                                                                "Actual Rows": 631590,
                                                                "Actual Loops": 1
                                                            },
                                                            {
                                                                "Worker Number": 3,
                                                                "Actual Startup Time": 0.02,
                                                                "Actual Total Time": 96.461,
                                                                "Actual Rows": 660265,
                                                                "Actual Loops": 1
                                                            },
                                                            {
                                                                "Worker Number": 4,
                                                                "Actual Startup Time": 0.019,
                                                                "Actual Total Time": 97.019,
                                                                "Actual Rows": 962000,
                                                                "Actual Loops": 1
                                                            }
                                                        ]
                                                    },
                                                    {
                                                        "Node Type": "Hash",
                                                        "Parent Relationship": "Inner",
                                                        "Parallel Aware": true,
                                                        "Startup Cost": 43899.01,
                                                        "Total Cost": 43899.01,
                                                        "Plan Rows": 495268,
                                                        "Plan Width": 4,
                                                        "Actual Startup Time": 278.282,
                                                        "Actual Total Time": 278.283,
                                                        "Actual Rows": 331776,
                                                        "Actual Loops": 6,
                                                        "Output": [
                                                            "t.id"
                                                        ],
                                                        "Hash Buckets": 2097152,
                                                        "Original Hash Buckets": 2097152,
                                                        "Hash Batches": 1,
                                                        "Original Hash Batches": 1,
                                                        "Peak Memory Usage": 94368,
                                                        "Workers": [
                                                            {
                                                                "Worker Number": 0,
                                                                "Actual Startup Time": 281.287,
                                                                "Actual Total Time": 281.288,
                                                                "Actual Rows": 269671,
                                                                "Actual Loops": 1
                                                            },
                                                            {
                                                                "Worker Number": 1,
                                                                "Actual Startup Time": 281.252,
                                                                "Actual Total Time": 281.253,
                                                                "Actual Rows": 350161,
                                                                "Actual Loops": 1
                                                            },
                                                            {
                                                                "Worker Number": 2,
                                                                "Actual Startup Time": 281.282,
                                                                "Actual Total Time": 281.283,
                                                                "Actual Rows": 295649,
                                                                "Actual Loops": 1
                                                            },
                                                            {
                                                                "Worker Number": 3,
                                                                "Actual Startup Time": 281.331,
                                                                "Actual Total Time": 281.333,
                                                                "Actual Rows": 291628,
                                                                "Actual Loops": 1
                                                            },
                                                            {
                                                                "Worker Number": 4,
                                                                "Actual Startup Time": 281.273,
                                                                "Actual Total Time": 281.274,
                                                                "Actual Rows": 394475,
                                                                "Actual Loops": 1
                                                            }
                                                        ],
                                                        "Plans": [
                                                            {
                                                                "Node Type": "Seq Scan",
                                                                "Parent Relationship": "Outer",
                                                                "Parallel Aware": true,
                                                                "Relation Name": "title",
                                                                "Schema": "public",
                                                                "Alias": "t",
                                                                "Startup Cost": 0.0,
                                                                "Total Cost": 43899.01,
                                                                "Plan Rows": 495268,
                                                                "Plan Width": 4,
                                                                "Actual Startup Time": 0.066,
                                                                "Actual Total Time": 103.041,
                                                                "Actual Rows": 331776,
                                                                "Actual Loops": 6,
                                                                "Output": [
                                                                    "t.id"
                                                                ],
                                                                "Filter": "(t.production_year > 1976)",
                                                                "Rows Removed by Filter": 89610,
                                                                "Workers": [
                                                                    {
                                                                        "Worker Number": 0,
                                                                        "Actual Startup Time": 0.07,
                                                                        "Actual Total Time": 104.962,
                                                                        "Actual Rows": 269671,
                                                                        "Actual Loops": 1
                                                                    },
                                                                    {
                                                                        "Worker Number": 1,
                                                                        "Actual Startup Time": 0.08,
                                                                        "Actual Total Time": 101.064,
                                                                        "Actual Rows": 350161,
                                                                        "Actual Loops": 1
                                                                    },
                                                                    {
                                                                        "Worker Number": 2,
                                                                        "Actual Startup Time": 0.08,
                                                                        "Actual Total Time": 108.018,
                                                                        "Actual Rows": 295649,
                                                                        "Actual Loops": 1
                                                                    },
                                                                    {
                                                                        "Worker Number": 3,
                                                                        "Actual Startup Time": 0.078,
                                                                        "Actual Total Time": 108.033,
                                                                        "Actual Rows": 291628,
                                                                        "Actual Loops": 1
                                                                    },
                                                                    {
                                                                        "Worker Number": 4,
                                                                        "Actual Startup Time": 0.07,
                                                                        "Actual Total Time": 103.883,
                                                                        "Actual Rows": 394475,
                                                                        "Actual Loops": 1
                                                                    }
                                                                ]
                                                            }
                                                        ]
                                                    }
                                                ]
                                            }
                                        ]
                                    }
                                ]
                            }
                        ]
                    }
                ]
            }
        ]
    },
    "Planning Time": 1.421,
    "Triggers": [],
    "Execution Time": 5693.329
}