[
  {
    "Plan": {
      "Node Type": "Aggregate",
      "Strategy": "Plain",
      "Partial Mode": "Finalize",
      "Parallel Aware": false,
      "Startup Cost": 45313.37,
      "Total Cost": 45313.38,
      "Plan Rows": 1,
      "Plan Width": 8,
      "Actual Startup Time": 156.516,
      "Actual Total Time": 165.866,
      "Actual Rows": 1,
      "Actual Loops": 1,
      "Plans": [
        {
          "Node Type": "Gather",
          "Parent Relationship": "Outer",
          "Parallel Aware": false,
          "Startup Cost": 45313.05,
          "Total Cost": 45313.36,
          "Plan Rows": 3,
          "Plan Width": 8,
          "Actual Startup Time": 156.41,
          "Actual Total Time": 165.856,
          "Actual Rows": 4,
          "Actual Loops": 1,
          "Workers Planned": 3,
          "Workers Launched": 3,
          "Single Copy": false,
          "Plans": [
            {
              "Node Type": "Aggregate",
              "Strategy": "Plain",
              "Partial Mode": "Partial",
              "Parent Relationship": "Outer",
              "Parallel Aware": false,
              "Startup Cost": 44313.05,
              "Total Cost": 44313.06,
              "Plan Rows": 1,
              "Plan Width": 8,
              "Actual Startup Time": 148.329,
              "Actual Total Time": 148.33,
              "Actual Rows": 1,
              "Actual Loops": 4,
              "Plans": [
                {
                  "Node Type": "Seq Scan",
                  "Parent Relationship": "Outer",
                  "Parallel Aware": true,
                  "Relation Name": "movie_keyword",
                  "Alias": "mk",
                  "Startup Cost": 0.0,
                  "Total Cost": 42695.65,
                  "Plan Rows": 646959,
                  "Plan Width": 0,
                  "Actual Startup Time": 1.214,
                  "Actual Total Time": 122.335,
                  "Actual Rows": 500757,
                  "Actual Loops": 4,
                  "Filter": "(keyword_id > 6244)",
                  "Rows Removed by Filter": 630225
                }
              ]
            }
          ]
        }
      ]
    },
    "Planning Time": 0.182,
    "Triggers": [],
    "Execution Time": 165.924
  }
]