{
  "Plan": {
    "Node Type": "Aggregate",
    "Strategy": "Plain",
    "Partial Mode": "Finalize",
    "Parallel Aware": false,
    "Startup Cost": 800845.06,
    "Total Cost": 800845.07,
    "Plan Rows": 1,
    "Plan Width": 8,
    "Actual Startup Time": 5217.204,
    "Actual Total Time": 5275.665,
    "Actual Rows": 1,
    "Actual Loops": 1,
    "Plans": [
      {
        "Node Type": "Gather",
        "Parent Relationship": "Outer",
        "Parallel Aware": false,
        "Startup Cost": 800844.95,
        "Total Cost": 800845.06,
        "Plan Rows": 1,
        "Plan Width": 8,
        "Actual Startup Time": 5208.368,
        "Actual Total Time": 5275.654,
        "Actual Rows": 2,
        "Actual Loops": 1,
        "Workers Planned": 1,
        "Workers Launched": 1,
        "Single Copy": false,
        "Plans": [
          {
            "Node Type": "Aggregate",
            "Strategy": "Plain",
            "Partial Mode": "Partial",
            "Parent Relationship": "Outer",
            "Parallel Aware": false,
            "Startup Cost": 799844.95,
            "Total Cost": 799844.96,
            "Plan Rows": 1,
            "Plan Width": 8,
            "Actual Startup Time": 5199.015,
            "Actual Total Time": 5200.664,
            "Actual Rows": 1,
            "Actual Loops": 2,
            "Plans": [
              {
                "Node Type": "Hash Join",
                "Parent Relationship": "Outer",
                "Parallel Aware": true,
                "Join Type": "Inner",
                "Startup Cost": 148149.34,
                "Total Cost": 783853.3,
                "Plan Rows": 6396658,
                "Plan Width": 0,
                "Actual Startup Time": 2140.553,
                "Actual Total Time": 4834.151,
                "Actual Rows": 8992528,
                "Actual Loops": 2,
                "Inner Unique": false,
                "Hash Cond": "(ci.movie_id = t.id)",
                "Plans": [
                  {
                    "Node Type": "Seq Scan",
                    "Parent Relationship": "Outer",
                    "Parallel Aware": true,
                    "Relation Name": "cast_info",
                    "Alias": "ci",
                    "Startup Cost": 0.0,
                    "Total Cost": 572345.93,
                    "Plan Rows": 6861506,
                    "Plan Width": 4,
                    "Actual Startup Time": 771.023,
                    "Actual Total Time": 1659.007,
                    "Actual Rows": 4843704,
                    "Actual Loops": 2,
                    "Filter": "((person_id > 2336223) AND (role_id < 10))",
                    "Rows Removed by Filter": 13278468
                  },
                  {
                    "Node Type": "Hash",
                    "Parent Relationship": "Inner",
                    "Parallel Aware": true,
                    "Startup Cost": 130818.4,
                    "Total Cost": 130818.4,
                    "Plan Rows": 1386475,
                    "Plan Width": 8,
                    "Actual Startup Time": 1349.348,
                    "Actual Total Time": 1350.994,
                    "Actual Rows": 1176590,
                    "Actual Loops": 2,
                    "Hash Buckets": 4194304,
                    "Original Hash Buckets": 4194304,
                    "Hash Batches": 1,
                    "Original Hash Batches": 1,
                    "Peak Memory Usage": 124832,
                    "Plans": [
                      {
                        "Node Type": "Hash Join",
                        "Parent Relationship": "Outer",
                        "Parallel Aware": true,
                        "Join Type": "Inner",
                        "Startup Cost": 69460.7,
                        "Total Cost": 130818.4,
                        "Plan Rows": 1386475,
                        "Plan Width": 8,
                        "Actual Startup Time": 599.917,
                        "Actual Total Time": 1092.967,
                        "Actual Rows": 1176590,
                        "Actual Loops": 2,
                        "Inner Unique": true,
                        "Hash Cond": "(mk.movie_id = t.id)",
                        "Plans": [
                          {
                            "Node Type": "Seq Scan",
                            "Parent Relationship": "Outer",
                            "Parallel Aware": true,
                            "Relation Name": "movie_keyword",
                            "Alias": "mk",
                            "Startup Cost": 0.0,
                            "Total Cost": 57718.19,
                            "Plan Rows": 1386475,
                            "Plan Width": 4,
                            "Actual Startup Time": 0.436,
                            "Actual Total Time": 235.361,
                            "Actual Rows": 1176590,
                            "Actual Loops": 2,
                            "Filter": "(keyword_id > 4208)",
                            "Rows Removed by Filter": 1085375
                          },
                          {
                            "Node Type": "Hash",
                            "Parent Relationship": "Inner",
                            "Parallel Aware": true,
                            "Startup Cost": 50870.31,
                            "Total Cost": 50870.31,
                            "Plan Rows": 1487231,
                            "Plan Width": 4,
                            "Actual Startup Time": 583.185,
                            "Actual Total Time": 583.186,
                            "Actual Rows": 1264156,
                            "Actual Loops": 2,
                            "Hash Buckets": 4194304,
                            "Original Hash Buckets": 4194304,
                            "Hash Batches": 1,
                            "Original Hash Batches": 1,
                            "Peak Memory Usage": 131712,
                            "Plans": [
                              {
                                "Node Type": "Seq Scan",
                                "Parent Relationship": "Outer",
                                "Parallel Aware": true,
                                "Relation Name": "title",
                                "Alias": "t",
                                "Startup Cost": 0.0,
                                "Total Cost": 50870.31,
                                "Plan Rows": 1487231,
                                "Plan Width": 4,
                                "Actual Startup Time": 0.039,
                                "Actual Total Time": 175.995,
                                "Actual Rows": 1264156,
                                "Actual Loops": 2
                              }
                            ]
                          }
                        ]
                      }
                    ]
                  }
                ]
              }
            ]
          }
        ]
      }
    ]
  },
  "Planning Time": 0.75,
  "Triggers": [],
  "Execution Time": 5275.736
}