[
  {
    "Plan": {
      "Node Type": "Aggregate",
      "Strategy": "Plain",
      "Partial Mode": "Finalize",
      "Parallel Aware": false,
      "Startup Cost": 347355.18,
      "Total Cost": 347355.19,
      "Plan Rows": 1,
      "Plan Width": 8,
      "Actual Startup Time": 813.302,
      "Actual Total Time": 861.481,
      "Actual Rows": 1,
      "Actual Loops": 1,
      "Plans": [
        {
          "Node Type": "Gather",
          "Parent Relationship": "Outer",
          "Parallel Aware": false,
          "Startup Cost": 347354.55,
          "Total Cost": 347355.16,
          "Plan Rows": 6,
          "Plan Width": 8,
          "Actual Startup Time": 812.995,
          "Actual Total Time": 861.464,
          "Actual Rows": 7,
          "Actual Loops": 1,
          "Workers Planned": 6,
          "Workers Launched": 6,
          "Single Copy": false,
          "Plans": [
            {
              "Node Type": "Aggregate",
              "Strategy": "Plain",
              "Partial Mode": "Partial",
              "Parent Relationship": "Outer",
              "Parallel Aware": false,
              "Startup Cost": 346354.55,
              "Total Cost": 346354.56,
              "Plan Rows": 1,
              "Plan Width": 8,
              "Actual Startup Time": 803.13,
              "Actual Total Time": 803.131,
              "Actual Rows": 1,
              "Actual Loops": 7,
              "Plans": [
                {
                  "Node Type": "Seq Scan",
                  "Parent Relationship": "Outer",
                  "Parallel Aware": true,
                  "Relation Name": "cast_info",
                  "Alias": "ci",
                  "Startup Cost": 0.0,
                  "Total Cost": 343316.27,
                  "Plan Rows": 1215313,
                  "Plan Width": 0,
                  "Actual Startup Time": 0.068,
                  "Actual Total Time": 721.403,
                  "Actual Rows": 1358948,
                  "Actual Loops": 7,
                  "Filter": "((person_id < 1298901) AND (role_id < 3))",
                  "Rows Removed by Filter": 3818815
                }
              ]
            }
          ]
        }
      ]
    },
    "Planning Time": 0.113,
    "Triggers": [],
    "Execution Time": 861.53
  }
]