[
  {
    "Plan": {
      "Node Type": "Aggregate",
      "Strategy": "Plain",
      "Partial Mode": "Finalize",
      "Parallel Aware": false,
      "Startup Cost": 347259.31,
      "Total Cost": 347259.32,
      "Plan Rows": 1,
      "Plan Width": 8,
      "Actual Startup Time": 759.02,
      "Actual Total Time": 815.493,
      "Actual Rows": 1,
      "Actual Loops": 1,
      "Plans": [
        {
          "Node Type": "Gather",
          "Parent Relationship": "Outer",
          "Parallel Aware": false,
          "Startup Cost": 347258.68,
          "Total Cost": 347259.29,
          "Plan Rows": 6,
          "Plan Width": 8,
          "Actual Startup Time": 758.92,
          "Actual Total Time": 815.481,
          "Actual Rows": 7,
          "Actual Loops": 1,
          "Workers Planned": 6,
          "Workers Launched": 6,
          "Single Copy": false,
          "Plans": [
            {
              "Node Type": "Aggregate",
              "Strategy": "Plain",
              "Partial Mode": "Partial",
              "Parent Relationship": "Outer",
              "Parallel Aware": false,
              "Startup Cost": 346258.68,
              "Total Cost": 346258.7,
              "Plan Rows": 1,
              "Plan Width": 8,
              "Actual Startup Time": 748.535,
              "Actual Total Time": 748.537,
              "Actual Rows": 1,
              "Actual Loops": 7,
              "Plans": [
                {
                  "Node Type": "Seq Scan",
                  "Parent Relationship": "Outer",
                  "Parallel Aware": true,
                  "Relation Name": "cast_info",
                  "Alias": "ci",
                  "Startup Cost": 0.0,
                  "Total Cost": 343257.03,
                  "Plan Rows": 1200662,
                  "Plan Width": 0,
                  "Actual Startup Time": 0.062,
                  "Actual Total Time": 681.305,
                  "Actual Rows": 1358948,
                  "Actual Loops": 7,
                  "Filter": "((person_id < 1298901) AND (role_id < 3))",
                  "Rows Removed by Filter": 3818815
                }
              ]
            }
          ]
        }
      ]
    },
    "Planning Time": 0.195,
    "Triggers": [],
    "Execution Time": 815.561
  }
]