[
  {
    "Plan": {
      "Node Type": "Aggregate",
      "Strategy": "Plain",
      "Partial Mode": "Finalize",
      "Parallel Aware": false,
      "Startup Cost": 47261.91,
      "Total Cost": 47261.92,
      "Plan Rows": 1,
      "Plan Width": 8,
      "Actual Startup Time": 119.598,
      "Actual Total Time": 132.698,
      "Actual Rows": 1,
      "Actual Loops": 1,
      "Plans": [
        {
          "Node Type": "Gather",
          "Parent Relationship": "Outer",
          "Parallel Aware": false,
          "Startup Cost": 47261.49,
          "Total Cost": 47261.9,
          "Plan Rows": 4,
          "Plan Width": 8,
          "Actual Startup Time": 119.275,
          "Actual Total Time": 132.69,
          "Actual Rows": 5,
          "Actual Loops": 1,
          "Workers Planned": 4,
          "Workers Launched": 4,
          "Single Copy": false,
          "Plans": [
            {
              "Node Type": "Aggregate",
              "Strategy": "Plain",
              "Partial Mode": "Partial",
              "Parent Relationship": "Outer",
              "Parallel Aware": false,
              "Startup Cost": 46261.49,
              "Total Cost": 46261.5,
              "Plan Rows": 1,
              "Plan Width": 8,
              "Actual Startup Time": 111.276,
              "Actual Total Time": 111.278,
              "Actual Rows": 1,
              "Actual Loops": 5,
              "Plans": [
                {
                  "Node Type": "Seq Scan",
                  "Parent Relationship": "Outer",
                  "Parallel Aware": true,
                  "Relation Name": "title",
                  "Alias": "t",
                  "Startup Cost": 0.0,
                  "Total Cost": 45479.1,
                  "Plan Rows": 312956,
                  "Plan Width": 0,
                  "Actual Startup Time": 0.037,
                  "Actual Total Time": 96.53,
                  "Actual Rows": 266596,
                  "Actual Loops": 5,
                  "Filter": "((production_year > 1972) AND (kind_id = 7))",
                  "Rows Removed by Filter": 239066
                }
              ]
            }
          ]
        }
      ]
    },
    "Planning Time": 0.198,
    "Triggers": [],
    "Execution Time": 132.757
  }
]