{
  "Plan": {
    "Node Type": "Aggregate",
    "Strategy": "Plain",
    "Partial Mode": "Finalize",
    "Parallel Aware": false,
    "Startup Cost": 69320.08,
    "Total Cost": 69320.09,
    "Plan Rows": 1,
    "Plan Width": 8,
    "Actual Startup Time": 275.738,
    "Actual Total Time": 287.989,
    "Actual Rows": 1,
    "Actual Loops": 1,
    "Plans": [
      {
        "Node Type": "Gather",
        "Parent Relationship": "Outer",
        "Parallel Aware": false,
        "Startup Cost": 69319.97,
        "Total Cost": 69320.08,
        "Plan Rows": 1,
        "Plan Width": 8,
        "Actual Startup Time": 275.616,
        "Actual Total Time": 287.98,
        "Actual Rows": 2,
        "Actual Loops": 1,
        "Workers Planned": 1,
        "Workers Launched": 1,
        "Single Copy": false,
        "Plans": [
          {
            "Node Type": "Aggregate",
            "Strategy": "Plain",
            "Partial Mode": "Partial",
            "Parent Relationship": "Outer",
            "Parallel Aware": false,
            "Startup Cost": 68319.97,
            "Total Cost": 68319.98,
            "Plan Rows": 1,
            "Plan Width": 8,
            "Actual Startup Time": 269.278,
            "Actual Total Time": 269.283,
            "Actual Rows": 1,
            "Actual Loops": 2,
            "Plans": [
              {
                "Node Type": "Hash Join",
                "Parent Relationship": "Outer",
                "Parallel Aware": false,
                "Join Type": "Inner",
                "Startup Cost": 5199.94,
                "Total Cost": 68319.3,
                "Plan Rows": 267,
                "Plan Width": 0,
                "Actual Startup Time": 38.221,
                "Actual Total Time": 269.274,
                "Actual Rows": 6,
                "Actual Loops": 2,
                "Inner Unique": false,
                "Hash Cond": "(mk.movie_id = t.id)",
                "Plans": [
                  {
                    "Node Type": "Seq Scan",
                    "Parent Relationship": "Outer",
                    "Parallel Aware": true,
                    "Relation Name": "movie_keyword",
                    "Alias": "mk",
                    "Startup Cost": 0.0,
                    "Total Cost": 57718.19,
                    "Plan Rows": 1439600,
                    "Plan Width": 4,
                    "Actual Startup Time": 1.055,
                    "Actual Total Time": 205.155,
                    "Actual Rows": 1221054,
                    "Actual Loops": 2,
                    "Filter": "(keyword_id > 3688)",
                    "Rows Removed by Filter": 1040912
                  },
                  {
                    "Node Type": "Hash",
                    "Parent Relationship": "Inner",
                    "Parallel Aware": false,
                    "Startup Cost": 5194.08,
                    "Total Cost": 5194.08,
                    "Plan Rows": 469,
                    "Plan Width": 8,
                    "Actual Startup Time": 1.265,
                    "Actual Total Time": 1.267,
                    "Actual Rows": 22,
                    "Actual Loops": 2,
                    "Hash Buckets": 1024,
                    "Original Hash Buckets": 1024,
                    "Hash Batches": 1,
                    "Original Hash Batches": 1,
                    "Peak Memory Usage": 9,
                    "Plans": [
                      {
                        "Node Type": "Nested Loop",
                        "Parent Relationship": "Outer",
                        "Parallel Aware": false,
                        "Join Type": "Inner",
                        "Startup Cost": 0.99,
                        "Total Cost": 5194.08,
                        "Plan Rows": 469,
                        "Plan Width": 8,
                        "Actual Startup Time": 0.325,
                        "Actual Total Time": 1.221,
                        "Actual Rows": 22,
                        "Actual Loops": 2,
                        "Inner Unique": true,
                        "Plans": [
                          {
                            "Node Type": "Index Scan",
                            "Parent Relationship": "Outer",
                            "Parallel Aware": false,
                            "Scan Direction": "Forward",
                            "Index Name": "person_id_cast_info",
                            "Relation Name": "cast_info",
                            "Alias": "ci",
                            "Startup Cost": 0.56,
                            "Total Cost": 1058.43,
                            "Plan Rows": 497,
                            "Plan Width": 4,
                            "Actual Startup Time": 0.185,
                            "Actual Total Time": 0.226,
                            "Actual Rows": 22,
                            "Actual Loops": 2,
                            "Index Cond": "(person_id = 3673464)",
                            "Rows Removed by Index Recheck": 0
                          },
                          {
                            "Node Type": "Index Scan",
                            "Parent Relationship": "Inner",
                            "Parallel Aware": false,
                            "Scan Direction": "Forward",
                            "Index Name": "title_pkey",
                            "Relation Name": "title",
                            "Alias": "t",
                            "Startup Cost": 0.43,
                            "Total Cost": 8.32,
                            "Plan Rows": 1,
                            "Plan Width": 4,
                            "Actual Startup Time": 0.043,
                            "Actual Total Time": 0.043,
                            "Actual Rows": 1,
                            "Actual Loops": 44,
                            "Index Cond": "(id = ci.movie_id)",
                            "Rows Removed by Index Recheck": 0,
                            "Filter": "(production_year < 2013)",
                            "Rows Removed by Filter": 0
                          }
                        ]
                      }
                    ]
                  }
                ]
              }
            ]
          }
        ]
      }
    ]
  },
  "Planning Time": 1.1,
  "Triggers": [],
  "Execution Time": 288.085
}