[
  {
    "Plan": {
      "Node Type": "Aggregate",
      "Strategy": "Plain",
      "Partial Mode": "Finalize",
      "Parallel Aware": false,
      "Startup Cost": 398363.06,
      "Total Cost": 398363.07,
      "Plan Rows": 1,
      "Plan Width": 8,
      "Actual Startup Time": 1249.668,
      "Actual Total Time": 1324.442,
      "Actual Rows": 1,
      "Actual Loops": 1,
      "Plans": [
        {
          "Node Type": "Gather",
          "Parent Relationship": "Outer",
          "Parallel Aware": false,
          "Startup Cost": 398362.44,
          "Total Cost": 398363.05,
          "Plan Rows": 6,
          "Plan Width": 8,
          "Actual Startup Time": 1247.824,
          "Actual Total Time": 1324.425,
          "Actual Rows": 7,
          "Actual Loops": 1,
          "Workers Planned": 6,
          "Workers Launched": 6,
          "Single Copy": false,
          "Plans": [
            {
              "Node Type": "Aggregate",
              "Strategy": "Plain",
              "Partial Mode": "Partial",
              "Parent Relationship": "Outer",
              "Parallel Aware": false,
              "Startup Cost": 397362.44,
              "Total Cost": 397362.45,
              "Plan Rows": 1,
              "Plan Width": 8,
              "Actual Startup Time": 1230.171,
              "Actual Total Time": 1230.174,
              "Actual Rows": 1,
              "Actual Loops": 7,
              "Plans": [
                {
                  "Node Type": "Hash Join",
                  "Parent Relationship": "Outer",
                  "Parallel Aware": true,
                  "Join Type": "Inner",
                  "Startup Cost": 46117.29,
                  "Total Cost": 396796.49,
                  "Plan Rows": 226379,
                  "Plan Width": 0,
                  "Actual Startup Time": 419.45,
                  "Actual Total Time": 1220.46,
                  "Actual Rows": 157009,
                  "Actual Loops": 7,
                  "Inner Unique": true,
                  "Hash Cond": "(ci.movie_id = t.id)",
                  "Plans": [
                    {
                      "Node Type": "Seq Scan",
                      "Parent Relationship": "Outer",
                      "Parallel Aware": true,
                      "Relation Name": "cast_info",
                      "Alias": "ci",
                      "Startup Cost": 0.0,
                      "Total Cost": 343316.27,
                      "Plan Rows": 2804923,
                      "Plan Width": 4,
                      "Actual Startup Time": 245.404,
                      "Actual Total Time": 749.742,
                      "Actual Rows": 1906602,
                      "Actual Loops": 7,
                      "Filter": "((person_id < 2691406) AND (role_id > 1))",
                      "Rows Removed by Filter": 3271162
                    },
                    {
                      "Node Type": "Hash",
                      "Parent Relationship": "Inner",
                      "Parallel Aware": true,
                      "Startup Cost": 45479.59,
                      "Total Cost": 45479.59,
                      "Plan Rows": 51016,
                      "Plan Width": 4,
                      "Actual Startup Time": 170.925,
                      "Actual Total Time": 170.926,
                      "Actual Rows": 26056,
                      "Actual Loops": 7,
                      "Hash Buckets": 262144,
                      "Original Hash Buckets": 262144,
                      "Hash Batches": 1,
                      "Original Hash Batches": 1,
                      "Peak Memory Usage": 9280,
                      "Plans": [
                        {
                          "Node Type": "Seq Scan",
                          "Parent Relationship": "Outer",
                          "Parallel Aware": true,
                          "Relation Name": "title",
                          "Alias": "t",
                          "Startup Cost": 0.0,
                          "Total Cost": 45479.59,
                          "Plan Rows": 51016,
                          "Plan Width": 4,
                          "Actual Startup Time": 82.699,
                          "Actual Total Time": 150.779,
                          "Actual Rows": 26056,
                          "Actual Loops": 7,
                          "Filter": "((production_year > 2007) AND (kind_id = 1))",
                          "Rows Removed by Filter": 335131
                        }
                      ]
                    }
                  ]
                }
              ]
            }
          ]
        }
      ]
    },
    "Planning Time": 1.119,
    "Triggers": [],
    "Execution Time": 1324.588
  }
]