{
  "Plan": {
    "Node Type": "Aggregate",
    "Strategy": "Plain",
    "Partial Mode": "Finalize",
    "Parallel Aware": false,
    "Startup Cost": 611628.71,
    "Total Cost": 611628.72,
    "Plan Rows": 1,
    "Plan Width": 8,
    "Actual Startup Time": 2716.519,
    "Actual Total Time": 2768.55,
    "Actual Rows": 1,
    "Actual Loops": 1,
    "Plans": [
      {
        "Node Type": "Gather",
        "Parent Relationship": "Outer",
        "Parallel Aware": false,
        "Startup Cost": 611628.6,
        "Total Cost": 611628.71,
        "Plan Rows": 1,
        "Plan Width": 8,
        "Actual Startup Time": 2716.359,
        "Actual Total Time": 2768.543,
        "Actual Rows": 2,
        "Actual Loops": 1,
        "Workers Planned": 1,
        "Workers Launched": 1,
        "Single Copy": false,
        "Plans": [
          {
            "Node Type": "Aggregate",
            "Strategy": "Plain",
            "Partial Mode": "Partial",
            "Parent Relationship": "Outer",
            "Parallel Aware": false,
            "Startup Cost": 610628.6,
            "Total Cost": 610628.61,
            "Plan Rows": 1,
            "Plan Width": 8,
            "Actual Startup Time": 2713.839,
            "Actual Total Time": 2713.842,
            "Actual Rows": 1,
            "Actual Loops": 2,
            "Plans": [
              {
                "Node Type": "Hash Join",
                "Parent Relationship": "Outer",
                "Parallel Aware": true,
                "Join Type": "Inner",
                "Startup Cost": 54690.64,
                "Total Cost": 610436.48,
                "Plan Rows": 76848,
                "Plan Width": 0,
                "Actual Startup Time": 605.026,
                "Actual Total Time": 2711.351,
                "Actual Rows": 43677,
                "Actual Loops": 2,
                "Inner Unique": true,
                "Hash Cond": "(ci.movie_id = t.id)",
                "Plans": [
                  {
                    "Node Type": "Seq Scan",
                    "Parent Relationship": "Outer",
                    "Parallel Aware": true,
                    "Relation Name": "cast_info",
                    "Alias": "ci",
                    "Startup Cost": 0.0,
                    "Total Cost": 519069.44,
                    "Plan Rows": 13971936,
                    "Plan Width": 4,
                    "Actual Startup Time": 475.136,
                    "Actual Total Time": 1693.876,
                    "Actual Rows": 11786828,
                    "Actual Loops": 2,
                    "Filter": "(role_id > 1)",
                    "Rows Removed by Filter": 6335344
                  },
                  {
                    "Node Type": "Hash",
                    "Parent Relationship": "Inner",
                    "Parallel Aware": true,
                    "Startup Cost": 54588.39,
                    "Total Cost": 54588.39,
                    "Plan Rows": 8180,
                    "Plan Width": 4,
                    "Actual Startup Time": 128.835,
                    "Actual Total Time": 128.836,
                    "Actual Rows": 6532,
                    "Actual Loops": 2,
                    "Hash Buckets": 16384,
                    "Original Hash Buckets": 16384,
                    "Hash Batches": 1,
                    "Original Hash Batches": 1,
                    "Peak Memory Usage": 672,
                    "Plans": [
                      {
                        "Node Type": "Seq Scan",
                        "Parent Relationship": "Outer",
                        "Parallel Aware": true,
                        "Relation Name": "title",
                        "Alias": "t",
                        "Startup Cost": 0.0,
                        "Total Cost": 54588.39,
                        "Plan Rows": 8180,
                        "Plan Width": 4,
                        "Actual Startup Time": 0.109,
                        "Actual Total Time": 126.411,
                        "Actual Rows": 6532,
                        "Actual Loops": 2,
                        "Filter": "(production_year = 1965)",
                        "Rows Removed by Filter": 1257624
                      }
                    ]
                  }
                ]
              }
            ]
          }
        ]
      }
    ]
  },
  "Planning Time": 0.28,
  "Triggers": [],
  "Execution Time": 2768.611
}