[
  {
    "Plan": {
      "Node Type": "Aggregate",
      "Strategy": "Plain",
      "Partial Mode": "Finalize",
      "Parallel Aware": false,
      "Startup Cost": 439197.35,
      "Total Cost": 439197.36,
      "Plan Rows": 1,
      "Plan Width": 8,
      "Actual Startup Time": 1847.451,
      "Actual Total Time": 1913.216,
      "Actual Rows": 1,
      "Actual Loops": 1,
      "Plans": [
        {
          "Node Type": "Gather",
          "Parent Relationship": "Outer",
          "Parallel Aware": false,
          "Startup Cost": 439196.73,
          "Total Cost": 439197.34,
          "Plan Rows": 6,
          "Plan Width": 8,
          "Actual Startup Time": 1839.894,
          "Actual Total Time": 1913.205,
          "Actual Rows": 7,
          "Actual Loops": 1,
          "Workers Planned": 6,
          "Workers Launched": 6,
          "Single Copy": false,
          "Plans": [
            {
              "Node Type": "Aggregate",
              "Strategy": "Plain",
              "Partial Mode": "Partial",
              "Parent Relationship": "Outer",
              "Parallel Aware": false,
              "Startup Cost": 438196.73,
              "Total Cost": 438196.74,
              "Plan Rows": 1,
              "Plan Width": 8,
              "Actual Startup Time": 1830.923,
              "Actual Total Time": 1831.018,
              "Actual Rows": 1,
              "Actual Loops": 7,
              "Plans": [
                {
                  "Node Type": "Hash Join",
                  "Parent Relationship": "Outer",
                  "Parallel Aware": true,
                  "Join Type": "Inner",
                  "Startup Cost": 94486.11,
                  "Total Cost": 434726.99,
                  "Plan Rows": 1387893,
                  "Plan Width": 0,
                  "Actual Startup Time": 295.004,
                  "Actual Total Time": 1779.785,
                  "Actual Rows": 904456,
                  "Actual Loops": 7,
                  "Inner Unique": false,
                  "Hash Cond": "(ci.movie_id = t.id)",
                  "Plans": [
                    {
                      "Node Type": "Seq Scan",
                      "Parent Relationship": "Outer",
                      "Parallel Aware": true,
                      "Relation Name": "cast_info",
                      "Alias": "ci",
                      "Startup Cost": 0.0,
                      "Total Cost": 313106.51,
                      "Plan Rows": 6041951,
                      "Plan Width": 4,
                      "Actual Startup Time": 0.052,
                      "Actual Total Time": 635.391,
                      "Actual Rows": 5177763,
                      "Actual Loops": 7
                    },
                    {
                      "Node Type": "Hash",
                      "Parent Relationship": "Inner",
                      "Parallel Aware": true,
                      "Startup Cost": 92144.17,
                      "Total Cost": 92144.17,
                      "Plan Rows": 187355,
                      "Plan Width": 8,
                      "Actual Startup Time": 292.229,
                      "Actual Total Time": 292.322,
                      "Actual Rows": 39717,
                      "Actual Loops": 7,
                      "Hash Buckets": 1048576,
                      "Original Hash Buckets": 1048576,
                      "Hash Batches": 1,
                      "Original Hash Batches": 1,
                      "Peak Memory Usage": 19168,
                      "Plans": [
                        {
                          "Node Type": "Hash Join",
                          "Parent Relationship": "Outer",
                          "Parallel Aware": true,
                          "Join Type": "Inner",
                          "Startup Cost": 47692.42,
                          "Total Cost": 92144.17,
                          "Plan Rows": 187355,
                          "Plan Width": 8,
                          "Actual Startup Time": 146.406,
                          "Actual Total Time": 272.328,
                          "Actual Rows": 39717,
                          "Actual Loops": 7,
                          "Inner Unique": true,
                          "Hash Cond": "(mk.movie_id = t.id)",
                          "Plans": [
                            {
                              "Node Type": "Seq Scan",
                              "Parent Relationship": "Outer",
                              "Parallel Aware": true,
                              "Relation Name": "movie_keyword",
                              "Alias": "mk",
                              "Startup Cost": 0.0,
                              "Total Cost": 42695.65,
                              "Plan Rows": 668987,
                              "Plan Width": 4,
                              "Actual Startup Time": 0.32,
                              "Actual Total Time": 82.571,
                              "Actual Rows": 293671,
                              "Actual Loops": 7,
                              "Filter": "(keyword_id > 5943)",
                              "Rows Removed by Filter": 352605
                            },
                            {
                              "Node Type": "Hash",
                              "Parent Relationship": "Inner",
                              "Parallel Aware": true,
                              "Startup Cost": 45479.59,
                              "Total Cost": 45479.59,
                              "Plan Rows": 177027,
                              "Plan Width": 4,
                              "Actual Startup Time": 144.67,
                              "Actual Total Time": 144.675,
                              "Actual Rows": 86367,
                              "Actual Loops": 7,
                              "Hash Buckets": 1048576,
                              "Original Hash Buckets": 1048576,
                              "Hash Batches": 1,
                              "Original Hash Batches": 1,
                              "Peak Memory Usage": 31936,
                              "Plans": [
                                {
                                  "Node Type": "Seq Scan",
                                  "Parent Relationship": "Outer",
                                  "Parallel Aware": true,
                                  "Relation Name": "title",
                                  "Alias": "t",
                                  "Startup Cost": 0.0,
                                  "Total Cost": 45479.59,
                                  "Plan Rows": 177027,
                                  "Plan Width": 4,
                                  "Actual Startup Time": 0.05,
                                  "Actual Total Time": 91.43,
                                  "Actual Rows": 86367,
                                  "Actual Loops": 7,
                                  "Filter": "((kind_id > 1) AND (production_year < 1999))",
                                  "Rows Removed by Filter": 274820
                                }
                              ]
                            }
                          ]
                        }
                      ]
                    }
                  ]
                }
              ]
            }
          ]
        }
      ]
    },
    "Planning Time": 0.921,
    "Triggers": [],
    "Execution Time": 1913.287
  }
]