[
  {
    "Plan": {
      "Node Type": "Aggregate",
      "Strategy": "Plain",
      "Partial Mode": "Finalize",
      "Parallel Aware": false,
      "Startup Cost": 46685.28,
      "Total Cost": 46685.29,
      "Plan Rows": 1,
      "Plan Width": 8,
      "Actual Startup Time": 171.668,
      "Actual Total Time": 181.183,
      "Actual Rows": 1,
      "Actual Loops": 1,
      "Plans": [
        {
          "Node Type": "Gather",
          "Parent Relationship": "Outer",
          "Parallel Aware": false,
          "Startup Cost": 46684.96,
          "Total Cost": 46685.27,
          "Plan Rows": 3,
          "Plan Width": 8,
          "Actual Startup Time": 171.532,
          "Actual Total Time": 181.174,
          "Actual Rows": 4,
          "Actual Loops": 1,
          "Workers Planned": 3,
          "Workers Launched": 3,
          "Single Copy": false,
          "Plans": [
            {
              "Node Type": "Aggregate",
              "Strategy": "Plain",
              "Partial Mode": "Partial",
              "Parent Relationship": "Outer",
              "Parallel Aware": false,
              "Startup Cost": 45684.96,
              "Total Cost": 45684.97,
              "Plan Rows": 1,
              "Plan Width": 8,
              "Actual Startup Time": 162.971,
              "Actual Total Time": 162.972,
              "Actual Rows": 1,
              "Actual Loops": 4,
              "Plans": [
                {
                  "Node Type": "Seq Scan",
                  "Parent Relationship": "Outer",
                  "Parallel Aware": true,
                  "Relation Name": "movie_keyword",
                  "Alias": "mk",
                  "Startup Cost": 0.0,
                  "Total Cost": 42695.65,
                  "Plan Rows": 1195724,
                  "Plan Width": 0,
                  "Actual Startup Time": 0.131,
                  "Actual Total Time": 122.413,
                  "Actual Rows": 924266,
                  "Actual Loops": 4,
                  "Filter": "(keyword_id > 791)",
                  "Rows Removed by Filter": 206717
                }
              ]
            }
          ]
        }
      ]
    },
    "Planning Time": 0.178,
    "Triggers": [],
    "Execution Time": 181.242
  }
]