[
  {
    "Plan": {
      "Node Type": "Aggregate",
      "Strategy": "Plain",
      "Partial Mode": "Finalize",
      "Parallel Aware": false,
      "Startup Cost": 32930.05,
      "Total Cost": 32930.06,
      "Plan Rows": 1,
      "Plan Width": 8,
      "Actual Startup Time": 93.682,
      "Actual Total Time": 101.796,
      "Actual Rows": 1,
      "Actual Loops": 1,
      "Plans": [
        {
          "Node Type": "Gather",
          "Parent Relationship": "Outer",
          "Parallel Aware": false,
          "Startup Cost": 32929.73,
          "Total Cost": 32930.04,
          "Plan Rows": 3,
          "Plan Width": 8,
          "Actual Startup Time": 93.535,
          "Actual Total Time": 101.786,
          "Actual Rows": 4,
          "Actual Loops": 1,
          "Workers Planned": 3,
          "Workers Launched": 3,
          "Single Copy": false,
          "Plans": [
            {
              "Node Type": "Aggregate",
              "Strategy": "Plain",
              "Partial Mode": "Partial",
              "Parent Relationship": "Outer",
              "Parallel Aware": false,
              "Startup Cost": 31929.73,
              "Total Cost": 31929.74,
              "Plan Rows": 1,
              "Plan Width": 8,
              "Actual Startup Time": 88.332,
              "Actual Total Time": 88.333,
              "Actual Rows": 1,
              "Actual Loops": 4,
              "Plans": [
                {
                  "Node Type": "Seq Scan",
                  "Parent Relationship": "Outer",
                  "Parallel Aware": true,
                  "Relation Name": "movie_companies",
                  "Alias": "mc",
                  "Startup Cost": 0.0,
                  "Total Cost": 31414.82,
                  "Plan Rows": 205965,
                  "Plan Width": 0,
                  "Actual Startup Time": 0.026,
                  "Actual Total Time": 76.237,
                  "Actual Rows": 221733,
                  "Actual Loops": 4,
                  "Filter": "((company_id < 11369) AND (company_type_id < 2))",
                  "Rows Removed by Filter": 430549
                }
              ]
            }
          ]
        }
      ]
    },
    "Planning Time": 0.11,
    "Triggers": [],
    "Execution Time": 101.824
  }
]