{
  "Plan": {
    "Node Type": "Aggregate",
    "Strategy": "Plain",
    "Partial Mode": "Finalize",
    "Parallel Aware": false,
    "Startup Cost": 1070798.11,
    "Total Cost": 1070798.12,
    "Plan Rows": 1,
    "Plan Width": 8,
    "Actual Startup Time": 9678.415,
    "Actual Total Time": 9766.353,
    "Actual Rows": 1,
    "Actual Loops": 1,
    "Plans": [
      {
        "Node Type": "Gather",
        "Parent Relationship": "Outer",
        "Parallel Aware": false,
        "Startup Cost": 1070798.0,
        "Total Cost": 1070798.11,
        "Plan Rows": 1,
        "Plan Width": 8,
        "Actual Startup Time": 9665.82,
        "Actual Total Time": 9766.344,
        "Actual Rows": 2,
        "Actual Loops": 1,
        "Workers Planned": 1,
        "Workers Launched": 1,
        "Single Copy": false,
        "Plans": [
          {
            "Node Type": "Aggregate",
            "Strategy": "Plain",
            "Partial Mode": "Partial",
            "Parent Relationship": "Outer",
            "Parallel Aware": false,
            "Startup Cost": 1069798.0,
            "Total Cost": 1069798.01,
            "Plan Rows": 1,
            "Plan Width": 8,
            "Actual Startup Time": 9636.383,
            "Actual Total Time": 9636.39,
            "Actual Rows": 1,
            "Actual Loops": 2,
            "Plans": [
              {
                "Node Type": "Hash Join",
                "Parent Relationship": "Outer",
                "Parallel Aware": true,
                "Join Type": "Inner",
                "Startup Cost": 680019.15,
                "Total Cost": 1042415.8,
                "Plan Rows": 10952880,
                "Plan Width": 0,
                "Actual Startup Time": 6807.933,
                "Actual Total Time": 9297.052,
                "Actual Rows": 8696919,
                "Actual Loops": 2,
                "Inner Unique": false,
                "Hash Cond": "(mi.movie_id = t.id)",
                "Plans": [
                  {
                    "Node Type": "Seq Scan",
                    "Parent Relationship": "Outer",
                    "Parallel Aware": true,
                    "Relation Name": "movie_info",
                    "Alias": "mi",
                    "Startup Cost": 0.0,
                    "Total Cost": 270696.42,
                    "Plan Rows": 3116745,
                    "Plan Width": 4,
                    "Actual Startup Time": 37.275,
                    "Actual Total Time": 771.371,
                    "Actual Rows": 2635284,
                    "Actual Loops": 2,
                    "Filter": "(info_type_id > 15)",
                    "Rows Removed by Filter": 4782576
                  },
                  {
                    "Node Type": "Hash",
                    "Parent Relationship": "Inner",
                    "Parallel Aware": true,
                    "Startup Cost": 614688.71,
                    "Total Cost": 614688.71,
                    "Plan Rows": 5226435,
                    "Plan Width": 8,
                    "Actual Startup Time": 6715.666,
                    "Actual Total Time": 6715.671,
                    "Actual Rows": 4615870,
                    "Actual Loops": 2,
                    "Hash Buckets": 16777216,
                    "Original Hash Buckets": 16777216,
                    "Hash Batches": 1,
                    "Original Hash Batches": 1,
                    "Peak Memory Usage": 492224,
                    "Plans": [
                      {
                        "Node Type": "Hash Join",
                        "Parent Relationship": "Outer",
                        "Parallel Aware": true,
                        "Join Type": "Inner",
                        "Startup Cost": 67318.59,
                        "Total Cost": 614688.71,
                        "Plan Rows": 5226435,
                        "Plan Width": 8,
                        "Actual Startup Time": 368.062,
                        "Actual Total Time": 5048.551,
                        "Actual Rows": 4615870,
                        "Actual Loops": 2,
                        "Inner Unique": true,
                        "Hash Cond": "(ci.movie_id = t.id)",
                        "Plans": [
                          {
                            "Node Type": "Seq Scan",
                            "Parent Relationship": "Outer",
                            "Parallel Aware": true,
                            "Relation Name": "cast_info",
                            "Alias": "ci",
                            "Startup Cost": 0.0,
                            "Total Cost": 519069.44,
                            "Plan Rows": 10781194,
                            "Plan Width": 4,
                            "Actual Startup Time": 0.021,
                            "Actual Total Time": 1562.712,
                            "Actual Rows": 9168062,
                            "Actual Loops": 2,
                            "Filter": "(person_id < 1823031)",
                            "Rows Removed by Filter": 8954110
                          },
                          {
                            "Node Type": "Hash",
                            "Parent Relationship": "Inner",
                            "Parallel Aware": true,
                            "Startup Cost": 58306.47,
                            "Total Cost": 58306.47,
                            "Plan Rows": 720970,
                            "Plan Width": 4,
                            "Actual Startup Time": 362.59,
                            "Actual Total Time": 362.591,
                            "Actual Rows": 654448,
                            "Actual Loops": 2,
                            "Hash Buckets": 2097152,
                            "Original Hash Buckets": 2097152,
                            "Hash Batches": 1,
                            "Original Hash Batches": 1,
                            "Peak Memory Usage": 67616,
                            "Plans": [
                              {
                                "Node Type": "Seq Scan",
                                "Parent Relationship": "Outer",
                                "Parallel Aware": true,
                                "Relation Name": "title",
                                "Alias": "t",
                                "Startup Cost": 0.0,
                                "Total Cost": 58306.47,
                                "Plan Rows": 720970,
                                "Plan Width": 4,
                                "Actual Startup Time": 0.053,
                                "Actual Total Time": 173.2,
                                "Actual Rows": 654448,
                                "Actual Loops": 2,
                                "Filter": "((production_year > 1975) AND (kind_id = 7))",
                                "Rows Removed by Filter": 609708
                              }
                            ]
                          }
                        ]
                      }
                    ]
                  }
                ]
              }
            ]
          }
        ]
      }
    ]
  },
  "Planning Time": 1.089,
  "Triggers": [],
  "Execution Time": 9766.497
}