[
  {
    "Plan": {
      "Node Type": "Aggregate",
      "Strategy": "Plain",
      "Partial Mode": "Finalize",
      "Parallel Aware": false,
      "Startup Cost": 92405.03,
      "Total Cost": 92405.04,
      "Plan Rows": 1,
      "Plan Width": 8,
      "Actual Startup Time": 329.947,
      "Actual Total Time": 366.491,
      "Actual Rows": 1,
      "Actual Loops": 1,
      "Plans": [
        {
          "Node Type": "Gather",
          "Parent Relationship": "Outer",
          "Parallel Aware": false,
          "Startup Cost": 92404.61,
          "Total Cost": 92405.02,
          "Plan Rows": 4,
          "Plan Width": 8,
          "Actual Startup Time": 329.601,
          "Actual Total Time": 366.48,
          "Actual Rows": 5,
          "Actual Loops": 1,
          "Workers Planned": 4,
          "Workers Launched": 4,
          "Single Copy": false,
          "Plans": [
            {
              "Node Type": "Aggregate",
              "Strategy": "Plain",
              "Partial Mode": "Partial",
              "Parent Relationship": "Outer",
              "Parallel Aware": false,
              "Startup Cost": 91404.61,
              "Total Cost": 91404.62,
              "Plan Rows": 1,
              "Plan Width": 8,
              "Actual Startup Time": 319.278,
              "Actual Total Time": 319.28,
              "Actual Rows": 1,
              "Actual Loops": 5,
              "Plans": [
                {
                  "Node Type": "Nested Loop",
                  "Parent Relationship": "Outer",
                  "Parallel Aware": false,
                  "Join Type": "Inner",
                  "Startup Cost": 1.0,
                  "Total Cost": 91338.02,
                  "Plan Rows": 26636,
                  "Plan Width": 0,
                  "Actual Startup Time": 2.849,
                  "Actual Total Time": 312.915,
                  "Actual Rows": 110696,
                  "Actual Loops": 5,
                  "Inner Unique": false,
                  "Join Filter": "(t.id = ci.movie_id)",
                  "Rows Removed by Join Filter": 0,
                  "Plans": [
                    {
                      "Node Type": "Nested Loop",
                      "Parent Relationship": "Outer",
                      "Parallel Aware": false,
                      "Join Type": "Inner",
                      "Startup Cost": 0.43,
                      "Total Cost": 78986.58,
                      "Plan Rows": 6143,
                      "Plan Width": 8,
                      "Actual Startup Time": 2.281,
                      "Actual Total Time": 99.441,
                      "Actual Rows": 6851,
                      "Actual Loops": 5,
                      "Inner Unique": false,
                      "Plans": [
                        {
                          "Node Type": "Seq Scan",
                          "Parent Relationship": "Outer",
                          "Parallel Aware": true,
                          "Relation Name": "title",
                          "Alias": "t",
                          "Startup Cost": 0.0,
                          "Total Cost": 43898.92,
                          "Plan Rows": 4825,
                          "Plan Width": 4,
                          "Actual Startup Time": 0.121,
                          "Actual Total Time": 67.694,
                          "Actual Rows": 3678,
                          "Actual Loops": 5,
                          "Filter": "(production_year = 1985)",
                          "Rows Removed by Filter": 501984
                        },
                        {
                          "Node Type": "Index Scan",
                          "Parent Relationship": "Inner",
                          "Parallel Aware": false,
                          "Scan Direction": "Forward",
                          "Index Name": "movie_id_movie_keyword",
                          "Relation Name": "movie_keyword",
                          "Alias": "mk",
                          "Startup Cost": 0.43,
                          "Total Cost": 6.95,
                          "Plan Rows": 32,
                          "Plan Width": 4,
                          "Actual Startup Time": 0.007,
                          "Actual Total Time": 0.008,
                          "Actual Rows": 2,
                          "Actual Loops": 18391,
                          "Index Cond": "(movie_id = t.id)",
                          "Rows Removed by Index Recheck": 0,
                          "Filter": "(keyword_id < 13301)",
                          "Rows Removed by Filter": 1
                        }
                      ]
                    },
                    {
                      "Node Type": "Index Scan",
                      "Parent Relationship": "Inner",
                      "Parallel Aware": false,
                      "Scan Direction": "Forward",
                      "Index Name": "movie_id_cast_info",
                      "Relation Name": "cast_info",
                      "Alias": "ci",
                      "Startup Cost": 0.56,
                      "Total Cost": 1.87,
                      "Plan Rows": 11,
                      "Plan Width": 4,
                      "Actual Startup Time": 0.015,
                      "Actual Total Time": 0.029,
                      "Actual Rows": 16,
                      "Actual Loops": 34256,
                      "Index Cond": "(movie_id = mk.movie_id)",
                      "Rows Removed by Index Recheck": 0,
                      "Filter": "((person_id > 1961155) AND (role_id > 1))",
                      "Rows Removed by Filter": 25
                    }
                  ]
                }
              ]
            }
          ]
        }
      ]
    },
    "Planning Time": 1.55,
    "Triggers": [],
    "Execution Time": 366.594
  }
]