[
  {
    "Plan": {
      "Node Type": "Aggregate",
      "Strategy": "Plain",
      "Partial Mode": "Finalize",
      "Parallel Aware": false,
      "Startup Cost": 68872.2,
      "Total Cost": 68872.21,
      "Plan Rows": 1,
      "Plan Width": 8,
      "Actual Startup Time": 186.262,
      "Actual Total Time": 193.149,
      "Actual Rows": 1,
      "Actual Loops": 1,
      "Plans": [
        {
          "Node Type": "Gather",
          "Parent Relationship": "Outer",
          "Parallel Aware": false,
          "Startup Cost": 68871.89,
          "Total Cost": 68872.2,
          "Plan Rows": 3,
          "Plan Width": 8,
          "Actual Startup Time": 185.726,
          "Actual Total Time": 193.142,
          "Actual Rows": 4,
          "Actual Loops": 1,
          "Workers Planned": 3,
          "Workers Launched": 3,
          "Single Copy": false,
          "Plans": [
            {
              "Node Type": "Aggregate",
              "Strategy": "Plain",
              "Partial Mode": "Partial",
              "Parent Relationship": "Outer",
              "Parallel Aware": false,
              "Startup Cost": 67871.89,
              "Total Cost": 67871.9,
              "Plan Rows": 1,
              "Plan Width": 8,
              "Actual Startup Time": 182.221,
              "Actual Total Time": 182.224,
              "Actual Rows": 1,
              "Actual Loops": 4,
              "Plans": [
                {
                  "Node Type": "Hash Join",
                  "Parent Relationship": "Outer",
                  "Parallel Aware": true,
                  "Join Type": "Inner",
                  "Startup Cost": 38400.69,
                  "Total Cost": 67816.58,
                  "Plan Rows": 22124,
                  "Plan Width": 0,
                  "Actual Startup Time": 73.363,
                  "Actual Total Time": 180.19,
                  "Actual Rows": 39550,
                  "Actual Loops": 4,
                  "Inner Unique": true,
                  "Hash Cond": "(mc.movie_id = t.id)",
                  "Plans": [
                    {
                      "Node Type": "Seq Scan",
                      "Parent Relationship": "Outer",
                      "Parallel Aware": true,
                      "Relation Name": "movie_companies",
                      "Alias": "mc",
                      "Startup Cost": 0.0,
                      "Total Cost": 27206.55,
                      "Plan Rows": 841655,
                      "Plan Width": 4,
                      "Actual Startup Time": 0.021,
                      "Actual Total Time": 56.182,
                      "Actual Rows": 652282,
                      "Actual Loops": 4
                    },
                    {
                      "Node Type": "Hash",
                      "Parent Relationship": "Inner",
                      "Parallel Aware": true,
                      "Startup Cost": 38193.0,
                      "Total Cost": 38193.0,
                      "Plan Rows": 16615,
                      "Plan Width": 4,
                      "Actual Startup Time": 49.819,
                      "Actual Total Time": 49.82,
                      "Actual Rows": 20409,
                      "Actual Loops": 4,
                      "Hash Buckets": 131072,
                      "Original Hash Buckets": 131072,
                      "Hash Batches": 1,
                      "Original Hash Batches": 1,
                      "Peak Memory Usage": 4256,
                      "Plans": [
                        {
                          "Node Type": "Bitmap Heap Scan",
                          "Parent Relationship": "Outer",
                          "Parallel Aware": true,
                          "Relation Name": "title",
                          "Alias": "t",
                          "Startup Cost": 1817.01,
                          "Total Cost": 38193.0,
                          "Plan Rows": 16615,
                          "Plan Width": 4,
                          "Actual Startup Time": 13.938,
                          "Actual Total Time": 42.876,
                          "Actual Rows": 20409,
                          "Actual Loops": 4,
                          "Recheck Cond": "(kind_id = 3)",
                          "Rows Removed by Index Recheck": 0,
                          "Filter": "(production_year < 2008)",
                          "Rows Removed by Filter": 4726,
                          "Exact Heap Blocks": 6128,
                          "Lossy Heap Blocks": 0,
                          "Plans": [
                            {
                              "Node Type": "Bitmap Index Scan",
                              "Parent Relationship": "Outer",
                              "Parallel Aware": false,
                              "Index Name": "kind_id_title",
                              "Startup Cost": 0.0,
                              "Total Cost": 1800.4,
                              "Plan Rows": 100796,
                              "Plan Width": 0,
                              "Actual Startup Time": 11.524,
                              "Actual Total Time": 11.524,
                              "Actual Rows": 100537,
                              "Actual Loops": 1,
                              "Index Cond": "(kind_id = 3)"
                            }
                          ]
                        }
                      ]
                    }
                  ]
                }
              ]
            }
          ]
        }
      ]
    },
    "Planning Time": 0.338,
    "Triggers": [],
    "Execution Time": 193.197
  }
]