[
  {
    "Plan": {
      "Node Type": "Aggregate",
      "Strategy": "Plain",
      "Partial Mode": "Finalize",
      "Parallel Aware": false,
      "Startup Cost": 44300.9,
      "Total Cost": 44300.91,
      "Plan Rows": 1,
      "Plan Width": 8,
      "Actual Startup Time": 116.508,
      "Actual Total Time": 125.563,
      "Actual Rows": 1,
      "Actual Loops": 1,
      "Plans": [
        {
          "Node Type": "Gather",
          "Parent Relationship": "Outer",
          "Parallel Aware": false,
          "Startup Cost": 44300.59,
          "Total Cost": 44300.9,
          "Plan Rows": 3,
          "Plan Width": 8,
          "Actual Startup Time": 116.36,
          "Actual Total Time": 125.555,
          "Actual Rows": 4,
          "Actual Loops": 1,
          "Workers Planned": 3,
          "Workers Launched": 3,
          "Single Copy": false,
          "Plans": [
            {
              "Node Type": "Aggregate",
              "Strategy": "Plain",
              "Partial Mode": "Partial",
              "Parent Relationship": "Outer",
              "Parallel Aware": false,
              "Startup Cost": 43300.59,
              "Total Cost": 43300.6,
              "Plan Rows": 1,
              "Plan Width": 8,
              "Actual Startup Time": 109.208,
              "Actual Total Time": 109.21,
              "Actual Rows": 1,
              "Actual Loops": 4,
              "Plans": [
                {
                  "Node Type": "Seq Scan",
                  "Parent Relationship": "Outer",
                  "Parallel Aware": true,
                  "Relation Name": "movie_keyword",
                  "Alias": "mk",
                  "Startup Cost": 0.0,
                  "Total Cost": 42695.65,
                  "Plan Rows": 241973,
                  "Plan Width": 0,
                  "Actual Startup Time": 2.372,
                  "Actual Total Time": 100.036,
                  "Actual Rows": 186415,
                  "Actual Loops": 4,
                  "Filter": "(keyword_id > 25134)",
                  "Rows Removed by Filter": 944568
                }
              ]
            }
          ]
        }
      ]
    },
    "Planning Time": 0.185,
    "Triggers": [],
    "Execution Time": 125.618
  }
]