{
  "Plan": {
    "Node Type": "Aggregate",
    "Strategy": "Plain",
    "Partial Mode": "Finalize",
    "Parallel Aware": false,
    "Startup Cost": 469379.37,
    "Total Cost": 469379.38,
    "Plan Rows": 1,
    "Plan Width": 8,
    "Actual Startup Time": 2457.006,
    "Actual Total Time": 2497.772,
    "Actual Rows": 1,
    "Actual Loops": 1,
    "Plans": [
      {
        "Node Type": "Gather",
        "Parent Relationship": "Outer",
        "Parallel Aware": false,
        "Startup Cost": 469379.26,
        "Total Cost": 469379.37,
        "Plan Rows": 1,
        "Plan Width": 8,
        "Actual Startup Time": 2451.588,
        "Actual Total Time": 2497.764,
        "Actual Rows": 2,
        "Actual Loops": 1,
        "Workers Planned": 1,
        "Workers Launched": 1,
        "Single Copy": false,
        "Plans": [
          {
            "Node Type": "Aggregate",
            "Strategy": "Plain",
            "Partial Mode": "Partial",
            "Parent Relationship": "Outer",
            "Parallel Aware": false,
            "Startup Cost": 468379.26,
            "Total Cost": 468379.27,
            "Plan Rows": 1,
            "Plan Width": 8,
            "Actual Startup Time": 2445.379,
            "Actual Total Time": 2445.382,
            "Actual Rows": 1,
            "Actual Loops": 2,
            "Plans": [
              {
                "Node Type": "Merge Join",
                "Parent Relationship": "Outer",
                "Parallel Aware": false,
                "Join Type": "Inner",
                "Startup Cost": 141176.23,
                "Total Cost": 466747.49,
                "Plan Rows": 652709,
                "Plan Width": 0,
                "Actual Startup Time": 379.58,
                "Actual Total Time": 2422.029,
                "Actual Rows": 530221,
                "Actual Loops": 2,
                "Inner Unique": false,
                "Merge Cond": "(t.id = mc.movie_id)",
                "Plans": [
                  {
                    "Node Type": "Merge Join",
                    "Parent Relationship": "Outer",
                    "Parallel Aware": false,
                    "Join Type": "Inner",
                    "Startup Cost": 14.8,
                    "Total Cost": 310299.46,
                    "Plan Rows": 1796535,
                    "Plan Width": 8,
                    "Actual Startup Time": 5.036,
                    "Actual Total Time": 1858.758,
                    "Actual Rows": 719351,
                    "Actual Loops": 2,
                    "Inner Unique": true,
                    "Merge Cond": "(mk.movie_id = t.id)",
                    "Plans": [
                      {
                        "Node Type": "Index Only Scan",
                        "Parent Relationship": "Outer",
                        "Parallel Aware": true,
                        "Scan Direction": "Forward",
                        "Index Name": "movie_id_movie_keyword",
                        "Relation Name": "movie_keyword",
                        "Alias": "mk",
                        "Startup Cost": 0.43,
                        "Total Cost": 158560.11,
                        "Plan Rows": 2661135,
                        "Plan Width": 4,
                        "Actual Startup Time": 0.102,
                        "Actual Total Time": 429.277,
                        "Actual Rows": 2261965,
                        "Actual Loops": 2,
                        "Heap Fetches": 4523930
                      },
                      {
                        "Node Type": "Index Scan",
                        "Parent Relationship": "Inner",
                        "Parallel Aware": false,
                        "Scan Direction": "Forward",
                        "Index Name": "title_pkey",
                        "Relation Name": "title",
                        "Alias": "t",
                        "Startup Cost": 0.43,
                        "Total Cost": 122981.43,
                        "Plan Rows": 1706853,
                        "Plan Width": 4,
                        "Actual Startup Time": 0.148,
                        "Actual Total Time": 1192.367,
                        "Actual Rows": 1709084,
                        "Actual Loops": 2,
                        "Filter": "((kind_id > 2) AND (production_year > 1910))",
                        "Rows Removed by Filter": 816888
                      }
                    ]
                  },
                  {
                    "Node Type": "Sort",
                    "Parent Relationship": "Inner",
                    "Parallel Aware": false,
                    "Startup Cost": 141155.12,
                    "Total Cost": 143451.54,
                    "Plan Rows": 918568,
                    "Plan Width": 4,
                    "Actual Startup Time": 374.524,
                    "Actual Total Time": 431.783,
                    "Actual Rows": 1401158,
                    "Actual Loops": 2,
                    "Sort Key": [
                      "mc.movie_id"
                    ],
                    "Sort Method": "quicksort",
                    "Sort Space Used": 68116,
                    "Sort Space Type": "Memory",
                    "Workers": [
                      {
                        "Worker Number": 0,
                        "Sort Method": "quicksort",
                        "Sort Space Used": 68116,
                        "Sort Space Type": "Memory"
                      }
                    ],
                    "Plans": [
                      {
                        "Node Type": "Bitmap Heap Scan",
                        "Parent Relationship": "Outer",
                        "Parallel Aware": false,
                        "Relation Name": "movie_companies",
                        "Alias": "mc",
                        "Startup Cost": 19903.33,
                        "Total Cost": 50175.43,
                        "Plan Rows": 918568,
                        "Plan Width": 4,
                        "Actual Startup Time": 60.424,
                        "Actual Total Time": 184.891,
                        "Actual Rows": 928839,
                        "Actual Loops": 2,
                        "Recheck Cond": "(company_id > 19562)",
                        "Rows Removed by Index Recheck": 0,
                        "Exact Heap Blocks": 14699,
                        "Lossy Heap Blocks": 0,
                        "Plans": [
                          {
                            "Node Type": "Bitmap Index Scan",
                            "Parent Relationship": "Outer",
                            "Parallel Aware": false,
                            "Index Name": "company_id_movie_companies",
                            "Startup Cost": 0.0,
                            "Total Cost": 19673.69,
                            "Plan Rows": 918568,
                            "Plan Width": 0,
                            "Actual Startup Time": 58.555,
                            "Actual Total Time": 58.555,
                            "Actual Rows": 928839,
                            "Actual Loops": 2,
                            "Index Cond": "(company_id > 19562)"
                          }
                        ]
                      }
                    ]
                  }
                ]
              }
            ]
          }
        ]
      }
    ]
  },
  "Planning Time": 1.102,
  "Triggers": [],
  "Execution Time": 2509.263
}