[
  {
    "Plan": {
      "Node Type": "Aggregate",
      "Strategy": "Plain",
      "Partial Mode": "Finalize",
      "Parallel Aware": false,
      "Startup Cost": 23394.18,
      "Total Cost": 23394.19,
      "Plan Rows": 1,
      "Plan Width": 8,
      "Actual Startup Time": 53.941,
      "Actual Total Time": 60.042,
      "Actual Rows": 1,
      "Actual Loops": 1,
      "Plans": [
        {
          "Node Type": "Gather",
          "Parent Relationship": "Outer",
          "Parallel Aware": false,
          "Startup Cost": 23393.76,
          "Total Cost": 23394.17,
          "Plan Rows": 4,
          "Plan Width": 8,
          "Actual Startup Time": 53.918,
          "Actual Total Time": 60.035,
          "Actual Rows": 5,
          "Actual Loops": 1,
          "Workers Planned": 4,
          "Workers Launched": 4,
          "Single Copy": false,
          "Plans": [
            {
              "Node Type": "Aggregate",
              "Strategy": "Plain",
              "Partial Mode": "Partial",
              "Parent Relationship": "Outer",
              "Parallel Aware": false,
              "Startup Cost": 22393.76,
              "Total Cost": 22393.77,
              "Plan Rows": 1,
              "Plan Width": 8,
              "Actual Startup Time": 49.928,
              "Actual Total Time": 49.928,
              "Actual Rows": 1,
              "Actual Loops": 5,
              "Plans": [
                {
                  "Node Type": "Index Only Scan",
                  "Parent Relationship": "Outer",
                  "Parallel Aware": true,
                  "Scan Direction": "Forward",
                  "Index Name": "role_id_cast_info",
                  "Relation Name": "cast_info",
                  "Alias": "ci",
                  "Startup Cost": 0.56,
                  "Total Cost": 21892.28,
                  "Plan Rows": 200593,
                  "Plan Width": 0,
                  "Actual Startup Time": 0.082,
                  "Actual Total Time": 41.978,
                  "Actual Rows": 154735,
                  "Actual Loops": 5,
                  "Index Cond": "(role_id = 6)",
                  "Rows Removed by Index Recheck": 0,
                  "Heap Fetches": 773674
                }
              ]
            }
          ]
        }
      ]
    },
    "Planning Time": 0.13,
    "Triggers": [],
    "Execution Time": 60.089
  }
]