[
  {
    "Plan": {
      "Node Type": "Aggregate",
      "Strategy": "Plain",
      "Partial Mode": "Finalize",
      "Parallel Aware": false,
      "Startup Cost": 23554.76,
      "Total Cost": 23554.77,
      "Plan Rows": 1,
      "Plan Width": 8,
      "Actual Startup Time": 69.279,
      "Actual Total Time": 72.666,
      "Actual Rows": 1,
      "Actual Loops": 1,
      "Plans": [
        {
          "Node Type": "Gather",
          "Parent Relationship": "Outer",
          "Parallel Aware": false,
          "Startup Cost": 23554.34,
          "Total Cost": 23554.75,
          "Plan Rows": 4,
          "Plan Width": 8,
          "Actual Startup Time": 69.193,
          "Actual Total Time": 72.657,
          "Actual Rows": 5,
          "Actual Loops": 1,
          "Workers Planned": 4,
          "Workers Launched": 4,
          "Single Copy": false,
          "Plans": [
            {
              "Node Type": "Aggregate",
              "Strategy": "Plain",
              "Partial Mode": "Partial",
              "Parent Relationship": "Outer",
              "Parallel Aware": false,
              "Startup Cost": 22554.34,
              "Total Cost": 22554.35,
              "Plan Rows": 1,
              "Plan Width": 8,
              "Actual Startup Time": 60.85,
              "Actual Total Time": 60.851,
              "Actual Rows": 1,
              "Actual Loops": 5,
              "Plans": [
                {
                  "Node Type": "Index Only Scan",
                  "Parent Relationship": "Outer",
                  "Parallel Aware": true,
                  "Scan Direction": "Forward",
                  "Index Name": "role_id_cast_info",
                  "Relation Name": "cast_info",
                  "Alias": "ci",
                  "Startup Cost": 0.56,
                  "Total Cost": 22049.42,
                  "Plan Rows": 201971,
                  "Plan Width": 0,
                  "Actual Startup Time": 0.219,
                  "Actual Total Time": 50.863,
                  "Actual Rows": 154735,
                  "Actual Loops": 5,
                  "Index Cond": "(role_id = 6)",
                  "Rows Removed by Index Recheck": 0,
                  "Heap Fetches": 773674
                }
              ]
            }
          ]
        }
      ]
    },
    "Planning Time": 0.197,
    "Triggers": [],
    "Execution Time": 72.725
  }
]