{
  "Plan": {
    "Node Type": "Aggregate",
    "Strategy": "Plain",
    "Partial Mode": "Finalize",
    "Parallel Aware": false,
    "Startup Cost": 1133124.14,
    "Total Cost": 1133124.15,
    "Plan Rows": 1,
    "Plan Width": 8,
    "Actual Startup Time": 4263.829,
    "Actual Total Time": 4275.66,
    "Actual Rows": 1,
    "Actual Loops": 1,
    "Plans": [
      {
        "Node Type": "Gather",
        "Parent Relationship": "Outer",
        "Parallel Aware": false,
        "Startup Cost": 1133124.03,
        "Total Cost": 1133124.14,
        "Plan Rows": 1,
        "Plan Width": 8,
        "Actual Startup Time": 4263.817,
        "Actual Total Time": 4275.653,
        "Actual Rows": 2,
        "Actual Loops": 1,
        "Workers Planned": 1,
        "Workers Launched": 1,
        "Single Copy": false,
        "Plans": [
          {
            "Node Type": "Aggregate",
            "Strategy": "Plain",
            "Partial Mode": "Partial",
            "Parent Relationship": "Outer",
            "Parallel Aware": false,
            "Startup Cost": 1132124.03,
            "Total Cost": 1132124.04,
            "Plan Rows": 1,
            "Plan Width": 8,
            "Actual Startup Time": 4223.245,
            "Actual Total Time": 4223.248,
            "Actual Rows": 1,
            "Actual Loops": 2,
            "Plans": [
              {
                "Node Type": "Merge Join",
                "Parent Relationship": "Outer",
                "Parallel Aware": false,
                "Join Type": "Inner",
                "Startup Cost": 1048970.63,
                "Total Cost": 1130606.08,
                "Plan Rows": 607180,
                "Plan Width": 0,
                "Actual Startup Time": 2873.613,
                "Actual Total Time": 4169.913,
                "Actual Rows": 1242884,
                "Actual Loops": 2,
                "Inner Unique": false,
                "Merge Cond": "(t.id = mc.movie_id)",
                "Plans": [
                  {
                    "Node Type": "Merge Join",
                    "Parent Relationship": "Outer",
                    "Parallel Aware": false,
                    "Join Type": "Inner",
                    "Startup Cost": 972823.39,
                    "Total Cost": 1036858.76,
                    "Plan Rows": 3426912,
                    "Plan Width": 8,
                    "Actual Startup Time": 2678.1,
                    "Actual Total Time": 3682.645,
                    "Actual Rows": 2942360,
                    "Actual Loops": 2,
                    "Inner Unique": true,
                    "Merge Cond": "(mi.movie_id = t.id)",
                    "Plans": [
                      {
                        "Node Type": "Sort",
                        "Parent Relationship": "Outer",
                        "Parallel Aware": false,
                        "Startup Cost": 642661.63,
                        "Total Cost": 651228.91,
                        "Plan Rows": 3426912,
                        "Plan Width": 4,
                        "Actual Startup Time": 1576.744,
                        "Actual Total Time": 1714.927,
                        "Actual Rows": 2942360,
                        "Actual Loops": 2,
                        "Sort Key": [
                          "mi.movie_id"
                        ],
                        "Sort Method": "quicksort",
                        "Sort Space Used": 209426,
                        "Sort Space Type": "Memory",
                        "Workers": [
                          {
                            "Worker Number": 0,
                            "Sort Method": "quicksort",
                            "Sort Space Used": 263041,
                            "Sort Space Type": "Memory"
                          }
                        ],
                        "Plans": [
                          {
                            "Node Type": "Seq Scan",
                            "Parent Relationship": "Outer",
                            "Parallel Aware": true,
                            "Relation Name": "movie_info",
                            "Alias": "mi",
                            "Startup Cost": 0.0,
                            "Total Cost": 270696.42,
                            "Plan Rows": 3426912,
                            "Plan Width": 4,
                            "Actual Startup Time": 0.034,
                            "Actual Total Time": 819.069,
                            "Actual Rows": 2942482,
                            "Actual Loops": 2,
                            "Filter": "(info_type_id < 7)",
                            "Rows Removed by Filter": 4475378
                          }
                        ]
                      },
                      {
                        "Node Type": "Sort",
                        "Parent Relationship": "Inner",
                        "Parallel Aware": false,
                        "Startup Cost": 330161.51,
                        "Total Cost": 336482.24,
                        "Plan Rows": 2528293,
                        "Plan Width": 4,
                        "Actual Startup Time": 1101.345,
                        "Actual Total Time": 1424.753,
                        "Actual Rows": 2525745,
                        "Actual Loops": 2,
                        "Sort Key": [
                          "t.id"
                        ],
                        "Sort Method": "quicksort",
                        "Sort Space Used": 216819,
                        "Sort Space Type": "Memory",
                        "Workers": [
                          {
                            "Worker Number": 0,
                            "Sort Method": "quicksort",
                            "Sort Space Used": 216819,
                            "Sort Space Type": "Memory"
                          }
                        ],
                        "Plans": [
                          {
                            "Node Type": "Seq Scan",
                            "Parent Relationship": "Outer",
                            "Parallel Aware": false,
                            "Relation Name": "title",
                            "Alias": "t",
                            "Startup Cost": 0.0,
                            "Total Cost": 61280.93,
                            "Plan Rows": 2528293,
                            "Plan Width": 4,
                            "Actual Startup Time": 0.036,
                            "Actual Total Time": 313.298,
                            "Actual Rows": 2528312,
                            "Actual Loops": 2
                          }
                        ]
                      }
                    ]
                  },
                  {
                    "Node Type": "Sort",
                    "Parent Relationship": "Inner",
                    "Parallel Aware": false,
                    "Startup Cost": 76145.77,
                    "Total Cost": 77265.68,
                    "Plan Rows": 447963,
                    "Plan Width": 4,
                    "Actual Startup Time": 175.78,
                    "Actual Total Time": 229.559,
                    "Actual Rows": 1307292,
                    "Actual Loops": 2,
                    "Sort Key": [
                      "mc.movie_id"
                    ],
                    "Sort Method": "quicksort",
                    "Sort Space Used": 33590,
                    "Sort Space Type": "Memory",
                    "Workers": [
                      {
                        "Worker Number": 0,
                        "Sort Method": "quicksort",
                        "Sort Space Used": 33590,
                        "Sort Space Type": "Memory"
                      }
                    ],
                    "Plans": [
                      {
                        "Node Type": "Bitmap Heap Scan",
                        "Parent Relationship": "Outer",
                        "Parallel Aware": false,
                        "Relation Name": "movie_companies",
                        "Alias": "mc",
                        "Startup Cost": 9708.14,
                        "Total Cost": 34097.68,
                        "Plan Rows": 447963,
                        "Plan Width": 4,
                        "Actual Startup Time": 22.403,
                        "Actual Total Time": 87.124,
                        "Actual Rows": 454423,
                        "Actual Loops": 2,
                        "Recheck Cond": "(company_id > 76907)",
                        "Rows Removed by Index Recheck": 0,
                        "Exact Heap Blocks": 6805,
                        "Lossy Heap Blocks": 0,
                        "Plans": [
                          {
                            "Node Type": "Bitmap Index Scan",
                            "Parent Relationship": "Outer",
                            "Parallel Aware": false,
                            "Index Name": "company_id_movie_companies",
                            "Startup Cost": 0.0,
                            "Total Cost": 9596.15,
                            "Plan Rows": 447963,
                            "Plan Width": 0,
                            "Actual Startup Time": 21.684,
                            "Actual Total Time": 21.684,
                            "Actual Rows": 454423,
                            "Actual Loops": 2,
                            "Index Cond": "(company_id > 76907)"
                          }
                        ]
                      }
                    ]
                  }
                ]
              }
            ]
          }
        ]
      }
    ]
  },
  "Planning Time": 1.068,
  "Triggers": [],
  "Execution Time": 4298.248
}