[
  {
    "Plan": {
      "Node Type": "Aggregate",
      "Strategy": "Plain",
      "Partial Mode": "Finalize",
      "Parallel Aware": false,
      "Startup Cost": 341109.75,
      "Total Cost": 341109.76,
      "Plan Rows": 1,
      "Plan Width": 8,
      "Actual Startup Time": 875.589,
      "Actual Total Time": 935.199,
      "Actual Rows": 1,
      "Actual Loops": 1,
      "Plans": [
        {
          "Node Type": "Gather",
          "Parent Relationship": "Outer",
          "Parallel Aware": false,
          "Startup Cost": 341109.12,
          "Total Cost": 341109.73,
          "Plan Rows": 6,
          "Plan Width": 8,
          "Actual Startup Time": 875.441,
          "Actual Total Time": 935.181,
          "Actual Rows": 7,
          "Actual Loops": 1,
          "Workers Planned": 6,
          "Workers Launched": 6,
          "Single Copy": false,
          "Plans": [
            {
              "Node Type": "Aggregate",
              "Strategy": "Plain",
              "Partial Mode": "Partial",
              "Parent Relationship": "Outer",
              "Parallel Aware": false,
              "Startup Cost": 340109.12,
              "Total Cost": 340109.14,
              "Plan Rows": 1,
              "Plan Width": 8,
              "Actual Startup Time": 864.829,
              "Actual Total Time": 864.83,
              "Actual Rows": 1,
              "Actual Loops": 7,
              "Plans": [
                {
                  "Node Type": "Seq Scan",
                  "Parent Relationship": "Outer",
                  "Parallel Aware": true,
                  "Relation Name": "cast_info",
                  "Alias": "ci",
                  "Startup Cost": 0.0,
                  "Total Cost": 328162.03,
                  "Plan Rows": 4778840,
                  "Plan Width": 0,
                  "Actual Startup Time": 0.048,
                  "Actual Total Time": 671.482,
                  "Actual Rows": 4110768,
                  "Actual Loops": 7,
                  "Filter": "(person_id < 2925012)",
                  "Rows Removed by Filter": 1066995
                }
              ]
            }
          ]
        }
      ]
    },
    "Planning Time": 0.173,
    "Triggers": [],
    "Execution Time": 935.266
  }
]