[
  {
    "Plan": {
      "Node Type": "Aggregate",
      "Strategy": "Plain",
      "Partial Mode": "Finalize",
      "Parallel Aware": false,
      "Startup Cost": 46506.49,
      "Total Cost": 46506.5,
      "Plan Rows": 1,
      "Plan Width": 8,
      "Actual Startup Time": 88.056,
      "Actual Total Time": 99.641,
      "Actual Rows": 1,
      "Actual Loops": 1,
      "Plans": [
        {
          "Node Type": "Gather",
          "Parent Relationship": "Outer",
          "Parallel Aware": false,
          "Startup Cost": 46506.07,
          "Total Cost": 46506.48,
          "Plan Rows": 4,
          "Plan Width": 8,
          "Actual Startup Time": 87.873,
          "Actual Total Time": 99.62,
          "Actual Rows": 5,
          "Actual Loops": 1,
          "Workers Planned": 4,
          "Workers Launched": 4,
          "Single Copy": false,
          "Plans": [
            {
              "Node Type": "Aggregate",
              "Strategy": "Plain",
              "Partial Mode": "Partial",
              "Parent Relationship": "Outer",
              "Parallel Aware": false,
              "Startup Cost": 45506.07,
              "Total Cost": 45506.08,
              "Plan Rows": 1,
              "Plan Width": 8,
              "Actual Startup Time": 82.109,
              "Actual Total Time": 82.111,
              "Actual Rows": 1,
              "Actual Loops": 5,
              "Plans": [
                {
                  "Node Type": "Seq Scan",
                  "Parent Relationship": "Outer",
                  "Parallel Aware": true,
                  "Relation Name": "title",
                  "Alias": "t",
                  "Startup Cost": 0.0,
                  "Total Cost": 45479.59,
                  "Plan Rows": 10594,
                  "Plan Width": 0,
                  "Actual Startup Time": 0.187,
                  "Actual Total Time": 81.578,
                  "Actual Rows": 7167,
                  "Actual Loops": 5,
                  "Filter": "((kind_id < 4) AND (production_year = 2009))",
                  "Rows Removed by Filter": 498495
                }
              ]
            }
          ]
        }
      ]
    },
    "Planning Time": 0.072,
    "Triggers": [],
    "Execution Time": 99.67
  }
]