[
  {
    "Plan": {
      "Node Type": "Aggregate",
      "Strategy": "Plain",
      "Partial Mode": "Finalize",
      "Parallel Aware": false,
      "Startup Cost": 192991.22,
      "Total Cost": 192991.23,
      "Plan Rows": 1,
      "Plan Width": 8,
      "Actual Startup Time": 2222.776,
      "Actual Total Time": 2275.282,
      "Actual Rows": 1,
      "Actual Loops": 1,
      "Plans": [
        {
          "Node Type": "Gather",
          "Parent Relationship": "Outer",
          "Parallel Aware": false,
          "Startup Cost": 192990.9,
          "Total Cost": 192991.21,
          "Plan Rows": 3,
          "Plan Width": 8,
          "Actual Startup Time": 2216.441,
          "Actual Total Time": 2275.272,
          "Actual Rows": 4,
          "Actual Loops": 1,
          "Workers Planned": 3,
          "Workers Launched": 3,
          "Single Copy": false,
          "Plans": [
            {
              "Node Type": "Aggregate",
              "Strategy": "Plain",
              "Partial Mode": "Partial",
              "Parent Relationship": "Outer",
              "Parallel Aware": false,
              "Startup Cost": 191990.9,
              "Total Cost": 191990.91,
              "Plan Rows": 1,
              "Plan Width": 8,
              "Actual Startup Time": 2206.858,
              "Actual Total Time": 2206.861,
              "Actual Rows": 1,
              "Actual Loops": 4,
              "Plans": [
                {
                  "Node Type": "Nested Loop",
                  "Parent Relationship": "Outer",
                  "Parallel Aware": false,
                  "Join Type": "Inner",
                  "Startup Cost": 54534.35,
                  "Total Cost": 191334.2,
                  "Plan Rows": 262682,
                  "Plan Width": 0,
                  "Actual Startup Time": 208.735,
                  "Actual Total Time": 1998.78,
                  "Actual Rows": 4838852,
                  "Actual Loops": 4,
                  "Inner Unique": false,
                  "Plans": [
                    {
                      "Node Type": "Hash Join",
                      "Parent Relationship": "Outer",
                      "Parallel Aware": true,
                      "Join Type": "Inner",
                      "Startup Cost": 54533.92,
                      "Total Cost": 80720.67,
                      "Plan Rows": 44924,
                      "Plan Width": 8,
                      "Actual Startup Time": 208.633,
                      "Actual Total Time": 283.57,
                      "Actual Rows": 78175,
                      "Actual Loops": 4,
                      "Inner Unique": true,
                      "Hash Cond": "(mk.movie_id = t.id)",
                      "Plans": [
                        {
                          "Node Type": "Bitmap Heap Scan",
                          "Parent Relationship": "Outer",
                          "Parallel Aware": true,
                          "Relation Name": "movie_keyword",
                          "Alias": "mk",
                          "Startup Cost": 7536.79,
                          "Total Cost": 33422.82,
                          "Plan Rows": 114562,
                          "Plan Width": 4,
                          "Actual Startup Time": 23.52,
                          "Actual Total Time": 61.566,
                          "Actual Rows": 86341,
                          "Actual Loops": 4,
                          "Recheck Cond": "(keyword_id > 48218)",
                          "Rows Removed by Index Recheck": 0,
                          "Exact Heap Blocks": 6606,
                          "Lossy Heap Blocks": 0,
                          "Plans": [
                            {
                              "Node Type": "Bitmap Index Scan",
                              "Parent Relationship": "Outer",
                              "Parallel Aware": false,
                              "Index Name": "keyword_id_movie_keyword",
                              "Startup Cost": 0.0,
                              "Total Cost": 7448.01,
                              "Plan Rows": 355143,
                              "Plan Width": 0,
                              "Actual Startup Time": 20.172,
                              "Actual Total Time": 20.173,
                              "Actual Rows": 345364,
                              "Actual Loops": 1,
                              "Index Cond": "(keyword_id > 48218)"
                            }
                          ]
                        },
                        {
                          "Node Type": "Hash",
                          "Parent Relationship": "Inner",
                          "Parallel Aware": true,
                          "Startup Cost": 43898.92,
                          "Total Cost": 43898.92,
                          "Plan Rows": 247857,
                          "Plan Width": 4,
                          "Actual Startup Time": 179.956,
                          "Actual Total Time": 179.957,
                          "Actual Rows": 246262,
                          "Actual Loops": 4,
                          "Hash Buckets": 1048576,
                          "Original Hash Buckets": 1048576,
                          "Hash Batches": 1,
                          "Original Hash Batches": 1,
                          "Peak Memory Usage": 46784,
                          "Plans": [
                            {
                              "Node Type": "Seq Scan",
                              "Parent Relationship": "Outer",
                              "Parallel Aware": true,
                              "Relation Name": "title",
                              "Alias": "t",
                              "Startup Cost": 0.0,
                              "Total Cost": 43898.92,
                              "Plan Rows": 247857,
                              "Plan Width": 4,
                              "Actual Startup Time": 0.044,
                              "Actual Total Time": 99.807,
                              "Actual Rows": 246262,
                              "Actual Loops": 4,
                              "Filter": "(kind_id < 7)",
                              "Rows Removed by Filter": 385816
                            }
                          ]
                        }
                      ]
                    },
                    {
                      "Node Type": "Index Only Scan",
                      "Parent Relationship": "Inner",
                      "Parallel Aware": false,
                      "Scan Direction": "Forward",
                      "Index Name": "movie_id_movie_info",
                      "Relation Name": "movie_info",
                      "Alias": "mi",
                      "Startup Cost": 0.43,
                      "Total Cost": 2.04,
                      "Plan Rows": 42,
                      "Plan Width": 4,
                      "Actual Startup Time": 0.004,
                      "Actual Total Time": 0.017,
                      "Actual Rows": 62,
                      "Actual Loops": 312701,
                      "Index Cond": "(movie_id = t.id)",
                      "Rows Removed by Index Recheck": 0,
                      "Heap Fetches": 19355406
                    }
                  ]
                }
              ]
            }
          ]
        }
      ]
    },
    "Planning Time": 1.331,
    "Triggers": [],
    "Execution Time": 2275.402
  }
]