[
    {
        "Bao": {
            "Bao prediction": 449.284,
            "Bao recommended hint": "SET enable_mergejoin TO off; SET enable_indexscan TO off; "
        }
    },
    {
        "Plan": {
            "Node Type": "Aggregate",
            "Strategy": "Plain",
            "Partial Mode": "Finalize",
            "Parallel Aware": false,
            "Startup Cost": 344956.97,
            "Total Cost": 344956.98,
            "Plan Rows": 1,
            "Plan Width": 8,
            "Actual Startup Time": 803.711,
            "Actual Total Time": 843.858,
            "Actual Rows": 1,
            "Actual Loops": 1,
            "Output": [
                "count(*)"
            ],
            "Plans": [
                {
                    "Node Type": "Gather",
                    "Parent Relationship": "Outer",
                    "Parallel Aware": false,
                    "Startup Cost": 344956.35,
                    "Total Cost": 344956.96,
                    "Plan Rows": 6,
                    "Plan Width": 8,
                    "Actual Startup Time": 803.603,
                    "Actual Total Time": 843.849,
                    "Actual Rows": 7,
                    "Actual Loops": 1,
                    "Output": [
                        "(PARTIAL count(*))"
                    ],
                    "Workers Planned": 6,
                    "Workers Launched": 6,
                    "Single Copy": false,
                    "Plans": [
                        {
                            "Node Type": "Aggregate",
                            "Strategy": "Plain",
                            "Partial Mode": "Partial",
                            "Parent Relationship": "Outer",
                            "Parallel Aware": false,
                            "Startup Cost": 343956.35,
                            "Total Cost": 343956.36,
                            "Plan Rows": 1,
                            "Plan Width": 8,
                            "Actual Startup Time": 794.317,
                            "Actual Total Time": 794.318,
                            "Actual Rows": 1,
                            "Actual Loops": 7,
                            "Output": [
                                "PARTIAL count(*)"
                            ],
                            "Workers": [
                                {
                                    "Worker Number": 0,
                                    "Actual Startup Time": 792.464,
                                    "Actual Total Time": 792.465,
                                    "Actual Rows": 1,
                                    "Actual Loops": 1
                                },
                                {
                                    "Worker Number": 1,
                                    "Actual Startup Time": 792.572,
                                    "Actual Total Time": 792.573,
                                    "Actual Rows": 1,
                                    "Actual Loops": 1
                                },
                                {
                                    "Worker Number": 2,
                                    "Actual Startup Time": 792.592,
                                    "Actual Total Time": 792.593,
                                    "Actual Rows": 1,
                                    "Actual Loops": 1
                                },
                                {
                                    "Worker Number": 3,
                                    "Actual Startup Time": 792.694,
                                    "Actual Total Time": 792.696,
                                    "Actual Rows": 1,
                                    "Actual Loops": 1
                                },
                                {
                                    "Worker Number": 4,
                                    "Actual Startup Time": 793.321,
                                    "Actual Total Time": 793.322,
                                    "Actual Rows": 1,
                                    "Actual Loops": 1
                                },
                                {
                                    "Worker Number": 5,
                                    "Actual Startup Time": 793.782,
                                    "Actual Total Time": 793.783,
                                    "Actual Rows": 1,
                                    "Actual Loops": 1
                                }
                            ],
                            "Plans": [
                                {
                                    "Node Type": "Seq Scan",
                                    "Parent Relationship": "Outer",
                                    "Parallel Aware": true,
                                    "Relation Name": "cast_info",
                                    "Schema": "public",
                                    "Alias": "ci",
                                    "Startup Cost": 0.0,
                                    "Total Cost": 343318.94,
                                    "Plan Rows": 254963,
                                    "Plan Width": 0,
                                    "Actual Startup Time": 638.463,
                                    "Actual Total Time": 759.9,
                                    "Actual Rows": 520370,
                                    "Actual Loops": 7,
                                    "Output": [
                                        "id",
                                        "person_id",
                                        "movie_id",
                                        "person_role_id",
                                        "note",
                                        "nr_order",
                                        "role_id"
                                    ],
                                    "Filter": "((ci.person_id > 2445723) AND (ci.role_id > 9))",
                                    "Rows Removed by Filter": 4657393,
                                    "Workers": [
                                        {
                                            "Worker Number": 0,
                                            "Actual Startup Time": 636.623,
                                            "Actual Total Time": 758.851,
                                            "Actual Rows": 505267,
                                            "Actual Loops": 1
                                        },
                                        {
                                            "Worker Number": 1,
                                            "Actual Startup Time": 636.734,
                                            "Actual Total Time": 759.083,
                                            "Actual Rows": 501252,
                                            "Actual Loops": 1
                                        },
                                        {
                                            "Worker Number": 2,
                                            "Actual Startup Time": 636.732,
                                            "Actual Total Time": 758.968,
                                            "Actual Rows": 505345,
                                            "Actual Loops": 1
                                        },
                                        {
                                            "Worker Number": 3,
                                            "Actual Startup Time": 636.848,
                                            "Actual Total Time": 760.227,
                                            "Actual Rows": 487238,
                                            "Actual Loops": 1
                                        },
                                        {
                                            "Worker Number": 4,
                                            "Actual Startup Time": 637.448,
                                            "Actual Total Time": 759.631,
                                            "Actual Rows": 507128,
                                            "Actual Loops": 1
                                        },
                                        {
                                            "Worker Number": 5,
                                            "Actual Startup Time": 637.92,
                                            "Actual Total Time": 759.97,
                                            "Actual Rows": 508072,
                                            "Actual Loops": 1
                                        }
                                    ]
                                }
                            ]
                        }
                    ]
                }
            ]
        },
        "Planning Time": 2137.613,
        "Triggers": [],
        "Execution Time": 843.957
    }
]