{
  "Plan": {
    "Node Type": "Aggregate",
    "Strategy": "Plain",
    "Partial Mode": "Finalize",
    "Parallel Aware": false,
    "Startup Cost": 87783.75,
    "Total Cost": 87783.76,
    "Plan Rows": 1,
    "Plan Width": 8,
    "Actual Startup Time": 232.493,
    "Actual Total Time": 249.65,
    "Actual Rows": 1,
    "Actual Loops": 1,
    "Plans": [
      {
        "Node Type": "Gather",
        "Parent Relationship": "Outer",
        "Parallel Aware": false,
        "Startup Cost": 87783.64,
        "Total Cost": 87783.75,
        "Plan Rows": 1,
        "Plan Width": 8,
        "Actual Startup Time": 232.16,
        "Actual Total Time": 249.642,
        "Actual Rows": 2,
        "Actual Loops": 1,
        "Workers Planned": 1,
        "Workers Launched": 1,
        "Single Copy": false,
        "Plans": [
          {
            "Node Type": "Aggregate",
            "Strategy": "Plain",
            "Partial Mode": "Partial",
            "Parent Relationship": "Outer",
            "Parallel Aware": false,
            "Startup Cost": 86783.64,
            "Total Cost": 86783.65,
            "Plan Rows": 1,
            "Plan Width": 8,
            "Actual Startup Time": 226.078,
            "Actual Total Time": 226.082,
            "Actual Rows": 1,
            "Actual Loops": 2,
            "Plans": [
              {
                "Node Type": "Hash Join",
                "Parent Relationship": "Outer",
                "Parallel Aware": true,
                "Join Type": "Inner",
                "Startup Cost": 60118.89,
                "Total Cost": 86778.36,
                "Plan Rows": 2109,
                "Plan Width": 0,
                "Actual Startup Time": 159.895,
                "Actual Total Time": 225.897,
                "Actual Rows": 2162,
                "Actual Loops": 2,
                "Inner Unique": true,
                "Hash Cond": "(mk.movie_id = t.id)",
                "Plans": [
                  {
                    "Node Type": "Bitmap Heap Scan",
                    "Parent Relationship": "Outer",
                    "Parallel Aware": true,
                    "Relation Name": "movie_keyword",
                    "Alias": "mk",
                    "Startup Cost": 5261.56,
                    "Total Cost": 31538.27,
                    "Plan Rows": 145816,
                    "Plan Width": 4,
                    "Actual Startup Time": 17.377,
                    "Actual Total Time": 67.74,
                    "Actual Rows": 128164,
                    "Actual Loops": 2,
                    "Recheck Cond": "(keyword_id < 228)",
                    "Rows Removed by Index Recheck": 0,
                    "Exact Heap Blocks": 15088,
                    "Lossy Heap Blocks": 0,
                    "Plans": [
                      {
                        "Node Type": "Bitmap Index Scan",
                        "Parent Relationship": "Outer",
                        "Parallel Aware": false,
                        "Index Name": "keyword_id_movie_keyword",
                        "Startup Cost": 0.0,
                        "Total Cost": 5199.59,
                        "Plan Rows": 247888,
                        "Plan Width": 0,
                        "Actual Startup Time": 13.858,
                        "Actual Total Time": 13.858,
                        "Actual Rows": 256327,
                        "Actual Loops": 1,
                        "Index Cond": "(keyword_id < 228)"
                      }
                    ]
                  },
                  {
                    "Node Type": "Hash",
                    "Parent Relationship": "Inner",
                    "Parallel Aware": true,
                    "Startup Cost": 54588.39,
                    "Total Cost": 54588.39,
                    "Plan Rows": 21515,
                    "Plan Width": 4,
                    "Actual Startup Time": 140.923,
                    "Actual Total Time": 140.924,
                    "Actual Rows": 18254,
                    "Actual Loops": 2,
                    "Hash Buckets": 65536,
                    "Original Hash Buckets": 65536,
                    "Hash Batches": 1,
                    "Original Hash Batches": 1,
                    "Peak Memory Usage": 1984,
                    "Plans": [
                      {
                        "Node Type": "Seq Scan",
                        "Parent Relationship": "Outer",
                        "Parallel Aware": true,
                        "Relation Name": "title",
                        "Alias": "t",
                        "Startup Cost": 0.0,
                        "Total Cost": 54588.39,
                        "Plan Rows": 21515,
                        "Plan Width": 4,
                        "Actual Startup Time": 0.05,
                        "Actual Total Time": 134.73,
                        "Actual Rows": 18254,
                        "Actual Loops": 2,
                        "Filter": "(production_year = 1996)",
                        "Rows Removed by Filter": 1245902
                      }
                    ]
                  }
                ]
              }
            ]
          }
        ]
      }
    ]
  },
  "Planning Time": 0.489,
  "Triggers": [],
  "Execution Time": 249.745
}