[
  {
    "Plan": {
      "Node Type": "Aggregate",
      "Strategy": "Plain",
      "Partial Mode": "Finalize",
      "Parallel Aware": false,
      "Startup Cost": 76929.67,
      "Total Cost": 76929.68,
      "Plan Rows": 1,
      "Plan Width": 8,
      "Actual Startup Time": 331.006,
      "Actual Total Time": 345.528,
      "Actual Rows": 1,
      "Actual Loops": 1,
      "Plans": [
        {
          "Node Type": "Gather",
          "Parent Relationship": "Outer",
          "Parallel Aware": false,
          "Startup Cost": 76929.35,
          "Total Cost": 76929.66,
          "Plan Rows": 3,
          "Plan Width": 8,
          "Actual Startup Time": 329.727,
          "Actual Total Time": 345.52,
          "Actual Rows": 4,
          "Actual Loops": 1,
          "Workers Planned": 3,
          "Workers Launched": 3,
          "Single Copy": false,
          "Plans": [
            {
              "Node Type": "Aggregate",
              "Strategy": "Plain",
              "Partial Mode": "Partial",
              "Parent Relationship": "Outer",
              "Parallel Aware": false,
              "Startup Cost": 75929.35,
              "Total Cost": 75929.36,
              "Plan Rows": 1,
              "Plan Width": 8,
              "Actual Startup Time": 322.625,
              "Actual Total Time": 322.629,
              "Actual Rows": 1,
              "Actual Loops": 4,
              "Plans": [
                {
                  "Node Type": "Hash Join",
                  "Parent Relationship": "Outer",
                  "Parallel Aware": true,
                  "Join Type": "Inner",
                  "Startup Cost": 46296.04,
                  "Total Cost": 75711.93,
                  "Plan Rows": 86969,
                  "Plan Width": 0,
                  "Actual Startup Time": 141.064,
                  "Actual Total Time": 313.57,
                  "Actual Rows": 195541,
                  "Actual Loops": 4,
                  "Inner Unique": true,
                  "Hash Cond": "(mc.movie_id = t.id)",
                  "Plans": [
                    {
                      "Node Type": "Seq Scan",
                      "Parent Relationship": "Outer",
                      "Parallel Aware": true,
                      "Relation Name": "movie_companies",
                      "Alias": "mc",
                      "Startup Cost": 0.0,
                      "Total Cost": 27206.55,
                      "Plan Rows": 841655,
                      "Plan Width": 4,
                      "Actual Startup Time": 0.023,
                      "Actual Total Time": 57.838,
                      "Actual Rows": 652282,
                      "Actual Loops": 4
                    },
                    {
                      "Node Type": "Hash",
                      "Parent Relationship": "Inner",
                      "Parallel Aware": true,
                      "Startup Cost": 45479.59,
                      "Total Cost": 45479.59,
                      "Plan Rows": 65316,
                      "Plan Width": 4,
                      "Actual Startup Time": 138.936,
                      "Actual Total Time": 138.937,
                      "Actual Rows": 95653,
                      "Actual Loops": 4,
                      "Hash Buckets": 524288,
                      "Original Hash Buckets": 262144,
                      "Hash Batches": 1,
                      "Original Hash Batches": 1,
                      "Peak Memory Usage": 21184,
                      "Plans": [
                        {
                          "Node Type": "Seq Scan",
                          "Parent Relationship": "Outer",
                          "Parallel Aware": true,
                          "Relation Name": "title",
                          "Alias": "t",
                          "Startup Cost": 0.0,
                          "Total Cost": 45479.59,
                          "Plan Rows": 65316,
                          "Plan Width": 4,
                          "Actual Startup Time": 0.037,
                          "Actual Total Time": 100.617,
                          "Actual Rows": 95653,
                          "Actual Loops": 4,
                          "Filter": "((kind_id < 7) AND (production_year < 1990))",
                          "Rows Removed by Filter": 536425
                        }
                      ]
                    }
                  ]
                }
              ]
            }
          ]
        }
      ]
    },
    "Planning Time": 0.545,
    "Triggers": [],
    "Execution Time": 345.592
  }
]