[
  {
    "Plan": {
      "Node Type": "Aggregate",
      "Strategy": "Plain",
      "Partial Mode": "Finalize",
      "Parallel Aware": false,
      "Startup Cost": 45930.55,
      "Total Cost": 45930.56,
      "Plan Rows": 1,
      "Plan Width": 8,
      "Actual Startup Time": 141.749,
      "Actual Total Time": 152.531,
      "Actual Rows": 1,
      "Actual Loops": 1,
      "Plans": [
        {
          "Node Type": "Gather",
          "Parent Relationship": "Outer",
          "Parallel Aware": false,
          "Startup Cost": 45930.24,
          "Total Cost": 45930.55,
          "Plan Rows": 3,
          "Plan Width": 8,
          "Actual Startup Time": 141.594,
          "Actual Total Time": 152.521,
          "Actual Rows": 4,
          "Actual Loops": 1,
          "Workers Planned": 3,
          "Workers Launched": 3,
          "Single Copy": false,
          "Plans": [
            {
              "Node Type": "Aggregate",
              "Strategy": "Plain",
              "Partial Mode": "Partial",
              "Parent Relationship": "Outer",
              "Parallel Aware": false,
              "Startup Cost": 44930.24,
              "Total Cost": 44930.25,
              "Plan Rows": 1,
              "Plan Width": 8,
              "Actual Startup Time": 138.169,
              "Actual Total Time": 138.17,
              "Actual Rows": 1,
              "Actual Loops": 4,
              "Plans": [
                {
                  "Node Type": "Seq Scan",
                  "Parent Relationship": "Outer",
                  "Parallel Aware": true,
                  "Relation Name": "movie_keyword",
                  "Alias": "mk",
                  "Startup Cost": 0.0,
                  "Total Cost": 42695.65,
                  "Plan Rows": 893833,
                  "Plan Width": 0,
                  "Actual Startup Time": 0.03,
                  "Actual Total Time": 109.032,
                  "Actual Rows": 695738,
                  "Actual Loops": 4,
                  "Filter": "(keyword_id < 8064)",
                  "Rows Removed by Filter": 435244
                }
              ]
            }
          ]
        }
      ]
    },
    "Planning Time": 0.107,
    "Triggers": [],
    "Execution Time": 152.577
  }
]