[
  {
    "Plan": {
      "Node Type": "Aggregate",
      "Strategy": "Plain",
      "Partial Mode": "Finalize",
      "Parallel Aware": false,
      "Startup Cost": 418846.76,
      "Total Cost": 418846.77,
      "Plan Rows": 1,
      "Plan Width": 8,
      "Actual Startup Time": 1658.657,
      "Actual Total Time": 1725.852,
      "Actual Rows": 1,
      "Actual Loops": 1,
      "Plans": [
        {
          "Node Type": "Gather",
          "Parent Relationship": "Outer",
          "Parallel Aware": false,
          "Startup Cost": 418846.13,
          "Total Cost": 418846.74,
          "Plan Rows": 6,
          "Plan Width": 8,
          "Actual Startup Time": 1648.158,
          "Actual Total Time": 1725.843,
          "Actual Rows": 7,
          "Actual Loops": 1,
          "Workers Planned": 6,
          "Workers Launched": 6,
          "Single Copy": false,
          "Plans": [
            {
              "Node Type": "Aggregate",
              "Strategy": "Plain",
              "Partial Mode": "Partial",
              "Parent Relationship": "Outer",
              "Parallel Aware": false,
              "Startup Cost": 417846.13,
              "Total Cost": 417846.14,
              "Plan Rows": 1,
              "Plan Width": 8,
              "Actual Startup Time": 1635.825,
              "Actual Total Time": 1635.831,
              "Actual Rows": 1,
              "Actual Loops": 7,
              "Plans": [
                {
                  "Node Type": "Hash Join",
                  "Parent Relationship": "Outer",
                  "Parallel Aware": true,
                  "Join Type": "Inner",
                  "Startup Cost": 66289.18,
                  "Total Cost": 415070.63,
                  "Plan Rows": 1110201,
                  "Plan Width": 0,
                  "Actual Startup Time": 368.232,
                  "Actual Total Time": 1559.464,
                  "Actual Rows": 1813266,
                  "Actual Loops": 7,
                  "Inner Unique": false,
                  "Hash Cond": "(ci.movie_id = t.id)",
                  "Plans": [
                    {
                      "Node Type": "Seq Scan",
                      "Parent Relationship": "Outer",
                      "Parallel Aware": true,
                      "Relation Name": "cast_info",
                      "Alias": "ci",
                      "Startup Cost": 0.0,
                      "Total Cost": 328162.03,
                      "Plan Rows": 4264960,
                      "Plan Width": 4,
                      "Actual Startup Time": 104.883,
                      "Actual Total Time": 601.605,
                      "Actual Rows": 3652751,
                      "Actual Loops": 7,
                      "Filter": "(person_id > 1047436)",
                      "Rows Removed by Filter": 1525012
                    },
                    {
                      "Node Type": "Hash",
                      "Parent Relationship": "Inner",
                      "Parallel Aware": true,
                      "Startup Cost": 62861.4,
                      "Total Cost": 62861.4,
                      "Plan Rows": 274222,
                      "Plan Width": 8,
                      "Actual Startup Time": 259.812,
                      "Actual Total Time": 259.816,
                      "Actual Rows": 77104,
                      "Actual Loops": 7,
                      "Hash Buckets": 1048576,
                      "Original Hash Buckets": 1048576,
                      "Hash Batches": 1,
                      "Original Hash Batches": 1,
                      "Peak Memory Usage": 29440,
                      "Plans": [
                        {
                          "Node Type": "Hash Join",
                          "Parent Relationship": "Outer",
                          "Parallel Aware": true,
                          "Join Type": "Inner",
                          "Startup Cost": 47666.84,
                          "Total Cost": 62861.4,
                          "Plan Rows": 274222,
                          "Plan Width": 8,
                          "Actual Startup Time": 170.606,
                          "Actual Total Time": 230.581,
                          "Actual Rows": 77104,
                          "Actual Loops": 7,
                          "Inner Unique": true,
                          "Hash Cond": "(mi_idx.movie_id = t.id)",
                          "Plans": [
                            {
                              "Node Type": "Seq Scan",
                              "Parent Relationship": "Outer",
                              "Parallel Aware": true,
                              "Relation Name": "movie_info_idx",
                              "Alias": "mi_idx",
                              "Startup Cost": 0.0,
                              "Total Cost": 13685.15,
                              "Plan Rows": 575015,
                              "Plan Width": 4,
                              "Actual Startup Time": 0.029,
                              "Actual Total Time": 18.819,
                              "Actual Rows": 197148,
                              "Actual Loops": 7
                            },
                            {
                              "Node Type": "Hash",
                              "Parent Relationship": "Inner",
                              "Parallel Aware": true,
                              "Startup Cost": 43898.92,
                              "Total Cost": 43898.92,
                              "Plan Rows": 301434,
                              "Plan Width": 4,
                              "Actual Startup Time": 167.723,
                              "Actual Total Time": 167.724,
                              "Actual Rows": 170360,
                              "Actual Loops": 7,
                              "Hash Buckets": 2097152,
                              "Original Hash Buckets": 2097152,
                              "Hash Batches": 1,
                              "Original Hash Batches": 1,
                              "Peak Memory Usage": 63136,
                              "Plans": [
                                {
                                  "Node Type": "Seq Scan",
                                  "Parent Relationship": "Outer",
                                  "Parallel Aware": true,
                                  "Relation Name": "title",
                                  "Alias": "t",
                                  "Startup Cost": 0.0,
                                  "Total Cost": 43898.92,
                                  "Plan Rows": 301434,
                                  "Plan Width": 4,
                                  "Actual Startup Time": 0.047,
                                  "Actual Total Time": 77.305,
                                  "Actual Rows": 170360,
                                  "Actual Loops": 7,
                                  "Filter": "(production_year > 2003)",
                                  "Rows Removed by Filter": 190828
                                }
                              ]
                            }
                          ]
                        }
                      ]
                    }
                  ]
                }
              ]
            }
          ]
        }
      ]
    },
    "Planning Time": 1.244,
    "Triggers": [],
    "Execution Time": 1725.953
  }
]