{
  "Plan": {
    "Node Type": "Aggregate",
    "Strategy": "Plain",
    "Partial Mode": "Finalize",
    "Parallel Aware": false,
    "Startup Cost": 16441399.42,
    "Total Cost": 16441399.43,
    "Plan Rows": 1,
    "Plan Width": 64,
    "Actual Startup Time": 60764.13,
    "Actual Total Time": 63067.071,
    "Actual Rows": 1,
    "Actual Loops": 1,
    "Plans": [
      {
        "Node Type": "Gather",
        "Parent Relationship": "Outer",
        "Parallel Aware": false,
        "Startup Cost": 16441398.99,
        "Total Cost": 16441399.4,
        "Plan Rows": 4,
        "Plan Width": 64,
        "Actual Startup Time": 59162.586,
        "Actual Total Time": 63067.008,
        "Actual Rows": 5,
        "Actual Loops": 1,
        "Workers Planned": 4,
        "Workers Launched": 4,
        "Single Copy": false,
        "Plans": [
          {
            "Node Type": "Aggregate",
            "Strategy": "Plain",
            "Partial Mode": "Partial",
            "Parent Relationship": "Outer",
            "Parallel Aware": false,
            "Startup Cost": 16440398.99,
            "Total Cost": 16440399.0,
            "Plan Rows": 1,
            "Plan Width": 64,
            "Actual Startup Time": 59227.411,
            "Actual Total Time": 59235.842,
            "Actual Rows": 1,
            "Actual Loops": 5,
            "Plans": [
              {
                "Node Type": "Hash Join",
                "Parent Relationship": "Outer",
                "Parallel Aware": true,
                "Join Type": "Inner",
                "Startup Cost": 1128512.77,
                "Total Cost": 16440395.3,
                "Plan Rows": 738,
                "Plan Width": 33,
                "Actual Startup Time": 41822.145,
                "Actual Total Time": 59163.952,
                "Actual Rows": 742118,
                "Actual Loops": 5,
                "Inner Unique": true,
                "Hash Cond": "(mc.company_id = cn.id)",
                "Plans": [
                  {
                    "Node Type": "Hash Join",
                    "Parent Relationship": "Outer",
                    "Parallel Aware": true,
                    "Join Type": "Inner",
                    "Startup Cost": 1123158.0,
                    "Total Cost": 16435035.23,
                    "Plan Rows": 2018,
                    "Plan Width": 37,
                    "Actual Startup Time": 41791.788,
                    "Actual Total Time": 58860.625,
                    "Actual Rows": 1769579,
                    "Actual Loops": 5,
                    "Inner Unique": false,
                    "Hash Cond": "(ci.movie_id = mc.movie_id)",
                    "Plans": [
                      {
                        "Node Type": "Hash Join",
                        "Parent Relationship": "Outer",
                        "Parallel Aware": false,
                        "Join Type": "Inner",
                        "Startup Cost": 1085430.77,
                        "Total Cost": 16397297.74,
                        "Plan Rows": 750,
                        "Plan Width": 45,
                        "Actual Startup Time": 41409.808,
                        "Actual Total Time": 58148.122,
                        "Actual Rows": 258977,
                        "Actual Loops": 5,
                        "Inner Unique": true,
                        "Hash Cond": "(mk.keyword_id = k.id)",
                        "Plans": [
                          {
                            "Node Type": "Hash Join",
                            "Parent Relationship": "Outer",
                            "Parallel Aware": true,
                            "Join Type": "Inner",
                            "Startup Cost": 1082804.63,
                            "Total Cost": 16130559.83,
                            "Plan Rows": 100610830,
                            "Plan Width": 49,
                            "Actual Startup Time": 41396.664,
                            "Actual Total Time": 55663.098,
                            "Actual Rows": 50790194,
                            "Actual Loops": 5,
                            "Inner Unique": false,
                            "Hash Cond": "(n.id = an.person_id)",
                            "Plans": [
                              {
                                "Node Type": "Hash Join",
                                "Parent Relationship": "Outer",
                                "Parallel Aware": true,
                                "Join Type": "Inner",
                                "Startup Cost": 1064866.63,
                                "Total Cost": 13440432.15,
                                "Plan Rows": 42283024,
                                "Plan Width": 41,
                                "Actual Startup Time": 41260.153,
                                "Actual Total Time": 48779.389,
                                "Actual Rows": 43153095,
                                "Actual Loops": 5,
                                "Inner Unique": false,
                                "Hash Cond": "(n.id = ci.person_id)",
                                "Plans": [
                                  {
                                    "Node Type": "Seq Scan",
                                    "Parent Relationship": "Outer",
                                    "Parallel Aware": true,
                                    "Relation Name": "name",
                                    "Alias": "n",
                                    "Startup Cost": 0.0,
                                    "Total Cost": 66031.44,
                                    "Plan Rows": 1041844,
                                    "Plan Width": 4,
                                    "Actual Startup Time": 0.126,
                                    "Actual Total Time": 233.706,
                                    "Actual Rows": 833498,
                                    "Actual Loops": 5
                                  },
                                  {
                                    "Node Type": "Hash",
                                    "Parent Relationship": "Inner",
                                    "Parallel Aware": true,
                                    "Startup Cost": 712508.1,
                                    "Total Cost": 712508.1,
                                    "Plan Rows": 28188682,
                                    "Plan Width": 37,
                                    "Actual Startup Time": 41179.074,
                                    "Actual Total Time": 41187.467,
                                    "Actual Rows": 43153095,
                                    "Actual Loops": 5,
                                    "Hash Buckets": 67108864,
                                    "Original Hash Buckets": 67108864,
                                    "Hash Batches": 1,
                                    "Original Hash Batches": 1,
                                    "Peak Memory Usage": 15939488,
                                    "Plans": [
                                      {
                                        "Node Type": "Hash Join",
                                        "Parent Relationship": "Outer",
                                        "Parallel Aware": true,
                                        "Join Type": "Inner",
                                        "Startup Cost": 349700.52,
                                        "Total Cost": 712508.1,
                                        "Plan Rows": 28188682,
                                        "Plan Width": 37,
                                        "Actual Startup Time": 1342.277,
                                        "Actual Total Time": 11167.342,
                                        "Actual Rows": 43153095,
                                        "Actual Loops": 5,
                                        "Inner Unique": false,
                                        "Hash Cond": "(ci.movie_id = t.id)",
                                        "Plans": [
                                          {
                                            "Node Type": "Seq Scan",
                                            "Parent Relationship": "Outer",
                                            "Parallel Aware": true,
                                            "Relation Name": "cast_info",
                                            "Alias": "ci",
                                            "Startup Cost": 0.0,
                                            "Total Cost": 313116.71,
                                            "Plan Rows": 6042971,
                                            "Plan Width": 8,
                                            "Actual Startup Time": 0.049,
                                            "Actual Total Time": 1272.539,
                                            "Actual Rows": 7248869,
                                            "Actual Loops": 5
                                          },
                                          {
                                            "Node Type": "Hash",
                                            "Parent Relationship": "Inner",
                                            "Parallel Aware": true,
                                            "Startup Cost": 335563.25,
                                            "Total Cost": 335563.25,
                                            "Plan Rows": 1130982,
                                            "Plan Width": 29,
                                            "Actual Startup Time": 1332.049,
                                            "Actual Total Time": 1340.428,
                                            "Actual Rows": 904786,
                                            "Actual Loops": 5,
                                            "Hash Buckets": 8388608,
                                            "Original Hash Buckets": 8388608,
                                            "Hash Batches": 1,
                                            "Original Hash Batches": 1,
                                            "Peak Memory Usage": 357824,
                                            "Plans": [
                                              {
                                                "Node Type": "Hash Join",
                                                "Parent Relationship": "Outer",
                                                "Parallel Aware": true,
                                                "Join Type": "Inner",
                                                "Startup Cost": 57288.97,
                                                "Total Cost": 335563.25,
                                                "Plan Rows": 1130982,
                                                "Plan Width": 29,
                                                "Actual Startup Time": 457.403,
                                                "Actual Total Time": 922.237,
                                                "Actual Rows": 904786,
                                                "Actual Loops": 5,
                                                "Inner Unique": false,
                                                "Hash Cond": "(t.id = mk.movie_id)",
                                                "Plans": [
                                                  {
                                                    "Node Type": "Seq Scan",
                                                    "Parent Relationship": "Outer",
                                                    "Parallel Aware": true,
                                                    "Relation Name": "title",
                                                    "Alias": "t",
                                                    "Startup Cost": 0.0,
                                                    "Total Cost": 42319.27,
                                                    "Plan Rows": 632127,
                                                    "Plan Width": 21,
                                                    "Actual Startup Time": 0.034,
                                                    "Actual Total Time": 121.293,
                                                    "Actual Rows": 505662,
                                                    "Actual Loops": 5
                                                  },
                                                  {
                                                    "Node Type": "Hash",
                                                    "Parent Relationship": "Inner",
                                                    "Parallel Aware": true,
                                                    "Startup Cost": 39047.32,
                                                    "Total Cost": 39047.32,
                                                    "Plan Rows": 1459332,
                                                    "Plan Width": 8,
                                                    "Actual Startup Time": 447.383,
                                                    "Actual Total Time": 447.398,
                                                    "Actual Rows": 904786,
                                                    "Actual Loops": 5,
                                                    "Hash Buckets": 8388608,
                                                    "Original Hash Buckets": 8388608,
                                                    "Hash Batches": 1,
                                                    "Original Hash Batches": 1,
                                                    "Peak Memory Usage": 242592,
                                                    "Plans": [
                                                      {
                                                        "Node Type": "Seq Scan",
                                                        "Parent Relationship": "Outer",
                                                        "Parallel Aware": true,
                                                        "Relation Name": "movie_keyword",
                                                        "Alias": "mk",
                                                        "Startup Cost": 0.0,
                                                        "Total Cost": 39047.32,
                                                        "Plan Rows": 1459332,
                                                        "Plan Width": 8,
                                                        "Actual Startup Time": 0.088,
                                                        "Actual Total Time": 142.673,
                                                        "Actual Rows": 904786,
                                                        "Actual Loops": 5
                                                      }
                                                    ]
                                                  }
                                                ]
                                              }
                                            ]
                                          }
                                        ]
                                      }
                                    ]
                                  }
                                ]
                              },
                              {
                                "Node Type": "Hash",
                                "Parent Relationship": "Inner",
                                "Parallel Aware": true,
                                "Startup Cost": 14303.56,
                                "Total Cost": 14303.56,
                                "Plan Rows": 290756,
                                "Plan Width": 20,
                                "Actual Startup Time": 134.138,
                                "Actual Total Time": 134.141,
                                "Actual Rows": 180269,
                                "Actual Loops": 5,
                                "Hash Buckets": 1048576,
                                "Original Hash Buckets": 1048576,
                                "Hash Batches": 1,
                                "Original Hash Batches": 1,
                                "Peak Memory Usage": 58080,
                                "Plans": [
                                  {
                                    "Node Type": "Seq Scan",
                                    "Parent Relationship": "Outer",
                                    "Parallel Aware": true,
                                    "Relation Name": "aka_name",
                                    "Alias": "an",
                                    "Startup Cost": 0.0,
                                    "Total Cost": 14303.56,
                                    "Plan Rows": 290756,
                                    "Plan Width": 20,
                                    "Actual Startup Time": 0.031,
                                    "Actual Total Time": 42.398,
                                    "Actual Rows": 180269,
                                    "Actual Loops": 5
                                  }
                                ]
                              }
                            ]
                          },
                          {
                            "Node Type": "Hash",
                            "Parent Relationship": "Inner",
                            "Parallel Aware": false,
                            "Startup Cost": 2626.12,
                            "Total Cost": 2626.12,
                            "Plan Rows": 1,
                            "Plan Width": 4,
                            "Actual Startup Time": 12.533,
                            "Actual Total Time": 12.536,
                            "Actual Rows": 1,
                            "Actual Loops": 5,
                            "Hash Buckets": 1024,
                            "Original Hash Buckets": 1024,
                            "Hash Batches": 1,
                            "Original Hash Batches": 1,
                            "Peak Memory Usage": 9,
                            "Plans": [
                              {
                                "Node Type": "Seq Scan",
                                "Parent Relationship": "Outer",
                                "Parallel Aware": false,
                                "Relation Name": "keyword",
                                "Alias": "k",
                                "Startup Cost": 0.0,
                                "Total Cost": 2626.12,
                                "Plan Rows": 1,
                                "Plan Width": 4,
                                "Actual Startup Time": 0.597,
                                "Actual Total Time": 12.523,
                                "Actual Rows": 1,
                                "Actual Loops": 5,
                                "Filter": "(keyword = 'character-name-in-title'::text)",
                                "Rows Removed by Filter": 134169
                              }
                            ]
                          }
                        ]
                      },
                      {
                        "Node Type": "Hash",
                        "Parent Relationship": "Inner",
                        "Parallel Aware": true,
                        "Startup Cost": 27206.55,
                        "Total Cost": 27206.55,
                        "Plan Rows": 841655,
                        "Plan Width": 8,
                        "Actual Startup Time": 372.732,
                        "Actual Total Time": 372.733,
                        "Actual Rows": 521826,
                        "Actual Loops": 5,
                        "Hash Buckets": 4194304,
                        "Original Hash Buckets": 4194304,
                        "Hash Batches": 1,
                        "Original Hash Batches": 1,
                        "Peak Memory Usage": 134912,
                        "Plans": [
                          {
                            "Node Type": "Seq Scan",
                            "Parent Relationship": "Outer",
                            "Parallel Aware": true,
                            "Relation Name": "movie_companies",
                            "Alias": "mc",
                            "Startup Cost": 0.0,
                            "Total Cost": 27206.55,
                            "Plan Rows": 841655,
                            "Plan Width": 8,
                            "Actual Startup Time": 0.05,
                            "Actual Total Time": 112.122,
                            "Actual Rows": 521826,
                            "Actual Loops": 5
                          }
                        ]
                      }
                    ]
                  },
                  {
                    "Node Type": "Hash",
                    "Parent Relationship": "Inner",
                    "Parallel Aware": true,
                    "Startup Cost": 4722.92,
                    "Total Cost": 4722.92,
                    "Plan Rows": 50548,
                    "Plan Width": 4,
                    "Actual Startup Time": 27.984,
                    "Actual Total Time": 27.992,
                    "Actual Rows": 16969,
                    "Actual Loops": 5,
                    "Hash Buckets": 131072,
                    "Original Hash Buckets": 131072,
                    "Hash Batches": 1,
                    "Original Hash Batches": 1,
                    "Peak Memory Usage": 4416,
                    "Plans": [
                      {
                        "Node Type": "Seq Scan",
                        "Parent Relationship": "Outer",
                        "Parallel Aware": true,
                        "Relation Name": "company_name",
                        "Alias": "cn",
                        "Startup Cost": 0.0,
                        "Total Cost": 4722.92,
                        "Plan Rows": 50548,
                        "Plan Width": 4,
                        "Actual Startup Time": 0.084,
                        "Actual Total Time": 18.689,
                        "Actual Rows": 16969,
                        "Actual Loops": 5,
                        "Filter": "((country_code)::text = '[us]'::text)",
                        "Rows Removed by Filter": 30031
                      }
                    ]
                  }
                ]
              }
            ]
          }
        ]
      }
    ]
  },
  "Planning Time": 13.623,
  "Triggers": [],
  "Execution Time": 63067.941
}