[
  {
    "Plan": {
      "Node Type": "Aggregate",
      "Strategy": "Plain",
      "Partial Mode": "Finalize",
      "Parallel Aware": false,
      "Startup Cost": 44642.64,
      "Total Cost": 44642.65,
      "Plan Rows": 1,
      "Plan Width": 8,
      "Actual Startup Time": 125.331,
      "Actual Total Time": 134.781,
      "Actual Rows": 1,
      "Actual Loops": 1,
      "Plans": [
        {
          "Node Type": "Gather",
          "Parent Relationship": "Outer",
          "Parallel Aware": false,
          "Startup Cost": 44642.32,
          "Total Cost": 44642.63,
          "Plan Rows": 3,
          "Plan Width": 8,
          "Actual Startup Time": 125.224,
          "Actual Total Time": 134.774,
          "Actual Rows": 4,
          "Actual Loops": 1,
          "Workers Planned": 3,
          "Workers Launched": 3,
          "Single Copy": false,
          "Plans": [
            {
              "Node Type": "Aggregate",
              "Strategy": "Plain",
              "Partial Mode": "Partial",
              "Parent Relationship": "Outer",
              "Parallel Aware": false,
              "Startup Cost": 43642.32,
              "Total Cost": 43642.33,
              "Plan Rows": 1,
              "Plan Width": 8,
              "Actual Startup Time": 118.091,
              "Actual Total Time": 118.092,
              "Actual Rows": 1,
              "Actual Loops": 4,
              "Plans": [
                {
                  "Node Type": "Seq Scan",
                  "Parent Relationship": "Outer",
                  "Parallel Aware": true,
                  "Relation Name": "movie_keyword",
                  "Alias": "mk",
                  "Startup Cost": 0.0,
                  "Total Cost": 42695.65,
                  "Plan Rows": 378666,
                  "Plan Width": 0,
                  "Actual Startup Time": 1.931,
                  "Actual Total Time": 103.73,
                  "Actual Rows": 295136,
                  "Actual Loops": 4,
                  "Filter": "(keyword_id > 15788)",
                  "Rows Removed by Filter": 835846
                }
              ]
            }
          ]
        }
      ]
    },
    "Planning Time": 0.114,
    "Triggers": [],
    "Execution Time": 134.818
  }
]