{
  "Plan": {
    "Node Type": "Aggregate",
    "Strategy": "Plain",
    "Partial Mode": "Finalize",
    "Parallel Aware": false,
    "Startup Cost": 636537.61,
    "Total Cost": 636537.62,
    "Plan Rows": 1,
    "Plan Width": 8,
    "Actual Startup Time": 4943.888,
    "Actual Total Time": 5010.503,
    "Actual Rows": 1,
    "Actual Loops": 1,
    "Plans": [
      {
        "Node Type": "Gather",
        "Parent Relationship": "Outer",
        "Parallel Aware": false,
        "Startup Cost": 636537.5,
        "Total Cost": 636537.61,
        "Plan Rows": 1,
        "Plan Width": 8,
        "Actual Startup Time": 4941.863,
        "Actual Total Time": 5010.495,
        "Actual Rows": 2,
        "Actual Loops": 1,
        "Workers Planned": 1,
        "Workers Launched": 1,
        "Single Copy": false,
        "Plans": [
          {
            "Node Type": "Aggregate",
            "Strategy": "Plain",
            "Partial Mode": "Partial",
            "Parent Relationship": "Outer",
            "Parallel Aware": false,
            "Startup Cost": 635537.5,
            "Total Cost": 635537.51,
            "Plan Rows": 1,
            "Plan Width": 8,
            "Actual Startup Time": 4936.078,
            "Actual Total Time": 4936.082,
            "Actual Rows": 1,
            "Actual Loops": 2,
            "Plans": [
              {
                "Node Type": "Hash Join",
                "Parent Relationship": "Outer",
                "Parallel Aware": true,
                "Join Type": "Inner",
                "Startup Cost": 65769.41,
                "Total Cost": 621515.25,
                "Plan Rows": 5608900,
                "Plan Width": 0,
                "Actual Startup Time": 767.437,
                "Actual Total Time": 4774.206,
                "Actual Rows": 4057554,
                "Actual Loops": 2,
                "Inner Unique": true,
                "Hash Cond": "(ci.movie_id = t.id)",
                "Plans": [
                  {
                    "Node Type": "Seq Scan",
                    "Parent Relationship": "Outer",
                    "Parallel Aware": true,
                    "Relation Name": "cast_info",
                    "Alias": "ci",
                    "Startup Cost": 0.0,
                    "Total Cost": 519069.44,
                    "Plan Rows": 13971936,
                    "Plan Width": 4,
                    "Actual Startup Time": 490.361,
                    "Actual Total Time": 1752.877,
                    "Actual Rows": 11786828,
                    "Actual Loops": 2,
                    "Filter": "(role_id > 1)",
                    "Rows Removed by Filter": 6335344
                  },
                  {
                    "Node Type": "Hash",
                    "Parent Relationship": "Inner",
                    "Parallel Aware": true,
                    "Startup Cost": 58306.47,
                    "Total Cost": 58306.47,
                    "Plan Rows": 597035,
                    "Plan Width": 4,
                    "Actual Startup Time": 268.138,
                    "Actual Total Time": 268.139,
                    "Actual Rows": 480056,
                    "Actual Loops": 2,
                    "Hash Buckets": 1048576,
                    "Original Hash Buckets": 1048576,
                    "Hash Batches": 1,
                    "Original Hash Batches": 1,
                    "Peak Memory Usage": 45792,
                    "Plans": [
                      {
                        "Node Type": "Seq Scan",
                        "Parent Relationship": "Outer",
                        "Parallel Aware": true,
                        "Relation Name": "title",
                        "Alias": "t",
                        "Startup Cost": 0.0,
                        "Total Cost": 58306.47,
                        "Plan Rows": 597035,
                        "Plan Width": 4,
                        "Actual Startup Time": 0.035,
                        "Actual Total Time": 159.035,
                        "Actual Rows": 480056,
                        "Actual Loops": 2,
                        "Filter": "((production_year < 2008) AND (kind_id = 7))",
                        "Rows Removed by Filter": 784100
                      }
                    ]
                  }
                ]
              }
            ]
          }
        ]
      }
    ]
  },
  "Planning Time": 0.631,
  "Triggers": [],
  "Execution Time": 5010.588
}