[
  {
    "Plan": {
      "Node Type": "Aggregate",
      "Strategy": "Plain",
      "Partial Mode": "Finalize",
      "Parallel Aware": false,
      "Startup Cost": 350443.72,
      "Total Cost": 350443.73,
      "Plan Rows": 1,
      "Plan Width": 8,
      "Actual Startup Time": 760.85,
      "Actual Total Time": 817.371,
      "Actual Rows": 1,
      "Actual Loops": 1,
      "Plans": [
        {
          "Node Type": "Gather",
          "Parent Relationship": "Outer",
          "Parallel Aware": false,
          "Startup Cost": 350443.1,
          "Total Cost": 350443.71,
          "Plan Rows": 6,
          "Plan Width": 8,
          "Actual Startup Time": 760.709,
          "Actual Total Time": 817.362,
          "Actual Rows": 7,
          "Actual Loops": 1,
          "Workers Planned": 6,
          "Workers Launched": 6,
          "Single Copy": false,
          "Plans": [
            {
              "Node Type": "Aggregate",
              "Strategy": "Plain",
              "Partial Mode": "Partial",
              "Parent Relationship": "Outer",
              "Parallel Aware": false,
              "Startup Cost": 349443.1,
              "Total Cost": 349443.11,
              "Plan Rows": 1,
              "Plan Width": 8,
              "Actual Startup Time": 751.972,
              "Actual Total Time": 751.973,
              "Actual Rows": 1,
              "Actual Loops": 7,
              "Plans": [
                {
                  "Node Type": "Seq Scan",
                  "Parent Relationship": "Outer",
                  "Parallel Aware": true,
                  "Relation Name": "cast_info",
                  "Alias": "ci",
                  "Startup Cost": 0.0,
                  "Total Cost": 343257.03,
                  "Plan Rows": 2474428,
                  "Plan Width": 0,
                  "Actual Startup Time": 341.422,
                  "Actual Total Time": 662.727,
                  "Actual Rows": 2161542,
                  "Actual Loops": 7,
                  "Filter": "((person_id > 337843) AND (role_id > 2))",
                  "Rows Removed by Filter": 3016222
                }
              ]
            }
          ]
        }
      ]
    },
    "Planning Time": 0.146,
    "Triggers": [],
    "Execution Time": 817.426
  }
]