[
  {
    "Plan": {
      "Node Type": "Aggregate",
      "Strategy": "Plain",
      "Partial Mode": "Finalize",
      "Parallel Aware": false,
      "Startup Cost": 269774.28,
      "Total Cost": 269774.29,
      "Plan Rows": 1,
      "Plan Width": 8,
      "Actual Startup Time": 90.638,
      "Actual Total Time": 95.32,
      "Actual Rows": 1,
      "Actual Loops": 1,
      "Plans": [
        {
          "Node Type": "Gather",
          "Parent Relationship": "Outer",
          "Parallel Aware": false,
          "Startup Cost": 269773.66,
          "Total Cost": 269774.27,
          "Plan Rows": 6,
          "Plan Width": 8,
          "Actual Startup Time": 90.47,
          "Actual Total Time": 95.313,
          "Actual Rows": 7,
          "Actual Loops": 1,
          "Workers Planned": 6,
          "Workers Launched": 6,
          "Single Copy": false,
          "Plans": [
            {
              "Node Type": "Aggregate",
              "Strategy": "Plain",
              "Partial Mode": "Partial",
              "Parent Relationship": "Outer",
              "Parallel Aware": false,
              "Startup Cost": 268773.66,
              "Total Cost": 268773.67,
              "Plan Rows": 1,
              "Plan Width": 8,
              "Actual Startup Time": 81.889,
              "Actual Total Time": 81.891,
              "Actual Rows": 1,
              "Actual Loops": 7,
              "Plans": [
                {
                  "Node Type": "Bitmap Heap Scan",
                  "Parent Relationship": "Outer",
                  "Parallel Aware": true,
                  "Relation Name": "cast_info",
                  "Alias": "ci",
                  "Startup Cost": 14451.03,
                  "Total Cost": 268501.05,
                  "Plan Rows": 109042,
                  "Plan Width": 0,
                  "Actual Startup Time": 41.773,
                  "Actual Total Time": 74.032,
                  "Actual Rows": 90962,
                  "Actual Loops": 7,
                  "Recheck Cond": "(person_id < 68213)",
                  "Rows Removed by Index Recheck": 0,
                  "Exact Heap Blocks": 2659,
                  "Lossy Heap Blocks": 0,
                  "Plans": [
                    {
                      "Node Type": "Bitmap Index Scan",
                      "Parent Relationship": "Outer",
                      "Parallel Aware": false,
                      "Index Name": "person_id_cast_info",
                      "Startup Cost": 0.0,
                      "Total Cost": 14287.46,
                      "Plan Rows": 654253,
                      "Plan Width": 0,
                      "Actual Startup Time": 48.318,
                      "Actual Total Time": 48.318,
                      "Actual Rows": 636735,
                      "Actual Loops": 1,
                      "Index Cond": "(person_id < 68213)"
                    }
                  ]
                }
              ]
            }
          ]
        }
      ]
    },
    "Planning Time": 0.196,
    "Triggers": [],
    "Execution Time": 95.396
  }
]