{
    "Plan": {
        "Node Type": "Aggregate",
        "Strategy": "Plain",
        "Partial Mode": "Finalize",
        "Parallel Aware": false,
        "Startup Cost": 286394.72,
        "Total Cost": 286394.73,
        "Plan Rows": 1,
        "Plan Width": 8,
        "Actual Startup Time": 613.033,
        "Actual Total Time": 642.752,
        "Actual Rows": 1,
        "Actual Loops": 1,
        "Output": [
            "count(*)"
        ],
        "Plans": [
            {
                "Node Type": "Gather",
                "Parent Relationship": "Outer",
                "Parallel Aware": false,
                "Startup Cost": 286394.2,
                "Total Cost": 286394.71,
                "Plan Rows": 5,
                "Plan Width": 8,
                "Actual Startup Time": 611.768,
                "Actual Total Time": 642.74,
                "Actual Rows": 6,
                "Actual Loops": 1,
                "Output": [
                    "(PARTIAL count(*))"
                ],
                "Workers Planned": 5,
                "Workers Launched": 5,
                "Single Copy": false,
                "Plans": [
                    {
                        "Node Type": "Aggregate",
                        "Strategy": "Plain",
                        "Partial Mode": "Partial",
                        "Parent Relationship": "Outer",
                        "Parallel Aware": false,
                        "Startup Cost": 285394.2,
                        "Total Cost": 285394.21,
                        "Plan Rows": 1,
                        "Plan Width": 8,
                        "Actual Startup Time": 601.542,
                        "Actual Total Time": 601.546,
                        "Actual Rows": 1,
                        "Actual Loops": 6,
                        "Output": [
                            "PARTIAL count(*)"
                        ],
                        "Workers": [
                            {
                                "Worker Number": 0,
                                "Actual Startup Time": 598.873,
                                "Actual Total Time": 598.877,
                                "Actual Rows": 1,
                                "Actual Loops": 1
                            },
                            {
                                "Worker Number": 1,
                                "Actual Startup Time": 598.976,
                                "Actual Total Time": 598.979,
                                "Actual Rows": 1,
                                "Actual Loops": 1
                            },
                            {
                                "Worker Number": 2,
                                "Actual Startup Time": 599.387,
                                "Actual Total Time": 599.391,
                                "Actual Rows": 1,
                                "Actual Loops": 1
                            },
                            {
                                "Worker Number": 3,
                                "Actual Startup Time": 599.4,
                                "Actual Total Time": 599.404,
                                "Actual Rows": 1,
                                "Actual Loops": 1
                            },
                            {
                                "Worker Number": 4,
                                "Actual Startup Time": 602.103,
                                "Actual Total Time": 602.107,
                                "Actual Rows": 1,
                                "Actual Loops": 1
                            }
                        ],
                        "Plans": [
                            {
                                "Node Type": "Hash Join",
                                "Parent Relationship": "Outer",
                                "Parallel Aware": true,
                                "Join Type": "Inner",
                                "Startup Cost": 116638.46,
                                "Total Cost": 285372.48,
                                "Plan Rows": 8688,
                                "Plan Width": 0,
                                "Actual Startup Time": 378.287,
                                "Actual Total Time": 601.281,
                                "Actual Rows": 1638,
                                "Actual Loops": 6,
                                "Inner Unique": true,
                                "Hash Cond": "(mi.movie_id = t.id)",
                                "Workers": [
                                    {
                                        "Worker Number": 0,
                                        "Actual Startup Time": 376.167,
                                        "Actual Total Time": 598.629,
                                        "Actual Rows": 1365,
                                        "Actual Loops": 1
                                    },
                                    {
                                        "Worker Number": 1,
                                        "Actual Startup Time": 375.388,
                                        "Actual Total Time": 598.713,
                                        "Actual Rows": 1497,
                                        "Actual Loops": 1
                                    },
                                    {
                                        "Worker Number": 2,
                                        "Actual Startup Time": 376.068,
                                        "Actual Total Time": 599.116,
                                        "Actual Rows": 1626,
                                        "Actual Loops": 1
                                    },
                                    {
                                        "Worker Number": 3,
                                        "Actual Startup Time": 375.612,
                                        "Actual Total Time": 599.14,
                                        "Actual Rows": 2003,
                                        "Actual Loops": 1
                                    },
                                    {
                                        "Worker Number": 4,
                                        "Actual Startup Time": 379.116,
                                        "Actual Total Time": 601.851,
                                        "Actual Rows": 1787,
                                        "Actual Loops": 1
                                    }
                                ],
                                "Plans": [
                                    {
                                        "Node Type": "Bitmap Heap Scan",
                                        "Parent Relationship": "Outer",
                                        "Parallel Aware": true,
                                        "Relation Name": "movie_info",
                                        "Schema": "public",
                                        "Alias": "mi",
                                        "Startup Cost": 40414.81,
                                        "Total Cost": 207978.89,
                                        "Plan Rows": 445687,
                                        "Plan Width": 4,
                                        "Actual Startup Time": 132.976,
                                        "Actual Total Time": 293.076,
                                        "Actual Rows": 372308,
                                        "Actual Loops": 6,
                                        "Output": [
                                            "mi.id",
                                            "mi.movie_id",
                                            "mi.info_type_id",
                                            "mi.info",
                                            "mi.note"
                                        ],
                                        "Recheck Cond": "(mi.info_type_id > 16)",
                                        "Rows Removed by Index Recheck": 0,
                                        "Exact Heap Blocks": 7459,
                                        "Lossy Heap Blocks": 0,
                                        "Workers": [
                                            {
                                                "Worker Number": 0,
                                                "Actual Startup Time": 133.396,
                                                "Actual Total Time": 292.519,
                                                "Actual Rows": 356166,
                                                "Actual Loops": 1
                                            },
                                            {
                                                "Worker Number": 1,
                                                "Actual Startup Time": 132.894,
                                                "Actual Total Time": 291.81,
                                                "Actual Rows": 357903,
                                                "Actual Loops": 1
                                            },
                                            {
                                                "Worker Number": 2,
                                                "Actual Startup Time": 132.952,
                                                "Actual Total Time": 292.211,
                                                "Actual Rows": 358902,
                                                "Actual Loops": 1
                                            },
                                            {
                                                "Worker Number": 3,
                                                "Actual Startup Time": 132.536,
                                                "Actual Total Time": 292.186,
                                                "Actual Rows": 386245,
                                                "Actual Loops": 1
                                            },
                                            {
                                                "Worker Number": 4,
                                                "Actual Startup Time": 133.185,
                                                "Actual Total Time": 294.62,
                                                "Actual Rows": 445517,
                                                "Actual Loops": 1
                                            }
                                        ],
                                        "Plans": [
                                            {
                                                "Node Type": "Bitmap Index Scan",
                                                "Parent Relationship": "Outer",
                                                "Parallel Aware": false,
                                                "Index Name": "info_type_id_movie_info",
                                                "Startup Cost": 0.0,
                                                "Total Cost": 39857.7,
                                                "Plan Rows": 2228435,
                                                "Plan Width": 0,
                                                "Actual Startup Time": 119.586,
                                                "Actual Total Time": 119.587,
                                                "Actual Rows": 2233850,
                                                "Actual Loops": 1,
                                                "Index Cond": "(mi.info_type_id > 16)",
                                                "Workers": [
                                                    {
                                                        "Worker Number": 3,
                                                        "Actual Startup Time": 119.586,
                                                        "Actual Total Time": 119.587,
                                                        "Actual Rows": 2233850,
                                                        "Actual Loops": 1
                                                    }
                                                ]
                                            }
                                        ]
                                    },
                                    {
                                        "Node Type": "Hash",
                                        "Parent Relationship": "Inner",
                                        "Parallel Aware": true,
                                        "Startup Cost": 76069.64,
                                        "Total Cost": 76069.64,
                                        "Plan Rows": 12321,
                                        "Plan Width": 4,
                                        "Actual Startup Time": 244.155,
                                        "Actual Total Time": 244.157,
                                        "Actual Rows": 7554,
                                        "Actual Loops": 6,
                                        "Output": [
                                            "t.id"
                                        ],
                                        "Hash Buckets": 65536,
                                        "Original Hash Buckets": 65536,
                                        "Hash Batches": 1,
                                        "Original Hash Batches": 1,
                                        "Peak Memory Usage": 2368,
                                        "Workers": [
                                            {
                                                "Worker Number": 0,
                                                "Actual Startup Time": 242.043,
                                                "Actual Total Time": 242.045,
                                                "Actual Rows": 6913,
                                                "Actual Loops": 1
                                            },
                                            {
                                                "Worker Number": 1,
                                                "Actual Startup Time": 242.1,
                                                "Actual Total Time": 242.101,
                                                "Actual Rows": 6901,
                                                "Actual Loops": 1
                                            },
                                            {
                                                "Worker Number": 2,
                                                "Actual Startup Time": 242.564,
                                                "Actual Total Time": 242.566,
                                                "Actual Rows": 6990,
                                                "Actual Loops": 1
                                            },
                                            {
                                                "Worker Number": 3,
                                                "Actual Startup Time": 242.553,
                                                "Actual Total Time": 242.555,
                                                "Actual Rows": 6906,
                                                "Actual Loops": 1
                                            },
                                            {
                                                "Worker Number": 4,
                                                "Actual Startup Time": 245.288,
                                                "Actual Total Time": 245.29,
                                                "Actual Rows": 9586,
                                                "Actual Loops": 1
                                            }
                                        ],
                                        "Plans": [
                                            {
                                                "Node Type": "Bitmap Heap Scan",
                                                "Parent Relationship": "Outer",
                                                "Parallel Aware": true,
                                                "Relation Name": "title",
                                                "Schema": "public",
                                                "Alias": "t",
                                                "Startup Cost": 33108.01,
                                                "Total Cost": 76069.64,
                                                "Plan Rows": 12321,
                                                "Plan Width": 4,
                                                "Actual Startup Time": 116.751,
                                                "Actual Total Time": 238.944,
                                                "Actual Rows": 7554,
                                                "Actual Loops": 6,
                                                "Output": [
                                                    "t.id"
                                                ],
                                                "Recheck Cond": "(t.kind_id > 1)",
                                                "Rows Removed by Index Recheck": 0,
                                                "Filter": "(t.production_year > 2012)",
                                                "Rows Removed by Filter": 303361,
                                                "Exact Heap Blocks": 6033,
                                                "Lossy Heap Blocks": 0,
                                                "Workers": [
                                                    {
                                                        "Worker Number": 0,
                                                        "Actual Startup Time": 114.591,
                                                        "Actual Total Time": 236.862,
                                                        "Actual Rows": 6913,
                                                        "Actual Loops": 1
                                                    },
                                                    {
                                                        "Worker Number": 1,
                                                        "Actual Startup Time": 115.562,
                                                        "Actual Total Time": 236.832,
                                                        "Actual Rows": 6901,
                                                        "Actual Loops": 1
                                                    },
                                                    {
                                                        "Worker Number": 2,
                                                        "Actual Startup Time": 115.221,
                                                        "Actual Total Time": 237.39,
                                                        "Actual Rows": 6990,
                                                        "Actual Loops": 1
                                                    },
                                                    {
                                                        "Worker Number": 3,
                                                        "Actual Startup Time": 115.005,
                                                        "Actual Total Time": 237.302,
                                                        "Actual Rows": 6906,
                                                        "Actual Loops": 1
                                                    },
                                                    {
                                                        "Worker Number": 4,
                                                        "Actual Startup Time": 117.63,
                                                        "Actual Total Time": 240.007,
                                                        "Actual Rows": 9586,
                                                        "Actual Loops": 1
                                                    }
                                                ],
                                                "Plans": [
                                                    {
                                                        "Node Type": "Bitmap Index Scan",
                                                        "Parent Relationship": "Outer",
                                                        "Parallel Aware": false,
                                                        "Index Name": "kind_id_title",
                                                        "Startup Cost": 0.0,
                                                        "Total Cost": 33095.69,
                                                        "Plan Rows": 1856968,
                                                        "Plan Width": 0,
                                                        "Actual Startup Time": 113.22,
                                                        "Actual Total Time": 113.22,
                                                        "Actual Rows": 1865487,
                                                        "Actual Loops": 1,
                                                        "Index Cond": "(t.kind_id > 1)"
                                                    }
                                                ]
                                            }
                                        ]
                                    }
                                ]
                            }
                        ]
                    }
                ]
            }
        ]
    },
    "Planning Time": 2.996,
    "Triggers": [],
    "Execution Time": 643.199
}