[
  {
    "Plan": {
      "Node Type": "Aggregate",
      "Strategy": "Plain",
      "Partial Mode": "Finalize",
      "Parallel Aware": false,
      "Startup Cost": 389657.12,
      "Total Cost": 389657.13,
      "Plan Rows": 1,
      "Plan Width": 8,
      "Actual Startup Time": 1316.092,
      "Actual Total Time": 1348.75,
      "Actual Rows": 1,
      "Actual Loops": 1,
      "Plans": [
        {
          "Node Type": "Gather",
          "Parent Relationship": "Outer",
          "Parallel Aware": false,
          "Startup Cost": 389656.5,
          "Total Cost": 389657.11,
          "Plan Rows": 6,
          "Plan Width": 8,
          "Actual Startup Time": 1314.758,
          "Actual Total Time": 1348.742,
          "Actual Rows": 7,
          "Actual Loops": 1,
          "Workers Planned": 6,
          "Workers Launched": 6,
          "Single Copy": false,
          "Plans": [
            {
              "Node Type": "Aggregate",
              "Strategy": "Plain",
              "Partial Mode": "Partial",
              "Parent Relationship": "Outer",
              "Parallel Aware": false,
              "Startup Cost": 388656.5,
              "Total Cost": 388656.51,
              "Plan Rows": 1,
              "Plan Width": 8,
              "Actual Startup Time": 1308.691,
              "Actual Total Time": 1308.694,
              "Actual Rows": 1,
              "Actual Loops": 7,
              "Plans": [
                {
                  "Node Type": "Hash Join",
                  "Parent Relationship": "Outer",
                  "Parallel Aware": true,
                  "Join Type": "Inner",
                  "Startup Cost": 46520.43,
                  "Total Cost": 387103.98,
                  "Plan Rows": 621009,
                  "Plan Width": 0,
                  "Actual Startup Time": 82.479,
                  "Actual Total Time": 1281.396,
                  "Actual Rows": 479469,
                  "Actual Loops": 7,
                  "Inner Unique": true,
                  "Hash Cond": "(ci.movie_id = t.id)",
                  "Plans": [
                    {
                      "Node Type": "Seq Scan",
                      "Parent Relationship": "Outer",
                      "Parallel Aware": true,
                      "Relation Name": "cast_info",
                      "Alias": "ci",
                      "Startup Cost": 0.0,
                      "Total Cost": 328213.62,
                      "Plan Rows": 4712345,
                      "Plan Width": 4,
                      "Actual Startup Time": 0.018,
                      "Actual Total Time": 609.073,
                      "Actual Rows": 4040092,
                      "Actual Loops": 7,
                      "Filter": "(person_id < 2883204)",
                      "Rows Removed by Filter": 1137671
                    },
                    {
                      "Node Type": "Hash",
                      "Parent Relationship": "Inner",
                      "Parallel Aware": true,
                      "Startup Cost": 45479.21,
                      "Total Cost": 45479.21,
                      "Plan Rows": 83298,
                      "Plan Width": 4,
                      "Actual Startup Time": 81.003,
                      "Actual Total Time": 81.004,
                      "Actual Rows": 36510,
                      "Actual Loops": 7,
                      "Hash Buckets": 524288,
                      "Original Hash Buckets": 524288,
                      "Hash Batches": 1,
                      "Original Hash Batches": 1,
                      "Peak Memory Usage": 14304,
                      "Plans": [
                        {
                          "Node Type": "Seq Scan",
                          "Parent Relationship": "Outer",
                          "Parallel Aware": true,
                          "Relation Name": "title",
                          "Alias": "t",
                          "Startup Cost": 0.0,
                          "Total Cost": 45479.21,
                          "Plan Rows": 83298,
                          "Plan Width": 4,
                          "Actual Startup Time": 32.776,
                          "Actual Total Time": 65.933,
                          "Actual Rows": 36510,
                          "Actual Loops": 7,
                          "Filter": "((production_year > 2002) AND (kind_id = 1))",
                          "Rows Removed by Filter": 324677
                        }
                      ]
                    }
                  ]
                }
              ]
            }
          ]
        }
      ]
    },
    "Planning Time": 0.286,
    "Triggers": [],
    "Execution Time": 1348.789
  }
]