[
  {
    "Plan": {
      "Node Type": "Aggregate",
      "Strategy": "Plain",
      "Partial Mode": "Finalize",
      "Parallel Aware": false,
      "Startup Cost": 32790.6,
      "Total Cost": 32790.61,
      "Plan Rows": 1,
      "Plan Width": 8,
      "Actual Startup Time": 82.798,
      "Actual Total Time": 88.823,
      "Actual Rows": 1,
      "Actual Loops": 1,
      "Plans": [
        {
          "Node Type": "Gather",
          "Parent Relationship": "Outer",
          "Parallel Aware": false,
          "Startup Cost": 32790.28,
          "Total Cost": 32790.59,
          "Plan Rows": 3,
          "Plan Width": 8,
          "Actual Startup Time": 82.653,
          "Actual Total Time": 88.814,
          "Actual Rows": 4,
          "Actual Loops": 1,
          "Workers Planned": 3,
          "Workers Launched": 3,
          "Single Copy": false,
          "Plans": [
            {
              "Node Type": "Aggregate",
              "Strategy": "Plain",
              "Partial Mode": "Partial",
              "Parent Relationship": "Outer",
              "Parallel Aware": false,
              "Startup Cost": 31790.28,
              "Total Cost": 31790.29,
              "Plan Rows": 1,
              "Plan Width": 8,
              "Actual Startup Time": 77.427,
              "Actual Total Time": 77.428,
              "Actual Rows": 1,
              "Actual Loops": 4,
              "Plans": [
                {
                  "Node Type": "Seq Scan",
                  "Parent Relationship": "Outer",
                  "Parallel Aware": true,
                  "Relation Name": "movie_companies",
                  "Alias": "mc",
                  "Startup Cost": 0.0,
                  "Total Cost": 31414.82,
                  "Plan Rows": 150186,
                  "Plan Width": 0,
                  "Actual Startup Time": 20.314,
                  "Actual Total Time": 75.252,
                  "Actual Rows": 38956,
                  "Actual Loops": 4,
                  "Filter": "((company_id > 18214) AND (company_type_id = 1))",
                  "Rows Removed by Filter": 613326
                }
              ]
            }
          ]
        }
      ]
    },
    "Planning Time": 0.128,
    "Triggers": [],
    "Execution Time": 88.866
  }
]