[
    {
        "Bao": {
            "Bao prediction": "NaN",
            "Bao recommended hint": "(no hint)"
        }
    },
    {
        "Plan": {
            "Node Type": "Aggregate",
            "Strategy": "Plain",
            "Partial Mode": "Finalize",
            "Parallel Aware": false,
            "Startup Cost": 616626.18,
            "Total Cost": 616626.19,
            "Plan Rows": 1,
            "Plan Width": 8,
            "Actual Startup Time": 1809.278,
            "Actual Total Time": 1854.745,
            "Actual Rows": 1,
            "Actual Loops": 1,
            "Output": [
                "count(*)"
            ],
            "Plans": [
                {
                    "Node Type": "Gather",
                    "Parent Relationship": "Outer",
                    "Parallel Aware": false,
                    "Startup Cost": 616625.56,
                    "Total Cost": 616626.17,
                    "Plan Rows": 6,
                    "Plan Width": 8,
                    "Actual Startup Time": 1778.12,
                    "Actual Total Time": 1854.729,
                    "Actual Rows": 7,
                    "Actual Loops": 1,
                    "Output": [
                        "(PARTIAL count(*))"
                    ],
                    "Workers Planned": 6,
                    "Workers Launched": 6,
                    "Single Copy": false,
                    "Plans": [
                        {
                            "Node Type": "Aggregate",
                            "Strategy": "Plain",
                            "Partial Mode": "Partial",
                            "Parent Relationship": "Outer",
                            "Parallel Aware": false,
                            "Startup Cost": 615625.56,
                            "Total Cost": 615625.57,
                            "Plan Rows": 1,
                            "Plan Width": 8,
                            "Actual Startup Time": 1754.493,
                            "Actual Total Time": 1755.009,
                            "Actual Rows": 1,
                            "Actual Loops": 7,
                            "Output": [
                                "PARTIAL count(*)"
                            ],
                            "Workers": [
                                {
                                    "Worker Number": 0,
                                    "Actual Startup Time": 1750.105,
                                    "Actual Total Time": 1750.118,
                                    "Actual Rows": 1,
                                    "Actual Loops": 1
                                },
                                {
                                    "Worker Number": 1,
                                    "Actual Startup Time": 1750.117,
                                    "Actual Total Time": 1750.122,
                                    "Actual Rows": 1,
                                    "Actual Loops": 1
                                },
                                {
                                    "Worker Number": 2,
                                    "Actual Startup Time": 1752.194,
                                    "Actual Total Time": 1752.198,
                                    "Actual Rows": 1,
                                    "Actual Loops": 1
                                },
                                {
                                    "Worker Number": 3,
                                    "Actual Startup Time": 1750.517,
                                    "Actual Total Time": 1750.522,
                                    "Actual Rows": 1,
                                    "Actual Loops": 1
                                },
                                {
                                    "Worker Number": 4,
                                    "Actual Startup Time": 1750.627,
                                    "Actual Total Time": 1750.631,
                                    "Actual Rows": 1,
                                    "Actual Loops": 1
                                },
                                {
                                    "Worker Number": 5,
                                    "Actual Startup Time": 1750.862,
                                    "Actual Total Time": 1750.867,
                                    "Actual Rows": 1,
                                    "Actual Loops": 1
                                }
                            ],
                            "Plans": [
                                {
                                    "Node Type": "Hash Join",
                                    "Parent Relationship": "Outer",
                                    "Parallel Aware": true,
                                    "Join Type": "Inner",
                                    "Startup Cost": 258242.78,
                                    "Total Cost": 610931.43,
                                    "Plan Rows": 1877652,
                                    "Plan Width": 0,
                                    "Actual Startup Time": 1140.624,
                                    "Actual Total Time": 1709.724,
                                    "Actual Rows": 985773,
                                    "Actual Loops": 7,
                                    "Inner Unique": false,
                                    "Hash Cond": "(ci.movie_id = t.id)",
                                    "Workers": [
                                        {
                                            "Worker Number": 0,
                                            "Actual Startup Time": 1136.603,
                                            "Actual Total Time": 1707.389,
                                            "Actual Rows": 1072122,
                                            "Actual Loops": 1
                                        },
                                        {
                                            "Worker Number": 1,
                                            "Actual Startup Time": 1136.462,
                                            "Actual Total Time": 1701.218,
                                            "Actual Rows": 759016,
                                            "Actual Loops": 1
                                        },
                                        {
                                            "Worker Number": 2,
                                            "Actual Startup Time": 1136.822,
                                            "Actual Total Time": 1709.128,
                                            "Actual Rows": 1060307,
                                            "Actual Loops": 1
                                        },
                                        {
                                            "Worker Number": 3,
                                            "Actual Startup Time": 1136.891,
                                            "Actual Total Time": 1708.47,
                                            "Actual Rows": 1060939,
                                            "Actual Loops": 1
                                        },
                                        {
                                            "Worker Number": 4,
                                            "Actual Startup Time": 1136.975,
                                            "Actual Total Time": 1707.832,
                                            "Actual Rows": 1048657,
                                            "Actual Loops": 1
                                        },
                                        {
                                            "Worker Number": 5,
                                            "Actual Startup Time": 1137.247,
                                            "Actual Total Time": 1707.649,
                                            "Actual Rows": 1056300,
                                            "Actual Loops": 1
                                        }
                                    ],
                                    "Plans": [
                                        {
                                            "Node Type": "Seq Scan",
                                            "Parent Relationship": "Outer",
                                            "Parallel Aware": true,
                                            "Relation Name": "cast_info",
                                            "Schema": "public",
                                            "Alias": "ci",
                                            "Startup Cost": 0.0,
                                            "Total Cost": 343318.94,
                                            "Plan Rows": 1497175,
                                            "Plan Width": 4,
                                            "Actual Startup Time": 315.485,
                                            "Actual Total Time": 576.829,
                                            "Actual Rows": 748426,
                                            "Actual Loops": 7,
                                            "Output": [
                                                "ci.id",
                                                "ci.person_id",
                                                "ci.movie_id",
                                                "ci.person_role_id",
                                                "ci.note",
                                                "ci.nr_order",
                                                "ci.role_id"
                                            ],
                                            "Filter": "((ci.person_id < 2035654) AND (ci.role_id > 2))",
                                            "Rows Removed by Filter": 4429337,
                                            "Workers": [
                                                {
                                                    "Worker Number": 0,
                                                    "Actual Startup Time": 315.467,
                                                    "Actual Total Time": 578.67,
                                                    "Actual Rows": 814454,
                                                    "Actual Loops": 1
                                                },
                                                {
                                                    "Worker Number": 1,
                                                    "Actual Startup Time": 315.494,
                                                    "Actual Total Time": 589.644,
                                                    "Actual Rows": 564964,
                                                    "Actual Loops": 1
                                                },
                                                {
                                                    "Worker Number": 2,
                                                    "Actual Startup Time": 315.524,
                                                    "Actual Total Time": 579.881,
                                                    "Actual Rows": 814589,
                                                    "Actual Loops": 1
                                                },
                                                {
                                                    "Worker Number": 3,
                                                    "Actual Startup Time": 315.469,
                                                    "Actual Total Time": 578.268,
                                                    "Actual Rows": 812123,
                                                    "Actual Loops": 1
                                                },
                                                {
                                                    "Worker Number": 4,
                                                    "Actual Startup Time": 315.469,
                                                    "Actual Total Time": 572.129,
                                                    "Actual Rows": 792678,
                                                    "Actual Loops": 1
                                                },
                                                {
                                                    "Worker Number": 5,
                                                    "Actual Startup Time": 315.496,
                                                    "Actual Total Time": 577.642,
                                                    "Actual Rows": 804212,
                                                    "Actual Loops": 1
                                                }
                                            ]
                                        },
                                        {
                                            "Node Type": "Hash",
                                            "Parent Relationship": "Inner",
                                            "Parallel Aware": true,
                                            "Startup Cost": 250315.67,
                                            "Total Cost": 250315.67,
                                            "Plan Rows": 634169,
                                            "Plan Width": 8,
                                            "Actual Startup Time": 817.428,
                                            "Actual Total Time": 817.942,
                                            "Actual Rows": 287499,
                                            "Actual Loops": 7,
                                            "Output": [
                                                "t.id",
                                                "mi.movie_id"
                                            ],
                                            "Hash Buckets": 4194304,
                                            "Original Hash Buckets": 4194304,
                                            "Hash Batches": 1,
                                            "Original Hash Batches": 1,
                                            "Peak Memory Usage": 111584,
                                            "Workers": [
                                                {
                                                    "Worker Number": 0,
                                                    "Actual Startup Time": 820.024,
                                                    "Actual Total Time": 820.026,
                                                    "Actual Rows": 318553,
                                                    "Actual Loops": 1
                                                },
                                                {
                                                    "Worker Number": 1,
                                                    "Actual Startup Time": 819.79,
                                                    "Actual Total Time": 819.794,
                                                    "Actual Rows": 217191,
                                                    "Actual Loops": 1
                                                },
                                                {
                                                    "Worker Number": 2,
                                                    "Actual Startup Time": 820.278,
                                                    "Actual Total Time": 820.281,
                                                    "Actual Rows": 312157,
                                                    "Actual Loops": 1
                                                },
                                                {
                                                    "Worker Number": 3,
                                                    "Actual Startup Time": 820.498,
                                                    "Actual Total Time": 820.502,
                                                    "Actual Rows": 310745,
                                                    "Actual Loops": 1
                                                },
                                                {
                                                    "Worker Number": 4,
                                                    "Actual Startup Time": 820.491,
                                                    "Actual Total Time": 820.494,
                                                    "Actual Rows": 290521,
                                                    "Actual Loops": 1
                                                },
                                                {
                                                    "Worker Number": 5,
                                                    "Actual Startup Time": 820.759,
                                                    "Actual Total Time": 820.762,
                                                    "Actual Rows": 309077,
                                                    "Actual Loops": 1
                                                }
                                            ],
                                            "Plans": [
                                                {
                                                    "Node Type": "Hash Join",
                                                    "Parent Relationship": "Outer",
                                                    "Parallel Aware": true,
                                                    "Join Type": "Inner",
                                                    "Startup Cost": 48689.12,
                                                    "Total Cost": 250315.67,
                                                    "Plan Rows": 634169,
                                                    "Plan Width": 8,
                                                    "Actual Startup Time": 206.562,
                                                    "Actual Total Time": 684.614,
                                                    "Actual Rows": 287499,
                                                    "Actual Loops": 7,
                                                    "Output": [
                                                        "t.id",
                                                        "mi.movie_id"
                                                    ],
                                                    "Inner Unique": true,
                                                    "Hash Cond": "(mi.movie_id = t.id)",
                                                    "Workers": [
                                                        {
                                                            "Worker Number": 0,
                                                            "Actual Startup Time": 206.552,
                                                            "Actual Total Time": 683.543,
                                                            "Actual Rows": 318553,
                                                            "Actual Loops": 1
                                                        },
                                                        {
                                                            "Worker Number": 1,
                                                            "Actual Startup Time": 206.533,
                                                            "Actual Total Time": 685.745,
                                                            "Actual Rows": 217191,
                                                            "Actual Loops": 1
                                                        },
                                                        {
                                                            "Worker Number": 2,
                                                            "Actual Startup Time": 206.555,
                                                            "Actual Total Time": 684.175,
                                                            "Actual Rows": 312157,
                                                            "Actual Loops": 1
                                                        },
                                                        {
                                                            "Worker Number": 3,
                                                            "Actual Startup Time": 206.526,
                                                            "Actual Total Time": 684.436,
                                                            "Actual Rows": 310745,
                                                            "Actual Loops": 1
                                                        },
                                                        {
                                                            "Worker Number": 4,
                                                            "Actual Startup Time": 206.499,
                                                            "Actual Total Time": 683.721,
                                                            "Actual Rows": 290521,
                                                            "Actual Loops": 1
                                                        },
                                                        {
                                                            "Worker Number": 5,
                                                            "Actual Startup Time": 206.466,
                                                            "Actual Total Time": 684.266,
                                                            "Actual Rows": 309077,
                                                            "Actual Loops": 1
                                                        }
                                                    ],
                                                    "Plans": [
                                                        {
                                                            "Node Type": "Seq Scan",
                                                            "Parent Relationship": "Outer",
                                                            "Parallel Aware": true,
                                                            "Relation Name": "movie_info",
                                                            "Schema": "public",
                                                            "Alias": "mi",
                                                            "Startup Cost": 0.0,
                                                            "Total Cost": 198880.74,
                                                            "Plan Rows": 1046023,
                                                            "Plan Width": 4,
                                                            "Actual Startup Time": 14.211,
                                                            "Actual Total Time": 287.214,
                                                            "Actual Rows": 752938,
                                                            "Actual Loops": 7,
                                                            "Output": [
                                                                "mi.id",
                                                                "mi.movie_id",
                                                                "mi.info_type_id",
                                                                "mi.info",
                                                                "mi.note"
                                                            ],
                                                            "Filter": "(mi.info_type_id > 15)",
                                                            "Rows Removed by Filter": 1366450,
                                                            "Workers": [
                                                                {
                                                                    "Worker Number": 0,
                                                                    "Actual Startup Time": 14.223,
                                                                    "Actual Total Time": 288.89,
                                                                    "Actual Rows": 818211,
                                                                    "Actual Loops": 1
                                                                },
                                                                {
                                                                    "Worker Number": 1,
                                                                    "Actual Startup Time": 14.138,
                                                                    "Actual Total Time": 297.389,
                                                                    "Actual Rows": 562992,
                                                                    "Actual Loops": 1
                                                                },
                                                                {
                                                                    "Worker Number": 2,
                                                                    "Actual Startup Time": 14.227,
                                                                    "Actual Total Time": 288.806,
                                                                    "Actual Rows": 811287,
                                                                    "Actual Loops": 1
                                                                },
                                                                {
                                                                    "Worker Number": 3,
                                                                    "Actual Startup Time": 14.223,
                                                                    "Actual Total Time": 288.731,
                                                                    "Actual Rows": 806393,
                                                                    "Actual Loops": 1
                                                                },
                                                                {
                                                                    "Worker Number": 4,
                                                                    "Actual Startup Time": 14.23,
                                                                    "Actual Total Time": 285.358,
                                                                    "Actual Rows": 774812,
                                                                    "Actual Loops": 1
                                                                },
                                                                {
                                                                    "Worker Number": 5,
                                                                    "Actual Startup Time": 14.232,
                                                                    "Actual Total Time": 288.767,
                                                                    "Actual Rows": 799606,
                                                                    "Actual Loops": 1
                                                                }
                                                            ]
                                                        },
                                                        {
                                                            "Node Type": "Hash",
                                                            "Parent Relationship": "Inner",
                                                            "Parallel Aware": true,
                                                            "Startup Cost": 43899.01,
                                                            "Total Cost": 43899.01,
                                                            "Plan Rows": 383209,
                                                            "Plan Width": 4,
                                                            "Actual Startup Time": 189.742,
                                                            "Actual Total Time": 189.744,
                                                            "Actual Rows": 220466,
                                                            "Actual Loops": 7,
                                                            "Output": [
                                                                "t.id"
                                                            ],
                                                            "Hash Buckets": 2097152,
                                                            "Original Hash Buckets": 2097152,
                                                            "Hash Batches": 1,
                                                            "Original Hash Batches": 1,
                                                            "Peak Memory Usage": 76896,
                                                            "Workers": [
                                                                {
                                                                    "Worker Number": 0,
                                                                    "Actual Startup Time": 192.228,
                                                                    "Actual Total Time": 192.229,
                                                                    "Actual Rows": 234462,
                                                                    "Actual Loops": 1
                                                                },
                                                                {
                                                                    "Worker Number": 1,
                                                                    "Actual Startup Time": 192.023,
                                                                    "Actual Total Time": 192.024,
                                                                    "Actual Rows": 160463,
                                                                    "Actual Loops": 1
                                                                },
                                                                {
                                                                    "Worker Number": 2,
                                                                    "Actual Startup Time": 192.221,
                                                                    "Actual Total Time": 192.222,
                                                                    "Actual Rows": 233145,
                                                                    "Actual Loops": 1
                                                                },
                                                                {
                                                                    "Worker Number": 3,
                                                                    "Actual Startup Time": 192.199,
                                                                    "Actual Total Time": 192.201,
                                                                    "Actual Rows": 226489,
                                                                    "Actual Loops": 1
                                                                },
                                                                {
                                                                    "Worker Number": 4,
                                                                    "Actual Startup Time": 192.121,
                                                                    "Actual Total Time": 192.122,
                                                                    "Actual Rows": 206360,
                                                                    "Actual Loops": 1
                                                                },
                                                                {
                                                                    "Worker Number": 5,
                                                                    "Actual Startup Time": 192.107,
                                                                    "Actual Total Time": 192.109,
                                                                    "Actual Rows": 227103,
                                                                    "Actual Loops": 1
                                                                }
                                                            ],
                                                            "Plans": [
                                                                {
                                                                    "Node Type": "Seq Scan",
                                                                    "Parent Relationship": "Outer",
                                                                    "Parallel Aware": true,
                                                                    "Relation Name": "title",
                                                                    "Schema": "public",
                                                                    "Alias": "t",
                                                                    "Startup Cost": 0.0,
                                                                    "Total Cost": 43899.01,
                                                                    "Plan Rows": 383209,
                                                                    "Plan Width": 4,
                                                                    "Actual Startup Time": 0.072,
                                                                    "Actual Total Time": 75.061,
                                                                    "Actual Rows": 220466,
                                                                    "Actual Loops": 7,
                                                                    "Output": [
                                                                        "t.id"
                                                                    ],
                                                                    "Filter": "(t.kind_id = 7)",
                                                                    "Rows Removed by Filter": 140721,
                                                                    "Workers": [
                                                                        {
                                                                            "Worker Number": 0,
                                                                            "Actual Startup Time": 0.076,
                                                                            "Actual Total Time": 76.972,
                                                                            "Actual Rows": 234462,
                                                                            "Actual Loops": 1
                                                                        },
                                                                        {
                                                                            "Worker Number": 1,
                                                                            "Actual Startup Time": 0.095,
                                                                            "Actual Total Time": 76.597,
                                                                            "Actual Rows": 160463,
                                                                            "Actual Loops": 1
                                                                        },
                                                                        {
                                                                            "Worker Number": 2,
                                                                            "Actual Startup Time": 0.067,
                                                                            "Actual Total Time": 76.052,
                                                                            "Actual Rows": 233145,
                                                                            "Actual Loops": 1
                                                                        },
                                                                        {
                                                                            "Worker Number": 3,
                                                                            "Actual Startup Time": 0.072,
                                                                            "Actual Total Time": 75.949,
                                                                            "Actual Rows": 226489,
                                                                            "Actual Loops": 1
                                                                        },
                                                                        {
                                                                            "Worker Number": 4,
                                                                            "Actual Startup Time": 0.088,
                                                                            "Actual Total Time": 73.188,
                                                                            "Actual Rows": 206360,
                                                                            "Actual Loops": 1
                                                                        },
                                                                        {
                                                                            "Worker Number": 5,
                                                                            "Actual Startup Time": 0.09,
                                                                            "Actual Total Time": 76.882,
                                                                            "Actual Rows": 227103,
                                                                            "Actual Loops": 1
                                                                        }
                                                                    ]
                                                                }
                                                            ]
                                                        }
                                                    ]
                                                }
                                            ]
                                        }
                                    ]
                                }
                            ]
                        }
                    ]
                }
            ]
        },
        "Planning Time": 279.87,
        "Triggers": [],
        "Execution Time": 1854.91
    }
]