{
  "Plan": {
    "Node Type": "Aggregate",
    "Strategy": "Plain",
    "Partial Mode": "Finalize",
    "Parallel Aware": false,
    "Startup Cost": 1000910.13,
    "Total Cost": 1000910.14,
    "Plan Rows": 1,
    "Plan Width": 8,
    "Actual Startup Time": 4949.933,
    "Actual Total Time": 4971.348,
    "Actual Rows": 1,
    "Actual Loops": 1,
    "Plans": [
      {
        "Node Type": "Gather",
        "Parent Relationship": "Outer",
        "Parallel Aware": false,
        "Startup Cost": 1000910.02,
        "Total Cost": 1000910.13,
        "Plan Rows": 1,
        "Plan Width": 8,
        "Actual Startup Time": 4949.921,
        "Actual Total Time": 4971.341,
        "Actual Rows": 2,
        "Actual Loops": 1,
        "Workers Planned": 1,
        "Workers Launched": 1,
        "Single Copy": false,
        "Plans": [
          {
            "Node Type": "Aggregate",
            "Strategy": "Plain",
            "Partial Mode": "Partial",
            "Parent Relationship": "Outer",
            "Parallel Aware": false,
            "Startup Cost": 999910.02,
            "Total Cost": 999910.03,
            "Plan Rows": 1,
            "Plan Width": 8,
            "Actual Startup Time": 4790.208,
            "Actual Total Time": 4790.216,
            "Actual Rows": 1,
            "Actual Loops": 2,
            "Plans": [
              {
                "Node Type": "Merge Join",
                "Parent Relationship": "Outer",
                "Parallel Aware": false,
                "Join Type": "Inner",
                "Startup Cost": 959205.39,
                "Total Cost": 996146.6,
                "Plan Rows": 1505368,
                "Plan Width": 0,
                "Actual Startup Time": 3899.374,
                "Actual Total Time": 4721.819,
                "Actual Rows": 1685452,
                "Actual Loops": 2,
                "Inner Unique": false,
                "Merge Cond": "(t.id = mi.movie_id)",
                "Plans": [
                  {
                    "Node Type": "Sort",
                    "Parent Relationship": "Outer",
                    "Parallel Aware": false,
                    "Startup Cost": 622033.21,
                    "Total Cost": 629219.11,
                    "Plan Rows": 2874362,
                    "Plan Width": 8,
                    "Actual Startup Time": 3461.791,
                    "Actual Total Time": 3771.498,
                    "Actual Rows": 2845490,
                    "Actual Loops": 2,
                    "Sort Key": [
                      "t.id"
                    ],
                    "Sort Method": "quicksort",
                    "Sort Space Used": 249188,
                    "Sort Space Type": "Memory",
                    "Workers": [
                      {
                        "Worker Number": 0,
                        "Sort Method": "quicksort",
                        "Sort Space Used": 214186,
                        "Sort Space Type": "Memory"
                      }
                    ],
                    "Plans": [
                      {
                        "Node Type": "Hash Join",
                        "Parent Relationship": "Outer",
                        "Parallel Aware": true,
                        "Join Type": "Inner",
                        "Startup Cost": 69461.26,
                        "Total Cost": 313688.75,
                        "Plan Rows": 2874362,
                        "Plan Width": 8,
                        "Actual Startup Time": 585.913,
                        "Actual Total Time": 2658.075,
                        "Actual Rows": 2845490,
                        "Actual Loops": 2,
                        "Inner Unique": true,
                        "Hash Cond": "(ci.movie_id = t.id)",
                        "Plans": [
                          {
                            "Node Type": "Index Scan",
                            "Parent Relationship": "Outer",
                            "Parallel Aware": true,
                            "Scan Direction": "Forward",
                            "Index Name": "role_id_cast_info",
                            "Relation Name": "cast_info",
                            "Alias": "ci",
                            "Startup Cost": 0.56,
                            "Total Cost": 236682.84,
                            "Plan Rows": 2874362,
                            "Plan Width": 4,
                            "Actual Startup Time": 0.177,
                            "Actual Total Time": 699.248,
                            "Actual Rows": 2845490,
                            "Actual Loops": 2,
                            "Index Cond": "(role_id = 2)",
                            "Rows Removed by Index Recheck": 0,
                            "Filter": "(person_id < 2470379)",
                            "Rows Removed by Filter": 880496
                          },
                          {
                            "Node Type": "Hash",
                            "Parent Relationship": "Inner",
                            "Parallel Aware": true,
                            "Startup Cost": 50870.31,
                            "Total Cost": 50870.31,
                            "Plan Rows": 1487231,
                            "Plan Width": 4,
                            "Actual Startup Time": 564.055,
                            "Actual Total Time": 564.057,
                            "Actual Rows": 1264156,
                            "Actual Loops": 2,
                            "Hash Buckets": 4194304,
                            "Original Hash Buckets": 4194304,
                            "Hash Batches": 1,
                            "Original Hash Batches": 1,
                            "Peak Memory Usage": 131712,
                            "Plans": [
                              {
                                "Node Type": "Seq Scan",
                                "Parent Relationship": "Outer",
                                "Parallel Aware": true,
                                "Relation Name": "title",
                                "Alias": "t",
                                "Startup Cost": 0.0,
                                "Total Cost": 50870.31,
                                "Plan Rows": 1487231,
                                "Plan Width": 4,
                                "Actual Startup Time": 0.025,
                                "Actual Total Time": 179.856,
                                "Actual Rows": 1264156,
                                "Actual Loops": 2
                              }
                            ]
                          }
                        ]
                      }
                    ]
                  },
                  {
                    "Node Type": "Sort",
                    "Parent Relationship": "Inner",
                    "Parallel Aware": false,
                    "Startup Cost": 337171.89,
                    "Total Cost": 340482.2,
                    "Plan Rows": 1324124,
                    "Plan Width": 4,
                    "Actual Startup Time": 437.56,
                    "Actual Total Time": 529.906,
                    "Actual Rows": 2361784,
                    "Actual Loops": 2,
                    "Sort Key": [
                      "mi.movie_id"
                    ],
                    "Sort Method": "quicksort",
                    "Sort Space Used": 111279,
                    "Sort Space Type": "Memory",
                    "Workers": [
                      {
                        "Worker Number": 0,
                        "Sort Method": "quicksort",
                        "Sort Space Used": 111279,
                        "Sort Space Type": "Memory"
                      }
                    ],
                    "Plans": [
                      {
                        "Node Type": "Bitmap Heap Scan",
                        "Parent Relationship": "Outer",
                        "Parallel Aware": false,
                        "Relation Name": "movie_info",
                        "Alias": "mi",
                        "Startup Cost": 23986.4,
                        "Total Cost": 202530.95,
                        "Plan Rows": 1324124,
                        "Plan Width": 4,
                        "Actual Startup Time": 42.664,
                        "Actual Total Time": 171.633,
                        "Actual Rows": 1325361,
                        "Actual Loops": 2,
                        "Recheck Cond": "(info_type_id = 8)",
                        "Rows Removed by Index Recheck": 0,
                        "Exact Heap Blocks": 7852,
                        "Lossy Heap Blocks": 0,
                        "Plans": [
                          {
                            "Node Type": "Bitmap Index Scan",
                            "Parent Relationship": "Outer",
                            "Parallel Aware": false,
                            "Index Name": "info_type_id_movie_info",
                            "Startup Cost": 0.0,
                            "Total Cost": 23655.37,
                            "Plan Rows": 1324124,
                            "Plan Width": 0,
                            "Actual Startup Time": 41.745,
                            "Actual Total Time": 41.745,
                            "Actual Rows": 1325361,
                            "Actual Loops": 2,
                            "Index Cond": "(info_type_id = 8)"
                          }
                        ]
                      }
                    ]
                  }
                ]
              }
            ]
          }
        ]
      }
    ]
  },
  "Planning Time": 1.065,
  "Triggers": [],
  "Execution Time": 4989.924
}