[
  {
    "Plan": {
      "Node Type": "Aggregate",
      "Strategy": "Plain",
      "Partial Mode": "Finalize",
      "Parallel Aware": false,
      "Startup Cost": 112589.33,
      "Total Cost": 112589.34,
      "Plan Rows": 1,
      "Plan Width": 8,
      "Actual Startup Time": 397.975,
      "Actual Total Time": 418.99,
      "Actual Rows": 1,
      "Actual Loops": 1,
      "Plans": [
        {
          "Node Type": "Gather",
          "Parent Relationship": "Outer",
          "Parallel Aware": false,
          "Startup Cost": 112589.01,
          "Total Cost": 112589.32,
          "Plan Rows": 3,
          "Plan Width": 8,
          "Actual Startup Time": 396.017,
          "Actual Total Time": 418.981,
          "Actual Rows": 4,
          "Actual Loops": 1,
          "Workers Planned": 3,
          "Workers Launched": 3,
          "Single Copy": false,
          "Plans": [
            {
              "Node Type": "Aggregate",
              "Strategy": "Plain",
              "Partial Mode": "Partial",
              "Parent Relationship": "Outer",
              "Parallel Aware": false,
              "Startup Cost": 111589.01,
              "Total Cost": 111589.02,
              "Plan Rows": 1,
              "Plan Width": 8,
              "Actual Startup Time": 386.084,
              "Actual Total Time": 386.202,
              "Actual Rows": 1,
              "Actual Loops": 4,
              "Plans": [
                {
                  "Node Type": "Hash Join",
                  "Parent Relationship": "Outer",
                  "Parallel Aware": true,
                  "Join Type": "Inner",
                  "Startup Cost": 63521.27,
                  "Total Cost": 111277.18,
                  "Plan Rows": 124730,
                  "Plan Width": 0,
                  "Actual Startup Time": 214.604,
                  "Actual Total Time": 383.069,
                  "Actual Rows": 79490,
                  "Actual Loops": 4,
                  "Inner Unique": false,
                  "Hash Cond": "(mk.movie_id = t.id)",
                  "Plans": [
                    {
                      "Node Type": "Seq Scan",
                      "Parent Relationship": "Outer",
                      "Parallel Aware": true,
                      "Relation Name": "movie_keyword",
                      "Alias": "mk",
                      "Startup Cost": 0.0,
                      "Total Cost": 42695.65,
                      "Plan Rows": 1210813,
                      "Plan Width": 4,
                      "Actual Startup Time": 0.054,
                      "Actual Total Time": 105.837,
                      "Actual Rows": 935448,
                      "Actual Loops": 4,
                      "Filter": "(keyword_id > 746)",
                      "Rows Removed by Filter": 195535
                    },
                    {
                      "Node Type": "Hash",
                      "Parent Relationship": "Inner",
                      "Parallel Aware": true,
                      "Startup Cost": 62164.77,
                      "Total Cost": 62164.77,
                      "Plan Rows": 108520,
                      "Plan Width": 8,
                      "Actual Startup Time": 211.89,
                      "Actual Total Time": 212.006,
                      "Actual Rows": 34306,
                      "Actual Loops": 4,
                      "Hash Buckets": 262144,
                      "Original Hash Buckets": 262144,
                      "Hash Batches": 1,
                      "Original Hash Batches": 1,
                      "Peak Memory Usage": 7488,
                      "Plans": [
                        {
                          "Node Type": "Hash Join",
                          "Parent Relationship": "Outer",
                          "Parallel Aware": true,
                          "Join Type": "Inner",
                          "Startup Cost": 46970.21,
                          "Total Cost": 62164.77,
                          "Plan Rows": 108520,
                          "Plan Width": 8,
                          "Actual Startup Time": 131.772,
                          "Actual Total Time": 204.29,
                          "Actual Rows": 34306,
                          "Actual Loops": 4,
                          "Inner Unique": true,
                          "Hash Cond": "(mi_idx.movie_id = t.id)",
                          "Plans": [
                            {
                              "Node Type": "Seq Scan",
                              "Parent Relationship": "Outer",
                              "Parallel Aware": true,
                              "Relation Name": "movie_info_idx",
                              "Alias": "mi_idx",
                              "Startup Cost": 0.0,
                              "Total Cost": 13685.15,
                              "Plan Rows": 575015,
                              "Plan Width": 4,
                              "Actual Startup Time": 0.024,
                              "Actual Total Time": 28.067,
                              "Actual Rows": 345009,
                              "Actual Loops": 4
                            },
                            {
                              "Node Type": "Hash",
                              "Parent Relationship": "Inner",
                              "Parallel Aware": true,
                              "Startup Cost": 45479.1,
                              "Total Cost": 45479.1,
                              "Plan Rows": 119289,
                              "Plan Width": 4,
                              "Actual Startup Time": 129.878,
                              "Actual Total Time": 129.879,
                              "Actual Rows": 91315,
                              "Actual Loops": 4,
                              "Hash Buckets": 524288,
                              "Original Hash Buckets": 524288,
                              "Hash Batches": 1,
                              "Original Hash Batches": 1,
                              "Peak Memory Usage": 18432,
                              "Plans": [
                                {
                                  "Node Type": "Seq Scan",
                                  "Parent Relationship": "Outer",
                                  "Parallel Aware": true,
                                  "Relation Name": "title",
                                  "Alias": "t",
                                  "Startup Cost": 0.0,
                                  "Total Cost": 45479.1,
                                  "Plan Rows": 119289,
                                  "Plan Width": 4,
                                  "Actual Startup Time": 0.037,
                                  "Actual Total Time": 97.32,
                                  "Actual Rows": 91315,
                                  "Actual Loops": 4,
                                  "Filter": "((kind_id > 4) AND (production_year < 1994))",
                                  "Rows Removed by Filter": 540763
                                }
                              ]
                            }
                          ]
                        }
                      ]
                    }
                  ]
                }
              ]
            }
          ]
        }
      ]
    },
    "Planning Time": 1.391,
    "Triggers": [],
    "Execution Time": 419.07
  }
]