[
  {
    "Plan": {
      "Node Type": "Aggregate",
      "Strategy": "Plain",
      "Partial Mode": "Finalize",
      "Parallel Aware": false,
      "Startup Cost": 73737.95,
      "Total Cost": 73737.96,
      "Plan Rows": 1,
      "Plan Width": 8,
      "Actual Startup Time": 121.594,
      "Actual Total Time": 134.908,
      "Actual Rows": 1,
      "Actual Loops": 1,
      "Plans": [
        {
          "Node Type": "Gather",
          "Parent Relationship": "Outer",
          "Parallel Aware": false,
          "Startup Cost": 73737.53,
          "Total Cost": 73737.94,
          "Plan Rows": 4,
          "Plan Width": 8,
          "Actual Startup Time": 121.441,
          "Actual Total Time": 134.896,
          "Actual Rows": 5,
          "Actual Loops": 1,
          "Workers Planned": 4,
          "Workers Launched": 4,
          "Single Copy": false,
          "Plans": [
            {
              "Node Type": "Aggregate",
              "Strategy": "Plain",
              "Partial Mode": "Partial",
              "Parent Relationship": "Outer",
              "Parallel Aware": false,
              "Startup Cost": 72737.53,
              "Total Cost": 72737.54,
              "Plan Rows": 1,
              "Plan Width": 8,
              "Actual Startup Time": 112.883,
              "Actual Total Time": 112.886,
              "Actual Rows": 1,
              "Actual Loops": 5,
              "Plans": [
                {
                  "Node Type": "Nested Loop",
                  "Parent Relationship": "Outer",
                  "Parallel Aware": false,
                  "Join Type": "Inner",
                  "Startup Cost": 0.43,
                  "Total Cost": 72726.41,
                  "Plan Rows": 4447,
                  "Plan Width": 0,
                  "Actual Startup Time": 60.331,
                  "Actual Total Time": 112.254,
                  "Actual Rows": 6604,
                  "Actual Loops": 5,
                  "Inner Unique": false,
                  "Plans": [
                    {
                      "Node Type": "Seq Scan",
                      "Parent Relationship": "Outer",
                      "Parallel Aware": true,
                      "Relation Name": "title",
                      "Alias": "t",
                      "Startup Cost": 0.0,
                      "Total Cost": 43899.32,
                      "Plan Rows": 4310,
                      "Plan Width": 4,
                      "Actual Startup Time": 55.451,
                      "Actual Total Time": 85.323,
                      "Actual Rows": 3378,
                      "Actual Loops": 5,
                      "Filter": "(production_year < 1907)",
                      "Rows Removed by Filter": 502284
                    },
                    {
                      "Node Type": "Index Only Scan",
                      "Parent Relationship": "Inner",
                      "Parallel Aware": false,
                      "Scan Direction": "Forward",
                      "Index Name": "movie_id_movie_companies",
                      "Relation Name": "movie_companies",
                      "Alias": "mc",
                      "Startup Cost": 0.43,
                      "Total Cost": 6.64,
                      "Plan Rows": 5,
                      "Plan Width": 4,
                      "Actual Startup Time": 0.006,
                      "Actual Total Time": 0.007,
                      "Actual Rows": 2,
                      "Actual Loops": 16892,
                      "Index Cond": "(movie_id = t.id)",
                      "Rows Removed by Index Recheck": 0,
                      "Heap Fetches": 33018
                    }
                  ]
                }
              ]
            }
          ]
        }
      ]
    },
    "Planning Time": 0.42,
    "Triggers": [],
    "Execution Time": 134.962
  }
]