[
  {
    "Plan": {
      "Node Type": "Aggregate",
      "Strategy": "Plain",
      "Partial Mode": "Finalize",
      "Parallel Aware": false,
      "Startup Cost": 108576.43,
      "Total Cost": 108576.44,
      "Plan Rows": 1,
      "Plan Width": 8,
      "Actual Startup Time": 555.586,
      "Actual Total Time": 576.392,
      "Actual Rows": 1,
      "Actual Loops": 1,
      "Plans": [
        {
          "Node Type": "Gather",
          "Parent Relationship": "Outer",
          "Parallel Aware": false,
          "Startup Cost": 108576.21,
          "Total Cost": 108576.42,
          "Plan Rows": 2,
          "Plan Width": 8,
          "Actual Startup Time": 552.711,
          "Actual Total Time": 576.383,
          "Actual Rows": 3,
          "Actual Loops": 1,
          "Workers Planned": 2,
          "Workers Launched": 2,
          "Single Copy": false,
          "Plans": [
            {
              "Node Type": "Aggregate",
              "Strategy": "Plain",
              "Partial Mode": "Partial",
              "Parent Relationship": "Outer",
              "Parallel Aware": false,
              "Startup Cost": 107576.21,
              "Total Cost": 107576.22,
              "Plan Rows": 1,
              "Plan Width": 8,
              "Actual Startup Time": 546.107,
              "Actual Total Time": 546.437,
              "Actual Rows": 1,
              "Actual Loops": 3,
              "Plans": [
                {
                  "Node Type": "Hash Join",
                  "Parent Relationship": "Outer",
                  "Parallel Aware": true,
                  "Join Type": "Inner",
                  "Startup Cost": 91433.75,
                  "Total Cost": 107444.79,
                  "Plan Rows": 52571,
                  "Plan Width": 0,
                  "Actual Startup Time": 452.707,
                  "Actual Total Time": 535.891,
                  "Actual Rows": 229762,
                  "Actual Loops": 3,
                  "Inner Unique": false,
                  "Hash Cond": "(mi_idx.movie_id = t.id)",
                  "Plans": [
                    {
                      "Node Type": "Seq Scan",
                      "Parent Relationship": "Outer",
                      "Parallel Aware": true,
                      "Relation Name": "movie_info_idx",
                      "Alias": "mi_idx",
                      "Startup Cost": 0.0,
                      "Total Cost": 13685.15,
                      "Plan Rows": 575015,
                      "Plan Width": 4,
                      "Actual Startup Time": 0.033,
                      "Actual Total Time": 39.335,
                      "Actual Rows": 460012,
                      "Actual Loops": 3
                    },
                    {
                      "Node Type": "Hash",
                      "Parent Relationship": "Inner",
                      "Parallel Aware": true,
                      "Startup Cost": 90501.69,
                      "Total Cost": 90501.69,
                      "Plan Rows": 74565,
                      "Plan Width": 8,
                      "Actual Startup Time": 427.18,
                      "Actual Total Time": 427.506,
                      "Actual Rows": 106559,
                      "Actual Loops": 3,
                      "Hash Buckets": 524288,
                      "Original Hash Buckets": 262144,
                      "Hash Batches": 1,
                      "Original Hash Batches": 1,
                      "Peak Memory Usage": 18720,
                      "Plans": [
                        {
                          "Node Type": "Hash Join",
                          "Parent Relationship": "Outer",
                          "Parallel Aware": true,
                          "Join Type": "Inner",
                          "Startup Cost": 44345.84,
                          "Total Cost": 90501.69,
                          "Plan Rows": 74565,
                          "Plan Width": 8,
                          "Actual Startup Time": 136.069,
                          "Actual Total Time": 399.112,
                          "Actual Rows": 106559,
                          "Actual Loops": 3,
                          "Inner Unique": true,
                          "Hash Cond": "(mk.movie_id = t.id)",
                          "Plans": [
                            {
                              "Node Type": "Seq Scan",
                              "Parent Relationship": "Outer",
                              "Parallel Aware": true,
                              "Relation Name": "movie_keyword",
                              "Alias": "mk",
                              "Startup Cost": 0.0,
                              "Total Cost": 42695.65,
                              "Plan Rows": 1318166,
                              "Plan Width": 4,
                              "Actual Startup Time": 0.02,
                              "Actual Total Time": 157.676,
                              "Actual Rows": 1365612,
                              "Actual Loops": 3,
                              "Filter": "(keyword_id < 40958)",
                              "Rows Removed by Filter": 142365
                            },
                            {
                              "Node Type": "Hash",
                              "Parent Relationship": "Inner",
                              "Parallel Aware": true,
                              "Startup Cost": 43898.92,
                              "Total Cost": 43898.92,
                              "Plan Rows": 35754,
                              "Plan Width": 4,
                              "Actual Startup Time": 129.874,
                              "Actual Total Time": 129.875,
                              "Actual Rows": 48513,
                              "Actual Loops": 3,
                              "Hash Buckets": 262144,
                              "Original Hash Buckets": 262144,
                              "Hash Batches": 1,
                              "Original Hash Batches": 1,
                              "Peak Memory Usage": 7808,
                              "Plans": [
                                {
                                  "Node Type": "Seq Scan",
                                  "Parent Relationship": "Outer",
                                  "Parallel Aware": true,
                                  "Relation Name": "title",
                                  "Alias": "t",
                                  "Startup Cost": 0.0,
                                  "Total Cost": 43898.92,
                                  "Plan Rows": 35754,
                                  "Plan Width": 4,
                                  "Actual Startup Time": 8.951,
                                  "Actual Total Time": 114.357,
                                  "Actual Rows": 48513,
                                  "Actual Loops": 3,
                                  "Filter": "(production_year < 1942)",
                                  "Rows Removed by Filter": 794258
                                }
                              ]
                            }
                          ]
                        }
                      ]
                    }
                  ]
                }
              ]
            }
          ]
        }
      ]
    },
    "Planning Time": 1.326,
    "Triggers": [],
    "Execution Time": 576.474
  }
]