[
  {
    "Plan": {
      "Node Type": "Aggregate",
      "Strategy": "Plain",
      "Partial Mode": "Finalize",
      "Parallel Aware": false,
      "Startup Cost": 416883.17,
      "Total Cost": 416883.18,
      "Plan Rows": 1,
      "Plan Width": 8,
      "Actual Startup Time": 3227.931,
      "Actual Total Time": 3277.911,
      "Actual Rows": 1,
      "Actual Loops": 1,
      "Plans": [
        {
          "Node Type": "Gather",
          "Parent Relationship": "Outer",
          "Parallel Aware": false,
          "Startup Cost": 416882.55,
          "Total Cost": 416883.16,
          "Plan Rows": 6,
          "Plan Width": 8,
          "Actual Startup Time": 3212.531,
          "Actual Total Time": 3277.902,
          "Actual Rows": 7,
          "Actual Loops": 1,
          "Workers Planned": 6,
          "Workers Launched": 6,
          "Single Copy": false,
          "Plans": [
            {
              "Node Type": "Aggregate",
              "Strategy": "Plain",
              "Partial Mode": "Partial",
              "Parent Relationship": "Outer",
              "Parallel Aware": false,
              "Startup Cost": 415882.55,
              "Total Cost": 415882.56,
              "Plan Rows": 1,
              "Plan Width": 8,
              "Actual Startup Time": 3190.267,
              "Actual Total Time": 3190.272,
              "Actual Rows": 1,
              "Actual Loops": 7,
              "Plans": [
                {
                  "Node Type": "Hash Join",
                  "Parent Relationship": "Outer",
                  "Parallel Aware": true,
                  "Join Type": "Inner",
                  "Startup Cost": 50220.38,
                  "Total Cost": 404982.12,
                  "Plan Rows": 4360170,
                  "Plan Width": 0,
                  "Actual Startup Time": 278.721,
                  "Actual Total Time": 2988.205,
                  "Actual Rows": 4044291,
                  "Actual Loops": 7,
                  "Inner Unique": true,
                  "Hash Cond": "(ci.movie_id = t.id)",
                  "Plans": [
                    {
                      "Node Type": "Seq Scan",
                      "Parent Relationship": "Outer",
                      "Parallel Aware": true,
                      "Relation Name": "cast_info",
                      "Alias": "ci",
                      "Startup Cost": 0.0,
                      "Total Cost": 343316.27,
                      "Plan Rows": 4360170,
                      "Plan Width": 4,
                      "Actual Startup Time": 0.043,
                      "Actual Total Time": 813.047,
                      "Actual Rows": 4044291,
                      "Actual Loops": 7,
                      "Filter": "((person_id < 3032101) AND (role_id < 10))",
                      "Rows Removed by Filter": 1133472
                    },
                    {
                      "Node Type": "Hash",
                      "Parent Relationship": "Inner",
                      "Parallel Aware": true,
                      "Startup Cost": 42319.06,
                      "Total Cost": 42319.06,
                      "Plan Rows": 632106,
                      "Plan Width": 4,
                      "Actual Startup Time": 272.118,
                      "Actual Total Time": 272.12,
                      "Actual Rows": 361187,
                      "Actual Loops": 7,
                      "Hash Buckets": 4194304,
                      "Original Hash Buckets": 4194304,
                      "Hash Batches": 1,
                      "Original Hash Batches": 1,
                      "Peak Memory Usage": 131744,
                      "Plans": [
                        {
                          "Node Type": "Seq Scan",
                          "Parent Relationship": "Outer",
                          "Parallel Aware": true,
                          "Relation Name": "title",
                          "Alias": "t",
                          "Startup Cost": 0.0,
                          "Total Cost": 42319.06,
                          "Plan Rows": 632106,
                          "Plan Width": 4,
                          "Actual Startup Time": 0.043,
                          "Actual Total Time": 82.962,
                          "Actual Rows": 361187,
                          "Actual Loops": 7
                        }
                      ]
                    }
                  ]
                }
              ]
            }
          ]
        }
      ]
    },
    "Planning Time": 0.392,
    "Triggers": [],
    "Execution Time": 3277.971
  }
]