{
  "Plan": {
    "Node Type": "Aggregate",
    "Strategy": "Plain",
    "Partial Mode": "Finalize",
    "Parallel Aware": false,
    "Startup Cost": 230988.19,
    "Total Cost": 230988.2,
    "Plan Rows": 1,
    "Plan Width": 8,
    "Actual Startup Time": 143.596,
    "Actual Total Time": 167.525,
    "Actual Rows": 1,
    "Actual Loops": 1,
    "Plans": [
      {
        "Node Type": "Gather",
        "Parent Relationship": "Outer",
        "Parallel Aware": false,
        "Startup Cost": 230988.08,
        "Total Cost": 230988.19,
        "Plan Rows": 1,
        "Plan Width": 8,
        "Actual Startup Time": 143.318,
        "Actual Total Time": 167.515,
        "Actual Rows": 2,
        "Actual Loops": 1,
        "Workers Planned": 1,
        "Workers Launched": 1,
        "Single Copy": false,
        "Plans": [
          {
            "Node Type": "Aggregate",
            "Strategy": "Plain",
            "Partial Mode": "Partial",
            "Parent Relationship": "Outer",
            "Parallel Aware": false,
            "Startup Cost": 229988.08,
            "Total Cost": 229988.09,
            "Plan Rows": 1,
            "Plan Width": 8,
            "Actual Startup Time": 136.963,
            "Actual Total Time": 136.965,
            "Actual Rows": 1,
            "Actual Loops": 2,
            "Plans": [
              {
                "Node Type": "Nested Loop",
                "Parent Relationship": "Outer",
                "Parallel Aware": false,
                "Join Type": "Inner",
                "Startup Cost": 2182.12,
                "Total Cost": 229972.22,
                "Plan Rows": 6342,
                "Plan Width": 0,
                "Actual Startup Time": 16.759,
                "Actual Total Time": 136.262,
                "Actual Rows": 6096,
                "Actual Loops": 2,
                "Inner Unique": false,
                "Plans": [
                  {
                    "Node Type": "Bitmap Heap Scan",
                    "Parent Relationship": "Outer",
                    "Parallel Aware": true,
                    "Relation Name": "title",
                    "Alias": "t",
                    "Startup Cost": 2181.56,
                    "Total Cost": 39257.8,
                    "Plan Rows": 1459,
                    "Plan Width": 4,
                    "Actual Startup Time": 16.275,
                    "Actual Total Time": 49.191,
                    "Actual Rows": 1906,
                    "Actual Loops": 2,
                    "Recheck Cond": "(kind_id = 4)",
                    "Rows Removed by Index Recheck": 0,
                    "Filter": "(production_year = 2000)",
                    "Rows Removed by Filter": 57212,
                    "Exact Heap Blocks": 9906,
                    "Lossy Heap Blocks": 0,
                    "Plans": [
                      {
                        "Node Type": "Bitmap Index Scan",
                        "Parent Relationship": "Outer",
                        "Parallel Aware": false,
                        "Index Name": "kind_id_title",
                        "Startup Cost": 0.0,
                        "Total Cost": 2180.94,
                        "Plan Rows": 122201,
                        "Plan Width": 0,
                        "Actual Startup Time": 17.865,
                        "Actual Total Time": 17.866,
                        "Actual Rows": 118234,
                        "Actual Loops": 1,
                        "Index Cond": "(kind_id = 4)"
                      }
                    ]
                  },
                  {
                    "Node Type": "Index Scan",
                    "Parent Relationship": "Inner",
                    "Parallel Aware": false,
                    "Scan Direction": "Forward",
                    "Index Name": "movie_id_cast_info",
                    "Relation Name": "cast_info",
                    "Alias": "ci",
                    "Startup Cost": 0.56,
                    "Total Cost": 130.61,
                    "Plan Rows": 11,
                    "Plan Width": 4,
                    "Actual Startup Time": 0.02,
                    "Actual Total Time": 0.045,
                    "Actual Rows": 3,
                    "Actual Loops": 3811,
                    "Index Cond": "(movie_id = t.id)",
                    "Rows Removed by Index Recheck": 0,
                    "Filter": "((person_id > 427492) AND (role_id = 1))",
                    "Rows Removed by Filter": 8
                  }
                ]
              }
            ]
          }
        ]
      }
    ]
  },
  "Planning Time": 0.569,
  "Triggers": [],
  "Execution Time": 167.65
}