[
  {
    "Plan": {
      "Node Type": "Aggregate",
      "Strategy": "Plain",
      "Partial Mode": "Finalize",
      "Parallel Aware": false,
      "Startup Cost": 278731.95,
      "Total Cost": 278731.96,
      "Plan Rows": 1,
      "Plan Width": 8,
      "Actual Startup Time": 113.261,
      "Actual Total Time": 118.772,
      "Actual Rows": 1,
      "Actual Loops": 1,
      "Plans": [
        {
          "Node Type": "Gather",
          "Parent Relationship": "Outer",
          "Parallel Aware": false,
          "Startup Cost": 278731.32,
          "Total Cost": 278731.93,
          "Plan Rows": 6,
          "Plan Width": 8,
          "Actual Startup Time": 112.782,
          "Actual Total Time": 118.763,
          "Actual Rows": 7,
          "Actual Loops": 1,
          "Workers Planned": 6,
          "Workers Launched": 6,
          "Single Copy": false,
          "Plans": [
            {
              "Node Type": "Aggregate",
              "Strategy": "Plain",
              "Partial Mode": "Partial",
              "Parent Relationship": "Outer",
              "Parallel Aware": false,
              "Startup Cost": 277731.32,
              "Total Cost": 277731.33,
              "Plan Rows": 1,
              "Plan Width": 8,
              "Actual Startup Time": 104.034,
              "Actual Total Time": 104.036,
              "Actual Rows": 1,
              "Actual Loops": 7,
              "Plans": [
                {
                  "Node Type": "Bitmap Heap Scan",
                  "Parent Relationship": "Outer",
                  "Parallel Aware": true,
                  "Relation Name": "cast_info",
                  "Alias": "ci",
                  "Startup Cost": 22498.04,
                  "Total Cost": 277306.94,
                  "Plan Rows": 169752,
                  "Plan Width": 0,
                  "Actual Startup Time": 46.486,
                  "Actual Total Time": 95.343,
                  "Actual Rows": 141118,
                  "Actual Loops": 7,
                  "Recheck Cond": "(person_id > 3871793)",
                  "Rows Removed by Index Recheck": 0,
                  "Exact Heap Blocks": 4364,
                  "Lossy Heap Blocks": 0,
                  "Plans": [
                    {
                      "Node Type": "Bitmap Index Scan",
                      "Parent Relationship": "Outer",
                      "Parallel Aware": false,
                      "Index Name": "person_id_cast_info",
                      "Startup Cost": 0.0,
                      "Total Cost": 22243.41,
                      "Plan Rows": 1018513,
                      "Plan Width": 0,
                      "Actual Startup Time": 52.056,
                      "Actual Total Time": 52.056,
                      "Actual Rows": 987823,
                      "Actual Loops": 1,
                      "Index Cond": "(person_id > 3871793)"
                    }
                  ]
                }
              ]
            }
          ]
        }
      ]
    },
    "Planning Time": 0.163,
    "Triggers": [],
    "Execution Time": 118.83
  }
]