{
  "Plan": {
    "Node Type": "Aggregate",
    "Strategy": "Plain",
    "Partial Mode": "Finalize",
    "Parallel Aware": false,
    "Startup Cost": 603857.64,
    "Total Cost": 603857.65,
    "Plan Rows": 1,
    "Plan Width": 8,
    "Actual Startup Time": 1894.231,
    "Actual Total Time": 1931.416,
    "Actual Rows": 1,
    "Actual Loops": 1,
    "Plans": [
      {
        "Node Type": "Gather",
        "Parent Relationship": "Outer",
        "Parallel Aware": false,
        "Startup Cost": 603857.53,
        "Total Cost": 603857.64,
        "Plan Rows": 1,
        "Plan Width": 8,
        "Actual Startup Time": 1893.964,
        "Actual Total Time": 1931.408,
        "Actual Rows": 2,
        "Actual Loops": 1,
        "Workers Planned": 1,
        "Workers Launched": 1,
        "Single Copy": false,
        "Plans": [
          {
            "Node Type": "Aggregate",
            "Strategy": "Plain",
            "Partial Mode": "Partial",
            "Parent Relationship": "Outer",
            "Parallel Aware": false,
            "Startup Cost": 602857.53,
            "Total Cost": 602857.54,
            "Plan Rows": 1,
            "Plan Width": 8,
            "Actual Startup Time": 1888.171,
            "Actual Total Time": 1888.174,
            "Actual Rows": 1,
            "Actual Loops": 2,
            "Plans": [
              {
                "Node Type": "Hash Join",
                "Parent Relationship": "Outer",
                "Parallel Aware": true,
                "Join Type": "Inner",
                "Startup Cost": 58403.56,
                "Total Cost": 602770.31,
                "Plan Rows": 34886,
                "Plan Width": 0,
                "Actual Startup Time": 134.826,
                "Actual Total Time": 1885.467,
                "Actual Rows": 38152,
                "Actual Loops": 2,
                "Inner Unique": true,
                "Hash Cond": "(ci.movie_id = t.id)",
                "Plans": [
                  {
                    "Node Type": "Index Scan",
                    "Parent Relationship": "Outer",
                    "Parallel Aware": true,
                    "Scan Direction": "Forward",
                    "Index Name": "role_id_cast_info",
                    "Relation Name": "cast_info",
                    "Alias": "ci",
                    "Startup Cost": 0.56,
                    "Total Cost": 526730.69,
                    "Plan Rows": 6718704,
                    "Plan Width": 4,
                    "Actual Startup Time": 0.047,
                    "Actual Total Time": 1196.325,
                    "Actual Rows": 6524877,
                    "Actual Loops": 2,
                    "Index Cond": "(role_id > 2)",
                    "Rows Removed by Index Recheck": 0,
                    "Filter": "(person_id > 1079462)",
                    "Rows Removed by Filter": 1535964
                  },
                  {
                    "Node Type": "Hash",
                    "Parent Relationship": "Inner",
                    "Parallel Aware": true,
                    "Startup Cost": 58306.47,
                    "Total Cost": 58306.47,
                    "Plan Rows": 7722,
                    "Plan Width": 4,
                    "Actual Startup Time": 133.652,
                    "Actual Total Time": 133.653,
                    "Actual Rows": 5192,
                    "Actual Loops": 2,
                    "Hash Buckets": 16384,
                    "Original Hash Buckets": 16384,
                    "Hash Batches": 1,
                    "Original Hash Batches": 1,
                    "Peak Memory Usage": 576,
                    "Plans": [
                      {
                        "Node Type": "Seq Scan",
                        "Parent Relationship": "Outer",
                        "Parallel Aware": true,
                        "Relation Name": "title",
                        "Alias": "t",
                        "Startup Cost": 0.0,
                        "Total Cost": 58306.47,
                        "Plan Rows": 7722,
                        "Plan Width": 4,
                        "Actual Startup Time": 0.297,
                        "Actual Total Time": 131.807,
                        "Actual Rows": 5192,
                        "Actual Loops": 2,
                        "Filter": "((kind_id < 4) AND (production_year = 1997))",
                        "Rows Removed by Filter": 1258964
                      }
                    ]
                  }
                ]
              }
            ]
          }
        ]
      }
    ]
  },
  "Planning Time": 0.508,
  "Triggers": [],
  "Execution Time": 1931.5
}