[
  {
    "Plan": {
      "Node Type": "Aggregate",
      "Strategy": "Plain",
      "Partial Mode": "Finalize",
      "Parallel Aware": false,
      "Startup Cost": 728558.07,
      "Total Cost": 728558.08,
      "Plan Rows": 1,
      "Plan Width": 128,
      "Actual Startup Time": 2135.875,
      "Actual Total Time": 2299.309,
      "Actual Rows": 1,
      "Actual Loops": 1,
      "Plans": [
        {
          "Node Type": "Gather",
          "Parent Relationship": "Outer",
          "Parallel Aware": false,
          "Startup Cost": 728557.62,
          "Total Cost": 728558.03,
          "Plan Rows": 4,
          "Plan Width": 128,
          "Actual Startup Time": 2135.679,
          "Actual Total Time": 2299.291,
          "Actual Rows": 5,
          "Actual Loops": 1,
          "Workers Planned": 4,
          "Workers Launched": 4,
          "Single Copy": false,
          "Plans": [
            {
              "Node Type": "Aggregate",
              "Strategy": "Plain",
              "Partial Mode": "Partial",
              "Parent Relationship": "Outer",
              "Parallel Aware": false,
              "Startup Cost": 727557.62,
              "Total Cost": 727557.63,
              "Plan Rows": 1,
              "Plan Width": 128,
              "Actual Startup Time": 2125.029,
              "Actual Total Time": 2125.055,
              "Actual Rows": 1,
              "Actual Loops": 5,
              "Plans": [
                {
                  "Node Type": "Hash Join",
                  "Parent Relationship": "Outer",
                  "Parallel Aware": true,
                  "Join Type": "Inner",
                  "Startup Cost": 657267.11,
                  "Total Cost": 727557.61,
                  "Plan Rows": 1,
                  "Plan Width": 81,
                  "Actual Startup Time": 2076.425,
                  "Actual Total Time": 2125.043,
                  "Actual Rows": 0,
                  "Actual Loops": 5,
                  "Inner Unique": false,
                  "Hash Cond": "(n.id = ci.person_id)",
                  "Plans": [
                    {
                      "Node Type": "Seq Scan",
                      "Parent Relationship": "Outer",
                      "Parallel Aware": true,
                      "Relation Name": "name",
                      "Alias": "n",
                      "Startup Cost": 0.0,
                      "Total Cost": 68635.58,
                      "Plan Rows": 441309,
                      "Plan Width": 19,
                      "Actual Startup Time": 0.025,
                      "Actual Total Time": 138.212,
                      "Actual Rows": 347916,
                      "Actual Loops": 5,
                      "Filter": "((gender)::text = 'm'::text)",
                      "Rows Removed by Filter": 485582
                    },
                    {
                      "Node Type": "Hash",
                      "Parent Relationship": "Inner",
                      "Parallel Aware": true,
                      "Startup Cost": 657267.1,
                      "Total Cost": 657267.1,
                      "Plan Rows": 1,
                      "Plan Width": 70,
                      "Actual Startup Time": 1965.803,
                      "Actual Total Time": 1965.826,
                      "Actual Rows": 6,
                      "Actual Loops": 5,
                      "Hash Buckets": 1024,
                      "Original Hash Buckets": 1024,
                      "Hash Batches": 1,
                      "Original Hash Batches": 1,
                      "Peak Memory Usage": 40,
                      "Plans": [
                        {
                          "Node Type": "Hash Join",
                          "Parent Relationship": "Outer",
                          "Parallel Aware": true,
                          "Join Type": "Inner",
                          "Startup Cost": 458094.97,
                          "Total Cost": 657267.1,
                          "Plan Rows": 1,
                          "Plan Width": 70,
                          "Actual Startup Time": 1956.939,
                          "Actual Total Time": 1965.708,
                          "Actual Rows": 6,
                          "Actual Loops": 5,
                          "Inner Unique": false,
                          "Hash Cond": "(mi.movie_id = t.id)",
                          "Plans": [
                            {
                              "Node Type": "Hash Join",
                              "Parent Relationship": "Outer",
                              "Parallel Aware": false,
                              "Join Type": "Inner",
                              "Startup Cost": 2.43,
                              "Total Cost": 199173.56,
                              "Plan Rows": 263,
                              "Plan Width": 47,
                              "Actual Startup Time": 404.184,
                              "Actual Total Time": 445.919,
                              "Actual Rows": 32392,
                              "Actual Loops": 5,
                              "Inner Unique": true,
                              "Hash Cond": "(mi.info_type_id = it1.id)",
                              "Plans": [
                                {
                                  "Node Type": "Seq Scan",
                                  "Parent Relationship": "Outer",
                                  "Parallel Aware": true,
                                  "Relation Name": "movie_info",
                                  "Alias": "mi",
                                  "Startup Cost": 0.0,
                                  "Total Cost": 199090.3,
                                  "Plan Rows": 29678,
                                  "Plan Width": 51,
                                  "Actual Startup Time": 294.514,
                                  "Actual Total Time": 441.313,
                                  "Actual Rows": 32404,
                                  "Actual Loops": 5,
                                  "Filter": "(info = 'Documentary'::text)",
                                  "Rows Removed by Filter": 2934740
                                },
                                {
                                  "Node Type": "Hash",
                                  "Parent Relationship": "Inner",
                                  "Parallel Aware": false,
                                  "Startup Cost": 2.41,
                                  "Total Cost": 2.41,
                                  "Plan Rows": 1,
                                  "Plan Width": 4,
                                  "Actual Startup Time": 0.028,
                                  "Actual Total Time": 0.03,
                                  "Actual Rows": 1,
                                  "Actual Loops": 5,
                                  "Hash Buckets": 1024,
                                  "Original Hash Buckets": 1024,
                                  "Hash Batches": 1,
                                  "Original Hash Batches": 1,
                                  "Peak Memory Usage": 9,
                                  "Plans": [
                                    {
                                      "Node Type": "Seq Scan",
                                      "Parent Relationship": "Outer",
                                      "Parallel Aware": false,
                                      "Relation Name": "info_type",
                                      "Alias": "it1",
                                      "Startup Cost": 0.0,
                                      "Total Cost": 2.41,
                                      "Plan Rows": 1,
                                      "Plan Width": 4,
                                      "Actual Startup Time": 0.014,
                                      "Actual Total Time": 0.02,
                                      "Actual Rows": 1,
                                      "Actual Loops": 5,
                                      "Filter": "((info)::text = 'genres'::text)",
                                      "Rows Removed by Filter": 112
                                    }
                                  ]
                                }
                              ]
                            },
                            {
                              "Node Type": "Hash",
                              "Parent Relationship": "Inner",
                              "Parallel Aware": true,
                              "Startup Cost": 458092.53,
                              "Total Cost": 458092.53,
                              "Plan Rows": 1,
                              "Plan Width": 43,
                              "Actual Startup Time": 1517.696,
                              "Actual Total Time": 1517.713,
                              "Actual Rows": 6,
                              "Actual Loops": 5,
                              "Hash Buckets": 1024,
                              "Original Hash Buckets": 1024,
                              "Hash Batches": 1,
                              "Original Hash Batches": 1,
                              "Peak Memory Usage": 104,
                              "Plans": [
                                {
                                  "Node Type": "Hash Join",
                                  "Parent Relationship": "Outer",
                                  "Parallel Aware": true,
                                  "Join Type": "Inner",
                                  "Startup Cost": 442822.26,
                                  "Total Cost": 458092.53,
                                  "Plan Rows": 1,
                                  "Plan Width": 43,
                                  "Actual Startup Time": 1486.546,
                                  "Actual Total Time": 1517.645,
                                  "Actual Rows": 6,
                                  "Actual Loops": 5,
                                  "Inner Unique": false,
                                  "Hash Cond": "(mi_idx.movie_id = t.id)",
                                  "Plans": [
                                    {
                                      "Node Type": "Hash Join",
                                      "Parent Relationship": "Outer",
                                      "Parallel Aware": false,
                                      "Join Type": "Inner",
                                      "Startup Cost": 2.43,
                                      "Total Cost": 15253.6,
                                      "Plan Rows": 5089,
                                      "Plan Width": 10,
                                      "Actual Startup Time": 0.124,
                                      "Actual Total Time": 63.913,
                                      "Actual Rows": 91985,
                                      "Actual Loops": 5,
                                      "Inner Unique": true,
                                      "Hash Cond": "(mi_idx.info_type_id = it2.id)",
                                      "Plans": [
                                        {
                                          "Node Type": "Seq Scan",
                                          "Parent Relationship": "Outer",
                                          "Parallel Aware": true,
                                          "Relation Name": "movie_info_idx",
                                          "Alias": "mi_idx",
                                          "Startup Cost": 0.0,
                                          "Total Cost": 13685.15,
                                          "Plan Rows": 575015,
                                          "Plan Width": 14,
                                          "Actual Startup Time": 0.016,
                                          "Actual Total Time": 31.823,
                                          "Actual Rows": 276007,
                                          "Actual Loops": 5
                                        },
                                        {
                                          "Node Type": "Hash",
                                          "Parent Relationship": "Inner",
                                          "Parallel Aware": false,
                                          "Startup Cost": 2.41,
                                          "Total Cost": 2.41,
                                          "Plan Rows": 1,
                                          "Plan Width": 4,
                                          "Actual Startup Time": 0.066,
                                          "Actual Total Time": 0.068,
                                          "Actual Rows": 1,
                                          "Actual Loops": 5,
                                          "Hash Buckets": 1024,
                                          "Original Hash Buckets": 1024,
                                          "Hash Batches": 1,
                                          "Original Hash Batches": 1,
                                          "Peak Memory Usage": 9,
                                          "Plans": [
                                            {
                                              "Node Type": "Seq Scan",
                                              "Parent Relationship": "Outer",
                                              "Parallel Aware": false,
                                              "Relation Name": "info_type",
                                              "Alias": "it2",
                                              "Startup Cost": 0.0,
                                              "Total Cost": 2.41,
                                              "Plan Rows": 1,
                                              "Plan Width": 4,
                                              "Actual Startup Time": 0.053,
                                              "Actual Total Time": 0.055,
                                              "Actual Rows": 1,
                                              "Actual Loops": 5,
                                              "Filter": "((info)::text = 'votes'::text)",
                                              "Rows Removed by Filter": 112
                                            }
                                          ]
                                        }
                                      ]
                                    },
                                    {
                                      "Node Type": "Hash",
                                      "Parent Relationship": "Inner",
                                      "Parallel Aware": true,
                                      "Startup Cost": 442819.82,
                                      "Total Cost": 442819.82,
                                      "Plan Rows": 1,
                                      "Plan Width": 33,
                                      "Actual Startup Time": 1447.756,
                                      "Actual Total Time": 1447.766,
                                      "Actual Rows": 6,
                                      "Actual Loops": 5,
                                      "Hash Buckets": 1024,
                                      "Original Hash Buckets": 1024,
                                      "Hash Batches": 1,
                                      "Original Hash Batches": 1,
                                      "Peak Memory Usage": 72,
                                      "Plans": [
                                        {
                                          "Node Type": "Hash Join",
                                          "Parent Relationship": "Outer",
                                          "Parallel Aware": true,
                                          "Join Type": "Inner",
                                          "Startup Cost": 399941.42,
                                          "Total Cost": 442819.82,
                                          "Plan Rows": 1,
                                          "Plan Width": 33,
                                          "Actual Startup Time": 1386.33,
                                          "Actual Total Time": 1447.703,
                                          "Actual Rows": 6,
                                          "Actual Loops": 5,
                                          "Inner Unique": false,
                                          "Hash Cond": "(mk.movie_id = t.id)",
                                          "Plans": [
                                            {
                                              "Node Type": "Hash Join",
                                              "Parent Relationship": "Outer",
                                              "Parallel Aware": false,
                                              "Join Type": "Inner",
                                              "Startup Cost": 3129.33,
                                              "Total Cost": 46007.52,
                                              "Plan Rows": 55,
                                              "Plan Width": 4,
                                              "Actual Startup Time": 23.71,
                                              "Actual Total Time": 189.625,
                                              "Actual Rows": 4325,
                                              "Actual Loops": 5,
                                              "Inner Unique": true,
                                              "Hash Cond": "(mk.keyword_id = k.id)",
                                              "Plans": [
                                                {
                                                  "Node Type": "Seq Scan",
                                                  "Parent Relationship": "Outer",
                                                  "Parallel Aware": true,
                                                  "Relation Name": "movie_keyword",
                                                  "Alias": "mk",
                                                  "Startup Cost": 0.0,
                                                  "Total Cost": 39047.32,
                                                  "Plan Rows": 1459332,
                                                  "Plan Width": 8,
                                                  "Actual Startup Time": 0.04,
                                                  "Actual Total Time": 99.219,
                                                  "Actual Rows": 904786,
                                                  "Actual Loops": 5
                                                },
                                                {
                                                  "Node Type": "Hash",
                                                  "Parent Relationship": "Inner",
                                                  "Parallel Aware": false,
                                                  "Startup Cost": 3129.26,
                                                  "Total Cost": 3129.26,
                                                  "Plan Rows": 5,
                                                  "Plan Width": 4,
                                                  "Actual Startup Time": 23.144,
                                                  "Actual Total Time": 23.145,
                                                  "Actual Rows": 4,
                                                  "Actual Loops": 5,
                                                  "Hash Buckets": 1024,
                                                  "Original Hash Buckets": 1024,
                                                  "Hash Batches": 1,
                                                  "Original Hash Batches": 1,
                                                  "Peak Memory Usage": 9,
                                                  "Plans": [
                                                    {
                                                      "Node Type": "Seq Scan",
                                                      "Parent Relationship": "Outer",
                                                      "Parallel Aware": false,
                                                      "Relation Name": "keyword",
                                                      "Alias": "k",
                                                      "Startup Cost": 0.0,
                                                      "Total Cost": 3129.26,
                                                      "Plan Rows": 5,
                                                      "Plan Width": 4,
                                                      "Actual Startup Time": 0.702,
                                                      "Actual Total Time": 23.133,
                                                      "Actual Rows": 4,
                                                      "Actual Loops": 5,
                                                      "Filter": "(keyword = ANY ('{computer-animated-movie,fight,tv-special,death,1990s}'::text[]))",
                                                      "Rows Removed by Filter": 134166
                                                    }
                                                  ]
                                                }
                                              ]
                                            },
                                            {
                                              "Node Type": "Hash",
                                              "Parent Relationship": "Inner",
                                              "Parallel Aware": true,
                                              "Startup Cost": 396811.95,
                                              "Total Cost": 396811.95,
                                              "Plan Rows": 11,
                                              "Plan Width": 29,
                                              "Actual Startup Time": 1257.266,
                                              "Actual Total Time": 1257.27,
                                              "Actual Rows": 31,
                                              "Actual Loops": 5,
                                              "Hash Buckets": 1024,
                                              "Original Hash Buckets": 1024,
                                              "Hash Batches": 1,
                                              "Original Hash Batches": 1,
                                              "Peak Memory Usage": 168,
                                              "Plans": [
                                                {
                                                  "Node Type": "Hash Join",
                                                  "Parent Relationship": "Outer",
                                                  "Parallel Aware": true,
                                                  "Join Type": "Inner",
                                                  "Startup Cost": 45479.19,
                                                  "Total Cost": 396811.95,
                                                  "Plan Rows": 11,
                                                  "Plan Width": 29,
                                                  "Actual Startup Time": 841.392,
                                                  "Actual Total Time": 1257.124,
                                                  "Actual Rows": 31,
                                                  "Actual Loops": 5,
                                                  "Inner Unique": true,
                                                  "Hash Cond": "(ci.movie_id = t.id)",
                                                  "Plans": [
                                                    {
                                                      "Node Type": "Seq Scan",
                                                      "Parent Relationship": "Outer",
                                                      "Parallel Aware": true,
                                                      "Relation Name": "cast_info",
                                                      "Alias": "ci",
                                                      "Startup Cost": 0.0,
                                                      "Total Cost": 350807.07,
                                                      "Plan Rows": 200266,
                                                      "Plan Width": 8,
                                                      "Actual Startup Time": 133.9,
                                                      "Actual Total Time": 1116.854,
                                                      "Actual Rows": 248943,
                                                      "Actual Loops": 5,
                                                      "Filter": "(note = ANY ('{(writer),\"(head writer)\",\"(written by)\",(story),\"(story editor)\"}'::text[]))",
                                                      "Rows Removed by Filter": 6999926
                                                    },
                                                    {
                                                      "Node Type": "Hash",
                                                      "Parent Relationship": "Inner",
                                                      "Parallel Aware": true,
                                                      "Startup Cost": 45478.74,
                                                      "Total Cost": 45478.74,
                                                      "Plan Rows": 36,
                                                      "Plan Width": 21,
                                                      "Actual Startup Time": 118.811,
                                                      "Actual Total Time": 118.812,
                                                      "Actual Rows": 93,
                                                      "Actual Loops": 5,
                                                      "Hash Buckets": 1024,
                                                      "Original Hash Buckets": 1024,
                                                      "Hash Batches": 1,
                                                      "Original Hash Batches": 1,
                                                      "Peak Memory Usage": 168,
                                                      "Plans": [
                                                        {
                                                          "Node Type": "Seq Scan",
                                                          "Parent Relationship": "Outer",
                                                          "Parallel Aware": true,
                                                          "Relation Name": "title",
                                                          "Alias": "t",
                                                          "Startup Cost": 0.0,
                                                          "Total Cost": 45478.74,
                                                          "Plan Rows": 36,
                                                          "Plan Width": 21,
                                                          "Actual Startup Time": 1.763,
                                                          "Actual Total Time": 118.629,
                                                          "Actual Rows": 93,
                                                          "Actual Loops": 5,
                                                          "Filter": "((title ~~ '100%'::text) AND (production_year > 1997))",
                                                          "Rows Removed by Filter": 505569
                                                        }
                                                      ]
                                                    }
                                                  ]
                                                }
                                              ]
                                            }
                                          ]
                                        }
                                      ]
                                    }
                                  ]
                                }
                              ]
                            }
                          ]
                        }
                      ]
                    }
                  ]
                }
              ]
            }
          ]
        }
      ]
    },
    "Planning Time": 21.035,
    "Triggers": [],
    "Execution Time": 2299.811
  }
]