{
    "Plan": {
        "Node Type": "Aggregate",
        "Strategy": "Plain",
        "Partial Mode": "Finalize",
        "Parallel Aware": false,
        "Startup Cost": 627251.33,
        "Total Cost": 627251.34,
        "Plan Rows": 1,
        "Plan Width": 8,
        "Actual Startup Time": 3329.654,
        "Actual Total Time": 3403.144,
        "Actual Rows": 1,
        "Actual Loops": 1,
        "Output": [
            "count(*)"
        ],
        "Plans": [
            {
                "Node Type": "Gather",
                "Parent Relationship": "Outer",
                "Parallel Aware": false,
                "Startup Cost": 627250.7,
                "Total Cost": 627251.31,
                "Plan Rows": 6,
                "Plan Width": 8,
                "Actual Startup Time": 3315.609,
                "Actual Total Time": 3403.13,
                "Actual Rows": 7,
                "Actual Loops": 1,
                "Output": [
                    "(PARTIAL count(*))"
                ],
                "Workers Planned": 6,
                "Workers Launched": 6,
                "Single Copy": false,
                "Plans": [
                    {
                        "Node Type": "Aggregate",
                        "Strategy": "Plain",
                        "Partial Mode": "Partial",
                        "Parent Relationship": "Outer",
                        "Parallel Aware": false,
                        "Startup Cost": 626250.7,
                        "Total Cost": 626250.71,
                        "Plan Rows": 1,
                        "Plan Width": 8,
                        "Actual Startup Time": 3293.416,
                        "Actual Total Time": 3293.812,
                        "Actual Rows": 1,
                        "Actual Loops": 7,
                        "Output": [
                            "PARTIAL count(*)"
                        ],
                        "Workers": [
                            {
                                "Worker Number": 0,
                                "Actual Startup Time": 3289.292,
                                "Actual Total Time": 3289.298,
                                "Actual Rows": 1,
                                "Actual Loops": 1
                            },
                            {
                                "Worker Number": 1,
                                "Actual Startup Time": 3289.562,
                                "Actual Total Time": 3289.567,
                                "Actual Rows": 1,
                                "Actual Loops": 1
                            },
                            {
                                "Worker Number": 2,
                                "Actual Startup Time": 3289.319,
                                "Actual Total Time": 3289.326,
                                "Actual Rows": 1,
                                "Actual Loops": 1
                            },
                            {
                                "Worker Number": 3,
                                "Actual Startup Time": 3292.001,
                                "Actual Total Time": 3292.006,
                                "Actual Rows": 1,
                                "Actual Loops": 1
                            },
                            {
                                "Worker Number": 4,
                                "Actual Startup Time": 3289.529,
                                "Actual Total Time": 3289.534,
                                "Actual Rows": 1,
                                "Actual Loops": 1
                            },
                            {
                                "Worker Number": 5,
                                "Actual Startup Time": 3289.606,
                                "Actual Total Time": 3289.611,
                                "Actual Rows": 1,
                                "Actual Loops": 1
                            }
                        ],
                        "Plans": [
                            {
                                "Node Type": "Hash Join",
                                "Parent Relationship": "Outer",
                                "Parallel Aware": true,
                                "Join Type": "Inner",
                                "Startup Cost": 259104.97,
                                "Total Cost": 613491.27,
                                "Plan Rows": 5103772,
                                "Plan Width": 0,
                                "Actual Startup Time": 949.23,
                                "Actual Total Time": 3084.583,
                                "Actual Rows": 5158337,
                                "Actual Loops": 7,
                                "Inner Unique": false,
                                "Hash Cond": "(ci.movie_id = t.id)",
                                "Workers": [
                                    {
                                        "Worker Number": 0,
                                        "Actual Startup Time": 945.548,
                                        "Actual Total Time": 3090.455,
                                        "Actual Rows": 4982205,
                                        "Actual Loops": 1
                                    },
                                    {
                                        "Worker Number": 1,
                                        "Actual Startup Time": 945.512,
                                        "Actual Total Time": 3079.215,
                                        "Actual Rows": 5540820,
                                        "Actual Loops": 1
                                    },
                                    {
                                        "Worker Number": 2,
                                        "Actual Startup Time": 945.555,
                                        "Actual Total Time": 3090.801,
                                        "Actual Rows": 4971053,
                                        "Actual Loops": 1
                                    },
                                    {
                                        "Worker Number": 3,
                                        "Actual Startup Time": 945.538,
                                        "Actual Total Time": 3090.785,
                                        "Actual Rows": 5035076,
                                        "Actual Loops": 1
                                    },
                                    {
                                        "Worker Number": 4,
                                        "Actual Startup Time": 945.777,
                                        "Actual Total Time": 3081.491,
                                        "Actual Rows": 5483309,
                                        "Actual Loops": 1
                                    },
                                    {
                                        "Worker Number": 5,
                                        "Actual Startup Time": 945.825,
                                        "Actual Total Time": 3068.125,
                                        "Actual Rows": 4270377,
                                        "Actual Loops": 1
                                    }
                                ],
                                "Plans": [
                                    {
                                        "Node Type": "Seq Scan",
                                        "Parent Relationship": "Outer",
                                        "Parallel Aware": true,
                                        "Relation Name": "cast_info",
                                        "Schema": "public",
                                        "Alias": "ci",
                                        "Startup Cost": 0.0,
                                        "Total Cost": 328213.62,
                                        "Plan Rows": 4257373,
                                        "Plan Width": 4,
                                        "Actual Startup Time": 107.59,
                                        "Actual Total Time": 611.943,
                                        "Actual Rows": 3644935,
                                        "Actual Loops": 7,
                                        "Output": [
                                            "ci.id",
                                            "ci.person_id",
                                            "ci.movie_id",
                                            "ci.person_role_id",
                                            "ci.note",
                                            "ci.nr_order",
                                            "ci.role_id"
                                        ],
                                        "Filter": "(ci.person_id > 1052755)",
                                        "Rows Removed by Filter": 1532828,
                                        "Workers": [
                                            {
                                                "Worker Number": 0,
                                                "Actual Startup Time": 107.589,
                                                "Actual Total Time": 617.018,
                                                "Actual Rows": 3537848,
                                                "Actual Loops": 1
                                            },
                                            {
                                                "Worker Number": 1,
                                                "Actual Startup Time": 107.592,
                                                "Actual Total Time": 625.38,
                                                "Actual Rows": 3901033,
                                                "Actual Loops": 1
                                            },
                                            {
                                                "Worker Number": 2,
                                                "Actual Startup Time": 107.623,
                                                "Actual Total Time": 619.212,
                                                "Actual Rows": 3556859,
                                                "Actual Loops": 1
                                            },
                                            {
                                                "Worker Number": 3,
                                                "Actual Startup Time": 107.519,
                                                "Actual Total Time": 622.6,
                                                "Actual Rows": 3591166,
                                                "Actual Loops": 1
                                            },
                                            {
                                                "Worker Number": 4,
                                                "Actual Startup Time": 107.606,
                                                "Actual Total Time": 621.396,
                                                "Actual Rows": 3868621,
                                                "Actual Loops": 1
                                            },
                                            {
                                                "Worker Number": 5,
                                                "Actual Startup Time": 107.604,
                                                "Actual Total Time": 643.453,
                                                "Actual Rows": 2959726,
                                                "Actual Loops": 1
                                            }
                                        ]
                                    },
                                    {
                                        "Node Type": "Hash",
                                        "Parent Relationship": "Inner",
                                        "Parallel Aware": true,
                                        "Startup Cost": 251527.54,
                                        "Total Cost": 251527.54,
                                        "Plan Rows": 606194,
                                        "Plan Width": 8,
                                        "Actual Startup Time": 834.722,
                                        "Actual Total Time": 835.116,
                                        "Actual Rows": 316636,
                                        "Actual Loops": 7,
                                        "Output": [
                                            "t.id",
                                            "mi.movie_id"
                                        ],
                                        "Hash Buckets": 4194304,
                                        "Original Hash Buckets": 4194304,
                                        "Hash Batches": 1,
                                        "Original Hash Batches": 1,
                                        "Peak Memory Usage": 119552,
                                        "Workers": [
                                            {
                                                "Worker Number": 0,
                                                "Actual Startup Time": 837.255,
                                                "Actual Total Time": 837.259,
                                                "Actual Rows": 308326,
                                                "Actual Loops": 1
                                            },
                                            {
                                                "Worker Number": 1,
                                                "Actual Startup Time": 837.217,
                                                "Actual Total Time": 837.221,
                                                "Actual Rows": 335877,
                                                "Actual Loops": 1
                                            },
                                            {
                                                "Worker Number": 2,
                                                "Actual Startup Time": 837.163,
                                                "Actual Total Time": 837.168,
                                                "Actual Rows": 309642,
                                                "Actual Loops": 1
                                            },
                                            {
                                                "Worker Number": 3,
                                                "Actual Startup Time": 837.12,
                                                "Actual Total Time": 837.124,
                                                "Actual Rows": 312869,
                                                "Actual Loops": 1
                                            },
                                            {
                                                "Worker Number": 4,
                                                "Actual Startup Time": 837.483,
                                                "Actual Total Time": 837.486,
                                                "Actual Rows": 331905,
                                                "Actual Loops": 1
                                            },
                                            {
                                                "Worker Number": 5,
                                                "Actual Startup Time": 837.563,
                                                "Actual Total Time": 837.566,
                                                "Actual Rows": 234757,
                                                "Actual Loops": 1
                                            }
                                        ],
                                        "Plans": [
                                            {
                                                "Node Type": "Hash Join",
                                                "Parent Relationship": "Outer",
                                                "Parallel Aware": true,
                                                "Join Type": "Inner",
                                                "Startup Cost": 49583.65,
                                                "Total Cost": 251527.54,
                                                "Plan Rows": 606194,
                                                "Plan Width": 8,
                                                "Actual Startup Time": 188.156,
                                                "Actual Total Time": 693.007,
                                                "Actual Rows": 316636,
                                                "Actual Loops": 7,
                                                "Output": [
                                                    "t.id",
                                                    "mi.movie_id"
                                                ],
                                                "Inner Unique": true,
                                                "Hash Cond": "(mi.movie_id = t.id)",
                                                "Workers": [
                                                    {
                                                        "Worker Number": 0,
                                                        "Actual Startup Time": 188.15,
                                                        "Actual Total Time": 693.531,
                                                        "Actual Rows": 308326,
                                                        "Actual Loops": 1
                                                    },
                                                    {
                                                        "Worker Number": 1,
                                                        "Actual Startup Time": 188.139,
                                                        "Actual Total Time": 694.108,
                                                        "Actual Rows": 335877,
                                                        "Actual Loops": 1
                                                    },
                                                    {
                                                        "Worker Number": 2,
                                                        "Actual Startup Time": 188.169,
                                                        "Actual Total Time": 692.64,
                                                        "Actual Rows": 309642,
                                                        "Actual Loops": 1
                                                    },
                                                    {
                                                        "Worker Number": 3,
                                                        "Actual Startup Time": 188.125,
                                                        "Actual Total Time": 693.706,
                                                        "Actual Rows": 312869,
                                                        "Actual Loops": 1
                                                    },
                                                    {
                                                        "Worker Number": 4,
                                                        "Actual Startup Time": 188.114,
                                                        "Actual Total Time": 694.253,
                                                        "Actual Rows": 331905,
                                                        "Actual Loops": 1
                                                    },
                                                    {
                                                        "Worker Number": 5,
                                                        "Actual Startup Time": 188.129,
                                                        "Actual Total Time": 692.66,
                                                        "Actual Rows": 234757,
                                                        "Actual Loops": 1
                                                    }
                                                ],
                                                "Plans": [
                                                    {
                                                        "Node Type": "Seq Scan",
                                                        "Parent Relationship": "Outer",
                                                        "Parallel Aware": true,
                                                        "Relation Name": "movie_info",
                                                        "Schema": "public",
                                                        "Alias": "mi",
                                                        "Startup Cost": 0.0,
                                                        "Total Cost": 198880.74,
                                                        "Plan Rows": 1166918,
                                                        "Plan Width": 4,
                                                        "Actual Startup Time": 14.31,
                                                        "Actual Total Time": 292.245,
                                                        "Actual Rows": 838432,
                                                        "Actual Loops": 7,
                                                        "Output": [
                                                            "mi.id",
                                                            "mi.movie_id",
                                                            "mi.info_type_id",
                                                            "mi.info",
                                                            "mi.note"
                                                        ],
                                                        "Filter": "(mi.info_type_id > 13)",
                                                        "Rows Removed by Filter": 1280956,
                                                        "Workers": [
                                                            {
                                                                "Worker Number": 0,
                                                                "Actual Startup Time": 14.301,
                                                                "Actual Total Time": 295.521,
                                                                "Actual Rows": 817338,
                                                                "Actual Loops": 1
                                                            },
                                                            {
                                                                "Worker Number": 1,
                                                                "Actual Startup Time": 14.309,
                                                                "Actual Total Time": 297.146,
                                                                "Actual Rows": 879201,
                                                                "Actual Loops": 1
                                                            },
                                                            {
                                                                "Worker Number": 2,
                                                                "Actual Startup Time": 14.303,
                                                                "Actual Total Time": 295.11,
                                                                "Actual Rows": 815247,
                                                                "Actual Loops": 1
                                                            },
                                                            {
                                                                "Worker Number": 3,
                                                                "Actual Startup Time": 14.315,
                                                                "Actual Total Time": 296.117,
                                                                "Actual Rows": 819995,
                                                                "Actual Loops": 1
                                                            },
                                                            {
                                                                "Worker Number": 4,
                                                                "Actual Startup Time": 14.306,
                                                                "Actual Total Time": 296.007,
                                                                "Actual Rows": 873912,
                                                                "Actual Loops": 1
                                                            },
                                                            {
                                                                "Worker Number": 5,
                                                                "Actual Startup Time": 14.323,
                                                                "Actual Total Time": 305.171,
                                                                "Actual Rows": 603778,
                                                                "Actual Loops": 1
                                                            }
                                                        ]
                                                    },
                                                    {
                                                        "Node Type": "Hash",
                                                        "Parent Relationship": "Inner",
                                                        "Parallel Aware": true,
                                                        "Startup Cost": 45479.21,
                                                        "Total Cost": 45479.21,
                                                        "Plan Rows": 328355,
                                                        "Plan Width": 4,
                                                        "Actual Startup Time": 171.983,
                                                        "Actual Total Time": 171.984,
                                                        "Actual Rows": 185447,
                                                        "Actual Loops": 7,
                                                        "Output": [
                                                            "t.id"
                                                        ],
                                                        "Hash Buckets": 2097152,
                                                        "Original Hash Buckets": 2097152,
                                                        "Hash Batches": 1,
                                                        "Original Hash Batches": 1,
                                                        "Peak Memory Usage": 67296,
                                                        "Workers": [
                                                            {
                                                                "Worker Number": 0,
                                                                "Actual Startup Time": 173.74,
                                                                "Actual Total Time": 173.742,
                                                                "Actual Rows": 174203,
                                                                "Actual Loops": 1
                                                            },
                                                            {
                                                                "Worker Number": 1,
                                                                "Actual Startup Time": 173.73,
                                                                "Actual Total Time": 173.731,
                                                                "Actual Rows": 181886,
                                                                "Actual Loops": 1
                                                            },
                                                            {
                                                                "Worker Number": 2,
                                                                "Actual Startup Time": 173.726,
                                                                "Actual Total Time": 173.728,
                                                                "Actual Rows": 168691,
                                                                "Actual Loops": 1
                                                            },
                                                            {
                                                                "Worker Number": 3,
                                                                "Actual Startup Time": 173.705,
                                                                "Actual Total Time": 173.706,
                                                                "Actual Rows": 175620,
                                                                "Actual Loops": 1
                                                            },
                                                            {
                                                                "Worker Number": 4,
                                                                "Actual Startup Time": 173.736,
                                                                "Actual Total Time": 173.737,
                                                                "Actual Rows": 179334,
                                                                "Actual Loops": 1
                                                            },
                                                            {
                                                                "Worker Number": 5,
                                                                "Actual Startup Time": 173.69,
                                                                "Actual Total Time": 173.691,
                                                                "Actual Rows": 135166,
                                                                "Actual Loops": 1
                                                            }
                                                        ],
                                                        "Plans": [
                                                            {
                                                                "Node Type": "Seq Scan",
                                                                "Parent Relationship": "Outer",
                                                                "Parallel Aware": true,
                                                                "Relation Name": "title",
                                                                "Schema": "public",
                                                                "Alias": "t",
                                                                "Startup Cost": 0.0,
                                                                "Total Cost": 45479.21,
                                                                "Plan Rows": 328355,
                                                                "Plan Width": 4,
                                                                "Actual Startup Time": 0.064,
                                                                "Actual Total Time": 77.185,
                                                                "Actual Rows": 185447,
                                                                "Actual Loops": 7,
                                                                "Output": [
                                                                    "t.id"
                                                                ],
                                                                "Filter": "((t.kind_id > 1) AND (t.production_year < 2009))",
                                                                "Rows Removed by Filter": 175741,
                                                                "Workers": [
                                                                    {
                                                                        "Worker Number": 0,
                                                                        "Actual Startup Time": 0.076,
                                                                        "Actual Total Time": 78.73,
                                                                        "Actual Rows": 174203,
                                                                        "Actual Loops": 1
                                                                    },
                                                                    {
                                                                        "Worker Number": 1,
                                                                        "Actual Startup Time": 0.081,
                                                                        "Actual Total Time": 78.961,
                                                                        "Actual Rows": 181886,
                                                                        "Actual Loops": 1
                                                                    },
                                                                    {
                                                                        "Worker Number": 2,
                                                                        "Actual Startup Time": 0.069,
                                                                        "Actual Total Time": 77.871,
                                                                        "Actual Rows": 168691,
                                                                        "Actual Loops": 1
                                                                    },
                                                                    {
                                                                        "Worker Number": 3,
                                                                        "Actual Startup Time": 0.067,
                                                                        "Actual Total Time": 79.001,
                                                                        "Actual Rows": 175620,
                                                                        "Actual Loops": 1
                                                                    },
                                                                    {
                                                                        "Worker Number": 4,
                                                                        "Actual Startup Time": 0.066,
                                                                        "Actual Total Time": 77.975,
                                                                        "Actual Rows": 179334,
                                                                        "Actual Loops": 1
                                                                    },
                                                                    {
                                                                        "Worker Number": 5,
                                                                        "Actual Startup Time": 0.075,
                                                                        "Actual Total Time": 81.013,
                                                                        "Actual Rows": 135166,
                                                                        "Actual Loops": 1
                                                                    }
                                                                ]
                                                            }
                                                        ]
                                                    }
                                                ]
                                            }
                                        ]
                                    }
                                ]
                            }
                        ]
                    }
                ]
            }
        ]
    },
    "Planning Time": 1.551,
    "Triggers": [],
    "Execution Time": 3403.246
}