[
  {
    "Plan": {
      "Node Type": "Aggregate",
      "Strategy": "Plain",
      "Partial Mode": "Finalize",
      "Parallel Aware": false,
      "Startup Cost": 63268.13,
      "Total Cost": 63268.14,
      "Plan Rows": 1,
      "Plan Width": 8,
      "Actual Startup Time": 248.711,
      "Actual Total Time": 261.317,
      "Actual Rows": 1,
      "Actual Loops": 1,
      "Plans": [
        {
          "Node Type": "Gather",
          "Parent Relationship": "Outer",
          "Parallel Aware": false,
          "Startup Cost": 63267.91,
          "Total Cost": 63268.12,
          "Plan Rows": 2,
          "Plan Width": 8,
          "Actual Startup Time": 246.696,
          "Actual Total Time": 261.307,
          "Actual Rows": 3,
          "Actual Loops": 1,
          "Workers Planned": 2,
          "Workers Launched": 2,
          "Single Copy": false,
          "Plans": [
            {
              "Node Type": "Aggregate",
              "Strategy": "Plain",
              "Partial Mode": "Partial",
              "Parent Relationship": "Outer",
              "Parallel Aware": false,
              "Startup Cost": 62267.91,
              "Total Cost": 62267.92,
              "Plan Rows": 1,
              "Plan Width": 8,
              "Actual Startup Time": 239.407,
              "Actual Total Time": 239.409,
              "Actual Rows": 1,
              "Actual Loops": 3,
              "Plans": [
                {
                  "Node Type": "Hash Join",
                  "Parent Relationship": "Outer",
                  "Parallel Aware": true,
                  "Join Type": "Inner",
                  "Startup Cost": 46574.46,
                  "Total Cost": 62201.34,
                  "Plan Rows": 26629,
                  "Plan Width": 0,
                  "Actual Startup Time": 191.487,
                  "Actual Total Time": 237.5,
                  "Actual Rows": 48299,
                  "Actual Loops": 3,
                  "Inner Unique": true,
                  "Hash Cond": "(mi_idx.movie_id = t.id)",
                  "Plans": [
                    {
                      "Node Type": "Seq Scan",
                      "Parent Relationship": "Outer",
                      "Parallel Aware": true,
                      "Relation Name": "movie_info_idx",
                      "Alias": "mi_idx",
                      "Startup Cost": 0.0,
                      "Total Cost": 15122.68,
                      "Plan Rows": 192074,
                      "Plan Width": 4,
                      "Actual Startup Time": 0.023,
                      "Actual Total Time": 36.249,
                      "Actual Rows": 153395,
                      "Actual Loops": 3,
                      "Filter": "(info_type_id > 100)",
                      "Rows Removed by Filter": 306617
                    },
                    {
                      "Node Type": "Hash",
                      "Parent Relationship": "Inner",
                      "Parallel Aware": true,
                      "Startup Cost": 45479.1,
                      "Total Cost": 45479.1,
                      "Plan Rows": 87629,
                      "Plan Width": 4,
                      "Actual Startup Time": 158.573,
                      "Actual Total Time": 158.574,
                      "Actual Rows": 141524,
                      "Actual Loops": 3,
                      "Hash Buckets": 524288,
                      "Original Hash Buckets": 524288,
                      "Hash Batches": 1,
                      "Original Hash Batches": 1,
                      "Peak Memory Usage": 20736,
                      "Plans": [
                        {
                          "Node Type": "Seq Scan",
                          "Parent Relationship": "Outer",
                          "Parallel Aware": true,
                          "Relation Name": "title",
                          "Alias": "t",
                          "Startup Cost": 0.0,
                          "Total Cost": 45479.1,
                          "Plan Rows": 87629,
                          "Plan Width": 4,
                          "Actual Startup Time": 68.96,
                          "Actual Total Time": 119.257,
                          "Actual Rows": 141524,
                          "Actual Loops": 3,
                          "Filter": "((production_year < 2005) AND (kind_id = 1))",
                          "Rows Removed by Filter": 701247
                        }
                      ]
                    }
                  ]
                }
              ]
            }
          ]
        }
      ]
    },
    "Planning Time": 0.582,
    "Triggers": [],
    "Execution Time": 261.383
  }
]