[
  {
    "Plan": {
      "Node Type": "Aggregate",
      "Strategy": "Plain",
      "Partial Mode": "Finalize",
      "Parallel Aware": false,
      "Startup Cost": 46243.08,
      "Total Cost": 46243.09,
      "Plan Rows": 1,
      "Plan Width": 8,
      "Actual Startup Time": 183.313,
      "Actual Total Time": 195.935,
      "Actual Rows": 1,
      "Actual Loops": 1,
      "Plans": [
        {
          "Node Type": "Gather",
          "Parent Relationship": "Outer",
          "Parallel Aware": false,
          "Startup Cost": 46242.77,
          "Total Cost": 46243.08,
          "Plan Rows": 3,
          "Plan Width": 8,
          "Actual Startup Time": 183.061,
          "Actual Total Time": 195.924,
          "Actual Rows": 4,
          "Actual Loops": 1,
          "Workers Planned": 3,
          "Workers Launched": 3,
          "Single Copy": false,
          "Plans": [
            {
              "Node Type": "Aggregate",
              "Strategy": "Plain",
              "Partial Mode": "Partial",
              "Parent Relationship": "Outer",
              "Parallel Aware": false,
              "Startup Cost": 45242.77,
              "Total Cost": 45242.78,
              "Plan Rows": 1,
              "Plan Width": 8,
              "Actual Startup Time": 177.098,
              "Actual Total Time": 177.1,
              "Actual Rows": 1,
              "Actual Loops": 4,
              "Plans": [
                {
                  "Node Type": "Seq Scan",
                  "Parent Relationship": "Outer",
                  "Parallel Aware": true,
                  "Relation Name": "movie_keyword",
                  "Alias": "mk",
                  "Startup Cost": 0.0,
                  "Total Cost": 42695.65,
                  "Plan Rows": 1018845,
                  "Plan Width": 0,
                  "Actual Startup Time": 0.293,
                  "Actual Total Time": 136.76,
                  "Actual Rows": 786807,
                  "Actual Loops": 4,
                  "Filter": "(keyword_id > 1825)",
                  "Rows Removed by Filter": 344175
                }
              ]
            }
          ]
        }
      ]
    },
    "Planning Time": 0.182,
    "Triggers": [],
    "Execution Time": 196.002
  }
]