[
  {
    "Plan": {
      "Node Type": "Aggregate",
      "Strategy": "Plain",
      "Partial Mode": "Finalize",
      "Parallel Aware": false,
      "Startup Cost": 239410.54,
      "Total Cost": 239410.55,
      "Plan Rows": 1,
      "Plan Width": 8,
      "Actual Startup Time": 2864.799,
      "Actual Total Time": 2964.569,
      "Actual Rows": 1,
      "Actual Loops": 1,
      "Plans": [
        {
          "Node Type": "Gather",
          "Parent Relationship": "Outer",
          "Parallel Aware": false,
          "Startup Cost": 239410.12,
          "Total Cost": 239410.53,
          "Plan Rows": 4,
          "Plan Width": 8,
          "Actual Startup Time": 2338.426,
          "Actual Total Time": 2964.539,
          "Actual Rows": 5,
          "Actual Loops": 1,
          "Workers Planned": 4,
          "Workers Launched": 4,
          "Single Copy": false,
          "Plans": [
            {
              "Node Type": "Aggregate",
              "Strategy": "Plain",
              "Partial Mode": "Partial",
              "Parent Relationship": "Outer",
              "Parallel Aware": false,
              "Startup Cost": 238410.12,
              "Total Cost": 238410.13,
              "Plan Rows": 1,
              "Plan Width": 8,
              "Actual Startup Time": 2492.897,
              "Actual Total Time": 2492.902,
              "Actual Rows": 1,
              "Actual Loops": 5,
              "Plans": [
                {
                  "Node Type": "Nested Loop",
                  "Parent Relationship": "Outer",
                  "Parallel Aware": false,
                  "Join Type": "Inner",
                  "Startup Cost": 124020.05,
                  "Total Cost": 238184.96,
                  "Plan Rows": 90065,
                  "Plan Width": 0,
                  "Actual Startup Time": 426.37,
                  "Actual Total Time": 2477.71,
                  "Actual Rows": 230240,
                  "Actual Loops": 5,
                  "Inner Unique": false,
                  "Plans": [
                    {
                      "Node Type": "Merge Join",
                      "Parent Relationship": "Outer",
                      "Parallel Aware": false,
                      "Join Type": "Inner",
                      "Startup Cost": 124019.49,
                      "Total Cost": 127467.46,
                      "Plan Rows": 30298,
                      "Plan Width": 8,
                      "Actual Startup Time": 426.21,
                      "Actual Total Time": 525.214,
                      "Actual Rows": 42028,
                      "Actual Loops": 5,
                      "Inner Unique": false,
                      "Merge Cond": "(t.id = mi_idx.movie_id)",
                      "Plans": [
                        {
                          "Node Type": "Sort",
                          "Parent Relationship": "Outer",
                          "Parallel Aware": false,
                          "Startup Cost": 58202.35,
                          "Total Cost": 58614.95,
                          "Plan Rows": 165043,
                          "Plan Width": 4,
                          "Actual Startup Time": 156.914,
                          "Actual Total Time": 188.766,
                          "Actual Rows": 132332,
                          "Actual Loops": 5,
                          "Sort Key": [
                            "t.id"
                          ],
                          "Sort Method": "quicksort",
                          "Sort Space Used": 13217,
                          "Sort Space Type": "Memory",
                          "Workers": [
                            {
                              "Worker Number": 0,
                              "Sort Method": "quicksort",
                              "Sort Space Used": 12690,
                              "Sort Space Type": "Memory"
                            },
                            {
                              "Worker Number": 1,
                              "Sort Method": "quicksort",
                              "Sort Space Used": 9014,
                              "Sort Space Type": "Memory"
                            },
                            {
                              "Worker Number": 2,
                              "Sort Method": "quicksort",
                              "Sort Space Used": 8827,
                              "Sort Space Type": "Memory"
                            },
                            {
                              "Worker Number": 3,
                              "Sort Method": "quicksort",
                              "Sort Space Used": 8830,
                              "Sort Space Type": "Memory"
                            }
                          ],
                          "Plans": [
                            {
                              "Node Type": "Seq Scan",
                              "Parent Relationship": "Outer",
                              "Parallel Aware": true,
                              "Relation Name": "title",
                              "Alias": "t",
                              "Startup Cost": 0.0,
                              "Total Cost": 43899.32,
                              "Plan Rows": 165043,
                              "Plan Width": 4,
                              "Actual Startup Time": 45.383,
                              "Actual Total Time": 108.875,
                              "Actual Rows": 132565,
                              "Actual Loops": 5,
                              "Filter": "(kind_id < 2)",
                              "Rows Removed by Filter": 373097
                            }
                          ]
                        },
                        {
                          "Node Type": "Sort",
                          "Parent Relationship": "Inner",
                          "Parallel Aware": false,
                          "Startup Cost": 65817.04,
                          "Total Cost": 66977.42,
                          "Plan Rows": 464152,
                          "Plan Width": 4,
                          "Actual Startup Time": 247.848,
                          "Actual Total Time": 279.995,
                          "Actual Rows": 460185,
                          "Actual Loops": 5,
                          "Sort Key": [
                            "mi_idx.movie_id"
                          ],
                          "Sort Method": "quicksort",
                          "Sort Space Used": 33860,
                          "Sort Space Type": "Memory",
                          "Workers": [
                            {
                              "Worker Number": 0,
                              "Sort Method": "quicksort",
                              "Sort Space Used": 33860,
                              "Sort Space Type": "Memory"
                            },
                            {
                              "Worker Number": 1,
                              "Sort Method": "quicksort",
                              "Sort Space Used": 33860,
                              "Sort Space Type": "Memory"
                            },
                            {
                              "Worker Number": 2,
                              "Sort Method": "quicksort",
                              "Sort Space Used": 33860,
                              "Sort Space Type": "Memory"
                            },
                            {
                              "Worker Number": 3,
                              "Sort Method": "quicksort",
                              "Sort Space Used": 33860,
                              "Sort Space Type": "Memory"
                            }
                          ],
                          "Plans": [
                            {
                              "Node Type": "Bitmap Heap Scan",
                              "Parent Relationship": "Outer",
                              "Parallel Aware": false,
                              "Relation Name": "movie_info_idx",
                              "Alias": "mi_idx",
                              "Startup Cost": 8393.61,
                              "Total Cost": 22130.51,
                              "Plan Rows": 464152,
                              "Plan Width": 4,
                              "Actual Startup Time": 24.117,
                              "Actual Total Time": 112.474,
                              "Actual Rows": 460185,
                              "Actual Loops": 5,
                              "Recheck Cond": "(info_type_id > 100)",
                              "Rows Removed by Index Recheck": 0,
                              "Exact Heap Blocks": 7935,
                              "Lossy Heap Blocks": 0,
                              "Plans": [
                                {
                                  "Node Type": "Bitmap Index Scan",
                                  "Parent Relationship": "Outer",
                                  "Parallel Aware": false,
                                  "Index Name": "info_type_id_movie_info_idx",
                                  "Startup Cost": 0.0,
                                  "Total Cost": 8277.57,
                                  "Plan Rows": 464152,
                                  "Plan Width": 0,
                                  "Actual Startup Time": 22.75,
                                  "Actual Total Time": 22.751,
                                  "Actual Rows": 460185,
                                  "Actual Loops": 5,
                                  "Index Cond": "(info_type_id > 100)"
                                }
                              ]
                            }
                          ]
                        }
                      ]
                    },
                    {
                      "Node Type": "Index Scan",
                      "Parent Relationship": "Inner",
                      "Parallel Aware": false,
                      "Scan Direction": "Forward",
                      "Index Name": "movie_id_cast_info",
                      "Relation Name": "cast_info",
                      "Alias": "ci",
                      "Startup Cost": 0.56,
                      "Total Cost": 3.58,
                      "Plan Rows": 7,
                      "Plan Width": 4,
                      "Actual Startup Time": 0.023,
                      "Actual Total Time": 0.046,
                      "Actual Rows": 5,
                      "Actual Loops": 210140,
                      "Index Cond": "(movie_id = t.id)",
                      "Rows Removed by Index Recheck": 0,
                      "Filter": "(role_id = 2)",
                      "Rows Removed by Filter": 24
                    }
                  ]
                }
              ]
            }
          ]
        }
      ]
    },
    "Planning Time": 0.6,
    "Triggers": [],
    "Execution Time": 2971.06
  }
]