[
  {
    "Plan": {
      "Node Type": "Aggregate",
      "Strategy": "Plain",
      "Partial Mode": "Finalize",
      "Parallel Aware": false,
      "Startup Cost": 46874.27,
      "Total Cost": 46874.28,
      "Plan Rows": 1,
      "Plan Width": 8,
      "Actual Startup Time": 106.043,
      "Actual Total Time": 118.817,
      "Actual Rows": 1,
      "Actual Loops": 1,
      "Plans": [
        {
          "Node Type": "Gather",
          "Parent Relationship": "Outer",
          "Parallel Aware": false,
          "Startup Cost": 46873.85,
          "Total Cost": 46874.26,
          "Plan Rows": 4,
          "Plan Width": 8,
          "Actual Startup Time": 105.798,
          "Actual Total Time": 118.809,
          "Actual Rows": 5,
          "Actual Loops": 1,
          "Workers Planned": 4,
          "Workers Launched": 4,
          "Single Copy": false,
          "Plans": [
            {
              "Node Type": "Aggregate",
              "Strategy": "Plain",
              "Partial Mode": "Partial",
              "Parent Relationship": "Outer",
              "Parallel Aware": false,
              "Startup Cost": 45873.85,
              "Total Cost": 45873.86,
              "Plan Rows": 1,
              "Plan Width": 8,
              "Actual Startup Time": 97.984,
              "Actual Total Time": 97.985,
              "Actual Rows": 1,
              "Actual Loops": 5,
              "Plans": [
                {
                  "Node Type": "Seq Scan",
                  "Parent Relationship": "Outer",
                  "Parallel Aware": true,
                  "Relation Name": "title",
                  "Alias": "t",
                  "Startup Cost": 0.0,
                  "Total Cost": 45479.1,
                  "Plan Rows": 157899,
                  "Plan Width": 0,
                  "Actual Startup Time": 46.42,
                  "Actual Total Time": 92.298,
                  "Actual Rows": 120918,
                  "Actual Loops": 5,
                  "Filter": "((production_year > 1913) AND (kind_id = 1))",
                  "Rows Removed by Filter": 384744
                }
              ]
            }
          ]
        }
      ]
    },
    "Planning Time": 0.188,
    "Triggers": [],
    "Execution Time": 118.875
  }
]