{
  "Plan": {
    "Node Type": "Aggregate",
    "Strategy": "Plain",
    "Partial Mode": "Finalize",
    "Parallel Aware": false,
    "Startup Cost": 93967.74,
    "Total Cost": 93967.75,
    "Plan Rows": 1,
    "Plan Width": 8,
    "Actual Startup Time": 431.852,
    "Actual Total Time": 442.059,
    "Actual Rows": 1,
    "Actual Loops": 1,
    "Plans": [
      {
        "Node Type": "Gather",
        "Parent Relationship": "Outer",
        "Parallel Aware": false,
        "Startup Cost": 93967.63,
        "Total Cost": 93967.74,
        "Plan Rows": 1,
        "Plan Width": 8,
        "Actual Startup Time": 430.898,
        "Actual Total Time": 442.051,
        "Actual Rows": 2,
        "Actual Loops": 1,
        "Workers Planned": 1,
        "Workers Launched": 1,
        "Single Copy": false,
        "Plans": [
          {
            "Node Type": "Aggregate",
            "Strategy": "Plain",
            "Partial Mode": "Partial",
            "Parent Relationship": "Outer",
            "Parallel Aware": false,
            "Startup Cost": 92967.63,
            "Total Cost": 92967.64,
            "Plan Rows": 1,
            "Plan Width": 8,
            "Actual Startup Time": 427.482,
            "Actual Total Time": 427.653,
            "Actual Rows": 1,
            "Actual Loops": 2,
            "Plans": [
              {
                "Node Type": "Hash Join",
                "Parent Relationship": "Outer",
                "Parallel Aware": true,
                "Join Type": "Inner",
                "Startup Cost": 54613.32,
                "Total Cost": 92779.96,
                "Plan Rows": 75069,
                "Plan Width": 0,
                "Actual Startup Time": 178.991,
                "Actual Total Time": 416.502,
                "Actual Rows": 275413,
                "Actual Loops": 2,
                "Inner Unique": true,
                "Hash Cond": "(mc.movie_id = t.id)",
                "Plans": [
                  {
                    "Node Type": "Seq Scan",
                    "Parent Relationship": "Outer",
                    "Parallel Aware": true,
                    "Relation Name": "movie_companies",
                    "Alias": "mc",
                    "Startup Cost": 0.0,
                    "Total Cost": 34137.82,
                    "Plan Rows": 1534782,
                    "Plan Width": 4,
                    "Actual Startup Time": 0.013,
                    "Actual Total Time": 96.381,
                    "Actual Rows": 1304564,
                    "Actual Loops": 2
                  },
                  {
                    "Node Type": "Hash",
                    "Parent Relationship": "Inner",
                    "Parallel Aware": true,
                    "Startup Cost": 53704.02,
                    "Total Cost": 53704.02,
                    "Plan Rows": 72744,
                    "Plan Width": 4,
                    "Actual Startup Time": 131.69,
                    "Actual Total Time": 131.691,
                    "Actual Rows": 130536,
                    "Actual Loops": 2,
                    "Hash Buckets": 262144,
                    "Original Hash Buckets": 131072,
                    "Hash Batches": 1,
                    "Original Hash Batches": 1,
                    "Peak Memory Usage": 13312,
                    "Plans": [
                      {
                        "Node Type": "Bitmap Heap Scan",
                        "Parent Relationship": "Outer",
                        "Parallel Aware": true,
                        "Relation Name": "title",
                        "Alias": "t",
                        "Startup Cost": 11853.77,
                        "Total Cost": 53704.02,
                        "Plan Rows": 72744,
                        "Plan Width": 4,
                        "Actual Startup Time": 39.573,
                        "Actual Total Time": 102.322,
                        "Actual Rows": 130536,
                        "Actual Loops": 2,
                        "Recheck Cond": "(kind_id = 1)",
                        "Rows Removed by Index Recheck": 0,
                        "Filter": "(production_year < 1978)",
                        "Rows Removed by Filter": 200876,
                        "Exact Heap Blocks": 8513,
                        "Lossy Heap Blocks": 0,
                        "Plans": [
                          {
                            "Node Type": "Bitmap Index Scan",
                            "Parent Relationship": "Outer",
                            "Parallel Aware": false,
                            "Index Name": "kind_id_title",
                            "Startup Cost": 0.0,
                            "Total Cost": 11822.85,
                            "Plan Rows": 663256,
                            "Plan Width": 0,
                            "Actual Startup Time": 38.466,
                            "Actual Total Time": 38.466,
                            "Actual Rows": 662825,
                            "Actual Loops": 1,
                            "Index Cond": "(kind_id = 1)"
                          }
                        ]
                      }
                    ]
                  }
                ]
              }
            ]
          }
        ]
      }
    ]
  },
  "Planning Time": 0.673,
  "Triggers": [],
  "Execution Time": 442.149
}