[
  {
    "Plan": {
      "Node Type": "Aggregate",
      "Strategy": "Plain",
      "Partial Mode": "Finalize",
      "Parallel Aware": false,
      "Startup Cost": 458770.59,
      "Total Cost": 458770.6,
      "Plan Rows": 1,
      "Plan Width": 8,
      "Actual Startup Time": 1573.888,
      "Actual Total Time": 1632.28,
      "Actual Rows": 1,
      "Actual Loops": 1,
      "Plans": [
        {
          "Node Type": "Gather",
          "Parent Relationship": "Outer",
          "Parallel Aware": false,
          "Startup Cost": 458769.97,
          "Total Cost": 458770.58,
          "Plan Rows": 6,
          "Plan Width": 8,
          "Actual Startup Time": 1542.256,
          "Actual Total Time": 1632.255,
          "Actual Rows": 7,
          "Actual Loops": 1,
          "Workers Planned": 6,
          "Workers Launched": 6,
          "Single Copy": false,
          "Plans": [
            {
              "Node Type": "Aggregate",
              "Strategy": "Plain",
              "Partial Mode": "Partial",
              "Parent Relationship": "Outer",
              "Parallel Aware": false,
              "Startup Cost": 457769.97,
              "Total Cost": 457769.98,
              "Plan Rows": 1,
              "Plan Width": 8,
              "Actual Startup Time": 1526.834,
              "Actual Total Time": 1527.401,
              "Actual Rows": 1,
              "Actual Loops": 7,
              "Plans": [
                {
                  "Node Type": "Hash Join",
                  "Parent Relationship": "Outer",
                  "Parallel Aware": true,
                  "Join Type": "Inner",
                  "Startup Cost": 105570.19,
                  "Total Cost": 455402.7,
                  "Plan Rows": 946908,
                  "Plan Width": 0,
                  "Actual Startup Time": 837.548,
                  "Actual Total Time": 1468.041,
                  "Actual Rows": 1200464,
                  "Actual Loops": 7,
                  "Inner Unique": false,
                  "Hash Cond": "(ci.movie_id = t.id)",
                  "Plans": [
                    {
                      "Node Type": "Seq Scan",
                      "Parent Relationship": "Outer",
                      "Parallel Aware": true,
                      "Relation Name": "cast_info",
                      "Alias": "ci",
                      "Startup Cost": 0.0,
                      "Total Cost": 343316.27,
                      "Plan Rows": 923120,
                      "Plan Width": 4,
                      "Actual Startup Time": 227.679,
                      "Actual Total Time": 631.285,
                      "Actual Rows": 342001,
                      "Actual Loops": 7,
                      "Filter": "((person_id < 844630) AND (role_id > 1))",
                      "Rows Removed by Filter": 4835763
                    },
                    {
                      "Node Type": "Hash",
                      "Parent Relationship": "Inner",
                      "Parallel Aware": true,
                      "Startup Cost": 95112.21,
                      "Total Cost": 95112.21,
                      "Plan Rows": 836638,
                      "Plan Width": 8,
                      "Actual Startup Time": 601.655,
                      "Actual Total Time": 602.22,
                      "Actual Rows": 372071,
                      "Actual Loops": 7,
                      "Hash Buckets": 4194304,
                      "Original Hash Buckets": 4194304,
                      "Hash Batches": 1,
                      "Original Hash Batches": 1,
                      "Peak Memory Usage": 134720,
                      "Plans": [
                        {
                          "Node Type": "Hash Join",
                          "Parent Relationship": "Outer",
                          "Parallel Aware": true,
                          "Join Type": "Inner",
                          "Startup Cost": 50220.38,
                          "Total Cost": 95112.21,
                          "Plan Rows": 836638,
                          "Plan Width": 8,
                          "Actual Startup Time": 290.326,
                          "Actual Total Time": 466.721,
                          "Actual Rows": 372071,
                          "Actual Loops": 7,
                          "Inner Unique": true,
                          "Hash Cond": "(mk.movie_id = t.id)",
                          "Plans": [
                            {
                              "Node Type": "Seq Scan",
                              "Parent Relationship": "Outer",
                              "Parallel Aware": true,
                              "Relation Name": "movie_keyword",
                              "Alias": "mk",
                              "Startup Cost": 0.0,
                              "Total Cost": 42695.65,
                              "Plan Rows": 836638,
                              "Plan Width": 4,
                              "Actual Startup Time": 0.042,
                              "Actual Total Time": 82.467,
                              "Actual Rows": 372071,
                              "Actual Loops": 7,
                              "Filter": "(keyword_id < 7036)",
                              "Rows Removed by Filter": 274204
                            },
                            {
                              "Node Type": "Hash",
                              "Parent Relationship": "Inner",
                              "Parallel Aware": true,
                              "Startup Cost": 42319.06,
                              "Total Cost": 42319.06,
                              "Plan Rows": 632106,
                              "Plan Width": 4,
                              "Actual Startup Time": 286.126,
                              "Actual Total Time": 286.128,
                              "Actual Rows": 361187,
                              "Actual Loops": 7,
                              "Hash Buckets": 4194304,
                              "Original Hash Buckets": 4194304,
                              "Hash Batches": 1,
                              "Original Hash Batches": 1,
                              "Peak Memory Usage": 131776,
                              "Plans": [
                                {
                                  "Node Type": "Seq Scan",
                                  "Parent Relationship": "Outer",
                                  "Parallel Aware": true,
                                  "Relation Name": "title",
                                  "Alias": "t",
                                  "Startup Cost": 0.0,
                                  "Total Cost": 42319.06,
                                  "Plan Rows": 632106,
                                  "Plan Width": 4,
                                  "Actual Startup Time": 0.062,
                                  "Actual Total Time": 81.573,
                                  "Actual Rows": 361187,
                                  "Actual Loops": 7
                                }
                              ]
                            }
                          ]
                        }
                      ]
                    }
                  ]
                }
              ]
            }
          ]
        }
      ]
    },
    "Planning Time": 0.484,
    "Triggers": [],
    "Execution Time": 1632.339
  }
]