{
    "Plan": {
        "Node Type": "Aggregate",
        "Strategy": "Plain",
        "Partial Mode": "Finalize",
        "Parallel Aware": false,
        "Startup Cost": 89812.55,
        "Total Cost": 89812.56,
        "Plan Rows": 1,
        "Plan Width": 8,
        "Actual Startup Time": 271.791,
        "Actual Total Time": 294.557,
        "Actual Rows": 1,
        "Actual Loops": 1,
        "Output": [
            "count(*)"
        ],
        "Plans": [
            {
                "Node Type": "Gather",
                "Parent Relationship": "Outer",
                "Parallel Aware": false,
                "Startup Cost": 89812.23,
                "Total Cost": 89812.54,
                "Plan Rows": 3,
                "Plan Width": 8,
                "Actual Startup Time": 271.002,
                "Actual Total Time": 294.547,
                "Actual Rows": 4,
                "Actual Loops": 1,
                "Output": [
                    "(PARTIAL count(*))"
                ],
                "Workers Planned": 3,
                "Workers Launched": 3,
                "Single Copy": false,
                "Plans": [
                    {
                        "Node Type": "Aggregate",
                        "Strategy": "Plain",
                        "Partial Mode": "Partial",
                        "Parent Relationship": "Outer",
                        "Parallel Aware": false,
                        "Startup Cost": 88812.23,
                        "Total Cost": 88812.24,
                        "Plan Rows": 1,
                        "Plan Width": 8,
                        "Actual Startup Time": 264.215,
                        "Actual Total Time": 264.219,
                        "Actual Rows": 1,
                        "Actual Loops": 4,
                        "Output": [
                            "PARTIAL count(*)"
                        ],
                        "Workers": [
                            {
                                "Worker Number": 0,
                                "Actual Startup Time": 259.224,
                                "Actual Total Time": 259.228,
                                "Actual Rows": 1,
                                "Actual Loops": 1
                            },
                            {
                                "Worker Number": 1,
                                "Actual Startup Time": 263.539,
                                "Actual Total Time": 263.541,
                                "Actual Rows": 1,
                                "Actual Loops": 1
                            },
                            {
                                "Worker Number": 2,
                                "Actual Startup Time": 263.74,
                                "Actual Total Time": 263.742,
                                "Actual Rows": 1,
                                "Actual Loops": 1
                            }
                        ],
                        "Plans": [
                            {
                                "Node Type": "Hash Join",
                                "Parent Relationship": "Outer",
                                "Parallel Aware": true,
                                "Join Type": "Inner",
                                "Startup Cost": 44341.46,
                                "Total Cost": 88722.35,
                                "Plan Rows": 35952,
                                "Plan Width": 0,
                                "Actual Startup Time": 108.465,
                                "Actual Total Time": 263.224,
                                "Actual Rows": 20421,
                                "Actual Loops": 4,
                                "Inner Unique": true,
                                "Hash Cond": "(mk.movie_id = t.id)",
                                "Workers": [
                                    {
                                        "Worker Number": 0,
                                        "Actual Startup Time": 103.526,
                                        "Actual Total Time": 258.329,
                                        "Actual Rows": 17209,
                                        "Actual Loops": 1
                                    },
                                    {
                                        "Worker Number": 1,
                                        "Actual Startup Time": 107.813,
                                        "Actual Total Time": 262.5,
                                        "Actual Rows": 20803,
                                        "Actual Loops": 1
                                    },
                                    {
                                        "Worker Number": 2,
                                        "Actual Startup Time": 107.892,
                                        "Actual Total Time": 262.768,
                                        "Actual Rows": 19060,
                                        "Actual Loops": 1
                                    }
                                ],
                                "Plans": [
                                    {
                                        "Node Type": "Seq Scan",
                                        "Parent Relationship": "Outer",
                                        "Parallel Aware": true,
                                        "Relation Name": "movie_keyword",
                                        "Schema": "public",
                                        "Alias": "mk",
                                        "Startup Cost": 0.0,
                                        "Total Cost": 42695.65,
                                        "Plan Rows": 641998,
                                        "Plan Width": 4,
                                        "Actual Startup Time": 0.303,
                                        "Actual Total Time": 111.151,
                                        "Actual Rows": 492635,
                                        "Actual Loops": 4,
                                        "Output": [
                                            "mk.id",
                                            "mk.movie_id",
                                            "mk.keyword_id"
                                        ],
                                        "Filter": "(mk.keyword_id > 6427)",
                                        "Rows Removed by Filter": 638348,
                                        "Workers": [
                                            {
                                                "Worker Number": 0,
                                                "Actual Startup Time": 0.209,
                                                "Actual Total Time": 113.296,
                                                "Actual Rows": 452015,
                                                "Actual Loops": 1
                                            },
                                            {
                                                "Worker Number": 1,
                                                "Actual Startup Time": 0.325,
                                                "Actual Total Time": 113.358,
                                                "Actual Rows": 468117,
                                                "Actual Loops": 1
                                            },
                                            {
                                                "Worker Number": 2,
                                                "Actual Startup Time": 0.337,
                                                "Actual Total Time": 113.317,
                                                "Actual Rows": 451498,
                                                "Actual Loops": 1
                                            }
                                        ]
                                    },
                                    {
                                        "Node Type": "Hash",
                                        "Parent Relationship": "Inner",
                                        "Parallel Aware": true,
                                        "Startup Cost": 43899.01,
                                        "Total Cost": 43899.01,
                                        "Plan Rows": 35396,
                                        "Plan Width": 4,
                                        "Actual Startup Time": 105.914,
                                        "Actual Total Time": 105.915,
                                        "Actual Rows": 35426,
                                        "Actual Loops": 4,
                                        "Output": [
                                            "t.id"
                                        ],
                                        "Hash Buckets": 262144,
                                        "Original Hash Buckets": 262144,
                                        "Hash Batches": 1,
                                        "Original Hash Batches": 1,
                                        "Peak Memory Usage": 7680,
                                        "Workers": [
                                            {
                                                "Worker Number": 0,
                                                "Actual Startup Time": 102.518,
                                                "Actual Total Time": 102.519,
                                                "Actual Rows": 27034,
                                                "Actual Loops": 1
                                            },
                                            {
                                                "Worker Number": 1,
                                                "Actual Startup Time": 107.04,
                                                "Actual Total Time": 107.04,
                                                "Actual Rows": 35496,
                                                "Actual Loops": 1
                                            },
                                            {
                                                "Worker Number": 2,
                                                "Actual Startup Time": 107.105,
                                                "Actual Total Time": 107.106,
                                                "Actual Rows": 30880,
                                                "Actual Loops": 1
                                            }
                                        ],
                                        "Plans": [
                                            {
                                                "Node Type": "Seq Scan",
                                                "Parent Relationship": "Outer",
                                                "Parallel Aware": true,
                                                "Relation Name": "title",
                                                "Schema": "public",
                                                "Alias": "t",
                                                "Startup Cost": 0.0,
                                                "Total Cost": 43899.01,
                                                "Plan Rows": 35396,
                                                "Plan Width": 4,
                                                "Actual Startup Time": 0.056,
                                                "Actual Total Time": 91.763,
                                                "Actual Rows": 35426,
                                                "Actual Loops": 4,
                                                "Output": [
                                                    "t.id"
                                                ],
                                                "Filter": "(t.production_year = 2010)",
                                                "Rows Removed by Filter": 596652,
                                                "Workers": [
                                                    {
                                                        "Worker Number": 0,
                                                        "Actual Startup Time": 0.07,
                                                        "Actual Total Time": 88.613,
                                                        "Actual Rows": 27034,
                                                        "Actual Loops": 1
                                                    },
                                                    {
                                                        "Worker Number": 1,
                                                        "Actual Startup Time": 0.048,
                                                        "Actual Total Time": 94.185,
                                                        "Actual Rows": 35496,
                                                        "Actual Loops": 1
                                                    },
                                                    {
                                                        "Worker Number": 2,
                                                        "Actual Startup Time": 0.082,
                                                        "Actual Total Time": 93.555,
                                                        "Actual Rows": 30880,
                                                        "Actual Loops": 1
                                                    }
                                                ]
                                            }
                                        ]
                                    }
                                ]
                            }
                        ]
                    }
                ]
            }
        ]
    },
    "Planning Time": 0.711,
    "Triggers": [],
    "Execution Time": 294.627
}