{
  "Plan": {
    "Node Type": "Aggregate",
    "Strategy": "Plain",
    "Partial Mode": "Finalize",
    "Parallel Aware": false,
    "Startup Cost": 78148.55,
    "Total Cost": 78148.56,
    "Plan Rows": 1,
    "Plan Width": 8,
    "Actual Startup Time": 212.456,
    "Actual Total Time": 225.079,
    "Actual Rows": 1,
    "Actual Loops": 1,
    "Plans": [
      {
        "Node Type": "Gather",
        "Parent Relationship": "Outer",
        "Parallel Aware": false,
        "Startup Cost": 78148.44,
        "Total Cost": 78148.55,
        "Plan Rows": 1,
        "Plan Width": 8,
        "Actual Startup Time": 212.297,
        "Actual Total Time": 225.071,
        "Actual Rows": 2,
        "Actual Loops": 1,
        "Workers Planned": 1,
        "Workers Launched": 1,
        "Single Copy": false,
        "Plans": [
          {
            "Node Type": "Aggregate",
            "Strategy": "Plain",
            "Partial Mode": "Partial",
            "Parent Relationship": "Outer",
            "Parallel Aware": false,
            "Startup Cost": 77148.44,
            "Total Cost": 77148.45,
            "Plan Rows": 1,
            "Plan Width": 8,
            "Actual Startup Time": 206.646,
            "Actual Total Time": 206.649,
            "Actual Rows": 1,
            "Actual Loops": 2,
            "Plans": [
              {
                "Node Type": "Hash Join",
                "Parent Relationship": "Outer",
                "Parallel Aware": true,
                "Join Type": "Inner",
                "Startup Cost": 58362.12,
                "Total Cost": 77146.43,
                "Plan Rows": 801,
                "Plan Width": 0,
                "Actual Startup Time": 139.53,
                "Actual Total Time": 206.524,
                "Actual Rows": 1697,
                "Actual Loops": 2,
                "Inner Unique": true,
                "Hash Cond": "(mi_idx.movie_id = t.id)",
                "Plans": [
                  {
                    "Node Type": "Seq Scan",
                    "Parent Relationship": "Outer",
                    "Parallel Aware": true,
                    "Relation Name": "movie_info_idx",
                    "Alias": "mi_idx",
                    "Startup Cost": 0.0,
                    "Total Cost": 18082.32,
                    "Plan Rows": 267429,
                    "Plan Width": 4,
                    "Actual Startup Time": 0.018,
                    "Actual Total Time": 49.049,
                    "Actual Rows": 229962,
                    "Actual Loops": 2,
                    "Filter": "(info_type_id = 99)",
                    "Rows Removed by Filter": 460055
                  },
                  {
                    "Node Type": "Hash",
                    "Parent Relationship": "Inner",
                    "Parallel Aware": true,
                    "Startup Cost": 58306.47,
                    "Total Cost": 58306.47,
                    "Plan Rows": 4452,
                    "Plan Width": 4,
                    "Actual Startup Time": 138.219,
                    "Actual Total Time": 138.22,
                    "Actual Rows": 3888,
                    "Actual Loops": 2,
                    "Hash Buckets": 8192,
                    "Original Hash Buckets": 8192,
                    "Hash Batches": 1,
                    "Original Hash Batches": 1,
                    "Peak Memory Usage": 416,
                    "Plans": [
                      {
                        "Node Type": "Seq Scan",
                        "Parent Relationship": "Outer",
                        "Parallel Aware": true,
                        "Relation Name": "title",
                        "Alias": "t",
                        "Startup Cost": 0.0,
                        "Total Cost": 58306.47,
                        "Plan Rows": 4452,
                        "Plan Width": 4,
                        "Actual Startup Time": 0.413,
                        "Actual Total Time": 136.913,
                        "Actual Rows": 3888,
                        "Actual Loops": 2,
                        "Filter": "((kind_id < 7) AND (production_year = 1985))",
                        "Rows Removed by Filter": 1260268
                      }
                    ]
                  }
                ]
              }
            ]
          }
        ]
      }
    ]
  },
  "Planning Time": 0.456,
  "Triggers": [],
  "Execution Time": 225.148
}