[
  {
    "Plan": {
      "Node Type": "Aggregate",
      "Strategy": "Plain",
      "Partial Mode": "Finalize",
      "Parallel Aware": false,
      "Startup Cost": 159564.9,
      "Total Cost": 159564.91,
      "Plan Rows": 1,
      "Plan Width": 8,
      "Actual Startup Time": 269.096,
      "Actual Total Time": 281.924,
      "Actual Rows": 1,
      "Actual Loops": 1,
      "Plans": [
        {
          "Node Type": "Gather",
          "Parent Relationship": "Outer",
          "Parallel Aware": false,
          "Startup Cost": 159564.37,
          "Total Cost": 159564.88,
          "Plan Rows": 5,
          "Plan Width": 8,
          "Actual Startup Time": 268.933,
          "Actual Total Time": 281.902,
          "Actual Rows": 6,
          "Actual Loops": 1,
          "Workers Planned": 5,
          "Workers Launched": 5,
          "Single Copy": false,
          "Plans": [
            {
              "Node Type": "Aggregate",
              "Strategy": "Plain",
              "Partial Mode": "Partial",
              "Parent Relationship": "Outer",
              "Parallel Aware": false,
              "Startup Cost": 158564.37,
              "Total Cost": 158564.38,
              "Plan Rows": 1,
              "Plan Width": 8,
              "Actual Startup Time": 259.379,
              "Actual Total Time": 259.38,
              "Actual Rows": 1,
              "Actual Loops": 6,
              "Plans": [
                {
                  "Node Type": "Index Scan",
                  "Parent Relationship": "Outer",
                  "Parallel Aware": true,
                  "Scan Direction": "Forward",
                  "Index Name": "role_id_cast_info",
                  "Relation Name": "cast_info",
                  "Alias": "ci",
                  "Startup Cost": 0.56,
                  "Total Cost": 156659.89,
                  "Plan Rows": 761795,
                  "Plan Width": 0,
                  "Actual Startup Time": 0.152,
                  "Actual Total Time": 217.776,
                  "Actual Rows": 843258,
                  "Actual Loops": 6,
                  "Index Cond": "(role_id > 8)",
                  "Rows Removed by Index Recheck": 0,
                  "Filter": "(person_id > 1198428)",
                  "Rows Removed by Filter": 112190
                }
              ]
            }
          ]
        }
      ]
    },
    "Planning Time": 0.29,
    "Triggers": [],
    "Execution Time": 282.002
  }
]