[
  {
    "Plan": {
      "Node Type": "Aggregate",
      "Strategy": "Plain",
      "Partial Mode": "Finalize",
      "Parallel Aware": false,
      "Startup Cost": 45533.6,
      "Total Cost": 45533.61,
      "Plan Rows": 1,
      "Plan Width": 8,
      "Actual Startup Time": 138.726,
      "Actual Total Time": 148.292,
      "Actual Rows": 1,
      "Actual Loops": 1,
      "Plans": [
        {
          "Node Type": "Gather",
          "Parent Relationship": "Outer",
          "Parallel Aware": false,
          "Startup Cost": 45533.29,
          "Total Cost": 45533.6,
          "Plan Rows": 3,
          "Plan Width": 8,
          "Actual Startup Time": 138.545,
          "Actual Total Time": 148.277,
          "Actual Rows": 4,
          "Actual Loops": 1,
          "Workers Planned": 3,
          "Workers Launched": 3,
          "Single Copy": false,
          "Plans": [
            {
              "Node Type": "Aggregate",
              "Strategy": "Plain",
              "Partial Mode": "Partial",
              "Parent Relationship": "Outer",
              "Parallel Aware": false,
              "Startup Cost": 44533.29,
              "Total Cost": 44533.3,
              "Plan Rows": 1,
              "Plan Width": 8,
              "Actual Startup Time": 133.429,
              "Actual Total Time": 133.431,
              "Actual Rows": 1,
              "Actual Loops": 4,
              "Plans": [
                {
                  "Node Type": "Seq Scan",
                  "Parent Relationship": "Outer",
                  "Parallel Aware": true,
                  "Relation Name": "movie_keyword",
                  "Alias": "mk",
                  "Startup Cost": 0.0,
                  "Total Cost": 42695.65,
                  "Plan Rows": 735053,
                  "Plan Width": 0,
                  "Actual Startup Time": 0.042,
                  "Actual Total Time": 107.737,
                  "Actual Rows": 572342,
                  "Actual Loops": 4,
                  "Filter": "(keyword_id < 4880)",
                  "Rows Removed by Filter": 558641
                }
              ]
            }
          ]
        }
      ]
    },
    "Planning Time": 0.153,
    "Triggers": [],
    "Execution Time": 148.339
  }
]