[
  {
    "Plan": {
      "Node Type": "Aggregate",
      "Strategy": "Plain",
      "Partial Mode": "Finalize",
      "Parallel Aware": false,
      "Startup Cost": 45542.27,
      "Total Cost": 45542.28,
      "Plan Rows": 1,
      "Plan Width": 8,
      "Actual Startup Time": 160.471,
      "Actual Total Time": 169.779,
      "Actual Rows": 1,
      "Actual Loops": 1,
      "Plans": [
        {
          "Node Type": "Gather",
          "Parent Relationship": "Outer",
          "Parallel Aware": false,
          "Startup Cost": 45541.96,
          "Total Cost": 45542.27,
          "Plan Rows": 3,
          "Plan Width": 8,
          "Actual Startup Time": 160.318,
          "Actual Total Time": 169.768,
          "Actual Rows": 4,
          "Actual Loops": 1,
          "Workers Planned": 3,
          "Workers Launched": 3,
          "Single Copy": false,
          "Plans": [
            {
              "Node Type": "Aggregate",
              "Strategy": "Plain",
              "Partial Mode": "Partial",
              "Parent Relationship": "Outer",
              "Parallel Aware": false,
              "Startup Cost": 44541.96,
              "Total Cost": 44541.97,
              "Plan Rows": 1,
              "Plan Width": 8,
              "Actual Startup Time": 152.163,
              "Actual Total Time": 152.164,
              "Actual Rows": 1,
              "Actual Loops": 4,
              "Plans": [
                {
                  "Node Type": "Seq Scan",
                  "Parent Relationship": "Outer",
                  "Parallel Aware": true,
                  "Relation Name": "movie_keyword",
                  "Alias": "mk",
                  "Startup Cost": 0.0,
                  "Total Cost": 42695.65,
                  "Plan Rows": 738521,
                  "Plan Width": 0,
                  "Actual Startup Time": 0.065,
                  "Actual Total Time": 122.984,
                  "Actual Rows": 572342,
                  "Actual Loops": 4,
                  "Filter": "(keyword_id < 4880)",
                  "Rows Removed by Filter": 558641
                }
              ]
            }
          ]
        }
      ]
    },
    "Planning Time": 0.178,
    "Triggers": [],
    "Execution Time": 169.833
  }
]