{
  "Plan": {
    "Node Type": "Aggregate",
    "Strategy": "Plain",
    "Partial Mode": "Finalize",
    "Parallel Aware": false,
    "Startup Cost": 646575.95,
    "Total Cost": 646575.96,
    "Plan Rows": 1,
    "Plan Width": 8,
    "Actual Startup Time": 1883.81,
    "Actual Total Time": 1954.805,
    "Actual Rows": 1,
    "Actual Loops": 1,
    "Plans": [
      {
        "Node Type": "Gather",
        "Parent Relationship": "Outer",
        "Parallel Aware": false,
        "Startup Cost": 646575.84,
        "Total Cost": 646575.95,
        "Plan Rows": 1,
        "Plan Width": 8,
        "Actual Startup Time": 1882.429,
        "Actual Total Time": 1954.796,
        "Actual Rows": 2,
        "Actual Loops": 1,
        "Workers Planned": 1,
        "Workers Launched": 1,
        "Single Copy": false,
        "Plans": [
          {
            "Node Type": "Aggregate",
            "Strategy": "Plain",
            "Partial Mode": "Partial",
            "Parent Relationship": "Outer",
            "Parallel Aware": false,
            "Startup Cost": 645575.84,
            "Total Cost": 645575.85,
            "Plan Rows": 1,
            "Plan Width": 8,
            "Actual Startup Time": 1876.426,
            "Actual Total Time": 1876.429,
            "Actual Rows": 1,
            "Actual Loops": 2,
            "Plans": [
              {
                "Node Type": "Nested Loop",
                "Parent Relationship": "Outer",
                "Parallel Aware": false,
                "Join Type": "Inner",
                "Startup Cost": 46089.67,
                "Total Cost": 641756.69,
                "Plan Rows": 1527660,
                "Plan Width": 0,
                "Actual Startup Time": 182.937,
                "Actual Total Time": 1795.205,
                "Actual Rows": 1750626,
                "Actual Loops": 2,
                "Inner Unique": false,
                "Plans": [
                  {
                    "Node Type": "Hash Join",
                    "Parent Relationship": "Outer",
                    "Parallel Aware": true,
                    "Join Type": "Inner",
                    "Startup Cost": 46089.24,
                    "Total Cost": 109311.04,
                    "Plan Rows": 261259,
                    "Plan Width": 8,
                    "Actual Startup Time": 182.865,
                    "Actual Total Time": 610.184,
                    "Actual Rows": 126252,
                    "Actual Loops": 2,
                    "Inner Unique": false,
                    "Hash Cond": "(t.id = mc.movie_id)",
                    "Plans": [
                      {
                        "Node Type": "Seq Scan",
                        "Parent Relationship": "Outer",
                        "Parallel Aware": true,
                        "Relation Name": "title",
                        "Alias": "t",
                        "Startup Cost": 0.0,
                        "Total Cost": 54588.39,
                        "Plan Rows": 1135454,
                        "Plan Width": 4,
                        "Actual Startup Time": 0.01,
                        "Actual Total Time": 161.47,
                        "Actual Rows": 959014,
                        "Actual Loops": 2,
                        "Filter": "(production_year > 1981)",
                        "Rows Removed by Filter": 305142
                      },
                      {
                        "Node Type": "Hash",
                        "Parent Relationship": "Inner",
                        "Parallel Aware": true,
                        "Startup Cost": 41811.73,
                        "Total Cost": 41811.73,
                        "Plan Rows": 342201,
                        "Plan Width": 4,
                        "Actual Startup Time": 173.887,
                        "Actual Total Time": 173.888,
                        "Actual Rows": 186193,
                        "Actual Loops": 2,
                        "Hash Buckets": 1048576,
                        "Original Hash Buckets": 1048576,
                        "Hash Batches": 1,
                        "Original Hash Batches": 1,
                        "Peak Memory Usage": 22784,
                        "Plans": [
                          {
                            "Node Type": "Seq Scan",
                            "Parent Relationship": "Outer",
                            "Parallel Aware": true,
                            "Relation Name": "movie_companies",
                            "Alias": "mc",
                            "Startup Cost": 0.0,
                            "Total Cost": 41811.73,
                            "Plan Rows": 342201,
                            "Plan Width": 4,
                            "Actual Startup Time": 69.615,
                            "Actual Total Time": 127.082,
                            "Actual Rows": 186193,
                            "Actual Loops": 2,
                            "Filter": "((company_id < 8749) AND (company_type_id = 2))",
                            "Rows Removed by Filter": 1118372
                          }
                        ]
                      }
                    ]
                  },
                  {
                    "Node Type": "Index Only Scan",
                    "Parent Relationship": "Inner",
                    "Parallel Aware": false,
                    "Scan Direction": "Forward",
                    "Index Name": "movie_id_movie_info",
                    "Relation Name": "movie_info",
                    "Alias": "mi",
                    "Startup Cost": 0.43,
                    "Total Cost": 1.62,
                    "Plan Rows": 42,
                    "Plan Width": 4,
                    "Actual Startup Time": 0.003,
                    "Actual Total Time": 0.008,
                    "Actual Rows": 14,
                    "Actual Loops": 252505,
                    "Index Cond": "(movie_id = t.id)",
                    "Rows Removed by Index Recheck": 0,
                    "Heap Fetches": 3501252
                  }
                ]
              }
            ]
          }
        ]
      }
    ]
  },
  "Planning Time": 1.036,
  "Triggers": [],
  "Execution Time": 1954.93
}