{
  "Plan": {
    "Node Type": "Aggregate",
    "Strategy": "Plain",
    "Partial Mode": "Finalize",
    "Parallel Aware": false,
    "Startup Cost": 970371.68,
    "Total Cost": 970371.69,
    "Plan Rows": 1,
    "Plan Width": 8,
    "Actual Startup Time": 7489.477,
    "Actual Total Time": 7547.134,
    "Actual Rows": 1,
    "Actual Loops": 1,
    "Plans": [
      {
        "Node Type": "Gather",
        "Parent Relationship": "Outer",
        "Parallel Aware": false,
        "Startup Cost": 970371.57,
        "Total Cost": 970371.68,
        "Plan Rows": 1,
        "Plan Width": 8,
        "Actual Startup Time": 7477.672,
        "Actual Total Time": 7547.125,
        "Actual Rows": 2,
        "Actual Loops": 1,
        "Workers Planned": 1,
        "Workers Launched": 1,
        "Single Copy": false,
        "Plans": [
          {
            "Node Type": "Aggregate",
            "Strategy": "Plain",
            "Partial Mode": "Partial",
            "Parent Relationship": "Outer",
            "Parallel Aware": false,
            "Startup Cost": 969371.57,
            "Total Cost": 969371.58,
            "Plan Rows": 1,
            "Plan Width": 8,
            "Actual Startup Time": 7459.71,
            "Actual Total Time": 7462.045,
            "Actual Rows": 1,
            "Actual Loops": 2,
            "Plans": [
              {
                "Node Type": "Hash Join",
                "Parent Relationship": "Outer",
                "Parallel Aware": true,
                "Join Type": "Inner",
                "Startup Cost": 556181.09,
                "Total Cost": 947222.25,
                "Plan Rows": 8859726,
                "Plan Width": 0,
                "Actual Startup Time": 3500.964,
                "Actual Total Time": 7037.446,
                "Actual Rows": 10105905,
                "Actual Loops": 2,
                "Inner Unique": false,
                "Hash Cond": "(ci.movie_id = t.id)",
                "Plans": [
                  {
                    "Node Type": "Bitmap Heap Scan",
                    "Parent Relationship": "Outer",
                    "Parallel Aware": true,
                    "Relation Name": "cast_info",
                    "Alias": "ci",
                    "Startup Cost": 172693.23,
                    "Total Cost": 482872.31,
                    "Plan Rows": 4599367,
                    "Plan Width": 4,
                    "Actual Startup Time": 459.934,
                    "Actual Total Time": 909.58,
                    "Actual Rows": 3990390,
                    "Actual Loops": 2,
                    "Recheck Cond": "(person_id < 780136)",
                    "Rows Removed by Index Recheck": 0,
                    "Exact Heap Blocks": 44849,
                    "Lossy Heap Blocks": 0,
                    "Plans": [
                      {
                        "Node Type": "Bitmap Index Scan",
                        "Parent Relationship": "Outer",
                        "Parallel Aware": false,
                        "Index Name": "person_id_cast_info",
                        "Startup Cost": 0.0,
                        "Total Cost": 170738.49,
                        "Plan Rows": 7818924,
                        "Plan Width": 0,
                        "Actual Startup Time": 445.557,
                        "Actual Total Time": 445.557,
                        "Actual Rows": 7980779,
                        "Actual Loops": 1,
                        "Index Cond": "(person_id < 780136)"
                      }
                    ]
                  },
                  {
                    "Node Type": "Hash",
                    "Parent Relationship": "Inner",
                    "Parallel Aware": true,
                    "Startup Cost": 347677.34,
                    "Total Cost": 347677.34,
                    "Plan Rows": 2864842,
                    "Plan Width": 8,
                    "Actual Startup Time": 3007.717,
                    "Actual Total Time": 3010.049,
                    "Actual Rows": 2461983,
                    "Actual Loops": 2,
                    "Hash Buckets": 8388608,
                    "Original Hash Buckets": 8388608,
                    "Hash Batches": 1,
                    "Original Hash Batches": 1,
                    "Peak Memory Usage": 258208,
                    "Plans": [
                      {
                        "Node Type": "Hash Join",
                        "Parent Relationship": "Outer",
                        "Parallel Aware": true,
                        "Join Type": "Inner",
                        "Startup Cost": 69460.7,
                        "Total Cost": 347677.34,
                        "Plan Rows": 2864842,
                        "Plan Width": 8,
                        "Actual Startup Time": 562.87,
                        "Actual Total Time": 2222.497,
                        "Actual Rows": 2461983,
                        "Actual Loops": 2,
                        "Inner Unique": true,
                        "Hash Cond": "(mi.movie_id = t.id)",
                        "Plans": [
                          {
                            "Node Type": "Seq Scan",
                            "Parent Relationship": "Outer",
                            "Parallel Aware": true,
                            "Relation Name": "movie_info",
                            "Alias": "mi",
                            "Startup Cost": 0.0,
                            "Total Cost": 270696.42,
                            "Plan Rows": 2864842,
                            "Plan Width": 4,
                            "Actual Startup Time": 0.013,
                            "Actual Total Time": 700.373,
                            "Actual Rows": 2461983,
                            "Actual Loops": 2,
                            "Filter": "(info_type_id < 5)",
                            "Rows Removed by Filter": 4955877
                          },
                          {
                            "Node Type": "Hash",
                            "Parent Relationship": "Inner",
                            "Parallel Aware": true,
                            "Startup Cost": 50870.31,
                            "Total Cost": 50870.31,
                            "Plan Rows": 1487231,
                            "Plan Width": 4,
                            "Actual Startup Time": 551.673,
                            "Actual Total Time": 551.674,
                            "Actual Rows": 1264156,
                            "Actual Loops": 2,
                            "Hash Buckets": 4194304,
                            "Original Hash Buckets": 4194304,
                            "Hash Batches": 1,
                            "Original Hash Batches": 1,
                            "Peak Memory Usage": 131712,
                            "Plans": [
                              {
                                "Node Type": "Seq Scan",
                                "Parent Relationship": "Outer",
                                "Parallel Aware": true,
                                "Relation Name": "title",
                                "Alias": "t",
                                "Startup Cost": 0.0,
                                "Total Cost": 50870.31,
                                "Plan Rows": 1487231,
                                "Plan Width": 4,
                                "Actual Startup Time": 0.034,
                                "Actual Total Time": 159.041,
                                "Actual Rows": 1264156,
                                "Actual Loops": 2
                              }
                            ]
                          }
                        ]
                      }
                    ]
                  }
                ]
              }
            ]
          }
        ]
      }
    ]
  },
  "Planning Time": 1.069,
  "Triggers": [],
  "Execution Time": 7547.24
}