[
  {
    "Plan": {
      "Node Type": "Aggregate",
      "Strategy": "Plain",
      "Partial Mode": "Finalize",
      "Parallel Aware": false,
      "Startup Cost": 35013.25,
      "Total Cost": 35013.26,
      "Plan Rows": 1,
      "Plan Width": 8,
      "Actual Startup Time": 96.453,
      "Actual Total Time": 103.579,
      "Actual Rows": 1,
      "Actual Loops": 1,
      "Plans": [
        {
          "Node Type": "Gather",
          "Parent Relationship": "Outer",
          "Parallel Aware": false,
          "Startup Cost": 35012.93,
          "Total Cost": 35013.24,
          "Plan Rows": 3,
          "Plan Width": 8,
          "Actual Startup Time": 96.123,
          "Actual Total Time": 103.568,
          "Actual Rows": 4,
          "Actual Loops": 1,
          "Workers Planned": 3,
          "Workers Launched": 3,
          "Single Copy": false,
          "Plans": [
            {
              "Node Type": "Aggregate",
              "Strategy": "Plain",
              "Partial Mode": "Partial",
              "Parent Relationship": "Outer",
              "Parallel Aware": false,
              "Startup Cost": 34012.93,
              "Total Cost": 34012.94,
              "Plan Rows": 1,
              "Plan Width": 8,
              "Actual Startup Time": 89.087,
              "Actual Total Time": 89.089,
              "Actual Rows": 1,
              "Actual Loops": 4,
              "Plans": [
                {
                  "Node Type": "Bitmap Heap Scan",
                  "Parent Relationship": "Outer",
                  "Parallel Aware": true,
                  "Relation Name": "movie_keyword",
                  "Alias": "mk",
                  "Startup Cost": 7783.72,
                  "Total Cost": 33717.06,
                  "Plan Rows": 118347,
                  "Plan Width": 0,
                  "Actual Startup Time": 18.586,
                  "Actual Total Time": 83.668,
                  "Actual Rows": 91740,
                  "Actual Loops": 4,
                  "Recheck Cond": "(keyword_id > 45880)",
                  "Rows Removed by Index Recheck": 0,
                  "Exact Heap Blocks": 10247,
                  "Lossy Heap Blocks": 0,
                  "Plans": [
                    {
                      "Node Type": "Bitmap Index Scan",
                      "Parent Relationship": "Outer",
                      "Parallel Aware": false,
                      "Index Name": "keyword_id_movie_keyword",
                      "Startup Cost": 0.0,
                      "Total Cost": 7692.0,
                      "Plan Rows": 366876,
                      "Plan Width": 0,
                      "Actual Startup Time": 21.882,
                      "Actual Total Time": 21.883,
                      "Actual Rows": 366961,
                      "Actual Loops": 1,
                      "Index Cond": "(keyword_id > 45880)"
                    }
                  ]
                }
              ]
            }
          ]
        }
      ]
    },
    "Planning Time": 0.139,
    "Triggers": [],
    "Execution Time": 103.614
  }
]