[
  {
    "Plan": {
      "Node Type": "Aggregate",
      "Strategy": "Plain",
      "Partial Mode": "Finalize",
      "Parallel Aware": false,
      "Startup Cost": 282436.85,
      "Total Cost": 282436.86,
      "Plan Rows": 1,
      "Plan Width": 8,
      "Actual Startup Time": 591.964,
      "Actual Total Time": 610.93,
      "Actual Rows": 1,
      "Actual Loops": 1,
      "Plans": [
        {
          "Node Type": "Gather",
          "Parent Relationship": "Outer",
          "Parallel Aware": false,
          "Startup Cost": 282436.54,
          "Total Cost": 282436.85,
          "Plan Rows": 3,
          "Plan Width": 8,
          "Actual Startup Time": 590.124,
          "Actual Total Time": 610.92,
          "Actual Rows": 4,
          "Actual Loops": 1,
          "Workers Planned": 3,
          "Workers Launched": 3,
          "Single Copy": false,
          "Plans": [
            {
              "Node Type": "Aggregate",
              "Strategy": "Plain",
              "Partial Mode": "Partial",
              "Parent Relationship": "Outer",
              "Parallel Aware": false,
              "Startup Cost": 281436.54,
              "Total Cost": 281436.55,
              "Plan Rows": 1,
              "Plan Width": 8,
              "Actual Startup Time": 584.674,
              "Actual Total Time": 584.68,
              "Actual Rows": 1,
              "Actual Loops": 4,
              "Plans": [
                {
                  "Node Type": "Hash Join",
                  "Parent Relationship": "Outer",
                  "Parallel Aware": true,
                  "Join Type": "Inner",
                  "Startup Cost": 236419.67,
                  "Total Cost": 281160.4,
                  "Plan Rows": 110454,
                  "Plan Width": 0,
                  "Actual Startup Time": 330.4,
                  "Actual Total Time": 559.9,
                  "Actual Rows": 602340,
                  "Actual Loops": 4,
                  "Inner Unique": false,
                  "Hash Cond": "(mk.movie_id = t.id)",
                  "Plans": [
                    {
                      "Node Type": "Seq Scan",
                      "Parent Relationship": "Outer",
                      "Parallel Aware": true,
                      "Relation Name": "movie_keyword",
                      "Alias": "mk",
                      "Startup Cost": 0.0,
                      "Total Cost": 39047.32,
                      "Plan Rows": 1459332,
                      "Plan Width": 4,
                      "Actual Startup Time": 0.029,
                      "Actual Total Time": 83.118,
                      "Actual Rows": 1130982,
                      "Actual Loops": 4
                    },
                    {
                      "Node Type": "Hash",
                      "Parent Relationship": "Inner",
                      "Parallel Aware": true,
                      "Startup Cost": 235941.25,
                      "Total Cost": 235941.25,
                      "Plan Rows": 38274,
                      "Plan Width": 8,
                      "Actual Startup Time": 329.237,
                      "Actual Total Time": 329.241,
                      "Actual Rows": 108746,
                      "Actual Loops": 4,
                      "Hash Buckets": 524288,
                      "Original Hash Buckets": 262144,
                      "Hash Batches": 1,
                      "Original Hash Batches": 1,
                      "Peak Memory Usage": 23200,
                      "Plans": [
                        {
                          "Node Type": "Hash Join",
                          "Parent Relationship": "Outer",
                          "Parallel Aware": true,
                          "Join Type": "Inner",
                          "Startup Cost": 70033.64,
                          "Total Cost": 235941.25,
                          "Plan Rows": 38274,
                          "Plan Width": 8,
                          "Actual Startup Time": 171.065,
                          "Actual Total Time": 291.541,
                          "Actual Rows": 108746,
                          "Actual Loops": 4,
                          "Inner Unique": true,
                          "Hash Cond": "(mi.movie_id = t.id)",
                          "Plans": [
                            {
                              "Node Type": "Bitmap Heap Scan",
                              "Parent Relationship": "Outer",
                              "Parallel Aware": true,
                              "Relation Name": "movie_info",
                              "Alias": "mi",
                              "Startup Cost": 23385.59,
                              "Total Cost": 188613.81,
                              "Plan Rows": 258817,
                              "Plan Width": 4,
                              "Actual Startup Time": 38.484,
                              "Actual Total Time": 74.968,
                              "Actual Rows": 324747,
                              "Actual Loops": 4,
                              "Recheck Cond": "(info_type_id = 4)",
                              "Rows Removed by Index Recheck": 0,
                              "Exact Heap Blocks": 2138,
                              "Lossy Heap Blocks": 0,
                              "Plans": [
                                {
                                  "Node Type": "Bitmap Index Scan",
                                  "Parent Relationship": "Outer",
                                  "Parallel Aware": false,
                                  "Index Name": "info_type_id_movie_info",
                                  "Startup Cost": 0.0,
                                  "Total Cost": 23062.07,
                                  "Plan Rows": 1294085,
                                  "Plan Width": 0,
                                  "Actual Startup Time": 37.088,
                                  "Actual Total Time": 37.088,
                                  "Actual Rows": 1298989,
                                  "Actual Loops": 1,
                                  "Index Cond": "(info_type_id = 4)"
                                }
                              ]
                            },
                            {
                              "Node Type": "Hash",
                              "Parent Relationship": "Inner",
                              "Parallel Aware": true,
                              "Startup Cost": 45479.59,
                              "Total Cost": 45479.59,
                              "Plan Rows": 93477,
                              "Plan Width": 4,
                              "Actual Startup Time": 128.625,
                              "Actual Total Time": 128.626,
                              "Actual Rows": 121205,
                              "Actual Loops": 4,
                              "Hash Buckets": 524288,
                              "Original Hash Buckets": 524288,
                              "Hash Batches": 1,
                              "Original Hash Batches": 1,
                              "Peak Memory Usage": 23136,
                              "Plans": [
                                {
                                  "Node Type": "Seq Scan",
                                  "Parent Relationship": "Outer",
                                  "Parallel Aware": true,
                                  "Relation Name": "title",
                                  "Alias": "t",
                                  "Startup Cost": 0.0,
                                  "Total Cost": 45479.59,
                                  "Plan Rows": 93477,
                                  "Plan Width": 4,
                                  "Actual Startup Time": 0.061,
                                  "Actual Total Time": 89.785,
                                  "Actual Rows": 121205,
                                  "Actual Loops": 4,
                                  "Filter": "((kind_id < 7) AND (production_year < 1999))",
                                  "Rows Removed by Filter": 510873
                                }
                              ]
                            }
                          ]
                        }
                      ]
                    }
                  ]
                }
              ]
            }
          ]
        }
      ]
    },
    "Planning Time": 0.534,
    "Triggers": [],
    "Execution Time": 610.999
  }
]