{
  "Plan": {
    "Node Type": "Aggregate",
    "Strategy": "Plain",
    "Partial Mode": "Finalize",
    "Parallel Aware": false,
    "Startup Cost": 456859.31,
    "Total Cost": 456859.32,
    "Plan Rows": 1,
    "Plan Width": 96,
    "Actual Startup Time": 3011.379,
    "Actual Total Time": 3072.331,
    "Actual Rows": 1,
    "Actual Loops": 1,
    "Plans": [
      {
        "Node Type": "Gather",
        "Parent Relationship": "Outer",
        "Parallel Aware": false,
        "Startup Cost": 456859.19,
        "Total Cost": 456859.3,
        "Plan Rows": 1,
        "Plan Width": 96,
        "Actual Startup Time": 3007.504,
        "Actual Total Time": 3072.321,
        "Actual Rows": 2,
        "Actual Loops": 1,
        "Workers Planned": 1,
        "Workers Launched": 1,
        "Single Copy": false,
        "Plans": [
          {
            "Node Type": "Aggregate",
            "Strategy": "Plain",
            "Partial Mode": "Partial",
            "Parent Relationship": "Outer",
            "Parallel Aware": false,
            "Startup Cost": 455859.19,
            "Total Cost": 455859.2,
            "Plan Rows": 1,
            "Plan Width": 96,
            "Actual Startup Time": 2990.904,
            "Actual Total Time": 2993.699,
            "Actual Rows": 1,
            "Actual Loops": 2,
            "Plans": [
              {
                "Node Type": "Hash Join",
                "Parent Relationship": "Outer",
                "Parallel Aware": false,
                "Join Type": "Inner",
                "Startup Cost": 455678.36,
                "Total Cost": 455859.19,
                "Plan Rows": 1,
                "Plan Width": 42,
                "Actual Startup Time": 2791.037,
                "Actual Total Time": 2991.212,
                "Actual Rows": 13913,
                "Actual Loops": 2,
                "Inner Unique": true,
                "Hash Cond": "(mi_idx.info_type_id = it2.id)",
                "Plans": [
                  {
                    "Node Type": "Nested Loop",
                    "Parent Relationship": "Outer",
                    "Parallel Aware": false,
                    "Join Type": "Inner",
                    "Startup Cost": 455675.94,
                    "Total Cost": 455856.39,
                    "Plan Rows": 138,
                    "Plan Width": 46,
                    "Actual Startup Time": 2790.721,
                    "Actual Total Time": 2987.352,
                    "Actual Rows": 30526,
                    "Actual Loops": 2,
                    "Inner Unique": true,
                    "Plans": [
                      {
                        "Node Type": "Merge Join",
                        "Parent Relationship": "Outer",
                        "Parallel Aware": false,
                        "Join Type": "Inner",
                        "Startup Cost": 455675.52,
                        "Total Cost": 455686.93,
                        "Plan Rows": 380,
                        "Plan Width": 31,
                        "Actual Startup Time": 2790.472,
                        "Actual Total Time": 2824.102,
                        "Actual Rows": 101462,
                        "Actual Loops": 2,
                        "Inner Unique": true,
                        "Merge Cond": "(mc.company_type_id = ct.id)",
                        "Plans": [
                          {
                            "Node Type": "Sort",
                            "Parent Relationship": "Outer",
                            "Parallel Aware": false,
                            "Startup Cost": 455674.46,
                            "Total Cost": 455678.26,
                            "Plan Rows": 1521,
                            "Plan Width": 35,
                            "Actual Startup Time": 2775.171,
                            "Actual Total Time": 2798.867,
                            "Actual Rows": 245192,
                            "Actual Loops": 2,
                            "Sort Key": [
                              "mc.company_type_id"
                            ],
                            "Sort Method": "quicksort",
                            "Sort Space Used": 27265,
                            "Sort Space Type": "Memory",
                            "Workers": [
                              {
                                "Worker Number": 0,
                                "Sort Method": "quicksort",
                                "Sort Space Used": 24950,
                                "Sort Space Type": "Memory"
                              }
                            ],
                            "Plans": [
                              {
                                "Node Type": "Hash Join",
                                "Parent Relationship": "Outer",
                                "Parallel Aware": false,
                                "Join Type": "Inner",
                                "Startup Cost": 177559.96,
                                "Total Cost": 455594.06,
                                "Plan Rows": 1521,
                                "Plan Width": 35,
                                "Actual Startup Time": 2499.975,
                                "Actual Total Time": 2726.287,
                                "Actual Rows": 245192,
                                "Actual Loops": 2,
                                "Inner Unique": true,
                                "Hash Cond": "(mi.info_type_id = it1.id)",
                                "Plans": [
                                  {
                                    "Node Type": "Hash Join",
                                    "Parent Relationship": "Outer",
                                    "Parallel Aware": true,
                                    "Join Type": "Inner",
                                    "Startup Cost": 177557.53,
                                    "Total Cost": 455123.68,
                                    "Plan Rows": 171824,
                                    "Plan Width": 39,
                                    "Actual Startup Time": 2499.898,
                                    "Actual Total Time": 2693.455,
                                    "Actual Rows": 245192,
                                    "Actual Loops": 2,
                                    "Inner Unique": false,
                                    "Hash Cond": "(mi.movie_id = mc.movie_id)",
                                    "Plans": [
                                      {
                                        "Node Type": "Seq Scan",
                                        "Parent Relationship": "Outer",
                                        "Parallel Aware": true,
                                        "Relation Name": "movie_info",
                                        "Alias": "mi",
                                        "Startup Cost": 0.0,
                                        "Total Cost": 271102.71,
                                        "Plan Rows": 178649,
                                        "Plan Width": 8,
                                        "Actual Startup Time": 508.291,
                                        "Actual Total Time": 828.59,
                                        "Actual Rows": 143044,
                                        "Actual Loops": 2,
                                        "Filter": "(info = ANY ('{Drama,Thriller}'::text[]))",
                                        "Rows Removed by Filter": 7274816
                                      },
                                      {
                                        "Node Type": "Hash",
                                        "Parent Relationship": "Inner",
                                        "Parallel Aware": true,
                                        "Startup Cost": 159678.02,
                                        "Total Cost": 159678.02,
                                        "Plan Rows": 1430361,
                                        "Plan Width": 47,
                                        "Actual Startup Time": 1752.464,
                                        "Actual Total Time": 1755.25,
                                        "Actual Rows": 577096,
                                        "Actual Loops": 2,
                                        "Hash Buckets": 4194304,
                                        "Original Hash Buckets": 4194304,
                                        "Hash Batches": 1,
                                        "Original Hash Batches": 1,
                                        "Peak Memory Usage": 126112,
                                        "Plans": [
                                          {
                                            "Node Type": "Hash Join",
                                            "Parent Relationship": "Outer",
                                            "Parallel Aware": true,
                                            "Join Type": "Inner",
                                            "Startup Cost": 92101.91,
                                            "Total Cost": 159678.02,
                                            "Plan Rows": 1430361,
                                            "Plan Width": 47,
                                            "Actual Startup Time": 660.996,
                                            "Actual Total Time": 1527.615,
                                            "Actual Rows": 577096,
                                            "Actual Loops": 2,
                                            "Inner Unique": true,
                                            "Hash Cond": "(mc.movie_id = t.id)",
                                            "Plans": [
                                              {
                                                "Node Type": "Hash Join",
                                                "Parent Relationship": "Outer",
                                                "Parallel Aware": true,
                                                "Join Type": "Inner",
                                                "Startup Cost": 25016.34,
                                                "Total Cost": 84642.67,
                                                "Plan Rows": 3028483,
                                                "Plan Width": 26,
                                                "Actual Startup Time": 236.481,
                                                "Actual Total Time": 852.552,
                                                "Actual Rows": 1385930,
                                                "Actual Loops": 2,
                                                "Inner Unique": false,
                                                "Hash Cond": "(mc.movie_id = mi_idx.movie_id)",
                                                "Plans": [
                                                  {
                                                    "Node Type": "Seq Scan",
                                                    "Parent Relationship": "Outer",
                                                    "Parallel Aware": true,
                                                    "Relation Name": "movie_companies",
                                                    "Alias": "mc",
                                                    "Startup Cost": 0.0,
                                                    "Total Cost": 34137.82,
                                                    "Plan Rows": 1534782,
                                                    "Plan Width": 12,
                                                    "Actual Startup Time": 0.013,
                                                    "Actual Total Time": 117.446,
                                                    "Actual Rows": 1304564,
                                                    "Actual Loops": 2
                                                  },
                                                  {
                                                    "Node Type": "Hash",
                                                    "Parent Relationship": "Inner",
                                                    "Parallel Aware": true,
                                                    "Startup Cost": 18082.32,
                                                    "Total Cost": 18082.32,
                                                    "Plan Rows": 554722,
                                                    "Plan Width": 14,
                                                    "Actual Startup Time": 229.448,
                                                    "Actual Total Time": 229.449,
                                                    "Actual Rows": 472459,
                                                    "Actual Loops": 2,
                                                    "Hash Buckets": 1048576,
                                                    "Original Hash Buckets": 1048576,
                                                    "Hash Batches": 1,
                                                    "Original Hash Batches": 1,
                                                    "Peak Memory Usage": 53120,
                                                    "Plans": [
                                                      {
                                                        "Node Type": "Seq Scan",
                                                        "Parent Relationship": "Outer",
                                                        "Parallel Aware": true,
                                                        "Relation Name": "movie_info_idx",
                                                        "Alias": "mi_idx",
                                                        "Startup Cost": 0.0,
                                                        "Total Cost": 18082.32,
                                                        "Plan Rows": 554722,
                                                        "Plan Width": 14,
                                                        "Actual Startup Time": 0.025,
                                                        "Actual Total Time": 102.712,
                                                        "Actual Rows": 472459,
                                                        "Actual Loops": 2,
                                                        "Filter": "(info > '11'::text)",
                                                        "Rows Removed by Filter": 217558
                                                      }
                                                    ]
                                                  }
                                                ]
                                              },
                                              {
                                                "Node Type": "Hash",
                                                "Parent Relationship": "Inner",
                                                "Parallel Aware": true,
                                                "Startup Cost": 58305.62,
                                                "Total Cost": 58305.62,
                                                "Plan Rows": 702396,
                                                "Plan Width": 21,
                                                "Actual Startup Time": 417.023,
                                                "Actual Total Time": 417.024,
                                                "Actual Rows": 596476,
                                                "Actual Loops": 2,
                                                "Hash Buckets": 2097152,
                                                "Original Hash Buckets": 2097152,
                                                "Hash Batches": 1,
                                                "Original Hash Batches": 1,
                                                "Peak Memory Usage": 83296,
                                                "Plans": [
                                                  {
                                                    "Node Type": "Seq Scan",
                                                    "Parent Relationship": "Outer",
                                                    "Parallel Aware": true,
                                                    "Relation Name": "title",
                                                    "Alias": "t",
                                                    "Startup Cost": 0.0,
                                                    "Total Cost": 58305.62,
                                                    "Plan Rows": 702396,
                                                    "Plan Width": 21,
                                                    "Actual Startup Time": 0.047,
                                                    "Actual Total Time": 188.844,
                                                    "Actual Rows": 596476,
                                                    "Actual Loops": 2,
                                                    "Filter": "((production_year >= 2003) AND (production_year <= 2012))",
                                                    "Rows Removed by Filter": 667680
                                                  }
                                                ]
                                              }
                                            ]
                                          }
                                        ]
                                      }
                                    ]
                                  },
                                  {
                                    "Node Type": "Hash",
                                    "Parent Relationship": "Inner",
                                    "Parallel Aware": false,
                                    "Startup Cost": 2.41,
                                    "Total Cost": 2.41,
                                    "Plan Rows": 1,
                                    "Plan Width": 4,
                                    "Actual Startup Time": 0.049,
                                    "Actual Total Time": 0.05,
                                    "Actual Rows": 1,
                                    "Actual Loops": 2,
                                    "Hash Buckets": 1024,
                                    "Original Hash Buckets": 1024,
                                    "Hash Batches": 1,
                                    "Original Hash Batches": 1,
                                    "Peak Memory Usage": 9,
                                    "Plans": [
                                      {
                                        "Node Type": "Seq Scan",
                                        "Parent Relationship": "Outer",
                                        "Parallel Aware": false,
                                        "Relation Name": "info_type",
                                        "Alias": "it1",
                                        "Startup Cost": 0.0,
                                        "Total Cost": 2.41,
                                        "Plan Rows": 1,
                                        "Plan Width": 4,
                                        "Actual Startup Time": 0.017,
                                        "Actual Total Time": 0.039,
                                        "Actual Rows": 1,
                                        "Actual Loops": 2,
                                        "Filter": "((info)::text = 'genres'::text)",
                                        "Rows Removed by Filter": 112
                                      }
                                    ]
                                  }
                                ]
                              }
                            ]
                          },
                          {
                            "Node Type": "Sort",
                            "Parent Relationship": "Inner",
                            "Parallel Aware": false,
                            "Startup Cost": 1.06,
                            "Total Cost": 1.06,
                            "Plan Rows": 1,
                            "Plan Width": 4,
                            "Actual Startup Time": 0.079,
                            "Actual Total Time": 0.08,
                            "Actual Rows": 1,
                            "Actual Loops": 2,
                            "Sort Key": [
                              "ct.id"
                            ],
                            "Sort Method": "quicksort",
                            "Sort Space Used": 25,
                            "Sort Space Type": "Memory",
                            "Workers": [
                              {
                                "Worker Number": 0,
                                "Sort Method": "quicksort",
                                "Sort Space Used": 25,
                                "Sort Space Type": "Memory"
                              }
                            ],
                            "Plans": [
                              {
                                "Node Type": "Seq Scan",
                                "Parent Relationship": "Outer",
                                "Parallel Aware": false,
                                "Relation Name": "company_type",
                                "Alias": "ct",
                                "Startup Cost": 0.0,
                                "Total Cost": 1.05,
                                "Plan Rows": 1,
                                "Plan Width": 4,
                                "Actual Startup Time": 0.051,
                                "Actual Total Time": 0.052,
                                "Actual Rows": 1,
                                "Actual Loops": 2,
                                "Filter": "((kind)::text = 'production companies'::text)",
                                "Rows Removed by Filter": 3
                              }
                            ]
                          }
                        ]
                      },
                      {
                        "Node Type": "Index Scan",
                        "Parent Relationship": "Inner",
                        "Parallel Aware": false,
                        "Scan Direction": "Forward",
                        "Index Name": "company_name_pkey",
                        "Relation Name": "company_name",
                        "Alias": "cn",
                        "Startup Cost": 0.42,
                        "Total Cost": 0.45,
                        "Plan Rows": 1,
                        "Plan Width": 23,
                        "Actual Startup Time": 0.001,
                        "Actual Total Time": 0.001,
                        "Actual Rows": 0,
                        "Actual Loops": 202923,
                        "Index Cond": "(id = mc.company_id)",
                        "Rows Removed by Index Recheck": 0,
                        "Filter": "((country_code)::text = '[us]'::text)",
                        "Rows Removed by Filter": 1
                      }
                    ]
                  },
                  {
                    "Node Type": "Hash",
                    "Parent Relationship": "Inner",
                    "Parallel Aware": false,
                    "Startup Cost": 2.41,
                    "Total Cost": 2.41,
                    "Plan Rows": 1,
                    "Plan Width": 4,
                    "Actual Startup Time": 0.077,
                    "Actual Total Time": 0.078,
                    "Actual Rows": 1,
                    "Actual Loops": 2,
                    "Hash Buckets": 1024,
                    "Original Hash Buckets": 1024,
                    "Hash Batches": 1,
                    "Original Hash Batches": 1,
                    "Peak Memory Usage": 9,
                    "Plans": [
                      {
                        "Node Type": "Seq Scan",
                        "Parent Relationship": "Outer",
                        "Parallel Aware": false,
                        "Relation Name": "info_type",
                        "Alias": "it2",
                        "Startup Cost": 0.0,
                        "Total Cost": 2.41,
                        "Plan Rows": 1,
                        "Plan Width": 4,
                        "Actual Startup Time": 0.055,
                        "Actual Total Time": 0.06,
                        "Actual Rows": 1,
                        "Actual Loops": 2,
                        "Filter": "((info)::text = 'rating'::text)",
                        "Rows Removed by Filter": 112
                      }
                    ]
                  }
                ]
              }
            ]
          }
        ]
      }
    ]
  },
  "Planning Time": 2.498,
  "Triggers": [],
  "Execution Time": 3072.544
}