[
  {
    "Plan": {
      "Node Type": "Aggregate",
      "Strategy": "Plain",
      "Partial Mode": "Finalize",
      "Parallel Aware": false,
      "Startup Cost": 131466.77,
      "Total Cost": 131466.78,
      "Plan Rows": 1,
      "Plan Width": 8,
      "Actual Startup Time": 1066.944,
      "Actual Total Time": 1084.617,
      "Actual Rows": 1,
      "Actual Loops": 1,
      "Plans": [
        {
          "Node Type": "Gather",
          "Parent Relationship": "Outer",
          "Parallel Aware": false,
          "Startup Cost": 131466.46,
          "Total Cost": 131466.77,
          "Plan Rows": 3,
          "Plan Width": 8,
          "Actual Startup Time": 1057.774,
          "Actual Total Time": 1084.61,
          "Actual Rows": 4,
          "Actual Loops": 1,
          "Workers Planned": 3,
          "Workers Launched": 3,
          "Single Copy": false,
          "Plans": [
            {
              "Node Type": "Aggregate",
              "Strategy": "Plain",
              "Partial Mode": "Partial",
              "Parent Relationship": "Outer",
              "Parallel Aware": false,
              "Startup Cost": 130466.46,
              "Total Cost": 130466.47,
              "Plan Rows": 1,
              "Plan Width": 8,
              "Actual Startup Time": 1047.32,
              "Actual Total Time": 1047.325,
              "Actual Rows": 1,
              "Actual Loops": 4,
              "Plans": [
                {
                  "Node Type": "Hash Join",
                  "Parent Relationship": "Outer",
                  "Parallel Aware": true,
                  "Join Type": "Inner",
                  "Startup Cost": 84921.78,
                  "Total Cost": 129972.02,
                  "Plan Rows": 197776,
                  "Plan Width": 0,
                  "Actual Startup Time": 621.08,
                  "Actual Total Time": 946.489,
                  "Actual Rows": 2294235,
                  "Actual Loops": 4,
                  "Inner Unique": false,
                  "Hash Cond": "(mk.movie_id = t.id)",
                  "Plans": [
                    {
                      "Node Type": "Seq Scan",
                      "Parent Relationship": "Outer",
                      "Parallel Aware": true,
                      "Relation Name": "movie_keyword",
                      "Alias": "mk",
                      "Startup Cost": 0.0,
                      "Total Cost": 42695.65,
                      "Plan Rows": 496039,
                      "Plan Width": 4,
                      "Actual Startup Time": 0.573,
                      "Actual Total Time": 99.449,
                      "Actual Rows": 385520,
                      "Actual Loops": 4,
                      "Filter": "(keyword_id > 10279)",
                      "Rows Removed by Filter": 745463
                    },
                    {
                      "Node Type": "Hash",
                      "Parent Relationship": "Inner",
                      "Parallel Aware": true,
                      "Startup Cost": 81771.6,
                      "Total Cost": 81771.6,
                      "Plan Rows": 252014,
                      "Plan Width": 8,
                      "Actual Startup Time": 614.638,
                      "Actual Total Time": 614.641,
                      "Actual Rows": 318562,
                      "Actual Loops": 4,
                      "Hash Buckets": 2097152,
                      "Original Hash Buckets": 1048576,
                      "Hash Batches": 1,
                      "Original Hash Batches": 1,
                      "Peak Memory Usage": 74464,
                      "Plans": [
                        {
                          "Node Type": "Hash Join",
                          "Parent Relationship": "Outer",
                          "Parallel Aware": true,
                          "Join Type": "Inner",
                          "Startup Cost": 35479.56,
                          "Total Cost": 81771.6,
                          "Plan Rows": 252014,
                          "Plan Width": 8,
                          "Actual Startup Time": 208.503,
                          "Actual Total Time": 499.836,
                          "Actual Rows": 318562,
                          "Actual Loops": 4,
                          "Inner Unique": false,
                          "Hash Cond": "(t.id = mc.movie_id)",
                          "Plans": [
                            {
                              "Node Type": "Seq Scan",
                              "Parent Relationship": "Outer",
                              "Parallel Aware": true,
                              "Relation Name": "title",
                              "Alias": "t",
                              "Startup Cost": 0.0,
                              "Total Cost": 42318.73,
                              "Plan Rows": 632073,
                              "Plan Width": 4,
                              "Actual Startup Time": 0.012,
                              "Actual Total Time": 76.585,
                              "Actual Rows": 632078,
                              "Actual Loops": 4
                            },
                            {
                              "Node Type": "Hash",
                              "Parent Relationship": "Inner",
                              "Parallel Aware": true,
                              "Startup Cost": 31414.82,
                              "Total Cost": 31414.82,
                              "Plan Rows": 325179,
                              "Plan Width": 4,
                              "Actual Startup Time": 205.83,
                              "Actual Total Time": 205.831,
                              "Actual Rows": 318562,
                              "Actual Loops": 4,
                              "Hash Buckets": 2097152,
                              "Original Hash Buckets": 1048576,
                              "Hash Batches": 1,
                              "Original Hash Batches": 1,
                              "Peak Memory Usage": 74496,
                              "Plans": [
                                {
                                  "Node Type": "Seq Scan",
                                  "Parent Relationship": "Outer",
                                  "Parallel Aware": true,
                                  "Relation Name": "movie_companies",
                                  "Alias": "mc",
                                  "Startup Cost": 0.0,
                                  "Total Cost": 31414.82,
                                  "Plan Rows": 325179,
                                  "Plan Width": 4,
                                  "Actual Startup Time": 0.047,
                                  "Actual Total Time": 87.407,
                                  "Actual Rows": 318562,
                                  "Actual Loops": 4,
                                  "Filter": "((company_id < 71146) AND (company_type_id < 2))",
                                  "Rows Removed by Filter": 333721
                                }
                              ]
                            }
                          ]
                        }
                      ]
                    }
                  ]
                }
              ]
            }
          ]
        }
      ]
    },
    "Planning Time": 1.484,
    "Triggers": [],
    "Execution Time": 1084.699
  }
]