[
  {
    "Plan": {
      "Node Type": "Aggregate",
      "Strategy": "Plain",
      "Partial Mode": "Finalize",
      "Parallel Aware": false,
      "Startup Cost": 41653.59,
      "Total Cost": 41653.6,
      "Plan Rows": 1,
      "Plan Width": 8,
      "Actual Startup Time": 154.14,
      "Actual Total Time": 164.248,
      "Actual Rows": 1,
      "Actual Loops": 1,
      "Plans": [
        {
          "Node Type": "Gather",
          "Parent Relationship": "Outer",
          "Parallel Aware": false,
          "Startup Cost": 41653.27,
          "Total Cost": 41653.58,
          "Plan Rows": 3,
          "Plan Width": 8,
          "Actual Startup Time": 153.768,
          "Actual Total Time": 164.238,
          "Actual Rows": 4,
          "Actual Loops": 1,
          "Workers Planned": 3,
          "Workers Launched": 3,
          "Single Copy": false,
          "Plans": [
            {
              "Node Type": "Aggregate",
              "Strategy": "Plain",
              "Partial Mode": "Partial",
              "Parent Relationship": "Outer",
              "Parallel Aware": false,
              "Startup Cost": 40653.27,
              "Total Cost": 40653.28,
              "Plan Rows": 1,
              "Plan Width": 8,
              "Actual Startup Time": 145.024,
              "Actual Total Time": 145.026,
              "Actual Rows": 1,
              "Actual Loops": 4,
              "Plans": [
                {
                  "Node Type": "Bitmap Heap Scan",
                  "Parent Relationship": "Outer",
                  "Parallel Aware": true,
                  "Relation Name": "movie_keyword",
                  "Alias": "mk",
                  "Startup Cost": 13190.88,
                  "Total Cost": 40151.87,
                  "Plan Rows": 200560,
                  "Plan Width": 0,
                  "Actual Startup Time": 54.012,
                  "Actual Total Time": 135.92,
                  "Actual Rows": 154952,
                  "Actual Loops": 4,
                  "Recheck Cond": "(keyword_id > 29429)",
                  "Rows Removed by Index Recheck": 0,
                  "Exact Heap Blocks": 10767,
                  "Lossy Heap Blocks": 0,
                  "Plans": [
                    {
                      "Node Type": "Bitmap Index Scan",
                      "Parent Relationship": "Outer",
                      "Parallel Aware": false,
                      "Index Name": "keyword_id_movie_keyword",
                      "Startup Cost": 0.0,
                      "Total Cost": 13035.45,
                      "Plan Rows": 621735,
                      "Plan Width": 0,
                      "Actual Startup Time": 58.487,
                      "Actual Total Time": 58.487,
                      "Actual Rows": 619807,
                      "Actual Loops": 1,
                      "Index Cond": "(keyword_id > 29429)"
                    }
                  ]
                }
              ]
            }
          ]
        }
      ]
    },
    "Planning Time": 0.201,
    "Triggers": [],
    "Execution Time": 164.322
  }
]