[
  {
    "Plan": {
      "Node Type": "Aggregate",
      "Strategy": "Plain",
      "Partial Mode": "Finalize",
      "Parallel Aware": false,
      "Startup Cost": 44843.76,
      "Total Cost": 44843.77,
      "Plan Rows": 1,
      "Plan Width": 8,
      "Actual Startup Time": 126.826,
      "Actual Total Time": 136.578,
      "Actual Rows": 1,
      "Actual Loops": 1,
      "Plans": [
        {
          "Node Type": "Gather",
          "Parent Relationship": "Outer",
          "Parallel Aware": false,
          "Startup Cost": 44843.44,
          "Total Cost": 44843.75,
          "Plan Rows": 3,
          "Plan Width": 8,
          "Actual Startup Time": 126.72,
          "Actual Total Time": 136.569,
          "Actual Rows": 4,
          "Actual Loops": 1,
          "Workers Planned": 3,
          "Workers Launched": 3,
          "Single Copy": false,
          "Plans": [
            {
              "Node Type": "Aggregate",
              "Strategy": "Plain",
              "Partial Mode": "Partial",
              "Parent Relationship": "Outer",
              "Parallel Aware": false,
              "Startup Cost": 43843.44,
              "Total Cost": 43843.45,
              "Plan Rows": 1,
              "Plan Width": 8,
              "Actual Startup Time": 121.14,
              "Actual Total Time": 121.141,
              "Actual Rows": 1,
              "Actual Loops": 4,
              "Plans": [
                {
                  "Node Type": "Seq Scan",
                  "Parent Relationship": "Outer",
                  "Parallel Aware": true,
                  "Relation Name": "movie_keyword",
                  "Alias": "mk",
                  "Startup Cost": 0.0,
                  "Total Cost": 42695.65,
                  "Plan Rows": 459115,
                  "Plan Width": 0,
                  "Actual Startup Time": 1.471,
                  "Actual Total Time": 104.599,
                  "Actual Rows": 356917,
                  "Actual Loops": 4,
                  "Filter": "(keyword_id > 11680)",
                  "Rows Removed by Filter": 774066
                }
              ]
            }
          ]
        }
      ]
    },
    "Planning Time": 0.115,
    "Triggers": [],
    "Execution Time": 136.625
  }
]