[
  {
    "Plan": {
      "Node Type": "Aggregate",
      "Strategy": "Plain",
      "Partial Mode": "Finalize",
      "Parallel Aware": false,
      "Startup Cost": 96177.4,
      "Total Cost": 96177.41,
      "Plan Rows": 1,
      "Plan Width": 8,
      "Actual Startup Time": 388.186,
      "Actual Total Time": 403.948,
      "Actual Rows": 1,
      "Actual Loops": 1,
      "Plans": [
        {
          "Node Type": "Gather",
          "Parent Relationship": "Outer",
          "Parallel Aware": false,
          "Startup Cost": 96177.08,
          "Total Cost": 96177.39,
          "Plan Rows": 3,
          "Plan Width": 8,
          "Actual Startup Time": 385.512,
          "Actual Total Time": 403.938,
          "Actual Rows": 4,
          "Actual Loops": 1,
          "Workers Planned": 3,
          "Workers Launched": 3,
          "Single Copy": false,
          "Plans": [
            {
              "Node Type": "Aggregate",
              "Strategy": "Plain",
              "Partial Mode": "Partial",
              "Parent Relationship": "Outer",
              "Parallel Aware": false,
              "Startup Cost": 95177.08,
              "Total Cost": 95177.09,
              "Plan Rows": 1,
              "Plan Width": 8,
              "Actual Startup Time": 377.256,
              "Actual Total Time": 377.259,
              "Actual Rows": 1,
              "Actual Loops": 4,
              "Plans": [
                {
                  "Node Type": "Hash Join",
                  "Parent Relationship": "Outer",
                  "Parallel Aware": true,
                  "Join Type": "Inner",
                  "Startup Cost": 48258.57,
                  "Total Cost": 94117.32,
                  "Plan Rows": 423904,
                  "Plan Width": 0,
                  "Actual Startup Time": 177.973,
                  "Actual Total Time": 371.055,
                  "Actual Rows": 154281,
                  "Actual Loops": 4,
                  "Inner Unique": true,
                  "Hash Cond": "(mk.movie_id = t.id)",
                  "Plans": [
                    {
                      "Node Type": "Seq Scan",
                      "Parent Relationship": "Outer",
                      "Parallel Aware": true,
                      "Relation Name": "movie_keyword",
                      "Alias": "mk",
                      "Startup Cost": 0.0,
                      "Total Cost": 42695.65,
                      "Plan Rows": 1204988,
                      "Plan Width": 4,
                      "Actual Startup Time": 0.022,
                      "Actual Total Time": 102.341,
                      "Actual Rows": 935703,
                      "Actual Loops": 4,
                      "Filter": "(keyword_id < 24146)",
                      "Rows Removed by Filter": 195280
                    },
                    {
                      "Node Type": "Hash",
                      "Parent Relationship": "Inner",
                      "Parallel Aware": true,
                      "Startup Cost": 45479.1,
                      "Total Cost": 45479.1,
                      "Plan Rows": 222358,
                      "Plan Width": 4,
                      "Actual Startup Time": 172.925,
                      "Actual Total Time": 172.925,
                      "Actual Rows": 236932,
                      "Actual Loops": 4,
                      "Hash Buckets": 1048576,
                      "Original Hash Buckets": 1048576,
                      "Hash Batches": 1,
                      "Original Hash Batches": 1,
                      "Peak Memory Usage": 45344,
                      "Plans": [
                        {
                          "Node Type": "Seq Scan",
                          "Parent Relationship": "Outer",
                          "Parallel Aware": true,
                          "Relation Name": "title",
                          "Alias": "t",
                          "Startup Cost": 0.0,
                          "Total Cost": 45479.1,
                          "Plan Rows": 222358,
                          "Plan Width": 4,
                          "Actual Startup Time": 0.037,
                          "Actual Total Time": 100.058,
                          "Actual Rows": 236932,
                          "Actual Loops": 4,
                          "Filter": "((kind_id > 1) AND (production_year > 2003))",
                          "Rows Removed by Filter": 395146
                        }
                      ]
                    }
                  ]
                }
              ]
            }
          ]
        }
      ]
    },
    "Planning Time": 0.597,
    "Triggers": [],
    "Execution Time": 404.013
  }
]