[
  {
    "Plan": {
      "Node Type": "Aggregate",
      "Strategy": "Plain",
      "Partial Mode": "Finalize",
      "Parallel Aware": false,
      "Startup Cost": 32885.34,
      "Total Cost": 32885.35,
      "Plan Rows": 1,
      "Plan Width": 8,
      "Actual Startup Time": 90.623,
      "Actual Total Time": 96.196,
      "Actual Rows": 1,
      "Actual Loops": 1,
      "Plans": [
        {
          "Node Type": "Gather",
          "Parent Relationship": "Outer",
          "Parallel Aware": false,
          "Startup Cost": 32885.02,
          "Total Cost": 32885.33,
          "Plan Rows": 3,
          "Plan Width": 8,
          "Actual Startup Time": 90.52,
          "Actual Total Time": 96.189,
          "Actual Rows": 4,
          "Actual Loops": 1,
          "Workers Planned": 3,
          "Workers Launched": 3,
          "Single Copy": false,
          "Plans": [
            {
              "Node Type": "Aggregate",
              "Strategy": "Plain",
              "Partial Mode": "Partial",
              "Parent Relationship": "Outer",
              "Parallel Aware": false,
              "Startup Cost": 31885.02,
              "Total Cost": 31885.03,
              "Plan Rows": 1,
              "Plan Width": 8,
              "Actual Startup Time": 82.208,
              "Actual Total Time": 82.209,
              "Actual Rows": 1,
              "Actual Loops": 4,
              "Plans": [
                {
                  "Node Type": "Seq Scan",
                  "Parent Relationship": "Outer",
                  "Parallel Aware": true,
                  "Relation Name": "movie_companies",
                  "Alias": "mc",
                  "Startup Cost": 0.0,
                  "Total Cost": 31414.82,
                  "Plan Rows": 188082,
                  "Plan Width": 0,
                  "Actual Startup Time": 48.274,
                  "Actual Total Time": 78.116,
                  "Actual Rows": 93336,
                  "Actual Loops": 4,
                  "Filter": "((company_id < 8850) AND (company_type_id = 2))",
                  "Rows Removed by Filter": 558946
                }
              ]
            }
          ]
        }
      ]
    },
    "Planning Time": 0.199,
    "Triggers": [],
    "Execution Time": 96.248
  }
]