[
  {
    "Plan": {
      "Node Type": "Aggregate",
      "Strategy": "Plain",
      "Partial Mode": "Finalize",
      "Parallel Aware": false,
      "Startup Cost": 90119.95,
      "Total Cost": 90119.96,
      "Plan Rows": 1,
      "Plan Width": 8,
      "Actual Startup Time": 404.68,
      "Actual Total Time": 423.233,
      "Actual Rows": 1,
      "Actual Loops": 1,
      "Plans": [
        {
          "Node Type": "Gather",
          "Parent Relationship": "Outer",
          "Parallel Aware": false,
          "Startup Cost": 90119.64,
          "Total Cost": 90119.95,
          "Plan Rows": 3,
          "Plan Width": 8,
          "Actual Startup Time": 402.795,
          "Actual Total Time": 423.221,
          "Actual Rows": 4,
          "Actual Loops": 1,
          "Workers Planned": 3,
          "Workers Launched": 3,
          "Single Copy": false,
          "Plans": [
            {
              "Node Type": "Aggregate",
              "Strategy": "Plain",
              "Partial Mode": "Partial",
              "Parent Relationship": "Outer",
              "Parallel Aware": false,
              "Startup Cost": 89119.64,
              "Total Cost": 89119.65,
              "Plan Rows": 1,
              "Plan Width": 8,
              "Actual Startup Time": 394.082,
              "Actual Total Time": 394.163,
              "Actual Rows": 1,
              "Actual Loops": 4,
              "Plans": [
                {
                  "Node Type": "Hash Join",
                  "Parent Relationship": "Outer",
                  "Parallel Aware": true,
                  "Join Type": "Inner",
                  "Startup Cost": 46000.7,
                  "Total Cost": 88878.78,
                  "Plan Rows": 96343,
                  "Plan Width": 0,
                  "Actual Startup Time": 179.939,
                  "Actual Total Time": 377.836,
                  "Actual Rows": 328190,
                  "Actual Loops": 4,
                  "Inner Unique": true,
                  "Hash Cond": "(mk.movie_id = t.id)",
                  "Plans": [
                    {
                      "Node Type": "Seq Scan",
                      "Parent Relationship": "Outer",
                      "Parallel Aware": true,
                      "Relation Name": "movie_keyword",
                      "Alias": "mk",
                      "Startup Cost": 0.0,
                      "Total Cost": 39047.32,
                      "Plan Rows": 1459332,
                      "Plan Width": 4,
                      "Actual Startup Time": 0.031,
                      "Actual Total Time": 101.579,
                      "Actual Rows": 1130982,
                      "Actual Loops": 4
                    },
                    {
                      "Node Type": "Hash",
                      "Parent Relationship": "Inner",
                      "Parallel Aware": true,
                      "Startup Cost": 45479.1,
                      "Total Cost": 45479.1,
                      "Plan Rows": 41728,
                      "Plan Width": 4,
                      "Actual Startup Time": 136.963,
                      "Actual Total Time": 136.964,
                      "Actual Rows": 76442,
                      "Actual Loops": 4,
                      "Hash Buckets": 524288,
                      "Original Hash Buckets": 262144,
                      "Hash Batches": 1,
                      "Original Hash Batches": 1,
                      "Peak Memory Usage": 18176,
                      "Plans": [
                        {
                          "Node Type": "Seq Scan",
                          "Parent Relationship": "Outer",
                          "Parallel Aware": true,
                          "Relation Name": "title",
                          "Alias": "t",
                          "Startup Cost": 0.0,
                          "Total Cost": 45479.1,
                          "Plan Rows": 41728,
                          "Plan Width": 4,
                          "Actual Startup Time": 61.112,
                          "Actual Total Time": 106.067,
                          "Actual Rows": 76442,
                          "Actual Loops": 4,
                          "Filter": "((kind_id < 2) AND (production_year < 1988))",
                          "Rows Removed by Filter": 555636
                        }
                      ]
                    }
                  ]
                }
              ]
            }
          ]
        }
      ]
    },
    "Planning Time": 0.654,
    "Triggers": [],
    "Execution Time": 423.311
  }
]