[
  {
    "Plan": {
      "Node Type": "Aggregate",
      "Strategy": "Plain",
      "Partial Mode": "Finalize",
      "Parallel Aware": false,
      "Startup Cost": 298994.43,
      "Total Cost": 298994.44,
      "Plan Rows": 1,
      "Plan Width": 8,
      "Actual Startup Time": 1905.819,
      "Actual Total Time": 1953.106,
      "Actual Rows": 1,
      "Actual Loops": 1,
      "Plans": [
        {
          "Node Type": "Gather",
          "Parent Relationship": "Outer",
          "Parallel Aware": false,
          "Startup Cost": 298993.91,
          "Total Cost": 298994.42,
          "Plan Rows": 5,
          "Plan Width": 8,
          "Actual Startup Time": 1892.908,
          "Actual Total Time": 1953.091,
          "Actual Rows": 6,
          "Actual Loops": 1,
          "Workers Planned": 5,
          "Workers Launched": 5,
          "Single Copy": false,
          "Plans": [
            {
              "Node Type": "Aggregate",
              "Strategy": "Plain",
              "Partial Mode": "Partial",
              "Parent Relationship": "Outer",
              "Parallel Aware": false,
              "Startup Cost": 297993.91,
              "Total Cost": 297993.92,
              "Plan Rows": 1,
              "Plan Width": 8,
              "Actual Startup Time": 1882.694,
              "Actual Total Time": 1883.124,
              "Actual Rows": 1,
              "Actual Loops": 6,
              "Plans": [
                {
                  "Node Type": "Hash Join",
                  "Parent Relationship": "Outer",
                  "Parallel Aware": true,
                  "Join Type": "Inner",
                  "Startup Cost": 82676.08,
                  "Total Cost": 295186.6,
                  "Plan Rows": 1122924,
                  "Plan Width": 0,
                  "Actual Startup Time": 468.768,
                  "Actual Total Time": 1739.661,
                  "Actual Rows": 2697384,
                  "Actual Loops": 6,
                  "Inner Unique": false,
                  "Hash Cond": "(mi.movie_id = t.id)",
                  "Plans": [
                    {
                      "Node Type": "Seq Scan",
                      "Parent Relationship": "Outer",
                      "Parallel Aware": true,
                      "Relation Name": "movie_info",
                      "Alias": "mi",
                      "Startup Cost": 0.0,
                      "Total Cost": 198952.16,
                      "Plan Rows": 2866947,
                      "Plan Width": 4,
                      "Actual Startup Time": 0.022,
                      "Actual Total Time": 433.305,
                      "Actual Rows": 2401178,
                      "Actual Loops": 6,
                      "Filter": "(info_type_id < 105)",
                      "Rows Removed by Filter": 71442
                    },
                    {
                      "Node Type": "Hash",
                      "Parent Relationship": "Inner",
                      "Parallel Aware": true,
                      "Startup Cost": 79581.45,
                      "Total Cost": 79581.45,
                      "Plan Rows": 247570,
                      "Plan Width": 8,
                      "Actual Startup Time": 463.574,
                      "Actual Total Time": 464.002,
                      "Actual Rows": 167127,
                      "Actual Loops": 6,
                      "Hash Buckets": 1048576,
                      "Original Hash Buckets": 1048576,
                      "Hash Batches": 1,
                      "Original Hash Batches": 1,
                      "Peak Memory Usage": 47520,
                      "Plans": [
                        {
                          "Node Type": "Hash Join",
                          "Parent Relationship": "Outer",
                          "Parallel Aware": true,
                          "Join Type": "Inner",
                          "Startup Cost": 33303.74,
                          "Total Cost": 79581.45,
                          "Plan Rows": 247570,
                          "Plan Width": 8,
                          "Actual Startup Time": 148.688,
                          "Actual Total Time": 392.881,
                          "Actual Rows": 167127,
                          "Actual Loops": 6,
                          "Inner Unique": false,
                          "Hash Cond": "(t.id = mc.movie_id)",
                          "Plans": [
                            {
                              "Node Type": "Seq Scan",
                              "Parent Relationship": "Outer",
                              "Parallel Aware": true,
                              "Relation Name": "title",
                              "Alias": "t",
                              "Startup Cost": 0.0,
                              "Total Cost": 42318.73,
                              "Plan Rows": 632073,
                              "Plan Width": 4,
                              "Actual Startup Time": 0.017,
                              "Actual Total Time": 71.144,
                              "Actual Rows": 421385,
                              "Actual Loops": 6
                            },
                            {
                              "Node Type": "Hash",
                              "Parent Relationship": "Inner",
                              "Parallel Aware": true,
                              "Startup Cost": 29310.68,
                              "Total Cost": 29310.68,
                              "Plan Rows": 319445,
                              "Plan Width": 4,
                              "Actual Startup Time": 146.681,
                              "Actual Total Time": 146.682,
                              "Actual Rows": 167127,
                              "Actual Loops": 6,
                              "Hash Buckets": 1048576,
                              "Original Hash Buckets": 1048576,
                              "Hash Batches": 1,
                              "Original Hash Batches": 1,
                              "Peak Memory Usage": 47488,
                              "Plans": [
                                {
                                  "Node Type": "Seq Scan",
                                  "Parent Relationship": "Outer",
                                  "Parallel Aware": true,
                                  "Relation Name": "movie_companies",
                                  "Alias": "mc",
                                  "Startup Cost": 0.0,
                                  "Total Cost": 29310.68,
                                  "Plan Rows": 319445,
                                  "Plan Width": 4,
                                  "Actual Startup Time": 18.145,
                                  "Actual Total Time": 75.53,
                                  "Actual Rows": 167127,
                                  "Actual Loops": 6,
                                  "Filter": "(company_id > 16604)",
                                  "Rows Removed by Filter": 267728
                                }
                              ]
                            }
                          ]
                        }
                      ]
                    }
                  ]
                }
              ]
            }
          ]
        }
      ]
    },
    "Planning Time": 1.414,
    "Triggers": [],
    "Execution Time": 1953.194
  }
]