[
  {
    "Plan": {
      "Node Type": "Aggregate",
      "Strategy": "Plain",
      "Partial Mode": "Finalize",
      "Parallel Aware": false,
      "Startup Cost": 344167.66,
      "Total Cost": 344167.67,
      "Plan Rows": 1,
      "Plan Width": 8,
      "Actual Startup Time": 1143.349,
      "Actual Total Time": 1195.431,
      "Actual Rows": 1,
      "Actual Loops": 1,
      "Plans": [
        {
          "Node Type": "Gather",
          "Parent Relationship": "Outer",
          "Parallel Aware": false,
          "Startup Cost": 344167.04,
          "Total Cost": 344167.65,
          "Plan Rows": 6,
          "Plan Width": 8,
          "Actual Startup Time": 1143.191,
          "Actual Total Time": 1195.414,
          "Actual Rows": 7,
          "Actual Loops": 1,
          "Workers Planned": 6,
          "Workers Launched": 6,
          "Single Copy": false,
          "Plans": [
            {
              "Node Type": "Aggregate",
              "Strategy": "Plain",
              "Partial Mode": "Partial",
              "Parent Relationship": "Outer",
              "Parallel Aware": false,
              "Startup Cost": 343167.04,
              "Total Cost": 343167.05,
              "Plan Rows": 1,
              "Plan Width": 8,
              "Actual Startup Time": 1132.619,
              "Actual Total Time": 1132.62,
              "Actual Rows": 1,
              "Actual Loops": 7,
              "Plans": [
                {
                  "Node Type": "Seq Scan",
                  "Parent Relationship": "Outer",
                  "Parallel Aware": true,
                  "Relation Name": "cast_info",
                  "Alias": "ci",
                  "Startup Cost": 0.0,
                  "Total Cost": 328211.39,
                  "Plan Rows": 5982258,
                  "Plan Width": 0,
                  "Actual Startup Time": 11.299,
                  "Actual Total Time": 813.31,
                  "Actual Rows": 5123132,
                  "Actual Loops": 7,
                  "Filter": "(person_id > 43651)",
                  "Rows Removed by Filter": 54631
                }
              ]
            }
          ]
        }
      ]
    },
    "Planning Time": 0.134,
    "Triggers": [],
    "Execution Time": 1195.493
  }
]