{
  "Plan": {
    "Node Type": "Aggregate",
    "Strategy": "Plain",
    "Partial Mode": "Finalize",
    "Parallel Aware": false,
    "Startup Cost": 858585.22,
    "Total Cost": 858585.23,
    "Plan Rows": 1,
    "Plan Width": 8,
    "Actual Startup Time": 9273.937,
    "Actual Total Time": 9345.664,
    "Actual Rows": 1,
    "Actual Loops": 1,
    "Plans": [
      {
        "Node Type": "Gather",
        "Parent Relationship": "Outer",
        "Parallel Aware": false,
        "Startup Cost": 858585.1,
        "Total Cost": 858585.21,
        "Plan Rows": 1,
        "Plan Width": 8,
        "Actual Startup Time": 9262.616,
        "Actual Total Time": 9345.655,
        "Actual Rows": 2,
        "Actual Loops": 1,
        "Workers Planned": 1,
        "Workers Launched": 1,
        "Single Copy": false,
        "Plans": [
          {
            "Node Type": "Aggregate",
            "Strategy": "Plain",
            "Partial Mode": "Partial",
            "Parent Relationship": "Outer",
            "Parallel Aware": false,
            "Startup Cost": 857585.1,
            "Total Cost": 857585.11,
            "Plan Rows": 1,
            "Plan Width": 8,
            "Actual Startup Time": 9249.086,
            "Actual Total Time": 9249.091,
            "Actual Rows": 1,
            "Actual Loops": 2,
            "Plans": [
              {
                "Node Type": "Hash Join",
                "Parent Relationship": "Outer",
                "Parallel Aware": true,
                "Join Type": "Inner",
                "Startup Cost": 128506.13,
                "Total Cost": 825525.23,
                "Plan Rows": 12823951,
                "Plan Width": 0,
                "Actual Startup Time": 1891.68,
                "Actual Total Time": 8296.105,
                "Actual Rows": 22009405,
                "Actual Loops": 2,
                "Inner Unique": false,
                "Hash Cond": "(ci.movie_id = t.id)",
                "Plans": [
                  {
                    "Node Type": "Seq Scan",
                    "Parent Relationship": "Outer",
                    "Parallel Aware": true,
                    "Relation Name": "cast_info",
                    "Alias": "ci",
                    "Startup Cost": 0.0,
                    "Total Cost": 572345.93,
                    "Plan Rows": 13130174,
                    "Plan Width": 4,
                    "Actual Startup Time": 533.141,
                    "Actual Total Time": 1892.103,
                    "Actual Rows": 10740466,
                    "Actual Loops": 2,
                    "Filter": "((person_id < 3653103) AND (role_id > 1))",
                    "Rows Removed by Filter": 7381706
                  },
                  {
                    "Node Type": "Hash",
                    "Parent Relationship": "Inner",
                    "Parallel Aware": true,
                    "Startup Cost": 110349.31,
                    "Total Cost": 110349.31,
                    "Plan Rows": 1452546,
                    "Plan Width": 8,
                    "Actual Startup Time": 1336.621,
                    "Actual Total Time": 1336.625,
                    "Actual Rows": 1226670,
                    "Actual Loops": 2,
                    "Hash Buckets": 4194304,
                    "Original Hash Buckets": 4194304,
                    "Hash Batches": 1,
                    "Original Hash Batches": 1,
                    "Peak Memory Usage": 128800,
                    "Plans": [
                      {
                        "Node Type": "Hash Join",
                        "Parent Relationship": "Outer",
                        "Parallel Aware": true,
                        "Join Type": "Inner",
                        "Startup Cost": 72182.68,
                        "Total Cost": 110349.31,
                        "Plan Rows": 1452546,
                        "Plan Width": 8,
                        "Actual Startup Time": 524.059,
                        "Actual Total Time": 1031.934,
                        "Actual Rows": 1226670,
                        "Actual Loops": 2,
                        "Inner Unique": true,
                        "Hash Cond": "(mc.movie_id = t.id)",
                        "Plans": [
                          {
                            "Node Type": "Seq Scan",
                            "Parent Relationship": "Outer",
                            "Parallel Aware": true,
                            "Relation Name": "movie_companies",
                            "Alias": "mc",
                            "Startup Cost": 0.0,
                            "Total Cost": 34137.82,
                            "Plan Rows": 1534782,
                            "Plan Width": 4,
                            "Actual Startup Time": 0.013,
                            "Actual Total Time": 102.029,
                            "Actual Rows": 1304564,
                            "Actual Loops": 2
                          },
                          {
                            "Node Type": "Hash",
                            "Parent Relationship": "Inner",
                            "Parallel Aware": true,
                            "Startup Cost": 54588.39,
                            "Total Cost": 54588.39,
                            "Plan Rows": 1407543,
                            "Plan Width": 4,
                            "Actual Startup Time": 511.677,
                            "Actual Total Time": 511.678,
                            "Actual Rows": 1194350,
                            "Actual Loops": 2,
                            "Hash Buckets": 4194304,
                            "Original Hash Buckets": 4194304,
                            "Hash Batches": 1,
                            "Original Hash Batches": 1,
                            "Peak Memory Usage": 126240,
                            "Plans": [
                              {
                                "Node Type": "Seq Scan",
                                "Parent Relationship": "Outer",
                                "Parallel Aware": true,
                                "Relation Name": "title",
                                "Alias": "t",
                                "Startup Cost": 0.0,
                                "Total Cost": 54588.39,
                                "Plan Rows": 1407543,
                                "Plan Width": 4,
                                "Actual Startup Time": 0.042,
                                "Actual Total Time": 181.275,
                                "Actual Rows": 1194350,
                                "Actual Loops": 2,
                                "Filter": "(production_year > 1915)",
                                "Rows Removed by Filter": 69806
                              }
                            ]
                          }
                        ]
                      }
                    ]
                  }
                ]
              }
            ]
          }
        ]
      }
    ]
  },
  "Planning Time": 0.981,
  "Triggers": [],
  "Execution Time": 9345.758
}