[
  {
    "Plan": {
      "Node Type": "Aggregate",
      "Strategy": "Plain",
      "Partial Mode": "Finalize",
      "Parallel Aware": false,
      "Startup Cost": 34523.75,
      "Total Cost": 34523.76,
      "Plan Rows": 1,
      "Plan Width": 8,
      "Actual Startup Time": 133.732,
      "Actual Total Time": 139.496,
      "Actual Rows": 1,
      "Actual Loops": 1,
      "Plans": [
        {
          "Node Type": "Gather",
          "Parent Relationship": "Outer",
          "Parallel Aware": false,
          "Startup Cost": 34523.43,
          "Total Cost": 34523.74,
          "Plan Rows": 3,
          "Plan Width": 8,
          "Actual Startup Time": 133.451,
          "Actual Total Time": 139.485,
          "Actual Rows": 4,
          "Actual Loops": 1,
          "Workers Planned": 3,
          "Workers Launched": 3,
          "Single Copy": false,
          "Plans": [
            {
              "Node Type": "Aggregate",
              "Strategy": "Plain",
              "Partial Mode": "Partial",
              "Parent Relationship": "Outer",
              "Parallel Aware": false,
              "Startup Cost": 33523.43,
              "Total Cost": 33523.44,
              "Plan Rows": 1,
              "Plan Width": 8,
              "Actual Startup Time": 127.848,
              "Actual Total Time": 127.85,
              "Actual Rows": 1,
              "Actual Loops": 4,
              "Plans": [
                {
                  "Node Type": "Bitmap Heap Scan",
                  "Parent Relationship": "Outer",
                  "Parallel Aware": true,
                  "Relation Name": "movie_keyword",
                  "Alias": "mk",
                  "Startup Cost": 7385.51,
                  "Total Cost": 33242.78,
                  "Plan Rows": 112261,
                  "Plan Width": 0,
                  "Actual Startup Time": 56.261,
                  "Actual Total Time": 121.109,
                  "Actual Rows": 86818,
                  "Actual Loops": 4,
                  "Recheck Cond": "(keyword_id > 47925)",
                  "Rows Removed by Index Recheck": 0,
                  "Exact Heap Blocks": 8919,
                  "Lossy Heap Blocks": 0,
                  "Plans": [
                    {
                      "Node Type": "Bitmap Index Scan",
                      "Parent Relationship": "Outer",
                      "Parallel Aware": false,
                      "Index Name": "keyword_id_movie_keyword",
                      "Startup Cost": 0.0,
                      "Total Cost": 7298.51,
                      "Plan Rows": 348010,
                      "Plan Width": 0,
                      "Actual Startup Time": 55.87,
                      "Actual Total Time": 55.871,
                      "Actual Rows": 347271,
                      "Actual Loops": 1,
                      "Index Cond": "(keyword_id > 47925)"
                    }
                  ]
                }
              ]
            }
          ]
        }
      ]
    },
    "Planning Time": 0.19,
    "Triggers": [],
    "Execution Time": 139.58
  }
]