{
  "Plan": {
    "Node Type": "Aggregate",
    "Strategy": "Plain",
    "Partial Mode": "Finalize",
    "Parallel Aware": false,
    "Startup Cost": 78215.04,
    "Total Cost": 78215.05,
    "Plan Rows": 1,
    "Plan Width": 8,
    "Actual Startup Time": 224.583,
    "Actual Total Time": 235.361,
    "Actual Rows": 1,
    "Actual Loops": 1,
    "Plans": [
      {
        "Node Type": "Gather",
        "Parent Relationship": "Outer",
        "Parallel Aware": false,
        "Startup Cost": 78214.92,
        "Total Cost": 78215.03,
        "Plan Rows": 1,
        "Plan Width": 8,
        "Actual Startup Time": 224.409,
        "Actual Total Time": 235.354,
        "Actual Rows": 2,
        "Actual Loops": 1,
        "Workers Planned": 1,
        "Workers Launched": 1,
        "Single Copy": false,
        "Plans": [
          {
            "Node Type": "Aggregate",
            "Strategy": "Plain",
            "Partial Mode": "Partial",
            "Parent Relationship": "Outer",
            "Parallel Aware": false,
            "Startup Cost": 77214.92,
            "Total Cost": 77214.93,
            "Plan Rows": 1,
            "Plan Width": 8,
            "Actual Startup Time": 218.86,
            "Actual Total Time": 218.864,
            "Actual Rows": 1,
            "Actual Loops": 2,
            "Plans": [
              {
                "Node Type": "Hash Join",
                "Parent Relationship": "Outer",
                "Parallel Aware": true,
                "Join Type": "Inner",
                "Startup Cost": 58416.78,
                "Total Cost": 77210.9,
                "Plan Rows": 1609,
                "Plan Width": 0,
                "Actual Startup Time": 147.505,
                "Actual Total Time": 218.681,
                "Actual Rows": 2820,
                "Actual Loops": 2,
                "Inner Unique": true,
                "Hash Cond": "(mi_idx.movie_id = t.id)",
                "Plans": [
                  {
                    "Node Type": "Seq Scan",
                    "Parent Relationship": "Outer",
                    "Parallel Aware": true,
                    "Relation Name": "movie_info_idx",
                    "Alias": "mi_idx",
                    "Startup Cost": 0.0,
                    "Total Cost": 18082.32,
                    "Plan Rows": 271164,
                    "Plan Width": 4,
                    "Actual Startup Time": 0.02,
                    "Actual Total Time": 51.252,
                    "Actual Rows": 230092,
                    "Actual Loops": 2,
                    "Filter": "(info_type_id > 100)",
                    "Rows Removed by Filter": 459925
                  },
                  {
                    "Node Type": "Hash",
                    "Parent Relationship": "Inner",
                    "Parallel Aware": true,
                    "Startup Cost": 58306.47,
                    "Total Cost": 58306.47,
                    "Plan Rows": 8825,
                    "Plan Width": 4,
                    "Actual Startup Time": 146.336,
                    "Actual Total Time": 146.337,
                    "Actual Rows": 6342,
                    "Actual Loops": 2,
                    "Hash Buckets": 16384,
                    "Original Hash Buckets": 16384,
                    "Hash Batches": 1,
                    "Original Hash Batches": 1,
                    "Peak Memory Usage": 640,
                    "Plans": [
                      {
                        "Node Type": "Seq Scan",
                        "Parent Relationship": "Outer",
                        "Parallel Aware": true,
                        "Relation Name": "title",
                        "Alias": "t",
                        "Startup Cost": 0.0,
                        "Total Cost": 58306.47,
                        "Plan Rows": 8825,
                        "Plan Width": 4,
                        "Actual Startup Time": 0.767,
                        "Actual Total Time": 143.921,
                        "Actual Rows": 6342,
                        "Actual Loops": 2,
                        "Filter": "((kind_id < 6) AND (production_year = 1997))",
                        "Rows Removed by Filter": 1257814
                      }
                    ]
                  }
                ]
              }
            ]
          }
        ]
      }
    ]
  },
  "Planning Time": 0.464,
  "Triggers": [],
  "Execution Time": 235.432
}