{
  "Plan": {
    "Node Type": "Aggregate",
    "Strategy": "Plain",
    "Partial Mode": "Finalize",
    "Parallel Aware": false,
    "Startup Cost": 441982.75,
    "Total Cost": 441982.76,
    "Plan Rows": 1,
    "Plan Width": 8,
    "Actual Startup Time": 9977.185,
    "Actual Total Time": 10026.34,
    "Actual Rows": 1,
    "Actual Loops": 1,
    "Plans": [
      {
        "Node Type": "Gather",
        "Parent Relationship": "Outer",
        "Parallel Aware": false,
        "Startup Cost": 441982.64,
        "Total Cost": 441982.75,
        "Plan Rows": 1,
        "Plan Width": 8,
        "Actual Startup Time": 9969.174,
        "Actual Total Time": 10026.329,
        "Actual Rows": 2,
        "Actual Loops": 1,
        "Workers Planned": 1,
        "Workers Launched": 1,
        "Single Copy": false,
        "Plans": [
          {
            "Node Type": "Aggregate",
            "Strategy": "Plain",
            "Partial Mode": "Partial",
            "Parent Relationship": "Outer",
            "Parallel Aware": false,
            "Startup Cost": 440982.64,
            "Total Cost": 440982.65,
            "Plan Rows": 1,
            "Plan Width": 8,
            "Actual Startup Time": 9963.701,
            "Actual Total Time": 9964.448,
            "Actual Rows": 1,
            "Actual Loops": 2,
            "Plans": [
              {
                "Node Type": "Hash Join",
                "Parent Relationship": "Outer",
                "Parallel Aware": true,
                "Join Type": "Inner",
                "Startup Cost": 120139.99,
                "Total Cost": 435138.8,
                "Plan Rows": 2337535,
                "Plan Width": 0,
                "Actual Startup Time": 907.876,
                "Actual Total Time": 7276.043,
                "Actual Rows": 69701617,
                "Actual Loops": 2,
                "Inner Unique": false,
                "Hash Cond": "(mi.movie_id = t.id)",
                "Plans": [
                  {
                    "Node Type": "Seq Scan",
                    "Parent Relationship": "Outer",
                    "Parallel Aware": true,
                    "Relation Name": "movie_info",
                    "Alias": "mi",
                    "Startup Cost": 0.0,
                    "Total Cost": 270696.42,
                    "Plan Rows": 8147249,
                    "Plan Width": 4,
                    "Actual Startup Time": 0.015,
                    "Actual Total Time": 777.953,
                    "Actual Rows": 6974899,
                    "Actual Loops": 2,
                    "Filter": "(info_type_id < 97)",
                    "Rows Removed by Filter": 442961
                  },
                  {
                    "Node Type": "Hash",
                    "Parent Relationship": "Inner",
                    "Parallel Aware": true,
                    "Startup Cost": 114806.2,
                    "Total Cost": 114806.2,
                    "Plan Rows": 426703,
                    "Plan Width": 8,
                    "Actual Startup Time": 869.375,
                    "Actual Total Time": 870.12,
                    "Actual Rows": 1143720,
                    "Actual Loops": 2,
                    "Hash Buckets": 4194304,
                    "Original Hash Buckets": 1048576,
                    "Hash Batches": 1,
                    "Original Hash Batches": 1,
                    "Peak Memory Usage": 146848,
                    "Plans": [
                      {
                        "Node Type": "Hash Join",
                        "Parent Relationship": "Outer",
                        "Parallel Aware": true,
                        "Join Type": "Inner",
                        "Startup Cost": 56755.36,
                        "Total Cost": 114806.2,
                        "Plan Rows": 426703,
                        "Plan Width": 8,
                        "Actual Startup Time": 214.016,
                        "Actual Total Time": 608.575,
                        "Actual Rows": 1143720,
                        "Actual Loops": 2,
                        "Inner Unique": true,
                        "Hash Cond": "(mk.movie_id = t.id)",
                        "Plans": [
                          {
                            "Node Type": "Seq Scan",
                            "Parent Relationship": "Outer",
                            "Parallel Aware": true,
                            "Relation Name": "movie_keyword",
                            "Alias": "mk",
                            "Startup Cost": 0.0,
                            "Total Cost": 51065.35,
                            "Plan Rows": 2661135,
                            "Plan Width": 4,
                            "Actual Startup Time": 0.017,
                            "Actual Total Time": 157.898,
                            "Actual Rows": 2261965,
                            "Actual Loops": 2
                          },
                          {
                            "Node Type": "Hash",
                            "Parent Relationship": "Inner",
                            "Parallel Aware": true,
                            "Startup Cost": 53774.46,
                            "Total Cost": 53774.46,
                            "Plan Rows": 238472,
                            "Plan Width": 4,
                            "Actual Startup Time": 145.779,
                            "Actual Total Time": 145.781,
                            "Actual Rows": 228073,
                            "Actual Loops": 2,
                            "Hash Buckets": 524288,
                            "Original Hash Buckets": 524288,
                            "Hash Batches": 1,
                            "Original Hash Batches": 1,
                            "Peak Memory Usage": 21984,
                            "Plans": [
                              {
                                "Node Type": "Bitmap Heap Scan",
                                "Parent Relationship": "Outer",
                                "Parallel Aware": true,
                                "Relation Name": "title",
                                "Alias": "t",
                                "Startup Cost": 11924.2,
                                "Total Cost": 53774.46,
                                "Plan Rows": 238472,
                                "Plan Width": 4,
                                "Actual Startup Time": 27.975,
                                "Actual Total Time": 95.866,
                                "Actual Rows": 228073,
                                "Actual Loops": 2,
                                "Recheck Cond": "(kind_id = 1)",
                                "Rows Removed by Index Recheck": 0,
                                "Filter": "(production_year < 2007)",
                                "Rows Removed by Filter": 103340,
                                "Exact Heap Blocks": 8014,
                                "Lossy Heap Blocks": 0,
                                "Plans": [
                                  {
                                    "Node Type": "Bitmap Index Scan",
                                    "Parent Relationship": "Outer",
                                    "Parallel Aware": false,
                                    "Index Name": "kind_id_title",
                                    "Startup Cost": 0.0,
                                    "Total Cost": 11822.85,
                                    "Plan Rows": 663256,
                                    "Plan Width": 0,
                                    "Actual Startup Time": 26.034,
                                    "Actual Total Time": 26.034,
                                    "Actual Rows": 662825,
                                    "Actual Loops": 1,
                                    "Index Cond": "(kind_id = 1)"
                                  }
                                ]
                              }
                            ]
                          }
                        ]
                      }
                    ]
                  }
                ]
              }
            ]
          }
        ]
      }
    ]
  },
  "Planning Time": 0.976,
  "Triggers": [],
  "Execution Time": 10026.444
}