[
    {
        "Bao": {
            "Bao prediction": "NaN",
            "Bao recommended hint": "(no hint)"
        }
    },
    {
        "Plan": {
            "Node Type": "Aggregate",
            "Strategy": "Plain",
            "Partial Mode": "Finalize",
            "Parallel Aware": false,
            "Startup Cost": 32658.7,
            "Total Cost": 32658.71,
            "Plan Rows": 1,
            "Plan Width": 8,
            "Actual Startup Time": 88.786,
            "Actual Total Time": 94.485,
            "Actual Rows": 1,
            "Actual Loops": 1,
            "Output": [
                "count(*)"
            ],
            "Plans": [
                {
                    "Node Type": "Gather",
                    "Parent Relationship": "Outer",
                    "Parallel Aware": false,
                    "Startup Cost": 32658.39,
                    "Total Cost": 32658.7,
                    "Plan Rows": 3,
                    "Plan Width": 8,
                    "Actual Startup Time": 88.697,
                    "Actual Total Time": 94.479,
                    "Actual Rows": 4,
                    "Actual Loops": 1,
                    "Output": [
                        "(PARTIAL count(*))"
                    ],
                    "Workers Planned": 3,
                    "Workers Launched": 3,
                    "Single Copy": false,
                    "Plans": [
                        {
                            "Node Type": "Aggregate",
                            "Strategy": "Plain",
                            "Partial Mode": "Partial",
                            "Parent Relationship": "Outer",
                            "Parallel Aware": false,
                            "Startup Cost": 31658.39,
                            "Total Cost": 31658.4,
                            "Plan Rows": 1,
                            "Plan Width": 8,
                            "Actual Startup Time": 80.464,
                            "Actual Total Time": 80.465,
                            "Actual Rows": 1,
                            "Actual Loops": 4,
                            "Output": [
                                "PARTIAL count(*)"
                            ],
                            "Workers": [
                                {
                                    "Worker Number": 0,
                                    "Actual Startup Time": 77.592,
                                    "Actual Total Time": 77.593,
                                    "Actual Rows": 1,
                                    "Actual Loops": 1
                                },
                                {
                                    "Worker Number": 1,
                                    "Actual Startup Time": 77.896,
                                    "Actual Total Time": 77.897,
                                    "Actual Rows": 1,
                                    "Actual Loops": 1
                                },
                                {
                                    "Worker Number": 2,
                                    "Actual Startup Time": 78.067,
                                    "Actual Total Time": 78.068,
                                    "Actual Rows": 1,
                                    "Actual Loops": 1
                                }
                            ],
                            "Plans": [
                                {
                                    "Node Type": "Seq Scan",
                                    "Parent Relationship": "Outer",
                                    "Parallel Aware": true,
                                    "Relation Name": "movie_companies",
                                    "Schema": "public",
                                    "Alias": "mc",
                                    "Startup Cost": 0.0,
                                    "Total Cost": 31414.82,
                                    "Plan Rows": 97427,
                                    "Plan Width": 0,
                                    "Actual Startup Time": 43.651,
                                    "Actual Total Time": 74.453,
                                    "Actual Rows": 148299,
                                    "Actual Loops": 4,
                                    "Output": [
                                        "id",
                                        "movie_id",
                                        "company_id",
                                        "company_type_id",
                                        "note"
                                    ],
                                    "Filter": "((mc.company_id > 69160) AND (mc.company_type_id > 1))",
                                    "Rows Removed by Filter": 503984,
                                    "Workers": [
                                        {
                                            "Worker Number": 0,
                                            "Actual Startup Time": 40.784,
                                            "Actual Total Time": 71.739,
                                            "Actual Rows": 141560,
                                            "Actual Loops": 1
                                        },
                                        {
                                            "Worker Number": 1,
                                            "Actual Startup Time": 41.089,
                                            "Actual Total Time": 72.152,
                                            "Actual Rows": 139020,
                                            "Actual Loops": 1
                                        },
                                        {
                                            "Worker Number": 2,
                                            "Actual Startup Time": 41.255,
                                            "Actual Total Time": 72.236,
                                            "Actual Rows": 141087,
                                            "Actual Loops": 1
                                        }
                                    ]
                                }
                            ]
                        }
                    ]
                }
            ]
        },
        "Planning Time": 205.564,
        "Triggers": [],
        "Execution Time": 94.57
    }
]