[
  {
    "Plan": {
      "Node Type": "Aggregate",
      "Strategy": "Plain",
      "Partial Mode": "Finalize",
      "Parallel Aware": false,
      "Startup Cost": 46390.32,
      "Total Cost": 46390.33,
      "Plan Rows": 1,
      "Plan Width": 8,
      "Actual Startup Time": 116.189,
      "Actual Total Time": 129.279,
      "Actual Rows": 1,
      "Actual Loops": 1,
      "Plans": [
        {
          "Node Type": "Gather",
          "Parent Relationship": "Outer",
          "Parallel Aware": false,
          "Startup Cost": 46389.9,
          "Total Cost": 46390.31,
          "Plan Rows": 4,
          "Plan Width": 8,
          "Actual Startup Time": 115.976,
          "Actual Total Time": 129.267,
          "Actual Rows": 5,
          "Actual Loops": 1,
          "Workers Planned": 4,
          "Workers Launched": 4,
          "Single Copy": false,
          "Plans": [
            {
              "Node Type": "Aggregate",
              "Strategy": "Plain",
              "Partial Mode": "Partial",
              "Parent Relationship": "Outer",
              "Parallel Aware": false,
              "Startup Cost": 45389.9,
              "Total Cost": 45389.91,
              "Plan Rows": 1,
              "Plan Width": 8,
              "Actual Startup Time": 109.207,
              "Actual Total Time": 109.209,
              "Actual Rows": 1,
              "Actual Loops": 5,
              "Plans": [
                {
                  "Node Type": "Seq Scan",
                  "Parent Relationship": "Outer",
                  "Parallel Aware": true,
                  "Relation Name": "title",
                  "Alias": "t",
                  "Startup Cost": 0.0,
                  "Total Cost": 43899.32,
                  "Plan Rows": 596230,
                  "Plan Width": 0,
                  "Actual Startup Time": 0.047,
                  "Actual Total Time": 88.671,
                  "Actual Rows": 476573,
                  "Actual Loops": 5,
                  "Filter": "(production_year > 1916)",
                  "Rows Removed by Filter": 29089
                }
              ]
            }
          ]
        }
      ]
    },
    "Planning Time": 0.151,
    "Triggers": [],
    "Execution Time": 129.337
  }
]