[
  {
    "Plan": {
      "Node Type": "Aggregate",
      "Strategy": "Plain",
      "Partial Mode": "Finalize",
      "Parallel Aware": false,
      "Startup Cost": 63480.58,
      "Total Cost": 63480.59,
      "Plan Rows": 1,
      "Plan Width": 8,
      "Actual Startup Time": 291.743,
      "Actual Total Time": 305.21,
      "Actual Rows": 1,
      "Actual Loops": 1,
      "Plans": [
        {
          "Node Type": "Gather",
          "Parent Relationship": "Outer",
          "Parallel Aware": false,
          "Startup Cost": 63480.37,
          "Total Cost": 63480.58,
          "Plan Rows": 2,
          "Plan Width": 8,
          "Actual Startup Time": 290.639,
          "Actual Total Time": 305.201,
          "Actual Rows": 3,
          "Actual Loops": 1,
          "Workers Planned": 2,
          "Workers Launched": 2,
          "Single Copy": false,
          "Plans": [
            {
              "Node Type": "Aggregate",
              "Strategy": "Plain",
              "Partial Mode": "Partial",
              "Parent Relationship": "Outer",
              "Parallel Aware": false,
              "Startup Cost": 62480.37,
              "Total Cost": 62480.38,
              "Plan Rows": 1,
              "Plan Width": 8,
              "Actual Startup Time": 282.424,
              "Actual Total Time": 282.427,
              "Actual Rows": 1,
              "Actual Loops": 3,
              "Plans": [
                {
                  "Node Type": "Hash Join",
                  "Parent Relationship": "Outer",
                  "Parallel Aware": true,
                  "Join Type": "Inner",
                  "Startup Cost": 46261.52,
                  "Total Cost": 62385.95,
                  "Plan Rows": 37766,
                  "Plan Width": 0,
                  "Actual Startup Time": 221.273,
                  "Actual Total Time": 278.843,
                  "Actual Rows": 76925,
                  "Actual Loops": 3,
                  "Inner Unique": true,
                  "Hash Cond": "(mi_idx.movie_id = t.id)",
                  "Plans": [
                    {
                      "Node Type": "Seq Scan",
                      "Parent Relationship": "Outer",
                      "Parallel Aware": true,
                      "Relation Name": "movie_info_idx",
                      "Alias": "mi_idx",
                      "Startup Cost": 0.0,
                      "Total Cost": 15122.68,
                      "Plan Rows": 381618,
                      "Plan Width": 4,
                      "Actual Startup Time": 0.017,
                      "Actual Total Time": 44.644,
                      "Actual Rows": 306617,
                      "Actual Loops": 3,
                      "Filter": "(info_type_id < 101)",
                      "Rows Removed by Filter": 153395
                    },
                    {
                      "Node Type": "Hash",
                      "Parent Relationship": "Inner",
                      "Parallel Aware": true,
                      "Startup Cost": 45479.59,
                      "Total Cost": 45479.59,
                      "Plan Rows": 62555,
                      "Plan Width": 4,
                      "Actual Startup Time": 186.317,
                      "Actual Total Time": 186.318,
                      "Actual Rows": 122206,
                      "Actual Loops": 3,
                      "Hash Buckets": 524288,
                      "Original Hash Buckets": 262144,
                      "Hash Batches": 1,
                      "Original Hash Batches": 1,
                      "Peak Memory Usage": 20544,
                      "Plans": [
                        {
                          "Node Type": "Seq Scan",
                          "Parent Relationship": "Outer",
                          "Parallel Aware": true,
                          "Relation Name": "title",
                          "Alias": "t",
                          "Startup Cost": 0.0,
                          "Total Cost": 45479.59,
                          "Plan Rows": 62555,
                          "Plan Width": 4,
                          "Actual Startup Time": 74.399,
                          "Actual Total Time": 131.149,
                          "Actual Rows": 122206,
                          "Actual Loops": 3,
                          "Filter": "((production_year < 1999) AND (kind_id = 1))",
                          "Rows Removed by Filter": 720565
                        }
                      ]
                    }
                  ]
                }
              ]
            }
          ]
        }
      ]
    },
    "Planning Time": 0.656,
    "Triggers": [],
    "Execution Time": 305.279
  }
]