[
  {
    "Plan": {
      "Node Type": "Aggregate",
      "Strategy": "Plain",
      "Partial Mode": "Finalize",
      "Parallel Aware": false,
      "Startup Cost": 41906.75,
      "Total Cost": 41906.76,
      "Plan Rows": 1,
      "Plan Width": 8,
      "Actual Startup Time": 178.05,
      "Actual Total Time": 205.711,
      "Actual Rows": 1,
      "Actual Loops": 1,
      "Plans": [
        {
          "Node Type": "Gather",
          "Parent Relationship": "Outer",
          "Parallel Aware": false,
          "Startup Cost": 41906.53,
          "Total Cost": 41906.74,
          "Plan Rows": 2,
          "Plan Width": 8,
          "Actual Startup Time": 177.857,
          "Actual Total Time": 205.701,
          "Actual Rows": 3,
          "Actual Loops": 1,
          "Workers Planned": 2,
          "Workers Launched": 2,
          "Single Copy": false,
          "Plans": [
            {
              "Node Type": "Aggregate",
              "Strategy": "Plain",
              "Partial Mode": "Partial",
              "Parent Relationship": "Outer",
              "Parallel Aware": false,
              "Startup Cost": 40906.53,
              "Total Cost": 40906.54,
              "Plan Rows": 1,
              "Plan Width": 8,
              "Actual Startup Time": 171.339,
              "Actual Total Time": 171.342,
              "Actual Rows": 1,
              "Actual Loops": 3,
              "Plans": [
                {
                  "Node Type": "Nested Loop",
                  "Parent Relationship": "Outer",
                  "Parallel Aware": false,
                  "Join Type": "Inner",
                  "Startup Cost": 163.73,
                  "Total Cost": 40888.52,
                  "Plan Rows": 7204,
                  "Plan Width": 0,
                  "Actual Startup Time": 3.165,
                  "Actual Total Time": 163.932,
                  "Actual Rows": 143524,
                  "Actual Loops": 3,
                  "Inner Unique": false,
                  "Plans": [
                    {
                      "Node Type": "Nested Loop",
                      "Parent Relationship": "Outer",
                      "Parallel Aware": false,
                      "Join Type": "Inner",
                      "Startup Cost": 163.3,
                      "Total Cost": 37855.05,
                      "Plan Rows": 1232,
                      "Plan Width": 8,
                      "Actual Startup Time": 3.0,
                      "Actual Total Time": 34.784,
                      "Actual Rows": 1949,
                      "Actual Loops": 3,
                      "Inner Unique": true,
                      "Plans": [
                        {
                          "Node Type": "Bitmap Heap Scan",
                          "Parent Relationship": "Outer",
                          "Parallel Aware": true,
                          "Relation Name": "movie_keyword",
                          "Alias": "mk",
                          "Startup Cost": 162.87,
                          "Total Cost": 16204.0,
                          "Plan Rows": 3142,
                          "Plan Width": 4,
                          "Actual Startup Time": 2.755,
                          "Actual Total Time": 12.409,
                          "Actual Rows": 2260,
                          "Actual Loops": 3,
                          "Recheck Cond": "(keyword_id = 1135)",
                          "Rows Removed by Index Recheck": 0,
                          "Exact Heap Blocks": 2942,
                          "Lossy Heap Blocks": 0,
                          "Plans": [
                            {
                              "Node Type": "Bitmap Index Scan",
                              "Parent Relationship": "Outer",
                              "Parallel Aware": false,
                              "Index Name": "keyword_id_movie_keyword",
                              "Startup Cost": 0.0,
                              "Total Cost": 160.98,
                              "Plan Rows": 7540,
                              "Plan Width": 0,
                              "Actual Startup Time": 5.464,
                              "Actual Total Time": 5.465,
                              "Actual Rows": 6780,
                              "Actual Loops": 1,
                              "Index Cond": "(keyword_id = 1135)"
                            }
                          ]
                        },
                        {
                          "Node Type": "Index Scan",
                          "Parent Relationship": "Inner",
                          "Parallel Aware": false,
                          "Scan Direction": "Forward",
                          "Index Name": "title_pkey",
                          "Relation Name": "title",
                          "Alias": "t",
                          "Startup Cost": 0.43,
                          "Total Cost": 6.89,
                          "Plan Rows": 1,
                          "Plan Width": 4,
                          "Actual Startup Time": 0.009,
                          "Actual Total Time": 0.009,
                          "Actual Rows": 1,
                          "Actual Loops": 6780,
                          "Index Cond": "(id = mk.movie_id)",
                          "Rows Removed by Index Recheck": 0,
                          "Filter": "(kind_id < 7)",
                          "Rows Removed by Filter": 0
                        }
                      ]
                    },
                    {
                      "Node Type": "Index Only Scan",
                      "Parent Relationship": "Inner",
                      "Parallel Aware": false,
                      "Scan Direction": "Forward",
                      "Index Name": "movie_id_movie_info",
                      "Relation Name": "movie_info",
                      "Alias": "mi",
                      "Startup Cost": 0.43,
                      "Total Cost": 2.04,
                      "Plan Rows": 42,
                      "Plan Width": 4,
                      "Actual Startup Time": 0.013,
                      "Actual Total Time": 0.06,
                      "Actual Rows": 74,
                      "Actual Loops": 5846,
                      "Index Cond": "(movie_id = t.id)",
                      "Rows Removed by Index Recheck": 0,
                      "Heap Fetches": 430571
                    }
                  ]
                }
              ]
            }
          ]
        }
      ]
    },
    "Planning Time": 1.255,
    "Triggers": [],
    "Execution Time": 205.825
  }
]