[
  {
    "Plan": {
      "Node Type": "Aggregate",
      "Strategy": "Plain",
      "Partial Mode": "Finalize",
      "Parallel Aware": false,
      "Startup Cost": 342783.54,
      "Total Cost": 342783.55,
      "Plan Rows": 1,
      "Plan Width": 8,
      "Actual Startup Time": 875.085,
      "Actual Total Time": 930.15,
      "Actual Rows": 1,
      "Actual Loops": 1,
      "Plans": [
        {
          "Node Type": "Gather",
          "Parent Relationship": "Outer",
          "Parallel Aware": false,
          "Startup Cost": 342782.91,
          "Total Cost": 342783.52,
          "Plan Rows": 6,
          "Plan Width": 8,
          "Actual Startup Time": 874.95,
          "Actual Total Time": 930.139,
          "Actual Rows": 7,
          "Actual Loops": 1,
          "Workers Planned": 6,
          "Workers Launched": 6,
          "Single Copy": false,
          "Plans": [
            {
              "Node Type": "Aggregate",
              "Strategy": "Plain",
              "Partial Mode": "Partial",
              "Parent Relationship": "Outer",
              "Parallel Aware": false,
              "Startup Cost": 341782.91,
              "Total Cost": 341782.92,
              "Plan Rows": 1,
              "Plan Width": 8,
              "Actual Startup Time": 864.726,
              "Actual Total Time": 864.727,
              "Actual Rows": 1,
              "Actual Loops": 7,
              "Plans": [
                {
                  "Node Type": "Seq Scan",
                  "Parent Relationship": "Outer",
                  "Parallel Aware": true,
                  "Relation Name": "cast_info",
                  "Alias": "ci",
                  "Startup Cost": 0.0,
                  "Total Cost": 328162.03,
                  "Plan Rows": 5448355,
                  "Plan Width": 0,
                  "Actual Startup Time": 53.422,
                  "Actual Total Time": 661.078,
                  "Actual Rows": 4655281,
                  "Actual Loops": 7,
                  "Filter": "(person_id > 350341)",
                  "Rows Removed by Filter": 522483
                }
              ]
            }
          ]
        }
      ]
    },
    "Planning Time": 0.175,
    "Triggers": [],
    "Execution Time": 930.217
  }
]