[
    {
        "Bao": {
            "Bao prediction": "NaN",
            "Bao recommended hint": "(no hint)"
        }
    },
    {
        "Plan": {
            "Node Type": "Aggregate",
            "Strategy": "Plain",
            "Partial Mode": "Finalize",
            "Parallel Aware": false,
            "Startup Cost": 247894.94,
            "Total Cost": 247894.95,
            "Plan Rows": 1,
            "Plan Width": 8,
            "Actual Startup Time": 670.569,
            "Actual Total Time": 699.73,
            "Actual Rows": 1,
            "Actual Loops": 1,
            "Output": [
                "count(*)"
            ],
            "Plans": [
                {
                    "Node Type": "Gather",
                    "Parent Relationship": "Outer",
                    "Parallel Aware": false,
                    "Startup Cost": 247894.42,
                    "Total Cost": 247894.93,
                    "Plan Rows": 5,
                    "Plan Width": 8,
                    "Actual Startup Time": 664.437,
                    "Actual Total Time": 699.71,
                    "Actual Rows": 6,
                    "Actual Loops": 1,
                    "Output": [
                        "(PARTIAL count(*))"
                    ],
                    "Workers Planned": 5,
                    "Workers Launched": 5,
                    "Single Copy": false,
                    "Plans": [
                        {
                            "Node Type": "Aggregate",
                            "Strategy": "Plain",
                            "Partial Mode": "Partial",
                            "Parent Relationship": "Outer",
                            "Parallel Aware": false,
                            "Startup Cost": 246894.42,
                            "Total Cost": 246894.43,
                            "Plan Rows": 1,
                            "Plan Width": 8,
                            "Actual Startup Time": 654.429,
                            "Actual Total Time": 654.436,
                            "Actual Rows": 1,
                            "Actual Loops": 6,
                            "Output": [
                                "PARTIAL count(*)"
                            ],
                            "Workers": [
                                {
                                    "Worker Number": 0,
                                    "Actual Startup Time": 651.496,
                                    "Actual Total Time": 651.501,
                                    "Actual Rows": 1,
                                    "Actual Loops": 1
                                },
                                {
                                    "Worker Number": 1,
                                    "Actual Startup Time": 652.422,
                                    "Actual Total Time": 652.428,
                                    "Actual Rows": 1,
                                    "Actual Loops": 1
                                },
                                {
                                    "Worker Number": 2,
                                    "Actual Startup Time": 652.944,
                                    "Actual Total Time": 652.948,
                                    "Actual Rows": 1,
                                    "Actual Loops": 1
                                },
                                {
                                    "Worker Number": 3,
                                    "Actual Startup Time": 652.741,
                                    "Actual Total Time": 652.747,
                                    "Actual Rows": 1,
                                    "Actual Loops": 1
                                },
                                {
                                    "Worker Number": 4,
                                    "Actual Startup Time": 653.01,
                                    "Actual Total Time": 653.016,
                                    "Actual Rows": 1,
                                    "Actual Loops": 1
                                }
                            ],
                            "Plans": [
                                {
                                    "Node Type": "Hash Join",
                                    "Parent Relationship": "Outer",
                                    "Parallel Aware": true,
                                    "Join Type": "Inner",
                                    "Startup Cost": 46675.11,
                                    "Total Cost": 246725.77,
                                    "Plan Rows": 67459,
                                    "Plan Width": 0,
                                    "Actual Startup Time": 163.35,
                                    "Actual Total Time": 642.194,
                                    "Actual Rows": 172124,
                                    "Actual Loops": 6,
                                    "Inner Unique": true,
                                    "Hash Cond": "(mi.movie_id = t.id)",
                                    "Workers": [
                                        {
                                            "Worker Number": 0,
                                            "Actual Startup Time": 160.544,
                                            "Actual Total Time": 640.09,
                                            "Actual Rows": 155402,
                                            "Actual Loops": 1
                                        },
                                        {
                                            "Worker Number": 1,
                                            "Actual Startup Time": 161.437,
                                            "Actual Total Time": 640.013,
                                            "Actual Rows": 169795,
                                            "Actual Loops": 1
                                        },
                                        {
                                            "Worker Number": 2,
                                            "Actual Startup Time": 161.318,
                                            "Actual Total Time": 640.668,
                                            "Actual Rows": 167444,
                                            "Actual Loops": 1
                                        },
                                        {
                                            "Worker Number": 3,
                                            "Actual Startup Time": 161.753,
                                            "Actual Total Time": 640.481,
                                            "Actual Rows": 167007,
                                            "Actual Loops": 1
                                        },
                                        {
                                            "Worker Number": 4,
                                            "Actual Startup Time": 162.044,
                                            "Actual Total Time": 640.703,
                                            "Actual Rows": 165196,
                                            "Actual Loops": 1
                                        }
                                    ],
                                    "Plans": [
                                        {
                                            "Node Type": "Seq Scan",
                                            "Parent Relationship": "Outer",
                                            "Parallel Aware": true,
                                            "Relation Name": "movie_info",
                                            "Schema": "public",
                                            "Alias": "mi",
                                            "Startup Cost": 0.0,
                                            "Total Cost": 198880.74,
                                            "Plan Rows": 445687,
                                            "Plan Width": 4,
                                            "Actual Startup Time": 20.191,
                                            "Actual Total Time": 404.545,
                                            "Actual Rows": 372308,
                                            "Actual Loops": 6,
                                            "Output": [
                                                "mi.id",
                                                "mi.movie_id",
                                                "mi.info_type_id",
                                                "mi.info",
                                                "mi.note"
                                            ],
                                            "Filter": "(mi.info_type_id > 16)",
                                            "Rows Removed by Filter": 2100312,
                                            "Workers": [
                                                {
                                                    "Worker Number": 0,
                                                    "Actual Startup Time": 20.221,
                                                    "Actual Total Time": 409.902,
                                                    "Actual Rows": 329516,
                                                    "Actual Loops": 1
                                                },
                                                {
                                                    "Worker Number": 1,
                                                    "Actual Startup Time": 20.131,
                                                    "Actual Total Time": 408.641,
                                                    "Actual Rows": 365548,
                                                    "Actual Loops": 1
                                                },
                                                {
                                                    "Worker Number": 2,
                                                    "Actual Startup Time": 20.198,
                                                    "Actual Total Time": 408.633,
                                                    "Actual Rows": 361859,
                                                    "Actual Loops": 1
                                                },
                                                {
                                                    "Worker Number": 3,
                                                    "Actual Startup Time": 20.158,
                                                    "Actual Total Time": 408.519,
                                                    "Actual Rows": 357847,
                                                    "Actual Loops": 1
                                                },
                                                {
                                                    "Worker Number": 4,
                                                    "Actual Startup Time": 20.137,
                                                    "Actual Total Time": 408.484,
                                                    "Actual Rows": 355847,
                                                    "Actual Loops": 1
                                                }
                                            ]
                                        },
                                        {
                                            "Node Type": "Hash",
                                            "Parent Relationship": "Inner",
                                            "Parallel Aware": true,
                                            "Startup Cost": 45479.21,
                                            "Total Cost": 45479.21,
                                            "Plan Rows": 95672,
                                            "Plan Width": 4,
                                            "Actual Startup Time": 123.082,
                                            "Actual Total Time": 123.084,
                                            "Actual Rows": 73338,
                                            "Actual Loops": 6,
                                            "Output": [
                                                "t.id"
                                            ],
                                            "Hash Buckets": 524288,
                                            "Original Hash Buckets": 524288,
                                            "Hash Batches": 1,
                                            "Original Hash Batches": 1,
                                            "Peak Memory Usage": 21440,
                                            "Workers": [
                                                {
                                                    "Worker Number": 0,
                                                    "Actual Startup Time": 121.391,
                                                    "Actual Total Time": 121.393,
                                                    "Actual Rows": 62997,
                                                    "Actual Loops": 1
                                                },
                                                {
                                                    "Worker Number": 1,
                                                    "Actual Startup Time": 122.441,
                                                    "Actual Total Time": 122.443,
                                                    "Actual Rows": 72193,
                                                    "Actual Loops": 1
                                                },
                                                {
                                                    "Worker Number": 2,
                                                    "Actual Startup Time": 122.269,
                                                    "Actual Total Time": 122.271,
                                                    "Actual Rows": 72944,
                                                    "Actual Loops": 1
                                                },
                                                {
                                                    "Worker Number": 3,
                                                    "Actual Startup Time": 122.808,
                                                    "Actual Total Time": 122.81,
                                                    "Actual Rows": 71887,
                                                    "Actual Loops": 1
                                                },
                                                {
                                                    "Worker Number": 4,
                                                    "Actual Startup Time": 123.013,
                                                    "Actual Total Time": 123.015,
                                                    "Actual Rows": 70833,
                                                    "Actual Loops": 1
                                                }
                                            ],
                                            "Plans": [
                                                {
                                                    "Node Type": "Seq Scan",
                                                    "Parent Relationship": "Outer",
                                                    "Parallel Aware": true,
                                                    "Relation Name": "title",
                                                    "Schema": "public",
                                                    "Alias": "t",
                                                    "Startup Cost": 0.0,
                                                    "Total Cost": 45479.21,
                                                    "Plan Rows": 95672,
                                                    "Plan Width": 4,
                                                    "Actual Startup Time": 50.829,
                                                    "Actual Total Time": 91.986,
                                                    "Actual Rows": 73338,
                                                    "Actual Loops": 6,
                                                    "Output": [
                                                        "t.id"
                                                    ],
                                                    "Filter": "((t.kind_id < 2) AND (t.production_year < 2006))",
                                                    "Rows Removed by Filter": 348047,
                                                    "Workers": [
                                                        {
                                                            "Worker Number": 0,
                                                            "Actual Startup Time": 49.335,
                                                            "Actual Total Time": 89.071,
                                                            "Actual Rows": 62997,
                                                            "Actual Loops": 1
                                                        },
                                                        {
                                                            "Worker Number": 1,
                                                            "Actual Startup Time": 50.366,
                                                            "Actual Total Time": 92.308,
                                                            "Actual Rows": 72193,
                                                            "Actual Loops": 1
                                                        },
                                                        {
                                                            "Worker Number": 2,
                                                            "Actual Startup Time": 49.937,
                                                            "Actual Total Time": 92.526,
                                                            "Actual Rows": 72944,
                                                            "Actual Loops": 1
                                                        },
                                                        {
                                                            "Worker Number": 3,
                                                            "Actual Startup Time": 50.59,
                                                            "Actual Total Time": 92.828,
                                                            "Actual Rows": 71887,
                                                            "Actual Loops": 1
                                                        },
                                                        {
                                                            "Worker Number": 4,
                                                            "Actual Startup Time": 50.655,
                                                            "Actual Total Time": 92.664,
                                                            "Actual Rows": 70833,
                                                            "Actual Loops": 1
                                                        }
                                                    ]
                                                }
                                            ]
                                        }
                                    ]
                                }
                            ]
                        }
                    ]
                }
            ]
        },
        "Planning Time": 289.301,
        "Triggers": [],
        "Execution Time": 699.814
    }
]