[
    {
        "Bao": {
            "Bao prediction": "NaN",
            "Bao recommended hint": "(no hint)"
        }
    },
    {
        "Plan": {
            "Node Type": "Aggregate",
            "Strategy": "Plain",
            "Partial Mode": "Finalize",
            "Parallel Aware": false,
            "Startup Cost": 32938.98,
            "Total Cost": 32938.99,
            "Plan Rows": 1,
            "Plan Width": 8,
            "Actual Startup Time": 100.438,
            "Actual Total Time": 106.668,
            "Actual Rows": 1,
            "Actual Loops": 1,
            "Output": [
                "count(*)"
            ],
            "Plans": [
                {
                    "Node Type": "Gather",
                    "Parent Relationship": "Outer",
                    "Parallel Aware": false,
                    "Startup Cost": 32938.66,
                    "Total Cost": 32938.97,
                    "Plan Rows": 3,
                    "Plan Width": 8,
                    "Actual Startup Time": 100.349,
                    "Actual Total Time": 106.659,
                    "Actual Rows": 4,
                    "Actual Loops": 1,
                    "Output": [
                        "(PARTIAL count(*))"
                    ],
                    "Workers Planned": 3,
                    "Workers Launched": 3,
                    "Single Copy": false,
                    "Plans": [
                        {
                            "Node Type": "Aggregate",
                            "Strategy": "Plain",
                            "Partial Mode": "Partial",
                            "Parent Relationship": "Outer",
                            "Parallel Aware": false,
                            "Startup Cost": 31938.66,
                            "Total Cost": 31938.67,
                            "Plan Rows": 1,
                            "Plan Width": 8,
                            "Actual Startup Time": 92.314,
                            "Actual Total Time": 92.315,
                            "Actual Rows": 1,
                            "Actual Loops": 4,
                            "Output": [
                                "PARTIAL count(*)"
                            ],
                            "Workers": [
                                {
                                    "Worker Number": 0,
                                    "Actual Startup Time": 89.608,
                                    "Actual Total Time": 89.609,
                                    "Actual Rows": 1,
                                    "Actual Loops": 1
                                },
                                {
                                    "Worker Number": 1,
                                    "Actual Startup Time": 89.546,
                                    "Actual Total Time": 89.547,
                                    "Actual Rows": 1,
                                    "Actual Loops": 1
                                },
                                {
                                    "Worker Number": 2,
                                    "Actual Startup Time": 90.081,
                                    "Actual Total Time": 90.082,
                                    "Actual Rows": 1,
                                    "Actual Loops": 1
                                }
                            ],
                            "Plans": [
                                {
                                    "Node Type": "Seq Scan",
                                    "Parent Relationship": "Outer",
                                    "Parallel Aware": true,
                                    "Relation Name": "movie_companies",
                                    "Schema": "public",
                                    "Alias": "mc",
                                    "Startup Cost": 0.0,
                                    "Total Cost": 31414.82,
                                    "Plan Rows": 209536,
                                    "Plan Width": 0,
                                    "Actual Startup Time": 46.244,
                                    "Actual Total Time": 82.093,
                                    "Actual Rows": 224828,
                                    "Actual Loops": 4,
                                    "Output": [
                                        "id",
                                        "movie_id",
                                        "company_id",
                                        "company_type_id",
                                        "note"
                                    ],
                                    "Filter": "((mc.company_id > 11390) AND (mc.company_type_id > 1))",
                                    "Rows Removed by Filter": 427454,
                                    "Workers": [
                                        {
                                            "Worker Number": 0,
                                            "Actual Startup Time": 43.537,
                                            "Actual Total Time": 79.767,
                                            "Actual Rows": 241347,
                                            "Actual Loops": 1
                                        },
                                        {
                                            "Worker Number": 1,
                                            "Actual Startup Time": 43.483,
                                            "Actual Total Time": 79.913,
                                            "Actual Rows": 235938,
                                            "Actual Loops": 1
                                        },
                                        {
                                            "Worker Number": 2,
                                            "Actual Startup Time": 44.004,
                                            "Actual Total Time": 80.183,
                                            "Actual Rows": 244011,
                                            "Actual Loops": 1
                                        }
                                    ]
                                }
                            ]
                        }
                    ]
                }
            ]
        },
        "Planning Time": 266.525,
        "Triggers": [],
        "Execution Time": 106.723
    }
]