{
  "Plan": {
    "Node Type": "Aggregate",
    "Strategy": "Plain",
    "Partial Mode": "Finalize",
    "Parallel Aware": false,
    "Startup Cost": 96896.51,
    "Total Cost": 96896.52,
    "Plan Rows": 1,
    "Plan Width": 8,
    "Actual Startup Time": 448.357,
    "Actual Total Time": 467.895,
    "Actual Rows": 1,
    "Actual Loops": 1,
    "Plans": [
      {
        "Node Type": "Gather",
        "Parent Relationship": "Outer",
        "Parallel Aware": false,
        "Startup Cost": 96896.4,
        "Total Cost": 96896.51,
        "Plan Rows": 1,
        "Plan Width": 8,
        "Actual Startup Time": 445.43,
        "Actual Total Time": 467.885,
        "Actual Rows": 2,
        "Actual Loops": 1,
        "Workers Planned": 1,
        "Workers Launched": 1,
        "Single Copy": false,
        "Plans": [
          {
            "Node Type": "Aggregate",
            "Strategy": "Plain",
            "Partial Mode": "Partial",
            "Parent Relationship": "Outer",
            "Parallel Aware": false,
            "Startup Cost": 95896.4,
            "Total Cost": 95896.41,
            "Plan Rows": 1,
            "Plan Width": 8,
            "Actual Startup Time": 439.395,
            "Actual Total Time": 439.4,
            "Actual Rows": 1,
            "Actual Loops": 2,
            "Plans": [
              {
                "Node Type": "Hash Join",
                "Parent Relationship": "Outer",
                "Parallel Aware": true,
                "Join Type": "Inner",
                "Startup Cost": 68201.54,
                "Total Cost": 95724.62,
                "Plan Rows": 68714,
                "Plan Width": 0,
                "Actual Startup Time": 312.023,
                "Actual Total Time": 432.002,
                "Actual Rows": 142194,
                "Actual Loops": 2,
                "Inner Unique": true,
                "Hash Cond": "(mk.movie_id = t.id)",
                "Plans": [
                  {
                    "Node Type": "Bitmap Heap Scan",
                    "Parent Relationship": "Outer",
                    "Parallel Aware": true,
                    "Relation Name": "movie_keyword",
                    "Alias": "mk",
                    "Startup Cost": 7317.83,
                    "Total Cost": 34308.25,
                    "Plan Rows": 202914,
                    "Plan Width": 4,
                    "Actual Startup Time": 23.505,
                    "Actual Total Time": 87.436,
                    "Actual Rows": 181846,
                    "Actual Loops": 2,
                    "Recheck Cond": "(keyword_id < 335)",
                    "Rows Removed by Index Recheck": 0,
                    "Exact Heap Blocks": 16238,
                    "Lossy Heap Blocks": 0,
                    "Plans": [
                      {
                        "Node Type": "Bitmap Index Scan",
                        "Parent Relationship": "Outer",
                        "Parallel Aware": false,
                        "Index Name": "keyword_id_movie_keyword",
                        "Startup Cost": 0.0,
                        "Total Cost": 7231.59,
                        "Plan Rows": 344954,
                        "Plan Width": 0,
                        "Actual Startup Time": 20.026,
                        "Actual Total Time": 20.027,
                        "Actual Rows": 363692,
                        "Actual Loops": 1,
                        "Index Cond": "(keyword_id < 335)"
                      }
                    ]
                  },
                  {
                    "Node Type": "Hash",
                    "Parent Relationship": "Inner",
                    "Parallel Aware": true,
                    "Startup Cost": 54588.39,
                    "Total Cost": 54588.39,
                    "Plan Rows": 503626,
                    "Plan Width": 4,
                    "Actual Startup Time": 279.515,
                    "Actual Total Time": 279.515,
                    "Actual Rows": 427107,
                    "Actual Loops": 2,
                    "Hash Buckets": 1048576,
                    "Original Hash Buckets": 1048576,
                    "Hash Batches": 1,
                    "Original Hash Batches": 1,
                    "Peak Memory Usage": 41632,
                    "Plans": [
                      {
                        "Node Type": "Seq Scan",
                        "Parent Relationship": "Outer",
                        "Parallel Aware": true,
                        "Relation Name": "title",
                        "Alias": "t",
                        "Startup Cost": 0.0,
                        "Total Cost": 54588.39,
                        "Plan Rows": 503626,
                        "Plan Width": 4,
                        "Actual Startup Time": 0.04,
                        "Actual Total Time": 168.744,
                        "Actual Rows": 427107,
                        "Actual Loops": 2,
                        "Filter": "(kind_id < 4)",
                        "Rows Removed by Filter": 837049
                      }
                    ]
                  }
                ]
              }
            ]
          }
        ]
      }
    ]
  },
  "Planning Time": 0.591,
  "Triggers": [],
  "Execution Time": 467.987
}