{
    "Plan": {
        "Node Type": "Aggregate",
        "Strategy": "Plain",
        "Partial Mode": "Simple",
        "Parallel Aware": false,
        "Startup Cost": 20002335650.21,
        "Total Cost": 20002335650.22,
        "Plan Rows": 1,
        "Plan Width": 8,
        "Actual Startup Time": 36948.837,
        "Actual Total Time": 36948.84,
        "Actual Rows": 1,
        "Actual Loops": 1,
        "Output": [
            "count(*)"
        ],
        "Plans": [
            {
                "Node Type": "Hash Join",
                "Parent Relationship": "Outer",
                "Parallel Aware": false,
                "Join Type": "Inner",
                "Startup Cost": 20000129310.13,
                "Total Cost": 20002299382.95,
                "Plan Rows": 14506906,
                "Plan Width": 0,
                "Actual Startup Time": 1813.735,
                "Actual Total Time": 36284.255,
                "Actual Rows": 15981237,
                "Actual Loops": 1,
                "Inner Unique": true,
                "Hash Cond": "(ci.movie_id = t.id)",
                "Plans": [
                    {
                        "Node Type": "Index Scan",
                        "Parent Relationship": "Outer",
                        "Parallel Aware": false,
                        "Scan Direction": "Forward",
                        "Index Name": "movie_id_cast_info",
                        "Relation Name": "cast_info",
                        "Schema": "public",
                        "Alias": "ci",
                        "Startup Cost": 10000000000.57,
                        "Total Cost": 10002074909.69,
                        "Plan Rows": 36252776,
                        "Plan Width": 4,
                        "Actual Startup Time": 0.082,
                        "Actual Total Time": 29507.21,
                        "Actual Rows": 36244344,
                        "Actual Loops": 1,
                        "Output": [
                            "ci.id",
                            "ci.person_id",
                            "ci.movie_id",
                            "ci.person_role_id",
                            "ci.note",
                            "ci.nr_order",
                            "ci.role_id"
                        ]
                    },
                    {
                        "Node Type": "Hash",
                        "Parent Relationship": "Inner",
                        "Parallel Aware": false,
                        "Startup Cost": 10000116662.9,
                        "Total Cost": 10000116662.9,
                        "Plan Rows": 1011733,
                        "Plan Width": 4,
                        "Actual Startup Time": 1803.066,
                        "Actual Total Time": 1803.067,
                        "Actual Rows": 1012920,
                        "Actual Loops": 1,
                        "Output": [
                            "t.id"
                        ],
                        "Hash Buckets": 1048576,
                        "Original Hash Buckets": 1048576,
                        "Hash Batches": 1,
                        "Original Hash Batches": 1,
                        "Peak Memory Usage": 43803,
                        "Plans": [
                            {
                                "Node Type": "Index Scan",
                                "Parent Relationship": "Outer",
                                "Parallel Aware": false,
                                "Scan Direction": "Forward",
                                "Index Name": "title_pkey",
                                "Relation Name": "title",
                                "Schema": "public",
                                "Alias": "t",
                                "Startup Cost": 10000000000.43,
                                "Total Cost": 10000116662.9,
                                "Plan Rows": 1011733,
                                "Plan Width": 4,
                                "Actual Startup Time": 0.135,
                                "Actual Total Time": 1526.596,
                                "Actual Rows": 1012920,
                                "Actual Loops": 1,
                                "Output": [
                                    "t.id"
                                ],
                                "Filter": "(t.production_year > 2005)",
                                "Rows Removed by Filter": 1515392
                            }
                        ]
                    }
                ]
            }
        ]
    },
    "Planning Time": 2.857,
    "Triggers": [],
    "Execution Time": 36950.011
}