{
  "Plan": {
    "Node Type": "Aggregate",
    "Strategy": "Plain",
    "Partial Mode": "Finalize",
    "Parallel Aware": false,
    "Startup Cost": 444084.08,
    "Total Cost": 444084.09,
    "Plan Rows": 1,
    "Plan Width": 8,
    "Actual Startup Time": 5539.488,
    "Actual Total Time": 5595.581,
    "Actual Rows": 1,
    "Actual Loops": 1,
    "Plans": [
      {
        "Node Type": "Gather",
        "Parent Relationship": "Outer",
        "Parallel Aware": false,
        "Startup Cost": 444083.96,
        "Total Cost": 444084.07,
        "Plan Rows": 1,
        "Plan Width": 8,
        "Actual Startup Time": 5531.833,
        "Actual Total Time": 5595.57,
        "Actual Rows": 2,
        "Actual Loops": 1,
        "Workers Planned": 1,
        "Workers Launched": 1,
        "Single Copy": false,
        "Plans": [
          {
            "Node Type": "Aggregate",
            "Strategy": "Plain",
            "Partial Mode": "Partial",
            "Parent Relationship": "Outer",
            "Parallel Aware": false,
            "Startup Cost": 443083.96,
            "Total Cost": 443083.97,
            "Plan Rows": 1,
            "Plan Width": 8,
            "Actual Startup Time": 5525.947,
            "Actual Total Time": 5526.267,
            "Actual Rows": 1,
            "Actual Loops": 2,
            "Plans": [
              {
                "Node Type": "Hash Join",
                "Parent Relationship": "Outer",
                "Parallel Aware": true,
                "Join Type": "Inner",
                "Startup Cost": 132116.6,
                "Total Cost": 434315.37,
                "Plan Rows": 3507439,
                "Plan Width": 0,
                "Actual Startup Time": 896.66,
                "Actual Total Time": 4452.871,
                "Actual Rows": 27397594,
                "Actual Loops": 2,
                "Inner Unique": false,
                "Hash Cond": "(mi.movie_id = t.id)",
                "Plans": [
                  {
                    "Node Type": "Seq Scan",
                    "Parent Relationship": "Outer",
                    "Parallel Aware": true,
                    "Relation Name": "movie_info",
                    "Alias": "mi",
                    "Startup Cost": 0.0,
                    "Total Cost": 248955.74,
                    "Plan Rows": 8696274,
                    "Plan Width": 4,
                    "Actual Startup Time": 0.017,
                    "Actual Total Time": 616.055,
                    "Actual Rows": 7417860,
                    "Actual Loops": 2
                  },
                  {
                    "Node Type": "Hash",
                    "Parent Relationship": "Inner",
                    "Parallel Aware": true,
                    "Startup Cost": 124618.6,
                    "Total Cost": 124618.6,
                    "Plan Rows": 599840,
                    "Plan Width": 8,
                    "Actual Startup Time": 886.47,
                    "Actual Total Time": 886.788,
                    "Actual Rows": 506857,
                    "Actual Loops": 2,
                    "Hash Buckets": 1048576,
                    "Original Hash Buckets": 1048576,
                    "Hash Batches": 1,
                    "Original Hash Batches": 1,
                    "Peak Memory Usage": 47872,
                    "Plans": [
                      {
                        "Node Type": "Hash Join",
                        "Parent Relationship": "Outer",
                        "Parallel Aware": true,
                        "Join Type": "Inner",
                        "Startup Cost": 91092.02,
                        "Total Cost": 124618.6,
                        "Plan Rows": 599840,
                        "Plan Width": 8,
                        "Actual Startup Time": 578.25,
                        "Actual Total Time": 787.654,
                        "Actual Rows": 506857,
                        "Actual Loops": 2,
                        "Inner Unique": true,
                        "Hash Cond": "(mk.movie_id = t.id)",
                        "Plans": [
                          {
                            "Node Type": "Bitmap Heap Scan",
                            "Parent Relationship": "Outer",
                            "Parallel Aware": true,
                            "Relation Name": "movie_keyword",
                            "Alias": "mk",
                            "Startup Cost": 21631.32,
                            "Total Cost": 53583.32,
                            "Plan Rows": 599840,
                            "Plan Width": 4,
                            "Actual Startup Time": 60.078,
                            "Actual Total Time": 150.897,
                            "Actual Rows": 506857,
                            "Actual Loops": 2,
                            "Recheck Cond": "(keyword_id > 17839)",
                            "Rows Removed by Index Recheck": 0,
                            "Exact Heap Blocks": 12878,
                            "Lossy Heap Blocks": 0,
                            "Plans": [
                              {
                                "Node Type": "Bitmap Index Scan",
                                "Parent Relationship": "Outer",
                                "Parallel Aware": false,
                                "Index Name": "keyword_id_movie_keyword",
                                "Startup Cost": 0.0,
                                "Total Cost": 21376.39,
                                "Plan Rows": 1019728,
                                "Plan Width": 0,
                                "Actual Startup Time": 56.523,
                                "Actual Total Time": 56.524,
                                "Actual Rows": 1013714,
                                "Actual Loops": 1,
                                "Index Cond": "(keyword_id > 17839)"
                              }
                            ]
                          },
                          {
                            "Node Type": "Hash",
                            "Parent Relationship": "Inner",
                            "Parallel Aware": true,
                            "Startup Cost": 50870.31,
                            "Total Cost": 50870.31,
                            "Plan Rows": 1487231,
                            "Plan Width": 4,
                            "Actual Startup Time": 501.942,
                            "Actual Total Time": 501.943,
                            "Actual Rows": 1264156,
                            "Actual Loops": 2,
                            "Hash Buckets": 4194304,
                            "Original Hash Buckets": 4194304,
                            "Hash Batches": 1,
                            "Original Hash Batches": 1,
                            "Peak Memory Usage": 131712,
                            "Plans": [
                              {
                                "Node Type": "Seq Scan",
                                "Parent Relationship": "Outer",
                                "Parallel Aware": true,
                                "Relation Name": "title",
                                "Alias": "t",
                                "Startup Cost": 0.0,
                                "Total Cost": 50870.31,
                                "Plan Rows": 1487231,
                                "Plan Width": 4,
                                "Actual Startup Time": 0.035,
                                "Actual Total Time": 150.647,
                                "Actual Rows": 1264156,
                                "Actual Loops": 2
                              }
                            ]
                          }
                        ]
                      }
                    ]
                  }
                ]
              }
            ]
          }
        ]
      }
    ]
  },
  "Planning Time": 0.808,
  "Triggers": [],
  "Execution Time": 5595.687
}