[
  {
    "Plan": {
      "Node Type": "Aggregate",
      "Strategy": "Plain",
      "Partial Mode": "Finalize",
      "Parallel Aware": false,
      "Startup Cost": 17578.81,
      "Total Cost": 17578.82,
      "Plan Rows": 1,
      "Plan Width": 8,
      "Actual Startup Time": 14.651,
      "Actual Total Time": 17.526,
      "Actual Rows": 1,
      "Actual Loops": 1,
      "Plans": [
        {
          "Node Type": "Gather",
          "Parent Relationship": "Outer",
          "Parallel Aware": false,
          "Startup Cost": 17578.59,
          "Total Cost": 17578.8,
          "Plan Rows": 2,
          "Plan Width": 8,
          "Actual Startup Time": 14.391,
          "Actual Total Time": 17.515,
          "Actual Rows": 3,
          "Actual Loops": 1,
          "Workers Planned": 2,
          "Workers Launched": 2,
          "Single Copy": false,
          "Plans": [
            {
              "Node Type": "Aggregate",
              "Strategy": "Plain",
              "Partial Mode": "Partial",
              "Parent Relationship": "Outer",
              "Parallel Aware": false,
              "Startup Cost": 16578.59,
              "Total Cost": 16578.6,
              "Plan Rows": 1,
              "Plan Width": 8,
              "Actual Startup Time": 8.135,
              "Actual Total Time": 8.137,
              "Actual Rows": 1,
              "Actual Loops": 3,
              "Plans": [
                {
                  "Node Type": "Nested Loop",
                  "Parent Relationship": "Outer",
                  "Parallel Aware": false,
                  "Join Type": "Inner",
                  "Startup Cost": 87.38,
                  "Total Cost": 16576.46,
                  "Plan Rows": 852,
                  "Plan Width": 0,
                  "Actual Startup Time": 1.939,
                  "Actual Total Time": 8.039,
                  "Actual Rows": 388,
                  "Actual Loops": 3,
                  "Inner Unique": true,
                  "Plans": [
                    {
                      "Node Type": "Bitmap Heap Scan",
                      "Parent Relationship": "Outer",
                      "Parallel Aware": true,
                      "Relation Name": "movie_companies",
                      "Alias": "mc",
                      "Startup Cost": 86.95,
                      "Total Cost": 9819.15,
                      "Plan Rows": 852,
                      "Plan Width": 4,
                      "Actual Startup Time": 1.798,
                      "Actual Total Time": 2.724,
                      "Actual Rows": 388,
                      "Actual Loops": 3,
                      "Recheck Cond": "(company_id = 67)",
                      "Rows Removed by Index Recheck": 0,
                      "Filter": "(company_type_id = 2)",
                      "Rows Removed by Filter": 839,
                      "Exact Heap Blocks": 698,
                      "Lossy Heap Blocks": 0,
                      "Plans": [
                        {
                          "Node Type": "Bitmap Index Scan",
                          "Parent Relationship": "Outer",
                          "Parallel Aware": false,
                          "Index Name": "company_id_movie_companies",
                          "Startup Cost": 0.0,
                          "Total Cost": 86.44,
                          "Plan Rows": 4001,
                          "Plan Width": 0,
                          "Actual Startup Time": 2.588,
                          "Actual Total Time": 2.588,
                          "Actual Rows": 3681,
                          "Actual Loops": 1,
                          "Index Cond": "(company_id = 67)"
                        }
                      ]
                    },
                    {
                      "Node Type": "Index Only Scan",
                      "Parent Relationship": "Inner",
                      "Parallel Aware": false,
                      "Scan Direction": "Forward",
                      "Index Name": "title_pkey",
                      "Relation Name": "title",
                      "Alias": "t",
                      "Startup Cost": 0.43,
                      "Total Cost": 7.93,
                      "Plan Rows": 1,
                      "Plan Width": 4,
                      "Actual Startup Time": 0.013,
                      "Actual Total Time": 0.013,
                      "Actual Rows": 1,
                      "Actual Loops": 1164,
                      "Index Cond": "(id = mc.movie_id)",
                      "Rows Removed by Index Recheck": 0,
                      "Heap Fetches": 1164
                    }
                  ]
                }
              ]
            }
          ]
        }
      ]
    },
    "Planning Time": 0.645,
    "Triggers": [],
    "Execution Time": 17.612
  }
]