{
  "Plan": {
    "Node Type": "Aggregate",
    "Strategy": "Plain",
    "Partial Mode": "Finalize",
    "Parallel Aware": false,
    "Startup Cost": 103974.67,
    "Total Cost": 103974.68,
    "Plan Rows": 1,
    "Plan Width": 8,
    "Actual Startup Time": 671.558,
    "Actual Total Time": 685.486,
    "Actual Rows": 1,
    "Actual Loops": 1,
    "Plans": [
      {
        "Node Type": "Gather",
        "Parent Relationship": "Outer",
        "Parallel Aware": false,
        "Startup Cost": 103974.56,
        "Total Cost": 103974.67,
        "Plan Rows": 1,
        "Plan Width": 8,
        "Actual Startup Time": 669.555,
        "Actual Total Time": 685.477,
        "Actual Rows": 2,
        "Actual Loops": 1,
        "Workers Planned": 1,
        "Workers Launched": 1,
        "Single Copy": false,
        "Plans": [
          {
            "Node Type": "Aggregate",
            "Strategy": "Plain",
            "Partial Mode": "Partial",
            "Parent Relationship": "Outer",
            "Parallel Aware": false,
            "Startup Cost": 102974.56,
            "Total Cost": 102974.57,
            "Plan Rows": 1,
            "Plan Width": 8,
            "Actual Startup Time": 663.978,
            "Actual Total Time": 663.982,
            "Actual Rows": 1,
            "Actual Loops": 2,
            "Plans": [
              {
                "Node Type": "Hash Join",
                "Parent Relationship": "Outer",
                "Parallel Aware": true,
                "Join Type": "Inner",
                "Startup Cost": 63695.63,
                "Total Cost": 101862.26,
                "Plan Rows": 444918,
                "Plan Width": 0,
                "Actual Startup Time": 293.756,
                "Actual Total Time": 657.888,
                "Actual Rows": 152076,
                "Actual Loops": 2,
                "Inner Unique": true,
                "Hash Cond": "(mc.movie_id = t.id)",
                "Plans": [
                  {
                    "Node Type": "Seq Scan",
                    "Parent Relationship": "Outer",
                    "Parallel Aware": true,
                    "Relation Name": "movie_companies",
                    "Alias": "mc",
                    "Startup Cost": 0.0,
                    "Total Cost": 34137.82,
                    "Plan Rows": 1534782,
                    "Plan Width": 4,
                    "Actual Startup Time": 0.013,
                    "Actual Total Time": 100.908,
                    "Actual Rows": 1304564,
                    "Actual Loops": 2
                  },
                  {
                    "Node Type": "Hash",
                    "Parent Relationship": "Inner",
                    "Parallel Aware": true,
                    "Startup Cost": 58306.47,
                    "Total Cost": 58306.47,
                    "Plan Rows": 431133,
                    "Plan Width": 4,
                    "Actual Startup Time": 284.323,
                    "Actual Total Time": 284.323,
                    "Actual Rows": 398080,
                    "Actual Loops": 2,
                    "Hash Buckets": 1048576,
                    "Original Hash Buckets": 1048576,
                    "Hash Batches": 1,
                    "Original Hash Batches": 1,
                    "Peak Memory Usage": 39360,
                    "Plans": [
                      {
                        "Node Type": "Seq Scan",
                        "Parent Relationship": "Outer",
                        "Parallel Aware": true,
                        "Relation Name": "title",
                        "Alias": "t",
                        "Startup Cost": 0.0,
                        "Total Cost": 58306.47,
                        "Plan Rows": 431133,
                        "Plan Width": 4,
                        "Actual Startup Time": 0.026,
                        "Actual Total Time": 165.399,
                        "Actual Rows": 398080,
                        "Actual Loops": 2,
                        "Filter": "((production_year > 2003) AND (kind_id = 7))",
                        "Rows Removed by Filter": 866076
                      }
                    ]
                  }
                ]
              }
            ]
          }
        ]
      }
    ]
  },
  "Planning Time": 0.721,
  "Triggers": [],
  "Execution Time": 685.554
}