[
  {
    "Plan": {
      "Node Type": "Aggregate",
      "Strategy": "Plain",
      "Partial Mode": "Finalize",
      "Parallel Aware": false,
      "Startup Cost": 335383.34,
      "Total Cost": 335383.35,
      "Plan Rows": 1,
      "Plan Width": 8,
      "Actual Startup Time": 662.87,
      "Actual Total Time": 717.249,
      "Actual Rows": 1,
      "Actual Loops": 1,
      "Plans": [
        {
          "Node Type": "Gather",
          "Parent Relationship": "Outer",
          "Parallel Aware": false,
          "Startup Cost": 335382.72,
          "Total Cost": 335383.33,
          "Plan Rows": 6,
          "Plan Width": 8,
          "Actual Startup Time": 662.732,
          "Actual Total Time": 717.24,
          "Actual Rows": 7,
          "Actual Loops": 1,
          "Workers Planned": 6,
          "Workers Launched": 6,
          "Single Copy": false,
          "Plans": [
            {
              "Node Type": "Aggregate",
              "Strategy": "Plain",
              "Partial Mode": "Partial",
              "Parent Relationship": "Outer",
              "Parallel Aware": false,
              "Startup Cost": 334382.72,
              "Total Cost": 334382.73,
              "Plan Rows": 1,
              "Plan Width": 8,
              "Actual Startup Time": 651.994,
              "Actual Total Time": 651.995,
              "Actual Rows": 1,
              "Actual Loops": 7,
              "Plans": [
                {
                  "Node Type": "Seq Scan",
                  "Parent Relationship": "Outer",
                  "Parallel Aware": true,
                  "Relation Name": "cast_info",
                  "Alias": "ci",
                  "Startup Cost": 0.0,
                  "Total Cost": 328162.03,
                  "Plan Rows": 2488276,
                  "Plan Width": 0,
                  "Actual Startup Time": 230.586,
                  "Actual Total Time": 565.711,
                  "Actual Rows": 2129423,
                  "Actual Loops": 7,
                  "Filter": "(person_id > 2159668)",
                  "Rows Removed by Filter": 3048341
                }
              ]
            }
          ]
        }
      ]
    },
    "Planning Time": 0.123,
    "Triggers": [],
    "Execution Time": 717.305
  }
]