[
  {
    "Plan": {
      "Node Type": "Aggregate",
      "Strategy": "Plain",
      "Partial Mode": "Finalize",
      "Parallel Aware": false,
      "Startup Cost": 423119.37,
      "Total Cost": 423119.38,
      "Plan Rows": 1,
      "Plan Width": 8,
      "Actual Startup Time": 1762.152,
      "Actual Total Time": 1822.539,
      "Actual Rows": 1,
      "Actual Loops": 1,
      "Plans": [
        {
          "Node Type": "Gather",
          "Parent Relationship": "Outer",
          "Parallel Aware": false,
          "Startup Cost": 423118.74,
          "Total Cost": 423119.35,
          "Plan Rows": 6,
          "Plan Width": 8,
          "Actual Startup Time": 1756.16,
          "Actual Total Time": 1822.521,
          "Actual Rows": 7,
          "Actual Loops": 1,
          "Workers Planned": 6,
          "Workers Launched": 6,
          "Single Copy": false,
          "Plans": [
            {
              "Node Type": "Aggregate",
              "Strategy": "Plain",
              "Partial Mode": "Partial",
              "Parent Relationship": "Outer",
              "Parallel Aware": false,
              "Startup Cost": 422118.74,
              "Total Cost": 422118.75,
              "Plan Rows": 1,
              "Plan Width": 8,
              "Actual Startup Time": 1745.75,
              "Actual Total Time": 1745.88,
              "Actual Rows": 1,
              "Actual Loops": 7,
              "Plans": [
                {
                  "Node Type": "Hash Join",
                  "Parent Relationship": "Outer",
                  "Parallel Aware": true,
                  "Join Type": "Inner",
                  "Startup Cost": 81007.24,
                  "Total Cost": 419783.85,
                  "Plan Rows": 933958,
                  "Plan Width": 0,
                  "Actual Startup Time": 297.245,
                  "Actual Total Time": 1710.273,
                  "Actual Rows": 644334,
                  "Actual Loops": 7,
                  "Inner Unique": false,
                  "Hash Cond": "(ci.movie_id = t.id)",
                  "Plans": [
                    {
                      "Node Type": "Seq Scan",
                      "Parent Relationship": "Outer",
                      "Parallel Aware": true,
                      "Relation Name": "cast_info",
                      "Alias": "ci",
                      "Startup Cost": 0.0,
                      "Total Cost": 313106.51,
                      "Plan Rows": 6041951,
                      "Plan Width": 4,
                      "Actual Startup Time": 0.04,
                      "Actual Total Time": 599.259,
                      "Actual Rows": 5177763,
                      "Actual Loops": 7
                    },
                    {
                      "Node Type": "Hash",
                      "Parent Relationship": "Inner",
                      "Parallel Aware": true,
                      "Startup Cost": 79431.26,
                      "Total Cost": 79431.26,
                      "Plan Rows": 126078,
                      "Plan Width": 8,
                      "Actual Startup Time": 294.986,
                      "Actual Total Time": 295.114,
                      "Actual Rows": 26198,
                      "Actual Loops": 7,
                      "Hash Buckets": 524288,
                      "Original Hash Buckets": 524288,
                      "Hash Batches": 1,
                      "Original Hash Batches": 1,
                      "Peak Memory Usage": 11392,
                      "Plans": [
                        {
                          "Node Type": "Hash Join",
                          "Parent Relationship": "Outer",
                          "Parallel Aware": true,
                          "Join Type": "Inner",
                          "Startup Cost": 49464.34,
                          "Total Cost": 79431.26,
                          "Plan Rows": 126078,
                          "Plan Width": 8,
                          "Actual Startup Time": 204.609,
                          "Actual Total Time": 281.763,
                          "Actual Rows": 26198,
                          "Actual Loops": 7,
                          "Inner Unique": true,
                          "Hash Cond": "(mc.movie_id = t.id)",
                          "Plans": [
                            {
                              "Node Type": "Seq Scan",
                              "Parent Relationship": "Outer",
                              "Parallel Aware": true,
                              "Relation Name": "movie_companies",
                              "Alias": "mc",
                              "Startup Cost": 0.0,
                              "Total Cost": 29310.68,
                              "Plan Rows": 249998,
                              "Plan Width": 4,
                              "Actual Startup Time": 10.707,
                              "Actual Total Time": 48.788,
                              "Actual Rows": 109526,
                              "Actual Loops": 7,
                              "Filter": "(company_id > 34438)",
                              "Rows Removed by Filter": 263207
                            },
                            {
                              "Node Type": "Hash",
                              "Parent Relationship": "Inner",
                              "Parallel Aware": true,
                              "Startup Cost": 45479.59,
                              "Total Cost": 45479.59,
                              "Plan Rows": 318780,
                              "Plan Width": 4,
                              "Actual Startup Time": 190.956,
                              "Actual Total Time": 190.959,
                              "Actual Rows": 176685,
                              "Actual Loops": 7,
                              "Hash Buckets": 2097152,
                              "Original Hash Buckets": 2097152,
                              "Hash Batches": 1,
                              "Original Hash Batches": 1,
                              "Peak Memory Usage": 64896,
                              "Plans": [
                                {
                                  "Node Type": "Seq Scan",
                                  "Parent Relationship": "Outer",
                                  "Parallel Aware": true,
                                  "Relation Name": "title",
                                  "Alias": "t",
                                  "Startup Cost": 0.0,
                                  "Total Cost": 45479.59,
                                  "Plan Rows": 318780,
                                  "Plan Width": 4,
                                  "Actual Startup Time": 0.058,
                                  "Actual Total Time": 89.168,
                                  "Actual Rows": 176685,
                                  "Actual Loops": 7,
                                  "Filter": "((kind_id > 3) AND (production_year < 2010))",
                                  "Rows Removed by Filter": 184502
                                }
                              ]
                            }
                          ]
                        }
                      ]
                    }
                  ]
                }
              ]
            }
          ]
        }
      ]
    },
    "Planning Time": 1.161,
    "Triggers": [],
    "Execution Time": 1822.625
  }
]