[
  {
    "Plan": {
      "Node Type": "Aggregate",
      "Strategy": "Plain",
      "Partial Mode": "Finalize",
      "Parallel Aware": false,
      "Startup Cost": 424662.4,
      "Total Cost": 424662.41,
      "Plan Rows": 1,
      "Plan Width": 8,
      "Actual Startup Time": 1594.448,
      "Actual Total Time": 1682.357,
      "Actual Rows": 1,
      "Actual Loops": 1,
      "Plans": [
        {
          "Node Type": "Gather",
          "Parent Relationship": "Outer",
          "Parallel Aware": false,
          "Startup Cost": 424662.08,
          "Total Cost": 424662.39,
          "Plan Rows": 3,
          "Plan Width": 8,
          "Actual Startup Time": 1590.116,
          "Actual Total Time": 1682.343,
          "Actual Rows": 4,
          "Actual Loops": 1,
          "Workers Planned": 3,
          "Workers Launched": 3,
          "Single Copy": false,
          "Plans": [
            {
              "Node Type": "Aggregate",
              "Strategy": "Plain",
              "Partial Mode": "Partial",
              "Parent Relationship": "Outer",
              "Parallel Aware": false,
              "Startup Cost": 423662.08,
              "Total Cost": 423662.09,
              "Plan Rows": 1,
              "Plan Width": 8,
              "Actual Startup Time": 1577.184,
              "Actual Total Time": 1577.188,
              "Actual Rows": 1,
              "Actual Loops": 4,
              "Plans": [
                {
                  "Node Type": "Nested Loop",
                  "Parent Relationship": "Outer",
                  "Parallel Aware": false,
                  "Join Type": "Inner",
                  "Startup Cost": 49449.56,
                  "Total Cost": 419294.43,
                  "Plan Rows": 1747061,
                  "Plan Width": 0,
                  "Actual Startup Time": 259.019,
                  "Actual Total Time": 1519.739,
                  "Actual Rows": 1127585,
                  "Actual Loops": 4,
                  "Inner Unique": false,
                  "Plans": [
                    {
                      "Node Type": "Hash Join",
                      "Parent Relationship": "Outer",
                      "Parallel Aware": true,
                      "Join Type": "Inner",
                      "Startup Cost": 49449.0,
                      "Total Cost": 79396.65,
                      "Plan Rows": 121925,
                      "Plan Width": 8,
                      "Actual Startup Time": 258.911,
                      "Actual Total Time": 393.271,
                      "Actual Rows": 45847,
                      "Actual Loops": 4,
                      "Inner Unique": true,
                      "Hash Cond": "(mc.movie_id = t.id)",
                      "Plans": [
                        {
                          "Node Type": "Seq Scan",
                          "Parent Relationship": "Outer",
                          "Parallel Aware": true,
                          "Relation Name": "movie_companies",
                          "Alias": "mc",
                          "Startup Cost": 0.0,
                          "Total Cost": 29310.68,
                          "Plan Rows": 242655,
                          "Plan Width": 4,
                          "Actual Startup Time": 13.93,
                          "Actual Total Time": 67.552,
                          "Actual Rows": 191670,
                          "Actual Loops": 4,
                          "Filter": "(company_id > 34438)",
                          "Rows Removed by Filter": 460612
                        },
                        {
                          "Node Type": "Hash",
                          "Parent Relationship": "Inner",
                          "Parallel Aware": true,
                          "Startup Cost": 45479.1,
                          "Total Cost": 45479.1,
                          "Plan Rows": 317592,
                          "Plan Width": 4,
                          "Actual Startup Time": 237.3,
                          "Actual Total Time": 237.301,
                          "Actual Rows": 309199,
                          "Actual Loops": 4,
                          "Hash Buckets": 2097152,
                          "Original Hash Buckets": 2097152,
                          "Hash Batches": 1,
                          "Original Hash Batches": 1,
                          "Peak Memory Usage": 64864,
                          "Plans": [
                            {
                              "Node Type": "Seq Scan",
                              "Parent Relationship": "Outer",
                              "Parallel Aware": true,
                              "Relation Name": "title",
                              "Alias": "t",
                              "Startup Cost": 0.0,
                              "Total Cost": 45479.1,
                              "Plan Rows": 317592,
                              "Plan Width": 4,
                              "Actual Startup Time": 0.043,
                              "Actual Total Time": 113.823,
                              "Actual Rows": 309199,
                              "Actual Loops": 4,
                              "Filter": "((kind_id > 3) AND (production_year < 2010))",
                              "Rows Removed by Filter": 322879
                            }
                          ]
                        }
                      ]
                    },
                    {
                      "Node Type": "Index Only Scan",
                      "Parent Relationship": "Inner",
                      "Parallel Aware": false,
                      "Scan Direction": "Forward",
                      "Index Name": "movie_id_cast_info",
                      "Relation Name": "cast_info",
                      "Alias": "ci",
                      "Startup Cost": 0.56,
                      "Total Cost": 2.42,
                      "Plan Rows": 37,
                      "Plan Width": 4,
                      "Actual Startup Time": 0.005,
                      "Actual Total Time": 0.022,
                      "Actual Rows": 25,
                      "Actual Loops": 183388,
                      "Index Cond": "(movie_id = t.id)",
                      "Rows Removed by Index Recheck": 0,
                      "Heap Fetches": 4510339
                    }
                  ]
                }
              ]
            }
          ]
        }
      ]
    },
    "Planning Time": 1.375,
    "Triggers": [],
    "Execution Time": 1682.464
  }
]