[
    {
        "Bao": {
            "Bao prediction": "NaN",
            "Bao recommended hint": "(no hint)"
        }
    },
    {
        "Plan": {
            "Node Type": "Aggregate",
            "Strategy": "Plain",
            "Partial Mode": "Finalize",
            "Parallel Aware": false,
            "Startup Cost": 59378.64,
            "Total Cost": 59378.65,
            "Plan Rows": 1,
            "Plan Width": 8,
            "Actual Startup Time": 114.52,
            "Actual Total Time": 126.163,
            "Actual Rows": 1,
            "Actual Loops": 1,
            "Output": [
                "count(*)"
            ],
            "Plans": [
                {
                    "Node Type": "Gather",
                    "Parent Relationship": "Outer",
                    "Parallel Aware": false,
                    "Startup Cost": 59378.22,
                    "Total Cost": 59378.63,
                    "Plan Rows": 4,
                    "Plan Width": 8,
                    "Actual Startup Time": 114.407,
                    "Actual Total Time": 126.155,
                    "Actual Rows": 5,
                    "Actual Loops": 1,
                    "Output": [
                        "(PARTIAL count(*))"
                    ],
                    "Workers Planned": 4,
                    "Workers Launched": 4,
                    "Single Copy": false,
                    "Plans": [
                        {
                            "Node Type": "Aggregate",
                            "Strategy": "Plain",
                            "Partial Mode": "Partial",
                            "Parent Relationship": "Outer",
                            "Parallel Aware": false,
                            "Startup Cost": 58378.22,
                            "Total Cost": 58378.23,
                            "Plan Rows": 1,
                            "Plan Width": 8,
                            "Actual Startup Time": 104.743,
                            "Actual Total Time": 104.745,
                            "Actual Rows": 1,
                            "Actual Loops": 5,
                            "Output": [
                                "PARTIAL count(*)"
                            ],
                            "Workers": [
                                {
                                    "Worker Number": 0,
                                    "Actual Startup Time": 101.887,
                                    "Actual Total Time": 101.889,
                                    "Actual Rows": 1,
                                    "Actual Loops": 1
                                },
                                {
                                    "Worker Number": 1,
                                    "Actual Startup Time": 101.956,
                                    "Actual Total Time": 101.958,
                                    "Actual Rows": 1,
                                    "Actual Loops": 1
                                },
                                {
                                    "Worker Number": 2,
                                    "Actual Startup Time": 102.74,
                                    "Actual Total Time": 102.741,
                                    "Actual Rows": 1,
                                    "Actual Loops": 1
                                },
                                {
                                    "Worker Number": 3,
                                    "Actual Startup Time": 103.13,
                                    "Actual Total Time": 103.132,
                                    "Actual Rows": 1,
                                    "Actual Loops": 1
                                }
                            ],
                            "Plans": [
                                {
                                    "Node Type": "Nested Loop",
                                    "Parent Relationship": "Outer",
                                    "Parallel Aware": false,
                                    "Join Type": "Inner",
                                    "Startup Cost": 0.43,
                                    "Total Cost": 58377.09,
                                    "Plan Rows": 452,
                                    "Plan Width": 0,
                                    "Actual Startup Time": 1.678,
                                    "Actual Total Time": 104.598,
                                    "Actual Rows": 875,
                                    "Actual Loops": 5,
                                    "Inner Unique": false,
                                    "Workers": [
                                        {
                                            "Worker Number": 0,
                                            "Actual Startup Time": 1.384,
                                            "Actual Total Time": 101.747,
                                            "Actual Rows": 607,
                                            "Actual Loops": 1
                                        },
                                        {
                                            "Worker Number": 1,
                                            "Actual Startup Time": 1.361,
                                            "Actual Total Time": 101.813,
                                            "Actual Rows": 938,
                                            "Actual Loops": 1
                                        },
                                        {
                                            "Worker Number": 2,
                                            "Actual Startup Time": 2.85,
                                            "Actual Total Time": 102.607,
                                            "Actual Rows": 895,
                                            "Actual Loops": 1
                                        },
                                        {
                                            "Worker Number": 3,
                                            "Actual Startup Time": 0.43,
                                            "Actual Total Time": 102.98,
                                            "Actual Rows": 626,
                                            "Actual Loops": 1
                                        }
                                    ],
                                    "Plans": [
                                        {
                                            "Node Type": "Seq Scan",
                                            "Parent Relationship": "Outer",
                                            "Parallel Aware": true,
                                            "Relation Name": "title",
                                            "Schema": "public",
                                            "Alias": "t",
                                            "Startup Cost": 0.0,
                                            "Total Cost": 45479.21,
                                            "Plan Rows": 2489,
                                            "Plan Width": 4,
                                            "Actual Startup Time": 0.936,
                                            "Actual Total Time": 84.075,
                                            "Actual Rows": 2106,
                                            "Actual Loops": 5,
                                            "Output": [
                                                "t.id",
                                                "t.title",
                                                "t.imdb_index",
                                                "t.kind_id",
                                                "t.production_year",
                                                "t.imdb_id",
                                                "t.phonetic_code",
                                                "t.episode_of_id",
                                                "t.season_nr",
                                                "t.episode_nr",
                                                "t.series_years",
                                                "t.md5sum"
                                            ],
                                            "Filter": "((t.kind_id < 7) AND (t.production_year = 1993))",
                                            "Rows Removed by Filter": 503557,
                                            "Workers": [
                                                {
                                                    "Worker Number": 0,
                                                    "Actual Startup Time": 1.155,
                                                    "Actual Total Time": 79.63,
                                                    "Actual Rows": 1499,
                                                    "Actual Loops": 1
                                                },
                                                {
                                                    "Worker Number": 1,
                                                    "Actual Startup Time": 0.417,
                                                    "Actual Total Time": 79.147,
                                                    "Actual Rows": 2228,
                                                    "Actual Loops": 1
                                                },
                                                {
                                                    "Worker Number": 2,
                                                    "Actual Startup Time": 2.67,
                                                    "Actual Total Time": 80.53,
                                                    "Actual Rows": 2146,
                                                    "Actual Loops": 1
                                                },
                                                {
                                                    "Worker Number": 3,
                                                    "Actual Startup Time": 0.263,
                                                    "Actual Total Time": 80.671,
                                                    "Actual Rows": 1517,
                                                    "Actual Loops": 1
                                                }
                                            ]
                                        },
                                        {
                                            "Node Type": "Index Scan",
                                            "Parent Relationship": "Inner",
                                            "Parallel Aware": false,
                                            "Scan Direction": "Forward",
                                            "Index Name": "movie_id_movie_info_idx",
                                            "Relation Name": "movie_info_idx",
                                            "Schema": "public",
                                            "Alias": "mi_idx",
                                            "Startup Cost": 0.43,
                                            "Total Cost": 5.17,
                                            "Plan Rows": 1,
                                            "Plan Width": 4,
                                            "Actual Startup Time": 0.009,
                                            "Actual Total Time": 0.009,
                                            "Actual Rows": 0,
                                            "Actual Loops": 10528,
                                            "Output": [
                                                "mi_idx.id",
                                                "mi_idx.movie_id",
                                                "mi_idx.info_type_id",
                                                "mi_idx.info",
                                                "mi_idx.note"
                                            ],
                                            "Index Cond": "(mi_idx.movie_id = t.id)",
                                            "Rows Removed by Index Recheck": 0,
                                            "Filter": "(mi_idx.info_type_id = 99)",
                                            "Rows Removed by Filter": 1,
                                            "Workers": [
                                                {
                                                    "Worker Number": 0,
                                                    "Actual Startup Time": 0.014,
                                                    "Actual Total Time": 0.014,
                                                    "Actual Rows": 0,
                                                    "Actual Loops": 1499
                                                },
                                                {
                                                    "Worker Number": 1,
                                                    "Actual Startup Time": 0.009,
                                                    "Actual Total Time": 0.01,
                                                    "Actual Rows": 0,
                                                    "Actual Loops": 2228
                                                },
                                                {
                                                    "Worker Number": 2,
                                                    "Actual Startup Time": 0.01,
                                                    "Actual Total Time": 0.01,
                                                    "Actual Rows": 0,
                                                    "Actual Loops": 2146
                                                },
                                                {
                                                    "Worker Number": 3,
                                                    "Actual Startup Time": 0.014,
                                                    "Actual Total Time": 0.014,
                                                    "Actual Rows": 0,
                                                    "Actual Loops": 1517
                                                }
                                            ]
                                        }
                                    ]
                                }
                            ]
                        }
                    ]
                }
            ]
        },
        "Planning Time": 297.824,
        "Triggers": [],
        "Execution Time": 126.227
    }
]