[
  {
    "Plan": {
      "Node Type": "Aggregate",
      "Strategy": "Plain",
      "Partial Mode": "Finalize",
      "Parallel Aware": false,
      "Startup Cost": 91210.91,
      "Total Cost": 91210.92,
      "Plan Rows": 1,
      "Plan Width": 8,
      "Actual Startup Time": 453.942,
      "Actual Total Time": 470.974,
      "Actual Rows": 1,
      "Actual Loops": 1,
      "Plans": [
        {
          "Node Type": "Gather",
          "Parent Relationship": "Outer",
          "Parallel Aware": false,
          "Startup Cost": 91210.49,
          "Total Cost": 91210.9,
          "Plan Rows": 4,
          "Plan Width": 8,
          "Actual Startup Time": 445.365,
          "Actual Total Time": 470.964,
          "Actual Rows": 5,
          "Actual Loops": 1,
          "Workers Planned": 4,
          "Workers Launched": 4,
          "Single Copy": false,
          "Plans": [
            {
              "Node Type": "Aggregate",
              "Strategy": "Plain",
              "Partial Mode": "Partial",
              "Parent Relationship": "Outer",
              "Parallel Aware": false,
              "Startup Cost": 90210.49,
              "Total Cost": 90210.5,
              "Plan Rows": 1,
              "Plan Width": 8,
              "Actual Startup Time": 435.414,
              "Actual Total Time": 435.744,
              "Actual Rows": 1,
              "Actual Loops": 5,
              "Plans": [
                {
                  "Node Type": "Hash Join",
                  "Parent Relationship": "Outer",
                  "Parallel Aware": true,
                  "Join Type": "Inner",
                  "Startup Cost": 45237.36,
                  "Total Cost": 90144.49,
                  "Plan Rows": 26402,
                  "Plan Width": 0,
                  "Actual Startup Time": 265.144,
                  "Actual Total Time": 432.711,
                  "Actual Rows": 56619,
                  "Actual Loops": 5,
                  "Inner Unique": false,
                  "Hash Cond": "(t.id = mc.movie_id)",
                  "Plans": [
                    {
                      "Node Type": "Seq Scan",
                      "Parent Relationship": "Outer",
                      "Parallel Aware": true,
                      "Relation Name": "title",
                      "Alias": "t",
                      "Startup Cost": 0.0,
                      "Total Cost": 42318.73,
                      "Plan Rows": 632073,
                      "Plan Width": 4,
                      "Actual Startup Time": 0.015,
                      "Actual Total Time": 72.626,
                      "Actual Rows": 505662,
                      "Actual Loops": 5
                    },
                    {
                      "Node Type": "Hash",
                      "Parent Relationship": "Inner",
                      "Parallel Aware": true,
                      "Startup Cost": 44146.75,
                      "Total Cost": 44146.75,
                      "Plan Rows": 87249,
                      "Plan Width": 8,
                      "Actual Startup Time": 261.263,
                      "Actual Total Time": 261.591,
                      "Actual Rows": 56619,
                      "Actual Loops": 5,
                      "Hash Buckets": 524288,
                      "Original Hash Buckets": 524288,
                      "Hash Batches": 1,
                      "Original Hash Batches": 1,
                      "Peak Memory Usage": 15232,
                      "Plans": [
                        {
                          "Node Type": "Hash Join",
                          "Parent Relationship": "Outer",
                          "Parallel Aware": true,
                          "Join Type": "Inner",
                          "Startup Cost": 35024.95,
                          "Total Cost": 44146.75,
                          "Plan Rows": 87249,
                          "Plan Width": 8,
                          "Actual Startup Time": 200.318,
                          "Actual Total Time": 242.372,
                          "Actual Rows": 56619,
                          "Actual Loops": 5,
                          "Inner Unique": false,
                          "Hash Cond": "(ci.movie_id = mc.movie_id)",
                          "Plans": [
                            {
                              "Node Type": "Index Scan",
                              "Parent Relationship": "Outer",
                              "Parallel Aware": true,
                              "Scan Direction": "Forward",
                              "Index Name": "role_id_cast_info",
                              "Relation Name": "cast_info",
                              "Alias": "ci",
                              "Startup Cost": 0.56,
                              "Total Cost": 8359.83,
                              "Plan Rows": 96218,
                              "Plan Width": 4,
                              "Actual Startup Time": 0.267,
                              "Actual Total Time": 12.736,
                              "Actual Rows": 63224,
                              "Actual Loops": 5,
                              "Index Cond": "(role_id > 10)",
                              "Rows Removed by Index Recheck": 0
                            },
                            {
                              "Node Type": "Hash",
                              "Parent Relationship": "Inner",
                              "Parallel Aware": true,
                              "Startup Cost": 31414.82,
                              "Total Cost": 31414.82,
                              "Plan Rows": 288765,
                              "Plan Width": 4,
                              "Actual Startup Time": 197.115,
                              "Actual Total Time": 197.116,
                              "Actual Rows": 217772,
                              "Actual Loops": 5,
                              "Hash Buckets": 2097152,
                              "Original Hash Buckets": 1048576,
                              "Hash Batches": 1,
                              "Original Hash Batches": 1,
                              "Peak Memory Usage": 67296,
                              "Plans": [
                                {
                                  "Node Type": "Seq Scan",
                                  "Parent Relationship": "Outer",
                                  "Parallel Aware": true,
                                  "Relation Name": "movie_companies",
                                  "Alias": "mc",
                                  "Startup Cost": 0.0,
                                  "Total Cost": 31414.82,
                                  "Plan Rows": 288765,
                                  "Plan Width": 4,
                                  "Actual Startup Time": 45.787,
                                  "Actual Total Time": 85.846,
                                  "Actual Rows": 217772,
                                  "Actual Loops": 5,
                                  "Filter": "((company_id > 2215) AND (company_type_id = 2))",
                                  "Rows Removed by Filter": 304054
                                }
                              ]
                            }
                          ]
                        }
                      ]
                    }
                  ]
                }
              ]
            }
          ]
        }
      ]
    },
    "Planning Time": 1.453,
    "Triggers": [],
    "Execution Time": 471.067
  }
]