[
  {
    "Plan": {
      "Node Type": "Aggregate",
      "Strategy": "Plain",
      "Partial Mode": "Finalize",
      "Parallel Aware": false,
      "Startup Cost": 321584.1,
      "Total Cost": 321584.11,
      "Plan Rows": 1,
      "Plan Width": 8,
      "Actual Startup Time": 761.046,
      "Actual Total Time": 795.546,
      "Actual Rows": 1,
      "Actual Loops": 1,
      "Plans": [
        {
          "Node Type": "Gather",
          "Parent Relationship": "Outer",
          "Parallel Aware": false,
          "Startup Cost": 321583.47,
          "Total Cost": 321584.08,
          "Plan Rows": 6,
          "Plan Width": 8,
          "Actual Startup Time": 755.12,
          "Actual Total Time": 795.535,
          "Actual Rows": 7,
          "Actual Loops": 1,
          "Workers Planned": 6,
          "Workers Launched": 6,
          "Single Copy": false,
          "Plans": [
            {
              "Node Type": "Aggregate",
              "Strategy": "Plain",
              "Partial Mode": "Partial",
              "Parent Relationship": "Outer",
              "Parallel Aware": false,
              "Startup Cost": 320583.47,
              "Total Cost": 320583.48,
              "Plan Rows": 1,
              "Plan Width": 8,
              "Actual Startup Time": 748.106,
              "Actual Total Time": 748.262,
              "Actual Rows": 1,
              "Actual Loops": 7,
              "Plans": [
                {
                  "Node Type": "Hash Join",
                  "Parent Relationship": "Outer",
                  "Parallel Aware": true,
                  "Join Type": "Inner",
                  "Startup Cost": 63997.1,
                  "Total Cost": 320111.13,
                  "Plan Rows": 188936,
                  "Plan Width": 0,
                  "Actual Startup Time": 190.543,
                  "Actual Total Time": 719.991,
                  "Actual Rows": 651836,
                  "Actual Loops": 7,
                  "Inner Unique": false,
                  "Hash Cond": "(ci.movie_id = t.id)",
                  "Plans": [
                    {
                      "Node Type": "Index Scan",
                      "Parent Relationship": "Outer",
                      "Parallel Aware": true,
                      "Scan Direction": "Forward",
                      "Index Name": "role_id_cast_info",
                      "Relation Name": "cast_info",
                      "Alias": "ci",
                      "Startup Cost": 0.56,
                      "Total Cost": 249431.94,
                      "Plan Rows": 1572116,
                      "Plan Width": 4,
                      "Actual Startup Time": 0.534,
                      "Actual Total Time": 257.661,
                      "Actual Rows": 1340672,
                      "Actual Loops": 7,
                      "Index Cond": "(role_id > 4)",
                      "Rows Removed by Index Recheck": 0
                    },
                    {
                      "Node Type": "Hash",
                      "Parent Relationship": "Inner",
                      "Parallel Aware": true,
                      "Startup Cost": 62413.91,
                      "Total Cost": 62413.91,
                      "Plan Rows": 126610,
                      "Plan Width": 8,
                      "Actual Startup Time": 188.364,
                      "Actual Total Time": 188.518,
                      "Actual Rows": 68523,
                      "Actual Loops": 7,
                      "Hash Buckets": 524288,
                      "Original Hash Buckets": 524288,
                      "Hash Batches": 1,
                      "Original Hash Batches": 1,
                      "Peak Memory Usage": 22912,
                      "Plans": [
                        {
                          "Node Type": "Hash Join",
                          "Parent Relationship": "Outer",
                          "Parallel Aware": true,
                          "Join Type": "Inner",
                          "Startup Cost": 47219.35,
                          "Total Cost": 62413.91,
                          "Plan Rows": 126610,
                          "Plan Width": 8,
                          "Actual Startup Time": 130.714,
                          "Actual Total Time": 165.48,
                          "Actual Rows": 68523,
                          "Actual Loops": 7,
                          "Inner Unique": true,
                          "Hash Cond": "(mi_idx.movie_id = t.id)",
                          "Plans": [
                            {
                              "Node Type": "Seq Scan",
                              "Parent Relationship": "Outer",
                              "Parallel Aware": true,
                              "Relation Name": "movie_info_idx",
                              "Alias": "mi_idx",
                              "Startup Cost": 0.0,
                              "Total Cost": 13685.15,
                              "Plan Rows": 575015,
                              "Plan Width": 4,
                              "Actual Startup Time": 0.016,
                              "Actual Total Time": 19.425,
                              "Actual Rows": 197148,
                              "Actual Loops": 7
                            },
                            {
                              "Node Type": "Hash",
                              "Parent Relationship": "Inner",
                              "Parallel Aware": true,
                              "Startup Cost": 45479.59,
                              "Total Cost": 45479.59,
                              "Plan Rows": 139181,
                              "Plan Width": 4,
                              "Actual Startup Time": 111.646,
                              "Actual Total Time": 111.649,
                              "Actual Rows": 62673,
                              "Actual Loops": 7,
                              "Hash Buckets": 1048576,
                              "Original Hash Buckets": 1048576,
                              "Hash Batches": 1,
                              "Original Hash Batches": 1,
                              "Peak Memory Usage": 25536,
                              "Plans": [
                                {
                                  "Node Type": "Seq Scan",
                                  "Parent Relationship": "Outer",
                                  "Parallel Aware": true,
                                  "Relation Name": "title",
                                  "Alias": "t",
                                  "Startup Cost": 0.0,
                                  "Total Cost": 45479.59,
                                  "Plan Rows": 139181,
                                  "Plan Width": 4,
                                  "Actual Startup Time": 38.27,
                                  "Actual Total Time": 74.374,
                                  "Actual Rows": 62673,
                                  "Actual Loops": 7,
                                  "Filter": "((production_year > 1967) AND (kind_id = 1))",
                                  "Rows Removed by Filter": 298514
                                }
                              ]
                            }
                          ]
                        }
                      ]
                    }
                  ]
                }
              ]
            }
          ]
        }
      ]
    },
    "Planning Time": 0.818,
    "Triggers": [],
    "Execution Time": 795.621
  }
]