{
    "Plan": {
        "Node Type": "Aggregate",
        "Strategy": "Plain",
        "Partial Mode": "Finalize",
        "Parallel Aware": false,
        "Startup Cost": 478035.71,
        "Total Cost": 478035.72,
        "Plan Rows": 1,
        "Plan Width": 8,
        "Actual Startup Time": 4838.119,
        "Actual Total Time": 4889.804,
        "Actual Rows": 1,
        "Actual Loops": 1,
        "Output": [
            "count(*)"
        ],
        "Plans": [
            {
                "Node Type": "Gather",
                "Parent Relationship": "Outer",
                "Parallel Aware": false,
                "Startup Cost": 478035.08,
                "Total Cost": 478035.69,
                "Plan Rows": 6,
                "Plan Width": 8,
                "Actual Startup Time": 4808.842,
                "Actual Total Time": 4889.791,
                "Actual Rows": 7,
                "Actual Loops": 1,
                "Output": [
                    "(PARTIAL count(*))"
                ],
                "Workers Planned": 6,
                "Workers Launched": 6,
                "Single Copy": false,
                "Plans": [
                    {
                        "Node Type": "Aggregate",
                        "Strategy": "Plain",
                        "Partial Mode": "Partial",
                        "Parent Relationship": "Outer",
                        "Parallel Aware": false,
                        "Startup Cost": 477035.08,
                        "Total Cost": 477035.09,
                        "Plan Rows": 1,
                        "Plan Width": 8,
                        "Actual Startup Time": 4786.79,
                        "Actual Total Time": 4787.277,
                        "Actual Rows": 1,
                        "Actual Loops": 7,
                        "Output": [
                            "PARTIAL count(*)"
                        ],
                        "Workers": [
                            {
                                "Worker Number": 0,
                                "Actual Startup Time": 4782.819,
                                "Actual Total Time": 4782.823,
                                "Actual Rows": 1,
                                "Actual Loops": 1
                            },
                            {
                                "Worker Number": 1,
                                "Actual Startup Time": 4785.405,
                                "Actual Total Time": 4785.41,
                                "Actual Rows": 1,
                                "Actual Loops": 1
                            },
                            {
                                "Worker Number": 2,
                                "Actual Startup Time": 4782.809,
                                "Actual Total Time": 4782.814,
                                "Actual Rows": 1,
                                "Actual Loops": 1
                            },
                            {
                                "Worker Number": 3,
                                "Actual Startup Time": 4782.828,
                                "Actual Total Time": 4782.833,
                                "Actual Rows": 1,
                                "Actual Loops": 1
                            },
                            {
                                "Worker Number": 4,
                                "Actual Startup Time": 4782.824,
                                "Actual Total Time": 4782.829,
                                "Actual Rows": 1,
                                "Actual Loops": 1
                            },
                            {
                                "Worker Number": 5,
                                "Actual Startup Time": 4783.022,
                                "Actual Total Time": 4783.028,
                                "Actual Rows": 1,
                                "Actual Loops": 1
                            }
                        ],
                        "Plans": [
                            {
                                "Node Type": "Hash Join",
                                "Parent Relationship": "Outer",
                                "Parallel Aware": true,
                                "Join Type": "Inner",
                                "Startup Cost": 102956.9,
                                "Total Cost": 460307.35,
                                "Plan Rows": 6691095,
                                "Plan Width": 0,
                                "Actual Startup Time": 510.216,
                                "Actual Total Time": 3944.085,
                                "Actual Rows": 19215433,
                                "Actual Loops": 7,
                                "Inner Unique": false,
                                "Hash Cond": "(ci.movie_id = t.id)",
                                "Workers": [
                                    {
                                        "Worker Number": 0,
                                        "Actual Startup Time": 506.595,
                                        "Actual Total Time": 3925.088,
                                        "Actual Rows": 18288022,
                                        "Actual Loops": 1
                                    },
                                    {
                                        "Worker Number": 1,
                                        "Actual Startup Time": 506.651,
                                        "Actual Total Time": 3923.009,
                                        "Actual Rows": 16407287,
                                        "Actual Loops": 1
                                    },
                                    {
                                        "Worker Number": 2,
                                        "Actual Startup Time": 506.522,
                                        "Actual Total Time": 3968.038,
                                        "Actual Rows": 19532629,
                                        "Actual Loops": 1
                                    },
                                    {
                                        "Worker Number": 3,
                                        "Actual Startup Time": 506.704,
                                        "Actual Total Time": 3929.452,
                                        "Actual Rows": 18211255,
                                        "Actual Loops": 1
                                    },
                                    {
                                        "Worker Number": 4,
                                        "Actual Startup Time": 506.644,
                                        "Actual Total Time": 3965.173,
                                        "Actual Rows": 19568771,
                                        "Actual Loops": 1
                                    },
                                    {
                                        "Worker Number": 5,
                                        "Actual Startup Time": 506.835,
                                        "Actual Total Time": 3950.396,
                                        "Actual Rows": 20812540,
                                        "Actual Loops": 1
                                    }
                                ],
                                "Plans": [
                                    {
                                        "Node Type": "Seq Scan",
                                        "Parent Relationship": "Outer",
                                        "Parallel Aware": true,
                                        "Relation Name": "cast_info",
                                        "Schema": "public",
                                        "Alias": "ci",
                                        "Startup Cost": 0.0,
                                        "Total Cost": 313108.29,
                                        "Plan Rows": 6042129,
                                        "Plan Width": 4,
                                        "Actual Startup Time": 0.027,
                                        "Actual Total Time": 558.067,
                                        "Actual Rows": 5177763,
                                        "Actual Loops": 7,
                                        "Output": [
                                            "ci.id",
                                            "ci.person_id",
                                            "ci.movie_id",
                                            "ci.person_role_id",
                                            "ci.note",
                                            "ci.nr_order",
                                            "ci.role_id"
                                        ],
                                        "Workers": [
                                            {
                                                "Worker Number": 0,
                                                "Actual Startup Time": 0.033,
                                                "Actual Total Time": 577.493,
                                                "Actual Rows": 4834490,
                                                "Actual Loops": 1
                                            },
                                            {
                                                "Worker Number": 1,
                                                "Actual Startup Time": 0.036,
                                                "Actual Total Time": 573.082,
                                                "Actual Rows": 4286710,
                                                "Actual Loops": 1
                                            },
                                            {
                                                "Worker Number": 2,
                                                "Actual Startup Time": 0.021,
                                                "Actual Total Time": 575.185,
                                                "Actual Rows": 5354190,
                                                "Actual Loops": 1
                                            },
                                            {
                                                "Worker Number": 3,
                                                "Actual Startup Time": 0.029,
                                                "Actual Total Time": 573.189,
                                                "Actual Rows": 4832294,
                                                "Actual Loops": 1
                                            },
                                            {
                                                "Worker Number": 4,
                                                "Actual Startup Time": 0.035,
                                                "Actual Total Time": 575.411,
                                                "Actual Rows": 5321056,
                                                "Actual Loops": 1
                                            },
                                            {
                                                "Worker Number": 5,
                                                "Actual Startup Time": 0.021,
                                                "Actual Total Time": 575.064,
                                                "Actual Rows": 5651662,
                                                "Actual Loops": 1
                                            }
                                        ]
                                    },
                                    {
                                        "Node Type": "Hash",
                                        "Parent Relationship": "Inner",
                                        "Parallel Aware": true,
                                        "Startup Cost": 91667.06,
                                        "Total Cost": 91667.06,
                                        "Plan Rows": 903187,
                                        "Plan Width": 8,
                                        "Actual Startup Time": 503.316,
                                        "Actual Total Time": 503.801,
                                        "Actual Rows": 335938,
                                        "Actual Loops": 7,
                                        "Output": [
                                            "t.id",
                                            "mk.movie_id"
                                        ],
                                        "Hash Buckets": 4194304,
                                        "Original Hash Buckets": 4194304,
                                        "Hash Batches": 1,
                                        "Original Hash Batches": 1,
                                        "Peak Memory Usage": 124864,
                                        "Workers": [
                                            {
                                                "Worker Number": 0,
                                                "Actual Startup Time": 505.859,
                                                "Actual Total Time": 505.862,
                                                "Actual Rows": 264007,
                                                "Actual Loops": 1
                                            },
                                            {
                                                "Worker Number": 1,
                                                "Actual Startup Time": 505.83,
                                                "Actual Total Time": 505.834,
                                                "Actual Rows": 263883,
                                                "Actual Loops": 1
                                            },
                                            {
                                                "Worker Number": 2,
                                                "Actual Startup Time": 505.757,
                                                "Actual Total Time": 505.761,
                                                "Actual Rows": 371873,
                                                "Actual Loops": 1
                                            },
                                            {
                                                "Worker Number": 3,
                                                "Actual Startup Time": 505.74,
                                                "Actual Total Time": 505.743,
                                                "Actual Rows": 261875,
                                                "Actual Loops": 1
                                            },
                                            {
                                                "Worker Number": 4,
                                                "Actual Startup Time": 505.838,
                                                "Actual Total Time": 505.842,
                                                "Actual Rows": 368673,
                                                "Actual Loops": 1
                                            },
                                            {
                                                "Worker Number": 5,
                                                "Actual Startup Time": 506.163,
                                                "Actual Total Time": 506.167,
                                                "Actual Rows": 387841,
                                                "Actual Loops": 1
                                            }
                                        ],
                                        "Plans": [
                                            {
                                                "Node Type": "Hash Join",
                                                "Parent Relationship": "Outer",
                                                "Parallel Aware": true,
                                                "Join Type": "Inner",
                                                "Startup Cost": 48788.98,
                                                "Total Cost": 91667.06,
                                                "Plan Rows": 903187,
                                                "Plan Width": 8,
                                                "Actual Startup Time": 203.919,
                                                "Actual Total Time": 390.309,
                                                "Actual Rows": 335938,
                                                "Actual Loops": 7,
                                                "Output": [
                                                    "t.id",
                                                    "mk.movie_id"
                                                ],
                                                "Inner Unique": true,
                                                "Hash Cond": "(mk.movie_id = t.id)",
                                                "Workers": [
                                                    {
                                                        "Worker Number": 0,
                                                        "Actual Startup Time": 203.897,
                                                        "Actual Total Time": 389.268,
                                                        "Actual Rows": 264007,
                                                        "Actual Loops": 1
                                                    },
                                                    {
                                                        "Worker Number": 1,
                                                        "Actual Startup Time": 203.933,
                                                        "Actual Total Time": 390.373,
                                                        "Actual Rows": 263883,
                                                        "Actual Loops": 1
                                                    },
                                                    {
                                                        "Worker Number": 2,
                                                        "Actual Startup Time": 203.91,
                                                        "Actual Total Time": 390.464,
                                                        "Actual Rows": 371873,
                                                        "Actual Loops": 1
                                                    },
                                                    {
                                                        "Worker Number": 3,
                                                        "Actual Startup Time": 203.916,
                                                        "Actual Total Time": 391.109,
                                                        "Actual Rows": 261875,
                                                        "Actual Loops": 1
                                                    },
                                                    {
                                                        "Worker Number": 4,
                                                        "Actual Startup Time": 203.877,
                                                        "Actual Total Time": 390.468,
                                                        "Actual Rows": 368673,
                                                        "Actual Loops": 1
                                                    },
                                                    {
                                                        "Worker Number": 5,
                                                        "Actual Startup Time": 203.867,
                                                        "Actual Total Time": 390.169,
                                                        "Actual Rows": 387841,
                                                        "Actual Loops": 1
                                                    }
                                                ],
                                                "Plans": [
                                                    {
                                                        "Node Type": "Seq Scan",
                                                        "Parent Relationship": "Outer",
                                                        "Parallel Aware": true,
                                                        "Relation Name": "movie_keyword",
                                                        "Schema": "public",
                                                        "Alias": "mk",
                                                        "Startup Cost": 0.0,
                                                        "Total Cost": 39047.32,
                                                        "Plan Rows": 1459332,
                                                        "Plan Width": 4,
                                                        "Actual Startup Time": 0.016,
                                                        "Actual Total Time": 72.921,
                                                        "Actual Rows": 646276,
                                                        "Actual Loops": 7,
                                                        "Output": [
                                                            "mk.id",
                                                            "mk.movie_id",
                                                            "mk.keyword_id"
                                                        ],
                                                        "Workers": [
                                                            {
                                                                "Worker Number": 0,
                                                                "Actual Startup Time": 0.016,
                                                                "Actual Total Time": 74.403,
                                                                "Actual Rows": 503385,
                                                                "Actual Loops": 1
                                                            },
                                                            {
                                                                "Worker Number": 1,
                                                                "Actual Startup Time": 0.023,
                                                                "Actual Total Time": 74.768,
                                                                "Actual Rows": 507270,
                                                                "Actual Loops": 1
                                                            },
                                                            {
                                                                "Worker Number": 2,
                                                                "Actual Startup Time": 0.019,
                                                                "Actual Total Time": 75.799,
                                                                "Actual Rows": 721130,
                                                                "Actual Loops": 1
                                                            },
                                                            {
                                                                "Worker Number": 3,
                                                                "Actual Startup Time": 0.018,
                                                                "Actual Total Time": 74.523,
                                                                "Actual Rows": 506470,
                                                                "Actual Loops": 1
                                                            },
                                                            {
                                                                "Worker Number": 4,
                                                                "Actual Startup Time": 0.021,
                                                                "Actual Total Time": 75.867,
                                                                "Actual Rows": 713730,
                                                                "Actual Loops": 1
                                                            },
                                                            {
                                                                "Worker Number": 5,
                                                                "Actual Startup Time": 0.01,
                                                                "Actual Total Time": 75.305,
                                                                "Actual Rows": 737225,
                                                                "Actual Loops": 1
                                                            }
                                                        ]
                                                    },
                                                    {
                                                        "Node Type": "Hash",
                                                        "Parent Relationship": "Inner",
                                                        "Parallel Aware": true,
                                                        "Startup Cost": 43899.01,
                                                        "Total Cost": 43899.01,
                                                        "Plan Rows": 391198,
                                                        "Plan Width": 4,
                                                        "Actual Startup Time": 202.047,
                                                        "Actual Total Time": 202.048,
                                                        "Actual Rows": 224367,
                                                        "Actual Loops": 7,
                                                        "Output": [
                                                            "t.id"
                                                        ],
                                                        "Hash Buckets": 2097152,
                                                        "Original Hash Buckets": 2097152,
                                                        "Hash Batches": 1,
                                                        "Original Hash Batches": 1,
                                                        "Peak Memory Usage": 77952,
                                                        "Workers": [
                                                            {
                                                                "Worker Number": 0,
                                                                "Actual Startup Time": 203.783,
                                                                "Actual Total Time": 203.784,
                                                                "Actual Rows": 179577,
                                                                "Actual Loops": 1
                                                            },
                                                            {
                                                                "Worker Number": 1,
                                                                "Actual Startup Time": 203.798,
                                                                "Actual Total Time": 203.799,
                                                                "Actual Rows": 180966,
                                                                "Actual Loops": 1
                                                            },
                                                            {
                                                                "Worker Number": 2,
                                                                "Actual Startup Time": 203.79,
                                                                "Actual Total Time": 203.792,
                                                                "Actual Rows": 218619,
                                                                "Actual Loops": 1
                                                            },
                                                            {
                                                                "Worker Number": 3,
                                                                "Actual Startup Time": 203.763,
                                                                "Actual Total Time": 203.764,
                                                                "Actual Rows": 180501,
                                                                "Actual Loops": 1
                                                            },
                                                            {
                                                                "Worker Number": 4,
                                                                "Actual Startup Time": 203.778,
                                                                "Actual Total Time": 203.779,
                                                                "Actual Rows": 226605,
                                                                "Actual Loops": 1
                                                            },
                                                            {
                                                                "Worker Number": 5,
                                                                "Actual Startup Time": 203.757,
                                                                "Actual Total Time": 203.758,
                                                                "Actual Rows": 235157,
                                                                "Actual Loops": 1
                                                            }
                                                        ],
                                                        "Plans": [
                                                            {
                                                                "Node Type": "Seq Scan",
                                                                "Parent Relationship": "Outer",
                                                                "Parallel Aware": true,
                                                                "Relation Name": "title",
                                                                "Schema": "public",
                                                                "Alias": "t",
                                                                "Startup Cost": 0.0,
                                                                "Total Cost": 43899.01,
                                                                "Plan Rows": 391198,
                                                                "Plan Width": 4,
                                                                "Actual Startup Time": 0.064,
                                                                "Actual Total Time": 82.978,
                                                                "Actual Rows": 224367,
                                                                "Actual Loops": 7,
                                                                "Output": [
                                                                    "t.id"
                                                                ],
                                                                "Filter": "(t.production_year > 1996)",
                                                                "Rows Removed by Filter": 136821,
                                                                "Workers": [
                                                                    {
                                                                        "Worker Number": 0,
                                                                        "Actual Startup Time": 0.078,
                                                                        "Actual Total Time": 86.813,
                                                                        "Actual Rows": 179577,
                                                                        "Actual Loops": 1
                                                                    },
                                                                    {
                                                                        "Worker Number": 1,
                                                                        "Actual Startup Time": 0.077,
                                                                        "Actual Total Time": 87.212,
                                                                        "Actual Rows": 180966,
                                                                        "Actual Loops": 1
                                                                    },
                                                                    {
                                                                        "Worker Number": 2,
                                                                        "Actual Startup Time": 0.068,
                                                                        "Actual Total Time": 82.39,
                                                                        "Actual Rows": 218619,
                                                                        "Actual Loops": 1
                                                                    },
                                                                    {
                                                                        "Worker Number": 3,
                                                                        "Actual Startup Time": 0.067,
                                                                        "Actual Total Time": 86.385,
                                                                        "Actual Rows": 180501,
                                                                        "Actual Loops": 1
                                                                    },
                                                                    {
                                                                        "Worker Number": 4,
                                                                        "Actual Startup Time": 0.074,
                                                                        "Actual Total Time": 83.039,
                                                                        "Actual Rows": 226605,
                                                                        "Actual Loops": 1
                                                                    },
                                                                    {
                                                                        "Worker Number": 5,
                                                                        "Actual Startup Time": 0.066,
                                                                        "Actual Total Time": 83.938,
                                                                        "Actual Rows": 235157,
                                                                        "Actual Loops": 1
                                                                    }
                                                                ]
                                                            }
                                                        ]
                                                    }
                                                ]
                                            }
                                        ]
                                    }
                                ]
                            }
                        ]
                    }
                ]
            }
        ]
    },
    "Planning Time": 1.409,
    "Triggers": [],
    "Execution Time": 4889.894
}