[
  {
    "Plan": {
      "Node Type": "Aggregate",
      "Strategy": "Plain",
      "Partial Mode": "Finalize",
      "Parallel Aware": false,
      "Startup Cost": 366566.49,
      "Total Cost": 366566.5,
      "Plan Rows": 1,
      "Plan Width": 8,
      "Actual Startup Time": 1350.26,
      "Actual Total Time": 1382.776,
      "Actual Rows": 1,
      "Actual Loops": 1,
      "Plans": [
        {
          "Node Type": "Gather",
          "Parent Relationship": "Outer",
          "Parallel Aware": false,
          "Startup Cost": 366566.28,
          "Total Cost": 366566.49,
          "Plan Rows": 2,
          "Plan Width": 8,
          "Actual Startup Time": 1338.72,
          "Actual Total Time": 1382.767,
          "Actual Rows": 3,
          "Actual Loops": 1,
          "Workers Planned": 2,
          "Workers Launched": 2,
          "Single Copy": false,
          "Plans": [
            {
              "Node Type": "Aggregate",
              "Strategy": "Plain",
              "Partial Mode": "Partial",
              "Parent Relationship": "Outer",
              "Parallel Aware": false,
              "Startup Cost": 365566.28,
              "Total Cost": 365566.29,
              "Plan Rows": 1,
              "Plan Width": 8,
              "Actual Startup Time": 1326.128,
              "Actual Total Time": 1326.135,
              "Actual Rows": 1,
              "Actual Loops": 3,
              "Plans": [
                {
                  "Node Type": "Hash Join",
                  "Parent Relationship": "Outer",
                  "Parallel Aware": true,
                  "Join Type": "Inner",
                  "Startup Cost": 348311.88,
                  "Total Cost": 364718.51,
                  "Plan Rows": 339108,
                  "Plan Width": 0,
                  "Actual Startup Time": 1086.19,
                  "Actual Total Time": 1290.946,
                  "Actual Rows": 767151,
                  "Actual Loops": 3,
                  "Inner Unique": false,
                  "Hash Cond": "(mi_idx.movie_id = t.id)",
                  "Plans": [
                    {
                      "Node Type": "Seq Scan",
                      "Parent Relationship": "Outer",
                      "Parallel Aware": true,
                      "Relation Name": "movie_info_idx",
                      "Alias": "mi_idx",
                      "Startup Cost": 0.0,
                      "Total Cost": 13685.15,
                      "Plan Rows": 575015,
                      "Plan Width": 4,
                      "Actual Startup Time": 0.043,
                      "Actual Total Time": 39.122,
                      "Actual Rows": 460012,
                      "Actual Loops": 3
                    },
                    {
                      "Node Type": "Hash",
                      "Parent Relationship": "Inner",
                      "Parallel Aware": true,
                      "Startup Cost": 345205.56,
                      "Total Cost": 345205.56,
                      "Plan Rows": 248505,
                      "Plan Width": 8,
                      "Actual Startup Time": 1076.001,
                      "Actual Total Time": 1076.006,
                      "Actual Rows": 467512,
                      "Actual Loops": 3,
                      "Hash Buckets": 2097152,
                      "Original Hash Buckets": 2097152,
                      "Hash Batches": 1,
                      "Original Hash Batches": 1,
                      "Peak Memory Usage": 71328,
                      "Plans": [
                        {
                          "Node Type": "Hash Join",
                          "Parent Relationship": "Outer",
                          "Parallel Aware": true,
                          "Join Type": "Inner",
                          "Startup Cost": 88250.71,
                          "Total Cost": 345205.56,
                          "Plan Rows": 248505,
                          "Plan Width": 8,
                          "Actual Startup Time": 537.362,
                          "Actual Total Time": 897.54,
                          "Actual Rows": 467512,
                          "Actual Loops": 3,
                          "Inner Unique": true,
                          "Hash Cond": "(ci.movie_id = t.id)",
                          "Plans": [
                            {
                              "Node Type": "Bitmap Heap Scan",
                              "Parent Relationship": "Outer",
                              "Parallel Aware": true,
                              "Relation Name": "cast_info",
                              "Alias": "ci",
                              "Startup Cost": 37393.57,
                              "Total Cost": 293607.72,
                              "Plan Rows": 282172,
                              "Plan Width": 4,
                              "Actual Startup Time": 85.504,
                              "Actual Total Time": 177.856,
                              "Actual Rows": 547576,
                              "Actual Loops": 3,
                              "Recheck Cond": "(person_id > 3736423)",
                              "Rows Removed by Index Recheck": 0,
                              "Exact Heap Blocks": 6772,
                              "Lossy Heap Blocks": 0,
                              "Plans": [
                                {
                                  "Node Type": "Bitmap Index Scan",
                                  "Parent Relationship": "Outer",
                                  "Parallel Aware": false,
                                  "Index Name": "person_id_cast_info",
                                  "Startup Cost": 0.0,
                                  "Total Cost": 36970.31,
                                  "Plan Rows": 1693033,
                                  "Plan Width": 0,
                                  "Actual Startup Time": 79.697,
                                  "Actual Total Time": 79.697,
                                  "Actual Rows": 1642729,
                                  "Actual Loops": 1,
                                  "Index Cond": "(person_id > 3736423)"
                                }
                              ]
                            },
                            {
                              "Node Type": "Hash",
                              "Parent Relationship": "Inner",
                              "Parallel Aware": true,
                              "Startup Cost": 43898.92,
                              "Total Cost": 43898.92,
                              "Plan Rows": 556658,
                              "Plan Width": 4,
                              "Actual Startup Time": 440.145,
                              "Actual Total Time": 440.146,
                              "Actual Rows": 741523,
                              "Actual Loops": 3,
                              "Hash Buckets": 4194304,
                              "Original Hash Buckets": 4194304,
                              "Hash Batches": 1,
                              "Original Hash Batches": 1,
                              "Peak Memory Usage": 119808,
                              "Plans": [
                                {
                                  "Node Type": "Seq Scan",
                                  "Parent Relationship": "Outer",
                                  "Parallel Aware": true,
                                  "Relation Name": "title",
                                  "Alias": "t",
                                  "Startup Cost": 0.0,
                                  "Total Cost": 43898.92,
                                  "Plan Rows": 556658,
                                  "Plan Width": 4,
                                  "Actual Startup Time": 0.05,
                                  "Actual Total Time": 151.224,
                                  "Actual Rows": 741523,
                                  "Actual Loops": 3,
                                  "Filter": "(production_year < 2012)",
                                  "Rows Removed by Filter": 101248
                                }
                              ]
                            }
                          ]
                        }
                      ]
                    }
                  ]
                }
              ]
            }
          ]
        }
      ]
    },
    "Planning Time": 1.214,
    "Triggers": [],
    "Execution Time": 1382.881
  }
]