[
  {
    "Plan": {
      "Node Type": "Aggregate",
      "Strategy": "Plain",
      "Partial Mode": "Finalize",
      "Parallel Aware": false,
      "Startup Cost": 33439.34,
      "Total Cost": 33439.35,
      "Plan Rows": 1,
      "Plan Width": 8,
      "Actual Startup Time": 104.081,
      "Actual Total Time": 111.991,
      "Actual Rows": 1,
      "Actual Loops": 1,
      "Plans": [
        {
          "Node Type": "Gather",
          "Parent Relationship": "Outer",
          "Parallel Aware": false,
          "Startup Cost": 33439.02,
          "Total Cost": 33439.33,
          "Plan Rows": 3,
          "Plan Width": 8,
          "Actual Startup Time": 103.991,
          "Actual Total Time": 111.985,
          "Actual Rows": 4,
          "Actual Loops": 1,
          "Workers Planned": 3,
          "Workers Launched": 3,
          "Single Copy": false,
          "Plans": [
            {
              "Node Type": "Aggregate",
              "Strategy": "Plain",
              "Partial Mode": "Partial",
              "Parent Relationship": "Outer",
              "Parallel Aware": false,
              "Startup Cost": 32439.02,
              "Total Cost": 32439.03,
              "Plan Rows": 1,
              "Plan Width": 8,
              "Actual Startup Time": 98.579,
              "Actual Total Time": 98.58,
              "Actual Rows": 1,
              "Actual Loops": 4,
              "Plans": [
                {
                  "Node Type": "Seq Scan",
                  "Parent Relationship": "Outer",
                  "Parallel Aware": true,
                  "Relation Name": "movie_companies",
                  "Alias": "mc",
                  "Startup Cost": 0.0,
                  "Total Cost": 31414.82,
                  "Plan Rows": 409681,
                  "Plan Width": 0,
                  "Actual Startup Time": 43.073,
                  "Actual Total Time": 84.272,
                  "Actual Rows": 303382,
                  "Actual Loops": 4,
                  "Filter": "((company_id < 145600) AND (company_type_id > 1))",
                  "Rows Removed by Filter": 348900
                }
              ]
            }
          ]
        }
      ]
    },
    "Planning Time": 0.098,
    "Triggers": [],
    "Execution Time": 112.018
  }
]