[
  {
    "Plan": {
      "Node Type": "Aggregate",
      "Strategy": "Plain",
      "Partial Mode": "Finalize",
      "Parallel Aware": false,
      "Startup Cost": 25617.7,
      "Total Cost": 25617.71,
      "Plan Rows": 1,
      "Plan Width": 8,
      "Actual Startup Time": 63.407,
      "Actual Total Time": 67.311,
      "Actual Rows": 1,
      "Actual Loops": 1,
      "Plans": [
        {
          "Node Type": "Gather",
          "Parent Relationship": "Outer",
          "Parallel Aware": false,
          "Startup Cost": 25617.38,
          "Total Cost": 25617.69,
          "Plan Rows": 3,
          "Plan Width": 8,
          "Actual Startup Time": 63.246,
          "Actual Total Time": 67.302,
          "Actual Rows": 4,
          "Actual Loops": 1,
          "Workers Planned": 3,
          "Workers Launched": 3,
          "Single Copy": false,
          "Plans": [
            {
              "Node Type": "Aggregate",
              "Strategy": "Plain",
              "Partial Mode": "Partial",
              "Parent Relationship": "Outer",
              "Parallel Aware": false,
              "Startup Cost": 24617.38,
              "Total Cost": 24617.39,
              "Plan Rows": 1,
              "Plan Width": 8,
              "Actual Startup Time": 55.787,
              "Actual Total Time": 55.788,
              "Actual Rows": 1,
              "Actual Loops": 4,
              "Plans": [
                {
                  "Node Type": "Bitmap Heap Scan",
                  "Parent Relationship": "Outer",
                  "Parallel Aware": true,
                  "Relation Name": "movie_companies",
                  "Alias": "mc",
                  "Startup Cost": 4763.85,
                  "Total Cost": 24440.12,
                  "Plan Rows": 70902,
                  "Plan Width": 0,
                  "Actual Startup Time": 19.942,
                  "Actual Total Time": 50.727,
                  "Actual Rows": 54241,
                  "Actual Loops": 4,
                  "Recheck Cond": "(company_id > 108753)",
                  "Rows Removed by Index Recheck": 0,
                  "Exact Heap Blocks": 2197,
                  "Lossy Heap Blocks": 0,
                  "Plans": [
                    {
                      "Node Type": "Bitmap Index Scan",
                      "Parent Relationship": "Outer",
                      "Parallel Aware": false,
                      "Index Name": "company_id_movie_companies",
                      "Startup Cost": 0.0,
                      "Total Cost": 4708.9,
                      "Plan Rows": 219796,
                      "Plan Width": 0,
                      "Actual Startup Time": 25.262,
                      "Actual Total Time": 25.262,
                      "Actual Rows": 216964,
                      "Actual Loops": 1,
                      "Index Cond": "(company_id > 108753)"
                    }
                  ]
                }
              ]
            }
          ]
        }
      ]
    },
    "Planning Time": 0.192,
    "Triggers": [],
    "Execution Time": 67.387
  }
]