[
  {
    "Plan": {
      "Node Type": "Aggregate",
      "Strategy": "Plain",
      "Partial Mode": "Finalize",
      "Parallel Aware": false,
      "Startup Cost": 76624.43,
      "Total Cost": 76624.44,
      "Plan Rows": 1,
      "Plan Width": 8,
      "Actual Startup Time": 179.937,
      "Actual Total Time": 197.28,
      "Actual Rows": 1,
      "Actual Loops": 1,
      "Plans": [
        {
          "Node Type": "Gather",
          "Parent Relationship": "Outer",
          "Parallel Aware": false,
          "Startup Cost": 76624.11,
          "Total Cost": 76624.42,
          "Plan Rows": 3,
          "Plan Width": 8,
          "Actual Startup Time": 179.634,
          "Actual Total Time": 197.273,
          "Actual Rows": 4,
          "Actual Loops": 1,
          "Workers Planned": 3,
          "Workers Launched": 3,
          "Single Copy": false,
          "Plans": [
            {
              "Node Type": "Aggregate",
              "Strategy": "Plain",
              "Partial Mode": "Partial",
              "Parent Relationship": "Outer",
              "Parallel Aware": false,
              "Startup Cost": 75624.11,
              "Total Cost": 75624.12,
              "Plan Rows": 1,
              "Plan Width": 8,
              "Actual Startup Time": 173.89,
              "Actual Total Time": 173.893,
              "Actual Rows": 1,
              "Actual Loops": 4,
              "Plans": [
                {
                  "Node Type": "Hash Join",
                  "Parent Relationship": "Outer",
                  "Parallel Aware": true,
                  "Join Type": "Inner",
                  "Startup Cost": 45583.71,
                  "Total Cost": 75615.02,
                  "Plan Rows": 3635,
                  "Plan Width": 0,
                  "Actual Startup Time": 103.693,
                  "Actual Total Time": 173.584,
                  "Actual Rows": 5514,
                  "Actual Loops": 4,
                  "Inner Unique": true,
                  "Hash Cond": "(mc.movie_id = t.id)",
                  "Plans": [
                    {
                      "Node Type": "Seq Scan",
                      "Parent Relationship": "Outer",
                      "Parallel Aware": true,
                      "Relation Name": "movie_companies",
                      "Alias": "mc",
                      "Startup Cost": 0.0,
                      "Total Cost": 29310.68,
                      "Plan Rows": 274526,
                      "Plan Width": 4,
                      "Actual Startup Time": 10.393,
                      "Actual Total Time": 59.538,
                      "Actual Rows": 216054,
                      "Actual Loops": 4,
                      "Filter": "(company_id > 23996)",
                      "Rows Removed by Filter": 436228
                    },
                    {
                      "Node Type": "Hash",
                      "Parent Relationship": "Inner",
                      "Parallel Aware": true,
                      "Startup Cost": 45479.1,
                      "Total Cost": 45479.1,
                      "Plan Rows": 8369,
                      "Plan Width": 4,
                      "Actual Startup Time": 92.1,
                      "Actual Total Time": 92.101,
                      "Actual Rows": 7028,
                      "Actual Loops": 4,
                      "Hash Buckets": 65536,
                      "Original Hash Buckets": 65536,
                      "Hash Batches": 1,
                      "Original Hash Batches": 1,
                      "Peak Memory Usage": 1696,
                      "Plans": [
                        {
                          "Node Type": "Seq Scan",
                          "Parent Relationship": "Outer",
                          "Parallel Aware": true,
                          "Relation Name": "title",
                          "Alias": "t",
                          "Startup Cost": 0.0,
                          "Total Cost": 45479.1,
                          "Plan Rows": 8369,
                          "Plan Width": 4,
                          "Actual Startup Time": 0.264,
                          "Actual Total Time": 89.151,
                          "Actual Rows": 7028,
                          "Actual Loops": 4,
                          "Filter": "((kind_id < 7) AND (production_year = 2004))",
                          "Rows Removed by Filter": 625050
                        }
                      ]
                    }
                  ]
                }
              ]
            }
          ]
        }
      ]
    },
    "Planning Time": 0.517,
    "Triggers": [],
    "Execution Time": 197.339
  }
]