{
  "Plan": {
    "Node Type": "Aggregate",
    "Strategy": "Plain",
    "Partial Mode": "Finalize",
    "Parallel Aware": false,
    "Startup Cost": 51216.31,
    "Total Cost": 51216.32,
    "Plan Rows": 1,
    "Plan Width": 8,
    "Actual Startup Time": 47.583,
    "Actual Total Time": 53.263,
    "Actual Rows": 1,
    "Actual Loops": 1,
    "Plans": [
      {
        "Node Type": "Gather",
        "Parent Relationship": "Outer",
        "Parallel Aware": false,
        "Startup Cost": 51216.2,
        "Total Cost": 51216.31,
        "Plan Rows": 1,
        "Plan Width": 8,
        "Actual Startup Time": 47.473,
        "Actual Total Time": 53.258,
        "Actual Rows": 2,
        "Actual Loops": 1,
        "Workers Planned": 1,
        "Workers Launched": 1,
        "Single Copy": false,
        "Plans": [
          {
            "Node Type": "Aggregate",
            "Strategy": "Plain",
            "Partial Mode": "Partial",
            "Parent Relationship": "Outer",
            "Parallel Aware": false,
            "Startup Cost": 50216.2,
            "Total Cost": 50216.21,
            "Plan Rows": 1,
            "Plan Width": 8,
            "Actual Startup Time": 41.717,
            "Actual Total Time": 41.719,
            "Actual Rows": 1,
            "Actual Loops": 2,
            "Plans": [
              {
                "Node Type": "Nested Loop",
                "Parent Relationship": "Outer",
                "Parallel Aware": false,
                "Join Type": "Inner",
                "Startup Cost": 177.14,
                "Total Cost": 50208.14,
                "Plan Rows": 3222,
                "Plan Width": 0,
                "Actual Startup Time": 2.636,
                "Actual Total Time": 41.31,
                "Actual Rows": 4060,
                "Actual Loops": 2,
                "Inner Unique": true,
                "Plans": [
                  {
                    "Node Type": "Bitmap Heap Scan",
                    "Parent Relationship": "Outer",
                    "Parallel Aware": true,
                    "Relation Name": "movie_keyword",
                    "Alias": "mk",
                    "Startup Cost": 176.71,
                    "Total Cost": 17147.94,
                    "Plan Rows": 4879,
                    "Plan Width": 4,
                    "Actual Startup Time": 2.513,
                    "Actual Total Time": 13.202,
                    "Actual Rows": 4971,
                    "Actual Loops": 2,
                    "Recheck Cond": "(keyword_id = 56)",
                    "Rows Removed by Index Recheck": 0,
                    "Exact Heap Blocks": 6604,
                    "Lossy Heap Blocks": 0,
                    "Plans": [
                      {
                        "Node Type": "Bitmap Index Scan",
                        "Parent Relationship": "Outer",
                        "Parallel Aware": false,
                        "Index Name": "keyword_id_movie_keyword",
                        "Startup Cost": 0.0,
                        "Total Cost": 174.64,
                        "Plan Rows": 8294,
                        "Plan Width": 0,
                        "Actual Startup Time": 3.057,
                        "Actual Total Time": 3.057,
                        "Actual Rows": 9942,
                        "Actual Loops": 1,
                        "Index Cond": "(keyword_id = 56)"
                      }
                    ]
                  },
                  {
                    "Node Type": "Index Scan",
                    "Parent Relationship": "Inner",
                    "Parallel Aware": false,
                    "Scan Direction": "Forward",
                    "Index Name": "title_pkey",
                    "Relation Name": "title",
                    "Alias": "t",
                    "Startup Cost": 0.43,
                    "Total Cost": 6.78,
                    "Plan Rows": 1,
                    "Plan Width": 4,
                    "Actual Startup Time": 0.005,
                    "Actual Total Time": 0.005,
                    "Actual Rows": 1,
                    "Actual Loops": 9942,
                    "Index Cond": "(id = mk.movie_id)",
                    "Rows Removed by Index Recheck": 0,
                    "Filter": "(production_year < 2008)",
                    "Rows Removed by Filter": 0
                  }
                ]
              }
            ]
          }
        ]
      }
    ]
  },
  "Planning Time": 0.271,
  "Triggers": [],
  "Execution Time": 53.306
}