[
  {
    "Plan": {
      "Node Type": "Aggregate",
      "Strategy": "Plain",
      "Partial Mode": "Simple",
      "Parallel Aware": false,
      "Startup Cost": 696.34,
      "Total Cost": 696.35,
      "Plan Rows": 1,
      "Plan Width": 8,
      "Actual Startup Time": 17.875,
      "Actual Total Time": 17.877,
      "Actual Rows": 1,
      "Actual Loops": 1,
      "Plans": [
        {
          "Node Type": "Nested Loop",
          "Parent Relationship": "Outer",
          "Parallel Aware": false,
          "Join Type": "Inner",
          "Startup Cost": 0.86,
          "Total Cost": 696.33,
          "Plan Rows": 3,
          "Plan Width": 0,
          "Actual Startup Time": 5.007,
          "Actual Total Time": 17.863,
          "Actual Rows": 7,
          "Actual Loops": 1,
          "Inner Unique": true,
          "Plans": [
            {
              "Node Type": "Index Scan",
              "Parent Relationship": "Outer",
              "Parallel Aware": false,
              "Scan Direction": "Forward",
              "Index Name": "company_id_movie_companies",
              "Relation Name": "movie_companies",
              "Alias": "mc",
              "Startup Cost": 0.43,
              "Total Cost": 273.83,
              "Plan Rows": 50,
              "Plan Width": 4,
              "Actual Startup Time": 0.186,
              "Actual Total Time": 3.646,
              "Actual Rows": 995,
              "Actual Loops": 1,
              "Index Cond": "(company_id = 439)",
              "Rows Removed by Index Recheck": 0,
              "Filter": "(company_type_id = 1)",
              "Rows Removed by Filter": 1169
            },
            {
              "Node Type": "Index Scan",
              "Parent Relationship": "Inner",
              "Parallel Aware": false,
              "Scan Direction": "Forward",
              "Index Name": "title_pkey",
              "Relation Name": "title",
              "Alias": "t",
              "Startup Cost": 0.43,
              "Total Cost": 8.45,
              "Plan Rows": 1,
              "Plan Width": 4,
              "Actual Startup Time": 0.014,
              "Actual Total Time": 0.014,
              "Actual Rows": 0,
              "Actual Loops": 995,
              "Index Cond": "(id = mc.movie_id)",
              "Rows Removed by Index Recheck": 0,
              "Filter": "(production_year = 2012)",
              "Rows Removed by Filter": 1
            }
          ]
        }
      ]
    },
    "Planning Time": 0.685,
    "Triggers": [],
    "Execution Time": 17.938
  }
]