[
  {
    "Plan": {
      "Node Type": "Aggregate",
      "Strategy": "Plain",
      "Partial Mode": "Finalize",
      "Parallel Aware": false,
      "Startup Cost": 31413.18,
      "Total Cost": 31413.19,
      "Plan Rows": 1,
      "Plan Width": 8,
      "Actual Startup Time": 110.953,
      "Actual Total Time": 120.363,
      "Actual Rows": 1,
      "Actual Loops": 1,
      "Plans": [
        {
          "Node Type": "Gather",
          "Parent Relationship": "Outer",
          "Parallel Aware": false,
          "Startup Cost": 31412.86,
          "Total Cost": 31413.17,
          "Plan Rows": 3,
          "Plan Width": 8,
          "Actual Startup Time": 110.785,
          "Actual Total Time": 120.348,
          "Actual Rows": 4,
          "Actual Loops": 1,
          "Workers Planned": 3,
          "Workers Launched": 3,
          "Single Copy": false,
          "Plans": [
            {
              "Node Type": "Aggregate",
              "Strategy": "Plain",
              "Partial Mode": "Partial",
              "Parent Relationship": "Outer",
              "Parallel Aware": false,
              "Startup Cost": 30412.86,
              "Total Cost": 30412.87,
              "Plan Rows": 1,
              "Plan Width": 8,
              "Actual Startup Time": 106.977,
              "Actual Total Time": 106.979,
              "Actual Rows": 1,
              "Actual Loops": 4,
              "Plans": [
                {
                  "Node Type": "Seq Scan",
                  "Parent Relationship": "Outer",
                  "Parallel Aware": true,
                  "Relation Name": "movie_companies",
                  "Alias": "mc",
                  "Startup Cost": 0.0,
                  "Total Cost": 29310.68,
                  "Plan Rows": 440872,
                  "Plan Width": 0,
                  "Actual Startup Time": 0.018,
                  "Actual Total Time": 86.989,
                  "Actual Rows": 344112,
                  "Actual Loops": 4,
                  "Filter": "(company_id < 11868)",
                  "Rows Removed by Filter": 308170
                }
              ]
            }
          ]
        }
      ]
    },
    "Planning Time": 0.127,
    "Triggers": [],
    "Execution Time": 120.405
  }
]