[
  {
    "Plan": {
      "Node Type": "Aggregate",
      "Strategy": "Plain",
      "Partial Mode": "Finalize",
      "Parallel Aware": false,
      "Startup Cost": 144816.33,
      "Total Cost": 144816.34,
      "Plan Rows": 1,
      "Plan Width": 8,
      "Actual Startup Time": 106.78,
      "Actual Total Time": 122.399,
      "Actual Rows": 1,
      "Actual Loops": 1,
      "Plans": [
        {
          "Node Type": "Gather",
          "Parent Relationship": "Outer",
          "Parallel Aware": false,
          "Startup Cost": 144815.91,
          "Total Cost": 144816.32,
          "Plan Rows": 4,
          "Plan Width": 8,
          "Actual Startup Time": 106.657,
          "Actual Total Time": 122.392,
          "Actual Rows": 5,
          "Actual Loops": 1,
          "Workers Planned": 4,
          "Workers Launched": 4,
          "Single Copy": false,
          "Plans": [
            {
              "Node Type": "Aggregate",
              "Strategy": "Plain",
              "Partial Mode": "Partial",
              "Parent Relationship": "Outer",
              "Parallel Aware": false,
              "Startup Cost": 143815.91,
              "Total Cost": 143815.92,
              "Plan Rows": 1,
              "Plan Width": 8,
              "Actual Startup Time": 98.431,
              "Actual Total Time": 98.432,
              "Actual Rows": 1,
              "Actual Loops": 5,
              "Plans": [
                {
                  "Node Type": "Nested Loop",
                  "Parent Relationship": "Outer",
                  "Parallel Aware": false,
                  "Join Type": "Inner",
                  "Startup Cost": 0.43,
                  "Total Cost": 143803.89,
                  "Plan Rows": 4805,
                  "Plan Width": 0,
                  "Actual Startup Time": 56.282,
                  "Actual Total Time": 97.868,
                  "Actual Rows": 5490,
                  "Actual Loops": 5,
                  "Inner Unique": false,
                  "Plans": [
                    {
                      "Node Type": "Seq Scan",
                      "Parent Relationship": "Outer",
                      "Parallel Aware": true,
                      "Relation Name": "title",
                      "Alias": "t",
                      "Startup Cost": 0.0,
                      "Total Cost": 43898.92,
                      "Plan Rows": 822,
                      "Plan Width": 4,
                      "Actual Startup Time": 56.179,
                      "Actual Total Time": 77.404,
                      "Actual Rows": 523,
                      "Actual Loops": 5,
                      "Filter": "(production_year = 1924)",
                      "Rows Removed by Filter": 505139
                    },
                    {
                      "Node Type": "Index Only Scan",
                      "Parent Relationship": "Inner",
                      "Parallel Aware": false,
                      "Scan Direction": "Forward",
                      "Index Name": "movie_id_movie_info",
                      "Relation Name": "movie_info",
                      "Alias": "mi",
                      "Startup Cost": 0.43,
                      "Total Cost": 121.12,
                      "Plan Rows": 42,
                      "Plan Width": 4,
                      "Actual Startup Time": 0.015,
                      "Actual Total Time": 0.038,
                      "Actual Rows": 10,
                      "Actual Loops": 2615,
                      "Index Cond": "(movie_id = t.id)",
                      "Rows Removed by Index Recheck": 0,
                      "Heap Fetches": 27449
                    }
                  ]
                }
              ]
            }
          ]
        }
      ]
    },
    "Planning Time": 0.466,
    "Triggers": [],
    "Execution Time": 122.458
  }
]