[
  {
    "Bao": {
      "Bao prediction": 320.258,
      "Bao recommended hint": "(no hint)"
    }
  },
  {
    "Plan": {
      "Node Type": "Hash Join",
      "Parallel Aware": false,
      "Join Type": "Inner",
      "Startup Cost": 101171.88,
      "Total Cost": 166129.56,
      "Plan Rows": 2581606,
      "Plan Width": 40,
      "Actual Startup Time": 1584.041,
      "Actual Total Time": 3154.486,
      "Actual Rows": 2583037,
      "Actual Loops": 1,
      "Inner Unique": true,
      "Hash Cond": "(mc.movie_id = t.id)",
      "Plans": [
        {
          "Node Type": "Hash Join",
          "Parent Relationship": "Outer",
          "Parallel Aware": false,
          "Join Type": "Inner",
          "Startup Cost": 8282.43,
          "Total Cost": 66463.38,
          "Plan Rows": 2581606,
          "Plan Width": 40,
          "Actual Startup Time": 120.87,
          "Actual Total Time": 904.525,
          "Actual Rows": 2583037,
          "Actual Loops": 1,
          "Inner Unique": true,
          "Hash Cond": "(mc.company_id = cn.id)",
          "Plans": [
            {
              "Node Type": "Seq Scan",
              "Parent Relationship": "Outer",
              "Parallel Aware": false,
              "Relation Name": "movie_companies",
              "Alias": "mc",
              "Startup Cost": 0.0,
              "Total Cost": 51404.11,
              "Plan Rows": 2581606,
              "Plan Width": 40,
              "Actual Startup Time": 0.028,
              "Actual Total Time": 262.829,
              "Actual Rows": 2583037,
              "Actual Loops": 1,
              "Filter": "(company_id < 211061)",
              "Rows Removed by Filter": 26092
            },
            {
              "Node Type": "Hash",
              "Parent Relationship": "Inner",
              "Parallel Aware": false,
              "Startup Cost": 5344.97,
              "Total Cost": 5344.97,
              "Plan Rows": 234997,
              "Plan Width": 4,
              "Actual Startup Time": 118.542,
              "Actual Total Time": 118.543,
              "Actual Rows": 234997,
              "Actual Loops": 1,
              "Hash Buckets": 262144,
              "Original Hash Buckets": 262144,
              "Hash Batches": 1,
              "Original Hash Batches": 1,
              "Peak Memory Usage": 10310,
              "Plans": [
                {
                  "Node Type": "Seq Scan",
                  "Parent Relationship": "Outer",
                  "Parallel Aware": false,
                  "Relation Name": "company_name",
                  "Alias": "cn",
                  "Startup Cost": 0.0,
                  "Total Cost": 5344.97,
                  "Plan Rows": 234997,
                  "Plan Width": 4,
                  "Actual Startup Time": 0.054,
                  "Actual Total Time": 57.477,
                  "Actual Rows": 234997,
                  "Actual Loops": 1
                }
              ]
            }
          ]
        },
        {
          "Node Type": "Hash",
          "Parent Relationship": "Inner",
          "Parallel Aware": false,
          "Startup Cost": 61283.09,
          "Total Cost": 61283.09,
          "Plan Rows": 2528509,
          "Plan Width": 4,
          "Actual Startup Time": 1433.154,
          "Actual Total Time": 1433.155,
          "Actual Rows": 2528312,
          "Actual Loops": 1,
          "Hash Buckets": 4194304,
          "Original Hash Buckets": 4194304,
          "Hash Batches": 1,
          "Original Hash Batches": 1,
          "Peak Memory Usage": 121654,
          "Plans": [
            {
              "Node Type": "Seq Scan",
              "Parent Relationship": "Outer",
              "Parallel Aware": false,
              "Relation Name": "title",
              "Alias": "t",
              "Startup Cost": 0.0,
              "Total Cost": 61283.09,
              "Plan Rows": 2528509,
              "Plan Width": 4,
              "Actual Startup Time": 0.037,
              "Actual Total Time": 456.716,
              "Actual Rows": 2528312,
              "Actual Loops": 1
            }
          ]
        }
      ]
    },
    "Planning Time": 387.685,
    "Triggers": [],
    "Execution Time": 3237.657
  }
]