[
  {
    "Plan": {
      "Node Type": "Aggregate",
      "Strategy": "Plain",
      "Partial Mode": "Finalize",
      "Parallel Aware": false,
      "Startup Cost": 32604.12,
      "Total Cost": 32604.13,
      "Plan Rows": 1,
      "Plan Width": 8,
      "Actual Startup Time": 73.428,
      "Actual Total Time": 79.993,
      "Actual Rows": 1,
      "Actual Loops": 1,
      "Plans": [
        {
          "Node Type": "Gather",
          "Parent Relationship": "Outer",
          "Parallel Aware": false,
          "Startup Cost": 32603.8,
          "Total Cost": 32604.11,
          "Plan Rows": 3,
          "Plan Width": 8,
          "Actual Startup Time": 73.309,
          "Actual Total Time": 79.982,
          "Actual Rows": 4,
          "Actual Loops": 1,
          "Workers Planned": 3,
          "Workers Launched": 3,
          "Single Copy": false,
          "Plans": [
            {
              "Node Type": "Aggregate",
              "Strategy": "Plain",
              "Partial Mode": "Partial",
              "Parent Relationship": "Outer",
              "Parallel Aware": false,
              "Startup Cost": 31603.8,
              "Total Cost": 31603.81,
              "Plan Rows": 1,
              "Plan Width": 8,
              "Actual Startup Time": 69.842,
              "Actual Total Time": 69.843,
              "Actual Rows": 1,
              "Actual Loops": 4,
              "Plans": [
                {
                  "Node Type": "Seq Scan",
                  "Parent Relationship": "Outer",
                  "Parallel Aware": true,
                  "Relation Name": "movie_companies",
                  "Alias": "mc",
                  "Startup Cost": 0.0,
                  "Total Cost": 31414.82,
                  "Plan Rows": 75593,
                  "Plan Width": 0,
                  "Actual Startup Time": 0.028,
                  "Actual Total Time": 64.724,
                  "Actual Rows": 87272,
                  "Actual Loops": 4,
                  "Filter": "((company_id < 419) AND (company_type_id < 2))",
                  "Rows Removed by Filter": 565011
                }
              ]
            }
          ]
        }
      ]
    },
    "Planning Time": 0.185,
    "Triggers": [],
    "Execution Time": 80.038
  }
]