[
    {
        "Bao": {
            "Bao prediction": "NaN",
            "Bao recommended hint": "(no hint)"
        }
    },
    {
        "Plan": {
            "Node Type": "Aggregate",
            "Strategy": "Plain",
            "Partial Mode": "Simple",
            "Parallel Aware": false,
            "Startup Cost": 28239.35,
            "Total Cost": 28239.36,
            "Plan Rows": 1,
            "Plan Width": 8,
            "Actual Startup Time": 48.944,
            "Actual Total Time": 48.946,
            "Actual Rows": 1,
            "Actual Loops": 1,
            "Output": [
                "count(*)"
            ],
            "Plans": [
                {
                    "Node Type": "Bitmap Heap Scan",
                    "Parent Relationship": "Outer",
                    "Parallel Aware": false,
                    "Relation Name": "movie_keyword",
                    "Schema": "public",
                    "Alias": "mk",
                    "Startup Cost": 2218.15,
                    "Total Cost": 27978.15,
                    "Plan Rows": 104480,
                    "Plan Width": 0,
                    "Actual Startup Time": 11.0,
                    "Actual Total Time": 44.662,
                    "Actual Rows": 98591,
                    "Actual Loops": 1,
                    "Recheck Cond": "(mk.keyword_id > 82654)",
                    "Rows Removed by Index Recheck": 0,
                    "Exact Heap Blocks": 17207,
                    "Lossy Heap Blocks": 0,
                    "Plans": [
                        {
                            "Node Type": "Bitmap Index Scan",
                            "Parent Relationship": "Outer",
                            "Parallel Aware": false,
                            "Index Name": "keyword_id_movie_keyword",
                            "Startup Cost": 0.0,
                            "Total Cost": 2192.03,
                            "Plan Rows": 104480,
                            "Plan Width": 0,
                            "Actual Startup Time": 8.266,
                            "Actual Total Time": 8.267,
                            "Actual Rows": 98591,
                            "Actual Loops": 1,
                            "Index Cond": "(mk.keyword_id > 82654)"
                        }
                    ]
                }
            ]
        },
        "Planning Time": 194.656,
        "Triggers": [],
        "Execution Time": 49.028
    }
]