[
  {
    "Plan": {
      "Node Type": "Aggregate",
      "Strategy": "Plain",
      "Partial Mode": "Finalize",
      "Parallel Aware": false,
      "Startup Cost": 46014.18,
      "Total Cost": 46014.19,
      "Plan Rows": 1,
      "Plan Width": 8,
      "Actual Startup Time": 171.701,
      "Actual Total Time": 181.525,
      "Actual Rows": 1,
      "Actual Loops": 1,
      "Plans": [
        {
          "Node Type": "Gather",
          "Parent Relationship": "Outer",
          "Parallel Aware": false,
          "Startup Cost": 46013.87,
          "Total Cost": 46014.18,
          "Plan Rows": 3,
          "Plan Width": 8,
          "Actual Startup Time": 171.579,
          "Actual Total Time": 181.516,
          "Actual Rows": 4,
          "Actual Loops": 1,
          "Workers Planned": 3,
          "Workers Launched": 3,
          "Single Copy": false,
          "Plans": [
            {
              "Node Type": "Aggregate",
              "Strategy": "Plain",
              "Partial Mode": "Partial",
              "Parent Relationship": "Outer",
              "Parallel Aware": false,
              "Startup Cost": 45013.87,
              "Total Cost": 45013.88,
              "Plan Rows": 1,
              "Plan Width": 8,
              "Actual Startup Time": 162.714,
              "Actual Total Time": 162.716,
              "Actual Rows": 1,
              "Actual Loops": 4,
              "Plans": [
                {
                  "Node Type": "Seq Scan",
                  "Parent Relationship": "Outer",
                  "Parallel Aware": true,
                  "Relation Name": "movie_keyword",
                  "Alias": "mk",
                  "Startup Cost": 0.0,
                  "Total Cost": 42695.65,
                  "Plan Rows": 927285,
                  "Plan Width": 0,
                  "Actual Startup Time": 0.402,
                  "Actual Total Time": 125.37,
                  "Actual Rows": 719211,
                  "Actual Loops": 4,
                  "Filter": "(keyword_id > 2503)",
                  "Rows Removed by Filter": 411772
                }
              ]
            }
          ]
        }
      ]
    },
    "Planning Time": 0.189,
    "Triggers": [],
    "Execution Time": 181.583
  }
]