[
  {
    "Plan": {
      "Node Type": "Aggregate",
      "Strategy": "Plain",
      "Partial Mode": "Finalize",
      "Parallel Aware": false,
      "Startup Cost": 46027.57,
      "Total Cost": 46027.58,
      "Plan Rows": 1,
      "Plan Width": 8,
      "Actual Startup Time": 162.199,
      "Actual Total Time": 171.352,
      "Actual Rows": 1,
      "Actual Loops": 1,
      "Plans": [
        {
          "Node Type": "Gather",
          "Parent Relationship": "Outer",
          "Parallel Aware": false,
          "Startup Cost": 46027.26,
          "Total Cost": 46027.57,
          "Plan Rows": 3,
          "Plan Width": 8,
          "Actual Startup Time": 162.093,
          "Actual Total Time": 171.344,
          "Actual Rows": 4,
          "Actual Loops": 1,
          "Workers Planned": 3,
          "Workers Launched": 3,
          "Single Copy": false,
          "Plans": [
            {
              "Node Type": "Aggregate",
              "Strategy": "Plain",
              "Partial Mode": "Partial",
              "Parent Relationship": "Outer",
              "Parallel Aware": false,
              "Startup Cost": 45027.26,
              "Total Cost": 45027.27,
              "Plan Rows": 1,
              "Plan Width": 8,
              "Actual Startup Time": 155.168,
              "Actual Total Time": 155.169,
              "Actual Rows": 1,
              "Actual Loops": 4,
              "Plans": [
                {
                  "Node Type": "Seq Scan",
                  "Parent Relationship": "Outer",
                  "Parallel Aware": true,
                  "Relation Name": "movie_keyword",
                  "Alias": "mk",
                  "Startup Cost": 0.0,
                  "Total Cost": 42695.65,
                  "Plan Rows": 932641,
                  "Plan Width": 0,
                  "Actual Startup Time": 0.443,
                  "Actual Total Time": 121.67,
                  "Actual Rows": 719211,
                  "Actual Loops": 4,
                  "Filter": "(keyword_id > 2503)",
                  "Rows Removed by Filter": 411772
                }
              ]
            }
          ]
        }
      ]
    },
    "Planning Time": 0.16,
    "Triggers": [],
    "Execution Time": 171.402
  }
]