[
  {
    "Plan": {
      "Node Type": "Aggregate",
      "Strategy": "Plain",
      "Partial Mode": "Finalize",
      "Parallel Aware": false,
      "Startup Cost": 77345.6,
      "Total Cost": 77345.61,
      "Plan Rows": 1,
      "Plan Width": 8,
      "Actual Startup Time": 231.063,
      "Actual Total Time": 245.455,
      "Actual Rows": 1,
      "Actual Loops": 1,
      "Plans": [
        {
          "Node Type": "Gather",
          "Parent Relationship": "Outer",
          "Parallel Aware": false,
          "Startup Cost": 77345.18,
          "Total Cost": 77345.59,
          "Plan Rows": 4,
          "Plan Width": 8,
          "Actual Startup Time": 230.345,
          "Actual Total Time": 245.446,
          "Actual Rows": 5,
          "Actual Loops": 1,
          "Workers Planned": 4,
          "Workers Launched": 4,
          "Single Copy": false,
          "Plans": [
            {
              "Node Type": "Aggregate",
              "Strategy": "Plain",
              "Partial Mode": "Partial",
              "Parent Relationship": "Outer",
              "Parallel Aware": false,
              "Startup Cost": 76345.18,
              "Total Cost": 76345.19,
              "Plan Rows": 1,
              "Plan Width": 8,
              "Actual Startup Time": 220.37,
              "Actual Total Time": 220.373,
              "Actual Rows": 1,
              "Actual Loops": 5,
              "Plans": [
                {
                  "Node Type": "Hash Join",
                  "Parent Relationship": "Outer",
                  "Parallel Aware": true,
                  "Join Type": "Inner",
                  "Startup Cost": 30565.08,
                  "Total Cost": 76213.75,
                  "Plan Rows": 52570,
                  "Plan Width": 0,
                  "Actual Startup Time": 93.047,
                  "Actual Total Time": 219.226,
                  "Actual Rows": 19303,
                  "Actual Loops": 5,
                  "Inner Unique": false,
                  "Hash Cond": "(t.id = mc.movie_id)",
                  "Plans": [
                    {
                      "Node Type": "Seq Scan",
                      "Parent Relationship": "Outer",
                      "Parallel Aware": true,
                      "Relation Name": "title",
                      "Alias": "t",
                      "Startup Cost": 0.0,
                      "Total Cost": 42318.73,
                      "Plan Rows": 632073,
                      "Plan Width": 4,
                      "Actual Startup Time": 0.012,
                      "Actual Total Time": 59.991,
                      "Actual Rows": 505662,
                      "Actual Loops": 5
                    },
                    {
                      "Node Type": "Hash",
                      "Parent Relationship": "Inner",
                      "Parallel Aware": true,
                      "Startup Cost": 29717.16,
                      "Total Cost": 29717.16,
                      "Plan Rows": 67833,
                      "Plan Width": 4,
                      "Actual Startup Time": 91.03,
                      "Actual Total Time": 91.031,
                      "Actual Rows": 19303,
                      "Actual Loops": 5,
                      "Hash Buckets": 262144,
                      "Original Hash Buckets": 262144,
                      "Hash Batches": 1,
                      "Original Hash Batches": 1,
                      "Peak Memory Usage": 5888,
                      "Plans": [
                        {
                          "Node Type": "Bitmap Heap Scan",
                          "Parent Relationship": "Outer",
                          "Parallel Aware": true,
                          "Relation Name": "movie_companies",
                          "Alias": "mc",
                          "Startup Cost": 8923.18,
                          "Total Cost": 29717.16,
                          "Plan Rows": 67833,
                          "Plan Width": 4,
                          "Actual Startup Time": 73.718,
                          "Actual Total Time": 85.234,
                          "Actual Rows": 19303,
                          "Actual Loops": 5,
                          "Recheck Cond": "(company_id < 272)",
                          "Rows Removed by Index Recheck": 0,
                          "Filter": "(company_type_id = 2)",
                          "Rows Removed by Filter": 63169,
                          "Exact Heap Blocks": 8258,
                          "Lossy Heap Blocks": 0,
                          "Plans": [
                            {
                              "Node Type": "Bitmap Index Scan",
                              "Parent Relationship": "Outer",
                              "Parallel Aware": false,
                              "Index Name": "company_id_movie_companies",
                              "Startup Cost": 0.0,
                              "Total Cost": 8870.61,
                              "Plan Rows": 414157,
                              "Plan Width": 0,
                              "Actual Startup Time": 35.376,
                              "Actual Total Time": 35.376,
                              "Actual Rows": 412364,
                              "Actual Loops": 1,
                              "Index Cond": "(company_id < 272)"
                            }
                          ]
                        }
                      ]
                    }
                  ]
                }
              ]
            }
          ]
        }
      ]
    },
    "Planning Time": 0.661,
    "Triggers": [],
    "Execution Time": 245.6
  }
]