[
  {
    "Plan": {
      "Node Type": "Aggregate",
      "Strategy": "Plain",
      "Partial Mode": "Finalize",
      "Parallel Aware": false,
      "Startup Cost": 45590.11,
      "Total Cost": 45590.12,
      "Plan Rows": 1,
      "Plan Width": 8,
      "Actual Startup Time": 150.169,
      "Actual Total Time": 160.001,
      "Actual Rows": 1,
      "Actual Loops": 1,
      "Plans": [
        {
          "Node Type": "Gather",
          "Parent Relationship": "Outer",
          "Parallel Aware": false,
          "Startup Cost": 45589.79,
          "Total Cost": 45590.1,
          "Plan Rows": 3,
          "Plan Width": 8,
          "Actual Startup Time": 149.938,
          "Actual Total Time": 159.992,
          "Actual Rows": 4,
          "Actual Loops": 1,
          "Workers Planned": 3,
          "Workers Launched": 3,
          "Single Copy": false,
          "Plans": [
            {
              "Node Type": "Aggregate",
              "Strategy": "Plain",
              "Partial Mode": "Partial",
              "Parent Relationship": "Outer",
              "Parallel Aware": false,
              "Startup Cost": 44589.79,
              "Total Cost": 44589.8,
              "Plan Rows": 1,
              "Plan Width": 8,
              "Actual Startup Time": 143.843,
              "Actual Total Time": 143.844,
              "Actual Rows": 1,
              "Actual Loops": 4,
              "Plans": [
                {
                  "Node Type": "Seq Scan",
                  "Parent Relationship": "Outer",
                  "Parallel Aware": true,
                  "Relation Name": "movie_keyword",
                  "Alias": "mk",
                  "Startup Cost": 0.0,
                  "Total Cost": 42695.65,
                  "Plan Rows": 757655,
                  "Plan Width": 0,
                  "Actual Startup Time": 0.046,
                  "Actual Total Time": 116.793,
                  "Actual Rows": 586711,
                  "Actual Loops": 4,
                  "Filter": "(keyword_id < 5243)",
                  "Rows Removed by Filter": 544272
                }
              ]
            }
          ]
        }
      ]
    },
    "Planning Time": 0.172,
    "Triggers": [],
    "Execution Time": 160.061
  }
]