[
  {
    "Plan": {
      "Node Type": "Aggregate",
      "Strategy": "Plain",
      "Partial Mode": "Finalize",
      "Parallel Aware": false,
      "Startup Cost": 32766.67,
      "Total Cost": 32766.68,
      "Plan Rows": 1,
      "Plan Width": 8,
      "Actual Startup Time": 98.133,
      "Actual Total Time": 105.181,
      "Actual Rows": 1,
      "Actual Loops": 1,
      "Plans": [
        {
          "Node Type": "Gather",
          "Parent Relationship": "Outer",
          "Parallel Aware": false,
          "Startup Cost": 32766.35,
          "Total Cost": 32766.66,
          "Plan Rows": 3,
          "Plan Width": 8,
          "Actual Startup Time": 97.897,
          "Actual Total Time": 105.172,
          "Actual Rows": 4,
          "Actual Loops": 1,
          "Workers Planned": 3,
          "Workers Launched": 3,
          "Single Copy": false,
          "Plans": [
            {
              "Node Type": "Aggregate",
              "Strategy": "Plain",
              "Partial Mode": "Partial",
              "Parent Relationship": "Outer",
              "Parallel Aware": false,
              "Startup Cost": 31766.35,
              "Total Cost": 31766.36,
              "Plan Rows": 1,
              "Plan Width": 8,
              "Actual Startup Time": 89.535,
              "Actual Total Time": 89.536,
              "Actual Rows": 1,
              "Actual Loops": 4,
              "Plans": [
                {
                  "Node Type": "Seq Scan",
                  "Parent Relationship": "Outer",
                  "Parallel Aware": true,
                  "Relation Name": "movie_companies",
                  "Alias": "mc",
                  "Startup Cost": 0.0,
                  "Total Cost": 31414.82,
                  "Plan Rows": 140612,
                  "Plan Width": 0,
                  "Actual Startup Time": 48.881,
                  "Actual Total Time": 81.733,
                  "Actual Rows": 187836,
                  "Actual Loops": 4,
                  "Filter": "((company_id > 25967) AND (company_type_id > 1))",
                  "Rows Removed by Filter": 464446
                }
              ]
            }
          ]
        }
      ]
    },
    "Planning Time": 0.267,
    "Triggers": [],
    "Execution Time": 105.25
  }
]