[
  {
    "Plan": {
      "Node Type": "Aggregate",
      "Strategy": "Plain",
      "Partial Mode": "Finalize",
      "Parallel Aware": false,
      "Startup Cost": 76196.72,
      "Total Cost": 76196.73,
      "Plan Rows": 1,
      "Plan Width": 8,
      "Actual Startup Time": 228.46,
      "Actual Total Time": 244.909,
      "Actual Rows": 1,
      "Actual Loops": 1,
      "Plans": [
        {
          "Node Type": "Gather",
          "Parent Relationship": "Outer",
          "Parallel Aware": false,
          "Startup Cost": 76196.4,
          "Total Cost": 76196.71,
          "Plan Rows": 3,
          "Plan Width": 8,
          "Actual Startup Time": 227.149,
          "Actual Total Time": 244.891,
          "Actual Rows": 4,
          "Actual Loops": 1,
          "Workers Planned": 3,
          "Workers Launched": 3,
          "Single Copy": false,
          "Plans": [
            {
              "Node Type": "Aggregate",
              "Strategy": "Plain",
              "Partial Mode": "Partial",
              "Parent Relationship": "Outer",
              "Parallel Aware": false,
              "Startup Cost": 75196.4,
              "Total Cost": 75196.41,
              "Plan Rows": 1,
              "Plan Width": 8,
              "Actual Startup Time": 217.849,
              "Actual Total Time": 217.853,
              "Actual Rows": 1,
              "Actual Loops": 4,
              "Plans": [
                {
                  "Node Type": "Hash Join",
                  "Parent Relationship": "Outer",
                  "Parallel Aware": true,
                  "Join Type": "Inner",
                  "Startup Cost": 49917.15,
                  "Total Cost": 75180.9,
                  "Plan Rows": 6203,
                  "Plan Width": 0,
                  "Actual Startup Time": 166.29,
                  "Actual Total Time": 217.814,
                  "Actual Rows": 171,
                  "Actual Loops": 4,
                  "Inner Unique": true,
                  "Hash Cond": "(mk.movie_id = t.id)",
                  "Plans": [
                    {
                      "Node Type": "Bitmap Heap Scan",
                      "Parent Relationship": "Outer",
                      "Parallel Aware": true,
                      "Relation Name": "movie_keyword",
                      "Alias": "mk",
                      "Startup Cost": 3522.65,
                      "Total Cost": 28645.86,
                      "Plan Rows": 53537,
                      "Plan Width": 4,
                      "Actual Startup Time": 35.366,
                      "Actual Total Time": 78.149,
                      "Actual Rows": 39513,
                      "Actual Loops": 4,
                      "Recheck Cond": "(keyword_id > 73002)",
                      "Rows Removed by Index Recheck": 0,
                      "Exact Heap Blocks": 8512,
                      "Lossy Heap Blocks": 0,
                      "Plans": [
                        {
                          "Node Type": "Bitmap Index Scan",
                          "Parent Relationship": "Outer",
                          "Parallel Aware": false,
                          "Index Name": "keyword_id_movie_keyword",
                          "Startup Cost": 0.0,
                          "Total Cost": 3481.16,
                          "Plan Rows": 165964,
                          "Plan Width": 0,
                          "Actual Startup Time": 29.015,
                          "Actual Total Time": 29.015,
                          "Actual Rows": 158051,
                          "Actual Loops": 1,
                          "Index Cond": "(keyword_id > 73002)"
                        }
                      ]
                    },
                    {
                      "Node Type": "Hash",
                      "Parent Relationship": "Inner",
                      "Parallel Aware": true,
                      "Startup Cost": 45479.1,
                      "Total Cost": 45479.1,
                      "Plan Rows": 73232,
                      "Plan Width": 4,
                      "Actual Startup Time": 126.921,
                      "Actual Total Time": 126.922,
                      "Actual Rows": 42399,
                      "Actual Loops": 4,
                      "Hash Buckets": 524288,
                      "Original Hash Buckets": 524288,
                      "Hash Batches": 1,
                      "Original Hash Batches": 1,
                      "Peak Memory Usage": 10784,
                      "Plans": [
                        {
                          "Node Type": "Seq Scan",
                          "Parent Relationship": "Outer",
                          "Parallel Aware": true,
                          "Relation Name": "title",
                          "Alias": "t",
                          "Startup Cost": 0.0,
                          "Total Cost": 45479.1,
                          "Plan Rows": 73232,
                          "Plan Width": 4,
                          "Actual Startup Time": 0.043,
                          "Actual Total Time": 107.624,
                          "Actual Rows": 42399,
                          "Actual Loops": 4,
                          "Filter": "((kind_id > 1) AND (production_year < 1973))",
                          "Rows Removed by Filter": 589679
                        }
                      ]
                    }
                  ]
                }
              ]
            }
          ]
        }
      ]
    },
    "Planning Time": 0.678,
    "Triggers": [],
    "Execution Time": 245.001
  }
]