[
  {
    "Plan": {
      "Node Type": "Aggregate",
      "Strategy": "Plain",
      "Partial Mode": "Finalize",
      "Parallel Aware": false,
      "Startup Cost": 332527.96,
      "Total Cost": 332527.97,
      "Plan Rows": 1,
      "Plan Width": 8,
      "Actual Startup Time": 341.94,
      "Actual Total Time": 397.813,
      "Actual Rows": 1,
      "Actual Loops": 1,
      "Plans": [
        {
          "Node Type": "Gather",
          "Parent Relationship": "Outer",
          "Parallel Aware": false,
          "Startup Cost": 332527.54,
          "Total Cost": 332527.95,
          "Plan Rows": 4,
          "Plan Width": 8,
          "Actual Startup Time": 341.355,
          "Actual Total Time": 397.802,
          "Actual Rows": 5,
          "Actual Loops": 1,
          "Workers Planned": 4,
          "Workers Launched": 4,
          "Single Copy": false,
          "Plans": [
            {
              "Node Type": "Aggregate",
              "Strategy": "Plain",
              "Partial Mode": "Partial",
              "Parent Relationship": "Outer",
              "Parallel Aware": false,
              "Startup Cost": 331527.54,
              "Total Cost": 331527.55,
              "Plan Rows": 1,
              "Plan Width": 8,
              "Actual Startup Time": 334.381,
              "Actual Total Time": 334.382,
              "Actual Rows": 1,
              "Actual Loops": 5,
              "Plans": [
                {
                  "Node Type": "Nested Loop",
                  "Parent Relationship": "Outer",
                  "Parallel Aware": false,
                  "Join Type": "Inner",
                  "Startup Cost": 0.56,
                  "Total Cost": 331297.7,
                  "Plan Rows": 91937,
                  "Plan Width": 0,
                  "Actual Startup Time": 0.772,
                  "Actual Total Time": 328.452,
                  "Actual Rows": 86682,
                  "Actual Loops": 5,
                  "Inner Unique": false,
                  "Plans": [
                    {
                      "Node Type": "Seq Scan",
                      "Parent Relationship": "Outer",
                      "Parallel Aware": true,
                      "Relation Name": "title",
                      "Alias": "t",
                      "Startup Cost": 0.0,
                      "Total Cost": 45479.59,
                      "Plan Rows": 6412,
                      "Plan Width": 4,
                      "Actual Startup Time": 0.274,
                      "Actual Total Time": 68.997,
                      "Actual Rows": 4741,
                      "Actual Loops": 5,
                      "Filter": "((kind_id < 7) AND (production_year = 2013))",
                      "Rows Removed by Filter": 500921
                    },
                    {
                      "Node Type": "Index Only Scan",
                      "Parent Relationship": "Inner",
                      "Parallel Aware": false,
                      "Scan Direction": "Forward",
                      "Index Name": "movie_id_cast_info",
                      "Relation Name": "cast_info",
                      "Alias": "ci",
                      "Startup Cost": 0.56,
                      "Total Cost": 44.23,
                      "Plan Rows": 35,
                      "Plan Width": 4,
                      "Actual Startup Time": 0.01,
                      "Actual Total Time": 0.053,
                      "Actual Rows": 18,
                      "Actual Loops": 23707,
                      "Index Cond": "(movie_id = t.id)",
                      "Rows Removed by Index Recheck": 0,
                      "Heap Fetches": 433412
                    }
                  ]
                }
              ]
            }
          ]
        }
      ]
    },
    "Planning Time": 0.403,
    "Triggers": [],
    "Execution Time": 397.88
  }
]