{
  "Plan": {
    "Node Type": "Aggregate",
    "Strategy": "Plain",
    "Partial Mode": "Finalize",
    "Parallel Aware": false,
    "Startup Cost": 52936.56,
    "Total Cost": 52936.57,
    "Plan Rows": 1,
    "Plan Width": 8,
    "Actual Startup Time": 64.024,
    "Actual Total Time": 68.831,
    "Actual Rows": 1,
    "Actual Loops": 1,
    "Plans": [
      {
        "Node Type": "Gather",
        "Parent Relationship": "Outer",
        "Parallel Aware": false,
        "Startup Cost": 52936.45,
        "Total Cost": 52936.56,
        "Plan Rows": 1,
        "Plan Width": 8,
        "Actual Startup Time": 63.89,
        "Actual Total Time": 68.826,
        "Actual Rows": 2,
        "Actual Loops": 1,
        "Workers Planned": 1,
        "Workers Launched": 1,
        "Single Copy": false,
        "Plans": [
          {
            "Node Type": "Aggregate",
            "Strategy": "Plain",
            "Partial Mode": "Partial",
            "Parent Relationship": "Outer",
            "Parallel Aware": false,
            "Startup Cost": 51936.45,
            "Total Cost": 51936.46,
            "Plan Rows": 1,
            "Plan Width": 8,
            "Actual Startup Time": 57.603,
            "Actual Total Time": 57.605,
            "Actual Rows": 1,
            "Actual Loops": 2,
            "Plans": [
              {
                "Node Type": "Nested Loop",
                "Parent Relationship": "Outer",
                "Parallel Aware": false,
                "Join Type": "Inner",
                "Startup Cost": 2181.97,
                "Total Cost": 51936.09,
                "Plan Rows": 145,
                "Plan Width": 0,
                "Actual Startup Time": 52.262,
                "Actual Total Time": 57.599,
                "Actual Rows": 2,
                "Actual Loops": 2,
                "Inner Unique": false,
                "Join Filter": "(t.id = mi.movie_id)",
                "Rows Removed by Join Filter": 0,
                "Plans": [
                  {
                    "Node Type": "Nested Loop",
                    "Parent Relationship": "Outer",
                    "Parallel Aware": false,
                    "Join Type": "Inner",
                    "Startup Cost": 2181.54,
                    "Total Cost": 51864.85,
                    "Plan Rows": 25,
                    "Plan Width": 8,
                    "Actual Startup Time": 52.194,
                    "Actual Total Time": 57.481,
                    "Actual Rows": 0,
                    "Actual Loops": 2,
                    "Inner Unique": false,
                    "Plans": [
                      {
                        "Node Type": "Bitmap Heap Scan",
                        "Parent Relationship": "Outer",
                        "Parallel Aware": true,
                        "Relation Name": "title",
                        "Alias": "t",
                        "Startup Cost": 2180.97,
                        "Total Cost": 39257.22,
                        "Plan Rows": 83,
                        "Plan Width": 4,
                        "Actual Startup Time": 35.576,
                        "Actual Total Time": 56.374,
                        "Actual Rows": 6,
                        "Actual Loops": 2,
                        "Recheck Cond": "(kind_id = 4)",
                        "Rows Removed by Index Recheck": 0,
                        "Filter": "(production_year > 2013)",
                        "Rows Removed by Filter": 59111,
                        "Exact Heap Blocks": 10643,
                        "Lossy Heap Blocks": 0,
                        "Plans": [
                          {
                            "Node Type": "Bitmap Index Scan",
                            "Parent Relationship": "Outer",
                            "Parallel Aware": false,
                            "Index Name": "kind_id_title",
                            "Startup Cost": 0.0,
                            "Total Cost": 2180.94,
                            "Plan Rows": 122201,
                            "Plan Width": 0,
                            "Actual Startup Time": 18.6,
                            "Actual Total Time": 18.601,
                            "Actual Rows": 118234,
                            "Actual Loops": 1,
                            "Index Cond": "(kind_id = 4)"
                          }
                        ]
                      },
                      {
                        "Node Type": "Index Scan",
                        "Parent Relationship": "Inner",
                        "Parallel Aware": false,
                        "Scan Direction": "Forward",
                        "Index Name": "movie_id_cast_info",
                        "Relation Name": "cast_info",
                        "Alias": "ci",
                        "Startup Cost": 0.56,
                        "Total Cost": 151.89,
                        "Plan Rows": 1,
                        "Plan Width": 4,
                        "Actual Startup Time": 0.173,
                        "Actual Total Time": 0.182,
                        "Actual Rows": 0,
                        "Actual Loops": 12,
                        "Index Cond": "(movie_id = t.id)",
                        "Rows Removed by Index Recheck": 0,
                        "Filter": "((person_id < 365412) AND (role_id = 2))",
                        "Rows Removed by Filter": 16
                      }
                    ]
                  },
                  {
                    "Node Type": "Index Only Scan",
                    "Parent Relationship": "Inner",
                    "Parallel Aware": false,
                    "Scan Direction": "Forward",
                    "Index Name": "movie_id_movie_info",
                    "Relation Name": "movie_info",
                    "Alias": "mi",
                    "Startup Cost": 0.43,
                    "Total Cost": 2.32,
                    "Plan Rows": 42,
                    "Plan Width": 4,
                    "Actual Startup Time": 0.131,
                    "Actual Total Time": 0.229,
                    "Actual Rows": 5,
                    "Actual Loops": 1,
                    "Index Cond": "(movie_id = ci.movie_id)",
                    "Rows Removed by Index Recheck": 0,
                    "Heap Fetches": 5
                  }
                ]
              }
            ]
          }
        ]
      }
    ]
  },
  "Planning Time": 1.067,
  "Triggers": [],
  "Execution Time": 68.936
}