{
  "Plan": {
    "Node Type": "Aggregate",
    "Strategy": "Plain",
    "Partial Mode": "Finalize",
    "Parallel Aware": false,
    "Startup Cost": 103545.98,
    "Total Cost": 103545.99,
    "Plan Rows": 1,
    "Plan Width": 8,
    "Actual Startup Time": 438.087,
    "Actual Total Time": 454.067,
    "Actual Rows": 1,
    "Actual Loops": 1,
    "Plans": [
      {
        "Node Type": "Gather",
        "Parent Relationship": "Outer",
        "Parallel Aware": false,
        "Startup Cost": 103545.87,
        "Total Cost": 103545.98,
        "Plan Rows": 1,
        "Plan Width": 8,
        "Actual Startup Time": 436.89,
        "Actual Total Time": 454.06,
        "Actual Rows": 2,
        "Actual Loops": 1,
        "Workers Planned": 1,
        "Workers Launched": 1,
        "Single Copy": false,
        "Plans": [
          {
            "Node Type": "Aggregate",
            "Strategy": "Plain",
            "Partial Mode": "Partial",
            "Parent Relationship": "Outer",
            "Parallel Aware": false,
            "Startup Cost": 102545.87,
            "Total Cost": 102545.88,
            "Plan Rows": 1,
            "Plan Width": 8,
            "Actual Startup Time": 431.119,
            "Actual Total Time": 431.123,
            "Actual Rows": 1,
            "Actual Loops": 2,
            "Plans": [
              {
                "Node Type": "Hash Join",
                "Parent Relationship": "Outer",
                "Parallel Aware": true,
                "Join Type": "Inner",
                "Startup Cost": 62238.92,
                "Total Cost": 102154.81,
                "Plan Rows": 156422,
                "Plan Width": 0,
                "Actual Startup Time": 303.692,
                "Actual Total Time": 429.378,
                "Actual Rows": 42312,
                "Actual Loops": 2,
                "Inner Unique": true,
                "Hash Cond": "(mc.movie_id = t.id)",
                "Plans": [
                  {
                    "Node Type": "Seq Scan",
                    "Parent Relationship": "Outer",
                    "Parallel Aware": true,
                    "Relation Name": "movie_companies",
                    "Alias": "mc",
                    "Startup Cost": 0.0,
                    "Total Cost": 37974.77,
                    "Plan Rows": 739476,
                    "Plan Width": 4,
                    "Actual Startup Time": 14.957,
                    "Actual Total Time": 114.05,
                    "Actual Rows": 631399,
                    "Actual Loops": 2,
                    "Filter": "(company_id > 11540)",
                    "Rows Removed by Filter": 673166
                  },
                  {
                    "Node Type": "Hash",
                    "Parent Relationship": "Inner",
                    "Parallel Aware": true,
                    "Startup Cost": 58306.47,
                    "Total Cost": 58306.47,
                    "Plan Rows": 314596,
                    "Plan Width": 4,
                    "Actual Startup Time": 208.977,
                    "Actual Total Time": 208.978,
                    "Actual Rows": 214124,
                    "Actual Loops": 2,
                    "Hash Buckets": 1048576,
                    "Original Hash Buckets": 1048576,
                    "Hash Batches": 1,
                    "Original Hash Batches": 1,
                    "Peak Memory Usage": 24992,
                    "Plans": [
                      {
                        "Node Type": "Seq Scan",
                        "Parent Relationship": "Outer",
                        "Parallel Aware": true,
                        "Relation Name": "title",
                        "Alias": "t",
                        "Startup Cost": 0.0,
                        "Total Cost": 58306.47,
                        "Plan Rows": 314596,
                        "Plan Width": 4,
                        "Actual Startup Time": 0.033,
                        "Actual Total Time": 149.513,
                        "Actual Rows": 214124,
                        "Actual Loops": 2,
                        "Filter": "((production_year < 1997) AND (kind_id = 7))",
                        "Rows Removed by Filter": 1050032
                      }
                    ]
                  }
                ]
              }
            ]
          }
        ]
      }
    ]
  },
  "Planning Time": 0.633,
  "Triggers": [],
  "Execution Time": 454.136
}