[
  {
    "Plan": {
      "Node Type": "Aggregate",
      "Strategy": "Plain",
      "Partial Mode": "Finalize",
      "Parallel Aware": false,
      "Startup Cost": 94163.46,
      "Total Cost": 94163.47,
      "Plan Rows": 1,
      "Plan Width": 8,
      "Actual Startup Time": 458.852,
      "Actual Total Time": 478.176,
      "Actual Rows": 1,
      "Actual Loops": 1,
      "Plans": [
        {
          "Node Type": "Gather",
          "Parent Relationship": "Outer",
          "Parallel Aware": false,
          "Startup Cost": 94163.04,
          "Total Cost": 94163.45,
          "Plan Rows": 4,
          "Plan Width": 8,
          "Actual Startup Time": 456.54,
          "Actual Total Time": 478.169,
          "Actual Rows": 5,
          "Actual Loops": 1,
          "Workers Planned": 4,
          "Workers Launched": 4,
          "Single Copy": false,
          "Plans": [
            {
              "Node Type": "Aggregate",
              "Strategy": "Plain",
              "Partial Mode": "Partial",
              "Parent Relationship": "Outer",
              "Parallel Aware": false,
              "Startup Cost": 93163.04,
              "Total Cost": 93163.05,
              "Plan Rows": 1,
              "Plan Width": 8,
              "Actual Startup Time": 450.335,
              "Actual Total Time": 450.34,
              "Actual Rows": 1,
              "Actual Loops": 5,
              "Plans": [
                {
                  "Node Type": "Nested Loop",
                  "Parent Relationship": "Outer",
                  "Parallel Aware": false,
                  "Join Type": "Inner",
                  "Startup Cost": 17540.57,
                  "Total Cost": 93103.35,
                  "Plan Rows": 23877,
                  "Plan Width": 0,
                  "Actual Startup Time": 63.938,
                  "Actual Total Time": 445.001,
                  "Actual Rows": 88195,
                  "Actual Loops": 5,
                  "Inner Unique": false,
                  "Plans": [
                    {
                      "Node Type": "Hash Join",
                      "Parent Relationship": "Outer",
                      "Parallel Aware": true,
                      "Join Type": "Inner",
                      "Startup Cost": 17540.14,
                      "Total Cost": 62552.95,
                      "Plan Rows": 45274,
                      "Plan Width": 8,
                      "Actual Startup Time": 63.885,
                      "Actual Total Time": 210.754,
                      "Actual Rows": 63656,
                      "Actual Loops": 5,
                      "Inner Unique": false,
                      "Hash Cond": "(t.id = mi_idx.movie_id)",
                      "Plans": [
                        {
                          "Node Type": "Seq Scan",
                          "Parent Relationship": "Outer",
                          "Parallel Aware": true,
                          "Relation Name": "title",
                          "Alias": "t",
                          "Startup Cost": 0.0,
                          "Total Cost": 43899.32,
                          "Plan Rows": 246626,
                          "Plan Width": 4,
                          "Actual Startup Time": 0.019,
                          "Actual Total Time": 70.399,
                          "Actual Rows": 197010,
                          "Actual Loops": 5,
                          "Filter": "(kind_id < 7)",
                          "Rows Removed by Filter": 308653
                        },
                        {
                          "Node Type": "Hash",
                          "Parent Relationship": "Inner",
                          "Parallel Aware": true,
                          "Startup Cost": 15122.68,
                          "Total Cost": 15122.68,
                          "Plan Rows": 193397,
                          "Plan Width": 4,
                          "Actual Startup Time": 62.128,
                          "Actual Total Time": 62.129,
                          "Actual Rows": 92037,
                          "Actual Loops": 5,
                          "Hash Buckets": 524288,
                          "Original Hash Buckets": 524288,
                          "Hash Batches": 1,
                          "Original Hash Batches": 1,
                          "Peak Memory Usage": 22144,
                          "Plans": [
                            {
                              "Node Type": "Seq Scan",
                              "Parent Relationship": "Outer",
                              "Parallel Aware": true,
                              "Relation Name": "movie_info_idx",
                              "Alias": "mi_idx",
                              "Startup Cost": 0.0,
                              "Total Cost": 15122.68,
                              "Plan Rows": 193397,
                              "Plan Width": 4,
                              "Actual Startup Time": 0.032,
                              "Actual Total Time": 32.268,
                              "Actual Rows": 92037,
                              "Actual Loops": 5,
                              "Filter": "(info_type_id > 100)",
                              "Rows Removed by Filter": 183970
                            }
                          ]
                        }
                      ]
                    },
                    {
                      "Node Type": "Index Scan",
                      "Parent Relationship": "Inner",
                      "Parallel Aware": false,
                      "Scan Direction": "Forward",
                      "Index Name": "movie_id_movie_companies",
                      "Relation Name": "movie_companies",
                      "Alias": "mc",
                      "Startup Cost": 0.43,
                      "Total Cost": 0.64,
                      "Plan Rows": 3,
                      "Plan Width": 4,
                      "Actual Startup Time": 0.003,
                      "Actual Total Time": 0.003,
                      "Actual Rows": 1,
                      "Actual Loops": 318279,
                      "Index Cond": "(movie_id = t.id)",
                      "Rows Removed by Index Recheck": 0,
                      "Filter": "(company_type_id > 1)",
                      "Rows Removed by Filter": 2
                    }
                  ]
                }
              ]
            }
          ]
        }
      ]
    },
    "Planning Time": 0.927,
    "Triggers": [],
    "Execution Time": 478.228
  }
]