{
  "Plan": {
    "Node Type": "Aggregate",
    "Strategy": "Plain",
    "Partial Mode": "Finalize",
    "Parallel Aware": false,
    "Startup Cost": 78919.84,
    "Total Cost": 78919.85,
    "Plan Rows": 1,
    "Plan Width": 8,
    "Actual Startup Time": 244.259,
    "Actual Total Time": 255.223,
    "Actual Rows": 1,
    "Actual Loops": 1,
    "Plans": [
      {
        "Node Type": "Gather",
        "Parent Relationship": "Outer",
        "Parallel Aware": false,
        "Startup Cost": 78919.73,
        "Total Cost": 78919.84,
        "Plan Rows": 1,
        "Plan Width": 8,
        "Actual Startup Time": 244.077,
        "Actual Total Time": 255.215,
        "Actual Rows": 2,
        "Actual Loops": 1,
        "Workers Planned": 1,
        "Workers Launched": 1,
        "Single Copy": false,
        "Plans": [
          {
            "Node Type": "Aggregate",
            "Strategy": "Plain",
            "Partial Mode": "Partial",
            "Parent Relationship": "Outer",
            "Parallel Aware": false,
            "Startup Cost": 77919.73,
            "Total Cost": 77919.74,
            "Plan Rows": 1,
            "Plan Width": 8,
            "Actual Startup Time": 238.425,
            "Actual Total Time": 238.429,
            "Actual Rows": 1,
            "Actual Loops": 2,
            "Plans": [
              {
                "Node Type": "Hash Join",
                "Parent Relationship": "Outer",
                "Parallel Aware": true,
                "Join Type": "Inner",
                "Startup Cost": 58410.71,
                "Total Cost": 77912.15,
                "Plan Rows": 3031,
                "Plan Width": 0,
                "Actual Startup Time": 149.352,
                "Actual Total Time": 238.157,
                "Actual Rows": 5139,
                "Actual Loops": 2,
                "Inner Unique": true,
                "Hash Cond": "(mi_idx.movie_id = t.id)",
                "Plans": [
                  {
                    "Node Type": "Seq Scan",
                    "Parent Relationship": "Outer",
                    "Parallel Aware": true,
                    "Relation Name": "movie_info_idx",
                    "Alias": "mi_idx",
                    "Startup Cost": 0.0,
                    "Total Cost": 18082.32,
                    "Plan Rows": 540622,
                    "Plan Width": 4,
                    "Actual Startup Time": 0.021,
                    "Actual Total Time": 57.448,
                    "Actual Rows": 459925,
                    "Actual Loops": 2,
                    "Filter": "(info_type_id < 101)",
                    "Rows Removed by Filter": 230092
                  },
                  {
                    "Node Type": "Hash",
                    "Parent Relationship": "Inner",
                    "Parallel Aware": true,
                    "Startup Cost": 58306.47,
                    "Total Cost": 58306.47,
                    "Plan Rows": 8339,
                    "Plan Width": 4,
                    "Actual Startup Time": 147.881,
                    "Actual Total Time": 147.882,
                    "Actual Rows": 5918,
                    "Actual Loops": 2,
                    "Hash Buckets": 16384,
                    "Original Hash Buckets": 16384,
                    "Hash Batches": 1,
                    "Original Hash Batches": 1,
                    "Peak Memory Usage": 640,
                    "Plans": [
                      {
                        "Node Type": "Seq Scan",
                        "Parent Relationship": "Outer",
                        "Parallel Aware": true,
                        "Relation Name": "title",
                        "Alias": "t",
                        "Startup Cost": 0.0,
                        "Total Cost": 58306.47,
                        "Plan Rows": 8339,
                        "Plan Width": 4,
                        "Actual Startup Time": 0.256,
                        "Actual Total Time": 145.636,
                        "Actual Rows": 5918,
                        "Actual Loops": 2,
                        "Filter": "((kind_id < 7) AND (production_year = 1995))",
                        "Rows Removed by Filter": 1258238
                      }
                    ]
                  }
                ]
              }
            ]
          }
        ]
      }
    ]
  },
  "Planning Time": 0.464,
  "Triggers": [],
  "Execution Time": 255.295
}