[
    {
        "Bao": {
            "Bao prediction": 666.025,
            "Bao recommended hint": "(no hint)"
        }
    },
    {
        "Plan": {
            "Node Type": "Aggregate",
            "Strategy": "Plain",
            "Partial Mode": "Finalize",
            "Parallel Aware": false,
            "Startup Cost": 38806.16,
            "Total Cost": 38806.17,
            "Plan Rows": 1,
            "Plan Width": 8,
            "Actual Startup Time": 161.231,
            "Actual Total Time": 170.812,
            "Actual Rows": 1,
            "Actual Loops": 1,
            "Output": [
                "count(*)"
            ],
            "Plans": [
                {
                    "Node Type": "Gather",
                    "Parent Relationship": "Outer",
                    "Parallel Aware": false,
                    "Startup Cost": 38805.84,
                    "Total Cost": 38806.15,
                    "Plan Rows": 3,
                    "Plan Width": 8,
                    "Actual Startup Time": 160.878,
                    "Actual Total Time": 170.801,
                    "Actual Rows": 4,
                    "Actual Loops": 1,
                    "Output": [
                        "(PARTIAL count(*))"
                    ],
                    "Workers Planned": 3,
                    "Workers Launched": 3,
                    "Single Copy": false,
                    "Plans": [
                        {
                            "Node Type": "Aggregate",
                            "Strategy": "Plain",
                            "Partial Mode": "Partial",
                            "Parent Relationship": "Outer",
                            "Parallel Aware": false,
                            "Startup Cost": 37805.84,
                            "Total Cost": 37805.85,
                            "Plan Rows": 1,
                            "Plan Width": 8,
                            "Actual Startup Time": 152.657,
                            "Actual Total Time": 152.659,
                            "Actual Rows": 1,
                            "Actual Loops": 4,
                            "Output": [
                                "PARTIAL count(*)"
                            ],
                            "Workers": [
                                {
                                    "Worker Number": 0,
                                    "Actual Startup Time": 149.921,
                                    "Actual Total Time": 149.923,
                                    "Actual Rows": 1,
                                    "Actual Loops": 1
                                },
                                {
                                    "Worker Number": 1,
                                    "Actual Startup Time": 150.107,
                                    "Actual Total Time": 150.108,
                                    "Actual Rows": 1,
                                    "Actual Loops": 1
                                },
                                {
                                    "Worker Number": 2,
                                    "Actual Startup Time": 150.292,
                                    "Actual Total Time": 150.294,
                                    "Actual Rows": 1,
                                    "Actual Loops": 1
                                }
                            ],
                            "Plans": [
                                {
                                    "Node Type": "Bitmap Heap Scan",
                                    "Parent Relationship": "Outer",
                                    "Parallel Aware": true,
                                    "Relation Name": "movie_keyword",
                                    "Schema": "public",
                                    "Alias": "mk",
                                    "Startup Cost": 10872.12,
                                    "Total Cost": 37392.56,
                                    "Plan Rows": 165315,
                                    "Plan Width": 0,
                                    "Actual Startup Time": 59.319,
                                    "Actual Total Time": 142.833,
                                    "Actual Rows": 127372,
                                    "Actual Loops": 4,
                                    "Recheck Cond": "(mk.keyword_id < 373)",
                                    "Rows Removed by Index Recheck": 0,
                                    "Exact Heap Blocks": 9755,
                                    "Lossy Heap Blocks": 0,
                                    "Workers": [
                                        {
                                            "Worker Number": 0,
                                            "Actual Startup Time": 56.627,
                                            "Actual Total Time": 141.304,
                                            "Actual Rows": 102426,
                                            "Actual Loops": 1
                                        },
                                        {
                                            "Worker Number": 1,
                                            "Actual Startup Time": 56.957,
                                            "Actual Total Time": 141.489,
                                            "Actual Rows": 98791,
                                            "Actual Loops": 1
                                        },
                                        {
                                            "Worker Number": 2,
                                            "Actual Startup Time": 57.025,
                                            "Actual Total Time": 141.422,
                                            "Actual Rows": 104335,
                                            "Actual Loops": 1
                                        }
                                    ],
                                    "Plans": [
                                        {
                                            "Node Type": "Bitmap Index Scan",
                                            "Parent Relationship": "Outer",
                                            "Parallel Aware": false,
                                            "Index Name": "keyword_id_movie_keyword",
                                            "Startup Cost": 0.0,
                                            "Total Cost": 10744.0,
                                            "Plan Rows": 512476,
                                            "Plan Width": 0,
                                            "Actual Startup Time": 61.018,
                                            "Actual Total Time": 61.019,
                                            "Actual Rows": 509486,
                                            "Actual Loops": 1,
                                            "Index Cond": "(mk.keyword_id < 373)"
                                        }
                                    ]
                                }
                            ]
                        }
                    ]
                }
            ]
        },
        "Planning Time": 291.806,
        "Triggers": [],
        "Execution Time": 170.908
    }
]