[
  {
    "Plan": {
      "Node Type": "Aggregate",
      "Strategy": "Plain",
      "Partial Mode": "Finalize",
      "Parallel Aware": false,
      "Startup Cost": 246171.89,
      "Total Cost": 246171.9,
      "Plan Rows": 1,
      "Plan Width": 8,
      "Actual Startup Time": 810.265,
      "Actual Total Time": 859.449,
      "Actual Rows": 1,
      "Actual Loops": 1,
      "Plans": [
        {
          "Node Type": "Gather",
          "Parent Relationship": "Outer",
          "Parallel Aware": false,
          "Startup Cost": 246171.37,
          "Total Cost": 246171.88,
          "Plan Rows": 5,
          "Plan Width": 8,
          "Actual Startup Time": 809.295,
          "Actual Total Time": 859.435,
          "Actual Rows": 6,
          "Actual Loops": 1,
          "Workers Planned": 5,
          "Workers Launched": 5,
          "Single Copy": false,
          "Plans": [
            {
              "Node Type": "Aggregate",
              "Strategy": "Plain",
              "Partial Mode": "Partial",
              "Parent Relationship": "Outer",
              "Parallel Aware": false,
              "Startup Cost": 245171.37,
              "Total Cost": 245171.38,
              "Plan Rows": 1,
              "Plan Width": 8,
              "Actual Startup Time": 800.021,
              "Actual Total Time": 800.024,
              "Actual Rows": 1,
              "Actual Loops": 6,
              "Plans": [
                {
                  "Node Type": "Hash Join",
                  "Parent Relationship": "Outer",
                  "Parallel Aware": true,
                  "Join Type": "Inner",
                  "Startup Cost": 45589.09,
                  "Total Cost": 245068.49,
                  "Plan Rows": 41151,
                  "Plan Width": 0,
                  "Actual Startup Time": 103.504,
                  "Actual Total Time": 790.472,
                  "Actual Rows": 167464,
                  "Actual Loops": 6,
                  "Inner Unique": true,
                  "Hash Cond": "(mi.movie_id = t.id)",
                  "Plans": [
                    {
                      "Node Type": "Seq Scan",
                      "Parent Relationship": "Outer",
                      "Parallel Aware": true,
                      "Relation Name": "movie_info",
                      "Alias": "mi",
                      "Startup Cost": 0.0,
                      "Total Cost": 191685.19,
                      "Plan Rows": 2969219,
                      "Plan Width": 4,
                      "Actual Startup Time": 0.035,
                      "Actual Total Time": 349.335,
                      "Actual Rows": 2472620,
                      "Actual Loops": 6
                    },
                    {
                      "Node Type": "Hash",
                      "Parent Relationship": "Inner",
                      "Parallel Aware": true,
                      "Startup Cost": 45479.59,
                      "Total Cost": 45479.59,
                      "Plan Rows": 8760,
                      "Plan Width": 4,
                      "Actual Startup Time": 91.95,
                      "Actual Total Time": 91.951,
                      "Actual Rows": 15483,
                      "Actual Loops": 6,
                      "Hash Buckets": 131072,
                      "Original Hash Buckets": 65536,
                      "Hash Batches": 1,
                      "Original Hash Batches": 1,
                      "Peak Memory Usage": 5248,
                      "Plans": [
                        {
                          "Node Type": "Seq Scan",
                          "Parent Relationship": "Outer",
                          "Parallel Aware": true,
                          "Relation Name": "title",
                          "Alias": "t",
                          "Startup Cost": 0.0,
                          "Total Cost": 45479.59,
                          "Plan Rows": 8760,
                          "Plan Width": 4,
                          "Actual Startup Time": 51.944,
                          "Actual Total Time": 83.988,
                          "Actual Rows": 15483,
                          "Actual Loops": 6,
                          "Filter": "((kind_id < 7) AND (production_year < 1922))",
                          "Rows Removed by Filter": 405902
                        }
                      ]
                    }
                  ]
                }
              ]
            }
          ]
        }
      ]
    },
    "Planning Time": 0.302,
    "Triggers": [],
    "Execution Time": 859.505
  }
]