[
  {
    "Plan": {
      "Node Type": "Aggregate",
      "Strategy": "Plain",
      "Partial Mode": "Finalize",
      "Parallel Aware": false,
      "Startup Cost": 246012.39,
      "Total Cost": 246012.4,
      "Plan Rows": 1,
      "Plan Width": 8,
      "Actual Startup Time": 691.779,
      "Actual Total Time": 734.267,
      "Actual Rows": 1,
      "Actual Loops": 1,
      "Plans": [
        {
          "Node Type": "Gather",
          "Parent Relationship": "Outer",
          "Parallel Aware": false,
          "Startup Cost": 246011.86,
          "Total Cost": 246012.37,
          "Plan Rows": 5,
          "Plan Width": 8,
          "Actual Startup Time": 690.789,
          "Actual Total Time": 734.258,
          "Actual Rows": 6,
          "Actual Loops": 1,
          "Workers Planned": 5,
          "Workers Launched": 5,
          "Single Copy": false,
          "Plans": [
            {
              "Node Type": "Aggregate",
              "Strategy": "Plain",
              "Partial Mode": "Partial",
              "Parent Relationship": "Outer",
              "Parallel Aware": false,
              "Startup Cost": 245011.86,
              "Total Cost": 245011.87,
              "Plan Rows": 1,
              "Plan Width": 8,
              "Actual Startup Time": 680.966,
              "Actual Total Time": 680.968,
              "Actual Rows": 1,
              "Actual Loops": 6,
              "Plans": [
                {
                  "Node Type": "Hash Join",
                  "Parent Relationship": "Outer",
                  "Parallel Aware": true,
                  "Join Type": "Inner",
                  "Startup Cost": 45588.11,
                  "Total Cost": 244909.88,
                  "Plan Rows": 40795,
                  "Plan Width": 0,
                  "Actual Startup Time": 93.629,
                  "Actual Total Time": 673.325,
                  "Actual Rows": 167464,
                  "Actual Loops": 6,
                  "Inner Unique": true,
                  "Hash Cond": "(mi.movie_id = t.id)",
                  "Plans": [
                    {
                      "Node Type": "Seq Scan",
                      "Parent Relationship": "Outer",
                      "Parallel Aware": true,
                      "Relation Name": "movie_info",
                      "Alias": "mi",
                      "Startup Cost": 0.0,
                      "Total Cost": 191560.33,
                      "Plan Rows": 2956733,
                      "Plan Width": 4,
                      "Actual Startup Time": 0.028,
                      "Actual Total Time": 302.559,
                      "Actual Rows": 2472620,
                      "Actual Loops": 6
                    },
                    {
                      "Node Type": "Hash",
                      "Parent Relationship": "Inner",
                      "Parallel Aware": true,
                      "Startup Cost": 45479.1,
                      "Total Cost": 45479.1,
                      "Plan Rows": 8721,
                      "Plan Width": 4,
                      "Actual Startup Time": 83.022,
                      "Actual Total Time": 83.023,
                      "Actual Rows": 15483,
                      "Actual Loops": 6,
                      "Hash Buckets": 131072,
                      "Original Hash Buckets": 65536,
                      "Hash Batches": 1,
                      "Original Hash Batches": 1,
                      "Peak Memory Usage": 5312,
                      "Plans": [
                        {
                          "Node Type": "Seq Scan",
                          "Parent Relationship": "Outer",
                          "Parallel Aware": true,
                          "Relation Name": "title",
                          "Alias": "t",
                          "Startup Cost": 0.0,
                          "Total Cost": 45479.1,
                          "Plan Rows": 8721,
                          "Plan Width": 4,
                          "Actual Startup Time": 50.457,
                          "Actual Total Time": 75.646,
                          "Actual Rows": 15483,
                          "Actual Loops": 6,
                          "Filter": "((kind_id < 7) AND (production_year < 1922))",
                          "Rows Removed by Filter": 405902
                        }
                      ]
                    }
                  ]
                }
              ]
            }
          ]
        }
      ]
    },
    "Planning Time": 0.389,
    "Triggers": [],
    "Execution Time": 734.4
  }
]