[
  {
    "Plan": {
      "Node Type": "Aggregate",
      "Strategy": "Plain",
      "Partial Mode": "Finalize",
      "Parallel Aware": false,
      "Startup Cost": 240830.98,
      "Total Cost": 240830.99,
      "Plan Rows": 1,
      "Plan Width": 8,
      "Actual Startup Time": 3603.563,
      "Actual Total Time": 3661.089,
      "Actual Rows": 1,
      "Actual Loops": 1,
      "Plans": [
        {
          "Node Type": "Gather",
          "Parent Relationship": "Outer",
          "Parallel Aware": false,
          "Startup Cost": 240830.67,
          "Total Cost": 240830.98,
          "Plan Rows": 3,
          "Plan Width": 8,
          "Actual Startup Time": 3570.052,
          "Actual Total Time": 3661.077,
          "Actual Rows": 4,
          "Actual Loops": 1,
          "Workers Planned": 3,
          "Workers Launched": 3,
          "Single Copy": false,
          "Plans": [
            {
              "Node Type": "Aggregate",
              "Strategy": "Plain",
              "Partial Mode": "Partial",
              "Parent Relationship": "Outer",
              "Parallel Aware": false,
              "Startup Cost": 239830.67,
              "Total Cost": 239830.68,
              "Plan Rows": 1,
              "Plan Width": 8,
              "Actual Startup Time": 3542.48,
              "Actual Total Time": 3544.049,
              "Actual Rows": 1,
              "Actual Loops": 4,
              "Plans": [
                {
                  "Node Type": "Hash Join",
                  "Parent Relationship": "Outer",
                  "Parallel Aware": true,
                  "Join Type": "Inner",
                  "Startup Cost": 180911.67,
                  "Total Cost": 233743.43,
                  "Plan Rows": 2434893,
                  "Plan Width": 0,
                  "Actual Startup Time": 1660.28,
                  "Actual Total Time": 2948.764,
                  "Actual Rows": 13613987,
                  "Actual Loops": 4,
                  "Inner Unique": false,
                  "Hash Cond": "(mk.movie_id = t.id)",
                  "Plans": [
                    {
                      "Node Type": "Seq Scan",
                      "Parent Relationship": "Outer",
                      "Parallel Aware": true,
                      "Relation Name": "movie_keyword",
                      "Alias": "mk",
                      "Startup Cost": 0.0,
                      "Total Cost": 42695.65,
                      "Plan Rows": 1404356,
                      "Plan Width": 4,
                      "Actual Startup Time": 0.032,
                      "Actual Total Time": 120.575,
                      "Actual Rows": 1090509,
                      "Actual Loops": 4,
                      "Filter": "(keyword_id < 72698)",
                      "Rows Removed by Filter": 40474
                    },
                    {
                      "Node Type": "Hash",
                      "Parent Relationship": "Inner",
                      "Parallel Aware": true,
                      "Startup Cost": 169952.69,
                      "Total Cost": 169952.69,
                      "Plan Rows": 876718,
                      "Plan Width": 8,
                      "Actual Startup Time": 1643.257,
                      "Actual Total Time": 1644.825,
                      "Actual Rows": 1080754,
                      "Actual Loops": 4,
                      "Hash Buckets": 8388608,
                      "Original Hash Buckets": 8388608,
                      "Hash Batches": 1,
                      "Original Hash Batches": 1,
                      "Peak Memory Usage": 234720,
                      "Plans": [
                        {
                          "Node Type": "Hash Join",
                          "Parent Relationship": "Outer",
                          "Parallel Aware": true,
                          "Join Type": "Inner",
                          "Startup Cost": 50220.21,
                          "Total Cost": 169952.69,
                          "Plan Rows": 876718,
                          "Plan Width": 8,
                          "Actual Startup Time": 355.567,
                          "Actual Total Time": 1188.399,
                          "Actual Rows": 1080754,
                          "Actual Loops": 4,
                          "Inner Unique": true,
                          "Hash Cond": "(ci.movie_id = t.id)",
                          "Plans": [
                            {
                              "Node Type": "Index Scan",
                              "Parent Relationship": "Outer",
                              "Parallel Aware": true,
                              "Scan Direction": "Forward",
                              "Index Name": "role_id_cast_info",
                              "Relation Name": "cast_info",
                              "Alias": "ci",
                              "Startup Cost": 0.56,
                              "Total Cost": 117431.66,
                              "Plan Rows": 876718,
                              "Plan Width": 4,
                              "Actual Startup Time": 0.116,
                              "Actual Total Time": 230.151,
                              "Actual Rows": 1080754,
                              "Actual Loops": 4,
                              "Index Cond": "(role_id = 10)",
                              "Rows Removed by Index Recheck": 0
                            },
                            {
                              "Node Type": "Hash",
                              "Parent Relationship": "Inner",
                              "Parallel Aware": true,
                              "Startup Cost": 42318.73,
                              "Total Cost": 42318.73,
                              "Plan Rows": 632073,
                              "Plan Width": 4,
                              "Actual Startup Time": 349.714,
                              "Actual Total Time": 349.715,
                              "Actual Rows": 632078,
                              "Actual Loops": 4,
                              "Hash Buckets": 4194304,
                              "Original Hash Buckets": 4194304,
                              "Hash Batches": 1,
                              "Original Hash Batches": 1,
                              "Peak Memory Usage": 131744,
                              "Plans": [
                                {
                                  "Node Type": "Seq Scan",
                                  "Parent Relationship": "Outer",
                                  "Parallel Aware": true,
                                  "Relation Name": "title",
                                  "Alias": "t",
                                  "Startup Cost": 0.0,
                                  "Total Cost": 42318.73,
                                  "Plan Rows": 632073,
                                  "Plan Width": 4,
                                  "Actual Startup Time": 0.046,
                                  "Actual Total Time": 109.037,
                                  "Actual Rows": 632078,
                                  "Actual Loops": 4
                                }
                              ]
                            }
                          ]
                        }
                      ]
                    }
                  ]
                }
              ]
            }
          ]
        }
      ]
    },
    "Planning Time": 1.369,
    "Triggers": [],
    "Execution Time": 3661.181
  }
]