[
  {
    "Plan": {
      "Node Type": "Aggregate",
      "Strategy": "Plain",
      "Partial Mode": "Finalize",
      "Parallel Aware": false,
      "Startup Cost": 367451.21,
      "Total Cost": 367451.22,
      "Plan Rows": 1,
      "Plan Width": 8,
      "Actual Startup Time": 947.82,
      "Actual Total Time": 1020.815,
      "Actual Rows": 1,
      "Actual Loops": 1,
      "Plans": [
        {
          "Node Type": "Gather",
          "Parent Relationship": "Outer",
          "Parallel Aware": false,
          "Startup Cost": 367450.89,
          "Total Cost": 367451.2,
          "Plan Rows": 3,
          "Plan Width": 8,
          "Actual Startup Time": 944.634,
          "Actual Total Time": 1020.806,
          "Actual Rows": 4,
          "Actual Loops": 1,
          "Workers Planned": 3,
          "Workers Launched": 3,
          "Single Copy": false,
          "Plans": [
            {
              "Node Type": "Aggregate",
              "Strategy": "Plain",
              "Partial Mode": "Partial",
              "Parent Relationship": "Outer",
              "Parallel Aware": false,
              "Startup Cost": 366450.89,
              "Total Cost": 366450.9,
              "Plan Rows": 1,
              "Plan Width": 8,
              "Actual Startup Time": 934.478,
              "Actual Total Time": 934.482,
              "Actual Rows": 1,
              "Actual Loops": 4,
              "Plans": [
                {
                  "Node Type": "Nested Loop",
                  "Parent Relationship": "Outer",
                  "Parallel Aware": false,
                  "Join Type": "Inner",
                  "Startup Cost": 47378.23,
                  "Total Cost": 362891.44,
                  "Plan Rows": 1423780,
                  "Plan Width": 0,
                  "Actual Startup Time": 163.459,
                  "Actual Total Time": 908.013,
                  "Actual Rows": 559930,
                  "Actual Loops": 4,
                  "Inner Unique": false,
                  "Join Filter": "(t.id = ci.movie_id)",
                  "Rows Removed by Join Filter": 0,
                  "Plans": [
                    {
                      "Node Type": "Hash Join",
                      "Parent Relationship": "Outer",
                      "Parallel Aware": true,
                      "Join Type": "Inner",
                      "Startup Cost": 47377.66,
                      "Total Cost": 77773.79,
                      "Plan Rows": 99363,
                      "Plan Width": 8,
                      "Actual Startup Time": 163.308,
                      "Actual Total Time": 297.027,
                      "Actual Rows": 29962,
                      "Actual Loops": 4,
                      "Inner Unique": true,
                      "Hash Cond": "(mc.movie_id = t.id)",
                      "Plans": [
                        {
                          "Node Type": "Seq Scan",
                          "Parent Relationship": "Outer",
                          "Parallel Aware": true,
                          "Relation Name": "movie_companies",
                          "Alias": "mc",
                          "Startup Cost": 0.0,
                          "Total Cost": 29310.68,
                          "Plan Rows": 413503,
                          "Plan Width": 4,
                          "Actual Startup Time": 8.867,
                          "Actual Total Time": 63.641,
                          "Actual Rows": 321030,
                          "Actual Loops": 4,
                          "Filter": "(company_id > 11385)",
                          "Rows Removed by Filter": 331253
                        },
                        {
                          "Node Type": "Hash",
                          "Parent Relationship": "Inner",
                          "Parallel Aware": true,
                          "Startup Cost": 45479.1,
                          "Total Cost": 45479.1,
                          "Plan Rows": 151885,
                          "Plan Width": 4,
                          "Actual Startup Time": 149.193,
                          "Actual Total Time": 149.194,
                          "Actual Rows": 120264,
                          "Actual Loops": 4,
                          "Hash Buckets": 1048576,
                          "Original Hash Buckets": 1048576,
                          "Hash Batches": 1,
                          "Original Hash Batches": 1,
                          "Peak Memory Usage": 27072,
                          "Plans": [
                            {
                              "Node Type": "Seq Scan",
                              "Parent Relationship": "Outer",
                              "Parallel Aware": true,
                              "Relation Name": "title",
                              "Alias": "t",
                              "Startup Cost": 0.0,
                              "Total Cost": 45479.1,
                              "Plan Rows": 151885,
                              "Plan Width": 4,
                              "Actual Startup Time": 0.036,
                              "Actual Total Time": 99.399,
                              "Actual Rows": 120264,
                              "Actual Loops": 4,
                              "Filter": "((kind_id > 3) AND (production_year < 1998))",
                              "Rows Removed by Filter": 511814
                            }
                          ]
                        }
                      ]
                    },
                    {
                      "Node Type": "Index Only Scan",
                      "Parent Relationship": "Inner",
                      "Parallel Aware": false,
                      "Scan Direction": "Forward",
                      "Index Name": "movie_id_cast_info",
                      "Relation Name": "cast_info",
                      "Alias": "ci",
                      "Startup Cost": 0.56,
                      "Total Cost": 2.41,
                      "Plan Rows": 37,
                      "Plan Width": 4,
                      "Actual Startup Time": 0.004,
                      "Actual Total Time": 0.019,
                      "Actual Rows": 19,
                      "Actual Loops": 119850,
                      "Index Cond": "(movie_id = mc.movie_id)",
                      "Rows Removed by Index Recheck": 0,
                      "Heap Fetches": 2239722
                    }
                  ]
                }
              ]
            }
          ]
        }
      ]
    },
    "Planning Time": 1.43,
    "Triggers": [],
    "Execution Time": 1020.949
  }
]