[
  {
    "Plan": {
      "Node Type": "Aggregate",
      "Strategy": "Plain",
      "Partial Mode": "Finalize",
      "Parallel Aware": false,
      "Startup Cost": 96639.45,
      "Total Cost": 96639.46,
      "Plan Rows": 1,
      "Plan Width": 8,
      "Actual Startup Time": 559.968,
      "Actual Total Time": 577.559,
      "Actual Rows": 1,
      "Actual Loops": 1,
      "Plans": [
        {
          "Node Type": "Gather",
          "Parent Relationship": "Outer",
          "Parallel Aware": false,
          "Startup Cost": 96639.14,
          "Total Cost": 96639.45,
          "Plan Rows": 3,
          "Plan Width": 8,
          "Actual Startup Time": 549.209,
          "Actual Total Time": 577.533,
          "Actual Rows": 4,
          "Actual Loops": 1,
          "Workers Planned": 3,
          "Workers Launched": 3,
          "Single Copy": false,
          "Plans": [
            {
              "Node Type": "Aggregate",
              "Strategy": "Plain",
              "Partial Mode": "Partial",
              "Parent Relationship": "Outer",
              "Parallel Aware": false,
              "Startup Cost": 95639.14,
              "Total Cost": 95639.15,
              "Plan Rows": 1,
              "Plan Width": 8,
              "Actual Startup Time": 538.896,
              "Actual Total Time": 538.9,
              "Actual Rows": 1,
              "Actual Loops": 4,
              "Plans": [
                {
                  "Node Type": "Hash Join",
                  "Parent Relationship": "Outer",
                  "Parallel Aware": true,
                  "Join Type": "Inner",
                  "Startup Cost": 50297.93,
                  "Total Cost": 94487.19,
                  "Plan Rows": 460778,
                  "Plan Width": 0,
                  "Actual Startup Time": 329.62,
                  "Actual Total Time": 524.229,
                  "Actual Rows": 332196,
                  "Actual Loops": 4,
                  "Inner Unique": true,
                  "Hash Cond": "(mk.movie_id = t.id)",
                  "Plans": [
                    {
                      "Node Type": "Seq Scan",
                      "Parent Relationship": "Outer",
                      "Parallel Aware": true,
                      "Relation Name": "movie_keyword",
                      "Alias": "mk",
                      "Startup Cost": 0.0,
                      "Total Cost": 42695.65,
                      "Plan Rows": 568992,
                      "Plan Width": 4,
                      "Actual Startup Time": 0.497,
                      "Actual Total Time": 105.344,
                      "Actual Rows": 437267,
                      "Actual Loops": 4,
                      "Filter": "(keyword_id > 7981)",
                      "Rows Removed by Filter": 693716
                    },
                    {
                      "Node Type": "Hash",
                      "Parent Relationship": "Inner",
                      "Parallel Aware": true,
                      "Startup Cost": 43899.32,
                      "Total Cost": 43899.32,
                      "Plan Rows": 511889,
                      "Plan Width": 4,
                      "Actual Startup Time": 321.62,
                      "Actual Total Time": 321.621,
                      "Actual Rows": 508110,
                      "Actual Loops": 4,
                      "Hash Buckets": 2097152,
                      "Original Hash Buckets": 2097152,
                      "Hash Batches": 1,
                      "Original Hash Batches": 1,
                      "Peak Memory Usage": 95968,
                      "Plans": [
                        {
                          "Node Type": "Seq Scan",
                          "Parent Relationship": "Outer",
                          "Parallel Aware": true,
                          "Relation Name": "title",
                          "Alias": "t",
                          "Startup Cost": 0.0,
                          "Total Cost": 43899.32,
                          "Plan Rows": 511889,
                          "Plan Width": 4,
                          "Actual Startup Time": 0.048,
                          "Actual Total Time": 124.069,
                          "Actual Rows": 508110,
                          "Actual Loops": 4,
                          "Filter": "(production_year > 1973)",
                          "Rows Removed by Filter": 123968
                        }
                      ]
                    }
                  ]
                }
              ]
            }
          ]
        }
      ]
    },
    "Planning Time": 0.39,
    "Triggers": [],
    "Execution Time": 577.61
  }
]