{
  "Plan": {
    "Node Type": "Aggregate",
    "Strategy": "Plain",
    "Partial Mode": "Finalize",
    "Parallel Aware": false,
    "Startup Cost": 111345.44,
    "Total Cost": 111345.45,
    "Plan Rows": 1,
    "Plan Width": 8,
    "Actual Startup Time": 651.935,
    "Actual Total Time": 670.326,
    "Actual Rows": 1,
    "Actual Loops": 1,
    "Plans": [
      {
        "Node Type": "Gather",
        "Parent Relationship": "Outer",
        "Parallel Aware": false,
        "Startup Cost": 111345.33,
        "Total Cost": 111345.44,
        "Plan Rows": 1,
        "Plan Width": 8,
        "Actual Startup Time": 650.092,
        "Actual Total Time": 670.318,
        "Actual Rows": 2,
        "Actual Loops": 1,
        "Workers Planned": 1,
        "Workers Launched": 1,
        "Single Copy": false,
        "Plans": [
          {
            "Node Type": "Aggregate",
            "Strategy": "Plain",
            "Partial Mode": "Partial",
            "Parent Relationship": "Outer",
            "Parallel Aware": false,
            "Startup Cost": 110345.33,
            "Total Cost": 110345.34,
            "Plan Rows": 1,
            "Plan Width": 8,
            "Actual Startup Time": 644.722,
            "Actual Total Time": 644.726,
            "Actual Rows": 1,
            "Actual Loops": 2,
            "Plans": [
              {
                "Node Type": "Hash Join",
                "Parent Relationship": "Outer",
                "Parallel Aware": true,
                "Join Type": "Inner",
                "Startup Cost": 46820.8,
                "Total Cost": 109343.52,
                "Plan Rows": 400726,
                "Plan Width": 0,
                "Actual Startup Time": 209.03,
                "Actual Total Time": 633.709,
                "Actual Rows": 218966,
                "Actual Loops": 2,
                "Inner Unique": false,
                "Hash Cond": "(t.id = mc.movie_id)",
                "Plans": [
                  {
                    "Node Type": "Seq Scan",
                    "Parent Relationship": "Outer",
                    "Parallel Aware": true,
                    "Relation Name": "title",
                    "Alias": "t",
                    "Startup Cost": 0.0,
                    "Total Cost": 50870.31,
                    "Plan Rows": 1487231,
                    "Plan Width": 4,
                    "Actual Startup Time": 0.013,
                    "Actual Total Time": 139.837,
                    "Actual Rows": 1264156,
                    "Actual Loops": 2
                  },
                  {
                    "Node Type": "Hash",
                    "Parent Relationship": "Inner",
                    "Parallel Aware": true,
                    "Startup Cost": 41811.73,
                    "Total Cost": 41811.73,
                    "Plan Rows": 400726,
                    "Plan Width": 4,
                    "Actual Startup Time": 202.169,
                    "Actual Total Time": 202.171,
                    "Actual Rows": 218966,
                    "Actual Loops": 2,
                    "Hash Buckets": 1048576,
                    "Original Hash Buckets": 1048576,
                    "Hash Batches": 1,
                    "Original Hash Batches": 1,
                    "Peak Memory Usage": 25376,
                    "Plans": [
                      {
                        "Node Type": "Seq Scan",
                        "Parent Relationship": "Outer",
                        "Parallel Aware": true,
                        "Relation Name": "movie_companies",
                        "Alias": "mc",
                        "Startup Cost": 0.0,
                        "Total Cost": 41811.73,
                        "Plan Rows": 400726,
                        "Plan Width": 4,
                        "Actual Startup Time": 67.702,
                        "Actual Total Time": 138.634,
                        "Actual Rows": 218966,
                        "Actual Loops": 2,
                        "Filter": "((company_id < 11460) AND (company_type_id = 2))",
                        "Rows Removed by Filter": 1085598
                      }
                    ]
                  }
                ]
              }
            ]
          }
        ]
      }
    ]
  },
  "Planning Time": 0.339,
  "Triggers": [],
  "Execution Time": 670.365
}