{
  "Plan": {
    "Node Type": "Aggregate",
    "Strategy": "Plain",
    "Partial Mode": "Finalize",
    "Parallel Aware": false,
    "Startup Cost": 348200.82,
    "Total Cost": 348200.83,
    "Plan Rows": 1,
    "Plan Width": 8,
    "Actual Startup Time": 1939.134,
    "Actual Total Time": 1995.592,
    "Actual Rows": 1,
    "Actual Loops": 1,
    "Plans": [
      {
        "Node Type": "Gather",
        "Parent Relationship": "Outer",
        "Parallel Aware": false,
        "Startup Cost": 348200.7,
        "Total Cost": 348200.81,
        "Plan Rows": 1,
        "Plan Width": 8,
        "Actual Startup Time": 1937.133,
        "Actual Total Time": 1995.583,
        "Actual Rows": 2,
        "Actual Loops": 1,
        "Workers Planned": 1,
        "Workers Launched": 1,
        "Single Copy": false,
        "Plans": [
          {
            "Node Type": "Aggregate",
            "Strategy": "Plain",
            "Partial Mode": "Partial",
            "Parent Relationship": "Outer",
            "Parallel Aware": false,
            "Startup Cost": 347200.7,
            "Total Cost": 347200.71,
            "Plan Rows": 1,
            "Plan Width": 8,
            "Actual Startup Time": 1931.651,
            "Actual Total Time": 1931.655,
            "Actual Rows": 1,
            "Actual Loops": 2,
            "Plans": [
              {
                "Node Type": "Hash Join",
                "Parent Relationship": "Outer",
                "Parallel Aware": true,
                "Join Type": "Inner",
                "Startup Cost": 62852.49,
                "Total Cost": 344621.9,
                "Plan Rows": 1031522,
                "Plan Width": 0,
                "Actual Startup Time": 280.851,
                "Actual Total Time": 1857.931,
                "Actual Rows": 1446474,
                "Actual Loops": 2,
                "Inner Unique": true,
                "Hash Cond": "(mi.movie_id = t.id)",
                "Plans": [
                  {
                    "Node Type": "Seq Scan",
                    "Parent Relationship": "Outer",
                    "Parallel Aware": true,
                    "Relation Name": "movie_info",
                    "Alias": "mi",
                    "Startup Cost": 0.0,
                    "Total Cost": 270696.42,
                    "Plan Rows": 4218272,
                    "Plan Width": 4,
                    "Actual Startup Time": 0.012,
                    "Actual Total Time": 819.161,
                    "Actual Rows": 3643432,
                    "Actual Loops": 2,
                    "Filter": "(info_type_id < 8)",
                    "Rows Removed by Filter": 3774428
                  },
                  {
                    "Node Type": "Hash",
                    "Parent Relationship": "Inner",
                    "Parallel Aware": true,
                    "Startup Cost": 58306.47,
                    "Total Cost": 58306.47,
                    "Plan Rows": 363682,
                    "Plan Width": 4,
                    "Actual Startup Time": 268.797,
                    "Actual Total Time": 268.798,
                    "Actual Rows": 260188,
                    "Actual Loops": 2,
                    "Hash Buckets": 1048576,
                    "Original Hash Buckets": 1048576,
                    "Hash Batches": 1,
                    "Original Hash Batches": 1,
                    "Peak Memory Usage": 28576,
                    "Plans": [
                      {
                        "Node Type": "Seq Scan",
                        "Parent Relationship": "Outer",
                        "Parallel Aware": true,
                        "Relation Name": "title",
                        "Alias": "t",
                        "Startup Cost": 0.0,
                        "Total Cost": 58306.47,
                        "Plan Rows": 363682,
                        "Plan Width": 4,
                        "Actual Startup Time": 0.039,
                        "Actual Total Time": 185.795,
                        "Actual Rows": 260188,
                        "Actual Loops": 2,
                        "Filter": "((kind_id < 7) AND (production_year > 1996))",
                        "Rows Removed by Filter": 1003968
                      }
                    ]
                  }
                ]
              }
            ]
          }
        ]
      }
    ]
  },
  "Planning Time": 0.569,
  "Triggers": [],
  "Execution Time": 1995.672
}