[
  {
    "Plan": {
      "Node Type": "Aggregate",
      "Strategy": "Plain",
      "Partial Mode": "Finalize",
      "Parallel Aware": false,
      "Startup Cost": 339567.06,
      "Total Cost": 339567.07,
      "Plan Rows": 1,
      "Plan Width": 8,
      "Actual Startup Time": 991.017,
      "Actual Total Time": 1071.374,
      "Actual Rows": 1,
      "Actual Loops": 1,
      "Plans": [
        {
          "Node Type": "Gather",
          "Parent Relationship": "Outer",
          "Parallel Aware": false,
          "Startup Cost": 339566.43,
          "Total Cost": 339567.04,
          "Plan Rows": 6,
          "Plan Width": 8,
          "Actual Startup Time": 990.795,
          "Actual Total Time": 1071.361,
          "Actual Rows": 7,
          "Actual Loops": 1,
          "Workers Planned": 6,
          "Workers Launched": 6,
          "Single Copy": false,
          "Plans": [
            {
              "Node Type": "Aggregate",
              "Strategy": "Plain",
              "Partial Mode": "Partial",
              "Parent Relationship": "Outer",
              "Parallel Aware": false,
              "Startup Cost": 338566.43,
              "Total Cost": 338566.44,
              "Plan Rows": 1,
              "Plan Width": 8,
              "Actual Startup Time": 980.009,
              "Actual Total Time": 980.01,
              "Actual Rows": 1,
              "Actual Loops": 7,
              "Plans": [
                {
                  "Node Type": "Seq Scan",
                  "Parent Relationship": "Outer",
                  "Parallel Aware": true,
                  "Relation Name": "cast_info",
                  "Alias": "ci",
                  "Startup Cost": 0.0,
                  "Total Cost": 328211.39,
                  "Plan Rows": 4142016,
                  "Plan Width": 0,
                  "Actual Startup Time": 0.068,
                  "Actual Total Time": 780.796,
                  "Actual Rows": 3567600,
                  "Actual Loops": 7,
                  "Filter": "(person_id < 2573539)",
                  "Rows Removed by Filter": 1610163
                }
              ]
            }
          ]
        }
      ]
    },
    "Planning Time": 0.216,
    "Triggers": [],
    "Execution Time": 1071.456
  }
]