{
    "Plan": {
        "Node Type": "Aggregate",
        "Strategy": "Plain",
        "Partial Mode": "Finalize",
        "Parallel Aware": false,
        "Startup Cost": 508064.97,
        "Total Cost": 508064.98,
        "Plan Rows": 1,
        "Plan Width": 64,
        "Actual Startup Time": 2640.32,
        "Actual Total Time": 2694.988,
        "Actual Rows": 1,
        "Actual Loops": 1,
        "Plans": [
            {
                "Node Type": "Gather",
                "Parent Relationship": "Outer",
                "Parallel Aware": false,
                "Startup Cost": 508064.86,
                "Total Cost": 508064.97,
                "Plan Rows": 1,
                "Plan Width": 64,
                "Actual Startup Time": 2629.899,
                "Actual Total Time": 2694.978,
                "Actual Rows": 2,
                "Actual Loops": 1,
                "Workers Planned": 1,
                "Workers Launched": 1,
                "Single Copy": false,
                "Plans": [
                    {
                        "Node Type": "Aggregate",
                        "Strategy": "Plain",
                        "Partial Mode": "Partial",
                        "Parent Relationship": "Outer",
                        "Parallel Aware": false,
                        "Startup Cost": 507064.86,
                        "Total Cost": 507064.87,
                        "Plan Rows": 1,
                        "Plan Width": 64,
                        "Actual Startup Time": 2620.631,
                        "Actual Total Time": 2620.643,
                        "Actual Rows": 1,
                        "Actual Loops": 2,
                        "Plans": [
                            {
                                "Node Type": "Hash Join",
                                "Parent Relationship": "Outer",
                                "Parallel Aware": true,
                                "Join Type": "Inner",
                                "Startup Cost": 427110.82,
                                "Total Cost": 506357.75,
                                "Plan Rows": 141421,
                                "Plan Width": 33,
                                "Actual Startup Time": 2068.055,
                                "Actual Total Time": 2604.572,
                                "Actual Rows": 161502,
                                "Actual Loops": 2,
                                "Inner Unique": false,
                                "Hash Cond": "(n1.id = an1.person_id)",
                                "Plans": [
                                    {
                                        "Node Type": "Hash Join",
                                        "Parent Relationship": "Outer",
                                        "Parallel Aware": true,
                                        "Join Type": "Inner",
                                        "Startup Cost": 403785.28,
                                        "Total Cost": 479748.27,
                                        "Plan Rows": 653880,
                                        "Plan Width": 25,
                                        "Actual Startup Time": 1830.215,
                                        "Actual Total Time": 2323.124,
                                        "Actual Rows": 142769,
                                        "Actual Loops": 2,
                                        "Inner Unique": true,
                                        "Hash Cond": "(ci.person_id = n1.id)",
                                        "Plans": [
                                            {
                                                "Node Type": "Hash Join",
                                                "Parent Relationship": "Outer",
                                                "Parallel Aware": true,
                                                "Join Type": "Inner",
                                                "Startup Cost": 293014.31,
                                                "Total Cost": 367260.87,
                                                "Plan Rows": 653880,
                                                "Plan Width": 21,
                                                "Actual Startup Time": 839.048,
                                                "Actual Total Time": 1288.42,
                                                "Actual Rows": 142769,
                                                "Actual Loops": 2,
                                                "Inner Unique": true,
                                                "Hash Cond": "(mc.company_id = cn.id)",
                                                "Plans": [
                                                    {
                                                        "Node Type": "Hash Join",
                                                        "Parent Relationship": "Outer",
                                                        "Parallel Aware": true,
                                                        "Join Type": "Inner",
                                                        "Startup Cost": 287675.16,
                                                        "Total Cost": 357108.75,
                                                        "Plan Rows": 1833475,
                                                        "Plan Width": 25,
                                                        "Actual Startup Time": 801.204,
                                                        "Actual Total Time": 1187.594,
                                                        "Actual Rows": 397296,
                                                        "Actual Loops": 2,
                                                        "Inner Unique": false,
                                                        "Hash Cond": "(mc.movie_id = ci.movie_id)",
                                                        "Plans": [
                                                            {
                                                                "Node Type": "Seq Scan",
                                                                "Parent Relationship": "Outer",
                                                                "Parallel Aware": true,
                                                                "Relation Name": "movie_companies",
                                                                "Alias": "mc",
                                                                "Startup Cost": 0.0,
                                                                "Total Cost": 34137.82,
                                                                "Plan Rows": 1534782,
                                                                "Plan Width": 8,
                                                                "Actual Startup Time": 0.017,
                                                                "Actual Total Time": 114.268,
                                                                "Actual Rows": 1304564,
                                                                "Actual Loops": 2
                                                            },
                                                            {
                                                                "Node Type": "Hash",
                                                                "Parent Relationship": "Inner",
                                                                "Parallel Aware": true,
                                                                "Startup Cost": 265466.61,
                                                                "Total Cost": 265466.61,
                                                                "Plan Rows": 1776684,
                                                                "Plan Width": 29,
                                                                "Actual Startup Time": 779.422,
                                                                "Actual Total Time": 779.426,
                                                                "Actual Rows": 138202,
                                                                "Actual Loops": 2,
                                                                "Hash Buckets": 4194304,
                                                                "Original Hash Buckets": 4194304,
                                                                "Hash Batches": 1,
                                                                "Original Hash Batches": 1,
                                                                "Peak Memory Usage": 50176,
                                                                "Plans": [
                                                                    {
                                                                        "Node Type": "Hash Join",
                                                                        "Parent Relationship": "Outer",
                                                                        "Parallel Aware": false,
                                                                        "Join Type": "Inner",
                                                                        "Startup Cost": 187534.09,
                                                                        "Total Cost": 265466.61,
                                                                        "Plan Rows": 1776684,
                                                                        "Plan Width": 29,
                                                                        "Actual Startup Time": 179.541,
                                                                        "Actual Total Time": 693.615,
                                                                        "Actual Rows": 138202,
                                                                        "Actual Loops": 2,
                                                                        "Inner Unique": false,
                                                                        "Hash Cond": "(t.id = ci.movie_id)",
                                                                        "Plans": [
                                                                            {
                                                                                "Node Type": "Seq Scan",
                                                                                "Parent Relationship": "Outer",
                                                                                "Parallel Aware": true,
                                                                                "Relation Name": "title",
                                                                                "Alias": "t",
                                                                                "Startup Cost": 0.0,
                                                                                "Total Cost": 50870.42,
                                                                                "Plan Rows": 1487242,
                                                                                "Plan Width": 21,
                                                                                "Actual Startup Time": 0.029,
                                                                                "Actual Total Time": 161.974,
                                                                                "Actual Rows": 1264156,
                                                                                "Actual Loops": 2
                                                                            },
                                                                            {
                                                                                "Node Type": "Hash",
                                                                                "Parent Relationship": "Inner",
                                                                                "Parallel Aware": false,
                                                                                "Startup Cost": 149779.57,
                                                                                "Total Cost": 149779.57,
                                                                                "Plan Rows": 3020362,
                                                                                "Plan Width": 8,
                                                                                "Actual Startup Time": 165.422,
                                                                                "Actual Total Time": 165.424,
                                                                                "Actual Rows": 276403,
                                                                                "Actual Loops": 2,
                                                                                "Hash Buckets": 4194304,
                                                                                "Original Hash Buckets": 4194304,
                                                                                "Hash Batches": 1,
                                                                                "Original Hash Batches": 1,
                                                                                "Peak Memory Usage": 43565,
                                                                                "Plans": [
                                                                                    {
                                                                                        "Node Type": "Nested Loop",
                                                                                        "Parent Relationship": "Outer",
                                                                                        "Parallel Aware": false,
                                                                                        "Join Type": "Inner",
                                                                                        "Startup Cost": 0.56,
                                                                                        "Total Cost": 149779.57,
                                                                                        "Plan Rows": 3020362,
                                                                                        "Plan Width": 8,
                                                                                        "Actual Startup Time": 0.116,
                                                                                        "Actual Total Time": 84.209,
                                                                                        "Actual Rows": 276403,
                                                                                        "Actual Loops": 2,
                                                                                        "Inner Unique": false,
                                                                                        "Plans": [
                                                                                            {
                                                                                                "Node Type": "Seq Scan",
                                                                                                "Parent Relationship": "Outer",
                                                                                                "Parallel Aware": false,
                                                                                                "Relation Name": "role_type",
                                                                                                "Alias": "rt",
                                                                                                "Startup Cost": 0.0,
                                                                                                "Total Cost": 1.15,
                                                                                                "Plan Rows": 1,
                                                                                                "Plan Width": 4,
                                                                                                "Actual Startup Time": 0.042,
                                                                                                "Actual Total Time": 0.047,
                                                                                                "Actual Rows": 1,
                                                                                                "Actual Loops": 2,
                                                                                                "Filter": "((role)::text = 'costume designer'::text)",
                                                                                                "Rows Removed by Filter": 11
                                                                                            },
                                                                                            {
                                                                                                "Node Type": "Index Scan",
                                                                                                "Parent Relationship": "Inner",
                                                                                                "Parallel Aware": false,
                                                                                                "Scan Direction": "Forward",
                                                                                                "Index Name": "role_id_cast_info",
                                                                                                "Relation Name": "cast_info",
                                                                                                "Alias": "ci",
                                                                                                "Startup Cost": 0.56,
                                                                                                "Total Cost": 116829.02,
                                                                                                "Plan Rows": 3294940,
                                                                                                "Plan Width": 12,
                                                                                                "Actual Startup Time": 0.063,
                                                                                                "Actual Total Time": 51.116,
                                                                                                "Actual Rows": 276403,
                                                                                                "Actual Loops": 2,
                                                                                                "Index Cond": "(role_id = rt.id)",
                                                                                                "Rows Removed by Index Recheck": 0
                                                                                            }
                                                                                        ]
                                                                                    }
                                                                                ]
                                                                            }
                                                                        ]
                                                                    }
                                                                ]
                                                            }
                                                        ]
                                                    },
                                                    {
                                                        "Node Type": "Hash",
                                                        "Parent Relationship": "Inner",
                                                        "Parallel Aware": true,
                                                        "Startup Cost": 4722.92,
                                                        "Total Cost": 4722.92,
                                                        "Plan Rows": 49299,
                                                        "Plan Width": 4,
                                                        "Actual Startup Time": 37.555,
                                                        "Actual Total Time": 37.556,
                                                        "Actual Rows": 42422,
                                                        "Actual Loops": 2,
                                                        "Hash Buckets": 131072,
                                                        "Original Hash Buckets": 131072,
                                                        "Hash Batches": 1,
                                                        "Original Hash Batches": 1,
                                                        "Peak Memory Usage": 4352,
                                                        "Plans": [
                                                            {
                                                                "Node Type": "Seq Scan",
                                                                "Parent Relationship": "Outer",
                                                                "Parallel Aware": true,
                                                                "Relation Name": "company_name",
                                                                "Alias": "cn",
                                                                "Startup Cost": 0.0,
                                                                "Total Cost": 4722.92,
                                                                "Plan Rows": 49299,
                                                                "Plan Width": 4,
                                                                "Actual Startup Time": 0.015,
                                                                "Actual Total Time": 17.67,
                                                                "Actual Rows": 42422,
                                                                "Actual Loops": 2,
                                                                "Filter": "((country_code)::text = '[us]'::text)",
                                                                "Rows Removed by Filter": 75077
                                                            }
                                                        ]
                                                    }
                                                ]
                                            },
                                            {
                                                "Node Type": "Hash",
                                                "Parent Relationship": "Inner",
                                                "Parallel Aware": true,
                                                "Startup Cost": 80127.65,
                                                "Total Cost": 80127.65,
                                                "Plan Rows": 2451465,
                                                "Plan Width": 4,
                                                "Actual Startup Time": 978.495,
                                                "Actual Total Time": 978.496,
                                                "Actual Rows": 2083746,
                                                "Actual Loops": 2,
                                                "Hash Buckets": 4194304,
                                                "Original Hash Buckets": 4194304,
                                                "Hash Batches": 1,
                                                "Original Hash Batches": 1,
                                                "Peak Memory Usage": 195840,
                                                "Plans": [
                                                    {
                                                        "Node Type": "Seq Scan",
                                                        "Parent Relationship": "Outer",
                                                        "Parallel Aware": true,
                                                        "Relation Name": "name",
                                                        "Alias": "n1",
                                                        "Startup Cost": 0.0,
                                                        "Total Cost": 80127.65,
                                                        "Plan Rows": 2451465,
                                                        "Plan Width": 4,
                                                        "Actual Startup Time": 0.024,
                                                        "Actual Total Time": 324.341,
                                                        "Actual Rows": 2083746,
                                                        "Actual Loops": 2
                                                    }
                                                ]
                                            }
                                        ]
                                    },
                                    {
                                        "Node Type": "Hash",
                                        "Parent Relationship": "Inner",
                                        "Parallel Aware": true,
                                        "Startup Cost": 16698.02,
                                        "Total Cost": 16698.02,
                                        "Plan Rows": 530202,
                                        "Plan Width": 20,
                                        "Actual Startup Time": 228.282,
                                        "Actual Total Time": 228.283,
                                        "Actual Rows": 450672,
                                        "Actual Loops": 2,
                                        "Hash Buckets": 1048576,
                                        "Original Hash Buckets": 1048576,
                                        "Hash Batches": 1,
                                        "Original Hash Batches": 1,
                                        "Peak Memory Usage": 58048,
                                        "Plans": [
                                            {
                                                "Node Type": "Seq Scan",
                                                "Parent Relationship": "Outer",
                                                "Parallel Aware": true,
                                                "Relation Name": "aka_name",
                                                "Alias": "an1",
                                                "Startup Cost": 0.0,
                                                "Total Cost": 16698.02,
                                                "Plan Rows": 530202,
                                                "Plan Width": 20,
                                                "Actual Startup Time": 0.045,
                                                "Actual Total Time": 89.269,
                                                "Actual Rows": 450672,
                                                "Actual Loops": 2
                                            }
                                        ]
                                    }
                                ]
                            }
                        ]
                    }
                ]
            }
        ]
    },
    "Planning Time": 2.249,
    "Triggers": [],
    "Execution Time": 2695.288
}