{
    "Plan": {
        "Node Type": "Aggregate",
        "Strategy": "Plain",
        "Partial Mode": "Finalize",
        "Parallel Aware": false,
        "Startup Cost": 222853.11,
        "Total Cost": 222853.12,
        "Plan Rows": 1,
        "Plan Width": 8,
        "Actual Startup Time": 143.893,
        "Actual Total Time": 165.598,
        "Actual Rows": 1,
        "Actual Loops": 1,
        "Output": [
            "count(*)"
        ],
        "Plans": [
            {
                "Node Type": "Gather",
                "Parent Relationship": "Outer",
                "Parallel Aware": false,
                "Startup Cost": 222852.69,
                "Total Cost": 222853.1,
                "Plan Rows": 4,
                "Plan Width": 8,
                "Actual Startup Time": 143.78,
                "Actual Total Time": 165.589,
                "Actual Rows": 5,
                "Actual Loops": 1,
                "Output": [
                    "(PARTIAL count(*))"
                ],
                "Workers Planned": 4,
                "Workers Launched": 4,
                "Single Copy": false,
                "Plans": [
                    {
                        "Node Type": "Aggregate",
                        "Strategy": "Plain",
                        "Partial Mode": "Partial",
                        "Parent Relationship": "Outer",
                        "Parallel Aware": false,
                        "Startup Cost": 221852.69,
                        "Total Cost": 221852.7,
                        "Plan Rows": 1,
                        "Plan Width": 8,
                        "Actual Startup Time": 135.971,
                        "Actual Total Time": 135.973,
                        "Actual Rows": 1,
                        "Actual Loops": 5,
                        "Output": [
                            "PARTIAL count(*)"
                        ],
                        "Workers": [
                            {
                                "Worker Number": 0,
                                "Actual Startup Time": 134.094,
                                "Actual Total Time": 134.096,
                                "Actual Rows": 1,
                                "Actual Loops": 1
                            },
                            {
                                "Worker Number": 1,
                                "Actual Startup Time": 134.356,
                                "Actual Total Time": 134.357,
                                "Actual Rows": 1,
                                "Actual Loops": 1
                            },
                            {
                                "Worker Number": 2,
                                "Actual Startup Time": 132.444,
                                "Actual Total Time": 132.446,
                                "Actual Rows": 1,
                                "Actual Loops": 1
                            },
                            {
                                "Worker Number": 3,
                                "Actual Startup Time": 135.8,
                                "Actual Total Time": 135.803,
                                "Actual Rows": 1,
                                "Actual Loops": 1
                            }
                        ],
                        "Plans": [
                            {
                                "Node Type": "Nested Loop",
                                "Parent Relationship": "Outer",
                                "Parallel Aware": false,
                                "Join Type": "Inner",
                                "Startup Cost": 0.43,
                                "Total Cost": 221839.22,
                                "Plan Rows": 5388,
                                "Plan Width": 0,
                                "Actual Startup Time": 0.917,
                                "Actual Total Time": 135.481,
                                "Actual Rows": 4284,
                                "Actual Loops": 5,
                                "Inner Unique": false,
                                "Workers": [
                                    {
                                        "Worker Number": 0,
                                        "Actual Startup Time": 1.243,
                                        "Actual Total Time": 133.61,
                                        "Actual Rows": 3551,
                                        "Actual Loops": 1
                                    },
                                    {
                                        "Worker Number": 1,
                                        "Actual Startup Time": 0.681,
                                        "Actual Total Time": 133.905,
                                        "Actual Rows": 3320,
                                        "Actual Loops": 1
                                    },
                                    {
                                        "Worker Number": 2,
                                        "Actual Startup Time": 0.724,
                                        "Actual Total Time": 131.957,
                                        "Actual Rows": 3489,
                                        "Actual Loops": 1
                                    },
                                    {
                                        "Worker Number": 3,
                                        "Actual Startup Time": 1.788,
                                        "Actual Total Time": 135.321,
                                        "Actual Rows": 3459,
                                        "Actual Loops": 1
                                    }
                                ],
                                "Plans": [
                                    {
                                        "Node Type": "Seq Scan",
                                        "Parent Relationship": "Outer",
                                        "Parallel Aware": true,
                                        "Relation Name": "title",
                                        "Schema": "public",
                                        "Alias": "t",
                                        "Startup Cost": 0.0,
                                        "Total Cost": 43899.01,
                                        "Plan Rows": 3792,
                                        "Plan Width": 4,
                                        "Actual Startup Time": 0.309,
                                        "Actual Total Time": 73.506,
                                        "Actual Rows": 2799,
                                        "Actual Loops": 5,
                                        "Output": [
                                            "t.id",
                                            "t.title",
                                            "t.imdb_index",
                                            "t.kind_id",
                                            "t.production_year",
                                            "t.imdb_id",
                                            "t.phonetic_code",
                                            "t.episode_of_id",
                                            "t.season_nr",
                                            "t.episode_nr",
                                            "t.series_years",
                                            "t.md5sum"
                                        ],
                                        "Filter": "(t.production_year = 1976)",
                                        "Rows Removed by Filter": 502864,
                                        "Workers": [
                                            {
                                                "Worker Number": 0,
                                                "Actual Startup Time": 0.624,
                                                "Actual Total Time": 69.166,
                                                "Actual Rows": 2339,
                                                "Actual Loops": 1
                                            },
                                            {
                                                "Worker Number": 1,
                                                "Actual Startup Time": 0.413,
                                                "Actual Total Time": 68.173,
                                                "Actual Rows": 2244,
                                                "Actual Loops": 1
                                            },
                                            {
                                                "Worker Number": 2,
                                                "Actual Startup Time": 0.201,
                                                "Actual Total Time": 66.573,
                                                "Actual Rows": 2194,
                                                "Actual Loops": 1
                                            },
                                            {
                                                "Worker Number": 3,
                                                "Actual Startup Time": 0.195,
                                                "Actual Total Time": 69.55,
                                                "Actual Rows": 2330,
                                                "Actual Loops": 1
                                            }
                                        ]
                                    },
                                    {
                                        "Node Type": "Index Scan",
                                        "Parent Relationship": "Inner",
                                        "Parallel Aware": false,
                                        "Scan Direction": "Forward",
                                        "Index Name": "movie_id_movie_info",
                                        "Relation Name": "movie_info",
                                        "Schema": "public",
                                        "Alias": "mi",
                                        "Startup Cost": 0.43,
                                        "Total Cost": 46.83,
                                        "Plan Rows": 10,
                                        "Plan Width": 4,
                                        "Actual Startup Time": 0.013,
                                        "Actual Total Time": 0.022,
                                        "Actual Rows": 2,
                                        "Actual Loops": 13994,
                                        "Output": [
                                            "mi.id",
                                            "mi.movie_id",
                                            "mi.info_type_id",
                                            "mi.info",
                                            "mi.note"
                                        ],
                                        "Index Cond": "(mi.movie_id = t.id)",
                                        "Rows Removed by Index Recheck": 0,
                                        "Filter": "(mi.info_type_id < 4)",
                                        "Rows Removed by Filter": 5,
                                        "Workers": [
                                            {
                                                "Worker Number": 0,
                                                "Actual Startup Time": 0.016,
                                                "Actual Total Time": 0.027,
                                                "Actual Rows": 2,
                                                "Actual Loops": 2339
                                            },
                                            {
                                                "Worker Number": 1,
                                                "Actual Startup Time": 0.017,
                                                "Actual Total Time": 0.029,
                                                "Actual Rows": 1,
                                                "Actual Loops": 2244
                                            },
                                            {
                                                "Worker Number": 2,
                                                "Actual Startup Time": 0.017,
                                                "Actual Total Time": 0.029,
                                                "Actual Rows": 2,
                                                "Actual Loops": 2194
                                            },
                                            {
                                                "Worker Number": 3,
                                                "Actual Startup Time": 0.016,
                                                "Actual Total Time": 0.027,
                                                "Actual Rows": 1,
                                                "Actual Loops": 2330
                                            }
                                        ]
                                    }
                                ]
                            }
                        ]
                    }
                ]
            }
        ]
    },
    "Planning Time": 0.672,
    "Triggers": [],
    "Execution Time": 165.665
}