[
  {
    "Plan": {
      "Node Type": "Aggregate",
      "Strategy": "Plain",
      "Partial Mode": "Finalize",
      "Parallel Aware": false,
      "Startup Cost": 45257.37,
      "Total Cost": 45257.38,
      "Plan Rows": 1,
      "Plan Width": 8,
      "Actual Startup Time": 148.577,
      "Actual Total Time": 157.776,
      "Actual Rows": 1,
      "Actual Loops": 1,
      "Plans": [
        {
          "Node Type": "Gather",
          "Parent Relationship": "Outer",
          "Parallel Aware": false,
          "Startup Cost": 45257.05,
          "Total Cost": 45257.36,
          "Plan Rows": 3,
          "Plan Width": 8,
          "Actual Startup Time": 148.473,
          "Actual Total Time": 157.768,
          "Actual Rows": 4,
          "Actual Loops": 1,
          "Workers Planned": 3,
          "Workers Launched": 3,
          "Single Copy": false,
          "Plans": [
            {
              "Node Type": "Aggregate",
              "Strategy": "Plain",
              "Partial Mode": "Partial",
              "Parent Relationship": "Outer",
              "Parallel Aware": false,
              "Startup Cost": 44257.05,
              "Total Cost": 44257.06,
              "Plan Rows": 1,
              "Plan Width": 8,
              "Actual Startup Time": 142.186,
              "Actual Total Time": 142.187,
              "Actual Rows": 1,
              "Actual Loops": 4,
              "Plans": [
                {
                  "Node Type": "Seq Scan",
                  "Parent Relationship": "Outer",
                  "Parallel Aware": true,
                  "Relation Name": "movie_keyword",
                  "Alias": "mk",
                  "Startup Cost": 0.0,
                  "Total Cost": 42695.65,
                  "Plan Rows": 624558,
                  "Plan Width": 0,
                  "Actual Startup Time": 0.761,
                  "Actual Total Time": 117.882,
                  "Actual Rows": 484795,
                  "Actual Loops": 4,
                  "Filter": "(keyword_id > 6818)",
                  "Rows Removed by Filter": 646187
                }
              ]
            }
          ]
        }
      ]
    },
    "Planning Time": 0.119,
    "Triggers": [],
    "Execution Time": 157.815
  }
]