{
  "Plan": {
    "Node Type": "Aggregate",
    "Strategy": "Plain",
    "Partial Mode": "Finalize",
    "Parallel Aware": false,
    "Startup Cost": 332540.0,
    "Total Cost": 332540.01,
    "Plan Rows": 1,
    "Plan Width": 8,
    "Actual Startup Time": 1262.405,
    "Actual Total Time": 1312.627,
    "Actual Rows": 1,
    "Actual Loops": 1,
    "Plans": [
      {
        "Node Type": "Gather",
        "Parent Relationship": "Outer",
        "Parallel Aware": false,
        "Startup Cost": 332539.89,
        "Total Cost": 332540.0,
        "Plan Rows": 1,
        "Plan Width": 8,
        "Actual Startup Time": 1262.257,
        "Actual Total Time": 1312.608,
        "Actual Rows": 2,
        "Actual Loops": 1,
        "Workers Planned": 1,
        "Workers Launched": 1,
        "Single Copy": false,
        "Plans": [
          {
            "Node Type": "Aggregate",
            "Strategy": "Plain",
            "Partial Mode": "Partial",
            "Parent Relationship": "Outer",
            "Parallel Aware": false,
            "Startup Cost": 331539.89,
            "Total Cost": 331539.9,
            "Plan Rows": 1,
            "Plan Width": 8,
            "Actual Startup Time": 1256.598,
            "Actual Total Time": 1256.601,
            "Actual Rows": 1,
            "Actual Loops": 2,
            "Plans": [
              {
                "Node Type": "Hash Join",
                "Parent Relationship": "Outer",
                "Parallel Aware": true,
                "Join Type": "Inner",
                "Startup Cost": 58974.81,
                "Total Cost": 330758.29,
                "Plan Rows": 312638,
                "Plan Width": 0,
                "Actual Startup Time": 417.84,
                "Actual Total Time": 1256.585,
                "Actual Rows": 16,
                "Actual Loops": 2,
                "Inner Unique": true,
                "Hash Cond": "(mi.movie_id = t.id)",
                "Plans": [
                  {
                    "Node Type": "Seq Scan",
                    "Parent Relationship": "Outer",
                    "Parallel Aware": true,
                    "Relation Name": "movie_info",
                    "Alias": "mi",
                    "Startup Cost": 0.0,
                    "Total Cost": 248955.74,
                    "Plan Rows": 8696274,
                    "Plan Width": 4,
                    "Actual Startup Time": 0.009,
                    "Actual Total Time": 602.752,
                    "Actual Rows": 7417860,
                    "Actual Loops": 2
                  },
                  {
                    "Node Type": "Hash",
                    "Parent Relationship": "Inner",
                    "Parallel Aware": true,
                    "Startup Cost": 58306.47,
                    "Total Cost": 58306.47,
                    "Plan Rows": 53467,
                    "Plan Width": 4,
                    "Actual Startup Time": 139.597,
                    "Actual Total Time": 139.598,
                    "Actual Rows": 14,
                    "Actual Loops": 2,
                    "Hash Buckets": 131072,
                    "Original Hash Buckets": 131072,
                    "Hash Batches": 1,
                    "Original Hash Batches": 1,
                    "Peak Memory Usage": 1088,
                    "Plans": [
                      {
                        "Node Type": "Seq Scan",
                        "Parent Relationship": "Outer",
                        "Parallel Aware": true,
                        "Relation Name": "title",
                        "Alias": "t",
                        "Startup Cost": 0.0,
                        "Total Cost": 58306.47,
                        "Plan Rows": 53467,
                        "Plan Width": 4,
                        "Actual Startup Time": 39.269,
                        "Actual Total Time": 139.493,
                        "Actual Rows": 14,
                        "Actual Loops": 2,
                        "Filter": "((kind_id > 3) AND (production_year < 1939))",
                        "Rows Removed by Filter": 1264142
                      }
                    ]
                  }
                ]
              }
            ]
          }
        ]
      }
    ]
  },
  "Planning Time": 0.445,
  "Triggers": [],
  "Execution Time": 1312.71
}