[
    {
        "Bao": {
            "Bao prediction": 1343.879,
            "Bao recommended hint": "(no hint)"
        }
    },
    {
        "Plan": {
            "Node Type": "Aggregate",
            "Strategy": "Plain",
            "Partial Mode": "Finalize",
            "Parallel Aware": false,
            "Startup Cost": 411231.13,
            "Total Cost": 411231.14,
            "Plan Rows": 1,
            "Plan Width": 68,
            "Actual Startup Time": 1578.98,
            "Actual Total Time": 1678.036,
            "Actual Rows": 1,
            "Actual Loops": 1,
            "Output": [
                "min(t.title)",
                "max(t.production_year)",
                "min(cn.name)"
            ],
            "Plans": [
                {
                    "Node Type": "Gather",
                    "Parent Relationship": "Outer",
                    "Parallel Aware": false,
                    "Startup Cost": 411230.47,
                    "Total Cost": 411231.08,
                    "Plan Rows": 6,
                    "Plan Width": 68,
                    "Actual Startup Time": 1577.308,
                    "Actual Total Time": 1677.999,
                    "Actual Rows": 7,
                    "Actual Loops": 1,
                    "Output": [
                        "(PARTIAL min(t.title))",
                        "(PARTIAL max(t.production_year))",
                        "(PARTIAL min(cn.name))"
                    ],
                    "Workers Planned": 6,
                    "Workers Launched": 6,
                    "Single Copy": false,
                    "Plans": [
                        {
                            "Node Type": "Aggregate",
                            "Strategy": "Plain",
                            "Partial Mode": "Partial",
                            "Parent Relationship": "Outer",
                            "Parallel Aware": false,
                            "Startup Cost": 410230.47,
                            "Total Cost": 410230.48,
                            "Plan Rows": 1,
                            "Plan Width": 68,
                            "Actual Startup Time": 1565.132,
                            "Actual Total Time": 1565.138,
                            "Actual Rows": 1,
                            "Actual Loops": 7,
                            "Output": [
                                "PARTIAL min(t.title)",
                                "PARTIAL max(t.production_year)",
                                "PARTIAL min(cn.name)"
                            ],
                            "Workers": [
                                {
                                    "Worker Number": 0,
                                    "Actual Startup Time": 1562.849,
                                    "Actual Total Time": 1562.855,
                                    "Actual Rows": 1,
                                    "Actual Loops": 1
                                },
                                {
                                    "Worker Number": 1,
                                    "Actual Startup Time": 1562.234,
                                    "Actual Total Time": 1562.24,
                                    "Actual Rows": 1,
                                    "Actual Loops": 1
                                },
                                {
                                    "Worker Number": 2,
                                    "Actual Startup Time": 1563.562,
                                    "Actual Total Time": 1563.57,
                                    "Actual Rows": 1,
                                    "Actual Loops": 1
                                },
                                {
                                    "Worker Number": 3,
                                    "Actual Startup Time": 1563.58,
                                    "Actual Total Time": 1563.585,
                                    "Actual Rows": 1,
                                    "Actual Loops": 1
                                },
                                {
                                    "Worker Number": 4,
                                    "Actual Startup Time": 1563.592,
                                    "Actual Total Time": 1563.597,
                                    "Actual Rows": 1,
                                    "Actual Loops": 1
                                },
                                {
                                    "Worker Number": 5,
                                    "Actual Startup Time": 1563.576,
                                    "Actual Total Time": 1563.583,
                                    "Actual Rows": 1,
                                    "Actual Loops": 1
                                }
                            ],
                            "Plans": [
                                {
                                    "Node Type": "Nested Loop",
                                    "Parent Relationship": "Outer",
                                    "Parallel Aware": false,
                                    "Join Type": "Inner",
                                    "Startup Cost": 38354.61,
                                    "Total Cost": 409622.39,
                                    "Plan Rows": 81078,
                                    "Plan Width": 37,
                                    "Actual Startup Time": 52.764,
                                    "Actual Total Time": 1546.754,
                                    "Actual Rows": 98014,
                                    "Actual Loops": 7,
                                    "Output": [
                                        "t.title",
                                        "t.production_year",
                                        "cn.name"
                                    ],
                                    "Inner Unique": true,
                                    "Workers": [
                                        {
                                            "Worker Number": 0,
                                            "Actual Startup Time": 50.249,
                                            "Actual Total Time": 1544.043,
                                            "Actual Rows": 84725,
                                            "Actual Loops": 1
                                        },
                                        {
                                            "Worker Number": 1,
                                            "Actual Startup Time": 49.869,
                                            "Actual Total Time": 1546.259,
                                            "Actual Rows": 116230,
                                            "Actual Loops": 1
                                        },
                                        {
                                            "Worker Number": 2,
                                            "Actual Startup Time": 51.216,
                                            "Actual Total Time": 1544.761,
                                            "Actual Rows": 85586,
                                            "Actual Loops": 1
                                        },
                                        {
                                            "Worker Number": 3,
                                            "Actual Startup Time": 51.277,
                                            "Actual Total Time": 1543.626,
                                            "Actual Rows": 92327,
                                            "Actual Loops": 1
                                        },
                                        {
                                            "Worker Number": 4,
                                            "Actual Startup Time": 51.32,
                                            "Actual Total Time": 1545.502,
                                            "Actual Rows": 113429,
                                            "Actual Loops": 1
                                        },
                                        {
                                            "Worker Number": 5,
                                            "Actual Startup Time": 51.26,
                                            "Actual Total Time": 1546.242,
                                            "Actual Rows": 112181,
                                            "Actual Loops": 1
                                        }
                                    ],
                                    "Plans": [
                                        {
                                            "Node Type": "Hash Join",
                                            "Parent Relationship": "Outer",
                                            "Parallel Aware": true,
                                            "Join Type": "Inner",
                                            "Startup Cost": 38354.18,
                                            "Total Cost": 372122.44,
                                            "Plan Rows": 81078,
                                            "Plan Width": 25,
                                            "Actual Startup Time": 52.691,
                                            "Actual Total Time": 1180.837,
                                            "Actual Rows": 111823,
                                            "Actual Loops": 7,
                                            "Output": [
                                                "ci.person_role_id",
                                                "t.title",
                                                "t.production_year"
                                            ],
                                            "Inner Unique": true,
                                            "Hash Cond": "(ci.movie_id = t.id)",
                                            "Workers": [
                                                {
                                                    "Worker Number": 0,
                                                    "Actual Startup Time": 50.169,
                                                    "Actual Total Time": 1185.065,
                                                    "Actual Rows": 96754,
                                                    "Actual Loops": 1
                                                },
                                                {
                                                    "Worker Number": 1,
                                                    "Actual Startup Time": 49.805,
                                                    "Actual Total Time": 1162.308,
                                                    "Actual Rows": 133135,
                                                    "Actual Loops": 1
                                                },
                                                {
                                                    "Worker Number": 2,
                                                    "Actual Startup Time": 51.14,
                                                    "Actual Total Time": 1186.542,
                                                    "Actual Rows": 97704,
                                                    "Actual Loops": 1
                                                },
                                                {
                                                    "Worker Number": 3,
                                                    "Actual Startup Time": 51.227,
                                                    "Actual Total Time": 1190.082,
                                                    "Actual Rows": 104860,
                                                    "Actual Loops": 1
                                                },
                                                {
                                                    "Worker Number": 4,
                                                    "Actual Startup Time": 51.263,
                                                    "Actual Total Time": 1176.547,
                                                    "Actual Rows": 129129,
                                                    "Actual Loops": 1
                                                },
                                                {
                                                    "Worker Number": 5,
                                                    "Actual Startup Time": 51.123,
                                                    "Actual Total Time": 1183.562,
                                                    "Actual Rows": 128160,
                                                    "Actual Loops": 1
                                                }
                                            ],
                                            "Plans": [
                                                {
                                                    "Node Type": "Seq Scan",
                                                    "Parent Relationship": "Outer",
                                                    "Parallel Aware": true,
                                                    "Relation Name": "cast_info",
                                                    "Schema": "public",
                                                    "Alias": "ci",
                                                    "Startup Cost": 0.0,
                                                    "Total Cost": 328211.39,
                                                    "Plan Rows": 2116898,
                                                    "Plan Width": 8,
                                                    "Actual Startup Time": 0.014,
                                                    "Actual Total Time": 786.363,
                                                    "Actual Rows": 1810098,
                                                    "Actual Loops": 7,
                                                    "Output": [
                                                        "ci.id",
                                                        "ci.person_id",
                                                        "ci.movie_id",
                                                        "ci.person_role_id",
                                                        "ci.note",
                                                        "ci.nr_order",
                                                        "ci.role_id"
                                                    ],
                                                    "Filter": "(ci.role_id = 1)",
                                                    "Rows Removed by Filter": 3367665,
                                                    "Workers": [
                                                        {
                                                            "Worker Number": 0,
                                                            "Actual Startup Time": 0.017,
                                                            "Actual Total Time": 790.401,
                                                            "Actual Rows": 1558028,
                                                            "Actual Loops": 1
                                                        },
                                                        {
                                                            "Worker Number": 1,
                                                            "Actual Startup Time": 0.007,
                                                            "Actual Total Time": 768.963,
                                                            "Actual Rows": 2189656,
                                                            "Actual Loops": 1
                                                        },
                                                        {
                                                            "Worker Number": 2,
                                                            "Actual Startup Time": 0.023,
                                                            "Actual Total Time": 792.404,
                                                            "Actual Rows": 1581006,
                                                            "Actual Loops": 1
                                                        },
                                                        {
                                                            "Worker Number": 3,
                                                            "Actual Startup Time": 0.01,
                                                            "Actual Total Time": 794.774,
                                                            "Actual Rows": 1682453,
                                                            "Actual Loops": 1
                                                        },
                                                        {
                                                            "Worker Number": 4,
                                                            "Actual Startup Time": 0.013,
                                                            "Actual Total Time": 786.041,
                                                            "Actual Rows": 2068676,
                                                            "Actual Loops": 1
                                                        },
                                                        {
                                                            "Worker Number": 5,
                                                            "Actual Startup Time": 0.012,
                                                            "Actual Total Time": 786.844,
                                                            "Actual Rows": 2095827,
                                                            "Actual Loops": 1
                                                        }
                                                    ]
                                                },
                                                {
                                                    "Node Type": "Hash",
                                                    "Parent Relationship": "Inner",
                                                    "Parallel Aware": true,
                                                    "Startup Cost": 38051.55,
                                                    "Total Cost": 38051.55,
                                                    "Plan Rows": 24210,
                                                    "Plan Width": 25,
                                                    "Actual Startup Time": 52.058,
                                                    "Actual Total Time": 52.06,
                                                    "Actual Rows": 14362,
                                                    "Actual Loops": 7,
                                                    "Output": [
                                                        "t.title",
                                                        "t.production_year",
                                                        "t.id"
                                                    ],
                                                    "Hash Buckets": 131072,
                                                    "Original Hash Buckets": 131072,
                                                    "Hash Batches": 1,
                                                    "Original Hash Batches": 1,
                                                    "Peak Memory Usage": 7776,
                                                    "Workers": [
                                                        {
                                                            "Worker Number": 0,
                                                            "Actual Startup Time": 49.765,
                                                            "Actual Total Time": 49.768,
                                                            "Actual Rows": 12945,
                                                            "Actual Loops": 1
                                                        },
                                                        {
                                                            "Worker Number": 1,
                                                            "Actual Startup Time": 49.366,
                                                            "Actual Total Time": 49.368,
                                                            "Actual Rows": 14131,
                                                            "Actual Loops": 1
                                                        },
                                                        {
                                                            "Worker Number": 2,
                                                            "Actual Startup Time": 50.745,
                                                            "Actual Total Time": 50.749,
                                                            "Actual Rows": 13453,
                                                            "Actual Loops": 1
                                                        },
                                                        {
                                                            "Worker Number": 3,
                                                            "Actual Startup Time": 50.768,
                                                            "Actual Total Time": 50.77,
                                                            "Actual Rows": 13306,
                                                            "Actual Loops": 1
                                                        },
                                                        {
                                                            "Worker Number": 4,
                                                            "Actual Startup Time": 50.778,
                                                            "Actual Total Time": 50.78,
                                                            "Actual Rows": 14212,
                                                            "Actual Loops": 1
                                                        },
                                                        {
                                                            "Worker Number": 5,
                                                            "Actual Startup Time": 50.754,
                                                            "Actual Total Time": 50.756,
                                                            "Actual Rows": 14684,
                                                            "Actual Loops": 1
                                                        }
                                                    ],
                                                    "Plans": [
                                                        {
                                                            "Node Type": "Bitmap Heap Scan",
                                                            "Parent Relationship": "Outer",
                                                            "Parallel Aware": true,
                                                            "Relation Name": "title",
                                                            "Schema": "public",
                                                            "Alias": "t",
                                                            "Startup Cost": 1750.93,
                                                            "Total Cost": 38051.55,
                                                            "Plan Rows": 24210,
                                                            "Plan Width": 25,
                                                            "Actual Startup Time": 5.779,
                                                            "Actual Total Time": 40.321,
                                                            "Actual Rows": 14362,
                                                            "Actual Loops": 7,
                                                            "Output": [
                                                                "t.title",
                                                                "t.production_year",
                                                                "t.id"
                                                            ],
                                                            "Recheck Cond": "(t.kind_id = 3)",
                                                            "Rows Removed by Index Recheck": 0,
                                                            "Exact Heap Blocks": 2310,
                                                            "Lossy Heap Blocks": 0,
                                                            "Workers": [
                                                                {
                                                                    "Worker Number": 0,
                                                                    "Actual Startup Time": 3.671,
                                                                    "Actual Total Time": 38.717,
                                                                    "Actual Rows": 12945,
                                                                    "Actual Loops": 1
                                                                },
                                                                {
                                                                    "Worker Number": 1,
                                                                    "Actual Startup Time": 3.148,
                                                                    "Actual Total Time": 37.976,
                                                                    "Actual Rows": 14131,
                                                                    "Actual Loops": 1
                                                                },
                                                                {
                                                                    "Worker Number": 2,
                                                                    "Actual Startup Time": 4.47,
                                                                    "Actual Total Time": 39.123,
                                                                    "Actual Rows": 13453,
                                                                    "Actual Loops": 1
                                                                },
                                                                {
                                                                    "Worker Number": 3,
                                                                    "Actual Startup Time": 4.401,
                                                                    "Actual Total Time": 38.628,
                                                                    "Actual Rows": 13306,
                                                                    "Actual Loops": 1
                                                                },
                                                                {
                                                                    "Worker Number": 4,
                                                                    "Actual Startup Time": 4.454,
                                                                    "Actual Total Time": 39.77,
                                                                    "Actual Rows": 14212,
                                                                    "Actual Loops": 1
                                                                },
                                                                {
                                                                    "Worker Number": 5,
                                                                    "Actual Startup Time": 4.462,
                                                                    "Actual Total Time": 38.838,
                                                                    "Actual Rows": 14684,
                                                                    "Actual Loops": 1
                                                                }
                                                            ],
                                                            "Plans": [
                                                                {
                                                                    "Node Type": "Bitmap Index Scan",
                                                                    "Parent Relationship": "Outer",
                                                                    "Parallel Aware": false,
                                                                    "Index Name": "kind_id_title",
                                                                    "Startup Cost": 0.0,
                                                                    "Total Cost": 1726.72,
                                                                    "Plan Rows": 96839,
                                                                    "Plan Width": 0,
                                                                    "Actual Startup Time": 13.095,
                                                                    "Actual Total Time": 13.096,
                                                                    "Actual Rows": 100537,
                                                                    "Actual Loops": 1,
                                                                    "Index Cond": "(t.kind_id = 3)"
                                                                }
                                                            ]
                                                        }
                                                    ]
                                                }
                                            ]
                                        },
                                        {
                                            "Node Type": "Index Scan",
                                            "Parent Relationship": "Inner",
                                            "Parallel Aware": false,
                                            "Scan Direction": "Forward",
                                            "Index Name": "char_name_pkey",
                                            "Relation Name": "char_name",
                                            "Schema": "public",
                                            "Alias": "cn",
                                            "Startup Cost": 0.43,
                                            "Total Cost": 0.46,
                                            "Plan Rows": 1,
                                            "Plan Width": 20,
                                            "Actual Startup Time": 0.003,
                                            "Actual Total Time": 0.003,
                                            "Actual Rows": 1,
                                            "Actual Loops": 782764,
                                            "Output": [
                                                "cn.id",
                                                "cn.name",
                                                "cn.imdb_index",
                                                "cn.imdb_id",
                                                "cn.name_pcode_nf",
                                                "cn.surname_pcode",
                                                "cn.md5sum"
                                            ],
                                            "Index Cond": "(cn.id = ci.person_role_id)",
                                            "Rows Removed by Index Recheck": 0,
                                            "Workers": [
                                                {
                                                    "Worker Number": 0,
                                                    "Actual Startup Time": 0.003,
                                                    "Actual Total Time": 0.003,
                                                    "Actual Rows": 1,
                                                    "Actual Loops": 96754
                                                },
                                                {
                                                    "Worker Number": 1,
                                                    "Actual Startup Time": 0.003,
                                                    "Actual Total Time": 0.003,
                                                    "Actual Rows": 1,
                                                    "Actual Loops": 133135
                                                },
                                                {
                                                    "Worker Number": 2,
                                                    "Actual Startup Time": 0.003,
                                                    "Actual Total Time": 0.003,
                                                    "Actual Rows": 1,
                                                    "Actual Loops": 97704
                                                },
                                                {
                                                    "Worker Number": 3,
                                                    "Actual Startup Time": 0.003,
                                                    "Actual Total Time": 0.003,
                                                    "Actual Rows": 1,
                                                    "Actual Loops": 104860
                                                },
                                                {
                                                    "Worker Number": 4,
                                                    "Actual Startup Time": 0.003,
                                                    "Actual Total Time": 0.003,
                                                    "Actual Rows": 1,
                                                    "Actual Loops": 129129
                                                },
                                                {
                                                    "Worker Number": 5,
                                                    "Actual Startup Time": 0.003,
                                                    "Actual Total Time": 0.003,
                                                    "Actual Rows": 1,
                                                    "Actual Loops": 128160
                                                }
                                            ]
                                        }
                                    ]
                                }
                            ]
                        }
                    ]
                }
            ]
        },
        "Planning Time": 303.207,
        "Triggers": [],
        "Execution Time": 1678.375
    }
]