[
  {
    "Plan": {
      "Node Type": "Aggregate",
      "Strategy": "Plain",
      "Partial Mode": "Finalize",
      "Parallel Aware": false,
      "Startup Cost": 45356.74,
      "Total Cost": 45356.75,
      "Plan Rows": 1,
      "Plan Width": 8,
      "Actual Startup Time": 148.395,
      "Actual Total Time": 158.478,
      "Actual Rows": 1,
      "Actual Loops": 1,
      "Plans": [
        {
          "Node Type": "Gather",
          "Parent Relationship": "Outer",
          "Parallel Aware": false,
          "Startup Cost": 45356.42,
          "Total Cost": 45356.73,
          "Plan Rows": 3,
          "Plan Width": 8,
          "Actual Startup Time": 148.285,
          "Actual Total Time": 158.47,
          "Actual Rows": 4,
          "Actual Loops": 1,
          "Workers Planned": 3,
          "Workers Launched": 3,
          "Single Copy": false,
          "Plans": [
            {
              "Node Type": "Aggregate",
              "Strategy": "Plain",
              "Partial Mode": "Partial",
              "Parent Relationship": "Outer",
              "Parallel Aware": false,
              "Startup Cost": 44356.42,
              "Total Cost": 44356.43,
              "Plan Rows": 1,
              "Plan Width": 8,
              "Actual Startup Time": 139.487,
              "Actual Total Time": 139.488,
              "Actual Rows": 1,
              "Actual Loops": 4,
              "Plans": [
                {
                  "Node Type": "Seq Scan",
                  "Parent Relationship": "Outer",
                  "Parallel Aware": true,
                  "Relation Name": "movie_keyword",
                  "Alias": "mk",
                  "Startup Cost": 0.0,
                  "Total Cost": 42695.65,
                  "Plan Rows": 664306,
                  "Plan Width": 0,
                  "Actual Startup Time": 0.941,
                  "Actual Total Time": 114.916,
                  "Actual Rows": 510931,
                  "Actual Loops": 4,
                  "Filter": "(keyword_id > 6011)",
                  "Rows Removed by Filter": 620052
                }
              ]
            }
          ]
        }
      ]
    },
    "Planning Time": 0.189,
    "Triggers": [],
    "Execution Time": 158.533
  }
]