{
  "Plan": {
    "Node Type": "Aggregate",
    "Strategy": "Plain",
    "Partial Mode": "Finalize",
    "Parallel Aware": false,
    "Startup Cost": 202571.31,
    "Total Cost": 202571.32,
    "Plan Rows": 1,
    "Plan Width": 8,
    "Actual Startup Time": 1126.046,
    "Actual Total Time": 1141.329,
    "Actual Rows": 1,
    "Actual Loops": 1,
    "Plans": [
      {
        "Node Type": "Gather",
        "Parent Relationship": "Outer",
        "Parallel Aware": false,
        "Startup Cost": 202571.2,
        "Total Cost": 202571.31,
        "Plan Rows": 1,
        "Plan Width": 8,
        "Actual Startup Time": 1122.362,
        "Actual Total Time": 1141.322,
        "Actual Rows": 2,
        "Actual Loops": 1,
        "Workers Planned": 1,
        "Workers Launched": 1,
        "Single Copy": false,
        "Plans": [
          {
            "Node Type": "Aggregate",
            "Strategy": "Plain",
            "Partial Mode": "Partial",
            "Parent Relationship": "Outer",
            "Parallel Aware": false,
            "Startup Cost": 201571.2,
            "Total Cost": 201571.21,
            "Plan Rows": 1,
            "Plan Width": 8,
            "Actual Startup Time": 1116.03,
            "Actual Total Time": 1116.036,
            "Actual Rows": 1,
            "Actual Loops": 2,
            "Plans": [
              {
                "Node Type": "Merge Join",
                "Parent Relationship": "Outer",
                "Parallel Aware": false,
                "Join Type": "Inner",
                "Startup Cost": 149231.38,
                "Total Cost": 201359.74,
                "Plan Rows": 84582,
                "Plan Width": 0,
                "Actual Startup Time": 843.629,
                "Actual Total Time": 1084.104,
                "Actual Rows": 840574,
                "Actual Loops": 2,
                "Inner Unique": false,
                "Merge Cond": "(mi_idx.movie_id = t.id)",
                "Plans": [
                  {
                    "Node Type": "Index Only Scan",
                    "Parent Relationship": "Outer",
                    "Parallel Aware": true,
                    "Scan Direction": "Forward",
                    "Index Name": "movie_id_movie_info_idx",
                    "Relation Name": "movie_info_idx",
                    "Alias": "mi_idx",
                    "Startup Cost": 0.43,
                    "Total Cost": 47937.73,
                    "Plan Rows": 811785,
                    "Plan Width": 4,
                    "Actual Startup Time": 0.133,
                    "Actual Total Time": 127.225,
                    "Actual Rows": 690018,
                    "Actual Loops": 2,
                    "Heap Fetches": 1380035
                  },
                  {
                    "Node Type": "Sort",
                    "Parent Relationship": "Inner",
                    "Parallel Aware": false,
                    "Startup Cost": 149230.92,
                    "Total Cost": 149889.5,
                    "Plan Rows": 263429,
                    "Plan Width": 8,
                    "Actual Startup Time": 788.112,
                    "Actual Total Time": 830.738,
                    "Actual Rows": 1205468,
                    "Actual Loops": 2,
                    "Sort Key": [
                      "t.id"
                    ],
                    "Sort Method": "quicksort",
                    "Sort Space Used": 54737,
                    "Sort Space Type": "Memory",
                    "Workers": [
                      {
                        "Worker Number": 0,
                        "Sort Method": "quicksort",
                        "Sort Space Used": 54737,
                        "Sort Space Type": "Memory"
                      }
                    ],
                    "Plans": [
                      {
                        "Node Type": "Hash Join",
                        "Parent Relationship": "Outer",
                        "Parallel Aware": false,
                        "Join Type": "Inner",
                        "Startup Cost": 85870.86,
                        "Total Cost": 125513.02,
                        "Plan Rows": 263429,
                        "Plan Width": 8,
                        "Actual Startup Time": 366.529,
                        "Actual Total Time": 658.159,
                        "Actual Rows": 643422,
                        "Actual Loops": 2,
                        "Inner Unique": true,
                        "Hash Cond": "(mk.movie_id = t.id)",
                        "Plans": [
                          {
                            "Node Type": "Bitmap Heap Scan",
                            "Parent Relationship": "Outer",
                            "Parallel Aware": false,
                            "Relation Name": "movie_keyword",
                            "Alias": "mk",
                            "Startup Cost": 21302.8,
                            "Total Cost": 58309.0,
                            "Plan Rows": 1004176,
                            "Plan Width": 4,
                            "Actual Startup Time": 80.927,
                            "Actual Total Time": 238.775,
                            "Actual Rows": 1002497,
                            "Actual Loops": 2,
                            "Recheck Cond": "(keyword_id > 18430)",
                            "Rows Removed by Index Recheck": 0,
                            "Exact Heap Blocks": 24019,
                            "Lossy Heap Blocks": 0,
                            "Plans": [
                              {
                                "Node Type": "Bitmap Index Scan",
                                "Parent Relationship": "Outer",
                                "Parallel Aware": false,
                                "Index Name": "keyword_id_movie_keyword",
                                "Startup Cost": 0.0,
                                "Total Cost": 21051.75,
                                "Plan Rows": 1004176,
                                "Plan Width": 0,
                                "Actual Startup Time": 77.951,
                                "Actual Total Time": 77.951,
                                "Actual Rows": 1002497,
                                "Actual Loops": 2,
                                "Index Cond": "(keyword_id > 18430)"
                              }
                            ]
                          },
                          {
                            "Node Type": "Hash",
                            "Parent Relationship": "Inner",
                            "Parallel Aware": false,
                            "Startup Cost": 56277.36,
                            "Total Cost": 56277.36,
                            "Plan Rows": 663256,
                            "Plan Width": 4,
                            "Actual Startup Time": 234.013,
                            "Actual Total Time": 234.014,
                            "Actual Rows": 662825,
                            "Actual Loops": 2,
                            "Hash Buckets": 1048576,
                            "Original Hash Buckets": 1048576,
                            "Hash Batches": 1,
                            "Original Hash Batches": 1,
                            "Peak Memory Usage": 31495,
                            "Plans": [
                              {
                                "Node Type": "Bitmap Heap Scan",
                                "Parent Relationship": "Outer",
                                "Parallel Aware": false,
                                "Relation Name": "title",
                                "Alias": "t",
                                "Startup Cost": 11988.66,
                                "Total Cost": 56277.36,
                                "Plan Rows": 663256,
                                "Plan Width": 4,
                                "Actual Startup Time": 20.734,
                                "Actual Total Time": 115.233,
                                "Actual Rows": 662825,
                                "Actual Loops": 2,
                                "Recheck Cond": "(kind_id < 2)",
                                "Rows Removed by Index Recheck": 0,
                                "Exact Heap Blocks": 12863,
                                "Lossy Heap Blocks": 0,
                                "Plans": [
                                  {
                                    "Node Type": "Bitmap Index Scan",
                                    "Parent Relationship": "Outer",
                                    "Parallel Aware": false,
                                    "Index Name": "kind_id_title",
                                    "Startup Cost": 0.0,
                                    "Total Cost": 11822.85,
                                    "Plan Rows": 663256,
                                    "Plan Width": 0,
                                    "Actual Startup Time": 19.277,
                                    "Actual Total Time": 19.277,
                                    "Actual Rows": 662825,
                                    "Actual Loops": 2,
                                    "Index Cond": "(kind_id < 2)"
                                  }
                                ]
                              }
                            ]
                          }
                        ]
                      }
                    ]
                  }
                ]
              }
            ]
          }
        ]
      }
    ]
  },
  "Planning Time": 1.092,
  "Triggers": [],
  "Execution Time": 1146.847
}