[
  {
    "Plan": {
      "Node Type": "Aggregate",
      "Strategy": "Plain",
      "Partial Mode": "Finalize",
      "Parallel Aware": false,
      "Startup Cost": 32326.06,
      "Total Cost": 32326.07,
      "Plan Rows": 1,
      "Plan Width": 8,
      "Actual Startup Time": 126.992,
      "Actual Total Time": 134.967,
      "Actual Rows": 1,
      "Actual Loops": 1,
      "Plans": [
        {
          "Node Type": "Gather",
          "Parent Relationship": "Outer",
          "Parallel Aware": false,
          "Startup Cost": 32325.75,
          "Total Cost": 32326.06,
          "Plan Rows": 3,
          "Plan Width": 8,
          "Actual Startup Time": 126.889,
          "Actual Total Time": 134.959,
          "Actual Rows": 4,
          "Actual Loops": 1,
          "Workers Planned": 3,
          "Workers Launched": 3,
          "Single Copy": false,
          "Plans": [
            {
              "Node Type": "Aggregate",
              "Strategy": "Plain",
              "Partial Mode": "Partial",
              "Parent Relationship": "Outer",
              "Parallel Aware": false,
              "Startup Cost": 31325.75,
              "Total Cost": 31325.76,
              "Plan Rows": 1,
              "Plan Width": 8,
              "Actual Startup Time": 118.244,
              "Actual Total Time": 118.245,
              "Actual Rows": 1,
              "Actual Loops": 4,
              "Plans": [
                {
                  "Node Type": "Seq Scan",
                  "Parent Relationship": "Outer",
                  "Parallel Aware": true,
                  "Relation Name": "movie_companies",
                  "Alias": "mc",
                  "Startup Cost": 0.0,
                  "Total Cost": 29310.68,
                  "Plan Rows": 806026,
                  "Plan Width": 0,
                  "Actual Startup Time": 0.064,
                  "Actual Total Time": 87.602,
                  "Actual Rows": 625052,
                  "Actual Loops": 4,
                  "Filter": "(company_id < 152475)",
                  "Rows Removed by Filter": 27230
                }
              ]
            }
          ]
        }
      ]
    },
    "Planning Time": 0.199,
    "Triggers": [],
    "Execution Time": 135.017
  }
]