[
  {
    "Plan": {
      "Node Type": "Aggregate",
      "Strategy": "Plain",
      "Partial Mode": "Finalize",
      "Parallel Aware": false,
      "Startup Cost": 32323.13,
      "Total Cost": 32323.14,
      "Plan Rows": 1,
      "Plan Width": 8,
      "Actual Startup Time": 133.798,
      "Actual Total Time": 142.373,
      "Actual Rows": 1,
      "Actual Loops": 1,
      "Plans": [
        {
          "Node Type": "Gather",
          "Parent Relationship": "Outer",
          "Parallel Aware": false,
          "Startup Cost": 32322.81,
          "Total Cost": 32323.12,
          "Plan Rows": 3,
          "Plan Width": 8,
          "Actual Startup Time": 133.689,
          "Actual Total Time": 142.364,
          "Actual Rows": 4,
          "Actual Loops": 1,
          "Workers Planned": 3,
          "Workers Launched": 3,
          "Single Copy": false,
          "Plans": [
            {
              "Node Type": "Aggregate",
              "Strategy": "Plain",
              "Partial Mode": "Partial",
              "Parent Relationship": "Outer",
              "Parallel Aware": false,
              "Startup Cost": 31322.81,
              "Total Cost": 31322.82,
              "Plan Rows": 1,
              "Plan Width": 8,
              "Actual Startup Time": 127.314,
              "Actual Total Time": 127.315,
              "Actual Rows": 1,
              "Actual Loops": 4,
              "Plans": [
                {
                  "Node Type": "Seq Scan",
                  "Parent Relationship": "Outer",
                  "Parallel Aware": true,
                  "Relation Name": "movie_companies",
                  "Alias": "mc",
                  "Startup Cost": 0.0,
                  "Total Cost": 29310.68,
                  "Plan Rows": 804852,
                  "Plan Width": 0,
                  "Actual Startup Time": 0.041,
                  "Actual Total Time": 92.904,
                  "Actual Rows": 625052,
                  "Actual Loops": 4,
                  "Filter": "(company_id < 152475)",
                  "Rows Removed by Filter": 27230
                }
              ]
            }
          ]
        }
      ]
    },
    "Planning Time": 0.102,
    "Triggers": [],
    "Execution Time": 142.407
  }
]