[
  {
    "Plan": {
      "Node Type": "Aggregate",
      "Strategy": "Plain",
      "Partial Mode": "Finalize",
      "Parallel Aware": false,
      "Startup Cost": 48327.24,
      "Total Cost": 48327.25,
      "Plan Rows": 1,
      "Plan Width": 8,
      "Actual Startup Time": 26.319,
      "Actual Total Time": 30.52,
      "Actual Rows": 1,
      "Actual Loops": 1,
      "Plans": [
        {
          "Node Type": "Gather",
          "Parent Relationship": "Outer",
          "Parallel Aware": false,
          "Startup Cost": 48327.03,
          "Total Cost": 48327.24,
          "Plan Rows": 2,
          "Plan Width": 8,
          "Actual Startup Time": 26.104,
          "Actual Total Time": 30.515,
          "Actual Rows": 3,
          "Actual Loops": 1,
          "Workers Planned": 2,
          "Workers Launched": 2,
          "Single Copy": false,
          "Plans": [
            {
              "Node Type": "Aggregate",
              "Strategy": "Plain",
              "Partial Mode": "Partial",
              "Parent Relationship": "Outer",
              "Parallel Aware": false,
              "Startup Cost": 47327.03,
              "Total Cost": 47327.04,
              "Plan Rows": 1,
              "Plan Width": 8,
              "Actual Startup Time": 22.983,
              "Actual Total Time": 22.984,
              "Actual Rows": 1,
              "Actual Loops": 3,
              "Plans": [
                {
                  "Node Type": "Nested Loop",
                  "Parent Relationship": "Outer",
                  "Parallel Aware": false,
                  "Join Type": "Inner",
                  "Startup Cost": 248.48,
                  "Total Cost": 47323.95,
                  "Plan Rows": 1230,
                  "Plan Width": 0,
                  "Actual Startup Time": 4.647,
                  "Actual Total Time": 22.972,
                  "Actual Rows": 54,
                  "Actual Loops": 3,
                  "Inner Unique": true,
                  "Plans": [
                    {
                      "Node Type": "Bitmap Heap Scan",
                      "Parent Relationship": "Outer",
                      "Parallel Aware": true,
                      "Relation Name": "movie_companies",
                      "Alias": "mc",
                      "Startup Cost": 248.05,
                      "Total Cost": 17339.68,
                      "Plan Rows": 4711,
                      "Plan Width": 4,
                      "Actual Startup Time": 0.415,
                      "Actual Total Time": 2.726,
                      "Actual Rows": 3556,
                      "Actual Loops": 3,
                      "Recheck Cond": "(company_id = 11)",
                      "Rows Removed by Index Recheck": 0,
                      "Exact Heap Blocks": 928,
                      "Lossy Heap Blocks": 0,
                      "Plans": [
                        {
                          "Node Type": "Bitmap Index Scan",
                          "Parent Relationship": "Outer",
                          "Parallel Aware": false,
                          "Index Name": "company_id_movie_companies",
                          "Startup Cost": 0.0,
                          "Total Cost": 245.23,
                          "Plan Rows": 11306,
                          "Plan Width": 0,
                          "Actual Startup Time": 0.993,
                          "Actual Total Time": 0.994,
                          "Actual Rows": 10667,
                          "Actual Loops": 1,
                          "Index Cond": "(company_id = 11)"
                        }
                      ]
                    },
                    {
                      "Node Type": "Index Scan",
                      "Parent Relationship": "Inner",
                      "Parallel Aware": false,
                      "Scan Direction": "Forward",
                      "Index Name": "title_pkey",
                      "Relation Name": "title",
                      "Alias": "t",
                      "Startup Cost": 0.43,
                      "Total Cost": 6.36,
                      "Plan Rows": 1,
                      "Plan Width": 4,
                      "Actual Startup Time": 0.005,
                      "Actual Total Time": 0.005,
                      "Actual Rows": 0,
                      "Actual Loops": 10667,
                      "Index Cond": "(id = mc.movie_id)",
                      "Rows Removed by Index Recheck": 0,
                      "Filter": "(kind_id = 1)",
                      "Rows Removed by Filter": 1
                    }
                  ]
                }
              ]
            }
          ]
        }
      ]
    },
    "Planning Time": 0.436,
    "Triggers": [],
    "Execution Time": 30.553
  }
]