{
  "Plan": {
    "Node Type": "Aggregate",
    "Strategy": "Plain",
    "Partial Mode": "Finalize",
    "Parallel Aware": false,
    "Startup Cost": 1561521.52,
    "Total Cost": 1561521.53,
    "Plan Rows": 1,
    "Plan Width": 8,
    "Actual Startup Time": 27692.402,
    "Actual Total Time": 27803.439,
    "Actual Rows": 1,
    "Actual Loops": 1,
    "Plans": [
      {
        "Node Type": "Gather",
        "Parent Relationship": "Outer",
        "Parallel Aware": false,
        "Startup Cost": 1561521.41,
        "Total Cost": 1561521.52,
        "Plan Rows": 1,
        "Plan Width": 8,
        "Actual Startup Time": 27667.28,
        "Actual Total Time": 27803.427,
        "Actual Rows": 2,
        "Actual Loops": 1,
        "Workers Planned": 1,
        "Workers Launched": 1,
        "Single Copy": false,
        "Plans": [
          {
            "Node Type": "Aggregate",
            "Strategy": "Plain",
            "Partial Mode": "Partial",
            "Parent Relationship": "Outer",
            "Parallel Aware": false,
            "Startup Cost": 1560521.41,
            "Total Cost": 1560521.42,
            "Plan Rows": 1,
            "Plan Width": 8,
            "Actual Startup Time": 27640.775,
            "Actual Total Time": 27643.86,
            "Actual Rows": 1,
            "Actual Loops": 2,
            "Plans": [
              {
                "Node Type": "Hash Join",
                "Parent Relationship": "Outer",
                "Parallel Aware": true,
                "Join Type": "Inner",
                "Startup Cost": 436842.59,
                "Total Cost": 1421154.52,
                "Plan Rows": 55746757,
                "Plan Width": 0,
                "Actual Startup Time": 5882.658,
                "Actual Total Time": 23357.778,
                "Actual Rows": 106349372,
                "Actual Loops": 2,
                "Inner Unique": false,
                "Hash Cond": "(ci.movie_id = t.id)",
                "Plans": [
                  {
                    "Node Type": "Seq Scan",
                    "Parent Relationship": "Outer",
                    "Parallel Aware": true,
                    "Relation Name": "cast_info",
                    "Alias": "ci",
                    "Startup Cost": 0.0,
                    "Total Cost": 519069.44,
                    "Plan Rows": 10985631,
                    "Plan Width": 4,
                    "Actual Startup Time": 426.353,
                    "Actual Total Time": 1584.336,
                    "Actual Rows": 9320206,
                    "Actual Loops": 2,
                    "Filter": "(person_id > 1742204)",
                    "Rows Removed by Filter": 8801966
                  },
                  {
                    "Node Type": "Hash",
                    "Parent Relationship": "Inner",
                    "Parallel Aware": true,
                    "Startup Cost": 342505.37,
                    "Total Cost": 342505.37,
                    "Plan Rows": 7546978,
                    "Plan Width": 8,
                    "Actual Startup Time": 5398.343,
                    "Actual Total Time": 5401.426,
                    "Actual Rows": 5972686,
                    "Actual Loops": 2,
                    "Hash Buckets": 16777216,
                    "Original Hash Buckets": 16777216,
                    "Hash Batches": 1,
                    "Original Hash Batches": 1,
                    "Peak Memory Usage": 598400,
                    "Plans": [
                      {
                        "Node Type": "Hash Join",
                        "Parent Relationship": "Outer",
                        "Parallel Aware": true,
                        "Join Type": "Inner",
                        "Startup Cost": 70721.88,
                        "Total Cost": 342505.37,
                        "Plan Rows": 7546978,
                        "Plan Width": 8,
                        "Actual Startup Time": 574.629,
                        "Actual Total Time": 3643.883,
                        "Actual Rows": 5972686,
                        "Actual Loops": 2,
                        "Inner Unique": true,
                        "Hash Cond": "(mi.movie_id = t.id)",
                        "Plans": [
                          {
                            "Node Type": "Seq Scan",
                            "Parent Relationship": "Outer",
                            "Parallel Aware": true,
                            "Relation Name": "movie_info",
                            "Alias": "mi",
                            "Startup Cost": 0.0,
                            "Total Cost": 248955.74,
                            "Plan Rows": 8696274,
                            "Plan Width": 4,
                            "Actual Startup Time": 0.011,
                            "Actual Total Time": 705.338,
                            "Actual Rows": 7417860,
                            "Actual Loops": 2
                          },
                          {
                            "Node Type": "Hash",
                            "Parent Relationship": "Inner",
                            "Parallel Aware": true,
                            "Startup Cost": 54588.39,
                            "Total Cost": 54588.39,
                            "Plan Rows": 1290679,
                            "Plan Width": 4,
                            "Actual Startup Time": 563.606,
                            "Actual Total Time": 563.607,
                            "Actual Rows": 1091158,
                            "Actual Loops": 2,
                            "Hash Buckets": 4194304,
                            "Original Hash Buckets": 4194304,
                            "Hash Batches": 1,
                            "Original Hash Batches": 1,
                            "Peak Memory Usage": 118176,
                            "Plans": [
                              {
                                "Node Type": "Seq Scan",
                                "Parent Relationship": "Outer",
                                "Parallel Aware": true,
                                "Relation Name": "title",
                                "Alias": "t",
                                "Startup Cost": 0.0,
                                "Total Cost": 54588.39,
                                "Plan Rows": 1290679,
                                "Plan Width": 4,
                                "Actual Startup Time": 0.045,
                                "Actual Total Time": 225.647,
                                "Actual Rows": 1091158,
                                "Actual Loops": 2,
                                "Filter": "(production_year > 1962)",
                                "Rows Removed by Filter": 172998
                              }
                            ]
                          }
                        ]
                      }
                    ]
                  }
                ]
              }
            ]
          }
        ]
      }
    ]
  },
  "Planning Time": 1.079,
  "Triggers": [],
  "Execution Time": 27803.526
}