[
  {
    "Plan": {
      "Node Type": "Aggregate",
      "Strategy": "Plain",
      "Partial Mode": "Finalize",
      "Parallel Aware": false,
      "Startup Cost": 91386.46,
      "Total Cost": 91386.47,
      "Plan Rows": 1,
      "Plan Width": 8,
      "Actual Startup Time": 273.614,
      "Actual Total Time": 289.031,
      "Actual Rows": 1,
      "Actual Loops": 1,
      "Plans": [
        {
          "Node Type": "Gather",
          "Parent Relationship": "Outer",
          "Parallel Aware": false,
          "Startup Cost": 91386.14,
          "Total Cost": 91386.45,
          "Plan Rows": 3,
          "Plan Width": 8,
          "Actual Startup Time": 273.276,
          "Actual Total Time": 289.021,
          "Actual Rows": 4,
          "Actual Loops": 1,
          "Workers Planned": 3,
          "Workers Launched": 3,
          "Single Copy": false,
          "Plans": [
            {
              "Node Type": "Aggregate",
              "Strategy": "Plain",
              "Partial Mode": "Partial",
              "Parent Relationship": "Outer",
              "Parallel Aware": false,
              "Startup Cost": 90386.14,
              "Total Cost": 90386.15,
              "Plan Rows": 1,
              "Plan Width": 8,
              "Actual Startup Time": 264.948,
              "Actual Total Time": 264.952,
              "Actual Rows": 1,
              "Actual Loops": 4,
              "Plans": [
                {
                  "Node Type": "Hash Join",
                  "Parent Relationship": "Outer",
                  "Parallel Aware": true,
                  "Join Type": "Inner",
                  "Startup Cost": 45667.52,
                  "Total Cost": 90341.21,
                  "Plan Rows": 17971,
                  "Plan Width": 0,
                  "Actual Startup Time": 133.908,
                  "Actual Total Time": 264.304,
                  "Actual Rows": 11533,
                  "Actual Loops": 4,
                  "Inner Unique": true,
                  "Hash Cond": "(mk.movie_id = t.id)",
                  "Plans": [
                    {
                      "Node Type": "Seq Scan",
                      "Parent Relationship": "Outer",
                      "Parallel Aware": true,
                      "Relation Name": "movie_keyword",
                      "Alias": "mk",
                      "Startup Cost": 0.0,
                      "Total Cost": 42695.65,
                      "Plan Rows": 753537,
                      "Plan Width": 4,
                      "Actual Startup Time": 0.291,
                      "Actual Total Time": 113.736,
                      "Actual Rows": 583227,
                      "Actual Loops": 4,
                      "Filter": "(keyword_id > 4333)",
                      "Rows Removed by Filter": 547755
                    },
                    {
                      "Node Type": "Hash",
                      "Parent Relationship": "Inner",
                      "Parallel Aware": true,
                      "Startup Cost": 45479.1,
                      "Total Cost": 45479.1,
                      "Plan Rows": 15074,
                      "Plan Width": 4,
                      "Actual Startup Time": 100.946,
                      "Actual Total Time": 100.948,
                      "Actual Rows": 15395,
                      "Actual Loops": 4,
                      "Hash Buckets": 65536,
                      "Original Hash Buckets": 65536,
                      "Hash Batches": 1,
                      "Original Hash Batches": 1,
                      "Peak Memory Usage": 3008,
                      "Plans": [
                        {
                          "Node Type": "Seq Scan",
                          "Parent Relationship": "Outer",
                          "Parallel Aware": true,
                          "Relation Name": "title",
                          "Alias": "t",
                          "Startup Cost": 0.0,
                          "Total Cost": 45479.1,
                          "Plan Rows": 15074,
                          "Plan Width": 4,
                          "Actual Startup Time": 46.074,
                          "Actual Total Time": 95.185,
                          "Actual Rows": 15395,
                          "Actual Loops": 4,
                          "Filter": "((production_year > 2011) AND (kind_id = 1))",
                          "Rows Removed by Filter": 616683
                        }
                      ]
                    }
                  ]
                }
              ]
            }
          ]
        }
      ]
    },
    "Planning Time": 0.622,
    "Triggers": [],
    "Execution Time": 289.098
  }
]