[
  {
    "Plan": {
      "Node Type": "Aggregate",
      "Strategy": "Plain",
      "Partial Mode": "Finalize",
      "Parallel Aware": false,
      "Startup Cost": 348976.34,
      "Total Cost": 348976.35,
      "Plan Rows": 1,
      "Plan Width": 8,
      "Actual Startup Time": 762.197,
      "Actual Total Time": 805.346,
      "Actual Rows": 1,
      "Actual Loops": 1,
      "Plans": [
        {
          "Node Type": "Gather",
          "Parent Relationship": "Outer",
          "Parallel Aware": false,
          "Startup Cost": 348975.71,
          "Total Cost": 348976.32,
          "Plan Rows": 6,
          "Plan Width": 8,
          "Actual Startup Time": 761.999,
          "Actual Total Time": 805.336,
          "Actual Rows": 7,
          "Actual Loops": 1,
          "Workers Planned": 6,
          "Workers Launched": 6,
          "Single Copy": false,
          "Plans": [
            {
              "Node Type": "Aggregate",
              "Strategy": "Plain",
              "Partial Mode": "Partial",
              "Parent Relationship": "Outer",
              "Parallel Aware": false,
              "Startup Cost": 347975.71,
              "Total Cost": 347975.72,
              "Plan Rows": 1,
              "Plan Width": 8,
              "Actual Startup Time": 754.71,
              "Actual Total Time": 754.711,
              "Actual Rows": 1,
              "Actual Loops": 7,
              "Plans": [
                {
                  "Node Type": "Seq Scan",
                  "Parent Relationship": "Outer",
                  "Parallel Aware": true,
                  "Relation Name": "cast_info",
                  "Alias": "ci",
                  "Startup Cost": 0.0,
                  "Total Cost": 343316.27,
                  "Plan Rows": 1863777,
                  "Plan Width": 0,
                  "Actual Startup Time": 348.014,
                  "Actual Total Time": 665.294,
                  "Actual Rows": 1861969,
                  "Actual Loops": 7,
                  "Filter": "((person_id > 1084575) AND (role_id > 2))",
                  "Rows Removed by Filter": 3315795
                }
              ]
            }
          ]
        }
      ]
    },
    "Planning Time": 0.24,
    "Triggers": [],
    "Execution Time": 805.417
  }
]