[
  {
    "Plan": {
      "Node Type": "Aggregate",
      "Strategy": "Plain",
      "Partial Mode": "Finalize",
      "Parallel Aware": false,
      "Startup Cost": 46482.77,
      "Total Cost": 46482.78,
      "Plan Rows": 1,
      "Plan Width": 8,
      "Actual Startup Time": 151.698,
      "Actual Total Time": 162.568,
      "Actual Rows": 1,
      "Actual Loops": 1,
      "Plans": [
        {
          "Node Type": "Gather",
          "Parent Relationship": "Outer",
          "Parallel Aware": false,
          "Startup Cost": 46482.45,
          "Total Cost": 46482.76,
          "Plan Rows": 3,
          "Plan Width": 8,
          "Actual Startup Time": 151.565,
          "Actual Total Time": 162.559,
          "Actual Rows": 4,
          "Actual Loops": 1,
          "Workers Planned": 3,
          "Workers Launched": 3,
          "Single Copy": false,
          "Plans": [
            {
              "Node Type": "Aggregate",
              "Strategy": "Plain",
              "Partial Mode": "Partial",
              "Parent Relationship": "Outer",
              "Parallel Aware": false,
              "Startup Cost": 45482.45,
              "Total Cost": 45482.46,
              "Plan Rows": 1,
              "Plan Width": 8,
              "Actual Startup Time": 147.689,
              "Actual Total Time": 147.69,
              "Actual Rows": 1,
              "Actual Loops": 4,
              "Plans": [
                {
                  "Node Type": "Seq Scan",
                  "Parent Relationship": "Outer",
                  "Parallel Aware": true,
                  "Relation Name": "movie_keyword",
                  "Alias": "mk",
                  "Startup Cost": 0.0,
                  "Total Cost": 42695.65,
                  "Plan Rows": 1114720,
                  "Plan Width": 0,
                  "Actual Startup Time": 0.033,
                  "Actual Total Time": 111.698,
                  "Actual Rows": 865887,
                  "Actual Loops": 4,
                  "Filter": "(keyword_id < 16543)",
                  "Rows Removed by Filter": 265096
                }
              ]
            }
          ]
        }
      ]
    },
    "Planning Time": 0.188,
    "Triggers": [],
    "Execution Time": 162.622
  }
]