[
    {
        "Bao": {
            "Bao prediction": "NaN",
            "Bao recommended hint": "(no hint)"
        }
    },
    {
        "Plan": {
            "Node Type": "Aggregate",
            "Strategy": "Plain",
            "Partial Mode": "Finalize",
            "Parallel Aware": false,
            "Startup Cost": 351948.35,
            "Total Cost": 351948.36,
            "Plan Rows": 1,
            "Plan Width": 8,
            "Actual Startup Time": 786.945,
            "Actual Total Time": 811.796,
            "Actual Rows": 1,
            "Actual Loops": 1,
            "Output": [
                "count(*)"
            ],
            "Plans": [
                {
                    "Node Type": "Gather",
                    "Parent Relationship": "Outer",
                    "Parallel Aware": false,
                    "Startup Cost": 351947.73,
                    "Total Cost": 351948.34,
                    "Plan Rows": 6,
                    "Plan Width": 8,
                    "Actual Startup Time": 786.852,
                    "Actual Total Time": 811.788,
                    "Actual Rows": 7,
                    "Actual Loops": 1,
                    "Output": [
                        "(PARTIAL count(*))"
                    ],
                    "Workers Planned": 6,
                    "Workers Launched": 6,
                    "Single Copy": false,
                    "Plans": [
                        {
                            "Node Type": "Aggregate",
                            "Strategy": "Plain",
                            "Partial Mode": "Partial",
                            "Parent Relationship": "Outer",
                            "Parallel Aware": false,
                            "Startup Cost": 350947.73,
                            "Total Cost": 350947.74,
                            "Plan Rows": 1,
                            "Plan Width": 8,
                            "Actual Startup Time": 777.098,
                            "Actual Total Time": 777.099,
                            "Actual Rows": 1,
                            "Actual Loops": 7,
                            "Output": [
                                "PARTIAL count(*)"
                            ],
                            "Workers": [
                                {
                                    "Worker Number": 0,
                                    "Actual Startup Time": 774.78,
                                    "Actual Total Time": 774.781,
                                    "Actual Rows": 1,
                                    "Actual Loops": 1
                                },
                                {
                                    "Worker Number": 1,
                                    "Actual Startup Time": 775.205,
                                    "Actual Total Time": 775.206,
                                    "Actual Rows": 1,
                                    "Actual Loops": 1
                                },
                                {
                                    "Worker Number": 2,
                                    "Actual Startup Time": 775.054,
                                    "Actual Total Time": 775.056,
                                    "Actual Rows": 1,
                                    "Actual Loops": 1
                                },
                                {
                                    "Worker Number": 3,
                                    "Actual Startup Time": 775.679,
                                    "Actual Total Time": 775.68,
                                    "Actual Rows": 1,
                                    "Actual Loops": 1
                                },
                                {
                                    "Worker Number": 4,
                                    "Actual Startup Time": 776.175,
                                    "Actual Total Time": 776.175,
                                    "Actual Rows": 1,
                                    "Actual Loops": 1
                                },
                                {
                                    "Worker Number": 5,
                                    "Actual Startup Time": 776.317,
                                    "Actual Total Time": 776.318,
                                    "Actual Rows": 1,
                                    "Actual Loops": 1
                                }
                            ],
                            "Plans": [
                                {
                                    "Node Type": "Seq Scan",
                                    "Parent Relationship": "Outer",
                                    "Parallel Aware": true,
                                    "Relation Name": "cast_info",
                                    "Schema": "public",
                                    "Alias": "ci",
                                    "Startup Cost": 0.0,
                                    "Total Cost": 343318.94,
                                    "Plan Rows": 3051515,
                                    "Plan Width": 0,
                                    "Actual Startup Time": 207.782,
                                    "Actual Total Time": 645.882,
                                    "Actual Rows": 3042336,
                                    "Actual Loops": 7,
                                    "Output": [
                                        "id",
                                        "person_id",
                                        "movie_id",
                                        "person_role_id",
                                        "note",
                                        "nr_order",
                                        "role_id"
                                    ],
                                    "Filter": "((ci.person_id > 799980) AND (ci.role_id > 1))",
                                    "Rows Removed by Filter": 2135428,
                                    "Workers": [
                                        {
                                            "Worker Number": 0,
                                            "Actual Startup Time": 205.469,
                                            "Actual Total Time": 641.783,
                                            "Actual Rows": 2010181,
                                            "Actual Loops": 1
                                        },
                                        {
                                            "Worker Number": 1,
                                            "Actual Startup Time": 205.872,
                                            "Actual Total Time": 646.772,
                                            "Actual Rows": 3105861,
                                            "Actual Loops": 1
                                        },
                                        {
                                            "Worker Number": 2,
                                            "Actual Startup Time": 205.75,
                                            "Actual Total Time": 647.42,
                                            "Actual Rows": 3056189,
                                            "Actual Loops": 1
                                        },
                                        {
                                            "Worker Number": 3,
                                            "Actual Startup Time": 206.375,
                                            "Actual Total Time": 648.104,
                                            "Actual Rows": 3088899,
                                            "Actual Loops": 1
                                        },
                                        {
                                            "Worker Number": 4,
                                            "Actual Startup Time": 206.85,
                                            "Actual Total Time": 648.667,
                                            "Actual Rows": 3133123,
                                            "Actual Loops": 1
                                        },
                                        {
                                            "Worker Number": 5,
                                            "Actual Startup Time": 207.008,
                                            "Actual Total Time": 649.39,
                                            "Actual Rows": 3095737,
                                            "Actual Loops": 1
                                        }
                                    ]
                                }
                            ]
                        }
                    ]
                }
            ]
        },
        "Planning Time": 208.183,
        "Triggers": [],
        "Execution Time": 811.852
    }
]