{
  "Plan": {
    "Node Type": "Aggregate",
    "Strategy": "Plain",
    "Partial Mode": "Finalize",
    "Parallel Aware": false,
    "Startup Cost": 539600.33,
    "Total Cost": 539600.34,
    "Plan Rows": 1,
    "Plan Width": 8,
    "Actual Startup Time": 12364.078,
    "Actual Total Time": 12418.829,
    "Actual Rows": 1,
    "Actual Loops": 1,
    "Plans": [
      {
        "Node Type": "Gather",
        "Parent Relationship": "Outer",
        "Parallel Aware": false,
        "Startup Cost": 539600.22,
        "Total Cost": 539600.33,
        "Plan Rows": 1,
        "Plan Width": 8,
        "Actual Startup Time": 12354.662,
        "Actual Total Time": 12418.818,
        "Actual Rows": 2,
        "Actual Loops": 1,
        "Workers Planned": 1,
        "Workers Launched": 1,
        "Single Copy": false,
        "Plans": [
          {
            "Node Type": "Aggregate",
            "Strategy": "Plain",
            "Partial Mode": "Partial",
            "Parent Relationship": "Outer",
            "Parallel Aware": false,
            "Startup Cost": 538600.22,
            "Total Cost": 538600.23,
            "Plan Rows": 1,
            "Plan Width": 8,
            "Actual Startup Time": 12343.595,
            "Actual Total Time": 12345.906,
            "Actual Rows": 1,
            "Actual Loops": 2,
            "Plans": [
              {
                "Node Type": "Hash Join",
                "Parent Relationship": "Outer",
                "Parallel Aware": true,
                "Join Type": "Inner",
                "Startup Cost": 155863.23,
                "Total Cost": 511668.67,
                "Plan Rows": 10772619,
                "Plan Width": 0,
                "Actual Startup Time": 1415.573,
                "Actual Total Time": 9055.072,
                "Actual Rows": 83635420,
                "Actual Loops": 2,
                "Inner Unique": false,
                "Hash Cond": "(mi.movie_id = t.id)",
                "Plans": [
                  {
                    "Node Type": "Seq Scan",
                    "Parent Relationship": "Outer",
                    "Parallel Aware": true,
                    "Relation Name": "movie_info",
                    "Alias": "mi",
                    "Startup Cost": 0.0,
                    "Total Cost": 248955.74,
                    "Plan Rows": 8696274,
                    "Plan Width": 4,
                    "Actual Startup Time": 0.018,
                    "Actual Total Time": 635.842,
                    "Actual Rows": 7417860,
                    "Actual Loops": 2
                  },
                  {
                    "Node Type": "Hash",
                    "Parent Relationship": "Inner",
                    "Parallel Aware": true,
                    "Startup Cost": 132834.16,
                    "Total Cost": 132834.16,
                    "Plan Rows": 1842326,
                    "Plan Width": 8,
                    "Actual Startup Time": 1392.683,
                    "Actual Total Time": 1394.992,
                    "Actual Rows": 1423449,
                    "Actual Loops": 2,
                    "Hash Buckets": 4194304,
                    "Original Hash Buckets": 4194304,
                    "Hash Batches": 1,
                    "Original Hash Batches": 1,
                    "Peak Memory Usage": 144160,
                    "Plans": [
                      {
                        "Node Type": "Hash Join",
                        "Parent Relationship": "Outer",
                        "Parallel Aware": true,
                        "Join Type": "Inner",
                        "Startup Cost": 68781.56,
                        "Total Cost": 132834.16,
                        "Plan Rows": 1842326,
                        "Plan Width": 8,
                        "Actual Startup Time": 494.876,
                        "Actual Total Time": 1104.135,
                        "Actual Rows": 1423449,
                        "Actual Loops": 2,
                        "Inner Unique": true,
                        "Hash Cond": "(mk.movie_id = t.id)",
                        "Plans": [
                          {
                            "Node Type": "Seq Scan",
                            "Parent Relationship": "Outer",
                            "Parallel Aware": true,
                            "Relation Name": "movie_keyword",
                            "Alias": "mk",
                            "Startup Cost": 0.0,
                            "Total Cost": 57718.19,
                            "Plan Rows": 2413102,
                            "Plan Width": 4,
                            "Actual Startup Time": 0.03,
                            "Actual Total Time": 258.671,
                            "Actual Rows": 2043871,
                            "Actual Loops": 2,
                            "Filter": "(keyword_id > 335)",
                            "Rows Removed by Filter": 218094
                          },
                          {
                            "Node Type": "Hash",
                            "Parent Relationship": "Inner",
                            "Parallel Aware": true,
                            "Startup Cost": 54588.39,
                            "Total Cost": 54588.39,
                            "Plan Rows": 1135454,
                            "Plan Width": 4,
                            "Actual Startup Time": 486.469,
                            "Actual Total Time": 486.47,
                            "Actual Rows": 959014,
                            "Actual Loops": 2,
                            "Hash Buckets": 2097152,
                            "Original Hash Buckets": 2097152,
                            "Hash Batches": 1,
                            "Original Hash Batches": 1,
                            "Peak Memory Usage": 91456,
                            "Plans": [
                              {
                                "Node Type": "Seq Scan",
                                "Parent Relationship": "Outer",
                                "Parallel Aware": true,
                                "Relation Name": "title",
                                "Alias": "t",
                                "Startup Cost": 0.0,
                                "Total Cost": 54588.39,
                                "Plan Rows": 1135454,
                                "Plan Width": 4,
                                "Actual Startup Time": 0.063,
                                "Actual Total Time": 210.348,
                                "Actual Rows": 959014,
                                "Actual Loops": 2,
                                "Filter": "(production_year > 1981)",
                                "Rows Removed by Filter": 305142
                              }
                            ]
                          }
                        ]
                      }
                    ]
                  }
                ]
              }
            ]
          }
        ]
      }
    ]
  },
  "Planning Time": 0.923,
  "Triggers": [],
  "Execution Time": 12418.911
}