[
  {
    "Plan": {
      "Node Type": "Aggregate",
      "Strategy": "Plain",
      "Partial Mode": "Finalize",
      "Parallel Aware": false,
      "Startup Cost": 75824.05,
      "Total Cost": 75824.06,
      "Plan Rows": 1,
      "Plan Width": 8,
      "Actual Startup Time": 206.051,
      "Actual Total Time": 222.446,
      "Actual Rows": 1,
      "Actual Loops": 1,
      "Plans": [
        {
          "Node Type": "Gather",
          "Parent Relationship": "Outer",
          "Parallel Aware": false,
          "Startup Cost": 75823.73,
          "Total Cost": 75824.04,
          "Plan Rows": 3,
          "Plan Width": 8,
          "Actual Startup Time": 204.613,
          "Actual Total Time": 222.437,
          "Actual Rows": 4,
          "Actual Loops": 1,
          "Workers Planned": 3,
          "Workers Launched": 3,
          "Single Copy": false,
          "Plans": [
            {
              "Node Type": "Aggregate",
              "Strategy": "Plain",
              "Partial Mode": "Partial",
              "Parent Relationship": "Outer",
              "Parallel Aware": false,
              "Startup Cost": 74823.73,
              "Total Cost": 74823.74,
              "Plan Rows": 1,
              "Plan Width": 8,
              "Actual Startup Time": 195.084,
              "Actual Total Time": 195.09,
              "Actual Rows": 1,
              "Actual Loops": 4,
              "Plans": [
                {
                  "Node Type": "Hash Join",
                  "Parent Relationship": "Outer",
                  "Parallel Aware": true,
                  "Join Type": "Inner",
                  "Startup Cost": 54136.74,
                  "Total Cost": 74806.65,
                  "Plan Rows": 6833,
                  "Plan Width": 0,
                  "Actual Startup Time": 139.087,
                  "Actual Total Time": 194.093,
                  "Actual Rows": 18190,
                  "Actual Loops": 4,
                  "Inner Unique": true,
                  "Hash Cond": "(mc.movie_id = t.id)",
                  "Plans": [
                    {
                      "Node Type": "Bitmap Heap Scan",
                      "Parent Relationship": "Outer",
                      "Parallel Aware": true,
                      "Relation Name": "movie_companies",
                      "Alias": "mc",
                      "Startup Cost": 7707.2,
                      "Total Cost": 28228.01,
                      "Plan Rows": 56801,
                      "Plan Width": 4,
                      "Actual Startup Time": 20.098,
                      "Actual Total Time": 58.159,
                      "Actual Rows": 68443,
                      "Actual Loops": 4,
                      "Recheck Cond": "(company_id < 169)",
                      "Rows Removed by Index Recheck": 0,
                      "Filter": "(company_type_id = 1)",
                      "Rows Removed by Filter": 19430,
                      "Exact Heap Blocks": 6343,
                      "Lossy Heap Blocks": 0,
                      "Plans": [
                        {
                          "Node Type": "Bitmap Index Scan",
                          "Parent Relationship": "Outer",
                          "Parallel Aware": false,
                          "Index Name": "company_id_movie_companies",
                          "Startup Cost": 0.0,
                          "Total Cost": 7663.18,
                          "Plan Rows": 357700,
                          "Plan Width": 0,
                          "Actual Startup Time": 17.359,
                          "Actual Total Time": 17.36,
                          "Actual Rows": 351495,
                          "Actual Loops": 1,
                          "Index Cond": "(company_id < 169)"
                        }
                      ]
                    },
                    {
                      "Node Type": "Hash",
                      "Parent Relationship": "Inner",
                      "Parallel Aware": true,
                      "Startup Cost": 45479.1,
                      "Total Cost": 45479.1,
                      "Plan Rows": 76035,
                      "Plan Width": 4,
                      "Actual Startup Time": 115.472,
                      "Actual Total Time": 115.473,
                      "Actual Rows": 44934,
                      "Actual Loops": 4,
                      "Hash Buckets": 524288,
                      "Original Hash Buckets": 524288,
                      "Hash Batches": 1,
                      "Original Hash Batches": 1,
                      "Peak Memory Usage": 11168,
                      "Plans": [
                        {
                          "Node Type": "Seq Scan",
                          "Parent Relationship": "Outer",
                          "Parallel Aware": true,
                          "Relation Name": "title",
                          "Alias": "t",
                          "Startup Cost": 0.0,
                          "Total Cost": 45479.1,
                          "Plan Rows": 76035,
                          "Plan Width": 4,
                          "Actual Startup Time": 0.04,
                          "Actual Total Time": 97.177,
                          "Actual Rows": 44934,
                          "Actual Loops": 4,
                          "Filter": "((kind_id > 1) AND (production_year < 1974))",
                          "Rows Removed by Filter": 587144
                        }
                      ]
                    }
                  ]
                }
              ]
            }
          ]
        }
      ]
    },
    "Planning Time": 0.759,
    "Triggers": [],
    "Execution Time": 222.556
  }
]