[
  {
    "Plan": {
      "Node Type": "Aggregate",
      "Strategy": "Plain",
      "Partial Mode": "Finalize",
      "Parallel Aware": false,
      "Startup Cost": 324650.98,
      "Total Cost": 324650.99,
      "Plan Rows": 1,
      "Plan Width": 8,
      "Actual Startup Time": 254.638,
      "Actual Total Time": 269.058,
      "Actual Rows": 1,
      "Actual Loops": 1,
      "Plans": [
        {
          "Node Type": "Gather",
          "Parent Relationship": "Outer",
          "Parallel Aware": false,
          "Startup Cost": 324650.56,
          "Total Cost": 324650.97,
          "Plan Rows": 4,
          "Plan Width": 8,
          "Actual Startup Time": 253.032,
          "Actual Total Time": 269.047,
          "Actual Rows": 5,
          "Actual Loops": 1,
          "Workers Planned": 4,
          "Workers Launched": 4,
          "Single Copy": false,
          "Plans": [
            {
              "Node Type": "Aggregate",
              "Strategy": "Plain",
              "Partial Mode": "Partial",
              "Parent Relationship": "Outer",
              "Parallel Aware": false,
              "Startup Cost": 323650.56,
              "Total Cost": 323650.57,
              "Plan Rows": 1,
              "Plan Width": 8,
              "Actual Startup Time": 242.853,
              "Actual Total Time": 242.918,
              "Actual Rows": 1,
              "Actual Loops": 5,
              "Plans": [
                {
                  "Node Type": "Hash Join",
                  "Parent Relationship": "Outer",
                  "Parallel Aware": true,
                  "Join Type": "Inner",
                  "Startup Cost": 273933.77,
                  "Total Cost": 323490.98,
                  "Plan Rows": 63832,
                  "Plan Width": 0,
                  "Actual Startup Time": 80.651,
                  "Actual Total Time": 240.026,
                  "Actual Rows": 58287,
                  "Actual Loops": 5,
                  "Inner Unique": false,
                  "Hash Cond": "(t.id = ci.movie_id)",
                  "Plans": [
                    {
                      "Node Type": "Seq Scan",
                      "Parent Relationship": "Outer",
                      "Parallel Aware": true,
                      "Relation Name": "title",
                      "Alias": "t",
                      "Startup Cost": 0.0,
                      "Total Cost": 42318.73,
                      "Plan Rows": 632073,
                      "Plan Width": 4,
                      "Actual Startup Time": 0.013,
                      "Actual Total Time": 67.604,
                      "Actual Rows": 505662,
                      "Actual Loops": 5
                    },
                    {
                      "Node Type": "Hash",
                      "Parent Relationship": "Inner",
                      "Parallel Aware": true,
                      "Startup Cost": 273295.45,
                      "Total Cost": 273295.45,
                      "Plan Rows": 51065,
                      "Plan Width": 4,
                      "Actual Startup Time": 78.648,
                      "Actual Total Time": 78.65,
                      "Actual Rows": 58287,
                      "Actual Loops": 5,
                      "Hash Buckets": 524288,
                      "Original Hash Buckets": 262144,
                      "Hash Batches": 1,
                      "Original Hash Batches": 1,
                      "Peak Memory Usage": 17600,
                      "Plans": [
                        {
                          "Node Type": "Bitmap Heap Scan",
                          "Parent Relationship": "Outer",
                          "Parallel Aware": true,
                          "Relation Name": "cast_info",
                          "Alias": "ci",
                          "Startup Cost": 6691.94,
                          "Total Cost": 273295.45,
                          "Plan Rows": 51065,
                          "Plan Width": 4,
                          "Actual Startup Time": 20.496,
                          "Actual Total Time": 44.279,
                          "Actual Rows": 58287,
                          "Actual Loops": 5,
                          "Recheck Cond": "(person_id < 35700)",
                          "Rows Removed by Index Recheck": 0,
                          "Filter": "(role_id < 9)",
                          "Rows Removed by Filter": 3071,
                          "Exact Heap Blocks": 1266,
                          "Lossy Heap Blocks": 0,
                          "Plans": [
                            {
                              "Node Type": "Bitmap Index Scan",
                              "Parent Relationship": "Outer",
                              "Parallel Aware": false,
                              "Index Name": "person_id_cast_info",
                              "Startup Cost": 0.0,
                              "Total Cost": 6628.11,
                              "Plan Rows": 303406,
                              "Plan Width": 0,
                              "Actual Startup Time": 22.516,
                              "Actual Total Time": 22.516,
                              "Actual Rows": 306790,
                              "Actual Loops": 1,
                              "Index Cond": "(person_id < 35700)"
                            }
                          ]
                        }
                      ]
                    }
                  ]
                }
              ]
            }
          ]
        }
      ]
    },
    "Planning Time": 0.595,
    "Triggers": [],
    "Execution Time": 269.144
  }
]