{
    "Plan": {
        "Node Type": "Aggregate",
        "Strategy": "Plain",
        "Partial Mode": "Finalize",
        "Parallel Aware": false,
        "Startup Cost": 253839.89,
        "Total Cost": 253839.9,
        "Plan Rows": 1,
        "Plan Width": 8,
        "Actual Startup Time": 852.043,
        "Actual Total Time": 893.262,
        "Actual Rows": 1,
        "Actual Loops": 1,
        "Output": [
            "count(*)"
        ],
        "Plans": [
            {
                "Node Type": "Gather",
                "Parent Relationship": "Outer",
                "Parallel Aware": false,
                "Startup Cost": 253839.37,
                "Total Cost": 253839.88,
                "Plan Rows": 5,
                "Plan Width": 8,
                "Actual Startup Time": 849.943,
                "Actual Total Time": 893.25,
                "Actual Rows": 6,
                "Actual Loops": 1,
                "Output": [
                    "(PARTIAL count(*))"
                ],
                "Workers Planned": 5,
                "Workers Launched": 5,
                "Single Copy": false,
                "Plans": [
                    {
                        "Node Type": "Aggregate",
                        "Strategy": "Plain",
                        "Partial Mode": "Partial",
                        "Parent Relationship": "Outer",
                        "Parallel Aware": false,
                        "Startup Cost": 252839.37,
                        "Total Cost": 252839.38,
                        "Plan Rows": 1,
                        "Plan Width": 8,
                        "Actual Startup Time": 841.912,
                        "Actual Total Time": 841.965,
                        "Actual Rows": 1,
                        "Actual Loops": 6,
                        "Output": [
                            "PARTIAL count(*)"
                        ],
                        "Workers": [
                            {
                                "Worker Number": 0,
                                "Actual Startup Time": 840.384,
                                "Actual Total Time": 840.386,
                                "Actual Rows": 1,
                                "Actual Loops": 1
                            },
                            {
                                "Worker Number": 1,
                                "Actual Startup Time": 839.528,
                                "Actual Total Time": 839.532,
                                "Actual Rows": 1,
                                "Actual Loops": 1
                            },
                            {
                                "Worker Number": 2,
                                "Actual Startup Time": 840.644,
                                "Actual Total Time": 840.646,
                                "Actual Rows": 1,
                                "Actual Loops": 1
                            },
                            {
                                "Worker Number": 3,
                                "Actual Startup Time": 840.768,
                                "Actual Total Time": 840.771,
                                "Actual Rows": 1,
                                "Actual Loops": 1
                            },
                            {
                                "Worker Number": 4,
                                "Actual Startup Time": 840.892,
                                "Actual Total Time": 840.895,
                                "Actual Rows": 1,
                                "Actual Loops": 1
                            }
                        ],
                        "Plans": [
                            {
                                "Node Type": "Hash Join",
                                "Parent Relationship": "Outer",
                                "Parallel Aware": true,
                                "Join Type": "Inner",
                                "Startup Cost": 46077.88,
                                "Total Cost": 252308.94,
                                "Plan Rows": 212169,
                                "Plan Width": 0,
                                "Actual Startup Time": 101.724,
                                "Actual Total Time": 816.617,
                                "Actual Rows": 533899,
                                "Actual Loops": 6,
                                "Inner Unique": true,
                                "Hash Cond": "(mi.movie_id = t.id)",
                                "Workers": [
                                    {
                                        "Worker Number": 0,
                                        "Actual Startup Time": 99.721,
                                        "Actual Total Time": 814.295,
                                        "Actual Rows": 392195,
                                        "Actual Loops": 1
                                    },
                                    {
                                        "Worker Number": 1,
                                        "Actual Startup Time": 99.416,
                                        "Actual Total Time": 818.113,
                                        "Actual Rows": 518678,
                                        "Actual Loops": 1
                                    },
                                    {
                                        "Worker Number": 2,
                                        "Actual Startup Time": 100.547,
                                        "Actual Total Time": 816.18,
                                        "Actual Rows": 603843,
                                        "Actual Loops": 1
                                    },
                                    {
                                        "Worker Number": 3,
                                        "Actual Startup Time": 100.671,
                                        "Actual Total Time": 816.193,
                                        "Actual Rows": 606506,
                                        "Actual Loops": 1
                                    },
                                    {
                                        "Worker Number": 4,
                                        "Actual Startup Time": 100.798,
                                        "Actual Total Time": 816.338,
                                        "Actual Rows": 606588,
                                        "Actual Loops": 1
                                    }
                                ],
                                "Plans": [
                                    {
                                        "Node Type": "Seq Scan",
                                        "Parent Relationship": "Outer",
                                        "Parallel Aware": true,
                                        "Relation Name": "movie_info",
                                        "Schema": "public",
                                        "Alias": "mi",
                                        "Startup Cost": 0.0,
                                        "Total Cost": 198880.74,
                                        "Plan Rows": 2800119,
                                        "Plan Width": 4,
                                        "Actual Startup Time": 0.026,
                                        "Actual Total Time": 367.242,
                                        "Actual Rows": 2338930,
                                        "Actual Loops": 6,
                                        "Output": [
                                            "mi.id",
                                            "mi.movie_id",
                                            "mi.info_type_id",
                                            "mi.info",
                                            "mi.note"
                                        ],
                                        "Filter": "(mi.info_type_id > 1)",
                                        "Rows Removed by Filter": 133690,
                                        "Workers": [
                                            {
                                                "Worker Number": 0,
                                                "Actual Startup Time": 0.034,
                                                "Actual Total Time": 381.373,
                                                "Actual Rows": 1717638,
                                                "Actual Loops": 1
                                            },
                                            {
                                                "Worker Number": 1,
                                                "Actual Startup Time": 0.03,
                                                "Actual Total Time": 359.034,
                                                "Actual Rows": 2219874,
                                                "Actual Loops": 1
                                            },
                                            {
                                                "Worker Number": 2,
                                                "Actual Startup Time": 0.031,
                                                "Actual Total Time": 381.362,
                                                "Actual Rows": 2625095,
                                                "Actual Loops": 1
                                            },
                                            {
                                                "Worker Number": 3,
                                                "Actual Startup Time": 0.031,
                                                "Actual Total Time": 371.073,
                                                "Actual Rows": 2641939,
                                                "Actual Loops": 1
                                            },
                                            {
                                                "Worker Number": 4,
                                                "Actual Startup Time": 0.024,
                                                "Actual Total Time": 372.916,
                                                "Actual Rows": 2658950,
                                                "Actual Loops": 1
                                            }
                                        ]
                                    },
                                    {
                                        "Node Type": "Hash",
                                        "Parent Relationship": "Inner",
                                        "Parallel Aware": true,
                                        "Startup Cost": 45479.21,
                                        "Total Cost": 45479.21,
                                        "Plan Rows": 47894,
                                        "Plan Width": 4,
                                        "Actual Startup Time": 99.293,
                                        "Actual Total Time": 99.293,
                                        "Actual Rows": 49053,
                                        "Actual Loops": 6,
                                        "Output": [
                                            "t.id"
                                        ],
                                        "Hash Buckets": 524288,
                                        "Original Hash Buckets": 262144,
                                        "Hash Batches": 1,
                                        "Original Hash Batches": 1,
                                        "Peak Memory Usage": 17760,
                                        "Workers": [
                                            {
                                                "Worker Number": 0,
                                                "Actual Startup Time": 98.419,
                                                "Actual Total Time": 98.419,
                                                "Actual Rows": 37990,
                                                "Actual Loops": 1
                                            },
                                            {
                                                "Worker Number": 1,
                                                "Actual Startup Time": 98.242,
                                                "Actual Total Time": 98.243,
                                                "Actual Rows": 45318,
                                                "Actual Loops": 1
                                            },
                                            {
                                                "Worker Number": 2,
                                                "Actual Startup Time": 99.37,
                                                "Actual Total Time": 99.371,
                                                "Actual Rows": 52243,
                                                "Actual Loops": 1
                                            },
                                            {
                                                "Worker Number": 3,
                                                "Actual Startup Time": 99.5,
                                                "Actual Total Time": 99.501,
                                                "Actual Rows": 55017,
                                                "Actual Loops": 1
                                            },
                                            {
                                                "Worker Number": 4,
                                                "Actual Startup Time": 99.617,
                                                "Actual Total Time": 99.618,
                                                "Actual Rows": 56027,
                                                "Actual Loops": 1
                                            }
                                        ],
                                        "Plans": [
                                            {
                                                "Node Type": "Seq Scan",
                                                "Parent Relationship": "Outer",
                                                "Parallel Aware": true,
                                                "Relation Name": "title",
                                                "Schema": "public",
                                                "Alias": "t",
                                                "Startup Cost": 0.0,
                                                "Total Cost": 45479.21,
                                                "Plan Rows": 47894,
                                                "Plan Width": 4,
                                                "Actual Startup Time": 0.089,
                                                "Actual Total Time": 76.462,
                                                "Actual Rows": 49053,
                                                "Actual Loops": 6,
                                                "Output": [
                                                    "t.id"
                                                ],
                                                "Filter": "((t.kind_id < 7) AND (t.production_year < 1978))",
                                                "Rows Removed by Filter": 372333,
                                                "Workers": [
                                                    {
                                                        "Worker Number": 0,
                                                        "Actual Startup Time": 0.053,
                                                        "Actual Total Time": 76.706,
                                                        "Actual Rows": 37990,
                                                        "Actual Loops": 1
                                                    },
                                                    {
                                                        "Worker Number": 1,
                                                        "Actual Startup Time": 0.153,
                                                        "Actual Total Time": 74.276,
                                                        "Actual Rows": 45318,
                                                        "Actual Loops": 1
                                                    },
                                                    {
                                                        "Worker Number": 2,
                                                        "Actual Startup Time": 0.063,
                                                        "Actual Total Time": 76.192,
                                                        "Actual Rows": 52243,
                                                        "Actual Loops": 1
                                                    },
                                                    {
                                                        "Worker Number": 3,
                                                        "Actual Startup Time": 0.067,
                                                        "Actual Total Time": 77.335,
                                                        "Actual Rows": 55017,
                                                        "Actual Loops": 1
                                                    },
                                                    {
                                                        "Worker Number": 4,
                                                        "Actual Startup Time": 0.103,
                                                        "Actual Total Time": 77.411,
                                                        "Actual Rows": 56027,
                                                        "Actual Loops": 1
                                                    }
                                                ]
                                            }
                                        ]
                                    }
                                ]
                            }
                        ]
                    }
                ]
            }
        ]
    },
    "Planning Time": 0.642,
    "Triggers": [],
    "Execution Time": 893.332
}