{
  "Plan": {
    "Node Type": "Aggregate",
    "Strategy": "Plain",
    "Partial Mode": "Finalize",
    "Parallel Aware": false,
    "Startup Cost": 647875.28,
    "Total Cost": 647875.29,
    "Plan Rows": 1,
    "Plan Width": 8,
    "Actual Startup Time": 2403.905,
    "Actual Total Time": 2472.215,
    "Actual Rows": 1,
    "Actual Loops": 1,
    "Plans": [
      {
        "Node Type": "Gather",
        "Parent Relationship": "Outer",
        "Parallel Aware": false,
        "Startup Cost": 647875.16,
        "Total Cost": 647875.27,
        "Plan Rows": 1,
        "Plan Width": 8,
        "Actual Startup Time": 2403.624,
        "Actual Total Time": 2472.206,
        "Actual Rows": 2,
        "Actual Loops": 1,
        "Workers Planned": 1,
        "Workers Launched": 1,
        "Single Copy": false,
        "Plans": [
          {
            "Node Type": "Aggregate",
            "Strategy": "Plain",
            "Partial Mode": "Partial",
            "Parent Relationship": "Outer",
            "Parallel Aware": false,
            "Startup Cost": 646875.16,
            "Total Cost": 646875.17,
            "Plan Rows": 1,
            "Plan Width": 8,
            "Actual Startup Time": 2397.811,
            "Actual Total Time": 2397.814,
            "Actual Rows": 1,
            "Actual Loops": 2,
            "Plans": [
              {
                "Node Type": "Hash Join",
                "Parent Relationship": "Outer",
                "Parallel Aware": true,
                "Join Type": "Inner",
                "Startup Cost": 54799.08,
                "Total Cost": 646664.48,
                "Plan Rows": 84275,
                "Plan Width": 0,
                "Actual Startup Time": 140.515,
                "Actual Total Time": 2392.873,
                "Actual Rows": 96859,
                "Actual Loops": 2,
                "Inner Unique": true,
                "Hash Cond": "(ci.movie_id = t.id)",
                "Plans": [
                  {
                    "Node Type": "Seq Scan",
                    "Parent Relationship": "Outer",
                    "Parallel Aware": true,
                    "Relation Name": "cast_info",
                    "Alias": "ci",
                    "Startup Cost": 0.0,
                    "Total Cost": 572345.93,
                    "Plan Rows": 7435976,
                    "Plan Width": 4,
                    "Actual Startup Time": 0.014,
                    "Actual Total Time": 1614.594,
                    "Actual Rows": 7149798,
                    "Actual Loops": 2,
                    "Filter": "((person_id < 1572160) AND (role_id < 8))",
                    "Rows Removed by Filter": 10972374
                  },
                  {
                    "Node Type": "Hash",
                    "Parent Relationship": "Inner",
                    "Parallel Aware": true,
                    "Startup Cost": 54588.39,
                    "Total Cost": 54588.39,
                    "Plan Rows": 16855,
                    "Plan Width": 4,
                    "Actual Startup Time": 139.031,
                    "Actual Total Time": 139.032,
                    "Actual Rows": 15014,
                    "Actual Loops": 2,
                    "Hash Buckets": 32768,
                    "Original Hash Buckets": 32768,
                    "Hash Batches": 1,
                    "Original Hash Batches": 1,
                    "Peak Memory Usage": 1440,
                    "Plans": [
                      {
                        "Node Type": "Seq Scan",
                        "Parent Relationship": "Outer",
                        "Parallel Aware": true,
                        "Relation Name": "title",
                        "Alias": "t",
                        "Startup Cost": 0.0,
                        "Total Cost": 54588.39,
                        "Plan Rows": 16855,
                        "Plan Width": 4,
                        "Actual Startup Time": 0.038,
                        "Actual Total Time": 134.288,
                        "Actual Rows": 15014,
                        "Actual Loops": 2,
                        "Filter": "(production_year = 1994)",
                        "Rows Removed by Filter": 1249142
                      }
                    ]
                  }
                ]
              }
            ]
          }
        ]
      }
    ]
  },
  "Planning Time": 0.483,
  "Triggers": [],
  "Execution Time": 2472.304
}