{
    "Plan": {
        "Node Type": "Aggregate",
        "Strategy": "Plain",
        "Partial Mode": "Simple",
        "Parallel Aware": false,
        "Startup Cost": 30001533474.12,
        "Total Cost": 30001533474.13,
        "Plan Rows": 1,
        "Plan Width": 128,
        "Actual Startup Time": 7313.753,
        "Actual Total Time": 7313.928,
        "Actual Rows": 1,
        "Actual Loops": 1,
        "Output": [
            "min(mi.info)",
            "min(mi_idx.info)",
            "min(n.name)",
            "min(t.title)"
        ],
        "Plans": [
            {
                "Node Type": "Nested Loop",
                "Parent Relationship": "Outer",
                "Parallel Aware": false,
                "Join Type": "Inner",
                "Startup Cost": 30001533463.59,
                "Total Cost": 30001533474.11,
                "Plan Rows": 1,
                "Plan Width": 80,
                "Actual Startup Time": 7313.709,
                "Actual Total Time": 7313.918,
                "Actual Rows": 1,
                "Actual Loops": 1,
                "Output": [
                    "mi.info",
                    "mi_idx.info",
                    "n.name",
                    "t.title"
                ],
                "Inner Unique": true,
                "Plans": [
                    {
                        "Node Type": "Nested Loop",
                        "Parent Relationship": "Outer",
                        "Parallel Aware": false,
                        "Join Type": "Inner",
                        "Startup Cost": 20001533463.16,
                        "Total Cost": 20001533468.32,
                        "Plan Rows": 1,
                        "Plan Width": 84,
                        "Actual Startup Time": 7313.679,
                        "Actual Total Time": 7313.862,
                        "Actual Rows": 6,
                        "Actual Loops": 1,
                        "Output": [
                            "mi.info",
                            "mi_idx.info",
                            "mk.keyword_id",
                            "n.name",
                            "t.title"
                        ],
                        "Inner Unique": false,
                        "Join Filter": "(t.id = mk.movie_id)",
                        "Rows Removed by Join Filter": 0,
                        "Plans": [
                            {
                                "Node Type": "Merge Join",
                                "Parent Relationship": "Outer",
                                "Parallel Aware": false,
                                "Join Type": "Inner",
                                "Startup Cost": 10001533462.31,
                                "Total Cost": 10001533462.32,
                                "Plan Rows": 1,
                                "Plan Width": 96,
                                "Actual Startup Time": 7313.638,
                                "Actual Total Time": 7313.817,
                                "Actual Rows": 1,
                                "Actual Loops": 1,
                                "Output": [
                                    "ci.movie_id",
                                    "mi.info",
                                    "mi.movie_id",
                                    "mi_idx.info",
                                    "mi_idx.movie_id",
                                    "n.name",
                                    "t.title",
                                    "t.id"
                                ],
                                "Inner Unique": false,
                                "Merge Cond": "(it2.id = mi_idx.info_type_id)",
                                "Plans": [
                                    {
                                        "Node Type": "Index Scan",
                                        "Parent Relationship": "Outer",
                                        "Parallel Aware": false,
                                        "Scan Direction": "Forward",
                                        "Index Name": "info_type_pkey",
                                        "Relation Name": "info_type",
                                        "Schema": "public",
                                        "Alias": "it2",
                                        "Startup Cost": 0.14,
                                        "Total Cost": 14.12,
                                        "Plan Rows": 1,
                                        "Plan Width": 4,
                                        "Actual Startup Time": 0.062,
                                        "Actual Total Time": 0.068,
                                        "Actual Rows": 1,
                                        "Actual Loops": 1,
                                        "Output": [
                                            "it2.id",
                                            "it2.info"
                                        ],
                                        "Filter": "((it2.info)::text = 'votes'::text)",
                                        "Rows Removed by Filter": 112
                                    },
                                    {
                                        "Node Type": "Sort",
                                        "Parent Relationship": "Inner",
                                        "Parallel Aware": false,
                                        "Startup Cost": 10001533448.18,
                                        "Total Cost": 10001533448.19,
                                        "Plan Rows": 1,
                                        "Plan Width": 100,
                                        "Actual Startup Time": 7313.571,
                                        "Actual Total Time": 7313.745,
                                        "Actual Rows": 3,
                                        "Actual Loops": 1,
                                        "Output": [
                                            "ci.movie_id",
                                            "mi.info",
                                            "mi.movie_id",
                                            "mi_idx.info",
                                            "mi_idx.movie_id",
                                            "mi_idx.info_type_id",
                                            "n.name",
                                            "t.title",
                                            "t.id"
                                        ],
                                        "Sort Key": [
                                            "mi_idx.info_type_id"
                                        ],
                                        "Sort Method": "quicksort",
                                        "Sort Space Used": 25,
                                        "Sort Space Type": "Memory",
                                        "Plans": [
                                            {
                                                "Node Type": "Merge Join",
                                                "Parent Relationship": "Outer",
                                                "Parallel Aware": false,
                                                "Join Type": "Inner",
                                                "Startup Cost": 10001533444.37,
                                                "Total Cost": 10001533448.17,
                                                "Plan Rows": 1,
                                                "Plan Width": 100,
                                                "Actual Startup Time": 7311.218,
                                                "Actual Total Time": 7313.732,
                                                "Actual Rows": 3,
                                                "Actual Loops": 1,
                                                "Output": [
                                                    "ci.movie_id",
                                                    "mi.info",
                                                    "mi.movie_id",
                                                    "mi_idx.info",
                                                    "mi_idx.movie_id",
                                                    "mi_idx.info_type_id",
                                                    "n.name",
                                                    "t.title",
                                                    "t.id"
                                                ],
                                                "Inner Unique": false,
                                                "Merge Cond": "(t.id = mi.movie_id)",
                                                "Plans": [
                                                    {
                                                        "Node Type": "Sort",
                                                        "Parent Relationship": "Outer",
                                                        "Parallel Aware": false,
                                                        "Startup Cost": 46488.77,
                                                        "Total Cost": 46488.95,
                                                        "Plan Rows": 73,
                                                        "Plan Width": 21,
                                                        "Actual Startup Time": 109.544,
                                                        "Actual Total Time": 109.648,
                                                        "Actual Rows": 2,
                                                        "Actual Loops": 1,
                                                        "Output": [
                                                            "t.title",
                                                            "t.id"
                                                        ],
                                                        "Sort Key": [
                                                            "t.id"
                                                        ],
                                                        "Sort Method": "quicksort",
                                                        "Sort Space Used": 25,
                                                        "Sort Space Type": "Memory",
                                                        "Plans": [
                                                            {
                                                                "Node Type": "Gather",
                                                                "Parent Relationship": "Outer",
                                                                "Parallel Aware": false,
                                                                "Startup Cost": 1000.0,
                                                                "Total Cost": 46486.51,
                                                                "Plan Rows": 73,
                                                                "Plan Width": 21,
                                                                "Actual Startup Time": 109.403,
                                                                "Actual Total Time": 109.619,
                                                                "Actual Rows": 2,
                                                                "Actual Loops": 1,
                                                                "Output": [
                                                                    "t.title",
                                                                    "t.id"
                                                                ],
                                                                "Workers Planned": 4,
                                                                "Workers Launched": 4,
                                                                "Single Copy": false,
                                                                "Plans": [
                                                                    {
                                                                        "Node Type": "Seq Scan",
                                                                        "Parent Relationship": "Outer",
                                                                        "Parallel Aware": true,
                                                                        "Relation Name": "title",
                                                                        "Schema": "public",
                                                                        "Alias": "t",
                                                                        "Startup Cost": 0.0,
                                                                        "Total Cost": 45479.21,
                                                                        "Plan Rows": 18,
                                                                        "Plan Width": 21,
                                                                        "Actual Startup Time": 82.124,
                                                                        "Actual Total Time": 100.243,
                                                                        "Actual Rows": 0,
                                                                        "Actual Loops": 5,
                                                                        "Output": [
                                                                            "t.title",
                                                                            "t.id"
                                                                        ],
                                                                        "Filter": "((t.title ~~ 'Statuesque%'::text) AND (t.production_year > 2007))",
                                                                        "Rows Removed by Filter": 505662,
                                                                        "Workers": [
                                                                            {
                                                                                "Worker Number": 0,
                                                                                "Actual Startup Time": 97.394,
                                                                                "Actual Total Time": 97.395,
                                                                                "Actual Rows": 0,
                                                                                "Actual Loops": 1
                                                                            },
                                                                            {
                                                                                "Worker Number": 1,
                                                                                "Actual Startup Time": 98.365,
                                                                                "Actual Total Time": 98.365,
                                                                                "Actual Rows": 0,
                                                                                "Actual Loops": 1
                                                                            },
                                                                            {
                                                                                "Worker Number": 2,
                                                                                "Actual Startup Time": 94.056,
                                                                                "Actual Total Time": 98.394,
                                                                                "Actual Rows": 1,
                                                                                "Actual Loops": 1
                                                                            },
                                                                            {
                                                                                "Worker Number": 3,
                                                                                "Actual Startup Time": 12.143,
                                                                                "Actual Total Time": 98.403,
                                                                                "Actual Rows": 1,
                                                                                "Actual Loops": 1
                                                                            }
                                                                        ]
                                                                    }
                                                                ]
                                                            }
                                                        ]
                                                    },
                                                    {
                                                        "Node Type": "Sort",
                                                        "Parent Relationship": "Inner",
                                                        "Parallel Aware": false,
                                                        "Startup Cost": 10001486955.61,
                                                        "Total Cost": 10001486957.32,
                                                        "Plan Rows": 685,
                                                        "Plan Width": 79,
                                                        "Actual Startup Time": 7201.664,
                                                        "Actual Total Time": 7203.023,
                                                        "Actual Rows": 12342,
                                                        "Actual Loops": 1,
                                                        "Output": [
                                                            "ci.movie_id",
                                                            "mi.info",
                                                            "mi.movie_id",
                                                            "mi_idx.info",
                                                            "mi_idx.movie_id",
                                                            "mi_idx.info_type_id",
                                                            "n.name"
                                                        ],
                                                        "Sort Key": [
                                                            "ci.movie_id"
                                                        ],
                                                        "Sort Method": "quicksort",
                                                        "Sort Space Used": 1996,
                                                        "Sort Space Type": "Memory",
                                                        "Plans": [
                                                            {
                                                                "Node Type": "Merge Join",
                                                                "Parent Relationship": "Outer",
                                                                "Parallel Aware": false,
                                                                "Join Type": "Inner",
                                                                "Startup Cost": 10001299463.43,
                                                                "Total Cost": 10001486923.34,
                                                                "Plan Rows": 685,
                                                                "Plan Width": 79,
                                                                "Actual Startup Time": 5553.926,
                                                                "Actual Total Time": 7196.683,
                                                                "Actual Rows": 16122,
                                                                "Actual Loops": 1,
                                                                "Output": [
                                                                    "ci.movie_id",
                                                                    "mi.info",
                                                                    "mi.movie_id",
                                                                    "mi_idx.info",
                                                                    "mi_idx.movie_id",
                                                                    "mi_idx.info_type_id",
                                                                    "n.name"
                                                                ],
                                                                "Inner Unique": false,
                                                                "Merge Cond": "(n.id = ci.person_id)",
                                                                "Plans": [
                                                                    {
                                                                        "Node Type": "Index Scan",
                                                                        "Parent Relationship": "Outer",
                                                                        "Parallel Aware": false,
                                                                        "Scan Direction": "Forward",
                                                                        "Index Name": "name_pkey",
                                                                        "Relation Name": "name",
                                                                        "Schema": "public",
                                                                        "Alias": "n",
                                                                        "Startup Cost": 0.43,
                                                                        "Total Cost": 188592.68,
                                                                        "Plan Rows": 1733700,
                                                                        "Plan Width": 19,
                                                                        "Actual Startup Time": 0.024,
                                                                        "Actual Total Time": 1559.604,
                                                                        "Actual Rows": 1739579,
                                                                        "Actual Loops": 1,
                                                                        "Output": [
                                                                            "n.id",
                                                                            "n.name",
                                                                            "n.imdb_index",
                                                                            "n.imdb_id",
                                                                            "n.gender",
                                                                            "n.name_pcode_cf",
                                                                            "n.name_pcode_nf",
                                                                            "n.surname_pcode",
                                                                            "n.md5sum"
                                                                        ],
                                                                        "Filter": "((n.gender)::text = 'm'::text)",
                                                                        "Rows Removed by Filter": 2427912
                                                                    },
                                                                    {
                                                                        "Node Type": "Sort",
                                                                        "Parent Relationship": "Inner",
                                                                        "Parallel Aware": false,
                                                                        "Startup Cost": 10001299463.0,
                                                                        "Total Cost": 10001299467.12,
                                                                        "Plan Rows": 1646,
                                                                        "Plan Width": 68,
                                                                        "Actual Startup Time": 5553.37,
                                                                        "Actual Total Time": 5555.044,
                                                                        "Actual Rows": 16123,
                                                                        "Actual Loops": 1,
                                                                        "Output": [
                                                                            "ci.movie_id",
                                                                            "ci.person_id",
                                                                            "mi.info",
                                                                            "mi.movie_id",
                                                                            "mi_idx.info",
                                                                            "mi_idx.movie_id",
                                                                            "mi_idx.info_type_id"
                                                                        ],
                                                                        "Sort Key": [
                                                                            "ci.person_id"
                                                                        ],
                                                                        "Sort Method": "quicksort",
                                                                        "Sort Space Used": 4355,
                                                                        "Sort Space Type": "Memory",
                                                                        "Plans": [
                                                                            {
                                                                                "Node Type": "Hash Join",
                                                                                "Parent Relationship": "Outer",
                                                                                "Parallel Aware": false,
                                                                                "Join Type": "Inner",
                                                                                "Startup Cost": 10000248276.63,
                                                                                "Total Cost": 10001299375.06,
                                                                                "Plan Rows": 1646,
                                                                                "Plan Width": 68,
                                                                                "Actual Startup Time": 1375.935,
                                                                                "Actual Total Time": 5542.908,
                                                                                "Actual Rows": 36076,
                                                                                "Actual Loops": 1,
                                                                                "Output": [
                                                                                    "ci.movie_id",
                                                                                    "ci.person_id",
                                                                                    "mi.info",
                                                                                    "mi.movie_id",
                                                                                    "mi_idx.info",
                                                                                    "mi_idx.movie_id",
                                                                                    "mi_idx.info_type_id"
                                                                                ],
                                                                                "Inner Unique": false,
                                                                                "Hash Cond": "(ci.movie_id = mi.movie_id)",
                                                                                "Plans": [
                                                                                    {
                                                                                        "Node Type": "Seq Scan",
                                                                                        "Parent Relationship": "Outer",
                                                                                        "Parallel Aware": false,
                                                                                        "Relation Name": "cast_info",
                                                                                        "Schema": "public",
                                                                                        "Alias": "ci",
                                                                                        "Startup Cost": 10000000000.0,
                                                                                        "Total Cost": 10000841794.61,
                                                                                        "Plan Rows": 1213260,
                                                                                        "Plan Width": 8,
                                                                                        "Actual Startup Time": 140.589,
                                                                                        "Actual Total Time": 4593.17,
                                                                                        "Actual Rows": 1244716,
                                                                                        "Actual Loops": 1,
                                                                                        "Output": [
                                                                                            "ci.id",
                                                                                            "ci.person_id",
                                                                                            "ci.movie_id",
                                                                                            "ci.person_role_id",
                                                                                            "ci.note",
                                                                                            "ci.nr_order",
                                                                                            "ci.role_id"
                                                                                        ],
                                                                                        "Filter": "(ci.note = ANY ('{(writer),\"(head writer)\",\"(written by)\",(story),\"(story editor)\"}'::text[]))",
                                                                                        "Rows Removed by Filter": 34999628
                                                                                    },
                                                                                    {
                                                                                        "Node Type": "Hash",
                                                                                        "Parent Relationship": "Inner",
                                                                                        "Parallel Aware": false,
                                                                                        "Startup Cost": 248260.62,
                                                                                        "Total Cost": 248260.62,
                                                                                        "Plan Rows": 1281,
                                                                                        "Plan Width": 60,
                                                                                        "Actual Startup Time": 807.429,
                                                                                        "Actual Total Time": 807.494,
                                                                                        "Actual Rows": 76017,
                                                                                        "Actual Loops": 1,
                                                                                        "Output": [
                                                                                            "mi.info",
                                                                                            "mi.movie_id",
                                                                                            "mi_idx.info",
                                                                                            "mi_idx.movie_id",
                                                                                            "mi_idx.info_type_id"
                                                                                        ],
                                                                                        "Hash Buckets": 131072,
                                                                                        "Original Hash Buckets": 2048,
                                                                                        "Hash Batches": 1,
                                                                                        "Original Hash Batches": 1,
                                                                                        "Peak Memory Usage": 5395,
                                                                                        "Plans": [
                                                                                            {
                                                                                                "Node Type": "Hash Join",
                                                                                                "Parent Relationship": "Outer",
                                                                                                "Parallel Aware": false,
                                                                                                "Join Type": "Inner",
                                                                                                "Startup Cost": 247984.69,
                                                                                                "Total Cost": 248260.62,
                                                                                                "Plan Rows": 1281,
                                                                                                "Plan Width": 60,
                                                                                                "Actual Startup Time": 759.663,
                                                                                                "Actual Total Time": 794.711,
                                                                                                "Actual Rows": 76017,
                                                                                                "Actual Loops": 1,
                                                                                                "Output": [
                                                                                                    "mi.info",
                                                                                                    "mi.movie_id",
                                                                                                    "mi_idx.info",
                                                                                                    "mi_idx.movie_id",
                                                                                                    "mi_idx.info_type_id"
                                                                                                ],
                                                                                                "Inner Unique": false,
                                                                                                "Hash Cond": "(mi.movie_id = mi_idx.movie_id)",
                                                                                                "Plans": [
                                                                                                    {
                                                                                                        "Node Type": "Merge Join",
                                                                                                        "Parent Relationship": "Outer",
                                                                                                        "Parallel Aware": false,
                                                                                                        "Join Type": "Inner",
                                                                                                        "Startup Cost": 208998.9,
                                                                                                        "Total Cost": 209259.19,
                                                                                                        "Plan Rows": 453,
                                                                                                        "Plan Width": 47,
                                                                                                        "Actual Startup Time": 400.061,
                                                                                                        "Actual Total Time": 407.051,
                                                                                                        "Actual Rows": 47375,
                                                                                                        "Actual Loops": 1,
                                                                                                        "Output": [
                                                                                                            "mi.info",
                                                                                                            "mi.movie_id"
                                                                                                        ],
                                                                                                        "Inner Unique": false,
                                                                                                        "Merge Cond": "(it1.id = mi.info_type_id)",
                                                                                                        "Plans": [
                                                                                                            {
                                                                                                                "Node Type": "Sort",
                                                                                                                "Parent Relationship": "Outer",
                                                                                                                "Parallel Aware": false,
                                                                                                                "Startup Cost": 2.42,
                                                                                                                "Total Cost": 2.43,
                                                                                                                "Plan Rows": 1,
                                                                                                                "Plan Width": 4,
                                                                                                                "Actual Startup Time": 0.033,
                                                                                                                "Actual Total Time": 0.035,
                                                                                                                "Actual Rows": 1,
                                                                                                                "Actual Loops": 1,
                                                                                                                "Output": [
                                                                                                                    "it1.id"
                                                                                                                ],
                                                                                                                "Sort Key": [
                                                                                                                    "it1.id"
                                                                                                                ],
                                                                                                                "Sort Method": "quicksort",
                                                                                                                "Sort Space Used": 25,
                                                                                                                "Sort Space Type": "Memory",
                                                                                                                "Plans": [
                                                                                                                    {
                                                                                                                        "Node Type": "Seq Scan",
                                                                                                                        "Parent Relationship": "Outer",
                                                                                                                        "Parallel Aware": false,
                                                                                                                        "Relation Name": "info_type",
                                                                                                                        "Schema": "public",
                                                                                                                        "Alias": "it1",
                                                                                                                        "Startup Cost": 0.0,
                                                                                                                        "Total Cost": 2.41,
                                                                                                                        "Plan Rows": 1,
                                                                                                                        "Plan Width": 4,
                                                                                                                        "Actual Startup Time": 0.018,
                                                                                                                        "Actual Total Time": 0.023,
                                                                                                                        "Actual Rows": 1,
                                                                                                                        "Actual Loops": 1,
                                                                                                                        "Output": [
                                                                                                                            "it1.id"
                                                                                                                        ],
                                                                                                                        "Filter": "((it1.info)::text = 'genres'::text)",
                                                                                                                        "Rows Removed by Filter": 112
                                                                                                                    }
                                                                                                                ]
                                                                                                            },
                                                                                                            {
                                                                                                                "Node Type": "Sort",
                                                                                                                "Parent Relationship": "Inner",
                                                                                                                "Parallel Aware": false,
                                                                                                                "Startup Cost": 208996.48,
                                                                                                                "Total Cost": 209124.36,
                                                                                                                "Plan Rows": 51151,
                                                                                                                "Plan Width": 51,
                                                                                                                "Actual Startup Time": 400.02,
                                                                                                                "Actual Total Time": 402.031,
                                                                                                                "Actual Rows": 47376,
                                                                                                                "Actual Loops": 1,
                                                                                                                "Output": [
                                                                                                                    "mi.info",
                                                                                                                    "mi.movie_id",
                                                                                                                    "mi.info_type_id"
                                                                                                                ],
                                                                                                                "Sort Key": [
                                                                                                                    "mi.info_type_id"
                                                                                                                ],
                                                                                                                "Sort Method": "quicksort",
                                                                                                                "Sort Space Used": 3758,
                                                                                                                "Sort Space Type": "Memory",
                                                                                                                "Plans": [
                                                                                                                    {
                                                                                                                        "Node Type": "Gather",
                                                                                                                        "Parent Relationship": "Outer",
                                                                                                                        "Parallel Aware": false,
                                                                                                                        "Startup Cost": 1000.0,
                                                                                                                        "Total Cost": 204995.84,
                                                                                                                        "Plan Rows": 51151,
                                                                                                                        "Plan Width": 51,
                                                                                                                        "Actual Startup Time": 266.492,
                                                                                                                        "Actual Total Time": 395.837,
                                                                                                                        "Actual Rows": 47386,
                                                                                                                        "Actual Loops": 1,
                                                                                                                        "Output": [
                                                                                                                            "mi.info",
                                                                                                                            "mi.movie_id",
                                                                                                                            "mi.info_type_id"
                                                                                                                        ],
                                                                                                                        "Workers Planned": 5,
                                                                                                                        "Workers Launched": 5,
                                                                                                                        "Single Copy": false,
                                                                                                                        "Plans": [
                                                                                                                            {
                                                                                                                                "Node Type": "Seq Scan",
                                                                                                                                "Parent Relationship": "Outer",
                                                                                                                                "Parallel Aware": true,
                                                                                                                                "Relation Name": "movie_info",
                                                                                                                                "Schema": "public",
                                                                                                                                "Alias": "mi",
                                                                                                                                "Startup Cost": 0.0,
                                                                                                                                "Total Cost": 198880.74,
                                                                                                                                "Plan Rows": 10230,
                                                                                                                                "Plan Width": 51,
                                                                                                                                "Actual Startup Time": 272.798,
                                                                                                                                "Actual Total Time": 385.944,
                                                                                                                                "Actual Rows": 7898,
                                                                                                                                "Actual Loops": 6,
                                                                                                                                "Output": [
                                                                                                                                    "mi.info",
                                                                                                                                    "mi.movie_id",
                                                                                                                                    "mi.info_type_id"
                                                                                                                                ],
                                                                                                                                "Filter": "(mi.info = 'Romance'::text)",
                                                                                                                                "Rows Removed by Filter": 2464722,
                                                                                                                                "Workers": [
                                                                                                                                    {
                                                                                                                                        "Worker Number": 0,
                                                                                                                                        "Actual Startup Time": 256.451,
                                                                                                                                        "Actual Total Time": 384.96,
                                                                                                                                        "Actual Rows": 7331,
                                                                                                                                        "Actual Loops": 1
                                                                                                                                    },
                                                                                                                                    {
                                                                                                                                        "Worker Number": 1,
                                                                                                                                        "Actual Startup Time": 255.751,
                                                                                                                                        "Actual Total Time": 385.433,
                                                                                                                                        "Actual Rows": 7403,
                                                                                                                                        "Actual Loops": 1
                                                                                                                                    },
                                                                                                                                    {
                                                                                                                                        "Worker Number": 2,
                                                                                                                                        "Actual Startup Time": 255.352,
                                                                                                                                        "Actual Total Time": 385.61,
                                                                                                                                        "Actual Rows": 7431,
                                                                                                                                        "Actual Loops": 1
                                                                                                                                    },
                                                                                                                                    {
                                                                                                                                        "Worker Number": 3,
                                                                                                                                        "Actual Startup Time": 348.202,
                                                                                                                                        "Actual Total Time": 386.024,
                                                                                                                                        "Actual Rows": 7811,
                                                                                                                                        "Actual Loops": 1
                                                                                                                                    },
                                                                                                                                    {
                                                                                                                                        "Worker Number": 4,
                                                                                                                                        "Actual Startup Time": 254.879,
                                                                                                                                        "Actual Total Time": 386.221,
                                                                                                                                        "Actual Rows": 7416,
                                                                                                                                        "Actual Loops": 1
                                                                                                                                    }
                                                                                                                                ]
                                                                                                                            }
                                                                                                                        ]
                                                                                                                    }
                                                                                                                ]
                                                                                                            }
                                                                                                        ]
                                                                                                    },
                                                                                                    {
                                                                                                        "Node Type": "Hash",
                                                                                                        "Parent Relationship": "Inner",
                                                                                                        "Parallel Aware": false,
                                                                                                        "Startup Cost": 21735.35,
                                                                                                        "Total Cost": 21735.35,
                                                                                                        "Plan Rows": 1380035,
                                                                                                        "Plan Width": 13,
                                                                                                        "Actual Startup Time": 357.409,
                                                                                                        "Actual Total Time": 357.41,
                                                                                                        "Actual Rows": 1380035,
                                                                                                        "Actual Loops": 1,
                                                                                                        "Output": [
                                                                                                            "mi_idx.info",
                                                                                                            "mi_idx.movie_id",
                                                                                                            "mi_idx.info_type_id"
                                                                                                        ],
                                                                                                        "Hash Buckets": 2097152,
                                                                                                        "Original Hash Buckets": 2097152,
                                                                                                        "Hash Batches": 1,
                                                                                                        "Original Hash Batches": 1,
                                                                                                        "Peak Memory Usage": 79357,
                                                                                                        "Plans": [
                                                                                                            {
                                                                                                                "Node Type": "Seq Scan",
                                                                                                                "Parent Relationship": "Outer",
                                                                                                                "Parallel Aware": false,
                                                                                                                "Relation Name": "movie_info_idx",
                                                                                                                "Schema": "public",
                                                                                                                "Alias": "mi_idx",
                                                                                                                "Startup Cost": 0.0,
                                                                                                                "Total Cost": 21735.35,
                                                                                                                "Plan Rows": 1380035,
                                                                                                                "Plan Width": 13,
                                                                                                                "Actual Startup Time": 0.017,
                                                                                                                "Actual Total Time": 151.763,
                                                                                                                "Actual Rows": 1380035,
                                                                                                                "Actual Loops": 1,
                                                                                                                "Output": [
                                                                                                                    "mi_idx.info",
                                                                                                                    "mi_idx.movie_id",
                                                                                                                    "mi_idx.info_type_id"
                                                                                                                ]
                                                                                                            }
                                                                                                        ]
                                                                                                    }
                                                                                                ]
                                                                                            }
                                                                                        ]
                                                                                    }
                                                                                ]
                                                                            }
                                                                        ]
                                                                    }
                                                                ]
                                                            }
                                                        ]
                                                    }
                                                ]
                                            }
                                        ]
                                    }
                                ]
                            },
                            {
                                "Node Type": "Bitmap Heap Scan",
                                "Parent Relationship": "Inner",
                                "Parallel Aware": false,
                                "Relation Name": "movie_keyword",
                                "Schema": "public",
                                "Alias": "mk",
                                "Startup Cost": 0.85,
                                "Total Cost": 5.43,
                                "Plan Rows": 46,
                                "Plan Width": 8,
                                "Actual Startup Time": 0.027,
                                "Actual Total Time": 0.028,
                                "Actual Rows": 6,
                                "Actual Loops": 1,
                                "Output": [
                                    "mk.id",
                                    "mk.movie_id",
                                    "mk.keyword_id"
                                ],
                                "Recheck Cond": "(mk.movie_id = mi_idx.movie_id)",
                                "Rows Removed by Index Recheck": 0,
                                "Exact Heap Blocks": 1,
                                "Lossy Heap Blocks": 0,
                                "Plans": [
                                    {
                                        "Node Type": "Bitmap Index Scan",
                                        "Parent Relationship": "Outer",
                                        "Parallel Aware": false,
                                        "Index Name": "movie_id_movie_keyword",
                                        "Startup Cost": 0.0,
                                        "Total Cost": 0.84,
                                        "Plan Rows": 46,
                                        "Plan Width": 0,
                                        "Actual Startup Time": 0.02,
                                        "Actual Total Time": 0.021,
                                        "Actual Rows": 6,
                                        "Actual Loops": 1,
                                        "Index Cond": "(mk.movie_id = mi_idx.movie_id)"
                                    }
                                ]
                            }
                        ]
                    },
                    {
                        "Node Type": "Bitmap Heap Scan",
                        "Parent Relationship": "Inner",
                        "Parallel Aware": false,
                        "Relation Name": "keyword",
                        "Schema": "public",
                        "Alias": "k",
                        "Startup Cost": 0.43,
                        "Total Cost": 4.45,
                        "Plan Rows": 1,
                        "Plan Width": 4,
                        "Actual Startup Time": 0.007,
                        "Actual Total Time": 0.007,
                        "Actual Rows": 0,
                        "Actual Loops": 6,
                        "Output": [
                            "k.id",
                            "k.keyword",
                            "k.phonetic_code"
                        ],
                        "Recheck Cond": "(k.id = mk.keyword_id)",
                        "Rows Removed by Index Recheck": 0,
                        "Filter": "(k.keyword = ANY ('{gore,violence,violence,female-nudity,living-statue}'::text[]))",
                        "Rows Removed by Filter": 1,
                        "Exact Heap Blocks": 6,
                        "Lossy Heap Blocks": 0,
                        "Plans": [
                            {
                                "Node Type": "Bitmap Index Scan",
                                "Parent Relationship": "Outer",
                                "Parallel Aware": false,
                                "Index Name": "keyword_pkey",
                                "Startup Cost": 0.0,
                                "Total Cost": 0.43,
                                "Plan Rows": 1,
                                "Plan Width": 0,
                                "Actual Startup Time": 0.004,
                                "Actual Total Time": 0.004,
                                "Actual Rows": 1,
                                "Actual Loops": 6,
                                "Index Cond": "(k.id = mk.keyword_id)"
                            }
                        ]
                    }
                ]
            }
        ]
    },
    "Planning Time": 11.061,
    "Triggers": [],
    "Execution Time": 7314.874
}