{
    "Plan": {
        "Node Type": "Aggregate",
        "Strategy": "Plain",
        "Partial Mode": "Simple",
        "Parallel Aware": false,
        "Startup Cost": 40024626179.87,
        "Total Cost": 40024626179.88,
        "Plan Rows": 1,
        "Plan Width": 96,
        "Actual Startup Time": 19713.464,
        "Actual Total Time": 19713.472,
        "Actual Rows": 1,
        "Actual Loops": 1,
        "Output": [
            "min((lt.link)::text)",
            "min(t1.title)",
            "min(t2.title)"
        ],
        "Plans": [
            {
                "Node Type": "Nested Loop",
                "Parent Relationship": "Outer",
                "Parallel Aware": false,
                "Join Type": "Inner",
                "Startup Cost": 40000005357.97,
                "Total Cost": 40024626179.79,
                "Plan Rows": 10,
                "Plan Width": 46,
                "Actual Startup Time": 60.061,
                "Actual Total Time": 19713.193,
                "Actual Rows": 825,
                "Actual Loops": 1,
                "Output": [
                    "lt.link",
                    "t1.title",
                    "t2.title"
                ],
                "Inner Unique": true,
                "Plans": [
                    {
                        "Node Type": "Hash Join",
                        "Parent Relationship": "Outer",
                        "Parallel Aware": false,
                        "Join Type": "Inner",
                        "Startup Cost": 30000005356.33,
                        "Total Cost": 30024626123.28,
                        "Plan Rows": 10,
                        "Plan Width": 33,
                        "Actual Startup Time": 60.04,
                        "Actual Total Time": 19706.893,
                        "Actual Rows": 825,
                        "Actual Loops": 1,
                        "Output": [
                            "ml.linked_movie_id",
                            "lt.link",
                            "t1.title"
                        ],
                        "Inner Unique": true,
                        "Hash Cond": "(ml.link_type_id = lt.id)",
                        "Plans": [
                            {
                                "Node Type": "Hash Join",
                                "Parent Relationship": "Outer",
                                "Parallel Aware": false,
                                "Join Type": "Inner",
                                "Startup Cost": 20000005343.7,
                                "Total Cost": 20024626110.61,
                                "Plan Rows": 10,
                                "Plan Width": 25,
                                "Actual Startup Time": 59.974,
                                "Actual Total Time": 19706.635,
                                "Actual Rows": 825,
                                "Actual Loops": 1,
                                "Output": [
                                    "ml.linked_movie_id",
                                    "ml.link_type_id",
                                    "t1.title"
                                ],
                                "Inner Unique": true,
                                "Hash Cond": "(mk.keyword_id = k.id)",
                                "Plans": [
                                    {
                                        "Node Type": "Nested Loop",
                                        "Parent Relationship": "Outer",
                                        "Parallel Aware": false,
                                        "Join Type": "Inner",
                                        "Startup Cost": 10000000000.76,
                                        "Total Cost": 10024617187.28,
                                        "Plan Rows": 1363918,
                                        "Plan Width": 29,
                                        "Actual Startup Time": 2.272,
                                        "Actual Total Time": 19632.229,
                                        "Actual Rows": 288192,
                                        "Actual Loops": 1,
                                        "Output": [
                                            "mk.keyword_id",
                                            "ml.linked_movie_id",
                                            "ml.link_type_id",
                                            "t1.title"
                                        ],
                                        "Inner Unique": false,
                                        "Plans": [
                                            {
                                                "Node Type": "Nested Loop",
                                                "Parent Relationship": "Outer",
                                                "Parallel Aware": false,
                                                "Join Type": "Inner",
                                                "Startup Cost": 0.43,
                                                "Total Cost": 4535719.81,
                                                "Plan Rows": 4523930,
                                                "Plan Width": 29,
                                                "Actual Startup Time": 0.413,
                                                "Actual Total Time": 6295.033,
                                                "Actual Rows": 4523930,
                                                "Actual Loops": 1,
                                                "Output": [
                                                    "mk.keyword_id",
                                                    "mk.movie_id",
                                                    "t1.title",
                                                    "t1.id"
                                                ],
                                                "Inner Unique": false,
                                                "Plans": [
                                                    {
                                                        "Node Type": "Seq Scan",
                                                        "Parent Relationship": "Outer",
                                                        "Parallel Aware": false,
                                                        "Relation Name": "title",
                                                        "Schema": "public",
                                                        "Alias": "t1",
                                                        "Startup Cost": 0.0,
                                                        "Total Cost": 61281.22,
                                                        "Plan Rows": 2528322,
                                                        "Plan Width": 21,
                                                        "Actual Startup Time": 0.019,
                                                        "Actual Total Time": 305.119,
                                                        "Actual Rows": 2528312,
                                                        "Actual Loops": 1,
                                                        "Output": [
                                                            "t1.id",
                                                            "t1.title",
                                                            "t1.imdb_index",
                                                            "t1.kind_id",
                                                            "t1.production_year",
                                                            "t1.imdb_id",
                                                            "t1.phonetic_code",
                                                            "t1.episode_of_id",
                                                            "t1.season_nr",
                                                            "t1.episode_nr",
                                                            "t1.series_years",
                                                            "t1.md5sum"
                                                        ]
                                                    },
                                                    {
                                                        "Node Type": "Index Scan",
                                                        "Parent Relationship": "Inner",
                                                        "Parallel Aware": false,
                                                        "Scan Direction": "Forward",
                                                        "Index Name": "movie_id_movie_keyword",
                                                        "Relation Name": "movie_keyword",
                                                        "Schema": "public",
                                                        "Alias": "mk",
                                                        "Startup Cost": 0.43,
                                                        "Total Cost": 1.31,
                                                        "Plan Rows": 46,
                                                        "Plan Width": 8,
                                                        "Actual Startup Time": 0.001,
                                                        "Actual Total Time": 0.002,
                                                        "Actual Rows": 2,
                                                        "Actual Loops": 2528312,
                                                        "Output": [
                                                            "mk.id",
                                                            "mk.movie_id",
                                                            "mk.keyword_id"
                                                        ],
                                                        "Index Cond": "(mk.movie_id = t1.id)",
                                                        "Rows Removed by Index Recheck": 0
                                                    }
                                                ]
                                            },
                                            {
                                                "Node Type": "Bitmap Heap Scan",
                                                "Parent Relationship": "Inner",
                                                "Parallel Aware": false,
                                                "Relation Name": "movie_link",
                                                "Schema": "public",
                                                "Alias": "ml",
                                                "Startup Cost": 0.33,
                                                "Total Cost": 4.39,
                                                "Plan Rows": 5,
                                                "Plan Width": 12,
                                                "Actual Startup Time": 0.001,
                                                "Actual Total Time": 0.001,
                                                "Actual Rows": 0,
                                                "Actual Loops": 4523930,
                                                "Output": [
                                                    "ml.id",
                                                    "ml.movie_id",
                                                    "ml.linked_movie_id",
                                                    "ml.link_type_id"
                                                ],
                                                "Recheck Cond": "(ml.movie_id = t1.id)",
                                                "Rows Removed by Index Recheck": 0,
                                                "Exact Heap Blocks": 26429,
                                                "Lossy Heap Blocks": 0,
                                                "Plans": [
                                                    {
                                                        "Node Type": "Bitmap Index Scan",
                                                        "Parent Relationship": "Outer",
                                                        "Parallel Aware": false,
                                                        "Index Name": "movie_id_movie_link",
                                                        "Startup Cost": 0.0,
                                                        "Total Cost": 0.33,
                                                        "Plan Rows": 5,
                                                        "Plan Width": 0,
                                                        "Actual Startup Time": 0.001,
                                                        "Actual Total Time": 0.001,
                                                        "Actual Rows": 0,
                                                        "Actual Loops": 4523930,
                                                        "Index Cond": "(ml.movie_id = t1.id)"
                                                    }
                                                ]
                                            }
                                        ]
                                    },
                                    {
                                        "Node Type": "Hash",
                                        "Parent Relationship": "Inner",
                                        "Parallel Aware": false,
                                        "Startup Cost": 10000005342.92,
                                        "Total Cost": 10000005342.92,
                                        "Plan Rows": 1,
                                        "Plan Width": 4,
                                        "Actual Startup Time": 56.933,
                                        "Actual Total Time": 56.933,
                                        "Actual Rows": 1,
                                        "Actual Loops": 1,
                                        "Output": [
                                            "k.id"
                                        ],
                                        "Hash Buckets": 1024,
                                        "Original Hash Buckets": 1024,
                                        "Hash Batches": 1,
                                        "Original Hash Batches": 1,
                                        "Peak Memory Usage": 9,
                                        "Plans": [
                                            {
                                                "Node Type": "Index Scan",
                                                "Parent Relationship": "Outer",
                                                "Parallel Aware": false,
                                                "Scan Direction": "Forward",
                                                "Index Name": "keyword_pkey",
                                                "Relation Name": "keyword",
                                                "Schema": "public",
                                                "Alias": "k",
                                                "Startup Cost": 10000000000.42,
                                                "Total Cost": 10000005342.92,
                                                "Plan Rows": 1,
                                                "Plan Width": 4,
                                                "Actual Startup Time": 0.591,
                                                "Actual Total Time": 56.928,
                                                "Actual Rows": 1,
                                                "Actual Loops": 1,
                                                "Output": [
                                                    "k.id"
                                                ],
                                                "Filter": "(k.keyword = 'based-on-comic'::text)",
                                                "Rows Removed by Filter": 134169
                                            }
                                        ]
                                    }
                                ]
                            },
                            {
                                "Node Type": "Hash",
                                "Parent Relationship": "Inner",
                                "Parallel Aware": false,
                                "Startup Cost": 10000000012.41,
                                "Total Cost": 10000000012.41,
                                "Plan Rows": 18,
                                "Plan Width": 16,
                                "Actual Startup Time": 0.055,
                                "Actual Total Time": 0.055,
                                "Actual Rows": 18,
                                "Actual Loops": 1,
                                "Output": [
                                    "lt.link",
                                    "lt.id"
                                ],
                                "Hash Buckets": 1024,
                                "Original Hash Buckets": 1024,
                                "Hash Batches": 1,
                                "Original Hash Batches": 1,
                                "Peak Memory Usage": 9,
                                "Plans": [
                                    {
                                        "Node Type": "Index Scan",
                                        "Parent Relationship": "Outer",
                                        "Parallel Aware": false,
                                        "Scan Direction": "Forward",
                                        "Index Name": "link_type_pkey",
                                        "Relation Name": "link_type",
                                        "Schema": "public",
                                        "Alias": "lt",
                                        "Startup Cost": 10000000000.14,
                                        "Total Cost": 10000000012.41,
                                        "Plan Rows": 18,
                                        "Plan Width": 16,
                                        "Actual Startup Time": 0.027,
                                        "Actual Total Time": 0.039,
                                        "Actual Rows": 18,
                                        "Actual Loops": 1,
                                        "Output": [
                                            "lt.link",
                                            "lt.id"
                                        ]
                                    }
                                ]
                            }
                        ]
                    },
                    {
                        "Node Type": "Bitmap Heap Scan",
                        "Parent Relationship": "Inner",
                        "Parallel Aware": false,
                        "Relation Name": "title",
                        "Schema": "public",
                        "Alias": "t2",
                        "Startup Cost": 1.64,
                        "Total Cost": 5.65,
                        "Plan Rows": 1,
                        "Plan Width": 21,
                        "Actual Startup Time": 0.006,
                        "Actual Total Time": 0.006,
                        "Actual Rows": 1,
                        "Actual Loops": 825,
                        "Output": [
                            "t2.id",
                            "t2.title",
                            "t2.imdb_index",
                            "t2.kind_id",
                            "t2.production_year",
                            "t2.imdb_id",
                            "t2.phonetic_code",
                            "t2.episode_of_id",
                            "t2.season_nr",
                            "t2.episode_nr",
                            "t2.series_years",
                            "t2.md5sum"
                        ],
                        "Recheck Cond": "(t2.id = ml.linked_movie_id)",
                        "Rows Removed by Index Recheck": 0,
                        "Exact Heap Blocks": 825,
                        "Lossy Heap Blocks": 0,
                        "Plans": [
                            {
                                "Node Type": "Bitmap Index Scan",
                                "Parent Relationship": "Outer",
                                "Parallel Aware": false,
                                "Index Name": "title_pkey",
                                "Startup Cost": 0.0,
                                "Total Cost": 1.64,
                                "Plan Rows": 1,
                                "Plan Width": 0,
                                "Actual Startup Time": 0.003,
                                "Actual Total Time": 0.003,
                                "Actual Rows": 1,
                                "Actual Loops": 825,
                                "Index Cond": "(t2.id = ml.linked_movie_id)"
                            }
                        ]
                    }
                ]
            }
        ]
    },
    "Planning Time": 2.55,
    "Triggers": [],
    "Execution Time": 19713.627
}