[
  {
    "Plan": {
      "Node Type": "Aggregate",
      "Strategy": "Plain",
      "Partial Mode": "Finalize",
      "Parallel Aware": false,
      "Startup Cost": 28500.96,
      "Total Cost": 28500.97,
      "Plan Rows": 1,
      "Plan Width": 8,
      "Actual Startup Time": 87.603,
      "Actual Total Time": 92.483,
      "Actual Rows": 1,
      "Actual Loops": 1,
      "Plans": [
        {
          "Node Type": "Gather",
          "Parent Relationship": "Outer",
          "Parallel Aware": false,
          "Startup Cost": 28500.64,
          "Total Cost": 28500.95,
          "Plan Rows": 3,
          "Plan Width": 8,
          "Actual Startup Time": 87.358,
          "Actual Total Time": 92.473,
          "Actual Rows": 4,
          "Actual Loops": 1,
          "Workers Planned": 3,
          "Workers Launched": 3,
          "Single Copy": false,
          "Plans": [
            {
              "Node Type": "Aggregate",
              "Strategy": "Plain",
              "Partial Mode": "Partial",
              "Parent Relationship": "Outer",
              "Parallel Aware": false,
              "Startup Cost": 27500.64,
              "Total Cost": 27500.65,
              "Plan Rows": 1,
              "Plan Width": 8,
              "Actual Startup Time": 78.483,
              "Actual Total Time": 78.485,
              "Actual Rows": 1,
              "Actual Loops": 4,
              "Plans": [
                {
                  "Node Type": "Bitmap Heap Scan",
                  "Parent Relationship": "Outer",
                  "Parallel Aware": true,
                  "Relation Name": "movie_companies",
                  "Alias": "mc",
                  "Startup Cost": 7003.84,
                  "Total Cost": 27366.67,
                  "Plan Rows": 53588,
                  "Plan Width": 0,
                  "Actual Startup Time": 31.944,
                  "Actual Total Time": 71.425,
                  "Actual Rows": 82138,
                  "Actual Loops": 4,
                  "Recheck Cond": "(company_id > 91010)",
                  "Rows Removed by Index Recheck": 0,
                  "Filter": "(company_type_id = 2)",
                  "Rows Removed by Filter": 0,
                  "Exact Heap Blocks": 2016,
                  "Lossy Heap Blocks": 0,
                  "Plans": [
                    {
                      "Node Type": "Bitmap Index Scan",
                      "Parent Relationship": "Outer",
                      "Parallel Aware": false,
                      "Index Name": "company_id_movie_companies",
                      "Startup Cost": 0.0,
                      "Total Cost": 6962.31,
                      "Plan Rows": 325051,
                      "Plan Width": 0,
                      "Actual Startup Time": 38.892,
                      "Actual Total Time": 38.893,
                      "Actual Rows": 328553,
                      "Actual Loops": 1,
                      "Index Cond": "(company_id > 91010)"
                    }
                  ]
                }
              ]
            }
          ]
        }
      ]
    },
    "Planning Time": 0.206,
    "Triggers": [],
    "Execution Time": 92.571
  }
]