[
  {
    "Plan": {
      "Node Type": "Aggregate",
      "Strategy": "Plain",
      "Partial Mode": "Finalize",
      "Parallel Aware": false,
      "Startup Cost": 335920.91,
      "Total Cost": 335920.92,
      "Plan Rows": 1,
      "Plan Width": 8,
      "Actual Startup Time": 702.0,
      "Actual Total Time": 762.256,
      "Actual Rows": 1,
      "Actual Loops": 1,
      "Plans": [
        {
          "Node Type": "Gather",
          "Parent Relationship": "Outer",
          "Parallel Aware": false,
          "Startup Cost": 335920.28,
          "Total Cost": 335920.89,
          "Plan Rows": 6,
          "Plan Width": 8,
          "Actual Startup Time": 701.892,
          "Actual Total Time": 762.247,
          "Actual Rows": 7,
          "Actual Loops": 1,
          "Workers Planned": 6,
          "Workers Launched": 6,
          "Single Copy": false,
          "Plans": [
            {
              "Node Type": "Aggregate",
              "Strategy": "Plain",
              "Partial Mode": "Partial",
              "Parent Relationship": "Outer",
              "Parallel Aware": false,
              "Startup Cost": 334920.28,
              "Total Cost": 334920.29,
              "Plan Rows": 1,
              "Plan Width": 8,
              "Actual Startup Time": 694.515,
              "Actual Total Time": 694.516,
              "Actual Rows": 1,
              "Actual Loops": 7,
              "Plans": [
                {
                  "Node Type": "Seq Scan",
                  "Parent Relationship": "Outer",
                  "Parallel Aware": true,
                  "Relation Name": "cast_info",
                  "Alias": "ci",
                  "Startup Cost": 0.0,
                  "Total Cost": 328162.03,
                  "Plan Rows": 2703302,
                  "Plan Width": 0,
                  "Actual Startup Time": 0.043,
                  "Actual Total Time": 590.426,
                  "Actual Rows": 2316170,
                  "Actual Loops": 7,
                  "Filter": "(person_id < 1605693)",
                  "Rows Removed by Filter": 2861593
                }
              ]
            }
          ]
        }
      ]
    },
    "Planning Time": 0.164,
    "Triggers": [],
    "Execution Time": 762.319
  }
]