[
  {
    "Plan": {
      "Node Type": "Aggregate",
      "Strategy": "Plain",
      "Partial Mode": "Finalize",
      "Parallel Aware": false,
      "Startup Cost": 47099.38,
      "Total Cost": 47099.39,
      "Plan Rows": 1,
      "Plan Width": 8,
      "Actual Startup Time": 177.188,
      "Actual Total Time": 186.631,
      "Actual Rows": 1,
      "Actual Loops": 1,
      "Plans": [
        {
          "Node Type": "Gather",
          "Parent Relationship": "Outer",
          "Parallel Aware": false,
          "Startup Cost": 47099.06,
          "Total Cost": 47099.37,
          "Plan Rows": 3,
          "Plan Width": 8,
          "Actual Startup Time": 177.072,
          "Actual Total Time": 186.622,
          "Actual Rows": 4,
          "Actual Loops": 1,
          "Workers Planned": 3,
          "Workers Launched": 3,
          "Single Copy": false,
          "Plans": [
            {
              "Node Type": "Aggregate",
              "Strategy": "Plain",
              "Partial Mode": "Partial",
              "Parent Relationship": "Outer",
              "Parallel Aware": false,
              "Startup Cost": 46099.06,
              "Total Cost": 46099.07,
              "Plan Rows": 1,
              "Plan Width": 8,
              "Actual Startup Time": 169.868,
              "Actual Total Time": 169.869,
              "Actual Rows": 1,
              "Actual Loops": 4,
              "Plans": [
                {
                  "Node Type": "Seq Scan",
                  "Parent Relationship": "Outer",
                  "Parallel Aware": true,
                  "Relation Name": "movie_keyword",
                  "Alias": "mk",
                  "Startup Cost": 0.0,
                  "Total Cost": 42695.65,
                  "Plan Rows": 1361363,
                  "Plan Width": 0,
                  "Actual Startup Time": 0.053,
                  "Actual Total Time": 124.323,
                  "Actual Rows": 1056404,
                  "Actual Loops": 4,
                  "Filter": "(keyword_id < 54114)",
                  "Rows Removed by Filter": 74579
                }
              ]
            }
          ]
        }
      ]
    },
    "Planning Time": 0.185,
    "Triggers": [],
    "Execution Time": 186.689
  }
]