[
  {
    "Plan": {
      "Node Type": "Aggregate",
      "Strategy": "Plain",
      "Partial Mode": "Finalize",
      "Parallel Aware": false,
      "Startup Cost": 306428.85,
      "Total Cost": 306428.86,
      "Plan Rows": 1,
      "Plan Width": 68,
      "Actual Startup Time": 1230.485,
      "Actual Total Time": 1264.044,
      "Actual Rows": 1,
      "Actual Loops": 1,
      "Plans": [
        {
          "Node Type": "Gather",
          "Parent Relationship": "Outer",
          "Parallel Aware": false,
          "Startup Cost": 306428.19,
          "Total Cost": 306428.8,
          "Plan Rows": 6,
          "Plan Width": 68,
          "Actual Startup Time": 1210.838,
          "Actual Total Time": 1264.026,
          "Actual Rows": 7,
          "Actual Loops": 1,
          "Workers Planned": 6,
          "Workers Launched": 6,
          "Single Copy": false,
          "Plans": [
            {
              "Node Type": "Aggregate",
              "Strategy": "Plain",
              "Partial Mode": "Partial",
              "Parent Relationship": "Outer",
              "Parallel Aware": false,
              "Startup Cost": 305428.19,
              "Total Cost": 305428.2,
              "Plan Rows": 1,
              "Plan Width": 68,
              "Actual Startup Time": 1189.795,
              "Actual Total Time": 1189.8,
              "Actual Rows": 1,
              "Actual Loops": 7,
              "Plans": [
                {
                  "Node Type": "Hash Join",
                  "Parent Relationship": "Outer",
                  "Parallel Aware": true,
                  "Join Type": "Inner",
                  "Startup Cost": 100075.8,
                  "Total Cost": 302975.1,
                  "Plan Rows": 327079,
                  "Plan Width": 37,
                  "Actual Startup Time": 518.175,
                  "Actual Total Time": 1162.995,
                  "Actual Rows": 201720,
                  "Actual Loops": 7,
                  "Inner Unique": true,
                  "Hash Cond": "(ci.person_role_id = cn.id)",
                  "Plans": [
                    {
                      "Node Type": "Hash Join",
                      "Parent Relationship": "Outer",
                      "Parallel Aware": true,
                      "Join Type": "Inner",
                      "Startup Cost": 45962.92,
                      "Total Cost": 248003.64,
                      "Plan Rows": 327079,
                      "Plan Width": 25,
                      "Actual Startup Time": 130.235,
                      "Actual Total Time": 654.173,
                      "Actual Rows": 262994,
                      "Actual Loops": 7,
                      "Inner Unique": true,
                      "Hash Cond": "(ci.movie_id = t.id)",
                      "Plans": [
                        {
                          "Node Type": "Index Scan",
                          "Parent Relationship": "Outer",
                          "Parallel Aware": true,
                          "Scan Direction": "Forward",
                          "Index Name": "role_id_cast_info",
                          "Relation Name": "cast_info",
                          "Alias": "ci",
                          "Startup Cost": 0.56,
                          "Total Cost": 198752.95,
                          "Plan Rows": 1252698,
                          "Plan Width": 8,
                          "Actual Startup Time": 0.311,
                          "Actual Total Time": 218.887,
                          "Actual Rows": 1064568,
                          "Actual Loops": 7,
                          "Index Cond": "(role_id = 2)",
                          "Rows Removed by Index Recheck": 0
                        },
                        {
                          "Node Type": "Hash",
                          "Parent Relationship": "Inner",
                          "Parallel Aware": true,
                          "Startup Cost": 43899.32,
                          "Total Cost": 43899.32,
                          "Plan Rows": 165043,
                          "Plan Width": 25,
                          "Actual Startup Time": 128.949,
                          "Actual Total Time": 128.95,
                          "Actual Rows": 94689,
                          "Actual Loops": 7,
                          "Hash Buckets": 1048576,
                          "Original Hash Buckets": 1048576,
                          "Hash Batches": 1,
                          "Original Hash Batches": 1,
                          "Peak Memory Usage": 48480,
                          "Plans": [
                            {
                              "Node Type": "Seq Scan",
                              "Parent Relationship": "Outer",
                              "Parallel Aware": true,
                              "Relation Name": "title",
                              "Alias": "t",
                              "Startup Cost": 0.0,
                              "Total Cost": 43899.32,
                              "Plan Rows": 165043,
                              "Plan Width": 25,
                              "Actual Startup Time": 36.238,
                              "Actual Total Time": 77.827,
                              "Actual Rows": 94689,
                              "Actual Loops": 7,
                              "Filter": "(kind_id = 1)",
                              "Rows Removed by Filter": 266498
                            }
                          ]
                        }
                      ]
                    },
                    {
                      "Node Type": "Hash",
                      "Parent Relationship": "Inner",
                      "Parallel Aware": true,
                      "Startup Cost": 44299.06,
                      "Total Cost": 44299.06,
                      "Plan Rows": 785106,
                      "Plan Width": 20,
                      "Actual Startup Time": 381.941,
                      "Actual Total Time": 381.942,
                      "Actual Rows": 448620,
                      "Actual Loops": 7,
                      "Hash Buckets": 4194304,
                      "Original Hash Buckets": 4194304,
                      "Hash Batches": 1,
                      "Original Hash Batches": 1,
                      "Peak Memory Usage": 205152,
                      "Plans": [
                        {
                          "Node Type": "Seq Scan",
                          "Parent Relationship": "Outer",
                          "Parallel Aware": true,
                          "Relation Name": "char_name",
                          "Alias": "cn",
                          "Startup Cost": 0.0,
                          "Total Cost": 44299.06,
                          "Plan Rows": 785106,
                          "Plan Width": 20,
                          "Actual Startup Time": 0.076,
                          "Actual Total Time": 97.384,
                          "Actual Rows": 448620,
                          "Actual Loops": 7
                        }
                      ]
                    }
                  ]
                }
              ]
            }
          ]
        }
      ]
    },
    "Planning Time": 4.423,
    "Triggers": [],
    "Execution Time": 1264.448
  }
]