[
  {
    "Plan": {
      "Node Type": "Aggregate",
      "Strategy": "Plain",
      "Partial Mode": "Finalize",
      "Parallel Aware": false,
      "Startup Cost": 394655.55,
      "Total Cost": 394655.56,
      "Plan Rows": 1,
      "Plan Width": 8,
      "Actual Startup Time": 882.148,
      "Actual Total Time": 918.065,
      "Actual Rows": 1,
      "Actual Loops": 1,
      "Plans": [
        {
          "Node Type": "Gather",
          "Parent Relationship": "Outer",
          "Parallel Aware": false,
          "Startup Cost": 394654.92,
          "Total Cost": 394655.53,
          "Plan Rows": 6,
          "Plan Width": 8,
          "Actual Startup Time": 879.313,
          "Actual Total Time": 918.055,
          "Actual Rows": 7,
          "Actual Loops": 1,
          "Workers Planned": 6,
          "Workers Launched": 6,
          "Single Copy": false,
          "Plans": [
            {
              "Node Type": "Aggregate",
              "Strategy": "Plain",
              "Partial Mode": "Partial",
              "Parent Relationship": "Outer",
              "Parallel Aware": false,
              "Startup Cost": 393654.92,
              "Total Cost": 393654.93,
              "Plan Rows": 1,
              "Plan Width": 8,
              "Actual Startup Time": 870.257,
              "Actual Total Time": 870.26,
              "Actual Rows": 1,
              "Actual Loops": 7,
              "Plans": [
                {
                  "Node Type": "Hash Join",
                  "Parent Relationship": "Outer",
                  "Parallel Aware": true,
                  "Join Type": "Inner",
                  "Startup Cost": 46756.28,
                  "Total Cost": 392889.19,
                  "Plan Rows": 306295,
                  "Plan Width": 0,
                  "Actual Startup Time": 93.983,
                  "Actual Total Time": 858.101,
                  "Actual Rows": 227876,
                  "Actual Loops": 7,
                  "Inner Unique": true,
                  "Hash Cond": "(ci.movie_id = t.id)",
                  "Plans": [
                    {
                      "Node Type": "Index Scan",
                      "Parent Relationship": "Outer",
                      "Parallel Aware": true,
                      "Scan Direction": "Forward",
                      "Index Name": "role_id_cast_info",
                      "Relation Name": "cast_info",
                      "Alias": "ci",
                      "Startup Cost": 0.56,
                      "Total Cost": 341155.22,
                      "Plan Rows": 1896474,
                      "Plan Width": 4,
                      "Actual Startup Time": 0.154,
                      "Actual Total Time": 432.327,
                      "Actual Rows": 1810098,
                      "Actual Loops": 7,
                      "Index Cond": "(role_id < 2)",
                      "Rows Removed by Index Recheck": 0,
                      "Filter": "(person_id < 3376059)",
                      "Rows Removed by Filter": 0
                    },
                    {
                      "Node Type": "Hash",
                      "Parent Relationship": "Inner",
                      "Parallel Aware": true,
                      "Startup Cost": 45479.59,
                      "Total Cost": 45479.59,
                      "Plan Rows": 102090,
                      "Plan Width": 4,
                      "Actual Startup Time": 92.001,
                      "Actual Total Time": 92.002,
                      "Actual Rows": 43076,
                      "Actual Loops": 7,
                      "Hash Buckets": 524288,
                      "Original Hash Buckets": 524288,
                      "Hash Batches": 1,
                      "Original Hash Batches": 1,
                      "Peak Memory Usage": 15968,
                      "Plans": [
                        {
                          "Node Type": "Seq Scan",
                          "Parent Relationship": "Outer",
                          "Parallel Aware": true,
                          "Relation Name": "title",
                          "Alias": "t",
                          "Startup Cost": 0.0,
                          "Total Cost": 45479.59,
                          "Plan Rows": 102090,
                          "Plan Width": 4,
                          "Actual Startup Time": 0.048,
                          "Actual Total Time": 72.805,
                          "Actual Rows": 43076,
                          "Actual Loops": 7,
                          "Filter": "((production_year < 1990) AND (kind_id = 7))",
                          "Rows Removed by Filter": 318111
                        }
                      ]
                    }
                  ]
                }
              ]
            }
          ]
        }
      ]
    },
    "Planning Time": 0.26,
    "Triggers": [],
    "Execution Time": 918.116
  }
]