[
  {
    "Plan": {
      "Node Type": "Aggregate",
      "Strategy": "Plain",
      "Partial Mode": "Finalize",
      "Parallel Aware": false,
      "Startup Cost": 348177.72,
      "Total Cost": 348177.73,
      "Plan Rows": 1,
      "Plan Width": 8,
      "Actual Startup Time": 713.668,
      "Actual Total Time": 774.982,
      "Actual Rows": 1,
      "Actual Loops": 1,
      "Plans": [
        {
          "Node Type": "Gather",
          "Parent Relationship": "Outer",
          "Parallel Aware": false,
          "Startup Cost": 348177.1,
          "Total Cost": 348177.71,
          "Plan Rows": 6,
          "Plan Width": 8,
          "Actual Startup Time": 713.519,
          "Actual Total Time": 774.97,
          "Actual Rows": 7,
          "Actual Loops": 1,
          "Workers Planned": 6,
          "Workers Launched": 6,
          "Single Copy": false,
          "Plans": [
            {
              "Node Type": "Aggregate",
              "Strategy": "Plain",
              "Partial Mode": "Partial",
              "Parent Relationship": "Outer",
              "Parallel Aware": false,
              "Startup Cost": 347177.1,
              "Total Cost": 347177.11,
              "Plan Rows": 1,
              "Plan Width": 8,
              "Actual Startup Time": 703.567,
              "Actual Total Time": 703.568,
              "Actual Rows": 1,
              "Actual Loops": 7,
              "Plans": [
                {
                  "Node Type": "Seq Scan",
                  "Parent Relationship": "Outer",
                  "Parallel Aware": true,
                  "Relation Name": "cast_info",
                  "Alias": "ci",
                  "Startup Cost": 0.0,
                  "Total Cost": 343257.03,
                  "Plan Rows": 1568028,
                  "Plan Width": 0,
                  "Actual Startup Time": 248.069,
                  "Actual Total Time": 674.231,
                  "Actual Rows": 570621,
                  "Actual Loops": 7,
                  "Filter": "((person_id < 1413512) AND (role_id > 1))",
                  "Rows Removed by Filter": 4607143
                }
              ]
            }
          ]
        }
      ]
    },
    "Planning Time": 0.151,
    "Triggers": [],
    "Execution Time": 775.041
  }
]