[
  {
    "Plan": {
      "Node Type": "Aggregate",
      "Strategy": "Plain",
      "Partial Mode": "Finalize",
      "Parallel Aware": false,
      "Startup Cost": 356658.26,
      "Total Cost": 356658.27,
      "Plan Rows": 1,
      "Plan Width": 8,
      "Actual Startup Time": 872.676,
      "Actual Total Time": 934.686,
      "Actual Rows": 1,
      "Actual Loops": 1,
      "Plans": [
        {
          "Node Type": "Gather",
          "Parent Relationship": "Outer",
          "Parallel Aware": false,
          "Startup Cost": 356657.64,
          "Total Cost": 356658.25,
          "Plan Rows": 6,
          "Plan Width": 8,
          "Actual Startup Time": 872.563,
          "Actual Total Time": 934.676,
          "Actual Rows": 7,
          "Actual Loops": 1,
          "Workers Planned": 6,
          "Workers Launched": 6,
          "Single Copy": false,
          "Plans": [
            {
              "Node Type": "Aggregate",
              "Strategy": "Plain",
              "Partial Mode": "Partial",
              "Parent Relationship": "Outer",
              "Parallel Aware": false,
              "Startup Cost": 355657.64,
              "Total Cost": 355657.65,
              "Plan Rows": 1,
              "Plan Width": 8,
              "Actual Startup Time": 862.71,
              "Actual Total Time": 862.711,
              "Actual Rows": 1,
              "Actual Loops": 7,
              "Plans": [
                {
                  "Node Type": "Seq Scan",
                  "Parent Relationship": "Outer",
                  "Parallel Aware": true,
                  "Relation Name": "cast_info",
                  "Alias": "ci",
                  "Startup Cost": 0.0,
                  "Total Cost": 343257.03,
                  "Plan Rows": 4960244,
                  "Plan Width": 0,
                  "Actual Startup Time": 39.614,
                  "Actual Total Time": 699.074,
                  "Actual Rows": 4233698,
                  "Actual Loops": 7,
                  "Filter": "((person_id > 201574) AND (role_id < 10))",
                  "Rows Removed by Filter": 944065
                }
              ]
            }
          ]
        }
      ]
    },
    "Planning Time": 0.221,
    "Triggers": [],
    "Execution Time": 934.756
  }
]