[
  {
    "Plan": {
      "Node Type": "Aggregate",
      "Strategy": "Plain",
      "Partial Mode": "Finalize",
      "Parallel Aware": false,
      "Startup Cost": 32867.55,
      "Total Cost": 32867.56,
      "Plan Rows": 1,
      "Plan Width": 8,
      "Actual Startup Time": 93.08,
      "Actual Total Time": 101.985,
      "Actual Rows": 1,
      "Actual Loops": 1,
      "Plans": [
        {
          "Node Type": "Gather",
          "Parent Relationship": "Outer",
          "Parallel Aware": false,
          "Startup Cost": 32867.23,
          "Total Cost": 32867.54,
          "Plan Rows": 3,
          "Plan Width": 8,
          "Actual Startup Time": 92.974,
          "Actual Total Time": 101.977,
          "Actual Rows": 4,
          "Actual Loops": 1,
          "Workers Planned": 3,
          "Workers Launched": 3,
          "Single Copy": false,
          "Plans": [
            {
              "Node Type": "Aggregate",
              "Strategy": "Plain",
              "Partial Mode": "Partial",
              "Parent Relationship": "Outer",
              "Parallel Aware": false,
              "Startup Cost": 31867.23,
              "Total Cost": 31867.24,
              "Plan Rows": 1,
              "Plan Width": 8,
              "Actual Startup Time": 84.921,
              "Actual Total Time": 84.922,
              "Actual Rows": 1,
              "Actual Loops": 4,
              "Plans": [
                {
                  "Node Type": "Seq Scan",
                  "Parent Relationship": "Outer",
                  "Parallel Aware": true,
                  "Relation Name": "movie_companies",
                  "Alias": "mc",
                  "Startup Cost": 0.0,
                  "Total Cost": 31414.82,
                  "Plan Rows": 180965,
                  "Plan Width": 0,
                  "Actual Startup Time": 49.437,
                  "Actual Total Time": 80.947,
                  "Actual Rows": 87648,
                  "Actual Loops": 4,
                  "Filter": "((company_id < 7595) AND (company_type_id > 1))",
                  "Rows Removed by Filter": 564634
                }
              ]
            }
          ]
        }
      ]
    },
    "Planning Time": 0.164,
    "Triggers": [],
    "Execution Time": 102.029
  }
]