[
    {
        "Bao": {
            "Bao prediction": "NaN",
            "Bao recommended hint": "(no hint)"
        }
    },
    {
        "Plan": {
            "Node Type": "Aggregate",
            "Strategy": "Plain",
            "Partial Mode": "Finalize",
            "Parallel Aware": false,
            "Startup Cost": 28564.35,
            "Total Cost": 28564.36,
            "Plan Rows": 1,
            "Plan Width": 8,
            "Actual Startup Time": 23.766,
            "Actual Total Time": 27.492,
            "Actual Rows": 1,
            "Actual Loops": 1,
            "Output": [
                "count(*)"
            ],
            "Plans": [
                {
                    "Node Type": "Gather",
                    "Parent Relationship": "Outer",
                    "Parallel Aware": false,
                    "Startup Cost": 28564.14,
                    "Total Cost": 28564.35,
                    "Plan Rows": 2,
                    "Plan Width": 8,
                    "Actual Startup Time": 23.529,
                    "Actual Total Time": 27.485,
                    "Actual Rows": 3,
                    "Actual Loops": 1,
                    "Output": [
                        "(PARTIAL count(*))"
                    ],
                    "Workers Planned": 2,
                    "Workers Launched": 2,
                    "Single Copy": false,
                    "Plans": [
                        {
                            "Node Type": "Aggregate",
                            "Strategy": "Plain",
                            "Partial Mode": "Partial",
                            "Parent Relationship": "Outer",
                            "Parallel Aware": false,
                            "Startup Cost": 27564.14,
                            "Total Cost": 27564.15,
                            "Plan Rows": 1,
                            "Plan Width": 8,
                            "Actual Startup Time": 15.983,
                            "Actual Total Time": 15.985,
                            "Actual Rows": 1,
                            "Actual Loops": 3,
                            "Output": [
                                "PARTIAL count(*)"
                            ],
                            "Workers": [
                                {
                                    "Worker Number": 0,
                                    "Actual Startup Time": 12.043,
                                    "Actual Total Time": 12.046,
                                    "Actual Rows": 1,
                                    "Actual Loops": 1
                                },
                                {
                                    "Worker Number": 1,
                                    "Actual Startup Time": 12.643,
                                    "Actual Total Time": 12.645,
                                    "Actual Rows": 1,
                                    "Actual Loops": 1
                                }
                            ],
                            "Plans": [
                                {
                                    "Node Type": "Nested Loop",
                                    "Parent Relationship": "Outer",
                                    "Parallel Aware": false,
                                    "Join Type": "Inner",
                                    "Startup Cost": 107.43,
                                    "Total Cost": 27558.95,
                                    "Plan Rows": 2073,
                                    "Plan Width": 0,
                                    "Actual Startup Time": 0.994,
                                    "Actual Total Time": 15.831,
                                    "Actual Rows": 1635,
                                    "Actual Loops": 3,
                                    "Inner Unique": true,
                                    "Workers": [
                                        {
                                            "Worker Number": 0,
                                            "Actual Startup Time": 0.494,
                                            "Actual Total Time": 11.953,
                                            "Actual Rows": 163,
                                            "Actual Loops": 1
                                        },
                                        {
                                            "Worker Number": 1,
                                            "Actual Startup Time": 0.366,
                                            "Actual Total Time": 12.55,
                                            "Actual Rows": 215,
                                            "Actual Loops": 1
                                        }
                                    ],
                                    "Plans": [
                                        {
                                            "Node Type": "Bitmap Heap Scan",
                                            "Parent Relationship": "Outer",
                                            "Parallel Aware": true,
                                            "Relation Name": "movie_keyword",
                                            "Schema": "public",
                                            "Alias": "mk",
                                            "Startup Cost": 107.0,
                                            "Total Cost": 12376.91,
                                            "Plan Rows": 2073,
                                            "Plan Width": 4,
                                            "Actual Startup Time": 0.831,
                                            "Actual Total Time": 5.47,
                                            "Actual Rows": 1635,
                                            "Actual Loops": 3,
                                            "Output": [
                                                "mk.id",
                                                "mk.movie_id",
                                                "mk.keyword_id"
                                            ],
                                            "Recheck Cond": "(mk.keyword_id = 24382)",
                                            "Rows Removed by Index Recheck": 0,
                                            "Exact Heap Blocks": 3424,
                                            "Lossy Heap Blocks": 0,
                                            "Workers": [
                                                {
                                                    "Worker Number": 0,
                                                    "Actual Startup Time": 0.234,
                                                    "Actual Total Time": 3.96,
                                                    "Actual Rows": 163,
                                                    "Actual Loops": 1
                                                },
                                                {
                                                    "Worker Number": 1,
                                                    "Actual Startup Time": 0.158,
                                                    "Actual Total Time": 4.145,
                                                    "Actual Rows": 215,
                                                    "Actual Loops": 1
                                                }
                                            ],
                                            "Plans": [
                                                {
                                                    "Node Type": "Bitmap Index Scan",
                                                    "Parent Relationship": "Outer",
                                                    "Parallel Aware": false,
                                                    "Index Name": "keyword_id_movie_keyword",
                                                    "Startup Cost": 0.0,
                                                    "Total Cost": 105.75,
                                                    "Plan Rows": 4976,
                                                    "Plan Width": 0,
                                                    "Actual Startup Time": 1.444,
                                                    "Actual Total Time": 1.445,
                                                    "Actual Rows": 4904,
                                                    "Actual Loops": 1,
                                                    "Index Cond": "(mk.keyword_id = 24382)"
                                                }
                                            ]
                                        },
                                        {
                                            "Node Type": "Index Only Scan",
                                            "Parent Relationship": "Inner",
                                            "Parallel Aware": false,
                                            "Scan Direction": "Forward",
                                            "Index Name": "title_pkey",
                                            "Relation Name": "title",
                                            "Schema": "public",
                                            "Alias": "t",
                                            "Startup Cost": 0.43,
                                            "Total Cost": 7.32,
                                            "Plan Rows": 1,
                                            "Plan Width": 4,
                                            "Actual Startup Time": 0.006,
                                            "Actual Total Time": 0.006,
                                            "Actual Rows": 1,
                                            "Actual Loops": 4904,
                                            "Output": [
                                                "t.id"
                                            ],
                                            "Index Cond": "(t.id = mk.movie_id)",
                                            "Rows Removed by Index Recheck": 0,
                                            "Heap Fetches": 4904,
                                            "Workers": [
                                                {
                                                    "Worker Number": 0,
                                                    "Actual Startup Time": 0.046,
                                                    "Actual Total Time": 0.046,
                                                    "Actual Rows": 1,
                                                    "Actual Loops": 163
                                                },
                                                {
                                                    "Worker Number": 1,
                                                    "Actual Startup Time": 0.037,
                                                    "Actual Total Time": 0.037,
                                                    "Actual Rows": 1,
                                                    "Actual Loops": 215
                                                }
                                            ]
                                        }
                                    ]
                                }
                            ]
                        }
                    ]
                }
            ]
        },
        "Planning Time": 199.764,
        "Triggers": [],
        "Execution Time": 27.552
    }
]