[
  {
    "Plan": {
      "Node Type": "Aggregate",
      "Strategy": "Plain",
      "Partial Mode": "Finalize",
      "Parallel Aware": false,
      "Startup Cost": 564482.29,
      "Total Cost": 564482.3,
      "Plan Rows": 1,
      "Plan Width": 8,
      "Actual Startup Time": 2230.647,
      "Actual Total Time": 2284.461,
      "Actual Rows": 1,
      "Actual Loops": 1,
      "Plans": [
        {
          "Node Type": "Gather",
          "Parent Relationship": "Outer",
          "Parallel Aware": false,
          "Startup Cost": 564481.76,
          "Total Cost": 564482.27,
          "Plan Rows": 5,
          "Plan Width": 8,
          "Actual Startup Time": 2210.602,
          "Actual Total Time": 2284.447,
          "Actual Rows": 6,
          "Actual Loops": 1,
          "Workers Planned": 5,
          "Workers Launched": 5,
          "Single Copy": false,
          "Plans": [
            {
              "Node Type": "Aggregate",
              "Strategy": "Plain",
              "Partial Mode": "Partial",
              "Parent Relationship": "Outer",
              "Parallel Aware": false,
              "Startup Cost": 563481.76,
              "Total Cost": 563481.77,
              "Plan Rows": 1,
              "Plan Width": 8,
              "Actual Startup Time": 2202.417,
              "Actual Total Time": 2202.528,
              "Actual Rows": 1,
              "Actual Loops": 6,
              "Plans": [
                {
                  "Node Type": "Hash Join",
                  "Parent Relationship": "Outer",
                  "Parallel Aware": true,
                  "Join Type": "Inner",
                  "Startup Cost": 358195.35,
                  "Total Cost": 562384.38,
                  "Plan Rows": 438954,
                  "Plan Width": 0,
                  "Actual Startup Time": 949.568,
                  "Actual Total Time": 1953.148,
                  "Actual Rows": 5736219,
                  "Actual Loops": 6,
                  "Inner Unique": false,
                  "Hash Cond": "(mi.movie_id = t.id)",
                  "Plans": [
                    {
                      "Node Type": "Seq Scan",
                      "Parent Relationship": "Outer",
                      "Parallel Aware": true,
                      "Relation Name": "movie_info",
                      "Alias": "mi",
                      "Startup Cost": 0.0,
                      "Total Cost": 199108.24,
                      "Plan Rows": 1159785,
                      "Plan Width": 4,
                      "Actual Startup Time": 29.416,
                      "Actual Total Time": 334.079,
                      "Actual Rows": 978171,
                      "Actual Loops": 6,
                      "Filter": "(info_type_id > 13)",
                      "Rows Removed by Filter": 1494449
                    },
                    {
                      "Node Type": "Hash",
                      "Parent Relationship": "Inner",
                      "Parallel Aware": true,
                      "Startup Cost": 356201.7,
                      "Total Cost": 356201.7,
                      "Plan Rows": 159492,
                      "Plan Width": 8,
                      "Actual Startup Time": 917.573,
                      "Actual Total Time": 917.682,
                      "Actual Rows": 349955,
                      "Actual Loops": 6,
                      "Hash Buckets": 4194304,
                      "Original Hash Buckets": 1048576,
                      "Hash Batches": 1,
                      "Original Hash Batches": 1,
                      "Peak Memory Usage": 139552,
                      "Plans": [
                        {
                          "Node Type": "Hash Join",
                          "Parent Relationship": "Outer",
                          "Parallel Aware": true,
                          "Join Type": "Inner",
                          "Startup Cost": 97687.07,
                          "Total Cost": 356201.7,
                          "Plan Rows": 159492,
                          "Plan Width": 8,
                          "Actual Startup Time": 380.141,
                          "Actual Total Time": 661.938,
                          "Actual Rows": 349955,
                          "Actual Loops": 6,
                          "Inner Unique": true,
                          "Hash Cond": "(ci.movie_id = t.id)",
                          "Plans": [
                            {
                              "Node Type": "Bitmap Heap Scan",
                              "Parent Relationship": "Outer",
                              "Parallel Aware": true,
                              "Relation Name": "cast_info",
                              "Alias": "ci",
                              "Startup Cost": 47466.69,
                              "Total Cost": 305562.65,
                              "Plan Rows": 159492,
                              "Plan Width": 4,
                              "Actual Startup Time": 81.78,
                              "Actual Total Time": 181.031,
                              "Actual Rows": 349955,
                              "Actual Loops": 6,
                              "Recheck Cond": "(person_id > 3651984)",
                              "Rows Removed by Index Recheck": 0,
                              "Filter": "(role_id > 2)",
                              "Rows Removed by Filter": 0,
                              "Exact Heap Blocks": 4507,
                              "Lossy Heap Blocks": 0,
                              "Plans": [
                                {
                                  "Node Type": "Bitmap Index Scan",
                                  "Parent Relationship": "Outer",
                                  "Parallel Aware": false,
                                  "Index Name": "person_id_cast_info",
                                  "Startup Cost": 0.0,
                                  "Total Cost": 47227.45,
                                  "Plan Rows": 2163585,
                                  "Plan Width": 0,
                                  "Actual Startup Time": 76.692,
                                  "Actual Total Time": 76.692,
                                  "Actual Rows": 2099732,
                                  "Actual Loops": 1,
                                  "Index Cond": "(person_id > 3651984)"
                                }
                              ]
                            },
                            {
                              "Node Type": "Hash",
                              "Parent Relationship": "Inner",
                              "Parallel Aware": true,
                              "Startup Cost": 42319.06,
                              "Total Cost": 42319.06,
                              "Plan Rows": 632106,
                              "Plan Width": 4,
                              "Actual Startup Time": 292.226,
                              "Actual Total Time": 292.227,
                              "Actual Rows": 421385,
                              "Actual Loops": 6,
                              "Hash Buckets": 4194304,
                              "Original Hash Buckets": 4194304,
                              "Hash Batches": 1,
                              "Original Hash Batches": 1,
                              "Peak Memory Usage": 131776,
                              "Plans": [
                                {
                                  "Node Type": "Seq Scan",
                                  "Parent Relationship": "Outer",
                                  "Parallel Aware": true,
                                  "Relation Name": "title",
                                  "Alias": "t",
                                  "Startup Cost": 0.0,
                                  "Total Cost": 42319.06,
                                  "Plan Rows": 632106,
                                  "Plan Width": 4,
                                  "Actual Startup Time": 0.061,
                                  "Actual Total Time": 81.031,
                                  "Actual Rows": 421385,
                                  "Actual Loops": 6
                                }
                              ]
                            }
                          ]
                        }
                      ]
                    }
                  ]
                }
              ]
            }
          ]
        }
      ]
    },
    "Planning Time": 0.953,
    "Triggers": [],
    "Execution Time": 2284.522
  }
]