[
  {
    "Plan": {
      "Node Type": "Aggregate",
      "Strategy": "Plain",
      "Partial Mode": "Finalize",
      "Parallel Aware": false,
      "Startup Cost": 63744.17,
      "Total Cost": 63744.18,
      "Plan Rows": 1,
      "Plan Width": 8,
      "Actual Startup Time": 296.996,
      "Actual Total Time": 311.649,
      "Actual Rows": 1,
      "Actual Loops": 1,
      "Plans": [
        {
          "Node Type": "Gather",
          "Parent Relationship": "Outer",
          "Parallel Aware": false,
          "Startup Cost": 63743.95,
          "Total Cost": 63744.16,
          "Plan Rows": 2,
          "Plan Width": 8,
          "Actual Startup Time": 294.576,
          "Actual Total Time": 311.641,
          "Actual Rows": 3,
          "Actual Loops": 1,
          "Workers Planned": 2,
          "Workers Launched": 2,
          "Single Copy": false,
          "Plans": [
            {
              "Node Type": "Aggregate",
              "Strategy": "Plain",
              "Partial Mode": "Partial",
              "Parent Relationship": "Outer",
              "Parallel Aware": false,
              "Startup Cost": 62743.95,
              "Total Cost": 62743.96,
              "Plan Rows": 1,
              "Plan Width": 8,
              "Actual Startup Time": 288.293,
              "Actual Total Time": 288.298,
              "Actual Rows": 1,
              "Actual Loops": 3,
              "Plans": [
                {
                  "Node Type": "Hash Join",
                  "Parent Relationship": "Outer",
                  "Parallel Aware": true,
                  "Join Type": "Inner",
                  "Startup Cost": 47230.79,
                  "Total Cost": 62425.35,
                  "Plan Rows": 127442,
                  "Plan Width": 0,
                  "Actual Startup Time": 210.244,
                  "Actual Total Time": 281.527,
                  "Actual Rows": 161541,
                  "Actual Loops": 3,
                  "Inner Unique": true,
                  "Hash Cond": "(mi_idx.movie_id = t.id)",
                  "Plans": [
                    {
                      "Node Type": "Seq Scan",
                      "Parent Relationship": "Outer",
                      "Parallel Aware": true,
                      "Relation Name": "movie_info_idx",
                      "Alias": "mi_idx",
                      "Startup Cost": 0.0,
                      "Total Cost": 13685.15,
                      "Plan Rows": 575015,
                      "Plan Width": 4,
                      "Actual Startup Time": 0.011,
                      "Actual Total Time": 38.28,
                      "Actual Rows": 460012,
                      "Actual Loops": 3
                    },
                    {
                      "Node Type": "Hash",
                      "Parent Relationship": "Inner",
                      "Parallel Aware": true,
                      "Startup Cost": 45479.59,
                      "Total Cost": 45479.59,
                      "Plan Rows": 140096,
                      "Plan Width": 4,
                      "Actual Startup Time": 168.039,
                      "Actual Total Time": 168.042,
                      "Actual Rows": 147589,
                      "Actual Loops": 3,
                      "Hash Buckets": 1048576,
                      "Original Hash Buckets": 1048576,
                      "Hash Batches": 1,
                      "Original Hash Batches": 1,
                      "Peak Memory Usage": 25568,
                      "Plans": [
                        {
                          "Node Type": "Seq Scan",
                          "Parent Relationship": "Outer",
                          "Parallel Aware": true,
                          "Relation Name": "title",
                          "Alias": "t",
                          "Startup Cost": 0.0,
                          "Total Cost": 45479.59,
                          "Plan Rows": 140096,
                          "Plan Width": 4,
                          "Actual Startup Time": 45.164,
                          "Actual Total Time": 116.381,
                          "Actual Rows": 147589,
                          "Actual Loops": 3,
                          "Filter": "((kind_id < 2) AND (production_year > 1966))",
                          "Rows Removed by Filter": 695182
                        }
                      ]
                    }
                  ]
                }
              ]
            }
          ]
        }
      ]
    },
    "Planning Time": 0.499,
    "Triggers": [],
    "Execution Time": 311.709
  }
]