[
  {
    "Plan": {
      "Node Type": "Aggregate",
      "Strategy": "Plain",
      "Partial Mode": "Finalize",
      "Parallel Aware": false,
      "Startup Cost": 63753.82,
      "Total Cost": 63753.83,
      "Plan Rows": 1,
      "Plan Width": 8,
      "Actual Startup Time": 294.347,
      "Actual Total Time": 306.742,
      "Actual Rows": 1,
      "Actual Loops": 1,
      "Plans": [
        {
          "Node Type": "Gather",
          "Parent Relationship": "Outer",
          "Parallel Aware": false,
          "Startup Cost": 63753.6,
          "Total Cost": 63753.81,
          "Plan Rows": 2,
          "Plan Width": 8,
          "Actual Startup Time": 292.439,
          "Actual Total Time": 306.734,
          "Actual Rows": 3,
          "Actual Loops": 1,
          "Workers Planned": 2,
          "Workers Launched": 2,
          "Single Copy": false,
          "Plans": [
            {
              "Node Type": "Aggregate",
              "Strategy": "Plain",
              "Partial Mode": "Partial",
              "Parent Relationship": "Outer",
              "Parallel Aware": false,
              "Startup Cost": 62753.6,
              "Total Cost": 62753.61,
              "Plan Rows": 1,
              "Plan Width": 8,
              "Actual Startup Time": 285.407,
              "Actual Total Time": 285.41,
              "Actual Rows": 1,
              "Actual Loops": 3,
              "Plans": [
                {
                  "Node Type": "Hash Join",
                  "Parent Relationship": "Outer",
                  "Parallel Aware": true,
                  "Join Type": "Inner",
                  "Startup Cost": 47238.86,
                  "Total Cost": 62433.42,
                  "Plan Rows": 128072,
                  "Plan Width": 0,
                  "Actual Startup Time": 209.737,
                  "Actual Total Time": 278.979,
                  "Actual Rows": 161541,
                  "Actual Loops": 3,
                  "Inner Unique": true,
                  "Hash Cond": "(mi_idx.movie_id = t.id)",
                  "Plans": [
                    {
                      "Node Type": "Seq Scan",
                      "Parent Relationship": "Outer",
                      "Parallel Aware": true,
                      "Relation Name": "movie_info_idx",
                      "Alias": "mi_idx",
                      "Startup Cost": 0.0,
                      "Total Cost": 13685.15,
                      "Plan Rows": 575015,
                      "Plan Width": 4,
                      "Actual Startup Time": 0.026,
                      "Actual Total Time": 37.276,
                      "Actual Rows": 460012,
                      "Actual Loops": 3
                    },
                    {
                      "Node Type": "Hash",
                      "Parent Relationship": "Inner",
                      "Parallel Aware": true,
                      "Startup Cost": 45479.1,
                      "Total Cost": 45479.1,
                      "Plan Rows": 140781,
                      "Plan Width": 4,
                      "Actual Startup Time": 167.487,
                      "Actual Total Time": 167.488,
                      "Actual Rows": 147589,
                      "Actual Loops": 3,
                      "Hash Buckets": 1048576,
                      "Original Hash Buckets": 1048576,
                      "Hash Batches": 1,
                      "Original Hash Batches": 1,
                      "Peak Memory Usage": 25600,
                      "Plans": [
                        {
                          "Node Type": "Seq Scan",
                          "Parent Relationship": "Outer",
                          "Parallel Aware": true,
                          "Relation Name": "title",
                          "Alias": "t",
                          "Startup Cost": 0.0,
                          "Total Cost": 45479.1,
                          "Plan Rows": 140781,
                          "Plan Width": 4,
                          "Actual Startup Time": 46.939,
                          "Actual Total Time": 118.025,
                          "Actual Rows": 147589,
                          "Actual Loops": 3,
                          "Filter": "((kind_id < 2) AND (production_year > 1966))",
                          "Rows Removed by Filter": 695182
                        }
                      ]
                    }
                  ]
                }
              ]
            }
          ]
        }
      ]
    },
    "Planning Time": 0.615,
    "Triggers": [],
    "Execution Time": 306.809
  }
]