[
    {
        "Bao": {
            "Bao prediction": "NaN",
            "Bao recommended hint": "(no hint)"
        }
    },
    {
        "Plan": {
            "Node Type": "Aggregate",
            "Strategy": "Plain",
            "Partial Mode": "Finalize",
            "Parallel Aware": false,
            "Startup Cost": 33463.32,
            "Total Cost": 33463.33,
            "Plan Rows": 1,
            "Plan Width": 8,
            "Actual Startup Time": 109.691,
            "Actual Total Time": 115.397,
            "Actual Rows": 1,
            "Actual Loops": 1,
            "Output": [
                "count(*)"
            ],
            "Plans": [
                {
                    "Node Type": "Gather",
                    "Parent Relationship": "Outer",
                    "Parallel Aware": false,
                    "Startup Cost": 33463.01,
                    "Total Cost": 33463.32,
                    "Plan Rows": 3,
                    "Plan Width": 8,
                    "Actual Startup Time": 109.598,
                    "Actual Total Time": 115.392,
                    "Actual Rows": 4,
                    "Actual Loops": 1,
                    "Output": [
                        "(PARTIAL count(*))"
                    ],
                    "Workers Planned": 3,
                    "Workers Launched": 3,
                    "Single Copy": false,
                    "Plans": [
                        {
                            "Node Type": "Aggregate",
                            "Strategy": "Plain",
                            "Partial Mode": "Partial",
                            "Parent Relationship": "Outer",
                            "Parallel Aware": false,
                            "Startup Cost": 32463.01,
                            "Total Cost": 32463.02,
                            "Plan Rows": 1,
                            "Plan Width": 8,
                            "Actual Startup Time": 101.546,
                            "Actual Total Time": 101.547,
                            "Actual Rows": 1,
                            "Actual Loops": 4,
                            "Output": [
                                "PARTIAL count(*)"
                            ],
                            "Workers": [
                                {
                                    "Worker Number": 0,
                                    "Actual Startup Time": 98.784,
                                    "Actual Total Time": 98.785,
                                    "Actual Rows": 1,
                                    "Actual Loops": 1
                                },
                                {
                                    "Worker Number": 1,
                                    "Actual Startup Time": 98.826,
                                    "Actual Total Time": 98.827,
                                    "Actual Rows": 1,
                                    "Actual Loops": 1
                                },
                                {
                                    "Worker Number": 2,
                                    "Actual Startup Time": 99.249,
                                    "Actual Total Time": 99.251,
                                    "Actual Rows": 1,
                                    "Actual Loops": 1
                                }
                            ],
                            "Plans": [
                                {
                                    "Node Type": "Seq Scan",
                                    "Parent Relationship": "Outer",
                                    "Parallel Aware": true,
                                    "Relation Name": "movie_companies",
                                    "Schema": "public",
                                    "Alias": "mc",
                                    "Startup Cost": 0.0,
                                    "Total Cost": 31414.82,
                                    "Plan Rows": 419275,
                                    "Plan Width": 0,
                                    "Actual Startup Time": 43.703,
                                    "Actual Total Time": 86.17,
                                    "Actual Rows": 318271,
                                    "Actual Loops": 4,
                                    "Output": [
                                        "id",
                                        "movie_id",
                                        "company_id",
                                        "company_type_id",
                                        "note"
                                    ],
                                    "Filter": "((mc.company_id < 182510) AND (mc.company_type_id > 1))",
                                    "Rows Removed by Filter": 334011,
                                    "Workers": [
                                        {
                                            "Worker Number": 0,
                                            "Actual Startup Time": 40.952,
                                            "Actual Total Time": 83.59,
                                            "Actual Rows": 376947,
                                            "Actual Loops": 1
                                        },
                                        {
                                            "Worker Number": 1,
                                            "Actual Startup Time": 40.972,
                                            "Actual Total Time": 83.699,
                                            "Actual Rows": 231398,
                                            "Actual Loops": 1
                                        },
                                        {
                                            "Worker Number": 2,
                                            "Actual Startup Time": 41.408,
                                            "Actual Total Time": 83.94,
                                            "Actual Rows": 233830,
                                            "Actual Loops": 1
                                        }
                                    ]
                                }
                            ]
                        }
                    ]
                }
            ]
        },
        "Planning Time": 214.637,
        "Triggers": [],
        "Execution Time": 115.44
    }
]