[
  {
    "Plan": {
      "Node Type": "Aggregate",
      "Strategy": "Plain",
      "Partial Mode": "Finalize",
      "Parallel Aware": false,
      "Startup Cost": 58345.65,
      "Total Cost": 58345.66,
      "Plan Rows": 1,
      "Plan Width": 8,
      "Actual Startup Time": 202.36,
      "Actual Total Time": 242.509,
      "Actual Rows": 1,
      "Actual Loops": 1,
      "Plans": [
        {
          "Node Type": "Gather",
          "Parent Relationship": "Outer",
          "Parallel Aware": false,
          "Startup Cost": 58345.34,
          "Total Cost": 58345.65,
          "Plan Rows": 3,
          "Plan Width": 8,
          "Actual Startup Time": 201.191,
          "Actual Total Time": 242.497,
          "Actual Rows": 4,
          "Actual Loops": 1,
          "Workers Planned": 3,
          "Workers Launched": 3,
          "Single Copy": false,
          "Plans": [
            {
              "Node Type": "Aggregate",
              "Strategy": "Plain",
              "Partial Mode": "Partial",
              "Parent Relationship": "Outer",
              "Parallel Aware": false,
              "Startup Cost": 57345.34,
              "Total Cost": 57345.35,
              "Plan Rows": 1,
              "Plan Width": 8,
              "Actual Startup Time": 191.712,
              "Actual Total Time": 191.714,
              "Actual Rows": 1,
              "Actual Loops": 4,
              "Plans": [
                {
                  "Node Type": "Nested Loop",
                  "Parent Relationship": "Outer",
                  "Parallel Aware": false,
                  "Join Type": "Inner",
                  "Startup Cost": 297.33,
                  "Total Cost": 57226.65,
                  "Plan Rows": 47473,
                  "Plan Width": 0,
                  "Actual Startup Time": 3.199,
                  "Actual Total Time": 187.623,
                  "Actual Rows": 51080,
                  "Actual Loops": 4,
                  "Inner Unique": false,
                  "Plans": [
                    {
                      "Node Type": "Nested Loop",
                      "Parent Relationship": "Outer",
                      "Parallel Aware": false,
                      "Join Type": "Inner",
                      "Startup Cost": 296.77,
                      "Total Cost": 49263.99,
                      "Plan Rows": 3313,
                      "Plan Width": 8,
                      "Actual Startup Time": 2.922,
                      "Actual Total Time": 35.097,
                      "Actual Rows": 1965,
                      "Actual Loops": 4,
                      "Inner Unique": true,
                      "Plans": [
                        {
                          "Node Type": "Bitmap Heap Scan",
                          "Parent Relationship": "Outer",
                          "Parallel Aware": true,
                          "Relation Name": "movie_keyword",
                          "Alias": "mk",
                          "Startup Cost": 296.34,
                          "Total Cost": 22058.86,
                          "Plan Rows": 4491,
                          "Plan Width": 4,
                          "Actual Startup Time": 2.739,
                          "Actual Total Time": 10.023,
                          "Actual Rows": 3593,
                          "Actual Loops": 4,
                          "Recheck Cond": "(keyword_id < 3)",
                          "Rows Removed by Index Recheck": 0,
                          "Exact Heap Blocks": 2900,
                          "Lossy Heap Blocks": 0,
                          "Plans": [
                            {
                              "Node Type": "Bitmap Index Scan",
                              "Parent Relationship": "Outer",
                              "Parallel Aware": false,
                              "Index Name": "keyword_id_movie_keyword",
                              "Startup Cost": 0.0,
                              "Total Cost": 292.86,
                              "Plan Rows": 13923,
                              "Plan Width": 0,
                              "Actual Startup Time": 7.225,
                              "Actual Total Time": 7.225,
                              "Actual Rows": 14373,
                              "Actual Loops": 1,
                              "Index Cond": "(keyword_id < 3)"
                            }
                          ]
                        },
                        {
                          "Node Type": "Index Scan",
                          "Parent Relationship": "Inner",
                          "Parallel Aware": false,
                          "Scan Direction": "Forward",
                          "Index Name": "title_pkey",
                          "Relation Name": "title",
                          "Alias": "t",
                          "Startup Cost": 0.43,
                          "Total Cost": 6.06,
                          "Plan Rows": 1,
                          "Plan Width": 4,
                          "Actual Startup Time": 0.007,
                          "Actual Total Time": 0.007,
                          "Actual Rows": 1,
                          "Actual Loops": 14373,
                          "Index Cond": "(id = mk.movie_id)",
                          "Rows Removed by Index Recheck": 0,
                          "Filter": "(kind_id > 1)",
                          "Rows Removed by Filter": 0
                        }
                      ]
                    },
                    {
                      "Node Type": "Index Only Scan",
                      "Parent Relationship": "Inner",
                      "Parallel Aware": false,
                      "Scan Direction": "Forward",
                      "Index Name": "movie_id_cast_info",
                      "Relation Name": "cast_info",
                      "Alias": "ci",
                      "Startup Cost": 0.56,
                      "Total Cost": 2.03,
                      "Plan Rows": 37,
                      "Plan Width": 4,
                      "Actual Startup Time": 0.01,
                      "Actual Total Time": 0.075,
                      "Actual Rows": 26,
                      "Actual Loops": 7859,
                      "Index Cond": "(movie_id = t.id)",
                      "Rows Removed by Index Recheck": 0,
                      "Heap Fetches": 204322
                    }
                  ]
                }
              ]
            }
          ]
        }
      ]
    },
    "Planning Time": 1.347,
    "Triggers": [],
    "Execution Time": 242.631
  }
]