[
  {
    "Plan": {
      "Node Type": "Aggregate",
      "Strategy": "Plain",
      "Partial Mode": "Finalize",
      "Parallel Aware": false,
      "Startup Cost": 79953.23,
      "Total Cost": 79953.24,
      "Plan Rows": 1,
      "Plan Width": 8,
      "Actual Startup Time": 246.857,
      "Actual Total Time": 264.805,
      "Actual Rows": 1,
      "Actual Loops": 1,
      "Plans": [
        {
          "Node Type": "Gather",
          "Parent Relationship": "Outer",
          "Parallel Aware": false,
          "Startup Cost": 79952.91,
          "Total Cost": 79953.22,
          "Plan Rows": 3,
          "Plan Width": 8,
          "Actual Startup Time": 245.352,
          "Actual Total Time": 264.791,
          "Actual Rows": 4,
          "Actual Loops": 1,
          "Workers Planned": 3,
          "Workers Launched": 3,
          "Single Copy": false,
          "Plans": [
            {
              "Node Type": "Aggregate",
              "Strategy": "Plain",
              "Partial Mode": "Partial",
              "Parent Relationship": "Outer",
              "Parallel Aware": false,
              "Startup Cost": 78952.91,
              "Total Cost": 78952.92,
              "Plan Rows": 1,
              "Plan Width": 8,
              "Actual Startup Time": 237.91,
              "Actual Total Time": 237.913,
              "Actual Rows": 1,
              "Actual Loops": 4,
              "Plans": [
                {
                  "Node Type": "Hash Join",
                  "Parent Relationship": "Outer",
                  "Parallel Aware": true,
                  "Join Type": "Inner",
                  "Startup Cost": 46836.22,
                  "Total Cost": 78854.27,
                  "Plan Rows": 39456,
                  "Plan Width": 0,
                  "Actual Startup Time": 132.973,
                  "Actual Total Time": 236.29,
                  "Actual Rows": 37626,
                  "Actual Loops": 4,
                  "Inner Unique": true,
                  "Hash Cond": "(mc.movie_id = t.id)",
                  "Plans": [
                    {
                      "Node Type": "Seq Scan",
                      "Parent Relationship": "Outer",
                      "Parallel Aware": true,
                      "Relation Name": "movie_companies",
                      "Alias": "mc",
                      "Startup Cost": 0.0,
                      "Total Cost": 31414.82,
                      "Plan Rows": 229801,
                      "Plan Width": 4,
                      "Actual Startup Time": 0.011,
                      "Actual Total Time": 65.166,
                      "Actual Rows": 249321,
                      "Actual Loops": 4,
                      "Filter": "((company_id < 13251) AND (company_type_id < 2))",
                      "Rows Removed by Filter": 402962
                    },
                    {
                      "Node Type": "Hash",
                      "Parent Relationship": "Inner",
                      "Parallel Aware": true,
                      "Startup Cost": 45479.59,
                      "Total Cost": 45479.59,
                      "Plan Rows": 108531,
                      "Plan Width": 4,
                      "Actual Startup Time": 129.733,
                      "Actual Total Time": 129.735,
                      "Actual Rows": 76742,
                      "Actual Loops": 4,
                      "Hash Buckets": 524288,
                      "Original Hash Buckets": 524288,
                      "Hash Batches": 1,
                      "Original Hash Batches": 1,
                      "Peak Memory Usage": 16128,
                      "Plans": [
                        {
                          "Node Type": "Seq Scan",
                          "Parent Relationship": "Outer",
                          "Parallel Aware": true,
                          "Relation Name": "title",
                          "Alias": "t",
                          "Startup Cost": 0.0,
                          "Total Cost": 45479.59,
                          "Plan Rows": 108531,
                          "Plan Width": 4,
                          "Actual Startup Time": 0.041,
                          "Actual Total Time": 100.682,
                          "Actual Rows": 76742,
                          "Actual Loops": 4,
                          "Filter": "((kind_id > 1) AND (production_year < 1986))",
                          "Rows Removed by Filter": 555336
                        }
                      ]
                    }
                  ]
                }
              ]
            }
          ]
        }
      ]
    },
    "Planning Time": 0.494,
    "Triggers": [],
    "Execution Time": 264.858
  }
]