{
    "Plan": {
        "Node Type": "Aggregate",
        "Strategy": "Plain",
        "Partial Mode": "Simple",
        "Parallel Aware": false,
        "Startup Cost": 60000488290.92,
        "Total Cost": 60000488290.93,
        "Plan Rows": 1,
        "Plan Width": 64,
        "Actual Startup Time": 736.887,
        "Actual Total Time": 737.037,
        "Actual Rows": 1,
        "Actual Loops": 1,
        "Output": [
            "min((kt.kind)::text)",
            "min(t.title)"
        ],
        "Plans": [
            {
                "Node Type": "Nested Loop",
                "Parent Relationship": "Outer",
                "Parallel Aware": false,
                "Join Type": "Inner",
                "Startup Cost": 60000482033.15,
                "Total Cost": 60000488290.92,
                "Plan Rows": 1,
                "Plan Width": 27,
                "Actual Startup Time": 703.847,
                "Actual Total Time": 736.838,
                "Actual Rows": 628,
                "Actual Loops": 1,
                "Output": [
                    "kt.kind",
                    "t.title"
                ],
                "Inner Unique": true,
                "Plans": [
                    {
                        "Node Type": "Nested Loop",
                        "Parent Relationship": "Outer",
                        "Parallel Aware": false,
                        "Join Type": "Inner",
                        "Startup Cost": 50000482032.73,
                        "Total Cost": 50000488286.48,
                        "Plan Rows": 1,
                        "Plan Width": 31,
                        "Actual Startup Time": 703.83,
                        "Actual Total Time": 733.523,
                        "Actual Rows": 628,
                        "Actual Loops": 1,
                        "Output": [
                            "mk.keyword_id",
                            "t.title",
                            "kt.kind"
                        ],
                        "Inner Unique": false,
                        "Join Filter": "(t.id = mk.movie_id)",
                        "Rows Removed by Join Filter": 0,
                        "Plans": [
                            {
                                "Node Type": "Hash Join",
                                "Parent Relationship": "Outer",
                                "Parallel Aware": false,
                                "Join Type": "Inner",
                                "Startup Cost": 40000482031.9,
                                "Total Cost": 40000488280.51,
                                "Plan Rows": 1,
                                "Plan Width": 43,
                                "Actual Startup Time": 703.804,
                                "Actual Total Time": 733.189,
                                "Actual Rows": 7,
                                "Actual Loops": 1,
                                "Output": [
                                    "cc.movie_id",
                                    "mc.movie_id",
                                    "mi.movie_id",
                                    "t.title",
                                    "t.id",
                                    "kt.kind"
                                ],
                                "Inner Unique": false,
                                "Hash Cond": "(cn.id = mc.company_id)",
                                "Plans": [
                                    {
                                        "Node Type": "Seq Scan",
                                        "Parent Relationship": "Outer",
                                        "Parallel Aware": false,
                                        "Relation Name": "company_name",
                                        "Schema": "public",
                                        "Alias": "cn",
                                        "Startup Cost": 10000000000.0,
                                        "Total Cost": 10000005932.46,
                                        "Plan Rows": 84301,
                                        "Plan Width": 4,
                                        "Actual Startup Time": 0.018,
                                        "Actual Total Time": 27.099,
                                        "Actual Rows": 84843,
                                        "Actual Loops": 1,
                                        "Output": [
                                            "cn.id",
                                            "cn.name",
                                            "cn.country_code",
                                            "cn.imdb_id",
                                            "cn.name_pcode_nf",
                                            "cn.name_pcode_sf",
                                            "cn.md5sum"
                                        ],
                                        "Filter": "((cn.country_code)::text = '[us]'::text)",
                                        "Rows Removed by Filter": 150154
                                    },
                                    {
                                        "Node Type": "Hash",
                                        "Parent Relationship": "Inner",
                                        "Parallel Aware": false,
                                        "Startup Cost": 30000482031.89,
                                        "Total Cost": 30000482031.89,
                                        "Plan Rows": 1,
                                        "Plan Width": 47,
                                        "Actual Startup Time": 701.333,
                                        "Actual Total Time": 701.479,
                                        "Actual Rows": 7,
                                        "Actual Loops": 1,
                                        "Output": [
                                            "cc.movie_id",
                                            "mc.movie_id",
                                            "mc.company_id",
                                            "mi.movie_id",
                                            "t.title",
                                            "t.id",
                                            "kt.kind"
                                        ],
                                        "Hash Buckets": 1024,
                                        "Original Hash Buckets": 1024,
                                        "Hash Batches": 1,
                                        "Original Hash Batches": 1,
                                        "Peak Memory Usage": 9,
                                        "Plans": [
                                            {
                                                "Node Type": "Hash Join",
                                                "Parent Relationship": "Outer",
                                                "Parallel Aware": false,
                                                "Join Type": "Inner",
                                                "Startup Cost": 30000482017.89,
                                                "Total Cost": 30000482031.89,
                                                "Plan Rows": 1,
                                                "Plan Width": 47,
                                                "Actual Startup Time": 701.315,
                                                "Actual Total Time": 701.474,
                                                "Actual Rows": 7,
                                                "Actual Loops": 1,
                                                "Output": [
                                                    "cc.movie_id",
                                                    "mc.movie_id",
                                                    "mc.company_id",
                                                    "mi.movie_id",
                                                    "t.title",
                                                    "t.id",
                                                    "kt.kind"
                                                ],
                                                "Inner Unique": false,
                                                "Hash Cond": "(it1.id = mi.info_type_id)",
                                                "Plans": [
                                                    {
                                                        "Node Type": "Index Scan",
                                                        "Parent Relationship": "Outer",
                                                        "Parallel Aware": false,
                                                        "Scan Direction": "Forward",
                                                        "Index Name": "info_type_pkey",
                                                        "Relation Name": "info_type",
                                                        "Schema": "public",
                                                        "Alias": "it1",
                                                        "Startup Cost": 0.14,
                                                        "Total Cost": 14.12,
                                                        "Plan Rows": 1,
                                                        "Plan Width": 4,
                                                        "Actual Startup Time": 0.028,
                                                        "Actual Total Time": 0.04,
                                                        "Actual Rows": 1,
                                                        "Actual Loops": 1,
                                                        "Output": [
                                                            "it1.id",
                                                            "it1.info"
                                                        ],
                                                        "Filter": "((it1.info)::text = 'release dates'::text)",
                                                        "Rows Removed by Filter": 112
                                                    },
                                                    {
                                                        "Node Type": "Hash",
                                                        "Parent Relationship": "Inner",
                                                        "Parallel Aware": false,
                                                        "Startup Cost": 30000482017.61,
                                                        "Total Cost": 30000482017.61,
                                                        "Plan Rows": 11,
                                                        "Plan Width": 51,
                                                        "Actual Startup Time": 701.282,
                                                        "Actual Total Time": 701.425,
                                                        "Actual Rows": 7,
                                                        "Actual Loops": 1,
                                                        "Output": [
                                                            "cc.movie_id",
                                                            "mc.movie_id",
                                                            "mc.company_id",
                                                            "mi.movie_id",
                                                            "mi.info_type_id",
                                                            "t.title",
                                                            "t.id",
                                                            "kt.kind"
                                                        ],
                                                        "Hash Buckets": 1024,
                                                        "Original Hash Buckets": 1024,
                                                        "Hash Batches": 1,
                                                        "Original Hash Batches": 1,
                                                        "Peak Memory Usage": 9,
                                                        "Plans": [
                                                            {
                                                                "Node Type": "Nested Loop",
                                                                "Parent Relationship": "Outer",
                                                                "Parallel Aware": false,
                                                                "Join Type": "Inner",
                                                                "Startup Cost": 30000475207.53,
                                                                "Total Cost": 30000482017.61,
                                                                "Plan Rows": 11,
                                                                "Plan Width": 51,
                                                                "Actual Startup Time": 695.646,
                                                                "Actual Total Time": 701.419,
                                                                "Actual Rows": 7,
                                                                "Actual Loops": 1,
                                                                "Output": [
                                                                    "cc.movie_id",
                                                                    "mc.movie_id",
                                                                    "mc.company_id",
                                                                    "mi.movie_id",
                                                                    "mi.info_type_id",
                                                                    "t.title",
                                                                    "t.id",
                                                                    "kt.kind"
                                                                ],
                                                                "Inner Unique": true,
                                                                "Plans": [
                                                                    {
                                                                        "Node Type": "Hash Join",
                                                                        "Parent Relationship": "Outer",
                                                                        "Parallel Aware": false,
                                                                        "Join Type": "Inner",
                                                                        "Startup Cost": 30000475207.4,
                                                                        "Total Cost": 30000482016.0,
                                                                        "Plan Rows": 11,
                                                                        "Plan Width": 55,
                                                                        "Actual Startup Time": 695.636,
                                                                        "Actual Total Time": 701.392,
                                                                        "Actual Rows": 7,
                                                                        "Actual Loops": 1,
                                                                        "Output": [
                                                                            "cc.movie_id",
                                                                            "mc.movie_id",
                                                                            "mc.company_id",
                                                                            "mc.company_type_id",
                                                                            "mi.movie_id",
                                                                            "mi.info_type_id",
                                                                            "t.title",
                                                                            "t.id",
                                                                            "kt.kind"
                                                                        ],
                                                                        "Inner Unique": false,
                                                                        "Hash Cond": "(t.id = mi.movie_id)",
                                                                        "Plans": [
                                                                            {
                                                                                "Node Type": "Hash Join",
                                                                                "Parent Relationship": "Outer",
                                                                                "Parallel Aware": false,
                                                                                "Join Type": "Inner",
                                                                                "Startup Cost": 30000260535.34,
                                                                                "Total Cost": 30000260825.45,
                                                                                "Plan Rows": 16095,
                                                                                "Plan Width": 47,
                                                                                "Actual Startup Time": 235.681,
                                                                                "Actual Total Time": 239.575,
                                                                                "Actual Rows": 39562,
                                                                                "Actual Loops": 1,
                                                                                "Output": [
                                                                                    "cc.movie_id",
                                                                                    "mc.movie_id",
                                                                                    "mc.company_id",
                                                                                    "mc.company_type_id",
                                                                                    "t.title",
                                                                                    "t.id",
                                                                                    "kt.kind"
                                                                                ],
                                                                                "Inner Unique": false,
                                                                                "Hash Cond": "(kt.id = t.kind_id)",
                                                                                "Plans": [
                                                                                    {
                                                                                        "Node Type": "Seq Scan",
                                                                                        "Parent Relationship": "Outer",
                                                                                        "Parallel Aware": false,
                                                                                        "Relation Name": "kind_type",
                                                                                        "Schema": "public",
                                                                                        "Alias": "kt",
                                                                                        "Startup Cost": 0.0,
                                                                                        "Total Cost": 1.09,
                                                                                        "Plan Rows": 1,
                                                                                        "Plan Width": 14,
                                                                                        "Actual Startup Time": 0.014,
                                                                                        "Actual Total Time": 0.018,
                                                                                        "Actual Rows": 1,
                                                                                        "Actual Loops": 1,
                                                                                        "Output": [
                                                                                            "kt.id",
                                                                                            "kt.kind"
                                                                                        ],
                                                                                        "Filter": "((kt.kind)::text = 'movie'::text)",
                                                                                        "Rows Removed by Filter": 6
                                                                                    },
                                                                                    {
                                                                                        "Node Type": "Hash",
                                                                                        "Parent Relationship": "Inner",
                                                                                        "Parallel Aware": false,
                                                                                        "Startup Cost": 30000259127.0,
                                                                                        "Total Cost": 30000259127.0,
                                                                                        "Plan Rows": 112667,
                                                                                        "Plan Width": 41,
                                                                                        "Actual Startup Time": 235.447,
                                                                                        "Actual Total Time": 235.454,
                                                                                        "Actual Rows": 45252,
                                                                                        "Actual Loops": 1,
                                                                                        "Output": [
                                                                                            "cc.movie_id",
                                                                                            "mc.movie_id",
                                                                                            "mc.company_id",
                                                                                            "mc.company_type_id",
                                                                                            "t.title",
                                                                                            "t.kind_id",
                                                                                            "t.id"
                                                                                        ],
                                                                                        "Hash Buckets": 131072,
                                                                                        "Original Hash Buckets": 131072,
                                                                                        "Hash Batches": 1,
                                                                                        "Original Hash Batches": 1,
                                                                                        "Peak Memory Usage": 4268,
                                                                                        "Plans": [
                                                                                            {
                                                                                                "Node Type": "Nested Loop",
                                                                                                "Parent Relationship": "Outer",
                                                                                                "Parallel Aware": false,
                                                                                                "Join Type": "Inner",
                                                                                                "Startup Cost": 30000001229.08,
                                                                                                "Total Cost": 30000259127.0,
                                                                                                "Plan Rows": 112667,
                                                                                                "Plan Width": 41,
                                                                                                "Actual Startup Time": 1.001,
                                                                                                "Actual Total Time": 226.795,
                                                                                                "Actual Rows": 45252,
                                                                                                "Actual Loops": 1,
                                                                                                "Output": [
                                                                                                    "cc.movie_id",
                                                                                                    "mc.movie_id",
                                                                                                    "mc.company_id",
                                                                                                    "mc.company_type_id",
                                                                                                    "t.title",
                                                                                                    "t.kind_id",
                                                                                                    "t.id"
                                                                                                ],
                                                                                                "Inner Unique": false,
                                                                                                "Plans": [
                                                                                                    {
                                                                                                        "Node Type": "Nested Loop",
                                                                                                        "Parent Relationship": "Outer",
                                                                                                        "Parallel Aware": false,
                                                                                                        "Join Type": "Inner",
                                                                                                        "Startup Cost": 20000001228.58,
                                                                                                        "Total Cost": 20000162861.05,
                                                                                                        "Plan Rows": 20902,
                                                                                                        "Plan Width": 29,
                                                                                                        "Actual Startup Time": 0.951,
                                                                                                        "Actual Total Time": 171.598,
                                                                                                        "Actual Rows": 3266,
                                                                                                        "Actual Loops": 1,
                                                                                                        "Output": [
                                                                                                            "cc.movie_id",
                                                                                                            "t.title",
                                                                                                            "t.kind_id",
                                                                                                            "t.id"
                                                                                                        ],
                                                                                                        "Inner Unique": true,
                                                                                                        "Plans": [
                                                                                                            {
                                                                                                                "Node Type": "Nested Loop",
                                                                                                                "Parent Relationship": "Outer",
                                                                                                                "Parallel Aware": false,
                                                                                                                "Join Type": "Inner",
                                                                                                                "Startup Cost": 10000001227.88,
                                                                                                                "Total Cost": 10000003479.65,
                                                                                                                "Plan Rows": 33772,
                                                                                                                "Plan Width": 4,
                                                                                                                "Actual Startup Time": 0.911,
                                                                                                                "Actual Total Time": 10.12,
                                                                                                                "Actual Rows": 24592,
                                                                                                                "Actual Loops": 1,
                                                                                                                "Output": [
                                                                                                                    "cc.movie_id"
                                                                                                                ],
                                                                                                                "Inner Unique": false,
                                                                                                                "Plans": [
                                                                                                                    {
                                                                                                                        "Node Type": "Seq Scan",
                                                                                                                        "Parent Relationship": "Outer",
                                                                                                                        "Parallel Aware": false,
                                                                                                                        "Relation Name": "comp_cast_type",
                                                                                                                        "Schema": "public",
                                                                                                                        "Alias": "cct1",
                                                                                                                        "Startup Cost": 0.0,
                                                                                                                        "Total Cost": 1.05,
                                                                                                                        "Plan Rows": 1,
                                                                                                                        "Plan Width": 4,
                                                                                                                        "Actual Startup Time": 0.01,
                                                                                                                        "Actual Total Time": 0.013,
                                                                                                                        "Actual Rows": 1,
                                                                                                                        "Actual Loops": 1,
                                                                                                                        "Output": [
                                                                                                                            "cct1.id",
                                                                                                                            "cct1.kind"
                                                                                                                        ],
                                                                                                                        "Filter": "((cct1.kind)::text = 'complete+verified'::text)",
                                                                                                                        "Rows Removed by Filter": 3
                                                                                                                    },
                                                                                                                    {
                                                                                                                        "Node Type": "Bitmap Heap Scan",
                                                                                                                        "Parent Relationship": "Inner",
                                                                                                                        "Parallel Aware": false,
                                                                                                                        "Relation Name": "complete_cast",
                                                                                                                        "Schema": "public",
                                                                                                                        "Alias": "cc",
                                                                                                                        "Startup Cost": 1227.88,
                                                                                                                        "Total Cost": 2803.17,
                                                                                                                        "Plan Rows": 67543,
                                                                                                                        "Plan Width": 8,
                                                                                                                        "Actual Startup Time": 0.894,
                                                                                                                        "Actual Total Time": 6.834,
                                                                                                                        "Actual Rows": 24592,
                                                                                                                        "Actual Loops": 1,
                                                                                                                        "Output": [
                                                                                                                            "cc.id",
                                                                                                                            "cc.movie_id",
                                                                                                                            "cc.subject_id",
                                                                                                                            "cc.status_id"
                                                                                                                        ],
                                                                                                                        "Recheck Cond": "(cc.status_id = cct1.id)",
                                                                                                                        "Rows Removed by Index Recheck": 0,
                                                                                                                        "Exact Heap Blocks": 706,
                                                                                                                        "Lossy Heap Blocks": 0,
                                                                                                                        "Plans": [
                                                                                                                            {
                                                                                                                                "Node Type": "Bitmap Index Scan",
                                                                                                                                "Parent Relationship": "Outer",
                                                                                                                                "Parallel Aware": false,
                                                                                                                                "Index Name": "status_id_complete_cast",
                                                                                                                                "Startup Cost": 0.0,
                                                                                                                                "Total Cost": 1210.99,
                                                                                                                                "Plan Rows": 67543,
                                                                                                                                "Plan Width": 0,
                                                                                                                                "Actual Startup Time": 0.828,
                                                                                                                                "Actual Total Time": 0.828,
                                                                                                                                "Actual Rows": 24592,
                                                                                                                                "Actual Loops": 1,
                                                                                                                                "Index Cond": "(cc.status_id = cct1.id)"
                                                                                                                            }
                                                                                                                        ]
                                                                                                                    }
                                                                                                                ]
                                                                                                            },
                                                                                                            {
                                                                                                                "Node Type": "Bitmap Heap Scan",
                                                                                                                "Parent Relationship": "Inner",
                                                                                                                "Parallel Aware": false,
                                                                                                                "Relation Name": "title",
                                                                                                                "Schema": "public",
                                                                                                                "Alias": "t",
                                                                                                                "Startup Cost": 0.7,
                                                                                                                "Total Cost": 4.72,
                                                                                                                "Plan Rows": 1,
                                                                                                                "Plan Width": 25,
                                                                                                                "Actual Startup Time": 0.005,
                                                                                                                "Actual Total Time": 0.005,
                                                                                                                "Actual Rows": 0,
                                                                                                                "Actual Loops": 24592,
                                                                                                                "Output": [
                                                                                                                    "t.id",
                                                                                                                    "t.title",
                                                                                                                    "t.imdb_index",
                                                                                                                    "t.kind_id",
                                                                                                                    "t.production_year",
                                                                                                                    "t.imdb_id",
                                                                                                                    "t.phonetic_code",
                                                                                                                    "t.episode_of_id",
                                                                                                                    "t.season_nr",
                                                                                                                    "t.episode_nr",
                                                                                                                    "t.series_years",
                                                                                                                    "t.md5sum"
                                                                                                                ],
                                                                                                                "Recheck Cond": "(t.id = cc.movie_id)",
                                                                                                                "Rows Removed by Index Recheck": 0,
                                                                                                                "Filter": "(t.production_year > 1996)",
                                                                                                                "Rows Removed by Filter": 1,
                                                                                                                "Exact Heap Blocks": 24592,
                                                                                                                "Lossy Heap Blocks": 0,
                                                                                                                "Plans": [
                                                                                                                    {
                                                                                                                        "Node Type": "Bitmap Index Scan",
                                                                                                                        "Parent Relationship": "Outer",
                                                                                                                        "Parallel Aware": false,
                                                                                                                        "Index Name": "title_pkey",
                                                                                                                        "Startup Cost": 0.0,
                                                                                                                        "Total Cost": 0.7,
                                                                                                                        "Plan Rows": 1,
                                                                                                                        "Plan Width": 0,
                                                                                                                        "Actual Startup Time": 0.003,
                                                                                                                        "Actual Total Time": 0.003,
                                                                                                                        "Actual Rows": 1,
                                                                                                                        "Actual Loops": 24592,
                                                                                                                        "Index Cond": "(t.id = cc.movie_id)"
                                                                                                                    }
                                                                                                                ]
                                                                                                            }
                                                                                                        ]
                                                                                                    },
                                                                                                    {
                                                                                                        "Node Type": "Bitmap Heap Scan",
                                                                                                        "Parent Relationship": "Inner",
                                                                                                        "Parallel Aware": false,
                                                                                                        "Relation Name": "movie_companies",
                                                                                                        "Schema": "public",
                                                                                                        "Alias": "mc",
                                                                                                        "Startup Cost": 0.49,
                                                                                                        "Total Cost": 4.56,
                                                                                                        "Plan Rows": 5,
                                                                                                        "Plan Width": 12,
                                                                                                        "Actual Startup Time": 0.011,
                                                                                                        "Actual Total Time": 0.014,
                                                                                                        "Actual Rows": 14,
                                                                                                        "Actual Loops": 3266,
                                                                                                        "Output": [
                                                                                                            "mc.id",
                                                                                                            "mc.movie_id",
                                                                                                            "mc.company_id",
                                                                                                            "mc.company_type_id",
                                                                                                            "mc.note"
                                                                                                        ],
                                                                                                        "Recheck Cond": "(mc.movie_id = t.id)",
                                                                                                        "Rows Removed by Index Recheck": 0,
                                                                                                        "Exact Heap Blocks": 5908,
                                                                                                        "Lossy Heap Blocks": 0,
                                                                                                        "Plans": [
                                                                                                            {
                                                                                                                "Node Type": "Bitmap Index Scan",
                                                                                                                "Parent Relationship": "Outer",
                                                                                                                "Parallel Aware": false,
                                                                                                                "Index Name": "movie_id_movie_companies",
                                                                                                                "Startup Cost": 0.0,
                                                                                                                "Total Cost": 0.49,
                                                                                                                "Plan Rows": 5,
                                                                                                                "Plan Width": 0,
                                                                                                                "Actual Startup Time": 0.008,
                                                                                                                "Actual Total Time": 0.008,
                                                                                                                "Actual Rows": 14,
                                                                                                                "Actual Loops": 3266,
                                                                                                                "Index Cond": "(mc.movie_id = t.id)"
                                                                                                            }
                                                                                                        ]
                                                                                                    }
                                                                                                ]
                                                                                            }
                                                                                        ]
                                                                                    }
                                                                                ]
                                                                            },
                                                                            {
                                                                                "Node Type": "Hash",
                                                                                "Parent Relationship": "Inner",
                                                                                "Parallel Aware": false,
                                                                                "Startup Cost": 214668.03,
                                                                                "Total Cost": 214668.03,
                                                                                "Plan Rows": 322,
                                                                                "Plan Width": 8,
                                                                                "Actual Startup Time": 459.7,
                                                                                "Actual Total Time": 459.833,
                                                                                "Actual Rows": 1783,
                                                                                "Actual Loops": 1,
                                                                                "Output": [
                                                                                    "mi.movie_id",
                                                                                    "mi.info_type_id"
                                                                                ],
                                                                                "Hash Buckets": 2048,
                                                                                "Original Hash Buckets": 1024,
                                                                                "Hash Batches": 1,
                                                                                "Original Hash Batches": 1,
                                                                                "Peak Memory Usage": 86,
                                                                                "Plans": [
                                                                                    {
                                                                                        "Node Type": "Gather",
                                                                                        "Parent Relationship": "Outer",
                                                                                        "Parallel Aware": false,
                                                                                        "Startup Cost": 1000.0,
                                                                                        "Total Cost": 214668.03,
                                                                                        "Plan Rows": 322,
                                                                                        "Plan Width": 8,
                                                                                        "Actual Startup Time": 137.91,
                                                                                        "Actual Total Time": 459.504,
                                                                                        "Actual Rows": 1783,
                                                                                        "Actual Loops": 1,
                                                                                        "Output": [
                                                                                            "mi.movie_id",
                                                                                            "mi.info_type_id"
                                                                                        ],
                                                                                        "Workers Planned": 5,
                                                                                        "Workers Launched": 5,
                                                                                        "Single Copy": false,
                                                                                        "Plans": [
                                                                                            {
                                                                                                "Node Type": "Seq Scan",
                                                                                                "Parent Relationship": "Outer",
                                                                                                "Parallel Aware": true,
                                                                                                "Relation Name": "movie_info",
                                                                                                "Schema": "public",
                                                                                                "Alias": "mi",
                                                                                                "Startup Cost": 0.0,
                                                                                                "Total Cost": 213635.83,
                                                                                                "Plan Rows": 64,
                                                                                                "Plan Width": 8,
                                                                                                "Actual Startup Time": 127.813,
                                                                                                "Actual Total Time": 449.366,
                                                                                                "Actual Rows": 297,
                                                                                                "Actual Loops": 6,
                                                                                                "Output": [
                                                                                                    "mi.movie_id",
                                                                                                    "mi.info_type_id"
                                                                                                ],
                                                                                                "Filter": "((mi.info IS NOT NULL) AND (mi.note ~~ '%internet%'::text) AND ((mi.info ~~ 'USA:% 199%'::text) OR (mi.info ~~ 'USA:% 200%'::text)))",
                                                                                                "Rows Removed by Filter": 2472323,
                                                                                                "Workers": [
                                                                                                    {
                                                                                                        "Worker Number": 0,
                                                                                                        "Actual Startup Time": 125.551,
                                                                                                        "Actual Total Time": 447.422,
                                                                                                        "Actual Rows": 256,
                                                                                                        "Actual Loops": 1
                                                                                                    },
                                                                                                    {
                                                                                                        "Worker Number": 1,
                                                                                                        "Actual Startup Time": 126.023,
                                                                                                        "Actual Total Time": 447.391,
                                                                                                        "Actual Rows": 296,
                                                                                                        "Actual Loops": 1
                                                                                                    },
                                                                                                    {
                                                                                                        "Worker Number": 2,
                                                                                                        "Actual Startup Time": 125.693,
                                                                                                        "Actual Total Time": 447.69,
                                                                                                        "Actual Rows": 273,
                                                                                                        "Actual Loops": 1
                                                                                                    },
                                                                                                    {
                                                                                                        "Worker Number": 3,
                                                                                                        "Actual Startup Time": 125.992,
                                                                                                        "Actual Total Time": 447.691,
                                                                                                        "Actual Rows": 225,
                                                                                                        "Actual Loops": 1
                                                                                                    },
                                                                                                    {
                                                                                                        "Worker Number": 4,
                                                                                                        "Actual Startup Time": 126.166,
                                                                                                        "Actual Total Time": 447.67,
                                                                                                        "Actual Rows": 243,
                                                                                                        "Actual Loops": 1
                                                                                                    }
                                                                                                ]
                                                                                            }
                                                                                        ]
                                                                                    }
                                                                                ]
                                                                            }
                                                                        ]
                                                                    },
                                                                    {
                                                                        "Node Type": "Index Scan",
                                                                        "Parent Relationship": "Inner",
                                                                        "Parallel Aware": false,
                                                                        "Scan Direction": "Forward",
                                                                        "Index Name": "company_type_pkey",
                                                                        "Relation Name": "company_type",
                                                                        "Schema": "public",
                                                                        "Alias": "ct",
                                                                        "Startup Cost": 0.13,
                                                                        "Total Cost": 0.15,
                                                                        "Plan Rows": 1,
                                                                        "Plan Width": 4,
                                                                        "Actual Startup Time": 0.002,
                                                                        "Actual Total Time": 0.002,
                                                                        "Actual Rows": 1,
                                                                        "Actual Loops": 7,
                                                                        "Output": [
                                                                            "ct.id",
                                                                            "ct.kind"
                                                                        ],
                                                                        "Index Cond": "(ct.id = mc.company_type_id)",
                                                                        "Rows Removed by Index Recheck": 0
                                                                    }
                                                                ]
                                                            }
                                                        ]
                                                    }
                                                ]
                                            }
                                        ]
                                    }
                                ]
                            },
                            {
                                "Node Type": "Bitmap Heap Scan",
                                "Parent Relationship": "Inner",
                                "Parallel Aware": false,
                                "Relation Name": "movie_keyword",
                                "Schema": "public",
                                "Alias": "mk",
                                "Startup Cost": 0.82,
                                "Total Cost": 5.4,
                                "Plan Rows": 46,
                                "Plan Width": 8,
                                "Actual Startup Time": 0.016,
                                "Actual Total Time": 0.026,
                                "Actual Rows": 90,
                                "Actual Loops": 7,
                                "Output": [
                                    "mk.id",
                                    "mk.movie_id",
                                    "mk.keyword_id"
                                ],
                                "Recheck Cond": "(mk.movie_id = mc.movie_id)",
                                "Rows Removed by Index Recheck": 0,
                                "Exact Heap Blocks": 11,
                                "Lossy Heap Blocks": 0,
                                "Plans": [
                                    {
                                        "Node Type": "Bitmap Index Scan",
                                        "Parent Relationship": "Outer",
                                        "Parallel Aware": false,
                                        "Index Name": "movie_id_movie_keyword",
                                        "Startup Cost": 0.0,
                                        "Total Cost": 0.81,
                                        "Plan Rows": 46,
                                        "Plan Width": 0,
                                        "Actual Startup Time": 0.012,
                                        "Actual Total Time": 0.012,
                                        "Actual Rows": 90,
                                        "Actual Loops": 7,
                                        "Index Cond": "(mk.movie_id = mc.movie_id)"
                                    }
                                ]
                            }
                        ]
                    },
                    {
                        "Node Type": "Bitmap Heap Scan",
                        "Parent Relationship": "Inner",
                        "Parallel Aware": false,
                        "Relation Name": "keyword",
                        "Schema": "public",
                        "Alias": "k",
                        "Startup Cost": 0.43,
                        "Total Cost": 4.44,
                        "Plan Rows": 1,
                        "Plan Width": 4,
                        "Actual Startup Time": 0.003,
                        "Actual Total Time": 0.003,
                        "Actual Rows": 1,
                        "Actual Loops": 628,
                        "Output": [
                            "k.id",
                            "k.keyword",
                            "k.phonetic_code"
                        ],
                        "Recheck Cond": "(k.id = mk.keyword_id)",
                        "Rows Removed by Index Recheck": 0,
                        "Exact Heap Blocks": 628,
                        "Lossy Heap Blocks": 0,
                        "Plans": [
                            {
                                "Node Type": "Bitmap Index Scan",
                                "Parent Relationship": "Outer",
                                "Parallel Aware": false,
                                "Index Name": "keyword_pkey",
                                "Startup Cost": 0.0,
                                "Total Cost": 0.43,
                                "Plan Rows": 1,
                                "Plan Width": 0,
                                "Actual Startup Time": 0.002,
                                "Actual Total Time": 0.002,
                                "Actual Rows": 1,
                                "Actual Loops": 628,
                                "Index Cond": "(k.id = mk.keyword_id)"
                            }
                        ]
                    }
                ]
            }
        ]
    },
    "Planning Time": 30.917,
    "Triggers": [],
    "Execution Time": 737.263
}