{
  "Plan": {
    "Node Type": "Aggregate",
    "Strategy": "Plain",
    "Partial Mode": "Finalize",
    "Parallel Aware": false,
    "Startup Cost": 87373.63,
    "Total Cost": 87373.64,
    "Plan Rows": 1,
    "Plan Width": 8,
    "Actual Startup Time": 298.054,
    "Actual Total Time": 323.997,
    "Actual Rows": 1,
    "Actual Loops": 1,
    "Plans": [
      {
        "Node Type": "Gather",
        "Parent Relationship": "Outer",
        "Parallel Aware": false,
        "Startup Cost": 87373.52,
        "Total Cost": 87373.63,
        "Plan Rows": 1,
        "Plan Width": 8,
        "Actual Startup Time": 297.399,
        "Actual Total Time": 323.989,
        "Actual Rows": 2,
        "Actual Loops": 1,
        "Workers Planned": 1,
        "Workers Launched": 1,
        "Single Copy": false,
        "Plans": [
          {
            "Node Type": "Aggregate",
            "Strategy": "Plain",
            "Partial Mode": "Partial",
            "Parent Relationship": "Outer",
            "Parallel Aware": false,
            "Startup Cost": 86373.52,
            "Total Cost": 86373.53,
            "Plan Rows": 1,
            "Plan Width": 8,
            "Actual Startup Time": 290.687,
            "Actual Total Time": 290.693,
            "Actual Rows": 1,
            "Actual Loops": 2,
            "Plans": [
              {
                "Node Type": "Nested Loop",
                "Parent Relationship": "Outer",
                "Parallel Aware": false,
                "Join Type": "Inner",
                "Startup Cost": 46644.61,
                "Total Cost": 86370.01,
                "Plan Rows": 1404,
                "Plan Width": 0,
                "Actual Startup Time": 103.359,
                "Actual Total Time": 289.696,
                "Actual Rows": 12286,
                "Actual Loops": 2,
                "Inner Unique": false,
                "Join Filter": "(t.id = mi.movie_id)",
                "Rows Removed by Join Filter": 0,
                "Plans": [
                  {
                    "Node Type": "Hash Join",
                    "Parent Relationship": "Outer",
                    "Parallel Aware": true,
                    "Join Type": "Inner",
                    "Startup Cost": 46644.18,
                    "Total Cost": 68862.25,
                    "Plan Rows": 2815,
                    "Plan Width": 8,
                    "Actual Startup Time": 103.266,
                    "Actual Total Time": 171.475,
                    "Actual Rows": 12080,
                    "Actual Loops": 2,
                    "Inner Unique": true,
                    "Hash Cond": "(mc.movie_id = t.id)",
                    "Plans": [
                      {
                        "Node Type": "Bitmap Heap Scan",
                        "Parent Relationship": "Outer",
                        "Parallel Aware": true,
                        "Relation Name": "movie_companies",
                        "Alias": "mc",
                        "Startup Cost": 7707.2,
                        "Total Cost": 29653.38,
                        "Plan Rows": 103579,
                        "Plan Width": 4,
                        "Actual Startup Time": 21.54,
                        "Actual Total Time": 67.431,
                        "Actual Rows": 136886,
                        "Actual Loops": 2,
                        "Recheck Cond": "(company_id < 169)",
                        "Rows Removed by Index Recheck": 0,
                        "Filter": "(company_type_id < 2)",
                        "Rows Removed by Filter": 38861,
                        "Exact Heap Blocks": 11139,
                        "Lossy Heap Blocks": 0,
                        "Plans": [
                          {
                            "Node Type": "Bitmap Index Scan",
                            "Parent Relationship": "Outer",
                            "Parallel Aware": false,
                            "Index Name": "company_id_movie_companies",
                            "Startup Cost": 0.0,
                            "Total Cost": 7663.18,
                            "Plan Rows": 357700,
                            "Plan Width": 0,
                            "Actual Startup Time": 18.902,
                            "Actual Total Time": 18.904,
                            "Actual Rows": 351495,
                            "Actual Loops": 1,
                            "Index Cond": "(company_id < 169)"
                          }
                        ]
                      },
                      {
                        "Node Type": "Hash",
                        "Parent Relationship": "Inner",
                        "Parallel Aware": true,
                        "Startup Cost": 38431.84,
                        "Total Cost": 38431.84,
                        "Plan Rows": 40411,
                        "Plan Width": 4,
                        "Actual Startup Time": 79.76,
                        "Actual Total Time": 79.761,
                        "Actual Rows": 36989,
                        "Actual Loops": 2,
                        "Hash Buckets": 131072,
                        "Original Hash Buckets": 131072,
                        "Hash Batches": 1,
                        "Original Hash Batches": 1,
                        "Peak Memory Usage": 3936,
                        "Plans": [
                          {
                            "Node Type": "Bitmap Heap Scan",
                            "Parent Relationship": "Outer",
                            "Parallel Aware": true,
                            "Relation Name": "title",
                            "Alias": "t",
                            "Startup Cost": 1633.71,
                            "Total Cost": 38431.84,
                            "Plan Rows": 40411,
                            "Plan Width": 4,
                            "Actual Startup Time": 20.922,
                            "Actual Total Time": 70.721,
                            "Actual Rows": 36989,
                            "Actual Loops": 2,
                            "Recheck Cond": "(kind_id = 2)",
                            "Rows Removed by Index Recheck": 0,
                            "Filter": "(production_year > 1982)",
                            "Rows Removed by Filter": 8437,
                            "Exact Heap Blocks": 19094,
                            "Lossy Heap Blocks": 0,
                            "Plans": [
                              {
                                "Node Type": "Bitmap Index Scan",
                                "Parent Relationship": "Outer",
                                "Parallel Aware": false,
                                "Index Name": "kind_id_title",
                                "Startup Cost": 0.0,
                                "Total Cost": 1616.54,
                                "Plan Rows": 90681,
                                "Plan Width": 0,
                                "Actual Startup Time": 17.712,
                                "Actual Total Time": 17.712,
                                "Actual Rows": 90852,
                                "Actual Loops": 1,
                                "Index Cond": "(kind_id = 2)"
                              }
                            ]
                          }
                        ]
                      }
                    ]
                  },
                  {
                    "Node Type": "Index Scan",
                    "Parent Relationship": "Inner",
                    "Parallel Aware": false,
                    "Scan Direction": "Forward",
                    "Index Name": "movie_id_movie_info",
                    "Relation Name": "movie_info",
                    "Alias": "mi",
                    "Startup Cost": 0.43,
                    "Total Cost": 6.17,
                    "Plan Rows": 4,
                    "Plan Width": 4,
                    "Actual Startup Time": 0.008,
                    "Actual Total Time": 0.009,
                    "Actual Rows": 1,
                    "Actual Loops": 24161,
                    "Index Cond": "(movie_id = mc.movie_id)",
                    "Rows Removed by Index Recheck": 0,
                    "Filter": "(info_type_id = 2)",
                    "Rows Removed by Filter": 20
                  }
                ]
              }
            ]
          }
        ]
      }
    ]
  },
  "Planning Time": 1.127,
  "Triggers": [],
  "Execution Time": 324.16
}