{
  "Plan": {
    "Node Type": "Aggregate",
    "Strategy": "Plain",
    "Partial Mode": "Finalize",
    "Parallel Aware": false,
    "Startup Cost": 174317.43,
    "Total Cost": 174317.44,
    "Plan Rows": 1,
    "Plan Width": 8,
    "Actual Startup Time": 1570.445,
    "Actual Total Time": 1597.65,
    "Actual Rows": 1,
    "Actual Loops": 1,
    "Plans": [
      {
        "Node Type": "Gather",
        "Parent Relationship": "Outer",
        "Parallel Aware": false,
        "Startup Cost": 174317.32,
        "Total Cost": 174317.43,
        "Plan Rows": 1,
        "Plan Width": 8,
        "Actual Startup Time": 1563.086,
        "Actual Total Time": 1597.64,
        "Actual Rows": 2,
        "Actual Loops": 1,
        "Workers Planned": 1,
        "Workers Launched": 1,
        "Single Copy": false,
        "Plans": [
          {
            "Node Type": "Aggregate",
            "Strategy": "Plain",
            "Partial Mode": "Partial",
            "Parent Relationship": "Outer",
            "Parallel Aware": false,
            "Startup Cost": 173317.32,
            "Total Cost": 173317.33,
            "Plan Rows": 1,
            "Plan Width": 8,
            "Actual Startup Time": 1557.002,
            "Actual Total Time": 1557.285,
            "Actual Rows": 1,
            "Actual Loops": 2,
            "Plans": [
              {
                "Node Type": "Hash Join",
                "Parent Relationship": "Outer",
                "Parallel Aware": true,
                "Join Type": "Inner",
                "Startup Cost": 128699.4,
                "Total Cost": 171908.21,
                "Plan Rows": 563646,
                "Plan Width": 0,
                "Actual Startup Time": 883.628,
                "Actual Total Time": 1409.965,
                "Actual Rows": 3688316,
                "Actual Loops": 2,
                "Inner Unique": false,
                "Hash Cond": "(mc.movie_id = t.id)",
                "Plans": [
                  {
                    "Node Type": "Seq Scan",
                    "Parent Relationship": "Outer",
                    "Parallel Aware": true,
                    "Relation Name": "movie_companies",
                    "Alias": "mc",
                    "Startup Cost": 0.0,
                    "Total Cost": 34137.82,
                    "Plan Rows": 1534782,
                    "Plan Width": 4,
                    "Actual Startup Time": 0.016,
                    "Actual Total Time": 97.196,
                    "Actual Rows": 1304564,
                    "Actual Loops": 2
                  },
                  {
                    "Node Type": "Hash",
                    "Parent Relationship": "Inner",
                    "Parallel Aware": true,
                    "Startup Cost": 121872.11,
                    "Total Cost": 121872.11,
                    "Plan Rows": 546183,
                    "Plan Width": 8,
                    "Actual Startup Time": 868.442,
                    "Actual Total Time": 868.723,
                    "Actual Rows": 463168,
                    "Actual Loops": 2,
                    "Hash Buckets": 1048576,
                    "Original Hash Buckets": 1048576,
                    "Hash Batches": 1,
                    "Original Hash Batches": 1,
                    "Peak Memory Usage": 44480,
                    "Plans": [
                      {
                        "Node Type": "Hash Join",
                        "Parent Relationship": "Outer",
                        "Parallel Aware": true,
                        "Join Type": "Inner",
                        "Startup Cost": 89157.09,
                        "Total Cost": 121872.11,
                        "Plan Rows": 546183,
                        "Plan Width": 8,
                        "Actual Startup Time": 574.73,
                        "Actual Total Time": 775.337,
                        "Actual Rows": 463168,
                        "Actual Loops": 2,
                        "Inner Unique": true,
                        "Hash Cond": "(mk.movie_id = t.id)",
                        "Plans": [
                          {
                            "Node Type": "Bitmap Heap Scan",
                            "Parent Relationship": "Outer",
                            "Parallel Aware": true,
                            "Relation Name": "movie_keyword",
                            "Alias": "mk",
                            "Startup Cost": 19696.39,
                            "Total Cost": 50977.68,
                            "Plan Rows": 546183,
                            "Plan Width": 4,
                            "Actual Startup Time": 52.3,
                            "Actual Total Time": 139.515,
                            "Actual Rows": 463168,
                            "Actual Loops": 2,
                            "Recheck Cond": "(keyword_id > 20322)",
                            "Rows Removed by Index Recheck": 0,
                            "Exact Heap Blocks": 12835,
                            "Lossy Heap Blocks": 0,
                            "Plans": [
                              {
                                "Node Type": "Bitmap Index Scan",
                                "Parent Relationship": "Outer",
                                "Parallel Aware": false,
                                "Index Name": "keyword_id_movie_keyword",
                                "Startup Cost": 0.0,
                                "Total Cost": 19464.26,
                                "Plan Rows": 928511,
                                "Plan Width": 0,
                                "Actual Startup Time": 48.758,
                                "Actual Total Time": 48.758,
                                "Actual Rows": 926337,
                                "Actual Loops": 1,
                                "Index Cond": "(keyword_id > 20322)"
                              }
                            ]
                          },
                          {
                            "Node Type": "Hash",
                            "Parent Relationship": "Inner",
                            "Parallel Aware": true,
                            "Startup Cost": 50870.31,
                            "Total Cost": 50870.31,
                            "Plan Rows": 1487231,
                            "Plan Width": 4,
                            "Actual Startup Time": 506.381,
                            "Actual Total Time": 506.382,
                            "Actual Rows": 1264156,
                            "Actual Loops": 2,
                            "Hash Buckets": 4194304,
                            "Original Hash Buckets": 4194304,
                            "Hash Batches": 1,
                            "Original Hash Batches": 1,
                            "Peak Memory Usage": 131712,
                            "Plans": [
                              {
                                "Node Type": "Seq Scan",
                                "Parent Relationship": "Outer",
                                "Parallel Aware": true,
                                "Relation Name": "title",
                                "Alias": "t",
                                "Startup Cost": 0.0,
                                "Total Cost": 50870.31,
                                "Plan Rows": 1487231,
                                "Plan Width": 4,
                                "Actual Startup Time": 0.033,
                                "Actual Total Time": 153.579,
                                "Actual Rows": 1264156,
                                "Actual Loops": 2
                              }
                            ]
                          }
                        ]
                      }
                    ]
                  }
                ]
              }
            ]
          }
        ]
      }
    ]
  },
  "Planning Time": 1.006,
  "Triggers": [],
  "Execution Time": 1597.782
}