[
  {
    "Plan": {
      "Node Type": "Aggregate",
      "Strategy": "Plain",
      "Partial Mode": "Finalize",
      "Parallel Aware": false,
      "Startup Cost": 30970.09,
      "Total Cost": 30970.1,
      "Plan Rows": 1,
      "Plan Width": 8,
      "Actual Startup Time": 94.586,
      "Actual Total Time": 102.065,
      "Actual Rows": 1,
      "Actual Loops": 1,
      "Plans": [
        {
          "Node Type": "Gather",
          "Parent Relationship": "Outer",
          "Parallel Aware": false,
          "Startup Cost": 30969.77,
          "Total Cost": 30970.08,
          "Plan Rows": 3,
          "Plan Width": 8,
          "Actual Startup Time": 94.451,
          "Actual Total Time": 102.056,
          "Actual Rows": 4,
          "Actual Loops": 1,
          "Workers Planned": 3,
          "Workers Launched": 3,
          "Single Copy": false,
          "Plans": [
            {
              "Node Type": "Aggregate",
              "Strategy": "Plain",
              "Partial Mode": "Partial",
              "Parent Relationship": "Outer",
              "Parallel Aware": false,
              "Startup Cost": 29969.77,
              "Total Cost": 29969.78,
              "Plan Rows": 1,
              "Plan Width": 8,
              "Actual Startup Time": 87.294,
              "Actual Total Time": 87.295,
              "Actual Rows": 1,
              "Actual Loops": 4,
              "Plans": [
                {
                  "Node Type": "Seq Scan",
                  "Parent Relationship": "Outer",
                  "Parallel Aware": true,
                  "Relation Name": "movie_companies",
                  "Alias": "mc",
                  "Startup Cost": 0.0,
                  "Total Cost": 29310.68,
                  "Plan Rows": 263636,
                  "Plan Width": 0,
                  "Actual Startup Time": 22.533,
                  "Actual Total Time": 77.929,
                  "Actual Rows": 201627,
                  "Actual Loops": 4,
                  "Filter": "(company_id > 29678)",
                  "Rows Removed by Filter": 450655
                }
              ]
            }
          ]
        }
      ]
    },
    "Planning Time": 0.195,
    "Triggers": [],
    "Execution Time": 102.127
  }
]