[
  {
    "Plan": {
      "Node Type": "Aggregate",
      "Strategy": "Plain",
      "Partial Mode": "Finalize",
      "Parallel Aware": false,
      "Startup Cost": 46484.49,
      "Total Cost": 46484.5,
      "Plan Rows": 1,
      "Plan Width": 8,
      "Actual Startup Time": 90.461,
      "Actual Total Time": 102.753,
      "Actual Rows": 1,
      "Actual Loops": 1,
      "Plans": [
        {
          "Node Type": "Gather",
          "Parent Relationship": "Outer",
          "Parallel Aware": false,
          "Startup Cost": 46484.07,
          "Total Cost": 46484.48,
          "Plan Rows": 4,
          "Plan Width": 8,
          "Actual Startup Time": 90.302,
          "Actual Total Time": 102.743,
          "Actual Rows": 5,
          "Actual Loops": 1,
          "Workers Planned": 4,
          "Workers Launched": 4,
          "Single Copy": false,
          "Plans": [
            {
              "Node Type": "Aggregate",
              "Strategy": "Plain",
              "Partial Mode": "Partial",
              "Parent Relationship": "Outer",
              "Parallel Aware": false,
              "Startup Cost": 45484.07,
              "Total Cost": 45484.08,
              "Plan Rows": 1,
              "Plan Width": 8,
              "Actual Startup Time": 83.09,
              "Actual Total Time": 83.091,
              "Actual Rows": 1,
              "Actual Loops": 5,
              "Plans": [
                {
                  "Node Type": "Seq Scan",
                  "Parent Relationship": "Outer",
                  "Parallel Aware": true,
                  "Relation Name": "title",
                  "Alias": "t",
                  "Startup Cost": 0.0,
                  "Total Cost": 45479.1,
                  "Plan Rows": 1989,
                  "Plan Width": 0,
                  "Actual Startup Time": 0.182,
                  "Actual Total Time": 82.855,
                  "Actual Rows": 1603,
                  "Actual Loops": 5,
                  "Filter": "((kind_id > 4) AND (production_year = 1975))",
                  "Rows Removed by Filter": 504059
                }
              ]
            }
          ]
        }
      ]
    },
    "Planning Time": 0.198,
    "Triggers": [],
    "Execution Time": 102.814
  }
]