[
    {
        "Bao": {
            "Bao prediction": "NaN",
            "Bao recommended hint": "(no hint)"
        }
    },
    {
        "Plan": {
            "Node Type": "Aggregate",
            "Strategy": "Plain",
            "Partial Mode": "Finalize",
            "Parallel Aware": false,
            "Startup Cost": 62107.42,
            "Total Cost": 62107.43,
            "Plan Rows": 1,
            "Plan Width": 8,
            "Actual Startup Time": 52.784,
            "Actual Total Time": 59.27,
            "Actual Rows": 1,
            "Actual Loops": 1,
            "Output": [
                "count(*)"
            ],
            "Plans": [
                {
                    "Node Type": "Gather",
                    "Parent Relationship": "Outer",
                    "Parallel Aware": false,
                    "Startup Cost": 62107.0,
                    "Total Cost": 62107.41,
                    "Plan Rows": 4,
                    "Plan Width": 8,
                    "Actual Startup Time": 52.508,
                    "Actual Total Time": 59.262,
                    "Actual Rows": 5,
                    "Actual Loops": 1,
                    "Output": [
                        "(PARTIAL count(*))"
                    ],
                    "Workers Planned": 4,
                    "Workers Launched": 4,
                    "Single Copy": false,
                    "Plans": [
                        {
                            "Node Type": "Aggregate",
                            "Strategy": "Plain",
                            "Partial Mode": "Partial",
                            "Parent Relationship": "Outer",
                            "Parallel Aware": false,
                            "Startup Cost": 61107.0,
                            "Total Cost": 61107.01,
                            "Plan Rows": 1,
                            "Plan Width": 8,
                            "Actual Startup Time": 42.743,
                            "Actual Total Time": 42.745,
                            "Actual Rows": 1,
                            "Actual Loops": 5,
                            "Output": [
                                "PARTIAL count(*)"
                            ],
                            "Workers": [
                                {
                                    "Worker Number": 0,
                                    "Actual Startup Time": 39.962,
                                    "Actual Total Time": 39.963,
                                    "Actual Rows": 1,
                                    "Actual Loops": 1
                                },
                                {
                                    "Worker Number": 1,
                                    "Actual Startup Time": 40.332,
                                    "Actual Total Time": 40.334,
                                    "Actual Rows": 1,
                                    "Actual Loops": 1
                                },
                                {
                                    "Worker Number": 2,
                                    "Actual Startup Time": 40.351,
                                    "Actual Total Time": 40.353,
                                    "Actual Rows": 1,
                                    "Actual Loops": 1
                                },
                                {
                                    "Worker Number": 3,
                                    "Actual Startup Time": 40.922,
                                    "Actual Total Time": 40.924,
                                    "Actual Rows": 1,
                                    "Actual Loops": 1
                                }
                            ],
                            "Plans": [
                                {
                                    "Node Type": "Nested Loop",
                                    "Parent Relationship": "Outer",
                                    "Parallel Aware": false,
                                    "Join Type": "Inner",
                                    "Startup Cost": 1801.12,
                                    "Total Cost": 61104.59,
                                    "Plan Rows": 963,
                                    "Plan Width": 0,
                                    "Actual Startup Time": 3.514,
                                    "Actual Total Time": 42.555,
                                    "Actual Rows": 1516,
                                    "Actual Loops": 5,
                                    "Inner Unique": false,
                                    "Workers": [
                                        {
                                            "Worker Number": 0,
                                            "Actual Startup Time": 1.208,
                                            "Actual Total Time": 39.813,
                                            "Actual Rows": 602,
                                            "Actual Loops": 1
                                        },
                                        {
                                            "Worker Number": 1,
                                            "Actual Startup Time": 3.765,
                                            "Actual Total Time": 40.166,
                                            "Actual Rows": 717,
                                            "Actual Loops": 1
                                        },
                                        {
                                            "Worker Number": 2,
                                            "Actual Startup Time": 2.487,
                                            "Actual Total Time": 40.166,
                                            "Actual Rows": 755,
                                            "Actual Loops": 1
                                        },
                                        {
                                            "Worker Number": 3,
                                            "Actual Startup Time": 1.416,
                                            "Actual Total Time": 40.753,
                                            "Actual Rows": 697,
                                            "Actual Loops": 1
                                        }
                                    ],
                                    "Plans": [
                                        {
                                            "Node Type": "Bitmap Heap Scan",
                                            "Parent Relationship": "Outer",
                                            "Parallel Aware": true,
                                            "Relation Name": "title",
                                            "Schema": "public",
                                            "Alias": "t",
                                            "Startup Cost": 1800.55,
                                            "Total Cost": 38176.54,
                                            "Plan Rows": 152,
                                            "Plan Width": 4,
                                            "Actual Startup Time": 2.323,
                                            "Actual Total Time": 18.543,
                                            "Actual Rows": 255,
                                            "Actual Loops": 5,
                                            "Output": [
                                                "t.id",
                                                "t.title",
                                                "t.imdb_index",
                                                "t.kind_id",
                                                "t.production_year",
                                                "t.imdb_id",
                                                "t.phonetic_code",
                                                "t.episode_of_id",
                                                "t.season_nr",
                                                "t.episode_nr",
                                                "t.series_years",
                                                "t.md5sum"
                                            ],
                                            "Recheck Cond": "(t.kind_id = 3)",
                                            "Rows Removed by Index Recheck": 0,
                                            "Filter": "(t.production_year = 1984)",
                                            "Rows Removed by Filter": 19852,
                                            "Exact Heap Blocks": 8222,
                                            "Lossy Heap Blocks": 0,
                                            "Workers": [
                                                {
                                                    "Worker Number": 0,
                                                    "Actual Startup Time": 0.727,
                                                    "Actual Total Time": 16.566,
                                                    "Actual Rows": 111,
                                                    "Actual Loops": 1
                                                },
                                                {
                                                    "Worker Number": 1,
                                                    "Actual Startup Time": 0.303,
                                                    "Actual Total Time": 13.769,
                                                    "Actual Rows": 121,
                                                    "Actual Loops": 1
                                                },
                                                {
                                                    "Worker Number": 2,
                                                    "Actual Startup Time": 1.602,
                                                    "Actual Total Time": 14.35,
                                                    "Actual Rows": 106,
                                                    "Actual Loops": 1
                                                },
                                                {
                                                    "Worker Number": 3,
                                                    "Actual Startup Time": 0.339,
                                                    "Actual Total Time": 16.772,
                                                    "Actual Rows": 123,
                                                    "Actual Loops": 1
                                                }
                                            ],
                                            "Plans": [
                                                {
                                                    "Node Type": "Bitmap Index Scan",
                                                    "Parent Relationship": "Outer",
                                                    "Parallel Aware": false,
                                                    "Index Name": "kind_id_title",
                                                    "Startup Cost": 0.0,
                                                    "Total Cost": 1800.4,
                                                    "Plan Rows": 100796,
                                                    "Plan Width": 0,
                                                    "Actual Startup Time": 6.31,
                                                    "Actual Total Time": 6.31,
                                                    "Actual Rows": 100537,
                                                    "Actual Loops": 1,
                                                    "Index Cond": "(t.kind_id = 3)"
                                                }
                                            ]
                                        },
                                        {
                                            "Node Type": "Index Scan",
                                            "Parent Relationship": "Inner",
                                            "Parallel Aware": false,
                                            "Scan Direction": "Forward",
                                            "Index Name": "movie_id_cast_info",
                                            "Relation Name": "cast_info",
                                            "Schema": "public",
                                            "Alias": "ci",
                                            "Startup Cost": 0.56,
                                            "Total Cost": 150.67,
                                            "Plan Rows": 17,
                                            "Plan Width": 4,
                                            "Actual Startup Time": 0.068,
                                            "Actual Total Time": 0.093,
                                            "Actual Rows": 6,
                                            "Actual Loops": 1276,
                                            "Output": [
                                                "ci.id",
                                                "ci.person_id",
                                                "ci.movie_id",
                                                "ci.person_role_id",
                                                "ci.note",
                                                "ci.nr_order",
                                                "ci.role_id"
                                            ],
                                            "Index Cond": "(ci.movie_id = t.id)",
                                            "Rows Removed by Index Recheck": 0,
                                            "Filter": "(ci.role_id > 2)",
                                            "Rows Removed by Filter": 12,
                                            "Workers": [
                                                {
                                                    "Worker Number": 0,
                                                    "Actual Startup Time": 0.153,
                                                    "Actual Total Time": 0.207,
                                                    "Actual Rows": 5,
                                                    "Actual Loops": 111
                                                },
                                                {
                                                    "Worker Number": 1,
                                                    "Actual Startup Time": 0.164,
                                                    "Actual Total Time": 0.216,
                                                    "Actual Rows": 6,
                                                    "Actual Loops": 121
                                                },
                                                {
                                                    "Worker Number": 2,
                                                    "Actual Startup Time": 0.162,
                                                    "Actual Total Time": 0.24,
                                                    "Actual Rows": 7,
                                                    "Actual Loops": 106
                                                },
                                                {
                                                    "Worker Number": 3,
                                                    "Actual Startup Time": 0.145,
                                                    "Actual Total Time": 0.192,
                                                    "Actual Rows": 6,
                                                    "Actual Loops": 123
                                                }
                                            ]
                                        }
                                    ]
                                }
                            ]
                        }
                    ]
                }
            ]
        },
        "Planning Time": 186.915,
        "Triggers": [],
        "Execution Time": 59.352
    }
]