{
    "Plan": {
        "Node Type": "Aggregate",
        "Strategy": "Plain",
        "Partial Mode": "Finalize",
        "Parallel Aware": false,
        "Startup Cost": 45310.78,
        "Total Cost": 45310.79,
        "Plan Rows": 1,
        "Plan Width": 8,
        "Actual Startup Time": 183.864,
        "Actual Total Time": 196.289,
        "Actual Rows": 1,
        "Actual Loops": 1,
        "Output": [
            "count(*)"
        ],
        "Plans": [
            {
                "Node Type": "Gather",
                "Parent Relationship": "Outer",
                "Parallel Aware": false,
                "Startup Cost": 45310.46,
                "Total Cost": 45310.77,
                "Plan Rows": 3,
                "Plan Width": 8,
                "Actual Startup Time": 183.76,
                "Actual Total Time": 196.28,
                "Actual Rows": 4,
                "Actual Loops": 1,
                "Output": [
                    "(PARTIAL count(*))"
                ],
                "Workers Planned": 3,
                "Workers Launched": 3,
                "Single Copy": false,
                "Plans": [
                    {
                        "Node Type": "Aggregate",
                        "Strategy": "Plain",
                        "Partial Mode": "Partial",
                        "Parent Relationship": "Outer",
                        "Parallel Aware": false,
                        "Startup Cost": 44310.46,
                        "Total Cost": 44310.47,
                        "Plan Rows": 1,
                        "Plan Width": 8,
                        "Actual Startup Time": 178.643,
                        "Actual Total Time": 178.644,
                        "Actual Rows": 1,
                        "Actual Loops": 4,
                        "Output": [
                            "PARTIAL count(*)"
                        ],
                        "Workers": [
                            {
                                "Worker Number": 0,
                                "Actual Startup Time": 174.415,
                                "Actual Total Time": 174.417,
                                "Actual Rows": 1,
                                "Actual Loops": 1
                            },
                            {
                                "Worker Number": 1,
                                "Actual Startup Time": 177.032,
                                "Actual Total Time": 177.033,
                                "Actual Rows": 1,
                                "Actual Loops": 1
                            },
                            {
                                "Worker Number": 2,
                                "Actual Startup Time": 180.004,
                                "Actual Total Time": 180.005,
                                "Actual Rows": 1,
                                "Actual Loops": 1
                            }
                        ],
                        "Plans": [
                            {
                                "Node Type": "Seq Scan",
                                "Parent Relationship": "Outer",
                                "Parallel Aware": true,
                                "Relation Name": "movie_keyword",
                                "Schema": "public",
                                "Alias": "mk",
                                "Startup Cost": 0.0,
                                "Total Cost": 42695.65,
                                "Plan Rows": 645924,
                                "Plan Width": 0,
                                "Actual Startup Time": 0.041,
                                "Actual Total Time": 149.779,
                                "Actual Rows": 500346,
                                "Actual Loops": 4,
                                "Output": [
                                    "id",
                                    "movie_id",
                                    "keyword_id"
                                ],
                                "Filter": "(mk.keyword_id < 3545)",
                                "Rows Removed by Filter": 630637,
                                "Workers": [
                                    {
                                        "Worker Number": 0,
                                        "Actual Startup Time": 0.073,
                                        "Actual Total Time": 147.084,
                                        "Actual Rows": 403229,
                                        "Actual Loops": 1
                                    },
                                    {
                                        "Worker Number": 1,
                                        "Actual Startup Time": 0.037,
                                        "Actual Total Time": 148.506,
                                        "Actual Rows": 426346,
                                        "Actual Loops": 1
                                    },
                                    {
                                        "Worker Number": 2,
                                        "Actual Startup Time": 0.025,
                                        "Actual Total Time": 151.355,
                                        "Actual Rows": 712913,
                                        "Actual Loops": 1
                                    }
                                ]
                            }
                        ]
                    }
                ]
            }
        ]
    },
    "Planning Time": 1.107,
    "Triggers": [],
    "Execution Time": 196.461
}