[
  {
    "Plan": {
      "Node Type": "Aggregate",
      "Strategy": "Plain",
      "Partial Mode": "Finalize",
      "Parallel Aware": false,
      "Startup Cost": 47236.51,
      "Total Cost": 47236.52,
      "Plan Rows": 1,
      "Plan Width": 8,
      "Actual Startup Time": 111.462,
      "Actual Total Time": 121.908,
      "Actual Rows": 1,
      "Actual Loops": 1,
      "Plans": [
        {
          "Node Type": "Gather",
          "Parent Relationship": "Outer",
          "Parallel Aware": false,
          "Startup Cost": 47236.09,
          "Total Cost": 47236.5,
          "Plan Rows": 4,
          "Plan Width": 8,
          "Actual Startup Time": 111.268,
          "Actual Total Time": 121.895,
          "Actual Rows": 5,
          "Actual Loops": 1,
          "Workers Planned": 4,
          "Workers Launched": 4,
          "Single Copy": false,
          "Plans": [
            {
              "Node Type": "Aggregate",
              "Strategy": "Plain",
              "Partial Mode": "Partial",
              "Parent Relationship": "Outer",
              "Parallel Aware": false,
              "Startup Cost": 46236.09,
              "Total Cost": 46236.1,
              "Plan Rows": 1,
              "Plan Width": 8,
              "Actual Startup Time": 104.437,
              "Actual Total Time": 104.438,
              "Actual Rows": 1,
              "Actual Loops": 5,
              "Plans": [
                {
                  "Node Type": "Seq Scan",
                  "Parent Relationship": "Outer",
                  "Parallel Aware": true,
                  "Relation Name": "title",
                  "Alias": "t",
                  "Startup Cost": 0.0,
                  "Total Cost": 45479.59,
                  "Plan Rows": 302603,
                  "Plan Width": 0,
                  "Actual Startup Time": 0.043,
                  "Actual Total Time": 90.26,
                  "Actual Rows": 265069,
                  "Actual Loops": 5,
                  "Filter": "((kind_id > 3) AND (production_year > 1987))",
                  "Rows Removed by Filter": 240594
                }
              ]
            }
          ]
        }
      ]
    },
    "Planning Time": 0.116,
    "Triggers": [],
    "Execution Time": 121.945
  }
]