[
  {
    "Plan": {
      "Node Type": "Aggregate",
      "Strategy": "Plain",
      "Partial Mode": "Finalize",
      "Parallel Aware": false,
      "Startup Cost": 71999.71,
      "Total Cost": 71999.72,
      "Plan Rows": 1,
      "Plan Width": 8,
      "Actual Startup Time": 118.329,
      "Actual Total Time": 133.037,
      "Actual Rows": 1,
      "Actual Loops": 1,
      "Plans": [
        {
          "Node Type": "Gather",
          "Parent Relationship": "Outer",
          "Parallel Aware": false,
          "Startup Cost": 71999.29,
          "Total Cost": 71999.7,
          "Plan Rows": 4,
          "Plan Width": 8,
          "Actual Startup Time": 118.208,
          "Actual Total Time": 133.029,
          "Actual Rows": 5,
          "Actual Loops": 1,
          "Workers Planned": 4,
          "Workers Launched": 4,
          "Single Copy": false,
          "Plans": [
            {
              "Node Type": "Aggregate",
              "Strategy": "Plain",
              "Partial Mode": "Partial",
              "Parent Relationship": "Outer",
              "Parallel Aware": false,
              "Startup Cost": 70999.29,
              "Total Cost": 70999.3,
              "Plan Rows": 1,
              "Plan Width": 8,
              "Actual Startup Time": 108.15,
              "Actual Total Time": 108.152,
              "Actual Rows": 1,
              "Actual Loops": 5,
              "Plans": [
                {
                  "Node Type": "Nested Loop",
                  "Parent Relationship": "Outer",
                  "Parallel Aware": false,
                  "Join Type": "Inner",
                  "Startup Cost": 0.43,
                  "Total Cost": 70998.31,
                  "Plan Rows": 393,
                  "Plan Width": 0,
                  "Actual Startup Time": 2.567,
                  "Actual Total Time": 108.094,
                  "Actual Rows": 280,
                  "Actual Loops": 5,
                  "Inner Unique": false,
                  "Plans": [
                    {
                      "Node Type": "Seq Scan",
                      "Parent Relationship": "Outer",
                      "Parallel Aware": true,
                      "Relation Name": "title",
                      "Alias": "t",
                      "Startup Cost": 0.0,
                      "Total Cost": 45479.1,
                      "Plan Rows": 2933,
                      "Plan Width": 4,
                      "Actual Startup Time": 0.139,
                      "Actual Total Time": 93.419,
                      "Actual Rows": 2123,
                      "Actual Loops": 5,
                      "Filter": "((kind_id = 7) AND (production_year = 1985))",
                      "Rows Removed by Filter": 503540
                    },
                    {
                      "Node Type": "Index Scan",
                      "Parent Relationship": "Inner",
                      "Parallel Aware": false,
                      "Scan Direction": "Forward",
                      "Index Name": "movie_id_movie_companies",
                      "Relation Name": "movie_companies",
                      "Alias": "mc",
                      "Startup Cost": 0.43,
                      "Total Cost": 8.69,
                      "Plan Rows": 1,
                      "Plan Width": 4,
                      "Actual Startup Time": 0.006,
                      "Actual Total Time": 0.006,
                      "Actual Rows": 0,
                      "Actual Loops": 10614,
                      "Index Cond": "(movie_id = t.id)",
                      "Rows Removed by Index Recheck": 0,
                      "Filter": "((company_id > 48771) AND (company_type_id = 2))",
                      "Rows Removed by Filter": 1
                    }
                  ]
                }
              ]
            }
          ]
        }
      ]
    },
    "Planning Time": 0.682,
    "Triggers": [],
    "Execution Time": 133.113
  }
]