{
  "Plan": {
    "Node Type": "Aggregate",
    "Strategy": "Plain",
    "Partial Mode": "Finalize",
    "Parallel Aware": false,
    "Startup Cost": 119816.77,
    "Total Cost": 119816.78,
    "Plan Rows": 1,
    "Plan Width": 8,
    "Actual Startup Time": 810.673,
    "Actual Total Time": 831.119,
    "Actual Rows": 1,
    "Actual Loops": 1,
    "Plans": [
      {
        "Node Type": "Gather",
        "Parent Relationship": "Outer",
        "Parallel Aware": false,
        "Startup Cost": 119816.66,
        "Total Cost": 119816.77,
        "Plan Rows": 1,
        "Plan Width": 8,
        "Actual Startup Time": 805.855,
        "Actual Total Time": 831.112,
        "Actual Rows": 2,
        "Actual Loops": 1,
        "Workers Planned": 1,
        "Workers Launched": 1,
        "Single Copy": false,
        "Plans": [
          {
            "Node Type": "Aggregate",
            "Strategy": "Plain",
            "Partial Mode": "Partial",
            "Parent Relationship": "Outer",
            "Parallel Aware": false,
            "Startup Cost": 118816.66,
            "Total Cost": 118816.67,
            "Plan Rows": 1,
            "Plan Width": 8,
            "Actual Startup Time": 792.6,
            "Actual Total Time": 792.603,
            "Actual Rows": 1,
            "Actual Loops": 2,
            "Plans": [
              {
                "Node Type": "Hash Join",
                "Parent Relationship": "Outer",
                "Parallel Aware": true,
                "Join Type": "Inner",
                "Startup Cost": 86187.91,
                "Total Cost": 117657.12,
                "Plan Rows": 463816,
                "Plan Width": 0,
                "Actual Startup Time": 598.806,
                "Actual Total Time": 774.935,
                "Actual Rows": 390680,
                "Actual Loops": 2,
                "Inner Unique": true,
                "Hash Cond": "(mk.movie_id = t.id)",
                "Plans": [
                  {
                    "Node Type": "Bitmap Heap Scan",
                    "Parent Relationship": "Outer",
                    "Parallel Aware": true,
                    "Relation Name": "movie_keyword",
                    "Alias": "mk",
                    "Startup Cost": 16727.21,
                    "Total Cost": 46978.91,
                    "Plan Rows": 463816,
                    "Plan Width": 4,
                    "Actual Startup Time": 60.26,
                    "Actual Total Time": 140.652,
                    "Actual Rows": 390680,
                    "Actual Loops": 2,
                    "Recheck Cond": "(keyword_id > 24135)",
                    "Rows Removed by Index Recheck": 0,
                    "Exact Heap Blocks": 11998,
                    "Lossy Heap Blocks": 0,
                    "Plans": [
                      {
                        "Node Type": "Bitmap Index Scan",
                        "Parent Relationship": "Outer",
                        "Parallel Aware": false,
                        "Index Name": "keyword_id_movie_keyword",
                        "Startup Cost": 0.0,
                        "Total Cost": 16530.08,
                        "Plan Rows": 788487,
                        "Plan Width": 0,
                        "Actual Startup Time": 56.675,
                        "Actual Total Time": 56.676,
                        "Actual Rows": 781361,
                        "Actual Loops": 1,
                        "Index Cond": "(keyword_id > 24135)"
                      }
                    ]
                  },
                  {
                    "Node Type": "Hash",
                    "Parent Relationship": "Inner",
                    "Parallel Aware": true,
                    "Startup Cost": 50870.31,
                    "Total Cost": 50870.31,
                    "Plan Rows": 1487231,
                    "Plan Width": 4,
                    "Actual Startup Time": 516.367,
                    "Actual Total Time": 516.368,
                    "Actual Rows": 1264156,
                    "Actual Loops": 2,
                    "Hash Buckets": 4194304,
                    "Original Hash Buckets": 4194304,
                    "Hash Batches": 1,
                    "Original Hash Batches": 1,
                    "Peak Memory Usage": 131712,
                    "Plans": [
                      {
                        "Node Type": "Seq Scan",
                        "Parent Relationship": "Outer",
                        "Parallel Aware": true,
                        "Relation Name": "title",
                        "Alias": "t",
                        "Startup Cost": 0.0,
                        "Total Cost": 50870.31,
                        "Plan Rows": 1487231,
                        "Plan Width": 4,
                        "Actual Startup Time": 0.024,
                        "Actual Total Time": 150.724,
                        "Actual Rows": 1264156,
                        "Actual Loops": 2
                      }
                    ]
                  }
                ]
              }
            ]
          }
        ]
      }
    ]
  },
  "Planning Time": 0.651,
  "Triggers": [],
  "Execution Time": 831.209
}