[
  {
    "Plan": {
      "Node Type": "Aggregate",
      "Strategy": "Plain",
      "Partial Mode": "Finalize",
      "Parallel Aware": false,
      "Startup Cost": 205684.75,
      "Total Cost": 205684.76,
      "Plan Rows": 1,
      "Plan Width": 8,
      "Actual Startup Time": 490.349,
      "Actual Total Time": 532.264,
      "Actual Rows": 1,
      "Actual Loops": 1,
      "Plans": [
        {
          "Node Type": "Gather",
          "Parent Relationship": "Outer",
          "Parallel Aware": false,
          "Startup Cost": 205684.23,
          "Total Cost": 205684.74,
          "Plan Rows": 5,
          "Plan Width": 8,
          "Actual Startup Time": 490.158,
          "Actual Total Time": 532.255,
          "Actual Rows": 6,
          "Actual Loops": 1,
          "Workers Planned": 5,
          "Workers Launched": 5,
          "Single Copy": false,
          "Plans": [
            {
              "Node Type": "Aggregate",
              "Strategy": "Plain",
              "Partial Mode": "Partial",
              "Parent Relationship": "Outer",
              "Parallel Aware": false,
              "Startup Cost": 204684.23,
              "Total Cost": 204684.24,
              "Plan Rows": 1,
              "Plan Width": 8,
              "Actual Startup Time": 480.532,
              "Actual Total Time": 480.533,
              "Actual Rows": 1,
              "Actual Loops": 6,
              "Plans": [
                {
                  "Node Type": "Seq Scan",
                  "Parent Relationship": "Outer",
                  "Parallel Aware": true,
                  "Relation Name": "movie_info",
                  "Alias": "mi",
                  "Startup Cost": 0.0,
                  "Total Cost": 199108.24,
                  "Plan Rows": 2230394,
                  "Plan Width": 0,
                  "Actual Startup Time": 0.062,
                  "Actual Total Time": 385.461,
                  "Actual Rows": 1868457,
                  "Actual Loops": 6,
                  "Filter": "(info_type_id > 3)",
                  "Rows Removed by Filter": 604163
                }
              ]
            }
          ]
        }
      ]
    },
    "Planning Time": 0.082,
    "Triggers": [],
    "Execution Time": 532.293
  }
]