[
  {
    "Plan": {
      "Node Type": "Aggregate",
      "Strategy": "Plain",
      "Partial Mode": "Finalize",
      "Parallel Aware": false,
      "Startup Cost": 33471.83,
      "Total Cost": 33471.84,
      "Plan Rows": 1,
      "Plan Width": 8,
      "Actual Startup Time": 109.456,
      "Actual Total Time": 117.42,
      "Actual Rows": 1,
      "Actual Loops": 1,
      "Plans": [
        {
          "Node Type": "Gather",
          "Parent Relationship": "Outer",
          "Parallel Aware": false,
          "Startup Cost": 33471.51,
          "Total Cost": 33471.82,
          "Plan Rows": 3,
          "Plan Width": 8,
          "Actual Startup Time": 109.212,
          "Actual Total Time": 117.412,
          "Actual Rows": 4,
          "Actual Loops": 1,
          "Workers Planned": 3,
          "Workers Launched": 3,
          "Single Copy": false,
          "Plans": [
            {
              "Node Type": "Aggregate",
              "Strategy": "Plain",
              "Partial Mode": "Partial",
              "Parent Relationship": "Outer",
              "Parallel Aware": false,
              "Startup Cost": 32471.51,
              "Total Cost": 32471.52,
              "Plan Rows": 1,
              "Plan Width": 8,
              "Actual Startup Time": 100.998,
              "Actual Total Time": 100.999,
              "Actual Rows": 1,
              "Actual Loops": 4,
              "Plans": [
                {
                  "Node Type": "Bitmap Heap Scan",
                  "Parent Relationship": "Outer",
                  "Parallel Aware": true,
                  "Relation Name": "movie_keyword",
                  "Alias": "mk",
                  "Startup Cost": 6528.82,
                  "Total Cost": 32223.4,
                  "Plan Rows": 99246,
                  "Plan Width": 0,
                  "Actual Startup Time": 34.892,
                  "Actual Total Time": 96.125,
                  "Actual Rows": 77694,
                  "Actual Loops": 4,
                  "Recheck Cond": "(keyword_id > 52521)",
                  "Rows Removed by Index Recheck": 0,
                  "Exact Heap Blocks": 10948,
                  "Lossy Heap Blocks": 0,
                  "Plans": [
                    {
                      "Node Type": "Bitmap Index Scan",
                      "Parent Relationship": "Outer",
                      "Parallel Aware": false,
                      "Index Name": "keyword_id_movie_keyword",
                      "Startup Cost": 0.0,
                      "Total Cost": 6451.9,
                      "Plan Rows": 307663,
                      "Plan Width": 0,
                      "Actual Startup Time": 38.321,
                      "Actual Total Time": 38.321,
                      "Actual Rows": 310777,
                      "Actual Loops": 1,
                      "Index Cond": "(keyword_id > 52521)"
                    }
                  ]
                }
              ]
            }
          ]
        }
      ]
    },
    "Planning Time": 0.189,
    "Triggers": [],
    "Execution Time": 117.497
  }
]