[
  {
    "Plan": {
      "Node Type": "Aggregate",
      "Strategy": "Plain",
      "Partial Mode": "Finalize",
      "Parallel Aware": false,
      "Startup Cost": 46901.01,
      "Total Cost": 46901.02,
      "Plan Rows": 1,
      "Plan Width": 8,
      "Actual Startup Time": 163.618,
      "Actual Total Time": 173.151,
      "Actual Rows": 1,
      "Actual Loops": 1,
      "Plans": [
        {
          "Node Type": "Gather",
          "Parent Relationship": "Outer",
          "Parallel Aware": false,
          "Startup Cost": 46900.69,
          "Total Cost": 46901.0,
          "Plan Rows": 3,
          "Plan Width": 8,
          "Actual Startup Time": 163.485,
          "Actual Total Time": 173.142,
          "Actual Rows": 4,
          "Actual Loops": 1,
          "Workers Planned": 3,
          "Workers Launched": 3,
          "Single Copy": false,
          "Plans": [
            {
              "Node Type": "Aggregate",
              "Strategy": "Plain",
              "Partial Mode": "Partial",
              "Parent Relationship": "Outer",
              "Parallel Aware": false,
              "Startup Cost": 45900.69,
              "Total Cost": 45900.7,
              "Plan Rows": 1,
              "Plan Width": 8,
              "Actual Startup Time": 158.194,
              "Actual Total Time": 158.195,
              "Actual Rows": 1,
              "Actual Loops": 4,
              "Plans": [
                {
                  "Node Type": "Seq Scan",
                  "Parent Relationship": "Outer",
                  "Parallel Aware": true,
                  "Relation Name": "movie_keyword",
                  "Alias": "mk",
                  "Startup Cost": 0.0,
                  "Total Cost": 42695.65,
                  "Plan Rows": 1282015,
                  "Plan Width": 0,
                  "Actual Startup Time": 0.04,
                  "Actual Total Time": 117.013,
                  "Actual Rows": 996595,
                  "Actual Loops": 4,
                  "Filter": "(keyword_id < 34193)",
                  "Rows Removed by Filter": 134388
                }
              ]
            }
          ]
        }
      ]
    },
    "Planning Time": 0.129,
    "Triggers": [],
    "Execution Time": 173.19
  }
]