[
  {
    "Plan": {
      "Node Type": "Aggregate",
      "Strategy": "Plain",
      "Partial Mode": "Finalize",
      "Parallel Aware": false,
      "Startup Cost": 29032.45,
      "Total Cost": 29032.46,
      "Plan Rows": 1,
      "Plan Width": 8,
      "Actual Startup Time": 11.013,
      "Actual Total Time": 12.754,
      "Actual Rows": 1,
      "Actual Loops": 1,
      "Plans": [
        {
          "Node Type": "Gather",
          "Parent Relationship": "Outer",
          "Parallel Aware": false,
          "Startup Cost": 29032.24,
          "Total Cost": 29032.45,
          "Plan Rows": 2,
          "Plan Width": 8,
          "Actual Startup Time": 10.059,
          "Actual Total Time": 12.74,
          "Actual Rows": 3,
          "Actual Loops": 1,
          "Workers Planned": 2,
          "Workers Launched": 2,
          "Single Copy": false,
          "Plans": [
            {
              "Node Type": "Aggregate",
              "Strategy": "Plain",
              "Partial Mode": "Partial",
              "Parent Relationship": "Outer",
              "Parallel Aware": false,
              "Startup Cost": 28032.24,
              "Total Cost": 28032.25,
              "Plan Rows": 1,
              "Plan Width": 8,
              "Actual Startup Time": 3.671,
              "Actual Total Time": 3.673,
              "Actual Rows": 1,
              "Actual Loops": 3,
              "Plans": [
                {
                  "Node Type": "Nested Loop",
                  "Parent Relationship": "Outer",
                  "Parallel Aware": false,
                  "Join Type": "Inner",
                  "Startup Cost": 184.51,
                  "Total Cost": 28027.96,
                  "Plan Rows": 1712,
                  "Plan Width": 0,
                  "Actual Startup Time": 2.024,
                  "Actual Total Time": 3.66,
                  "Actual Rows": 32,
                  "Actual Loops": 3,
                  "Inner Unique": true,
                  "Plans": [
                    {
                      "Node Type": "Bitmap Heap Scan",
                      "Parent Relationship": "Outer",
                      "Parallel Aware": true,
                      "Relation Name": "movie_companies",
                      "Alias": "mc",
                      "Startup Cost": 184.08,
                      "Total Cost": 15205.36,
                      "Plan Rows": 1712,
                      "Plan Width": 4,
                      "Actual Startup Time": 2.012,
                      "Actual Total Time": 3.269,
                      "Actual Rows": 32,
                      "Actual Loops": 3,
                      "Recheck Cond": "(company_id = 596)",
                      "Rows Removed by Index Recheck": 0,
                      "Filter": "(company_type_id < 2)",
                      "Rows Removed by Filter": 2869,
                      "Exact Heap Blocks": 778,
                      "Lossy Heap Blocks": 0,
                      "Plans": [
                        {
                          "Node Type": "Bitmap Index Scan",
                          "Parent Relationship": "Outer",
                          "Parallel Aware": false,
                          "Index Name": "company_id_movie_companies",
                          "Startup Cost": 0.0,
                          "Total Cost": 183.05,
                          "Plan Rows": 8349,
                          "Plan Width": 0,
                          "Actual Startup Time": 3.278,
                          "Actual Total Time": 3.279,
                          "Actual Rows": 8702,
                          "Actual Loops": 1,
                          "Index Cond": "(company_id = 596)"
                        }
                      ]
                    },
                    {
                      "Node Type": "Index Only Scan",
                      "Parent Relationship": "Inner",
                      "Parallel Aware": false,
                      "Scan Direction": "Forward",
                      "Index Name": "title_pkey",
                      "Relation Name": "title",
                      "Alias": "t",
                      "Startup Cost": 0.43,
                      "Total Cost": 7.49,
                      "Plan Rows": 1,
                      "Plan Width": 4,
                      "Actual Startup Time": 0.011,
                      "Actual Total Time": 0.011,
                      "Actual Rows": 1,
                      "Actual Loops": 96,
                      "Index Cond": "(id = mc.movie_id)",
                      "Rows Removed by Index Recheck": 0,
                      "Heap Fetches": 96
                    }
                  ]
                }
              ]
            }
          ]
        }
      ]
    },
    "Planning Time": 0.651,
    "Triggers": [],
    "Execution Time": 12.895
  }
]