{
  "Plan": {
    "Node Type": "Aggregate",
    "Strategy": "Plain",
    "Partial Mode": "Finalize",
    "Parallel Aware": false,
    "Startup Cost": 291624.34,
    "Total Cost": 291624.35,
    "Plan Rows": 1,
    "Plan Width": 8,
    "Actual Startup Time": 1628.005,
    "Actual Total Time": 1699.35,
    "Actual Rows": 1,
    "Actual Loops": 1,
    "Plans": [
      {
        "Node Type": "Gather",
        "Parent Relationship": "Outer",
        "Parallel Aware": false,
        "Startup Cost": 291624.23,
        "Total Cost": 291624.34,
        "Plan Rows": 1,
        "Plan Width": 8,
        "Actual Startup Time": 1625.9,
        "Actual Total Time": 1699.341,
        "Actual Rows": 2,
        "Actual Loops": 1,
        "Workers Planned": 1,
        "Workers Launched": 1,
        "Single Copy": false,
        "Plans": [
          {
            "Node Type": "Aggregate",
            "Strategy": "Plain",
            "Partial Mode": "Partial",
            "Parent Relationship": "Outer",
            "Parallel Aware": false,
            "Startup Cost": 290624.23,
            "Total Cost": 290624.24,
            "Plan Rows": 1,
            "Plan Width": 8,
            "Actual Startup Time": 1620.807,
            "Actual Total Time": 1620.811,
            "Actual Rows": 1,
            "Actual Loops": 2,
            "Plans": [
              {
                "Node Type": "Nested Loop",
                "Parent Relationship": "Outer",
                "Parallel Aware": false,
                "Join Type": "Inner",
                "Startup Cost": 68657.35,
                "Total Cost": 289698.16,
                "Plan Rows": 370429,
                "Plan Width": 0,
                "Actual Startup Time": 290.96,
                "Actual Total Time": 1513.662,
                "Actual Rows": 2514478,
                "Actual Loops": 2,
                "Inner Unique": false,
                "Plans": [
                  {
                    "Node Type": "Hash Join",
                    "Parent Relationship": "Outer",
                    "Parallel Aware": true,
                    "Join Type": "Inner",
                    "Startup Cost": 68656.92,
                    "Total Cost": 97170.35,
                    "Plan Rows": 63351,
                    "Plan Width": 8,
                    "Actual Startup Time": 290.888,
                    "Actual Total Time": 433.499,
                    "Actual Rows": 74848,
                    "Actual Loops": 2,
                    "Inner Unique": true,
                    "Hash Cond": "(mk.movie_id = t.id)",
                    "Plans": [
                      {
                        "Node Type": "Bitmap Heap Scan",
                        "Parent Relationship": "Outer",
                        "Parallel Aware": true,
                        "Relation Name": "movie_keyword",
                        "Alias": "mk",
                        "Startup Cost": 9680.5,
                        "Total Cost": 37489.41,
                        "Plan Rows": 268392,
                        "Plan Width": 4,
                        "Actual Startup Time": 30.476,
                        "Actual Total Time": 100.761,
                        "Actual Rows": 236272,
                        "Actual Loops": 2,
                        "Recheck Cond": "(keyword_id < 359)",
                        "Rows Removed by Index Recheck": 0,
                        "Exact Heap Blocks": 13191,
                        "Lossy Heap Blocks": 0,
                        "Plans": [
                          {
                            "Node Type": "Bitmap Index Scan",
                            "Parent Relationship": "Outer",
                            "Parallel Aware": false,
                            "Index Name": "keyword_id_movie_keyword",
                            "Startup Cost": 0.0,
                            "Total Cost": 9566.44,
                            "Plan Rows": 456267,
                            "Plan Width": 0,
                            "Actual Startup Time": 26.806,
                            "Actual Total Time": 26.807,
                            "Actual Rows": 472545,
                            "Actual Loops": 1,
                            "Index Cond": "(keyword_id < 359)"
                          }
                        ]
                      },
                      {
                        "Node Type": "Hash",
                        "Parent Relationship": "Inner",
                        "Parallel Aware": true,
                        "Startup Cost": 54588.39,
                        "Total Cost": 54588.39,
                        "Plan Rows": 351042,
                        "Plan Width": 4,
                        "Actual Startup Time": 251.438,
                        "Actual Total Time": 251.439,
                        "Actual Rows": 301706,
                        "Actual Loops": 2,
                        "Hash Buckets": 1048576,
                        "Original Hash Buckets": 1048576,
                        "Hash Batches": 1,
                        "Original Hash Batches": 1,
                        "Peak Memory Usage": 31840,
                        "Plans": [
                          {
                            "Node Type": "Seq Scan",
                            "Parent Relationship": "Outer",
                            "Parallel Aware": true,
                            "Relation Name": "title",
                            "Alias": "t",
                            "Startup Cost": 0.0,
                            "Total Cost": 54588.39,
                            "Plan Rows": 351042,
                            "Plan Width": 4,
                            "Actual Startup Time": 0.028,
                            "Actual Total Time": 152.227,
                            "Actual Rows": 301706,
                            "Actual Loops": 2,
                            "Filter": "(production_year < 1986)",
                            "Rows Removed by Filter": 962450
                          }
                        ]
                      }
                    ]
                  },
                  {
                    "Node Type": "Index Only Scan",
                    "Parent Relationship": "Inner",
                    "Parallel Aware": false,
                    "Scan Direction": "Forward",
                    "Index Name": "movie_id_movie_info",
                    "Relation Name": "movie_info",
                    "Alias": "mi",
                    "Startup Cost": 0.43,
                    "Total Cost": 2.62,
                    "Plan Rows": 42,
                    "Plan Width": 4,
                    "Actual Startup Time": 0.003,
                    "Actual Total Time": 0.012,
                    "Actual Rows": 34,
                    "Actual Loops": 149696,
                    "Index Cond": "(movie_id = t.id)",
                    "Rows Removed by Index Recheck": 0,
                    "Heap Fetches": 5028955
                  }
                ]
              }
            ]
          }
        ]
      }
    ]
  },
  "Planning Time": 0.947,
  "Triggers": [],
  "Execution Time": 1699.476
}