[
  {
    "Plan": {
      "Node Type": "Aggregate",
      "Strategy": "Plain",
      "Partial Mode": "Simple",
      "Parallel Aware": false,
      "Startup Cost": 26379.62,
      "Total Cost": 26379.63,
      "Plan Rows": 1,
      "Plan Width": 8,
      "Actual Startup Time": 48.815,
      "Actual Total Time": 48.816,
      "Actual Rows": 1,
      "Actual Loops": 1,
      "Plans": [
        {
          "Node Type": "Bitmap Heap Scan",
          "Parent Relationship": "Outer",
          "Parallel Aware": false,
          "Relation Name": "movie_keyword",
          "Alias": "mk",
          "Startup Cost": 1128.35,
          "Total Cost": 26246.74,
          "Plan Rows": 53151,
          "Plan Width": 0,
          "Actual Startup Time": 16.064,
          "Actual Total Time": 45.079,
          "Actual Rows": 53154,
          "Actual Loops": 1,
          "Recheck Cond": "(keyword_id > 98144)",
          "Rows Removed by Index Recheck": 0,
          "Exact Heap Blocks": 12727,
          "Lossy Heap Blocks": 0,
          "Plans": [
            {
              "Node Type": "Bitmap Index Scan",
              "Parent Relationship": "Outer",
              "Parallel Aware": false,
              "Index Name": "keyword_id_movie_keyword",
              "Startup Cost": 0.0,
              "Total Cost": 1115.06,
              "Plan Rows": 53151,
              "Plan Width": 0,
              "Actual Startup Time": 10.682,
              "Actual Total Time": 10.683,
              "Actual Rows": 53154,
              "Actual Loops": 1,
              "Index Cond": "(keyword_id > 98144)"
            }
          ]
        }
      ]
    },
    "Planning Time": 0.302,
    "Triggers": [],
    "Execution Time": 48.873
  }
]