{
  "Plan": {
    "Node Type": "Aggregate",
    "Strategy": "Plain",
    "Partial Mode": "Finalize",
    "Parallel Aware": false,
    "Startup Cost": 94892.38,
    "Total Cost": 94892.39,
    "Plan Rows": 1,
    "Plan Width": 8,
    "Actual Startup Time": 360.929,
    "Actual Total Time": 379.056,
    "Actual Rows": 1,
    "Actual Loops": 1,
    "Plans": [
      {
        "Node Type": "Gather",
        "Parent Relationship": "Outer",
        "Parallel Aware": false,
        "Startup Cost": 94892.27,
        "Total Cost": 94892.38,
        "Plan Rows": 1,
        "Plan Width": 8,
        "Actual Startup Time": 360.262,
        "Actual Total Time": 379.047,
        "Actual Rows": 2,
        "Actual Loops": 1,
        "Workers Planned": 1,
        "Workers Launched": 1,
        "Single Copy": false,
        "Plans": [
          {
            "Node Type": "Aggregate",
            "Strategy": "Plain",
            "Partial Mode": "Partial",
            "Parent Relationship": "Outer",
            "Parallel Aware": false,
            "Startup Cost": 93892.27,
            "Total Cost": 93892.28,
            "Plan Rows": 1,
            "Plan Width": 8,
            "Actual Startup Time": 354.3,
            "Actual Total Time": 354.304,
            "Actual Rows": 1,
            "Actual Loops": 2,
            "Plans": [
              {
                "Node Type": "Hash Join",
                "Parent Relationship": "Outer",
                "Parallel Aware": true,
                "Join Type": "Inner",
                "Startup Cost": 35186.91,
                "Total Cost": 93751.49,
                "Plan Rows": 56311,
                "Plan Width": 0,
                "Actual Startup Time": 124.63,
                "Actual Total Time": 352.171,
                "Actual Rows": 31506,
                "Actual Loops": 2,
                "Inner Unique": false,
                "Hash Cond": "(t.id = mc.movie_id)",
                "Plans": [
                  {
                    "Node Type": "Seq Scan",
                    "Parent Relationship": "Outer",
                    "Parallel Aware": true,
                    "Relation Name": "title",
                    "Alias": "t",
                    "Startup Cost": 0.0,
                    "Total Cost": 54588.39,
                    "Plan Rows": 583193,
                    "Plan Width": 4,
                    "Actual Startup Time": 0.013,
                    "Actual Total Time": 150.902,
                    "Actual Rows": 492524,
                    "Actual Loops": 2,
                    "Filter": "(kind_id < 7)",
                    "Rows Removed by Filter": 771632
                  },
                  {
                    "Node Type": "Hash",
                    "Parent Relationship": "Inner",
                    "Parallel Aware": true,
                    "Startup Cost": 33391.89,
                    "Total Cost": 33391.89,
                    "Plan Rows": 143601,
                    "Plan Width": 4,
                    "Actual Startup Time": 121.24,
                    "Actual Total Time": 121.242,
                    "Actual Rows": 61930,
                    "Actual Loops": 2,
                    "Hash Buckets": 262144,
                    "Original Hash Buckets": 262144,
                    "Hash Batches": 1,
                    "Original Hash Batches": 1,
                    "Peak Memory Usage": 6944,
                    "Plans": [
                      {
                        "Node Type": "Bitmap Heap Scan",
                        "Parent Relationship": "Outer",
                        "Parallel Aware": true,
                        "Relation Name": "movie_companies",
                        "Alias": "mc",
                        "Startup Cost": 10359.5,
                        "Total Cost": 33391.89,
                        "Plan Rows": 143601,
                        "Plan Width": 4,
                        "Actual Startup Time": 84.068,
                        "Actual Total Time": 106.396,
                        "Actual Rows": 61930,
                        "Actual Loops": 2,
                        "Recheck Cond": "(company_id < 424)",
                        "Rows Removed by Index Recheck": 0,
                        "Filter": "(company_type_id > 1)",
                        "Rows Removed by Filter": 176646,
                        "Exact Heap Blocks": 14244,
                        "Lossy Heap Blocks": 0,
                        "Plans": [
                          {
                            "Node Type": "Bitmap Index Scan",
                            "Parent Relationship": "Outer",
                            "Parallel Aware": false,
                            "Index Name": "company_id_movie_companies",
                            "Startup Cost": 0.0,
                            "Total Cost": 10298.47,
                            "Plan Rows": 480805,
                            "Plan Width": 0,
                            "Actual Startup Time": 41.359,
                            "Actual Total Time": 41.359,
                            "Actual Rows": 477152,
                            "Actual Loops": 1,
                            "Index Cond": "(company_id < 424)"
                          }
                        ]
                      }
                    ]
                  }
                ]
              }
            ]
          }
        ]
      }
    ]
  },
  "Planning Time": 0.608,
  "Triggers": [],
  "Execution Time": 379.142
}