{
  "Plan": {
    "Node Type": "Aggregate",
    "Strategy": "Plain",
    "Partial Mode": "Simple",
    "Parallel Aware": false,
    "Startup Cost": 4536428.01,
    "Total Cost": 4536428.02,
    "Plan Rows": 1,
    "Plan Width": 128,
    "Actual Startup Time": 29137.539,
    "Actual Total Time": 29137.837,
    "Actual Rows": 1,
    "Actual Loops": 1,
    "Plans": [
      {
        "Node Type": "Merge Join",
        "Parent Relationship": "Outer",
        "Parallel Aware": false,
        "Join Type": "Inner",
        "Startup Cost": 4536427.89,
        "Total Cost": 4536428.0,
        "Plan Rows": 1,
        "Plan Width": 81,
        "Actual Startup Time": 29133.388,
        "Actual Total Time": 29137.477,
        "Actual Rows": 2825,
        "Actual Loops": 1,
        "Inner Unique": true,
        "Merge Cond": "(mk.keyword_id = k.id)",
        "Plans": [
          {
            "Node Type": "Sort",
            "Parent Relationship": "Outer",
            "Parallel Aware": false,
            "Startup Cost": 4532963.11,
            "Total Cost": 4532963.14,
            "Plan Rows": 13,
            "Plan Width": 85,
            "Actual Startup Time": 29112.9,
            "Actual Total Time": 29115.632,
            "Actual Rows": 14162,
            "Actual Loops": 1,
            "Sort Key": [
              "mk.keyword_id"
            ],
            "Sort Method": "quicksort",
            "Sort Space Used": 13936,
            "Sort Space Type": "Memory",
            "Plans": [
              {
                "Node Type": "Merge Join",
                "Parent Relationship": "Outer",
                "Parallel Aware": false,
                "Join Type": "Inner",
                "Startup Cost": 4532962.67,
                "Total Cost": 4532962.87,
                "Plan Rows": 13,
                "Plan Width": 85,
                "Actual Startup Time": 29054.383,
                "Actual Total Time": 29077.617,
                "Actual Rows": 107406,
                "Actual Loops": 1,
                "Inner Unique": true,
                "Merge Cond": "(mi_idx.info_type_id = it2.id)",
                "Plans": [
                  {
                    "Node Type": "Sort",
                    "Parent Relationship": "Outer",
                    "Parallel Aware": false,
                    "Startup Cost": 4532960.24,
                    "Total Cost": 4532960.33,
                    "Plan Rows": 38,
                    "Plan Width": 89,
                    "Actual Startup Time": 29030.65,
                    "Actual Total Time": 29053.07,
                    "Actual Rows": 214813,
                    "Actual Loops": 1,
                    "Sort Key": [
                      "mi_idx.info_type_id"
                    ],
                    "Sort Method": "quicksort",
                    "Sort Space Used": 51948,
                    "Sort Space Type": "Memory",
                    "Plans": [
                      {
                        "Node Type": "Merge Join",
                        "Parent Relationship": "Outer",
                        "Parallel Aware": false,
                        "Join Type": "Inner",
                        "Startup Cost": 4526058.93,
                        "Total Cost": 4532959.24,
                        "Plan Rows": 38,
                        "Plan Width": 89,
                        "Actual Startup Time": 28783.301,
                        "Actual Total Time": 28938.671,
                        "Actual Rows": 331264,
                        "Actual Loops": 1,
                        "Inner Unique": false,
                        "Merge Cond": "(t.id = mi_idx.movie_id)",
                        "Plans": [
                          {
                            "Node Type": "Sort",
                            "Parent Relationship": "Outer",
                            "Parallel Aware": false,
                            "Startup Cost": 4363585.72,
                            "Total Cost": 4363585.76,
                            "Plan Rows": 13,
                            "Plan Width": 99,
                            "Actual Startup Time": 28209.882,
                            "Actual Total Time": 28216.66,
                            "Actual Rows": 107442,
                            "Actual Loops": 1,
                            "Sort Key": [
                              "ci.movie_id"
                            ],
                            "Sort Method": "quicksort",
                            "Sort Space Used": 18165,
                            "Sort Space Type": "Memory",
                            "Plans": [
                              {
                                "Node Type": "Merge Join",
                                "Parent Relationship": "Outer",
                                "Parallel Aware": false,
                                "Join Type": "Inner",
                                "Startup Cost": 4363581.65,
                                "Total Cost": 4363585.48,
                                "Plan Rows": 13,
                                "Plan Width": 99,
                                "Actual Startup Time": 28156.846,
                                "Actual Total Time": 28176.716,
                                "Actual Rows": 107442,
                                "Actual Loops": 1,
                                "Inner Unique": false,
                                "Merge Cond": "(it1.id = mi.info_type_id)",
                                "Plans": [
                                  {
                                    "Node Type": "Sort",
                                    "Parent Relationship": "Outer",
                                    "Parallel Aware": false,
                                    "Startup Cost": 2.42,
                                    "Total Cost": 2.43,
                                    "Plan Rows": 1,
                                    "Plan Width": 4,
                                    "Actual Startup Time": 0.026,
                                    "Actual Total Time": 0.028,
                                    "Actual Rows": 1,
                                    "Actual Loops": 1,
                                    "Sort Key": [
                                      "it1.id"
                                    ],
                                    "Sort Method": "quicksort",
                                    "Sort Space Used": 25,
                                    "Sort Space Type": "Memory",
                                    "Plans": [
                                      {
                                        "Node Type": "Seq Scan",
                                        "Parent Relationship": "Outer",
                                        "Parallel Aware": false,
                                        "Relation Name": "info_type",
                                        "Alias": "it1",
                                        "Startup Cost": 0.0,
                                        "Total Cost": 2.41,
                                        "Plan Rows": 1,
                                        "Plan Width": 4,
                                        "Actual Startup Time": 0.01,
                                        "Actual Total Time": 0.016,
                                        "Actual Rows": 1,
                                        "Actual Loops": 1,
                                        "Filter": "((info)::text = 'genres'::text)",
                                        "Rows Removed by Filter": 112
                                      }
                                    ]
                                  },
                                  {
                                    "Node Type": "Sort",
                                    "Parent Relationship": "Inner",
                                    "Parallel Aware": false,
                                    "Startup Cost": 4363579.22,
                                    "Total Cost": 4363581.1,
                                    "Plan Rows": 752,
                                    "Plan Width": 103,
                                    "Actual Startup Time": 28156.814,
                                    "Actual Total Time": 28161.167,
                                    "Actual Rows": 107443,
                                    "Actual Loops": 1,
                                    "Sort Key": [
                                      "mi.info_type_id"
                                    ],
                                    "Sort Method": "quicksort",
                                    "Sort Space Used": 19409,
                                    "Sort Space Type": "Memory",
                                    "Plans": [
                                      {
                                        "Node Type": "Merge Join",
                                        "Parent Relationship": "Outer",
                                        "Parallel Aware": false,
                                        "Join Type": "Inner",
                                        "Startup Cost": 4343228.85,
                                        "Total Cost": 4363543.3,
                                        "Plan Rows": 752,
                                        "Plan Width": 103,
                                        "Actual Startup Time": 27558.245,
                                        "Actual Total Time": 28118.98,
                                        "Actual Rows": 116171,
                                        "Actual Loops": 1,
                                        "Inner Unique": true,
                                        "Merge Cond": "(ci.person_id = n.id)",
                                        "Plans": [
                                          {
                                            "Node Type": "Sort",
                                            "Parent Relationship": "Outer",
                                            "Parallel Aware": false,
                                            "Startup Cost": 3787724.22,
                                            "Total Cost": 3787726.1,
                                            "Plan Rows": 752,
                                            "Plan Width": 92,
                                            "Actual Startup Time": 25183.666,
                                            "Actual Total Time": 25191.648,
                                            "Actual Rows": 116171,
                                            "Actual Loops": 1,
                                            "Sort Key": [
                                              "ci.person_id"
                                            ],
                                            "Sort Method": "quicksort",
                                            "Sort Space Used": 17661,
                                            "Sort Space Type": "Memory",
                                            "Plans": [
                                              {
                                                "Node Type": "Merge Join",
                                                "Parent Relationship": "Outer",
                                                "Parallel Aware": false,
                                                "Join Type": "Inner",
                                                "Startup Cost": 3774091.78,
                                                "Total Cost": 3787688.3,
                                                "Plan Rows": 752,
                                                "Plan Width": 92,
                                                "Actual Startup Time": 24714.572,
                                                "Actual Total Time": 25148.868,
                                                "Actual Rows": 116171,
                                                "Actual Loops": 1,
                                                "Inner Unique": false,
                                                "Merge Cond": "(mi.movie_id = t.id)",
                                                "Plans": [
                                                  {
                                                    "Node Type": "Sort",
                                                    "Parent Relationship": "Outer",
                                                    "Parallel Aware": false,
                                                    "Startup Cost": 250537.29,
                                                    "Total Cost": 251010.31,
                                                    "Plan Rows": 189208,
                                                    "Plan Width": 51,
                                                    "Actual Startup Time": 637.001,
                                                    "Actual Total Time": 646.98,
                                                    "Actual Rows": 186762,
                                                    "Actual Loops": 1,
                                                    "Sort Key": [
                                                      "mi.movie_id"
                                                    ],
                                                    "Sort Method": "quicksort",
                                                    "Sort Space Used": 16323,
                                                    "Sort Space Type": "Memory",
                                                    "Plans": [
                                                      {
                                                        "Node Type": "Gather",
                                                        "Parent Relationship": "Outer",
                                                        "Parallel Aware": false,
                                                        "Startup Cost": 1000.0,
                                                        "Total Cost": 233953.57,
                                                        "Plan Rows": 189208,
                                                        "Plan Width": 51,
                                                        "Actual Startup Time": 388.524,
                                                        "Actual Total Time": 598.131,
                                                        "Actual Rows": 188971,
                                                        "Actual Loops": 1,
                                                        "Workers Planned": 5,
                                                        "Workers Launched": 5,
                                                        "Single Copy": false,
                                                        "Plans": [
                                                          {
                                                            "Node Type": "Seq Scan",
                                                            "Parent Relationship": "Outer",
                                                            "Parallel Aware": true,
                                                            "Relation Name": "movie_info",
                                                            "Alias": "mi",
                                                            "Startup Cost": 0.0,
                                                            "Total Cost": 214032.77,
                                                            "Plan Rows": 37842,
                                                            "Plan Width": 51,
                                                            "Actual Startup Time": 361.113,
                                                            "Actual Total Time": 590.266,
                                                            "Actual Rows": 31495,
                                                            "Actual Loops": 6,
                                                            "Filter": "(info = ANY ('{Horror,Action,Sci-Fi,Thriller,Crime,War}'::text[]))",
                                                            "Rows Removed by Filter": 2441125
                                                          }
                                                        ]
                                                      }
                                                    ]
                                                  },
                                                  {
                                                    "Node Type": "Materialize",
                                                    "Parent Relationship": "Inner",
                                                    "Parallel Aware": false,
                                                    "Startup Cost": 3523554.49,
                                                    "Total Cost": 3536209.16,
                                                    "Plan Rows": 1432,
                                                    "Plan Width": 41,
                                                    "Actual Startup Time": 23847.216,
                                                    "Actual Total Time": 24475.408,
                                                    "Actual Rows": 132633,
                                                    "Actual Loops": 1,
                                                    "Plans": [
                                                      {
                                                        "Node Type": "Merge Join",
                                                        "Parent Relationship": "Outer",
                                                        "Parallel Aware": false,
                                                        "Join Type": "Inner",
                                                        "Startup Cost": 3523554.49,
                                                        "Total Cost": 3536205.58,
                                                        "Plan Rows": 1432,
                                                        "Plan Width": 41,
                                                        "Actual Startup Time": 23847.207,
                                                        "Actual Total Time": 24455.588,
                                                        "Actual Rows": 67213,
                                                        "Actual Loops": 1,
                                                        "Inner Unique": true,
                                                        "Merge Cond": "(ci.movie_id = t.id)",
                                                        "Plans": [
                                                          {
                                                            "Node Type": "Sort",
                                                            "Parent Relationship": "Outer",
                                                            "Parallel Aware": false,
                                                            "Startup Cost": 3193366.0,
                                                            "Total Cost": 3193369.58,
                                                            "Plan Rows": 1432,
                                                            "Plan Width": 20,
                                                            "Actual Startup Time": 22623.764,
                                                            "Actual Total Time": 22632.216,
                                                            "Actual Rows": 67213,
                                                            "Actual Loops": 1,
                                                            "Sort Key": [
                                                              "ci.movie_id"
                                                            ],
                                                            "Sort Method": "quicksort",
                                                            "Sort Space Used": 8324,
                                                            "Sort Space Type": "Memory",
                                                            "Plans": [
                                                              {
                                                                "Node Type": "Merge Join",
                                                                "Parent Relationship": "Outer",
                                                                "Parallel Aware": false,
                                                                "Join Type": "Inner",
                                                                "Startup Cost": 3122258.34,
                                                                "Total Cost": 3193290.93,
                                                                "Plan Rows": 1432,
                                                                "Plan Width": 20,
                                                                "Actual Startup Time": 18305.514,
                                                                "Actual Total Time": 22608.714,
                                                                "Actual Rows": 67213,
                                                                "Actual Loops": 1,
                                                                "Inner Unique": false,
                                                                "Merge Cond": "(cn.id = mc.company_id)",
                                                                "Plans": [
                                                                  {
                                                                    "Node Type": "Sort",
                                                                    "Parent Relationship": "Outer",
                                                                    "Parallel Aware": false,
                                                                    "Startup Cost": 5725.74,
                                                                    "Total Cost": 5725.8,
                                                                    "Plan Rows": 23,
                                                                    "Plan Width": 4,
                                                                    "Actual Startup Time": 22.1,
                                                                    "Actual Total Time": 22.154,
                                                                    "Actual Rows": 10,
                                                                    "Actual Loops": 1,
                                                                    "Sort Key": [
                                                                      "cn.id"
                                                                    ],
                                                                    "Sort Method": "quicksort",
                                                                    "Sort Space Used": 25,
                                                                    "Sort Space Type": "Memory",
                                                                    "Plans": [
                                                                      {
                                                                        "Node Type": "Gather",
                                                                        "Parent Relationship": "Outer",
                                                                        "Parallel Aware": false,
                                                                        "Startup Cost": 1000.0,
                                                                        "Total Cost": 5725.22,
                                                                        "Plan Rows": 23,
                                                                        "Plan Width": 4,
                                                                        "Actual Startup Time": 0.78,
                                                                        "Actual Total Time": 22.126,
                                                                        "Actual Rows": 10,
                                                                        "Actual Loops": 1,
                                                                        "Workers Planned": 1,
                                                                        "Workers Launched": 1,
                                                                        "Single Copy": false,
                                                                        "Plans": [
                                                                          {
                                                                            "Node Type": "Seq Scan",
                                                                            "Parent Relationship": "Outer",
                                                                            "Parallel Aware": true,
                                                                            "Relation Name": "company_name",
                                                                            "Alias": "cn",
                                                                            "Startup Cost": 0.0,
                                                                            "Total Cost": 4722.92,
                                                                            "Plan Rows": 14,
                                                                            "Plan Width": 4,
                                                                            "Actual Startup Time": 6.019,
                                                                            "Actual Total Time": 16.595,
                                                                            "Actual Rows": 5,
                                                                            "Actual Loops": 2,
                                                                            "Filter": "(name ~~ 'Lionsgate%'::text)",
                                                                            "Rows Removed by Filter": 117494
                                                                          }
                                                                        ]
                                                                      }
                                                                    ]
                                                                  },
                                                                  {
                                                                    "Node Type": "Sort",
                                                                    "Parent Relationship": "Inner",
                                                                    "Parallel Aware": false,
                                                                    "Startup Cost": 3114292.6,
                                                                    "Total Cost": 3150921.67,
                                                                    "Plan Rows": 14651627,
                                                                    "Plan Width": 24,
                                                                    "Actual Startup Time": 15920.204,
                                                                    "Actual Total Time": 20136.317,
                                                                    "Actual Rows": 24604654,
                                                                    "Actual Loops": 1,
                                                                    "Sort Key": [
                                                                      "mc.company_id"
                                                                    ],
                                                                    "Sort Method": "quicksort",
                                                                    "Sort Space Used": 2730064,
                                                                    "Sort Space Type": "Memory",
                                                                    "Plans": [
                                                                      {
                                                                        "Node Type": "Merge Join",
                                                                        "Parent Relationship": "Outer",
                                                                        "Parallel Aware": false,
                                                                        "Join Type": "Inner",
                                                                        "Startup Cost": 909251.57,
                                                                        "Total Cost": 1370415.11,
                                                                        "Plan Rows": 14651627,
                                                                        "Plan Width": 24,
                                                                        "Actual Startup Time": 3352.892,
                                                                        "Actual Total Time": 9363.287,
                                                                        "Actual Rows": 24878483,
                                                                        "Actual Loops": 1,
                                                                        "Inner Unique": false,
                                                                        "Merge Cond": "(mk.movie_id = ci.movie_id)",
                                                                        "Plans": [
                                                                          {
                                                                            "Node Type": "Index Scan",
                                                                            "Parent Relationship": "Outer",
                                                                            "Parallel Aware": false,
                                                                            "Scan Direction": "Forward",
                                                                            "Index Name": "movie_id_movie_keyword",
                                                                            "Relation Name": "movie_keyword",
                                                                            "Alias": "mk",
                                                                            "Startup Cost": 0.43,
                                                                            "Total Cost": 177148.48,
                                                                            "Plan Rows": 4523930,
                                                                            "Plan Width": 8,
                                                                            "Actual Startup Time": 0.023,
                                                                            "Actual Total Time": 833.562,
                                                                            "Actual Rows": 4523912,
                                                                            "Actual Loops": 1
                                                                          },
                                                                          {
                                                                            "Node Type": "Materialize",
                                                                            "Parent Relationship": "Inner",
                                                                            "Parallel Aware": false,
                                                                            "Startup Cost": 909241.58,
                                                                            "Total Cost": 970044.93,
                                                                            "Plan Rows": 3140954,
                                                                            "Plan Width": 16,
                                                                            "Actual Startup Time": 3352.83,
                                                                            "Actual Total Time": 5304.288,
                                                                            "Actual Rows": 25690696,
                                                                            "Actual Loops": 1,
                                                                            "Plans": [
                                                                              {
                                                                                "Node Type": "Merge Join",
                                                                                "Parent Relationship": "Outer",
                                                                                "Parallel Aware": false,
                                                                                "Join Type": "Inner",
                                                                                "Startup Cost": 909241.58,
                                                                                "Total Cost": 962192.55,
                                                                                "Plan Rows": 3140954,
                                                                                "Plan Width": 16,
                                                                                "Actual Startup Time": 3352.821,
                                                                                "Actual Total Time": 4090.19,
                                                                                "Actual Rows": 1557234,
                                                                                "Actual Loops": 1,
                                                                                "Inner Unique": false,
                                                                                "Merge Cond": "(ci.movie_id = mc.movie_id)",
                                                                                "Plans": [
                                                                                  {
                                                                                    "Node Type": "Sort",
                                                                                    "Parent Relationship": "Outer",
                                                                                    "Parallel Aware": false,
                                                                                    "Startup Cost": 586290.45,
                                                                                    "Total Cost": 589209.2,
                                                                                    "Plan Rows": 1167502,
                                                                                    "Plan Width": 8,
                                                                                    "Actual Startup Time": 2487.859,
                                                                                    "Actual Total Time": 2695.509,
                                                                                    "Actual Rows": 1244679,
                                                                                    "Actual Loops": 1,
                                                                                    "Sort Key": [
                                                                                      "ci.movie_id"
                                                                                    ],
                                                                                    "Sort Method": "quicksort",
                                                                                    "Sort Space Used": 107499,
                                                                                    "Sort Space Type": "Memory",
                                                                                    "Plans": [
                                                                                      {
                                                                                        "Node Type": "Gather",
                                                                                        "Parent Relationship": "Outer",
                                                                                        "Parallel Aware": false,
                                                                                        "Startup Cost": 1000.0,
                                                                                        "Total Cost": 468635.47,
                                                                                        "Plan Rows": 1167502,
                                                                                        "Plan Width": 8,
                                                                                        "Actual Startup Time": 166.804,
                                                                                        "Actual Total Time": 2187.96,
                                                                                        "Actual Rows": 1244716,
                                                                                        "Actual Loops": 1,
                                                                                        "Workers Planned": 6,
                                                                                        "Workers Launched": 1,
                                                                                        "Single Copy": false,
                                                                                        "Plans": [
                                                                                          {
                                                                                            "Node Type": "Seq Scan",
                                                                                            "Parent Relationship": "Outer",
                                                                                            "Parallel Aware": true,
                                                                                            "Relation Name": "cast_info",
                                                                                            "Alias": "ci",
                                                                                            "Startup Cost": 0.0,
                                                                                            "Total Cost": 350885.27,
                                                                                            "Plan Rows": 194584,
                                                                                            "Plan Width": 8,
                                                                                            "Actual Startup Time": 115.757,
                                                                                            "Actual Total Time": 2103.498,
                                                                                            "Actual Rows": 622358,
                                                                                            "Actual Loops": 2,
                                                                                            "Filter": "(note = ANY ('{(writer),\"(head writer)\",\"(written by)\",(story),\"(story editor)\"}'::text[]))",
                                                                                            "Rows Removed by Filter": 17499814
                                                                                          }
                                                                                        ]
                                                                                      }
                                                                                    ]
                                                                                  },
                                                                                  {
                                                                                    "Node Type": "Sort",
                                                                                    "Parent Relationship": "Inner",
                                                                                    "Parallel Aware": false,
                                                                                    "Startup Cost": 322951.0,
                                                                                    "Total Cost": 329473.82,
                                                                                    "Plan Rows": 2609129,
                                                                                    "Plan Width": 8,
                                                                                    "Actual Startup Time": 864.942,
                                                                                    "Actual Total Time": 1015.461,
                                                                                    "Actual Rows": 3235491,
                                                                                    "Actual Loops": 1,
                                                                                    "Sort Key": [
                                                                                      "mc.movie_id"
                                                                                    ],
                                                                                    "Sort Method": "quicksort",
                                                                                    "Sort Space Used": 220607,
                                                                                    "Sort Space Type": "Memory",
                                                                                    "Plans": [
                                                                                      {
                                                                                        "Node Type": "Seq Scan",
                                                                                        "Parent Relationship": "Outer",
                                                                                        "Parallel Aware": false,
                                                                                        "Relation Name": "movie_companies",
                                                                                        "Alias": "mc",
                                                                                        "Startup Cost": 0.0,
                                                                                        "Total Cost": 44881.29,
                                                                                        "Plan Rows": 2609129,
                                                                                        "Plan Width": 8,
                                                                                        "Actual Startup Time": 0.029,
                                                                                        "Actual Total Time": 289.721,
                                                                                        "Actual Rows": 2609129,
                                                                                        "Actual Loops": 1
                                                                                      }
                                                                                    ]
                                                                                  }
                                                                                ]
                                                                              }
                                                                            ]
                                                                          }
                                                                        ]
                                                                      }
                                                                    ]
                                                                  }
                                                                ]
                                                              }
                                                            ]
                                                          },
                                                          {
                                                            "Node Type": "Sort",
                                                            "Parent Relationship": "Inner",
                                                            "Parallel Aware": false,
                                                            "Startup Cost": 330188.2,
                                                            "Total Cost": 336509.47,
                                                            "Plan Rows": 2528509,
                                                            "Plan Width": 21,
                                                            "Actual Startup Time": 1178.615,
                                                            "Actual Total Time": 1540.267,
                                                            "Actual Rows": 2513880,
                                                            "Actual Loops": 1,
                                                            "Sort Key": [
                                                              "t.id"
                                                            ],
                                                            "Sort Method": "quicksort",
                                                            "Sort Space Used": 275055,
                                                            "Sort Space Type": "Memory",
                                                            "Plans": [
                                                              {
                                                                "Node Type": "Seq Scan",
                                                                "Parent Relationship": "Outer",
                                                                "Parallel Aware": false,
                                                                "Relation Name": "title",
                                                                "Alias": "t",
                                                                "Startup Cost": 0.0,
                                                                "Total Cost": 61283.09,
                                                                "Plan Rows": 2528509,
                                                                "Plan Width": 21,
                                                                "Actual Startup Time": 0.029,
                                                                "Actual Total Time": 340.138,
                                                                "Actual Rows": 2528312,
                                                                "Actual Loops": 1
                                                              }
                                                            ]
                                                          }
                                                        ]
                                                      }
                                                    ]
                                                  }
                                                ]
                                              }
                                            ]
                                          },
                                          {
                                            "Node Type": "Sort",
                                            "Parent Relationship": "Inner",
                                            "Parallel Aware": false,
                                            "Startup Cost": 555504.63,
                                            "Total Cost": 565923.07,
                                            "Plan Rows": 4167377,
                                            "Plan Width": 19,
                                            "Actual Startup Time": 2372.604,
                                            "Actual Total Time": 2669.735,
                                            "Actual Rows": 3901342,
                                            "Actual Loops": 1,
                                            "Sort Key": [
                                              "n.id"
                                            ],
                                            "Sort Method": "quicksort",
                                            "Sort Space Used": 405945,
                                            "Sort Space Type": "Memory",
                                            "Plans": [
                                              {
                                                "Node Type": "Seq Scan",
                                                "Parent Relationship": "Outer",
                                                "Parallel Aware": false,
                                                "Relation Name": "name",
                                                "Alias": "n",
                                                "Startup Cost": 0.0,
                                                "Total Cost": 97286.77,
                                                "Plan Rows": 4167377,
                                                "Plan Width": 19,
                                                "Actual Startup Time": 0.047,
                                                "Actual Total Time": 1060.418,
                                                "Actual Rows": 4167491,
                                                "Actual Loops": 1
                                              }
                                            ]
                                          }
                                        ]
                                      }
                                    ]
                                  }
                                ]
                              }
                            ]
                          },
                          {
                            "Node Type": "Sort",
                            "Parent Relationship": "Inner",
                            "Parallel Aware": false,
                            "Startup Cost": 162473.21,
                            "Total Cost": 165923.29,
                            "Plan Rows": 1380035,
                            "Plan Width": 14,
                            "Actual Startup Time": 543.836,
                            "Actual Total Time": 604.4,
                            "Actual Rows": 1688028,
                            "Actual Loops": 1,
                            "Sort Key": [
                              "mi_idx.movie_id"
                            ],
                            "Sort Method": "quicksort",
                            "Sort Space Used": 128214,
                            "Sort Space Type": "Memory",
                            "Plans": [
                              {
                                "Node Type": "Seq Scan",
                                "Parent Relationship": "Outer",
                                "Parallel Aware": false,
                                "Relation Name": "movie_info_idx",
                                "Alias": "mi_idx",
                                "Startup Cost": 0.0,
                                "Total Cost": 21735.35,
                                "Plan Rows": 1380035,
                                "Plan Width": 14,
                                "Actual Startup Time": 0.04,
                                "Actual Total Time": 221.598,
                                "Actual Rows": 1380035,
                                "Actual Loops": 1
                              }
                            ]
                          }
                        ]
                      }
                    ]
                  },
                  {
                    "Node Type": "Sort",
                    "Parent Relationship": "Inner",
                    "Parallel Aware": false,
                    "Startup Cost": 2.42,
                    "Total Cost": 2.43,
                    "Plan Rows": 1,
                    "Plan Width": 4,
                    "Actual Startup Time": 0.058,
                    "Actual Total Time": 0.059,
                    "Actual Rows": 1,
                    "Actual Loops": 1,
                    "Sort Key": [
                      "it2.id"
                    ],
                    "Sort Method": "quicksort",
                    "Sort Space Used": 25,
                    "Sort Space Type": "Memory",
                    "Plans": [
                      {
                        "Node Type": "Seq Scan",
                        "Parent Relationship": "Outer",
                        "Parallel Aware": false,
                        "Relation Name": "info_type",
                        "Alias": "it2",
                        "Startup Cost": 0.0,
                        "Total Cost": 2.41,
                        "Plan Rows": 1,
                        "Plan Width": 4,
                        "Actual Startup Time": 0.033,
                        "Actual Total Time": 0.035,
                        "Actual Rows": 1,
                        "Actual Loops": 1,
                        "Filter": "((info)::text = 'votes'::text)",
                        "Rows Removed by Filter": 112
                      }
                    ]
                  }
                ]
              }
            ]
          },
          {
            "Node Type": "Sort",
            "Parent Relationship": "Inner",
            "Parallel Aware": false,
            "Startup Cost": 3464.79,
            "Total Cost": 3464.8,
            "Plan Rows": 7,
            "Plan Width": 4,
            "Actual Startup Time": 19.979,
            "Actual Total Time": 19.98,
            "Actual Rows": 7,
            "Actual Loops": 1,
            "Sort Key": [
              "k.id"
            ],
            "Sort Method": "quicksort",
            "Sort Space Used": 25,
            "Sort Space Type": "Memory",
            "Plans": [
              {
                "Node Type": "Seq Scan",
                "Parent Relationship": "Outer",
                "Parallel Aware": false,
                "Relation Name": "keyword",
                "Alias": "k",
                "Startup Cost": 0.0,
                "Total Cost": 3464.69,
                "Plan Rows": 7,
                "Plan Width": 4,
                "Actual Startup Time": 0.601,
                "Actual Total Time": 19.965,
                "Actual Rows": 7,
                "Actual Loops": 1,
                "Filter": "(keyword = ANY ('{murder,violence,blood,gore,death,female-nudity,hospital}'::text[]))",
                "Rows Removed by Filter": 134163
              }
            ]
          }
        ]
      }
    ]
  },
  "Planning Time": 49.791,
  "Triggers": [],
  "Execution Time": 29376.705
}