[
  {
    "Plan": {
      "Node Type": "Aggregate",
      "Strategy": "Plain",
      "Partial Mode": "Finalize",
      "Parallel Aware": false,
      "Startup Cost": 32721.33,
      "Total Cost": 32721.34,
      "Plan Rows": 1,
      "Plan Width": 8,
      "Actual Startup Time": 76.731,
      "Actual Total Time": 84.867,
      "Actual Rows": 1,
      "Actual Loops": 1,
      "Plans": [
        {
          "Node Type": "Gather",
          "Parent Relationship": "Outer",
          "Parallel Aware": false,
          "Startup Cost": 32721.02,
          "Total Cost": 32721.33,
          "Plan Rows": 3,
          "Plan Width": 8,
          "Actual Startup Time": 76.628,
          "Actual Total Time": 84.86,
          "Actual Rows": 4,
          "Actual Loops": 1,
          "Workers Planned": 3,
          "Workers Launched": 3,
          "Single Copy": false,
          "Plans": [
            {
              "Node Type": "Aggregate",
              "Strategy": "Plain",
              "Partial Mode": "Partial",
              "Parent Relationship": "Outer",
              "Parallel Aware": false,
              "Startup Cost": 31721.02,
              "Total Cost": 31721.03,
              "Plan Rows": 1,
              "Plan Width": 8,
              "Actual Startup Time": 73.349,
              "Actual Total Time": 73.35,
              "Actual Rows": 1,
              "Actual Loops": 4,
              "Plans": [
                {
                  "Node Type": "Seq Scan",
                  "Parent Relationship": "Outer",
                  "Parallel Aware": true,
                  "Relation Name": "movie_companies",
                  "Alias": "mc",
                  "Startup Cost": 0.0,
                  "Total Cost": 31414.82,
                  "Plan Rows": 122479,
                  "Plan Width": 0,
                  "Actual Startup Time": 32.556,
                  "Actual Total Time": 65.992,
                  "Actual Rows": 172618,
                  "Actual Loops": 4,
                  "Filter": "((company_id > 39272) AND (company_type_id = 2))",
                  "Rows Removed by Filter": 479664
                }
              ]
            }
          ]
        }
      ]
    },
    "Planning Time": 0.087,
    "Triggers": [],
    "Execution Time": 84.896
  }
]