[
  {
    "Plan": {
      "Node Type": "Aggregate",
      "Strategy": "Plain",
      "Partial Mode": "Finalize",
      "Parallel Aware": false,
      "Startup Cost": 32711.06,
      "Total Cost": 32711.07,
      "Plan Rows": 1,
      "Plan Width": 8,
      "Actual Startup Time": 94.721,
      "Actual Total Time": 102.702,
      "Actual Rows": 1,
      "Actual Loops": 1,
      "Plans": [
        {
          "Node Type": "Gather",
          "Parent Relationship": "Outer",
          "Parallel Aware": false,
          "Startup Cost": 32710.74,
          "Total Cost": 32711.05,
          "Plan Rows": 3,
          "Plan Width": 8,
          "Actual Startup Time": 94.615,
          "Actual Total Time": 102.695,
          "Actual Rows": 4,
          "Actual Loops": 1,
          "Workers Planned": 3,
          "Workers Launched": 3,
          "Single Copy": false,
          "Plans": [
            {
              "Node Type": "Aggregate",
              "Strategy": "Plain",
              "Partial Mode": "Partial",
              "Parent Relationship": "Outer",
              "Parallel Aware": false,
              "Startup Cost": 31710.74,
              "Total Cost": 31710.75,
              "Plan Rows": 1,
              "Plan Width": 8,
              "Actual Startup Time": 86.07,
              "Actual Total Time": 86.071,
              "Actual Rows": 1,
              "Actual Loops": 4,
              "Plans": [
                {
                  "Node Type": "Seq Scan",
                  "Parent Relationship": "Outer",
                  "Parallel Aware": true,
                  "Relation Name": "movie_companies",
                  "Alias": "mc",
                  "Startup Cost": 0.0,
                  "Total Cost": 31414.82,
                  "Plan Rows": 118368,
                  "Plan Width": 0,
                  "Actual Startup Time": 46.732,
                  "Actual Total Time": 79.254,
                  "Actual Rows": 172618,
                  "Actual Loops": 4,
                  "Filter": "((company_id > 39272) AND (company_type_id = 2))",
                  "Rows Removed by Filter": 479664
                }
              ]
            }
          ]
        }
      ]
    },
    "Planning Time": 0.194,
    "Triggers": [],
    "Execution Time": 102.753
  }
]