[
  {
    "Plan": {
      "Node Type": "Aggregate",
      "Strategy": "Plain",
      "Partial Mode": "Finalize",
      "Parallel Aware": false,
      "Startup Cost": 280082.05,
      "Total Cost": 280082.06,
      "Plan Rows": 1,
      "Plan Width": 8,
      "Actual Startup Time": 2925.082,
      "Actual Total Time": 2973.108,
      "Actual Rows": 1,
      "Actual Loops": 1,
      "Plans": [
        {
          "Node Type": "Gather",
          "Parent Relationship": "Outer",
          "Parallel Aware": false,
          "Startup Cost": 280081.74,
          "Total Cost": 280082.05,
          "Plan Rows": 3,
          "Plan Width": 8,
          "Actual Startup Time": 2916.319,
          "Actual Total Time": 2973.099,
          "Actual Rows": 4,
          "Actual Loops": 1,
          "Workers Planned": 3,
          "Workers Launched": 3,
          "Single Copy": false,
          "Plans": [
            {
              "Node Type": "Aggregate",
              "Strategy": "Plain",
              "Partial Mode": "Partial",
              "Parent Relationship": "Outer",
              "Parallel Aware": false,
              "Startup Cost": 279081.74,
              "Total Cost": 279081.75,
              "Plan Rows": 1,
              "Plan Width": 8,
              "Actual Startup Time": 2902.099,
              "Actual Total Time": 2902.104,
              "Actual Rows": 1,
              "Actual Loops": 4,
              "Plans": [
                {
                  "Node Type": "Nested Loop",
                  "Parent Relationship": "Outer",
                  "Parallel Aware": false,
                  "Join Type": "Inner",
                  "Startup Cost": 56944.56,
                  "Total Cost": 277581.55,
                  "Plan Rows": 600075,
                  "Plan Width": 0,
                  "Actual Startup Time": 448.731,
                  "Actual Total Time": 2632.238,
                  "Actual Rows": 4545466,
                  "Actual Loops": 4,
                  "Inner Unique": false,
                  "Plans": [
                    {
                      "Node Type": "Hash Join",
                      "Parent Relationship": "Outer",
                      "Parallel Aware": true,
                      "Join Type": "Inner",
                      "Startup Cost": 56944.12,
                      "Total Cost": 82943.87,
                      "Plan Rows": 102198,
                      "Plan Width": 8,
                      "Actual Startup Time": 448.593,
                      "Actual Total Time": 539.937,
                      "Actual Rows": 79284,
                      "Actual Loops": 4,
                      "Inner Unique": true,
                      "Hash Cond": "(mk.movie_id = t.id)",
                      "Plans": [
                        {
                          "Node Type": "Bitmap Heap Scan",
                          "Parent Relationship": "Outer",
                          "Parallel Aware": true,
                          "Relation Name": "movie_keyword",
                          "Alias": "mk",
                          "Startup Cost": 6723.74,
                          "Total Cost": 32455.22,
                          "Plan Rows": 102198,
                          "Plan Width": 4,
                          "Actual Startup Time": 23.091,
                          "Actual Total Time": 68.181,
                          "Actual Rows": 79284,
                          "Actual Loops": 4,
                          "Recheck Cond": "(keyword_id > 51439)",
                          "Rows Removed by Index Recheck": 0,
                          "Exact Heap Blocks": 5154,
                          "Lossy Heap Blocks": 0,
                          "Plans": [
                            {
                              "Node Type": "Bitmap Index Scan",
                              "Parent Relationship": "Outer",
                              "Parallel Aware": false,
                              "Index Name": "keyword_id_movie_keyword",
                              "Startup Cost": 0.0,
                              "Total Cost": 6644.54,
                              "Plan Rows": 316814,
                              "Plan Width": 0,
                              "Actual Startup Time": 19.923,
                              "Actual Total Time": 19.924,
                              "Actual Rows": 317136,
                              "Actual Loops": 1,
                              "Index Cond": "(keyword_id > 51439)"
                            }
                          ]
                        },
                        {
                          "Node Type": "Hash",
                          "Parent Relationship": "Inner",
                          "Parallel Aware": true,
                          "Startup Cost": 42319.06,
                          "Total Cost": 42319.06,
                          "Plan Rows": 632106,
                          "Plan Width": 4,
                          "Actual Startup Time": 415.232,
                          "Actual Total Time": 415.232,
                          "Actual Rows": 632078,
                          "Actual Loops": 4,
                          "Hash Buckets": 4194304,
                          "Original Hash Buckets": 4194304,
                          "Hash Batches": 1,
                          "Original Hash Batches": 1,
                          "Peak Memory Usage": 131744,
                          "Plans": [
                            {
                              "Node Type": "Seq Scan",
                              "Parent Relationship": "Outer",
                              "Parallel Aware": true,
                              "Relation Name": "title",
                              "Alias": "t",
                              "Startup Cost": 0.0,
                              "Total Cost": 42319.06,
                              "Plan Rows": 632106,
                              "Plan Width": 4,
                              "Actual Startup Time": 0.051,
                              "Actual Total Time": 123.616,
                              "Actual Rows": 632078,
                              "Actual Loops": 4
                            }
                          ]
                        }
                      ]
                    },
                    {
                      "Node Type": "Index Only Scan",
                      "Parent Relationship": "Inner",
                      "Parallel Aware": false,
                      "Scan Direction": "Forward",
                      "Index Name": "movie_id_movie_info",
                      "Relation Name": "movie_info",
                      "Alias": "mi",
                      "Startup Cost": 0.43,
                      "Total Cost": 1.49,
                      "Plan Rows": 41,
                      "Plan Width": 4,
                      "Actual Startup Time": 0.005,
                      "Actual Total Time": 0.021,
                      "Actual Rows": 57,
                      "Actual Loops": 317136,
                      "Index Cond": "(movie_id = t.id)",
                      "Rows Removed by Index Recheck": 0,
                      "Heap Fetches": 18181864
                    }
                  ]
                }
              ]
            }
          ]
        }
      ]
    },
    "Planning Time": 0.481,
    "Triggers": [],
    "Execution Time": 2973.172
  }
]