[
  {
    "Plan": {
      "Node Type": "Aggregate",
      "Strategy": "Plain",
      "Partial Mode": "Finalize",
      "Parallel Aware": false,
      "Startup Cost": 132523.27,
      "Total Cost": 132523.28,
      "Plan Rows": 1,
      "Plan Width": 8,
      "Actual Startup Time": 789.773,
      "Actual Total Time": 811.895,
      "Actual Rows": 1,
      "Actual Loops": 1,
      "Plans": [
        {
          "Node Type": "Gather",
          "Parent Relationship": "Outer",
          "Parallel Aware": false,
          "Startup Cost": 132522.95,
          "Total Cost": 132523.26,
          "Plan Rows": 3,
          "Plan Width": 8,
          "Actual Startup Time": 773.929,
          "Actual Total Time": 811.884,
          "Actual Rows": 4,
          "Actual Loops": 1,
          "Workers Planned": 3,
          "Workers Launched": 3,
          "Single Copy": false,
          "Plans": [
            {
              "Node Type": "Aggregate",
              "Strategy": "Plain",
              "Partial Mode": "Partial",
              "Parent Relationship": "Outer",
              "Parallel Aware": false,
              "Startup Cost": 131522.95,
              "Total Cost": 131522.96,
              "Plan Rows": 1,
              "Plan Width": 8,
              "Actual Startup Time": 768.484,
              "Actual Total Time": 768.775,
              "Actual Rows": 1,
              "Actual Loops": 4,
              "Plans": [
                {
                  "Node Type": "Hash Join",
                  "Parent Relationship": "Outer",
                  "Parallel Aware": true,
                  "Join Type": "Inner",
                  "Startup Cost": 85263.85,
                  "Total Cost": 130998.76,
                  "Plan Rows": 209676,
                  "Plan Width": 0,
                  "Actual Startup Time": 573.438,
                  "Actual Total Time": 760.252,
                  "Actual Rows": 165091,
                  "Actual Loops": 4,
                  "Inner Unique": false,
                  "Hash Cond": "(mk.movie_id = t.id)",
                  "Plans": [
                    {
                      "Node Type": "Seq Scan",
                      "Parent Relationship": "Outer",
                      "Parallel Aware": true,
                      "Relation Name": "movie_keyword",
                      "Alias": "mk",
                      "Startup Cost": 0.0,
                      "Total Cost": 42695.65,
                      "Plan Rows": 630104,
                      "Plan Width": 4,
                      "Actual Startup Time": 0.597,
                      "Actual Total Time": 115.617,
                      "Actual Rows": 485702,
                      "Actual Loops": 4,
                      "Filter": "(keyword_id > 6740)",
                      "Rows Removed by Filter": 645280
                    },
                    {
                      "Node Type": "Hash",
                      "Parent Relationship": "Inner",
                      "Parallel Aware": true,
                      "Startup Cost": 81871.24,
                      "Total Cost": 81871.24,
                      "Plan Rows": 271409,
                      "Plan Width": 8,
                      "Actual Startup Time": 569.083,
                      "Actual Total Time": 569.372,
                      "Actual Rows": 137776,
                      "Actual Loops": 4,
                      "Hash Buckets": 1048576,
                      "Original Hash Buckets": 1048576,
                      "Hash Batches": 1,
                      "Original Hash Batches": 1,
                      "Peak Memory Usage": 29824,
                      "Plans": [
                        {
                          "Node Type": "Hash Join",
                          "Parent Relationship": "Outer",
                          "Parallel Aware": true,
                          "Join Type": "Inner",
                          "Startup Cost": 49440.52,
                          "Total Cost": 81871.24,
                          "Plan Rows": 271409,
                          "Plan Width": 8,
                          "Actual Startup Time": 347.886,
                          "Actual Total Time": 512.131,
                          "Actual Rows": 137776,
                          "Actual Loops": 4,
                          "Inner Unique": true,
                          "Hash Cond": "(mc.movie_id = t.id)",
                          "Plans": [
                            {
                              "Node Type": "Seq Scan",
                              "Parent Relationship": "Outer",
                              "Parallel Aware": true,
                              "Relation Name": "movie_companies",
                              "Alias": "mc",
                              "Startup Cost": 0.0,
                              "Total Cost": 31414.82,
                              "Plan Rows": 387008,
                              "Plan Width": 4,
                              "Actual Startup Time": 38.017,
                              "Actual Total Time": 86.321,
                              "Actual Rows": 318773,
                              "Actual Loops": 4,
                              "Filter": "((company_id > 125) AND (company_type_id > 1))",
                              "Rows Removed by Filter": 333510
                            },
                            {
                              "Node Type": "Hash",
                              "Parent Relationship": "Inner",
                              "Parallel Aware": true,
                              "Startup Cost": 43899.32,
                              "Total Cost": 43899.32,
                              "Plan Rows": 443296,
                              "Plan Width": 4,
                              "Actual Startup Time": 305.646,
                              "Actual Total Time": 305.647,
                              "Actual Rows": 443659,
                              "Actual Loops": 4,
                              "Hash Buckets": 2097152,
                              "Original Hash Buckets": 2097152,
                              "Hash Batches": 1,
                              "Original Hash Batches": 1,
                              "Peak Memory Usage": 85888,
                              "Plans": [
                                {
                                  "Node Type": "Seq Scan",
                                  "Parent Relationship": "Outer",
                                  "Parallel Aware": true,
                                  "Relation Name": "title",
                                  "Alias": "t",
                                  "Startup Cost": 0.0,
                                  "Total Cost": 43899.32,
                                  "Plan Rows": 443296,
                                  "Plan Width": 4,
                                  "Actual Startup Time": 0.045,
                                  "Actual Total Time": 122.391,
                                  "Actual Rows": 443659,
                                  "Actual Loops": 4,
                                  "Filter": "(kind_id > 2)",
                                  "Rows Removed by Filter": 188419
                                }
                              ]
                            }
                          ]
                        }
                      ]
                    }
                  ]
                }
              ]
            }
          ]
        }
      ]
    },
    "Planning Time": 0.687,
    "Triggers": [],
    "Execution Time": 811.958
  }
]