[
  {
    "Plan": {
      "Node Type": "Aggregate",
      "Strategy": "Plain",
      "Partial Mode": "Finalize",
      "Parallel Aware": false,
      "Startup Cost": 79505.14,
      "Total Cost": 79505.15,
      "Plan Rows": 1,
      "Plan Width": 8,
      "Actual Startup Time": 235.915,
      "Actual Total Time": 252.539,
      "Actual Rows": 1,
      "Actual Loops": 1,
      "Plans": [
        {
          "Node Type": "Gather",
          "Parent Relationship": "Outer",
          "Parallel Aware": false,
          "Startup Cost": 79504.82,
          "Total Cost": 79505.13,
          "Plan Rows": 3,
          "Plan Width": 8,
          "Actual Startup Time": 234.368,
          "Actual Total Time": 252.53,
          "Actual Rows": 4,
          "Actual Loops": 1,
          "Workers Planned": 3,
          "Workers Launched": 3,
          "Single Copy": false,
          "Plans": [
            {
              "Node Type": "Aggregate",
              "Strategy": "Plain",
              "Partial Mode": "Partial",
              "Parent Relationship": "Outer",
              "Parallel Aware": false,
              "Startup Cost": 78504.82,
              "Total Cost": 78504.83,
              "Plan Rows": 1,
              "Plan Width": 8,
              "Actual Startup Time": 225.49,
              "Actual Total Time": 225.493,
              "Actual Rows": 1,
              "Actual Loops": 4,
              "Plans": [
                {
                  "Node Type": "Hash Join",
                  "Parent Relationship": "Outer",
                  "Parallel Aware": true,
                  "Join Type": "Inner",
                  "Startup Cost": 46524.11,
                  "Total Cost": 78441.51,
                  "Plan Rows": 25324,
                  "Plan Width": 0,
                  "Actual Startup Time": 169.645,
                  "Actual Total Time": 224.665,
                  "Actual Rows": 18971,
                  "Actual Loops": 4,
                  "Inner Unique": true,
                  "Hash Cond": "(mc.movie_id = t.id)",
                  "Plans": [
                    {
                      "Node Type": "Seq Scan",
                      "Parent Relationship": "Outer",
                      "Parallel Aware": true,
                      "Relation Name": "movie_companies",
                      "Alias": "mc",
                      "Startup Cost": 0.0,
                      "Total Cost": 31414.82,
                      "Plan Rows": 191460,
                      "Plan Width": 4,
                      "Actual Startup Time": 30.702,
                      "Actual Total Time": 60.415,
                      "Actual Rows": 95191,
                      "Actual Loops": 4,
                      "Filter": "((company_id < 9674) AND (company_type_id > 1))",
                      "Rows Removed by Filter": 557091
                    },
                    {
                      "Node Type": "Hash",
                      "Parent Relationship": "Inner",
                      "Parallel Aware": true,
                      "Startup Cost": 45479.1,
                      "Total Cost": 45479.1,
                      "Plan Rows": 83601,
                      "Plan Width": 4,
                      "Actual Startup Time": 135.501,
                      "Actual Total Time": 135.502,
                      "Actual Rows": 108780,
                      "Actual Loops": 4,
                      "Hash Buckets": 524288,
                      "Original Hash Buckets": 524288,
                      "Hash Batches": 1,
                      "Original Hash Batches": 1,
                      "Peak Memory Usage": 21184,
                      "Plans": [
                        {
                          "Node Type": "Seq Scan",
                          "Parent Relationship": "Outer",
                          "Parallel Aware": true,
                          "Relation Name": "title",
                          "Alias": "t",
                          "Startup Cost": 0.0,
                          "Total Cost": 45479.1,
                          "Plan Rows": 83601,
                          "Plan Width": 4,
                          "Actual Startup Time": 0.052,
                          "Actual Total Time": 99.717,
                          "Actual Rows": 108780,
                          "Actual Loops": 4,
                          "Filter": "((kind_id < 3) AND (production_year < 2002))",
                          "Rows Removed by Filter": 523298
                        }
                      ]
                    }
                  ]
                }
              ]
            }
          ]
        }
      ]
    },
    "Planning Time": 0.652,
    "Triggers": [],
    "Execution Time": 252.619
  }
]