[
  {
    "Plan": {
      "Node Type": "Aggregate",
      "Strategy": "Plain",
      "Partial Mode": "Finalize",
      "Parallel Aware": false,
      "Startup Cost": 375242.25,
      "Total Cost": 375242.26,
      "Plan Rows": 1,
      "Plan Width": 8,
      "Actual Startup Time": 2902.656,
      "Actual Total Time": 2944.706,
      "Actual Rows": 1,
      "Actual Loops": 1,
      "Plans": [
        {
          "Node Type": "Gather",
          "Parent Relationship": "Outer",
          "Parallel Aware": false,
          "Startup Cost": 375241.62,
          "Total Cost": 375242.23,
          "Plan Rows": 6,
          "Plan Width": 8,
          "Actual Startup Time": 2875.305,
          "Actual Total Time": 2944.686,
          "Actual Rows": 7,
          "Actual Loops": 1,
          "Workers Planned": 6,
          "Workers Launched": 6,
          "Single Copy": false,
          "Plans": [
            {
              "Node Type": "Aggregate",
              "Strategy": "Plain",
              "Partial Mode": "Partial",
              "Parent Relationship": "Outer",
              "Parallel Aware": false,
              "Startup Cost": 374241.62,
              "Total Cost": 374241.63,
              "Plan Rows": 1,
              "Plan Width": 8,
              "Actual Startup Time": 2860.035,
              "Actual Total Time": 2860.791,
              "Actual Rows": 1,
              "Actual Loops": 7,
              "Plans": [
                {
                  "Node Type": "Hash Join",
                  "Parent Relationship": "Outer",
                  "Parallel Aware": true,
                  "Join Type": "Inner",
                  "Startup Cost": 106663.73,
                  "Total Cost": 368892.56,
                  "Plan Rows": 2139627,
                  "Plan Width": 0,
                  "Actual Startup Time": 718.303,
                  "Actual Total Time": 2376.796,
                  "Actual Rows": 9233107,
                  "Actual Loops": 7,
                  "Inner Unique": false,
                  "Hash Cond": "(ci.movie_id = t.id)",
                  "Plans": [
                    {
                      "Node Type": "Index Scan",
                      "Parent Relationship": "Outer",
                      "Parallel Aware": true,
                      "Scan Direction": "Forward",
                      "Index Name": "role_id_cast_info",
                      "Relation Name": "cast_info",
                      "Alias": "ci",
                      "Startup Cost": 0.56,
                      "Total Cost": 249431.94,
                      "Plan Rows": 1572116,
                      "Plan Width": 4,
                      "Actual Startup Time": 0.263,
                      "Actual Total Time": 318.336,
                      "Actual Rows": 1340672,
                      "Actual Loops": 7,
                      "Index Cond": "(role_id > 4)",
                      "Rows Removed by Index Recheck": 0
                    },
                    {
                      "Node Type": "Hash",
                      "Parent Relationship": "Inner",
                      "Parallel Aware": true,
                      "Startup Cost": 92787.58,
                      "Total Cost": 92787.58,
                      "Plan Rows": 1110047,
                      "Plan Width": 8,
                      "Actual Startup Time": 712.874,
                      "Actual Total Time": 713.628,
                      "Actual Rows": 574871,
                      "Actual Loops": 7,
                      "Hash Buckets": 4194304,
                      "Original Hash Buckets": 4194304,
                      "Hash Batches": 1,
                      "Original Hash Batches": 1,
                      "Peak Memory Usage": 190304,
                      "Plans": [
                        {
                          "Node Type": "Hash Join",
                          "Parent Relationship": "Outer",
                          "Parallel Aware": true,
                          "Join Type": "Inner",
                          "Startup Cost": 49909.5,
                          "Total Cost": 92787.58,
                          "Plan Rows": 1110047,
                          "Plan Width": 8,
                          "Actual Startup Time": 236.89,
                          "Actual Total Time": 487.541,
                          "Actual Rows": 574871,
                          "Actual Loops": 7,
                          "Inner Unique": true,
                          "Hash Cond": "(mk.movie_id = t.id)",
                          "Plans": [
                            {
                              "Node Type": "Seq Scan",
                              "Parent Relationship": "Outer",
                              "Parallel Aware": true,
                              "Relation Name": "movie_keyword",
                              "Alias": "mk",
                              "Startup Cost": 0.0,
                              "Total Cost": 39047.32,
                              "Plan Rows": 1459332,
                              "Plan Width": 4,
                              "Actual Startup Time": 0.036,
                              "Actual Total Time": 80.493,
                              "Actual Rows": 646276,
                              "Actual Loops": 7
                            },
                            {
                              "Node Type": "Hash",
                              "Parent Relationship": "Inner",
                              "Parallel Aware": true,
                              "Startup Cost": 43899.32,
                              "Total Cost": 43899.32,
                              "Plan Rows": 480814,
                              "Plan Width": 4,
                              "Actual Startup Time": 234.788,
                              "Actual Total Time": 234.789,
                              "Actual Rows": 274693,
                              "Actual Loops": 7,
                              "Hash Buckets": 2097152,
                              "Original Hash Buckets": 2097152,
                              "Hash Batches": 1,
                              "Original Hash Batches": 1,
                              "Peak Memory Usage": 91744,
                              "Plans": [
                                {
                                  "Node Type": "Seq Scan",
                                  "Parent Relationship": "Outer",
                                  "Parallel Aware": true,
                                  "Relation Name": "title",
                                  "Alias": "t",
                                  "Startup Cost": 0.0,
                                  "Total Cost": 43899.32,
                                  "Plan Rows": 480814,
                                  "Plan Width": 4,
                                  "Actual Startup Time": 0.058,
                                  "Actual Total Time": 93.089,
                                  "Actual Rows": 274693,
                                  "Actual Loops": 7,
                                  "Filter": "(production_year < 2010)",
                                  "Rows Removed by Filter": 86495
                                }
                              ]
                            }
                          ]
                        }
                      ]
                    }
                  ]
                }
              ]
            }
          ]
        }
      ]
    },
    "Planning Time": 0.489,
    "Triggers": [],
    "Execution Time": 2944.761
  }
]