[
  {
    "Plan": {
      "Node Type": "Aggregate",
      "Strategy": "Plain",
      "Partial Mode": "Finalize",
      "Parallel Aware": false,
      "Startup Cost": 350010.91,
      "Total Cost": 350010.92,
      "Plan Rows": 1,
      "Plan Width": 8,
      "Actual Startup Time": 823.479,
      "Actual Total Time": 876.764,
      "Actual Rows": 1,
      "Actual Loops": 1,
      "Plans": [
        {
          "Node Type": "Gather",
          "Parent Relationship": "Outer",
          "Parallel Aware": false,
          "Startup Cost": 350010.28,
          "Total Cost": 350010.89,
          "Plan Rows": 6,
          "Plan Width": 8,
          "Actual Startup Time": 823.298,
          "Actual Total Time": 876.754,
          "Actual Rows": 7,
          "Actual Loops": 1,
          "Workers Planned": 6,
          "Workers Launched": 6,
          "Single Copy": false,
          "Plans": [
            {
              "Node Type": "Aggregate",
              "Strategy": "Plain",
              "Partial Mode": "Partial",
              "Parent Relationship": "Outer",
              "Parallel Aware": false,
              "Startup Cost": 349010.28,
              "Total Cost": 349010.29,
              "Plan Rows": 1,
              "Plan Width": 8,
              "Actual Startup Time": 816.08,
              "Actual Total Time": 816.081,
              "Actual Rows": 1,
              "Actual Loops": 7,
              "Plans": [
                {
                  "Node Type": "Seq Scan",
                  "Parent Relationship": "Outer",
                  "Parallel Aware": true,
                  "Relation Name": "cast_info",
                  "Alias": "ci",
                  "Startup Cost": 0.0,
                  "Total Cost": 343316.27,
                  "Plan Rows": 2277604,
                  "Plan Width": 0,
                  "Actual Startup Time": 356.426,
                  "Actual Total Time": 710.71,
                  "Actual Rows": 2084446,
                  "Actual Loops": 7,
                  "Filter": "((person_id > 533089) AND (role_id > 2))",
                  "Rows Removed by Filter": 3093318
                }
              ]
            }
          ]
        }
      ]
    },
    "Planning Time": 0.116,
    "Triggers": [],
    "Execution Time": 876.809
  }
]