[
  {
    "Plan": {
      "Node Type": "Aggregate",
      "Strategy": "Plain",
      "Partial Mode": "Finalize",
      "Parallel Aware": false,
      "Startup Cost": 313081.75,
      "Total Cost": 313081.76,
      "Plan Rows": 1,
      "Plan Width": 8,
      "Actual Startup Time": 253.194,
      "Actual Total Time": 262.794,
      "Actual Rows": 1,
      "Actual Loops": 1,
      "Plans": [
        {
          "Node Type": "Gather",
          "Parent Relationship": "Outer",
          "Parallel Aware": false,
          "Startup Cost": 313081.13,
          "Total Cost": 313081.74,
          "Plan Rows": 6,
          "Plan Width": 8,
          "Actual Startup Time": 252.152,
          "Actual Total Time": 262.784,
          "Actual Rows": 7,
          "Actual Loops": 1,
          "Workers Planned": 6,
          "Workers Launched": 6,
          "Single Copy": false,
          "Plans": [
            {
              "Node Type": "Aggregate",
              "Strategy": "Plain",
              "Partial Mode": "Partial",
              "Parent Relationship": "Outer",
              "Parallel Aware": false,
              "Startup Cost": 312081.13,
              "Total Cost": 312081.14,
              "Plan Rows": 1,
              "Plan Width": 8,
              "Actual Startup Time": 241.586,
              "Actual Total Time": 241.587,
              "Actual Rows": 1,
              "Actual Loops": 7,
              "Plans": [
                {
                  "Node Type": "Bitmap Heap Scan",
                  "Parent Relationship": "Outer",
                  "Parallel Aware": true,
                  "Relation Name": "cast_info",
                  "Alias": "ci",
                  "Startup Cost": 52745.79,
                  "Total Cost": 311426.21,
                  "Plan Rows": 261966,
                  "Plan Width": 0,
                  "Actual Startup Time": 117.533,
                  "Actual Total Time": 224.414,
                  "Actual Rows": 328905,
                  "Actual Loops": 7,
                  "Recheck Cond": "(person_id > 3612178)",
                  "Rows Removed by Index Recheck": 0,
                  "Filter": "(role_id > 1)",
                  "Rows Removed by Filter": 0,
                  "Exact Heap Blocks": 8075,
                  "Lossy Heap Blocks": 0,
                  "Plans": [
                    {
                      "Node Type": "Bitmap Index Scan",
                      "Parent Relationship": "Outer",
                      "Parallel Aware": false,
                      "Index Name": "person_id_cast_info",
                      "Startup Cost": 0.0,
                      "Total Cost": 52352.84,
                      "Plan Rows": 2397370,
                      "Plan Width": 0,
                      "Actual Startup Time": 121.62,
                      "Actual Total Time": 121.62,
                      "Actual Rows": 2302334,
                      "Actual Loops": 1,
                      "Index Cond": "(person_id > 3612178)"
                    }
                  ]
                }
              ]
            }
          ]
        }
      ]
    },
    "Planning Time": 0.204,
    "Triggers": [],
    "Execution Time": 262.87
  }
]