[
    {
        "Bao": {
            "Bao prediction": 1043.996,
            "Bao recommended hint": "SET enable_mergejoin TO off; "
        }
    },
    {
        "Plan": {
            "Node Type": "Aggregate",
            "Strategy": "Plain",
            "Partial Mode": "Finalize",
            "Parallel Aware": false,
            "Startup Cost": 175388.77,
            "Total Cost": 175388.78,
            "Plan Rows": 1,
            "Plan Width": 64,
            "Actual Startup Time": 2996.51,
            "Actual Total Time": 3060.093,
            "Actual Rows": 1,
            "Actual Loops": 1,
            "Output": [
                "min(chn.name)",
                "min(t.title)"
            ],
            "Plans": [
                {
                    "Node Type": "Gather",
                    "Parent Relationship": "Outer",
                    "Parallel Aware": false,
                    "Startup Cost": 175388.45,
                    "Total Cost": 175388.76,
                    "Plan Rows": 3,
                    "Plan Width": 64,
                    "Actual Startup Time": 2995.513,
                    "Actual Total Time": 3060.079,
                    "Actual Rows": 4,
                    "Actual Loops": 1,
                    "Output": [
                        "(PARTIAL min(chn.name))",
                        "(PARTIAL min(t.title))"
                    ],
                    "Workers Planned": 3,
                    "Workers Launched": 3,
                    "Single Copy": false,
                    "Plans": [
                        {
                            "Node Type": "Aggregate",
                            "Strategy": "Plain",
                            "Partial Mode": "Partial",
                            "Parent Relationship": "Outer",
                            "Parallel Aware": false,
                            "Startup Cost": 174388.45,
                            "Total Cost": 174388.46,
                            "Plan Rows": 1,
                            "Plan Width": 64,
                            "Actual Startup Time": 2985.186,
                            "Actual Total Time": 2985.196,
                            "Actual Rows": 1,
                            "Actual Loops": 4,
                            "Output": [
                                "PARTIAL min(chn.name)",
                                "PARTIAL min(t.title)"
                            ],
                            "Workers": [
                                {
                                    "Worker Number": 0,
                                    "Actual Startup Time": 2981.873,
                                    "Actual Total Time": 2981.889,
                                    "Actual Rows": 1,
                                    "Actual Loops": 1
                                },
                                {
                                    "Worker Number": 1,
                                    "Actual Startup Time": 2982.02,
                                    "Actual Total Time": 2982.026,
                                    "Actual Rows": 1,
                                    "Actual Loops": 1
                                },
                                {
                                    "Worker Number": 2,
                                    "Actual Startup Time": 2982.083,
                                    "Actual Total Time": 2982.088,
                                    "Actual Rows": 1,
                                    "Actual Loops": 1
                                }
                            ],
                            "Plans": [
                                {
                                    "Node Type": "Hash Join",
                                    "Parent Relationship": "Outer",
                                    "Parallel Aware": false,
                                    "Join Type": "Inner",
                                    "Startup Cost": 129694.79,
                                    "Total Cost": 174364.1,
                                    "Plan Rows": 4869,
                                    "Plan Width": 33,
                                    "Actual Startup Time": 2572.24,
                                    "Actual Total Time": 2983.199,
                                    "Actual Rows": 8996,
                                    "Actual Loops": 4,
                                    "Output": [
                                        "chn.name",
                                        "t.title"
                                    ],
                                    "Inner Unique": true,
                                    "Hash Cond": "(mc.company_type_id = ct.id)",
                                    "Workers": [
                                        {
                                            "Worker Number": 0,
                                            "Actual Startup Time": 2747.849,
                                            "Actual Total Time": 2980.786,
                                            "Actual Rows": 5491,
                                            "Actual Loops": 1
                                        },
                                        {
                                            "Worker Number": 1,
                                            "Actual Startup Time": 2593.059,
                                            "Actual Total Time": 2980.103,
                                            "Actual Rows": 10159,
                                            "Actual Loops": 1
                                        },
                                        {
                                            "Worker Number": 2,
                                            "Actual Startup Time": 2176.427,
                                            "Actual Total Time": 2978.502,
                                            "Actual Rows": 16249,
                                            "Actual Loops": 1
                                        }
                                    ],
                                    "Plans": [
                                        {
                                            "Node Type": "Nested Loop",
                                            "Parent Relationship": "Outer",
                                            "Parallel Aware": false,
                                            "Join Type": "Inner",
                                            "Startup Cost": 129693.7,
                                            "Total Cost": 174336.69,
                                            "Plan Rows": 4869,
                                            "Plan Width": 37,
                                            "Actual Startup Time": 2571.861,
                                            "Actual Total Time": 2980.162,
                                            "Actual Rows": 8996,
                                            "Actual Loops": 4,
                                            "Output": [
                                                "chn.name",
                                                "mc.company_type_id",
                                                "t.title"
                                            ],
                                            "Inner Unique": true,
                                            "Workers": [
                                                {
                                                    "Worker Number": 0,
                                                    "Actual Startup Time": 2747.372,
                                                    "Actual Total Time": 2978.844,
                                                    "Actual Rows": 5491,
                                                    "Actual Loops": 1
                                                },
                                                {
                                                    "Worker Number": 1,
                                                    "Actual Startup Time": 2592.584,
                                                    "Actual Total Time": 2977.008,
                                                    "Actual Rows": 10159,
                                                    "Actual Loops": 1
                                                },
                                                {
                                                    "Worker Number": 2,
                                                    "Actual Startup Time": 2175.946,
                                                    "Actual Total Time": 2973.225,
                                                    "Actual Rows": 16249,
                                                    "Actual Loops": 1
                                                }
                                            ],
                                            "Plans": [
                                                {
                                                    "Node Type": "Nested Loop",
                                                    "Parent Relationship": "Outer",
                                                    "Parallel Aware": false,
                                                    "Join Type": "Inner",
                                                    "Startup Cost": 129693.27,
                                                    "Total Cost": 170941.05,
                                                    "Plan Rows": 4869,
                                                    "Plan Width": 25,
                                                    "Actual Startup Time": 2571.751,
                                                    "Actual Total Time": 2934.897,
                                                    "Actual Rows": 9606,
                                                    "Actual Loops": 4,
                                                    "Output": [
                                                        "ci.person_role_id",
                                                        "mc.company_type_id",
                                                        "t.title"
                                                    ],
                                                    "Inner Unique": true,
                                                    "Workers": [
                                                        {
                                                            "Worker Number": 0,
                                                            "Actual Startup Time": 2747.238,
                                                            "Actual Total Time": 2950.345,
                                                            "Actual Rows": 5918,
                                                            "Actual Loops": 1
                                                        },
                                                        {
                                                            "Worker Number": 1,
                                                            "Actual Startup Time": 2592.499,
                                                            "Actual Total Time": 2930.914,
                                                            "Actual Rows": 10790,
                                                            "Actual Loops": 1
                                                        },
                                                        {
                                                            "Worker Number": 2,
                                                            "Actual Startup Time": 2175.785,
                                                            "Actual Total Time": 2893.469,
                                                            "Actual Rows": 17389,
                                                            "Actual Loops": 1
                                                        }
                                                    ],
                                                    "Plans": [
                                                        {
                                                            "Node Type": "Hash Join",
                                                            "Parent Relationship": "Outer",
                                                            "Parallel Aware": false,
                                                            "Join Type": "Inner",
                                                            "Startup Cost": 129692.84,
                                                            "Total Cost": 161208.43,
                                                            "Plan Rows": 18753,
                                                            "Plan Width": 16,
                                                            "Actual Startup Time": 2570.825,
                                                            "Actual Total Time": 2820.19,
                                                            "Actual Rows": 45504,
                                                            "Actual Loops": 4,
                                                            "Output": [
                                                                "ci.movie_id",
                                                                "ci.person_role_id",
                                                                "mc.movie_id",
                                                                "mc.company_type_id"
                                                            ],
                                                            "Inner Unique": false,
                                                            "Hash Cond": "(mc.movie_id = ci.movie_id)",
                                                            "Workers": [
                                                                {
                                                                    "Worker Number": 0,
                                                                    "Actual Startup Time": 2746.034,
                                                                    "Actual Total Time": 2877.968,
                                                                    "Actual Rows": 27208,
                                                                    "Actual Loops": 1
                                                                },
                                                                {
                                                                    "Worker Number": 1,
                                                                    "Actual Startup Time": 2592.443,
                                                                    "Actual Total Time": 2826.652,
                                                                    "Actual Rows": 49979,
                                                                    "Actual Loops": 1
                                                                },
                                                                {
                                                                    "Worker Number": 2,
                                                                    "Actual Startup Time": 2174.082,
                                                                    "Actual Total Time": 2678.611,
                                                                    "Actual Rows": 86791,
                                                                    "Actual Loops": 1
                                                                }
                                                            ],
                                                            "Plans": [
                                                                {
                                                                    "Node Type": "Hash Join",
                                                                    "Parent Relationship": "Outer",
                                                                    "Parallel Aware": true,
                                                                    "Join Type": "Inner",
                                                                    "Startup Cost": 5351.02,
                                                                    "Total Cost": 34766.95,
                                                                    "Plan Rows": 305940,
                                                                    "Plan Width": 8,
                                                                    "Actual Startup Time": 28.22,
                                                                    "Actual Total Time": 204.867,
                                                                    "Actual Rows": 288450,
                                                                    "Actual Loops": 4,
                                                                    "Output": [
                                                                        "mc.movie_id",
                                                                        "mc.company_type_id"
                                                                    ],
                                                                    "Inner Unique": true,
                                                                    "Hash Cond": "(mc.company_id = cn.id)",
                                                                    "Workers": [
                                                                        {
                                                                            "Worker Number": 0,
                                                                            "Actual Startup Time": 24.896,
                                                                            "Actual Total Time": 119.382,
                                                                            "Actual Rows": 158190,
                                                                            "Actual Loops": 1
                                                                        },
                                                                        {
                                                                            "Worker Number": 1,
                                                                            "Actual Startup Time": 24.924,
                                                                            "Actual Total Time": 192.872,
                                                                            "Actual Rows": 289732,
                                                                            "Actual Loops": 1
                                                                        },
                                                                        {
                                                                            "Worker Number": 2,
                                                                            "Actual Startup Time": 24.981,
                                                                            "Actual Total Time": 374.923,
                                                                            "Actual Rows": 593791,
                                                                            "Actual Loops": 1
                                                                        }
                                                                    ],
                                                                    "Plans": [
                                                                        {
                                                                            "Node Type": "Seq Scan",
                                                                            "Parent Relationship": "Outer",
                                                                            "Parallel Aware": true,
                                                                            "Relation Name": "movie_companies",
                                                                            "Schema": "public",
                                                                            "Alias": "mc",
                                                                            "Startup Cost": 0.0,
                                                                            "Total Cost": 27206.55,
                                                                            "Plan Rows": 841655,
                                                                            "Plan Width": 12,
                                                                            "Actual Startup Time": 0.025,
                                                                            "Actual Total Time": 58.828,
                                                                            "Actual Rows": 652282,
                                                                            "Actual Loops": 4,
                                                                            "Output": [
                                                                                "mc.id",
                                                                                "mc.movie_id",
                                                                                "mc.company_id",
                                                                                "mc.company_type_id",
                                                                                "mc.note"
                                                                            ],
                                                                            "Workers": [
                                                                                {
                                                                                    "Worker Number": 0,
                                                                                    "Actual Startup Time": 0.033,
                                                                                    "Actual Total Time": 32.313,
                                                                                    "Actual Rows": 375141,
                                                                                    "Actual Loops": 1
                                                                                },
                                                                                {
                                                                                    "Worker Number": 1,
                                                                                    "Actual Startup Time": 0.022,
                                                                                    "Actual Total Time": 56.367,
                                                                                    "Actual Rows": 688656,
                                                                                    "Actual Loops": 1
                                                                                },
                                                                                {
                                                                                    "Worker Number": 2,
                                                                                    "Actual Startup Time": 0.034,
                                                                                    "Actual Total Time": 115.696,
                                                                                    "Actual Rows": 1284940,
                                                                                    "Actual Loops": 1
                                                                                }
                                                                            ]
                                                                        },
                                                                        {
                                                                            "Node Type": "Hash",
                                                                            "Parent Relationship": "Inner",
                                                                            "Parallel Aware": true,
                                                                            "Startup Cost": 4722.92,
                                                                            "Total Cost": 4722.92,
                                                                            "Plan Rows": 50248,
                                                                            "Plan Width": 4,
                                                                            "Actual Startup Time": 27.572,
                                                                            "Actual Total Time": 27.573,
                                                                            "Actual Rows": 21211,
                                                                            "Actual Loops": 4,
                                                                            "Output": [
                                                                                "cn.id"
                                                                            ],
                                                                            "Hash Buckets": 131072,
                                                                            "Original Hash Buckets": 131072,
                                                                            "Hash Batches": 1,
                                                                            "Original Hash Batches": 1,
                                                                            "Peak Memory Usage": 4416,
                                                                            "Workers": [
                                                                                {
                                                                                    "Worker Number": 0,
                                                                                    "Actual Startup Time": 24.712,
                                                                                    "Actual Total Time": 24.712,
                                                                                    "Actual Rows": 14153,
                                                                                    "Actual Loops": 1
                                                                                },
                                                                                {
                                                                                    "Worker Number": 1,
                                                                                    "Actual Startup Time": 24.847,
                                                                                    "Actual Total Time": 24.848,
                                                                                    "Actual Rows": 16075,
                                                                                    "Actual Loops": 1
                                                                                },
                                                                                {
                                                                                    "Worker Number": 2,
                                                                                    "Actual Startup Time": 24.857,
                                                                                    "Actual Total Time": 24.858,
                                                                                    "Actual Rows": 16722,
                                                                                    "Actual Loops": 1
                                                                                }
                                                                            ],
                                                                            "Plans": [
                                                                                {
                                                                                    "Node Type": "Seq Scan",
                                                                                    "Parent Relationship": "Outer",
                                                                                    "Parallel Aware": true,
                                                                                    "Relation Name": "company_name",
                                                                                    "Schema": "public",
                                                                                    "Alias": "cn",
                                                                                    "Startup Cost": 0.0,
                                                                                    "Total Cost": 4722.92,
                                                                                    "Plan Rows": 50248,
                                                                                    "Plan Width": 4,
                                                                                    "Actual Startup Time": 0.053,
                                                                                    "Actual Total Time": 18.273,
                                                                                    "Actual Rows": 21211,
                                                                                    "Actual Loops": 4,
                                                                                    "Output": [
                                                                                        "cn.id"
                                                                                    ],
                                                                                    "Filter": "((cn.country_code)::text = '[us]'::text)",
                                                                                    "Rows Removed by Filter": 37538,
                                                                                    "Workers": [
                                                                                        {
                                                                                            "Worker Number": 0,
                                                                                            "Actual Startup Time": 0.067,
                                                                                            "Actual Total Time": 16.161,
                                                                                            "Actual Rows": 14153,
                                                                                            "Actual Loops": 1
                                                                                        },
                                                                                        {
                                                                                            "Worker Number": 1,
                                                                                            "Actual Startup Time": 0.062,
                                                                                            "Actual Total Time": 16.591,
                                                                                            "Actual Rows": 16075,
                                                                                            "Actual Loops": 1
                                                                                        },
                                                                                        {
                                                                                            "Worker Number": 2,
                                                                                            "Actual Startup Time": 0.063,
                                                                                            "Actual Total Time": 16.795,
                                                                                            "Actual Rows": 16722,
                                                                                            "Actual Loops": 1
                                                                                        }
                                                                                    ]
                                                                                }
                                                                            ]
                                                                        }
                                                                    ]
                                                                },
                                                                {
                                                                    "Node Type": "Hash",
                                                                    "Parent Relationship": "Inner",
                                                                    "Parallel Aware": false,
                                                                    "Startup Cost": 123546.77,
                                                                    "Total Cost": 123546.77,
                                                                    "Plan Rows": 63604,
                                                                    "Plan Width": 8,
                                                                    "Actual Startup Time": 2541.973,
                                                                    "Actual Total Time": 2541.975,
                                                                    "Actual Rows": 242123,
                                                                    "Actual Loops": 4,
                                                                    "Output": [
                                                                        "ci.movie_id",
                                                                        "ci.person_role_id"
                                                                    ],
                                                                    "Hash Buckets": 262144,
                                                                    "Original Hash Buckets": 65536,
                                                                    "Hash Batches": 1,
                                                                    "Original Hash Batches": 1,
                                                                    "Peak Memory Usage": 11422,
                                                                    "Workers": [
                                                                        {
                                                                            "Worker Number": 0,
                                                                            "Actual Startup Time": 2720.624,
                                                                            "Actual Total Time": 2720.625,
                                                                            "Actual Rows": 242123,
                                                                            "Actual Loops": 1
                                                                        },
                                                                        {
                                                                            "Worker Number": 1,
                                                                            "Actual Startup Time": 2567.021,
                                                                            "Actual Total Time": 2567.024,
                                                                            "Actual Rows": 242123,
                                                                            "Actual Loops": 1
                                                                        },
                                                                        {
                                                                            "Worker Number": 2,
                                                                            "Actual Startup Time": 2148.538,
                                                                            "Actual Total Time": 2148.539,
                                                                            "Actual Rows": 242123,
                                                                            "Actual Loops": 1
                                                                        }
                                                                    ],
                                                                    "Plans": [
                                                                        {
                                                                            "Node Type": "Nested Loop",
                                                                            "Parent Relationship": "Outer",
                                                                            "Parallel Aware": false,
                                                                            "Join Type": "Inner",
                                                                            "Startup Cost": 0.56,
                                                                            "Total Cost": 123546.77,
                                                                            "Plan Rows": 63604,
                                                                            "Plan Width": 8,
                                                                            "Actual Startup Time": 0.464,
                                                                            "Actual Total Time": 2466.145,
                                                                            "Actual Rows": 242123,
                                                                            "Actual Loops": 4,
                                                                            "Output": [
                                                                                "ci.movie_id",
                                                                                "ci.person_role_id"
                                                                            ],
                                                                            "Inner Unique": false,
                                                                            "Workers": [
                                                                                {
                                                                                    "Worker Number": 0,
                                                                                    "Actual Startup Time": 0.384,
                                                                                    "Actual Total Time": 2640.611,
                                                                                    "Actual Rows": 242123,
                                                                                    "Actual Loops": 1
                                                                                },
                                                                                {
                                                                                    "Worker Number": 1,
                                                                                    "Actual Startup Time": 0.526,
                                                                                    "Actual Total Time": 2497.326,
                                                                                    "Actual Rows": 242123,
                                                                                    "Actual Loops": 1
                                                                                },
                                                                                {
                                                                                    "Worker Number": 2,
                                                                                    "Actual Startup Time": 0.459,
                                                                                    "Actual Total Time": 2071.103,
                                                                                    "Actual Rows": 242123,
                                                                                    "Actual Loops": 1
                                                                                }
                                                                            ],
                                                                            "Plans": [
                                                                                {
                                                                                    "Node Type": "Seq Scan",
                                                                                    "Parent Relationship": "Outer",
                                                                                    "Parallel Aware": false,
                                                                                    "Relation Name": "role_type",
                                                                                    "Schema": "public",
                                                                                    "Alias": "rt",
                                                                                    "Startup Cost": 0.0,
                                                                                    "Total Cost": 1.15,
                                                                                    "Plan Rows": 1,
                                                                                    "Plan Width": 4,
                                                                                    "Actual Startup Time": 0.04,
                                                                                    "Actual Total Time": 0.044,
                                                                                    "Actual Rows": 1,
                                                                                    "Actual Loops": 4,
                                                                                    "Output": [
                                                                                        "rt.id",
                                                                                        "rt.role"
                                                                                    ],
                                                                                    "Filter": "((rt.role)::text = 'actress'::text)",
                                                                                    "Rows Removed by Filter": 11,
                                                                                    "Workers": [
                                                                                        {
                                                                                            "Worker Number": 0,
                                                                                            "Actual Startup Time": 0.047,
                                                                                            "Actual Total Time": 0.052,
                                                                                            "Actual Rows": 1,
                                                                                            "Actual Loops": 1
                                                                                        },
                                                                                        {
                                                                                            "Worker Number": 1,
                                                                                            "Actual Startup Time": 0.053,
                                                                                            "Actual Total Time": 0.057,
                                                                                            "Actual Rows": 1,
                                                                                            "Actual Loops": 1
                                                                                        },
                                                                                        {
                                                                                            "Worker Number": 2,
                                                                                            "Actual Startup Time": 0.041,
                                                                                            "Actual Total Time": 0.046,
                                                                                            "Actual Rows": 1,
                                                                                            "Actual Loops": 1
                                                                                        }
                                                                                    ]
                                                                                },
                                                                                {
                                                                                    "Node Type": "Index Scan",
                                                                                    "Parent Relationship": "Inner",
                                                                                    "Parallel Aware": false,
                                                                                    "Scan Direction": "Forward",
                                                                                    "Index Name": "role_id_cast_info",
                                                                                    "Relation Name": "cast_info",
                                                                                    "Schema": "public",
                                                                                    "Alias": "ci",
                                                                                    "Startup Cost": 0.56,
                                                                                    "Total Cost": 122851.76,
                                                                                    "Plan Rows": 69386,
                                                                                    "Plan Width": 12,
                                                                                    "Actual Startup Time": 0.42,
                                                                                    "Actual Total Time": 2437.572,
                                                                                    "Actual Rows": 242123,
                                                                                    "Actual Loops": 4,
                                                                                    "Output": [
                                                                                        "ci.id",
                                                                                        "ci.person_id",
                                                                                        "ci.movie_id",
                                                                                        "ci.person_role_id",
                                                                                        "ci.note",
                                                                                        "ci.nr_order",
                                                                                        "ci.role_id"
                                                                                    ],
                                                                                    "Index Cond": "(ci.role_id = rt.id)",
                                                                                    "Rows Removed by Index Recheck": 0,
                                                                                    "Filter": "(ci.note ~~ '%(voice)%'::text)",
                                                                                    "Rows Removed by Filter": 7209850,
                                                                                    "Workers": [
                                                                                        {
                                                                                            "Worker Number": 0,
                                                                                            "Actual Startup Time": 0.333,
                                                                                            "Actual Total Time": 2612.695,
                                                                                            "Actual Rows": 242123,
                                                                                            "Actual Loops": 1
                                                                                        },
                                                                                        {
                                                                                            "Worker Number": 1,
                                                                                            "Actual Startup Time": 0.467,
                                                                                            "Actual Total Time": 2469.106,
                                                                                            "Actual Rows": 242123,
                                                                                            "Actual Loops": 1
                                                                                        },
                                                                                        {
                                                                                            "Worker Number": 2,
                                                                                            "Actual Startup Time": 0.414,
                                                                                            "Actual Total Time": 2042.628,
                                                                                            "Actual Rows": 242123,
                                                                                            "Actual Loops": 1
                                                                                        }
                                                                                    ]
                                                                                }
                                                                            ]
                                                                        }
                                                                    ]
                                                                }
                                                            ]
                                                        },
                                                        {
                                                            "Node Type": "Index Scan",
                                                            "Parent Relationship": "Inner",
                                                            "Parallel Aware": false,
                                                            "Scan Direction": "Forward",
                                                            "Index Name": "title_pkey",
                                                            "Relation Name": "title",
                                                            "Schema": "public",
                                                            "Alias": "t",
                                                            "Startup Cost": 0.43,
                                                            "Total Cost": 0.52,
                                                            "Plan Rows": 1,
                                                            "Plan Width": 21,
                                                            "Actual Startup Time": 0.002,
                                                            "Actual Total Time": 0.002,
                                                            "Actual Rows": 0,
                                                            "Actual Loops": 182014,
                                                            "Output": [
                                                                "t.id",
                                                                "t.title",
                                                                "t.imdb_index",
                                                                "t.kind_id",
                                                                "t.production_year",
                                                                "t.imdb_id",
                                                                "t.phonetic_code",
                                                                "t.episode_of_id",
                                                                "t.season_nr",
                                                                "t.episode_nr",
                                                                "t.series_years",
                                                                "t.md5sum"
                                                            ],
                                                            "Index Cond": "(t.id = mc.movie_id)",
                                                            "Rows Removed by Index Recheck": 0,
                                                            "Filter": "(t.production_year > 2008)",
                                                            "Rows Removed by Filter": 1,
                                                            "Workers": [
                                                                {
                                                                    "Worker Number": 0,
                                                                    "Actual Startup Time": 0.002,
                                                                    "Actual Total Time": 0.002,
                                                                    "Actual Rows": 0,
                                                                    "Actual Loops": 27208
                                                                },
                                                                {
                                                                    "Worker Number": 1,
                                                                    "Actual Startup Time": 0.002,
                                                                    "Actual Total Time": 0.002,
                                                                    "Actual Rows": 0,
                                                                    "Actual Loops": 49979
                                                                },
                                                                {
                                                                    "Worker Number": 2,
                                                                    "Actual Startup Time": 0.002,
                                                                    "Actual Total Time": 0.002,
                                                                    "Actual Rows": 0,
                                                                    "Actual Loops": 86791
                                                                }
                                                            ]
                                                        }
                                                    ]
                                                },
                                                {
                                                    "Node Type": "Index Scan",
                                                    "Parent Relationship": "Inner",
                                                    "Parallel Aware": false,
                                                    "Scan Direction": "Forward",
                                                    "Index Name": "char_name_pkey",
                                                    "Relation Name": "char_name",
                                                    "Schema": "public",
                                                    "Alias": "chn",
                                                    "Startup Cost": 0.43,
                                                    "Total Cost": 0.7,
                                                    "Plan Rows": 1,
                                                    "Plan Width": 20,
                                                    "Actual Startup Time": 0.004,
                                                    "Actual Total Time": 0.004,
                                                    "Actual Rows": 1,
                                                    "Actual Loops": 38422,
                                                    "Output": [
                                                        "chn.id",
                                                        "chn.name",
                                                        "chn.imdb_index",
                                                        "chn.imdb_id",
                                                        "chn.name_pcode_nf",
                                                        "chn.surname_pcode",
                                                        "chn.md5sum"
                                                    ],
                                                    "Index Cond": "(chn.id = ci.person_role_id)",
                                                    "Rows Removed by Index Recheck": 0,
                                                    "Workers": [
                                                        {
                                                            "Worker Number": 0,
                                                            "Actual Startup Time": 0.004,
                                                            "Actual Total Time": 0.004,
                                                            "Actual Rows": 1,
                                                            "Actual Loops": 5918
                                                        },
                                                        {
                                                            "Worker Number": 1,
                                                            "Actual Startup Time": 0.004,
                                                            "Actual Total Time": 0.004,
                                                            "Actual Rows": 1,
                                                            "Actual Loops": 10790
                                                        },
                                                        {
                                                            "Worker Number": 2,
                                                            "Actual Startup Time": 0.004,
                                                            "Actual Total Time": 0.004,
                                                            "Actual Rows": 1,
                                                            "Actual Loops": 17389
                                                        }
                                                    ]
                                                }
                                            ]
                                        },
                                        {
                                            "Node Type": "Hash",
                                            "Parent Relationship": "Inner",
                                            "Parallel Aware": false,
                                            "Startup Cost": 1.04,
                                            "Total Cost": 1.04,
                                            "Plan Rows": 4,
                                            "Plan Width": 4,
                                            "Actual Startup Time": 0.081,
                                            "Actual Total Time": 0.084,
                                            "Actual Rows": 4,
                                            "Actual Loops": 4,
                                            "Output": [
                                                "ct.id"
                                            ],
                                            "Hash Buckets": 1024,
                                            "Original Hash Buckets": 1024,
                                            "Hash Batches": 1,
                                            "Original Hash Batches": 1,
                                            "Peak Memory Usage": 9,
                                            "Workers": [
                                                {
                                                    "Worker Number": 0,
                                                    "Actual Startup Time": 0.087,
                                                    "Actual Total Time": 0.097,
                                                    "Actual Rows": 4,
                                                    "Actual Loops": 1
                                                },
                                                {
                                                    "Worker Number": 1,
                                                    "Actual Startup Time": 0.111,
                                                    "Actual Total Time": 0.111,
                                                    "Actual Rows": 4,
                                                    "Actual Loops": 1
                                                },
                                                {
                                                    "Worker Number": 2,
                                                    "Actual Startup Time": 0.108,
                                                    "Actual Total Time": 0.109,
                                                    "Actual Rows": 4,
                                                    "Actual Loops": 1
                                                }
                                            ],
                                            "Plans": [
                                                {
                                                    "Node Type": "Seq Scan",
                                                    "Parent Relationship": "Outer",
                                                    "Parallel Aware": false,
                                                    "Relation Name": "company_type",
                                                    "Schema": "public",
                                                    "Alias": "ct",
                                                    "Startup Cost": 0.0,
                                                    "Total Cost": 1.04,
                                                    "Plan Rows": 4,
                                                    "Plan Width": 4,
                                                    "Actual Startup Time": 0.056,
                                                    "Actual Total Time": 0.059,
                                                    "Actual Rows": 4,
                                                    "Actual Loops": 4,
                                                    "Output": [
                                                        "ct.id"
                                                    ],
                                                    "Workers": [
                                                        {
                                                            "Worker Number": 0,
                                                            "Actual Startup Time": 0.057,
                                                            "Actual Total Time": 0.061,
                                                            "Actual Rows": 4,
                                                            "Actual Loops": 1
                                                        },
                                                        {
                                                            "Worker Number": 1,
                                                            "Actual Startup Time": 0.079,
                                                            "Actual Total Time": 0.083,
                                                            "Actual Rows": 4,
                                                            "Actual Loops": 1
                                                        },
                                                        {
                                                            "Worker Number": 2,
                                                            "Actual Startup Time": 0.077,
                                                            "Actual Total Time": 0.081,
                                                            "Actual Rows": 4,
                                                            "Actual Loops": 1
                                                        }
                                                    ]
                                                }
                                            ]
                                        }
                                    ]
                                }
                            ]
                        }
                    ]
                }
            ]
        },
        "Planning Time": 2121.723,
        "Triggers": [],
        "Execution Time": 3061.093
    }
]