[
  {
    "Plan": {
      "Node Type": "Aggregate",
      "Strategy": "Plain",
      "Partial Mode": "Finalize",
      "Parallel Aware": false,
      "Startup Cost": 32386.8,
      "Total Cost": 32386.81,
      "Plan Rows": 1,
      "Plan Width": 8,
      "Actual Startup Time": 130.51,
      "Actual Total Time": 137.205,
      "Actual Rows": 1,
      "Actual Loops": 1,
      "Plans": [
        {
          "Node Type": "Gather",
          "Parent Relationship": "Outer",
          "Parallel Aware": false,
          "Startup Cost": 32386.48,
          "Total Cost": 32386.79,
          "Plan Rows": 3,
          "Plan Width": 8,
          "Actual Startup Time": 130.374,
          "Actual Total Time": 137.196,
          "Actual Rows": 4,
          "Actual Loops": 1,
          "Workers Planned": 3,
          "Workers Launched": 3,
          "Single Copy": false,
          "Plans": [
            {
              "Node Type": "Aggregate",
              "Strategy": "Plain",
              "Partial Mode": "Partial",
              "Parent Relationship": "Outer",
              "Parallel Aware": false,
              "Startup Cost": 31386.48,
              "Total Cost": 31386.49,
              "Plan Rows": 1,
              "Plan Width": 8,
              "Actual Startup Time": 125.963,
              "Actual Total Time": 125.964,
              "Actual Rows": 1,
              "Actual Loops": 4,
              "Plans": [
                {
                  "Node Type": "Seq Scan",
                  "Parent Relationship": "Outer",
                  "Parallel Aware": true,
                  "Relation Name": "movie_companies",
                  "Alias": "mc",
                  "Startup Cost": 0.0,
                  "Total Cost": 29310.68,
                  "Plan Rows": 830321,
                  "Plan Width": 0,
                  "Actual Startup Time": 0.019,
                  "Actual Total Time": 89.553,
                  "Actual Rows": 643636,
                  "Actual Loops": 4,
                  "Filter": "(company_id < 203877)",
                  "Rows Removed by Filter": 8646
                }
              ]
            }
          ]
        }
      ]
    },
    "Planning Time": 0.248,
    "Triggers": [],
    "Execution Time": 137.257
  }
]