{
  "Plan": {
    "Node Type": "Aggregate",
    "Strategy": "Plain",
    "Partial Mode": "Finalize",
    "Parallel Aware": false,
    "Startup Cost": 77563.91,
    "Total Cost": 77563.92,
    "Plan Rows": 1,
    "Plan Width": 8,
    "Actual Startup Time": 231.471,
    "Actual Total Time": 242.107,
    "Actual Rows": 1,
    "Actual Loops": 1,
    "Plans": [
      {
        "Node Type": "Gather",
        "Parent Relationship": "Outer",
        "Parallel Aware": false,
        "Startup Cost": 77563.79,
        "Total Cost": 77563.9,
        "Plan Rows": 1,
        "Plan Width": 8,
        "Actual Startup Time": 231.335,
        "Actual Total Time": 242.1,
        "Actual Rows": 2,
        "Actual Loops": 1,
        "Workers Planned": 1,
        "Workers Launched": 1,
        "Single Copy": false,
        "Plans": [
          {
            "Node Type": "Aggregate",
            "Strategy": "Plain",
            "Partial Mode": "Partial",
            "Parent Relationship": "Outer",
            "Parallel Aware": false,
            "Startup Cost": 76563.79,
            "Total Cost": 76563.8,
            "Plan Rows": 1,
            "Plan Width": 8,
            "Actual Startup Time": 225.897,
            "Actual Total Time": 225.9,
            "Actual Rows": 1,
            "Actual Loops": 2,
            "Plans": [
              {
                "Node Type": "Hash Join",
                "Parent Relationship": "Outer",
                "Parallel Aware": true,
                "Join Type": "Inner",
                "Startup Cost": 58372.77,
                "Total Cost": 76556.56,
                "Plan Rows": 2895,
                "Plan Width": 0,
                "Actual Startup Time": 135.056,
                "Actual Total Time": 225.827,
                "Actual Rows": 1485,
                "Actual Loops": 2,
                "Inner Unique": true,
                "Hash Cond": "(mi_idx.movie_id = t.id)",
                "Plans": [
                  {
                    "Node Type": "Seq Scan",
                    "Parent Relationship": "Outer",
                    "Parallel Aware": true,
                    "Relation Name": "movie_info_idx",
                    "Alias": "mi_idx",
                    "Startup Cost": 0.0,
                    "Total Cost": 16052.85,
                    "Plan Rows": 811785,
                    "Plan Width": 4,
                    "Actual Startup Time": 0.017,
                    "Actual Total Time": 45.567,
                    "Actual Rows": 690018,
                    "Actual Loops": 2
                  },
                  {
                    "Node Type": "Hash",
                    "Parent Relationship": "Inner",
                    "Parallel Aware": true,
                    "Startup Cost": 58306.47,
                    "Total Cost": 58306.47,
                    "Plan Rows": 5304,
                    "Plan Width": 4,
                    "Actual Startup Time": 133.018,
                    "Actual Total Time": 133.019,
                    "Actual Rows": 3911,
                    "Actual Loops": 2,
                    "Hash Buckets": 16384,
                    "Original Hash Buckets": 16384,
                    "Hash Batches": 1,
                    "Original Hash Batches": 1,
                    "Peak Memory Usage": 480,
                    "Plans": [
                      {
                        "Node Type": "Seq Scan",
                        "Parent Relationship": "Outer",
                        "Parallel Aware": true,
                        "Relation Name": "title",
                        "Alias": "t",
                        "Startup Cost": 0.0,
                        "Total Cost": 58306.47,
                        "Plan Rows": 5304,
                        "Plan Width": 4,
                        "Actual Startup Time": 0.196,
                        "Actual Total Time": 131.458,
                        "Actual Rows": 3911,
                        "Actual Loops": 2,
                        "Filter": "((kind_id = 7) AND (production_year = 1974))",
                        "Rows Removed by Filter": 1260245
                      }
                    ]
                  }
                ]
              }
            ]
          }
        ]
      }
    ]
  },
  "Planning Time": 0.46,
  "Triggers": [],
  "Execution Time": 242.177
}