[
  {
    "Plan": {
      "Node Type": "Aggregate",
      "Strategy": "Plain",
      "Partial Mode": "Finalize",
      "Parallel Aware": false,
      "Startup Cost": 357147.71,
      "Total Cost": 357147.72,
      "Plan Rows": 1,
      "Plan Width": 8,
      "Actual Startup Time": 994.157,
      "Actual Total Time": 1049.89,
      "Actual Rows": 1,
      "Actual Loops": 1,
      "Plans": [
        {
          "Node Type": "Gather",
          "Parent Relationship": "Outer",
          "Parallel Aware": false,
          "Startup Cost": 357147.09,
          "Total Cost": 357147.7,
          "Plan Rows": 6,
          "Plan Width": 8,
          "Actual Startup Time": 993.958,
          "Actual Total Time": 1049.876,
          "Actual Rows": 7,
          "Actual Loops": 1,
          "Workers Planned": 6,
          "Workers Launched": 6,
          "Single Copy": false,
          "Plans": [
            {
              "Node Type": "Aggregate",
              "Strategy": "Plain",
              "Partial Mode": "Partial",
              "Parent Relationship": "Outer",
              "Parallel Aware": false,
              "Startup Cost": 356147.09,
              "Total Cost": 356147.1,
              "Plan Rows": 1,
              "Plan Width": 8,
              "Actual Startup Time": 987.397,
              "Actual Total Time": 987.398,
              "Actual Rows": 1,
              "Actual Loops": 7,
              "Plans": [
                {
                  "Node Type": "Seq Scan",
                  "Parent Relationship": "Outer",
                  "Parallel Aware": true,
                  "Relation Name": "cast_info",
                  "Alias": "ci",
                  "Startup Cost": 0.0,
                  "Total Cost": 343316.27,
                  "Plan Rows": 5132327,
                  "Plan Width": 0,
                  "Actual Startup Time": 16.846,
                  "Actual Total Time": 772.985,
                  "Actual Rows": 4382793,
                  "Actual Loops": 7,
                  "Filter": "((person_id > 99726) AND (role_id < 10))",
                  "Rows Removed by Filter": 794970
                }
              ]
            }
          ]
        }
      ]
    },
    "Planning Time": 0.117,
    "Triggers": [],
    "Execution Time": 1049.94
  }
]