[
  {
    "Plan": {
      "Node Type": "Aggregate",
      "Strategy": "Plain",
      "Partial Mode": "Finalize",
      "Parallel Aware": false,
      "Startup Cost": 393411.09,
      "Total Cost": 393411.1,
      "Plan Rows": 1,
      "Plan Width": 8,
      "Actual Startup Time": 2079.725,
      "Actual Total Time": 2148.218,
      "Actual Rows": 1,
      "Actual Loops": 1,
      "Plans": [
        {
          "Node Type": "Gather",
          "Parent Relationship": "Outer",
          "Parallel Aware": false,
          "Startup Cost": 393410.47,
          "Total Cost": 393411.08,
          "Plan Rows": 6,
          "Plan Width": 8,
          "Actual Startup Time": 2063.798,
          "Actual Total Time": 2148.202,
          "Actual Rows": 7,
          "Actual Loops": 1,
          "Workers Planned": 6,
          "Workers Launched": 6,
          "Single Copy": false,
          "Plans": [
            {
              "Node Type": "Aggregate",
              "Strategy": "Plain",
              "Partial Mode": "Partial",
              "Parent Relationship": "Outer",
              "Parallel Aware": false,
              "Startup Cost": 392410.47,
              "Total Cost": 392410.48,
              "Plan Rows": 1,
              "Plan Width": 8,
              "Actual Startup Time": 2047.523,
              "Actual Total Time": 2047.526,
              "Actual Rows": 1,
              "Actual Loops": 7,
              "Plans": [
                {
                  "Node Type": "Hash Join",
                  "Parent Relationship": "Outer",
                  "Parallel Aware": true,
                  "Join Type": "Inner",
                  "Startup Cost": 49443.78,
                  "Total Cost": 386479.48,
                  "Plan Rows": 2372396,
                  "Plan Width": 0,
                  "Actual Startup Time": 361.773,
                  "Actual Total Time": 1949.674,
                  "Actual Rows": 2032574,
                  "Actual Loops": 7,
                  "Inner Unique": true,
                  "Hash Cond": "(ci.movie_id = t.id)",
                  "Plans": [
                    {
                      "Node Type": "Seq Scan",
                      "Parent Relationship": "Outer",
                      "Parallel Aware": true,
                      "Relation Name": "cast_info",
                      "Alias": "ci",
                      "Startup Cost": 0.0,
                      "Total Cost": 328162.03,
                      "Plan Rows": 3380444,
                      "Plan Width": 4,
                      "Actual Startup Time": 160.321,
                      "Actual Total Time": 620.144,
                      "Actual Rows": 2900787,
                      "Actual Loops": 7,
                      "Filter": "(person_id > 1575606)",
                      "Rows Removed by Filter": 2276977
                    },
                    {
                      "Node Type": "Hash",
                      "Parent Relationship": "Inner",
                      "Parallel Aware": true,
                      "Startup Cost": 43898.92,
                      "Total Cost": 43898.92,
                      "Plan Rows": 443589,
                      "Plan Width": 4,
                      "Actual Startup Time": 196.403,
                      "Actual Total Time": 196.404,
                      "Actual Rows": 253519,
                      "Actual Loops": 7,
                      "Hash Buckets": 2097152,
                      "Original Hash Buckets": 2097152,
                      "Hash Batches": 1,
                      "Original Hash Batches": 1,
                      "Peak Memory Usage": 85856,
                      "Plans": [
                        {
                          "Node Type": "Seq Scan",
                          "Parent Relationship": "Outer",
                          "Parallel Aware": true,
                          "Relation Name": "title",
                          "Alias": "t",
                          "Startup Cost": 0.0,
                          "Total Cost": 43898.92,
                          "Plan Rows": 443589,
                          "Plan Width": 4,
                          "Actual Startup Time": 0.039,
                          "Actual Total Time": 80.701,
                          "Actual Rows": 253519,
                          "Actual Loops": 7,
                          "Filter": "(kind_id > 2)",
                          "Rows Removed by Filter": 107668
                        }
                      ]
                    }
                  ]
                }
              ]
            }
          ]
        }
      ]
    },
    "Planning Time": 0.559,
    "Triggers": [],
    "Execution Time": 2148.301
  }
]