[
  {
    "Plan": {
      "Node Type": "Aggregate",
      "Strategy": "Plain",
      "Partial Mode": "Finalize",
      "Parallel Aware": false,
      "Startup Cost": 346690.79,
      "Total Cost": 346690.8,
      "Plan Rows": 1,
      "Plan Width": 8,
      "Actual Startup Time": 765.466,
      "Actual Total Time": 826.249,
      "Actual Rows": 1,
      "Actual Loops": 1,
      "Plans": [
        {
          "Node Type": "Gather",
          "Parent Relationship": "Outer",
          "Parallel Aware": false,
          "Startup Cost": 346690.17,
          "Total Cost": 346690.78,
          "Plan Rows": 6,
          "Plan Width": 8,
          "Actual Startup Time": 765.296,
          "Actual Total Time": 826.231,
          "Actual Rows": 7,
          "Actual Loops": 1,
          "Workers Planned": 6,
          "Workers Launched": 6,
          "Single Copy": false,
          "Plans": [
            {
              "Node Type": "Aggregate",
              "Strategy": "Plain",
              "Partial Mode": "Partial",
              "Parent Relationship": "Outer",
              "Parallel Aware": false,
              "Startup Cost": 345690.17,
              "Total Cost": 345690.18,
              "Plan Rows": 1,
              "Plan Width": 8,
              "Actual Startup Time": 757.195,
              "Actual Total Time": 757.198,
              "Actual Rows": 1,
              "Actual Loops": 7,
              "Plans": [
                {
                  "Node Type": "Seq Scan",
                  "Parent Relationship": "Outer",
                  "Parallel Aware": true,
                  "Relation Name": "cast_info",
                  "Alias": "ci",
                  "Startup Cost": 0.0,
                  "Total Cost": 343316.27,
                  "Plan Rows": 949559,
                  "Plan Width": 0,
                  "Actual Startup Time": 0.062,
                  "Actual Total Time": 695.951,
                  "Actual Rows": 1053666,
                  "Actual Loops": 7,
                  "Filter": "((person_id < 1007198) AND (role_id < 3))",
                  "Rows Removed by Filter": 4124097
                }
              ]
            }
          ]
        }
      ]
    },
    "Planning Time": 0.16,
    "Triggers": [],
    "Execution Time": 826.306
  }
]