[
  {
    "Plan": {
      "Node Type": "Aggregate",
      "Strategy": "Plain",
      "Partial Mode": "Finalize",
      "Parallel Aware": false,
      "Startup Cost": 333298.36,
      "Total Cost": 333298.37,
      "Plan Rows": 1,
      "Plan Width": 8,
      "Actual Startup Time": 606.898,
      "Actual Total Time": 648.402,
      "Actual Rows": 1,
      "Actual Loops": 1,
      "Plans": [
        {
          "Node Type": "Gather",
          "Parent Relationship": "Outer",
          "Parallel Aware": false,
          "Startup Cost": 333297.74,
          "Total Cost": 333298.35,
          "Plan Rows": 6,
          "Plan Width": 8,
          "Actual Startup Time": 606.613,
          "Actual Total Time": 648.393,
          "Actual Rows": 7,
          "Actual Loops": 1,
          "Workers Planned": 6,
          "Workers Launched": 6,
          "Single Copy": false,
          "Plans": [
            {
              "Node Type": "Aggregate",
              "Strategy": "Plain",
              "Partial Mode": "Partial",
              "Parent Relationship": "Outer",
              "Parallel Aware": false,
              "Startup Cost": 332297.74,
              "Total Cost": 332297.75,
              "Plan Rows": 1,
              "Plan Width": 8,
              "Actual Startup Time": 599.092,
              "Actual Total Time": 599.093,
              "Actual Rows": 1,
              "Actual Loops": 7,
              "Plans": [
                {
                  "Node Type": "Seq Scan",
                  "Parent Relationship": "Outer",
                  "Parallel Aware": true,
                  "Relation Name": "cast_info",
                  "Alias": "ci",
                  "Startup Cost": 0.0,
                  "Total Cost": 328211.39,
                  "Plan Rows": 1634538,
                  "Plan Width": 0,
                  "Actual Startup Time": 284.708,
                  "Actual Total Time": 535.582,
                  "Actual Rows": 1386859,
                  "Actual Loops": 7,
                  "Filter": "(person_id > 2738482)",
                  "Rows Removed by Filter": 3790904
                }
              ]
            }
          ]
        }
      ]
    },
    "Planning Time": 0.094,
    "Triggers": [],
    "Execution Time": 648.443
  }
]