[
  {
    "Plan": {
      "Node Type": "Aggregate",
      "Strategy": "Plain",
      "Partial Mode": "Finalize",
      "Parallel Aware": false,
      "Startup Cost": 333246.85,
      "Total Cost": 333246.86,
      "Plan Rows": 1,
      "Plan Width": 8,
      "Actual Startup Time": 600.791,
      "Actual Total Time": 656.137,
      "Actual Rows": 1,
      "Actual Loops": 1,
      "Plans": [
        {
          "Node Type": "Gather",
          "Parent Relationship": "Outer",
          "Parallel Aware": false,
          "Startup Cost": 333246.23,
          "Total Cost": 333246.84,
          "Plan Rows": 6,
          "Plan Width": 8,
          "Actual Startup Time": 600.654,
          "Actual Total Time": 656.122,
          "Actual Rows": 7,
          "Actual Loops": 1,
          "Workers Planned": 6,
          "Workers Launched": 6,
          "Single Copy": false,
          "Plans": [
            {
              "Node Type": "Aggregate",
              "Strategy": "Plain",
              "Partial Mode": "Partial",
              "Parent Relationship": "Outer",
              "Parallel Aware": false,
              "Startup Cost": 332246.23,
              "Total Cost": 332246.24,
              "Plan Rows": 1,
              "Plan Width": 8,
              "Actual Startup Time": 592.385,
              "Actual Total Time": 592.387,
              "Actual Rows": 1,
              "Actual Loops": 7,
              "Plans": [
                {
                  "Node Type": "Seq Scan",
                  "Parent Relationship": "Outer",
                  "Parallel Aware": true,
                  "Relation Name": "cast_info",
                  "Alias": "ci",
                  "Startup Cost": 0.0,
                  "Total Cost": 328162.03,
                  "Plan Rows": 1633681,
                  "Plan Width": 0,
                  "Actual Startup Time": 287.589,
                  "Actual Total Time": 536.756,
                  "Actual Rows": 1386859,
                  "Actual Loops": 7,
                  "Filter": "(person_id > 2738482)",
                  "Rows Removed by Filter": 3790904
                }
              ]
            }
          ]
        }
      ]
    },
    "Planning Time": 0.15,
    "Triggers": [],
    "Execution Time": 656.195
  }
]