[
  {
    "Plan": {
      "Node Type": "Aggregate",
      "Strategy": "Plain",
      "Partial Mode": "Finalize",
      "Parallel Aware": false,
      "Startup Cost": 135554.34,
      "Total Cost": 135554.35,
      "Plan Rows": 1,
      "Plan Width": 8,
      "Actual Startup Time": 1037.002,
      "Actual Total Time": 1064.603,
      "Actual Rows": 1,
      "Actual Loops": 1,
      "Plans": [
        {
          "Node Type": "Gather",
          "Parent Relationship": "Outer",
          "Parallel Aware": false,
          "Startup Cost": 135554.02,
          "Total Cost": 135554.33,
          "Plan Rows": 3,
          "Plan Width": 8,
          "Actual Startup Time": 1014.891,
          "Actual Total Time": 1064.594,
          "Actual Rows": 4,
          "Actual Loops": 1,
          "Workers Planned": 3,
          "Workers Launched": 3,
          "Single Copy": false,
          "Plans": [
            {
              "Node Type": "Aggregate",
              "Strategy": "Plain",
              "Partial Mode": "Partial",
              "Parent Relationship": "Outer",
              "Parallel Aware": false,
              "Startup Cost": 134554.02,
              "Total Cost": 134554.03,
              "Plan Rows": 1,
              "Plan Width": 8,
              "Actual Startup Time": 1001.931,
              "Actual Total Time": 1002.544,
              "Actual Rows": 1,
              "Actual Loops": 4,
              "Plans": [
                {
                  "Node Type": "Hash Join",
                  "Parent Relationship": "Outer",
                  "Parallel Aware": true,
                  "Join Type": "Inner",
                  "Startup Cost": 87239.18,
                  "Total Cost": 133728.04,
                  "Plan Rows": 330394,
                  "Plan Width": 0,
                  "Actual Startup Time": 707.977,
                  "Actual Total Time": 958.506,
                  "Actual Rows": 1013616,
                  "Actual Loops": 4,
                  "Inner Unique": false,
                  "Hash Cond": "(mk.movie_id = t.id)",
                  "Plans": [
                    {
                      "Node Type": "Seq Scan",
                      "Parent Relationship": "Outer",
                      "Parallel Aware": true,
                      "Relation Name": "movie_keyword",
                      "Alias": "mk",
                      "Startup Cost": 0.0,
                      "Total Cost": 42695.65,
                      "Plan Rows": 727311,
                      "Plan Width": 4,
                      "Actual Startup Time": 0.498,
                      "Actual Total Time": 109.282,
                      "Actual Rows": 560748,
                      "Actual Loops": 4,
                      "Filter": "(keyword_id > 4834)",
                      "Rows Removed by Filter": 570235
                    },
                    {
                      "Node Type": "Hash",
                      "Parent Relationship": "Inner",
                      "Parallel Aware": true,
                      "Startup Cost": 82607.79,
                      "Total Cost": 82607.79,
                      "Plan Rows": 370511,
                      "Plan Width": 8,
                      "Actual Startup Time": 699.152,
                      "Actual Total Time": 699.764,
                      "Actual Rows": 313851,
                      "Actual Loops": 4,
                      "Hash Buckets": 2097152,
                      "Original Hash Buckets": 2097152,
                      "Hash Batches": 1,
                      "Original Hash Batches": 1,
                      "Peak Memory Usage": 65536,
                      "Plans": [
                        {
                          "Node Type": "Hash Join",
                          "Parent Relationship": "Outer",
                          "Parallel Aware": true,
                          "Join Type": "Inner",
                          "Startup Cost": 50220.38,
                          "Total Cost": 82607.79,
                          "Plan Rows": 370511,
                          "Plan Width": 8,
                          "Actual Startup Time": 410.562,
                          "Actual Total Time": 585.304,
                          "Actual Rows": 313851,
                          "Actual Loops": 4,
                          "Inner Unique": true,
                          "Hash Cond": "(mc.movie_id = t.id)",
                          "Plans": [
                            {
                              "Node Type": "Seq Scan",
                              "Parent Relationship": "Outer",
                              "Parallel Aware": true,
                              "Relation Name": "movie_companies",
                              "Alias": "mc",
                              "Startup Cost": 0.0,
                              "Total Cost": 31414.82,
                              "Plan Rows": 370511,
                              "Plan Width": 4,
                              "Actual Startup Time": 33.284,
                              "Actual Total Time": 78.973,
                              "Actual Rows": 313851,
                              "Actual Loops": 4,
                              "Filter": "((company_id > 178) AND (company_type_id > 1))",
                              "Rows Removed by Filter": 338431
                            },
                            {
                              "Node Type": "Hash",
                              "Parent Relationship": "Inner",
                              "Parallel Aware": true,
                              "Startup Cost": 42319.06,
                              "Total Cost": 42319.06,
                              "Plan Rows": 632106,
                              "Plan Width": 4,
                              "Actual Startup Time": 369.662,
                              "Actual Total Time": 369.663,
                              "Actual Rows": 632078,
                              "Actual Loops": 4,
                              "Hash Buckets": 4194304,
                              "Original Hash Buckets": 4194304,
                              "Hash Batches": 1,
                              "Original Hash Batches": 1,
                              "Peak Memory Usage": 131744,
                              "Plans": [
                                {
                                  "Node Type": "Seq Scan",
                                  "Parent Relationship": "Outer",
                                  "Parallel Aware": true,
                                  "Relation Name": "title",
                                  "Alias": "t",
                                  "Startup Cost": 0.0,
                                  "Total Cost": 42319.06,
                                  "Plan Rows": 632106,
                                  "Plan Width": 4,
                                  "Actual Startup Time": 0.059,
                                  "Actual Total Time": 105.526,
                                  "Actual Rows": 632078,
                                  "Actual Loops": 4
                                }
                              ]
                            }
                          ]
                        }
                      ]
                    }
                  ]
                }
              ]
            }
          ]
        }
      ]
    },
    "Planning Time": 1.407,
    "Triggers": [],
    "Execution Time": 1064.682
  }
]