{
  "Plan": {
    "Node Type": "Aggregate",
    "Strategy": "Plain",
    "Partial Mode": "Finalize",
    "Parallel Aware": false,
    "Startup Cost": 93237.06,
    "Total Cost": 93237.07,
    "Plan Rows": 1,
    "Plan Width": 8,
    "Actual Startup Time": 434.07,
    "Actual Total Time": 444.208,
    "Actual Rows": 1,
    "Actual Loops": 1,
    "Plans": [
      {
        "Node Type": "Gather",
        "Parent Relationship": "Outer",
        "Parallel Aware": false,
        "Startup Cost": 93236.95,
        "Total Cost": 93237.06,
        "Plan Rows": 1,
        "Plan Width": 8,
        "Actual Startup Time": 433.247,
        "Actual Total Time": 444.199,
        "Actual Rows": 2,
        "Actual Loops": 1,
        "Workers Planned": 1,
        "Workers Launched": 1,
        "Single Copy": false,
        "Plans": [
          {
            "Node Type": "Aggregate",
            "Strategy": "Plain",
            "Partial Mode": "Partial",
            "Parent Relationship": "Outer",
            "Parallel Aware": false,
            "Startup Cost": 92236.95,
            "Total Cost": 92236.96,
            "Plan Rows": 1,
            "Plan Width": 8,
            "Actual Startup Time": 427.436,
            "Actual Total Time": 427.44,
            "Actual Rows": 1,
            "Actual Loops": 2,
            "Plans": [
              {
                "Node Type": "Hash Join",
                "Parent Relationship": "Outer",
                "Parallel Aware": true,
                "Join Type": "Inner",
                "Startup Cost": 30486.16,
                "Total Cost": 91764.14,
                "Plan Rows": 189122,
                "Plan Width": 0,
                "Actual Startup Time": 268.474,
                "Actual Total Time": 420.609,
                "Actual Rows": 160977,
                "Actual Loops": 2,
                "Inner Unique": false,
                "Hash Cond": "(t.id = mc.movie_id)",
                "Plans": [
                  {
                    "Node Type": "Seq Scan",
                    "Parent Relationship": "Outer",
                    "Parallel Aware": true,
                    "Relation Name": "title",
                    "Alias": "t",
                    "Startup Cost": 0.0,
                    "Total Cost": 50870.31,
                    "Plan Rows": 1487231,
                    "Plan Width": 4,
                    "Actual Startup Time": 0.009,
                    "Actual Total Time": 114.228,
                    "Actual Rows": 1264156,
                    "Actual Loops": 2
                  },
                  {
                    "Node Type": "Hash",
                    "Parent Relationship": "Inner",
                    "Parallel Aware": true,
                    "Startup Cost": 28122.13,
                    "Total Cost": 28122.13,
                    "Plan Rows": 189122,
                    "Plan Width": 4,
                    "Actual Startup Time": 96.264,
                    "Actual Total Time": 96.265,
                    "Actual Rows": 160977,
                    "Actual Loops": 2,
                    "Hash Buckets": 524288,
                    "Original Hash Buckets": 524288,
                    "Hash Batches": 1,
                    "Original Hash Batches": 1,
                    "Peak Memory Usage": 16736,
                    "Plans": [
                      {
                        "Node Type": "Bitmap Heap Scan",
                        "Parent Relationship": "Outer",
                        "Parallel Aware": true,
                        "Relation Name": "movie_companies",
                        "Alias": "mc",
                        "Startup Cost": 6968.11,
                        "Total Cost": 28122.13,
                        "Plan Rows": 189122,
                        "Plan Width": 4,
                        "Actual Startup Time": 27.558,
                        "Actual Total Time": 62.861,
                        "Actual Rows": 160977,
                        "Actual Loops": 2,
                        "Recheck Cond": "(company_id > 91419)",
                        "Rows Removed by Index Recheck": 0,
                        "Exact Heap Blocks": 3210,
                        "Lossy Heap Blocks": 0,
                        "Plans": [
                          {
                            "Node Type": "Bitmap Index Scan",
                            "Parent Relationship": "Outer",
                            "Parallel Aware": false,
                            "Index Name": "company_id_movie_companies",
                            "Startup Cost": 0.0,
                            "Total Cost": 6887.73,
                            "Plan Rows": 321507,
                            "Plan Width": 0,
                            "Actual Startup Time": 26.857,
                            "Actual Total Time": 26.858,
                            "Actual Rows": 321954,
                            "Actual Loops": 1,
                            "Index Cond": "(company_id > 91419)"
                          }
                        ]
                      }
                    ]
                  }
                ]
              }
            ]
          }
        ]
      }
    ]
  },
  "Planning Time": 0.607,
  "Triggers": [],
  "Execution Time": 444.297
}