[
  {
    "Plan": {
      "Node Type": "Aggregate",
      "Strategy": "Plain",
      "Partial Mode": "Finalize",
      "Parallel Aware": false,
      "Startup Cost": 44908.29,
      "Total Cost": 44908.3,
      "Plan Rows": 1,
      "Plan Width": 8,
      "Actual Startup Time": 141.143,
      "Actual Total Time": 150.631,
      "Actual Rows": 1,
      "Actual Loops": 1,
      "Plans": [
        {
          "Node Type": "Gather",
          "Parent Relationship": "Outer",
          "Parallel Aware": false,
          "Startup Cost": 44907.97,
          "Total Cost": 44908.28,
          "Plan Rows": 3,
          "Plan Width": 8,
          "Actual Startup Time": 141.042,
          "Actual Total Time": 150.62,
          "Actual Rows": 4,
          "Actual Loops": 1,
          "Workers Planned": 3,
          "Workers Launched": 3,
          "Single Copy": false,
          "Plans": [
            {
              "Node Type": "Aggregate",
              "Strategy": "Plain",
              "Partial Mode": "Partial",
              "Parent Relationship": "Outer",
              "Parallel Aware": false,
              "Startup Cost": 43907.97,
              "Total Cost": 43907.98,
              "Plan Rows": 1,
              "Plan Width": 8,
              "Actual Startup Time": 134.354,
              "Actual Total Time": 134.355,
              "Actual Rows": 1,
              "Actual Loops": 4,
              "Plans": [
                {
                  "Node Type": "Seq Scan",
                  "Parent Relationship": "Outer",
                  "Parallel Aware": true,
                  "Relation Name": "movie_keyword",
                  "Alias": "mk",
                  "Startup Cost": 0.0,
                  "Total Cost": 42695.65,
                  "Plan Rows": 484927,
                  "Plan Width": 0,
                  "Actual Startup Time": 0.05,
                  "Actual Total Time": 114.248,
                  "Actual Rows": 379395,
                  "Actual Loops": 4,
                  "Filter": "(keyword_id < 2199)",
                  "Rows Removed by Filter": 751588
                }
              ]
            }
          ]
        }
      ]
    },
    "Planning Time": 0.15,
    "Triggers": [],
    "Execution Time": 150.678
  }
]