[
    {
        "Bao": {
            "Bao prediction": "NaN",
            "Bao recommended hint": "(no hint)"
        }
    },
    {
        "Plan": {
            "Node Type": "Aggregate",
            "Strategy": "Plain",
            "Partial Mode": "Finalize",
            "Parallel Aware": false,
            "Startup Cost": 32904.41,
            "Total Cost": 32904.42,
            "Plan Rows": 1,
            "Plan Width": 8,
            "Actual Startup Time": 87.123,
            "Actual Total Time": 92.029,
            "Actual Rows": 1,
            "Actual Loops": 1,
            "Output": [
                "count(*)"
            ],
            "Plans": [
                {
                    "Node Type": "Gather",
                    "Parent Relationship": "Outer",
                    "Parallel Aware": false,
                    "Startup Cost": 32904.09,
                    "Total Cost": 32904.4,
                    "Plan Rows": 3,
                    "Plan Width": 8,
                    "Actual Startup Time": 87.042,
                    "Actual Total Time": 92.021,
                    "Actual Rows": 4,
                    "Actual Loops": 1,
                    "Output": [
                        "(PARTIAL count(*))"
                    ],
                    "Workers Planned": 3,
                    "Workers Launched": 3,
                    "Single Copy": false,
                    "Plans": [
                        {
                            "Node Type": "Aggregate",
                            "Strategy": "Plain",
                            "Partial Mode": "Partial",
                            "Parent Relationship": "Outer",
                            "Parallel Aware": false,
                            "Startup Cost": 31904.09,
                            "Total Cost": 31904.1,
                            "Plan Rows": 1,
                            "Plan Width": 8,
                            "Actual Startup Time": 78.495,
                            "Actual Total Time": 78.496,
                            "Actual Rows": 1,
                            "Actual Loops": 4,
                            "Output": [
                                "PARTIAL count(*)"
                            ],
                            "Workers": [
                                {
                                    "Worker Number": 0,
                                    "Actual Startup Time": 75.494,
                                    "Actual Total Time": 75.495,
                                    "Actual Rows": 1,
                                    "Actual Loops": 1
                                },
                                {
                                    "Worker Number": 1,
                                    "Actual Startup Time": 75.491,
                                    "Actual Total Time": 75.492,
                                    "Actual Rows": 1,
                                    "Actual Loops": 1
                                },
                                {
                                    "Worker Number": 2,
                                    "Actual Startup Time": 76.527,
                                    "Actual Total Time": 76.528,
                                    "Actual Rows": 1,
                                    "Actual Loops": 1
                                }
                            ],
                            "Plans": [
                                {
                                    "Node Type": "Seq Scan",
                                    "Parent Relationship": "Outer",
                                    "Parallel Aware": true,
                                    "Relation Name": "movie_companies",
                                    "Schema": "public",
                                    "Alias": "mc",
                                    "Startup Cost": 0.0,
                                    "Total Cost": 31414.82,
                                    "Plan Rows": 195710,
                                    "Plan Width": 0,
                                    "Actual Startup Time": 46.57,
                                    "Actual Total Time": 74.487,
                                    "Actual Rows": 98300,
                                    "Actual Loops": 4,
                                    "Output": [
                                        "id",
                                        "movie_id",
                                        "company_id",
                                        "company_type_id",
                                        "note"
                                    ],
                                    "Filter": "((mc.company_id < 10486) AND (mc.company_type_id = 2))",
                                    "Rows Removed by Filter": 553982,
                                    "Workers": [
                                        {
                                            "Worker Number": 0,
                                            "Actual Startup Time": 43.561,
                                            "Actual Total Time": 71.552,
                                            "Actual Rows": 94296,
                                            "Actual Loops": 1
                                        },
                                        {
                                            "Worker Number": 1,
                                            "Actual Startup Time": 43.567,
                                            "Actual Total Time": 71.572,
                                            "Actual Rows": 94241,
                                            "Actual Loops": 1
                                        },
                                        {
                                            "Worker Number": 2,
                                            "Actual Startup Time": 44.608,
                                            "Actual Total Time": 72.758,
                                            "Actual Rows": 90641,
                                            "Actual Loops": 1
                                        }
                                    ]
                                }
                            ]
                        }
                    ]
                }
            ]
        },
        "Planning Time": 214.251,
        "Triggers": [],
        "Execution Time": 92.114
    }
]