[
  {
    "Plan": {
      "Node Type": "Aggregate",
      "Strategy": "Plain",
      "Partial Mode": "Finalize",
      "Parallel Aware": false,
      "Startup Cost": 47287.03,
      "Total Cost": 47287.04,
      "Plan Rows": 1,
      "Plan Width": 8,
      "Actual Startup Time": 114.725,
      "Actual Total Time": 126.878,
      "Actual Rows": 1,
      "Actual Loops": 1,
      "Plans": [
        {
          "Node Type": "Gather",
          "Parent Relationship": "Outer",
          "Parallel Aware": false,
          "Startup Cost": 47286.61,
          "Total Cost": 47287.02,
          "Plan Rows": 4,
          "Plan Width": 8,
          "Actual Startup Time": 114.564,
          "Actual Total Time": 126.869,
          "Actual Rows": 5,
          "Actual Loops": 1,
          "Workers Planned": 4,
          "Workers Launched": 4,
          "Single Copy": false,
          "Plans": [
            {
              "Node Type": "Aggregate",
              "Strategy": "Plain",
              "Partial Mode": "Partial",
              "Parent Relationship": "Outer",
              "Parallel Aware": false,
              "Startup Cost": 46286.61,
              "Total Cost": 46286.62,
              "Plan Rows": 1,
              "Plan Width": 8,
              "Actual Startup Time": 109.07,
              "Actual Total Time": 109.074,
              "Actual Rows": 1,
              "Actual Loops": 5,
              "Plans": [
                {
                  "Node Type": "Seq Scan",
                  "Parent Relationship": "Outer",
                  "Parallel Aware": true,
                  "Relation Name": "title",
                  "Alias": "t",
                  "Startup Cost": 0.0,
                  "Total Cost": 45479.59,
                  "Plan Rows": 322811,
                  "Plan Width": 0,
                  "Actual Startup Time": 0.03,
                  "Actual Total Time": 94.875,
                  "Actual Rows": 273228,
                  "Actual Loops": 5,
                  "Filter": "((production_year > 1968) AND (kind_id = 7))",
                  "Rows Removed by Filter": 232434
                }
              ]
            }
          ]
        }
      ]
    },
    "Planning Time": 0.164,
    "Triggers": [],
    "Execution Time": 126.93
  }
]