[
    {
        "Bao": {
            "Bao prediction": 1195.797,
            "Bao recommended hint": "(no hint)"
        }
    },
    {
        "Plan": {
            "Node Type": "Aggregate",
            "Strategy": "Plain",
            "Partial Mode": "Finalize",
            "Parallel Aware": false,
            "Startup Cost": 268554.36,
            "Total Cost": 268554.37,
            "Plan Rows": 1,
            "Plan Width": 8,
            "Actual Startup Time": 539.057,
            "Actual Total Time": 555.506,
            "Actual Rows": 1,
            "Actual Loops": 1,
            "Output": [
                "count(*)"
            ],
            "Plans": [
                {
                    "Node Type": "Gather",
                    "Parent Relationship": "Outer",
                    "Parallel Aware": false,
                    "Startup Cost": 268553.84,
                    "Total Cost": 268554.35,
                    "Plan Rows": 5,
                    "Plan Width": 8,
                    "Actual Startup Time": 535.397,
                    "Actual Total Time": 555.495,
                    "Actual Rows": 6,
                    "Actual Loops": 1,
                    "Output": [
                        "(PARTIAL count(*))"
                    ],
                    "Workers Planned": 5,
                    "Workers Launched": 5,
                    "Single Copy": false,
                    "Plans": [
                        {
                            "Node Type": "Aggregate",
                            "Strategy": "Plain",
                            "Partial Mode": "Partial",
                            "Parent Relationship": "Outer",
                            "Parallel Aware": false,
                            "Startup Cost": 267553.84,
                            "Total Cost": 267553.85,
                            "Plan Rows": 1,
                            "Plan Width": 8,
                            "Actual Startup Time": 525.33,
                            "Actual Total Time": 525.394,
                            "Actual Rows": 1,
                            "Actual Loops": 6,
                            "Output": [
                                "PARTIAL count(*)"
                            ],
                            "Workers": [
                                {
                                    "Worker Number": 0,
                                    "Actual Startup Time": 522.957,
                                    "Actual Total Time": 522.972,
                                    "Actual Rows": 1,
                                    "Actual Loops": 1
                                },
                                {
                                    "Worker Number": 1,
                                    "Actual Startup Time": 523.111,
                                    "Actual Total Time": 523.117,
                                    "Actual Rows": 1,
                                    "Actual Loops": 1
                                },
                                {
                                    "Worker Number": 2,
                                    "Actual Startup Time": 523.477,
                                    "Actual Total Time": 523.484,
                                    "Actual Rows": 1,
                                    "Actual Loops": 1
                                },
                                {
                                    "Worker Number": 3,
                                    "Actual Startup Time": 523.703,
                                    "Actual Total Time": 523.71,
                                    "Actual Rows": 1,
                                    "Actual Loops": 1
                                },
                                {
                                    "Worker Number": 4,
                                    "Actual Startup Time": 524.277,
                                    "Actual Total Time": 524.282,
                                    "Actual Rows": 1,
                                    "Actual Loops": 1
                                }
                            ],
                            "Plans": [
                                {
                                    "Node Type": "Hash Join",
                                    "Parent Relationship": "Outer",
                                    "Parallel Aware": true,
                                    "Join Type": "Inner",
                                    "Startup Cost": 101637.27,
                                    "Total Cost": 267436.77,
                                    "Plan Rows": 46829,
                                    "Plan Width": 0,
                                    "Actual Startup Time": 362.674,
                                    "Actual Total Time": 508.153,
                                    "Actual Rows": 214074,
                                    "Actual Loops": 6,
                                    "Inner Unique": false,
                                    "Hash Cond": "(mi.movie_id = t.id)",
                                    "Workers": [
                                        {
                                            "Worker Number": 0,
                                            "Actual Startup Time": 360.168,
                                            "Actual Total Time": 505.184,
                                            "Actual Rows": 208045,
                                            "Actual Loops": 1
                                        },
                                        {
                                            "Worker Number": 1,
                                            "Actual Startup Time": 360.406,
                                            "Actual Total Time": 506.282,
                                            "Actual Rows": 199259,
                                            "Actual Loops": 1
                                        },
                                        {
                                            "Worker Number": 2,
                                            "Actual Startup Time": 361.266,
                                            "Actual Total Time": 506.003,
                                            "Actual Rows": 202270,
                                            "Actual Loops": 1
                                        },
                                        {
                                            "Worker Number": 3,
                                            "Actual Startup Time": 360.355,
                                            "Actual Total Time": 506.338,
                                            "Actual Rows": 237756,
                                            "Actual Loops": 1
                                        },
                                        {
                                            "Worker Number": 4,
                                            "Actual Startup Time": 361.908,
                                            "Actual Total Time": 506.934,
                                            "Actual Rows": 206473,
                                            "Actual Loops": 1
                                        }
                                    ],
                                    "Plans": [
                                        {
                                            "Node Type": "Bitmap Heap Scan",
                                            "Parent Relationship": "Outer",
                                            "Parallel Aware": true,
                                            "Relation Name": "movie_info",
                                            "Schema": "public",
                                            "Alias": "mi",
                                            "Startup Cost": 20590.3,
                                            "Total Cost": 185421.32,
                                            "Plan Rows": 227042,
                                            "Plan Width": 4,
                                            "Actual Startup Time": 80.855,
                                            "Actual Total Time": 158.279,
                                            "Actual Rows": 190206,
                                            "Actual Loops": 6,
                                            "Output": [
                                                "mi.id",
                                                "mi.movie_id",
                                                "mi.info_type_id",
                                                "mi.info",
                                                "mi.note"
                                            ],
                                            "Recheck Cond": "(mi.info_type_id > 54)",
                                            "Rows Removed by Index Recheck": 0,
                                            "Exact Heap Blocks": 7808,
                                            "Lossy Heap Blocks": 0,
                                            "Workers": [
                                                {
                                                    "Worker Number": 0,
                                                    "Actual Startup Time": 81.085,
                                                    "Actual Total Time": 159.853,
                                                    "Actual Rows": 180173,
                                                    "Actual Loops": 1
                                                },
                                                {
                                                    "Worker Number": 1,
                                                    "Actual Startup Time": 80.775,
                                                    "Actual Total Time": 160.473,
                                                    "Actual Rows": 177503,
                                                    "Actual Loops": 1
                                                },
                                                {
                                                    "Worker Number": 2,
                                                    "Actual Startup Time": 80.879,
                                                    "Actual Total Time": 160.338,
                                                    "Actual Rows": 181247,
                                                    "Actual Loops": 1
                                                },
                                                {
                                                    "Worker Number": 3,
                                                    "Actual Startup Time": 80.565,
                                                    "Actual Total Time": 160.04,
                                                    "Actual Rows": 201388,
                                                    "Actual Loops": 1
                                                },
                                                {
                                                    "Worker Number": 4,
                                                    "Actual Startup Time": 80.875,
                                                    "Actual Total Time": 160.019,
                                                    "Actual Rows": 176790,
                                                    "Actual Loops": 1
                                                }
                                            ],
                                            "Plans": [
                                                {
                                                    "Node Type": "Bitmap Index Scan",
                                                    "Parent Relationship": "Outer",
                                                    "Parallel Aware": false,
                                                    "Index Name": "info_type_id_movie_info",
                                                    "Startup Cost": 0.0,
                                                    "Total Cost": 20306.49,
                                                    "Plan Rows": 1135208,
                                                    "Plan Width": 0,
                                                    "Actual Startup Time": 71.907,
                                                    "Actual Total Time": 71.908,
                                                    "Actual Rows": 1141235,
                                                    "Actual Loops": 1,
                                                    "Index Cond": "(mi.info_type_id > 54)",
                                                    "Workers": [
                                                        {
                                                            "Worker Number": 3,
                                                            "Actual Startup Time": 71.907,
                                                            "Actual Total Time": 71.908,
                                                            "Actual Rows": 1141235,
                                                            "Actual Loops": 1
                                                        }
                                                    ]
                                                }
                                            ]
                                        },
                                        {
                                            "Node Type": "Hash",
                                            "Parent Relationship": "Inner",
                                            "Parallel Aware": true,
                                            "Startup Cost": 79417.34,
                                            "Total Cost": 79417.34,
                                            "Plan Rows": 130371,
                                            "Plan Width": 8,
                                            "Actual Startup Time": 278.975,
                                            "Actual Total Time": 279.037,
                                            "Actual Rows": 37801,
                                            "Actual Loops": 6,
                                            "Output": [
                                                "t.id",
                                                "mc.movie_id"
                                            ],
                                            "Hash Buckets": 524288,
                                            "Original Hash Buckets": 524288,
                                            "Hash Batches": 1,
                                            "Original Hash Batches": 1,
                                            "Peak Memory Usage": 13056,
                                            "Workers": [
                                                {
                                                    "Worker Number": 0,
                                                    "Actual Startup Time": 278.608,
                                                    "Actual Total Time": 278.621,
                                                    "Actual Rows": 37420,
                                                    "Actual Loops": 1
                                                },
                                                {
                                                    "Worker Number": 1,
                                                    "Actual Startup Time": 278.743,
                                                    "Actual Total Time": 278.746,
                                                    "Actual Rows": 35359,
                                                    "Actual Loops": 1
                                                },
                                                {
                                                    "Worker Number": 2,
                                                    "Actual Startup Time": 279.116,
                                                    "Actual Total Time": 279.12,
                                                    "Actual Rows": 37297,
                                                    "Actual Loops": 1
                                                },
                                                {
                                                    "Worker Number": 3,
                                                    "Actual Startup Time": 279.32,
                                                    "Actual Total Time": 279.324,
                                                    "Actual Rows": 37324,
                                                    "Actual Loops": 1
                                                },
                                                {
                                                    "Worker Number": 4,
                                                    "Actual Startup Time": 279.604,
                                                    "Actual Total Time": 279.607,
                                                    "Actual Rows": 36186,
                                                    "Actual Loops": 1
                                                }
                                            ],
                                            "Plans": [
                                                {
                                                    "Node Type": "Hash Join",
                                                    "Parent Relationship": "Outer",
                                                    "Parallel Aware": true,
                                                    "Join Type": "Inner",
                                                    "Startup Cost": 33517.58,
                                                    "Total Cost": 79417.34,
                                                    "Plan Rows": 130371,
                                                    "Plan Width": 8,
                                                    "Actual Startup Time": 186.438,
                                                    "Actual Total Time": 261.272,
                                                    "Actual Rows": 37801,
                                                    "Actual Loops": 6,
                                                    "Output": [
                                                        "t.id",
                                                        "mc.movie_id"
                                                    ],
                                                    "Inner Unique": false,
                                                    "Hash Cond": "(t.id = mc.movie_id)",
                                                    "Workers": [
                                                        {
                                                            "Worker Number": 0,
                                                            "Actual Startup Time": 186.151,
                                                            "Actual Total Time": 260.878,
                                                            "Actual Rows": 37420,
                                                            "Actual Loops": 1
                                                        },
                                                        {
                                                            "Worker Number": 1,
                                                            "Actual Startup Time": 186.899,
                                                            "Actual Total Time": 261.494,
                                                            "Actual Rows": 35359,
                                                            "Actual Loops": 1
                                                        },
                                                        {
                                                            "Worker Number": 2,
                                                            "Actual Startup Time": 186.307,
                                                            "Actual Total Time": 260.786,
                                                            "Actual Rows": 37297,
                                                            "Actual Loops": 1
                                                        },
                                                        {
                                                            "Worker Number": 3,
                                                            "Actual Startup Time": 185.979,
                                                            "Actual Total Time": 262.528,
                                                            "Actual Rows": 37324,
                                                            "Actual Loops": 1
                                                        },
                                                        {
                                                            "Worker Number": 4,
                                                            "Actual Startup Time": 187.19,
                                                            "Actual Total Time": 261.679,
                                                            "Actual Rows": 36186,
                                                            "Actual Loops": 1
                                                        }
                                                    ],
                                                    "Plans": [
                                                        {
                                                            "Node Type": "Seq Scan",
                                                            "Parent Relationship": "Outer",
                                                            "Parallel Aware": true,
                                                            "Relation Name": "title",
                                                            "Schema": "public",
                                                            "Alias": "t",
                                                            "Startup Cost": 0.0,
                                                            "Total Cost": 42318.81,
                                                            "Plan Rows": 632080,
                                                            "Plan Width": 4,
                                                            "Actual Startup Time": 0.013,
                                                            "Actual Total Time": 72.358,
                                                            "Actual Rows": 421385,
                                                            "Actual Loops": 6,
                                                            "Output": [
                                                                "t.id",
                                                                "t.title",
                                                                "t.imdb_index",
                                                                "t.kind_id",
                                                                "t.production_year",
                                                                "t.imdb_id",
                                                                "t.phonetic_code",
                                                                "t.episode_of_id",
                                                                "t.season_nr",
                                                                "t.episode_nr",
                                                                "t.series_years",
                                                                "t.md5sum"
                                                            ],
                                                            "Workers": [
                                                                {
                                                                    "Worker Number": 0,
                                                                    "Actual Startup Time": 0.009,
                                                                    "Actual Total Time": 75.455,
                                                                    "Actual Rows": 409847,
                                                                    "Actual Loops": 1
                                                                },
                                                                {
                                                                    "Worker Number": 1,
                                                                    "Actual Startup Time": 0.014,
                                                                    "Actual Total Time": 72.914,
                                                                    "Actual Rows": 386493,
                                                                    "Actual Loops": 1
                                                                },
                                                                {
                                                                    "Worker Number": 2,
                                                                    "Actual Startup Time": 0.016,
                                                                    "Actual Total Time": 75.25,
                                                                    "Actual Rows": 406008,
                                                                    "Actual Loops": 1
                                                                },
                                                                {
                                                                    "Worker Number": 3,
                                                                    "Actual Startup Time": 0.019,
                                                                    "Actual Total Time": 76.382,
                                                                    "Actual Rows": 412437,
                                                                    "Actual Loops": 1
                                                                },
                                                                {
                                                                    "Worker Number": 4,
                                                                    "Actual Startup Time": 0.017,
                                                                    "Actual Total Time": 73.668,
                                                                    "Actual Rows": 390587,
                                                                    "Actual Loops": 1
                                                                }
                                                            ]
                                                        },
                                                        {
                                                            "Node Type": "Hash",
                                                            "Parent Relationship": "Inner",
                                                            "Parallel Aware": true,
                                                            "Startup Cost": 31414.82,
                                                            "Total Cost": 31414.82,
                                                            "Plan Rows": 168221,
                                                            "Plan Width": 4,
                                                            "Actual Startup Time": 96.112,
                                                            "Actual Total Time": 96.113,
                                                            "Actual Rows": 37801,
                                                            "Actual Loops": 6,
                                                            "Output": [
                                                                "mc.movie_id"
                                                            ],
                                                            "Hash Buckets": 524288,
                                                            "Original Hash Buckets": 524288,
                                                            "Hash Batches": 1,
                                                            "Original Hash Batches": 1,
                                                            "Peak Memory Usage": 13056,
                                                            "Workers": [
                                                                {
                                                                    "Worker Number": 0,
                                                                    "Actual Startup Time": 97.323,
                                                                    "Actual Total Time": 97.325,
                                                                    "Actual Rows": 36709,
                                                                    "Actual Loops": 1
                                                                },
                                                                {
                                                                    "Worker Number": 1,
                                                                    "Actual Startup Time": 97.391,
                                                                    "Actual Total Time": 97.392,
                                                                    "Actual Rows": 34272,
                                                                    "Actual Loops": 1
                                                                },
                                                                {
                                                                    "Worker Number": 2,
                                                                    "Actual Startup Time": 97.329,
                                                                    "Actual Total Time": 97.33,
                                                                    "Actual Rows": 35013,
                                                                    "Actual Loops": 1
                                                                },
                                                                {
                                                                    "Worker Number": 3,
                                                                    "Actual Startup Time": 97.323,
                                                                    "Actual Total Time": 97.324,
                                                                    "Actual Rows": 35402,
                                                                    "Actual Loops": 1
                                                                },
                                                                {
                                                                    "Worker Number": 4,
                                                                    "Actual Startup Time": 97.226,
                                                                    "Actual Total Time": 97.228,
                                                                    "Actual Rows": 35410,
                                                                    "Actual Loops": 1
                                                                }
                                                            ],
                                                            "Plans": [
                                                                {
                                                                    "Node Type": "Seq Scan",
                                                                    "Parent Relationship": "Outer",
                                                                    "Parallel Aware": true,
                                                                    "Relation Name": "movie_companies",
                                                                    "Schema": "public",
                                                                    "Alias": "mc",
                                                                    "Startup Cost": 0.0,
                                                                    "Total Cost": 31414.82,
                                                                    "Plan Rows": 168221,
                                                                    "Plan Width": 4,
                                                                    "Actual Startup Time": 19.672,
                                                                    "Actual Total Time": 74.658,
                                                                    "Actual Rows": 37801,
                                                                    "Actual Loops": 6,
                                                                    "Output": [
                                                                        "mc.movie_id"
                                                                    ],
                                                                    "Filter": "((mc.company_id > 14570) AND (mc.company_type_id < 2))",
                                                                    "Rows Removed by Filter": 397054,
                                                                    "Workers": [
                                                                        {
                                                                            "Worker Number": 0,
                                                                            "Actual Startup Time": 19.648,
                                                                            "Actual Total Time": 75.1,
                                                                            "Actual Rows": 36709,
                                                                            "Actual Loops": 1
                                                                        },
                                                                        {
                                                                            "Worker Number": 1,
                                                                            "Actual Startup Time": 19.71,
                                                                            "Actual Total Time": 74.685,
                                                                            "Actual Rows": 34272,
                                                                            "Actual Loops": 1
                                                                        },
                                                                        {
                                                                            "Worker Number": 2,
                                                                            "Actual Startup Time": 19.683,
                                                                            "Actual Total Time": 74.797,
                                                                            "Actual Rows": 35013,
                                                                            "Actual Loops": 1
                                                                        },
                                                                        {
                                                                            "Worker Number": 3,
                                                                            "Actual Startup Time": 19.632,
                                                                            "Actual Total Time": 75.014,
                                                                            "Actual Rows": 35402,
                                                                            "Actual Loops": 1
                                                                        },
                                                                        {
                                                                            "Worker Number": 4,
                                                                            "Actual Startup Time": 19.656,
                                                                            "Actual Total Time": 75.141,
                                                                            "Actual Rows": 35410,
                                                                            "Actual Loops": 1
                                                                        }
                                                                    ]
                                                                }
                                                            ]
                                                        }
                                                    ]
                                                }
                                            ]
                                        }
                                    ]
                                }
                            ]
                        }
                    ]
                }
            ]
        },
        "Planning Time": 953.105,
        "Triggers": [],
        "Execution Time": 555.662
    }
]