{
  "Plan": {
    "Node Type": "Aggregate",
    "Strategy": "Plain",
    "Partial Mode": "Finalize",
    "Parallel Aware": false,
    "Startup Cost": 440823.39,
    "Total Cost": 440823.4,
    "Plan Rows": 1,
    "Plan Width": 8,
    "Actual Startup Time": 663.975,
    "Actual Total Time": 683.94,
    "Actual Rows": 1,
    "Actual Loops": 1,
    "Plans": [
      {
        "Node Type": "Gather",
        "Parent Relationship": "Outer",
        "Parallel Aware": false,
        "Startup Cost": 440823.28,
        "Total Cost": 440823.39,
        "Plan Rows": 1,
        "Plan Width": 8,
        "Actual Startup Time": 662.47,
        "Actual Total Time": 683.931,
        "Actual Rows": 2,
        "Actual Loops": 1,
        "Workers Planned": 1,
        "Workers Launched": 1,
        "Single Copy": false,
        "Plans": [
          {
            "Node Type": "Aggregate",
            "Strategy": "Plain",
            "Partial Mode": "Partial",
            "Parent Relationship": "Outer",
            "Parallel Aware": false,
            "Startup Cost": 439823.28,
            "Total Cost": 439823.29,
            "Plan Rows": 1,
            "Plan Width": 8,
            "Actual Startup Time": 656.459,
            "Actual Total Time": 656.463,
            "Actual Rows": 1,
            "Actual Loops": 2,
            "Plans": [
              {
                "Node Type": "Hash Join",
                "Parent Relationship": "Outer",
                "Parallel Aware": true,
                "Join Type": "Inner",
                "Startup Cost": 146913.25,
                "Total Cost": 438961.92,
                "Plan Rows": 344541,
                "Plan Width": 0,
                "Actual Startup Time": 331.351,
                "Actual Total Time": 652.285,
                "Actual Rows": 87752,
                "Actual Loops": 2,
                "Inner Unique": true,
                "Hash Cond": "(ci.movie_id = t.id)",
                "Plans": [
                  {
                    "Node Type": "Bitmap Heap Scan",
                    "Parent Relationship": "Outer",
                    "Parallel Aware": true,
                    "Relation Name": "cast_info",
                    "Alias": "ci",
                    "Startup Cost": 85376.48,
                    "Total Cost": 372220.2,
                    "Plan Rows": 1982835,
                    "Plan Width": 4,
                    "Actual Startup Time": 137.77,
                    "Actual Total Time": 356.406,
                    "Actual Rows": 527948,
                    "Actual Loops": 2,
                    "Recheck Cond": "(person_id > 3390181)",
                    "Rows Removed by Index Recheck": 0,
                    "Filter": "(role_id < 10)",
                    "Rows Removed by Filter": 1320188,
                    "Exact Heap Blocks": 29500,
                    "Lossy Heap Blocks": 0,
                    "Plans": [
                      {
                        "Node Type": "Bitmap Index Scan",
                        "Parent Relationship": "Outer",
                        "Parallel Aware": false,
                        "Index Name": "person_id_cast_info",
                        "Startup Cost": 0.0,
                        "Total Cost": 84533.78,
                        "Plan Rows": 3871095,
                        "Plan Width": 0,
                        "Actual Startup Time": 128.261,
                        "Actual Total Time": 128.262,
                        "Actual Rows": 3696272,
                        "Actual Loops": 1,
                        "Index Cond": "(person_id > 3390181)"
                      }
                    ]
                  },
                  {
                    "Node Type": "Hash",
                    "Parent Relationship": "Inner",
                    "Parallel Aware": true,
                    "Startup Cost": 58306.47,
                    "Total Cost": 58306.47,
                    "Plan Rows": 258424,
                    "Plan Width": 4,
                    "Actual Startup Time": 188.225,
                    "Actual Total Time": 188.226,
                    "Actual Rows": 184123,
                    "Actual Loops": 2,
                    "Hash Buckets": 524288,
                    "Original Hash Buckets": 524288,
                    "Hash Batches": 1,
                    "Original Hash Batches": 1,
                    "Peak Memory Usage": 18528,
                    "Plans": [
                      {
                        "Node Type": "Seq Scan",
                        "Parent Relationship": "Outer",
                        "Parallel Aware": true,
                        "Relation Name": "title",
                        "Alias": "t",
                        "Startup Cost": 0.0,
                        "Total Cost": 58306.47,
                        "Plan Rows": 258424,
                        "Plan Width": 4,
                        "Actual Startup Time": 0.042,
                        "Actual Total Time": 145.51,
                        "Actual Rows": 184123,
                        "Actual Loops": 2,
                        "Filter": "((kind_id < 7) AND (production_year > 2004))",
                        "Rows Removed by Filter": 1080033
                      }
                    ]
                  }
                ]
              }
            ]
          }
        ]
      }
    ]
  },
  "Planning Time": 0.724,
  "Triggers": [],
  "Execution Time": 684.035
}