[
  {
    "Plan": {
      "Node Type": "Aggregate",
      "Strategy": "Plain",
      "Partial Mode": "Finalize",
      "Parallel Aware": false,
      "Startup Cost": 306979.39,
      "Total Cost": 306979.4,
      "Plan Rows": 1,
      "Plan Width": 8,
      "Actual Startup Time": 1800.127,
      "Actual Total Time": 1872.478,
      "Actual Rows": 1,
      "Actual Loops": 1,
      "Plans": [
        {
          "Node Type": "Gather",
          "Parent Relationship": "Outer",
          "Parallel Aware": false,
          "Startup Cost": 306979.08,
          "Total Cost": 306979.39,
          "Plan Rows": 3,
          "Plan Width": 8,
          "Actual Startup Time": 1784.159,
          "Actual Total Time": 1872.468,
          "Actual Rows": 4,
          "Actual Loops": 1,
          "Workers Planned": 3,
          "Workers Launched": 3,
          "Single Copy": false,
          "Plans": [
            {
              "Node Type": "Aggregate",
              "Strategy": "Plain",
              "Partial Mode": "Partial",
              "Parent Relationship": "Outer",
              "Parallel Aware": false,
              "Startup Cost": 305979.08,
              "Total Cost": 305979.09,
              "Plan Rows": 1,
              "Plan Width": 8,
              "Actual Startup Time": 1764.244,
              "Actual Total Time": 1764.25,
              "Actual Rows": 1,
              "Actual Loops": 4,
              "Plans": [
                {
                  "Node Type": "Hash Join",
                  "Parent Relationship": "Outer",
                  "Parallel Aware": true,
                  "Join Type": "Inner",
                  "Startup Cost": 255745.02,
                  "Total Cost": 302804.49,
                  "Plan Rows": 1269833,
                  "Plan Width": 0,
                  "Actual Startup Time": 1382.786,
                  "Actual Total Time": 1720.965,
                  "Actual Rows": 777124,
                  "Actual Loops": 4,
                  "Inner Unique": false,
                  "Hash Cond": "(mk.movie_id = t.id)",
                  "Plans": [
                    {
                      "Node Type": "Seq Scan",
                      "Parent Relationship": "Outer",
                      "Parallel Aware": true,
                      "Relation Name": "movie_keyword",
                      "Alias": "mk",
                      "Startup Cost": 0.0,
                      "Total Cost": 39047.32,
                      "Plan Rows": 1459332,
                      "Plan Width": 4,
                      "Actual Startup Time": 0.031,
                      "Actual Total Time": 114.842,
                      "Actual Rows": 1130982,
                      "Actual Loops": 4
                    },
                    {
                      "Node Type": "Hash",
                      "Parent Relationship": "Inner",
                      "Parallel Aware": true,
                      "Startup Cost": 250245.05,
                      "Total Cost": 250245.05,
                      "Plan Rows": 439997,
                      "Plan Width": 8,
                      "Actual Startup Time": 1371.432,
                      "Actual Total Time": 1371.436,
                      "Actual Rows": 488280,
                      "Actual Loops": 4,
                      "Hash Buckets": 4194304,
                      "Original Hash Buckets": 4194304,
                      "Hash Batches": 1,
                      "Original Hash Batches": 1,
                      "Peak Memory Usage": 109216,
                      "Plans": [
                        {
                          "Node Type": "Hash Join",
                          "Parent Relationship": "Outer",
                          "Parallel Aware": true,
                          "Join Type": "Inner",
                          "Startup Cost": 49727.15,
                          "Total Cost": 250245.05,
                          "Plan Rows": 439997,
                          "Plan Width": 8,
                          "Actual Startup Time": 442.699,
                          "Actual Total Time": 1145.981,
                          "Actual Rows": 488280,
                          "Actual Loops": 4,
                          "Inner Unique": true,
                          "Hash Cond": "(mi.movie_id = t.id)",
                          "Plans": [
                            {
                              "Node Type": "Seq Scan",
                              "Parent Relationship": "Outer",
                              "Parallel Aware": true,
                              "Relation Name": "movie_info",
                              "Alias": "mi",
                              "Startup Cost": 0.0,
                              "Total Cost": 198952.16,
                              "Plan Rows": 596472,
                              "Plan Width": 4,
                              "Actual Startup Time": 119.27,
                              "Actual Total Time": 497.876,
                              "Actual Rows": 759180,
                              "Actual Loops": 4,
                              "Filter": "(info_type_id = 16)",
                              "Rows Removed by Filter": 2949750
                            },
                            {
                              "Node Type": "Hash",
                              "Parent Relationship": "Inner",
                              "Parallel Aware": true,
                              "Startup Cost": 43898.92,
                              "Total Cost": 43898.92,
                              "Plan Rows": 466259,
                              "Plan Width": 4,
                              "Actual Startup Time": 319.911,
                              "Actual Total Time": 319.912,
                              "Actual Rows": 466372,
                              "Actual Loops": 4,
                              "Hash Buckets": 2097152,
                              "Original Hash Buckets": 2097152,
                              "Hash Batches": 1,
                              "Original Hash Batches": 1,
                              "Peak Memory Usage": 89408,
                              "Plans": [
                                {
                                  "Node Type": "Seq Scan",
                                  "Parent Relationship": "Outer",
                                  "Parallel Aware": true,
                                  "Relation Name": "title",
                                  "Alias": "t",
                                  "Startup Cost": 0.0,
                                  "Total Cost": 43898.92,
                                  "Plan Rows": 466259,
                                  "Plan Width": 4,
                                  "Actual Startup Time": 0.048,
                                  "Actual Total Time": 130.689,
                                  "Actual Rows": 466372,
                                  "Actual Loops": 4,
                                  "Filter": "(kind_id > 1)",
                                  "Rows Removed by Filter": 165706
                                }
                              ]
                            }
                          ]
                        }
                      ]
                    }
                  ]
                }
              ]
            }
          ]
        }
      ]
    },
    "Planning Time": 1.298,
    "Triggers": [],
    "Execution Time": 1872.575
  }
]