[
  {
    "Plan": {
      "Node Type": "Aggregate",
      "Strategy": "Plain",
      "Partial Mode": "Finalize",
      "Parallel Aware": false,
      "Startup Cost": 31407.22,
      "Total Cost": 31407.23,
      "Plan Rows": 1,
      "Plan Width": 8,
      "Actual Startup Time": 94.065,
      "Actual Total Time": 101.868,
      "Actual Rows": 1,
      "Actual Loops": 1,
      "Plans": [
        {
          "Node Type": "Gather",
          "Parent Relationship": "Outer",
          "Parallel Aware": false,
          "Startup Cost": 31406.91,
          "Total Cost": 31407.22,
          "Plan Rows": 3,
          "Plan Width": 8,
          "Actual Startup Time": 93.931,
          "Actual Total Time": 101.859,
          "Actual Rows": 4,
          "Actual Loops": 1,
          "Workers Planned": 3,
          "Workers Launched": 3,
          "Single Copy": false,
          "Plans": [
            {
              "Node Type": "Aggregate",
              "Strategy": "Plain",
              "Partial Mode": "Partial",
              "Parent Relationship": "Outer",
              "Parallel Aware": false,
              "Startup Cost": 30406.91,
              "Total Cost": 30406.92,
              "Plan Rows": 1,
              "Plan Width": 8,
              "Actual Startup Time": 89.413,
              "Actual Total Time": 89.414,
              "Actual Rows": 1,
              "Actual Loops": 4,
              "Plans": [
                {
                  "Node Type": "Seq Scan",
                  "Parent Relationship": "Outer",
                  "Parallel Aware": true,
                  "Relation Name": "movie_companies",
                  "Alias": "mc",
                  "Startup Cost": 0.0,
                  "Total Cost": 29310.68,
                  "Plan Rows": 438490,
                  "Plan Width": 0,
                  "Actual Startup Time": 0.021,
                  "Actual Total Time": 73.27,
                  "Actual Rows": 342037,
                  "Actual Loops": 4,
                  "Filter": "(company_id < 11775)",
                  "Rows Removed by Filter": 310245
                }
              ]
            }
          ]
        }
      ]
    },
    "Planning Time": 0.19,
    "Triggers": [],
    "Execution Time": 101.931
  }
]