[
  {
    "Plan": {
      "Node Type": "Aggregate",
      "Strategy": "Plain",
      "Partial Mode": "Finalize",
      "Parallel Aware": false,
      "Startup Cost": 31417.51,
      "Total Cost": 31417.52,
      "Plan Rows": 1,
      "Plan Width": 8,
      "Actual Startup Time": 101.148,
      "Actual Total Time": 108.683,
      "Actual Rows": 1,
      "Actual Loops": 1,
      "Plans": [
        {
          "Node Type": "Gather",
          "Parent Relationship": "Outer",
          "Parallel Aware": false,
          "Startup Cost": 31417.19,
          "Total Cost": 31417.5,
          "Plan Rows": 3,
          "Plan Width": 8,
          "Actual Startup Time": 101.06,
          "Actual Total Time": 108.676,
          "Actual Rows": 4,
          "Actual Loops": 1,
          "Workers Planned": 3,
          "Workers Launched": 3,
          "Single Copy": false,
          "Plans": [
            {
              "Node Type": "Aggregate",
              "Strategy": "Plain",
              "Partial Mode": "Partial",
              "Parent Relationship": "Outer",
              "Parallel Aware": false,
              "Startup Cost": 30417.19,
              "Total Cost": 30417.2,
              "Plan Rows": 1,
              "Plan Width": 8,
              "Actual Startup Time": 94.998,
              "Actual Total Time": 94.999,
              "Actual Rows": 1,
              "Actual Loops": 4,
              "Plans": [
                {
                  "Node Type": "Seq Scan",
                  "Parent Relationship": "Outer",
                  "Parallel Aware": true,
                  "Relation Name": "movie_companies",
                  "Alias": "mc",
                  "Startup Cost": 0.0,
                  "Total Cost": 29310.68,
                  "Plan Rows": 442604,
                  "Plan Width": 0,
                  "Actual Startup Time": 0.035,
                  "Actual Total Time": 76.556,
                  "Actual Rows": 342037,
                  "Actual Loops": 4,
                  "Filter": "(company_id < 11775)",
                  "Rows Removed by Filter": 310245
                }
              ]
            }
          ]
        }
      ]
    },
    "Planning Time": 0.163,
    "Triggers": [],
    "Execution Time": 108.732
  }
]