{
  "Plan": {
    "Node Type": "Aggregate",
    "Strategy": "Plain",
    "Partial Mode": "Simple",
    "Parallel Aware": false,
    "Startup Cost": 5602.72,
    "Total Cost": 5602.73,
    "Plan Rows": 1,
    "Plan Width": 8,
    "Actual Startup Time": 6.048,
    "Actual Total Time": 6.051,
    "Actual Rows": 1,
    "Actual Loops": 1,
    "Plans": [
      {
        "Node Type": "Nested Loop",
        "Parent Relationship": "Outer",
        "Parallel Aware": false,
        "Join Type": "Inner",
        "Startup Cost": 1.43,
        "Total Cost": 5600.56,
        "Plan Rows": 865,
        "Plan Width": 0,
        "Actual Startup Time": 0.202,
        "Actual Total Time": 5.874,
        "Actual Rows": 871,
        "Actual Loops": 1,
        "Inner Unique": false,
        "Plans": [
          {
            "Node Type": "Nested Loop",
            "Parent Relationship": "Outer",
            "Parallel Aware": false,
            "Join Type": "Inner",
            "Startup Cost": 0.99,
            "Total Cost": 5195.32,
            "Plan Rows": 148,
            "Plan Width": 8,
            "Actual Startup Time": 0.18,
            "Actual Total Time": 2.436,
            "Actual Rows": 69,
            "Actual Loops": 1,
            "Inner Unique": true,
            "Plans": [
              {
                "Node Type": "Index Scan",
                "Parent Relationship": "Outer",
                "Parallel Aware": false,
                "Scan Direction": "Forward",
                "Index Name": "person_id_cast_info",
                "Relation Name": "cast_info",
                "Alias": "ci",
                "Startup Cost": 0.56,
                "Total Cost": 1058.43,
                "Plan Rows": 497,
                "Plan Width": 4,
                "Actual Startup Time": 0.136,
                "Actual Total Time": 0.226,
                "Actual Rows": 164,
                "Actual Loops": 1,
                "Index Cond": "(person_id = 1272511)",
                "Rows Removed by Index Recheck": 0
              },
              {
                "Node Type": "Index Scan",
                "Parent Relationship": "Inner",
                "Parallel Aware": false,
                "Scan Direction": "Forward",
                "Index Name": "title_pkey",
                "Relation Name": "title",
                "Alias": "t",
                "Startup Cost": 0.43,
                "Total Cost": 8.32,
                "Plan Rows": 1,
                "Plan Width": 4,
                "Actual Startup Time": 0.012,
                "Actual Total Time": 0.012,
                "Actual Rows": 0,
                "Actual Loops": 164,
                "Index Cond": "(id = ci.movie_id)",
                "Rows Removed by Index Recheck": 0,
                "Filter": "((kind_id < 7) AND (production_year < 2010))",
                "Rows Removed by Filter": 1
              }
            ]
          },
          {
            "Node Type": "Index Only Scan",
            "Parent Relationship": "Inner",
            "Parallel Aware": false,
            "Scan Direction": "Forward",
            "Index Name": "movie_id_movie_info",
            "Relation Name": "movie_info",
            "Alias": "mi",
            "Startup Cost": 0.43,
            "Total Cost": 2.32,
            "Plan Rows": 42,
            "Plan Width": 4,
            "Actual Startup Time": 0.021,
            "Actual Total Time": 0.045,
            "Actual Rows": 13,
            "Actual Loops": 69,
            "Index Cond": "(movie_id = t.id)",
            "Rows Removed by Index Recheck": 0,
            "Heap Fetches": 871
          }
        ]
      }
    ]
  },
  "Planning Time": 1.024,
  "Triggers": [],
  "Execution Time": 6.127
}