{
  "Plan": {
    "Node Type": "Aggregate",
    "Strategy": "Plain",
    "Partial Mode": "Finalize",
    "Parallel Aware": false,
    "Startup Cost": 102926.21,
    "Total Cost": 102926.22,
    "Plan Rows": 1,
    "Plan Width": 8,
    "Actual Startup Time": 295.494,
    "Actual Total Time": 311.557,
    "Actual Rows": 1,
    "Actual Loops": 1,
    "Plans": [
      {
        "Node Type": "Gather",
        "Parent Relationship": "Outer",
        "Parallel Aware": false,
        "Startup Cost": 102926.1,
        "Total Cost": 102926.21,
        "Plan Rows": 1,
        "Plan Width": 8,
        "Actual Startup Time": 295.109,
        "Actual Total Time": 311.549,
        "Actual Rows": 2,
        "Actual Loops": 1,
        "Workers Planned": 1,
        "Workers Launched": 1,
        "Single Copy": false,
        "Plans": [
          {
            "Node Type": "Aggregate",
            "Strategy": "Plain",
            "Partial Mode": "Partial",
            "Parent Relationship": "Outer",
            "Parallel Aware": false,
            "Startup Cost": 101926.1,
            "Total Cost": 101926.11,
            "Plan Rows": 1,
            "Plan Width": 8,
            "Actual Startup Time": 289.499,
            "Actual Total Time": 289.502,
            "Actual Rows": 1,
            "Actual Loops": 2,
            "Plans": [
              {
                "Node Type": "Hash Join",
                "Parent Relationship": "Outer",
                "Parallel Aware": true,
                "Join Type": "Inner",
                "Startup Cost": 58769.53,
                "Total Cost": 101894.94,
                "Plan Rows": 12465,
                "Plan Width": 0,
                "Actual Startup Time": 205.66,
                "Actual Total Time": 289.229,
                "Actual Rows": 5016,
                "Actual Loops": 2,
                "Inner Unique": true,
                "Hash Cond": "(mc.movie_id = t.id)",
                "Plans": [
                  {
                    "Node Type": "Seq Scan",
                    "Parent Relationship": "Outer",
                    "Parallel Aware": true,
                    "Relation Name": "movie_companies",
                    "Alias": "mc",
                    "Startup Cost": 0.0,
                    "Total Cost": 41811.73,
                    "Plan Rows": 500449,
                    "Plan Width": 4,
                    "Actual Startup Time": 50.012,
                    "Actual Total Time": 105.35,
                    "Actual Rows": 268538,
                    "Actual Loops": 2,
                    "Filter": "((company_id < 18787) AND (company_type_id = 2))",
                    "Rows Removed by Filter": 1036026
                  },
                  {
                    "Node Type": "Hash",
                    "Parent Relationship": "Inner",
                    "Parallel Aware": true,
                    "Startup Cost": 58306.47,
                    "Total Cost": 58306.47,
                    "Plan Rows": 37045,
                    "Plan Width": 4,
                    "Actual Startup Time": 154.124,
                    "Actual Total Time": 154.124,
                    "Actual Rows": 35772,
                    "Actual Loops": 2,
                    "Hash Buckets": 131072,
                    "Original Hash Buckets": 65536,
                    "Hash Batches": 1,
                    "Original Hash Batches": 1,
                    "Peak Memory Usage": 4384,
                    "Plans": [
                      {
                        "Node Type": "Seq Scan",
                        "Parent Relationship": "Outer",
                        "Parallel Aware": true,
                        "Relation Name": "title",
                        "Alias": "t",
                        "Startup Cost": 0.0,
                        "Total Cost": 58306.47,
                        "Plan Rows": 37045,
                        "Plan Width": 4,
                        "Actual Startup Time": 0.039,
                        "Actual Total Time": 141.749,
                        "Actual Rows": 35772,
                        "Actual Loops": 2,
                        "Filter": "((kind_id > 1) AND (production_year = 2004))",
                        "Rows Removed by Filter": 1228384
                      }
                    ]
                  }
                ]
              }
            ]
          }
        ]
      }
    ]
  },
  "Planning Time": 0.49,
  "Triggers": [],
  "Execution Time": 311.627
}