[
  {
    "Plan": {
      "Node Type": "Aggregate",
      "Strategy": "Plain",
      "Partial Mode": "Finalize",
      "Parallel Aware": false,
      "Startup Cost": 381501.08,
      "Total Cost": 381501.09,
      "Plan Rows": 1,
      "Plan Width": 8,
      "Actual Startup Time": 1077.353,
      "Actual Total Time": 1140.632,
      "Actual Rows": 1,
      "Actual Loops": 1,
      "Plans": [
        {
          "Node Type": "Gather",
          "Parent Relationship": "Outer",
          "Parallel Aware": false,
          "Startup Cost": 381500.46,
          "Total Cost": 381501.07,
          "Plan Rows": 6,
          "Plan Width": 8,
          "Actual Startup Time": 1066.519,
          "Actual Total Time": 1140.62,
          "Actual Rows": 7,
          "Actual Loops": 1,
          "Workers Planned": 6,
          "Workers Launched": 6,
          "Single Copy": false,
          "Plans": [
            {
              "Node Type": "Aggregate",
              "Strategy": "Plain",
              "Partial Mode": "Partial",
              "Parent Relationship": "Outer",
              "Parallel Aware": false,
              "Startup Cost": 380500.46,
              "Total Cost": 380500.47,
              "Plan Rows": 1,
              "Plan Width": 8,
              "Actual Startup Time": 1051.466,
              "Actual Total Time": 1051.469,
              "Actual Rows": 1,
              "Actual Loops": 7,
              "Plans": [
                {
                  "Node Type": "Hash Join",
                  "Parent Relationship": "Outer",
                  "Parallel Aware": true,
                  "Join Type": "Inner",
                  "Startup Cost": 48378.63,
                  "Total Cost": 379111.98,
                  "Plan Rows": 555393,
                  "Plan Width": 0,
                  "Actual Startup Time": 538.218,
                  "Actual Total Time": 1032.111,
                  "Actual Rows": 398783,
                  "Actual Loops": 7,
                  "Inner Unique": true,
                  "Hash Cond": "(ci.movie_id = t.id)",
                  "Plans": [
                    {
                      "Node Type": "Seq Scan",
                      "Parent Relationship": "Outer",
                      "Parallel Aware": true,
                      "Relation Name": "cast_info",
                      "Alias": "ci",
                      "Startup Cost": 0.0,
                      "Total Cost": 328162.03,
                      "Plan Rows": 979552,
                      "Plan Width": 4,
                      "Actual Startup Time": 350.342,
                      "Actual Total Time": 547.493,
                      "Actual Rows": 812563,
                      "Actual Loops": 7,
                      "Filter": "(person_id > 3080059)",
                      "Rows Removed by Filter": 4365201
                    },
                    {
                      "Node Type": "Hash",
                      "Parent Relationship": "Inner",
                      "Parallel Aware": true,
                      "Startup Cost": 43898.92,
                      "Total Cost": 43898.92,
                      "Plan Rows": 358377,
                      "Plan Width": 4,
                      "Actual Startup Time": 182.737,
                      "Actual Total Time": 182.738,
                      "Actual Rows": 206185,
                      "Actual Loops": 7,
                      "Hash Buckets": 2097152,
                      "Original Hash Buckets": 2097152,
                      "Hash Batches": 1,
                      "Original Hash Batches": 1,
                      "Peak Memory Usage": 72960,
                      "Plans": [
                        {
                          "Node Type": "Seq Scan",
                          "Parent Relationship": "Outer",
                          "Parallel Aware": true,
                          "Relation Name": "title",
                          "Alias": "t",
                          "Startup Cost": 0.0,
                          "Total Cost": 43898.92,
                          "Plan Rows": 358377,
                          "Plan Width": 4,
                          "Actual Startup Time": 0.04,
                          "Actual Total Time": 82.724,
                          "Actual Rows": 206185,
                          "Actual Loops": 7,
                          "Filter": "(production_year < 2006)",
                          "Rows Removed by Filter": 155002
                        }
                      ]
                    }
                  ]
                }
              ]
            }
          ]
        }
      ]
    },
    "Planning Time": 0.582,
    "Triggers": [],
    "Execution Time": 1140.719
  }
]