{
  "Plan": {
    "Node Type": "Aggregate",
    "Strategy": "Plain",
    "Partial Mode": "Finalize",
    "Parallel Aware": false,
    "Startup Cost": 98358.26,
    "Total Cost": 98358.27,
    "Plan Rows": 1,
    "Plan Width": 8,
    "Actual Startup Time": 456.034,
    "Actual Total Time": 471.906,
    "Actual Rows": 1,
    "Actual Loops": 1,
    "Plans": [
      {
        "Node Type": "Gather",
        "Parent Relationship": "Outer",
        "Parallel Aware": false,
        "Startup Cost": 98358.15,
        "Total Cost": 98358.26,
        "Plan Rows": 1,
        "Plan Width": 8,
        "Actual Startup Time": 454.88,
        "Actual Total Time": 471.899,
        "Actual Rows": 2,
        "Actual Loops": 1,
        "Workers Planned": 1,
        "Workers Launched": 1,
        "Single Copy": false,
        "Plans": [
          {
            "Node Type": "Aggregate",
            "Strategy": "Plain",
            "Partial Mode": "Partial",
            "Parent Relationship": "Outer",
            "Parallel Aware": false,
            "Startup Cost": 97358.15,
            "Total Cost": 97358.16,
            "Plan Rows": 1,
            "Plan Width": 8,
            "Actual Startup Time": 448.715,
            "Actual Total Time": 448.72,
            "Actual Rows": 1,
            "Actual Loops": 2,
            "Plans": [
              {
                "Node Type": "Hash Join",
                "Parent Relationship": "Outer",
                "Parallel Aware": true,
                "Join Type": "Inner",
                "Startup Cost": 35413.2,
                "Total Cost": 97109.66,
                "Plan Rows": 99398,
                "Plan Width": 0,
                "Actual Startup Time": 149.659,
                "Actual Total Time": 442.835,
                "Actual Rows": 134622,
                "Actual Loops": 2,
                "Inner Unique": false,
                "Hash Cond": "(t.id = mc.movie_id)",
                "Plans": [
                  {
                    "Node Type": "Seq Scan",
                    "Parent Relationship": "Outer",
                    "Parallel Aware": true,
                    "Relation Name": "title",
                    "Alias": "t",
                    "Startup Cost": 0.0,
                    "Total Cost": 54588.39,
                    "Plan Rows": 1043739,
                    "Plan Width": 4,
                    "Actual Startup Time": 0.011,
                    "Actual Total Time": 140.715,
                    "Actual Rows": 887318,
                    "Actual Loops": 2,
                    "Filter": "(kind_id > 2)",
                    "Rows Removed by Filter": 376838
                  },
                  {
                    "Node Type": "Hash",
                    "Parent Relationship": "Inner",
                    "Parallel Aware": true,
                    "Startup Cost": 33642.77,
                    "Total Cost": 33642.77,
                    "Plan Rows": 141634,
                    "Plan Width": 4,
                    "Actual Startup Time": 146.147,
                    "Actual Total Time": 146.148,
                    "Actual Rows": 178400,
                    "Actual Loops": 2,
                    "Hash Buckets": 524288,
                    "Original Hash Buckets": 262144,
                    "Hash Batches": 1,
                    "Original Hash Batches": 1,
                    "Peak Memory Usage": 20128,
                    "Plans": [
                      {
                        "Node Type": "Bitmap Heap Scan",
                        "Parent Relationship": "Outer",
                        "Parallel Aware": true,
                        "Relation Name": "movie_companies",
                        "Alias": "mc",
                        "Startup Cost": 10537.02,
                        "Total Cost": 33642.77,
                        "Plan Rows": 141634,
                        "Plan Width": 4,
                        "Actual Startup Time": 38.42,
                        "Actual Total Time": 105.829,
                        "Actual Rows": 178400,
                        "Actual Loops": 2,
                        "Recheck Cond": "(company_id < 428)",
                        "Rows Removed by Index Recheck": 0,
                        "Filter": "(company_type_id = 1)",
                        "Rows Removed by Filter": 65866,
                        "Exact Heap Blocks": 11389,
                        "Lossy Heap Blocks": 0,
                        "Plans": [
                          {
                            "Node Type": "Bitmap Index Scan",
                            "Parent Relationship": "Outer",
                            "Parallel Aware": false,
                            "Index Name": "company_id_movie_companies",
                            "Startup Cost": 0.0,
                            "Total Cost": 10476.82,
                            "Plan Rows": 489119,
                            "Plan Width": 0,
                            "Actual Startup Time": 37.998,
                            "Actual Total Time": 37.998,
                            "Actual Rows": 488533,
                            "Actual Loops": 1,
                            "Index Cond": "(company_id < 428)"
                          }
                        ]
                      }
                    ]
                  }
                ]
              }
            ]
          }
        ]
      }
    ]
  },
  "Planning Time": 0.65,
  "Triggers": [],
  "Execution Time": 471.997
}