[
  {
    "Plan": {
      "Node Type": "Aggregate",
      "Strategy": "Plain",
      "Partial Mode": "Finalize",
      "Parallel Aware": false,
      "Startup Cost": 248610.38,
      "Total Cost": 248610.39,
      "Plan Rows": 1,
      "Plan Width": 8,
      "Actual Startup Time": 769.723,
      "Actual Total Time": 819.505,
      "Actual Rows": 1,
      "Actual Loops": 1,
      "Plans": [
        {
          "Node Type": "Gather",
          "Parent Relationship": "Outer",
          "Parallel Aware": false,
          "Startup Cost": 248609.86,
          "Total Cost": 248610.37,
          "Plan Rows": 5,
          "Plan Width": 8,
          "Actual Startup Time": 767.893,
          "Actual Total Time": 819.498,
          "Actual Rows": 6,
          "Actual Loops": 1,
          "Workers Planned": 5,
          "Workers Launched": 5,
          "Single Copy": false,
          "Plans": [
            {
              "Node Type": "Aggregate",
              "Strategy": "Plain",
              "Partial Mode": "Partial",
              "Parent Relationship": "Outer",
              "Parallel Aware": false,
              "Startup Cost": 247609.86,
              "Total Cost": 247609.87,
              "Plan Rows": 1,
              "Plan Width": 8,
              "Actual Startup Time": 762.099,
              "Actual Total Time": 762.102,
              "Actual Rows": 1,
              "Actual Loops": 6,
              "Plans": [
                {
                  "Node Type": "Hash Join",
                  "Parent Relationship": "Outer",
                  "Parallel Aware": true,
                  "Join Type": "Inner",
                  "Startup Cost": 46846.39,
                  "Total Cost": 246325.79,
                  "Plan Rows": 513627,
                  "Plan Width": 0,
                  "Actual Startup Time": 98.504,
                  "Actual Total Time": 752.46,
                  "Actual Rows": 222070,
                  "Actual Loops": 6,
                  "Inner Unique": true,
                  "Hash Cond": "(mi.movie_id = t.id)",
                  "Plans": [
                    {
                      "Node Type": "Seq Scan",
                      "Parent Relationship": "Outer",
                      "Parallel Aware": true,
                      "Relation Name": "movie_info",
                      "Alias": "mi",
                      "Startup Cost": 0.0,
                      "Total Cost": 191685.19,
                      "Plan Rows": 2969219,
                      "Plan Width": 4,
                      "Actual Startup Time": 0.031,
                      "Actual Total Time": 296.495,
                      "Actual Rows": 2472620,
                      "Actual Loops": 6
                    },
                    {
                      "Node Type": "Hash",
                      "Parent Relationship": "Inner",
                      "Parallel Aware": true,
                      "Startup Cost": 45479.59,
                      "Total Cost": 45479.59,
                      "Plan Rows": 109344,
                      "Plan Width": 4,
                      "Actual Startup Time": 97.009,
                      "Actual Total Time": 97.01,
                      "Actual Rows": 54915,
                      "Actual Loops": 6,
                      "Hash Buckets": 524288,
                      "Original Hash Buckets": 524288,
                      "Hash Batches": 1,
                      "Original Hash Batches": 1,
                      "Peak Memory Usage": 17120,
                      "Plans": [
                        {
                          "Node Type": "Seq Scan",
                          "Parent Relationship": "Outer",
                          "Parallel Aware": true,
                          "Relation Name": "title",
                          "Alias": "t",
                          "Startup Cost": 0.0,
                          "Total Cost": 45479.59,
                          "Plan Rows": 109344,
                          "Plan Width": 4,
                          "Actual Startup Time": 0.037,
                          "Actual Total Time": 74.196,
                          "Actual Rows": 54915,
                          "Actual Loops": 6,
                          "Filter": "((production_year < 1992) AND (kind_id = 7))",
                          "Rows Removed by Filter": 366470
                        }
                      ]
                    }
                  ]
                }
              ]
            }
          ]
        }
      ]
    },
    "Planning Time": 0.177,
    "Triggers": [],
    "Execution Time": 819.544
  }
]