{
  "Plan": {
    "Node Type": "Aggregate",
    "Strategy": "Plain",
    "Partial Mode": "Finalize",
    "Parallel Aware": false,
    "Startup Cost": 627790.17,
    "Total Cost": 627790.18,
    "Plan Rows": 1,
    "Plan Width": 8,
    "Actual Startup Time": 5496.186,
    "Actual Total Time": 5563.903,
    "Actual Rows": 1,
    "Actual Loops": 1,
    "Plans": [
      {
        "Node Type": "Gather",
        "Parent Relationship": "Outer",
        "Parallel Aware": false,
        "Startup Cost": 627790.06,
        "Total Cost": 627790.17,
        "Plan Rows": 1,
        "Plan Width": 8,
        "Actual Startup Time": 5492.638,
        "Actual Total Time": 5563.893,
        "Actual Rows": 2,
        "Actual Loops": 1,
        "Workers Planned": 1,
        "Workers Launched": 1,
        "Single Copy": false,
        "Plans": [
          {
            "Node Type": "Aggregate",
            "Strategy": "Plain",
            "Partial Mode": "Partial",
            "Parent Relationship": "Outer",
            "Parallel Aware": false,
            "Startup Cost": 626790.06,
            "Total Cost": 626790.07,
            "Plan Rows": 1,
            "Plan Width": 8,
            "Actual Startup Time": 5487.221,
            "Actual Total Time": 5487.225,
            "Actual Rows": 1,
            "Actual Loops": 2,
            "Plans": [
              {
                "Node Type": "Hash Join",
                "Parent Relationship": "Outer",
                "Parallel Aware": true,
                "Join Type": "Inner",
                "Startup Cost": 63292.8,
                "Total Cost": 613088.49,
                "Plan Rows": 5480628,
                "Plan Width": 0,
                "Actual Startup Time": 385.041,
                "Actual Total Time": 5241.9,
                "Actual Rows": 4898574,
                "Actual Loops": 2,
                "Inner Unique": true,
                "Hash Cond": "(ci.movie_id = t.id)",
                "Plans": [
                  {
                    "Node Type": "Seq Scan",
                    "Parent Relationship": "Outer",
                    "Parallel Aware": true,
                    "Relation Name": "cast_info",
                    "Alias": "ci",
                    "Startup Cost": 0.0,
                    "Total Cost": 519069.44,
                    "Plan Rows": 11705216,
                    "Plan Width": 4,
                    "Actual Startup Time": 0.016,
                    "Actual Total Time": 1749.011,
                    "Actual Rows": 9967972,
                    "Actual Loops": 2,
                    "Filter": "(person_id < 2002292)",
                    "Rows Removed by Filter": 8154200
                  },
                  {
                    "Node Type": "Hash",
                    "Parent Relationship": "Inner",
                    "Parallel Aware": true,
                    "Startup Cost": 54588.39,
                    "Total Cost": 54588.39,
                    "Plan Rows": 696353,
                    "Plan Width": 4,
                    "Actual Startup Time": 374.791,
                    "Actual Total Time": 374.792,
                    "Actual Rows": 597962,
                    "Actual Loops": 2,
                    "Hash Buckets": 2097152,
                    "Original Hash Buckets": 2097152,
                    "Hash Batches": 1,
                    "Original Hash Batches": 1,
                    "Peak Memory Usage": 63200,
                    "Plans": [
                      {
                        "Node Type": "Seq Scan",
                        "Parent Relationship": "Outer",
                        "Parallel Aware": true,
                        "Relation Name": "title",
                        "Alias": "t",
                        "Startup Cost": 0.0,
                        "Total Cost": 54588.39,
                        "Plan Rows": 696353,
                        "Plan Width": 4,
                        "Actual Startup Time": 0.034,
                        "Actual Total Time": 192.18,
                        "Actual Rows": 597962,
                        "Actual Loops": 2,
                        "Filter": "(production_year < 2003)",
                        "Rows Removed by Filter": 666194
                      }
                    ]
                  }
                ]
              }
            ]
          }
        ]
      }
    ]
  },
  "Planning Time": 0.281,
  "Triggers": [],
  "Execution Time": 5563.96
}