{
  "Plan": {
    "Node Type": "Aggregate",
    "Strategy": "Plain",
    "Partial Mode": "Finalize",
    "Parallel Aware": false,
    "Startup Cost": 453487.99,
    "Total Cost": 453488.0,
    "Plan Rows": 1,
    "Plan Width": 8,
    "Actual Startup Time": 2288.584,
    "Actual Total Time": 2321.683,
    "Actual Rows": 1,
    "Actual Loops": 1,
    "Plans": [
      {
        "Node Type": "Gather",
        "Parent Relationship": "Outer",
        "Parallel Aware": false,
        "Startup Cost": 453487.88,
        "Total Cost": 453487.99,
        "Plan Rows": 1,
        "Plan Width": 8,
        "Actual Startup Time": 1725.642,
        "Actual Total Time": 2321.66,
        "Actual Rows": 2,
        "Actual Loops": 1,
        "Workers Planned": 1,
        "Workers Launched": 1,
        "Single Copy": false,
        "Plans": [
          {
            "Node Type": "Aggregate",
            "Strategy": "Plain",
            "Partial Mode": "Partial",
            "Parent Relationship": "Outer",
            "Parallel Aware": false,
            "Startup Cost": 452487.88,
            "Total Cost": 452487.89,
            "Plan Rows": 1,
            "Plan Width": 8,
            "Actual Startup Time": 1993.808,
            "Actual Total Time": 1993.827,
            "Actual Rows": 1,
            "Actual Loops": 2,
            "Plans": [
              {
                "Node Type": "Merge Join",
                "Parent Relationship": "Outer",
                "Parallel Aware": false,
                "Join Type": "Inner",
                "Startup Cost": 444280.58,
                "Total Cost": 452106.99,
                "Plan Rows": 152353,
                "Plan Width": 0,
                "Actual Startup Time": 1744.682,
                "Actual Total Time": 1968.579,
                "Actual Rows": 463840,
                "Actual Loops": 2,
                "Inner Unique": false,
                "Merge Cond": "(mi.movie_id = t.id)",
                "Plans": [
                  {
                    "Node Type": "Sort",
                    "Parent Relationship": "Outer",
                    "Parallel Aware": false,
                    "Startup Cost": 266396.29,
                    "Total Cost": 268250.05,
                    "Plan Rows": 741502,
                    "Plan Width": 4,
                    "Actual Startup Time": 306.648,
                    "Actual Total Time": 337.221,
                    "Actual Rows": 644440,
                    "Actual Loops": 2,
                    "Sort Key": [
                      "mi.movie_id"
                    ],
                    "Sort Method": "quicksort",
                    "Sort Space Used": 63860,
                    "Sort Space Type": "Memory",
                    "Workers": [
                      {
                        "Worker Number": 0,
                        "Sort Method": "quicksort",
                        "Sort Space Used": 33424,
                        "Sort Space Type": "Memory"
                      }
                    ],
                    "Plans": [
                      {
                        "Node Type": "Bitmap Heap Scan",
                        "Parent Relationship": "Outer",
                        "Parallel Aware": true,
                        "Relation Name": "movie_info",
                        "Alias": "mi",
                        "Startup Cost": 22837.73,
                        "Total Cost": 194099.51,
                        "Plan Rows": 741502,
                        "Plan Width": 4,
                        "Actual Startup Time": 52.842,
                        "Actual Total Time": 146.346,
                        "Actual Rows": 644464,
                        "Actual Loops": 2,
                        "Recheck Cond": "(info_type_id = 2)",
                        "Rows Removed by Index Recheck": 0,
                        "Exact Heap Blocks": 5576,
                        "Lossy Heap Blocks": 0,
                        "Plans": [
                          {
                            "Node Type": "Bitmap Index Scan",
                            "Parent Relationship": "Outer",
                            "Parallel Aware": false,
                            "Index Name": "info_type_id_movie_info",
                            "Startup Cost": 0.0,
                            "Total Cost": 22522.59,
                            "Plan Rows": 1260554,
                            "Plan Width": 0,
                            "Actual Startup Time": 56.889,
                            "Actual Total Time": 56.89,
                            "Actual Rows": 1288928,
                            "Actual Loops": 1,
                            "Index Cond": "(info_type_id = 2)"
                          }
                        ]
                      }
                    ]
                  },
                  {
                    "Node Type": "Sort",
                    "Parent Relationship": "Inner",
                    "Parallel Aware": false,
                    "Startup Cost": 177884.24,
                    "Total Cost": 179182.93,
                    "Plan Rows": 519476,
                    "Plan Width": 8,
                    "Actual Startup Time": 1437.994,
                    "Actual Total Time": 1482.481,
                    "Actual Rows": 949920,
                    "Actual Loops": 2,
                    "Sort Key": [
                      "t.id"
                    ],
                    "Sort Method": "quicksort",
                    "Sort Space Used": 68377,
                    "Sort Space Type": "Memory",
                    "Workers": [
                      {
                        "Worker Number": 0,
                        "Sort Method": "quicksort",
                        "Sort Space Used": 68377,
                        "Sort Space Type": "Memory"
                      }
                    ],
                    "Plans": [
                      {
                        "Node Type": "Hash Join",
                        "Parent Relationship": "Outer",
                        "Parallel Aware": false,
                        "Join Type": "Inner",
                        "Startup Cost": 78704.13,
                        "Total Cost": 128568.57,
                        "Plan Rows": 519476,
                        "Plan Width": 8,
                        "Actual Startup Time": 467.764,
                        "Actual Total Time": 1174.316,
                        "Actual Rows": 934414,
                        "Actual Loops": 2,
                        "Inner Unique": true,
                        "Hash Cond": "(mc.movie_id = t.id)",
                        "Plans": [
                          {
                            "Node Type": "Index Scan",
                            "Parent Relationship": "Outer",
                            "Parallel Aware": false,
                            "Scan Direction": "Forward",
                            "Index Name": "company_type_id_movie_companies",
                            "Relation Name": "movie_companies",
                            "Alias": "mc",
                            "Startup Cost": 0.43,
                            "Total Cost": 46387.42,
                            "Plan Rows": 1324742,
                            "Plan Width": 4,
                            "Actual Startup Time": 0.134,
                            "Actual Total Time": 240.064,
                            "Actual Rows": 1334883,
                            "Actual Loops": 2,
                            "Index Cond": "(company_type_id > 1)",
                            "Rows Removed by Index Recheck": 0
                          },
                          {
                            "Node Type": "Hash",
                            "Parent Relationship": "Inner",
                            "Parallel Aware": false,
                            "Startup Cost": 66310.85,
                            "Total Cost": 66310.85,
                            "Plan Rows": 991428,
                            "Plan Width": 4,
                            "Actual Startup Time": 462.888,
                            "Actual Total Time": 462.898,
                            "Actual Rows": 985048,
                            "Actual Loops": 2,
                            "Hash Buckets": 1048576,
                            "Original Hash Buckets": 1048576,
                            "Hash Batches": 1,
                            "Original Hash Batches": 1,
                            "Peak Memory Usage": 42823,
                            "Plans": [
                              {
                                "Node Type": "Bitmap Heap Scan",
                                "Parent Relationship": "Outer",
                                "Parallel Aware": false,
                                "Relation Name": "title",
                                "Alias": "t",
                                "Startup Cost": 17920.0,
                                "Total Cost": 66310.85,
                                "Plan Rows": 991428,
                                "Plan Width": 4,
                                "Actual Startup Time": 47.221,
                                "Actual Total Time": 243.503,
                                "Actual Rows": 985048,
                                "Actual Loops": 2,
                                "Recheck Cond": "(kind_id < 7)",
                                "Rows Removed by Index Recheck": 0,
                                "Exact Heap Blocks": 35472,
                                "Lossy Heap Blocks": 0,
                                "Plans": [
                                  {
                                    "Node Type": "Bitmap Index Scan",
                                    "Parent Relationship": "Outer",
                                    "Parallel Aware": false,
                                    "Index Name": "kind_id_title",
                                    "Startup Cost": 0.0,
                                    "Total Cost": 17672.14,
                                    "Plan Rows": 991428,
                                    "Plan Width": 0,
                                    "Actual Startup Time": 40.908,
                                    "Actual Total Time": 40.908,
                                    "Actual Rows": 985048,
                                    "Actual Loops": 2,
                                    "Index Cond": "(kind_id < 7)"
                                  }
                                ]
                              }
                            ]
                          }
                        ]
                      }
                    ]
                  }
                ]
              }
            ]
          }
        ]
      }
    ]
  },
  "Planning Time": 1.201,
  "Triggers": [],
  "Execution Time": 2347.18
}