[
    {
        "Bao": {
            "Bao prediction": "NaN",
            "Bao recommended hint": "(no hint)"
        }
    },
    {
        "Plan": {
            "Node Type": "Aggregate",
            "Strategy": "Plain",
            "Partial Mode": "Finalize",
            "Parallel Aware": false,
            "Startup Cost": 54523.84,
            "Total Cost": 54523.85,
            "Plan Rows": 1,
            "Plan Width": 8,
            "Actual Startup Time": 112.277,
            "Actual Total Time": 124.731,
            "Actual Rows": 1,
            "Actual Loops": 1,
            "Output": [
                "count(*)"
            ],
            "Plans": [
                {
                    "Node Type": "Gather",
                    "Parent Relationship": "Outer",
                    "Parallel Aware": false,
                    "Startup Cost": 54523.42,
                    "Total Cost": 54523.83,
                    "Plan Rows": 4,
                    "Plan Width": 8,
                    "Actual Startup Time": 112.146,
                    "Actual Total Time": 124.723,
                    "Actual Rows": 5,
                    "Actual Loops": 1,
                    "Output": [
                        "(PARTIAL count(*))"
                    ],
                    "Workers Planned": 4,
                    "Workers Launched": 4,
                    "Single Copy": false,
                    "Plans": [
                        {
                            "Node Type": "Aggregate",
                            "Strategy": "Plain",
                            "Partial Mode": "Partial",
                            "Parent Relationship": "Outer",
                            "Parallel Aware": false,
                            "Startup Cost": 53523.42,
                            "Total Cost": 53523.43,
                            "Plan Rows": 1,
                            "Plan Width": 8,
                            "Actual Startup Time": 102.944,
                            "Actual Total Time": 102.946,
                            "Actual Rows": 1,
                            "Actual Loops": 5,
                            "Output": [
                                "PARTIAL count(*)"
                            ],
                            "Workers": [
                                {
                                    "Worker Number": 0,
                                    "Actual Startup Time": 100.32,
                                    "Actual Total Time": 100.322,
                                    "Actual Rows": 1,
                                    "Actual Loops": 1
                                },
                                {
                                    "Worker Number": 1,
                                    "Actual Startup Time": 100.68,
                                    "Actual Total Time": 100.682,
                                    "Actual Rows": 1,
                                    "Actual Loops": 1
                                },
                                {
                                    "Worker Number": 2,
                                    "Actual Startup Time": 100.946,
                                    "Actual Total Time": 100.947,
                                    "Actual Rows": 1,
                                    "Actual Loops": 1
                                },
                                {
                                    "Worker Number": 3,
                                    "Actual Startup Time": 100.956,
                                    "Actual Total Time": 100.958,
                                    "Actual Rows": 1,
                                    "Actual Loops": 1
                                }
                            ],
                            "Plans": [
                                {
                                    "Node Type": "Nested Loop",
                                    "Parent Relationship": "Outer",
                                    "Parallel Aware": false,
                                    "Join Type": "Inner",
                                    "Startup Cost": 0.86,
                                    "Total Cost": 53523.03,
                                    "Plan Rows": 154,
                                    "Plan Width": 0,
                                    "Actual Startup Time": 50.989,
                                    "Actual Total Time": 102.874,
                                    "Actual Rows": 500,
                                    "Actual Loops": 5,
                                    "Inner Unique": false,
                                    "Join Filter": "(t.id = mi.movie_id)",
                                    "Rows Removed by Join Filter": 0,
                                    "Workers": [
                                        {
                                            "Worker Number": 0,
                                            "Actual Startup Time": 48.986,
                                            "Actual Total Time": 100.255,
                                            "Actual Rows": 296,
                                            "Actual Loops": 1
                                        },
                                        {
                                            "Worker Number": 1,
                                            "Actual Startup Time": 48.624,
                                            "Actual Total Time": 100.607,
                                            "Actual Rows": 325,
                                            "Actual Loops": 1
                                        },
                                        {
                                            "Worker Number": 2,
                                            "Actual Startup Time": 48.876,
                                            "Actual Total Time": 100.875,
                                            "Actual Rows": 638,
                                            "Actual Loops": 1
                                        },
                                        {
                                            "Worker Number": 3,
                                            "Actual Startup Time": 48.901,
                                            "Actual Total Time": 100.883,
                                            "Actual Rows": 361,
                                            "Actual Loops": 1
                                        }
                                    ],
                                    "Plans": [
                                        {
                                            "Node Type": "Nested Loop",
                                            "Parent Relationship": "Outer",
                                            "Parallel Aware": false,
                                            "Join Type": "Inner",
                                            "Startup Cost": 0.43,
                                            "Total Cost": 52707.46,
                                            "Plan Rows": 519,
                                            "Plan Width": 8,
                                            "Actual Startup Time": 50.782,
                                            "Actual Total Time": 80.628,
                                            "Actual Rows": 1105,
                                            "Actual Loops": 5,
                                            "Output": [
                                                "t.id",
                                                "mc.movie_id"
                                            ],
                                            "Inner Unique": false,
                                            "Workers": [
                                                {
                                                    "Worker Number": 0,
                                                    "Actual Startup Time": 48.166,
                                                    "Actual Total Time": 78.195,
                                                    "Actual Rows": 699,
                                                    "Actual Loops": 1
                                                },
                                                {
                                                    "Worker Number": 1,
                                                    "Actual Startup Time": 48.557,
                                                    "Actual Total Time": 76.163,
                                                    "Actual Rows": 772,
                                                    "Actual Loops": 1
                                                },
                                                {
                                                    "Worker Number": 2,
                                                    "Actual Startup Time": 48.815,
                                                    "Actual Total Time": 77.01,
                                                    "Actual Rows": 1134,
                                                    "Actual Loops": 1
                                                },
                                                {
                                                    "Worker Number": 3,
                                                    "Actual Startup Time": 48.831,
                                                    "Actual Total Time": 77.057,
                                                    "Actual Rows": 725,
                                                    "Actual Loops": 1
                                                }
                                            ],
                                            "Plans": [
                                                {
                                                    "Node Type": "Seq Scan",
                                                    "Parent Relationship": "Outer",
                                                    "Parallel Aware": true,
                                                    "Relation Name": "title",
                                                    "Schema": "public",
                                                    "Alias": "t",
                                                    "Startup Cost": 0.0,
                                                    "Total Cost": 43899.01,
                                                    "Plan Rows": 503,
                                                    "Plan Width": 4,
                                                    "Actual Startup Time": 50.667,
                                                    "Actual Total Time": 72.033,
                                                    "Actual Rows": 569,
                                                    "Actual Loops": 5,
                                                    "Output": [
                                                        "t.id",
                                                        "t.title",
                                                        "t.imdb_index",
                                                        "t.kind_id",
                                                        "t.production_year",
                                                        "t.imdb_id",
                                                        "t.phonetic_code",
                                                        "t.episode_of_id",
                                                        "t.season_nr",
                                                        "t.episode_nr",
                                                        "t.series_years",
                                                        "t.md5sum"
                                                    ],
                                                    "Filter": "(t.production_year = 1926)",
                                                    "Rows Removed by Filter": 505093,
                                                    "Workers": [
                                                        {
                                                            "Worker Number": 0,
                                                            "Actual Startup Time": 47.995,
                                                            "Actual Total Time": 69.169,
                                                            "Actual Rows": 370,
                                                            "Actual Loops": 1
                                                        },
                                                        {
                                                            "Worker Number": 1,
                                                            "Actual Startup Time": 48.37,
                                                            "Actual Total Time": 66.483,
                                                            "Actual Rows": 391,
                                                            "Actual Loops": 1
                                                        },
                                                        {
                                                            "Worker Number": 2,
                                                            "Actual Startup Time": 48.736,
                                                            "Actual Total Time": 67.564,
                                                            "Actual Rows": 578,
                                                            "Actual Loops": 1
                                                        },
                                                        {
                                                            "Worker Number": 3,
                                                            "Actual Startup Time": 48.715,
                                                            "Actual Total Time": 67.822,
                                                            "Actual Rows": 377,
                                                            "Actual Loops": 1
                                                        }
                                                    ]
                                                },
                                                {
                                                    "Node Type": "Index Only Scan",
                                                    "Parent Relationship": "Inner",
                                                    "Parallel Aware": false,
                                                    "Scan Direction": "Forward",
                                                    "Index Name": "movie_id_movie_companies",
                                                    "Relation Name": "movie_companies",
                                                    "Schema": "public",
                                                    "Alias": "mc",
                                                    "Startup Cost": 0.43,
                                                    "Total Cost": 17.46,
                                                    "Plan Rows": 5,
                                                    "Plan Width": 4,
                                                    "Actual Startup Time": 0.011,
                                                    "Actual Total Time": 0.014,
                                                    "Actual Rows": 2,
                                                    "Actual Loops": 2847,
                                                    "Output": [
                                                        "mc.movie_id"
                                                    ],
                                                    "Index Cond": "(mc.movie_id = t.id)",
                                                    "Rows Removed by Index Recheck": 0,
                                                    "Heap Fetches": 5524,
                                                    "Workers": [
                                                        {
                                                            "Worker Number": 0,
                                                            "Actual Startup Time": 0.018,
                                                            "Actual Total Time": 0.023,
                                                            "Actual Rows": 2,
                                                            "Actual Loops": 370
                                                        },
                                                        {
                                                            "Worker Number": 1,
                                                            "Actual Startup Time": 0.018,
                                                            "Actual Total Time": 0.023,
                                                            "Actual Rows": 2,
                                                            "Actual Loops": 391
                                                        },
                                                        {
                                                            "Worker Number": 2,
                                                            "Actual Startup Time": 0.012,
                                                            "Actual Total Time": 0.016,
                                                            "Actual Rows": 2,
                                                            "Actual Loops": 578
                                                        },
                                                        {
                                                            "Worker Number": 3,
                                                            "Actual Startup Time": 0.019,
                                                            "Actual Total Time": 0.023,
                                                            "Actual Rows": 2,
                                                            "Actual Loops": 377
                                                        }
                                                    ]
                                                }
                                            ]
                                        },
                                        {
                                            "Node Type": "Index Scan",
                                            "Parent Relationship": "Inner",
                                            "Parallel Aware": false,
                                            "Scan Direction": "Forward",
                                            "Index Name": "movie_id_movie_info",
                                            "Relation Name": "movie_info",
                                            "Schema": "public",
                                            "Alias": "mi",
                                            "Startup Cost": 0.43,
                                            "Total Cost": 1.55,
                                            "Plan Rows": 2,
                                            "Plan Width": 4,
                                            "Actual Startup Time": 0.015,
                                            "Actual Total Time": 0.02,
                                            "Actual Rows": 0,
                                            "Actual Loops": 5524,
                                            "Output": [
                                                "mi.id",
                                                "mi.movie_id",
                                                "mi.info_type_id",
                                                "mi.info",
                                                "mi.note"
                                            ],
                                            "Index Cond": "(mi.movie_id = mc.movie_id)",
                                            "Rows Removed by Index Recheck": 0,
                                            "Filter": "(mi.info_type_id < 2)",
                                            "Rows Removed by Filter": 14,
                                            "Workers": [
                                                {
                                                    "Worker Number": 0,
                                                    "Actual Startup Time": 0.024,
                                                    "Actual Total Time": 0.031,
                                                    "Actual Rows": 0,
                                                    "Actual Loops": 699
                                                },
                                                {
                                                    "Worker Number": 1,
                                                    "Actual Startup Time": 0.023,
                                                    "Actual Total Time": 0.031,
                                                    "Actual Rows": 0,
                                                    "Actual Loops": 772
                                                },
                                                {
                                                    "Worker Number": 2,
                                                    "Actual Startup Time": 0.016,
                                                    "Actual Total Time": 0.021,
                                                    "Actual Rows": 1,
                                                    "Actual Loops": 1134
                                                },
                                                {
                                                    "Worker Number": 3,
                                                    "Actual Startup Time": 0.024,
                                                    "Actual Total Time": 0.032,
                                                    "Actual Rows": 0,
                                                    "Actual Loops": 725
                                                }
                                            ]
                                        }
                                    ]
                                }
                            ]
                        }
                    ]
                }
            ]
        },
        "Planning Time": 187.239,
        "Triggers": [],
        "Execution Time": 124.804
    }
]