[
  {
    "Plan": {
      "Node Type": "Aggregate",
      "Strategy": "Plain",
      "Partial Mode": "Simple",
      "Parallel Aware": false,
      "Startup Cost": 987.26,
      "Total Cost": 987.27,
      "Plan Rows": 1,
      "Plan Width": 8,
      "Actual Startup Time": 13.392,
      "Actual Total Time": 13.393,
      "Actual Rows": 1,
      "Actual Loops": 1,
      "Plans": [
        {
          "Node Type": "Index Scan",
          "Parent Relationship": "Outer",
          "Parallel Aware": false,
          "Scan Direction": "Forward",
          "Index Name": "person_id_cast_info",
          "Relation Name": "cast_info",
          "Alias": "ci",
          "Startup Cost": 0.56,
          "Total Cost": 987.07,
          "Plan Rows": 76,
          "Plan Width": 0,
          "Actual Startup Time": 13.365,
          "Actual Total Time": 13.382,
          "Actual Rows": 16,
          "Actual Loops": 1,
          "Index Cond": "(person_id = 2836657)",
          "Rows Removed by Index Recheck": 0,
          "Filter": "(role_id > 8)",
          "Rows Removed by Filter": 24
        }
      ]
    },
    "Planning Time": 0.163,
    "Triggers": [],
    "Execution Time": 13.434
  }
]