[
  {
    "Plan": {
      "Node Type": "Aggregate",
      "Strategy": "Plain",
      "Partial Mode": "Finalize",
      "Parallel Aware": false,
      "Startup Cost": 31631.78,
      "Total Cost": 31631.79,
      "Plan Rows": 1,
      "Plan Width": 8,
      "Actual Startup Time": 120.739,
      "Actual Total Time": 127.056,
      "Actual Rows": 1,
      "Actual Loops": 1,
      "Plans": [
        {
          "Node Type": "Gather",
          "Parent Relationship": "Outer",
          "Parallel Aware": false,
          "Startup Cost": 31631.47,
          "Total Cost": 31631.78,
          "Plan Rows": 3,
          "Plan Width": 8,
          "Actual Startup Time": 120.622,
          "Actual Total Time": 127.045,
          "Actual Rows": 4,
          "Actual Loops": 1,
          "Workers Planned": 3,
          "Workers Launched": 3,
          "Single Copy": false,
          "Plans": [
            {
              "Node Type": "Aggregate",
              "Strategy": "Plain",
              "Partial Mode": "Partial",
              "Parent Relationship": "Outer",
              "Parallel Aware": false,
              "Startup Cost": 30631.47,
              "Total Cost": 30631.48,
              "Plan Rows": 1,
              "Plan Width": 8,
              "Actual Startup Time": 114.386,
              "Actual Total Time": 114.387,
              "Actual Rows": 1,
              "Actual Loops": 4,
              "Plans": [
                {
                  "Node Type": "Seq Scan",
                  "Parent Relationship": "Outer",
                  "Parallel Aware": true,
                  "Relation Name": "movie_companies",
                  "Alias": "mc",
                  "Startup Cost": 0.0,
                  "Total Cost": 29310.68,
                  "Plan Rows": 528314,
                  "Plan Width": 0,
                  "Actual Startup Time": 0.037,
                  "Actual Total Time": 89.523,
                  "Actual Rows": 406184,
                  "Actual Loops": 4,
                  "Filter": "(company_id < 17247)",
                  "Rows Removed by Filter": 246098
                }
              ]
            }
          ]
        }
      ]
    },
    "Planning Time": 0.196,
    "Triggers": [],
    "Execution Time": 127.121
  }
]