{
  "Plan": {
    "Node Type": "Aggregate",
    "Strategy": "Plain",
    "Partial Mode": "Finalize",
    "Parallel Aware": false,
    "Startup Cost": 121867.4,
    "Total Cost": 121867.41,
    "Plan Rows": 1,
    "Plan Width": 8,
    "Actual Startup Time": 492.808,
    "Actual Total Time": 509.644,
    "Actual Rows": 1,
    "Actual Loops": 1,
    "Plans": [
      {
        "Node Type": "Gather",
        "Parent Relationship": "Outer",
        "Parallel Aware": false,
        "Startup Cost": 121867.29,
        "Total Cost": 121867.4,
        "Plan Rows": 1,
        "Plan Width": 8,
        "Actual Startup Time": 492.182,
        "Actual Total Time": 509.636,
        "Actual Rows": 2,
        "Actual Loops": 1,
        "Workers Planned": 1,
        "Workers Launched": 1,
        "Single Copy": false,
        "Plans": [
          {
            "Node Type": "Aggregate",
            "Strategy": "Plain",
            "Partial Mode": "Partial",
            "Parent Relationship": "Outer",
            "Parallel Aware": false,
            "Startup Cost": 120867.29,
            "Total Cost": 120867.3,
            "Plan Rows": 1,
            "Plan Width": 8,
            "Actual Startup Time": 486.345,
            "Actual Total Time": 486.349,
            "Actual Rows": 1,
            "Actual Loops": 2,
            "Plans": [
              {
                "Node Type": "Hash Join",
                "Parent Relationship": "Outer",
                "Parallel Aware": true,
                "Join Type": "Inner",
                "Startup Cost": 58865.46,
                "Total Cost": 120748.03,
                "Plan Rows": 47702,
                "Plan Width": 0,
                "Actual Startup Time": 176.812,
                "Actual Total Time": 478.613,
                "Actual Rows": 192086,
                "Actual Loops": 2,
                "Inner Unique": true,
                "Hash Cond": "(mk.movie_id = t.id)",
                "Plans": [
                  {
                    "Node Type": "Seq Scan",
                    "Parent Relationship": "Outer",
                    "Parallel Aware": true,
                    "Relation Name": "movie_keyword",
                    "Alias": "mk",
                    "Startup Cost": 0.0,
                    "Total Cost": 57718.19,
                    "Plan Rows": 1586429,
                    "Plan Width": 4,
                    "Actual Startup Time": 0.316,
                    "Actual Total Time": 190.992,
                    "Actual Rows": 1344036,
                    "Actual Loops": 2,
                    "Filter": "(keyword_id > 3033)",
                    "Rows Removed by Filter": 917928
                  },
                  {
                    "Node Type": "Hash",
                    "Parent Relationship": "Inner",
                    "Parallel Aware": true,
                    "Startup Cost": 58306.47,
                    "Total Cost": 58306.47,
                    "Plan Rows": 44719,
                    "Plan Width": 4,
                    "Actual Startup Time": 173.493,
                    "Actual Total Time": 173.494,
                    "Actual Rows": 90194,
                    "Actual Loops": 2,
                    "Hash Buckets": 262144,
                    "Original Hash Buckets": 131072,
                    "Hash Batches": 1,
                    "Original Hash Batches": 1,
                    "Peak Memory Usage": 10144,
                    "Plans": [
                      {
                        "Node Type": "Seq Scan",
                        "Parent Relationship": "Outer",
                        "Parallel Aware": true,
                        "Relation Name": "title",
                        "Alias": "t",
                        "Startup Cost": 0.0,
                        "Total Cost": 58306.47,
                        "Plan Rows": 44719,
                        "Plan Width": 4,
                        "Actual Startup Time": 0.701,
                        "Actual Total Time": 146.095,
                        "Actual Rows": 90194,
                        "Actual Loops": 2,
                        "Filter": "((kind_id < 7) AND (production_year < 1956))",
                        "Rows Removed by Filter": 1173962
                      }
                    ]
                  }
                ]
              }
            ]
          }
        ]
      }
    ]
  },
  "Planning Time": 0.492,
  "Triggers": [],
  "Execution Time": 509.718
}