[
    {
        "Bao": {
            "Bao prediction": 440.895,
            "Bao recommended hint": "(no hint)"
        }
    },
    {
        "Plan": {
            "Node Type": "Aggregate",
            "Strategy": "Plain",
            "Partial Mode": "Finalize",
            "Parallel Aware": false,
            "Startup Cost": 66970.79,
            "Total Cost": 66970.8,
            "Plan Rows": 1,
            "Plan Width": 8,
            "Actual Startup Time": 127.019,
            "Actual Total Time": 136.934,
            "Actual Rows": 1,
            "Actual Loops": 1,
            "Output": [
                "count(*)"
            ],
            "Plans": [
                {
                    "Node Type": "Gather",
                    "Parent Relationship": "Outer",
                    "Parallel Aware": false,
                    "Startup Cost": 66970.47,
                    "Total Cost": 66970.78,
                    "Plan Rows": 3,
                    "Plan Width": 8,
                    "Actual Startup Time": 126.763,
                    "Actual Total Time": 136.928,
                    "Actual Rows": 4,
                    "Actual Loops": 1,
                    "Output": [
                        "(PARTIAL count(*))"
                    ],
                    "Workers Planned": 3,
                    "Workers Launched": 3,
                    "Single Copy": false,
                    "Plans": [
                        {
                            "Node Type": "Aggregate",
                            "Strategy": "Plain",
                            "Partial Mode": "Partial",
                            "Parent Relationship": "Outer",
                            "Parallel Aware": false,
                            "Startup Cost": 65970.47,
                            "Total Cost": 65970.48,
                            "Plan Rows": 1,
                            "Plan Width": 8,
                            "Actual Startup Time": 118.171,
                            "Actual Total Time": 118.176,
                            "Actual Rows": 1,
                            "Actual Loops": 4,
                            "Output": [
                                "PARTIAL count(*)"
                            ],
                            "Workers": [
                                {
                                    "Worker Number": 0,
                                    "Actual Startup Time": 115.249,
                                    "Actual Total Time": 115.259,
                                    "Actual Rows": 1,
                                    "Actual Loops": 1
                                },
                                {
                                    "Worker Number": 1,
                                    "Actual Startup Time": 115.434,
                                    "Actual Total Time": 115.437,
                                    "Actual Rows": 1,
                                    "Actual Loops": 1
                                },
                                {
                                    "Worker Number": 2,
                                    "Actual Startup Time": 115.912,
                                    "Actual Total Time": 115.915,
                                    "Actual Rows": 1,
                                    "Actual Loops": 1
                                }
                            ],
                            "Plans": [
                                {
                                    "Node Type": "Hash Join",
                                    "Parent Relationship": "Outer",
                                    "Parallel Aware": true,
                                    "Join Type": "Inner",
                                    "Startup Cost": 46879.23,
                                    "Total Cost": 65970.08,
                                    "Plan Rows": 155,
                                    "Plan Width": 0,
                                    "Actual Startup Time": 109.061,
                                    "Actual Total Time": 118.166,
                                    "Actual Rows": 4,
                                    "Actual Loops": 4,
                                    "Inner Unique": true,
                                    "Hash Cond": "(mc.movie_id = t.id)",
                                    "Workers": [
                                        {
                                            "Worker Number": 0,
                                            "Actual Startup Time": 105.461,
                                            "Actual Total Time": 115.249,
                                            "Actual Rows": 3,
                                            "Actual Loops": 1
                                        },
                                        {
                                            "Worker Number": 1,
                                            "Actual Startup Time": 106.723,
                                            "Actual Total Time": 115.428,
                                            "Actual Rows": 4,
                                            "Actual Loops": 1
                                        },
                                        {
                                            "Worker Number": 2,
                                            "Actual Startup Time": 107.94,
                                            "Actual Total Time": 115.905,
                                            "Actual Rows": 2,
                                            "Actual Loops": 1
                                        }
                                    ],
                                    "Plans": [
                                        {
                                            "Node Type": "Bitmap Heap Scan",
                                            "Parent Relationship": "Outer",
                                            "Parallel Aware": true,
                                            "Relation Name": "movie_companies",
                                            "Schema": "public",
                                            "Alias": "mc",
                                            "Startup Cost": 1338.31,
                                            "Total Cost": 20376.95,
                                            "Plan Rows": 19891,
                                            "Plan Width": 4,
                                            "Actual Startup Time": 3.433,
                                            "Actual Total Time": 11.876,
                                            "Actual Rows": 15519,
                                            "Actual Loops": 4,
                                            "Output": [
                                                "mc.id",
                                                "mc.movie_id",
                                                "mc.company_id",
                                                "mc.company_type_id",
                                                "mc.note"
                                            ],
                                            "Recheck Cond": "(mc.company_id = 6)",
                                            "Rows Removed by Index Recheck": 0,
                                            "Exact Heap Blocks": 2800,
                                            "Lossy Heap Blocks": 0,
                                            "Workers": [
                                                {
                                                    "Worker Number": 0,
                                                    "Actual Startup Time": 3.452,
                                                    "Actual Total Time": 11.957,
                                                    "Actual Rows": 12740,
                                                    "Actual Loops": 1
                                                },
                                                {
                                                    "Worker Number": 1,
                                                    "Actual Startup Time": 3.514,
                                                    "Actual Total Time": 12.143,
                                                    "Actual Rows": 12070,
                                                    "Actual Loops": 1
                                                },
                                                {
                                                    "Worker Number": 2,
                                                    "Actual Startup Time": 3.465,
                                                    "Actual Total Time": 11.889,
                                                    "Actual Rows": 11304,
                                                    "Actual Loops": 1
                                                }
                                            ],
                                            "Plans": [
                                                {
                                                    "Node Type": "Bitmap Index Scan",
                                                    "Parent Relationship": "Outer",
                                                    "Parallel Aware": false,
                                                    "Index Name": "company_id_movie_companies",
                                                    "Startup Cost": 0.0,
                                                    "Total Cost": 1322.89,
                                                    "Plan Rows": 61662,
                                                    "Plan Width": 0,
                                                    "Actual Startup Time": 2.655,
                                                    "Actual Total Time": 2.655,
                                                    "Actual Rows": 62075,
                                                    "Actual Loops": 1,
                                                    "Index Cond": "(mc.company_id = 6)"
                                                }
                                            ]
                                        },
                                        {
                                            "Node Type": "Hash",
                                            "Parent Relationship": "Inner",
                                            "Parallel Aware": true,
                                            "Startup Cost": 45479.21,
                                            "Total Cost": 45479.21,
                                            "Plan Rows": 4937,
                                            "Plan Width": 4,
                                            "Actual Startup Time": 102.552,
                                            "Actual Total Time": 102.554,
                                            "Actual Rows": 3460,
                                            "Actual Loops": 4,
                                            "Output": [
                                                "t.id"
                                            ],
                                            "Hash Buckets": 32768,
                                            "Original Hash Buckets": 32768,
                                            "Hash Batches": 1,
                                            "Original Hash Batches": 1,
                                            "Peak Memory Usage": 896,
                                            "Workers": [
                                                {
                                                    "Worker Number": 0,
                                                    "Actual Startup Time": 100.307,
                                                    "Actual Total Time": 100.314,
                                                    "Actual Rows": 2557,
                                                    "Actual Loops": 1
                                                },
                                                {
                                                    "Worker Number": 1,
                                                    "Actual Startup Time": 100.526,
                                                    "Actual Total Time": 100.527,
                                                    "Actual Rows": 2677,
                                                    "Actual Loops": 1
                                                },
                                                {
                                                    "Worker Number": 2,
                                                    "Actual Startup Time": 101.034,
                                                    "Actual Total Time": 101.035,
                                                    "Actual Rows": 2752,
                                                    "Actual Loops": 1
                                                }
                                            ],
                                            "Plans": [
                                                {
                                                    "Node Type": "Seq Scan",
                                                    "Parent Relationship": "Outer",
                                                    "Parallel Aware": true,
                                                    "Relation Name": "title",
                                                    "Schema": "public",
                                                    "Alias": "t",
                                                    "Startup Cost": 0.0,
                                                    "Total Cost": 45479.21,
                                                    "Plan Rows": 4937,
                                                    "Plan Width": 4,
                                                    "Actual Startup Time": 0.13,
                                                    "Actual Total Time": 100.694,
                                                    "Actual Rows": 3460,
                                                    "Actual Loops": 4,
                                                    "Output": [
                                                        "t.id"
                                                    ],
                                                    "Filter": "((t.kind_id < 3) AND (t.production_year = 2003))",
                                                    "Rows Removed by Filter": 628618,
                                                    "Workers": [
                                                        {
                                                            "Worker Number": 0,
                                                            "Actual Startup Time": 0.211,
                                                            "Actual Total Time": 98.455,
                                                            "Actual Rows": 2557,
                                                            "Actual Loops": 1
                                                        },
                                                        {
                                                            "Worker Number": 1,
                                                            "Actual Startup Time": 0.18,
                                                            "Actual Total Time": 98.66,
                                                            "Actual Rows": 2677,
                                                            "Actual Loops": 1
                                                        },
                                                        {
                                                            "Worker Number": 2,
                                                            "Actual Startup Time": 0.059,
                                                            "Actual Total Time": 99.021,
                                                            "Actual Rows": 2752,
                                                            "Actual Loops": 1
                                                        }
                                                    ]
                                                }
                                            ]
                                        }
                                    ]
                                }
                            ]
                        }
                    ]
                }
            ]
        },
        "Planning Time": 475.338,
        "Triggers": [],
        "Execution Time": 137.047
    }
]