{
  "Plan": {
    "Node Type": "Aggregate",
    "Strategy": "Plain",
    "Partial Mode": "Finalize",
    "Parallel Aware": false,
    "Startup Cost": 77634.06,
    "Total Cost": 77634.07,
    "Plan Rows": 1,
    "Plan Width": 8,
    "Actual Startup Time": 268.85,
    "Actual Total Time": 278.489,
    "Actual Rows": 1,
    "Actual Loops": 1,
    "Plans": [
      {
        "Node Type": "Gather",
        "Parent Relationship": "Outer",
        "Parallel Aware": false,
        "Startup Cost": 77633.95,
        "Total Cost": 77634.06,
        "Plan Rows": 1,
        "Plan Width": 8,
        "Actual Startup Time": 268.547,
        "Actual Total Time": 278.481,
        "Actual Rows": 2,
        "Actual Loops": 1,
        "Workers Planned": 1,
        "Workers Launched": 1,
        "Single Copy": false,
        "Plans": [
          {
            "Node Type": "Aggregate",
            "Strategy": "Plain",
            "Partial Mode": "Partial",
            "Parent Relationship": "Outer",
            "Parallel Aware": false,
            "Startup Cost": 76633.95,
            "Total Cost": 76633.96,
            "Plan Rows": 1,
            "Plan Width": 8,
            "Actual Startup Time": 262.596,
            "Actual Total Time": 262.6,
            "Actual Rows": 1,
            "Actual Loops": 2,
            "Plans": [
              {
                "Node Type": "Hash Join",
                "Parent Relationship": "Outer",
                "Parallel Aware": true,
                "Join Type": "Inner",
                "Startup Cost": 38458.56,
                "Total Cost": 76625.19,
                "Plan Rows": 3505,
                "Plan Width": 0,
                "Actual Startup Time": 68.869,
                "Actual Total Time": 262.33,
                "Actual Rows": 5247,
                "Actual Loops": 2,
                "Inner Unique": true,
                "Hash Cond": "(mc.movie_id = t.id)",
                "Plans": [
                  {
                    "Node Type": "Seq Scan",
                    "Parent Relationship": "Outer",
                    "Parallel Aware": true,
                    "Relation Name": "movie_companies",
                    "Alias": "mc",
                    "Startup Cost": 0.0,
                    "Total Cost": 34137.82,
                    "Plan Rows": 1534782,
                    "Plan Width": 4,
                    "Actual Startup Time": 0.011,
                    "Actual Total Time": 98.414,
                    "Actual Rows": 1304564,
                    "Actual Loops": 2
                  },
                  {
                    "Node Type": "Hash",
                    "Parent Relationship": "Inner",
                    "Parallel Aware": true,
                    "Startup Cost": 38416.11,
                    "Total Cost": 38416.11,
                    "Plan Rows": 3396,
                    "Plan Width": 4,
                    "Actual Startup Time": 67.904,
                    "Actual Total Time": 67.906,
                    "Actual Rows": 2770,
                    "Actual Loops": 2,
                    "Hash Buckets": 8192,
                    "Original Hash Buckets": 8192,
                    "Hash Batches": 1,
                    "Original Hash Batches": 1,
                    "Peak Memory Usage": 288,
                    "Plans": [
                      {
                        "Node Type": "Bitmap Heap Scan",
                        "Parent Relationship": "Outer",
                        "Parallel Aware": true,
                        "Relation Name": "title",
                        "Alias": "t",
                        "Startup Cost": 1617.98,
                        "Total Cost": 38416.11,
                        "Plan Rows": 3396,
                        "Plan Width": 4,
                        "Actual Startup Time": 21.337,
                        "Actual Total Time": 66.895,
                        "Actual Rows": 2770,
                        "Actual Loops": 2,
                        "Recheck Cond": "(kind_id = 2)",
                        "Rows Removed by Index Recheck": 0,
                        "Filter": "(production_year = 2012)",
                        "Rows Removed by Filter": 42656,
                        "Exact Heap Blocks": 20857,
                        "Lossy Heap Blocks": 0,
                        "Plans": [
                          {
                            "Node Type": "Bitmap Index Scan",
                            "Parent Relationship": "Outer",
                            "Parallel Aware": false,
                            "Index Name": "kind_id_title",
                            "Startup Cost": 0.0,
                            "Total Cost": 1616.54,
                            "Plan Rows": 90681,
                            "Plan Width": 0,
                            "Actual Startup Time": 17.477,
                            "Actual Total Time": 17.477,
                            "Actual Rows": 90852,
                            "Actual Loops": 1,
                            "Index Cond": "(kind_id = 2)"
                          }
                        ]
                      }
                    ]
                  }
                ]
              }
            ]
          }
        ]
      }
    ]
  },
  "Planning Time": 0.452,
  "Triggers": [],
  "Execution Time": 278.583
}