[
  {
    "Plan": {
      "Node Type": "Aggregate",
      "Strategy": "Plain",
      "Partial Mode": "Finalize",
      "Parallel Aware": false,
      "Startup Cost": 46560.48,
      "Total Cost": 46560.49,
      "Plan Rows": 1,
      "Plan Width": 8,
      "Actual Startup Time": 90.258,
      "Actual Total Time": 101.666,
      "Actual Rows": 1,
      "Actual Loops": 1,
      "Plans": [
        {
          "Node Type": "Gather",
          "Parent Relationship": "Outer",
          "Parallel Aware": false,
          "Startup Cost": 46560.06,
          "Total Cost": 46560.47,
          "Plan Rows": 4,
          "Plan Width": 8,
          "Actual Startup Time": 89.968,
          "Actual Total Time": 101.657,
          "Actual Rows": 5,
          "Actual Loops": 1,
          "Workers Planned": 4,
          "Workers Launched": 4,
          "Single Copy": false,
          "Plans": [
            {
              "Node Type": "Aggregate",
              "Strategy": "Plain",
              "Partial Mode": "Partial",
              "Parent Relationship": "Outer",
              "Parallel Aware": false,
              "Startup Cost": 45560.06,
              "Total Cost": 45560.07,
              "Plan Rows": 1,
              "Plan Width": 8,
              "Actual Startup Time": 84.579,
              "Actual Total Time": 84.581,
              "Actual Rows": 1,
              "Actual Loops": 5,
              "Plans": [
                {
                  "Node Type": "Seq Scan",
                  "Parent Relationship": "Outer",
                  "Parallel Aware": true,
                  "Relation Name": "title",
                  "Alias": "t",
                  "Startup Cost": 0.0,
                  "Total Cost": 45479.59,
                  "Plan Rows": 32191,
                  "Plan Width": 0,
                  "Actual Startup Time": 48.344,
                  "Actual Total Time": 82.102,
                  "Actual Rows": 53947,
                  "Actual Loops": 5,
                  "Filter": "((production_year < 1980) AND (kind_id = 1))",
                  "Rows Removed by Filter": 451715
                }
              ]
            }
          ]
        }
      ]
    },
    "Planning Time": 0.113,
    "Triggers": [],
    "Execution Time": 101.704
  }
]