[
  {
    "Plan": {
      "Node Type": "Aggregate",
      "Strategy": "Plain",
      "Partial Mode": "Finalize",
      "Parallel Aware": false,
      "Startup Cost": 214911.87,
      "Total Cost": 214911.88,
      "Plan Rows": 1,
      "Plan Width": 8,
      "Actual Startup Time": 2473.841,
      "Actual Total Time": 2519.804,
      "Actual Rows": 1,
      "Actual Loops": 1,
      "Plans": [
        {
          "Node Type": "Gather",
          "Parent Relationship": "Outer",
          "Parallel Aware": false,
          "Startup Cost": 214911.56,
          "Total Cost": 214911.87,
          "Plan Rows": 3,
          "Plan Width": 8,
          "Actual Startup Time": 2469.933,
          "Actual Total Time": 2519.795,
          "Actual Rows": 4,
          "Actual Loops": 1,
          "Workers Planned": 3,
          "Workers Launched": 3,
          "Single Copy": false,
          "Plans": [
            {
              "Node Type": "Aggregate",
              "Strategy": "Plain",
              "Partial Mode": "Partial",
              "Parent Relationship": "Outer",
              "Parallel Aware": false,
              "Startup Cost": 213911.56,
              "Total Cost": 213911.57,
              "Plan Rows": 1,
              "Plan Width": 8,
              "Actual Startup Time": 2464.959,
              "Actual Total Time": 2464.963,
              "Actual Rows": 1,
              "Actual Loops": 4,
              "Plans": [
                {
                  "Node Type": "Nested Loop",
                  "Parent Relationship": "Outer",
                  "Parallel Aware": false,
                  "Join Type": "Inner",
                  "Startup Cost": 56007.78,
                  "Total Cost": 213125.64,
                  "Plan Rows": 314367,
                  "Plan Width": 0,
                  "Actual Startup Time": 205.146,
                  "Actual Total Time": 2225.925,
                  "Actual Rows": 5781231,
                  "Actual Loops": 4,
                  "Inner Unique": false,
                  "Plans": [
                    {
                      "Node Type": "Hash Join",
                      "Parent Relationship": "Outer",
                      "Parallel Aware": true,
                      "Join Type": "Inner",
                      "Startup Cost": 56007.34,
                      "Total Cost": 82536.83,
                      "Plan Rows": 53540,
                      "Plan Width": 8,
                      "Actual Startup Time": 204.993,
                      "Actual Total Time": 288.271,
                      "Actual Rows": 93483,
                      "Actual Loops": 4,
                      "Inner Unique": true,
                      "Hash Cond": "(mk.movie_id = t.id)",
                      "Plans": [
                        {
                          "Node Type": "Bitmap Heap Scan",
                          "Parent Relationship": "Outer",
                          "Parallel Aware": true,
                          "Relation Name": "movie_keyword",
                          "Alias": "mk",
                          "Startup Cost": 9025.2,
                          "Total Cost": 35194.48,
                          "Plan Rows": 137222,
                          "Plan Width": 4,
                          "Actual Startup Time": 29.132,
                          "Actual Total Time": 71.003,
                          "Actual Rows": 105302,
                          "Actual Loops": 4,
                          "Recheck Cond": "(keyword_id > 41428)",
                          "Rows Removed by Index Recheck": 0,
                          "Exact Heap Blocks": 6245,
                          "Lossy Heap Blocks": 0,
                          "Plans": [
                            {
                              "Node Type": "Bitmap Index Scan",
                              "Parent Relationship": "Outer",
                              "Parallel Aware": false,
                              "Index Name": "keyword_id_movie_keyword",
                              "Startup Cost": 0.0,
                              "Total Cost": 8918.85,
                              "Plan Rows": 425389,
                              "Plan Width": 0,
                              "Actual Startup Time": 25.517,
                              "Actual Total Time": 25.517,
                              "Actual Rows": 421207,
                              "Actual Loops": 1,
                              "Index Cond": "(keyword_id > 41428)"
                            }
                          ]
                        },
                        {
                          "Node Type": "Hash",
                          "Parent Relationship": "Inner",
                          "Parallel Aware": true,
                          "Startup Cost": 43899.32,
                          "Total Cost": 43899.32,
                          "Plan Rows": 246626,
                          "Plan Width": 4,
                          "Actual Startup Time": 173.063,
                          "Actual Total Time": 173.064,
                          "Actual Rows": 246262,
                          "Actual Loops": 4,
                          "Hash Buckets": 1048576,
                          "Original Hash Buckets": 1048576,
                          "Hash Batches": 1,
                          "Original Hash Batches": 1,
                          "Peak Memory Usage": 46816,
                          "Plans": [
                            {
                              "Node Type": "Seq Scan",
                              "Parent Relationship": "Outer",
                              "Parallel Aware": true,
                              "Relation Name": "title",
                              "Alias": "t",
                              "Startup Cost": 0.0,
                              "Total Cost": 43899.32,
                              "Plan Rows": 246626,
                              "Plan Width": 4,
                              "Actual Startup Time": 0.023,
                              "Actual Total Time": 93.498,
                              "Actual Rows": 246262,
                              "Actual Loops": 4,
                              "Filter": "(kind_id < 7)",
                              "Rows Removed by Filter": 385816
                            }
                          ]
                        }
                      ]
                    },
                    {
                      "Node Type": "Index Only Scan",
                      "Parent Relationship": "Inner",
                      "Parallel Aware": false,
                      "Scan Direction": "Forward",
                      "Index Name": "movie_id_movie_info",
                      "Relation Name": "movie_info",
                      "Alias": "mi",
                      "Startup Cost": 0.43,
                      "Total Cost": 2.03,
                      "Plan Rows": 41,
                      "Plan Width": 4,
                      "Actual Startup Time": 0.004,
                      "Actual Total Time": 0.016,
                      "Actual Rows": 62,
                      "Actual Loops": 373932,
                      "Index Cond": "(movie_id = t.id)",
                      "Rows Removed by Index Recheck": 0,
                      "Heap Fetches": 23124923
                    }
                  ]
                }
              ]
            }
          ]
        }
      ]
    },
    "Planning Time": 0.438,
    "Triggers": [],
    "Execution Time": 2519.875
  }
]