[
  {
    "Plan": {
      "Node Type": "Aggregate",
      "Strategy": "Plain",
      "Partial Mode": "Finalize",
      "Parallel Aware": false,
      "Startup Cost": 219076.49,
      "Total Cost": 219076.5,
      "Plan Rows": 1,
      "Plan Width": 8,
      "Actual Startup Time": 2458.771,
      "Actual Total Time": 2513.265,
      "Actual Rows": 1,
      "Actual Loops": 1,
      "Plans": [
        {
          "Node Type": "Gather",
          "Parent Relationship": "Outer",
          "Parallel Aware": false,
          "Startup Cost": 219076.17,
          "Total Cost": 219076.48,
          "Plan Rows": 3,
          "Plan Width": 8,
          "Actual Startup Time": 2456.106,
          "Actual Total Time": 2513.255,
          "Actual Rows": 4,
          "Actual Loops": 1,
          "Workers Planned": 3,
          "Workers Launched": 3,
          "Single Copy": false,
          "Plans": [
            {
              "Node Type": "Aggregate",
              "Strategy": "Plain",
              "Partial Mode": "Partial",
              "Parent Relationship": "Outer",
              "Parallel Aware": false,
              "Startup Cost": 218076.17,
              "Total Cost": 218076.18,
              "Plan Rows": 1,
              "Plan Width": 8,
              "Actual Startup Time": 2446.969,
              "Actual Total Time": 2446.972,
              "Actual Rows": 1,
              "Actual Loops": 4,
              "Plans": [
                {
                  "Node Type": "Nested Loop",
                  "Parent Relationship": "Outer",
                  "Parallel Aware": false,
                  "Join Type": "Inner",
                  "Startup Cost": 56162.1,
                  "Total Cost": 217277.32,
                  "Plan Rows": 319539,
                  "Plan Width": 0,
                  "Actual Startup Time": 210.766,
                  "Actual Total Time": 2211.41,
                  "Actual Rows": 5781231,
                  "Actual Loops": 4,
                  "Inner Unique": false,
                  "Plans": [
                    {
                      "Node Type": "Hash Join",
                      "Parent Relationship": "Outer",
                      "Parallel Aware": true,
                      "Join Type": "Inner",
                      "Startup Cost": 56161.66,
                      "Total Cost": 82723.47,
                      "Plan Rows": 54647,
                      "Plan Width": 8,
                      "Actual Startup Time": 210.644,
                      "Actual Total Time": 292.109,
                      "Actual Rows": 93483,
                      "Actual Loops": 4,
                      "Inner Unique": true,
                      "Hash Cond": "(mk.movie_id = t.id)",
                      "Plans": [
                        {
                          "Node Type": "Bitmap Heap Scan",
                          "Parent Relationship": "Outer",
                          "Parallel Aware": true,
                          "Relation Name": "movie_keyword",
                          "Alias": "mk",
                          "Startup Cost": 9164.53,
                          "Total Cost": 35360.52,
                          "Plan Rows": 139359,
                          "Plan Width": 4,
                          "Actual Startup Time": 30.627,
                          "Actual Total Time": 71.606,
                          "Actual Rows": 105302,
                          "Actual Loops": 4,
                          "Recheck Cond": "(keyword_id > 41428)",
                          "Rows Removed by Index Recheck": 0,
                          "Exact Heap Blocks": 6154,
                          "Lossy Heap Blocks": 0,
                          "Plans": [
                            {
                              "Node Type": "Bitmap Index Scan",
                              "Parent Relationship": "Outer",
                              "Parallel Aware": false,
                              "Index Name": "keyword_id_movie_keyword",
                              "Startup Cost": 0.0,
                              "Total Cost": 9056.53,
                              "Plan Rows": 432013,
                              "Plan Width": 0,
                              "Actual Startup Time": 27.12,
                              "Actual Total Time": 27.121,
                              "Actual Rows": 421207,
                              "Actual Loops": 1,
                              "Index Cond": "(keyword_id > 41428)"
                            }
                          ]
                        },
                        {
                          "Node Type": "Hash",
                          "Parent Relationship": "Inner",
                          "Parallel Aware": true,
                          "Startup Cost": 43898.92,
                          "Total Cost": 43898.92,
                          "Plan Rows": 247857,
                          "Plan Width": 4,
                          "Actual Startup Time": 175.178,
                          "Actual Total Time": 175.179,
                          "Actual Rows": 246262,
                          "Actual Loops": 4,
                          "Hash Buckets": 1048576,
                          "Original Hash Buckets": 1048576,
                          "Hash Batches": 1,
                          "Original Hash Batches": 1,
                          "Peak Memory Usage": 46816,
                          "Plans": [
                            {
                              "Node Type": "Seq Scan",
                              "Parent Relationship": "Outer",
                              "Parallel Aware": true,
                              "Relation Name": "title",
                              "Alias": "t",
                              "Startup Cost": 0.0,
                              "Total Cost": 43898.92,
                              "Plan Rows": 247857,
                              "Plan Width": 4,
                              "Actual Startup Time": 0.041,
                              "Actual Total Time": 98.571,
                              "Actual Rows": 246262,
                              "Actual Loops": 4,
                              "Filter": "(kind_id < 7)",
                              "Rows Removed by Filter": 385816
                            }
                          ]
                        }
                      ]
                    },
                    {
                      "Node Type": "Index Only Scan",
                      "Parent Relationship": "Inner",
                      "Parallel Aware": false,
                      "Scan Direction": "Forward",
                      "Index Name": "movie_id_movie_info",
                      "Relation Name": "movie_info",
                      "Alias": "mi",
                      "Startup Cost": 0.43,
                      "Total Cost": 2.04,
                      "Plan Rows": 42,
                      "Plan Width": 4,
                      "Actual Startup Time": 0.004,
                      "Actual Total Time": 0.016,
                      "Actual Rows": 62,
                      "Actual Loops": 373932,
                      "Index Cond": "(movie_id = t.id)",
                      "Rows Removed by Index Recheck": 0,
                      "Heap Fetches": 23124923
                    }
                  ]
                }
              ]
            }
          ]
        }
      ]
    },
    "Planning Time": 1.355,
    "Triggers": [],
    "Execution Time": 2513.388
  }
]