[
  {
    "Plan": {
      "Node Type": "Aggregate",
      "Strategy": "Plain",
      "Partial Mode": "Finalize",
      "Parallel Aware": false,
      "Startup Cost": 338195.13,
      "Total Cost": 338195.14,
      "Plan Rows": 1,
      "Plan Width": 8,
      "Actual Startup Time": 754.453,
      "Actual Total Time": 799.011,
      "Actual Rows": 1,
      "Actual Loops": 1,
      "Plans": [
        {
          "Node Type": "Gather",
          "Parent Relationship": "Outer",
          "Parallel Aware": false,
          "Startup Cost": 338194.5,
          "Total Cost": 338195.11,
          "Plan Rows": 6,
          "Plan Width": 8,
          "Actual Startup Time": 754.263,
          "Actual Total Time": 799.0,
          "Actual Rows": 7,
          "Actual Loops": 1,
          "Workers Planned": 6,
          "Workers Launched": 6,
          "Single Copy": false,
          "Plans": [
            {
              "Node Type": "Aggregate",
              "Strategy": "Plain",
              "Partial Mode": "Partial",
              "Parent Relationship": "Outer",
              "Parallel Aware": false,
              "Startup Cost": 337194.5,
              "Total Cost": 337194.51,
              "Plan Rows": 1,
              "Plan Width": 8,
              "Actual Startup Time": 748.851,
              "Actual Total Time": 748.852,
              "Actual Rows": 1,
              "Actual Loops": 7,
              "Plans": [
                {
                  "Node Type": "Seq Scan",
                  "Parent Relationship": "Outer",
                  "Parallel Aware": true,
                  "Relation Name": "cast_info",
                  "Alias": "ci",
                  "Startup Cost": 0.0,
                  "Total Cost": 328211.39,
                  "Plan Rows": 3593245,
                  "Plan Width": 0,
                  "Actual Startup Time": 0.033,
                  "Actual Total Time": 598.974,
                  "Actual Rows": 3115911,
                  "Actual Loops": 7,
                  "Filter": "(person_id < 2217272)",
                  "Rows Removed by Filter": 2061852
                }
              ]
            }
          ]
        }
      ]
    },
    "Planning Time": 0.114,
    "Triggers": [],
    "Execution Time": 799.056
  }
]