{
  "Plan": {
    "Node Type": "Aggregate",
    "Strategy": "Plain",
    "Partial Mode": "Simple",
    "Parallel Aware": false,
    "Startup Cost": 275975.63,
    "Total Cost": 275975.64,
    "Plan Rows": 1,
    "Plan Width": 96,
    "Actual Startup Time": 576.754,
    "Actual Total Time": 604.096,
    "Actual Rows": 1,
    "Actual Loops": 1,
    "Plans": [
      {
        "Node Type": "Gather",
        "Parent Relationship": "Outer",
        "Parallel Aware": false,
        "Startup Cost": 4633.93,
        "Total Cost": 275975.62,
        "Plan Rows": 1,
        "Plan Width": 48,
        "Actual Startup Time": 90.715,
        "Actual Total Time": 603.592,
        "Actual Rows": 2219,
        "Actual Loops": 1,
        "Workers Planned": 1,
        "Workers Launched": 1,
        "Single Copy": false,
        "Plans": [
          {
            "Node Type": "Nested Loop",
            "Parent Relationship": "Outer",
            "Parallel Aware": false,
            "Join Type": "Inner",
            "Startup Cost": 3633.93,
            "Total Cost": 274975.52,
            "Plan Rows": 1,
            "Plan Width": 48,
            "Actual Startup Time": 74.036,
            "Actual Total Time": 569.456,
            "Actual Rows": 1110,
            "Actual Loops": 2,
            "Inner Unique": true,
            "Plans": [
              {
                "Node Type": "Hash Join",
                "Parent Relationship": "Outer",
                "Parallel Aware": false,
                "Join Type": "Inner",
                "Startup Cost": 3633.5,
                "Total Cost": 274975.07,
                "Plan Rows": 1,
                "Plan Width": 39,
                "Actual Startup Time": 73.983,
                "Actual Total Time": 557.772,
                "Actual Rows": 1594,
                "Actual Loops": 2,
                "Inner Unique": true,
                "Hash Cond": "(mk.keyword_id = k.id)",
                "Plans": [
                  {
                    "Node Type": "Nested Loop",
                    "Parent Relationship": "Outer",
                    "Parallel Aware": false,
                    "Join Type": "Inner",
                    "Startup Cost": 1.0,
                    "Total Cost": 271318.6,
                    "Plan Rows": 9131,
                    "Plan Width": 27,
                    "Actual Startup Time": 15.823,
                    "Actual Total Time": 514.224,
                    "Actual Rows": 306216,
                    "Actual Loops": 2,
                    "Inner Unique": false,
                    "Plans": [
                      {
                        "Node Type": "Nested Loop",
                        "Parent Relationship": "Outer",
                        "Parallel Aware": false,
                        "Join Type": "Inner",
                        "Startup Cost": 0.56,
                        "Total Cost": 267688.78,
                        "Plan Rows": 2132,
                        "Plan Width": 19,
                        "Actual Startup Time": 5.431,
                        "Actual Total Time": 310.138,
                        "Actual Rows": 39907,
                        "Actual Loops": 2,
                        "Inner Unique": false,
                        "Plans": [
                          {
                            "Node Type": "Seq Scan",
                            "Parent Relationship": "Outer",
                            "Parallel Aware": true,
                            "Relation Name": "name",
                            "Alias": "n",
                            "Startup Cost": 0.0,
                            "Total Cost": 86254.38,
                            "Plan Rows": 245,
                            "Plan Width": 19,
                            "Actual Startup Time": 5.29,
                            "Actual Total Time": 281.062,
                            "Actual Rows": 5334,
                            "Actual Loops": 2,
                            "Filter": "(name ~~ '%Johnson,%'::text)",
                            "Rows Removed by Filter": 2078412
                          },
                          {
                            "Node Type": "Index Scan",
                            "Parent Relationship": "Inner",
                            "Parallel Aware": false,
                            "Scan Direction": "Forward",
                            "Index Name": "person_id_cast_info",
                            "Relation Name": "cast_info",
                            "Alias": "ci",
                            "Startup Cost": 0.56,
                            "Total Cost": 735.45,
                            "Plan Rows": 510,
                            "Plan Width": 8,
                            "Actual Startup Time": 0.003,
                            "Actual Total Time": 0.005,
                            "Actual Rows": 7,
                            "Actual Loops": 10667,
                            "Index Cond": "(person_id = n.id)",
                            "Rows Removed by Index Recheck": 0
                          }
                        ]
                      },
                      {
                        "Node Type": "Index Scan",
                        "Parent Relationship": "Inner",
                        "Parallel Aware": false,
                        "Scan Direction": "Forward",
                        "Index Name": "movie_id_movie_keyword",
                        "Relation Name": "movie_keyword",
                        "Alias": "mk",
                        "Startup Cost": 0.43,
                        "Total Cost": 1.24,
                        "Plan Rows": 46,
                        "Plan Width": 8,
                        "Actual Startup Time": 0.003,
                        "Actual Total Time": 0.004,
                        "Actual Rows": 8,
                        "Actual Loops": 79814,
                        "Index Cond": "(movie_id = ci.movie_id)",
                        "Rows Removed by Index Recheck": 0
                      }
                    ]
                  },
                  {
                    "Node Type": "Hash",
                    "Parent Relationship": "Inner",
                    "Parallel Aware": false,
                    "Startup Cost": 3632.4,
                    "Total Cost": 3632.4,
                    "Plan Rows": 8,
                    "Plan Width": 20,
                    "Actual Startup Time": 26.373,
                    "Actual Total Time": 26.373,
                    "Actual Rows": 7,
                    "Actual Loops": 2,
                    "Hash Buckets": 1024,
                    "Original Hash Buckets": 1024,
                    "Hash Batches": 1,
                    "Original Hash Batches": 1,
                    "Peak Memory Usage": 9,
                    "Plans": [
                      {
                        "Node Type": "Seq Scan",
                        "Parent Relationship": "Outer",
                        "Parallel Aware": false,
                        "Relation Name": "keyword",
                        "Alias": "k",
                        "Startup Cost": 0.0,
                        "Total Cost": 3632.4,
                        "Plan Rows": 8,
                        "Plan Width": 20,
                        "Actual Startup Time": 0.04,
                        "Actual Total Time": 26.358,
                        "Actual Rows": 7,
                        "Actual Loops": 2,
                        "Filter": "(keyword = ANY ('{tv-special,sequel,hero,magnet,marvel-comics,fight,tv-special,second-part}'::text[]))",
                        "Rows Removed by Filter": 134163
                      }
                    ]
                  }
                ]
              },
              {
                "Node Type": "Index Scan",
                "Parent Relationship": "Inner",
                "Parallel Aware": false,
                "Scan Direction": "Forward",
                "Index Name": "title_pkey",
                "Relation Name": "title",
                "Alias": "t",
                "Startup Cost": 0.43,
                "Total Cost": 0.45,
                "Plan Rows": 1,
                "Plan Width": 21,
                "Actual Startup Time": 0.007,
                "Actual Total Time": 0.007,
                "Actual Rows": 1,
                "Actual Loops": 3187,
                "Index Cond": "(id = ci.movie_id)",
                "Rows Removed by Index Recheck": 0,
                "Filter": "(production_year > 1995)",
                "Rows Removed by Filter": 0
              }
            ]
          }
        ]
      }
    ]
  },
  "Planning Time": 0.839,
  "Triggers": [],
  "Execution Time": 604.171
}