[
  {
    "Plan": {
      "Node Type": "Aggregate",
      "Strategy": "Plain",
      "Partial Mode": "Finalize",
      "Parallel Aware": false,
      "Startup Cost": 102183.12,
      "Total Cost": 102183.13,
      "Plan Rows": 1,
      "Plan Width": 8,
      "Actual Startup Time": 43.432,
      "Actual Total Time": 48.565,
      "Actual Rows": 1,
      "Actual Loops": 1,
      "Plans": [
        {
          "Node Type": "Gather",
          "Parent Relationship": "Outer",
          "Parallel Aware": false,
          "Startup Cost": 102182.8,
          "Total Cost": 102183.11,
          "Plan Rows": 3,
          "Plan Width": 8,
          "Actual Startup Time": 43.229,
          "Actual Total Time": 48.56,
          "Actual Rows": 4,
          "Actual Loops": 1,
          "Workers Planned": 3,
          "Workers Launched": 3,
          "Single Copy": false,
          "Plans": [
            {
              "Node Type": "Aggregate",
              "Strategy": "Plain",
              "Partial Mode": "Partial",
              "Parent Relationship": "Outer",
              "Parallel Aware": false,
              "Startup Cost": 101182.8,
              "Total Cost": 101182.81,
              "Plan Rows": 1,
              "Plan Width": 8,
              "Actual Startup Time": 34.149,
              "Actual Total Time": 34.15,
              "Actual Rows": 1,
              "Actual Loops": 4,
              "Plans": [
                {
                  "Node Type": "Nested Loop",
                  "Parent Relationship": "Outer",
                  "Parallel Aware": false,
                  "Join Type": "Inner",
                  "Startup Cost": 425.12,
                  "Total Cost": 101173.99,
                  "Plan Rows": 3526,
                  "Plan Width": 0,
                  "Actual Startup Time": 1.315,
                  "Actual Total Time": 33.595,
                  "Actual Rows": 4000,
                  "Actual Loops": 4,
                  "Inner Unique": true,
                  "Plans": [
                    {
                      "Node Type": "Bitmap Heap Scan",
                      "Parent Relationship": "Outer",
                      "Parallel Aware": true,
                      "Relation Name": "movie_info",
                      "Alias": "mi",
                      "Startup Cost": 424.69,
                      "Total Cost": 63496.55,
                      "Plan Rows": 7503,
                      "Plan Width": 4,
                      "Actual Startup Time": 1.098,
                      "Actual Total Time": 3.221,
                      "Actual Rows": 4551,
                      "Actual Loops": 4,
                      "Recheck Cond": "(info_type_id = 11)",
                      "Rows Removed by Index Recheck": 0,
                      "Exact Heap Blocks": 480,
                      "Lossy Heap Blocks": 0,
                      "Plans": [
                        {
                          "Node Type": "Bitmap Index Scan",
                          "Parent Relationship": "Outer",
                          "Parallel Aware": false,
                          "Index Name": "info_type_id_movie_info",
                          "Startup Cost": 0.0,
                          "Total Cost": 418.88,
                          "Plan Rows": 23259,
                          "Plan Width": 0,
                          "Actual Startup Time": 3.796,
                          "Actual Total Time": 3.796,
                          "Actual Rows": 18205,
                          "Actual Loops": 1,
                          "Index Cond": "(info_type_id = 11)"
                        }
                      ]
                    },
                    {
                      "Node Type": "Index Scan",
                      "Parent Relationship": "Inner",
                      "Parallel Aware": false,
                      "Scan Direction": "Forward",
                      "Index Name": "title_pkey",
                      "Relation Name": "title",
                      "Alias": "t",
                      "Startup Cost": 0.43,
                      "Total Cost": 5.02,
                      "Plan Rows": 1,
                      "Plan Width": 4,
                      "Actual Startup Time": 0.006,
                      "Actual Total Time": 0.006,
                      "Actual Rows": 1,
                      "Actual Loops": 18205,
                      "Index Cond": "(id = mi.movie_id)",
                      "Rows Removed by Index Recheck": 0,
                      "Filter": "(production_year < 2003)",
                      "Rows Removed by Filter": 0
                    }
                  ]
                }
              ]
            }
          ]
        }
      ]
    },
    "Planning Time": 0.305,
    "Triggers": [],
    "Execution Time": 48.612
  }
]