[
    {
        "Bao": {
            "Bao prediction": 152.614,
            "Bao recommended hint": "(no hint)"
        }
    },
    {
        "Plan": {
            "Node Type": "Aggregate",
            "Strategy": "Plain",
            "Partial Mode": "Simple",
            "Parallel Aware": false,
            "Startup Cost": 48734.28,
            "Total Cost": 48734.29,
            "Plan Rows": 1,
            "Plan Width": 64,
            "Actual Startup Time": 135.918,
            "Actual Total Time": 145.979,
            "Actual Rows": 1,
            "Actual Loops": 1,
            "Output": [
                "min(n.name)",
                "min(t.title)"
            ],
            "Plans": [
                {
                    "Node Type": "Nested Loop",
                    "Parent Relationship": "Outer",
                    "Parallel Aware": false,
                    "Join Type": "Inner",
                    "Startup Cost": 1003.41,
                    "Total Cost": 48734.28,
                    "Plan Rows": 1,
                    "Plan Width": 32,
                    "Actual Startup Time": 135.834,
                    "Actual Total Time": 145.968,
                    "Actual Rows": 1,
                    "Actual Loops": 1,
                    "Output": [
                        "n.name",
                        "t.title"
                    ],
                    "Inner Unique": true,
                    "Plans": [
                        {
                            "Node Type": "Nested Loop",
                            "Parent Relationship": "Outer",
                            "Parallel Aware": false,
                            "Join Type": "Inner",
                            "Startup Cost": 1003.28,
                            "Total Cost": 48734.08,
                            "Plan Rows": 1,
                            "Plan Width": 36,
                            "Actual Startup Time": 135.814,
                            "Actual Total Time": 145.947,
                            "Actual Rows": 1,
                            "Actual Loops": 1,
                            "Output": [
                                "ci.role_id",
                                "n.name",
                                "t.title"
                            ],
                            "Inner Unique": true,
                            "Join Filter": "(ci.person_id = n.id)",
                            "Rows Removed by Join Filter": 0,
                            "Plans": [
                                {
                                    "Node Type": "Nested Loop",
                                    "Parent Relationship": "Outer",
                                    "Parallel Aware": false,
                                    "Join Type": "Inner",
                                    "Startup Cost": 1002.85,
                                    "Total Cost": 48733.3,
                                    "Plan Rows": 1,
                                    "Plan Width": 29,
                                    "Actual Startup Time": 135.738,
                                    "Actual Total Time": 145.87,
                                    "Actual Rows": 1,
                                    "Actual Loops": 1,
                                    "Output": [
                                        "an.person_id",
                                        "ci.person_id",
                                        "ci.role_id",
                                        "t.title"
                                    ],
                                    "Inner Unique": true,
                                    "Plans": [
                                        {
                                            "Node Type": "Nested Loop",
                                            "Parent Relationship": "Outer",
                                            "Parallel Aware": false,
                                            "Join Type": "Inner",
                                            "Startup Cost": 1002.7,
                                            "Total Cost": 48733.11,
                                            "Plan Rows": 1,
                                            "Plan Width": 33,
                                            "Actual Startup Time": 135.714,
                                            "Actual Total Time": 145.844,
                                            "Actual Rows": 1,
                                            "Actual Loops": 1,
                                            "Output": [
                                                "an.person_id",
                                                "ci.person_id",
                                                "ci.role_id",
                                                "mi.info_type_id",
                                                "t.title"
                                            ],
                                            "Inner Unique": false,
                                            "Join Filter": "(t.id = mi.movie_id)",
                                            "Rows Removed by Join Filter": 0,
                                            "Plans": [
                                                {
                                                    "Node Type": "Nested Loop",
                                                    "Parent Relationship": "Outer",
                                                    "Parallel Aware": false,
                                                    "Join Type": "Inner",
                                                    "Startup Cost": 1002.27,
                                                    "Total Cost": 48723.27,
                                                    "Plan Rows": 1,
                                                    "Plan Width": 41,
                                                    "Actual Startup Time": 135.629,
                                                    "Actual Total Time": 145.7,
                                                    "Actual Rows": 1,
                                                    "Actual Loops": 1,
                                                    "Output": [
                                                        "an.person_id",
                                                        "ci.movie_id",
                                                        "ci.person_id",
                                                        "ci.role_id",
                                                        "mc.movie_id",
                                                        "t.title",
                                                        "t.id"
                                                    ],
                                                    "Inner Unique": true,
                                                    "Plans": [
                                                        {
                                                            "Node Type": "Nested Loop",
                                                            "Parent Relationship": "Outer",
                                                            "Parallel Aware": false,
                                                            "Join Type": "Inner",
                                                            "Startup Cost": 1001.85,
                                                            "Total Cost": 48722.68,
                                                            "Plan Rows": 1,
                                                            "Plan Width": 45,
                                                            "Actual Startup Time": 135.564,
                                                            "Actual Total Time": 145.634,
                                                            "Actual Rows": 1,
                                                            "Actual Loops": 1,
                                                            "Output": [
                                                                "an.person_id",
                                                                "ci.movie_id",
                                                                "ci.person_id",
                                                                "ci.role_id",
                                                                "mc.movie_id",
                                                                "mc.company_id",
                                                                "t.title",
                                                                "t.id"
                                                            ],
                                                            "Inner Unique": true,
                                                            "Plans": [
                                                                {
                                                                    "Node Type": "Nested Loop",
                                                                    "Parent Relationship": "Outer",
                                                                    "Parallel Aware": false,
                                                                    "Join Type": "Inner",
                                                                    "Startup Cost": 1001.42,
                                                                    "Total Cost": 48714.51,
                                                                    "Plan Rows": 1,
                                                                    "Plan Width": 49,
                                                                    "Actual Startup Time": 135.48,
                                                                    "Actual Total Time": 145.542,
                                                                    "Actual Rows": 1,
                                                                    "Actual Loops": 1,
                                                                    "Output": [
                                                                        "an.person_id",
                                                                        "ci.movie_id",
                                                                        "ci.person_id",
                                                                        "ci.role_id",
                                                                        "ci.person_role_id",
                                                                        "mc.movie_id",
                                                                        "mc.company_id",
                                                                        "t.title",
                                                                        "t.id"
                                                                    ],
                                                                    "Inner Unique": false,
                                                                    "Plans": [
                                                                        {
                                                                            "Node Type": "Gather",
                                                                            "Parent Relationship": "Outer",
                                                                            "Parallel Aware": false,
                                                                            "Startup Cost": 1001.0,
                                                                            "Total Cost": 48703.45,
                                                                            "Plan Rows": 1,
                                                                            "Plan Width": 45,
                                                                            "Actual Startup Time": 135.357,
                                                                            "Actual Total Time": 145.416,
                                                                            "Actual Rows": 1,
                                                                            "Actual Loops": 1,
                                                                            "Output": [
                                                                                "ci.movie_id",
                                                                                "ci.person_id",
                                                                                "ci.role_id",
                                                                                "ci.person_role_id",
                                                                                "mc.movie_id",
                                                                                "mc.company_id",
                                                                                "t.title",
                                                                                "t.id"
                                                                            ],
                                                                            "Workers Planned": 4,
                                                                            "Workers Launched": 4,
                                                                            "Single Copy": false,
                                                                            "Plans": [
                                                                                {
                                                                                    "Node Type": "Nested Loop",
                                                                                    "Parent Relationship": "Outer",
                                                                                    "Parallel Aware": false,
                                                                                    "Join Type": "Inner",
                                                                                    "Startup Cost": 0.99,
                                                                                    "Total Cost": 47703.35,
                                                                                    "Plan Rows": 1,
                                                                                    "Plan Width": 45,
                                                                                    "Actual Startup Time": 103.064,
                                                                                    "Actual Total Time": 124.371,
                                                                                    "Actual Rows": 0,
                                                                                    "Actual Loops": 5,
                                                                                    "Output": [
                                                                                        "ci.movie_id",
                                                                                        "ci.person_id",
                                                                                        "ci.role_id",
                                                                                        "ci.person_role_id",
                                                                                        "mc.movie_id",
                                                                                        "mc.company_id",
                                                                                        "t.title",
                                                                                        "t.id"
                                                                                    ],
                                                                                    "Inner Unique": false,
                                                                                    "Join Filter": "(t.id = ci.movie_id)",
                                                                                    "Rows Removed by Join Filter": 0,
                                                                                    "Workers": [
                                                                                        {
                                                                                            "Worker Number": 0,
                                                                                            "Actual Startup Time": 121.767,
                                                                                            "Actual Total Time": 121.769,
                                                                                            "Actual Rows": 0,
                                                                                            "Actual Loops": 1
                                                                                        },
                                                                                        {
                                                                                            "Worker Number": 1,
                                                                                            "Actual Startup Time": 122.125,
                                                                                            "Actual Total Time": 122.126,
                                                                                            "Actual Rows": 0,
                                                                                            "Actual Loops": 1
                                                                                        },
                                                                                        {
                                                                                            "Worker Number": 2,
                                                                                            "Actual Startup Time": 15.625,
                                                                                            "Actual Total Time": 122.15,
                                                                                            "Actual Rows": 1,
                                                                                            "Actual Loops": 1
                                                                                        },
                                                                                        {
                                                                                            "Worker Number": 3,
                                                                                            "Actual Startup Time": 122.15,
                                                                                            "Actual Total Time": 122.151,
                                                                                            "Actual Rows": 0,
                                                                                            "Actual Loops": 1
                                                                                        }
                                                                                    ],
                                                                                    "Plans": [
                                                                                        {
                                                                                            "Node Type": "Nested Loop",
                                                                                            "Parent Relationship": "Outer",
                                                                                            "Parallel Aware": false,
                                                                                            "Join Type": "Inner",
                                                                                            "Startup Cost": 0.43,
                                                                                            "Total Cost": 47689.16,
                                                                                            "Plan Rows": 1,
                                                                                            "Plan Width": 29,
                                                                                            "Actual Startup Time": 85.985,
                                                                                            "Actual Total Time": 123.076,
                                                                                            "Actual Rows": 2,
                                                                                            "Actual Loops": 5,
                                                                                            "Output": [
                                                                                                "mc.movie_id",
                                                                                                "mc.company_id",
                                                                                                "t.title",
                                                                                                "t.id"
                                                                                            ],
                                                                                            "Inner Unique": false,
                                                                                            "Workers": [
                                                                                                {
                                                                                                    "Worker Number": 0,
                                                                                                    "Actual Startup Time": 83.442,
                                                                                                    "Actual Total Time": 121.045,
                                                                                                    "Actual Rows": 4,
                                                                                                    "Actual Loops": 1
                                                                                                },
                                                                                                {
                                                                                                    "Worker Number": 1,
                                                                                                    "Actual Startup Time": 75.957,
                                                                                                    "Actual Total Time": 120.15,
                                                                                                    "Actual Rows": 4,
                                                                                                    "Actual Loops": 1
                                                                                                },
                                                                                                {
                                                                                                    "Worker Number": 2,
                                                                                                    "Actual Startup Time": 14.723,
                                                                                                    "Actual Total Time": 118.381,
                                                                                                    "Actual Rows": 2,
                                                                                                    "Actual Loops": 1
                                                                                                },
                                                                                                {
                                                                                                    "Worker Number": 3,
                                                                                                    "Actual Startup Time": 122.149,
                                                                                                    "Actual Total Time": 122.149,
                                                                                                    "Actual Rows": 0,
                                                                                                    "Actual Loops": 1
                                                                                                }
                                                                                            ],
                                                                                            "Plans": [
                                                                                                {
                                                                                                    "Node Type": "Seq Scan",
                                                                                                    "Parent Relationship": "Outer",
                                                                                                    "Parallel Aware": true,
                                                                                                    "Relation Name": "title",
                                                                                                    "Schema": "public",
                                                                                                    "Alias": "t",
                                                                                                    "Startup Cost": 0.0,
                                                                                                    "Total Cost": 47059.85,
                                                                                                    "Plan Rows": 30,
                                                                                                    "Plan Width": 21,
                                                                                                    "Actual Startup Time": 6.463,
                                                                                                    "Actual Total Time": 121.997,
                                                                                                    "Actual Rows": 19,
                                                                                                    "Actual Loops": 5,
                                                                                                    "Output": [
                                                                                                        "t.id",
                                                                                                        "t.title",
                                                                                                        "t.imdb_index",
                                                                                                        "t.kind_id",
                                                                                                        "t.production_year",
                                                                                                        "t.imdb_id",
                                                                                                        "t.phonetic_code",
                                                                                                        "t.episode_of_id",
                                                                                                        "t.season_nr",
                                                                                                        "t.episode_nr",
                                                                                                        "t.series_years",
                                                                                                        "t.md5sum"
                                                                                                    ],
                                                                                                    "Filter": "((t.title ~~ '%Is...%'::text) AND (t.production_year >= 1995) AND (t.production_year <= 2010))",
                                                                                                    "Rows Removed by Filter": 505643,
                                                                                                    "Workers": [
                                                                                                        {
                                                                                                            "Worker Number": 0,
                                                                                                            "Actual Startup Time": 5.377,
                                                                                                            "Actual Total Time": 119.965,
                                                                                                            "Actual Rows": 23,
                                                                                                            "Actual Loops": 1
                                                                                                        },
                                                                                                        {
                                                                                                            "Worker Number": 1,
                                                                                                            "Actual Startup Time": 9.637,
                                                                                                            "Actual Total Time": 118.916,
                                                                                                            "Actual Rows": 16,
                                                                                                            "Actual Loops": 1
                                                                                                        },
                                                                                                        {
                                                                                                            "Worker Number": 2,
                                                                                                            "Actual Startup Time": 14.546,
                                                                                                            "Actual Total Time": 117.224,
                                                                                                            "Actual Rows": 24,
                                                                                                            "Actual Loops": 1
                                                                                                        },
                                                                                                        {
                                                                                                            "Worker Number": 3,
                                                                                                            "Actual Startup Time": 1.059,
                                                                                                            "Actual Total Time": 121.168,
                                                                                                            "Actual Rows": 14,
                                                                                                            "Actual Loops": 1
                                                                                                        }
                                                                                                    ]
                                                                                                },
                                                                                                {
                                                                                                    "Node Type": "Index Scan",
                                                                                                    "Parent Relationship": "Inner",
                                                                                                    "Parallel Aware": false,
                                                                                                    "Scan Direction": "Forward",
                                                                                                    "Index Name": "movie_id_movie_companies",
                                                                                                    "Relation Name": "movie_companies",
                                                                                                    "Schema": "public",
                                                                                                    "Alias": "mc",
                                                                                                    "Startup Cost": 0.43,
                                                                                                    "Total Cost": 20.97,
                                                                                                    "Plan Rows": 1,
                                                                                                    "Plan Width": 8,
                                                                                                    "Actual Startup Time": 0.053,
                                                                                                    "Actual Total Time": 0.055,
                                                                                                    "Actual Rows": 0,
                                                                                                    "Actual Loops": 95,
                                                                                                    "Output": [
                                                                                                        "mc.id",
                                                                                                        "mc.movie_id",
                                                                                                        "mc.company_id",
                                                                                                        "mc.company_type_id",
                                                                                                        "mc.note"
                                                                                                    ],
                                                                                                    "Index Cond": "(mc.movie_id = t.id)",
                                                                                                    "Rows Removed by Index Recheck": 0,
                                                                                                    "Filter": "((mc.note ~~ '%(200%)%'::text) AND ((mc.note ~~ '%(USA)%'::text) OR (mc.note ~~ '%(worldwide)%'::text)))",
                                                                                                    "Rows Removed by Filter": 1,
                                                                                                    "Workers": [
                                                                                                        {
                                                                                                            "Worker Number": 0,
                                                                                                            "Actual Startup Time": 0.044,
                                                                                                            "Actual Total Time": 0.045,
                                                                                                            "Actual Rows": 0,
                                                                                                            "Actual Loops": 23
                                                                                                        },
                                                                                                        {
                                                                                                            "Worker Number": 1,
                                                                                                            "Actual Startup Time": 0.071,
                                                                                                            "Actual Total Time": 0.074,
                                                                                                            "Actual Rows": 0,
                                                                                                            "Actual Loops": 16
                                                                                                        },
                                                                                                        {
                                                                                                            "Worker Number": 2,
                                                                                                            "Actual Startup Time": 0.045,
                                                                                                            "Actual Total Time": 0.047,
                                                                                                            "Actual Rows": 0,
                                                                                                            "Actual Loops": 24
                                                                                                        },
                                                                                                        {
                                                                                                            "Worker Number": 3,
                                                                                                            "Actual Startup Time": 0.068,
                                                                                                            "Actual Total Time": 0.068,
                                                                                                            "Actual Rows": 0,
                                                                                                            "Actual Loops": 14
                                                                                                        }
                                                                                                    ]
                                                                                                }
                                                                                            ]
                                                                                        },
                                                                                        {
                                                                                            "Node Type": "Index Scan",
                                                                                            "Parent Relationship": "Inner",
                                                                                            "Parallel Aware": false,
                                                                                            "Scan Direction": "Forward",
                                                                                            "Index Name": "movie_id_cast_info",
                                                                                            "Relation Name": "cast_info",
                                                                                            "Schema": "public",
                                                                                            "Alias": "ci",
                                                                                            "Startup Cost": 0.56,
                                                                                            "Total Cost": 14.18,
                                                                                            "Plan Rows": 1,
                                                                                            "Plan Width": 16,
                                                                                            "Actual Startup Time": 0.411,
                                                                                            "Actual Total Time": 0.645,
                                                                                            "Actual Rows": 0,
                                                                                            "Actual Loops": 10,
                                                                                            "Output": [
                                                                                                "ci.id",
                                                                                                "ci.person_id",
                                                                                                "ci.movie_id",
                                                                                                "ci.person_role_id",
                                                                                                "ci.note",
                                                                                                "ci.nr_order",
                                                                                                "ci.role_id"
                                                                                            ],
                                                                                            "Index Cond": "(ci.movie_id = mc.movie_id)",
                                                                                            "Rows Removed by Index Recheck": 0,
                                                                                            "Filter": "(ci.note = '(as Aimee) (credit only)'::text)",
                                                                                            "Rows Removed by Filter": 31,
                                                                                            "Workers": [
                                                                                                {
                                                                                                    "Worker Number": 0,
                                                                                                    "Actual Startup Time": 0.18,
                                                                                                    "Actual Total Time": 0.18,
                                                                                                    "Actual Rows": 0,
                                                                                                    "Actual Loops": 4
                                                                                                },
                                                                                                {
                                                                                                    "Worker Number": 1,
                                                                                                    "Actual Startup Time": 0.492,
                                                                                                    "Actual Total Time": 0.492,
                                                                                                    "Actual Rows": 0,
                                                                                                    "Actual Loops": 4
                                                                                                },
                                                                                                {
                                                                                                    "Worker Number": 2,
                                                                                                    "Actual Startup Time": 0.713,
                                                                                                    "Actual Total Time": 1.88,
                                                                                                    "Actual Rows": 0,
                                                                                                    "Actual Loops": 2
                                                                                                }
                                                                                            ]
                                                                                        }
                                                                                    ]
                                                                                }
                                                                            ]
                                                                        },
                                                                        {
                                                                            "Node Type": "Index Only Scan",
                                                                            "Parent Relationship": "Inner",
                                                                            "Parallel Aware": false,
                                                                            "Scan Direction": "Forward",
                                                                            "Index Name": "person_id_aka_name",
                                                                            "Relation Name": "aka_name",
                                                                            "Schema": "public",
                                                                            "Alias": "an",
                                                                            "Startup Cost": 0.42,
                                                                            "Total Cost": 11.04,
                                                                            "Plan Rows": 2,
                                                                            "Plan Width": 4,
                                                                            "Actual Startup Time": 0.116,
                                                                            "Actual Total Time": 0.118,
                                                                            "Actual Rows": 1,
                                                                            "Actual Loops": 1,
                                                                            "Output": [
                                                                                "an.person_id"
                                                                            ],
                                                                            "Index Cond": "(an.person_id = ci.person_id)",
                                                                            "Rows Removed by Index Recheck": 0,
                                                                            "Heap Fetches": 1
                                                                        }
                                                                    ]
                                                                },
                                                                {
                                                                    "Node Type": "Index Only Scan",
                                                                    "Parent Relationship": "Inner",
                                                                    "Parallel Aware": false,
                                                                    "Scan Direction": "Forward",
                                                                    "Index Name": "char_name_pkey",
                                                                    "Relation Name": "char_name",
                                                                    "Schema": "public",
                                                                    "Alias": "chn",
                                                                    "Startup Cost": 0.43,
                                                                    "Total Cost": 8.17,
                                                                    "Plan Rows": 1,
                                                                    "Plan Width": 4,
                                                                    "Actual Startup Time": 0.078,
                                                                    "Actual Total Time": 0.079,
                                                                    "Actual Rows": 1,
                                                                    "Actual Loops": 1,
                                                                    "Output": [
                                                                        "chn.id"
                                                                    ],
                                                                    "Index Cond": "(chn.id = ci.person_role_id)",
                                                                    "Rows Removed by Index Recheck": 0,
                                                                    "Heap Fetches": 1
                                                                }
                                                            ]
                                                        },
                                                        {
                                                            "Node Type": "Index Scan",
                                                            "Parent Relationship": "Inner",
                                                            "Parallel Aware": false,
                                                            "Scan Direction": "Forward",
                                                            "Index Name": "company_name_pkey",
                                                            "Relation Name": "company_name",
                                                            "Schema": "public",
                                                            "Alias": "cn",
                                                            "Startup Cost": 0.42,
                                                            "Total Cost": 0.59,
                                                            "Plan Rows": 1,
                                                            "Plan Width": 4,
                                                            "Actual Startup Time": 0.042,
                                                            "Actual Total Time": 0.042,
                                                            "Actual Rows": 1,
                                                            "Actual Loops": 1,
                                                            "Output": [
                                                                "cn.id",
                                                                "cn.name",
                                                                "cn.country_code",
                                                                "cn.imdb_id",
                                                                "cn.name_pcode_nf",
                                                                "cn.name_pcode_sf",
                                                                "cn.md5sum"
                                                            ],
                                                            "Index Cond": "(cn.id = mc.company_id)",
                                                            "Rows Removed by Index Recheck": 0,
                                                            "Filter": "((cn.country_code)::text = '[us]'::text)",
                                                            "Rows Removed by Filter": 0
                                                        }
                                                    ]
                                                },
                                                {
                                                    "Node Type": "Index Scan",
                                                    "Parent Relationship": "Inner",
                                                    "Parallel Aware": false,
                                                    "Scan Direction": "Forward",
                                                    "Index Name": "movie_id_movie_info",
                                                    "Relation Name": "movie_info",
                                                    "Schema": "public",
                                                    "Alias": "mi",
                                                    "Startup Cost": 0.43,
                                                    "Total Cost": 9.82,
                                                    "Plan Rows": 1,
                                                    "Plan Width": 8,
                                                    "Actual Startup Time": 0.081,
                                                    "Actual Total Time": 0.138,
                                                    "Actual Rows": 1,
                                                    "Actual Loops": 1,
                                                    "Output": [
                                                        "mi.id",
                                                        "mi.movie_id",
                                                        "mi.info_type_id",
                                                        "mi.info",
                                                        "mi.note"
                                                    ],
                                                    "Index Cond": "(mi.movie_id = mc.movie_id)",
                                                    "Rows Removed by Index Recheck": 0,
                                                    "Filter": "((mi.info IS NOT NULL) AND ((mi.info ~~ 'Japan:%2007%'::text) OR (mi.info ~~ 'USA:%2008%'::text)))",
                                                    "Rows Removed by Filter": 6
                                                }
                                            ]
                                        },
                                        {
                                            "Node Type": "Index Scan",
                                            "Parent Relationship": "Inner",
                                            "Parallel Aware": false,
                                            "Scan Direction": "Forward",
                                            "Index Name": "info_type_pkey",
                                            "Relation Name": "info_type",
                                            "Schema": "public",
                                            "Alias": "it",
                                            "Startup Cost": 0.14,
                                            "Total Cost": 0.17,
                                            "Plan Rows": 1,
                                            "Plan Width": 4,
                                            "Actual Startup Time": 0.016,
                                            "Actual Total Time": 0.017,
                                            "Actual Rows": 1,
                                            "Actual Loops": 1,
                                            "Output": [
                                                "it.id",
                                                "it.info"
                                            ],
                                            "Index Cond": "(it.id = mi.info_type_id)",
                                            "Rows Removed by Index Recheck": 0,
                                            "Filter": "((it.info)::text = 'release dates'::text)",
                                            "Rows Removed by Filter": 0
                                        }
                                    ]
                                },
                                {
                                    "Node Type": "Index Scan",
                                    "Parent Relationship": "Inner",
                                    "Parallel Aware": false,
                                    "Scan Direction": "Forward",
                                    "Index Name": "name_pkey",
                                    "Relation Name": "name",
                                    "Schema": "public",
                                    "Alias": "n",
                                    "Startup Cost": 0.43,
                                    "Total Cost": 0.77,
                                    "Plan Rows": 1,
                                    "Plan Width": 19,
                                    "Actual Startup Time": 0.073,
                                    "Actual Total Time": 0.074,
                                    "Actual Rows": 1,
                                    "Actual Loops": 1,
                                    "Output": [
                                        "n.id",
                                        "n.name",
                                        "n.imdb_index",
                                        "n.imdb_id",
                                        "n.gender",
                                        "n.name_pcode_cf",
                                        "n.name_pcode_nf",
                                        "n.surname_pcode",
                                        "n.md5sum"
                                    ],
                                    "Index Cond": "(n.id = an.person_id)",
                                    "Rows Removed by Index Recheck": 0,
                                    "Filter": "((n.name ~~ '%Aimee%'::text) AND ((n.gender)::text = 'f'::text))",
                                    "Rows Removed by Filter": 0
                                }
                            ]
                        },
                        {
                            "Node Type": "Index Scan",
                            "Parent Relationship": "Inner",
                            "Parallel Aware": false,
                            "Scan Direction": "Forward",
                            "Index Name": "role_type_pkey",
                            "Relation Name": "role_type",
                            "Schema": "public",
                            "Alias": "rt",
                            "Startup Cost": 0.14,
                            "Total Cost": 0.16,
                            "Plan Rows": 1,
                            "Plan Width": 4,
                            "Actual Startup Time": 0.016,
                            "Actual Total Time": 0.017,
                            "Actual Rows": 1,
                            "Actual Loops": 1,
                            "Output": [
                                "rt.id",
                                "rt.role"
                            ],
                            "Index Cond": "(rt.id = ci.role_id)",
                            "Rows Removed by Index Recheck": 0,
                            "Filter": "((rt.role)::text = 'actress'::text)",
                            "Rows Removed by Filter": 0
                        }
                    ]
                }
            ]
        },
        "Planning Time": 925.893,
        "Triggers": [],
        "Execution Time": 146.971
    }
]