[
  {
    "Plan": {
      "Node Type": "Aggregate",
      "Strategy": "Plain",
      "Partial Mode": "Finalize",
      "Parallel Aware": false,
      "Startup Cost": 47200.57,
      "Total Cost": 47200.58,
      "Plan Rows": 1,
      "Plan Width": 8,
      "Actual Startup Time": 173.111,
      "Actual Total Time": 180.423,
      "Actual Rows": 1,
      "Actual Loops": 1,
      "Plans": [
        {
          "Node Type": "Gather",
          "Parent Relationship": "Outer",
          "Parallel Aware": false,
          "Startup Cost": 47200.25,
          "Total Cost": 47200.56,
          "Plan Rows": 3,
          "Plan Width": 8,
          "Actual Startup Time": 172.961,
          "Actual Total Time": 180.409,
          "Actual Rows": 4,
          "Actual Loops": 1,
          "Workers Planned": 3,
          "Workers Launched": 3,
          "Single Copy": false,
          "Plans": [
            {
              "Node Type": "Aggregate",
              "Strategy": "Plain",
              "Partial Mode": "Partial",
              "Parent Relationship": "Outer",
              "Parallel Aware": false,
              "Startup Cost": 46200.25,
              "Total Cost": 46200.26,
              "Plan Rows": 1,
              "Plan Width": 8,
              "Actual Startup Time": 167.637,
              "Actual Total Time": 167.639,
              "Actual Rows": 1,
              "Actual Loops": 4,
              "Plans": [
                {
                  "Node Type": "Seq Scan",
                  "Parent Relationship": "Outer",
                  "Parallel Aware": true,
                  "Relation Name": "movie_keyword",
                  "Alias": "mk",
                  "Startup Cost": 0.0,
                  "Total Cost": 42695.65,
                  "Plan Rows": 1401839,
                  "Plan Width": 0,
                  "Actual Startup Time": 0.036,
                  "Actual Total Time": 118.083,
                  "Actual Rows": 1085850,
                  "Actual Loops": 4,
                  "Filter": "(keyword_id < 71641)",
                  "Rows Removed by Filter": 45132
                }
              ]
            }
          ]
        }
      ]
    },
    "Planning Time": 0.151,
    "Triggers": [],
    "Execution Time": 180.469
  }
]