{
    "Plan": {
        "Node Type": "Aggregate",
        "Strategy": "Plain",
        "Partial Mode": "Simple",
        "Parallel Aware": false,
        "Startup Cost": 1935.29,
        "Total Cost": 1935.3,
        "Plan Rows": 1,
        "Plan Width": 8,
        "Actual Startup Time": 17.104,
        "Actual Total Time": 17.106,
        "Actual Rows": 1,
        "Actual Loops": 1,
        "Output": [
            "count(*)"
        ],
        "Plans": [
            {
                "Node Type": "Nested Loop",
                "Parent Relationship": "Outer",
                "Parallel Aware": false,
                "Join Type": "Inner",
                "Startup Cost": 0.99,
                "Total Cost": 1935.02,
                "Plan Rows": 106,
                "Plan Width": 0,
                "Actual Startup Time": 17.071,
                "Actual Total Time": 17.097,
                "Actual Rows": 2,
                "Actual Loops": 1,
                "Inner Unique": true,
                "Plans": [
                    {
                        "Node Type": "Index Scan",
                        "Parent Relationship": "Outer",
                        "Parallel Aware": false,
                        "Scan Direction": "Forward",
                        "Index Name": "person_id_cast_info",
                        "Relation Name": "cast_info",
                        "Schema": "public",
                        "Alias": "ci",
                        "Startup Cost": 0.56,
                        "Total Cost": 1039.59,
                        "Plan Rows": 106,
                        "Plan Width": 4,
                        "Actual Startup Time": 17.038,
                        "Actual Total Time": 17.041,
                        "Actual Rows": 2,
                        "Actual Loops": 1,
                        "Output": [
                            "ci.id",
                            "ci.person_id",
                            "ci.movie_id",
                            "ci.person_role_id",
                            "ci.note",
                            "ci.nr_order",
                            "ci.role_id"
                        ],
                        "Index Cond": "(ci.person_id = 1393694)",
                        "Rows Removed by Index Recheck": 0,
                        "Filter": "(ci.role_id > 6)",
                        "Rows Removed by Filter": 9
                    },
                    {
                        "Node Type": "Index Only Scan",
                        "Parent Relationship": "Inner",
                        "Parallel Aware": false,
                        "Scan Direction": "Forward",
                        "Index Name": "title_pkey",
                        "Relation Name": "title",
                        "Schema": "public",
                        "Alias": "t",
                        "Startup Cost": 0.43,
                        "Total Cost": 8.45,
                        "Plan Rows": 1,
                        "Plan Width": 4,
                        "Actual Startup Time": 0.023,
                        "Actual Total Time": 0.023,
                        "Actual Rows": 1,
                        "Actual Loops": 2,
                        "Output": [
                            "t.id"
                        ],
                        "Index Cond": "(t.id = ci.movie_id)",
                        "Rows Removed by Index Recheck": 0,
                        "Heap Fetches": 2
                    }
                ]
            }
        ]
    },
    "Planning Time": 0.748,
    "Triggers": [],
    "Execution Time": 17.173
}