{
  "Plan": {
    "Node Type": "Aggregate",
    "Strategy": "Plain",
    "Partial Mode": "Finalize",
    "Parallel Aware": false,
    "Startup Cost": 77598.36,
    "Total Cost": 77598.37,
    "Plan Rows": 1,
    "Plan Width": 8,
    "Actual Startup Time": 256.759,
    "Actual Total Time": 267.344,
    "Actual Rows": 1,
    "Actual Loops": 1,
    "Plans": [
      {
        "Node Type": "Gather",
        "Parent Relationship": "Outer",
        "Parallel Aware": false,
        "Startup Cost": 77598.25,
        "Total Cost": 77598.36,
        "Plan Rows": 1,
        "Plan Width": 8,
        "Actual Startup Time": 256.491,
        "Actual Total Time": 267.335,
        "Actual Rows": 2,
        "Actual Loops": 1,
        "Workers Planned": 1,
        "Workers Launched": 1,
        "Single Copy": false,
        "Plans": [
          {
            "Node Type": "Aggregate",
            "Strategy": "Plain",
            "Partial Mode": "Partial",
            "Parent Relationship": "Outer",
            "Parallel Aware": false,
            "Startup Cost": 76598.25,
            "Total Cost": 76598.26,
            "Plan Rows": 1,
            "Plan Width": 8,
            "Actual Startup Time": 250.873,
            "Actual Total Time": 250.877,
            "Actual Rows": 1,
            "Actual Loops": 2,
            "Plans": [
              {
                "Node Type": "Hash Join",
                "Parent Relationship": "Outer",
                "Parallel Aware": true,
                "Join Type": "Inner",
                "Startup Cost": 58403.83,
                "Total Cost": 76587.62,
                "Plan Rows": 4252,
                "Plan Width": 0,
                "Actual Startup Time": 151.441,
                "Actual Total Time": 250.703,
                "Actual Rows": 3184,
                "Actual Loops": 2,
                "Inner Unique": true,
                "Hash Cond": "(mi_idx.movie_id = t.id)",
                "Plans": [
                  {
                    "Node Type": "Seq Scan",
                    "Parent Relationship": "Outer",
                    "Parallel Aware": true,
                    "Relation Name": "movie_info_idx",
                    "Alias": "mi_idx",
                    "Startup Cost": 0.0,
                    "Total Cost": 16052.85,
                    "Plan Rows": 811785,
                    "Plan Width": 4,
                    "Actual Startup Time": 0.018,
                    "Actual Total Time": 49.889,
                    "Actual Rows": 690018,
                    "Actual Loops": 2
                  },
                  {
                    "Node Type": "Hash",
                    "Parent Relationship": "Inner",
                    "Parallel Aware": true,
                    "Startup Cost": 58306.47,
                    "Total Cost": 58306.47,
                    "Plan Rows": 7789,
                    "Plan Width": 4,
                    "Actual Startup Time": 150.227,
                    "Actual Total Time": 150.228,
                    "Actual Rows": 6028,
                    "Actual Loops": 2,
                    "Hash Buckets": 16384,
                    "Original Hash Buckets": 16384,
                    "Hash Batches": 1,
                    "Original Hash Batches": 1,
                    "Peak Memory Usage": 640,
                    "Plans": [
                      {
                        "Node Type": "Seq Scan",
                        "Parent Relationship": "Outer",
                        "Parallel Aware": true,
                        "Relation Name": "title",
                        "Alias": "t",
                        "Startup Cost": 0.0,
                        "Total Cost": 58306.47,
                        "Plan Rows": 7789,
                        "Plan Width": 4,
                        "Actual Startup Time": 0.144,
                        "Actual Total Time": 147.521,
                        "Actual Rows": 6028,
                        "Actual Loops": 2,
                        "Filter": "((kind_id > 1) AND (production_year = 1984))",
                        "Rows Removed by Filter": 1258128
                      }
                    ]
                  }
                ]
              }
            ]
          }
        ]
      }
    ]
  },
  "Planning Time": 0.464,
  "Triggers": [],
  "Execution Time": 267.414
}