[
  {
    "Plan": {
      "Node Type": "Aggregate",
      "Strategy": "Plain",
      "Partial Mode": "Finalize",
      "Parallel Aware": false,
      "Startup Cost": 309846.54,
      "Total Cost": 309846.55,
      "Plan Rows": 1,
      "Plan Width": 8,
      "Actual Startup Time": 122.38,
      "Actual Total Time": 139.803,
      "Actual Rows": 1,
      "Actual Loops": 1,
      "Plans": [
        {
          "Node Type": "Gather",
          "Parent Relationship": "Outer",
          "Parallel Aware": false,
          "Startup Cost": 309846.12,
          "Total Cost": 309846.53,
          "Plan Rows": 4,
          "Plan Width": 8,
          "Actual Startup Time": 122.271,
          "Actual Total Time": 139.796,
          "Actual Rows": 5,
          "Actual Loops": 1,
          "Workers Planned": 4,
          "Workers Launched": 4,
          "Single Copy": false,
          "Plans": [
            {
              "Node Type": "Aggregate",
              "Strategy": "Plain",
              "Partial Mode": "Partial",
              "Parent Relationship": "Outer",
              "Parallel Aware": false,
              "Startup Cost": 308846.12,
              "Total Cost": 308846.13,
              "Plan Rows": 1,
              "Plan Width": 8,
              "Actual Startup Time": 112.213,
              "Actual Total Time": 112.215,
              "Actual Rows": 1,
              "Actual Loops": 5,
              "Plans": [
                {
                  "Node Type": "Nested Loop",
                  "Parent Relationship": "Outer",
                  "Parallel Aware": false,
                  "Join Type": "Inner",
                  "Startup Cost": 0.56,
                  "Total Cost": 308728.97,
                  "Plan Rows": 46860,
                  "Plan Width": 0,
                  "Actual Startup Time": 55.431,
                  "Actual Total Time": 111.86,
                  "Actual Rows": 3197,
                  "Actual Loops": 5,
                  "Inner Unique": false,
                  "Plans": [
                    {
                      "Node Type": "Seq Scan",
                      "Parent Relationship": "Outer",
                      "Parallel Aware": true,
                      "Relation Name": "title",
                      "Alias": "t",
                      "Startup Cost": 0.0,
                      "Total Cost": 43898.92,
                      "Plan Rows": 3270,
                      "Plan Width": 4,
                      "Actual Startup Time": 55.296,
                      "Actual Total Time": 84.107,
                      "Actual Rows": 2998,
                      "Actual Loops": 5,
                      "Filter": "(production_year < 1905)",
                      "Rows Removed by Filter": 502665
                    },
                    {
                      "Node Type": "Index Only Scan",
                      "Parent Relationship": "Inner",
                      "Parallel Aware": false,
                      "Scan Direction": "Forward",
                      "Index Name": "movie_id_cast_info",
                      "Relation Name": "cast_info",
                      "Alias": "ci",
                      "Startup Cost": 0.56,
                      "Total Cost": 80.62,
                      "Plan Rows": 37,
                      "Plan Width": 4,
                      "Actual Startup Time": 0.008,
                      "Actual Total Time": 0.009,
                      "Actual Rows": 1,
                      "Actual Loops": 14988,
                      "Index Cond": "(movie_id = t.id)",
                      "Rows Removed by Index Recheck": 0,
                      "Heap Fetches": 15983
                    }
                  ]
                }
              ]
            }
          ]
        }
      ]
    },
    "Planning Time": 0.502,
    "Triggers": [],
    "Execution Time": 139.876
  }
]