[
  {
    "Plan": {
      "Node Type": "Aggregate",
      "Strategy": "Plain",
      "Partial Mode": "Finalize",
      "Parallel Aware": false,
      "Startup Cost": 33044.49,
      "Total Cost": 33044.5,
      "Plan Rows": 1,
      "Plan Width": 8,
      "Actual Startup Time": 92.565,
      "Actual Total Time": 101.682,
      "Actual Rows": 1,
      "Actual Loops": 1,
      "Plans": [
        {
          "Node Type": "Gather",
          "Parent Relationship": "Outer",
          "Parallel Aware": false,
          "Startup Cost": 33044.17,
          "Total Cost": 33044.48,
          "Plan Rows": 3,
          "Plan Width": 8,
          "Actual Startup Time": 92.448,
          "Actual Total Time": 101.675,
          "Actual Rows": 4,
          "Actual Loops": 1,
          "Workers Planned": 3,
          "Workers Launched": 3,
          "Single Copy": false,
          "Plans": [
            {
              "Node Type": "Aggregate",
              "Strategy": "Plain",
              "Partial Mode": "Partial",
              "Parent Relationship": "Outer",
              "Parallel Aware": false,
              "Startup Cost": 32044.17,
              "Total Cost": 32044.18,
              "Plan Rows": 1,
              "Plan Width": 8,
              "Actual Startup Time": 85.168,
              "Actual Total Time": 85.17,
              "Actual Rows": 1,
              "Actual Loops": 4,
              "Plans": [
                {
                  "Node Type": "Seq Scan",
                  "Parent Relationship": "Outer",
                  "Parallel Aware": true,
                  "Relation Name": "movie_companies",
                  "Alias": "mc",
                  "Startup Cost": 0.0,
                  "Total Cost": 31414.82,
                  "Plan Rows": 251741,
                  "Plan Width": 0,
                  "Actual Startup Time": 48.983,
                  "Actual Total Time": 80.114,
                  "Actual Rows": 122824,
                  "Actual Loops": 4,
                  "Filter": "((company_id < 14376) AND (company_type_id > 1))",
                  "Rows Removed by Filter": 529459
                }
              ]
            }
          ]
        }
      ]
    },
    "Planning Time": 0.209,
    "Triggers": [],
    "Execution Time": 101.736
  }
]