{
  "Plan": {
    "Node Type": "Aggregate",
    "Strategy": "Plain",
    "Partial Mode": "Finalize",
    "Parallel Aware": false,
    "Startup Cost": 211651.5,
    "Total Cost": 211651.51,
    "Plan Rows": 1,
    "Plan Width": 8,
    "Actual Startup Time": 96.26,
    "Actual Total Time": 105.565,
    "Actual Rows": 1,
    "Actual Loops": 1,
    "Plans": [
      {
        "Node Type": "Gather",
        "Parent Relationship": "Outer",
        "Parallel Aware": false,
        "Startup Cost": 211651.38,
        "Total Cost": 211651.49,
        "Plan Rows": 1,
        "Plan Width": 8,
        "Actual Startup Time": 96.151,
        "Actual Total Time": 105.558,
        "Actual Rows": 2,
        "Actual Loops": 1,
        "Workers Planned": 1,
        "Workers Launched": 1,
        "Single Copy": false,
        "Plans": [
          {
            "Node Type": "Aggregate",
            "Strategy": "Plain",
            "Partial Mode": "Partial",
            "Parent Relationship": "Outer",
            "Parallel Aware": false,
            "Startup Cost": 210651.38,
            "Total Cost": 210651.39,
            "Plan Rows": 1,
            "Plan Width": 8,
            "Actual Startup Time": 90.111,
            "Actual Total Time": 90.113,
            "Actual Rows": 1,
            "Actual Loops": 2,
            "Plans": [
              {
                "Node Type": "Nested Loop",
                "Parent Relationship": "Outer",
                "Parallel Aware": false,
                "Join Type": "Inner",
                "Startup Cost": 902.6,
                "Total Cost": 210578.19,
                "Plan Rows": 29278,
                "Plan Width": 0,
                "Actual Startup Time": 6.263,
                "Actual Total Time": 88.587,
                "Actual Rows": 25134,
                "Actual Loops": 2,
                "Inner Unique": true,
                "Plans": [
                  {
                    "Node Type": "Bitmap Heap Scan",
                    "Parent Relationship": "Outer",
                    "Parallel Aware": true,
                    "Relation Name": "movie_info",
                    "Alias": "mi",
                    "Startup Cost": 902.17,
                    "Total Cost": 107049.31,
                    "Plan Rows": 29278,
                    "Plan Width": 4,
                    "Actual Startup Time": 6.093,
                    "Actual Total Time": 15.991,
                    "Actual Rows": 25134,
                    "Actual Loops": 2,
                    "Recheck Cond": "(info_type_id > 107)",
                    "Rows Removed by Index Recheck": 0,
                    "Exact Heap Blocks": 2784,
                    "Lossy Heap Blocks": 0,
                    "Plans": [
                      {
                        "Node Type": "Bitmap Index Scan",
                        "Parent Relationship": "Outer",
                        "Parallel Aware": false,
                        "Index Name": "info_type_id_movie_info",
                        "Startup Cost": 0.0,
                        "Total Cost": 889.72,
                        "Plan Rows": 49772,
                        "Plan Width": 0,
                        "Actual Startup Time": 8.966,
                        "Actual Total Time": 8.967,
                        "Actual Rows": 50267,
                        "Actual Loops": 1,
                        "Index Cond": "(info_type_id > 107)"
                      }
                    ]
                  },
                  {
                    "Node Type": "Index Only Scan",
                    "Parent Relationship": "Inner",
                    "Parallel Aware": false,
                    "Scan Direction": "Forward",
                    "Index Name": "title_pkey",
                    "Relation Name": "title",
                    "Alias": "t",
                    "Startup Cost": 0.43,
                    "Total Cost": 3.54,
                    "Plan Rows": 1,
                    "Plan Width": 4,
                    "Actual Startup Time": 0.003,
                    "Actual Total Time": 0.003,
                    "Actual Rows": 1,
                    "Actual Loops": 50267,
                    "Index Cond": "(id = mi.movie_id)",
                    "Rows Removed by Index Recheck": 0,
                    "Heap Fetches": 50267
                  }
                ]
              }
            ]
          }
        ]
      }
    ]
  },
  "Planning Time": 0.649,
  "Triggers": [],
  "Execution Time": 105.648
}