{
  "Plan": {
    "Node Type": "Aggregate",
    "Strategy": "Plain",
    "Partial Mode": "Finalize",
    "Parallel Aware": false,
    "Startup Cost": 127735.01,
    "Total Cost": 127735.02,
    "Plan Rows": 1,
    "Plan Width": 8,
    "Actual Startup Time": 660.756,
    "Actual Total Time": 674.939,
    "Actual Rows": 1,
    "Actual Loops": 1,
    "Plans": [
      {
        "Node Type": "Gather",
        "Parent Relationship": "Outer",
        "Parallel Aware": false,
        "Startup Cost": 127734.9,
        "Total Cost": 127735.01,
        "Plan Rows": 1,
        "Plan Width": 8,
        "Actual Startup Time": 658.836,
        "Actual Total Time": 674.922,
        "Actual Rows": 2,
        "Actual Loops": 1,
        "Workers Planned": 1,
        "Workers Launched": 1,
        "Single Copy": false,
        "Plans": [
          {
            "Node Type": "Aggregate",
            "Strategy": "Plain",
            "Partial Mode": "Partial",
            "Parent Relationship": "Outer",
            "Parallel Aware": false,
            "Startup Cost": 126734.9,
            "Total Cost": 126734.91,
            "Plan Rows": 1,
            "Plan Width": 8,
            "Actual Startup Time": 652.557,
            "Actual Total Time": 653.386,
            "Actual Rows": 1,
            "Actual Loops": 2,
            "Plans": [
              {
                "Node Type": "Hash Join",
                "Parent Relationship": "Outer",
                "Parallel Aware": true,
                "Join Type": "Inner",
                "Startup Cost": 81967.31,
                "Total Cost": 126662.58,
                "Plan Rows": 28928,
                "Plan Width": 0,
                "Actual Startup Time": 483.707,
                "Actual Total Time": 647.129,
                "Actual Rows": 146200,
                "Actual Loops": 2,
                "Inner Unique": false,
                "Hash Cond": "(mc.movie_id = t.id)",
                "Plans": [
                  {
                    "Node Type": "Seq Scan",
                    "Parent Relationship": "Outer",
                    "Parallel Aware": true,
                    "Relation Name": "movie_companies",
                    "Alias": "mc",
                    "Startup Cost": 0.0,
                    "Total Cost": 41811.73,
                    "Plan Rows": 723568,
                    "Plan Width": 4,
                    "Actual Startup Time": 51.775,
                    "Actual Total Time": 119.857,
                    "Actual Rows": 647885,
                    "Actual Loops": 2,
                    "Filter": "((company_id > 46) AND (company_type_id > 1))",
                    "Rows Removed by Filter": 656680
                  },
                  {
                    "Node Type": "Hash",
                    "Parent Relationship": "Inner",
                    "Parallel Aware": true,
                    "Startup Cost": 81224.07,
                    "Total Cost": 81224.07,
                    "Plan Rows": 59459,
                    "Plan Width": 8,
                    "Actual Startup Time": 429.388,
                    "Actual Total Time": 430.214,
                    "Actual Rows": 113160,
                    "Actual Loops": 2,
                    "Hash Buckets": 262144,
                    "Original Hash Buckets": 131072,
                    "Hash Batches": 1,
                    "Original Hash Batches": 1,
                    "Peak Memory Usage": 11968,
                    "Plans": [
                      {
                        "Node Type": "Hash Join",
                        "Parent Relationship": "Outer",
                        "Parallel Aware": true,
                        "Join Type": "Inner",
                        "Startup Cost": 62439.76,
                        "Total Cost": 81224.07,
                        "Plan Rows": 59459,
                        "Plan Width": 8,
                        "Actual Startup Time": 263.358,
                        "Actual Total Time": 393.95,
                        "Actual Rows": 113160,
                        "Actual Loops": 2,
                        "Inner Unique": true,
                        "Hash Cond": "(mi_idx.movie_id = t.id)",
                        "Plans": [
                          {
                            "Node Type": "Seq Scan",
                            "Parent Relationship": "Outer",
                            "Parallel Aware": true,
                            "Relation Name": "movie_info_idx",
                            "Alias": "mi_idx",
                            "Startup Cost": 0.0,
                            "Total Cost": 18082.32,
                            "Plan Rows": 267429,
                            "Plan Width": 4,
                            "Actual Startup Time": 0.027,
                            "Actual Total Time": 54.184,
                            "Actual Rows": 229962,
                            "Actual Loops": 2,
                            "Filter": "(info_type_id < 100)",
                            "Rows Removed by Filter": 460055
                          },
                          {
                            "Node Type": "Hash",
                            "Parent Relationship": "Inner",
                            "Parallel Aware": true,
                            "Startup Cost": 58306.47,
                            "Total Cost": 58306.47,
                            "Plan Rows": 330663,
                            "Plan Width": 4,
                            "Actual Startup Time": 255.553,
                            "Actual Total Time": 255.554,
                            "Actual Rows": 320892,
                            "Actual Loops": 2,
                            "Hash Buckets": 1048576,
                            "Original Hash Buckets": 1048576,
                            "Hash Batches": 1,
                            "Original Hash Batches": 1,
                            "Peak Memory Usage": 33312,
                            "Plans": [
                              {
                                "Node Type": "Seq Scan",
                                "Parent Relationship": "Outer",
                                "Parallel Aware": true,
                                "Relation Name": "title",
                                "Alias": "t",
                                "Startup Cost": 0.0,
                                "Total Cost": 58306.47,
                                "Plan Rows": 330663,
                                "Plan Width": 4,
                                "Actual Startup Time": 0.048,
                                "Actual Total Time": 159.047,
                                "Actual Rows": 320892,
                                "Actual Loops": 2,
                                "Filter": "((kind_id < 7) AND (production_year < 2006))",
                                "Rows Removed by Filter": 943264
                              }
                            ]
                          }
                        ]
                      }
                    ]
                  }
                ]
              }
            ]
          }
        ]
      }
    ]
  },
  "Planning Time": 1.084,
  "Triggers": [],
  "Execution Time": 675.043
}