[
    {
        "Bao": {
            "Bao prediction": "NaN",
            "Bao recommended hint": "(no hint)"
        }
    },
    {
        "Plan": {
            "Node Type": "Aggregate",
            "Strategy": "Plain",
            "Partial Mode": "Finalize",
            "Parallel Aware": false,
            "Startup Cost": 40617.13,
            "Total Cost": 40617.14,
            "Plan Rows": 1,
            "Plan Width": 8,
            "Actual Startup Time": 119.233,
            "Actual Total Time": 125.831,
            "Actual Rows": 1,
            "Actual Loops": 1,
            "Output": [
                "count(*)"
            ],
            "Plans": [
                {
                    "Node Type": "Gather",
                    "Parent Relationship": "Outer",
                    "Parallel Aware": false,
                    "Startup Cost": 40616.81,
                    "Total Cost": 40617.12,
                    "Plan Rows": 3,
                    "Plan Width": 8,
                    "Actual Startup Time": 118.984,
                    "Actual Total Time": 125.824,
                    "Actual Rows": 4,
                    "Actual Loops": 1,
                    "Output": [
                        "(PARTIAL count(*))"
                    ],
                    "Workers Planned": 3,
                    "Workers Launched": 3,
                    "Single Copy": false,
                    "Plans": [
                        {
                            "Node Type": "Aggregate",
                            "Strategy": "Plain",
                            "Partial Mode": "Partial",
                            "Parent Relationship": "Outer",
                            "Parallel Aware": false,
                            "Startup Cost": 39616.81,
                            "Total Cost": 39616.82,
                            "Plan Rows": 1,
                            "Plan Width": 8,
                            "Actual Startup Time": 110.135,
                            "Actual Total Time": 110.136,
                            "Actual Rows": 1,
                            "Actual Loops": 4,
                            "Output": [
                                "PARTIAL count(*)"
                            ],
                            "Workers": [
                                {
                                    "Worker Number": 0,
                                    "Actual Startup Time": 107.272,
                                    "Actual Total Time": 107.273,
                                    "Actual Rows": 1,
                                    "Actual Loops": 1
                                },
                                {
                                    "Worker Number": 1,
                                    "Actual Startup Time": 107.279,
                                    "Actual Total Time": 107.281,
                                    "Actual Rows": 1,
                                    "Actual Loops": 1
                                },
                                {
                                    "Worker Number": 2,
                                    "Actual Startup Time": 107.248,
                                    "Actual Total Time": 107.25,
                                    "Actual Rows": 1,
                                    "Actual Loops": 1
                                }
                            ],
                            "Plans": [
                                {
                                    "Node Type": "Bitmap Heap Scan",
                                    "Parent Relationship": "Outer",
                                    "Parallel Aware": true,
                                    "Relation Name": "movie_keyword",
                                    "Schema": "public",
                                    "Alias": "mk",
                                    "Startup Cost": 12346.78,
                                    "Total Cost": 39147.47,
                                    "Plan Rows": 187735,
                                    "Plan Width": 0,
                                    "Actual Startup Time": 29.43,
                                    "Actual Total Time": 102.298,
                                    "Actual Rows": 144304,
                                    "Actual Loops": 4,
                                    "Recheck Cond": "(mk.keyword_id > 31788)",
                                    "Rows Removed by Index Recheck": 0,
                                    "Exact Heap Blocks": 10271,
                                    "Lossy Heap Blocks": 0,
                                    "Workers": [
                                        {
                                            "Worker Number": 0,
                                            "Actual Startup Time": 26.535,
                                            "Actual Total Time": 100.311,
                                            "Actual Rows": 108146,
                                            "Actual Loops": 1
                                        },
                                        {
                                            "Worker Number": 1,
                                            "Actual Startup Time": 26.753,
                                            "Actual Total Time": 100.18,
                                            "Actual Rows": 107481,
                                            "Actual Loops": 1
                                        },
                                        {
                                            "Worker Number": 2,
                                            "Actual Startup Time": 26.737,
                                            "Actual Total Time": 100.169,
                                            "Actual Rows": 107271,
                                            "Actual Loops": 1
                                        }
                                    ],
                                    "Plans": [
                                        {
                                            "Node Type": "Bitmap Index Scan",
                                            "Parent Relationship": "Outer",
                                            "Parallel Aware": false,
                                            "Index Name": "keyword_id_movie_keyword",
                                            "Startup Cost": 0.0,
                                            "Total Cost": 12201.28,
                                            "Plan Rows": 581980,
                                            "Plan Width": 0,
                                            "Actual Startup Time": 34.253,
                                            "Actual Total Time": 34.254,
                                            "Actual Rows": 577218,
                                            "Actual Loops": 1,
                                            "Index Cond": "(mk.keyword_id > 31788)"
                                        }
                                    ]
                                }
                            ]
                        }
                    ]
                }
            ]
        },
        "Planning Time": 176.63,
        "Triggers": [],
        "Execution Time": 125.886
    }
]