[
  {
    "Plan": {
      "Node Type": "Aggregate",
      "Strategy": "Plain",
      "Partial Mode": "Finalize",
      "Parallel Aware": false,
      "Startup Cost": 335813.95,
      "Total Cost": 335813.96,
      "Plan Rows": 1,
      "Plan Width": 8,
      "Actual Startup Time": 889.853,
      "Actual Total Time": 971.709,
      "Actual Rows": 1,
      "Actual Loops": 1,
      "Plans": [
        {
          "Node Type": "Gather",
          "Parent Relationship": "Outer",
          "Parallel Aware": false,
          "Startup Cost": 335813.33,
          "Total Cost": 335813.93,
          "Plan Rows": 6,
          "Plan Width": 8,
          "Actual Startup Time": 889.717,
          "Actual Total Time": 971.698,
          "Actual Rows": 7,
          "Actual Loops": 1,
          "Workers Planned": 6,
          "Workers Launched": 6,
          "Single Copy": false,
          "Plans": [
            {
              "Node Type": "Aggregate",
              "Strategy": "Plain",
              "Partial Mode": "Partial",
              "Parent Relationship": "Outer",
              "Parallel Aware": false,
              "Startup Cost": 334813.33,
              "Total Cost": 334813.34,
              "Plan Rows": 1,
              "Plan Width": 8,
              "Actual Startup Time": 880.43,
              "Actual Total Time": 880.431,
              "Actual Rows": 1,
              "Actual Loops": 7,
              "Plans": [
                {
                  "Node Type": "Seq Scan",
                  "Parent Relationship": "Outer",
                  "Parallel Aware": true,
                  "Relation Name": "cast_info",
                  "Alias": "ci",
                  "Startup Cost": 0.0,
                  "Total Cost": 328162.03,
                  "Plan Rows": 2660520,
                  "Plan Width": 0,
                  "Actual Startup Time": 0.047,
                  "Actual Total Time": 745.584,
                  "Actual Rows": 2279667,
                  "Actual Loops": 7,
                  "Filter": "(person_id < 1577802)",
                  "Rows Removed by Filter": 2898097
                }
              ]
            }
          ]
        }
      ]
    },
    "Planning Time": 0.221,
    "Triggers": [],
    "Execution Time": 971.783
  }
]