[
  {
    "Plan": {
      "Node Type": "Aggregate",
      "Strategy": "Plain",
      "Partial Mode": "Simple",
      "Parallel Aware": false,
      "Startup Cost": 339867.41,
      "Total Cost": 339867.42,
      "Plan Rows": 1,
      "Plan Width": 64,
      "Actual Startup Time": 1492.626,
      "Actual Total Time": 1555.95,
      "Actual Rows": 1,
      "Actual Loops": 1,
      "Plans": [
        {
          "Node Type": "Gather",
          "Parent Relationship": "Outer",
          "Parallel Aware": false,
          "Startup Cost": 110693.93,
          "Total Cost": 339867.4,
          "Plan Rows": 1,
          "Plan Width": 23,
          "Actual Startup Time": 1492.086,
          "Actual Total Time": 1555.901,
          "Actual Rows": 1,
          "Actual Loops": 1,
          "Workers Planned": 5,
          "Workers Launched": 5,
          "Single Copy": false,
          "Plans": [
            {
              "Node Type": "Hash Join",
              "Parent Relationship": "Outer",
              "Parallel Aware": true,
              "Join Type": "Inner",
              "Startup Cost": 109693.93,
              "Total Cost": 338867.3,
              "Plan Rows": 1,
              "Plan Width": 23,
              "Actual Startup Time": 1456.291,
              "Actual Total Time": 1478.465,
              "Actual Rows": 0,
              "Actual Loops": 6,
              "Inner Unique": false,
              "Hash Cond": "(mi.movie_id = t.id)",
              "Plans": [
                {
                  "Node Type": "Hash Join",
                  "Parent Relationship": "Outer",
                  "Parallel Aware": false,
                  "Join Type": "Inner",
                  "Startup Cost": 2.43,
                  "Total Cost": 229171.02,
                  "Plan Rows": 1271,
                  "Plan Width": 4,
                  "Actual Startup Time": 833.234,
                  "Actual Total Time": 1021.697,
                  "Actual Rows": 102375,
                  "Actual Loops": 6,
                  "Inner Unique": true,
                  "Hash Cond": "(mi.info_type_id = it1.id)",
                  "Plans": [
                    {
                      "Node Type": "Seq Scan",
                      "Parent Relationship": "Outer",
                      "Parallel Aware": true,
                      "Relation Name": "movie_info",
                      "Alias": "mi",
                      "Startup Cost": 0.0,
                      "Total Cost": 228777.37,
                      "Plan Rows": 143651,
                      "Plan Width": 8,
                      "Actual Startup Time": 0.368,
                      "Actual Total Time": 1005.857,
                      "Actual Rows": 117779,
                      "Actual Loops": 6,
                      "Filter": "(info = ANY ('{Sweden,Norway,Germany,Denmark,Swedish,Denish,Norwegian,German,USA,American}'::text[]))",
                      "Rows Removed by Filter": 2354841
                    },
                    {
                      "Node Type": "Hash",
                      "Parent Relationship": "Inner",
                      "Parallel Aware": false,
                      "Startup Cost": 2.41,
                      "Total Cost": 2.41,
                      "Plan Rows": 1,
                      "Plan Width": 4,
                      "Actual Startup Time": 0.034,
                      "Actual Total Time": 0.035,
                      "Actual Rows": 1,
                      "Actual Loops": 6,
                      "Hash Buckets": 1024,
                      "Original Hash Buckets": 1024,
                      "Hash Batches": 1,
                      "Original Hash Batches": 1,
                      "Peak Memory Usage": 9,
                      "Plans": [
                        {
                          "Node Type": "Seq Scan",
                          "Parent Relationship": "Outer",
                          "Parallel Aware": false,
                          "Relation Name": "info_type",
                          "Alias": "it1",
                          "Startup Cost": 0.0,
                          "Total Cost": 2.41,
                          "Plan Rows": 1,
                          "Plan Width": 4,
                          "Actual Startup Time": 0.015,
                          "Actual Total Time": 0.021,
                          "Actual Rows": 1,
                          "Actual Loops": 6,
                          "Filter": "((info)::text = 'countries'::text)",
                          "Rows Removed by Filter": 112
                        }
                      ]
                    }
                  ]
                },
                {
                  "Node Type": "Hash",
                  "Parent Relationship": "Inner",
                  "Parallel Aware": true,
                  "Startup Cost": 109691.49,
                  "Total Cost": 109691.49,
                  "Plan Rows": 1,
                  "Plan Width": 35,
                  "Actual Startup Time": 449.035,
                  "Actual Total Time": 449.104,
                  "Actual Rows": 0,
                  "Actual Loops": 6,
                  "Hash Buckets": 1024,
                  "Original Hash Buckets": 1024,
                  "Hash Batches": 1,
                  "Original Hash Batches": 1,
                  "Peak Memory Usage": 40,
                  "Plans": [
                    {
                      "Node Type": "Hash Join",
                      "Parent Relationship": "Outer",
                      "Parallel Aware": true,
                      "Join Type": "Inner",
                      "Startup Cost": 66813.21,
                      "Total Cost": 109691.49,
                      "Plan Rows": 1,
                      "Plan Width": 35,
                      "Actual Startup Time": 438.273,
                      "Actual Total Time": 448.944,
                      "Actual Rows": 0,
                      "Actual Loops": 6,
                      "Inner Unique": false,
                      "Hash Cond": "(mk.movie_id = t.id)",
                      "Plans": [
                        {
                          "Node Type": "Hash Join",
                          "Parent Relationship": "Outer",
                          "Parallel Aware": false,
                          "Join Type": "Inner",
                          "Startup Cost": 2626.15,
                          "Total Cost": 45504.34,
                          "Plan Rows": 22,
                          "Plan Width": 4,
                          "Actual Startup Time": 25.019,
                          "Actual Total Time": 207.167,
                          "Actual Rows": 3255,
                          "Actual Loops": 6,
                          "Inner Unique": true,
                          "Hash Cond": "(mk.keyword_id = k.id)",
                          "Plans": [
                            {
                              "Node Type": "Seq Scan",
                              "Parent Relationship": "Outer",
                              "Parallel Aware": true,
                              "Relation Name": "movie_keyword",
                              "Alias": "mk",
                              "Startup Cost": 0.0,
                              "Total Cost": 39047.32,
                              "Plan Rows": 1459332,
                              "Plan Width": 8,
                              "Actual Startup Time": 0.054,
                              "Actual Total Time": 124.864,
                              "Actual Rows": 753988,
                              "Actual Loops": 6
                            },
                            {
                              "Node Type": "Hash",
                              "Parent Relationship": "Inner",
                              "Parallel Aware": false,
                              "Startup Cost": 2626.12,
                              "Total Cost": 2626.12,
                              "Plan Rows": 2,
                              "Plan Width": 4,
                              "Actual Startup Time": 24.654,
                              "Actual Total Time": 24.659,
                              "Actual Rows": 1,
                              "Actual Loops": 6,
                              "Hash Buckets": 1024,
                              "Original Hash Buckets": 1024,
                              "Hash Batches": 1,
                              "Original Hash Batches": 1,
                              "Peak Memory Usage": 9,
                              "Plans": [
                                {
                                  "Node Type": "Seq Scan",
                                  "Parent Relationship": "Outer",
                                  "Parallel Aware": false,
                                  "Relation Name": "keyword",
                                  "Alias": "k",
                                  "Startup Cost": 0.0,
                                  "Total Cost": 2626.12,
                                  "Plan Rows": 2,
                                  "Plan Width": 4,
                                  "Actual Startup Time": 1.428,
                                  "Actual Total Time": 24.647,
                                  "Actual Rows": 1,
                                  "Actual Loops": 6,
                                  "Filter": "(keyword = ANY ('{murder,murder-in-title}'::text[]))",
                                  "Rows Removed by Filter": 134169
                                }
                              ]
                            }
                          ]
                        },
                        {
                          "Node Type": "Hash",
                          "Parent Relationship": "Inner",
                          "Parallel Aware": true,
                          "Startup Cost": 64187.04,
                          "Total Cost": 64187.04,
                          "Plan Rows": 1,
                          "Plan Width": 31,
                          "Actual Startup Time": 240.934,
                          "Actual Total Time": 240.977,
                          "Actual Rows": 1,
                          "Actual Loops": 6,
                          "Hash Buckets": 1024,
                          "Original Hash Buckets": 1024,
                          "Hash Batches": 1,
                          "Original Hash Batches": 1,
                          "Peak Memory Usage": 136,
                          "Plans": [
                            {
                              "Node Type": "Hash Join",
                              "Parent Relationship": "Outer",
                              "Parallel Aware": false,
                              "Join Type": "Inner",
                              "Startup Cost": 48654.42,
                              "Total Cost": 64187.04,
                              "Plan Rows": 1,
                              "Plan Width": 31,
                              "Actual Startup Time": 229.886,
                              "Actual Total Time": 240.765,
                              "Actual Rows": 1,
                              "Actual Loops": 6,
                              "Inner Unique": true,
                              "Hash Cond": "(t.kind_id = kt.id)",
                              "Plans": [
                                {
                                  "Node Type": "Hash Join",
                                  "Parent Relationship": "Outer",
                                  "Parallel Aware": false,
                                  "Join Type": "Inner",
                                  "Startup Cost": 48653.32,
                                  "Total Cost": 64185.94,
                                  "Plan Rows": 2,
                                  "Plan Width": 35,
                                  "Actual Startup Time": 197.029,
                                  "Actual Total Time": 240.566,
                                  "Actual Rows": 8,
                                  "Actual Loops": 6,
                                  "Inner Unique": true,
                                  "Hash Cond": "(mi_idx.info_type_id = it2.id)",
                                  "Plans": [
                                    {
                                      "Node Type": "Hash Join",
                                      "Parent Relationship": "Outer",
                                      "Parallel Aware": true,
                                      "Join Type": "Inner",
                                      "Startup Cost": 48650.9,
                                      "Total Cost": 64182.89,
                                      "Plan Rows": 230,
                                      "Plan Width": 39,
                                      "Actual Startup Time": 196.879,
                                      "Actual Total Time": 240.39,
                                      "Actual Rows": 12,
                                      "Actual Loops": 6,
                                      "Inner Unique": true,
                                      "Hash Cond": "(mi_idx.movie_id = t.id)",
                                      "Plans": [
                                        {
                                          "Node Type": "Seq Scan",
                                          "Parent Relationship": "Outer",
                                          "Parallel Aware": true,
                                          "Relation Name": "movie_info_idx",
                                          "Alias": "mi_idx",
                                          "Startup Cost": 0.0,
                                          "Total Cost": 15122.68,
                                          "Plan Rows": 155927,
                                          "Plan Width": 14,
                                          "Actual Startup Time": 0.029,
                                          "Actual Total Time": 41.999,
                                          "Actual Rows": 62235,
                                          "Actual Loops": 6,
                                          "Filter": "(info > '6.0'::text)",
                                          "Rows Removed by Filter": 167771
                                        },
                                        {
                                          "Node Type": "Hash",
                                          "Parent Relationship": "Inner",
                                          "Parallel Aware": true,
                                          "Startup Cost": 48639.26,
                                          "Total Cost": 48639.26,
                                          "Plan Rows": 931,
                                          "Plan Width": 25,
                                          "Actual Startup Time": 193.713,
                                          "Actual Total Time": 193.717,
                                          "Actual Rows": 76,
                                          "Actual Loops": 6,
                                          "Hash Buckets": 4096,
                                          "Original Hash Buckets": 4096,
                                          "Hash Batches": 1,
                                          "Original Hash Batches": 1,
                                          "Peak Memory Usage": 224,
                                          "Plans": [
                                            {
                                              "Node Type": "Seq Scan",
                                              "Parent Relationship": "Outer",
                                              "Parallel Aware": true,
                                              "Relation Name": "title",
                                              "Alias": "t",
                                              "Startup Cost": 0.0,
                                              "Total Cost": 48639.26,
                                              "Plan Rows": 931,
                                              "Plan Width": 25,
                                              "Actual Startup Time": 2.9,
                                              "Actual Total Time": 193.505,
                                              "Actual Rows": 76,
                                              "Actual Loops": 6,
                                              "Filter": "((production_year > 2010) AND ((title ~~ '%murder%'::text) OR (title ~~ '%Murder%'::text) OR (title ~~ '%Mord%'::text)))",
                                              "Rows Removed by Filter": 421310
                                            }
                                          ]
                                        }
                                      ]
                                    },
                                    {
                                      "Node Type": "Hash",
                                      "Parent Relationship": "Inner",
                                      "Parallel Aware": false,
                                      "Startup Cost": 2.41,
                                      "Total Cost": 2.41,
                                      "Plan Rows": 1,
                                      "Plan Width": 4,
                                      "Actual Startup Time": 0.08,
                                      "Actual Total Time": 0.094,
                                      "Actual Rows": 1,
                                      "Actual Loops": 6,
                                      "Hash Buckets": 1024,
                                      "Original Hash Buckets": 1024,
                                      "Hash Batches": 1,
                                      "Original Hash Batches": 1,
                                      "Peak Memory Usage": 9,
                                      "Plans": [
                                        {
                                          "Node Type": "Seq Scan",
                                          "Parent Relationship": "Outer",
                                          "Parallel Aware": false,
                                          "Relation Name": "info_type",
                                          "Alias": "it2",
                                          "Startup Cost": 0.0,
                                          "Total Cost": 2.41,
                                          "Plan Rows": 1,
                                          "Plan Width": 4,
                                          "Actual Startup Time": 0.064,
                                          "Actual Total Time": 0.069,
                                          "Actual Rows": 1,
                                          "Actual Loops": 6,
                                          "Filter": "((info)::text = 'rating'::text)",
                                          "Rows Removed by Filter": 112
                                        }
                                      ]
                                    }
                                  ]
                                },
                                {
                                  "Node Type": "Hash",
                                  "Parent Relationship": "Inner",
                                  "Parallel Aware": false,
                                  "Startup Cost": 1.09,
                                  "Total Cost": 1.09,
                                  "Plan Rows": 1,
                                  "Plan Width": 4,
                                  "Actual Startup Time": 0.111,
                                  "Actual Total Time": 0.118,
                                  "Actual Rows": 1,
                                  "Actual Loops": 6,
                                  "Hash Buckets": 1024,
                                  "Original Hash Buckets": 1024,
                                  "Hash Batches": 1,
                                  "Original Hash Batches": 1,
                                  "Peak Memory Usage": 9,
                                  "Plans": [
                                    {
                                      "Node Type": "Seq Scan",
                                      "Parent Relationship": "Outer",
                                      "Parallel Aware": false,
                                      "Relation Name": "kind_type",
                                      "Alias": "kt",
                                      "Startup Cost": 0.0,
                                      "Total Cost": 1.09,
                                      "Plan Rows": 1,
                                      "Plan Width": 4,
                                      "Actual Startup Time": 0.085,
                                      "Actual Total Time": 0.092,
                                      "Actual Rows": 1,
                                      "Actual Loops": 6,
                                      "Filter": "((kind)::text = 'movie'::text)",
                                      "Rows Removed by Filter": 6
                                    }
                                  ]
                                }
                              ]
                            }
                          ]
                        }
                      ]
                    }
                  ]
                }
              ]
            }
          ]
        }
      ]
    },
    "Planning Time": 12.976,
    "Triggers": [],
    "Execution Time": 1556.724
  }
]