[
  {
    "Plan": {
      "Node Type": "Aggregate",
      "Strategy": "Plain",
      "Partial Mode": "Finalize",
      "Parallel Aware": false,
      "Startup Cost": 111070.76,
      "Total Cost": 111070.77,
      "Plan Rows": 1,
      "Plan Width": 8,
      "Actual Startup Time": 906.995,
      "Actual Total Time": 929.716,
      "Actual Rows": 1,
      "Actual Loops": 1,
      "Plans": [
        {
          "Node Type": "Gather",
          "Parent Relationship": "Outer",
          "Parallel Aware": false,
          "Startup Cost": 111070.54,
          "Total Cost": 111070.75,
          "Plan Rows": 2,
          "Plan Width": 8,
          "Actual Startup Time": 896.894,
          "Actual Total Time": 929.708,
          "Actual Rows": 3,
          "Actual Loops": 1,
          "Workers Planned": 2,
          "Workers Launched": 2,
          "Single Copy": false,
          "Plans": [
            {
              "Node Type": "Aggregate",
              "Strategy": "Plain",
              "Partial Mode": "Partial",
              "Parent Relationship": "Outer",
              "Parallel Aware": false,
              "Startup Cost": 110070.54,
              "Total Cost": 110070.55,
              "Plan Rows": 1,
              "Plan Width": 8,
              "Actual Startup Time": 887.723,
              "Actual Total Time": 887.73,
              "Actual Rows": 1,
              "Actual Loops": 3,
              "Plans": [
                {
                  "Node Type": "Hash Join",
                  "Parent Relationship": "Outer",
                  "Parallel Aware": true,
                  "Join Type": "Inner",
                  "Startup Cost": 93418.78,
                  "Total Cost": 109716.75,
                  "Plan Rows": 141519,
                  "Plan Width": 0,
                  "Actual Startup Time": 733.133,
                  "Actual Total Time": 865.342,
                  "Actual Rows": 485202,
                  "Actual Loops": 3,
                  "Inner Unique": false,
                  "Hash Cond": "(mi_idx.movie_id = t.id)",
                  "Plans": [
                    {
                      "Node Type": "Seq Scan",
                      "Parent Relationship": "Outer",
                      "Parallel Aware": true,
                      "Relation Name": "movie_info_idx",
                      "Alias": "mi_idx",
                      "Startup Cost": 0.0,
                      "Total Cost": 13685.15,
                      "Plan Rows": 575015,
                      "Plan Width": 4,
                      "Actual Startup Time": 0.017,
                      "Actual Total Time": 41.238,
                      "Actual Rows": 460012,
                      "Actual Loops": 3
                    },
                    {
                      "Node Type": "Hash",
                      "Parent Relationship": "Inner",
                      "Parallel Aware": true,
                      "Startup Cost": 90909.6,
                      "Total Cost": 90909.6,
                      "Plan Rows": 200735,
                      "Plan Width": 8,
                      "Actual Startup Time": 718.764,
                      "Actual Total Time": 718.769,
                      "Actual Rows": 206797,
                      "Actual Loops": 3,
                      "Hash Buckets": 1048576,
                      "Original Hash Buckets": 1048576,
                      "Hash Batches": 1,
                      "Original Hash Batches": 1,
                      "Peak Memory Usage": 32512,
                      "Plans": [
                        {
                          "Node Type": "Hash Join",
                          "Parent Relationship": "Outer",
                          "Parallel Aware": true,
                          "Join Type": "Inner",
                          "Startup Cost": 63419.48,
                          "Total Cost": 90909.6,
                          "Plan Rows": 200735,
                          "Plan Width": 8,
                          "Actual Startup Time": 508.543,
                          "Actual Total Time": 649.889,
                          "Actual Rows": 206797,
                          "Actual Loops": 3,
                          "Inner Unique": true,
                          "Hash Cond": "(mk.movie_id = t.id)",
                          "Plans": [
                            {
                              "Node Type": "Bitmap Heap Scan",
                              "Parent Relationship": "Outer",
                              "Parallel Aware": true,
                              "Relation Name": "movie_keyword",
                              "Alias": "mk",
                              "Startup Cost": 13199.09,
                              "Total Cost": 40162.28,
                              "Plan Rows": 200735,
                              "Plan Width": 4,
                              "Actual Startup Time": 61.862,
                              "Actual Total Time": 132.607,
                              "Actual Rows": 206797,
                              "Actual Loops": 3,
                              "Recheck Cond": "(keyword_id > 29401)",
                              "Rows Removed by Index Recheck": 0,
                              "Exact Heap Blocks": 9180,
                              "Lossy Heap Blocks": 0,
                              "Plans": [
                                {
                                  "Node Type": "Bitmap Index Scan",
                                  "Parent Relationship": "Outer",
                                  "Parallel Aware": false,
                                  "Index Name": "keyword_id_movie_keyword",
                                  "Startup Cost": 0.0,
                                  "Total Cost": 13043.52,
                                  "Plan Rows": 622279,
                                  "Plan Width": 0,
                                  "Actual Startup Time": 56.492,
                                  "Actual Total Time": 56.493,
                                  "Actual Rows": 620392,
                                  "Actual Loops": 1,
                                  "Index Cond": "(keyword_id > 29401)"
                                }
                              ]
                            },
                            {
                              "Node Type": "Hash",
                              "Parent Relationship": "Inner",
                              "Parallel Aware": true,
                              "Startup Cost": 42319.06,
                              "Total Cost": 42319.06,
                              "Plan Rows": 632106,
                              "Plan Width": 4,
                              "Actual Startup Time": 436.203,
                              "Actual Total Time": 436.204,
                              "Actual Rows": 842771,
                              "Actual Loops": 3,
                              "Hash Buckets": 4194304,
                              "Original Hash Buckets": 4194304,
                              "Hash Batches": 1,
                              "Original Hash Batches": 1,
                              "Peak Memory Usage": 131744,
                              "Plans": [
                                {
                                  "Node Type": "Seq Scan",
                                  "Parent Relationship": "Outer",
                                  "Parallel Aware": true,
                                  "Relation Name": "title",
                                  "Alias": "t",
                                  "Startup Cost": 0.0,
                                  "Total Cost": 42319.06,
                                  "Plan Rows": 632106,
                                  "Plan Width": 4,
                                  "Actual Startup Time": 0.051,
                                  "Actual Total Time": 126.656,
                                  "Actual Rows": 842771,
                                  "Actual Loops": 3
                                }
                              ]
                            }
                          ]
                        }
                      ]
                    }
                  ]
                }
              ]
            }
          ]
        }
      ]
    },
    "Planning Time": 1.343,
    "Triggers": [],
    "Execution Time": 929.819
  }
]