[
  {
    "Plan": {
      "Node Type": "Aggregate",
      "Strategy": "Plain",
      "Partial Mode": "Finalize",
      "Parallel Aware": false,
      "Startup Cost": 45316.34,
      "Total Cost": 45316.35,
      "Plan Rows": 1,
      "Plan Width": 8,
      "Actual Startup Time": 143.671,
      "Actual Total Time": 153.36,
      "Actual Rows": 1,
      "Actual Loops": 1,
      "Plans": [
        {
          "Node Type": "Gather",
          "Parent Relationship": "Outer",
          "Parallel Aware": false,
          "Startup Cost": 45316.02,
          "Total Cost": 45316.33,
          "Plan Rows": 3,
          "Plan Width": 8,
          "Actual Startup Time": 143.561,
          "Actual Total Time": 153.352,
          "Actual Rows": 4,
          "Actual Loops": 1,
          "Workers Planned": 3,
          "Workers Launched": 3,
          "Single Copy": false,
          "Plans": [
            {
              "Node Type": "Aggregate",
              "Strategy": "Plain",
              "Partial Mode": "Partial",
              "Parent Relationship": "Outer",
              "Parallel Aware": false,
              "Startup Cost": 44316.02,
              "Total Cost": 44316.03,
              "Plan Rows": 1,
              "Plan Width": 8,
              "Actual Startup Time": 136.242,
              "Actual Total Time": 136.243,
              "Actual Rows": 1,
              "Actual Loops": 4,
              "Plans": [
                {
                  "Node Type": "Seq Scan",
                  "Parent Relationship": "Outer",
                  "Parallel Aware": true,
                  "Relation Name": "movie_keyword",
                  "Alias": "mk",
                  "Startup Cost": 0.0,
                  "Total Cost": 42695.65,
                  "Plan Rows": 648147,
                  "Plan Width": 0,
                  "Actual Startup Time": 0.06,
                  "Actual Total Time": 112.431,
                  "Actual Rows": 504391,
                  "Actual Loops": 4,
                  "Filter": "(keyword_id < 3609)",
                  "Rows Removed by Filter": 626591
                }
              ]
            }
          ]
        }
      ]
    },
    "Planning Time": 0.226,
    "Triggers": [],
    "Execution Time": 153.415
  }
]