[
  {
    "Plan": {
      "Node Type": "Aggregate",
      "Strategy": "Plain",
      "Partial Mode": "Finalize",
      "Parallel Aware": false,
      "Startup Cost": 44504.38,
      "Total Cost": 44504.39,
      "Plan Rows": 1,
      "Plan Width": 8,
      "Actual Startup Time": 115.382,
      "Actual Total Time": 124.457,
      "Actual Rows": 1,
      "Actual Loops": 1,
      "Plans": [
        {
          "Node Type": "Gather",
          "Parent Relationship": "Outer",
          "Parallel Aware": false,
          "Startup Cost": 44504.06,
          "Total Cost": 44504.37,
          "Plan Rows": 3,
          "Plan Width": 8,
          "Actual Startup Time": 115.203,
          "Actual Total Time": 124.449,
          "Actual Rows": 4,
          "Actual Loops": 1,
          "Workers Planned": 3,
          "Workers Launched": 3,
          "Single Copy": false,
          "Plans": [
            {
              "Node Type": "Aggregate",
              "Strategy": "Plain",
              "Partial Mode": "Partial",
              "Parent Relationship": "Outer",
              "Parallel Aware": false,
              "Startup Cost": 43504.06,
              "Total Cost": 43504.07,
              "Plan Rows": 1,
              "Plan Width": 8,
              "Actual Startup Time": 109.875,
              "Actual Total Time": 109.877,
              "Actual Rows": 1,
              "Actual Loops": 4,
              "Plans": [
                {
                  "Node Type": "Seq Scan",
                  "Parent Relationship": "Outer",
                  "Parallel Aware": true,
                  "Relation Name": "movie_keyword",
                  "Alias": "mk",
                  "Startup Cost": 0.0,
                  "Total Cost": 42695.65,
                  "Plan Rows": 323364,
                  "Plan Width": 0,
                  "Actual Startup Time": 0.965,
                  "Actual Total Time": 98.14,
                  "Actual Rows": 251212,
                  "Actual Loops": 4,
                  "Filter": "(keyword_id > 18357)",
                  "Rows Removed by Filter": 879770
                }
              ]
            }
          ]
        }
      ]
    },
    "Planning Time": 0.185,
    "Triggers": [],
    "Execution Time": 124.511
  }
]