[
  {
    "Plan": {
      "Node Type": "Aggregate",
      "Strategy": "Plain",
      "Partial Mode": "Finalize",
      "Parallel Aware": false,
      "Startup Cost": 79569.95,
      "Total Cost": 79569.96,
      "Plan Rows": 1,
      "Plan Width": 8,
      "Actual Startup Time": 240.573,
      "Actual Total Time": 262.287,
      "Actual Rows": 1,
      "Actual Loops": 1,
      "Plans": [
        {
          "Node Type": "Gather",
          "Parent Relationship": "Outer",
          "Parallel Aware": false,
          "Startup Cost": 79569.63,
          "Total Cost": 79569.94,
          "Plan Rows": 3,
          "Plan Width": 8,
          "Actual Startup Time": 238.447,
          "Actual Total Time": 262.281,
          "Actual Rows": 4,
          "Actual Loops": 1,
          "Workers Planned": 3,
          "Workers Launched": 3,
          "Single Copy": false,
          "Plans": [
            {
              "Node Type": "Aggregate",
              "Strategy": "Plain",
              "Partial Mode": "Partial",
              "Parent Relationship": "Outer",
              "Parallel Aware": false,
              "Startup Cost": 78569.63,
              "Total Cost": 78569.64,
              "Plan Rows": 1,
              "Plan Width": 8,
              "Actual Startup Time": 231.63,
              "Actual Total Time": 231.637,
              "Actual Rows": 1,
              "Actual Loops": 4,
              "Plans": [
                {
                  "Node Type": "Nested Loop",
                  "Parent Relationship": "Outer",
                  "Parallel Aware": false,
                  "Join Type": "Inner",
                  "Startup Cost": 46826.96,
                  "Total Cost": 78526.05,
                  "Plan Rows": 17432,
                  "Plan Width": 0,
                  "Actual Startup Time": 155.241,
                  "Actual Total Time": 229.53,
                  "Actual Rows": 35882,
                  "Actual Loops": 4,
                  "Inner Unique": false,
                  "Plans": [
                    {
                      "Node Type": "Hash Join",
                      "Parent Relationship": "Outer",
                      "Parallel Aware": true,
                      "Join Type": "Inner",
                      "Startup Cost": 46826.52,
                      "Total Cost": 65901.32,
                      "Plan Rows": 3952,
                      "Plan Width": 8,
                      "Actual Startup Time": 155.144,
                      "Actual Total Time": 166.916,
                      "Actual Rows": 3628,
                      "Actual Loops": 4,
                      "Inner Unique": true,
                      "Hash Cond": "(mc.movie_id = t.id)",
                      "Plans": [
                        {
                          "Node Type": "Bitmap Heap Scan",
                          "Parent Relationship": "Outer",
                          "Parallel Aware": true,
                          "Relation Name": "movie_companies",
                          "Alias": "mc",
                          "Startup Cost": 1268.81,
                          "Total Cost": 20294.18,
                          "Plan Rows": 18830,
                          "Plan Width": 4,
                          "Actual Startup Time": 2.32,
                          "Actual Total Time": 7.058,
                          "Actual Rows": 14395,
                          "Actual Loops": 4,
                          "Recheck Cond": "(company_id > 185599)",
                          "Rows Removed by Index Recheck": 0,
                          "Exact Heap Blocks": 864,
                          "Lossy Heap Blocks": 0,
                          "Plans": [
                            {
                              "Node Type": "Bitmap Index Scan",
                              "Parent Relationship": "Outer",
                              "Parallel Aware": false,
                              "Index Name": "company_id_movie_companies",
                              "Startup Cost": 0.0,
                              "Total Cost": 1254.22,
                              "Plan Rows": 58372,
                              "Plan Width": 0,
                              "Actual Startup Time": 2.054,
                              "Actual Total Time": 2.054,
                              "Actual Rows": 57579,
                              "Actual Loops": 1,
                              "Index Cond": "(company_id > 185599)"
                            }
                          ]
                        },
                        {
                          "Node Type": "Hash",
                          "Parent Relationship": "Inner",
                          "Parallel Aware": true,
                          "Startup Cost": 43899.32,
                          "Total Cost": 43899.32,
                          "Plan Rows": 132671,
                          "Plan Width": 4,
                          "Actual Startup Time": 149.554,
                          "Actual Total Time": 149.555,
                          "Actual Rows": 133342,
                          "Actual Loops": 4,
                          "Hash Buckets": 1048576,
                          "Original Hash Buckets": 1048576,
                          "Hash Batches": 1,
                          "Original Hash Batches": 1,
                          "Peak Memory Usage": 29088,
                          "Plans": [
                            {
                              "Node Type": "Seq Scan",
                              "Parent Relationship": "Outer",
                              "Parallel Aware": true,
                              "Relation Name": "title",
                              "Alias": "t",
                              "Startup Cost": 0.0,
                              "Total Cost": 43899.32,
                              "Plan Rows": 132671,
                              "Plan Width": 4,
                              "Actual Startup Time": 0.039,
                              "Actual Total Time": 99.184,
                              "Actual Rows": 133342,
                              "Actual Loops": 4,
                              "Filter": "(production_year > 2009)",
                              "Rows Removed by Filter": 498736
                            }
                          ]
                        }
                      ]
                    },
                    {
                      "Node Type": "Index Scan",
                      "Parent Relationship": "Inner",
                      "Parallel Aware": false,
                      "Scan Direction": "Forward",
                      "Index Name": "movie_id_movie_info",
                      "Relation Name": "movie_info",
                      "Alias": "mi",
                      "Startup Cost": 0.43,
                      "Total Cost": 2.88,
                      "Plan Rows": 31,
                      "Plan Width": 4,
                      "Actual Startup Time": 0.005,
                      "Actual Total Time": 0.016,
                      "Actual Rows": 10,
                      "Actual Loops": 14510,
                      "Index Cond": "(movie_id = t.id)",
                      "Rows Removed by Index Recheck": 0,
                      "Filter": "(info_type_id > 3)",
                      "Rows Removed by Filter": 4
                    }
                  ]
                }
              ]
            }
          ]
        }
      ]
    },
    "Planning Time": 0.677,
    "Triggers": [],
    "Execution Time": 262.364
  }
]