[
  {
    "Plan": {
      "Node Type": "Aggregate",
      "Strategy": "Plain",
      "Partial Mode": "Finalize",
      "Parallel Aware": false,
      "Startup Cost": 249135.71,
      "Total Cost": 249135.72,
      "Plan Rows": 1,
      "Plan Width": 8,
      "Actual Startup Time": 922.611,
      "Actual Total Time": 966.522,
      "Actual Rows": 1,
      "Actual Loops": 1,
      "Plans": [
        {
          "Node Type": "Gather",
          "Parent Relationship": "Outer",
          "Parallel Aware": false,
          "Startup Cost": 249135.19,
          "Total Cost": 249135.7,
          "Plan Rows": 5,
          "Plan Width": 8,
          "Actual Startup Time": 918.431,
          "Actual Total Time": 966.511,
          "Actual Rows": 6,
          "Actual Loops": 1,
          "Workers Planned": 5,
          "Workers Launched": 5,
          "Single Copy": false,
          "Plans": [
            {
              "Node Type": "Aggregate",
              "Strategy": "Plain",
              "Partial Mode": "Partial",
              "Parent Relationship": "Outer",
              "Parallel Aware": false,
              "Startup Cost": 248135.19,
              "Total Cost": 248135.2,
              "Plan Rows": 1,
              "Plan Width": 8,
              "Actual Startup Time": 909.125,
              "Actual Total Time": 909.128,
              "Actual Rows": 1,
              "Actual Loops": 6,
              "Plans": [
                {
                  "Node Type": "Hash Join",
                  "Parent Relationship": "Outer",
                  "Parallel Aware": true,
                  "Join Type": "Inner",
                  "Startup Cost": 47201.76,
                  "Total Cost": 246523.53,
                  "Plan Rows": 644666,
                  "Plan Width": 0,
                  "Actual Startup Time": 132.718,
                  "Actual Total Time": 867.225,
                  "Actual Rows": 930469,
                  "Actual Loops": 6,
                  "Inner Unique": true,
                  "Hash Cond": "(mi.movie_id = t.id)",
                  "Plans": [
                    {
                      "Node Type": "Seq Scan",
                      "Parent Relationship": "Outer",
                      "Parallel Aware": true,
                      "Relation Name": "movie_info",
                      "Alias": "mi",
                      "Startup Cost": 0.0,
                      "Total Cost": 191560.33,
                      "Plan Rows": 2956733,
                      "Plan Width": 4,
                      "Actual Startup Time": 0.025,
                      "Actual Total Time": 297.478,
                      "Actual Rows": 2472620,
                      "Actual Loops": 6
                    },
                    {
                      "Node Type": "Hash",
                      "Parent Relationship": "Inner",
                      "Parallel Aware": true,
                      "Startup Cost": 45479.1,
                      "Total Cost": 45479.1,
                      "Plan Rows": 137813,
                      "Plan Width": 4,
                      "Actual Startup Time": 117.662,
                      "Actual Total Time": 117.663,
                      "Actual Rows": 71642,
                      "Actual Loops": 6,
                      "Hash Buckets": 1048576,
                      "Original Hash Buckets": 1048576,
                      "Hash Batches": 1,
                      "Original Hash Batches": 1,
                      "Peak Memory Usage": 25088,
                      "Plans": [
                        {
                          "Node Type": "Seq Scan",
                          "Parent Relationship": "Outer",
                          "Parallel Aware": true,
                          "Relation Name": "title",
                          "Alias": "t",
                          "Startup Cost": 0.0,
                          "Total Cost": 45479.1,
                          "Plan Rows": 137813,
                          "Plan Width": 4,
                          "Actual Startup Time": 46.3,
                          "Actual Total Time": 86.005,
                          "Actual Rows": 71642,
                          "Actual Loops": 6,
                          "Filter": "((production_year > 1969) AND (kind_id = 1))",
                          "Rows Removed by Filter": 349743
                        }
                      ]
                    }
                  ]
                }
              ]
            }
          ]
        }
      ]
    },
    "Planning Time": 0.644,
    "Triggers": [],
    "Execution Time": 966.603
  }
]