[
    {
        "Bao": {
            "Bao prediction": "NaN",
            "Bao recommended hint": "(no hint)"
        }
    },
    {
        "Plan": {
            "Node Type": "Aggregate",
            "Strategy": "Plain",
            "Partial Mode": "Finalize",
            "Parallel Aware": false,
            "Startup Cost": 222053.86,
            "Total Cost": 222053.87,
            "Plan Rows": 1,
            "Plan Width": 8,
            "Actual Startup Time": 160.213,
            "Actual Total Time": 168.143,
            "Actual Rows": 1,
            "Actual Loops": 1,
            "Output": [
                "count(*)"
            ],
            "Plans": [
                {
                    "Node Type": "Gather",
                    "Parent Relationship": "Outer",
                    "Parallel Aware": false,
                    "Startup Cost": 222053.34,
                    "Total Cost": 222053.85,
                    "Plan Rows": 5,
                    "Plan Width": 8,
                    "Actual Startup Time": 158.666,
                    "Actual Total Time": 168.129,
                    "Actual Rows": 6,
                    "Actual Loops": 1,
                    "Output": [
                        "(PARTIAL count(*))"
                    ],
                    "Workers Planned": 5,
                    "Workers Launched": 5,
                    "Single Copy": false,
                    "Plans": [
                        {
                            "Node Type": "Aggregate",
                            "Strategy": "Plain",
                            "Partial Mode": "Partial",
                            "Parent Relationship": "Outer",
                            "Parallel Aware": false,
                            "Startup Cost": 221053.34,
                            "Total Cost": 221053.35,
                            "Plan Rows": 1,
                            "Plan Width": 8,
                            "Actual Startup Time": 148.494,
                            "Actual Total Time": 148.497,
                            "Actual Rows": 1,
                            "Actual Loops": 6,
                            "Output": [
                                "PARTIAL count(*)"
                            ],
                            "Workers": [
                                {
                                    "Worker Number": 0,
                                    "Actual Startup Time": 146.019,
                                    "Actual Total Time": 146.021,
                                    "Actual Rows": 1,
                                    "Actual Loops": 1
                                },
                                {
                                    "Worker Number": 1,
                                    "Actual Startup Time": 146.256,
                                    "Actual Total Time": 146.259,
                                    "Actual Rows": 1,
                                    "Actual Loops": 1
                                },
                                {
                                    "Worker Number": 2,
                                    "Actual Startup Time": 146.591,
                                    "Actual Total Time": 146.593,
                                    "Actual Rows": 1,
                                    "Actual Loops": 1
                                },
                                {
                                    "Worker Number": 3,
                                    "Actual Startup Time": 146.712,
                                    "Actual Total Time": 146.714,
                                    "Actual Rows": 1,
                                    "Actual Loops": 1
                                },
                                {
                                    "Worker Number": 4,
                                    "Actual Startup Time": 147.114,
                                    "Actual Total Time": 147.117,
                                    "Actual Rows": 1,
                                    "Actual Loops": 1
                                }
                            ],
                            "Plans": [
                                {
                                    "Node Type": "Hash Join",
                                    "Parent Relationship": "Outer",
                                    "Parallel Aware": true,
                                    "Join Type": "Inner",
                                    "Startup Cost": 56947.39,
                                    "Total Cost": 221030.75,
                                    "Plan Rows": 9034,
                                    "Plan Width": 0,
                                    "Actual Startup Time": 108.583,
                                    "Actual Total Time": 148.093,
                                    "Actual Rows": 5238,
                                    "Actual Loops": 6,
                                    "Inner Unique": true,
                                    "Hash Cond": "(mi.movie_id = t.id)",
                                    "Workers": [
                                        {
                                            "Worker Number": 0,
                                            "Actual Startup Time": 106.369,
                                            "Actual Total Time": 145.592,
                                            "Actual Rows": 4722,
                                            "Actual Loops": 1
                                        },
                                        {
                                            "Worker Number": 1,
                                            "Actual Startup Time": 106.403,
                                            "Actual Total Time": 145.829,
                                            "Actual Rows": 5031,
                                            "Actual Loops": 1
                                        },
                                        {
                                            "Worker Number": 2,
                                            "Actual Startup Time": 106.456,
                                            "Actual Total Time": 146.187,
                                            "Actual Rows": 7022,
                                            "Actual Loops": 1
                                        },
                                        {
                                            "Worker Number": 3,
                                            "Actual Startup Time": 106.955,
                                            "Actual Total Time": 146.293,
                                            "Actual Rows": 4884,
                                            "Actual Loops": 1
                                        },
                                        {
                                            "Worker Number": 4,
                                            "Actual Startup Time": 106.992,
                                            "Actual Total Time": 146.743,
                                            "Actual Rows": 4146,
                                            "Actual Loops": 1
                                        }
                                    ],
                                    "Plans": [
                                        {
                                            "Node Type": "Bitmap Heap Scan",
                                            "Parent Relationship": "Outer",
                                            "Parallel Aware": true,
                                            "Relation Name": "movie_info",
                                            "Schema": "public",
                                            "Alias": "mi",
                                            "Startup Cost": 12531.92,
                                            "Total Cost": 176252.49,
                                            "Plan Rows": 138206,
                                            "Plan Width": 4,
                                            "Actual Startup Time": 28.192,
                                            "Actual Total Time": 48.274,
                                            "Actual Rows": 110154,
                                            "Actual Loops": 6,
                                            "Output": [
                                                "mi.id",
                                                "mi.movie_id",
                                                "mi.info_type_id",
                                                "mi.info",
                                                "mi.note"
                                            ],
                                            "Recheck Cond": "(mi.info_type_id = 18)",
                                            "Rows Removed by Index Recheck": 0,
                                            "Exact Heap Blocks": 1290,
                                            "Lossy Heap Blocks": 0,
                                            "Workers": [
                                                {
                                                    "Worker Number": 0,
                                                    "Actual Startup Time": 28.227,
                                                    "Actual Total Time": 48.777,
                                                    "Actual Rows": 100851,
                                                    "Actual Loops": 1
                                                },
                                                {
                                                    "Worker Number": 1,
                                                    "Actual Startup Time": 28.144,
                                                    "Actual Total Time": 48.702,
                                                    "Actual Rows": 103295,
                                                    "Actual Loops": 1
                                                },
                                                {
                                                    "Worker Number": 2,
                                                    "Actual Startup Time": 28.101,
                                                    "Actual Total Time": 47.849,
                                                    "Actual Rows": 145775,
                                                    "Actual Loops": 1
                                                },
                                                {
                                                    "Worker Number": 3,
                                                    "Actual Startup Time": 28.238,
                                                    "Actual Total Time": 48.797,
                                                    "Actual Rows": 103532,
                                                    "Actual Loops": 1
                                                },
                                                {
                                                    "Worker Number": 4,
                                                    "Actual Startup Time": 28.229,
                                                    "Actual Total Time": 48.329,
                                                    "Actual Rows": 85031,
                                                    "Actual Loops": 1
                                                }
                                            ],
                                            "Plans": [
                                                {
                                                    "Node Type": "Bitmap Index Scan",
                                                    "Parent Relationship": "Outer",
                                                    "Parallel Aware": false,
                                                    "Index Name": "info_type_id_movie_info",
                                                    "Startup Cost": 0.0,
                                                    "Total Cost": 12359.16,
                                                    "Plan Rows": 691030,
                                                    "Plan Width": 0,
                                                    "Actual Startup Time": 27.186,
                                                    "Actual Total Time": 27.187,
                                                    "Actual Rows": 660923,
                                                    "Actual Loops": 1,
                                                    "Index Cond": "(mi.info_type_id = 18)",
                                                    "Workers": [
                                                        {
                                                            "Worker Number": 2,
                                                            "Actual Startup Time": 27.186,
                                                            "Actual Total Time": 27.187,
                                                            "Actual Rows": 660923,
                                                            "Actual Loops": 1
                                                        }
                                                    ]
                                                }
                                            ]
                                        },
                                        {
                                            "Node Type": "Hash",
                                            "Parent Relationship": "Inner",
                                            "Parallel Aware": true,
                                            "Startup Cost": 43899.01,
                                            "Total Cost": 43899.01,
                                            "Plan Rows": 41317,
                                            "Plan Width": 4,
                                            "Actual Startup Time": 78.995,
                                            "Actual Total Time": 78.995,
                                            "Actual Rows": 27384,
                                            "Actual Loops": 6,
                                            "Output": [
                                                "t.id"
                                            ],
                                            "Hash Buckets": 262144,
                                            "Original Hash Buckets": 262144,
                                            "Hash Batches": 1,
                                            "Original Hash Batches": 1,
                                            "Peak Memory Usage": 8608,
                                            "Workers": [
                                                {
                                                    "Worker Number": 0,
                                                    "Actual Startup Time": 77.328,
                                                    "Actual Total Time": 77.329,
                                                    "Actual Rows": 21557,
                                                    "Actual Loops": 1
                                                },
                                                {
                                                    "Worker Number": 1,
                                                    "Actual Startup Time": 77.571,
                                                    "Actual Total Time": 77.572,
                                                    "Actual Rows": 22249,
                                                    "Actual Loops": 1
                                                },
                                                {
                                                    "Worker Number": 2,
                                                    "Actual Startup Time": 77.931,
                                                    "Actual Total Time": 77.932,
                                                    "Actual Rows": 22267,
                                                    "Actual Loops": 1
                                                },
                                                {
                                                    "Worker Number": 3,
                                                    "Actual Startup Time": 78.055,
                                                    "Actual Total Time": 78.056,
                                                    "Actual Rows": 22975,
                                                    "Actual Loops": 1
                                                },
                                                {
                                                    "Worker Number": 4,
                                                    "Actual Startup Time": 78.297,
                                                    "Actual Total Time": 78.298,
                                                    "Actual Rows": 20321,
                                                    "Actual Loops": 1
                                                }
                                            ],
                                            "Plans": [
                                                {
                                                    "Node Type": "Seq Scan",
                                                    "Parent Relationship": "Outer",
                                                    "Parallel Aware": true,
                                                    "Relation Name": "title",
                                                    "Schema": "public",
                                                    "Alias": "t",
                                                    "Startup Cost": 0.0,
                                                    "Total Cost": 43899.01,
                                                    "Plan Rows": 41317,
                                                    "Plan Width": 4,
                                                    "Actual Startup Time": 0.048,
                                                    "Actual Total Time": 68.527,
                                                    "Actual Rows": 27384,
                                                    "Actual Loops": 6,
                                                    "Output": [
                                                        "t.id"
                                                    ],
                                                    "Filter": "(t.production_year = 2012)",
                                                    "Rows Removed by Filter": 394001,
                                                    "Workers": [
                                                        {
                                                            "Worker Number": 0,
                                                            "Actual Startup Time": 0.066,
                                                            "Actual Total Time": 68.001,
                                                            "Actual Rows": 21557,
                                                            "Actual Loops": 1
                                                        },
                                                        {
                                                            "Worker Number": 1,
                                                            "Actual Startup Time": 0.059,
                                                            "Actual Total Time": 67.434,
                                                            "Actual Rows": 22249,
                                                            "Actual Loops": 1
                                                        },
                                                        {
                                                            "Worker Number": 2,
                                                            "Actual Startup Time": 0.049,
                                                            "Actual Total Time": 67.817,
                                                            "Actual Rows": 22267,
                                                            "Actual Loops": 1
                                                        },
                                                        {
                                                            "Worker Number": 3,
                                                            "Actual Startup Time": 0.05,
                                                            "Actual Total Time": 67.945,
                                                            "Actual Rows": 22975,
                                                            "Actual Loops": 1
                                                        },
                                                        {
                                                            "Worker Number": 4,
                                                            "Actual Startup Time": 0.05,
                                                            "Actual Total Time": 68.26,
                                                            "Actual Rows": 20321,
                                                            "Actual Loops": 1
                                                        }
                                                    ]
                                                }
                                            ]
                                        }
                                    ]
                                }
                            ]
                        }
                    ]
                }
            ]
        },
        "Planning Time": 203.795,
        "Triggers": [],
        "Execution Time": 168.215
    }
]