[
  {
    "Plan": {
      "Node Type": "Aggregate",
      "Strategy": "Plain",
      "Partial Mode": "Finalize",
      "Parallel Aware": false,
      "Startup Cost": 45399.27,
      "Total Cost": 45399.28,
      "Plan Rows": 1,
      "Plan Width": 8,
      "Actual Startup Time": 157.402,
      "Actual Total Time": 165.316,
      "Actual Rows": 1,
      "Actual Loops": 1,
      "Plans": [
        {
          "Node Type": "Gather",
          "Parent Relationship": "Outer",
          "Parallel Aware": false,
          "Startup Cost": 45398.95,
          "Total Cost": 45399.26,
          "Plan Rows": 3,
          "Plan Width": 8,
          "Actual Startup Time": 157.131,
          "Actual Total Time": 165.305,
          "Actual Rows": 4,
          "Actual Loops": 1,
          "Workers Planned": 3,
          "Workers Launched": 3,
          "Single Copy": false,
          "Plans": [
            {
              "Node Type": "Aggregate",
              "Strategy": "Plain",
              "Partial Mode": "Partial",
              "Parent Relationship": "Outer",
              "Parallel Aware": false,
              "Startup Cost": 44398.95,
              "Total Cost": 44398.96,
              "Plan Rows": 1,
              "Plan Width": 8,
              "Actual Startup Time": 150.138,
              "Actual Total Time": 150.139,
              "Actual Rows": 1,
              "Actual Loops": 4,
              "Plans": [
                {
                  "Node Type": "Seq Scan",
                  "Parent Relationship": "Outer",
                  "Parallel Aware": true,
                  "Relation Name": "movie_keyword",
                  "Alias": "mk",
                  "Startup Cost": 0.0,
                  "Total Cost": 42695.65,
                  "Plan Rows": 681320,
                  "Plan Width": 0,
                  "Actual Startup Time": 0.053,
                  "Actual Total Time": 122.933,
                  "Actual Rows": 530028,
                  "Actual Loops": 4,
                  "Filter": "(keyword_id < 3891)",
                  "Rows Removed by Filter": 600955
                }
              ]
            }
          ]
        }
      ]
    },
    "Planning Time": 0.236,
    "Triggers": [],
    "Execution Time": 165.373
  }
]