[
  {
    "Plan": {
      "Node Type": "Aggregate",
      "Strategy": "Plain",
      "Partial Mode": "Finalize",
      "Parallel Aware": false,
      "Startup Cost": 46857.02,
      "Total Cost": 46857.03,
      "Plan Rows": 1,
      "Plan Width": 8,
      "Actual Startup Time": 170.095,
      "Actual Total Time": 178.527,
      "Actual Rows": 1,
      "Actual Loops": 1,
      "Plans": [
        {
          "Node Type": "Gather",
          "Parent Relationship": "Outer",
          "Parallel Aware": false,
          "Startup Cost": 46856.7,
          "Total Cost": 46857.01,
          "Plan Rows": 3,
          "Plan Width": 8,
          "Actual Startup Time": 169.971,
          "Actual Total Time": 178.519,
          "Actual Rows": 4,
          "Actual Loops": 1,
          "Workers Planned": 3,
          "Workers Launched": 3,
          "Single Copy": false,
          "Plans": [
            {
              "Node Type": "Aggregate",
              "Strategy": "Plain",
              "Partial Mode": "Partial",
              "Parent Relationship": "Outer",
              "Parallel Aware": false,
              "Startup Cost": 45856.7,
              "Total Cost": 45856.71,
              "Plan Rows": 1,
              "Plan Width": 8,
              "Actual Startup Time": 161.484,
              "Actual Total Time": 161.485,
              "Actual Rows": 1,
              "Actual Loops": 4,
              "Plans": [
                {
                  "Node Type": "Seq Scan",
                  "Parent Relationship": "Outer",
                  "Parallel Aware": true,
                  "Relation Name": "movie_keyword",
                  "Alias": "mk",
                  "Startup Cost": 0.0,
                  "Total Cost": 42695.65,
                  "Plan Rows": 1264420,
                  "Plan Width": 0,
                  "Actual Startup Time": 0.057,
                  "Actual Total Time": 119.064,
                  "Actual Rows": 982805,
                  "Actual Loops": 4,
                  "Filter": "(keyword_id < 31028)",
                  "Rows Removed by Filter": 148178
                }
              ]
            }
          ]
        }
      ]
    },
    "Planning Time": 0.179,
    "Triggers": [],
    "Execution Time": 178.583
  }
]