{
  "Plan": {
    "Node Type": "Aggregate",
    "Strategy": "Plain",
    "Partial Mode": "Finalize",
    "Parallel Aware": false,
    "Startup Cost": 235261.51,
    "Total Cost": 235261.52,
    "Plan Rows": 1,
    "Plan Width": 8,
    "Actual Startup Time": 2036.098,
    "Actual Total Time": 2063.696,
    "Actual Rows": 1,
    "Actual Loops": 1,
    "Plans": [
      {
        "Node Type": "Gather",
        "Parent Relationship": "Outer",
        "Parallel Aware": false,
        "Startup Cost": 235261.4,
        "Total Cost": 235261.51,
        "Plan Rows": 1,
        "Plan Width": 8,
        "Actual Startup Time": 2033.913,
        "Actual Total Time": 2063.686,
        "Actual Rows": 2,
        "Actual Loops": 1,
        "Workers Planned": 1,
        "Workers Launched": 1,
        "Single Copy": false,
        "Plans": [
          {
            "Node Type": "Aggregate",
            "Strategy": "Plain",
            "Partial Mode": "Partial",
            "Parent Relationship": "Outer",
            "Parallel Aware": false,
            "Startup Cost": 234261.4,
            "Total Cost": 234261.41,
            "Plan Rows": 1,
            "Plan Width": 8,
            "Actual Startup Time": 2028.145,
            "Actual Total Time": 2028.15,
            "Actual Rows": 1,
            "Actual Loops": 2,
            "Plans": [
              {
                "Node Type": "Hash Join",
                "Parent Relationship": "Outer",
                "Parallel Aware": true,
                "Join Type": "Inner",
                "Startup Cost": 170047.77,
                "Total Cost": 233316.25,
                "Plan Rows": 378059,
                "Plan Width": 0,
                "Actual Startup Time": 1276.825,
                "Actual Total Time": 1897.284,
                "Actual Rows": 2447390,
                "Actual Loops": 2,
                "Inner Unique": false,
                "Hash Cond": "(mk.movie_id = t.id)",
                "Plans": [
                  {
                    "Node Type": "Seq Scan",
                    "Parent Relationship": "Outer",
                    "Parallel Aware": true,
                    "Relation Name": "movie_keyword",
                    "Alias": "mk",
                    "Startup Cost": 0.0,
                    "Total Cost": 51065.35,
                    "Plan Rows": 2661135,
                    "Plan Width": 4,
                    "Actual Startup Time": 0.013,
                    "Actual Total Time": 183.911,
                    "Actual Rows": 2261965,
                    "Actual Loops": 2
                  },
                  {
                    "Node Type": "Hash",
                    "Parent Relationship": "Inner",
                    "Parallel Aware": true,
                    "Startup Cost": 167406.7,
                    "Total Cost": 167406.7,
                    "Plan Rows": 211286,
                    "Plan Width": 8,
                    "Actual Startup Time": 1272.843,
                    "Actual Total Time": 1272.846,
                    "Actual Rows": 281926,
                    "Actual Loops": 2,
                    "Hash Buckets": 1048576,
                    "Original Hash Buckets": 524288,
                    "Hash Batches": 1,
                    "Original Hash Batches": 1,
                    "Peak Memory Usage": 34368,
                    "Plans": [
                      {
                        "Node Type": "Merge Join",
                        "Parent Relationship": "Outer",
                        "Parallel Aware": false,
                        "Join Type": "Inner",
                        "Startup Cost": 3.1,
                        "Total Cost": 167406.7,
                        "Plan Rows": 211286,
                        "Plan Width": 8,
                        "Actual Startup Time": 2.31,
                        "Actual Total Time": 1188.739,
                        "Actual Rows": 281926,
                        "Actual Loops": 2,
                        "Inner Unique": false,
                        "Merge Cond": "(t.id = mi_idx.movie_id)",
                        "Plans": [
                          {
                            "Node Type": "Index Scan",
                            "Parent Relationship": "Outer",
                            "Parallel Aware": true,
                            "Scan Direction": "Forward",
                            "Index Name": "title_pkey",
                            "Relation Name": "title",
                            "Alias": "t",
                            "Startup Cost": 0.43,
                            "Total Cost": 107365.5,
                            "Plan Rows": 387088,
                            "Plan Width": 4,
                            "Actual Startup Time": 1.411,
                            "Actual Total Time": 733.381,
                            "Actual Rows": 277532,
                            "Actual Loops": 2,
                            "Filter": "((kind_id < 7) AND (production_year > 1993))",
                            "Rows Removed by Filter": 985420
                          },
                          {
                            "Node Type": "Index Only Scan",
                            "Parent Relationship": "Inner",
                            "Parallel Aware": false,
                            "Scan Direction": "Forward",
                            "Index Name": "movie_id_movie_info_idx",
                            "Relation Name": "movie_info_idx",
                            "Alias": "mi_idx",
                            "Startup Cost": 0.43,
                            "Total Cost": 53620.22,
                            "Plan Rows": 1380035,
                            "Plan Width": 4,
                            "Actual Startup Time": 0.143,
                            "Actual Total Time": 322.466,
                            "Actual Rows": 1380035,
                            "Actual Loops": 2,
                            "Heap Fetches": 2760070
                          }
                        ]
                      }
                    ]
                  }
                ]
              }
            ]
          }
        ]
      }
    ]
  },
  "Planning Time": 0.713,
  "Triggers": [],
  "Execution Time": 2063.769
}