[
  {
    "Plan": {
      "Node Type": "Aggregate",
      "Strategy": "Plain",
      "Partial Mode": "Finalize",
      "Parallel Aware": false,
      "Startup Cost": 335847.29,
      "Total Cost": 335847.3,
      "Plan Rows": 1,
      "Plan Width": 8,
      "Actual Startup Time": 673.41,
      "Actual Total Time": 720.516,
      "Actual Rows": 1,
      "Actual Loops": 1,
      "Plans": [
        {
          "Node Type": "Gather",
          "Parent Relationship": "Outer",
          "Parallel Aware": false,
          "Startup Cost": 335846.66,
          "Total Cost": 335847.27,
          "Plan Rows": 6,
          "Plan Width": 8,
          "Actual Startup Time": 673.25,
          "Actual Total Time": 720.505,
          "Actual Rows": 7,
          "Actual Loops": 1,
          "Workers Planned": 6,
          "Workers Launched": 6,
          "Single Copy": false,
          "Plans": [
            {
              "Node Type": "Aggregate",
              "Strategy": "Plain",
              "Partial Mode": "Partial",
              "Parent Relationship": "Outer",
              "Parallel Aware": false,
              "Startup Cost": 334846.66,
              "Total Cost": 334846.67,
              "Plan Rows": 1,
              "Plan Width": 8,
              "Actual Startup Time": 666.736,
              "Actual Total Time": 666.737,
              "Actual Rows": 1,
              "Actual Loops": 7,
              "Plans": [
                {
                  "Node Type": "Seq Scan",
                  "Parent Relationship": "Outer",
                  "Parallel Aware": true,
                  "Relation Name": "cast_info",
                  "Alias": "ci",
                  "Startup Cost": 0.0,
                  "Total Cost": 328211.39,
                  "Plan Rows": 2654108,
                  "Plan Width": 0,
                  "Actual Startup Time": 0.042,
                  "Actual Total Time": 560.19,
                  "Actual Rows": 2299747,
                  "Actual Loops": 7,
                  "Filter": "(person_id < 1594340)",
                  "Rows Removed by Filter": 2878016
                }
              ]
            }
          ]
        }
      ]
    },
    "Planning Time": 0.229,
    "Triggers": [],
    "Execution Time": 720.581
  }
]