[
  {
    "Plan": {
      "Node Type": "Aggregate",
      "Strategy": "Plain",
      "Partial Mode": "Finalize",
      "Parallel Aware": false,
      "Startup Cost": 254440.72,
      "Total Cost": 254440.73,
      "Plan Rows": 1,
      "Plan Width": 8,
      "Actual Startup Time": 313.374,
      "Actual Total Time": 340.322,
      "Actual Rows": 1,
      "Actual Loops": 1,
      "Plans": [
        {
          "Node Type": "Gather",
          "Parent Relationship": "Outer",
          "Parallel Aware": false,
          "Startup Cost": 254440.09,
          "Total Cost": 254440.7,
          "Plan Rows": 6,
          "Plan Width": 8,
          "Actual Startup Time": 313.239,
          "Actual Total Time": 340.309,
          "Actual Rows": 7,
          "Actual Loops": 1,
          "Workers Planned": 6,
          "Workers Launched": 6,
          "Single Copy": false,
          "Plans": [
            {
              "Node Type": "Aggregate",
              "Strategy": "Plain",
              "Partial Mode": "Partial",
              "Parent Relationship": "Outer",
              "Parallel Aware": false,
              "Startup Cost": 253440.09,
              "Total Cost": 253440.1,
              "Plan Rows": 1,
              "Plan Width": 8,
              "Actual Startup Time": 305.736,
              "Actual Total Time": 305.737,
              "Actual Rows": 1,
              "Actual Loops": 7,
              "Plans": [
                {
                  "Node Type": "Index Scan",
                  "Parent Relationship": "Outer",
                  "Parallel Aware": true,
                  "Scan Direction": "Forward",
                  "Index Name": "role_id_cast_info",
                  "Relation Name": "cast_info",
                  "Alias": "ci",
                  "Startup Cost": 0.56,
                  "Total Cost": 253362.23,
                  "Plan Rows": 31147,
                  "Plan Width": 0,
                  "Actual Startup Time": 10.416,
                  "Actual Total Time": 304.832,
                  "Actual Rows": 13755,
                  "Actual Loops": 7,
                  "Index Cond": "(role_id > 4)",
                  "Rows Removed by Index Recheck": 0,
                  "Filter": "(person_id < 78463)",
                  "Rows Removed by Filter": 1326917
                }
              ]
            }
          ]
        }
      ]
    },
    "Planning Time": 0.095,
    "Triggers": [],
    "Execution Time": 340.365
  }
]