[
  {
    "Plan": {
      "Node Type": "Aggregate",
      "Strategy": "Plain",
      "Partial Mode": "Finalize",
      "Parallel Aware": false,
      "Startup Cost": 57023.16,
      "Total Cost": 57023.17,
      "Plan Rows": 1,
      "Plan Width": 8,
      "Actual Startup Time": 92.312,
      "Actual Total Time": 104.903,
      "Actual Rows": 1,
      "Actual Loops": 1,
      "Plans": [
        {
          "Node Type": "Gather",
          "Parent Relationship": "Outer",
          "Parallel Aware": false,
          "Startup Cost": 57022.74,
          "Total Cost": 57023.15,
          "Plan Rows": 4,
          "Plan Width": 8,
          "Actual Startup Time": 92.119,
          "Actual Total Time": 104.893,
          "Actual Rows": 5,
          "Actual Loops": 1,
          "Workers Planned": 4,
          "Workers Launched": 4,
          "Single Copy": false,
          "Plans": [
            {
              "Node Type": "Aggregate",
              "Strategy": "Plain",
              "Partial Mode": "Partial",
              "Parent Relationship": "Outer",
              "Parallel Aware": false,
              "Startup Cost": 56022.74,
              "Total Cost": 56022.75,
              "Plan Rows": 1,
              "Plan Width": 8,
              "Actual Startup Time": 86.828,
              "Actual Total Time": 86.83,
              "Actual Rows": 1,
              "Actual Loops": 5,
              "Plans": [
                {
                  "Node Type": "Nested Loop",
                  "Parent Relationship": "Outer",
                  "Parallel Aware": false,
                  "Join Type": "Inner",
                  "Startup Cost": 0.43,
                  "Total Cost": 56021.12,
                  "Plan Rows": 650,
                  "Plan Width": 0,
                  "Actual Startup Time": 0.871,
                  "Actual Total Time": 86.773,
                  "Actual Rows": 369,
                  "Actual Loops": 5,
                  "Inner Unique": false,
                  "Plans": [
                    {
                      "Node Type": "Seq Scan",
                      "Parent Relationship": "Outer",
                      "Parallel Aware": true,
                      "Relation Name": "title",
                      "Alias": "t",
                      "Startup Cost": 0.0,
                      "Total Cost": 45479.59,
                      "Plan Rows": 630,
                      "Plan Width": 4,
                      "Actual Startup Time": 0.355,
                      "Actual Total Time": 83.446,
                      "Actual Rows": 409,
                      "Actual Loops": 5,
                      "Filter": "((kind_id = 7) AND (production_year = 1950))",
                      "Rows Removed by Filter": 505254
                    },
                    {
                      "Node Type": "Index Only Scan",
                      "Parent Relationship": "Inner",
                      "Parallel Aware": false,
                      "Scan Direction": "Forward",
                      "Index Name": "movie_id_movie_companies",
                      "Relation Name": "movie_companies",
                      "Alias": "mc",
                      "Startup Cost": 0.43,
                      "Total Cost": 16.68,
                      "Plan Rows": 5,
                      "Plan Width": 4,
                      "Actual Startup Time": 0.007,
                      "Actual Total Time": 0.007,
                      "Actual Rows": 1,
                      "Actual Loops": 2043,
                      "Index Cond": "(movie_id = t.id)",
                      "Rows Removed by Index Recheck": 0,
                      "Heap Fetches": 1847
                    }
                  ]
                }
              ]
            }
          ]
        }
      ]
    },
    "Planning Time": 0.41,
    "Triggers": [],
    "Execution Time": 105.004
  }
]