[
  {
    "Plan": {
      "Node Type": "Aggregate",
      "Strategy": "Plain",
      "Partial Mode": "Finalize",
      "Parallel Aware": false,
      "Startup Cost": 93446.22,
      "Total Cost": 93446.23,
      "Plan Rows": 1,
      "Plan Width": 8,
      "Actual Startup Time": 445.704,
      "Actual Total Time": 460.009,
      "Actual Rows": 1,
      "Actual Loops": 1,
      "Plans": [
        {
          "Node Type": "Gather",
          "Parent Relationship": "Outer",
          "Parallel Aware": false,
          "Startup Cost": 93446.0,
          "Total Cost": 93446.21,
          "Plan Rows": 2,
          "Plan Width": 8,
          "Actual Startup Time": 443.589,
          "Actual Total Time": 460.0,
          "Actual Rows": 3,
          "Actual Loops": 1,
          "Workers Planned": 2,
          "Workers Launched": 2,
          "Single Copy": false,
          "Plans": [
            {
              "Node Type": "Aggregate",
              "Strategy": "Plain",
              "Partial Mode": "Partial",
              "Parent Relationship": "Outer",
              "Parallel Aware": false,
              "Startup Cost": 92446.0,
              "Total Cost": 92446.01,
              "Plan Rows": 1,
              "Plan Width": 8,
              "Actual Startup Time": 435.502,
              "Actual Total Time": 435.585,
              "Actual Rows": 1,
              "Actual Loops": 3,
              "Plans": [
                {
                  "Node Type": "Hash Join",
                  "Parent Relationship": "Outer",
                  "Parallel Aware": true,
                  "Join Type": "Inner",
                  "Startup Cost": 76485.44,
                  "Total Cost": 92387.02,
                  "Plan Rows": 23593,
                  "Plan Width": 0,
                  "Actual Startup Time": 390.553,
                  "Actual Total Time": 433.552,
                  "Actual Rows": 49383,
                  "Actual Loops": 3,
                  "Inner Unique": false,
                  "Hash Cond": "(mi_idx.movie_id = t.id)",
                  "Plans": [
                    {
                      "Node Type": "Seq Scan",
                      "Parent Relationship": "Outer",
                      "Parallel Aware": true,
                      "Relation Name": "movie_info_idx",
                      "Alias": "mi_idx",
                      "Startup Cost": 0.0,
                      "Total Cost": 15122.68,
                      "Plan Rows": 191978,
                      "Plan Width": 4,
                      "Actual Startup Time": 0.023,
                      "Actual Total Time": 36.014,
                      "Actual Rows": 153308,
                      "Actual Loops": 3,
                      "Filter": "(info_type_id = 101)",
                      "Rows Removed by Filter": 306703
                    },
                    {
                      "Node Type": "Hash",
                      "Parent Relationship": "Inner",
                      "Parallel Aware": true,
                      "Startup Cost": 75514.46,
                      "Total Cost": 75514.46,
                      "Plan Rows": 77678,
                      "Plan Width": 8,
                      "Actual Startup Time": 360.329,
                      "Actual Total Time": 360.409,
                      "Actual Rows": 104864,
                      "Actual Loops": 3,
                      "Hash Buckets": 524288,
                      "Original Hash Buckets": 524288,
                      "Hash Batches": 1,
                      "Original Hash Batches": 1,
                      "Peak Memory Usage": 16448,
                      "Plans": [
                        {
                          "Node Type": "Hash Join",
                          "Parent Relationship": "Outer",
                          "Parallel Aware": true,
                          "Join Type": "Inner",
                          "Startup Cost": 28292.18,
                          "Total Cost": 75514.46,
                          "Plan Rows": 77678,
                          "Plan Width": 8,
                          "Actual Startup Time": 212.385,
                          "Actual Total Time": 332.021,
                          "Actual Rows": 104864,
                          "Actual Loops": 3,
                          "Inner Unique": false,
                          "Hash Cond": "(t.id = mc.movie_id)",
                          "Plans": [
                            {
                              "Node Type": "Seq Scan",
                              "Parent Relationship": "Outer",
                              "Parallel Aware": true,
                              "Relation Name": "title",
                              "Alias": "t",
                              "Startup Cost": 0.0,
                              "Total Cost": 43898.92,
                              "Plan Rows": 614560,
                              "Plan Width": 4,
                              "Actual Startup Time": 0.017,
                              "Actual Total Time": 110.879,
                              "Actual Rows": 818739,
                              "Actual Loops": 3,
                              "Filter": "(production_year > 0)",
                              "Rows Removed by Filter": 24031
                            },
                            {
                              "Node Type": "Hash",
                              "Parent Relationship": "Inner",
                              "Parallel Aware": true,
                              "Startup Cost": 27003.62,
                              "Total Cost": 27003.62,
                              "Plan Rows": 103085,
                              "Plan Width": 4,
                              "Actual Startup Time": 84.021,
                              "Actual Total Time": 84.022,
                              "Actual Rows": 106153,
                              "Actual Loops": 3,
                              "Hash Buckets": 524288,
                              "Original Hash Buckets": 524288,
                              "Hash Batches": 1,
                              "Original Hash Batches": 1,
                              "Peak Memory Usage": 16608,
                              "Plans": [
                                {
                                  "Node Type": "Bitmap Heap Scan",
                                  "Parent Relationship": "Outer",
                                  "Parallel Aware": true,
                                  "Relation Name": "movie_companies",
                                  "Alias": "mc",
                                  "Startup Cost": 6925.05,
                                  "Total Cost": 27003.62,
                                  "Plan Rows": 103085,
                                  "Plan Width": 4,
                                  "Actual Startup Time": 23.25,
                                  "Actual Total Time": 53.252,
                                  "Actual Rows": 106153,
                                  "Actual Loops": 3,
                                  "Recheck Cond": "(company_id > 91661)",
                                  "Rows Removed by Index Recheck": 0,
                                  "Exact Heap Blocks": 2521,
                                  "Lossy Heap Blocks": 0,
                                  "Plans": [
                                    {
                                      "Node Type": "Bitmap Index Scan",
                                      "Parent Relationship": "Outer",
                                      "Parallel Aware": false,
                                      "Index Name": "company_id_movie_companies",
                                      "Startup Cost": 0.0,
                                      "Total Cost": 6845.16,
                                      "Plan Rows": 319564,
                                      "Plan Width": 0,
                                      "Actual Startup Time": 22.256,
                                      "Actual Total Time": 22.256,
                                      "Actual Rows": 318459,
                                      "Actual Loops": 1,
                                      "Index Cond": "(company_id > 91661)"
                                    }
                                  ]
                                }
                              ]
                            }
                          ]
                        }
                      ]
                    }
                  ]
                }
              ]
            }
          ]
        }
      ]
    },
    "Planning Time": 1.472,
    "Triggers": [],
    "Execution Time": 460.115
  }
]