[
  {
    "Plan": {
      "Node Type": "Aggregate",
      "Strategy": "Plain",
      "Partial Mode": "Finalize",
      "Parallel Aware": false,
      "Startup Cost": 112004.2,
      "Total Cost": 112004.21,
      "Plan Rows": 1,
      "Plan Width": 8,
      "Actual Startup Time": 378.972,
      "Actual Total Time": 414.549,
      "Actual Rows": 1,
      "Actual Loops": 1,
      "Plans": [
        {
          "Node Type": "Gather",
          "Parent Relationship": "Outer",
          "Parallel Aware": false,
          "Startup Cost": 112003.88,
          "Total Cost": 112004.19,
          "Plan Rows": 3,
          "Plan Width": 8,
          "Actual Startup Time": 378.436,
          "Actual Total Time": 414.539,
          "Actual Rows": 4,
          "Actual Loops": 1,
          "Workers Planned": 3,
          "Workers Launched": 3,
          "Single Copy": false,
          "Plans": [
            {
              "Node Type": "Aggregate",
              "Strategy": "Plain",
              "Partial Mode": "Partial",
              "Parent Relationship": "Outer",
              "Parallel Aware": false,
              "Startup Cost": 111003.88,
              "Total Cost": 111003.89,
              "Plan Rows": 1,
              "Plan Width": 8,
              "Actual Startup Time": 369.041,
              "Actual Total Time": 369.045,
              "Actual Rows": 1,
              "Actual Loops": 4,
              "Plans": [
                {
                  "Node Type": "Nested Loop",
                  "Parent Relationship": "Outer",
                  "Parallel Aware": false,
                  "Join Type": "Inner",
                  "Startup Cost": 38486.05,
                  "Total Cost": 110851.11,
                  "Plan Rows": 61106,
                  "Plan Width": 0,
                  "Actual Startup Time": 78.707,
                  "Actual Total Time": 358.705,
                  "Actual Rows": 216991,
                  "Actual Loops": 4,
                  "Inner Unique": false,
                  "Join Filter": "(t.id = mi.movie_id)",
                  "Rows Removed by Join Filter": 0,
                  "Plans": [
                    {
                      "Node Type": "Hash Join",
                      "Parent Relationship": "Outer",
                      "Parallel Aware": true,
                      "Join Type": "Inner",
                      "Startup Cost": 38485.61,
                      "Total Cost": 81859.72,
                      "Plan Rows": 10450,
                      "Plan Width": 8,
                      "Actual Startup Time": 78.625,
                      "Actual Total Time": 171.42,
                      "Actual Rows": 13624,
                      "Actual Loops": 4,
                      "Inner Unique": true,
                      "Hash Cond": "(mk.movie_id = t.id)",
                      "Plans": [
                        {
                          "Node Type": "Seq Scan",
                          "Parent Relationship": "Outer",
                          "Parallel Aware": true,
                          "Relation Name": "movie_keyword",
                          "Alias": "mk",
                          "Startup Cost": 0.0,
                          "Total Cost": 42695.65,
                          "Plan Rows": 258460,
                          "Plan Width": 4,
                          "Actual Startup Time": 0.024,
                          "Actual Total Time": 85.992,
                          "Actual Rows": 202456,
                          "Actual Loops": 4,
                          "Filter": "(keyword_id < 784)",
                          "Rows Removed by Filter": 928526
                        },
                        {
                          "Node Type": "Hash",
                          "Parent Relationship": "Inner",
                          "Parallel Aware": true,
                          "Startup Cost": 38166.15,
                          "Total Cost": 38166.15,
                          "Plan Rows": 25557,
                          "Plan Width": 4,
                          "Actual Startup Time": 55.486,
                          "Actual Total Time": 55.487,
                          "Actual Rows": 25134,
                          "Actual Loops": 4,
                          "Hash Buckets": 131072,
                          "Original Hash Buckets": 131072,
                          "Hash Batches": 1,
                          "Original Hash Batches": 1,
                          "Peak Memory Usage": 5024,
                          "Plans": [
                            {
                              "Node Type": "Bitmap Heap Scan",
                              "Parent Relationship": "Outer",
                              "Parallel Aware": true,
                              "Relation Name": "title",
                              "Alias": "t",
                              "Startup Cost": 1848.69,
                              "Total Cost": 38166.15,
                              "Plan Rows": 25557,
                              "Plan Width": 4,
                              "Actual Startup Time": 12.566,
                              "Actual Total Time": 46.232,
                              "Actual Rows": 25134,
                              "Actual Loops": 4,
                              "Recheck Cond": "(kind_id = 3)",
                              "Rows Removed by Index Recheck": 0,
                              "Exact Heap Blocks": 7798,
                              "Lossy Heap Blocks": 0,
                              "Plans": [
                                {
                                  "Node Type": "Bitmap Index Scan",
                                  "Parent Relationship": "Outer",
                                  "Parallel Aware": false,
                                  "Index Name": "kind_id_title",
                                  "Startup Cost": 0.0,
                                  "Total Cost": 1823.13,
                                  "Plan Rows": 102227,
                                  "Plan Width": 0,
                                  "Actual Startup Time": 13.056,
                                  "Actual Total Time": 13.056,
                                  "Actual Rows": 100537,
                                  "Actual Loops": 1,
                                  "Index Cond": "(kind_id = 3)"
                                }
                              ]
                            }
                          ]
                        }
                      ]
                    },
                    {
                      "Node Type": "Index Only Scan",
                      "Parent Relationship": "Inner",
                      "Parallel Aware": false,
                      "Scan Direction": "Forward",
                      "Index Name": "movie_id_movie_info",
                      "Relation Name": "movie_info",
                      "Alias": "mi",
                      "Startup Cost": 0.43,
                      "Total Cost": 2.25,
                      "Plan Rows": 42,
                      "Plan Width": 4,
                      "Actual Startup Time": 0.004,
                      "Actual Total Time": 0.012,
                      "Actual Rows": 16,
                      "Actual Loops": 54494,
                      "Index Cond": "(movie_id = mk.movie_id)",
                      "Rows Removed by Index Recheck": 0,
                      "Heap Fetches": 867964
                    }
                  ]
                }
              ]
            }
          ]
        }
      ]
    },
    "Planning Time": 1.17,
    "Triggers": [],
    "Execution Time": 414.664
  }
]