[
  {
    "Plan": {
      "Node Type": "Aggregate",
      "Strategy": "Plain",
      "Partial Mode": "Finalize",
      "Parallel Aware": false,
      "Startup Cost": 400067.43,
      "Total Cost": 400067.44,
      "Plan Rows": 1,
      "Plan Width": 8,
      "Actual Startup Time": 1108.797,
      "Actual Total Time": 1162.294,
      "Actual Rows": 1,
      "Actual Loops": 1,
      "Plans": [
        {
          "Node Type": "Gather",
          "Parent Relationship": "Outer",
          "Parallel Aware": false,
          "Startup Cost": 400066.8,
          "Total Cost": 400067.41,
          "Plan Rows": 6,
          "Plan Width": 8,
          "Actual Startup Time": 1095.138,
          "Actual Total Time": 1162.28,
          "Actual Rows": 7,
          "Actual Loops": 1,
          "Workers Planned": 6,
          "Workers Launched": 6,
          "Single Copy": false,
          "Plans": [
            {
              "Node Type": "Aggregate",
              "Strategy": "Plain",
              "Partial Mode": "Partial",
              "Parent Relationship": "Outer",
              "Parallel Aware": false,
              "Startup Cost": 399066.8,
              "Total Cost": 399066.82,
              "Plan Rows": 1,
              "Plan Width": 8,
              "Actual Startup Time": 1085.236,
              "Actual Total Time": 1085.24,
              "Actual Rows": 1,
              "Actual Loops": 7,
              "Plans": [
                {
                  "Node Type": "Hash Join",
                  "Parent Relationship": "Outer",
                  "Parallel Aware": true,
                  "Join Type": "Inner",
                  "Startup Cost": 49440.52,
                  "Total Cost": 396539.99,
                  "Plan Rows": 1010724,
                  "Plan Width": 0,
                  "Actual Startup Time": 428.729,
                  "Actual Total Time": 1067.46,
                  "Actual Rows": 351144,
                  "Actual Loops": 7,
                  "Inner Unique": true,
                  "Hash Cond": "(ci.movie_id = t.id)",
                  "Plans": [
                    {
                      "Node Type": "Seq Scan",
                      "Parent Relationship": "Outer",
                      "Parallel Aware": true,
                      "Relation Name": "cast_info",
                      "Alias": "ci",
                      "Startup Cost": 0.0,
                      "Total Cost": 343316.27,
                      "Plan Rows": 1441216,
                      "Plan Width": 4,
                      "Actual Startup Time": 224.47,
                      "Actual Total Time": 623.556,
                      "Actual Rows": 531057,
                      "Actual Loops": 7,
                      "Filter": "((person_id < 1323798) AND (role_id > 1))",
                      "Rows Removed by Filter": 4646707
                    },
                    {
                      "Node Type": "Hash",
                      "Parent Relationship": "Inner",
                      "Parallel Aware": true,
                      "Startup Cost": 43899.32,
                      "Total Cost": 43899.32,
                      "Plan Rows": 443296,
                      "Plan Width": 4,
                      "Actual Startup Time": 200.955,
                      "Actual Total Time": 200.956,
                      "Actual Rows": 253519,
                      "Actual Loops": 7,
                      "Hash Buckets": 2097152,
                      "Original Hash Buckets": 2097152,
                      "Hash Batches": 1,
                      "Original Hash Batches": 1,
                      "Peak Memory Usage": 85920,
                      "Plans": [
                        {
                          "Node Type": "Seq Scan",
                          "Parent Relationship": "Outer",
                          "Parallel Aware": true,
                          "Relation Name": "title",
                          "Alias": "t",
                          "Startup Cost": 0.0,
                          "Total Cost": 43899.32,
                          "Plan Rows": 443296,
                          "Plan Width": 4,
                          "Actual Startup Time": 0.051,
                          "Actual Total Time": 82.207,
                          "Actual Rows": 253519,
                          "Actual Loops": 7,
                          "Filter": "(kind_id > 2)",
                          "Rows Removed by Filter": 107668
                        }
                      ]
                    }
                  ]
                }
              ]
            }
          ]
        }
      ]
    },
    "Planning Time": 0.252,
    "Triggers": [],
    "Execution Time": 1162.343
  }
]