[
  {
    "Plan": {
      "Node Type": "Aggregate",
      "Strategy": "Plain",
      "Partial Mode": "Finalize",
      "Parallel Aware": false,
      "Startup Cost": 31065.91,
      "Total Cost": 31065.92,
      "Plan Rows": 1,
      "Plan Width": 8,
      "Actual Startup Time": 96.691,
      "Actual Total Time": 104.154,
      "Actual Rows": 1,
      "Actual Loops": 1,
      "Plans": [
        {
          "Node Type": "Gather",
          "Parent Relationship": "Outer",
          "Parallel Aware": false,
          "Startup Cost": 31065.59,
          "Total Cost": 31065.9,
          "Plan Rows": 3,
          "Plan Width": 8,
          "Actual Startup Time": 96.573,
          "Actual Total Time": 104.146,
          "Actual Rows": 4,
          "Actual Loops": 1,
          "Workers Planned": 3,
          "Workers Launched": 3,
          "Single Copy": false,
          "Plans": [
            {
              "Node Type": "Aggregate",
              "Strategy": "Plain",
              "Partial Mode": "Partial",
              "Parent Relationship": "Outer",
              "Parallel Aware": false,
              "Startup Cost": 30065.59,
              "Total Cost": 30065.6,
              "Plan Rows": 1,
              "Plan Width": 8,
              "Actual Startup Time": 88.409,
              "Actual Total Time": 88.41,
              "Actual Rows": 1,
              "Actual Loops": 4,
              "Plans": [
                {
                  "Node Type": "Seq Scan",
                  "Parent Relationship": "Outer",
                  "Parallel Aware": true,
                  "Relation Name": "movie_companies",
                  "Alias": "mc",
                  "Startup Cost": 0.0,
                  "Total Cost": 29310.68,
                  "Plan Rows": 301963,
                  "Plan Width": 0,
                  "Actual Startup Time": 17.184,
                  "Actual Total Time": 77.198,
                  "Actual Rows": 231570,
                  "Actual Loops": 4,
                  "Filter": "(company_id > 19696)",
                  "Rows Removed by Filter": 420713
                }
              ]
            }
          ]
        }
      ]
    },
    "Planning Time": 0.185,
    "Triggers": [],
    "Execution Time": 104.207
  }
]