{
  "Plan": {
    "Node Type": "Aggregate",
    "Strategy": "Plain",
    "Partial Mode": "Finalize",
    "Parallel Aware": false,
    "Startup Cost": 323234.72,
    "Total Cost": 323234.73,
    "Plan Rows": 1,
    "Plan Width": 8,
    "Actual Startup Time": 1191.485,
    "Actual Total Time": 1221.314,
    "Actual Rows": 1,
    "Actual Loops": 1,
    "Plans": [
      {
        "Node Type": "Gather",
        "Parent Relationship": "Outer",
        "Parallel Aware": false,
        "Startup Cost": 323234.61,
        "Total Cost": 323234.72,
        "Plan Rows": 1,
        "Plan Width": 8,
        "Actual Startup Time": 1183.399,
        "Actual Total Time": 1221.305,
        "Actual Rows": 2,
        "Actual Loops": 1,
        "Workers Planned": 1,
        "Workers Launched": 1,
        "Single Copy": false,
        "Plans": [
          {
            "Node Type": "Aggregate",
            "Strategy": "Plain",
            "Partial Mode": "Partial",
            "Parent Relationship": "Outer",
            "Parallel Aware": false,
            "Startup Cost": 322234.61,
            "Total Cost": 322234.62,
            "Plan Rows": 1,
            "Plan Width": 8,
            "Actual Startup Time": 1175.661,
            "Actual Total Time": 1175.966,
            "Actual Rows": 1,
            "Actual Loops": 2,
            "Plans": [
              {
                "Node Type": "Hash Join",
                "Parent Relationship": "Outer",
                "Parallel Aware": true,
                "Join Type": "Inner",
                "Startup Cost": 150866.52,
                "Total Cost": 321708.82,
                "Plan Rows": 210317,
                "Plan Width": 0,
                "Actual Startup Time": 993.695,
                "Actual Total Time": 1151.596,
                "Actual Rows": 551924,
                "Actual Loops": 2,
                "Inner Unique": false,
                "Hash Cond": "(mi.movie_id = t.id)",
                "Plans": [
                  {
                    "Node Type": "Bitmap Heap Scan",
                    "Parent Relationship": "Outer",
                    "Parallel Aware": true,
                    "Relation Name": "movie_info",
                    "Alias": "mi",
                    "Startup Cost": 14428.12,
                    "Total Cost": 182276.62,
                    "Plan Rows": 468439,
                    "Plan Width": 4,
                    "Actual Startup Time": 21.541,
                    "Actual Total Time": 55.364,
                    "Actual Rows": 401070,
                    "Actual Loops": 2,
                    "Recheck Cond": "(info_type_id < 2)",
                    "Rows Removed by Index Recheck": 0,
                    "Exact Heap Blocks": 2553,
                    "Lossy Heap Blocks": 0,
                    "Plans": [
                      {
                        "Node Type": "Bitmap Index Scan",
                        "Parent Relationship": "Outer",
                        "Parallel Aware": false,
                        "Index Name": "info_type_id_movie_info",
                        "Startup Cost": 0.0,
                        "Total Cost": 14229.04,
                        "Plan Rows": 796347,
                        "Plan Width": 0,
                        "Actual Startup Time": 20.894,
                        "Actual Total Time": 20.895,
                        "Actual Rows": 802140,
                        "Actual Loops": 1,
                        "Index Cond": "(info_type_id < 2)"
                      }
                    ]
                  },
                  {
                    "Node Type": "Hash",
                    "Parent Relationship": "Inner",
                    "Parallel Aware": true,
                    "Startup Cost": 128091.81,
                    "Total Cost": 128091.81,
                    "Plan Rows": 667727,
                    "Plan Width": 8,
                    "Actual Startup Time": 958.135,
                    "Actual Total Time": 958.439,
                    "Actual Rows": 572719,
                    "Actual Loops": 2,
                    "Hash Buckets": 2097152,
                    "Original Hash Buckets": 2097152,
                    "Hash Batches": 1,
                    "Original Hash Batches": 1,
                    "Peak Memory Usage": 61216,
                    "Plans": [
                      {
                        "Node Type": "Hash Join",
                        "Parent Relationship": "Outer",
                        "Parallel Aware": true,
                        "Join Type": "Inner",
                        "Startup Cost": 93538.44,
                        "Total Cost": 128091.81,
                        "Plan Rows": 667727,
                        "Plan Width": 8,
                        "Actual Startup Time": 587.188,
                        "Actual Total Time": 836.263,
                        "Actual Rows": 572719,
                        "Actual Loops": 2,
                        "Inner Unique": true,
                        "Hash Cond": "(mk.movie_id = t.id)",
                        "Plans": [
                          {
                            "Node Type": "Bitmap Heap Scan",
                            "Parent Relationship": "Outer",
                            "Parallel Aware": true,
                            "Relation Name": "movie_keyword",
                            "Alias": "mk",
                            "Startup Cost": 24077.74,
                            "Total Cost": 56878.32,
                            "Plan Rows": 667727,
                            "Plan Width": 4,
                            "Actual Startup Time": 59.747,
                            "Actual Total Time": 154.931,
                            "Actual Rows": 572719,
                            "Actual Loops": 2,
                            "Recheck Cond": "(keyword_id < 1305)",
                            "Rows Removed by Index Recheck": 0,
                            "Exact Heap Blocks": 13021,
                            "Lossy Heap Blocks": 0,
                            "Plans": [
                              {
                                "Node Type": "Bitmap Index Scan",
                                "Parent Relationship": "Outer",
                                "Parallel Aware": false,
                                "Index Name": "keyword_id_movie_keyword",
                                "Startup Cost": 0.0,
                                "Total Cost": 23793.95,
                                "Plan Rows": 1135136,
                                "Plan Width": 0,
                                "Actual Startup Time": 56.137,
                                "Actual Total Time": 56.137,
                                "Actual Rows": 1145438,
                                "Actual Loops": 1,
                                "Index Cond": "(keyword_id < 1305)"
                              }
                            ]
                          },
                          {
                            "Node Type": "Hash",
                            "Parent Relationship": "Inner",
                            "Parallel Aware": true,
                            "Startup Cost": 50870.31,
                            "Total Cost": 50870.31,
                            "Plan Rows": 1487231,
                            "Plan Width": 4,
                            "Actual Startup Time": 514.152,
                            "Actual Total Time": 514.153,
                            "Actual Rows": 1264156,
                            "Actual Loops": 2,
                            "Hash Buckets": 4194304,
                            "Original Hash Buckets": 4194304,
                            "Hash Batches": 1,
                            "Original Hash Batches": 1,
                            "Peak Memory Usage": 131712,
                            "Plans": [
                              {
                                "Node Type": "Seq Scan",
                                "Parent Relationship": "Outer",
                                "Parallel Aware": true,
                                "Relation Name": "title",
                                "Alias": "t",
                                "Startup Cost": 0.0,
                                "Total Cost": 50870.31,
                                "Plan Rows": 1487231,
                                "Plan Width": 4,
                                "Actual Startup Time": 0.03,
                                "Actual Total Time": 152.221,
                                "Actual Rows": 1264156,
                                "Actual Loops": 2
                              }
                            ]
                          }
                        ]
                      }
                    ]
                  }
                ]
              }
            ]
          }
        ]
      }
    ]
  },
  "Planning Time": 0.849,
  "Triggers": [],
  "Execution Time": 1221.433
}