[
  {
    "Plan": {
      "Node Type": "Aggregate",
      "Strategy": "Plain",
      "Partial Mode": "Finalize",
      "Parallel Aware": false,
      "Startup Cost": 409478.76,
      "Total Cost": 409478.77,
      "Plan Rows": 1,
      "Plan Width": 8,
      "Actual Startup Time": 1124.226,
      "Actual Total Time": 1152.146,
      "Actual Rows": 1,
      "Actual Loops": 1,
      "Plans": [
        {
          "Node Type": "Gather",
          "Parent Relationship": "Outer",
          "Parallel Aware": false,
          "Startup Cost": 409478.44,
          "Total Cost": 409478.75,
          "Plan Rows": 3,
          "Plan Width": 8,
          "Actual Startup Time": 1109.577,
          "Actual Total Time": 1152.134,
          "Actual Rows": 4,
          "Actual Loops": 1,
          "Workers Planned": 3,
          "Workers Launched": 3,
          "Single Copy": false,
          "Plans": [
            {
              "Node Type": "Aggregate",
              "Strategy": "Plain",
              "Partial Mode": "Partial",
              "Parent Relationship": "Outer",
              "Parallel Aware": false,
              "Startup Cost": 408478.44,
              "Total Cost": 408478.45,
              "Plan Rows": 1,
              "Plan Width": 8,
              "Actual Startup Time": 1101.98,
              "Actual Total Time": 1102.633,
              "Actual Rows": 1,
              "Actual Loops": 4,
              "Plans": [
                {
                  "Node Type": "Hash Join",
                  "Parent Relationship": "Outer",
                  "Parallel Aware": true,
                  "Join Type": "Inner",
                  "Startup Cost": 360765.32,
                  "Total Cost": 406562.46,
                  "Plan Rows": 766392,
                  "Plan Width": 0,
                  "Actual Startup Time": 853.759,
                  "Actual Total Time": 1087.858,
                  "Actual Rows": 333194,
                  "Actual Loops": 4,
                  "Inner Unique": false,
                  "Hash Cond": "(mk.movie_id = t.id)",
                  "Plans": [
                    {
                      "Node Type": "Seq Scan",
                      "Parent Relationship": "Outer",
                      "Parallel Aware": true,
                      "Relation Name": "movie_keyword",
                      "Alias": "mk",
                      "Startup Cost": 0.0,
                      "Total Cost": 39047.32,
                      "Plan Rows": 1459332,
                      "Plan Width": 4,
                      "Actual Startup Time": 0.026,
                      "Actual Total Time": 89.71,
                      "Actual Rows": 1130982,
                      "Actual Loops": 4
                    },
                    {
                      "Node Type": "Hash",
                      "Parent Relationship": "Inner",
                      "Parallel Aware": true,
                      "Startup Cost": 357998.98,
                      "Total Cost": 357998.98,
                      "Plan Rows": 221307,
                      "Plan Width": 8,
                      "Actual Startup Time": 849.021,
                      "Actual Total Time": 849.672,
                      "Actual Rows": 330570,
                      "Actual Loops": 4,
                      "Hash Buckets": 2097152,
                      "Original Hash Buckets": 2097152,
                      "Hash Batches": 1,
                      "Original Hash Batches": 1,
                      "Peak Memory Usage": 68160,
                      "Plans": [
                        {
                          "Node Type": "Hash Join",
                          "Parent Relationship": "Outer",
                          "Parallel Aware": true,
                          "Join Type": "Inner",
                          "Startup Cost": 99659.97,
                          "Total Cost": 357998.98,
                          "Plan Rows": 221307,
                          "Plan Width": 8,
                          "Actual Startup Time": 361.138,
                          "Actual Total Time": 718.507,
                          "Actual Rows": 330570,
                          "Actual Loops": 4,
                          "Inner Unique": true,
                          "Hash Cond": "(ci.movie_id = t.id)",
                          "Plans": [
                            {
                              "Node Type": "Bitmap Heap Scan",
                              "Parent Relationship": "Outer",
                              "Parallel Aware": true,
                              "Relation Name": "cast_info",
                              "Alias": "ci",
                              "Startup Cost": 49501.02,
                              "Total Cost": 306859.11,
                              "Plan Rows": 373687,
                              "Plan Width": 4,
                              "Actual Startup Time": 99.251,
                              "Actual Total Time": 197.523,
                              "Actual Rows": 577086,
                              "Actual Loops": 4,
                              "Recheck Cond": "(person_id < 224847)",
                              "Rows Removed by Index Recheck": 0,
                              "Exact Heap Blocks": 7566,
                              "Lossy Heap Blocks": 0,
                              "Plans": [
                                {
                                  "Node Type": "Bitmap Index Scan",
                                  "Parent Relationship": "Outer",
                                  "Parallel Aware": false,
                                  "Index Name": "person_id_cast_info",
                                  "Startup Cost": 0.0,
                                  "Total Cost": 48940.49,
                                  "Plan Rows": 2242123,
                                  "Plan Width": 0,
                                  "Actual Startup Time": 95.379,
                                  "Actual Total Time": 95.379,
                                  "Actual Rows": 2308343,
                                  "Actual Loops": 1,
                                  "Index Cond": "(person_id < 224847)"
                                }
                              ]
                            },
                            {
                              "Node Type": "Hash",
                              "Parent Relationship": "Inner",
                              "Parallel Aware": true,
                              "Startup Cost": 45479.59,
                              "Total Cost": 45479.59,
                              "Plan Rows": 374349,
                              "Plan Width": 4,
                              "Actual Startup Time": 257.96,
                              "Actual Total Time": 257.962,
                              "Actual Rows": 369610,
                              "Actual Loops": 4,
                              "Hash Buckets": 2097152,
                              "Original Hash Buckets": 2097152,
                              "Hash Batches": 1,
                              "Original Hash Batches": 1,
                              "Peak Memory Usage": 74272,
                              "Plans": [
                                {
                                  "Node Type": "Seq Scan",
                                  "Parent Relationship": "Outer",
                                  "Parallel Aware": true,
                                  "Relation Name": "title",
                                  "Alias": "t",
                                  "Startup Cost": 0.0,
                                  "Total Cost": 45479.59,
                                  "Plan Rows": 374349,
                                  "Plan Width": 4,
                                  "Actual Startup Time": 0.045,
                                  "Actual Total Time": 115.401,
                                  "Actual Rows": 369610,
                                  "Actual Loops": 4,
                                  "Filter": "((production_year > 0) AND (kind_id = 7))",
                                  "Rows Removed by Filter": 262468
                                }
                              ]
                            }
                          ]
                        }
                      ]
                    }
                  ]
                }
              ]
            }
          ]
        }
      ]
    },
    "Planning Time": 0.45,
    "Triggers": [],
    "Execution Time": 1152.203
  }
]