{
    "Plan": {
        "Node Type": "Aggregate",
        "Strategy": "Plain",
        "Partial Mode": "Simple",
        "Parallel Aware": false,
        "Startup Cost": 60000634267.99,
        "Total Cost": 60000634268.0,
        "Plan Rows": 1,
        "Plan Width": 64,
        "Actual Startup Time": 4349.193,
        "Actual Total Time": 4349.207,
        "Actual Rows": 1,
        "Actual Loops": 1,
        "Output": [
            "min(n.name)",
            "min(t.title)"
        ],
        "Plans": [
            {
                "Node Type": "Nested Loop",
                "Parent Relationship": "Outer",
                "Parallel Aware": false,
                "Join Type": "Inner",
                "Startup Cost": 60000634245.96,
                "Total Cost": 60000634267.99,
                "Plan Rows": 1,
                "Plan Width": 32,
                "Actual Startup Time": 4334.49,
                "Actual Total Time": 4348.81,
                "Actual Rows": 1472,
                "Actual Loops": 1,
                "Output": [
                    "n.name",
                    "t.title"
                ],
                "Inner Unique": true,
                "Plans": [
                    {
                        "Node Type": "Nested Loop",
                        "Parent Relationship": "Outer",
                        "Parallel Aware": false,
                        "Join Type": "Inner",
                        "Startup Cost": 50000634245.52,
                        "Total Cost": 50000634263.53,
                        "Plan Rows": 1,
                        "Plan Width": 36,
                        "Actual Startup Time": 4334.469,
                        "Actual Total Time": 4342.279,
                        "Actual Rows": 1472,
                        "Actual Loops": 1,
                        "Output": [
                            "mc.company_id",
                            "n.name",
                            "t.title"
                        ],
                        "Inner Unique": true,
                        "Plans": [
                            {
                                "Node Type": "Merge Join",
                                "Parent Relationship": "Outer",
                                "Parallel Aware": false,
                                "Join Type": "Inner",
                                "Startup Cost": 40000634245.06,
                                "Total Cost": 40000634259.06,
                                "Plan Rows": 1,
                                "Plan Width": 40,
                                "Actual Startup Time": 4334.367,
                                "Actual Total Time": 4334.846,
                                "Actual Rows": 1499,
                                "Actual Loops": 1,
                                "Output": [
                                    "ci.person_role_id",
                                    "mc.company_id",
                                    "n.name",
                                    "t.title"
                                ],
                                "Inner Unique": true,
                                "Merge Cond": "(mi.info_type_id = it.id)",
                                "Plans": [
                                    {
                                        "Node Type": "Sort",
                                        "Parent Relationship": "Outer",
                                        "Parallel Aware": false,
                                        "Startup Cost": 40000634244.92,
                                        "Total Cost": 40000634244.93,
                                        "Plan Rows": 1,
                                        "Plan Width": 44,
                                        "Actual Startup Time": 4334.343,
                                        "Actual Total Time": 4334.534,
                                        "Actual Rows": 1499,
                                        "Actual Loops": 1,
                                        "Output": [
                                            "ci.person_role_id",
                                            "mc.company_id",
                                            "mi.info_type_id",
                                            "n.name",
                                            "t.title"
                                        ],
                                        "Sort Key": [
                                            "mi.info_type_id"
                                        ],
                                        "Sort Method": "quicksort",
                                        "Sort Space Used": 167,
                                        "Sort Space Type": "Memory",
                                        "Plans": [
                                            {
                                                "Node Type": "Nested Loop",
                                                "Parent Relationship": "Outer",
                                                "Parallel Aware": false,
                                                "Join Type": "Inner",
                                                "Startup Cost": 40000508746.46,
                                                "Total Cost": 40000634244.91,
                                                "Plan Rows": 1,
                                                "Plan Width": 44,
                                                "Actual Startup Time": 3159.955,
                                                "Actual Total Time": 4333.663,
                                                "Actual Rows": 1499,
                                                "Actual Loops": 1,
                                                "Output": [
                                                    "ci.person_role_id",
                                                    "mc.company_id",
                                                    "mi.info_type_id",
                                                    "n.name",
                                                    "t.title"
                                                ],
                                                "Inner Unique": false,
                                                "Join Filter": "(t.id = mc.movie_id)",
                                                "Rows Removed by Join Filter": 0,
                                                "Plans": [
                                                    {
                                                        "Node Type": "Hash Join",
                                                        "Parent Relationship": "Outer",
                                                        "Parallel Aware": false,
                                                        "Join Type": "Inner",
                                                        "Startup Cost": 30000508745.98,
                                                        "Total Cost": 30000634235.74,
                                                        "Plan Rows": 2,
                                                        "Plan Width": 52,
                                                        "Actual Startup Time": 3143.619,
                                                        "Actual Total Time": 4323.373,
                                                        "Actual Rows": 2072,
                                                        "Actual Loops": 1,
                                                        "Output": [
                                                            "ci.movie_id",
                                                            "ci.person_role_id",
                                                            "mi.movie_id",
                                                            "mi.info_type_id",
                                                            "n.name",
                                                            "t.title",
                                                            "t.id"
                                                        ],
                                                        "Inner Unique": false,
                                                        "Hash Cond": "(t.id = mi.movie_id)",
                                                        "Plans": [
                                                            {
                                                                "Node Type": "Merge Join",
                                                                "Parent Relationship": "Outer",
                                                                "Parallel Aware": false,
                                                                "Join Type": "Inner",
                                                                "Startup Cost": 20000119683.39,
                                                                "Total Cost": 20000245139.32,
                                                                "Plan Rows": 5,
                                                                "Plan Width": 44,
                                                                "Actual Startup Time": 682.906,
                                                                "Actual Total Time": 1861.4,
                                                                "Actual Rows": 1970,
                                                                "Actual Loops": 1,
                                                                "Output": [
                                                                    "ci.movie_id",
                                                                    "ci.person_role_id",
                                                                    "n.name",
                                                                    "t.title",
                                                                    "t.id"
                                                                ],
                                                                "Inner Unique": false,
                                                                "Merge Cond": "(t.id = ci.movie_id)",
                                                                "Plans": [
                                                                    {
                                                                        "Node Type": "Index Scan",
                                                                        "Parent Relationship": "Outer",
                                                                        "Parallel Aware": false,
                                                                        "Scan Direction": "Forward",
                                                                        "Index Name": "title_pkey",
                                                                        "Relation Name": "title",
                                                                        "Schema": "public",
                                                                        "Alias": "t",
                                                                        "Startup Cost": 0.43,
                                                                        "Total Cost": 122983.71,
                                                                        "Plan Rows": 1042645,
                                                                        "Plan Width": 21,
                                                                        "Actual Startup Time": 0.029,
                                                                        "Actual Total Time": 1170.602,
                                                                        "Actual Rows": 1036849,
                                                                        "Actual Loops": 1,
                                                                        "Output": [
                                                                            "t.id",
                                                                            "t.title",
                                                                            "t.imdb_index",
                                                                            "t.kind_id",
                                                                            "t.production_year",
                                                                            "t.imdb_id",
                                                                            "t.phonetic_code",
                                                                            "t.episode_of_id",
                                                                            "t.season_nr",
                                                                            "t.episode_nr",
                                                                            "t.series_years",
                                                                            "t.md5sum"
                                                                        ],
                                                                        "Filter": "((t.production_year >= 2000) AND (t.production_year <= 2010))",
                                                                        "Rows Removed by Filter": 1470308
                                                                    },
                                                                    {
                                                                        "Node Type": "Sort",
                                                                        "Parent Relationship": "Inner",
                                                                        "Parallel Aware": false,
                                                                        "Startup Cost": 20000119672.36,
                                                                        "Total Cost": 20000119672.39,
                                                                        "Plan Rows": 11,
                                                                        "Plan Width": 23,
                                                                        "Actual Startup Time": 641.545,
                                                                        "Actual Total Time": 641.902,
                                                                        "Actual Rows": 1986,
                                                                        "Actual Loops": 1,
                                                                        "Output": [
                                                                            "ci.movie_id",
                                                                            "ci.person_role_id",
                                                                            "n.name"
                                                                        ],
                                                                        "Sort Key": [
                                                                            "ci.movie_id"
                                                                        ],
                                                                        "Sort Method": "quicksort",
                                                                        "Sort Space Used": 204,
                                                                        "Sort Space Type": "Memory",
                                                                        "Plans": [
                                                                            {
                                                                                "Node Type": "Merge Join",
                                                                                "Parent Relationship": "Outer",
                                                                                "Parallel Aware": false,
                                                                                "Join Type": "Inner",
                                                                                "Startup Cost": 20000119659.21,
                                                                                "Total Cost": 20000119672.17,
                                                                                "Plan Rows": 11,
                                                                                "Plan Width": 23,
                                                                                "Actual Startup Time": 640.851,
                                                                                "Actual Total Time": 641.175,
                                                                                "Actual Rows": 1986,
                                                                                "Actual Loops": 1,
                                                                                "Output": [
                                                                                    "ci.movie_id",
                                                                                    "ci.person_role_id",
                                                                                    "n.name"
                                                                                ],
                                                                                "Inner Unique": true,
                                                                                "Merge Cond": "(ci.role_id = rt.id)",
                                                                                "Plans": [
                                                                                    {
                                                                                        "Node Type": "Sort",
                                                                                        "Parent Relationship": "Outer",
                                                                                        "Parallel Aware": false,
                                                                                        "Startup Cost": 20000119659.08,
                                                                                        "Total Cost": 20000119659.4,
                                                                                        "Plan Rows": 127,
                                                                                        "Plan Width": 27,
                                                                                        "Actual Startup Time": 640.828,
                                                                                        "Actual Total Time": 640.911,
                                                                                        "Actual Rows": 1987,
                                                                                        "Actual Loops": 1,
                                                                                        "Output": [
                                                                                            "ci.movie_id",
                                                                                            "ci.role_id",
                                                                                            "ci.person_role_id",
                                                                                            "n.name"
                                                                                        ],
                                                                                        "Sort Key": [
                                                                                            "ci.role_id"
                                                                                        ],
                                                                                        "Sort Method": "quicksort",
                                                                                        "Sort Space Used": 205,
                                                                                        "Sort Space Type": "Memory",
                                                                                        "Plans": [
                                                                                            {
                                                                                                "Node Type": "Nested Loop",
                                                                                                "Parent Relationship": "Outer",
                                                                                                "Parallel Aware": false,
                                                                                                "Join Type": "Inner",
                                                                                                "Startup Cost": 20000000009.37,
                                                                                                "Total Cost": 20000119654.64,
                                                                                                "Plan Rows": 127,
                                                                                                "Plan Width": 27,
                                                                                                "Actual Startup Time": 249.178,
                                                                                                "Actual Total Time": 640.55,
                                                                                                "Actual Rows": 2003,
                                                                                                "Actual Loops": 1,
                                                                                                "Output": [
                                                                                                    "ci.movie_id",
                                                                                                    "ci.role_id",
                                                                                                    "ci.person_role_id",
                                                                                                    "n.name"
                                                                                                ],
                                                                                                "Inner Unique": false,
                                                                                                "Join Filter": "(n.id = ci.person_id)",
                                                                                                "Rows Removed by Join Filter": 0,
                                                                                                "Plans": [
                                                                                                    {
                                                                                                        "Node Type": "Nested Loop",
                                                                                                        "Parent Relationship": "Outer",
                                                                                                        "Parallel Aware": false,
                                                                                                        "Join Type": "Inner",
                                                                                                        "Startup Cost": 10000000004.4,
                                                                                                        "Total Cost": 10000119288.4,
                                                                                                        "Plan Rows": 20,
                                                                                                        "Plan Width": 23,
                                                                                                        "Actual Startup Time": 249.093,
                                                                                                        "Actual Total Time": 637.262,
                                                                                                        "Actual Rows": 126,
                                                                                                        "Actual Loops": 1,
                                                                                                        "Output": [
                                                                                                            "an.person_id",
                                                                                                            "n.name",
                                                                                                            "n.id"
                                                                                                        ],
                                                                                                        "Inner Unique": false,
                                                                                                        "Plans": [
                                                                                                            {
                                                                                                                "Node Type": "Seq Scan",
                                                                                                                "Parent Relationship": "Outer",
                                                                                                                "Parallel Aware": false,
                                                                                                                "Relation Name": "name",
                                                                                                                "Schema": "public",
                                                                                                                "Alias": "n",
                                                                                                                "Startup Cost": 0.0,
                                                                                                                "Total Cost": 118126.24,
                                                                                                                "Plan Rows": 94,
                                                                                                                "Plan Width": 19,
                                                                                                                "Actual Startup Time": 248.649,
                                                                                                                "Actual Total Time": 633.583,
                                                                                                                "Actual Rows": 597,
                                                                                                                "Actual Loops": 1,
                                                                                                                "Output": [
                                                                                                                    "n.id",
                                                                                                                    "n.name",
                                                                                                                    "n.imdb_index",
                                                                                                                    "n.imdb_id",
                                                                                                                    "n.gender",
                                                                                                                    "n.name_pcode_cf",
                                                                                                                    "n.name_pcode_nf",
                                                                                                                    "n.surname_pcode",
                                                                                                                    "n.md5sum"
                                                                                                                ],
                                                                                                                "Filter": "((n.name ~~ '%Terri%'::text) AND ((n.gender)::text = 'f'::text))",
                                                                                                                "Rows Removed by Filter": 4166894
                                                                                                            },
                                                                                                            {
                                                                                                                "Node Type": "Bitmap Heap Scan",
                                                                                                                "Parent Relationship": "Inner",
                                                                                                                "Parallel Aware": false,
                                                                                                                "Relation Name": "aka_name",
                                                                                                                "Schema": "public",
                                                                                                                "Alias": "an",
                                                                                                                "Startup Cost": 4.4,
                                                                                                                "Total Cost": 12.34,
                                                                                                                "Plan Rows": 2,
                                                                                                                "Plan Width": 4,
                                                                                                                "Actual Startup Time": 0.004,
                                                                                                                "Actual Total Time": 0.004,
                                                                                                                "Actual Rows": 0,
                                                                                                                "Actual Loops": 597,
                                                                                                                "Output": [
                                                                                                                    "an.id",
                                                                                                                    "an.person_id",
                                                                                                                    "an.name",
                                                                                                                    "an.imdb_index",
                                                                                                                    "an.name_pcode_cf",
                                                                                                                    "an.name_pcode_nf",
                                                                                                                    "an.surname_pcode",
                                                                                                                    "an.md5sum"
                                                                                                                ],
                                                                                                                "Recheck Cond": "(an.person_id = n.id)",
                                                                                                                "Rows Removed by Index Recheck": 0,
                                                                                                                "Exact Heap Blocks": 91,
                                                                                                                "Lossy Heap Blocks": 0,
                                                                                                                "Plans": [
                                                                                                                    {
                                                                                                                        "Node Type": "Bitmap Index Scan",
                                                                                                                        "Parent Relationship": "Outer",
                                                                                                                        "Parallel Aware": false,
                                                                                                                        "Index Name": "person_id_aka_name",
                                                                                                                        "Startup Cost": 0.0,
                                                                                                                        "Total Cost": 4.4,
                                                                                                                        "Plan Rows": 2,
                                                                                                                        "Plan Width": 0,
                                                                                                                        "Actual Startup Time": 0.003,
                                                                                                                        "Actual Total Time": 0.003,
                                                                                                                        "Actual Rows": 0,
                                                                                                                        "Actual Loops": 597,
                                                                                                                        "Index Cond": "(an.person_id = n.id)"
                                                                                                                    }
                                                                                                                ]
                                                                                                            }
                                                                                                        ]
                                                                                                    },
                                                                                                    {
                                                                                                        "Node Type": "Bitmap Heap Scan",
                                                                                                        "Parent Relationship": "Inner",
                                                                                                        "Parallel Aware": false,
                                                                                                        "Relation Name": "cast_info",
                                                                                                        "Schema": "public",
                                                                                                        "Alias": "ci",
                                                                                                        "Startup Cost": 4.97,
                                                                                                        "Total Cost": 17.9,
                                                                                                        "Plan Rows": 33,
                                                                                                        "Plan Width": 16,
                                                                                                        "Actual Startup Time": 0.018,
                                                                                                        "Actual Total Time": 0.022,
                                                                                                        "Actual Rows": 16,
                                                                                                        "Actual Loops": 126,
                                                                                                        "Output": [
                                                                                                            "ci.id",
                                                                                                            "ci.person_id",
                                                                                                            "ci.movie_id",
                                                                                                            "ci.person_role_id",
                                                                                                            "ci.note",
                                                                                                            "ci.nr_order",
                                                                                                            "ci.role_id"
                                                                                                        ],
                                                                                                        "Recheck Cond": "(ci.person_id = an.person_id)",
                                                                                                        "Rows Removed by Index Recheck": 0,
                                                                                                        "Filter": "(ci.note = ANY ('{(voice),\"(executive producer)\",(writer),\"(as Terri Colombino)\"}'::text[]))",
                                                                                                        "Rows Removed by Filter": 37,
                                                                                                        "Exact Heap Blocks": 232,
                                                                                                        "Lossy Heap Blocks": 0,
                                                                                                        "Plans": [
                                                                                                            {
                                                                                                                "Node Type": "Bitmap Index Scan",
                                                                                                                "Parent Relationship": "Outer",
                                                                                                                "Parallel Aware": false,
                                                                                                                "Index Name": "person_id_cast_info",
                                                                                                                "Startup Cost": 0.0,
                                                                                                                "Total Cost": 4.97,
                                                                                                                "Plan Rows": 510,
                                                                                                                "Plan Width": 0,
                                                                                                                "Actual Startup Time": 0.011,
                                                                                                                "Actual Total Time": 0.011,
                                                                                                                "Actual Rows": 53,
                                                                                                                "Actual Loops": 126,
                                                                                                                "Index Cond": "(ci.person_id = an.person_id)"
                                                                                                            }
                                                                                                        ]
                                                                                                    }
                                                                                                ]
                                                                                            }
                                                                                        ]
                                                                                    },
                                                                                    {
                                                                                        "Node Type": "Index Scan",
                                                                                        "Parent Relationship": "Inner",
                                                                                        "Parallel Aware": false,
                                                                                        "Scan Direction": "Forward",
                                                                                        "Index Name": "role_type_pkey",
                                                                                        "Relation Name": "role_type",
                                                                                        "Schema": "public",
                                                                                        "Alias": "rt",
                                                                                        "Startup Cost": 0.14,
                                                                                        "Total Cost": 12.35,
                                                                                        "Plan Rows": 1,
                                                                                        "Plan Width": 4,
                                                                                        "Actual Startup Time": 0.016,
                                                                                        "Actual Total Time": 0.02,
                                                                                        "Actual Rows": 1,
                                                                                        "Actual Loops": 1,
                                                                                        "Output": [
                                                                                            "rt.id",
                                                                                            "rt.role"
                                                                                        ],
                                                                                        "Filter": "((rt.role)::text = 'actress'::text)",
                                                                                        "Rows Removed by Filter": 11
                                                                                    }
                                                                                ]
                                                                            }
                                                                        ]
                                                                    }
                                                                ]
                                                            },
                                                            {
                                                                "Node Type": "Hash",
                                                                "Parent Relationship": "Inner",
                                                                "Parallel Aware": false,
                                                                "Startup Cost": 10000383319.42,
                                                                "Total Cost": 10000383319.42,
                                                                "Plan Rows": 459453,
                                                                "Plan Width": 8,
                                                                "Actual Startup Time": 2459.946,
                                                                "Actual Total Time": 2459.947,
                                                                "Actual Rows": 451104,
                                                                "Actual Loops": 1,
                                                                "Output": [
                                                                    "mi.movie_id",
                                                                    "mi.info_type_id"
                                                                ],
                                                                "Hash Buckets": 524288,
                                                                "Original Hash Buckets": 524288,
                                                                "Hash Batches": 1,
                                                                "Original Hash Batches": 1,
                                                                "Peak Memory Usage": 21718,
                                                                "Plans": [
                                                                    {
                                                                        "Node Type": "Seq Scan",
                                                                        "Parent Relationship": "Outer",
                                                                        "Parallel Aware": false,
                                                                        "Relation Name": "movie_info",
                                                                        "Schema": "public",
                                                                        "Alias": "mi",
                                                                        "Startup Cost": 10000000000.0,
                                                                        "Total Cost": 10000383319.42,
                                                                        "Plan Rows": 459453,
                                                                        "Plan Width": 8,
                                                                        "Actual Startup Time": 280.539,
                                                                        "Actual Total Time": 2337.148,
                                                                        "Actual Rows": 451104,
                                                                        "Actual Loops": 1,
                                                                        "Output": [
                                                                            "mi.movie_id",
                                                                            "mi.info_type_id"
                                                                        ],
                                                                        "Filter": "((mi.info IS NOT NULL) AND ((mi.info ~~ 'Japan:%200%'::text) OR (mi.info ~~ 'USA:%200%'::text)))",
                                                                        "Rows Removed by Filter": 14384616
                                                                    }
                                                                ]
                                                            }
                                                        ]
                                                    },
                                                    {
                                                        "Node Type": "Bitmap Heap Scan",
                                                        "Parent Relationship": "Inner",
                                                        "Parallel Aware": false,
                                                        "Relation Name": "movie_companies",
                                                        "Schema": "public",
                                                        "Alias": "mc",
                                                        "Startup Cost": 0.48,
                                                        "Total Cost": 4.57,
                                                        "Plan Rows": 1,
                                                        "Plan Width": 8,
                                                        "Actual Startup Time": 0.003,
                                                        "Actual Total Time": 0.003,
                                                        "Actual Rows": 1,
                                                        "Actual Loops": 2072,
                                                        "Output": [
                                                            "mc.id",
                                                            "mc.movie_id",
                                                            "mc.company_id",
                                                            "mc.company_type_id",
                                                            "mc.note"
                                                        ],
                                                        "Recheck Cond": "(mc.movie_id = ci.movie_id)",
                                                        "Rows Removed by Index Recheck": 0,
                                                        "Filter": "((mc.note IS NOT NULL) AND ((mc.note ~~ '%(USA)%'::text) OR (mc.note ~~ '%(worldwide)%'::text)))",
                                                        "Rows Removed by Filter": 0,
                                                        "Exact Heap Blocks": 1524,
                                                        "Lossy Heap Blocks": 0,
                                                        "Plans": [
                                                            {
                                                                "Node Type": "Bitmap Index Scan",
                                                                "Parent Relationship": "Outer",
                                                                "Parallel Aware": false,
                                                                "Index Name": "movie_id_movie_companies",
                                                                "Startup Cost": 0.0,
                                                                "Total Cost": 0.48,
                                                                "Plan Rows": 5,
                                                                "Plan Width": 0,
                                                                "Actual Startup Time": 0.002,
                                                                "Actual Total Time": 0.002,
                                                                "Actual Rows": 1,
                                                                "Actual Loops": 2072,
                                                                "Index Cond": "(mc.movie_id = ci.movie_id)"
                                                            }
                                                        ]
                                                    }
                                                ]
                                            }
                                        ]
                                    },
                                    {
                                        "Node Type": "Index Scan",
                                        "Parent Relationship": "Inner",
                                        "Parallel Aware": false,
                                        "Scan Direction": "Forward",
                                        "Index Name": "info_type_pkey",
                                        "Relation Name": "info_type",
                                        "Schema": "public",
                                        "Alias": "it",
                                        "Startup Cost": 0.14,
                                        "Total Cost": 14.12,
                                        "Plan Rows": 1,
                                        "Plan Width": 4,
                                        "Actual Startup Time": 0.019,
                                        "Actual Total Time": 0.019,
                                        "Actual Rows": 1,
                                        "Actual Loops": 1,
                                        "Output": [
                                            "it.id",
                                            "it.info"
                                        ],
                                        "Filter": "((it.info)::text = 'release dates'::text)",
                                        "Rows Removed by Filter": 15
                                    }
                                ]
                            },
                            {
                                "Node Type": "Bitmap Heap Scan",
                                "Parent Relationship": "Inner",
                                "Parallel Aware": false,
                                "Relation Name": "char_name",
                                "Schema": "public",
                                "Alias": "chn",
                                "Startup Cost": 0.46,
                                "Total Cost": 4.47,
                                "Plan Rows": 1,
                                "Plan Width": 4,
                                "Actual Startup Time": 0.003,
                                "Actual Total Time": 0.003,
                                "Actual Rows": 1,
                                "Actual Loops": 1499,
                                "Output": [
                                    "chn.id",
                                    "chn.name",
                                    "chn.imdb_index",
                                    "chn.imdb_id",
                                    "chn.name_pcode_nf",
                                    "chn.surname_pcode",
                                    "chn.md5sum"
                                ],
                                "Recheck Cond": "(chn.id = ci.person_role_id)",
                                "Rows Removed by Index Recheck": 0,
                                "Exact Heap Blocks": 1472,
                                "Lossy Heap Blocks": 0,
                                "Plans": [
                                    {
                                        "Node Type": "Bitmap Index Scan",
                                        "Parent Relationship": "Outer",
                                        "Parallel Aware": false,
                                        "Index Name": "char_name_pkey",
                                        "Startup Cost": 0.0,
                                        "Total Cost": 0.46,
                                        "Plan Rows": 1,
                                        "Plan Width": 0,
                                        "Actual Startup Time": 0.002,
                                        "Actual Total Time": 0.002,
                                        "Actual Rows": 1,
                                        "Actual Loops": 1499,
                                        "Index Cond": "(chn.id = ci.person_role_id)"
                                    }
                                ]
                            }
                        ]
                    },
                    {
                        "Node Type": "Bitmap Heap Scan",
                        "Parent Relationship": "Inner",
                        "Parallel Aware": false,
                        "Relation Name": "company_name",
                        "Schema": "public",
                        "Alias": "cn",
                        "Startup Cost": 0.44,
                        "Total Cost": 4.45,
                        "Plan Rows": 1,
                        "Plan Width": 4,
                        "Actual Startup Time": 0.003,
                        "Actual Total Time": 0.003,
                        "Actual Rows": 1,
                        "Actual Loops": 1472,
                        "Output": [
                            "cn.id",
                            "cn.name",
                            "cn.country_code",
                            "cn.imdb_id",
                            "cn.name_pcode_nf",
                            "cn.name_pcode_sf",
                            "cn.md5sum"
                        ],
                        "Recheck Cond": "(cn.id = mc.company_id)",
                        "Rows Removed by Index Recheck": 0,
                        "Filter": "((cn.country_code)::text = '[us]'::text)",
                        "Rows Removed by Filter": 0,
                        "Exact Heap Blocks": 1472,
                        "Lossy Heap Blocks": 0,
                        "Plans": [
                            {
                                "Node Type": "Bitmap Index Scan",
                                "Parent Relationship": "Outer",
                                "Parallel Aware": false,
                                "Index Name": "company_name_pkey",
                                "Startup Cost": 0.0,
                                "Total Cost": 0.44,
                                "Plan Rows": 1,
                                "Plan Width": 0,
                                "Actual Startup Time": 0.002,
                                "Actual Total Time": 0.002,
                                "Actual Rows": 1,
                                "Actual Loops": 1472,
                                "Index Cond": "(cn.id = mc.company_id)"
                            }
                        ]
                    }
                ]
            }
        ]
    },
    "Planning Time": 23.037,
    "Triggers": [],
    "Execution Time": 4349.627
}