[
  {
    "Plan": {
      "Node Type": "Aggregate",
      "Strategy": "Plain",
      "Partial Mode": "Finalize",
      "Parallel Aware": false,
      "Startup Cost": 85130.58,
      "Total Cost": 85130.59,
      "Plan Rows": 1,
      "Plan Width": 8,
      "Actual Startup Time": 238.591,
      "Actual Total Time": 260.404,
      "Actual Rows": 1,
      "Actual Loops": 1,
      "Plans": [
        {
          "Node Type": "Gather",
          "Parent Relationship": "Outer",
          "Parallel Aware": false,
          "Startup Cost": 85130.26,
          "Total Cost": 85130.57,
          "Plan Rows": 3,
          "Plan Width": 8,
          "Actual Startup Time": 237.786,
          "Actual Total Time": 260.394,
          "Actual Rows": 4,
          "Actual Loops": 1,
          "Workers Planned": 3,
          "Workers Launched": 3,
          "Single Copy": false,
          "Plans": [
            {
              "Node Type": "Aggregate",
              "Strategy": "Plain",
              "Partial Mode": "Partial",
              "Parent Relationship": "Outer",
              "Parallel Aware": false,
              "Startup Cost": 84130.26,
              "Total Cost": 84130.27,
              "Plan Rows": 1,
              "Plan Width": 8,
              "Actual Startup Time": 230.463,
              "Actual Total Time": 230.468,
              "Actual Rows": 1,
              "Actual Loops": 4,
              "Plans": [
                {
                  "Node Type": "Hash Join",
                  "Parent Relationship": "Outer",
                  "Parallel Aware": true,
                  "Join Type": "Inner",
                  "Startup Cost": 56754.44,
                  "Total Cost": 84117.76,
                  "Plan Rows": 5001,
                  "Plan Width": 0,
                  "Actual Startup Time": 137.92,
                  "Actual Total Time": 230.313,
                  "Actual Rows": 1215,
                  "Actual Loops": 4,
                  "Inner Unique": true,
                  "Hash Cond": "(mk.movie_id = t.id)",
                  "Plans": [
                    {
                      "Node Type": "Bitmap Heap Scan",
                      "Parent Relationship": "Outer",
                      "Parallel Aware": true,
                      "Relation Name": "movie_keyword",
                      "Alias": "mk",
                      "Startup Cost": 12649.68,
                      "Total Cost": 39508.08,
                      "Plan Rows": 192352,
                      "Plan Width": 4,
                      "Actual Startup Time": 32.66,
                      "Actual Total Time": 103.024,
                      "Actual Rows": 151686,
                      "Actual Loops": 4,
                      "Recheck Cond": "(keyword_id < 460)",
                      "Rows Removed by Index Recheck": 0,
                      "Exact Heap Blocks": 9700,
                      "Lossy Heap Blocks": 0,
                      "Plans": [
                        {
                          "Node Type": "Bitmap Index Scan",
                          "Parent Relationship": "Outer",
                          "Parallel Aware": false,
                          "Index Name": "keyword_id_movie_keyword",
                          "Startup Cost": 0.0,
                          "Total Cost": 12500.61,
                          "Plan Rows": 596290,
                          "Plan Width": 0,
                          "Actual Startup Time": 29.046,
                          "Actual Total Time": 29.047,
                          "Actual Rows": 606746,
                          "Actual Loops": 1,
                          "Index Cond": "(keyword_id < 460)"
                        }
                      ]
                    },
                    {
                      "Node Type": "Hash",
                      "Parent Relationship": "Inner",
                      "Parallel Aware": true,
                      "Startup Cost": 43899.32,
                      "Total Cost": 43899.32,
                      "Plan Rows": 16435,
                      "Plan Width": 4,
                      "Actual Startup Time": 104.064,
                      "Actual Total Time": 104.065,
                      "Actual Rows": 15957,
                      "Actual Loops": 4,
                      "Hash Buckets": 131072,
                      "Original Hash Buckets": 131072,
                      "Hash Batches": 1,
                      "Original Hash Batches": 1,
                      "Peak Memory Usage": 3584,
                      "Plans": [
                        {
                          "Node Type": "Seq Scan",
                          "Parent Relationship": "Outer",
                          "Parallel Aware": true,
                          "Relation Name": "title",
                          "Alias": "t",
                          "Startup Cost": 0.0,
                          "Total Cost": 43899.32,
                          "Plan Rows": 16435,
                          "Plan Width": 4,
                          "Actual Startup Time": 0.052,
                          "Actual Total Time": 96.97,
                          "Actual Rows": 15957,
                          "Actual Loops": 4,
                          "Filter": "(production_year = 2013)",
                          "Rows Removed by Filter": 616121
                        }
                      ]
                    }
                  ]
                }
              ]
            }
          ]
        }
      ]
    },
    "Planning Time": 0.263,
    "Triggers": [],
    "Execution Time": 260.453
  }
]