[
  {
    "Plan": {
      "Node Type": "Aggregate",
      "Strategy": "Plain",
      "Partial Mode": "Finalize",
      "Parallel Aware": false,
      "Startup Cost": 271065.45,
      "Total Cost": 271065.46,
      "Plan Rows": 1,
      "Plan Width": 8,
      "Actual Startup Time": 665.079,
      "Actual Total Time": 736.118,
      "Actual Rows": 1,
      "Actual Loops": 1,
      "Plans": [
        {
          "Node Type": "Gather",
          "Parent Relationship": "Outer",
          "Parallel Aware": false,
          "Startup Cost": 271064.92,
          "Total Cost": 271065.43,
          "Plan Rows": 5,
          "Plan Width": 8,
          "Actual Startup Time": 665.068,
          "Actual Total Time": 736.11,
          "Actual Rows": 6,
          "Actual Loops": 1,
          "Workers Planned": 5,
          "Workers Launched": 5,
          "Single Copy": false,
          "Plans": [
            {
              "Node Type": "Aggregate",
              "Strategy": "Plain",
              "Partial Mode": "Partial",
              "Parent Relationship": "Outer",
              "Parallel Aware": false,
              "Startup Cost": 270064.92,
              "Total Cost": 270064.93,
              "Plan Rows": 1,
              "Plan Width": 8,
              "Actual Startup Time": 654.974,
              "Actual Total Time": 654.978,
              "Actual Rows": 1,
              "Actual Loops": 6,
              "Plans": [
                {
                  "Node Type": "Nested Loop",
                  "Parent Relationship": "Outer",
                  "Parallel Aware": false,
                  "Join Type": "Inner",
                  "Startup Cost": 67678.44,
                  "Total Cost": 269603.54,
                  "Plan Rows": 184552,
                  "Plan Width": 0,
                  "Actual Startup Time": 131.776,
                  "Actual Total Time": 641.69,
                  "Actual Rows": 219114,
                  "Actual Loops": 6,
                  "Inner Unique": false,
                  "Join Filter": "(t.id = ci.movie_id)",
                  "Rows Removed by Join Filter": 0,
                  "Plans": [
                    {
                      "Node Type": "Hash Join",
                      "Parent Relationship": "Outer",
                      "Parallel Aware": true,
                      "Join Type": "Inner",
                      "Startup Cost": 67677.88,
                      "Total Cost": 233585.49,
                      "Plan Rows": 12872,
                      "Plan Width": 8,
                      "Actual Startup Time": 131.588,
                      "Actual Total Time": 205.165,
                      "Actual Rows": 10240,
                      "Actual Loops": 6,
                      "Inner Unique": true,
                      "Hash Cond": "(mi.movie_id = t.id)",
                      "Plans": [
                        {
                          "Node Type": "Bitmap Heap Scan",
                          "Parent Relationship": "Outer",
                          "Parallel Aware": true,
                          "Relation Name": "movie_info",
                          "Alias": "mi",
                          "Startup Cost": 23385.59,
                          "Total Cost": 188613.81,
                          "Plan Rows": 258817,
                          "Plan Width": 4,
                          "Actual Startup Time": 44.831,
                          "Actual Total Time": 68.23,
                          "Actual Rows": 216498,
                          "Actual Loops": 6,
                          "Recheck Cond": "(info_type_id = 4)",
                          "Rows Removed by Index Recheck": 0,
                          "Exact Heap Blocks": 2110,
                          "Lossy Heap Blocks": 0,
                          "Plans": [
                            {
                              "Node Type": "Bitmap Index Scan",
                              "Parent Relationship": "Outer",
                              "Parallel Aware": false,
                              "Index Name": "info_type_id_movie_info",
                              "Startup Cost": 0.0,
                              "Total Cost": 23062.07,
                              "Plan Rows": 1294085,
                              "Plan Width": 0,
                              "Actual Startup Time": 43.39,
                              "Actual Total Time": 43.391,
                              "Actual Rows": 1298989,
                              "Actual Loops": 1,
                              "Index Cond": "(info_type_id = 4)"
                            }
                          ]
                        },
                        {
                          "Node Type": "Hash",
                          "Parent Relationship": "Inner",
                          "Parallel Aware": true,
                          "Startup Cost": 43899.32,
                          "Total Cost": 43899.32,
                          "Plan Rows": 31437,
                          "Plan Width": 4,
                          "Actual Startup Time": 83.992,
                          "Actual Total Time": 83.992,
                          "Actual Rows": 21449,
                          "Actual Loops": 6,
                          "Hash Buckets": 131072,
                          "Original Hash Buckets": 131072,
                          "Hash Batches": 1,
                          "Original Hash Batches": 1,
                          "Peak Memory Usage": 6176,
                          "Plans": [
                            {
                              "Node Type": "Seq Scan",
                              "Parent Relationship": "Outer",
                              "Parallel Aware": true,
                              "Relation Name": "title",
                              "Alias": "t",
                              "Startup Cost": 0.0,
                              "Total Cost": 43899.32,
                              "Plan Rows": 31437,
                              "Plan Width": 4,
                              "Actual Startup Time": 0.041,
                              "Actual Total Time": 74.482,
                              "Actual Rows": 21449,
                              "Actual Loops": 6,
                              "Filter": "(production_year = 2009)",
                              "Rows Removed by Filter": 399936
                            }
                          ]
                        }
                      ]
                    },
                    {
                      "Node Type": "Index Only Scan",
                      "Parent Relationship": "Inner",
                      "Parallel Aware": false,
                      "Scan Direction": "Forward",
                      "Index Name": "movie_id_cast_info",
                      "Relation Name": "cast_info",
                      "Alias": "ci",
                      "Startup Cost": 0.56,
                      "Total Cost": 2.36,
                      "Plan Rows": 35,
                      "Plan Width": 4,
                      "Actual Startup Time": 0.008,
                      "Actual Total Time": 0.04,
                      "Actual Rows": 21,
                      "Actual Loops": 61438,
                      "Index Cond": "(movie_id = mi.movie_id)",
                      "Rows Removed by Index Recheck": 0,
                      "Heap Fetches": 1314684
                    }
                  ]
                }
              ]
            }
          ]
        }
      ]
    },
    "Planning Time": 0.912,
    "Triggers": [],
    "Execution Time": 736.228
  }
]