{
    "Plan": {
        "Node Type": "Aggregate",
        "Strategy": "Plain",
        "Partial Mode": "Finalize",
        "Parallel Aware": false,
        "Startup Cost": 248948.72,
        "Total Cost": 248948.73,
        "Plan Rows": 1,
        "Plan Width": 8,
        "Actual Startup Time": 649.828,
        "Actual Total Time": 700.961,
        "Actual Rows": 1,
        "Actual Loops": 1,
        "Output": [
            "count(*)"
        ],
        "Plans": [
            {
                "Node Type": "Gather",
                "Parent Relationship": "Outer",
                "Parallel Aware": false,
                "Startup Cost": 248948.19,
                "Total Cost": 248948.7,
                "Plan Rows": 5,
                "Plan Width": 8,
                "Actual Startup Time": 642.304,
                "Actual Total Time": 700.945,
                "Actual Rows": 6,
                "Actual Loops": 1,
                "Output": [
                    "(PARTIAL count(*))"
                ],
                "Workers Planned": 5,
                "Workers Launched": 5,
                "Single Copy": false,
                "Plans": [
                    {
                        "Node Type": "Aggregate",
                        "Strategy": "Plain",
                        "Partial Mode": "Partial",
                        "Parent Relationship": "Outer",
                        "Parallel Aware": false,
                        "Startup Cost": 247948.19,
                        "Total Cost": 247948.2,
                        "Plan Rows": 1,
                        "Plan Width": 8,
                        "Actual Startup Time": 631.543,
                        "Actual Total Time": 631.547,
                        "Actual Rows": 1,
                        "Actual Loops": 6,
                        "Output": [
                            "PARTIAL count(*)"
                        ],
                        "Workers": [
                            {
                                "Worker Number": 0,
                                "Actual Startup Time": 629.269,
                                "Actual Total Time": 629.272,
                                "Actual Rows": 1,
                                "Actual Loops": 1
                            },
                            {
                                "Worker Number": 1,
                                "Actual Startup Time": 629.465,
                                "Actual Total Time": 629.468,
                                "Actual Rows": 1,
                                "Actual Loops": 1
                            },
                            {
                                "Worker Number": 2,
                                "Actual Startup Time": 629.727,
                                "Actual Total Time": 629.73,
                                "Actual Rows": 1,
                                "Actual Loops": 1
                            },
                            {
                                "Worker Number": 3,
                                "Actual Startup Time": 629.496,
                                "Actual Total Time": 629.499,
                                "Actual Rows": 1,
                                "Actual Loops": 1
                            },
                            {
                                "Worker Number": 4,
                                "Actual Startup Time": 629.819,
                                "Actual Total Time": 629.821,
                                "Actual Rows": 1,
                                "Actual Loops": 1
                            }
                        ],
                        "Plans": [
                            {
                                "Node Type": "Hash Join",
                                "Parent Relationship": "Outer",
                                "Parallel Aware": true,
                                "Join Type": "Inner",
                                "Startup Cost": 48211.38,
                                "Total Cost": 247736.11,
                                "Plan Rows": 84835,
                                "Plan Width": 0,
                                "Actual Startup Time": 180.377,
                                "Actual Total Time": 623.266,
                                "Actual Rows": 143056,
                                "Actual Loops": 6,
                                "Inner Unique": true,
                                "Hash Cond": "(mi.movie_id = t.id)",
                                "Workers": [
                                    {
                                        "Worker Number": 0,
                                        "Actual Startup Time": 178.285,
                                        "Actual Total Time": 621.52,
                                        "Actual Rows": 123626,
                                        "Actual Loops": 1
                                    },
                                    {
                                        "Worker Number": 1,
                                        "Actual Startup Time": 178.334,
                                        "Actual Total Time": 621.687,
                                        "Actual Rows": 124235,
                                        "Actual Loops": 1
                                    },
                                    {
                                        "Worker Number": 2,
                                        "Actual Startup Time": 178.563,
                                        "Actual Total Time": 622.294,
                                        "Actual Rows": 192617,
                                        "Actual Loops": 1
                                    },
                                    {
                                        "Worker Number": 3,
                                        "Actual Startup Time": 177.783,
                                        "Actual Total Time": 621.104,
                                        "Actual Rows": 134061,
                                        "Actual Loops": 1
                                    },
                                    {
                                        "Worker Number": 4,
                                        "Actual Startup Time": 178.859,
                                        "Actual Total Time": 621.361,
                                        "Actual Rows": 135077,
                                        "Actual Loops": 1
                                    }
                                ],
                                "Plans": [
                                    {
                                        "Node Type": "Seq Scan",
                                        "Parent Relationship": "Outer",
                                        "Parallel Aware": true,
                                        "Relation Name": "movie_info",
                                        "Schema": "public",
                                        "Alias": "mi",
                                        "Startup Cost": 0.0,
                                        "Total Cost": 198880.74,
                                        "Plan Rows": 245328,
                                        "Plan Width": 4,
                                        "Actual Startup Time": 0.039,
                                        "Actual Total Time": 358.102,
                                        "Actual Rows": 216498,
                                        "Actual Loops": 6,
                                        "Output": [
                                            "mi.id",
                                            "mi.movie_id",
                                            "mi.info_type_id",
                                            "mi.info",
                                            "mi.note"
                                        ],
                                        "Filter": "(mi.info_type_id = 4)",
                                        "Rows Removed by Filter": 2256122,
                                        "Workers": [
                                            {
                                                "Worker Number": 0,
                                                "Actual Startup Time": 0.063,
                                                "Actual Total Time": 358.622,
                                                "Actual Rows": 187630,
                                                "Actual Loops": 1
                                            },
                                            {
                                                "Worker Number": 1,
                                                "Actual Startup Time": 0.038,
                                                "Actual Total Time": 358.556,
                                                "Actual Rows": 187557,
                                                "Actual Loops": 1
                                            },
                                            {
                                                "Worker Number": 2,
                                                "Actual Startup Time": 0.051,
                                                "Actual Total Time": 355.889,
                                                "Actual Rows": 286797,
                                                "Actual Loops": 1
                                            },
                                            {
                                                "Worker Number": 3,
                                                "Actual Startup Time": 0.042,
                                                "Actual Total Time": 359.78,
                                                "Actual Rows": 203042,
                                                "Actual Loops": 1
                                            },
                                            {
                                                "Worker Number": 4,
                                                "Actual Startup Time": 0.032,
                                                "Actual Total Time": 360.035,
                                                "Actual Rows": 206608,
                                                "Actual Loops": 1
                                            }
                                        ]
                                    },
                                    {
                                        "Node Type": "Hash",
                                        "Parent Relationship": "Inner",
                                        "Parallel Aware": true,
                                        "Startup Cost": 45479.21,
                                        "Total Cost": 45479.21,
                                        "Plan Rows": 218574,
                                        "Plan Width": 4,
                                        "Actual Startup Time": 174.052,
                                        "Actual Total Time": 174.053,
                                        "Actual Rows": 149465,
                                        "Actual Loops": 6,
                                        "Output": [
                                            "t.id"
                                        ],
                                        "Hash Buckets": 1048576,
                                        "Original Hash Buckets": 1048576,
                                        "Hash Batches": 1,
                                        "Original Hash Batches": 1,
                                        "Peak Memory Usage": 43392,
                                        "Workers": [
                                            {
                                                "Worker Number": 0,
                                                "Actual Startup Time": 175.134,
                                                "Actual Total Time": 175.135,
                                                "Actual Rows": 130278,
                                                "Actual Loops": 1
                                            },
                                            {
                                                "Worker Number": 1,
                                                "Actual Startup Time": 175.331,
                                                "Actual Total Time": 175.333,
                                                "Actual Rows": 130931,
                                                "Actual Loops": 1
                                            },
                                            {
                                                "Worker Number": 2,
                                                "Actual Startup Time": 175.651,
                                                "Actual Total Time": 175.652,
                                                "Actual Rows": 188031,
                                                "Actual Loops": 1
                                            },
                                            {
                                                "Worker Number": 3,
                                                "Actual Startup Time": 174.478,
                                                "Actual Total Time": 174.479,
                                                "Actual Rows": 138399,
                                                "Actual Loops": 1
                                            },
                                            {
                                                "Worker Number": 4,
                                                "Actual Startup Time": 175.745,
                                                "Actual Total Time": 175.746,
                                                "Actual Rows": 139784,
                                                "Actual Loops": 1
                                            }
                                        ],
                                        "Plans": [
                                            {
                                                "Node Type": "Seq Scan",
                                                "Parent Relationship": "Outer",
                                                "Parallel Aware": true,
                                                "Relation Name": "title",
                                                "Schema": "public",
                                                "Alias": "t",
                                                "Startup Cost": 0.0,
                                                "Total Cost": 45479.21,
                                                "Plan Rows": 218574,
                                                "Plan Width": 4,
                                                "Actual Startup Time": 0.067,
                                                "Actual Total Time": 99.136,
                                                "Actual Rows": 149465,
                                                "Actual Loops": 6,
                                                "Output": [
                                                    "t.id"
                                                ],
                                                "Filter": "((t.kind_id < 7) AND (t.production_year < 2012))",
                                                "Rows Removed by Filter": 271921,
                                                "Workers": [
                                                    {
                                                        "Worker Number": 0,
                                                        "Actual Startup Time": 0.083,
                                                        "Actual Total Time": 98.681,
                                                        "Actual Rows": 130278,
                                                        "Actual Loops": 1
                                                    },
                                                    {
                                                        "Worker Number": 1,
                                                        "Actual Startup Time": 0.087,
                                                        "Actual Total Time": 99.128,
                                                        "Actual Rows": 130931,
                                                        "Actual Loops": 1
                                                    },
                                                    {
                                                        "Worker Number": 2,
                                                        "Actual Startup Time": 0.068,
                                                        "Actual Total Time": 98.802,
                                                        "Actual Rows": 188031,
                                                        "Actual Loops": 1
                                                    },
                                                    {
                                                        "Worker Number": 3,
                                                        "Actual Startup Time": 0.081,
                                                        "Actual Total Time": 100.188,
                                                        "Actual Rows": 138399,
                                                        "Actual Loops": 1
                                                    },
                                                    {
                                                        "Worker Number": 4,
                                                        "Actual Startup Time": 0.061,
                                                        "Actual Total Time": 100.544,
                                                        "Actual Rows": 139784,
                                                        "Actual Loops": 1
                                                    }
                                                ]
                                            }
                                        ]
                                    }
                                ]
                            }
                        ]
                    }
                ]
            }
        ]
    },
    "Planning Time": 0.707,
    "Triggers": [],
    "Execution Time": 701.049
}