[
  {
    "Plan": {
      "Node Type": "Aggregate",
      "Strategy": "Plain",
      "Partial Mode": "Finalize",
      "Parallel Aware": false,
      "Startup Cost": 46485.53,
      "Total Cost": 46485.54,
      "Plan Rows": 1,
      "Plan Width": 8,
      "Actual Startup Time": 79.091,
      "Actual Total Time": 92.106,
      "Actual Rows": 1,
      "Actual Loops": 1,
      "Plans": [
        {
          "Node Type": "Gather",
          "Parent Relationship": "Outer",
          "Parallel Aware": false,
          "Startup Cost": 46485.11,
          "Total Cost": 46485.52,
          "Plan Rows": 4,
          "Plan Width": 8,
          "Actual Startup Time": 78.782,
          "Actual Total Time": 92.089,
          "Actual Rows": 5,
          "Actual Loops": 1,
          "Workers Planned": 4,
          "Workers Launched": 4,
          "Single Copy": false,
          "Plans": [
            {
              "Node Type": "Aggregate",
              "Strategy": "Plain",
              "Partial Mode": "Partial",
              "Parent Relationship": "Outer",
              "Parallel Aware": false,
              "Startup Cost": 45485.11,
              "Total Cost": 45485.12,
              "Plan Rows": 1,
              "Plan Width": 8,
              "Actual Startup Time": 75.144,
              "Actual Total Time": 75.146,
              "Actual Rows": 1,
              "Actual Loops": 5,
              "Plans": [
                {
                  "Node Type": "Seq Scan",
                  "Parent Relationship": "Outer",
                  "Parallel Aware": true,
                  "Relation Name": "title",
                  "Alias": "t",
                  "Startup Cost": 0.0,
                  "Total Cost": 45479.59,
                  "Plan Rows": 2210,
                  "Plan Width": 0,
                  "Actual Startup Time": 0.171,
                  "Actual Total Time": 74.983,
                  "Actual Rows": 1572,
                  "Actual Loops": 5,
                  "Filter": "((kind_id = 7) AND (production_year = 1975))",
                  "Rows Removed by Filter": 504091
                }
              ]
            }
          ]
        }
      ]
    },
    "Planning Time": 0.102,
    "Triggers": [],
    "Execution Time": 92.138
  }
]