[
  {
    "Plan": {
      "Node Type": "Aggregate",
      "Strategy": "Plain",
      "Partial Mode": "Finalize",
      "Parallel Aware": false,
      "Startup Cost": 87006.19,
      "Total Cost": 87006.2,
      "Plan Rows": 1,
      "Plan Width": 8,
      "Actual Startup Time": 249.607,
      "Actual Total Time": 267.826,
      "Actual Rows": 1,
      "Actual Loops": 1,
      "Plans": [
        {
          "Node Type": "Gather",
          "Parent Relationship": "Outer",
          "Parallel Aware": false,
          "Startup Cost": 87005.87,
          "Total Cost": 87006.18,
          "Plan Rows": 3,
          "Plan Width": 8,
          "Actual Startup Time": 248.255,
          "Actual Total Time": 267.818,
          "Actual Rows": 4,
          "Actual Loops": 1,
          "Workers Planned": 3,
          "Workers Launched": 3,
          "Single Copy": false,
          "Plans": [
            {
              "Node Type": "Aggregate",
              "Strategy": "Plain",
              "Partial Mode": "Partial",
              "Parent Relationship": "Outer",
              "Parallel Aware": false,
              "Startup Cost": 86005.87,
              "Total Cost": 86005.88,
              "Plan Rows": 1,
              "Plan Width": 8,
              "Actual Startup Time": 240.05,
              "Actual Total Time": 240.053,
              "Actual Rows": 1,
              "Actual Loops": 4,
              "Plans": [
                {
                  "Node Type": "Hash Join",
                  "Parent Relationship": "Outer",
                  "Parallel Aware": true,
                  "Join Type": "Inner",
                  "Startup Cost": 58619.76,
                  "Total Cost": 85973.72,
                  "Plan Rows": 12858,
                  "Plan Width": 0,
                  "Actual Startup Time": 150.91,
                  "Actual Total Time": 239.818,
                  "Actual Rows": 1957,
                  "Actual Loops": 4,
                  "Inner Unique": true,
                  "Hash Cond": "(mk.movie_id = t.id)",
                  "Plans": [
                    {
                      "Node Type": "Bitmap Heap Scan",
                      "Parent Relationship": "Outer",
                      "Parallel Aware": true,
                      "Relation Name": "movie_keyword",
                      "Alias": "mk",
                      "Startup Cost": 12610.82,
                      "Total Cost": 39461.48,
                      "Plan Rows": 191733,
                      "Plan Width": 4,
                      "Actual Startup Time": 39.155,
                      "Actual Total Time": 101.763,
                      "Actual Rows": 151686,
                      "Actual Loops": 4,
                      "Recheck Cond": "(keyword_id < 460)",
                      "Rows Removed by Index Recheck": 0,
                      "Exact Heap Blocks": 7436,
                      "Lossy Heap Blocks": 0,
                      "Plans": [
                        {
                          "Node Type": "Bitmap Index Scan",
                          "Parent Relationship": "Outer",
                          "Parallel Aware": false,
                          "Index Name": "keyword_id_movie_keyword",
                          "Startup Cost": 0.0,
                          "Total Cost": 12462.22,
                          "Plan Rows": 594372,
                          "Plan Width": 0,
                          "Actual Startup Time": 35.398,
                          "Actual Total Time": 35.398,
                          "Actual Rows": 606746,
                          "Actual Loops": 1,
                          "Index Cond": "(keyword_id < 460)"
                        }
                      ]
                    },
                    {
                      "Node Type": "Hash",
                      "Parent Relationship": "Inner",
                      "Parallel Aware": true,
                      "Startup Cost": 45479.1,
                      "Total Cost": 45479.1,
                      "Plan Rows": 42388,
                      "Plan Width": 4,
                      "Actual Startup Time": 109.532,
                      "Actual Total Time": 109.533,
                      "Actual Rows": 42517,
                      "Actual Loops": 4,
                      "Hash Buckets": 262144,
                      "Original Hash Buckets": 262144,
                      "Hash Batches": 1,
                      "Original Hash Batches": 1,
                      "Peak Memory Usage": 8800,
                      "Plans": [
                        {
                          "Node Type": "Seq Scan",
                          "Parent Relationship": "Outer",
                          "Parallel Aware": true,
                          "Relation Name": "title",
                          "Alias": "t",
                          "Startup Cost": 0.0,
                          "Total Cost": 45479.1,
                          "Plan Rows": 42388,
                          "Plan Width": 4,
                          "Actual Startup Time": 0.038,
                          "Actual Total Time": 94.33,
                          "Actual Rows": 42517,
                          "Actual Loops": 4,
                          "Filter": "((kind_id > 1) AND (production_year > 2011))",
                          "Rows Removed by Filter": 589561
                        }
                      ]
                    }
                  ]
                }
              ]
            }
          ]
        }
      ]
    },
    "Planning Time": 0.627,
    "Triggers": [],
    "Execution Time": 267.918
  }
]