{
  "Plan": {
    "Node Type": "Aggregate",
    "Strategy": "Plain",
    "Partial Mode": "Finalize",
    "Parallel Aware": false,
    "Startup Cost": 637774.62,
    "Total Cost": 637774.63,
    "Plan Rows": 1,
    "Plan Width": 8,
    "Actual Startup Time": 4230.305,
    "Actual Total Time": 4301.412,
    "Actual Rows": 1,
    "Actual Loops": 1,
    "Plans": [
      {
        "Node Type": "Gather",
        "Parent Relationship": "Outer",
        "Parallel Aware": false,
        "Startup Cost": 637774.51,
        "Total Cost": 637774.62,
        "Plan Rows": 1,
        "Plan Width": 8,
        "Actual Startup Time": 4229.504,
        "Actual Total Time": 4301.403,
        "Actual Rows": 2,
        "Actual Loops": 1,
        "Workers Planned": 1,
        "Workers Launched": 1,
        "Single Copy": false,
        "Plans": [
          {
            "Node Type": "Aggregate",
            "Strategy": "Plain",
            "Partial Mode": "Partial",
            "Parent Relationship": "Outer",
            "Parallel Aware": false,
            "Startup Cost": 636774.51,
            "Total Cost": 636774.52,
            "Plan Rows": 1,
            "Plan Width": 8,
            "Actual Startup Time": 4223.212,
            "Actual Total Time": 4223.218,
            "Actual Rows": 1,
            "Actual Loops": 2,
            "Plans": [
              {
                "Node Type": "Hash Join",
                "Parent Relationship": "Outer",
                "Parallel Aware": true,
                "Join Type": "Inner",
                "Startup Cost": 85381.86,
                "Total Cost": 635079.0,
                "Plan Rows": 678202,
                "Plan Width": 0,
                "Actual Startup Time": 394.113,
                "Actual Total Time": 4154.482,
                "Actual Rows": 1579628,
                "Actual Loops": 2,
                "Inner Unique": false,
                "Hash Cond": "(ci.movie_id = t.id)",
                "Plans": [
                  {
                    "Node Type": "Seq Scan",
                    "Parent Relationship": "Outer",
                    "Parallel Aware": true,
                    "Relation Name": "cast_info",
                    "Alias": "ci",
                    "Startup Cost": 0.0,
                    "Total Cost": 465792.95,
                    "Plan Rows": 21310595,
                    "Plan Width": 4,
                    "Actual Startup Time": 0.01,
                    "Actual Total Time": 1366.214,
                    "Actual Rows": 18122172,
                    "Actual Loops": 2
                  },
                  {
                    "Node Type": "Hash",
                    "Parent Relationship": "Inner",
                    "Parallel Aware": true,
                    "Startup Cost": 84790.22,
                    "Total Cost": 84790.22,
                    "Plan Rows": 47331,
                    "Plan Width": 8,
                    "Actual Startup Time": 391.761,
                    "Actual Total Time": 391.765,
                    "Actual Rows": 63970,
                    "Actual Loops": 2,
                    "Hash Buckets": 131072,
                    "Original Hash Buckets": 131072,
                    "Hash Batches": 1,
                    "Original Hash Batches": 1,
                    "Peak Memory Usage": 6080,
                    "Plans": [
                      {
                        "Node Type": "Hash Join",
                        "Parent Relationship": "Outer",
                        "Parallel Aware": true,
                        "Join Type": "Inner",
                        "Startup Cost": 24346.3,
                        "Total Cost": 84790.22,
                        "Plan Rows": 47331,
                        "Plan Width": 8,
                        "Actual Startup Time": 72.596,
                        "Actual Total Time": 375.257,
                        "Actual Rows": 63970,
                        "Actual Loops": 2,
                        "Inner Unique": false,
                        "Hash Cond": "(t.id = mc.movie_id)",
                        "Plans": [
                          {
                            "Node Type": "Seq Scan",
                            "Parent Relationship": "Outer",
                            "Parallel Aware": true,
                            "Relation Name": "title",
                            "Alias": "t",
                            "Startup Cost": 0.0,
                            "Total Cost": 50870.31,
                            "Plan Rows": 1487231,
                            "Plan Width": 4,
                            "Actual Startup Time": 0.01,
                            "Actual Total Time": 122.197,
                            "Actual Rows": 1264156,
                            "Actual Loops": 2
                          },
                          {
                            "Node Type": "Hash",
                            "Parent Relationship": "Inner",
                            "Parallel Aware": true,
                            "Startup Cost": 23754.66,
                            "Total Cost": 23754.66,
                            "Plan Rows": 47331,
                            "Plan Width": 4,
                            "Actual Startup Time": 71.391,
                            "Actual Total Time": 71.392,
                            "Actual Rows": 63970,
                            "Actual Loops": 2,
                            "Hash Buckets": 131072,
                            "Original Hash Buckets": 131072,
                            "Hash Batches": 1,
                            "Original Hash Batches": 1,
                            "Peak Memory Usage": 6080,
                            "Plans": [
                              {
                                "Node Type": "Bitmap Heap Scan",
                                "Parent Relationship": "Outer",
                                "Parallel Aware": true,
                                "Relation Name": "movie_companies",
                                "Alias": "mc",
                                "Startup Cost": 3522.44,
                                "Total Cost": 23754.66,
                                "Plan Rows": 47331,
                                "Plan Width": 4,
                                "Actual Startup Time": 19.108,
                                "Actual Total Time": 55.95,
                                "Actual Rows": 63970,
                                "Actual Loops": 2,
                                "Recheck Cond": "(company_id < 33)",
                                "Rows Removed by Index Recheck": 0,
                                "Filter": "(company_type_id = 1)",
                                "Rows Removed by Filter": 19078,
                                "Exact Heap Blocks": 10905,
                                "Lossy Heap Blocks": 0,
                                "Plans": [
                                  {
                                    "Node Type": "Bitmap Index Scan",
                                    "Parent Relationship": "Outer",
                                    "Parallel Aware": false,
                                    "Index Name": "company_id_movie_companies",
                                    "Startup Cost": 0.0,
                                    "Total Cost": 3502.32,
                                    "Plan Rows": 163452,
                                    "Plan Width": 0,
                                    "Actual Startup Time": 18.352,
                                    "Actual Total Time": 18.352,
                                    "Actual Rows": 166096,
                                    "Actual Loops": 1,
                                    "Index Cond": "(company_id < 33)"
                                  }
                                ]
                              }
                            ]
                          }
                        ]
                      }
                    ]
                  }
                ]
              }
            ]
          }
        ]
      }
    ]
  },
  "Planning Time": 0.949,
  "Triggers": [],
  "Execution Time": 4301.588
}