[
  {
    "Plan": {
      "Node Type": "Aggregate",
      "Strategy": "Plain",
      "Partial Mode": "Finalize",
      "Parallel Aware": false,
      "Startup Cost": 47335.41,
      "Total Cost": 47335.42,
      "Plan Rows": 1,
      "Plan Width": 8,
      "Actual Startup Time": 170.372,
      "Actual Total Time": 179.56,
      "Actual Rows": 1,
      "Actual Loops": 1,
      "Plans": [
        {
          "Node Type": "Gather",
          "Parent Relationship": "Outer",
          "Parallel Aware": false,
          "Startup Cost": 47335.09,
          "Total Cost": 47335.4,
          "Plan Rows": 3,
          "Plan Width": 8,
          "Actual Startup Time": 170.242,
          "Actual Total Time": 179.551,
          "Actual Rows": 4,
          "Actual Loops": 1,
          "Workers Planned": 3,
          "Workers Launched": 3,
          "Single Copy": false,
          "Plans": [
            {
              "Node Type": "Aggregate",
              "Strategy": "Plain",
              "Partial Mode": "Partial",
              "Parent Relationship": "Outer",
              "Parallel Aware": false,
              "Startup Cost": 46335.09,
              "Total Cost": 46335.1,
              "Plan Rows": 1,
              "Plan Width": 8,
              "Actual Startup Time": 163.692,
              "Actual Total Time": 163.693,
              "Actual Rows": 1,
              "Actual Loops": 4,
              "Plans": [
                {
                  "Node Type": "Seq Scan",
                  "Parent Relationship": "Outer",
                  "Parallel Aware": true,
                  "Relation Name": "movie_keyword",
                  "Alias": "mk",
                  "Startup Cost": 0.0,
                  "Total Cost": 42695.65,
                  "Plan Rows": 1455775,
                  "Plan Width": 0,
                  "Actual Startup Time": 0.046,
                  "Actual Total Time": 116.844,
                  "Actual Rows": 1128626,
                  "Actual Loops": 4,
                  "Filter": "(keyword_id < 125593)",
                  "Rows Removed by Filter": 2356
                }
              ]
            }
          ]
        }
      ]
    },
    "Planning Time": 0.123,
    "Triggers": [],
    "Execution Time": 179.596
  }
]