[
  {
    "Plan": {
      "Node Type": "Aggregate",
      "Strategy": "Plain",
      "Partial Mode": "Finalize",
      "Parallel Aware": false,
      "Startup Cost": 343263.24,
      "Total Cost": 343263.25,
      "Plan Rows": 1,
      "Plan Width": 8,
      "Actual Startup Time": 815.002,
      "Actual Total Time": 871.474,
      "Actual Rows": 1,
      "Actual Loops": 1,
      "Plans": [
        {
          "Node Type": "Gather",
          "Parent Relationship": "Outer",
          "Parallel Aware": false,
          "Startup Cost": 343262.61,
          "Total Cost": 343263.22,
          "Plan Rows": 6,
          "Plan Width": 8,
          "Actual Startup Time": 814.906,
          "Actual Total Time": 871.463,
          "Actual Rows": 7,
          "Actual Loops": 1,
          "Workers Planned": 6,
          "Workers Launched": 6,
          "Single Copy": false,
          "Plans": [
            {
              "Node Type": "Aggregate",
              "Strategy": "Plain",
              "Partial Mode": "Partial",
              "Parent Relationship": "Outer",
              "Parallel Aware": false,
              "Startup Cost": 342262.61,
              "Total Cost": 342262.62,
              "Plan Rows": 1,
              "Plan Width": 8,
              "Actual Startup Time": 805.922,
              "Actual Total Time": 805.924,
              "Actual Rows": 1,
              "Actual Loops": 7,
              "Plans": [
                {
                  "Node Type": "Seq Scan",
                  "Parent Relationship": "Outer",
                  "Parallel Aware": true,
                  "Relation Name": "cast_info",
                  "Alias": "ci",
                  "Startup Cost": 0.0,
                  "Total Cost": 328162.03,
                  "Plan Rows": 5640235,
                  "Plan Width": 0,
                  "Actual Startup Time": 38.133,
                  "Actual Total Time": 619.07,
                  "Actual Rows": 4834112,
                  "Actual Loops": 7,
                  "Filter": "(person_id > 233881)",
                  "Rows Removed by Filter": 343651
                }
              ]
            }
          ]
        }
      ]
    },
    "Planning Time": 0.169,
    "Triggers": [],
    "Execution Time": 871.54
  }
]