[
  {
    "Plan": {
      "Node Type": "Aggregate",
      "Strategy": "Plain",
      "Partial Mode": "Finalize",
      "Parallel Aware": false,
      "Startup Cost": 132853.35,
      "Total Cost": 132853.36,
      "Plan Rows": 1,
      "Plan Width": 8,
      "Actual Startup Time": 1058.674,
      "Actual Total Time": 1080.982,
      "Actual Rows": 1,
      "Actual Loops": 1,
      "Plans": [
        {
          "Node Type": "Gather",
          "Parent Relationship": "Outer",
          "Parallel Aware": false,
          "Startup Cost": 132853.04,
          "Total Cost": 132853.35,
          "Plan Rows": 3,
          "Plan Width": 8,
          "Actual Startup Time": 1045.123,
          "Actual Total Time": 1080.973,
          "Actual Rows": 4,
          "Actual Loops": 1,
          "Workers Planned": 3,
          "Workers Launched": 3,
          "Single Copy": false,
          "Plans": [
            {
              "Node Type": "Aggregate",
              "Strategy": "Plain",
              "Partial Mode": "Partial",
              "Parent Relationship": "Outer",
              "Parallel Aware": false,
              "Startup Cost": 131853.04,
              "Total Cost": 131853.05,
              "Plan Rows": 1,
              "Plan Width": 8,
              "Actual Startup Time": 1036.473,
              "Actual Total Time": 1036.973,
              "Actual Rows": 1,
              "Actual Loops": 4,
              "Plans": [
                {
                  "Node Type": "Hash Join",
                  "Parent Relationship": "Outer",
                  "Parallel Aware": true,
                  "Join Type": "Inner",
                  "Startup Cost": 84359.44,
                  "Total Cost": 130554.62,
                  "Plan Rows": 519365,
                  "Plan Width": 0,
                  "Actual Startup Time": 584.989,
                  "Actual Total Time": 949.877,
                  "Actual Rows": 2091981,
                  "Actual Loops": 4,
                  "Inner Unique": false,
                  "Hash Cond": "(mk.movie_id = t.id)",
                  "Plans": [
                    {
                      "Node Type": "Seq Scan",
                      "Parent Relationship": "Outer",
                      "Parallel Aware": true,
                      "Relation Name": "movie_keyword",
                      "Alias": "mk",
                      "Startup Cost": 0.0,
                      "Total Cost": 39047.32,
                      "Plan Rows": 1459332,
                      "Plan Width": 4,
                      "Actual Startup Time": 0.031,
                      "Actual Total Time": 92.561,
                      "Actual Rows": 1130982,
                      "Actual Loops": 4
                    },
                    {
                      "Node Type": "Hash",
                      "Parent Relationship": "Inner",
                      "Parallel Aware": true,
                      "Startup Cost": 80731.21,
                      "Total Cost": 80731.21,
                      "Plan Rows": 290258,
                      "Plan Width": 8,
                      "Actual Startup Time": 579.806,
                      "Actual Total Time": 580.304,
                      "Actual Rows": 205174,
                      "Actual Loops": 4,
                      "Hash Buckets": 1048576,
                      "Original Hash Buckets": 1048576,
                      "Hash Batches": 1,
                      "Original Hash Batches": 1,
                      "Peak Memory Usage": 40352,
                      "Plans": [
                        {
                          "Node Type": "Hash Join",
                          "Parent Relationship": "Outer",
                          "Parallel Aware": true,
                          "Join Type": "Inner",
                          "Startup Cost": 50509.94,
                          "Total Cost": 80731.21,
                          "Plan Rows": 290258,
                          "Plan Width": 8,
                          "Actual Startup Time": 351.235,
                          "Actual Total Time": 513.301,
                          "Actual Rows": 205174,
                          "Actual Loops": 4,
                          "Inner Unique": true,
                          "Hash Cond": "(mc.movie_id = t.id)",
                          "Plans": [
                            {
                              "Node Type": "Seq Scan",
                              "Parent Relationship": "Outer",
                              "Parallel Aware": true,
                              "Relation Name": "movie_companies",
                              "Alias": "mc",
                              "Startup Cost": 0.0,
                              "Total Cost": 29310.68,
                              "Plan Rows": 346891,
                              "Plan Width": 4,
                              "Actual Startup Time": 9.63,
                              "Actual Total Time": 70.608,
                              "Actual Rows": 270694,
                              "Actual Loops": 4,
                              "Filter": "(company_id > 14328)",
                              "Rows Removed by Filter": 381588
                            },
                            {
                              "Node Type": "Hash",
                              "Parent Relationship": "Inner",
                              "Parallel Aware": true,
                              "Startup Cost": 43898.92,
                              "Total Cost": 43898.92,
                              "Plan Rows": 528882,
                              "Plan Width": 4,
                              "Actual Startup Time": 333.736,
                              "Actual Total Time": 333.737,
                              "Actual Rows": 526034,
                              "Actual Loops": 4,
                              "Hash Buckets": 4194304,
                              "Original Hash Buckets": 4194304,
                              "Hash Batches": 1,
                              "Original Hash Batches": 1,
                              "Peak Memory Usage": 115136,
                              "Plans": [
                                {
                                  "Node Type": "Seq Scan",
                                  "Parent Relationship": "Outer",
                                  "Parallel Aware": true,
                                  "Relation Name": "title",
                                  "Alias": "t",
                                  "Startup Cost": 0.0,
                                  "Total Cost": 43898.92,
                                  "Plan Rows": 528882,
                                  "Plan Width": 4,
                                  "Actual Startup Time": 0.053,
                                  "Actual Total Time": 115.962,
                                  "Actual Rows": 526034,
                                  "Actual Loops": 4,
                                  "Filter": "(production_year > 1968)",
                                  "Rows Removed by Filter": 106044
                                }
                              ]
                            }
                          ]
                        }
                      ]
                    }
                  ]
                }
              ]
            }
          ]
        }
      ]
    },
    "Planning Time": 1.382,
    "Triggers": [],
    "Execution Time": 1081.063
  }
]