{
  "Plan": {
    "Node Type": "Aggregate",
    "Strategy": "Plain",
    "Partial Mode": "Simple",
    "Parallel Aware": false,
    "Startup Cost": 17936.83,
    "Total Cost": 17936.84,
    "Plan Rows": 1,
    "Plan Width": 96,
    "Actual Startup Time": 825.463,
    "Actual Total Time": 887.246,
    "Actual Rows": 1,
    "Actual Loops": 1,
    "Plans": [
      {
        "Node Type": "Gather",
        "Parent Relationship": "Outer",
        "Parallel Aware": false,
        "Startup Cost": 1007.63,
        "Total Cost": 17936.82,
        "Plan Rows": 2,
        "Plan Width": 42,
        "Actual Startup Time": 9.365,
        "Actual Total Time": 885.877,
        "Actual Rows": 4711,
        "Actual Loops": 1,
        "Workers Planned": 2,
        "Workers Launched": 2,
        "Single Copy": false,
        "Plans": [
          {
            "Node Type": "Hash Join",
            "Parent Relationship": "Outer",
            "Parallel Aware": false,
            "Join Type": "Inner",
            "Startup Cost": 7.63,
            "Total Cost": 16936.62,
            "Plan Rows": 1,
            "Plan Width": 42,
            "Actual Startup Time": 16.08,
            "Actual Total Time": 814.075,
            "Actual Rows": 1570,
            "Actual Loops": 3,
            "Inner Unique": true,
            "Hash Cond": "(mi.info_type_id = it1.id)",
            "Plans": [
              {
                "Node Type": "Nested Loop",
                "Parent Relationship": "Outer",
                "Parallel Aware": false,
                "Join Type": "Inner",
                "Startup Cost": 5.2,
                "Total Cost": 16933.93,
                "Plan Rows": 97,
                "Plan Width": 46,
                "Actual Startup Time": 15.514,
                "Actual Total Time": 812.796,
                "Actual Rows": 1570,
                "Actual Loops": 3,
                "Inner Unique": false,
                "Join Filter": "(t.id = mi.movie_id)",
                "Rows Removed by Join Filter": 0,
                "Plans": [
                  {
                    "Node Type": "Nested Loop",
                    "Parent Relationship": "Outer",
                    "Parallel Aware": false,
                    "Join Type": "Inner",
                    "Startup Cost": 4.77,
                    "Total Cost": 16704.23,
                    "Plan Rows": 135,
                    "Plan Width": 54,
                    "Actual Startup Time": 2.177,
                    "Actual Total Time": 516.009,
                    "Actual Rows": 14111,
                    "Actual Loops": 3,
                    "Inner Unique": true,
                    "Plans": [
                      {
                        "Node Type": "Hash Join",
                        "Parent Relationship": "Outer",
                        "Parallel Aware": false,
                        "Join Type": "Inner",
                        "Startup Cost": 4.35,
                        "Total Cost": 16539.23,
                        "Plan Rows": 370,
                        "Plan Width": 39,
                        "Actual Startup Time": 0.69,
                        "Actual Total Time": 435.351,
                        "Actual Rows": 22822,
                        "Actual Loops": 3,
                        "Inner Unique": true,
                        "Hash Cond": "(mc.company_type_id = ct.id)",
                        "Plans": [
                          {
                            "Node Type": "Nested Loop",
                            "Parent Relationship": "Outer",
                            "Parallel Aware": false,
                            "Join Type": "Inner",
                            "Startup Cost": 3.29,
                            "Total Cost": 16530.17,
                            "Plan Rows": 1480,
                            "Plan Width": 43,
                            "Actual Startup Time": 0.526,
                            "Actual Total Time": 424.369,
                            "Actual Rows": 56386,
                            "Actual Loops": 3,
                            "Inner Unique": false,
                            "Plans": [
                              {
                                "Node Type": "Nested Loop",
                                "Parent Relationship": "Outer",
                                "Parallel Aware": false,
                                "Join Type": "Inner",
                                "Startup Cost": 2.86,
                                "Total Cost": 16330.31,
                                "Plan Rows": 296,
                                "Plan Width": 31,
                                "Actual Startup Time": 0.356,
                                "Actual Total Time": 310.01,
                                "Actual Rows": 17435,
                                "Actual Loops": 3,
                                "Inner Unique": true,
                                "Plans": [
                                  {
                                    "Node Type": "Hash Join",
                                    "Parent Relationship": "Outer",
                                    "Parallel Aware": false,
                                    "Join Type": "Inner",
                                    "Startup Cost": 2.43,
                                    "Total Cost": 15344.14,
                                    "Plan Rows": 712,
                                    "Plan Width": 10,
                                    "Actual Startup Time": 0.159,
                                    "Actual Total Time": 78.744,
                                    "Actual Rows": 40524,
                                    "Actual Loops": 3,
                                    "Inner Unique": true,
                                    "Hash Cond": "(mi_idx.info_type_id = it2.id)",
                                    "Plans": [
                                      {
                                        "Node Type": "Seq Scan",
                                        "Parent Relationship": "Outer",
                                        "Parallel Aware": true,
                                        "Relation Name": "movie_info_idx",
                                        "Alias": "mi_idx",
                                        "Startup Cost": 0.0,
                                        "Total Cost": 15122.68,
                                        "Plan Rows": 80425,
                                        "Plan Width": 14,
                                        "Actual Startup Time": 0.046,
                                        "Actual Total Time": 65.124,
                                        "Actual Rows": 64280,
                                        "Actual Loops": 3,
                                        "Filter": "(info > '7.0'::text)",
                                        "Rows Removed by Filter": 395732
                                      },
                                      {
                                        "Node Type": "Hash",
                                        "Parent Relationship": "Inner",
                                        "Parallel Aware": false,
                                        "Startup Cost": 2.41,
                                        "Total Cost": 2.41,
                                        "Plan Rows": 1,
                                        "Plan Width": 4,
                                        "Actual Startup Time": 0.055,
                                        "Actual Total Time": 0.056,
                                        "Actual Rows": 1,
                                        "Actual Loops": 3,
                                        "Hash Buckets": 1024,
                                        "Original Hash Buckets": 1024,
                                        "Hash Batches": 1,
                                        "Original Hash Batches": 1,
                                        "Peak Memory Usage": 9,
                                        "Plans": [
                                          {
                                            "Node Type": "Seq Scan",
                                            "Parent Relationship": "Outer",
                                            "Parallel Aware": false,
                                            "Relation Name": "info_type",
                                            "Alias": "it2",
                                            "Startup Cost": 0.0,
                                            "Total Cost": 2.41,
                                            "Plan Rows": 1,
                                            "Plan Width": 4,
                                            "Actual Startup Time": 0.041,
                                            "Actual Total Time": 0.045,
                                            "Actual Rows": 1,
                                            "Actual Loops": 3,
                                            "Filter": "((info)::text = 'rating'::text)",
                                            "Rows Removed by Filter": 112
                                          }
                                        ]
                                      }
                                    ]
                                  },
                                  {
                                    "Node Type": "Index Scan",
                                    "Parent Relationship": "Inner",
                                    "Parallel Aware": false,
                                    "Scan Direction": "Forward",
                                    "Index Name": "title_pkey",
                                    "Relation Name": "title",
                                    "Alias": "t",
                                    "Startup Cost": 0.43,
                                    "Total Cost": 1.39,
                                    "Plan Rows": 1,
                                    "Plan Width": 21,
                                    "Actual Startup Time": 0.005,
                                    "Actual Total Time": 0.005,
                                    "Actual Rows": 0,
                                    "Actual Loops": 121572,
                                    "Index Cond": "(id = mi_idx.movie_id)",
                                    "Rows Removed by Index Recheck": 0,
                                    "Filter": "((production_year >= 2000) AND (production_year <= 2010))",
                                    "Rows Removed by Filter": 1
                                  }
                                ]
                              },
                              {
                                "Node Type": "Index Scan",
                                "Parent Relationship": "Inner",
                                "Parallel Aware": false,
                                "Scan Direction": "Forward",
                                "Index Name": "movie_id_movie_companies",
                                "Relation Name": "movie_companies",
                                "Alias": "mc",
                                "Startup Cost": 0.43,
                                "Total Cost": 0.63,
                                "Plan Rows": 5,
                                "Plan Width": 12,
                                "Actual Startup Time": 0.004,
                                "Actual Total Time": 0.006,
                                "Actual Rows": 3,
                                "Actual Loops": 52304,
                                "Index Cond": "(movie_id = t.id)",
                                "Rows Removed by Index Recheck": 0
                              }
                            ]
                          },
                          {
                            "Node Type": "Hash",
                            "Parent Relationship": "Inner",
                            "Parallel Aware": false,
                            "Startup Cost": 1.05,
                            "Total Cost": 1.05,
                            "Plan Rows": 1,
                            "Plan Width": 4,
                            "Actual Startup Time": 0.072,
                            "Actual Total Time": 0.072,
                            "Actual Rows": 1,
                            "Actual Loops": 3,
                            "Hash Buckets": 1024,
                            "Original Hash Buckets": 1024,
                            "Hash Batches": 1,
                            "Original Hash Batches": 1,
                            "Peak Memory Usage": 9,
                            "Plans": [
                              {
                                "Node Type": "Seq Scan",
                                "Parent Relationship": "Outer",
                                "Parallel Aware": false,
                                "Relation Name": "company_type",
                                "Alias": "ct",
                                "Startup Cost": 0.0,
                                "Total Cost": 1.05,
                                "Plan Rows": 1,
                                "Plan Width": 4,
                                "Actual Startup Time": 0.049,
                                "Actual Total Time": 0.052,
                                "Actual Rows": 1,
                                "Actual Loops": 3,
                                "Filter": "((kind)::text = 'production companies'::text)",
                                "Rows Removed by Filter": 3
                              }
                            ]
                          }
                        ]
                      },
                      {
                        "Node Type": "Index Scan",
                        "Parent Relationship": "Inner",
                        "Parallel Aware": false,
                        "Scan Direction": "Forward",
                        "Index Name": "company_name_pkey",
                        "Relation Name": "company_name",
                        "Alias": "cn",
                        "Startup Cost": 0.42,
                        "Total Cost": 0.45,
                        "Plan Rows": 1,
                        "Plan Width": 23,
                        "Actual Startup Time": 0.003,
                        "Actual Total Time": 0.003,
                        "Actual Rows": 1,
                        "Actual Loops": 68466,
                        "Index Cond": "(id = mc.company_id)",
                        "Rows Removed by Index Recheck": 0,
                        "Filter": "((country_code)::text = '[us]'::text)",
                        "Rows Removed by Filter": 0
                      }
                    ]
                  },
                  {
                    "Node Type": "Index Scan",
                    "Parent Relationship": "Inner",
                    "Parallel Aware": false,
                    "Scan Direction": "Forward",
                    "Index Name": "movie_id_movie_info",
                    "Relation Name": "movie_info",
                    "Alias": "mi",
                    "Startup Cost": 0.43,
                    "Total Cost": 1.69,
                    "Plan Rows": 1,
                    "Plan Width": 8,
                    "Actual Startup Time": 0.021,
                    "Actual Total Time": 0.021,
                    "Actual Rows": 0,
                    "Actual Loops": 42332,
                    "Index Cond": "(movie_id = mc.movie_id)",
                    "Rows Removed by Index Recheck": 0,
                    "Filter": "(info = ANY ('{Drama,Horror,Western,Family}'::text[]))",
                    "Rows Removed by Filter": 29
                  }
                ]
              },
              {
                "Node Type": "Hash",
                "Parent Relationship": "Inner",
                "Parallel Aware": false,
                "Startup Cost": 2.41,
                "Total Cost": 2.41,
                "Plan Rows": 1,
                "Plan Width": 4,
                "Actual Startup Time": 0.181,
                "Actual Total Time": 0.181,
                "Actual Rows": 1,
                "Actual Loops": 3,
                "Hash Buckets": 1024,
                "Original Hash Buckets": 1024,
                "Hash Batches": 1,
                "Original Hash Batches": 1,
                "Peak Memory Usage": 9,
                "Plans": [
                  {
                    "Node Type": "Seq Scan",
                    "Parent Relationship": "Outer",
                    "Parallel Aware": false,
                    "Relation Name": "info_type",
                    "Alias": "it1",
                    "Startup Cost": 0.0,
                    "Total Cost": 2.41,
                    "Plan Rows": 1,
                    "Plan Width": 4,
                    "Actual Startup Time": 0.073,
                    "Actual Total Time": 0.157,
                    "Actual Rows": 1,
                    "Actual Loops": 3,
                    "Filter": "((info)::text = 'genres'::text)",
                    "Rows Removed by Filter": 112
                  }
                ]
              }
            ]
          }
        ]
      }
    ]
  },
  "Planning Time": 22.121,
  "Triggers": [],
  "Execution Time": 888.218
}