[
  {
    "Plan": {
      "Node Type": "Aggregate",
      "Strategy": "Plain",
      "Partial Mode": "Finalize",
      "Parallel Aware": false,
      "Startup Cost": 96490.62,
      "Total Cost": 96490.63,
      "Plan Rows": 1,
      "Plan Width": 8,
      "Actual Startup Time": 600.953,
      "Actual Total Time": 618.205,
      "Actual Rows": 1,
      "Actual Loops": 1,
      "Plans": [
        {
          "Node Type": "Gather",
          "Parent Relationship": "Outer",
          "Parallel Aware": false,
          "Startup Cost": 96490.4,
          "Total Cost": 96490.61,
          "Plan Rows": 2,
          "Plan Width": 8,
          "Actual Startup Time": 596.924,
          "Actual Total Time": 618.198,
          "Actual Rows": 3,
          "Actual Loops": 1,
          "Workers Planned": 2,
          "Workers Launched": 2,
          "Single Copy": false,
          "Plans": [
            {
              "Node Type": "Aggregate",
              "Strategy": "Plain",
              "Partial Mode": "Partial",
              "Parent Relationship": "Outer",
              "Parallel Aware": false,
              "Startup Cost": 95490.4,
              "Total Cost": 95490.41,
              "Plan Rows": 1,
              "Plan Width": 8,
              "Actual Startup Time": 588.86,
              "Actual Total Time": 588.865,
              "Actual Rows": 1,
              "Actual Loops": 3,
              "Plans": [
                {
                  "Node Type": "Hash Join",
                  "Parent Relationship": "Outer",
                  "Parallel Aware": true,
                  "Join Type": "Inner",
                  "Startup Cost": 78679.47,
                  "Total Cost": 95364.29,
                  "Plan Rows": 50445,
                  "Plan Width": 0,
                  "Actual Startup Time": 482.967,
                  "Actual Total Time": 583.326,
                  "Actual Rows": 116035,
                  "Actual Loops": 3,
                  "Inner Unique": false,
                  "Hash Cond": "(mi_idx.movie_id = t.id)",
                  "Plans": [
                    {
                      "Node Type": "Seq Scan",
                      "Parent Relationship": "Outer",
                      "Parallel Aware": true,
                      "Relation Name": "movie_info_idx",
                      "Alias": "mi_idx",
                      "Startup Cost": 0.0,
                      "Total Cost": 15122.68,
                      "Plan Rows": 382940,
                      "Plan Width": 4,
                      "Actual Startup Time": 0.039,
                      "Actual Total Time": 46.219,
                      "Actual Rows": 306617,
                      "Actual Loops": 3,
                      "Filter": "(info_type_id < 101)",
                      "Rows Removed by Filter": 153395
                    },
                    {
                      "Node Type": "Hash",
                      "Parent Relationship": "Inner",
                      "Parallel Aware": true,
                      "Startup Cost": 77638.67,
                      "Total Cost": 77638.67,
                      "Plan Rows": 83264,
                      "Plan Width": 8,
                      "Actual Startup Time": 478.764,
                      "Actual Total Time": 478.768,
                      "Actual Rows": 120038,
                      "Actual Loops": 3,
                      "Hash Buckets": 524288,
                      "Original Hash Buckets": 524288,
                      "Hash Batches": 1,
                      "Original Hash Batches": 1,
                      "Peak Memory Usage": 18240,
                      "Plans": [
                        {
                          "Node Type": "Hash Join",
                          "Parent Relationship": "Outer",
                          "Parallel Aware": true,
                          "Join Type": "Inner",
                          "Startup Cost": 31679.28,
                          "Total Cost": 77638.67,
                          "Plan Rows": 83264,
                          "Plan Width": 8,
                          "Actual Startup Time": 172.645,
                          "Actual Total Time": 442.536,
                          "Actual Rows": 120038,
                          "Actual Loops": 3,
                          "Inner Unique": false,
                          "Hash Cond": "(t.id = mc.movie_id)",
                          "Plans": [
                            {
                              "Node Type": "Seq Scan",
                              "Parent Relationship": "Outer",
                              "Parallel Aware": true,
                              "Relation Name": "title",
                              "Alias": "t",
                              "Startup Cost": 0.0,
                              "Total Cost": 43898.92,
                              "Plan Rows": 358377,
                              "Plan Width": 4,
                              "Actual Startup Time": 0.011,
                              "Actual Total Time": 126.356,
                              "Actual Rows": 481099,
                              "Actual Loops": 3,
                              "Filter": "(production_year < 2006)",
                              "Rows Removed by Filter": 361671
                            },
                            {
                              "Node Type": "Hash",
                              "Parent Relationship": "Inner",
                              "Parallel Aware": true,
                              "Startup Cost": 29310.68,
                              "Total Cost": 29310.68,
                              "Plan Rows": 189488,
                              "Plan Width": 4,
                              "Actual Startup Time": 167.769,
                              "Actual Total Time": 167.771,
                              "Actual Rows": 200319,
                              "Actual Loops": 3,
                              "Hash Buckets": 1048576,
                              "Original Hash Buckets": 1048576,
                              "Hash Batches": 1,
                              "Original Hash Batches": 1,
                              "Peak Memory Usage": 31776,
                              "Plans": [
                                {
                                  "Node Type": "Seq Scan",
                                  "Parent Relationship": "Outer",
                                  "Parallel Aware": true,
                                  "Relation Name": "movie_companies",
                                  "Alias": "mc",
                                  "Startup Cost": 0.0,
                                  "Total Cost": 29310.68,
                                  "Plan Rows": 189488,
                                  "Plan Width": 4,
                                  "Actual Startup Time": 50.206,
                                  "Actual Total Time": 100.715,
                                  "Actual Rows": 200319,
                                  "Actual Loops": 3,
                                  "Filter": "(company_id > 67439)",
                                  "Rows Removed by Filter": 669390
                                }
                              ]
                            }
                          ]
                        }
                      ]
                    }
                  ]
                }
              ]
            }
          ]
        }
      ]
    },
    "Planning Time": 1.486,
    "Triggers": [],
    "Execution Time": 618.289
  }
]