[
  {
    "Plan": {
      "Node Type": "Aggregate",
      "Strategy": "Plain",
      "Partial Mode": "Finalize",
      "Parallel Aware": false,
      "Startup Cost": 98748.54,
      "Total Cost": 98748.55,
      "Plan Rows": 1,
      "Plan Width": 8,
      "Actual Startup Time": 226.623,
      "Actual Total Time": 245.409,
      "Actual Rows": 1,
      "Actual Loops": 1,
      "Plans": [
        {
          "Node Type": "Gather",
          "Parent Relationship": "Outer",
          "Parallel Aware": false,
          "Startup Cost": 98748.23,
          "Total Cost": 98748.54,
          "Plan Rows": 3,
          "Plan Width": 8,
          "Actual Startup Time": 226.14,
          "Actual Total Time": 245.401,
          "Actual Rows": 4,
          "Actual Loops": 1,
          "Workers Planned": 3,
          "Workers Launched": 3,
          "Single Copy": false,
          "Plans": [
            {
              "Node Type": "Aggregate",
              "Strategy": "Plain",
              "Partial Mode": "Partial",
              "Parent Relationship": "Outer",
              "Parallel Aware": false,
              "Startup Cost": 97748.23,
              "Total Cost": 97748.24,
              "Plan Rows": 1,
              "Plan Width": 8,
              "Actual Startup Time": 220.662,
              "Actual Total Time": 220.665,
              "Actual Rows": 1,
              "Actual Loops": 4,
              "Plans": [
                {
                  "Node Type": "Nested Loop",
                  "Parent Relationship": "Outer",
                  "Parallel Aware": false,
                  "Join Type": "Inner",
                  "Startup Cost": 45712.45,
                  "Total Cost": 97666.65,
                  "Plan Rows": 32631,
                  "Plan Width": 0,
                  "Actual Startup Time": 113.311,
                  "Actual Total Time": 220.064,
                  "Actual Rows": 9267,
                  "Actual Loops": 4,
                  "Inner Unique": false,
                  "Join Filter": "(t.id = mi.movie_id)",
                  "Rows Removed by Join Filter": 0,
                  "Plans": [
                    {
                      "Node Type": "Hash Join",
                      "Parent Relationship": "Outer",
                      "Parallel Aware": true,
                      "Join Type": "Inner",
                      "Startup Cost": 45712.01,
                      "Total Cost": 75788.74,
                      "Plan Rows": 8585,
                      "Plan Width": 8,
                      "Actual Startup Time": 113.216,
                      "Actual Total Time": 195.384,
                      "Actual Rows": 1972,
                      "Actual Loops": 4,
                      "Inner Unique": true,
                      "Hash Cond": "(mc.movie_id = t.id)",
                      "Plans": [
                        {
                          "Node Type": "Seq Scan",
                          "Parent Relationship": "Outer",
                          "Parallel Aware": true,
                          "Relation Name": "movie_companies",
                          "Alias": "mc",
                          "Startup Cost": 0.0,
                          "Total Cost": 29310.68,
                          "Plan Rows": 291828,
                          "Plan Width": 4,
                          "Actual Startup Time": 11.045,
                          "Actual Total Time": 65.36,
                          "Actual Rows": 223956,
                          "Actual Loops": 4,
                          "Filter": "(company_id > 21641)",
                          "Rows Removed by Filter": 428326
                        },
                        {
                          "Node Type": "Hash",
                          "Parent Relationship": "Inner",
                          "Parallel Aware": true,
                          "Startup Cost": 45479.59,
                          "Total Cost": 45479.59,
                          "Plan Rows": 18594,
                          "Plan Width": 4,
                          "Actual Startup Time": 99.798,
                          "Actual Total Time": 99.799,
                          "Actual Rows": 21126,
                          "Actual Loops": 4,
                          "Hash Buckets": 131072,
                          "Original Hash Buckets": 131072,
                          "Hash Batches": 1,
                          "Original Hash Batches": 1,
                          "Peak Memory Usage": 4416,
                          "Plans": [
                            {
                              "Node Type": "Seq Scan",
                              "Parent Relationship": "Outer",
                              "Parallel Aware": true,
                              "Relation Name": "title",
                              "Alias": "t",
                              "Startup Cost": 0.0,
                              "Total Cost": 45479.59,
                              "Plan Rows": 18594,
                              "Plan Width": 4,
                              "Actual Startup Time": 0.035,
                              "Actual Total Time": 91.37,
                              "Actual Rows": 21126,
                              "Actual Loops": 4,
                              "Filter": "((kind_id > 4) AND (production_year = 2007))",
                              "Rows Removed by Filter": 610952
                            }
                          ]
                        }
                      ]
                    },
                    {
                      "Node Type": "Index Scan",
                      "Parent Relationship": "Inner",
                      "Parallel Aware": false,
                      "Scan Direction": "Forward",
                      "Index Name": "movie_id_movie_info",
                      "Relation Name": "movie_info",
                      "Alias": "mi",
                      "Startup Cost": 0.43,
                      "Total Cost": 2.21,
                      "Plan Rows": 27,
                      "Plan Width": 4,
                      "Actual Startup Time": 0.005,
                      "Actual Total Time": 0.012,
                      "Actual Rows": 5,
                      "Actual Loops": 7888,
                      "Index Cond": "(movie_id = mc.movie_id)",
                      "Rows Removed by Index Recheck": 0,
                      "Filter": "(info_type_id < 16)",
                      "Rows Removed by Filter": 4
                    }
                  ]
                }
              ]
            }
          ]
        }
      ]
    },
    "Planning Time": 1.011,
    "Triggers": [],
    "Execution Time": 245.477
  }
]