[
  {
    "Plan": {
      "Node Type": "Aggregate",
      "Strategy": "Plain",
      "Partial Mode": "Finalize",
      "Parallel Aware": false,
      "Startup Cost": 287295.01,
      "Total Cost": 287295.02,
      "Plan Rows": 1,
      "Plan Width": 8,
      "Actual Startup Time": 152.188,
      "Actual Total Time": 161.042,
      "Actual Rows": 1,
      "Actual Loops": 1,
      "Plans": [
        {
          "Node Type": "Gather",
          "Parent Relationship": "Outer",
          "Parallel Aware": false,
          "Startup Cost": 287294.39,
          "Total Cost": 287295.0,
          "Plan Rows": 6,
          "Plan Width": 8,
          "Actual Startup Time": 151.333,
          "Actual Total Time": 161.029,
          "Actual Rows": 7,
          "Actual Loops": 1,
          "Workers Planned": 6,
          "Workers Launched": 6,
          "Single Copy": false,
          "Plans": [
            {
              "Node Type": "Aggregate",
              "Strategy": "Plain",
              "Partial Mode": "Partial",
              "Parent Relationship": "Outer",
              "Parallel Aware": false,
              "Startup Cost": 286294.39,
              "Total Cost": 286294.4,
              "Plan Rows": 1,
              "Plan Width": 8,
              "Actual Startup Time": 140.194,
              "Actual Total Time": 140.197,
              "Actual Rows": 1,
              "Actual Loops": 7,
              "Plans": [
                {
                  "Node Type": "Bitmap Heap Scan",
                  "Parent Relationship": "Outer",
                  "Parallel Aware": true,
                  "Relation Name": "cast_info",
                  "Alias": "ci",
                  "Startup Cost": 30189.14,
                  "Total Cost": 285724.68,
                  "Plan Rows": 227883,
                  "Plan Width": 0,
                  "Actual Startup Time": 62.813,
                  "Actual Total Time": 125.543,
                  "Actual Rows": 200895,
                  "Actual Loops": 7,
                  "Recheck Cond": "(person_id < 141169)",
                  "Rows Removed by Index Recheck": 0,
                  "Exact Heap Blocks": 3053,
                  "Lossy Heap Blocks": 0,
                  "Plans": [
                    {
                      "Node Type": "Bitmap Index Scan",
                      "Parent Relationship": "Outer",
                      "Parallel Aware": false,
                      "Index Name": "person_id_cast_info",
                      "Startup Cost": 0.0,
                      "Total Cost": 29847.31,
                      "Plan Rows": 1367300,
                      "Plan Width": 0,
                      "Actual Startup Time": 69.458,
                      "Actual Total Time": 69.459,
                      "Actual Rows": 1406264,
                      "Actual Loops": 1,
                      "Index Cond": "(person_id < 141169)"
                    }
                  ]
                }
              ]
            }
          ]
        }
      ]
    },
    "Planning Time": 0.082,
    "Triggers": [],
    "Execution Time": 161.083
  }
]