[
  {
    "Plan": {
      "Node Type": "Aggregate",
      "Strategy": "Plain",
      "Partial Mode": "Finalize",
      "Parallel Aware": false,
      "Startup Cost": 89163.65,
      "Total Cost": 89163.66,
      "Plan Rows": 1,
      "Plan Width": 8,
      "Actual Startup Time": 148.109,
      "Actual Total Time": 166.915,
      "Actual Rows": 1,
      "Actual Loops": 1,
      "Plans": [
        {
          "Node Type": "Gather",
          "Parent Relationship": "Outer",
          "Parallel Aware": false,
          "Startup Cost": 89163.23,
          "Total Cost": 89163.64,
          "Plan Rows": 4,
          "Plan Width": 8,
          "Actual Startup Time": 147.974,
          "Actual Total Time": 166.906,
          "Actual Rows": 5,
          "Actual Loops": 1,
          "Workers Planned": 4,
          "Workers Launched": 4,
          "Single Copy": false,
          "Plans": [
            {
              "Node Type": "Aggregate",
              "Strategy": "Plain",
              "Partial Mode": "Partial",
              "Parent Relationship": "Outer",
              "Parallel Aware": false,
              "Startup Cost": 88163.23,
              "Total Cost": 88163.24,
              "Plan Rows": 1,
              "Plan Width": 8,
              "Actual Startup Time": 140.57,
              "Actual Total Time": 140.572,
              "Actual Rows": 1,
              "Actual Loops": 5,
              "Plans": [
                {
                  "Node Type": "Nested Loop",
                  "Parent Relationship": "Outer",
                  "Parallel Aware": false,
                  "Join Type": "Inner",
                  "Startup Cost": 0.43,
                  "Total Cost": 88135.48,
                  "Plan Rows": 11101,
                  "Plan Width": 0,
                  "Actual Startup Time": 59.118,
                  "Actual Total Time": 140.197,
                  "Actual Rows": 4576,
                  "Actual Loops": 5,
                  "Inner Unique": false,
                  "Plans": [
                    {
                      "Node Type": "Seq Scan",
                      "Parent Relationship": "Outer",
                      "Parallel Aware": true,
                      "Relation Name": "title",
                      "Alias": "t",
                      "Startup Cost": 0.0,
                      "Total Cost": 45479.59,
                      "Plan Rows": 6204,
                      "Plan Width": 4,
                      "Actual Startup Time": 57.455,
                      "Actual Total Time": 86.278,
                      "Actual Rows": 13503,
                      "Actual Loops": 5,
                      "Filter": "((kind_id < 7) AND (production_year < 1916))",
                      "Rows Removed by Filter": 492159
                    },
                    {
                      "Node Type": "Index Only Scan",
                      "Parent Relationship": "Inner",
                      "Parallel Aware": false,
                      "Scan Direction": "Forward",
                      "Index Name": "movie_id_movie_keyword",
                      "Relation Name": "movie_keyword",
                      "Alias": "mk",
                      "Startup Cost": 0.43,
                      "Total Cost": 6.42,
                      "Plan Rows": 46,
                      "Plan Width": 4,
                      "Actual Startup Time": 0.004,
                      "Actual Total Time": 0.004,
                      "Actual Rows": 0,
                      "Actual Loops": 67516,
                      "Index Cond": "(movie_id = t.id)",
                      "Rows Removed by Index Recheck": 0,
                      "Heap Fetches": 22881
                    }
                  ]
                }
              ]
            }
          ]
        }
      ]
    },
    "Planning Time": 0.634,
    "Triggers": [],
    "Execution Time": 166.99
  }
]