[
  {
    "Plan": {
      "Node Type": "Aggregate",
      "Strategy": "Plain",
      "Partial Mode": "Finalize",
      "Parallel Aware": false,
      "Startup Cost": 89215.08,
      "Total Cost": 89215.09,
      "Plan Rows": 1,
      "Plan Width": 8,
      "Actual Startup Time": 146.606,
      "Actual Total Time": 164.347,
      "Actual Rows": 1,
      "Actual Loops": 1,
      "Plans": [
        {
          "Node Type": "Gather",
          "Parent Relationship": "Outer",
          "Parallel Aware": false,
          "Startup Cost": 89214.66,
          "Total Cost": 89215.07,
          "Plan Rows": 4,
          "Plan Width": 8,
          "Actual Startup Time": 146.478,
          "Actual Total Time": 164.338,
          "Actual Rows": 5,
          "Actual Loops": 1,
          "Workers Planned": 4,
          "Workers Launched": 4,
          "Single Copy": false,
          "Plans": [
            {
              "Node Type": "Aggregate",
              "Strategy": "Plain",
              "Partial Mode": "Partial",
              "Parent Relationship": "Outer",
              "Parallel Aware": false,
              "Startup Cost": 88214.66,
              "Total Cost": 88214.67,
              "Plan Rows": 1,
              "Plan Width": 8,
              "Actual Startup Time": 136.69,
              "Actual Total Time": 136.691,
              "Actual Rows": 1,
              "Actual Loops": 5,
              "Plans": [
                {
                  "Node Type": "Nested Loop",
                  "Parent Relationship": "Outer",
                  "Parallel Aware": false,
                  "Join Type": "Inner",
                  "Startup Cost": 0.43,
                  "Total Cost": 88186.71,
                  "Plan Rows": 11179,
                  "Plan Width": 0,
                  "Actual Startup Time": 60.386,
                  "Actual Total Time": 136.324,
                  "Actual Rows": 4576,
                  "Actual Loops": 5,
                  "Inner Unique": false,
                  "Plans": [
                    {
                      "Node Type": "Seq Scan",
                      "Parent Relationship": "Outer",
                      "Parallel Aware": true,
                      "Relation Name": "title",
                      "Alias": "t",
                      "Startup Cost": 0.0,
                      "Total Cost": 45479.1,
                      "Plan Rows": 6248,
                      "Plan Width": 4,
                      "Actual Startup Time": 58.954,
                      "Actual Total Time": 87.233,
                      "Actual Rows": 13503,
                      "Actual Loops": 5,
                      "Filter": "((kind_id < 7) AND (production_year < 1916))",
                      "Rows Removed by Filter": 492159
                    },
                    {
                      "Node Type": "Index Only Scan",
                      "Parent Relationship": "Inner",
                      "Parallel Aware": false,
                      "Scan Direction": "Forward",
                      "Index Name": "movie_id_movie_keyword",
                      "Relation Name": "movie_keyword",
                      "Alias": "mk",
                      "Startup Cost": 0.43,
                      "Total Cost": 6.39,
                      "Plan Rows": 45,
                      "Plan Width": 4,
                      "Actual Startup Time": 0.003,
                      "Actual Total Time": 0.003,
                      "Actual Rows": 0,
                      "Actual Loops": 67516,
                      "Index Cond": "(movie_id = t.id)",
                      "Rows Removed by Index Recheck": 0,
                      "Heap Fetches": 22881
                    }
                  ]
                }
              ]
            }
          ]
        }
      ]
    },
    "Planning Time": 0.61,
    "Triggers": [],
    "Execution Time": 164.424
  }
]