[
  {
    "Plan": {
      "Node Type": "Aggregate",
      "Strategy": "Plain",
      "Partial Mode": "Finalize",
      "Parallel Aware": false,
      "Startup Cost": 44401.59,
      "Total Cost": 44401.6,
      "Plan Rows": 1,
      "Plan Width": 8,
      "Actual Startup Time": 129.983,
      "Actual Total Time": 139.644,
      "Actual Rows": 1,
      "Actual Loops": 1,
      "Plans": [
        {
          "Node Type": "Gather",
          "Parent Relationship": "Outer",
          "Parallel Aware": false,
          "Startup Cost": 44401.28,
          "Total Cost": 44401.59,
          "Plan Rows": 3,
          "Plan Width": 8,
          "Actual Startup Time": 129.872,
          "Actual Total Time": 139.634,
          "Actual Rows": 4,
          "Actual Loops": 1,
          "Workers Planned": 3,
          "Workers Launched": 3,
          "Single Copy": false,
          "Plans": [
            {
              "Node Type": "Aggregate",
              "Strategy": "Plain",
              "Partial Mode": "Partial",
              "Parent Relationship": "Outer",
              "Parallel Aware": false,
              "Startup Cost": 43401.28,
              "Total Cost": 43401.29,
              "Plan Rows": 1,
              "Plan Width": 8,
              "Actual Startup Time": 123.276,
              "Actual Total Time": 123.277,
              "Actual Rows": 1,
              "Actual Loops": 4,
              "Plans": [
                {
                  "Node Type": "Seq Scan",
                  "Parent Relationship": "Outer",
                  "Parallel Aware": true,
                  "Relation Name": "movie_keyword",
                  "Alias": "mk",
                  "Startup Cost": 0.0,
                  "Total Cost": 42695.65,
                  "Plan Rows": 282249,
                  "Plan Width": 0,
                  "Actual Startup Time": 4.695,
                  "Actual Total Time": 111.465,
                  "Actual Rows": 218248,
                  "Actual Loops": 4,
                  "Filter": "(keyword_id > 21151)",
                  "Rows Removed by Filter": 912735
                }
              ]
            }
          ]
        }
      ]
    },
    "Planning Time": 0.183,
    "Triggers": [],
    "Execution Time": 139.704
  }
]