[
  {
    "Plan": {
      "Node Type": "Aggregate",
      "Strategy": "Plain",
      "Partial Mode": "Finalize",
      "Parallel Aware": false,
      "Startup Cost": 347097.43,
      "Total Cost": 347097.44,
      "Plan Rows": 1,
      "Plan Width": 8,
      "Actual Startup Time": 652.195,
      "Actual Total Time": 711.298,
      "Actual Rows": 1,
      "Actual Loops": 1,
      "Plans": [
        {
          "Node Type": "Gather",
          "Parent Relationship": "Outer",
          "Parallel Aware": false,
          "Startup Cost": 347096.8,
          "Total Cost": 347097.41,
          "Plan Rows": 6,
          "Plan Width": 8,
          "Actual Startup Time": 652.077,
          "Actual Total Time": 711.287,
          "Actual Rows": 7,
          "Actual Loops": 1,
          "Workers Planned": 6,
          "Workers Launched": 6,
          "Single Copy": false,
          "Plans": [
            {
              "Node Type": "Aggregate",
              "Strategy": "Plain",
              "Partial Mode": "Partial",
              "Parent Relationship": "Outer",
              "Parallel Aware": false,
              "Startup Cost": 346096.8,
              "Total Cost": 346096.81,
              "Plan Rows": 1,
              "Plan Width": 8,
              "Actual Startup Time": 645.335,
              "Actual Total Time": 645.336,
              "Actual Rows": 1,
              "Actual Loops": 7,
              "Plans": [
                {
                  "Node Type": "Seq Scan",
                  "Parent Relationship": "Outer",
                  "Parallel Aware": true,
                  "Relation Name": "cast_info",
                  "Alias": "ci",
                  "Startup Cost": 0.0,
                  "Total Cost": 343257.03,
                  "Plan Rows": 1135909,
                  "Plan Width": 0,
                  "Actual Startup Time": 229.951,
                  "Actual Total Time": 625.777,
                  "Actual Rows": 418151,
                  "Actual Loops": 7,
                  "Filter": "((person_id < 1025831) AND (role_id > 1))",
                  "Rows Removed by Filter": 4759613
                }
              ]
            }
          ]
        }
      ]
    },
    "Planning Time": 0.105,
    "Triggers": [],
    "Execution Time": 711.338
  }
]