[
  {
    "Plan": {
      "Node Type": "Aggregate",
      "Strategy": "Plain",
      "Partial Mode": "Finalize",
      "Parallel Aware": false,
      "Startup Cost": 46176.95,
      "Total Cost": 46176.96,
      "Plan Rows": 1,
      "Plan Width": 8,
      "Actual Startup Time": 115.396,
      "Actual Total Time": 127.396,
      "Actual Rows": 1,
      "Actual Loops": 1,
      "Plans": [
        {
          "Node Type": "Gather",
          "Parent Relationship": "Outer",
          "Parallel Aware": false,
          "Startup Cost": 46176.53,
          "Total Cost": 46176.94,
          "Plan Rows": 4,
          "Plan Width": 8,
          "Actual Startup Time": 115.251,
          "Actual Total Time": 127.387,
          "Actual Rows": 5,
          "Actual Loops": 1,
          "Workers Planned": 4,
          "Workers Launched": 4,
          "Single Copy": false,
          "Plans": [
            {
              "Node Type": "Aggregate",
              "Strategy": "Plain",
              "Partial Mode": "Partial",
              "Parent Relationship": "Outer",
              "Parallel Aware": false,
              "Startup Cost": 45176.53,
              "Total Cost": 45176.54,
              "Plan Rows": 1,
              "Plan Width": 8,
              "Actual Startup Time": 108.717,
              "Actual Total Time": 108.719,
              "Actual Rows": 1,
              "Actual Loops": 5,
              "Plans": [
                {
                  "Node Type": "Seq Scan",
                  "Parent Relationship": "Outer",
                  "Parallel Aware": true,
                  "Relation Name": "title",
                  "Alias": "t",
                  "Startup Cost": 0.0,
                  "Total Cost": 43898.92,
                  "Plan Rows": 511045,
                  "Plan Width": 0,
                  "Actual Startup Time": 0.03,
                  "Actual Total Time": 89.458,
                  "Actual Rows": 406488,
                  "Actual Loops": 5,
                  "Filter": "(production_year > 1973)",
                  "Rows Removed by Filter": 99175
                }
              ]
            }
          ]
        }
      ]
    },
    "Planning Time": 0.103,
    "Triggers": [],
    "Execution Time": 127.443
  }
]