[
  {
    "Plan": {
      "Node Type": "Aggregate",
      "Strategy": "Plain",
      "Partial Mode": "Finalize",
      "Parallel Aware": false,
      "Startup Cost": 30959.36,
      "Total Cost": 30959.37,
      "Plan Rows": 1,
      "Plan Width": 8,
      "Actual Startup Time": 90.058,
      "Actual Total Time": 97.265,
      "Actual Rows": 1,
      "Actual Loops": 1,
      "Plans": [
        {
          "Node Type": "Gather",
          "Parent Relationship": "Outer",
          "Parallel Aware": false,
          "Startup Cost": 30959.04,
          "Total Cost": 30959.35,
          "Plan Rows": 3,
          "Plan Width": 8,
          "Actual Startup Time": 89.874,
          "Actual Total Time": 97.256,
          "Actual Rows": 4,
          "Actual Loops": 1,
          "Workers Planned": 3,
          "Workers Launched": 3,
          "Single Copy": false,
          "Plans": [
            {
              "Node Type": "Aggregate",
              "Strategy": "Plain",
              "Partial Mode": "Partial",
              "Parent Relationship": "Outer",
              "Parallel Aware": false,
              "Startup Cost": 29959.04,
              "Total Cost": 29959.05,
              "Plan Rows": 1,
              "Plan Width": 8,
              "Actual Startup Time": 83.285,
              "Actual Total Time": 83.287,
              "Actual Rows": 1,
              "Actual Loops": 4,
              "Plans": [
                {
                  "Node Type": "Seq Scan",
                  "Parent Relationship": "Outer",
                  "Parallel Aware": true,
                  "Relation Name": "movie_companies",
                  "Alias": "mc",
                  "Startup Cost": 0.0,
                  "Total Cost": 29310.68,
                  "Plan Rows": 259344,
                  "Plan Width": 0,
                  "Actual Startup Time": 0.031,
                  "Actual Total Time": 72.021,
                  "Actual Rows": 200987,
                  "Actual Loops": 4,
                  "Filter": "(company_id < 1787)",
                  "Rows Removed by Filter": 451296
                }
              ]
            }
          ]
        }
      ]
    },
    "Planning Time": 0.111,
    "Triggers": [],
    "Execution Time": 97.303
  }
]