[
  {
    "Plan": {
      "Node Type": "Aggregate",
      "Strategy": "Plain",
      "Partial Mode": "Simple",
      "Parallel Aware": false,
      "Startup Cost": 5846.76,
      "Total Cost": 5846.77,
      "Plan Rows": 1,
      "Plan Width": 8,
      "Actual Startup Time": 1.591,
      "Actual Total Time": 1.592,
      "Actual Rows": 1,
      "Actual Loops": 1,
      "Plans": [
        {
          "Node Type": "Index Scan",
          "Parent Relationship": "Outer",
          "Parallel Aware": false,
          "Scan Direction": "Forward",
          "Index Name": "company_id_movie_companies",
          "Relation Name": "movie_companies",
          "Alias": "mc",
          "Startup Cost": 0.43,
          "Total Cost": 5843.76,
          "Plan Rows": 1200,
          "Plan Width": 0,
          "Actual Startup Time": 1.237,
          "Actual Total Time": 1.566,
          "Actual Rows": 295,
          "Actual Loops": 1,
          "Index Cond": "(company_id = 292)",
          "Rows Removed by Index Recheck": 0,
          "Filter": "(company_type_id = 2)",
          "Rows Removed by Filter": 2500
        }
      ]
    },
    "Planning Time": 0.145,
    "Triggers": [],
    "Execution Time": 1.618
  }
]