[
  {
    "Plan": {
      "Node Type": "Aggregate",
      "Strategy": "Plain",
      "Partial Mode": "Simple",
      "Parallel Aware": false,
      "Startup Cost": 7195.38,
      "Total Cost": 7195.39,
      "Plan Rows": 1,
      "Plan Width": 8,
      "Actual Startup Time": 2.729,
      "Actual Total Time": 2.731,
      "Actual Rows": 1,
      "Actual Loops": 1,
      "Plans": [
        {
          "Node Type": "Index Scan",
          "Parent Relationship": "Outer",
          "Parallel Aware": false,
          "Scan Direction": "Forward",
          "Index Name": "company_id_movie_companies",
          "Relation Name": "movie_companies",
          "Alias": "mc",
          "Startup Cost": 0.43,
          "Total Cost": 7191.62,
          "Plan Rows": 1501,
          "Plan Width": 0,
          "Actual Startup Time": 2.125,
          "Actual Total Time": 2.671,
          "Actual Rows": 295,
          "Actual Loops": 1,
          "Index Cond": "(company_id = 292)",
          "Rows Removed by Index Recheck": 0,
          "Filter": "(company_type_id = 2)",
          "Rows Removed by Filter": 2500
        }
      ]
    },
    "Planning Time": 0.213,
    "Triggers": [],
    "Execution Time": 2.809
  }
]