[
  {
    "Plan": {
      "Node Type": "Aggregate",
      "Strategy": "Plain",
      "Partial Mode": "Finalize",
      "Parallel Aware": false,
      "Startup Cost": 31690.78,
      "Total Cost": 31690.79,
      "Plan Rows": 1,
      "Plan Width": 8,
      "Actual Startup Time": 114.724,
      "Actual Total Time": 122.744,
      "Actual Rows": 1,
      "Actual Loops": 1,
      "Plans": [
        {
          "Node Type": "Gather",
          "Parent Relationship": "Outer",
          "Parallel Aware": false,
          "Startup Cost": 31690.47,
          "Total Cost": 31690.78,
          "Plan Rows": 3,
          "Plan Width": 8,
          "Actual Startup Time": 114.574,
          "Actual Total Time": 122.734,
          "Actual Rows": 4,
          "Actual Loops": 1,
          "Workers Planned": 3,
          "Workers Launched": 3,
          "Single Copy": false,
          "Plans": [
            {
              "Node Type": "Aggregate",
              "Strategy": "Plain",
              "Partial Mode": "Partial",
              "Parent Relationship": "Outer",
              "Parallel Aware": false,
              "Startup Cost": 30690.47,
              "Total Cost": 30690.48,
              "Plan Rows": 1,
              "Plan Width": 8,
              "Actual Startup Time": 105.868,
              "Actual Total Time": 105.869,
              "Actual Rows": 1,
              "Actual Loops": 4,
              "Plans": [
                {
                  "Node Type": "Seq Scan",
                  "Parent Relationship": "Outer",
                  "Parallel Aware": true,
                  "Relation Name": "movie_companies",
                  "Alias": "mc",
                  "Startup Cost": 0.0,
                  "Total Cost": 29310.68,
                  "Plan Rows": 551914,
                  "Plan Width": 0,
                  "Actual Startup Time": 0.029,
                  "Actual Total Time": 82.246,
                  "Actual Rows": 429774,
                  "Actual Loops": 4,
                  "Filter": "(company_id < 22151)",
                  "Rows Removed by Filter": 222508
                }
              ]
            }
          ]
        }
      ]
    },
    "Planning Time": 0.187,
    "Triggers": [],
    "Execution Time": 122.8
  }
]