{
  "Plan": {
    "Node Type": "Aggregate",
    "Strategy": "Plain",
    "Partial Mode": "Finalize",
    "Parallel Aware": false,
    "Startup Cost": 248069.06,
    "Total Cost": 248069.07,
    "Plan Rows": 1,
    "Plan Width": 8,
    "Actual Startup Time": 1040.443,
    "Actual Total Time": 1064.161,
    "Actual Rows": 1,
    "Actual Loops": 1,
    "Plans": [
      {
        "Node Type": "Gather",
        "Parent Relationship": "Outer",
        "Parallel Aware": false,
        "Startup Cost": 248068.94,
        "Total Cost": 248069.05,
        "Plan Rows": 1,
        "Plan Width": 8,
        "Actual Startup Time": 1039.601,
        "Actual Total Time": 1064.154,
        "Actual Rows": 2,
        "Actual Loops": 1,
        "Workers Planned": 1,
        "Workers Launched": 1,
        "Single Copy": false,
        "Plans": [
          {
            "Node Type": "Aggregate",
            "Strategy": "Plain",
            "Partial Mode": "Partial",
            "Parent Relationship": "Outer",
            "Parallel Aware": false,
            "Startup Cost": 247068.94,
            "Total Cost": 247068.95,
            "Plan Rows": 1,
            "Plan Width": 8,
            "Actual Startup Time": 1035.157,
            "Actual Total Time": 1035.16,
            "Actual Rows": 1,
            "Actual Loops": 2,
            "Plans": [
              {
                "Node Type": "Hash Join",
                "Parent Relationship": "Outer",
                "Parallel Aware": true,
                "Join Type": "Inner",
                "Startup Cost": 60934.06,
                "Total Cost": 245875.92,
                "Plan Rows": 477209,
                "Plan Width": 0,
                "Actual Startup Time": 180.632,
                "Actual Total Time": 1017.511,
                "Actual Rows": 412228,
                "Actual Loops": 2,
                "Inner Unique": true,
                "Hash Cond": "(ci.movie_id = t.id)",
                "Plans": [
                  {
                    "Node Type": "Index Scan",
                    "Parent Relationship": "Outer",
                    "Parallel Aware": true,
                    "Scan Direction": "Forward",
                    "Index Name": "role_id_cast_info",
                    "Relation Name": "cast_info",
                    "Alias": "ci",
                    "Startup Cost": 0.56,
                    "Total Cost": 176077.74,
                    "Plan Rows": 3377019,
                    "Plan Width": 4,
                    "Actual Startup Time": 0.077,
                    "Actual Total Time": 378.701,
                    "Actual Rows": 2866347,
                    "Actual Loops": 2,
                    "Index Cond": "(role_id > 8)",
                    "Rows Removed by Index Recheck": 0
                  },
                  {
                    "Node Type": "Hash",
                    "Parent Relationship": "Inner",
                    "Parallel Aware": true,
                    "Startup Cost": 58306.47,
                    "Total Cost": 58306.47,
                    "Plan Rows": 210162,
                    "Plan Width": 4,
                    "Actual Startup Time": 175.966,
                    "Actual Total Time": 175.968,
                    "Actual Rows": 151044,
                    "Actual Loops": 2,
                    "Hash Buckets": 524288,
                    "Original Hash Buckets": 524288,
                    "Hash Batches": 1,
                    "Original Hash Batches": 1,
                    "Peak Memory Usage": 15968,
                    "Plans": [
                      {
                        "Node Type": "Seq Scan",
                        "Parent Relationship": "Outer",
                        "Parallel Aware": true,
                        "Relation Name": "title",
                        "Alias": "t",
                        "Startup Cost": 0.0,
                        "Total Cost": 58306.47,
                        "Plan Rows": 210162,
                        "Plan Width": 4,
                        "Actual Startup Time": 0.044,
                        "Actual Total Time": 140.728,
                        "Actual Rows": 151044,
                        "Actual Loops": 2,
                        "Filter": "((kind_id < 7) AND (production_year > 2006))",
                        "Rows Removed by Filter": 1113112
                      }
                    ]
                  }
                ]
              }
            ]
          }
        ]
      }
    ]
  },
  "Planning Time": 0.529,
  "Triggers": [],
  "Execution Time": 1064.221
}