[
  {
    "Plan": {
      "Node Type": "Aggregate",
      "Strategy": "Plain",
      "Partial Mode": "Finalize",
      "Parallel Aware": false,
      "Startup Cost": 339198.99,
      "Total Cost": 339199.01,
      "Plan Rows": 1,
      "Plan Width": 8,
      "Actual Startup Time": 737.861,
      "Actual Total Time": 796.903,
      "Actual Rows": 1,
      "Actual Loops": 1,
      "Plans": [
        {
          "Node Type": "Gather",
          "Parent Relationship": "Outer",
          "Parallel Aware": false,
          "Startup Cost": 339198.37,
          "Total Cost": 339198.98,
          "Plan Rows": 6,
          "Plan Width": 8,
          "Actual Startup Time": 737.691,
          "Actual Total Time": 796.893,
          "Actual Rows": 7,
          "Actual Loops": 1,
          "Workers Planned": 6,
          "Workers Launched": 6,
          "Single Copy": false,
          "Plans": [
            {
              "Node Type": "Aggregate",
              "Strategy": "Plain",
              "Partial Mode": "Partial",
              "Parent Relationship": "Outer",
              "Parallel Aware": false,
              "Startup Cost": 338198.37,
              "Total Cost": 338198.38,
              "Plan Rows": 1,
              "Plan Width": 8,
              "Actual Startup Time": 727.351,
              "Actual Total Time": 727.353,
              "Actual Rows": 1,
              "Actual Loops": 7,
              "Plans": [
                {
                  "Node Type": "Seq Scan",
                  "Parent Relationship": "Outer",
                  "Parallel Aware": true,
                  "Relation Name": "cast_info",
                  "Alias": "ci",
                  "Startup Cost": 0.0,
                  "Total Cost": 328162.03,
                  "Plan Rows": 4014538,
                  "Plan Width": 0,
                  "Actual Startup Time": 134.091,
                  "Actual Total Time": 593.608,
                  "Actual Rows": 3445608,
                  "Actual Loops": 7,
                  "Filter": "(person_id > 1193895)",
                  "Rows Removed by Filter": 1732155
                }
              ]
            }
          ]
        }
      ]
    },
    "Planning Time": 0.179,
    "Triggers": [],
    "Execution Time": 796.974
  }
]