{
  "Plan": {
    "Node Type": "Aggregate",
    "Strategy": "Plain",
    "Partial Mode": "Finalize",
    "Parallel Aware": false,
    "Startup Cost": 696436.89,
    "Total Cost": 696436.9,
    "Plan Rows": 1,
    "Plan Width": 8,
    "Actual Startup Time": 1640.985,
    "Actual Total Time": 1675.868,
    "Actual Rows": 1,
    "Actual Loops": 1,
    "Plans": [
      {
        "Node Type": "Gather",
        "Parent Relationship": "Outer",
        "Parallel Aware": false,
        "Startup Cost": 696436.78,
        "Total Cost": 696436.89,
        "Plan Rows": 1,
        "Plan Width": 8,
        "Actual Startup Time": 1638.469,
        "Actual Total Time": 1675.859,
        "Actual Rows": 2,
        "Actual Loops": 1,
        "Workers Planned": 1,
        "Workers Launched": 1,
        "Single Copy": false,
        "Plans": [
          {
            "Node Type": "Aggregate",
            "Strategy": "Plain",
            "Partial Mode": "Partial",
            "Parent Relationship": "Outer",
            "Parallel Aware": false,
            "Startup Cost": 695436.78,
            "Total Cost": 695436.79,
            "Plan Rows": 1,
            "Plan Width": 8,
            "Actual Startup Time": 1630.889,
            "Actual Total Time": 1630.893,
            "Actual Rows": 1,
            "Actual Loops": 2,
            "Plans": [
              {
                "Node Type": "Nested Loop",
                "Parent Relationship": "Outer",
                "Parallel Aware": false,
                "Join Type": "Inner",
                "Startup Cost": 162057.07,
                "Total Cost": 694877.97,
                "Plan Rows": 223523,
                "Plan Width": 0,
                "Actual Startup Time": 665.102,
                "Actual Total Time": 1617.462,
                "Actual Rows": 255720,
                "Actual Loops": 2,
                "Inner Unique": false,
                "Join Filter": "(t.id = mc.movie_id)",
                "Rows Removed by Join Filter": 0,
                "Plans": [
                  {
                    "Node Type": "Hash Join",
                    "Parent Relationship": "Outer",
                    "Parallel Aware": true,
                    "Join Type": "Inner",
                    "Startup Cost": 162056.64,
                    "Total Cost": 458880.58,
                    "Plan Rows": 379719,
                    "Plan Width": 8,
                    "Actual Startup Time": 665.05,
                    "Actual Total Time": 1011.563,
                    "Actual Rows": 192750,
                    "Actual Loops": 2,
                    "Inner Unique": true,
                    "Hash Cond": "(ci.movie_id = t.id)",
                    "Plans": [
                      {
                        "Node Type": "Bitmap Heap Scan",
                        "Parent Relationship": "Outer",
                        "Parallel Aware": true,
                        "Relation Name": "cast_info",
                        "Alias": "ci",
                        "Startup Cost": 101745.08,
                        "Total Cost": 395331.27,
                        "Plan Rows": 1233429,
                        "Plan Width": 4,
                        "Actual Startup Time": 355.367,
                        "Actual Total Time": 467.424,
                        "Actual Rows": 657580,
                        "Actual Loops": 2,
                        "Recheck Cond": "(person_id < 461522)",
                        "Rows Removed by Index Recheck": 0,
                        "Filter": "(role_id > 2)",
                        "Rows Removed by Filter": 1720338,
                        "Exact Heap Blocks": 25099,
                        "Lossy Heap Blocks": 0,
                        "Plans": [
                          {
                            "Node Type": "Bitmap Index Scan",
                            "Parent Relationship": "Outer",
                            "Parallel Aware": false,
                            "Index Name": "person_id_cast_info",
                            "Startup Cost": 0.0,
                            "Total Cost": 101220.87,
                            "Plan Rows": 4635241,
                            "Plan Width": 0,
                            "Actual Startup Time": 186.755,
                            "Actual Total Time": 186.755,
                            "Actual Rows": 4755836,
                            "Actual Loops": 1,
                            "Index Cond": "(person_id < 461522)"
                          }
                        ]
                      },
                      {
                        "Node Type": "Hash",
                        "Parent Relationship": "Inner",
                        "Parallel Aware": true,
                        "Startup Cost": 54588.39,
                        "Total Cost": 54588.39,
                        "Plan Rows": 457854,
                        "Plan Width": 4,
                        "Actual Startup Time": 298.989,
                        "Actual Total Time": 298.99,
                        "Actual Rows": 391338,
                        "Actual Loops": 2,
                        "Hash Buckets": 1048576,
                        "Original Hash Buckets": 1048576,
                        "Hash Batches": 1,
                        "Original Hash Batches": 1,
                        "Peak Memory Usage": 38848,
                        "Plans": [
                          {
                            "Node Type": "Seq Scan",
                            "Parent Relationship": "Outer",
                            "Parallel Aware": true,
                            "Relation Name": "title",
                            "Alias": "t",
                            "Startup Cost": 0.0,
                            "Total Cost": 54588.39,
                            "Plan Rows": 457854,
                            "Plan Width": 4,
                            "Actual Startup Time": 0.025,
                            "Actual Total Time": 188.983,
                            "Actual Rows": 391338,
                            "Actual Loops": 2,
                            "Filter": "(production_year < 1994)",
                            "Rows Removed by Filter": 872818
                          }
                        ]
                      }
                    ]
                  },
                  {
                    "Node Type": "Index Scan",
                    "Parent Relationship": "Inner",
                    "Parallel Aware": false,
                    "Scan Direction": "Forward",
                    "Index Name": "movie_id_movie_companies",
                    "Relation Name": "movie_companies",
                    "Alias": "mc",
                    "Startup Cost": 0.43,
                    "Total Cost": 0.58,
                    "Plan Rows": 3,
                    "Plan Width": 4,
                    "Actual Startup Time": 0.002,
                    "Actual Total Time": 0.003,
                    "Actual Rows": 1,
                    "Actual Loops": 385499,
                    "Index Cond": "(movie_id = ci.movie_id)",
                    "Rows Removed by Index Recheck": 0,
                    "Filter": "(company_id > 7851)",
                    "Rows Removed by Filter": 1
                  }
                ]
              }
            ]
          }
        ]
      }
    ]
  },
  "Planning Time": 1.139,
  "Triggers": [],
  "Execution Time": 1675.979
}