{
  "Plan": {
    "Node Type": "Aggregate",
    "Strategy": "Plain",
    "Partial Mode": "Simple",
    "Parallel Aware": false,
    "Startup Cost": 216035.06,
    "Total Cost": 216035.07,
    "Plan Rows": 1,
    "Plan Width": 96,
    "Actual Startup Time": 2105.319,
    "Actual Total Time": 2198.194,
    "Actual Rows": 1,
    "Actual Loops": 1,
    "Plans": [
      {
        "Node Type": "Gather",
        "Parent Relationship": "Outer",
        "Parallel Aware": false,
        "Startup Cost": 210820.39,
        "Total Cost": 216035.06,
        "Plan Rows": 1,
        "Plan Width": 42,
        "Actual Startup Time": 1272.473,
        "Actual Total Time": 2196.618,
        "Actual Rows": 2471,
        "Actual Loops": 1,
        "Workers Planned": 1,
        "Workers Launched": 1,
        "Single Copy": false,
        "Plans": [
          {
            "Node Type": "Nested Loop",
            "Parent Relationship": "Outer",
            "Parallel Aware": false,
            "Join Type": "Inner",
            "Startup Cost": 209820.39,
            "Total Cost": 215034.96,
            "Plan Rows": 1,
            "Plan Width": 42,
            "Actual Startup Time": 1339.787,
            "Actual Total Time": 1918.064,
            "Actual Rows": 1236,
            "Actual Loops": 2,
            "Inner Unique": true,
            "Plans": [
              {
                "Node Type": "Nested Loop",
                "Parent Relationship": "Outer",
                "Parallel Aware": false,
                "Join Type": "Inner",
                "Startup Cost": 209820.24,
                "Total Cost": 215034.61,
                "Plan Rows": 2,
                "Plan Width": 46,
                "Actual Startup Time": 1339.773,
                "Actual Total Time": 1915.797,
                "Actual Rows": 1238,
                "Actual Loops": 2,
                "Inner Unique": false,
                "Join Filter": "(t.id = mi.movie_id)",
                "Rows Removed by Join Filter": 0,
                "Plans": [
                  {
                    "Node Type": "Hash Join",
                    "Parent Relationship": "Outer",
                    "Parallel Aware": false,
                    "Join Type": "Inner",
                    "Startup Cost": 209819.81,
                    "Total Cost": 214955.11,
                    "Plan Rows": 51,
                    "Plan Width": 54,
                    "Actual Startup Time": 1338.857,
                    "Actual Total Time": 1521.194,
                    "Actual Rows": 22846,
                    "Actual Loops": 2,
                    "Inner Unique": true,
                    "Hash Cond": "(mi_idx.info_type_id = it2.id)",
                    "Plans": [
                      {
                        "Node Type": "Hash Join",
                        "Parent Relationship": "Outer",
                        "Parallel Aware": true,
                        "Join Type": "Inner",
                        "Startup Cost": 209817.38,
                        "Total Cost": 214937.05,
                        "Plan Rows": 5738,
                        "Plan Width": 58,
                        "Actual Startup Time": 1338.49,
                        "Actual Total Time": 1514.7,
                        "Actual Rows": 33314,
                        "Actual Loops": 2,
                        "Inner Unique": true,
                        "Hash Cond": "(mc.company_id = cn.id)",
                        "Plans": [
                          {
                            "Node Type": "Hash Join",
                            "Parent Relationship": "Outer",
                            "Parallel Aware": false,
                            "Join Type": "Inner",
                            "Startup Cost": 204467.75,
                            "Total Cost": 209545.89,
                            "Plan Rows": 15820,
                            "Plan Width": 43,
                            "Actual Startup Time": 1283.114,
                            "Actual Total Time": 1435.627,
                            "Actual Rows": 70441,
                            "Actual Loops": 2,
                            "Inner Unique": true,
                            "Hash Cond": "(mc.company_type_id = ct.id)",
                            "Plans": [
                              {
                                "Node Type": "Merge Join",
                                "Parent Relationship": "Outer",
                                "Parallel Aware": false,
                                "Join Type": "Inner",
                                "Startup Cost": 204466.69,
                                "Total Cost": 209202.72,
                                "Plan Rows": 63279,
                                "Plan Width": 47,
                                "Actual Startup Time": 1283.02,
                                "Actual Total Time": 1414.987,
                                "Actual Rows": 161600,
                                "Actual Loops": 2,
                                "Inner Unique": false,
                                "Merge Cond": "(t.id = mi_idx.movie_id)",
                                "Plans": [
                                  {
                                    "Node Type": "Sort",
                                    "Parent Relationship": "Outer",
                                    "Parallel Aware": false,
                                    "Startup Cost": 150228.85,
                                    "Total Cost": 151487.0,
                                    "Plan Rows": 503259,
                                    "Plan Width": 33,
                                    "Actual Startup Time": 1021.535,
                                    "Actual Total Time": 1045.222,
                                    "Actual Rows": 367071,
                                    "Actual Loops": 2,
                                    "Sort Key": [
                                      "t.id"
                                    ],
                                    "Sort Method": "quicksort",
                                    "Sort Space Used": 51654,
                                    "Sort Space Type": "Memory",
                                    "Workers": [
                                      {
                                        "Worker Number": 0,
                                        "Sort Method": "quicksort",
                                        "Sort Space Used": 35150,
                                        "Sort Space Type": "Memory"
                                      }
                                    ],
                                    "Plans": [
                                      {
                                        "Node Type": "Hash Join",
                                        "Parent Relationship": "Outer",
                                        "Parallel Aware": true,
                                        "Join Type": "Inner",
                                        "Startup Cost": 64401.22,
                                        "Total Cost": 102567.85,
                                        "Plan Rows": 503259,
                                        "Plan Width": 33,
                                        "Actual Startup Time": 371.048,
                                        "Actual Total Time": 884.945,
                                        "Actual Rows": 367071,
                                        "Actual Loops": 2,
                                        "Inner Unique": true,
                                        "Hash Cond": "(mc.movie_id = t.id)",
                                        "Plans": [
                                          {
                                            "Node Type": "Seq Scan",
                                            "Parent Relationship": "Outer",
                                            "Parallel Aware": true,
                                            "Relation Name": "movie_companies",
                                            "Alias": "mc",
                                            "Startup Cost": 0.0,
                                            "Total Cost": 34137.82,
                                            "Plan Rows": 1534782,
                                            "Plan Width": 12,
                                            "Actual Startup Time": 0.011,
                                            "Actual Total Time": 138.611,
                                            "Actual Rows": 1304564,
                                            "Actual Loops": 2
                                          },
                                          {
                                            "Node Type": "Hash",
                                            "Parent Relationship": "Inner",
                                            "Parallel Aware": true,
                                            "Startup Cost": 58305.62,
                                            "Total Cost": 58305.62,
                                            "Plan Rows": 487648,
                                            "Plan Width": 21,
                                            "Actual Startup Time": 367.755,
                                            "Actual Total Time": 367.758,
                                            "Actual Rows": 411482,
                                            "Actual Loops": 2,
                                            "Hash Buckets": 1048576,
                                            "Original Hash Buckets": 1048576,
                                            "Hash Batches": 1,
                                            "Original Hash Batches": 1,
                                            "Peak Memory Usage": 54144,
                                            "Plans": [
                                              {
                                                "Node Type": "Seq Scan",
                                                "Parent Relationship": "Outer",
                                                "Parallel Aware": true,
                                                "Relation Name": "title",
                                                "Alias": "t",
                                                "Startup Cost": 0.0,
                                                "Total Cost": 58305.62,
                                                "Plan Rows": 487648,
                                                "Plan Width": 21,
                                                "Actual Startup Time": 0.029,
                                                "Actual Total Time": 195.407,
                                                "Actual Rows": 411482,
                                                "Actual Loops": 2,
                                                "Filter": "((production_year >= 1999) AND (production_year <= 2008))",
                                                "Rows Removed by Filter": 852674
                                              }
                                            ]
                                          }
                                        ]
                                      }
                                    ]
                                  },
                                  {
                                    "Node Type": "Sort",
                                    "Parent Relationship": "Inner",
                                    "Parallel Aware": false,
                                    "Startup Cost": 54237.77,
                                    "Total Cost": 55032.5,
                                    "Plan Rows": 317891,
                                    "Plan Width": 14,
                                    "Actual Startup Time": 261.464,
                                    "Actual Total Time": 283.667,
                                    "Actual Rows": 428976,
                                    "Actual Loops": 2,
                                    "Sort Key": [
                                      "mi_idx.movie_id"
                                    ],
                                    "Sort Method": "quicksort",
                                    "Sort Space Used": 27493,
                                    "Sort Space Type": "Memory",
                                    "Workers": [
                                      {
                                        "Worker Number": 0,
                                        "Sort Method": "quicksort",
                                        "Sort Space Used": 27493,
                                        "Sort Space Type": "Memory"
                                      }
                                    ],
                                    "Plans": [
                                      {
                                        "Node Type": "Seq Scan",
                                        "Parent Relationship": "Outer",
                                        "Parallel Aware": false,
                                        "Relation Name": "movie_info_idx",
                                        "Alias": "mi_idx",
                                        "Startup Cost": 0.0,
                                        "Total Cost": 25185.44,
                                        "Plan Rows": 317891,
                                        "Plan Width": 14,
                                        "Actual Startup Time": 0.042,
                                        "Actual Total Time": 169.92,
                                        "Actual Rows": 322056,
                                        "Actual Loops": 2,
                                        "Filter": "(info > '6.4'::text)",
                                        "Rows Removed by Filter": 1057979
                                      }
                                    ]
                                  }
                                ]
                              },
                              {
                                "Node Type": "Hash",
                                "Parent Relationship": "Inner",
                                "Parallel Aware": false,
                                "Startup Cost": 1.05,
                                "Total Cost": 1.05,
                                "Plan Rows": 1,
                                "Plan Width": 4,
                                "Actual Startup Time": 0.038,
                                "Actual Total Time": 0.039,
                                "Actual Rows": 1,
                                "Actual Loops": 2,
                                "Hash Buckets": 1024,
                                "Original Hash Buckets": 1024,
                                "Hash Batches": 1,
                                "Original Hash Batches": 1,
                                "Peak Memory Usage": 9,
                                "Plans": [
                                  {
                                    "Node Type": "Seq Scan",
                                    "Parent Relationship": "Outer",
                                    "Parallel Aware": false,
                                    "Relation Name": "company_type",
                                    "Alias": "ct",
                                    "Startup Cost": 0.0,
                                    "Total Cost": 1.05,
                                    "Plan Rows": 1,
                                    "Plan Width": 4,
                                    "Actual Startup Time": 0.033,
                                    "Actual Total Time": 0.034,
                                    "Actual Rows": 1,
                                    "Actual Loops": 2,
                                    "Filter": "((kind)::text = 'production companies'::text)",
                                    "Rows Removed by Filter": 3
                                  }
                                ]
                              }
                            ]
                          },
                          {
                            "Node Type": "Hash",
                            "Parent Relationship": "Inner",
                            "Parallel Aware": true,
                            "Startup Cost": 4722.92,
                            "Total Cost": 4722.92,
                            "Plan Rows": 50137,
                            "Plan Width": 23,
                            "Actual Startup Time": 53.035,
                            "Actual Total Time": 53.036,
                            "Actual Rows": 42422,
                            "Actual Loops": 2,
                            "Hash Buckets": 131072,
                            "Original Hash Buckets": 131072,
                            "Hash Batches": 1,
                            "Original Hash Batches": 1,
                            "Peak Memory Usage": 6016,
                            "Plans": [
                              {
                                "Node Type": "Seq Scan",
                                "Parent Relationship": "Outer",
                                "Parallel Aware": true,
                                "Relation Name": "company_name",
                                "Alias": "cn",
                                "Startup Cost": 0.0,
                                "Total Cost": 4722.92,
                                "Plan Rows": 50137,
                                "Plan Width": 23,
                                "Actual Startup Time": 0.033,
                                "Actual Total Time": 29.71,
                                "Actual Rows": 42422,
                                "Actual Loops": 2,
                                "Filter": "((country_code)::text = '[us]'::text)",
                                "Rows Removed by Filter": 75077
                              }
                            ]
                          }
                        ]
                      },
                      {
                        "Node Type": "Hash",
                        "Parent Relationship": "Inner",
                        "Parallel Aware": false,
                        "Startup Cost": 2.41,
                        "Total Cost": 2.41,
                        "Plan Rows": 1,
                        "Plan Width": 4,
                        "Actual Startup Time": 0.083,
                        "Actual Total Time": 0.084,
                        "Actual Rows": 1,
                        "Actual Loops": 2,
                        "Hash Buckets": 1024,
                        "Original Hash Buckets": 1024,
                        "Hash Batches": 1,
                        "Original Hash Batches": 1,
                        "Peak Memory Usage": 9,
                        "Plans": [
                          {
                            "Node Type": "Seq Scan",
                            "Parent Relationship": "Outer",
                            "Parallel Aware": false,
                            "Relation Name": "info_type",
                            "Alias": "it2",
                            "Startup Cost": 0.0,
                            "Total Cost": 2.41,
                            "Plan Rows": 1,
                            "Plan Width": 4,
                            "Actual Startup Time": 0.055,
                            "Actual Total Time": 0.06,
                            "Actual Rows": 1,
                            "Actual Loops": 2,
                            "Filter": "((info)::text = 'rating'::text)",
                            "Rows Removed by Filter": 112
                          }
                        ]
                      }
                    ]
                  },
                  {
                    "Node Type": "Index Scan",
                    "Parent Relationship": "Inner",
                    "Parallel Aware": false,
                    "Scan Direction": "Forward",
                    "Index Name": "movie_id_movie_info",
                    "Relation Name": "movie_info",
                    "Alias": "mi",
                    "Startup Cost": 0.43,
                    "Total Cost": 1.55,
                    "Plan Rows": 1,
                    "Plan Width": 8,
                    "Actual Startup Time": 0.017,
                    "Actual Total Time": 0.017,
                    "Actual Rows": 0,
                    "Actual Loops": 45693,
                    "Index Cond": "(movie_id = mc.movie_id)",
                    "Rows Removed by Index Recheck": 0,
                    "Filter": "(info = ANY ('{Horror,Action}'::text[]))",
                    "Rows Removed by Filter": 33
                  }
                ]
              },
              {
                "Node Type": "Index Scan",
                "Parent Relationship": "Inner",
                "Parallel Aware": false,
                "Scan Direction": "Forward",
                "Index Name": "info_type_pkey",
                "Relation Name": "info_type",
                "Alias": "it1",
                "Startup Cost": 0.14,
                "Total Cost": 0.16,
                "Plan Rows": 1,
                "Plan Width": 4,
                "Actual Startup Time": 0.001,
                "Actual Total Time": 0.001,
                "Actual Rows": 1,
                "Actual Loops": 2475,
                "Index Cond": "(id = mi.info_type_id)",
                "Rows Removed by Index Recheck": 0,
                "Filter": "((info)::text = 'genres'::text)",
                "Rows Removed by Filter": 0
              }
            ]
          }
        ]
      }
    ]
  },
  "Planning Time": 2.698,
  "Triggers": [],
  "Execution Time": 2198.443
}