[
  {
    "Plan": {
      "Node Type": "Aggregate",
      "Strategy": "Plain",
      "Partial Mode": "Finalize",
      "Parallel Aware": false,
      "Startup Cost": 325850.2,
      "Total Cost": 325850.21,
      "Plan Rows": 1,
      "Plan Width": 8,
      "Actual Startup Time": 267.746,
      "Actual Total Time": 277.54,
      "Actual Rows": 1,
      "Actual Loops": 1,
      "Plans": [
        {
          "Node Type": "Gather",
          "Parent Relationship": "Outer",
          "Parallel Aware": false,
          "Startup Cost": 325849.57,
          "Total Cost": 325850.18,
          "Plan Rows": 6,
          "Plan Width": 8,
          "Actual Startup Time": 266.735,
          "Actual Total Time": 277.531,
          "Actual Rows": 7,
          "Actual Loops": 1,
          "Workers Planned": 6,
          "Workers Launched": 6,
          "Single Copy": false,
          "Plans": [
            {
              "Node Type": "Aggregate",
              "Strategy": "Plain",
              "Partial Mode": "Partial",
              "Parent Relationship": "Outer",
              "Parallel Aware": false,
              "Startup Cost": 324849.57,
              "Total Cost": 324849.58,
              "Plan Rows": 1,
              "Plan Width": 8,
              "Actual Startup Time": 257.569,
              "Actual Total Time": 257.571,
              "Actual Rows": 1,
              "Actual Loops": 7,
              "Plans": [
                {
                  "Node Type": "Bitmap Heap Scan",
                  "Parent Relationship": "Outer",
                  "Parallel Aware": true,
                  "Relation Name": "cast_info",
                  "Alias": "ci",
                  "Startup Cost": 64080.98,
                  "Total Cost": 324049.42,
                  "Plan Rows": 320060,
                  "Plan Width": 0,
                  "Actual Startup Time": 124.022,
                  "Actual Total Time": 240.141,
                  "Actual Rows": 336367,
                  "Actual Loops": 7,
                  "Recheck Cond": "(person_id < 287717)",
                  "Rows Removed by Index Recheck": 0,
                  "Filter": "(role_id < 4)",
                  "Rows Removed by Filter": 86167,
                  "Exact Heap Blocks": 6620,
                  "Lossy Heap Blocks": 0,
                  "Plans": [
                    {
                      "Node Type": "Bitmap Index Scan",
                      "Parent Relationship": "Outer",
                      "Parallel Aware": false,
                      "Index Name": "person_id_cast_info",
                      "Startup Cost": 0.0,
                      "Total Cost": 63600.89,
                      "Plan Rows": 2912577,
                      "Plan Width": 0,
                      "Actual Startup Time": 126.896,
                      "Actual Total Time": 126.897,
                      "Actual Rows": 2957735,
                      "Actual Loops": 1,
                      "Index Cond": "(person_id < 287717)"
                    }
                  ]
                }
              ]
            }
          ]
        }
      ]
    },
    "Planning Time": 0.241,
    "Triggers": [],
    "Execution Time": 277.62
  }
]