[
  {
    "Plan": {
      "Node Type": "Aggregate",
      "Strategy": "Plain",
      "Partial Mode": "Finalize",
      "Parallel Aware": false,
      "Startup Cost": 338120.18,
      "Total Cost": 338120.2,
      "Plan Rows": 1,
      "Plan Width": 8,
      "Actual Startup Time": 719.05,
      "Actual Total Time": 789.039,
      "Actual Rows": 1,
      "Actual Loops": 1,
      "Plans": [
        {
          "Node Type": "Gather",
          "Parent Relationship": "Outer",
          "Parallel Aware": false,
          "Startup Cost": 338119.56,
          "Total Cost": 338120.17,
          "Plan Rows": 6,
          "Plan Width": 8,
          "Actual Startup Time": 718.927,
          "Actual Total Time": 789.03,
          "Actual Rows": 7,
          "Actual Loops": 1,
          "Workers Planned": 6,
          "Workers Launched": 6,
          "Single Copy": false,
          "Plans": [
            {
              "Node Type": "Aggregate",
              "Strategy": "Plain",
              "Partial Mode": "Partial",
              "Parent Relationship": "Outer",
              "Parallel Aware": false,
              "Startup Cost": 337119.56,
              "Total Cost": 337119.57,
              "Plan Rows": 1,
              "Plan Width": 8,
              "Actual Startup Time": 710.801,
              "Actual Total Time": 710.802,
              "Actual Rows": 1,
              "Actual Loops": 7,
              "Plans": [
                {
                  "Node Type": "Seq Scan",
                  "Parent Relationship": "Outer",
                  "Parallel Aware": true,
                  "Relation Name": "cast_info",
                  "Alias": "ci",
                  "Startup Cost": 0.0,
                  "Total Cost": 328162.03,
                  "Plan Rows": 3583014,
                  "Plan Width": 0,
                  "Actual Startup Time": 0.045,
                  "Actual Total Time": 584.052,
                  "Actual Rows": 3076940,
                  "Actual Loops": 7,
                  "Filter": "(person_id < 2184414)",
                  "Rows Removed by Filter": 2100823
                }
              ]
            }
          ]
        }
      ]
    },
    "Planning Time": 0.195,
    "Triggers": [],
    "Execution Time": 789.112
  }
]