[
  {
    "Plan": {
      "Node Type": "Aggregate",
      "Strategy": "Plain",
      "Partial Mode": "Simple",
      "Parallel Aware": false,
      "Startup Cost": 3153.64,
      "Total Cost": 3153.65,
      "Plan Rows": 1,
      "Plan Width": 8,
      "Actual Startup Time": 0.834,
      "Actual Total Time": 0.836,
      "Actual Rows": 1,
      "Actual Loops": 1,
      "Plans": [
        {
          "Node Type": "Nested Loop",
          "Parent Relationship": "Outer",
          "Parallel Aware": false,
          "Join Type": "Inner",
          "Startup Cost": 7.36,
          "Total Cost": 3153.52,
          "Plan Rows": 48,
          "Plan Width": 0,
          "Actual Startup Time": 0.155,
          "Actual Total Time": 0.83,
          "Actual Rows": 18,
          "Actual Loops": 1,
          "Inner Unique": false,
          "Plans": [
            {
              "Node Type": "Nested Loop",
              "Parent Relationship": "Outer",
              "Parallel Aware": false,
              "Join Type": "Inner",
              "Startup Cost": 6.79,
              "Total Cost": 3018.6,
              "Plan Rows": 7,
              "Plan Width": 8,
              "Actual Startup Time": 0.075,
              "Actual Total Time": 0.656,
              "Actual Rows": 2,
              "Actual Loops": 1,
              "Inner Unique": true,
              "Plans": [
                {
                  "Node Type": "Bitmap Heap Scan",
                  "Parent Relationship": "Outer",
                  "Parallel Aware": false,
                  "Relation Name": "movie_keyword",
                  "Alias": "mk",
                  "Startup Cost": 6.36,
                  "Total Cost": 926.55,
                  "Plan Rows": 249,
                  "Plan Width": 4,
                  "Actual Startup Time": 0.035,
                  "Actual Total Time": 0.194,
                  "Actual Rows": 49,
                  "Actual Loops": 1,
                  "Recheck Cond": "(keyword_id = 61464)",
                  "Rows Removed by Index Recheck": 0,
                  "Exact Heap Blocks": 49,
                  "Lossy Heap Blocks": 0,
                  "Plans": [
                    {
                      "Node Type": "Bitmap Index Scan",
                      "Parent Relationship": "Outer",
                      "Parallel Aware": false,
                      "Index Name": "keyword_id_movie_keyword",
                      "Startup Cost": 0.0,
                      "Total Cost": 6.3,
                      "Plan Rows": 249,
                      "Plan Width": 0,
                      "Actual Startup Time": 0.022,
                      "Actual Total Time": 0.023,
                      "Actual Rows": 49,
                      "Actual Loops": 1,
                      "Index Cond": "(keyword_id = 61464)"
                    }
                  ]
                },
                {
                  "Node Type": "Index Scan",
                  "Parent Relationship": "Inner",
                  "Parallel Aware": false,
                  "Scan Direction": "Forward",
                  "Index Name": "title_pkey",
                  "Relation Name": "title",
                  "Alias": "t",
                  "Startup Cost": 0.43,
                  "Total Cost": 8.4,
                  "Plan Rows": 1,
                  "Plan Width": 4,
                  "Actual Startup Time": 0.009,
                  "Actual Total Time": 0.009,
                  "Actual Rows": 0,
                  "Actual Loops": 49,
                  "Index Cond": "(id = mk.movie_id)",
                  "Rows Removed by Index Recheck": 0,
                  "Filter": "(production_year > 2012)",
                  "Rows Removed by Filter": 1
                }
              ]
            },
            {
              "Node Type": "Index Scan",
              "Parent Relationship": "Inner",
              "Parallel Aware": false,
              "Scan Direction": "Forward",
              "Index Name": "movie_id_cast_info",
              "Relation Name": "cast_info",
              "Alias": "ci",
              "Startup Cost": 0.56,
              "Total Cost": 19.1,
              "Plan Rows": 17,
              "Plan Width": 4,
              "Actual Startup Time": 0.048,
              "Actual Total Time": 0.085,
              "Actual Rows": 9,
              "Actual Loops": 2,
              "Index Cond": "(movie_id = t.id)",
              "Rows Removed by Index Recheck": 0,
              "Filter": "((person_id > 900106) AND (role_id > 1))",
              "Rows Removed by Filter": 10
            }
          ]
        }
      ]
    },
    "Planning Time": 0.962,
    "Triggers": [],
    "Execution Time": 0.88
  }
]