[
  {
    "Plan": {
      "Node Type": "Aggregate",
      "Strategy": "Plain",
      "Partial Mode": "Finalize",
      "Parallel Aware": false,
      "Startup Cost": 221626.5,
      "Total Cost": 221626.51,
      "Plan Rows": 1,
      "Plan Width": 8,
      "Actual Startup Time": 152.682,
      "Actual Total Time": 177.215,
      "Actual Rows": 1,
      "Actual Loops": 1,
      "Plans": [
        {
          "Node Type": "Gather",
          "Parent Relationship": "Outer",
          "Parallel Aware": false,
          "Startup Cost": 221626.08,
          "Total Cost": 221626.49,
          "Plan Rows": 4,
          "Plan Width": 8,
          "Actual Startup Time": 152.369,
          "Actual Total Time": 177.204,
          "Actual Rows": 5,
          "Actual Loops": 1,
          "Workers Planned": 4,
          "Workers Launched": 4,
          "Single Copy": false,
          "Plans": [
            {
              "Node Type": "Aggregate",
              "Strategy": "Plain",
              "Partial Mode": "Partial",
              "Parent Relationship": "Outer",
              "Parallel Aware": false,
              "Startup Cost": 220626.08,
              "Total Cost": 220626.09,
              "Plan Rows": 1,
              "Plan Width": 8,
              "Actual Startup Time": 142.395,
              "Actual Total Time": 142.397,
              "Actual Rows": 1,
              "Actual Loops": 5,
              "Plans": [
                {
                  "Node Type": "Nested Loop",
                  "Parent Relationship": "Outer",
                  "Parallel Aware": false,
                  "Join Type": "Inner",
                  "Startup Cost": 1.0,
                  "Total Cost": 220610.99,
                  "Plan Rows": 6034,
                  "Plan Width": 0,
                  "Actual Startup Time": 0.885,
                  "Actual Total Time": 141.96,
                  "Actual Rows": 4326,
                  "Actual Loops": 5,
                  "Inner Unique": false,
                  "Join Filter": "(t.id = ci.movie_id)",
                  "Rows Removed by Join Filter": 0,
                  "Plans": [
                    {
                      "Node Type": "Nested Loop",
                      "Parent Relationship": "Outer",
                      "Parallel Aware": false,
                      "Join Type": "Inner",
                      "Startup Cost": 0.43,
                      "Total Cost": 217330.73,
                      "Plan Rows": 1223,
                      "Plan Width": 8,
                      "Actual Startup Time": 0.665,
                      "Actual Total Time": 92.651,
                      "Actual Rows": 638,
                      "Actual Loops": 5,
                      "Inner Unique": false,
                      "Plans": [
                        {
                          "Node Type": "Seq Scan",
                          "Parent Relationship": "Outer",
                          "Parallel Aware": true,
                          "Relation Name": "title",
                          "Alias": "t",
                          "Startup Cost": 0.0,
                          "Total Cost": 45479.1,
                          "Plan Rows": 2452,
                          "Plan Width": 4,
                          "Actual Startup Time": 0.093,
                          "Actual Total Time": 66.915,
                          "Actual Rows": 1655,
                          "Actual Loops": 5,
                          "Filter": "((kind_id > 3) AND (production_year = 1982))",
                          "Rows Removed by Filter": 504008
                        },
                        {
                          "Node Type": "Index Scan",
                          "Parent Relationship": "Inner",
                          "Parallel Aware": false,
                          "Scan Direction": "Forward",
                          "Index Name": "movie_id_movie_info",
                          "Relation Name": "movie_info",
                          "Alias": "mi",
                          "Startup Cost": 0.43,
                          "Total Cost": 70.05,
                          "Plan Rows": 4,
                          "Plan Width": 4,
                          "Actual Startup Time": 0.014,
                          "Actual Total Time": 0.015,
                          "Actual Rows": 0,
                          "Actual Loops": 8273,
                          "Index Cond": "(movie_id = t.id)",
                          "Rows Removed by Index Recheck": 0,
                          "Filter": "(info_type_id = 2)",
                          "Rows Removed by Filter": 3
                        }
                      ]
                    },
                    {
                      "Node Type": "Index Scan",
                      "Parent Relationship": "Inner",
                      "Parallel Aware": false,
                      "Scan Direction": "Forward",
                      "Index Name": "movie_id_cast_info",
                      "Relation Name": "cast_info",
                      "Alias": "ci",
                      "Startup Cost": 0.56,
                      "Total Cost": 2.52,
                      "Plan Rows": 13,
                      "Plan Width": 4,
                      "Actual Startup Time": 0.015,
                      "Actual Total Time": 0.076,
                      "Actual Rows": 7,
                      "Actual Loops": 3188,
                      "Index Cond": "(movie_id = mi.movie_id)",
                      "Rows Removed by Index Recheck": 0,
                      "Filter": "(role_id < 2)",
                      "Rows Removed by Filter": 13
                    }
                  ]
                }
              ]
            }
          ]
        }
      ]
    },
    "Planning Time": 1.363,
    "Triggers": [],
    "Execution Time": 177.327
  }
]