[
  {
    "Plan": {
      "Node Type": "Aggregate",
      "Strategy": "Plain",
      "Partial Mode": "Finalize",
      "Parallel Aware": false,
      "Startup Cost": 73472.76,
      "Total Cost": 73472.77,
      "Plan Rows": 1,
      "Plan Width": 8,
      "Actual Startup Time": 115.232,
      "Actual Total Time": 129.703,
      "Actual Rows": 1,
      "Actual Loops": 1,
      "Plans": [
        {
          "Node Type": "Gather",
          "Parent Relationship": "Outer",
          "Parallel Aware": false,
          "Startup Cost": 73472.34,
          "Total Cost": 73472.75,
          "Plan Rows": 4,
          "Plan Width": 8,
          "Actual Startup Time": 115.024,
          "Actual Total Time": 129.691,
          "Actual Rows": 5,
          "Actual Loops": 1,
          "Workers Planned": 4,
          "Workers Launched": 4,
          "Single Copy": false,
          "Plans": [
            {
              "Node Type": "Aggregate",
              "Strategy": "Plain",
              "Partial Mode": "Partial",
              "Parent Relationship": "Outer",
              "Parallel Aware": false,
              "Startup Cost": 72472.34,
              "Total Cost": 72472.35,
              "Plan Rows": 1,
              "Plan Width": 8,
              "Actual Startup Time": 104.986,
              "Actual Total Time": 104.988,
              "Actual Rows": 1,
              "Actual Loops": 5,
              "Plans": [
                {
                  "Node Type": "Nested Loop",
                  "Parent Relationship": "Outer",
                  "Parallel Aware": false,
                  "Join Type": "Inner",
                  "Startup Cost": 0.43,
                  "Total Cost": 72463.39,
                  "Plan Rows": 3582,
                  "Plan Width": 0,
                  "Actual Startup Time": 0.526,
                  "Actual Total Time": 104.659,
                  "Actual Rows": 2588,
                  "Actual Loops": 5,
                  "Inner Unique": false,
                  "Plans": [
                    {
                      "Node Type": "Seq Scan",
                      "Parent Relationship": "Outer",
                      "Parallel Aware": true,
                      "Relation Name": "title",
                      "Alias": "t",
                      "Startup Cost": 0.0,
                      "Total Cost": 45479.59,
                      "Plan Rows": 3472,
                      "Plan Width": 4,
                      "Actual Startup Time": 0.116,
                      "Actual Total Time": 83.21,
                      "Actual Rows": 2720,
                      "Actual Loops": 5,
                      "Filter": "((kind_id > 1) AND (production_year = 1985))",
                      "Rows Removed by Filter": 502943
                    },
                    {
                      "Node Type": "Index Only Scan",
                      "Parent Relationship": "Inner",
                      "Parallel Aware": false,
                      "Scan Direction": "Forward",
                      "Index Name": "movie_id_movie_companies",
                      "Relation Name": "movie_companies",
                      "Alias": "mc",
                      "Startup Cost": 0.43,
                      "Total Cost": 7.72,
                      "Plan Rows": 5,
                      "Plan Width": 4,
                      "Actual Startup Time": 0.006,
                      "Actual Total Time": 0.007,
                      "Actual Rows": 1,
                      "Actual Loops": 13598,
                      "Index Cond": "(movie_id = t.id)",
                      "Rows Removed by Index Recheck": 0,
                      "Heap Fetches": 12942
                    }
                  ]
                }
              ]
            }
          ]
        }
      ]
    },
    "Planning Time": 0.555,
    "Triggers": [],
    "Execution Time": 129.776
  }
]