[
    {
        "Bao": {
            "Bao prediction": "NaN",
            "Bao recommended hint": "(no hint)"
        }
    },
    {
        "Plan": {
            "Node Type": "Aggregate",
            "Strategy": "Plain",
            "Partial Mode": "Finalize",
            "Parallel Aware": false,
            "Startup Cost": 25206.0,
            "Total Cost": 25206.01,
            "Plan Rows": 1,
            "Plan Width": 8,
            "Actual Startup Time": 53.519,
            "Actual Total Time": 57.384,
            "Actual Rows": 1,
            "Actual Loops": 1,
            "Output": [
                "count(*)"
            ],
            "Plans": [
                {
                    "Node Type": "Gather",
                    "Parent Relationship": "Outer",
                    "Parallel Aware": false,
                    "Startup Cost": 25205.69,
                    "Total Cost": 25206.0,
                    "Plan Rows": 3,
                    "Plan Width": 8,
                    "Actual Startup Time": 53.343,
                    "Actual Total Time": 57.376,
                    "Actual Rows": 4,
                    "Actual Loops": 1,
                    "Output": [
                        "(PARTIAL count(*))"
                    ],
                    "Workers Planned": 3,
                    "Workers Launched": 3,
                    "Single Copy": false,
                    "Plans": [
                        {
                            "Node Type": "Aggregate",
                            "Strategy": "Plain",
                            "Partial Mode": "Partial",
                            "Parent Relationship": "Outer",
                            "Parallel Aware": false,
                            "Startup Cost": 24205.69,
                            "Total Cost": 24205.7,
                            "Plan Rows": 1,
                            "Plan Width": 8,
                            "Actual Startup Time": 44.408,
                            "Actual Total Time": 44.409,
                            "Actual Rows": 1,
                            "Actual Loops": 4,
                            "Output": [
                                "PARTIAL count(*)"
                            ],
                            "Workers": [
                                {
                                    "Worker Number": 0,
                                    "Actual Startup Time": 41.47,
                                    "Actual Total Time": 41.472,
                                    "Actual Rows": 1,
                                    "Actual Loops": 1
                                },
                                {
                                    "Worker Number": 1,
                                    "Actual Startup Time": 41.587,
                                    "Actual Total Time": 41.588,
                                    "Actual Rows": 1,
                                    "Actual Loops": 1
                                },
                                {
                                    "Worker Number": 2,
                                    "Actual Startup Time": 41.839,
                                    "Actual Total Time": 41.84,
                                    "Actual Rows": 1,
                                    "Actual Loops": 1
                                }
                            ],
                            "Plans": [
                                {
                                    "Node Type": "Bitmap Heap Scan",
                                    "Parent Relationship": "Outer",
                                    "Parallel Aware": true,
                                    "Relation Name": "movie_companies",
                                    "Schema": "public",
                                    "Alias": "mc",
                                    "Startup Cost": 4427.38,
                                    "Total Cost": 24040.97,
                                    "Plan Rows": 65887,
                                    "Plan Width": 0,
                                    "Actual Startup Time": 12.158,
                                    "Actual Total Time": 40.171,
                                    "Actual Rows": 51988,
                                    "Actual Loops": 4,
                                    "Recheck Cond": "(mc.company_id > 111105)",
                                    "Rows Removed by Index Recheck": 0,
                                    "Exact Heap Blocks": 2602,
                                    "Lossy Heap Blocks": 0,
                                    "Workers": [
                                        {
                                            "Worker Number": 0,
                                            "Actual Startup Time": 9.261,
                                            "Actual Total Time": 37.746,
                                            "Actual Rows": 29294,
                                            "Actual Loops": 1
                                        },
                                        {
                                            "Worker Number": 1,
                                            "Actual Startup Time": 9.396,
                                            "Actual Total Time": 37.837,
                                            "Actual Rows": 29978,
                                            "Actual Loops": 1
                                        },
                                        {
                                            "Worker Number": 2,
                                            "Actual Startup Time": 9.718,
                                            "Actual Total Time": 38.24,
                                            "Actual Rows": 26159,
                                            "Actual Loops": 1
                                        }
                                    ],
                                    "Plans": [
                                        {
                                            "Node Type": "Bitmap Index Scan",
                                            "Parent Relationship": "Outer",
                                            "Parallel Aware": false,
                                            "Index Name": "company_id_movie_companies",
                                            "Startup Cost": 0.0,
                                            "Total Cost": 4376.31,
                                            "Plan Rows": 204251,
                                            "Plan Width": 0,
                                            "Actual Startup Time": 19.23,
                                            "Actual Total Time": 19.23,
                                            "Actual Rows": 207954,
                                            "Actual Loops": 1,
                                            "Index Cond": "(mc.company_id > 111105)"
                                        }
                                    ]
                                }
                            ]
                        }
                    ]
                }
            ]
        },
        "Planning Time": 228.327,
        "Triggers": [],
        "Execution Time": 57.495
    }
]