{
  "Plan": {
    "Node Type": "Aggregate",
    "Strategy": "Plain",
    "Partial Mode": "Finalize",
    "Parallel Aware": false,
    "Startup Cost": 434357.23,
    "Total Cost": 434357.24,
    "Plan Rows": 1,
    "Plan Width": 8,
    "Actual Startup Time": 1294.279,
    "Actual Total Time": 1315.461,
    "Actual Rows": 1,
    "Actual Loops": 1,
    "Plans": [
      {
        "Node Type": "Gather",
        "Parent Relationship": "Outer",
        "Parallel Aware": false,
        "Startup Cost": 434357.12,
        "Total Cost": 434357.23,
        "Plan Rows": 1,
        "Plan Width": 8,
        "Actual Startup Time": 1288.695,
        "Actual Total Time": 1315.451,
        "Actual Rows": 2,
        "Actual Loops": 1,
        "Workers Planned": 1,
        "Workers Launched": 1,
        "Single Copy": false,
        "Plans": [
          {
            "Node Type": "Aggregate",
            "Strategy": "Plain",
            "Partial Mode": "Partial",
            "Parent Relationship": "Outer",
            "Parallel Aware": false,
            "Startup Cost": 433357.12,
            "Total Cost": 433357.13,
            "Plan Rows": 1,
            "Plan Width": 8,
            "Actual Startup Time": 1283.058,
            "Actual Total Time": 1283.659,
            "Actual Rows": 1,
            "Actual Loops": 2,
            "Plans": [
              {
                "Node Type": "Hash Join",
                "Parent Relationship": "Outer",
                "Parallel Aware": true,
                "Join Type": "Inner",
                "Startup Cost": 161542.85,
                "Total Cost": 432596.45,
                "Plan Rows": 304266,
                "Plan Width": 0,
                "Actual Startup Time": 846.53,
                "Actual Total Time": 1215.296,
                "Actual Rows": 1718225,
                "Actual Loops": 2,
                "Inner Unique": false,
                "Hash Cond": "(ci.movie_id = t.id)",
                "Plans": [
                  {
                    "Node Type": "Bitmap Heap Scan",
                    "Parent Relationship": "Outer",
                    "Parallel Aware": true,
                    "Relation Name": "cast_info",
                    "Alias": "ci",
                    "Startup Cost": 34027.74,
                    "Total Cost": 300328.04,
                    "Plan Rows": 790267,
                    "Plan Width": 4,
                    "Actual Startup Time": 54.134,
                    "Actual Total Time": 163.805,
                    "Actual Rows": 764292,
                    "Actual Loops": 2,
                    "Recheck Cond": "(person_id < 158602)",
                    "Rows Removed by Index Recheck": 0,
                    "Filter": "(role_id < 10)",
                    "Rows Removed by Filter": 32578,
                    "Exact Heap Blocks": 9027,
                    "Lossy Heap Blocks": 0,
                    "Plans": [
                      {
                        "Node Type": "Bitmap Index Scan",
                        "Parent Relationship": "Outer",
                        "Parallel Aware": false,
                        "Index Name": "person_id_cast_info",
                        "Startup Cost": 0.0,
                        "Total Cost": 33691.87,
                        "Plan Rows": 1542841,
                        "Plan Width": 0,
                        "Actual Startup Time": 51.613,
                        "Actual Total Time": 51.614,
                        "Actual Rows": 1593741,
                        "Actual Loops": 1,
                        "Index Cond": "(person_id < 158602)"
                      }
                    ]
                  },
                  {
                    "Node Type": "Hash",
                    "Parent Relationship": "Inner",
                    "Parallel Aware": true,
                    "Startup Cost": 120357.5,
                    "Total Cost": 120357.5,
                    "Plan Rows": 572609,
                    "Plan Width": 8,
                    "Actual Startup Time": 783.604,
                    "Actual Total Time": 784.203,
                    "Actual Rows": 796255,
                    "Actual Loops": 2,
                    "Hash Buckets": 2097152,
                    "Original Hash Buckets": 1048576,
                    "Hash Batches": 1,
                    "Original Hash Batches": 1,
                    "Peak Memory Usage": 86912,
                    "Plans": [
                      {
                        "Node Type": "Hash Join",
                        "Parent Relationship": "Outer",
                        "Parallel Aware": true,
                        "Join Type": "Inner",
                        "Startup Cost": 62306.66,
                        "Total Cost": 120357.5,
                        "Plan Rows": 572609,
                        "Plan Width": 8,
                        "Actual Startup Time": 213.21,
                        "Actual Total Time": 625.842,
                        "Actual Rows": 796255,
                        "Actual Loops": 2,
                        "Inner Unique": true,
                        "Hash Cond": "(mk.movie_id = t.id)",
                        "Plans": [
                          {
                            "Node Type": "Seq Scan",
                            "Parent Relationship": "Outer",
                            "Parallel Aware": true,
                            "Relation Name": "movie_keyword",
                            "Alias": "mk",
                            "Startup Cost": 0.0,
                            "Total Cost": 51065.35,
                            "Plan Rows": 2661135,
                            "Plan Width": 4,
                            "Actual Startup Time": 0.013,
                            "Actual Total Time": 158.51,
                            "Actual Rows": 2261965,
                            "Actual Loops": 2
                          },
                          {
                            "Node Type": "Hash",
                            "Parent Relationship": "Inner",
                            "Parallel Aware": true,
                            "Startup Cost": 58306.47,
                            "Total Cost": 58306.47,
                            "Plan Rows": 320015,
                            "Plan Width": 4,
                            "Actual Startup Time": 207.867,
                            "Actual Total Time": 207.868,
                            "Actual Rows": 229905,
                            "Actual Loops": 2,
                            "Hash Buckets": 1048576,
                            "Original Hash Buckets": 1048576,
                            "Hash Batches": 1,
                            "Original Hash Batches": 1,
                            "Peak Memory Usage": 26208,
                            "Plans": [
                              {
                                "Node Type": "Seq Scan",
                                "Parent Relationship": "Outer",
                                "Parallel Aware": true,
                                "Relation Name": "title",
                                "Alias": "t",
                                "Startup Cost": 0.0,
                                "Total Cost": 58306.47,
                                "Plan Rows": 320015,
                                "Plan Width": 4,
                                "Actual Startup Time": 0.043,
                                "Actual Total Time": 146.219,
                                "Actual Rows": 229905,
                                "Actual Loops": 2,
                                "Filter": "((kind_id < 7) AND (production_year > 2000))",
                                "Rows Removed by Filter": 1034251
                              }
                            ]
                          }
                        ]
                      }
                    ]
                  }
                ]
              }
            ]
          }
        ]
      }
    ]
  },
  "Planning Time": 0.997,
  "Triggers": [],
  "Execution Time": 1315.562
}