{
  "Plan": {
    "Node Type": "Aggregate",
    "Strategy": "Plain",
    "Partial Mode": "Finalize",
    "Parallel Aware": false,
    "Startup Cost": 231421.32,
    "Total Cost": 231421.33,
    "Plan Rows": 1,
    "Plan Width": 8,
    "Actual Startup Time": 242.263,
    "Actual Total Time": 255.369,
    "Actual Rows": 1,
    "Actual Loops": 1,
    "Plans": [
      {
        "Node Type": "Gather",
        "Parent Relationship": "Outer",
        "Parallel Aware": false,
        "Startup Cost": 231421.21,
        "Total Cost": 231421.32,
        "Plan Rows": 1,
        "Plan Width": 8,
        "Actual Startup Time": 241.896,
        "Actual Total Time": 255.361,
        "Actual Rows": 2,
        "Actual Loops": 1,
        "Workers Planned": 1,
        "Workers Launched": 1,
        "Single Copy": false,
        "Plans": [
          {
            "Node Type": "Aggregate",
            "Strategy": "Plain",
            "Partial Mode": "Partial",
            "Parent Relationship": "Outer",
            "Parallel Aware": false,
            "Startup Cost": 230421.21,
            "Total Cost": 230421.22,
            "Plan Rows": 1,
            "Plan Width": 8,
            "Actual Startup Time": 235.89,
            "Actual Total Time": 235.894,
            "Actual Rows": 1,
            "Actual Loops": 2,
            "Plans": [
              {
                "Node Type": "Hash Join",
                "Parent Relationship": "Outer",
                "Parallel Aware": true,
                "Join Type": "Inner",
                "Startup Cost": 65301.38,
                "Total Cost": 230402.89,
                "Plan Rows": 7326,
                "Plan Width": 0,
                "Actual Startup Time": 163.071,
                "Actual Total Time": 235.239,
                "Actual Rows": 12370,
                "Actual Loops": 2,
                "Inner Unique": true,
                "Hash Cond": "(mi.movie_id = t.id)",
                "Plans": [
                  {
                    "Node Type": "Bitmap Heap Scan",
                    "Parent Relationship": "Outer",
                    "Parallel Aware": true,
                    "Relation Name": "movie_info",
                    "Alias": "mi",
                    "Startup Cost": 6332.18,
                    "Total Cost": 170894.21,
                    "Plan Rows": 205522,
                    "Plan Width": 4,
                    "Actual Startup Time": 16.01,
                    "Actual Total Time": 61.451,
                    "Actual Rows": 164428,
                    "Actual Loops": 2,
                    "Recheck Cond": "(info_type_id = 98)",
                    "Rows Removed by Index Recheck": 0,
                    "Exact Heap Blocks": 15250,
                    "Lossy Heap Blocks": 0,
                    "Plans": [
                      {
                        "Node Type": "Bitmap Index Scan",
                        "Parent Relationship": "Outer",
                        "Parallel Aware": false,
                        "Index Name": "info_type_id_movie_info",
                        "Startup Cost": 0.0,
                        "Total Cost": 6244.84,
                        "Plan Rows": 349387,
                        "Plan Width": 0,
                        "Actual Startup Time": 12.37,
                        "Actual Total Time": 12.371,
                        "Actual Rows": 328857,
                        "Actual Loops": 1,
                        "Index Cond": "(info_type_id = 98)"
                      }
                    ]
                  },
                  {
                    "Node Type": "Hash",
                    "Parent Relationship": "Inner",
                    "Parallel Aware": true,
                    "Startup Cost": 58306.47,
                    "Total Cost": 58306.47,
                    "Plan Rows": 53018,
                    "Plan Width": 4,
                    "Actual Startup Time": 144.671,
                    "Actual Total Time": 144.672,
                    "Actual Rows": 40495,
                    "Actual Loops": 2,
                    "Hash Buckets": 131072,
                    "Original Hash Buckets": 131072,
                    "Hash Batches": 1,
                    "Original Hash Batches": 1,
                    "Peak Memory Usage": 4224,
                    "Plans": [
                      {
                        "Node Type": "Seq Scan",
                        "Parent Relationship": "Outer",
                        "Parallel Aware": true,
                        "Relation Name": "title",
                        "Alias": "t",
                        "Startup Cost": 0.0,
                        "Total Cost": 58306.47,
                        "Plan Rows": 53018,
                        "Plan Width": 4,
                        "Actual Startup Time": 0.061,
                        "Actual Total Time": 134.163,
                        "Actual Rows": 40495,
                        "Actual Loops": 2,
                        "Filter": "((kind_id < 7) AND (production_year > 2011))",
                        "Rows Removed by Filter": 1223661
                      }
                    ]
                  }
                ]
              }
            ]
          }
        ]
      }
    ]
  },
  "Planning Time": 0.65,
  "Triggers": [],
  "Execution Time": 255.461
}