[
  {
    "Plan": {
      "Node Type": "Aggregate",
      "Strategy": "Plain",
      "Partial Mode": "Finalize",
      "Parallel Aware": false,
      "Startup Cost": 342807.69,
      "Total Cost": 342807.7,
      "Plan Rows": 1,
      "Plan Width": 8,
      "Actual Startup Time": 875.804,
      "Actual Total Time": 924.825,
      "Actual Rows": 1,
      "Actual Loops": 1,
      "Plans": [
        {
          "Node Type": "Gather",
          "Parent Relationship": "Outer",
          "Parallel Aware": false,
          "Startup Cost": 342807.06,
          "Total Cost": 342807.67,
          "Plan Rows": 6,
          "Plan Width": 8,
          "Actual Startup Time": 875.638,
          "Actual Total Time": 924.813,
          "Actual Rows": 7,
          "Actual Loops": 1,
          "Workers Planned": 6,
          "Workers Launched": 6,
          "Single Copy": false,
          "Plans": [
            {
              "Node Type": "Aggregate",
              "Strategy": "Plain",
              "Partial Mode": "Partial",
              "Parent Relationship": "Outer",
              "Parallel Aware": false,
              "Startup Cost": 341807.06,
              "Total Cost": 341807.07,
              "Plan Rows": 1,
              "Plan Width": 8,
              "Actual Startup Time": 868.423,
              "Actual Total Time": 868.424,
              "Actual Rows": 1,
              "Actual Loops": 7,
              "Plans": [
                {
                  "Node Type": "Seq Scan",
                  "Parent Relationship": "Outer",
                  "Parallel Aware": true,
                  "Relation Name": "cast_info",
                  "Alias": "ci",
                  "Startup Cost": 0.0,
                  "Total Cost": 328211.39,
                  "Plan Rows": 5438269,
                  "Plan Width": 0,
                  "Actual Startup Time": 50.794,
                  "Actual Total Time": 648.811,
                  "Actual Rows": 4642117,
                  "Actual Loops": 7,
                  "Filter": "(person_id > 359556)",
                  "Rows Removed by Filter": 535646
                }
              ]
            }
          ]
        }
      ]
    },
    "Planning Time": 0.199,
    "Triggers": [],
    "Execution Time": 924.889
  }
]