[
  {
    "Plan": {
      "Node Type": "Aggregate",
      "Strategy": "Plain",
      "Partial Mode": "Finalize",
      "Parallel Aware": false,
      "Startup Cost": 85913.84,
      "Total Cost": 85913.85,
      "Plan Rows": 1,
      "Plan Width": 8,
      "Actual Startup Time": 168.007,
      "Actual Total Time": 185.304,
      "Actual Rows": 1,
      "Actual Loops": 1,
      "Plans": [
        {
          "Node Type": "Gather",
          "Parent Relationship": "Outer",
          "Parallel Aware": false,
          "Startup Cost": 85913.52,
          "Total Cost": 85913.83,
          "Plan Rows": 3,
          "Plan Width": 8,
          "Actual Startup Time": 167.711,
          "Actual Total Time": 185.291,
          "Actual Rows": 4,
          "Actual Loops": 1,
          "Workers Planned": 3,
          "Workers Launched": 3,
          "Single Copy": false,
          "Plans": [
            {
              "Node Type": "Aggregate",
              "Strategy": "Plain",
              "Partial Mode": "Partial",
              "Parent Relationship": "Outer",
              "Parallel Aware": false,
              "Startup Cost": 84913.52,
              "Total Cost": 84913.53,
              "Plan Rows": 1,
              "Plan Width": 8,
              "Actual Startup Time": 162.336,
              "Actual Total Time": 162.34,
              "Actual Rows": 1,
              "Actual Loops": 4,
              "Plans": [
                {
                  "Node Type": "Nested Loop",
                  "Parent Relationship": "Outer",
                  "Parallel Aware": false,
                  "Join Type": "Inner",
                  "Startup Cost": 45578.66,
                  "Total Cost": 84879.06,
                  "Plan Rows": 13785,
                  "Plan Width": 0,
                  "Actual Startup Time": 100.569,
                  "Actual Total Time": 162.27,
                  "Actual Rows": 821,
                  "Actual Loops": 4,
                  "Inner Unique": false,
                  "Join Filter": "(t.id = mi.movie_id)",
                  "Rows Removed by Join Filter": 0,
                  "Plans": [
                    {
                      "Node Type": "Hash Join",
                      "Parent Relationship": "Outer",
                      "Parallel Aware": true,
                      "Join Type": "Inner",
                      "Startup Cost": 45578.22,
                      "Total Cost": 77486.69,
                      "Plan Rows": 2348,
                      "Plan Width": 8,
                      "Actual Startup Time": 100.45,
                      "Actual Total Time": 158.593,
                      "Actual Rows": 60,
                      "Actual Loops": 4,
                      "Inner Unique": true,
                      "Hash Cond": "(mc.movie_id = t.id)",
                      "Plans": [
                        {
                          "Node Type": "Seq Scan",
                          "Parent Relationship": "Outer",
                          "Parallel Aware": true,
                          "Relation Name": "movie_companies",
                          "Alias": "mc",
                          "Startup Cost": 0.0,
                          "Total Cost": 31414.82,
                          "Plan Rows": 188055,
                          "Plan Width": 4,
                          "Actual Startup Time": 9.273,
                          "Actual Total Time": 59.907,
                          "Actual Rows": 76122,
                          "Actual Loops": 4,
                          "Filter": "((company_id > 12586) AND (company_type_id = 1))",
                          "Rows Removed by Filter": 576160
                        },
                        {
                          "Node Type": "Hash",
                          "Parent Relationship": "Inner",
                          "Parallel Aware": true,
                          "Startup Cost": 45479.59,
                          "Total Cost": 45479.59,
                          "Plan Rows": 7891,
                          "Plan Width": 4,
                          "Actual Startup Time": 89.409,
                          "Actual Total Time": 89.41,
                          "Actual Rows": 8116,
                          "Actual Loops": 4,
                          "Hash Buckets": 32768,
                          "Original Hash Buckets": 32768,
                          "Hash Batches": 1,
                          "Original Hash Batches": 1,
                          "Peak Memory Usage": 1600,
                          "Plans": [
                            {
                              "Node Type": "Seq Scan",
                              "Parent Relationship": "Outer",
                              "Parallel Aware": true,
                              "Relation Name": "title",
                              "Alias": "t",
                              "Startup Cost": 0.0,
                              "Total Cost": 45479.59,
                              "Plan Rows": 7891,
                              "Plan Width": 4,
                              "Actual Startup Time": 0.038,
                              "Actual Total Time": 86.016,
                              "Actual Rows": 8116,
                              "Actual Loops": 4,
                              "Filter": "((kind_id > 4) AND (production_year = 1998))",
                              "Rows Removed by Filter": 623962
                            }
                          ]
                        }
                      ]
                    },
                    {
                      "Node Type": "Index Only Scan",
                      "Parent Relationship": "Inner",
                      "Parallel Aware": false,
                      "Scan Direction": "Forward",
                      "Index Name": "movie_id_movie_info",
                      "Relation Name": "movie_info",
                      "Alias": "mi",
                      "Startup Cost": 0.43,
                      "Total Cost": 2.64,
                      "Plan Rows": 41,
                      "Plan Width": 4,
                      "Actual Startup Time": 0.023,
                      "Actual Total Time": 0.059,
                      "Actual Rows": 14,
                      "Actual Loops": 238,
                      "Index Cond": "(movie_id = mc.movie_id)",
                      "Rows Removed by Index Recheck": 0,
                      "Heap Fetches": 3284
                    }
                  ]
                }
              ]
            }
          ]
        }
      ]
    },
    "Planning Time": 0.655,
    "Triggers": [],
    "Execution Time": 185.348
  }
]