[
  {
    "Plan": {
      "Node Type": "Aggregate",
      "Strategy": "Plain",
      "Partial Mode": "Finalize",
      "Parallel Aware": false,
      "Startup Cost": 61823.71,
      "Total Cost": 61823.72,
      "Plan Rows": 1,
      "Plan Width": 8,
      "Actual Startup Time": 303.548,
      "Actual Total Time": 320.88,
      "Actual Rows": 1,
      "Actual Loops": 1,
      "Plans": [
        {
          "Node Type": "Gather",
          "Parent Relationship": "Outer",
          "Parallel Aware": false,
          "Startup Cost": 61823.5,
          "Total Cost": 61823.71,
          "Plan Rows": 2,
          "Plan Width": 8,
          "Actual Startup Time": 302.231,
          "Actual Total Time": 320.869,
          "Actual Rows": 3,
          "Actual Loops": 1,
          "Workers Planned": 2,
          "Workers Launched": 2,
          "Single Copy": false,
          "Plans": [
            {
              "Node Type": "Aggregate",
              "Strategy": "Plain",
              "Partial Mode": "Partial",
              "Parent Relationship": "Outer",
              "Parallel Aware": false,
              "Startup Cost": 60823.5,
              "Total Cost": 60823.51,
              "Plan Rows": 1,
              "Plan Width": 8,
              "Actual Startup Time": 294.781,
              "Actual Total Time": 294.785,
              "Actual Rows": 1,
              "Actual Loops": 3,
              "Plans": [
                {
                  "Node Type": "Hash Join",
                  "Parent Relationship": "Outer",
                  "Parallel Aware": true,
                  "Join Type": "Inner",
                  "Startup Cost": 45605.95,
                  "Total Cost": 60800.51,
                  "Plan Rows": 9196,
                  "Plan Width": 0,
                  "Actual Startup Time": 218.863,
                  "Actual Total Time": 292.845,
                  "Actual Rows": 28484,
                  "Actual Loops": 3,
                  "Inner Unique": true,
                  "Hash Cond": "(mi_idx.movie_id = t.id)",
                  "Plans": [
                    {
                      "Node Type": "Seq Scan",
                      "Parent Relationship": "Outer",
                      "Parallel Aware": true,
                      "Relation Name": "movie_info_idx",
                      "Alias": "mi_idx",
                      "Startup Cost": 0.0,
                      "Total Cost": 13685.15,
                      "Plan Rows": 575015,
                      "Plan Width": 4,
                      "Actual Startup Time": 0.035,
                      "Actual Total Time": 50.891,
                      "Actual Rows": 460012,
                      "Actual Loops": 3
                    },
                    {
                      "Node Type": "Hash",
                      "Parent Relationship": "Inner",
                      "Parallel Aware": true,
                      "Startup Cost": 45479.59,
                      "Total Cost": 45479.59,
                      "Plan Rows": 10109,
                      "Plan Width": 4,
                      "Actual Startup Time": 171.079,
                      "Actual Total Time": 171.08,
                      "Actual Rows": 54609,
                      "Actual Loops": 3,
                      "Hash Buckets": 262144,
                      "Original Hash Buckets": 65536,
                      "Hash Batches": 1,
                      "Original Hash Batches": 1,
                      "Peak Memory Usage": 10080,
                      "Plans": [
                        {
                          "Node Type": "Seq Scan",
                          "Parent Relationship": "Outer",
                          "Parallel Aware": true,
                          "Relation Name": "title",
                          "Alias": "t",
                          "Startup Cost": 0.0,
                          "Total Cost": 45479.59,
                          "Plan Rows": 10109,
                          "Plan Width": 4,
                          "Actual Startup Time": 83.618,
                          "Actual Total Time": 144.396,
                          "Actual Rows": 54609,
                          "Actual Loops": 3,
                          "Filter": "((production_year < 1951) AND (kind_id = 1))",
                          "Rows Removed by Filter": 788161
                        }
                      ]
                    }
                  ]
                }
              ]
            }
          ]
        }
      ]
    },
    "Planning Time": 0.501,
    "Triggers": [],
    "Execution Time": 320.939
  }
]