[
  {
    "Plan": {
      "Node Type": "Aggregate",
      "Strategy": "Plain",
      "Partial Mode": "Finalize",
      "Parallel Aware": false,
      "Startup Cost": 46001.43,
      "Total Cost": 46001.44,
      "Plan Rows": 1,
      "Plan Width": 8,
      "Actual Startup Time": 166.407,
      "Actual Total Time": 177.617,
      "Actual Rows": 1,
      "Actual Loops": 1,
      "Plans": [
        {
          "Node Type": "Gather",
          "Parent Relationship": "Outer",
          "Parallel Aware": false,
          "Startup Cost": 46001.11,
          "Total Cost": 46001.42,
          "Plan Rows": 3,
          "Plan Width": 8,
          "Actual Startup Time": 166.221,
          "Actual Total Time": 177.608,
          "Actual Rows": 4,
          "Actual Loops": 1,
          "Workers Planned": 3,
          "Workers Launched": 3,
          "Single Copy": false,
          "Plans": [
            {
              "Node Type": "Aggregate",
              "Strategy": "Plain",
              "Partial Mode": "Partial",
              "Parent Relationship": "Outer",
              "Parallel Aware": false,
              "Startup Cost": 45001.11,
              "Total Cost": 45001.12,
              "Plan Rows": 1,
              "Plan Width": 8,
              "Actual Startup Time": 161.303,
              "Actual Total Time": 161.304,
              "Actual Rows": 1,
              "Actual Loops": 4,
              "Plans": [
                {
                  "Node Type": "Seq Scan",
                  "Parent Relationship": "Outer",
                  "Parallel Aware": true,
                  "Relation Name": "movie_keyword",
                  "Alias": "mk",
                  "Startup Cost": 0.0,
                  "Total Cost": 42695.65,
                  "Plan Rows": 922184,
                  "Plan Width": 0,
                  "Actual Startup Time": 0.172,
                  "Actual Total Time": 125.528,
                  "Actual Rows": 712947,
                  "Actual Loops": 4,
                  "Filter": "(keyword_id > 2560)",
                  "Rows Removed by Filter": 418036
                }
              ]
            }
          ]
        }
      ]
    },
    "Planning Time": 0.225,
    "Triggers": [],
    "Execution Time": 177.674
  }
]