[
  {
    "Plan": {
      "Node Type": "Aggregate",
      "Strategy": "Plain",
      "Partial Mode": "Finalize",
      "Parallel Aware": false,
      "Startup Cost": 75876.38,
      "Total Cost": 75876.39,
      "Plan Rows": 1,
      "Plan Width": 8,
      "Actual Startup Time": 231.594,
      "Actual Total Time": 248.272,
      "Actual Rows": 1,
      "Actual Loops": 1,
      "Plans": [
        {
          "Node Type": "Gather",
          "Parent Relationship": "Outer",
          "Parallel Aware": false,
          "Startup Cost": 75875.96,
          "Total Cost": 75876.37,
          "Plan Rows": 4,
          "Plan Width": 8,
          "Actual Startup Time": 230.919,
          "Actual Total Time": 248.261,
          "Actual Rows": 5,
          "Actual Loops": 1,
          "Workers Planned": 4,
          "Workers Launched": 4,
          "Single Copy": false,
          "Plans": [
            {
              "Node Type": "Aggregate",
              "Strategy": "Plain",
              "Partial Mode": "Partial",
              "Parent Relationship": "Outer",
              "Parallel Aware": false,
              "Startup Cost": 74875.96,
              "Total Cost": 74875.97,
              "Plan Rows": 1,
              "Plan Width": 8,
              "Actual Startup Time": 222.734,
              "Actual Total Time": 222.738,
              "Actual Rows": 1,
              "Actual Loops": 5,
              "Plans": [
                {
                  "Node Type": "Hash Join",
                  "Parent Relationship": "Outer",
                  "Parallel Aware": true,
                  "Join Type": "Inner",
                  "Startup Cost": 29132.55,
                  "Total Cost": 74760.55,
                  "Plan Rows": 46164,
                  "Plan Width": 0,
                  "Actual Startup Time": 90.704,
                  "Actual Total Time": 221.701,
                  "Actual Rows": 16148,
                  "Actual Loops": 5,
                  "Inner Unique": false,
                  "Hash Cond": "(t.id = mc.movie_id)",
                  "Plans": [
                    {
                      "Node Type": "Seq Scan",
                      "Parent Relationship": "Outer",
                      "Parallel Aware": true,
                      "Relation Name": "title",
                      "Alias": "t",
                      "Startup Cost": 0.0,
                      "Total Cost": 42318.73,
                      "Plan Rows": 632073,
                      "Plan Width": 4,
                      "Actual Startup Time": 0.01,
                      "Actual Total Time": 66.729,
                      "Actual Rows": 505662,
                      "Actual Loops": 5
                    },
                    {
                      "Node Type": "Hash",
                      "Parent Relationship": "Inner",
                      "Parallel Aware": true,
                      "Startup Cost": 28387.97,
                      "Total Cost": 28387.97,
                      "Plan Rows": 59566,
                      "Plan Width": 4,
                      "Actual Startup Time": 88.949,
                      "Actual Total Time": 88.951,
                      "Actual Rows": 16148,
                      "Actual Loops": 5,
                      "Hash Buckets": 262144,
                      "Original Hash Buckets": 262144,
                      "Hash Batches": 1,
                      "Original Hash Batches": 1,
                      "Peak Memory Usage": 5280,
                      "Plans": [
                        {
                          "Node Type": "Bitmap Heap Scan",
                          "Parent Relationship": "Outer",
                          "Parallel Aware": true,
                          "Relation Name": "movie_companies",
                          "Alias": "mc",
                          "Startup Cost": 7838.22,
                          "Total Cost": 28387.97,
                          "Plan Rows": 59566,
                          "Plan Width": 4,
                          "Actual Startup Time": 70.017,
                          "Actual Total Time": 82.763,
                          "Actual Rows": 16148,
                          "Actual Loops": 5,
                          "Recheck Cond": "(company_id < 181)",
                          "Rows Removed by Index Recheck": 0,
                          "Filter": "(company_type_id = 2)",
                          "Rows Removed by Filter": 55465,
                          "Exact Heap Blocks": 8538,
                          "Lossy Heap Blocks": 0,
                          "Plans": [
                            {
                              "Node Type": "Bitmap Index Scan",
                              "Parent Relationship": "Outer",
                              "Parallel Aware": false,
                              "Index Name": "company_id_movie_companies",
                              "Startup Cost": 0.0,
                              "Total Cost": 7792.05,
                              "Plan Rows": 363683,
                              "Plan Width": 0,
                              "Actual Startup Time": 29.718,
                              "Actual Total Time": 29.719,
                              "Actual Rows": 358065,
                              "Actual Loops": 1,
                              "Index Cond": "(company_id < 181)"
                            }
                          ]
                        }
                      ]
                    }
                  ]
                }
              ]
            }
          ]
        }
      ]
    },
    "Planning Time": 0.666,
    "Triggers": [],
    "Execution Time": 248.41
  }
]