[
  {
    "Plan": {
      "Node Type": "Aggregate",
      "Strategy": "Plain",
      "Partial Mode": "Finalize",
      "Parallel Aware": false,
      "Startup Cost": 169636.85,
      "Total Cost": 169636.86,
      "Plan Rows": 1,
      "Plan Width": 8,
      "Actual Startup Time": 1900.555,
      "Actual Total Time": 1972.479,
      "Actual Rows": 1,
      "Actual Loops": 1,
      "Plans": [
        {
          "Node Type": "Gather",
          "Parent Relationship": "Outer",
          "Parallel Aware": false,
          "Startup Cost": 169636.63,
          "Total Cost": 169636.84,
          "Plan Rows": 2,
          "Plan Width": 8,
          "Actual Startup Time": 1895.624,
          "Actual Total Time": 1972.467,
          "Actual Rows": 3,
          "Actual Loops": 1,
          "Workers Planned": 2,
          "Workers Launched": 2,
          "Single Copy": false,
          "Plans": [
            {
              "Node Type": "Aggregate",
              "Strategy": "Plain",
              "Partial Mode": "Partial",
              "Parent Relationship": "Outer",
              "Parallel Aware": false,
              "Startup Cost": 168636.63,
              "Total Cost": 168636.64,
              "Plan Rows": 1,
              "Plan Width": 8,
              "Actual Startup Time": 1887.789,
              "Actual Total Time": 1887.794,
              "Actual Rows": 1,
              "Actual Loops": 3,
              "Plans": [
                {
                  "Node Type": "Nested Loop",
                  "Parent Relationship": "Outer",
                  "Parallel Aware": false,
                  "Join Type": "Inner",
                  "Startup Cost": 46003.11,
                  "Total Cost": 167271.95,
                  "Plan Rows": 545872,
                  "Plan Width": 0,
                  "Actual Startup Time": 167.09,
                  "Actual Total Time": 1799.622,
                  "Actual Rows": 1718381,
                  "Actual Loops": 3,
                  "Inner Unique": false,
                  "Join Filter": "(t.id = ci.movie_id)",
                  "Rows Removed by Join Filter": 0,
                  "Plans": [
                    {
                      "Node Type": "Hash Join",
                      "Parent Relationship": "Outer",
                      "Parallel Aware": true,
                      "Join Type": "Inner",
                      "Startup Cost": 46002.55,
                      "Total Cost": 61197.11,
                      "Plan Rows": 38095,
                      "Plan Width": 8,
                      "Actual Startup Time": 166.971,
                      "Actual Total Time": 298.512,
                      "Actual Rows": 69901,
                      "Actual Loops": 3,
                      "Inner Unique": true,
                      "Hash Cond": "(mi_idx.movie_id = t.id)",
                      "Plans": [
                        {
                          "Node Type": "Seq Scan",
                          "Parent Relationship": "Outer",
                          "Parallel Aware": true,
                          "Relation Name": "movie_info_idx",
                          "Alias": "mi_idx",
                          "Startup Cost": 0.0,
                          "Total Cost": 13685.15,
                          "Plan Rows": 575015,
                          "Plan Width": 4,
                          "Actual Startup Time": 0.024,
                          "Actual Total Time": 40.761,
                          "Actual Rows": 460012,
                          "Actual Loops": 3
                        },
                        {
                          "Node Type": "Hash",
                          "Parent Relationship": "Inner",
                          "Parallel Aware": true,
                          "Startup Cost": 45479.1,
                          "Total Cost": 45479.1,
                          "Plan Rows": 41876,
                          "Plan Width": 4,
                          "Actual Startup Time": 164.188,
                          "Actual Total Time": 164.189,
                          "Actual Rows": 91943,
                          "Actual Loops": 3,
                          "Hash Buckets": 524288,
                          "Original Hash Buckets": 262144,
                          "Hash Batches": 1,
                          "Original Hash Batches": 1,
                          "Peak Memory Usage": 16992,
                          "Plans": [
                            {
                              "Node Type": "Seq Scan",
                              "Parent Relationship": "Outer",
                              "Parallel Aware": true,
                              "Relation Name": "title",
                              "Alias": "t",
                              "Startup Cost": 0.0,
                              "Total Cost": 45479.1,
                              "Plan Rows": 41876,
                              "Plan Width": 4,
                              "Actual Startup Time": 0.202,
                              "Actual Total Time": 124.733,
                              "Actual Rows": 91943,
                              "Actual Loops": 3,
                              "Filter": "((kind_id < 7) AND (production_year < 1975))",
                              "Rows Removed by Filter": 750828
                            }
                          ]
                        }
                      ]
                    },
                    {
                      "Node Type": "Index Only Scan",
                      "Parent Relationship": "Inner",
                      "Parallel Aware": false,
                      "Scan Direction": "Forward",
                      "Index Name": "movie_id_cast_info",
                      "Relation Name": "cast_info",
                      "Alias": "ci",
                      "Startup Cost": 0.56,
                      "Total Cost": 2.32,
                      "Plan Rows": 37,
                      "Plan Width": 4,
                      "Actual Startup Time": 0.004,
                      "Actual Total Time": 0.019,
                      "Actual Rows": 25,
                      "Actual Loops": 209702,
                      "Index Cond": "(movie_id = mi_idx.movie_id)",
                      "Rows Removed by Index Recheck": 0,
                      "Heap Fetches": 5155143
                    }
                  ]
                }
              ]
            }
          ]
        }
      ]
    },
    "Planning Time": 1.23,
    "Triggers": [],
    "Execution Time": 1972.582
  }
]