{
  "Plan": {
    "Node Type": "Aggregate",
    "Strategy": "Plain",
    "Partial Mode": "Finalize",
    "Parallel Aware": false,
    "Startup Cost": 133378.32,
    "Total Cost": 133378.33,
    "Plan Rows": 1,
    "Plan Width": 8,
    "Actual Startup Time": 846.368,
    "Actual Total Time": 894.817,
    "Actual Rows": 1,
    "Actual Loops": 1,
    "Plans": [
      {
        "Node Type": "Gather",
        "Parent Relationship": "Outer",
        "Parallel Aware": false,
        "Startup Cost": 133378.21,
        "Total Cost": 133378.32,
        "Plan Rows": 1,
        "Plan Width": 8,
        "Actual Startup Time": 840.176,
        "Actual Total Time": 894.808,
        "Actual Rows": 2,
        "Actual Loops": 1,
        "Workers Planned": 1,
        "Workers Launched": 1,
        "Single Copy": false,
        "Plans": [
          {
            "Node Type": "Aggregate",
            "Strategy": "Plain",
            "Partial Mode": "Partial",
            "Parent Relationship": "Outer",
            "Parallel Aware": false,
            "Startup Cost": 132378.21,
            "Total Cost": 132378.22,
            "Plan Rows": 1,
            "Plan Width": 8,
            "Actual Startup Time": 828.131,
            "Actual Total Time": 828.135,
            "Actual Rows": 1,
            "Actual Loops": 2,
            "Plans": [
              {
                "Node Type": "Nested Loop",
                "Parent Relationship": "Outer",
                "Parallel Aware": false,
                "Join Type": "Inner",
                "Startup Cost": 70198.36,
                "Total Cost": 132271.32,
                "Plan Rows": 42755,
                "Plan Width": 0,
                "Actual Startup Time": 525.025,
                "Actual Total Time": 820.445,
                "Actual Rows": 166558,
                "Actual Loops": 2,
                "Inner Unique": false,
                "Plans": [
                  {
                    "Node Type": "Hash Join",
                    "Parent Relationship": "Outer",
                    "Parallel Aware": true,
                    "Join Type": "Inner",
                    "Startup Cost": 70197.93,
                    "Total Cost": 96220.31,
                    "Plan Rows": 20402,
                    "Plan Width": 8,
                    "Actual Startup Time": 524.938,
                    "Actual Total Time": 560.63,
                    "Actual Rows": 17355,
                    "Actual Loops": 2,
                    "Inner Unique": true,
                    "Hash Cond": "(mk.movie_id = t.id)",
                    "Plans": [
                      {
                        "Node Type": "Bitmap Heap Scan",
                        "Parent Relationship": "Outer",
                        "Parallel Aware": true,
                        "Relation Name": "movie_keyword",
                        "Alias": "mk",
                        "Startup Cost": 737.23,
                        "Total Cost": 26706.06,
                        "Plan Rows": 20402,
                        "Plan Width": 4,
                        "Actual Startup Time": 5.454,
                        "Actual Total Time": 26.665,
                        "Actual Rows": 17355,
                        "Actual Loops": 2,
                        "Recheck Cond": "(keyword_id = 2488)",
                        "Rows Removed by Index Recheck": 0,
                        "Exact Heap Blocks": 9150,
                        "Lossy Heap Blocks": 0,
                        "Plans": [
                          {
                            "Node Type": "Bitmap Index Scan",
                            "Parent Relationship": "Outer",
                            "Parallel Aware": false,
                            "Index Name": "keyword_id_movie_keyword",
                            "Startup Cost": 0.0,
                            "Total Cost": 728.55,
                            "Plan Rows": 34683,
                            "Plan Width": 0,
                            "Actual Startup Time": 3.33,
                            "Actual Total Time": 3.331,
                            "Actual Rows": 34710,
                            "Actual Loops": 1,
                            "Index Cond": "(keyword_id = 2488)"
                          }
                        ]
                      },
                      {
                        "Node Type": "Hash",
                        "Parent Relationship": "Inner",
                        "Parallel Aware": true,
                        "Startup Cost": 50870.31,
                        "Total Cost": 50870.31,
                        "Plan Rows": 1487231,
                        "Plan Width": 4,
                        "Actual Startup Time": 497.298,
                        "Actual Total Time": 497.298,
                        "Actual Rows": 1264156,
                        "Actual Loops": 2,
                        "Hash Buckets": 4194304,
                        "Original Hash Buckets": 4194304,
                        "Hash Batches": 1,
                        "Original Hash Batches": 1,
                        "Peak Memory Usage": 131712,
                        "Plans": [
                          {
                            "Node Type": "Seq Scan",
                            "Parent Relationship": "Outer",
                            "Parallel Aware": true,
                            "Relation Name": "title",
                            "Alias": "t",
                            "Startup Cost": 0.0,
                            "Total Cost": 50870.31,
                            "Plan Rows": 1487231,
                            "Plan Width": 4,
                            "Actual Startup Time": 0.025,
                            "Actual Total Time": 147.423,
                            "Actual Rows": 1264156,
                            "Actual Loops": 2
                          }
                        ]
                      }
                    ]
                  },
                  {
                    "Node Type": "Index Scan",
                    "Parent Relationship": "Inner",
                    "Parallel Aware": false,
                    "Scan Direction": "Forward",
                    "Index Name": "movie_id_movie_info",
                    "Relation Name": "movie_info",
                    "Alias": "mi",
                    "Startup Cost": 0.43,
                    "Total Cost": 1.62,
                    "Plan Rows": 15,
                    "Plan Width": 4,
                    "Actual Startup Time": 0.006,
                    "Actual Total Time": 0.014,
                    "Actual Rows": 10,
                    "Actual Loops": 34710,
                    "Index Cond": "(movie_id = t.id)",
                    "Rows Removed by Index Recheck": 0,
                    "Filter": "(info_type_id > 15)",
                    "Rows Removed by Filter": 14
                  }
                ]
              }
            ]
          }
        ]
      }
    ]
  },
  "Planning Time": 0.98,
  "Triggers": [],
  "Execution Time": 894.933
}