{
  "Plan": {
    "Node Type": "Aggregate",
    "Strategy": "Plain",
    "Partial Mode": "Finalize",
    "Parallel Aware": false,
    "Startup Cost": 200492.63,
    "Total Cost": 200492.64,
    "Plan Rows": 1,
    "Plan Width": 8,
    "Actual Startup Time": 182.014,
    "Actual Total Time": 206.168,
    "Actual Rows": 1,
    "Actual Loops": 1,
    "Plans": [
      {
        "Node Type": "Gather",
        "Parent Relationship": "Outer",
        "Parallel Aware": false,
        "Startup Cost": 200492.52,
        "Total Cost": 200492.63,
        "Plan Rows": 1,
        "Plan Width": 8,
        "Actual Startup Time": 181.889,
        "Actual Total Time": 206.162,
        "Actual Rows": 2,
        "Actual Loops": 1,
        "Workers Planned": 1,
        "Workers Launched": 1,
        "Single Copy": false,
        "Plans": [
          {
            "Node Type": "Aggregate",
            "Strategy": "Plain",
            "Partial Mode": "Partial",
            "Parent Relationship": "Outer",
            "Parallel Aware": false,
            "Startup Cost": 199492.52,
            "Total Cost": 199492.53,
            "Plan Rows": 1,
            "Plan Width": 8,
            "Actual Startup Time": 175.891,
            "Actual Total Time": 175.892,
            "Actual Rows": 1,
            "Actual Loops": 2,
            "Plans": [
              {
                "Node Type": "Nested Loop",
                "Parent Relationship": "Outer",
                "Parallel Aware": false,
                "Join Type": "Inner",
                "Startup Cost": 0.56,
                "Total Cost": 199491.87,
                "Plan Rows": 259,
                "Plan Width": 0,
                "Actual Startup Time": 98.016,
                "Actual Total Time": 175.871,
                "Actual Rows": 46,
                "Actual Loops": 2,
                "Inner Unique": false,
                "Plans": [
                  {
                    "Node Type": "Seq Scan",
                    "Parent Relationship": "Outer",
                    "Parallel Aware": true,
                    "Relation Name": "title",
                    "Alias": "t",
                    "Startup Cost": 0.0,
                    "Total Cost": 54588.39,
                    "Plan Rows": 1065,
                    "Plan Width": 4,
                    "Actual Startup Time": 93.361,
                    "Actual Total Time": 134.422,
                    "Actual Rows": 1458,
                    "Actual Loops": 2,
                    "Filter": "(production_year = 1927)",
                    "Rows Removed by Filter": 1262698
                  },
                  {
                    "Node Type": "Index Scan",
                    "Parent Relationship": "Inner",
                    "Parallel Aware": false,
                    "Scan Direction": "Forward",
                    "Index Name": "movie_id_cast_info",
                    "Relation Name": "cast_info",
                    "Alias": "ci",
                    "Startup Cost": 0.56,
                    "Total Cost": 136.05,
                    "Plan Rows": 1,
                    "Plan Width": 4,
                    "Actual Startup Time": 0.028,
                    "Actual Total Time": 0.028,
                    "Actual Rows": 0,
                    "Actual Loops": 2915,
                    "Index Cond": "(movie_id = t.id)",
                    "Rows Removed by Index Recheck": 0,
                    "Filter": "((person_id > 3800601) AND (role_id > 2))",
                    "Rows Removed by Filter": 10
                  }
                ]
              }
            ]
          }
        ]
      }
    ]
  },
  "Planning Time": 0.489,
  "Triggers": [],
  "Execution Time": 206.251
}