[
  {
    "Plan": {
      "Node Type": "Aggregate",
      "Strategy": "Plain",
      "Partial Mode": "Simple",
      "Parallel Aware": false,
      "Startup Cost": 21145.9,
      "Total Cost": 21145.91,
      "Plan Rows": 1,
      "Plan Width": 8,
      "Actual Startup Time": 39.587,
      "Actual Total Time": 39.587,
      "Actual Rows": 1,
      "Actual Loops": 1,
      "Plans": [
        {
          "Node Type": "Bitmap Heap Scan",
          "Parent Relationship": "Outer",
          "Parallel Aware": false,
          "Relation Name": "movie_companies",
          "Alias": "mc",
          "Startup Cost": 1343.79,
          "Total Cost": 21069.16,
          "Plan Rows": 30697,
          "Plan Width": 0,
          "Actual Startup Time": 10.066,
          "Actual Total Time": 33.673,
          "Actual Rows": 55497,
          "Actual Loops": 1,
          "Recheck Cond": "(company_id = 6)",
          "Rows Removed by Index Recheck": 0,
          "Filter": "(company_type_id < 2)",
          "Rows Removed by Filter": 6578,
          "Exact Heap Blocks": 4954,
          "Lossy Heap Blocks": 0,
          "Plans": [
            {
              "Node Type": "Bitmap Index Scan",
              "Parent Relationship": "Outer",
              "Parallel Aware": false,
              "Index Name": "company_id_movie_companies",
              "Startup Cost": 0.0,
              "Total Cost": 1336.12,
              "Plan Rows": 62358,
              "Plan Width": 0,
              "Actual Startup Time": 8.072,
              "Actual Total Time": 8.072,
              "Actual Rows": 62075,
              "Actual Loops": 1,
              "Index Cond": "(company_id = 6)"
            }
          ]
        }
      ]
    },
    "Planning Time": 0.2,
    "Triggers": [],
    "Execution Time": 39.648
  }
]