{
  "Plan": {
    "Node Type": "Aggregate",
    "Strategy": "Plain",
    "Partial Mode": "Finalize",
    "Parallel Aware": false,
    "Startup Cost": 119817.12,
    "Total Cost": 119817.13,
    "Plan Rows": 1,
    "Plan Width": 8,
    "Actual Startup Time": 377.014,
    "Actual Total Time": 390.135,
    "Actual Rows": 1,
    "Actual Loops": 1,
    "Plans": [
      {
        "Node Type": "Gather",
        "Parent Relationship": "Outer",
        "Parallel Aware": false,
        "Startup Cost": 119817.01,
        "Total Cost": 119817.12,
        "Plan Rows": 1,
        "Plan Width": 8,
        "Actual Startup Time": 376.832,
        "Actual Total Time": 390.125,
        "Actual Rows": 2,
        "Actual Loops": 1,
        "Workers Planned": 1,
        "Workers Launched": 1,
        "Single Copy": false,
        "Plans": [
          {
            "Node Type": "Aggregate",
            "Strategy": "Plain",
            "Partial Mode": "Partial",
            "Parent Relationship": "Outer",
            "Parallel Aware": false,
            "Startup Cost": 118817.01,
            "Total Cost": 118817.02,
            "Plan Rows": 1,
            "Plan Width": 8,
            "Actual Startup Time": 373.451,
            "Actual Total Time": 373.455,
            "Actual Rows": 1,
            "Actual Loops": 2,
            "Plans": [
              {
                "Node Type": "Hash Join",
                "Parent Relationship": "Outer",
                "Parallel Aware": true,
                "Join Type": "Inner",
                "Startup Cost": 58479.74,
                "Total Cost": 118793.96,
                "Plan Rows": 9218,
                "Plan Width": 0,
                "Actual Startup Time": 141.821,
                "Actual Total Time": 373.372,
                "Actual Rows": 1504,
                "Actual Loops": 2,
                "Inner Unique": true,
                "Hash Cond": "(mk.movie_id = t.id)",
                "Plans": [
                  {
                    "Node Type": "Seq Scan",
                    "Parent Relationship": "Outer",
                    "Parallel Aware": true,
                    "Relation Name": "movie_keyword",
                    "Alias": "mk",
                    "Startup Cost": 0.0,
                    "Total Cost": 57718.19,
                    "Plan Rows": 988964,
                    "Plan Width": 4,
                    "Actual Startup Time": 0.013,
                    "Actual Total Time": 172.824,
                    "Actual Rows": 852616,
                    "Actual Loops": 2,
                    "Filter": "(keyword_id < 2667)",
                    "Rows Removed by Filter": 1409349
                  },
                  {
                    "Node Type": "Hash",
                    "Parent Relationship": "Inner",
                    "Parallel Aware": true,
                    "Startup Cost": 58306.47,
                    "Total Cost": 58306.47,
                    "Plan Rows": 13862,
                    "Plan Width": 4,
                    "Actual Startup Time": 140.586,
                    "Actual Total Time": 140.587,
                    "Actual Rows": 12993,
                    "Actual Loops": 2,
                    "Hash Buckets": 32768,
                    "Original Hash Buckets": 32768,
                    "Hash Batches": 1,
                    "Original Hash Batches": 1,
                    "Peak Memory Usage": 1312,
                    "Plans": [
                      {
                        "Node Type": "Seq Scan",
                        "Parent Relationship": "Outer",
                        "Parallel Aware": true,
                        "Relation Name": "title",
                        "Alias": "t",
                        "Startup Cost": 0.0,
                        "Total Cost": 58306.47,
                        "Plan Rows": 13862,
                        "Plan Width": 4,
                        "Actual Startup Time": 0.022,
                        "Actual Total Time": 136.031,
                        "Actual Rows": 12993,
                        "Actual Loops": 2,
                        "Filter": "((kind_id = 7) AND (production_year = 1997))",
                        "Rows Removed by Filter": 1251163
                      }
                    ]
                  }
                ]
              }
            ]
          }
        ]
      }
    ]
  },
  "Planning Time": 0.264,
  "Triggers": [],
  "Execution Time": 390.195
}