[
  {
    "Plan": {
      "Node Type": "Aggregate",
      "Strategy": "Plain",
      "Partial Mode": "Finalize",
      "Parallel Aware": false,
      "Startup Cost": 82891.63,
      "Total Cost": 82891.64,
      "Plan Rows": 1,
      "Plan Width": 8,
      "Actual Startup Time": 403.977,
      "Actual Total Time": 419.613,
      "Actual Rows": 1,
      "Actual Loops": 1,
      "Plans": [
        {
          "Node Type": "Gather",
          "Parent Relationship": "Outer",
          "Parallel Aware": false,
          "Startup Cost": 82891.31,
          "Total Cost": 82891.62,
          "Plan Rows": 3,
          "Plan Width": 8,
          "Actual Startup Time": 397.368,
          "Actual Total Time": 419.602,
          "Actual Rows": 4,
          "Actual Loops": 1,
          "Workers Planned": 3,
          "Workers Launched": 3,
          "Single Copy": false,
          "Plans": [
            {
              "Node Type": "Aggregate",
              "Strategy": "Plain",
              "Partial Mode": "Partial",
              "Parent Relationship": "Outer",
              "Parallel Aware": false,
              "Startup Cost": 81891.31,
              "Total Cost": 81891.32,
              "Plan Rows": 1,
              "Plan Width": 8,
              "Actual Startup Time": 385.348,
              "Actual Total Time": 385.352,
              "Actual Rows": 1,
              "Actual Loops": 4,
              "Plans": [
                {
                  "Node Type": "Hash Join",
                  "Parent Relationship": "Outer",
                  "Parallel Aware": true,
                  "Join Type": "Inner",
                  "Startup Cost": 55857.85,
                  "Total Cost": 81719.41,
                  "Plan Rows": 68763,
                  "Plan Width": 0,
                  "Actual Startup Time": 305.07,
                  "Actual Total Time": 383.407,
                  "Actual Rows": 29580,
                  "Actual Loops": 4,
                  "Inner Unique": true,
                  "Hash Cond": "(mk.movie_id = t.id)",
                  "Plans": [
                    {
                      "Node Type": "Bitmap Heap Scan",
                      "Parent Relationship": "Outer",
                      "Parallel Aware": true,
                      "Relation Name": "movie_keyword",
                      "Alias": "mk",
                      "Startup Cost": 6120.24,
                      "Total Cost": 31737.51,
                      "Plan Rows": 93062,
                      "Plan Width": 4,
                      "Actual Startup Time": 26.235,
                      "Actual Total Time": 72.23,
                      "Actual Rows": 70962,
                      "Actual Loops": 4,
                      "Recheck Cond": "(keyword_id < 236)",
                      "Rows Removed by Index Recheck": 0,
                      "Exact Heap Blocks": 7814,
                      "Lossy Heap Blocks": 0,
                      "Plans": [
                        {
                          "Node Type": "Bitmap Index Scan",
                          "Parent Relationship": "Outer",
                          "Parallel Aware": false,
                          "Index Name": "keyword_id_movie_keyword",
                          "Startup Cost": 0.0,
                          "Total Cost": 6048.11,
                          "Plan Rows": 288491,
                          "Plan Width": 0,
                          "Actual Startup Time": 22.491,
                          "Actual Total Time": 22.492,
                          "Actual Rows": 283847,
                          "Actual Loops": 1,
                          "Index Cond": "(keyword_id < 236)"
                        }
                      ]
                    },
                    {
                      "Node Type": "Hash",
                      "Parent Relationship": "Inner",
                      "Parallel Aware": true,
                      "Startup Cost": 43899.32,
                      "Total Cost": 43899.32,
                      "Plan Rows": 467063,
                      "Plan Width": 4,
                      "Actual Startup Time": 270.932,
                      "Actual Total Time": 270.933,
                      "Actual Rows": 466372,
                      "Actual Loops": 4,
                      "Hash Buckets": 2097152,
                      "Original Hash Buckets": 2097152,
                      "Hash Batches": 1,
                      "Original Hash Batches": 1,
                      "Peak Memory Usage": 89440,
                      "Plans": [
                        {
                          "Node Type": "Seq Scan",
                          "Parent Relationship": "Outer",
                          "Parallel Aware": true,
                          "Relation Name": "title",
                          "Alias": "t",
                          "Startup Cost": 0.0,
                          "Total Cost": 43899.32,
                          "Plan Rows": 467063,
                          "Plan Width": 4,
                          "Actual Startup Time": 0.046,
                          "Actual Total Time": 105.349,
                          "Actual Rows": 466372,
                          "Actual Loops": 4,
                          "Filter": "(kind_id > 1)",
                          "Rows Removed by Filter": 165706
                        }
                      ]
                    }
                  ]
                }
              ]
            }
          ]
        }
      ]
    },
    "Planning Time": 0.563,
    "Triggers": [],
    "Execution Time": 419.712
  }
]