[
  {
    "Plan": {
      "Node Type": "Aggregate",
      "Strategy": "Plain",
      "Partial Mode": "Finalize",
      "Parallel Aware": false,
      "Startup Cost": 76805.57,
      "Total Cost": 76805.58,
      "Plan Rows": 1,
      "Plan Width": 8,
      "Actual Startup Time": 263.121,
      "Actual Total Time": 277.444,
      "Actual Rows": 1,
      "Actual Loops": 1,
      "Plans": [
        {
          "Node Type": "Gather",
          "Parent Relationship": "Outer",
          "Parallel Aware": false,
          "Startup Cost": 76805.25,
          "Total Cost": 76805.56,
          "Plan Rows": 3,
          "Plan Width": 8,
          "Actual Startup Time": 258.83,
          "Actual Total Time": 277.439,
          "Actual Rows": 4,
          "Actual Loops": 1,
          "Workers Planned": 3,
          "Workers Launched": 3,
          "Single Copy": false,
          "Plans": [
            {
              "Node Type": "Aggregate",
              "Strategy": "Plain",
              "Partial Mode": "Partial",
              "Parent Relationship": "Outer",
              "Parallel Aware": false,
              "Startup Cost": 75805.25,
              "Total Cost": 75805.26,
              "Plan Rows": 1,
              "Plan Width": 8,
              "Actual Startup Time": 251.852,
              "Actual Total Time": 251.855,
              "Actual Rows": 1,
              "Actual Loops": 4,
              "Plans": [
                {
                  "Node Type": "Hash Join",
                  "Parent Relationship": "Outer",
                  "Parallel Aware": true,
                  "Join Type": "Inner",
                  "Startup Cost": 54995.14,
                  "Total Cost": 75745.45,
                  "Plan Rows": 23920,
                  "Plan Width": 0,
                  "Actual Startup Time": 226.762,
                  "Actual Total Time": 251.324,
                  "Actual Rows": 9564,
                  "Actual Loops": 4,
                  "Inner Unique": true,
                  "Hash Cond": "(mc.movie_id = t.id)",
                  "Plans": [
                    {
                      "Node Type": "Bitmap Heap Scan",
                      "Parent Relationship": "Outer",
                      "Parallel Aware": true,
                      "Relation Name": "movie_companies",
                      "Alias": "mc",
                      "Startup Cost": 8012.99,
                      "Total Cost": 28602.38,
                      "Plan Rows": 61307,
                      "Plan Width": 4,
                      "Actual Startup Time": 42.682,
                      "Actual Total Time": 55.296,
                      "Actual Rows": 21166,
                      "Actual Loops": 4,
                      "Recheck Cond": "(company_id < 197)",
                      "Rows Removed by Index Recheck": 0,
                      "Filter": "(company_type_id = 2)",
                      "Rows Removed by Filter": 70874,
                      "Exact Heap Blocks": 6926,
                      "Lossy Heap Blocks": 0,
                      "Plans": [
                        {
                          "Node Type": "Bitmap Index Scan",
                          "Parent Relationship": "Outer",
                          "Parallel Aware": false,
                          "Index Name": "company_id_movie_companies",
                          "Startup Cost": 0.0,
                          "Total Cost": 7965.48,
                          "Plan Rows": 371873,
                          "Plan Width": 0,
                          "Actual Startup Time": 14.698,
                          "Actual Total Time": 14.699,
                          "Actual Rows": 368162,
                          "Actual Loops": 1,
                          "Index Cond": "(company_id < 197)"
                        }
                      ]
                    },
                    {
                      "Node Type": "Hash",
                      "Parent Relationship": "Inner",
                      "Parallel Aware": true,
                      "Startup Cost": 43899.32,
                      "Total Cost": 43899.32,
                      "Plan Rows": 246626,
                      "Plan Width": 4,
                      "Actual Startup Time": 180.959,
                      "Actual Total Time": 180.96,
                      "Actual Rows": 246262,
                      "Actual Loops": 4,
                      "Hash Buckets": 1048576,
                      "Original Hash Buckets": 1048576,
                      "Hash Batches": 1,
                      "Original Hash Batches": 1,
                      "Peak Memory Usage": 46784,
                      "Plans": [
                        {
                          "Node Type": "Seq Scan",
                          "Parent Relationship": "Outer",
                          "Parallel Aware": true,
                          "Relation Name": "title",
                          "Alias": "t",
                          "Startup Cost": 0.0,
                          "Total Cost": 43899.32,
                          "Plan Rows": 246626,
                          "Plan Width": 4,
                          "Actual Startup Time": 0.027,
                          "Actual Total Time": 99.013,
                          "Actual Rows": 246262,
                          "Actual Loops": 4,
                          "Filter": "(kind_id < 7)",
                          "Rows Removed by Filter": 385816
                        }
                      ]
                    }
                  ]
                }
              ]
            }
          ]
        }
      ]
    },
    "Planning Time": 0.331,
    "Triggers": [],
    "Execution Time": 277.493
  }
]