{
  "Plan": {
    "Node Type": "Aggregate",
    "Strategy": "Plain",
    "Partial Mode": "Finalize",
    "Parallel Aware": false,
    "Startup Cost": 145363.27,
    "Total Cost": 145363.28,
    "Plan Rows": 1,
    "Plan Width": 8,
    "Actual Startup Time": 444.747,
    "Actual Total Time": 461.542,
    "Actual Rows": 1,
    "Actual Loops": 1,
    "Plans": [
      {
        "Node Type": "Gather",
        "Parent Relationship": "Outer",
        "Parallel Aware": false,
        "Startup Cost": 145363.15,
        "Total Cost": 145363.26,
        "Plan Rows": 1,
        "Plan Width": 8,
        "Actual Startup Time": 444.543,
        "Actual Total Time": 461.534,
        "Actual Rows": 2,
        "Actual Loops": 1,
        "Workers Planned": 1,
        "Workers Launched": 1,
        "Single Copy": false,
        "Plans": [
          {
            "Node Type": "Aggregate",
            "Strategy": "Plain",
            "Partial Mode": "Partial",
            "Parent Relationship": "Outer",
            "Parallel Aware": false,
            "Startup Cost": 144363.15,
            "Total Cost": 144363.16,
            "Plan Rows": 1,
            "Plan Width": 8,
            "Actual Startup Time": 437.816,
            "Actual Total Time": 437.822,
            "Actual Rows": 1,
            "Actual Loops": 2,
            "Plans": [
              {
                "Node Type": "Hash Join",
                "Parent Relationship": "Outer",
                "Parallel Aware": true,
                "Join Type": "Inner",
                "Startup Cost": 81131.02,
                "Total Cost": 144361.63,
                "Plan Rows": 608,
                "Plan Width": 0,
                "Actual Startup Time": 282.689,
                "Actual Total Time": 437.223,
                "Actual Rows": 13922,
                "Actual Loops": 2,
                "Inner Unique": false,
                "Hash Cond": "(mk.movie_id = t.id)",
                "Plans": [
                  {
                    "Node Type": "Seq Scan",
                    "Parent Relationship": "Outer",
                    "Parallel Aware": true,
                    "Relation Name": "movie_keyword",
                    "Alias": "mk",
                    "Startup Cost": 0.0,
                    "Total Cost": 57718.19,
                    "Plan Rows": 1469025,
                    "Plan Width": 4,
                    "Actual Startup Time": 0.013,
                    "Actual Total Time": 188.052,
                    "Actual Rows": 1250980,
                    "Actual Loops": 2,
                    "Filter": "(keyword_id < 6117)",
                    "Rows Removed by Filter": 1010985
                  },
                  {
                    "Node Type": "Hash",
                    "Parent Relationship": "Inner",
                    "Parallel Aware": true,
                    "Startup Cost": 81123.32,
                    "Total Cost": 81123.32,
                    "Plan Rows": 616,
                    "Plan Width": 8,
                    "Actual Startup Time": 174.068,
                    "Actual Total Time": 174.073,
                    "Actual Rows": 2562,
                    "Actual Loops": 2,
                    "Hash Buckets": 8192,
                    "Original Hash Buckets": 2048,
                    "Hash Batches": 1,
                    "Original Hash Batches": 1,
                    "Peak Memory Usage": 368,
                    "Plans": [
                      {
                        "Node Type": "Hash Join",
                        "Parent Relationship": "Outer",
                        "Parallel Aware": true,
                        "Join Type": "Inner",
                        "Startup Cost": 61191.66,
                        "Total Cost": 81123.32,
                        "Plan Rows": 616,
                        "Plan Width": 8,
                        "Actual Startup Time": 151.287,
                        "Actual Total Time": 172.852,
                        "Actual Rows": 2562,
                        "Actual Loops": 2,
                        "Inner Unique": true,
                        "Hash Cond": "(mc.movie_id = t.id)",
                        "Plans": [
                          {
                            "Node Type": "Bitmap Heap Scan",
                            "Parent Relationship": "Outer",
                            "Parallel Aware": true,
                            "Relation Name": "movie_companies",
                            "Alias": "mc",
                            "Startup Cost": 2562.74,
                            "Total Cost": 22401.24,
                            "Plan Rows": 35491,
                            "Plan Width": 4,
                            "Actual Startup Time": 6.635,
                            "Actual Total Time": 20.924,
                            "Actual Rows": 57068,
                            "Actual Loops": 2,
                            "Recheck Cond": "(company_id > 149580)",
                            "Rows Removed by Index Recheck": 0,
                            "Filter": "(company_type_id > 1)",
                            "Rows Removed by Filter": 0,
                            "Exact Heap Blocks": 1767,
                            "Lossy Heap Blocks": 0,
                            "Plans": [
                              {
                                "Node Type": "Bitmap Index Scan",
                                "Parent Relationship": "Outer",
                                "Parallel Aware": false,
                                "Index Name": "company_id_movie_companies",
                                "Startup Cost": 0.0,
                                "Total Cost": 2547.65,
                                "Plan Rows": 118830,
                                "Plan Width": 0,
                                "Actual Startup Time": 6.148,
                                "Actual Total Time": 6.149,
                                "Actual Rows": 114137,
                                "Actual Loops": 1,
                                "Index Cond": "(company_id > 149580)"
                              }
                            ]
                          },
                          {
                            "Node Type": "Hash",
                            "Parent Relationship": "Inner",
                            "Parallel Aware": true,
                            "Startup Cost": 58306.47,
                            "Total Cost": 58306.47,
                            "Plan Rows": 25796,
                            "Plan Width": 4,
                            "Actual Startup Time": 144.158,
                            "Actual Total Time": 144.159,
                            "Actual Rows": 16952,
                            "Actual Loops": 2,
                            "Hash Buckets": 65536,
                            "Original Hash Buckets": 65536,
                            "Hash Batches": 1,
                            "Original Hash Batches": 1,
                            "Peak Memory Usage": 1856,
                            "Plans": [
                              {
                                "Node Type": "Seq Scan",
                                "Parent Relationship": "Outer",
                                "Parallel Aware": true,
                                "Relation Name": "title",
                                "Alias": "t",
                                "Startup Cost": 0.0,
                                "Total Cost": 58306.47,
                                "Plan Rows": 25796,
                                "Plan Width": 4,
                                "Actual Startup Time": 0.08,
                                "Actual Total Time": 139.337,
                                "Actual Rows": 16952,
                                "Actual Loops": 2,
                                "Filter": "((kind_id < 7) AND (production_year = 2006))",
                                "Rows Removed by Filter": 1247204
                              }
                            ]
                          }
                        ]
                      }
                    ]
                  }
                ]
              }
            ]
          }
        ]
      }
    ]
  },
  "Planning Time": 1.161,
  "Triggers": [],
  "Execution Time": 461.664
}