[
  {
    "Plan": {
      "Node Type": "Aggregate",
      "Strategy": "Plain",
      "Partial Mode": "Finalize",
      "Parallel Aware": false,
      "Startup Cost": 110625.46,
      "Total Cost": 110625.47,
      "Plan Rows": 1,
      "Plan Width": 8,
      "Actual Startup Time": 1609.576,
      "Actual Total Time": 1710.375,
      "Actual Rows": 1,
      "Actual Loops": 1,
      "Plans": [
        {
          "Node Type": "Gather",
          "Parent Relationship": "Outer",
          "Parallel Aware": false,
          "Startup Cost": 110625.04,
          "Total Cost": 110625.45,
          "Plan Rows": 4,
          "Plan Width": 8,
          "Actual Startup Time": 1607.268,
          "Actual Total Time": 1710.365,
          "Actual Rows": 5,
          "Actual Loops": 1,
          "Workers Planned": 4,
          "Workers Launched": 4,
          "Single Copy": false,
          "Plans": [
            {
              "Node Type": "Aggregate",
              "Strategy": "Plain",
              "Partial Mode": "Partial",
              "Parent Relationship": "Outer",
              "Parallel Aware": false,
              "Startup Cost": 109625.04,
              "Total Cost": 109625.05,
              "Plan Rows": 1,
              "Plan Width": 8,
              "Actual Startup Time": 1595.734,
              "Actual Total Time": 1595.742,
              "Actual Rows": 1,
              "Actual Loops": 5,
              "Plans": [
                {
                  "Node Type": "Nested Loop",
                  "Parent Relationship": "Outer",
                  "Parallel Aware": false,
                  "Join Type": "Inner",
                  "Startup Cost": 6.74,
                  "Total Cost": 109625.0,
                  "Plan Rows": 18,
                  "Plan Width": 0,
                  "Actual Startup Time": 9.486,
                  "Actual Total Time": 1593.53,
                  "Actual Rows": 13547,
                  "Actual Loops": 5,
                  "Inner Unique": true,
                  "Plans": [
                    {
                      "Node Type": "Hash Join",
                      "Parent Relationship": "Outer",
                      "Parallel Aware": false,
                      "Join Type": "Inner",
                      "Startup Cost": 6.31,
                      "Total Cost": 109605.99,
                      "Plan Rows": 42,
                      "Plan Width": 8,
                      "Actual Startup Time": 9.313,
                      "Actual Total Time": 1480.392,
                      "Actual Rows": 13547,
                      "Actual Loops": 5,
                      "Inner Unique": true,
                      "Hash Cond": "(mi.info_type_id = it1.id)",
                      "Plans": [
                        {
                          "Node Type": "Nested Loop",
                          "Parent Relationship": "Outer",
                          "Parallel Aware": false,
                          "Join Type": "Inner",
                          "Startup Cost": 3.87,
                          "Total Cost": 109383.45,
                          "Plan Rows": 80821,
                          "Plan Width": 12,
                          "Actual Startup Time": 6.674,
                          "Actual Total Time": 1468.53,
                          "Actual Rows": 81055,
                          "Actual Loops": 5,
                          "Inner Unique": false,
                          "Plans": [
                            {
                              "Node Type": "Nested Loop",
                              "Parent Relationship": "Outer",
                              "Parallel Aware": false,
                              "Join Type": "Inner",
                              "Startup Cost": 3.43,
                              "Total Cost": 62846.26,
                              "Plan Rows": 35829,
                              "Plan Width": 4,
                              "Actual Startup Time": 2.785,
                              "Actual Total Time": 520.612,
                              "Actual Rows": 41812,
                              "Actual Loops": 5,
                              "Inner Unique": false,
                              "Plans": [
                                {
                                  "Node Type": "Nested Loop",
                                  "Parent Relationship": "Outer",
                                  "Parallel Aware": false,
                                  "Join Type": "Inner",
                                  "Startup Cost": 2.87,
                                  "Total Cost": 61036.44,
                                  "Plan Rows": 121,
                                  "Plan Width": 8,
                                  "Actual Startup Time": 2.54,
                                  "Actual Total Time": 476.3,
                                  "Actual Rows": 934,
                                  "Actual Loops": 5,
                                  "Inner Unique": true,
                                  "Plans": [
                                    {
                                      "Node Type": "Hash Join",
                                      "Parent Relationship": "Outer",
                                      "Parallel Aware": false,
                                      "Join Type": "Inner",
                                      "Startup Cost": 2.44,
                                      "Total Cost": 60340.92,
                                      "Plan Rows": 121,
                                      "Plan Width": 4,
                                      "Actual Startup Time": 2.337,
                                      "Actual Total Time": 458.757,
                                      "Actual Rows": 934,
                                      "Actual Loops": 5,
                                      "Inner Unique": true,
                                      "Hash Cond": "(pi.info_type_id = it2.id)",
                                      "Plans": [
                                        {
                                          "Node Type": "Seq Scan",
                                          "Parent Relationship": "Outer",
                                          "Parallel Aware": true,
                                          "Relation Name": "person_info",
                                          "Alias": "pi",
                                          "Startup Cost": 0.0,
                                          "Total Cost": 60319.82,
                                          "Plan Rows": 6852,
                                          "Plan Width": 8,
                                          "Actual Startup Time": 1.449,
                                          "Actual Total Time": 457.653,
                                          "Actual Rows": 3270,
                                          "Actual Loops": 5,
                                          "Filter": "(info ~~* '%india%'::text)",
                                          "Rows Removed by Filter": 589463
                                        },
                                        {
                                          "Node Type": "Hash",
                                          "Parent Relationship": "Inner",
                                          "Parallel Aware": false,
                                          "Startup Cost": 2.41,
                                          "Total Cost": 2.41,
                                          "Plan Rows": 2,
                                          "Plan Width": 4,
                                          "Actual Startup Time": 0.106,
                                          "Actual Total Time": 0.107,
                                          "Actual Rows": 3,
                                          "Actual Loops": 5,
                                          "Hash Buckets": 1024,
                                          "Original Hash Buckets": 1024,
                                          "Hash Batches": 1,
                                          "Original Hash Batches": 1,
                                          "Peak Memory Usage": 9,
                                          "Plans": [
                                            {
                                              "Node Type": "Seq Scan",
                                              "Parent Relationship": "Outer",
                                              "Parallel Aware": false,
                                              "Relation Name": "info_type",
                                              "Alias": "it2",
                                              "Startup Cost": 0.0,
                                              "Total Cost": 2.41,
                                              "Plan Rows": 2,
                                              "Plan Width": 4,
                                              "Actual Startup Time": 0.029,
                                              "Actual Total Time": 0.093,
                                              "Actual Rows": 3,
                                              "Actual Loops": 5,
                                              "Filter": "((info)::text ~~* '%birth%'::text)",
                                              "Rows Removed by Filter": 110
                                            }
                                          ]
                                        }
                                      ]
                                    },
                                    {
                                      "Node Type": "Index Only Scan",
                                      "Parent Relationship": "Inner",
                                      "Parallel Aware": false,
                                      "Scan Direction": "Forward",
                                      "Index Name": "name_pkey",
                                      "Relation Name": "name",
                                      "Alias": "n",
                                      "Startup Cost": 0.43,
                                      "Total Cost": 5.75,
                                      "Plan Rows": 1,
                                      "Plan Width": 4,
                                      "Actual Startup Time": 0.018,
                                      "Actual Total Time": 0.018,
                                      "Actual Rows": 1,
                                      "Actual Loops": 4668,
                                      "Index Cond": "(id = pi.person_id)",
                                      "Rows Removed by Index Recheck": 0,
                                      "Heap Fetches": 4668
                                    }
                                  ]
                                },
                                {
                                  "Node Type": "Index Scan",
                                  "Parent Relationship": "Inner",
                                  "Parallel Aware": false,
                                  "Scan Direction": "Forward",
                                  "Index Name": "person_id_cast_info",
                                  "Relation Name": "cast_info",
                                  "Alias": "ci",
                                  "Startup Cost": 0.56,
                                  "Total Cost": 9.86,
                                  "Plan Rows": 510,
                                  "Plan Width": 8,
                                  "Actual Startup Time": 0.023,
                                  "Actual Total Time": 0.042,
                                  "Actual Rows": 45,
                                  "Actual Loops": 4668,
                                  "Index Cond": "(person_id = n.id)",
                                  "Rows Removed by Index Recheck": 0
                                }
                              ]
                            },
                            {
                              "Node Type": "Index Scan",
                              "Parent Relationship": "Inner",
                              "Parallel Aware": false,
                              "Scan Direction": "Forward",
                              "Index Name": "movie_id_movie_info",
                              "Relation Name": "movie_info",
                              "Alias": "mi",
                              "Startup Cost": 0.43,
                              "Total Cost": 1.24,
                              "Plan Rows": 6,
                              "Plan Width": 8,
                              "Actual Startup Time": 0.012,
                              "Actual Total Time": 0.022,
                              "Actual Rows": 2,
                              "Actual Loops": 209061,
                              "Index Cond": "(movie_id = ci.movie_id)",
                              "Rows Removed by Index Recheck": 0,
                              "Filter": "(info ~~* '%usa%'::text)",
                              "Rows Removed by Filter": 11
                            }
                          ]
                        },
                        {
                          "Node Type": "Hash",
                          "Parent Relationship": "Inner",
                          "Parallel Aware": false,
                          "Startup Cost": 2.41,
                          "Total Cost": 2.41,
                          "Plan Rows": 2,
                          "Plan Width": 4,
                          "Actual Startup Time": 0.199,
                          "Actual Total Time": 0.199,
                          "Actual Rows": 3,
                          "Actual Loops": 5,
                          "Hash Buckets": 1024,
                          "Original Hash Buckets": 1024,
                          "Hash Batches": 1,
                          "Original Hash Batches": 1,
                          "Peak Memory Usage": 9,
                          "Plans": [
                            {
                              "Node Type": "Seq Scan",
                              "Parent Relationship": "Outer",
                              "Parallel Aware": false,
                              "Relation Name": "info_type",
                              "Alias": "it1",
                              "Startup Cost": 0.0,
                              "Total Cost": 2.41,
                              "Plan Rows": 2,
                              "Plan Width": 4,
                              "Actual Startup Time": 0.099,
                              "Actual Total Time": 0.176,
                              "Actual Rows": 3,
                              "Actual Loops": 5,
                              "Filter": "((info)::text ~~* '%count%'::text)",
                              "Rows Removed by Filter": 110
                            }
                          ]
                        }
                      ]
                    },
                    {
                      "Node Type": "Index Only Scan",
                      "Parent Relationship": "Inner",
                      "Parallel Aware": false,
                      "Scan Direction": "Forward",
                      "Index Name": "title_pkey",
                      "Relation Name": "title",
                      "Alias": "t",
                      "Startup Cost": 0.43,
                      "Total Cost": 0.45,
                      "Plan Rows": 1,
                      "Plan Width": 4,
                      "Actual Startup Time": 0.008,
                      "Actual Total Time": 0.008,
                      "Actual Rows": 1,
                      "Actual Loops": 67735,
                      "Index Cond": "(id = ci.movie_id)",
                      "Rows Removed by Index Recheck": 0,
                      "Heap Fetches": 67735
                    }
                  ]
                }
              ]
            }
          ]
        }
      ]
    },
    "Planning Time": 13.024,
    "Triggers": [],
    "Execution Time": 1710.849
  }
]