[
    {
        "Bao": {
            "Bao prediction": "NaN",
            "Bao recommended hint": "(no hint)"
        }
    },
    {
        "Plan": {
            "Node Type": "Aggregate",
            "Strategy": "Plain",
            "Partial Mode": "Finalize",
            "Parallel Aware": false,
            "Startup Cost": 525877.94,
            "Total Cost": 525877.95,
            "Plan Rows": 1,
            "Plan Width": 8,
            "Actual Startup Time": 2502.776,
            "Actual Total Time": 2538.815,
            "Actual Rows": 1,
            "Actual Loops": 1,
            "Output": [
                "count(*)"
            ],
            "Plans": [
                {
                    "Node Type": "Gather",
                    "Parent Relationship": "Outer",
                    "Parallel Aware": false,
                    "Startup Cost": 525877.31,
                    "Total Cost": 525877.92,
                    "Plan Rows": 6,
                    "Plan Width": 8,
                    "Actual Startup Time": 2486.484,
                    "Actual Total Time": 2538.803,
                    "Actual Rows": 7,
                    "Actual Loops": 1,
                    "Output": [
                        "(PARTIAL count(*))"
                    ],
                    "Workers Planned": 6,
                    "Workers Launched": 6,
                    "Single Copy": false,
                    "Plans": [
                        {
                            "Node Type": "Aggregate",
                            "Strategy": "Plain",
                            "Partial Mode": "Partial",
                            "Parent Relationship": "Outer",
                            "Parallel Aware": false,
                            "Startup Cost": 524877.31,
                            "Total Cost": 524877.32,
                            "Plan Rows": 1,
                            "Plan Width": 8,
                            "Actual Startup Time": 2471.166,
                            "Actual Total Time": 2471.687,
                            "Actual Rows": 1,
                            "Actual Loops": 7,
                            "Output": [
                                "PARTIAL count(*)"
                            ],
                            "Workers": [
                                {
                                    "Worker Number": 0,
                                    "Actual Startup Time": 2471.734,
                                    "Actual Total Time": 2471.739,
                                    "Actual Rows": 1,
                                    "Actual Loops": 1
                                },
                                {
                                    "Worker Number": 1,
                                    "Actual Startup Time": 2468.116,
                                    "Actual Total Time": 2468.121,
                                    "Actual Rows": 1,
                                    "Actual Loops": 1
                                },
                                {
                                    "Worker Number": 2,
                                    "Actual Startup Time": 2468.242,
                                    "Actual Total Time": 2468.247,
                                    "Actual Rows": 1,
                                    "Actual Loops": 1
                                },
                                {
                                    "Worker Number": 3,
                                    "Actual Startup Time": 2468.107,
                                    "Actual Total Time": 2468.112,
                                    "Actual Rows": 1,
                                    "Actual Loops": 1
                                },
                                {
                                    "Worker Number": 4,
                                    "Actual Startup Time": 2467.998,
                                    "Actual Total Time": 2468.004,
                                    "Actual Rows": 1,
                                    "Actual Loops": 1
                                },
                                {
                                    "Worker Number": 5,
                                    "Actual Startup Time": 2467.98,
                                    "Actual Total Time": 2467.986,
                                    "Actual Rows": 1,
                                    "Actual Loops": 1
                                }
                            ],
                            "Plans": [
                                {
                                    "Node Type": "Hash Join",
                                    "Parent Relationship": "Outer",
                                    "Parallel Aware": true,
                                    "Join Type": "Inner",
                                    "Startup Cost": 259543.73,
                                    "Total Cost": 520069.0,
                                    "Plan Rows": 1923323,
                                    "Plan Width": 0,
                                    "Actual Startup Time": 1066.549,
                                    "Actual Total Time": 2310.73,
                                    "Actual Rows": 3359790,
                                    "Actual Loops": 7,
                                    "Inner Unique": false,
                                    "Hash Cond": "(ci.movie_id = t.id)",
                                    "Workers": [
                                        {
                                            "Worker Number": 0,
                                            "Actual Startup Time": 1063.887,
                                            "Actual Total Time": 2295.752,
                                            "Actual Rows": 2997993,
                                            "Actual Loops": 1
                                        },
                                        {
                                            "Worker Number": 1,
                                            "Actual Startup Time": 1064.023,
                                            "Actual Total Time": 2293.354,
                                            "Actual Rows": 2911962,
                                            "Actual Loops": 1
                                        },
                                        {
                                            "Worker Number": 2,
                                            "Actual Startup Time": 1063.941,
                                            "Actual Total Time": 2309.88,
                                            "Actual Rows": 3549923,
                                            "Actual Loops": 1
                                        },
                                        {
                                            "Worker Number": 3,
                                            "Actual Startup Time": 1064.116,
                                            "Actual Total Time": 2309.381,
                                            "Actual Rows": 3548511,
                                            "Actual Loops": 1
                                        },
                                        {
                                            "Worker Number": 4,
                                            "Actual Startup Time": 1064.081,
                                            "Actual Total Time": 2315.401,
                                            "Actual Rows": 3562587,
                                            "Actual Loops": 1
                                        },
                                        {
                                            "Worker Number": 5,
                                            "Actual Startup Time": 1063.873,
                                            "Actual Total Time": 2316.736,
                                            "Actual Rows": 3537477,
                                            "Actual Loops": 1
                                        }
                                    ],
                                    "Plans": [
                                        {
                                            "Node Type": "Index Scan",
                                            "Parent Relationship": "Outer",
                                            "Parallel Aware": true,
                                            "Scan Direction": "Forward",
                                            "Index Name": "role_id_cast_info",
                                            "Relation Name": "cast_info",
                                            "Schema": "public",
                                            "Alias": "ci",
                                            "Startup Cost": 0.56,
                                            "Total Cost": 251544.36,
                                            "Plan Rows": 1369288,
                                            "Plan Width": 4,
                                            "Actual Startup Time": 0.196,
                                            "Actual Total Time": 281.641,
                                            "Actual Rows": 1255306,
                                            "Actual Loops": 7,
                                            "Output": [
                                                "ci.id",
                                                "ci.person_id",
                                                "ci.movie_id",
                                                "ci.person_role_id",
                                                "ci.note",
                                                "ci.nr_order",
                                                "ci.role_id"
                                            ],
                                            "Index Cond": "(ci.role_id > 4)",
                                            "Rows Removed by Index Recheck": 0,
                                            "Filter": "(ci.person_id > 436095)",
                                            "Rows Removed by Filter": 85366,
                                            "Workers": [
                                                {
                                                    "Worker Number": 0,
                                                    "Actual Startup Time": 0.167,
                                                    "Actual Total Time": 298.086,
                                                    "Actual Rows": 1104006,
                                                    "Actual Loops": 1
                                                },
                                                {
                                                    "Worker Number": 1,
                                                    "Actual Startup Time": 0.243,
                                                    "Actual Total Time": 296.11,
                                                    "Actual Rows": 1079568,
                                                    "Actual Loops": 1
                                                },
                                                {
                                                    "Worker Number": 2,
                                                    "Actual Startup Time": 0.193,
                                                    "Actual Total Time": 277.055,
                                                    "Actual Rows": 1338424,
                                                    "Actual Loops": 1
                                                },
                                                {
                                                    "Worker Number": 3,
                                                    "Actual Startup Time": 0.295,
                                                    "Actual Total Time": 277.529,
                                                    "Actual Rows": 1337405,
                                                    "Actual Loops": 1
                                                },
                                                {
                                                    "Worker Number": 4,
                                                    "Actual Startup Time": 0.322,
                                                    "Actual Total Time": 277.462,
                                                    "Actual Rows": 1339195,
                                                    "Actual Loops": 1
                                                },
                                                {
                                                    "Worker Number": 5,
                                                    "Actual Startup Time": 0.108,
                                                    "Actual Total Time": 277.565,
                                                    "Actual Rows": 1335545,
                                                    "Actual Loops": 1
                                                }
                                            ]
                                        },
                                        {
                                            "Node Type": "Hash",
                                            "Parent Relationship": "Inner",
                                            "Parallel Aware": true,
                                            "Startup Cost": 250664.87,
                                            "Total Cost": 250664.87,
                                            "Plan Rows": 710264,
                                            "Plan Width": 8,
                                            "Actual Startup Time": 1060.518,
                                            "Actual Total Time": 1061.037,
                                            "Actual Rows": 581678,
                                            "Actual Loops": 7,
                                            "Output": [
                                                "t.id",
                                                "mi.movie_id"
                                            ],
                                            "Hash Buckets": 4194304,
                                            "Original Hash Buckets": 4194304,
                                            "Hash Batches": 1,
                                            "Original Hash Batches": 1,
                                            "Peak Memory Usage": 192160,
                                            "Workers": [
                                                {
                                                    "Worker Number": 0,
                                                    "Actual Startup Time": 1063.101,
                                                    "Actual Total Time": 1063.105,
                                                    "Actual Rows": 490362,
                                                    "Actual Loops": 1
                                                },
                                                {
                                                    "Worker Number": 1,
                                                    "Actual Startup Time": 1063.149,
                                                    "Actual Total Time": 1063.153,
                                                    "Actual Rows": 483837,
                                                    "Actual Loops": 1
                                                },
                                                {
                                                    "Worker Number": 2,
                                                    "Actual Startup Time": 1063.223,
                                                    "Actual Total Time": 1063.226,
                                                    "Actual Rows": 647292,
                                                    "Actual Loops": 1
                                                },
                                                {
                                                    "Worker Number": 3,
                                                    "Actual Startup Time": 1063.387,
                                                    "Actual Total Time": 1063.391,
                                                    "Actual Rows": 649108,
                                                    "Actual Loops": 1
                                                },
                                                {
                                                    "Worker Number": 4,
                                                    "Actual Startup Time": 1063.19,
                                                    "Actual Total Time": 1063.194,
                                                    "Actual Rows": 645900,
                                                    "Actual Loops": 1
                                                },
                                                {
                                                    "Worker Number": 5,
                                                    "Actual Startup Time": 1063.184,
                                                    "Actual Total Time": 1063.187,
                                                    "Actual Rows": 644818,
                                                    "Actual Loops": 1
                                                }
                                            ],
                                            "Plans": [
                                                {
                                                    "Node Type": "Hash Join",
                                                    "Parent Relationship": "Outer",
                                                    "Parallel Aware": true,
                                                    "Join Type": "Inner",
                                                    "Startup Cost": 48743.13,
                                                    "Total Cost": 250664.87,
                                                    "Plan Rows": 710264,
                                                    "Plan Width": 8,
                                                    "Actual Startup Time": 198.682,
                                                    "Actual Total Time": 816.974,
                                                    "Actual Rows": 581678,
                                                    "Actual Loops": 7,
                                                    "Output": [
                                                        "t.id",
                                                        "mi.movie_id"
                                                    ],
                                                    "Inner Unique": true,
                                                    "Hash Cond": "(mi.movie_id = t.id)",
                                                    "Workers": [
                                                        {
                                                            "Worker Number": 0,
                                                            "Actual Startup Time": 198.673,
                                                            "Actual Total Time": 818.293,
                                                            "Actual Rows": 490362,
                                                            "Actual Loops": 1
                                                        },
                                                        {
                                                            "Worker Number": 1,
                                                            "Actual Startup Time": 198.691,
                                                            "Actual Total Time": 817.987,
                                                            "Actual Rows": 483837,
                                                            "Actual Loops": 1
                                                        },
                                                        {
                                                            "Worker Number": 2,
                                                            "Actual Startup Time": 198.651,
                                                            "Actual Total Time": 815.065,
                                                            "Actual Rows": 647292,
                                                            "Actual Loops": 1
                                                        },
                                                        {
                                                            "Worker Number": 3,
                                                            "Actual Startup Time": 198.668,
                                                            "Actual Total Time": 815.123,
                                                            "Actual Rows": 649108,
                                                            "Actual Loops": 1
                                                        },
                                                        {
                                                            "Worker Number": 4,
                                                            "Actual Startup Time": 198.656,
                                                            "Actual Total Time": 815.598,
                                                            "Actual Rows": 645900,
                                                            "Actual Loops": 1
                                                        },
                                                        {
                                                            "Worker Number": 5,
                                                            "Actual Startup Time": 198.642,
                                                            "Actual Total Time": 816.526,
                                                            "Actual Rows": 644818,
                                                            "Actual Loops": 1
                                                        }
                                                    ],
                                                    "Plans": [
                                                        {
                                                            "Node Type": "Seq Scan",
                                                            "Parent Relationship": "Outer",
                                                            "Parallel Aware": true,
                                                            "Relation Name": "movie_info",
                                                            "Schema": "public",
                                                            "Alias": "mi",
                                                            "Startup Cost": 0.0,
                                                            "Total Cost": 198880.74,
                                                            "Plan Rows": 1158476,
                                                            "Plan Width": 4,
                                                            "Actual Startup Time": 0.023,
                                                            "Actual Total Time": 317.441,
                                                            "Actual Rows": 840709,
                                                            "Actual Loops": 7,
                                                            "Output": [
                                                                "mi.id",
                                                                "mi.movie_id",
                                                                "mi.info_type_id",
                                                                "mi.info",
                                                                "mi.note"
                                                            ],
                                                            "Filter": "(mi.info_type_id < 7)",
                                                            "Rows Removed by Filter": 1278680,
                                                            "Workers": [
                                                                {
                                                                    "Worker Number": 0,
                                                                    "Actual Startup Time": 0.025,
                                                                    "Actual Total Time": 328.17,
                                                                    "Actual Rows": 707751,
                                                                    "Actual Loops": 1
                                                                },
                                                                {
                                                                    "Worker Number": 1,
                                                                    "Actual Startup Time": 0.031,
                                                                    "Actual Total Time": 327.128,
                                                                    "Actual Rows": 698456,
                                                                    "Actual Loops": 1
                                                                },
                                                                {
                                                                    "Worker Number": 2,
                                                                    "Actual Startup Time": 0.02,
                                                                    "Actual Total Time": 312.474,
                                                                    "Actual Rows": 934396,
                                                                    "Actual Loops": 1
                                                                },
                                                                {
                                                                    "Worker Number": 3,
                                                                    "Actual Startup Time": 0.029,
                                                                    "Actual Total Time": 312.652,
                                                                    "Actual Rows": 938021,
                                                                    "Actual Loops": 1
                                                                },
                                                                {
                                                                    "Worker Number": 4,
                                                                    "Actual Startup Time": 0.026,
                                                                    "Actual Total Time": 314.438,
                                                                    "Actual Rows": 936064,
                                                                    "Actual Loops": 1
                                                                },
                                                                {
                                                                    "Worker Number": 5,
                                                                    "Actual Startup Time": 0.021,
                                                                    "Actual Total Time": 314.516,
                                                                    "Actual Rows": 932385,
                                                                    "Actual Loops": 1
                                                                }
                                                            ]
                                                        },
                                                        {
                                                            "Node Type": "Hash",
                                                            "Parent Relationship": "Inner",
                                                            "Parallel Aware": true,
                                                            "Startup Cost": 43899.01,
                                                            "Total Cost": 43899.01,
                                                            "Plan Rows": 387530,
                                                            "Plan Width": 4,
                                                            "Actual Startup Time": 196.106,
                                                            "Actual Total Time": 196.107,
                                                            "Actual Rows": 221675,
                                                            "Actual Loops": 7,
                                                            "Output": [
                                                                "t.id"
                                                            ],
                                                            "Hash Buckets": 2097152,
                                                            "Original Hash Buckets": 2097152,
                                                            "Hash Batches": 1,
                                                            "Original Hash Batches": 1,
                                                            "Peak Memory Usage": 77216,
                                                            "Workers": [
                                                                {
                                                                    "Worker Number": 0,
                                                                    "Actual Startup Time": 198.466,
                                                                    "Actual Total Time": 198.468,
                                                                    "Actual Rows": 177698,
                                                                    "Actual Loops": 1
                                                                },
                                                                {
                                                                    "Worker Number": 1,
                                                                    "Actual Startup Time": 198.465,
                                                                    "Actual Total Time": 198.466,
                                                                    "Actual Rows": 175938,
                                                                    "Actual Loops": 1
                                                                },
                                                                {
                                                                    "Worker Number": 2,
                                                                    "Actual Startup Time": 198.453,
                                                                    "Actual Total Time": 198.455,
                                                                    "Actual Rows": 237007,
                                                                    "Actual Loops": 1
                                                                },
                                                                {
                                                                    "Worker Number": 3,
                                                                    "Actual Startup Time": 198.574,
                                                                    "Actual Total Time": 198.576,
                                                                    "Actual Rows": 237168,
                                                                    "Actual Loops": 1
                                                                },
                                                                {
                                                                    "Worker Number": 4,
                                                                    "Actual Startup Time": 198.46,
                                                                    "Actual Total Time": 198.462,
                                                                    "Actual Rows": 239150,
                                                                    "Actual Loops": 1
                                                                },
                                                                {
                                                                    "Worker Number": 5,
                                                                    "Actual Startup Time": 198.451,
                                                                    "Actual Total Time": 198.452,
                                                                    "Actual Rows": 230027,
                                                                    "Actual Loops": 1
                                                                }
                                                            ],
                                                            "Plans": [
                                                                {
                                                                    "Node Type": "Seq Scan",
                                                                    "Parent Relationship": "Outer",
                                                                    "Parallel Aware": true,
                                                                    "Relation Name": "title",
                                                                    "Schema": "public",
                                                                    "Alias": "t",
                                                                    "Startup Cost": 0.0,
                                                                    "Total Cost": 43899.01,
                                                                    "Plan Rows": 387530,
                                                                    "Plan Width": 4,
                                                                    "Actual Startup Time": 0.06,
                                                                    "Actual Total Time": 81.449,
                                                                    "Actual Rows": 221675,
                                                                    "Actual Loops": 7,
                                                                    "Output": [
                                                                        "t.id"
                                                                    ],
                                                                    "Filter": "(t.production_year < 2007)",
                                                                    "Rows Removed by Filter": 139512,
                                                                    "Workers": [
                                                                        {
                                                                            "Worker Number": 0,
                                                                            "Actual Startup Time": 0.051,
                                                                            "Actual Total Time": 84.979,
                                                                            "Actual Rows": 177698,
                                                                            "Actual Loops": 1
                                                                        },
                                                                        {
                                                                            "Worker Number": 1,
                                                                            "Actual Startup Time": 0.05,
                                                                            "Actual Total Time": 85.318,
                                                                            "Actual Rows": 175938,
                                                                            "Actual Loops": 1
                                                                        },
                                                                        {
                                                                            "Worker Number": 2,
                                                                            "Actual Startup Time": 0.05,
                                                                            "Actual Total Time": 81.543,
                                                                            "Actual Rows": 237007,
                                                                            "Actual Loops": 1
                                                                        },
                                                                        {
                                                                            "Worker Number": 3,
                                                                            "Actual Startup Time": 0.087,
                                                                            "Actual Total Time": 81.868,
                                                                            "Actual Rows": 237168,
                                                                            "Actual Loops": 1
                                                                        },
                                                                        {
                                                                            "Worker Number": 4,
                                                                            "Actual Startup Time": 0.086,
                                                                            "Actual Total Time": 81.955,
                                                                            "Actual Rows": 239150,
                                                                            "Actual Loops": 1
                                                                        },
                                                                        {
                                                                            "Worker Number": 5,
                                                                            "Actual Startup Time": 0.084,
                                                                            "Actual Total Time": 81.282,
                                                                            "Actual Rows": 230027,
                                                                            "Actual Loops": 1
                                                                        }
                                                                    ]
                                                                }
                                                            ]
                                                        }
                                                    ]
                                                }
                                            ]
                                        }
                                    ]
                                }
                            ]
                        }
                    ]
                }
            ]
        },
        "Planning Time": 284.263,
        "Triggers": [],
        "Execution Time": 2538.888
    }
]