[
    {
        "Bao": {
            "Bao prediction": 654.09,
            "Bao recommended hint": "(no hint)"
        }
    },
    {
        "Plan": {
            "Node Type": "Aggregate",
            "Strategy": "Plain",
            "Partial Mode": "Finalize",
            "Parallel Aware": false,
            "Startup Cost": 33906.22,
            "Total Cost": 33906.23,
            "Plan Rows": 1,
            "Plan Width": 8,
            "Actual Startup Time": 125.405,
            "Actual Total Time": 133.529,
            "Actual Rows": 1,
            "Actual Loops": 1,
            "Output": [
                "count(*)"
            ],
            "Plans": [
                {
                    "Node Type": "Gather",
                    "Parent Relationship": "Outer",
                    "Parallel Aware": false,
                    "Startup Cost": 33905.91,
                    "Total Cost": 33906.22,
                    "Plan Rows": 3,
                    "Plan Width": 8,
                    "Actual Startup Time": 125.126,
                    "Actual Total Time": 133.519,
                    "Actual Rows": 4,
                    "Actual Loops": 1,
                    "Output": [
                        "(PARTIAL count(*))"
                    ],
                    "Workers Planned": 3,
                    "Workers Launched": 3,
                    "Single Copy": false,
                    "Plans": [
                        {
                            "Node Type": "Aggregate",
                            "Strategy": "Plain",
                            "Partial Mode": "Partial",
                            "Parent Relationship": "Outer",
                            "Parallel Aware": false,
                            "Startup Cost": 32905.91,
                            "Total Cost": 32905.92,
                            "Plan Rows": 1,
                            "Plan Width": 8,
                            "Actual Startup Time": 117.012,
                            "Actual Total Time": 117.014,
                            "Actual Rows": 1,
                            "Actual Loops": 4,
                            "Output": [
                                "PARTIAL count(*)"
                            ],
                            "Workers": [
                                {
                                    "Worker Number": 0,
                                    "Actual Startup Time": 114.499,
                                    "Actual Total Time": 114.501,
                                    "Actual Rows": 1,
                                    "Actual Loops": 1
                                },
                                {
                                    "Worker Number": 1,
                                    "Actual Startup Time": 114.517,
                                    "Actual Total Time": 114.519,
                                    "Actual Rows": 1,
                                    "Actual Loops": 1
                                },
                                {
                                    "Worker Number": 2,
                                    "Actual Startup Time": 114.498,
                                    "Actual Total Time": 114.5,
                                    "Actual Rows": 1,
                                    "Actual Loops": 1
                                }
                            ],
                            "Plans": [
                                {
                                    "Node Type": "Bitmap Heap Scan",
                                    "Parent Relationship": "Outer",
                                    "Parallel Aware": true,
                                    "Relation Name": "movie_keyword",
                                    "Schema": "public",
                                    "Alias": "mk",
                                    "Startup Cost": 6882.35,
                                    "Total Cost": 32644.31,
                                    "Plan Rows": 104637,
                                    "Plan Width": 0,
                                    "Actual Startup Time": 39.744,
                                    "Actual Total Time": 110.277,
                                    "Actual Rows": 80458,
                                    "Actual Loops": 4,
                                    "Recheck Cond": "(mk.keyword_id > 50891)",
                                    "Rows Removed by Index Recheck": 0,
                                    "Exact Heap Blocks": 9552,
                                    "Lossy Heap Blocks": 0,
                                    "Workers": [
                                        {
                                            "Worker Number": 0,
                                            "Actual Startup Time": 37.192,
                                            "Actual Total Time": 108.546,
                                            "Actual Rows": 62212,
                                            "Actual Loops": 1
                                        },
                                        {
                                            "Worker Number": 1,
                                            "Actual Startup Time": 37.396,
                                            "Actual Total Time": 108.88,
                                            "Actual Rows": 61009,
                                            "Actual Loops": 1
                                        },
                                        {
                                            "Worker Number": 2,
                                            "Actual Startup Time": 37.526,
                                            "Actual Total Time": 108.654,
                                            "Actual Rows": 60286,
                                            "Actual Loops": 1
                                        }
                                    ],
                                    "Plans": [
                                        {
                                            "Node Type": "Bitmap Index Scan",
                                            "Parent Relationship": "Outer",
                                            "Parallel Aware": false,
                                            "Index Name": "keyword_id_movie_keyword",
                                            "Startup Cost": 0.0,
                                            "Total Cost": 6801.25,
                                            "Plan Rows": 324376,
                                            "Plan Width": 0,
                                            "Actual Startup Time": 41.76,
                                            "Actual Total Time": 41.761,
                                            "Actual Rows": 321831,
                                            "Actual Loops": 1,
                                            "Index Cond": "(mk.keyword_id > 50891)"
                                        }
                                    ]
                                }
                            ]
                        }
                    ]
                }
            ]
        },
        "Planning Time": 546.641,
        "Triggers": [],
        "Execution Time": 133.669
    }
]