[
  {
    "Plan": {
      "Node Type": "Aggregate",
      "Strategy": "Plain",
      "Partial Mode": "Finalize",
      "Parallel Aware": false,
      "Startup Cost": 79196.02,
      "Total Cost": 79196.03,
      "Plan Rows": 1,
      "Plan Width": 8,
      "Actual Startup Time": 252.859,
      "Actual Total Time": 269.285,
      "Actual Rows": 1,
      "Actual Loops": 1,
      "Plans": [
        {
          "Node Type": "Gather",
          "Parent Relationship": "Outer",
          "Parallel Aware": false,
          "Startup Cost": 79195.7,
          "Total Cost": 79196.01,
          "Plan Rows": 3,
          "Plan Width": 8,
          "Actual Startup Time": 251.127,
          "Actual Total Time": 269.274,
          "Actual Rows": 4,
          "Actual Loops": 1,
          "Workers Planned": 3,
          "Workers Launched": 3,
          "Single Copy": false,
          "Plans": [
            {
              "Node Type": "Aggregate",
              "Strategy": "Plain",
              "Partial Mode": "Partial",
              "Parent Relationship": "Outer",
              "Parallel Aware": false,
              "Startup Cost": 78195.7,
              "Total Cost": 78195.71,
              "Plan Rows": 1,
              "Plan Width": 8,
              "Actual Startup Time": 242.647,
              "Actual Total Time": 242.713,
              "Actual Rows": 1,
              "Actual Loops": 4,
              "Plans": [
                {
                  "Node Type": "Hash Join",
                  "Parent Relationship": "Outer",
                  "Parallel Aware": true,
                  "Join Type": "Inner",
                  "Startup Cost": 46164.67,
                  "Total Cost": 78148.66,
                  "Plan Rows": 18815,
                  "Plan Width": 0,
                  "Actual Startup Time": 136.88,
                  "Actual Total Time": 240.332,
                  "Actual Rows": 59210,
                  "Actual Loops": 4,
                  "Inner Unique": true,
                  "Hash Cond": "(mc.movie_id = t.id)",
                  "Plans": [
                    {
                      "Node Type": "Seq Scan",
                      "Parent Relationship": "Outer",
                      "Parallel Aware": true,
                      "Relation Name": "movie_companies",
                      "Alias": "mc",
                      "Startup Cost": 0.0,
                      "Total Cost": 31414.82,
                      "Plan Rows": 216828,
                      "Plan Width": 4,
                      "Actual Startup Time": 0.018,
                      "Actual Total Time": 64.165,
                      "Actual Rows": 229930,
                      "Actual Loops": 4,
                      "Filter": "((company_id < 11695) AND (company_type_id = 1))",
                      "Rows Removed by Filter": 422352
                    },
                    {
                      "Node Type": "Hash",
                      "Parent Relationship": "Inner",
                      "Parallel Aware": true,
                      "Startup Cost": 45479.1,
                      "Total Cost": 45479.1,
                      "Plan Rows": 54846,
                      "Plan Width": 4,
                      "Actual Startup Time": 134.366,
                      "Actual Total Time": 134.367,
                      "Actual Rows": 83635,
                      "Actual Loops": 4,
                      "Hash Buckets": 524288,
                      "Original Hash Buckets": 262144,
                      "Hash Batches": 1,
                      "Original Hash Batches": 1,
                      "Peak Memory Usage": 19296,
                      "Plans": [
                        {
                          "Node Type": "Seq Scan",
                          "Parent Relationship": "Outer",
                          "Parallel Aware": true,
                          "Relation Name": "title",
                          "Alias": "t",
                          "Startup Cost": 0.0,
                          "Total Cost": 45479.1,
                          "Plan Rows": 54846,
                          "Plan Width": 4,
                          "Actual Startup Time": 0.056,
                          "Actual Total Time": 101.57,
                          "Actual Rows": 83635,
                          "Actual Loops": 4,
                          "Filter": "((kind_id < 7) AND (production_year < 1984))",
                          "Rows Removed by Filter": 548443
                        }
                      ]
                    }
                  ]
                }
              ]
            }
          ]
        }
      ]
    },
    "Planning Time": 0.682,
    "Triggers": [],
    "Execution Time": 269.357
  }
]