{
  "Plan": {
    "Node Type": "Aggregate",
    "Strategy": "Plain",
    "Partial Mode": "Finalize",
    "Parallel Aware": false,
    "Startup Cost": 342269.73,
    "Total Cost": 342269.74,
    "Plan Rows": 1,
    "Plan Width": 8,
    "Actual Startup Time": 807.907,
    "Actual Total Time": 828.279,
    "Actual Rows": 1,
    "Actual Loops": 1,
    "Plans": [
      {
        "Node Type": "Gather",
        "Parent Relationship": "Outer",
        "Parallel Aware": false,
        "Startup Cost": 342269.62,
        "Total Cost": 342269.73,
        "Plan Rows": 1,
        "Plan Width": 8,
        "Actual Startup Time": 803.58,
        "Actual Total Time": 828.271,
        "Actual Rows": 2,
        "Actual Loops": 1,
        "Workers Planned": 1,
        "Workers Launched": 1,
        "Single Copy": false,
        "Plans": [
          {
            "Node Type": "Aggregate",
            "Strategy": "Plain",
            "Partial Mode": "Partial",
            "Parent Relationship": "Outer",
            "Parallel Aware": false,
            "Startup Cost": 341269.62,
            "Total Cost": 341269.63,
            "Plan Rows": 1,
            "Plan Width": 8,
            "Actual Startup Time": 790.791,
            "Actual Total Time": 790.795,
            "Actual Rows": 1,
            "Actual Loops": 2,
            "Plans": [
              {
                "Node Type": "Hash Join",
                "Parent Relationship": "Outer",
                "Parallel Aware": true,
                "Join Type": "Inner",
                "Startup Cost": 79833.6,
                "Total Cost": 340955.37,
                "Plan Rows": 125702,
                "Plan Width": 0,
                "Actual Startup Time": 626.357,
                "Actual Total Time": 781.241,
                "Actual Rows": 225093,
                "Actual Loops": 2,
                "Inner Unique": true,
                "Hash Cond": "(ci.movie_id = t.id)",
                "Plans": [
                  {
                    "Node Type": "Bitmap Heap Scan",
                    "Parent Relationship": "Outer",
                    "Parallel Aware": true,
                    "Relation Name": "cast_info",
                    "Alias": "ci",
                    "Startup Cost": 10372.9,
                    "Total Cost": 271164.7,
                    "Plan Rows": 125702,
                    "Plan Width": 4,
                    "Actual Startup Time": 24.13,
                    "Actual Total Time": 61.324,
                    "Actual Rows": 225093,
                    "Actual Loops": 2,
                    "Recheck Cond": "(person_id > 3976160)",
                    "Rows Removed by Index Recheck": 0,
                    "Filter": "(role_id > 2)",
                    "Rows Removed by Filter": 0,
                    "Exact Heap Blocks": 2817,
                    "Lossy Heap Blocks": 0,
                    "Plans": [
                      {
                        "Node Type": "Bitmap Index Scan",
                        "Parent Relationship": "Outer",
                        "Parallel Aware": false,
                        "Index Name": "person_id_cast_info",
                        "Startup Cost": 0.0,
                        "Total Cost": 10319.48,
                        "Plan Rows": 472388,
                        "Plan Width": 0,
                        "Actual Startup Time": 23.279,
                        "Actual Total Time": 23.279,
                        "Actual Rows": 450186,
                        "Actual Loops": 1,
                        "Index Cond": "(person_id > 3976160)"
                      }
                    ]
                  },
                  {
                    "Node Type": "Hash",
                    "Parent Relationship": "Inner",
                    "Parallel Aware": true,
                    "Startup Cost": 50870.31,
                    "Total Cost": 50870.31,
                    "Plan Rows": 1487231,
                    "Plan Width": 4,
                    "Actual Startup Time": 580.632,
                    "Actual Total Time": 580.633,
                    "Actual Rows": 1264156,
                    "Actual Loops": 2,
                    "Hash Buckets": 4194304,
                    "Original Hash Buckets": 4194304,
                    "Hash Batches": 1,
                    "Original Hash Batches": 1,
                    "Peak Memory Usage": 131712,
                    "Plans": [
                      {
                        "Node Type": "Seq Scan",
                        "Parent Relationship": "Outer",
                        "Parallel Aware": true,
                        "Relation Name": "title",
                        "Alias": "t",
                        "Startup Cost": 0.0,
                        "Total Cost": 50870.31,
                        "Plan Rows": 1487231,
                        "Plan Width": 4,
                        "Actual Startup Time": 0.025,
                        "Actual Total Time": 161.16,
                        "Actual Rows": 1264156,
                        "Actual Loops": 2
                      }
                    ]
                  }
                ]
              }
            ]
          }
        ]
      }
    ]
  },
  "Planning Time": 0.86,
  "Triggers": [],
  "Execution Time": 828.371
}