[
  {
    "Plan": {
      "Node Type": "Aggregate",
      "Strategy": "Plain",
      "Partial Mode": "Finalize",
      "Parallel Aware": false,
      "Startup Cost": 75228.88,
      "Total Cost": 75228.89,
      "Plan Rows": 1,
      "Plan Width": 8,
      "Actual Startup Time": 326.376,
      "Actual Total Time": 338.759,
      "Actual Rows": 1,
      "Actual Loops": 1,
      "Plans": [
        {
          "Node Type": "Gather",
          "Parent Relationship": "Outer",
          "Parallel Aware": false,
          "Startup Cost": 75228.57,
          "Total Cost": 75228.88,
          "Plan Rows": 3,
          "Plan Width": 8,
          "Actual Startup Time": 320.334,
          "Actual Total Time": 338.748,
          "Actual Rows": 4,
          "Actual Loops": 1,
          "Workers Planned": 3,
          "Workers Launched": 3,
          "Single Copy": false,
          "Plans": [
            {
              "Node Type": "Aggregate",
              "Strategy": "Plain",
              "Partial Mode": "Partial",
              "Parent Relationship": "Outer",
              "Parallel Aware": false,
              "Startup Cost": 74228.57,
              "Total Cost": 74228.58,
              "Plan Rows": 1,
              "Plan Width": 8,
              "Actual Startup Time": 310.782,
              "Actual Total Time": 310.786,
              "Actual Rows": 1,
              "Actual Loops": 4,
              "Plans": [
                {
                  "Node Type": "Nested Loop",
                  "Parent Relationship": "Outer",
                  "Parallel Aware": false,
                  "Join Type": "Inner",
                  "Startup Cost": 21880.46,
                  "Total Cost": 74207.74,
                  "Plan Rows": 8332,
                  "Plan Width": 0,
                  "Actual Startup Time": 174.831,
                  "Actual Total Time": 308.235,
                  "Actual Rows": 30252,
                  "Actual Loops": 4,
                  "Inner Unique": true,
                  "Plans": [
                    {
                      "Node Type": "Hash Join",
                      "Parent Relationship": "Outer",
                      "Parallel Aware": true,
                      "Join Type": "Inner",
                      "Startup Cost": 21880.03,
                      "Total Cost": 46972.0,
                      "Plan Rows": 47126,
                      "Plan Width": 8,
                      "Actual Startup Time": 174.714,
                      "Actual Total Time": 205.845,
                      "Actual Rows": 30252,
                      "Actual Loops": 4,
                      "Inner Unique": false,
                      "Hash Cond": "(mk.movie_id = mi_idx.movie_id)",
                      "Plans": [
                        {
                          "Node Type": "Bitmap Heap Scan",
                          "Parent Relationship": "Outer",
                          "Parallel Aware": true,
                          "Relation Name": "movie_keyword",
                          "Alias": "mk",
                          "Startup Cost": 1007.19,
                          "Total Cost": 25845.56,
                          "Plan Rows": 15266,
                          "Plan Width": 4,
                          "Actual Startup Time": 5.369,
                          "Actual Total Time": 23.931,
                          "Actual Rows": 11970,
                          "Actual Loops": 4,
                          "Recheck Cond": "(keyword_id > 100562)",
                          "Rows Removed by Index Recheck": 0,
                          "Exact Heap Blocks": 3347,
                          "Lossy Heap Blocks": 0,
                          "Plans": [
                            {
                              "Node Type": "Bitmap Index Scan",
                              "Parent Relationship": "Outer",
                              "Parallel Aware": false,
                              "Index Name": "keyword_id_movie_keyword",
                              "Startup Cost": 0.0,
                              "Total Cost": 995.36,
                              "Plan Rows": 47324,
                              "Plan Width": 0,
                              "Actual Startup Time": 3.694,
                              "Actual Total Time": 3.695,
                              "Actual Rows": 47882,
                              "Actual Loops": 1,
                              "Index Cond": "(keyword_id > 100562)"
                            }
                          ]
                        },
                        {
                          "Node Type": "Hash",
                          "Parent Relationship": "Inner",
                          "Parallel Aware": true,
                          "Startup Cost": 13685.15,
                          "Total Cost": 13685.15,
                          "Plan Rows": 575015,
                          "Plan Width": 4,
                          "Actual Startup Time": 163.536,
                          "Actual Total Time": 163.537,
                          "Actual Rows": 345009,
                          "Actual Loops": 4,
                          "Hash Buckets": 2097152,
                          "Original Hash Buckets": 2097152,
                          "Hash Batches": 1,
                          "Original Hash Batches": 1,
                          "Peak Memory Usage": 70400,
                          "Plans": [
                            {
                              "Node Type": "Seq Scan",
                              "Parent Relationship": "Outer",
                              "Parallel Aware": true,
                              "Relation Name": "movie_info_idx",
                              "Alias": "mi_idx",
                              "Startup Cost": 0.0,
                              "Total Cost": 13685.15,
                              "Plan Rows": 575015,
                              "Plan Width": 4,
                              "Actual Startup Time": 0.075,
                              "Actual Total Time": 51.851,
                              "Actual Rows": 345009,
                              "Actual Loops": 4
                            }
                          ]
                        }
                      ]
                    },
                    {
                      "Node Type": "Index Only Scan",
                      "Parent Relationship": "Inner",
                      "Parallel Aware": false,
                      "Scan Direction": "Forward",
                      "Index Name": "title_pkey",
                      "Relation Name": "title",
                      "Alias": "t",
                      "Startup Cost": 0.43,
                      "Total Cost": 0.58,
                      "Plan Rows": 1,
                      "Plan Width": 4,
                      "Actual Startup Time": 0.003,
                      "Actual Total Time": 0.003,
                      "Actual Rows": 1,
                      "Actual Loops": 121007,
                      "Index Cond": "(id = mi_idx.movie_id)",
                      "Rows Removed by Index Recheck": 0,
                      "Heap Fetches": 121007
                    }
                  ]
                }
              ]
            }
          ]
        }
      ]
    },
    "Planning Time": 0.706,
    "Triggers": [],
    "Execution Time": 338.826
  }
]