[
  {
    "Plan": {
      "Node Type": "Aggregate",
      "Strategy": "Plain",
      "Partial Mode": "Finalize",
      "Parallel Aware": false,
      "Startup Cost": 48632.7,
      "Total Cost": 48632.71,
      "Plan Rows": 1,
      "Plan Width": 8,
      "Actual Startup Time": 270.191,
      "Actual Total Time": 286.089,
      "Actual Rows": 1,
      "Actual Loops": 1,
      "Plans": [
        {
          "Node Type": "Gather",
          "Parent Relationship": "Outer",
          "Parallel Aware": false,
          "Startup Cost": 48632.38,
          "Total Cost": 48632.69,
          "Plan Rows": 3,
          "Plan Width": 8,
          "Actual Startup Time": 269.781,
          "Actual Total Time": 286.078,
          "Actual Rows": 4,
          "Actual Loops": 1,
          "Workers Planned": 3,
          "Workers Launched": 3,
          "Single Copy": false,
          "Plans": [
            {
              "Node Type": "Aggregate",
              "Strategy": "Plain",
              "Partial Mode": "Partial",
              "Parent Relationship": "Outer",
              "Parallel Aware": false,
              "Startup Cost": 47632.38,
              "Total Cost": 47632.39,
              "Plan Rows": 1,
              "Plan Width": 8,
              "Actual Startup Time": 263.454,
              "Actual Total Time": 263.456,
              "Actual Rows": 1,
              "Actual Loops": 4,
              "Plans": [
                {
                  "Node Type": "Nested Loop",
                  "Parent Relationship": "Outer",
                  "Parallel Aware": false,
                  "Join Type": "Inner",
                  "Startup Cost": 276.63,
                  "Total Cost": 47631.14,
                  "Plan Rows": 499,
                  "Plan Width": 0,
                  "Actual Startup Time": 1.736,
                  "Actual Total Time": 262.486,
                  "Actual Rows": 5492,
                  "Actual Loops": 4,
                  "Inner Unique": false,
                  "Plans": [
                    {
                      "Node Type": "Nested Loop",
                      "Parent Relationship": "Outer",
                      "Parallel Aware": false,
                      "Join Type": "Inner",
                      "Startup Cost": 276.2,
                      "Total Cost": 46891.53,
                      "Plan Rows": 990,
                      "Plan Width": 8,
                      "Actual Startup Time": 1.617,
                      "Actual Total Time": 226.075,
                      "Actual Rows": 2654,
                      "Actual Loops": 4,
                      "Inner Unique": true,
                      "Plans": [
                        {
                          "Node Type": "Bitmap Heap Scan",
                          "Parent Relationship": "Outer",
                          "Parallel Aware": true,
                          "Relation Name": "movie_keyword",
                          "Alias": "mk",
                          "Startup Cost": 275.77,
                          "Total Cost": 21317.58,
                          "Plan Rows": 4135,
                          "Plan Width": 4,
                          "Actual Startup Time": 1.273,
                          "Actual Total Time": 15.978,
                          "Actual Rows": 3591,
                          "Actual Loops": 4,
                          "Recheck Cond": "(keyword_id = 1)",
                          "Rows Removed by Index Recheck": 0,
                          "Exact Heap Blocks": 2211,
                          "Lossy Heap Blocks": 0,
                          "Plans": [
                            {
                              "Node Type": "Bitmap Index Scan",
                              "Parent Relationship": "Outer",
                              "Parallel Aware": false,
                              "Index Name": "keyword_id_movie_keyword",
                              "Startup Cost": 0.0,
                              "Total Cost": 272.57,
                              "Plan Rows": 12818,
                              "Plan Width": 0,
                              "Actual Startup Time": 3.055,
                              "Actual Total Time": 3.056,
                              "Actual Rows": 14364,
                              "Actual Loops": 1,
                              "Index Cond": "(keyword_id = 1)"
                            }
                          ]
                        },
                        {
                          "Node Type": "Index Scan",
                          "Parent Relationship": "Inner",
                          "Parallel Aware": false,
                          "Scan Direction": "Forward",
                          "Index Name": "title_pkey",
                          "Relation Name": "title",
                          "Alias": "t",
                          "Startup Cost": 0.43,
                          "Total Cost": 6.18,
                          "Plan Rows": 1,
                          "Plan Width": 4,
                          "Actual Startup Time": 0.057,
                          "Actual Total Time": 0.057,
                          "Actual Rows": 1,
                          "Actual Loops": 14364,
                          "Index Cond": "(id = mk.movie_id)",
                          "Rows Removed by Index Recheck": 0,
                          "Filter": "((kind_id < 7) AND (production_year < 2007))",
                          "Rows Removed by Filter": 0
                        }
                      ]
                    },
                    {
                      "Node Type": "Index Scan",
                      "Parent Relationship": "Inner",
                      "Parallel Aware": false,
                      "Scan Direction": "Forward",
                      "Index Name": "movie_id_movie_companies",
                      "Relation Name": "movie_companies",
                      "Alias": "mc",
                      "Startup Cost": 0.43,
                      "Total Cost": 0.72,
                      "Plan Rows": 3,
                      "Plan Width": 4,
                      "Actual Startup Time": 0.01,
                      "Actual Total Time": 0.013,
                      "Actual Rows": 2,
                      "Actual Loops": 10616,
                      "Index Cond": "(movie_id = t.id)",
                      "Rows Removed by Index Recheck": 0,
                      "Filter": "(company_type_id < 2)",
                      "Rows Removed by Filter": 1
                    }
                  ]
                }
              ]
            }
          ]
        }
      ]
    },
    "Planning Time": 0.945,
    "Triggers": [],
    "Execution Time": 286.172
  }
]