[
  {
    "Plan": {
      "Node Type": "Aggregate",
      "Strategy": "Plain",
      "Partial Mode": "Finalize",
      "Parallel Aware": false,
      "Startup Cost": 46593.52,
      "Total Cost": 46593.53,
      "Plan Rows": 1,
      "Plan Width": 8,
      "Actual Startup Time": 88.446,
      "Actual Total Time": 97.053,
      "Actual Rows": 1,
      "Actual Loops": 1,
      "Plans": [
        {
          "Node Type": "Gather",
          "Parent Relationship": "Outer",
          "Parallel Aware": false,
          "Startup Cost": 46593.1,
          "Total Cost": 46593.51,
          "Plan Rows": 4,
          "Plan Width": 8,
          "Actual Startup Time": 88.327,
          "Actual Total Time": 97.046,
          "Actual Rows": 5,
          "Actual Loops": 1,
          "Workers Planned": 4,
          "Workers Launched": 4,
          "Single Copy": false,
          "Plans": [
            {
              "Node Type": "Aggregate",
              "Strategy": "Plain",
              "Partial Mode": "Partial",
              "Parent Relationship": "Outer",
              "Parallel Aware": false,
              "Startup Cost": 45593.1,
              "Total Cost": 45593.11,
              "Plan Rows": 1,
              "Plan Width": 8,
              "Actual Startup Time": 80.558,
              "Actual Total Time": 80.559,
              "Actual Rows": 1,
              "Actual Loops": 5,
              "Plans": [
                {
                  "Node Type": "Seq Scan",
                  "Parent Relationship": "Outer",
                  "Parallel Aware": true,
                  "Relation Name": "title",
                  "Alias": "t",
                  "Startup Cost": 0.0,
                  "Total Cost": 45479.21,
                  "Plan Rows": 45555,
                  "Plan Width": 0,
                  "Actual Startup Time": 0.074,
                  "Actual Total Time": 78.525,
                  "Actual Rows": 32274,
                  "Actual Loops": 5,
                  "Filter": "((kind_id < 4) AND (production_year > 2009))",
                  "Rows Removed by Filter": 473388
                }
              ]
            }
          ]
        }
      ]
    },
    "Planning Time": 0.073,
    "Triggers": [],
    "Execution Time": 97.078
  }
]