[
    {
        "Bao": {
            "Bao prediction": "NaN",
            "Bao recommended hint": "(no hint)"
        }
    },
    {
        "Plan": {
            "Node Type": "Aggregate",
            "Strategy": "Plain",
            "Partial Mode": "Finalize",
            "Parallel Aware": false,
            "Startup Cost": 30150.63,
            "Total Cost": 30150.64,
            "Plan Rows": 1,
            "Plan Width": 8,
            "Actual Startup Time": 68.134,
            "Actual Total Time": 74.141,
            "Actual Rows": 1,
            "Actual Loops": 1,
            "Output": [
                "count(*)"
            ],
            "Plans": [
                {
                    "Node Type": "Gather",
                    "Parent Relationship": "Outer",
                    "Parallel Aware": false,
                    "Startup Cost": 30150.31,
                    "Total Cost": 30150.62,
                    "Plan Rows": 3,
                    "Plan Width": 8,
                    "Actual Startup Time": 67.816,
                    "Actual Total Time": 74.135,
                    "Actual Rows": 4,
                    "Actual Loops": 1,
                    "Output": [
                        "(PARTIAL count(*))"
                    ],
                    "Workers Planned": 3,
                    "Workers Launched": 3,
                    "Single Copy": false,
                    "Plans": [
                        {
                            "Node Type": "Aggregate",
                            "Strategy": "Plain",
                            "Partial Mode": "Partial",
                            "Parent Relationship": "Outer",
                            "Parallel Aware": false,
                            "Startup Cost": 29150.31,
                            "Total Cost": 29150.32,
                            "Plan Rows": 1,
                            "Plan Width": 8,
                            "Actual Startup Time": 59.457,
                            "Actual Total Time": 59.458,
                            "Actual Rows": 1,
                            "Actual Loops": 4,
                            "Output": [
                                "PARTIAL count(*)"
                            ],
                            "Workers": [
                                {
                                    "Worker Number": 0,
                                    "Actual Startup Time": 56.583,
                                    "Actual Total Time": 56.584,
                                    "Actual Rows": 1,
                                    "Actual Loops": 1
                                },
                                {
                                    "Worker Number": 1,
                                    "Actual Startup Time": 56.525,
                                    "Actual Total Time": 56.526,
                                    "Actual Rows": 1,
                                    "Actual Loops": 1
                                },
                                {
                                    "Worker Number": 2,
                                    "Actual Startup Time": 57.163,
                                    "Actual Total Time": 57.165,
                                    "Actual Rows": 1,
                                    "Actual Loops": 1
                                }
                            ],
                            "Plans": [
                                {
                                    "Node Type": "Bitmap Heap Scan",
                                    "Parent Relationship": "Outer",
                                    "Parallel Aware": true,
                                    "Relation Name": "movie_keyword",
                                    "Schema": "public",
                                    "Alias": "mk",
                                    "Startup Cost": 3824.61,
                                    "Total Cost": 29005.03,
                                    "Plan Rows": 58114,
                                    "Plan Width": 0,
                                    "Actual Startup Time": 9.769,
                                    "Actual Total Time": 56.519,
                                    "Actual Rows": 43918,
                                    "Actual Loops": 4,
                                    "Recheck Cond": "(mk.keyword_id > 71849)",
                                    "Rows Removed by Index Recheck": 0,
                                    "Exact Heap Blocks": 11506,
                                    "Lossy Heap Blocks": 0,
                                    "Workers": [
                                        {
                                            "Worker Number": 0,
                                            "Actual Startup Time": 7.047,
                                            "Actual Total Time": 54.082,
                                            "Actual Rows": 26675,
                                            "Actual Loops": 1
                                        },
                                        {
                                            "Worker Number": 1,
                                            "Actual Startup Time": 7.033,
                                            "Actual Total Time": 54.335,
                                            "Actual Rows": 21884,
                                            "Actual Loops": 1
                                        },
                                        {
                                            "Worker Number": 2,
                                            "Actual Startup Time": 7.441,
                                            "Actual Total Time": 54.647,
                                            "Actual Rows": 24760,
                                            "Actual Loops": 1
                                        }
                                    ],
                                    "Plans": [
                                        {
                                            "Node Type": "Bitmap Index Scan",
                                            "Parent Relationship": "Outer",
                                            "Parallel Aware": false,
                                            "Index Name": "keyword_id_movie_keyword",
                                            "Startup Cost": 0.0,
                                            "Total Cost": 3779.57,
                                            "Plan Rows": 180152,
                                            "Plan Width": 0,
                                            "Actual Startup Time": 13.504,
                                            "Actual Total Time": 13.504,
                                            "Actual Rows": 175673,
                                            "Actual Loops": 1,
                                            "Index Cond": "(mk.keyword_id > 71849)"
                                        }
                                    ]
                                }
                            ]
                        }
                    ]
                }
            ]
        },
        "Planning Time": 182.582,
        "Triggers": [],
        "Execution Time": 74.202
    }
]