[
  {
    "Plan": {
      "Node Type": "Aggregate",
      "Strategy": "Plain",
      "Partial Mode": "Finalize",
      "Parallel Aware": false,
      "Startup Cost": 337903.07,
      "Total Cost": 337903.08,
      "Plan Rows": 1,
      "Plan Width": 8,
      "Actual Startup Time": 803.579,
      "Actual Total Time": 848.194,
      "Actual Rows": 1,
      "Actual Loops": 1,
      "Plans": [
        {
          "Node Type": "Gather",
          "Parent Relationship": "Outer",
          "Parallel Aware": false,
          "Startup Cost": 337902.44,
          "Total Cost": 337903.05,
          "Plan Rows": 6,
          "Plan Width": 8,
          "Actual Startup Time": 803.156,
          "Actual Total Time": 848.178,
          "Actual Rows": 7,
          "Actual Loops": 1,
          "Workers Planned": 6,
          "Workers Launched": 6,
          "Single Copy": false,
          "Plans": [
            {
              "Node Type": "Aggregate",
              "Strategy": "Plain",
              "Partial Mode": "Partial",
              "Parent Relationship": "Outer",
              "Parallel Aware": false,
              "Startup Cost": 336902.44,
              "Total Cost": 336902.45,
              "Plan Rows": 1,
              "Plan Width": 8,
              "Actual Startup Time": 794.795,
              "Actual Total Time": 794.798,
              "Actual Rows": 1,
              "Actual Loops": 7,
              "Plans": [
                {
                  "Node Type": "Seq Scan",
                  "Parent Relationship": "Outer",
                  "Parallel Aware": true,
                  "Relation Name": "cast_info",
                  "Alias": "ci",
                  "Startup Cost": 0.0,
                  "Total Cost": 328211.39,
                  "Plan Rows": 3476421,
                  "Plan Width": 0,
                  "Actual Startup Time": 0.056,
                  "Actual Total Time": 639.154,
                  "Actual Rows": 3020959,
                  "Actual Loops": 7,
                  "Filter": "(person_id < 2135888)",
                  "Rows Removed by Filter": 2156804
                }
              ]
            }
          ]
        }
      ]
    },
    "Planning Time": 0.121,
    "Triggers": [],
    "Execution Time": 848.247
  }
]