[
  {
    "Plan": {
      "Node Type": "Aggregate",
      "Strategy": "Plain",
      "Partial Mode": "Finalize",
      "Parallel Aware": false,
      "Startup Cost": 39724.96,
      "Total Cost": 39724.97,
      "Plan Rows": 1,
      "Plan Width": 8,
      "Actual Startup Time": 63.023,
      "Actual Total Time": 68.203,
      "Actual Rows": 1,
      "Actual Loops": 1,
      "Plans": [
        {
          "Node Type": "Gather",
          "Parent Relationship": "Outer",
          "Parallel Aware": false,
          "Startup Cost": 39724.54,
          "Total Cost": 39724.95,
          "Plan Rows": 4,
          "Plan Width": 8,
          "Actual Startup Time": 62.829,
          "Actual Total Time": 68.197,
          "Actual Rows": 5,
          "Actual Loops": 1,
          "Workers Planned": 4,
          "Workers Launched": 4,
          "Single Copy": false,
          "Plans": [
            {
              "Node Type": "Aggregate",
              "Strategy": "Plain",
              "Partial Mode": "Partial",
              "Parent Relationship": "Outer",
              "Parallel Aware": false,
              "Startup Cost": 38724.54,
              "Total Cost": 38724.55,
              "Plan Rows": 1,
              "Plan Width": 8,
              "Actual Startup Time": 55.791,
              "Actual Total Time": 55.792,
              "Actual Rows": 1,
              "Actual Loops": 5,
              "Plans": [
                {
                  "Node Type": "Bitmap Heap Scan",
                  "Parent Relationship": "Outer",
                  "Parallel Aware": true,
                  "Relation Name": "title",
                  "Alias": "t",
                  "Startup Cost": 2205.89,
                  "Total Cost": 38662.15,
                  "Plan Rows": 24957,
                  "Plan Width": 0,
                  "Actual Startup Time": 15.307,
                  "Actual Total Time": 53.837,
                  "Actual Rows": 20915,
                  "Actual Loops": 5,
                  "Recheck Cond": "(kind_id = 4)",
                  "Rows Removed by Index Recheck": 0,
                  "Filter": "(production_year < 2011)",
                  "Rows Removed by Filter": 2732,
                  "Exact Heap Blocks": 6779,
                  "Lossy Heap Blocks": 0,
                  "Plans": [
                    {
                      "Node Type": "Bitmap Index Scan",
                      "Parent Relationship": "Outer",
                      "Parallel Aware": false,
                      "Index Name": "kind_id_title",
                      "Startup Cost": 0.0,
                      "Total Cost": 2180.94,
                      "Plan Rows": 122201,
                      "Plan Width": 0,
                      "Actual Startup Time": 17.479,
                      "Actual Total Time": 17.479,
                      "Actual Rows": 118234,
                      "Actual Loops": 1,
                      "Index Cond": "(kind_id = 4)"
                    }
                  ]
                }
              ]
            }
          ]
        }
      ]
    },
    "Planning Time": 0.165,
    "Triggers": [],
    "Execution Time": 68.267
  }
]