[
  {
    "Plan": {
      "Node Type": "Aggregate",
      "Strategy": "Plain",
      "Partial Mode": "Finalize",
      "Parallel Aware": false,
      "Startup Cost": 76263.98,
      "Total Cost": 76263.99,
      "Plan Rows": 1,
      "Plan Width": 8,
      "Actual Startup Time": 285.402,
      "Actual Total Time": 300.602,
      "Actual Rows": 1,
      "Actual Loops": 1,
      "Plans": [
        {
          "Node Type": "Gather",
          "Parent Relationship": "Outer",
          "Parallel Aware": false,
          "Startup Cost": 76263.66,
          "Total Cost": 76263.97,
          "Plan Rows": 3,
          "Plan Width": 8,
          "Actual Startup Time": 284.615,
          "Actual Total Time": 300.594,
          "Actual Rows": 4,
          "Actual Loops": 1,
          "Workers Planned": 3,
          "Workers Launched": 3,
          "Single Copy": false,
          "Plans": [
            {
              "Node Type": "Aggregate",
              "Strategy": "Plain",
              "Partial Mode": "Partial",
              "Parent Relationship": "Outer",
              "Parallel Aware": false,
              "Startup Cost": 75263.66,
              "Total Cost": 75263.67,
              "Plan Rows": 1,
              "Plan Width": 8,
              "Actual Startup Time": 276.399,
              "Actual Total Time": 276.464,
              "Actual Rows": 1,
              "Actual Loops": 4,
              "Plans": [
                {
                  "Node Type": "Hash Join",
                  "Parent Relationship": "Outer",
                  "Parallel Aware": true,
                  "Join Type": "Inner",
                  "Startup Cost": 45770.24,
                  "Total Cost": 75186.13,
                  "Plan Rows": 31014,
                  "Plan Width": 0,
                  "Actual Startup Time": 142.731,
                  "Actual Total Time": 270.888,
                  "Actual Rows": 119851,
                  "Actual Loops": 4,
                  "Inner Unique": true,
                  "Hash Cond": "(mc.movie_id = t.id)",
                  "Plans": [
                    {
                      "Node Type": "Seq Scan",
                      "Parent Relationship": "Outer",
                      "Parallel Aware": true,
                      "Relation Name": "movie_companies",
                      "Alias": "mc",
                      "Startup Cost": 0.0,
                      "Total Cost": 27206.55,
                      "Plan Rows": 841655,
                      "Plan Width": 4,
                      "Actual Startup Time": 0.016,
                      "Actual Total Time": 57.878,
                      "Actual Rows": 652282,
                      "Actual Loops": 4
                    },
                    {
                      "Node Type": "Hash",
                      "Parent Relationship": "Inner",
                      "Parallel Aware": true,
                      "Startup Cost": 45479.1,
                      "Total Cost": 45479.1,
                      "Plan Rows": 23291,
                      "Plan Width": 4,
                      "Actual Startup Time": 113.023,
                      "Actual Total Time": 113.024,
                      "Actual Rows": 56614,
                      "Actual Loops": 4,
                      "Hash Buckets": 262144,
                      "Original Hash Buckets": 131072,
                      "Hash Batches": 1,
                      "Original Hash Batches": 1,
                      "Peak Memory Usage": 12000,
                      "Plans": [
                        {
                          "Node Type": "Seq Scan",
                          "Parent Relationship": "Outer",
                          "Parallel Aware": true,
                          "Relation Name": "title",
                          "Alias": "t",
                          "Startup Cost": 0.0,
                          "Total Cost": 45479.1,
                          "Plan Rows": 23291,
                          "Plan Width": 4,
                          "Actual Startup Time": 58.004,
                          "Actual Total Time": 95.012,
                          "Actual Rows": 56614,
                          "Actual Loops": 4,
                          "Filter": "((production_year < 1970) AND (kind_id = 1))",
                          "Rows Removed by Filter": 575464
                        }
                      ]
                    }
                  ]
                }
              ]
            }
          ]
        }
      ]
    },
    "Planning Time": 0.689,
    "Triggers": [],
    "Execution Time": 300.679
  }
]