[
  {
    "Plan": {
      "Node Type": "Aggregate",
      "Strategy": "Plain",
      "Partial Mode": "Finalize",
      "Parallel Aware": false,
      "Startup Cost": 174834.15,
      "Total Cost": 174834.16,
      "Plan Rows": 1,
      "Plan Width": 8,
      "Actual Startup Time": 177.7,
      "Actual Total Time": 203.193,
      "Actual Rows": 1,
      "Actual Loops": 1,
      "Plans": [
        {
          "Node Type": "Gather",
          "Parent Relationship": "Outer",
          "Parallel Aware": false,
          "Startup Cost": 174833.73,
          "Total Cost": 174834.14,
          "Plan Rows": 4,
          "Plan Width": 8,
          "Actual Startup Time": 177.588,
          "Actual Total Time": 203.182,
          "Actual Rows": 5,
          "Actual Loops": 1,
          "Workers Planned": 4,
          "Workers Launched": 4,
          "Single Copy": false,
          "Plans": [
            {
              "Node Type": "Aggregate",
              "Strategy": "Plain",
              "Partial Mode": "Partial",
              "Parent Relationship": "Outer",
              "Parallel Aware": false,
              "Startup Cost": 173833.73,
              "Total Cost": 173833.74,
              "Plan Rows": 1,
              "Plan Width": 8,
              "Actual Startup Time": 168.498,
              "Actual Total Time": 168.5,
              "Actual Rows": 1,
              "Actual Loops": 5,
              "Plans": [
                {
                  "Node Type": "Nested Loop",
                  "Parent Relationship": "Outer",
                  "Parallel Aware": false,
                  "Join Type": "Inner",
                  "Startup Cost": 0.43,
                  "Total Cost": 173816.32,
                  "Plan Rows": 6964,
                  "Plan Width": 0,
                  "Actual Startup Time": 65.117,
                  "Actual Total Time": 166.164,
                  "Actual Rows": 25121,
                  "Actual Loops": 5,
                  "Inner Unique": false,
                  "Plans": [
                    {
                      "Node Type": "Seq Scan",
                      "Parent Relationship": "Outer",
                      "Parallel Aware": true,
                      "Relation Name": "title",
                      "Alias": "t",
                      "Startup Cost": 0.0,
                      "Total Cost": 45479.1,
                      "Plan Rows": 1191,
                      "Plan Width": 4,
                      "Actual Startup Time": 65.004,
                      "Actual Total Time": 94.723,
                      "Actual Rows": 2770,
                      "Actual Loops": 5,
                      "Filter": "((kind_id < 7) AND (production_year < 1904))",
                      "Rows Removed by Filter": 502892
                    },
                    {
                      "Node Type": "Index Only Scan",
                      "Parent Relationship": "Inner",
                      "Parallel Aware": false,
                      "Scan Direction": "Forward",
                      "Index Name": "movie_id_movie_info",
                      "Relation Name": "movie_info",
                      "Alias": "mi",
                      "Startup Cost": 0.43,
                      "Total Cost": 107.34,
                      "Plan Rows": 42,
                      "Plan Width": 4,
                      "Actual Startup Time": 0.01,
                      "Actual Total Time": 0.024,
                      "Actual Rows": 9,
                      "Actual Loops": 13851,
                      "Index Cond": "(movie_id = t.id)",
                      "Rows Removed by Index Recheck": 0,
                      "Heap Fetches": 125607
                    }
                  ]
                }
              ]
            }
          ]
        }
      ]
    },
    "Planning Time": 0.677,
    "Triggers": [],
    "Execution Time": 203.278
  }
]