{
  "Plan": {
    "Node Type": "Aggregate",
    "Strategy": "Plain",
    "Partial Mode": "Finalize",
    "Parallel Aware": false,
    "Startup Cost": 253610.2,
    "Total Cost": 253610.21,
    "Plan Rows": 1,
    "Plan Width": 8,
    "Actual Startup Time": 1894.027,
    "Actual Total Time": 1915.463,
    "Actual Rows": 1,
    "Actual Loops": 1,
    "Plans": [
      {
        "Node Type": "Gather",
        "Parent Relationship": "Outer",
        "Parallel Aware": false,
        "Startup Cost": 253610.09,
        "Total Cost": 253610.2,
        "Plan Rows": 1,
        "Plan Width": 8,
        "Actual Startup Time": 1891.141,
        "Actual Total Time": 1915.457,
        "Actual Rows": 2,
        "Actual Loops": 1,
        "Workers Planned": 1,
        "Workers Launched": 1,
        "Single Copy": false,
        "Plans": [
          {
            "Node Type": "Aggregate",
            "Strategy": "Plain",
            "Partial Mode": "Partial",
            "Parent Relationship": "Outer",
            "Parallel Aware": false,
            "Startup Cost": 252610.09,
            "Total Cost": 252610.1,
            "Plan Rows": 1,
            "Plan Width": 8,
            "Actual Startup Time": 1884.633,
            "Actual Total Time": 1884.639,
            "Actual Rows": 1,
            "Actual Loops": 2,
            "Plans": [
              {
                "Node Type": "Hash Join",
                "Parent Relationship": "Outer",
                "Parallel Aware": true,
                "Join Type": "Inner",
                "Startup Cost": 104029.23,
                "Total Cost": 251279.48,
                "Plan Rows": 532242,
                "Plan Width": 0,
                "Actual Startup Time": 625.757,
                "Actual Total Time": 1694.741,
                "Actual Rows": 4436510,
                "Actual Loops": 2,
                "Inner Unique": false,
                "Hash Cond": "(ci.movie_id = t.id)",
                "Plans": [
                  {
                    "Node Type": "Index Scan",
                    "Parent Relationship": "Outer",
                    "Parallel Aware": true,
                    "Scan Direction": "Forward",
                    "Index Name": "role_id_cast_info",
                    "Relation Name": "cast_info",
                    "Alias": "ci",
                    "Startup Cost": 0.56,
                    "Total Cost": 134450.3,
                    "Plan Rows": 2578582,
                    "Plan Width": 4,
                    "Actual Startup Time": 0.052,
                    "Actual Total Time": 290.221,
                    "Actual Rows": 2161509,
                    "Actual Loops": 2,
                    "Index Cond": "(role_id = 10)",
                    "Rows Removed by Index Recheck": 0
                  },
                  {
                    "Node Type": "Hash",
                    "Parent Relationship": "Inner",
                    "Parallel Aware": true,
                    "Startup Cost": 100191.44,
                    "Total Cost": 100191.44,
                    "Plan Rows": 306978,
                    "Plan Width": 8,
                    "Actual Startup Time": 620.169,
                    "Actual Total Time": 620.174,
                    "Actual Rows": 375696,
                    "Actual Loops": 2,
                    "Hash Buckets": 1048576,
                    "Original Hash Buckets": 524288,
                    "Hash Batches": 1,
                    "Original Hash Batches": 1,
                    "Peak Memory Usage": 41696,
                    "Plans": [
                      {
                        "Node Type": "Hash Join",
                        "Parent Relationship": "Outer",
                        "Parallel Aware": true,
                        "Join Type": "Inner",
                        "Startup Cost": 62024.81,
                        "Total Cost": 100191.44,
                        "Plan Rows": 306978,
                        "Plan Width": 8,
                        "Actual Startup Time": 193.599,
                        "Actual Total Time": 529.73,
                        "Actual Rows": 375696,
                        "Actual Loops": 2,
                        "Inner Unique": true,
                        "Hash Cond": "(mc.movie_id = t.id)",
                        "Plans": [
                          {
                            "Node Type": "Seq Scan",
                            "Parent Relationship": "Outer",
                            "Parallel Aware": true,
                            "Relation Name": "movie_companies",
                            "Alias": "mc",
                            "Startup Cost": 0.0,
                            "Total Cost": 34137.82,
                            "Plan Rows": 1534782,
                            "Plan Width": 4,
                            "Actual Startup Time": 0.013,
                            "Actual Total Time": 102.236,
                            "Actual Rows": 1304564,
                            "Actual Loops": 2
                          },
                          {
                            "Node Type": "Hash",
                            "Parent Relationship": "Inner",
                            "Parallel Aware": true,
                            "Startup Cost": 58306.47,
                            "Total Cost": 58306.47,
                            "Plan Rows": 297467,
                            "Plan Width": 4,
                            "Actual Startup Time": 189.784,
                            "Actual Total Time": 189.785,
                            "Actual Rows": 196242,
                            "Actual Loops": 2,
                            "Hash Buckets": 524288,
                            "Original Hash Buckets": 524288,
                            "Hash Batches": 1,
                            "Original Hash Batches": 1,
                            "Peak Memory Usage": 19488,
                            "Plans": [
                              {
                                "Node Type": "Seq Scan",
                                "Parent Relationship": "Outer",
                                "Parallel Aware": true,
                                "Relation Name": "title",
                                "Alias": "t",
                                "Startup Cost": 0.0,
                                "Total Cost": 58306.47,
                                "Plan Rows": 297467,
                                "Plan Width": 4,
                                "Actual Startup Time": 0.046,
                                "Actual Total Time": 141.573,
                                "Actual Rows": 196242,
                                "Actual Loops": 2,
                                "Filter": "((kind_id < 4) AND (production_year > 1998))",
                                "Rows Removed by Filter": 1067914
                              }
                            ]
                          }
                        ]
                      }
                    ]
                  }
                ]
              }
            ]
          }
        ]
      }
    ]
  },
  "Planning Time": 1.099,
  "Triggers": [],
  "Execution Time": 1915.552
}