[
  {
    "Plan": {
      "Node Type": "Aggregate",
      "Strategy": "Plain",
      "Partial Mode": "Finalize",
      "Parallel Aware": false,
      "Startup Cost": 207189.54,
      "Total Cost": 207189.55,
      "Plan Rows": 1,
      "Plan Width": 8,
      "Actual Startup Time": 475.935,
      "Actual Total Time": 513.199,
      "Actual Rows": 1,
      "Actual Loops": 1,
      "Plans": [
        {
          "Node Type": "Gather",
          "Parent Relationship": "Outer",
          "Parallel Aware": false,
          "Startup Cost": 207189.01,
          "Total Cost": 207189.52,
          "Plan Rows": 5,
          "Plan Width": 8,
          "Actual Startup Time": 475.709,
          "Actual Total Time": 513.19,
          "Actual Rows": 6,
          "Actual Loops": 1,
          "Workers Planned": 5,
          "Workers Launched": 5,
          "Single Copy": false,
          "Plans": [
            {
              "Node Type": "Aggregate",
              "Strategy": "Plain",
              "Partial Mode": "Partial",
              "Parent Relationship": "Outer",
              "Parallel Aware": false,
              "Startup Cost": 206189.01,
              "Total Cost": 206189.02,
              "Plan Rows": 1,
              "Plan Width": 8,
              "Actual Startup Time": 465.901,
              "Actual Total Time": 465.902,
              "Actual Rows": 1,
              "Actual Loops": 6,
              "Plans": [
                {
                  "Node Type": "Seq Scan",
                  "Parent Relationship": "Outer",
                  "Parallel Aware": true,
                  "Relation Name": "movie_info",
                  "Alias": "mi",
                  "Startup Cost": 0.0,
                  "Total Cost": 198952.16,
                  "Plan Rows": 2894740,
                  "Plan Width": 0,
                  "Actual Startup Time": 0.06,
                  "Actual Total Time": 366.867,
                  "Actual Rows": 2421489,
                  "Actual Loops": 6,
                  "Filter": "(info_type_id < 106)",
                  "Rows Removed by Filter": 51131
                }
              ]
            }
          ]
        }
      ]
    },
    "Planning Time": 0.115,
    "Triggers": [],
    "Execution Time": 513.248
  }
]