[
  {
    "Plan": {
      "Node Type": "Aggregate",
      "Strategy": "Plain",
      "Partial Mode": "Simple",
      "Parallel Aware": false,
      "Startup Cost": 21663.73,
      "Total Cost": 21663.74,
      "Plan Rows": 1,
      "Plan Width": 8,
      "Actual Startup Time": 2.947,
      "Actual Total Time": 2.948,
      "Actual Rows": 1,
      "Actual Loops": 1,
      "Plans": [
        {
          "Node Type": "Index Scan",
          "Parent Relationship": "Outer",
          "Parallel Aware": false,
          "Scan Direction": "Forward",
          "Index Name": "person_id_cast_info",
          "Relation Name": "cast_info",
          "Alias": "ci",
          "Startup Cost": 0.56,
          "Total Cost": 21648.56,
          "Plan Rows": 6065,
          "Plan Width": 0,
          "Actual Startup Time": 0.103,
          "Actual Total Time": 2.905,
          "Actual Rows": 398,
          "Actual Loops": 1,
          "Index Cond": "(person_id = 598206)",
          "Rows Removed by Index Recheck": 0,
          "Filter": "(role_id < 3)",
          "Rows Removed by Filter": 7844
        }
      ]
    },
    "Planning Time": 0.147,
    "Triggers": [],
    "Execution Time": 2.983
  }
]