[
  {
    "Plan": {
      "Node Type": "Aggregate",
      "Strategy": "Plain",
      "Partial Mode": "Finalize",
      "Parallel Aware": false,
      "Startup Cost": 639997.52,
      "Total Cost": 639997.53,
      "Plan Rows": 1,
      "Plan Width": 8,
      "Actual Startup Time": 7612.925,
      "Actual Total Time": 7716.242,
      "Actual Rows": 1,
      "Actual Loops": 1,
      "Plans": [
        {
          "Node Type": "Gather",
          "Parent Relationship": "Outer",
          "Parallel Aware": false,
          "Startup Cost": 639997.0,
          "Total Cost": 639997.51,
          "Plan Rows": 5,
          "Plan Width": 8,
          "Actual Startup Time": 7553.993,
          "Actual Total Time": 7716.23,
          "Actual Rows": 6,
          "Actual Loops": 1,
          "Workers Planned": 5,
          "Workers Launched": 5,
          "Single Copy": false,
          "Plans": [
            {
              "Node Type": "Aggregate",
              "Strategy": "Plain",
              "Partial Mode": "Partial",
              "Parent Relationship": "Outer",
              "Parallel Aware": false,
              "Startup Cost": 638997.0,
              "Total Cost": 638997.01,
              "Plan Rows": 1,
              "Plan Width": 8,
              "Actual Startup Time": 7524.537,
              "Actual Total Time": 7524.543,
              "Actual Rows": 1,
              "Actual Loops": 6,
              "Plans": [
                {
                  "Node Type": "Hash Join",
                  "Parent Relationship": "Outer",
                  "Parallel Aware": true,
                  "Join Type": "Inner",
                  "Startup Cost": 408851.34,
                  "Total Cost": 622601.47,
                  "Plan Rows": 6558214,
                  "Plan Width": 0,
                  "Actual Startup Time": 2952.218,
                  "Actual Total Time": 6573.723,
                  "Actual Rows": 21144668,
                  "Actual Loops": 6,
                  "Inner Unique": false,
                  "Hash Cond": "(mi.movie_id = t.id)",
                  "Plans": [
                    {
                      "Node Type": "Seq Scan",
                      "Parent Relationship": "Outer",
                      "Parallel Aware": true,
                      "Relation Name": "movie_info",
                      "Alias": "mi",
                      "Startup Cost": 0.0,
                      "Total Cost": 191685.19,
                      "Plan Rows": 2969219,
                      "Plan Width": 4,
                      "Actual Startup Time": 0.022,
                      "Actual Total Time": 276.376,
                      "Actual Rows": 2472620,
                      "Actual Loops": 6
                    },
                    {
                      "Node Type": "Hash",
                      "Parent Relationship": "Inner",
                      "Parallel Aware": true,
                      "Startup Cost": 397216.73,
                      "Total Cost": 397216.73,
                      "Plan Rows": 930769,
                      "Plan Width": 8,
                      "Actual Startup Time": 2939.659,
                      "Actual Total Time": 2939.664,
                      "Actual Rows": 1480765,
                      "Actual Loops": 6,
                      "Hash Buckets": 16777216,
                      "Original Hash Buckets": 8388608,
                      "Hash Batches": 1,
                      "Original Hash Batches": 1,
                      "Peak Memory Usage": 544288,
                      "Plans": [
                        {
                          "Node Type": "Hash Join",
                          "Parent Relationship": "Outer",
                          "Parallel Aware": true,
                          "Join Type": "Inner",
                          "Startup Cost": 51287.5,
                          "Total Cost": 397216.73,
                          "Plan Rows": 930769,
                          "Plan Width": 8,
                          "Actual Startup Time": 742.837,
                          "Actual Total Time": 1899.984,
                          "Actual Rows": 1480765,
                          "Actual Loops": 6,
                          "Inner Unique": true,
                          "Hash Cond": "(ci.movie_id = t.id)",
                          "Plans": [
                            {
                              "Node Type": "Seq Scan",
                              "Parent Relationship": "Outer",
                              "Parallel Aware": true,
                              "Relation Name": "cast_info",
                              "Alias": "ci",
                              "Startup Cost": 0.0,
                              "Total Cost": 343316.27,
                              "Plan Rows": 995414,
                              "Plan Width": 4,
                              "Actual Startup Time": 435.535,
                              "Actual Total Time": 818.337,
                              "Actual Rows": 1513048,
                              "Actual Loops": 6,
                              "Filter": "((person_id > 2789819) AND (role_id > 1))",
                              "Rows Removed by Filter": 4527676
                            },
                            {
                              "Node Type": "Hash",
                              "Parent Relationship": "Inner",
                              "Parallel Aware": true,
                              "Startup Cost": 43899.32,
                              "Total Cost": 43899.32,
                              "Plan Rows": 591054,
                              "Plan Width": 4,
                              "Actual Startup Time": 301.134,
                              "Actual Total Time": 301.136,
                              "Actual Rows": 393886,
                              "Actual Loops": 6,
                              "Hash Buckets": 4194304,
                              "Original Hash Buckets": 4194304,
                              "Hash Batches": 1,
                              "Original Hash Batches": 1,
                              "Peak Memory Usage": 125344,
                              "Plans": [
                                {
                                  "Node Type": "Seq Scan",
                                  "Parent Relationship": "Outer",
                                  "Parallel Aware": true,
                                  "Relation Name": "title",
                                  "Alias": "t",
                                  "Startup Cost": 0.0,
                                  "Total Cost": 43899.32,
                                  "Plan Rows": 591054,
                                  "Plan Width": 4,
                                  "Actual Startup Time": 0.08,
                                  "Actual Total Time": 96.124,
                                  "Actual Rows": 393886,
                                  "Actual Loops": 6,
                                  "Filter": "(production_year > 1921)",
                                  "Rows Removed by Filter": 27499
                                }
                              ]
                            }
                          ]
                        }
                      ]
                    }
                  ]
                }
              ]
            }
          ]
        }
      ]
    },
    "Planning Time": 0.576,
    "Triggers": [],
    "Execution Time": 7716.298
  }
]