[
  {
    "Plan": {
      "Node Type": "Aggregate",
      "Strategy": "Plain",
      "Partial Mode": "Finalize",
      "Parallel Aware": false,
      "Startup Cost": 24415.16,
      "Total Cost": 24415.17,
      "Plan Rows": 1,
      "Plan Width": 8,
      "Actual Startup Time": 73.29,
      "Actual Total Time": 85.313,
      "Actual Rows": 1,
      "Actual Loops": 1,
      "Plans": [
        {
          "Node Type": "Gather",
          "Parent Relationship": "Outer",
          "Parallel Aware": false,
          "Startup Cost": 24415.05,
          "Total Cost": 24415.16,
          "Plan Rows": 1,
          "Plan Width": 8,
          "Actual Startup Time": 73.058,
          "Actual Total Time": 85.305,
          "Actual Rows": 2,
          "Actual Loops": 1,
          "Workers Planned": 1,
          "Workers Launched": 1,
          "Single Copy": false,
          "Plans": [
            {
              "Node Type": "Aggregate",
              "Strategy": "Plain",
              "Partial Mode": "Partial",
              "Parent Relationship": "Outer",
              "Parallel Aware": false,
              "Startup Cost": 23415.05,
              "Total Cost": 23415.06,
              "Plan Rows": 1,
              "Plan Width": 8,
              "Actual Startup Time": 66.86,
              "Actual Total Time": 66.862,
              "Actual Rows": 1,
              "Actual Loops": 2,
              "Plans": [
                {
                  "Node Type": "Nested Loop",
                  "Parent Relationship": "Outer",
                  "Parallel Aware": false,
                  "Join Type": "Inner",
                  "Startup Cost": 62.86,
                  "Total Cost": 23391.02,
                  "Plan Rows": 9612,
                  "Plan Width": 0,
                  "Actual Startup Time": 2.006,
                  "Actual Total Time": 64.16,
                  "Actual Rows": 35812,
                  "Actual Loops": 2,
                  "Inner Unique": false,
                  "Plans": [
                    {
                      "Node Type": "Nested Loop",
                      "Parent Relationship": "Outer",
                      "Parallel Aware": false,
                      "Join Type": "Inner",
                      "Startup Cost": 62.43,
                      "Total Cost": 20273.32,
                      "Plan Rows": 1637,
                      "Plan Width": 8,
                      "Actual Startup Time": 1.831,
                      "Actual Total Time": 17.721,
                      "Actual Rows": 1715,
                      "Actual Loops": 2,
                      "Inner Unique": true,
                      "Plans": [
                        {
                          "Node Type": "Bitmap Heap Scan",
                          "Parent Relationship": "Outer",
                          "Parallel Aware": true,
                          "Relation Name": "movie_companies",
                          "Alias": "mc",
                          "Startup Cost": 62.0,
                          "Total Cost": 7562.37,
                          "Plan Rows": 1637,
                          "Plan Width": 4,
                          "Actual Startup Time": 1.658,
                          "Actual Total Time": 4.157,
                          "Actual Rows": 1715,
                          "Actual Loops": 2,
                          "Recheck Cond": "(company_id = 428)",
                          "Rows Removed by Index Recheck": 0,
                          "Exact Heap Blocks": 849,
                          "Lossy Heap Blocks": 0,
                          "Plans": [
                            {
                              "Node Type": "Bitmap Index Scan",
                              "Parent Relationship": "Outer",
                              "Parallel Aware": false,
                              "Index Name": "company_id_movie_companies",
                              "Startup Cost": 0.0,
                              "Total Cost": 61.3,
                              "Plan Rows": 2783,
                              "Plan Width": 0,
                              "Actual Startup Time": 2.671,
                              "Actual Total Time": 2.671,
                              "Actual Rows": 3430,
                              "Actual Loops": 1,
                              "Index Cond": "(company_id = 428)"
                            }
                          ]
                        },
                        {
                          "Node Type": "Index Only Scan",
                          "Parent Relationship": "Inner",
                          "Parallel Aware": false,
                          "Scan Direction": "Forward",
                          "Index Name": "title_pkey",
                          "Relation Name": "title",
                          "Alias": "t",
                          "Startup Cost": 0.43,
                          "Total Cost": 7.76,
                          "Plan Rows": 1,
                          "Plan Width": 4,
                          "Actual Startup Time": 0.007,
                          "Actual Total Time": 0.007,
                          "Actual Rows": 1,
                          "Actual Loops": 3430,
                          "Index Cond": "(id = mc.movie_id)",
                          "Rows Removed by Index Recheck": 0,
                          "Heap Fetches": 3430
                        }
                      ]
                    },
                    {
                      "Node Type": "Index Only Scan",
                      "Parent Relationship": "Inner",
                      "Parallel Aware": false,
                      "Scan Direction": "Forward",
                      "Index Name": "movie_id_movie_info",
                      "Relation Name": "movie_info",
                      "Alias": "mi",
                      "Startup Cost": 0.43,
                      "Total Cost": 1.49,
                      "Plan Rows": 41,
                      "Plan Width": 4,
                      "Actual Startup Time": 0.007,
                      "Actual Total Time": 0.024,
                      "Actual Rows": 21,
                      "Actual Loops": 3430,
                      "Index Cond": "(movie_id = t.id)",
                      "Rows Removed by Index Recheck": 0,
                      "Heap Fetches": 71624
                    }
                  ]
                }
              ]
            }
          ]
        }
      ]
    },
    "Planning Time": 1.485,
    "Triggers": [],
    "Execution Time": 85.406
  }
]