{
  "Plan": {
    "Node Type": "Aggregate",
    "Strategy": "Plain",
    "Partial Mode": "Finalize",
    "Parallel Aware": false,
    "Startup Cost": 119214.95,
    "Total Cost": 119214.96,
    "Plan Rows": 1,
    "Plan Width": 8,
    "Actual Startup Time": 434.572,
    "Actual Total Time": 454.171,
    "Actual Rows": 1,
    "Actual Loops": 1,
    "Plans": [
      {
        "Node Type": "Gather",
        "Parent Relationship": "Outer",
        "Parallel Aware": false,
        "Startup Cost": 119214.83,
        "Total Cost": 119214.94,
        "Plan Rows": 1,
        "Plan Width": 8,
        "Actual Startup Time": 434.305,
        "Actual Total Time": 454.162,
        "Actual Rows": 2,
        "Actual Loops": 1,
        "Workers Planned": 1,
        "Workers Launched": 1,
        "Single Copy": false,
        "Plans": [
          {
            "Node Type": "Aggregate",
            "Strategy": "Plain",
            "Partial Mode": "Partial",
            "Parent Relationship": "Outer",
            "Parallel Aware": false,
            "Startup Cost": 118214.83,
            "Total Cost": 118214.84,
            "Plan Rows": 1,
            "Plan Width": 8,
            "Actual Startup Time": 429.51,
            "Actual Total Time": 429.514,
            "Actual Rows": 1,
            "Actual Loops": 2,
            "Plans": [
              {
                "Node Type": "Hash Join",
                "Parent Relationship": "Outer",
                "Parallel Aware": true,
                "Join Type": "Inner",
                "Startup Cost": 58473.08,
                "Total Cost": 118197.71,
                "Plan Rows": 6851,
                "Plan Width": 0,
                "Actual Startup Time": 175.551,
                "Actual Total Time": 428.812,
                "Actual Rows": 11804,
                "Actual Loops": 2,
                "Inner Unique": true,
                "Hash Cond": "(mk.movie_id = t.id)",
                "Plans": [
                  {
                    "Node Type": "Seq Scan",
                    "Parent Relationship": "Outer",
                    "Parallel Aware": true,
                    "Relation Name": "movie_keyword",
                    "Alias": "mk",
                    "Startup Cost": 0.0,
                    "Total Cost": 57718.19,
                    "Plan Rows": 764356,
                    "Plan Width": 4,
                    "Actual Startup Time": 1.687,
                    "Actual Total Time": 200.401,
                    "Actual Rows": 655741,
                    "Actual Loops": 2,
                    "Filter": "(keyword_id > 13396)",
                    "Rows Removed by Filter": 1606224
                  },
                  {
                    "Node Type": "Hash",
                    "Parent Relationship": "Inner",
                    "Parallel Aware": true,
                    "Startup Cost": 58306.47,
                    "Total Cost": 58306.47,
                    "Plan Rows": 13329,
                    "Plan Width": 4,
                    "Actual Startup Time": 172.299,
                    "Actual Total Time": 172.3,
                    "Actual Rows": 8604,
                    "Actual Loops": 2,
                    "Hash Buckets": 32768,
                    "Original Hash Buckets": 32768,
                    "Hash Batches": 1,
                    "Original Hash Batches": 1,
                    "Peak Memory Usage": 992,
                    "Plans": [
                      {
                        "Node Type": "Seq Scan",
                        "Parent Relationship": "Outer",
                        "Parallel Aware": true,
                        "Relation Name": "title",
                        "Alias": "t",
                        "Startup Cost": 0.0,
                        "Total Cost": 58306.47,
                        "Plan Rows": 13329,
                        "Plan Width": 4,
                        "Actual Startup Time": 0.147,
                        "Actual Total Time": 168.328,
                        "Actual Rows": 8604,
                        "Actual Loops": 2,
                        "Filter": "((kind_id < 4) AND (production_year = 2003))",
                        "Rows Removed by Filter": 1255552
                      }
                    ]
                  }
                ]
              }
            ]
          }
        ]
      }
    ]
  },
  "Planning Time": 0.496,
  "Triggers": [],
  "Execution Time": 454.247
}