{
  "Plan": {
    "Node Type": "Aggregate",
    "Strategy": "Plain",
    "Partial Mode": "Finalize",
    "Parallel Aware": false,
    "Startup Cost": 125092.03,
    "Total Cost": 125092.04,
    "Plan Rows": 1,
    "Plan Width": 8,
    "Actual Startup Time": 648.674,
    "Actual Total Time": 662.363,
    "Actual Rows": 1,
    "Actual Loops": 1,
    "Plans": [
      {
        "Node Type": "Gather",
        "Parent Relationship": "Outer",
        "Parallel Aware": false,
        "Startup Cost": 125091.92,
        "Total Cost": 125092.03,
        "Plan Rows": 1,
        "Plan Width": 8,
        "Actual Startup Time": 647.901,
        "Actual Total Time": 662.357,
        "Actual Rows": 2,
        "Actual Loops": 1,
        "Workers Planned": 1,
        "Workers Launched": 1,
        "Single Copy": false,
        "Plans": [
          {
            "Node Type": "Aggregate",
            "Strategy": "Plain",
            "Partial Mode": "Partial",
            "Parent Relationship": "Outer",
            "Parallel Aware": false,
            "Startup Cost": 124091.92,
            "Total Cost": 124091.93,
            "Plan Rows": 1,
            "Plan Width": 8,
            "Actual Startup Time": 642.531,
            "Actual Total Time": 642.535,
            "Actual Rows": 1,
            "Actual Loops": 2,
            "Plans": [
              {
                "Node Type": "Hash Join",
                "Parent Relationship": "Outer",
                "Parallel Aware": true,
                "Join Type": "Inner",
                "Startup Cost": 60406.03,
                "Total Cost": 123512.37,
                "Plan Rows": 231820,
                "Plan Width": 0,
                "Actual Startup Time": 218.161,
                "Actual Total Time": 614.504,
                "Actual Rows": 680222,
                "Actual Loops": 2,
                "Inner Unique": true,
                "Hash Cond": "(mk.movie_id = t.id)",
                "Plans": [
                  {
                    "Node Type": "Seq Scan",
                    "Parent Relationship": "Outer",
                    "Parallel Aware": true,
                    "Relation Name": "movie_keyword",
                    "Alias": "mk",
                    "Startup Cost": 0.0,
                    "Total Cost": 57718.19,
                    "Plan Rows": 2052624,
                    "Plan Width": 4,
                    "Actual Startup Time": 0.012,
                    "Actual Total Time": 198.052,
                    "Actual Rows": 1747450,
                    "Actual Loops": 2,
                    "Filter": "(keyword_id < 17288)",
                    "Rows Removed by Filter": 514516
                  },
                  {
                    "Node Type": "Hash",
                    "Parent Relationship": "Inner",
                    "Parallel Aware": true,
                    "Startup Cost": 58306.47,
                    "Total Cost": 58306.47,
                    "Plan Rows": 167965,
                    "Plan Width": 4,
                    "Actual Startup Time": 213.269,
                    "Actual Total Time": 213.27,
                    "Actual Rows": 211774,
                    "Actual Loops": 2,
                    "Hash Buckets": 524288,
                    "Original Hash Buckets": 524288,
                    "Hash Batches": 1,
                    "Original Hash Batches": 1,
                    "Peak Memory Usage": 20704,
                    "Plans": [
                      {
                        "Node Type": "Seq Scan",
                        "Parent Relationship": "Outer",
                        "Parallel Aware": true,
                        "Relation Name": "title",
                        "Alias": "t",
                        "Startup Cost": 0.0,
                        "Total Cost": 58306.47,
                        "Plan Rows": 167965,
                        "Plan Width": 4,
                        "Actual Startup Time": 0.035,
                        "Actual Total Time": 152.141,
                        "Actual Rows": 211774,
                        "Actual Loops": 2,
                        "Filter": "((kind_id < 4) AND (production_year < 1996))",
                        "Rows Removed by Filter": 1052382
                      }
                    ]
                  }
                ]
              }
            ]
          }
        ]
      }
    ]
  },
  "Planning Time": 0.42,
  "Triggers": [],
  "Execution Time": 662.413
}