[
  {
    "Plan": {
      "Node Type": "Aggregate",
      "Strategy": "Plain",
      "Partial Mode": "Finalize",
      "Parallel Aware": false,
      "Startup Cost": 113233.36,
      "Total Cost": 113233.37,
      "Plan Rows": 1,
      "Plan Width": 8,
      "Actual Startup Time": 212.347,
      "Actual Total Time": 224.458,
      "Actual Rows": 1,
      "Actual Loops": 1,
      "Plans": [
        {
          "Node Type": "Gather",
          "Parent Relationship": "Outer",
          "Parallel Aware": false,
          "Startup Cost": 113232.84,
          "Total Cost": 113233.35,
          "Plan Rows": 5,
          "Plan Width": 8,
          "Actual Startup Time": 212.191,
          "Actual Total Time": 224.449,
          "Actual Rows": 6,
          "Actual Loops": 1,
          "Workers Planned": 5,
          "Workers Launched": 5,
          "Single Copy": false,
          "Plans": [
            {
              "Node Type": "Aggregate",
              "Strategy": "Plain",
              "Partial Mode": "Partial",
              "Parent Relationship": "Outer",
              "Parallel Aware": false,
              "Startup Cost": 112232.84,
              "Total Cost": 112232.85,
              "Plan Rows": 1,
              "Plan Width": 8,
              "Actual Startup Time": 201.725,
              "Actual Total Time": 201.726,
              "Actual Rows": 1,
              "Actual Loops": 6,
              "Plans": [
                {
                  "Node Type": "Index Scan",
                  "Parent Relationship": "Outer",
                  "Parallel Aware": true,
                  "Scan Direction": "Forward",
                  "Index Name": "role_id_cast_info",
                  "Relation Name": "cast_info",
                  "Alias": "ci",
                  "Startup Cost": 0.56,
                  "Total Cost": 110428.26,
                  "Plan Rows": 721832,
                  "Plan Width": 0,
                  "Actual Startup Time": 0.213,
                  "Actual Total Time": 165.597,
                  "Actual Rows": 668006,
                  "Actual Loops": 6,
                  "Index Cond": "(role_id = 3)",
                  "Rows Removed by Index Recheck": 0,
                  "Filter": "(person_id < 3383108)",
                  "Rows Removed by Filter": 0
                }
              ]
            }
          ]
        }
      ]
    },
    "Planning Time": 0.232,
    "Triggers": [],
    "Execution Time": 224.526
  }
]