[
  {
    "Plan": {
      "Node Type": "Aggregate",
      "Strategy": "Plain",
      "Partial Mode": "Finalize",
      "Parallel Aware": false,
      "Startup Cost": 443509.58,
      "Total Cost": 443509.59,
      "Plan Rows": 1,
      "Plan Width": 8,
      "Actual Startup Time": 2340.235,
      "Actual Total Time": 2410.718,
      "Actual Rows": 1,
      "Actual Loops": 1,
      "Plans": [
        {
          "Node Type": "Gather",
          "Parent Relationship": "Outer",
          "Parallel Aware": false,
          "Startup Cost": 443508.96,
          "Total Cost": 443509.57,
          "Plan Rows": 6,
          "Plan Width": 8,
          "Actual Startup Time": 2334.193,
          "Actual Total Time": 2410.707,
          "Actual Rows": 7,
          "Actual Loops": 1,
          "Workers Planned": 6,
          "Workers Launched": 6,
          "Single Copy": false,
          "Plans": [
            {
              "Node Type": "Aggregate",
              "Strategy": "Plain",
              "Partial Mode": "Partial",
              "Parent Relationship": "Outer",
              "Parallel Aware": false,
              "Startup Cost": 442508.96,
              "Total Cost": 442508.97,
              "Plan Rows": 1,
              "Plan Width": 8,
              "Actual Startup Time": 2322.552,
              "Actual Total Time": 2322.609,
              "Actual Rows": 1,
              "Actual Loops": 7,
              "Plans": [
                {
                  "Node Type": "Hash Join",
                  "Parent Relationship": "Outer",
                  "Parallel Aware": true,
                  "Join Type": "Inner",
                  "Startup Cost": 84366.16,
                  "Total Cost": 437546.79,
                  "Plan Rows": 1984865,
                  "Plan Width": 0,
                  "Actual Startup Time": 351.636,
                  "Actual Total Time": 2162.009,
                  "Actual Rows": 3835110,
                  "Actual Loops": 7,
                  "Inner Unique": false,
                  "Hash Cond": "(ci.movie_id = t.id)",
                  "Plans": [
                    {
                      "Node Type": "Seq Scan",
                      "Parent Relationship": "Outer",
                      "Parallel Aware": true,
                      "Relation Name": "cast_info",
                      "Alias": "ci",
                      "Startup Cost": 0.0,
                      "Total Cost": 328162.03,
                      "Plan Rows": 5348384,
                      "Plan Width": 4,
                      "Actual Startup Time": 40.291,
                      "Actual Total Time": 625.898,
                      "Actual Rows": 4570425,
                      "Actual Loops": 7,
                      "Filter": "(person_id > 409892)",
                      "Rows Removed by Filter": 607339
                    },
                    {
                      "Node Type": "Hash",
                      "Parent Relationship": "Inner",
                      "Parallel Aware": true,
                      "Startup Cost": 81434.01,
                      "Total Cost": 81434.01,
                      "Plan Rows": 234572,
                      "Plan Width": 8,
                      "Actual Startup Time": 307.861,
                      "Actual Total Time": 307.916,
                      "Actual Rows": 111420,
                      "Actual Loops": 7,
                      "Hash Buckets": 1048576,
                      "Original Hash Buckets": 1048576,
                      "Hash Batches": 1,
                      "Original Hash Batches": 1,
                      "Peak Memory Usage": 38784,
                      "Plans": [
                        {
                          "Node Type": "Hash Join",
                          "Parent Relationship": "Outer",
                          "Parallel Aware": true,
                          "Join Type": "Inner",
                          "Startup Cost": 35198.23,
                          "Total Cost": 81434.01,
                          "Plan Rows": 234572,
                          "Plan Width": 8,
                          "Actual Startup Time": 112.811,
                          "Actual Total Time": 264.854,
                          "Actual Rows": 111420,
                          "Actual Loops": 7,
                          "Inner Unique": false,
                          "Hash Cond": "(t.id = mc.movie_id)",
                          "Plans": [
                            {
                              "Node Type": "Seq Scan",
                              "Parent Relationship": "Outer",
                              "Parallel Aware": true,
                              "Relation Name": "title",
                              "Alias": "t",
                              "Startup Cost": 0.0,
                              "Total Cost": 42318.73,
                              "Plan Rows": 632073,
                              "Plan Width": 4,
                              "Actual Startup Time": 0.015,
                              "Actual Total Time": 52.131,
                              "Actual Rows": 361187,
                              "Actual Loops": 7
                            },
                            {
                              "Node Type": "Hash",
                              "Parent Relationship": "Inner",
                              "Parallel Aware": true,
                              "Startup Cost": 31414.82,
                              "Total Cost": 31414.82,
                              "Plan Rows": 302673,
                              "Plan Width": 4,
                              "Actual Startup Time": 111.076,
                              "Actual Total Time": 111.078,
                              "Actual Rows": 111420,
                              "Actual Loops": 7,
                              "Hash Buckets": 1048576,
                              "Original Hash Buckets": 1048576,
                              "Hash Batches": 1,
                              "Original Hash Batches": 1,
                              "Peak Memory Usage": 38816,
                              "Plans": [
                                {
                                  "Node Type": "Seq Scan",
                                  "Parent Relationship": "Outer",
                                  "Parallel Aware": true,
                                  "Relation Name": "movie_companies",
                                  "Alias": "mc",
                                  "Startup Cost": 0.0,
                                  "Total Cost": 31414.82,
                                  "Plan Rows": 302673,
                                  "Plan Width": 4,
                                  "Actual Startup Time": 0.683,
                                  "Actual Total Time": 61.408,
                                  "Actual Rows": 111420,
                                  "Actual Loops": 7,
                                  "Filter": "((company_id > 1284) AND (company_type_id < 2))",
                                  "Rows Removed by Filter": 261313
                                }
                              ]
                            }
                          ]
                        }
                      ]
                    }
                  ]
                }
              ]
            }
          ]
        }
      ]
    },
    "Planning Time": 1.373,
    "Triggers": [],
    "Execution Time": 2410.823
  }
]