[
  {
    "Plan": {
      "Node Type": "Aggregate",
      "Strategy": "Plain",
      "Partial Mode": "Simple",
      "Parallel Aware": false,
      "Startup Cost": 8872.16,
      "Total Cost": 8872.17,
      "Plan Rows": 1,
      "Plan Width": 96,
      "Actual Startup Time": 120.422,
      "Actual Total Time": 120.435,
      "Actual Rows": 1,
      "Actual Loops": 1,
      "Plans": [
        {
          "Node Type": "Nested Loop",
          "Parent Relationship": "Outer",
          "Parallel Aware": false,
          "Join Type": "Inner",
          "Startup Cost": 8.14,
          "Total Cost": 8872.02,
          "Plan Rows": 18,
          "Plan Width": 60,
          "Actual Startup Time": 60.073,
          "Actual Total Time": 120.401,
          "Actual Rows": 88,
          "Actual Loops": 1,
          "Inner Unique": true,
          "Plans": [
            {
              "Node Type": "Nested Loop",
              "Parent Relationship": "Outer",
              "Parallel Aware": false,
              "Join Type": "Inner",
              "Startup Cost": 7.72,
              "Total Cost": 8862.99,
              "Plan Rows": 20,
              "Plan Width": 45,
              "Actual Startup Time": 60.042,
              "Actual Total Time": 119.895,
              "Actual Rows": 88,
              "Actual Loops": 1,
              "Inner Unique": true,
              "Plans": [
                {
                  "Node Type": "Nested Loop",
                  "Parent Relationship": "Outer",
                  "Parallel Aware": false,
                  "Join Type": "Inner",
                  "Startup Cost": 7.59,
                  "Total Cost": 8858.98,
                  "Plan Rows": 27,
                  "Plan Width": 49,
                  "Actual Startup Time": 60.031,
                  "Actual Total Time": 119.781,
                  "Actual Rows": 93,
                  "Actual Loops": 1,
                  "Inner Unique": false,
                  "Join Filter": "(ml.movie_id = mc.movie_id)",
                  "Rows Removed by Join Filter": 0,
                  "Plans": [
                    {
                      "Node Type": "Nested Loop",
                      "Parent Relationship": "Outer",
                      "Parallel Aware": false,
                      "Join Type": "Inner",
                      "Startup Cost": 7.16,
                      "Total Cost": 8853.18,
                      "Plan Rows": 10,
                      "Plan Width": 29,
                      "Actual Startup Time": 59.982,
                      "Actual Total Time": 119.352,
                      "Actual Rows": 19,
                      "Actual Loops": 1,
                      "Inner Unique": true,
                      "Plans": [
                        {
                          "Node Type": "Nested Loop",
                          "Parent Relationship": "Outer",
                          "Parallel Aware": false,
                          "Join Type": "Inner",
                          "Startup Cost": 7.03,
                          "Total Cost": 8851.64,
                          "Plan Rows": 10,
                          "Plan Width": 33,
                          "Actual Startup Time": 59.971,
                          "Actual Total Time": 119.31,
                          "Actual Rows": 19,
                          "Actual Loops": 1,
                          "Inner Unique": true,
                          "Join Filter": "(ml.movie_id = t.id)",
                          "Rows Removed by Join Filter": 0,
                          "Plans": [
                            {
                              "Node Type": "Merge Join",
                              "Parent Relationship": "Outer",
                              "Parallel Aware": false,
                              "Join Type": "Inner",
                              "Startup Cost": 6.6,
                              "Total Cost": 8836.07,
                              "Plan Rows": 31,
                              "Plan Width": 12,
                              "Actual Startup Time": 59.911,
                              "Actual Total Time": 115.275,
                              "Actual Rows": 2153,
                              "Actual Loops": 1,
                              "Inner Unique": false,
                              "Merge Cond": "(mk.movie_id = ml.movie_id)",
                              "Plans": [
                                {
                                  "Node Type": "Nested Loop",
                                  "Parent Relationship": "Outer",
                                  "Parallel Aware": false,
                                  "Join Type": "Inner",
                                  "Startup Cost": 0.85,
                                  "Total Cost": 386244.74,
                                  "Plan Rows": 101,
                                  "Plan Width": 4,
                                  "Actual Startup Time": 59.799,
                                  "Actual Total Time": 109.198,
                                  "Actual Rows": 101,
                                  "Actual Loops": 1,
                                  "Inner Unique": true,
                                  "Join Filter": "(k.id = mk.keyword_id)",
                                  "Rows Removed by Join Filter": 293404,
                                  "Plans": [
                                    {
                                      "Node Type": "Index Scan",
                                      "Parent Relationship": "Outer",
                                      "Parallel Aware": false,
                                      "Scan Direction": "Forward",
                                      "Index Name": "movie_id_movie_keyword",
                                      "Relation Name": "movie_keyword",
                                      "Alias": "mk",
                                      "Startup Cost": 0.43,
                                      "Total Cost": 177157.9,
                                      "Plan Rows": 4523930,
                                      "Plan Width": 8,
                                      "Actual Startup Time": 0.013,
                                      "Actual Total Time": 14.821,
                                      "Actual Rows": 97889,
                                      "Actual Loops": 1
                                    },
                                    {
                                      "Node Type": "Materialize",
                                      "Parent Relationship": "Inner",
                                      "Parallel Aware": false,
                                      "Startup Cost": 0.42,
                                      "Total Cost": 5510.76,
                                      "Plan Rows": 3,
                                      "Plan Width": 4,
                                      "Actual Startup Time": 0.0,
                                      "Actual Total Time": 0.001,
                                      "Actual Rows": 3,
                                      "Actual Loops": 97889,
                                      "Plans": [
                                        {
                                          "Node Type": "Index Scan",
                                          "Parent Relationship": "Outer",
                                          "Parallel Aware": false,
                                          "Scan Direction": "Forward",
                                          "Index Name": "keyword_pkey",
                                          "Relation Name": "keyword",
                                          "Alias": "k",
                                          "Startup Cost": 0.42,
                                          "Total Cost": 5510.74,
                                          "Plan Rows": 3,
                                          "Plan Width": 4,
                                          "Actual Startup Time": 1.675,
                                          "Actual Total Time": 58.956,
                                          "Actual Rows": 3,
                                          "Actual Loops": 1,
                                          "Filter": "(keyword = ANY ('{\"10,000-mile-club\",violence,superhero}'::text[]))",
                                          "Rows Removed by Filter": 134167
                                        }
                                      ]
                                    }
                                  ]
                                },
                                {
                                  "Node Type": "Index Scan",
                                  "Parent Relationship": "Inner",
                                  "Parallel Aware": false,
                                  "Scan Direction": "Forward",
                                  "Index Name": "movie_id_movie_link",
                                  "Relation Name": "movie_link",
                                  "Alias": "ml",
                                  "Startup Cost": 0.29,
                                  "Total Cost": 1111.51,
                                  "Plan Rows": 29997,
                                  "Plan Width": 8,
                                  "Actual Startup Time": 0.015,
                                  "Actual Total Time": 4.119,
                                  "Actual Rows": 30682,
                                  "Actual Loops": 1
                                }
                              ]
                            },
                            {
                              "Node Type": "Index Scan",
                              "Parent Relationship": "Inner",
                              "Parallel Aware": false,
                              "Scan Direction": "Forward",
                              "Index Name": "title_pkey",
                              "Relation Name": "title",
                              "Alias": "t",
                              "Startup Cost": 0.43,
                              "Total Cost": 0.49,
                              "Plan Rows": 1,
                              "Plan Width": 21,
                              "Actual Startup Time": 0.002,
                              "Actual Total Time": 0.002,
                              "Actual Rows": 0,
                              "Actual Loops": 2153,
                              "Index Cond": "(id = mk.movie_id)",
                              "Rows Removed by Index Recheck": 0,
                              "Filter": "(production_year > 2007)",
                              "Rows Removed by Filter": 1
                            }
                          ]
                        },
                        {
                          "Node Type": "Index Scan",
                          "Parent Relationship": "Inner",
                          "Parallel Aware": false,
                          "Scan Direction": "Forward",
                          "Index Name": "link_type_pkey",
                          "Relation Name": "link_type",
                          "Alias": "lt",
                          "Startup Cost": 0.14,
                          "Total Cost": 0.16,
                          "Plan Rows": 1,
                          "Plan Width": 4,
                          "Actual Startup Time": 0.001,
                          "Actual Total Time": 0.001,
                          "Actual Rows": 1,
                          "Actual Loops": 19,
                          "Index Cond": "(id = ml.link_type_id)",
                          "Rows Removed by Index Recheck": 0
                        }
                      ]
                    },
                    {
                      "Node Type": "Index Scan",
                      "Parent Relationship": "Inner",
                      "Parallel Aware": false,
                      "Scan Direction": "Forward",
                      "Index Name": "movie_id_movie_companies",
                      "Relation Name": "movie_companies",
                      "Alias": "mc",
                      "Startup Cost": 0.43,
                      "Total Cost": 0.54,
                      "Plan Rows": 3,
                      "Plan Width": 36,
                      "Actual Startup Time": 0.016,
                      "Actual Total Time": 0.021,
                      "Actual Rows": 5,
                      "Actual Loops": 19,
                      "Index Cond": "(movie_id = mk.movie_id)",
                      "Rows Removed by Index Recheck": 0,
                      "Filter": "(note IS NOT NULL)",
                      "Rows Removed by Filter": 2
                    }
                  ]
                },
                {
                  "Node Type": "Index Scan",
                  "Parent Relationship": "Inner",
                  "Parallel Aware": false,
                  "Scan Direction": "Forward",
                  "Index Name": "company_type_pkey",
                  "Relation Name": "company_type",
                  "Alias": "ct",
                  "Startup Cost": 0.13,
                  "Total Cost": 0.15,
                  "Plan Rows": 1,
                  "Plan Width": 4,
                  "Actual Startup Time": 0.001,
                  "Actual Total Time": 0.001,
                  "Actual Rows": 1,
                  "Actual Loops": 93,
                  "Index Cond": "(id = mc.company_type_id)",
                  "Rows Removed by Index Recheck": 0,
                  "Filter": "((kind IS NOT NULL) AND ((kind)::text <> 'production companies'::text))",
                  "Rows Removed by Filter": 0
                }
              ]
            },
            {
              "Node Type": "Index Scan",
              "Parent Relationship": "Inner",
              "Parallel Aware": false,
              "Scan Direction": "Forward",
              "Index Name": "company_name_pkey",
              "Relation Name": "company_name",
              "Alias": "cn",
              "Startup Cost": 0.42,
              "Total Cost": 0.45,
              "Plan Rows": 1,
              "Plan Width": 23,
              "Actual Startup Time": 0.005,
              "Actual Total Time": 0.005,
              "Actual Rows": 1,
              "Actual Loops": 88,
              "Index Cond": "(id = mc.company_id)",
              "Rows Removed by Index Recheck": 0,
              "Filter": "((country_code)::text <> '[pl]'::text)",
              "Rows Removed by Filter": 0
            }
          ]
        }
      ]
    },
    "Planning Time": 16.573,
    "Triggers": [],
    "Execution Time": 120.828
  }
]