[
  {
    "Plan": {
      "Node Type": "Aggregate",
      "Strategy": "Plain",
      "Partial Mode": "Finalize",
      "Parallel Aware": false,
      "Startup Cost": 728505.96,
      "Total Cost": 728505.97,
      "Plan Rows": 1,
      "Plan Width": 128,
      "Actual Startup Time": 2212.185,
      "Actual Total Time": 2388.8,
      "Actual Rows": 1,
      "Actual Loops": 1,
      "Plans": [
        {
          "Node Type": "Gather",
          "Parent Relationship": "Outer",
          "Parallel Aware": false,
          "Startup Cost": 728505.51,
          "Total Cost": 728505.92,
          "Plan Rows": 4,
          "Plan Width": 128,
          "Actual Startup Time": 2211.966,
          "Actual Total Time": 2388.782,
          "Actual Rows": 5,
          "Actual Loops": 1,
          "Workers Planned": 4,
          "Workers Launched": 4,
          "Single Copy": false,
          "Plans": [
            {
              "Node Type": "Aggregate",
              "Strategy": "Plain",
              "Partial Mode": "Partial",
              "Parent Relationship": "Outer",
              "Parallel Aware": false,
              "Startup Cost": 727505.51,
              "Total Cost": 727505.52,
              "Plan Rows": 1,
              "Plan Width": 128,
              "Actual Startup Time": 2200.529,
              "Actual Total Time": 2200.558,
              "Actual Rows": 1,
              "Actual Loops": 5,
              "Plans": [
                {
                  "Node Type": "Hash Join",
                  "Parent Relationship": "Outer",
                  "Parallel Aware": true,
                  "Join Type": "Inner",
                  "Startup Cost": 657215.0,
                  "Total Cost": 727505.5,
                  "Plan Rows": 1,
                  "Plan Width": 81,
                  "Actual Startup Time": 2173.785,
                  "Actual Total Time": 2200.544,
                  "Actual Rows": 0,
                  "Actual Loops": 5,
                  "Inner Unique": false,
                  "Hash Cond": "(n.id = ci.person_id)",
                  "Plans": [
                    {
                      "Node Type": "Seq Scan",
                      "Parent Relationship": "Outer",
                      "Parallel Aware": true,
                      "Relation Name": "name",
                      "Alias": "n",
                      "Startup Cost": 0.0,
                      "Total Cost": 68635.58,
                      "Plan Rows": 441309,
                      "Plan Width": 19,
                      "Actual Startup Time": 0.026,
                      "Actual Total Time": 140.254,
                      "Actual Rows": 347916,
                      "Actual Loops": 5,
                      "Filter": "((gender)::text = 'm'::text)",
                      "Rows Removed by Filter": 485582
                    },
                    {
                      "Node Type": "Hash",
                      "Parent Relationship": "Inner",
                      "Parallel Aware": true,
                      "Startup Cost": 657214.99,
                      "Total Cost": 657214.99,
                      "Plan Rows": 1,
                      "Plan Width": 70,
                      "Actual Startup Time": 2040.485,
                      "Actual Total Time": 2040.513,
                      "Actual Rows": 0,
                      "Actual Loops": 5,
                      "Hash Buckets": 1024,
                      "Original Hash Buckets": 1024,
                      "Hash Batches": 1,
                      "Original Hash Batches": 1,
                      "Peak Memory Usage": 40,
                      "Plans": [
                        {
                          "Node Type": "Hash Join",
                          "Parent Relationship": "Outer",
                          "Parallel Aware": true,
                          "Join Type": "Inner",
                          "Startup Cost": 458094.68,
                          "Total Cost": 657214.99,
                          "Plan Rows": 1,
                          "Plan Width": 70,
                          "Actual Startup Time": 2033.207,
                          "Actual Total Time": 2040.414,
                          "Actual Rows": 0,
                          "Actual Loops": 5,
                          "Inner Unique": false,
                          "Hash Cond": "(mi.movie_id = t.id)",
                          "Plans": [
                            {
                              "Node Type": "Hash Join",
                              "Parent Relationship": "Outer",
                              "Parallel Aware": false,
                              "Join Type": "Inner",
                              "Startup Cost": 2.43,
                              "Total Cost": 199122.36,
                              "Plan Rows": 96,
                              "Plan Width": 47,
                              "Actual Startup Time": 413.833,
                              "Actual Total Time": 449.105,
                              "Actual Rows": 9475,
                              "Actual Loops": 5,
                              "Inner Unique": true,
                              "Hash Cond": "(mi.info_type_id = it1.id)",
                              "Plans": [
                                {
                                  "Node Type": "Seq Scan",
                                  "Parent Relationship": "Outer",
                                  "Parallel Aware": true,
                                  "Relation Name": "movie_info",
                                  "Alias": "mi",
                                  "Startup Cost": 0.0,
                                  "Total Cost": 199090.3,
                                  "Plan Rows": 10882,
                                  "Plan Width": 51,
                                  "Actual Startup Time": 329.08,
                                  "Actual Total Time": 447.621,
                                  "Actual Rows": 9477,
                                  "Actual Loops": 5,
                                  "Filter": "(info = 'Romance'::text)",
                                  "Rows Removed by Filter": 2957667
                                },
                                {
                                  "Node Type": "Hash",
                                  "Parent Relationship": "Inner",
                                  "Parallel Aware": false,
                                  "Startup Cost": 2.41,
                                  "Total Cost": 2.41,
                                  "Plan Rows": 1,
                                  "Plan Width": 4,
                                  "Actual Startup Time": 0.029,
                                  "Actual Total Time": 0.031,
                                  "Actual Rows": 1,
                                  "Actual Loops": 5,
                                  "Hash Buckets": 1024,
                                  "Original Hash Buckets": 1024,
                                  "Hash Batches": 1,
                                  "Original Hash Batches": 1,
                                  "Peak Memory Usage": 9,
                                  "Plans": [
                                    {
                                      "Node Type": "Seq Scan",
                                      "Parent Relationship": "Outer",
                                      "Parallel Aware": false,
                                      "Relation Name": "info_type",
                                      "Alias": "it1",
                                      "Startup Cost": 0.0,
                                      "Total Cost": 2.41,
                                      "Plan Rows": 1,
                                      "Plan Width": 4,
                                      "Actual Startup Time": 0.015,
                                      "Actual Total Time": 0.022,
                                      "Actual Rows": 1,
                                      "Actual Loops": 5,
                                      "Filter": "((info)::text = 'genres'::text)",
                                      "Rows Removed by Filter": 112
                                    }
                                  ]
                                }
                              ]
                            },
                            {
                              "Node Type": "Hash",
                              "Parent Relationship": "Inner",
                              "Parallel Aware": true,
                              "Startup Cost": 458092.24,
                              "Total Cost": 458092.24,
                              "Plan Rows": 1,
                              "Plan Width": 43,
                              "Actual Startup Time": 1590.587,
                              "Actual Total Time": 1590.609,
                              "Actual Rows": 0,
                              "Actual Loops": 5,
                              "Hash Buckets": 1024,
                              "Original Hash Buckets": 1024,
                              "Hash Batches": 1,
                              "Original Hash Batches": 1,
                              "Peak Memory Usage": 40,
                              "Plans": [
                                {
                                  "Node Type": "Hash Join",
                                  "Parent Relationship": "Outer",
                                  "Parallel Aware": true,
                                  "Join Type": "Inner",
                                  "Startup Cost": 442821.97,
                                  "Total Cost": 458092.24,
                                  "Plan Rows": 1,
                                  "Plan Width": 43,
                                  "Actual Startup Time": 1575.732,
                                  "Actual Total Time": 1590.548,
                                  "Actual Rows": 0,
                                  "Actual Loops": 5,
                                  "Inner Unique": false,
                                  "Hash Cond": "(mi_idx.movie_id = t.id)",
                                  "Plans": [
                                    {
                                      "Node Type": "Hash Join",
                                      "Parent Relationship": "Outer",
                                      "Parallel Aware": false,
                                      "Join Type": "Inner",
                                      "Startup Cost": 2.43,
                                      "Total Cost": 15253.6,
                                      "Plan Rows": 5089,
                                      "Plan Width": 10,
                                      "Actual Startup Time": 0.153,
                                      "Actual Total Time": 68.021,
                                      "Actual Rows": 91985,
                                      "Actual Loops": 5,
                                      "Inner Unique": true,
                                      "Hash Cond": "(mi_idx.info_type_id = it2.id)",
                                      "Plans": [
                                        {
                                          "Node Type": "Seq Scan",
                                          "Parent Relationship": "Outer",
                                          "Parallel Aware": true,
                                          "Relation Name": "movie_info_idx",
                                          "Alias": "mi_idx",
                                          "Startup Cost": 0.0,
                                          "Total Cost": 13685.15,
                                          "Plan Rows": 575015,
                                          "Plan Width": 14,
                                          "Actual Startup Time": 0.022,
                                          "Actual Total Time": 33.164,
                                          "Actual Rows": 276007,
                                          "Actual Loops": 5
                                        },
                                        {
                                          "Node Type": "Hash",
                                          "Parent Relationship": "Inner",
                                          "Parallel Aware": false,
                                          "Startup Cost": 2.41,
                                          "Total Cost": 2.41,
                                          "Plan Rows": 1,
                                          "Plan Width": 4,
                                          "Actual Startup Time": 0.08,
                                          "Actual Total Time": 0.081,
                                          "Actual Rows": 1,
                                          "Actual Loops": 5,
                                          "Hash Buckets": 1024,
                                          "Original Hash Buckets": 1024,
                                          "Hash Batches": 1,
                                          "Original Hash Batches": 1,
                                          "Peak Memory Usage": 9,
                                          "Plans": [
                                            {
                                              "Node Type": "Seq Scan",
                                              "Parent Relationship": "Outer",
                                              "Parallel Aware": false,
                                              "Relation Name": "info_type",
                                              "Alias": "it2",
                                              "Startup Cost": 0.0,
                                              "Total Cost": 2.41,
                                              "Plan Rows": 1,
                                              "Plan Width": 4,
                                              "Actual Startup Time": 0.066,
                                              "Actual Total Time": 0.068,
                                              "Actual Rows": 1,
                                              "Actual Loops": 5,
                                              "Filter": "((info)::text = 'votes'::text)",
                                              "Rows Removed by Filter": 112
                                            }
                                          ]
                                        }
                                      ]
                                    },
                                    {
                                      "Node Type": "Hash",
                                      "Parent Relationship": "Inner",
                                      "Parallel Aware": true,
                                      "Startup Cost": 442819.54,
                                      "Total Cost": 442819.54,
                                      "Plan Rows": 1,
                                      "Plan Width": 33,
                                      "Actual Startup Time": 1516.246,
                                      "Actual Total Time": 1516.262,
                                      "Actual Rows": 0,
                                      "Actual Loops": 5,
                                      "Hash Buckets": 1024,
                                      "Original Hash Buckets": 1024,
                                      "Hash Batches": 1,
                                      "Original Hash Batches": 1,
                                      "Peak Memory Usage": 40,
                                      "Plans": [
                                        {
                                          "Node Type": "Hash Join",
                                          "Parent Relationship": "Outer",
                                          "Parallel Aware": true,
                                          "Join Type": "Inner",
                                          "Startup Cost": 399941.13,
                                          "Total Cost": 442819.54,
                                          "Plan Rows": 1,
                                          "Plan Width": 33,
                                          "Actual Startup Time": 1478.489,
                                          "Actual Total Time": 1516.17,
                                          "Actual Rows": 0,
                                          "Actual Loops": 5,
                                          "Inner Unique": false,
                                          "Hash Cond": "(mk.movie_id = t.id)",
                                          "Plans": [
                                            {
                                              "Node Type": "Hash Join",
                                              "Parent Relationship": "Outer",
                                              "Parallel Aware": false,
                                              "Join Type": "Inner",
                                              "Startup Cost": 3129.33,
                                              "Total Cost": 46007.52,
                                              "Plan Rows": 55,
                                              "Plan Width": 4,
                                              "Actual Startup Time": 24.338,
                                              "Actual Total Time": 207.115,
                                              "Actual Rows": 7470,
                                              "Actual Loops": 5,
                                              "Inner Unique": true,
                                              "Hash Cond": "(mk.keyword_id = k.id)",
                                              "Plans": [
                                                {
                                                  "Node Type": "Seq Scan",
                                                  "Parent Relationship": "Outer",
                                                  "Parallel Aware": true,
                                                  "Relation Name": "movie_keyword",
                                                  "Alias": "mk",
                                                  "Startup Cost": 0.0,
                                                  "Total Cost": 39047.32,
                                                  "Plan Rows": 1459332,
                                                  "Plan Width": 8,
                                                  "Actual Startup Time": 0.045,
                                                  "Actual Total Time": 107.818,
                                                  "Actual Rows": 904786,
                                                  "Actual Loops": 5
                                                },
                                                {
                                                  "Node Type": "Hash",
                                                  "Parent Relationship": "Inner",
                                                  "Parallel Aware": false,
                                                  "Startup Cost": 3129.26,
                                                  "Total Cost": 3129.26,
                                                  "Plan Rows": 5,
                                                  "Plan Width": 4,
                                                  "Actual Startup Time": 24.143,
                                                  "Actual Total Time": 24.145,
                                                  "Actual Rows": 5,
                                                  "Actual Loops": 5,
                                                  "Hash Buckets": 1024,
                                                  "Original Hash Buckets": 1024,
                                                  "Hash Batches": 1,
                                                  "Original Hash Batches": 1,
                                                  "Peak Memory Usage": 9,
                                                  "Plans": [
                                                    {
                                                      "Node Type": "Seq Scan",
                                                      "Parent Relationship": "Outer",
                                                      "Parallel Aware": false,
                                                      "Relation Name": "keyword",
                                                      "Alias": "k",
                                                      "Startup Cost": 0.0,
                                                      "Total Cost": 3129.26,
                                                      "Plan Rows": 5,
                                                      "Plan Width": 4,
                                                      "Actual Startup Time": 0.221,
                                                      "Actual Total Time": 24.133,
                                                      "Actual Rows": 5,
                                                      "Actual Loops": 5,
                                                      "Filter": "(keyword = ANY ('{blood,fight,web,death,love}'::text[]))",
                                                      "Rows Removed by Filter": 134165
                                                    }
                                                  ]
                                                }
                                              ]
                                            },
                                            {
                                              "Node Type": "Hash",
                                              "Parent Relationship": "Inner",
                                              "Parallel Aware": true,
                                              "Startup Cost": 396811.73,
                                              "Total Cost": 396811.73,
                                              "Plan Rows": 6,
                                              "Plan Width": 29,
                                              "Actual Startup Time": 1308.063,
                                              "Actual Total Time": 1308.07,
                                              "Actual Rows": 0,
                                              "Actual Loops": 5,
                                              "Hash Buckets": 1024,
                                              "Original Hash Buckets": 1024,
                                              "Hash Batches": 1,
                                              "Original Hash Batches": 1,
                                              "Peak Memory Usage": 40,
                                              "Plans": [
                                                {
                                                  "Node Type": "Hash Join",
                                                  "Parent Relationship": "Outer",
                                                  "Parallel Aware": true,
                                                  "Join Type": "Inner",
                                                  "Startup Cost": 45478.96,
                                                  "Total Cost": 396811.73,
                                                  "Plan Rows": 6,
                                                  "Plan Width": 29,
                                                  "Actual Startup Time": 1227.006,
                                                  "Actual Total Time": 1307.988,
                                                  "Actual Rows": 0,
                                                  "Actual Loops": 5,
                                                  "Inner Unique": true,
                                                  "Hash Cond": "(ci.movie_id = t.id)",
                                                  "Plans": [
                                                    {
                                                      "Node Type": "Seq Scan",
                                                      "Parent Relationship": "Outer",
                                                      "Parallel Aware": true,
                                                      "Relation Name": "cast_info",
                                                      "Alias": "ci",
                                                      "Startup Cost": 0.0,
                                                      "Total Cost": 350807.07,
                                                      "Plan Rows": 200266,
                                                      "Plan Width": 8,
                                                      "Actual Startup Time": 113.686,
                                                      "Actual Total Time": 1162.701,
                                                      "Actual Rows": 248943,
                                                      "Actual Loops": 5,
                                                      "Filter": "(note = ANY ('{(writer),\"(head writer)\",\"(written by)\",(story),\"(story editor)\"}'::text[]))",
                                                      "Rows Removed by Filter": 6999926
                                                    },
                                                    {
                                                      "Node Type": "Hash",
                                                      "Parent Relationship": "Inner",
                                                      "Parallel Aware": true,
                                                      "Startup Cost": 45478.74,
                                                      "Total Cost": 45478.74,
                                                      "Plan Rows": 18,
                                                      "Plan Width": 21,
                                                      "Actual Startup Time": 126.734,
                                                      "Actual Total Time": 126.735,
                                                      "Actual Rows": 0,
                                                      "Actual Loops": 5,
                                                      "Hash Buckets": 1024,
                                                      "Original Hash Buckets": 1024,
                                                      "Hash Batches": 1,
                                                      "Original Hash Batches": 1,
                                                      "Peak Memory Usage": 72,
                                                      "Plans": [
                                                        {
                                                          "Node Type": "Seq Scan",
                                                          "Parent Relationship": "Outer",
                                                          "Parallel Aware": true,
                                                          "Relation Name": "title",
                                                          "Alias": "t",
                                                          "Startup Cost": 0.0,
                                                          "Total Cost": 45478.74,
                                                          "Plan Rows": 18,
                                                          "Plan Width": 21,
                                                          "Actual Startup Time": 103.602,
                                                          "Actual Total Time": 126.686,
                                                          "Actual Rows": 0,
                                                          "Actual Loops": 5,
                                                          "Filter": "((title ~~ 'Statuesque%'::text) AND (production_year > 2007))",
                                                          "Rows Removed by Filter": 505662
                                                        }
                                                      ]
                                                    }
                                                  ]
                                                }
                                              ]
                                            }
                                          ]
                                        }
                                      ]
                                    }
                                  ]
                                }
                              ]
                            }
                          ]
                        }
                      ]
                    }
                  ]
                }
              ]
            }
          ]
        }
      ]
    },
    "Planning Time": 20.793,
    "Triggers": [],
    "Execution Time": 2389.292
  }
]