[
  {
    "Plan": {
      "Node Type": "Aggregate",
      "Strategy": "Plain",
      "Partial Mode": "Finalize",
      "Parallel Aware": false,
      "Startup Cost": 58026.42,
      "Total Cost": 58026.43,
      "Plan Rows": 1,
      "Plan Width": 8,
      "Actual Startup Time": 107.987,
      "Actual Total Time": 121.746,
      "Actual Rows": 1,
      "Actual Loops": 1,
      "Plans": [
        {
          "Node Type": "Gather",
          "Parent Relationship": "Outer",
          "Parallel Aware": false,
          "Startup Cost": 58026.0,
          "Total Cost": 58026.41,
          "Plan Rows": 4,
          "Plan Width": 8,
          "Actual Startup Time": 107.796,
          "Actual Total Time": 121.732,
          "Actual Rows": 5,
          "Actual Loops": 1,
          "Workers Planned": 4,
          "Workers Launched": 4,
          "Single Copy": false,
          "Plans": [
            {
              "Node Type": "Aggregate",
              "Strategy": "Plain",
              "Partial Mode": "Partial",
              "Parent Relationship": "Outer",
              "Parallel Aware": false,
              "Startup Cost": 57026.0,
              "Total Cost": 57026.01,
              "Plan Rows": 1,
              "Plan Width": 8,
              "Actual Startup Time": 99.094,
              "Actual Total Time": 99.096,
              "Actual Rows": 1,
              "Actual Loops": 5,
              "Plans": [
                {
                  "Node Type": "Nested Loop",
                  "Parent Relationship": "Outer",
                  "Parallel Aware": false,
                  "Join Type": "Inner",
                  "Startup Cost": 0.43,
                  "Total Cost": 57020.19,
                  "Plan Rows": 2323,
                  "Plan Width": 0,
                  "Actual Startup Time": 62.587,
                  "Actual Total Time": 98.815,
                  "Actual Rows": 5491,
                  "Actual Loops": 5,
                  "Inner Unique": false,
                  "Plans": [
                    {
                      "Node Type": "Seq Scan",
                      "Parent Relationship": "Outer",
                      "Parallel Aware": true,
                      "Relation Name": "title",
                      "Alias": "t",
                      "Startup Cost": 0.0,
                      "Total Cost": 45479.59,
                      "Plan Rows": 1298,
                      "Plan Width": 4,
                      "Actual Startup Time": 61.549,
                      "Actual Total Time": 87.425,
                      "Actual Rows": 929,
                      "Actual Loops": 5,
                      "Filter": "((kind_id = 1) AND (production_year = 1986))",
                      "Rows Removed by Filter": 504734
                    },
                    {
                      "Node Type": "Index Only Scan",
                      "Parent Relationship": "Inner",
                      "Parallel Aware": false,
                      "Scan Direction": "Forward",
                      "Index Name": "movie_id_movie_keyword",
                      "Relation Name": "movie_keyword",
                      "Alias": "mk",
                      "Startup Cost": 0.43,
                      "Total Cost": 8.43,
                      "Plan Rows": 46,
                      "Plan Width": 4,
                      "Actual Startup Time": 0.011,
                      "Actual Total Time": 0.011,
                      "Actual Rows": 6,
                      "Actual Loops": 4643,
                      "Index Cond": "(movie_id = t.id)",
                      "Rows Removed by Index Recheck": 0,
                      "Heap Fetches": 27456
                    }
                  ]
                }
              ]
            }
          ]
        }
      ]
    },
    "Planning Time": 0.48,
    "Triggers": [],
    "Execution Time": 121.804
  }
]