[
  {
    "Plan": {
      "Node Type": "Aggregate",
      "Strategy": "Plain",
      "Partial Mode": "Finalize",
      "Parallel Aware": false,
      "Startup Cost": 319325.99,
      "Total Cost": 319326.0,
      "Plan Rows": 1,
      "Plan Width": 8,
      "Actual Startup Time": 2000.588,
      "Actual Total Time": 2048.616,
      "Actual Rows": 1,
      "Actual Loops": 1,
      "Plans": [
        {
          "Node Type": "Gather",
          "Parent Relationship": "Outer",
          "Parallel Aware": false,
          "Startup Cost": 319325.67,
          "Total Cost": 319325.98,
          "Plan Rows": 3,
          "Plan Width": 8,
          "Actual Startup Time": 1971.319,
          "Actual Total Time": 2048.605,
          "Actual Rows": 4,
          "Actual Loops": 1,
          "Workers Planned": 3,
          "Workers Launched": 3,
          "Single Copy": false,
          "Plans": [
            {
              "Node Type": "Aggregate",
              "Strategy": "Plain",
              "Partial Mode": "Partial",
              "Parent Relationship": "Outer",
              "Parallel Aware": false,
              "Startup Cost": 318325.67,
              "Total Cost": 318325.68,
              "Plan Rows": 1,
              "Plan Width": 8,
              "Actual Startup Time": 1942.558,
              "Actual Total Time": 1943.24,
              "Actual Rows": 1,
              "Actual Loops": 4,
              "Plans": [
                {
                  "Node Type": "Hash Join",
                  "Parent Relationship": "Outer",
                  "Parallel Aware": true,
                  "Join Type": "Inner",
                  "Startup Cost": 262584.37,
                  "Total Cost": 312091.51,
                  "Plan Rows": 2493664,
                  "Plan Width": 0,
                  "Actual Startup Time": 1466.569,
                  "Actual Total Time": 1843.759,
                  "Actual Rows": 2405081,
                  "Actual Loops": 4,
                  "Inner Unique": false,
                  "Hash Cond": "(mk.movie_id = t.id)",
                  "Plans": [
                    {
                      "Node Type": "Seq Scan",
                      "Parent Relationship": "Outer",
                      "Parallel Aware": true,
                      "Relation Name": "movie_keyword",
                      "Alias": "mk",
                      "Startup Cost": 0.0,
                      "Total Cost": 39047.32,
                      "Plan Rows": 1459332,
                      "Plan Width": 4,
                      "Actual Startup Time": 0.03,
                      "Actual Total Time": 87.87,
                      "Actual Rows": 1130982,
                      "Actual Loops": 4
                    },
                    {
                      "Node Type": "Hash",
                      "Parent Relationship": "Inner",
                      "Parallel Aware": true,
                      "Startup Cost": 251783.13,
                      "Total Cost": 251783.13,
                      "Plan Rows": 864099,
                      "Plan Width": 8,
                      "Actual Startup Time": 1449.037,
                      "Actual Total Time": 1449.717,
                      "Actual Rows": 696748,
                      "Actual Loops": 4,
                      "Hash Buckets": 8388608,
                      "Original Hash Buckets": 8388608,
                      "Hash Batches": 1,
                      "Original Hash Batches": 1,
                      "Peak Memory Usage": 174624,
                      "Plans": [
                        {
                          "Node Type": "Hash Join",
                          "Parent Relationship": "Outer",
                          "Parallel Aware": true,
                          "Join Type": "Inner",
                          "Startup Cost": 49440.52,
                          "Total Cost": 251783.13,
                          "Plan Rows": 864099,
                          "Plan Width": 8,
                          "Actual Startup Time": 304.394,
                          "Actual Total Time": 1160.5,
                          "Actual Rows": 696748,
                          "Actual Loops": 4,
                          "Inner Unique": true,
                          "Hash Cond": "(mi.movie_id = t.id)",
                          "Plans": [
                            {
                              "Node Type": "Seq Scan",
                              "Parent Relationship": "Outer",
                              "Parallel Aware": true,
                              "Relation Name": "movie_info",
                              "Alias": "mi",
                              "Startup Cost": 0.0,
                              "Total Cost": 199108.24,
                              "Plan Rows": 1232139,
                              "Plan Width": 4,
                              "Actual Startup Time": 21.408,
                              "Actual Total Time": 432.684,
                              "Actual Rows": 1555874,
                              "Actual Loops": 4,
                              "Filter": "(info_type_id > 8)",
                              "Rows Removed by Filter": 2153056
                            },
                            {
                              "Node Type": "Hash",
                              "Parent Relationship": "Inner",
                              "Parallel Aware": true,
                              "Startup Cost": 43899.32,
                              "Total Cost": 43899.32,
                              "Plan Rows": 443296,
                              "Plan Width": 4,
                              "Actual Startup Time": 279.62,
                              "Actual Total Time": 279.621,
                              "Actual Rows": 443659,
                              "Actual Loops": 4,
                              "Hash Buckets": 2097152,
                              "Original Hash Buckets": 2097152,
                              "Hash Batches": 1,
                              "Original Hash Batches": 1,
                              "Peak Memory Usage": 85888,
                              "Plans": [
                                {
                                  "Node Type": "Seq Scan",
                                  "Parent Relationship": "Outer",
                                  "Parallel Aware": true,
                                  "Relation Name": "title",
                                  "Alias": "t",
                                  "Startup Cost": 0.0,
                                  "Total Cost": 43899.32,
                                  "Plan Rows": 443296,
                                  "Plan Width": 4,
                                  "Actual Startup Time": 0.055,
                                  "Actual Total Time": 110.284,
                                  "Actual Rows": 443659,
                                  "Actual Loops": 4,
                                  "Filter": "(kind_id > 2)",
                                  "Rows Removed by Filter": 188419
                                }
                              ]
                            }
                          ]
                        }
                      ]
                    }
                  ]
                }
              ]
            }
          ]
        }
      ]
    },
    "Planning Time": 1.39,
    "Triggers": [],
    "Execution Time": 2048.704
  }
]