[
  {
    "Plan": {
      "Node Type": "Aggregate",
      "Strategy": "Plain",
      "Partial Mode": "Finalize",
      "Parallel Aware": false,
      "Startup Cost": 92187.53,
      "Total Cost": 92187.54,
      "Plan Rows": 1,
      "Plan Width": 8,
      "Actual Startup Time": 263.974,
      "Actual Total Time": 281.954,
      "Actual Rows": 1,
      "Actual Loops": 1,
      "Plans": [
        {
          "Node Type": "Gather",
          "Parent Relationship": "Outer",
          "Parallel Aware": false,
          "Startup Cost": 92187.21,
          "Total Cost": 92187.52,
          "Plan Rows": 3,
          "Plan Width": 8,
          "Actual Startup Time": 263.679,
          "Actual Total Time": 281.945,
          "Actual Rows": 4,
          "Actual Loops": 1,
          "Workers Planned": 3,
          "Workers Launched": 3,
          "Single Copy": false,
          "Plans": [
            {
              "Node Type": "Aggregate",
              "Strategy": "Plain",
              "Partial Mode": "Partial",
              "Parent Relationship": "Outer",
              "Parallel Aware": false,
              "Startup Cost": 91187.21,
              "Total Cost": 91187.22,
              "Plan Rows": 1,
              "Plan Width": 8,
              "Actual Startup Time": 256.431,
              "Actual Total Time": 256.435,
              "Actual Rows": 1,
              "Actual Loops": 4,
              "Plans": [
                {
                  "Node Type": "Hash Join",
                  "Parent Relationship": "Outer",
                  "Parallel Aware": true,
                  "Join Type": "Inner",
                  "Startup Cost": 45616.15,
                  "Total Cost": 91140.48,
                  "Plan Rows": 18691,
                  "Plan Width": 0,
                  "Actual Startup Time": 96.498,
                  "Actual Total Time": 255.17,
                  "Actual Rows": 27678,
                  "Actual Loops": 4,
                  "Inner Unique": true,
                  "Hash Cond": "(mk.movie_id = t.id)",
                  "Plans": [
                    {
                      "Node Type": "Seq Scan",
                      "Parent Relationship": "Outer",
                      "Parallel Aware": true,
                      "Relation Name": "movie_keyword",
                      "Alias": "mk",
                      "Startup Cost": 0.0,
                      "Total Cost": 42695.65,
                      "Plan Rows": 1077593,
                      "Plan Width": 4,
                      "Actual Startup Time": 0.026,
                      "Actual Total Time": 106.12,
                      "Actual Rows": 834076,
                      "Actual Loops": 4,
                      "Filter": "(keyword_id < 15614)",
                      "Rows Removed by Filter": 296907
                    },
                    {
                      "Node Type": "Hash",
                      "Parent Relationship": "Inner",
                      "Parallel Aware": true,
                      "Startup Cost": 45479.1,
                      "Total Cost": 45479.1,
                      "Plan Rows": 10964,
                      "Plan Width": 4,
                      "Actual Startup Time": 95.386,
                      "Actual Total Time": 95.387,
                      "Actual Rows": 8476,
                      "Actual Loops": 4,
                      "Hash Buckets": 65536,
                      "Original Hash Buckets": 65536,
                      "Hash Batches": 1,
                      "Original Hash Batches": 1,
                      "Peak Memory Usage": 1888,
                      "Plans": [
                        {
                          "Node Type": "Seq Scan",
                          "Parent Relationship": "Outer",
                          "Parallel Aware": true,
                          "Relation Name": "title",
                          "Alias": "t",
                          "Startup Cost": 0.0,
                          "Total Cost": 45479.1,
                          "Plan Rows": 10964,
                          "Plan Width": 4,
                          "Actual Startup Time": 0.186,
                          "Actual Total Time": 92.087,
                          "Actual Rows": 8476,
                          "Actual Loops": 4,
                          "Filter": "((kind_id < 7) AND (production_year = 2006))",
                          "Rows Removed by Filter": 623602
                        }
                      ]
                    }
                  ]
                }
              ]
            }
          ]
        }
      ]
    },
    "Planning Time": 0.501,
    "Triggers": [],
    "Execution Time": 282.012
  }
]