[
  {
    "Plan": {
      "Node Type": "Aggregate",
      "Strategy": "Plain",
      "Partial Mode": "Finalize",
      "Parallel Aware": false,
      "Startup Cost": 349648.49,
      "Total Cost": 349648.5,
      "Plan Rows": 1,
      "Plan Width": 8,
      "Actual Startup Time": 925.524,
      "Actual Total Time": 991.2,
      "Actual Rows": 1,
      "Actual Loops": 1,
      "Plans": [
        {
          "Node Type": "Gather",
          "Parent Relationship": "Outer",
          "Parallel Aware": false,
          "Startup Cost": 349647.86,
          "Total Cost": 349648.47,
          "Plan Rows": 6,
          "Plan Width": 8,
          "Actual Startup Time": 925.182,
          "Actual Total Time": 991.187,
          "Actual Rows": 7,
          "Actual Loops": 1,
          "Workers Planned": 6,
          "Workers Launched": 6,
          "Single Copy": false,
          "Plans": [
            {
              "Node Type": "Aggregate",
              "Strategy": "Plain",
              "Partial Mode": "Partial",
              "Parent Relationship": "Outer",
              "Parallel Aware": false,
              "Startup Cost": 348647.86,
              "Total Cost": 348647.88,
              "Plan Rows": 1,
              "Plan Width": 8,
              "Actual Startup Time": 915.896,
              "Actual Total Time": 915.898,
              "Actual Rows": 1,
              "Actual Loops": 7,
              "Plans": [
                {
                  "Node Type": "Seq Scan",
                  "Parent Relationship": "Outer",
                  "Parallel Aware": true,
                  "Relation Name": "cast_info",
                  "Alias": "ci",
                  "Startup Cost": 0.0,
                  "Total Cost": 343316.27,
                  "Plan Rows": 2132638,
                  "Plan Width": 0,
                  "Actual Startup Time": 236.059,
                  "Actual Total Time": 776.608,
                  "Actual Rows": 2701388,
                  "Actual Loops": 7,
                  "Filter": "((person_id > 1656256) AND (role_id > 1))",
                  "Rows Removed by Filter": 2476375
                }
              ]
            }
          ]
        }
      ]
    },
    "Planning Time": 0.235,
    "Triggers": [],
    "Execution Time": 991.28
  }
]