{
  "Plan": {
    "Node Type": "Aggregate",
    "Strategy": "Plain",
    "Partial Mode": "Finalize",
    "Parallel Aware": false,
    "Startup Cost": 322842.41,
    "Total Cost": 322842.42,
    "Plan Rows": 1,
    "Plan Width": 8,
    "Actual Startup Time": 1951.075,
    "Actual Total Time": 1973.888,
    "Actual Rows": 1,
    "Actual Loops": 1,
    "Plans": [
      {
        "Node Type": "Gather",
        "Parent Relationship": "Outer",
        "Parallel Aware": false,
        "Startup Cost": 322842.3,
        "Total Cost": 322842.41,
        "Plan Rows": 1,
        "Plan Width": 8,
        "Actual Startup Time": 1894.421,
        "Actual Total Time": 1973.875,
        "Actual Rows": 2,
        "Actual Loops": 1,
        "Workers Planned": 1,
        "Workers Launched": 1,
        "Single Copy": false,
        "Plans": [
          {
            "Node Type": "Aggregate",
            "Strategy": "Plain",
            "Partial Mode": "Partial",
            "Parent Relationship": "Outer",
            "Parallel Aware": false,
            "Startup Cost": 321842.3,
            "Total Cost": 321842.31,
            "Plan Rows": 1,
            "Plan Width": 8,
            "Actual Startup Time": 1908.929,
            "Actual Total Time": 1908.938,
            "Actual Rows": 1,
            "Actual Loops": 2,
            "Plans": [
              {
                "Node Type": "Merge Join",
                "Parent Relationship": "Outer",
                "Parallel Aware": false,
                "Join Type": "Inner",
                "Startup Cost": 312570.04,
                "Total Cost": 321372.1,
                "Plan Rows": 188078,
                "Plan Width": 0,
                "Actual Startup Time": 1590.459,
                "Actual Total Time": 1855.509,
                "Actual Rows": 1405968,
                "Actual Loops": 2,
                "Inner Unique": false,
                "Merge Cond": "(mc.movie_id = t.id)",
                "Plans": [
                  {
                    "Node Type": "Sort",
                    "Parent Relationship": "Outer",
                    "Parallel Aware": false,
                    "Startup Cost": 111740.59,
                    "Total Cost": 113629.4,
                    "Plan Rows": 755522,
                    "Plan Width": 4,
                    "Actual Startup Time": 257.934,
                    "Actual Total Time": 281.306,
                    "Actual Rows": 637123,
                    "Actual Loops": 2,
                    "Sort Key": [
                      "mc.movie_id"
                    ],
                    "Sort Method": "quicksort",
                    "Sort Space Used": 56914,
                    "Sort Space Type": "Memory",
                    "Workers": [
                      {
                        "Worker Number": 0,
                        "Sort Method": "quicksort",
                        "Sort Space Used": 51969,
                        "Sort Space Type": "Memory"
                      }
                    ],
                    "Plans": [
                      {
                        "Node Type": "Seq Scan",
                        "Parent Relationship": "Outer",
                        "Parallel Aware": true,
                        "Relation Name": "movie_companies",
                        "Alias": "mc",
                        "Startup Cost": 0.0,
                        "Total Cost": 37974.77,
                        "Plan Rows": 755522,
                        "Plan Width": 4,
                        "Actual Startup Time": 0.035,
                        "Actual Total Time": 129.685,
                        "Actual Rows": 637123,
                        "Actual Loops": 2,
                        "Filter": "(company_type_id < 2)",
                        "Rows Removed by Filter": 667442
                      }
                    ]
                  },
                  {
                    "Node Type": "Sort",
                    "Parent Relationship": "Inner",
                    "Parallel Aware": false,
                    "Startup Cost": 200829.39,
                    "Total Cost": 202402.85,
                    "Plan Rows": 629386,
                    "Plan Width": 8,
                    "Actual Startup Time": 1332.238,
                    "Actual Total Time": 1393.603,
                    "Actual Rows": 1792972,
                    "Actual Loops": 2,
                    "Sort Key": [
                      "mk.movie_id"
                    ],
                    "Sort Method": "quicksort",
                    "Sort Space Used": 54657,
                    "Sort Space Type": "Memory",
                    "Workers": [
                      {
                        "Worker Number": 0,
                        "Sort Method": "quicksort",
                        "Sort Space Used": 54657,
                        "Sort Space Type": "Memory"
                      }
                    ],
                    "Plans": [
                      {
                        "Node Type": "Hash Join",
                        "Parent Relationship": "Outer",
                        "Parallel Aware": false,
                        "Join Type": "Inner",
                        "Startup Cost": 106234.77,
                        "Total Cost": 140208.23,
                        "Plan Rows": 629386,
                        "Plan Width": 8,
                        "Actual Startup Time": 887.265,
                        "Actual Total Time": 1194.92,
                        "Actual Rows": 641726,
                        "Actual Loops": 2,
                        "Inner Unique": true,
                        "Hash Cond": "(mk.movie_id = t.id)",
                        "Plans": [
                          {
                            "Node Type": "Bitmap Heap Scan",
                            "Parent Relationship": "Outer",
                            "Parallel Aware": false,
                            "Relation Name": "movie_keyword",
                            "Alias": "mk",
                            "Startup Cost": 13350.17,
                            "Total Cost": 45671.5,
                            "Plan Rows": 629386,
                            "Plan Width": 4,
                            "Actual Startup Time": 33.656,
                            "Actual Total Time": 158.99,
                            "Actual Rows": 641726,
                            "Actual Loops": 2,
                            "Recheck Cond": "(keyword_id < 498)",
                            "Rows Removed by Index Recheck": 0,
                            "Exact Heap Blocks": 24293,
                            "Lossy Heap Blocks": 0,
                            "Plans": [
                              {
                                "Node Type": "Bitmap Index Scan",
                                "Parent Relationship": "Outer",
                                "Parallel Aware": false,
                                "Index Name": "keyword_id_movie_keyword",
                                "Startup Cost": 0.0,
                                "Total Cost": 13192.83,
                                "Plan Rows": 629386,
                                "Plan Width": 0,
                                "Actual Startup Time": 30.635,
                                "Actual Total Time": 30.635,
                                "Actual Rows": 641726,
                                "Actual Loops": 2,
                                "Index Cond": "(keyword_id < 498)"
                              }
                            ]
                          },
                          {
                            "Node Type": "Hash",
                            "Parent Relationship": "Inner",
                            "Parallel Aware": false,
                            "Startup Cost": 61280.93,
                            "Total Cost": 61280.93,
                            "Plan Rows": 2528293,
                            "Plan Width": 4,
                            "Actual Startup Time": 838.327,
                            "Actual Total Time": 838.329,
                            "Actual Rows": 2528312,
                            "Actual Loops": 2,
                            "Hash Buckets": 4194304,
                            "Original Hash Buckets": 4194304,
                            "Hash Batches": 1,
                            "Original Hash Batches": 1,
                            "Peak Memory Usage": 121654,
                            "Plans": [
                              {
                                "Node Type": "Seq Scan",
                                "Parent Relationship": "Outer",
                                "Parallel Aware": false,
                                "Relation Name": "title",
                                "Alias": "t",
                                "Startup Cost": 0.0,
                                "Total Cost": 61280.93,
                                "Plan Rows": 2528293,
                                "Plan Width": 4,
                                "Actual Startup Time": 0.029,
                                "Actual Total Time": 262.486,
                                "Actual Rows": 2528312,
                                "Actual Loops": 2
                              }
                            ]
                          }
                        ]
                      }
                    ]
                  }
                ]
              }
            ]
          }
        ]
      }
    ]
  },
  "Planning Time": 1.089,
  "Triggers": [],
  "Execution Time": 2003.555
}