{
  "Plan": {
    "Node Type": "Aggregate",
    "Strategy": "Plain",
    "Partial Mode": "Finalize",
    "Parallel Aware": false,
    "Startup Cost": 125343.15,
    "Total Cost": 125343.16,
    "Plan Rows": 1,
    "Plan Width": 8,
    "Actual Startup Time": 551.664,
    "Actual Total Time": 568.971,
    "Actual Rows": 1,
    "Actual Loops": 1,
    "Plans": [
      {
        "Node Type": "Gather",
        "Parent Relationship": "Outer",
        "Parallel Aware": false,
        "Startup Cost": 125343.03,
        "Total Cost": 125343.14,
        "Plan Rows": 1,
        "Plan Width": 8,
        "Actual Startup Time": 549.85,
        "Actual Total Time": 568.965,
        "Actual Rows": 2,
        "Actual Loops": 1,
        "Workers Planned": 1,
        "Workers Launched": 1,
        "Single Copy": false,
        "Plans": [
          {
            "Node Type": "Aggregate",
            "Strategy": "Plain",
            "Partial Mode": "Partial",
            "Parent Relationship": "Outer",
            "Parallel Aware": false,
            "Startup Cost": 124343.03,
            "Total Cost": 124343.04,
            "Plan Rows": 1,
            "Plan Width": 8,
            "Actual Startup Time": 543.914,
            "Actual Total Time": 543.923,
            "Actual Rows": 1,
            "Actual Loops": 2,
            "Plans": [
              {
                "Node Type": "Hash Join",
                "Parent Relationship": "Outer",
                "Parallel Aware": true,
                "Join Type": "Inner",
                "Startup Cost": 64261.66,
                "Total Cost": 123790.6,
                "Plan Rows": 220972,
                "Plan Width": 0,
                "Actual Startup Time": 265.367,
                "Actual Total Time": 525.652,
                "Actual Rows": 465627,
                "Actual Loops": 2,
                "Inner Unique": true,
                "Hash Cond": "(mk.movie_id = t.id)",
                "Plans": [
                  {
                    "Node Type": "Seq Scan",
                    "Parent Relationship": "Outer",
                    "Parallel Aware": true,
                    "Relation Name": "movie_keyword",
                    "Alias": "mk",
                    "Startup Cost": 0.0,
                    "Total Cost": 57718.19,
                    "Plan Rows": 689812,
                    "Plan Width": 4,
                    "Actual Startup Time": 1.703,
                    "Actual Total Time": 157.262,
                    "Actual Rows": 589982,
                    "Actual Loops": 2,
                    "Filter": "(keyword_id > 15807)",
                    "Rows Removed by Filter": 1671984
                  },
                  {
                    "Node Type": "Hash",
                    "Parent Relationship": "Inner",
                    "Parallel Aware": true,
                    "Startup Cost": 58306.47,
                    "Total Cost": 58306.47,
                    "Plan Rows": 476415,
                    "Plan Width": 4,
                    "Actual Startup Time": 254.343,
                    "Actual Total Time": 254.35,
                    "Actual Rows": 421509,
                    "Actual Loops": 2,
                    "Hash Buckets": 1048576,
                    "Original Hash Buckets": 1048576,
                    "Hash Batches": 1,
                    "Original Hash Batches": 1,
                    "Peak Memory Usage": 41184,
                    "Plans": [
                      {
                        "Node Type": "Seq Scan",
                        "Parent Relationship": "Outer",
                        "Parallel Aware": true,
                        "Relation Name": "title",
                        "Alias": "t",
                        "Startup Cost": 0.0,
                        "Total Cost": 58306.47,
                        "Plan Rows": 476415,
                        "Plan Width": 4,
                        "Actual Startup Time": 0.034,
                        "Actual Total Time": 154.047,
                        "Actual Rows": 421509,
                        "Actual Loops": 2,
                        "Filter": "((kind_id < 7) AND (production_year < 2011))",
                        "Rows Removed by Filter": 842647
                      }
                    ]
                  }
                ]
              }
            ]
          }
        ]
      }
    ]
  },
  "Planning Time": 0.684,
  "Triggers": [],
  "Execution Time": 569.041
}