[
  {
    "Bao": {
      "Bao prediction": 591.125,
      "Bao recommended hint": "(no hint)"
    }
  },
  {
    "Plan": {
      "Node Type": "Hash Join",
      "Parallel Aware": false,
      "Join Type": "Inner",
      "Startup Cost": 205581.97,
      "Total Cost": 1756273.08,
      "Plan Rows": 37019214,
      "Plan Width": 40,
      "Actual Startup Time": 3818.488,
      "Actual Total Time": 59556.307,
      "Actual Rows": 79562524,
      "Actual Loops": 1,
      "Inner Unique": false,
      "Hash Cond": "(t.id = mc.movie_id)",
      "Plans": [
        {
          "Node Type": "Hash Join",
          "Parent Relationship": "Outer",
          "Parallel Aware": false,
          "Join Type": "Inner",
          "Startup Cost": 92890.61,
          "Total Cost": 956133.62,
          "Plan Rows": 36257824,
          "Plan Width": 8,
          "Actual Startup Time": 897.07,
          "Actual Total Time": 28584.775,
          "Actual Rows": 36244344,
          "Actual Loops": 1,
          "Inner Unique": true,
          "Hash Cond": "(t.kind_id = kt.id)",
          "Plans": [
            {
              "Node Type": "Hash Join",
              "Parent Relationship": "Outer",
              "Parallel Aware": false,
              "Join Type": "Inner",
              "Startup Cost": 92889.45,
              "Total Cost": 803331.64,
              "Plan Rows": 36257824,
              "Plan Width": 12,
              "Actual Startup Time": 897.024,
              "Actual Total Time": 24362.509,
              "Actual Rows": 36244344,
              "Actual Loops": 1,
              "Inner Unique": true,
              "Hash Cond": "(ci.movie_id = t.id)",
              "Plans": [
                {
                  "Node Type": "Seq Scan",
                  "Parent Relationship": "Outer",
                  "Parallel Aware": false,
                  "Relation Name": "cast_info",
                  "Alias": "ci",
                  "Startup Cost": 0.0,
                  "Total Cost": 615265.24,
                  "Plan Rows": 36257824,
                  "Plan Width": 4,
                  "Actual Startup Time": 0.018,
                  "Actual Total Time": 2959.916,
                  "Actual Rows": 36244344,
                  "Actual Loops": 1
                },
                {
                  "Node Type": "Hash",
                  "Parent Relationship": "Inner",
                  "Parallel Aware": false,
                  "Startup Cost": 61283.09,
                  "Total Cost": 61283.09,
                  "Plan Rows": 2528509,
                  "Plan Width": 8,
                  "Actual Startup Time": 881.382,
                  "Actual Total Time": 881.383,
                  "Actual Rows": 2528312,
                  "Actual Loops": 1,
                  "Hash Buckets": 4194304,
                  "Original Hash Buckets": 4194304,
                  "Hash Batches": 1,
                  "Original Hash Batches": 1,
                  "Peak Memory Usage": 131531,
                  "Plans": [
                    {
                      "Node Type": "Seq Scan",
                      "Parent Relationship": "Outer",
                      "Parallel Aware": false,
                      "Relation Name": "title",
                      "Alias": "t",
                      "Startup Cost": 0.0,
                      "Total Cost": 61283.09,
                      "Plan Rows": 2528509,
                      "Plan Width": 8,
                      "Actual Startup Time": 0.017,
                      "Actual Total Time": 300.253,
                      "Actual Rows": 2528312,
                      "Actual Loops": 1
                    }
                  ]
                }
              ]
            },
            {
              "Node Type": "Hash",
              "Parent Relationship": "Inner",
              "Parallel Aware": false,
              "Startup Cost": 1.07,
              "Total Cost": 1.07,
              "Plan Rows": 7,
              "Plan Width": 4,
              "Actual Startup Time": 0.019,
              "Actual Total Time": 0.02,
              "Actual Rows": 7,
              "Actual Loops": 1,
              "Hash Buckets": 1024,
              "Original Hash Buckets": 1024,
              "Hash Batches": 1,
              "Original Hash Batches": 1,
              "Peak Memory Usage": 9,
              "Plans": [
                {
                  "Node Type": "Seq Scan",
                  "Parent Relationship": "Outer",
                  "Parallel Aware": false,
                  "Relation Name": "kind_type",
                  "Alias": "kt",
                  "Startup Cost": 0.0,
                  "Total Cost": 1.07,
                  "Plan Rows": 7,
                  "Plan Width": 4,
                  "Actual Startup Time": 0.012,
                  "Actual Total Time": 0.014,
                  "Actual Rows": 7,
                  "Actual Loops": 1
                }
              ]
            }
          ]
        },
        {
          "Node Type": "Hash",
          "Parent Relationship": "Inner",
          "Parallel Aware": false,
          "Startup Cost": 80421.29,
          "Total Cost": 80421.29,
          "Plan Rows": 2581606,
          "Plan Width": 40,
          "Actual Startup Time": 2894.018,
          "Actual Total Time": 2894.024,
          "Actual Rows": 2583037,
          "Actual Loops": 1,
          "Hash Buckets": 4194304,
          "Original Hash Buckets": 4194304,
          "Hash Batches": 1,
          "Original Hash Batches": 1,
          "Peak Memory Usage": 185821,
          "Plans": [
            {
              "Node Type": "Hash Join",
              "Parent Relationship": "Outer",
              "Parallel Aware": false,
              "Join Type": "Inner",
              "Startup Cost": 8283.52,
              "Total Cost": 80421.29,
              "Plan Rows": 2581606,
              "Plan Width": 40,
              "Actual Startup Time": 114.977,
              "Actual Total Time": 1851.671,
              "Actual Rows": 2583037,
              "Actual Loops": 1,
              "Inner Unique": true,
              "Hash Cond": "(mc.company_type_id = ct.id)",
              "Plans": [
                {
                  "Node Type": "Hash Join",
                  "Parent Relationship": "Outer",
                  "Parallel Aware": false,
                  "Join Type": "Inner",
                  "Startup Cost": 8282.43,
                  "Total Cost": 66463.38,
                  "Plan Rows": 2581606,
                  "Plan Width": 40,
                  "Actual Startup Time": 114.911,
                  "Actual Total Time": 1396.043,
                  "Actual Rows": 2583037,
                  "Actual Loops": 1,
                  "Inner Unique": true,
                  "Hash Cond": "(mc.company_id = cn.id)",
                  "Plans": [
                    {
                      "Node Type": "Seq Scan",
                      "Parent Relationship": "Outer",
                      "Parallel Aware": false,
                      "Relation Name": "movie_companies",
                      "Alias": "mc",
                      "Startup Cost": 0.0,
                      "Total Cost": 51404.11,
                      "Plan Rows": 2581606,
                      "Plan Width": 40,
                      "Actual Startup Time": 0.011,
                      "Actual Total Time": 430.697,
                      "Actual Rows": 2583037,
                      "Actual Loops": 1,
                      "Filter": "(company_id < 211061)",
                      "Rows Removed by Filter": 26092
                    },
                    {
                      "Node Type": "Hash",
                      "Parent Relationship": "Inner",
                      "Parallel Aware": false,
                      "Startup Cost": 5344.97,
                      "Total Cost": 5344.97,
                      "Plan Rows": 234997,
                      "Plan Width": 4,
                      "Actual Startup Time": 113.241,
                      "Actual Total Time": 113.242,
                      "Actual Rows": 234997,
                      "Actual Loops": 1,
                      "Hash Buckets": 262144,
                      "Original Hash Buckets": 262144,
                      "Hash Batches": 1,
                      "Original Hash Batches": 1,
                      "Peak Memory Usage": 10310,
                      "Plans": [
                        {
                          "Node Type": "Seq Scan",
                          "Parent Relationship": "Outer",
                          "Parallel Aware": false,
                          "Relation Name": "company_name",
                          "Alias": "cn",
                          "Startup Cost": 0.0,
                          "Total Cost": 5344.97,
                          "Plan Rows": 234997,
                          "Plan Width": 4,
                          "Actual Startup Time": 0.042,
                          "Actual Total Time": 53.485,
                          "Actual Rows": 234997,
                          "Actual Loops": 1
                        }
                      ]
                    }
                  ]
                },
                {
                  "Node Type": "Hash",
                  "Parent Relationship": "Inner",
                  "Parallel Aware": false,
                  "Startup Cost": 1.04,
                  "Total Cost": 1.04,
                  "Plan Rows": 4,
                  "Plan Width": 4,
                  "Actual Startup Time": 0.041,
                  "Actual Total Time": 0.042,
                  "Actual Rows": 4,
                  "Actual Loops": 1,
                  "Hash Buckets": 1024,
                  "Original Hash Buckets": 1024,
                  "Hash Batches": 1,
                  "Original Hash Batches": 1,
                  "Peak Memory Usage": 9,
                  "Plans": [
                    {
                      "Node Type": "Seq Scan",
                      "Parent Relationship": "Outer",
                      "Parallel Aware": false,
                      "Relation Name": "company_type",
                      "Alias": "ct",
                      "Startup Cost": 0.0,
                      "Total Cost": 1.04,
                      "Plan Rows": 4,
                      "Plan Width": 4,
                      "Actual Startup Time": 0.015,
                      "Actual Total Time": 0.017,
                      "Actual Rows": 4,
                      "Actual Loops": 1
                    }
                  ]
                }
              ]
            }
          ]
        }
      ]
    },
    "Planning Time": 430.217,
    "Triggers": [],
    "Execution Time": 61947.38
  }
]