[
  {
    "Plan": {
      "Node Type": "Aggregate",
      "Strategy": "Plain",
      "Partial Mode": "Finalize",
      "Parallel Aware": false,
      "Startup Cost": 118030.18,
      "Total Cost": 118030.19,
      "Plan Rows": 1,
      "Plan Width": 8,
      "Actual Startup Time": 734.347,
      "Actual Total Time": 770.608,
      "Actual Rows": 1,
      "Actual Loops": 1,
      "Plans": [
        {
          "Node Type": "Gather",
          "Parent Relationship": "Outer",
          "Parallel Aware": false,
          "Startup Cost": 118029.87,
          "Total Cost": 118030.18,
          "Plan Rows": 3,
          "Plan Width": 8,
          "Actual Startup Time": 733.218,
          "Actual Total Time": 770.599,
          "Actual Rows": 4,
          "Actual Loops": 1,
          "Workers Planned": 3,
          "Workers Launched": 3,
          "Single Copy": false,
          "Plans": [
            {
              "Node Type": "Aggregate",
              "Strategy": "Plain",
              "Partial Mode": "Partial",
              "Parent Relationship": "Outer",
              "Parallel Aware": false,
              "Startup Cost": 117029.87,
              "Total Cost": 117029.88,
              "Plan Rows": 1,
              "Plan Width": 8,
              "Actual Startup Time": 725.522,
              "Actual Total Time": 725.527,
              "Actual Rows": 1,
              "Actual Loops": 4,
              "Plans": [
                {
                  "Node Type": "Nested Loop",
                  "Parent Relationship": "Outer",
                  "Parallel Aware": false,
                  "Join Type": "Inner",
                  "Startup Cost": 38313.83,
                  "Total Cost": 116849.53,
                  "Plan Rows": 72135,
                  "Plan Width": 0,
                  "Actual Startup Time": 65.925,
                  "Actual Total Time": 695.433,
                  "Actual Rows": 462422,
                  "Actual Loops": 4,
                  "Inner Unique": false,
                  "Join Filter": "(t.id = mi.movie_id)",
                  "Rows Removed by Join Filter": 0,
                  "Plans": [
                    {
                      "Node Type": "Hash Join",
                      "Parent Relationship": "Outer",
                      "Parallel Aware": true,
                      "Join Type": "Inner",
                      "Startup Cost": 38313.39,
                      "Total Cost": 69327.82,
                      "Plan Rows": 24404,
                      "Plan Width": 8,
                      "Actual Startup Time": 65.823,
                      "Actual Total Time": 243.832,
                      "Actual Rows": 39779,
                      "Actual Loops": 4,
                      "Inner Unique": true,
                      "Hash Cond": "(mc.movie_id = t.id)",
                      "Plans": [
                        {
                          "Node Type": "Seq Scan",
                          "Parent Relationship": "Outer",
                          "Parallel Aware": true,
                          "Relation Name": "movie_companies",
                          "Alias": "mc",
                          "Startup Cost": 0.0,
                          "Total Cost": 29310.68,
                          "Plan Rows": 649046,
                          "Plan Width": 4,
                          "Actual Startup Time": 0.016,
                          "Actual Total Time": 93.266,
                          "Actual Rows": 503687,
                          "Actual Loops": 4,
                          "Filter": "(company_id < 69371)",
                          "Rows Removed by Filter": 148595
                        },
                        {
                          "Node Type": "Hash",
                          "Parent Relationship": "Inner",
                          "Parallel Aware": true,
                          "Startup Cost": 38016.31,
                          "Total Cost": 38016.31,
                          "Plan Rows": 23767,
                          "Plan Width": 4,
                          "Actual Startup Time": 65.032,
                          "Actual Total Time": 65.034,
                          "Actual Rows": 22713,
                          "Actual Loops": 4,
                          "Hash Buckets": 131072,
                          "Original Hash Buckets": 131072,
                          "Hash Batches": 1,
                          "Original Hash Batches": 1,
                          "Peak Memory Usage": 4672,
                          "Plans": [
                            {
                              "Node Type": "Bitmap Heap Scan",
                              "Parent Relationship": "Outer",
                              "Parallel Aware": true,
                              "Relation Name": "title",
                              "Alias": "t",
                              "Startup Cost": 1721.21,
                              "Total Cost": 38016.31,
                              "Plan Rows": 23767,
                              "Plan Width": 4,
                              "Actual Startup Time": 8.079,
                              "Actual Total Time": 56.08,
                              "Actual Rows": 22713,
                              "Actual Loops": 4,
                              "Recheck Cond": "(kind_id = 2)",
                              "Rows Removed by Index Recheck": 0,
                              "Exact Heap Blocks": 14145,
                              "Lossy Heap Blocks": 0,
                              "Plans": [
                                {
                                  "Node Type": "Bitmap Index Scan",
                                  "Parent Relationship": "Outer",
                                  "Parallel Aware": false,
                                  "Index Name": "kind_id_title",
                                  "Startup Cost": 0.0,
                                  "Total Cost": 1697.45,
                                  "Plan Rows": 95069,
                                  "Plan Width": 0,
                                  "Actual Startup Time": 10.341,
                                  "Actual Total Time": 10.342,
                                  "Actual Rows": 90852,
                                  "Actual Loops": 1,
                                  "Index Cond": "(kind_id = 2)"
                                }
                              ]
                            }
                          ]
                        }
                      ]
                    },
                    {
                      "Node Type": "Index Scan",
                      "Parent Relationship": "Inner",
                      "Parallel Aware": false,
                      "Scan Direction": "Forward",
                      "Index Name": "movie_id_movie_info",
                      "Relation Name": "movie_info",
                      "Alias": "mi",
                      "Startup Cost": 0.43,
                      "Total Cost": 1.68,
                      "Plan Rows": 21,
                      "Plan Width": 4,
                      "Actual Startup Time": 0.004,
                      "Actual Total Time": 0.01,
                      "Actual Rows": 12,
                      "Actual Loops": 159115,
                      "Index Cond": "(movie_id = mc.movie_id)",
                      "Rows Removed by Index Recheck": 0,
                      "Filter": "(info_type_id > 7)",
                      "Rows Removed by Filter": 6
                    }
                  ]
                }
              ]
            }
          ]
        }
      ]
    },
    "Planning Time": 0.52,
    "Triggers": [],
    "Execution Time": 770.715
  }
]