[
  {
    "Plan": {
      "Node Type": "Aggregate",
      "Strategy": "Plain",
      "Partial Mode": "Finalize",
      "Parallel Aware": false,
      "Startup Cost": 427805.76,
      "Total Cost": 427805.77,
      "Plan Rows": 1,
      "Plan Width": 8,
      "Actual Startup Time": 2492.933,
      "Actual Total Time": 2554.669,
      "Actual Rows": 1,
      "Actual Loops": 1,
      "Plans": [
        {
          "Node Type": "Gather",
          "Parent Relationship": "Outer",
          "Parallel Aware": false,
          "Startup Cost": 427805.14,
          "Total Cost": 427805.75,
          "Plan Rows": 6,
          "Plan Width": 8,
          "Actual Startup Time": 2482.856,
          "Actual Total Time": 2554.655,
          "Actual Rows": 7,
          "Actual Loops": 1,
          "Workers Planned": 6,
          "Workers Launched": 6,
          "Single Copy": false,
          "Plans": [
            {
              "Node Type": "Aggregate",
              "Strategy": "Plain",
              "Partial Mode": "Partial",
              "Parent Relationship": "Outer",
              "Parallel Aware": false,
              "Startup Cost": 426805.14,
              "Total Cost": 426805.15,
              "Plan Rows": 1,
              "Plan Width": 8,
              "Actual Startup Time": 2472.349,
              "Actual Total Time": 2472.572,
              "Actual Rows": 1,
              "Actual Loops": 7,
              "Plans": [
                {
                  "Node Type": "Hash Join",
                  "Parent Relationship": "Outer",
                  "Parallel Aware": true,
                  "Join Type": "Inner",
                  "Startup Cost": 80985.79,
                  "Total Cost": 424889.05,
                  "Plan Rows": 766436,
                  "Plan Width": 0,
                  "Actual Startup Time": 434.889,
                  "Actual Total Time": 2306.099,
                  "Actual Rows": 3134886,
                  "Actual Loops": 7,
                  "Inner Unique": false,
                  "Hash Cond": "(ci.movie_id = t.id)",
                  "Plans": [
                    {
                      "Node Type": "Seq Scan",
                      "Parent Relationship": "Outer",
                      "Parallel Aware": true,
                      "Relation Name": "cast_info",
                      "Alias": "ci",
                      "Startup Cost": 0.0,
                      "Total Cost": 328211.39,
                      "Plan Rows": 3525198,
                      "Plan Width": 4,
                      "Actual Startup Time": 0.033,
                      "Actual Total Time": 676.433,
                      "Actual Rows": 3060102,
                      "Actual Loops": 7,
                      "Filter": "(person_id < 2170720)",
                      "Rows Removed by Filter": 2117661
                    },
                    {
                      "Node Type": "Hash",
                      "Parent Relationship": "Inner",
                      "Parallel Aware": true,
                      "Startup Cost": 78769.18,
                      "Total Cost": 78769.18,
                      "Plan Rows": 177329,
                      "Plan Width": 8,
                      "Actual Startup Time": 431.494,
                      "Actual Total Time": 431.715,
                      "Actual Rows": 180973,
                      "Actual Loops": 7,
                      "Hash Buckets": 2097152,
                      "Original Hash Buckets": 1048576,
                      "Hash Batches": 1,
                      "Original Hash Batches": 1,
                      "Peak Memory Usage": 74272,
                      "Plans": [
                        {
                          "Node Type": "Hash Join",
                          "Parent Relationship": "Outer",
                          "Parallel Aware": true,
                          "Join Type": "Inner",
                          "Startup Cost": 47998.15,
                          "Total Cost": 78769.18,
                          "Plan Rows": 177329,
                          "Plan Width": 8,
                          "Actual Startup Time": 171.167,
                          "Actual Total Time": 319.322,
                          "Actual Rows": 180973,
                          "Actual Loops": 7,
                          "Inner Unique": true,
                          "Hash Cond": "(mc.movie_id = t.id)",
                          "Plans": [
                            {
                              "Node Type": "Seq Scan",
                              "Parent Relationship": "Outer",
                              "Parallel Aware": true,
                              "Relation Name": "movie_companies",
                              "Alias": "mc",
                              "Startup Cost": 0.0,
                              "Total Cost": 29310.68,
                              "Plan Rows": 556324,
                              "Plan Width": 4,
                              "Actual Startup Time": 0.918,
                              "Actual Total Time": 60.888,
                              "Actual Rows": 245928,
                              "Actual Loops": 7,
                              "Filter": "(company_id > 2690)",
                              "Rows Removed by Filter": 126805
                            },
                            {
                              "Node Type": "Hash",
                              "Parent Relationship": "Inner",
                              "Parallel Aware": true,
                              "Startup Cost": 45479.59,
                              "Total Cost": 45479.59,
                              "Plan Rows": 201485,
                              "Plan Width": 4,
                              "Actual Startup Time": 168.489,
                              "Actual Total Time": 168.49,
                              "Actual Rows": 120431,
                              "Actual Loops": 7,
                              "Hash Buckets": 1048576,
                              "Original Hash Buckets": 1048576,
                              "Hash Batches": 1,
                              "Original Hash Batches": 1,
                              "Peak Memory Usage": 41280,
                              "Plans": [
                                {
                                  "Node Type": "Seq Scan",
                                  "Parent Relationship": "Outer",
                                  "Parallel Aware": true,
                                  "Relation Name": "title",
                                  "Alias": "t",
                                  "Startup Cost": 0.0,
                                  "Total Cost": 45479.59,
                                  "Plan Rows": 201485,
                                  "Plan Width": 4,
                                  "Actual Startup Time": 0.051,
                                  "Actual Total Time": 101.412,
                                  "Actual Rows": 120431,
                                  "Actual Loops": 7,
                                  "Filter": "((kind_id < 7) AND (production_year < 2011))",
                                  "Rows Removed by Filter": 240756
                                }
                              ]
                            }
                          ]
                        }
                      ]
                    }
                  ]
                }
              ]
            }
          ]
        }
      ]
    },
    "Planning Time": 1.486,
    "Triggers": [],
    "Execution Time": 2554.768
  }
]