{
  "Plan": {
    "Node Type": "Aggregate",
    "Strategy": "Plain",
    "Partial Mode": "Finalize",
    "Parallel Aware": false,
    "Startup Cost": 118156.0,
    "Total Cost": 118156.01,
    "Plan Rows": 1,
    "Plan Width": 8,
    "Actual Startup Time": 745.611,
    "Actual Total Time": 766.517,
    "Actual Rows": 1,
    "Actual Loops": 1,
    "Plans": [
      {
        "Node Type": "Gather",
        "Parent Relationship": "Outer",
        "Parallel Aware": false,
        "Startup Cost": 118155.88,
        "Total Cost": 118155.99,
        "Plan Rows": 1,
        "Plan Width": 8,
        "Actual Startup Time": 739.711,
        "Actual Total Time": 766.508,
        "Actual Rows": 2,
        "Actual Loops": 1,
        "Workers Planned": 1,
        "Workers Launched": 1,
        "Single Copy": false,
        "Plans": [
          {
            "Node Type": "Aggregate",
            "Strategy": "Plain",
            "Partial Mode": "Partial",
            "Parent Relationship": "Outer",
            "Parallel Aware": false,
            "Startup Cost": 117155.88,
            "Total Cost": 117155.89,
            "Plan Rows": 1,
            "Plan Width": 8,
            "Actual Startup Time": 726.559,
            "Actual Total Time": 726.566,
            "Actual Rows": 1,
            "Actual Loops": 2,
            "Plans": [
              {
                "Node Type": "Hash Join",
                "Parent Relationship": "Outer",
                "Parallel Aware": true,
                "Join Type": "Inner",
                "Startup Cost": 97960.27,
                "Total Cost": 117126.97,
                "Plan Rows": 11565,
                "Plan Width": 0,
                "Actual Startup Time": 640.843,
                "Actual Total Time": 724.724,
                "Actual Rows": 42809,
                "Actual Loops": 2,
                "Inner Unique": false,
                "Hash Cond": "(mi_idx.movie_id = t.id)",
                "Plans": [
                  {
                    "Node Type": "Seq Scan",
                    "Parent Relationship": "Outer",
                    "Parallel Aware": true,
                    "Relation Name": "movie_info_idx",
                    "Alias": "mi_idx",
                    "Startup Cost": 0.0,
                    "Total Cost": 18082.32,
                    "Plan Rows": 271028,
                    "Plan Width": 4,
                    "Actual Startup Time": 0.026,
                    "Actual Total Time": 50.293,
                    "Actual Rows": 229962,
                    "Actual Loops": 2,
                    "Filter": "(info_type_id = 101)",
                    "Rows Removed by Filter": 460055
                  },
                  {
                    "Node Type": "Hash",
                    "Parent Relationship": "Inner",
                    "Parallel Aware": true,
                    "Startup Cost": 97167.03,
                    "Total Cost": 97167.03,
                    "Plan Rows": 63459,
                    "Plan Width": 8,
                    "Actual Startup Time": 638.398,
                    "Actual Total Time": 638.403,
                    "Actual Rows": 60960,
                    "Actual Loops": 2,
                    "Hash Buckets": 131072,
                    "Original Hash Buckets": 131072,
                    "Hash Batches": 1,
                    "Original Hash Batches": 1,
                    "Peak Memory Usage": 5824,
                    "Plans": [
                      {
                        "Node Type": "Hash Join",
                        "Parent Relationship": "Outer",
                        "Parallel Aware": true,
                        "Join Type": "Inner",
                        "Startup Cost": 71753.21,
                        "Total Cost": 97167.03,
                        "Plan Rows": 63459,
                        "Plan Width": 8,
                        "Actual Startup Time": 555.116,
                        "Actual Total Time": 626.302,
                        "Actual Rows": 60960,
                        "Actual Loops": 2,
                        "Inner Unique": true,
                        "Hash Cond": "(mk.movie_id = t.id)",
                        "Plans": [
                          {
                            "Node Type": "Bitmap Heap Scan",
                            "Parent Relationship": "Outer",
                            "Parallel Aware": true,
                            "Relation Name": "movie_keyword",
                            "Alias": "mk",
                            "Startup Cost": 2292.51,
                            "Total Cost": 27539.75,
                            "Plan Rows": 63459,
                            "Plan Width": 4,
                            "Actual Startup Time": 10.455,
                            "Actual Total Time": 50.674,
                            "Actual Rows": 60960,
                            "Actual Loops": 2,
                            "Recheck Cond": "(keyword_id < 117)",
                            "Rows Removed by Index Recheck": 0,
                            "Exact Heap Blocks": 13638,
                            "Lossy Heap Blocks": 0,
                            "Plans": [
                              {
                                "Node Type": "Bitmap Index Scan",
                                "Parent Relationship": "Outer",
                                "Parallel Aware": false,
                                "Index Name": "keyword_id_movie_keyword",
                                "Startup Cost": 0.0,
                                "Total Cost": 2265.54,
                                "Plan Rows": 107881,
                                "Plan Width": 0,
                                "Actual Startup Time": 7.099,
                                "Actual Total Time": 7.1,
                                "Actual Rows": 121921,
                                "Actual Loops": 1,
                                "Index Cond": "(keyword_id < 117)"
                              }
                            ]
                          },
                          {
                            "Node Type": "Hash",
                            "Parent Relationship": "Inner",
                            "Parallel Aware": true,
                            "Startup Cost": 50870.31,
                            "Total Cost": 50870.31,
                            "Plan Rows": 1487231,
                            "Plan Width": 4,
                            "Actual Startup Time": 525.295,
                            "Actual Total Time": 525.296,
                            "Actual Rows": 1264156,
                            "Actual Loops": 2,
                            "Hash Buckets": 4194304,
                            "Original Hash Buckets": 4194304,
                            "Hash Batches": 1,
                            "Original Hash Batches": 1,
                            "Peak Memory Usage": 131712,
                            "Plans": [
                              {
                                "Node Type": "Seq Scan",
                                "Parent Relationship": "Outer",
                                "Parallel Aware": true,
                                "Relation Name": "title",
                                "Alias": "t",
                                "Startup Cost": 0.0,
                                "Total Cost": 50870.31,
                                "Plan Rows": 1487231,
                                "Plan Width": 4,
                                "Actual Startup Time": 0.025,
                                "Actual Total Time": 160.604,
                                "Actual Rows": 1264156,
                                "Actual Loops": 2
                              }
                            ]
                          }
                        ]
                      }
                    ]
                  }
                ]
              }
            ]
          }
        ]
      }
    ]
  },
  "Planning Time": 0.885,
  "Triggers": [],
  "Execution Time": 766.614
}