[
  {
    "Plan": {
      "Node Type": "Aggregate",
      "Strategy": "Plain",
      "Partial Mode": "Finalize",
      "Parallel Aware": false,
      "Startup Cost": 216652.54,
      "Total Cost": 216652.55,
      "Plan Rows": 1,
      "Plan Width": 8,
      "Actual Startup Time": 1188.504,
      "Actual Total Time": 1225.702,
      "Actual Rows": 1,
      "Actual Loops": 1,
      "Plans": [
        {
          "Node Type": "Gather",
          "Parent Relationship": "Outer",
          "Parallel Aware": false,
          "Startup Cost": 216652.22,
          "Total Cost": 216652.53,
          "Plan Rows": 3,
          "Plan Width": 8,
          "Actual Startup Time": 1181.415,
          "Actual Total Time": 1225.692,
          "Actual Rows": 4,
          "Actual Loops": 1,
          "Workers Planned": 3,
          "Workers Launched": 3,
          "Single Copy": false,
          "Plans": [
            {
              "Node Type": "Aggregate",
              "Strategy": "Plain",
              "Partial Mode": "Partial",
              "Parent Relationship": "Outer",
              "Parallel Aware": false,
              "Startup Cost": 215652.22,
              "Total Cost": 215652.23,
              "Plan Rows": 1,
              "Plan Width": 8,
              "Actual Startup Time": 1174.089,
              "Actual Total Time": 1174.604,
              "Actual Rows": 1,
              "Actual Loops": 4,
              "Plans": [
                {
                  "Node Type": "Hash Join",
                  "Parent Relationship": "Outer",
                  "Parallel Aware": true,
                  "Join Type": "Inner",
                  "Startup Cost": 182265.53,
                  "Total Cost": 213972.26,
                  "Plan Rows": 671985,
                  "Plan Width": 0,
                  "Actual Startup Time": 843.129,
                  "Actual Total Time": 1132.402,
                  "Actual Rows": 862326,
                  "Actual Loops": 4,
                  "Inner Unique": false,
                  "Hash Cond": "(mc.movie_id = t.id)",
                  "Plans": [
                    {
                      "Node Type": "Seq Scan",
                      "Parent Relationship": "Outer",
                      "Parallel Aware": true,
                      "Relation Name": "movie_companies",
                      "Alias": "mc",
                      "Startup Cost": 0.0,
                      "Total Cost": 27206.55,
                      "Plan Rows": 841655,
                      "Plan Width": 4,
                      "Actual Startup Time": 0.013,
                      "Actual Total Time": 65.947,
                      "Actual Rows": 652282,
                      "Actual Loops": 4
                    },
                    {
                      "Node Type": "Hash",
                      "Parent Relationship": "Inner",
                      "Parallel Aware": true,
                      "Startup Cost": 177218.75,
                      "Total Cost": 177218.75,
                      "Plan Rows": 403743,
                      "Plan Width": 8,
                      "Actual Startup Time": 837.927,
                      "Actual Total Time": 838.44,
                      "Actual Rows": 193771,
                      "Actual Loops": 4,
                      "Hash Buckets": 2097152,
                      "Original Hash Buckets": 2097152,
                      "Hash Batches": 1,
                      "Original Hash Batches": 1,
                      "Peak Memory Usage": 46752,
                      "Plans": [
                        {
                          "Node Type": "Hash Join",
                          "Parent Relationship": "Outer",
                          "Parallel Aware": true,
                          "Join Type": "Inner",
                          "Startup Cost": 48858.54,
                          "Total Cost": 177218.75,
                          "Plan Rows": 403743,
                          "Plan Width": 8,
                          "Actual Startup Time": 312.671,
                          "Actual Total Time": 740.003,
                          "Actual Rows": 193771,
                          "Actual Loops": 4,
                          "Inner Unique": true,
                          "Hash Cond": "(ci.movie_id = t.id)",
                          "Plans": [
                            {
                              "Node Type": "Index Scan",
                              "Parent Relationship": "Outer",
                              "Parallel Aware": true,
                              "Scan Direction": "Forward",
                              "Index Name": "role_id_cast_info",
                              "Relation Name": "cast_info",
                              "Alias": "ci",
                              "Startup Cost": 0.56,
                              "Total Cost": 126672.01,
                              "Plan Rows": 643341,
                              "Plan Width": 4,
                              "Actual Startup Time": 0.156,
                              "Actual Total Time": 266.669,
                              "Actual Rows": 262505,
                              "Actual Loops": 4,
                              "Index Cond": "(role_id > 9)",
                              "Rows Removed by Index Recheck": 0,
                              "Filter": "(person_id < 2601969)",
                              "Rows Removed by Filter": 897279
                            },
                            {
                              "Node Type": "Hash",
                              "Parent Relationship": "Inner",
                              "Parallel Aware": true,
                              "Startup Cost": 43899.32,
                              "Total Cost": 43899.32,
                              "Plan Rows": 396692,
                              "Plan Width": 4,
                              "Actual Startup Time": 307.937,
                              "Actual Total Time": 307.939,
                              "Actual Rows": 392642,
                              "Actual Loops": 4,
                              "Hash Buckets": 2097152,
                              "Original Hash Buckets": 2097152,
                              "Hash Batches": 1,
                              "Original Hash Batches": 1,
                              "Peak Memory Usage": 77888,
                              "Plans": [
                                {
                                  "Node Type": "Seq Scan",
                                  "Parent Relationship": "Outer",
                                  "Parallel Aware": true,
                                  "Relation Name": "title",
                                  "Alias": "t",
                                  "Startup Cost": 0.0,
                                  "Total Cost": 43899.32,
                                  "Plan Rows": 396692,
                                  "Plan Width": 4,
                                  "Actual Startup Time": 0.043,
                                  "Actual Total Time": 127.644,
                                  "Actual Rows": 392642,
                                  "Actual Loops": 4,
                                  "Filter": "(production_year > 1996)",
                                  "Rows Removed by Filter": 239436
                                }
                              ]
                            }
                          ]
                        }
                      ]
                    }
                  ]
                }
              ]
            }
          ]
        }
      ]
    },
    "Planning Time": 0.615,
    "Triggers": [],
    "Execution Time": 1225.759
  }
]