[
  {
    "Plan": {
      "Node Type": "Aggregate",
      "Strategy": "Plain",
      "Partial Mode": "Finalize",
      "Parallel Aware": false,
      "Startup Cost": 246214.97,
      "Total Cost": 246214.98,
      "Plan Rows": 1,
      "Plan Width": 8,
      "Actual Startup Time": 716.857,
      "Actual Total Time": 770.967,
      "Actual Rows": 1,
      "Actual Loops": 1,
      "Plans": [
        {
          "Node Type": "Gather",
          "Parent Relationship": "Outer",
          "Parallel Aware": false,
          "Startup Cost": 246214.45,
          "Total Cost": 246214.96,
          "Plan Rows": 5,
          "Plan Width": 8,
          "Actual Startup Time": 716.448,
          "Actual Total Time": 770.955,
          "Actual Rows": 6,
          "Actual Loops": 1,
          "Workers Planned": 5,
          "Workers Launched": 5,
          "Single Copy": false,
          "Plans": [
            {
              "Node Type": "Aggregate",
              "Strategy": "Plain",
              "Partial Mode": "Partial",
              "Parent Relationship": "Outer",
              "Parallel Aware": false,
              "Startup Cost": 245214.45,
              "Total Cost": 245214.46,
              "Plan Rows": 1,
              "Plan Width": 8,
              "Actual Startup Time": 708.496,
              "Actual Total Time": 708.499,
              "Actual Rows": 1,
              "Actual Loops": 6,
              "Plans": [
                {
                  "Node Type": "Hash Join",
                  "Parent Relationship": "Outer",
                  "Parallel Aware": true,
                  "Join Type": "Inner",
                  "Startup Cost": 45611.3,
                  "Total Cost": 245090.7,
                  "Plan Rows": 49497,
                  "Plan Width": 0,
                  "Actual Startup Time": 91.402,
                  "Actual Total Time": 704.239,
                  "Actual Rows": 62686,
                  "Actual Loops": 6,
                  "Inner Unique": true,
                  "Hash Cond": "(mi.movie_id = t.id)",
                  "Plans": [
                    {
                      "Node Type": "Seq Scan",
                      "Parent Relationship": "Outer",
                      "Parallel Aware": true,
                      "Relation Name": "movie_info",
                      "Alias": "mi",
                      "Startup Cost": 0.0,
                      "Total Cost": 191685.19,
                      "Plan Rows": 2969219,
                      "Plan Width": 4,
                      "Actual Startup Time": 0.036,
                      "Actual Total Time": 335.085,
                      "Actual Rows": 2472620,
                      "Actual Loops": 6
                    },
                    {
                      "Node Type": "Hash",
                      "Parent Relationship": "Inner",
                      "Parallel Aware": true,
                      "Startup Cost": 45479.59,
                      "Total Cost": 45479.59,
                      "Plan Rows": 10537,
                      "Plan Width": 4,
                      "Actual Startup Time": 82.191,
                      "Actual Total Time": 82.193,
                      "Actual Rows": 4963,
                      "Actual Loops": 6,
                      "Hash Buckets": 65536,
                      "Original Hash Buckets": 65536,
                      "Hash Batches": 1,
                      "Original Hash Batches": 1,
                      "Peak Memory Usage": 1760,
                      "Plans": [
                        {
                          "Node Type": "Seq Scan",
                          "Parent Relationship": "Outer",
                          "Parallel Aware": true,
                          "Relation Name": "title",
                          "Alias": "t",
                          "Startup Cost": 0.0,
                          "Total Cost": 45479.59,
                          "Plan Rows": 10537,
                          "Plan Width": 4,
                          "Actual Startup Time": 0.186,
                          "Actual Total Time": 77.812,
                          "Actual Rows": 4963,
                          "Actual Loops": 6,
                          "Filter": "((kind_id < 4) AND (production_year = 2008))",
                          "Rows Removed by Filter": 416422
                        }
                      ]
                    }
                  ]
                }
              ]
            }
          ]
        }
      ]
    },
    "Planning Time": 0.419,
    "Triggers": [],
    "Execution Time": 771.015
  }
]