[
    {
        "Bao": {
            "Bao prediction": "NaN",
            "Bao recommended hint": "(no hint)"
        }
    },
    {
        "Plan": {
            "Node Type": "Aggregate",
            "Strategy": "Plain",
            "Partial Mode": "Finalize",
            "Parallel Aware": false,
            "Startup Cost": 106421.72,
            "Total Cost": 106421.73,
            "Plan Rows": 1,
            "Plan Width": 8,
            "Actual Startup Time": 289.705,
            "Actual Total Time": 311.212,
            "Actual Rows": 1,
            "Actual Loops": 1,
            "Output": [
                "count(*)"
            ],
            "Plans": [
                {
                    "Node Type": "Gather",
                    "Parent Relationship": "Outer",
                    "Parallel Aware": false,
                    "Startup Cost": 106421.4,
                    "Total Cost": 106421.71,
                    "Plan Rows": 3,
                    "Plan Width": 8,
                    "Actual Startup Time": 289.135,
                    "Actual Total Time": 311.202,
                    "Actual Rows": 4,
                    "Actual Loops": 1,
                    "Output": [
                        "(PARTIAL count(*))"
                    ],
                    "Workers Planned": 3,
                    "Workers Launched": 3,
                    "Single Copy": false,
                    "Plans": [
                        {
                            "Node Type": "Aggregate",
                            "Strategy": "Plain",
                            "Partial Mode": "Partial",
                            "Parent Relationship": "Outer",
                            "Parallel Aware": false,
                            "Startup Cost": 105421.4,
                            "Total Cost": 105421.41,
                            "Plan Rows": 1,
                            "Plan Width": 8,
                            "Actual Startup Time": 279.925,
                            "Actual Total Time": 279.93,
                            "Actual Rows": 1,
                            "Actual Loops": 4,
                            "Output": [
                                "PARTIAL count(*)"
                            ],
                            "Workers": [
                                {
                                    "Worker Number": 0,
                                    "Actual Startup Time": 276.69,
                                    "Actual Total Time": 276.695,
                                    "Actual Rows": 1,
                                    "Actual Loops": 1
                                },
                                {
                                    "Worker Number": 1,
                                    "Actual Startup Time": 277.135,
                                    "Actual Total Time": 277.138,
                                    "Actual Rows": 1,
                                    "Actual Loops": 1
                                },
                                {
                                    "Worker Number": 2,
                                    "Actual Startup Time": 277.363,
                                    "Actual Total Time": 277.367,
                                    "Actual Rows": 1,
                                    "Actual Loops": 1
                                }
                            ],
                            "Plans": [
                                {
                                    "Node Type": "Nested Loop",
                                    "Parent Relationship": "Outer",
                                    "Parallel Aware": false,
                                    "Join Type": "Inner",
                                    "Startup Cost": 45686.07,
                                    "Total Cost": 105300.73,
                                    "Plan Rows": 48270,
                                    "Plan Width": 0,
                                    "Actual Startup Time": 117.268,
                                    "Actual Total Time": 278.441,
                                    "Actual Rows": 25629,
                                    "Actual Loops": 4,
                                    "Inner Unique": false,
                                    "Join Filter": "(t.id = ci.movie_id)",
                                    "Rows Removed by Join Filter": 0,
                                    "Workers": [
                                        {
                                            "Worker Number": 0,
                                            "Actual Startup Time": 114.06,
                                            "Actual Total Time": 275.37,
                                            "Actual Rows": 19904,
                                            "Actual Loops": 1
                                        },
                                        {
                                            "Worker Number": 1,
                                            "Actual Startup Time": 114.438,
                                            "Actual Total Time": 275.62,
                                            "Actual Rows": 22997,
                                            "Actual Loops": 1
                                        },
                                        {
                                            "Worker Number": 2,
                                            "Actual Startup Time": 114.746,
                                            "Actual Total Time": 275.893,
                                            "Actual Rows": 21493,
                                            "Actual Loops": 1
                                        }
                                    ],
                                    "Plans": [
                                        {
                                            "Node Type": "Hash Join",
                                            "Parent Relationship": "Outer",
                                            "Parallel Aware": true,
                                            "Join Type": "Inner",
                                            "Startup Cost": 45685.51,
                                            "Total Cost": 78061.65,
                                            "Plan Rows": 9562,
                                            "Plan Width": 8,
                                            "Actual Startup Time": 117.201,
                                            "Actual Total Time": 178.406,
                                            "Actual Rows": 3039,
                                            "Actual Loops": 4,
                                            "Output": [
                                                "t.id",
                                                "mc.movie_id"
                                            ],
                                            "Inner Unique": true,
                                            "Hash Cond": "(mc.movie_id = t.id)",
                                            "Workers": [
                                                {
                                                    "Worker Number": 0,
                                                    "Actual Startup Time": 113.98,
                                                    "Actual Total Time": 172.122,
                                                    "Actual Rows": 2518,
                                                    "Actual Loops": 1
                                                },
                                                {
                                                    "Worker Number": 1,
                                                    "Actual Startup Time": 114.353,
                                                    "Actual Total Time": 169.874,
                                                    "Actual Rows": 2628,
                                                    "Actual Loops": 1
                                                },
                                                {
                                                    "Worker Number": 2,
                                                    "Actual Startup Time": 114.675,
                                                    "Actual Total Time": 172.443,
                                                    "Actual Rows": 2540,
                                                    "Actual Loops": 1
                                                }
                                            ],
                                            "Plans": [
                                                {
                                                    "Node Type": "Seq Scan",
                                                    "Parent Relationship": "Outer",
                                                    "Parallel Aware": true,
                                                    "Relation Name": "movie_companies",
                                                    "Schema": "public",
                                                    "Alias": "mc",
                                                    "Startup Cost": 0.0,
                                                    "Total Cost": 31414.82,
                                                    "Plan Rows": 366218,
                                                    "Plan Width": 4,
                                                    "Actual Startup Time": 26.651,
                                                    "Actual Total Time": 60.61,
                                                    "Actual Rows": 237053,
                                                    "Actual Loops": 4,
                                                    "Output": [
                                                        "mc.id",
                                                        "mc.movie_id",
                                                        "mc.company_id",
                                                        "mc.company_type_id",
                                                        "mc.note"
                                                    ],
                                                    "Filter": "((mc.company_id < 83506) AND (mc.company_type_id = 2))",
                                                    "Rows Removed by Filter": 415230,
                                                    "Workers": [
                                                        {
                                                            "Worker Number": 0,
                                                            "Actual Startup Time": 26.638,
                                                            "Actual Total Time": 57.929,
                                                            "Actual Rows": 203317,
                                                            "Actual Loops": 1
                                                        },
                                                        {
                                                            "Worker Number": 1,
                                                            "Actual Startup Time": 26.637,
                                                            "Actual Total Time": 58.095,
                                                            "Actual Rows": 207572,
                                                            "Actual Loops": 1
                                                        },
                                                        {
                                                            "Worker Number": 2,
                                                            "Actual Startup Time": 26.64,
                                                            "Actual Total Time": 59.49,
                                                            "Actual Rows": 221813,
                                                            "Actual Loops": 1
                                                        }
                                                    ]
                                                },
                                                {
                                                    "Node Type": "Hash",
                                                    "Parent Relationship": "Inner",
                                                    "Parallel Aware": true,
                                                    "Startup Cost": 45479.21,
                                                    "Total Cost": 45479.21,
                                                    "Plan Rows": 16504,
                                                    "Plan Width": 4,
                                                    "Actual Startup Time": 89.765,
                                                    "Actual Total Time": 89.766,
                                                    "Actual Rows": 18631,
                                                    "Actual Loops": 4,
                                                    "Output": [
                                                        "t.id"
                                                    ],
                                                    "Hash Buckets": 131072,
                                                    "Original Hash Buckets": 131072,
                                                    "Hash Batches": 1,
                                                    "Original Hash Batches": 1,
                                                    "Peak Memory Usage": 4000,
                                                    "Workers": [
                                                        {
                                                            "Worker Number": 0,
                                                            "Actual Startup Time": 86.822,
                                                            "Actual Total Time": 86.824,
                                                            "Actual Rows": 13253,
                                                            "Actual Loops": 1
                                                        },
                                                        {
                                                            "Worker Number": 1,
                                                            "Actual Startup Time": 87.17,
                                                            "Actual Total Time": 87.171,
                                                            "Actual Rows": 13738,
                                                            "Actual Loops": 1
                                                        },
                                                        {
                                                            "Worker Number": 2,
                                                            "Actual Startup Time": 87.413,
                                                            "Actual Total Time": 87.414,
                                                            "Actual Rows": 14284,
                                                            "Actual Loops": 1
                                                        }
                                                    ],
                                                    "Plans": [
                                                        {
                                                            "Node Type": "Seq Scan",
                                                            "Parent Relationship": "Outer",
                                                            "Parallel Aware": true,
                                                            "Relation Name": "title",
                                                            "Schema": "public",
                                                            "Alias": "t",
                                                            "Startup Cost": 0.0,
                                                            "Total Cost": 45479.21,
                                                            "Plan Rows": 16504,
                                                            "Plan Width": 4,
                                                            "Actual Startup Time": 0.044,
                                                            "Actual Total Time": 82.817,
                                                            "Actual Rows": 18631,
                                                            "Actual Loops": 4,
                                                            "Output": [
                                                                "t.id"
                                                            ],
                                                            "Filter": "((t.kind_id = 7) AND (t.production_year = 2006))",
                                                            "Rows Removed by Filter": 613447,
                                                            "Workers": [
                                                                {
                                                                    "Worker Number": 0,
                                                                    "Actual Startup Time": 0.053,
                                                                    "Actual Total Time": 79.837,
                                                                    "Actual Rows": 13253,
                                                                    "Actual Loops": 1
                                                                },
                                                                {
                                                                    "Worker Number": 1,
                                                                    "Actual Startup Time": 0.05,
                                                                    "Actual Total Time": 80.788,
                                                                    "Actual Rows": 13738,
                                                                    "Actual Loops": 1
                                                                },
                                                                {
                                                                    "Worker Number": 2,
                                                                    "Actual Startup Time": 0.058,
                                                                    "Actual Total Time": 80.809,
                                                                    "Actual Rows": 14284,
                                                                    "Actual Loops": 1
                                                                }
                                                            ]
                                                        }
                                                    ]
                                                }
                                            ]
                                        },
                                        {
                                            "Node Type": "Index Scan",
                                            "Parent Relationship": "Inner",
                                            "Parallel Aware": false,
                                            "Scan Direction": "Forward",
                                            "Index Name": "movie_id_cast_info",
                                            "Relation Name": "cast_info",
                                            "Schema": "public",
                                            "Alias": "ci",
                                            "Startup Cost": 0.56,
                                            "Total Cost": 2.67,
                                            "Plan Rows": 14,
                                            "Plan Width": 4,
                                            "Actual Startup Time": 0.006,
                                            "Actual Total Time": 0.032,
                                            "Actual Rows": 8,
                                            "Actual Loops": 12155,
                                            "Output": [
                                                "ci.id",
                                                "ci.person_id",
                                                "ci.movie_id",
                                                "ci.person_role_id",
                                                "ci.note",
                                                "ci.nr_order",
                                                "ci.role_id"
                                            ],
                                            "Index Cond": "(ci.movie_id = mc.movie_id)",
                                            "Rows Removed by Index Recheck": 0,
                                            "Filter": "(ci.role_id < 2)",
                                            "Rows Removed by Filter": 27,
                                            "Workers": [
                                                {
                                                    "Worker Number": 0,
                                                    "Actual Startup Time": 0.008,
                                                    "Actual Total Time": 0.04,
                                                    "Actual Rows": 8,
                                                    "Actual Loops": 2518
                                                },
                                                {
                                                    "Worker Number": 1,
                                                    "Actual Startup Time": 0.007,
                                                    "Actual Total Time": 0.039,
                                                    "Actual Rows": 9,
                                                    "Actual Loops": 2628
                                                },
                                                {
                                                    "Worker Number": 2,
                                                    "Actual Startup Time": 0.007,
                                                    "Actual Total Time": 0.04,
                                                    "Actual Rows": 8,
                                                    "Actual Loops": 2540
                                                }
                                            ]
                                        }
                                    ]
                                }
                            ]
                        }
                    ]
                }
            ]
        },
        "Planning Time": 202.229,
        "Triggers": [],
        "Execution Time": 311.355
    }
]