{
  "Plan": {
    "Node Type": "Aggregate",
    "Strategy": "Plain",
    "Partial Mode": "Simple",
    "Parallel Aware": false,
    "Startup Cost": 1692001.27,
    "Total Cost": 1692001.28,
    "Plan Rows": 1,
    "Plan Width": 128,
    "Actual Startup Time": 8862.754,
    "Actual Total Time": 8862.921,
    "Actual Rows": 1,
    "Actual Loops": 1,
    "Plans": [
      {
        "Node Type": "Merge Join",
        "Parent Relationship": "Outer",
        "Parallel Aware": false,
        "Join Type": "Inner",
        "Startup Cost": 1503986.32,
        "Total Cost": 1692001.26,
        "Plan Rows": 1,
        "Plan Width": 81,
        "Actual Startup Time": 7492.419,
        "Actual Total Time": 8862.737,
        "Actual Rows": 757,
        "Actual Loops": 1,
        "Inner Unique": false,
        "Merge Cond": "(n.id = ci.person_id)",
        "Plans": [
          {
            "Node Type": "Index Scan",
            "Parent Relationship": "Outer",
            "Parallel Aware": false,
            "Scan Direction": "Forward",
            "Index Name": "name_pkey",
            "Relation Name": "name",
            "Alias": "n",
            "Startup Cost": 0.43,
            "Total Cost": 188589.67,
            "Plan Rows": 1747242,
            "Plan Width": 19,
            "Actual Startup Time": 0.021,
            "Actual Total Time": 1282.154,
            "Actual Rows": 1739579,
            "Actual Loops": 1,
            "Filter": "((gender)::text = 'm'::text)",
            "Rows Removed by Filter": 2427912
          },
          {
            "Node Type": "Sort",
            "Parent Relationship": "Inner",
            "Parallel Aware": false,
            "Startup Cost": 1503985.89,
            "Total Cost": 1503985.9,
            "Plan Rows": 1,
            "Plan Width": 70,
            "Actual Startup Time": 7490.077,
            "Actual Total Time": 7490.412,
            "Actual Rows": 758,
            "Actual Loops": 1,
            "Sort Key": [
              "ci.person_id"
            ],
            "Sort Method": "quicksort",
            "Sort Space Used": 107,
            "Sort Space Type": "Memory",
            "Plans": [
              {
                "Node Type": "Merge Join",
                "Parent Relationship": "Outer",
                "Parallel Aware": false,
                "Join Type": "Inner",
                "Startup Cost": 1503985.83,
                "Total Cost": 1503985.88,
                "Plan Rows": 1,
                "Plan Width": 70,
                "Actual Startup Time": 7488.043,
                "Actual Total Time": 7489.936,
                "Actual Rows": 1021,
                "Actual Loops": 1,
                "Inner Unique": true,
                "Merge Cond": "(mk.keyword_id = k.id)",
                "Plans": [
                  {
                    "Node Type": "Sort",
                    "Parent Relationship": "Outer",
                    "Parallel Aware": false,
                    "Startup Cost": 1500521.04,
                    "Total Cost": 1500521.05,
                    "Plan Rows": 2,
                    "Plan Width": 74,
                    "Actual Startup Time": 7465.167,
                    "Actual Total Time": 7466.341,
                    "Actual Rows": 7166,
                    "Actual Loops": 1,
                    "Sort Key": [
                      "mk.keyword_id"
                    ],
                    "Sort Method": "quicksort",
                    "Sort Space Used": 5372,
                    "Sort Space Type": "Memory",
                    "Plans": [
                      {
                        "Node Type": "Merge Join",
                        "Parent Relationship": "Outer",
                        "Parallel Aware": false,
                        "Join Type": "Inner",
                        "Startup Cost": 1312063.13,
                        "Total Cost": 1500521.03,
                        "Plan Rows": 2,
                        "Plan Width": 74,
                        "Actual Startup Time": 6703.387,
                        "Actual Total Time": 7452.506,
                        "Actual Rows": 46494,
                        "Actual Loops": 1,
                        "Inner Unique": false,
                        "Merge Cond": "(mk.movie_id = t.id)",
                        "Plans": [
                          {
                            "Node Type": "Index Scan",
                            "Parent Relationship": "Outer",
                            "Parallel Aware": false,
                            "Scan Direction": "Forward",
                            "Index Name": "movie_id_movie_keyword",
                            "Relation Name": "movie_keyword",
                            "Alias": "mk",
                            "Startup Cost": 0.43,
                            "Total Cost": 177148.48,
                            "Plan Rows": 4523930,
                            "Plan Width": 8,
                            "Actual Startup Time": 0.014,
                            "Actual Total Time": 513.963,
                            "Actual Rows": 4509044,
                            "Actual Loops": 1
                          },
                          {
                            "Node Type": "Sort",
                            "Parent Relationship": "Inner",
                            "Parallel Aware": false,
                            "Startup Cost": 1312062.7,
                            "Total Cost": 1312062.7,
                            "Plan Rows": 1,
                            "Plan Width": 90,
                            "Actual Startup Time": 6672.978,
                            "Actual Total Time": 6675.22,
                            "Actual Rows": 46330,
                            "Actual Loops": 1,
                            "Sort Key": [
                              "cc.movie_id"
                            ],
                            "Sort Method": "quicksort",
                            "Sort Space Used": 77,
                            "Sort Space Type": "Memory",
                            "Plans": [
                              {
                                "Node Type": "Merge Join",
                                "Parent Relationship": "Outer",
                                "Parallel Aware": false,
                                "Join Type": "Inner",
                                "Startup Cost": 1312062.66,
                                "Total Cost": 1312062.69,
                                "Plan Rows": 1,
                                "Plan Width": 90,
                                "Actual Startup Time": 6672.821,
                                "Actual Total Time": 6673.053,
                                "Actual Rows": 384,
                                "Actual Loops": 1,
                                "Inner Unique": true,
                                "Merge Cond": "(mi.info_type_id = it1.id)",
                                "Plans": [
                                  {
                                    "Node Type": "Sort",
                                    "Parent Relationship": "Outer",
                                    "Parallel Aware": false,
                                    "Startup Cost": 1312060.24,
                                    "Total Cost": 1312060.24,
                                    "Plan Rows": 1,
                                    "Plan Width": 94,
                                    "Actual Startup Time": 6672.75,
                                    "Actual Total Time": 6672.925,
                                    "Actual Rows": 384,
                                    "Actual Loops": 1,
                                    "Sort Key": [
                                      "mi.info_type_id"
                                    ],
                                    "Sort Method": "quicksort",
                                    "Sort Space Used": 78,
                                    "Sort Space Type": "Memory",
                                    "Plans": [
                                      {
                                        "Node Type": "Merge Join",
                                        "Parent Relationship": "Outer",
                                        "Parallel Aware": false,
                                        "Join Type": "Inner",
                                        "Startup Cost": 1306222.7,
                                        "Total Cost": 1312060.23,
                                        "Plan Rows": 1,
                                        "Plan Width": 94,
                                        "Actual Startup Time": 6513.973,
                                        "Actual Total Time": 6672.767,
                                        "Actual Rows": 384,
                                        "Actual Loops": 1,
                                        "Inner Unique": false,
                                        "Merge Cond": "(t.id = ci.movie_id)",
                                        "Plans": [
                                          {
                                            "Node Type": "Sort",
                                            "Parent Relationship": "Outer",
                                            "Parallel Aware": false,
                                            "Startup Cost": 471548.38,
                                            "Total Cost": 471548.39,
                                            "Plan Rows": 1,
                                            "Plan Width": 86,
                                            "Actual Startup Time": 3809.134,
                                            "Actual Total Time": 3809.291,
                                            "Actual Rows": 432,
                                            "Actual Loops": 1,
                                            "Sort Key": [
                                              "cc.movie_id"
                                            ],
                                            "Sort Method": "quicksort",
                                            "Sort Space Used": 80,
                                            "Sort Space Type": "Memory",
                                            "Plans": [
                                              {
                                                "Node Type": "Merge Join",
                                                "Parent Relationship": "Outer",
                                                "Parallel Aware": false,
                                                "Join Type": "Inner",
                                                "Startup Cost": 471547.66,
                                                "Total Cost": 471548.37,
                                                "Plan Rows": 1,
                                                "Plan Width": 86,
                                                "Actual Startup Time": 3808.853,
                                                "Actual Total Time": 3809.091,
                                                "Actual Rows": 432,
                                                "Actual Loops": 1,
                                                "Inner Unique": true,
                                                "Merge Cond": "(mi_idx.info_type_id = it2.id)",
                                                "Plans": [
                                                  {
                                                    "Node Type": "Sort",
                                                    "Parent Relationship": "Outer",
                                                    "Parallel Aware": false,
                                                    "Startup Cost": 471545.23,
                                                    "Total Cost": 471545.58,
                                                    "Plan Rows": 141,
                                                    "Plan Width": 90,
                                                    "Actual Startup Time": 3808.655,
                                                    "Actual Total Time": 3808.866,
                                                    "Actual Rows": 865,
                                                    "Actual Loops": 1,
                                                    "Sort Key": [
                                                      "mi_idx.info_type_id"
                                                    ],
                                                    "Sort Method": "quicksort",
                                                    "Sort Space Used": 225,
                                                    "Sort Space Type": "Memory",
                                                    "Plans": [
                                                      {
                                                        "Node Type": "Merge Join",
                                                        "Parent Relationship": "Outer",
                                                        "Parallel Aware": false,
                                                        "Join Type": "Inner",
                                                        "Startup Cost": 414465.1,
                                                        "Total Cost": 471540.19,
                                                        "Plan Rows": 141,
                                                        "Plan Width": 90,
                                                        "Actual Startup Time": 3446.711,
                                                        "Actual Total Time": 3808.023,
                                                        "Actual Rows": 1303,
                                                        "Actual Loops": 1,
                                                        "Inner Unique": false,
                                                        "Merge Cond": "(mi_idx.movie_id = t.id)",
                                                        "Plans": [
                                                          {
                                                            "Node Type": "Index Scan",
                                                            "Parent Relationship": "Outer",
                                                            "Parallel Aware": false,
                                                            "Scan Direction": "Forward",
                                                            "Index Name": "movie_id_movie_info_idx",
                                                            "Relation Name": "movie_info_idx",
                                                            "Alias": "mi_idx",
                                                            "Startup Cost": 0.43,
                                                            "Total Cost": 53622.74,
                                                            "Plan Rows": 1380035,
                                                            "Plan Width": 14,
                                                            "Actual Startup Time": 0.019,
                                                            "Actual Total Time": 256.985,
                                                            "Actual Rows": 1375122,
                                                            "Actual Loops": 1
                                                          },
                                                          {
                                                            "Node Type": "Sort",
                                                            "Parent Relationship": "Inner",
                                                            "Parallel Aware": false,
                                                            "Startup Cost": 414464.67,
                                                            "Total Cost": 414465.32,
                                                            "Plan Rows": 258,
                                                            "Plan Width": 76,
                                                            "Actual Startup Time": 3418.822,
                                                            "Actual Total Time": 3419.129,
                                                            "Actual Rows": 1301,
                                                            "Actual Loops": 1,
                                                            "Sort Key": [
                                                              "cc.movie_id"
                                                            ],
                                                            "Sort Method": "quicksort",
                                                            "Sort Space Used": 62,
                                                            "Sort Space Type": "Memory",
                                                            "Plans": [
                                                              {
                                                                "Node Type": "Merge Join",
                                                                "Parent Relationship": "Outer",
                                                                "Parallel Aware": false,
                                                                "Join Type": "Inner",
                                                                "Startup Cost": 414449.16,
                                                                "Total Cost": 414454.34,
                                                                "Plan Rows": 258,
                                                                "Plan Width": 76,
                                                                "Actual Startup Time": 3418.5,
                                                                "Actual Total Time": 3418.744,
                                                                "Actual Rows": 432,
                                                                "Actual Loops": 1,
                                                                "Inner Unique": true,
                                                                "Merge Cond": "(cc.subject_id = cct1.id)",
                                                                "Plans": [
                                                                  {
                                                                    "Node Type": "Sort",
                                                                    "Parent Relationship": "Outer",
                                                                    "Parallel Aware": false,
                                                                    "Startup Cost": 414448.1,
                                                                    "Total Cost": 414449.39,
                                                                    "Plan Rows": 517,
                                                                    "Plan Width": 80,
                                                                    "Actual Startup Time": 3418.443,
                                                                    "Actual Total Time": 3418.586,
                                                                    "Actual Rows": 432,
                                                                    "Actual Loops": 1,
                                                                    "Sort Key": [
                                                                      "cc.subject_id"
                                                                    ],
                                                                    "Sort Method": "quicksort",
                                                                    "Sort Space Used": 66,
                                                                    "Sort Space Type": "Memory",
                                                                    "Plans": [
                                                                      {
                                                                        "Node Type": "Merge Join",
                                                                        "Parent Relationship": "Outer",
                                                                        "Parallel Aware": false,
                                                                        "Join Type": "Inner",
                                                                        "Startup Cost": 293642.64,
                                                                        "Total Cost": 414424.8,
                                                                        "Plan Rows": 517,
                                                                        "Plan Width": 80,
                                                                        "Actual Startup Time": 1608.491,
                                                                        "Actual Total Time": 3418.074,
                                                                        "Actual Rows": 432,
                                                                        "Actual Loops": 1,
                                                                        "Inner Unique": false,
                                                                        "Merge Cond": "(t.id = mi.movie_id)",
                                                                        "Plans": [
                                                                          {
                                                                            "Node Type": "Merge Join",
                                                                            "Parent Relationship": "Outer",
                                                                            "Parallel Aware": false,
                                                                            "Join Type": "Inner",
                                                                            "Startup Cost": 8618.16,
                                                                            "Total Cost": 129113.72,
                                                                            "Plan Rows": 18565,
                                                                            "Plan Width": 29,
                                                                            "Actual Startup Time": 60.559,
                                                                            "Actual Total Time": 2118.996,
                                                                            "Actual Rows": 2059,
                                                                            "Actual Loops": 1,
                                                                            "Inner Unique": false,
                                                                            "Merge Cond": "(t.id = cc.movie_id)",
                                                                            "Plans": [
                                                                              {
                                                                                "Node Type": "Index Scan",
                                                                                "Parent Relationship": "Outer",
                                                                                "Parallel Aware": false,
                                                                                "Scan Direction": "Forward",
                                                                                "Index Name": "title_pkey",
                                                                                "Relation Name": "title",
                                                                                "Alias": "t",
                                                                                "Startup Cost": 0.43,
                                                                                "Total Cost": 116680.33,
                                                                                "Plan Rows": 1389987,
                                                                                "Plan Width": 21,
                                                                                "Actual Startup Time": 0.019,
                                                                                "Actual Total Time": 1941.391,
                                                                                "Actual Rows": 1381207,
                                                                                "Actual Loops": 1,
                                                                                "Filter": "(production_year > 2000)",
                                                                                "Rows Removed by Filter": 1145098
                                                                              },
                                                                              {
                                                                                "Node Type": "Sort",
                                                                                "Parent Relationship": "Inner",
                                                                                "Parallel Aware": false,
                                                                                "Startup Cost": 8603.99,
                                                                                "Total Cost": 8688.42,
                                                                                "Plan Rows": 33772,
                                                                                "Plan Width": 8,
                                                                                "Actual Startup Time": 59.538,
                                                                                "Actual Total Time": 64.383,
                                                                                "Actual Rows": 24258,
                                                                                "Actual Loops": 1,
                                                                                "Sort Key": [
                                                                                  "cc.movie_id"
                                                                                ],
                                                                                "Sort Method": "quicksort",
                                                                                "Sort Space Used": 1921,
                                                                                "Sort Space Type": "Memory",
                                                                                "Plans": [
                                                                                  {
                                                                                    "Node Type": "Merge Join",
                                                                                    "Parent Relationship": "Outer",
                                                                                    "Parallel Aware": false,
                                                                                    "Join Type": "Inner",
                                                                                    "Startup Cost": 0.55,
                                                                                    "Total Cost": 6063.74,
                                                                                    "Plan Rows": 33772,
                                                                                    "Plan Width": 8,
                                                                                    "Actual Startup Time": 43.296,
                                                                                    "Actual Total Time": 53.303,
                                                                                    "Actual Rows": 24592,
                                                                                    "Actual Loops": 1,
                                                                                    "Inner Unique": true,
                                                                                    "Merge Cond": "(cc.status_id = cct2.id)",
                                                                                    "Plans": [
                                                                                      {
                                                                                        "Node Type": "Index Scan",
                                                                                        "Parent Relationship": "Outer",
                                                                                        "Parallel Aware": false,
                                                                                        "Scan Direction": "Forward",
                                                                                        "Index Name": "status_id_complete_cast",
                                                                                        "Relation Name": "complete_cast",
                                                                                        "Alias": "cc",
                                                                                        "Startup Cost": 0.42,
                                                                                        "Total Cost": 5376.1,
                                                                                        "Plan Rows": 135086,
                                                                                        "Plan Width": 12,
                                                                                        "Actual Startup Time": 0.023,
                                                                                        "Actual Total Time": 32.533,
                                                                                        "Actual Rows": 135086,
                                                                                        "Actual Loops": 1
                                                                                      },
                                                                                      {
                                                                                        "Node Type": "Index Scan",
                                                                                        "Parent Relationship": "Inner",
                                                                                        "Parallel Aware": false,
                                                                                        "Scan Direction": "Forward",
                                                                                        "Index Name": "comp_cast_type_pkey",
                                                                                        "Relation Name": "comp_cast_type",
                                                                                        "Alias": "cct2",
                                                                                        "Startup Cost": 0.13,
                                                                                        "Total Cost": 12.2,
                                                                                        "Plan Rows": 1,
                                                                                        "Plan Width": 4,
                                                                                        "Actual Startup Time": 0.009,
                                                                                        "Actual Total Time": 0.009,
                                                                                        "Actual Rows": 1,
                                                                                        "Actual Loops": 1,
                                                                                        "Filter": "((kind)::text = 'complete+verified'::text)",
                                                                                        "Rows Removed by Filter": 3
                                                                                      }
                                                                                    ]
                                                                                  }
                                                                                ]
                                                                              }
                                                                            ]
                                                                          },
                                                                          {
                                                                            "Node Type": "Sort",
                                                                            "Parent Relationship": "Inner",
                                                                            "Parallel Aware": false,
                                                                            "Startup Cost": 285024.48,
                                                                            "Total Cost": 285200.42,
                                                                            "Plan Rows": 70378,
                                                                            "Plan Width": 51,
                                                                            "Actual Startup Time": 1285.538,
                                                                            "Actual Total Time": 1291.4,
                                                                            "Actual Rows": 73070,
                                                                            "Actual Loops": 1,
                                                                            "Sort Key": [
                                                                              "mi.movie_id"
                                                                            ],
                                                                            "Sort Method": "quicksort",
                                                                            "Sort Space Used": 7817,
                                                                            "Sort Space Type": "Memory",
                                                                            "Plans": [
                                                                              {
                                                                                "Node Type": "Gather",
                                                                                "Parent Relationship": "Outer",
                                                                                "Parallel Aware": false,
                                                                                "Startup Cost": 1000.0,
                                                                                "Total Cost": 279358.05,
                                                                                "Plan Rows": 70378,
                                                                                "Plan Width": 51,
                                                                                "Actual Startup Time": 795.999,
                                                                                "Actual Total Time": 1264.346,
                                                                                "Actual Rows": 73047,
                                                                                "Actual Loops": 1,
                                                                                "Workers Planned": 1,
                                                                                "Workers Launched": 1,
                                                                                "Single Copy": false,
                                                                                "Plans": [
                                                                                  {
                                                                                    "Node Type": "Seq Scan",
                                                                                    "Parent Relationship": "Outer",
                                                                                    "Parallel Aware": true,
                                                                                    "Relation Name": "movie_info",
                                                                                    "Alias": "mi",
                                                                                    "Startup Cost": 0.0,
                                                                                    "Total Cost": 271320.25,
                                                                                    "Plan Rows": 41399,
                                                                                    "Plan Width": 51,
                                                                                    "Actual Startup Time": 790.389,
                                                                                    "Actual Total Time": 1249.075,
                                                                                    "Actual Rows": 36524,
                                                                                    "Actual Loops": 2,
                                                                                    "Filter": "(info = ANY ('{Horror,Thriller}'::text[]))",
                                                                                    "Rows Removed by Filter": 7381336
                                                                                  }
                                                                                ]
                                                                              }
                                                                            ]
                                                                          }
                                                                        ]
                                                                      }
                                                                    ]
                                                                  },
                                                                  {
                                                                    "Node Type": "Sort",
                                                                    "Parent Relationship": "Inner",
                                                                    "Parallel Aware": false,
                                                                    "Startup Cost": 1.06,
                                                                    "Total Cost": 1.06,
                                                                    "Plan Rows": 2,
                                                                    "Plan Width": 4,
                                                                    "Actual Startup Time": 0.053,
                                                                    "Actual Total Time": 0.054,
                                                                    "Actual Rows": 2,
                                                                    "Actual Loops": 1,
                                                                    "Sort Key": [
                                                                      "cct1.id"
                                                                    ],
                                                                    "Sort Method": "quicksort",
                                                                    "Sort Space Used": 25,
                                                                    "Sort Space Type": "Memory",
                                                                    "Plans": [
                                                                      {
                                                                        "Node Type": "Seq Scan",
                                                                        "Parent Relationship": "Outer",
                                                                        "Parallel Aware": false,
                                                                        "Relation Name": "comp_cast_type",
                                                                        "Alias": "cct1",
                                                                        "Startup Cost": 0.0,
                                                                        "Total Cost": 1.05,
                                                                        "Plan Rows": 2,
                                                                        "Plan Width": 4,
                                                                        "Actual Startup Time": 0.033,
                                                                        "Actual Total Time": 0.035,
                                                                        "Actual Rows": 2,
                                                                        "Actual Loops": 1,
                                                                        "Filter": "((kind)::text = ANY ('{cast,crew}'::text[]))",
                                                                        "Rows Removed by Filter": 2
                                                                      }
                                                                    ]
                                                                  }
                                                                ]
                                                              }
                                                            ]
                                                          }
                                                        ]
                                                      }
                                                    ]
                                                  },
                                                  {
                                                    "Node Type": "Sort",
                                                    "Parent Relationship": "Inner",
                                                    "Parallel Aware": false,
                                                    "Startup Cost": 2.42,
                                                    "Total Cost": 2.43,
                                                    "Plan Rows": 1,
                                                    "Plan Width": 4,
                                                    "Actual Startup Time": 0.049,
                                                    "Actual Total Time": 0.05,
                                                    "Actual Rows": 1,
                                                    "Actual Loops": 1,
                                                    "Sort Key": [
                                                      "it2.id"
                                                    ],
                                                    "Sort Method": "quicksort",
                                                    "Sort Space Used": 25,
                                                    "Sort Space Type": "Memory",
                                                    "Plans": [
                                                      {
                                                        "Node Type": "Seq Scan",
                                                        "Parent Relationship": "Outer",
                                                        "Parallel Aware": false,
                                                        "Relation Name": "info_type",
                                                        "Alias": "it2",
                                                        "Startup Cost": 0.0,
                                                        "Total Cost": 2.41,
                                                        "Plan Rows": 1,
                                                        "Plan Width": 4,
                                                        "Actual Startup Time": 0.034,
                                                        "Actual Total Time": 0.036,
                                                        "Actual Rows": 1,
                                                        "Actual Loops": 1,
                                                        "Filter": "((info)::text = 'votes'::text)",
                                                        "Rows Removed by Filter": 112
                                                      }
                                                    ]
                                                  }
                                                ]
                                              }
                                            ]
                                          },
                                          {
                                            "Node Type": "Sort",
                                            "Parent Relationship": "Inner",
                                            "Parallel Aware": false,
                                            "Startup Cost": 834674.32,
                                            "Total Cost": 837593.07,
                                            "Plan Rows": 1167502,
                                            "Plan Width": 8,
                                            "Actual Startup Time": 2682.257,
                                            "Actual Total Time": 2787.831,
                                            "Actual Rows": 1243412,
                                            "Actual Loops": 1,
                                            "Sort Key": [
                                              "ci.movie_id"
                                            ],
                                            "Sort Method": "quicksort",
                                            "Sort Space Used": 107499,
                                            "Sort Space Type": "Memory",
                                            "Plans": [
                                              {
                                                "Node Type": "Gather",
                                                "Parent Relationship": "Outer",
                                                "Parallel Aware": false,
                                                "Startup Cost": 1000.0,
                                                "Total Cost": 717019.34,
                                                "Plan Rows": 1167502,
                                                "Plan Width": 8,
                                                "Actual Startup Time": 196.969,
                                                "Actual Total Time": 2415.841,
                                                "Actual Rows": 1244716,
                                                "Actual Loops": 1,
                                                "Workers Planned": 1,
                                                "Workers Launched": 1,
                                                "Single Copy": false,
                                                "Plans": [
                                                  {
                                                    "Node Type": "Seq Scan",
                                                    "Parent Relationship": "Outer",
                                                    "Parallel Aware": true,
                                                    "Relation Name": "cast_info",
                                                    "Alias": "ci",
                                                    "Startup Cost": 0.0,
                                                    "Total Cost": 599269.14,
                                                    "Plan Rows": 686766,
                                                    "Plan Width": 8,
                                                    "Actual Startup Time": 135.945,
                                                    "Actual Total Time": 2296.597,
                                                    "Actual Rows": 622358,
                                                    "Actual Loops": 2,
                                                    "Filter": "(note = ANY ('{(writer),\"(head writer)\",\"(written by)\",(story),\"(story editor)\"}'::text[]))",
                                                    "Rows Removed by Filter": 17499814
                                                  }
                                                ]
                                              }
                                            ]
                                          }
                                        ]
                                      }
                                    ]
                                  },
                                  {
                                    "Node Type": "Sort",
                                    "Parent Relationship": "Inner",
                                    "Parallel Aware": false,
                                    "Startup Cost": 2.42,
                                    "Total Cost": 2.43,
                                    "Plan Rows": 1,
                                    "Plan Width": 4,
                                    "Actual Startup Time": 0.066,
                                    "Actual Total Time": 0.067,
                                    "Actual Rows": 1,
                                    "Actual Loops": 1,
                                    "Sort Key": [
                                      "it1.id"
                                    ],
                                    "Sort Method": "quicksort",
                                    "Sort Space Used": 25,
                                    "Sort Space Type": "Memory",
                                    "Plans": [
                                      {
                                        "Node Type": "Seq Scan",
                                        "Parent Relationship": "Outer",
                                        "Parallel Aware": false,
                                        "Relation Name": "info_type",
                                        "Alias": "it1",
                                        "Startup Cost": 0.0,
                                        "Total Cost": 2.41,
                                        "Plan Rows": 1,
                                        "Plan Width": 4,
                                        "Actual Startup Time": 0.028,
                                        "Actual Total Time": 0.033,
                                        "Actual Rows": 1,
                                        "Actual Loops": 1,
                                        "Filter": "((info)::text = 'genres'::text)",
                                        "Rows Removed by Filter": 112
                                      }
                                    ]
                                  }
                                ]
                              }
                            ]
                          }
                        ]
                      }
                    ]
                  },
                  {
                    "Node Type": "Sort",
                    "Parent Relationship": "Inner",
                    "Parallel Aware": false,
                    "Startup Cost": 3464.79,
                    "Total Cost": 3464.8,
                    "Plan Rows": 7,
                    "Plan Width": 4,
                    "Actual Startup Time": 22.584,
                    "Actual Total Time": 22.585,
                    "Actual Rows": 7,
                    "Actual Loops": 1,
                    "Sort Key": [
                      "k.id"
                    ],
                    "Sort Method": "quicksort",
                    "Sort Space Used": 25,
                    "Sort Space Type": "Memory",
                    "Plans": [
                      {
                        "Node Type": "Seq Scan",
                        "Parent Relationship": "Outer",
                        "Parallel Aware": false,
                        "Relation Name": "keyword",
                        "Alias": "k",
                        "Startup Cost": 0.0,
                        "Total Cost": 3464.69,
                        "Plan Rows": 7,
                        "Plan Width": 4,
                        "Actual Startup Time": 0.533,
                        "Actual Total Time": 22.572,
                        "Actual Rows": 7,
                        "Actual Loops": 1,
                        "Filter": "(keyword = ANY ('{murder,violence,blood,gore,death,female-nudity,hospital}'::text[]))",
                        "Rows Removed by Filter": 134163
                      }
                    ]
                  }
                ]
              }
            ]
          }
        ]
      }
    ]
  },
  "Planning Time": 4.313,
  "Triggers": [],
  "Execution Time": 8865.795
}