[
  {
    "Plan": {
      "Node Type": "Aggregate",
      "Strategy": "Plain",
      "Partial Mode": "Finalize",
      "Parallel Aware": false,
      "Startup Cost": 376733.52,
      "Total Cost": 376733.53,
      "Plan Rows": 1,
      "Plan Width": 8,
      "Actual Startup Time": 3168.921,
      "Actual Total Time": 3258.096,
      "Actual Rows": 1,
      "Actual Loops": 1,
      "Plans": [
        {
          "Node Type": "Gather",
          "Parent Relationship": "Outer",
          "Parallel Aware": false,
          "Startup Cost": 376733.0,
          "Total Cost": 376733.51,
          "Plan Rows": 5,
          "Plan Width": 8,
          "Actual Startup Time": 3163.98,
          "Actual Total Time": 3258.085,
          "Actual Rows": 6,
          "Actual Loops": 1,
          "Workers Planned": 5,
          "Workers Launched": 5,
          "Single Copy": false,
          "Plans": [
            {
              "Node Type": "Aggregate",
              "Strategy": "Plain",
              "Partial Mode": "Partial",
              "Parent Relationship": "Outer",
              "Parallel Aware": false,
              "Startup Cost": 375733.0,
              "Total Cost": 375733.01,
              "Plan Rows": 1,
              "Plan Width": 8,
              "Actual Startup Time": 3152.981,
              "Actual Total Time": 3152.984,
              "Actual Rows": 1,
              "Actual Loops": 6,
              "Plans": [
                {
                  "Node Type": "Nested Loop",
                  "Parent Relationship": "Outer",
                  "Parallel Aware": false,
                  "Join Type": "Inner",
                  "Startup Cost": 88400.35,
                  "Total Cost": 375503.96,
                  "Plan Rows": 91615,
                  "Plan Width": 0,
                  "Actual Startup Time": 352.911,
                  "Actual Total Time": 3138.944,
                  "Actual Rows": 213991,
                  "Actual Loops": 6,
                  "Inner Unique": false,
                  "Plans": [
                    {
                      "Node Type": "Merge Join",
                      "Parent Relationship": "Outer",
                      "Parallel Aware": false,
                      "Join Type": "Inner",
                      "Startup Cost": 88399.78,
                      "Total Cost": 183162.54,
                      "Plan Rows": 99628,
                      "Plan Width": 8,
                      "Actual Startup Time": 352.405,
                      "Actual Total Time": 798.397,
                      "Actual Rows": 84914,
                      "Actual Loops": 6,
                      "Inner Unique": false,
                      "Merge Cond": "(t.id = mk.movie_id)",
                      "Plans": [
                        {
                          "Node Type": "Index Only Scan",
                          "Parent Relationship": "Outer",
                          "Parallel Aware": true,
                          "Scan Direction": "Forward",
                          "Index Name": "title_pkey",
                          "Relation Name": "title",
                          "Alias": "t",
                          "Startup Cost": 0.43,
                          "Total Cost": 90113.62,
                          "Plan Rows": 505659,
                          "Plan Width": 4,
                          "Actual Startup Time": 0.266,
                          "Actual Total Time": 345.092,
                          "Actual Rows": 420965,
                          "Actual Loops": 6,
                          "Heap Fetches": 2525791
                        },
                        {
                          "Node Type": "Sort",
                          "Parent Relationship": "Inner",
                          "Parallel Aware": false,
                          "Startup Cost": 88389.23,
                          "Total Cost": 89634.58,
                          "Plan Rows": 498140,
                          "Plan Width": 4,
                          "Actual Startup Time": 351.911,
                          "Actual Total Time": 382.257,
                          "Actual Rows": 509486,
                          "Actual Loops": 6,
                          "Sort Key": [
                            "mk.movie_id"
                          ],
                          "Sort Method": "quicksort",
                          "Sort Space Used": 36171,
                          "Sort Space Type": "Memory",
                          "Workers": [
                            {
                              "Worker Number": 0,
                              "Sort Method": "quicksort",
                              "Sort Space Used": 36171,
                              "Sort Space Type": "Memory"
                            },
                            {
                              "Worker Number": 1,
                              "Sort Method": "quicksort",
                              "Sort Space Used": 36171,
                              "Sort Space Type": "Memory"
                            },
                            {
                              "Worker Number": 2,
                              "Sort Method": "quicksort",
                              "Sort Space Used": 36171,
                              "Sort Space Type": "Memory"
                            },
                            {
                              "Worker Number": 3,
                              "Sort Method": "quicksort",
                              "Sort Space Used": 36171,
                              "Sort Space Type": "Memory"
                            },
                            {
                              "Worker Number": 4,
                              "Sort Method": "quicksort",
                              "Sort Space Used": 36171,
                              "Sort Space Type": "Memory"
                            }
                          ],
                          "Plans": [
                            {
                              "Node Type": "Bitmap Heap Scan",
                              "Parent Relationship": "Outer",
                              "Parallel Aware": false,
                              "Relation Name": "movie_keyword",
                              "Alias": "mk",
                              "Startup Cost": 10569.02,
                              "Total Cost": 41249.77,
                              "Plan Rows": 498140,
                              "Plan Width": 4,
                              "Actual Startup Time": 54.395,
                              "Actual Total Time": 212.961,
                              "Actual Rows": 509486,
                              "Actual Loops": 6,
                              "Recheck Cond": "(keyword_id < 373)",
                              "Rows Removed by Index Recheck": 0,
                              "Exact Heap Blocks": 24272,
                              "Lossy Heap Blocks": 0,
                              "Plans": [
                                {
                                  "Node Type": "Bitmap Index Scan",
                                  "Parent Relationship": "Outer",
                                  "Parallel Aware": false,
                                  "Index Name": "keyword_id_movie_keyword",
                                  "Startup Cost": 0.0,
                                  "Total Cost": 10444.48,
                                  "Plan Rows": 498140,
                                  "Plan Width": 0,
                                  "Actual Startup Time": 50.142,
                                  "Actual Total Time": 50.142,
                                  "Actual Rows": 509486,
                                  "Actual Loops": 6,
                                  "Index Cond": "(keyword_id < 373)"
                                }
                              ]
                            }
                          ]
                        }
                      ]
                    },
                    {
                      "Node Type": "Index Scan",
                      "Parent Relationship": "Inner",
                      "Parallel Aware": false,
                      "Scan Direction": "Forward",
                      "Index Name": "movie_id_cast_info",
                      "Relation Name": "cast_info",
                      "Alias": "ci",
                      "Startup Cost": 0.56,
                      "Total Cost": 1.91,
                      "Plan Rows": 2,
                      "Plan Width": 4,
                      "Actual Startup Time": 0.008,
                      "Actual Total Time": 0.027,
                      "Actual Rows": 3,
                      "Actual Loops": 509486,
                      "Index Cond": "(movie_id = t.id)",
                      "Rows Removed by Index Recheck": 0,
                      "Filter": "(person_id < 227517)",
                      "Rows Removed by Filter": 36
                    }
                  ]
                }
              ]
            }
          ]
        }
      ]
    },
    "Planning Time": 1.263,
    "Triggers": [],
    "Execution Time": 3264.798
  }
]