[
    {
        "Bao": {
            "Bao prediction": "NaN",
            "Bao recommended hint": "(no hint)"
        }
    },
    {
        "Plan": {
            "Node Type": "Aggregate",
            "Strategy": "Plain",
            "Partial Mode": "Simple",
            "Parallel Aware": false,
            "Startup Cost": 23843.84,
            "Total Cost": 23843.85,
            "Plan Rows": 1,
            "Plan Width": 8,
            "Actual Startup Time": 19.961,
            "Actual Total Time": 19.963,
            "Actual Rows": 1,
            "Actual Loops": 1,
            "Output": [
                "count(*)"
            ],
            "Plans": [
                {
                    "Node Type": "Bitmap Heap Scan",
                    "Parent Relationship": "Outer",
                    "Parallel Aware": false,
                    "Relation Name": "movie_keyword",
                    "Schema": "public",
                    "Alias": "mk",
                    "Startup Cost": 359.32,
                    "Total Cost": 23801.62,
                    "Plan Rows": 16889,
                    "Plan Width": 0,
                    "Actual Startup Time": 3.698,
                    "Actual Total Time": 18.984,
                    "Actual Rows": 20522,
                    "Actual Loops": 1,
                    "Recheck Cond": "(mk.keyword_id = 382)",
                    "Rows Removed by Index Recheck": 0,
                    "Exact Heap Blocks": 11073,
                    "Lossy Heap Blocks": 0,
                    "Plans": [
                        {
                            "Node Type": "Bitmap Index Scan",
                            "Parent Relationship": "Outer",
                            "Parallel Aware": false,
                            "Index Name": "keyword_id_movie_keyword",
                            "Startup Cost": 0.0,
                            "Total Cost": 355.1,
                            "Plan Rows": 16889,
                            "Plan Width": 0,
                            "Actual Startup Time": 1.985,
                            "Actual Total Time": 1.986,
                            "Actual Rows": 20522,
                            "Actual Loops": 1,
                            "Index Cond": "(mk.keyword_id = 382)"
                        }
                    ]
                }
            ]
        },
        "Planning Time": 175.615,
        "Triggers": [],
        "Execution Time": 20.001
    }
]