[
  {
    "Plan": {
      "Node Type": "Aggregate",
      "Strategy": "Plain",
      "Partial Mode": "Finalize",
      "Parallel Aware": false,
      "Startup Cost": 275110.81,
      "Total Cost": 275110.82,
      "Plan Rows": 1,
      "Plan Width": 8,
      "Actual Startup Time": 1302.522,
      "Actual Total Time": 1335.743,
      "Actual Rows": 1,
      "Actual Loops": 1,
      "Plans": [
        {
          "Node Type": "Gather",
          "Parent Relationship": "Outer",
          "Parallel Aware": false,
          "Startup Cost": 275110.49,
          "Total Cost": 275110.8,
          "Plan Rows": 3,
          "Plan Width": 8,
          "Actual Startup Time": 1278.954,
          "Actual Total Time": 1335.734,
          "Actual Rows": 4,
          "Actual Loops": 1,
          "Workers Planned": 3,
          "Workers Launched": 3,
          "Single Copy": false,
          "Plans": [
            {
              "Node Type": "Aggregate",
              "Strategy": "Plain",
              "Partial Mode": "Partial",
              "Parent Relationship": "Outer",
              "Parallel Aware": false,
              "Startup Cost": 274110.49,
              "Total Cost": 274110.5,
              "Plan Rows": 1,
              "Plan Width": 8,
              "Actual Startup Time": 1265.414,
              "Actual Total Time": 1265.421,
              "Actual Rows": 1,
              "Actual Loops": 4,
              "Plans": [
                {
                  "Node Type": "Hash Join",
                  "Parent Relationship": "Outer",
                  "Parallel Aware": true,
                  "Join Type": "Inner",
                  "Startup Cost": 241605.96,
                  "Total Cost": 273452.0,
                  "Plan Rows": 263394,
                  "Plan Width": 0,
                  "Actual Startup Time": 810.659,
                  "Actual Total Time": 1166.727,
                  "Actual Rows": 2026402,
                  "Actual Loops": 4,
                  "Inner Unique": false,
                  "Hash Cond": "(mc.movie_id = t.id)",
                  "Plans": [
                    {
                      "Node Type": "Seq Scan",
                      "Parent Relationship": "Outer",
                      "Parallel Aware": true,
                      "Relation Name": "movie_companies",
                      "Alias": "mc",
                      "Startup Cost": 0.0,
                      "Total Cost": 29310.68,
                      "Plan Rows": 535618,
                      "Plan Width": 4,
                      "Actual Startup Time": 2.99,
                      "Actual Total Time": 85.226,
                      "Actual Rows": 415285,
                      "Actual Loops": 4,
                      "Filter": "(company_id > 3671)",
                      "Rows Removed by Filter": 236997
                    },
                    {
                      "Node Type": "Hash",
                      "Parent Relationship": "Inner",
                      "Parallel Aware": true,
                      "Startup Cost": 238497.7,
                      "Total Cost": 238497.7,
                      "Plan Rows": 248661,
                      "Plan Width": 8,
                      "Actual Startup Time": 800.289,
                      "Actual Total Time": 800.294,
                      "Actual Rows": 301177,
                      "Actual Loops": 4,
                      "Hash Buckets": 2097152,
                      "Original Hash Buckets": 2097152,
                      "Hash Batches": 1,
                      "Original Hash Batches": 1,
                      "Peak Memory Usage": 63552,
                      "Plans": [
                        {
                          "Node Type": "Hash Join",
                          "Parent Relationship": "Outer",
                          "Parallel Aware": true,
                          "Join Type": "Inner",
                          "Startup Cost": 72743.7,
                          "Total Cost": 238497.7,
                          "Plan Rows": 248661,
                          "Plan Width": 8,
                          "Actual Startup Time": 456.759,
                          "Actual Total Time": 682.338,
                          "Actual Rows": 301177,
                          "Actual Loops": 4,
                          "Inner Unique": true,
                          "Hash Cond": "(mi.movie_id = t.id)",
                          "Plans": [
                            {
                              "Node Type": "Bitmap Heap Scan",
                              "Parent Relationship": "Outer",
                              "Parallel Aware": true,
                              "Relation Name": "movie_info",
                              "Alias": "mi",
                              "Startup Cost": 22524.06,
                              "Total Cost": 187625.32,
                              "Plan Rows": 248661,
                              "Plan Width": 4,
                              "Actual Startup Time": 78.597,
                              "Actual Total Time": 172.604,
                              "Actual Rows": 301177,
                              "Actual Loops": 4,
                              "Recheck Cond": "(info_type_id > 18)",
                              "Rows Removed by Index Recheck": 0,
                              "Exact Heap Blocks": 9287,
                              "Lossy Heap Blocks": 0,
                              "Plans": [
                                {
                                  "Node Type": "Bitmap Index Scan",
                                  "Parent Relationship": "Outer",
                                  "Parallel Aware": false,
                                  "Index Name": "info_type_id_movie_info",
                                  "Startup Cost": 0.0,
                                  "Total Cost": 22213.23,
                                  "Plan Rows": 1243306,
                                  "Plan Width": 0,
                                  "Actual Startup Time": 69.442,
                                  "Actual Total Time": 69.442,
                                  "Actual Rows": 1204709,
                                  "Actual Loops": 1,
                                  "Index Cond": "(info_type_id > 18)"
                                }
                              ]
                            },
                            {
                              "Node Type": "Hash",
                              "Parent Relationship": "Inner",
                              "Parallel Aware": true,
                              "Startup Cost": 42318.73,
                              "Total Cost": 42318.73,
                              "Plan Rows": 632073,
                              "Plan Width": 4,
                              "Actual Startup Time": 369.675,
                              "Actual Total Time": 369.676,
                              "Actual Rows": 632078,
                              "Actual Loops": 4,
                              "Hash Buckets": 4194304,
                              "Original Hash Buckets": 4194304,
                              "Hash Batches": 1,
                              "Original Hash Batches": 1,
                              "Peak Memory Usage": 131744,
                              "Plans": [
                                {
                                  "Node Type": "Seq Scan",
                                  "Parent Relationship": "Outer",
                                  "Parallel Aware": true,
                                  "Relation Name": "title",
                                  "Alias": "t",
                                  "Startup Cost": 0.0,
                                  "Total Cost": 42318.73,
                                  "Plan Rows": 632073,
                                  "Plan Width": 4,
                                  "Actual Startup Time": 0.05,
                                  "Actual Total Time": 108.631,
                                  "Actual Rows": 632078,
                                  "Actual Loops": 4
                                }
                              ]
                            }
                          ]
                        }
                      ]
                    }
                  ]
                }
              ]
            }
          ]
        }
      ]
    },
    "Planning Time": 1.442,
    "Triggers": [],
    "Execution Time": 1335.854
  }
]