{
  "Plan": {
    "Node Type": "Aggregate",
    "Strategy": "Plain",
    "Partial Mode": "Finalize",
    "Parallel Aware": false,
    "Startup Cost": 183247.74,
    "Total Cost": 183247.75,
    "Plan Rows": 1,
    "Plan Width": 8,
    "Actual Startup Time": 1497.278,
    "Actual Total Time": 1521.466,
    "Actual Rows": 1,
    "Actual Loops": 1,
    "Plans": [
      {
        "Node Type": "Gather",
        "Parent Relationship": "Outer",
        "Parallel Aware": false,
        "Startup Cost": 183247.63,
        "Total Cost": 183247.74,
        "Plan Rows": 1,
        "Plan Width": 8,
        "Actual Startup Time": 1494.329,
        "Actual Total Time": 1521.455,
        "Actual Rows": 2,
        "Actual Loops": 1,
        "Workers Planned": 1,
        "Workers Launched": 1,
        "Single Copy": false,
        "Plans": [
          {
            "Node Type": "Aggregate",
            "Strategy": "Plain",
            "Partial Mode": "Partial",
            "Parent Relationship": "Outer",
            "Parallel Aware": false,
            "Startup Cost": 182247.63,
            "Total Cost": 182247.64,
            "Plan Rows": 1,
            "Plan Width": 8,
            "Actual Startup Time": 1487.98,
            "Actual Total Time": 1487.989,
            "Actual Rows": 1,
            "Actual Loops": 2,
            "Plans": [
              {
                "Node Type": "Hash Join",
                "Parent Relationship": "Outer",
                "Parallel Aware": true,
                "Join Type": "Inner",
                "Startup Cost": 114844.89,
                "Total Cost": 181110.32,
                "Plan Rows": 454921,
                "Plan Width": 0,
                "Actual Startup Time": 881.99,
                "Actual Total Time": 1386.788,
                "Actual Rows": 2611274,
                "Actual Loops": 2,
                "Inner Unique": false,
                "Hash Cond": "(mk.movie_id = t.id)",
                "Plans": [
                  {
                    "Node Type": "Seq Scan",
                    "Parent Relationship": "Outer",
                    "Parallel Aware": true,
                    "Relation Name": "movie_keyword",
                    "Alias": "mk",
                    "Startup Cost": 0.0,
                    "Total Cost": 57718.19,
                    "Plan Rows": 1565663,
                    "Plan Width": 4,
                    "Actual Startup Time": 0.344,
                    "Actual Total Time": 196.906,
                    "Actual Rows": 1327093,
                    "Actual Loops": 2,
                    "Filter": "(keyword_id > 3154)",
                    "Rows Removed by Filter": 934872
                  },
                  {
                    "Node Type": "Hash",
                    "Parent Relationship": "Inner",
                    "Parallel Aware": true,
                    "Startup Cost": 109443.24,
                    "Total Cost": 109443.24,
                    "Plan Rows": 432132,
                    "Plan Width": 8,
                    "Actual Startup Time": 872.341,
                    "Actual Total Time": 872.347,
                    "Actual Rows": 365586,
                    "Actual Loops": 2,
                    "Hash Buckets": 1048576,
                    "Original Hash Buckets": 1048576,
                    "Hash Batches": 1,
                    "Original Hash Batches": 1,
                    "Peak Memory Usage": 36832,
                    "Plans": [
                      {
                        "Node Type": "Hash Join",
                        "Parent Relationship": "Outer",
                        "Parallel Aware": true,
                        "Join Type": "Inner",
                        "Startup Cost": 44054.78,
                        "Total Cost": 109443.24,
                        "Plan Rows": 432132,
                        "Plan Width": 8,
                        "Actual Startup Time": 259.882,
                        "Actual Total Time": 772.799,
                        "Actual Rows": 365586,
                        "Actual Loops": 2,
                        "Inner Unique": false,
                        "Hash Cond": "(t.id = mc.movie_id)",
                        "Plans": [
                          {
                            "Node Type": "Seq Scan",
                            "Parent Relationship": "Outer",
                            "Parallel Aware": true,
                            "Relation Name": "title",
                            "Alias": "t",
                            "Startup Cost": 0.0,
                            "Total Cost": 54588.39,
                            "Plan Rows": 1321298,
                            "Plan Width": 4,
                            "Actual Startup Time": 0.018,
                            "Actual Total Time": 170.182,
                            "Actual Rows": 1117552,
                            "Actual Loops": 2,
                            "Filter": "(production_year > 1957)",
                            "Rows Removed by Filter": 146604
                          },
                          {
                            "Node Type": "Hash",
                            "Parent Relationship": "Inner",
                            "Parallel Aware": true,
                            "Startup Cost": 37974.77,
                            "Total Cost": 37974.77,
                            "Plan Rows": 486401,
                            "Plan Width": 4,
                            "Actual Startup Time": 254.342,
                            "Actual Total Time": 254.344,
                            "Actual Rows": 410614,
                            "Actual Loops": 2,
                            "Hash Buckets": 1048576,
                            "Original Hash Buckets": 1048576,
                            "Hash Batches": 1,
                            "Original Hash Batches": 1,
                            "Peak Memory Usage": 40352,
                            "Plans": [
                              {
                                "Node Type": "Seq Scan",
                                "Parent Relationship": "Outer",
                                "Parallel Aware": true,
                                "Relation Name": "movie_companies",
                                "Alias": "mc",
                                "Startup Cost": 0.0,
                                "Total Cost": 37974.77,
                                "Plan Rows": 486401,
                                "Plan Width": 4,
                                "Actual Startup Time": 0.056,
                                "Actual Total Time": 143.557,
                                "Actual Rows": 410614,
                                "Actual Loops": 2,
                                "Filter": "(company_id < 1971)",
                                "Rows Removed by Filter": 893950
                              }
                            ]
                          }
                        ]
                      }
                    ]
                  }
                ]
              }
            ]
          }
        ]
      }
    ]
  },
  "Planning Time": 0.977,
  "Triggers": [],
  "Execution Time": 1521.561
}