[
  {
    "Plan": {
      "Node Type": "Aggregate",
      "Strategy": "Plain",
      "Partial Mode": "Finalize",
      "Parallel Aware": false,
      "Startup Cost": 397885.19,
      "Total Cost": 397885.2,
      "Plan Rows": 1,
      "Plan Width": 8,
      "Actual Startup Time": 951.972,
      "Actual Total Time": 1013.737,
      "Actual Rows": 1,
      "Actual Loops": 1,
      "Plans": [
        {
          "Node Type": "Gather",
          "Parent Relationship": "Outer",
          "Parallel Aware": false,
          "Startup Cost": 397884.57,
          "Total Cost": 397885.18,
          "Plan Rows": 6,
          "Plan Width": 8,
          "Actual Startup Time": 941.271,
          "Actual Total Time": 1013.723,
          "Actual Rows": 7,
          "Actual Loops": 1,
          "Workers Planned": 6,
          "Workers Launched": 6,
          "Single Copy": false,
          "Plans": [
            {
              "Node Type": "Aggregate",
              "Strategy": "Plain",
              "Partial Mode": "Partial",
              "Parent Relationship": "Outer",
              "Parallel Aware": false,
              "Startup Cost": 396884.57,
              "Total Cost": 396884.58,
              "Plan Rows": 1,
              "Plan Width": 8,
              "Actual Startup Time": 918.363,
              "Actual Total Time": 918.366,
              "Actual Rows": 1,
              "Actual Loops": 7,
              "Plans": [
                {
                  "Node Type": "Hash Join",
                  "Parent Relationship": "Outer",
                  "Parallel Aware": true,
                  "Join Type": "Inner",
                  "Startup Cost": 50646.09,
                  "Total Cost": 395547.32,
                  "Plan Rows": 534898,
                  "Plan Width": 0,
                  "Actual Startup Time": 690.454,
                  "Actual Total Time": 912.074,
                  "Actual Rows": 135484,
                  "Actual Loops": 7,
                  "Inner Unique": true,
                  "Hash Cond": "(ci.movie_id = t.id)",
                  "Plans": [
                    {
                      "Node Type": "Seq Scan",
                      "Parent Relationship": "Outer",
                      "Parallel Aware": true,
                      "Relation Name": "cast_info",
                      "Alias": "ci",
                      "Startup Cost": 0.0,
                      "Total Cost": 343257.03,
                      "Plan Rows": 626363,
                      "Plan Width": 4,
                      "Actual Startup Time": 447.131,
                      "Actual Total Time": 592.496,
                      "Actual Rows": 152128,
                      "Actual Loops": 7,
                      "Filter": "((person_id > 3278270) AND (role_id < 9))",
                      "Rows Removed by Filter": 5025635
                    },
                    {
                      "Node Type": "Hash",
                      "Parent Relationship": "Inner",
                      "Parallel Aware": true,
                      "Startup Cost": 43898.92,
                      "Total Cost": 43898.92,
                      "Plan Rows": 539774,
                      "Plan Width": 4,
                      "Actual Startup Time": 236.284,
                      "Actual Total Time": 236.285,
                      "Actual Rows": 306669,
                      "Actual Loops": 7,
                      "Hash Buckets": 4194304,
                      "Original Hash Buckets": 4194304,
                      "Hash Batches": 1,
                      "Original Hash Batches": 1,
                      "Peak Memory Usage": 116832,
                      "Plans": [
                        {
                          "Node Type": "Seq Scan",
                          "Parent Relationship": "Outer",
                          "Parallel Aware": true,
                          "Relation Name": "title",
                          "Alias": "t",
                          "Startup Cost": 0.0,
                          "Total Cost": 43898.92,
                          "Plan Rows": 539774,
                          "Plan Width": 4,
                          "Actual Startup Time": 0.046,
                          "Actual Total Time": 81.486,
                          "Actual Rows": 306669,
                          "Actual Loops": 7,
                          "Filter": "(production_year > 1965)",
                          "Rows Removed by Filter": 54518
                        }
                      ]
                    }
                  ]
                }
              ]
            }
          ]
        }
      ]
    },
    "Planning Time": 0.699,
    "Triggers": [],
    "Execution Time": 1013.819
  }
]