[
  {
    "Plan": {
      "Node Type": "Aggregate",
      "Strategy": "Plain",
      "Partial Mode": "Finalize",
      "Parallel Aware": false,
      "Startup Cost": 36376.26,
      "Total Cost": 36376.27,
      "Plan Rows": 1,
      "Plan Width": 8,
      "Actual Startup Time": 59.611,
      "Actual Total Time": 71.121,
      "Actual Rows": 1,
      "Actual Loops": 1,
      "Plans": [
        {
          "Node Type": "Gather",
          "Parent Relationship": "Outer",
          "Parallel Aware": false,
          "Startup Cost": 36375.95,
          "Total Cost": 36376.26,
          "Plan Rows": 3,
          "Plan Width": 8,
          "Actual Startup Time": 59.464,
          "Actual Total Time": 71.116,
          "Actual Rows": 4,
          "Actual Loops": 1,
          "Workers Planned": 3,
          "Workers Launched": 3,
          "Single Copy": false,
          "Plans": [
            {
              "Node Type": "Aggregate",
              "Strategy": "Plain",
              "Partial Mode": "Partial",
              "Parent Relationship": "Outer",
              "Parallel Aware": false,
              "Startup Cost": 35375.95,
              "Total Cost": 35375.96,
              "Plan Rows": 1,
              "Plan Width": 8,
              "Actual Startup Time": 53.587,
              "Actual Total Time": 53.589,
              "Actual Rows": 1,
              "Actual Loops": 4,
              "Plans": [
                {
                  "Node Type": "Nested Loop",
                  "Parent Relationship": "Outer",
                  "Parallel Aware": false,
                  "Join Type": "Inner",
                  "Startup Cost": 266.77,
                  "Total Cost": 35347.55,
                  "Plan Rows": 11357,
                  "Plan Width": 0,
                  "Actual Startup Time": 1.156,
                  "Actual Total Time": 52.196,
                  "Actual Rows": 17868,
                  "Actual Loops": 4,
                  "Inner Unique": false,
                  "Plans": [
                    {
                      "Node Type": "Nested Loop",
                      "Parent Relationship": "Outer",
                      "Parallel Aware": false,
                      "Join Type": "Inner",
                      "Startup Cost": 266.33,
                      "Total Cost": 31664.22,
                      "Plan Rows": 1934,
                      "Plan Width": 8,
                      "Actual Startup Time": 1.005,
                      "Actual Total Time": 18.554,
                      "Actual Rows": 1514,
                      "Actual Loops": 4,
                      "Inner Unique": true,
                      "Plans": [
                        {
                          "Node Type": "Bitmap Heap Scan",
                          "Parent Relationship": "Outer",
                          "Parallel Aware": true,
                          "Relation Name": "movie_companies",
                          "Alias": "mc",
                          "Startup Cost": 265.9,
                          "Total Cost": 17851.66,
                          "Plan Rows": 1934,
                          "Plan Width": 4,
                          "Actual Startup Time": 0.858,
                          "Actual Total Time": 6.538,
                          "Actual Rows": 1514,
                          "Actual Loops": 4,
                          "Recheck Cond": "(company_id = 11203)",
                          "Rows Removed by Index Recheck": 0,
                          "Filter": "(company_type_id < 2)",
                          "Rows Removed by Filter": 1440,
                          "Exact Heap Blocks": 1910,
                          "Lossy Heap Blocks": 0,
                          "Plans": [
                            {
                              "Node Type": "Bitmap Index Scan",
                              "Parent Relationship": "Outer",
                              "Parallel Aware": false,
                              "Index Name": "company_id_movie_companies",
                              "Startup Cost": 0.0,
                              "Total Cost": 264.4,
                              "Plan Rows": 12263,
                              "Plan Width": 0,
                              "Actual Startup Time": 2.26,
                              "Actual Total Time": 2.26,
                              "Actual Rows": 11817,
                              "Actual Loops": 1,
                              "Index Cond": "(company_id = 11203)"
                            }
                          ]
                        },
                        {
                          "Node Type": "Index Only Scan",
                          "Parent Relationship": "Inner",
                          "Parallel Aware": false,
                          "Scan Direction": "Forward",
                          "Index Name": "title_pkey",
                          "Relation Name": "title",
                          "Alias": "t",
                          "Startup Cost": 0.43,
                          "Total Cost": 7.14,
                          "Plan Rows": 1,
                          "Plan Width": 4,
                          "Actual Startup Time": 0.007,
                          "Actual Total Time": 0.007,
                          "Actual Rows": 1,
                          "Actual Loops": 6058,
                          "Index Cond": "(id = mc.movie_id)",
                          "Rows Removed by Index Recheck": 0,
                          "Heap Fetches": 6058
                        }
                      ]
                    },
                    {
                      "Node Type": "Index Only Scan",
                      "Parent Relationship": "Inner",
                      "Parallel Aware": false,
                      "Scan Direction": "Forward",
                      "Index Name": "movie_id_movie_info",
                      "Relation Name": "movie_info",
                      "Alias": "mi",
                      "Startup Cost": 0.43,
                      "Total Cost": 1.49,
                      "Plan Rows": 41,
                      "Plan Width": 4,
                      "Actual Startup Time": 0.007,
                      "Actual Total Time": 0.021,
                      "Actual Rows": 12,
                      "Actual Loops": 6058,
                      "Index Cond": "(movie_id = t.id)",
                      "Rows Removed by Index Recheck": 0,
                      "Heap Fetches": 71470
                    }
                  ]
                }
              ]
            }
          ]
        }
      ]
    },
    "Planning Time": 0.934,
    "Triggers": [],
    "Execution Time": 71.177
  }
]