{
    "Plan": {
        "Node Type": "Aggregate",
        "Strategy": "Plain",
        "Partial Mode": "Finalize",
        "Parallel Aware": false,
        "Startup Cost": 366007.04,
        "Total Cost": 366007.05,
        "Plan Rows": 1,
        "Plan Width": 8,
        "Actual Startup Time": 782.636,
        "Actual Total Time": 854.78,
        "Actual Rows": 1,
        "Actual Loops": 1,
        "Output": [
            "count(*)"
        ],
        "Plans": [
            {
                "Node Type": "Gather",
                "Parent Relationship": "Outer",
                "Parallel Aware": false,
                "Startup Cost": 366006.52,
                "Total Cost": 366007.03,
                "Plan Rows": 5,
                "Plan Width": 8,
                "Actual Startup Time": 777.384,
                "Actual Total Time": 854.757,
                "Actual Rows": 6,
                "Actual Loops": 1,
                "Output": [
                    "(PARTIAL count(*))"
                ],
                "Workers Planned": 5,
                "Workers Launched": 5,
                "Single Copy": false,
                "Plans": [
                    {
                        "Node Type": "Aggregate",
                        "Strategy": "Plain",
                        "Partial Mode": "Partial",
                        "Parent Relationship": "Outer",
                        "Parallel Aware": false,
                        "Startup Cost": 365006.52,
                        "Total Cost": 365006.53,
                        "Plan Rows": 1,
                        "Plan Width": 8,
                        "Actual Startup Time": 763.713,
                        "Actual Total Time": 763.721,
                        "Actual Rows": 1,
                        "Actual Loops": 6,
                        "Output": [
                            "PARTIAL count(*)"
                        ],
                        "Workers": [
                            {
                                "Worker Number": 0,
                                "Actual Startup Time": 761.831,
                                "Actual Total Time": 761.837,
                                "Actual Rows": 1,
                                "Actual Loops": 1
                            },
                            {
                                "Worker Number": 1,
                                "Actual Startup Time": 761.19,
                                "Actual Total Time": 761.196,
                                "Actual Rows": 1,
                                "Actual Loops": 1
                            },
                            {
                                "Worker Number": 2,
                                "Actual Startup Time": 760.653,
                                "Actual Total Time": 760.66,
                                "Actual Rows": 1,
                                "Actual Loops": 1
                            },
                            {
                                "Worker Number": 3,
                                "Actual Startup Time": 761.163,
                                "Actual Total Time": 761.169,
                                "Actual Rows": 1,
                                "Actual Loops": 1
                            },
                            {
                                "Worker Number": 4,
                                "Actual Startup Time": 761.2,
                                "Actual Total Time": 761.205,
                                "Actual Rows": 1,
                                "Actual Loops": 1
                            }
                        ],
                        "Plans": [
                            {
                                "Node Type": "Nested Loop",
                                "Parent Relationship": "Outer",
                                "Parallel Aware": false,
                                "Join Type": "Inner",
                                "Startup Cost": 47873.55,
                                "Total Cost": 363890.59,
                                "Plan Rows": 446369,
                                "Plan Width": 0,
                                "Actual Startup Time": 394.193,
                                "Actual Total Time": 758.306,
                                "Actual Rows": 78828,
                                "Actual Loops": 6,
                                "Inner Unique": false,
                                "Workers": [
                                    {
                                        "Worker Number": 0,
                                        "Actual Startup Time": 392.178,
                                        "Actual Total Time": 756.895,
                                        "Actual Rows": 72759,
                                        "Actual Loops": 1
                                    },
                                    {
                                        "Worker Number": 1,
                                        "Actual Startup Time": 392.086,
                                        "Actual Total Time": 756.001,
                                        "Actual Rows": 76235,
                                        "Actual Loops": 1
                                    },
                                    {
                                        "Worker Number": 2,
                                        "Actual Startup Time": 391.69,
                                        "Actual Total Time": 756.202,
                                        "Actual Rows": 61663,
                                        "Actual Loops": 1
                                    },
                                    {
                                        "Worker Number": 3,
                                        "Actual Startup Time": 392.538,
                                        "Actual Total Time": 754.794,
                                        "Actual Rows": 60056,
                                        "Actual Loops": 1
                                    },
                                    {
                                        "Worker Number": 4,
                                        "Actual Startup Time": 388.651,
                                        "Actual Total Time": 755.984,
                                        "Actual Rows": 76353,
                                        "Actual Loops": 1
                                    }
                                ],
                                "Plans": [
                                    {
                                        "Node Type": "Hash Join",
                                        "Parent Relationship": "Outer",
                                        "Parallel Aware": true,
                                        "Join Type": "Inner",
                                        "Startup Cost": 47872.98,
                                        "Total Cost": 247027.09,
                                        "Plan Rows": 31552,
                                        "Plan Width": 8,
                                        "Actual Startup Time": 394.094,
                                        "Actual Total Time": 553.156,
                                        "Actual Rows": 2496,
                                        "Actual Loops": 6,
                                        "Output": [
                                            "t.id",
                                            "mi.movie_id"
                                        ],
                                        "Inner Unique": true,
                                        "Hash Cond": "(mi.movie_id = t.id)",
                                        "Workers": [
                                            {
                                                "Worker Number": 0,
                                                "Actual Startup Time": 392.08,
                                                "Actual Total Time": 548.506,
                                                "Actual Rows": 2428,
                                                "Actual Loops": 1
                                            },
                                            {
                                                "Worker Number": 1,
                                                "Actual Startup Time": 391.994,
                                                "Actual Total Time": 548.2,
                                                "Actual Rows": 2213,
                                                "Actual Loops": 1
                                            },
                                            {
                                                "Worker Number": 2,
                                                "Actual Startup Time": 391.555,
                                                "Actual Total Time": 549.092,
                                                "Actual Rows": 1898,
                                                "Actual Loops": 1
                                            },
                                            {
                                                "Worker Number": 3,
                                                "Actual Startup Time": 392.437,
                                                "Actual Total Time": 546.746,
                                                "Actual Rows": 1837,
                                                "Actual Loops": 1
                                            },
                                            {
                                                "Worker Number": 4,
                                                "Actual Startup Time": 388.526,
                                                "Actual Total Time": 545.657,
                                                "Actual Rows": 2452,
                                                "Actual Loops": 1
                                            }
                                        ],
                                        "Plans": [
                                            {
                                                "Node Type": "Seq Scan",
                                                "Parent Relationship": "Outer",
                                                "Parallel Aware": true,
                                                "Relation Name": "movie_info",
                                                "Schema": "public",
                                                "Alias": "mi",
                                                "Startup Cost": 0.0,
                                                "Total Cost": 198880.74,
                                                "Plan Rows": 104142,
                                                "Plan Width": 4,
                                                "Actual Startup Time": 203.127,
                                                "Actual Total Time": 343.609,
                                                "Actual Rows": 90561,
                                                "Actual Loops": 6,
                                                "Output": [
                                                    "mi.id",
                                                    "mi.movie_id",
                                                    "mi.info_type_id",
                                                    "mi.info",
                                                    "mi.note"
                                                ],
                                                "Filter": "(mi.info_type_id > 98)",
                                                "Rows Removed by Filter": 2382059,
                                                "Workers": [
                                                    {
                                                        "Worker Number": 0,
                                                        "Actual Startup Time": 203.184,
                                                        "Actual Total Time": 342.991,
                                                        "Actual Rows": 92102,
                                                        "Actual Loops": 1
                                                    },
                                                    {
                                                        "Worker Number": 1,
                                                        "Actual Startup Time": 203.003,
                                                        "Actual Total Time": 343.066,
                                                        "Actual Rows": 93516,
                                                        "Actual Loops": 1
                                                    },
                                                    {
                                                        "Worker Number": 2,
                                                        "Actual Startup Time": 203.193,
                                                        "Actual Total Time": 343.099,
                                                        "Actual Rows": 75534,
                                                        "Actual Loops": 1
                                                    },
                                                    {
                                                        "Worker Number": 3,
                                                        "Actual Startup Time": 203.208,
                                                        "Actual Total Time": 344.116,
                                                        "Actual Rows": 72448,
                                                        "Actual Loops": 1
                                                    },
                                                    {
                                                        "Worker Number": 4,
                                                        "Actual Startup Time": 203.03,
                                                        "Actual Total Time": 341.986,
                                                        "Actual Rows": 87513,
                                                        "Actual Loops": 1
                                                    }
                                                ]
                                            },
                                            {
                                                "Node Type": "Hash",
                                                "Parent Relationship": "Inner",
                                                "Parallel Aware": true,
                                                "Startup Cost": 45479.21,
                                                "Total Cost": 45479.21,
                                                "Plan Rows": 191502,
                                                "Plan Width": 4,
                                                "Actual Startup Time": 177.233,
                                                "Actual Total Time": 177.235,
                                                "Actual Rows": 113714,
                                                "Actual Loops": 6,
                                                "Output": [
                                                    "t.id"
                                                ],
                                                "Hash Buckets": 1048576,
                                                "Original Hash Buckets": 1048576,
                                                "Hash Batches": 1,
                                                "Original Hash Batches": 1,
                                                "Peak Memory Usage": 34976,
                                                "Workers": [
                                                    {
                                                        "Worker Number": 0,
                                                        "Actual Startup Time": 178.625,
                                                        "Actual Total Time": 178.627,
                                                        "Actual Rows": 119153,
                                                        "Actual Loops": 1
                                                    },
                                                    {
                                                        "Worker Number": 1,
                                                        "Actual Startup Time": 178.636,
                                                        "Actual Total Time": 178.638,
                                                        "Actual Rows": 119681,
                                                        "Actual Loops": 1
                                                    },
                                                    {
                                                        "Worker Number": 2,
                                                        "Actual Startup Time": 178.007,
                                                        "Actual Total Time": 178.01,
                                                        "Actual Rows": 92731,
                                                        "Actual Loops": 1
                                                    },
                                                    {
                                                        "Worker Number": 3,
                                                        "Actual Startup Time": 178.566,
                                                        "Actual Total Time": 178.568,
                                                        "Actual Rows": 98149,
                                                        "Actual Loops": 1
                                                    },
                                                    {
                                                        "Worker Number": 4,
                                                        "Actual Startup Time": 178.597,
                                                        "Actual Total Time": 178.599,
                                                        "Actual Rows": 117966,
                                                        "Actual Loops": 1
                                                    }
                                                ],
                                                "Plans": [
                                                    {
                                                        "Node Type": "Seq Scan",
                                                        "Parent Relationship": "Outer",
                                                        "Parallel Aware": true,
                                                        "Relation Name": "title",
                                                        "Schema": "public",
                                                        "Alias": "t",
                                                        "Startup Cost": 0.0,
                                                        "Total Cost": 45479.21,
                                                        "Plan Rows": 191502,
                                                        "Plan Width": 4,
                                                        "Actual Startup Time": 0.078,
                                                        "Actual Total Time": 99.854,
                                                        "Actual Rows": 113714,
                                                        "Actual Loops": 6,
                                                        "Output": [
                                                            "t.id"
                                                        ],
                                                        "Filter": "((t.production_year < 2004) AND (t.kind_id = 7))",
                                                        "Rows Removed by Filter": 307672,
                                                        "Workers": [
                                                            {
                                                                "Worker Number": 0,
                                                                "Actual Startup Time": 0.103,
                                                                "Actual Total Time": 102.974,
                                                                "Actual Rows": 119153,
                                                                "Actual Loops": 1
                                                            },
                                                            {
                                                                "Worker Number": 1,
                                                                "Actual Startup Time": 0.076,
                                                                "Actual Total Time": 102.601,
                                                                "Actual Rows": 119681,
                                                                "Actual Loops": 1
                                                            },
                                                            {
                                                                "Worker Number": 2,
                                                                "Actual Startup Time": 0.077,
                                                                "Actual Total Time": 100.401,
                                                                "Actual Rows": 92731,
                                                                "Actual Loops": 1
                                                            },
                                                            {
                                                                "Worker Number": 3,
                                                                "Actual Startup Time": 0.09,
                                                                "Actual Total Time": 104.799,
                                                                "Actual Rows": 98149,
                                                                "Actual Loops": 1
                                                            },
                                                            {
                                                                "Worker Number": 4,
                                                                "Actual Startup Time": 0.089,
                                                                "Actual Total Time": 101.664,
                                                                "Actual Rows": 117966,
                                                                "Actual Loops": 1
                                                            }
                                                        ]
                                                    }
                                                ]
                                            }
                                        ]
                                    },
                                    {
                                        "Node Type": "Index Scan",
                                        "Parent Relationship": "Inner",
                                        "Parallel Aware": false,
                                        "Scan Direction": "Forward",
                                        "Index Name": "movie_id_cast_info",
                                        "Relation Name": "cast_info",
                                        "Schema": "public",
                                        "Alias": "ci",
                                        "Startup Cost": 0.56,
                                        "Total Cost": 3.32,
                                        "Plan Rows": 38,
                                        "Plan Width": 4,
                                        "Actual Startup Time": 0.01,
                                        "Actual Total Time": 0.079,
                                        "Actual Rows": 32,
                                        "Actual Loops": 14975,
                                        "Output": [
                                            "ci.id",
                                            "ci.person_id",
                                            "ci.movie_id",
                                            "ci.person_role_id",
                                            "ci.note",
                                            "ci.nr_order",
                                            "ci.role_id"
                                        ],
                                        "Index Cond": "(ci.movie_id = t.id)",
                                        "Rows Removed by Index Recheck": 0,
                                        "Filter": "(ci.person_id < 3964474)",
                                        "Rows Removed by Filter": 1,
                                        "Workers": [
                                            {
                                                "Worker Number": 0,
                                                "Actual Startup Time": 0.011,
                                                "Actual Total Time": 0.083,
                                                "Actual Rows": 30,
                                                "Actual Loops": 2428
                                            },
                                            {
                                                "Worker Number": 1,
                                                "Actual Startup Time": 0.01,
                                                "Actual Total Time": 0.09,
                                                "Actual Rows": 34,
                                                "Actual Loops": 2213
                                            },
                                            {
                                                "Worker Number": 2,
                                                "Actual Startup Time": 0.013,
                                                "Actual Total Time": 0.105,
                                                "Actual Rows": 32,
                                                "Actual Loops": 1898
                                            },
                                            {
                                                "Worker Number": 3,
                                                "Actual Startup Time": 0.013,
                                                "Actual Total Time": 0.108,
                                                "Actual Rows": 33,
                                                "Actual Loops": 1837
                                            },
                                            {
                                                "Worker Number": 4,
                                                "Actual Startup Time": 0.01,
                                                "Actual Total Time": 0.082,
                                                "Actual Rows": 31,
                                                "Actual Loops": 2452
                                            }
                                        ]
                                    }
                                ]
                            }
                        ]
                    }
                ]
            }
        ]
    },
    "Planning Time": 1.944,
    "Triggers": [],
    "Execution Time": 854.932
}