[
  {
    "Plan": {
      "Node Type": "Aggregate",
      "Strategy": "Plain",
      "Partial Mode": "Finalize",
      "Parallel Aware": false,
      "Startup Cost": 33274.81,
      "Total Cost": 33274.82,
      "Plan Rows": 1,
      "Plan Width": 8,
      "Actual Startup Time": 108.088,
      "Actual Total Time": 116.522,
      "Actual Rows": 1,
      "Actual Loops": 1,
      "Plans": [
        {
          "Node Type": "Gather",
          "Parent Relationship": "Outer",
          "Parallel Aware": false,
          "Startup Cost": 33274.5,
          "Total Cost": 33274.81,
          "Plan Rows": 3,
          "Plan Width": 8,
          "Actual Startup Time": 107.986,
          "Actual Total Time": 116.514,
          "Actual Rows": 4,
          "Actual Loops": 1,
          "Workers Planned": 3,
          "Workers Launched": 3,
          "Single Copy": false,
          "Plans": [
            {
              "Node Type": "Aggregate",
              "Strategy": "Plain",
              "Partial Mode": "Partial",
              "Parent Relationship": "Outer",
              "Parallel Aware": false,
              "Startup Cost": 32274.5,
              "Total Cost": 32274.51,
              "Plan Rows": 1,
              "Plan Width": 8,
              "Actual Startup Time": 101.254,
              "Actual Total Time": 101.255,
              "Actual Rows": 1,
              "Actual Loops": 4,
              "Plans": [
                {
                  "Node Type": "Seq Scan",
                  "Parent Relationship": "Outer",
                  "Parallel Aware": true,
                  "Relation Name": "movie_companies",
                  "Alias": "mc",
                  "Startup Cost": 0.0,
                  "Total Cost": 31414.82,
                  "Plan Rows": 343871,
                  "Plan Width": 0,
                  "Actual Startup Time": 49.875,
                  "Actual Total Time": 88.692,
                  "Actual Rows": 299613,
                  "Actual Loops": 4,
                  "Filter": "((company_id > 461) AND (company_type_id = 2))",
                  "Rows Removed by Filter": 352669
                }
              ]
            }
          ]
        }
      ]
    },
    "Planning Time": 0.221,
    "Triggers": [],
    "Execution Time": 116.578
  }
]