[
  {
    "Plan": {
      "Node Type": "Aggregate",
      "Strategy": "Plain",
      "Partial Mode": "Finalize",
      "Parallel Aware": false,
      "Startup Cost": 22599.77,
      "Total Cost": 22599.78,
      "Plan Rows": 1,
      "Plan Width": 8,
      "Actual Startup Time": 25.022,
      "Actual Total Time": 28.907,
      "Actual Rows": 1,
      "Actual Loops": 1,
      "Plans": [
        {
          "Node Type": "Gather",
          "Parent Relationship": "Outer",
          "Parallel Aware": false,
          "Startup Cost": 22599.56,
          "Total Cost": 22599.77,
          "Plan Rows": 2,
          "Plan Width": 8,
          "Actual Startup Time": 24.766,
          "Actual Total Time": 28.9,
          "Actual Rows": 3,
          "Actual Loops": 1,
          "Workers Planned": 2,
          "Workers Launched": 2,
          "Single Copy": false,
          "Plans": [
            {
              "Node Type": "Aggregate",
              "Strategy": "Plain",
              "Partial Mode": "Partial",
              "Parent Relationship": "Outer",
              "Parallel Aware": false,
              "Startup Cost": 21599.56,
              "Total Cost": 21599.57,
              "Plan Rows": 1,
              "Plan Width": 8,
              "Actual Startup Time": 16.493,
              "Actual Total Time": 16.495,
              "Actual Rows": 1,
              "Actual Loops": 3,
              "Plans": [
                {
                  "Node Type": "Nested Loop",
                  "Parent Relationship": "Outer",
                  "Parallel Aware": false,
                  "Join Type": "Inner",
                  "Startup Cost": 123.98,
                  "Total Cost": 21596.55,
                  "Plan Rows": 1204,
                  "Plan Width": 0,
                  "Actual Startup Time": 4.058,
                  "Actual Total Time": 16.385,
                  "Actual Rows": 542,
                  "Actual Loops": 3,
                  "Inner Unique": true,
                  "Plans": [
                    {
                      "Node Type": "Bitmap Heap Scan",
                      "Parent Relationship": "Outer",
                      "Parallel Aware": true,
                      "Relation Name": "movie_companies",
                      "Alias": "mc",
                      "Startup Cost": 123.55,
                      "Total Cost": 12275.94,
                      "Plan Rows": 1204,
                      "Plan Width": 4,
                      "Actual Startup Time": 3.849,
                      "Actual Total Time": 7.248,
                      "Actual Rows": 542,
                      "Actual Loops": 3,
                      "Recheck Cond": "(company_id = 475)",
                      "Rows Removed by Index Recheck": 0,
                      "Filter": "(company_type_id > 1)",
                      "Rows Removed by Filter": 1151,
                      "Exact Heap Blocks": 3435,
                      "Lossy Heap Blocks": 0,
                      "Plans": [
                        {
                          "Node Type": "Bitmap Index Scan",
                          "Parent Relationship": "Outer",
                          "Parallel Aware": false,
                          "Index Name": "company_id_movie_companies",
                          "Startup Cost": 0.0,
                          "Total Cost": 122.83,
                          "Plan Rows": 5653,
                          "Plan Width": 0,
                          "Actual Startup Time": 3.335,
                          "Actual Total Time": 3.336,
                          "Actual Rows": 5080,
                          "Actual Loops": 1,
                          "Index Cond": "(company_id = 475)"
                        }
                      ]
                    },
                    {
                      "Node Type": "Index Only Scan",
                      "Parent Relationship": "Inner",
                      "Parallel Aware": false,
                      "Scan Direction": "Forward",
                      "Index Name": "title_pkey",
                      "Relation Name": "title",
                      "Alias": "t",
                      "Startup Cost": 0.43,
                      "Total Cost": 7.74,
                      "Plan Rows": 1,
                      "Plan Width": 4,
                      "Actual Startup Time": 0.016,
                      "Actual Total Time": 0.016,
                      "Actual Rows": 1,
                      "Actual Loops": 1626,
                      "Index Cond": "(id = mc.movie_id)",
                      "Rows Removed by Index Recheck": 0,
                      "Heap Fetches": 1626
                    }
                  ]
                }
              ]
            }
          ]
        }
      ]
    },
    "Planning Time": 0.415,
    "Triggers": [],
    "Execution Time": 28.966
  }
]