[
  {
    "Plan": {
      "Node Type": "Aggregate",
      "Strategy": "Plain",
      "Partial Mode": "Finalize",
      "Parallel Aware": false,
      "Startup Cost": 186500.97,
      "Total Cost": 186500.98,
      "Plan Rows": 1,
      "Plan Width": 8,
      "Actual Startup Time": 145.427,
      "Actual Total Time": 155.274,
      "Actual Rows": 1,
      "Actual Loops": 1,
      "Plans": [
        {
          "Node Type": "Gather",
          "Parent Relationship": "Outer",
          "Parallel Aware": false,
          "Startup Cost": 186500.44,
          "Total Cost": 186500.95,
          "Plan Rows": 5,
          "Plan Width": 8,
          "Actual Startup Time": 144.948,
          "Actual Total Time": 155.265,
          "Actual Rows": 6,
          "Actual Loops": 1,
          "Workers Planned": 5,
          "Workers Launched": 5,
          "Single Copy": false,
          "Plans": [
            {
              "Node Type": "Aggregate",
              "Strategy": "Plain",
              "Partial Mode": "Partial",
              "Parent Relationship": "Outer",
              "Parallel Aware": false,
              "Startup Cost": 185500.44,
              "Total Cost": 185500.45,
              "Plan Rows": 1,
              "Plan Width": 8,
              "Actual Startup Time": 138.497,
              "Actual Total Time": 138.499,
              "Actual Rows": 1,
              "Actual Loops": 6,
              "Plans": [
                {
                  "Node Type": "Bitmap Heap Scan",
                  "Parent Relationship": "Outer",
                  "Parallel Aware": true,
                  "Relation Name": "movie_info",
                  "Alias": "mi",
                  "Startup Cost": 20167.81,
                  "Total Cost": 184943.84,
                  "Plan Rows": 222642,
                  "Plan Width": 0,
                  "Actual Startup Time": 52.624,
                  "Actual Total Time": 127.215,
                  "Actual Rows": 177665,
                  "Actual Loops": 6,
                  "Recheck Cond": "(info_type_id > 75)",
                  "Rows Removed by Index Recheck": 0,
                  "Exact Heap Blocks": 11577,
                  "Lossy Heap Blocks": 0,
                  "Plans": [
                    {
                      "Node Type": "Bitmap Index Scan",
                      "Parent Relationship": "Outer",
                      "Parallel Aware": false,
                      "Index Name": "info_type_id_movie_info",
                      "Startup Cost": 0.0,
                      "Total Cost": 19889.51,
                      "Plan Rows": 1113210,
                      "Plan Width": 0,
                      "Actual Startup Time": 52.736,
                      "Actual Total Time": 52.737,
                      "Actual Rows": 1065990,
                      "Actual Loops": 1,
                      "Index Cond": "(info_type_id > 75)"
                    }
                  ]
                }
              ]
            }
          ]
        }
      ]
    },
    "Planning Time": 0.117,
    "Triggers": [],
    "Execution Time": 155.325
  }
]