[
    {
        "Bao": {
            "Bao prediction": "NaN",
            "Bao recommended hint": "(no hint)"
        }
    },
    {
        "Plan": {
            "Node Type": "Aggregate",
            "Strategy": "Plain",
            "Partial Mode": "Finalize",
            "Parallel Aware": false,
            "Startup Cost": 60591.4,
            "Total Cost": 60591.41,
            "Plan Rows": 1,
            "Plan Width": 8,
            "Actual Startup Time": 174.401,
            "Actual Total Time": 184.526,
            "Actual Rows": 1,
            "Actual Loops": 1,
            "Output": [
                "count(*)"
            ],
            "Plans": [
                {
                    "Node Type": "Gather",
                    "Parent Relationship": "Outer",
                    "Parallel Aware": false,
                    "Startup Cost": 60591.08,
                    "Total Cost": 60591.39,
                    "Plan Rows": 3,
                    "Plan Width": 8,
                    "Actual Startup Time": 174.189,
                    "Actual Total Time": 184.518,
                    "Actual Rows": 4,
                    "Actual Loops": 1,
                    "Output": [
                        "(PARTIAL count(*))"
                    ],
                    "Workers Planned": 3,
                    "Workers Launched": 3,
                    "Single Copy": false,
                    "Plans": [
                        {
                            "Node Type": "Aggregate",
                            "Strategy": "Plain",
                            "Partial Mode": "Partial",
                            "Parent Relationship": "Outer",
                            "Parallel Aware": false,
                            "Startup Cost": 59591.08,
                            "Total Cost": 59591.09,
                            "Plan Rows": 1,
                            "Plan Width": 8,
                            "Actual Startup Time": 164.17,
                            "Actual Total Time": 164.175,
                            "Actual Rows": 1,
                            "Actual Loops": 4,
                            "Output": [
                                "PARTIAL count(*)"
                            ],
                            "Workers": [
                                {
                                    "Worker Number": 0,
                                    "Actual Startup Time": 160.426,
                                    "Actual Total Time": 160.429,
                                    "Actual Rows": 1,
                                    "Actual Loops": 1
                                },
                                {
                                    "Worker Number": 1,
                                    "Actual Startup Time": 161.358,
                                    "Actual Total Time": 161.362,
                                    "Actual Rows": 1,
                                    "Actual Loops": 1
                                },
                                {
                                    "Worker Number": 2,
                                    "Actual Startup Time": 161.595,
                                    "Actual Total Time": 161.598,
                                    "Actual Rows": 1,
                                    "Actual Loops": 1
                                }
                            ],
                            "Plans": [
                                {
                                    "Node Type": "Nested Loop",
                                    "Parent Relationship": "Outer",
                                    "Parallel Aware": false,
                                    "Join Type": "Inner",
                                    "Startup Cost": 25128.68,
                                    "Total Cost": 59581.87,
                                    "Plan Rows": 3685,
                                    "Plan Width": 0,
                                    "Actual Startup Time": 93.424,
                                    "Actual Total Time": 162.826,
                                    "Actual Rows": 27142,
                                    "Actual Loops": 4,
                                    "Inner Unique": false,
                                    "Join Filter": "(t.id = mk.movie_id)",
                                    "Rows Removed by Join Filter": 0,
                                    "Workers": [
                                        {
                                            "Worker Number": 0,
                                            "Actual Startup Time": 89.726,
                                            "Actual Total Time": 159.14,
                                            "Actual Rows": 28490,
                                            "Actual Loops": 1
                                        },
                                        {
                                            "Worker Number": 1,
                                            "Actual Startup Time": 90.619,
                                            "Actual Total Time": 160.154,
                                            "Actual Rows": 26339,
                                            "Actual Loops": 1
                                        },
                                        {
                                            "Worker Number": 2,
                                            "Actual Startup Time": 90.86,
                                            "Actual Total Time": 160.214,
                                            "Actual Rows": 29889,
                                            "Actual Loops": 1
                                        }
                                    ],
                                    "Plans": [
                                        {
                                            "Node Type": "Hash Join",
                                            "Parent Relationship": "Outer",
                                            "Parallel Aware": true,
                                            "Join Type": "Inner",
                                            "Startup Cost": 25128.25,
                                            "Total Cost": 55565.33,
                                            "Plan Rows": 2060,
                                            "Plan Width": 8,
                                            "Actual Startup Time": 93.33,
                                            "Actual Total Time": 136.957,
                                            "Actual Rows": 3318,
                                            "Actual Loops": 4,
                                            "Output": [
                                                "t.id",
                                                "mc.movie_id"
                                            ],
                                            "Inner Unique": true,
                                            "Hash Cond": "(mc.movie_id = t.id)",
                                            "Workers": [
                                                {
                                                    "Worker Number": 0,
                                                    "Actual Startup Time": 89.628,
                                                    "Actual Total Time": 130.487,
                                                    "Actual Rows": 3505,
                                                    "Actual Loops": 1
                                                },
                                                {
                                                    "Worker Number": 1,
                                                    "Actual Startup Time": 90.522,
                                                    "Actual Total Time": 132.609,
                                                    "Actual Rows": 3435,
                                                    "Actual Loops": 1
                                                },
                                                {
                                                    "Worker Number": 2,
                                                    "Actual Startup Time": 90.726,
                                                    "Actual Total Time": 132.433,
                                                    "Actual Rows": 3327,
                                                    "Actual Loops": 1
                                                }
                                            ],
                                            "Plans": [
                                                {
                                                    "Node Type": "Seq Scan",
                                                    "Parent Relationship": "Outer",
                                                    "Parallel Aware": true,
                                                    "Relation Name": "movie_companies",
                                                    "Schema": "public",
                                                    "Alias": "mc",
                                                    "Startup Cost": 0.0,
                                                    "Total Cost": 29310.68,
                                                    "Plan Rows": 429104,
                                                    "Plan Width": 4,
                                                    "Actual Startup Time": 35.94,
                                                    "Actual Total Time": 74.725,
                                                    "Actual Rows": 333721,
                                                    "Actual Loops": 4,
                                                    "Output": [
                                                        "mc.id",
                                                        "mc.movie_id",
                                                        "mc.company_id",
                                                        "mc.company_type_id",
                                                        "mc.note"
                                                    ],
                                                    "Filter": "(mc.company_type_id > 1)",
                                                    "Rows Removed by Filter": 318562,
                                                    "Workers": [
                                                        {
                                                            "Worker Number": 0,
                                                            "Actual Startup Time": 35.934,
                                                            "Actual Total Time": 73.818,
                                                            "Actual Rows": 345751,
                                                            "Actual Loops": 1
                                                        },
                                                        {
                                                            "Worker Number": 1,
                                                            "Actual Startup Time": 35.95,
                                                            "Actual Total Time": 73.635,
                                                            "Actual Rows": 350200,
                                                            "Actual Loops": 1
                                                        },
                                                        {
                                                            "Worker Number": 2,
                                                            "Actual Startup Time": 35.939,
                                                            "Actual Total Time": 73.453,
                                                            "Actual Rows": 346208,
                                                            "Actual Loops": 1
                                                        }
                                                    ]
                                                },
                                                {
                                                    "Node Type": "Hash",
                                                    "Parent Relationship": "Inner",
                                                    "Parallel Aware": true,
                                                    "Startup Cost": 25079.31,
                                                    "Total Cost": 25079.31,
                                                    "Plan Rows": 3915,
                                                    "Plan Width": 4,
                                                    "Actual Startup Time": 30.976,
                                                    "Actual Total Time": 30.978,
                                                    "Actual Rows": 3150,
                                                    "Actual Loops": 4,
                                                    "Output": [
                                                        "t.id"
                                                    ],
                                                    "Hash Buckets": 16384,
                                                    "Original Hash Buckets": 16384,
                                                    "Hash Batches": 1,
                                                    "Original Hash Batches": 1,
                                                    "Peak Memory Usage": 672,
                                                    "Workers": [
                                                        {
                                                            "Worker Number": 0,
                                                            "Actual Startup Time": 28.151,
                                                            "Actual Total Time": 28.152,
                                                            "Actual Rows": 1702,
                                                            "Actual Loops": 1
                                                        },
                                                        {
                                                            "Worker Number": 1,
                                                            "Actual Startup Time": 29.074,
                                                            "Actual Total Time": 29.075,
                                                            "Actual Rows": 1427,
                                                            "Actual Loops": 1
                                                        },
                                                        {
                                                            "Worker Number": 2,
                                                            "Actual Startup Time": 29.301,
                                                            "Actual Total Time": 29.302,
                                                            "Actual Rows": 1429,
                                                            "Actual Loops": 1
                                                        }
                                                    ],
                                                    "Plans": [
                                                        {
                                                            "Node Type": "Bitmap Heap Scan",
                                                            "Parent Relationship": "Outer",
                                                            "Parallel Aware": true,
                                                            "Relation Name": "title",
                                                            "Schema": "public",
                                                            "Alias": "t",
                                                            "Startup Cost": 222.48,
                                                            "Total Cost": 25079.31,
                                                            "Plan Rows": 3915,
                                                            "Plan Width": 4,
                                                            "Actual Startup Time": 4.753,
                                                            "Actual Total Time": 28.794,
                                                            "Actual Rows": 3150,
                                                            "Actual Loops": 4,
                                                            "Output": [
                                                                "t.id"
                                                            ],
                                                            "Recheck Cond": "(t.kind_id = 6)",
                                                            "Rows Removed by Index Recheck": 0,
                                                            "Exact Heap Blocks": 5070,
                                                            "Lossy Heap Blocks": 0,
                                                            "Workers": [
                                                                {
                                                                    "Worker Number": 0,
                                                                    "Actual Startup Time": 1.904,
                                                                    "Actual Total Time": 26.459,
                                                                    "Actual Rows": 1702,
                                                                    "Actual Loops": 1
                                                                },
                                                                {
                                                                    "Worker Number": 1,
                                                                    "Actual Startup Time": 3.044,
                                                                    "Actual Total Time": 27.257,
                                                                    "Actual Rows": 1427,
                                                                    "Actual Loops": 1
                                                                },
                                                                {
                                                                    "Worker Number": 2,
                                                                    "Actual Startup Time": 3.166,
                                                                    "Actual Total Time": 27.561,
                                                                    "Actual Rows": 1429,
                                                                    "Actual Loops": 1
                                                                }
                                                            ],
                                                            "Plans": [
                                                                {
                                                                    "Node Type": "Bitmap Index Scan",
                                                                    "Parent Relationship": "Outer",
                                                                    "Parallel Aware": false,
                                                                    "Index Name": "kind_id_title",
                                                                    "Startup Cost": 0.0,
                                                                    "Total Cost": 219.45,
                                                                    "Plan Rows": 12136,
                                                                    "Plan Width": 0,
                                                                    "Actual Startup Time": 6.467,
                                                                    "Actual Total Time": 6.468,
                                                                    "Actual Rows": 12600,
                                                                    "Actual Loops": 1,
                                                                    "Index Cond": "(t.kind_id = 6)"
                                                                }
                                                            ]
                                                        }
                                                    ]
                                                }
                                            ]
                                        },
                                        {
                                            "Node Type": "Index Only Scan",
                                            "Parent Relationship": "Inner",
                                            "Parallel Aware": false,
                                            "Scan Direction": "Forward",
                                            "Index Name": "movie_id_movie_keyword",
                                            "Relation Name": "movie_keyword",
                                            "Schema": "public",
                                            "Alias": "mk",
                                            "Startup Cost": 0.43,
                                            "Total Cost": 1.37,
                                            "Plan Rows": 46,
                                            "Plan Width": 4,
                                            "Actual Startup Time": 0.005,
                                            "Actual Total Time": 0.007,
                                            "Actual Rows": 8,
                                            "Actual Loops": 13271,
                                            "Output": [
                                                "mk.movie_id"
                                            ],
                                            "Index Cond": "(mk.movie_id = mc.movie_id)",
                                            "Rows Removed by Index Recheck": 0,
                                            "Heap Fetches": 108570,
                                            "Workers": [
                                                {
                                                    "Worker Number": 0,
                                                    "Actual Startup Time": 0.006,
                                                    "Actual Total Time": 0.007,
                                                    "Actual Rows": 8,
                                                    "Actual Loops": 3505
                                                },
                                                {
                                                    "Worker Number": 1,
                                                    "Actual Startup Time": 0.006,
                                                    "Actual Total Time": 0.007,
                                                    "Actual Rows": 8,
                                                    "Actual Loops": 3435
                                                },
                                                {
                                                    "Worker Number": 2,
                                                    "Actual Startup Time": 0.006,
                                                    "Actual Total Time": 0.007,
                                                    "Actual Rows": 9,
                                                    "Actual Loops": 3327
                                                }
                                            ]
                                        }
                                    ]
                                }
                            ]
                        }
                    ]
                }
            ]
        },
        "Planning Time": 284.261,
        "Triggers": [],
        "Execution Time": 184.692
    }
]