[
  {
    "Plan": {
      "Node Type": "Aggregate",
      "Strategy": "Plain",
      "Partial Mode": "Finalize",
      "Parallel Aware": false,
      "Startup Cost": 96327.08,
      "Total Cost": 96327.09,
      "Plan Rows": 1,
      "Plan Width": 8,
      "Actual Startup Time": 388.537,
      "Actual Total Time": 406.274,
      "Actual Rows": 1,
      "Actual Loops": 1,
      "Plans": [
        {
          "Node Type": "Gather",
          "Parent Relationship": "Outer",
          "Parallel Aware": false,
          "Startup Cost": 96326.87,
          "Total Cost": 96327.08,
          "Plan Rows": 2,
          "Plan Width": 8,
          "Actual Startup Time": 386.897,
          "Actual Total Time": 406.264,
          "Actual Rows": 3,
          "Actual Loops": 1,
          "Workers Planned": 2,
          "Workers Launched": 2,
          "Single Copy": false,
          "Plans": [
            {
              "Node Type": "Aggregate",
              "Strategy": "Plain",
              "Partial Mode": "Partial",
              "Parent Relationship": "Outer",
              "Parallel Aware": false,
              "Startup Cost": 95326.87,
              "Total Cost": 95326.88,
              "Plan Rows": 1,
              "Plan Width": 8,
              "Actual Startup Time": 377.495,
              "Actual Total Time": 377.584,
              "Actual Rows": 1,
              "Actual Loops": 3,
              "Plans": [
                {
                  "Node Type": "Hash Join",
                  "Parent Relationship": "Outer",
                  "Parallel Aware": true,
                  "Join Type": "Inner",
                  "Startup Cost": 78656.11,
                  "Total Cost": 95270.84,
                  "Plan Rows": 22410,
                  "Plan Width": 0,
                  "Actual Startup Time": 300.975,
                  "Actual Total Time": 376.002,
                  "Actual Rows": 36467,
                  "Actual Loops": 3,
                  "Inner Unique": false,
                  "Hash Cond": "(mi_idx.movie_id = t.id)",
                  "Plans": [
                    {
                      "Node Type": "Seq Scan",
                      "Parent Relationship": "Outer",
                      "Parallel Aware": true,
                      "Relation Name": "movie_info_idx",
                      "Alias": "mi_idx",
                      "Startup Cost": 0.0,
                      "Total Cost": 15122.68,
                      "Plan Rows": 382940,
                      "Plan Width": 4,
                      "Actual Startup Time": 0.032,
                      "Actual Total Time": 41.943,
                      "Actual Rows": 306617,
                      "Actual Loops": 3,
                      "Filter": "(info_type_id < 101)",
                      "Rows Removed by Filter": 153395
                    },
                    {
                      "Node Type": "Hash",
                      "Parent Relationship": "Inner",
                      "Parallel Aware": true,
                      "Startup Cost": 78193.75,
                      "Total Cost": 78193.75,
                      "Plan Rows": 36989,
                      "Plan Width": 8,
                      "Actual Startup Time": 298.299,
                      "Actual Total Time": 298.386,
                      "Actual Rows": 34578,
                      "Actual Loops": 3,
                      "Hash Buckets": 262144,
                      "Original Hash Buckets": 262144,
                      "Hash Batches": 1,
                      "Original Hash Batches": 1,
                      "Peak Memory Usage": 6176,
                      "Plans": [
                        {
                          "Node Type": "Hash Join",
                          "Parent Relationship": "Outer",
                          "Parallel Aware": true,
                          "Join Type": "Inner",
                          "Startup Cost": 32936.23,
                          "Total Cost": 78193.75,
                          "Plan Rows": 36989,
                          "Plan Width": 8,
                          "Actual Startup Time": 121.579,
                          "Actual Total Time": 286.401,
                          "Actual Rows": 34578,
                          "Actual Loops": 3,
                          "Inner Unique": false,
                          "Hash Cond": "(t.id = mc.movie_id)",
                          "Plans": [
                            {
                              "Node Type": "Seq Scan",
                              "Parent Relationship": "Outer",
                              "Parallel Aware": true,
                              "Relation Name": "title",
                              "Alias": "t",
                              "Startup Cost": 0.0,
                              "Total Cost": 43898.92,
                              "Plan Rows": 247857,
                              "Plan Width": 4,
                              "Actual Startup Time": 0.012,
                              "Actual Total Time": 102.548,
                              "Actual Rows": 328349,
                              "Actual Loops": 3,
                              "Filter": "(kind_id < 7)",
                              "Rows Removed by Filter": 514421
                            },
                            {
                              "Node Type": "Hash",
                              "Parent Relationship": "Inner",
                              "Parallel Aware": true,
                              "Startup Cost": 31414.82,
                              "Total Cost": 31414.82,
                              "Plan Rows": 121713,
                              "Plan Width": 4,
                              "Actual Startup Time": 118.749,
                              "Actual Total Time": 118.753,
                              "Actual Rows": 72729,
                              "Actual Loops": 3,
                              "Hash Buckets": 524288,
                              "Original Hash Buckets": 524288,
                              "Hash Batches": 1,
                              "Original Hash Batches": 1,
                              "Peak Memory Usage": 12672,
                              "Plans": [
                                {
                                  "Node Type": "Seq Scan",
                                  "Parent Relationship": "Outer",
                                  "Parallel Aware": true,
                                  "Relation Name": "movie_companies",
                                  "Alias": "mc",
                                  "Startup Cost": 0.0,
                                  "Total Cost": 31414.82,
                                  "Plan Rows": 121713,
                                  "Plan Width": 4,
                                  "Actual Startup Time": 56.653,
                                  "Actual Total Time": 96.488,
                                  "Actual Rows": 72729,
                                  "Actual Loops": 3,
                                  "Filter": "((company_id < 1451) AND (company_type_id = 2))",
                                  "Rows Removed by Filter": 796981
                                }
                              ]
                            }
                          ]
                        }
                      ]
                    }
                  ]
                }
              ]
            }
          ]
        }
      ]
    },
    "Planning Time": 1.701,
    "Triggers": [],
    "Execution Time": 406.364
  }
]