{
    "Plan": {
        "Node Type": "Aggregate",
        "Strategy": "Plain",
        "Partial Mode": "Finalize",
        "Parallel Aware": false,
        "Startup Cost": 252867.95,
        "Total Cost": 252867.96,
        "Plan Rows": 1,
        "Plan Width": 8,
        "Actual Startup Time": 753.065,
        "Actual Total Time": 789.664,
        "Actual Rows": 1,
        "Actual Loops": 1,
        "Output": [
            "count(*)"
        ],
        "Plans": [
            {
                "Node Type": "Gather",
                "Parent Relationship": "Outer",
                "Parallel Aware": false,
                "Startup Cost": 252867.42,
                "Total Cost": 252867.93,
                "Plan Rows": 5,
                "Plan Width": 8,
                "Actual Startup Time": 739.228,
                "Actual Total Time": 789.651,
                "Actual Rows": 6,
                "Actual Loops": 1,
                "Output": [
                    "(PARTIAL count(*))"
                ],
                "Workers Planned": 5,
                "Workers Launched": 5,
                "Single Copy": false,
                "Plans": [
                    {
                        "Node Type": "Aggregate",
                        "Strategy": "Plain",
                        "Partial Mode": "Partial",
                        "Parent Relationship": "Outer",
                        "Parallel Aware": false,
                        "Startup Cost": 251867.42,
                        "Total Cost": 251867.43,
                        "Plan Rows": 1,
                        "Plan Width": 8,
                        "Actual Startup Time": 717.75,
                        "Actual Total Time": 717.754,
                        "Actual Rows": 1,
                        "Actual Loops": 6,
                        "Output": [
                            "PARTIAL count(*)"
                        ],
                        "Workers": [
                            {
                                "Worker Number": 0,
                                "Actual Startup Time": 714.892,
                                "Actual Total Time": 714.895,
                                "Actual Rows": 1,
                                "Actual Loops": 1
                            },
                            {
                                "Worker Number": 1,
                                "Actual Startup Time": 713.222,
                                "Actual Total Time": 713.226,
                                "Actual Rows": 1,
                                "Actual Loops": 1
                            },
                            {
                                "Worker Number": 2,
                                "Actual Startup Time": 713.226,
                                "Actual Total Time": 713.23,
                                "Actual Rows": 1,
                                "Actual Loops": 1
                            },
                            {
                                "Worker Number": 3,
                                "Actual Startup Time": 713.339,
                                "Actual Total Time": 713.342,
                                "Actual Rows": 1,
                                "Actual Loops": 1
                            },
                            {
                                "Worker Number": 4,
                                "Actual Startup Time": 713.449,
                                "Actual Total Time": 713.452,
                                "Actual Rows": 1,
                                "Actual Loops": 1
                            }
                        ],
                        "Plans": [
                            {
                                "Node Type": "Hash Join",
                                "Parent Relationship": "Outer",
                                "Parallel Aware": true,
                                "Join Type": "Inner",
                                "Startup Cost": 50838.18,
                                "Total Cost": 250888.85,
                                "Plan Rows": 391431,
                                "Plan Width": 0,
                                "Actual Startup Time": 296.106,
                                "Actual Total Time": 702.678,
                                "Actual Rows": 346828,
                                "Actual Loops": 6,
                                "Inner Unique": true,
                                "Hash Cond": "(mi.movie_id = t.id)",
                                "Workers": [
                                    {
                                        "Worker Number": 0,
                                        "Actual Startup Time": 291.854,
                                        "Actual Total Time": 700.717,
                                        "Actual Rows": 352727,
                                        "Actual Loops": 1
                                    },
                                    {
                                        "Worker Number": 1,
                                        "Actual Startup Time": 291.857,
                                        "Actual Total Time": 699.067,
                                        "Actual Rows": 352478,
                                        "Actual Loops": 1
                                    },
                                    {
                                        "Worker Number": 2,
                                        "Actual Startup Time": 291.856,
                                        "Actual Total Time": 698.976,
                                        "Actual Rows": 355028,
                                        "Actual Loops": 1
                                    },
                                    {
                                        "Worker Number": 3,
                                        "Actual Startup Time": 291.975,
                                        "Actual Total Time": 699.152,
                                        "Actual Rows": 357834,
                                        "Actual Loops": 1
                                    },
                                    {
                                        "Worker Number": 4,
                                        "Actual Startup Time": 292.081,
                                        "Actual Total Time": 697.112,
                                        "Actual Rows": 249016,
                                        "Actual Loops": 1
                                    }
                                ],
                                "Plans": [
                                    {
                                        "Node Type": "Seq Scan",
                                        "Parent Relationship": "Outer",
                                        "Parallel Aware": true,
                                        "Relation Name": "movie_info",
                                        "Schema": "public",
                                        "Alias": "mi",
                                        "Startup Cost": 0.0,
                                        "Total Cost": 198880.74,
                                        "Plan Rows": 445687,
                                        "Plan Width": 4,
                                        "Actual Startup Time": 15.821,
                                        "Actual Total Time": 299.897,
                                        "Actual Rows": 372308,
                                        "Actual Loops": 6,
                                        "Output": [
                                            "mi.id",
                                            "mi.movie_id",
                                            "mi.info_type_id",
                                            "mi.info",
                                            "mi.note"
                                        ],
                                        "Filter": "(mi.info_type_id > 16)",
                                        "Rows Removed by Filter": 2100312,
                                        "Workers": [
                                            {
                                                "Worker Number": 0,
                                                "Actual Startup Time": 15.777,
                                                "Actual Total Time": 302.124,
                                                "Actual Rows": 378282,
                                                "Actual Loops": 1
                                            },
                                            {
                                                "Worker Number": 1,
                                                "Actual Startup Time": 15.885,
                                                "Actual Total Time": 302.355,
                                                "Actual Rows": 377612,
                                                "Actual Loops": 1
                                            },
                                            {
                                                "Worker Number": 2,
                                                "Actual Startup Time": 15.777,
                                                "Actual Total Time": 302.354,
                                                "Actual Rows": 381389,
                                                "Actual Loops": 1
                                            },
                                            {
                                                "Worker Number": 3,
                                                "Actual Startup Time": 15.816,
                                                "Actual Total Time": 302.816,
                                                "Actual Rows": 384121,
                                                "Actual Loops": 1
                                            },
                                            {
                                                "Worker Number": 4,
                                                "Actual Startup Time": 15.787,
                                                "Actual Total Time": 306.937,
                                                "Actual Rows": 268211,
                                                "Actual Loops": 1
                                            }
                                        ]
                                    },
                                    {
                                        "Node Type": "Hash",
                                        "Parent Relationship": "Inner",
                                        "Parallel Aware": true,
                                        "Startup Cost": 43899.01,
                                        "Total Cost": 43899.01,
                                        "Plan Rows": 555134,
                                        "Plan Width": 4,
                                        "Actual Startup Time": 272.05,
                                        "Actual Total Time": 272.051,
                                        "Actual Rows": 370762,
                                        "Actual Loops": 6,
                                        "Output": [
                                            "t.id"
                                        ],
                                        "Hash Buckets": 4194304,
                                        "Original Hash Buckets": 4194304,
                                        "Hash Batches": 1,
                                        "Original Hash Batches": 1,
                                        "Peak Memory Usage": 119872,
                                        "Workers": [
                                            {
                                                "Worker Number": 0,
                                                "Actual Startup Time": 275.094,
                                                "Actual Total Time": 275.095,
                                                "Actual Rows": 365507,
                                                "Actual Loops": 1
                                            },
                                            {
                                                "Worker Number": 1,
                                                "Actual Startup Time": 275.224,
                                                "Actual Total Time": 275.225,
                                                "Actual Rows": 365214,
                                                "Actual Loops": 1
                                            },
                                            {
                                                "Worker Number": 2,
                                                "Actual Startup Time": 275.093,
                                                "Actual Total Time": 275.094,
                                                "Actual Rows": 368494,
                                                "Actual Loops": 1
                                            },
                                            {
                                                "Worker Number": 3,
                                                "Actual Startup Time": 275.246,
                                                "Actual Total Time": 275.247,
                                                "Actual Rows": 362034,
                                                "Actual Loops": 1
                                            },
                                            {
                                                "Worker Number": 4,
                                                "Actual Startup Time": 275.371,
                                                "Actual Total Time": 275.372,
                                                "Actual Rows": 282691,
                                                "Actual Loops": 1
                                            }
                                        ],
                                        "Plans": [
                                            {
                                                "Node Type": "Seq Scan",
                                                "Parent Relationship": "Outer",
                                                "Parallel Aware": true,
                                                "Relation Name": "title",
                                                "Schema": "public",
                                                "Alias": "t",
                                                "Startup Cost": 0.0,
                                                "Total Cost": 43899.01,
                                                "Plan Rows": 555134,
                                                "Plan Width": 4,
                                                "Actual Startup Time": 0.06,
                                                "Actual Total Time": 90.476,
                                                "Actual Rows": 370762,
                                                "Actual Loops": 6,
                                                "Output": [
                                                    "t.id"
                                                ],
                                                "Filter": "(t.production_year < 2012)",
                                                "Rows Removed by Filter": 50624,
                                                "Workers": [
                                                    {
                                                        "Worker Number": 0,
                                                        "Actual Startup Time": 0.066,
                                                        "Actual Total Time": 91.066,
                                                        "Actual Rows": 365507,
                                                        "Actual Loops": 1
                                                    },
                                                    {
                                                        "Worker Number": 1,
                                                        "Actual Startup Time": 0.075,
                                                        "Actual Total Time": 90.361,
                                                        "Actual Rows": 365214,
                                                        "Actual Loops": 1
                                                    },
                                                    {
                                                        "Worker Number": 2,
                                                        "Actual Startup Time": 0.067,
                                                        "Actual Total Time": 91.226,
                                                        "Actual Rows": 368494,
                                                        "Actual Loops": 1
                                                    },
                                                    {
                                                        "Worker Number": 3,
                                                        "Actual Startup Time": 0.069,
                                                        "Actual Total Time": 87.595,
                                                        "Actual Rows": 362034,
                                                        "Actual Loops": 1
                                                    },
                                                    {
                                                        "Worker Number": 4,
                                                        "Actual Startup Time": 0.063,
                                                        "Actual Total Time": 102.996,
                                                        "Actual Rows": 282691,
                                                        "Actual Loops": 1
                                                    }
                                                ]
                                            }
                                        ]
                                    }
                                ]
                            }
                        ]
                    }
                ]
            }
        ]
    },
    "Planning Time": 0.779,
    "Triggers": [],
    "Execution Time": 789.749
}