[
    {
        "Bao": {
            "Bao prediction": "NaN",
            "Bao recommended hint": "(no hint)"
        }
    },
    {
        "Plan": {
            "Node Type": "Aggregate",
            "Strategy": "Plain",
            "Partial Mode": "Finalize",
            "Parallel Aware": false,
            "Startup Cost": 33549.42,
            "Total Cost": 33549.43,
            "Plan Rows": 1,
            "Plan Width": 8,
            "Actual Startup Time": 87.463,
            "Actual Total Time": 92.2,
            "Actual Rows": 1,
            "Actual Loops": 1,
            "Output": [
                "count(*)"
            ],
            "Plans": [
                {
                    "Node Type": "Gather",
                    "Parent Relationship": "Outer",
                    "Parallel Aware": false,
                    "Startup Cost": 33549.1,
                    "Total Cost": 33549.41,
                    "Plan Rows": 3,
                    "Plan Width": 8,
                    "Actual Startup Time": 87.241,
                    "Actual Total Time": 92.191,
                    "Actual Rows": 4,
                    "Actual Loops": 1,
                    "Output": [
                        "(PARTIAL count(*))"
                    ],
                    "Workers Planned": 3,
                    "Workers Launched": 3,
                    "Single Copy": false,
                    "Plans": [
                        {
                            "Node Type": "Aggregate",
                            "Strategy": "Plain",
                            "Partial Mode": "Partial",
                            "Parent Relationship": "Outer",
                            "Parallel Aware": false,
                            "Startup Cost": 32549.1,
                            "Total Cost": 32549.11,
                            "Plan Rows": 1,
                            "Plan Width": 8,
                            "Actual Startup Time": 79.141,
                            "Actual Total Time": 79.143,
                            "Actual Rows": 1,
                            "Actual Loops": 4,
                            "Output": [
                                "PARTIAL count(*)"
                            ],
                            "Workers": [
                                {
                                    "Worker Number": 0,
                                    "Actual Startup Time": 76.305,
                                    "Actual Total Time": 76.307,
                                    "Actual Rows": 1,
                                    "Actual Loops": 1
                                },
                                {
                                    "Worker Number": 1,
                                    "Actual Startup Time": 76.55,
                                    "Actual Total Time": 76.552,
                                    "Actual Rows": 1,
                                    "Actual Loops": 1
                                },
                                {
                                    "Worker Number": 2,
                                    "Actual Startup Time": 76.705,
                                    "Actual Total Time": 76.708,
                                    "Actual Rows": 1,
                                    "Actual Loops": 1
                                }
                            ],
                            "Plans": [
                                {
                                    "Node Type": "Bitmap Heap Scan",
                                    "Parent Relationship": "Outer",
                                    "Parallel Aware": true,
                                    "Relation Name": "movie_keyword",
                                    "Schema": "public",
                                    "Alias": "mk",
                                    "Startup Cost": 6591.96,
                                    "Total Cost": 32298.58,
                                    "Plan Rows": 100209,
                                    "Plan Width": 0,
                                    "Actual Startup Time": 15.198,
                                    "Actual Total Time": 74.262,
                                    "Actual Rows": 77060,
                                    "Actual Loops": 4,
                                    "Recheck Cond": "(mk.keyword_id > 52840)",
                                    "Rows Removed by Index Recheck": 0,
                                    "Exact Heap Blocks": 10530,
                                    "Lossy Heap Blocks": 0,
                                    "Workers": [
                                        {
                                            "Worker Number": 0,
                                            "Actual Startup Time": 12.602,
                                            "Actual Total Time": 71.922,
                                            "Actual Rows": 43059,
                                            "Actual Loops": 1
                                        },
                                        {
                                            "Worker Number": 1,
                                            "Actual Startup Time": 12.658,
                                            "Actual Total Time": 72.149,
                                            "Actual Rows": 58645,
                                            "Actual Loops": 1
                                        },
                                        {
                                            "Worker Number": 2,
                                            "Actual Startup Time": 12.773,
                                            "Actual Total Time": 72.233,
                                            "Actual Rows": 59053,
                                            "Actual Loops": 1
                                        }
                                    ],
                                    "Plans": [
                                        {
                                            "Node Type": "Bitmap Index Scan",
                                            "Parent Relationship": "Outer",
                                            "Parallel Aware": false,
                                            "Index Name": "keyword_id_movie_keyword",
                                            "Startup Cost": 0.0,
                                            "Total Cost": 6514.3,
                                            "Plan Rows": 310649,
                                            "Plan Width": 0,
                                            "Actual Startup Time": 19.617,
                                            "Actual Total Time": 19.617,
                                            "Actual Rows": 308241,
                                            "Actual Loops": 1,
                                            "Index Cond": "(mk.keyword_id > 52840)"
                                        }
                                    ]
                                }
                            ]
                        }
                    ]
                }
            ]
        },
        "Planning Time": 176.932,
        "Triggers": [],
        "Execution Time": 92.244
    }
]