[
  {
    "Plan": {
      "Node Type": "Aggregate",
      "Strategy": "Plain",
      "Partial Mode": "Finalize",
      "Parallel Aware": false,
      "Startup Cost": 124993.92,
      "Total Cost": 124993.93,
      "Plan Rows": 1,
      "Plan Width": 8,
      "Actual Startup Time": 879.57,
      "Actual Total Time": 899.302,
      "Actual Rows": 1,
      "Actual Loops": 1,
      "Plans": [
        {
          "Node Type": "Gather",
          "Parent Relationship": "Outer",
          "Parallel Aware": false,
          "Startup Cost": 124993.6,
          "Total Cost": 124993.91,
          "Plan Rows": 3,
          "Plan Width": 8,
          "Actual Startup Time": 873.687,
          "Actual Total Time": 899.293,
          "Actual Rows": 4,
          "Actual Loops": 1,
          "Workers Planned": 3,
          "Workers Launched": 3,
          "Single Copy": false,
          "Plans": [
            {
              "Node Type": "Aggregate",
              "Strategy": "Plain",
              "Partial Mode": "Partial",
              "Parent Relationship": "Outer",
              "Parallel Aware": false,
              "Startup Cost": 123993.6,
              "Total Cost": 123993.61,
              "Plan Rows": 1,
              "Plan Width": 8,
              "Actual Startup Time": 865.248,
              "Actual Total Time": 865.253,
              "Actual Rows": 1,
              "Actual Loops": 4,
              "Plans": [
                {
                  "Node Type": "Hash Join",
                  "Parent Relationship": "Outer",
                  "Parallel Aware": true,
                  "Join Type": "Inner",
                  "Startup Cost": 78147.99,
                  "Total Cost": 123414.74,
                  "Plan Rows": 231547,
                  "Plan Width": 0,
                  "Actual Startup Time": 441.85,
                  "Actual Total Time": 791.732,
                  "Actual Rows": 1560952,
                  "Actual Loops": 4,
                  "Inner Unique": false,
                  "Hash Cond": "(mk.movie_id = t.id)",
                  "Plans": [
                    {
                      "Node Type": "Seq Scan",
                      "Parent Relationship": "Outer",
                      "Parallel Aware": true,
                      "Relation Name": "movie_keyword",
                      "Alias": "mk",
                      "Startup Cost": 0.0,
                      "Total Cost": 39047.32,
                      "Plan Rows": 1459332,
                      "Plan Width": 4,
                      "Actual Startup Time": 0.032,
                      "Actual Total Time": 100.553,
                      "Actual Rows": 1130982,
                      "Actual Loops": 4
                    },
                    {
                      "Node Type": "Hash",
                      "Parent Relationship": "Inner",
                      "Parallel Aware": true,
                      "Startup Cost": 76530.43,
                      "Total Cost": 76530.43,
                      "Plan Rows": 129405,
                      "Plan Width": 8,
                      "Actual Startup Time": 438.547,
                      "Actual Total Time": 438.551,
                      "Actual Rows": 156669,
                      "Actual Loops": 4,
                      "Hash Buckets": 1048576,
                      "Original Hash Buckets": 524288,
                      "Hash Batches": 1,
                      "Original Hash Batches": 1,
                      "Peak Memory Usage": 36896,
                      "Plans": [
                        {
                          "Node Type": "Hash Join",
                          "Parent Relationship": "Outer",
                          "Parallel Aware": true,
                          "Join Type": "Inner",
                          "Startup Cost": 45829.75,
                          "Total Cost": 76530.43,
                          "Plan Rows": 129405,
                          "Plan Width": 8,
                          "Actual Startup Time": 187.621,
                          "Actual Total Time": 372.41,
                          "Actual Rows": 156669,
                          "Actual Loops": 4,
                          "Inner Unique": true,
                          "Hash Cond": "(mc.movie_id = t.id)",
                          "Plans": [
                            {
                              "Node Type": "Seq Scan",
                              "Parent Relationship": "Outer",
                              "Parallel Aware": true,
                              "Relation Name": "movie_companies",
                              "Alias": "mc",
                              "Startup Cost": 0.0,
                              "Total Cost": 29310.68,
                              "Plan Rows": 529521,
                              "Plan Width": 4,
                              "Actual Startup Time": 1.801,
                              "Actual Total Time": 82.05,
                              "Actual Rows": 410631,
                              "Actual Loops": 4,
                              "Filter": "(company_id > 4048)",
                              "Rows Removed by Filter": 241651
                            },
                            {
                              "Node Type": "Hash",
                              "Parent Relationship": "Inner",
                              "Parallel Aware": true,
                              "Startup Cost": 43898.92,
                              "Total Cost": 43898.92,
                              "Plan Rows": 154467,
                              "Plan Width": 4,
                              "Actual Startup Time": 182.618,
                              "Actual Total Time": 182.62,
                              "Actual Rows": 155713,
                              "Actual Loops": 4,
                              "Hash Buckets": 1048576,
                              "Original Hash Buckets": 1048576,
                              "Hash Batches": 1,
                              "Original Hash Batches": 1,
                              "Peak Memory Usage": 32640,
                              "Plans": [
                                {
                                  "Node Type": "Seq Scan",
                                  "Parent Relationship": "Outer",
                                  "Parallel Aware": true,
                                  "Relation Name": "title",
                                  "Alias": "t",
                                  "Startup Cost": 0.0,
                                  "Total Cost": 43898.92,
                                  "Plan Rows": 154467,
                                  "Plan Width": 4,
                                  "Actual Startup Time": 0.049,
                                  "Actual Total Time": 113.658,
                                  "Actual Rows": 155713,
                                  "Actual Loops": 4,
                                  "Filter": "(production_year < 1987)",
                                  "Rows Removed by Filter": 476365
                                }
                              ]
                            }
                          ]
                        }
                      ]
                    }
                  ]
                }
              ]
            }
          ]
        }
      ]
    },
    "Planning Time": 1.415,
    "Triggers": [],
    "Execution Time": 899.388
  }
]