[
  {
    "Plan": {
      "Node Type": "Aggregate",
      "Strategy": "Plain",
      "Partial Mode": "Finalize",
      "Parallel Aware": false,
      "Startup Cost": 335763.89,
      "Total Cost": 335763.9,
      "Plan Rows": 1,
      "Plan Width": 8,
      "Actual Startup Time": 672.97,
      "Actual Total Time": 732.174,
      "Actual Rows": 1,
      "Actual Loops": 1,
      "Plans": [
        {
          "Node Type": "Gather",
          "Parent Relationship": "Outer",
          "Parallel Aware": false,
          "Startup Cost": 335763.27,
          "Total Cost": 335763.88,
          "Plan Rows": 6,
          "Plan Width": 8,
          "Actual Startup Time": 672.847,
          "Actual Total Time": 732.164,
          "Actual Rows": 7,
          "Actual Loops": 1,
          "Workers Planned": 6,
          "Workers Launched": 6,
          "Single Copy": false,
          "Plans": [
            {
              "Node Type": "Aggregate",
              "Strategy": "Plain",
              "Partial Mode": "Partial",
              "Parent Relationship": "Outer",
              "Parallel Aware": false,
              "Startup Cost": 334763.27,
              "Total Cost": 334763.28,
              "Plan Rows": 1,
              "Plan Width": 8,
              "Actual Startup Time": 662.365,
              "Actual Total Time": 662.366,
              "Actual Rows": 1,
              "Actual Loops": 7,
              "Plans": [
                {
                  "Node Type": "Seq Scan",
                  "Parent Relationship": "Outer",
                  "Parallel Aware": true,
                  "Relation Name": "cast_info",
                  "Alias": "ci",
                  "Startup Cost": 0.0,
                  "Total Cost": 328162.03,
                  "Plan Rows": 2640497,
                  "Plan Width": 0,
                  "Actual Startup Time": 0.056,
                  "Actual Total Time": 568.716,
                  "Actual Rows": 2259829,
                  "Actual Loops": 7,
                  "Filter": "(person_id < 1563363)",
                  "Rows Removed by Filter": 2917934
                }
              ]
            }
          ]
        }
      ]
    },
    "Planning Time": 0.176,
    "Triggers": [],
    "Execution Time": 732.244
  }
]