[
  {
    "Plan": {
      "Node Type": "Aggregate",
      "Strategy": "Plain",
      "Partial Mode": "Finalize",
      "Parallel Aware": false,
      "Startup Cost": 97052.0,
      "Total Cost": 97052.01,
      "Plan Rows": 1,
      "Plan Width": 8,
      "Actual Startup Time": 503.756,
      "Actual Total Time": 520.489,
      "Actual Rows": 1,
      "Actual Loops": 1,
      "Plans": [
        {
          "Node Type": "Gather",
          "Parent Relationship": "Outer",
          "Parallel Aware": false,
          "Startup Cost": 97051.68,
          "Total Cost": 97051.99,
          "Plan Rows": 3,
          "Plan Width": 8,
          "Actual Startup Time": 497.624,
          "Actual Total Time": 520.478,
          "Actual Rows": 4,
          "Actual Loops": 1,
          "Workers Planned": 3,
          "Workers Launched": 3,
          "Single Copy": false,
          "Plans": [
            {
              "Node Type": "Aggregate",
              "Strategy": "Plain",
              "Partial Mode": "Partial",
              "Parent Relationship": "Outer",
              "Parallel Aware": false,
              "Startup Cost": 96051.68,
              "Total Cost": 96051.69,
              "Plan Rows": 1,
              "Plan Width": 8,
              "Actual Startup Time": 483.988,
              "Actual Total Time": 483.991,
              "Actual Rows": 1,
              "Actual Loops": 4,
              "Plans": [
                {
                  "Node Type": "Hash Join",
                  "Parent Relationship": "Outer",
                  "Parallel Aware": true,
                  "Join Type": "Inner",
                  "Startup Cost": 49727.15,
                  "Total Cost": 94554.25,
                  "Plan Rows": 598970,
                  "Plan Width": 0,
                  "Actual Startup Time": 276.992,
                  "Actual Total Time": 474.825,
                  "Actual Rows": 226240,
                  "Actual Loops": 4,
                  "Inner Unique": true,
                  "Hash Cond": "(mk.movie_id = t.id)",
                  "Plans": [
                    {
                      "Node Type": "Seq Scan",
                      "Parent Relationship": "Outer",
                      "Parallel Aware": true,
                      "Relation Name": "movie_keyword",
                      "Alias": "mk",
                      "Startup Cost": 0.0,
                      "Total Cost": 42695.65,
                      "Plan Rows": 811980,
                      "Plan Width": 4,
                      "Actual Startup Time": 0.03,
                      "Actual Total Time": 104.75,
                      "Actual Rows": 629273,
                      "Actual Loops": 4,
                      "Filter": "(keyword_id < 6239)",
                      "Rows Removed by Filter": 501710
                    },
                    {
                      "Node Type": "Hash",
                      "Parent Relationship": "Inner",
                      "Parallel Aware": true,
                      "Startup Cost": 43898.92,
                      "Total Cost": 43898.92,
                      "Plan Rows": 466259,
                      "Plan Width": 4,
                      "Actual Startup Time": 268.646,
                      "Actual Total Time": 268.647,
                      "Actual Rows": 466372,
                      "Actual Loops": 4,
                      "Hash Buckets": 2097152,
                      "Original Hash Buckets": 2097152,
                      "Hash Batches": 1,
                      "Original Hash Batches": 1,
                      "Peak Memory Usage": 89472,
                      "Plans": [
                        {
                          "Node Type": "Seq Scan",
                          "Parent Relationship": "Outer",
                          "Parallel Aware": true,
                          "Relation Name": "title",
                          "Alias": "t",
                          "Startup Cost": 0.0,
                          "Total Cost": 43898.92,
                          "Plan Rows": 466259,
                          "Plan Width": 4,
                          "Actual Startup Time": 0.039,
                          "Actual Total Time": 104.272,
                          "Actual Rows": 466372,
                          "Actual Loops": 4,
                          "Filter": "(kind_id > 1)",
                          "Rows Removed by Filter": 165706
                        }
                      ]
                    }
                  ]
                }
              ]
            }
          ]
        }
      ]
    },
    "Planning Time": 0.597,
    "Triggers": [],
    "Execution Time": 520.556
  }
]