{
  "Plan": {
    "Node Type": "Aggregate",
    "Strategy": "Plain",
    "Partial Mode": "Finalize",
    "Parallel Aware": false,
    "Startup Cost": 212259.94,
    "Total Cost": 212259.95,
    "Plan Rows": 1,
    "Plan Width": 8,
    "Actual Startup Time": 1797.268,
    "Actual Total Time": 1814.376,
    "Actual Rows": 1,
    "Actual Loops": 1,
    "Plans": [
      {
        "Node Type": "Gather",
        "Parent Relationship": "Outer",
        "Parallel Aware": false,
        "Startup Cost": 212259.82,
        "Total Cost": 212259.93,
        "Plan Rows": 1,
        "Plan Width": 8,
        "Actual Startup Time": 1793.921,
        "Actual Total Time": 1814.37,
        "Actual Rows": 2,
        "Actual Loops": 1,
        "Workers Planned": 1,
        "Workers Launched": 1,
        "Single Copy": false,
        "Plans": [
          {
            "Node Type": "Aggregate",
            "Strategy": "Plain",
            "Partial Mode": "Partial",
            "Parent Relationship": "Outer",
            "Parallel Aware": false,
            "Startup Cost": 211259.82,
            "Total Cost": 211259.83,
            "Plan Rows": 1,
            "Plan Width": 8,
            "Actual Startup Time": 1786.134,
            "Actual Total Time": 1786.137,
            "Actual Rows": 1,
            "Actual Loops": 2,
            "Plans": [
              {
                "Node Type": "Hash Join",
                "Parent Relationship": "Outer",
                "Parallel Aware": true,
                "Join Type": "Inner",
                "Startup Cost": 69461.26,
                "Total Cost": 205536.6,
                "Plan Rows": 2289290,
                "Plan Width": 0,
                "Actual Startup Time": 517.132,
                "Actual Total Time": 1705.929,
                "Actual Rows": 1946529,
                "Actual Loops": 2,
                "Inner Unique": true,
                "Hash Cond": "(ci.movie_id = t.id)",
                "Plans": [
                  {
                    "Node Type": "Index Scan",
                    "Parent Relationship": "Outer",
                    "Parallel Aware": true,
                    "Scan Direction": "Forward",
                    "Index Name": "role_id_cast_info",
                    "Relation Name": "cast_info",
                    "Alias": "ci",
                    "Startup Cost": 0.56,
                    "Total Cost": 130066.5,
                    "Plan Rows": 2289290,
                    "Plan Width": 4,
                    "Actual Startup Time": 0.042,
                    "Actual Total Time": 320.665,
                    "Actual Rows": 1946529,
                    "Actual Loops": 2,
                    "Index Cond": "(role_id = 3)",
                    "Rows Removed by Index Recheck": 0,
                    "Filter": "(person_id > 143124)",
                    "Rows Removed by Filter": 57490
                  },
                  {
                    "Node Type": "Hash",
                    "Parent Relationship": "Inner",
                    "Parallel Aware": true,
                    "Startup Cost": 50870.31,
                    "Total Cost": 50870.31,
                    "Plan Rows": 1487231,
                    "Plan Width": 4,
                    "Actual Startup Time": 502.731,
                    "Actual Total Time": 502.732,
                    "Actual Rows": 1264156,
                    "Actual Loops": 2,
                    "Hash Buckets": 4194304,
                    "Original Hash Buckets": 4194304,
                    "Hash Batches": 1,
                    "Original Hash Batches": 1,
                    "Peak Memory Usage": 131712,
                    "Plans": [
                      {
                        "Node Type": "Seq Scan",
                        "Parent Relationship": "Outer",
                        "Parallel Aware": true,
                        "Relation Name": "title",
                        "Alias": "t",
                        "Startup Cost": 0.0,
                        "Total Cost": 50870.31,
                        "Plan Rows": 1487231,
                        "Plan Width": 4,
                        "Actual Startup Time": 0.018,
                        "Actual Total Time": 146.408,
                        "Actual Rows": 1264156,
                        "Actual Loops": 2
                      }
                    ]
                  }
                ]
              }
            ]
          }
        ]
      }
    ]
  },
  "Planning Time": 0.76,
  "Triggers": [],
  "Execution Time": 1814.419
}