[
  {
    "Plan": {
      "Node Type": "Aggregate",
      "Strategy": "Plain",
      "Partial Mode": "Finalize",
      "Parallel Aware": false,
      "Startup Cost": 46381.67,
      "Total Cost": 46381.68,
      "Plan Rows": 1,
      "Plan Width": 8,
      "Actual Startup Time": 193.459,
      "Actual Total Time": 203.773,
      "Actual Rows": 1,
      "Actual Loops": 1,
      "Plans": [
        {
          "Node Type": "Gather",
          "Parent Relationship": "Outer",
          "Parallel Aware": false,
          "Startup Cost": 46381.35,
          "Total Cost": 46381.66,
          "Plan Rows": 3,
          "Plan Width": 8,
          "Actual Startup Time": 193.096,
          "Actual Total Time": 203.761,
          "Actual Rows": 4,
          "Actual Loops": 1,
          "Workers Planned": 3,
          "Workers Launched": 3,
          "Single Copy": false,
          "Plans": [
            {
              "Node Type": "Aggregate",
              "Strategy": "Plain",
              "Partial Mode": "Partial",
              "Parent Relationship": "Outer",
              "Parallel Aware": false,
              "Startup Cost": 45381.35,
              "Total Cost": 45381.36,
              "Plan Rows": 1,
              "Plan Width": 8,
              "Actual Startup Time": 184.677,
              "Actual Total Time": 184.678,
              "Actual Rows": 1,
              "Actual Loops": 4,
              "Plans": [
                {
                  "Node Type": "Seq Scan",
                  "Parent Relationship": "Outer",
                  "Parallel Aware": true,
                  "Relation Name": "movie_keyword",
                  "Alias": "mk",
                  "Startup Cost": 0.0,
                  "Total Cost": 42695.65,
                  "Plan Rows": 1074279,
                  "Plan Width": 0,
                  "Actual Startup Time": 0.066,
                  "Actual Total Time": 139.822,
                  "Actual Rows": 831623,
                  "Actual Loops": 4,
                  "Filter": "(keyword_id < 15390)",
                  "Rows Removed by Filter": 299359
                }
              ]
            }
          ]
        }
      ]
    },
    "Planning Time": 0.221,
    "Triggers": [],
    "Execution Time": 203.831
  }
]