[
  {
    "Plan": {
      "Node Type": "Aggregate",
      "Strategy": "Plain",
      "Partial Mode": "Finalize",
      "Parallel Aware": false,
      "Startup Cost": 46470.58,
      "Total Cost": 46470.59,
      "Plan Rows": 1,
      "Plan Width": 8,
      "Actual Startup Time": 158.331,
      "Actual Total Time": 166.297,
      "Actual Rows": 1,
      "Actual Loops": 1,
      "Plans": [
        {
          "Node Type": "Gather",
          "Parent Relationship": "Outer",
          "Parallel Aware": false,
          "Startup Cost": 46470.26,
          "Total Cost": 46470.57,
          "Plan Rows": 3,
          "Plan Width": 8,
          "Actual Startup Time": 158.193,
          "Actual Total Time": 166.286,
          "Actual Rows": 4,
          "Actual Loops": 1,
          "Workers Planned": 3,
          "Workers Launched": 3,
          "Single Copy": false,
          "Plans": [
            {
              "Node Type": "Aggregate",
              "Strategy": "Plain",
              "Partial Mode": "Partial",
              "Parent Relationship": "Outer",
              "Parallel Aware": false,
              "Startup Cost": 45470.26,
              "Total Cost": 45470.27,
              "Plan Rows": 1,
              "Plan Width": 8,
              "Actual Startup Time": 152.376,
              "Actual Total Time": 152.377,
              "Actual Rows": 1,
              "Actual Loops": 4,
              "Plans": [
                {
                  "Node Type": "Seq Scan",
                  "Parent Relationship": "Outer",
                  "Parallel Aware": true,
                  "Relation Name": "movie_keyword",
                  "Alias": "mk",
                  "Startup Cost": 0.0,
                  "Total Cost": 42695.65,
                  "Plan Rows": 1109843,
                  "Plan Width": 0,
                  "Actual Startup Time": 0.074,
                  "Actual Total Time": 114.235,
                  "Actual Rows": 858686,
                  "Actual Loops": 4,
                  "Filter": "(keyword_id > 1114)",
                  "Rows Removed by Filter": 272297
                }
              ]
            }
          ]
        }
      ]
    },
    "Planning Time": 0.188,
    "Triggers": [],
    "Execution Time": 166.349
  }
]