[
  {
    "Plan": {
      "Node Type": "Aggregate",
      "Strategy": "Plain",
      "Partial Mode": "Finalize",
      "Parallel Aware": false,
      "Startup Cost": 37166.7,
      "Total Cost": 37166.71,
      "Plan Rows": 1,
      "Plan Width": 8,
      "Actual Startup Time": 43.06,
      "Actual Total Time": 50.203,
      "Actual Rows": 1,
      "Actual Loops": 1,
      "Plans": [
        {
          "Node Type": "Gather",
          "Parent Relationship": "Outer",
          "Parallel Aware": false,
          "Startup Cost": 37166.48,
          "Total Cost": 37166.69,
          "Plan Rows": 2,
          "Plan Width": 8,
          "Actual Startup Time": 42.933,
          "Actual Total Time": 50.197,
          "Actual Rows": 3,
          "Actual Loops": 1,
          "Workers Planned": 2,
          "Workers Launched": 2,
          "Single Copy": false,
          "Plans": [
            {
              "Node Type": "Aggregate",
              "Strategy": "Plain",
              "Partial Mode": "Partial",
              "Parent Relationship": "Outer",
              "Parallel Aware": false,
              "Startup Cost": 36166.48,
              "Total Cost": 36166.49,
              "Plan Rows": 1,
              "Plan Width": 8,
              "Actual Startup Time": 36.418,
              "Actual Total Time": 36.419,
              "Actual Rows": 1,
              "Actual Loops": 3,
              "Plans": [
                {
                  "Node Type": "Nested Loop",
                  "Parent Relationship": "Outer",
                  "Parallel Aware": false,
                  "Join Type": "Inner",
                  "Startup Cost": 151.79,
                  "Total Cost": 36159.1,
                  "Plan Rows": 2953,
                  "Plan Width": 0,
                  "Actual Startup Time": 2.848,
                  "Actual Total Time": 36.057,
                  "Actual Rows": 2109,
                  "Actual Loops": 3,
                  "Inner Unique": true,
                  "Plans": [
                    {
                      "Node Type": "Bitmap Heap Scan",
                      "Parent Relationship": "Outer",
                      "Parallel Aware": true,
                      "Relation Name": "movie_keyword",
                      "Alias": "mk",
                      "Startup Cost": 151.36,
                      "Total Cost": 15607.09,
                      "Plan Rows": 2953,
                      "Plan Width": 4,
                      "Actual Startup Time": 2.711,
                      "Actual Total Time": 12.309,
                      "Actual Rows": 2109,
                      "Actual Loops": 3,
                      "Recheck Cond": "(keyword_id = 498)",
                      "Rows Removed by Index Recheck": 0,
                      "Exact Heap Blocks": 3251,
                      "Lossy Heap Blocks": 0,
                      "Plans": [
                        {
                          "Node Type": "Bitmap Index Scan",
                          "Parent Relationship": "Outer",
                          "Parallel Aware": false,
                          "Index Name": "keyword_id_movie_keyword",
                          "Startup Cost": 0.0,
                          "Total Cost": 149.59,
                          "Plan Rows": 7087,
                          "Plan Width": 0,
                          "Actual Startup Time": 5.34,
                          "Actual Total Time": 5.34,
                          "Actual Rows": 6326,
                          "Actual Loops": 1,
                          "Index Cond": "(keyword_id = 498)"
                        }
                      ]
                    },
                    {
                      "Node Type": "Index Only Scan",
                      "Parent Relationship": "Inner",
                      "Parallel Aware": false,
                      "Scan Direction": "Forward",
                      "Index Name": "title_pkey",
                      "Relation Name": "title",
                      "Alias": "t",
                      "Startup Cost": 0.43,
                      "Total Cost": 6.96,
                      "Plan Rows": 1,
                      "Plan Width": 4,
                      "Actual Startup Time": 0.01,
                      "Actual Total Time": 0.01,
                      "Actual Rows": 1,
                      "Actual Loops": 6326,
                      "Index Cond": "(id = mk.movie_id)",
                      "Rows Removed by Index Recheck": 0,
                      "Heap Fetches": 6326
                    }
                  ]
                }
              ]
            }
          ]
        }
      ]
    },
    "Planning Time": 0.599,
    "Triggers": [],
    "Execution Time": 50.288
  }
]