[
  {
    "Plan": {
      "Node Type": "Aggregate",
      "Strategy": "Plain",
      "Partial Mode": "Finalize",
      "Parallel Aware": false,
      "Startup Cost": 31449.64,
      "Total Cost": 31449.65,
      "Plan Rows": 1,
      "Plan Width": 8,
      "Actual Startup Time": 109.829,
      "Actual Total Time": 118.395,
      "Actual Rows": 1,
      "Actual Loops": 1,
      "Plans": [
        {
          "Node Type": "Gather",
          "Parent Relationship": "Outer",
          "Parallel Aware": false,
          "Startup Cost": 31449.32,
          "Total Cost": 31449.63,
          "Plan Rows": 3,
          "Plan Width": 8,
          "Actual Startup Time": 109.66,
          "Actual Total Time": 118.386,
          "Actual Rows": 4,
          "Actual Loops": 1,
          "Workers Planned": 3,
          "Workers Launched": 3,
          "Single Copy": false,
          "Plans": [
            {
              "Node Type": "Aggregate",
              "Strategy": "Plain",
              "Partial Mode": "Partial",
              "Parent Relationship": "Outer",
              "Parallel Aware": false,
              "Startup Cost": 30449.32,
              "Total Cost": 30449.33,
              "Plan Rows": 1,
              "Plan Width": 8,
              "Actual Startup Time": 102.556,
              "Actual Total Time": 102.558,
              "Actual Rows": 1,
              "Actual Loops": 4,
              "Plans": [
                {
                  "Node Type": "Seq Scan",
                  "Parent Relationship": "Outer",
                  "Parallel Aware": true,
                  "Relation Name": "movie_companies",
                  "Alias": "mc",
                  "Startup Cost": 0.0,
                  "Total Cost": 29310.68,
                  "Plan Rows": 455455,
                  "Plan Width": 0,
                  "Actual Startup Time": 0.035,
                  "Actual Total Time": 82.362,
                  "Actual Rows": 355275,
                  "Actual Loops": 4,
                  "Filter": "(company_id < 12514)",
                  "Rows Removed by Filter": 297007
                }
              ]
            }
          ]
        }
      ]
    },
    "Planning Time": 0.191,
    "Triggers": [],
    "Execution Time": 118.448
  }
]