{
    "Plan": {
        "Node Type": "Aggregate",
        "Strategy": "Plain",
        "Partial Mode": "Finalize",
        "Parallel Aware": false,
        "Startup Cost": 282473.0,
        "Total Cost": 282473.01,
        "Plan Rows": 1,
        "Plan Width": 8,
        "Actual Startup Time": 595.459,
        "Actual Total Time": 636.689,
        "Actual Rows": 1,
        "Actual Loops": 1,
        "Output": [
            "count(*)"
        ],
        "Plans": [
            {
                "Node Type": "Gather",
                "Parent Relationship": "Outer",
                "Parallel Aware": false,
                "Startup Cost": 282472.48,
                "Total Cost": 282472.99,
                "Plan Rows": 5,
                "Plan Width": 8,
                "Actual Startup Time": 590.697,
                "Actual Total Time": 636.676,
                "Actual Rows": 6,
                "Actual Loops": 1,
                "Output": [
                    "(PARTIAL count(*))"
                ],
                "Workers Planned": 5,
                "Workers Launched": 5,
                "Single Copy": false,
                "Plans": [
                    {
                        "Node Type": "Aggregate",
                        "Strategy": "Plain",
                        "Partial Mode": "Partial",
                        "Parent Relationship": "Outer",
                        "Parallel Aware": false,
                        "Startup Cost": 281472.48,
                        "Total Cost": 281472.49,
                        "Plan Rows": 1,
                        "Plan Width": 8,
                        "Actual Startup Time": 579.832,
                        "Actual Total Time": 579.904,
                        "Actual Rows": 1,
                        "Actual Loops": 6,
                        "Output": [
                            "PARTIAL count(*)"
                        ],
                        "Workers": [
                            {
                                "Worker Number": 0,
                                "Actual Startup Time": 577.695,
                                "Actual Total Time": 577.708,
                                "Actual Rows": 1,
                                "Actual Loops": 1
                            },
                            {
                                "Worker Number": 1,
                                "Actual Startup Time": 577.709,
                                "Actual Total Time": 577.714,
                                "Actual Rows": 1,
                                "Actual Loops": 1
                            },
                            {
                                "Worker Number": 2,
                                "Actual Startup Time": 578.331,
                                "Actual Total Time": 578.336,
                                "Actual Rows": 1,
                                "Actual Loops": 1
                            },
                            {
                                "Worker Number": 3,
                                "Actual Startup Time": 577.764,
                                "Actual Total Time": 577.768,
                                "Actual Rows": 1,
                                "Actual Loops": 1
                            },
                            {
                                "Worker Number": 4,
                                "Actual Startup Time": 577.741,
                                "Actual Total Time": 577.746,
                                "Actual Rows": 1,
                                "Actual Loops": 1
                            }
                        ],
                        "Plans": [
                            {
                                "Node Type": "Hash Join",
                                "Parent Relationship": "Outer",
                                "Parallel Aware": true,
                                "Join Type": "Inner",
                                "Startup Cost": 81845.73,
                                "Total Cost": 281380.37,
                                "Plan Rows": 36843,
                                "Plan Width": 0,
                                "Actual Startup Time": 308.876,
                                "Actual Total Time": 578.056,
                                "Actual Rows": 42680,
                                "Actual Loops": 6,
                                "Inner Unique": false,
                                "Hash Cond": "(mi.movie_id = t.id)",
                                "Workers": [
                                    {
                                        "Worker Number": 0,
                                        "Actual Startup Time": 306.797,
                                        "Actual Total Time": 575.945,
                                        "Actual Rows": 43721,
                                        "Actual Loops": 1
                                    },
                                    {
                                        "Worker Number": 1,
                                        "Actual Startup Time": 306.923,
                                        "Actual Total Time": 575.937,
                                        "Actual Rows": 44185,
                                        "Actual Loops": 1
                                    },
                                    {
                                        "Worker Number": 2,
                                        "Actual Startup Time": 306.849,
                                        "Actual Total Time": 576.284,
                                        "Actual Rows": 30980,
                                        "Actual Loops": 1
                                    },
                                    {
                                        "Worker Number": 3,
                                        "Actual Startup Time": 306.851,
                                        "Actual Total Time": 575.987,
                                        "Actual Rows": 44094,
                                        "Actual Loops": 1
                                    },
                                    {
                                        "Worker Number": 4,
                                        "Actual Startup Time": 306.979,
                                        "Actual Total Time": 575.986,
                                        "Actual Rows": 43731,
                                        "Actual Loops": 1
                                    }
                                ],
                                "Plans": [
                                    {
                                        "Node Type": "Seq Scan",
                                        "Parent Relationship": "Outer",
                                        "Parallel Aware": true,
                                        "Relation Name": "movie_info",
                                        "Schema": "public",
                                        "Alias": "mi",
                                        "Startup Cost": 0.0,
                                        "Total Cost": 198880.74,
                                        "Plan Rows": 149813,
                                        "Plan Width": 4,
                                        "Actual Startup Time": 26.411,
                                        "Actual Total Time": 266.444,
                                        "Actual Rows": 133690,
                                        "Actual Loops": 6,
                                        "Output": [
                                            "mi.id",
                                            "mi.movie_id",
                                            "mi.info_type_id",
                                            "mi.info",
                                            "mi.note"
                                        ],
                                        "Filter": "(mi.info_type_id = 1)",
                                        "Rows Removed by Filter": 2338930,
                                        "Workers": [
                                            {
                                                "Worker Number": 0,
                                                "Actual Startup Time": 26.41,
                                                "Actual Total Time": 266.317,
                                                "Actual Rows": 137168,
                                                "Actual Loops": 1
                                            },
                                            {
                                                "Worker Number": 1,
                                                "Actual Startup Time": 26.419,
                                                "Actual Total Time": 266.455,
                                                "Actual Rows": 138314,
                                                "Actual Loops": 1
                                            },
                                            {
                                                "Worker Number": 2,
                                                "Actual Startup Time": 26.426,
                                                "Actual Total Time": 267.672,
                                                "Actual Rows": 93050,
                                                "Actual Loops": 1
                                            },
                                            {
                                                "Worker Number": 3,
                                                "Actual Startup Time": 26.423,
                                                "Actual Total Time": 266.488,
                                                "Actual Rows": 140230,
                                                "Actual Loops": 1
                                            },
                                            {
                                                "Worker Number": 4,
                                                "Actual Startup Time": 26.435,
                                                "Actual Total Time": 266.428,
                                                "Actual Rows": 137838,
                                                "Actual Loops": 1
                                            }
                                        ]
                                    },
                                    {
                                        "Node Type": "Hash",
                                        "Parent Relationship": "Inner",
                                        "Parallel Aware": true,
                                        "Startup Cost": 79902.65,
                                        "Total Cost": 79902.65,
                                        "Plan Rows": 155446,
                                        "Plan Width": 8,
                                        "Actual Startup Time": 278.525,
                                        "Actual Total Time": 278.595,
                                        "Actual Rows": 66549,
                                        "Actual Loops": 6,
                                        "Output": [
                                            "t.id",
                                            "mc.movie_id"
                                        ],
                                        "Hash Buckets": 1048576,
                                        "Original Hash Buckets": 1048576,
                                        "Hash Batches": 1,
                                        "Original Hash Batches": 1,
                                        "Peak Memory Usage": 23904,
                                        "Workers": [
                                            {
                                                "Worker Number": 0,
                                                "Actual Startup Time": 279.762,
                                                "Actual Total Time": 279.773,
                                                "Actual Rows": 66215,
                                                "Actual Loops": 1
                                            },
                                            {
                                                "Worker Number": 1,
                                                "Actual Startup Time": 279.758,
                                                "Actual Total Time": 279.761,
                                                "Actual Rows": 67701,
                                                "Actual Loops": 1
                                            },
                                            {
                                                "Worker Number": 2,
                                                "Actual Startup Time": 279.795,
                                                "Actual Total Time": 279.798,
                                                "Actual Rows": 48552,
                                                "Actual Loops": 1
                                            },
                                            {
                                                "Worker Number": 3,
                                                "Actual Startup Time": 279.799,
                                                "Actual Total Time": 279.802,
                                                "Actual Rows": 69404,
                                                "Actual Loops": 1
                                            },
                                            {
                                                "Worker Number": 4,
                                                "Actual Startup Time": 279.747,
                                                "Actual Total Time": 279.75,
                                                "Actual Rows": 67125,
                                                "Actual Loops": 1
                                            }
                                        ],
                                        "Plans": [
                                            {
                                                "Node Type": "Hash Join",
                                                "Parent Relationship": "Outer",
                                                "Parallel Aware": true,
                                                "Join Type": "Inner",
                                                "Startup Cost": 33922.01,
                                                "Total Cost": 79902.65,
                                                "Plan Rows": 155446,
                                                "Plan Width": 8,
                                                "Actual Startup Time": 96.563,
                                                "Actual Total Time": 248.981,
                                                "Actual Rows": 66549,
                                                "Actual Loops": 6,
                                                "Output": [
                                                    "t.id",
                                                    "mc.movie_id"
                                                ],
                                                "Inner Unique": false,
                                                "Hash Cond": "(t.id = mc.movie_id)",
                                                "Workers": [
                                                    {
                                                        "Worker Number": 0,
                                                        "Actual Startup Time": 96.593,
                                                        "Actual Total Time": 247.819,
                                                        "Actual Rows": 66215,
                                                        "Actual Loops": 1
                                                    },
                                                    {
                                                        "Worker Number": 1,
                                                        "Actual Startup Time": 96.564,
                                                        "Actual Total Time": 249.455,
                                                        "Actual Rows": 67701,
                                                        "Actual Loops": 1
                                                    },
                                                    {
                                                        "Worker Number": 2,
                                                        "Actual Startup Time": 96.553,
                                                        "Actual Total Time": 248.156,
                                                        "Actual Rows": 48552,
                                                        "Actual Loops": 1
                                                    },
                                                    {
                                                        "Worker Number": 3,
                                                        "Actual Startup Time": 96.524,
                                                        "Actual Total Time": 250.161,
                                                        "Actual Rows": 69404,
                                                        "Actual Loops": 1
                                                    },
                                                    {
                                                        "Worker Number": 4,
                                                        "Actual Startup Time": 96.532,
                                                        "Actual Total Time": 248.655,
                                                        "Actual Rows": 67125,
                                                        "Actual Loops": 1
                                                    }
                                                ],
                                                "Plans": [
                                                    {
                                                        "Node Type": "Seq Scan",
                                                        "Parent Relationship": "Outer",
                                                        "Parallel Aware": true,
                                                        "Relation Name": "title",
                                                        "Schema": "public",
                                                        "Alias": "t",
                                                        "Startup Cost": 0.0,
                                                        "Total Cost": 42318.81,
                                                        "Plan Rows": 632080,
                                                        "Plan Width": 4,
                                                        "Actual Startup Time": 0.022,
                                                        "Actual Total Time": 57.368,
                                                        "Actual Rows": 421385,
                                                        "Actual Loops": 6,
                                                        "Output": [
                                                            "t.id",
                                                            "t.title",
                                                            "t.imdb_index",
                                                            "t.kind_id",
                                                            "t.production_year",
                                                            "t.imdb_id",
                                                            "t.phonetic_code",
                                                            "t.episode_of_id",
                                                            "t.season_nr",
                                                            "t.episode_nr",
                                                            "t.series_years",
                                                            "t.md5sum"
                                                        ],
                                                        "Workers": [
                                                            {
                                                                "Worker Number": 0,
                                                                "Actual Startup Time": 0.029,
                                                                "Actual Total Time": 58.626,
                                                                "Actual Rows": 418857,
                                                                "Actual Loops": 1
                                                            },
                                                            {
                                                                "Worker Number": 1,
                                                                "Actual Startup Time": 0.02,
                                                                "Actual Total Time": 59.252,
                                                                "Actual Rows": 430759,
                                                                "Actual Loops": 1
                                                            },
                                                            {
                                                                "Worker Number": 2,
                                                                "Actual Startup Time": 0.031,
                                                                "Actual Total Time": 61.204,
                                                                "Actual Rows": 306678,
                                                                "Actual Loops": 1
                                                            },
                                                            {
                                                                "Worker Number": 3,
                                                                "Actual Startup Time": 0.025,
                                                                "Actual Total Time": 59.652,
                                                                "Actual Rows": 438801,
                                                                "Actual Loops": 1
                                                            },
                                                            {
                                                                "Worker Number": 4,
                                                                "Actual Startup Time": 0.024,
                                                                "Actual Total Time": 58.888,
                                                                "Actual Rows": 423358,
                                                                "Actual Loops": 1
                                                            }
                                                        ]
                                                    },
                                                    {
                                                        "Node Type": "Hash",
                                                        "Parent Relationship": "Inner",
                                                        "Parallel Aware": true,
                                                        "Startup Cost": 31414.82,
                                                        "Total Cost": 31414.82,
                                                        "Plan Rows": 200575,
                                                        "Plan Width": 4,
                                                        "Actual Startup Time": 94.738,
                                                        "Actual Total Time": 94.739,
                                                        "Actual Rows": 66549,
                                                        "Actual Loops": 6,
                                                        "Output": [
                                                            "mc.movie_id"
                                                        ],
                                                        "Hash Buckets": 1048576,
                                                        "Original Hash Buckets": 1048576,
                                                        "Hash Batches": 1,
                                                        "Original Hash Batches": 1,
                                                        "Peak Memory Usage": 23904,
                                                        "Workers": [
                                                            {
                                                                "Worker Number": 0,
                                                                "Actual Startup Time": 96.434,
                                                                "Actual Total Time": 96.436,
                                                                "Actual Rows": 68874,
                                                                "Actual Loops": 1
                                                            },
                                                            {
                                                                "Worker Number": 1,
                                                                "Actual Startup Time": 96.473,
                                                                "Actual Total Time": 96.474,
                                                                "Actual Rows": 67990,
                                                                "Actual Loops": 1
                                                            },
                                                            {
                                                                "Worker Number": 2,
                                                                "Actual Startup Time": 96.452,
                                                                "Actual Total Time": 96.453,
                                                                "Actual Rows": 44368,
                                                                "Actual Loops": 1
                                                            },
                                                            {
                                                                "Worker Number": 3,
                                                                "Actual Startup Time": 96.43,
                                                                "Actual Total Time": 96.431,
                                                                "Actual Rows": 68531,
                                                                "Actual Loops": 1
                                                            },
                                                            {
                                                                "Worker Number": 4,
                                                                "Actual Startup Time": 96.439,
                                                                "Actual Total Time": 96.44,
                                                                "Actual Rows": 68637,
                                                                "Actual Loops": 1
                                                            }
                                                        ],
                                                        "Plans": [
                                                            {
                                                                "Node Type": "Seq Scan",
                                                                "Parent Relationship": "Outer",
                                                                "Parallel Aware": true,
                                                                "Relation Name": "movie_companies",
                                                                "Schema": "public",
                                                                "Alias": "mc",
                                                                "Startup Cost": 0.0,
                                                                "Total Cost": 31414.82,
                                                                "Plan Rows": 200575,
                                                                "Plan Width": 4,
                                                                "Actual Startup Time": 41.717,
                                                                "Actual Total Time": 64.902,
                                                                "Actual Rows": 66549,
                                                                "Actual Loops": 6,
                                                                "Output": [
                                                                    "mc.movie_id"
                                                                ],
                                                                "Filter": "((mc.company_id < 11137) AND (mc.company_type_id > 1))",
                                                                "Rows Removed by Filter": 368306,
                                                                "Workers": [
                                                                    {
                                                                        "Worker Number": 0,
                                                                        "Actual Startup Time": 41.699,
                                                                        "Actual Total Time": 65.032,
                                                                        "Actual Rows": 68874,
                                                                        "Actual Loops": 1
                                                                    },
                                                                    {
                                                                        "Worker Number": 1,
                                                                        "Actual Startup Time": 41.722,
                                                                        "Actual Total Time": 64.994,
                                                                        "Actual Rows": 67990,
                                                                        "Actual Loops": 1
                                                                    },
                                                                    {
                                                                        "Worker Number": 2,
                                                                        "Actual Startup Time": 41.723,
                                                                        "Actual Total Time": 65.393,
                                                                        "Actual Rows": 44368,
                                                                        "Actual Loops": 1
                                                                    },
                                                                    {
                                                                        "Worker Number": 3,
                                                                        "Actual Startup Time": 41.7,
                                                                        "Actual Total Time": 65.021,
                                                                        "Actual Rows": 68531,
                                                                        "Actual Loops": 1
                                                                    },
                                                                    {
                                                                        "Worker Number": 4,
                                                                        "Actual Startup Time": 41.694,
                                                                        "Actual Total Time": 64.886,
                                                                        "Actual Rows": 68637,
                                                                        "Actual Loops": 1
                                                                    }
                                                                ]
                                                            }
                                                        ]
                                                    }
                                                ]
                                            }
                                        ]
                                    }
                                ]
                            }
                        ]
                    }
                ]
            }
        ]
    },
    "Planning Time": 1.682,
    "Triggers": [],
    "Execution Time": 636.788
}