[
  {
    "Plan": {
      "Node Type": "Aggregate",
      "Strategy": "Plain",
      "Partial Mode": "Finalize",
      "Parallel Aware": false,
      "Startup Cost": 281346.88,
      "Total Cost": 281346.89,
      "Plan Rows": 1,
      "Plan Width": 8,
      "Actual Startup Time": 963.581,
      "Actual Total Time": 982.667,
      "Actual Rows": 1,
      "Actual Loops": 1,
      "Plans": [
        {
          "Node Type": "Gather",
          "Parent Relationship": "Outer",
          "Parallel Aware": false,
          "Startup Cost": 281346.56,
          "Total Cost": 281346.87,
          "Plan Rows": 3,
          "Plan Width": 8,
          "Actual Startup Time": 955.562,
          "Actual Total Time": 982.659,
          "Actual Rows": 4,
          "Actual Loops": 1,
          "Workers Planned": 3,
          "Workers Launched": 3,
          "Single Copy": false,
          "Plans": [
            {
              "Node Type": "Aggregate",
              "Strategy": "Plain",
              "Partial Mode": "Partial",
              "Parent Relationship": "Outer",
              "Parallel Aware": false,
              "Startup Cost": 280346.56,
              "Total Cost": 280346.57,
              "Plan Rows": 1,
              "Plan Width": 8,
              "Actual Startup Time": 951.782,
              "Actual Total Time": 951.904,
              "Actual Rows": 1,
              "Actual Loops": 4,
              "Plans": [
                {
                  "Node Type": "Hash Join",
                  "Parent Relationship": "Outer",
                  "Parallel Aware": true,
                  "Join Type": "Inner",
                  "Startup Cost": 249115.39,
                  "Total Cost": 279864.1,
                  "Plan Rows": 192982,
                  "Plan Width": 0,
                  "Actual Startup Time": 710.133,
                  "Actual Total Time": 930.587,
                  "Actual Rows": 539648,
                  "Actual Loops": 4,
                  "Inner Unique": false,
                  "Hash Cond": "(mc.movie_id = t.id)",
                  "Plans": [
                    {
                      "Node Type": "Seq Scan",
                      "Parent Relationship": "Outer",
                      "Parallel Aware": true,
                      "Relation Name": "movie_companies",
                      "Alias": "mc",
                      "Startup Cost": 0.0,
                      "Total Cost": 27206.55,
                      "Plan Rows": 841655,
                      "Plan Width": 4,
                      "Actual Startup Time": 0.019,
                      "Actual Total Time": 52.423,
                      "Actual Rows": 652282,
                      "Actual Loops": 4
                    },
                    {
                      "Node Type": "Hash",
                      "Parent Relationship": "Inner",
                      "Parallel Aware": true,
                      "Startup Cost": 247666.1,
                      "Total Cost": 247666.1,
                      "Plan Rows": 115943,
                      "Plan Width": 8,
                      "Actual Startup Time": 707.314,
                      "Actual Total Time": 707.435,
                      "Actual Rows": 259482,
                      "Actual Loops": 4,
                      "Hash Buckets": 1048576,
                      "Original Hash Buckets": 1048576,
                      "Hash Batches": 1,
                      "Original Hash Batches": 1,
                      "Peak Memory Usage": 48864,
                      "Plans": [
                        {
                          "Node Type": "Hash Join",
                          "Parent Relationship": "Outer",
                          "Parallel Aware": true,
                          "Join Type": "Inner",
                          "Startup Cost": 47705.0,
                          "Total Cost": 247666.1,
                          "Plan Rows": 115943,
                          "Plan Width": 8,
                          "Actual Startup Time": 175.275,
                          "Actual Total Time": 626.488,
                          "Actual Rows": 259482,
                          "Actual Loops": 4,
                          "Inner Unique": true,
                          "Hash Cond": "(mi.movie_id = t.id)",
                          "Plans": [
                            {
                              "Node Type": "Seq Scan",
                              "Parent Relationship": "Outer",
                              "Parallel Aware": true,
                              "Relation Name": "movie_info",
                              "Alias": "mi",
                              "Startup Cost": 0.0,
                              "Total Cost": 198880.74,
                              "Plan Rows": 411570,
                              "Plan Width": 4,
                              "Actual Startup Time": 32.231,
                              "Actual Total Time": 352.455,
                              "Actual Rows": 522767,
                              "Actual Loops": 4,
                              "Filter": "(info_type_id < 3)",
                              "Rows Removed by Filter": 3186163
                            },
                            {
                              "Node Type": "Hash",
                              "Parent Relationship": "Inner",
                              "Parallel Aware": true,
                              "Startup Cost": 45479.21,
                              "Total Cost": 45479.21,
                              "Plan Rows": 178063,
                              "Plan Width": 4,
                              "Actual Startup Time": 140.802,
                              "Actual Total Time": 140.803,
                              "Actual Rows": 153039,
                              "Actual Loops": 4,
                              "Hash Buckets": 1048576,
                              "Original Hash Buckets": 1048576,
                              "Hash Batches": 1,
                              "Original Hash Batches": 1,
                              "Peak Memory Usage": 32224,
                              "Plans": [
                                {
                                  "Node Type": "Seq Scan",
                                  "Parent Relationship": "Outer",
                                  "Parallel Aware": true,
                                  "Relation Name": "title",
                                  "Alias": "t",
                                  "Startup Cost": 0.0,
                                  "Total Cost": 45479.21,
                                  "Plan Rows": 178063,
                                  "Plan Width": 4,
                                  "Actual Startup Time": 0.022,
                                  "Actual Total Time": 87.659,
                                  "Actual Rows": 153039,
                                  "Actual Loops": 4,
                                  "Filter": "((kind_id < 7) AND (production_year > 1987))",
                                  "Rows Removed by Filter": 479039
                                }
                              ]
                            }
                          ]
                        }
                      ]
                    }
                  ]
                }
              ]
            }
          ]
        }
      ]
    },
    "Planning Time": 0.628,
    "Triggers": [],
    "Execution Time": 982.715
  }
]