[
  {
    "Plan": {
      "Node Type": "Aggregate",
      "Strategy": "Plain",
      "Partial Mode": "Finalize",
      "Parallel Aware": false,
      "Startup Cost": 281426.31,
      "Total Cost": 281426.32,
      "Plan Rows": 1,
      "Plan Width": 8,
      "Actual Startup Time": 1104.372,
      "Actual Total Time": 1152.897,
      "Actual Rows": 1,
      "Actual Loops": 1,
      "Plans": [
        {
          "Node Type": "Gather",
          "Parent Relationship": "Outer",
          "Parallel Aware": false,
          "Startup Cost": 281425.99,
          "Total Cost": 281426.3,
          "Plan Rows": 3,
          "Plan Width": 8,
          "Actual Startup Time": 1097.224,
          "Actual Total Time": 1152.888,
          "Actual Rows": 4,
          "Actual Loops": 1,
          "Workers Planned": 3,
          "Workers Launched": 3,
          "Single Copy": false,
          "Plans": [
            {
              "Node Type": "Aggregate",
              "Strategy": "Plain",
              "Partial Mode": "Partial",
              "Parent Relationship": "Outer",
              "Parallel Aware": false,
              "Startup Cost": 280425.99,
              "Total Cost": 280426.0,
              "Plan Rows": 1,
              "Plan Width": 8,
              "Actual Startup Time": 1090.458,
              "Actual Total Time": 1090.566,
              "Actual Rows": 1,
              "Actual Loops": 4,
              "Plans": [
                {
                  "Node Type": "Hash Join",
                  "Parent Relationship": "Outer",
                  "Parallel Aware": true,
                  "Join Type": "Inner",
                  "Startup Cost": 249193.36,
                  "Total Cost": 279942.72,
                  "Plan Rows": 193307,
                  "Plan Width": 0,
                  "Actual Startup Time": 811.398,
                  "Actual Total Time": 1067.05,
                  "Actual Rows": 539648,
                  "Actual Loops": 4,
                  "Inner Unique": false,
                  "Hash Cond": "(mc.movie_id = t.id)",
                  "Plans": [
                    {
                      "Node Type": "Seq Scan",
                      "Parent Relationship": "Outer",
                      "Parallel Aware": true,
                      "Relation Name": "movie_companies",
                      "Alias": "mc",
                      "Startup Cost": 0.0,
                      "Total Cost": 27206.55,
                      "Plan Rows": 841655,
                      "Plan Width": 4,
                      "Actual Startup Time": 0.019,
                      "Actual Total Time": 60.554,
                      "Actual Rows": 652282,
                      "Actual Loops": 4
                    },
                    {
                      "Node Type": "Hash",
                      "Parent Relationship": "Inner",
                      "Parallel Aware": true,
                      "Startup Cost": 247741.65,
                      "Total Cost": 247741.65,
                      "Plan Rows": 116137,
                      "Plan Width": 8,
                      "Actual Startup Time": 806.821,
                      "Actual Total Time": 806.926,
                      "Actual Rows": 259482,
                      "Actual Loops": 4,
                      "Hash Buckets": 1048576,
                      "Original Hash Buckets": 1048576,
                      "Hash Batches": 1,
                      "Original Hash Batches": 1,
                      "Peak Memory Usage": 48864,
                      "Plans": [
                        {
                          "Node Type": "Hash Join",
                          "Parent Relationship": "Outer",
                          "Parallel Aware": true,
                          "Join Type": "Inner",
                          "Startup Cost": 47709.61,
                          "Total Cost": 247741.65,
                          "Plan Rows": 116137,
                          "Plan Width": 8,
                          "Actual Startup Time": 206.612,
                          "Actual Total Time": 718.211,
                          "Actual Rows": 259482,
                          "Actual Loops": 4,
                          "Inner Unique": true,
                          "Hash Cond": "(mi.movie_id = t.id)",
                          "Plans": [
                            {
                              "Node Type": "Seq Scan",
                              "Parent Relationship": "Outer",
                              "Parallel Aware": true,
                              "Relation Name": "movie_info",
                              "Alias": "mi",
                              "Startup Cost": 0.0,
                              "Total Cost": 198952.16,
                              "Plan Rows": 411380,
                              "Plan Width": 4,
                              "Actual Startup Time": 40.653,
                              "Actual Total Time": 400.511,
                              "Actual Rows": 522767,
                              "Actual Loops": 4,
                              "Filter": "(info_type_id < 3)",
                              "Rows Removed by Filter": 3186163
                            },
                            {
                              "Node Type": "Hash",
                              "Parent Relationship": "Inner",
                              "Parallel Aware": true,
                              "Startup Cost": 45479.1,
                              "Total Cost": 45479.1,
                              "Plan Rows": 178441,
                              "Plan Width": 4,
                              "Actual Startup Time": 163.51,
                              "Actual Total Time": 163.512,
                              "Actual Rows": 153039,
                              "Actual Loops": 4,
                              "Hash Buckets": 1048576,
                              "Original Hash Buckets": 1048576,
                              "Hash Batches": 1,
                              "Original Hash Batches": 1,
                              "Peak Memory Usage": 32224,
                              "Plans": [
                                {
                                  "Node Type": "Seq Scan",
                                  "Parent Relationship": "Outer",
                                  "Parallel Aware": true,
                                  "Relation Name": "title",
                                  "Alias": "t",
                                  "Startup Cost": 0.0,
                                  "Total Cost": 45479.1,
                                  "Plan Rows": 178441,
                                  "Plan Width": 4,
                                  "Actual Startup Time": 0.038,
                                  "Actual Total Time": 105.863,
                                  "Actual Rows": 153039,
                                  "Actual Loops": 4,
                                  "Filter": "((kind_id < 7) AND (production_year > 1987))",
                                  "Rows Removed by Filter": 479039
                                }
                              ]
                            }
                          ]
                        }
                      ]
                    }
                  ]
                }
              ]
            }
          ]
        }
      ]
    },
    "Planning Time": 1.225,
    "Triggers": [],
    "Execution Time": 1152.984
  }
]