{
  "Plan": {
    "Node Type": "Aggregate",
    "Strategy": "Plain",
    "Partial Mode": "Finalize",
    "Parallel Aware": false,
    "Startup Cost": 1491604.46,
    "Total Cost": 1491604.47,
    "Plan Rows": 1,
    "Plan Width": 8,
    "Actual Startup Time": 12449.07,
    "Actual Total Time": 12521.738,
    "Actual Rows": 1,
    "Actual Loops": 1,
    "Plans": [
      {
        "Node Type": "Gather",
        "Parent Relationship": "Outer",
        "Parallel Aware": false,
        "Startup Cost": 1491604.34,
        "Total Cost": 1491604.45,
        "Plan Rows": 1,
        "Plan Width": 8,
        "Actual Startup Time": 12433.394,
        "Actual Total Time": 12521.729,
        "Actual Rows": 2,
        "Actual Loops": 1,
        "Workers Planned": 1,
        "Workers Launched": 1,
        "Single Copy": false,
        "Plans": [
          {
            "Node Type": "Aggregate",
            "Strategy": "Plain",
            "Partial Mode": "Partial",
            "Parent Relationship": "Outer",
            "Parallel Aware": false,
            "Startup Cost": 1490604.34,
            "Total Cost": 1490604.35,
            "Plan Rows": 1,
            "Plan Width": 8,
            "Actual Startup Time": 12427.305,
            "Actual Total Time": 12427.31,
            "Actual Rows": 1,
            "Actual Loops": 2,
            "Plans": [
              {
                "Node Type": "Merge Join",
                "Parent Relationship": "Outer",
                "Parallel Aware": false,
                "Join Type": "Inner",
                "Startup Cost": 351862.96,
                "Total Cost": 1476492.28,
                "Plan Rows": 5644827,
                "Plan Width": 0,
                "Actual Startup Time": 1959.708,
                "Actual Total Time": 10501.234,
                "Actual Rows": 48163541,
                "Actual Loops": 2,
                "Inner Unique": false,
                "Merge Cond": "(mi.movie_id = t.id)",
                "Plans": [
                  {
                    "Node Type": "Index Only Scan",
                    "Parent Relationship": "Outer",
                    "Parallel Aware": true,
                    "Scan Direction": "Forward",
                    "Index Name": "movie_id_movie_info",
                    "Relation Name": "movie_info",
                    "Alias": "mi",
                    "Startup Cost": 0.43,
                    "Total Cost": 1018223.42,
                    "Plan Rows": 8696274,
                    "Plan Width": 4,
                    "Actual Startup Time": 0.102,
                    "Actual Total Time": 2302.821,
                    "Actual Rows": 7417504,
                    "Actual Loops": 2,
                    "Heap Fetches": 14835007
                  },
                  {
                    "Node Type": "Sort",
                    "Parent Relationship": "Inner",
                    "Parallel Aware": false,
                    "Startup Cost": 351862.16,
                    "Total Cost": 355965.0,
                    "Plan Rows": 1641137,
                    "Plan Width": 8,
                    "Actual Startup Time": 1943.661,
                    "Actual Total Time": 3656.582,
                    "Actual Rows": 49014698,
                    "Actual Loops": 2,
                    "Sort Key": [
                      "mk.movie_id"
                    ],
                    "Sort Method": "quicksort",
                    "Sort Space Used": 130116,
                    "Sort Space Type": "Memory",
                    "Workers": [
                      {
                        "Worker Number": 0,
                        "Sort Method": "quicksort",
                        "Sort Space Used": 130116,
                        "Sort Space Type": "Memory"
                      }
                    ],
                    "Plans": [
                      {
                        "Node Type": "Hash Join",
                        "Parent Relationship": "Outer",
                        "Parallel Aware": false,
                        "Join Type": "Inner",
                        "Startup Cost": 96775.49,
                        "Total Cost": 182445.41,
                        "Plan Rows": 1641137,
                        "Plan Width": 8,
                        "Actual Startup Time": 912.772,
                        "Actual Total Time": 1604.04,
                        "Actual Rows": 1727230,
                        "Actual Loops": 2,
                        "Inner Unique": true,
                        "Hash Cond": "(mk.movie_id = t.id)",
                        "Plans": [
                          {
                            "Node Type": "Seq Scan",
                            "Parent Relationship": "Outer",
                            "Parallel Aware": false,
                            "Relation Name": "movie_keyword",
                            "Alias": "mk",
                            "Startup Cost": 0.0,
                            "Total Cost": 81003.12,
                            "Plan Rows": 1777825,
                            "Plan Width": 4,
                            "Actual Startup Time": 5.238,
                            "Actual Total Time": 361.48,
                            "Actual Rows": 1796812,
                            "Actual Loops": 2,
                            "Filter": "(keyword_id > 7762)",
                            "Rows Removed by Filter": 2727118
                          },
                          {
                            "Node Type": "Hash",
                            "Parent Relationship": "Inner",
                            "Parallel Aware": false,
                            "Startup Cost": 67601.66,
                            "Total Cost": 67601.66,
                            "Plan Rows": 2333906,
                            "Plan Width": 4,
                            "Actual Startup Time": 877.406,
                            "Actual Total Time": 877.407,
                            "Actual Rows": 2330853,
                            "Actual Loops": 2,
                            "Hash Buckets": 4194304,
                            "Original Hash Buckets": 4194304,
                            "Hash Batches": 1,
                            "Original Hash Batches": 1,
                            "Peak Memory Usage": 114713,
                            "Plans": [
                              {
                                "Node Type": "Seq Scan",
                                "Parent Relationship": "Outer",
                                "Parallel Aware": false,
                                "Relation Name": "title",
                                "Alias": "t",
                                "Startup Cost": 0.0,
                                "Total Cost": 67601.66,
                                "Plan Rows": 2333906,
                                "Plan Width": 4,
                                "Actual Startup Time": 0.031,
                                "Actual Total Time": 324.232,
                                "Actual Rows": 2330853,
                                "Actual Loops": 2,
                                "Filter": "(production_year > 1933)",
                                "Rows Removed by Filter": 197459
                              }
                            ]
                          }
                        ]
                      }
                    ]
                  }
                ]
              }
            ]
          }
        ]
      }
    ]
  },
  "Planning Time": 0.845,
  "Triggers": [],
  "Execution Time": 12545.049
}