{
  "Plan": {
    "Node Type": "Aggregate",
    "Strategy": "Plain",
    "Partial Mode": "Finalize",
    "Parallel Aware": false,
    "Startup Cost": 313436.92,
    "Total Cost": 313436.93,
    "Plan Rows": 1,
    "Plan Width": 8,
    "Actual Startup Time": 1176.602,
    "Actual Total Time": 1194.243,
    "Actual Rows": 1,
    "Actual Loops": 1,
    "Plans": [
      {
        "Node Type": "Gather",
        "Parent Relationship": "Outer",
        "Parallel Aware": false,
        "Startup Cost": 313436.81,
        "Total Cost": 313436.92,
        "Plan Rows": 1,
        "Plan Width": 8,
        "Actual Startup Time": 1171.362,
        "Actual Total Time": 1194.236,
        "Actual Rows": 2,
        "Actual Loops": 1,
        "Workers Planned": 1,
        "Workers Launched": 1,
        "Single Copy": false,
        "Plans": [
          {
            "Node Type": "Aggregate",
            "Strategy": "Plain",
            "Partial Mode": "Partial",
            "Parent Relationship": "Outer",
            "Parallel Aware": false,
            "Startup Cost": 312436.81,
            "Total Cost": 312436.82,
            "Plan Rows": 1,
            "Plan Width": 8,
            "Actual Startup Time": 1165.027,
            "Actual Total Time": 1165.031,
            "Actual Rows": 1,
            "Actual Loops": 2,
            "Plans": [
              {
                "Node Type": "Merge Join",
                "Parent Relationship": "Outer",
                "Parallel Aware": false,
                "Join Type": "Inner",
                "Startup Cost": 169365.17,
                "Total Cost": 311685.91,
                "Plan Rows": 300359,
                "Plan Width": 0,
                "Actual Startup Time": 958.709,
                "Actual Total Time": 1152.208,
                "Actual Rows": 291933,
                "Actual Loops": 2,
                "Inner Unique": false,
                "Merge Cond": "(mc.movie_id = t.id)",
                "Plans": [
                  {
                    "Node Type": "Index Scan",
                    "Parent Relationship": "Outer",
                    "Parallel Aware": true,
                    "Scan Direction": "Forward",
                    "Index Name": "movie_id_movie_companies",
                    "Relation Name": "movie_companies",
                    "Alias": "mc",
                    "Startup Cost": 0.43,
                    "Total Cost": 133152.93,
                    "Plan Rows": 1286757,
                    "Plan Width": 4,
                    "Actual Startup Time": 0.072,
                    "Actual Total Time": 112.921,
                    "Actual Rows": 418614,
                    "Actual Loops": 2,
                    "Filter": "(company_id < 79301)",
                    "Rows Removed by Filter": 37079
                  },
                  {
                    "Node Type": "Sort",
                    "Parent Relationship": "Inner",
                    "Parallel Aware": false,
                    "Startup Cost": 169364.68,
                    "Total Cost": 170840.09,
                    "Plan Rows": 590162,
                    "Plan Width": 8,
                    "Actual Startup Time": 958.588,
                    "Actual Total Time": 977.882,
                    "Actual Rows": 518000,
                    "Actual Loops": 2,
                    "Sort Key": [
                      "mi_idx.movie_id"
                    ],
                    "Sort Method": "quicksort",
                    "Sort Space Used": 27053,
                    "Sort Space Type": "Memory",
                    "Workers": [
                      {
                        "Worker Number": 0,
                        "Sort Method": "quicksort",
                        "Sort Space Used": 27053,
                        "Sort Space Type": "Memory"
                      }
                    ],
                    "Plans": [
                      {
                        "Node Type": "Hash Join",
                        "Parent Relationship": "Outer",
                        "Parallel Aware": false,
                        "Join Type": "Inner",
                        "Startup Cost": 87437.48,
                        "Total Cost": 112795.44,
                        "Plan Rows": 590162,
                        "Plan Width": 8,
                        "Actual Startup Time": 582.97,
                        "Actual Total Time": 895.131,
                        "Actual Rows": 314985,
                        "Actual Loops": 2,
                        "Inner Unique": true,
                        "Hash Cond": "(mi_idx.movie_id = t.id)",
                        "Plans": [
                          {
                            "Node Type": "Seq Scan",
                            "Parent Relationship": "Outer",
                            "Parallel Aware": false,
                            "Relation Name": "movie_info_idx",
                            "Alias": "mi_idx",
                            "Startup Cost": 0.0,
                            "Total Cost": 21735.35,
                            "Plan Rows": 1380035,
                            "Plan Width": 4,
                            "Actual Startup Time": 0.055,
                            "Actual Total Time": 97.643,
                            "Actual Rows": 1380035,
                            "Actual Loops": 2
                          },
                          {
                            "Node Type": "Hash",
                            "Parent Relationship": "Inner",
                            "Parallel Aware": false,
                            "Startup Cost": 73922.39,
                            "Total Cost": 73922.39,
                            "Plan Rows": 1081207,
                            "Plan Width": 4,
                            "Actual Startup Time": 563.152,
                            "Actual Total Time": 563.153,
                            "Actual Rows": 1176905,
                            "Actual Loops": 2,
                            "Hash Buckets": 2097152,
                            "Original Hash Buckets": 2097152,
                            "Hash Batches": 1,
                            "Original Hash Batches": 1,
                            "Peak Memory Usage": 57760,
                            "Plans": [
                              {
                                "Node Type": "Seq Scan",
                                "Parent Relationship": "Outer",
                                "Parallel Aware": false,
                                "Relation Name": "title",
                                "Alias": "t",
                                "Startup Cost": 0.0,
                                "Total Cost": 73922.39,
                                "Plan Rows": 1081207,
                                "Plan Width": 4,
                                "Actual Startup Time": 0.035,
                                "Actual Total Time": 297.717,
                                "Actual Rows": 1176905,
                                "Actual Loops": 2,
                                "Filter": "((production_year > 1989) AND (kind_id = 7))",
                                "Rows Removed by Filter": 1351407
                              }
                            ]
                          }
                        ]
                      }
                    ]
                  }
                ]
              }
            ]
          }
        ]
      }
    ]
  },
  "Planning Time": 1.161,
  "Triggers": [],
  "Execution Time": 1202.91
}