[
  {
    "Plan": {
      "Node Type": "Aggregate",
      "Strategy": "Plain",
      "Partial Mode": "Finalize",
      "Parallel Aware": false,
      "Startup Cost": 32868.79,
      "Total Cost": 32868.8,
      "Plan Rows": 1,
      "Plan Width": 8,
      "Actual Startup Time": 101.203,
      "Actual Total Time": 108.889,
      "Actual Rows": 1,
      "Actual Loops": 1,
      "Plans": [
        {
          "Node Type": "Gather",
          "Parent Relationship": "Outer",
          "Parallel Aware": false,
          "Startup Cost": 32868.48,
          "Total Cost": 32868.79,
          "Plan Rows": 3,
          "Plan Width": 8,
          "Actual Startup Time": 101.1,
          "Actual Total Time": 108.881,
          "Actual Rows": 4,
          "Actual Loops": 1,
          "Workers Planned": 3,
          "Workers Launched": 3,
          "Single Copy": false,
          "Plans": [
            {
              "Node Type": "Aggregate",
              "Strategy": "Plain",
              "Partial Mode": "Partial",
              "Parent Relationship": "Outer",
              "Parallel Aware": false,
              "Startup Cost": 31868.48,
              "Total Cost": 31868.49,
              "Plan Rows": 1,
              "Plan Width": 8,
              "Actual Startup Time": 94.298,
              "Actual Total Time": 94.299,
              "Actual Rows": 1,
              "Actual Loops": 4,
              "Plans": [
                {
                  "Node Type": "Seq Scan",
                  "Parent Relationship": "Outer",
                  "Parallel Aware": true,
                  "Relation Name": "movie_companies",
                  "Alias": "mc",
                  "Startup Cost": 0.0,
                  "Total Cost": 31414.82,
                  "Plan Rows": 181463,
                  "Plan Width": 0,
                  "Actual Startup Time": 0.042,
                  "Actual Total Time": 81.006,
                  "Actual Rows": 192386,
                  "Actual Loops": 4,
                  "Filter": "((company_id < 8631) AND (company_type_id < 2))",
                  "Rows Removed by Filter": 459896
                }
              ]
            }
          ]
        }
      ]
    },
    "Planning Time": 0.215,
    "Triggers": [],
    "Execution Time": 108.945
  }
]