[
    {
        "Bao": {
            "Bao prediction": "NaN",
            "Bao recommended hint": "(no hint)"
        }
    },
    {
        "Plan": {
            "Node Type": "Aggregate",
            "Strategy": "Plain",
            "Partial Mode": "Finalize",
            "Parallel Aware": false,
            "Startup Cost": 344774.76,
            "Total Cost": 344774.77,
            "Plan Rows": 1,
            "Plan Width": 8,
            "Actual Startup Time": 522.414,
            "Actual Total Time": 541.435,
            "Actual Rows": 1,
            "Actual Loops": 1,
            "Output": [
                "count(*)"
            ],
            "Plans": [
                {
                    "Node Type": "Gather",
                    "Parent Relationship": "Outer",
                    "Parallel Aware": false,
                    "Startup Cost": 344774.13,
                    "Total Cost": 344774.74,
                    "Plan Rows": 6,
                    "Plan Width": 8,
                    "Actual Startup Time": 522.33,
                    "Actual Total Time": 541.427,
                    "Actual Rows": 7,
                    "Actual Loops": 1,
                    "Output": [
                        "(PARTIAL count(*))"
                    ],
                    "Workers Planned": 6,
                    "Workers Launched": 6,
                    "Single Copy": false,
                    "Plans": [
                        {
                            "Node Type": "Aggregate",
                            "Strategy": "Plain",
                            "Partial Mode": "Partial",
                            "Parent Relationship": "Outer",
                            "Parallel Aware": false,
                            "Startup Cost": 343774.13,
                            "Total Cost": 343774.14,
                            "Plan Rows": 1,
                            "Plan Width": 8,
                            "Actual Startup Time": 511.986,
                            "Actual Total Time": 511.987,
                            "Actual Rows": 1,
                            "Actual Loops": 7,
                            "Output": [
                                "PARTIAL count(*)"
                            ],
                            "Workers": [
                                {
                                    "Worker Number": 0,
                                    "Actual Startup Time": 509.635,
                                    "Actual Total Time": 509.636,
                                    "Actual Rows": 1,
                                    "Actual Loops": 1
                                },
                                {
                                    "Worker Number": 1,
                                    "Actual Startup Time": 509.879,
                                    "Actual Total Time": 509.881,
                                    "Actual Rows": 1,
                                    "Actual Loops": 1
                                },
                                {
                                    "Worker Number": 2,
                                    "Actual Startup Time": 510.203,
                                    "Actual Total Time": 510.204,
                                    "Actual Rows": 1,
                                    "Actual Loops": 1
                                },
                                {
                                    "Worker Number": 3,
                                    "Actual Startup Time": 510.63,
                                    "Actual Total Time": 510.631,
                                    "Actual Rows": 1,
                                    "Actual Loops": 1
                                },
                                {
                                    "Worker Number": 4,
                                    "Actual Startup Time": 510.597,
                                    "Actual Total Time": 510.598,
                                    "Actual Rows": 1,
                                    "Actual Loops": 1
                                },
                                {
                                    "Worker Number": 5,
                                    "Actual Startup Time": 511.153,
                                    "Actual Total Time": 511.154,
                                    "Actual Rows": 1,
                                    "Actual Loops": 1
                                }
                            ],
                            "Plans": [
                                {
                                    "Node Type": "Index Scan",
                                    "Parent Relationship": "Outer",
                                    "Parallel Aware": true,
                                    "Scan Direction": "Forward",
                                    "Index Name": "role_id_cast_info",
                                    "Relation Name": "cast_info",
                                    "Schema": "public",
                                    "Alias": "ci",
                                    "Startup Cost": 0.56,
                                    "Total Cost": 342814.42,
                                    "Plan Rows": 383884,
                                    "Plan Width": 0,
                                    "Actual Startup Time": 0.137,
                                    "Actual Total Time": 474.612,
                                    "Actual Rows": 691948,
                                    "Actual Loops": 7,
                                    "Output": [
                                        "id",
                                        "person_id",
                                        "movie_id",
                                        "person_role_id",
                                        "note",
                                        "nr_order",
                                        "role_id"
                                    ],
                                    "Index Cond": "(ci.role_id < 2)",
                                    "Rows Removed by Index Recheck": 0,
                                    "Filter": "(ci.person_id < 650428)",
                                    "Rows Removed by Filter": 1118150,
                                    "Workers": [
                                        {
                                            "Worker Number": 0,
                                            "Actual Startup Time": 0.117,
                                            "Actual Total Time": 470.881,
                                            "Actual Rows": 521820,
                                            "Actual Loops": 1
                                        },
                                        {
                                            "Worker Number": 1,
                                            "Actual Startup Time": 0.184,
                                            "Actual Total Time": 470.998,
                                            "Actual Rows": 527114,
                                            "Actual Loops": 1
                                        },
                                        {
                                            "Worker Number": 2,
                                            "Actual Startup Time": 0.111,
                                            "Actual Total Time": 473.701,
                                            "Actual Rows": 712530,
                                            "Actual Loops": 1
                                        },
                                        {
                                            "Worker Number": 3,
                                            "Actual Startup Time": 0.203,
                                            "Actual Total Time": 473.973,
                                            "Actual Rows": 727741,
                                            "Actual Loops": 1
                                        },
                                        {
                                            "Worker Number": 4,
                                            "Actual Startup Time": 0.124,
                                            "Actual Total Time": 473.804,
                                            "Actual Rows": 723841,
                                            "Actual Loops": 1
                                        },
                                        {
                                            "Worker Number": 5,
                                            "Actual Startup Time": 0.149,
                                            "Actual Total Time": 475.583,
                                            "Actual Rows": 764790,
                                            "Actual Loops": 1
                                        }
                                    ]
                                }
                            ]
                        }
                    ]
                }
            ]
        },
        "Planning Time": 201.175,
        "Triggers": [],
        "Execution Time": 541.508
    }
]