{
  "Plan": {
    "Node Type": "Aggregate",
    "Strategy": "Plain",
    "Partial Mode": "Finalize",
    "Parallel Aware": false,
    "Startup Cost": 113842.84,
    "Total Cost": 113842.85,
    "Plan Rows": 1,
    "Plan Width": 8,
    "Actual Startup Time": 437.471,
    "Actual Total Time": 450.625,
    "Actual Rows": 1,
    "Actual Loops": 1,
    "Plans": [
      {
        "Node Type": "Gather",
        "Parent Relationship": "Outer",
        "Parallel Aware": false,
        "Startup Cost": 113842.73,
        "Total Cost": 113842.84,
        "Plan Rows": 1,
        "Plan Width": 8,
        "Actual Startup Time": 437.349,
        "Actual Total Time": 450.618,
        "Actual Rows": 2,
        "Actual Loops": 1,
        "Workers Planned": 1,
        "Workers Launched": 1,
        "Single Copy": false,
        "Plans": [
          {
            "Node Type": "Aggregate",
            "Strategy": "Plain",
            "Partial Mode": "Partial",
            "Parent Relationship": "Outer",
            "Parallel Aware": false,
            "Startup Cost": 112842.73,
            "Total Cost": 112842.74,
            "Plan Rows": 1,
            "Plan Width": 8,
            "Actual Startup Time": 431.839,
            "Actual Total Time": 431.841,
            "Actual Rows": 1,
            "Actual Loops": 2,
            "Plans": [
              {
                "Node Type": "Hash Join",
                "Parent Relationship": "Outer",
                "Parallel Aware": true,
                "Join Type": "Inner",
                "Startup Cost": 54738.25,
                "Total Cost": 112789.1,
                "Plan Rows": 21452,
                "Plan Width": 0,
                "Actual Startup Time": 191.474,
                "Actual Total Time": 431.627,
                "Actual Rows": 3708,
                "Actual Loops": 2,
                "Inner Unique": true,
                "Hash Cond": "(mk.movie_id = t.id)",
                "Plans": [
                  {
                    "Node Type": "Seq Scan",
                    "Parent Relationship": "Outer",
                    "Parallel Aware": true,
                    "Relation Name": "movie_keyword",
                    "Alias": "mk",
                    "Startup Cost": 0.0,
                    "Total Cost": 51065.35,
                    "Plan Rows": 2661135,
                    "Plan Width": 4,
                    "Actual Startup Time": 0.01,
                    "Actual Total Time": 147.547,
                    "Actual Rows": 2261965,
                    "Actual Loops": 2
                  },
                  {
                    "Node Type": "Hash",
                    "Parent Relationship": "Inner",
                    "Parallel Aware": true,
                    "Startup Cost": 54588.39,
                    "Total Cost": 54588.39,
                    "Plan Rows": 11989,
                    "Plan Width": 4,
                    "Actual Startup Time": 132.997,
                    "Actual Total Time": 132.998,
                    "Actual Rows": 12254,
                    "Actual Loops": 2,
                    "Hash Buckets": 32768,
                    "Original Hash Buckets": 32768,
                    "Hash Batches": 1,
                    "Original Hash Batches": 1,
                    "Peak Memory Usage": 1248,
                    "Plans": [
                      {
                        "Node Type": "Seq Scan",
                        "Parent Relationship": "Outer",
                        "Parallel Aware": true,
                        "Relation Name": "title",
                        "Alias": "t",
                        "Startup Cost": 0.0,
                        "Total Cost": 54588.39,
                        "Plan Rows": 11989,
                        "Plan Width": 4,
                        "Actual Startup Time": 71.25,
                        "Actual Total Time": 130.011,
                        "Actual Rows": 12254,
                        "Actual Loops": 2,
                        "Filter": "(production_year < 1910)",
                        "Rows Removed by Filter": 1251902
                      }
                    ]
                  }
                ]
              }
            ]
          }
        ]
      }
    ]
  },
  "Planning Time": 0.408,
  "Triggers": [],
  "Execution Time": 450.691
}