{
  "Plan": {
    "Node Type": "Aggregate",
    "Strategy": "Plain",
    "Partial Mode": "Finalize",
    "Parallel Aware": false,
    "Startup Cost": 112138.09,
    "Total Cost": 112138.1,
    "Plan Rows": 1,
    "Plan Width": 8,
    "Actual Startup Time": 492.001,
    "Actual Total Time": 520.365,
    "Actual Rows": 1,
    "Actual Loops": 1,
    "Plans": [
      {
        "Node Type": "Gather",
        "Parent Relationship": "Outer",
        "Parallel Aware": false,
        "Startup Cost": 112137.97,
        "Total Cost": 112138.08,
        "Plan Rows": 1,
        "Plan Width": 8,
        "Actual Startup Time": 491.633,
        "Actual Total Time": 520.357,
        "Actual Rows": 2,
        "Actual Loops": 1,
        "Workers Planned": 1,
        "Workers Launched": 1,
        "Single Copy": false,
        "Plans": [
          {
            "Node Type": "Aggregate",
            "Strategy": "Plain",
            "Partial Mode": "Partial",
            "Parent Relationship": "Outer",
            "Parallel Aware": false,
            "Startup Cost": 111137.97,
            "Total Cost": 111137.98,
            "Plan Rows": 1,
            "Plan Width": 8,
            "Actual Startup Time": 485.381,
            "Actual Total Time": 485.385,
            "Actual Rows": 1,
            "Actual Loops": 2,
            "Plans": [
              {
                "Node Type": "Nested Loop",
                "Parent Relationship": "Outer",
                "Parallel Aware": false,
                "Join Type": "Inner",
                "Startup Cost": 70936.2,
                "Total Cost": 111119.22,
                "Plan Rows": 7501,
                "Plan Width": 0,
                "Actual Startup Time": 184.107,
                "Actual Total Time": 470.72,
                "Actual Rows": 354790,
                "Actual Loops": 2,
                "Inner Unique": false,
                "Join Filter": "(t.id = mi.movie_id)",
                "Rows Removed by Join Filter": 0,
                "Plans": [
                  {
                    "Node Type": "Hash Join",
                    "Parent Relationship": "Outer",
                    "Parallel Aware": true,
                    "Join Type": "Inner",
                    "Startup Cost": 70935.76,
                    "Total Cost": 100606.22,
                    "Plan Rows": 3579,
                    "Plan Width": 8,
                    "Actual Startup Time": 184.007,
                    "Actual Total Time": 282.221,
                    "Actual Rows": 6855,
                    "Actual Loops": 2,
                    "Inner Unique": true,
                    "Hash Cond": "(mk.movie_id = t.id)",
                    "Plans": [
                      {
                        "Node Type": "Bitmap Heap Scan",
                        "Parent Relationship": "Outer",
                        "Parallel Aware": true,
                        "Relation Name": "movie_keyword",
                        "Alias": "mk",
                        "Startup Cost": 12436.36,
                        "Total Cost": 41201.48,
                        "Plan Rows": 344890,
                        "Plan Width": 4,
                        "Actual Startup Time": 37.269,
                        "Actual Total Time": 107.856,
                        "Actual Rows": 287634,
                        "Actual Loops": 2,
                        "Recheck Cond": "(keyword_id > 31902)",
                        "Rows Removed by Index Recheck": 0,
                        "Exact Heap Blocks": 14712,
                        "Lossy Heap Blocks": 0,
                        "Plans": [
                          {
                            "Node Type": "Bitmap Index Scan",
                            "Parent Relationship": "Outer",
                            "Parallel Aware": false,
                            "Index Name": "keyword_id_movie_keyword",
                            "Startup Cost": 0.0,
                            "Total Cost": 12289.78,
                            "Plan Rows": 586313,
                            "Plan Width": 0,
                            "Actual Startup Time": 33.696,
                            "Actual Total Time": 33.697,
                            "Actual Rows": 575267,
                            "Actual Loops": 1,
                            "Index Cond": "(keyword_id > 31902)"
                          }
                        ]
                      },
                      {
                        "Node Type": "Hash",
                        "Parent Relationship": "Inner",
                        "Parallel Aware": true,
                        "Startup Cost": 58306.47,
                        "Total Cost": 58306.47,
                        "Plan Rows": 15435,
                        "Plan Width": 4,
                        "Actual Startup Time": 144.4,
                        "Actual Total Time": 144.401,
                        "Actual Rows": 11963,
                        "Actual Loops": 2,
                        "Hash Buckets": 32768,
                        "Original Hash Buckets": 32768,
                        "Hash Batches": 1,
                        "Original Hash Batches": 1,
                        "Peak Memory Usage": 1216,
                        "Plans": [
                          {
                            "Node Type": "Seq Scan",
                            "Parent Relationship": "Outer",
                            "Parallel Aware": true,
                            "Relation Name": "title",
                            "Alias": "t",
                            "Startup Cost": 0.0,
                            "Total Cost": 58306.47,
                            "Plan Rows": 15435,
                            "Plan Width": 4,
                            "Actual Startup Time": 0.158,
                            "Actual Total Time": 140.182,
                            "Actual Rows": 11963,
                            "Actual Loops": 2,
                            "Filter": "((kind_id < 7) AND (production_year = 2003))",
                            "Rows Removed by Filter": 1252193
                          }
                        ]
                      }
                    ]
                  },
                  {
                    "Node Type": "Index Scan",
                    "Parent Relationship": "Inner",
                    "Parallel Aware": false,
                    "Scan Direction": "Forward",
                    "Index Name": "movie_id_movie_info",
                    "Relation Name": "movie_info",
                    "Alias": "mi",
                    "Startup Cost": 0.43,
                    "Total Cost": 2.75,
                    "Plan Rows": 15,
                    "Plan Width": 4,
                    "Actual Startup Time": 0.006,
                    "Actual Total Time": 0.023,
                    "Actual Rows": 52,
                    "Actual Loops": 13710,
                    "Index Cond": "(movie_id = mk.movie_id)",
                    "Rows Removed by Index Recheck": 0,
                    "Filter": "(info_type_id > 15)",
                    "Rows Removed by Filter": 38
                  }
                ]
              }
            ]
          }
        ]
      }
    ]
  },
  "Planning Time": 0.963,
  "Triggers": [],
  "Execution Time": 520.475
}