[
  {
    "Plan": {
      "Node Type": "Aggregate",
      "Strategy": "Plain",
      "Partial Mode": "Finalize",
      "Parallel Aware": false,
      "Startup Cost": 74111.68,
      "Total Cost": 74111.69,
      "Plan Rows": 1,
      "Plan Width": 8,
      "Actual Startup Time": 449.572,
      "Actual Total Time": 467.153,
      "Actual Rows": 1,
      "Actual Loops": 1,
      "Plans": [
        {
          "Node Type": "Gather",
          "Parent Relationship": "Outer",
          "Parallel Aware": false,
          "Startup Cost": 74111.26,
          "Total Cost": 74111.67,
          "Plan Rows": 4,
          "Plan Width": 8,
          "Actual Startup Time": 439.478,
          "Actual Total Time": 467.144,
          "Actual Rows": 5,
          "Actual Loops": 1,
          "Workers Planned": 4,
          "Workers Launched": 4,
          "Single Copy": false,
          "Plans": [
            {
              "Node Type": "Aggregate",
              "Strategy": "Plain",
              "Partial Mode": "Partial",
              "Parent Relationship": "Outer",
              "Parallel Aware": false,
              "Startup Cost": 73111.26,
              "Total Cost": 73111.27,
              "Plan Rows": 1,
              "Plan Width": 8,
              "Actual Startup Time": 419.155,
              "Actual Total Time": 419.158,
              "Actual Rows": 1,
              "Actual Loops": 5,
              "Plans": [
                {
                  "Node Type": "Hash Join",
                  "Parent Relationship": "Outer",
                  "Parallel Aware": true,
                  "Join Type": "Inner",
                  "Startup Cost": 50220.21,
                  "Total Cost": 72946.74,
                  "Plan Rows": 65810,
                  "Plan Width": 0,
                  "Actual Startup Time": 327.516,
                  "Actual Total Time": 414.476,
                  "Actual Rows": 92811,
                  "Actual Loops": 5,
                  "Inner Unique": true,
                  "Hash Cond": "(ci.movie_id = t.id)",
                  "Plans": [
                    {
                      "Node Type": "Index Scan",
                      "Parent Relationship": "Outer",
                      "Parallel Aware": true,
                      "Scan Direction": "Forward",
                      "Index Name": "role_id_cast_info",
                      "Relation Name": "cast_info",
                      "Alias": "ci",
                      "Startup Cost": 0.56,
                      "Total Cost": 22554.34,
                      "Plan Rows": 65810,
                      "Plan Width": 4,
                      "Actual Startup Time": 0.439,
                      "Actual Total Time": 31.151,
                      "Actual Rows": 92811,
                      "Actual Loops": 5,
                      "Index Cond": "(role_id = 6)",
                      "Rows Removed by Index Recheck": 0,
                      "Filter": "(person_id > 2517203)",
                      "Rows Removed by Filter": 61924
                    },
                    {
                      "Node Type": "Hash",
                      "Parent Relationship": "Inner",
                      "Parallel Aware": true,
                      "Startup Cost": 42318.73,
                      "Total Cost": 42318.73,
                      "Plan Rows": 632073,
                      "Plan Width": 4,
                      "Actual Startup Time": 317.962,
                      "Actual Total Time": 317.963,
                      "Actual Rows": 505662,
                      "Actual Loops": 5,
                      "Hash Buckets": 4194304,
                      "Original Hash Buckets": 4194304,
                      "Hash Batches": 1,
                      "Original Hash Batches": 1,
                      "Peak Memory Usage": 131776,
                      "Plans": [
                        {
                          "Node Type": "Seq Scan",
                          "Parent Relationship": "Outer",
                          "Parallel Aware": true,
                          "Relation Name": "title",
                          "Alias": "t",
                          "Startup Cost": 0.0,
                          "Total Cost": 42318.73,
                          "Plan Rows": 632073,
                          "Plan Width": 4,
                          "Actual Startup Time": 0.037,
                          "Actual Total Time": 95.531,
                          "Actual Rows": 505662,
                          "Actual Loops": 5
                        }
                      ]
                    }
                  ]
                }
              ]
            }
          ]
        }
      ]
    },
    "Planning Time": 0.581,
    "Triggers": [],
    "Execution Time": 467.217
  }
]