{
  "Plan": {
    "Node Type": "Aggregate",
    "Strategy": "Plain",
    "Partial Mode": "Finalize",
    "Parallel Aware": false,
    "Startup Cost": 127932.12,
    "Total Cost": 127932.13,
    "Plan Rows": 1,
    "Plan Width": 8,
    "Actual Startup Time": 1101.403,
    "Actual Total Time": 1125.038,
    "Actual Rows": 1,
    "Actual Loops": 1,
    "Plans": [
      {
        "Node Type": "Gather",
        "Parent Relationship": "Outer",
        "Parallel Aware": false,
        "Startup Cost": 127932.01,
        "Total Cost": 127932.12,
        "Plan Rows": 1,
        "Plan Width": 8,
        "Actual Startup Time": 1095.348,
        "Actual Total Time": 1125.03,
        "Actual Rows": 2,
        "Actual Loops": 1,
        "Workers Planned": 1,
        "Workers Launched": 1,
        "Single Copy": false,
        "Plans": [
          {
            "Node Type": "Aggregate",
            "Strategy": "Plain",
            "Partial Mode": "Partial",
            "Parent Relationship": "Outer",
            "Parallel Aware": false,
            "Startup Cost": 126932.01,
            "Total Cost": 126932.02,
            "Plan Rows": 1,
            "Plan Width": 8,
            "Actual Startup Time": 1088.653,
            "Actual Total Time": 1088.66,
            "Actual Rows": 1,
            "Actual Loops": 2,
            "Plans": [
              {
                "Node Type": "Hash Join",
                "Parent Relationship": "Outer",
                "Parallel Aware": true,
                "Join Type": "Inner",
                "Startup Cost": 106902.06,
                "Total Cost": 126653.77,
                "Plan Rows": 111294,
                "Plan Width": 0,
                "Actual Startup Time": 917.688,
                "Actual Total Time": 1069.213,
                "Actual Rows": 390992,
                "Actual Loops": 2,
                "Inner Unique": false,
                "Hash Cond": "(mi_idx.movie_id = t.id)",
                "Plans": [
                  {
                    "Node Type": "Seq Scan",
                    "Parent Relationship": "Outer",
                    "Parallel Aware": true,
                    "Relation Name": "movie_info_idx",
                    "Alias": "mi_idx",
                    "Startup Cost": 0.0,
                    "Total Cost": 16052.85,
                    "Plan Rows": 811785,
                    "Plan Width": 4,
                    "Actual Startup Time": 0.03,
                    "Actual Total Time": 59.533,
                    "Actual Rows": 690018,
                    "Actual Loops": 2
                  },
                  {
                    "Node Type": "Hash",
                    "Parent Relationship": "Inner",
                    "Parallel Aware": true,
                    "Startup Cost": 104353.37,
                    "Total Cost": 104353.37,
                    "Plan Rows": 203895,
                    "Plan Width": 8,
                    "Actual Startup Time": 882.26,
                    "Actual Total Time": 882.265,
                    "Actual Rows": 168110,
                    "Actual Loops": 2,
                    "Hash Buckets": 524288,
                    "Original Hash Buckets": 524288,
                    "Hash Batches": 1,
                    "Original Hash Batches": 1,
                    "Peak Memory Usage": 17280,
                    "Plans": [
                      {
                        "Node Type": "Hash Join",
                        "Parent Relationship": "Outer",
                        "Parallel Aware": true,
                        "Join Type": "Inner",
                        "Startup Cost": 76815.45,
                        "Total Cost": 104353.37,
                        "Plan Rows": 203895,
                        "Plan Width": 8,
                        "Actual Startup Time": 704.957,
                        "Actual Total Time": 838.301,
                        "Actual Rows": 168110,
                        "Actual Loops": 2,
                        "Inner Unique": true,
                        "Hash Cond": "(mk.movie_id = t.id)",
                        "Plans": [
                          {
                            "Node Type": "Bitmap Heap Scan",
                            "Parent Relationship": "Outer",
                            "Parallel Aware": true,
                            "Relation Name": "movie_keyword",
                            "Alias": "mk",
                            "Startup Cost": 7354.75,
                            "Total Cost": 34357.44,
                            "Plan Rows": 203895,
                            "Plan Width": 4,
                            "Actual Startup Time": 23.317,
                            "Actual Total Time": 96.521,
                            "Actual Rows": 168110,
                            "Actual Loops": 2,
                            "Recheck Cond": "(keyword_id > 49090)",
                            "Rows Removed by Index Recheck": 0,
                            "Exact Heap Blocks": 13818,
                            "Lossy Heap Blocks": 0,
                            "Plans": [
                              {
                                "Node Type": "Bitmap Index Scan",
                                "Parent Relationship": "Outer",
                                "Parallel Aware": false,
                                "Index Name": "keyword_id_movie_keyword",
                                "Startup Cost": 0.0,
                                "Total Cost": 7268.1,
                                "Plan Rows": 346622,
                                "Plan Width": 0,
                                "Actual Startup Time": 20.091,
                                "Actual Total Time": 20.091,
                                "Actual Rows": 336221,
                                "Actual Loops": 1,
                                "Index Cond": "(keyword_id > 49090)"
                              }
                            ]
                          },
                          {
                            "Node Type": "Hash",
                            "Parent Relationship": "Inner",
                            "Parallel Aware": true,
                            "Startup Cost": 50870.31,
                            "Total Cost": 50870.31,
                            "Plan Rows": 1487231,
                            "Plan Width": 4,
                            "Actual Startup Time": 663.142,
                            "Actual Total Time": 663.143,
                            "Actual Rows": 1264156,
                            "Actual Loops": 2,
                            "Hash Buckets": 4194304,
                            "Original Hash Buckets": 4194304,
                            "Hash Batches": 1,
                            "Original Hash Batches": 1,
                            "Peak Memory Usage": 131712,
                            "Plans": [
                              {
                                "Node Type": "Seq Scan",
                                "Parent Relationship": "Outer",
                                "Parallel Aware": true,
                                "Relation Name": "title",
                                "Alias": "t",
                                "Startup Cost": 0.0,
                                "Total Cost": 50870.31,
                                "Plan Rows": 1487231,
                                "Plan Width": 4,
                                "Actual Startup Time": 0.033,
                                "Actual Total Time": 193.684,
                                "Actual Rows": 1264156,
                                "Actual Loops": 2
                              }
                            ]
                          }
                        ]
                      }
                    ]
                  }
                ]
              }
            ]
          }
        ]
      }
    ]
  },
  "Planning Time": 1.032,
  "Triggers": [],
  "Execution Time": 1125.143
}