[
  {
    "Plan": {
      "Node Type": "Aggregate",
      "Strategy": "Plain",
      "Partial Mode": "Finalize",
      "Parallel Aware": false,
      "Startup Cost": 47327.19,
      "Total Cost": 47327.2,
      "Plan Rows": 1,
      "Plan Width": 8,
      "Actual Startup Time": 116.745,
      "Actual Total Time": 129.06,
      "Actual Rows": 1,
      "Actual Loops": 1,
      "Plans": [
        {
          "Node Type": "Gather",
          "Parent Relationship": "Outer",
          "Parallel Aware": false,
          "Startup Cost": 47326.77,
          "Total Cost": 47327.18,
          "Plan Rows": 4,
          "Plan Width": 8,
          "Actual Startup Time": 116.614,
          "Actual Total Time": 129.053,
          "Actual Rows": 5,
          "Actual Loops": 1,
          "Workers Planned": 4,
          "Workers Launched": 4,
          "Single Copy": false,
          "Plans": [
            {
              "Node Type": "Aggregate",
              "Strategy": "Plain",
              "Partial Mode": "Partial",
              "Parent Relationship": "Outer",
              "Parallel Aware": false,
              "Startup Cost": 46326.77,
              "Total Cost": 46326.78,
              "Plan Rows": 1,
              "Plan Width": 8,
              "Actual Startup Time": 107.743,
              "Actual Total Time": 107.744,
              "Actual Rows": 1,
              "Actual Loops": 5,
              "Plans": [
                {
                  "Node Type": "Seq Scan",
                  "Parent Relationship": "Outer",
                  "Parallel Aware": true,
                  "Relation Name": "title",
                  "Alias": "t",
                  "Startup Cost": 0.0,
                  "Total Cost": 45479.1,
                  "Plan Rows": 339070,
                  "Plan Width": 0,
                  "Actual Startup Time": 0.038,
                  "Actual Total Time": 92.39,
                  "Actual Rows": 295628,
                  "Actual Loops": 5,
                  "Filter": "((kind_id > 1) AND (production_year > 1986))",
                  "Rows Removed by Filter": 210034
                }
              ]
            }
          ]
        }
      ]
    },
    "Planning Time": 0.145,
    "Triggers": [],
    "Execution Time": 129.105
  }
]