[
  {
    "Plan": {
      "Node Type": "Aggregate",
      "Strategy": "Plain",
      "Partial Mode": "Simple",
      "Parallel Aware": false,
      "Startup Cost": 26950.36,
      "Total Cost": 26950.37,
      "Plan Rows": 1,
      "Plan Width": 8,
      "Actual Startup Time": 42.565,
      "Actual Total Time": 42.566,
      "Actual Rows": 1,
      "Actual Loops": 1,
      "Plans": [
        {
          "Node Type": "Bitmap Heap Scan",
          "Parent Relationship": "Outer",
          "Parallel Aware": false,
          "Relation Name": "movie_keyword",
          "Alias": "mk",
          "Startup Cost": 786.97,
          "Total Cost": 26857.93,
          "Plan Rows": 36972,
          "Plan Width": 0,
          "Actual Startup Time": 10.666,
          "Actual Total Time": 39.669,
          "Actual Rows": 38042,
          "Actual Loops": 1,
          "Recheck Cond": "(keyword_id > 105721)",
          "Rows Removed by Index Recheck": 0,
          "Exact Heap Blocks": 10188,
          "Lossy Heap Blocks": 0,
          "Plans": [
            {
              "Node Type": "Bitmap Index Scan",
              "Parent Relationship": "Outer",
              "Parallel Aware": false,
              "Index Name": "keyword_id_movie_keyword",
              "Startup Cost": 0.0,
              "Total Cost": 777.72,
              "Plan Rows": 36972,
              "Plan Width": 0,
              "Actual Startup Time": 6.858,
              "Actual Total Time": 6.859,
              "Actual Rows": 38042,
              "Actual Loops": 1,
              "Index Cond": "(keyword_id > 105721)"
            }
          ]
        }
      ]
    },
    "Planning Time": 0.21,
    "Triggers": [],
    "Execution Time": 42.613
  }
]