[
  {
    "Plan": {
      "Node Type": "Aggregate",
      "Strategy": "Plain",
      "Partial Mode": "Finalize",
      "Parallel Aware": false,
      "Startup Cost": 386204.1,
      "Total Cost": 386204.11,
      "Plan Rows": 1,
      "Plan Width": 8,
      "Actual Startup Time": 1012.274,
      "Actual Total Time": 1062.504,
      "Actual Rows": 1,
      "Actual Loops": 1,
      "Plans": [
        {
          "Node Type": "Gather",
          "Parent Relationship": "Outer",
          "Parallel Aware": false,
          "Startup Cost": 386203.48,
          "Total Cost": 386204.09,
          "Plan Rows": 6,
          "Plan Width": 8,
          "Actual Startup Time": 1010.906,
          "Actual Total Time": 1062.49,
          "Actual Rows": 7,
          "Actual Loops": 1,
          "Workers Planned": 6,
          "Workers Launched": 6,
          "Single Copy": false,
          "Plans": [
            {
              "Node Type": "Aggregate",
              "Strategy": "Plain",
              "Partial Mode": "Partial",
              "Parent Relationship": "Outer",
              "Parallel Aware": false,
              "Startup Cost": 385203.48,
              "Total Cost": 385203.49,
              "Plan Rows": 1,
              "Plan Width": 8,
              "Actual Startup Time": 1002.21,
              "Actual Total Time": 1002.214,
              "Actual Rows": 1,
              "Actual Loops": 7,
              "Plans": [
                {
                  "Node Type": "Hash Join",
                  "Parent Relationship": "Outer",
                  "Parallel Aware": true,
                  "Join Type": "Inner",
                  "Startup Cost": 38981.37,
                  "Total Cost": 385091.05,
                  "Plan Rows": 44973,
                  "Plan Width": 0,
                  "Actual Startup Time": 422.313,
                  "Actual Total Time": 999.742,
                  "Actual Rows": 34984,
                  "Actual Loops": 7,
                  "Inner Unique": true,
                  "Hash Cond": "(ci.movie_id = t.id)",
                  "Plans": [
                    {
                      "Node Type": "Seq Scan",
                      "Parent Relationship": "Outer",
                      "Parallel Aware": true,
                      "Relation Name": "cast_info",
                      "Alias": "ci",
                      "Startup Cost": 0.0,
                      "Total Cost": 343316.27,
                      "Plan Rows": 1064155,
                      "Plan Width": 4,
                      "Actual Startup Time": 364.528,
                      "Actual Total Time": 711.159,
                      "Actual Rows": 1520821,
                      "Actual Loops": 7,
                      "Filter": "((person_id > 2248872) AND (role_id > 2))",
                      "Rows Removed by Filter": 3656942
                    },
                    {
                      "Node Type": "Hash",
                      "Parent Relationship": "Inner",
                      "Parallel Aware": true,
                      "Startup Cost": 38647.44,
                      "Total Cost": 38647.44,
                      "Plan Rows": 26714,
                      "Plan Width": 4,
                      "Actual Startup Time": 56.367,
                      "Actual Total Time": 56.369,
                      "Actual Rows": 15941,
                      "Actual Loops": 7,
                      "Hash Buckets": 131072,
                      "Original Hash Buckets": 131072,
                      "Hash Batches": 1,
                      "Original Hash Batches": 1,
                      "Peak Memory Usage": 5472,
                      "Plans": [
                        {
                          "Node Type": "Bitmap Heap Scan",
                          "Parent Relationship": "Outer",
                          "Parallel Aware": true,
                          "Relation Name": "title",
                          "Alias": "t",
                          "Startup Cost": 2194.01,
                          "Total Cost": 38647.44,
                          "Plan Rows": 26714,
                          "Plan Width": 4,
                          "Actual Startup Time": 13.768,
                          "Actual Total Time": 48.026,
                          "Actual Rows": 15941,
                          "Actual Loops": 7,
                          "Recheck Cond": "(kind_id = 4)",
                          "Rows Removed by Index Recheck": 0,
                          "Filter": "(production_year < 2012)",
                          "Rows Removed by Filter": 950,
                          "Exact Heap Blocks": 4854,
                          "Lossy Heap Blocks": 0,
                          "Plans": [
                            {
                              "Node Type": "Bitmap Index Scan",
                              "Parent Relationship": "Outer",
                              "Parallel Aware": false,
                              "Index Name": "kind_id_title",
                              "Startup Cost": 0.0,
                              "Total Cost": 2167.3,
                              "Plan Rows": 121449,
                              "Plan Width": 0,
                              "Actual Startup Time": 13.661,
                              "Actual Total Time": 13.661,
                              "Actual Rows": 118234,
                              "Actual Loops": 1,
                              "Index Cond": "(kind_id = 4)"
                            }
                          ]
                        }
                      ]
                    }
                  ]
                }
              ]
            }
          ]
        }
      ]
    },
    "Planning Time": 0.424,
    "Triggers": [],
    "Execution Time": 1062.588
  }
]