[
  {
    "Plan": {
      "Node Type": "Aggregate",
      "Strategy": "Plain",
      "Partial Mode": "Finalize",
      "Parallel Aware": false,
      "Startup Cost": 386182.05,
      "Total Cost": 386182.06,
      "Plan Rows": 1,
      "Plan Width": 8,
      "Actual Startup Time": 846.86,
      "Actual Total Time": 907.957,
      "Actual Rows": 1,
      "Actual Loops": 1,
      "Plans": [
        {
          "Node Type": "Gather",
          "Parent Relationship": "Outer",
          "Parallel Aware": false,
          "Startup Cost": 386181.42,
          "Total Cost": 386182.03,
          "Plan Rows": 6,
          "Plan Width": 8,
          "Actual Startup Time": 845.489,
          "Actual Total Time": 907.932,
          "Actual Rows": 7,
          "Actual Loops": 1,
          "Workers Planned": 6,
          "Workers Launched": 6,
          "Single Copy": false,
          "Plans": [
            {
              "Node Type": "Aggregate",
              "Strategy": "Plain",
              "Partial Mode": "Partial",
              "Parent Relationship": "Outer",
              "Parallel Aware": false,
              "Startup Cost": 385181.42,
              "Total Cost": 385181.43,
              "Plan Rows": 1,
              "Plan Width": 8,
              "Actual Startup Time": 834.217,
              "Actual Total Time": 834.22,
              "Actual Rows": 1,
              "Actual Loops": 7,
              "Plans": [
                {
                  "Node Type": "Hash Join",
                  "Parent Relationship": "Outer",
                  "Parallel Aware": true,
                  "Join Type": "Inner",
                  "Startup Cost": 39000.41,
                  "Total Cost": 385067.5,
                  "Plan Rows": 45567,
                  "Plan Width": 0,
                  "Actual Startup Time": 357.397,
                  "Actual Total Time": 832.182,
                  "Actual Rows": 34984,
                  "Actual Loops": 7,
                  "Inner Unique": true,
                  "Hash Cond": "(ci.movie_id = t.id)",
                  "Plans": [
                    {
                      "Node Type": "Seq Scan",
                      "Parent Relationship": "Outer",
                      "Parallel Aware": true,
                      "Relation Name": "cast_info",
                      "Alias": "ci",
                      "Startup Cost": 0.0,
                      "Total Cost": 343257.03,
                      "Plan Rows": 1070501,
                      "Plan Width": 4,
                      "Actual Startup Time": 299.713,
                      "Actual Total Time": 586.189,
                      "Actual Rows": 1520821,
                      "Actual Loops": 7,
                      "Filter": "((person_id > 2248872) AND (role_id > 2))",
                      "Rows Removed by Filter": 3656942
                    },
                    {
                      "Node Type": "Hash",
                      "Parent Relationship": "Inner",
                      "Parallel Aware": true,
                      "Startup Cost": 38664.1,
                      "Total Cost": 38664.1,
                      "Plan Rows": 26905,
                      "Plan Width": 4,
                      "Actual Startup Time": 56.227,
                      "Actual Total Time": 56.229,
                      "Actual Rows": 15941,
                      "Actual Loops": 7,
                      "Hash Buckets": 131072,
                      "Original Hash Buckets": 131072,
                      "Hash Batches": 1,
                      "Original Hash Batches": 1,
                      "Peak Memory Usage": 5536,
                      "Plans": [
                        {
                          "Node Type": "Bitmap Heap Scan",
                          "Parent Relationship": "Outer",
                          "Parallel Aware": true,
                          "Relation Name": "title",
                          "Alias": "t",
                          "Startup Cost": 2207.84,
                          "Total Cost": 38664.1,
                          "Plan Rows": 26905,
                          "Plan Width": 4,
                          "Actual Startup Time": 13.715,
                          "Actual Total Time": 48.241,
                          "Actual Rows": 15941,
                          "Actual Loops": 7,
                          "Recheck Cond": "(kind_id = 4)",
                          "Rows Removed by Index Recheck": 0,
                          "Filter": "(production_year < 2012)",
                          "Rows Removed by Filter": 950,
                          "Exact Heap Blocks": 4822,
                          "Lossy Heap Blocks": 0,
                          "Plans": [
                            {
                              "Node Type": "Bitmap Index Scan",
                              "Parent Relationship": "Outer",
                              "Parallel Aware": false,
                              "Index Name": "kind_id_title",
                              "Startup Cost": 0.0,
                              "Total Cost": 2180.94,
                              "Plan Rows": 122201,
                              "Plan Width": 0,
                              "Actual Startup Time": 14.449,
                              "Actual Total Time": 14.449,
                              "Actual Rows": 118234,
                              "Actual Loops": 1,
                              "Index Cond": "(kind_id = 4)"
                            }
                          ]
                        }
                      ]
                    }
                  ]
                }
              ]
            }
          ]
        }
      ]
    },
    "Planning Time": 0.615,
    "Triggers": [],
    "Execution Time": 908.068
  }
]