{
  "Plan": {
    "Node Type": "Aggregate",
    "Strategy": "Plain",
    "Partial Mode": "Finalize",
    "Parallel Aware": false,
    "Startup Cost": 111864.24,
    "Total Cost": 111864.25,
    "Plan Rows": 1,
    "Plan Width": 8,
    "Actual Startup Time": 488.194,
    "Actual Total Time": 500.48,
    "Actual Rows": 1,
    "Actual Loops": 1,
    "Plans": [
      {
        "Node Type": "Gather",
        "Parent Relationship": "Outer",
        "Parallel Aware": false,
        "Startup Cost": 111864.13,
        "Total Cost": 111864.24,
        "Plan Rows": 1,
        "Plan Width": 8,
        "Actual Startup Time": 487.085,
        "Actual Total Time": 500.47,
        "Actual Rows": 2,
        "Actual Loops": 1,
        "Workers Planned": 1,
        "Workers Launched": 1,
        "Single Copy": false,
        "Plans": [
          {
            "Node Type": "Aggregate",
            "Strategy": "Plain",
            "Partial Mode": "Partial",
            "Parent Relationship": "Outer",
            "Parallel Aware": false,
            "Startup Cost": 110864.13,
            "Total Cost": 110864.14,
            "Plan Rows": 1,
            "Plan Width": 8,
            "Actual Startup Time": 481.486,
            "Actual Total Time": 481.49,
            "Actual Rows": 1,
            "Actual Loops": 2,
            "Plans": [
              {
                "Node Type": "Hash Join",
                "Parent Relationship": "Outer",
                "Parallel Aware": true,
                "Join Type": "Inner",
                "Startup Cost": 46057.41,
                "Total Cost": 110409.55,
                "Plan Rows": 181831,
                "Plan Width": 0,
                "Actual Startup Time": 187.654,
                "Actual Total Time": 477.856,
                "Actual Rows": 82926,
                "Actual Loops": 2,
                "Inner Unique": false,
                "Hash Cond": "(t.id = mc.movie_id)",
                "Plans": [
                  {
                    "Node Type": "Seq Scan",
                    "Parent Relationship": "Outer",
                    "Parallel Aware": true,
                    "Relation Name": "title",
                    "Alias": "t",
                    "Startup Cost": 0.0,
                    "Total Cost": 58306.47,
                    "Plan Rows": 796173,
                    "Plan Width": 4,
                    "Actual Startup Time": 0.011,
                    "Actual Total Time": 148.722,
                    "Actual Rows": 663890,
                    "Actual Loops": 2,
                    "Filter": "((production_year < 2012) AND (kind_id = 7))",
                    "Rows Removed by Filter": 600266
                  },
                  {
                    "Node Type": "Hash",
                    "Parent Relationship": "Inner",
                    "Parallel Aware": true,
                    "Startup Cost": 41811.73,
                    "Total Cost": 41811.73,
                    "Plan Rows": 339655,
                    "Plan Width": 4,
                    "Actual Startup Time": 178.442,
                    "Actual Total Time": 178.443,
                    "Actual Rows": 184264,
                    "Actual Loops": 2,
                    "Hash Buckets": 1048576,
                    "Original Hash Buckets": 1048576,
                    "Hash Batches": 1,
                    "Original Hash Batches": 1,
                    "Peak Memory Usage": 22624,
                    "Plans": [
                      {
                        "Node Type": "Seq Scan",
                        "Parent Relationship": "Outer",
                        "Parallel Aware": true,
                        "Relation Name": "movie_companies",
                        "Alias": "mc",
                        "Startup Cost": 0.0,
                        "Total Cost": 41811.73,
                        "Plan Rows": 339655,
                        "Plan Width": 4,
                        "Actual Startup Time": 67.703,
                        "Actual Total Time": 124.254,
                        "Actual Rows": 184264,
                        "Actual Loops": 2,
                        "Filter": "((company_id < 8416) AND (company_type_id = 2))",
                        "Rows Removed by Filter": 1120301
                      }
                    ]
                  }
                ]
              }
            ]
          }
        ]
      }
    ]
  },
  "Planning Time": 0.758,
  "Triggers": [],
  "Execution Time": 500.552
}