[
  {
    "Plan": {
      "Node Type": "Aggregate",
      "Strategy": "Plain",
      "Partial Mode": "Finalize",
      "Parallel Aware": false,
      "Startup Cost": 98496.98,
      "Total Cost": 98496.99,
      "Plan Rows": 1,
      "Plan Width": 8,
      "Actual Startup Time": 732.965,
      "Actual Total Time": 750.65,
      "Actual Rows": 1,
      "Actual Loops": 1,
      "Plans": [
        {
          "Node Type": "Gather",
          "Parent Relationship": "Outer",
          "Parallel Aware": false,
          "Startup Cost": 98496.67,
          "Total Cost": 98496.98,
          "Plan Rows": 3,
          "Plan Width": 8,
          "Actual Startup Time": 712.652,
          "Actual Total Time": 750.623,
          "Actual Rows": 4,
          "Actual Loops": 1,
          "Workers Planned": 3,
          "Workers Launched": 3,
          "Single Copy": false,
          "Plans": [
            {
              "Node Type": "Aggregate",
              "Strategy": "Plain",
              "Partial Mode": "Partial",
              "Parent Relationship": "Outer",
              "Parallel Aware": false,
              "Startup Cost": 97496.67,
              "Total Cost": 97496.68,
              "Plan Rows": 1,
              "Plan Width": 8,
              "Actual Startup Time": 700.402,
              "Actual Total Time": 700.406,
              "Actual Rows": 1,
              "Actual Loops": 4,
              "Plans": [
                {
                  "Node Type": "Hash Join",
                  "Parent Relationship": "Outer",
                  "Parallel Aware": true,
                  "Join Type": "Inner",
                  "Startup Cost": 51232.56,
                  "Total Cost": 94110.64,
                  "Plan Rows": 1354411,
                  "Plan Width": 0,
                  "Actual Startup Time": 351.662,
                  "Actual Total Time": 650.814,
                  "Actual Rows": 1096221,
                  "Actual Loops": 4,
                  "Inner Unique": true,
                  "Hash Cond": "(mk.movie_id = t.id)",
                  "Plans": [
                    {
                      "Node Type": "Seq Scan",
                      "Parent Relationship": "Outer",
                      "Parallel Aware": true,
                      "Relation Name": "movie_keyword",
                      "Alias": "mk",
                      "Startup Cost": 0.0,
                      "Total Cost": 39047.32,
                      "Plan Rows": 1459332,
                      "Plan Width": 4,
                      "Actual Startup Time": 0.037,
                      "Actual Total Time": 95.404,
                      "Actual Rows": 1130982,
                      "Actual Loops": 4
                    },
                    {
                      "Node Type": "Hash",
                      "Parent Relationship": "Inner",
                      "Parallel Aware": true,
                      "Startup Cost": 43899.32,
                      "Total Cost": 43899.32,
                      "Plan Rows": 586659,
                      "Plan Width": 4,
                      "Actual Startup Time": 343.306,
                      "Actual Total Time": 343.307,
                      "Actual Rows": 584590,
                      "Actual Loops": 4,
                      "Hash Buckets": 4194304,
                      "Original Hash Buckets": 4194304,
                      "Hash Batches": 1,
                      "Original Hash Batches": 1,
                      "Peak Memory Usage": 124320,
                      "Plans": [
                        {
                          "Node Type": "Seq Scan",
                          "Parent Relationship": "Outer",
                          "Parallel Aware": true,
                          "Relation Name": "title",
                          "Alias": "t",
                          "Startup Cost": 0.0,
                          "Total Cost": 43899.32,
                          "Plan Rows": 586659,
                          "Plan Width": 4,
                          "Actual Startup Time": 0.028,
                          "Actual Total Time": 115.7,
                          "Actual Rows": 584590,
                          "Actual Loops": 4,
                          "Filter": "(production_year > 1930)",
                          "Rows Removed by Filter": 47488
                        }
                      ]
                    }
                  ]
                }
              ]
            }
          ]
        }
      ]
    },
    "Planning Time": 0.288,
    "Triggers": [],
    "Execution Time": 750.696
  }
]