[
  {
    "Plan": {
      "Node Type": "Aggregate",
      "Strategy": "Plain",
      "Partial Mode": "Finalize",
      "Parallel Aware": false,
      "Startup Cost": 352325.77,
      "Total Cost": 352325.78,
      "Plan Rows": 1,
      "Plan Width": 8,
      "Actual Startup Time": 987.48,
      "Actual Total Time": 1036.629,
      "Actual Rows": 1,
      "Actual Loops": 1,
      "Plans": [
        {
          "Node Type": "Gather",
          "Parent Relationship": "Outer",
          "Parallel Aware": false,
          "Startup Cost": 352325.15,
          "Total Cost": 352325.76,
          "Plan Rows": 6,
          "Plan Width": 8,
          "Actual Startup Time": 987.296,
          "Actual Total Time": 1036.614,
          "Actual Rows": 7,
          "Actual Loops": 1,
          "Workers Planned": 6,
          "Workers Launched": 6,
          "Single Copy": false,
          "Plans": [
            {
              "Node Type": "Aggregate",
              "Strategy": "Plain",
              "Partial Mode": "Partial",
              "Parent Relationship": "Outer",
              "Parallel Aware": false,
              "Startup Cost": 351325.15,
              "Total Cost": 351325.16,
              "Plan Rows": 1,
              "Plan Width": 8,
              "Actual Startup Time": 980.043,
              "Actual Total Time": 980.045,
              "Actual Rows": 1,
              "Actual Loops": 7,
              "Plans": [
                {
                  "Node Type": "Seq Scan",
                  "Parent Relationship": "Outer",
                  "Parallel Aware": true,
                  "Relation Name": "cast_info",
                  "Alias": "ci",
                  "Startup Cost": 0.0,
                  "Total Cost": 343316.27,
                  "Plan Rows": 3203550,
                  "Plan Width": 0,
                  "Actual Startup Time": 0.048,
                  "Actual Total Time": 798.376,
                  "Actual Rows": 3236960,
                  "Actual Loops": 7,
                  "Filter": "((person_id < 2600614) AND (role_id < 6))",
                  "Rows Removed by Filter": 1940803
                }
              ]
            }
          ]
        }
      ]
    },
    "Planning Time": 0.096,
    "Triggers": [],
    "Execution Time": 1036.671
  }
]