{
  "Plan": {
    "Node Type": "Aggregate",
    "Strategy": "Plain",
    "Partial Mode": "Finalize",
    "Parallel Aware": false,
    "Startup Cost": 89752.98,
    "Total Cost": 89752.99,
    "Plan Rows": 1,
    "Plan Width": 8,
    "Actual Startup Time": 267.255,
    "Actual Total Time": 278.403,
    "Actual Rows": 1,
    "Actual Loops": 1,
    "Plans": [
      {
        "Node Type": "Gather",
        "Parent Relationship": "Outer",
        "Parallel Aware": false,
        "Startup Cost": 89752.87,
        "Total Cost": 89752.98,
        "Plan Rows": 1,
        "Plan Width": 8,
        "Actual Startup Time": 266.829,
        "Actual Total Time": 278.396,
        "Actual Rows": 2,
        "Actual Loops": 1,
        "Workers Planned": 1,
        "Workers Launched": 1,
        "Single Copy": false,
        "Plans": [
          {
            "Node Type": "Aggregate",
            "Strategy": "Plain",
            "Partial Mode": "Partial",
            "Parent Relationship": "Outer",
            "Parallel Aware": false,
            "Startup Cost": 88752.87,
            "Total Cost": 88752.88,
            "Plan Rows": 1,
            "Plan Width": 8,
            "Actual Startup Time": 260.291,
            "Actual Total Time": 260.295,
            "Actual Rows": 1,
            "Actual Loops": 2,
            "Plans": [
              {
                "Node Type": "Hash Join",
                "Parent Relationship": "Outer",
                "Parallel Aware": true,
                "Join Type": "Inner",
                "Startup Cost": 57080.71,
                "Total Cost": 88695.66,
                "Plan Rows": 22884,
                "Plan Width": 0,
                "Actual Startup Time": 150.462,
                "Actual Total Time": 259.002,
                "Actual Rows": 26394,
                "Actual Loops": 2,
                "Inner Unique": true,
                "Hash Cond": "(mk.movie_id = t.id)",
                "Plans": [
                  {
                    "Node Type": "Bitmap Heap Scan",
                    "Parent Relationship": "Outer",
                    "Parallel Aware": true,
                    "Relation Name": "movie_keyword",
                    "Alias": "mk",
                    "Startup Cost": 17074.15,
                    "Total Cost": 47446.29,
                    "Plan Rows": 473451,
                    "Plan Width": 4,
                    "Actual Startup Time": 44.6,
                    "Actual Total Time": 137.942,
                    "Actual Rows": 397147,
                    "Actual Loops": 2,
                    "Recheck Cond": "(keyword_id > 23462)",
                    "Rows Removed by Index Recheck": 0,
                    "Exact Heap Blocks": 14193,
                    "Lossy Heap Blocks": 0,
                    "Plans": [
                      {
                        "Node Type": "Bitmap Index Scan",
                        "Parent Relationship": "Outer",
                        "Parallel Aware": false,
                        "Index Name": "keyword_id_movie_keyword",
                        "Startup Cost": 0.0,
                        "Total Cost": 16872.93,
                        "Plan Rows": 804867,
                        "Plan Width": 0,
                        "Actual Startup Time": 41.056,
                        "Actual Total Time": 41.057,
                        "Actual Rows": 794294,
                        "Actual Loops": 1,
                        "Index Cond": "(keyword_id > 23462)"
                      }
                    ]
                  },
                  {
                    "Node Type": "Hash",
                    "Parent Relationship": "Inner",
                    "Parallel Aware": true,
                    "Startup Cost": 39108.02,
                    "Total Cost": 39108.02,
                    "Plan Rows": 71883,
                    "Plan Width": 4,
                    "Actual Startup Time": 69.855,
                    "Actual Total Time": 69.857,
                    "Actual Rows": 59117,
                    "Actual Loops": 2,
                    "Hash Buckets": 131072,
                    "Original Hash Buckets": 131072,
                    "Hash Batches": 1,
                    "Original Hash Batches": 1,
                    "Peak Memory Usage": 5696,
                    "Plans": [
                      {
                        "Node Type": "Bitmap Heap Scan",
                        "Parent Relationship": "Outer",
                        "Parallel Aware": true,
                        "Relation Name": "title",
                        "Alias": "t",
                        "Startup Cost": 2211.49,
                        "Total Cost": 39108.02,
                        "Plan Rows": 71883,
                        "Plan Width": 4,
                        "Actual Startup Time": 17.349,
                        "Actual Total Time": 54.203,
                        "Actual Rows": 59117,
                        "Actual Loops": 2,
                        "Recheck Cond": "(kind_id = 4)",
                        "Rows Removed by Index Recheck": 0,
                        "Exact Heap Blocks": 9693,
                        "Lossy Heap Blocks": 0,
                        "Plans": [
                          {
                            "Node Type": "Bitmap Index Scan",
                            "Parent Relationship": "Outer",
                            "Parallel Aware": false,
                            "Index Name": "kind_id_title",
                            "Startup Cost": 0.0,
                            "Total Cost": 2180.94,
                            "Plan Rows": 122201,
                            "Plan Width": 0,
                            "Actual Startup Time": 16.935,
                            "Actual Total Time": 16.935,
                            "Actual Rows": 118234,
                            "Actual Loops": 1,
                            "Index Cond": "(kind_id = 4)"
                          }
                        ]
                      }
                    ]
                  }
                ]
              }
            ]
          }
        ]
      }
    ]
  },
  "Planning Time": 0.456,
  "Triggers": [],
  "Execution Time": 278.506
}