[
    {
        "Bao": {
            "Bao prediction": "NaN",
            "Bao recommended hint": "(no hint)"
        }
    },
    {
        "Plan": {
            "Node Type": "Aggregate",
            "Strategy": "Plain",
            "Partial Mode": "Finalize",
            "Parallel Aware": false,
            "Startup Cost": 66974.26,
            "Total Cost": 66974.27,
            "Plan Rows": 1,
            "Plan Width": 8,
            "Actual Startup Time": 96.865,
            "Actual Total Time": 105.746,
            "Actual Rows": 1,
            "Actual Loops": 1,
            "Output": [
                "count(*)"
            ],
            "Plans": [
                {
                    "Node Type": "Gather",
                    "Parent Relationship": "Outer",
                    "Parallel Aware": false,
                    "Startup Cost": 66973.84,
                    "Total Cost": 66974.25,
                    "Plan Rows": 4,
                    "Plan Width": 8,
                    "Actual Startup Time": 96.733,
                    "Actual Total Time": 105.739,
                    "Actual Rows": 5,
                    "Actual Loops": 1,
                    "Output": [
                        "(PARTIAL count(*))"
                    ],
                    "Workers Planned": 4,
                    "Workers Launched": 4,
                    "Single Copy": false,
                    "Plans": [
                        {
                            "Node Type": "Aggregate",
                            "Strategy": "Plain",
                            "Partial Mode": "Partial",
                            "Parent Relationship": "Outer",
                            "Parallel Aware": false,
                            "Startup Cost": 65973.84,
                            "Total Cost": 65973.85,
                            "Plan Rows": 1,
                            "Plan Width": 8,
                            "Actual Startup Time": 87.327,
                            "Actual Total Time": 87.329,
                            "Actual Rows": 1,
                            "Actual Loops": 5,
                            "Output": [
                                "PARTIAL count(*)"
                            ],
                            "Workers": [
                                {
                                    "Worker Number": 0,
                                    "Actual Startup Time": 84.318,
                                    "Actual Total Time": 84.319,
                                    "Actual Rows": 1,
                                    "Actual Loops": 1
                                },
                                {
                                    "Worker Number": 1,
                                    "Actual Startup Time": 85.027,
                                    "Actual Total Time": 85.028,
                                    "Actual Rows": 1,
                                    "Actual Loops": 1
                                },
                                {
                                    "Worker Number": 2,
                                    "Actual Startup Time": 85.304,
                                    "Actual Total Time": 85.305,
                                    "Actual Rows": 1,
                                    "Actual Loops": 1
                                },
                                {
                                    "Worker Number": 3,
                                    "Actual Startup Time": 85.56,
                                    "Actual Total Time": 85.562,
                                    "Actual Rows": 1,
                                    "Actual Loops": 1
                                }
                            ],
                            "Plans": [
                                {
                                    "Node Type": "Nested Loop",
                                    "Parent Relationship": "Outer",
                                    "Parallel Aware": false,
                                    "Join Type": "Inner",
                                    "Startup Cost": 0.43,
                                    "Total Cost": 65972.5,
                                    "Plan Rows": 537,
                                    "Plan Width": 0,
                                    "Actual Startup Time": 55.942,
                                    "Actual Total Time": 87.281,
                                    "Actual Rows": 296,
                                    "Actual Loops": 5,
                                    "Inner Unique": false,
                                    "Workers": [
                                        {
                                            "Worker Number": 0,
                                            "Actual Startup Time": 53.117,
                                            "Actual Total Time": 84.266,
                                            "Actual Rows": 249,
                                            "Actual Loops": 1
                                        },
                                        {
                                            "Worker Number": 1,
                                            "Actual Startup Time": 53.68,
                                            "Actual Total Time": 84.99,
                                            "Actual Rows": 159,
                                            "Actual Loops": 1
                                        },
                                        {
                                            "Worker Number": 2,
                                            "Actual Startup Time": 53.839,
                                            "Actual Total Time": 85.259,
                                            "Actual Rows": 187,
                                            "Actual Loops": 1
                                        },
                                        {
                                            "Worker Number": 3,
                                            "Actual Startup Time": 54.266,
                                            "Actual Total Time": 85.503,
                                            "Actual Rows": 266,
                                            "Actual Loops": 1
                                        }
                                    ],
                                    "Plans": [
                                        {
                                            "Node Type": "Seq Scan",
                                            "Parent Relationship": "Outer",
                                            "Parallel Aware": true,
                                            "Relation Name": "title",
                                            "Schema": "public",
                                            "Alias": "t",
                                            "Startup Cost": 0.0,
                                            "Total Cost": 45479.21,
                                            "Plan Rows": 137,
                                            "Plan Width": 4,
                                            "Actual Startup Time": 55.855,
                                            "Actual Total Time": 82.801,
                                            "Actual Rows": 86,
                                            "Actual Loops": 5,
                                            "Output": [
                                                "t.id",
                                                "t.title",
                                                "t.imdb_index",
                                                "t.kind_id",
                                                "t.production_year",
                                                "t.imdb_id",
                                                "t.phonetic_code",
                                                "t.episode_of_id",
                                                "t.season_nr",
                                                "t.episode_nr",
                                                "t.series_years",
                                                "t.md5sum"
                                            ],
                                            "Filter": "((t.production_year > 2014) AND (t.kind_id = 1))",
                                            "Rows Removed by Filter": 505577,
                                            "Workers": [
                                                {
                                                    "Worker Number": 0,
                                                    "Actual Startup Time": 52.986,
                                                    "Actual Total Time": 78.878,
                                                    "Actual Rows": 69,
                                                    "Actual Loops": 1
                                                },
                                                {
                                                    "Worker Number": 1,
                                                    "Actual Startup Time": 53.595,
                                                    "Actual Total Time": 80.657,
                                                    "Actual Rows": 55,
                                                    "Actual Loops": 1
                                                },
                                                {
                                                    "Worker Number": 2,
                                                    "Actual Startup Time": 53.728,
                                                    "Actual Total Time": 80.614,
                                                    "Actual Rows": 55,
                                                    "Actual Loops": 1
                                                },
                                                {
                                                    "Worker Number": 3,
                                                    "Actual Startup Time": 54.182,
                                                    "Actual Total Time": 79.57,
                                                    "Actual Rows": 77,
                                                    "Actual Loops": 1
                                                }
                                            ]
                                        },
                                        {
                                            "Node Type": "Index Scan",
                                            "Parent Relationship": "Inner",
                                            "Parallel Aware": false,
                                            "Scan Direction": "Forward",
                                            "Index Name": "movie_id_movie_info",
                                            "Relation Name": "movie_info",
                                            "Schema": "public",
                                            "Alias": "mi",
                                            "Startup Cost": 0.43,
                                            "Total Cost": 149.33,
                                            "Plan Rows": 26,
                                            "Plan Width": 4,
                                            "Actual Startup Time": 0.029,
                                            "Actual Total Time": 0.051,
                                            "Actual Rows": 3,
                                            "Actual Loops": 428,
                                            "Output": [
                                                "mi.id",
                                                "mi.movie_id",
                                                "mi.info_type_id",
                                                "mi.info",
                                                "mi.note"
                                            ],
                                            "Index Cond": "(mi.movie_id = t.id)",
                                            "Rows Removed by Index Recheck": 0,
                                            "Filter": "(mi.info_type_id > 4)",
                                            "Rows Removed by Filter": 3,
                                            "Workers": [
                                                {
                                                    "Worker Number": 0,
                                                    "Actual Startup Time": 0.043,
                                                    "Actual Total Time": 0.076,
                                                    "Actual Rows": 4,
                                                    "Actual Loops": 69
                                                },
                                                {
                                                    "Worker Number": 1,
                                                    "Actual Startup Time": 0.046,
                                                    "Actual Total Time": 0.077,
                                                    "Actual Rows": 3,
                                                    "Actual Loops": 55
                                                },
                                                {
                                                    "Worker Number": 2,
                                                    "Actual Startup Time": 0.048,
                                                    "Actual Total Time": 0.083,
                                                    "Actual Rows": 3,
                                                    "Actual Loops": 55
                                                },
                                                {
                                                    "Worker Number": 3,
                                                    "Actual Startup Time": 0.043,
                                                    "Actual Total Time": 0.075,
                                                    "Actual Rows": 3,
                                                    "Actual Loops": 77
                                                }
                                            ]
                                        }
                                    ]
                                }
                            ]
                        }
                    ]
                }
            ]
        },
        "Planning Time": 187.538,
        "Triggers": [],
        "Execution Time": 105.799
    }
]