[
  {
    "Plan": {
      "Node Type": "Aggregate",
      "Strategy": "Plain",
      "Partial Mode": "Finalize",
      "Parallel Aware": false,
      "Startup Cost": 30676.31,
      "Total Cost": 30676.32,
      "Plan Rows": 1,
      "Plan Width": 8,
      "Actual Startup Time": 84.486,
      "Actual Total Time": 92.254,
      "Actual Rows": 1,
      "Actual Loops": 1,
      "Plans": [
        {
          "Node Type": "Gather",
          "Parent Relationship": "Outer",
          "Parallel Aware": false,
          "Startup Cost": 30675.99,
          "Total Cost": 30676.3,
          "Plan Rows": 3,
          "Plan Width": 8,
          "Actual Startup Time": 84.356,
          "Actual Total Time": 92.246,
          "Actual Rows": 4,
          "Actual Loops": 1,
          "Workers Planned": 3,
          "Workers Launched": 3,
          "Single Copy": false,
          "Plans": [
            {
              "Node Type": "Aggregate",
              "Strategy": "Plain",
              "Partial Mode": "Partial",
              "Parent Relationship": "Outer",
              "Parallel Aware": false,
              "Startup Cost": 29675.99,
              "Total Cost": 29676.0,
              "Plan Rows": 1,
              "Plan Width": 8,
              "Actual Startup Time": 78.964,
              "Actual Total Time": 78.965,
              "Actual Rows": 1,
              "Actual Loops": 4,
              "Plans": [
                {
                  "Node Type": "Seq Scan",
                  "Parent Relationship": "Outer",
                  "Parallel Aware": true,
                  "Relation Name": "movie_companies",
                  "Alias": "mc",
                  "Startup Cost": 0.0,
                  "Total Cost": 29310.68,
                  "Plan Rows": 146125,
                  "Plan Width": 0,
                  "Actual Startup Time": 40.259,
                  "Actual Total Time": 73.041,
                  "Actual Rows": 112802,
                  "Actual Loops": 4,
                  "Filter": "(company_id > 77238)",
                  "Rows Removed by Filter": 539480
                }
              ]
            }
          ]
        }
      ]
    },
    "Planning Time": 0.196,
    "Triggers": [],
    "Execution Time": 92.311
  }
]