{
  "Plan": {
    "Node Type": "Aggregate",
    "Strategy": "Plain",
    "Partial Mode": "Finalize",
    "Parallel Aware": false,
    "Startup Cost": 141191.4,
    "Total Cost": 141191.41,
    "Plan Rows": 1,
    "Plan Width": 8,
    "Actual Startup Time": 637.235,
    "Actual Total Time": 652.217,
    "Actual Rows": 1,
    "Actual Loops": 1,
    "Plans": [
      {
        "Node Type": "Gather",
        "Parent Relationship": "Outer",
        "Parallel Aware": false,
        "Startup Cost": 141191.29,
        "Total Cost": 141191.4,
        "Plan Rows": 1,
        "Plan Width": 8,
        "Actual Startup Time": 636.188,
        "Actual Total Time": 652.209,
        "Actual Rows": 2,
        "Actual Loops": 1,
        "Workers Planned": 1,
        "Workers Launched": 1,
        "Single Copy": false,
        "Plans": [
          {
            "Node Type": "Aggregate",
            "Strategy": "Plain",
            "Partial Mode": "Partial",
            "Parent Relationship": "Outer",
            "Parallel Aware": false,
            "Startup Cost": 140191.29,
            "Total Cost": 140191.3,
            "Plan Rows": 1,
            "Plan Width": 8,
            "Actual Startup Time": 630.356,
            "Actual Total Time": 630.362,
            "Actual Rows": 1,
            "Actual Loops": 2,
            "Plans": [
              {
                "Node Type": "Hash Join",
                "Parent Relationship": "Outer",
                "Parallel Aware": true,
                "Join Type": "Inner",
                "Startup Cost": 76330.48,
                "Total Cost": 140097.09,
                "Plan Rows": 37678,
                "Plan Width": 0,
                "Actual Startup Time": 325.535,
                "Actual Total Time": 621.536,
                "Actual Rows": 221700,
                "Actual Loops": 2,
                "Inner Unique": false,
                "Hash Cond": "(mk.movie_id = t.id)",
                "Plans": [
                  {
                    "Node Type": "Seq Scan",
                    "Parent Relationship": "Outer",
                    "Parallel Aware": true,
                    "Relation Name": "movie_keyword",
                    "Alias": "mk",
                    "Startup Cost": 0.0,
                    "Total Cost": 57718.19,
                    "Plan Rows": 1553808,
                    "Plan Width": 4,
                    "Actual Startup Time": 0.286,
                    "Actual Total Time": 189.362,
                    "Actual Rows": 1318820,
                    "Actual Loops": 2,
                    "Filter": "(keyword_id > 3221)",
                    "Rows Removed by Filter": 943146
                  },
                  {
                    "Node Type": "Hash",
                    "Parent Relationship": "Inner",
                    "Parallel Aware": true,
                    "Startup Cost": 75879.68,
                    "Total Cost": 75879.68,
                    "Plan Rows": 36064,
                    "Plan Width": 8,
                    "Actual Startup Time": 323.517,
                    "Actual Total Time": 323.521,
                    "Actual Rows": 34888,
                    "Actual Loops": 2,
                    "Hash Buckets": 131072,
                    "Original Hash Buckets": 65536,
                    "Hash Batches": 1,
                    "Original Hash Batches": 1,
                    "Peak Memory Usage": 4288,
                    "Plans": [
                      {
                        "Node Type": "Hash Join",
                        "Parent Relationship": "Outer",
                        "Parallel Aware": true,
                        "Join Type": "Inner",
                        "Startup Cost": 57095.36,
                        "Total Cost": 75879.68,
                        "Plan Rows": 36064,
                        "Plan Width": 8,
                        "Actual Startup Time": 205.991,
                        "Actual Total Time": 312.505,
                        "Actual Rows": 34888,
                        "Actual Loops": 2,
                        "Inner Unique": true,
                        "Hash Cond": "(mi_idx.movie_id = t.id)",
                        "Plans": [
                          {
                            "Node Type": "Seq Scan",
                            "Parent Relationship": "Outer",
                            "Parallel Aware": true,
                            "Relation Name": "movie_info_idx",
                            "Alias": "mi_idx",
                            "Startup Cost": 0.0,
                            "Total Cost": 18082.32,
                            "Plan Rows": 267429,
                            "Plan Width": 4,
                            "Actual Startup Time": 0.021,
                            "Actual Total Time": 52.217,
                            "Actual Rows": 229962,
                            "Actual Loops": 2,
                            "Filter": "(info_type_id < 100)",
                            "Rows Removed by Filter": 460055
                          },
                          {
                            "Node Type": "Hash",
                            "Parent Relationship": "Inner",
                            "Parallel Aware": true,
                            "Startup Cost": 54588.39,
                            "Total Cost": 54588.39,
                            "Plan Rows": 200558,
                            "Plan Width": 4,
                            "Actual Startup Time": 201.347,
                            "Actual Total Time": 201.349,
                            "Actual Rows": 176040,
                            "Actual Loops": 2,
                            "Hash Buckets": 524288,
                            "Original Hash Buckets": 524288,
                            "Hash Batches": 1,
                            "Original Hash Batches": 1,
                            "Peak Memory Usage": 17888,
                            "Plans": [
                              {
                                "Node Type": "Seq Scan",
                                "Parent Relationship": "Outer",
                                "Parallel Aware": true,
                                "Relation Name": "title",
                                "Alias": "t",
                                "Startup Cost": 0.0,
                                "Total Cost": 54588.39,
                                "Plan Rows": 200558,
                                "Plan Width": 4,
                                "Actual Startup Time": 0.029,
                                "Actual Total Time": 147.822,
                                "Actual Rows": 176040,
                                "Actual Loops": 2,
                                "Filter": "(production_year < 1969)",
                                "Rows Removed by Filter": 1088116
                              }
                            ]
                          }
                        ]
                      }
                    ]
                  }
                ]
              }
            ]
          }
        ]
      }
    ]
  },
  "Planning Time": 0.847,
  "Triggers": [],
  "Execution Time": 652.297
}