[
  {
    "Plan": {
      "Node Type": "Aggregate",
      "Strategy": "Plain",
      "Partial Mode": "Finalize",
      "Parallel Aware": false,
      "Startup Cost": 46952.16,
      "Total Cost": 46952.17,
      "Plan Rows": 1,
      "Plan Width": 8,
      "Actual Startup Time": 173.031,
      "Actual Total Time": 186.604,
      "Actual Rows": 1,
      "Actual Loops": 1,
      "Plans": [
        {
          "Node Type": "Gather",
          "Parent Relationship": "Outer",
          "Parallel Aware": false,
          "Startup Cost": 46951.85,
          "Total Cost": 46952.16,
          "Plan Rows": 3,
          "Plan Width": 8,
          "Actual Startup Time": 172.895,
          "Actual Total Time": 186.595,
          "Actual Rows": 4,
          "Actual Loops": 1,
          "Workers Planned": 3,
          "Workers Launched": 3,
          "Single Copy": false,
          "Plans": [
            {
              "Node Type": "Aggregate",
              "Strategy": "Plain",
              "Partial Mode": "Partial",
              "Parent Relationship": "Outer",
              "Parallel Aware": false,
              "Startup Cost": 45951.85,
              "Total Cost": 45951.86,
              "Plan Rows": 1,
              "Plan Width": 8,
              "Actual Startup Time": 167.77,
              "Actual Total Time": 167.771,
              "Actual Rows": 1,
              "Actual Loops": 4,
              "Plans": [
                {
                  "Node Type": "Seq Scan",
                  "Parent Relationship": "Outer",
                  "Parallel Aware": true,
                  "Relation Name": "movie_keyword",
                  "Alias": "mk",
                  "Startup Cost": 0.0,
                  "Total Cost": 42695.65,
                  "Plan Rows": 1302477,
                  "Plan Width": 0,
                  "Actual Startup Time": 0.04,
                  "Actual Total Time": 120.515,
                  "Actual Rows": 1010028,
                  "Actual Loops": 4,
                  "Filter": "(keyword_id < 37083)",
                  "Rows Removed by Filter": 120954
                }
              ]
            }
          ]
        }
      ]
    },
    "Planning Time": 0.097,
    "Triggers": [],
    "Execution Time": 186.636
  }
]