[
  {
    "Plan": {
      "Node Type": "Aggregate",
      "Strategy": "Plain",
      "Partial Mode": "Finalize",
      "Parallel Aware": false,
      "Startup Cost": 328873.01,
      "Total Cost": 328873.02,
      "Plan Rows": 1,
      "Plan Width": 8,
      "Actual Startup Time": 534.764,
      "Actual Total Time": 598.164,
      "Actual Rows": 1,
      "Actual Loops": 1,
      "Plans": [
        {
          "Node Type": "Gather",
          "Parent Relationship": "Outer",
          "Parallel Aware": false,
          "Startup Cost": 328872.49,
          "Total Cost": 328873.0,
          "Plan Rows": 5,
          "Plan Width": 8,
          "Actual Startup Time": 533.81,
          "Actual Total Time": 598.154,
          "Actual Rows": 6,
          "Actual Loops": 1,
          "Workers Planned": 5,
          "Workers Launched": 5,
          "Single Copy": false,
          "Plans": [
            {
              "Node Type": "Aggregate",
              "Strategy": "Plain",
              "Partial Mode": "Partial",
              "Parent Relationship": "Outer",
              "Parallel Aware": false,
              "Startup Cost": 327872.49,
              "Total Cost": 327872.5,
              "Plan Rows": 1,
              "Plan Width": 8,
              "Actual Startup Time": 522.969,
              "Actual Total Time": 522.973,
              "Actual Rows": 1,
              "Actual Loops": 6,
              "Plans": [
                {
                  "Node Type": "Nested Loop",
                  "Parent Relationship": "Outer",
                  "Parallel Aware": false,
                  "Join Type": "Inner",
                  "Startup Cost": 45964.39,
                  "Total Cost": 326561.62,
                  "Plan Rows": 524347,
                  "Plan Width": 0,
                  "Actual Startup Time": 151.857,
                  "Actual Total Time": 519.679,
                  "Actual Rows": 54554,
                  "Actual Loops": 6,
                  "Inner Unique": false,
                  "Join Filter": "(t.id = ci.movie_id)",
                  "Rows Removed by Join Filter": 0,
                  "Plans": [
                    {
                      "Node Type": "Hash Join",
                      "Parent Relationship": "Outer",
                      "Parallel Aware": true,
                      "Join Type": "Inner",
                      "Startup Cost": 45963.82,
                      "Total Cost": 246481.73,
                      "Plan Rows": 36593,
                      "Plan Width": 8,
                      "Actual Startup Time": 151.75,
                      "Actual Total Time": 404.448,
                      "Actual Rows": 6394,
                      "Actual Loops": 6,
                      "Inner Unique": true,
                      "Hash Cond": "(mi.movie_id = t.id)",
                      "Plans": [
                        {
                          "Node Type": "Seq Scan",
                          "Parent Relationship": "Outer",
                          "Parallel Aware": true,
                          "Relation Name": "movie_info",
                          "Alias": "mi",
                          "Startup Cost": 0.0,
                          "Total Cost": 198952.16,
                          "Plan Rows": 596472,
                          "Plan Width": 4,
                          "Actual Startup Time": 67.244,
                          "Actual Total Time": 279.957,
                          "Actual Rows": 506120,
                          "Actual Loops": 6,
                          "Filter": "(info_type_id = 16)",
                          "Rows Removed by Filter": 1966500
                        },
                        {
                          "Node Type": "Hash",
                          "Parent Relationship": "Inner",
                          "Parallel Aware": true,
                          "Startup Cost": 45479.1,
                          "Total Cost": 45479.1,
                          "Plan Rows": 38778,
                          "Plan Width": 4,
                          "Actual Startup Time": 81.962,
                          "Actual Total Time": 81.963,
                          "Actual Rows": 6323,
                          "Actual Loops": 6,
                          "Hash Buckets": 262144,
                          "Original Hash Buckets": 262144,
                          "Hash Batches": 1,
                          "Original Hash Batches": 1,
                          "Peak Memory Usage": 3616,
                          "Plans": [
                            {
                              "Node Type": "Seq Scan",
                              "Parent Relationship": "Outer",
                              "Parallel Aware": true,
                              "Relation Name": "title",
                              "Alias": "t",
                              "Startup Cost": 0.0,
                              "Total Cost": 45479.1,
                              "Plan Rows": 38778,
                              "Plan Width": 4,
                              "Actual Startup Time": 0.046,
                              "Actual Total Time": 78.187,
                              "Actual Rows": 6323,
                              "Actual Loops": 6,
                              "Filter": "((kind_id > 1) AND (production_year < 1958))",
                              "Rows Removed by Filter": 415062
                            }
                          ]
                        }
                      ]
                    },
                    {
                      "Node Type": "Index Only Scan",
                      "Parent Relationship": "Inner",
                      "Parallel Aware": false,
                      "Scan Direction": "Forward",
                      "Index Name": "movie_id_cast_info",
                      "Relation Name": "cast_info",
                      "Alias": "ci",
                      "Startup Cost": 0.56,
                      "Total Cost": 1.73,
                      "Plan Rows": 37,
                      "Plan Width": 4,
                      "Actual Startup Time": 0.005,
                      "Actual Total Time": 0.017,
                      "Actual Rows": 9,
                      "Actual Loops": 38366,
                      "Index Cond": "(movie_id = mi.movie_id)",
                      "Rows Removed by Index Recheck": 0,
                      "Heap Fetches": 327321
                    }
                  ]
                }
              ]
            }
          ]
        }
      ]
    },
    "Planning Time": 1.413,
    "Triggers": [],
    "Execution Time": 598.278
  }
]