[
  {
    "Plan": {
      "Node Type": "Aggregate",
      "Strategy": "Plain",
      "Partial Mode": "Finalize",
      "Parallel Aware": false,
      "Startup Cost": 81275.31,
      "Total Cost": 81275.32,
      "Plan Rows": 1,
      "Plan Width": 8,
      "Actual Startup Time": 335.979,
      "Actual Total Time": 352.076,
      "Actual Rows": 1,
      "Actual Loops": 1,
      "Plans": [
        {
          "Node Type": "Gather",
          "Parent Relationship": "Outer",
          "Parallel Aware": false,
          "Startup Cost": 81274.89,
          "Total Cost": 81275.3,
          "Plan Rows": 4,
          "Plan Width": 8,
          "Actual Startup Time": 333.108,
          "Actual Total Time": 352.065,
          "Actual Rows": 5,
          "Actual Loops": 1,
          "Workers Planned": 4,
          "Workers Launched": 4,
          "Single Copy": false,
          "Plans": [
            {
              "Node Type": "Aggregate",
              "Strategy": "Plain",
              "Partial Mode": "Partial",
              "Parent Relationship": "Outer",
              "Parallel Aware": false,
              "Startup Cost": 80274.89,
              "Total Cost": 80274.9,
              "Plan Rows": 1,
              "Plan Width": 8,
              "Actual Startup Time": 323.813,
              "Actual Total Time": 323.816,
              "Actual Rows": 1,
              "Actual Loops": 5,
              "Plans": [
                {
                  "Node Type": "Hash Join",
                  "Parent Relationship": "Outer",
                  "Parallel Aware": true,
                  "Join Type": "Inner",
                  "Startup Cost": 33588.81,
                  "Total Cost": 80036.04,
                  "Plan Rows": 95540,
                  "Plan Width": 0,
                  "Actual Startup Time": 135.236,
                  "Actual Total Time": 318.691,
                  "Actual Rows": 124424,
                  "Actual Loops": 5,
                  "Inner Unique": false,
                  "Hash Cond": "(t.id = mc.movie_id)",
                  "Plans": [
                    {
                      "Node Type": "Seq Scan",
                      "Parent Relationship": "Outer",
                      "Parallel Aware": true,
                      "Relation Name": "title",
                      "Alias": "t",
                      "Startup Cost": 0.0,
                      "Total Cost": 43898.92,
                      "Plan Rows": 448026,
                      "Plan Width": 4,
                      "Actual Startup Time": 0.016,
                      "Actual Total Time": 77.192,
                      "Actual Rows": 358831,
                      "Actual Loops": 5,
                      "Filter": "(production_year < 2009)",
                      "Rows Removed by Filter": 146832
                    },
                    {
                      "Node Type": "Hash",
                      "Parent Relationship": "Inner",
                      "Parallel Aware": true,
                      "Startup Cost": 31414.82,
                      "Total Cost": 31414.82,
                      "Plan Rows": 173919,
                      "Plan Width": 4,
                      "Actual Startup Time": 130.778,
                      "Actual Total Time": 130.779,
                      "Actual Rows": 168138,
                      "Actual Loops": 5,
                      "Hash Buckets": 1048576,
                      "Original Hash Buckets": 1048576,
                      "Hash Batches": 1,
                      "Original Hash Batches": 1,
                      "Peak Memory Usage": 41184,
                      "Plans": [
                        {
                          "Node Type": "Seq Scan",
                          "Parent Relationship": "Outer",
                          "Parallel Aware": true,
                          "Relation Name": "movie_companies",
                          "Alias": "mc",
                          "Startup Cost": 0.0,
                          "Total Cost": 31414.82,
                          "Plan Rows": 173919,
                          "Plan Width": 4,
                          "Actual Startup Time": 45.748,
                          "Actual Total Time": 77.302,
                          "Actual Rows": 168138,
                          "Actual Loops": 5,
                          "Filter": "((company_id > 14490) AND (company_type_id > 1))",
                          "Rows Removed by Filter": 353688
                        }
                      ]
                    }
                  ]
                }
              ]
            }
          ]
        }
      ]
    },
    "Planning Time": 0.628,
    "Triggers": [],
    "Execution Time": 352.155
  }
]