[
    {
        "Bao": {
            "Bao prediction": 369.075,
            "Bao recommended hint": "(no hint)"
        }
    },
    {
        "Plan": {
            "Node Type": "Aggregate",
            "Strategy": "Plain",
            "Partial Mode": "Simple",
            "Parallel Aware": false,
            "Startup Cost": 10404.03,
            "Total Cost": 10404.04,
            "Plan Rows": 1,
            "Plan Width": 128,
            "Actual Startup Time": 222.701,
            "Actual Total Time": 262.837,
            "Actual Rows": 1,
            "Actual Loops": 1,
            "Output": [
                "min(mi.info)",
                "min(mi_idx.info)",
                "min(n.name)",
                "min(t.title)"
            ],
            "Plans": [
                {
                    "Node Type": "Nested Loop",
                    "Parent Relationship": "Outer",
                    "Parallel Aware": false,
                    "Join Type": "Inner",
                    "Startup Cost": 1006.14,
                    "Total Cost": 10404.02,
                    "Plan Rows": 1,
                    "Plan Width": 80,
                    "Actual Startup Time": 20.819,
                    "Actual Total Time": 262.791,
                    "Actual Rows": 30,
                    "Actual Loops": 1,
                    "Output": [
                        "mi.info",
                        "mi_idx.info",
                        "n.name",
                        "t.title"
                    ],
                    "Inner Unique": true,
                    "Plans": [
                        {
                            "Node Type": "Gather",
                            "Parent Relationship": "Outer",
                            "Parallel Aware": false,
                            "Startup Cost": 1006.0,
                            "Total Cost": 10403.83,
                            "Plan Rows": 1,
                            "Plan Width": 84,
                            "Actual Startup Time": 20.797,
                            "Actual Total Time": 262.686,
                            "Actual Rows": 30,
                            "Actual Loops": 1,
                            "Output": [
                                "mi.info",
                                "mi.info_type_id",
                                "mi_idx.info",
                                "n.name",
                                "t.title"
                            ],
                            "Workers Planned": 1,
                            "Workers Launched": 1,
                            "Single Copy": false,
                            "Plans": [
                                {
                                    "Node Type": "Nested Loop",
                                    "Parent Relationship": "Outer",
                                    "Parallel Aware": false,
                                    "Join Type": "Inner",
                                    "Startup Cost": 6.0,
                                    "Total Cost": 9403.73,
                                    "Plan Rows": 1,
                                    "Plan Width": 84,
                                    "Actual Startup Time": 52.792,
                                    "Actual Total Time": 207.405,
                                    "Actual Rows": 15,
                                    "Actual Loops": 2,
                                    "Output": [
                                        "mi.info",
                                        "mi.info_type_id",
                                        "mi_idx.info",
                                        "n.name",
                                        "t.title"
                                    ],
                                    "Inner Unique": true,
                                    "Workers": [
                                        {
                                            "Worker Number": 0,
                                            "Actual Startup Time": 86.416,
                                            "Actual Total Time": 208.131,
                                            "Actual Rows": 17,
                                            "Actual Loops": 1
                                        }
                                    ],
                                    "Plans": [
                                        {
                                            "Node Type": "Nested Loop",
                                            "Parent Relationship": "Outer",
                                            "Parallel Aware": false,
                                            "Join Type": "Inner",
                                            "Startup Cost": 5.58,
                                            "Total Cost": 9402.83,
                                            "Plan Rows": 2,
                                            "Plan Width": 88,
                                            "Actual Startup Time": 52.605,
                                            "Actual Total Time": 204.179,
                                            "Actual Rows": 527,
                                            "Actual Loops": 2,
                                            "Output": [
                                                "mi.info",
                                                "mi.info_type_id",
                                                "mi_idx.info",
                                                "mk.keyword_id",
                                                "n.name",
                                                "t.title"
                                            ],
                                            "Inner Unique": false,
                                            "Workers": [
                                                {
                                                    "Worker Number": 0,
                                                    "Actual Startup Time": 86.237,
                                                    "Actual Total Time": 204.842,
                                                    "Actual Rows": 635,
                                                    "Actual Loops": 1
                                                }
                                            ],
                                            "Plans": [
                                                {
                                                    "Node Type": "Nested Loop",
                                                    "Parent Relationship": "Outer",
                                                    "Parallel Aware": false,
                                                    "Join Type": "Inner",
                                                    "Startup Cost": 5.14,
                                                    "Total Cost": 9401.06,
                                                    "Plan Rows": 1,
                                                    "Plan Width": 104,
                                                    "Actual Startup Time": 52.546,
                                                    "Actual Total Time": 203.683,
                                                    "Actual Rows": 9,
                                                    "Actual Loops": 2,
                                                    "Output": [
                                                        "ci.movie_id",
                                                        "mc.movie_id",
                                                        "mi.info",
                                                        "mi.movie_id",
                                                        "mi.info_type_id",
                                                        "mi_idx.info",
                                                        "mi_idx.movie_id",
                                                        "n.name",
                                                        "t.title",
                                                        "t.id"
                                                    ],
                                                    "Inner Unique": true,
                                                    "Join Filter": "(mi.movie_id = t.id)",
                                                    "Rows Removed by Join Filter": 0,
                                                    "Workers": [
                                                        {
                                                            "Worker Number": 0,
                                                            "Actual Startup Time": 86.165,
                                                            "Actual Total Time": 204.289,
                                                            "Actual Rows": 11,
                                                            "Actual Loops": 1
                                                        }
                                                    ],
                                                    "Plans": [
                                                        {
                                                            "Node Type": "Nested Loop",
                                                            "Parent Relationship": "Outer",
                                                            "Parallel Aware": false,
                                                            "Join Type": "Inner",
                                                            "Startup Cost": 4.71,
                                                            "Total Cost": 9400.53,
                                                            "Plan Rows": 1,
                                                            "Plan Width": 83,
                                                            "Actual Startup Time": 52.471,
                                                            "Actual Total Time": 203.419,
                                                            "Actual Rows": 9,
                                                            "Actual Loops": 2,
                                                            "Output": [
                                                                "ci.movie_id",
                                                                "mc.movie_id",
                                                                "mi.info",
                                                                "mi.movie_id",
                                                                "mi.info_type_id",
                                                                "mi_idx.info",
                                                                "mi_idx.movie_id",
                                                                "n.name"
                                                            ],
                                                            "Inner Unique": true,
                                                            "Workers": [
                                                                {
                                                                    "Worker Number": 0,
                                                                    "Actual Startup Time": 86.08,
                                                                    "Actual Total Time": 203.982,
                                                                    "Actual Rows": 11,
                                                                    "Actual Loops": 1
                                                                }
                                                            ],
                                                            "Plans": [
                                                                {
                                                                    "Node Type": "Nested Loop",
                                                                    "Parent Relationship": "Outer",
                                                                    "Parallel Aware": false,
                                                                    "Join Type": "Inner",
                                                                    "Startup Cost": 4.28,
                                                                    "Total Cost": 9399.85,
                                                                    "Plan Rows": 1,
                                                                    "Plan Width": 72,
                                                                    "Actual Startup Time": 11.456,
                                                                    "Actual Total Time": 199.346,
                                                                    "Actual Rows": 186,
                                                                    "Actual Loops": 2,
                                                                    "Output": [
                                                                        "ci.movie_id",
                                                                        "ci.person_id",
                                                                        "mc.movie_id",
                                                                        "mi.info",
                                                                        "mi.movie_id",
                                                                        "mi.info_type_id",
                                                                        "mi_idx.info",
                                                                        "mi_idx.movie_id"
                                                                    ],
                                                                    "Inner Unique": false,
                                                                    "Join Filter": "(mi.movie_id = ci.movie_id)",
                                                                    "Rows Removed by Join Filter": 0,
                                                                    "Workers": [
                                                                        {
                                                                            "Worker Number": 0,
                                                                            "Actual Startup Time": 12.945,
                                                                            "Actual Total Time": 199.374,
                                                                            "Actual Rows": 218,
                                                                            "Actual Loops": 1
                                                                        }
                                                                    ],
                                                                    "Plans": [
                                                                        {
                                                                            "Node Type": "Nested Loop",
                                                                            "Parent Relationship": "Outer",
                                                                            "Parallel Aware": false,
                                                                            "Join Type": "Inner",
                                                                            "Startup Cost": 3.72,
                                                                            "Total Cost": 9397.85,
                                                                            "Plan Rows": 1,
                                                                            "Plan Width": 64,
                                                                            "Actual Startup Time": 6.536,
                                                                            "Actual Total Time": 95.398,
                                                                            "Actual Rows": 218,
                                                                            "Actual Loops": 2,
                                                                            "Output": [
                                                                                "mc.movie_id",
                                                                                "mi.info",
                                                                                "mi.movie_id",
                                                                                "mi.info_type_id",
                                                                                "mi_idx.info",
                                                                                "mi_idx.movie_id"
                                                                            ],
                                                                            "Inner Unique": false,
                                                                            "Join Filter": "(mi_idx.movie_id = mi.movie_id)",
                                                                            "Rows Removed by Join Filter": 0,
                                                                            "Workers": [
                                                                                {
                                                                                    "Worker Number": 0,
                                                                                    "Actual Startup Time": 10.214,
                                                                                    "Actual Total Time": 85.942,
                                                                                    "Actual Rows": 240,
                                                                                    "Actual Loops": 1
                                                                                }
                                                                            ],
                                                                            "Plans": [
                                                                                {
                                                                                    "Node Type": "Hash Join",
                                                                                    "Parent Relationship": "Outer",
                                                                                    "Parallel Aware": false,
                                                                                    "Join Type": "Inner",
                                                                                    "Startup Cost": 3.28,
                                                                                    "Total Cost": 9391.46,
                                                                                    "Plan Rows": 4,
                                                                                    "Plan Width": 13,
                                                                                    "Actual Startup Time": 2.303,
                                                                                    "Actual Total Time": 30.906,
                                                                                    "Actual Rows": 724,
                                                                                    "Actual Loops": 2,
                                                                                    "Output": [
                                                                                        "mc.movie_id",
                                                                                        "mi_idx.info",
                                                                                        "mi_idx.movie_id"
                                                                                    ],
                                                                                    "Inner Unique": true,
                                                                                    "Hash Cond": "(mi_idx.info_type_id = it2.id)",
                                                                                    "Workers": [
                                                                                        {
                                                                                            "Worker Number": 0,
                                                                                            "Actual Startup Time": 2.246,
                                                                                            "Actual Total Time": 21.283,
                                                                                            "Actual Rows": 599,
                                                                                            "Actual Loops": 1
                                                                                        }
                                                                                    ],
                                                                                    "Plans": [
                                                                                        {
                                                                                            "Node Type": "Nested Loop",
                                                                                            "Parent Relationship": "Outer",
                                                                                            "Parallel Aware": false,
                                                                                            "Join Type": "Inner",
                                                                                            "Startup Cost": 0.86,
                                                                                            "Total Cost": 9387.92,
                                                                                            "Plan Rows": 407,
                                                                                            "Plan Width": 17,
                                                                                            "Actual Startup Time": 1.869,
                                                                                            "Actual Total Time": 29.769,
                                                                                            "Actual Rows": 2185,
                                                                                            "Actual Loops": 2,
                                                                                            "Output": [
                                                                                                "mc.movie_id",
                                                                                                "mi_idx.info",
                                                                                                "mi_idx.movie_id",
                                                                                                "mi_idx.info_type_id"
                                                                                            ],
                                                                                            "Inner Unique": false,
                                                                                            "Workers": [
                                                                                                {
                                                                                                    "Worker Number": 0,
                                                                                                    "Actual Startup Time": 1.552,
                                                                                                    "Actual Total Time": 19.934,
                                                                                                    "Actual Rows": 1806,
                                                                                                    "Actual Loops": 1
                                                                                                }
                                                                                            ],
                                                                                            "Plans": [
                                                                                                {
                                                                                                    "Node Type": "Nested Loop",
                                                                                                    "Parent Relationship": "Outer",
                                                                                                    "Parallel Aware": false,
                                                                                                    "Join Type": "Inner",
                                                                                                    "Startup Cost": 0.43,
                                                                                                    "Total Cost": 9308.16,
                                                                                                    "Plan Rows": 150,
                                                                                                    "Plan Width": 4,
                                                                                                    "Actual Startup Time": 1.62,
                                                                                                    "Actual Total Time": 20.0,
                                                                                                    "Actual Rows": 907,
                                                                                                    "Actual Loops": 2,
                                                                                                    "Output": [
                                                                                                        "mc.movie_id"
                                                                                                    ],
                                                                                                    "Inner Unique": false,
                                                                                                    "Workers": [
                                                                                                        {
                                                                                                            "Worker Number": 0,
                                                                                                            "Actual Startup Time": 1.157,
                                                                                                            "Actual Total Time": 9.729,
                                                                                                            "Actual Rows": 873,
                                                                                                            "Actual Loops": 1
                                                                                                        }
                                                                                                    ],
                                                                                                    "Plans": [
                                                                                                        {
                                                                                                            "Node Type": "Seq Scan",
                                                                                                            "Parent Relationship": "Outer",
                                                                                                            "Parallel Aware": true,
                                                                                                            "Relation Name": "company_name",
                                                                                                            "Schema": "public",
                                                                                                            "Alias": "cn",
                                                                                                            "Startup Cost": 0.0,
                                                                                                            "Total Cost": 4722.92,
                                                                                                            "Plan Rows": 14,
                                                                                                            "Plan Width": 4,
                                                                                                            "Actual Startup Time": 1.403,
                                                                                                            "Actual Total Time": 15.327,
                                                                                                            "Actual Rows": 5,
                                                                                                            "Actual Loops": 2,
                                                                                                            "Output": [
                                                                                                                "cn.id",
                                                                                                                "cn.name",
                                                                                                                "cn.country_code",
                                                                                                                "cn.imdb_id",
                                                                                                                "cn.name_pcode_nf",
                                                                                                                "cn.name_pcode_sf",
                                                                                                                "cn.md5sum"
                                                                                                            ],
                                                                                                            "Filter": "(cn.name ~~ 'Lionsgate%'::text)",
                                                                                                            "Rows Removed by Filter": 117494,
                                                                                                            "Workers": [
                                                                                                                {
                                                                                                                    "Worker Number": 0,
                                                                                                                    "Actual Startup Time": 0.856,
                                                                                                                    "Actual Total Time": 4.214,
                                                                                                                    "Actual Rows": 2,
                                                                                                                    "Actual Loops": 1
                                                                                                                }
                                                                                                            ]
                                                                                                        },
                                                                                                        {
                                                                                                            "Node Type": "Index Scan",
                                                                                                            "Parent Relationship": "Inner",
                                                                                                            "Parallel Aware": false,
                                                                                                            "Scan Direction": "Forward",
                                                                                                            "Index Name": "company_id_movie_companies",
                                                                                                            "Relation Name": "movie_companies",
                                                                                                            "Schema": "public",
                                                                                                            "Alias": "mc",
                                                                                                            "Startup Cost": 0.43,
                                                                                                            "Total Cost": 326.2,
                                                                                                            "Plan Rows": 132,
                                                                                                            "Plan Width": 8,
                                                                                                            "Actual Startup Time": 0.06,
                                                                                                            "Actual Total Time": 0.878,
                                                                                                            "Actual Rows": 181,
                                                                                                            "Actual Loops": 10,
                                                                                                            "Output": [
                                                                                                                "mc.id",
                                                                                                                "mc.movie_id",
                                                                                                                "mc.company_id",
                                                                                                                "mc.company_type_id",
                                                                                                                "mc.note"
                                                                                                            ],
                                                                                                            "Index Cond": "(mc.company_id = cn.id)",
                                                                                                            "Rows Removed by Index Recheck": 0,
                                                                                                            "Workers": [
                                                                                                                {
                                                                                                                    "Worker Number": 0,
                                                                                                                    "Actual Startup Time": 0.162,
                                                                                                                    "Actual Total Time": 2.622,
                                                                                                                    "Actual Rows": 436,
                                                                                                                    "Actual Loops": 2
                                                                                                                }
                                                                                                            ]
                                                                                                        }
                                                                                                    ]
                                                                                                },
                                                                                                {
                                                                                                    "Node Type": "Index Scan",
                                                                                                    "Parent Relationship": "Inner",
                                                                                                    "Parallel Aware": false,
                                                                                                    "Scan Direction": "Forward",
                                                                                                    "Index Name": "movie_id_movie_info_idx",
                                                                                                    "Relation Name": "movie_info_idx",
                                                                                                    "Schema": "public",
                                                                                                    "Alias": "mi_idx",
                                                                                                    "Startup Cost": 0.43,
                                                                                                    "Total Cost": 0.5,
                                                                                                    "Plan Rows": 3,
                                                                                                    "Plan Width": 13,
                                                                                                    "Actual Startup Time": 0.009,
                                                                                                    "Actual Total Time": 0.01,
                                                                                                    "Actual Rows": 2,
                                                                                                    "Actual Loops": 1814,
                                                                                                    "Output": [
                                                                                                        "mi_idx.id",
                                                                                                        "mi_idx.movie_id",
                                                                                                        "mi_idx.info_type_id",
                                                                                                        "mi_idx.info",
                                                                                                        "mi_idx.note"
                                                                                                    ],
                                                                                                    "Index Cond": "(mi_idx.movie_id = mc.movie_id)",
                                                                                                    "Rows Removed by Index Recheck": 0,
                                                                                                    "Workers": [
                                                                                                        {
                                                                                                            "Worker Number": 0,
                                                                                                            "Actual Startup Time": 0.01,
                                                                                                            "Actual Total Time": 0.01,
                                                                                                            "Actual Rows": 2,
                                                                                                            "Actual Loops": 873
                                                                                                        }
                                                                                                    ]
                                                                                                }
                                                                                            ]
                                                                                        },
                                                                                        {
                                                                                            "Node Type": "Hash",
                                                                                            "Parent Relationship": "Inner",
                                                                                            "Parallel Aware": false,
                                                                                            "Startup Cost": 2.41,
                                                                                            "Total Cost": 2.41,
                                                                                            "Plan Rows": 1,
                                                                                            "Plan Width": 4,
                                                                                            "Actual Startup Time": 0.089,
                                                                                            "Actual Total Time": 0.09,
                                                                                            "Actual Rows": 1,
                                                                                            "Actual Loops": 2,
                                                                                            "Output": [
                                                                                                "it2.id"
                                                                                            ],
                                                                                            "Hash Buckets": 1024,
                                                                                            "Original Hash Buckets": 1024,
                                                                                            "Hash Batches": 1,
                                                                                            "Original Hash Batches": 1,
                                                                                            "Peak Memory Usage": 9,
                                                                                            "Workers": [
                                                                                                {
                                                                                                    "Worker Number": 0,
                                                                                                    "Actual Startup Time": 0.119,
                                                                                                    "Actual Total Time": 0.12,
                                                                                                    "Actual Rows": 1,
                                                                                                    "Actual Loops": 1
                                                                                                }
                                                                                            ],
                                                                                            "Plans": [
                                                                                                {
                                                                                                    "Node Type": "Seq Scan",
                                                                                                    "Parent Relationship": "Outer",
                                                                                                    "Parallel Aware": false,
                                                                                                    "Relation Name": "info_type",
                                                                                                    "Schema": "public",
                                                                                                    "Alias": "it2",
                                                                                                    "Startup Cost": 0.0,
                                                                                                    "Total Cost": 2.41,
                                                                                                    "Plan Rows": 1,
                                                                                                    "Plan Width": 4,
                                                                                                    "Actual Startup Time": 0.062,
                                                                                                    "Actual Total Time": 0.067,
                                                                                                    "Actual Rows": 1,
                                                                                                    "Actual Loops": 2,
                                                                                                    "Output": [
                                                                                                        "it2.id"
                                                                                                    ],
                                                                                                    "Filter": "((it2.info)::text = 'votes'::text)",
                                                                                                    "Rows Removed by Filter": 112,
                                                                                                    "Workers": [
                                                                                                        {
                                                                                                            "Worker Number": 0,
                                                                                                            "Actual Startup Time": 0.083,
                                                                                                            "Actual Total Time": 0.089,
                                                                                                            "Actual Rows": 1,
                                                                                                            "Actual Loops": 1
                                                                                                        }
                                                                                                    ]
                                                                                                }
                                                                                            ]
                                                                                        }
                                                                                    ]
                                                                                },
                                                                                {
                                                                                    "Node Type": "Index Scan",
                                                                                    "Parent Relationship": "Inner",
                                                                                    "Parallel Aware": false,
                                                                                    "Scan Direction": "Forward",
                                                                                    "Index Name": "movie_id_movie_info",
                                                                                    "Relation Name": "movie_info",
                                                                                    "Schema": "public",
                                                                                    "Alias": "mi",
                                                                                    "Startup Cost": 0.43,
                                                                                    "Total Cost": 1.59,
                                                                                    "Plan Rows": 1,
                                                                                    "Plan Width": 51,
                                                                                    "Actual Startup Time": 0.088,
                                                                                    "Actual Total Time": 0.088,
                                                                                    "Actual Rows": 0,
                                                                                    "Actual Loops": 1449,
                                                                                    "Output": [
                                                                                        "mi.id",
                                                                                        "mi.movie_id",
                                                                                        "mi.info_type_id",
                                                                                        "mi.info",
                                                                                        "mi.note"
                                                                                    ],
                                                                                    "Index Cond": "(mi.movie_id = mc.movie_id)",
                                                                                    "Rows Removed by Index Recheck": 0,
                                                                                    "Filter": "(mi.info = ANY ('{War,Thriller}'::text[]))",
                                                                                    "Rows Removed by Filter": 76,
                                                                                    "Workers": [
                                                                                        {
                                                                                            "Worker Number": 0,
                                                                                            "Actual Startup Time": 0.107,
                                                                                            "Actual Total Time": 0.107,
                                                                                            "Actual Rows": 0,
                                                                                            "Actual Loops": 599
                                                                                        }
                                                                                    ]
                                                                                }
                                                                            ]
                                                                        },
                                                                        {
                                                                            "Node Type": "Index Scan",
                                                                            "Parent Relationship": "Inner",
                                                                            "Parallel Aware": false,
                                                                            "Scan Direction": "Forward",
                                                                            "Index Name": "movie_id_cast_info",
                                                                            "Relation Name": "cast_info",
                                                                            "Schema": "public",
                                                                            "Alias": "ci",
                                                                            "Startup Cost": 0.56,
                                                                            "Total Cost": 1.98,
                                                                            "Plan Rows": 1,
                                                                            "Plan Width": 8,
                                                                            "Actual Startup Time": 0.36,
                                                                            "Actual Total Time": 0.475,
                                                                            "Actual Rows": 1,
                                                                            "Actual Loops": 437,
                                                                            "Output": [
                                                                                "ci.id",
                                                                                "ci.person_id",
                                                                                "ci.movie_id",
                                                                                "ci.person_role_id",
                                                                                "ci.note",
                                                                                "ci.nr_order",
                                                                                "ci.role_id"
                                                                            ],
                                                                            "Index Cond": "(ci.movie_id = mc.movie_id)",
                                                                            "Rows Removed by Index Recheck": 0,
                                                                            "Filter": "(ci.note = ANY ('{(writer),\"(head writer)\",\"(written by)\",(story),\"(story editor)\"}'::text[]))",
                                                                            "Rows Removed by Filter": 106,
                                                                            "Workers": [
                                                                                {
                                                                                    "Worker Number": 0,
                                                                                    "Actual Startup Time": 0.355,
                                                                                    "Actual Total Time": 0.472,
                                                                                    "Actual Rows": 1,
                                                                                    "Actual Loops": 240
                                                                                }
                                                                            ]
                                                                        }
                                                                    ]
                                                                },
                                                                {
                                                                    "Node Type": "Index Scan",
                                                                    "Parent Relationship": "Inner",
                                                                    "Parallel Aware": false,
                                                                    "Scan Direction": "Forward",
                                                                    "Index Name": "name_pkey",
                                                                    "Relation Name": "name",
                                                                    "Schema": "public",
                                                                    "Alias": "n",
                                                                    "Startup Cost": 0.43,
                                                                    "Total Cost": 0.69,
                                                                    "Plan Rows": 1,
                                                                    "Plan Width": 19,
                                                                    "Actual Startup Time": 0.021,
                                                                    "Actual Total Time": 0.021,
                                                                    "Actual Rows": 0,
                                                                    "Actual Loops": 371,
                                                                    "Output": [
                                                                        "n.id",
                                                                        "n.name",
                                                                        "n.imdb_index",
                                                                        "n.imdb_id",
                                                                        "n.gender",
                                                                        "n.name_pcode_cf",
                                                                        "n.name_pcode_nf",
                                                                        "n.surname_pcode",
                                                                        "n.md5sum"
                                                                    ],
                                                                    "Index Cond": "(n.id = ci.person_id)",
                                                                    "Rows Removed by Index Recheck": 0,
                                                                    "Filter": "((n.gender)::text = 'f'::text)",
                                                                    "Rows Removed by Filter": 1,
                                                                    "Workers": [
                                                                        {
                                                                            "Worker Number": 0,
                                                                            "Actual Startup Time": 0.02,
                                                                            "Actual Total Time": 0.02,
                                                                            "Actual Rows": 0,
                                                                            "Actual Loops": 218
                                                                        }
                                                                    ]
                                                                }
                                                            ]
                                                        },
                                                        {
                                                            "Node Type": "Index Scan",
                                                            "Parent Relationship": "Inner",
                                                            "Parallel Aware": false,
                                                            "Scan Direction": "Forward",
                                                            "Index Name": "title_pkey",
                                                            "Relation Name": "title",
                                                            "Schema": "public",
                                                            "Alias": "t",
                                                            "Startup Cost": 0.43,
                                                            "Total Cost": 0.52,
                                                            "Plan Rows": 1,
                                                            "Plan Width": 21,
                                                            "Actual Startup Time": 0.026,
                                                            "Actual Total Time": 0.026,
                                                            "Actual Rows": 1,
                                                            "Actual Loops": 18,
                                                            "Output": [
                                                                "t.id",
                                                                "t.title",
                                                                "t.imdb_index",
                                                                "t.kind_id",
                                                                "t.production_year",
                                                                "t.imdb_id",
                                                                "t.phonetic_code",
                                                                "t.episode_of_id",
                                                                "t.season_nr",
                                                                "t.episode_nr",
                                                                "t.series_years",
                                                                "t.md5sum"
                                                            ],
                                                            "Index Cond": "(t.id = mc.movie_id)",
                                                            "Rows Removed by Index Recheck": 0,
                                                            "Workers": [
                                                                {
                                                                    "Worker Number": 0,
                                                                    "Actual Startup Time": 0.025,
                                                                    "Actual Total Time": 0.025,
                                                                    "Actual Rows": 1,
                                                                    "Actual Loops": 11
                                                                }
                                                            ]
                                                        }
                                                    ]
                                                },
                                                {
                                                    "Node Type": "Index Scan",
                                                    "Parent Relationship": "Inner",
                                                    "Parallel Aware": false,
                                                    "Scan Direction": "Forward",
                                                    "Index Name": "movie_id_movie_keyword",
                                                    "Relation Name": "movie_keyword",
                                                    "Schema": "public",
                                                    "Alias": "mk",
                                                    "Startup Cost": 0.43,
                                                    "Total Cost": 1.31,
                                                    "Plan Rows": 46,
                                                    "Plan Width": 8,
                                                    "Actual Startup Time": 0.027,
                                                    "Actual Total Time": 0.043,
                                                    "Actual Rows": 59,
                                                    "Actual Loops": 18,
                                                    "Output": [
                                                        "mk.id",
                                                        "mk.movie_id",
                                                        "mk.keyword_id"
                                                    ],
                                                    "Index Cond": "(mk.movie_id = t.id)",
                                                    "Rows Removed by Index Recheck": 0,
                                                    "Workers": [
                                                        {
                                                            "Worker Number": 0,
                                                            "Actual Startup Time": 0.025,
                                                            "Actual Total Time": 0.039,
                                                            "Actual Rows": 58,
                                                            "Actual Loops": 11
                                                        }
                                                    ]
                                                }
                                            ]
                                        },
                                        {
                                            "Node Type": "Index Scan",
                                            "Parent Relationship": "Inner",
                                            "Parallel Aware": false,
                                            "Scan Direction": "Forward",
                                            "Index Name": "keyword_pkey",
                                            "Relation Name": "keyword",
                                            "Schema": "public",
                                            "Alias": "k",
                                            "Startup Cost": 0.42,
                                            "Total Cost": 0.45,
                                            "Plan Rows": 1,
                                            "Plan Width": 4,
                                            "Actual Startup Time": 0.006,
                                            "Actual Total Time": 0.006,
                                            "Actual Rows": 0,
                                            "Actual Loops": 1054,
                                            "Output": [
                                                "k.id",
                                                "k.keyword",
                                                "k.phonetic_code"
                                            ],
                                            "Index Cond": "(k.id = mk.keyword_id)",
                                            "Rows Removed by Index Recheck": 0,
                                            "Filter": "(k.keyword = ANY ('{murder,violence,blood,gore,death,female-nudity,hospital}'::text[]))",
                                            "Rows Removed by Filter": 1,
                                            "Workers": [
                                                {
                                                    "Worker Number": 0,
                                                    "Actual Startup Time": 0.005,
                                                    "Actual Total Time": 0.005,
                                                    "Actual Rows": 0,
                                                    "Actual Loops": 635
                                                }
                                            ]
                                        }
                                    ]
                                }
                            ]
                        },
                        {
                            "Node Type": "Index Scan",
                            "Parent Relationship": "Inner",
                            "Parallel Aware": false,
                            "Scan Direction": "Forward",
                            "Index Name": "info_type_pkey",
                            "Relation Name": "info_type",
                            "Schema": "public",
                            "Alias": "it1",
                            "Startup Cost": 0.14,
                            "Total Cost": 0.16,
                            "Plan Rows": 1,
                            "Plan Width": 4,
                            "Actual Startup Time": 0.002,
                            "Actual Total Time": 0.002,
                            "Actual Rows": 1,
                            "Actual Loops": 30,
                            "Output": [
                                "it1.id",
                                "it1.info"
                            ],
                            "Index Cond": "(it1.id = mi.info_type_id)",
                            "Rows Removed by Index Recheck": 0,
                            "Filter": "((it1.info)::text = 'genres'::text)",
                            "Rows Removed by Filter": 0
                        }
                    ]
                }
            ]
        },
        "Planning Time": 2616.764,
        "Triggers": [],
        "Execution Time": 263.733
    }
]