[
  {
    "Plan": {
      "Node Type": "Aggregate",
      "Strategy": "Plain",
      "Partial Mode": "Finalize",
      "Parallel Aware": false,
      "Startup Cost": 384201.75,
      "Total Cost": 384201.76,
      "Plan Rows": 1,
      "Plan Width": 8,
      "Actual Startup Time": 1265.896,
      "Actual Total Time": 1294.036,
      "Actual Rows": 1,
      "Actual Loops": 1,
      "Plans": [
        {
          "Node Type": "Gather",
          "Parent Relationship": "Outer",
          "Parallel Aware": false,
          "Startup Cost": 384201.13,
          "Total Cost": 384201.74,
          "Plan Rows": 6,
          "Plan Width": 8,
          "Actual Startup Time": 1261.707,
          "Actual Total Time": 1294.023,
          "Actual Rows": 7,
          "Actual Loops": 1,
          "Workers Planned": 6,
          "Workers Launched": 6,
          "Single Copy": false,
          "Plans": [
            {
              "Node Type": "Aggregate",
              "Strategy": "Plain",
              "Partial Mode": "Partial",
              "Parent Relationship": "Outer",
              "Parallel Aware": false,
              "Startup Cost": 383201.13,
              "Total Cost": 383201.14,
              "Plan Rows": 1,
              "Plan Width": 8,
              "Actual Startup Time": 1243.438,
              "Actual Total Time": 1243.442,
              "Actual Rows": 1,
              "Actual Loops": 7,
              "Plans": [
                {
                  "Node Type": "Hash Join",
                  "Parent Relationship": "Outer",
                  "Parallel Aware": true,
                  "Join Type": "Inner",
                  "Startup Cost": 49012.34,
                  "Total Cost": 380901.86,
                  "Plan Rows": 919705,
                  "Plan Width": 0,
                  "Actual Startup Time": 193.382,
                  "Actual Total Time": 1201.499,
                  "Actual Rows": 848026,
                  "Actual Loops": 7,
                  "Inner Unique": true,
                  "Hash Cond": "(ci.movie_id = t.id)",
                  "Plans": [
                    {
                      "Node Type": "Index Scan",
                      "Parent Relationship": "Outer",
                      "Parallel Aware": true,
                      "Scan Direction": "Forward",
                      "Index Name": "role_id_cast_info",
                      "Relation Name": "cast_info",
                      "Alias": "ci",
                      "Startup Cost": 0.56,
                      "Total Cost": 326490.6,
                      "Plan Rows": 2056946,
                      "Plan Width": 4,
                      "Actual Startup Time": 0.156,
                      "Actual Total Time": 343.412,
                      "Actual Rows": 1730521,
                      "Actual Loops": 7,
                      "Index Cond": "(role_id > 3)",
                      "Rows Removed by Index Recheck": 0
                    },
                    {
                      "Node Type": "Hash",
                      "Parent Relationship": "Inner",
                      "Parallel Aware": true,
                      "Startup Cost": 45479.1,
                      "Total Cost": 45479.1,
                      "Plan Rows": 282614,
                      "Plan Width": 4,
                      "Actual Startup Time": 187.994,
                      "Actual Total Time": 187.995,
                      "Actual Rows": 174953,
                      "Actual Loops": 7,
                      "Hash Buckets": 2097152,
                      "Original Hash Buckets": 2097152,
                      "Hash Batches": 1,
                      "Original Hash Batches": 1,
                      "Peak Memory Usage": 64416,
                      "Plans": [
                        {
                          "Node Type": "Seq Scan",
                          "Parent Relationship": "Outer",
                          "Parallel Aware": true,
                          "Relation Name": "title",
                          "Alias": "t",
                          "Startup Cost": 0.0,
                          "Total Cost": 45479.1,
                          "Plan Rows": 282614,
                          "Plan Width": 4,
                          "Actual Startup Time": 0.043,
                          "Actual Total Time": 90.424,
                          "Actual Rows": 174953,
                          "Actual Loops": 7,
                          "Filter": "((production_year > 1985) AND (kind_id = 7))",
                          "Rows Removed by Filter": 186234
                        }
                      ]
                    }
                  ]
                }
              ]
            }
          ]
        }
      ]
    },
    "Planning Time": 0.638,
    "Triggers": [],
    "Execution Time": 1294.123
  }
]