{
  "Plan": {
    "Node Type": "Aggregate",
    "Strategy": "Plain",
    "Partial Mode": "Finalize",
    "Parallel Aware": false,
    "Startup Cost": 76484.27,
    "Total Cost": 76484.28,
    "Plan Rows": 1,
    "Plan Width": 8,
    "Actual Startup Time": 172.737,
    "Actual Total Time": 187.035,
    "Actual Rows": 1,
    "Actual Loops": 1,
    "Plans": [
      {
        "Node Type": "Gather",
        "Parent Relationship": "Outer",
        "Parallel Aware": false,
        "Startup Cost": 76484.16,
        "Total Cost": 76484.27,
        "Plan Rows": 1,
        "Plan Width": 8,
        "Actual Startup Time": 172.504,
        "Actual Total Time": 187.028,
        "Actual Rows": 2,
        "Actual Loops": 1,
        "Workers Planned": 1,
        "Workers Launched": 1,
        "Single Copy": false,
        "Plans": [
          {
            "Node Type": "Aggregate",
            "Strategy": "Plain",
            "Partial Mode": "Partial",
            "Parent Relationship": "Outer",
            "Parallel Aware": false,
            "Startup Cost": 75484.16,
            "Total Cost": 75484.17,
            "Plan Rows": 1,
            "Plan Width": 8,
            "Actual Startup Time": 166.495,
            "Actual Total Time": 166.497,
            "Actual Rows": 1,
            "Actual Loops": 2,
            "Plans": [
              {
                "Node Type": "Nested Loop",
                "Parent Relationship": "Outer",
                "Parallel Aware": false,
                "Join Type": "Inner",
                "Startup Cost": 13440.29,
                "Total Cost": 75474.64,
                "Plan Rows": 3809,
                "Plan Width": 0,
                "Actual Startup Time": 52.38,
                "Actual Total Time": 165.793,
                "Actual Rows": 14358,
                "Actual Loops": 2,
                "Inner Unique": false,
                "Plans": [
                  {
                    "Node Type": "Bitmap Heap Scan",
                    "Parent Relationship": "Outer",
                    "Parallel Aware": true,
                    "Relation Name": "title",
                    "Alias": "t",
                    "Startup Cost": 13439.86,
                    "Total Cost": 56090.25,
                    "Plan Rows": 2129,
                    "Plan Width": 4,
                    "Actual Startup Time": 52.228,
                    "Actual Total Time": 139.833,
                    "Actual Rows": 2456,
                    "Actual Loops": 2,
                    "Recheck Cond": "(kind_id < 3)",
                    "Rows Removed by Index Recheck": 0,
                    "Filter": "(production_year = 1972)",
                    "Rows Removed by Filter": 374382,
                    "Exact Heap Blocks": 27086,
                    "Lossy Heap Blocks": 0,
                    "Plans": [
                      {
                        "Node Type": "Bitmap Index Scan",
                        "Parent Relationship": "Outer",
                        "Parallel Aware": false,
                        "Index Name": "kind_id_title",
                        "Startup Cost": 0.0,
                        "Total Cost": 13438.96,
                        "Plan Rows": 753937,
                        "Plan Width": 0,
                        "Actual Startup Time": 51.841,
                        "Actual Total Time": 51.841,
                        "Actual Rows": 753677,
                        "Actual Loops": 1,
                        "Index Cond": "(kind_id < 3)"
                      }
                    ]
                  },
                  {
                    "Node Type": "Index Only Scan",
                    "Parent Relationship": "Inner",
                    "Parallel Aware": false,
                    "Scan Direction": "Forward",
                    "Index Name": "movie_id_movie_keyword",
                    "Relation Name": "movie_keyword",
                    "Alias": "mk",
                    "Startup Cost": 0.43,
                    "Total Cost": 8.65,
                    "Plan Rows": 45,
                    "Plan Width": 4,
                    "Actual Startup Time": 0.009,
                    "Actual Total Time": 0.01,
                    "Actual Rows": 6,
                    "Actual Loops": 4913,
                    "Index Cond": "(movie_id = t.id)",
                    "Rows Removed by Index Recheck": 0,
                    "Heap Fetches": 28717
                  }
                ]
              }
            ]
          }
        ]
      }
    ]
  },
  "Planning Time": 0.478,
  "Triggers": [],
  "Execution Time": 187.124
}