[
  {
    "Plan": {
      "Node Type": "Aggregate",
      "Strategy": "Plain",
      "Partial Mode": "Finalize",
      "Parallel Aware": false,
      "Startup Cost": 123512.11,
      "Total Cost": 123512.12,
      "Plan Rows": 1,
      "Plan Width": 8,
      "Actual Startup Time": 1426.661,
      "Actual Total Time": 1486.51,
      "Actual Rows": 1,
      "Actual Loops": 1,
      "Plans": [
        {
          "Node Type": "Gather",
          "Parent Relationship": "Outer",
          "Parallel Aware": false,
          "Startup Cost": 123511.79,
          "Total Cost": 123512.1,
          "Plan Rows": 3,
          "Plan Width": 8,
          "Actual Startup Time": 1426.651,
          "Actual Total Time": 1486.502,
          "Actual Rows": 4,
          "Actual Loops": 1,
          "Workers Planned": 3,
          "Workers Launched": 3,
          "Single Copy": false,
          "Plans": [
            {
              "Node Type": "Aggregate",
              "Strategy": "Plain",
              "Partial Mode": "Partial",
              "Parent Relationship": "Outer",
              "Parallel Aware": false,
              "Startup Cost": 122511.79,
              "Total Cost": 122511.8,
              "Plan Rows": 1,
              "Plan Width": 8,
              "Actual Startup Time": 1415.587,
              "Actual Total Time": 1415.59,
              "Actual Rows": 1,
              "Actual Loops": 4,
              "Plans": [
                {
                  "Node Type": "Nested Loop",
                  "Parent Relationship": "Outer",
                  "Parallel Aware": false,
                  "Join Type": "Inner",
                  "Startup Cost": 45581.56,
                  "Total Cost": 122027.34,
                  "Plan Rows": 193780,
                  "Plan Width": 0,
                  "Actual Startup Time": 140.765,
                  "Actual Total Time": 1334.895,
                  "Actual Rows": 1484634,
                  "Actual Loops": 4,
                  "Inner Unique": false,
                  "Join Filter": "(t.id = ci.movie_id)",
                  "Rows Removed by Join Filter": 0,
                  "Plans": [
                    {
                      "Node Type": "Hash Join",
                      "Parent Relationship": "Outer",
                      "Parallel Aware": true,
                      "Join Type": "Inner",
                      "Startup Cost": 45581.0,
                      "Total Cost": 91121.76,
                      "Plan Rows": 13980,
                      "Plan Width": 8,
                      "Actual Startup Time": 140.688,
                      "Actual Total Time": 286.282,
                      "Actual Rows": 18807,
                      "Actual Loops": 4,
                      "Inner Unique": true,
                      "Hash Cond": "(mk.movie_id = t.id)",
                      "Plans": [
                        {
                          "Node Type": "Seq Scan",
                          "Parent Relationship": "Outer",
                          "Parallel Aware": true,
                          "Relation Name": "movie_keyword",
                          "Alias": "mk",
                          "Startup Cost": 0.0,
                          "Total Cost": 42695.65,
                          "Plan Rows": 1083852,
                          "Plan Width": 4,
                          "Actual Startup Time": 0.093,
                          "Actual Total Time": 118.106,
                          "Actual Rows": 837487,
                          "Actual Loops": 4,
                          "Filter": "(keyword_id > 1382)",
                          "Rows Removed by Filter": 293495
                        },
                        {
                          "Node Type": "Hash",
                          "Parent Relationship": "Inner",
                          "Parallel Aware": true,
                          "Startup Cost": 45479.1,
                          "Total Cost": 45479.1,
                          "Plan Rows": 8152,
                          "Plan Width": 4,
                          "Actual Startup Time": 104.274,
                          "Actual Total Time": 104.275,
                          "Actual Rows": 4443,
                          "Actual Loops": 4,
                          "Hash Buckets": 32768,
                          "Original Hash Buckets": 32768,
                          "Hash Batches": 1,
                          "Original Hash Batches": 1,
                          "Peak Memory Usage": 992,
                          "Plans": [
                            {
                              "Node Type": "Seq Scan",
                              "Parent Relationship": "Outer",
                              "Parallel Aware": true,
                              "Relation Name": "title",
                              "Alias": "t",
                              "Startup Cost": 0.0,
                              "Total Cost": 45479.1,
                              "Plan Rows": 8152,
                              "Plan Width": 4,
                              "Actual Startup Time": 65.077,
                              "Actual Total Time": 102.186,
                              "Actual Rows": 4443,
                              "Actual Loops": 4,
                              "Filter": "((kind_id < 2) AND (production_year = 2007))",
                              "Rows Removed by Filter": 627635
                            }
                          ]
                        }
                      ]
                    },
                    {
                      "Node Type": "Index Scan",
                      "Parent Relationship": "Inner",
                      "Parallel Aware": false,
                      "Scan Direction": "Forward",
                      "Index Name": "movie_id_cast_info",
                      "Relation Name": "cast_info",
                      "Alias": "ci",
                      "Startup Cost": 0.56,
                      "Total Cost": 1.76,
                      "Plan Rows": 36,
                      "Plan Width": 4,
                      "Actual Startup Time": 0.004,
                      "Actual Total Time": 0.047,
                      "Actual Rows": 79,
                      "Actual Loops": 75228,
                      "Index Cond": "(movie_id = mk.movie_id)",
                      "Rows Removed by Index Recheck": 0,
                      "Filter": "(person_id < 3838425)",
                      "Rows Removed by Filter": 9
                    }
                  ]
                }
              ]
            }
          ]
        }
      ]
    },
    "Planning Time": 1.433,
    "Triggers": [],
    "Execution Time": 1486.677
  }
]