[
  {
    "Plan": {
      "Node Type": "Aggregate",
      "Strategy": "Plain",
      "Partial Mode": "Finalize",
      "Parallel Aware": false,
      "Startup Cost": 250637.62,
      "Total Cost": 250637.63,
      "Plan Rows": 1,
      "Plan Width": 8,
      "Actual Startup Time": 649.644,
      "Actual Total Time": 703.903,
      "Actual Rows": 1,
      "Actual Loops": 1,
      "Plans": [
        {
          "Node Type": "Gather",
          "Parent Relationship": "Outer",
          "Parallel Aware": false,
          "Startup Cost": 250637.1,
          "Total Cost": 250637.61,
          "Plan Rows": 5,
          "Plan Width": 8,
          "Actual Startup Time": 646.973,
          "Actual Total Time": 703.888,
          "Actual Rows": 6,
          "Actual Loops": 1,
          "Workers Planned": 5,
          "Workers Launched": 5,
          "Single Copy": false,
          "Plans": [
            {
              "Node Type": "Aggregate",
              "Strategy": "Plain",
              "Partial Mode": "Partial",
              "Parent Relationship": "Outer",
              "Parallel Aware": false,
              "Startup Cost": 249637.1,
              "Total Cost": 249637.11,
              "Plan Rows": 1,
              "Plan Width": 8,
              "Actual Startup Time": 640.383,
              "Actual Total Time": 640.388,
              "Actual Rows": 1,
              "Actual Loops": 6,
              "Plans": [
                {
                  "Node Type": "Hash Join",
                  "Parent Relationship": "Outer",
                  "Parallel Aware": true,
                  "Join Type": "Inner",
                  "Startup Cost": 46946.22,
                  "Total Cost": 249098.9,
                  "Plan Rows": 215278,
                  "Plan Width": 0,
                  "Actual Startup Time": 136.087,
                  "Actual Total Time": 623.281,
                  "Actual Rows": 387090,
                  "Actual Loops": 6,
                  "Inner Unique": true,
                  "Hash Cond": "(mi.movie_id = t.id)",
                  "Plans": [
                    {
                      "Node Type": "Seq Scan",
                      "Parent Relationship": "Outer",
                      "Parallel Aware": true,
                      "Relation Name": "movie_info",
                      "Alias": "mi",
                      "Startup Cost": 0.0,
                      "Total Cost": 199108.24,
                      "Plan Rows": 1159785,
                      "Plan Width": 4,
                      "Actual Startup Time": 15.696,
                      "Actual Total Time": 331.257,
                      "Actual Rows": 978171,
                      "Actual Loops": 6,
                      "Filter": "(info_type_id > 13)",
                      "Rows Removed by Filter": 1494449
                    },
                    {
                      "Node Type": "Hash",
                      "Parent Relationship": "Inner",
                      "Parallel Aware": true,
                      "Startup Cost": 45479.59,
                      "Total Cost": 45479.59,
                      "Plan Rows": 117331,
                      "Plan Width": 4,
                      "Actual Startup Time": 104.396,
                      "Actual Total Time": 104.397,
                      "Actual Rows": 82671,
                      "Actual Loops": 6,
                      "Hash Buckets": 524288,
                      "Original Hash Buckets": 524288,
                      "Hash Batches": 1,
                      "Original Hash Batches": 1,
                      "Peak Memory Usage": 23584,
                      "Plans": [
                        {
                          "Node Type": "Seq Scan",
                          "Parent Relationship": "Outer",
                          "Parallel Aware": true,
                          "Relation Name": "title",
                          "Alias": "t",
                          "Startup Cost": 0.0,
                          "Total Cost": 45479.59,
                          "Plan Rows": 117331,
                          "Plan Width": 4,
                          "Actual Startup Time": 41.757,
                          "Actual Total Time": 74.234,
                          "Actual Rows": 82671,
                          "Actual Loops": 6,
                          "Filter": "((kind_id < 2) AND (production_year < 2009))",
                          "Rows Removed by Filter": 338714
                        }
                      ]
                    }
                  ]
                }
              ]
            }
          ]
        }
      ]
    },
    "Planning Time": 0.277,
    "Triggers": [],
    "Execution Time": 703.956
  }
]