[
  {
    "Plan": {
      "Node Type": "Aggregate",
      "Strategy": "Plain",
      "Partial Mode": "Finalize",
      "Parallel Aware": false,
      "Startup Cost": 31720.78,
      "Total Cost": 31720.79,
      "Plan Rows": 1,
      "Plan Width": 8,
      "Actual Startup Time": 111.653,
      "Actual Total Time": 119.893,
      "Actual Rows": 1,
      "Actual Loops": 1,
      "Plans": [
        {
          "Node Type": "Gather",
          "Parent Relationship": "Outer",
          "Parallel Aware": false,
          "Startup Cost": 31720.46,
          "Total Cost": 31720.77,
          "Plan Rows": 3,
          "Plan Width": 8,
          "Actual Startup Time": 111.522,
          "Actual Total Time": 119.881,
          "Actual Rows": 4,
          "Actual Loops": 1,
          "Workers Planned": 3,
          "Workers Launched": 3,
          "Single Copy": false,
          "Plans": [
            {
              "Node Type": "Aggregate",
              "Strategy": "Plain",
              "Partial Mode": "Partial",
              "Parent Relationship": "Outer",
              "Parallel Aware": false,
              "Startup Cost": 30720.46,
              "Total Cost": 30720.47,
              "Plan Rows": 1,
              "Plan Width": 8,
              "Actual Startup Time": 106.284,
              "Actual Total Time": 106.286,
              "Actual Rows": 1,
              "Actual Loops": 4,
              "Plans": [
                {
                  "Node Type": "Seq Scan",
                  "Parent Relationship": "Outer",
                  "Parallel Aware": true,
                  "Relation Name": "movie_companies",
                  "Alias": "mc",
                  "Startup Cost": 0.0,
                  "Total Cost": 29310.68,
                  "Plan Rows": 563911,
                  "Plan Width": 0,
                  "Actual Startup Time": 0.028,
                  "Actual Total Time": 83.33,
                  "Actual Rows": 439620,
                  "Actual Loops": 4,
                  "Filter": "(company_id < 25154)",
                  "Rows Removed by Filter": 212662
                }
              ]
            }
          ]
        }
      ]
    },
    "Planning Time": 0.08,
    "Triggers": [],
    "Execution Time": 119.927
  }
]