[
  {
    "Plan": {
      "Node Type": "Aggregate",
      "Strategy": "Plain",
      "Partial Mode": "Finalize",
      "Parallel Aware": false,
      "Startup Cost": 92212.86,
      "Total Cost": 92212.87,
      "Plan Rows": 1,
      "Plan Width": 8,
      "Actual Startup Time": 231.02,
      "Actual Total Time": 249.919,
      "Actual Rows": 1,
      "Actual Loops": 1,
      "Plans": [
        {
          "Node Type": "Gather",
          "Parent Relationship": "Outer",
          "Parallel Aware": false,
          "Startup Cost": 92212.54,
          "Total Cost": 92212.85,
          "Plan Rows": 3,
          "Plan Width": 8,
          "Actual Startup Time": 230.72,
          "Actual Total Time": 249.91,
          "Actual Rows": 4,
          "Actual Loops": 1,
          "Workers Planned": 3,
          "Workers Launched": 3,
          "Single Copy": false,
          "Plans": [
            {
              "Node Type": "Aggregate",
              "Strategy": "Plain",
              "Partial Mode": "Partial",
              "Parent Relationship": "Outer",
              "Parallel Aware": false,
              "Startup Cost": 91212.54,
              "Total Cost": 91212.55,
              "Plan Rows": 1,
              "Plan Width": 8,
              "Actual Startup Time": 227.11,
              "Actual Total Time": 227.114,
              "Actual Rows": 1,
              "Actual Loops": 4,
              "Plans": [
                {
                  "Node Type": "Hash Join",
                  "Parent Relationship": "Outer",
                  "Parallel Aware": true,
                  "Join Type": "Inner",
                  "Startup Cost": 45722.61,
                  "Total Cost": 91133.02,
                  "Plan Rows": 31809,
                  "Plan Width": 0,
                  "Actual Startup Time": 166.272,
                  "Actual Total Time": 227.107,
                  "Actual Rows": 1,
                  "Actual Loops": 4,
                  "Inner Unique": true,
                  "Hash Cond": "(mk.movie_id = t.id)",
                  "Plans": [
                    {
                      "Node Type": "Seq Scan",
                      "Parent Relationship": "Outer",
                      "Parallel Aware": true,
                      "Relation Name": "movie_keyword",
                      "Alias": "mk",
                      "Startup Cost": 0.0,
                      "Total Cost": 42695.65,
                      "Plan Rows": 1034193,
                      "Plan Width": 4,
                      "Actual Startup Time": 0.028,
                      "Actual Total Time": 101.574,
                      "Actual Rows": 801432,
                      "Actual Loops": 4,
                      "Filter": "(keyword_id < 13213)",
                      "Rows Removed by Filter": 329551
                    },
                    {
                      "Node Type": "Hash",
                      "Parent Relationship": "Inner",
                      "Parallel Aware": true,
                      "Startup Cost": 45479.59,
                      "Total Cost": 45479.59,
                      "Plan Rows": 19442,
                      "Plan Width": 4,
                      "Actual Startup Time": 82.007,
                      "Actual Total Time": 82.008,
                      "Actual Rows": 6,
                      "Actual Loops": 4,
                      "Hash Buckets": 131072,
                      "Original Hash Buckets": 131072,
                      "Hash Batches": 1,
                      "Original Hash Batches": 1,
                      "Peak Memory Usage": 1152,
                      "Plans": [
                        {
                          "Node Type": "Seq Scan",
                          "Parent Relationship": "Outer",
                          "Parallel Aware": true,
                          "Relation Name": "title",
                          "Alias": "t",
                          "Startup Cost": 0.0,
                          "Total Cost": 45479.59,
                          "Plan Rows": 19442,
                          "Plan Width": 4,
                          "Actual Startup Time": 30.336,
                          "Actual Total Time": 81.913,
                          "Actual Rows": 6,
                          "Actual Loops": 4,
                          "Filter": "((kind_id > 4) AND (production_year < 1938))",
                          "Rows Removed by Filter": 632072
                        }
                      ]
                    }
                  ]
                }
              ]
            }
          ]
        }
      ]
    },
    "Planning Time": 0.273,
    "Triggers": [],
    "Execution Time": 249.955
  }
]