{
  "Plan": {
    "Node Type": "Aggregate",
    "Strategy": "Plain",
    "Partial Mode": "Finalize",
    "Parallel Aware": false,
    "Startup Cost": 749923.79,
    "Total Cost": 749923.8,
    "Plan Rows": 1,
    "Plan Width": 8,
    "Actual Startup Time": 5262.736,
    "Actual Total Time": 5333.443,
    "Actual Rows": 1,
    "Actual Loops": 1,
    "Plans": [
      {
        "Node Type": "Gather",
        "Parent Relationship": "Outer",
        "Parallel Aware": false,
        "Startup Cost": 749923.68,
        "Total Cost": 749923.79,
        "Plan Rows": 1,
        "Plan Width": 8,
        "Actual Startup Time": 5257.69,
        "Actual Total Time": 5333.434,
        "Actual Rows": 2,
        "Actual Loops": 1,
        "Workers Planned": 1,
        "Workers Launched": 1,
        "Single Copy": false,
        "Plans": [
          {
            "Node Type": "Aggregate",
            "Strategy": "Plain",
            "Partial Mode": "Partial",
            "Parent Relationship": "Outer",
            "Parallel Aware": false,
            "Startup Cost": 748923.68,
            "Total Cost": 748923.69,
            "Plan Rows": 1,
            "Plan Width": 8,
            "Actual Startup Time": 5251.114,
            "Actual Total Time": 5251.12,
            "Actual Rows": 1,
            "Actual Loops": 2,
            "Plans": [
              {
                "Node Type": "Hash Join",
                "Parent Relationship": "Outer",
                "Parallel Aware": true,
                "Join Type": "Inner",
                "Startup Cost": 114501.31,
                "Total Cost": 735274.21,
                "Plan Rows": 5459788,
                "Plan Width": 0,
                "Actual Startup Time": 699.318,
                "Actual Total Time": 5032.926,
                "Actual Rows": 5420707,
                "Actual Loops": 2,
                "Inner Unique": false,
                "Hash Cond": "(ci.movie_id = t.id)",
                "Plans": [
                  {
                    "Node Type": "Seq Scan",
                    "Parent Relationship": "Outer",
                    "Parallel Aware": true,
                    "Relation Name": "cast_info",
                    "Alias": "ci",
                    "Startup Cost": 0.0,
                    "Total Cost": 519069.44,
                    "Plan Rows": 18556556,
                    "Plan Width": 4,
                    "Actual Startup Time": 0.018,
                    "Actual Total Time": 1851.671,
                    "Actual Rows": 15802604,
                    "Actual Loops": 2,
                    "Filter": "(role_id < 10)",
                    "Rows Removed by Filter": 2319568
                  },
                  {
                    "Node Type": "Hash",
                    "Parent Relationship": "Inner",
                    "Parallel Aware": true,
                    "Startup Cost": 109031.57,
                    "Total Cost": 109031.57,
                    "Plan Rows": 437579,
                    "Plan Width": 8,
                    "Actual Startup Time": 690.11,
                    "Actual Total Time": 690.114,
                    "Actual Rows": 245684,
                    "Actual Loops": 2,
                    "Hash Buckets": 1048576,
                    "Original Hash Buckets": 1048576,
                    "Hash Batches": 1,
                    "Original Hash Batches": 1,
                    "Peak Memory Usage": 27456,
                    "Plans": [
                      {
                        "Node Type": "Hash Join",
                        "Parent Relationship": "Outer",
                        "Parallel Aware": true,
                        "Join Type": "Inner",
                        "Startup Cost": 69073.56,
                        "Total Cost": 109031.57,
                        "Plan Rows": 437579,
                        "Plan Width": 8,
                        "Actual Startup Time": 378.703,
                        "Actual Total Time": 632.676,
                        "Actual Rows": 245684,
                        "Actual Loops": 2,
                        "Inner Unique": true,
                        "Hash Cond": "(mc.movie_id = t.id)",
                        "Plans": [
                          {
                            "Node Type": "Seq Scan",
                            "Parent Relationship": "Outer",
                            "Parallel Aware": true,
                            "Relation Name": "movie_companies",
                            "Alias": "mc",
                            "Startup Cost": 0.0,
                            "Total Cost": 37974.77,
                            "Plan Rows": 755522,
                            "Plan Width": 4,
                            "Actual Startup Time": 0.019,
                            "Actual Total Time": 110.004,
                            "Actual Rows": 637123,
                            "Actual Loops": 2,
                            "Filter": "(company_type_id = 1)",
                            "Rows Removed by Filter": 667442
                          },
                          {
                            "Node Type": "Hash",
                            "Parent Relationship": "Inner",
                            "Parallel Aware": true,
                            "Startup Cost": 58306.47,
                            "Total Cost": 58306.47,
                            "Plan Rows": 861367,
                            "Plan Width": 4,
                            "Actual Startup Time": 369.555,
                            "Actual Total Time": 369.556,
                            "Actual Rows": 790690,
                            "Actual Loops": 2,
                            "Hash Buckets": 2097152,
                            "Original Hash Buckets": 2097152,
                            "Hash Batches": 1,
                            "Original Hash Batches": 1,
                            "Peak Memory Usage": 78272,
                            "Plans": [
                              {
                                "Node Type": "Seq Scan",
                                "Parent Relationship": "Outer",
                                "Parallel Aware": true,
                                "Relation Name": "title",
                                "Alias": "t",
                                "Startup Cost": 0.0,
                                "Total Cost": 58306.47,
                                "Plan Rows": 861367,
                                "Plan Width": 4,
                                "Actual Startup Time": 0.044,
                                "Actual Total Time": 170.626,
                                "Actual Rows": 790690,
                                "Actual Loops": 2,
                                "Filter": "((kind_id > 1) AND (production_year > 1977))",
                                "Rows Removed by Filter": 473466
                              }
                            ]
                          }
                        ]
                      }
                    ]
                  }
                ]
              }
            ]
          }
        ]
      }
    ]
  },
  "Planning Time": 1.049,
  "Triggers": [],
  "Execution Time": 5333.542
}