{
  "Plan": {
    "Node Type": "Aggregate",
    "Strategy": "Plain",
    "Partial Mode": "Finalize",
    "Parallel Aware": false,
    "Startup Cost": 117851.77,
    "Total Cost": 117851.78,
    "Plan Rows": 1,
    "Plan Width": 8,
    "Actual Startup Time": 489.236,
    "Actual Total Time": 506.192,
    "Actual Rows": 1,
    "Actual Loops": 1,
    "Plans": [
      {
        "Node Type": "Gather",
        "Parent Relationship": "Outer",
        "Parallel Aware": false,
        "Startup Cost": 117851.66,
        "Total Cost": 117851.77,
        "Plan Rows": 1,
        "Plan Width": 8,
        "Actual Startup Time": 488.799,
        "Actual Total Time": 506.185,
        "Actual Rows": 2,
        "Actual Loops": 1,
        "Workers Planned": 1,
        "Workers Launched": 1,
        "Single Copy": false,
        "Plans": [
          {
            "Node Type": "Aggregate",
            "Strategy": "Plain",
            "Partial Mode": "Partial",
            "Parent Relationship": "Outer",
            "Parallel Aware": false,
            "Startup Cost": 116851.66,
            "Total Cost": 116851.67,
            "Plan Rows": 1,
            "Plan Width": 8,
            "Actual Startup Time": 483.202,
            "Actual Total Time": 483.206,
            "Actual Rows": 1,
            "Actual Loops": 2,
            "Plans": [
              {
                "Node Type": "Hash Join",
                "Parent Relationship": "Outer",
                "Parallel Aware": true,
                "Join Type": "Inner",
                "Startup Cost": 58670.53,
                "Total Cost": 116721.37,
                "Plan Rows": 52115,
                "Plan Width": 0,
                "Actual Startup Time": 217.473,
                "Actual Total Time": 479.395,
                "Actual Rows": 93363,
                "Actual Loops": 2,
                "Inner Unique": true,
                "Hash Cond": "(mk.movie_id = t.id)",
                "Plans": [
                  {
                    "Node Type": "Seq Scan",
                    "Parent Relationship": "Outer",
                    "Parallel Aware": true,
                    "Relation Name": "movie_keyword",
                    "Alias": "mk",
                    "Startup Cost": 0.0,
                    "Total Cost": 51065.35,
                    "Plan Rows": 2661135,
                    "Plan Width": 4,
                    "Actual Startup Time": 0.013,
                    "Actual Total Time": 148.879,
                    "Actual Rows": 2261965,
                    "Actual Loops": 2
                  },
                  {
                    "Node Type": "Hash",
                    "Parent Relationship": "Inner",
                    "Parallel Aware": true,
                    "Startup Cost": 58306.47,
                    "Total Cost": 58306.47,
                    "Plan Rows": 29125,
                    "Plan Width": 4,
                    "Actual Startup Time": 160.148,
                    "Actual Total Time": 160.149,
                    "Actual Rows": 63928,
                    "Actual Loops": 2,
                    "Hash Buckets": 131072,
                    "Original Hash Buckets": 65536,
                    "Hash Batches": 1,
                    "Original Hash Batches": 1,
                    "Peak Memory Usage": 6560,
                    "Plans": [
                      {
                        "Node Type": "Seq Scan",
                        "Parent Relationship": "Outer",
                        "Parallel Aware": true,
                        "Relation Name": "title",
                        "Alias": "t",
                        "Startup Cost": 0.0,
                        "Total Cost": 58306.47,
                        "Plan Rows": 29125,
                        "Plan Width": 4,
                        "Actual Startup Time": 90.406,
                        "Actual Total Time": 145.944,
                        "Actual Rows": 63928,
                        "Actual Loops": 2,
                        "Filter": "((kind_id < 7) AND (production_year < 1935))",
                        "Rows Removed by Filter": 1200228
                      }
                    ]
                  }
                ]
              }
            ]
          }
        ]
      }
    ]
  },
  "Planning Time": 0.444,
  "Triggers": [],
  "Execution Time": 506.261
}