[
  {
    "Plan": {
      "Node Type": "Aggregate",
      "Strategy": "Plain",
      "Partial Mode": "Finalize",
      "Parallel Aware": false,
      "Startup Cost": 33162.92,
      "Total Cost": 33162.93,
      "Plan Rows": 1,
      "Plan Width": 8,
      "Actual Startup Time": 104.324,
      "Actual Total Time": 110.914,
      "Actual Rows": 1,
      "Actual Loops": 1,
      "Plans": [
        {
          "Node Type": "Gather",
          "Parent Relationship": "Outer",
          "Parallel Aware": false,
          "Startup Cost": 33162.6,
          "Total Cost": 33162.91,
          "Plan Rows": 3,
          "Plan Width": 8,
          "Actual Startup Time": 104.204,
          "Actual Total Time": 110.907,
          "Actual Rows": 4,
          "Actual Loops": 1,
          "Workers Planned": 3,
          "Workers Launched": 3,
          "Single Copy": false,
          "Plans": [
            {
              "Node Type": "Aggregate",
              "Strategy": "Plain",
              "Partial Mode": "Partial",
              "Parent Relationship": "Outer",
              "Parallel Aware": false,
              "Startup Cost": 32162.6,
              "Total Cost": 32162.61,
              "Plan Rows": 1,
              "Plan Width": 8,
              "Actual Startup Time": 98.636,
              "Actual Total Time": 98.637,
              "Actual Rows": 1,
              "Actual Loops": 4,
              "Plans": [
                {
                  "Node Type": "Seq Scan",
                  "Parent Relationship": "Outer",
                  "Parallel Aware": true,
                  "Relation Name": "movie_companies",
                  "Alias": "mc",
                  "Startup Cost": 0.0,
                  "Total Cost": 31414.82,
                  "Plan Rows": 299114,
                  "Plan Width": 0,
                  "Actual Startup Time": 43.405,
                  "Actual Total Time": 85.009,
                  "Actual Rows": 276042,
                  "Actual Loops": 4,
                  "Filter": "((company_id > 1709) AND (company_type_id > 1))",
                  "Rows Removed by Filter": 376240
                }
              ]
            }
          ]
        }
      ]
    },
    "Planning Time": 0.178,
    "Triggers": [],
    "Execution Time": 110.972
  }
]