{
  "Plan": {
    "Node Type": "Aggregate",
    "Strategy": "Plain",
    "Partial Mode": "Finalize",
    "Parallel Aware": false,
    "Startup Cost": 272603.85,
    "Total Cost": 272603.86,
    "Plan Rows": 1,
    "Plan Width": 8,
    "Actual Startup Time": 842.017,
    "Actual Total Time": 909.185,
    "Actual Rows": 1,
    "Actual Loops": 1,
    "Plans": [
      {
        "Node Type": "Gather",
        "Parent Relationship": "Outer",
        "Parallel Aware": false,
        "Startup Cost": 272603.73,
        "Total Cost": 272603.84,
        "Plan Rows": 1,
        "Plan Width": 8,
        "Actual Startup Time": 841.395,
        "Actual Total Time": 909.176,
        "Actual Rows": 2,
        "Actual Loops": 1,
        "Workers Planned": 1,
        "Workers Launched": 1,
        "Single Copy": false,
        "Plans": [
          {
            "Node Type": "Aggregate",
            "Strategy": "Plain",
            "Partial Mode": "Partial",
            "Parent Relationship": "Outer",
            "Parallel Aware": false,
            "Startup Cost": 271603.73,
            "Total Cost": 271603.74,
            "Plan Rows": 1,
            "Plan Width": 8,
            "Actual Startup Time": 835.259,
            "Actual Total Time": 835.273,
            "Actual Rows": 1,
            "Actual Loops": 2,
            "Plans": [
              {
                "Node Type": "Nested Loop",
                "Parent Relationship": "Outer",
                "Parallel Aware": false,
                "Join Type": "Inner",
                "Startup Cost": 38832.79,
                "Total Cost": 270147.74,
                "Plan Rows": 582399,
                "Plan Width": 0,
                "Actual Startup Time": 133.364,
                "Actual Total Time": 816.766,
                "Actual Rows": 379531,
                "Actual Loops": 2,
                "Inner Unique": false,
                "Plans": [
                  {
                    "Node Type": "Hash Join",
                    "Parent Relationship": "Outer",
                    "Parallel Aware": true,
                    "Join Type": "Inner",
                    "Startup Cost": 38832.22,
                    "Total Cost": 99530.21,
                    "Plan Rows": 40645,
                    "Plan Width": 8,
                    "Actual Startup Time": 133.267,
                    "Actual Total Time": 325.398,
                    "Actual Rows": 21026,
                    "Actual Loops": 2,
                    "Inner Unique": false,
                    "Hash Cond": "(t.id = mc.movie_id)",
                    "Plans": [
                      {
                        "Node Type": "Seq Scan",
                        "Parent Relationship": "Outer",
                        "Parallel Aware": true,
                        "Relation Name": "title",
                        "Alias": "t",
                        "Startup Cost": 0.0,
                        "Total Cost": 58306.47,
                        "Plan Rows": 344388,
                        "Plan Width": 4,
                        "Actual Startup Time": 0.017,
                        "Actual Total Time": 132.543,
                        "Actual Rows": 243184,
                        "Actual Loops": 2,
                        "Filter": "((production_year < 1999) AND (kind_id = 7))",
                        "Rows Removed by Filter": 1020972
                      },
                      {
                        "Node Type": "Hash",
                        "Parent Relationship": "Inner",
                        "Parallel Aware": true,
                        "Startup Cost": 36638.19,
                        "Total Cost": 36638.19,
                        "Plan Rows": 175523,
                        "Plan Width": 4,
                        "Actual Startup Time": 127.791,
                        "Actual Total Time": 127.801,
                        "Actual Rows": 80496,
                        "Actual Loops": 2,
                        "Hash Buckets": 524288,
                        "Original Hash Buckets": 524288,
                        "Hash Batches": 1,
                        "Original Hash Batches": 1,
                        "Peak Memory Usage": 10432,
                        "Plans": [
                          {
                            "Node Type": "Bitmap Heap Scan",
                            "Parent Relationship": "Outer",
                            "Parallel Aware": true,
                            "Relation Name": "movie_companies",
                            "Alias": "mc",
                            "Startup Cost": 12662.69,
                            "Total Cost": 36638.19,
                            "Plan Rows": 175523,
                            "Plan Width": 4,
                            "Actual Startup Time": 87.257,
                            "Actual Total Time": 110.12,
                            "Actual Rows": 80496,
                            "Actual Loops": 2,
                            "Recheck Cond": "(company_id < 656)",
                            "Rows Removed by Index Recheck": 0,
                            "Filter": "(company_type_id = 2)",
                            "Rows Removed by Filter": 210458,
                            "Exact Heap Blocks": 13167,
                            "Lossy Heap Blocks": 0,
                            "Plans": [
                              {
                                "Node Type": "Bitmap Index Scan",
                                "Parent Relationship": "Outer",
                                "Parallel Aware": false,
                                "Index Name": "company_id_movie_companies",
                                "Startup Cost": 0.0,
                                "Total Cost": 12588.1,
                                "Plan Rows": 587689,
                                "Plan Width": 0,
                                "Actual Startup Time": 39.353,
                                "Actual Total Time": 39.371,
                                "Actual Rows": 581908,
                                "Actual Loops": 1,
                                "Index Cond": "(company_id < 656)"
                              }
                            ]
                          }
                        ]
                      }
                    ]
                  },
                  {
                    "Node Type": "Index Only Scan",
                    "Parent Relationship": "Inner",
                    "Parallel Aware": false,
                    "Scan Direction": "Forward",
                    "Index Name": "movie_id_cast_info",
                    "Relation Name": "cast_info",
                    "Alias": "ci",
                    "Startup Cost": 0.56,
                    "Total Cost": 3.83,
                    "Plan Rows": 37,
                    "Plan Width": 4,
                    "Actual Startup Time": 0.005,
                    "Actual Total Time": 0.022,
                    "Actual Rows": 18,
                    "Actual Loops": 42052,
                    "Index Cond": "(movie_id = t.id)",
                    "Rows Removed by Index Recheck": 0,
                    "Heap Fetches": 759062
                  }
                ]
              }
            ]
          }
        ]
      }
    ]
  },
  "Planning Time": 1.055,
  "Triggers": [],
  "Execution Time": 909.311
}