[
  {
    "Plan": {
      "Node Type": "Aggregate",
      "Strategy": "Plain",
      "Partial Mode": "Finalize",
      "Parallel Aware": false,
      "Startup Cost": 83543.44,
      "Total Cost": 83543.45,
      "Plan Rows": 1,
      "Plan Width": 8,
      "Actual Startup Time": 493.965,
      "Actual Total Time": 509.218,
      "Actual Rows": 1,
      "Actual Loops": 1,
      "Plans": [
        {
          "Node Type": "Gather",
          "Parent Relationship": "Outer",
          "Parallel Aware": false,
          "Startup Cost": 83543.12,
          "Total Cost": 83543.43,
          "Plan Rows": 3,
          "Plan Width": 8,
          "Actual Startup Time": 483.386,
          "Actual Total Time": 509.211,
          "Actual Rows": 4,
          "Actual Loops": 1,
          "Workers Planned": 3,
          "Workers Launched": 3,
          "Single Copy": false,
          "Plans": [
            {
              "Node Type": "Aggregate",
              "Strategy": "Plain",
              "Partial Mode": "Partial",
              "Parent Relationship": "Outer",
              "Parallel Aware": false,
              "Startup Cost": 82543.12,
              "Total Cost": 82543.13,
              "Plan Rows": 1,
              "Plan Width": 8,
              "Actual Startup Time": 473.449,
              "Actual Total Time": 473.453,
              "Actual Rows": 1,
              "Actual Loops": 4,
              "Plans": [
                {
                  "Node Type": "Hash Join",
                  "Parent Relationship": "Outer",
                  "Parallel Aware": true,
                  "Join Type": "Inner",
                  "Startup Cost": 49404.12,
                  "Total Cost": 81855.41,
                  "Plan Rows": 275086,
                  "Plan Width": 0,
                  "Actual Startup Time": 319.922,
                  "Actual Total Time": 465.357,
                  "Actual Rows": 193497,
                  "Actual Loops": 4,
                  "Inner Unique": true,
                  "Hash Cond": "(mc.movie_id = t.id)",
                  "Plans": [
                    {
                      "Node Type": "Seq Scan",
                      "Parent Relationship": "Outer",
                      "Parallel Aware": true,
                      "Relation Name": "movie_companies",
                      "Alias": "mc",
                      "Startup Cost": 0.0,
                      "Total Cost": 31414.82,
                      "Plan Rows": 394845,
                      "Plan Width": 4,
                      "Actual Startup Time": 32.904,
                      "Actual Total Time": 72.398,
                      "Actual Rows": 322323,
                      "Actual Loops": 4,
                      "Filter": "((company_id > 68) AND (company_type_id = 2))",
                      "Rows Removed by Filter": 329959
                    },
                    {
                      "Node Type": "Hash",
                      "Parent Relationship": "Inner",
                      "Parallel Aware": true,
                      "Startup Cost": 43899.32,
                      "Total Cost": 43899.32,
                      "Plan Rows": 440384,
                      "Plan Width": 4,
                      "Actual Startup Time": 281.484,
                      "Actual Total Time": 281.485,
                      "Actual Rows": 437258,
                      "Actual Loops": 4,
                      "Hash Buckets": 2097152,
                      "Original Hash Buckets": 2097152,
                      "Hash Batches": 1,
                      "Original Hash Batches": 1,
                      "Peak Memory Usage": 84864,
                      "Plans": [
                        {
                          "Node Type": "Seq Scan",
                          "Parent Relationship": "Outer",
                          "Parallel Aware": true,
                          "Relation Name": "title",
                          "Alias": "t",
                          "Startup Cost": 0.0,
                          "Total Cost": 43899.32,
                          "Plan Rows": 440384,
                          "Plan Width": 4,
                          "Actual Startup Time": 0.046,
                          "Actual Total Time": 113.702,
                          "Actual Rows": 437258,
                          "Actual Loops": 4,
                          "Filter": "(production_year > 1990)",
                          "Rows Removed by Filter": 194820
                        }
                      ]
                    }
                  ]
                }
              ]
            }
          ]
        }
      ]
    },
    "Planning Time": 0.34,
    "Triggers": [],
    "Execution Time": 509.266
  }
]