[
  {
    "Plan": {
      "Node Type": "Aggregate",
      "Strategy": "Plain",
      "Partial Mode": "Finalize",
      "Parallel Aware": false,
      "Startup Cost": 44739.67,
      "Total Cost": 44739.68,
      "Plan Rows": 1,
      "Plan Width": 8,
      "Actual Startup Time": 140.77,
      "Actual Total Time": 150.619,
      "Actual Rows": 1,
      "Actual Loops": 1,
      "Plans": [
        {
          "Node Type": "Gather",
          "Parent Relationship": "Outer",
          "Parallel Aware": false,
          "Startup Cost": 44739.36,
          "Total Cost": 44739.67,
          "Plan Rows": 3,
          "Plan Width": 8,
          "Actual Startup Time": 140.644,
          "Actual Total Time": 150.609,
          "Actual Rows": 4,
          "Actual Loops": 1,
          "Workers Planned": 3,
          "Workers Launched": 3,
          "Single Copy": false,
          "Plans": [
            {
              "Node Type": "Aggregate",
              "Strategy": "Plain",
              "Partial Mode": "Partial",
              "Parent Relationship": "Outer",
              "Parallel Aware": false,
              "Startup Cost": 43739.36,
              "Total Cost": 43739.37,
              "Plan Rows": 1,
              "Plan Width": 8,
              "Actual Startup Time": 133.607,
              "Actual Total Time": 133.608,
              "Actual Rows": 1,
              "Actual Loops": 4,
              "Plans": [
                {
                  "Node Type": "Seq Scan",
                  "Parent Relationship": "Outer",
                  "Parallel Aware": true,
                  "Relation Name": "movie_keyword",
                  "Alias": "mk",
                  "Startup Cost": 0.0,
                  "Total Cost": 42695.65,
                  "Plan Rows": 417481,
                  "Plan Width": 0,
                  "Actual Startup Time": 2.371,
                  "Actual Total Time": 116.63,
                  "Actual Rows": 325950,
                  "Actual Loops": 4,
                  "Filter": "(keyword_id > 13490)",
                  "Rows Removed by Filter": 805033
                }
              ]
            }
          ]
        }
      ]
    },
    "Planning Time": 0.189,
    "Triggers": [],
    "Execution Time": 150.675
  }
]