{
  "Plan": {
    "Node Type": "Aggregate",
    "Strategy": "Plain",
    "Partial Mode": "Finalize",
    "Parallel Aware": false,
    "Startup Cost": 319677.2,
    "Total Cost": 319677.21,
    "Plan Rows": 1,
    "Plan Width": 8,
    "Actual Startup Time": 1168.595,
    "Actual Total Time": 1201.16,
    "Actual Rows": 1,
    "Actual Loops": 1,
    "Plans": [
      {
        "Node Type": "Gather",
        "Parent Relationship": "Outer",
        "Parallel Aware": false,
        "Startup Cost": 319677.09,
        "Total Cost": 319677.2,
        "Plan Rows": 1,
        "Plan Width": 8,
        "Actual Startup Time": 1160.538,
        "Actual Total Time": 1201.151,
        "Actual Rows": 2,
        "Actual Loops": 1,
        "Workers Planned": 1,
        "Workers Launched": 1,
        "Single Copy": false,
        "Plans": [
          {
            "Node Type": "Aggregate",
            "Strategy": "Plain",
            "Partial Mode": "Partial",
            "Parent Relationship": "Outer",
            "Parallel Aware": false,
            "Startup Cost": 318677.09,
            "Total Cost": 318677.1,
            "Plan Rows": 1,
            "Plan Width": 8,
            "Actual Startup Time": 1154.53,
            "Actual Total Time": 1154.894,
            "Actual Rows": 1,
            "Actual Loops": 2,
            "Plans": [
              {
                "Node Type": "Hash Join",
                "Parent Relationship": "Outer",
                "Parallel Aware": true,
                "Join Type": "Inner",
                "Startup Cost": 147450.58,
                "Total Cost": 318193.52,
                "Plan Rows": 193426,
                "Plan Width": 0,
                "Actual Startup Time": 986.485,
                "Actual Total Time": 1132.882,
                "Actual Rows": 502364,
                "Actual Loops": 2,
                "Inner Unique": false,
                "Hash Cond": "(mi.movie_id = t.id)",
                "Plans": [
                  {
                    "Node Type": "Bitmap Heap Scan",
                    "Parent Relationship": "Outer",
                    "Parallel Aware": true,
                    "Relation Name": "movie_info",
                    "Alias": "mi",
                    "Startup Cost": 14428.12,
                    "Total Cost": 182276.62,
                    "Plan Rows": 468439,
                    "Plan Width": 4,
                    "Actual Startup Time": 24.822,
                    "Actual Total Time": 61.483,
                    "Actual Rows": 401070,
                    "Actual Loops": 2,
                    "Recheck Cond": "(info_type_id < 2)",
                    "Rows Removed by Index Recheck": 0,
                    "Exact Heap Blocks": 2638,
                    "Lossy Heap Blocks": 0,
                    "Plans": [
                      {
                        "Node Type": "Bitmap Index Scan",
                        "Parent Relationship": "Outer",
                        "Parallel Aware": false,
                        "Index Name": "info_type_id_movie_info",
                        "Startup Cost": 0.0,
                        "Total Cost": 14229.04,
                        "Plan Rows": 796347,
                        "Plan Width": 0,
                        "Actual Startup Time": 24.128,
                        "Actual Total Time": 24.129,
                        "Actual Rows": 802140,
                        "Actual Loops": 1,
                        "Index Cond": "(info_type_id < 2)"
                      }
                    ]
                  },
                  {
                    "Node Type": "Hash",
                    "Parent Relationship": "Inner",
                    "Parallel Aware": true,
                    "Startup Cost": 125346.19,
                    "Total Cost": 125346.19,
                    "Plan Rows": 614101,
                    "Plan Width": 8,
                    "Actual Startup Time": 952.412,
                    "Actual Total Time": 952.774,
                    "Actual Rows": 525570,
                    "Actual Loops": 2,
                    "Hash Buckets": 2097152,
                    "Original Hash Buckets": 1048576,
                    "Hash Batches": 1,
                    "Original Hash Batches": 1,
                    "Peak Memory Usage": 65728,
                    "Plans": [
                      {
                        "Node Type": "Hash Join",
                        "Parent Relationship": "Outer",
                        "Parallel Aware": true,
                        "Join Type": "Inner",
                        "Startup Cost": 91603.91,
                        "Total Cost": 125346.19,
                        "Plan Rows": 614101,
                        "Plan Width": 8,
                        "Actual Startup Time": 577.585,
                        "Actual Total Time": 818.71,
                        "Actual Rows": 525570,
                        "Actual Loops": 2,
                        "Inner Unique": true,
                        "Hash Cond": "(mk.movie_id = t.id)",
                        "Plans": [
                          {
                            "Node Type": "Bitmap Heap Scan",
                            "Parent Relationship": "Outer",
                            "Parallel Aware": true,
                            "Relation Name": "movie_keyword",
                            "Alias": "mk",
                            "Startup Cost": 22143.22,
                            "Total Cost": 54273.48,
                            "Plan Rows": 614101,
                            "Plan Width": 4,
                            "Actual Startup Time": 55.431,
                            "Actual Total Time": 151.948,
                            "Actual Rows": 525570,
                            "Actual Loops": 2,
                            "Recheck Cond": "(keyword_id < 1047)",
                            "Rows Removed by Index Recheck": 0,
                            "Exact Heap Blocks": 12946,
                            "Lossy Heap Blocks": 0,
                            "Plans": [
                              {
                                "Node Type": "Bitmap Index Scan",
                                "Parent Relationship": "Outer",
                                "Parallel Aware": false,
                                "Index Name": "keyword_id_movie_keyword",
                                "Startup Cost": 0.0,
                                "Total Cost": 21882.22,
                                "Plan Rows": 1043972,
                                "Plan Width": 0,
                                "Actual Startup Time": 51.771,
                                "Actual Total Time": 51.771,
                                "Actual Rows": 1051139,
                                "Actual Loops": 1,
                                "Index Cond": "(keyword_id < 1047)"
                              }
                            ]
                          },
                          {
                            "Node Type": "Hash",
                            "Parent Relationship": "Inner",
                            "Parallel Aware": true,
                            "Startup Cost": 50870.31,
                            "Total Cost": 50870.31,
                            "Plan Rows": 1487231,
                            "Plan Width": 4,
                            "Actual Startup Time": 506.006,
                            "Actual Total Time": 506.007,
                            "Actual Rows": 1264156,
                            "Actual Loops": 2,
                            "Hash Buckets": 4194304,
                            "Original Hash Buckets": 4194304,
                            "Hash Batches": 1,
                            "Original Hash Batches": 1,
                            "Peak Memory Usage": 131712,
                            "Plans": [
                              {
                                "Node Type": "Seq Scan",
                                "Parent Relationship": "Outer",
                                "Parallel Aware": true,
                                "Relation Name": "title",
                                "Alias": "t",
                                "Startup Cost": 0.0,
                                "Total Cost": 50870.31,
                                "Plan Rows": 1487231,
                                "Plan Width": 4,
                                "Actual Startup Time": 0.033,
                                "Actual Total Time": 153.038,
                                "Actual Rows": 1264156,
                                "Actual Loops": 2
                              }
                            ]
                          }
                        ]
                      }
                    ]
                  }
                ]
              }
            ]
          }
        ]
      }
    ]
  },
  "Planning Time": 0.876,
  "Triggers": [],
  "Execution Time": 1201.274
}