[
  {
    "Plan": {
      "Node Type": "Aggregate",
      "Strategy": "Plain",
      "Partial Mode": "Finalize",
      "Parallel Aware": false,
      "Startup Cost": 257940.82,
      "Total Cost": 257940.83,
      "Plan Rows": 1,
      "Plan Width": 8,
      "Actual Startup Time": 153.273,
      "Actual Total Time": 177.424,
      "Actual Rows": 1,
      "Actual Loops": 1,
      "Plans": [
        {
          "Node Type": "Gather",
          "Parent Relationship": "Outer",
          "Parallel Aware": false,
          "Startup Cost": 257940.4,
          "Total Cost": 257940.81,
          "Plan Rows": 4,
          "Plan Width": 8,
          "Actual Startup Time": 153.143,
          "Actual Total Time": 177.414,
          "Actual Rows": 5,
          "Actual Loops": 1,
          "Workers Planned": 4,
          "Workers Launched": 4,
          "Single Copy": false,
          "Plans": [
            {
              "Node Type": "Aggregate",
              "Strategy": "Plain",
              "Partial Mode": "Partial",
              "Parent Relationship": "Outer",
              "Parallel Aware": false,
              "Startup Cost": 256940.4,
              "Total Cost": 256940.41,
              "Plan Rows": 1,
              "Plan Width": 8,
              "Actual Startup Time": 144.034,
              "Actual Total Time": 144.036,
              "Actual Rows": 1,
              "Actual Loops": 5,
              "Plans": [
                {
                  "Node Type": "Nested Loop",
                  "Parent Relationship": "Outer",
                  "Parallel Aware": false,
                  "Join Type": "Inner",
                  "Startup Cost": 0.56,
                  "Total Cost": 256904.29,
                  "Plan Rows": 14445,
                  "Plan Width": 0,
                  "Actual Startup Time": 0.781,
                  "Actual Total Time": 143.409,
                  "Actual Rows": 7284,
                  "Actual Loops": 5,
                  "Inner Unique": false,
                  "Plans": [
                    {
                      "Node Type": "Seq Scan",
                      "Parent Relationship": "Outer",
                      "Parallel Aware": true,
                      "Relation Name": "title",
                      "Alias": "t",
                      "Startup Cost": 0.0,
                      "Total Cost": 45479.1,
                      "Plan Rows": 2228,
                      "Plan Width": 4,
                      "Actual Startup Time": 0.119,
                      "Actual Total Time": 69.795,
                      "Actual Rows": 1764,
                      "Actual Loops": 5,
                      "Filter": "((kind_id = 7) AND (production_year = 1967))",
                      "Rows Removed by Filter": 503899
                    },
                    {
                      "Node Type": "Index Scan",
                      "Parent Relationship": "Inner",
                      "Parallel Aware": false,
                      "Scan Direction": "Forward",
                      "Index Name": "movie_id_cast_info",
                      "Relation Name": "cast_info",
                      "Alias": "ci",
                      "Startup Cost": 0.56,
                      "Total Cost": 94.72,
                      "Plan Rows": 17,
                      "Plan Width": 4,
                      "Actual Startup Time": 0.031,
                      "Actual Total Time": 0.041,
                      "Actual Rows": 4,
                      "Actual Loops": 8818,
                      "Index Cond": "(movie_id = t.id)",
                      "Rows Removed by Index Recheck": 0,
                      "Filter": "(role_id > 2)",
                      "Rows Removed by Filter": 7
                    }
                  ]
                }
              ]
            }
          ]
        }
      ]
    },
    "Planning Time": 0.708,
    "Triggers": [],
    "Execution Time": 177.505
  }
]