{
    "Plan": {
        "Node Type": "Aggregate",
        "Strategy": "Plain",
        "Partial Mode": "Simple",
        "Parallel Aware": false,
        "Startup Cost": 10000685634.54,
        "Total Cost": 10000685634.55,
        "Plan Rows": 1,
        "Plan Width": 8,
        "Actual Startup Time": 3658.87,
        "Actual Total Time": 3658.874,
        "Actual Rows": 1,
        "Actual Loops": 1,
        "Output": [
            "count(*)"
        ],
        "Plans": [
            {
                "Node Type": "Hash Join",
                "Parent Relationship": "Outer",
                "Parallel Aware": false,
                "Join Type": "Inner",
                "Startup Cost": 10000299049.47,
                "Total Cost": 10000683461.77,
                "Plan Rows": 869107,
                "Plan Width": 0,
                "Actual Startup Time": 1117.321,
                "Actual Total Time": 3630.393,
                "Actual Rows": 648804,
                "Actual Loops": 1,
                "Inner Unique": false,
                "Hash Cond": "(t.id = mi_idx.movie_id)",
                "Plans": [
                    {
                        "Node Type": "Hash Join",
                        "Parent Relationship": "Outer",
                        "Parallel Aware": false,
                        "Join Type": "Inner",
                        "Startup Cost": 228168.22,
                        "Total Cost": 593937.78,
                        "Plan Rows": 1592266,
                        "Plan Width": 8,
                        "Actual Startup Time": 670.715,
                        "Actual Total Time": 2837.238,
                        "Actual Rows": 1114409,
                        "Actual Loops": 1,
                        "Output": [
                            "t.id",
                            "ci.movie_id"
                        ],
                        "Inner Unique": true,
                        "Hash Cond": "(ci.movie_id = t.id)",
                        "Plans": [
                            {
                                "Node Type": "Bitmap Heap Scan",
                                "Parent Relationship": "Outer",
                                "Parallel Aware": false,
                                "Relation Name": "cast_info",
                                "Schema": "public",
                                "Alias": "ci",
                                "Startup Cost": 134991.68,
                                "Total Cost": 481135.32,
                                "Plan Rows": 7476531,
                                "Plan Width": 4,
                                "Actual Startup Time": 248.033,
                                "Actual Total Time": 970.003,
                                "Actual Rows": 7451973,
                                "Actual Loops": 1,
                                "Output": [
                                    "ci.id",
                                    "ci.person_id",
                                    "ci.movie_id",
                                    "ci.person_role_id",
                                    "ci.note",
                                    "ci.nr_order",
                                    "ci.role_id"
                                ],
                                "Recheck Cond": "(ci.role_id = 2)",
                                "Rows Removed by Index Recheck": 0,
                                "Exact Heap Blocks": 49087,
                                "Lossy Heap Blocks": 0,
                                "Plans": [
                                    {
                                        "Node Type": "Bitmap Index Scan",
                                        "Parent Relationship": "Outer",
                                        "Parallel Aware": false,
                                        "Index Name": "role_id_cast_info",
                                        "Startup Cost": 0.0,
                                        "Total Cost": 133122.55,
                                        "Plan Rows": 7476531,
                                        "Plan Width": 0,
                                        "Actual Startup Time": 241.283,
                                        "Actual Total Time": 241.283,
                                        "Actual Rows": 7451973,
                                        "Actual Loops": 1,
                                        "Index Cond": "(ci.role_id = 2)"
                                    }
                                ]
                            },
                            {
                                "Node Type": "Hash",
                                "Parent Relationship": "Inner",
                                "Parallel Aware": false,
                                "Startup Cost": 86445.88,
                                "Total Cost": 86445.88,
                                "Plan Rows": 538453,
                                "Plan Width": 4,
                                "Actual Startup Time": 412.489,
                                "Actual Total Time": 412.491,
                                "Actual Rows": 428248,
                                "Actual Loops": 1,
                                "Output": [
                                    "t.id"
                                ],
                                "Hash Buckets": 1048576,
                                "Original Hash Buckets": 1048576,
                                "Hash Batches": 1,
                                "Original Hash Batches": 1,
                                "Peak Memory Usage": 23248,
                                "Plans": [
                                    {
                                        "Node Type": "Bitmap Heap Scan",
                                        "Parent Relationship": "Outer",
                                        "Parallel Aware": false,
                                        "Relation Name": "title",
                                        "Schema": "public",
                                        "Alias": "t",
                                        "Startup Cost": 27455.32,
                                        "Total Cost": 86445.88,
                                        "Plan Rows": 538453,
                                        "Plan Width": 4,
                                        "Actual Startup Time": 64.603,
                                        "Actual Total Time": 310.781,
                                        "Actual Rows": 428248,
                                        "Actual Loops": 1,
                                        "Output": [
                                            "t.id"
                                        ],
                                        "Recheck Cond": "(t.kind_id = 7)",
                                        "Rows Removed by Index Recheck": 0,
                                        "Filter": "(t.production_year < 1997)",
                                        "Rows Removed by Filter": 1115016,
                                        "Exact Heap Blocks": 24710,
                                        "Lossy Heap Blocks": 0,
                                        "Plans": [
                                            {
                                                "Node Type": "Bitmap Index Scan",
                                                "Parent Relationship": "Outer",
                                                "Parallel Aware": false,
                                                "Index Name": "kind_id_title",
                                                "Startup Cost": 0.0,
                                                "Total Cost": 27320.71,
                                                "Plan Rows": 1532837,
                                                "Plan Width": 0,
                                                "Actual Startup Time": 61.51,
                                                "Actual Total Time": 61.511,
                                                "Actual Rows": 1543264,
                                                "Actual Loops": 1,
                                                "Index Cond": "(t.kind_id = 7)"
                                            }
                                        ]
                                    }
                                ]
                            }
                        ]
                    },
                    {
                        "Node Type": "Hash",
                        "Parent Relationship": "Inner",
                        "Parallel Aware": false,
                        "Startup Cost": 10000053630.81,
                        "Total Cost": 10000053630.81,
                        "Plan Rows": 1380035,
                        "Plan Width": 4,
                        "Actual Startup Time": 438.535,
                        "Actual Total Time": 438.535,
                        "Actual Rows": 1380035,
                        "Actual Loops": 1,
                        "Output": [
                            "mi_idx.movie_id"
                        ],
                        "Hash Buckets": 2097152,
                        "Original Hash Buckets": 2097152,
                        "Hash Batches": 1,
                        "Original Hash Batches": 1,
                        "Peak Memory Usage": 64901,
                        "Plans": [
                            {
                                "Node Type": "Index Scan",
                                "Parent Relationship": "Outer",
                                "Parallel Aware": false,
                                "Scan Direction": "Forward",
                                "Index Name": "movie_id_movie_info_idx",
                                "Relation Name": "movie_info_idx",
                                "Schema": "public",
                                "Alias": "mi_idx",
                                "Startup Cost": 10000000000.43,
                                "Total Cost": 10000053630.81,
                                "Plan Rows": 1380035,
                                "Plan Width": 4,
                                "Actual Startup Time": 0.034,
                                "Actual Total Time": 224.245,
                                "Actual Rows": 1380035,
                                "Actual Loops": 1,
                                "Output": [
                                    "mi_idx.movie_id"
                                ]
                            }
                        ]
                    }
                ]
            }
        ]
    },
    "Planning Time": 3.441,
    "Triggers": [],
    "Execution Time": 3661.552
}