[
  {
    "Plan": {
      "Node Type": "Aggregate",
      "Strategy": "Plain",
      "Partial Mode": "Simple",
      "Parallel Aware": false,
      "Startup Cost": 28293.14,
      "Total Cost": 28293.15,
      "Plan Rows": 1,
      "Plan Width": 8,
      "Actual Startup Time": 73.336,
      "Actual Total Time": 73.337,
      "Actual Rows": 1,
      "Actual Loops": 1,
      "Plans": [
        {
          "Node Type": "Bitmap Heap Scan",
          "Parent Relationship": "Outer",
          "Parallel Aware": false,
          "Relation Name": "movie_keyword",
          "Alias": "mk",
          "Startup Cost": 2249.66,
          "Total Cost": 28028.22,
          "Plan Rows": 105965,
          "Plan Width": 0,
          "Actual Startup Time": 14.011,
          "Actual Total Time": 65.827,
          "Actual Rows": 111546,
          "Actual Loops": 1,
          "Recheck Cond": "(keyword_id < 110)",
          "Rows Removed by Index Recheck": 0,
          "Exact Heap Blocks": 22247,
          "Lossy Heap Blocks": 0,
          "Plans": [
            {
              "Node Type": "Bitmap Index Scan",
              "Parent Relationship": "Outer",
              "Parallel Aware": false,
              "Index Name": "keyword_id_movie_keyword",
              "Startup Cost": 0.0,
              "Total Cost": 2223.17,
              "Plan Rows": 105965,
              "Plan Width": 0,
              "Actual Startup Time": 9.355,
              "Actual Total Time": 9.355,
              "Actual Rows": 111546,
              "Actual Loops": 1,
              "Index Cond": "(keyword_id < 110)"
            }
          ]
        }
      ]
    },
    "Planning Time": 0.071,
    "Triggers": [],
    "Execution Time": 73.368
  }
]