[
  {
    "Plan": {
      "Node Type": "Aggregate",
      "Strategy": "Plain",
      "Partial Mode": "Finalize",
      "Parallel Aware": false,
      "Startup Cost": 213287.4,
      "Total Cost": 213287.41,
      "Plan Rows": 1,
      "Plan Width": 8,
      "Actual Startup Time": 181.221,
      "Actual Total Time": 192.905,
      "Actual Rows": 1,
      "Actual Loops": 1,
      "Plans": [
        {
          "Node Type": "Gather",
          "Parent Relationship": "Outer",
          "Parallel Aware": false,
          "Startup Cost": 213286.88,
          "Total Cost": 213287.39,
          "Plan Rows": 5,
          "Plan Width": 8,
          "Actual Startup Time": 175.428,
          "Actual Total Time": 192.896,
          "Actual Rows": 6,
          "Actual Loops": 1,
          "Workers Planned": 5,
          "Workers Launched": 5,
          "Single Copy": false,
          "Plans": [
            {
              "Node Type": "Aggregate",
              "Strategy": "Plain",
              "Partial Mode": "Partial",
              "Parent Relationship": "Outer",
              "Parallel Aware": false,
              "Startup Cost": 212286.88,
              "Total Cost": 212286.89,
              "Plan Rows": 1,
              "Plan Width": 8,
              "Actual Startup Time": 166.124,
              "Actual Total Time": 166.129,
              "Actual Rows": 1,
              "Actual Loops": 6,
              "Plans": [
                {
                  "Node Type": "Hash Join",
                  "Parent Relationship": "Outer",
                  "Parallel Aware": true,
                  "Join Type": "Inner",
                  "Startup Cost": 48504.0,
                  "Total Cost": 212268.53,
                  "Plan Rows": 7339,
                  "Plan Width": 0,
                  "Actual Startup Time": 150.909,
                  "Actual Total Time": 165.002,
                  "Actual Rows": 18838,
                  "Actual Loops": 6,
                  "Inner Unique": true,
                  "Hash Cond": "(mi.movie_id = t.id)",
                  "Plans": [
                    {
                      "Node Type": "Bitmap Heap Scan",
                      "Parent Relationship": "Outer",
                      "Parallel Aware": true,
                      "Relation Name": "movie_info",
                      "Alias": "mi",
                      "Startup Cost": 2541.64,
                      "Total Cost": 166232.39,
                      "Plan Rows": 28109,
                      "Plan Width": 4,
                      "Actual Startup Time": 14.843,
                      "Actual Total Time": 19.978,
                      "Actual Rows": 23344,
                      "Actual Loops": 6,
                      "Recheck Cond": "(info_type_id = 9)",
                      "Rows Removed by Index Recheck": 0,
                      "Exact Heap Blocks": 347,
                      "Lossy Heap Blocks": 0,
                      "Plans": [
                        {
                          "Node Type": "Bitmap Index Scan",
                          "Parent Relationship": "Outer",
                          "Parallel Aware": false,
                          "Index Name": "info_type_id_movie_info",
                          "Startup Cost": 0.0,
                          "Total Cost": 2506.51,
                          "Plan Rows": 140543,
                          "Plan Width": 0,
                          "Actual Startup Time": 10.755,
                          "Actual Total Time": 10.755,
                          "Actual Rows": 140065,
                          "Actual Loops": 1,
                          "Index Cond": "(info_type_id = 9)"
                        }
                      ]
                    },
                    {
                      "Node Type": "Hash",
                      "Parent Relationship": "Inner",
                      "Parallel Aware": true,
                      "Startup Cost": 43899.32,
                      "Total Cost": 43899.32,
                      "Plan Rows": 165043,
                      "Plan Width": 4,
                      "Actual Startup Time": 130.657,
                      "Actual Total Time": 130.658,
                      "Actual Rows": 110471,
                      "Actual Loops": 6,
                      "Hash Buckets": 1048576,
                      "Original Hash Buckets": 1048576,
                      "Hash Batches": 1,
                      "Original Hash Batches": 1,
                      "Peak Memory Usage": 34208,
                      "Plans": [
                        {
                          "Node Type": "Seq Scan",
                          "Parent Relationship": "Outer",
                          "Parallel Aware": true,
                          "Relation Name": "title",
                          "Alias": "t",
                          "Startup Cost": 0.0,
                          "Total Cost": 43899.32,
                          "Plan Rows": 165043,
                          "Plan Width": 4,
                          "Actual Startup Time": 39.439,
                          "Actual Total Time": 81.001,
                          "Actual Rows": 110471,
                          "Actual Loops": 6,
                          "Filter": "(kind_id < 2)",
                          "Rows Removed by Filter": 310914
                        }
                      ]
                    }
                  ]
                }
              ]
            }
          ]
        }
      ]
    },
    "Planning Time": 0.55,
    "Triggers": [],
    "Execution Time": 192.998
  }
]