{
    "Plan": {
        "Node Type": "Aggregate",
        "Strategy": "Plain",
        "Partial Mode": "Finalize",
        "Parallel Aware": false,
        "Startup Cost": 26683.65,
        "Total Cost": 26683.66,
        "Plan Rows": 1,
        "Plan Width": 8,
        "Actual Startup Time": 106.493,
        "Actual Total Time": 116.369,
        "Actual Rows": 1,
        "Actual Loops": 1,
        "Output": [
            "count(*)"
        ],
        "Plans": [
            {
                "Node Type": "Gather",
                "Parent Relationship": "Outer",
                "Parallel Aware": false,
                "Startup Cost": 26683.33,
                "Total Cost": 26683.64,
                "Plan Rows": 3,
                "Plan Width": 8,
                "Actual Startup Time": 106.161,
                "Actual Total Time": 116.357,
                "Actual Rows": 4,
                "Actual Loops": 1,
                "Output": [
                    "(PARTIAL count(*))"
                ],
                "Workers Planned": 3,
                "Workers Launched": 3,
                "Single Copy": false,
                "Plans": [
                    {
                        "Node Type": "Aggregate",
                        "Strategy": "Plain",
                        "Partial Mode": "Partial",
                        "Parent Relationship": "Outer",
                        "Parallel Aware": false,
                        "Startup Cost": 25683.33,
                        "Total Cost": 25683.34,
                        "Plan Rows": 1,
                        "Plan Width": 8,
                        "Actual Startup Time": 96.326,
                        "Actual Total Time": 96.328,
                        "Actual Rows": 1,
                        "Actual Loops": 4,
                        "Output": [
                            "PARTIAL count(*)"
                        ],
                        "Workers": [
                            {
                                "Worker Number": 0,
                                "Actual Startup Time": 92.641,
                                "Actual Total Time": 92.643,
                                "Actual Rows": 1,
                                "Actual Loops": 1
                            },
                            {
                                "Worker Number": 1,
                                "Actual Startup Time": 93.571,
                                "Actual Total Time": 93.573,
                                "Actual Rows": 1,
                                "Actual Loops": 1
                            },
                            {
                                "Worker Number": 2,
                                "Actual Startup Time": 94.029,
                                "Actual Total Time": 94.031,
                                "Actual Rows": 1,
                                "Actual Loops": 1
                            }
                        ],
                        "Plans": [
                            {
                                "Node Type": "Bitmap Heap Scan",
                                "Parent Relationship": "Outer",
                                "Parallel Aware": true,
                                "Relation Name": "movie_companies",
                                "Schema": "public",
                                "Alias": "mc",
                                "Startup Cost": 5635.33,
                                "Total Cost": 25473.66,
                                "Plan Rows": 83867,
                                "Plan Width": 0,
                                "Actual Startup Time": 26.743,
                                "Actual Total Time": 89.95,
                                "Actual Rows": 64726,
                                "Actual Loops": 4,
                                "Recheck Cond": "(mc.company_id < 129)",
                                "Rows Removed by Index Recheck": 0,
                                "Exact Heap Blocks": 5284,
                                "Lossy Heap Blocks": 0,
                                "Workers": [
                                    {
                                        "Worker Number": 0,
                                        "Actual Startup Time": 23.173,
                                        "Actual Total Time": 86.422,
                                        "Actual Rows": 54094,
                                        "Actual Loops": 1
                                    },
                                    {
                                        "Worker Number": 1,
                                        "Actual Startup Time": 24.048,
                                        "Actual Total Time": 87.445,
                                        "Actual Rows": 54044,
                                        "Actual Loops": 1
                                    },
                                    {
                                        "Worker Number": 2,
                                        "Actual Startup Time": 24.53,
                                        "Actual Total Time": 87.805,
                                        "Actual Rows": 55111,
                                        "Actual Loops": 1
                                    }
                                ],
                                "Plans": [
                                    {
                                        "Node Type": "Bitmap Index Scan",
                                        "Parent Relationship": "Outer",
                                        "Parallel Aware": false,
                                        "Index Name": "company_id_movie_companies",
                                        "Startup Cost": 0.0,
                                        "Total Cost": 5570.33,
                                        "Plan Rows": 259987,
                                        "Plan Width": 0,
                                        "Actual Startup Time": 31.145,
                                        "Actual Total Time": 31.145,
                                        "Actual Rows": 258903,
                                        "Actual Loops": 1,
                                        "Index Cond": "(mc.company_id < 129)"
                                    }
                                ]
                            }
                        ]
                    }
                ]
            }
        ]
    },
    "Planning Time": 2.073,
    "Triggers": [],
    "Execution Time": 116.684
}