[
  {
    "Plan": {
      "Node Type": "Aggregate",
      "Strategy": "Plain",
      "Partial Mode": "Finalize",
      "Parallel Aware": false,
      "Startup Cost": 95915.84,
      "Total Cost": 95915.85,
      "Plan Rows": 1,
      "Plan Width": 8,
      "Actual Startup Time": 545.824,
      "Actual Total Time": 564.841,
      "Actual Rows": 1,
      "Actual Loops": 1,
      "Plans": [
        {
          "Node Type": "Gather",
          "Parent Relationship": "Outer",
          "Parallel Aware": false,
          "Startup Cost": 95915.63,
          "Total Cost": 95915.84,
          "Plan Rows": 2,
          "Plan Width": 8,
          "Actual Startup Time": 542.132,
          "Actual Total Time": 564.833,
          "Actual Rows": 3,
          "Actual Loops": 1,
          "Workers Planned": 2,
          "Workers Launched": 2,
          "Single Copy": false,
          "Plans": [
            {
              "Node Type": "Aggregate",
              "Strategy": "Plain",
              "Partial Mode": "Partial",
              "Parent Relationship": "Outer",
              "Parallel Aware": false,
              "Startup Cost": 94915.63,
              "Total Cost": 94915.64,
              "Plan Rows": 1,
              "Plan Width": 8,
              "Actual Startup Time": 536.424,
              "Actual Total Time": 536.548,
              "Actual Rows": 1,
              "Actual Loops": 3,
              "Plans": [
                {
                  "Node Type": "Hash Join",
                  "Parent Relationship": "Outer",
                  "Parallel Aware": true,
                  "Join Type": "Inner",
                  "Startup Cost": 78709.34,
                  "Total Cost": 94756.33,
                  "Plan Rows": 63718,
                  "Plan Width": 0,
                  "Actual Startup Time": 448.167,
                  "Actual Total Time": 525.531,
                  "Actual Rows": 231176,
                  "Actual Loops": 3,
                  "Inner Unique": false,
                  "Hash Cond": "(mi_idx.movie_id = t.id)",
                  "Plans": [
                    {
                      "Node Type": "Seq Scan",
                      "Parent Relationship": "Outer",
                      "Parallel Aware": true,
                      "Relation Name": "movie_info_idx",
                      "Alias": "mi_idx",
                      "Startup Cost": 0.0,
                      "Total Cost": 13685.15,
                      "Plan Rows": 575015,
                      "Plan Width": 4,
                      "Actual Startup Time": 0.018,
                      "Actual Total Time": 39.011,
                      "Actual Rows": 460012,
                      "Actual Loops": 3
                    },
                    {
                      "Node Type": "Hash",
                      "Parent Relationship": "Inner",
                      "Parallel Aware": true,
                      "Startup Cost": 77579.59,
                      "Total Cost": 77579.59,
                      "Plan Rows": 90380,
                      "Plan Width": 8,
                      "Actual Startup Time": 406.781,
                      "Actual Total Time": 406.904,
                      "Actual Rows": 132074,
                      "Actual Loops": 3,
                      "Hash Buckets": 524288,
                      "Original Hash Buckets": 524288,
                      "Hash Batches": 1,
                      "Original Hash Batches": 1,
                      "Peak Memory Usage": 19616,
                      "Plans": [
                        {
                          "Node Type": "Hash Join",
                          "Parent Relationship": "Outer",
                          "Parallel Aware": true,
                          "Join Type": "Inner",
                          "Startup Cost": 47139.79,
                          "Total Cost": 77579.59,
                          "Plan Rows": 90380,
                          "Plan Width": 8,
                          "Actual Startup Time": 274.178,
                          "Actual Total Time": 369.178,
                          "Actual Rows": 132074,
                          "Actual Loops": 3,
                          "Inner Unique": true,
                          "Hash Cond": "(mc.movie_id = t.id)",
                          "Plans": [
                            {
                              "Node Type": "Seq Scan",
                              "Parent Relationship": "Outer",
                              "Parallel Aware": true,
                              "Relation Name": "movie_companies",
                              "Alias": "mc",
                              "Startup Cost": 0.0,
                              "Total Cost": 29310.68,
                              "Plan Rows": 430142,
                              "Plan Width": 4,
                              "Actual Startup Time": 37.884,
                              "Actual Total Time": 90.391,
                              "Actual Rows": 444961,
                              "Actual Loops": 3,
                              "Filter": "(company_type_id = 2)",
                              "Rows Removed by Filter": 424749
                            },
                            {
                              "Node Type": "Hash",
                              "Parent Relationship": "Inner",
                              "Parallel Aware": true,
                              "Startup Cost": 45479.59,
                              "Total Cost": 45479.59,
                              "Plan Rows": 132816,
                              "Plan Width": 4,
                              "Actual Startup Time": 185.672,
                              "Actual Total Time": 185.673,
                              "Actual Rows": 136034,
                              "Actual Loops": 3,
                              "Hash Buckets": 1048576,
                              "Original Hash Buckets": 1048576,
                              "Hash Batches": 1,
                              "Original Hash Batches": 1,
                              "Peak Memory Usage": 24192,
                              "Plans": [
                                {
                                  "Node Type": "Seq Scan",
                                  "Parent Relationship": "Outer",
                                  "Parallel Aware": true,
                                  "Relation Name": "title",
                                  "Alias": "t",
                                  "Startup Cost": 0.0,
                                  "Total Cost": 45479.59,
                                  "Plan Rows": 132816,
                                  "Plan Width": 4,
                                  "Actual Startup Time": 53.092,
                                  "Actual Total Time": 135.339,
                                  "Actual Rows": 136034,
                                  "Actual Loops": 3,
                                  "Filter": "((production_year > 1974) AND (kind_id = 1))",
                                  "Rows Removed by Filter": 706737
                                }
                              ]
                            }
                          ]
                        }
                      ]
                    }
                  ]
                }
              ]
            }
          ]
        }
      ]
    },
    "Planning Time": 0.919,
    "Triggers": [],
    "Execution Time": 564.902
  }
]