[
  {
    "Plan": {
      "Node Type": "Aggregate",
      "Strategy": "Plain",
      "Partial Mode": "Finalize",
      "Parallel Aware": false,
      "Startup Cost": 34253.58,
      "Total Cost": 34253.59,
      "Plan Rows": 1,
      "Plan Width": 8,
      "Actual Startup Time": 36.132,
      "Actual Total Time": 40.234,
      "Actual Rows": 1,
      "Actual Loops": 1,
      "Plans": [
        {
          "Node Type": "Gather",
          "Parent Relationship": "Outer",
          "Parallel Aware": false,
          "Startup Cost": 34253.37,
          "Total Cost": 34253.58,
          "Plan Rows": 2,
          "Plan Width": 8,
          "Actual Startup Time": 35.963,
          "Actual Total Time": 40.229,
          "Actual Rows": 3,
          "Actual Loops": 1,
          "Workers Planned": 2,
          "Workers Launched": 2,
          "Single Copy": false,
          "Plans": [
            {
              "Node Type": "Aggregate",
              "Strategy": "Plain",
              "Partial Mode": "Partial",
              "Parent Relationship": "Outer",
              "Parallel Aware": false,
              "Startup Cost": 33253.37,
              "Total Cost": 33253.38,
              "Plan Rows": 1,
              "Plan Width": 8,
              "Actual Startup Time": 28.258,
              "Actual Total Time": 28.259,
              "Actual Rows": 1,
              "Actual Loops": 3,
              "Plans": [
                {
                  "Node Type": "Nested Loop",
                  "Parent Relationship": "Outer",
                  "Parallel Aware": false,
                  "Join Type": "Inner",
                  "Startup Cost": 137.95,
                  "Total Cost": 33252.16,
                  "Plan Rows": 482,
                  "Plan Width": 0,
                  "Actual Startup Time": 5.087,
                  "Actual Total Time": 28.234,
                  "Actual Rows": 104,
                  "Actual Loops": 3,
                  "Inner Unique": true,
                  "Plans": [
                    {
                      "Node Type": "Bitmap Heap Scan",
                      "Parent Relationship": "Outer",
                      "Parallel Aware": true,
                      "Relation Name": "movie_keyword",
                      "Alias": "mk",
                      "Startup Cost": 137.52,
                      "Total Cost": 14545.79,
                      "Plan Rows": 2639,
                      "Plan Width": 4,
                      "Actual Startup Time": 1.443,
                      "Actual Total Time": 8.102,
                      "Actual Rows": 2856,
                      "Actual Loops": 3,
                      "Recheck Cond": "(keyword_id = 3636)",
                      "Rows Removed by Index Recheck": 0,
                      "Exact Heap Blocks": 3271,
                      "Lossy Heap Blocks": 0,
                      "Plans": [
                        {
                          "Node Type": "Bitmap Index Scan",
                          "Parent Relationship": "Outer",
                          "Parallel Aware": false,
                          "Index Name": "keyword_id_movie_keyword",
                          "Startup Cost": 0.0,
                          "Total Cost": 135.94,
                          "Plan Rows": 6334,
                          "Plan Width": 0,
                          "Actual Startup Time": 3.141,
                          "Actual Total Time": 3.141,
                          "Actual Rows": 8567,
                          "Actual Loops": 1,
                          "Index Cond": "(keyword_id = 3636)"
                        }
                      ]
                    },
                    {
                      "Node Type": "Index Scan",
                      "Parent Relationship": "Inner",
                      "Parallel Aware": false,
                      "Scan Direction": "Forward",
                      "Index Name": "title_pkey",
                      "Relation Name": "title",
                      "Alias": "t",
                      "Startup Cost": 0.43,
                      "Total Cost": 7.09,
                      "Plan Rows": 1,
                      "Plan Width": 4,
                      "Actual Startup Time": 0.007,
                      "Actual Total Time": 0.007,
                      "Actual Rows": 0,
                      "Actual Loops": 8567,
                      "Index Cond": "(id = mk.movie_id)",
                      "Rows Removed by Index Recheck": 0,
                      "Filter": "((kind_id < 3) AND (production_year > 1997))",
                      "Rows Removed by Filter": 1
                    }
                  ]
                }
              ]
            }
          ]
        }
      ]
    },
    "Planning Time": 0.356,
    "Triggers": [],
    "Execution Time": 40.289
  }
]