[
  {
    "Plan": {
      "Node Type": "Aggregate",
      "Strategy": "Plain",
      "Partial Mode": "Finalize",
      "Parallel Aware": false,
      "Startup Cost": 33070.42,
      "Total Cost": 33070.43,
      "Plan Rows": 1,
      "Plan Width": 8,
      "Actual Startup Time": 99.229,
      "Actual Total Time": 107.566,
      "Actual Rows": 1,
      "Actual Loops": 1,
      "Plans": [
        {
          "Node Type": "Gather",
          "Parent Relationship": "Outer",
          "Parallel Aware": false,
          "Startup Cost": 33070.11,
          "Total Cost": 33070.42,
          "Plan Rows": 3,
          "Plan Width": 8,
          "Actual Startup Time": 99.09,
          "Actual Total Time": 107.557,
          "Actual Rows": 4,
          "Actual Loops": 1,
          "Workers Planned": 3,
          "Workers Launched": 3,
          "Single Copy": false,
          "Plans": [
            {
              "Node Type": "Aggregate",
              "Strategy": "Plain",
              "Partial Mode": "Partial",
              "Parent Relationship": "Outer",
              "Parallel Aware": false,
              "Startup Cost": 32070.11,
              "Total Cost": 32070.12,
              "Plan Rows": 1,
              "Plan Width": 8,
              "Actual Startup Time": 93.015,
              "Actual Total Time": 93.016,
              "Actual Rows": 1,
              "Actual Loops": 4,
              "Plans": [
                {
                  "Node Type": "Seq Scan",
                  "Parent Relationship": "Outer",
                  "Parallel Aware": true,
                  "Relation Name": "movie_companies",
                  "Alias": "mc",
                  "Startup Cost": 0.0,
                  "Total Cost": 31414.82,
                  "Plan Rows": 262115,
                  "Plan Width": 0,
                  "Actual Startup Time": 2.709,
                  "Actual Total Time": 84.64,
                  "Actual Rows": 151652,
                  "Actual Loops": 4,
                  "Filter": "((company_id > 3638) AND (company_type_id < 2))",
                  "Rows Removed by Filter": 500630
                }
              ]
            }
          ]
        }
      ]
    },
    "Planning Time": 0.111,
    "Triggers": [],
    "Execution Time": 107.599
  }
]