[
  {
    "Plan": {
      "Node Type": "Aggregate",
      "Strategy": "Plain",
      "Partial Mode": "Finalize",
      "Parallel Aware": false,
      "Startup Cost": 112618.48,
      "Total Cost": 112618.49,
      "Plan Rows": 1,
      "Plan Width": 8,
      "Actual Startup Time": 416.283,
      "Actual Total Time": 436.005,
      "Actual Rows": 1,
      "Actual Loops": 1,
      "Plans": [
        {
          "Node Type": "Gather",
          "Parent Relationship": "Outer",
          "Parallel Aware": false,
          "Startup Cost": 112618.16,
          "Total Cost": 112618.47,
          "Plan Rows": 3,
          "Plan Width": 8,
          "Actual Startup Time": 413.342,
          "Actual Total Time": 435.996,
          "Actual Rows": 4,
          "Actual Loops": 1,
          "Workers Planned": 3,
          "Workers Launched": 3,
          "Single Copy": false,
          "Plans": [
            {
              "Node Type": "Aggregate",
              "Strategy": "Plain",
              "Partial Mode": "Partial",
              "Parent Relationship": "Outer",
              "Parallel Aware": false,
              "Startup Cost": 111618.16,
              "Total Cost": 111618.17,
              "Plan Rows": 1,
              "Plan Width": 8,
              "Actual Startup Time": 402.619,
              "Actual Total Time": 402.624,
              "Actual Rows": 1,
              "Actual Loops": 4,
              "Plans": [
                {
                  "Node Type": "Hash Join",
                  "Parent Relationship": "Outer",
                  "Parallel Aware": true,
                  "Join Type": "Inner",
                  "Startup Cost": 63981.32,
                  "Total Cost": 111418.25,
                  "Plan Rows": 79964,
                  "Plan Width": 0,
                  "Actual Startup Time": 220.248,
                  "Actual Total Time": 400.633,
                  "Actual Rows": 44771,
                  "Actual Loops": 4,
                  "Inner Unique": false,
                  "Hash Cond": "(mk.movie_id = t.id)",
                  "Plans": [
                    {
                      "Node Type": "Seq Scan",
                      "Parent Relationship": "Outer",
                      "Parallel Aware": true,
                      "Relation Name": "movie_keyword",
                      "Alias": "mk",
                      "Startup Cost": 0.0,
                      "Total Cost": 42695.65,
                      "Plan Rows": 1175492,
                      "Plan Width": 4,
                      "Actual Startup Time": 0.062,
                      "Actual Total Time": 116.234,
                      "Actual Rows": 906978,
                      "Actual Loops": 4,
                      "Filter": "(keyword_id > 845)",
                      "Rows Removed by Filter": 224004
                    },
                    {
                      "Node Type": "Hash",
                      "Parent Relationship": "Inner",
                      "Parallel Aware": true,
                      "Startup Cost": 63085.55,
                      "Total Cost": 63085.55,
                      "Plan Rows": 71662,
                      "Plan Width": 8,
                      "Actual Startup Time": 217.456,
                      "Actual Total Time": 217.46,
                      "Actual Rows": 22345,
                      "Actual Loops": 4,
                      "Hash Buckets": 262144,
                      "Original Hash Buckets": 262144,
                      "Hash Batches": 1,
                      "Original Hash Batches": 1,
                      "Peak Memory Usage": 5632,
                      "Plans": [
                        {
                          "Node Type": "Hash Join",
                          "Parent Relationship": "Outer",
                          "Parallel Aware": true,
                          "Join Type": "Inner",
                          "Startup Cost": 46957.65,
                          "Total Cost": 63085.55,
                          "Plan Rows": 71662,
                          "Plan Width": 8,
                          "Actual Startup Time": 138.52,
                          "Actual Total Time": 211.248,
                          "Actual Rows": 22345,
                          "Actual Loops": 4,
                          "Inner Unique": true,
                          "Hash Cond": "(mi_idx.movie_id = t.id)",
                          "Plans": [
                            {
                              "Node Type": "Seq Scan",
                              "Parent Relationship": "Outer",
                              "Parallel Aware": true,
                              "Relation Name": "movie_info_idx",
                              "Alias": "mi_idx",
                              "Startup Cost": 0.0,
                              "Total Cost": 15122.68,
                              "Plan Rows": 382940,
                              "Plan Width": 4,
                              "Actual Startup Time": 0.033,
                              "Actual Total Time": 35.659,
                              "Actual Rows": 229962,
                              "Actual Loops": 4,
                              "Filter": "(info_type_id < 101)",
                              "Rows Removed by Filter": 115046
                            },
                            {
                              "Node Type": "Hash",
                              "Parent Relationship": "Inner",
                              "Parallel Aware": true,
                              "Startup Cost": 45479.1,
                              "Total Cost": 45479.1,
                              "Plan Rows": 118284,
                              "Plan Width": 4,
                              "Actual Startup Time": 136.455,
                              "Actual Total Time": 136.455,
                              "Actual Rows": 90115,
                              "Actual Loops": 4,
                              "Hash Buckets": 524288,
                              "Original Hash Buckets": 524288,
                              "Hash Batches": 1,
                              "Original Hash Batches": 1,
                              "Peak Memory Usage": 18272,
                              "Plans": [
                                {
                                  "Node Type": "Seq Scan",
                                  "Parent Relationship": "Outer",
                                  "Parallel Aware": true,
                                  "Relation Name": "title",
                                  "Alias": "t",
                                  "Startup Cost": 0.0,
                                  "Total Cost": 45479.1,
                                  "Plan Rows": 118284,
                                  "Plan Width": 4,
                                  "Actual Startup Time": 0.044,
                                  "Actual Total Time": 101.267,
                                  "Actual Rows": 90115,
                                  "Actual Loops": 4,
                                  "Filter": "((production_year < 1994) AND (kind_id = 7))",
                                  "Rows Removed by Filter": 541963
                                }
                              ]
                            }
                          ]
                        }
                      ]
                    }
                  ]
                }
              ]
            }
          ]
        }
      ]
    },
    "Planning Time": 1.399,
    "Triggers": [],
    "Execution Time": 436.086
  }
]