[
  {
    "Plan": {
      "Node Type": "Aggregate",
      "Strategy": "Plain",
      "Partial Mode": "Finalize",
      "Parallel Aware": false,
      "Startup Cost": 46848.54,
      "Total Cost": 46848.55,
      "Plan Rows": 1,
      "Plan Width": 8,
      "Actual Startup Time": 102.195,
      "Actual Total Time": 114.449,
      "Actual Rows": 1,
      "Actual Loops": 1,
      "Plans": [
        {
          "Node Type": "Gather",
          "Parent Relationship": "Outer",
          "Parallel Aware": false,
          "Startup Cost": 46848.12,
          "Total Cost": 46848.53,
          "Plan Rows": 4,
          "Plan Width": 8,
          "Actual Startup Time": 102.072,
          "Actual Total Time": 114.441,
          "Actual Rows": 5,
          "Actual Loops": 1,
          "Workers Planned": 4,
          "Workers Launched": 4,
          "Single Copy": false,
          "Plans": [
            {
              "Node Type": "Aggregate",
              "Strategy": "Plain",
              "Partial Mode": "Partial",
              "Parent Relationship": "Outer",
              "Parallel Aware": false,
              "Startup Cost": 45848.12,
              "Total Cost": 45848.13,
              "Plan Rows": 1,
              "Plan Width": 8,
              "Actual Startup Time": 94.526,
              "Actual Total Time": 94.527,
              "Actual Rows": 1,
              "Actual Loops": 5,
              "Plans": [
                {
                  "Node Type": "Seq Scan",
                  "Parent Relationship": "Outer",
                  "Parallel Aware": true,
                  "Relation Name": "title",
                  "Alias": "t",
                  "Startup Cost": 0.0,
                  "Total Cost": 45479.1,
                  "Plan Rows": 147609,
                  "Plan Width": 0,
                  "Actual Startup Time": 0.036,
                  "Actual Total Time": 88.25,
                  "Actual Rows": 98533,
                  "Actual Loops": 5,
                  "Filter": "((kind_id > 4) AND (production_year < 1999))",
                  "Rows Removed by Filter": 407130
                }
              ]
            }
          ]
        }
      ]
    },
    "Planning Time": 0.149,
    "Triggers": [],
    "Execution Time": 114.498
  }
]