[
  {
    "Plan": {
      "Node Type": "Aggregate",
      "Strategy": "Plain",
      "Partial Mode": "Finalize",
      "Parallel Aware": false,
      "Startup Cost": 419267.2,
      "Total Cost": 419267.21,
      "Plan Rows": 1,
      "Plan Width": 8,
      "Actual Startup Time": 2198.407,
      "Actual Total Time": 2265.644,
      "Actual Rows": 1,
      "Actual Loops": 1,
      "Plans": [
        {
          "Node Type": "Gather",
          "Parent Relationship": "Outer",
          "Parallel Aware": false,
          "Startup Cost": 419266.58,
          "Total Cost": 419267.19,
          "Plan Rows": 6,
          "Plan Width": 8,
          "Actual Startup Time": 2183.936,
          "Actual Total Time": 2265.629,
          "Actual Rows": 7,
          "Actual Loops": 1,
          "Workers Planned": 6,
          "Workers Launched": 6,
          "Single Copy": false,
          "Plans": [
            {
              "Node Type": "Aggregate",
              "Strategy": "Plain",
              "Partial Mode": "Partial",
              "Parent Relationship": "Outer",
              "Parallel Aware": false,
              "Startup Cost": 418266.58,
              "Total Cost": 418266.59,
              "Plan Rows": 1,
              "Plan Width": 8,
              "Actual Startup Time": 2172.084,
              "Actual Total Time": 2172.095,
              "Actual Rows": 1,
              "Actual Loops": 7,
              "Plans": [
                {
                  "Node Type": "Hash Join",
                  "Parent Relationship": "Outer",
                  "Parallel Aware": true,
                  "Join Type": "Inner",
                  "Startup Cost": 69558.32,
                  "Total Cost": 413412.42,
                  "Plan Rows": 1941662,
                  "Plan Width": 0,
                  "Actual Startup Time": 330.573,
                  "Actual Total Time": 2044.688,
                  "Actual Rows": 2452542,
                  "Actual Loops": 7,
                  "Inner Unique": false,
                  "Hash Cond": "(ci.movie_id = t.id)",
                  "Plans": [
                    {
                      "Node Type": "Seq Scan",
                      "Parent Relationship": "Outer",
                      "Parallel Aware": true,
                      "Relation Name": "cast_info",
                      "Alias": "ci",
                      "Startup Cost": 0.0,
                      "Total Cost": 313106.51,
                      "Plan Rows": 6041951,
                      "Plan Width": 4,
                      "Actual Startup Time": 0.028,
                      "Actual Total Time": 613.441,
                      "Actual Rows": 5177763,
                      "Actual Loops": 7
                    },
                    {
                      "Node Type": "Hash",
                      "Parent Relationship": "Inner",
                      "Parallel Aware": true,
                      "Startup Cost": 65326.32,
                      "Total Cost": 65326.32,
                      "Plan Rows": 338560,
                      "Plan Width": 8,
                      "Actual Startup Time": 327.21,
                      "Actual Total Time": 327.218,
                      "Actual Rows": 74064,
                      "Actual Loops": 7,
                      "Hash Buckets": 1048576,
                      "Original Hash Buckets": 1048576,
                      "Hash Batches": 1,
                      "Original Hash Batches": 1,
                      "Peak Memory Usage": 28576,
                      "Plans": [
                        {
                          "Node Type": "Hash Join",
                          "Parent Relationship": "Outer",
                          "Parallel Aware": true,
                          "Join Type": "Inner",
                          "Startup Cost": 50131.76,
                          "Total Cost": 65326.32,
                          "Plan Rows": 338560,
                          "Plan Width": 8,
                          "Actual Startup Time": 223.112,
                          "Actual Total Time": 295.567,
                          "Actual Rows": 74064,
                          "Actual Loops": 7,
                          "Inner Unique": true,
                          "Hash Cond": "(mi_idx.movie_id = t.id)",
                          "Plans": [
                            {
                              "Node Type": "Seq Scan",
                              "Parent Relationship": "Outer",
                              "Parallel Aware": true,
                              "Relation Name": "movie_info_idx",
                              "Alias": "mi_idx",
                              "Startup Cost": 0.0,
                              "Total Cost": 13685.15,
                              "Plan Rows": 575015,
                              "Plan Width": 4,
                              "Actual Startup Time": 0.017,
                              "Actual Total Time": 22.322,
                              "Actual Rows": 197148,
                              "Actual Loops": 7
                            },
                            {
                              "Node Type": "Hash",
                              "Parent Relationship": "Inner",
                              "Parallel Aware": true,
                              "Startup Cost": 45479.59,
                              "Total Cost": 45479.59,
                              "Plan Rows": 372174,
                              "Plan Width": 4,
                              "Actual Startup Time": 220.094,
                              "Actual Total Time": 220.096,
                              "Actual Rows": 225020,
                              "Actual Loops": 7,
                              "Hash Buckets": 2097152,
                              "Original Hash Buckets": 2097152,
                              "Hash Batches": 1,
                              "Original Hash Batches": 1,
                              "Peak Memory Usage": 78112,
                              "Plans": [
                                {
                                  "Node Type": "Seq Scan",
                                  "Parent Relationship": "Outer",
                                  "Parallel Aware": true,
                                  "Relation Name": "title",
                                  "Alias": "t",
                                  "Startup Cost": 0.0,
                                  "Total Cost": 45479.59,
                                  "Plan Rows": 372174,
                                  "Plan Width": 4,
                                  "Actual Startup Time": 0.038,
                                  "Actual Total Time": 91.033,
                                  "Actual Rows": 225020,
                                  "Actual Loops": 7,
                                  "Filter": "((kind_id > 3) AND (production_year > 1957))",
                                  "Rows Removed by Filter": 136168
                                }
                              ]
                            }
                          ]
                        }
                      ]
                    }
                  ]
                }
              ]
            }
          ]
        }
      ]
    },
    "Planning Time": 1.277,
    "Triggers": [],
    "Execution Time": 2265.751
  }
]