{
  "Plan": {
    "Node Type": "Aggregate",
    "Strategy": "Plain",
    "Partial Mode": "Finalize",
    "Parallel Aware": false,
    "Startup Cost": 97502.6,
    "Total Cost": 97502.61,
    "Plan Rows": 1,
    "Plan Width": 8,
    "Actual Startup Time": 481.671,
    "Actual Total Time": 497.105,
    "Actual Rows": 1,
    "Actual Loops": 1,
    "Plans": [
      {
        "Node Type": "Gather",
        "Parent Relationship": "Outer",
        "Parallel Aware": false,
        "Startup Cost": 97502.49,
        "Total Cost": 97502.6,
        "Plan Rows": 1,
        "Plan Width": 8,
        "Actual Startup Time": 477.828,
        "Actual Total Time": 497.097,
        "Actual Rows": 2,
        "Actual Loops": 1,
        "Workers Planned": 1,
        "Workers Launched": 1,
        "Single Copy": false,
        "Plans": [
          {
            "Node Type": "Aggregate",
            "Strategy": "Plain",
            "Partial Mode": "Partial",
            "Parent Relationship": "Outer",
            "Parallel Aware": false,
            "Startup Cost": 96502.49,
            "Total Cost": 96502.5,
            "Plan Rows": 1,
            "Plan Width": 8,
            "Actual Startup Time": 471.838,
            "Actual Total Time": 471.842,
            "Actual Rows": 1,
            "Actual Loops": 2,
            "Plans": [
              {
                "Node Type": "Hash Join",
                "Parent Relationship": "Outer",
                "Parallel Aware": true,
                "Join Type": "Inner",
                "Startup Cost": 70358.16,
                "Total Cost": 96337.96,
                "Plan Rows": 65813,
                "Plan Width": 0,
                "Actual Startup Time": 407.694,
                "Actual Total Time": 469.767,
                "Actual Rows": 42358,
                "Actual Loops": 2,
                "Inner Unique": true,
                "Hash Cond": "(mk.movie_id = t.id)",
                "Plans": [
                  {
                    "Node Type": "Bitmap Heap Scan",
                    "Parent Relationship": "Outer",
                    "Parallel Aware": true,
                    "Relation Name": "movie_keyword",
                    "Alias": "mk",
                    "Startup Cost": 3641.51,
                    "Total Cost": 29356.5,
                    "Plan Rows": 100879,
                    "Plan Width": 4,
                    "Actual Startup Time": 13.55,
                    "Actual Total Time": 51.398,
                    "Actual Rows": 81434,
                    "Actual Loops": 2,
                    "Recheck Cond": "(keyword_id > 72603)",
                    "Rows Removed by Index Recheck": 0,
                    "Exact Heap Blocks": 11913,
                    "Lossy Heap Blocks": 0,
                    "Plans": [
                      {
                        "Node Type": "Bitmap Index Scan",
                        "Parent Relationship": "Outer",
                        "Parallel Aware": false,
                        "Index Name": "keyword_id_movie_keyword",
                        "Startup Cost": 0.0,
                        "Total Cost": 3598.64,
                        "Plan Rows": 171494,
                        "Plan Width": 0,
                        "Actual Startup Time": 10.684,
                        "Actual Total Time": 10.685,
                        "Actual Rows": 162869,
                        "Actual Loops": 1,
                        "Index Cond": "(keyword_id > 72603)"
                      }
                    ]
                  },
                  {
                    "Node Type": "Hash",
                    "Parent Relationship": "Inner",
                    "Parallel Aware": true,
                    "Startup Cost": 54588.39,
                    "Total Cost": 54588.39,
                    "Plan Rows": 970261,
                    "Plan Width": 4,
                    "Actual Startup Time": 381.573,
                    "Actual Total Time": 381.574,
                    "Actual Rows": 821757,
                    "Actual Loops": 2,
                    "Hash Buckets": 2097152,
                    "Original Hash Buckets": 2097152,
                    "Hash Batches": 1,
                    "Original Hash Batches": 1,
                    "Peak Memory Usage": 80704,
                    "Plans": [
                      {
                        "Node Type": "Seq Scan",
                        "Parent Relationship": "Outer",
                        "Parallel Aware": true,
                        "Relation Name": "title",
                        "Alias": "t",
                        "Startup Cost": 0.0,
                        "Total Cost": 54588.39,
                        "Plan Rows": 970261,
                        "Plan Width": 4,
                        "Actual Startup Time": 0.023,
                        "Actual Total Time": 169.032,
                        "Actual Rows": 821757,
                        "Actual Loops": 2,
                        "Filter": "(production_year > 1994)",
                        "Rows Removed by Filter": 442399
                      }
                    ]
                  }
                ]
              }
            ]
          }
        ]
      }
    ]
  },
  "Planning Time": 0.479,
  "Triggers": [],
  "Execution Time": 497.182
}