[
    {
        "Bao": {
            "Bao prediction": "NaN",
            "Bao recommended hint": "(no hint)"
        }
    },
    {
        "Plan": {
            "Node Type": "Aggregate",
            "Strategy": "Plain",
            "Partial Mode": "Simple",
            "Parallel Aware": false,
            "Startup Cost": 26534.48,
            "Total Cost": 26534.49,
            "Plan Rows": 1,
            "Plan Width": 8,
            "Actual Startup Time": 39.507,
            "Actual Total Time": 39.509,
            "Actual Rows": 1,
            "Actual Loops": 1,
            "Output": [
                "count(*)"
            ],
            "Plans": [
                {
                    "Node Type": "Bitmap Heap Scan",
                    "Parent Relationship": "Outer",
                    "Parallel Aware": false,
                    "Relation Name": "movie_keyword",
                    "Schema": "public",
                    "Alias": "mk",
                    "Startup Cost": 958.27,
                    "Total Cost": 26421.63,
                    "Plan Rows": 45140,
                    "Plan Width": 0,
                    "Actual Startup Time": 10.741,
                    "Actual Total Time": 36.206,
                    "Actual Rows": 40953,
                    "Actual Loops": 1,
                    "Recheck Cond": "(mk.keyword_id > 104125)",
                    "Rows Removed by Index Recheck": 0,
                    "Exact Heap Blocks": 10727,
                    "Lossy Heap Blocks": 0,
                    "Plans": [
                        {
                            "Node Type": "Bitmap Index Scan",
                            "Parent Relationship": "Outer",
                            "Parallel Aware": false,
                            "Index Name": "keyword_id_movie_keyword",
                            "Startup Cost": 0.0,
                            "Total Cost": 946.98,
                            "Plan Rows": 45140,
                            "Plan Width": 0,
                            "Actual Startup Time": 7.005,
                            "Actual Total Time": 7.006,
                            "Actual Rows": 40953,
                            "Actual Loops": 1,
                            "Index Cond": "(mk.keyword_id > 104125)"
                        }
                    ]
                }
            ]
        },
        "Planning Time": 200.626,
        "Triggers": [],
        "Execution Time": 39.572
    }
]