{
  "Plan": {
    "Node Type": "Aggregate",
    "Strategy": "Plain",
    "Partial Mode": "Finalize",
    "Parallel Aware": false,
    "Startup Cost": 253595.41,
    "Total Cost": 253595.42,
    "Plan Rows": 1,
    "Plan Width": 8,
    "Actual Startup Time": 1264.248,
    "Actual Total Time": 1288.837,
    "Actual Rows": 1,
    "Actual Loops": 1,
    "Plans": [
      {
        "Node Type": "Gather",
        "Parent Relationship": "Outer",
        "Parallel Aware": false,
        "Startup Cost": 253595.3,
        "Total Cost": 253595.41,
        "Plan Rows": 1,
        "Plan Width": 8,
        "Actual Startup Time": 1262.37,
        "Actual Total Time": 1288.827,
        "Actual Rows": 2,
        "Actual Loops": 1,
        "Workers Planned": 1,
        "Workers Launched": 1,
        "Single Copy": false,
        "Plans": [
          {
            "Node Type": "Aggregate",
            "Strategy": "Plain",
            "Partial Mode": "Partial",
            "Parent Relationship": "Outer",
            "Parallel Aware": false,
            "Startup Cost": 252595.3,
            "Total Cost": 252595.31,
            "Plan Rows": 1,
            "Plan Width": 8,
            "Actual Startup Time": 1256.355,
            "Actual Total Time": 1256.359,
            "Actual Rows": 1,
            "Actual Loops": 2,
            "Plans": [
              {
                "Node Type": "Hash Join",
                "Parent Relationship": "Outer",
                "Parallel Aware": true,
                "Join Type": "Inner",
                "Startup Cost": 62737.73,
                "Total Cost": 251607.84,
                "Plan Rows": 394985,
                "Plan Width": 0,
                "Actual Startup Time": 252.49,
                "Actual Total Time": 1219.716,
                "Actual Rows": 863293,
                "Actual Loops": 2,
                "Inner Unique": true,
                "Hash Cond": "(ci.movie_id = t.id)",
                "Plans": [
                  {
                    "Node Type": "Index Scan",
                    "Parent Relationship": "Outer",
                    "Parallel Aware": true,
                    "Scan Direction": "Forward",
                    "Index Name": "role_id_cast_info",
                    "Relation Name": "cast_info",
                    "Alias": "ci",
                    "Startup Cost": 0.56,
                    "Total Cost": 184520.29,
                    "Plan Rows": 1657284,
                    "Plan Width": 4,
                    "Actual Startup Time": 0.07,
                    "Actual Total Time": 440.688,
                    "Actual Rows": 2357521,
                    "Actual Loops": 2,
                    "Index Cond": "(role_id > 8)",
                    "Rows Removed by Index Recheck": 0,
                    "Filter": "(person_id > 1837047)",
                    "Rows Removed by Filter": 508826
                  },
                  {
                    "Node Type": "Hash",
                    "Parent Relationship": "Inner",
                    "Parallel Aware": true,
                    "Startup Cost": 58306.47,
                    "Total Cost": 58306.47,
                    "Plan Rows": 354456,
                    "Plan Width": 4,
                    "Actual Startup Time": 243.372,
                    "Actual Total Time": 243.373,
                    "Actual Rows": 325769,
                    "Actual Loops": 2,
                    "Hash Buckets": 1048576,
                    "Original Hash Buckets": 1048576,
                    "Hash Batches": 1,
                    "Original Hash Batches": 1,
                    "Peak Memory Usage": 33696,
                    "Plans": [
                      {
                        "Node Type": "Seq Scan",
                        "Parent Relationship": "Outer",
                        "Parallel Aware": true,
                        "Relation Name": "title",
                        "Alias": "t",
                        "Startup Cost": 0.0,
                        "Total Cost": 58306.47,
                        "Plan Rows": 354456,
                        "Plan Width": 4,
                        "Actual Startup Time": 0.04,
                        "Actual Total Time": 160.109,
                        "Actual Rows": 325769,
                        "Actual Loops": 2,
                        "Filter": "((kind_id > 3) AND (production_year > 2006))",
                        "Rows Removed by Filter": 938387
                      }
                    ]
                  }
                ]
              }
            ]
          }
        ]
      }
    ]
  },
  "Planning Time": 0.821,
  "Triggers": [],
  "Execution Time": 1288.918
}