[
  {
    "Plan": {
      "Node Type": "Aggregate",
      "Strategy": "Plain",
      "Partial Mode": "Finalize",
      "Parallel Aware": false,
      "Startup Cost": 51047.11,
      "Total Cost": 51047.12,
      "Plan Rows": 1,
      "Plan Width": 8,
      "Actual Startup Time": 127.88,
      "Actual Total Time": 147.861,
      "Actual Rows": 1,
      "Actual Loops": 1,
      "Plans": [
        {
          "Node Type": "Gather",
          "Parent Relationship": "Outer",
          "Parallel Aware": false,
          "Startup Cost": 51046.69,
          "Total Cost": 51047.1,
          "Plan Rows": 4,
          "Plan Width": 8,
          "Actual Startup Time": 127.638,
          "Actual Total Time": 147.847,
          "Actual Rows": 5,
          "Actual Loops": 1,
          "Workers Planned": 4,
          "Workers Launched": 4,
          "Single Copy": false,
          "Plans": [
            {
              "Node Type": "Aggregate",
              "Strategy": "Plain",
              "Partial Mode": "Partial",
              "Parent Relationship": "Outer",
              "Parallel Aware": false,
              "Startup Cost": 50046.69,
              "Total Cost": 50046.7,
              "Plan Rows": 1,
              "Plan Width": 8,
              "Actual Startup Time": 117.671,
              "Actual Total Time": 117.673,
              "Actual Rows": 1,
              "Actual Loops": 5,
              "Plans": [
                {
                  "Node Type": "Nested Loop",
                  "Parent Relationship": "Outer",
                  "Parallel Aware": false,
                  "Join Type": "Inner",
                  "Startup Cost": 0.43,
                  "Total Cost": 50045.84,
                  "Plan Rows": 341,
                  "Plan Width": 0,
                  "Actual Startup Time": 8.587,
                  "Actual Total Time": 117.568,
                  "Actual Rows": 695,
                  "Actual Loops": 5,
                  "Inner Unique": false,
                  "Plans": [
                    {
                      "Node Type": "Seq Scan",
                      "Parent Relationship": "Outer",
                      "Parallel Aware": true,
                      "Relation Name": "title",
                      "Alias": "t",
                      "Startup Cost": 0.0,
                      "Total Cost": 45479.59,
                      "Plan Rows": 625,
                      "Plan Width": 4,
                      "Actual Startup Time": 3.011,
                      "Actual Total Time": 108.321,
                      "Actual Rows": 609,
                      "Actual Loops": 5,
                      "Filter": "((kind_id < 7) AND (production_year = 1952))",
                      "Rows Removed by Filter": 505054
                    },
                    {
                      "Node Type": "Index Only Scan",
                      "Parent Relationship": "Inner",
                      "Parallel Aware": false,
                      "Scan Direction": "Forward",
                      "Index Name": "movie_id_movie_info_idx",
                      "Relation Name": "movie_info_idx",
                      "Alias": "mi_idx",
                      "Startup Cost": 0.43,
                      "Total Cost": 7.28,
                      "Plan Rows": 3,
                      "Plan Width": 4,
                      "Actual Startup Time": 0.014,
                      "Actual Total Time": 0.014,
                      "Actual Rows": 1,
                      "Actual Loops": 3043,
                      "Index Cond": "(movie_id = t.id)",
                      "Rows Removed by Index Recheck": 0,
                      "Heap Fetches": 3476
                    }
                  ]
                }
              ]
            }
          ]
        }
      ]
    },
    "Planning Time": 0.508,
    "Triggers": [],
    "Execution Time": 147.928
  }
]