{
  "Plan": {
    "Node Type": "Aggregate",
    "Strategy": "Plain",
    "Partial Mode": "Finalize",
    "Parallel Aware": false,
    "Startup Cost": 472856.62,
    "Total Cost": 472856.63,
    "Plan Rows": 1,
    "Plan Width": 8,
    "Actual Startup Time": 7908.396,
    "Actual Total Time": 7964.204,
    "Actual Rows": 1,
    "Actual Loops": 1,
    "Plans": [
      {
        "Node Type": "Gather",
        "Parent Relationship": "Outer",
        "Parallel Aware": false,
        "Startup Cost": 472856.5,
        "Total Cost": 472856.61,
        "Plan Rows": 1,
        "Plan Width": 8,
        "Actual Startup Time": 7901.938,
        "Actual Total Time": 7964.194,
        "Actual Rows": 2,
        "Actual Loops": 1,
        "Workers Planned": 1,
        "Workers Launched": 1,
        "Single Copy": false,
        "Plans": [
          {
            "Node Type": "Aggregate",
            "Strategy": "Plain",
            "Partial Mode": "Partial",
            "Parent Relationship": "Outer",
            "Parallel Aware": false,
            "Startup Cost": 471856.5,
            "Total Cost": 471856.51,
            "Plan Rows": 1,
            "Plan Width": 8,
            "Actual Startup Time": 7892.686,
            "Actual Total Time": 7894.802,
            "Actual Rows": 1,
            "Actual Loops": 2,
            "Plans": [
              {
                "Node Type": "Hash Join",
                "Parent Relationship": "Outer",
                "Parallel Aware": true,
                "Join Type": "Inner",
                "Startup Cost": 140328.87,
                "Total Cost": 456955.89,
                "Plan Rows": 5960244,
                "Plan Width": 0,
                "Actual Startup Time": 1588.838,
                "Actual Total Time": 6260.604,
                "Actual Rows": 40899810,
                "Actual Loops": 2,
                "Inner Unique": false,
                "Hash Cond": "(mi.movie_id = t.id)",
                "Plans": [
                  {
                    "Node Type": "Seq Scan",
                    "Parent Relationship": "Outer",
                    "Parallel Aware": true,
                    "Relation Name": "movie_info",
                    "Alias": "mi",
                    "Startup Cost": 0.0,
                    "Total Cost": 248955.74,
                    "Plan Rows": 8696274,
                    "Plan Width": 4,
                    "Actual Startup Time": 0.03,
                    "Actual Total Time": 663.828,
                    "Actual Rows": 7417860,
                    "Actual Loops": 2
                  },
                  {
                    "Node Type": "Hash",
                    "Parent Relationship": "Inner",
                    "Parallel Aware": true,
                    "Startup Cost": 127587.41,
                    "Total Cost": 127587.41,
                    "Plan Rows": 1019317,
                    "Plan Width": 8,
                    "Actual Startup Time": 1570.76,
                    "Actual Total Time": 1572.874,
                    "Actual Rows": 700368,
                    "Actual Loops": 2,
                    "Hash Buckets": 2097152,
                    "Original Hash Buckets": 2097152,
                    "Hash Batches": 1,
                    "Original Hash Batches": 1,
                    "Peak Memory Usage": 71200,
                    "Plans": [
                      {
                        "Node Type": "Hash Join",
                        "Parent Relationship": "Outer",
                        "Parallel Aware": true,
                        "Join Type": "Inner",
                        "Startup Cost": 65167.06,
                        "Total Cost": 127587.41,
                        "Plan Rows": 1019317,
                        "Plan Width": 8,
                        "Actual Startup Time": 658.674,
                        "Actual Total Time": 1341.216,
                        "Actual Rows": 700368,
                        "Actual Loops": 2,
                        "Inner Unique": true,
                        "Hash Cond": "(mk.movie_id = t.id)",
                        "Plans": [
                          {
                            "Node Type": "Seq Scan",
                            "Parent Relationship": "Outer",
                            "Parallel Aware": true,
                            "Relation Name": "movie_keyword",
                            "Alias": "mk",
                            "Startup Cost": 0.0,
                            "Total Cost": 57718.19,
                            "Plan Rows": 1791292,
                            "Plan Width": 4,
                            "Actual Startup Time": 0.407,
                            "Actual Total Time": 339.402,
                            "Actual Rows": 1513980,
                            "Actual Loops": 2,
                            "Filter": "(keyword_id > 2144)",
                            "Rows Removed by Filter": 747986
                          },
                          {
                            "Node Type": "Hash",
                            "Parent Relationship": "Inner",
                            "Parallel Aware": true,
                            "Startup Cost": 54588.39,
                            "Total Cost": 54588.39,
                            "Plan Rows": 846294,
                            "Plan Width": 4,
                            "Actual Startup Time": 647.217,
                            "Actual Total Time": 647.218,
                            "Actual Rows": 717233,
                            "Actual Loops": 2,
                            "Hash Buckets": 2097152,
                            "Original Hash Buckets": 2097152,
                            "Hash Batches": 1,
                            "Original Hash Batches": 1,
                            "Peak Memory Usage": 72512,
                            "Plans": [
                              {
                                "Node Type": "Seq Scan",
                                "Parent Relationship": "Outer",
                                "Parallel Aware": true,
                                "Relation Name": "title",
                                "Alias": "t",
                                "Startup Cost": 0.0,
                                "Total Cost": 54588.39,
                                "Plan Rows": 846294,
                                "Plan Width": 4,
                                "Actual Startup Time": 0.047,
                                "Actual Total Time": 285.992,
                                "Actual Rows": 717233,
                                "Actual Loops": 2,
                                "Filter": "(production_year > 1999)",
                                "Rows Removed by Filter": 546923
                              }
                            ]
                          }
                        ]
                      }
                    ]
                  }
                ]
              }
            ]
          }
        ]
      }
    ]
  },
  "Planning Time": 1.424,
  "Triggers": [],
  "Execution Time": 7964.32
}