[
  {
    "Plan": {
      "Node Type": "Aggregate",
      "Strategy": "Plain",
      "Partial Mode": "Finalize",
      "Parallel Aware": false,
      "Startup Cost": 32788.28,
      "Total Cost": 32788.29,
      "Plan Rows": 1,
      "Plan Width": 8,
      "Actual Startup Time": 103.807,
      "Actual Total Time": 111.188,
      "Actual Rows": 1,
      "Actual Loops": 1,
      "Plans": [
        {
          "Node Type": "Gather",
          "Parent Relationship": "Outer",
          "Parallel Aware": false,
          "Startup Cost": 32787.96,
          "Total Cost": 32788.27,
          "Plan Rows": 3,
          "Plan Width": 8,
          "Actual Startup Time": 103.658,
          "Actual Total Time": 111.179,
          "Actual Rows": 4,
          "Actual Loops": 1,
          "Workers Planned": 3,
          "Workers Launched": 3,
          "Single Copy": false,
          "Plans": [
            {
              "Node Type": "Aggregate",
              "Strategy": "Plain",
              "Partial Mode": "Partial",
              "Parent Relationship": "Outer",
              "Parallel Aware": false,
              "Startup Cost": 31787.96,
              "Total Cost": 31787.97,
              "Plan Rows": 1,
              "Plan Width": 8,
              "Actual Startup Time": 98.184,
              "Actual Total Time": 98.186,
              "Actual Rows": 1,
              "Actual Loops": 4,
              "Plans": [
                {
                  "Node Type": "Seq Scan",
                  "Parent Relationship": "Outer",
                  "Parallel Aware": true,
                  "Relation Name": "movie_companies",
                  "Alias": "mc",
                  "Startup Cost": 0.0,
                  "Total Cost": 31414.82,
                  "Plan Rows": 149258,
                  "Plan Width": 0,
                  "Actual Startup Time": 44.712,
                  "Actual Total Time": 87.386,
                  "Actual Rows": 194398,
                  "Actual Loops": 4,
                  "Filter": "((company_id > 21587) AND (company_type_id > 1))",
                  "Rows Removed by Filter": 457884
                }
              ]
            }
          ]
        }
      ]
    },
    "Planning Time": 0.111,
    "Triggers": [],
    "Execution Time": 111.225
  }
]