[
  {
    "Plan": {
      "Node Type": "Aggregate",
      "Strategy": "Plain",
      "Partial Mode": "Finalize",
      "Parallel Aware": false,
      "Startup Cost": 91012.91,
      "Total Cost": 91012.92,
      "Plan Rows": 1,
      "Plan Width": 8,
      "Actual Startup Time": 264.219,
      "Actual Total Time": 282.65,
      "Actual Rows": 1,
      "Actual Loops": 1,
      "Plans": [
        {
          "Node Type": "Gather",
          "Parent Relationship": "Outer",
          "Parallel Aware": false,
          "Startup Cost": 91012.59,
          "Total Cost": 91012.9,
          "Plan Rows": 3,
          "Plan Width": 8,
          "Actual Startup Time": 263.874,
          "Actual Total Time": 282.641,
          "Actual Rows": 4,
          "Actual Loops": 1,
          "Workers Planned": 3,
          "Workers Launched": 3,
          "Single Copy": false,
          "Plans": [
            {
              "Node Type": "Aggregate",
              "Strategy": "Plain",
              "Partial Mode": "Partial",
              "Parent Relationship": "Outer",
              "Parallel Aware": false,
              "Startup Cost": 90012.59,
              "Total Cost": 90012.6,
              "Plan Rows": 1,
              "Plan Width": 8,
              "Actual Startup Time": 256.364,
              "Actual Total Time": 256.368,
              "Actual Rows": 1,
              "Actual Loops": 4,
              "Plans": [
                {
                  "Node Type": "Hash Join",
                  "Parent Relationship": "Outer",
                  "Parallel Aware": true,
                  "Join Type": "Inner",
                  "Startup Cost": 45612.7,
                  "Total Cost": 89985.68,
                  "Plan Rows": 10765,
                  "Plan Width": 0,
                  "Actual Startup Time": 110.499,
                  "Actual Total Time": 256.31,
                  "Actual Rows": 894,
                  "Actual Loops": 4,
                  "Inner Unique": true,
                  "Hash Cond": "(mk.movie_id = t.id)",
                  "Plans": [
                    {
                      "Node Type": "Seq Scan",
                      "Parent Relationship": "Outer",
                      "Parallel Aware": true,
                      "Relation Name": "movie_keyword",
                      "Alias": "mk",
                      "Startup Cost": 0.0,
                      "Total Cost": 42695.65,
                      "Plan Rows": 638981,
                      "Plan Width": 4,
                      "Actual Startup Time": 0.03,
                      "Actual Total Time": 106.72,
                      "Actual Rows": 496178,
                      "Actual Loops": 4,
                      "Filter": "(keyword_id < 3511)",
                      "Rows Removed by Filter": 634804
                    },
                    {
                      "Node Type": "Hash",
                      "Parent Relationship": "Inner",
                      "Parallel Aware": true,
                      "Startup Cost": 45479.59,
                      "Total Cost": 45479.59,
                      "Plan Rows": 10649,
                      "Plan Width": 4,
                      "Actual Startup Time": 108.586,
                      "Actual Total Time": 108.587,
                      "Actual Rows": 10102,
                      "Actual Loops": 4,
                      "Hash Buckets": 65536,
                      "Original Hash Buckets": 65536,
                      "Hash Batches": 1,
                      "Original Hash Batches": 1,
                      "Peak Memory Usage": 2144,
                      "Plans": [
                        {
                          "Node Type": "Seq Scan",
                          "Parent Relationship": "Outer",
                          "Parallel Aware": true,
                          "Relation Name": "title",
                          "Alias": "t",
                          "Startup Cost": 0.0,
                          "Total Cost": 45479.59,
                          "Plan Rows": 10649,
                          "Plan Width": 4,
                          "Actual Startup Time": 0.049,
                          "Actual Total Time": 103.809,
                          "Actual Rows": 10102,
                          "Actual Loops": 4,
                          "Filter": "((kind_id > 4) AND (production_year > 2012))",
                          "Rows Removed by Filter": 621976
                        }
                      ]
                    }
                  ]
                }
              ]
            }
          ]
        }
      ]
    },
    "Planning Time": 0.442,
    "Triggers": [],
    "Execution Time": 282.7
  }
]