[
  {
    "Plan": {
      "Node Type": "Aggregate",
      "Strategy": "Plain",
      "Partial Mode": "Finalize",
      "Parallel Aware": false,
      "Startup Cost": 246074.05,
      "Total Cost": 246074.06,
      "Plan Rows": 1,
      "Plan Width": 8,
      "Actual Startup Time": 224.821,
      "Actual Total Time": 259.253,
      "Actual Rows": 1,
      "Actual Loops": 1,
      "Plans": [
        {
          "Node Type": "Gather",
          "Parent Relationship": "Outer",
          "Parallel Aware": false,
          "Startup Cost": 246073.63,
          "Total Cost": 246074.04,
          "Plan Rows": 4,
          "Plan Width": 8,
          "Actual Startup Time": 224.708,
          "Actual Total Time": 259.243,
          "Actual Rows": 5,
          "Actual Loops": 1,
          "Workers Planned": 4,
          "Workers Launched": 4,
          "Single Copy": false,
          "Plans": [
            {
              "Node Type": "Aggregate",
              "Strategy": "Plain",
              "Partial Mode": "Partial",
              "Parent Relationship": "Outer",
              "Parallel Aware": false,
              "Startup Cost": 245073.63,
              "Total Cost": 245073.64,
              "Plan Rows": 1,
              "Plan Width": 8,
              "Actual Startup Time": 218.871,
              "Actual Total Time": 218.872,
              "Actual Rows": 1,
              "Actual Loops": 5,
              "Plans": [
                {
                  "Node Type": "Nested Loop",
                  "Parent Relationship": "Outer",
                  "Parallel Aware": false,
                  "Join Type": "Inner",
                  "Startup Cost": 0.43,
                  "Total Cost": 244968.23,
                  "Plan Rows": 42160,
                  "Plan Width": 0,
                  "Actual Startup Time": 0.218,
                  "Actual Total Time": 214.943,
                  "Actual Rows": 58001,
                  "Actual Loops": 5,
                  "Inner Unique": false,
                  "Plans": [
                    {
                      "Node Type": "Seq Scan",
                      "Parent Relationship": "Outer",
                      "Parallel Aware": true,
                      "Relation Name": "title",
                      "Alias": "t",
                      "Startup Cost": 0.0,
                      "Total Cost": 45479.59,
                      "Plan Rows": 8394,
                      "Plan Width": 4,
                      "Actual Startup Time": 0.061,
                      "Actual Total Time": 71.712,
                      "Actual Rows": 5623,
                      "Actual Loops": 5,
                      "Filter": "((kind_id < 7) AND (production_year = 2004))",
                      "Rows Removed by Filter": 500040
                    },
                    {
                      "Node Type": "Index Scan",
                      "Parent Relationship": "Inner",
                      "Parallel Aware": false,
                      "Scan Direction": "Forward",
                      "Index Name": "movie_id_movie_info",
                      "Relation Name": "movie_info",
                      "Alias": "mi",
                      "Startup Cost": 0.43,
                      "Total Cost": 23.42,
                      "Plan Rows": 35,
                      "Plan Width": 4,
                      "Actual Startup Time": 0.009,
                      "Actual Total Time": 0.024,
                      "Actual Rows": 10,
                      "Actual Loops": 28113,
                      "Index Cond": "(movie_id = t.id)",
                      "Rows Removed by Index Recheck": 0,
                      "Filter": "(info_type_id > 2)",
                      "Rows Removed by Filter": 2
                    }
                  ]
                }
              ]
            }
          ]
        }
      ]
    },
    "Planning Time": 0.295,
    "Triggers": [],
    "Execution Time": 259.297
  }
]