[
  {
    "Plan": {
      "Node Type": "Aggregate",
      "Strategy": "Plain",
      "Partial Mode": "Finalize",
      "Parallel Aware": false,
      "Startup Cost": 305179.14,
      "Total Cost": 305179.15,
      "Plan Rows": 1,
      "Plan Width": 8,
      "Actual Startup Time": 4878.803,
      "Actual Total Time": 4924.359,
      "Actual Rows": 1,
      "Actual Loops": 1,
      "Plans": [
        {
          "Node Type": "Gather",
          "Parent Relationship": "Outer",
          "Parallel Aware": false,
          "Startup Cost": 305178.61,
          "Total Cost": 305179.12,
          "Plan Rows": 5,
          "Plan Width": 8,
          "Actual Startup Time": 4861.142,
          "Actual Total Time": 4924.345,
          "Actual Rows": 6,
          "Actual Loops": 1,
          "Workers Planned": 5,
          "Workers Launched": 5,
          "Single Copy": false,
          "Plans": [
            {
              "Node Type": "Aggregate",
              "Strategy": "Plain",
              "Partial Mode": "Partial",
              "Parent Relationship": "Outer",
              "Parallel Aware": false,
              "Startup Cost": 304178.61,
              "Total Cost": 304178.62,
              "Plan Rows": 1,
              "Plan Width": 8,
              "Actual Startup Time": 4850.667,
              "Actual Total Time": 4850.781,
              "Actual Rows": 1,
              "Actual Loops": 6,
              "Plans": [
                {
                  "Node Type": "Hash Join",
                  "Parent Relationship": "Outer",
                  "Parallel Aware": true,
                  "Join Type": "Inner",
                  "Startup Cost": 94366.82,
                  "Total Cost": 301125.75,
                  "Plan Rows": 1221145,
                  "Plan Width": 0,
                  "Actual Startup Time": 550.778,
                  "Actual Total Time": 3512.101,
                  "Actual Rows": 31109524,
                  "Actual Loops": 6,
                  "Inner Unique": false,
                  "Hash Cond": "(mi.movie_id = t.id)",
                  "Plans": [
                    {
                      "Node Type": "Seq Scan",
                      "Parent Relationship": "Outer",
                      "Parallel Aware": true,
                      "Relation Name": "movie_info",
                      "Alias": "mi",
                      "Startup Cost": 0.0,
                      "Total Cost": 191685.19,
                      "Plan Rows": 2969219,
                      "Plan Width": 4,
                      "Actual Startup Time": 0.053,
                      "Actual Total Time": 298.969,
                      "Actual Rows": 2472620,
                      "Actual Loops": 6
                    },
                    {
                      "Node Type": "Hash",
                      "Parent Relationship": "Inner",
                      "Parallel Aware": true,
                      "Startup Cost": 90173.84,
                      "Total Cost": 90173.84,
                      "Plan Rows": 335438,
                      "Plan Width": 8,
                      "Actual Startup Time": 533.726,
                      "Actual Total Time": 533.838,
                      "Actual Rows": 365940,
                      "Actual Loops": 6,
                      "Hash Buckets": 4194304,
                      "Original Hash Buckets": 1048576,
                      "Hash Batches": 1,
                      "Original Hash Batches": 1,
                      "Peak Memory Usage": 143360,
                      "Plans": [
                        {
                          "Node Type": "Hash Join",
                          "Parent Relationship": "Outer",
                          "Parallel Aware": true,
                          "Join Type": "Inner",
                          "Startup Cost": 47295.76,
                          "Total Cost": 90173.84,
                          "Plan Rows": 335438,
                          "Plan Width": 8,
                          "Actual Startup Time": 168.464,
                          "Actual Total Time": 325.689,
                          "Actual Rows": 365940,
                          "Actual Loops": 6,
                          "Inner Unique": true,
                          "Hash Cond": "(mk.movie_id = t.id)",
                          "Plans": [
                            {
                              "Node Type": "Seq Scan",
                              "Parent Relationship": "Outer",
                              "Parallel Aware": true,
                              "Relation Name": "movie_keyword",
                              "Alias": "mk",
                              "Startup Cost": 0.0,
                              "Total Cost": 39047.32,
                              "Plan Rows": 1459332,
                              "Plan Width": 4,
                              "Actual Startup Time": 0.034,
                              "Actual Total Time": 72.689,
                              "Actual Rows": 753988,
                              "Actual Loops": 6
                            },
                            {
                              "Node Type": "Hash",
                              "Parent Relationship": "Inner",
                              "Parallel Aware": true,
                              "Startup Cost": 45479.59,
                              "Total Cost": 45479.59,
                              "Plan Rows": 145294,
                              "Plan Width": 4,
                              "Actual Startup Time": 137.453,
                              "Actual Total Time": 137.455,
                              "Actual Rows": 77857,
                              "Actual Loops": 6,
                              "Hash Buckets": 1048576,
                              "Original Hash Buckets": 1048576,
                              "Hash Batches": 1,
                              "Original Hash Batches": 1,
                              "Peak Memory Usage": 26560,
                              "Plans": [
                                {
                                  "Node Type": "Seq Scan",
                                  "Parent Relationship": "Outer",
                                  "Parallel Aware": true,
                                  "Relation Name": "title",
                                  "Alias": "t",
                                  "Startup Cost": 0.0,
                                  "Total Cost": 45479.59,
                                  "Plan Rows": 145294,
                                  "Plan Width": 4,
                                  "Actual Startup Time": 48.752,
                                  "Actual Total Time": 94.003,
                                  "Actual Rows": 77857,
                                  "Actual Loops": 6,
                                  "Filter": "((production_year > 1959) AND (kind_id = 1))",
                                  "Rows Removed by Filter": 343528
                                }
                              ]
                            }
                          ]
                        }
                      ]
                    }
                  ]
                }
              ]
            }
          ]
        }
      ]
    },
    "Planning Time": 1.323,
    "Triggers": [],
    "Execution Time": 4924.441
  }
]