[
  {
    "Plan": {
      "Node Type": "Aggregate",
      "Strategy": "Plain",
      "Partial Mode": "Finalize",
      "Parallel Aware": false,
      "Startup Cost": 239284.04,
      "Total Cost": 239284.05,
      "Plan Rows": 1,
      "Plan Width": 8,
      "Actual Startup Time": 302.96,
      "Actual Total Time": 336.256,
      "Actual Rows": 1,
      "Actual Loops": 1,
      "Plans": [
        {
          "Node Type": "Gather",
          "Parent Relationship": "Outer",
          "Parallel Aware": false,
          "Startup Cost": 239283.62,
          "Total Cost": 239284.03,
          "Plan Rows": 4,
          "Plan Width": 8,
          "Actual Startup Time": 302.809,
          "Actual Total Time": 336.247,
          "Actual Rows": 5,
          "Actual Loops": 1,
          "Workers Planned": 4,
          "Workers Launched": 4,
          "Single Copy": false,
          "Plans": [
            {
              "Node Type": "Aggregate",
              "Strategy": "Plain",
              "Partial Mode": "Partial",
              "Parent Relationship": "Outer",
              "Parallel Aware": false,
              "Startup Cost": 238283.62,
              "Total Cost": 238283.63,
              "Plan Rows": 1,
              "Plan Width": 8,
              "Actual Startup Time": 292.269,
              "Actual Total Time": 292.27,
              "Actual Rows": 1,
              "Actual Loops": 5,
              "Plans": [
                {
                  "Node Type": "Nested Loop",
                  "Parent Relationship": "Outer",
                  "Parallel Aware": false,
                  "Join Type": "Inner",
                  "Startup Cost": 0.43,
                  "Total Cost": 238257.87,
                  "Plan Rows": 10302,
                  "Plan Width": 0,
                  "Actual Startup Time": 67.284,
                  "Actual Total Time": 289.545,
                  "Actual Rows": 44302,
                  "Actual Loops": 5,
                  "Inner Unique": false,
                  "Plans": [
                    {
                      "Node Type": "Seq Scan",
                      "Parent Relationship": "Outer",
                      "Parallel Aware": true,
                      "Relation Name": "title",
                      "Alias": "t",
                      "Startup Cost": 0.0,
                      "Total Cost": 45479.1,
                      "Plan Rows": 7251,
                      "Plan Width": 4,
                      "Actual Startup Time": 67.119,
                      "Actual Total Time": 93.534,
                      "Actual Rows": 15573,
                      "Actual Loops": 5,
                      "Filter": "((kind_id < 7) AND (production_year < 1918))",
                      "Rows Removed by Filter": 490090
                    },
                    {
                      "Node Type": "Index Scan",
                      "Parent Relationship": "Inner",
                      "Parallel Aware": false,
                      "Scan Direction": "Forward",
                      "Index Name": "movie_id_movie_info",
                      "Relation Name": "movie_info",
                      "Alias": "mi",
                      "Startup Cost": 0.43,
                      "Total Cost": 26.49,
                      "Plan Rows": 10,
                      "Plan Width": 4,
                      "Actual Startup Time": 0.01,
                      "Actual Total Time": 0.012,
                      "Actual Rows": 3,
                      "Actual Loops": 77864,
                      "Index Cond": "(movie_id = t.id)",
                      "Rows Removed by Index Recheck": 0,
                      "Filter": "(info_type_id < 4)",
                      "Rows Removed by Filter": 8
                    }
                  ]
                }
              ]
            }
          ]
        }
      ]
    },
    "Planning Time": 0.701,
    "Triggers": [],
    "Execution Time": 336.343
  }
]