[
  {
    "Plan": {
      "Node Type": "Aggregate",
      "Strategy": "Plain",
      "Partial Mode": "Finalize",
      "Parallel Aware": false,
      "Startup Cost": 158297.68,
      "Total Cost": 158297.69,
      "Plan Rows": 1,
      "Plan Width": 8,
      "Actual Startup Time": 1887.902,
      "Actual Total Time": 1984.823,
      "Actual Rows": 1,
      "Actual Loops": 1,
      "Plans": [
        {
          "Node Type": "Gather",
          "Parent Relationship": "Outer",
          "Parallel Aware": false,
          "Startup Cost": 158297.36,
          "Total Cost": 158297.67,
          "Plan Rows": 3,
          "Plan Width": 8,
          "Actual Startup Time": 1880.114,
          "Actual Total Time": 1984.813,
          "Actual Rows": 4,
          "Actual Loops": 1,
          "Workers Planned": 3,
          "Workers Launched": 3,
          "Single Copy": false,
          "Plans": [
            {
              "Node Type": "Aggregate",
              "Strategy": "Plain",
              "Partial Mode": "Partial",
              "Parent Relationship": "Outer",
              "Parallel Aware": false,
              "Startup Cost": 157297.36,
              "Total Cost": 157297.37,
              "Plan Rows": 1,
              "Plan Width": 8,
              "Actual Startup Time": 1860.543,
              "Actual Total Time": 1860.547,
              "Actual Rows": 1,
              "Actual Loops": 4,
              "Plans": [
                {
                  "Node Type": "Nested Loop",
                  "Parent Relationship": "Outer",
                  "Parallel Aware": false,
                  "Join Type": "Inner",
                  "Startup Cost": 52639.65,
                  "Total Cost": 155981.06,
                  "Plan Rows": 526521,
                  "Plan Width": 0,
                  "Actual Startup Time": 368.384,
                  "Actual Total Time": 1800.825,
                  "Actual Rows": 1193967,
                  "Actual Loops": 4,
                  "Inner Unique": false,
                  "Plans": [
                    {
                      "Node Type": "Hash Join",
                      "Parent Relationship": "Outer",
                      "Parallel Aware": true,
                      "Join Type": "Inner",
                      "Startup Cost": 52639.08,
                      "Total Cost": 77648.52,
                      "Plan Rows": 36723,
                      "Plan Width": 8,
                      "Actual Startup Time": 368.293,
                      "Actual Total Time": 425.647,
                      "Actual Rows": 29150,
                      "Actual Loops": 4,
                      "Inner Unique": true,
                      "Hash Cond": "(mk.movie_id = t.id)",
                      "Plans": [
                        {
                          "Node Type": "Bitmap Heap Scan",
                          "Parent Relationship": "Outer",
                          "Parallel Aware": true,
                          "Relation Name": "movie_keyword",
                          "Alias": "mk",
                          "Startup Cost": 2418.7,
                          "Total Cost": 27331.74,
                          "Plan Rows": 36723,
                          "Plan Width": 4,
                          "Actual Startup Time": 11.642,
                          "Actual Total Time": 38.401,
                          "Actual Rows": 29150,
                          "Actual Loops": 4,
                          "Recheck Cond": "(keyword_id < 113)",
                          "Rows Removed by Index Recheck": 0,
                          "Exact Heap Blocks": 6491,
                          "Lossy Heap Blocks": 0,
                          "Plans": [
                            {
                              "Node Type": "Bitmap Index Scan",
                              "Parent Relationship": "Outer",
                              "Parallel Aware": false,
                              "Index Name": "keyword_id_movie_keyword",
                              "Startup Cost": 0.0,
                              "Total Cost": 2390.24,
                              "Plan Rows": 113841,
                              "Plan Width": 0,
                              "Actual Startup Time": 8.269,
                              "Actual Total Time": 8.271,
                              "Actual Rows": 116602,
                              "Actual Loops": 1,
                              "Index Cond": "(keyword_id < 113)"
                            }
                          ]
                        },
                        {
                          "Node Type": "Hash",
                          "Parent Relationship": "Inner",
                          "Parallel Aware": true,
                          "Startup Cost": 42319.06,
                          "Total Cost": 42319.06,
                          "Plan Rows": 632106,
                          "Plan Width": 4,
                          "Actual Startup Time": 344.992,
                          "Actual Total Time": 344.992,
                          "Actual Rows": 632078,
                          "Actual Loops": 4,
                          "Hash Buckets": 4194304,
                          "Original Hash Buckets": 4194304,
                          "Hash Batches": 1,
                          "Original Hash Batches": 1,
                          "Peak Memory Usage": 131776,
                          "Plans": [
                            {
                              "Node Type": "Seq Scan",
                              "Parent Relationship": "Outer",
                              "Parallel Aware": true,
                              "Relation Name": "title",
                              "Alias": "t",
                              "Startup Cost": 0.0,
                              "Total Cost": 42319.06,
                              "Plan Rows": 632106,
                              "Plan Width": 4,
                              "Actual Startup Time": 0.042,
                              "Actual Total Time": 99.217,
                              "Actual Rows": 632078,
                              "Actual Loops": 4
                            }
                          ]
                        }
                      ]
                    },
                    {
                      "Node Type": "Index Only Scan",
                      "Parent Relationship": "Inner",
                      "Parallel Aware": false,
                      "Scan Direction": "Forward",
                      "Index Name": "movie_id_cast_info",
                      "Relation Name": "cast_info",
                      "Alias": "ci",
                      "Startup Cost": 0.56,
                      "Total Cost": 1.78,
                      "Plan Rows": 35,
                      "Plan Width": 4,
                      "Actual Startup Time": 0.006,
                      "Actual Total Time": 0.044,
                      "Actual Rows": 41,
                      "Actual Loops": 116602,
                      "Index Cond": "(movie_id = t.id)",
                      "Rows Removed by Index Recheck": 0,
                      "Heap Fetches": 4775869
                    }
                  ]
                }
              ]
            }
          ]
        }
      ]
    },
    "Planning Time": 1.291,
    "Triggers": [],
    "Execution Time": 1984.957
  }
]