[
  {
    "Plan": {
      "Node Type": "Aggregate",
      "Strategy": "Plain",
      "Partial Mode": "Finalize",
      "Parallel Aware": false,
      "Startup Cost": 125123.68,
      "Total Cost": 125123.69,
      "Plan Rows": 1,
      "Plan Width": 8,
      "Actual Startup Time": 639.331,
      "Actual Total Time": 660.879,
      "Actual Rows": 1,
      "Actual Loops": 1,
      "Plans": [
        {
          "Node Type": "Gather",
          "Parent Relationship": "Outer",
          "Parallel Aware": false,
          "Startup Cost": 125123.37,
          "Total Cost": 125123.68,
          "Plan Rows": 3,
          "Plan Width": 8,
          "Actual Startup Time": 615.103,
          "Actual Total Time": 660.866,
          "Actual Rows": 4,
          "Actual Loops": 1,
          "Workers Planned": 3,
          "Workers Launched": 3,
          "Single Copy": false,
          "Plans": [
            {
              "Node Type": "Aggregate",
              "Strategy": "Plain",
              "Partial Mode": "Partial",
              "Parent Relationship": "Outer",
              "Parallel Aware": false,
              "Startup Cost": 124123.37,
              "Total Cost": 124123.38,
              "Plan Rows": 1,
              "Plan Width": 8,
              "Actual Startup Time": 594.532,
              "Actual Total Time": 594.541,
              "Actual Rows": 1,
              "Actual Loops": 4,
              "Plans": [
                {
                  "Node Type": "Hash Join",
                  "Parent Relationship": "Outer",
                  "Parallel Aware": true,
                  "Join Type": "Inner",
                  "Startup Cost": 76237.96,
                  "Total Cost": 123960.93,
                  "Plan Rows": 64975,
                  "Plan Width": 0,
                  "Actual Startup Time": 419.267,
                  "Actual Total Time": 592.912,
                  "Actual Rows": 38304,
                  "Actual Loops": 4,
                  "Inner Unique": false,
                  "Hash Cond": "(mk.movie_id = t.id)",
                  "Plans": [
                    {
                      "Node Type": "Seq Scan",
                      "Parent Relationship": "Outer",
                      "Parallel Aware": true,
                      "Relation Name": "movie_keyword",
                      "Alias": "mk",
                      "Startup Cost": 0.0,
                      "Total Cost": 42695.65,
                      "Plan Rows": 1284725,
                      "Plan Width": 4,
                      "Actual Startup Time": 0.027,
                      "Actual Total Time": 110.642,
                      "Actual Rows": 995632,
                      "Actual Loops": 4,
                      "Filter": "(keyword_id > 382)",
                      "Rows Removed by Filter": 135350
                    },
                    {
                      "Node Type": "Hash",
                      "Parent Relationship": "Inner",
                      "Parallel Aware": true,
                      "Startup Cost": 75722.33,
                      "Total Cost": 75722.33,
                      "Plan Rows": 41250,
                      "Plan Width": 8,
                      "Actual Startup Time": 417.395,
                      "Actual Total Time": 417.401,
                      "Actual Rows": 14189,
                      "Actual Loops": 4,
                      "Hash Buckets": 131072,
                      "Original Hash Buckets": 131072,
                      "Hash Batches": 1,
                      "Original Hash Batches": 1,
                      "Peak Memory Usage": 3296,
                      "Plans": [
                        {
                          "Node Type": "Hash Join",
                          "Parent Relationship": "Outer",
                          "Parallel Aware": true,
                          "Join Type": "Inner",
                          "Startup Cost": 55613.36,
                          "Total Cost": 75722.33,
                          "Plan Rows": 41250,
                          "Plan Width": 8,
                          "Actual Startup Time": 388.82,
                          "Actual Total Time": 412.196,
                          "Actual Rows": 14189,
                          "Actual Loops": 4,
                          "Inner Unique": true,
                          "Hash Cond": "(mc.movie_id = t.id)",
                          "Plans": [
                            {
                              "Node Type": "Bitmap Heap Scan",
                              "Parent Relationship": "Outer",
                              "Parallel Aware": true,
                              "Relation Name": "movie_companies",
                              "Alias": "mc",
                              "Startup Cost": 5392.97,
                              "Total Cost": 25393.67,
                              "Plan Rows": 41250,
                              "Plan Width": 4,
                              "Actual Startup Time": 35.72,
                              "Actual Total Time": 45.877,
                              "Actual Rows": 14189,
                              "Actual Loops": 4,
                              "Recheck Cond": "(company_id < 114)",
                              "Rows Removed by Index Recheck": 0,
                              "Filter": "(company_type_id = 2)",
                              "Rows Removed by Filter": 46792,
                              "Exact Heap Blocks": 6358,
                              "Lossy Heap Blocks": 0,
                              "Plans": [
                                {
                                  "Node Type": "Bitmap Index Scan",
                                  "Parent Relationship": "Outer",
                                  "Parallel Aware": false,
                                  "Index Name": "company_id_movie_companies",
                                  "Startup Cost": 0.0,
                                  "Total Cost": 5361.01,
                                  "Plan Rows": 250210,
                                  "Plan Width": 0,
                                  "Actual Startup Time": 11.207,
                                  "Actual Total Time": 11.208,
                                  "Actual Rows": 243927,
                                  "Actual Loops": 1,
                                  "Index Cond": "(company_id < 114)"
                                }
                              ]
                            },
                            {
                              "Node Type": "Hash",
                              "Parent Relationship": "Inner",
                              "Parallel Aware": true,
                              "Startup Cost": 42319.06,
                              "Total Cost": 42319.06,
                              "Plan Rows": 632106,
                              "Plan Width": 4,
                              "Actual Startup Time": 343.351,
                              "Actual Total Time": 343.352,
                              "Actual Rows": 632078,
                              "Actual Loops": 4,
                              "Hash Buckets": 4194304,
                              "Original Hash Buckets": 4194304,
                              "Hash Batches": 1,
                              "Original Hash Batches": 1,
                              "Peak Memory Usage": 131744,
                              "Plans": [
                                {
                                  "Node Type": "Seq Scan",
                                  "Parent Relationship": "Outer",
                                  "Parallel Aware": true,
                                  "Relation Name": "title",
                                  "Alias": "t",
                                  "Startup Cost": 0.0,
                                  "Total Cost": 42319.06,
                                  "Plan Rows": 632106,
                                  "Plan Width": 4,
                                  "Actual Startup Time": 0.043,
                                  "Actual Total Time": 100.658,
                                  "Actual Rows": 632078,
                                  "Actual Loops": 4
                                }
                              ]
                            }
                          ]
                        }
                      ]
                    }
                  ]
                }
              ]
            }
          ]
        }
      ]
    },
    "Planning Time": 1.485,
    "Triggers": [],
    "Execution Time": 660.989
  }
]