[
  {
    "Plan": {
      "Node Type": "Aggregate",
      "Strategy": "Plain",
      "Partial Mode": "Finalize",
      "Parallel Aware": false,
      "Startup Cost": 120628.67,
      "Total Cost": 120628.68,
      "Plan Rows": 1,
      "Plan Width": 8,
      "Actual Startup Time": 405.139,
      "Actual Total Time": 427.783,
      "Actual Rows": 1,
      "Actual Loops": 1,
      "Plans": [
        {
          "Node Type": "Gather",
          "Parent Relationship": "Outer",
          "Parallel Aware": false,
          "Startup Cost": 120628.36,
          "Total Cost": 120628.67,
          "Plan Rows": 3,
          "Plan Width": 8,
          "Actual Startup Time": 404.287,
          "Actual Total Time": 427.774,
          "Actual Rows": 4,
          "Actual Loops": 1,
          "Workers Planned": 3,
          "Workers Launched": 3,
          "Single Copy": false,
          "Plans": [
            {
              "Node Type": "Aggregate",
              "Strategy": "Plain",
              "Partial Mode": "Partial",
              "Parent Relationship": "Outer",
              "Parallel Aware": false,
              "Startup Cost": 119628.36,
              "Total Cost": 119628.37,
              "Plan Rows": 1,
              "Plan Width": 8,
              "Actual Startup Time": 394.625,
              "Actual Total Time": 394.631,
              "Actual Rows": 1,
              "Actual Loops": 4,
              "Plans": [
                {
                  "Node Type": "Hash Join",
                  "Parent Relationship": "Outer",
                  "Parallel Aware": true,
                  "Join Type": "Inner",
                  "Startup Cost": 71779.84,
                  "Total Cost": 119468.65,
                  "Plan Rows": 63881,
                  "Plan Width": 0,
                  "Actual Startup Time": 222.56,
                  "Actual Total Time": 393.078,
                  "Actual Rows": 38304,
                  "Actual Loops": 4,
                  "Inner Unique": false,
                  "Hash Cond": "(mk.movie_id = t.id)",
                  "Plans": [
                    {
                      "Node Type": "Seq Scan",
                      "Parent Relationship": "Outer",
                      "Parallel Aware": true,
                      "Relation Name": "movie_keyword",
                      "Alias": "mk",
                      "Startup Cost": 0.0,
                      "Total Cost": 42695.65,
                      "Plan Rows": 1288924,
                      "Plan Width": 4,
                      "Actual Startup Time": 0.043,
                      "Actual Total Time": 106.588,
                      "Actual Rows": 995632,
                      "Actual Loops": 4,
                      "Filter": "(keyword_id > 382)",
                      "Rows Removed by Filter": 135350
                    },
                    {
                      "Node Type": "Hash",
                      "Parent Relationship": "Inner",
                      "Parallel Aware": true,
                      "Startup Cost": 71388.26,
                      "Total Cost": 71388.26,
                      "Plan Rows": 31326,
                      "Plan Width": 8,
                      "Actual Startup Time": 220.772,
                      "Actual Total Time": 220.776,
                      "Actual Rows": 14189,
                      "Actual Loops": 4,
                      "Hash Buckets": 131072,
                      "Original Hash Buckets": 131072,
                      "Hash Batches": 1,
                      "Original Hash Batches": 1,
                      "Peak Memory Usage": 3328,
                      "Plans": [
                        {
                          "Node Type": "Hash Join",
                          "Parent Relationship": "Outer",
                          "Parallel Aware": true,
                          "Join Type": "Inner",
                          "Startup Cost": 25808.11,
                          "Total Cost": 71388.26,
                          "Plan Rows": 31326,
                          "Plan Width": 8,
                          "Actual Startup Time": 72.876,
                          "Actual Total Time": 215.397,
                          "Actual Rows": 14189,
                          "Actual Loops": 4,
                          "Inner Unique": false,
                          "Hash Cond": "(t.id = mc.movie_id)",
                          "Plans": [
                            {
                              "Node Type": "Seq Scan",
                              "Parent Relationship": "Outer",
                              "Parallel Aware": true,
                              "Relation Name": "title",
                              "Alias": "t",
                              "Startup Cost": 0.0,
                              "Total Cost": 42318.73,
                              "Plan Rows": 632073,
                              "Plan Width": 4,
                              "Actual Startup Time": 0.01,
                              "Actual Total Time": 72.01,
                              "Actual Rows": 632078,
                              "Actual Loops": 4
                            },
                            {
                              "Node Type": "Hash",
                              "Parent Relationship": "Inner",
                              "Parallel Aware": true,
                              "Startup Cost": 25302.85,
                              "Total Cost": 25302.85,
                              "Plan Rows": 40421,
                              "Plan Width": 4,
                              "Actual Startup Time": 72.312,
                              "Actual Total Time": 72.314,
                              "Actual Rows": 14189,
                              "Actual Loops": 4,
                              "Hash Buckets": 131072,
                              "Original Hash Buckets": 131072,
                              "Hash Batches": 1,
                              "Original Hash Batches": 1,
                              "Peak Memory Usage": 3328,
                              "Plans": [
                                {
                                  "Node Type": "Bitmap Heap Scan",
                                  "Parent Relationship": "Outer",
                                  "Parallel Aware": true,
                                  "Relation Name": "movie_companies",
                                  "Alias": "mc",
                                  "Startup Cost": 5318.7,
                                  "Total Cost": 25302.85,
                                  "Plan Rows": 40421,
                                  "Plan Width": 4,
                                  "Actual Startup Time": 56.626,
                                  "Actual Total Time": 68.14,
                                  "Actual Rows": 14189,
                                  "Actual Loops": 4,
                                  "Recheck Cond": "(company_id < 114)",
                                  "Rows Removed by Index Recheck": 0,
                                  "Filter": "(company_type_id = 2)",
                                  "Rows Removed by Filter": 46792,
                                  "Exact Heap Blocks": 10834,
                                  "Lossy Heap Blocks": 0,
                                  "Plans": [
                                    {
                                      "Node Type": "Bitmap Index Scan",
                                      "Parent Relationship": "Outer",
                                      "Parallel Aware": false,
                                      "Index Name": "company_id_movie_companies",
                                      "Startup Cost": 0.0,
                                      "Total Cost": 5287.37,
                                      "Plan Rows": 246792,
                                      "Plan Width": 0,
                                      "Actual Startup Time": 24.406,
                                      "Actual Total Time": 24.406,
                                      "Actual Rows": 243927,
                                      "Actual Loops": 1,
                                      "Index Cond": "(company_id < 114)"
                                    }
                                  ]
                                }
                              ]
                            }
                          ]
                        }
                      ]
                    }
                  ]
                }
              ]
            }
          ]
        }
      ]
    },
    "Planning Time": 1.557,
    "Triggers": [],
    "Execution Time": 427.893
  }
]