{
  "Plan": {
    "Node Type": "Aggregate",
    "Strategy": "Plain",
    "Partial Mode": "Finalize",
    "Parallel Aware": false,
    "Startup Cost": 94554.46,
    "Total Cost": 94554.47,
    "Plan Rows": 1,
    "Plan Width": 8,
    "Actual Startup Time": 347.074,
    "Actual Total Time": 358.591,
    "Actual Rows": 1,
    "Actual Loops": 1,
    "Plans": [
      {
        "Node Type": "Gather",
        "Parent Relationship": "Outer",
        "Parallel Aware": false,
        "Startup Cost": 94554.35,
        "Total Cost": 94554.46,
        "Plan Rows": 1,
        "Plan Width": 8,
        "Actual Startup Time": 346.616,
        "Actual Total Time": 358.582,
        "Actual Rows": 2,
        "Actual Loops": 1,
        "Workers Planned": 1,
        "Workers Launched": 1,
        "Single Copy": false,
        "Plans": [
          {
            "Node Type": "Aggregate",
            "Strategy": "Plain",
            "Partial Mode": "Partial",
            "Parent Relationship": "Outer",
            "Parallel Aware": false,
            "Startup Cost": 93554.35,
            "Total Cost": 93554.36,
            "Plan Rows": 1,
            "Plan Width": 8,
            "Actual Startup Time": 340.214,
            "Actual Total Time": 340.218,
            "Actual Rows": 1,
            "Actual Loops": 2,
            "Plans": [
              {
                "Node Type": "Nested Loop",
                "Parent Relationship": "Outer",
                "Parallel Aware": false,
                "Join Type": "Inner",
                "Startup Cost": 23032.09,
                "Total Cost": 93539.42,
                "Plan Rows": 5974,
                "Plan Width": 0,
                "Actual Startup Time": 160.84,
                "Actual Total Time": 338.266,
                "Actual Rows": 36432,
                "Actual Loops": 2,
                "Inner Unique": false,
                "Plans": [
                  {
                    "Node Type": "Hash Join",
                    "Parent Relationship": "Outer",
                    "Parallel Aware": true,
                    "Join Type": "Inner",
                    "Startup Cost": 23031.67,
                    "Total Cost": 83662.71,
                    "Plan Rows": 16432,
                    "Plan Width": 8,
                    "Actual Startup Time": 160.773,
                    "Actual Total Time": 254.694,
                    "Actual Rows": 32716,
                    "Actual Loops": 2,
                    "Inner Unique": false,
                    "Hash Cond": "(t.id = mc.movie_id)",
                    "Plans": [
                      {
                        "Node Type": "Seq Scan",
                        "Parent Relationship": "Outer",
                        "Parallel Aware": true,
                        "Relation Name": "title",
                        "Alias": "t",
                        "Startup Cost": 0.0,
                        "Total Cost": 58306.47,
                        "Plan Rows": 356466,
                        "Plan Width": 4,
                        "Actual Startup Time": 0.012,
                        "Actual Total Time": 138.387,
                        "Actual Rows": 337845,
                        "Actual Loops": 2,
                        "Filter": "((kind_id < 7) AND (production_year < 2007))",
                        "Rows Removed by Filter": 926311
                      },
                      {
                        "Node Type": "Hash",
                        "Parent Relationship": "Inner",
                        "Parallel Aware": true,
                        "Startup Cost": 22174.68,
                        "Total Cost": 22174.68,
                        "Plan Rows": 68559,
                        "Plan Width": 4,
                        "Actual Startup Time": 53.318,
                        "Actual Total Time": 53.32,
                        "Actual Rows": 55845,
                        "Actual Loops": 2,
                        "Hash Buckets": 131072,
                        "Original Hash Buckets": 131072,
                        "Hash Batches": 1,
                        "Original Hash Batches": 1,
                        "Peak Memory Usage": 5440,
                        "Plans": [
                          {
                            "Node Type": "Bitmap Heap Scan",
                            "Parent Relationship": "Outer",
                            "Parallel Aware": true,
                            "Relation Name": "movie_companies",
                            "Alias": "mc",
                            "Startup Cost": 2527.69,
                            "Total Cost": 22174.68,
                            "Plan Rows": 68559,
                            "Plan Width": 4,
                            "Actual Startup Time": 11.865,
                            "Actual Total Time": 36.069,
                            "Actual Rows": 55845,
                            "Actual Loops": 2,
                            "Recheck Cond": "(company_id > 150942)",
                            "Rows Removed by Index Recheck": 0,
                            "Exact Heap Blocks": 2565,
                            "Lossy Heap Blocks": 0,
                            "Plans": [
                              {
                                "Node Type": "Bitmap Index Scan",
                                "Parent Relationship": "Outer",
                                "Parallel Aware": false,
                                "Index Name": "company_id_movie_companies",
                                "Startup Cost": 0.0,
                                "Total Cost": 2498.55,
                                "Plan Rows": 116550,
                                "Plan Width": 0,
                                "Actual Startup Time": 14.935,
                                "Actual Total Time": 14.935,
                                "Actual Rows": 111690,
                                "Actual Loops": 1,
                                "Index Cond": "(company_id > 150942)"
                              }
                            ]
                          }
                        ]
                      }
                    ]
                  },
                  {
                    "Node Type": "Index Scan",
                    "Parent Relationship": "Inner",
                    "Parallel Aware": false,
                    "Scan Direction": "Forward",
                    "Index Name": "movie_id_movie_info_idx",
                    "Relation Name": "movie_info_idx",
                    "Alias": "mi_idx",
                    "Startup Cost": 0.43,
                    "Total Cost": 0.58,
                    "Plan Rows": 2,
                    "Plan Width": 4,
                    "Actual Startup Time": 0.002,
                    "Actual Total Time": 0.002,
                    "Actual Rows": 1,
                    "Actual Loops": 65432,
                    "Index Cond": "(movie_id = t.id)",
                    "Rows Removed by Index Recheck": 0,
                    "Filter": "(info_type_id < 101)",
                    "Rows Removed by Filter": 1
                  }
                ]
              }
            ]
          }
        ]
      }
    ]
  },
  "Planning Time": 0.895,
  "Triggers": [],
  "Execution Time": 358.7
}