{
  "Plan": {
    "Node Type": "Aggregate",
    "Strategy": "Plain",
    "Partial Mode": "Finalize",
    "Parallel Aware": false,
    "Startup Cost": 651918.6,
    "Total Cost": 651918.61,
    "Plan Rows": 1,
    "Plan Width": 8,
    "Actual Startup Time": 6708.668,
    "Actual Total Time": 6758.496,
    "Actual Rows": 1,
    "Actual Loops": 1,
    "Plans": [
      {
        "Node Type": "Gather",
        "Parent Relationship": "Outer",
        "Parallel Aware": false,
        "Startup Cost": 651918.48,
        "Total Cost": 651918.59,
        "Plan Rows": 1,
        "Plan Width": 8,
        "Actual Startup Time": 6704.981,
        "Actual Total Time": 6758.487,
        "Actual Rows": 2,
        "Actual Loops": 1,
        "Workers Planned": 1,
        "Workers Launched": 1,
        "Single Copy": false,
        "Plans": [
          {
            "Node Type": "Aggregate",
            "Strategy": "Plain",
            "Partial Mode": "Partial",
            "Parent Relationship": "Outer",
            "Parallel Aware": false,
            "Startup Cost": 650918.48,
            "Total Cost": 650918.49,
            "Plan Rows": 1,
            "Plan Width": 8,
            "Actual Startup Time": 6698.082,
            "Actual Total Time": 6698.085,
            "Actual Rows": 1,
            "Actual Loops": 2,
            "Plans": [
              {
                "Node Type": "Hash Join",
                "Parent Relationship": "Outer",
                "Parallel Aware": true,
                "Join Type": "Inner",
                "Startup Cost": 71112.03,
                "Total Cost": 626857.87,
                "Plan Rows": 9624245,
                "Plan Width": 0,
                "Actual Startup Time": 1030.483,
                "Actual Total Time": 6340.444,
                "Actual Rows": 8361778,
                "Actual Loops": 2,
                "Inner Unique": true,
                "Hash Cond": "(ci.movie_id = t.id)",
                "Plans": [
                  {
                    "Node Type": "Seq Scan",
                    "Parent Relationship": "Outer",
                    "Parallel Aware": true,
                    "Relation Name": "cast_info",
                    "Alias": "ci",
                    "Startup Cost": 0.0,
                    "Total Cost": 519069.44,
                    "Plan Rows": 13971936,
                    "Plan Width": 4,
                    "Actual Startup Time": 562.328,
                    "Actual Total Time": 1864.786,
                    "Actual Rows": 11786828,
                    "Actual Loops": 2,
                    "Filter": "(role_id > 1)",
                    "Rows Removed by Filter": 6335344
                  },
                  {
                    "Node Type": "Hash",
                    "Parent Relationship": "Inner",
                    "Parallel Aware": true,
                    "Startup Cost": 58306.47,
                    "Total Cost": 58306.47,
                    "Plan Rows": 1024445,
                    "Plan Width": 4,
                    "Actual Startup Time": 453.833,
                    "Actual Total Time": 453.834,
                    "Actual Rows": 899952,
                    "Actual Loops": 2,
                    "Hash Buckets": 2097152,
                    "Original Hash Buckets": 2097152,
                    "Hash Batches": 1,
                    "Original Hash Batches": 1,
                    "Peak Memory Usage": 86816,
                    "Plans": [
                      {
                        "Node Type": "Seq Scan",
                        "Parent Relationship": "Outer",
                        "Parallel Aware": true,
                        "Relation Name": "title",
                        "Alias": "t",
                        "Startup Cost": 0.0,
                        "Total Cost": 58306.47,
                        "Plan Rows": 1024445,
                        "Plan Width": 4,
                        "Actual Startup Time": 0.029,
                        "Actual Total Time": 201.009,
                        "Actual Rows": 899952,
                        "Actual Loops": 2,
                        "Filter": "((kind_id > 1) AND (production_year > 1923))",
                        "Rows Removed by Filter": 364204
                      }
                    ]
                  }
                ]
              }
            ]
          }
        ]
      }
    ]
  },
  "Planning Time": 0.576,
  "Triggers": [],
  "Execution Time": 6758.564
}