[
    {
        "Bao": {
            "Bao prediction": "NaN",
            "Bao recommended hint": "(no hint)"
        }
    },
    {
        "Plan": {
            "Node Type": "Aggregate",
            "Strategy": "Plain",
            "Partial Mode": "Finalize",
            "Parallel Aware": false,
            "Startup Cost": 92927.78,
            "Total Cost": 92927.79,
            "Plan Rows": 1,
            "Plan Width": 8,
            "Actual Startup Time": 405.796,
            "Actual Total Time": 417.285,
            "Actual Rows": 1,
            "Actual Loops": 1,
            "Output": [
                "count(*)"
            ],
            "Plans": [
                {
                    "Node Type": "Gather",
                    "Parent Relationship": "Outer",
                    "Parallel Aware": false,
                    "Startup Cost": 92927.47,
                    "Total Cost": 92927.78,
                    "Plan Rows": 3,
                    "Plan Width": 8,
                    "Actual Startup Time": 402.66,
                    "Actual Total Time": 417.275,
                    "Actual Rows": 4,
                    "Actual Loops": 1,
                    "Output": [
                        "(PARTIAL count(*))"
                    ],
                    "Workers Planned": 3,
                    "Workers Launched": 3,
                    "Single Copy": false,
                    "Plans": [
                        {
                            "Node Type": "Aggregate",
                            "Strategy": "Plain",
                            "Partial Mode": "Partial",
                            "Parent Relationship": "Outer",
                            "Parallel Aware": false,
                            "Startup Cost": 91927.47,
                            "Total Cost": 91927.48,
                            "Plan Rows": 1,
                            "Plan Width": 8,
                            "Actual Startup Time": 394.344,
                            "Actual Total Time": 394.348,
                            "Actual Rows": 1,
                            "Actual Loops": 4,
                            "Output": [
                                "PARTIAL count(*)"
                            ],
                            "Workers": [
                                {
                                    "Worker Number": 0,
                                    "Actual Startup Time": 391.455,
                                    "Actual Total Time": 391.458,
                                    "Actual Rows": 1,
                                    "Actual Loops": 1
                                },
                                {
                                    "Worker Number": 1,
                                    "Actual Startup Time": 392.249,
                                    "Actual Total Time": 392.252,
                                    "Actual Rows": 1,
                                    "Actual Loops": 1
                                },
                                {
                                    "Worker Number": 2,
                                    "Actual Startup Time": 391.56,
                                    "Actual Total Time": 391.563,
                                    "Actual Rows": 1,
                                    "Actual Loops": 1
                                }
                            ],
                            "Plans": [
                                {
                                    "Node Type": "Hash Join",
                                    "Parent Relationship": "Outer",
                                    "Parallel Aware": true,
                                    "Join Type": "Inner",
                                    "Startup Cost": 47009.89,
                                    "Total Cost": 91321.51,
                                    "Plan Rows": 242384,
                                    "Plan Width": 0,
                                    "Actual Startup Time": 177.353,
                                    "Actual Total Time": 375.167,
                                    "Actual Rows": 412638,
                                    "Actual Loops": 4,
                                    "Inner Unique": true,
                                    "Hash Cond": "(mk.movie_id = t.id)",
                                    "Workers": [
                                        {
                                            "Worker Number": 0,
                                            "Actual Startup Time": 174.628,
                                            "Actual Total Time": 372.523,
                                            "Actual Rows": 447118,
                                            "Actual Loops": 1
                                        },
                                        {
                                            "Worker Number": 1,
                                            "Actual Startup Time": 174.755,
                                            "Actual Total Time": 372.197,
                                            "Actual Rows": 290918,
                                            "Actual Loops": 1
                                        },
                                        {
                                            "Worker Number": 2,
                                            "Actual Startup Time": 174.662,
                                            "Actual Total Time": 372.619,
                                            "Actual Rows": 443633,
                                            "Actual Loops": 1
                                        }
                                    ],
                                    "Plans": [
                                        {
                                            "Node Type": "Seq Scan",
                                            "Parent Relationship": "Outer",
                                            "Parallel Aware": true,
                                            "Relation Name": "movie_keyword",
                                            "Schema": "public",
                                            "Alias": "mk",
                                            "Startup Cost": 0.0,
                                            "Total Cost": 42695.65,
                                            "Plan Rows": 615604,
                                            "Plan Width": 4,
                                            "Actual Startup Time": 0.016,
                                            "Actual Total Time": 103.707,
                                            "Actual Rows": 476653,
                                            "Actual Loops": 4,
                                            "Output": [
                                                "mk.id",
                                                "mk.movie_id",
                                                "mk.keyword_id"
                                            ],
                                            "Filter": "(mk.keyword_id < 3270)",
                                            "Rows Removed by Filter": 654330,
                                            "Workers": [
                                                {
                                                    "Worker Number": 0,
                                                    "Actual Startup Time": 0.018,
                                                    "Actual Total Time": 104.037,
                                                    "Actual Rows": 516101,
                                                    "Actual Loops": 1
                                                },
                                                {
                                                    "Worker Number": 1,
                                                    "Actual Startup Time": 0.016,
                                                    "Actual Total Time": 107.518,
                                                    "Actual Rows": 335438,
                                                    "Actual Loops": 1
                                                },
                                                {
                                                    "Worker Number": 2,
                                                    "Actual Startup Time": 0.015,
                                                    "Actual Total Time": 104.2,
                                                    "Actual Rows": 510533,
                                                    "Actual Loops": 1
                                                }
                                            ]
                                        },
                                        {
                                            "Node Type": "Hash",
                                            "Parent Relationship": "Inner",
                                            "Parallel Aware": true,
                                            "Startup Cost": 43899.01,
                                            "Total Cost": 43899.01,
                                            "Plan Rows": 248871,
                                            "Plan Width": 4,
                                            "Actual Startup Time": 174.462,
                                            "Actual Total Time": 174.463,
                                            "Actual Rows": 246262,
                                            "Actual Loops": 4,
                                            "Output": [
                                                "t.id"
                                            ],
                                            "Hash Buckets": 1048576,
                                            "Original Hash Buckets": 1048576,
                                            "Hash Batches": 1,
                                            "Original Hash Batches": 1,
                                            "Peak Memory Usage": 46784,
                                            "Workers": [
                                                {
                                                    "Worker Number": 0,
                                                    "Actual Startup Time": 173.73,
                                                    "Actual Total Time": 173.731,
                                                    "Actual Rows": 253101,
                                                    "Actual Loops": 1
                                                },
                                                {
                                                    "Worker Number": 1,
                                                    "Actual Startup Time": 173.838,
                                                    "Actual Total Time": 173.84,
                                                    "Actual Rows": 182991,
                                                    "Actual Loops": 1
                                                },
                                                {
                                                    "Worker Number": 2,
                                                    "Actual Startup Time": 173.827,
                                                    "Actual Total Time": 173.828,
                                                    "Actual Rows": 250975,
                                                    "Actual Loops": 1
                                                }
                                            ],
                                            "Plans": [
                                                {
                                                    "Node Type": "Seq Scan",
                                                    "Parent Relationship": "Outer",
                                                    "Parallel Aware": true,
                                                    "Relation Name": "title",
                                                    "Schema": "public",
                                                    "Alias": "t",
                                                    "Startup Cost": 0.0,
                                                    "Total Cost": 43899.01,
                                                    "Plan Rows": 248871,
                                                    "Plan Width": 4,
                                                    "Actual Startup Time": 0.046,
                                                    "Actual Total Time": 94.331,
                                                    "Actual Rows": 246262,
                                                    "Actual Loops": 4,
                                                    "Output": [
                                                        "t.id"
                                                    ],
                                                    "Filter": "(t.kind_id < 7)",
                                                    "Rows Removed by Filter": 385816,
                                                    "Workers": [
                                                        {
                                                            "Worker Number": 0,
                                                            "Actual Startup Time": 0.057,
                                                            "Actual Total Time": 94.198,
                                                            "Actual Rows": 253101,
                                                            "Actual Loops": 1
                                                        },
                                                        {
                                                            "Worker Number": 1,
                                                            "Actual Startup Time": 0.064,
                                                            "Actual Total Time": 97.932,
                                                            "Actual Rows": 182991,
                                                            "Actual Loops": 1
                                                        },
                                                        {
                                                            "Worker Number": 2,
                                                            "Actual Startup Time": 0.049,
                                                            "Actual Total Time": 94.037,
                                                            "Actual Rows": 250975,
                                                            "Actual Loops": 1
                                                        }
                                                    ]
                                                }
                                            ]
                                        }
                                    ]
                                }
                            ]
                        }
                    ]
                }
            ]
        },
        "Planning Time": 188.469,
        "Triggers": [],
        "Execution Time": 417.378
    }
]