{
  "Plan": {
    "Node Type": "Aggregate",
    "Strategy": "Plain",
    "Partial Mode": "Finalize",
    "Parallel Aware": false,
    "Startup Cost": 104366.43,
    "Total Cost": 104366.44,
    "Plan Rows": 1,
    "Plan Width": 8,
    "Actual Startup Time": 407.843,
    "Actual Total Time": 423.948,
    "Actual Rows": 1,
    "Actual Loops": 1,
    "Plans": [
      {
        "Node Type": "Gather",
        "Parent Relationship": "Outer",
        "Parallel Aware": false,
        "Startup Cost": 104366.31,
        "Total Cost": 104366.42,
        "Plan Rows": 1,
        "Plan Width": 8,
        "Actual Startup Time": 406.816,
        "Actual Total Time": 423.939,
        "Actual Rows": 2,
        "Actual Loops": 1,
        "Workers Planned": 1,
        "Workers Launched": 1,
        "Single Copy": false,
        "Plans": [
          {
            "Node Type": "Aggregate",
            "Strategy": "Plain",
            "Partial Mode": "Partial",
            "Parent Relationship": "Outer",
            "Parallel Aware": false,
            "Startup Cost": 103366.31,
            "Total Cost": 103366.32,
            "Plan Rows": 1,
            "Plan Width": 8,
            "Actual Startup Time": 401.198,
            "Actual Total Time": 401.355,
            "Actual Rows": 1,
            "Actual Loops": 2,
            "Plans": [
              {
                "Node Type": "Hash Join",
                "Parent Relationship": "Outer",
                "Parallel Aware": true,
                "Join Type": "Inner",
                "Startup Cost": 73054.64,
                "Total Cost": 103320.15,
                "Plan Rows": 18467,
                "Plan Width": 0,
                "Actual Startup Time": 241.415,
                "Actual Total Time": 398.111,
                "Actual Rows": 55324,
                "Actual Loops": 2,
                "Inner Unique": true,
                "Hash Cond": "(mk.movie_id = t.id)",
                "Plans": [
                  {
                    "Node Type": "Bitmap Heap Scan",
                    "Parent Relationship": "Outer",
                    "Parallel Aware": true,
                    "Relation Name": "movie_keyword",
                    "Alias": "mk",
                    "Startup Cost": 13854.69,
                    "Total Cost": 43111.58,
                    "Plan Rows": 384232,
                    "Plan Width": 4,
                    "Actual Startup Time": 57.114,
                    "Actual Total Time": 147.584,
                    "Actual Rows": 331374,
                    "Actual Loops": 2,
                    "Recheck Cond": "(keyword_id < 518)",
                    "Rows Removed by Index Recheck": 0,
                    "Exact Heap Blocks": 14802,
                    "Lossy Heap Blocks": 0,
                    "Plans": [
                      {
                        "Node Type": "Bitmap Index Scan",
                        "Parent Relationship": "Outer",
                        "Parallel Aware": false,
                        "Index Name": "keyword_id_movie_keyword",
                        "Startup Cost": 0.0,
                        "Total Cost": 13691.39,
                        "Plan Rows": 653194,
                        "Plan Width": 0,
                        "Actual Startup Time": 51.215,
                        "Actual Total Time": 51.215,
                        "Actual Rows": 662748,
                        "Actual Loops": 1,
                        "Index Cond": "(keyword_id < 518)"
                      }
                    ]
                  },
                  {
                    "Node Type": "Hash",
                    "Parent Relationship": "Inner",
                    "Parallel Aware": true,
                    "Startup Cost": 58306.47,
                    "Total Cost": 58306.47,
                    "Plan Rows": 71479,
                    "Plan Width": 4,
                    "Actual Startup Time": 183.087,
                    "Actual Total Time": 183.088,
                    "Actual Rows": 113954,
                    "Actual Loops": 2,
                    "Hash Buckets": 262144,
                    "Original Hash Buckets": 131072,
                    "Hash Batches": 1,
                    "Original Hash Batches": 1,
                    "Peak Memory Usage": 12032,
                    "Plans": [
                      {
                        "Node Type": "Seq Scan",
                        "Parent Relationship": "Outer",
                        "Parallel Aware": true,
                        "Relation Name": "title",
                        "Alias": "t",
                        "Startup Cost": 0.0,
                        "Total Cost": 58306.47,
                        "Plan Rows": 71479,
                        "Plan Width": 4,
                        "Actual Startup Time": 0.083,
                        "Actual Total Time": 152.364,
                        "Actual Rows": 113954,
                        "Actual Loops": 2,
                        "Filter": "((kind_id < 7) AND (production_year < 1967))",
                        "Rows Removed by Filter": 1150202
                      }
                    ]
                  }
                ]
              }
            ]
          }
        ]
      }
    ]
  },
  "Planning Time": 0.23,
  "Triggers": [],
  "Execution Time": 424.016
}