{
  "Plan": {
    "Node Type": "Aggregate",
    "Strategy": "Plain",
    "Partial Mode": "Finalize",
    "Parallel Aware": false,
    "Startup Cost": 102992.76,
    "Total Cost": 102992.77,
    "Plan Rows": 1,
    "Plan Width": 8,
    "Actual Startup Time": 630.553,
    "Actual Total Time": 648.079,
    "Actual Rows": 1,
    "Actual Loops": 1,
    "Plans": [
      {
        "Node Type": "Gather",
        "Parent Relationship": "Outer",
        "Parallel Aware": false,
        "Startup Cost": 102992.65,
        "Total Cost": 102992.76,
        "Plan Rows": 1,
        "Plan Width": 8,
        "Actual Startup Time": 627.191,
        "Actual Total Time": 648.072,
        "Actual Rows": 2,
        "Actual Loops": 1,
        "Workers Planned": 1,
        "Workers Launched": 1,
        "Single Copy": false,
        "Plans": [
          {
            "Node Type": "Aggregate",
            "Strategy": "Plain",
            "Partial Mode": "Partial",
            "Parent Relationship": "Outer",
            "Parallel Aware": false,
            "Startup Cost": 101992.65,
            "Total Cost": 101992.66,
            "Plan Rows": 1,
            "Plan Width": 8,
            "Actual Startup Time": 614.754,
            "Actual Total Time": 614.758,
            "Actual Rows": 1,
            "Actual Loops": 2,
            "Plans": [
              {
                "Node Type": "Hash Join",
                "Parent Relationship": "Outer",
                "Parallel Aware": true,
                "Join Type": "Inner",
                "Startup Cost": 74887.16,
                "Total Cost": 101616.55,
                "Plan Rows": 150439,
                "Plan Width": 0,
                "Actual Startup Time": 533.167,
                "Actual Total Time": 609.13,
                "Actual Rows": 122644,
                "Actual Loops": 2,
                "Inner Unique": true,
                "Hash Cond": "(mk.movie_id = t.id)",
                "Plans": [
                  {
                    "Node Type": "Bitmap Heap Scan",
                    "Parent Relationship": "Outer",
                    "Parallel Aware": true,
                    "Relation Name": "movie_keyword",
                    "Alias": "mk",
                    "Startup Cost": 5426.46,
                    "Total Cost": 31760.95,
                    "Plan Rows": 150439,
                    "Plan Width": 4,
                    "Actual Startup Time": 15.642,
                    "Actual Total Time": 57.332,
                    "Actual Rows": 122644,
                    "Actual Loops": 2,
                    "Recheck Cond": "(keyword_id > 61120)",
                    "Rows Removed by Index Recheck": 0,
                    "Exact Heap Blocks": 12071,
                    "Lossy Heap Blocks": 0,
                    "Plans": [
                      {
                        "Node Type": "Bitmap Index Scan",
                        "Parent Relationship": "Outer",
                        "Parallel Aware": false,
                        "Index Name": "keyword_id_movie_keyword",
                        "Startup Cost": 0.0,
                        "Total Cost": 5362.53,
                        "Plan Rows": 255746,
                        "Plan Width": 0,
                        "Actual Startup Time": 12.526,
                        "Actual Total Time": 12.527,
                        "Actual Rows": 245287,
                        "Actual Loops": 1,
                        "Index Cond": "(keyword_id > 61120)"
                      }
                    ]
                  },
                  {
                    "Node Type": "Hash",
                    "Parent Relationship": "Inner",
                    "Parallel Aware": true,
                    "Startup Cost": 50870.31,
                    "Total Cost": 50870.31,
                    "Plan Rows": 1487231,
                    "Plan Width": 4,
                    "Actual Startup Time": 496.29,
                    "Actual Total Time": 496.291,
                    "Actual Rows": 1264156,
                    "Actual Loops": 2,
                    "Hash Buckets": 4194304,
                    "Original Hash Buckets": 4194304,
                    "Hash Batches": 1,
                    "Original Hash Batches": 1,
                    "Peak Memory Usage": 131680,
                    "Plans": [
                      {
                        "Node Type": "Seq Scan",
                        "Parent Relationship": "Outer",
                        "Parallel Aware": true,
                        "Relation Name": "title",
                        "Alias": "t",
                        "Startup Cost": 0.0,
                        "Total Cost": 50870.31,
                        "Plan Rows": 1487231,
                        "Plan Width": 4,
                        "Actual Startup Time": 0.026,
                        "Actual Total Time": 148.948,
                        "Actual Rows": 1264156,
                        "Actual Loops": 2
                      }
                    ]
                  }
                ]
              }
            ]
          }
        ]
      }
    ]
  },
  "Planning Time": 0.672,
  "Triggers": [],
  "Execution Time": 648.198
}