{
  "Plan": {
    "Node Type": "Aggregate",
    "Strategy": "Plain",
    "Partial Mode": "Finalize",
    "Parallel Aware": false,
    "Startup Cost": 120530.41,
    "Total Cost": 120530.42,
    "Plan Rows": 1,
    "Plan Width": 8,
    "Actual Startup Time": 785.646,
    "Actual Total Time": 799.259,
    "Actual Rows": 1,
    "Actual Loops": 1,
    "Plans": [
      {
        "Node Type": "Gather",
        "Parent Relationship": "Outer",
        "Parallel Aware": false,
        "Startup Cost": 120530.29,
        "Total Cost": 120530.4,
        "Plan Rows": 1,
        "Plan Width": 8,
        "Actual Startup Time": 782.91,
        "Actual Total Time": 799.253,
        "Actual Rows": 2,
        "Actual Loops": 1,
        "Workers Planned": 1,
        "Workers Launched": 1,
        "Single Copy": false,
        "Plans": [
          {
            "Node Type": "Aggregate",
            "Strategy": "Plain",
            "Partial Mode": "Partial",
            "Parent Relationship": "Outer",
            "Parallel Aware": false,
            "Startup Cost": 119530.29,
            "Total Cost": 119530.3,
            "Plan Rows": 1,
            "Plan Width": 8,
            "Actual Startup Time": 780.072,
            "Actual Total Time": 780.078,
            "Actual Rows": 1,
            "Actual Loops": 2,
            "Plans": [
              {
                "Node Type": "Hash Join",
                "Parent Relationship": "Outer",
                "Parallel Aware": true,
                "Join Type": "Inner",
                "Startup Cost": 100001.35,
                "Total Cost": 119397.94,
                "Plan Rows": 52941,
                "Plan Width": 0,
                "Actual Startup Time": 650.563,
                "Actual Total Time": 773.443,
                "Actual Rows": 169201,
                "Actual Loops": 2,
                "Inner Unique": false,
                "Hash Cond": "(mi_idx.movie_id = t.id)",
                "Plans": [
                  {
                    "Node Type": "Seq Scan",
                    "Parent Relationship": "Outer",
                    "Parallel Aware": true,
                    "Relation Name": "movie_info_idx",
                    "Alias": "mi_idx",
                    "Startup Cost": 0.0,
                    "Total Cost": 18082.32,
                    "Plan Rows": 267429,
                    "Plan Width": 4,
                    "Actual Startup Time": 0.026,
                    "Actual Total Time": 48.287,
                    "Actual Rows": 229962,
                    "Actual Loops": 2,
                    "Filter": "(info_type_id = 99)",
                    "Rows Removed by Filter": 460055
                  },
                  {
                    "Node Type": "Hash",
                    "Parent Relationship": "Inner",
                    "Parallel Aware": true,
                    "Startup Cost": 96321.17,
                    "Total Cost": 96321.17,
                    "Plan Rows": 294414,
                    "Plan Width": 8,
                    "Actual Startup Time": 647.384,
                    "Actual Total Time": 647.388,
                    "Actual Rows": 410328,
                    "Actual Loops": 2,
                    "Hash Buckets": 1048576,
                    "Original Hash Buckets": 524288,
                    "Hash Batches": 1,
                    "Original Hash Batches": 1,
                    "Peak Memory Usage": 44448,
                    "Plans": [
                      {
                        "Node Type": "Hash Join",
                        "Parent Relationship": "Outer",
                        "Parallel Aware": true,
                        "Join Type": "Inner",
                        "Startup Cost": 58154.54,
                        "Total Cost": 96321.17,
                        "Plan Rows": 294414,
                        "Plan Width": 8,
                        "Actual Startup Time": 196.869,
                        "Actual Total Time": 543.375,
                        "Actual Rows": 410328,
                        "Actual Loops": 2,
                        "Inner Unique": true,
                        "Hash Cond": "(mc.movie_id = t.id)",
                        "Plans": [
                          {
                            "Node Type": "Seq Scan",
                            "Parent Relationship": "Outer",
                            "Parallel Aware": true,
                            "Relation Name": "movie_companies",
                            "Alias": "mc",
                            "Startup Cost": 0.0,
                            "Total Cost": 34137.82,
                            "Plan Rows": 1534782,
                            "Plan Width": 4,
                            "Actual Startup Time": 0.011,
                            "Actual Total Time": 95.243,
                            "Actual Rows": 1304564,
                            "Actual Loops": 2
                          },
                          {
                            "Node Type": "Hash",
                            "Parent Relationship": "Inner",
                            "Parallel Aware": true,
                            "Startup Cost": 54588.39,
                            "Total Cost": 54588.39,
                            "Plan Rows": 285292,
                            "Plan Width": 4,
                            "Actual Startup Time": 193.834,
                            "Actual Total Time": 193.835,
                            "Actual Rows": 247014,
                            "Actual Loops": 2,
                            "Hash Buckets": 524288,
                            "Original Hash Buckets": 524288,
                            "Hash Batches": 1,
                            "Original Hash Batches": 1,
                            "Peak Memory Usage": 23456,
                            "Plans": [
                              {
                                "Node Type": "Seq Scan",
                                "Parent Relationship": "Outer",
                                "Parallel Aware": true,
                                "Relation Name": "title",
                                "Alias": "t",
                                "Startup Cost": 0.0,
                                "Total Cost": 54588.39,
                                "Plan Rows": 285292,
                                "Plan Width": 4,
                                "Actual Startup Time": 0.02,
                                "Actual Total Time": 135.472,
                                "Actual Rows": 247014,
                                "Actual Loops": 2,
                                "Filter": "(production_year < 1979)",
                                "Rows Removed by Filter": 1017142
                              }
                            ]
                          }
                        ]
                      }
                    ]
                  }
                ]
              }
            ]
          }
        ]
      }
    ]
  },
  "Planning Time": 0.407,
  "Triggers": [],
  "Execution Time": 799.302
}