{
  "Plan": {
    "Node Type": "Aggregate",
    "Strategy": "Plain",
    "Partial Mode": "Simple",
    "Parallel Aware": false,
    "Startup Cost": 17045.18,
    "Total Cost": 17045.19,
    "Plan Rows": 1,
    "Plan Width": 32,
    "Actual Startup Time": 338.67,
    "Actual Total Time": 338.673,
    "Actual Rows": 1,
    "Actual Loops": 1,
    "Plans": [
      {
        "Node Type": "Nested Loop",
        "Parent Relationship": "Outer",
        "Parallel Aware": false,
        "Join Type": "Inner",
        "Startup Cost": 11.65,
        "Total Cost": 17045.18,
        "Plan Rows": 1,
        "Plan Width": 17,
        "Actual Startup Time": 44.183,
        "Actual Total Time": 338.644,
        "Actual Rows": 14,
        "Actual Loops": 1,
        "Inner Unique": false,
        "Join Filter": "(t.id = mi.movie_id)",
        "Rows Removed by Join Filter": 0,
        "Plans": [
          {
            "Node Type": "Nested Loop",
            "Parent Relationship": "Outer",
            "Parallel Aware": false,
            "Join Type": "Inner",
            "Startup Cost": 11.22,
            "Total Cost": 16552.79,
            "Plan Rows": 333,
            "Plan Width": 25,
            "Actual Startup Time": 8.323,
            "Actual Total Time": 101.085,
            "Actual Rows": 12172,
            "Actual Loops": 1,
            "Inner Unique": true,
            "Plans": [
              {
                "Node Type": "Nested Loop",
                "Parent Relationship": "Outer",
                "Parallel Aware": false,
                "Join Type": "Inner",
                "Startup Cost": 10.79,
                "Total Cost": 16338.26,
                "Plan Rows": 438,
                "Plan Width": 4,
                "Actual Startup Time": 8.289,
                "Actual Total Time": 48.257,
                "Actual Rows": 12951,
                "Actual Loops": 1,
                "Inner Unique": false,
                "Plans": [
                  {
                    "Node Type": "Seq Scan",
                    "Parent Relationship": "Outer",
                    "Parallel Aware": false,
                    "Relation Name": "keyword",
                    "Alias": "k",
                    "Startup Cost": 0.0,
                    "Total Cost": 2626.12,
                    "Plan Rows": 13,
                    "Plan Width": 4,
                    "Actual Startup Time": 3.058,
                    "Actual Total Time": 25.262,
                    "Actual Rows": 30,
                    "Actual Loops": 1,
                    "Filter": "(keyword ~~ '%sequel%'::text)",
                    "Rows Removed by Filter": 134140
                  },
                  {
                    "Node Type": "Bitmap Heap Scan",
                    "Parent Relationship": "Inner",
                    "Parallel Aware": false,
                    "Relation Name": "movie_keyword",
                    "Alias": "mk",
                    "Startup Cost": 10.79,
                    "Total Cost": 1051.74,
                    "Plan Rows": 304,
                    "Plan Width": 8,
                    "Actual Startup Time": 0.198,
                    "Actual Total Time": 0.699,
                    "Actual Rows": 432,
                    "Actual Loops": 30,
                    "Recheck Cond": "(keyword_id = k.id)",
                    "Rows Removed by Index Recheck": 0,
                    "Exact Heap Blocks": 6979,
                    "Lossy Heap Blocks": 0,
                    "Plans": [
                      {
                        "Node Type": "Bitmap Index Scan",
                        "Parent Relationship": "Outer",
                        "Parallel Aware": false,
                        "Index Name": "keyword_id_movie_keyword",
                        "Startup Cost": 0.0,
                        "Total Cost": 10.71,
                        "Plan Rows": 304,
                        "Plan Width": 0,
                        "Actual Startup Time": 0.109,
                        "Actual Total Time": 0.109,
                        "Actual Rows": 432,
                        "Actual Loops": 30,
                        "Index Cond": "(keyword_id = k.id)"
                      }
                    ]
                  }
                ]
              },
              {
                "Node Type": "Index Scan",
                "Parent Relationship": "Inner",
                "Parallel Aware": false,
                "Scan Direction": "Forward",
                "Index Name": "title_pkey",
                "Relation Name": "title",
                "Alias": "t",
                "Startup Cost": 0.43,
                "Total Cost": 0.49,
                "Plan Rows": 1,
                "Plan Width": 21,
                "Actual Startup Time": 0.004,
                "Actual Total Time": 0.004,
                "Actual Rows": 1,
                "Actual Loops": 12951,
                "Index Cond": "(id = mk.movie_id)",
                "Rows Removed by Index Recheck": 0,
                "Filter": "(production_year < 2010)",
                "Rows Removed by Filter": 0
              }
            ]
          },
          {
            "Node Type": "Index Scan",
            "Parent Relationship": "Inner",
            "Parallel Aware": false,
            "Scan Direction": "Forward",
            "Index Name": "movie_id_movie_info",
            "Relation Name": "movie_info",
            "Alias": "mi",
            "Startup Cost": 0.43,
            "Total Cost": 1.47,
            "Plan Rows": 1,
            "Plan Width": 4,
            "Actual Startup Time": 0.019,
            "Actual Total Time": 0.019,
            "Actual Rows": 0,
            "Actual Loops": 12172,
            "Index Cond": "(movie_id = mk.movie_id)",
            "Rows Removed by Index Recheck": 0,
            "Filter": "(info = 'Bulgaria'::text)",
            "Rows Removed by Filter": 34
          }
        ]
      }
    ]
  },
  "Planning Time": 1.423,
  "Triggers": [],
  "Execution Time": 338.788
}