[
  {
    "Plan": {
      "Node Type": "Aggregate",
      "Strategy": "Plain",
      "Partial Mode": "Finalize",
      "Parallel Aware": false,
      "Startup Cost": 44935.82,
      "Total Cost": 44935.83,
      "Plan Rows": 1,
      "Plan Width": 8,
      "Actual Startup Time": 130.425,
      "Actual Total Time": 139.881,
      "Actual Rows": 1,
      "Actual Loops": 1,
      "Plans": [
        {
          "Node Type": "Gather",
          "Parent Relationship": "Outer",
          "Parallel Aware": false,
          "Startup Cost": 44935.5,
          "Total Cost": 44935.81,
          "Plan Rows": 3,
          "Plan Width": 8,
          "Actual Startup Time": 130.301,
          "Actual Total Time": 139.871,
          "Actual Rows": 4,
          "Actual Loops": 1,
          "Workers Planned": 3,
          "Workers Launched": 3,
          "Single Copy": false,
          "Plans": [
            {
              "Node Type": "Aggregate",
              "Strategy": "Plain",
              "Partial Mode": "Partial",
              "Parent Relationship": "Outer",
              "Parallel Aware": false,
              "Startup Cost": 43935.5,
              "Total Cost": 43935.51,
              "Plan Rows": 1,
              "Plan Width": 8,
              "Actual Startup Time": 126.567,
              "Actual Total Time": 126.568,
              "Actual Rows": 1,
              "Actual Loops": 4,
              "Plans": [
                {
                  "Node Type": "Seq Scan",
                  "Parent Relationship": "Outer",
                  "Parallel Aware": true,
                  "Relation Name": "movie_keyword",
                  "Alias": "mk",
                  "Startup Cost": 0.0,
                  "Total Cost": 42695.65,
                  "Plan Rows": 495938,
                  "Plan Width": 0,
                  "Actual Startup Time": 0.796,
                  "Actual Total Time": 108.05,
                  "Actual Rows": 385402,
                  "Actual Loops": 4,
                  "Filter": "(keyword_id > 10283)",
                  "Rows Removed by Filter": 745580
                }
              ]
            }
          ]
        }
      ]
    },
    "Planning Time": 0.103,
    "Triggers": [],
    "Execution Time": 139.916
  }
]