[
    {
        "Bao": {
            "Bao prediction": "NaN",
            "Bao recommended hint": "(no hint)"
        }
    },
    {
        "Plan": {
            "Node Type": "Aggregate",
            "Strategy": "Plain",
            "Partial Mode": "Finalize",
            "Parallel Aware": false,
            "Startup Cost": 76301.64,
            "Total Cost": 76301.65,
            "Plan Rows": 1,
            "Plan Width": 8,
            "Actual Startup Time": 173.094,
            "Actual Total Time": 184.989,
            "Actual Rows": 1,
            "Actual Loops": 1,
            "Output": [
                "count(*)"
            ],
            "Plans": [
                {
                    "Node Type": "Gather",
                    "Parent Relationship": "Outer",
                    "Parallel Aware": false,
                    "Startup Cost": 76301.22,
                    "Total Cost": 76301.63,
                    "Plan Rows": 4,
                    "Plan Width": 8,
                    "Actual Startup Time": 172.535,
                    "Actual Total Time": 184.981,
                    "Actual Rows": 5,
                    "Actual Loops": 1,
                    "Output": [
                        "(PARTIAL count(*))"
                    ],
                    "Workers Planned": 4,
                    "Workers Launched": 4,
                    "Single Copy": false,
                    "Plans": [
                        {
                            "Node Type": "Aggregate",
                            "Strategy": "Plain",
                            "Partial Mode": "Partial",
                            "Parent Relationship": "Outer",
                            "Parallel Aware": false,
                            "Startup Cost": 75301.22,
                            "Total Cost": 75301.23,
                            "Plan Rows": 1,
                            "Plan Width": 8,
                            "Actual Startup Time": 162.415,
                            "Actual Total Time": 162.419,
                            "Actual Rows": 1,
                            "Actual Loops": 5,
                            "Output": [
                                "PARTIAL count(*)"
                            ],
                            "Workers": [
                                {
                                    "Worker Number": 0,
                                    "Actual Startup Time": 159.221,
                                    "Actual Total Time": 159.223,
                                    "Actual Rows": 1,
                                    "Actual Loops": 1
                                },
                                {
                                    "Worker Number": 1,
                                    "Actual Startup Time": 159.513,
                                    "Actual Total Time": 159.517,
                                    "Actual Rows": 1,
                                    "Actual Loops": 1
                                },
                                {
                                    "Worker Number": 2,
                                    "Actual Startup Time": 159.761,
                                    "Actual Total Time": 159.765,
                                    "Actual Rows": 1,
                                    "Actual Loops": 1
                                },
                                {
                                    "Worker Number": 3,
                                    "Actual Startup Time": 161.38,
                                    "Actual Total Time": 161.382,
                                    "Actual Rows": 1,
                                    "Actual Loops": 1
                                }
                            ],
                            "Plans": [
                                {
                                    "Node Type": "Nested Loop",
                                    "Parent Relationship": "Outer",
                                    "Parallel Aware": false,
                                    "Join Type": "Inner",
                                    "Startup Cost": 38463.55,
                                    "Total Cost": 75288.34,
                                    "Plan Rows": 5154,
                                    "Plan Width": 0,
                                    "Actual Startup Time": 40.446,
                                    "Actual Total Time": 161.308,
                                    "Actual Rows": 18110,
                                    "Actual Loops": 5,
                                    "Inner Unique": false,
                                    "Join Filter": "(t.id = mi_idx.movie_id)",
                                    "Rows Removed by Join Filter": 0,
                                    "Workers": [
                                        {
                                            "Worker Number": 0,
                                            "Actual Startup Time": 37.316,
                                            "Actual Total Time": 158.126,
                                            "Actual Rows": 16356,
                                            "Actual Loops": 1
                                        },
                                        {
                                            "Worker Number": 1,
                                            "Actual Startup Time": 37.563,
                                            "Actual Total Time": 158.419,
                                            "Actual Rows": 17244,
                                            "Actual Loops": 1
                                        },
                                        {
                                            "Worker Number": 2,
                                            "Actual Startup Time": 37.934,
                                            "Actual Total Time": 158.622,
                                            "Actual Rows": 17316,
                                            "Actual Loops": 1
                                        },
                                        {
                                            "Worker Number": 3,
                                            "Actual Startup Time": 39.414,
                                            "Actual Total Time": 160.288,
                                            "Actual Rows": 16950,
                                            "Actual Loops": 1
                                        }
                                    ],
                                    "Plans": [
                                        {
                                            "Node Type": "Hash Join",
                                            "Parent Relationship": "Outer",
                                            "Parallel Aware": true,
                                            "Join Type": "Inner",
                                            "Startup Cost": 38463.12,
                                            "Total Cost": 69926.76,
                                            "Plan Rows": 9442,
                                            "Plan Width": 8,
                                            "Actual Startup Time": 40.309,
                                            "Actual Total Time": 108.007,
                                            "Actual Rows": 11127,
                                            "Actual Loops": 5,
                                            "Output": [
                                                "t.id",
                                                "ci.movie_id"
                                            ],
                                            "Inner Unique": true,
                                            "Hash Cond": "(ci.movie_id = t.id)",
                                            "Workers": [
                                                {
                                                    "Worker Number": 0,
                                                    "Actual Startup Time": 37.128,
                                                    "Actual Total Time": 102.934,
                                                    "Actual Rows": 10262,
                                                    "Actual Loops": 1
                                                },
                                                {
                                                    "Worker Number": 1,
                                                    "Actual Startup Time": 37.348,
                                                    "Actual Total Time": 101.814,
                                                    "Actual Rows": 10437,
                                                    "Actual Loops": 1
                                                },
                                                {
                                                    "Worker Number": 2,
                                                    "Actual Startup Time": 37.866,
                                                    "Actual Total Time": 102.443,
                                                    "Actual Rows": 10460,
                                                    "Actual Loops": 1
                                                },
                                                {
                                                    "Worker Number": 3,
                                                    "Actual Startup Time": 39.353,
                                                    "Actual Total Time": 104.919,
                                                    "Actual Rows": 10223,
                                                    "Actual Loops": 1
                                                }
                                            ],
                                            "Plans": [
                                                {
                                                    "Node Type": "Index Scan",
                                                    "Parent Relationship": "Outer",
                                                    "Parallel Aware": true,
                                                    "Scan Direction": "Forward",
                                                    "Index Name": "role_id_cast_info",
                                                    "Relation Name": "cast_info",
                                                    "Schema": "public",
                                                    "Alias": "ci",
                                                    "Startup Cost": 0.56,
                                                    "Total Cost": 30725.09,
                                                    "Plan Rows": 281563,
                                                    "Plan Width": 4,
                                                    "Actual Startup Time": 0.082,
                                                    "Actual Total Time": 33.83,
                                                    "Actual Rows": 218712,
                                                    "Actual Loops": 5,
                                                    "Output": [
                                                        "ci.id",
                                                        "ci.person_id",
                                                        "ci.movie_id",
                                                        "ci.person_role_id",
                                                        "ci.note",
                                                        "ci.nr_order",
                                                        "ci.role_id"
                                                    ],
                                                    "Index Cond": "(ci.role_id = 9)",
                                                    "Rows Removed by Index Recheck": 0,
                                                    "Workers": [
                                                        {
                                                            "Worker Number": 0,
                                                            "Actual Startup Time": 0.105,
                                                            "Actual Total Time": 33.493,
                                                            "Actual Rows": 203578,
                                                            "Actual Loops": 1
                                                        },
                                                        {
                                                            "Worker Number": 1,
                                                            "Actual Startup Time": 0.147,
                                                            "Actual Total Time": 32.334,
                                                            "Actual Rows": 199290,
                                                            "Actual Loops": 1
                                                        },
                                                        {
                                                            "Worker Number": 2,
                                                            "Actual Startup Time": 0.08,
                                                            "Actual Total Time": 33.138,
                                                            "Actual Rows": 202020,
                                                            "Actual Loops": 1
                                                        },
                                                        {
                                                            "Worker Number": 3,
                                                            "Actual Startup Time": 0.047,
                                                            "Actual Total Time": 33.17,
                                                            "Actual Rows": 205530,
                                                            "Actual Loops": 1
                                                        }
                                                    ]
                                                },
                                                {
                                                    "Node Type": "Hash",
                                                    "Parent Relationship": "Inner",
                                                    "Parallel Aware": true,
                                                    "Startup Cost": 38197.58,
                                                    "Total Cost": 38197.58,
                                                    "Plan Rows": 21198,
                                                    "Plan Width": 4,
                                                    "Actual Startup Time": 39.428,
                                                    "Actual Total Time": 39.43,
                                                    "Actual Rows": 18448,
                                                    "Actual Loops": 5,
                                                    "Output": [
                                                        "t.id"
                                                    ],
                                                    "Hash Buckets": 131072,
                                                    "Original Hash Buckets": 131072,
                                                    "Hash Batches": 1,
                                                    "Original Hash Batches": 1,
                                                    "Peak Memory Usage": 4704,
                                                    "Workers": [
                                                        {
                                                            "Worker Number": 0,
                                                            "Actual Startup Time": 36.33,
                                                            "Actual Total Time": 36.331,
                                                            "Actual Rows": 11937,
                                                            "Actual Loops": 1
                                                        },
                                                        {
                                                            "Worker Number": 1,
                                                            "Actual Startup Time": 36.741,
                                                            "Actual Total Time": 36.743,
                                                            "Actual Rows": 10886,
                                                            "Actual Loops": 1
                                                        },
                                                        {
                                                            "Worker Number": 2,
                                                            "Actual Startup Time": 36.986,
                                                            "Actual Total Time": 36.988,
                                                            "Actual Rows": 11935,
                                                            "Actual Loops": 1
                                                        },
                                                        {
                                                            "Worker Number": 3,
                                                            "Actual Startup Time": 38.373,
                                                            "Actual Total Time": 38.374,
                                                            "Actual Rows": 11969,
                                                            "Actual Loops": 1
                                                        }
                                                    ],
                                                    "Plans": [
                                                        {
                                                            "Node Type": "Bitmap Heap Scan",
                                                            "Parent Relationship": "Outer",
                                                            "Parallel Aware": true,
                                                            "Relation Name": "title",
                                                            "Schema": "public",
                                                            "Alias": "t",
                                                            "Startup Cost": 1821.6,
                                                            "Total Cost": 38197.58,
                                                            "Plan Rows": 21198,
                                                            "Plan Width": 4,
                                                            "Actual Startup Time": 2.019,
                                                            "Actual Total Time": 30.588,
                                                            "Actual Rows": 18448,
                                                            "Actual Loops": 5,
                                                            "Output": [
                                                                "t.id"
                                                            ],
                                                            "Recheck Cond": "(t.kind_id = 3)",
                                                            "Rows Removed by Index Recheck": 0,
                                                            "Filter": "(t.production_year > 1966)",
                                                            "Rows Removed by Filter": 1660,
                                                            "Exact Heap Blocks": 6414,
                                                            "Lossy Heap Blocks": 0,
                                                            "Workers": [
                                                                {
                                                                    "Worker Number": 0,
                                                                    "Actual Startup Time": 0.145,
                                                                    "Actual Total Time": 28.76,
                                                                    "Actual Rows": 11937,
                                                                    "Actual Loops": 1
                                                                },
                                                                {
                                                                    "Worker Number": 1,
                                                                    "Actual Startup Time": 0.206,
                                                                    "Actual Total Time": 28.307,
                                                                    "Actual Rows": 10886,
                                                                    "Actual Loops": 1
                                                                },
                                                                {
                                                                    "Worker Number": 2,
                                                                    "Actual Startup Time": 0.153,
                                                                    "Actual Total Time": 29.218,
                                                                    "Actual Rows": 11935,
                                                                    "Actual Loops": 1
                                                                },
                                                                {
                                                                    "Worker Number": 3,
                                                                    "Actual Startup Time": 0.168,
                                                                    "Actual Total Time": 30.223,
                                                                    "Actual Rows": 11969,
                                                                    "Actual Loops": 1
                                                                }
                                                            ],
                                                            "Plans": [
                                                                {
                                                                    "Node Type": "Bitmap Index Scan",
                                                                    "Parent Relationship": "Outer",
                                                                    "Parallel Aware": false,
                                                                    "Index Name": "kind_id_title",
                                                                    "Startup Cost": 0.0,
                                                                    "Total Cost": 1800.4,
                                                                    "Plan Rows": 100796,
                                                                    "Plan Width": 0,
                                                                    "Actual Startup Time": 6.929,
                                                                    "Actual Total Time": 6.93,
                                                                    "Actual Rows": 100537,
                                                                    "Actual Loops": 1,
                                                                    "Index Cond": "(t.kind_id = 3)"
                                                                }
                                                            ]
                                                        }
                                                    ]
                                                }
                                            ]
                                        },
                                        {
                                            "Node Type": "Index Only Scan",
                                            "Parent Relationship": "Inner",
                                            "Parallel Aware": false,
                                            "Scan Direction": "Forward",
                                            "Index Name": "movie_id_movie_info_idx",
                                            "Relation Name": "movie_info_idx",
                                            "Schema": "public",
                                            "Alias": "mi_idx",
                                            "Startup Cost": 0.43,
                                            "Total Cost": 0.53,
                                            "Plan Rows": 3,
                                            "Plan Width": 4,
                                            "Actual Startup Time": 0.004,
                                            "Actual Total Time": 0.004,
                                            "Actual Rows": 2,
                                            "Actual Loops": 55635,
                                            "Output": [
                                                "mi_idx.movie_id"
                                            ],
                                            "Index Cond": "(mi_idx.movie_id = ci.movie_id)",
                                            "Rows Removed by Index Recheck": 0,
                                            "Heap Fetches": 90549,
                                            "Workers": [
                                                {
                                                    "Worker Number": 0,
                                                    "Actual Startup Time": 0.005,
                                                    "Actual Total Time": 0.005,
                                                    "Actual Rows": 2,
                                                    "Actual Loops": 10262
                                                },
                                                {
                                                    "Worker Number": 1,
                                                    "Actual Startup Time": 0.005,
                                                    "Actual Total Time": 0.005,
                                                    "Actual Rows": 2,
                                                    "Actual Loops": 10437
                                                },
                                                {
                                                    "Worker Number": 2,
                                                    "Actual Startup Time": 0.005,
                                                    "Actual Total Time": 0.005,
                                                    "Actual Rows": 2,
                                                    "Actual Loops": 10460
                                                },
                                                {
                                                    "Worker Number": 3,
                                                    "Actual Startup Time": 0.005,
                                                    "Actual Total Time": 0.005,
                                                    "Actual Rows": 2,
                                                    "Actual Loops": 10223
                                                }
                                            ]
                                        }
                                    ]
                                }
                            ]
                        }
                    ]
                }
            ]
        },
        "Planning Time": 191.704,
        "Triggers": [],
        "Execution Time": 185.075
    }
]