[
    {
        "Bao": {
            "Bao prediction": 514.327,
            "Bao recommended hint": "(no hint)"
        }
    },
    {
        "Plan": {
            "Node Type": "Aggregate",
            "Strategy": "Plain",
            "Partial Mode": "Finalize",
            "Parallel Aware": false,
            "Startup Cost": 340448.04,
            "Total Cost": 340448.05,
            "Plan Rows": 1,
            "Plan Width": 8,
            "Actual Startup Time": 1191.267,
            "Actual Total Time": 1237.467,
            "Actual Rows": 1,
            "Actual Loops": 1,
            "Output": [
                "count(*)"
            ],
            "Plans": [
                {
                    "Node Type": "Gather",
                    "Parent Relationship": "Outer",
                    "Parallel Aware": false,
                    "Startup Cost": 340447.41,
                    "Total Cost": 340448.02,
                    "Plan Rows": 6,
                    "Plan Width": 8,
                    "Actual Startup Time": 1191.006,
                    "Actual Total Time": 1237.451,
                    "Actual Rows": 7,
                    "Actual Loops": 1,
                    "Output": [
                        "(PARTIAL count(*))"
                    ],
                    "Workers Planned": 6,
                    "Workers Launched": 6,
                    "Single Copy": false,
                    "Plans": [
                        {
                            "Node Type": "Aggregate",
                            "Strategy": "Plain",
                            "Partial Mode": "Partial",
                            "Parent Relationship": "Outer",
                            "Parallel Aware": false,
                            "Startup Cost": 339447.41,
                            "Total Cost": 339447.42,
                            "Plan Rows": 1,
                            "Plan Width": 8,
                            "Actual Startup Time": 1180.223,
                            "Actual Total Time": 1180.224,
                            "Actual Rows": 1,
                            "Actual Loops": 7,
                            "Output": [
                                "PARTIAL count(*)"
                            ],
                            "Workers": [
                                {
                                    "Worker Number": 0,
                                    "Actual Startup Time": 1177.791,
                                    "Actual Total Time": 1177.792,
                                    "Actual Rows": 1,
                                    "Actual Loops": 1
                                },
                                {
                                    "Worker Number": 1,
                                    "Actual Startup Time": 1177.76,
                                    "Actual Total Time": 1177.762,
                                    "Actual Rows": 1,
                                    "Actual Loops": 1
                                },
                                {
                                    "Worker Number": 2,
                                    "Actual Startup Time": 1178.391,
                                    "Actual Total Time": 1178.393,
                                    "Actual Rows": 1,
                                    "Actual Loops": 1
                                },
                                {
                                    "Worker Number": 3,
                                    "Actual Startup Time": 1178.927,
                                    "Actual Total Time": 1178.928,
                                    "Actual Rows": 1,
                                    "Actual Loops": 1
                                },
                                {
                                    "Worker Number": 4,
                                    "Actual Startup Time": 1179.11,
                                    "Actual Total Time": 1179.112,
                                    "Actual Rows": 1,
                                    "Actual Loops": 1
                                },
                                {
                                    "Worker Number": 5,
                                    "Actual Startup Time": 1179.565,
                                    "Actual Total Time": 1179.567,
                                    "Actual Rows": 1,
                                    "Actual Loops": 1
                                }
                            ],
                            "Plans": [
                                {
                                    "Node Type": "Seq Scan",
                                    "Parent Relationship": "Outer",
                                    "Parallel Aware": true,
                                    "Relation Name": "cast_info",
                                    "Schema": "public",
                                    "Alias": "ci",
                                    "Startup Cost": 0.0,
                                    "Total Cost": 328213.62,
                                    "Plan Rows": 4493518,
                                    "Plan Width": 0,
                                    "Actual Startup Time": 153.156,
                                    "Actual Total Time": 931.121,
                                    "Actual Rows": 3843593,
                                    "Actual Loops": 7,
                                    "Output": [
                                        "id",
                                        "person_id",
                                        "movie_id",
                                        "person_role_id",
                                        "note",
                                        "nr_order",
                                        "role_id"
                                    ],
                                    "Filter": "(ci.person_id > 919760)",
                                    "Rows Removed by Filter": 1334170,
                                    "Workers": [
                                        {
                                            "Worker Number": 0,
                                            "Actual Startup Time": 150.745,
                                            "Actual Total Time": 937.411,
                                            "Actual Rows": 3651999,
                                            "Actual Loops": 1
                                        },
                                        {
                                            "Worker Number": 1,
                                            "Actual Startup Time": 150.705,
                                            "Actual Total Time": 937.07,
                                            "Actual Rows": 3658212,
                                            "Actual Loops": 1
                                        },
                                        {
                                            "Worker Number": 2,
                                            "Actual Startup Time": 151.301,
                                            "Actual Total Time": 937.576,
                                            "Actual Rows": 3634530,
                                            "Actual Loops": 1
                                        },
                                        {
                                            "Worker Number": 3,
                                            "Actual Startup Time": 151.856,
                                            "Actual Total Time": 937.713,
                                            "Actual Rows": 3650810,
                                            "Actual Loops": 1
                                        },
                                        {
                                            "Worker Number": 4,
                                            "Actual Startup Time": 152.049,
                                            "Actual Total Time": 938.881,
                                            "Actual Rows": 3646963,
                                            "Actual Loops": 1
                                        },
                                        {
                                            "Worker Number": 5,
                                            "Actual Startup Time": 152.491,
                                            "Actual Total Time": 938.45,
                                            "Actual Rows": 3662860,
                                            "Actual Loops": 1
                                        }
                                    ]
                                }
                            ]
                        }
                    ]
                }
            ]
        },
        "Planning Time": 2160.249,
        "Triggers": [],
        "Execution Time": 1237.623
    }
]