[
  {
    "Plan": {
      "Node Type": "Aggregate",
      "Strategy": "Plain",
      "Partial Mode": "Finalize",
      "Parallel Aware": false,
      "Startup Cost": 347429.47,
      "Total Cost": 347429.48,
      "Plan Rows": 1,
      "Plan Width": 8,
      "Actual Startup Time": 648.471,
      "Actual Total Time": 705.372,
      "Actual Rows": 1,
      "Actual Loops": 1,
      "Plans": [
        {
          "Node Type": "Gather",
          "Parent Relationship": "Outer",
          "Parallel Aware": false,
          "Startup Cost": 347428.85,
          "Total Cost": 347429.46,
          "Plan Rows": 6,
          "Plan Width": 8,
          "Actual Startup Time": 648.359,
          "Actual Total Time": 705.362,
          "Actual Rows": 7,
          "Actual Loops": 1,
          "Workers Planned": 6,
          "Workers Launched": 6,
          "Single Copy": false,
          "Plans": [
            {
              "Node Type": "Aggregate",
              "Strategy": "Plain",
              "Partial Mode": "Partial",
              "Parent Relationship": "Outer",
              "Parallel Aware": false,
              "Startup Cost": 346428.85,
              "Total Cost": 346428.86,
              "Plan Rows": 1,
              "Plan Width": 8,
              "Actual Startup Time": 640.053,
              "Actual Total Time": 640.054,
              "Actual Rows": 1,
              "Actual Loops": 7,
              "Plans": [
                {
                  "Node Type": "Seq Scan",
                  "Parent Relationship": "Outer",
                  "Parallel Aware": true,
                  "Relation Name": "cast_info",
                  "Alias": "ci",
                  "Startup Cost": 0.0,
                  "Total Cost": 343257.03,
                  "Plan Rows": 1268727,
                  "Plan Width": 0,
                  "Actual Startup Time": 354.346,
                  "Actual Total Time": 607.777,
                  "Actual Rows": 767117,
                  "Actual Loops": 7,
                  "Filter": "((person_id > 2822613) AND (role_id < 10))",
                  "Rows Removed by Filter": 4410647
                }
              ]
            }
          ]
        }
      ]
    },
    "Planning Time": 0.217,
    "Triggers": [],
    "Execution Time": 705.445
  }
]