[
  {
    "Plan": {
      "Node Type": "Aggregate",
      "Strategy": "Plain",
      "Partial Mode": "Finalize",
      "Parallel Aware": false,
      "Startup Cost": 24850.09,
      "Total Cost": 24850.1,
      "Plan Rows": 1,
      "Plan Width": 8,
      "Actual Startup Time": 42.573,
      "Actual Total Time": 46.411,
      "Actual Rows": 1,
      "Actual Loops": 1,
      "Plans": [
        {
          "Node Type": "Gather",
          "Parent Relationship": "Outer",
          "Parallel Aware": false,
          "Startup Cost": 24849.77,
          "Total Cost": 24850.08,
          "Plan Rows": 3,
          "Plan Width": 8,
          "Actual Startup Time": 42.386,
          "Actual Total Time": 46.405,
          "Actual Rows": 4,
          "Actual Loops": 1,
          "Workers Planned": 3,
          "Workers Launched": 3,
          "Single Copy": false,
          "Plans": [
            {
              "Node Type": "Aggregate",
              "Strategy": "Plain",
              "Partial Mode": "Partial",
              "Parent Relationship": "Outer",
              "Parallel Aware": false,
              "Startup Cost": 23849.77,
              "Total Cost": 23849.78,
              "Plan Rows": 1,
              "Plan Width": 8,
              "Actual Startup Time": 37.037,
              "Actual Total Time": 37.039,
              "Actual Rows": 1,
              "Actual Loops": 4,
              "Plans": [
                {
                  "Node Type": "Bitmap Heap Scan",
                  "Parent Relationship": "Outer",
                  "Parallel Aware": true,
                  "Relation Name": "movie_companies",
                  "Alias": "mc",
                  "Startup Cost": 4068.47,
                  "Total Cost": 23771.96,
                  "Plan Rows": 31124,
                  "Plan Width": 0,
                  "Actual Startup Time": 10.427,
                  "Actual Total Time": 33.886,
                  "Actual Rows": 46374,
                  "Actual Loops": 4,
                  "Recheck Cond": "(company_id > 118370)",
                  "Rows Removed by Index Recheck": 0,
                  "Filter": "(company_type_id > 1)",
                  "Rows Removed by Filter": 0,
                  "Exact Heap Blocks": 1835,
                  "Lossy Heap Blocks": 0,
                  "Plans": [
                    {
                      "Node Type": "Bitmap Index Scan",
                      "Parent Relationship": "Outer",
                      "Parallel Aware": false,
                      "Index Name": "company_id_movie_companies",
                      "Startup Cost": 0.0,
                      "Total Cost": 4044.35,
                      "Plan Rows": 188789,
                      "Plan Width": 0,
                      "Actual Startup Time": 14.363,
                      "Actual Total Time": 14.363,
                      "Actual Rows": 185495,
                      "Actual Loops": 1,
                      "Index Cond": "(company_id > 118370)"
                    }
                  ]
                }
              ]
            }
          ]
        }
      ]
    },
    "Planning Time": 0.091,
    "Triggers": [],
    "Execution Time": 46.447
  }
]