[
  {
    "Plan": {
      "Node Type": "Aggregate",
      "Strategy": "Plain",
      "Partial Mode": "Finalize",
      "Parallel Aware": false,
      "Startup Cost": 24895.06,
      "Total Cost": 24895.07,
      "Plan Rows": 1,
      "Plan Width": 8,
      "Actual Startup Time": 60.37,
      "Actual Total Time": 64.719,
      "Actual Rows": 1,
      "Actual Loops": 1,
      "Plans": [
        {
          "Node Type": "Gather",
          "Parent Relationship": "Outer",
          "Parallel Aware": false,
          "Startup Cost": 24894.74,
          "Total Cost": 24895.05,
          "Plan Rows": 3,
          "Plan Width": 8,
          "Actual Startup Time": 60.186,
          "Actual Total Time": 64.711,
          "Actual Rows": 4,
          "Actual Loops": 1,
          "Workers Planned": 3,
          "Workers Launched": 3,
          "Single Copy": false,
          "Plans": [
            {
              "Node Type": "Aggregate",
              "Strategy": "Plain",
              "Partial Mode": "Partial",
              "Parent Relationship": "Outer",
              "Parallel Aware": false,
              "Startup Cost": 23894.74,
              "Total Cost": 23894.75,
              "Plan Rows": 1,
              "Plan Width": 8,
              "Actual Startup Time": 51.314,
              "Actual Total Time": 51.316,
              "Actual Rows": 1,
              "Actual Loops": 4,
              "Plans": [
                {
                  "Node Type": "Bitmap Heap Scan",
                  "Parent Relationship": "Outer",
                  "Parallel Aware": true,
                  "Relation Name": "movie_companies",
                  "Alias": "mc",
                  "Startup Cost": 4105.12,
                  "Total Cost": 23816.75,
                  "Plan Rows": 31196,
                  "Plan Width": 0,
                  "Actual Startup Time": 17.523,
                  "Actual Total Time": 47.395,
                  "Actual Rows": 46374,
                  "Actual Loops": 4,
                  "Recheck Cond": "(company_id > 118370)",
                  "Rows Removed by Index Recheck": 0,
                  "Filter": "(company_type_id > 1)",
                  "Rows Removed by Filter": 0,
                  "Exact Heap Blocks": 2346,
                  "Lossy Heap Blocks": 0,
                  "Plans": [
                    {
                      "Node Type": "Bitmap Index Scan",
                      "Parent Relationship": "Outer",
                      "Parallel Aware": false,
                      "Index Name": "company_id_movie_companies",
                      "Startup Cost": 0.0,
                      "Total Cost": 4080.95,
                      "Plan Rows": 190469,
                      "Plan Width": 0,
                      "Actual Startup Time": 23.921,
                      "Actual Total Time": 23.922,
                      "Actual Rows": 185495,
                      "Actual Loops": 1,
                      "Index Cond": "(company_id > 118370)"
                    }
                  ]
                }
              ]
            }
          ]
        }
      ]
    },
    "Planning Time": 0.226,
    "Triggers": [],
    "Execution Time": 64.796
  }
]