{
    "Plan": {
        "Node Type": "Aggregate",
        "Strategy": "Plain",
        "Partial Mode": "Finalize",
        "Parallel Aware": false,
        "Startup Cost": 391804.14,
        "Total Cost": 391804.15,
        "Plan Rows": 1,
        "Plan Width": 8,
        "Actual Startup Time": 662.901,
        "Actual Total Time": 702.252,
        "Actual Rows": 1,
        "Actual Loops": 1,
        "Output": [
            "count(*)"
        ],
        "Plans": [
            {
                "Node Type": "Gather",
                "Parent Relationship": "Outer",
                "Parallel Aware": false,
                "Startup Cost": 391803.51,
                "Total Cost": 391804.12,
                "Plan Rows": 6,
                "Plan Width": 8,
                "Actual Startup Time": 661.625,
                "Actual Total Time": 702.242,
                "Actual Rows": 7,
                "Actual Loops": 1,
                "Output": [
                    "(PARTIAL count(*))"
                ],
                "Workers Planned": 6,
                "Workers Launched": 6,
                "Single Copy": false,
                "Plans": [
                    {
                        "Node Type": "Aggregate",
                        "Strategy": "Plain",
                        "Partial Mode": "Partial",
                        "Parent Relationship": "Outer",
                        "Parallel Aware": false,
                        "Startup Cost": 390803.51,
                        "Total Cost": 390803.52,
                        "Plan Rows": 1,
                        "Plan Width": 8,
                        "Actual Startup Time": 653.438,
                        "Actual Total Time": 653.441,
                        "Actual Rows": 1,
                        "Actual Loops": 7,
                        "Output": [
                            "PARTIAL count(*)"
                        ],
                        "Workers": [
                            {
                                "Worker Number": 0,
                                "Actual Startup Time": 652.72,
                                "Actual Total Time": 652.723,
                                "Actual Rows": 1,
                                "Actual Loops": 1
                            },
                            {
                                "Worker Number": 1,
                                "Actual Startup Time": 649.076,
                                "Actual Total Time": 649.079,
                                "Actual Rows": 1,
                                "Actual Loops": 1
                            },
                            {
                                "Worker Number": 2,
                                "Actual Startup Time": 653.161,
                                "Actual Total Time": 653.164,
                                "Actual Rows": 1,
                                "Actual Loops": 1
                            },
                            {
                                "Worker Number": 3,
                                "Actual Startup Time": 654.01,
                                "Actual Total Time": 654.013,
                                "Actual Rows": 1,
                                "Actual Loops": 1
                            },
                            {
                                "Worker Number": 4,
                                "Actual Startup Time": 653.722,
                                "Actual Total Time": 653.724,
                                "Actual Rows": 1,
                                "Actual Loops": 1
                            },
                            {
                                "Worker Number": 5,
                                "Actual Startup Time": 650.29,
                                "Actual Total Time": 650.293,
                                "Actual Rows": 1,
                                "Actual Loops": 1
                            }
                        ],
                        "Plans": [
                            {
                                "Node Type": "Hash Join",
                                "Parent Relationship": "Outer",
                                "Parallel Aware": true,
                                "Join Type": "Inner",
                                "Startup Cost": 46724.62,
                                "Total Cost": 390638.46,
                                "Plan Rows": 66022,
                                "Plan Width": 0,
                                "Actual Startup Time": 90.285,
                                "Actual Total Time": 648.329,
                                "Actual Rows": 98637,
                                "Actual Loops": 7,
                                "Inner Unique": true,
                                "Hash Cond": "(ci.movie_id = t.id)",
                                "Workers": [
                                    {
                                        "Worker Number": 0,
                                        "Actual Startup Time": 89.662,
                                        "Actual Total Time": 647.305,
                                        "Actual Rows": 73804,
                                        "Actual Loops": 1
                                    },
                                    {
                                        "Worker Number": 1,
                                        "Actual Startup Time": 85.804,
                                        "Actual Total Time": 643.974,
                                        "Actual Rows": 110654,
                                        "Actual Loops": 1
                                    },
                                    {
                                        "Worker Number": 2,
                                        "Actual Startup Time": 90.541,
                                        "Actual Total Time": 648.131,
                                        "Actual Rows": 108967,
                                        "Actual Loops": 1
                                    },
                                    {
                                        "Worker Number": 3,
                                        "Actual Startup Time": 90.869,
                                        "Actual Total Time": 649.798,
                                        "Actual Rows": 92294,
                                        "Actual Loops": 1
                                    },
                                    {
                                        "Worker Number": 4,
                                        "Actual Startup Time": 90.391,
                                        "Actual Total Time": 648.73,
                                        "Actual Rows": 108259,
                                        "Actual Loops": 1
                                    },
                                    {
                                        "Worker Number": 5,
                                        "Actual Startup Time": 87.047,
                                        "Actual Total Time": 645.333,
                                        "Actual Rows": 107642,
                                        "Actual Loops": 1
                                    }
                                ],
                                "Plans": [
                                    {
                                        "Node Type": "Index Scan",
                                        "Parent Relationship": "Outer",
                                        "Parallel Aware": true,
                                        "Scan Direction": "Forward",
                                        "Index Name": "role_id_cast_info",
                                        "Relation Name": "cast_info",
                                        "Schema": "public",
                                        "Alias": "ci",
                                        "Startup Cost": 0.56,
                                        "Total Cost": 342814.42,
                                        "Plan Rows": 419038,
                                        "Plan Width": 4,
                                        "Actual Startup Time": 0.247,
                                        "Actual Total Time": 407.349,
                                        "Actual Rows": 758089,
                                        "Actual Loops": 7,
                                        "Output": [
                                            "ci.id",
                                            "ci.person_id",
                                            "ci.movie_id",
                                            "ci.person_role_id",
                                            "ci.note",
                                            "ci.nr_order",
                                            "ci.role_id"
                                        ],
                                        "Index Cond": "(ci.role_id = 1)",
                                        "Rows Removed by Index Recheck": 0,
                                        "Filter": "(ci.person_id < 712012)",
                                        "Rows Removed by Filter": 1052009,
                                        "Workers": [
                                            {
                                                "Worker Number": 0,
                                                "Actual Startup Time": 0.241,
                                                "Actual Total Time": 414.859,
                                                "Actual Rows": 569400,
                                                "Actual Loops": 1
                                            },
                                            {
                                                "Worker Number": 1,
                                                "Actual Startup Time": 0.148,
                                                "Actual Total Time": 410.882,
                                                "Actual Rows": 840061,
                                                "Actual Loops": 1
                                            },
                                            {
                                                "Worker Number": 2,
                                                "Actual Startup Time": 0.438,
                                                "Actual Total Time": 409.811,
                                                "Actual Rows": 819780,
                                                "Actual Loops": 1
                                            },
                                            {
                                                "Worker Number": 3,
                                                "Actual Startup Time": 0.29,
                                                "Actual Total Time": 397.112,
                                                "Actual Rows": 728413,
                                                "Actual Loops": 1
                                            },
                                            {
                                                "Worker Number": 4,
                                                "Actual Startup Time": 0.12,
                                                "Actual Total Time": 409.842,
                                                "Actual Rows": 826021,
                                                "Actual Loops": 1
                                            },
                                            {
                                                "Worker Number": 5,
                                                "Actual Startup Time": 0.183,
                                                "Actual Total Time": 410.002,
                                                "Actual Rows": 829141,
                                                "Actual Loops": 1
                                            }
                                        ]
                                    },
                                    {
                                        "Node Type": "Hash",
                                        "Parent Relationship": "Inner",
                                        "Parallel Aware": true,
                                        "Startup Cost": 45479.21,
                                        "Total Cost": 45479.21,
                                        "Plan Rows": 99588,
                                        "Plan Width": 4,
                                        "Actual Startup Time": 88.219,
                                        "Actual Total Time": 88.22,
                                        "Actual Rows": 47999,
                                        "Actual Loops": 7,
                                        "Output": [
                                            "t.id"
                                        ],
                                        "Hash Buckets": 524288,
                                        "Original Hash Buckets": 524288,
                                        "Hash Batches": 1,
                                        "Original Hash Batches": 1,
                                        "Peak Memory Usage": 17344,
                                        "Workers": [
                                            {
                                                "Worker Number": 0,
                                                "Actual Startup Time": 89.039,
                                                "Actual Total Time": 89.041,
                                                "Actual Rows": 37204,
                                                "Actual Loops": 1
                                            },
                                            {
                                                "Worker Number": 1,
                                                "Actual Startup Time": 85.286,
                                                "Actual Total Time": 85.287,
                                                "Actual Rows": 51346,
                                                "Actual Loops": 1
                                            },
                                            {
                                                "Worker Number": 2,
                                                "Actual Startup Time": 89.482,
                                                "Actual Total Time": 89.483,
                                                "Actual Rows": 51390,
                                                "Actual Loops": 1
                                            },
                                            {
                                                "Worker Number": 3,
                                                "Actual Startup Time": 90.306,
                                                "Actual Total Time": 90.307,
                                                "Actual Rows": 44442,
                                                "Actual Loops": 1
                                            },
                                            {
                                                "Worker Number": 4,
                                                "Actual Startup Time": 89.965,
                                                "Actual Total Time": 89.965,
                                                "Actual Rows": 51784,
                                                "Actual Loops": 1
                                            },
                                            {
                                                "Worker Number": 5,
                                                "Actual Startup Time": 86.412,
                                                "Actual Total Time": 86.413,
                                                "Actual Rows": 50795,
                                                "Actual Loops": 1
                                            }
                                        ],
                                        "Plans": [
                                            {
                                                "Node Type": "Seq Scan",
                                                "Parent Relationship": "Outer",
                                                "Parallel Aware": true,
                                                "Relation Name": "title",
                                                "Schema": "public",
                                                "Alias": "t",
                                                "Startup Cost": 0.0,
                                                "Total Cost": 45479.21,
                                                "Plan Rows": 99588,
                                                "Plan Width": 4,
                                                "Actual Startup Time": 0.057,
                                                "Actual Total Time": 69.921,
                                                "Actual Rows": 47999,
                                                "Actual Loops": 7,
                                                "Output": [
                                                    "t.id"
                                                ],
                                                "Filter": "((t.kind_id < 7) AND (t.production_year > 2005))",
                                                "Rows Removed by Filter": 313188,
                                                "Workers": [
                                                    {
                                                        "Worker Number": 0,
                                                        "Actual Startup Time": 0.044,
                                                        "Actual Total Time": 71.609,
                                                        "Actual Rows": 37204,
                                                        "Actual Loops": 1
                                                    },
                                                    {
                                                        "Worker Number": 1,
                                                        "Actual Startup Time": 0.07,
                                                        "Actual Total Time": 68.706,
                                                        "Actual Rows": 51346,
                                                        "Actual Loops": 1
                                                    },
                                                    {
                                                        "Worker Number": 2,
                                                        "Actual Startup Time": 0.052,
                                                        "Actual Total Time": 70.412,
                                                        "Actual Rows": 51390,
                                                        "Actual Loops": 1
                                                    },
                                                    {
                                                        "Worker Number": 3,
                                                        "Actual Startup Time": 0.052,
                                                        "Actual Total Time": 69.675,
                                                        "Actual Rows": 44442,
                                                        "Actual Loops": 1
                                                    },
                                                    {
                                                        "Worker Number": 4,
                                                        "Actual Startup Time": 0.046,
                                                        "Actual Total Time": 70.323,
                                                        "Actual Rows": 51784,
                                                        "Actual Loops": 1
                                                    },
                                                    {
                                                        "Worker Number": 5,
                                                        "Actual Startup Time": 0.073,
                                                        "Actual Total Time": 69.483,
                                                        "Actual Rows": 50795,
                                                        "Actual Loops": 1
                                                    }
                                                ]
                                            }
                                        ]
                                    }
                                ]
                            }
                        ]
                    }
                ]
            }
        ]
    },
    "Planning Time": 0.467,
    "Triggers": [],
    "Execution Time": 702.318
}