[
  {
    "Bao": {
      "Bao prediction": 1249.394,
      "Bao recommended hint": "SET enable_nestloop TO off; SET enable_hashjoin TO off; "
    }
  },
  {
    "Plan": {
      "Node Type": "Aggregate",
      "Strategy": "Plain",
      "Partial Mode": "Finalize",
      "Parallel Aware": false,
      "Startup Cost": 70179.8,
      "Total Cost": 70179.81,
      "Plan Rows": 1,
      "Plan Width": 96,
      "Actual Startup Time": 451.696,
      "Actual Total Time": 465.717,
      "Actual Rows": 1,
      "Actual Loops": 1,
      "Plans": [
        {
          "Node Type": "Gather",
          "Parent Relationship": "Outer",
          "Parallel Aware": false,
          "Startup Cost": 70179.25,
          "Total Cost": 70179.76,
          "Plan Rows": 5,
          "Plan Width": 96,
          "Actual Startup Time": 389.29,
          "Actual Total Time": 465.681,
          "Actual Rows": 6,
          "Actual Loops": 1,
          "Workers Planned": 5,
          "Workers Launched": 5,
          "Single Copy": false,
          "Plans": [
            {
              "Node Type": "Aggregate",
              "Strategy": "Plain",
              "Partial Mode": "Partial",
              "Parent Relationship": "Outer",
              "Parallel Aware": false,
              "Startup Cost": 69179.25,
              "Total Cost": 69179.26,
              "Plan Rows": 1,
              "Plan Width": 96,
              "Actual Startup Time": 376.999,
              "Actual Total Time": 377.02,
              "Actual Rows": 1,
              "Actual Loops": 6,
              "Plans": [
                {
                  "Node Type": "Merge Join",
                  "Parent Relationship": "Outer",
                  "Parallel Aware": false,
                  "Join Type": "Inner",
                  "Startup Cost": 69179.22,
                  "Total Cost": 69179.24,
                  "Plan Rows": 1,
                  "Plan Width": 48,
                  "Actual Startup Time": 376.936,
                  "Actual Total Time": 376.987,
                  "Actual Rows": 124,
                  "Actual Loops": 6,
                  "Inner Unique": true,
                  "Merge Cond": "(mc.company_type_id = ct.id)",
                  "Plans": [
                    {
                      "Node Type": "Sort",
                      "Parent Relationship": "Outer",
                      "Parallel Aware": false,
                      "Startup Cost": 69178.16,
                      "Total Cost": 69178.16,
                      "Plan Rows": 1,
                      "Plan Width": 52,
                      "Actual Startup Time": 376.917,
                      "Actual Total Time": 376.944,
                      "Actual Rows": 140,
                      "Actual Loops": 6,
                      "Sort Key": [
                        "mc.company_type_id"
                      ],
                      "Sort Method": "quicksort",
                      "Sort Space Used": 25,
                      "Sort Space Type": "Memory",
                      "Workers": [
                        {
                          "Worker Number": 0,
                          "Sort Method": "quicksort",
                          "Sort Space Used": 25,
                          "Sort Space Type": "Memory"
                        },
                        {
                          "Worker Number": 1,
                          "Sort Method": "quicksort",
                          "Sort Space Used": 25,
                          "Sort Space Type": "Memory"
                        },
                        {
                          "Worker Number": 2,
                          "Sort Method": "quicksort",
                          "Sort Space Used": 25,
                          "Sort Space Type": "Memory"
                        },
                        {
                          "Worker Number": 3,
                          "Sort Method": "quicksort",
                          "Sort Space Used": 136,
                          "Sort Space Type": "Memory"
                        },
                        {
                          "Worker Number": 4,
                          "Sort Method": "quicksort",
                          "Sort Space Used": 25,
                          "Sort Space Type": "Memory"
                        }
                      ],
                      "Plans": [
                        {
                          "Node Type": "Merge Join",
                          "Parent Relationship": "Outer",
                          "Parallel Aware": false,
                          "Join Type": "Inner",
                          "Startup Cost": 68902.37,
                          "Total Cost": 69178.15,
                          "Plan Rows": 1,
                          "Plan Width": 52,
                          "Actual Startup Time": 376.015,
                          "Actual Total Time": 376.791,
                          "Actual Rows": 140,
                          "Actual Loops": 6,
                          "Inner Unique": true,
                          "Merge Cond": "(mc.company_id = cn.id)",
                          "Plans": [
                            {
                              "Node Type": "Sort",
                              "Parent Relationship": "Outer",
                              "Parallel Aware": false,
                              "Startup Cost": 57448.39,
                              "Total Cost": 57448.39,
                              "Plan Rows": 1,
                              "Plan Width": 37,
                              "Actual Startup Time": 317.036,
                              "Actual Total Time": 317.1,
                              "Actual Rows": 319,
                              "Actual Loops": 6,
                              "Sort Key": [
                                "mc.company_id"
                              ],
                              "Sort Method": "quicksort",
                              "Sort Space Used": 26,
                              "Sort Space Type": "Memory",
                              "Workers": [
                                {
                                  "Worker Number": 0,
                                  "Sort Method": "quicksort",
                                  "Sort Space Used": 25,
                                  "Sort Space Type": "Memory"
                                },
                                {
                                  "Worker Number": 1,
                                  "Sort Method": "quicksort",
                                  "Sort Space Used": 25,
                                  "Sort Space Type": "Memory"
                                },
                                {
                                  "Worker Number": 2,
                                  "Sort Method": "quicksort",
                                  "Sort Space Used": 25,
                                  "Sort Space Type": "Memory"
                                },
                                {
                                  "Worker Number": 3,
                                  "Sort Method": "quicksort",
                                  "Sort Space Used": 195,
                                  "Sort Space Type": "Memory"
                                },
                                {
                                  "Worker Number": 4,
                                  "Sort Method": "quicksort",
                                  "Sort Space Used": 25,
                                  "Sort Space Type": "Memory"
                                }
                              ],
                              "Plans": [
                                {
                                  "Node Type": "Merge Join",
                                  "Parent Relationship": "Outer",
                                  "Parallel Aware": false,
                                  "Join Type": "Inner",
                                  "Startup Cost": 57448.35,
                                  "Total Cost": 57448.38,
                                  "Plan Rows": 1,
                                  "Plan Width": 37,
                                  "Actual Startup Time": 316.822,
                                  "Actual Total Time": 316.92,
                                  "Actual Rows": 319,
                                  "Actual Loops": 6,
                                  "Inner Unique": true,
                                  "Merge Cond": "(cc.status_id = cct2.id)",
                                  "Plans": [
                                    {
                                      "Node Type": "Sort",
                                      "Parent Relationship": "Outer",
                                      "Parallel Aware": false,
                                      "Startup Cost": 57447.29,
                                      "Total Cost": 57447.3,
                                      "Plan Rows": 1,
                                      "Plan Width": 41,
                                      "Actual Startup Time": 316.805,
                                      "Actual Total Time": 316.839,
                                      "Actual Rows": 319,
                                      "Actual Loops": 6,
                                      "Sort Key": [
                                        "cc.status_id"
                                      ],
                                      "Sort Method": "quicksort",
                                      "Sort Space Used": 26,
                                      "Sort Space Type": "Memory",
                                      "Workers": [
                                        {
                                          "Worker Number": 0,
                                          "Sort Method": "quicksort",
                                          "Sort Space Used": 25,
                                          "Sort Space Type": "Memory"
                                        },
                                        {
                                          "Worker Number": 1,
                                          "Sort Method": "quicksort",
                                          "Sort Space Used": 25,
                                          "Sort Space Type": "Memory"
                                        },
                                        {
                                          "Worker Number": 2,
                                          "Sort Method": "quicksort",
                                          "Sort Space Used": 25,
                                          "Sort Space Type": "Memory"
                                        },
                                        {
                                          "Worker Number": 3,
                                          "Sort Method": "quicksort",
                                          "Sort Space Used": 195,
                                          "Sort Space Type": "Memory"
                                        },
                                        {
                                          "Worker Number": 4,
                                          "Sort Method": "quicksort",
                                          "Sort Space Used": 25,
                                          "Sort Space Type": "Memory"
                                        }
                                      ],
                                      "Plans": [
                                        {
                                          "Node Type": "Merge Join",
                                          "Parent Relationship": "Outer",
                                          "Parallel Aware": false,
                                          "Join Type": "Inner",
                                          "Startup Cost": 57447.26,
                                          "Total Cost": 57447.28,
                                          "Plan Rows": 1,
                                          "Plan Width": 41,
                                          "Actual Startup Time": 316.578,
                                          "Actual Total Time": 316.676,
                                          "Actual Rows": 319,
                                          "Actual Loops": 6,
                                          "Inner Unique": true,
                                          "Merge Cond": "(cc.subject_id = cct1.id)",
                                          "Plans": [
                                            {
                                              "Node Type": "Sort",
                                              "Parent Relationship": "Outer",
                                              "Parallel Aware": false,
                                              "Startup Cost": 57446.2,
                                              "Total Cost": 57446.2,
                                              "Plan Rows": 1,
                                              "Plan Width": 45,
                                              "Actual Startup Time": 316.547,
                                              "Actual Total Time": 316.579,
                                              "Actual Rows": 319,
                                              "Actual Loops": 6,
                                              "Sort Key": [
                                                "cc.subject_id"
                                              ],
                                              "Sort Method": "quicksort",
                                              "Sort Space Used": 26,
                                              "Sort Space Type": "Memory",
                                              "Workers": [
                                                {
                                                  "Worker Number": 0,
                                                  "Sort Method": "quicksort",
                                                  "Sort Space Used": 26,
                                                  "Sort Space Type": "Memory"
                                                },
                                                {
                                                  "Worker Number": 1,
                                                  "Sort Method": "quicksort",
                                                  "Sort Space Used": 25,
                                                  "Sort Space Type": "Memory"
                                                },
                                                {
                                                  "Worker Number": 2,
                                                  "Sort Method": "quicksort",
                                                  "Sort Space Used": 25,
                                                  "Sort Space Type": "Memory"
                                                },
                                                {
                                                  "Worker Number": 3,
                                                  "Sort Method": "quicksort",
                                                  "Sort Space Used": 303,
                                                  "Sort Space Type": "Memory"
                                                },
                                                {
                                                  "Worker Number": 4,
                                                  "Sort Method": "quicksort",
                                                  "Sort Space Used": 25,
                                                  "Sort Space Type": "Memory"
                                                }
                                              ],
                                              "Plans": [
                                                {
                                                  "Node Type": "Merge Join",
                                                  "Parent Relationship": "Outer",
                                                  "Parallel Aware": false,
                                                  "Join Type": "Inner",
                                                  "Startup Cost": 57381.55,
                                                  "Total Cost": 57446.19,
                                                  "Plan Rows": 1,
                                                  "Plan Width": 45,
                                                  "Actual Startup Time": 316.226,
                                                  "Actual Total Time": 316.381,
                                                  "Actual Rows": 446,
                                                  "Actual Loops": 6,
                                                  "Inner Unique": true,
                                                  "Merge Cond": "(mk.keyword_id = k.id)",
                                                  "Plans": [
                                                    {
                                                      "Node Type": "Sort",
                                                      "Parent Relationship": "Outer",
                                                      "Parallel Aware": false,
                                                      "Startup Cost": 54755.19,
                                                      "Total Cost": 54787.61,
                                                      "Plan Rows": 12969,
                                                      "Plan Width": 49,
                                                      "Actual Startup Time": 301.783,
                                                      "Actual Total Time": 302.047,
                                                      "Actual Rows": 1819,
                                                      "Actual Loops": 6,
                                                      "Sort Key": [
                                                        "mk.keyword_id"
                                                      ],
                                                      "Sort Method": "quicksort",
                                                      "Sort Space Used": 697,
                                                      "Sort Space Type": "Memory",
                                                      "Workers": [
                                                        {
                                                          "Worker Number": 0,
                                                          "Sort Method": "quicksort",
                                                          "Sort Space Used": 34,
                                                          "Sort Space Type": "Memory"
                                                        },
                                                        {
                                                          "Worker Number": 1,
                                                          "Sort Method": "quicksort",
                                                          "Sort Space Used": 113,
                                                          "Sort Space Type": "Memory"
                                                        },
                                                        {
                                                          "Worker Number": 2,
                                                          "Sort Method": "quicksort",
                                                          "Sort Space Used": 1560,
                                                          "Sort Space Type": "Memory"
                                                        },
                                                        {
                                                          "Worker Number": 3,
                                                          "Sort Method": "quicksort",
                                                          "Sort Space Used": 2322,
                                                          "Sort Space Type": "Memory"
                                                        },
                                                        {
                                                          "Worker Number": 4,
                                                          "Sort Method": "quicksort",
                                                          "Sort Space Used": 40,
                                                          "Sort Space Type": "Memory"
                                                        }
                                                      ],
                                                      "Plans": [
                                                        {
                                                          "Node Type": "Merge Join",
                                                          "Parent Relationship": "Outer",
                                                          "Parallel Aware": false,
                                                          "Join Type": "Inner",
                                                          "Startup Cost": 1705.68,
                                                          "Total Cost": 53869.22,
                                                          "Plan Rows": 12969,
                                                          "Plan Width": 49,
                                                          "Actual Startup Time": 63.653,
                                                          "Actual Total Time": 299.101,
                                                          "Actual Rows": 6795,
                                                          "Actual Loops": 6,
                                                          "Inner Unique": false,
                                                          "Merge Cond": "(ml.movie_id = mk.movie_id)",
                                                          "Plans": [
                                                            {
                                                              "Node Type": "Merge Join",
                                                              "Parent Relationship": "Outer",
                                                              "Parallel Aware": false,
                                                              "Join Type": "Inner",
                                                              "Startup Cost": 1619.29,
                                                              "Total Cost": 45534.74,
                                                              "Plan Rows": 640,
                                                              "Plan Width": 41,
                                                              "Actual Startup Time": 21.284,
                                                              "Actual Total Time": 218.164,
                                                              "Actual Rows": 624,
                                                              "Actual Loops": 6,
                                                              "Inner Unique": true,
                                                              "Merge Cond": "(ml.movie_id = t.id)",
                                                              "Plans": [
                                                                {
                                                                  "Node Type": "Merge Join",
                                                                  "Parent Relationship": "Outer",
                                                                  "Parallel Aware": false,
                                                                  "Join Type": "Inner",
                                                                  "Startup Cost": 1618.86,
                                                                  "Total Cost": 35840.81,
                                                                  "Plan Rows": 851,
                                                                  "Plan Width": 20,
                                                                  "Actual Startup Time": 8.59,
                                                                  "Actual Total Time": 68.042,
                                                                  "Actual Rows": 644,
                                                                  "Actual Loops": 6,
                                                                  "Inner Unique": false,
                                                                  "Merge Cond": "(mi.movie_id = ml.movie_id)",
                                                                  "Plans": [
                                                                    {
                                                                      "Node Type": "Index Scan",
                                                                      "Parent Relationship": "Outer",
                                                                      "Parallel Aware": true,
                                                                      "Scan Direction": "Forward",
                                                                      "Index Name": "movie_id_movie_info",
                                                                      "Relation Name": "movie_info",
                                                                      "Alias": "mi",
                                                                      "Startup Cost": 0.43,
                                                                      "Total Cost": 995928.17,
                                                                      "Plan Rows": 184450,
                                                                      "Plan Width": 4,
                                                                      "Actual Startup Time": 0.504,
                                                                      "Actual Total Time": 61.178,
                                                                      "Actual Rows": 5661,
                                                                      "Actual Loops": 6,
                                                                      "Filter": "(info = ANY ('{Sweden,Norway,Germany,Denmark,Swedish,Denish,Norwegian,German,English}'::text[]))",
                                                                      "Rows Removed by Filter": 80120
                                                                    },
                                                                    {
                                                                      "Node Type": "Sort",
                                                                      "Parent Relationship": "Inner",
                                                                      "Parallel Aware": false,
                                                                      "Startup Cost": 1618.42,
                                                                      "Total Cost": 1622.58,
                                                                      "Plan Rows": 1666,
                                                                      "Plan Width": 16,
                                                                      "Actual Startup Time": 5.776,
                                                                      "Actual Total Time": 6.005,
                                                                      "Actual Rows": 2639,
                                                                      "Actual Loops": 6,
                                                                      "Sort Key": [
                                                                        "ml.movie_id"
                                                                      ],
                                                                      "Sort Method": "quicksort",
                                                                      "Sort Space Used": 205,
                                                                      "Sort Space Type": "Memory",
                                                                      "Workers": [
                                                                        {
                                                                          "Worker Number": 0,
                                                                          "Sort Method": "quicksort",
                                                                          "Sort Space Used": 205,
                                                                          "Sort Space Type": "Memory"
                                                                        },
                                                                        {
                                                                          "Worker Number": 1,
                                                                          "Sort Method": "quicksort",
                                                                          "Sort Space Used": 205,
                                                                          "Sort Space Type": "Memory"
                                                                        },
                                                                        {
                                                                          "Worker Number": 2,
                                                                          "Sort Method": "quicksort",
                                                                          "Sort Space Used": 205,
                                                                          "Sort Space Type": "Memory"
                                                                        },
                                                                        {
                                                                          "Worker Number": 3,
                                                                          "Sort Method": "quicksort",
                                                                          "Sort Space Used": 205,
                                                                          "Sort Space Type": "Memory"
                                                                        },
                                                                        {
                                                                          "Worker Number": 4,
                                                                          "Sort Method": "quicksort",
                                                                          "Sort Space Used": 205,
                                                                          "Sort Space Type": "Memory"
                                                                        }
                                                                      ],
                                                                      "Plans": [
                                                                        {
                                                                          "Node Type": "Merge Join",
                                                                          "Parent Relationship": "Outer",
                                                                          "Parallel Aware": false,
                                                                          "Join Type": "Inner",
                                                                          "Startup Cost": 0.42,
                                                                          "Total Cost": 1529.27,
                                                                          "Plan Rows": 1666,
                                                                          "Plan Width": 16,
                                                                          "Actual Startup Time": 0.205,
                                                                          "Actual Total Time": 4.161,
                                                                          "Actual Rows": 2315,
                                                                          "Actual Loops": 6,
                                                                          "Inner Unique": false,
                                                                          "Merge Cond": "(lt.id = ml.link_type_id)",
                                                                          "Plans": [
                                                                            {
                                                                              "Node Type": "Index Scan",
                                                                              "Parent Relationship": "Outer",
                                                                              "Parallel Aware": false,
                                                                              "Scan Direction": "Forward",
                                                                              "Index Name": "link_type_pkey",
                                                                              "Relation Name": "link_type",
                                                                              "Alias": "lt",
                                                                              "Startup Cost": 0.14,
                                                                              "Total Cost": 12.45,
                                                                              "Plan Rows": 1,
                                                                              "Plan Width": 16,
                                                                              "Actual Startup Time": 0.081,
                                                                              "Actual Total Time": 0.094,
                                                                              "Actual Rows": 2,
                                                                              "Actual Loops": 6,
                                                                              "Filter": "((link)::text ~~ '%follow%'::text)",
                                                                              "Rows Removed by Filter": 16
                                                                            },
                                                                            {
                                                                              "Node Type": "Index Scan",
                                                                              "Parent Relationship": "Inner",
                                                                              "Parallel Aware": false,
                                                                              "Scan Direction": "Forward",
                                                                              "Index Name": "link_type_id_movie_link",
                                                                              "Relation Name": "movie_link",
                                                                              "Alias": "ml",
                                                                              "Startup Cost": 0.29,
                                                                              "Total Cost": 1425.16,
                                                                              "Plan Rows": 29997,
                                                                              "Plan Width": 8,
                                                                              "Actual Startup Time": 0.117,
                                                                              "Actual Total Time": 3.235,
                                                                              "Actual Rows": 2316,
                                                                              "Actual Loops": 6
                                                                            }
                                                                          ]
                                                                        }
                                                                      ]
                                                                    }
                                                                  ]
                                                                },
                                                                {
                                                                  "Node Type": "Index Scan",
                                                                  "Parent Relationship": "Inner",
                                                                  "Parallel Aware": false,
                                                                  "Scan Direction": "Forward",
                                                                  "Index Name": "title_pkey",
                                                                  "Relation Name": "title",
                                                                  "Alias": "t",
                                                                  "Startup Cost": 0.43,
                                                                  "Total Cost": 123001.61,
                                                                  "Plan Rows": 1903094,
                                                                  "Plan Width": 21,
                                                                  "Actual Startup Time": 0.099,
                                                                  "Actual Total Time": 140.392,
                                                                  "Actual Rows": 130096,
                                                                  "Actual Loops": 6,
                                                                  "Filter": "((production_year >= 1950) AND (production_year <= 2010))",
                                                                  "Rows Removed by Filter": 36724
                                                                }
                                                              ]
                                                            },
                                                            {
                                                              "Node Type": "Materialize",
                                                              "Parent Relationship": "Inner",
                                                              "Parallel Aware": false,
                                                              "Startup Cost": 17.77,
                                                              "Total Cost": 378636.44,
                                                              "Plan Rows": 2851928,
                                                              "Plan Width": 32,
                                                              "Actual Startup Time": 0.709,
                                                              "Actual Total Time": 76.833,
                                                              "Actual Rows": 27076,
                                                              "Actual Loops": 6,
                                                              "Plans": [
                                                                {
                                                                  "Node Type": "Merge Join",
                                                                  "Parent Relationship": "Outer",
                                                                  "Parallel Aware": false,
                                                                  "Join Type": "Inner",
                                                                  "Startup Cost": 17.77,
                                                                  "Total Cost": 371506.62,
                                                                  "Plan Rows": 2851928,
                                                                  "Plan Width": 32,
                                                                  "Actual Startup Time": 0.703,
                                                                  "Actual Total Time": 68.968,
                                                                  "Actual Rows": 20696,
                                                                  "Actual Loops": 6,
                                                                  "Inner Unique": false,
                                                                  "Merge Cond": "(mc.movie_id = mk.movie_id)",
                                                                  "Plans": [
                                                                    {
                                                                      "Node Type": "Merge Join",
                                                                      "Parent Relationship": "Outer",
                                                                      "Parallel Aware": false,
                                                                      "Join Type": "Inner",
                                                                      "Startup Cost": 8.88,
                                                                      "Total Cost": 153744.0,
                                                                      "Plan Rows": 328848,
                                                                      "Plan Width": 24,
                                                                      "Actual Startup Time": 0.423,
                                                                      "Actual Total Time": 38.616,
                                                                      "Actual Rows": 4690,
                                                                      "Actual Loops": 6,
                                                                      "Inner Unique": false,
                                                                      "Merge Cond": "(cc.movie_id = mc.movie_id)",
                                                                      "Plans": [
                                                                        {
                                                                          "Node Type": "Index Scan",
                                                                          "Parent Relationship": "Outer",
                                                                          "Parallel Aware": false,
                                                                          "Scan Direction": "Forward",
                                                                          "Index Name": "movie_id_complete_cast",
                                                                          "Relation Name": "complete_cast",
                                                                          "Alias": "cc",
                                                                          "Startup Cost": 0.42,
                                                                          "Total Cost": 6650.11,
                                                                          "Plan Rows": 135086,
                                                                          "Plan Width": 12,
                                                                          "Actual Startup Time": 0.053,
                                                                          "Actual Total Time": 2.714,
                                                                          "Actual Rows": 5250,
                                                                          "Actual Loops": 6
                                                                        },
                                                                        {
                                                                          "Node Type": "Index Scan",
                                                                          "Parent Relationship": "Inner",
                                                                          "Parallel Aware": false,
                                                                          "Scan Direction": "Forward",
                                                                          "Index Name": "movie_id_movie_companies",
                                                                          "Relation Name": "movie_companies",
                                                                          "Alias": "mc",
                                                                          "Startup Cost": 0.43,
                                                                          "Total Cost": 140404.76,
                                                                          "Plan Rows": 1269863,
                                                                          "Plan Width": 12,
                                                                          "Actual Startup Time": 0.072,
                                                                          "Actual Total Time": 31.339,
                                                                          "Actual Rows": 44450,
                                                                          "Actual Loops": 6,
                                                                          "Filter": "(note IS NULL)",
                                                                          "Rows Removed by Filter": 46275
                                                                        }
                                                                      ]
                                                                    },
                                                                    {
                                                                      "Node Type": "Index Scan",
                                                                      "Parent Relationship": "Inner",
                                                                      "Parallel Aware": false,
                                                                      "Scan Direction": "Forward",
                                                                      "Index Name": "movie_id_movie_keyword",
                                                                      "Relation Name": "movie_keyword",
                                                                      "Alias": "mk",
                                                                      "Startup Cost": 0.43,
                                                                      "Total Cost": 177148.48,
                                                                      "Plan Rows": 4523930,
                                                                      "Plan Width": 8,
                                                                      "Actual Startup Time": 0.043,
                                                                      "Actual Total Time": 18.981,
                                                                      "Actual Rows": 96170,
                                                                      "Actual Loops": 6
                                                                    }
                                                                  ]
                                                                }
                                                              ]
                                                            }
                                                          ]
                                                        }
                                                      ]
                                                    },
                                                    {
                                                      "Node Type": "Sort",
                                                      "Parent Relationship": "Inner",
                                                      "Parallel Aware": false,
                                                      "Startup Cost": 2626.14,
                                                      "Total Cost": 2626.14,
                                                      "Plan Rows": 1,
                                                      "Plan Width": 4,
                                                      "Actual Startup Time": 14.076,
                                                      "Actual Total Time": 14.077,
                                                      "Actual Rows": 1,
                                                      "Actual Loops": 6,
                                                      "Sort Key": [
                                                        "k.id"
                                                      ],
                                                      "Sort Method": "quicksort",
                                                      "Sort Space Used": 25,
                                                      "Sort Space Type": "Memory",
                                                      "Workers": [
                                                        {
                                                          "Worker Number": 0,
                                                          "Sort Method": "quicksort",
                                                          "Sort Space Used": 25,
                                                          "Sort Space Type": "Memory"
                                                        },
                                                        {
                                                          "Worker Number": 1,
                                                          "Sort Method": "quicksort",
                                                          "Sort Space Used": 25,
                                                          "Sort Space Type": "Memory"
                                                        },
                                                        {
                                                          "Worker Number": 2,
                                                          "Sort Method": "quicksort",
                                                          "Sort Space Used": 25,
                                                          "Sort Space Type": "Memory"
                                                        },
                                                        {
                                                          "Worker Number": 3,
                                                          "Sort Method": "quicksort",
                                                          "Sort Space Used": 25,
                                                          "Sort Space Type": "Memory"
                                                        },
                                                        {
                                                          "Worker Number": 4,
                                                          "Sort Method": "quicksort",
                                                          "Sort Space Used": 25,
                                                          "Sort Space Type": "Memory"
                                                        }
                                                      ],
                                                      "Plans": [
                                                        {
                                                          "Node Type": "Seq Scan",
                                                          "Parent Relationship": "Outer",
                                                          "Parallel Aware": false,
                                                          "Relation Name": "keyword",
                                                          "Alias": "k",
                                                          "Startup Cost": 0.0,
                                                          "Total Cost": 2626.12,
                                                          "Plan Rows": 1,
                                                          "Plan Width": 4,
                                                          "Actual Startup Time": 0.822,
                                                          "Actual Total Time": 14.057,
                                                          "Actual Rows": 1,
                                                          "Actual Loops": 6,
                                                          "Filter": "(keyword = 'sequel'::text)",
                                                          "Rows Removed by Filter": 134169
                                                        }
                                                      ]
                                                    }
                                                  ]
                                                }
                                              ]
                                            },
                                            {
                                              "Node Type": "Sort",
                                              "Parent Relationship": "Inner",
                                              "Parallel Aware": false,
                                              "Startup Cost": 1.06,
                                              "Total Cost": 1.06,
                                              "Plan Rows": 1,
                                              "Plan Width": 4,
                                              "Actual Startup Time": 0.04,
                                              "Actual Total Time": 0.041,
                                              "Actual Rows": 1,
                                              "Actual Loops": 4,
                                              "Sort Key": [
                                                "cct1.id"
                                              ],
                                              "Sort Method": "quicksort",
                                              "Sort Space Used": 25,
                                              "Sort Space Type": "Memory",
                                              "Workers": [
                                                {
                                                  "Worker Number": 0,
                                                  "Sort Method": "quicksort",
                                                  "Sort Space Used": 25,
                                                  "Sort Space Type": "Memory"
                                                },
                                                {
                                                  "Worker Number": 3,
                                                  "Sort Method": "quicksort",
                                                  "Sort Space Used": 25,
                                                  "Sort Space Type": "Memory"
                                                },
                                                {
                                                  "Worker Number": 4,
                                                  "Sort Method": "quicksort",
                                                  "Sort Space Used": 25,
                                                  "Sort Space Type": "Memory"
                                                }
                                              ],
                                              "Plans": [
                                                {
                                                  "Node Type": "Seq Scan",
                                                  "Parent Relationship": "Outer",
                                                  "Parallel Aware": false,
                                                  "Relation Name": "comp_cast_type",
                                                  "Alias": "cct1",
                                                  "Startup Cost": 0.0,
                                                  "Total Cost": 1.05,
                                                  "Plan Rows": 1,
                                                  "Plan Width": 4,
                                                  "Actual Startup Time": 0.025,
                                                  "Actual Total Time": 0.026,
                                                  "Actual Rows": 1,
                                                  "Actual Loops": 4,
                                                  "Filter": "((kind)::text = 'cast'::text)",
                                                  "Rows Removed by Filter": 3
                                                }
                                              ]
                                            }
                                          ]
                                        }
                                      ]
                                    },
                                    {
                                      "Node Type": "Sort",
                                      "Parent Relationship": "Inner",
                                      "Parallel Aware": false,
                                      "Startup Cost": 1.06,
                                      "Total Cost": 1.06,
                                      "Plan Rows": 1,
                                      "Plan Width": 4,
                                      "Actual Startup Time": 0.02,
                                      "Actual Total Time": 0.021,
                                      "Actual Rows": 2,
                                      "Actual Loops": 4,
                                      "Sort Key": [
                                        "cct2.id"
                                      ],
                                      "Sort Method": "quicksort",
                                      "Sort Space Used": 25,
                                      "Sort Space Type": "Memory",
                                      "Workers": [
                                        {
                                          "Worker Number": 0,
                                          "Sort Method": "quicksort",
                                          "Sort Space Used": 25,
                                          "Sort Space Type": "Memory"
                                        },
                                        {
                                          "Worker Number": 3,
                                          "Sort Method": "quicksort",
                                          "Sort Space Used": 25,
                                          "Sort Space Type": "Memory"
                                        },
                                        {
                                          "Worker Number": 4,
                                          "Sort Method": "quicksort",
                                          "Sort Space Used": 25,
                                          "Sort Space Type": "Memory"
                                        }
                                      ],
                                      "Plans": [
                                        {
                                          "Node Type": "Seq Scan",
                                          "Parent Relationship": "Outer",
                                          "Parallel Aware": false,
                                          "Relation Name": "comp_cast_type",
                                          "Alias": "cct2",
                                          "Startup Cost": 0.0,
                                          "Total Cost": 1.05,
                                          "Plan Rows": 1,
                                          "Plan Width": 4,
                                          "Actual Startup Time": 0.006,
                                          "Actual Total Time": 0.007,
                                          "Actual Rows": 2,
                                          "Actual Loops": 4,
                                          "Filter": "((kind)::text ~~ 'complete%'::text)",
                                          "Rows Removed by Filter": 2
                                        }
                                      ]
                                    }
                                  ]
                                }
                              ]
                            },
                            {
                              "Node Type": "Sort",
                              "Parent Relationship": "Inner",
                              "Parallel Aware": false,
                              "Startup Cost": 11453.99,
                              "Total Cost": 11591.95,
                              "Plan Rows": 55187,
                              "Plan Width": 23,
                              "Actual Startup Time": 86.638,
                              "Actual Total Time": 88.143,
                              "Actual Rows": 10574,
                              "Actual Loops": 4,
                              "Sort Key": [
                                "cn.id"
                              ],
                              "Sort Method": "quicksort",
                              "Sort Space Used": 5023,
                              "Sort Space Type": "Memory",
                              "Workers": [
                                {
                                  "Worker Number": 0,
                                  "Sort Method": "quicksort",
                                  "Sort Space Used": 5023,
                                  "Sort Space Type": "Memory"
                                },
                                {
                                  "Worker Number": 3,
                                  "Sort Method": "quicksort",
                                  "Sort Space Used": 5023,
                                  "Sort Space Type": "Memory"
                                },
                                {
                                  "Worker Number": 4,
                                  "Sort Method": "quicksort",
                                  "Sort Space Used": 5023,
                                  "Sort Space Type": "Memory"
                                }
                              ],
                              "Plans": [
                                {
                                  "Node Type": "Seq Scan",
                                  "Parent Relationship": "Outer",
                                  "Parallel Aware": false,
                                  "Relation Name": "company_name",
                                  "Alias": "cn",
                                  "Startup Cost": 0.0,
                                  "Total Cost": 7107.45,
                                  "Plan Rows": 55187,
                                  "Plan Width": 23,
                                  "Actual Startup Time": 0.029,
                                  "Actual Total Time": 65.538,
                                  "Actual Rows": 48302,
                                  "Actual Loops": 4,
                                  "Filter": "(((country_code)::text <> '[pl]'::text) AND ((name ~~ '%Film%'::text) OR (name ~~ '%Warner%'::text)))",
                                  "Rows Removed by Filter": 186695
                                }
                              ]
                            }
                          ]
                        }
                      ]
                    },
                    {
                      "Node Type": "Sort",
                      "Parent Relationship": "Inner",
                      "Parallel Aware": false,
                      "Startup Cost": 1.06,
                      "Total Cost": 1.06,
                      "Plan Rows": 1,
                      "Plan Width": 4,
                      "Actual Startup Time": 0.043,
                      "Actual Total Time": 0.043,
                      "Actual Rows": 1,
                      "Actual Loops": 2,
                      "Sort Key": [
                        "ct.id"
                      ],
                      "Workers": [
                        {
                          "Worker Number": 0,
                          "Sort Method": "quicksort",
                          "Sort Space Used": 25,
                          "Sort Space Type": "Memory"
                        },
                        {
                          "Worker Number": 3,
                          "Sort Method": "quicksort",
                          "Sort Space Used": 25,
                          "Sort Space Type": "Memory"
                        }
                      ],
                      "Plans": [
                        {
                          "Node Type": "Seq Scan",
                          "Parent Relationship": "Outer",
                          "Parallel Aware": false,
                          "Relation Name": "company_type",
                          "Alias": "ct",
                          "Startup Cost": 0.0,
                          "Total Cost": 1.05,
                          "Plan Rows": 1,
                          "Plan Width": 4,
                          "Actual Startup Time": 0.034,
                          "Actual Total Time": 0.035,
                          "Actual Rows": 1,
                          "Actual Loops": 2,
                          "Filter": "((kind)::text = 'production companies'::text)",
                          "Rows Removed by Filter": 3
                        }
                      ]
                    }
                  ]
                }
              ]
            }
          ]
        }
      ]
    },
    "Planning Time": 2966.685,
    "Triggers": [],
    "Execution Time": 467.107
  }
]