[
  {
    "Plan": {
      "Node Type": "Aggregate",
      "Strategy": "Plain",
      "Partial Mode": "Finalize",
      "Parallel Aware": false,
      "Startup Cost": 352991.16,
      "Total Cost": 352991.17,
      "Plan Rows": 1,
      "Plan Width": 8,
      "Actual Startup Time": 900.247,
      "Actual Total Time": 930.364,
      "Actual Rows": 1,
      "Actual Loops": 1,
      "Plans": [
        {
          "Node Type": "Gather",
          "Parent Relationship": "Outer",
          "Parallel Aware": false,
          "Startup Cost": 352990.53,
          "Total Cost": 352991.14,
          "Plan Rows": 6,
          "Plan Width": 8,
          "Actual Startup Time": 900.157,
          "Actual Total Time": 930.357,
          "Actual Rows": 7,
          "Actual Loops": 1,
          "Workers Planned": 6,
          "Workers Launched": 6,
          "Single Copy": false,
          "Plans": [
            {
              "Node Type": "Aggregate",
              "Strategy": "Plain",
              "Partial Mode": "Partial",
              "Parent Relationship": "Outer",
              "Parallel Aware": false,
              "Startup Cost": 351990.53,
              "Total Cost": 351990.54,
              "Plan Rows": 1,
              "Plan Width": 8,
              "Actual Startup Time": 893.31,
              "Actual Total Time": 893.311,
              "Actual Rows": 1,
              "Actual Loops": 7,
              "Plans": [
                {
                  "Node Type": "Seq Scan",
                  "Parent Relationship": "Outer",
                  "Parallel Aware": true,
                  "Relation Name": "cast_info",
                  "Alias": "ci",
                  "Startup Cost": 0.0,
                  "Total Cost": 343318.94,
                  "Plan Rows": 3468638,
                  "Plan Width": 0,
                  "Actual Startup Time": 219.623,
                  "Actual Total Time": 726.939,
                  "Actual Rows": 3201740,
                  "Actual Loops": 7,
                  "Filter": "((person_id > 402039) AND (role_id > 1))",
                  "Rows Removed by Filter": 1976024
                }
              ]
            }
          ]
        }
      ]
    },
    "Planning Time": 0.097,
    "Triggers": [],
    "Execution Time": 930.395
  }
]