[
  {
    "Plan": {
      "Node Type": "Aggregate",
      "Strategy": "Plain",
      "Partial Mode": "Finalize",
      "Parallel Aware": false,
      "Startup Cost": 215588.19,
      "Total Cost": 215588.2,
      "Plan Rows": 1,
      "Plan Width": 8,
      "Actual Startup Time": 167.987,
      "Actual Total Time": 180.48,
      "Actual Rows": 1,
      "Actual Loops": 1,
      "Plans": [
        {
          "Node Type": "Gather",
          "Parent Relationship": "Outer",
          "Parallel Aware": false,
          "Startup Cost": 215587.67,
          "Total Cost": 215588.18,
          "Plan Rows": 5,
          "Plan Width": 8,
          "Actual Startup Time": 164.905,
          "Actual Total Time": 180.472,
          "Actual Rows": 6,
          "Actual Loops": 1,
          "Workers Planned": 5,
          "Workers Launched": 5,
          "Single Copy": false,
          "Plans": [
            {
              "Node Type": "Aggregate",
              "Strategy": "Plain",
              "Partial Mode": "Partial",
              "Parent Relationship": "Outer",
              "Parallel Aware": false,
              "Startup Cost": 214587.67,
              "Total Cost": 214587.68,
              "Plan Rows": 1,
              "Plan Width": 8,
              "Actual Startup Time": 155.814,
              "Actual Total Time": 155.817,
              "Actual Rows": 1,
              "Actual Loops": 6,
              "Plans": [
                {
                  "Node Type": "Hash Join",
                  "Parent Relationship": "Outer",
                  "Parallel Aware": true,
                  "Join Type": "Inner",
                  "Startup Cost": 51455.21,
                  "Total Cost": 214567.72,
                  "Plan Rows": 7979,
                  "Plan Width": 0,
                  "Actual Startup Time": 118.422,
                  "Actual Total Time": 155.042,
                  "Actual Rows": 11984,
                  "Actual Loops": 6,
                  "Inner Unique": true,
                  "Hash Cond": "(mi.movie_id = t.id)",
                  "Plans": [
                    {
                      "Node Type": "Bitmap Heap Scan",
                      "Parent Relationship": "Outer",
                      "Parallel Aware": true,
                      "Relation Name": "movie_info",
                      "Alias": "mi",
                      "Startup Cost": 6704.59,
                      "Total Cost": 169622.8,
                      "Plan Rows": 74017,
                      "Plan Width": 4,
                      "Actual Startup Time": 21.123,
                      "Actual Total Time": 45.002,
                      "Actual Rows": 61370,
                      "Actual Loops": 6,
                      "Recheck Cond": "(info_type_id = 17)",
                      "Rows Removed by Index Recheck": 0,
                      "Exact Heap Blocks": 2283,
                      "Lossy Heap Blocks": 0,
                      "Plans": [
                        {
                          "Node Type": "Bitmap Index Scan",
                          "Parent Relationship": "Outer",
                          "Parallel Aware": false,
                          "Index Name": "info_type_id_movie_info",
                          "Startup Cost": 0.0,
                          "Total Cost": 6612.07,
                          "Plan Rows": 370084,
                          "Plan Width": 0,
                          "Actual Startup Time": 19.451,
                          "Actual Total Time": 19.451,
                          "Actual Rows": 368218,
                          "Actual Loops": 1,
                          "Index Cond": "(info_type_id = 17)"
                        }
                      ]
                    },
                    {
                      "Node Type": "Hash",
                      "Parent Relationship": "Inner",
                      "Parallel Aware": true,
                      "Startup Cost": 43898.92,
                      "Total Cost": 43898.92,
                      "Plan Rows": 68137,
                      "Plan Width": 4,
                      "Actual Startup Time": 94.721,
                      "Actual Total Time": 94.722,
                      "Actual Rows": 47509,
                      "Actual Loops": 6,
                      "Hash Buckets": 524288,
                      "Original Hash Buckets": 524288,
                      "Hash Batches": 1,
                      "Original Hash Batches": 1,
                      "Peak Memory Usage": 15360,
                      "Plans": [
                        {
                          "Node Type": "Seq Scan",
                          "Parent Relationship": "Outer",
                          "Parallel Aware": true,
                          "Relation Name": "title",
                          "Alias": "t",
                          "Startup Cost": 0.0,
                          "Total Cost": 43898.92,
                          "Plan Rows": 68137,
                          "Plan Width": 4,
                          "Actual Startup Time": 0.047,
                          "Actual Total Time": 75.195,
                          "Actual Rows": 47509,
                          "Actual Loops": 6,
                          "Filter": "(production_year < 1964)",
                          "Rows Removed by Filter": 373876
                        }
                      ]
                    }
                  ]
                }
              ]
            }
          ]
        }
      ]
    },
    "Planning Time": 0.379,
    "Triggers": [],
    "Execution Time": 180.558
  }
]