[
  {
    "Plan": {
      "Node Type": "Aggregate",
      "Strategy": "Plain",
      "Partial Mode": "Finalize",
      "Parallel Aware": false,
      "Startup Cost": 46085.11,
      "Total Cost": 46085.12,
      "Plan Rows": 1,
      "Plan Width": 8,
      "Actual Startup Time": 153.597,
      "Actual Total Time": 161.636,
      "Actual Rows": 1,
      "Actual Loops": 1,
      "Plans": [
        {
          "Node Type": "Gather",
          "Parent Relationship": "Outer",
          "Parallel Aware": false,
          "Startup Cost": 46084.8,
          "Total Cost": 46085.11,
          "Plan Rows": 3,
          "Plan Width": 8,
          "Actual Startup Time": 153.479,
          "Actual Total Time": 161.627,
          "Actual Rows": 4,
          "Actual Loops": 1,
          "Workers Planned": 3,
          "Workers Launched": 3,
          "Single Copy": false,
          "Plans": [
            {
              "Node Type": "Aggregate",
              "Strategy": "Plain",
              "Partial Mode": "Partial",
              "Parent Relationship": "Outer",
              "Parallel Aware": false,
              "Startup Cost": 45084.8,
              "Total Cost": 45084.81,
              "Plan Rows": 1,
              "Plan Width": 8,
              "Actual Startup Time": 147.58,
              "Actual Total Time": 147.581,
              "Actual Rows": 1,
              "Actual Loops": 4,
              "Plans": [
                {
                  "Node Type": "Seq Scan",
                  "Parent Relationship": "Outer",
                  "Parallel Aware": true,
                  "Relation Name": "movie_keyword",
                  "Alias": "mk",
                  "Startup Cost": 0.0,
                  "Total Cost": 42695.65,
                  "Plan Rows": 955657,
                  "Plan Width": 0,
                  "Actual Startup Time": 0.047,
                  "Actual Total Time": 115.48,
                  "Actual Rows": 738815,
                  "Actual Loops": 4,
                  "Filter": "(keyword_id < 9987)",
                  "Rows Removed by Filter": 392168
                }
              ]
            }
          ]
        }
      ]
    },
    "Planning Time": 0.122,
    "Triggers": [],
    "Execution Time": 161.687
  }
]