{
  "Plan": {
    "Node Type": "Aggregate",
    "Strategy": "Plain",
    "Partial Mode": "Finalize",
    "Parallel Aware": false,
    "Startup Cost": 113878.97,
    "Total Cost": 113878.98,
    "Plan Rows": 1,
    "Plan Width": 8,
    "Actual Startup Time": 793.499,
    "Actual Total Time": 815.882,
    "Actual Rows": 1,
    "Actual Loops": 1,
    "Plans": [
      {
        "Node Type": "Gather",
        "Parent Relationship": "Outer",
        "Parallel Aware": false,
        "Startup Cost": 113878.85,
        "Total Cost": 113878.96,
        "Plan Rows": 1,
        "Plan Width": 8,
        "Actual Startup Time": 789.7,
        "Actual Total Time": 815.875,
        "Actual Rows": 2,
        "Actual Loops": 1,
        "Workers Planned": 1,
        "Workers Launched": 1,
        "Single Copy": false,
        "Plans": [
          {
            "Node Type": "Aggregate",
            "Strategy": "Plain",
            "Partial Mode": "Partial",
            "Parent Relationship": "Outer",
            "Parallel Aware": false,
            "Startup Cost": 112878.85,
            "Total Cost": 112878.86,
            "Plan Rows": 1,
            "Plan Width": 8,
            "Actual Startup Time": 776.731,
            "Actual Total Time": 776.735,
            "Actual Rows": 1,
            "Actual Loops": 2,
            "Plans": [
              {
                "Node Type": "Hash Join",
                "Parent Relationship": "Outer",
                "Parallel Aware": true,
                "Join Type": "Inner",
                "Startup Cost": 82199.04,
                "Total Cost": 111995.76,
                "Plan Rows": 353238,
                "Plan Width": 0,
                "Actual Startup Time": 611.05,
                "Actual Total Time": 763.15,
                "Actual Rows": 294250,
                "Actual Loops": 2,
                "Inner Unique": true,
                "Hash Cond": "(mk.movie_id = t.id)",
                "Plans": [
                  {
                    "Node Type": "Bitmap Heap Scan",
                    "Parent Relationship": "Outer",
                    "Parallel Aware": true,
                    "Relation Name": "movie_keyword",
                    "Alias": "mk",
                    "Startup Cost": 12738.34,
                    "Total Cost": 41607.81,
                    "Plan Rows": 353238,
                    "Plan Width": 4,
                    "Actual Startup Time": 34.327,
                    "Actual Total Time": 109.963,
                    "Actual Rows": 294250,
                    "Actual Loops": 2,
                    "Recheck Cond": "(keyword_id > 31200)",
                    "Rows Removed by Index Recheck": 0,
                    "Exact Heap Blocks": 12925,
                    "Lossy Heap Blocks": 0,
                    "Plans": [
                      {
                        "Node Type": "Bitmap Index Scan",
                        "Parent Relationship": "Outer",
                        "Parallel Aware": false,
                        "Index Name": "keyword_id_movie_keyword",
                        "Startup Cost": 0.0,
                        "Total Cost": 12588.21,
                        "Plan Rows": 600504,
                        "Plan Width": 0,
                        "Actual Startup Time": 30.898,
                        "Actual Total Time": 30.898,
                        "Actual Rows": 588501,
                        "Actual Loops": 1,
                        "Index Cond": "(keyword_id > 31200)"
                      }
                    ]
                  },
                  {
                    "Node Type": "Hash",
                    "Parent Relationship": "Inner",
                    "Parallel Aware": true,
                    "Startup Cost": 50870.31,
                    "Total Cost": 50870.31,
                    "Plan Rows": 1487231,
                    "Plan Width": 4,
                    "Actual Startup Time": 554.665,
                    "Actual Total Time": 554.666,
                    "Actual Rows": 1264156,
                    "Actual Loops": 2,
                    "Hash Buckets": 4194304,
                    "Original Hash Buckets": 4194304,
                    "Hash Batches": 1,
                    "Original Hash Batches": 1,
                    "Peak Memory Usage": 131680,
                    "Plans": [
                      {
                        "Node Type": "Seq Scan",
                        "Parent Relationship": "Outer",
                        "Parallel Aware": true,
                        "Relation Name": "title",
                        "Alias": "t",
                        "Startup Cost": 0.0,
                        "Total Cost": 50870.31,
                        "Plan Rows": 1487231,
                        "Plan Width": 4,
                        "Actual Startup Time": 0.024,
                        "Actual Total Time": 154.906,
                        "Actual Rows": 1264156,
                        "Actual Loops": 2
                      }
                    ]
                  }
                ]
              }
            ]
          }
        ]
      }
    ]
  },
  "Planning Time": 0.675,
  "Triggers": [],
  "Execution Time": 815.972
}