[
  {
    "Plan": {
      "Node Type": "Aggregate",
      "Strategy": "Plain",
      "Partial Mode": "Finalize",
      "Parallel Aware": false,
      "Startup Cost": 331902.05,
      "Total Cost": 331902.06,
      "Plan Rows": 1,
      "Plan Width": 8,
      "Actual Startup Time": 591.77,
      "Actual Total Time": 652.766,
      "Actual Rows": 1,
      "Actual Loops": 1,
      "Plans": [
        {
          "Node Type": "Gather",
          "Parent Relationship": "Outer",
          "Parallel Aware": false,
          "Startup Cost": 331901.43,
          "Total Cost": 331902.04,
          "Plan Rows": 6,
          "Plan Width": 8,
          "Actual Startup Time": 591.638,
          "Actual Total Time": 652.755,
          "Actual Rows": 7,
          "Actual Loops": 1,
          "Workers Planned": 6,
          "Workers Launched": 6,
          "Single Copy": false,
          "Plans": [
            {
              "Node Type": "Aggregate",
              "Strategy": "Plain",
              "Partial Mode": "Partial",
              "Parent Relationship": "Outer",
              "Parallel Aware": false,
              "Startup Cost": 330901.43,
              "Total Cost": 330901.44,
              "Plan Rows": 1,
              "Plan Width": 8,
              "Actual Startup Time": 583.482,
              "Actual Total Time": 583.483,
              "Actual Rows": 1,
              "Actual Loops": 7,
              "Plans": [
                {
                  "Node Type": "Seq Scan",
                  "Parent Relationship": "Outer",
                  "Parallel Aware": true,
                  "Relation Name": "cast_info",
                  "Alias": "ci",
                  "Startup Cost": 0.0,
                  "Total Cost": 328162.03,
                  "Plan Rows": 1095760,
                  "Plan Width": 0,
                  "Actual Startup Time": 0.043,
                  "Actual Total Time": 539.055,
                  "Actual Rows": 967960,
                  "Actual Loops": 7,
                  "Filter": "(person_id < 654840)",
                  "Rows Removed by Filter": 4209804
                }
              ]
            }
          ]
        }
      ]
    },
    "Planning Time": 0.161,
    "Triggers": [],
    "Execution Time": 652.836
  }
]