[
    {
        "Bao": {
            "Bao prediction": 516.99,
            "Bao recommended hint": "(no hint)"
        }
    },
    {
        "Plan": {
            "Node Type": "Aggregate",
            "Strategy": "Plain",
            "Partial Mode": "Finalize",
            "Parallel Aware": false,
            "Startup Cost": 341454.5,
            "Total Cost": 341454.51,
            "Plan Rows": 1,
            "Plan Width": 8,
            "Actual Startup Time": 866.244,
            "Actual Total Time": 895.486,
            "Actual Rows": 1,
            "Actual Loops": 1,
            "Output": [
                "count(*)"
            ],
            "Plans": [
                {
                    "Node Type": "Gather",
                    "Parent Relationship": "Outer",
                    "Parallel Aware": false,
                    "Startup Cost": 341453.88,
                    "Total Cost": 341454.49,
                    "Plan Rows": 6,
                    "Plan Width": 8,
                    "Actual Startup Time": 866.146,
                    "Actual Total Time": 895.477,
                    "Actual Rows": 7,
                    "Actual Loops": 1,
                    "Output": [
                        "(PARTIAL count(*))"
                    ],
                    "Workers Planned": 6,
                    "Workers Launched": 6,
                    "Single Copy": false,
                    "Plans": [
                        {
                            "Node Type": "Aggregate",
                            "Strategy": "Plain",
                            "Partial Mode": "Partial",
                            "Parent Relationship": "Outer",
                            "Parallel Aware": false,
                            "Startup Cost": 340453.88,
                            "Total Cost": 340453.89,
                            "Plan Rows": 1,
                            "Plan Width": 8,
                            "Actual Startup Time": 856.9,
                            "Actual Total Time": 856.901,
                            "Actual Rows": 1,
                            "Actual Loops": 7,
                            "Output": [
                                "PARTIAL count(*)"
                            ],
                            "Workers": [
                                {
                                    "Worker Number": 0,
                                    "Actual Startup Time": 854.896,
                                    "Actual Total Time": 854.897,
                                    "Actual Rows": 1,
                                    "Actual Loops": 1
                                },
                                {
                                    "Worker Number": 1,
                                    "Actual Startup Time": 855.136,
                                    "Actual Total Time": 855.136,
                                    "Actual Rows": 1,
                                    "Actual Loops": 1
                                },
                                {
                                    "Worker Number": 2,
                                    "Actual Startup Time": 855.411,
                                    "Actual Total Time": 855.412,
                                    "Actual Rows": 1,
                                    "Actual Loops": 1
                                },
                                {
                                    "Worker Number": 3,
                                    "Actual Startup Time": 855.589,
                                    "Actual Total Time": 855.59,
                                    "Actual Rows": 1,
                                    "Actual Loops": 1
                                },
                                {
                                    "Worker Number": 4,
                                    "Actual Startup Time": 855.939,
                                    "Actual Total Time": 855.939,
                                    "Actual Rows": 1,
                                    "Actual Loops": 1
                                },
                                {
                                    "Worker Number": 5,
                                    "Actual Startup Time": 856.017,
                                    "Actual Total Time": 856.018,
                                    "Actual Rows": 1,
                                    "Actual Loops": 1
                                }
                            ],
                            "Plans": [
                                {
                                    "Node Type": "Seq Scan",
                                    "Parent Relationship": "Outer",
                                    "Parallel Aware": true,
                                    "Relation Name": "cast_info",
                                    "Schema": "public",
                                    "Alias": "ci",
                                    "Startup Cost": 0.0,
                                    "Total Cost": 328213.62,
                                    "Plan Rows": 4896104,
                                    "Plan Width": 0,
                                    "Actual Startup Time": 84.207,
                                    "Actual Total Time": 637.003,
                                    "Actual Rows": 4162758,
                                    "Actual Loops": 7,
                                    "Output": [
                                        "id",
                                        "person_id",
                                        "movie_id",
                                        "person_role_id",
                                        "note",
                                        "nr_order",
                                        "role_id"
                                    ],
                                    "Filter": "(ci.person_id > 686636)",
                                    "Rows Removed by Filter": 1015006,
                                    "Workers": [
                                        {
                                            "Worker Number": 0,
                                            "Actual Startup Time": 82.189,
                                            "Actual Total Time": 637.643,
                                            "Actual Rows": 3303975,
                                            "Actual Loops": 1
                                        },
                                        {
                                            "Worker Number": 1,
                                            "Actual Startup Time": 82.45,
                                            "Actual Total Time": 637.205,
                                            "Actual Rows": 3307514,
                                            "Actual Loops": 1
                                        },
                                        {
                                            "Worker Number": 2,
                                            "Actual Startup Time": 82.713,
                                            "Actual Total Time": 634.487,
                                            "Actual Rows": 4877951,
                                            "Actual Loops": 1
                                        },
                                        {
                                            "Worker Number": 3,
                                            "Actual Startup Time": 82.894,
                                            "Actual Total Time": 637.61,
                                            "Actual Rows": 3313242,
                                            "Actual Loops": 1
                                        },
                                        {
                                            "Worker Number": 4,
                                            "Actual Startup Time": 83.242,
                                            "Actual Total Time": 634.747,
                                            "Actual Rows": 4888121,
                                            "Actual Loops": 1
                                        },
                                        {
                                            "Worker Number": 5,
                                            "Actual Startup Time": 83.338,
                                            "Actual Total Time": 638.107,
                                            "Actual Rows": 3316029,
                                            "Actual Loops": 1
                                        }
                                    ]
                                }
                            ]
                        }
                    ]
                }
            ]
        },
        "Planning Time": 280.467,
        "Triggers": [],
        "Execution Time": 895.602
    }
]