[
  {
    "Plan": {
      "Node Type": "Aggregate",
      "Strategy": "Plain",
      "Partial Mode": "Finalize",
      "Parallel Aware": false,
      "Startup Cost": 68398.15,
      "Total Cost": 68398.16,
      "Plan Rows": 1,
      "Plan Width": 8,
      "Actual Startup Time": 254.153,
      "Actual Total Time": 276.085,
      "Actual Rows": 1,
      "Actual Loops": 1,
      "Plans": [
        {
          "Node Type": "Gather",
          "Parent Relationship": "Outer",
          "Parallel Aware": false,
          "Startup Cost": 68397.93,
          "Total Cost": 68398.14,
          "Plan Rows": 2,
          "Plan Width": 8,
          "Actual Startup Time": 253.395,
          "Actual Total Time": 276.077,
          "Actual Rows": 3,
          "Actual Loops": 1,
          "Workers Planned": 2,
          "Workers Launched": 2,
          "Single Copy": false,
          "Plans": [
            {
              "Node Type": "Aggregate",
              "Strategy": "Plain",
              "Partial Mode": "Partial",
              "Parent Relationship": "Outer",
              "Parallel Aware": false,
              "Startup Cost": 67397.93,
              "Total Cost": 67397.94,
              "Plan Rows": 1,
              "Plan Width": 8,
              "Actual Startup Time": 244.997,
              "Actual Total Time": 245.001,
              "Actual Rows": 1,
              "Actual Loops": 3,
              "Plans": [
                {
                  "Node Type": "Nested Loop",
                  "Parent Relationship": "Outer",
                  "Parallel Aware": false,
                  "Join Type": "Inner",
                  "Startup Cost": 44281.75,
                  "Total Cost": 67387.67,
                  "Plan Rows": 4105,
                  "Plan Width": 0,
                  "Actual Startup Time": 132.742,
                  "Actual Total Time": 244.243,
                  "Actual Rows": 11212,
                  "Actual Loops": 3,
                  "Inner Unique": false,
                  "Join Filter": "(t.id = mc.movie_id)",
                  "Rows Removed by Join Filter": 0,
                  "Plans": [
                    {
                      "Node Type": "Hash Join",
                      "Parent Relationship": "Outer",
                      "Parallel Aware": true,
                      "Join Type": "Inner",
                      "Startup Cost": 44281.32,
                      "Total Cost": 59901.25,
                      "Plan Rows": 9168,
                      "Plan Width": 8,
                      "Actual Startup Time": 132.665,
                      "Actual Total Time": 202.273,
                      "Actual Rows": 6510,
                      "Actual Loops": 3,
                      "Inner Unique": true,
                      "Hash Cond": "(mi_idx.movie_id = t.id)",
                      "Plans": [
                        {
                          "Node Type": "Seq Scan",
                          "Parent Relationship": "Outer",
                          "Parallel Aware": true,
                          "Relation Name": "movie_info_idx",
                          "Alias": "mi_idx",
                          "Startup Cost": 0.0,
                          "Total Cost": 15122.68,
                          "Plan Rows": 189429,
                          "Plan Width": 4,
                          "Actual Startup Time": 0.028,
                          "Actual Total Time": 40.344,
                          "Actual Rows": 153308,
                          "Actual Loops": 3,
                          "Filter": "(info_type_id < 100)",
                          "Rows Removed by Filter": 306703
                        },
                        {
                          "Node Type": "Hash",
                          "Parent Relationship": "Inner",
                          "Parallel Aware": true,
                          "Startup Cost": 43898.92,
                          "Total Cost": 43898.92,
                          "Plan Rows": 30592,
                          "Plan Width": 4,
                          "Actual Startup Time": 130.559,
                          "Actual Total Time": 130.56,
                          "Actual Rows": 40954,
                          "Actual Loops": 3,
                          "Hash Buckets": 131072,
                          "Original Hash Buckets": 131072,
                          "Hash Batches": 1,
                          "Original Hash Batches": 1,
                          "Peak Memory Usage": 5888,
                          "Plans": [
                            {
                              "Node Type": "Seq Scan",
                              "Parent Relationship": "Outer",
                              "Parallel Aware": true,
                              "Relation Name": "title",
                              "Alias": "t",
                              "Startup Cost": 0.0,
                              "Total Cost": 43898.92,
                              "Plan Rows": 30592,
                              "Plan Width": 4,
                              "Actual Startup Time": 0.04,
                              "Actual Total Time": 115.244,
                              "Actual Rows": 40954,
                              "Actual Loops": 3,
                              "Filter": "(production_year = 2008)",
                              "Rows Removed by Filter": 801817
                            }
                          ]
                        }
                      ]
                    },
                    {
                      "Node Type": "Index Scan",
                      "Parent Relationship": "Inner",
                      "Parallel Aware": false,
                      "Scan Direction": "Forward",
                      "Index Name": "movie_id_movie_companies",
                      "Relation Name": "movie_companies",
                      "Alias": "mc",
                      "Startup Cost": 0.43,
                      "Total Cost": 0.79,
                      "Plan Rows": 2,
                      "Plan Width": 4,
                      "Actual Startup Time": 0.005,
                      "Actual Total Time": 0.006,
                      "Actual Rows": 2,
                      "Actual Loops": 19531,
                      "Index Cond": "(movie_id = mi_idx.movie_id)",
                      "Rows Removed by Index Recheck": 0,
                      "Filter": "((company_id < 93042) AND (company_type_id = 1))",
                      "Rows Removed by Filter": 1
                    }
                  ]
                }
              ]
            }
          ]
        }
      ]
    },
    "Planning Time": 1.466,
    "Triggers": [],
    "Execution Time": 276.176
  }
]