[
  {
    "Plan": {
      "Node Type": "Aggregate",
      "Strategy": "Plain",
      "Partial Mode": "Finalize",
      "Parallel Aware": false,
      "Startup Cost": 122192.93,
      "Total Cost": 122192.94,
      "Plan Rows": 1,
      "Plan Width": 8,
      "Actual Startup Time": 591.609,
      "Actual Total Time": 613.179,
      "Actual Rows": 1,
      "Actual Loops": 1,
      "Plans": [
        {
          "Node Type": "Gather",
          "Parent Relationship": "Outer",
          "Parallel Aware": false,
          "Startup Cost": 122192.62,
          "Total Cost": 122192.93,
          "Plan Rows": 3,
          "Plan Width": 8,
          "Actual Startup Time": 588.608,
          "Actual Total Time": 613.172,
          "Actual Rows": 4,
          "Actual Loops": 1,
          "Workers Planned": 3,
          "Workers Launched": 3,
          "Single Copy": false,
          "Plans": [
            {
              "Node Type": "Aggregate",
              "Strategy": "Plain",
              "Partial Mode": "Partial",
              "Parent Relationship": "Outer",
              "Parallel Aware": false,
              "Startup Cost": 121192.62,
              "Total Cost": 121192.63,
              "Plan Rows": 1,
              "Plan Width": 8,
              "Actual Startup Time": 578.969,
              "Actual Total Time": 578.974,
              "Actual Rows": 1,
              "Actual Loops": 4,
              "Plans": [
                {
                  "Node Type": "Hash Join",
                  "Parent Relationship": "Outer",
                  "Parallel Aware": true,
                  "Join Type": "Inner",
                  "Startup Cost": 75693.54,
                  "Total Cost": 120702.99,
                  "Plan Rows": 195850,
                  "Plan Width": 0,
                  "Actual Startup Time": 332.641,
                  "Actual Total Time": 556.702,
                  "Actual Rows": 570539,
                  "Actual Loops": 4,
                  "Inner Unique": false,
                  "Hash Cond": "(mk.movie_id = t.id)",
                  "Plans": [
                    {
                      "Node Type": "Seq Scan",
                      "Parent Relationship": "Outer",
                      "Parallel Aware": true,
                      "Relation Name": "movie_keyword",
                      "Alias": "mk",
                      "Startup Cost": 0.0,
                      "Total Cost": 39047.32,
                      "Plan Rows": 1459332,
                      "Plan Width": 4,
                      "Actual Startup Time": 0.03,
                      "Actual Total Time": 88.074,
                      "Actual Rows": 1130982,
                      "Actual Loops": 4
                    },
                    {
                      "Node Type": "Hash",
                      "Parent Relationship": "Inner",
                      "Parallel Aware": true,
                      "Startup Cost": 74633.19,
                      "Total Cost": 74633.19,
                      "Plan Rows": 84828,
                      "Plan Width": 8,
                      "Actual Startup Time": 329.493,
                      "Actual Total Time": 329.498,
                      "Actual Rows": 83614,
                      "Actual Loops": 4,
                      "Hash Buckets": 524288,
                      "Original Hash Buckets": 524288,
                      "Hash Batches": 1,
                      "Original Hash Batches": 1,
                      "Peak Memory Usage": 17248,
                      "Plans": [
                        {
                          "Node Type": "Hash Join",
                          "Parent Relationship": "Outer",
                          "Parallel Aware": true,
                          "Join Type": "Inner",
                          "Startup Cost": 28880.46,
                          "Total Cost": 74633.19,
                          "Plan Rows": 84828,
                          "Plan Width": 8,
                          "Actual Startup Time": 107.234,
                          "Actual Total Time": 303.044,
                          "Actual Rows": 83614,
                          "Actual Loops": 4,
                          "Inner Unique": false,
                          "Hash Cond": "(t.id = mc.movie_id)",
                          "Plans": [
                            {
                              "Node Type": "Seq Scan",
                              "Parent Relationship": "Outer",
                              "Parallel Aware": true,
                              "Relation Name": "title",
                              "Alias": "t",
                              "Startup Cost": 0.0,
                              "Total Cost": 42318.73,
                              "Plan Rows": 632073,
                              "Plan Width": 4,
                              "Actual Startup Time": 0.01,
                              "Actual Total Time": 72.26,
                              "Actual Rows": 632078,
                              "Actual Loops": 4
                            },
                            {
                              "Node Type": "Hash",
                              "Parent Relationship": "Inner",
                              "Parallel Aware": true,
                              "Startup Cost": 27512.27,
                              "Total Cost": 27512.27,
                              "Plan Rows": 109455,
                              "Plan Width": 4,
                              "Actual Startup Time": 105.416,
                              "Actual Total Time": 105.418,
                              "Actual Rows": 83614,
                              "Actual Loops": 4,
                              "Hash Buckets": 524288,
                              "Original Hash Buckets": 524288,
                              "Hash Batches": 1,
                              "Original Hash Batches": 1,
                              "Peak Memory Usage": 17248,
                              "Plans": [
                                {
                                  "Node Type": "Bitmap Heap Scan",
                                  "Parent Relationship": "Outer",
                                  "Parallel Aware": true,
                                  "Relation Name": "movie_companies",
                                  "Alias": "mc",
                                  "Startup Cost": 7354.08,
                                  "Total Cost": 27512.27,
                                  "Plan Rows": 109455,
                                  "Plan Width": 4,
                                  "Actual Startup Time": 26.439,
                                  "Actual Total Time": 72.033,
                                  "Actual Rows": 83614,
                                  "Actual Loops": 4,
                                  "Recheck Cond": "(company_id < 166)",
                                  "Rows Removed by Index Recheck": 0,
                                  "Exact Heap Blocks": 7955,
                                  "Lossy Heap Blocks": 0,
                                  "Plans": [
                                    {
                                      "Node Type": "Bitmap Index Scan",
                                      "Parent Relationship": "Outer",
                                      "Parallel Aware": false,
                                      "Index Name": "company_id_movie_companies",
                                      "Startup Cost": 0.0,
                                      "Total Cost": 7269.26,
                                      "Plan Rows": 339310,
                                      "Plan Width": 0,
                                      "Actual Startup Time": 23.573,
                                      "Actual Total Time": 23.573,
                                      "Actual Rows": 334457,
                                      "Actual Loops": 1,
                                      "Index Cond": "(company_id < 166)"
                                    }
                                  ]
                                }
                              ]
                            }
                          ]
                        }
                      ]
                    }
                  ]
                }
              ]
            }
          ]
        }
      ]
    },
    "Planning Time": 1.424,
    "Triggers": [],
    "Execution Time": 613.283
  }
]