{
  "Plan": {
    "Node Type": "Aggregate",
    "Strategy": "Plain",
    "Partial Mode": "Finalize",
    "Parallel Aware": false,
    "Startup Cost": 720713.85,
    "Total Cost": 720713.86,
    "Plan Rows": 1,
    "Plan Width": 8,
    "Actual Startup Time": 5253.005,
    "Actual Total Time": 5308.892,
    "Actual Rows": 1,
    "Actual Loops": 1,
    "Plans": [
      {
        "Node Type": "Gather",
        "Parent Relationship": "Outer",
        "Parallel Aware": false,
        "Startup Cost": 720713.73,
        "Total Cost": 720713.84,
        "Plan Rows": 1,
        "Plan Width": 8,
        "Actual Startup Time": 5250.907,
        "Actual Total Time": 5308.882,
        "Actual Rows": 2,
        "Actual Loops": 1,
        "Workers Planned": 1,
        "Workers Launched": 1,
        "Single Copy": false,
        "Plans": [
          {
            "Node Type": "Aggregate",
            "Strategy": "Plain",
            "Partial Mode": "Partial",
            "Parent Relationship": "Outer",
            "Parallel Aware": false,
            "Startup Cost": 719713.73,
            "Total Cost": 719713.74,
            "Plan Rows": 1,
            "Plan Width": 8,
            "Actual Startup Time": 5245.227,
            "Actual Total Time": 5245.527,
            "Actual Rows": 1,
            "Actual Loops": 2,
            "Plans": [
              {
                "Node Type": "Hash Join",
                "Parent Relationship": "Outer",
                "Parallel Aware": true,
                "Join Type": "Inner",
                "Startup Cost": 107145.07,
                "Total Cost": 708711.15,
                "Plan Rows": 4401034,
                "Plan Width": 0,
                "Actual Startup Time": 808.952,
                "Actual Total Time": 5074.302,
                "Actual Rows": 3843129,
                "Actual Loops": 2,
                "Inner Unique": false,
                "Hash Cond": "(ci.movie_id = t.id)",
                "Plans": [
                  {
                    "Node Type": "Seq Scan",
                    "Parent Relationship": "Outer",
                    "Parallel Aware": true,
                    "Relation Name": "cast_info",
                    "Alias": "ci",
                    "Startup Cost": 0.0,
                    "Total Cost": 519069.44,
                    "Plan Rows": 15095518,
                    "Plan Width": 4,
                    "Actual Startup Time": 0.02,
                    "Actual Total Time": 1639.743,
                    "Actual Rows": 12896584,
                    "Actual Loops": 2,
                    "Filter": "(person_id < 2665026)",
                    "Rows Removed by Filter": 5225588
                  },
                  {
                    "Node Type": "Hash",
                    "Parent Relationship": "Inner",
                    "Parallel Aware": true,
                    "Startup Cost": 101725.12,
                    "Total Cost": 101725.12,
                    "Plan Rows": 433596,
                    "Plan Width": 8,
                    "Actual Startup Time": 799.627,
                    "Actual Total Time": 799.926,
                    "Actual Rows": 248840,
                    "Actual Loops": 2,
                    "Hash Buckets": 1048576,
                    "Original Hash Buckets": 1048576,
                    "Hash Batches": 1,
                    "Original Hash Batches": 1,
                    "Peak Memory Usage": 27712,
                    "Plans": [
                      {
                        "Node Type": "Hash Join",
                        "Parent Relationship": "Outer",
                        "Parallel Aware": true,
                        "Join Type": "Inner",
                        "Startup Cost": 63558.49,
                        "Total Cost": 101725.12,
                        "Plan Rows": 433596,
                        "Plan Width": 8,
                        "Actual Startup Time": 280.089,
                        "Actual Total Time": 717.665,
                        "Actual Rows": 248840,
                        "Actual Loops": 2,
                        "Inner Unique": true,
                        "Hash Cond": "(mc.movie_id = t.id)",
                        "Plans": [
                          {
                            "Node Type": "Seq Scan",
                            "Parent Relationship": "Outer",
                            "Parallel Aware": true,
                            "Relation Name": "movie_companies",
                            "Alias": "mc",
                            "Startup Cost": 0.0,
                            "Total Cost": 34137.82,
                            "Plan Rows": 1534782,
                            "Plan Width": 4,
                            "Actual Startup Time": 0.013,
                            "Actual Total Time": 121.265,
                            "Actual Rows": 1304564,
                            "Actual Loops": 2
                          },
                          {
                            "Node Type": "Hash",
                            "Parent Relationship": "Inner",
                            "Parallel Aware": true,
                            "Startup Cost": 58306.47,
                            "Total Cost": 58306.47,
                            "Plan Rows": 420162,
                            "Plan Width": 4,
                            "Actual Startup Time": 274.647,
                            "Actual Total Time": 274.648,
                            "Actual Rows": 304216,
                            "Actual Loops": 2,
                            "Hash Buckets": 1048576,
                            "Original Hash Buckets": 1048576,
                            "Hash Batches": 1,
                            "Original Hash Batches": 1,
                            "Peak Memory Usage": 32032,
                            "Plans": [
                              {
                                "Node Type": "Seq Scan",
                                "Parent Relationship": "Outer",
                                "Parallel Aware": true,
                                "Relation Name": "title",
                                "Alias": "t",
                                "Startup Cost": 0.0,
                                "Total Cost": 58306.47,
                                "Plan Rows": 420162,
                                "Plan Width": 4,
                                "Actual Startup Time": 0.034,
                                "Actual Total Time": 175.449,
                                "Actual Rows": 304216,
                                "Actual Loops": 2,
                                "Filter": "((kind_id > 2) AND (production_year < 2000))",
                                "Rows Removed by Filter": 959940
                              }
                            ]
                          }
                        ]
                      }
                    ]
                  }
                ]
              }
            ]
          }
        ]
      }
    ]
  },
  "Planning Time": 1.029,
  "Triggers": [],
  "Execution Time": 5308.988
}