[
  {
    "Plan": {
      "Node Type": "Aggregate",
      "Strategy": "Plain",
      "Partial Mode": "Finalize",
      "Parallel Aware": false,
      "Startup Cost": 130118.04,
      "Total Cost": 130118.05,
      "Plan Rows": 1,
      "Plan Width": 8,
      "Actual Startup Time": 1441.406,
      "Actual Total Time": 1464.204,
      "Actual Rows": 1,
      "Actual Loops": 1,
      "Plans": [
        {
          "Node Type": "Gather",
          "Parent Relationship": "Outer",
          "Parallel Aware": false,
          "Startup Cost": 130117.72,
          "Total Cost": 130118.03,
          "Plan Rows": 3,
          "Plan Width": 8,
          "Actual Startup Time": 1430.456,
          "Actual Total Time": 1464.193,
          "Actual Rows": 4,
          "Actual Loops": 1,
          "Workers Planned": 3,
          "Workers Launched": 3,
          "Single Copy": false,
          "Plans": [
            {
              "Node Type": "Aggregate",
              "Strategy": "Plain",
              "Partial Mode": "Partial",
              "Parent Relationship": "Outer",
              "Parallel Aware": false,
              "Startup Cost": 129117.72,
              "Total Cost": 129117.73,
              "Plan Rows": 1,
              "Plan Width": 8,
              "Actual Startup Time": 1421.662,
              "Actual Total Time": 1422.427,
              "Actual Rows": 1,
              "Actual Loops": 4,
              "Plans": [
                {
                  "Node Type": "Hash Join",
                  "Parent Relationship": "Outer",
                  "Parallel Aware": true,
                  "Join Type": "Inner",
                  "Startup Cost": 81871.75,
                  "Total Cost": 127927.43,
                  "Plan Rows": 476118,
                  "Plan Width": 0,
                  "Actual Startup Time": 609.148,
                  "Actual Total Time": 1204.668,
                  "Actual Rows": 4286899,
                  "Actual Loops": 4,
                  "Inner Unique": false,
                  "Hash Cond": "(mk.movie_id = t.id)",
                  "Plans": [
                    {
                      "Node Type": "Seq Scan",
                      "Parent Relationship": "Outer",
                      "Parallel Aware": true,
                      "Relation Name": "movie_keyword",
                      "Alias": "mk",
                      "Startup Cost": 0.0,
                      "Total Cost": 39047.32,
                      "Plan Rows": 1459332,
                      "Plan Width": 4,
                      "Actual Startup Time": 0.02,
                      "Actual Total Time": 107.158,
                      "Actual Rows": 1130982,
                      "Actual Loops": 4
                    },
                    {
                      "Node Type": "Hash",
                      "Parent Relationship": "Inner",
                      "Parallel Aware": true,
                      "Startup Cost": 78545.48,
                      "Total Cost": 78545.48,
                      "Plan Rows": 266102,
                      "Plan Width": 8,
                      "Actual Startup Time": 604.209,
                      "Actual Total Time": 604.973,
                      "Actual Rows": 268850,
                      "Actual Loops": 4,
                      "Hash Buckets": 2097152,
                      "Original Hash Buckets": 1048576,
                      "Hash Batches": 1,
                      "Original Hash Batches": 1,
                      "Peak Memory Usage": 66720,
                      "Plans": [
                        {
                          "Node Type": "Hash Join",
                          "Parent Relationship": "Outer",
                          "Parallel Aware": true,
                          "Join Type": "Inner",
                          "Startup Cost": 47831.02,
                          "Total Cost": 78545.48,
                          "Plan Rows": 266102,
                          "Plan Width": 8,
                          "Actual Startup Time": 255.454,
                          "Actual Total Time": 475.371,
                          "Actual Rows": 268850,
                          "Actual Loops": 4,
                          "Inner Unique": true,
                          "Hash Cond": "(mc.movie_id = t.id)",
                          "Plans": [
                            {
                              "Node Type": "Seq Scan",
                              "Parent Relationship": "Outer",
                              "Parallel Aware": true,
                              "Relation Name": "movie_companies",
                              "Alias": "mc",
                              "Startup Cost": 0.0,
                              "Total Cost": 29310.68,
                              "Plan Rows": 534771,
                              "Plan Width": 4,
                              "Actual Startup Time": 0.025,
                              "Actual Total Time": 82.275,
                              "Actual Rows": 416396,
                              "Actual Loops": 4,
                              "Filter": "(company_id < 18868)",
                              "Rows Removed by Filter": 235886
                            },
                            {
                              "Node Type": "Hash",
                              "Parent Relationship": "Inner",
                              "Parallel Aware": true,
                              "Startup Cost": 43899.32,
                              "Total Cost": 43899.32,
                              "Plan Rows": 314536,
                              "Plan Width": 4,
                              "Actual Startup Time": 250.44,
                              "Actual Total Time": 250.441,
                              "Actual Rows": 315925,
                              "Actual Loops": 4,
                              "Hash Buckets": 2097152,
                              "Original Hash Buckets": 2097152,
                              "Hash Batches": 1,
                              "Original Hash Batches": 1,
                              "Peak Memory Usage": 65856,
                              "Plans": [
                                {
                                  "Node Type": "Seq Scan",
                                  "Parent Relationship": "Outer",
                                  "Parallel Aware": true,
                                  "Relation Name": "title",
                                  "Alias": "t",
                                  "Startup Cost": 0.0,
                                  "Total Cost": 43899.32,
                                  "Plan Rows": 314536,
                                  "Plan Width": 4,
                                  "Actual Startup Time": 0.062,
                                  "Actual Total Time": 115.767,
                                  "Actual Rows": 315925,
                                  "Actual Loops": 4,
                                  "Filter": "(production_year < 2004)",
                                  "Rows Removed by Filter": 316153
                                }
                              ]
                            }
                          ]
                        }
                      ]
                    }
                  ]
                }
              ]
            }
          ]
        }
      ]
    },
    "Planning Time": 1.16,
    "Triggers": [],
    "Execution Time": 1464.276
  }
]