[
  {
    "Plan": {
      "Node Type": "Aggregate",
      "Strategy": "Plain",
      "Partial Mode": "Finalize",
      "Parallel Aware": false,
      "Startup Cost": 333432.31,
      "Total Cost": 333432.32,
      "Plan Rows": 1,
      "Plan Width": 8,
      "Actual Startup Time": 590.78,
      "Actual Total Time": 634.561,
      "Actual Rows": 1,
      "Actual Loops": 1,
      "Plans": [
        {
          "Node Type": "Gather",
          "Parent Relationship": "Outer",
          "Parallel Aware": false,
          "Startup Cost": 333431.69,
          "Total Cost": 333432.3,
          "Plan Rows": 6,
          "Plan Width": 8,
          "Actual Startup Time": 590.603,
          "Actual Total Time": 634.547,
          "Actual Rows": 7,
          "Actual Loops": 1,
          "Workers Planned": 6,
          "Workers Launched": 6,
          "Single Copy": false,
          "Plans": [
            {
              "Node Type": "Aggregate",
              "Strategy": "Plain",
              "Partial Mode": "Partial",
              "Parent Relationship": "Outer",
              "Parallel Aware": false,
              "Startup Cost": 332431.69,
              "Total Cost": 332431.7,
              "Plan Rows": 1,
              "Plan Width": 8,
              "Actual Startup Time": 583.553,
              "Actual Total Time": 583.554,
              "Actual Rows": 1,
              "Actual Loops": 7,
              "Plans": [
                {
                  "Node Type": "Seq Scan",
                  "Parent Relationship": "Outer",
                  "Parallel Aware": true,
                  "Relation Name": "cast_info",
                  "Alias": "ci",
                  "Startup Cost": 0.0,
                  "Total Cost": 328211.39,
                  "Plan Rows": 1688118,
                  "Plan Width": 0,
                  "Actual Startup Time": 277.21,
                  "Actual Total Time": 522.297,
                  "Actual Rows": 1429950,
                  "Actual Loops": 7,
                  "Filter": "(person_id > 2714135)",
                  "Rows Removed by Filter": 3747813
                }
              ]
            }
          ]
        }
      ]
    },
    "Planning Time": 0.077,
    "Triggers": [],
    "Execution Time": 634.596
  }
]