[
  {
    "Plan": {
      "Node Type": "Aggregate",
      "Strategy": "Plain",
      "Partial Mode": "Finalize",
      "Parallel Aware": false,
      "Startup Cost": 342463.41,
      "Total Cost": 342463.42,
      "Plan Rows": 1,
      "Plan Width": 8,
      "Actual Startup Time": 902.397,
      "Actual Total Time": 945.749,
      "Actual Rows": 1,
      "Actual Loops": 1,
      "Plans": [
        {
          "Node Type": "Gather",
          "Parent Relationship": "Outer",
          "Parallel Aware": false,
          "Startup Cost": 342462.78,
          "Total Cost": 342463.39,
          "Plan Rows": 6,
          "Plan Width": 8,
          "Actual Startup Time": 902.294,
          "Actual Total Time": 945.739,
          "Actual Rows": 7,
          "Actual Loops": 1,
          "Workers Planned": 6,
          "Workers Launched": 6,
          "Single Copy": false,
          "Plans": [
            {
              "Node Type": "Aggregate",
              "Strategy": "Plain",
              "Partial Mode": "Partial",
              "Parent Relationship": "Outer",
              "Parallel Aware": false,
              "Startup Cost": 341462.78,
              "Total Cost": 341462.79,
              "Plan Rows": 1,
              "Plan Width": 8,
              "Actual Startup Time": 894.085,
              "Actual Total Time": 894.087,
              "Actual Rows": 1,
              "Actual Loops": 7,
              "Plans": [
                {
                  "Node Type": "Seq Scan",
                  "Parent Relationship": "Outer",
                  "Parallel Aware": true,
                  "Relation Name": "cast_info",
                  "Alias": "ci",
                  "Startup Cost": 0.0,
                  "Total Cost": 328211.39,
                  "Plan Rows": 5300556,
                  "Plan Width": 0,
                  "Actual Startup Time": 61.473,
                  "Actual Total Time": 664.525,
                  "Actual Rows": 4518987,
                  "Actual Loops": 7,
                  "Filter": "(person_id > 446394)",
                  "Rows Removed by Filter": 658777
                }
              ]
            }
          ]
        }
      ]
    },
    "Planning Time": 0.213,
    "Triggers": [],
    "Execution Time": 945.824
  }
]