[
  {
    "Plan": {
      "Node Type": "Aggregate",
      "Strategy": "Plain",
      "Partial Mode": "Finalize",
      "Parallel Aware": false,
      "Startup Cost": 342381.33,
      "Total Cost": 342381.34,
      "Plan Rows": 1,
      "Plan Width": 8,
      "Actual Startup Time": 993.74,
      "Actual Total Time": 1057.61,
      "Actual Rows": 1,
      "Actual Loops": 1,
      "Plans": [
        {
          "Node Type": "Gather",
          "Parent Relationship": "Outer",
          "Parallel Aware": false,
          "Startup Cost": 342380.7,
          "Total Cost": 342381.31,
          "Plan Rows": 6,
          "Plan Width": 8,
          "Actual Startup Time": 993.631,
          "Actual Total Time": 1057.601,
          "Actual Rows": 7,
          "Actual Loops": 1,
          "Workers Planned": 6,
          "Workers Launched": 6,
          "Single Copy": false,
          "Plans": [
            {
              "Node Type": "Aggregate",
              "Strategy": "Plain",
              "Partial Mode": "Partial",
              "Parent Relationship": "Outer",
              "Parallel Aware": false,
              "Startup Cost": 341380.7,
              "Total Cost": 341380.71,
              "Plan Rows": 1,
              "Plan Width": 8,
              "Actual Startup Time": 984.532,
              "Actual Total Time": 984.533,
              "Actual Rows": 1,
              "Actual Loops": 7,
              "Plans": [
                {
                  "Node Type": "Seq Scan",
                  "Parent Relationship": "Outer",
                  "Parallel Aware": true,
                  "Relation Name": "cast_info",
                  "Alias": "ci",
                  "Startup Cost": 0.0,
                  "Total Cost": 328162.03,
                  "Plan Rows": 5287471,
                  "Plan Width": 0,
                  "Actual Startup Time": 67.283,
                  "Actual Total Time": 749.133,
                  "Actual Rows": 4518987,
                  "Actual Loops": 7,
                  "Filter": "(person_id > 446394)",
                  "Rows Removed by Filter": 658777
                }
              ]
            }
          ]
        }
      ]
    },
    "Planning Time": 0.193,
    "Triggers": [],
    "Execution Time": 1057.684
  }
]