[
    {
        "Bao": {
            "Bao prediction": "NaN",
            "Bao recommended hint": "(no hint)"
        }
    },
    {
        "Plan": {
            "Node Type": "Aggregate",
            "Strategy": "Plain",
            "Partial Mode": "Finalize",
            "Parallel Aware": false,
            "Startup Cost": 46477.86,
            "Total Cost": 46477.87,
            "Plan Rows": 1,
            "Plan Width": 8,
            "Actual Startup Time": 170.845,
            "Actual Total Time": 178.291,
            "Actual Rows": 1,
            "Actual Loops": 1,
            "Output": [
                "count(*)"
            ],
            "Plans": [
                {
                    "Node Type": "Gather",
                    "Parent Relationship": "Outer",
                    "Parallel Aware": false,
                    "Startup Cost": 46477.54,
                    "Total Cost": 46477.85,
                    "Plan Rows": 3,
                    "Plan Width": 8,
                    "Actual Startup Time": 170.74,
                    "Actual Total Time": 178.282,
                    "Actual Rows": 4,
                    "Actual Loops": 1,
                    "Output": [
                        "(PARTIAL count(*))"
                    ],
                    "Workers Planned": 3,
                    "Workers Launched": 3,
                    "Single Copy": false,
                    "Plans": [
                        {
                            "Node Type": "Aggregate",
                            "Strategy": "Plain",
                            "Partial Mode": "Partial",
                            "Parent Relationship": "Outer",
                            "Parallel Aware": false,
                            "Startup Cost": 45477.54,
                            "Total Cost": 45477.55,
                            "Plan Rows": 1,
                            "Plan Width": 8,
                            "Actual Startup Time": 162.545,
                            "Actual Total Time": 162.546,
                            "Actual Rows": 1,
                            "Actual Loops": 4,
                            "Output": [
                                "PARTIAL count(*)"
                            ],
                            "Workers": [
                                {
                                    "Worker Number": 0,
                                    "Actual Startup Time": 159.487,
                                    "Actual Total Time": 159.489,
                                    "Actual Rows": 1,
                                    "Actual Loops": 1
                                },
                                {
                                    "Worker Number": 1,
                                    "Actual Startup Time": 159.939,
                                    "Actual Total Time": 159.94,
                                    "Actual Rows": 1,
                                    "Actual Loops": 1
                                },
                                {
                                    "Worker Number": 2,
                                    "Actual Startup Time": 160.286,
                                    "Actual Total Time": 160.287,
                                    "Actual Rows": 1,
                                    "Actual Loops": 1
                                }
                            ],
                            "Plans": [
                                {
                                    "Node Type": "Seq Scan",
                                    "Parent Relationship": "Outer",
                                    "Parallel Aware": true,
                                    "Relation Name": "movie_keyword",
                                    "Schema": "public",
                                    "Alias": "mk",
                                    "Startup Cost": 0.0,
                                    "Total Cost": 42695.65,
                                    "Plan Rows": 1112755,
                                    "Plan Width": 0,
                                    "Actual Startup Time": 0.081,
                                    "Actual Total Time": 120.48,
                                    "Actual Rows": 859658,
                                    "Actual Loops": 4,
                                    "Output": [
                                        "id",
                                        "movie_id",
                                        "keyword_id"
                                    ],
                                    "Filter": "(mk.keyword_id > 1098)",
                                    "Rows Removed by Filter": 271325,
                                    "Workers": [
                                        {
                                            "Worker Number": 0,
                                            "Actual Startup Time": 0.061,
                                            "Actual Total Time": 119.285,
                                            "Actual Rows": 550106,
                                            "Actual Loops": 1
                                        },
                                        {
                                            "Worker Number": 1,
                                            "Actual Startup Time": 0.057,
                                            "Actual Total Time": 119.207,
                                            "Actual Rows": 858142,
                                            "Actual Loops": 1
                                        },
                                        {
                                            "Worker Number": 2,
                                            "Actual Startup Time": 0.071,
                                            "Actual Total Time": 119.698,
                                            "Actual Rows": 866305,
                                            "Actual Loops": 1
                                        }
                                    ]
                                }
                            ]
                        }
                    ]
                }
            ]
        },
        "Planning Time": 227.28,
        "Triggers": [],
        "Execution Time": 178.338
    }
]