[
  {
    "Plan": {
      "Node Type": "Aggregate",
      "Strategy": "Plain",
      "Partial Mode": "Simple",
      "Parallel Aware": false,
      "Startup Cost": 15199.41,
      "Total Cost": 15199.42,
      "Plan Rows": 1,
      "Plan Width": 8,
      "Actual Startup Time": 4.571,
      "Actual Total Time": 4.574,
      "Actual Rows": 1,
      "Actual Loops": 1,
      "Plans": [
        {
          "Node Type": "Index Scan",
          "Parent Relationship": "Outer",
          "Parallel Aware": false,
          "Scan Direction": "Forward",
          "Index Name": "person_id_cast_info",
          "Relation Name": "cast_info",
          "Alias": "ci",
          "Startup Cost": 0.56,
          "Total Cost": 15193.17,
          "Plan Rows": 2495,
          "Plan Width": 0,
          "Actual Startup Time": 1.23,
          "Actual Total Time": 3.98,
          "Actual Rows": 3056,
          "Actual Loops": 1,
          "Index Cond": "(person_id = 461148)",
          "Rows Removed by Index Recheck": 0,
          "Filter": "(role_id < 2)",
          "Rows Removed by Filter": 4
        }
      ]
    },
    "Planning Time": 0.218,
    "Triggers": [],
    "Execution Time": 4.63
  }
]