[
  {
    "Plan": {
      "Node Type": "Aggregate",
      "Strategy": "Plain",
      "Partial Mode": "Finalize",
      "Parallel Aware": false,
      "Startup Cost": 45869.02,
      "Total Cost": 45869.03,
      "Plan Rows": 1,
      "Plan Width": 8,
      "Actual Startup Time": 180.797,
      "Actual Total Time": 188.069,
      "Actual Rows": 1,
      "Actual Loops": 1,
      "Plans": [
        {
          "Node Type": "Gather",
          "Parent Relationship": "Outer",
          "Parallel Aware": false,
          "Startup Cost": 45868.7,
          "Total Cost": 45869.01,
          "Plan Rows": 3,
          "Plan Width": 8,
          "Actual Startup Time": 180.701,
          "Actual Total Time": 188.06,
          "Actual Rows": 4,
          "Actual Loops": 1,
          "Workers Planned": 3,
          "Workers Launched": 3,
          "Single Copy": false,
          "Plans": [
            {
              "Node Type": "Aggregate",
              "Strategy": "Plain",
              "Partial Mode": "Partial",
              "Parent Relationship": "Outer",
              "Parallel Aware": false,
              "Startup Cost": 44868.7,
              "Total Cost": 44868.71,
              "Plan Rows": 1,
              "Plan Width": 8,
              "Actual Startup Time": 175.665,
              "Actual Total Time": 175.667,
              "Actual Rows": 1,
              "Actual Loops": 4,
              "Plans": [
                {
                  "Node Type": "Seq Scan",
                  "Parent Relationship": "Outer",
                  "Parallel Aware": true,
                  "Relation Name": "movie_keyword",
                  "Alias": "mk",
                  "Startup Cost": 0.0,
                  "Total Cost": 42695.65,
                  "Plan Rows": 869220,
                  "Plan Width": 0,
                  "Actual Startup Time": 0.036,
                  "Actual Total Time": 136.952,
                  "Actual Rows": 677136,
                  "Actual Loops": 4,
                  "Filter": "(keyword_id < 7649)",
                  "Rows Removed by Filter": 453846
                }
              ]
            }
          ]
        }
      ]
    },
    "Planning Time": 0.097,
    "Triggers": [],
    "Execution Time": 188.1
  }
]