[
  {
    "Plan": {
      "Node Type": "Aggregate",
      "Strategy": "Plain",
      "Partial Mode": "Finalize",
      "Parallel Aware": false,
      "Startup Cost": 46636.3,
      "Total Cost": 46636.31,
      "Plan Rows": 1,
      "Plan Width": 8,
      "Actual Startup Time": 158.771,
      "Actual Total Time": 166.31,
      "Actual Rows": 1,
      "Actual Loops": 1,
      "Plans": [
        {
          "Node Type": "Gather",
          "Parent Relationship": "Outer",
          "Parallel Aware": false,
          "Startup Cost": 46635.99,
          "Total Cost": 46636.3,
          "Plan Rows": 3,
          "Plan Width": 8,
          "Actual Startup Time": 158.648,
          "Actual Total Time": 166.301,
          "Actual Rows": 4,
          "Actual Loops": 1,
          "Workers Planned": 3,
          "Workers Launched": 3,
          "Single Copy": false,
          "Plans": [
            {
              "Node Type": "Aggregate",
              "Strategy": "Plain",
              "Partial Mode": "Partial",
              "Parent Relationship": "Outer",
              "Parallel Aware": false,
              "Startup Cost": 45635.99,
              "Total Cost": 45636.0,
              "Plan Rows": 1,
              "Plan Width": 8,
              "Actual Startup Time": 153.908,
              "Actual Total Time": 153.909,
              "Actual Rows": 1,
              "Actual Loops": 4,
              "Plans": [
                {
                  "Node Type": "Seq Scan",
                  "Parent Relationship": "Outer",
                  "Parallel Aware": true,
                  "Relation Name": "movie_keyword",
                  "Alias": "mk",
                  "Startup Cost": 0.0,
                  "Total Cost": 42695.65,
                  "Plan Rows": 1176133,
                  "Plan Width": 0,
                  "Actual Startup Time": 0.127,
                  "Actual Total Time": 113.824,
                  "Actual Rows": 910458,
                  "Actual Loops": 4,
                  "Filter": "(keyword_id > 833)",
                  "Rows Removed by Filter": 220524
                }
              ]
            }
          ]
        }
      ]
    },
    "Planning Time": 0.193,
    "Triggers": [],
    "Execution Time": 166.371
  }
]