[
    {
        "Bao": {
            "Bao prediction": 416.224,
            "Bao recommended hint": "(no hint)"
        }
    },
    {
        "Plan": {
            "Node Type": "Aggregate",
            "Strategy": "Plain",
            "Partial Mode": "Finalize",
            "Parallel Aware": false,
            "Startup Cost": 118204.96,
            "Total Cost": 118204.97,
            "Plan Rows": 1,
            "Plan Width": 8,
            "Actual Startup Time": 251.197,
            "Actual Total Time": 263.08,
            "Actual Rows": 1,
            "Actual Loops": 1,
            "Output": [
                "count(*)"
            ],
            "Plans": [
                {
                    "Node Type": "Gather",
                    "Parent Relationship": "Outer",
                    "Parallel Aware": false,
                    "Startup Cost": 118204.44,
                    "Total Cost": 118204.95,
                    "Plan Rows": 5,
                    "Plan Width": 8,
                    "Actual Startup Time": 250.997,
                    "Actual Total Time": 263.072,
                    "Actual Rows": 6,
                    "Actual Loops": 1,
                    "Output": [
                        "(PARTIAL count(*))"
                    ],
                    "Workers Planned": 5,
                    "Workers Launched": 5,
                    "Single Copy": false,
                    "Plans": [
                        {
                            "Node Type": "Aggregate",
                            "Strategy": "Plain",
                            "Partial Mode": "Partial",
                            "Parent Relationship": "Outer",
                            "Parallel Aware": false,
                            "Startup Cost": 117204.44,
                            "Total Cost": 117204.45,
                            "Plan Rows": 1,
                            "Plan Width": 8,
                            "Actual Startup Time": 241.068,
                            "Actual Total Time": 241.072,
                            "Actual Rows": 1,
                            "Actual Loops": 6,
                            "Output": [
                                "PARTIAL count(*)"
                            ],
                            "Workers": [
                                {
                                    "Worker Number": 0,
                                    "Actual Startup Time": 238.83,
                                    "Actual Total Time": 238.834,
                                    "Actual Rows": 1,
                                    "Actual Loops": 1
                                },
                                {
                                    "Worker Number": 1,
                                    "Actual Startup Time": 238.849,
                                    "Actual Total Time": 238.852,
                                    "Actual Rows": 1,
                                    "Actual Loops": 1
                                },
                                {
                                    "Worker Number": 2,
                                    "Actual Startup Time": 239.087,
                                    "Actual Total Time": 239.09,
                                    "Actual Rows": 1,
                                    "Actual Loops": 1
                                },
                                {
                                    "Worker Number": 3,
                                    "Actual Startup Time": 239.249,
                                    "Actual Total Time": 239.252,
                                    "Actual Rows": 1,
                                    "Actual Loops": 1
                                },
                                {
                                    "Worker Number": 4,
                                    "Actual Startup Time": 240.24,
                                    "Actual Total Time": 240.244,
                                    "Actual Rows": 1,
                                    "Actual Loops": 1
                                }
                            ],
                            "Plans": [
                                {
                                    "Node Type": "Hash Join",
                                    "Parent Relationship": "Outer",
                                    "Parallel Aware": true,
                                    "Join Type": "Inner",
                                    "Startup Cost": 43929.6,
                                    "Total Cost": 117200.28,
                                    "Plan Rows": 1664,
                                    "Plan Width": 0,
                                    "Actual Startup Time": 91.013,
                                    "Actual Total Time": 240.967,
                                    "Actual Rows": 896,
                                    "Actual Loops": 6,
                                    "Inner Unique": true,
                                    "Hash Cond": "(ci.movie_id = t.id)",
                                    "Workers": [
                                        {
                                            "Worker Number": 0,
                                            "Actual Startup Time": 88.291,
                                            "Actual Total Time": 238.724,
                                            "Actual Rows": 883,
                                            "Actual Loops": 1
                                        },
                                        {
                                            "Worker Number": 1,
                                            "Actual Startup Time": 89.045,
                                            "Actual Total Time": 238.757,
                                            "Actual Rows": 729,
                                            "Actual Loops": 1
                                        },
                                        {
                                            "Worker Number": 2,
                                            "Actual Startup Time": 88.362,
                                            "Actual Total Time": 238.98,
                                            "Actual Rows": 929,
                                            "Actual Loops": 1
                                        },
                                        {
                                            "Worker Number": 3,
                                            "Actual Startup Time": 89.141,
                                            "Actual Total Time": 239.135,
                                            "Actual Rows": 958,
                                            "Actual Loops": 1
                                        },
                                        {
                                            "Worker Number": 4,
                                            "Actual Startup Time": 91.153,
                                            "Actual Total Time": 240.152,
                                            "Actual Rows": 678,
                                            "Actual Loops": 1
                                        }
                                    ],
                                    "Plans": [
                                        {
                                            "Node Type": "Index Scan",
                                            "Parent Relationship": "Outer",
                                            "Parallel Aware": true,
                                            "Scan Direction": "Forward",
                                            "Index Name": "role_id_cast_info",
                                            "Relation Name": "cast_info",
                                            "Schema": "public",
                                            "Alias": "ci",
                                            "Startup Cost": 0.56,
                                            "Total Cost": 72121.93,
                                            "Plan Rows": 437836,
                                            "Plan Width": 4,
                                            "Actual Startup Time": 0.24,
                                            "Actual Total Time": 112.741,
                                            "Actual Rows": 313787,
                                            "Actual Loops": 6,
                                            "Output": [
                                                "ci.id",
                                                "ci.person_id",
                                                "ci.movie_id",
                                                "ci.person_role_id",
                                                "ci.note",
                                                "ci.nr_order",
                                                "ci.role_id"
                                            ],
                                            "Index Cond": "(ci.role_id = 4)",
                                            "Rows Removed by Index Recheck": 0,
                                            "Filter": "(ci.person_id < 3030319)",
                                            "Rows Removed by Filter": 141037,
                                            "Workers": [
                                                {
                                                    "Worker Number": 0,
                                                    "Actual Startup Time": 0.328,
                                                    "Actual Total Time": 112.41,
                                                    "Actual Rows": 286399,
                                                    "Actual Loops": 1
                                                },
                                                {
                                                    "Worker Number": 1,
                                                    "Actual Startup Time": 0.399,
                                                    "Actual Total Time": 112.324,
                                                    "Actual Rows": 287618,
                                                    "Actual Loops": 1
                                                },
                                                {
                                                    "Worker Number": 2,
                                                    "Actual Startup Time": 0.115,
                                                    "Actual Total Time": 112.791,
                                                    "Actual Rows": 284449,
                                                    "Actual Loops": 1
                                                },
                                                {
                                                    "Worker Number": 3,
                                                    "Actual Startup Time": 0.085,
                                                    "Actual Total Time": 112.932,
                                                    "Actual Rows": 285249,
                                                    "Actual Loops": 1
                                                },
                                                {
                                                    "Worker Number": 4,
                                                    "Actual Startup Time": 0.486,
                                                    "Actual Total Time": 113.067,
                                                    "Actual Rows": 266733,
                                                    "Actual Loops": 1
                                                }
                                            ]
                                        },
                                        {
                                            "Node Type": "Hash",
                                            "Parent Relationship": "Inner",
                                            "Parallel Aware": true,
                                            "Startup Cost": 43899.01,
                                            "Total Cost": 43899.01,
                                            "Plan Rows": 2402,
                                            "Plan Width": 4,
                                            "Actual Startup Time": 88.913,
                                            "Actual Total Time": 88.914,
                                            "Actual Rows": 1438,
                                            "Actual Loops": 6,
                                            "Output": [
                                                "t.id"
                                            ],
                                            "Hash Buckets": 16384,
                                            "Original Hash Buckets": 16384,
                                            "Hash Batches": 1,
                                            "Original Hash Batches": 1,
                                            "Peak Memory Usage": 576,
                                            "Workers": [
                                                {
                                                    "Worker Number": 0,
                                                    "Actual Startup Time": 87.136,
                                                    "Actual Total Time": 87.137,
                                                    "Actual Rows": 1091,
                                                    "Actual Loops": 1
                                                },
                                                {
                                                    "Worker Number": 1,
                                                    "Actual Startup Time": 87.135,
                                                    "Actual Total Time": 87.136,
                                                    "Actual Rows": 1106,
                                                    "Actual Loops": 1
                                                },
                                                {
                                                    "Worker Number": 2,
                                                    "Actual Startup Time": 87.547,
                                                    "Actual Total Time": 87.548,
                                                    "Actual Rows": 1107,
                                                    "Actual Loops": 1
                                                },
                                                {
                                                    "Worker Number": 3,
                                                    "Actual Startup Time": 87.613,
                                                    "Actual Total Time": 87.615,
                                                    "Actual Rows": 1100,
                                                    "Actual Loops": 1
                                                },
                                                {
                                                    "Worker Number": 4,
                                                    "Actual Startup Time": 88.631,
                                                    "Actual Total Time": 88.633,
                                                    "Actual Rows": 1023,
                                                    "Actual Loops": 1
                                                }
                                            ],
                                            "Plans": [
                                                {
                                                    "Node Type": "Seq Scan",
                                                    "Parent Relationship": "Outer",
                                                    "Parallel Aware": true,
                                                    "Relation Name": "title",
                                                    "Schema": "public",
                                                    "Alias": "t",
                                                    "Startup Cost": 0.0,
                                                    "Total Cost": 43899.01,
                                                    "Plan Rows": 2402,
                                                    "Plan Width": 4,
                                                    "Actual Startup Time": 0.216,
                                                    "Actual Total Time": 87.862,
                                                    "Actual Rows": 1438,
                                                    "Actual Loops": 6,
                                                    "Output": [
                                                        "t.id"
                                                    ],
                                                    "Filter": "(t.production_year = 1956)",
                                                    "Rows Removed by Filter": 419947,
                                                    "Workers": [
                                                        {
                                                            "Worker Number": 0,
                                                            "Actual Startup Time": 0.411,
                                                            "Actual Total Time": 86.091,
                                                            "Actual Rows": 1091,
                                                            "Actual Loops": 1
                                                        },
                                                        {
                                                            "Worker Number": 1,
                                                            "Actual Startup Time": 0.198,
                                                            "Actual Total Time": 86.103,
                                                            "Actual Rows": 1106,
                                                            "Actual Loops": 1
                                                        },
                                                        {
                                                            "Worker Number": 2,
                                                            "Actual Startup Time": 0.321,
                                                            "Actual Total Time": 86.519,
                                                            "Actual Rows": 1107,
                                                            "Actual Loops": 1
                                                        },
                                                        {
                                                            "Worker Number": 3,
                                                            "Actual Startup Time": 0.296,
                                                            "Actual Total Time": 86.587,
                                                            "Actual Rows": 1100,
                                                            "Actual Loops": 1
                                                        },
                                                        {
                                                            "Worker Number": 4,
                                                            "Actual Startup Time": 0.044,
                                                            "Actual Total Time": 87.597,
                                                            "Actual Rows": 1023,
                                                            "Actual Loops": 1
                                                        }
                                                    ]
                                                }
                                            ]
                                        }
                                    ]
                                }
                            ]
                        }
                    ]
                }
            ]
        },
        "Planning Time": 381.586,
        "Triggers": [],
        "Execution Time": 263.186
    }
]