[
    {
        "Bao": {
            "Bao prediction": "NaN",
            "Bao recommended hint": "(no hint)"
        }
    },
    {
        "Plan": {
            "Node Type": "Aggregate",
            "Strategy": "Plain",
            "Partial Mode": "Finalize",
            "Parallel Aware": false,
            "Startup Cost": 295011.31,
            "Total Cost": 295011.32,
            "Plan Rows": 1,
            "Plan Width": 8,
            "Actual Startup Time": 160.282,
            "Actual Total Time": 165.815,
            "Actual Rows": 1,
            "Actual Loops": 1,
            "Output": [
                "count(*)"
            ],
            "Plans": [
                {
                    "Node Type": "Gather",
                    "Parent Relationship": "Outer",
                    "Parallel Aware": false,
                    "Startup Cost": 295010.69,
                    "Total Cost": 295011.3,
                    "Plan Rows": 6,
                    "Plan Width": 8,
                    "Actual Startup Time": 160.023,
                    "Actual Total Time": 165.808,
                    "Actual Rows": 7,
                    "Actual Loops": 1,
                    "Output": [
                        "(PARTIAL count(*))"
                    ],
                    "Workers Planned": 6,
                    "Workers Launched": 6,
                    "Single Copy": false,
                    "Plans": [
                        {
                            "Node Type": "Aggregate",
                            "Strategy": "Plain",
                            "Partial Mode": "Partial",
                            "Parent Relationship": "Outer",
                            "Parallel Aware": false,
                            "Startup Cost": 294010.69,
                            "Total Cost": 294010.7,
                            "Plan Rows": 1,
                            "Plan Width": 8,
                            "Actual Startup Time": 149.862,
                            "Actual Total Time": 149.863,
                            "Actual Rows": 1,
                            "Actual Loops": 7,
                            "Output": [
                                "PARTIAL count(*)"
                            ],
                            "Workers": [
                                {
                                    "Worker Number": 0,
                                    "Actual Startup Time": 147.47,
                                    "Actual Total Time": 147.472,
                                    "Actual Rows": 1,
                                    "Actual Loops": 1
                                },
                                {
                                    "Worker Number": 1,
                                    "Actual Startup Time": 147.763,
                                    "Actual Total Time": 147.764,
                                    "Actual Rows": 1,
                                    "Actual Loops": 1
                                },
                                {
                                    "Worker Number": 2,
                                    "Actual Startup Time": 147.833,
                                    "Actual Total Time": 147.834,
                                    "Actual Rows": 1,
                                    "Actual Loops": 1
                                },
                                {
                                    "Worker Number": 3,
                                    "Actual Startup Time": 148.52,
                                    "Actual Total Time": 148.522,
                                    "Actual Rows": 1,
                                    "Actual Loops": 1
                                },
                                {
                                    "Worker Number": 4,
                                    "Actual Startup Time": 148.711,
                                    "Actual Total Time": 148.712,
                                    "Actual Rows": 1,
                                    "Actual Loops": 1
                                },
                                {
                                    "Worker Number": 5,
                                    "Actual Startup Time": 149.044,
                                    "Actual Total Time": 149.046,
                                    "Actual Rows": 1,
                                    "Actual Loops": 1
                                }
                            ],
                            "Plans": [
                                {
                                    "Node Type": "Bitmap Heap Scan",
                                    "Parent Relationship": "Outer",
                                    "Parallel Aware": true,
                                    "Relation Name": "cast_info",
                                    "Schema": "public",
                                    "Alias": "ci",
                                    "Startup Cost": 36700.55,
                                    "Total Cost": 293560.1,
                                    "Plan Rows": 180235,
                                    "Plan Width": 0,
                                    "Actual Startup Time": 52.271,
                                    "Actual Total Time": 136.197,
                                    "Actual Rows": 250795,
                                    "Actual Loops": 7,
                                    "Recheck Cond": "(ci.person_id > 3714203)",
                                    "Rows Removed by Index Recheck": 0,
                                    "Filter": "(ci.role_id > 1)",
                                    "Rows Removed by Filter": 0,
                                    "Exact Heap Blocks": 6302,
                                    "Lossy Heap Blocks": 0,
                                    "Workers": [
                                        {
                                            "Worker Number": 0,
                                            "Actual Startup Time": 50.183,
                                            "Actual Total Time": 133.512,
                                            "Actual Rows": 175153,
                                            "Actual Loops": 1
                                        },
                                        {
                                            "Worker Number": 1,
                                            "Actual Startup Time": 50.075,
                                            "Actual Total Time": 135.053,
                                            "Actual Rows": 222999,
                                            "Actual Loops": 1
                                        },
                                        {
                                            "Worker Number": 2,
                                            "Actual Startup Time": 50.447,
                                            "Actual Total Time": 134.417,
                                            "Actual Rows": 241090,
                                            "Actual Loops": 1
                                        },
                                        {
                                            "Worker Number": 3,
                                            "Actual Startup Time": 51.057,
                                            "Actual Total Time": 135.637,
                                            "Actual Rows": 226058,
                                            "Actual Loops": 1
                                        },
                                        {
                                            "Worker Number": 4,
                                            "Actual Startup Time": 51.017,
                                            "Actual Total Time": 135.936,
                                            "Actual Rows": 225100,
                                            "Actual Loops": 1
                                        },
                                        {
                                            "Worker Number": 5,
                                            "Actual Startup Time": 51.494,
                                            "Actual Total Time": 135.586,
                                            "Actual Rows": 241815,
                                            "Actual Loops": 1
                                        }
                                    ],
                                    "Plans": [
                                        {
                                            "Node Type": "Bitmap Index Scan",
                                            "Parent Relationship": "Outer",
                                            "Parallel Aware": false,
                                            "Index Name": "person_id_cast_info",
                                            "Startup Cost": 0.0,
                                            "Total Cost": 36430.2,
                                            "Plan Rows": 1669018,
                                            "Plan Width": 0,
                                            "Actual Startup Time": 57.952,
                                            "Actual Total Time": 57.953,
                                            "Actual Rows": 1755567,
                                            "Actual Loops": 1,
                                            "Index Cond": "(ci.person_id > 3714203)"
                                        }
                                    ]
                                }
                            ]
                        }
                    ]
                }
            ]
        },
        "Planning Time": 187.033,
        "Triggers": [],
        "Execution Time": 165.867
    }
]