[
    {
        "Bao": {
            "Bao prediction": 493.991,
            "Bao recommended hint": "(no hint)"
        }
    },
    {
        "Plan": {
            "Node Type": "Aggregate",
            "Strategy": "Plain",
            "Partial Mode": "Finalize",
            "Parallel Aware": false,
            "Startup Cost": 335070.03,
            "Total Cost": 335070.04,
            "Plan Rows": 1,
            "Plan Width": 8,
            "Actual Startup Time": 797.726,
            "Actual Total Time": 828.946,
            "Actual Rows": 1,
            "Actual Loops": 1,
            "Output": [
                "count(*)"
            ],
            "Plans": [
                {
                    "Node Type": "Gather",
                    "Parent Relationship": "Outer",
                    "Parallel Aware": false,
                    "Startup Cost": 335069.4,
                    "Total Cost": 335070.01,
                    "Plan Rows": 6,
                    "Plan Width": 8,
                    "Actual Startup Time": 797.617,
                    "Actual Total Time": 828.938,
                    "Actual Rows": 7,
                    "Actual Loops": 1,
                    "Output": [
                        "(PARTIAL count(*))"
                    ],
                    "Workers Planned": 6,
                    "Workers Launched": 6,
                    "Single Copy": false,
                    "Plans": [
                        {
                            "Node Type": "Aggregate",
                            "Strategy": "Plain",
                            "Partial Mode": "Partial",
                            "Parent Relationship": "Outer",
                            "Parallel Aware": false,
                            "Startup Cost": 334069.4,
                            "Total Cost": 334069.41,
                            "Plan Rows": 1,
                            "Plan Width": 8,
                            "Actual Startup Time": 788.526,
                            "Actual Total Time": 788.527,
                            "Actual Rows": 1,
                            "Actual Loops": 7,
                            "Output": [
                                "PARTIAL count(*)"
                            ],
                            "Workers": [
                                {
                                    "Worker Number": 0,
                                    "Actual Startup Time": 786.487,
                                    "Actual Total Time": 786.488,
                                    "Actual Rows": 1,
                                    "Actual Loops": 1
                                },
                                {
                                    "Worker Number": 1,
                                    "Actual Startup Time": 786.653,
                                    "Actual Total Time": 786.654,
                                    "Actual Rows": 1,
                                    "Actual Loops": 1
                                },
                                {
                                    "Worker Number": 2,
                                    "Actual Startup Time": 786.882,
                                    "Actual Total Time": 786.883,
                                    "Actual Rows": 1,
                                    "Actual Loops": 1
                                },
                                {
                                    "Worker Number": 3,
                                    "Actual Startup Time": 787.43,
                                    "Actual Total Time": 787.431,
                                    "Actual Rows": 1,
                                    "Actual Loops": 1
                                },
                                {
                                    "Worker Number": 4,
                                    "Actual Startup Time": 787.532,
                                    "Actual Total Time": 787.533,
                                    "Actual Rows": 1,
                                    "Actual Loops": 1
                                },
                                {
                                    "Worker Number": 5,
                                    "Actual Startup Time": 787.86,
                                    "Actual Total Time": 787.862,
                                    "Actual Rows": 1,
                                    "Actual Loops": 1
                                }
                            ],
                            "Plans": [
                                {
                                    "Node Type": "Seq Scan",
                                    "Parent Relationship": "Outer",
                                    "Parallel Aware": true,
                                    "Relation Name": "cast_info",
                                    "Schema": "public",
                                    "Alias": "ci",
                                    "Startup Cost": 0.0,
                                    "Total Cost": 328213.62,
                                    "Plan Rows": 2342314,
                                    "Plan Width": 0,
                                    "Actual Startup Time": 278.656,
                                    "Actual Total Time": 669.001,
                                    "Actual Rows": 2018568,
                                    "Actual Loops": 7,
                                    "Output": [
                                        "id",
                                        "person_id",
                                        "movie_id",
                                        "person_role_id",
                                        "note",
                                        "nr_order",
                                        "role_id"
                                    ],
                                    "Filter": "(ci.person_id > 2252677)",
                                    "Rows Removed by Filter": 3159196,
                                    "Workers": [
                                        {
                                            "Worker Number": 0,
                                            "Actual Startup Time": 276.611,
                                            "Actual Total Time": 668.486,
                                            "Actual Rows": 1726190,
                                            "Actual Loops": 1
                                        },
                                        {
                                            "Worker Number": 1,
                                            "Actual Startup Time": 276.773,
                                            "Actual Total Time": 668.162,
                                            "Actual Rows": 1792936,
                                            "Actual Loops": 1
                                        },
                                        {
                                            "Worker Number": 2,
                                            "Actual Startup Time": 277.016,
                                            "Actual Total Time": 670.833,
                                            "Actual Rows": 1757724,
                                            "Actual Loops": 1
                                        },
                                        {
                                            "Worker Number": 3,
                                            "Actual Startup Time": 277.571,
                                            "Actual Total Time": 668.668,
                                            "Actual Rows": 1796693,
                                            "Actual Loops": 1
                                        },
                                        {
                                            "Worker Number": 4,
                                            "Actual Startup Time": 277.652,
                                            "Actual Total Time": 669.297,
                                            "Actual Rows": 1789201,
                                            "Actual Loops": 1
                                        },
                                        {
                                            "Worker Number": 5,
                                            "Actual Startup Time": 278.006,
                                            "Actual Total Time": 668.841,
                                            "Actual Rows": 1794588,
                                            "Actual Loops": 1
                                        }
                                    ]
                                }
                            ]
                        }
                    ]
                }
            ]
        },
        "Planning Time": 1082.336,
        "Triggers": [],
        "Execution Time": 829.035
    }
]