[
    {
        "Bao": {
            "Bao prediction": "NaN",
            "Bao recommended hint": "(no hint)"
        }
    },
    {
        "Plan": {
            "Node Type": "Aggregate",
            "Strategy": "Plain",
            "Partial Mode": "Finalize",
            "Parallel Aware": false,
            "Startup Cost": 37985.87,
            "Total Cost": 37985.88,
            "Plan Rows": 1,
            "Plan Width": 8,
            "Actual Startup Time": 104.106,
            "Actual Total Time": 110.114,
            "Actual Rows": 1,
            "Actual Loops": 1,
            "Output": [
                "count(*)"
            ],
            "Plans": [
                {
                    "Node Type": "Gather",
                    "Parent Relationship": "Outer",
                    "Parallel Aware": false,
                    "Startup Cost": 37985.55,
                    "Total Cost": 37985.86,
                    "Plan Rows": 3,
                    "Plan Width": 8,
                    "Actual Startup Time": 103.801,
                    "Actual Total Time": 110.102,
                    "Actual Rows": 4,
                    "Actual Loops": 1,
                    "Output": [
                        "(PARTIAL count(*))"
                    ],
                    "Workers Planned": 3,
                    "Workers Launched": 3,
                    "Single Copy": false,
                    "Plans": [
                        {
                            "Node Type": "Aggregate",
                            "Strategy": "Plain",
                            "Partial Mode": "Partial",
                            "Parent Relationship": "Outer",
                            "Parallel Aware": false,
                            "Startup Cost": 36985.55,
                            "Total Cost": 36985.56,
                            "Plan Rows": 1,
                            "Plan Width": 8,
                            "Actual Startup Time": 95.294,
                            "Actual Total Time": 95.295,
                            "Actual Rows": 1,
                            "Actual Loops": 4,
                            "Output": [
                                "PARTIAL count(*)"
                            ],
                            "Workers": [
                                {
                                    "Worker Number": 0,
                                    "Actual Startup Time": 92.047,
                                    "Actual Total Time": 92.049,
                                    "Actual Rows": 1,
                                    "Actual Loops": 1
                                },
                                {
                                    "Worker Number": 1,
                                    "Actual Startup Time": 92.627,
                                    "Actual Total Time": 92.628,
                                    "Actual Rows": 1,
                                    "Actual Loops": 1
                                },
                                {
                                    "Worker Number": 2,
                                    "Actual Startup Time": 92.931,
                                    "Actual Total Time": 92.933,
                                    "Actual Rows": 1,
                                    "Actual Loops": 1
                                }
                            ],
                            "Plans": [
                                {
                                    "Node Type": "Bitmap Heap Scan",
                                    "Parent Relationship": "Outer",
                                    "Parallel Aware": true,
                                    "Relation Name": "movie_keyword",
                                    "Schema": "public",
                                    "Alias": "mk",
                                    "Startup Cost": 10204.15,
                                    "Total Cost": 36597.65,
                                    "Plan Rows": 155160,
                                    "Plan Width": 0,
                                    "Actual Startup Time": 23.462,
                                    "Actual Total Time": 88.821,
                                    "Actual Rows": 117765,
                                    "Actual Loops": 4,
                                    "Recheck Cond": "(mk.keyword_id > 37767)",
                                    "Rows Removed by Index Recheck": 0,
                                    "Exact Heap Blocks": 10804,
                                    "Lossy Heap Blocks": 0,
                                    "Workers": [
                                        {
                                            "Worker Number": 0,
                                            "Actual Startup Time": 20.302,
                                            "Actual Total Time": 86.675,
                                            "Actual Rows": 74255,
                                            "Actual Loops": 1
                                        },
                                        {
                                            "Worker Number": 1,
                                            "Actual Startup Time": 20.953,
                                            "Actual Total Time": 86.722,
                                            "Actual Rows": 87141,
                                            "Actual Loops": 1
                                        },
                                        {
                                            "Worker Number": 2,
                                            "Actual Startup Time": 21.169,
                                            "Actual Total Time": 87.05,
                                            "Actual Rows": 87686,
                                            "Actual Loops": 1
                                        }
                                    ],
                                    "Plans": [
                                        {
                                            "Node Type": "Bitmap Index Scan",
                                            "Parent Relationship": "Outer",
                                            "Parallel Aware": false,
                                            "Index Name": "keyword_id_movie_keyword",
                                            "Startup Cost": 0.0,
                                            "Total Cost": 10083.9,
                                            "Plan Rows": 480996,
                                            "Plan Width": 0,
                                            "Actual Startup Time": 28.069,
                                            "Actual Total Time": 28.069,
                                            "Actual Rows": 471060,
                                            "Actual Loops": 1,
                                            "Index Cond": "(mk.keyword_id > 37767)"
                                        }
                                    ]
                                }
                            ]
                        }
                    ]
                }
            ]
        },
        "Planning Time": 193.346,
        "Triggers": [],
        "Execution Time": 110.159
    }
]