[
  {
    "Plan": {
      "Node Type": "Aggregate",
      "Strategy": "Plain",
      "Partial Mode": "Simple",
      "Parallel Aware": false,
      "Startup Cost": 1039.59,
      "Total Cost": 1039.6,
      "Plan Rows": 1,
      "Plan Width": 8,
      "Actual Startup Time": 0.161,
      "Actual Total Time": 0.162,
      "Actual Rows": 1,
      "Actual Loops": 1,
      "Plans": [
        {
          "Node Type": "Index Only Scan",
          "Parent Relationship": "Outer",
          "Parallel Aware": false,
          "Scan Direction": "Forward",
          "Index Name": "person_id_cast_info",
          "Relation Name": "cast_info",
          "Alias": "ci",
          "Startup Cost": 0.56,
          "Total Cost": 1038.33,
          "Plan Rows": 504,
          "Plan Width": 0,
          "Actual Startup Time": 0.038,
          "Actual Total Time": 0.13,
          "Actual Rows": 402,
          "Actual Loops": 1,
          "Index Cond": "(person_id = 692244)",
          "Rows Removed by Index Recheck": 0,
          "Heap Fetches": 402
        }
      ]
    },
    "Planning Time": 0.093,
    "Triggers": [],
    "Execution Time": 0.182
  }
]