[
  {
    "Plan": {
      "Node Type": "Aggregate",
      "Strategy": "Plain",
      "Partial Mode": "Finalize",
      "Parallel Aware": false,
      "Startup Cost": 96031.89,
      "Total Cost": 96031.9,
      "Plan Rows": 1,
      "Plan Width": 8,
      "Actual Startup Time": 497.679,
      "Actual Total Time": 514.115,
      "Actual Rows": 1,
      "Actual Loops": 1,
      "Plans": [
        {
          "Node Type": "Gather",
          "Parent Relationship": "Outer",
          "Parallel Aware": false,
          "Startup Cost": 96031.57,
          "Total Cost": 96031.88,
          "Plan Rows": 3,
          "Plan Width": 8,
          "Actual Startup Time": 493.384,
          "Actual Total Time": 514.106,
          "Actual Rows": 4,
          "Actual Loops": 1,
          "Workers Planned": 3,
          "Workers Launched": 3,
          "Single Copy": false,
          "Plans": [
            {
              "Node Type": "Aggregate",
              "Strategy": "Plain",
              "Partial Mode": "Partial",
              "Parent Relationship": "Outer",
              "Parallel Aware": false,
              "Startup Cost": 95031.57,
              "Total Cost": 95031.58,
              "Plan Rows": 1,
              "Plan Width": 8,
              "Actual Startup Time": 483.025,
              "Actual Total Time": 483.028,
              "Actual Rows": 1,
              "Actual Loops": 4,
              "Plans": [
                {
                  "Node Type": "Hash Join",
                  "Parent Relationship": "Outer",
                  "Parallel Aware": true,
                  "Join Type": "Inner",
                  "Startup Cost": 47807.49,
                  "Total Cost": 93581.32,
                  "Plan Rows": 580102,
                  "Plan Width": 0,
                  "Actual Startup Time": 229.232,
                  "Actual Total Time": 459.97,
                  "Actual Rows": 587882,
                  "Actual Loops": 4,
                  "Inner Unique": true,
                  "Hash Cond": "(mk.movie_id = t.id)",
                  "Plans": [
                    {
                      "Node Type": "Seq Scan",
                      "Parent Relationship": "Outer",
                      "Parallel Aware": true,
                      "Relation Name": "movie_keyword",
                      "Alias": "mk",
                      "Startup Cost": 0.0,
                      "Total Cost": 42695.65,
                      "Plan Rows": 1172638,
                      "Plan Width": 4,
                      "Actual Startup Time": 0.026,
                      "Actual Total Time": 109.002,
                      "Actual Rows": 909469,
                      "Actual Loops": 4,
                      "Filter": "(keyword_id < 20810)",
                      "Rows Removed by Filter": 221513
                    },
                    {
                      "Node Type": "Hash",
                      "Parent Relationship": "Inner",
                      "Parallel Aware": true,
                      "Startup Cost": 43898.92,
                      "Total Cost": 43898.92,
                      "Plan Rows": 312686,
                      "Plan Width": 4,
                      "Actual Startup Time": 222.103,
                      "Actual Total Time": 222.104,
                      "Actual Rows": 315925,
                      "Actual Loops": 4,
                      "Hash Buckets": 2097152,
                      "Original Hash Buckets": 2097152,
                      "Hash Batches": 1,
                      "Original Hash Batches": 1,
                      "Peak Memory Usage": 65824,
                      "Plans": [
                        {
                          "Node Type": "Seq Scan",
                          "Parent Relationship": "Outer",
                          "Parallel Aware": true,
                          "Relation Name": "title",
                          "Alias": "t",
                          "Startup Cost": 0.0,
                          "Total Cost": 43898.92,
                          "Plan Rows": 312686,
                          "Plan Width": 4,
                          "Actual Startup Time": 0.04,
                          "Actual Total Time": 105.995,
                          "Actual Rows": 315925,
                          "Actual Loops": 4,
                          "Filter": "(production_year < 2004)",
                          "Rows Removed by Filter": 316153
                        }
                      ]
                    }
                  ]
                }
              ]
            }
          ]
        }
      ]
    },
    "Planning Time": 0.556,
    "Triggers": [],
    "Execution Time": 514.17
  }
]