[
  {
    "Bao": {
      "Bao prediction": 353.655,
      "Bao recommended hint": "(no hint)"
    }
  },
  {
    "Plan": {
      "Node Type": "Nested Loop",
      "Parallel Aware": false,
      "Join Type": "Inner",
      "Startup Cost": 7201.16,
      "Total Cost": 40056.81,
      "Plan Rows": 59624,
      "Plan Width": 40,
      "Actual Startup Time": 70.294,
      "Actual Total Time": 540.045,
      "Actual Rows": 138144,
      "Actual Loops": 1,
      "Inner Unique": false,
      "Join Filter": "(mc.movie_id = ci.movie_id)",
      "Rows Removed by Join Filter": 0,
      "Plans": [
        {
          "Node Type": "Gather",
          "Parent Relationship": "Outer",
          "Parallel Aware": false,
          "Startup Cost": 7200.59,
          "Total Cost": 30574.31,
          "Plan Rows": 4158,
          "Plan Width": 44,
          "Actual Startup Time": 70.158,
          "Actual Total Time": 77.287,
          "Actual Rows": 4712,
          "Actual Loops": 1,
          "Workers Planned": 2,
          "Workers Launched": 2,
          "Single Copy": false,
          "Plans": [
            {
              "Node Type": "Hash Join",
              "Parent Relationship": "Outer",
              "Parallel Aware": false,
              "Join Type": "Inner",
              "Startup Cost": 6200.59,
              "Total Cost": 29158.51,
              "Plan Rows": 1732,
              "Plan Width": 44,
              "Actual Startup Time": 59.942,
              "Actual Total Time": 110.942,
              "Actual Rows": 1571,
              "Actual Loops": 3,
              "Inner Unique": true,
              "Hash Cond": "(t.kind_id = kt.id)",
              "Plans": [
                {
                  "Node Type": "Hash Join",
                  "Parent Relationship": "Outer",
                  "Parallel Aware": false,
                  "Join Type": "Inner",
                  "Startup Cost": 6199.43,
                  "Total Cost": 29150.05,
                  "Plan Rows": 1732,
                  "Plan Width": 48,
                  "Actual Startup Time": 59.475,
                  "Actual Total Time": 109.239,
                  "Actual Rows": 1571,
                  "Actual Loops": 3,
                  "Inner Unique": true,
                  "Hash Cond": "(mc.company_type_id = ct.id)",
                  "Plans": [
                    {
                      "Node Type": "Nested Loop",
                      "Parent Relationship": "Outer",
                      "Parallel Aware": false,
                      "Join Type": "Inner",
                      "Startup Cost": 6198.34,
                      "Total Cost": 29139.6,
                      "Plan Rows": 1732,
                      "Plan Width": 48,
                      "Actual Startup Time": 59.366,
                      "Actual Total Time": 107.534,
                      "Actual Rows": 1571,
                      "Actual Loops": 3,
                      "Inner Unique": true,
                      "Plans": [
                        {
                          "Node Type": "Hash Join",
                          "Parent Relationship": "Outer",
                          "Parallel Aware": true,
                          "Join Type": "Inner",
                          "Startup Cost": 6197.91,
                          "Total Cost": 16186.38,
                          "Plan Rows": 1732,
                          "Plan Width": 40,
                          "Actual Startup Time": 59.28,
                          "Actual Total Time": 70.872,
                          "Actual Rows": 1571,
                          "Actual Loops": 3,
                          "Inner Unique": true,
                          "Hash Cond": "(mc.company_id = cn.id)",
                          "Plans": [
                            {
                              "Node Type": "Bitmap Heap Scan",
                              "Parent Relationship": "Outer",
                              "Parallel Aware": true,
                              "Relation Name": "movie_companies",
                              "Alias": "mc",
                              "Startup Cost": 92.65,
                              "Total Cost": 10076.57,
                              "Plan Rows": 1732,
                              "Plan Width": 40,
                              "Actual Startup Time": 0.979,
                              "Actual Total Time": 10.67,
                              "Actual Rows": 1571,
                              "Actual Loops": 3,
                              "Recheck Cond": "(company_id < 6)",
                              "Rows Removed by Index Recheck": 0,
                              "Exact Heap Blocks": 1,
                              "Lossy Heap Blocks": 0,
                              "Plans": [
                                {
                                  "Node Type": "Bitmap Index Scan",
                                  "Parent Relationship": "Outer",
                                  "Parallel Aware": false,
                                  "Index Name": "company_id_movie_companies",
                                  "Startup Cost": 0.0,
                                  "Total Cost": 91.62,
                                  "Plan Rows": 4158,
                                  "Plan Width": 0,
                                  "Actual Startup Time": 0.695,
                                  "Actual Total Time": 0.697,
                                  "Actual Rows": 4712,
                                  "Actual Loops": 1,
                                  "Index Cond": "(company_id < 6)"
                                }
                              ]
                            },
                            {
                              "Node Type": "Hash",
                              "Parent Relationship": "Inner",
                              "Parallel Aware": true,
                              "Startup Cost": 4377.34,
                              "Total Cost": 4377.34,
                              "Plan Rows": 138234,
                              "Plan Width": 4,
                              "Actual Startup Time": 56.952,
                              "Actual Total Time": 56.954,
                              "Actual Rows": 78332,
                              "Actual Loops": 3,
                              "Hash Buckets": 262144,
                              "Original Hash Buckets": 262144,
                              "Hash Batches": 1,
                              "Original Hash Batches": 1,
                              "Peak Memory Usage": 11296,
                              "Plans": [
                                {
                                  "Node Type": "Seq Scan",
                                  "Parent Relationship": "Outer",
                                  "Parallel Aware": true,
                                  "Relation Name": "company_name",
                                  "Alias": "cn",
                                  "Startup Cost": 0.0,
                                  "Total Cost": 4377.34,
                                  "Plan Rows": 138234,
                                  "Plan Width": 4,
                                  "Actual Startup Time": 0.051,
                                  "Actual Total Time": 23.96,
                                  "Actual Rows": 78332,
                                  "Actual Loops": 3
                                }
                              ]
                            }
                          ]
                        },
                        {
                          "Node Type": "Index Scan",
                          "Parent Relationship": "Inner",
                          "Parallel Aware": false,
                          "Scan Direction": "Forward",
                          "Index Name": "title_pkey",
                          "Relation Name": "title",
                          "Alias": "t",
                          "Startup Cost": 0.43,
                          "Total Cost": 7.48,
                          "Plan Rows": 1,
                          "Plan Width": 8,
                          "Actual Startup Time": 0.021,
                          "Actual Total Time": 0.021,
                          "Actual Rows": 1,
                          "Actual Loops": 4712,
                          "Index Cond": "(id = mc.movie_id)",
                          "Rows Removed by Index Recheck": 0
                        }
                      ]
                    },
                    {
                      "Node Type": "Hash",
                      "Parent Relationship": "Inner",
                      "Parallel Aware": false,
                      "Startup Cost": 1.04,
                      "Total Cost": 1.04,
                      "Plan Rows": 4,
                      "Plan Width": 4,
                      "Actual Startup Time": 0.064,
                      "Actual Total Time": 0.065,
                      "Actual Rows": 4,
                      "Actual Loops": 3,
                      "Hash Buckets": 1024,
                      "Original Hash Buckets": 1024,
                      "Hash Batches": 1,
                      "Original Hash Batches": 1,
                      "Peak Memory Usage": 9,
                      "Plans": [
                        {
                          "Node Type": "Seq Scan",
                          "Parent Relationship": "Outer",
                          "Parallel Aware": false,
                          "Relation Name": "company_type",
                          "Alias": "ct",
                          "Startup Cost": 0.0,
                          "Total Cost": 1.04,
                          "Plan Rows": 4,
                          "Plan Width": 4,
                          "Actual Startup Time": 0.042,
                          "Actual Total Time": 0.045,
                          "Actual Rows": 4,
                          "Actual Loops": 3
                        }
                      ]
                    }
                  ]
                },
                {
                  "Node Type": "Hash",
                  "Parent Relationship": "Inner",
                  "Parallel Aware": false,
                  "Startup Cost": 1.07,
                  "Total Cost": 1.07,
                  "Plan Rows": 7,
                  "Plan Width": 4,
                  "Actual Startup Time": 0.073,
                  "Actual Total Time": 0.074,
                  "Actual Rows": 7,
                  "Actual Loops": 3,
                  "Hash Buckets": 1024,
                  "Original Hash Buckets": 1024,
                  "Hash Batches": 1,
                  "Original Hash Batches": 1,
                  "Peak Memory Usage": 9,
                  "Plans": [
                    {
                      "Node Type": "Seq Scan",
                      "Parent Relationship": "Outer",
                      "Parallel Aware": false,
                      "Relation Name": "kind_type",
                      "Alias": "kt",
                      "Startup Cost": 0.0,
                      "Total Cost": 1.07,
                      "Plan Rows": 7,
                      "Plan Width": 4,
                      "Actual Startup Time": 0.041,
                      "Actual Total Time": 0.045,
                      "Actual Rows": 7,
                      "Actual Loops": 3
                    }
                  ]
                }
              ]
            }
          ]
        },
        {
          "Node Type": "Index Only Scan",
          "Parent Relationship": "Inner",
          "Parallel Aware": false,
          "Scan Direction": "Forward",
          "Index Name": "movie_id_cast_info",
          "Relation Name": "cast_info",
          "Alias": "ci",
          "Startup Cost": 0.56,
          "Total Cost": 1.82,
          "Plan Rows": 37,
          "Plan Width": 4,
          "Actual Startup Time": 0.018,
          "Actual Total Time": 0.092,
          "Actual Rows": 29,
          "Actual Loops": 4712,
          "Index Cond": "(movie_id = t.id)",
          "Rows Removed by Index Recheck": 0,
          "Heap Fetches": 138144
        }
      ]
    },
    "Planning Time": 400.446,
    "Triggers": [],
    "Execution Time": 552.203
  }
]