{
    "Plan": {
        "Node Type": "Aggregate",
        "Strategy": "Plain",
        "Partial Mode": "Simple",
        "Parallel Aware": false,
        "Startup Cost": 40000079136.45,
        "Total Cost": 40000079136.46,
        "Plan Rows": 1,
        "Plan Width": 68,
        "Actual Startup Time": 19.743,
        "Actual Total Time": 19.748,
        "Actual Rows": 1,
        "Actual Loops": 1,
        "Output": [
            "min(mc.note)",
            "min(t.title)",
            "min(t.production_year)"
        ],
        "Plans": [
            {
                "Node Type": "Nested Loop",
                "Parent Relationship": "Outer",
                "Parallel Aware": false,
                "Join Type": "Inner",
                "Startup Cost": 40000006243.49,
                "Total Cost": 40000079136.2,
                "Plan Rows": 33,
                "Plan Width": 45,
                "Actual Startup Time": 2.96,
                "Actual Total Time": 19.681,
                "Actual Rows": 20,
                "Actual Loops": 1,
                "Output": [
                    "mc.note",
                    "t.title",
                    "t.production_year"
                ],
                "Inner Unique": true,
                "Join Filter": "(mc.movie_id = t.id)",
                "Rows Removed by Join Filter": 0,
                "Plans": [
                    {
                        "Node Type": "Nested Loop",
                        "Parent Relationship": "Outer",
                        "Parallel Aware": false,
                        "Join Type": "Inner",
                        "Startup Cost": 30000006243.02,
                        "Total Cost": 30000078902.65,
                        "Plan Rows": 52,
                        "Plan Width": 32,
                        "Actual Startup Time": 1.108,
                        "Actual Total Time": 19.071,
                        "Actual Rows": 23,
                        "Actual Loops": 1,
                        "Output": [
                            "mc.note",
                            "mc.movie_id",
                            "mi_idx.movie_id"
                        ],
                        "Inner Unique": true,
                        "Plans": [
                            {
                                "Node Type": "Nested Loop",
                                "Parent Relationship": "Outer",
                                "Parallel Aware": false,
                                "Join Type": "Inner",
                                "Startup Cost": 20000006242.89,
                                "Total Cost": 20000078046.47,
                                "Plan Rows": 206,
                                "Plan Width": 36,
                                "Actual Startup Time": 1.082,
                                "Actual Total Time": 18.723,
                                "Actual Rows": 23,
                                "Actual Loops": 1,
                                "Output": [
                                    "mi_idx.movie_id",
                                    "mc.note",
                                    "mc.company_type_id",
                                    "mc.movie_id"
                                ],
                                "Inner Unique": false,
                                "Plans": [
                                    {
                                        "Node Type": "Nested Loop",
                                        "Parent Relationship": "Outer",
                                        "Parallel Aware": false,
                                        "Join Type": "Inner",
                                        "Startup Cost": 10000006242.39,
                                        "Total Cost": 10000021954.07,
                                        "Plan Rows": 12213,
                                        "Plan Width": 4,
                                        "Actual Startup Time": 0.466,
                                        "Actual Total Time": 0.836,
                                        "Actual Rows": 250,
                                        "Actual Loops": 1,
                                        "Output": [
                                            "mi_idx.movie_id"
                                        ],
                                        "Inner Unique": false,
                                        "Plans": [
                                            {
                                                "Node Type": "Index Scan",
                                                "Parent Relationship": "Outer",
                                                "Parallel Aware": false,
                                                "Scan Direction": "Forward",
                                                "Index Name": "info_type_pkey",
                                                "Relation Name": "info_type",
                                                "Schema": "public",
                                                "Alias": "it",
                                                "Startup Cost": 0.14,
                                                "Total Cost": 14.12,
                                                "Plan Rows": 1,
                                                "Plan Width": 4,
                                                "Actual Startup Time": 0.065,
                                                "Actual Total Time": 0.073,
                                                "Actual Rows": 1,
                                                "Actual Loops": 1,
                                                "Output": [
                                                    "it.id",
                                                    "it.info"
                                                ],
                                                "Filter": "((it.info)::text = 'top 250 rank'::text)",
                                                "Rows Removed by Filter": 112
                                            },
                                            {
                                                "Node Type": "Bitmap Heap Scan",
                                                "Parent Relationship": "Inner",
                                                "Parallel Aware": false,
                                                "Relation Name": "movie_info_idx",
                                                "Schema": "public",
                                                "Alias": "mi_idx",
                                                "Startup Cost": 6242.25,
                                                "Total Cost": 18489.86,
                                                "Plan Rows": 345009,
                                                "Plan Width": 8,
                                                "Actual Startup Time": 0.389,
                                                "Actual Total Time": 0.602,
                                                "Actual Rows": 250,
                                                "Actual Loops": 1,
                                                "Output": [
                                                    "mi_idx.id",
                                                    "mi_idx.movie_id",
                                                    "mi_idx.info_type_id",
                                                    "mi_idx.info",
                                                    "mi_idx.note"
                                                ],
                                                "Recheck Cond": "(mi_idx.info_type_id = it.id)",
                                                "Rows Removed by Index Recheck": 0,
                                                "Exact Heap Blocks": 2,
                                                "Lossy Heap Blocks": 0,
                                                "Plans": [
                                                    {
                                                        "Node Type": "Bitmap Index Scan",
                                                        "Parent Relationship": "Outer",
                                                        "Parallel Aware": false,
                                                        "Index Name": "info_type_id_movie_info_idx",
                                                        "Startup Cost": 0.0,
                                                        "Total Cost": 6155.99,
                                                        "Plan Rows": 345009,
                                                        "Plan Width": 0,
                                                        "Actual Startup Time": 0.27,
                                                        "Actual Total Time": 0.271,
                                                        "Actual Rows": 250,
                                                        "Actual Loops": 1,
                                                        "Index Cond": "(mi_idx.info_type_id = it.id)"
                                                    }
                                                ]
                                            }
                                        ]
                                    },
                                    {
                                        "Node Type": "Bitmap Heap Scan",
                                        "Parent Relationship": "Inner",
                                        "Parallel Aware": false,
                                        "Relation Name": "movie_companies",
                                        "Schema": "public",
                                        "Alias": "mc",
                                        "Startup Cost": 0.5,
                                        "Total Cost": 4.58,
                                        "Plan Rows": 1,
                                        "Plan Width": 32,
                                        "Actual Startup Time": 0.065,
                                        "Actual Total Time": 0.065,
                                        "Actual Rows": 0,
                                        "Actual Loops": 250,
                                        "Output": [
                                            "mc.id",
                                            "mc.movie_id",
                                            "mc.company_id",
                                            "mc.company_type_id",
                                            "mc.note"
                                        ],
                                        "Recheck Cond": "(mc.movie_id = mi_idx.movie_id)",
                                        "Rows Removed by Index Recheck": 0,
                                        "Filter": "((mc.note !~~ '%(as Metro-Goldwyn-Mayer Pictures)%'::text) AND (mc.note ~~ '%(co-production)%'::text))",
                                        "Rows Removed by Filter": 33,
                                        "Exact Heap Blocks": 595,
                                        "Lossy Heap Blocks": 0,
                                        "Plans": [
                                            {
                                                "Node Type": "Bitmap Index Scan",
                                                "Parent Relationship": "Outer",
                                                "Parallel Aware": false,
                                                "Index Name": "movie_id_movie_companies",
                                                "Startup Cost": 0.0,
                                                "Total Cost": 0.5,
                                                "Plan Rows": 5,
                                                "Plan Width": 0,
                                                "Actual Startup Time": 0.022,
                                                "Actual Total Time": 0.022,
                                                "Actual Rows": 33,
                                                "Actual Loops": 250,
                                                "Index Cond": "(mc.movie_id = mi_idx.movie_id)"
                                            }
                                        ]
                                    }
                                ]
                            },
                            {
                                "Node Type": "Bitmap Heap Scan",
                                "Parent Relationship": "Inner",
                                "Parallel Aware": false,
                                "Relation Name": "company_type",
                                "Schema": "public",
                                "Alias": "ct",
                                "Startup Cost": 0.14,
                                "Total Cost": 4.15,
                                "Plan Rows": 1,
                                "Plan Width": 4,
                                "Actual Startup Time": 0.008,
                                "Actual Total Time": 0.008,
                                "Actual Rows": 1,
                                "Actual Loops": 23,
                                "Output": [
                                    "ct.id",
                                    "ct.kind"
                                ],
                                "Recheck Cond": "(ct.id = mc.company_type_id)",
                                "Rows Removed by Index Recheck": 0,
                                "Filter": "((ct.kind)::text = 'production companies'::text)",
                                "Rows Removed by Filter": 0,
                                "Exact Heap Blocks": 23,
                                "Lossy Heap Blocks": 0,
                                "Plans": [
                                    {
                                        "Node Type": "Bitmap Index Scan",
                                        "Parent Relationship": "Outer",
                                        "Parallel Aware": false,
                                        "Index Name": "company_type_pkey",
                                        "Startup Cost": 0.0,
                                        "Total Cost": 0.14,
                                        "Plan Rows": 1,
                                        "Plan Width": 0,
                                        "Actual Startup Time": 0.004,
                                        "Actual Total Time": 0.004,
                                        "Actual Rows": 1,
                                        "Actual Loops": 23,
                                        "Index Cond": "(ct.id = mc.company_type_id)"
                                    }
                                ]
                            }
                        ]
                    },
                    {
                        "Node Type": "Bitmap Heap Scan",
                        "Parent Relationship": "Inner",
                        "Parallel Aware": false,
                        "Relation Name": "title",
                        "Schema": "public",
                        "Alias": "t",
                        "Startup Cost": 0.46,
                        "Total Cost": 4.48,
                        "Plan Rows": 1,
                        "Plan Width": 25,
                        "Actual Startup Time": 0.02,
                        "Actual Total Time": 0.02,
                        "Actual Rows": 1,
                        "Actual Loops": 23,
                        "Output": [
                            "t.id",
                            "t.title",
                            "t.imdb_index",
                            "t.kind_id",
                            "t.production_year",
                            "t.imdb_id",
                            "t.phonetic_code",
                            "t.episode_of_id",
                            "t.season_nr",
                            "t.episode_nr",
                            "t.series_years",
                            "t.md5sum"
                        ],
                        "Recheck Cond": "(t.id = mi_idx.movie_id)",
                        "Rows Removed by Index Recheck": 0,
                        "Filter": "(t.production_year > 1995)",
                        "Rows Removed by Filter": 0,
                        "Exact Heap Blocks": 23,
                        "Lossy Heap Blocks": 0,
                        "Plans": [
                            {
                                "Node Type": "Bitmap Index Scan",
                                "Parent Relationship": "Outer",
                                "Parallel Aware": false,
                                "Index Name": "title_pkey",
                                "Startup Cost": 0.0,
                                "Total Cost": 0.46,
                                "Plan Rows": 1,
                                "Plan Width": 0,
                                "Actual Startup Time": 0.015,
                                "Actual Total Time": 0.015,
                                "Actual Rows": 1,
                                "Actual Loops": 23,
                                "Index Cond": "(t.id = mi_idx.movie_id)"
                            }
                        ]
                    }
                ]
            }
        ]
    },
    "Planning Time": 2.279,
    "Triggers": [],
    "Execution Time": 19.919
}