[
  {
    "Plan": {
      "Node Type": "Aggregate",
      "Strategy": "Plain",
      "Partial Mode": "Finalize",
      "Parallel Aware": false,
      "Startup Cost": 47069.63,
      "Total Cost": 47069.64,
      "Plan Rows": 1,
      "Plan Width": 8,
      "Actual Startup Time": 110.625,
      "Actual Total Time": 123.015,
      "Actual Rows": 1,
      "Actual Loops": 1,
      "Plans": [
        {
          "Node Type": "Gather",
          "Parent Relationship": "Outer",
          "Parallel Aware": false,
          "Startup Cost": 47069.21,
          "Total Cost": 47069.62,
          "Plan Rows": 4,
          "Plan Width": 8,
          "Actual Startup Time": 110.487,
          "Actual Total Time": 122.999,
          "Actual Rows": 5,
          "Actual Loops": 1,
          "Workers Planned": 4,
          "Workers Launched": 4,
          "Single Copy": false,
          "Plans": [
            {
              "Node Type": "Aggregate",
              "Strategy": "Plain",
              "Partial Mode": "Partial",
              "Parent Relationship": "Outer",
              "Parallel Aware": false,
              "Startup Cost": 46069.21,
              "Total Cost": 46069.22,
              "Plan Rows": 1,
              "Plan Width": 8,
              "Actual Startup Time": 105.212,
              "Actual Total Time": 105.214,
              "Actual Rows": 1,
              "Actual Loops": 5,
              "Plans": [
                {
                  "Node Type": "Seq Scan",
                  "Parent Relationship": "Outer",
                  "Parallel Aware": true,
                  "Relation Name": "title",
                  "Alias": "t",
                  "Startup Cost": 0.0,
                  "Total Cost": 45479.59,
                  "Plan Rows": 235848,
                  "Plan Width": 0,
                  "Actual Startup Time": 0.032,
                  "Actual Total Time": 94.291,
                  "Actual Rows": 204841,
                  "Actual Loops": 5,
                  "Filter": "((production_year > 1997) AND (kind_id = 7))",
                  "Rows Removed by Filter": 300821
                }
              ]
            }
          ]
        }
      ]
    },
    "Planning Time": 0.08,
    "Triggers": [],
    "Execution Time": 123.043
  }
]