[
  {
    "Plan": {
      "Node Type": "Aggregate",
      "Strategy": "Plain",
      "Partial Mode": "Finalize",
      "Parallel Aware": false,
      "Startup Cost": 243808.42,
      "Total Cost": 243808.43,
      "Plan Rows": 1,
      "Plan Width": 8,
      "Actual Startup Time": 379.253,
      "Actual Total Time": 400.823,
      "Actual Rows": 1,
      "Actual Loops": 1,
      "Plans": [
        {
          "Node Type": "Gather",
          "Parent Relationship": "Outer",
          "Parallel Aware": false,
          "Startup Cost": 243807.79,
          "Total Cost": 243808.4,
          "Plan Rows": 6,
          "Plan Width": 8,
          "Actual Startup Time": 378.418,
          "Actual Total Time": 400.814,
          "Actual Rows": 7,
          "Actual Loops": 1,
          "Workers Planned": 6,
          "Workers Launched": 6,
          "Single Copy": false,
          "Plans": [
            {
              "Node Type": "Aggregate",
              "Strategy": "Plain",
              "Partial Mode": "Partial",
              "Parent Relationship": "Outer",
              "Parallel Aware": false,
              "Startup Cost": 242807.79,
              "Total Cost": 242807.8,
              "Plan Rows": 1,
              "Plan Width": 8,
              "Actual Startup Time": 366.935,
              "Actual Total Time": 366.941,
              "Actual Rows": 1,
              "Actual Loops": 7,
              "Plans": [
                {
                  "Node Type": "Hash Join",
                  "Parent Relationship": "Outer",
                  "Parallel Aware": true,
                  "Join Type": "Inner",
                  "Startup Cost": 38804.1,
                  "Total Cost": 242765.41,
                  "Plan Rows": 16952,
                  "Plan Width": 0,
                  "Actual Startup Time": 51.797,
                  "Actual Total Time": 366.162,
                  "Actual Rows": 11736,
                  "Actual Loops": 7,
                  "Inner Unique": true,
                  "Hash Cond": "(ci.movie_id = t.id)",
                  "Plans": [
                    {
                      "Node Type": "Index Scan",
                      "Parent Relationship": "Outer",
                      "Parallel Aware": true,
                      "Scan Direction": "Forward",
                      "Index Name": "role_id_cast_info",
                      "Relation Name": "cast_info",
                      "Alias": "ci",
                      "Startup Cost": 0.56,
                      "Total Cost": 201884.69,
                      "Plan Rows": 791310,
                      "Plan Width": 4,
                      "Actual Startup Time": 0.303,
                      "Actual Total Time": 230.94,
                      "Actual Rows": 687105,
                      "Actual Loops": 7,
                      "Index Cond": "(role_id = 2)",
                      "Rows Removed by Index Recheck": 0,
                      "Filter": "(person_id < 2359356)",
                      "Rows Removed by Filter": 377462
                    },
                    {
                      "Node Type": "Hash",
                      "Parent Relationship": "Inner",
                      "Parallel Aware": true,
                      "Startup Cost": 38634.27,
                      "Total Cost": 38634.27,
                      "Plan Rows": 13541,
                      "Plan Width": 4,
                      "Actual Startup Time": 50.033,
                      "Actual Total Time": 50.036,
                      "Actual Rows": 4944,
                      "Actual Loops": 7,
                      "Hash Buckets": 65536,
                      "Original Hash Buckets": 65536,
                      "Hash Batches": 1,
                      "Original Hash Batches": 1,
                      "Peak Memory Usage": 1952,
                      "Plans": [
                        {
                          "Node Type": "Bitmap Heap Scan",
                          "Parent Relationship": "Outer",
                          "Parallel Aware": true,
                          "Relation Name": "title",
                          "Alias": "t",
                          "Startup Cost": 2180.84,
                          "Total Cost": 38634.27,
                          "Plan Rows": 13541,
                          "Plan Width": 4,
                          "Actual Startup Time": 10.619,
                          "Actual Total Time": 46.914,
                          "Actual Rows": 4944,
                          "Actual Loops": 7,
                          "Recheck Cond": "(kind_id = 4)",
                          "Rows Removed by Index Recheck": 0,
                          "Filter": "(production_year < 2002)",
                          "Rows Removed by Filter": 11947,
                          "Exact Heap Blocks": 5734,
                          "Lossy Heap Blocks": 0,
                          "Plans": [
                            {
                              "Node Type": "Bitmap Index Scan",
                              "Parent Relationship": "Outer",
                              "Parallel Aware": false,
                              "Index Name": "kind_id_title",
                              "Startup Cost": 0.0,
                              "Total Cost": 2167.3,
                              "Plan Rows": 121449,
                              "Plan Width": 0,
                              "Actual Startup Time": 12.911,
                              "Actual Total Time": 12.912,
                              "Actual Rows": 118234,
                              "Actual Loops": 1,
                              "Index Cond": "(kind_id = 4)"
                            }
                          ]
                        }
                      ]
                    }
                  ]
                }
              ]
            }
          ]
        }
      ]
    },
    "Planning Time": 0.563,
    "Triggers": [],
    "Execution Time": 400.922
  }
]