[
  {
    "Plan": {
      "Node Type": "Aggregate",
      "Strategy": "Plain",
      "Partial Mode": "Finalize",
      "Parallel Aware": false,
      "Startup Cost": 45765.45,
      "Total Cost": 45765.46,
      "Plan Rows": 1,
      "Plan Width": 8,
      "Actual Startup Time": 217.688,
      "Actual Total Time": 228.057,
      "Actual Rows": 1,
      "Actual Loops": 1,
      "Plans": [
        {
          "Node Type": "Gather",
          "Parent Relationship": "Outer",
          "Parallel Aware": false,
          "Startup Cost": 45765.14,
          "Total Cost": 45765.45,
          "Plan Rows": 3,
          "Plan Width": 8,
          "Actual Startup Time": 217.543,
          "Actual Total Time": 228.047,
          "Actual Rows": 4,
          "Actual Loops": 1,
          "Workers Planned": 3,
          "Workers Launched": 3,
          "Single Copy": false,
          "Plans": [
            {
              "Node Type": "Aggregate",
              "Strategy": "Plain",
              "Partial Mode": "Partial",
              "Parent Relationship": "Outer",
              "Parallel Aware": false,
              "Startup Cost": 44765.14,
              "Total Cost": 44765.15,
              "Plan Rows": 1,
              "Plan Width": 8,
              "Actual Startup Time": 209.796,
              "Actual Total Time": 209.797,
              "Actual Rows": 1,
              "Actual Loops": 4,
              "Plans": [
                {
                  "Node Type": "Seq Scan",
                  "Parent Relationship": "Outer",
                  "Parallel Aware": true,
                  "Relation Name": "movie_keyword",
                  "Alias": "mk",
                  "Startup Cost": 0.0,
                  "Total Cost": 42695.65,
                  "Plan Rows": 827793,
                  "Plan Width": 0,
                  "Actual Startup Time": 0.376,
                  "Actual Total Time": 166.322,
                  "Actual Rows": 638692,
                  "Actual Loops": 4,
                  "Filter": "(keyword_id > 3440)",
                  "Rows Removed by Filter": 492290
                }
              ]
            }
          ]
        }
      ]
    },
    "Planning Time": 0.102,
    "Triggers": [],
    "Execution Time": 228.093
  }
]