{
  "Plan": {
    "Node Type": "Aggregate",
    "Strategy": "Plain",
    "Partial Mode": "Finalize",
    "Parallel Aware": false,
    "Startup Cost": 136044.4,
    "Total Cost": 136044.41,
    "Plan Rows": 1,
    "Plan Width": 8,
    "Actual Startup Time": 974.331,
    "Actual Total Time": 992.768,
    "Actual Rows": 1,
    "Actual Loops": 1,
    "Plans": [
      {
        "Node Type": "Gather",
        "Parent Relationship": "Outer",
        "Parallel Aware": false,
        "Startup Cost": 136044.29,
        "Total Cost": 136044.4,
        "Plan Rows": 1,
        "Plan Width": 8,
        "Actual Startup Time": 969.549,
        "Actual Total Time": 992.76,
        "Actual Rows": 2,
        "Actual Loops": 1,
        "Workers Planned": 1,
        "Workers Launched": 1,
        "Single Copy": false,
        "Plans": [
          {
            "Node Type": "Aggregate",
            "Strategy": "Plain",
            "Partial Mode": "Partial",
            "Parent Relationship": "Outer",
            "Parallel Aware": false,
            "Startup Cost": 135044.29,
            "Total Cost": 135044.3,
            "Plan Rows": 1,
            "Plan Width": 8,
            "Actual Startup Time": 957.614,
            "Actual Total Time": 957.617,
            "Actual Rows": 1,
            "Actual Loops": 2,
            "Plans": [
              {
                "Node Type": "Hash Join",
                "Parent Relationship": "Outer",
                "Parallel Aware": true,
                "Join Type": "Inner",
                "Startup Cost": 70646.7,
                "Total Cost": 132029.53,
                "Plan Rows": 1205902,
                "Plan Width": 0,
                "Actual Startup Time": 532.504,
                "Actual Total Time": 918.696,
                "Actual Rows": 976366,
                "Actual Loops": 2,
                "Inner Unique": true,
                "Hash Cond": "(mk.movie_id = t.id)",
                "Plans": [
                  {
                    "Node Type": "Seq Scan",
                    "Parent Relationship": "Outer",
                    "Parallel Aware": true,
                    "Relation Name": "movie_keyword",
                    "Alias": "mk",
                    "Startup Cost": 0.0,
                    "Total Cost": 57718.19,
                    "Plan Rows": 1396049,
                    "Plan Width": 4,
                    "Actual Startup Time": 0.014,
                    "Actual Total Time": 185.141,
                    "Actual Rows": 1186648,
                    "Actual Loops": 2,
                    "Filter": "(keyword_id < 5393)",
                    "Rows Removed by Filter": 1075316
                  },
                  {
                    "Node Type": "Hash",
                    "Parent Relationship": "Inner",
                    "Parallel Aware": true,
                    "Startup Cost": 54588.39,
                    "Total Cost": 54588.39,
                    "Plan Rows": 1284665,
                    "Plan Width": 4,
                    "Actual Startup Time": 511.01,
                    "Actual Total Time": 511.011,
                    "Actual Rows": 1085582,
                    "Actual Loops": 2,
                    "Hash Buckets": 4194304,
                    "Original Hash Buckets": 4194304,
                    "Hash Batches": 1,
                    "Original Hash Batches": 1,
                    "Peak Memory Usage": 117728,
                    "Plans": [
                      {
                        "Node Type": "Seq Scan",
                        "Parent Relationship": "Outer",
                        "Parallel Aware": true,
                        "Relation Name": "title",
                        "Alias": "t",
                        "Startup Cost": 0.0,
                        "Total Cost": 54588.39,
                        "Plan Rows": 1284665,
                        "Plan Width": 4,
                        "Actual Startup Time": 0.026,
                        "Actual Total Time": 180.216,
                        "Actual Rows": 1085582,
                        "Actual Loops": 2,
                        "Filter": "(production_year > 1963)",
                        "Rows Removed by Filter": 178574
                      }
                    ]
                  }
                ]
              }
            ]
          }
        ]
      }
    ]
  },
  "Planning Time": 0.689,
  "Triggers": [],
  "Execution Time": 992.833
}