{
  "Plan": {
    "Node Type": "Aggregate",
    "Strategy": "Plain",
    "Partial Mode": "Finalize",
    "Parallel Aware": false,
    "Startup Cost": 197757.04,
    "Total Cost": 197757.05,
    "Plan Rows": 1,
    "Plan Width": 8,
    "Actual Startup Time": 1355.823,
    "Actual Total Time": 1404.507,
    "Actual Rows": 1,
    "Actual Loops": 1,
    "Plans": [
      {
        "Node Type": "Gather",
        "Parent Relationship": "Outer",
        "Parallel Aware": false,
        "Startup Cost": 197756.92,
        "Total Cost": 197757.03,
        "Plan Rows": 1,
        "Plan Width": 8,
        "Actual Startup Time": 1355.232,
        "Actual Total Time": 1404.499,
        "Actual Rows": 2,
        "Actual Loops": 1,
        "Workers Planned": 1,
        "Workers Launched": 1,
        "Single Copy": false,
        "Plans": [
          {
            "Node Type": "Aggregate",
            "Strategy": "Plain",
            "Partial Mode": "Partial",
            "Parent Relationship": "Outer",
            "Parallel Aware": false,
            "Startup Cost": 196756.92,
            "Total Cost": 196756.93,
            "Plan Rows": 1,
            "Plan Width": 8,
            "Actual Startup Time": 1348.738,
            "Actual Total Time": 1348.742,
            "Actual Rows": 1,
            "Actual Loops": 2,
            "Plans": [
              {
                "Node Type": "Nested Loop",
                "Parent Relationship": "Outer",
                "Parallel Aware": false,
                "Join Type": "Inner",
                "Startup Cost": 27174.14,
                "Total Cost": 196701.78,
                "Plan Rows": 22056,
                "Plan Width": 0,
                "Actual Startup Time": 166.639,
                "Actual Total Time": 1335.156,
                "Actual Rows": 292686,
                "Actual Loops": 2,
                "Inner Unique": false,
                "Plans": [
                  {
                    "Node Type": "Hash Join",
                    "Parent Relationship": "Outer",
                    "Parallel Aware": true,
                    "Join Type": "Inner",
                    "Startup Cost": 27173.7,
                    "Total Cost": 88980.26,
                    "Plan Rows": 47014,
                    "Plan Width": 8,
                    "Actual Startup Time": 161.255,
                    "Actual Total Time": 356.413,
                    "Actual Rows": 100262,
                    "Actual Loops": 2,
                    "Inner Unique": false,
                    "Hash Cond": "(t.id = mc.movie_id)",
                    "Plans": [
                      {
                        "Node Type": "Seq Scan",
                        "Parent Relationship": "Outer",
                        "Parallel Aware": true,
                        "Relation Name": "title",
                        "Alias": "t",
                        "Startup Cost": 0.0,
                        "Total Cost": 58306.47,
                        "Plan Rows": 515766,
                        "Plan Width": 4,
                        "Actual Startup Time": 0.014,
                        "Actual Total Time": 140.301,
                        "Actual Rows": 393320,
                        "Actual Loops": 2,
                        "Filter": "((kind_id < 7) AND (production_year > 1958))",
                        "Rows Removed by Filter": 870836
                      },
                      {
                        "Node Type": "Hash",
                        "Parent Relationship": "Inner",
                        "Parallel Aware": true,
                        "Startup Cost": 25479.11,
                        "Total Cost": 25479.11,
                        "Plan Rows": 135567,
                        "Plan Width": 4,
                        "Actual Startup Time": 78.387,
                        "Actual Total Time": 78.388,
                        "Actual Rows": 114032,
                        "Actual Loops": 2,
                        "Hash Buckets": 262144,
                        "Original Hash Buckets": 262144,
                        "Hash Batches": 1,
                        "Original Hash Batches": 1,
                        "Peak Memory Usage": 11008,
                        "Plans": [
                          {
                            "Node Type": "Bitmap Heap Scan",
                            "Parent Relationship": "Outer",
                            "Parallel Aware": true,
                            "Relation Name": "movie_companies",
                            "Alias": "mc",
                            "Startup Cost": 4994.53,
                            "Total Cost": 25479.11,
                            "Plan Rows": 135567,
                            "Plan Width": 4,
                            "Actual Startup Time": 21.043,
                            "Actual Total Time": 53.377,
                            "Actual Rows": 114032,
                            "Actual Loops": 2,
                            "Recheck Cond": "(company_id > 105907)",
                            "Rows Removed by Index Recheck": 0,
                            "Exact Heap Blocks": 3165,
                            "Lossy Heap Blocks": 0,
                            "Plans": [
                              {
                                "Node Type": "Bitmap Index Scan",
                                "Parent Relationship": "Outer",
                                "Parallel Aware": false,
                                "Index Name": "company_id_movie_companies",
                                "Startup Cost": 0.0,
                                "Total Cost": 4936.91,
                                "Plan Rows": 230464,
                                "Plan Width": 0,
                                "Actual Startup Time": 22.605,
                                "Actual Total Time": 22.605,
                                "Actual Rows": 228063,
                                "Actual Loops": 1,
                                "Index Cond": "(company_id > 105907)"
                              }
                            ]
                          }
                        ]
                      }
                    ]
                  },
                  {
                    "Node Type": "Index Scan",
                    "Parent Relationship": "Inner",
                    "Parallel Aware": false,
                    "Scan Direction": "Forward",
                    "Index Name": "movie_id_movie_info",
                    "Relation Name": "movie_info",
                    "Alias": "mi",
                    "Startup Cost": 0.43,
                    "Total Cost": 2.26,
                    "Plan Rows": 3,
                    "Plan Width": 4,
                    "Actual Startup Time": 0.007,
                    "Actual Total Time": 0.009,
                    "Actual Rows": 3,
                    "Actual Loops": 200523,
                    "Index Cond": "(movie_id = t.id)",
                    "Rows Removed by Index Recheck": 0,
                    "Filter": "(info_type_id > 54)",
                    "Rows Removed by Filter": 16
                  }
                ]
              }
            ]
          }
        ]
      }
    ]
  },
  "Planning Time": 1.017,
  "Triggers": [],
  "Execution Time": 1404.633
}