[
    {
        "Bao": {
            "Bao prediction": "NaN",
            "Bao recommended hint": "(no hint)"
        }
    },
    {
        "Plan": {
            "Node Type": "Aggregate",
            "Strategy": "Plain",
            "Partial Mode": "Finalize",
            "Parallel Aware": false,
            "Startup Cost": 337102.45,
            "Total Cost": 337102.46,
            "Plan Rows": 1,
            "Plan Width": 8,
            "Actual Startup Time": 783.36,
            "Actual Total Time": 825.805,
            "Actual Rows": 1,
            "Actual Loops": 1,
            "Output": [
                "count(*)"
            ],
            "Plans": [
                {
                    "Node Type": "Gather",
                    "Parent Relationship": "Outer",
                    "Parallel Aware": false,
                    "Startup Cost": 337101.82,
                    "Total Cost": 337102.43,
                    "Plan Rows": 6,
                    "Plan Width": 8,
                    "Actual Startup Time": 783.221,
                    "Actual Total Time": 825.795,
                    "Actual Rows": 7,
                    "Actual Loops": 1,
                    "Output": [
                        "(PARTIAL count(*))"
                    ],
                    "Workers Planned": 6,
                    "Workers Launched": 6,
                    "Single Copy": false,
                    "Plans": [
                        {
                            "Node Type": "Aggregate",
                            "Strategy": "Plain",
                            "Partial Mode": "Partial",
                            "Parent Relationship": "Outer",
                            "Parallel Aware": false,
                            "Startup Cost": 336101.82,
                            "Total Cost": 336101.83,
                            "Plan Rows": 1,
                            "Plan Width": 8,
                            "Actual Startup Time": 773.323,
                            "Actual Total Time": 773.324,
                            "Actual Rows": 1,
                            "Actual Loops": 7,
                            "Output": [
                                "PARTIAL count(*)"
                            ],
                            "Workers": [
                                {
                                    "Worker Number": 0,
                                    "Actual Startup Time": 770.963,
                                    "Actual Total Time": 770.964,
                                    "Actual Rows": 1,
                                    "Actual Loops": 1
                                },
                                {
                                    "Worker Number": 1,
                                    "Actual Startup Time": 771.257,
                                    "Actual Total Time": 771.258,
                                    "Actual Rows": 1,
                                    "Actual Loops": 1
                                },
                                {
                                    "Worker Number": 2,
                                    "Actual Startup Time": 771.504,
                                    "Actual Total Time": 771.505,
                                    "Actual Rows": 1,
                                    "Actual Loops": 1
                                },
                                {
                                    "Worker Number": 3,
                                    "Actual Startup Time": 772.311,
                                    "Actual Total Time": 772.312,
                                    "Actual Rows": 1,
                                    "Actual Loops": 1
                                },
                                {
                                    "Worker Number": 4,
                                    "Actual Startup Time": 772.212,
                                    "Actual Total Time": 772.213,
                                    "Actual Rows": 1,
                                    "Actual Loops": 1
                                },
                                {
                                    "Worker Number": 5,
                                    "Actual Startup Time": 772.229,
                                    "Actual Total Time": 772.23,
                                    "Actual Rows": 1,
                                    "Actual Loops": 1
                                }
                            ],
                            "Plans": [
                                {
                                    "Node Type": "Seq Scan",
                                    "Parent Relationship": "Outer",
                                    "Parallel Aware": true,
                                    "Relation Name": "cast_info",
                                    "Schema": "public",
                                    "Alias": "ci",
                                    "Startup Cost": 0.0,
                                    "Total Cost": 328213.62,
                                    "Plan Rows": 3155282,
                                    "Plan Width": 0,
                                    "Actual Startup Time": 0.057,
                                    "Actual Total Time": 628.731,
                                    "Actual Rows": 2692003,
                                    "Actual Loops": 7,
                                    "Output": [
                                        "id",
                                        "person_id",
                                        "movie_id",
                                        "person_role_id",
                                        "note",
                                        "nr_order",
                                        "role_id"
                                    ],
                                    "Filter": "(ci.person_id < 1877196)",
                                    "Rows Removed by Filter": 2485761,
                                    "Workers": [
                                        {
                                            "Worker Number": 0,
                                            "Actual Startup Time": 0.077,
                                            "Actual Total Time": 631.014,
                                            "Actual Rows": 2061047,
                                            "Actual Loops": 1
                                        },
                                        {
                                            "Worker Number": 1,
                                            "Actual Startup Time": 0.061,
                                            "Actual Total Time": 630.273,
                                            "Actual Rows": 2091569,
                                            "Actual Loops": 1
                                        },
                                        {
                                            "Worker Number": 2,
                                            "Actual Startup Time": 0.055,
                                            "Actual Total Time": 630.974,
                                            "Actual Rows": 2082838,
                                            "Actual Loops": 1
                                        },
                                        {
                                            "Worker Number": 3,
                                            "Actual Startup Time": 0.071,
                                            "Actual Total Time": 634.944,
                                            "Actual Rows": 3247467,
                                            "Actual Loops": 1
                                        },
                                        {
                                            "Worker Number": 4,
                                            "Actual Startup Time": 0.063,
                                            "Actual Total Time": 635.179,
                                            "Actual Rows": 3234711,
                                            "Actual Loops": 1
                                        },
                                        {
                                            "Worker Number": 5,
                                            "Actual Startup Time": 0.063,
                                            "Actual Total Time": 631.494,
                                            "Actual Rows": 2081785,
                                            "Actual Loops": 1
                                        }
                                    ]
                                }
                            ]
                        }
                    ]
                }
            ]
        },
        "Planning Time": 240.729,
        "Triggers": [],
        "Execution Time": 825.871
    }
]