{
  "Plan": {
    "Node Type": "Aggregate",
    "Strategy": "Plain",
    "Partial Mode": "Finalize",
    "Parallel Aware": false,
    "Startup Cost": 35426.88,
    "Total Cost": 35426.89,
    "Plan Rows": 1,
    "Plan Width": 8,
    "Actual Startup Time": 104.133,
    "Actual Total Time": 119.458,
    "Actual Rows": 1,
    "Actual Loops": 1,
    "Plans": [
      {
        "Node Type": "Gather",
        "Parent Relationship": "Outer",
        "Parallel Aware": false,
        "Startup Cost": 35426.77,
        "Total Cost": 35426.88,
        "Plan Rows": 1,
        "Plan Width": 8,
        "Actual Startup Time": 103.922,
        "Actual Total Time": 119.45,
        "Actual Rows": 2,
        "Actual Loops": 1,
        "Workers Planned": 1,
        "Workers Launched": 1,
        "Single Copy": false,
        "Plans": [
          {
            "Node Type": "Aggregate",
            "Strategy": "Plain",
            "Partial Mode": "Partial",
            "Parent Relationship": "Outer",
            "Parallel Aware": false,
            "Startup Cost": 34426.77,
            "Total Cost": 34426.78,
            "Plan Rows": 1,
            "Plan Width": 8,
            "Actual Startup Time": 97.719,
            "Actual Total Time": 97.721,
            "Actual Rows": 1,
            "Actual Loops": 2,
            "Plans": [
              {
                "Node Type": "Nested Loop",
                "Parent Relationship": "Outer",
                "Parallel Aware": false,
                "Join Type": "Inner",
                "Startup Cost": 107.04,
                "Total Cost": 34415.78,
                "Plan Rows": 4396,
                "Plan Width": 0,
                "Actual Startup Time": 12.348,
                "Actual Total Time": 91.287,
                "Actual Rows": 124974,
                "Actual Loops": 2,
                "Inner Unique": false,
                "Plans": [
                  {
                    "Node Type": "Nested Loop",
                    "Parent Relationship": "Outer",
                    "Parallel Aware": false,
                    "Join Type": "Inner",
                    "Startup Cost": 106.6,
                    "Total Cost": 32239.63,
                    "Plan Rows": 752,
                    "Plan Width": 8,
                    "Actual Startup Time": 12.217,
                    "Actual Total Time": 22.816,
                    "Actual Rows": 817,
                    "Actual Loops": 2,
                    "Inner Unique": true,
                    "Plans": [
                      {
                        "Node Type": "Bitmap Heap Scan",
                        "Parent Relationship": "Outer",
                        "Parallel Aware": true,
                        "Relation Name": "movie_companies",
                        "Alias": "mc",
                        "Startup Cost": 106.17,
                        "Total Cost": 11193.06,
                        "Plan Rows": 2865,
                        "Plan Width": 4,
                        "Actual Startup Time": 1.755,
                        "Actual Total Time": 5.528,
                        "Actual Rows": 2271,
                        "Actual Loops": 2,
                        "Recheck Cond": "(company_id = 52)",
                        "Rows Removed by Index Recheck": 0,
                        "Exact Heap Blocks": 1218,
                        "Lossy Heap Blocks": 0,
                        "Plans": [
                          {
                            "Node Type": "Bitmap Index Scan",
                            "Parent Relationship": "Outer",
                            "Parallel Aware": false,
                            "Index Name": "company_id_movie_companies",
                            "Startup Cost": 0.0,
                            "Total Cost": 104.96,
                            "Plan Rows": 4870,
                            "Plan Width": 0,
                            "Actual Startup Time": 2.535,
                            "Actual Total Time": 2.535,
                            "Actual Rows": 4542,
                            "Actual Loops": 1,
                            "Index Cond": "(company_id = 52)"
                          }
                        ]
                      },
                      {
                        "Node Type": "Index Scan",
                        "Parent Relationship": "Inner",
                        "Parallel Aware": false,
                        "Scan Direction": "Forward",
                        "Index Name": "title_pkey",
                        "Relation Name": "title",
                        "Alias": "t",
                        "Startup Cost": 0.43,
                        "Total Cost": 7.35,
                        "Plan Rows": 1,
                        "Plan Width": 4,
                        "Actual Startup Time": 0.007,
                        "Actual Total Time": 0.007,
                        "Actual Rows": 0,
                        "Actual Loops": 4542,
                        "Index Cond": "(id = mc.movie_id)",
                        "Rows Removed by Index Recheck": 0,
                        "Filter": "(kind_id = 1)",
                        "Rows Removed by Filter": 1
                      }
                    ]
                  },
                  {
                    "Node Type": "Index Only Scan",
                    "Parent Relationship": "Inner",
                    "Parallel Aware": false,
                    "Scan Direction": "Forward",
                    "Index Name": "movie_id_movie_info",
                    "Relation Name": "movie_info",
                    "Alias": "mi",
                    "Startup Cost": 0.43,
                    "Total Cost": 2.47,
                    "Plan Rows": 42,
                    "Plan Width": 4,
                    "Actual Startup Time": 0.012,
                    "Actual Total Time": 0.071,
                    "Actual Rows": 153,
                    "Actual Loops": 1634,
                    "Index Cond": "(movie_id = t.id)",
                    "Rows Removed by Index Recheck": 0,
                    "Heap Fetches": 249947
                  }
                ]
              }
            ]
          }
        ]
      }
    ]
  },
  "Planning Time": 1.137,
  "Triggers": [],
  "Execution Time": 119.556
}