{
  "Plan": {
    "Node Type": "Aggregate",
    "Strategy": "Plain",
    "Partial Mode": "Finalize",
    "Parallel Aware": false,
    "Startup Cost": 118521.6,
    "Total Cost": 118521.61,
    "Plan Rows": 1,
    "Plan Width": 8,
    "Actual Startup Time": 482.195,
    "Actual Total Time": 495.425,
    "Actual Rows": 1,
    "Actual Loops": 1,
    "Plans": [
      {
        "Node Type": "Gather",
        "Parent Relationship": "Outer",
        "Parallel Aware": false,
        "Startup Cost": 118521.48,
        "Total Cost": 118521.59,
        "Plan Rows": 1,
        "Plan Width": 8,
        "Actual Startup Time": 481.265,
        "Actual Total Time": 495.419,
        "Actual Rows": 2,
        "Actual Loops": 1,
        "Workers Planned": 1,
        "Workers Launched": 1,
        "Single Copy": false,
        "Plans": [
          {
            "Node Type": "Aggregate",
            "Strategy": "Plain",
            "Partial Mode": "Partial",
            "Parent Relationship": "Outer",
            "Parallel Aware": false,
            "Startup Cost": 117521.48,
            "Total Cost": 117521.49,
            "Plan Rows": 1,
            "Plan Width": 8,
            "Actual Startup Time": 475.494,
            "Actual Total Time": 475.498,
            "Actual Rows": 1,
            "Actual Loops": 2,
            "Plans": [
              {
                "Node Type": "Hash Join",
                "Parent Relationship": "Outer",
                "Parallel Aware": true,
                "Join Type": "Inner",
                "Startup Cost": 56651.57,
                "Total Cost": 117116.2,
                "Plan Rows": 162115,
                "Plan Width": 0,
                "Actual Startup Time": 204.203,
                "Actual Total Time": 463.993,
                "Actual Rows": 229258,
                "Actual Loops": 2,
                "Inner Unique": true,
                "Hash Cond": "(mk.movie_id = t.id)",
                "Plans": [
                  {
                    "Node Type": "Seq Scan",
                    "Parent Relationship": "Outer",
                    "Parallel Aware": true,
                    "Relation Name": "movie_keyword",
                    "Alias": "mk",
                    "Startup Cost": 0.0,
                    "Total Cost": 57718.19,
                    "Plan Rows": 1046260,
                    "Plan Width": 4,
                    "Actual Startup Time": 0.785,
                    "Actual Total Time": 204.878,
                    "Actual Rows": 898638,
                    "Actual Loops": 2,
                    "Filter": "(keyword_id > 7759)",
                    "Rows Removed by Filter": 1363328
                  },
                  {
                    "Node Type": "Hash",
                    "Parent Relationship": "Inner",
                    "Parallel Aware": true,
                    "Startup Cost": 53771.05,
                    "Total Cost": 53771.05,
                    "Plan Rows": 230442,
                    "Plan Width": 4,
                    "Actual Startup Time": 143.885,
                    "Actual Total Time": 143.887,
                    "Actual Rows": 144846,
                    "Actual Loops": 2,
                    "Hash Buckets": 524288,
                    "Original Hash Buckets": 524288,
                    "Hash Batches": 1,
                    "Original Hash Batches": 1,
                    "Peak Memory Usage": 15456,
                    "Plans": [
                      {
                        "Node Type": "Bitmap Heap Scan",
                        "Parent Relationship": "Outer",
                        "Parallel Aware": true,
                        "Relation Name": "title",
                        "Alias": "t",
                        "Startup Cost": 11920.79,
                        "Total Cost": 53771.05,
                        "Plan Rows": 230442,
                        "Plan Width": 4,
                        "Actual Startup Time": 36.02,
                        "Actual Total Time": 107.224,
                        "Actual Rows": 144846,
                        "Actual Loops": 2,
                        "Recheck Cond": "(kind_id = 1)",
                        "Rows Removed by Index Recheck": 0,
                        "Filter": "(production_year > 1998)",
                        "Rows Removed by Filter": 186566,
                        "Exact Heap Blocks": 9146,
                        "Lossy Heap Blocks": 0,
                        "Plans": [
                          {
                            "Node Type": "Bitmap Index Scan",
                            "Parent Relationship": "Outer",
                            "Parallel Aware": false,
                            "Index Name": "kind_id_title",
                            "Startup Cost": 0.0,
                            "Total Cost": 11822.85,
                            "Plan Rows": 663256,
                            "Plan Width": 0,
                            "Actual Startup Time": 34.153,
                            "Actual Total Time": 34.154,
                            "Actual Rows": 662825,
                            "Actual Loops": 1,
                            "Index Cond": "(kind_id = 1)"
                          }
                        ]
                      }
                    ]
                  }
                ]
              }
            ]
          }
        ]
      }
    ]
  },
  "Planning Time": 0.675,
  "Triggers": [],
  "Execution Time": 495.51
}