{
  "Plan": {
    "Node Type": "Aggregate",
    "Strategy": "Plain",
    "Partial Mode": "Finalize",
    "Parallel Aware": false,
    "Startup Cost": 606544.39,
    "Total Cost": 606544.4,
    "Plan Rows": 1,
    "Plan Width": 8,
    "Actual Startup Time": 2937.468,
    "Actual Total Time": 2993.257,
    "Actual Rows": 1,
    "Actual Loops": 1,
    "Plans": [
      {
        "Node Type": "Gather",
        "Parent Relationship": "Outer",
        "Parallel Aware": false,
        "Startup Cost": 606544.28,
        "Total Cost": 606544.39,
        "Plan Rows": 1,
        "Plan Width": 8,
        "Actual Startup Time": 2936.241,
        "Actual Total Time": 2993.249,
        "Actual Rows": 2,
        "Actual Loops": 1,
        "Workers Planned": 1,
        "Workers Launched": 1,
        "Single Copy": false,
        "Plans": [
          {
            "Node Type": "Aggregate",
            "Strategy": "Plain",
            "Partial Mode": "Partial",
            "Parent Relationship": "Outer",
            "Parallel Aware": false,
            "Startup Cost": 605544.28,
            "Total Cost": 605544.29,
            "Plan Rows": 1,
            "Plan Width": 8,
            "Actual Startup Time": 2930.806,
            "Actual Total Time": 2930.809,
            "Actual Rows": 1,
            "Actual Loops": 2,
            "Plans": [
              {
                "Node Type": "Hash Join",
                "Parent Relationship": "Outer",
                "Parallel Aware": true,
                "Join Type": "Inner",
                "Startup Cost": 59739.61,
                "Total Cost": 599962.08,
                "Plan Rows": 2232877,
                "Plan Width": 0,
                "Actual Startup Time": 747.694,
                "Actual Total Time": 2874.683,
                "Actual Rows": 1348786,
                "Actual Loops": 2,
                "Inner Unique": true,
                "Hash Cond": "(ci.movie_id = t.id)",
                "Plans": [
                  {
                    "Node Type": "Seq Scan",
                    "Parent Relationship": "Outer",
                    "Parallel Aware": true,
                    "Relation Name": "cast_info",
                    "Alias": "ci",
                    "Startup Cost": 0.0,
                    "Total Cost": 519069.44,
                    "Plan Rows": 8058284,
                    "Plan Width": 4,
                    "Actual Startup Time": 517.585,
                    "Actual Total Time": 1319.179,
                    "Actual Rows": 6834816,
                    "Actual Loops": 2,
                    "Filter": "(person_id > 2303097)",
                    "Rows Removed by Filter": 11287356
                  },
                  {
                    "Node Type": "Hash",
                    "Parent Relationship": "Inner",
                    "Parallel Aware": true,
                    "Startup Cost": 54588.39,
                    "Total Cost": 54588.39,
                    "Plan Rows": 412098,
                    "Plan Width": 4,
                    "Actual Startup Time": 224.498,
                    "Actual Total Time": 224.499,
                    "Actual Rows": 353593,
                    "Actual Loops": 2,
                    "Hash Buckets": 1048576,
                    "Original Hash Buckets": 1048576,
                    "Hash Batches": 1,
                    "Original Hash Batches": 1,
                    "Peak Memory Usage": 35872,
                    "Plans": [
                      {
                        "Node Type": "Seq Scan",
                        "Parent Relationship": "Outer",
                        "Parallel Aware": true,
                        "Relation Name": "title",
                        "Alias": "t",
                        "Startup Cost": 0.0,
                        "Total Cost": 54588.39,
                        "Plan Rows": 412098,
                        "Plan Width": 4,
                        "Actual Startup Time": 0.02,
                        "Actual Total Time": 140.347,
                        "Actual Rows": 353593,
                        "Actual Loops": 2,
                        "Filter": "(production_year < 1991)",
                        "Rows Removed by Filter": 910563
                      }
                    ]
                  }
                ]
              }
            ]
          }
        ]
      }
    ]
  },
  "Planning Time": 0.265,
  "Triggers": [],
  "Execution Time": 2993.303
}