[
  {
    "Plan": {
      "Node Type": "Aggregate",
      "Strategy": "Plain",
      "Partial Mode": "Finalize",
      "Parallel Aware": false,
      "Startup Cost": 393293.96,
      "Total Cost": 393293.97,
      "Plan Rows": 1,
      "Plan Width": 8,
      "Actual Startup Time": 580.331,
      "Actual Total Time": 616.906,
      "Actual Rows": 1,
      "Actual Loops": 1,
      "Plans": [
        {
          "Node Type": "Gather",
          "Parent Relationship": "Outer",
          "Parallel Aware": false,
          "Startup Cost": 393293.33,
          "Total Cost": 393293.94,
          "Plan Rows": 6,
          "Plan Width": 8,
          "Actual Startup Time": 572.217,
          "Actual Total Time": 616.897,
          "Actual Rows": 7,
          "Actual Loops": 1,
          "Workers Planned": 6,
          "Workers Launched": 6,
          "Single Copy": false,
          "Plans": [
            {
              "Node Type": "Aggregate",
              "Strategy": "Plain",
              "Partial Mode": "Partial",
              "Parent Relationship": "Outer",
              "Parallel Aware": false,
              "Startup Cost": 392293.33,
              "Total Cost": 392293.34,
              "Plan Rows": 1,
              "Plan Width": 8,
              "Actual Startup Time": 561.638,
              "Actual Total Time": 561.642,
              "Actual Rows": 1,
              "Actual Loops": 7,
              "Plans": [
                {
                  "Node Type": "Hash Join",
                  "Parent Relationship": "Outer",
                  "Parallel Aware": true,
                  "Join Type": "Inner",
                  "Startup Cost": 46982.71,
                  "Total Cost": 391167.41,
                  "Plan Rows": 450370,
                  "Plan Width": 0,
                  "Actual Startup Time": 501.276,
                  "Actual Total Time": 559.622,
                  "Actual Rows": 39531,
                  "Actual Loops": 7,
                  "Inner Unique": true,
                  "Hash Cond": "(ci.movie_id = t.id)",
                  "Plans": [
                    {
                      "Node Type": "Index Scan",
                      "Parent Relationship": "Outer",
                      "Parallel Aware": true,
                      "Scan Direction": "Forward",
                      "Index Name": "role_id_cast_info",
                      "Relation Name": "cast_info",
                      "Alias": "ci",
                      "Startup Cost": 0.56,
                      "Total Cost": 341155.22,
                      "Plan Rows": 1154301,
                      "Plan Width": 4,
                      "Actual Startup Time": 354.32,
                      "Actual Total Time": 375.844,
                      "Actual Rows": 92676,
                      "Actual Loops": 7,
                      "Index Cond": "(role_id = 1)",
                      "Rows Removed by Index Recheck": 0,
                      "Filter": "(person_id > 1649593)",
                      "Rows Removed by Filter": 1717423
                    },
                    {
                      "Node Type": "Hash",
                      "Parent Relationship": "Inner",
                      "Parallel Aware": true,
                      "Startup Cost": 43899.32,
                      "Total Cost": 43899.32,
                      "Plan Rows": 246626,
                      "Plan Width": 4,
                      "Actual Startup Time": 143.972,
                      "Actual Total Time": 143.973,
                      "Actual Rows": 140721,
                      "Actual Loops": 7,
                      "Hash Buckets": 1048576,
                      "Original Hash Buckets": 1048576,
                      "Hash Batches": 1,
                      "Original Hash Batches": 1,
                      "Peak Memory Usage": 46816,
                      "Plans": [
                        {
                          "Node Type": "Seq Scan",
                          "Parent Relationship": "Outer",
                          "Parallel Aware": true,
                          "Relation Name": "title",
                          "Alias": "t",
                          "Startup Cost": 0.0,
                          "Total Cost": 43899.32,
                          "Plan Rows": 246626,
                          "Plan Width": 4,
                          "Actual Startup Time": 0.046,
                          "Actual Total Time": 78.054,
                          "Actual Rows": 140721,
                          "Actual Loops": 7,
                          "Filter": "(kind_id < 7)",
                          "Rows Removed by Filter": 220466
                        }
                      ]
                    }
                  ]
                }
              ]
            }
          ]
        }
      ]
    },
    "Planning Time": 0.538,
    "Triggers": [],
    "Execution Time": 616.989
  }
]