[
    {
        "Bao": {
            "Bao prediction": "NaN",
            "Bao recommended hint": "(no hint)"
        }
    },
    {
        "Plan": {
            "Node Type": "Aggregate",
            "Strategy": "Plain",
            "Partial Mode": "Finalize",
            "Parallel Aware": false,
            "Startup Cost": 33373.51,
            "Total Cost": 33373.52,
            "Plan Rows": 1,
            "Plan Width": 8,
            "Actual Startup Time": 111.865,
            "Actual Total Time": 118.247,
            "Actual Rows": 1,
            "Actual Loops": 1,
            "Output": [
                "count(*)"
            ],
            "Plans": [
                {
                    "Node Type": "Gather",
                    "Parent Relationship": "Outer",
                    "Parallel Aware": false,
                    "Startup Cost": 33373.19,
                    "Total Cost": 33373.5,
                    "Plan Rows": 3,
                    "Plan Width": 8,
                    "Actual Startup Time": 111.779,
                    "Actual Total Time": 118.238,
                    "Actual Rows": 4,
                    "Actual Loops": 1,
                    "Output": [
                        "(PARTIAL count(*))"
                    ],
                    "Workers Planned": 3,
                    "Workers Launched": 3,
                    "Single Copy": false,
                    "Plans": [
                        {
                            "Node Type": "Aggregate",
                            "Strategy": "Plain",
                            "Partial Mode": "Partial",
                            "Parent Relationship": "Outer",
                            "Parallel Aware": false,
                            "Startup Cost": 32373.19,
                            "Total Cost": 32373.2,
                            "Plan Rows": 1,
                            "Plan Width": 8,
                            "Actual Startup Time": 102.34,
                            "Actual Total Time": 102.341,
                            "Actual Rows": 1,
                            "Actual Loops": 4,
                            "Output": [
                                "PARTIAL count(*)"
                            ],
                            "Workers": [
                                {
                                    "Worker Number": 0,
                                    "Actual Startup Time": 99.055,
                                    "Actual Total Time": 99.056,
                                    "Actual Rows": 1,
                                    "Actual Loops": 1
                                },
                                {
                                    "Worker Number": 1,
                                    "Actual Startup Time": 99.053,
                                    "Actual Total Time": 99.054,
                                    "Actual Rows": 1,
                                    "Actual Loops": 1
                                },
                                {
                                    "Worker Number": 2,
                                    "Actual Startup Time": 100.186,
                                    "Actual Total Time": 100.187,
                                    "Actual Rows": 1,
                                    "Actual Loops": 1
                                }
                            ],
                            "Plans": [
                                {
                                    "Node Type": "Seq Scan",
                                    "Parent Relationship": "Outer",
                                    "Parallel Aware": true,
                                    "Relation Name": "movie_companies",
                                    "Schema": "public",
                                    "Alias": "mc",
                                    "Startup Cost": 0.0,
                                    "Total Cost": 31414.82,
                                    "Plan Rows": 383349,
                                    "Plan Width": 0,
                                    "Actual Startup Time": 51.421,
                                    "Actual Total Time": 90.554,
                                    "Actual Rows": 263251,
                                    "Actual Loops": 4,
                                    "Output": [
                                        "id",
                                        "movie_id",
                                        "company_id",
                                        "company_type_id",
                                        "note"
                                    ],
                                    "Filter": "((mc.company_id < 95714) AND (mc.company_type_id = 2))",
                                    "Rows Removed by Filter": 389032,
                                    "Workers": [
                                        {
                                            "Worker Number": 0,
                                            "Actual Startup Time": 48.141,
                                            "Actual Total Time": 87.533,
                                            "Actual Rows": 281454,
                                            "Actual Loops": 1
                                        },
                                        {
                                            "Worker Number": 1,
                                            "Actual Startup Time": 48.142,
                                            "Actual Total Time": 87.506,
                                            "Actual Rows": 282727,
                                            "Actual Loops": 1
                                        },
                                        {
                                            "Worker Number": 2,
                                            "Actual Startup Time": 49.27,
                                            "Actual Total Time": 89.027,
                                            "Actual Rows": 275257,
                                            "Actual Loops": 1
                                        }
                                    ]
                                }
                            ]
                        }
                    ]
                }
            ]
        },
        "Planning Time": 295.088,
        "Triggers": [],
        "Execution Time": 118.356
    }
]