[
  {
    "Plan": {
      "Node Type": "Aggregate",
      "Strategy": "Plain",
      "Partial Mode": "Finalize",
      "Parallel Aware": false,
      "Startup Cost": 44282.28,
      "Total Cost": 44282.29,
      "Plan Rows": 1,
      "Plan Width": 8,
      "Actual Startup Time": 135.756,
      "Actual Total Time": 142.772,
      "Actual Rows": 1,
      "Actual Loops": 1,
      "Plans": [
        {
          "Node Type": "Gather",
          "Parent Relationship": "Outer",
          "Parallel Aware": false,
          "Startup Cost": 44281.97,
          "Total Cost": 44282.28,
          "Plan Rows": 3,
          "Plan Width": 8,
          "Actual Startup Time": 135.639,
          "Actual Total Time": 142.761,
          "Actual Rows": 4,
          "Actual Loops": 1,
          "Workers Planned": 3,
          "Workers Launched": 3,
          "Single Copy": false,
          "Plans": [
            {
              "Node Type": "Aggregate",
              "Strategy": "Plain",
              "Partial Mode": "Partial",
              "Parent Relationship": "Outer",
              "Parallel Aware": false,
              "Startup Cost": 43281.97,
              "Total Cost": 43281.98,
              "Plan Rows": 1,
              "Plan Width": 8,
              "Actual Startup Time": 127.091,
              "Actual Total Time": 127.092,
              "Actual Rows": 1,
              "Actual Loops": 4,
              "Plans": [
                {
                  "Node Type": "Seq Scan",
                  "Parent Relationship": "Outer",
                  "Parallel Aware": true,
                  "Relation Name": "movie_keyword",
                  "Alias": "mk",
                  "Startup Cost": 0.0,
                  "Total Cost": 42695.65,
                  "Plan Rows": 234525,
                  "Plan Width": 0,
                  "Actual Startup Time": 0.061,
                  "Actual Total Time": 116.134,
                  "Actual Rows": 181442,
                  "Actual Loops": 4,
                  "Filter": "(keyword_id < 648)",
                  "Rows Removed by Filter": 949540
                }
              ]
            }
          ]
        }
      ]
    },
    "Planning Time": 0.116,
    "Triggers": [],
    "Execution Time": 142.815
  }
]