{
  "Plan": {
    "Node Type": "Aggregate",
    "Strategy": "Plain",
    "Partial Mode": "Simple",
    "Parallel Aware": false,
    "Startup Cost": 862390.55,
    "Total Cost": 862390.56,
    "Plan Rows": 1,
    "Plan Width": 128,
    "Actual Startup Time": 5475.74,
    "Actual Total Time": 5566.289,
    "Actual Rows": 1,
    "Actual Loops": 1,
    "Plans": [
      {
        "Node Type": "Hash Join",
        "Parent Relationship": "Outer",
        "Parallel Aware": false,
        "Join Type": "Inner",
        "Startup Cost": 862389.48,
        "Total Cost": 862390.54,
        "Plan Rows": 1,
        "Plan Width": 81,
        "Actual Startup Time": 5475.666,
        "Actual Total Time": 5566.241,
        "Actual Rows": 28,
        "Actual Loops": 1,
        "Inner Unique": true,
        "Hash Cond": "(mi_idx.info_type_id = it2.id)",
        "Plans": [
          {
            "Node Type": "Hash Join",
            "Parent Relationship": "Outer",
            "Parallel Aware": false,
            "Join Type": "Inner",
            "Startup Cost": 862387.05,
            "Total Cost": 862388.11,
            "Plan Rows": 1,
            "Plan Width": 85,
            "Actual Startup Time": 5475.539,
            "Actual Total Time": 5566.104,
            "Actual Rows": 84,
            "Actual Loops": 1,
            "Inner Unique": false,
            "Hash Cond": "(cct2.id = cc.status_id)",
            "Plans": [
              {
                "Node Type": "Seq Scan",
                "Parent Relationship": "Outer",
                "Parallel Aware": false,
                "Relation Name": "comp_cast_type",
                "Alias": "cct2",
                "Startup Cost": 0.0,
                "Total Cost": 1.05,
                "Plan Rows": 1,
                "Plan Width": 4,
                "Actual Startup Time": 0.013,
                "Actual Total Time": 0.021,
                "Actual Rows": 1,
                "Actual Loops": 1,
                "Filter": "((kind)::text = 'complete+verified'::text)",
                "Rows Removed by Filter": 3
              },
              {
                "Node Type": "Hash",
                "Parent Relationship": "Inner",
                "Parallel Aware": false,
                "Startup Cost": 862387.04,
                "Total Cost": 862387.04,
                "Plan Rows": 1,
                "Plan Width": 89,
                "Actual Startup Time": 5475.494,
                "Actual Total Time": 5566.037,
                "Actual Rows": 324,
                "Actual Loops": 1,
                "Hash Buckets": 1024,
                "Original Hash Buckets": 1024,
                "Hash Batches": 1,
                "Original Hash Batches": 1,
                "Peak Memory Usage": 34,
                "Plans": [
                  {
                    "Node Type": "Hash Join",
                    "Parent Relationship": "Outer",
                    "Parallel Aware": false,
                    "Join Type": "Inner",
                    "Startup Cost": 783654.19,
                    "Total Cost": 862387.04,
                    "Plan Rows": 1,
                    "Plan Width": 89,
                    "Actual Startup Time": 5269.877,
                    "Actual Total Time": 5565.922,
                    "Actual Rows": 324,
                    "Actual Loops": 1,
                    "Inner Unique": false,
                    "Hash Cond": "(t.id = mi.movie_id)",
                    "Plans": [
                      {
                        "Node Type": "Gather",
                        "Parent Relationship": "Outer",
                        "Parallel Aware": false,
                        "Startup Cost": 403013.08,
                        "Total Cost": 481736.27,
                        "Plan Rows": 2573,
                        "Plan Width": 40,
                        "Actual Startup Time": 2155.824,
                        "Actual Total Time": 2473.919,
                        "Actual Rows": 337,
                        "Actual Loops": 1,
                        "Workers Planned": 4,
                        "Workers Launched": 2,
                        "Single Copy": false,
                        "Plans": [
                          {
                            "Node Type": "Hash Join",
                            "Parent Relationship": "Outer",
                            "Parallel Aware": true,
                            "Join Type": "Inner",
                            "Startup Cost": 402013.08,
                            "Total Cost": 480478.97,
                            "Plan Rows": 643,
                            "Plan Width": 40,
                            "Actual Startup Time": 2146.054,
                            "Actual Total Time": 2367.705,
                            "Actual Rows": 112,
                            "Actual Loops": 3,
                            "Inner Unique": false,
                            "Hash Cond": "(n.id = ci.person_id)",
                            "Plans": [
                              {
                                "Node Type": "Seq Scan",
                                "Parent Relationship": "Outer",
                                "Parallel Aware": true,
                                "Relation Name": "name",
                                "Alias": "n",
                                "Startup Cost": 0.0,
                                "Total Cost": 68636.05,
                                "Plan Rows": 436810,
                                "Plan Width": 19,
                                "Actual Startup Time": 0.026,
                                "Actual Total Time": 192.303,
                                "Actual Rows": 579860,
                                "Actual Loops": 3,
                                "Filter": "((gender)::text = 'm'::text)",
                                "Rows Removed by Filter": 809304
                              },
                              {
                                "Node Type": "Hash",
                                "Parent Relationship": "Inner",
                                "Parallel Aware": true,
                                "Startup Cost": 401993.91,
                                "Total Cost": 401993.91,
                                "Plan Rows": 1534,
                                "Plan Width": 29,
                                "Actual Startup Time": 2140.305,
                                "Actual Total Time": 2140.31,
                                "Actual Rows": 212,
                                "Actual Loops": 3,
                                "Hash Buckets": 8192,
                                "Original Hash Buckets": 8192,
                                "Hash Batches": 1,
                                "Original Hash Batches": 1,
                                "Peak Memory Usage": 160,
                                "Plans": [
                                  {
                                    "Node Type": "Hash Join",
                                    "Parent Relationship": "Outer",
                                    "Parallel Aware": true,
                                    "Join Type": "Inner",
                                    "Startup Cost": 353317.57,
                                    "Total Cost": 401993.91,
                                    "Plan Rows": 1534,
                                    "Plan Width": 29,
                                    "Actual Startup Time": 1960.367,
                                    "Actual Total Time": 2139.23,
                                    "Actual Rows": 212,
                                    "Actual Loops": 3,
                                    "Inner Unique": false,
                                    "Hash Cond": "(t.id = ci.movie_id)",
                                    "Plans": [
                                      {
                                        "Node Type": "Seq Scan",
                                        "Parent Relationship": "Outer",
                                        "Parallel Aware": true,
                                        "Relation Name": "title",
                                        "Alias": "t",
                                        "Startup Cost": 0.0,
                                        "Total Cost": 48640.54,
                                        "Plan Rows": 3323,
                                        "Plan Width": 21,
                                        "Actual Startup Time": 1.51,
                                        "Actual Total Time": 183.548,
                                        "Actual Rows": 178,
                                        "Actual Loops": 3,
                                        "Filter": "((production_year > 2000) AND ((title ~~ '%Freddy%'::text) OR (title ~~ '%Jason%'::text) OR (title ~~ 'Saw%'::text)))",
                                        "Rows Removed by Filter": 842593
                                      },
                                      {
                                        "Node Type": "Hash",
                                        "Parent Relationship": "Inner",
                                        "Parallel Aware": true,
                                        "Startup Cost": 350885.27,
                                        "Total Cost": 350885.27,
                                        "Plan Rows": 194584,
                                        "Plan Width": 8,
                                        "Actual Startup Time": 1946.583,
                                        "Actual Total Time": 1946.584,
                                        "Actual Rows": 414905,
                                        "Actual Loops": 3,
                                        "Hash Buckets": 2097152,
                                        "Original Hash Buckets": 2097152,
                                        "Hash Batches": 1,
                                        "Original Hash Batches": 1,
                                        "Peak Memory Usage": 65120,
                                        "Plans": [
                                          {
                                            "Node Type": "Seq Scan",
                                            "Parent Relationship": "Outer",
                                            "Parallel Aware": true,
                                            "Relation Name": "cast_info",
                                            "Alias": "ci",
                                            "Startup Cost": 0.0,
                                            "Total Cost": 350885.27,
                                            "Plan Rows": 194584,
                                            "Plan Width": 8,
                                            "Actual Startup Time": 150.426,
                                            "Actual Total Time": 1785.431,
                                            "Actual Rows": 414905,
                                            "Actual Loops": 3,
                                            "Filter": "(note = ANY ('{(writer),\"(head writer)\",\"(written by)\",(story),\"(story editor)\"}'::text[]))",
                                            "Rows Removed by Filter": 11666543
                                          }
                                        ]
                                      }
                                    ]
                                  }
                                ]
                              }
                            ]
                          }
                        ]
                      },
                      {
                        "Node Type": "Hash",
                        "Parent Relationship": "Inner",
                        "Parallel Aware": false,
                        "Startup Cost": 380641.09,
                        "Total Cost": 380641.09,
                        "Plan Rows": 1,
                        "Plan Width": 73,
                        "Actual Startup Time": 3091.468,
                        "Actual Total Time": 3091.781,
                        "Actual Rows": 52570,
                        "Actual Loops": 1,
                        "Hash Buckets": 65536,
                        "Original Hash Buckets": 1024,
                        "Hash Batches": 1,
                        "Original Hash Batches": 1,
                        "Peak Memory Usage": 4322,
                        "Plans": [
                          {
                            "Node Type": "Hash Join",
                            "Parent Relationship": "Outer",
                            "Parallel Aware": false,
                            "Join Type": "Inner",
                            "Startup Cost": 380542.13,
                            "Total Cost": 380641.09,
                            "Plan Rows": 1,
                            "Plan Width": 73,
                            "Actual Startup Time": 3053.323,
                            "Actual Total Time": 3078.379,
                            "Actual Rows": 52570,
                            "Actual Loops": 1,
                            "Inner Unique": false,
                            "Hash Cond": "(mi.movie_id = mi_idx.movie_id)",
                            "Plans": [
                              {
                                "Node Type": "Hash Join",
                                "Parent Relationship": "Outer",
                                "Parallel Aware": false,
                                "Join Type": "Inner",
                                "Startup Cost": 208081.79,
                                "Total Cost": 208178.41,
                                "Plan Rows": 623,
                                "Plan Width": 47,
                                "Actual Startup Time": 558.93,
                                "Actual Total Time": 565.046,
                                "Actual Rows": 72258,
                                "Actual Loops": 1,
                                "Inner Unique": false,
                                "Hash Cond": "(it1.id = mi.info_type_id)",
                                "Plans": [
                                  {
                                    "Node Type": "Seq Scan",
                                    "Parent Relationship": "Outer",
                                    "Parallel Aware": false,
                                    "Relation Name": "info_type",
                                    "Alias": "it1",
                                    "Startup Cost": 0.0,
                                    "Total Cost": 2.41,
                                    "Plan Rows": 1,
                                    "Plan Width": 4,
                                    "Actual Startup Time": 0.019,
                                    "Actual Total Time": 0.034,
                                    "Actual Rows": 1,
                                    "Actual Loops": 1,
                                    "Filter": "((info)::text = 'genres'::text)",
                                    "Rows Removed by Filter": 112
                                  },
                                  {
                                    "Node Type": "Hash",
                                    "Parent Relationship": "Inner",
                                    "Parallel Aware": false,
                                    "Startup Cost": 207202.07,
                                    "Total Cost": 207202.07,
                                    "Plan Rows": 70378,
                                    "Plan Width": 51,
                                    "Actual Startup Time": 558.291,
                                    "Actual Total Time": 558.584,
                                    "Actual Rows": 73047,
                                    "Actual Loops": 1,
                                    "Hash Buckets": 131072,
                                    "Original Hash Buckets": 131072,
                                    "Hash Batches": 1,
                                    "Original Hash Batches": 1,
                                    "Peak Memory Usage": 4614,
                                    "Plans": [
                                      {
                                        "Node Type": "Gather",
                                        "Parent Relationship": "Outer",
                                        "Parallel Aware": false,
                                        "Startup Cost": 1000.0,
                                        "Total Cost": 207202.07,
                                        "Plan Rows": 70378,
                                        "Plan Width": 51,
                                        "Actual Startup Time": 354.132,
                                        "Actual Total Time": 548.009,
                                        "Actual Rows": 73047,
                                        "Actual Loops": 1,
                                        "Workers Planned": 5,
                                        "Workers Launched": 5,
                                        "Single Copy": false,
                                        "Plans": [
                                          {
                                            "Node Type": "Seq Scan",
                                            "Parent Relationship": "Outer",
                                            "Parallel Aware": true,
                                            "Relation Name": "movie_info",
                                            "Alias": "mi",
                                            "Startup Cost": 0.0,
                                            "Total Cost": 199164.27,
                                            "Plan Rows": 14076,
                                            "Plan Width": 51,
                                            "Actual Startup Time": 344.212,
                                            "Actual Total Time": 537.805,
                                            "Actual Rows": 12174,
                                            "Actual Loops": 6,
                                            "Filter": "(info = ANY ('{Horror,Thriller}'::text[]))",
                                            "Rows Removed by Filter": 2460446
                                          }
                                        ]
                                      }
                                    ]
                                  }
                                ]
                              },
                              {
                                "Node Type": "Hash",
                                "Parent Relationship": "Inner",
                                "Parallel Aware": false,
                                "Startup Cost": 172458.99,
                                "Total Cost": 172458.99,
                                "Plan Rows": 108,
                                "Plan Width": 26,
                                "Actual Startup Time": 2494.305,
                                "Actual Total Time": 2494.319,
                                "Actual Rows": 107001,
                                "Actual Loops": 1,
                                "Hash Buckets": 131072,
                                "Original Hash Buckets": 1024,
                                "Hash Batches": 1,
                                "Original Hash Batches": 1,
                                "Peak Memory Usage": 7227,
                                "Plans": [
                                  {
                                    "Node Type": "Hash Join",
                                    "Parent Relationship": "Outer",
                                    "Parallel Aware": false,
                                    "Join Type": "Inner",
                                    "Startup Cost": 172449.77,
                                    "Total Cost": 172458.99,
                                    "Plan Rows": 108,
                                    "Plan Width": 26,
                                    "Actual Startup Time": 2445.607,
                                    "Actual Total Time": 2473.359,
                                    "Actual Rows": 107001,
                                    "Actual Loops": 1,
                                    "Inner Unique": false,
                                    "Hash Cond": "(mk.movie_id = mi_idx.movie_id)",
                                    "Plans": [
                                      {
                                        "Node Type": "Hash Join",
                                        "Parent Relationship": "Outer",
                                        "Parallel Aware": false,
                                        "Join Type": "Inner",
                                        "Startup Cost": 133463.98,
                                        "Total Cost": 133467.19,
                                        "Plan Rows": 163,
                                        "Plan Width": 12,
                                        "Actual Startup Time": 1799.689,
                                        "Actual Total Time": 1802.988,
                                        "Actual Rows": 36010,
                                        "Actual Loops": 1,
                                        "Inner Unique": false,
                                        "Hash Cond": "(cct1.id = cc.subject_id)",
                                        "Plans": [
                                          {
                                            "Node Type": "Seq Scan",
                                            "Parent Relationship": "Outer",
                                            "Parallel Aware": false,
                                            "Relation Name": "comp_cast_type",
                                            "Alias": "cct1",
                                            "Startup Cost": 0.0,
                                            "Total Cost": 1.05,
                                            "Plan Rows": 2,
                                            "Plan Width": 4,
                                            "Actual Startup Time": 0.024,
                                            "Actual Total Time": 0.029,
                                            "Actual Rows": 2,
                                            "Actual Loops": 1,
                                            "Filter": "((kind)::text = ANY ('{cast,crew}'::text[]))",
                                            "Rows Removed by Filter": 2
                                          },
                                          {
                                            "Node Type": "Hash",
                                            "Parent Relationship": "Inner",
                                            "Parallel Aware": false,
                                            "Startup Cost": 133459.89,
                                            "Total Cost": 133459.89,
                                            "Plan Rows": 327,
                                            "Plan Width": 16,
                                            "Actual Startup Time": 1799.631,
                                            "Actual Total Time": 1799.638,
                                            "Actual Rows": 36010,
                                            "Actual Loops": 1,
                                            "Hash Buckets": 65536,
                                            "Original Hash Buckets": 1024,
                                            "Hash Batches": 1,
                                            "Original Hash Batches": 1,
                                            "Peak Memory Usage": 2200,
                                            "Plans": [
                                              {
                                                "Node Type": "Hash Join",
                                                "Parent Relationship": "Outer",
                                                "Parallel Aware": false,
                                                "Join Type": "Inner",
                                                "Startup Cost": 130361.62,
                                                "Total Cost": 133459.89,
                                                "Plan Rows": 327,
                                                "Plan Width": 16,
                                                "Actual Startup Time": 1764.0,
                                                "Actual Total Time": 1793.734,
                                                "Actual Rows": 36010,
                                                "Actual Loops": 1,
                                                "Inner Unique": false,
                                                "Hash Cond": "(cc.movie_id = mk.movie_id)",
                                                "Plans": [
                                                  {
                                                    "Node Type": "Seq Scan",
                                                    "Parent Relationship": "Outer",
                                                    "Parallel Aware": false,
                                                    "Relation Name": "complete_cast",
                                                    "Alias": "cc",
                                                    "Startup Cost": 0.0,
                                                    "Total Cost": 2081.86,
                                                    "Plan Rows": 135086,
                                                    "Plan Width": 12,
                                                    "Actual Startup Time": 0.033,
                                                    "Actual Total Time": 10.553,
                                                    "Actual Rows": 135086,
                                                    "Actual Loops": 1
                                                  },
                                                  {
                                                    "Node Type": "Hash",
                                                    "Parent Relationship": "Inner",
                                                    "Parallel Aware": false,
                                                    "Startup Cost": 130358.67,
                                                    "Total Cost": 130358.67,
                                                    "Plan Rows": 236,
                                                    "Plan Width": 4,
                                                    "Actual Startup Time": 1763.938,
                                                    "Actual Total Time": 1763.942,
                                                    "Actual Rows": 76714,
                                                    "Actual Loops": 1,
                                                    "Hash Buckets": 131072,
                                                    "Original Hash Buckets": 1024,
                                                    "Hash Batches": 1,
                                                    "Original Hash Batches": 1,
                                                    "Peak Memory Usage": 3721,
                                                    "Plans": [
                                                      {
                                                        "Node Type": "Hash Join",
                                                        "Parent Relationship": "Outer",
                                                        "Parallel Aware": false,
                                                        "Join Type": "Inner",
                                                        "Startup Cost": 126242.43,
                                                        "Total Cost": 130358.67,
                                                        "Plan Rows": 236,
                                                        "Plan Width": 4,
                                                        "Actual Startup Time": 1714.875,
                                                        "Actual Total Time": 1753.993,
                                                        "Actual Rows": 76714,
                                                        "Actual Loops": 1,
                                                        "Inner Unique": false,
                                                        "Hash Cond": "(k.id = mk.keyword_id)",
                                                        "Plans": [
                                                          {
                                                            "Node Type": "Seq Scan",
                                                            "Parent Relationship": "Outer",
                                                            "Parallel Aware": false,
                                                            "Relation Name": "keyword",
                                                            "Alias": "k",
                                                            "Startup Cost": 0.0,
                                                            "Total Cost": 3464.69,
                                                            "Plan Rows": 7,
                                                            "Plan Width": 4,
                                                            "Actual Startup Time": 0.84,
                                                            "Actual Total Time": 20.498,
                                                            "Actual Rows": 7,
                                                            "Actual Loops": 1,
                                                            "Filter": "(keyword = ANY ('{murder,violence,blood,gore,death,female-nudity,hospital}'::text[]))",
                                                            "Rows Removed by Filter": 134163
                                                          },
                                                          {
                                                            "Node Type": "Hash",
                                                            "Parent Relationship": "Inner",
                                                            "Parallel Aware": false,
                                                            "Startup Cost": 69693.3,
                                                            "Total Cost": 69693.3,
                                                            "Plan Rows": 4523930,
                                                            "Plan Width": 8,
                                                            "Actual Startup Time": 1660.305,
                                                            "Actual Total Time": 1660.306,
                                                            "Actual Rows": 4523930,
                                                            "Actual Loops": 1,
                                                            "Hash Buckets": 8388608,
                                                            "Original Hash Buckets": 8388608,
                                                            "Hash Batches": 1,
                                                            "Original Hash Batches": 1,
                                                            "Peak Memory Usage": 242253,
                                                            "Plans": [
                                                              {
                                                                "Node Type": "Seq Scan",
                                                                "Parent Relationship": "Outer",
                                                                "Parallel Aware": false,
                                                                "Relation Name": "movie_keyword",
                                                                "Alias": "mk",
                                                                "Startup Cost": 0.0,
                                                                "Total Cost": 69693.3,
                                                                "Plan Rows": 4523930,
                                                                "Plan Width": 8,
                                                                "Actual Startup Time": 0.041,
                                                                "Actual Total Time": 606.348,
                                                                "Actual Rows": 4523930,
                                                                "Actual Loops": 1
                                                              }
                                                            ]
                                                          }
                                                        ]
                                                      }
                                                    ]
                                                  }
                                                ]
                                              }
                                            ]
                                          }
                                        ]
                                      },
                                      {
                                        "Node Type": "Hash",
                                        "Parent Relationship": "Inner",
                                        "Parallel Aware": false,
                                        "Startup Cost": 21735.35,
                                        "Total Cost": 21735.35,
                                        "Plan Rows": 1380035,
                                        "Plan Width": 14,
                                        "Actual Startup Time": 634.1,
                                        "Actual Total Time": 634.101,
                                        "Actual Rows": 1380035,
                                        "Actual Loops": 1,
                                        "Hash Buckets": 2097152,
                                        "Original Hash Buckets": 2097152,
                                        "Hash Batches": 1,
                                        "Original Hash Batches": 1,
                                        "Peak Memory Usage": 79357,
                                        "Plans": [
                                          {
                                            "Node Type": "Seq Scan",
                                            "Parent Relationship": "Outer",
                                            "Parallel Aware": false,
                                            "Relation Name": "movie_info_idx",
                                            "Alias": "mi_idx",
                                            "Startup Cost": 0.0,
                                            "Total Cost": 21735.35,
                                            "Plan Rows": 1380035,
                                            "Plan Width": 14,
                                            "Actual Startup Time": 0.051,
                                            "Actual Total Time": 245.776,
                                            "Actual Rows": 1380035,
                                            "Actual Loops": 1
                                          }
                                        ]
                                      }
                                    ]
                                  }
                                ]
                              }
                            ]
                          }
                        ]
                      }
                    ]
                  }
                ]
              }
            ]
          },
          {
            "Node Type": "Hash",
            "Parent Relationship": "Inner",
            "Parallel Aware": false,
            "Startup Cost": 2.41,
            "Total Cost": 2.41,
            "Plan Rows": 1,
            "Plan Width": 4,
            "Actual Startup Time": 0.052,
            "Actual Total Time": 0.053,
            "Actual Rows": 1,
            "Actual Loops": 1,
            "Hash Buckets": 1024,
            "Original Hash Buckets": 1024,
            "Hash Batches": 1,
            "Original Hash Batches": 1,
            "Peak Memory Usage": 9,
            "Plans": [
              {
                "Node Type": "Seq Scan",
                "Parent Relationship": "Outer",
                "Parallel Aware": false,
                "Relation Name": "info_type",
                "Alias": "it2",
                "Startup Cost": 0.0,
                "Total Cost": 2.41,
                "Plan Rows": 1,
                "Plan Width": 4,
                "Actual Startup Time": 0.04,
                "Actual Total Time": 0.042,
                "Actual Rows": 1,
                "Actual Loops": 1,
                "Filter": "((info)::text = 'votes'::text)",
                "Rows Removed by Filter": 112
              }
            ]
          }
        ]
      }
    ]
  },
  "Planning Time": 101.533,
  "Triggers": [],
  "Execution Time": 5581.562
}