[
  {
    "Plan": {
      "Node Type": "Aggregate",
      "Strategy": "Plain",
      "Partial Mode": "Finalize",
      "Parallel Aware": false,
      "Startup Cost": 30765.12,
      "Total Cost": 30765.13,
      "Plan Rows": 1,
      "Plan Width": 8,
      "Actual Startup Time": 93.777,
      "Actual Total Time": 99.125,
      "Actual Rows": 1,
      "Actual Loops": 1,
      "Plans": [
        {
          "Node Type": "Gather",
          "Parent Relationship": "Outer",
          "Parallel Aware": false,
          "Startup Cost": 30764.81,
          "Total Cost": 30765.12,
          "Plan Rows": 3,
          "Plan Width": 8,
          "Actual Startup Time": 93.649,
          "Actual Total Time": 99.118,
          "Actual Rows": 4,
          "Actual Loops": 1,
          "Workers Planned": 3,
          "Workers Launched": 3,
          "Single Copy": false,
          "Plans": [
            {
              "Node Type": "Aggregate",
              "Strategy": "Plain",
              "Partial Mode": "Partial",
              "Parent Relationship": "Outer",
              "Parallel Aware": false,
              "Startup Cost": 29764.81,
              "Total Cost": 29764.82,
              "Plan Rows": 1,
              "Plan Width": 8,
              "Actual Startup Time": 85.82,
              "Actual Total Time": 85.822,
              "Actual Rows": 1,
              "Actual Loops": 4,
              "Plans": [
                {
                  "Node Type": "Seq Scan",
                  "Parent Relationship": "Outer",
                  "Parallel Aware": true,
                  "Relation Name": "movie_companies",
                  "Alias": "mc",
                  "Startup Cost": 0.0,
                  "Total Cost": 29310.68,
                  "Plan Rows": 181650,
                  "Plan Width": 0,
                  "Actual Startup Time": 47.101,
                  "Actual Total Time": 79.225,
                  "Actual Rows": 145857,
                  "Actual Loops": 4,
                  "Filter": "(company_id > 70994)",
                  "Rows Removed by Filter": 506426
                }
              ]
            }
          ]
        }
      ]
    },
    "Planning Time": 0.18,
    "Triggers": [],
    "Execution Time": 99.179
  }
]