[
  {
    "Plan": {
      "Node Type": "Aggregate",
      "Strategy": "Plain",
      "Partial Mode": "Finalize",
      "Parallel Aware": false,
      "Startup Cost": 78360.45,
      "Total Cost": 78360.46,
      "Plan Rows": 1,
      "Plan Width": 8,
      "Actual Startup Time": 186.376,
      "Actual Total Time": 202.933,
      "Actual Rows": 1,
      "Actual Loops": 1,
      "Plans": [
        {
          "Node Type": "Gather",
          "Parent Relationship": "Outer",
          "Parallel Aware": false,
          "Startup Cost": 78360.13,
          "Total Cost": 78360.44,
          "Plan Rows": 3,
          "Plan Width": 8,
          "Actual Startup Time": 185.949,
          "Actual Total Time": 202.924,
          "Actual Rows": 4,
          "Actual Loops": 1,
          "Workers Planned": 3,
          "Workers Launched": 3,
          "Single Copy": false,
          "Plans": [
            {
              "Node Type": "Aggregate",
              "Strategy": "Plain",
              "Partial Mode": "Partial",
              "Parent Relationship": "Outer",
              "Parallel Aware": false,
              "Startup Cost": 77360.13,
              "Total Cost": 77360.14,
              "Plan Rows": 1,
              "Plan Width": 8,
              "Actual Startup Time": 177.393,
              "Actual Total Time": 177.396,
              "Actual Rows": 1,
              "Actual Loops": 4,
              "Plans": [
                {
                  "Node Type": "Hash Join",
                  "Parent Relationship": "Outer",
                  "Parallel Aware": true,
                  "Join Type": "Inner",
                  "Startup Cost": 45578.35,
                  "Total Cost": 77355.8,
                  "Plan Rows": 1735,
                  "Plan Width": 0,
                  "Actual Startup Time": 101.732,
                  "Actual Total Time": 177.334,
                  "Actual Rows": 1160,
                  "Actual Loops": 4,
                  "Inner Unique": true,
                  "Hash Cond": "(mc.movie_id = t.id)",
                  "Plans": [
                    {
                      "Node Type": "Seq Scan",
                      "Parent Relationship": "Outer",
                      "Parallel Aware": true,
                      "Relation Name": "movie_companies",
                      "Alias": "mc",
                      "Startup Cost": 0.0,
                      "Total Cost": 31414.82,
                      "Plan Rows": 138145,
                      "Plan Width": 4,
                      "Actual Startup Time": 0.019,
                      "Actual Total Time": 60.579,
                      "Actual Rows": 152876,
                      "Actual Loops": 4,
                      "Filter": "((company_id < 2561) AND (company_type_id < 2))",
                      "Rows Removed by Filter": 499406
                    },
                    {
                      "Node Type": "Hash",
                      "Parent Relationship": "Inner",
                      "Parallel Aware": true,
                      "Startup Cost": 45479.1,
                      "Total Cost": 45479.1,
                      "Plan Rows": 7940,
                      "Plan Width": 4,
                      "Actual Startup Time": 99.882,
                      "Actual Total Time": 99.883,
                      "Actual Rows": 9924,
                      "Actual Loops": 4,
                      "Hash Buckets": 65536,
                      "Original Hash Buckets": 32768,
                      "Hash Batches": 1,
                      "Original Hash Batches": 1,
                      "Peak Memory Usage": 2368,
                      "Plans": [
                        {
                          "Node Type": "Seq Scan",
                          "Parent Relationship": "Outer",
                          "Parallel Aware": true,
                          "Relation Name": "title",
                          "Alias": "t",
                          "Startup Cost": 0.0,
                          "Total Cost": 45479.1,
                          "Plan Rows": 7940,
                          "Plan Width": 4,
                          "Actual Startup Time": 0.045,
                          "Actual Total Time": 93.211,
                          "Actual Rows": 9924,
                          "Actual Loops": 4,
                          "Filter": "((kind_id = 7) AND (production_year = 2001))",
                          "Rows Removed by Filter": 622154
                        }
                      ]
                    }
                  ]
                }
              ]
            }
          ]
        }
      ]
    },
    "Planning Time": 0.666,
    "Triggers": [],
    "Execution Time": 203.0
  }
]