[
    {
        "Bao": {
            "Bao prediction": "NaN",
            "Bao recommended hint": "(no hint)"
        }
    },
    {
        "Plan": {
            "Node Type": "Aggregate",
            "Strategy": "Plain",
            "Partial Mode": "Simple",
            "Parallel Aware": false,
            "Startup Cost": 21354.08,
            "Total Cost": 21354.09,
            "Plan Rows": 1,
            "Plan Width": 8,
            "Actual Startup Time": 35.303,
            "Actual Total Time": 35.305,
            "Actual Rows": 1,
            "Actual Loops": 1,
            "Output": [
                "count(*)"
            ],
            "Plans": [
                {
                    "Node Type": "Bitmap Heap Scan",
                    "Parent Relationship": "Outer",
                    "Parallel Aware": false,
                    "Relation Name": "movie_companies",
                    "Schema": "public",
                    "Alias": "mc",
                    "Startup Cost": 1461.28,
                    "Total Cost": 21267.71,
                    "Plan Rows": 34548,
                    "Plan Width": 0,
                    "Actual Startup Time": 7.549,
                    "Actual Total Time": 30.001,
                    "Actual Rows": 69722,
                    "Actual Loops": 1,
                    "Recheck Cond": "(mc.company_id > 176994)",
                    "Rows Removed by Index Recheck": 0,
                    "Filter": "(mc.company_type_id > 1)",
                    "Rows Removed by Filter": 0,
                    "Exact Heap Blocks": 2403,
                    "Lossy Heap Blocks": 0,
                    "Plans": [
                        {
                            "Node Type": "Bitmap Index Scan",
                            "Parent Relationship": "Outer",
                            "Parallel Aware": false,
                            "Index Name": "company_id_movie_companies",
                            "Startup Cost": 0.0,
                            "Total Cost": 1452.64,
                            "Plan Rows": 67762,
                            "Plan Width": 0,
                            "Actual Startup Time": 6.706,
                            "Actual Total Time": 6.707,
                            "Actual Rows": 69722,
                            "Actual Loops": 1,
                            "Index Cond": "(mc.company_id > 176994)"
                        }
                    ]
                }
            ]
        },
        "Planning Time": 179.62,
        "Triggers": [],
        "Execution Time": 35.367
    }
]