{
  "Plan": {
    "Node Type": "Aggregate",
    "Strategy": "Plain",
    "Partial Mode": "Finalize",
    "Parallel Aware": false,
    "Startup Cost": 686315.34,
    "Total Cost": 686315.35,
    "Plan Rows": 1,
    "Plan Width": 8,
    "Actual Startup Time": 6748.687,
    "Actual Total Time": 6805.713,
    "Actual Rows": 1,
    "Actual Loops": 1,
    "Plans": [
      {
        "Node Type": "Gather",
        "Parent Relationship": "Outer",
        "Parallel Aware": false,
        "Startup Cost": 686315.23,
        "Total Cost": 686315.34,
        "Plan Rows": 1,
        "Plan Width": 8,
        "Actual Startup Time": 6744.267,
        "Actual Total Time": 6805.705,
        "Actual Rows": 2,
        "Actual Loops": 1,
        "Workers Planned": 1,
        "Workers Launched": 1,
        "Single Copy": false,
        "Plans": [
          {
            "Node Type": "Aggregate",
            "Strategy": "Plain",
            "Partial Mode": "Partial",
            "Parent Relationship": "Outer",
            "Parallel Aware": false,
            "Startup Cost": 685315.23,
            "Total Cost": 685315.24,
            "Plan Rows": 1,
            "Plan Width": 8,
            "Actual Startup Time": 6737.974,
            "Actual Total Time": 6737.978,
            "Actual Rows": 1,
            "Actual Loops": 2,
            "Plans": [
              {
                "Node Type": "Hash Join",
                "Parent Relationship": "Outer",
                "Parallel Aware": true,
                "Join Type": "Inner",
                "Startup Cost": 95679.49,
                "Total Cost": 679487.28,
                "Plan Rows": 2331182,
                "Plan Width": 0,
                "Actual Startup Time": 1217.389,
                "Actual Total Time": 6547.617,
                "Actual Rows": 4425862,
                "Actual Loops": 2,
                "Inner Unique": false,
                "Hash Cond": "(t.id = mi_idx.movie_id)",
                "Plans": [
                  {
                    "Node Type": "Hash Join",
                    "Parent Relationship": "Outer",
                    "Parallel Aware": true,
                    "Join Type": "Inner",
                    "Startup Cost": 70792.73,
                    "Total Cost": 609042.63,
                    "Plan Rows": 6369008,
                    "Plan Width": 8,
                    "Actual Startup Time": 1038.038,
                    "Actual Total Time": 4450.551,
                    "Actual Rows": 5781640,
                    "Actual Loops": 2,
                    "Inner Unique": true,
                    "Hash Cond": "(ci.movie_id = t.id)",
                    "Plans": [
                      {
                        "Node Type": "Seq Scan",
                        "Parent Relationship": "Outer",
                        "Parallel Aware": true,
                        "Relation Name": "cast_info",
                        "Alias": "ci",
                        "Startup Cost": 0.0,
                        "Total Cost": 519069.44,
                        "Plan Rows": 7306830,
                        "Plan Width": 4,
                        "Actual Startup Time": 550.701,
                        "Actual Total Time": 1319.432,
                        "Actual Rows": 6201148,
                        "Actual Loops": 2,
                        "Filter": "(person_id > 2444575)",
                        "Rows Removed by Filter": 11921024
                      },
                      {
                        "Node Type": "Hash",
                        "Parent Relationship": "Inner",
                        "Parallel Aware": true,
                        "Startup Cost": 54588.39,
                        "Total Cost": 54588.39,
                        "Plan Rows": 1296347,
                        "Plan Width": 4,
                        "Actual Startup Time": 475.989,
                        "Actual Total Time": 475.99,
                        "Actual Rows": 1096312,
                        "Actual Loops": 2,
                        "Hash Buckets": 4194304,
                        "Original Hash Buckets": 4194304,
                        "Hash Batches": 1,
                        "Original Hash Batches": 1,
                        "Peak Memory Usage": 118560,
                        "Plans": [
                          {
                            "Node Type": "Seq Scan",
                            "Parent Relationship": "Outer",
                            "Parallel Aware": true,
                            "Relation Name": "title",
                            "Alias": "t",
                            "Startup Cost": 0.0,
                            "Total Cost": 54588.39,
                            "Plan Rows": 1296347,
                            "Plan Width": 4,
                            "Actual Startup Time": 0.022,
                            "Actual Total Time": 169.41,
                            "Actual Rows": 1096312,
                            "Actual Loops": 2,
                            "Filter": "(production_year > 1961)",
                            "Rows Removed by Filter": 167844
                          }
                        ]
                      }
                    ]
                  },
                  {
                    "Node Type": "Hash",
                    "Parent Relationship": "Inner",
                    "Parallel Aware": true,
                    "Startup Cost": 18082.32,
                    "Total Cost": 18082.32,
                    "Plan Rows": 544356,
                    "Plan Width": 4,
                    "Actual Startup Time": 170.478,
                    "Actual Total Time": 170.478,
                    "Actual Rows": 460055,
                    "Actual Loops": 2,
                    "Hash Buckets": 1048576,
                    "Original Hash Buckets": 1048576,
                    "Hash Batches": 1,
                    "Original Hash Batches": 1,
                    "Peak Memory Usage": 44224,
                    "Plans": [
                      {
                        "Node Type": "Seq Scan",
                        "Parent Relationship": "Outer",
                        "Parallel Aware": true,
                        "Relation Name": "movie_info_idx",
                        "Alias": "mi_idx",
                        "Startup Cost": 0.0,
                        "Total Cost": 18082.32,
                        "Plan Rows": 544356,
                        "Plan Width": 4,
                        "Actual Startup Time": 0.058,
                        "Actual Total Time": 78.319,
                        "Actual Rows": 460055,
                        "Actual Loops": 2,
                        "Filter": "(info_type_id > 99)",
                        "Rows Removed by Filter": 229962
                      }
                    ]
                  }
                ]
              }
            ]
          }
        ]
      }
    ]
  },
  "Planning Time": 0.834,
  "Triggers": [],
  "Execution Time": 6805.802
}