[
  {
    "Plan": {
      "Node Type": "Aggregate",
      "Strategy": "Plain",
      "Partial Mode": "Finalize",
      "Parallel Aware": false,
      "Startup Cost": 220274.82,
      "Total Cost": 220274.83,
      "Plan Rows": 1,
      "Plan Width": 8,
      "Actual Startup Time": 2209.132,
      "Actual Total Time": 2293.72,
      "Actual Rows": 1,
      "Actual Loops": 1,
      "Plans": [
        {
          "Node Type": "Gather",
          "Parent Relationship": "Outer",
          "Parallel Aware": false,
          "Startup Cost": 220274.5,
          "Total Cost": 220274.81,
          "Plan Rows": 3,
          "Plan Width": 8,
          "Actual Startup Time": 2206.987,
          "Actual Total Time": 2293.712,
          "Actual Rows": 4,
          "Actual Loops": 1,
          "Workers Planned": 3,
          "Workers Launched": 3,
          "Single Copy": false,
          "Plans": [
            {
              "Node Type": "Aggregate",
              "Strategy": "Plain",
              "Partial Mode": "Partial",
              "Parent Relationship": "Outer",
              "Parallel Aware": false,
              "Startup Cost": 219274.5,
              "Total Cost": 219274.51,
              "Plan Rows": 1,
              "Plan Width": 8,
              "Actual Startup Time": 2185.473,
              "Actual Total Time": 2185.476,
              "Actual Rows": 1,
              "Actual Loops": 4,
              "Plans": [
                {
                  "Node Type": "Nested Loop",
                  "Parent Relationship": "Outer",
                  "Parallel Aware": false,
                  "Join Type": "Inner",
                  "Startup Cost": 54347.93,
                  "Total Cost": 217027.05,
                  "Plan Rows": 898981,
                  "Plan Width": 0,
                  "Actual Startup Time": 331.806,
                  "Actual Total Time": 2079.736,
                  "Actual Rows": 2456708,
                  "Actual Loops": 4,
                  "Inner Unique": false,
                  "Plans": [
                    {
                      "Node Type": "Hash Join",
                      "Parent Relationship": "Outer",
                      "Parallel Aware": true,
                      "Join Type": "Inner",
                      "Startup Cost": 54347.37,
                      "Total Cost": 79750.28,
                      "Plan Rows": 62738,
                      "Plan Width": 8,
                      "Actual Startup Time": 331.693,
                      "Actual Total Time": 383.685,
                      "Actual Rows": 48332,
                      "Actual Loops": 4,
                      "Inner Unique": true,
                      "Hash Cond": "(mk.movie_id = t.id)",
                      "Plans": [
                        {
                          "Node Type": "Bitmap Heap Scan",
                          "Parent Relationship": "Outer",
                          "Parallel Aware": true,
                          "Relation Name": "movie_keyword",
                          "Alias": "mk",
                          "Startup Cost": 4127.72,
                          "Total Cost": 29365.95,
                          "Plan Rows": 62738,
                          "Plan Width": 4,
                          "Actual Startup Time": 13.57,
                          "Actual Total Time": 40.078,
                          "Actual Rows": 48332,
                          "Actual Loops": 4,
                          "Recheck Cond": "(keyword_id > 70021)",
                          "Rows Removed by Index Recheck": 0,
                          "Exact Heap Blocks": 5571,
                          "Lossy Heap Blocks": 0,
                          "Plans": [
                            {
                              "Node Type": "Bitmap Index Scan",
                              "Parent Relationship": "Outer",
                              "Parallel Aware": false,
                              "Index Name": "keyword_id_movie_keyword",
                              "Startup Cost": 0.0,
                              "Total Cost": 4079.1,
                              "Plan Rows": 194489,
                              "Plan Width": 0,
                              "Actual Startup Time": 10.592,
                              "Actual Total Time": 10.592,
                              "Actual Rows": 193327,
                              "Actual Loops": 1,
                              "Index Cond": "(keyword_id > 70021)"
                            }
                          ]
                        },
                        {
                          "Node Type": "Hash",
                          "Parent Relationship": "Inner",
                          "Parallel Aware": true,
                          "Startup Cost": 42318.73,
                          "Total Cost": 42318.73,
                          "Plan Rows": 632073,
                          "Plan Width": 4,
                          "Actual Startup Time": 307.073,
                          "Actual Total Time": 307.074,
                          "Actual Rows": 632078,
                          "Actual Loops": 4,
                          "Hash Buckets": 4194304,
                          "Original Hash Buckets": 4194304,
                          "Hash Batches": 1,
                          "Original Hash Batches": 1,
                          "Peak Memory Usage": 131744,
                          "Plans": [
                            {
                              "Node Type": "Seq Scan",
                              "Parent Relationship": "Outer",
                              "Parallel Aware": true,
                              "Relation Name": "title",
                              "Alias": "t",
                              "Startup Cost": 0.0,
                              "Total Cost": 42318.73,
                              "Plan Rows": 632073,
                              "Plan Width": 4,
                              "Actual Startup Time": 0.03,
                              "Actual Total Time": 89.9,
                              "Actual Rows": 632078,
                              "Actual Loops": 4
                            }
                          ]
                        }
                      ]
                    },
                    {
                      "Node Type": "Index Only Scan",
                      "Parent Relationship": "Inner",
                      "Parallel Aware": false,
                      "Scan Direction": "Forward",
                      "Index Name": "movie_id_cast_info",
                      "Relation Name": "cast_info",
                      "Alias": "ci",
                      "Startup Cost": 0.56,
                      "Total Cost": 1.82,
                      "Plan Rows": 37,
                      "Plan Width": 4,
                      "Actual Startup Time": 0.004,
                      "Actual Total Time": 0.032,
                      "Actual Rows": 51,
                      "Actual Loops": 193327,
                      "Index Cond": "(movie_id = t.id)",
                      "Rows Removed by Index Recheck": 0,
                      "Heap Fetches": 9826830
                    }
                  ]
                }
              ]
            }
          ]
        }
      ]
    },
    "Planning Time": 1.295,
    "Triggers": [],
    "Execution Time": 2293.853
  }
]