[
  {
    "Plan": {
      "Node Type": "Aggregate",
      "Strategy": "Plain",
      "Partial Mode": "Finalize",
      "Parallel Aware": false,
      "Startup Cost": 391499.69,
      "Total Cost": 391499.7,
      "Plan Rows": 1,
      "Plan Width": 8,
      "Actual Startup Time": 838.781,
      "Actual Total Time": 887.576,
      "Actual Rows": 1,
      "Actual Loops": 1,
      "Plans": [
        {
          "Node Type": "Gather",
          "Parent Relationship": "Outer",
          "Parallel Aware": false,
          "Startup Cost": 391499.17,
          "Total Cost": 391499.68,
          "Plan Rows": 5,
          "Plan Width": 8,
          "Actual Startup Time": 833.068,
          "Actual Total Time": 887.565,
          "Actual Rows": 6,
          "Actual Loops": 1,
          "Workers Planned": 5,
          "Workers Launched": 5,
          "Single Copy": false,
          "Plans": [
            {
              "Node Type": "Aggregate",
              "Strategy": "Plain",
              "Partial Mode": "Partial",
              "Parent Relationship": "Outer",
              "Parallel Aware": false,
              "Startup Cost": 390499.17,
              "Total Cost": 390499.18,
              "Plan Rows": 1,
              "Plan Width": 8,
              "Actual Startup Time": 822.566,
              "Actual Total Time": 822.583,
              "Actual Rows": 1,
              "Actual Loops": 6,
              "Plans": [
                {
                  "Node Type": "Nested Loop",
                  "Parent Relationship": "Outer",
                  "Parallel Aware": false,
                  "Join Type": "Inner",
                  "Startup Cost": 56079.75,
                  "Total Cost": 390458.42,
                  "Plan Rows": 16299,
                  "Plan Width": 0,
                  "Actual Startup Time": 163.37,
                  "Actual Total Time": 820.139,
                  "Actual Rows": 30012,
                  "Actual Loops": 6,
                  "Inner Unique": false,
                  "Plans": [
                    {
                      "Node Type": "Hash Join",
                      "Parent Relationship": "Outer",
                      "Parallel Aware": true,
                      "Join Type": "Inner",
                      "Startup Cost": 56079.32,
                      "Total Cost": 319948.47,
                      "Plan Rows": 32237,
                      "Plan Width": 8,
                      "Actual Startup Time": 163.284,
                      "Actual Total Time": 214.064,
                      "Actual Rows": 24764,
                      "Actual Loops": 6,
                      "Inner Unique": true,
                      "Hash Cond": "(ci.movie_id = t.id)",
                      "Plans": [
                        {
                          "Node Type": "Bitmap Heap Scan",
                          "Parent Relationship": "Outer",
                          "Parallel Aware": true,
                          "Relation Name": "cast_info",
                          "Alias": "ci",
                          "Startup Cost": 9082.19,
                          "Total Cost": 272735.54,
                          "Plan Rows": 82210,
                          "Plan Width": 4,
                          "Actual Startup Time": 15.928,
                          "Actual Total Time": 26.559,
                          "Actual Rows": 66168,
                          "Actual Loops": 6,
                          "Recheck Cond": "(person_id > 3987544)",
                          "Rows Removed by Index Recheck": 0,
                          "Exact Heap Blocks": 1063,
                          "Lossy Heap Blocks": 0,
                          "Plans": [
                            {
                              "Node Type": "Bitmap Index Scan",
                              "Parent Relationship": "Outer",
                              "Parallel Aware": false,
                              "Index Name": "person_id_cast_info",
                              "Startup Cost": 0.0,
                              "Total Cost": 8979.43,
                              "Plan Rows": 411048,
                              "Plan Width": 0,
                              "Actual Startup Time": 15.195,
                              "Actual Total Time": 15.196,
                              "Actual Rows": 397009,
                              "Actual Loops": 1,
                              "Index Cond": "(person_id > 3987544)"
                            }
                          ]
                        },
                        {
                          "Node Type": "Hash",
                          "Parent Relationship": "Inner",
                          "Parallel Aware": true,
                          "Startup Cost": 43898.92,
                          "Total Cost": 43898.92,
                          "Plan Rows": 247857,
                          "Plan Width": 4,
                          "Actual Startup Time": 143.889,
                          "Actual Total Time": 143.89,
                          "Actual Rows": 164175,
                          "Actual Loops": 6,
                          "Hash Buckets": 1048576,
                          "Original Hash Buckets": 1048576,
                          "Hash Batches": 1,
                          "Original Hash Batches": 1,
                          "Peak Memory Usage": 46848,
                          "Plans": [
                            {
                              "Node Type": "Seq Scan",
                              "Parent Relationship": "Outer",
                              "Parallel Aware": true,
                              "Relation Name": "title",
                              "Alias": "t",
                              "Startup Cost": 0.0,
                              "Total Cost": 43898.92,
                              "Plan Rows": 247857,
                              "Plan Width": 4,
                              "Actual Startup Time": 0.041,
                              "Actual Total Time": 82.814,
                              "Actual Rows": 164175,
                              "Actual Loops": 6,
                              "Filter": "(kind_id < 7)",
                              "Rows Removed by Filter": 257211
                            }
                          ]
                        }
                      ]
                    },
                    {
                      "Node Type": "Index Scan",
                      "Parent Relationship": "Inner",
                      "Parallel Aware": false,
                      "Scan Direction": "Forward",
                      "Index Name": "movie_id_movie_info",
                      "Relation Name": "movie_info",
                      "Alias": "mi",
                      "Startup Cost": 0.43,
                      "Total Cost": 2.15,
                      "Plan Rows": 4,
                      "Plan Width": 4,
                      "Actual Startup Time": 0.007,
                      "Actual Total Time": 0.024,
                      "Actual Rows": 1,
                      "Actual Loops": 148583,
                      "Index Cond": "(movie_id = t.id)",
                      "Rows Removed by Index Recheck": 0,
                      "Filter": "(info_type_id = 4)",
                      "Rows Removed by Filter": 43
                    }
                  ]
                }
              ]
            }
          ]
        }
      ]
    },
    "Planning Time": 1.418,
    "Triggers": [],
    "Execution Time": 887.716
  }
]