[
  {
    "Plan": {
      "Node Type": "Aggregate",
      "Strategy": "Plain",
      "Partial Mode": "Finalize",
      "Parallel Aware": false,
      "Startup Cost": 90847.3,
      "Total Cost": 90847.31,
      "Plan Rows": 1,
      "Plan Width": 8,
      "Actual Startup Time": 340.069,
      "Actual Total Time": 355.944,
      "Actual Rows": 1,
      "Actual Loops": 1,
      "Plans": [
        {
          "Node Type": "Gather",
          "Parent Relationship": "Outer",
          "Parallel Aware": false,
          "Startup Cost": 90846.99,
          "Total Cost": 90847.3,
          "Plan Rows": 3,
          "Plan Width": 8,
          "Actual Startup Time": 335.19,
          "Actual Total Time": 355.923,
          "Actual Rows": 4,
          "Actual Loops": 1,
          "Workers Planned": 3,
          "Workers Launched": 3,
          "Single Copy": false,
          "Plans": [
            {
              "Node Type": "Aggregate",
              "Strategy": "Plain",
              "Partial Mode": "Partial",
              "Parent Relationship": "Outer",
              "Parallel Aware": false,
              "Startup Cost": 89846.99,
              "Total Cost": 89847.0,
              "Plan Rows": 1,
              "Plan Width": 8,
              "Actual Startup Time": 328.869,
              "Actual Total Time": 328.873,
              "Actual Rows": 1,
              "Actual Loops": 4,
              "Plans": [
                {
                  "Node Type": "Hash Join",
                  "Parent Relationship": "Outer",
                  "Parallel Aware": true,
                  "Join Type": "Inner",
                  "Startup Cost": 46063.08,
                  "Total Cost": 89621.87,
                  "Plan Rows": 90045,
                  "Plan Width": 0,
                  "Actual Startup Time": 175.228,
                  "Actual Total Time": 324.3,
                  "Actual Rows": 98162,
                  "Actual Loops": 4,
                  "Inner Unique": true,
                  "Hash Cond": "(mk.movie_id = t.id)",
                  "Plans": [
                    {
                      "Node Type": "Seq Scan",
                      "Parent Relationship": "Outer",
                      "Parallel Aware": true,
                      "Relation Name": "movie_keyword",
                      "Alias": "mk",
                      "Startup Cost": 0.0,
                      "Total Cost": 42695.65,
                      "Plan Rows": 328814,
                      "Plan Width": 4,
                      "Actual Startup Time": 0.031,
                      "Actual Total Time": 95.977,
                      "Actual Rows": 255205,
                      "Actual Loops": 4,
                      "Filter": "(keyword_id < 994)",
                      "Rows Removed by Filter": 875778
                    },
                    {
                      "Node Type": "Hash",
                      "Parent Relationship": "Inner",
                      "Parallel Aware": true,
                      "Startup Cost": 43899.32,
                      "Total Cost": 43899.32,
                      "Plan Rows": 173101,
                      "Plan Width": 4,
                      "Actual Startup Time": 171.828,
                      "Actual Total Time": 171.829,
                      "Actual Rows": 176796,
                      "Actual Loops": 4,
                      "Hash Buckets": 1048576,
                      "Original Hash Buckets": 1048576,
                      "Hash Batches": 1,
                      "Original Hash Batches": 1,
                      "Peak Memory Usage": 35904,
                      "Plans": [
                        {
                          "Node Type": "Seq Scan",
                          "Parent Relationship": "Outer",
                          "Parallel Aware": true,
                          "Relation Name": "title",
                          "Alias": "t",
                          "Startup Cost": 0.0,
                          "Total Cost": 43899.32,
                          "Plan Rows": 173101,
                          "Plan Width": 4,
                          "Actual Startup Time": 0.031,
                          "Actual Total Time": 103.372,
                          "Actual Rows": 176796,
                          "Actual Loops": 4,
                          "Filter": "(production_year < 1991)",
                          "Rows Removed by Filter": 455282
                        }
                      ]
                    }
                  ]
                }
              ]
            }
          ]
        }
      ]
    },
    "Planning Time": 0.228,
    "Triggers": [],
    "Execution Time": 355.977
  }
]