[
    {
        "Bao": {
            "Bao prediction": "NaN",
            "Bao recommended hint": "(no hint)"
        }
    },
    {
        "Plan": {
            "Node Type": "Aggregate",
            "Strategy": "Plain",
            "Partial Mode": "Finalize",
            "Parallel Aware": false,
            "Startup Cost": 9883.41,
            "Total Cost": 9883.42,
            "Plan Rows": 1,
            "Plan Width": 8,
            "Actual Startup Time": 35.042,
            "Actual Total Time": 37.751,
            "Actual Rows": 1,
            "Actual Loops": 1,
            "Output": [
                "count(*)"
            ],
            "Plans": [
                {
                    "Node Type": "Gather",
                    "Parent Relationship": "Outer",
                    "Parallel Aware": false,
                    "Startup Cost": 9883.09,
                    "Total Cost": 9883.4,
                    "Plan Rows": 3,
                    "Plan Width": 8,
                    "Actual Startup Time": 34.942,
                    "Actual Total Time": 37.743,
                    "Actual Rows": 4,
                    "Actual Loops": 1,
                    "Output": [
                        "(PARTIAL count(*))"
                    ],
                    "Workers Planned": 3,
                    "Workers Launched": 3,
                    "Single Copy": false,
                    "Plans": [
                        {
                            "Node Type": "Aggregate",
                            "Strategy": "Plain",
                            "Partial Mode": "Partial",
                            "Parent Relationship": "Outer",
                            "Parallel Aware": false,
                            "Startup Cost": 8883.09,
                            "Total Cost": 8883.1,
                            "Plan Rows": 1,
                            "Plan Width": 8,
                            "Actual Startup Time": 26.339,
                            "Actual Total Time": 26.34,
                            "Actual Rows": 1,
                            "Actual Loops": 4,
                            "Output": [
                                "PARTIAL count(*)"
                            ],
                            "Workers": [
                                {
                                    "Worker Number": 0,
                                    "Actual Startup Time": 23.186,
                                    "Actual Total Time": 23.187,
                                    "Actual Rows": 1,
                                    "Actual Loops": 1
                                },
                                {
                                    "Worker Number": 1,
                                    "Actual Startup Time": 23.641,
                                    "Actual Total Time": 23.642,
                                    "Actual Rows": 1,
                                    "Actual Loops": 1
                                },
                                {
                                    "Worker Number": 2,
                                    "Actual Startup Time": 24.002,
                                    "Actual Total Time": 24.003,
                                    "Actual Rows": 1,
                                    "Actual Loops": 1
                                }
                            ],
                            "Plans": [
                                {
                                    "Node Type": "Index Scan",
                                    "Parent Relationship": "Outer",
                                    "Parallel Aware": true,
                                    "Scan Direction": "Forward",
                                    "Index Name": "role_id_cast_info",
                                    "Relation Name": "cast_info",
                                    "Schema": "public",
                                    "Alias": "ci",
                                    "Startup Cost": 0.56,
                                    "Total Cost": 8778.4,
                                    "Plan Rows": 41874,
                                    "Plan Width": 0,
                                    "Actual Startup Time": 0.198,
                                    "Actual Total Time": 25.751,
                                    "Actual Rows": 4590,
                                    "Actual Loops": 4,
                                    "Output": [
                                        "id",
                                        "person_id",
                                        "movie_id",
                                        "person_role_id",
                                        "note",
                                        "nr_order",
                                        "role_id"
                                    ],
                                    "Index Cond": "(ci.role_id = 7)",
                                    "Rows Removed by Index Recheck": 0,
                                    "Filter": "(ci.person_id < 1518278)",
                                    "Rows Removed by Filter": 64511,
                                    "Workers": [
                                        {
                                            "Worker Number": 0,
                                            "Actual Startup Time": 0.415,
                                            "Actual Total Time": 22.797,
                                            "Actual Rows": 2406,
                                            "Actual Loops": 1
                                        },
                                        {
                                            "Worker Number": 1,
                                            "Actual Startup Time": 0.138,
                                            "Actual Total Time": 23.243,
                                            "Actual Rows": 2453,
                                            "Actual Loops": 1
                                        },
                                        {
                                            "Worker Number": 2,
                                            "Actual Startup Time": 0.177,
                                            "Actual Total Time": 23.556,
                                            "Actual Rows": 2673,
                                            "Actual Loops": 1
                                        }
                                    ]
                                }
                            ]
                        }
                    ]
                }
            ]
        },
        "Planning Time": 194.825,
        "Triggers": [],
        "Execution Time": 37.812
    }
]