{
  "Plan": {
    "Node Type": "Aggregate",
    "Strategy": "Plain",
    "Partial Mode": "Finalize",
    "Parallel Aware": false,
    "Startup Cost": 93640.83,
    "Total Cost": 93640.84,
    "Plan Rows": 1,
    "Plan Width": 8,
    "Actual Startup Time": 896.224,
    "Actual Total Time": 918.789,
    "Actual Rows": 1,
    "Actual Loops": 1,
    "Plans": [
      {
        "Node Type": "Gather",
        "Parent Relationship": "Outer",
        "Parallel Aware": false,
        "Startup Cost": 93640.72,
        "Total Cost": 93640.83,
        "Plan Rows": 1,
        "Plan Width": 8,
        "Actual Startup Time": 888.284,
        "Actual Total Time": 918.78,
        "Actual Rows": 2,
        "Actual Loops": 1,
        "Workers Planned": 1,
        "Workers Launched": 1,
        "Single Copy": false,
        "Plans": [
          {
            "Node Type": "Aggregate",
            "Strategy": "Plain",
            "Partial Mode": "Partial",
            "Parent Relationship": "Outer",
            "Parallel Aware": false,
            "Startup Cost": 92640.72,
            "Total Cost": 92640.73,
            "Plan Rows": 1,
            "Plan Width": 8,
            "Actual Startup Time": 876.508,
            "Actual Total Time": 876.512,
            "Actual Rows": 1,
            "Actual Loops": 2,
            "Plans": [
              {
                "Node Type": "Hash Join",
                "Parent Relationship": "Outer",
                "Parallel Aware": true,
                "Join Type": "Inner",
                "Startup Cost": 72501.41,
                "Total Cost": 90685.2,
                "Plan Rows": 782207,
                "Plan Width": 0,
                "Actual Startup Time": 611.072,
                "Actual Total Time": 843.04,
                "Actual Rows": 685339,
                "Actual Loops": 2,
                "Inner Unique": true,
                "Hash Cond": "(mi_idx.movie_id = t.id)",
                "Plans": [
                  {
                    "Node Type": "Seq Scan",
                    "Parent Relationship": "Outer",
                    "Parallel Aware": true,
                    "Relation Name": "movie_info_idx",
                    "Alias": "mi_idx",
                    "Startup Cost": 0.0,
                    "Total Cost": 16052.85,
                    "Plan Rows": 811785,
                    "Plan Width": 4,
                    "Actual Startup Time": 0.021,
                    "Actual Total Time": 56.659,
                    "Actual Rows": 690018,
                    "Actual Loops": 2
                  },
                  {
                    "Node Type": "Hash",
                    "Parent Relationship": "Inner",
                    "Parallel Aware": true,
                    "Startup Cost": 54588.39,
                    "Total Cost": 54588.39,
                    "Plan Rows": 1433042,
                    "Plan Width": 4,
                    "Actual Startup Time": 588.646,
                    "Actual Total Time": 588.646,
                    "Actual Rows": 1215855,
                    "Actual Loops": 2,
                    "Hash Buckets": 4194304,
                    "Original Hash Buckets": 4194304,
                    "Hash Batches": 1,
                    "Original Hash Batches": 1,
                    "Peak Memory Usage": 127936,
                    "Plans": [
                      {
                        "Node Type": "Seq Scan",
                        "Parent Relationship": "Outer",
                        "Parallel Aware": true,
                        "Relation Name": "title",
                        "Alias": "t",
                        "Startup Cost": 0.0,
                        "Total Cost": 54588.39,
                        "Plan Rows": 1433042,
                        "Plan Width": 4,
                        "Actual Startup Time": 0.031,
                        "Actual Total Time": 215.21,
                        "Actual Rows": 1215855,
                        "Actual Loops": 2,
                        "Filter": "(production_year > 1909)",
                        "Rows Removed by Filter": 48301
                      }
                    ]
                  }
                ]
              }
            ]
          }
        ]
      }
    ]
  },
  "Planning Time": 0.449,
  "Triggers": [],
  "Execution Time": 918.861
}