{
  "Plan": {
    "Node Type": "Aggregate",
    "Strategy": "Plain",
    "Partial Mode": "Finalize",
    "Parallel Aware": false,
    "Startup Cost": 311915.35,
    "Total Cost": 311915.36,
    "Plan Rows": 1,
    "Plan Width": 8,
    "Actual Startup Time": 722.692,
    "Actual Total Time": 739.513,
    "Actual Rows": 1,
    "Actual Loops": 1,
    "Plans": [
      {
        "Node Type": "Gather",
        "Parent Relationship": "Outer",
        "Parallel Aware": false,
        "Startup Cost": 311915.24,
        "Total Cost": 311915.35,
        "Plan Rows": 1,
        "Plan Width": 8,
        "Actual Startup Time": 719.653,
        "Actual Total Time": 739.506,
        "Actual Rows": 2,
        "Actual Loops": 1,
        "Workers Planned": 1,
        "Workers Launched": 1,
        "Single Copy": false,
        "Plans": [
          {
            "Node Type": "Aggregate",
            "Strategy": "Plain",
            "Partial Mode": "Partial",
            "Parent Relationship": "Outer",
            "Parallel Aware": false,
            "Startup Cost": 310915.24,
            "Total Cost": 310915.25,
            "Plan Rows": 1,
            "Plan Width": 8,
            "Actual Startup Time": 713.507,
            "Actual Total Time": 713.513,
            "Actual Rows": 1,
            "Actual Loops": 2,
            "Plans": [
              {
                "Node Type": "Hash Join",
                "Parent Relationship": "Outer",
                "Parallel Aware": true,
                "Join Type": "Inner",
                "Startup Cost": 135937.5,
                "Total Cost": 310686.86,
                "Plan Rows": 91354,
                "Plan Width": 0,
                "Actual Startup Time": 587.399,
                "Actual Total Time": 712.342,
                "Actual Rows": 20448,
                "Actual Loops": 2,
                "Inner Unique": false,
                "Hash Cond": "(mi.movie_id = t.id)",
                "Plans": [
                  {
                    "Node Type": "Bitmap Heap Scan",
                    "Parent Relationship": "Outer",
                    "Parallel Aware": true,
                    "Relation Name": "movie_info",
                    "Alias": "mi",
                    "Startup Cost": 23159.21,
                    "Total Cost": 194551.43,
                    "Plan Rows": 751938,
                    "Plan Width": 4,
                    "Actual Startup Time": 58.297,
                    "Actual Total Time": 114.157,
                    "Actual Rows": 649494,
                    "Actual Loops": 2,
                    "Recheck Cond": "(info_type_id = 4)",
                    "Rows Removed by Index Recheck": 0,
                    "Exact Heap Blocks": 4075,
                    "Lossy Heap Blocks": 0,
                    "Plans": [
                      {
                        "Node Type": "Bitmap Index Scan",
                        "Parent Relationship": "Outer",
                        "Parallel Aware": false,
                        "Index Name": "info_type_id_movie_info",
                        "Startup Cost": 0.0,
                        "Total Cost": 22839.64,
                        "Plan Rows": 1278294,
                        "Plan Width": 0,
                        "Actual Startup Time": 57.071,
                        "Actual Total Time": 57.072,
                        "Actual Rows": 1298989,
                        "Actual Loops": 1,
                        "Index Cond": "(info_type_id = 4)"
                      }
                    ]
                  },
                  {
                    "Node Type": "Hash",
                    "Parent Relationship": "Inner",
                    "Parallel Aware": true,
                    "Startup Cost": 110519.72,
                    "Total Cost": 110519.72,
                    "Plan Rows": 180685,
                    "Plan Width": 8,
                    "Actual Startup Time": 522.468,
                    "Actual Total Time": 522.472,
                    "Actual Rows": 34708,
                    "Actual Loops": 2,
                    "Hash Buckets": 524288,
                    "Original Hash Buckets": 524288,
                    "Hash Batches": 1,
                    "Original Hash Batches": 1,
                    "Peak Memory Usage": 6848,
                    "Plans": [
                      {
                        "Node Type": "Hash Join",
                        "Parent Relationship": "Outer",
                        "Parallel Aware": true,
                        "Join Type": "Inner",
                        "Startup Cost": 80619.23,
                        "Total Cost": 110519.72,
                        "Plan Rows": 180685,
                        "Plan Width": 8,
                        "Actual Startup Time": 390.477,
                        "Actual Total Time": 513.671,
                        "Actual Rows": 34708,
                        "Actual Loops": 2,
                        "Inner Unique": true,
                        "Hash Cond": "(mk.movie_id = t.id)",
                        "Plans": [
                          {
                            "Node Type": "Bitmap Heap Scan",
                            "Parent Relationship": "Outer",
                            "Parallel Aware": true,
                            "Relation Name": "movie_keyword",
                            "Alias": "mk",
                            "Startup Cost": 12984.73,
                            "Total Cost": 41939.97,
                            "Plan Rows": 360099,
                            "Plan Width": 4,
                            "Actual Startup Time": 42.423,
                            "Actual Total Time": 110.497,
                            "Actual Rows": 300310,
                            "Actual Loops": 2,
                            "Recheck Cond": "(keyword_id > 30623)",
                            "Rows Removed by Index Recheck": 0,
                            "Exact Heap Blocks": 13565,
                            "Lossy Heap Blocks": 0,
                            "Plans": [
                              {
                                "Node Type": "Bitmap Index Scan",
                                "Parent Relationship": "Outer",
                                "Parallel Aware": false,
                                "Index Name": "keyword_id_movie_keyword",
                                "Startup Cost": 0.0,
                                "Total Cost": 12831.69,
                                "Plan Rows": 612168,
                                "Plan Width": 0,
                                "Actual Startup Time": 38.899,
                                "Actual Total Time": 38.899,
                                "Actual Rows": 600621,
                                "Actual Loops": 1,
                                "Index Cond": "(keyword_id > 30623)"
                              }
                            ]
                          },
                          {
                            "Node Type": "Hash",
                            "Parent Relationship": "Inner",
                            "Parallel Aware": true,
                            "Startup Cost": 58306.47,
                            "Total Cost": 58306.47,
                            "Plan Rows": 746242,
                            "Plan Width": 4,
                            "Actual Startup Time": 337.488,
                            "Actual Total Time": 337.489,
                            "Actual Rows": 674442,
                            "Actual Loops": 2,
                            "Hash Buckets": 2097152,
                            "Original Hash Buckets": 2097152,
                            "Hash Batches": 1,
                            "Original Hash Batches": 1,
                            "Peak Memory Usage": 69184,
                            "Plans": [
                              {
                                "Node Type": "Seq Scan",
                                "Parent Relationship": "Outer",
                                "Parallel Aware": true,
                                "Relation Name": "title",
                                "Alias": "t",
                                "Startup Cost": 0.0,
                                "Total Cost": 58306.47,
                                "Plan Rows": 746242,
                                "Plan Width": 4,
                                "Actual Startup Time": 0.036,
                                "Actual Total Time": 159.728,
                                "Actual Rows": 674442,
                                "Actual Loops": 2,
                                "Filter": "((production_year > 1970) AND (kind_id = 7))",
                                "Rows Removed by Filter": 589714
                              }
                            ]
                          }
                        ]
                      }
                    ]
                  }
                ]
              }
            ]
          }
        ]
      }
    ]
  },
  "Planning Time": 0.819,
  "Triggers": [],
  "Execution Time": 739.628
}