{
  "Plan": {
    "Node Type": "Aggregate",
    "Strategy": "Plain",
    "Partial Mode": "Finalize",
    "Parallel Aware": false,
    "Startup Cost": 74481.31,
    "Total Cost": 74481.32,
    "Plan Rows": 1,
    "Plan Width": 8,
    "Actual Startup Time": 211.817,
    "Actual Total Time": 224.579,
    "Actual Rows": 1,
    "Actual Loops": 1,
    "Plans": [
      {
        "Node Type": "Gather",
        "Parent Relationship": "Outer",
        "Parallel Aware": false,
        "Startup Cost": 74481.2,
        "Total Cost": 74481.31,
        "Plan Rows": 1,
        "Plan Width": 8,
        "Actual Startup Time": 211.566,
        "Actual Total Time": 224.571,
        "Actual Rows": 2,
        "Actual Loops": 1,
        "Workers Planned": 1,
        "Workers Launched": 1,
        "Single Copy": false,
        "Plans": [
          {
            "Node Type": "Aggregate",
            "Strategy": "Plain",
            "Partial Mode": "Partial",
            "Parent Relationship": "Outer",
            "Parallel Aware": false,
            "Startup Cost": 73481.2,
            "Total Cost": 73481.21,
            "Plan Rows": 1,
            "Plan Width": 8,
            "Actual Startup Time": 205.906,
            "Actual Total Time": 205.909,
            "Actual Rows": 1,
            "Actual Loops": 2,
            "Plans": [
              {
                "Node Type": "Hash Join",
                "Parent Relationship": "Outer",
                "Parallel Aware": true,
                "Join Type": "Inner",
                "Startup Cost": 54693.11,
                "Total Cost": 73477.43,
                "Plan Rows": 1506,
                "Plan Width": 0,
                "Actual Startup Time": 137.024,
                "Actual Total Time": 205.783,
                "Actual Rows": 1784,
                "Actual Loops": 2,
                "Inner Unique": true,
                "Hash Cond": "(mi_idx.movie_id = t.id)",
                "Plans": [
                  {
                    "Node Type": "Seq Scan",
                    "Parent Relationship": "Outer",
                    "Parallel Aware": true,
                    "Relation Name": "movie_info_idx",
                    "Alias": "mi_idx",
                    "Startup Cost": 0.0,
                    "Total Cost": 18082.32,
                    "Plan Rows": 267429,
                    "Plan Width": 4,
                    "Actual Startup Time": 0.019,
                    "Actual Total Time": 49.085,
                    "Actual Rows": 229962,
                    "Actual Loops": 2,
                    "Filter": "(info_type_id = 99)",
                    "Rows Removed by Filter": 460055
                  },
                  {
                    "Node Type": "Hash",
                    "Parent Relationship": "Inner",
                    "Parallel Aware": true,
                    "Startup Cost": 54588.39,
                    "Total Cost": 54588.39,
                    "Plan Rows": 8378,
                    "Plan Width": 4,
                    "Actual Startup Time": 135.543,
                    "Actual Total Time": 135.544,
                    "Actual Rows": 7228,
                    "Actual Loops": 2,
                    "Hash Buckets": 16384,
                    "Original Hash Buckets": 16384,
                    "Hash Batches": 1,
                    "Original Hash Batches": 1,
                    "Peak Memory Usage": 736,
                    "Plans": [
                      {
                        "Node Type": "Seq Scan",
                        "Parent Relationship": "Outer",
                        "Parallel Aware": true,
                        "Relation Name": "title",
                        "Alias": "t",
                        "Startup Cost": 0.0,
                        "Total Cost": 54588.39,
                        "Plan Rows": 8378,
                        "Plan Width": 4,
                        "Actual Startup Time": 0.062,
                        "Actual Total Time": 132.892,
                        "Actual Rows": 7228,
                        "Actual Loops": 2,
                        "Filter": "(production_year = 1981)",
                        "Rows Removed by Filter": 1256928
                      }
                    ]
                  }
                ]
              }
            ]
          }
        ]
      }
    ]
  },
  "Planning Time": 0.436,
  "Triggers": [],
  "Execution Time": 224.649
}