[
  {
    "Plan": {
      "Node Type": "Aggregate",
      "Strategy": "Plain",
      "Partial Mode": "Finalize",
      "Parallel Aware": false,
      "Startup Cost": 78410.47,
      "Total Cost": 78410.48,
      "Plan Rows": 1,
      "Plan Width": 8,
      "Actual Startup Time": 212.807,
      "Actual Total Time": 233.315,
      "Actual Rows": 1,
      "Actual Loops": 1,
      "Plans": [
        {
          "Node Type": "Gather",
          "Parent Relationship": "Outer",
          "Parallel Aware": false,
          "Startup Cost": 78410.05,
          "Total Cost": 78410.46,
          "Plan Rows": 4,
          "Plan Width": 8,
          "Actual Startup Time": 211.847,
          "Actual Total Time": 233.305,
          "Actual Rows": 5,
          "Actual Loops": 1,
          "Workers Planned": 4,
          "Workers Launched": 4,
          "Single Copy": false,
          "Plans": [
            {
              "Node Type": "Aggregate",
              "Strategy": "Plain",
              "Partial Mode": "Partial",
              "Parent Relationship": "Outer",
              "Parallel Aware": false,
              "Startup Cost": 77410.05,
              "Total Cost": 77410.06,
              "Plan Rows": 1,
              "Plan Width": 8,
              "Actual Startup Time": 202.468,
              "Actual Total Time": 202.473,
              "Actual Rows": 1,
              "Actual Loops": 5,
              "Plans": [
                {
                  "Node Type": "Hash Join",
                  "Parent Relationship": "Outer",
                  "Parallel Aware": true,
                  "Join Type": "Inner",
                  "Startup Cost": 32574.11,
                  "Total Cost": 77362.91,
                  "Plan Rows": 18856,
                  "Plan Width": 0,
                  "Actual Startup Time": 149.302,
                  "Actual Total Time": 202.416,
                  "Actual Rows": 408,
                  "Actual Loops": 5,
                  "Inner Unique": false,
                  "Hash Cond": "(t.id = mc.movie_id)",
                  "Plans": [
                    {
                      "Node Type": "Seq Scan",
                      "Parent Relationship": "Outer",
                      "Parallel Aware": true,
                      "Relation Name": "title",
                      "Alias": "t",
                      "Startup Cost": 0.0,
                      "Total Cost": 43898.92,
                      "Plan Rows": 165814,
                      "Plan Width": 4,
                      "Actual Startup Time": 40.172,
                      "Actual Total Time": 95.984,
                      "Actual Rows": 132565,
                      "Actual Loops": 5,
                      "Filter": "(kind_id = 1)",
                      "Rows Removed by Filter": 373097
                    },
                    {
                      "Node Type": "Hash",
                      "Parent Relationship": "Inner",
                      "Parallel Aware": true,
                      "Startup Cost": 31414.82,
                      "Total Cost": 31414.82,
                      "Plan Rows": 92743,
                      "Plan Width": 4,
                      "Actual Startup Time": 80.099,
                      "Actual Total Time": 80.1,
                      "Actual Rows": 536,
                      "Actual Loops": 5,
                      "Hash Buckets": 524288,
                      "Original Hash Buckets": 524288,
                      "Hash Batches": 1,
                      "Original Hash Batches": 1,
                      "Peak Memory Usage": 4288,
                      "Plans": [
                        {
                          "Node Type": "Seq Scan",
                          "Parent Relationship": "Outer",
                          "Parallel Aware": true,
                          "Relation Name": "movie_companies",
                          "Alias": "mc",
                          "Startup Cost": 0.0,
                          "Total Cost": 31414.82,
                          "Plan Rows": 92743,
                          "Plan Width": 4,
                          "Actual Startup Time": 43.606,
                          "Actual Total Time": 78.763,
                          "Actual Rows": 536,
                          "Actual Loops": 5,
                          "Filter": "((company_id > 68420) AND (company_type_id = 1))",
                          "Rows Removed by Filter": 521290
                        }
                      ]
                    }
                  ]
                }
              ]
            }
          ]
        }
      ]
    },
    "Planning Time": 0.711,
    "Triggers": [],
    "Execution Time": 233.389
  }
]