[
  {
    "Plan": {
      "Node Type": "Aggregate",
      "Strategy": "Plain",
      "Partial Mode": "Finalize",
      "Parallel Aware": false,
      "Startup Cost": 383898.07,
      "Total Cost": 383898.08,
      "Plan Rows": 1,
      "Plan Width": 8,
      "Actual Startup Time": 1229.374,
      "Actual Total Time": 1284.547,
      "Actual Rows": 1,
      "Actual Loops": 1,
      "Plans": [
        {
          "Node Type": "Gather",
          "Parent Relationship": "Outer",
          "Parallel Aware": false,
          "Startup Cost": 383897.45,
          "Total Cost": 383898.06,
          "Plan Rows": 6,
          "Plan Width": 8,
          "Actual Startup Time": 1216.896,
          "Actual Total Time": 1284.533,
          "Actual Rows": 7,
          "Actual Loops": 1,
          "Workers Planned": 6,
          "Workers Launched": 6,
          "Single Copy": false,
          "Plans": [
            {
              "Node Type": "Aggregate",
              "Strategy": "Plain",
              "Partial Mode": "Partial",
              "Parent Relationship": "Outer",
              "Parallel Aware": false,
              "Startup Cost": 382897.45,
              "Total Cost": 382897.46,
              "Plan Rows": 1,
              "Plan Width": 8,
              "Actual Startup Time": 1201.804,
              "Actual Total Time": 1201.806,
              "Actual Rows": 1,
              "Actual Loops": 7,
              "Plans": [
                {
                  "Node Type": "Hash Join",
                  "Parent Relationship": "Outer",
                  "Parallel Aware": true,
                  "Join Type": "Inner",
                  "Startup Cost": 48857.87,
                  "Total Cost": 381196.44,
                  "Plan Rows": 680405,
                  "Plan Width": 0,
                  "Actual Startup Time": 176.536,
                  "Actual Total Time": 1171.566,
                  "Actual Rows": 601691,
                  "Actual Loops": 7,
                  "Inner Unique": true,
                  "Hash Cond": "(ci.movie_id = t.id)",
                  "Plans": [
                    {
                      "Node Type": "Seq Scan",
                      "Parent Relationship": "Outer",
                      "Parallel Aware": true,
                      "Relation Name": "cast_info",
                      "Alias": "ci",
                      "Startup Cost": 0.0,
                      "Total Cost": 328162.03,
                      "Plan Rows": 1591058,
                      "Plan Width": 4,
                      "Actual Startup Time": 0.026,
                      "Actual Total Time": 558.994,
                      "Actual Rows": 1374951,
                      "Actual Loops": 7,
                      "Filter": "(person_id < 946365)",
                      "Rows Removed by Filter": 3802813
                    },
                    {
                      "Node Type": "Hash",
                      "Parent Relationship": "Inner",
                      "Parallel Aware": true,
                      "Startup Cost": 45479.1,
                      "Total Cost": 45479.1,
                      "Plan Rows": 270302,
                      "Plan Width": 4,
                      "Actual Startup Time": 171.561,
                      "Actual Total Time": 171.562,
                      "Actual Rows": 168129,
                      "Actual Loops": 7,
                      "Hash Buckets": 2097152,
                      "Original Hash Buckets": 2097152,
                      "Hash Batches": 1,
                      "Original Hash Batches": 1,
                      "Peak Memory Usage": 62592,
                      "Plans": [
                        {
                          "Node Type": "Seq Scan",
                          "Parent Relationship": "Outer",
                          "Parallel Aware": true,
                          "Relation Name": "title",
                          "Alias": "t",
                          "Startup Cost": 0.0,
                          "Total Cost": 45479.1,
                          "Plan Rows": 270302,
                          "Plan Width": 4,
                          "Actual Startup Time": 0.04,
                          "Actual Total Time": 80.819,
                          "Actual Rows": 168129,
                          "Actual Loops": 7,
                          "Filter": "((production_year > 1989) AND (kind_id = 7))",
                          "Rows Removed by Filter": 193058
                        }
                      ]
                    }
                  ]
                }
              ]
            }
          ]
        }
      ]
    },
    "Planning Time": 0.601,
    "Triggers": [],
    "Execution Time": 1284.634
  }
]