[
    {
        "Bao": {
            "Bao prediction": "NaN",
            "Bao recommended hint": "(no hint)"
        }
    },
    {
        "Plan": {
            "Node Type": "Aggregate",
            "Strategy": "Plain",
            "Partial Mode": "Simple",
            "Parallel Aware": false,
            "Startup Cost": 22179.19,
            "Total Cost": 22179.2,
            "Plan Rows": 1,
            "Plan Width": 8,
            "Actual Startup Time": 26.693,
            "Actual Total Time": 26.695,
            "Actual Rows": 1,
            "Actual Loops": 1,
            "Output": [
                "count(*)"
            ],
            "Plans": [
                {
                    "Node Type": "Bitmap Heap Scan",
                    "Parent Relationship": "Outer",
                    "Parallel Aware": false,
                    "Relation Name": "movie_companies",
                    "Schema": "public",
                    "Alias": "mc",
                    "Startup Cost": 2004.07,
                    "Total Cost": 21948.34,
                    "Plan Rows": 92341,
                    "Plan Width": 0,
                    "Actual Startup Time": 5.229,
                    "Actual Total Time": 22.178,
                    "Actual Rows": 94302,
                    "Actual Loops": 1,
                    "Recheck Cond": "(mc.company_id > 161023)",
                    "Rows Removed by Index Recheck": 0,
                    "Exact Heap Blocks": 3037,
                    "Lossy Heap Blocks": 0,
                    "Plans": [
                        {
                            "Node Type": "Bitmap Index Scan",
                            "Parent Relationship": "Outer",
                            "Parallel Aware": false,
                            "Index Name": "company_id_movie_companies",
                            "Startup Cost": 0.0,
                            "Total Cost": 1980.99,
                            "Plan Rows": 92341,
                            "Plan Width": 0,
                            "Actual Startup Time": 4.824,
                            "Actual Total Time": 4.825,
                            "Actual Rows": 94302,
                            "Actual Loops": 1,
                            "Index Cond": "(mc.company_id > 161023)"
                        }
                    ]
                }
            ]
        },
        "Planning Time": 204.453,
        "Triggers": [],
        "Execution Time": 26.741
    }
]