[
  {
    "Plan": {
      "Node Type": "Aggregate",
      "Strategy": "Plain",
      "Partial Mode": "Finalize",
      "Parallel Aware": false,
      "Startup Cost": 90683.54,
      "Total Cost": 90683.55,
      "Plan Rows": 1,
      "Plan Width": 8,
      "Actual Startup Time": 812.282,
      "Actual Total Time": 883.673,
      "Actual Rows": 1,
      "Actual Loops": 1,
      "Plans": [
        {
          "Node Type": "Gather",
          "Parent Relationship": "Outer",
          "Parallel Aware": false,
          "Startup Cost": 90683.23,
          "Total Cost": 90683.54,
          "Plan Rows": 3,
          "Plan Width": 8,
          "Actual Startup Time": 808.827,
          "Actual Total Time": 883.664,
          "Actual Rows": 4,
          "Actual Loops": 1,
          "Workers Planned": 3,
          "Workers Launched": 3,
          "Single Copy": false,
          "Plans": [
            {
              "Node Type": "Aggregate",
              "Strategy": "Plain",
              "Partial Mode": "Partial",
              "Parent Relationship": "Outer",
              "Parallel Aware": false,
              "Startup Cost": 89683.23,
              "Total Cost": 89683.24,
              "Plan Rows": 1,
              "Plan Width": 8,
              "Actual Startup Time": 801.214,
              "Actual Total Time": 801.218,
              "Actual Rows": 1,
              "Actual Loops": 4,
              "Plans": [
                {
                  "Node Type": "Nested Loop",
                  "Parent Relationship": "Outer",
                  "Parallel Aware": false,
                  "Join Type": "Inner",
                  "Startup Cost": 48257.95,
                  "Total Cost": 89599.31,
                  "Plan Rows": 33567,
                  "Plan Width": 0,
                  "Actual Startup Time": 196.142,
                  "Actual Total Time": 794.532,
                  "Actual Rows": 115939,
                  "Actual Loops": 4,
                  "Inner Unique": false,
                  "Plans": [
                    {
                      "Node Type": "Hash Join",
                      "Parent Relationship": "Outer",
                      "Parallel Aware": true,
                      "Join Type": "Inner",
                      "Startup Cost": 48257.39,
                      "Total Cost": 67333.71,
                      "Plan Rows": 7386,
                      "Plan Width": 8,
                      "Actual Startup Time": 195.736,
                      "Actual Total Time": 212.163,
                      "Actual Rows": 14481,
                      "Actual Loops": 4,
                      "Inner Unique": true,
                      "Hash Cond": "(mc.movie_id = t.id)",
                      "Plans": [
                        {
                          "Node Type": "Bitmap Heap Scan",
                          "Parent Relationship": "Outer",
                          "Parallel Aware": true,
                          "Relation Name": "movie_companies",
                          "Alias": "mc",
                          "Startup Cost": 1275.24,
                          "Total Cost": 20301.87,
                          "Plan Rows": 18931,
                          "Plan Width": 4,
                          "Actual Startup Time": 2.446,
                          "Actual Total Time": 7.649,
                          "Actual Rows": 14481,
                          "Actual Loops": 4,
                          "Recheck Cond": "(company_id > 185362)",
                          "Rows Removed by Index Recheck": 0,
                          "Exact Heap Blocks": 726,
                          "Lossy Heap Blocks": 0,
                          "Plans": [
                            {
                              "Node Type": "Bitmap Index Scan",
                              "Parent Relationship": "Outer",
                              "Parallel Aware": false,
                              "Index Name": "company_id_movie_companies",
                              "Startup Cost": 0.0,
                              "Total Cost": 1260.57,
                              "Plan Rows": 58685,
                              "Plan Width": 0,
                              "Actual Startup Time": 2.024,
                              "Actual Total Time": 2.025,
                              "Actual Rows": 57923,
                              "Actual Loops": 1,
                              "Index Cond": "(company_id > 185362)"
                            }
                          ]
                        },
                        {
                          "Node Type": "Hash",
                          "Parent Relationship": "Inner",
                          "Parallel Aware": true,
                          "Startup Cost": 43899.32,
                          "Total Cost": 43899.32,
                          "Plan Rows": 246626,
                          "Plan Width": 4,
                          "Actual Startup Time": 188.294,
                          "Actual Total Time": 188.294,
                          "Actual Rows": 246262,
                          "Actual Loops": 4,
                          "Hash Buckets": 1048576,
                          "Original Hash Buckets": 1048576,
                          "Hash Batches": 1,
                          "Original Hash Batches": 1,
                          "Peak Memory Usage": 46816,
                          "Plans": [
                            {
                              "Node Type": "Seq Scan",
                              "Parent Relationship": "Outer",
                              "Parallel Aware": true,
                              "Relation Name": "title",
                              "Alias": "t",
                              "Startup Cost": 0.0,
                              "Total Cost": 43899.32,
                              "Plan Rows": 246626,
                              "Plan Width": 4,
                              "Actual Startup Time": 0.038,
                              "Actual Total Time": 99.173,
                              "Actual Rows": 246262,
                              "Actual Loops": 4,
                              "Filter": "(kind_id < 7)",
                              "Rows Removed by Filter": 385816
                            }
                          ]
                        }
                      ]
                    },
                    {
                      "Node Type": "Index Scan",
                      "Parent Relationship": "Inner",
                      "Parallel Aware": false,
                      "Scan Direction": "Forward",
                      "Index Name": "movie_id_cast_info",
                      "Relation Name": "cast_info",
                      "Alias": "ci",
                      "Startup Cost": 0.56,
                      "Total Cost": 2.9,
                      "Plan Rows": 11,
                      "Plan Width": 4,
                      "Actual Startup Time": 0.027,
                      "Actual Total Time": 0.039,
                      "Actual Rows": 8,
                      "Actual Loops": 57923,
                      "Index Cond": "(movie_id = t.id)",
                      "Rows Removed by Index Recheck": 0,
                      "Filter": "((person_id < 3713067) AND (role_id > 3))",
                      "Rows Removed by Filter": 19
                    }
                  ]
                }
              ]
            }
          ]
        }
      ]
    },
    "Planning Time": 1.47,
    "Triggers": [],
    "Execution Time": 883.799
  }
]