[
  {
    "Plan": {
      "Node Type": "Aggregate",
      "Strategy": "Plain",
      "Partial Mode": "Finalize",
      "Parallel Aware": false,
      "Startup Cost": 331800.57,
      "Total Cost": 331800.58,
      "Plan Rows": 1,
      "Plan Width": 8,
      "Actual Startup Time": 585.269,
      "Actual Total Time": 639.222,
      "Actual Rows": 1,
      "Actual Loops": 1,
      "Plans": [
        {
          "Node Type": "Gather",
          "Parent Relationship": "Outer",
          "Parallel Aware": false,
          "Startup Cost": 331799.95,
          "Total Cost": 331800.55,
          "Plan Rows": 6,
          "Plan Width": 8,
          "Actual Startup Time": 585.154,
          "Actual Total Time": 639.212,
          "Actual Rows": 7,
          "Actual Loops": 1,
          "Workers Planned": 6,
          "Workers Launched": 6,
          "Single Copy": false,
          "Plans": [
            {
              "Node Type": "Aggregate",
              "Strategy": "Plain",
              "Partial Mode": "Partial",
              "Parent Relationship": "Outer",
              "Parallel Aware": false,
              "Startup Cost": 330799.95,
              "Total Cost": 330799.96,
              "Plan Rows": 1,
              "Plan Width": 8,
              "Actual Startup Time": 574.805,
              "Actual Total Time": 574.806,
              "Actual Rows": 1,
              "Actual Loops": 7,
              "Plans": [
                {
                  "Node Type": "Seq Scan",
                  "Parent Relationship": "Outer",
                  "Parallel Aware": true,
                  "Relation Name": "cast_info",
                  "Alias": "ci",
                  "Startup Cost": 0.0,
                  "Total Cost": 328162.03,
                  "Plan Rows": 1055168,
                  "Plan Width": 0,
                  "Actual Startup Time": 0.052,
                  "Actual Total Time": 531.963,
                  "Actual Rows": 933043,
                  "Actual Loops": 7,
                  "Filter": "(person_id < 630528)",
                  "Rows Removed by Filter": 4244721
                }
              ]
            }
          ]
        }
      ]
    },
    "Planning Time": 0.17,
    "Triggers": [],
    "Execution Time": 639.292
  }
]