{
  "Plan": {
    "Node Type": "Aggregate",
    "Strategy": "Plain",
    "Partial Mode": "Finalize",
    "Parallel Aware": false,
    "Startup Cost": 97490.3,
    "Total Cost": 97490.31,
    "Plan Rows": 1,
    "Plan Width": 8,
    "Actual Startup Time": 231.806,
    "Actual Total Time": 259.401,
    "Actual Rows": 1,
    "Actual Loops": 1,
    "Plans": [
      {
        "Node Type": "Gather",
        "Parent Relationship": "Outer",
        "Parallel Aware": false,
        "Startup Cost": 97490.19,
        "Total Cost": 97490.3,
        "Plan Rows": 1,
        "Plan Width": 8,
        "Actual Startup Time": 231.583,
        "Actual Total Time": 259.393,
        "Actual Rows": 2,
        "Actual Loops": 1,
        "Workers Planned": 1,
        "Workers Launched": 1,
        "Single Copy": false,
        "Plans": [
          {
            "Node Type": "Aggregate",
            "Strategy": "Plain",
            "Partial Mode": "Partial",
            "Parent Relationship": "Outer",
            "Parallel Aware": false,
            "Startup Cost": 96490.19,
            "Total Cost": 96490.2,
            "Plan Rows": 1,
            "Plan Width": 8,
            "Actual Startup Time": 225.554,
            "Actual Total Time": 225.556,
            "Actual Rows": 1,
            "Actual Loops": 2,
            "Plans": [
              {
                "Node Type": "Nested Loop",
                "Parent Relationship": "Outer",
                "Parallel Aware": false,
                "Join Type": "Inner",
                "Startup Cost": 0.86,
                "Total Cost": 96465.87,
                "Plan Rows": 9729,
                "Plan Width": 0,
                "Actual Startup Time": 95.52,
                "Actual Total Time": 223.289,
                "Actual Rows": 36148,
                "Actual Loops": 2,
                "Inner Unique": false,
                "Join Filter": "(t.id = mi.movie_id)",
                "Rows Removed by Join Filter": 0,
                "Plans": [
                  {
                    "Node Type": "Nested Loop",
                    "Parent Relationship": "Outer",
                    "Parallel Aware": false,
                    "Join Type": "Inner",
                    "Startup Cost": 0.43,
                    "Total Cost": 91394.14,
                    "Plan Rows": 2609,
                    "Plan Width": 8,
                    "Actual Startup Time": 95.449,
                    "Actual Total Time": 162.642,
                    "Actual Rows": 4058,
                    "Actual Loops": 2,
                    "Inner Unique": false,
                    "Plans": [
                      {
                        "Node Type": "Seq Scan",
                        "Parent Relationship": "Outer",
                        "Parallel Aware": true,
                        "Relation Name": "title",
                        "Alias": "t",
                        "Startup Cost": 0.0,
                        "Total Cost": 54588.39,
                        "Plan Rows": 2528,
                        "Plan Width": 4,
                        "Actual Startup Time": 79.134,
                        "Actual Total Time": 143.193,
                        "Actual Rows": 2257,
                        "Actual Loops": 2,
                        "Filter": "(production_year = 1917)",
                        "Rows Removed by Filter": 1261899
                      },
                      {
                        "Node Type": "Index Only Scan",
                        "Parent Relationship": "Inner",
                        "Parallel Aware": false,
                        "Scan Direction": "Forward",
                        "Index Name": "movie_id_movie_companies",
                        "Relation Name": "movie_companies",
                        "Alias": "mc",
                        "Startup Cost": 0.43,
                        "Total Cost": 14.51,
                        "Plan Rows": 5,
                        "Plan Width": 4,
                        "Actual Startup Time": 0.006,
                        "Actual Total Time": 0.008,
                        "Actual Rows": 2,
                        "Actual Loops": 4514,
                        "Index Cond": "(movie_id = t.id)",
                        "Rows Removed by Index Recheck": 0,
                        "Heap Fetches": 8117
                      }
                    ]
                  },
                  {
                    "Node Type": "Index Scan",
                    "Parent Relationship": "Inner",
                    "Parallel Aware": false,
                    "Scan Direction": "Forward",
                    "Index Name": "movie_id_movie_info",
                    "Relation Name": "movie_info",
                    "Alias": "mi",
                    "Startup Cost": 0.43,
                    "Total Cost": 1.61,
                    "Plan Rows": 27,
                    "Plan Width": 4,
                    "Actual Startup Time": 0.006,
                    "Actual Total Time": 0.014,
                    "Actual Rows": 9,
                    "Actual Loops": 8117,
                    "Index Cond": "(movie_id = mc.movie_id)",
                    "Rows Removed by Index Recheck": 0,
                    "Filter": "(info_type_id > 5)",
                    "Rows Removed by Filter": 3
                  }
                ]
              }
            ]
          }
        ]
      }
    ]
  },
  "Planning Time": 0.803,
  "Triggers": [],
  "Execution Time": 259.481
}