[
  {
    "Plan": {
      "Node Type": "Aggregate",
      "Strategy": "Plain",
      "Partial Mode": "Finalize",
      "Parallel Aware": false,
      "Startup Cost": 35440.26,
      "Total Cost": 35440.27,
      "Plan Rows": 1,
      "Plan Width": 8,
      "Actual Startup Time": 41.568,
      "Actual Total Time": 46.872,
      "Actual Rows": 1,
      "Actual Loops": 1,
      "Plans": [
        {
          "Node Type": "Gather",
          "Parent Relationship": "Outer",
          "Parallel Aware": false,
          "Startup Cost": 35440.04,
          "Total Cost": 35440.25,
          "Plan Rows": 2,
          "Plan Width": 8,
          "Actual Startup Time": 41.385,
          "Actual Total Time": 46.866,
          "Actual Rows": 3,
          "Actual Loops": 1,
          "Workers Planned": 2,
          "Workers Launched": 2,
          "Single Copy": false,
          "Plans": [
            {
              "Node Type": "Aggregate",
              "Strategy": "Plain",
              "Partial Mode": "Partial",
              "Parent Relationship": "Outer",
              "Parallel Aware": false,
              "Startup Cost": 34440.04,
              "Total Cost": 34440.05,
              "Plan Rows": 1,
              "Plan Width": 8,
              "Actual Startup Time": 33.656,
              "Actual Total Time": 33.657,
              "Actual Rows": 1,
              "Actual Loops": 3,
              "Plans": [
                {
                  "Node Type": "Nested Loop",
                  "Parent Relationship": "Outer",
                  "Parallel Aware": false,
                  "Join Type": "Inner",
                  "Startup Cost": 144.28,
                  "Total Cost": 34437.33,
                  "Plan Rows": 1084,
                  "Plan Width": 0,
                  "Actual Startup Time": 2.692,
                  "Actual Total Time": 33.361,
                  "Actual Rows": 1630,
                  "Actual Loops": 3,
                  "Inner Unique": true,
                  "Plans": [
                    {
                      "Node Type": "Bitmap Heap Scan",
                      "Parent Relationship": "Outer",
                      "Parallel Aware": true,
                      "Relation Name": "movie_keyword",
                      "Alias": "mk",
                      "Startup Cost": 143.85,
                      "Total Cost": 14982.0,
                      "Plan Rows": 2765,
                      "Plan Width": 4,
                      "Actual Startup Time": 2.432,
                      "Actual Total Time": 11.481,
                      "Actual Rows": 1911,
                      "Actual Loops": 3,
                      "Recheck Cond": "(keyword_id = 249)",
                      "Rows Removed by Index Recheck": 0,
                      "Exact Heap Blocks": 3651,
                      "Lossy Heap Blocks": 0,
                      "Plans": [
                        {
                          "Node Type": "Bitmap Index Scan",
                          "Parent Relationship": "Outer",
                          "Parallel Aware": false,
                          "Index Name": "keyword_id_movie_keyword",
                          "Startup Cost": 0.0,
                          "Total Cost": 142.19,
                          "Plan Rows": 6635,
                          "Plan Width": 0,
                          "Actual Startup Time": 4.497,
                          "Actual Total Time": 4.497,
                          "Actual Rows": 5733,
                          "Actual Loops": 1,
                          "Index Cond": "(keyword_id = 249)"
                        }
                      ]
                    },
                    {
                      "Node Type": "Index Scan",
                      "Parent Relationship": "Inner",
                      "Parallel Aware": false,
                      "Scan Direction": "Forward",
                      "Index Name": "title_pkey",
                      "Relation Name": "title",
                      "Alias": "t",
                      "Startup Cost": 0.43,
                      "Total Cost": 7.04,
                      "Plan Rows": 1,
                      "Plan Width": 4,
                      "Actual Startup Time": 0.011,
                      "Actual Total Time": 0.011,
                      "Actual Rows": 1,
                      "Actual Loops": 5733,
                      "Index Cond": "(id = mk.movie_id)",
                      "Rows Removed by Index Recheck": 0,
                      "Filter": "(kind_id < 7)",
                      "Rows Removed by Filter": 0
                    }
                  ]
                }
              ]
            }
          ]
        }
      ]
    },
    "Planning Time": 0.618,
    "Triggers": [],
    "Execution Time": 46.953
  }
]