[
  {
    "Plan": {
      "Node Type": "Aggregate",
      "Strategy": "Plain",
      "Partial Mode": "Finalize",
      "Parallel Aware": false,
      "Startup Cost": 40578.17,
      "Total Cost": 40578.18,
      "Plan Rows": 1,
      "Plan Width": 8,
      "Actual Startup Time": 154.889,
      "Actual Total Time": 168.299,
      "Actual Rows": 1,
      "Actual Loops": 1,
      "Plans": [
        {
          "Node Type": "Gather",
          "Parent Relationship": "Outer",
          "Parallel Aware": false,
          "Startup Cost": 40577.85,
          "Total Cost": 40578.16,
          "Plan Rows": 3,
          "Plan Width": 8,
          "Actual Startup Time": 154.557,
          "Actual Total Time": 168.291,
          "Actual Rows": 4,
          "Actual Loops": 1,
          "Workers Planned": 3,
          "Workers Launched": 3,
          "Single Copy": false,
          "Plans": [
            {
              "Node Type": "Aggregate",
              "Strategy": "Plain",
              "Partial Mode": "Partial",
              "Parent Relationship": "Outer",
              "Parallel Aware": false,
              "Startup Cost": 39577.85,
              "Total Cost": 39577.86,
              "Plan Rows": 1,
              "Plan Width": 8,
              "Actual Startup Time": 143.836,
              "Actual Total Time": 143.838,
              "Actual Rows": 1,
              "Actual Loops": 4,
              "Plans": [
                {
                  "Node Type": "Bitmap Heap Scan",
                  "Parent Relationship": "Outer",
                  "Parallel Aware": true,
                  "Relation Name": "movie_keyword",
                  "Alias": "mk",
                  "Startup Cost": 12315.11,
                  "Total Cost": 39109.73,
                  "Plan Rows": 187250,
                  "Plan Width": 0,
                  "Actual Startup Time": 45.391,
                  "Actual Total Time": 133.083,
                  "Actual Rows": 147710,
                  "Actual Loops": 4,
                  "Recheck Cond": "(keyword_id < 430)",
                  "Rows Removed by Index Recheck": 0,
                  "Exact Heap Blocks": 13734,
                  "Lossy Heap Blocks": 0,
                  "Plans": [
                    {
                      "Node Type": "Bitmap Index Scan",
                      "Parent Relationship": "Outer",
                      "Parallel Aware": false,
                      "Index Name": "keyword_id_movie_keyword",
                      "Startup Cost": 0.0,
                      "Total Cost": 12169.99,
                      "Plan Rows": 580474,
                      "Plan Width": 0,
                      "Actual Startup Time": 50.881,
                      "Actual Total Time": 50.881,
                      "Actual Rows": 590840,
                      "Actual Loops": 1,
                      "Index Cond": "(keyword_id < 430)"
                    }
                  ]
                }
              ]
            }
          ]
        }
      ]
    },
    "Planning Time": 0.125,
    "Triggers": [],
    "Execution Time": 168.354
  }
]