[
  {
    "Plan": {
      "Node Type": "Aggregate",
      "Strategy": "Plain",
      "Partial Mode": "Finalize",
      "Parallel Aware": false,
      "Startup Cost": 74394.11,
      "Total Cost": 74394.12,
      "Plan Rows": 1,
      "Plan Width": 8,
      "Actual Startup Time": 242.978,
      "Actual Total Time": 261.439,
      "Actual Rows": 1,
      "Actual Loops": 1,
      "Plans": [
        {
          "Node Type": "Gather",
          "Parent Relationship": "Outer",
          "Parallel Aware": false,
          "Startup Cost": 74393.79,
          "Total Cost": 74394.1,
          "Plan Rows": 3,
          "Plan Width": 8,
          "Actual Startup Time": 240.389,
          "Actual Total Time": 261.429,
          "Actual Rows": 4,
          "Actual Loops": 1,
          "Workers Planned": 3,
          "Workers Launched": 3,
          "Single Copy": false,
          "Plans": [
            {
              "Node Type": "Aggregate",
              "Strategy": "Plain",
              "Partial Mode": "Partial",
              "Parent Relationship": "Outer",
              "Parallel Aware": false,
              "Startup Cost": 73393.79,
              "Total Cost": 73393.8,
              "Plan Rows": 1,
              "Plan Width": 8,
              "Actual Startup Time": 231.127,
              "Actual Total Time": 231.131,
              "Actual Rows": 1,
              "Actual Loops": 4,
              "Plans": [
                {
                  "Node Type": "Hash Join",
                  "Parent Relationship": "Outer",
                  "Parallel Aware": true,
                  "Join Type": "Inner",
                  "Startup Cost": 52802.5,
                  "Total Cost": 73364.71,
                  "Plan Rows": 11633,
                  "Plan Width": 0,
                  "Actual Startup Time": 211.439,
                  "Actual Total Time": 230.989,
                  "Actual Rows": 1902,
                  "Actual Loops": 4,
                  "Inner Unique": true,
                  "Hash Cond": "(mc.movie_id = t.id)",
                  "Plans": [
                    {
                      "Node Type": "Bitmap Heap Scan",
                      "Parent Relationship": "Outer",
                      "Parallel Aware": true,
                      "Relation Name": "movie_companies",
                      "Alias": "mc",
                      "Startup Cost": 7244.79,
                      "Total Cost": 27661.51,
                      "Plan Rows": 55424,
                      "Plan Width": 4,
                      "Actual Startup Time": 43.637,
                      "Actual Total Time": 55.693,
                      "Actual Rows": 17331,
                      "Actual Loops": 4,
                      "Recheck Cond": "(company_id < 164)",
                      "Rows Removed by Index Recheck": 0,
                      "Filter": "(company_type_id = 2)",
                      "Rows Removed by Filter": 65149,
                      "Exact Heap Blocks": 7704,
                      "Lossy Heap Blocks": 0,
                      "Plans": [
                        {
                          "Node Type": "Bitmap Index Scan",
                          "Parent Relationship": "Outer",
                          "Parallel Aware": false,
                          "Index Name": "company_id_movie_companies",
                          "Startup Cost": 0.0,
                          "Total Cost": 7201.84,
                          "Plan Rows": 336188,
                          "Plan Width": 0,
                          "Actual Startup Time": 15.805,
                          "Actual Total Time": 15.806,
                          "Actual Rows": 329920,
                          "Actual Loops": 1,
                          "Index Cond": "(company_id < 164)"
                        }
                      ]
                    },
                    {
                      "Node Type": "Hash",
                      "Parent Relationship": "Inner",
                      "Parallel Aware": true,
                      "Startup Cost": 43899.32,
                      "Total Cost": 43899.32,
                      "Plan Rows": 132671,
                      "Plan Width": 4,
                      "Actual Startup Time": 162.416,
                      "Actual Total Time": 162.417,
                      "Actual Rows": 133342,
                      "Actual Loops": 4,
                      "Hash Buckets": 1048576,
                      "Original Hash Buckets": 1048576,
                      "Hash Batches": 1,
                      "Original Hash Batches": 1,
                      "Peak Memory Usage": 29120,
                      "Plans": [
                        {
                          "Node Type": "Seq Scan",
                          "Parent Relationship": "Outer",
                          "Parallel Aware": true,
                          "Relation Name": "title",
                          "Alias": "t",
                          "Startup Cost": 0.0,
                          "Total Cost": 43899.32,
                          "Plan Rows": 132671,
                          "Plan Width": 4,
                          "Actual Startup Time": 0.047,
                          "Actual Total Time": 105.01,
                          "Actual Rows": 133342,
                          "Actual Loops": 4,
                          "Filter": "(production_year > 2009)",
                          "Rows Removed by Filter": 498736
                        }
                      ]
                    }
                  ]
                }
              ]
            }
          ]
        }
      ]
    },
    "Planning Time": 0.69,
    "Triggers": [],
    "Execution Time": 261.53
  }
]