[
  {
    "Plan": {
      "Node Type": "Aggregate",
      "Strategy": "Plain",
      "Partial Mode": "Finalize",
      "Parallel Aware": false,
      "Startup Cost": 73927.98,
      "Total Cost": 73927.99,
      "Plan Rows": 1,
      "Plan Width": 8,
      "Actual Startup Time": 181.123,
      "Actual Total Time": 196.762,
      "Actual Rows": 1,
      "Actual Loops": 1,
      "Plans": [
        {
          "Node Type": "Gather",
          "Parent Relationship": "Outer",
          "Parallel Aware": false,
          "Startup Cost": 73927.56,
          "Total Cost": 73927.97,
          "Plan Rows": 4,
          "Plan Width": 8,
          "Actual Startup Time": 180.255,
          "Actual Total Time": 196.751,
          "Actual Rows": 5,
          "Actual Loops": 1,
          "Workers Planned": 4,
          "Workers Launched": 4,
          "Single Copy": false,
          "Plans": [
            {
              "Node Type": "Aggregate",
              "Strategy": "Plain",
              "Partial Mode": "Partial",
              "Parent Relationship": "Outer",
              "Parallel Aware": false,
              "Startup Cost": 72927.56,
              "Total Cost": 72927.57,
              "Plan Rows": 1,
              "Plan Width": 8,
              "Actual Startup Time": 170.496,
              "Actual Total Time": 170.499,
              "Actual Rows": 1,
              "Actual Loops": 5,
              "Plans": [
                {
                  "Node Type": "Hash Join",
                  "Parent Relationship": "Outer",
                  "Parallel Aware": true,
                  "Join Type": "Inner",
                  "Startup Cost": 28307.54,
                  "Total Cost": 72905.06,
                  "Plan Rows": 9000,
                  "Plan Width": 0,
                  "Actual Startup Time": 85.278,
                  "Actual Total Time": 170.33,
                  "Actual Rows": 1522,
                  "Actual Loops": 5,
                  "Inner Unique": false,
                  "Hash Cond": "(t.id = mc.movie_id)",
                  "Plans": [
                    {
                      "Node Type": "Seq Scan",
                      "Parent Relationship": "Outer",
                      "Parallel Aware": true,
                      "Relation Name": "title",
                      "Alias": "t",
                      "Startup Cost": 0.0,
                      "Total Cost": 43898.92,
                      "Plan Rows": 133914,
                      "Plan Width": 4,
                      "Actual Startup Time": 0.012,
                      "Actual Total Time": 68.627,
                      "Actual Rows": 106674,
                      "Actual Loops": 5,
                      "Filter": "(production_year > 2009)",
                      "Rows Removed by Filter": 398989
                    },
                    {
                      "Node Type": "Hash",
                      "Parent Relationship": "Inner",
                      "Parallel Aware": true,
                      "Startup Cost": 27622.36,
                      "Total Cost": 27622.36,
                      "Plan Rows": 54815,
                      "Plan Width": 4,
                      "Actual Startup Time": 83.324,
                      "Actual Total Time": 83.325,
                      "Actual Rows": 13865,
                      "Actual Loops": 5,
                      "Hash Buckets": 262144,
                      "Original Hash Buckets": 262144,
                      "Hash Batches": 1,
                      "Original Hash Batches": 1,
                      "Peak Memory Usage": 4832,
                      "Plans": [
                        {
                          "Node Type": "Bitmap Heap Scan",
                          "Parent Relationship": "Outer",
                          "Parallel Aware": true,
                          "Relation Name": "movie_companies",
                          "Alias": "mc",
                          "Startup Cost": 7212.97,
                          "Total Cost": 27622.36,
                          "Plan Rows": 54815,
                          "Plan Width": 4,
                          "Actual Startup Time": 67.72,
                          "Actual Total Time": 78.842,
                          "Actual Rows": 13865,
                          "Actual Loops": 5,
                          "Recheck Cond": "(company_id < 164)",
                          "Rows Removed by Index Recheck": 0,
                          "Filter": "(company_type_id = 2)",
                          "Rows Removed by Filter": 52119,
                          "Exact Heap Blocks": 8619,
                          "Lossy Heap Blocks": 0,
                          "Plans": [
                            {
                              "Node Type": "Bitmap Index Scan",
                              "Parent Relationship": "Outer",
                              "Parallel Aware": false,
                              "Index Name": "company_id_movie_companies",
                              "Startup Cost": 0.0,
                              "Total Cost": 7170.49,
                              "Plan Rows": 334674,
                              "Plan Width": 0,
                              "Actual Startup Time": 32.341,
                              "Actual Total Time": 32.341,
                              "Actual Rows": 329920,
                              "Actual Loops": 1,
                              "Index Cond": "(company_id < 164)"
                            }
                          ]
                        }
                      ]
                    }
                  ]
                }
              ]
            }
          ]
        }
      ]
    },
    "Planning Time": 0.701,
    "Triggers": [],
    "Execution Time": 196.859
  }
]