[
  {
    "Plan": {
      "Node Type": "Aggregate",
      "Strategy": "Plain",
      "Partial Mode": "Finalize",
      "Parallel Aware": false,
      "Startup Cost": 81107.31,
      "Total Cost": 81107.32,
      "Plan Rows": 1,
      "Plan Width": 8,
      "Actual Startup Time": 225.137,
      "Actual Total Time": 244.095,
      "Actual Rows": 1,
      "Actual Loops": 1,
      "Plans": [
        {
          "Node Type": "Gather",
          "Parent Relationship": "Outer",
          "Parallel Aware": false,
          "Startup Cost": 81106.89,
          "Total Cost": 81107.3,
          "Plan Rows": 4,
          "Plan Width": 8,
          "Actual Startup Time": 224.054,
          "Actual Total Time": 244.085,
          "Actual Rows": 5,
          "Actual Loops": 1,
          "Workers Planned": 4,
          "Workers Launched": 4,
          "Single Copy": false,
          "Plans": [
            {
              "Node Type": "Aggregate",
              "Strategy": "Plain",
              "Partial Mode": "Partial",
              "Parent Relationship": "Outer",
              "Parallel Aware": false,
              "Startup Cost": 80106.89,
              "Total Cost": 80106.9,
              "Plan Rows": 1,
              "Plan Width": 8,
              "Actual Startup Time": 214.763,
              "Actual Total Time": 214.766,
              "Actual Rows": 1,
              "Actual Loops": 5,
              "Plans": [
                {
                  "Node Type": "Hash Join",
                  "Parent Relationship": "Outer",
                  "Parallel Aware": true,
                  "Join Type": "Inner",
                  "Startup Cost": 33348.91,
                  "Total Cost": 79884.09,
                  "Plan Rows": 89120,
                  "Plan Width": 0,
                  "Actual Startup Time": 160.028,
                  "Actual Total Time": 213.722,
                  "Actual Rows": 23127,
                  "Actual Loops": 5,
                  "Inner Unique": false,
                  "Hash Cond": "(t.id = mc.movie_id)",
                  "Plans": [
                    {
                      "Node Type": "Seq Scan",
                      "Parent Relationship": "Outer",
                      "Parallel Aware": true,
                      "Relation Name": "title",
                      "Alias": "t",
                      "Startup Cost": 0.0,
                      "Total Cost": 43898.92,
                      "Plan Rows": 469758,
                      "Plan Width": 4,
                      "Actual Startup Time": 0.015,
                      "Actual Total Time": 78.647,
                      "Actual Rows": 374240,
                      "Actual Loops": 5,
                      "Filter": "(production_year > 1984)",
                      "Rows Removed by Filter": 131423
                    },
                    {
                      "Node Type": "Hash",
                      "Parent Relationship": "Inner",
                      "Parallel Aware": true,
                      "Startup Cost": 31414.82,
                      "Total Cost": 31414.82,
                      "Plan Rows": 154727,
                      "Plan Width": 4,
                      "Actual Startup Time": 79.714,
                      "Actual Total Time": 79.715,
                      "Actual Rows": 34750,
                      "Actual Loops": 5,
                      "Hash Buckets": 524288,
                      "Original Hash Buckets": 524288,
                      "Hash Batches": 1,
                      "Original Hash Batches": 1,
                      "Peak Memory Usage": 11008,
                      "Plans": [
                        {
                          "Node Type": "Seq Scan",
                          "Parent Relationship": "Outer",
                          "Parallel Aware": true,
                          "Relation Name": "movie_companies",
                          "Alias": "mc",
                          "Startup Cost": 0.0,
                          "Total Cost": 31414.82,
                          "Plan Rows": 154727,
                          "Plan Width": 4,
                          "Actual Startup Time": 21.52,
                          "Actual Total Time": 67.416,
                          "Actual Rows": 34750,
                          "Actual Loops": 5,
                          "Filter": "((company_id > 17139) AND (company_type_id = 1))",
                          "Rows Removed by Filter": 487075
                        }
                      ]
                    }
                  ]
                }
              ]
            }
          ]
        }
      ]
    },
    "Planning Time": 0.645,
    "Triggers": [],
    "Execution Time": 244.177
  }
]