[
  {
    "Plan": {
      "Node Type": "Aggregate",
      "Strategy": "Plain",
      "Partial Mode": "Finalize",
      "Parallel Aware": false,
      "Startup Cost": 46941.49,
      "Total Cost": 46941.5,
      "Plan Rows": 1,
      "Plan Width": 8,
      "Actual Startup Time": 108.863,
      "Actual Total Time": 120.697,
      "Actual Rows": 1,
      "Actual Loops": 1,
      "Plans": [
        {
          "Node Type": "Gather",
          "Parent Relationship": "Outer",
          "Parallel Aware": false,
          "Startup Cost": 46941.07,
          "Total Cost": 46941.48,
          "Plan Rows": 4,
          "Plan Width": 8,
          "Actual Startup Time": 108.734,
          "Actual Total Time": 120.69,
          "Actual Rows": 5,
          "Actual Loops": 1,
          "Workers Planned": 4,
          "Workers Launched": 4,
          "Single Copy": false,
          "Plans": [
            {
              "Node Type": "Aggregate",
              "Strategy": "Plain",
              "Partial Mode": "Partial",
              "Parent Relationship": "Outer",
              "Parallel Aware": false,
              "Startup Cost": 45941.07,
              "Total Cost": 45941.08,
              "Plan Rows": 1,
              "Plan Width": 8,
              "Actual Startup Time": 101.417,
              "Actual Total Time": 101.418,
              "Actual Rows": 1,
              "Actual Loops": 5,
              "Plans": [
                {
                  "Node Type": "Seq Scan",
                  "Parent Relationship": "Outer",
                  "Parallel Aware": true,
                  "Relation Name": "title",
                  "Alias": "t",
                  "Startup Cost": 0.0,
                  "Total Cost": 45479.1,
                  "Plan Rows": 184789,
                  "Plan Width": 0,
                  "Actual Startup Time": 0.037,
                  "Actual Total Time": 91.752,
                  "Actual Rows": 160034,
                  "Actual Loops": 5,
                  "Filter": "((kind_id > 4) AND (production_year > 2003))",
                  "Rows Removed by Filter": 345628
                }
              ]
            }
          ]
        }
      ]
    },
    "Planning Time": 0.099,
    "Triggers": [],
    "Execution Time": 120.734
  }
]