{
  "Plan": {
    "Node Type": "Aggregate",
    "Strategy": "Plain",
    "Partial Mode": "Finalize",
    "Parallel Aware": false,
    "Startup Cost": 617517.38,
    "Total Cost": 617517.39,
    "Plan Rows": 1,
    "Plan Width": 8,
    "Actual Startup Time": 8232.039,
    "Actual Total Time": 8317.972,
    "Actual Rows": 1,
    "Actual Loops": 1,
    "Plans": [
      {
        "Node Type": "Gather",
        "Parent Relationship": "Outer",
        "Parallel Aware": false,
        "Startup Cost": 617517.27,
        "Total Cost": 617517.38,
        "Plan Rows": 1,
        "Plan Width": 8,
        "Actual Startup Time": 8232.028,
        "Actual Total Time": 8317.965,
        "Actual Rows": 2,
        "Actual Loops": 1,
        "Workers Planned": 1,
        "Workers Launched": 1,
        "Single Copy": false,
        "Plans": [
          {
            "Node Type": "Aggregate",
            "Strategy": "Plain",
            "Partial Mode": "Partial",
            "Parent Relationship": "Outer",
            "Parallel Aware": false,
            "Startup Cost": 616517.27,
            "Total Cost": 616517.28,
            "Plan Rows": 1,
            "Plan Width": 8,
            "Actual Startup Time": 8225.38,
            "Actual Total Time": 8225.383,
            "Actual Rows": 1,
            "Actual Loops": 2,
            "Plans": [
              {
                "Node Type": "Nested Loop",
                "Parent Relationship": "Outer",
                "Parallel Aware": false,
                "Join Type": "Inner",
                "Startup Cost": 61256.6,
                "Total Cost": 609162.55,
                "Plan Rows": 2941887,
                "Plan Width": 0,
                "Actual Startup Time": 187.672,
                "Actual Total Time": 7542.721,
                "Actual Rows": 15813452,
                "Actual Loops": 2,
                "Inner Unique": false,
                "Join Filter": "(t.id = ci.movie_id)",
                "Rows Removed by Join Filter": 0,
                "Plans": [
                  {
                    "Node Type": "Hash Join",
                    "Parent Relationship": "Outer",
                    "Parallel Aware": true,
                    "Join Type": "Inner",
                    "Startup Cost": 61256.03,
                    "Total Cost": 122371.03,
                    "Plan Rows": 205309,
                    "Plan Width": 8,
                    "Actual Startup Time": 187.57,
                    "Actual Total Time": 522.137,
                    "Actual Rows": 240523,
                    "Actual Loops": 2,
                    "Inner Unique": true,
                    "Hash Cond": "(mk.movie_id = t.id)",
                    "Plans": [
                      {
                        "Node Type": "Seq Scan",
                        "Parent Relationship": "Outer",
                        "Parallel Aware": true,
                        "Relation Name": "movie_keyword",
                        "Alias": "mk",
                        "Startup Cost": 0.0,
                        "Total Cost": 57718.19,
                        "Plan Rows": 1294018,
                        "Plan Width": 4,
                        "Actual Startup Time": 0.436,
                        "Actual Total Time": 186.634,
                        "Actual Rows": 1098805,
                        "Actual Loops": 2,
                        "Filter": "(keyword_id > 5091)",
                        "Rows Removed by Filter": 1163160
                      },
                      {
                        "Node Type": "Hash",
                        "Parent Relationship": "Inner",
                        "Parallel Aware": true,
                        "Startup Cost": 58306.47,
                        "Total Cost": 58306.47,
                        "Plan Rows": 235965,
                        "Plan Width": 4,
                        "Actual Startup Time": 181.626,
                        "Actual Total Time": 181.627,
                        "Actual Rows": 167996,
                        "Actual Loops": 2,
                        "Hash Buckets": 524288,
                        "Original Hash Buckets": 524288,
                        "Hash Batches": 1,
                        "Original Hash Batches": 1,
                        "Peak Memory Usage": 17280,
                        "Plans": [
                          {
                            "Node Type": "Seq Scan",
                            "Parent Relationship": "Outer",
                            "Parallel Aware": true,
                            "Relation Name": "title",
                            "Alias": "t",
                            "Startup Cost": 0.0,
                            "Total Cost": 58306.47,
                            "Plan Rows": 235965,
                            "Plan Width": 4,
                            "Actual Startup Time": 0.049,
                            "Actual Total Time": 144.144,
                            "Actual Rows": 167996,
                            "Actual Loops": 2,
                            "Filter": "((kind_id < 7) AND (production_year > 2005))",
                            "Rows Removed by Filter": 1096160
                          }
                        ]
                      }
                    ]
                  },
                  {
                    "Node Type": "Index Only Scan",
                    "Parent Relationship": "Inner",
                    "Parallel Aware": false,
                    "Scan Direction": "Forward",
                    "Index Name": "movie_id_cast_info",
                    "Relation Name": "cast_info",
                    "Alias": "ci",
                    "Startup Cost": 0.56,
                    "Total Cost": 1.91,
                    "Plan Rows": 37,
                    "Plan Width": 4,
                    "Actual Startup Time": 0.004,
                    "Actual Total Time": 0.024,
                    "Actual Rows": 66,
                    "Actual Loops": 481046,
                    "Index Cond": "(movie_id = mk.movie_id)",
                    "Rows Removed by Index Recheck": 0,
                    "Heap Fetches": 31626903
                  }
                ]
              }
            ]
          }
        ]
      }
    ]
  },
  "Planning Time": 0.93,
  "Triggers": [],
  "Execution Time": 8318.076
}