[
  {
    "Plan": {
      "Node Type": "Aggregate",
      "Strategy": "Plain",
      "Partial Mode": "Finalize",
      "Parallel Aware": false,
      "Startup Cost": 604129.24,
      "Total Cost": 604129.25,
      "Plan Rows": 1,
      "Plan Width": 8,
      "Actual Startup Time": 2692.469,
      "Actual Total Time": 2751.774,
      "Actual Rows": 1,
      "Actual Loops": 1,
      "Plans": [
        {
          "Node Type": "Gather",
          "Parent Relationship": "Outer",
          "Parallel Aware": false,
          "Startup Cost": 604128.62,
          "Total Cost": 604129.23,
          "Plan Rows": 6,
          "Plan Width": 8,
          "Actual Startup Time": 2659.167,
          "Actual Total Time": 2751.755,
          "Actual Rows": 7,
          "Actual Loops": 1,
          "Workers Planned": 6,
          "Workers Launched": 6,
          "Single Copy": false,
          "Plans": [
            {
              "Node Type": "Aggregate",
              "Strategy": "Plain",
              "Partial Mode": "Partial",
              "Parent Relationship": "Outer",
              "Parallel Aware": false,
              "Startup Cost": 603128.62,
              "Total Cost": 603128.63,
              "Plan Rows": 1,
              "Plan Width": 8,
              "Actual Startup Time": 2641.193,
              "Actual Total Time": 2641.35,
              "Actual Rows": 1,
              "Actual Loops": 7,
              "Plans": [
                {
                  "Node Type": "Hash Join",
                  "Parent Relationship": "Outer",
                  "Parallel Aware": true,
                  "Join Type": "Inner",
                  "Startup Cost": 248738.9,
                  "Total Cost": 596969.15,
                  "Plan Rows": 2463786,
                  "Plan Width": 0,
                  "Actual Startup Time": 567.066,
                  "Actual Total Time": 2524.741,
                  "Actual Rows": 2340501,
                  "Actual Loops": 7,
                  "Inner Unique": false,
                  "Hash Cond": "(ci.movie_id = t.id)",
                  "Plans": [
                    {
                      "Node Type": "Seq Scan",
                      "Parent Relationship": "Outer",
                      "Parallel Aware": true,
                      "Relation Name": "cast_info",
                      "Alias": "ci",
                      "Startup Cost": 0.0,
                      "Total Cost": 328211.39,
                      "Plan Rows": 4024342,
                      "Plan Width": 4,
                      "Actual Startup Time": 0.061,
                      "Actual Total Time": 753.161,
                      "Actual Rows": 3447243,
                      "Actual Loops": 7,
                      "Filter": "(role_id < 4)",
                      "Rows Removed by Filter": 1730521
                    },
                    {
                      "Node Type": "Hash",
                      "Parent Relationship": "Inner",
                      "Parallel Aware": true,
                      "Startup Cost": 244869.01,
                      "Total Cost": 244869.01,
                      "Plan Rows": 309591,
                      "Plan Width": 8,
                      "Actual Startup Time": 561.754,
                      "Actual Total Time": 561.909,
                      "Actual Rows": 219130,
                      "Actual Loops": 7,
                      "Hash Buckets": 2097152,
                      "Original Hash Buckets": 2097152,
                      "Hash Batches": 1,
                      "Original Hash Batches": 1,
                      "Peak Memory Usage": 76544,
                      "Plans": [
                        {
                          "Node Type": "Hash Join",
                          "Parent Relationship": "Outer",
                          "Parallel Aware": true,
                          "Join Type": "Inner",
                          "Startup Cost": 78193.45,
                          "Total Cost": 244869.01,
                          "Plan Rows": 309591,
                          "Plan Width": 8,
                          "Actual Startup Time": 328.288,
                          "Actual Total Time": 454.777,
                          "Actual Rows": 219130,
                          "Actual Loops": 7,
                          "Inner Unique": true,
                          "Hash Cond": "(mi.movie_id = t.id)",
                          "Plans": [
                            {
                              "Node Type": "Bitmap Heap Scan",
                              "Parent Relationship": "Outer",
                              "Parallel Aware": true,
                              "Relation Name": "movie_info",
                              "Alias": "mi",
                              "Startup Cost": 27973.07,
                              "Total Cost": 193835.95,
                              "Plan Rows": 309591,
                              "Plan Width": 4,
                              "Actual Startup Time": 44.248,
                              "Actual Total Time": 78.119,
                              "Actual Rows": 219130,
                              "Actual Loops": 7,
                              "Recheck Cond": "(info_type_id = 3)",
                              "Rows Removed by Index Recheck": 0,
                              "Exact Heap Blocks": 1824,
                              "Lossy Heap Blocks": 0,
                              "Plans": [
                                {
                                  "Node Type": "Bitmap Index Scan",
                                  "Parent Relationship": "Outer",
                                  "Parallel Aware": false,
                                  "Index Name": "info_type_id_movie_info",
                                  "Startup Cost": 0.0,
                                  "Total Cost": 27586.08,
                                  "Plan Rows": 1547953,
                                  "Plan Width": 0,
                                  "Actual Startup Time": 42.617,
                                  "Actual Total Time": 42.618,
                                  "Actual Rows": 1533909,
                                  "Actual Loops": 1,
                                  "Index Cond": "(info_type_id = 3)"
                                }
                              ]
                            },
                            {
                              "Node Type": "Hash",
                              "Parent Relationship": "Inner",
                              "Parallel Aware": true,
                              "Startup Cost": 42319.06,
                              "Total Cost": 42319.06,
                              "Plan Rows": 632106,
                              "Plan Width": 4,
                              "Actual Startup Time": 279.973,
                              "Actual Total Time": 279.975,
                              "Actual Rows": 361187,
                              "Actual Loops": 7,
                              "Hash Buckets": 4194304,
                              "Original Hash Buckets": 4194304,
                              "Hash Batches": 1,
                              "Original Hash Batches": 1,
                              "Peak Memory Usage": 131776,
                              "Plans": [
                                {
                                  "Node Type": "Seq Scan",
                                  "Parent Relationship": "Outer",
                                  "Parallel Aware": true,
                                  "Relation Name": "title",
                                  "Alias": "t",
                                  "Startup Cost": 0.0,
                                  "Total Cost": 42319.06,
                                  "Plan Rows": 632106,
                                  "Plan Width": 4,
                                  "Actual Startup Time": 0.058,
                                  "Actual Total Time": 82.159,
                                  "Actual Rows": 361187,
                                  "Actual Loops": 7
                                }
                              ]
                            }
                          ]
                        }
                      ]
                    }
                  ]
                }
              ]
            }
          ]
        }
      ]
    },
    "Planning Time": 1.376,
    "Triggers": [],
    "Execution Time": 2751.889
  }
]