[
    {
        "Bao": {
            "Bao prediction": 454.358,
            "Bao recommended hint": "(no hint)"
        }
    },
    {
        "Plan": {
            "Node Type": "Aggregate",
            "Strategy": "Plain",
            "Partial Mode": "Finalize",
            "Parallel Aware": false,
            "Startup Cost": 345779.27,
            "Total Cost": 345779.28,
            "Plan Rows": 1,
            "Plan Width": 8,
            "Actual Startup Time": 812.706,
            "Actual Total Time": 857.376,
            "Actual Rows": 1,
            "Actual Loops": 1,
            "Output": [
                "count(*)"
            ],
            "Plans": [
                {
                    "Node Type": "Gather",
                    "Parent Relationship": "Outer",
                    "Parallel Aware": false,
                    "Startup Cost": 345778.65,
                    "Total Cost": 345779.26,
                    "Plan Rows": 6,
                    "Plan Width": 8,
                    "Actual Startup Time": 812.616,
                    "Actual Total Time": 857.366,
                    "Actual Rows": 7,
                    "Actual Loops": 1,
                    "Output": [
                        "(PARTIAL count(*))"
                    ],
                    "Workers Planned": 6,
                    "Workers Launched": 6,
                    "Single Copy": false,
                    "Plans": [
                        {
                            "Node Type": "Aggregate",
                            "Strategy": "Plain",
                            "Partial Mode": "Partial",
                            "Parent Relationship": "Outer",
                            "Parallel Aware": false,
                            "Startup Cost": 344778.65,
                            "Total Cost": 344778.66,
                            "Plan Rows": 1,
                            "Plan Width": 8,
                            "Actual Startup Time": 803.456,
                            "Actual Total Time": 803.457,
                            "Actual Rows": 1,
                            "Actual Loops": 7,
                            "Output": [
                                "PARTIAL count(*)"
                            ],
                            "Workers": [
                                {
                                    "Worker Number": 0,
                                    "Actual Startup Time": 801.225,
                                    "Actual Total Time": 801.226,
                                    "Actual Rows": 1,
                                    "Actual Loops": 1
                                },
                                {
                                    "Worker Number": 1,
                                    "Actual Startup Time": 801.917,
                                    "Actual Total Time": 801.918,
                                    "Actual Rows": 1,
                                    "Actual Loops": 1
                                },
                                {
                                    "Worker Number": 2,
                                    "Actual Startup Time": 801.988,
                                    "Actual Total Time": 801.989,
                                    "Actual Rows": 1,
                                    "Actual Loops": 1
                                },
                                {
                                    "Worker Number": 3,
                                    "Actual Startup Time": 802.023,
                                    "Actual Total Time": 802.024,
                                    "Actual Rows": 1,
                                    "Actual Loops": 1
                                },
                                {
                                    "Worker Number": 4,
                                    "Actual Startup Time": 802.381,
                                    "Actual Total Time": 802.382,
                                    "Actual Rows": 1,
                                    "Actual Loops": 1
                                },
                                {
                                    "Worker Number": 5,
                                    "Actual Startup Time": 802.84,
                                    "Actual Total Time": 802.841,
                                    "Actual Rows": 1,
                                    "Actual Loops": 1
                                }
                            ],
                            "Plans": [
                                {
                                    "Node Type": "Seq Scan",
                                    "Parent Relationship": "Outer",
                                    "Parallel Aware": true,
                                    "Relation Name": "cast_info",
                                    "Schema": "public",
                                    "Alias": "ci",
                                    "Startup Cost": 0.0,
                                    "Total Cost": 343318.94,
                                    "Plan Rows": 583883,
                                    "Plan Width": 0,
                                    "Actual Startup Time": 434.247,
                                    "Actual Total Time": 781.872,
                                    "Actual Rows": 322290,
                                    "Actual Loops": 7,
                                    "Output": [
                                        "id",
                                        "person_id",
                                        "movie_id",
                                        "person_role_id",
                                        "note",
                                        "nr_order",
                                        "role_id"
                                    ],
                                    "Filter": "((ci.person_id < 794381) AND (ci.role_id > 2))",
                                    "Rows Removed by Filter": 4855474,
                                    "Workers": [
                                        {
                                            "Worker Number": 0,
                                            "Actual Startup Time": 431.982,
                                            "Actual Total Time": 780.393,
                                            "Actual Rows": 305724,
                                            "Actual Loops": 1
                                        },
                                        {
                                            "Worker Number": 1,
                                            "Actual Startup Time": 432.757,
                                            "Actual Total Time": 780.476,
                                            "Actual Rows": 314300,
                                            "Actual Loops": 1
                                        },
                                        {
                                            "Worker Number": 2,
                                            "Actual Startup Time": 432.781,
                                            "Actual Total Time": 780.857,
                                            "Actual Rows": 309615,
                                            "Actual Loops": 1
                                        },
                                        {
                                            "Worker Number": 3,
                                            "Actual Startup Time": 432.828,
                                            "Actual Total Time": 780.863,
                                            "Actual Rows": 309740,
                                            "Actual Loops": 1
                                        },
                                        {
                                            "Worker Number": 4,
                                            "Actual Startup Time": 433.152,
                                            "Actual Total Time": 781.461,
                                            "Actual Rows": 306891,
                                            "Actual Loops": 1
                                        },
                                        {
                                            "Worker Number": 5,
                                            "Actual Startup Time": 433.647,
                                            "Actual Total Time": 781.577,
                                            "Actual Rows": 311022,
                                            "Actual Loops": 1
                                        }
                                    ]
                                }
                            ]
                        }
                    ]
                }
            ]
        },
        "Planning Time": 2611.428,
        "Triggers": [],
        "Execution Time": 857.48
    }
]