[
  {
    "Plan": {
      "Node Type": "Aggregate",
      "Strategy": "Plain",
      "Partial Mode": "Finalize",
      "Parallel Aware": false,
      "Startup Cost": 32819.28,
      "Total Cost": 32819.29,
      "Plan Rows": 1,
      "Plan Width": 8,
      "Actual Startup Time": 110.443,
      "Actual Total Time": 118.403,
      "Actual Rows": 1,
      "Actual Loops": 1,
      "Plans": [
        {
          "Node Type": "Gather",
          "Parent Relationship": "Outer",
          "Parallel Aware": false,
          "Startup Cost": 32818.96,
          "Total Cost": 32819.27,
          "Plan Rows": 3,
          "Plan Width": 8,
          "Actual Startup Time": 110.333,
          "Actual Total Time": 118.394,
          "Actual Rows": 4,
          "Actual Loops": 1,
          "Workers Planned": 3,
          "Workers Launched": 3,
          "Single Copy": false,
          "Plans": [
            {
              "Node Type": "Aggregate",
              "Strategy": "Plain",
              "Partial Mode": "Partial",
              "Parent Relationship": "Outer",
              "Parallel Aware": false,
              "Startup Cost": 31818.96,
              "Total Cost": 31818.97,
              "Plan Rows": 1,
              "Plan Width": 8,
              "Actual Startup Time": 101.895,
              "Actual Total Time": 101.896,
              "Actual Rows": 1,
              "Actual Loops": 4,
              "Plans": [
                {
                  "Node Type": "Seq Scan",
                  "Parent Relationship": "Outer",
                  "Parallel Aware": true,
                  "Relation Name": "movie_companies",
                  "Alias": "mc",
                  "Startup Cost": 0.0,
                  "Total Cost": 31414.82,
                  "Plan Rows": 161657,
                  "Plan Width": 0,
                  "Actual Startup Time": 51.062,
                  "Actual Total Time": 91.723,
                  "Actual Rows": 204574,
                  "Actual Loops": 4,
                  "Filter": "((company_id > 16708) AND (company_type_id > 1))",
                  "Rows Removed by Filter": 447708
                }
              ]
            }
          ]
        }
      ]
    },
    "Planning Time": 0.266,
    "Triggers": [],
    "Execution Time": 118.459
  }
]