[
  {
    "Plan": {
      "Node Type": "Aggregate",
      "Strategy": "Plain",
      "Partial Mode": "Finalize",
      "Parallel Aware": false,
      "Startup Cost": 300873.05,
      "Total Cost": 300873.06,
      "Plan Rows": 1,
      "Plan Width": 8,
      "Actual Startup Time": 879.571,
      "Actual Total Time": 925.504,
      "Actual Rows": 1,
      "Actual Loops": 1,
      "Plans": [
        {
          "Node Type": "Gather",
          "Parent Relationship": "Outer",
          "Parallel Aware": false,
          "Startup Cost": 300872.53,
          "Total Cost": 300873.04,
          "Plan Rows": 5,
          "Plan Width": 8,
          "Actual Startup Time": 872.284,
          "Actual Total Time": 925.488,
          "Actual Rows": 6,
          "Actual Loops": 1,
          "Workers Planned": 5,
          "Workers Launched": 5,
          "Single Copy": false,
          "Plans": [
            {
              "Node Type": "Aggregate",
              "Strategy": "Plain",
              "Partial Mode": "Partial",
              "Parent Relationship": "Outer",
              "Parallel Aware": false,
              "Startup Cost": 299872.53,
              "Total Cost": 299872.54,
              "Plan Rows": 1,
              "Plan Width": 8,
              "Actual Startup Time": 861.922,
              "Actual Total Time": 862.134,
              "Actual Rows": 1,
              "Actual Loops": 6,
              "Plans": [
                {
                  "Node Type": "Hash Join",
                  "Parent Relationship": "Outer",
                  "Parallel Aware": true,
                  "Join Type": "Inner",
                  "Startup Cost": 94353.02,
                  "Total Cost": 298618.81,
                  "Plan Rows": 501489,
                  "Plan Width": 0,
                  "Actual Startup Time": 305.215,
                  "Actual Total Time": 855.784,
                  "Actual Rows": 139560,
                  "Actual Loops": 6,
                  "Inner Unique": false,
                  "Hash Cond": "(mi.movie_id = t.id)",
                  "Plans": [
                    {
                      "Node Type": "Seq Scan",
                      "Parent Relationship": "Outer",
                      "Parallel Aware": true,
                      "Relation Name": "movie_info",
                      "Alias": "mi",
                      "Startup Cost": 0.0,
                      "Total Cost": 191560.33,
                      "Plan Rows": 2956733,
                      "Plan Width": 4,
                      "Actual Startup Time": 0.065,
                      "Actual Total Time": 291.003,
                      "Actual Rows": 2472620,
                      "Actual Loops": 6
                    },
                    {
                      "Node Type": "Hash",
                      "Parent Relationship": "Inner",
                      "Parallel Aware": true,
                      "Startup Cost": 92623.9,
                      "Total Cost": 92623.9,
                      "Plan Rows": 138330,
                      "Plan Width": 8,
                      "Actual Startup Time": 301.813,
                      "Actual Total Time": 302.024,
                      "Actual Rows": 15399,
                      "Actual Loops": 6,
                      "Hash Buckets": 524288,
                      "Original Hash Buckets": 524288,
                      "Hash Batches": 1,
                      "Original Hash Batches": 1,
                      "Peak Memory Usage": 7808,
                      "Plans": [
                        {
                          "Node Type": "Hash Join",
                          "Parent Relationship": "Outer",
                          "Parallel Aware": true,
                          "Join Type": "Inner",
                          "Startup Cost": 49145.81,
                          "Total Cost": 92623.9,
                          "Plan Rows": 138330,
                          "Plan Width": 8,
                          "Actual Startup Time": 195.201,
                          "Actual Total Time": 294.618,
                          "Actual Rows": 15399,
                          "Actual Loops": 6,
                          "Inner Unique": true,
                          "Hash Cond": "(mk.movie_id = t.id)",
                          "Plans": [
                            {
                              "Node Type": "Seq Scan",
                              "Parent Relationship": "Outer",
                              "Parallel Aware": true,
                              "Relation Name": "movie_keyword",
                              "Alias": "mk",
                              "Startup Cost": 0.0,
                              "Total Cost": 42695.65,
                              "Plan Rows": 298069,
                              "Plan Width": 4,
                              "Actual Startup Time": 0.029,
                              "Actual Total Time": 67.309,
                              "Actual Rows": 155726,
                              "Actual Loops": 6,
                              "Filter": "(keyword_id < 875)",
                              "Rows Removed by Filter": 598262
                            },
                            {
                              "Node Type": "Hash",
                              "Parent Relationship": "Inner",
                              "Parallel Aware": true,
                              "Startup Cost": 45479.1,
                              "Total Cost": 45479.1,
                              "Plan Rows": 293337,
                              "Plan Width": 4,
                              "Actual Startup Time": 191.5,
                              "Actual Total Time": 191.5,
                              "Actual Rows": 210138,
                              "Actual Loops": 6,
                              "Hash Buckets": 2097152,
                              "Original Hash Buckets": 2097152,
                              "Hash Batches": 1,
                              "Original Hash Batches": 1,
                              "Peak Memory Usage": 65824,
                              "Plans": [
                                {
                                  "Node Type": "Seq Scan",
                                  "Parent Relationship": "Outer",
                                  "Parallel Aware": true,
                                  "Relation Name": "title",
                                  "Alias": "t",
                                  "Startup Cost": 0.0,
                                  "Total Cost": 45479.1,
                                  "Plan Rows": 293337,
                                  "Plan Width": 4,
                                  "Actual Startup Time": 0.055,
                                  "Actual Total Time": 85.134,
                                  "Actual Rows": 210138,
                                  "Actual Loops": 6,
                                  "Filter": "((production_year > 1981) AND (kind_id = 7))",
                                  "Rows Removed by Filter": 211247
                                }
                              ]
                            }
                          ]
                        }
                      ]
                    }
                  ]
                }
              ]
            }
          ]
        }
      ]
    },
    "Planning Time": 1.512,
    "Triggers": [],
    "Execution Time": 925.616
  }
]