[
  {
    "Plan": {
      "Node Type": "Aggregate",
      "Strategy": "Plain",
      "Partial Mode": "Finalize",
      "Parallel Aware": false,
      "Startup Cost": 341935.86,
      "Total Cost": 341935.87,
      "Plan Rows": 1,
      "Plan Width": 8,
      "Actual Startup Time": 1117.32,
      "Actual Total Time": 1165.766,
      "Actual Rows": 1,
      "Actual Loops": 1,
      "Plans": [
        {
          "Node Type": "Gather",
          "Parent Relationship": "Outer",
          "Parallel Aware": false,
          "Startup Cost": 341935.24,
          "Total Cost": 341935.85,
          "Plan Rows": 6,
          "Plan Width": 8,
          "Actual Startup Time": 1116.957,
          "Actual Total Time": 1165.756,
          "Actual Rows": 7,
          "Actual Loops": 1,
          "Workers Planned": 6,
          "Workers Launched": 6,
          "Single Copy": false,
          "Plans": [
            {
              "Node Type": "Aggregate",
              "Strategy": "Plain",
              "Partial Mode": "Partial",
              "Parent Relationship": "Outer",
              "Parallel Aware": false,
              "Startup Cost": 340935.24,
              "Total Cost": 340935.25,
              "Plan Rows": 1,
              "Plan Width": 8,
              "Actual Startup Time": 1108.381,
              "Actual Total Time": 1108.383,
              "Actual Rows": 1,
              "Actual Loops": 7,
              "Plans": [
                {
                  "Node Type": "Seq Scan",
                  "Parent Relationship": "Outer",
                  "Parallel Aware": true,
                  "Relation Name": "cast_info",
                  "Alias": "ci",
                  "Startup Cost": 0.0,
                  "Total Cost": 328211.39,
                  "Plan Rows": 5089538,
                  "Plan Width": 0,
                  "Actual Startup Time": 0.053,
                  "Actual Total Time": 851.045,
                  "Actual Rows": 4358807,
                  "Actual Loops": 7,
                  "Filter": "(role_id < 9)",
                  "Rows Removed by Filter": 818956
                }
              ]
            }
          ]
        }
      ]
    },
    "Planning Time": 0.095,
    "Triggers": [],
    "Execution Time": 1165.81
  }
]