[
  {
    "Plan": {
      "Node Type": "Aggregate",
      "Strategy": "Plain",
      "Partial Mode": "Finalize",
      "Parallel Aware": false,
      "Startup Cost": 333906.0,
      "Total Cost": 333906.01,
      "Plan Rows": 1,
      "Plan Width": 8,
      "Actual Startup Time": 706.402,
      "Actual Total Time": 767.705,
      "Actual Rows": 1,
      "Actual Loops": 1,
      "Plans": [
        {
          "Node Type": "Gather",
          "Parent Relationship": "Outer",
          "Parallel Aware": false,
          "Startup Cost": 333905.38,
          "Total Cost": 333905.98,
          "Plan Rows": 6,
          "Plan Width": 8,
          "Actual Startup Time": 706.295,
          "Actual Total Time": 767.695,
          "Actual Rows": 7,
          "Actual Loops": 1,
          "Workers Planned": 6,
          "Workers Launched": 6,
          "Single Copy": false,
          "Plans": [
            {
              "Node Type": "Aggregate",
              "Strategy": "Plain",
              "Partial Mode": "Partial",
              "Parent Relationship": "Outer",
              "Parallel Aware": false,
              "Startup Cost": 332905.38,
              "Total Cost": 332905.39,
              "Plan Rows": 1,
              "Plan Width": 8,
              "Actual Startup Time": 697.796,
              "Actual Total Time": 697.797,
              "Actual Rows": 1,
              "Actual Loops": 7,
              "Plans": [
                {
                  "Node Type": "Seq Scan",
                  "Parent Relationship": "Outer",
                  "Parallel Aware": true,
                  "Relation Name": "cast_info",
                  "Alias": "ci",
                  "Startup Cost": 0.0,
                  "Total Cost": 328162.03,
                  "Plan Rows": 1897340,
                  "Plan Width": 0,
                  "Actual Startup Time": 0.047,
                  "Actual Total Time": 617.33,
                  "Actual Rows": 1626086,
                  "Actual Loops": 7,
                  "Filter": "(person_id < 1118744)",
                  "Rows Removed by Filter": 3551678
                }
              ]
            }
          ]
        }
      ]
    },
    "Planning Time": 0.206,
    "Triggers": [],
    "Execution Time": 767.778
  }
]