{
  "Plan": {
    "Node Type": "Aggregate",
    "Strategy": "Plain",
    "Partial Mode": "Finalize",
    "Parallel Aware": false,
    "Startup Cost": 413217.33,
    "Total Cost": 413217.34,
    "Plan Rows": 1,
    "Plan Width": 8,
    "Actual Startup Time": 1371.823,
    "Actual Total Time": 1390.692,
    "Actual Rows": 1,
    "Actual Loops": 1,
    "Plans": [
      {
        "Node Type": "Gather",
        "Parent Relationship": "Outer",
        "Parallel Aware": false,
        "Startup Cost": 413217.22,
        "Total Cost": 413217.33,
        "Plan Rows": 1,
        "Plan Width": 8,
        "Actual Startup Time": 1366.55,
        "Actual Total Time": 1390.683,
        "Actual Rows": 2,
        "Actual Loops": 1,
        "Workers Planned": 1,
        "Workers Launched": 1,
        "Single Copy": false,
        "Plans": [
          {
            "Node Type": "Aggregate",
            "Strategy": "Plain",
            "Partial Mode": "Partial",
            "Parent Relationship": "Outer",
            "Parallel Aware": false,
            "Startup Cost": 412217.22,
            "Total Cost": 412217.23,
            "Plan Rows": 1,
            "Plan Width": 8,
            "Actual Startup Time": 1355.628,
            "Actual Total Time": 1355.631,
            "Actual Rows": 1,
            "Actual Loops": 2,
            "Plans": [
              {
                "Node Type": "Hash Join",
                "Parent Relationship": "Outer",
                "Parallel Aware": true,
                "Join Type": "Inner",
                "Startup Cost": 130757.43,
                "Total Cost": 408135.97,
                "Plan Rows": 1632498,
                "Plan Width": 0,
                "Actual Startup Time": 614.721,
                "Actual Total Time": 1300.246,
                "Actual Rows": 1325322,
                "Actual Loops": 2,
                "Inner Unique": true,
                "Hash Cond": "(ci.movie_id = t.id)",
                "Plans": [
                  {
                    "Node Type": "Bitmap Heap Scan",
                    "Parent Relationship": "Outer",
                    "Parallel Aware": true,
                    "Relation Name": "cast_info",
                    "Alias": "ci",
                    "Startup Cost": 61296.73,
                    "Total Cost": 334389.96,
                    "Plan Rows": 1632498,
                    "Plan Width": 4,
                    "Actual Startup Time": 93.932,
                    "Actual Total Time": 241.479,
                    "Actual Rows": 1325322,
                    "Actual Loops": 2,
                    "Recheck Cond": "(person_id > 3550533)",
                    "Rows Removed by Index Recheck": 0,
                    "Exact Heap Blocks": 19849,
                    "Lossy Heap Blocks": 0,
                    "Plans": [
                      {
                        "Node Type": "Bitmap Index Scan",
                        "Parent Relationship": "Outer",
                        "Parallel Aware": false,
                        "Index Name": "person_id_cast_info",
                        "Startup Cost": 0.0,
                        "Total Cost": 60602.92,
                        "Plan Rows": 2775247,
                        "Plan Width": 0,
                        "Actual Startup Time": 87.657,
                        "Actual Total Time": 87.657,
                        "Actual Rows": 2650644,
                        "Actual Loops": 1,
                        "Index Cond": "(person_id > 3550533)"
                      }
                    ]
                  },
                  {
                    "Node Type": "Hash",
                    "Parent Relationship": "Inner",
                    "Parallel Aware": true,
                    "Startup Cost": 50870.31,
                    "Total Cost": 50870.31,
                    "Plan Rows": 1487231,
                    "Plan Width": 4,
                    "Actual Startup Time": 500.199,
                    "Actual Total Time": 500.2,
                    "Actual Rows": 1264156,
                    "Actual Loops": 2,
                    "Hash Buckets": 4194304,
                    "Original Hash Buckets": 4194304,
                    "Hash Batches": 1,
                    "Original Hash Batches": 1,
                    "Peak Memory Usage": 131712,
                    "Plans": [
                      {
                        "Node Type": "Seq Scan",
                        "Parent Relationship": "Outer",
                        "Parallel Aware": true,
                        "Relation Name": "title",
                        "Alias": "t",
                        "Startup Cost": 0.0,
                        "Total Cost": 50870.31,
                        "Plan Rows": 1487231,
                        "Plan Width": 4,
                        "Actual Startup Time": 0.018,
                        "Actual Total Time": 147.047,
                        "Actual Rows": 1264156,
                        "Actual Loops": 2
                      }
                    ]
                  }
                ]
              }
            ]
          }
        ]
      }
    ]
  },
  "Planning Time": 0.647,
  "Triggers": [],
  "Execution Time": 1390.805
}