[
  {
    "Plan": {
      "Node Type": "Aggregate",
      "Strategy": "Plain",
      "Partial Mode": "Finalize",
      "Parallel Aware": false,
      "Startup Cost": 46629.68,
      "Total Cost": 46629.69,
      "Plan Rows": 1,
      "Plan Width": 8,
      "Actual Startup Time": 155.624,
      "Actual Total Time": 162.605,
      "Actual Rows": 1,
      "Actual Loops": 1,
      "Plans": [
        {
          "Node Type": "Gather",
          "Parent Relationship": "Outer",
          "Parallel Aware": false,
          "Startup Cost": 46629.36,
          "Total Cost": 46629.67,
          "Plan Rows": 3,
          "Plan Width": 8,
          "Actual Startup Time": 155.407,
          "Actual Total Time": 162.597,
          "Actual Rows": 4,
          "Actual Loops": 1,
          "Workers Planned": 3,
          "Workers Launched": 3,
          "Single Copy": false,
          "Plans": [
            {
              "Node Type": "Aggregate",
              "Strategy": "Plain",
              "Partial Mode": "Partial",
              "Parent Relationship": "Outer",
              "Parallel Aware": false,
              "Startup Cost": 45629.36,
              "Total Cost": 45629.37,
              "Plan Rows": 1,
              "Plan Width": 8,
              "Actual Startup Time": 150.345,
              "Actual Total Time": 150.346,
              "Actual Rows": 1,
              "Actual Loops": 4,
              "Plans": [
                {
                  "Node Type": "Seq Scan",
                  "Parent Relationship": "Outer",
                  "Parallel Aware": true,
                  "Relation Name": "movie_keyword",
                  "Alias": "mk",
                  "Startup Cost": 0.0,
                  "Total Cost": 42695.65,
                  "Plan Rows": 1173484,
                  "Plan Width": 0,
                  "Actual Startup Time": 0.037,
                  "Actual Total Time": 111.376,
                  "Actual Rows": 910551,
                  "Actual Loops": 4,
                  "Filter": "(keyword_id < 20921)",
                  "Rows Removed by Filter": 220432
                }
              ]
            }
          ]
        }
      ]
    },
    "Planning Time": 0.087,
    "Triggers": [],
    "Execution Time": 162.64
  }
]