[
  {
    "Plan": {
      "Node Type": "Aggregate",
      "Strategy": "Plain",
      "Partial Mode": "Finalize",
      "Parallel Aware": false,
      "Startup Cost": 201703.75,
      "Total Cost": 201703.76,
      "Plan Rows": 1,
      "Plan Width": 8,
      "Actual Startup Time": 707.953,
      "Actual Total Time": 754.402,
      "Actual Rows": 1,
      "Actual Loops": 1,
      "Plans": [
        {
          "Node Type": "Gather",
          "Parent Relationship": "Outer",
          "Parallel Aware": false,
          "Startup Cost": 201703.44,
          "Total Cost": 201703.75,
          "Plan Rows": 3,
          "Plan Width": 8,
          "Actual Startup Time": 705.99,
          "Actual Total Time": 754.393,
          "Actual Rows": 4,
          "Actual Loops": 1,
          "Workers Planned": 3,
          "Workers Launched": 3,
          "Single Copy": false,
          "Plans": [
            {
              "Node Type": "Aggregate",
              "Strategy": "Plain",
              "Partial Mode": "Partial",
              "Parent Relationship": "Outer",
              "Parallel Aware": false,
              "Startup Cost": 200703.44,
              "Total Cost": 200703.45,
              "Plan Rows": 1,
              "Plan Width": 8,
              "Actual Startup Time": 699.163,
              "Actual Total Time": 699.167,
              "Actual Rows": 1,
              "Actual Loops": 4,
              "Plans": [
                {
                  "Node Type": "Nested Loop",
                  "Parent Relationship": "Outer",
                  "Parallel Aware": false,
                  "Join Type": "Inner",
                  "Startup Cost": 45558.14,
                  "Total Cost": 200138.01,
                  "Plan Rows": 226170,
                  "Plan Width": 0,
                  "Actual Startup Time": 158.668,
                  "Actual Total Time": 667.881,
                  "Actual Rows": 658074,
                  "Actual Loops": 4,
                  "Inner Unique": false,
                  "Join Filter": "(t.id = mi.movie_id)",
                  "Rows Removed by Join Filter": 0,
                  "Plans": [
                    {
                      "Node Type": "Hash Join",
                      "Parent Relationship": "Outer",
                      "Parallel Aware": true,
                      "Join Type": "Inner",
                      "Startup Cost": 45557.71,
                      "Total Cost": 77454.27,
                      "Plan Rows": 38519,
                      "Plan Width": 8,
                      "Actual Startup Time": 158.574,
                      "Actual Total Time": 282.927,
                      "Actual Rows": 28261,
                      "Actual Loops": 4,
                      "Inner Unique": true,
                      "Hash Cond": "(mc.movie_id = t.id)",
                      "Plans": [
                        {
                          "Node Type": "Seq Scan",
                          "Parent Relationship": "Outer",
                          "Parallel Aware": true,
                          "Relation Name": "movie_companies",
                          "Alias": "mc",
                          "Startup Cost": 0.0,
                          "Total Cost": 31414.82,
                          "Plan Rows": 183521,
                          "Plan Width": 4,
                          "Actual Startup Time": 0.012,
                          "Actual Total Time": 74.134,
                          "Actual Rows": 196881,
                          "Actual Loops": 4,
                          "Filter": "((company_id < 9969) AND (company_type_id < 2))",
                          "Rows Removed by Filter": 455402
                        },
                        {
                          "Node Type": "Hash",
                          "Parent Relationship": "Inner",
                          "Parallel Aware": true,
                          "Startup Cost": 43899.32,
                          "Total Cost": 43899.32,
                          "Plan Rows": 132671,
                          "Plan Width": 4,
                          "Actual Startup Time": 155.459,
                          "Actual Total Time": 155.46,
                          "Actual Rows": 133342,
                          "Actual Loops": 4,
                          "Hash Buckets": 1048576,
                          "Original Hash Buckets": 1048576,
                          "Hash Batches": 1,
                          "Original Hash Batches": 1,
                          "Peak Memory Usage": 29088,
                          "Plans": [
                            {
                              "Node Type": "Seq Scan",
                              "Parent Relationship": "Outer",
                              "Parallel Aware": true,
                              "Relation Name": "title",
                              "Alias": "t",
                              "Startup Cost": 0.0,
                              "Total Cost": 43899.32,
                              "Plan Rows": 132671,
                              "Plan Width": 4,
                              "Actual Startup Time": 0.025,
                              "Actual Total Time": 101.233,
                              "Actual Rows": 133342,
                              "Actual Loops": 4,
                              "Filter": "(production_year > 2009)",
                              "Rows Removed by Filter": 498736
                            }
                          ]
                        }
                      ]
                    },
                    {
                      "Node Type": "Index Only Scan",
                      "Parent Relationship": "Inner",
                      "Parallel Aware": false,
                      "Scan Direction": "Forward",
                      "Index Name": "movie_id_movie_info",
                      "Relation Name": "movie_info",
                      "Alias": "mi",
                      "Startup Cost": 0.43,
                      "Total Cost": 2.67,
                      "Plan Rows": 41,
                      "Plan Width": 4,
                      "Actual Startup Time": 0.004,
                      "Actual Total Time": 0.011,
                      "Actual Rows": 23,
                      "Actual Loops": 113043,
                      "Index Cond": "(movie_id = mc.movie_id)",
                      "Rows Removed by Index Recheck": 0,
                      "Heap Fetches": 2632297
                    }
                  ]
                }
              ]
            }
          ]
        }
      ]
    },
    "Planning Time": 0.643,
    "Triggers": [],
    "Execution Time": 754.463
  }
]