{
  "Plan": {
    "Node Type": "Aggregate",
    "Strategy": "Plain",
    "Partial Mode": "Finalize",
    "Parallel Aware": false,
    "Startup Cost": 93655.93,
    "Total Cost": 93655.94,
    "Plan Rows": 1,
    "Plan Width": 8,
    "Actual Startup Time": 280.282,
    "Actual Total Time": 292.605,
    "Actual Rows": 1,
    "Actual Loops": 1,
    "Plans": [
      {
        "Node Type": "Gather",
        "Parent Relationship": "Outer",
        "Parallel Aware": false,
        "Startup Cost": 93655.81,
        "Total Cost": 93655.92,
        "Plan Rows": 1,
        "Plan Width": 8,
        "Actual Startup Time": 279.765,
        "Actual Total Time": 292.596,
        "Actual Rows": 2,
        "Actual Loops": 1,
        "Workers Planned": 1,
        "Workers Launched": 1,
        "Single Copy": false,
        "Plans": [
          {
            "Node Type": "Aggregate",
            "Strategy": "Plain",
            "Partial Mode": "Partial",
            "Parent Relationship": "Outer",
            "Parallel Aware": false,
            "Startup Cost": 92655.81,
            "Total Cost": 92655.82,
            "Plan Rows": 1,
            "Plan Width": 8,
            "Actual Startup Time": 273.906,
            "Actual Total Time": 273.909,
            "Actual Rows": 1,
            "Actual Loops": 2,
            "Plans": [
              {
                "Node Type": "Hash Join",
                "Parent Relationship": "Outer",
                "Parallel Aware": true,
                "Join Type": "Inner",
                "Startup Cost": 68485.8,
                "Total Cost": 92613.12,
                "Plan Rows": 17079,
                "Plan Width": 0,
                "Actual Startup Time": 176.59,
                "Actual Total Time": 273.239,
                "Actual Rows": 11370,
                "Actual Loops": 2,
                "Inner Unique": true,
                "Hash Cond": "(mc.movie_id = t.id)",
                "Plans": [
                  {
                    "Node Type": "Bitmap Heap Scan",
                    "Parent Relationship": "Outer",
                    "Parallel Aware": true,
                    "Relation Name": "movie_companies",
                    "Alias": "mc",
                    "Startup Cost": 12997.63,
                    "Total Cost": 36198.64,
                    "Plan Rows": 352881,
                    "Plan Width": 4,
                    "Actual Startup Time": 25.726,
                    "Actual Total Time": 78.116,
                    "Actual Rows": 296733,
                    "Actual Loops": 2,
                    "Recheck Cond": "(company_id < 686)",
                    "Rows Removed by Index Recheck": 0,
                    "Exact Heap Blocks": 10988,
                    "Lossy Heap Blocks": 0,
                    "Plans": [
                      {
                        "Node Type": "Bitmap Index Scan",
                        "Parent Relationship": "Outer",
                        "Parallel Aware": false,
                        "Index Name": "company_id_movie_companies",
                        "Startup Cost": 0.0,
                        "Total Cost": 12847.66,
                        "Plan Rows": 599897,
                        "Plan Width": 0,
                        "Actual Startup Time": 22.955,
                        "Actual Total Time": 22.955,
                        "Actual Rows": 593466,
                        "Actual Loops": 1,
                        "Index Cond": "(company_id < 686)"
                      }
                    ]
                  },
                  {
                    "Node Type": "Hash",
                    "Parent Relationship": "Inner",
                    "Parallel Aware": true,
                    "Startup Cost": 54588.39,
                    "Total Cost": 54588.39,
                    "Plan Rows": 71982,
                    "Plan Width": 4,
                    "Actual Startup Time": 148.697,
                    "Actual Total Time": 148.698,
                    "Actual Rows": 61430,
                    "Actual Loops": 2,
                    "Hash Buckets": 131072,
                    "Original Hash Buckets": 131072,
                    "Hash Batches": 1,
                    "Original Hash Batches": 1,
                    "Peak Memory Usage": 5888,
                    "Plans": [
                      {
                        "Node Type": "Seq Scan",
                        "Parent Relationship": "Outer",
                        "Parallel Aware": true,
                        "Relation Name": "title",
                        "Alias": "t",
                        "Startup Cost": 0.0,
                        "Total Cost": 54588.39,
                        "Plan Rows": 71982,
                        "Plan Width": 4,
                        "Actual Startup Time": 0.037,
                        "Actual Total Time": 132.746,
                        "Actual Rows": 61430,
                        "Actual Loops": 2,
                        "Filter": "(production_year = 2008)",
                        "Rows Removed by Filter": 1202726
                      }
                    ]
                  }
                ]
              }
            ]
          }
        ]
      }
    ]
  },
  "Planning Time": 0.443,
  "Triggers": [],
  "Execution Time": 292.697
}