[
    {
        "Bao": {
            "Bao prediction": "NaN",
            "Bao recommended hint": "(no hint)"
        }
    },
    {
        "Plan": {
            "Node Type": "Aggregate",
            "Strategy": "Plain",
            "Partial Mode": "Finalize",
            "Parallel Aware": false,
            "Startup Cost": 350284.88,
            "Total Cost": 350284.89,
            "Plan Rows": 1,
            "Plan Width": 8,
            "Actual Startup Time": 955.788,
            "Actual Total Time": 989.281,
            "Actual Rows": 1,
            "Actual Loops": 1,
            "Output": [
                "count(*)"
            ],
            "Plans": [
                {
                    "Node Type": "Gather",
                    "Parent Relationship": "Outer",
                    "Parallel Aware": false,
                    "Startup Cost": 350284.26,
                    "Total Cost": 350284.86,
                    "Plan Rows": 6,
                    "Plan Width": 8,
                    "Actual Startup Time": 955.638,
                    "Actual Total Time": 989.27,
                    "Actual Rows": 7,
                    "Actual Loops": 1,
                    "Output": [
                        "(PARTIAL count(*))"
                    ],
                    "Workers Planned": 6,
                    "Workers Launched": 6,
                    "Single Copy": false,
                    "Plans": [
                        {
                            "Node Type": "Aggregate",
                            "Strategy": "Plain",
                            "Partial Mode": "Partial",
                            "Parent Relationship": "Outer",
                            "Parallel Aware": false,
                            "Startup Cost": 349284.26,
                            "Total Cost": 349284.27,
                            "Plan Rows": 1,
                            "Plan Width": 8,
                            "Actual Startup Time": 946.194,
                            "Actual Total Time": 946.196,
                            "Actual Rows": 1,
                            "Actual Loops": 7,
                            "Output": [
                                "PARTIAL count(*)"
                            ],
                            "Workers": [
                                {
                                    "Worker Number": 0,
                                    "Actual Startup Time": 944.065,
                                    "Actual Total Time": 944.066,
                                    "Actual Rows": 1,
                                    "Actual Loops": 1
                                },
                                {
                                    "Worker Number": 1,
                                    "Actual Startup Time": 944.113,
                                    "Actual Total Time": 944.114,
                                    "Actual Rows": 1,
                                    "Actual Loops": 1
                                },
                                {
                                    "Worker Number": 2,
                                    "Actual Startup Time": 944.74,
                                    "Actual Total Time": 944.741,
                                    "Actual Rows": 1,
                                    "Actual Loops": 1
                                },
                                {
                                    "Worker Number": 3,
                                    "Actual Startup Time": 944.751,
                                    "Actual Total Time": 944.753,
                                    "Actual Rows": 1,
                                    "Actual Loops": 1
                                },
                                {
                                    "Worker Number": 4,
                                    "Actual Startup Time": 944.917,
                                    "Actual Total Time": 944.918,
                                    "Actual Rows": 1,
                                    "Actual Loops": 1
                                },
                                {
                                    "Worker Number": 5,
                                    "Actual Startup Time": 945.525,
                                    "Actual Total Time": 945.527,
                                    "Actual Rows": 1,
                                    "Actual Loops": 1
                                }
                            ],
                            "Plans": [
                                {
                                    "Node Type": "Seq Scan",
                                    "Parent Relationship": "Outer",
                                    "Parallel Aware": true,
                                    "Relation Name": "cast_info",
                                    "Schema": "public",
                                    "Alias": "ci",
                                    "Startup Cost": 0.0,
                                    "Total Cost": 343318.94,
                                    "Plan Rows": 2386126,
                                    "Plan Width": 0,
                                    "Actual Startup Time": 414.002,
                                    "Actual Total Time": 818.569,
                                    "Actual Rows": 2147825,
                                    "Actual Loops": 7,
                                    "Output": [
                                        "id",
                                        "person_id",
                                        "movie_id",
                                        "person_role_id",
                                        "note",
                                        "nr_order",
                                        "role_id"
                                    ],
                                    "Filter": "((ci.person_id > 373199) AND (ci.role_id > 2))",
                                    "Rows Removed by Filter": 3029938,
                                    "Workers": [
                                        {
                                            "Worker Number": 0,
                                            "Actual Startup Time": 411.873,
                                            "Actual Total Time": 818.203,
                                            "Actual Rows": 1904646,
                                            "Actual Loops": 1
                                        },
                                        {
                                            "Worker Number": 1,
                                            "Actual Startup Time": 411.904,
                                            "Actual Total Time": 818.567,
                                            "Actual Rows": 1899802,
                                            "Actual Loops": 1
                                        },
                                        {
                                            "Worker Number": 2,
                                            "Actual Startup Time": 412.533,
                                            "Actual Total Time": 820.239,
                                            "Actual Rows": 1870285,
                                            "Actual Loops": 1
                                        },
                                        {
                                            "Worker Number": 3,
                                            "Actual Startup Time": 412.553,
                                            "Actual Total Time": 818.846,
                                            "Actual Rows": 1904096,
                                            "Actual Loops": 1
                                        },
                                        {
                                            "Worker Number": 4,
                                            "Actual Startup Time": 412.747,
                                            "Actual Total Time": 820.781,
                                            "Actual Rows": 1871646,
                                            "Actual Loops": 1
                                        },
                                        {
                                            "Worker Number": 5,
                                            "Actual Startup Time": 413.351,
                                            "Actual Total Time": 821.482,
                                            "Actual Rows": 1875730,
                                            "Actual Loops": 1
                                        }
                                    ]
                                }
                            ]
                        }
                    ]
                }
            ]
        },
        "Planning Time": 202.356,
        "Triggers": [],
        "Execution Time": 989.344
    }
]