{
  "Plan": {
    "Node Type": "Aggregate",
    "Strategy": "Plain",
    "Partial Mode": "Finalize",
    "Parallel Aware": false,
    "Startup Cost": 113866.99,
    "Total Cost": 113867.0,
    "Plan Rows": 1,
    "Plan Width": 8,
    "Actual Startup Time": 923.933,
    "Actual Total Time": 942.334,
    "Actual Rows": 1,
    "Actual Loops": 1,
    "Plans": [
      {
        "Node Type": "Gather",
        "Parent Relationship": "Outer",
        "Parallel Aware": false,
        "Startup Cost": 113866.88,
        "Total Cost": 113866.99,
        "Plan Rows": 1,
        "Plan Width": 8,
        "Actual Startup Time": 919.278,
        "Actual Total Time": 942.327,
        "Actual Rows": 2,
        "Actual Loops": 1,
        "Workers Planned": 1,
        "Workers Launched": 1,
        "Single Copy": false,
        "Plans": [
          {
            "Node Type": "Aggregate",
            "Strategy": "Plain",
            "Partial Mode": "Partial",
            "Parent Relationship": "Outer",
            "Parallel Aware": false,
            "Startup Cost": 112866.88,
            "Total Cost": 112866.89,
            "Plan Rows": 1,
            "Plan Width": 8,
            "Actual Startup Time": 913.238,
            "Actual Total Time": 913.242,
            "Actual Rows": 1,
            "Actual Loops": 2,
            "Plans": [
              {
                "Node Type": "Hash Join",
                "Parent Relationship": "Outer",
                "Parallel Aware": true,
                "Join Type": "Inner",
                "Startup Cost": 48330.18,
                "Total Cost": 111563.19,
                "Plan Rows": 521476,
                "Plan Width": 0,
                "Actual Startup Time": 333.854,
                "Actual Total Time": 885.487,
                "Actual Rows": 541824,
                "Actual Loops": 2,
                "Inner Unique": false,
                "Hash Cond": "(t.id = mc.movie_id)",
                "Plans": [
                  {
                    "Node Type": "Seq Scan",
                    "Parent Relationship": "Outer",
                    "Parallel Aware": true,
                    "Relation Name": "title",
                    "Alias": "t",
                    "Startup Cost": 0.0,
                    "Total Cost": 50870.31,
                    "Plan Rows": 1487231,
                    "Plan Width": 4,
                    "Actual Startup Time": 0.011,
                    "Actual Total Time": 140.487,
                    "Actual Rows": 1264156,
                    "Actual Loops": 2
                  },
                  {
                    "Node Type": "Hash",
                    "Parent Relationship": "Inner",
                    "Parallel Aware": true,
                    "Startup Cost": 41811.73,
                    "Total Cost": 41811.73,
                    "Plan Rows": 521476,
                    "Plan Width": 4,
                    "Actual Startup Time": 324.229,
                    "Actual Total Time": 324.229,
                    "Actual Rows": 541824,
                    "Actual Loops": 2,
                    "Hash Buckets": 2097152,
                    "Original Hash Buckets": 1048576,
                    "Hash Batches": 1,
                    "Original Hash Batches": 1,
                    "Peak Memory Usage": 67008,
                    "Plans": [
                      {
                        "Node Type": "Seq Scan",
                        "Parent Relationship": "Outer",
                        "Parallel Aware": true,
                        "Relation Name": "movie_companies",
                        "Alias": "mc",
                        "Startup Cost": 0.0,
                        "Total Cost": 41811.73,
                        "Plan Rows": 521476,
                        "Plan Width": 4,
                        "Actual Startup Time": 72.706,
                        "Actual Total Time": 164.262,
                        "Actual Rows": 541824,
                        "Actual Loops": 2,
                        "Filter": "((company_id > 2466) AND (company_type_id = 2))",
                        "Rows Removed by Filter": 762740
                      }
                    ]
                  }
                ]
              }
            ]
          }
        ]
      }
    ]
  },
  "Planning Time": 0.685,
  "Triggers": [],
  "Execution Time": 942.399
}