[
  {
    "Plan": {
      "Node Type": "Aggregate",
      "Strategy": "Plain",
      "Partial Mode": "Finalize",
      "Parallel Aware": false,
      "Startup Cost": 344041.51,
      "Total Cost": 344041.52,
      "Plan Rows": 1,
      "Plan Width": 8,
      "Actual Startup Time": 801.594,
      "Actual Total Time": 826.424,
      "Actual Rows": 1,
      "Actual Loops": 1,
      "Plans": [
        {
          "Node Type": "Gather",
          "Parent Relationship": "Outer",
          "Parallel Aware": false,
          "Startup Cost": 344040.88,
          "Total Cost": 344041.49,
          "Plan Rows": 6,
          "Plan Width": 8,
          "Actual Startup Time": 801.519,
          "Actual Total Time": 826.418,
          "Actual Rows": 7,
          "Actual Loops": 1,
          "Workers Planned": 6,
          "Workers Launched": 6,
          "Single Copy": false,
          "Plans": [
            {
              "Node Type": "Aggregate",
              "Strategy": "Plain",
              "Partial Mode": "Partial",
              "Parent Relationship": "Outer",
              "Parallel Aware": false,
              "Startup Cost": 343040.88,
              "Total Cost": 343040.89,
              "Plan Rows": 1,
              "Plan Width": 8,
              "Actual Startup Time": 792.957,
              "Actual Total Time": 792.958,
              "Actual Rows": 1,
              "Actual Loops": 7,
              "Plans": [
                {
                  "Node Type": "Seq Scan",
                  "Parent Relationship": "Outer",
                  "Parallel Aware": true,
                  "Relation Name": "cast_info",
                  "Alias": "ci",
                  "Startup Cost": 0.0,
                  "Total Cost": 328213.62,
                  "Plan Rows": 5930906,
                  "Plan Width": 0,
                  "Actual Startup Time": 0.056,
                  "Actual Total Time": 581.417,
                  "Actual Rows": 5074350,
                  "Actual Loops": 7,
                  "Filter": "(person_id < 3922984)",
                  "Rows Removed by Filter": 103414
                }
              ]
            }
          ]
        }
      ]
    },
    "Planning Time": 0.109,
    "Triggers": [],
    "Execution Time": 826.455
  }
]