[
  {
    "Plan": {
      "Node Type": "Aggregate",
      "Strategy": "Plain",
      "Partial Mode": "Finalize",
      "Parallel Aware": false,
      "Startup Cost": 343942.14,
      "Total Cost": 343942.15,
      "Plan Rows": 1,
      "Plan Width": 8,
      "Actual Startup Time": 938.706,
      "Actual Total Time": 994.436,
      "Actual Rows": 1,
      "Actual Loops": 1,
      "Plans": [
        {
          "Node Type": "Gather",
          "Parent Relationship": "Outer",
          "Parallel Aware": false,
          "Startup Cost": 343941.52,
          "Total Cost": 343942.12,
          "Plan Rows": 6,
          "Plan Width": 8,
          "Actual Startup Time": 938.595,
          "Actual Total Time": 994.425,
          "Actual Rows": 7,
          "Actual Loops": 1,
          "Workers Planned": 6,
          "Workers Launched": 6,
          "Single Copy": false,
          "Plans": [
            {
              "Node Type": "Aggregate",
              "Strategy": "Plain",
              "Partial Mode": "Partial",
              "Parent Relationship": "Outer",
              "Parallel Aware": false,
              "Startup Cost": 342941.52,
              "Total Cost": 342941.53,
              "Plan Rows": 1,
              "Plan Width": 8,
              "Actual Startup Time": 929.198,
              "Actual Total Time": 929.199,
              "Actual Rows": 1,
              "Actual Loops": 7,
              "Plans": [
                {
                  "Node Type": "Seq Scan",
                  "Parent Relationship": "Outer",
                  "Parallel Aware": true,
                  "Relation Name": "cast_info",
                  "Alias": "ci",
                  "Startup Cost": 0.0,
                  "Total Cost": 328162.03,
                  "Plan Rows": 5911796,
                  "Plan Width": 0,
                  "Actual Startup Time": 0.045,
                  "Actual Total Time": 691.156,
                  "Actual Rows": 5074350,
                  "Actual Loops": 7,
                  "Filter": "(person_id < 3922984)",
                  "Rows Removed by Filter": 103414
                }
              ]
            }
          ]
        }
      ]
    },
    "Planning Time": 0.2,
    "Triggers": [],
    "Execution Time": 994.508
  }
]