[
  {
    "Plan": {
      "Node Type": "Aggregate",
      "Strategy": "Plain",
      "Partial Mode": "Finalize",
      "Parallel Aware": false,
      "Startup Cost": 346040.12,
      "Total Cost": 346040.13,
      "Plan Rows": 1,
      "Plan Width": 8,
      "Actual Startup Time": 424.421,
      "Actual Total Time": 462.147,
      "Actual Rows": 1,
      "Actual Loops": 1,
      "Plans": [
        {
          "Node Type": "Gather",
          "Parent Relationship": "Outer",
          "Parallel Aware": false,
          "Startup Cost": 346039.49,
          "Total Cost": 346040.1,
          "Plan Rows": 6,
          "Plan Width": 8,
          "Actual Startup Time": 424.266,
          "Actual Total Time": 462.136,
          "Actual Rows": 7,
          "Actual Loops": 1,
          "Workers Planned": 6,
          "Workers Launched": 6,
          "Single Copy": false,
          "Plans": [
            {
              "Node Type": "Aggregate",
              "Strategy": "Plain",
              "Partial Mode": "Partial",
              "Parent Relationship": "Outer",
              "Parallel Aware": false,
              "Startup Cost": 345039.49,
              "Total Cost": 345039.5,
              "Plan Rows": 1,
              "Plan Width": 8,
              "Actual Startup Time": 416.247,
              "Actual Total Time": 416.248,
              "Actual Rows": 1,
              "Actual Loops": 7,
              "Plans": [
                {
                  "Node Type": "Index Scan",
                  "Parent Relationship": "Outer",
                  "Parallel Aware": true,
                  "Scan Direction": "Forward",
                  "Index Name": "role_id_cast_info",
                  "Relation Name": "cast_info",
                  "Alias": "ci",
                  "Startup Cost": 0.56,
                  "Total Cost": 341155.22,
                  "Plan Rows": 1553710,
                  "Plan Width": 0,
                  "Actual Startup Time": 207.268,
                  "Actual Total Time": 378.405,
                  "Actual Rows": 811150,
                  "Actual Loops": 7,
                  "Index Cond": "(role_id < 2)",
                  "Rows Removed by Index Recheck": 0,
                  "Filter": "(person_id > 955414)",
                  "Rows Removed by Filter": 998948
                }
              ]
            }
          ]
        }
      ]
    },
    "Planning Time": 0.085,
    "Triggers": [],
    "Execution Time": 462.181
  }
]