[
  {
    "Plan": {
      "Node Type": "Aggregate",
      "Strategy": "Plain",
      "Partial Mode": "Finalize",
      "Parallel Aware": false,
      "Startup Cost": 106858.01,
      "Total Cost": 106858.02,
      "Plan Rows": 1,
      "Plan Width": 8,
      "Actual Startup Time": 822.365,
      "Actual Total Time": 839.472,
      "Actual Rows": 1,
      "Actual Loops": 1,
      "Plans": [
        {
          "Node Type": "Gather",
          "Parent Relationship": "Outer",
          "Parallel Aware": false,
          "Startup Cost": 106857.79,
          "Total Cost": 106858.0,
          "Plan Rows": 2,
          "Plan Width": 8,
          "Actual Startup Time": 818.27,
          "Actual Total Time": 839.463,
          "Actual Rows": 3,
          "Actual Loops": 1,
          "Workers Planned": 2,
          "Workers Launched": 2,
          "Single Copy": false,
          "Plans": [
            {
              "Node Type": "Aggregate",
              "Strategy": "Plain",
              "Partial Mode": "Partial",
              "Parent Relationship": "Outer",
              "Parallel Aware": false,
              "Startup Cost": 105857.79,
              "Total Cost": 105857.8,
              "Plan Rows": 1,
              "Plan Width": 8,
              "Actual Startup Time": 808.343,
              "Actual Total Time": 808.349,
              "Actual Rows": 1,
              "Actual Loops": 3,
              "Plans": [
                {
                  "Node Type": "Hash Join",
                  "Parent Relationship": "Outer",
                  "Parallel Aware": true,
                  "Join Type": "Inner",
                  "Startup Cost": 89711.22,
                  "Total Cost": 105724.57,
                  "Plan Rows": 53290,
                  "Plan Width": 0,
                  "Actual Startup Time": 632.666,
                  "Actual Total Time": 764.477,
                  "Actual Rows": 929673,
                  "Actual Loops": 3,
                  "Inner Unique": false,
                  "Hash Cond": "(mi_idx.movie_id = t.id)",
                  "Plans": [
                    {
                      "Node Type": "Seq Scan",
                      "Parent Relationship": "Outer",
                      "Parallel Aware": true,
                      "Relation Name": "movie_info_idx",
                      "Alias": "mi_idx",
                      "Startup Cost": 0.0,
                      "Total Cost": 13685.15,
                      "Plan Rows": 575015,
                      "Plan Width": 4,
                      "Actual Startup Time": 0.028,
                      "Actual Total Time": 38.978,
                      "Actual Rows": 460012,
                      "Actual Loops": 3
                    },
                    {
                      "Node Type": "Hash",
                      "Parent Relationship": "Inner",
                      "Parallel Aware": true,
                      "Startup Cost": 88766.4,
                      "Total Cost": 88766.4,
                      "Plan Rows": 75585,
                      "Plan Width": 8,
                      "Actual Startup Time": 593.166,
                      "Actual Total Time": 593.17,
                      "Actual Rows": 365634,
                      "Actual Loops": 3,
                      "Hash Buckets": 2097152,
                      "Original Hash Buckets": 262144,
                      "Hash Batches": 1,
                      "Original Hash Batches": 1,
                      "Peak Memory Usage": 73664,
                      "Plans": [
                        {
                          "Node Type": "Hash Join",
                          "Parent Relationship": "Outer",
                          "Parallel Aware": true,
                          "Join Type": "Inner",
                          "Startup Cost": 45888.32,
                          "Total Cost": 88766.4,
                          "Plan Rows": 75585,
                          "Plan Width": 8,
                          "Actual Startup Time": 215.069,
                          "Actual Total Time": 469.313,
                          "Actual Rows": 365634,
                          "Actual Loops": 3,
                          "Inner Unique": true,
                          "Hash Cond": "(mk.movie_id = t.id)",
                          "Plans": [
                            {
                              "Node Type": "Seq Scan",
                              "Parent Relationship": "Outer",
                              "Parallel Aware": true,
                              "Relation Name": "movie_keyword",
                              "Alias": "mk",
                              "Startup Cost": 0.0,
                              "Total Cost": 39047.32,
                              "Plan Rows": 1459332,
                              "Plan Width": 4,
                              "Actual Startup Time": 0.023,
                              "Actual Total Time": 126.993,
                              "Actual Rows": 1507977,
                              "Actual Loops": 3
                            },
                            {
                              "Node Type": "Hash",
                              "Parent Relationship": "Inner",
                              "Parallel Aware": true,
                              "Startup Cost": 45479.1,
                              "Total Cost": 45479.1,
                              "Plan Rows": 32738,
                              "Plan Width": 4,
                              "Actual Startup Time": 163.379,
                              "Actual Total Time": 163.38,
                              "Actual Rows": 89912,
                              "Actual Loops": 3,
                              "Hash Buckets": 524288,
                              "Original Hash Buckets": 131072,
                              "Hash Batches": 1,
                              "Original Hash Batches": 1,
                              "Peak Memory Usage": 17760,
                              "Plans": [
                                {
                                  "Node Type": "Seq Scan",
                                  "Parent Relationship": "Outer",
                                  "Parallel Aware": true,
                                  "Relation Name": "title",
                                  "Alias": "t",
                                  "Startup Cost": 0.0,
                                  "Total Cost": 45479.1,
                                  "Plan Rows": 32738,
                                  "Plan Width": 4,
                                  "Actual Startup Time": 72.811,
                                  "Actual Total Time": 124.964,
                                  "Actual Rows": 89912,
                                  "Actual Loops": 3,
                                  "Filter": "((production_year < 1980) AND (kind_id = 1))",
                                  "Rows Removed by Filter": 752859
                                }
                              ]
                            }
                          ]
                        }
                      ]
                    }
                  ]
                }
              ]
            }
          ]
        }
      ]
    },
    "Planning Time": 1.322,
    "Triggers": [],
    "Execution Time": 839.555
  }
]