{
    "Plan": {
        "Node Type": "Aggregate",
        "Strategy": "Plain",
        "Partial Mode": "Finalize",
        "Parallel Aware": false,
        "Startup Cost": 191265.35,
        "Total Cost": 191265.36,
        "Plan Rows": 1,
        "Plan Width": 8,
        "Actual Startup Time": 637.45,
        "Actual Total Time": 666.215,
        "Actual Rows": 1,
        "Actual Loops": 1,
        "Output": [
            "count(*)"
        ],
        "Plans": [
            {
                "Node Type": "Gather",
                "Parent Relationship": "Outer",
                "Parallel Aware": false,
                "Startup Cost": 191264.83,
                "Total Cost": 191265.34,
                "Plan Rows": 5,
                "Plan Width": 8,
                "Actual Startup Time": 627.487,
                "Actual Total Time": 666.203,
                "Actual Rows": 6,
                "Actual Loops": 1,
                "Output": [
                    "(PARTIAL count(*))"
                ],
                "Workers Planned": 5,
                "Workers Launched": 5,
                "Single Copy": false,
                "Plans": [
                    {
                        "Node Type": "Aggregate",
                        "Strategy": "Plain",
                        "Partial Mode": "Partial",
                        "Parent Relationship": "Outer",
                        "Parallel Aware": false,
                        "Startup Cost": 190264.83,
                        "Total Cost": 190264.84,
                        "Plan Rows": 1,
                        "Plan Width": 8,
                        "Actual Startup Time": 616.389,
                        "Actual Total Time": 616.598,
                        "Actual Rows": 1,
                        "Actual Loops": 6,
                        "Output": [
                            "PARTIAL count(*)"
                        ],
                        "Workers": [
                            {
                                "Worker Number": 0,
                                "Actual Startup Time": 613.873,
                                "Actual Total Time": 613.88,
                                "Actual Rows": 1,
                                "Actual Loops": 1
                            },
                            {
                                "Worker Number": 1,
                                "Actual Startup Time": 614.943,
                                "Actual Total Time": 614.948,
                                "Actual Rows": 1,
                                "Actual Loops": 1
                            },
                            {
                                "Worker Number": 2,
                                "Actual Startup Time": 614.0,
                                "Actual Total Time": 614.006,
                                "Actual Rows": 1,
                                "Actual Loops": 1
                            },
                            {
                                "Worker Number": 3,
                                "Actual Startup Time": 613.927,
                                "Actual Total Time": 613.934,
                                "Actual Rows": 1,
                                "Actual Loops": 1
                            },
                            {
                                "Worker Number": 4,
                                "Actual Startup Time": 615.074,
                                "Actual Total Time": 615.081,
                                "Actual Rows": 1,
                                "Actual Loops": 1
                            }
                        ],
                        "Plans": [
                            {
                                "Node Type": "Hash Join",
                                "Parent Relationship": "Outer",
                                "Parallel Aware": true,
                                "Join Type": "Inner",
                                "Startup Cost": 79565.55,
                                "Total Cost": 190049.03,
                                "Plan Rows": 86318,
                                "Plan Width": 0,
                                "Actual Startup Time": 284.575,
                                "Actual Total Time": 602.888,
                                "Actual Rows": 286429,
                                "Actual Loops": 6,
                                "Inner Unique": false,
                                "Hash Cond": "(ci.movie_id = t.id)",
                                "Workers": [
                                    {
                                        "Worker Number": 0,
                                        "Actual Startup Time": 282.16,
                                        "Actual Total Time": 599.732,
                                        "Actual Rows": 211922,
                                        "Actual Loops": 1
                                    },
                                    {
                                        "Worker Number": 1,
                                        "Actual Startup Time": 282.361,
                                        "Actual Total Time": 600.275,
                                        "Actual Rows": 219764,
                                        "Actual Loops": 1
                                    },
                                    {
                                        "Worker Number": 2,
                                        "Actual Startup Time": 282.596,
                                        "Actual Total Time": 601.796,
                                        "Actual Rows": 296004,
                                        "Actual Loops": 1
                                    },
                                    {
                                        "Worker Number": 3,
                                        "Actual Startup Time": 282.107,
                                        "Actual Total Time": 602.043,
                                        "Actual Rows": 289669,
                                        "Actual Loops": 1
                                    },
                                    {
                                        "Worker Number": 4,
                                        "Actual Startup Time": 283.574,
                                        "Actual Total Time": 601.805,
                                        "Actual Rows": 323090,
                                        "Actual Loops": 1
                                    }
                                ],
                                "Plans": [
                                    {
                                        "Node Type": "Index Scan",
                                        "Parent Relationship": "Outer",
                                        "Parallel Aware": true,
                                        "Scan Direction": "Forward",
                                        "Index Name": "role_id_cast_info",
                                        "Relation Name": "cast_info",
                                        "Schema": "public",
                                        "Alias": "ci",
                                        "Startup Cost": 0.56,
                                        "Total Cost": 107202.96,
                                        "Plan Rows": 800703,
                                        "Plan Width": 4,
                                        "Actual Startup Time": 0.238,
                                        "Actual Total Time": 145.681,
                                        "Actual Rows": 668006,
                                        "Actual Loops": 6,
                                        "Output": [
                                            "ci.id",
                                            "ci.person_id",
                                            "ci.movie_id",
                                            "ci.person_role_id",
                                            "ci.note",
                                            "ci.nr_order",
                                            "ci.role_id"
                                        ],
                                        "Index Cond": "(ci.role_id = 3)",
                                        "Rows Removed by Index Recheck": 0,
                                        "Workers": [
                                            {
                                                "Worker Number": 0,
                                                "Actual Startup Time": 0.237,
                                                "Actual Total Time": 154.207,
                                                "Actual Rows": 509750,
                                                "Actual Loops": 1
                                            },
                                            {
                                                "Worker Number": 1,
                                                "Actual Startup Time": 0.315,
                                                "Actual Total Time": 154.093,
                                                "Actual Rows": 508585,
                                                "Actual Loops": 1
                                            },
                                            {
                                                "Worker Number": 2,
                                                "Actual Startup Time": 0.271,
                                                "Actual Total Time": 144.541,
                                                "Actual Rows": 690326,
                                                "Actual Loops": 1
                                            },
                                            {
                                                "Worker Number": 3,
                                                "Actual Startup Time": 0.139,
                                                "Actual Total Time": 144.151,
                                                "Actual Rows": 682525,
                                                "Actual Loops": 1
                                            },
                                            {
                                                "Worker Number": 4,
                                                "Actual Startup Time": 0.318,
                                                "Actual Total Time": 149.67,
                                                "Actual Rows": 736737,
                                                "Actual Loops": 1
                                            }
                                        ]
                                    },
                                    {
                                        "Node Type": "Hash",
                                        "Parent Relationship": "Inner",
                                        "Parallel Aware": true,
                                        "Startup Cost": 78465.95,
                                        "Total Cost": 78465.95,
                                        "Plan Rows": 87923,
                                        "Plan Width": 8,
                                        "Actual Startup Time": 281.607,
                                        "Actual Total Time": 281.815,
                                        "Actual Rows": 96243,
                                        "Actual Loops": 6,
                                        "Output": [
                                            "t.id",
                                            "mc.movie_id"
                                        ],
                                        "Hash Buckets": 1048576,
                                        "Original Hash Buckets": 524288,
                                        "Hash Batches": 1,
                                        "Original Hash Batches": 1,
                                        "Peak Memory Usage": 35008,
                                        "Workers": [
                                            {
                                                "Worker Number": 0,
                                                "Actual Startup Time": 281.462,
                                                "Actual Total Time": 281.467,
                                                "Actual Rows": 75886,
                                                "Actual Loops": 1
                                            },
                                            {
                                                "Worker Number": 1,
                                                "Actual Startup Time": 281.417,
                                                "Actual Total Time": 281.421,
                                                "Actual Rows": 76107,
                                                "Actual Loops": 1
                                            },
                                            {
                                                "Worker Number": 2,
                                                "Actual Startup Time": 281.525,
                                                "Actual Total Time": 281.529,
                                                "Actual Rows": 102394,
                                                "Actual Loops": 1
                                            },
                                            {
                                                "Worker Number": 3,
                                                "Actual Startup Time": 281.506,
                                                "Actual Total Time": 281.511,
                                                "Actual Rows": 97694,
                                                "Actual Loops": 1
                                            },
                                            {
                                                "Worker Number": 4,
                                                "Actual Startup Time": 282.711,
                                                "Actual Total Time": 282.715,
                                                "Actual Rows": 108171,
                                                "Actual Loops": 1
                                            }
                                        ],
                                        "Plans": [
                                            {
                                                "Node Type": "Hash Join",
                                                "Parent Relationship": "Outer",
                                                "Parallel Aware": true,
                                                "Join Type": "Inner",
                                                "Startup Cost": 46287.74,
                                                "Total Cost": 78465.95,
                                                "Plan Rows": 87923,
                                                "Plan Width": 8,
                                                "Actual Startup Time": 144.324,
                                                "Actual Total Time": 235.204,
                                                "Actual Rows": 96243,
                                                "Actual Loops": 6,
                                                "Output": [
                                                    "t.id",
                                                    "mc.movie_id"
                                                ],
                                                "Inner Unique": true,
                                                "Hash Cond": "(mc.movie_id = t.id)",
                                                "Workers": [
                                                    {
                                                        "Worker Number": 0,
                                                        "Actual Startup Time": 144.263,
                                                        "Actual Total Time": 234.788,
                                                        "Actual Rows": 75886,
                                                        "Actual Loops": 1
                                                    },
                                                    {
                                                        "Worker Number": 1,
                                                        "Actual Startup Time": 144.378,
                                                        "Actual Total Time": 235.561,
                                                        "Actual Rows": 76107,
                                                        "Actual Loops": 1
                                                    },
                                                    {
                                                        "Worker Number": 2,
                                                        "Actual Startup Time": 144.287,
                                                        "Actual Total Time": 235.47,
                                                        "Actual Rows": 102394,
                                                        "Actual Loops": 1
                                                    },
                                                    {
                                                        "Worker Number": 3,
                                                        "Actual Startup Time": 144.303,
                                                        "Actual Total Time": 235.072,
                                                        "Actual Rows": 97694,
                                                        "Actual Loops": 1
                                                    },
                                                    {
                                                        "Worker Number": 4,
                                                        "Actual Startup Time": 144.327,
                                                        "Actual Total Time": 235.13,
                                                        "Actual Rows": 108171,
                                                        "Actual Loops": 1
                                                    }
                                                ],
                                                "Plans": [
                                                    {
                                                        "Node Type": "Seq Scan",
                                                        "Parent Relationship": "Outer",
                                                        "Parallel Aware": true,
                                                        "Relation Name": "movie_companies",
                                                        "Schema": "public",
                                                        "Alias": "mc",
                                                        "Startup Cost": 0.0,
                                                        "Total Cost": 31414.82,
                                                        "Plan Rows": 290815,
                                                        "Plan Width": 4,
                                                        "Actual Startup Time": 0.408,
                                                        "Actual Total Time": 52.961,
                                                        "Actual Rows": 122723,
                                                        "Actual Loops": 6,
                                                        "Output": [
                                                            "mc.id",
                                                            "mc.movie_id",
                                                            "mc.company_id",
                                                            "mc.company_type_id",
                                                            "mc.note"
                                                        ],
                                                        "Filter": "((mc.company_id > 1603) AND (mc.company_type_id < 2))",
                                                        "Rows Removed by Filter": 312132,
                                                        "Workers": [
                                                            {
                                                                "Worker Number": 0,
                                                                "Actual Startup Time": 0.397,
                                                                "Actual Total Time": 54.843,
                                                                "Actual Rows": 96155,
                                                                "Actual Loops": 1
                                                            },
                                                            {
                                                                "Worker Number": 1,
                                                                "Actual Startup Time": 0.441,
                                                                "Actual Total Time": 55.096,
                                                                "Actual Rows": 96728,
                                                                "Actual Loops": 1
                                                            },
                                                            {
                                                                "Worker Number": 2,
                                                                "Actual Startup Time": 0.394,
                                                                "Actual Total Time": 52.415,
                                                                "Actual Rows": 129892,
                                                                "Actual Loops": 1
                                                            },
                                                            {
                                                                "Worker Number": 3,
                                                                "Actual Startup Time": 0.405,
                                                                "Actual Total Time": 52.394,
                                                                "Actual Rows": 125237,
                                                                "Actual Loops": 1
                                                            },
                                                            {
                                                                "Worker Number": 4,
                                                                "Actual Startup Time": 0.413,
                                                                "Actual Total Time": 53.37,
                                                                "Actual Rows": 137835,
                                                                "Actual Loops": 1
                                                            }
                                                        ]
                                                    },
                                                    {
                                                        "Node Type": "Hash",
                                                        "Parent Relationship": "Inner",
                                                        "Parallel Aware": true,
                                                        "Startup Cost": 43899.01,
                                                        "Total Cost": 43899.01,
                                                        "Plan Rows": 191099,
                                                        "Plan Width": 4,
                                                        "Actual Startup Time": 141.873,
                                                        "Actual Total Time": 141.874,
                                                        "Actual Rows": 125613,
                                                        "Actual Loops": 6,
                                                        "Output": [
                                                            "t.id"
                                                        ],
                                                        "Hash Buckets": 1048576,
                                                        "Original Hash Buckets": 1048576,
                                                        "Hash Batches": 1,
                                                        "Original Hash Batches": 1,
                                                        "Peak Memory Usage": 37792,
                                                        "Workers": [
                                                            {
                                                                "Worker Number": 0,
                                                                "Actual Startup Time": 143.731,
                                                                "Actual Total Time": 143.733,
                                                                "Actual Rows": 97603,
                                                                "Actual Loops": 1
                                                            },
                                                            {
                                                                "Worker Number": 1,
                                                                "Actual Startup Time": 143.867,
                                                                "Actual Total Time": 143.868,
                                                                "Actual Rows": 98799,
                                                                "Actual Loops": 1
                                                            },
                                                            {
                                                                "Worker Number": 2,
                                                                "Actual Startup Time": 143.791,
                                                                "Actual Total Time": 143.792,
                                                                "Actual Rows": 125204,
                                                                "Actual Loops": 1
                                                            },
                                                            {
                                                                "Worker Number": 3,
                                                                "Actual Startup Time": 143.774,
                                                                "Actual Total Time": 143.775,
                                                                "Actual Rows": 122247,
                                                                "Actual Loops": 1
                                                            },
                                                            {
                                                                "Worker Number": 4,
                                                                "Actual Startup Time": 143.719,
                                                                "Actual Total Time": 143.72,
                                                                "Actual Rows": 135365,
                                                                "Actual Loops": 1
                                                            }
                                                        ],
                                                        "Plans": [
                                                            {
                                                                "Node Type": "Seq Scan",
                                                                "Parent Relationship": "Outer",
                                                                "Parallel Aware": true,
                                                                "Relation Name": "title",
                                                                "Schema": "public",
                                                                "Alias": "t",
                                                                "Startup Cost": 0.0,
                                                                "Total Cost": 43899.01,
                                                                "Plan Rows": 191099,
                                                                "Plan Width": 4,
                                                                "Actual Startup Time": 0.069,
                                                                "Actual Total Time": 82.7,
                                                                "Actual Rows": 125613,
                                                                "Actual Loops": 6,
                                                                "Output": [
                                                                    "t.id"
                                                                ],
                                                                "Filter": "(t.kind_id < 3)",
                                                                "Rows Removed by Filter": 295772,
                                                                "Workers": [
                                                                    {
                                                                        "Worker Number": 0,
                                                                        "Actual Startup Time": 0.088,
                                                                        "Actual Total Time": 84.706,
                                                                        "Actual Rows": 97603,
                                                                        "Actual Loops": 1
                                                                    },
                                                                    {
                                                                        "Worker Number": 1,
                                                                        "Actual Startup Time": 0.077,
                                                                        "Actual Total Time": 85.027,
                                                                        "Actual Rows": 98799,
                                                                        "Actual Loops": 1
                                                                    },
                                                                    {
                                                                        "Worker Number": 2,
                                                                        "Actual Startup Time": 0.077,
                                                                        "Actual Total Time": 82.256,
                                                                        "Actual Rows": 125204,
                                                                        "Actual Loops": 1
                                                                    },
                                                                    {
                                                                        "Worker Number": 3,
                                                                        "Actual Startup Time": 0.069,
                                                                        "Actual Total Time": 81.882,
                                                                        "Actual Rows": 122247,
                                                                        "Actual Loops": 1
                                                                    },
                                                                    {
                                                                        "Worker Number": 4,
                                                                        "Actual Startup Time": 0.084,
                                                                        "Actual Total Time": 83.049,
                                                                        "Actual Rows": 135365,
                                                                        "Actual Loops": 1
                                                                    }
                                                                ]
                                                            }
                                                        ]
                                                    }
                                                ]
                                            }
                                        ]
                                    }
                                ]
                            }
                        ]
                    }
                ]
            }
        ]
    },
    "Planning Time": 1.568,
    "Triggers": [],
    "Execution Time": 666.315
}