[
  {
    "Plan": {
      "Node Type": "Aggregate",
      "Strategy": "Plain",
      "Partial Mode": "Finalize",
      "Parallel Aware": false,
      "Startup Cost": 79703.05,
      "Total Cost": 79703.06,
      "Plan Rows": 1,
      "Plan Width": 8,
      "Actual Startup Time": 169.913,
      "Actual Total Time": 198.163,
      "Actual Rows": 1,
      "Actual Loops": 1,
      "Plans": [
        {
          "Node Type": "Gather",
          "Parent Relationship": "Outer",
          "Parallel Aware": false,
          "Startup Cost": 79702.63,
          "Total Cost": 79703.04,
          "Plan Rows": 4,
          "Plan Width": 8,
          "Actual Startup Time": 169.618,
          "Actual Total Time": 198.153,
          "Actual Rows": 5,
          "Actual Loops": 1,
          "Workers Planned": 4,
          "Workers Launched": 4,
          "Single Copy": false,
          "Plans": [
            {
              "Node Type": "Aggregate",
              "Strategy": "Plain",
              "Partial Mode": "Partial",
              "Parent Relationship": "Outer",
              "Parallel Aware": false,
              "Startup Cost": 78702.63,
              "Total Cost": 78702.64,
              "Plan Rows": 1,
              "Plan Width": 8,
              "Actual Startup Time": 163.384,
              "Actual Total Time": 163.386,
              "Actual Rows": 1,
              "Actual Loops": 5,
              "Plans": [
                {
                  "Node Type": "Nested Loop",
                  "Parent Relationship": "Outer",
                  "Parallel Aware": false,
                  "Join Type": "Inner",
                  "Startup Cost": 1.0,
                  "Total Cost": 78700.41,
                  "Plan Rows": 887,
                  "Plan Width": 0,
                  "Actual Startup Time": 52.322,
                  "Actual Total Time": 162.638,
                  "Actual Rows": 8427,
                  "Actual Loops": 5,
                  "Inner Unique": false,
                  "Join Filter": "(t.id = mi.movie_id)",
                  "Rows Removed by Join Filter": 0,
                  "Plans": [
                    {
                      "Node Type": "Nested Loop",
                      "Parent Relationship": "Outer",
                      "Parallel Aware": false,
                      "Join Type": "Inner",
                      "Startup Cost": 0.56,
                      "Total Cost": 76731.32,
                      "Plan Rows": 1449,
                      "Plan Width": 8,
                      "Actual Startup Time": 52.192,
                      "Actual Total Time": 121.806,
                      "Actual Rows": 4867,
                      "Actual Loops": 5,
                      "Inner Unique": false,
                      "Plans": [
                        {
                          "Node Type": "Seq Scan",
                          "Parent Relationship": "Outer",
                          "Parallel Aware": true,
                          "Relation Name": "title",
                          "Alias": "t",
                          "Startup Cost": 0.0,
                          "Total Cost": 45479.59,
                          "Plan Rows": 228,
                          "Plan Width": 4,
                          "Actual Startup Time": 51.998,
                          "Actual Total Time": 75.7,
                          "Actual Rows": 643,
                          "Actual Loops": 5,
                          "Filter": "((production_year > 2013) AND (kind_id = 1))",
                          "Rows Removed by Filter": 505019
                        },
                        {
                          "Node Type": "Index Scan",
                          "Parent Relationship": "Inner",
                          "Parallel Aware": false,
                          "Scan Direction": "Forward",
                          "Index Name": "movie_id_cast_info",
                          "Relation Name": "cast_info",
                          "Alias": "ci",
                          "Startup Cost": 0.56,
                          "Total Cost": 136.92,
                          "Plan Rows": 15,
                          "Plan Width": 4,
                          "Actual Startup Time": 0.037,
                          "Actual Total Time": 0.07,
                          "Actual Rows": 8,
                          "Actual Loops": 3217,
                          "Index Cond": "(movie_id = t.id)",
                          "Rows Removed by Index Recheck": 0,
                          "Filter": "(role_id > 2)",
                          "Rows Removed by Filter": 4
                        }
                      ]
                    },
                    {
                      "Node Type": "Index Scan",
                      "Parent Relationship": "Inner",
                      "Parallel Aware": false,
                      "Scan Direction": "Forward",
                      "Index Name": "movie_id_movie_info",
                      "Relation Name": "movie_info",
                      "Alias": "mi",
                      "Startup Cost": 0.43,
                      "Total Cost": 1.31,
                      "Plan Rows": 4,
                      "Plan Width": 4,
                      "Actual Startup Time": 0.008,
                      "Actual Total Time": 0.008,
                      "Actual Rows": 2,
                      "Actual Loops": 24336,
                      "Index Cond": "(movie_id = ci.movie_id)",
                      "Rows Removed by Index Recheck": 0,
                      "Filter": "(info_type_id = 3)",
                      "Rows Removed by Filter": 7
                    }
                  ]
                }
              ]
            }
          ]
        }
      ]
    },
    "Planning Time": 0.62,
    "Triggers": [],
    "Execution Time": 198.225
  }
]