[
    {
        "Bao": {
            "Bao prediction": "NaN",
            "Bao recommended hint": "(no hint)"
        }
    },
    {
        "Plan": {
            "Node Type": "Aggregate",
            "Strategy": "Plain",
            "Partial Mode": "Finalize",
            "Parallel Aware": false,
            "Startup Cost": 44577.63,
            "Total Cost": 44577.64,
            "Plan Rows": 1,
            "Plan Width": 8,
            "Actual Startup Time": 121.884,
            "Actual Total Time": 130.382,
            "Actual Rows": 1,
            "Actual Loops": 1,
            "Output": [
                "count(*)"
            ],
            "Plans": [
                {
                    "Node Type": "Gather",
                    "Parent Relationship": "Outer",
                    "Parallel Aware": false,
                    "Startup Cost": 44577.31,
                    "Total Cost": 44577.62,
                    "Plan Rows": 3,
                    "Plan Width": 8,
                    "Actual Startup Time": 121.783,
                    "Actual Total Time": 130.375,
                    "Actual Rows": 4,
                    "Actual Loops": 1,
                    "Output": [
                        "(PARTIAL count(*))"
                    ],
                    "Workers Planned": 3,
                    "Workers Launched": 3,
                    "Single Copy": false,
                    "Plans": [
                        {
                            "Node Type": "Aggregate",
                            "Strategy": "Plain",
                            "Partial Mode": "Partial",
                            "Parent Relationship": "Outer",
                            "Parallel Aware": false,
                            "Startup Cost": 43577.31,
                            "Total Cost": 43577.32,
                            "Plan Rows": 1,
                            "Plan Width": 8,
                            "Actual Startup Time": 113.746,
                            "Actual Total Time": 113.747,
                            "Actual Rows": 1,
                            "Actual Loops": 4,
                            "Output": [
                                "PARTIAL count(*)"
                            ],
                            "Workers": [
                                {
                                    "Worker Number": 0,
                                    "Actual Startup Time": 110.906,
                                    "Actual Total Time": 110.907,
                                    "Actual Rows": 1,
                                    "Actual Loops": 1
                                },
                                {
                                    "Worker Number": 1,
                                    "Actual Startup Time": 111.151,
                                    "Actual Total Time": 111.152,
                                    "Actual Rows": 1,
                                    "Actual Loops": 1
                                },
                                {
                                    "Worker Number": 2,
                                    "Actual Startup Time": 111.409,
                                    "Actual Total Time": 111.41,
                                    "Actual Rows": 1,
                                    "Actual Loops": 1
                                }
                            ],
                            "Plans": [
                                {
                                    "Node Type": "Seq Scan",
                                    "Parent Relationship": "Outer",
                                    "Parallel Aware": true,
                                    "Relation Name": "movie_keyword",
                                    "Schema": "public",
                                    "Alias": "mk",
                                    "Startup Cost": 0.0,
                                    "Total Cost": 42695.65,
                                    "Plan Rows": 352662,
                                    "Plan Width": 0,
                                    "Actual Startup Time": 0.049,
                                    "Actual Total Time": 99.459,
                                    "Actual Rows": 275144,
                                    "Actual Loops": 4,
                                    "Output": [
                                        "id",
                                        "movie_id",
                                        "keyword_id"
                                    ],
                                    "Filter": "(mk.keyword_id < 1130)",
                                    "Rows Removed by Filter": 855838,
                                    "Workers": [
                                        {
                                            "Worker Number": 0,
                                            "Actual Startup Time": 0.053,
                                            "Actual Total Time": 97.666,
                                            "Actual Rows": 243492,
                                            "Actual Loops": 1
                                        },
                                        {
                                            "Worker Number": 1,
                                            "Actual Startup Time": 0.058,
                                            "Actual Total Time": 97.884,
                                            "Actual Rows": 245129,
                                            "Actual Loops": 1
                                        },
                                        {
                                            "Worker Number": 2,
                                            "Actual Startup Time": 0.07,
                                            "Actual Total Time": 98.216,
                                            "Actual Rows": 230528,
                                            "Actual Loops": 1
                                        }
                                    ]
                                }
                            ]
                        }
                    ]
                }
            ]
        },
        "Planning Time": 203.48,
        "Triggers": [],
        "Execution Time": 130.425
    }
]