{
  "Plan": {
    "Node Type": "Aggregate",
    "Strategy": "Plain",
    "Partial Mode": "Finalize",
    "Parallel Aware": false,
    "Startup Cost": 587875.71,
    "Total Cost": 587875.72,
    "Plan Rows": 1,
    "Plan Width": 8,
    "Actual Startup Time": 2248.096,
    "Actual Total Time": 2292.973,
    "Actual Rows": 1,
    "Actual Loops": 1,
    "Plans": [
      {
        "Node Type": "Gather",
        "Parent Relationship": "Outer",
        "Parallel Aware": false,
        "Startup Cost": 587875.6,
        "Total Cost": 587875.71,
        "Plan Rows": 1,
        "Plan Width": 8,
        "Actual Startup Time": 2247.697,
        "Actual Total Time": 2292.966,
        "Actual Rows": 2,
        "Actual Loops": 1,
        "Workers Planned": 1,
        "Workers Launched": 1,
        "Single Copy": false,
        "Plans": [
          {
            "Node Type": "Aggregate",
            "Strategy": "Plain",
            "Partial Mode": "Partial",
            "Parent Relationship": "Outer",
            "Parallel Aware": false,
            "Startup Cost": 586875.6,
            "Total Cost": 586875.61,
            "Plan Rows": 1,
            "Plan Width": 8,
            "Actual Startup Time": 2242.856,
            "Actual Total Time": 2242.859,
            "Actual Rows": 1,
            "Actual Loops": 2,
            "Plans": [
              {
                "Node Type": "Hash Join",
                "Parent Relationship": "Outer",
                "Parallel Aware": true,
                "Join Type": "Inner",
                "Startup Cost": 58582.85,
                "Total Cost": 586518.04,
                "Plan Rows": 143023,
                "Plan Width": 0,
                "Actual Startup Time": 153.175,
                "Actual Total Time": 2238.791,
                "Actual Rows": 78896,
                "Actual Loops": 2,
                "Inner Unique": true,
                "Hash Cond": "(ci.movie_id = t.id)",
                "Plans": [
                  {
                    "Node Type": "Index Scan",
                    "Parent Relationship": "Outer",
                    "Parallel Aware": true,
                    "Scan Direction": "Forward",
                    "Index Name": "role_id_cast_info",
                    "Relation Name": "cast_info",
                    "Alias": "ci",
                    "Startup Cost": 0.56,
                    "Total Cost": 502630.18,
                    "Plan Rows": 9640203,
                    "Plan Width": 4,
                    "Actual Startup Time": 0.073,
                    "Actual Total Time": 1087.646,
                    "Actual Rows": 8060842,
                    "Actual Loops": 2,
                    "Index Cond": "(role_id > 2)",
                    "Rows Removed by Index Recheck": 0
                  },
                  {
                    "Node Type": "Hash",
                    "Parent Relationship": "Inner",
                    "Parallel Aware": true,
                    "Startup Cost": 58306.47,
                    "Total Cost": 58306.47,
                    "Plan Rows": 22065,
                    "Plan Width": 4,
                    "Actual Startup Time": 150.392,
                    "Actual Total Time": 150.393,
                    "Actual Rows": 49288,
                    "Actual Loops": 2,
                    "Hash Buckets": 131072,
                    "Original Hash Buckets": 65536,
                    "Hash Batches": 1,
                    "Original Hash Batches": 1,
                    "Peak Memory Usage": 5440,
                    "Plans": [
                      {
                        "Node Type": "Seq Scan",
                        "Parent Relationship": "Outer",
                        "Parallel Aware": true,
                        "Relation Name": "title",
                        "Alias": "t",
                        "Startup Cost": 0.0,
                        "Total Cost": 58306.47,
                        "Plan Rows": 22065,
                        "Plan Width": 4,
                        "Actual Startup Time": 82.911,
                        "Actual Total Time": 138.915,
                        "Actual Rows": 49288,
                        "Actual Loops": 2,
                        "Filter": "((kind_id < 7) AND (production_year < 1924))",
                        "Rows Removed by Filter": 1214868
                      }
                    ]
                  }
                ]
              }
            ]
          }
        ]
      }
    ]
  },
  "Planning Time": 0.301,
  "Triggers": [],
  "Execution Time": 2293.05
}