[
  {
    "Plan": {
      "Node Type": "Aggregate",
      "Strategy": "Plain",
      "Partial Mode": "Finalize",
      "Parallel Aware": false,
      "Startup Cost": 78439.31,
      "Total Cost": 78439.32,
      "Plan Rows": 1,
      "Plan Width": 8,
      "Actual Startup Time": 259.089,
      "Actual Total Time": 278.315,
      "Actual Rows": 1,
      "Actual Loops": 1,
      "Plans": [
        {
          "Node Type": "Gather",
          "Parent Relationship": "Outer",
          "Parallel Aware": false,
          "Startup Cost": 78438.99,
          "Total Cost": 78439.3,
          "Plan Rows": 3,
          "Plan Width": 8,
          "Actual Startup Time": 257.773,
          "Actual Total Time": 278.306,
          "Actual Rows": 4,
          "Actual Loops": 1,
          "Workers Planned": 3,
          "Workers Launched": 3,
          "Single Copy": false,
          "Plans": [
            {
              "Node Type": "Aggregate",
              "Strategy": "Plain",
              "Partial Mode": "Partial",
              "Parent Relationship": "Outer",
              "Parallel Aware": false,
              "Startup Cost": 77438.99,
              "Total Cost": 77439.0,
              "Plan Rows": 1,
              "Plan Width": 8,
              "Actual Startup Time": 250.274,
              "Actual Total Time": 250.279,
              "Actual Rows": 1,
              "Actual Loops": 4,
              "Plans": [
                {
                  "Node Type": "Nested Loop",
                  "Parent Relationship": "Outer",
                  "Parallel Aware": false,
                  "Join Type": "Inner",
                  "Startup Cost": 19972.9,
                  "Total Cost": 77430.54,
                  "Plan Rows": 3380,
                  "Plan Width": 0,
                  "Actual Startup Time": 108.433,
                  "Actual Total Time": 250.046,
                  "Actual Rows": 1790,
                  "Actual Loops": 4,
                  "Inner Unique": true,
                  "Plans": [
                    {
                      "Node Type": "Hash Join",
                      "Parent Relationship": "Outer",
                      "Parallel Aware": true,
                      "Join Type": "Inner",
                      "Startup Cost": 19972.47,
                      "Total Cost": 45186.9,
                      "Plan Rows": 38371,
                      "Plan Width": 8,
                      "Actual Startup Time": 107.965,
                      "Actual Total Time": 161.021,
                      "Actual Rows": 20713,
                      "Actual Loops": 4,
                      "Inner Unique": false,
                      "Hash Cond": "(mk.movie_id = mi_idx.movie_id)",
                      "Plans": [
                        {
                          "Node Type": "Bitmap Heap Scan",
                          "Parent Relationship": "Outer",
                          "Parallel Aware": true,
                          "Relation Name": "movie_keyword",
                          "Alias": "mk",
                          "Startup Cost": 2432.33,
                          "Total Cost": 27348.29,
                          "Plan Rows": 36957,
                          "Plan Width": 4,
                          "Actual Startup Time": 17.49,
                          "Actual Total Time": 53.081,
                          "Actual Rows": 29348,
                          "Actual Loops": 4,
                          "Recheck Cond": "(keyword_id < 115)",
                          "Rows Removed by Index Recheck": 0,
                          "Exact Heap Blocks": 6185,
                          "Lossy Heap Blocks": 0,
                          "Plans": [
                            {
                              "Node Type": "Bitmap Index Scan",
                              "Parent Relationship": "Outer",
                              "Parallel Aware": false,
                              "Index Name": "keyword_id_movie_keyword",
                              "Startup Cost": 0.0,
                              "Total Cost": 2403.68,
                              "Plan Rows": 114567,
                              "Plan Width": 0,
                              "Actual Startup Time": 12.015,
                              "Actual Total Time": 12.016,
                              "Actual Rows": 117394,
                              "Actual Loops": 1,
                              "Index Cond": "(keyword_id < 115)"
                            }
                          ]
                        },
                        {
                          "Node Type": "Hash",
                          "Parent Relationship": "Inner",
                          "Parallel Aware": true,
                          "Startup Cost": 15122.68,
                          "Total Cost": 15122.68,
                          "Plan Rows": 193397,
                          "Plan Width": 4,
                          "Actual Startup Time": 87.356,
                          "Actual Total Time": 87.357,
                          "Actual Rows": 115046,
                          "Actual Loops": 4,
                          "Hash Buckets": 524288,
                          "Original Hash Buckets": 524288,
                          "Hash Batches": 1,
                          "Original Hash Batches": 1,
                          "Peak Memory Usage": 22176,
                          "Plans": [
                            {
                              "Node Type": "Seq Scan",
                              "Parent Relationship": "Outer",
                              "Parallel Aware": true,
                              "Relation Name": "movie_info_idx",
                              "Alias": "mi_idx",
                              "Startup Cost": 0.0,
                              "Total Cost": 15122.68,
                              "Plan Rows": 193397,
                              "Plan Width": 4,
                              "Actual Startup Time": 0.038,
                              "Actual Total Time": 45.336,
                              "Actual Rows": 115046,
                              "Actual Loops": 4,
                              "Filter": "(info_type_id > 100)",
                              "Rows Removed by Filter": 229962
                            }
                          ]
                        }
                      ]
                    },
                    {
                      "Node Type": "Index Scan",
                      "Parent Relationship": "Inner",
                      "Parallel Aware": false,
                      "Scan Direction": "Forward",
                      "Index Name": "title_pkey",
                      "Relation Name": "title",
                      "Alias": "t",
                      "Startup Cost": 0.43,
                      "Total Cost": 0.84,
                      "Plan Rows": 1,
                      "Plan Width": 4,
                      "Actual Startup Time": 0.004,
                      "Actual Total Time": 0.004,
                      "Actual Rows": 0,
                      "Actual Loops": 82852,
                      "Index Cond": "(id = mi_idx.movie_id)",
                      "Rows Removed by Index Recheck": 0,
                      "Filter": "((production_year < 2011) AND (kind_id = 7))",
                      "Rows Removed by Filter": 1
                    }
                  ]
                }
              ]
            }
          ]
        }
      ]
    },
    "Planning Time": 1.357,
    "Triggers": [],
    "Execution Time": 278.424
  }
]