[
  {
    "Plan": {
      "Node Type": "Aggregate",
      "Strategy": "Plain",
      "Partial Mode": "Finalize",
      "Parallel Aware": false,
      "Startup Cost": 379420.12,
      "Total Cost": 379420.13,
      "Plan Rows": 1,
      "Plan Width": 8,
      "Actual Startup Time": 1022.362,
      "Actual Total Time": 1074.573,
      "Actual Rows": 1,
      "Actual Loops": 1,
      "Plans": [
        {
          "Node Type": "Gather",
          "Parent Relationship": "Outer",
          "Parallel Aware": false,
          "Startup Cost": 379419.49,
          "Total Cost": 379420.1,
          "Plan Rows": 6,
          "Plan Width": 8,
          "Actual Startup Time": 1020.334,
          "Actual Total Time": 1074.553,
          "Actual Rows": 7,
          "Actual Loops": 1,
          "Workers Planned": 6,
          "Workers Launched": 6,
          "Single Copy": false,
          "Plans": [
            {
              "Node Type": "Aggregate",
              "Strategy": "Plain",
              "Partial Mode": "Partial",
              "Parent Relationship": "Outer",
              "Parallel Aware": false,
              "Startup Cost": 378419.49,
              "Total Cost": 378419.5,
              "Plan Rows": 1,
              "Plan Width": 8,
              "Actual Startup Time": 1012.184,
              "Actual Total Time": 1012.189,
              "Actual Rows": 1,
              "Actual Loops": 7,
              "Plans": [
                {
                  "Node Type": "Hash Join",
                  "Parent Relationship": "Outer",
                  "Parallel Aware": true,
                  "Join Type": "Inner",
                  "Startup Cost": 44349.62,
                  "Total Cost": 378117.88,
                  "Plan Rows": 120644,
                  "Plan Width": 0,
                  "Actual Startup Time": 83.405,
                  "Actual Total Time": 1007.391,
                  "Actual Rows": 91279,
                  "Actual Loops": 7,
                  "Inner Unique": true,
                  "Hash Cond": "(ci.movie_id = t.id)",
                  "Plans": [
                    {
                      "Node Type": "Seq Scan",
                      "Parent Relationship": "Outer",
                      "Parallel Aware": true,
                      "Relation Name": "cast_info",
                      "Alias": "ci",
                      "Startup Cost": 0.0,
                      "Total Cost": 328211.39,
                      "Plan Rows": 2116898,
                      "Plan Width": 4,
                      "Actual Startup Time": 0.032,
                      "Actual Total Time": 684.666,
                      "Actual Rows": 1810098,
                      "Actual Loops": 7,
                      "Filter": "(role_id < 2)",
                      "Rows Removed by Filter": 3367665
                    },
                    {
                      "Node Type": "Hash",
                      "Parent Relationship": "Inner",
                      "Parallel Aware": true,
                      "Startup Cost": 43899.32,
                      "Total Cost": 43899.32,
                      "Plan Rows": 36024,
                      "Plan Width": 4,
                      "Actual Startup Time": 81.507,
                      "Actual Total Time": 81.509,
                      "Actual Rows": 22500,
                      "Actual Loops": 7,
                      "Hash Buckets": 262144,
                      "Original Hash Buckets": 262144,
                      "Hash Batches": 1,
                      "Original Hash Batches": 1,
                      "Peak Memory Usage": 8352,
                      "Plans": [
                        {
                          "Node Type": "Seq Scan",
                          "Parent Relationship": "Outer",
                          "Parallel Aware": true,
                          "Relation Name": "title",
                          "Alias": "t",
                          "Startup Cost": 0.0,
                          "Total Cost": 43899.32,
                          "Plan Rows": 36024,
                          "Plan Width": 4,
                          "Actual Startup Time": 5.564,
                          "Actual Total Time": 70.331,
                          "Actual Rows": 22500,
                          "Actual Loops": 7,
                          "Filter": "(production_year < 1948)",
                          "Rows Removed by Filter": 338688
                        }
                      ]
                    }
                  ]
                }
              ]
            }
          ]
        }
      ]
    },
    "Planning Time": 0.353,
    "Triggers": [],
    "Execution Time": 1074.634
  }
]