[
  {
    "Plan": {
      "Node Type": "Aggregate",
      "Strategy": "Plain",
      "Partial Mode": "Finalize",
      "Parallel Aware": false,
      "Startup Cost": 41641.19,
      "Total Cost": 41641.2,
      "Plan Rows": 1,
      "Plan Width": 8,
      "Actual Startup Time": 140.846,
      "Actual Total Time": 152.133,
      "Actual Rows": 1,
      "Actual Loops": 1,
      "Plans": [
        {
          "Node Type": "Gather",
          "Parent Relationship": "Outer",
          "Parallel Aware": false,
          "Startup Cost": 41640.87,
          "Total Cost": 41641.18,
          "Plan Rows": 3,
          "Plan Width": 8,
          "Actual Startup Time": 140.531,
          "Actual Total Time": 152.12,
          "Actual Rows": 4,
          "Actual Loops": 1,
          "Workers Planned": 3,
          "Workers Launched": 3,
          "Single Copy": false,
          "Plans": [
            {
              "Node Type": "Aggregate",
              "Strategy": "Plain",
              "Partial Mode": "Partial",
              "Parent Relationship": "Outer",
              "Parallel Aware": false,
              "Startup Cost": 40640.87,
              "Total Cost": 40640.88,
              "Plan Rows": 1,
              "Plan Width": 8,
              "Actual Startup Time": 134.464,
              "Actual Total Time": 134.467,
              "Actual Rows": 1,
              "Actual Loops": 4,
              "Plans": [
                {
                  "Node Type": "Bitmap Heap Scan",
                  "Parent Relationship": "Outer",
                  "Parallel Aware": true,
                  "Relation Name": "movie_keyword",
                  "Alias": "mk",
                  "Startup Cost": 13180.17,
                  "Total Cost": 40139.75,
                  "Plan Rows": 200447,
                  "Plan Width": 0,
                  "Actual Startup Time": 39.41,
                  "Actual Total Time": 124.351,
                  "Actual Rows": 154858,
                  "Actual Loops": 4,
                  "Recheck Cond": "(keyword_id > 29447)",
                  "Rows Removed by Index Recheck": 0,
                  "Exact Heap Blocks": 10542,
                  "Lossy Heap Blocks": 0,
                  "Plans": [
                    {
                      "Node Type": "Bitmap Index Scan",
                      "Parent Relationship": "Outer",
                      "Parallel Aware": false,
                      "Index Name": "keyword_id_movie_keyword",
                      "Startup Cost": 0.0,
                      "Total Cost": 13024.82,
                      "Plan Rows": 621385,
                      "Plan Width": 0,
                      "Actual Startup Time": 41.452,
                      "Actual Total Time": 41.452,
                      "Actual Rows": 619430,
                      "Actual Loops": 1,
                      "Index Cond": "(keyword_id > 29447)"
                    }
                  ]
                }
              ]
            }
          ]
        }
      ]
    },
    "Planning Time": 0.19,
    "Triggers": [],
    "Execution Time": 152.211
  }
]