[
  {
    "Plan": {
      "Node Type": "Aggregate",
      "Strategy": "Plain",
      "Partial Mode": "Finalize",
      "Parallel Aware": false,
      "Startup Cost": 42079.14,
      "Total Cost": 42079.15,
      "Plan Rows": 1,
      "Plan Width": 8,
      "Actual Startup Time": 133.097,
      "Actual Total Time": 141.31,
      "Actual Rows": 1,
      "Actual Loops": 1,
      "Plans": [
        {
          "Node Type": "Gather",
          "Parent Relationship": "Outer",
          "Parallel Aware": false,
          "Startup Cost": 42078.82,
          "Total Cost": 42079.13,
          "Plan Rows": 3,
          "Plan Width": 8,
          "Actual Startup Time": 132.866,
          "Actual Total Time": 141.302,
          "Actual Rows": 4,
          "Actual Loops": 1,
          "Workers Planned": 3,
          "Workers Launched": 3,
          "Single Copy": false,
          "Plans": [
            {
              "Node Type": "Aggregate",
              "Strategy": "Plain",
              "Partial Mode": "Partial",
              "Parent Relationship": "Outer",
              "Parallel Aware": false,
              "Startup Cost": 41078.82,
              "Total Cost": 41078.83,
              "Plan Rows": 1,
              "Plan Width": 8,
              "Actual Startup Time": 124.017,
              "Actual Total Time": 124.019,
              "Actual Rows": 1,
              "Actual Loops": 4,
              "Plans": [
                {
                  "Node Type": "Bitmap Heap Scan",
                  "Parent Relationship": "Outer",
                  "Parallel Aware": true,
                  "Relation Name": "movie_keyword",
                  "Alias": "mk",
                  "Startup Cost": 13537.42,
                  "Total Cost": 40564.26,
                  "Plan Rows": 205827,
                  "Plan Width": 0,
                  "Actual Startup Time": 41.253,
                  "Actual Total Time": 115.465,
                  "Actual Rows": 154858,
                  "Actual Loops": 4,
                  "Recheck Cond": "(keyword_id > 29447)",
                  "Rows Removed by Index Recheck": 0,
                  "Exact Heap Blocks": 9909,
                  "Lossy Heap Blocks": 0,
                  "Plans": [
                    {
                      "Node Type": "Bitmap Index Scan",
                      "Parent Relationship": "Outer",
                      "Parallel Aware": false,
                      "Index Name": "keyword_id_movie_keyword",
                      "Startup Cost": 0.0,
                      "Total Cost": 13377.91,
                      "Plan Rows": 638063,
                      "Plan Width": 0,
                      "Actual Startup Time": 45.886,
                      "Actual Total Time": 45.886,
                      "Actual Rows": 619430,
                      "Actual Loops": 1,
                      "Index Cond": "(keyword_id > 29447)"
                    }
                  ]
                }
              ]
            }
          ]
        }
      ]
    },
    "Planning Time": 0.112,
    "Triggers": [],
    "Execution Time": 141.36
  }
]