{
  "Plan": {
    "Node Type": "Aggregate",
    "Strategy": "Plain",
    "Partial Mode": "Finalize",
    "Parallel Aware": false,
    "Startup Cost": 32305.64,
    "Total Cost": 32305.65,
    "Plan Rows": 1,
    "Plan Width": 8,
    "Actual Startup Time": 35.99,
    "Actual Total Time": 41.383,
    "Actual Rows": 1,
    "Actual Loops": 1,
    "Plans": [
      {
        "Node Type": "Gather",
        "Parent Relationship": "Outer",
        "Parallel Aware": false,
        "Startup Cost": 32305.53,
        "Total Cost": 32305.64,
        "Plan Rows": 1,
        "Plan Width": 8,
        "Actual Startup Time": 35.894,
        "Actual Total Time": 41.377,
        "Actual Rows": 2,
        "Actual Loops": 1,
        "Workers Planned": 1,
        "Workers Launched": 1,
        "Single Copy": false,
        "Plans": [
          {
            "Node Type": "Aggregate",
            "Strategy": "Plain",
            "Partial Mode": "Partial",
            "Parent Relationship": "Outer",
            "Parallel Aware": false,
            "Startup Cost": 31305.53,
            "Total Cost": 31305.54,
            "Plan Rows": 1,
            "Plan Width": 8,
            "Actual Startup Time": 30.03,
            "Actual Total Time": 30.032,
            "Actual Rows": 1,
            "Actual Loops": 2,
            "Plans": [
              {
                "Node Type": "Nested Loop",
                "Parent Relationship": "Outer",
                "Parallel Aware": false,
                "Join Type": "Inner",
                "Startup Cost": 99.92,
                "Total Cost": 31298.88,
                "Plan Rows": 2661,
                "Plan Width": 0,
                "Actual Startup Time": 2.426,
                "Actual Total Time": 29.689,
                "Actual Rows": 2030,
                "Actual Loops": 2,
                "Inner Unique": true,
                "Plans": [
                  {
                    "Node Type": "Bitmap Heap Scan",
                    "Parent Relationship": "Outer",
                    "Parallel Aware": true,
                    "Relation Name": "movie_keyword",
                    "Alias": "mk",
                    "Startup Cost": 99.49,
                    "Total Cost": 11584.6,
                    "Plan Rows": 2661,
                    "Plan Width": 4,
                    "Actual Startup Time": 2.254,
                    "Actual Total Time": 8.971,
                    "Actual Rows": 2030,
                    "Actual Loops": 2,
                    "Recheck Cond": "(keyword_id = 648)",
                    "Rows Removed by Index Recheck": 0,
                    "Exact Heap Blocks": 2492,
                    "Lossy Heap Blocks": 0,
                    "Plans": [
                      {
                        "Node Type": "Bitmap Index Scan",
                        "Parent Relationship": "Outer",
                        "Parallel Aware": false,
                        "Index Name": "keyword_id_movie_keyword",
                        "Startup Cost": 0.0,
                        "Total Cost": 98.36,
                        "Plan Rows": 4524,
                        "Plan Width": 0,
                        "Actual Startup Time": 2.935,
                        "Actual Total Time": 2.935,
                        "Actual Rows": 4059,
                        "Actual Loops": 1,
                        "Index Cond": "(keyword_id = 648)"
                      }
                    ]
                  },
                  {
                    "Node Type": "Index Only Scan",
                    "Parent Relationship": "Inner",
                    "Parallel Aware": false,
                    "Scan Direction": "Forward",
                    "Index Name": "title_pkey",
                    "Relation Name": "title",
                    "Alias": "t",
                    "Startup Cost": 0.43,
                    "Total Cost": 7.41,
                    "Plan Rows": 1,
                    "Plan Width": 4,
                    "Actual Startup Time": 0.009,
                    "Actual Total Time": 0.009,
                    "Actual Rows": 1,
                    "Actual Loops": 4059,
                    "Index Cond": "(id = mk.movie_id)",
                    "Rows Removed by Index Recheck": 0,
                    "Heap Fetches": 4059
                  }
                ]
              }
            ]
          }
        ]
      }
    ]
  },
  "Planning Time": 0.58,
  "Triggers": [],
  "Execution Time": 41.465
}