{
  "Plan": {
    "Node Type": "Aggregate",
    "Strategy": "Plain",
    "Partial Mode": "Finalize",
    "Parallel Aware": false,
    "Startup Cost": 642012.57,
    "Total Cost": 642012.58,
    "Plan Rows": 1,
    "Plan Width": 8,
    "Actual Startup Time": 5545.625,
    "Actual Total Time": 5587.87,
    "Actual Rows": 1,
    "Actual Loops": 1,
    "Plans": [
      {
        "Node Type": "Gather",
        "Parent Relationship": "Outer",
        "Parallel Aware": false,
        "Startup Cost": 642012.45,
        "Total Cost": 642012.56,
        "Plan Rows": 1,
        "Plan Width": 8,
        "Actual Startup Time": 5534.274,
        "Actual Total Time": 5587.86,
        "Actual Rows": 2,
        "Actual Loops": 1,
        "Workers Planned": 1,
        "Workers Launched": 1,
        "Single Copy": false,
        "Plans": [
          {
            "Node Type": "Aggregate",
            "Strategy": "Plain",
            "Partial Mode": "Partial",
            "Parent Relationship": "Outer",
            "Parallel Aware": false,
            "Startup Cost": 641012.45,
            "Total Cost": 641012.46,
            "Plan Rows": 1,
            "Plan Width": 8,
            "Actual Startup Time": 5522.477,
            "Actual Total Time": 5522.482,
            "Actual Rows": 1,
            "Actual Loops": 2,
            "Plans": [
              {
                "Node Type": "Hash Join",
                "Parent Relationship": "Outer",
                "Parallel Aware": true,
                "Join Type": "Inner",
                "Startup Cost": 278228.63,
                "Total Cost": 633982.4,
                "Plan Rows": 2812021,
                "Plan Width": 0,
                "Actual Startup Time": 1207.723,
                "Actual Total Time": 5173.687,
                "Actual Rows": 9223676,
                "Actual Loops": 2,
                "Inner Unique": false,
                "Hash Cond": "(t.id = mc.movie_id)",
                "Plans": [
                  {
                    "Node Type": "Hash Join",
                    "Parent Relationship": "Outer",
                    "Parallel Aware": true,
                    "Join Type": "Inner",
                    "Startup Cost": 224906.03,
                    "Total Cost": 547087.89,
                    "Plan Rows": 2724899,
                    "Plan Width": 8,
                    "Actual Startup Time": 758.381,
                    "Actual Total Time": 2780.195,
                    "Actual Rows": 3465457,
                    "Actual Loops": 2,
                    "Inner Unique": true,
                    "Hash Cond": "(ci.movie_id = t.id)",
                    "Plans": [
                      {
                        "Node Type": "Bitmap Heap Scan",
                        "Parent Relationship": "Outer",
                        "Parallel Aware": true,
                        "Relation Name": "cast_info",
                        "Alias": "ci",
                        "Startup Cost": 155445.33,
                        "Total Cost": 470474.32,
                        "Plan Rows": 2724899,
                        "Plan Width": 4,
                        "Actual Startup Time": 276.345,
                        "Actual Total Time": 781.822,
                        "Actual Rows": 3465457,
                        "Actual Loops": 2,
                        "Recheck Cond": "(person_id > 2971530)",
                        "Rows Removed by Index Recheck": 0,
                        "Filter": "(role_id > 1)",
                        "Rows Removed by Filter": 0,
                        "Exact Heap Blocks": 44564,
                        "Lossy Heap Blocks": 0,
                        "Plans": [
                          {
                            "Node Type": "Bitmap Index Scan",
                            "Parent Relationship": "Outer",
                            "Parallel Aware": false,
                            "Index Name": "person_id_cast_info",
                            "Startup Cost": 0.0,
                            "Total Cost": 154287.25,
                            "Plan Rows": 7065425,
                            "Plan Width": 0,
                            "Actual Startup Time": 261.488,
                            "Actual Total Time": 261.489,
                            "Actual Rows": 6930914,
                            "Actual Loops": 1,
                            "Index Cond": "(person_id > 2971530)"
                          }
                        ]
                      },
                      {
                        "Node Type": "Hash",
                        "Parent Relationship": "Inner",
                        "Parallel Aware": true,
                        "Startup Cost": 50870.31,
                        "Total Cost": 50870.31,
                        "Plan Rows": 1487231,
                        "Plan Width": 4,
                        "Actual Startup Time": 471.137,
                        "Actual Total Time": 471.137,
                        "Actual Rows": 1264156,
                        "Actual Loops": 2,
                        "Hash Buckets": 4194304,
                        "Original Hash Buckets": 4194304,
                        "Hash Batches": 1,
                        "Original Hash Batches": 1,
                        "Peak Memory Usage": 131712,
                        "Plans": [
                          {
                            "Node Type": "Seq Scan",
                            "Parent Relationship": "Outer",
                            "Parallel Aware": true,
                            "Relation Name": "title",
                            "Alias": "t",
                            "Startup Cost": 0.0,
                            "Total Cost": 50870.31,
                            "Plan Rows": 1487231,
                            "Plan Width": 4,
                            "Actual Startup Time": 0.025,
                            "Actual Total Time": 144.134,
                            "Actual Rows": 1264156,
                            "Actual Loops": 2
                          }
                        ]
                      }
                    ]
                  },
                  {
                    "Node Type": "Hash",
                    "Parent Relationship": "Inner",
                    "Parallel Aware": true,
                    "Startup Cost": 34137.82,
                    "Total Cost": 34137.82,
                    "Plan Rows": 1534782,
                    "Plan Width": 4,
                    "Actual Startup Time": 427.886,
                    "Actual Total Time": 427.887,
                    "Actual Rows": 1304564,
                    "Actual Loops": 2,
                    "Hash Buckets": 4194304,
                    "Original Hash Buckets": 4194304,
                    "Hash Batches": 1,
                    "Original Hash Batches": 1,
                    "Peak Memory Usage": 134880,
                    "Plans": [
                      {
                        "Node Type": "Seq Scan",
                        "Parent Relationship": "Outer",
                        "Parallel Aware": true,
                        "Relation Name": "movie_companies",
                        "Alias": "mc",
                        "Startup Cost": 0.0,
                        "Total Cost": 34137.82,
                        "Plan Rows": 1534782,
                        "Plan Width": 4,
                        "Actual Startup Time": 0.033,
                        "Actual Total Time": 131.419,
                        "Actual Rows": 1304564,
                        "Actual Loops": 2
                      }
                    ]
                  }
                ]
              }
            ]
          }
        ]
      }
    ]
  },
  "Planning Time": 1.146,
  "Triggers": [],
  "Execution Time": 5587.975
}