{
  "Plan": {
    "Node Type": "Aggregate",
    "Strategy": "Plain",
    "Partial Mode": "Finalize",
    "Parallel Aware": false,
    "Startup Cost": 321622.74,
    "Total Cost": 321622.75,
    "Plan Rows": 1,
    "Plan Width": 8,
    "Actual Startup Time": 1246.739,
    "Actual Total Time": 1273.341,
    "Actual Rows": 1,
    "Actual Loops": 1,
    "Plans": [
      {
        "Node Type": "Gather",
        "Parent Relationship": "Outer",
        "Parallel Aware": false,
        "Startup Cost": 321622.62,
        "Total Cost": 321622.73,
        "Plan Rows": 1,
        "Plan Width": 8,
        "Actual Startup Time": 1246.383,
        "Actual Total Time": 1273.332,
        "Actual Rows": 2,
        "Actual Loops": 1,
        "Workers Planned": 1,
        "Workers Launched": 1,
        "Single Copy": false,
        "Plans": [
          {
            "Node Type": "Aggregate",
            "Strategy": "Plain",
            "Partial Mode": "Partial",
            "Parent Relationship": "Outer",
            "Parallel Aware": false,
            "Startup Cost": 320622.62,
            "Total Cost": 320622.63,
            "Plan Rows": 1,
            "Plan Width": 8,
            "Actual Startup Time": 1240.035,
            "Actual Total Time": 1240.038,
            "Actual Rows": 1,
            "Actual Loops": 2,
            "Plans": [
              {
                "Node Type": "Hash Join",
                "Parent Relationship": "Outer",
                "Parallel Aware": true,
                "Join Type": "Inner",
                "Startup Cost": 59009.9,
                "Total Cost": 320220.21,
                "Plan Rows": 160967,
                "Plan Width": 0,
                "Actual Startup Time": 161.994,
                "Actual Total Time": 1231.064,
                "Actual Rows": 194906,
                "Actual Loops": 2,
                "Inner Unique": true,
                "Hash Cond": "(ci.movie_id = t.id)",
                "Plans": [
                  {
                    "Node Type": "Index Scan",
                    "Parent Relationship": "Outer",
                    "Parallel Aware": true,
                    "Scan Direction": "Forward",
                    "Index Name": "role_id_cast_info",
                    "Relation Name": "cast_info",
                    "Alias": "ci",
                    "Startup Cost": 0.56,
                    "Total Cost": 250034.97,
                    "Plan Rows": 4257479,
                    "Plan Width": 4,
                    "Actual Startup Time": 0.179,
                    "Actual Total Time": 616.059,
                    "Actual Rows": 3722990,
                    "Actual Loops": 2,
                    "Index Cond": "(role_id > 6)",
                    "Rows Removed by Index Recheck": 0,
                    "Filter": "(person_id > 246377)",
                    "Rows Removed by Filter": 133330
                  },
                  {
                    "Node Type": "Hash",
                    "Parent Relationship": "Inner",
                    "Parallel Aware": true,
                    "Startup Cost": 58306.47,
                    "Total Cost": 58306.47,
                    "Plan Rows": 56229,
                    "Plan Width": 4,
                    "Actual Startup Time": 159.919,
                    "Actual Total Time": 159.92,
                    "Actual Rows": 50402,
                    "Actual Loops": 2,
                    "Hash Buckets": 131072,
                    "Original Hash Buckets": 131072,
                    "Hash Batches": 1,
                    "Original Hash Batches": 1,
                    "Peak Memory Usage": 4992,
                    "Plans": [
                      {
                        "Node Type": "Seq Scan",
                        "Parent Relationship": "Outer",
                        "Parallel Aware": true,
                        "Relation Name": "title",
                        "Alias": "t",
                        "Startup Cost": 0.0,
                        "Total Cost": 58306.47,
                        "Plan Rows": 56229,
                        "Plan Width": 4,
                        "Actual Startup Time": 0.038,
                        "Actual Total Time": 146.216,
                        "Actual Rows": 50402,
                        "Actual Loops": 2,
                        "Filter": "((kind_id > 3) AND (production_year = 2010))",
                        "Rows Removed by Filter": 1213754
                      }
                    ]
                  }
                ]
              }
            ]
          }
        ]
      }
    ]
  },
  "Planning Time": 0.494,
  "Triggers": [],
  "Execution Time": 1273.423
}