[
  {
    "Plan": {
      "Node Type": "Aggregate",
      "Strategy": "Plain",
      "Partial Mode": "Finalize",
      "Parallel Aware": false,
      "Startup Cost": 336833.31,
      "Total Cost": 336833.32,
      "Plan Rows": 1,
      "Plan Width": 8,
      "Actual Startup Time": 451.754,
      "Actual Total Time": 472.75,
      "Actual Rows": 1,
      "Actual Loops": 1,
      "Plans": [
        {
          "Node Type": "Gather",
          "Parent Relationship": "Outer",
          "Parallel Aware": false,
          "Startup Cost": 336832.69,
          "Total Cost": 336833.3,
          "Plan Rows": 6,
          "Plan Width": 8,
          "Actual Startup Time": 451.621,
          "Actual Total Time": 472.738,
          "Actual Rows": 7,
          "Actual Loops": 1,
          "Workers Planned": 6,
          "Workers Launched": 6,
          "Single Copy": false,
          "Plans": [
            {
              "Node Type": "Aggregate",
              "Strategy": "Plain",
              "Partial Mode": "Partial",
              "Parent Relationship": "Outer",
              "Parallel Aware": false,
              "Startup Cost": 335832.69,
              "Total Cost": 335832.7,
              "Plan Rows": 1,
              "Plan Width": 8,
              "Actual Startup Time": 441.032,
              "Actual Total Time": 441.033,
              "Actual Rows": 1,
              "Actual Loops": 7,
              "Plans": [
                {
                  "Node Type": "Index Scan",
                  "Parent Relationship": "Outer",
                  "Parallel Aware": true,
                  "Scan Direction": "Forward",
                  "Index Name": "role_id_cast_info",
                  "Relation Name": "cast_info",
                  "Alias": "ci",
                  "Startup Cost": 0.56,
                  "Total Cost": 331632.96,
                  "Plan Rows": 1679891,
                  "Plan Width": 0,
                  "Actual Startup Time": 0.195,
                  "Actual Total Time": 398.283,
                  "Actual Rows": 856614,
                  "Actual Loops": 7,
                  "Index Cond": "(role_id > 3)",
                  "Rows Removed by Index Recheck": 0,
                  "Filter": "(person_id < 3008529)",
                  "Rows Removed by Filter": 873907
                }
              ]
            }
          ]
        }
      ]
    },
    "Planning Time": 0.203,
    "Triggers": [],
    "Execution Time": 472.826
  }
]