[
  {
    "Plan": {
      "Node Type": "Aggregate",
      "Strategy": "Plain",
      "Partial Mode": "Finalize",
      "Parallel Aware": false,
      "Startup Cost": 80739.52,
      "Total Cost": 80739.53,
      "Plan Rows": 1,
      "Plan Width": 8,
      "Actual Startup Time": 491.461,
      "Actual Total Time": 510.642,
      "Actual Rows": 1,
      "Actual Loops": 1,
      "Plans": [
        {
          "Node Type": "Gather",
          "Parent Relationship": "Outer",
          "Parallel Aware": false,
          "Startup Cost": 80739.2,
          "Total Cost": 80739.51,
          "Plan Rows": 3,
          "Plan Width": 8,
          "Actual Startup Time": 479.915,
          "Actual Total Time": 510.633,
          "Actual Rows": 4,
          "Actual Loops": 1,
          "Workers Planned": 3,
          "Workers Launched": 3,
          "Single Copy": false,
          "Plans": [
            {
              "Node Type": "Aggregate",
              "Strategy": "Plain",
              "Partial Mode": "Partial",
              "Parent Relationship": "Outer",
              "Parallel Aware": false,
              "Startup Cost": 79739.2,
              "Total Cost": 79739.21,
              "Plan Rows": 1,
              "Plan Width": 8,
              "Actual Startup Time": 469.257,
              "Actual Total Time": 469.262,
              "Actual Rows": 1,
              "Actual Loops": 4,
              "Plans": [
                {
                  "Node Type": "Hash Join",
                  "Parent Relationship": "Outer",
                  "Parallel Aware": true,
                  "Join Type": "Inner",
                  "Startup Cost": 58719.78,
                  "Total Cost": 79422.97,
                  "Plan Rows": 126492,
                  "Plan Width": 0,
                  "Actual Startup Time": 369.606,
                  "Actual Total Time": 464.13,
                  "Actual Rows": 96906,
                  "Actual Loops": 4,
                  "Inner Unique": true,
                  "Hash Cond": "(mc.movie_id = t.id)",
                  "Plans": [
                    {
                      "Node Type": "Bitmap Heap Scan",
                      "Parent Relationship": "Outer",
                      "Parallel Aware": true,
                      "Relation Name": "movie_companies",
                      "Alias": "mc",
                      "Startup Cost": 8499.4,
                      "Total Cost": 28870.55,
                      "Plan Rows": 126492,
                      "Plan Width": 4,
                      "Actual Startup Time": 27.754,
                      "Actual Total Time": 65.043,
                      "Actual Rows": 96906,
                      "Actual Loops": 4,
                      "Recheck Cond": "(company_id < 228)",
                      "Rows Removed by Index Recheck": 0,
                      "Exact Heap Blocks": 6136,
                      "Lossy Heap Blocks": 0,
                      "Plans": [
                        {
                          "Node Type": "Bitmap Index Scan",
                          "Parent Relationship": "Outer",
                          "Parallel Aware": false,
                          "Index Name": "company_id_movie_companies",
                          "Startup Cost": 0.0,
                          "Total Cost": 8401.37,
                          "Plan Rows": 392125,
                          "Plan Width": 0,
                          "Actual Startup Time": 23.48,
                          "Actual Total Time": 23.481,
                          "Actual Rows": 387626,
                          "Actual Loops": 1,
                          "Index Cond": "(company_id < 228)"
                        }
                      ]
                    },
                    {
                      "Node Type": "Hash",
                      "Parent Relationship": "Inner",
                      "Parallel Aware": true,
                      "Startup Cost": 42319.06,
                      "Total Cost": 42319.06,
                      "Plan Rows": 632106,
                      "Plan Width": 4,
                      "Actual Startup Time": 334.488,
                      "Actual Total Time": 334.488,
                      "Actual Rows": 632078,
                      "Actual Loops": 4,
                      "Hash Buckets": 4194304,
                      "Original Hash Buckets": 4194304,
                      "Hash Batches": 1,
                      "Original Hash Batches": 1,
                      "Peak Memory Usage": 131712,
                      "Plans": [
                        {
                          "Node Type": "Seq Scan",
                          "Parent Relationship": "Outer",
                          "Parallel Aware": true,
                          "Relation Name": "title",
                          "Alias": "t",
                          "Startup Cost": 0.0,
                          "Total Cost": 42319.06,
                          "Plan Rows": 632106,
                          "Plan Width": 4,
                          "Actual Startup Time": 0.026,
                          "Actual Total Time": 99.959,
                          "Actual Rows": 632078,
                          "Actual Loops": 4
                        }
                      ]
                    }
                  ]
                }
              ]
            }
          ]
        }
      ]
    },
    "Planning Time": 0.519,
    "Triggers": [],
    "Execution Time": 510.685
  }
]