[
  {
    "Plan": {
      "Node Type": "Aggregate",
      "Strategy": "Plain",
      "Partial Mode": "Finalize",
      "Parallel Aware": false,
      "Startup Cost": 317714.1,
      "Total Cost": 317714.11,
      "Plan Rows": 1,
      "Plan Width": 8,
      "Actual Startup Time": 263.401,
      "Actual Total Time": 311.384,
      "Actual Rows": 1,
      "Actual Loops": 1,
      "Plans": [
        {
          "Node Type": "Gather",
          "Parent Relationship": "Outer",
          "Parallel Aware": false,
          "Startup Cost": 317713.68,
          "Total Cost": 317714.09,
          "Plan Rows": 4,
          "Plan Width": 8,
          "Actual Startup Time": 263.138,
          "Actual Total Time": 311.373,
          "Actual Rows": 5,
          "Actual Loops": 1,
          "Workers Planned": 4,
          "Workers Launched": 4,
          "Single Copy": false,
          "Plans": [
            {
              "Node Type": "Aggregate",
              "Strategy": "Plain",
              "Partial Mode": "Partial",
              "Parent Relationship": "Outer",
              "Parallel Aware": false,
              "Startup Cost": 316713.68,
              "Total Cost": 316713.69,
              "Plan Rows": 1,
              "Plan Width": 8,
              "Actual Startup Time": 255.337,
              "Actual Total Time": 255.339,
              "Actual Rows": 1,
              "Actual Loops": 5,
              "Plans": [
                {
                  "Node Type": "Nested Loop",
                  "Parent Relationship": "Outer",
                  "Parallel Aware": false,
                  "Join Type": "Inner",
                  "Startup Cost": 0.56,
                  "Total Cost": 316669.95,
                  "Plan Rows": 17489,
                  "Plan Width": 0,
                  "Actual Startup Time": 0.781,
                  "Actual Total Time": 253.643,
                  "Actual Rows": 14871,
                  "Actual Loops": 5,
                  "Inner Unique": false,
                  "Plans": [
                    {
                      "Node Type": "Seq Scan",
                      "Parent Relationship": "Outer",
                      "Parallel Aware": true,
                      "Relation Name": "title",
                      "Alias": "t",
                      "Startup Cost": 0.0,
                      "Total Cost": 45479.1,
                      "Plan Rows": 3544,
                      "Plan Width": 4,
                      "Actual Startup Time": 0.435,
                      "Actual Total Time": 76.691,
                      "Actual Rows": 2367,
                      "Actual Loops": 5,
                      "Filter": "((kind_id < 7) AND (production_year = 1995))",
                      "Rows Removed by Filter": 503295
                    },
                    {
                      "Node Type": "Index Scan",
                      "Parent Relationship": "Inner",
                      "Parallel Aware": false,
                      "Scan Direction": "Forward",
                      "Index Name": "movie_id_cast_info",
                      "Relation Name": "cast_info",
                      "Alias": "ci",
                      "Startup Cost": 0.56,
                      "Total Cost": 76.39,
                      "Plan Rows": 13,
                      "Plan Width": 4,
                      "Actual Startup Time": 0.017,
                      "Actual Total Time": 0.073,
                      "Actual Rows": 6,
                      "Actual Loops": 11835,
                      "Index Cond": "(movie_id = t.id)",
                      "Rows Removed by Index Recheck": 0,
                      "Filter": "(role_id = 1)",
                      "Rows Removed by Filter": 11
                    }
                  ]
                }
              ]
            }
          ]
        }
      ]
    },
    "Planning Time": 0.639,
    "Triggers": [],
    "Execution Time": 311.475
  }
]