[
  {
    "Plan": {
      "Node Type": "Aggregate",
      "Strategy": "Plain",
      "Partial Mode": "Finalize",
      "Parallel Aware": false,
      "Startup Cost": 428839.46,
      "Total Cost": 428839.47,
      "Plan Rows": 1,
      "Plan Width": 8,
      "Actual Startup Time": 1532.846,
      "Actual Total Time": 1576.221,
      "Actual Rows": 1,
      "Actual Loops": 1,
      "Plans": [
        {
          "Node Type": "Gather",
          "Parent Relationship": "Outer",
          "Parallel Aware": false,
          "Startup Cost": 428838.83,
          "Total Cost": 428839.44,
          "Plan Rows": 6,
          "Plan Width": 8,
          "Actual Startup Time": 1520.466,
          "Actual Total Time": 1576.203,
          "Actual Rows": 7,
          "Actual Loops": 1,
          "Workers Planned": 6,
          "Workers Launched": 6,
          "Single Copy": false,
          "Plans": [
            {
              "Node Type": "Aggregate",
              "Strategy": "Plain",
              "Partial Mode": "Partial",
              "Parent Relationship": "Outer",
              "Parallel Aware": false,
              "Startup Cost": 427838.83,
              "Total Cost": 427838.84,
              "Plan Rows": 1,
              "Plan Width": 8,
              "Actual Startup Time": 1509.567,
              "Actual Total Time": 1509.905,
              "Actual Rows": 1,
              "Actual Loops": 7,
              "Plans": [
                {
                  "Node Type": "Hash Join",
                  "Parent Relationship": "Outer",
                  "Parallel Aware": true,
                  "Join Type": "Inner",
                  "Startup Cost": 95896.85,
                  "Total Cost": 425975.58,
                  "Plan Rows": 745302,
                  "Plan Width": 0,
                  "Actual Startup Time": 351.533,
                  "Actual Total Time": 1359.211,
                  "Actual Rows": 2796650,
                  "Actual Loops": 7,
                  "Inner Unique": false,
                  "Hash Cond": "(ci.movie_id = t.id)",
                  "Plans": [
                    {
                      "Node Type": "Index Scan",
                      "Parent Relationship": "Outer",
                      "Parallel Aware": true,
                      "Scan Direction": "Forward",
                      "Index Name": "role_id_cast_info",
                      "Relation Name": "cast_info",
                      "Alias": "ci",
                      "Startup Cost": 0.56,
                      "Total Cost": 320109.06,
                      "Plan Rows": 2017609,
                      "Plan Width": 4,
                      "Actual Startup Time": 0.319,
                      "Actual Total Time": 384.606,
                      "Actual Rows": 1730521,
                      "Actual Loops": 7,
                      "Index Cond": "(role_id > 3)",
                      "Rows Removed by Index Recheck": 0
                    },
                    {
                      "Node Type": "Hash",
                      "Parent Relationship": "Inner",
                      "Parallel Aware": true,
                      "Startup Cost": 92130.17,
                      "Total Cost": 92130.17,
                      "Plan Rows": 301289,
                      "Plan Width": 8,
                      "Actual Startup Time": 348.285,
                      "Actual Total Time": 348.62,
                      "Actual Rows": 102646,
                      "Actual Loops": 7,
                      "Hash Buckets": 1048576,
                      "Original Hash Buckets": 1048576,
                      "Hash Batches": 1,
                      "Original Hash Batches": 1,
                      "Peak Memory Usage": 36416,
                      "Plans": [
                        {
                          "Node Type": "Hash Join",
                          "Parent Relationship": "Outer",
                          "Parallel Aware": true,
                          "Join Type": "Inner",
                          "Startup Cost": 47854.6,
                          "Total Cost": 92130.17,
                          "Plan Rows": 301289,
                          "Plan Width": 8,
                          "Actual Startup Time": 184.386,
                          "Actual Total Time": 308.45,
                          "Actual Rows": 102646,
                          "Actual Loops": 7,
                          "Inner Unique": true,
                          "Hash Cond": "(mk.movie_id = t.id)",
                          "Plans": [
                            {
                              "Node Type": "Seq Scan",
                              "Parent Relationship": "Outer",
                              "Parallel Aware": true,
                              "Relation Name": "movie_keyword",
                              "Alias": "mk",
                              "Startup Cost": 0.0,
                              "Total Cost": 42695.65,
                              "Plan Rows": 601874,
                              "Plan Width": 4,
                              "Actual Startup Time": 0.329,
                              "Actual Total Time": 73.977,
                              "Actual Rows": 265000,
                              "Actual Loops": 7,
                              "Filter": "(keyword_id > 7461)",
                              "Rows Removed by Filter": 381275
                            },
                            {
                              "Node Type": "Hash",
                              "Parent Relationship": "Inner",
                              "Parallel Aware": true,
                              "Startup Cost": 43899.32,
                              "Total Cost": 43899.32,
                              "Plan Rows": 316422,
                              "Plan Width": 4,
                              "Actual Startup Time": 181.525,
                              "Actual Total Time": 181.527,
                              "Actual Rows": 180042,
                              "Actual Loops": 7,
                              "Hash Buckets": 2097152,
                              "Original Hash Buckets": 2097152,
                              "Hash Batches": 1,
                              "Original Hash Batches": 1,
                              "Peak Memory Usage": 65792,
                              "Plans": [
                                {
                                  "Node Type": "Seq Scan",
                                  "Parent Relationship": "Outer",
                                  "Parallel Aware": true,
                                  "Relation Name": "title",
                                  "Alias": "t",
                                  "Startup Cost": 0.0,
                                  "Total Cost": 43899.32,
                                  "Plan Rows": 316422,
                                  "Plan Width": 4,
                                  "Actual Startup Time": 0.061,
                                  "Actual Total Time": 84.624,
                                  "Actual Rows": 180042,
                                  "Actual Loops": 7,
                                  "Filter": "(production_year > 2002)",
                                  "Rows Removed by Filter": 181145
                                }
                              ]
                            }
                          ]
                        }
                      ]
                    }
                  ]
                }
              ]
            }
          ]
        }
      ]
    },
    "Planning Time": 1.023,
    "Triggers": [],
    "Execution Time": 1576.307
  }
]