{
  "Plan": {
    "Node Type": "Aggregate",
    "Strategy": "Plain",
    "Partial Mode": "Finalize",
    "Parallel Aware": false,
    "Startup Cost": 172682.71,
    "Total Cost": 172682.72,
    "Plan Rows": 1,
    "Plan Width": 8,
    "Actual Startup Time": 1057.351,
    "Actual Total Time": 1074.153,
    "Actual Rows": 1,
    "Actual Loops": 1,
    "Plans": [
      {
        "Node Type": "Gather",
        "Parent Relationship": "Outer",
        "Parallel Aware": false,
        "Startup Cost": 172682.6,
        "Total Cost": 172682.71,
        "Plan Rows": 1,
        "Plan Width": 8,
        "Actual Startup Time": 1057.129,
        "Actual Total Time": 1074.145,
        "Actual Rows": 2,
        "Actual Loops": 1,
        "Workers Planned": 1,
        "Workers Launched": 1,
        "Single Copy": false,
        "Plans": [
          {
            "Node Type": "Aggregate",
            "Strategy": "Plain",
            "Partial Mode": "Partial",
            "Parent Relationship": "Outer",
            "Parallel Aware": false,
            "Startup Cost": 171682.6,
            "Total Cost": 171682.61,
            "Plan Rows": 1,
            "Plan Width": 8,
            "Actual Startup Time": 1052.323,
            "Actual Total Time": 1052.326,
            "Actual Rows": 1,
            "Actual Loops": 2,
            "Plans": [
              {
                "Node Type": "Merge Join",
                "Parent Relationship": "Outer",
                "Parallel Aware": false,
                "Join Type": "Inner",
                "Startup Cost": 1079.65,
                "Total Cost": 171682.28,
                "Plan Rows": 127,
                "Plan Width": 0,
                "Actual Startup Time": 650.988,
                "Actual Total Time": 1052.31,
                "Actual Rows": 40,
                "Actual Loops": 2,
                "Inner Unique": false,
                "Merge Cond": "(t.id = ci.movie_id)",
                "Plans": [
                  {
                    "Node Type": "Merge Join",
                    "Parent Relationship": "Outer",
                    "Parallel Aware": false,
                    "Join Type": "Inner",
                    "Startup Cost": 2.95,
                    "Total Cost": 168730.63,
                    "Plan Rows": 811785,
                    "Plan Width": 8,
                    "Actual Startup Time": 1.158,
                    "Actual Total Time": 1022.806,
                    "Actual Rows": 684434,
                    "Actual Loops": 2,
                    "Inner Unique": false,
                    "Merge Cond": "(t.id = mi_idx.movie_id)",
                    "Plans": [
                      {
                        "Node Type": "Index Only Scan",
                        "Parent Relationship": "Outer",
                        "Parallel Aware": true,
                        "Scan Direction": "Forward",
                        "Index Name": "title_pkey",
                        "Relation Name": "title",
                        "Alias": "t",
                        "Startup Cost": 0.43,
                        "Total Cost": 99929.35,
                        "Plan Rows": 1487231,
                        "Plan Width": 4,
                        "Actual Startup Time": 0.091,
                        "Actual Total Time": 604.432,
                        "Actual Rows": 1257369,
                        "Actual Loops": 2,
                        "Heap Fetches": 2514738
                      },
                      {
                        "Node Type": "Index Only Scan",
                        "Parent Relationship": "Inner",
                        "Parallel Aware": false,
                        "Scan Direction": "Forward",
                        "Index Name": "movie_id_movie_info_idx",
                        "Relation Name": "movie_info_idx",
                        "Alias": "mi_idx",
                        "Startup Cost": 0.43,
                        "Total Cost": 53620.22,
                        "Plan Rows": 1380035,
                        "Plan Width": 4,
                        "Actual Startup Time": 0.124,
                        "Actual Total Time": 251.051,
                        "Actual Rows": 1368934,
                        "Actual Loops": 2,
                        "Heap Fetches": 2737867
                      }
                    ]
                  },
                  {
                    "Node Type": "Sort",
                    "Parent Relationship": "Inner",
                    "Parallel Aware": false,
                    "Startup Cost": 1076.71,
                    "Total Cost": 1077.69,
                    "Plan Rows": 395,
                    "Plan Width": 4,
                    "Actual Startup Time": 0.198,
                    "Actual Total Time": 0.211,
                    "Actual Rows": 52,
                    "Actual Loops": 2,
                    "Sort Key": [
                      "ci.movie_id"
                    ],
                    "Sort Method": "quicksort",
                    "Sort Space Used": 26,
                    "Sort Space Type": "Memory",
                    "Workers": [
                      {
                        "Worker Number": 0,
                        "Sort Method": "quicksort",
                        "Sort Space Used": 26,
                        "Sort Space Type": "Memory"
                      }
                    ],
                    "Plans": [
                      {
                        "Node Type": "Index Scan",
                        "Parent Relationship": "Outer",
                        "Parallel Aware": false,
                        "Scan Direction": "Forward",
                        "Index Name": "person_id_cast_info",
                        "Relation Name": "cast_info",
                        "Alias": "ci",
                        "Startup Cost": 0.56,
                        "Total Cost": 1059.67,
                        "Plan Rows": 395,
                        "Plan Width": 4,
                        "Actual Startup Time": 0.135,
                        "Actual Total Time": 0.149,
                        "Actual Rows": 26,
                        "Actual Loops": 2,
                        "Index Cond": "(person_id = 1283225)",
                        "Rows Removed by Index Recheck": 0,
                        "Filter": "(role_id < 8)",
                        "Rows Removed by Filter": 0
                      }
                    ]
                  }
                ]
              }
            ]
          }
        ]
      }
    ]
  },
  "Planning Time": 0.66,
  "Triggers": [],
  "Execution Time": 1074.212
}