{
    "Plan": {
        "Node Type": "Aggregate",
        "Strategy": "Plain",
        "Partial Mode": "Simple",
        "Parallel Aware": false,
        "Startup Cost": 170000209119.43,
        "Total Cost": 170000209119.44,
        "Plan Rows": 1,
        "Plan Width": 96,
        "Actual Startup Time": 1779.711,
        "Actual Total Time": 1779.736,
        "Actual Rows": 1,
        "Actual Loops": 1,
        "Output": [
            "min(chn.name)",
            "min(n.name)",
            "min(t.title)"
        ],
        "Plans": [
            {
                "Node Type": "Nested Loop",
                "Parent Relationship": "Outer",
                "Parallel Aware": false,
                "Join Type": "Inner",
                "Startup Cost": 170000000015.16,
                "Total Cost": 170000209119.42,
                "Plan Rows": 1,
                "Plan Width": 48,
                "Actual Startup Time": 834.624,
                "Actual Total Time": 1779.446,
                "Actual Rows": 1260,
                "Actual Loops": 1,
                "Output": [
                    "chn.name",
                    "n.name",
                    "t.title"
                ],
                "Inner Unique": false,
                "Join Filter": "(n.id = an.person_id)",
                "Rows Removed by Join Filter": 0,
                "Plans": [
                    {
                        "Node Type": "Nested Loop",
                        "Parent Relationship": "Outer",
                        "Parallel Aware": false,
                        "Join Type": "Inner",
                        "Startup Cost": 160000000014.72,
                        "Total Cost": 160000209114.92,
                        "Plan Rows": 1,
                        "Plan Width": 60,
                        "Actual Startup Time": 834.569,
                        "Actual Total Time": 1777.557,
                        "Actual Rows": 252,
                        "Actual Loops": 1,
                        "Output": [
                            "ci.person_id",
                            "chn.name",
                            "n.name",
                            "n.id",
                            "pi.person_id",
                            "t.title"
                        ],
                        "Inner Unique": true,
                        "Join Filter": "(mi.movie_id = t.id)",
                        "Rows Removed by Join Filter": 0,
                        "Plans": [
                            {
                                "Node Type": "Nested Loop",
                                "Parent Relationship": "Outer",
                                "Parallel Aware": false,
                                "Join Type": "Inner",
                                "Startup Cost": 150000000014.27,
                                "Total Cost": 150000209110.45,
                                "Plan Rows": 1,
                                "Plan Width": 63,
                                "Actual Startup Time": 834.529,
                                "Actual Total Time": 1776.332,
                                "Actual Rows": 252,
                                "Actual Loops": 1,
                                "Output": [
                                    "cc.movie_id",
                                    "ci.movie_id",
                                    "ci.person_id",
                                    "chn.name",
                                    "mc.movie_id",
                                    "mi.movie_id",
                                    "mk.movie_id",
                                    "n.name",
                                    "n.id",
                                    "pi.person_id"
                                ],
                                "Inner Unique": true,
                                "Plans": [
                                    {
                                        "Node Type": "Nested Loop",
                                        "Parent Relationship": "Outer",
                                        "Parallel Aware": false,
                                        "Join Type": "Inner",
                                        "Startup Cost": 140000000014.13,
                                        "Total Cost": 140000209102.28,
                                        "Plan Rows": 1,
                                        "Plan Width": 67,
                                        "Actual Startup Time": 834.516,
                                        "Actual Total Time": 1775.371,
                                        "Actual Rows": 252,
                                        "Actual Loops": 1,
                                        "Output": [
                                            "cc.movie_id",
                                            "ci.movie_id",
                                            "ci.person_id",
                                            "ci.role_id",
                                            "chn.name",
                                            "mc.movie_id",
                                            "mi.movie_id",
                                            "mk.movie_id",
                                            "n.name",
                                            "n.id",
                                            "pi.person_id"
                                        ],
                                        "Inner Unique": true,
                                        "Plans": [
                                            {
                                                "Node Type": "Nested Loop",
                                                "Parent Relationship": "Outer",
                                                "Parallel Aware": false,
                                                "Join Type": "Inner",
                                                "Startup Cost": 130000000013.7,
                                                "Total Cost": 130000209093.82,
                                                "Plan Rows": 1,
                                                "Plan Width": 71,
                                                "Actual Startup Time": 834.264,
                                                "Actual Total Time": 1564.463,
                                                "Actual Rows": 50598,
                                                "Actual Loops": 1,
                                                "Output": [
                                                    "cc.movie_id",
                                                    "ci.movie_id",
                                                    "ci.person_id",
                                                    "ci.role_id",
                                                    "chn.name",
                                                    "mc.movie_id",
                                                    "mi.movie_id",
                                                    "mk.movie_id",
                                                    "mk.keyword_id",
                                                    "n.name",
                                                    "n.id",
                                                    "pi.person_id"
                                                ],
                                                "Inner Unique": false,
                                                "Join Filter": "(mi.movie_id = mk.movie_id)",
                                                "Rows Removed by Join Filter": 0,
                                                "Plans": [
                                                    {
                                                        "Node Type": "Nested Loop",
                                                        "Parent Relationship": "Outer",
                                                        "Parallel Aware": false,
                                                        "Join Type": "Inner",
                                                        "Startup Cost": 120000000012.88,
                                                        "Total Cost": 120000209087.85,
                                                        "Plan Rows": 1,
                                                        "Plan Width": 63,
                                                        "Actual Startup Time": 834.21,
                                                        "Actual Total Time": 1545.552,
                                                        "Actual Rows": 534,
                                                        "Actual Loops": 1,
                                                        "Output": [
                                                            "cc.movie_id",
                                                            "ci.movie_id",
                                                            "ci.person_id",
                                                            "ci.role_id",
                                                            "chn.name",
                                                            "mc.movie_id",
                                                            "mi.movie_id",
                                                            "n.name",
                                                            "n.id",
                                                            "pi.person_id"
                                                        ],
                                                        "Inner Unique": true,
                                                        "Plans": [
                                                            {
                                                                "Node Type": "Nested Loop",
                                                                "Parent Relationship": "Outer",
                                                                "Parallel Aware": false,
                                                                "Join Type": "Inner",
                                                                "Startup Cost": 110000000012.73,
                                                                "Total Cost": 110000209079.67,
                                                                "Plan Rows": 1,
                                                                "Plan Width": 67,
                                                                "Actual Startup Time": 834.201,
                                                                "Actual Total Time": 1543.382,
                                                                "Actual Rows": 534,
                                                                "Actual Loops": 1,
                                                                "Output": [
                                                                    "cc.movie_id",
                                                                    "ci.movie_id",
                                                                    "ci.person_id",
                                                                    "ci.role_id",
                                                                    "chn.name",
                                                                    "mc.movie_id",
                                                                    "mi.movie_id",
                                                                    "mi.info_type_id",
                                                                    "n.name",
                                                                    "n.id",
                                                                    "pi.person_id"
                                                                ],
                                                                "Inner Unique": false,
                                                                "Plans": [
                                                                    {
                                                                        "Node Type": "Nested Loop",
                                                                        "Parent Relationship": "Outer",
                                                                        "Parallel Aware": false,
                                                                        "Join Type": "Inner",
                                                                        "Startup Cost": 100000000011.92,
                                                                        "Total Cost": 100000209074.16,
                                                                        "Plan Rows": 1,
                                                                        "Plan Width": 59,
                                                                        "Actual Startup Time": 834.068,
                                                                        "Actual Total Time": 1528.286,
                                                                        "Actual Rows": 192,
                                                                        "Actual Loops": 1,
                                                                        "Output": [
                                                                            "cc.movie_id",
                                                                            "ci.movie_id",
                                                                            "ci.person_id",
                                                                            "ci.role_id",
                                                                            "chn.name",
                                                                            "mc.movie_id",
                                                                            "n.name",
                                                                            "n.id",
                                                                            "pi.person_id"
                                                                        ],
                                                                        "Inner Unique": true,
                                                                        "Plans": [
                                                                            {
                                                                                "Node Type": "Nested Loop",
                                                                                "Parent Relationship": "Outer",
                                                                                "Parallel Aware": false,
                                                                                "Join Type": "Inner",
                                                                                "Startup Cost": 90000000011.49,
                                                                                "Total Cost": 90000209069.72,
                                                                                "Plan Rows": 1,
                                                                                "Plan Width": 63,
                                                                                "Actual Startup Time": 834.038,
                                                                                "Actual Total Time": 1523.422,
                                                                                "Actual Rows": 903,
                                                                                "Actual Loops": 1,
                                                                                "Output": [
                                                                                    "cc.movie_id",
                                                                                    "ci.movie_id",
                                                                                    "ci.person_id",
                                                                                    "ci.role_id",
                                                                                    "chn.name",
                                                                                    "mc.movie_id",
                                                                                    "mc.company_id",
                                                                                    "n.name",
                                                                                    "n.id",
                                                                                    "pi.person_id"
                                                                                ],
                                                                                "Inner Unique": false,
                                                                                "Plans": [
                                                                                    {
                                                                                        "Node Type": "Nested Loop",
                                                                                        "Parent Relationship": "Outer",
                                                                                        "Parallel Aware": false,
                                                                                        "Join Type": "Inner",
                                                                                        "Startup Cost": 80000000010.98,
                                                                                        "Total Cost": 80000209065.09,
                                                                                        "Plan Rows": 1,
                                                                                        "Plan Width": 55,
                                                                                        "Actual Startup Time": 833.987,
                                                                                        "Actual Total Time": 1522.74,
                                                                                        "Actual Rows": 33,
                                                                                        "Actual Loops": 1,
                                                                                        "Output": [
                                                                                            "cc.movie_id",
                                                                                            "ci.movie_id",
                                                                                            "ci.person_id",
                                                                                            "ci.role_id",
                                                                                            "chn.name",
                                                                                            "n.name",
                                                                                            "n.id",
                                                                                            "pi.person_id"
                                                                                        ],
                                                                                        "Inner Unique": true,
                                                                                        "Plans": [
                                                                                            {
                                                                                                "Node Type": "Nested Loop",
                                                                                                "Parent Relationship": "Outer",
                                                                                                "Parallel Aware": false,
                                                                                                "Join Type": "Inner",
                                                                                                "Startup Cost": 70000000010.49,
                                                                                                "Total Cost": 70000209060.59,
                                                                                                "Plan Rows": 1,
                                                                                                "Plan Width": 43,
                                                                                                "Actual Startup Time": 833.949,
                                                                                                "Actual Total Time": 1522.465,
                                                                                                "Actual Rows": 33,
                                                                                                "Actual Loops": 1,
                                                                                                "Output": [
                                                                                                    "cc.movie_id",
                                                                                                    "ci.movie_id",
                                                                                                    "ci.person_id",
                                                                                                    "ci.role_id",
                                                                                                    "ci.person_role_id",
                                                                                                    "n.name",
                                                                                                    "n.id",
                                                                                                    "pi.person_id"
                                                                                                ],
                                                                                                "Inner Unique": true,
                                                                                                "Plans": [
                                                                                                    {
                                                                                                        "Node Type": "Nested Loop",
                                                                                                        "Parent Relationship": "Outer",
                                                                                                        "Parallel Aware": false,
                                                                                                        "Join Type": "Inner",
                                                                                                        "Startup Cost": 60000000010.35,
                                                                                                        "Total Cost": 60000209052.42,
                                                                                                        "Plan Rows": 1,
                                                                                                        "Plan Width": 47,
                                                                                                        "Actual Startup Time": 833.938,
                                                                                                        "Actual Total Time": 1521.118,
                                                                                                        "Actual Rows": 394,
                                                                                                        "Actual Loops": 1,
                                                                                                        "Output": [
                                                                                                            "cc.movie_id",
                                                                                                            "cc.status_id",
                                                                                                            "ci.movie_id",
                                                                                                            "ci.person_id",
                                                                                                            "ci.role_id",
                                                                                                            "ci.person_role_id",
                                                                                                            "n.name",
                                                                                                            "n.id",
                                                                                                            "pi.person_id"
                                                                                                        ],
                                                                                                        "Inner Unique": true,
                                                                                                        "Plans": [
                                                                                                            {
                                                                                                                "Node Type": "Nested Loop",
                                                                                                                "Parent Relationship": "Outer",
                                                                                                                "Parallel Aware": false,
                                                                                                                "Join Type": "Inner",
                                                                                                                "Startup Cost": 50000000010.21,
                                                                                                                "Total Cost": 50000209044.25,
                                                                                                                "Plan Rows": 1,
                                                                                                                "Plan Width": 51,
                                                                                                                "Actual Startup Time": 833.927,
                                                                                                                "Actual Total Time": 1519.341,
                                                                                                                "Actual Rows": 478,
                                                                                                                "Actual Loops": 1,
                                                                                                                "Output": [
                                                                                                                    "cc.movie_id",
                                                                                                                    "cc.subject_id",
                                                                                                                    "cc.status_id",
                                                                                                                    "ci.movie_id",
                                                                                                                    "ci.person_id",
                                                                                                                    "ci.role_id",
                                                                                                                    "ci.person_role_id",
                                                                                                                    "n.name",
                                                                                                                    "n.id",
                                                                                                                    "pi.person_id"
                                                                                                                ],
                                                                                                                "Inner Unique": false,
                                                                                                                "Plans": [
                                                                                                                    {
                                                                                                                        "Node Type": "Nested Loop",
                                                                                                                        "Parent Relationship": "Outer",
                                                                                                                        "Parallel Aware": false,
                                                                                                                        "Join Type": "Inner",
                                                                                                                        "Startup Cost": 40000000009.77,
                                                                                                                        "Total Cost": 40000209039.77,
                                                                                                                        "Plan Rows": 1,
                                                                                                                        "Plan Width": 39,
                                                                                                                        "Actual Startup Time": 634.66,
                                                                                                                        "Actual Total Time": 1499.969,
                                                                                                                        "Actual Rows": 5287,
                                                                                                                        "Actual Loops": 1,
                                                                                                                        "Output": [
                                                                                                                            "ci.movie_id",
                                                                                                                            "ci.person_id",
                                                                                                                            "ci.role_id",
                                                                                                                            "ci.person_role_id",
                                                                                                                            "n.name",
                                                                                                                            "n.id",
                                                                                                                            "pi.person_id"
                                                                                                                        ],
                                                                                                                        "Inner Unique": false,
                                                                                                                        "Join Filter": "(n.id = ci.person_id)",
                                                                                                                        "Rows Removed by Join Filter": 0,
                                                                                                                        "Plans": [
                                                                                                                            {
                                                                                                                                "Node Type": "Nested Loop",
                                                                                                                                "Parent Relationship": "Outer",
                                                                                                                                "Parallel Aware": false,
                                                                                                                                "Join Type": "Inner",
                                                                                                                                "Startup Cost": 30000000005.2,
                                                                                                                                "Total Cost": 30000209022.13,
                                                                                                                                "Plan Rows": 1,
                                                                                                                                "Plan Width": 23,
                                                                                                                                "Actual Startup Time": 619.053,
                                                                                                                                "Actual Total Time": 1478.919,
                                                                                                                                "Actual Rows": 1079,
                                                                                                                                "Actual Loops": 1,
                                                                                                                                "Output": [
                                                                                                                                    "pi.person_id",
                                                                                                                                    "n.name",
                                                                                                                                    "n.id"
                                                                                                                                ],
                                                                                                                                "Inner Unique": true,
                                                                                                                                "Plans": [
                                                                                                                                    {
                                                                                                                                        "Node Type": "Nested Loop",
                                                                                                                                        "Parent Relationship": "Outer",
                                                                                                                                        "Parallel Aware": false,
                                                                                                                                        "Join Type": "Inner",
                                                                                                                                        "Startup Cost": 20000000005.05,
                                                                                                                                        "Total Cost": 20000208743.05,
                                                                                                                                        "Plan Rows": 67,
                                                                                                                                        "Plan Width": 27,
                                                                                                                                        "Actual Startup Time": 598.234,
                                                                                                                                        "Actual Total Time": 1462.238,
                                                                                                                                        "Actual Rows": 4863,
                                                                                                                                        "Actual Loops": 1,
                                                                                                                                        "Output": [
                                                                                                                                            "n.name",
                                                                                                                                            "n.id",
                                                                                                                                            "pi.person_id",
                                                                                                                                            "pi.info_type_id"
                                                                                                                                        ],
                                                                                                                                        "Inner Unique": false,
                                                                                                                                        "Plans": [
                                                                                                                                            {
                                                                                                                                                "Node Type": "Index Scan",
                                                                                                                                                "Parent Relationship": "Outer",
                                                                                                                                                "Parallel Aware": false,
                                                                                                                                                "Scan Direction": "Forward",
                                                                                                                                                "Index Name": "name_pkey",
                                                                                                                                                "Relation Name": "name",
                                                                                                                                                "Schema": "public",
                                                                                                                                                "Alias": "n",
                                                                                                                                                "Startup Cost": 10000000000.43,
                                                                                                                                                "Total Cost": 10000199011.55,
                                                                                                                                                "Plan Rows": 94,
                                                                                                                                                "Plan Width": 19,
                                                                                                                                                "Actual Startup Time": 593.03,
                                                                                                                                                "Actual Total Time": 1435.916,
                                                                                                                                                "Actual Rows": 4931,
                                                                                                                                                "Actual Loops": 1,
                                                                                                                                                "Output": [
                                                                                                                                                    "n.id",
                                                                                                                                                    "n.name",
                                                                                                                                                    "n.imdb_index",
                                                                                                                                                    "n.imdb_id",
                                                                                                                                                    "n.gender",
                                                                                                                                                    "n.name_pcode_cf",
                                                                                                                                                    "n.name_pcode_nf",
                                                                                                                                                    "n.surname_pcode",
                                                                                                                                                    "n.md5sum"
                                                                                                                                                ],
                                                                                                                                                "Filter": "((n.name ~~ '%Sm%'::text) AND ((n.gender)::text = 'f'::text))",
                                                                                                                                                "Rows Removed by Filter": 4162560
                                                                                                                                            },
                                                                                                                                            {
                                                                                                                                                "Node Type": "Bitmap Heap Scan",
                                                                                                                                                "Parent Relationship": "Inner",
                                                                                                                                                "Parallel Aware": false,
                                                                                                                                                "Relation Name": "person_info",
                                                                                                                                                "Schema": "public",
                                                                                                                                                "Alias": "pi",
                                                                                                                                                "Startup Cost": 4.62,
                                                                                                                                                "Total Cost": 103.28,
                                                                                                                                                "Plan Rows": 25,
                                                                                                                                                "Plan Width": 8,
                                                                                                                                                "Actual Startup Time": 0.004,
                                                                                                                                                "Actual Total Time": 0.004,
                                                                                                                                                "Actual Rows": 1,
                                                                                                                                                "Actual Loops": 4931,
                                                                                                                                                "Output": [
                                                                                                                                                    "pi.id",
                                                                                                                                                    "pi.person_id",
                                                                                                                                                    "pi.info_type_id",
                                                                                                                                                    "pi.info",
                                                                                                                                                    "pi.note"
                                                                                                                                                ],
                                                                                                                                                "Recheck Cond": "(pi.person_id = n.id)",
                                                                                                                                                "Rows Removed by Index Recheck": 0,
                                                                                                                                                "Exact Heap Blocks": 904,
                                                                                                                                                "Lossy Heap Blocks": 0,
                                                                                                                                                "Plans": [
                                                                                                                                                    {
                                                                                                                                                        "Node Type": "Bitmap Index Scan",
                                                                                                                                                        "Parent Relationship": "Outer",
                                                                                                                                                        "Parallel Aware": false,
                                                                                                                                                        "Index Name": "person_id_person_info",
                                                                                                                                                        "Startup Cost": 0.0,
                                                                                                                                                        "Total Cost": 4.62,
                                                                                                                                                        "Plan Rows": 25,
                                                                                                                                                        "Plan Width": 0,
                                                                                                                                                        "Actual Startup Time": 0.003,
                                                                                                                                                        "Actual Total Time": 0.003,
                                                                                                                                                        "Actual Rows": 1,
                                                                                                                                                        "Actual Loops": 4931,
                                                                                                                                                        "Index Cond": "(pi.person_id = n.id)"
                                                                                                                                                    }
                                                                                                                                                ]
                                                                                                                                            }
                                                                                                                                        ]
                                                                                                                                    },
                                                                                                                                    {
                                                                                                                                        "Node Type": "Bitmap Heap Scan",
                                                                                                                                        "Parent Relationship": "Inner",
                                                                                                                                        "Parallel Aware": false,
                                                                                                                                        "Relation Name": "info_type",
                                                                                                                                        "Schema": "public",
                                                                                                                                        "Alias": "it3",
                                                                                                                                        "Startup Cost": 0.15,
                                                                                                                                        "Total Cost": 4.17,
                                                                                                                                        "Plan Rows": 1,
                                                                                                                                        "Plan Width": 4,
                                                                                                                                        "Actual Startup Time": 0.002,
                                                                                                                                        "Actual Total Time": 0.002,
                                                                                                                                        "Actual Rows": 0,
                                                                                                                                        "Actual Loops": 4863,
                                                                                                                                        "Output": [
                                                                                                                                            "it3.id",
                                                                                                                                            "it3.info"
                                                                                                                                        ],
                                                                                                                                        "Recheck Cond": "(it3.id = pi.info_type_id)",
                                                                                                                                        "Rows Removed by Index Recheck": 0,
                                                                                                                                        "Filter": "((it3.info)::text = 'trivia'::text)",
                                                                                                                                        "Rows Removed by Filter": 1,
                                                                                                                                        "Exact Heap Blocks": 4863,
                                                                                                                                        "Lossy Heap Blocks": 0,
                                                                                                                                        "Plans": [
                                                                                                                                            {
                                                                                                                                                "Node Type": "Bitmap Index Scan",
                                                                                                                                                "Parent Relationship": "Outer",
                                                                                                                                                "Parallel Aware": false,
                                                                                                                                                "Index Name": "info_type_pkey",
                                                                                                                                                "Startup Cost": 0.0,
                                                                                                                                                "Total Cost": 0.15,
                                                                                                                                                "Plan Rows": 1,
                                                                                                                                                "Plan Width": 0,
                                                                                                                                                "Actual Startup Time": 0.001,
                                                                                                                                                "Actual Total Time": 0.001,
                                                                                                                                                "Actual Rows": 1,
                                                                                                                                                "Actual Loops": 4863,
                                                                                                                                                "Index Cond": "(it3.id = pi.info_type_id)"
                                                                                                                                            }
                                                                                                                                        ]
                                                                                                                                    }
                                                                                                                                ]
                                                                                                                            },
                                                                                                                            {
                                                                                                                                "Node Type": "Bitmap Heap Scan",
                                                                                                                                "Parent Relationship": "Inner",
                                                                                                                                "Parallel Aware": false,
                                                                                                                                "Relation Name": "cast_info",
                                                                                                                                "Schema": "public",
                                                                                                                                "Alias": "ci",
                                                                                                                                "Startup Cost": 4.57,
                                                                                                                                "Total Cost": 17.49,
                                                                                                                                "Plan Rows": 12,
                                                                                                                                "Plan Width": 16,
                                                                                                                                "Actual Startup Time": 0.012,
                                                                                                                                "Actual Total Time": 0.017,
                                                                                                                                "Actual Rows": 5,
                                                                                                                                "Actual Loops": 1079,
                                                                                                                                "Output": [
                                                                                                                                    "ci.id",
                                                                                                                                    "ci.person_id",
                                                                                                                                    "ci.movie_id",
                                                                                                                                    "ci.person_role_id",
                                                                                                                                    "ci.note",
                                                                                                                                    "ci.nr_order",
                                                                                                                                    "ci.role_id"
                                                                                                                                ],
                                                                                                                                "Recheck Cond": "(ci.person_id = pi.person_id)",
                                                                                                                                "Rows Removed by Index Recheck": 0,
                                                                                                                                "Filter": "(ci.note = ANY ('{(voice),\"(voice: Japanese version)\",\"(voice) (uncredited)\",\"(voice: English version)\"}'::text[]))",
                                                                                                                                "Rows Removed by Filter": 88,
                                                                                                                                "Exact Heap Blocks": 2413,
                                                                                                                                "Lossy Heap Blocks": 0,
                                                                                                                                "Plans": [
                                                                                                                                    {
                                                                                                                                        "Node Type": "Bitmap Index Scan",
                                                                                                                                        "Parent Relationship": "Outer",
                                                                                                                                        "Parallel Aware": false,
                                                                                                                                        "Index Name": "person_id_cast_info",
                                                                                                                                        "Startup Cost": 0.0,
                                                                                                                                        "Total Cost": 4.57,
                                                                                                                                        "Plan Rows": 510,
                                                                                                                                        "Plan Width": 0,
                                                                                                                                        "Actual Startup Time": 0.006,
                                                                                                                                        "Actual Total Time": 0.006,
                                                                                                                                        "Actual Rows": 93,
                                                                                                                                        "Actual Loops": 1079,
                                                                                                                                        "Index Cond": "(ci.person_id = pi.person_id)"
                                                                                                                                    }
                                                                                                                                ]
                                                                                                                            }
                                                                                                                        ]
                                                                                                                    },
                                                                                                                    {
                                                                                                                        "Node Type": "Bitmap Heap Scan",
                                                                                                                        "Parent Relationship": "Inner",
                                                                                                                        "Parallel Aware": false,
                                                                                                                        "Relation Name": "complete_cast",
                                                                                                                        "Schema": "public",
                                                                                                                        "Alias": "cc",
                                                                                                                        "Startup Cost": 0.44,
                                                                                                                        "Total Cost": 4.46,
                                                                                                                        "Plan Rows": 2,
                                                                                                                        "Plan Width": 12,
                                                                                                                        "Actual Startup Time": 0.002,
                                                                                                                        "Actual Total Time": 0.002,
                                                                                                                        "Actual Rows": 0,
                                                                                                                        "Actual Loops": 5287,
                                                                                                                        "Output": [
                                                                                                                            "cc.id",
                                                                                                                            "cc.movie_id",
                                                                                                                            "cc.subject_id",
                                                                                                                            "cc.status_id"
                                                                                                                        ],
                                                                                                                        "Recheck Cond": "(cc.movie_id = ci.movie_id)",
                                                                                                                        "Rows Removed by Index Recheck": 0,
                                                                                                                        "Exact Heap Blocks": 478,
                                                                                                                        "Lossy Heap Blocks": 0,
                                                                                                                        "Plans": [
                                                                                                                            {
                                                                                                                                "Node Type": "Bitmap Index Scan",
                                                                                                                                "Parent Relationship": "Outer",
                                                                                                                                "Parallel Aware": false,
                                                                                                                                "Index Name": "movie_id_complete_cast",
                                                                                                                                "Startup Cost": 0.0,
                                                                                                                                "Total Cost": 0.44,
                                                                                                                                "Plan Rows": 2,
                                                                                                                                "Plan Width": 0,
                                                                                                                                "Actual Startup Time": 0.002,
                                                                                                                                "Actual Total Time": 0.002,
                                                                                                                                "Actual Rows": 0,
                                                                                                                                "Actual Loops": 5287,
                                                                                                                                "Index Cond": "(cc.movie_id = ci.movie_id)"
                                                                                                                            }
                                                                                                                        ]
                                                                                                                    }
                                                                                                                ]
                                                                                                            },
                                                                                                            {
                                                                                                                "Node Type": "Bitmap Heap Scan",
                                                                                                                "Parent Relationship": "Inner",
                                                                                                                "Parallel Aware": false,
                                                                                                                "Relation Name": "comp_cast_type",
                                                                                                                "Schema": "public",
                                                                                                                "Alias": "cct1",
                                                                                                                "Startup Cost": 0.14,
                                                                                                                "Total Cost": 4.15,
                                                                                                                "Plan Rows": 1,
                                                                                                                "Plan Width": 4,
                                                                                                                "Actual Startup Time": 0.002,
                                                                                                                "Actual Total Time": 0.002,
                                                                                                                "Actual Rows": 1,
                                                                                                                "Actual Loops": 478,
                                                                                                                "Output": [
                                                                                                                    "cct1.id",
                                                                                                                    "cct1.kind"
                                                                                                                ],
                                                                                                                "Recheck Cond": "(cct1.id = cc.subject_id)",
                                                                                                                "Rows Removed by Index Recheck": 0,
                                                                                                                "Filter": "((cct1.kind)::text = 'cast'::text)",
                                                                                                                "Rows Removed by Filter": 0,
                                                                                                                "Exact Heap Blocks": 478,
                                                                                                                "Lossy Heap Blocks": 0,
                                                                                                                "Plans": [
                                                                                                                    {
                                                                                                                        "Node Type": "Bitmap Index Scan",
                                                                                                                        "Parent Relationship": "Outer",
                                                                                                                        "Parallel Aware": false,
                                                                                                                        "Index Name": "comp_cast_type_pkey",
                                                                                                                        "Startup Cost": 0.0,
                                                                                                                        "Total Cost": 0.14,
                                                                                                                        "Plan Rows": 1,
                                                                                                                        "Plan Width": 0,
                                                                                                                        "Actual Startup Time": 0.001,
                                                                                                                        "Actual Total Time": 0.001,
                                                                                                                        "Actual Rows": 1,
                                                                                                                        "Actual Loops": 478,
                                                                                                                        "Index Cond": "(cct1.id = cc.subject_id)"
                                                                                                                    }
                                                                                                                ]
                                                                                                            }
                                                                                                        ]
                                                                                                    },
                                                                                                    {
                                                                                                        "Node Type": "Bitmap Heap Scan",
                                                                                                        "Parent Relationship": "Inner",
                                                                                                        "Parallel Aware": false,
                                                                                                        "Relation Name": "comp_cast_type",
                                                                                                        "Schema": "public",
                                                                                                        "Alias": "cct2",
                                                                                                        "Startup Cost": 0.14,
                                                                                                        "Total Cost": 4.15,
                                                                                                        "Plan Rows": 1,
                                                                                                        "Plan Width": 4,
                                                                                                        "Actual Startup Time": 0.002,
                                                                                                        "Actual Total Time": 0.002,
                                                                                                        "Actual Rows": 0,
                                                                                                        "Actual Loops": 394,
                                                                                                        "Output": [
                                                                                                            "cct2.id",
                                                                                                            "cct2.kind"
                                                                                                        ],
                                                                                                        "Recheck Cond": "(cct2.id = cc.status_id)",
                                                                                                        "Rows Removed by Index Recheck": 0,
                                                                                                        "Filter": "((cct2.kind)::text = 'complete+verified'::text)",
                                                                                                        "Rows Removed by Filter": 1,
                                                                                                        "Exact Heap Blocks": 394,
                                                                                                        "Lossy Heap Blocks": 0,
                                                                                                        "Plans": [
                                                                                                            {
                                                                                                                "Node Type": "Bitmap Index Scan",
                                                                                                                "Parent Relationship": "Outer",
                                                                                                                "Parallel Aware": false,
                                                                                                                "Index Name": "comp_cast_type_pkey",
                                                                                                                "Startup Cost": 0.0,
                                                                                                                "Total Cost": 0.14,
                                                                                                                "Plan Rows": 1,
                                                                                                                "Plan Width": 0,
                                                                                                                "Actual Startup Time": 0.001,
                                                                                                                "Actual Total Time": 0.001,
                                                                                                                "Actual Rows": 1,
                                                                                                                "Actual Loops": 394,
                                                                                                                "Index Cond": "(cct2.id = cc.status_id)"
                                                                                                            }
                                                                                                        ]
                                                                                                    }
                                                                                                ]
                                                                                            },
                                                                                            {
                                                                                                "Node Type": "Bitmap Heap Scan",
                                                                                                "Parent Relationship": "Inner",
                                                                                                "Parallel Aware": false,
                                                                                                "Relation Name": "char_name",
                                                                                                "Schema": "public",
                                                                                                "Alias": "chn",
                                                                                                "Startup Cost": 0.49,
                                                                                                "Total Cost": 4.5,
                                                                                                "Plan Rows": 1,
                                                                                                "Plan Width": 20,
                                                                                                "Actual Startup Time": 0.006,
                                                                                                "Actual Total Time": 0.006,
                                                                                                "Actual Rows": 1,
                                                                                                "Actual Loops": 33,
                                                                                                "Output": [
                                                                                                    "chn.id",
                                                                                                    "chn.name",
                                                                                                    "chn.imdb_index",
                                                                                                    "chn.imdb_id",
                                                                                                    "chn.name_pcode_nf",
                                                                                                    "chn.surname_pcode",
                                                                                                    "chn.md5sum"
                                                                                                ],
                                                                                                "Recheck Cond": "(chn.id = ci.person_role_id)",
                                                                                                "Rows Removed by Index Recheck": 0,
                                                                                                "Exact Heap Blocks": 33,
                                                                                                "Lossy Heap Blocks": 0,
                                                                                                "Plans": [
                                                                                                    {
                                                                                                        "Node Type": "Bitmap Index Scan",
                                                                                                        "Parent Relationship": "Outer",
                                                                                                        "Parallel Aware": false,
                                                                                                        "Index Name": "char_name_pkey",
                                                                                                        "Startup Cost": 0.0,
                                                                                                        "Total Cost": 0.49,
                                                                                                        "Plan Rows": 1,
                                                                                                        "Plan Width": 0,
                                                                                                        "Actual Startup Time": 0.004,
                                                                                                        "Actual Total Time": 0.004,
                                                                                                        "Actual Rows": 1,
                                                                                                        "Actual Loops": 33,
                                                                                                        "Index Cond": "(chn.id = ci.person_role_id)"
                                                                                                    }
                                                                                                ]
                                                                                            }
                                                                                        ]
                                                                                    },
                                                                                    {
                                                                                        "Node Type": "Bitmap Heap Scan",
                                                                                        "Parent Relationship": "Inner",
                                                                                        "Parallel Aware": false,
                                                                                        "Relation Name": "movie_companies",
                                                                                        "Schema": "public",
                                                                                        "Alias": "mc",
                                                                                        "Startup Cost": 0.51,
                                                                                        "Total Cost": 4.58,
                                                                                        "Plan Rows": 5,
                                                                                        "Plan Width": 8,
                                                                                        "Actual Startup Time": 0.009,
                                                                                        "Actual Total Time": 0.014,
                                                                                        "Actual Rows": 27,
                                                                                        "Actual Loops": 33,
                                                                                        "Output": [
                                                                                            "mc.id",
                                                                                            "mc.movie_id",
                                                                                            "mc.company_id",
                                                                                            "mc.company_type_id",
                                                                                            "mc.note"
                                                                                        ],
                                                                                        "Recheck Cond": "(mc.movie_id = ci.movie_id)",
                                                                                        "Rows Removed by Index Recheck": 0,
                                                                                        "Exact Heap Blocks": 66,
                                                                                        "Lossy Heap Blocks": 0,
                                                                                        "Plans": [
                                                                                            {
                                                                                                "Node Type": "Bitmap Index Scan",
                                                                                                "Parent Relationship": "Outer",
                                                                                                "Parallel Aware": false,
                                                                                                "Index Name": "movie_id_movie_companies",
                                                                                                "Startup Cost": 0.0,
                                                                                                "Total Cost": 0.51,
                                                                                                "Plan Rows": 5,
                                                                                                "Plan Width": 0,
                                                                                                "Actual Startup Time": 0.006,
                                                                                                "Actual Total Time": 0.006,
                                                                                                "Actual Rows": 27,
                                                                                                "Actual Loops": 33,
                                                                                                "Index Cond": "(mc.movie_id = ci.movie_id)"
                                                                                            }
                                                                                        ]
                                                                                    }
                                                                                ]
                                                                            },
                                                                            {
                                                                                "Node Type": "Bitmap Heap Scan",
                                                                                "Parent Relationship": "Inner",
                                                                                "Parallel Aware": false,
                                                                                "Relation Name": "company_name",
                                                                                "Schema": "public",
                                                                                "Alias": "cn",
                                                                                "Startup Cost": 0.43,
                                                                                "Total Cost": 4.44,
                                                                                "Plan Rows": 1,
                                                                                "Plan Width": 4,
                                                                                "Actual Startup Time": 0.004,
                                                                                "Actual Total Time": 0.004,
                                                                                "Actual Rows": 0,
                                                                                "Actual Loops": 903,
                                                                                "Output": [
                                                                                    "cn.id",
                                                                                    "cn.name",
                                                                                    "cn.country_code",
                                                                                    "cn.imdb_id",
                                                                                    "cn.name_pcode_nf",
                                                                                    "cn.name_pcode_sf",
                                                                                    "cn.md5sum"
                                                                                ],
                                                                                "Recheck Cond": "(cn.id = mc.company_id)",
                                                                                "Rows Removed by Index Recheck": 0,
                                                                                "Filter": "((cn.country_code)::text = '[us]'::text)",
                                                                                "Rows Removed by Filter": 1,
                                                                                "Exact Heap Blocks": 903,
                                                                                "Lossy Heap Blocks": 0,
                                                                                "Plans": [
                                                                                    {
                                                                                        "Node Type": "Bitmap Index Scan",
                                                                                        "Parent Relationship": "Outer",
                                                                                        "Parallel Aware": false,
                                                                                        "Index Name": "company_name_pkey",
                                                                                        "Startup Cost": 0.0,
                                                                                        "Total Cost": 0.43,
                                                                                        "Plan Rows": 1,
                                                                                        "Plan Width": 0,
                                                                                        "Actual Startup Time": 0.002,
                                                                                        "Actual Total Time": 0.002,
                                                                                        "Actual Rows": 1,
                                                                                        "Actual Loops": 903,
                                                                                        "Index Cond": "(cn.id = mc.company_id)"
                                                                                    }
                                                                                ]
                                                                            }
                                                                        ]
                                                                    },
                                                                    {
                                                                        "Node Type": "Bitmap Heap Scan",
                                                                        "Parent Relationship": "Inner",
                                                                        "Parallel Aware": false,
                                                                        "Relation Name": "movie_info",
                                                                        "Schema": "public",
                                                                        "Alias": "mi",
                                                                        "Startup Cost": 0.81,
                                                                        "Total Cost": 5.49,
                                                                        "Plan Rows": 1,
                                                                        "Plan Width": 8,
                                                                        "Actual Startup Time": 0.021,
                                                                        "Actual Total Time": 0.076,
                                                                        "Actual Rows": 3,
                                                                        "Actual Loops": 192,
                                                                        "Output": [
                                                                            "mi.id",
                                                                            "mi.movie_id",
                                                                            "mi.info_type_id",
                                                                            "mi.info",
                                                                            "mi.note"
                                                                        ],
                                                                        "Recheck Cond": "(mi.movie_id = mc.movie_id)",
                                                                        "Rows Removed by Index Recheck": 0,
                                                                        "Filter": "((mi.info IS NOT NULL) AND ((mi.info ~~ 'Japan:%200%'::text) OR (mi.info ~~ 'USA:%200%'::text)))",
                                                                        "Rows Removed by Filter": 434,
                                                                        "Exact Heap Blocks": 5724,
                                                                        "Lossy Heap Blocks": 0,
                                                                        "Plans": [
                                                                            {
                                                                                "Node Type": "Bitmap Index Scan",
                                                                                "Parent Relationship": "Outer",
                                                                                "Parallel Aware": false,
                                                                                "Index Name": "movie_id_movie_info",
                                                                                "Startup Cost": 0.0,
                                                                                "Total Cost": 0.81,
                                                                                "Plan Rows": 39,
                                                                                "Plan Width": 0,
                                                                                "Actual Startup Time": 0.012,
                                                                                "Actual Total Time": 0.012,
                                                                                "Actual Rows": 436,
                                                                                "Actual Loops": 192,
                                                                                "Index Cond": "(mi.movie_id = mc.movie_id)"
                                                                            }
                                                                        ]
                                                                    }
                                                                ]
                                                            },
                                                            {
                                                                "Node Type": "Bitmap Heap Scan",
                                                                "Parent Relationship": "Inner",
                                                                "Parallel Aware": false,
                                                                "Relation Name": "info_type",
                                                                "Schema": "public",
                                                                "Alias": "it",
                                                                "Startup Cost": 0.15,
                                                                "Total Cost": 4.17,
                                                                "Plan Rows": 1,
                                                                "Plan Width": 4,
                                                                "Actual Startup Time": 0.002,
                                                                "Actual Total Time": 0.002,
                                                                "Actual Rows": 1,
                                                                "Actual Loops": 534,
                                                                "Output": [
                                                                    "it.id",
                                                                    "it.info"
                                                                ],
                                                                "Recheck Cond": "(it.id = mi.info_type_id)",
                                                                "Rows Removed by Index Recheck": 0,
                                                                "Filter": "((it.info)::text = 'release dates'::text)",
                                                                "Rows Removed by Filter": 0,
                                                                "Exact Heap Blocks": 534,
                                                                "Lossy Heap Blocks": 0,
                                                                "Plans": [
                                                                    {
                                                                        "Node Type": "Bitmap Index Scan",
                                                                        "Parent Relationship": "Outer",
                                                                        "Parallel Aware": false,
                                                                        "Index Name": "info_type_pkey",
                                                                        "Startup Cost": 0.0,
                                                                        "Total Cost": 0.15,
                                                                        "Plan Rows": 1,
                                                                        "Plan Width": 0,
                                                                        "Actual Startup Time": 0.001,
                                                                        "Actual Total Time": 0.001,
                                                                        "Actual Rows": 1,
                                                                        "Actual Loops": 534,
                                                                        "Index Cond": "(it.id = mi.info_type_id)"
                                                                    }
                                                                ]
                                                            }
                                                        ]
                                                    },
                                                    {
                                                        "Node Type": "Bitmap Heap Scan",
                                                        "Parent Relationship": "Inner",
                                                        "Parallel Aware": false,
                                                        "Relation Name": "movie_keyword",
                                                        "Schema": "public",
                                                        "Alias": "mk",
                                                        "Startup Cost": 0.82,
                                                        "Total Cost": 5.4,
                                                        "Plan Rows": 46,
                                                        "Plan Width": 8,
                                                        "Actual Startup Time": 0.006,
                                                        "Actual Total Time": 0.018,
                                                        "Actual Rows": 95,
                                                        "Actual Loops": 534,
                                                        "Output": [
                                                            "mk.id",
                                                            "mk.movie_id",
                                                            "mk.keyword_id"
                                                        ],
                                                        "Recheck Cond": "(mk.movie_id = mc.movie_id)",
                                                        "Rows Removed by Index Recheck": 0,
                                                        "Exact Heap Blocks": 978,
                                                        "Lossy Heap Blocks": 0,
                                                        "Plans": [
                                                            {
                                                                "Node Type": "Bitmap Index Scan",
                                                                "Parent Relationship": "Outer",
                                                                "Parallel Aware": false,
                                                                "Index Name": "movie_id_movie_keyword",
                                                                "Startup Cost": 0.0,
                                                                "Total Cost": 0.81,
                                                                "Plan Rows": 46,
                                                                "Plan Width": 0,
                                                                "Actual Startup Time": 0.004,
                                                                "Actual Total Time": 0.004,
                                                                "Actual Rows": 95,
                                                                "Actual Loops": 534,
                                                                "Index Cond": "(mk.movie_id = mc.movie_id)"
                                                            }
                                                        ]
                                                    }
                                                ]
                                            },
                                            {
                                                "Node Type": "Bitmap Heap Scan",
                                                "Parent Relationship": "Inner",
                                                "Parallel Aware": false,
                                                "Relation Name": "keyword",
                                                "Schema": "public",
                                                "Alias": "k",
                                                "Startup Cost": 0.43,
                                                "Total Cost": 4.44,
                                                "Plan Rows": 1,
                                                "Plan Width": 4,
                                                "Actual Startup Time": 0.003,
                                                "Actual Total Time": 0.003,
                                                "Actual Rows": 0,
                                                "Actual Loops": 50598,
                                                "Output": [
                                                    "k.id",
                                                    "k.keyword",
                                                    "k.phonetic_code"
                                                ],
                                                "Recheck Cond": "(k.id = mk.keyword_id)",
                                                "Rows Removed by Index Recheck": 0,
                                                "Filter": "(k.keyword = 'computer-animation'::text)",
                                                "Rows Removed by Filter": 1,
                                                "Exact Heap Blocks": 50598,
                                                "Lossy Heap Blocks": 0,
                                                "Plans": [
                                                    {
                                                        "Node Type": "Bitmap Index Scan",
                                                        "Parent Relationship": "Outer",
                                                        "Parallel Aware": false,
                                                        "Index Name": "keyword_pkey",
                                                        "Startup Cost": 0.0,
                                                        "Total Cost": 0.43,
                                                        "Plan Rows": 1,
                                                        "Plan Width": 0,
                                                        "Actual Startup Time": 0.002,
                                                        "Actual Total Time": 0.002,
                                                        "Actual Rows": 1,
                                                        "Actual Loops": 50598,
                                                        "Index Cond": "(k.id = mk.keyword_id)"
                                                    }
                                                ]
                                            }
                                        ]
                                    },
                                    {
                                        "Node Type": "Bitmap Heap Scan",
                                        "Parent Relationship": "Inner",
                                        "Parallel Aware": false,
                                        "Relation Name": "role_type",
                                        "Schema": "public",
                                        "Alias": "rt",
                                        "Startup Cost": 0.14,
                                        "Total Cost": 4.16,
                                        "Plan Rows": 1,
                                        "Plan Width": 4,
                                        "Actual Startup Time": 0.002,
                                        "Actual Total Time": 0.002,
                                        "Actual Rows": 1,
                                        "Actual Loops": 252,
                                        "Output": [
                                            "rt.id",
                                            "rt.role"
                                        ],
                                        "Recheck Cond": "(rt.id = ci.role_id)",
                                        "Rows Removed by Index Recheck": 0,
                                        "Filter": "((rt.role)::text = 'actress'::text)",
                                        "Rows Removed by Filter": 0,
                                        "Exact Heap Blocks": 252,
                                        "Lossy Heap Blocks": 0,
                                        "Plans": [
                                            {
                                                "Node Type": "Bitmap Index Scan",
                                                "Parent Relationship": "Outer",
                                                "Parallel Aware": false,
                                                "Index Name": "role_type_pkey",
                                                "Startup Cost": 0.0,
                                                "Total Cost": 0.14,
                                                "Plan Rows": 1,
                                                "Plan Width": 0,
                                                "Actual Startup Time": 0.001,
                                                "Actual Total Time": 0.001,
                                                "Actual Rows": 1,
                                                "Actual Loops": 252,
                                                "Index Cond": "(rt.id = ci.role_id)"
                                            }
                                        ]
                                    }
                                ]
                            },
                            {
                                "Node Type": "Bitmap Heap Scan",
                                "Parent Relationship": "Inner",
                                "Parallel Aware": false,
                                "Relation Name": "title",
                                "Schema": "public",
                                "Alias": "t",
                                "Startup Cost": 0.45,
                                "Total Cost": 4.46,
                                "Plan Rows": 1,
                                "Plan Width": 21,
                                "Actual Startup Time": 0.003,
                                "Actual Total Time": 0.003,
                                "Actual Rows": 1,
                                "Actual Loops": 252,
                                "Output": [
                                    "t.id",
                                    "t.title",
                                    "t.imdb_index",
                                    "t.kind_id",
                                    "t.production_year",
                                    "t.imdb_id",
                                    "t.phonetic_code",
                                    "t.episode_of_id",
                                    "t.season_nr",
                                    "t.episode_nr",
                                    "t.series_years",
                                    "t.md5sum"
                                ],
                                "Recheck Cond": "(t.id = mk.movie_id)",
                                "Rows Removed by Index Recheck": 0,
                                "Filter": "((t.production_year >= 1994) AND (t.production_year <= 2012))",
                                "Rows Removed by Filter": 0,
                                "Exact Heap Blocks": 252,
                                "Lossy Heap Blocks": 0,
                                "Plans": [
                                    {
                                        "Node Type": "Bitmap Index Scan",
                                        "Parent Relationship": "Outer",
                                        "Parallel Aware": false,
                                        "Index Name": "title_pkey",
                                        "Startup Cost": 0.0,
                                        "Total Cost": 0.45,
                                        "Plan Rows": 1,
                                        "Plan Width": 0,
                                        "Actual Startup Time": 0.002,
                                        "Actual Total Time": 0.002,
                                        "Actual Rows": 1,
                                        "Actual Loops": 252,
                                        "Index Cond": "(t.id = mk.movie_id)"
                                    }
                                ]
                            }
                        ]
                    },
                    {
                        "Node Type": "Bitmap Heap Scan",
                        "Parent Relationship": "Inner",
                        "Parallel Aware": false,
                        "Relation Name": "aka_name",
                        "Schema": "public",
                        "Alias": "an",
                        "Startup Cost": 0.44,
                        "Total Cost": 4.47,
                        "Plan Rows": 2,
                        "Plan Width": 4,
                        "Actual Startup Time": 0.004,
                        "Actual Total Time": 0.005,
                        "Actual Rows": 5,
                        "Actual Loops": 252,
                        "Output": [
                            "an.id",
                            "an.person_id",
                            "an.name",
                            "an.imdb_index",
                            "an.name_pcode_cf",
                            "an.name_pcode_nf",
                            "an.surname_pcode",
                            "an.md5sum"
                        ],
                        "Recheck Cond": "(an.person_id = pi.person_id)",
                        "Rows Removed by Index Recheck": 0,
                        "Exact Heap Blocks": 504,
                        "Lossy Heap Blocks": 0,
                        "Plans": [
                            {
                                "Node Type": "Bitmap Index Scan",
                                "Parent Relationship": "Outer",
                                "Parallel Aware": false,
                                "Index Name": "person_id_aka_name",
                                "Startup Cost": 0.0,
                                "Total Cost": 0.44,
                                "Plan Rows": 2,
                                "Plan Width": 0,
                                "Actual Startup Time": 0.003,
                                "Actual Total Time": 0.003,
                                "Actual Rows": 5,
                                "Actual Loops": 252,
                                "Index Cond": "(an.person_id = pi.person_id)"
                            }
                        ]
                    }
                ]
            }
        ]
    },
    "Planning Time": 2235.284,
    "Triggers": [],
    "Execution Time": 1780.363
}