[
  {
    "Plan": {
      "Node Type": "Aggregate",
      "Strategy": "Plain",
      "Partial Mode": "Finalize",
      "Parallel Aware": false,
      "Startup Cost": 78244.52,
      "Total Cost": 78244.53,
      "Plan Rows": 1,
      "Plan Width": 8,
      "Actual Startup Time": 247.287,
      "Actual Total Time": 263.74,
      "Actual Rows": 1,
      "Actual Loops": 1,
      "Plans": [
        {
          "Node Type": "Gather",
          "Parent Relationship": "Outer",
          "Parallel Aware": false,
          "Startup Cost": 78244.21,
          "Total Cost": 78244.52,
          "Plan Rows": 3,
          "Plan Width": 8,
          "Actual Startup Time": 246.692,
          "Actual Total Time": 263.732,
          "Actual Rows": 4,
          "Actual Loops": 1,
          "Workers Planned": 3,
          "Workers Launched": 3,
          "Single Copy": false,
          "Plans": [
            {
              "Node Type": "Aggregate",
              "Strategy": "Plain",
              "Partial Mode": "Partial",
              "Parent Relationship": "Outer",
              "Parallel Aware": false,
              "Startup Cost": 77244.21,
              "Total Cost": 77244.22,
              "Plan Rows": 1,
              "Plan Width": 8,
              "Actual Startup Time": 239.156,
              "Actual Total Time": 239.159,
              "Actual Rows": 1,
              "Actual Loops": 4,
              "Plans": [
                {
                  "Node Type": "Hash Join",
                  "Parent Relationship": "Outer",
                  "Parallel Aware": true,
                  "Join Type": "Inner",
                  "Startup Cost": 45761.19,
                  "Total Cost": 77172.77,
                  "Plan Rows": 28575,
                  "Plan Width": 0,
                  "Actual Startup Time": 105.543,
                  "Actual Total Time": 238.445,
                  "Actual Rows": 14381,
                  "Actual Loops": 4,
                  "Inner Unique": true,
                  "Hash Cond": "(mc.movie_id = t.id)",
                  "Plans": [
                    {
                      "Node Type": "Seq Scan",
                      "Parent Relationship": "Outer",
                      "Parallel Aware": true,
                      "Relation Name": "movie_companies",
                      "Alias": "mc",
                      "Startup Cost": 0.0,
                      "Total Cost": 29310.68,
                      "Plan Rows": 800343,
                      "Plan Width": 4,
                      "Actual Startup Time": 0.024,
                      "Actual Total Time": 69.717,
                      "Actual Rows": 619452,
                      "Actual Loops": 4,
                      "Filter": "(company_id > 19)",
                      "Rows Removed by Filter": 32831
                    },
                    {
                      "Node Type": "Hash",
                      "Parent Relationship": "Inner",
                      "Parallel Aware": true,
                      "Startup Cost": 45479.1,
                      "Total Cost": 45479.1,
                      "Plan Rows": 22567,
                      "Plan Width": 4,
                      "Actual Startup Time": 103.97,
                      "Actual Total Time": 103.971,
                      "Actual Rows": 25188,
                      "Actual Loops": 4,
                      "Hash Buckets": 131072,
                      "Original Hash Buckets": 131072,
                      "Hash Batches": 1,
                      "Original Hash Batches": 1,
                      "Peak Memory Usage": 5056,
                      "Plans": [
                        {
                          "Node Type": "Seq Scan",
                          "Parent Relationship": "Outer",
                          "Parallel Aware": true,
                          "Relation Name": "title",
                          "Alias": "t",
                          "Startup Cost": 0.0,
                          "Total Cost": 45479.1,
                          "Plan Rows": 22567,
                          "Plan Width": 4,
                          "Actual Startup Time": 0.038,
                          "Actual Total Time": 93.898,
                          "Actual Rows": 25188,
                          "Actual Loops": 4,
                          "Filter": "((kind_id > 1) AND (production_year = 2008))",
                          "Rows Removed by Filter": 606890
                        }
                      ]
                    }
                  ]
                }
              ]
            }
          ]
        }
      ]
    },
    "Planning Time": 0.516,
    "Triggers": [],
    "Execution Time": 263.792
  }
]