[
    {
        "Bao": {
            "Bao prediction": 458.819,
            "Bao recommended hint": "(no hint)"
        }
    },
    {
        "Plan": {
            "Node Type": "Aggregate",
            "Strategy": "Plain",
            "Partial Mode": "Finalize",
            "Parallel Aware": false,
            "Startup Cost": 31079.62,
            "Total Cost": 31079.63,
            "Plan Rows": 1,
            "Plan Width": 8,
            "Actual Startup Time": 121.169,
            "Actual Total Time": 129.332,
            "Actual Rows": 1,
            "Actual Loops": 1,
            "Output": [
                "count(*)"
            ],
            "Plans": [
                {
                    "Node Type": "Gather",
                    "Parent Relationship": "Outer",
                    "Parallel Aware": false,
                    "Startup Cost": 31079.3,
                    "Total Cost": 31079.61,
                    "Plan Rows": 3,
                    "Plan Width": 8,
                    "Actual Startup Time": 121.095,
                    "Actual Total Time": 129.325,
                    "Actual Rows": 4,
                    "Actual Loops": 1,
                    "Output": [
                        "(PARTIAL count(*))"
                    ],
                    "Workers Planned": 3,
                    "Workers Launched": 3,
                    "Single Copy": false,
                    "Plans": [
                        {
                            "Node Type": "Aggregate",
                            "Strategy": "Plain",
                            "Partial Mode": "Partial",
                            "Parent Relationship": "Outer",
                            "Parallel Aware": false,
                            "Startup Cost": 30079.3,
                            "Total Cost": 30079.31,
                            "Plan Rows": 1,
                            "Plan Width": 8,
                            "Actual Startup Time": 113.588,
                            "Actual Total Time": 113.589,
                            "Actual Rows": 1,
                            "Actual Loops": 4,
                            "Output": [
                                "PARTIAL count(*)"
                            ],
                            "Workers": [
                                {
                                    "Worker Number": 0,
                                    "Actual Startup Time": 110.893,
                                    "Actual Total Time": 110.894,
                                    "Actual Rows": 1,
                                    "Actual Loops": 1
                                },
                                {
                                    "Worker Number": 1,
                                    "Actual Startup Time": 111.321,
                                    "Actual Total Time": 111.322,
                                    "Actual Rows": 1,
                                    "Actual Loops": 1
                                },
                                {
                                    "Worker Number": 2,
                                    "Actual Startup Time": 111.637,
                                    "Actual Total Time": 111.638,
                                    "Actual Rows": 1,
                                    "Actual Loops": 1
                                }
                            ],
                            "Plans": [
                                {
                                    "Node Type": "Seq Scan",
                                    "Parent Relationship": "Outer",
                                    "Parallel Aware": true,
                                    "Relation Name": "movie_companies",
                                    "Schema": "public",
                                    "Alias": "mc",
                                    "Startup Cost": 0.0,
                                    "Total Cost": 29310.68,
                                    "Plan Rows": 307448,
                                    "Plan Width": 0,
                                    "Actual Startup Time": 24.417,
                                    "Actual Total Time": 97.339,
                                    "Actual Rows": 239141,
                                    "Actual Loops": 4,
                                    "Output": [
                                        "id",
                                        "movie_id",
                                        "company_id",
                                        "company_type_id",
                                        "note"
                                    ],
                                    "Filter": "(mc.company_id > 18271)",
                                    "Rows Removed by Filter": 413141,
                                    "Workers": [
                                        {
                                            "Worker Number": 0,
                                            "Actual Startup Time": 21.729,
                                            "Actual Total Time": 95.532,
                                            "Actual Rows": 222293,
                                            "Actual Loops": 1
                                        },
                                        {
                                            "Worker Number": 1,
                                            "Actual Startup Time": 22.133,
                                            "Actual Total Time": 95.617,
                                            "Actual Rows": 228046,
                                            "Actual Loops": 1
                                        },
                                        {
                                            "Worker Number": 2,
                                            "Actual Startup Time": 22.474,
                                            "Actual Total Time": 95.9,
                                            "Actual Rows": 228769,
                                            "Actual Loops": 1
                                        }
                                    ]
                                }
                            ]
                        }
                    ]
                }
            ]
        },
        "Planning Time": 1036.096,
        "Triggers": [],
        "Execution Time": 129.413
    }
]