[
  {
    "Plan": {
      "Node Type": "Aggregate",
      "Strategy": "Plain",
      "Partial Mode": "Finalize",
      "Parallel Aware": false,
      "Startup Cost": 383127.16,
      "Total Cost": 383127.17,
      "Plan Rows": 1,
      "Plan Width": 8,
      "Actual Startup Time": 1138.43,
      "Actual Total Time": 1203.067,
      "Actual Rows": 1,
      "Actual Loops": 1,
      "Plans": [
        {
          "Node Type": "Gather",
          "Parent Relationship": "Outer",
          "Parallel Aware": false,
          "Startup Cost": 383126.53,
          "Total Cost": 383127.14,
          "Plan Rows": 6,
          "Plan Width": 8,
          "Actual Startup Time": 1133.737,
          "Actual Total Time": 1203.042,
          "Actual Rows": 7,
          "Actual Loops": 1,
          "Workers Planned": 6,
          "Workers Launched": 6,
          "Single Copy": false,
          "Plans": [
            {
              "Node Type": "Aggregate",
              "Strategy": "Plain",
              "Partial Mode": "Partial",
              "Parent Relationship": "Outer",
              "Parallel Aware": false,
              "Startup Cost": 382126.53,
              "Total Cost": 382126.54,
              "Plan Rows": 1,
              "Plan Width": 8,
              "Actual Startup Time": 1123.314,
              "Actual Total Time": 1123.317,
              "Actual Rows": 1,
              "Actual Loops": 7,
              "Plans": [
                {
                  "Node Type": "Hash Join",
                  "Parent Relationship": "Outer",
                  "Parallel Aware": true,
                  "Join Type": "Inner",
                  "Startup Cost": 47896.65,
                  "Total Cost": 380757.29,
                  "Plan Rows": 547696,
                  "Plan Width": 0,
                  "Actual Startup Time": 411.431,
                  "Actual Total Time": 1095.669,
                  "Actual Rows": 599134,
                  "Actual Loops": 7,
                  "Inner Unique": true,
                  "Hash Cond": "(ci.movie_id = t.id)",
                  "Plans": [
                    {
                      "Node Type": "Seq Scan",
                      "Parent Relationship": "Outer",
                      "Parallel Aware": true,
                      "Relation Name": "cast_info",
                      "Alias": "ci",
                      "Startup Cost": 0.0,
                      "Total Cost": 328162.03,
                      "Plan Rows": 1789946,
                      "Plan Width": 4,
                      "Actual Startup Time": 269.862,
                      "Actual Total Time": 557.623,
                      "Actual Rows": 1517366,
                      "Actual Loops": 7,
                      "Filter": "(person_id > 2646017)",
                      "Rows Removed by Filter": 3660397
                    },
                    {
                      "Node Type": "Hash",
                      "Parent Relationship": "Inner",
                      "Parallel Aware": true,
                      "Startup Cost": 45479.1,
                      "Total Cost": 45479.1,
                      "Plan Rows": 193404,
                      "Plan Width": 4,
                      "Actual Startup Time": 138.005,
                      "Actual Total Time": 138.005,
                      "Actual Rows": 120001,
                      "Actual Loops": 7,
                      "Hash Buckets": 1048576,
                      "Original Hash Buckets": 1048576,
                      "Hash Batches": 1,
                      "Original Hash Batches": 1,
                      "Peak Memory Usage": 41184,
                      "Plans": [
                        {
                          "Node Type": "Seq Scan",
                          "Parent Relationship": "Outer",
                          "Parallel Aware": true,
                          "Relation Name": "title",
                          "Alias": "t",
                          "Startup Cost": 0.0,
                          "Total Cost": 45479.1,
                          "Plan Rows": 193404,
                          "Plan Width": 4,
                          "Actual Startup Time": 0.048,
                          "Actual Total Time": 80.339,
                          "Actual Rows": 120001,
                          "Actual Loops": 7,
                          "Filter": "((production_year > 2002) AND (kind_id = 7))",
                          "Rows Removed by Filter": 241186
                        }
                      ]
                    }
                  ]
                }
              ]
            }
          ]
        }
      ]
    },
    "Planning Time": 0.605,
    "Triggers": [],
    "Execution Time": 1203.154
  }
]