[
    {
        "Bao": {
            "Bao prediction": "NaN",
            "Bao recommended hint": "(no hint)"
        }
    },
    {
        "Plan": {
            "Node Type": "Aggregate",
            "Strategy": "Plain",
            "Partial Mode": "Finalize",
            "Parallel Aware": false,
            "Startup Cost": 117955.0,
            "Total Cost": 117955.01,
            "Plan Rows": 1,
            "Plan Width": 8,
            "Actual Startup Time": 218.604,
            "Actual Total Time": 227.092,
            "Actual Rows": 1,
            "Actual Loops": 1,
            "Output": [
                "count(*)"
            ],
            "Plans": [
                {
                    "Node Type": "Gather",
                    "Parent Relationship": "Outer",
                    "Parallel Aware": false,
                    "Startup Cost": 117954.48,
                    "Total Cost": 117954.99,
                    "Plan Rows": 5,
                    "Plan Width": 8,
                    "Actual Startup Time": 218.535,
                    "Actual Total Time": 227.072,
                    "Actual Rows": 6,
                    "Actual Loops": 1,
                    "Output": [
                        "(PARTIAL count(*))"
                    ],
                    "Workers Planned": 5,
                    "Workers Launched": 5,
                    "Single Copy": false,
                    "Plans": [
                        {
                            "Node Type": "Aggregate",
                            "Strategy": "Plain",
                            "Partial Mode": "Partial",
                            "Parent Relationship": "Outer",
                            "Parallel Aware": false,
                            "Startup Cost": 116954.48,
                            "Total Cost": 116954.49,
                            "Plan Rows": 1,
                            "Plan Width": 8,
                            "Actual Startup Time": 207.855,
                            "Actual Total Time": 207.856,
                            "Actual Rows": 1,
                            "Actual Loops": 6,
                            "Output": [
                                "PARTIAL count(*)"
                            ],
                            "Workers": [
                                {
                                    "Worker Number": 0,
                                    "Actual Startup Time": 205.261,
                                    "Actual Total Time": 205.262,
                                    "Actual Rows": 1,
                                    "Actual Loops": 1
                                },
                                {
                                    "Worker Number": 1,
                                    "Actual Startup Time": 205.64,
                                    "Actual Total Time": 205.641,
                                    "Actual Rows": 1,
                                    "Actual Loops": 1
                                },
                                {
                                    "Worker Number": 2,
                                    "Actual Startup Time": 206.008,
                                    "Actual Total Time": 206.01,
                                    "Actual Rows": 1,
                                    "Actual Loops": 1
                                },
                                {
                                    "Worker Number": 3,
                                    "Actual Startup Time": 206.113,
                                    "Actual Total Time": 206.114,
                                    "Actual Rows": 1,
                                    "Actual Loops": 1
                                },
                                {
                                    "Worker Number": 4,
                                    "Actual Startup Time": 206.09,
                                    "Actual Total Time": 206.092,
                                    "Actual Rows": 1,
                                    "Actual Loops": 1
                                }
                            ],
                            "Plans": [
                                {
                                    "Node Type": "Index Scan",
                                    "Parent Relationship": "Outer",
                                    "Parallel Aware": true,
                                    "Scan Direction": "Forward",
                                    "Index Name": "role_id_cast_info",
                                    "Relation Name": "cast_info",
                                    "Schema": "public",
                                    "Alias": "ci",
                                    "Startup Cost": 0.56,
                                    "Total Cost": 115696.32,
                                    "Plan Rows": 503265,
                                    "Plan Width": 0,
                                    "Actual Startup Time": 0.164,
                                    "Actual Total Time": 175.153,
                                    "Actual Rows": 624704,
                                    "Actual Loops": 6,
                                    "Output": [
                                        "id",
                                        "person_id",
                                        "movie_id",
                                        "person_role_id",
                                        "note",
                                        "nr_order",
                                        "role_id"
                                    ],
                                    "Index Cond": "(ci.role_id = 10)",
                                    "Rows Removed by Index Recheck": 0,
                                    "Filter": "(ci.person_id > 1451389)",
                                    "Rows Removed by Filter": 95799,
                                    "Workers": [
                                        {
                                            "Worker Number": 0,
                                            "Actual Startup Time": 0.148,
                                            "Actual Total Time": 174.029,
                                            "Actual Rows": 667438,
                                            "Actual Loops": 1
                                        },
                                        {
                                            "Worker Number": 1,
                                            "Actual Startup Time": 0.159,
                                            "Actual Total Time": 173.999,
                                            "Actual Rows": 678788,
                                            "Actual Loops": 1
                                        },
                                        {
                                            "Worker Number": 2,
                                            "Actual Startup Time": 0.191,
                                            "Actual Total Time": 174.77,
                                            "Actual Rows": 676709,
                                            "Actual Loops": 1
                                        },
                                        {
                                            "Worker Number": 3,
                                            "Actual Startup Time": 0.279,
                                            "Actual Total Time": 174.37,
                                            "Actual Rows": 684502,
                                            "Actual Loops": 1
                                        },
                                        {
                                            "Worker Number": 4,
                                            "Actual Startup Time": 0.158,
                                            "Actual Total Time": 172.948,
                                            "Actual Rows": 458144,
                                            "Actual Loops": 1
                                        }
                                    ]
                                }
                            ]
                        }
                    ]
                }
            ]
        },
        "Planning Time": 273.526,
        "Triggers": [],
        "Execution Time": 227.17
    }
]