[
  {
    "Plan": {
      "Node Type": "Aggregate",
      "Strategy": "Plain",
      "Partial Mode": "Finalize",
      "Parallel Aware": false,
      "Startup Cost": 250564.89,
      "Total Cost": 250564.9,
      "Plan Rows": 1,
      "Plan Width": 8,
      "Actual Startup Time": 611.008,
      "Actual Total Time": 657.345,
      "Actual Rows": 1,
      "Actual Loops": 1,
      "Plans": [
        {
          "Node Type": "Gather",
          "Parent Relationship": "Outer",
          "Parallel Aware": false,
          "Startup Cost": 250564.37,
          "Total Cost": 250564.88,
          "Plan Rows": 5,
          "Plan Width": 8,
          "Actual Startup Time": 610.137,
          "Actual Total Time": 657.333,
          "Actual Rows": 6,
          "Actual Loops": 1,
          "Workers Planned": 5,
          "Workers Launched": 5,
          "Single Copy": false,
          "Plans": [
            {
              "Node Type": "Aggregate",
              "Strategy": "Plain",
              "Partial Mode": "Partial",
              "Parent Relationship": "Outer",
              "Parallel Aware": false,
              "Startup Cost": 249564.37,
              "Total Cost": 249564.38,
              "Plan Rows": 1,
              "Plan Width": 8,
              "Actual Startup Time": 599.861,
              "Actual Total Time": 599.864,
              "Actual Rows": 1,
              "Actual Loops": 6,
              "Plans": [
                {
                  "Node Type": "Hash Join",
                  "Parent Relationship": "Outer",
                  "Parallel Aware": true,
                  "Join Type": "Inner",
                  "Startup Cost": 45753.65,
                  "Total Cost": 249408.73,
                  "Plan Rows": 62257,
                  "Plan Width": 0,
                  "Actual Startup Time": 106.869,
                  "Actual Total Time": 598.496,
                  "Actual Rows": 26712,
                  "Actual Loops": 6,
                  "Inner Unique": true,
                  "Hash Cond": "(mi.movie_id = t.id)",
                  "Plans": [
                    {
                      "Node Type": "Seq Scan",
                      "Parent Relationship": "Outer",
                      "Parallel Aware": true,
                      "Relation Name": "movie_info",
                      "Alias": "mi",
                      "Startup Cost": 0.0,
                      "Total Cost": 198952.16,
                      "Plan Rows": 1791583,
                      "Plan Width": 4,
                      "Actual Startup Time": 17.105,
                      "Actual Total Time": 343.0,
                      "Actual Rows": 1491793,
                      "Actual Loops": 6,
                      "Filter": "(info_type_id > 6)",
                      "Rows Removed by Filter": 980827
                    },
                    {
                      "Node Type": "Hash",
                      "Parent Relationship": "Inner",
                      "Parallel Aware": true,
                      "Startup Cost": 45479.1,
                      "Total Cost": 45479.1,
                      "Plan Rows": 21964,
                      "Plan Width": 4,
                      "Actual Startup Time": 87.867,
                      "Actual Total Time": 87.868,
                      "Actual Rows": 15438,
                      "Actual Loops": 6,
                      "Hash Buckets": 131072,
                      "Original Hash Buckets": 131072,
                      "Hash Batches": 1,
                      "Original Hash Batches": 1,
                      "Peak Memory Usage": 4768,
                      "Plans": [
                        {
                          "Node Type": "Seq Scan",
                          "Parent Relationship": "Outer",
                          "Parallel Aware": true,
                          "Relation Name": "title",
                          "Alias": "t",
                          "Startup Cost": 0.0,
                          "Total Cost": 45479.1,
                          "Plan Rows": 21964,
                          "Plan Width": 4,
                          "Actual Startup Time": 0.043,
                          "Actual Total Time": 80.635,
                          "Actual Rows": 15438,
                          "Actual Loops": 6,
                          "Filter": "((kind_id = 7) AND (production_year = 2010))",
                          "Rows Removed by Filter": 405947
                        }
                      ]
                    }
                  ]
                }
              ]
            }
          ]
        }
      ]
    },
    "Planning Time": 0.649,
    "Triggers": [],
    "Execution Time": 657.429
  }
]