[
  {
    "Plan": {
      "Node Type": "Aggregate",
      "Strategy": "Plain",
      "Partial Mode": "Finalize",
      "Parallel Aware": false,
      "Startup Cost": 22059.11,
      "Total Cost": 22059.12,
      "Plan Rows": 1,
      "Plan Width": 8,
      "Actual Startup Time": 44.243,
      "Actual Total Time": 49.48,
      "Actual Rows": 1,
      "Actual Loops": 1,
      "Plans": [
        {
          "Node Type": "Gather",
          "Parent Relationship": "Outer",
          "Parallel Aware": false,
          "Startup Cost": 22059.0,
          "Total Cost": 22059.11,
          "Plan Rows": 1,
          "Plan Width": 8,
          "Actual Startup Time": 42.693,
          "Actual Total Time": 49.471,
          "Actual Rows": 2,
          "Actual Loops": 1,
          "Workers Planned": 1,
          "Workers Launched": 1,
          "Single Copy": false,
          "Plans": [
            {
              "Node Type": "Aggregate",
              "Strategy": "Plain",
              "Partial Mode": "Partial",
              "Parent Relationship": "Outer",
              "Parallel Aware": false,
              "Startup Cost": 21059.0,
              "Total Cost": 21059.01,
              "Plan Rows": 1,
              "Plan Width": 8,
              "Actual Startup Time": 37.303,
              "Actual Total Time": 37.304,
              "Actual Rows": 1,
              "Actual Loops": 2,
              "Plans": [
                {
                  "Node Type": "Nested Loop",
                  "Parent Relationship": "Outer",
                  "Parallel Aware": false,
                  "Join Type": "Inner",
                  "Startup Cost": 56.3,
                  "Total Cost": 21035.79,
                  "Plan Rows": 9285,
                  "Plan Width": 0,
                  "Actual Startup Time": 3.653,
                  "Actual Total Time": 36.768,
                  "Actual Rows": 4734,
                  "Actual Loops": 2,
                  "Inner Unique": false,
                  "Plans": [
                    {
                      "Node Type": "Nested Loop",
                      "Parent Relationship": "Outer",
                      "Parallel Aware": false,
                      "Join Type": "Inner",
                      "Startup Cost": 55.73,
                      "Total Cost": 18056.37,
                      "Plan Rows": 1432,
                      "Plan Width": 8,
                      "Actual Startup Time": 1.06,
                      "Actual Total Time": 7.991,
                      "Actual Rows": 962,
                      "Actual Loops": 2,
                      "Inner Unique": true,
                      "Plans": [
                        {
                          "Node Type": "Bitmap Heap Scan",
                          "Parent Relationship": "Outer",
                          "Parallel Aware": true,
                          "Relation Name": "movie_companies",
                          "Alias": "mc",
                          "Startup Cost": 55.3,
                          "Total Cost": 6827.58,
                          "Plan Rows": 1432,
                          "Plan Width": 4,
                          "Actual Startup Time": 0.939,
                          "Actual Total Time": 1.344,
                          "Actual Rows": 962,
                          "Actual Loops": 2,
                          "Recheck Cond": "(company_id = 43863)",
                          "Rows Removed by Index Recheck": 0,
                          "Exact Heap Blocks": 57,
                          "Lossy Heap Blocks": 0,
                          "Plans": [
                            {
                              "Node Type": "Bitmap Index Scan",
                              "Parent Relationship": "Outer",
                              "Parallel Aware": false,
                              "Index Name": "company_id_movie_companies",
                              "Startup Cost": 0.0,
                              "Total Cost": 54.69,
                              "Plan Rows": 2435,
                              "Plan Width": 0,
                              "Actual Startup Time": 1.709,
                              "Actual Total Time": 1.71,
                              "Actual Rows": 1923,
                              "Actual Loops": 1,
                              "Index Cond": "(company_id = 43863)"
                            }
                          ]
                        },
                        {
                          "Node Type": "Index Only Scan",
                          "Parent Relationship": "Inner",
                          "Parallel Aware": false,
                          "Scan Direction": "Forward",
                          "Index Name": "title_pkey",
                          "Relation Name": "title",
                          "Alias": "t",
                          "Startup Cost": 0.43,
                          "Total Cost": 7.84,
                          "Plan Rows": 1,
                          "Plan Width": 4,
                          "Actual Startup Time": 0.006,
                          "Actual Total Time": 0.006,
                          "Actual Rows": 1,
                          "Actual Loops": 1923,
                          "Index Cond": "(id = mc.movie_id)",
                          "Rows Removed by Index Recheck": 0,
                          "Heap Fetches": 1923
                        }
                      ]
                    },
                    {
                      "Node Type": "Index Scan",
                      "Parent Relationship": "Inner",
                      "Parallel Aware": false,
                      "Scan Direction": "Forward",
                      "Index Name": "movie_id_cast_info",
                      "Relation Name": "cast_info",
                      "Alias": "ci",
                      "Startup Cost": 0.56,
                      "Total Cost": 1.91,
                      "Plan Rows": 17,
                      "Plan Width": 4,
                      "Actual Startup Time": 0.022,
                      "Actual Total Time": 0.029,
                      "Actual Rows": 5,
                      "Actual Loops": 1923,
                      "Index Cond": "(movie_id = t.id)",
                      "Rows Removed by Index Recheck": 0,
                      "Filter": "(role_id > 2)",
                      "Rows Removed by Filter": 8
                    }
                  ]
                }
              ]
            }
          ]
        }
      ]
    },
    "Planning Time": 1.448,
    "Triggers": [],
    "Execution Time": 49.579
  }
]