[
  {
    "Plan": {
      "Node Type": "Aggregate",
      "Strategy": "Plain",
      "Partial Mode": "Finalize",
      "Parallel Aware": false,
      "Startup Cost": 31714.45,
      "Total Cost": 31714.46,
      "Plan Rows": 1,
      "Plan Width": 8,
      "Actual Startup Time": 130.308,
      "Actual Total Time": 137.667,
      "Actual Rows": 1,
      "Actual Loops": 1,
      "Plans": [
        {
          "Node Type": "Gather",
          "Parent Relationship": "Outer",
          "Parallel Aware": false,
          "Startup Cost": 31714.13,
          "Total Cost": 31714.44,
          "Plan Rows": 3,
          "Plan Width": 8,
          "Actual Startup Time": 130.213,
          "Actual Total Time": 137.658,
          "Actual Rows": 4,
          "Actual Loops": 1,
          "Workers Planned": 3,
          "Workers Launched": 3,
          "Single Copy": false,
          "Plans": [
            {
              "Node Type": "Aggregate",
              "Strategy": "Plain",
              "Partial Mode": "Partial",
              "Parent Relationship": "Outer",
              "Parallel Aware": false,
              "Startup Cost": 30714.13,
              "Total Cost": 30714.14,
              "Plan Rows": 1,
              "Plan Width": 8,
              "Actual Startup Time": 121.753,
              "Actual Total Time": 121.754,
              "Actual Rows": 1,
              "Actual Loops": 4,
              "Plans": [
                {
                  "Node Type": "Seq Scan",
                  "Parent Relationship": "Outer",
                  "Parallel Aware": true,
                  "Relation Name": "movie_companies",
                  "Alias": "mc",
                  "Startup Cost": 0.0,
                  "Total Cost": 29310.68,
                  "Plan Rows": 561379,
                  "Plan Width": 0,
                  "Actual Startup Time": 0.058,
                  "Actual Total Time": 97.781,
                  "Actual Rows": 431600,
                  "Actual Loops": 4,
                  "Filter": "(company_id < 22678)",
                  "Rows Removed by Filter": 220682
                }
              ]
            }
          ]
        }
      ]
    },
    "Planning Time": 0.171,
    "Triggers": [],
    "Execution Time": 137.719
  }
]