[
  {
    "Plan": {
      "Node Type": "Aggregate",
      "Strategy": "Plain",
      "Partial Mode": "Finalize",
      "Parallel Aware": false,
      "Startup Cost": 70904.18,
      "Total Cost": 70904.19,
      "Plan Rows": 1,
      "Plan Width": 8,
      "Actual Startup Time": 191.945,
      "Actual Total Time": 202.395,
      "Actual Rows": 1,
      "Actual Loops": 1,
      "Plans": [
        {
          "Node Type": "Gather",
          "Parent Relationship": "Outer",
          "Parallel Aware": false,
          "Startup Cost": 70903.87,
          "Total Cost": 70904.18,
          "Plan Rows": 3,
          "Plan Width": 8,
          "Actual Startup Time": 190.958,
          "Actual Total Time": 202.388,
          "Actual Rows": 4,
          "Actual Loops": 1,
          "Workers Planned": 3,
          "Workers Launched": 3,
          "Single Copy": false,
          "Plans": [
            {
              "Node Type": "Aggregate",
              "Strategy": "Plain",
              "Partial Mode": "Partial",
              "Parent Relationship": "Outer",
              "Parallel Aware": false,
              "Startup Cost": 69903.87,
              "Total Cost": 69903.88,
              "Plan Rows": 1,
              "Plan Width": 8,
              "Actual Startup Time": 184.643,
              "Actual Total Time": 184.646,
              "Actual Rows": 1,
              "Actual Loops": 4,
              "Plans": [
                {
                  "Node Type": "Hash Join",
                  "Parent Relationship": "Outer",
                  "Parallel Aware": true,
                  "Join Type": "Inner",
                  "Startup Cost": 38961.85,
                  "Total Cost": 69844.04,
                  "Plan Rows": 23931,
                  "Plan Width": 0,
                  "Actual Startup Time": 61.533,
                  "Actual Total Time": 183.005,
                  "Actual Rows": 36716,
                  "Actual Loops": 4,
                  "Inner Unique": true,
                  "Hash Cond": "(mc.movie_id = t.id)",
                  "Plans": [
                    {
                      "Node Type": "Seq Scan",
                      "Parent Relationship": "Outer",
                      "Parallel Aware": true,
                      "Relation Name": "movie_companies",
                      "Alias": "mc",
                      "Startup Cost": 0.0,
                      "Total Cost": 29310.68,
                      "Plan Rows": 598670,
                      "Plan Width": 4,
                      "Actual Startup Time": 0.445,
                      "Actual Total Time": 71.767,
                      "Actual Rows": 463992,
                      "Actual Loops": 4,
                      "Filter": "(company_id > 1475)",
                      "Rows Removed by Filter": 188290
                    },
                    {
                      "Node Type": "Hash",
                      "Parent Relationship": "Inner",
                      "Parallel Aware": true,
                      "Startup Cost": 38646.0,
                      "Total Cost": 38646.0,
                      "Plan Rows": 25268,
                      "Plan Width": 4,
                      "Actual Startup Time": 46.985,
                      "Actual Total Time": 46.986,
                      "Actual Rows": 29478,
                      "Actual Loops": 4,
                      "Hash Buckets": 131072,
                      "Original Hash Buckets": 131072,
                      "Hash Batches": 1,
                      "Original Hash Batches": 1,
                      "Peak Memory Usage": 5728,
                      "Plans": [
                        {
                          "Node Type": "Bitmap Heap Scan",
                          "Parent Relationship": "Outer",
                          "Parallel Aware": true,
                          "Relation Name": "title",
                          "Alias": "t",
                          "Startup Cost": 2192.57,
                          "Total Cost": 38646.0,
                          "Plan Rows": 25268,
                          "Plan Width": 4,
                          "Actual Startup Time": 4.455,
                          "Actual Total Time": 36.816,
                          "Actual Rows": 29478,
                          "Actual Loops": 4,
                          "Recheck Cond": "(kind_id = 4)",
                          "Rows Removed by Index Recheck": 0,
                          "Filter": "(production_year > 1969)",
                          "Rows Removed by Filter": 81,
                          "Exact Heap Blocks": 6414,
                          "Lossy Heap Blocks": 0,
                          "Plans": [
                            {
                              "Node Type": "Bitmap Index Scan",
                              "Parent Relationship": "Outer",
                              "Parallel Aware": false,
                              "Index Name": "kind_id_title",
                              "Startup Cost": 0.0,
                              "Total Cost": 2167.3,
                              "Plan Rows": 121449,
                              "Plan Width": 0,
                              "Actual Startup Time": 7.813,
                              "Actual Total Time": 7.813,
                              "Actual Rows": 118234,
                              "Actual Loops": 1,
                              "Index Cond": "(kind_id = 4)"
                            }
                          ]
                        }
                      ]
                    }
                  ]
                }
              ]
            }
          ]
        }
      ]
    },
    "Planning Time": 0.246,
    "Triggers": [],
    "Execution Time": 202.436
  }
]