[
  {
    "Plan": {
      "Node Type": "Aggregate",
      "Strategy": "Plain",
      "Partial Mode": "Finalize",
      "Parallel Aware": false,
      "Startup Cost": 33487.03,
      "Total Cost": 33487.04,
      "Plan Rows": 1,
      "Plan Width": 8,
      "Actual Startup Time": 103.536,
      "Actual Total Time": 110.893,
      "Actual Rows": 1,
      "Actual Loops": 1,
      "Plans": [
        {
          "Node Type": "Gather",
          "Parent Relationship": "Outer",
          "Parallel Aware": false,
          "Startup Cost": 33486.71,
          "Total Cost": 33487.02,
          "Plan Rows": 3,
          "Plan Width": 8,
          "Actual Startup Time": 103.402,
          "Actual Total Time": 110.886,
          "Actual Rows": 4,
          "Actual Loops": 1,
          "Workers Planned": 3,
          "Workers Launched": 3,
          "Single Copy": false,
          "Plans": [
            {
              "Node Type": "Aggregate",
              "Strategy": "Plain",
              "Partial Mode": "Partial",
              "Parent Relationship": "Outer",
              "Parallel Aware": false,
              "Startup Cost": 32486.71,
              "Total Cost": 32486.72,
              "Plan Rows": 1,
              "Plan Width": 8,
              "Actual Startup Time": 96.63,
              "Actual Total Time": 96.632,
              "Actual Rows": 1,
              "Actual Loops": 4,
              "Plans": [
                {
                  "Node Type": "Seq Scan",
                  "Parent Relationship": "Outer",
                  "Parallel Aware": true,
                  "Relation Name": "movie_companies",
                  "Alias": "mc",
                  "Startup Cost": 0.0,
                  "Total Cost": 31414.82,
                  "Plan Rows": 428757,
                  "Plan Width": 0,
                  "Actual Startup Time": 41.941,
                  "Actual Total Time": 81.988,
                  "Actual Rows": 331806,
                  "Actual Loops": 4,
                  "Filter": "((company_id < 227615) AND (company_type_id = 2))",
                  "Rows Removed by Filter": 320476
                }
              ]
            }
          ]
        }
      ]
    },
    "Planning Time": 0.103,
    "Triggers": [],
    "Execution Time": 110.917
  }
]