[
    {
        "Bao": {
            "Bao prediction": "NaN",
            "Bao recommended hint": "(no hint)"
        }
    },
    {
        "Plan": {
            "Node Type": "Aggregate",
            "Strategy": "Plain",
            "Partial Mode": "Finalize",
            "Parallel Aware": false,
            "Startup Cost": 273431.65,
            "Total Cost": 273431.66,
            "Plan Rows": 1,
            "Plan Width": 8,
            "Actual Startup Time": 204.142,
            "Actual Total Time": 215.504,
            "Actual Rows": 1,
            "Actual Loops": 1,
            "Output": [
                "count(*)"
            ],
            "Plans": [
                {
                    "Node Type": "Gather",
                    "Parent Relationship": "Outer",
                    "Parallel Aware": false,
                    "Startup Cost": 273431.13,
                    "Total Cost": 273431.64,
                    "Plan Rows": 5,
                    "Plan Width": 8,
                    "Actual Startup Time": 203.57,
                    "Actual Total Time": 215.497,
                    "Actual Rows": 6,
                    "Actual Loops": 1,
                    "Output": [
                        "(PARTIAL count(*))"
                    ],
                    "Workers Planned": 5,
                    "Workers Launched": 5,
                    "Single Copy": false,
                    "Plans": [
                        {
                            "Node Type": "Aggregate",
                            "Strategy": "Plain",
                            "Partial Mode": "Partial",
                            "Parent Relationship": "Outer",
                            "Parallel Aware": false,
                            "Startup Cost": 272431.13,
                            "Total Cost": 272431.14,
                            "Plan Rows": 1,
                            "Plan Width": 8,
                            "Actual Startup Time": 193.282,
                            "Actual Total Time": 193.286,
                            "Actual Rows": 1,
                            "Actual Loops": 6,
                            "Output": [
                                "PARTIAL count(*)"
                            ],
                            "Workers": [
                                {
                                    "Worker Number": 0,
                                    "Actual Startup Time": 190.593,
                                    "Actual Total Time": 190.596,
                                    "Actual Rows": 1,
                                    "Actual Loops": 1
                                },
                                {
                                    "Worker Number": 1,
                                    "Actual Startup Time": 191.015,
                                    "Actual Total Time": 191.018,
                                    "Actual Rows": 1,
                                    "Actual Loops": 1
                                },
                                {
                                    "Worker Number": 2,
                                    "Actual Startup Time": 191.279,
                                    "Actual Total Time": 191.282,
                                    "Actual Rows": 1,
                                    "Actual Loops": 1
                                },
                                {
                                    "Worker Number": 3,
                                    "Actual Startup Time": 191.784,
                                    "Actual Total Time": 191.789,
                                    "Actual Rows": 1,
                                    "Actual Loops": 1
                                },
                                {
                                    "Worker Number": 4,
                                    "Actual Startup Time": 191.81,
                                    "Actual Total Time": 191.814,
                                    "Actual Rows": 1,
                                    "Actual Loops": 1
                                }
                            ],
                            "Plans": [
                                {
                                    "Node Type": "Nested Loop",
                                    "Parent Relationship": "Outer",
                                    "Parallel Aware": false,
                                    "Join Type": "Inner",
                                    "Startup Cost": 69597.7,
                                    "Total Cost": 271976.91,
                                    "Plan Rows": 181689,
                                    "Plan Width": 0,
                                    "Actual Startup Time": 118.175,
                                    "Actual Total Time": 192.814,
                                    "Actual Rows": 3475,
                                    "Actual Loops": 6,
                                    "Inner Unique": false,
                                    "Join Filter": "(t.id = ci.movie_id)",
                                    "Rows Removed by Join Filter": 0,
                                    "Workers": [
                                        {
                                            "Worker Number": 0,
                                            "Actual Startup Time": 115.838,
                                            "Actual Total Time": 190.153,
                                            "Actual Rows": 2671,
                                            "Actual Loops": 1
                                        },
                                        {
                                            "Worker Number": 1,
                                            "Actual Startup Time": 115.666,
                                            "Actual Total Time": 190.514,
                                            "Actual Rows": 3012,
                                            "Actual Loops": 1
                                        },
                                        {
                                            "Worker Number": 2,
                                            "Actual Startup Time": 116.088,
                                            "Actual Total Time": 190.862,
                                            "Actual Rows": 2610,
                                            "Actual Loops": 1
                                        },
                                        {
                                            "Worker Number": 3,
                                            "Actual Startup Time": 116.869,
                                            "Actual Total Time": 191.249,
                                            "Actual Rows": 3423,
                                            "Actual Loops": 1
                                        },
                                        {
                                            "Worker Number": 4,
                                            "Actual Startup Time": 116.658,
                                            "Actual Total Time": 191.212,
                                            "Actual Rows": 3182,
                                            "Actual Loops": 1
                                        }
                                    ],
                                    "Plans": [
                                        {
                                            "Node Type": "Hash Join",
                                            "Parent Relationship": "Outer",
                                            "Parallel Aware": true,
                                            "Join Type": "Inner",
                                            "Startup Cost": 69597.14,
                                            "Total Cost": 235549.19,
                                            "Plan Rows": 12671,
                                            "Plan Width": 8,
                                            "Actual Startup Time": 117.856,
                                            "Actual Total Time": 172.157,
                                            "Actual Rows": 453,
                                            "Actual Loops": 6,
                                            "Output": [
                                                "t.id",
                                                "mi.movie_id"
                                            ],
                                            "Inner Unique": true,
                                            "Hash Cond": "(mi.movie_id = t.id)",
                                            "Workers": [
                                                {
                                                    "Worker Number": 0,
                                                    "Actual Startup Time": 115.621,
                                                    "Actual Total Time": 169.137,
                                                    "Actual Rows": 291,
                                                    "Actual Loops": 1
                                                },
                                                {
                                                    "Worker Number": 1,
                                                    "Actual Startup Time": 115.485,
                                                    "Actual Total Time": 167.546,
                                                    "Actual Rows": 409,
                                                    "Actual Loops": 1
                                                },
                                                {
                                                    "Worker Number": 2,
                                                    "Actual Startup Time": 115.92,
                                                    "Actual Total Time": 168.888,
                                                    "Actual Rows": 447,
                                                    "Actual Loops": 1
                                                },
                                                {
                                                    "Worker Number": 3,
                                                    "Actual Startup Time": 116.63,
                                                    "Actual Total Time": 167.539,
                                                    "Actual Rows": 355,
                                                    "Actual Loops": 1
                                                },
                                                {
                                                    "Worker Number": 4,
                                                    "Actual Startup Time": 116.437,
                                                    "Actual Total Time": 166.618,
                                                    "Actual Rows": 336,
                                                    "Actual Loops": 1
                                                }
                                            ],
                                            "Plans": [
                                                {
                                                    "Node Type": "Bitmap Heap Scan",
                                                    "Parent Relationship": "Outer",
                                                    "Parallel Aware": true,
                                                    "Relation Name": "movie_info",
                                                    "Schema": "public",
                                                    "Alias": "mi",
                                                    "Startup Cost": 23735.46,
                                                    "Total Cost": 189000.4,
                                                    "Plan Rows": 261755,
                                                    "Plan Width": 4,
                                                    "Actual Startup Time": 42.196,
                                                    "Actual Total Time": 73.227,
                                                    "Actual Rows": 214821,
                                                    "Actual Loops": 6,
                                                    "Output": [
                                                        "mi.id",
                                                        "mi.movie_id",
                                                        "mi.info_type_id",
                                                        "mi.info",
                                                        "mi.note"
                                                    ],
                                                    "Recheck Cond": "(mi.info_type_id = 2)",
                                                    "Rows Removed by Index Recheck": 0,
                                                    "Exact Heap Blocks": 2275,
                                                    "Lossy Heap Blocks": 0,
                                                    "Workers": [
                                                        {
                                                            "Worker Number": 0,
                                                            "Actual Startup Time": 42.373,
                                                            "Actual Total Time": 73.276,
                                                            "Actual Rows": 195540,
                                                            "Actual Loops": 1
                                                        },
                                                        {
                                                            "Worker Number": 1,
                                                            "Actual Startup Time": 42.106,
                                                            "Actual Total Time": 72.836,
                                                            "Actual Rows": 206468,
                                                            "Actual Loops": 1
                                                        },
                                                        {
                                                            "Worker Number": 2,
                                                            "Actual Startup Time": 42.147,
                                                            "Actual Total Time": 73.205,
                                                            "Actual Rows": 210000,
                                                            "Actual Loops": 1
                                                        },
                                                        {
                                                            "Worker Number": 3,
                                                            "Actual Startup Time": 42.239,
                                                            "Actual Total Time": 71.575,
                                                            "Actual Rows": 187910,
                                                            "Actual Loops": 1
                                                        },
                                                        {
                                                            "Worker Number": 4,
                                                            "Actual Startup Time": 42.231,
                                                            "Actual Total Time": 71.277,
                                                            "Actual Rows": 145883,
                                                            "Actual Loops": 1
                                                        }
                                                    ],
                                                    "Plans": [
                                                        {
                                                            "Node Type": "Bitmap Index Scan",
                                                            "Parent Relationship": "Outer",
                                                            "Parallel Aware": false,
                                                            "Index Name": "info_type_id_movie_info",
                                                            "Startup Cost": 0.0,
                                                            "Total Cost": 23408.26,
                                                            "Plan Rows": 1308777,
                                                            "Plan Width": 0,
                                                            "Actual Startup Time": 40.802,
                                                            "Actual Total Time": 40.803,
                                                            "Actual Rows": 1288928,
                                                            "Actual Loops": 1,
                                                            "Index Cond": "(mi.info_type_id = 2)"
                                                        }
                                                    ]
                                                },
                                                {
                                                    "Node Type": "Hash",
                                                    "Parent Relationship": "Inner",
                                                    "Parallel Aware": true,
                                                    "Startup Cost": 45479.21,
                                                    "Total Cost": 45479.21,
                                                    "Plan Rows": 30598,
                                                    "Plan Width": 4,
                                                    "Actual Startup Time": 74.159,
                                                    "Actual Total Time": 74.16,
                                                    "Actual Rows": 853,
                                                    "Actual Loops": 6,
                                                    "Output": [
                                                        "t.id"
                                                    ],
                                                    "Hash Buckets": 131072,
                                                    "Original Hash Buckets": 131072,
                                                    "Hash Batches": 1,
                                                    "Original Hash Batches": 1,
                                                    "Peak Memory Usage": 1280,
                                                    "Workers": [
                                                        {
                                                            "Worker Number": 0,
                                                            "Actual Startup Time": 71.561,
                                                            "Actual Total Time": 71.562,
                                                            "Actual Rows": 672,
                                                            "Actual Loops": 1
                                                        },
                                                        {
                                                            "Worker Number": 1,
                                                            "Actual Startup Time": 72.018,
                                                            "Actual Total Time": 72.019,
                                                            "Actual Rows": 702,
                                                            "Actual Loops": 1
                                                        },
                                                        {
                                                            "Worker Number": 2,
                                                            "Actual Startup Time": 72.257,
                                                            "Actual Total Time": 72.258,
                                                            "Actual Rows": 722,
                                                            "Actual Loops": 1
                                                        },
                                                        {
                                                            "Worker Number": 3,
                                                            "Actual Startup Time": 72.818,
                                                            "Actual Total Time": 72.819,
                                                            "Actual Rows": 679,
                                                            "Actual Loops": 1
                                                        },
                                                        {
                                                            "Worker Number": 4,
                                                            "Actual Startup Time": 72.851,
                                                            "Actual Total Time": 72.852,
                                                            "Actual Rows": 594,
                                                            "Actual Loops": 1
                                                        }
                                                    ],
                                                    "Plans": [
                                                        {
                                                            "Node Type": "Seq Scan",
                                                            "Parent Relationship": "Outer",
                                                            "Parallel Aware": true,
                                                            "Relation Name": "title",
                                                            "Schema": "public",
                                                            "Alias": "t",
                                                            "Startup Cost": 0.0,
                                                            "Total Cost": 45479.21,
                                                            "Plan Rows": 30598,
                                                            "Plan Width": 4,
                                                            "Actual Startup Time": 0.49,
                                                            "Actual Total Time": 73.349,
                                                            "Actual Rows": 853,
                                                            "Actual Loops": 6,
                                                            "Output": [
                                                                "t.id"
                                                            ],
                                                            "Filter": "((t.kind_id > 1) AND (t.production_year < 1951))",
                                                            "Rows Removed by Filter": 420532,
                                                            "Workers": [
                                                                {
                                                                    "Worker Number": 0,
                                                                    "Actual Startup Time": 0.869,
                                                                    "Actual Total Time": 70.728,
                                                                    "Actual Rows": 672,
                                                                    "Actual Loops": 1
                                                                },
                                                                {
                                                                    "Worker Number": 1,
                                                                    "Actual Startup Time": 0.908,
                                                                    "Actual Total Time": 71.191,
                                                                    "Actual Rows": 702,
                                                                    "Actual Loops": 1
                                                                },
                                                                {
                                                                    "Worker Number": 2,
                                                                    "Actual Startup Time": 0.374,
                                                                    "Actual Total Time": 71.432,
                                                                    "Actual Rows": 722,
                                                                    "Actual Loops": 1
                                                                },
                                                                {
                                                                    "Worker Number": 3,
                                                                    "Actual Startup Time": 0.049,
                                                                    "Actual Total Time": 71.987,
                                                                    "Actual Rows": 679,
                                                                    "Actual Loops": 1
                                                                },
                                                                {
                                                                    "Worker Number": 4,
                                                                    "Actual Startup Time": 0.585,
                                                                    "Actual Total Time": 72.011,
                                                                    "Actual Rows": 594,
                                                                    "Actual Loops": 1
                                                                }
                                                            ]
                                                        }
                                                    ]
                                                }
                                            ]
                                        },
                                        {
                                            "Node Type": "Index Only Scan",
                                            "Parent Relationship": "Inner",
                                            "Parallel Aware": false,
                                            "Scan Direction": "Forward",
                                            "Index Name": "movie_id_cast_info",
                                            "Relation Name": "cast_info",
                                            "Schema": "public",
                                            "Alias": "ci",
                                            "Startup Cost": 0.56,
                                            "Total Cost": 2.4,
                                            "Plan Rows": 38,
                                            "Plan Width": 4,
                                            "Actual Startup Time": 0.016,
                                            "Actual Total Time": 0.043,
                                            "Actual Rows": 8,
                                            "Actual Loops": 2716,
                                            "Output": [
                                                "ci.movie_id"
                                            ],
                                            "Index Cond": "(ci.movie_id = mi.movie_id)",
                                            "Rows Removed by Index Recheck": 0,
                                            "Heap Fetches": 20849,
                                            "Workers": [
                                                {
                                                    "Worker Number": 0,
                                                    "Actual Startup Time": 0.026,
                                                    "Actual Total Time": 0.069,
                                                    "Actual Rows": 9,
                                                    "Actual Loops": 291
                                                },
                                                {
                                                    "Worker Number": 1,
                                                    "Actual Startup Time": 0.019,
                                                    "Actual Total Time": 0.054,
                                                    "Actual Rows": 7,
                                                    "Actual Loops": 409
                                                },
                                                {
                                                    "Worker Number": 2,
                                                    "Actual Startup Time": 0.02,
                                                    "Actual Total Time": 0.047,
                                                    "Actual Rows": 6,
                                                    "Actual Loops": 447
                                                },
                                                {
                                                    "Worker Number": 3,
                                                    "Actual Startup Time": 0.023,
                                                    "Actual Total Time": 0.064,
                                                    "Actual Rows": 10,
                                                    "Actual Loops": 355
                                                },
                                                {
                                                    "Worker Number": 4,
                                                    "Actual Startup Time": 0.023,
                                                    "Actual Total Time": 0.069,
                                                    "Actual Rows": 9,
                                                    "Actual Loops": 336
                                                }
                                            ]
                                        }
                                    ]
                                }
                            ]
                        }
                    ]
                }
            ]
        },
        "Planning Time": 183.322,
        "Triggers": [],
        "Execution Time": 215.601
    }
]