[
  {
    "Plan": {
      "Node Type": "Aggregate",
      "Strategy": "Plain",
      "Partial Mode": "Finalize",
      "Parallel Aware": false,
      "Startup Cost": 390717.7,
      "Total Cost": 390717.71,
      "Plan Rows": 1,
      "Plan Width": 8,
      "Actual Startup Time": 1756.42,
      "Actual Total Time": 1809.551,
      "Actual Rows": 1,
      "Actual Loops": 1,
      "Plans": [
        {
          "Node Type": "Gather",
          "Parent Relationship": "Outer",
          "Parallel Aware": false,
          "Startup Cost": 390717.07,
          "Total Cost": 390717.68,
          "Plan Rows": 6,
          "Plan Width": 8,
          "Actual Startup Time": 1754.137,
          "Actual Total Time": 1809.536,
          "Actual Rows": 7,
          "Actual Loops": 1,
          "Workers Planned": 6,
          "Workers Launched": 6,
          "Single Copy": false,
          "Plans": [
            {
              "Node Type": "Aggregate",
              "Strategy": "Plain",
              "Partial Mode": "Partial",
              "Parent Relationship": "Outer",
              "Parallel Aware": false,
              "Startup Cost": 389717.07,
              "Total Cost": 389717.08,
              "Plan Rows": 1,
              "Plan Width": 8,
              "Actual Startup Time": 1746.113,
              "Actual Total Time": 1746.117,
              "Actual Rows": 1,
              "Actual Loops": 7,
              "Plans": [
                {
                  "Node Type": "Hash Join",
                  "Parent Relationship": "Outer",
                  "Parallel Aware": true,
                  "Join Type": "Inner",
                  "Startup Cost": 45169.28,
                  "Total Cost": 387548.37,
                  "Plan Rows": 867480,
                  "Plan Width": 0,
                  "Actual Startup Time": 152.651,
                  "Actual Total Time": 1715.642,
                  "Actual Rows": 580030,
                  "Actual Loops": 7,
                  "Inner Unique": true,
                  "Hash Cond": "(ci.movie_id = t.id)",
                  "Plans": [
                    {
                      "Node Type": "Seq Scan",
                      "Parent Relationship": "Outer",
                      "Parallel Aware": true,
                      "Relation Name": "cast_info",
                      "Alias": "ci",
                      "Startup Cost": 0.0,
                      "Total Cost": 328211.39,
                      "Plan Rows": 5397210,
                      "Plan Width": 4,
                      "Actual Startup Time": 46.98,
                      "Actual Total Time": 699.853,
                      "Actual Rows": 4602770,
                      "Actual Loops": 7,
                      "Filter": "(person_id > 385900)",
                      "Rows Removed by Filter": 574993
                    },
                    {
                      "Node Type": "Hash",
                      "Parent Relationship": "Inner",
                      "Parallel Aware": true,
                      "Startup Cost": 43899.32,
                      "Total Cost": 43899.32,
                      "Plan Rows": 101597,
                      "Plan Width": 4,
                      "Actual Startup Time": 104.132,
                      "Actual Total Time": 104.133,
                      "Actual Rows": 60540,
                      "Actual Loops": 7,
                      "Hash Buckets": 524288,
                      "Original Hash Buckets": 524288,
                      "Hash Batches": 1,
                      "Original Hash Batches": 1,
                      "Peak Memory Usage": 20768,
                      "Plans": [
                        {
                          "Node Type": "Seq Scan",
                          "Parent Relationship": "Outer",
                          "Parallel Aware": true,
                          "Relation Name": "title",
                          "Alias": "t",
                          "Startup Cost": 0.0,
                          "Total Cost": 43899.32,
                          "Plan Rows": 101597,
                          "Plan Width": 4,
                          "Actual Startup Time": 0.039,
                          "Actual Total Time": 76.086,
                          "Actual Rows": 60540,
                          "Actual Loops": 7,
                          "Filter": "(production_year < 1974)",
                          "Rows Removed by Filter": 300648
                        }
                      ]
                    }
                  ]
                }
              ]
            }
          ]
        }
      ]
    },
    "Planning Time": 0.416,
    "Triggers": [],
    "Execution Time": 1809.614
  }
]