{
  "Plan": {
    "Node Type": "Aggregate",
    "Strategy": "Plain",
    "Partial Mode": "Finalize",
    "Parallel Aware": false,
    "Startup Cost": 13094.36,
    "Total Cost": 13094.37,
    "Plan Rows": 1,
    "Plan Width": 8,
    "Actual Startup Time": 33.34,
    "Actual Total Time": 38.087,
    "Actual Rows": 1,
    "Actual Loops": 1,
    "Plans": [
      {
        "Node Type": "Gather",
        "Parent Relationship": "Outer",
        "Parallel Aware": false,
        "Startup Cost": 13094.25,
        "Total Cost": 13094.36,
        "Plan Rows": 1,
        "Plan Width": 8,
        "Actual Startup Time": 33.213,
        "Actual Total Time": 38.08,
        "Actual Rows": 2,
        "Actual Loops": 1,
        "Workers Planned": 1,
        "Workers Launched": 1,
        "Single Copy": false,
        "Plans": [
          {
            "Node Type": "Aggregate",
            "Strategy": "Plain",
            "Partial Mode": "Partial",
            "Parent Relationship": "Outer",
            "Parallel Aware": false,
            "Startup Cost": 12094.25,
            "Total Cost": 12094.26,
            "Plan Rows": 1,
            "Plan Width": 8,
            "Actual Startup Time": 26.975,
            "Actual Total Time": 26.977,
            "Actual Rows": 1,
            "Actual Loops": 2,
            "Plans": [
              {
                "Node Type": "Nested Loop",
                "Parent Relationship": "Outer",
                "Parallel Aware": false,
                "Join Type": "Inner",
                "Startup Cost": 50.53,
                "Total Cost": 12094.13,
                "Plan Rows": 49,
                "Plan Width": 0,
                "Actual Startup Time": 2.736,
                "Actual Total Time": 26.833,
                "Actual Rows": 528,
                "Actual Loops": 2,
                "Inner Unique": false,
                "Plans": [
                  {
                    "Node Type": "Nested Loop",
                    "Parent Relationship": "Outer",
                    "Parallel Aware": false,
                    "Join Type": "Inner",
                    "Startup Cost": 50.1,
                    "Total Cost": 11947.13,
                    "Plan Rows": 265,
                    "Plan Width": 8,
                    "Actual Startup Time": 2.556,
                    "Actual Total Time": 18.112,
                    "Actual Rows": 944,
                    "Actual Loops": 2,
                    "Inner Unique": true,
                    "Plans": [
                      {
                        "Node Type": "Bitmap Heap Scan",
                        "Parent Relationship": "Outer",
                        "Parallel Aware": true,
                        "Relation Name": "movie_companies",
                        "Alias": "mc",
                        "Startup Cost": 49.67,
                        "Total Cost": 6445.65,
                        "Plan Rows": 675,
                        "Plan Width": 4,
                        "Actual Startup Time": 2.335,
                        "Actual Total Time": 5.518,
                        "Actual Rows": 1206,
                        "Actual Loops": 2,
                        "Recheck Cond": "(company_id = 68)",
                        "Rows Removed by Index Recheck": 0,
                        "Filter": "(company_type_id > 1)",
                        "Rows Removed by Filter": 342,
                        "Exact Heap Blocks": 1496,
                        "Lossy Heap Blocks": 0,
                        "Plans": [
                          {
                            "Node Type": "Bitmap Index Scan",
                            "Parent Relationship": "Outer",
                            "Parallel Aware": false,
                            "Index Name": "company_id_movie_companies",
                            "Startup Cost": 0.0,
                            "Total Cost": 49.39,
                            "Plan Rows": 2261,
                            "Plan Width": 0,
                            "Actual Startup Time": 2.184,
                            "Actual Total Time": 2.185,
                            "Actual Rows": 3094,
                            "Actual Loops": 1,
                            "Index Cond": "(company_id = 68)"
                          }
                        ]
                      },
                      {
                        "Node Type": "Index Scan",
                        "Parent Relationship": "Inner",
                        "Parallel Aware": false,
                        "Scan Direction": "Forward",
                        "Index Name": "title_pkey",
                        "Relation Name": "title",
                        "Alias": "t",
                        "Startup Cost": 0.43,
                        "Total Cost": 8.15,
                        "Plan Rows": 1,
                        "Plan Width": 4,
                        "Actual Startup Time": 0.01,
                        "Actual Total Time": 0.01,
                        "Actual Rows": 1,
                        "Actual Loops": 2411,
                        "Index Cond": "(id = mc.movie_id)",
                        "Rows Removed by Index Recheck": 0,
                        "Filter": "(kind_id < 7)",
                        "Rows Removed by Filter": 0
                      }
                    ]
                  },
                  {
                    "Node Type": "Index Scan",
                    "Parent Relationship": "Inner",
                    "Parallel Aware": false,
                    "Scan Direction": "Forward",
                    "Index Name": "movie_id_movie_info_idx",
                    "Relation Name": "movie_info_idx",
                    "Alias": "mi_idx",
                    "Startup Cost": 0.43,
                    "Total Cost": 0.54,
                    "Plan Rows": 1,
                    "Plan Width": 4,
                    "Actual Startup Time": 0.008,
                    "Actual Total Time": 0.009,
                    "Actual Rows": 1,
                    "Actual Loops": 1888,
                    "Index Cond": "(movie_id = t.id)",
                    "Rows Removed by Index Recheck": 0,
                    "Filter": "(info_type_id = 100)",
                    "Rows Removed by Filter": 1
                  }
                ]
              }
            ]
          }
        ]
      }
    ]
  },
  "Planning Time": 0.989,
  "Triggers": [],
  "Execution Time": 38.184
}