[
  {
    "Plan": {
      "Node Type": "Aggregate",
      "Strategy": "Plain",
      "Partial Mode": "Finalize",
      "Parallel Aware": false,
      "Startup Cost": 62375.41,
      "Total Cost": 62375.42,
      "Plan Rows": 1,
      "Plan Width": 8,
      "Actual Startup Time": 207.904,
      "Actual Total Time": 221.106,
      "Actual Rows": 1,
      "Actual Loops": 1,
      "Plans": [
        {
          "Node Type": "Gather",
          "Parent Relationship": "Outer",
          "Parallel Aware": false,
          "Startup Cost": 62375.19,
          "Total Cost": 62375.4,
          "Plan Rows": 2,
          "Plan Width": 8,
          "Actual Startup Time": 206.933,
          "Actual Total Time": 221.098,
          "Actual Rows": 3,
          "Actual Loops": 1,
          "Workers Planned": 2,
          "Workers Launched": 2,
          "Single Copy": false,
          "Plans": [
            {
              "Node Type": "Aggregate",
              "Strategy": "Plain",
              "Partial Mode": "Partial",
              "Parent Relationship": "Outer",
              "Parallel Aware": false,
              "Startup Cost": 61375.19,
              "Total Cost": 61375.2,
              "Plan Rows": 1,
              "Plan Width": 8,
              "Actual Startup Time": 199.436,
              "Actual Total Time": 199.524,
              "Actual Rows": 1,
              "Actual Loops": 3,
              "Plans": [
                {
                  "Node Type": "Hash Join",
                  "Parent Relationship": "Outer",
                  "Parallel Aware": true,
                  "Join Type": "Inner",
                  "Startup Cost": 45733.14,
                  "Total Cost": 61359.76,
                  "Plan Rows": 6172,
                  "Plan Width": 0,
                  "Actual Startup Time": 160.698,
                  "Actual Total Time": 198.805,
                  "Actual Rows": 16133,
                  "Actual Loops": 3,
                  "Inner Unique": true,
                  "Hash Cond": "(mi_idx.movie_id = t.id)",
                  "Plans": [
                    {
                      "Node Type": "Seq Scan",
                      "Parent Relationship": "Outer",
                      "Parallel Aware": true,
                      "Relation Name": "movie_info_idx",
                      "Alias": "mi_idx",
                      "Startup Cost": 0.0,
                      "Total Cost": 15122.68,
                      "Plan Rows": 191978,
                      "Plan Width": 4,
                      "Actual Startup Time": 0.024,
                      "Actual Total Time": 36.029,
                      "Actual Rows": 153308,
                      "Actual Loops": 3,
                      "Filter": "(info_type_id = 101)",
                      "Rows Removed by Filter": 306703
                    },
                    {
                      "Node Type": "Hash",
                      "Parent Relationship": "Inner",
                      "Parallel Aware": true,
                      "Startup Cost": 45479.1,
                      "Total Cost": 45479.1,
                      "Plan Rows": 20323,
                      "Plan Width": 4,
                      "Actual Startup Time": 132.982,
                      "Actual Total Time": 132.982,
                      "Actual Rows": 71181,
                      "Actual Loops": 3,
                      "Hash Buckets": 262144,
                      "Original Hash Buckets": 131072,
                      "Hash Batches": 1,
                      "Original Hash Batches": 1,
                      "Peak Memory Usage": 11456,
                      "Plans": [
                        {
                          "Node Type": "Seq Scan",
                          "Parent Relationship": "Outer",
                          "Parallel Aware": true,
                          "Relation Name": "title",
                          "Alias": "t",
                          "Startup Cost": 0.0,
                          "Total Cost": 45479.1,
                          "Plan Rows": 20323,
                          "Plan Width": 4,
                          "Actual Startup Time": 66.306,
                          "Actual Total Time": 110.341,
                          "Actual Rows": 71181,
                          "Actual Loops": 3,
                          "Filter": "((production_year < 1967) AND (kind_id = 1))",
                          "Rows Removed by Filter": 771589
                        }
                      ]
                    }
                  ]
                }
              ]
            }
          ]
        }
      ]
    },
    "Planning Time": 0.606,
    "Triggers": [],
    "Execution Time": 221.172
  }
]