[
  {
    "Plan": {
      "Node Type": "Aggregate",
      "Strategy": "Plain",
      "Partial Mode": "Finalize",
      "Parallel Aware": false,
      "Startup Cost": 31690.72,
      "Total Cost": 31690.73,
      "Plan Rows": 1,
      "Plan Width": 8,
      "Actual Startup Time": 118.943,
      "Actual Total Time": 127.742,
      "Actual Rows": 1,
      "Actual Loops": 1,
      "Plans": [
        {
          "Node Type": "Gather",
          "Parent Relationship": "Outer",
          "Parallel Aware": false,
          "Startup Cost": 31690.4,
          "Total Cost": 31690.71,
          "Plan Rows": 3,
          "Plan Width": 8,
          "Actual Startup Time": 118.849,
          "Actual Total Time": 127.729,
          "Actual Rows": 4,
          "Actual Loops": 1,
          "Workers Planned": 3,
          "Workers Launched": 3,
          "Single Copy": false,
          "Plans": [
            {
              "Node Type": "Aggregate",
              "Strategy": "Plain",
              "Partial Mode": "Partial",
              "Parent Relationship": "Outer",
              "Parallel Aware": false,
              "Startup Cost": 30690.4,
              "Total Cost": 30690.41,
              "Plan Rows": 1,
              "Plan Width": 8,
              "Actual Startup Time": 110.694,
              "Actual Total Time": 110.696,
              "Actual Rows": 1,
              "Actual Loops": 4,
              "Plans": [
                {
                  "Node Type": "Seq Scan",
                  "Parent Relationship": "Outer",
                  "Parallel Aware": true,
                  "Relation Name": "movie_companies",
                  "Alias": "mc",
                  "Startup Cost": 0.0,
                  "Total Cost": 29310.68,
                  "Plan Rows": 551888,
                  "Plan Width": 0,
                  "Actual Startup Time": 0.757,
                  "Actual Total Time": 88.592,
                  "Actual Rows": 427885,
                  "Actual Loops": 4,
                  "Filter": "(company_id > 2841)",
                  "Rows Removed by Filter": 224397
                }
              ]
            }
          ]
        }
      ]
    },
    "Planning Time": 0.104,
    "Triggers": [],
    "Execution Time": 127.78
  }
]