{
  "Plan": {
    "Node Type": "Aggregate",
    "Strategy": "Plain",
    "Partial Mode": "Finalize",
    "Parallel Aware": false,
    "Startup Cost": 40716.61,
    "Total Cost": 40716.62,
    "Plan Rows": 1,
    "Plan Width": 8,
    "Actual Startup Time": 45.1,
    "Actual Total Time": 52.701,
    "Actual Rows": 1,
    "Actual Loops": 1,
    "Plans": [
      {
        "Node Type": "Gather",
        "Parent Relationship": "Outer",
        "Parallel Aware": false,
        "Startup Cost": 40716.5,
        "Total Cost": 40716.61,
        "Plan Rows": 1,
        "Plan Width": 8,
        "Actual Startup Time": 44.966,
        "Actual Total Time": 52.695,
        "Actual Rows": 2,
        "Actual Loops": 1,
        "Workers Planned": 1,
        "Workers Launched": 1,
        "Single Copy": false,
        "Plans": [
          {
            "Node Type": "Aggregate",
            "Strategy": "Plain",
            "Partial Mode": "Partial",
            "Parent Relationship": "Outer",
            "Parallel Aware": false,
            "Startup Cost": 39716.5,
            "Total Cost": 39716.51,
            "Plan Rows": 1,
            "Plan Width": 8,
            "Actual Startup Time": 38.228,
            "Actual Total Time": 38.23,
            "Actual Rows": 1,
            "Actual Loops": 2,
            "Plans": [
              {
                "Node Type": "Nested Loop",
                "Parent Relationship": "Outer",
                "Parallel Aware": false,
                "Join Type": "Inner",
                "Startup Cost": 132.04,
                "Total Cost": 39716.2,
                "Plan Rows": 118,
                "Plan Width": 0,
                "Actual Startup Time": 5.544,
                "Actual Total Time": 38.174,
                "Actual Rows": 278,
                "Actual Loops": 2,
                "Inner Unique": false,
                "Plans": [
                  {
                    "Node Type": "Nested Loop",
                    "Parent Relationship": "Outer",
                    "Parallel Aware": false,
                    "Join Type": "Inner",
                    "Startup Cost": 131.61,
                    "Total Cost": 39430.65,
                    "Plan Rows": 226,
                    "Plan Width": 8,
                    "Actual Startup Time": 5.415,
                    "Actual Total Time": 36.511,
                    "Actual Rows": 66,
                    "Actual Loops": 2,
                    "Inner Unique": true,
                    "Plans": [
                      {
                        "Node Type": "Bitmap Heap Scan",
                        "Parent Relationship": "Outer",
                        "Parallel Aware": true,
                        "Relation Name": "movie_keyword",
                        "Alias": "mk",
                        "Startup Cost": 131.18,
                        "Total Cost": 14106.22,
                        "Plan Rows": 3548,
                        "Plan Width": 4,
                        "Actual Startup Time": 3.496,
                        "Actual Total Time": 12.966,
                        "Actual Rows": 2696,
                        "Actual Loops": 2,
                        "Recheck Cond": "(keyword_id = 460)",
                        "Rows Removed by Index Recheck": 0,
                        "Exact Heap Blocks": 4174,
                        "Lossy Heap Blocks": 0,
                        "Plans": [
                          {
                            "Node Type": "Bitmap Index Scan",
                            "Parent Relationship": "Outer",
                            "Parallel Aware": false,
                            "Index Name": "keyword_id_movie_keyword",
                            "Startup Cost": 0.0,
                            "Total Cost": 129.67,
                            "Plan Rows": 6032,
                            "Plan Width": 0,
                            "Actual Startup Time": 4.37,
                            "Actual Total Time": 4.371,
                            "Actual Rows": 5392,
                            "Actual Loops": 1,
                            "Index Cond": "(keyword_id = 460)"
                          }
                        ]
                      },
                      {
                        "Node Type": "Index Scan",
                        "Parent Relationship": "Inner",
                        "Parallel Aware": false,
                        "Scan Direction": "Forward",
                        "Index Name": "title_pkey",
                        "Relation Name": "title",
                        "Alias": "t",
                        "Startup Cost": 0.43,
                        "Total Cost": 7.14,
                        "Plan Rows": 1,
                        "Plan Width": 4,
                        "Actual Startup Time": 0.008,
                        "Actual Total Time": 0.008,
                        "Actual Rows": 0,
                        "Actual Loops": 5392,
                        "Index Cond": "(id = mk.movie_id)",
                        "Rows Removed by Index Recheck": 0,
                        "Filter": "(production_year = 2012)",
                        "Rows Removed by Filter": 1
                      }
                    ]
                  },
                  {
                    "Node Type": "Index Scan",
                    "Parent Relationship": "Inner",
                    "Parallel Aware": false,
                    "Scan Direction": "Forward",
                    "Index Name": "movie_id_movie_companies",
                    "Relation Name": "movie_companies",
                    "Alias": "mc",
                    "Startup Cost": 0.43,
                    "Total Cost": 1.23,
                    "Plan Rows": 3,
                    "Plan Width": 4,
                    "Actual Startup Time": 0.017,
                    "Actual Total Time": 0.024,
                    "Actual Rows": 4,
                    "Actual Loops": 132,
                    "Index Cond": "(movie_id = t.id)",
                    "Rows Removed by Index Recheck": 0,
                    "Filter": "(company_id < 11373)",
                    "Rows Removed by Filter": 4
                  }
                ]
              }
            ]
          }
        ]
      }
    ]
  },
  "Planning Time": 1.038,
  "Triggers": [],
  "Execution Time": 52.801
}