[
  {
    "Plan": {
      "Node Type": "Aggregate",
      "Strategy": "Plain",
      "Partial Mode": "Finalize",
      "Parallel Aware": false,
      "Startup Cost": 43010.63,
      "Total Cost": 43010.64,
      "Plan Rows": 1,
      "Plan Width": 8,
      "Actual Startup Time": 156.416,
      "Actual Total Time": 168.105,
      "Actual Rows": 1,
      "Actual Loops": 1,
      "Plans": [
        {
          "Node Type": "Gather",
          "Parent Relationship": "Outer",
          "Parallel Aware": false,
          "Startup Cost": 43010.32,
          "Total Cost": 43010.63,
          "Plan Rows": 3,
          "Plan Width": 8,
          "Actual Startup Time": 156.04,
          "Actual Total Time": 168.094,
          "Actual Rows": 4,
          "Actual Loops": 1,
          "Workers Planned": 3,
          "Workers Launched": 3,
          "Single Copy": false,
          "Plans": [
            {
              "Node Type": "Aggregate",
              "Strategy": "Plain",
              "Partial Mode": "Partial",
              "Parent Relationship": "Outer",
              "Parallel Aware": false,
              "Startup Cost": 42010.32,
              "Total Cost": 42010.33,
              "Plan Rows": 1,
              "Plan Width": 8,
              "Actual Startup Time": 147.433,
              "Actual Total Time": 147.435,
              "Actual Rows": 1,
              "Actual Loops": 4,
              "Plans": [
                {
                  "Node Type": "Bitmap Heap Scan",
                  "Parent Relationship": "Outer",
                  "Parallel Aware": true,
                  "Relation Name": "movie_keyword",
                  "Alias": "mk",
                  "Startup Cost": 14295.37,
                  "Total Cost": 41466.83,
                  "Plan Rows": 217396,
                  "Plan Width": 0,
                  "Actual Startup Time": 52.205,
                  "Actual Total Time": 136.267,
                  "Actual Rows": 168539,
                  "Actual Loops": 4,
                  "Recheck Cond": "(keyword_id > 27808)",
                  "Rows Removed by Index Recheck": 0,
                  "Exact Heap Blocks": 7848,
                  "Lossy Heap Blocks": 0,
                  "Plans": [
                    {
                      "Node Type": "Bitmap Index Scan",
                      "Parent Relationship": "Outer",
                      "Parallel Aware": false,
                      "Index Name": "keyword_id_movie_keyword",
                      "Startup Cost": 0.0,
                      "Total Cost": 14126.89,
                      "Plan Rows": 673928,
                      "Plan Width": 0,
                      "Actual Startup Time": 54.77,
                      "Actual Total Time": 54.772,
                      "Actual Rows": 674157,
                      "Actual Loops": 1,
                      "Index Cond": "(keyword_id > 27808)"
                    }
                  ]
                }
              ]
            }
          ]
        }
      ]
    },
    "Planning Time": 0.097,
    "Triggers": [],
    "Execution Time": 168.166
  }
]