[
  {
    "Plan": {
      "Node Type": "Aggregate",
      "Strategy": "Plain",
      "Partial Mode": "Finalize",
      "Parallel Aware": false,
      "Startup Cost": 195442.91,
      "Total Cost": 195442.92,
      "Plan Rows": 1,
      "Plan Width": 8,
      "Actual Startup Time": 528.414,
      "Actual Total Time": 564.682,
      "Actual Rows": 1,
      "Actual Loops": 1,
      "Plans": [
        {
          "Node Type": "Gather",
          "Parent Relationship": "Outer",
          "Parallel Aware": false,
          "Startup Cost": 195442.59,
          "Total Cost": 195442.9,
          "Plan Rows": 3,
          "Plan Width": 8,
          "Actual Startup Time": 522.377,
          "Actual Total Time": 564.672,
          "Actual Rows": 4,
          "Actual Loops": 1,
          "Workers Planned": 3,
          "Workers Launched": 3,
          "Single Copy": false,
          "Plans": [
            {
              "Node Type": "Aggregate",
              "Strategy": "Plain",
              "Partial Mode": "Partial",
              "Parent Relationship": "Outer",
              "Parallel Aware": false,
              "Startup Cost": 194442.59,
              "Total Cost": 194442.6,
              "Plan Rows": 1,
              "Plan Width": 8,
              "Actual Startup Time": 512.705,
              "Actual Total Time": 512.71,
              "Actual Rows": 1,
              "Actual Loops": 4,
              "Plans": [
                {
                  "Node Type": "Nested Loop",
                  "Parent Relationship": "Outer",
                  "Parallel Aware": false,
                  "Join Type": "Inner",
                  "Startup Cost": 46720.12,
                  "Total Cost": 193771.14,
                  "Plan Rows": 268582,
                  "Plan Width": 0,
                  "Actual Startup Time": 263.923,
                  "Actual Total Time": 503.396,
                  "Actual Rows": 129475,
                  "Actual Loops": 4,
                  "Inner Unique": false,
                  "Plans": [
                    {
                      "Node Type": "Hash Join",
                      "Parent Relationship": "Outer",
                      "Parallel Aware": true,
                      "Join Type": "Inner",
                      "Startup Cost": 46719.68,
                      "Total Cost": 78470.89,
                      "Plan Rows": 45742,
                      "Plan Width": 8,
                      "Actual Startup Time": 263.79,
                      "Actual Total Time": 339.293,
                      "Actual Rows": 6488,
                      "Actual Loops": 4,
                      "Inner Unique": true,
                      "Hash Cond": "(mc.movie_id = t.id)",
                      "Plans": [
                        {
                          "Node Type": "Seq Scan",
                          "Parent Relationship": "Outer",
                          "Parallel Aware": true,
                          "Relation Name": "movie_companies",
                          "Alias": "mc",
                          "Startup Cost": 0.0,
                          "Total Cost": 31414.82,
                          "Plan Rows": 128147,
                          "Plan Width": 4,
                          "Actual Startup Time": 17.07,
                          "Actual Total Time": 78.001,
                          "Actual Rows": 18112,
                          "Actual Loops": 4,
                          "Filter": "((company_id > 30238) AND (company_type_id < 2))",
                          "Rows Removed by Filter": 634170
                        },
                        {
                          "Node Type": "Hash",
                          "Parent Relationship": "Inner",
                          "Parallel Aware": true,
                          "Startup Cost": 43899.32,
                          "Total Cost": 43899.32,
                          "Plan Rows": 225629,
                          "Plan Width": 4,
                          "Actual Startup Time": 243.498,
                          "Actual Total Time": 243.499,
                          "Actual Rows": 226123,
                          "Actual Loops": 4,
                          "Hash Buckets": 1048576,
                          "Original Hash Buckets": 1048576,
                          "Hash Batches": 1,
                          "Original Hash Batches": 1,
                          "Peak Memory Usage": 43648,
                          "Plans": [
                            {
                              "Node Type": "Seq Scan",
                              "Parent Relationship": "Outer",
                              "Parallel Aware": true,
                              "Relation Name": "title",
                              "Alias": "t",
                              "Startup Cost": 0.0,
                              "Total Cost": 43899.32,
                              "Plan Rows": 225629,
                              "Plan Width": 4,
                              "Actual Startup Time": 0.039,
                              "Actual Total Time": 136.341,
                              "Actual Rows": 226123,
                              "Actual Loops": 4,
                              "Filter": "(production_year > 2006)",
                              "Rows Removed by Filter": 405955
                            }
                          ]
                        }
                      ]
                    },
                    {
                      "Node Type": "Index Only Scan",
                      "Parent Relationship": "Inner",
                      "Parallel Aware": false,
                      "Scan Direction": "Forward",
                      "Index Name": "movie_id_movie_info",
                      "Relation Name": "movie_info",
                      "Alias": "mi",
                      "Startup Cost": 0.43,
                      "Total Cost": 2.11,
                      "Plan Rows": 41,
                      "Plan Width": 4,
                      "Actual Startup Time": 0.007,
                      "Actual Total Time": 0.023,
                      "Actual Rows": 20,
                      "Actual Loops": 25954,
                      "Index Cond": "(movie_id = t.id)",
                      "Rows Removed by Index Recheck": 0,
                      "Heap Fetches": 517900
                    }
                  ]
                }
              ]
            }
          ]
        }
      ]
    },
    "Planning Time": 0.621,
    "Triggers": [],
    "Execution Time": 564.742
  }
]