[
  {
    "Plan": {
      "Node Type": "Aggregate",
      "Strategy": "Plain",
      "Partial Mode": "Finalize",
      "Parallel Aware": false,
      "Startup Cost": 32021.26,
      "Total Cost": 32021.27,
      "Plan Rows": 1,
      "Plan Width": 8,
      "Actual Startup Time": 110.543,
      "Actual Total Time": 118.476,
      "Actual Rows": 1,
      "Actual Loops": 1,
      "Plans": [
        {
          "Node Type": "Gather",
          "Parent Relationship": "Outer",
          "Parallel Aware": false,
          "Startup Cost": 32020.95,
          "Total Cost": 32021.26,
          "Plan Rows": 3,
          "Plan Width": 8,
          "Actual Startup Time": 110.42,
          "Actual Total Time": 118.469,
          "Actual Rows": 4,
          "Actual Loops": 1,
          "Workers Planned": 3,
          "Workers Launched": 3,
          "Single Copy": false,
          "Plans": [
            {
              "Node Type": "Aggregate",
              "Strategy": "Plain",
              "Partial Mode": "Partial",
              "Parent Relationship": "Outer",
              "Parallel Aware": false,
              "Startup Cost": 31020.95,
              "Total Cost": 31020.96,
              "Plan Rows": 1,
              "Plan Width": 8,
              "Actual Startup Time": 104.204,
              "Actual Total Time": 104.205,
              "Actual Rows": 1,
              "Actual Loops": 4,
              "Plans": [
                {
                  "Node Type": "Seq Scan",
                  "Parent Relationship": "Outer",
                  "Parallel Aware": true,
                  "Relation Name": "movie_companies",
                  "Alias": "mc",
                  "Startup Cost": 0.0,
                  "Total Cost": 29310.68,
                  "Plan Rows": 684106,
                  "Plan Width": 0,
                  "Actual Startup Time": 0.164,
                  "Actual Total Time": 80.996,
                  "Actual Rows": 530444,
                  "Actual Loops": 4,
                  "Filter": "(company_id > 425)",
                  "Rows Removed by Filter": 121839
                }
              ]
            }
          ]
        }
      ]
    },
    "Planning Time": 0.184,
    "Triggers": [],
    "Execution Time": 118.531
  }
]