[
  {
    "Plan": {
      "Node Type": "Aggregate",
      "Strategy": "Plain",
      "Partial Mode": "Finalize",
      "Parallel Aware": false,
      "Startup Cost": 438542.68,
      "Total Cost": 438542.69,
      "Plan Rows": 1,
      "Plan Width": 8,
      "Actual Startup Time": 2283.357,
      "Actual Total Time": 2350.564,
      "Actual Rows": 1,
      "Actual Loops": 1,
      "Plans": [
        {
          "Node Type": "Gather",
          "Parent Relationship": "Outer",
          "Parallel Aware": false,
          "Startup Cost": 438542.06,
          "Total Cost": 438542.67,
          "Plan Rows": 6,
          "Plan Width": 8,
          "Actual Startup Time": 2259.707,
          "Actual Total Time": 2350.548,
          "Actual Rows": 7,
          "Actual Loops": 1,
          "Workers Planned": 6,
          "Workers Launched": 6,
          "Single Copy": false,
          "Plans": [
            {
              "Node Type": "Aggregate",
              "Strategy": "Plain",
              "Partial Mode": "Partial",
              "Parent Relationship": "Outer",
              "Parallel Aware": false,
              "Startup Cost": 437542.06,
              "Total Cost": 437542.07,
              "Plan Rows": 1,
              "Plan Width": 8,
              "Actual Startup Time": 2248.096,
              "Actual Total Time": 2248.202,
              "Actual Rows": 1,
              "Actual Loops": 7,
              "Plans": [
                {
                  "Node Type": "Hash Join",
                  "Parent Relationship": "Outer",
                  "Parallel Aware": true,
                  "Join Type": "Inner",
                  "Startup Cost": 93353.41,
                  "Total Cost": 433839.91,
                  "Plan Rows": 1480858,
                  "Plan Width": 0,
                  "Actual Startup Time": 424.529,
                  "Actual Total Time": 2100.287,
                  "Actual Rows": 3551342,
                  "Actual Loops": 7,
                  "Inner Unique": false,
                  "Hash Cond": "(ci.movie_id = t.id)",
                  "Plans": [
                    {
                      "Node Type": "Seq Scan",
                      "Parent Relationship": "Outer",
                      "Parallel Aware": true,
                      "Relation Name": "cast_info",
                      "Alias": "ci",
                      "Startup Cost": 0.0,
                      "Total Cost": 313067.02,
                      "Plan Rows": 6038002,
                      "Plan Width": 4,
                      "Actual Startup Time": 0.017,
                      "Actual Total Time": 504.684,
                      "Actual Rows": 5177763,
                      "Actual Loops": 7
                    },
                    {
                      "Node Type": "Hash",
                      "Parent Relationship": "Inner",
                      "Parallel Aware": true,
                      "Startup Cost": 90853.09,
                      "Total Cost": 90853.09,
                      "Plan Rows": 200026,
                      "Plan Width": 8,
                      "Actual Startup Time": 421.371,
                      "Actual Total Time": 421.474,
                      "Actual Rows": 90054,
                      "Actual Loops": 7,
                      "Hash Buckets": 1048576,
                      "Original Hash Buckets": 1048576,
                      "Hash Batches": 1,
                      "Original Hash Batches": 1,
                      "Peak Memory Usage": 32992,
                      "Plans": [
                        {
                          "Node Type": "Hash Join",
                          "Parent Relationship": "Outer",
                          "Parallel Aware": true,
                          "Join Type": "Inner",
                          "Startup Cost": 63373.7,
                          "Total Cost": 90853.09,
                          "Plan Rows": 200026,
                          "Plan Width": 8,
                          "Actual Startup Time": 292.517,
                          "Actual Total Time": 378.227,
                          "Actual Rows": 90054,
                          "Actual Loops": 7,
                          "Inner Unique": true,
                          "Hash Cond": "(mk.movie_id = t.id)",
                          "Plans": [
                            {
                              "Node Type": "Bitmap Heap Scan",
                              "Parent Relationship": "Outer",
                              "Parallel Aware": true,
                              "Relation Name": "movie_keyword",
                              "Alias": "mk",
                              "Startup Cost": 13154.05,
                              "Total Cost": 40108.38,
                              "Plan Rows": 200026,
                              "Plan Width": 4,
                              "Actual Startup Time": 35.816,
                              "Actual Total Time": 80.037,
                              "Actual Rows": 90054,
                              "Actual Loops": 7,
                              "Recheck Cond": "(keyword_id < 492)",
                              "Rows Removed by Index Recheck": 0,
                              "Exact Heap Blocks": 3774,
                              "Lossy Heap Blocks": 0,
                              "Plans": [
                                {
                                  "Node Type": "Bitmap Index Scan",
                                  "Parent Relationship": "Outer",
                                  "Parallel Aware": false,
                                  "Index Name": "keyword_id_movie_keyword",
                                  "Startup Cost": 0.0,
                                  "Total Cost": 12999.03,
                                  "Plan Rows": 620080,
                                  "Plan Width": 0,
                                  "Actual Startup Time": 32.102,
                                  "Actual Total Time": 32.102,
                                  "Actual Rows": 630381,
                                  "Actual Loops": 1,
                                  "Index Cond": "(keyword_id < 492)"
                                }
                              ]
                            },
                            {
                              "Node Type": "Hash",
                              "Parent Relationship": "Inner",
                              "Parallel Aware": true,
                              "Startup Cost": 42318.73,
                              "Total Cost": 42318.73,
                              "Plan Rows": 632073,
                              "Plan Width": 4,
                              "Actual Startup Time": 252.008,
                              "Actual Total Time": 252.009,
                              "Actual Rows": 361187,
                              "Actual Loops": 7,
                              "Hash Buckets": 4194304,
                              "Original Hash Buckets": 4194304,
                              "Hash Batches": 1,
                              "Original Hash Batches": 1,
                              "Peak Memory Usage": 131776,
                              "Plans": [
                                {
                                  "Node Type": "Seq Scan",
                                  "Parent Relationship": "Outer",
                                  "Parallel Aware": true,
                                  "Relation Name": "title",
                                  "Alias": "t",
                                  "Startup Cost": 0.0,
                                  "Total Cost": 42318.73,
                                  "Plan Rows": 632073,
                                  "Plan Width": 4,
                                  "Actual Startup Time": 0.04,
                                  "Actual Total Time": 68.436,
                                  "Actual Rows": 361187,
                                  "Actual Loops": 7
                                }
                              ]
                            }
                          ]
                        }
                      ]
                    }
                  ]
                }
              ]
            }
          ]
        }
      ]
    },
    "Planning Time": 1.197,
    "Triggers": [],
    "Execution Time": 2350.676
  }
]