[
  {
    "Plan": {
      "Node Type": "Aggregate",
      "Strategy": "Plain",
      "Partial Mode": "Finalize",
      "Parallel Aware": false,
      "Startup Cost": 47208.8,
      "Total Cost": 47208.81,
      "Plan Rows": 1,
      "Plan Width": 8,
      "Actual Startup Time": 177.913,
      "Actual Total Time": 187.686,
      "Actual Rows": 1,
      "Actual Loops": 1,
      "Plans": [
        {
          "Node Type": "Gather",
          "Parent Relationship": "Outer",
          "Parallel Aware": false,
          "Startup Cost": 47208.48,
          "Total Cost": 47208.79,
          "Plan Rows": 3,
          "Plan Width": 8,
          "Actual Startup Time": 177.795,
          "Actual Total Time": 187.676,
          "Actual Rows": 4,
          "Actual Loops": 1,
          "Workers Planned": 3,
          "Workers Launched": 3,
          "Single Copy": false,
          "Plans": [
            {
              "Node Type": "Aggregate",
              "Strategy": "Plain",
              "Partial Mode": "Partial",
              "Parent Relationship": "Outer",
              "Parallel Aware": false,
              "Startup Cost": 46208.48,
              "Total Cost": 46208.49,
              "Plan Rows": 1,
              "Plan Width": 8,
              "Actual Startup Time": 171.167,
              "Actual Total Time": 171.168,
              "Actual Rows": 1,
              "Actual Loops": 4,
              "Plans": [
                {
                  "Node Type": "Seq Scan",
                  "Parent Relationship": "Outer",
                  "Parallel Aware": true,
                  "Relation Name": "movie_keyword",
                  "Alias": "mk",
                  "Startup Cost": 0.0,
                  "Total Cost": 42695.65,
                  "Plan Rows": 1405130,
                  "Plan Width": 0,
                  "Actual Startup Time": 0.058,
                  "Actual Total Time": 124.264,
                  "Actual Rows": 1091040,
                  "Actual Loops": 4,
                  "Filter": "(keyword_id < 72871)",
                  "Rows Removed by Filter": 39942
                }
              ]
            }
          ]
        }
      ]
    },
    "Planning Time": 0.186,
    "Triggers": [],
    "Execution Time": 187.742
  }
]