[
  {
    "Plan": {
      "Node Type": "Aggregate",
      "Strategy": "Plain",
      "Partial Mode": "Finalize",
      "Parallel Aware": false,
      "Startup Cost": 45419.9,
      "Total Cost": 45419.91,
      "Plan Rows": 1,
      "Plan Width": 8,
      "Actual Startup Time": 100.385,
      "Actual Total Time": 112.038,
      "Actual Rows": 1,
      "Actual Loops": 1,
      "Plans": [
        {
          "Node Type": "Gather",
          "Parent Relationship": "Outer",
          "Parallel Aware": false,
          "Startup Cost": 45419.48,
          "Total Cost": 45419.89,
          "Plan Rows": 4,
          "Plan Width": 8,
          "Actual Startup Time": 100.094,
          "Actual Total Time": 112.024,
          "Actual Rows": 5,
          "Actual Loops": 1,
          "Workers Planned": 4,
          "Workers Launched": 4,
          "Single Copy": false,
          "Plans": [
            {
              "Node Type": "Aggregate",
              "Strategy": "Plain",
              "Partial Mode": "Partial",
              "Parent Relationship": "Outer",
              "Parallel Aware": false,
              "Startup Cost": 44419.48,
              "Total Cost": 44419.49,
              "Plan Rows": 1,
              "Plan Width": 8,
              "Actual Startup Time": 92.468,
              "Actual Total Time": 92.47,
              "Actual Rows": 1,
              "Actual Loops": 5,
              "Plans": [
                {
                  "Node Type": "Seq Scan",
                  "Parent Relationship": "Outer",
                  "Parallel Aware": true,
                  "Relation Name": "title",
                  "Alias": "t",
                  "Startup Cost": 0.0,
                  "Total Cost": 43899.32,
                  "Plan Rows": 208064,
                  "Plan Width": 0,
                  "Actual Startup Time": 0.043,
                  "Actual Total Time": 83.852,
                  "Actual Rows": 169828,
                  "Actual Loops": 5,
                  "Filter": "(production_year < 1996)",
                  "Rows Removed by Filter": 335834
                }
              ]
            }
          ]
        }
      ]
    },
    "Planning Time": 0.071,
    "Triggers": [],
    "Execution Time": 112.077
  }
]