{
  "Plan": {
    "Node Type": "Aggregate",
    "Strategy": "Plain",
    "Partial Mode": "Simple",
    "Parallel Aware": false,
    "Startup Cost": 813072.29,
    "Total Cost": 813072.3,
    "Plan Rows": 1,
    "Plan Width": 64,
    "Actual Startup Time": 2924.77,
    "Actual Total Time": 2924.923,
    "Actual Rows": 1,
    "Actual Loops": 1,
    "Plans": [
      {
        "Node Type": "Merge Join",
        "Parent Relationship": "Outer",
        "Parallel Aware": false,
        "Join Type": "Inner",
        "Startup Cost": 813072.25,
        "Total Cost": 813072.28,
        "Plan Rows": 1,
        "Plan Width": 23,
        "Actual Startup Time": 2924.761,
        "Actual Total Time": 2924.915,
        "Actual Rows": 1,
        "Actual Loops": 1,
        "Inner Unique": true,
        "Merge Cond": "(mk.keyword_id = k.id)",
        "Plans": [
          {
            "Node Type": "Sort",
            "Parent Relationship": "Outer",
            "Parallel Aware": false,
            "Startup Cost": 810446.12,
            "Total Cost": 810446.12,
            "Plan Rows": 2,
            "Plan Width": 27,
            "Actual Startup Time": 2913.112,
            "Actual Total Time": 2913.265,
            "Actual Rows": 2,
            "Actual Loops": 1,
            "Sort Key": [
              "mk.keyword_id"
            ],
            "Sort Method": "quicksort",
            "Sort Space Used": 25,
            "Sort Space Type": "Memory",
            "Plans": [
              {
                "Node Type": "Merge Join",
                "Parent Relationship": "Outer",
                "Parallel Aware": false,
                "Join Type": "Inner",
                "Startup Cost": 621988.2,
                "Total Cost": 810446.11,
                "Plan Rows": 2,
                "Plan Width": 27,
                "Actual Startup Time": 2913.1,
                "Actual Total Time": 2913.254,
                "Actual Rows": 4,
                "Actual Loops": 1,
                "Inner Unique": false,
                "Merge Cond": "(mk.movie_id = t.id)",
                "Plans": [
                  {
                    "Node Type": "Index Scan",
                    "Parent Relationship": "Outer",
                    "Parallel Aware": false,
                    "Scan Direction": "Forward",
                    "Index Name": "movie_id_movie_keyword",
                    "Relation Name": "movie_keyword",
                    "Alias": "mk",
                    "Startup Cost": 0.43,
                    "Total Cost": 177148.48,
                    "Plan Rows": 4523930,
                    "Plan Width": 8,
                    "Actual Startup Time": 0.016,
                    "Actual Total Time": 335.425,
                    "Actual Rows": 2907217,
                    "Actual Loops": 1
                  },
                  {
                    "Node Type": "Materialize",
                    "Parent Relationship": "Inner",
                    "Parallel Aware": false,
                    "Startup Cost": 621987.77,
                    "Total Cost": 621987.78,
                    "Plan Rows": 1,
                    "Plan Width": 35,
                    "Actual Startup Time": 2408.114,
                    "Actual Total Time": 2408.272,
                    "Actual Rows": 2,
                    "Actual Loops": 1,
                    "Plans": [
                      {
                        "Node Type": "Sort",
                        "Parent Relationship": "Outer",
                        "Parallel Aware": false,
                        "Startup Cost": 621987.77,
                        "Total Cost": 621987.77,
                        "Plan Rows": 1,
                        "Plan Width": 35,
                        "Actual Startup Time": 2408.11,
                        "Actual Total Time": 2408.262,
                        "Actual Rows": 2,
                        "Actual Loops": 1,
                        "Sort Key": [
                          "t.id"
                        ],
                        "Sort Method": "quicksort",
                        "Sort Space Used": 25,
                        "Sort Space Type": "Memory",
                        "Plans": [
                          {
                            "Node Type": "Merge Join",
                            "Parent Relationship": "Outer",
                            "Parallel Aware": false,
                            "Join Type": "Inner",
                            "Startup Cost": 621987.73,
                            "Total Cost": 621987.76,
                            "Plan Rows": 1,
                            "Plan Width": 35,
                            "Actual Startup Time": 2408.105,
                            "Actual Total Time": 2408.255,
                            "Actual Rows": 2,
                            "Actual Loops": 1,
                            "Inner Unique": true,
                            "Merge Cond": "(mi.info_type_id = it1.id)",
                            "Plans": [
                              {
                                "Node Type": "Sort",
                                "Parent Relationship": "Outer",
                                "Parallel Aware": false,
                                "Startup Cost": 621985.31,
                                "Total Cost": 621985.32,
                                "Plan Rows": 1,
                                "Plan Width": 39,
                                "Actual Startup Time": 2408.063,
                                "Actual Total Time": 2408.21,
                                "Actual Rows": 2,
                                "Actual Loops": 1,
                                "Sort Key": [
                                  "mi.info_type_id"
                                ],
                                "Sort Method": "quicksort",
                                "Sort Space Used": 25,
                                "Sort Space Type": "Memory",
                                "Plans": [
                                  {
                                    "Node Type": "Merge Join",
                                    "Parent Relationship": "Outer",
                                    "Parallel Aware": false,
                                    "Join Type": "Inner",
                                    "Startup Cost": 618581.46,
                                    "Total Cost": 621985.3,
                                    "Plan Rows": 1,
                                    "Plan Width": 39,
                                    "Actual Startup Time": 2406.648,
                                    "Actual Total Time": 2408.203,
                                    "Actual Rows": 2,
                                    "Actual Loops": 1,
                                    "Inner Unique": false,
                                    "Merge Cond": "(t.id = mi.movie_id)",
                                    "Plans": [
                                      {
                                        "Node Type": "Sort",
                                        "Parent Relationship": "Outer",
                                        "Parallel Aware": false,
                                        "Startup Cost": 124767.89,
                                        "Total Cost": 124767.89,
                                        "Plan Rows": 1,
                                        "Plan Width": 31,
                                        "Actual Startup Time": 401.636,
                                        "Actual Total Time": 401.744,
                                        "Actual Rows": 4,
                                        "Actual Loops": 1,
                                        "Sort Key": [
                                          "t.id"
                                        ],
                                        "Sort Method": "quicksort",
                                        "Sort Space Used": 25,
                                        "Sort Space Type": "Memory",
                                        "Plans": [
                                          {
                                            "Node Type": "Merge Join",
                                            "Parent Relationship": "Outer",
                                            "Parallel Aware": false,
                                            "Join Type": "Inner",
                                            "Startup Cost": 124767.86,
                                            "Total Cost": 124767.88,
                                            "Plan Rows": 1,
                                            "Plan Width": 31,
                                            "Actual Startup Time": 401.63,
                                            "Actual Total Time": 401.736,
                                            "Actual Rows": 4,
                                            "Actual Loops": 1,
                                            "Inner Unique": true,
                                            "Merge Cond": "(mi_idx.info_type_id = it2.id)",
                                            "Plans": [
                                              {
                                                "Node Type": "Sort",
                                                "Parent Relationship": "Outer",
                                                "Parallel Aware": false,
                                                "Startup Cost": 124765.43,
                                                "Total Cost": 124765.43,
                                                "Plan Rows": 2,
                                                "Plan Width": 35,
                                                "Actual Startup Time": 401.591,
                                                "Actual Total Time": 401.696,
                                                "Actual Rows": 9,
                                                "Actual Loops": 1,
                                                "Sort Key": [
                                                  "mi_idx.info_type_id"
                                                ],
                                                "Sort Method": "quicksort",
                                                "Sort Space Used": 25,
                                                "Sort Space Type": "Memory",
                                                "Plans": [
                                                  {
                                                    "Node Type": "Merge Join",
                                                    "Parent Relationship": "Outer",
                                                    "Parallel Aware": false,
                                                    "Join Type": "Inner",
                                                    "Startup Cost": 66762.46,
                                                    "Total Cost": 124765.42,
                                                    "Plan Rows": 2,
                                                    "Plan Width": 35,
                                                    "Actual Startup Time": 292.947,
                                                    "Actual Total Time": 401.678,
                                                    "Actual Rows": 9,
                                                    "Actual Loops": 1,
                                                    "Inner Unique": false,
                                                    "Merge Cond": "(mi_idx.movie_id = t.id)",
                                                    "Plans": [
                                                      {
                                                        "Node Type": "Index Scan",
                                                        "Parent Relationship": "Outer",
                                                        "Parallel Aware": false,
                                                        "Scan Direction": "Forward",
                                                        "Index Name": "movie_id_movie_info_idx",
                                                        "Relation Name": "movie_info_idx",
                                                        "Alias": "mi_idx",
                                                        "Startup Cost": 0.43,
                                                        "Total Cost": 57072.82,
                                                        "Plan Rows": 372187,
                                                        "Plan Width": 14,
                                                        "Actual Startup Time": 0.02,
                                                        "Actual Total Time": 195.237,
                                                        "Actual Rows": 373400,
                                                        "Actual Loops": 1,
                                                        "Filter": "(info > '6.0'::text)",
                                                        "Rows Removed by Filter": 1006611
                                                      },
                                                      {
                                                        "Node Type": "Sort",
                                                        "Parent Relationship": "Inner",
                                                        "Parallel Aware": false,
                                                        "Startup Cost": 66762.03,
                                                        "Total Cost": 66762.07,
                                                        "Plan Rows": 16,
                                                        "Plan Width": 21,
                                                        "Actual Startup Time": 188.865,
                                                        "Actual Total Time": 188.997,
                                                        "Actual Rows": 107,
                                                        "Actual Loops": 1,
                                                        "Sort Key": [
                                                          "t.id"
                                                        ],
                                                        "Sort Method": "quicksort",
                                                        "Sort Space Used": 33,
                                                        "Sort Space Type": "Memory",
                                                        "Plans": [
                                                          {
                                                            "Node Type": "Merge Join",
                                                            "Parent Relationship": "Outer",
                                                            "Parallel Aware": false,
                                                            "Join Type": "Inner",
                                                            "Startup Cost": 66760.99,
                                                            "Total Cost": 66761.71,
                                                            "Plan Rows": 16,
                                                            "Plan Width": 21,
                                                            "Actual Startup Time": 188.822,
                                                            "Actual Total Time": 188.941,
                                                            "Actual Rows": 105,
                                                            "Actual Loops": 1,
                                                            "Inner Unique": true,
                                                            "Merge Cond": "(t.kind_id = kt.id)",
                                                            "Plans": [
                                                              {
                                                                "Node Type": "Sort",
                                                                "Parent Relationship": "Outer",
                                                                "Parallel Aware": false,
                                                                "Startup Cost": 66759.89,
                                                                "Total Cost": 66760.17,
                                                                "Plan Rows": 110,
                                                                "Plan Width": 25,
                                                                "Actual Startup Time": 188.785,
                                                                "Actual Total Time": 188.889,
                                                                "Actual Rows": 106,
                                                                "Actual Loops": 1,
                                                                "Sort Key": [
                                                                  "t.kind_id"
                                                                ],
                                                                "Sort Method": "quicksort",
                                                                "Sort Space Used": 64,
                                                                "Sort Space Type": "Memory",
                                                                "Plans": [
                                                                  {
                                                                    "Node Type": "Gather",
                                                                    "Parent Relationship": "Outer",
                                                                    "Parallel Aware": false,
                                                                    "Startup Cost": 1000.0,
                                                                    "Total Cost": 66756.16,
                                                                    "Plan Rows": 110,
                                                                    "Plan Width": 25,
                                                                    "Actual Startup Time": 1.037,
                                                                    "Actual Total Time": 188.706,
                                                                    "Actual Rows": 455,
                                                                    "Actual Loops": 1,
                                                                    "Workers Planned": 1,
                                                                    "Workers Launched": 1,
                                                                    "Single Copy": false,
                                                                    "Plans": [
                                                                      {
                                                                        "Node Type": "Seq Scan",
                                                                        "Parent Relationship": "Outer",
                                                                        "Parallel Aware": true,
                                                                        "Relation Name": "title",
                                                                        "Alias": "t",
                                                                        "Startup Cost": 0.0,
                                                                        "Total Cost": 65745.16,
                                                                        "Plan Rows": 65,
                                                                        "Plan Width": 25,
                                                                        "Actual Startup Time": 3.142,
                                                                        "Actual Total Time": 182.11,
                                                                        "Actual Rows": 228,
                                                                        "Actual Loops": 2,
                                                                        "Filter": "((production_year > 2010) AND ((title ~~ '%murder%'::text) OR (title ~~ '%Murder%'::text) OR (title ~~ '%Mord%'::text)))",
                                                                        "Rows Removed by Filter": 1263928
                                                                      }
                                                                    ]
                                                                  }
                                                                ]
                                                              },
                                                              {
                                                                "Node Type": "Sort",
                                                                "Parent Relationship": "Inner",
                                                                "Parallel Aware": false,
                                                                "Startup Cost": 1.1,
                                                                "Total Cost": 1.1,
                                                                "Plan Rows": 1,
                                                                "Plan Width": 4,
                                                                "Actual Startup Time": 0.032,
                                                                "Actual Total Time": 0.033,
                                                                "Actual Rows": 1,
                                                                "Actual Loops": 1,
                                                                "Sort Key": [
                                                                  "kt.id"
                                                                ],
                                                                "Sort Method": "quicksort",
                                                                "Sort Space Used": 25,
                                                                "Sort Space Type": "Memory",
                                                                "Plans": [
                                                                  {
                                                                    "Node Type": "Seq Scan",
                                                                    "Parent Relationship": "Outer",
                                                                    "Parallel Aware": false,
                                                                    "Relation Name": "kind_type",
                                                                    "Alias": "kt",
                                                                    "Startup Cost": 0.0,
                                                                    "Total Cost": 1.09,
                                                                    "Plan Rows": 1,
                                                                    "Plan Width": 4,
                                                                    "Actual Startup Time": 0.017,
                                                                    "Actual Total Time": 0.018,
                                                                    "Actual Rows": 1,
                                                                    "Actual Loops": 1,
                                                                    "Filter": "((kind)::text = 'movie'::text)",
                                                                    "Rows Removed by Filter": 6
                                                                  }
                                                                ]
                                                              }
                                                            ]
                                                          }
                                                        ]
                                                      }
                                                    ]
                                                  }
                                                ]
                                              },
                                              {
                                                "Node Type": "Sort",
                                                "Parent Relationship": "Inner",
                                                "Parallel Aware": false,
                                                "Startup Cost": 2.42,
                                                "Total Cost": 2.43,
                                                "Plan Rows": 1,
                                                "Plan Width": 4,
                                                "Actual Startup Time": 0.033,
                                                "Actual Total Time": 0.034,
                                                "Actual Rows": 1,
                                                "Actual Loops": 1,
                                                "Sort Key": [
                                                  "it2.id"
                                                ],
                                                "Sort Method": "quicksort",
                                                "Sort Space Used": 25,
                                                "Sort Space Type": "Memory",
                                                "Plans": [
                                                  {
                                                    "Node Type": "Seq Scan",
                                                    "Parent Relationship": "Outer",
                                                    "Parallel Aware": false,
                                                    "Relation Name": "info_type",
                                                    "Alias": "it2",
                                                    "Startup Cost": 0.0,
                                                    "Total Cost": 2.41,
                                                    "Plan Rows": 1,
                                                    "Plan Width": 4,
                                                    "Actual Startup Time": 0.02,
                                                    "Actual Total Time": 0.021,
                                                    "Actual Rows": 1,
                                                    "Actual Loops": 1,
                                                    "Filter": "((info)::text = 'rating'::text)",
                                                    "Rows Removed by Filter": 112
                                                  }
                                                ]
                                              }
                                            ]
                                          }
                                        ]
                                      },
                                      {
                                        "Node Type": "Sort",
                                        "Parent Relationship": "Inner",
                                        "Parallel Aware": false,
                                        "Startup Cost": 493813.57,
                                        "Total Cost": 495515.48,
                                        "Plan Rows": 680764,
                                        "Plan Width": 8,
                                        "Actual Startup Time": 1962.832,
                                        "Actual Total Time": 1981.113,
                                        "Actual Rows": 493166,
                                        "Actual Loops": 1,
                                        "Sort Key": [
                                          "mi.movie_id"
                                        ],
                                        "Sort Method": "quicksort",
                                        "Sort Space Used": 57702,
                                        "Sort Space Type": "Memory",
                                        "Plans": [
                                          {
                                            "Node Type": "Gather",
                                            "Parent Relationship": "Outer",
                                            "Parallel Aware": false,
                                            "Startup Cost": 1000.0,
                                            "Total Cost": 427858.45,
                                            "Plan Rows": 680764,
                                            "Plan Width": 8,
                                            "Actual Startup Time": 1.625,
                                            "Actual Total Time": 1840.594,
                                            "Actual Rows": 706674,
                                            "Actual Loops": 1,
                                            "Workers Planned": 1,
                                            "Workers Launched": 1,
                                            "Single Copy": false,
                                            "Plans": [
                                              {
                                                "Node Type": "Seq Scan",
                                                "Parent Relationship": "Outer",
                                                "Parallel Aware": true,
                                                "Relation Name": "movie_info",
                                                "Alias": "mi",
                                                "Startup Cost": 0.0,
                                                "Total Cost": 358782.05,
                                                "Plan Rows": 400449,
                                                "Plan Width": 8,
                                                "Actual Startup Time": 0.858,
                                                "Actual Total Time": 1775.313,
                                                "Actual Rows": 353337,
                                                "Actual Loops": 2,
                                                "Filter": "(info = ANY ('{Sweden,Norway,Germany,Denmark,Swedish,Denish,Norwegian,German,USA,American}'::text[]))",
                                                "Rows Removed by Filter": 7064523
                                              }
                                            ]
                                          }
                                        ]
                                      }
                                    ]
                                  }
                                ]
                              },
                              {
                                "Node Type": "Sort",
                                "Parent Relationship": "Inner",
                                "Parallel Aware": false,
                                "Startup Cost": 2.42,
                                "Total Cost": 2.43,
                                "Plan Rows": 1,
                                "Plan Width": 4,
                                "Actual Startup Time": 0.04,
                                "Actual Total Time": 0.041,
                                "Actual Rows": 1,
                                "Actual Loops": 1,
                                "Sort Key": [
                                  "it1.id"
                                ],
                                "Sort Method": "quicksort",
                                "Sort Space Used": 25,
                                "Sort Space Type": "Memory",
                                "Plans": [
                                  {
                                    "Node Type": "Seq Scan",
                                    "Parent Relationship": "Outer",
                                    "Parallel Aware": false,
                                    "Relation Name": "info_type",
                                    "Alias": "it1",
                                    "Startup Cost": 0.0,
                                    "Total Cost": 2.41,
                                    "Plan Rows": 1,
                                    "Plan Width": 4,
                                    "Actual Startup Time": 0.025,
                                    "Actual Total Time": 0.03,
                                    "Actual Rows": 1,
                                    "Actual Loops": 1,
                                    "Filter": "((info)::text = 'countries'::text)",
                                    "Rows Removed by Filter": 112
                                  }
                                ]
                              }
                            ]
                          }
                        ]
                      }
                    ]
                  }
                ]
              }
            ]
          },
          {
            "Node Type": "Sort",
            "Parent Relationship": "Inner",
            "Parallel Aware": false,
            "Startup Cost": 2626.14,
            "Total Cost": 2626.14,
            "Plan Rows": 2,
            "Plan Width": 4,
            "Actual Startup Time": 11.645,
            "Actual Total Time": 11.645,
            "Actual Rows": 1,
            "Actual Loops": 1,
            "Sort Key": [
              "k.id"
            ],
            "Sort Method": "quicksort",
            "Sort Space Used": 25,
            "Sort Space Type": "Memory",
            "Plans": [
              {
                "Node Type": "Seq Scan",
                "Parent Relationship": "Outer",
                "Parallel Aware": false,
                "Relation Name": "keyword",
                "Alias": "k",
                "Startup Cost": 0.0,
                "Total Cost": 2626.12,
                "Plan Rows": 2,
                "Plan Width": 4,
                "Actual Startup Time": 0.694,
                "Actual Total Time": 11.635,
                "Actual Rows": 1,
                "Actual Loops": 1,
                "Filter": "(keyword = ANY ('{murder,murder-in-title}'::text[]))",
                "Rows Removed by Filter": 134169
              }
            ]
          }
        ]
      }
    ]
  },
  "Planning Time": 2.771,
  "Triggers": [],
  "Execution Time": 2925.095
}