{
  "Plan": {
    "Node Type": "Aggregate",
    "Strategy": "Plain",
    "Partial Mode": "Finalize",
    "Parallel Aware": false,
    "Startup Cost": 70361.25,
    "Total Cost": 70361.26,
    "Plan Rows": 1,
    "Plan Width": 8,
    "Actual Startup Time": 165.712,
    "Actual Total Time": 181.103,
    "Actual Rows": 1,
    "Actual Loops": 1,
    "Plans": [
      {
        "Node Type": "Gather",
        "Parent Relationship": "Outer",
        "Parallel Aware": false,
        "Startup Cost": 70361.13,
        "Total Cost": 70361.24,
        "Plan Rows": 1,
        "Plan Width": 8,
        "Actual Startup Time": 165.614,
        "Actual Total Time": 181.097,
        "Actual Rows": 2,
        "Actual Loops": 1,
        "Workers Planned": 1,
        "Workers Launched": 1,
        "Single Copy": false,
        "Plans": [
          {
            "Node Type": "Aggregate",
            "Strategy": "Plain",
            "Partial Mode": "Partial",
            "Parent Relationship": "Outer",
            "Parallel Aware": false,
            "Startup Cost": 69361.13,
            "Total Cost": 69361.14,
            "Plan Rows": 1,
            "Plan Width": 8,
            "Actual Startup Time": 162.598,
            "Actual Total Time": 162.599,
            "Actual Rows": 1,
            "Actual Loops": 2,
            "Plans": [
              {
                "Node Type": "Nested Loop",
                "Parent Relationship": "Outer",
                "Parallel Aware": false,
                "Join Type": "Inner",
                "Startup Cost": 0.43,
                "Total Cost": 69356.17,
                "Plan Rows": 1984,
                "Plan Width": 0,
                "Actual Startup Time": 1.828,
                "Actual Total Time": 162.118,
                "Actual Rows": 9648,
                "Actual Loops": 2,
                "Inner Unique": false,
                "Plans": [
                  {
                    "Node Type": "Seq Scan",
                    "Parent Relationship": "Outer",
                    "Parallel Aware": true,
                    "Relation Name": "title",
                    "Alias": "t",
                    "Startup Cost": 0.0,
                    "Total Cost": 58306.47,
                    "Plan Rows": 1166,
                    "Plan Width": 4,
                    "Actual Startup Time": 1.731,
                    "Actual Total Time": 140.863,
                    "Actual Rows": 1586,
                    "Actual Loops": 2,
                    "Filter": "((kind_id < 7) AND (production_year = 1953))",
                    "Rows Removed by Filter": 1262570
                  },
                  {
                    "Node Type": "Index Scan",
                    "Parent Relationship": "Inner",
                    "Parallel Aware": false,
                    "Scan Direction": "Forward",
                    "Index Name": "movie_id_movie_keyword",
                    "Relation Name": "movie_keyword",
                    "Alias": "mk",
                    "Startup Cost": 0.43,
                    "Total Cost": 9.05,
                    "Plan Rows": 43,
                    "Plan Width": 4,
                    "Actual Startup Time": 0.012,
                    "Actual Total Time": 0.013,
                    "Actual Rows": 6,
                    "Actual Loops": 3172,
                    "Index Cond": "(movie_id = t.id)",
                    "Rows Removed by Index Recheck": 0,
                    "Filter": "(keyword_id < 65633)",
                    "Rows Removed by Filter": 0
                  }
                ]
              }
            ]
          }
        ]
      }
    ]
  },
  "Planning Time": 0.408,
  "Triggers": [],
  "Execution Time": 181.169
}