[
  {
    "Plan": {
      "Node Type": "Aggregate",
      "Strategy": "Plain",
      "Partial Mode": "Finalize",
      "Parallel Aware": false,
      "Startup Cost": 29227.11,
      "Total Cost": 29227.12,
      "Plan Rows": 1,
      "Plan Width": 8,
      "Actual Startup Time": 36.183,
      "Actual Total Time": 41.841,
      "Actual Rows": 1,
      "Actual Loops": 1,
      "Plans": [
        {
          "Node Type": "Gather",
          "Parent Relationship": "Outer",
          "Parallel Aware": false,
          "Startup Cost": 29226.9,
          "Total Cost": 29227.11,
          "Plan Rows": 2,
          "Plan Width": 8,
          "Actual Startup Time": 36.02,
          "Actual Total Time": 41.834,
          "Actual Rows": 3,
          "Actual Loops": 1,
          "Workers Planned": 2,
          "Workers Launched": 2,
          "Single Copy": false,
          "Plans": [
            {
              "Node Type": "Aggregate",
              "Strategy": "Plain",
              "Partial Mode": "Partial",
              "Parent Relationship": "Outer",
              "Parallel Aware": false,
              "Startup Cost": 28226.9,
              "Total Cost": 28226.91,
              "Plan Rows": 1,
              "Plan Width": 8,
              "Actual Startup Time": 29.445,
              "Actual Total Time": 29.446,
              "Actual Rows": 1,
              "Actual Loops": 3,
              "Plans": [
                {
                  "Node Type": "Nested Loop",
                  "Parent Relationship": "Outer",
                  "Parallel Aware": false,
                  "Join Type": "Inner",
                  "Startup Cost": 112.6,
                  "Total Cost": 28221.56,
                  "Plan Rows": 2136,
                  "Plan Width": 0,
                  "Actual Startup Time": 1.911,
                  "Actual Total Time": 29.154,
                  "Actual Rows": 1559,
                  "Actual Loops": 3,
                  "Inner Unique": true,
                  "Plans": [
                    {
                      "Node Type": "Bitmap Heap Scan",
                      "Parent Relationship": "Outer",
                      "Parallel Aware": true,
                      "Relation Name": "movie_keyword",
                      "Alias": "mk",
                      "Startup Cost": 112.17,
                      "Total Cost": 12637.41,
                      "Plan Rows": 2136,
                      "Plan Width": 4,
                      "Actual Startup Time": 1.757,
                      "Actual Total Time": 9.514,
                      "Actual Rows": 1559,
                      "Actual Loops": 3,
                      "Recheck Cond": "(keyword_id = 2849)",
                      "Rows Removed by Index Recheck": 0,
                      "Exact Heap Blocks": 2523,
                      "Lossy Heap Blocks": 0,
                      "Plans": [
                        {
                          "Node Type": "Bitmap Index Scan",
                          "Parent Relationship": "Outer",
                          "Parallel Aware": false,
                          "Index Name": "keyword_id_movie_keyword",
                          "Startup Cost": 0.0,
                          "Total Cost": 110.89,
                          "Plan Rows": 5127,
                          "Plan Width": 0,
                          "Actual Startup Time": 3.315,
                          "Actual Total Time": 3.315,
                          "Actual Rows": 4676,
                          "Actual Loops": 1,
                          "Index Cond": "(keyword_id = 2849)"
                        }
                      ]
                    },
                    {
                      "Node Type": "Index Only Scan",
                      "Parent Relationship": "Inner",
                      "Parallel Aware": false,
                      "Scan Direction": "Forward",
                      "Index Name": "title_pkey",
                      "Relation Name": "title",
                      "Alias": "t",
                      "Startup Cost": 0.43,
                      "Total Cost": 7.3,
                      "Plan Rows": 1,
                      "Plan Width": 4,
                      "Actual Startup Time": 0.012,
                      "Actual Total Time": 0.012,
                      "Actual Rows": 1,
                      "Actual Loops": 4676,
                      "Index Cond": "(id = mk.movie_id)",
                      "Rows Removed by Index Recheck": 0,
                      "Heap Fetches": 4676
                    }
                  ]
                }
              ]
            }
          ]
        }
      ]
    },
    "Planning Time": 0.532,
    "Triggers": [],
    "Execution Time": 41.916
  }
]