{
  "Plan": {
    "Node Type": "Aggregate",
    "Strategy": "Plain",
    "Partial Mode": "Finalize",
    "Parallel Aware": false,
    "Startup Cost": 1009569.1,
    "Total Cost": 1009569.11,
    "Plan Rows": 1,
    "Plan Width": 8,
    "Actual Startup Time": 6749.0,
    "Actual Total Time": 6833.656,
    "Actual Rows": 1,
    "Actual Loops": 1,
    "Plans": [
      {
        "Node Type": "Gather",
        "Parent Relationship": "Outer",
        "Parallel Aware": false,
        "Startup Cost": 1009568.99,
        "Total Cost": 1009569.1,
        "Plan Rows": 1,
        "Plan Width": 8,
        "Actual Startup Time": 6744.6,
        "Actual Total Time": 6833.645,
        "Actual Rows": 2,
        "Actual Loops": 1,
        "Workers Planned": 1,
        "Workers Launched": 1,
        "Single Copy": false,
        "Plans": [
          {
            "Node Type": "Aggregate",
            "Strategy": "Plain",
            "Partial Mode": "Partial",
            "Parent Relationship": "Outer",
            "Parallel Aware": false,
            "Startup Cost": 1008568.99,
            "Total Cost": 1008569.0,
            "Plan Rows": 1,
            "Plan Width": 8,
            "Actual Startup Time": 6732.825,
            "Actual Total Time": 6733.11,
            "Actual Rows": 1,
            "Actual Loops": 2,
            "Plans": [
              {
                "Node Type": "Hash Join",
                "Parent Relationship": "Outer",
                "Parallel Aware": true,
                "Join Type": "Inner",
                "Startup Cost": 365073.24,
                "Total Cost": 988885.37,
                "Plan Rows": 7873445,
                "Plan Width": 0,
                "Actual Startup Time": 2597.687,
                "Actual Total Time": 6317.162,
                "Actual Rows": 10467794,
                "Actual Loops": 2,
                "Inner Unique": false,
                "Hash Cond": "(ci.movie_id = t.id)",
                "Plans": [
                  {
                    "Node Type": "Seq Scan",
                    "Parent Relationship": "Outer",
                    "Parallel Aware": true,
                    "Relation Name": "cast_info",
                    "Alias": "ci",
                    "Startup Cost": 0.0,
                    "Total Cost": 519069.44,
                    "Plan Rows": 9348530,
                    "Plan Width": 4,
                    "Actual Startup Time": 456.549,
                    "Actual Total Time": 1354.013,
                    "Actual Rows": 7938994,
                    "Actual Loops": 2,
                    "Filter": "(person_id > 2047537)",
                    "Rows Removed by Filter": 10183178
                  },
                  {
                    "Node Type": "Hash",
                    "Parent Relationship": "Inner",
                    "Parallel Aware": true,
                    "Startup Cost": 349416.19,
                    "Total Cost": 349416.19,
                    "Plan Rows": 1252564,
                    "Plan Width": 8,
                    "Actual Startup Time": 2119.19,
                    "Actual Total Time": 2119.474,
                    "Actual Rows": 796679,
                    "Actual Loops": 2,
                    "Hash Buckets": 4194304,
                    "Original Hash Buckets": 4194304,
                    "Hash Batches": 1,
                    "Original Hash Batches": 1,
                    "Peak Memory Usage": 95136,
                    "Plans": [
                      {
                        "Node Type": "Hash Join",
                        "Parent Relationship": "Outer",
                        "Parallel Aware": true,
                        "Join Type": "Inner",
                        "Startup Cost": 57464.09,
                        "Total Cost": 349416.19,
                        "Plan Rows": 1252564,
                        "Plan Width": 8,
                        "Actual Startup Time": 182.657,
                        "Actual Total Time": 1881.878,
                        "Actual Rows": 796679,
                        "Actual Loops": 2,
                        "Inner Unique": true,
                        "Hash Cond": "(mi.movie_id = t.id)",
                        "Plans": [
                          {
                            "Node Type": "Seq Scan",
                            "Parent Relationship": "Outer",
                            "Parallel Aware": true,
                            "Relation Name": "movie_info",
                            "Alias": "mi",
                            "Startup Cost": 0.0,
                            "Total Cost": 270696.42,
                            "Plan Rows": 8097390,
                            "Plan Width": 4,
                            "Actual Startup Time": 0.01,
                            "Actual Total Time": 754.605,
                            "Actual Rows": 6933678,
                            "Actual Loops": 2,
                            "Filter": "(info_type_id < 94)",
                            "Rows Removed by Filter": 484182
                          },
                          {
                            "Node Type": "Hash",
                            "Parent Relationship": "Inner",
                            "Parallel Aware": true,
                            "Startup Cost": 54588.39,
                            "Total Cost": 54588.39,
                            "Plan Rows": 230056,
                            "Plan Width": 4,
                            "Actual Startup Time": 179.849,
                            "Actual Total Time": 179.85,
                            "Actual Rows": 195833,
                            "Actual Loops": 2,
                            "Hash Buckets": 524288,
                            "Original Hash Buckets": 524288,
                            "Hash Batches": 1,
                            "Original Hash Batches": 1,
                            "Peak Memory Usage": 19456,
                            "Plans": [
                              {
                                "Node Type": "Seq Scan",
                                "Parent Relationship": "Outer",
                                "Parallel Aware": true,
                                "Relation Name": "title",
                                "Alias": "t",
                                "Startup Cost": 0.0,
                                "Total Cost": 54588.39,
                                "Plan Rows": 230056,
                                "Plan Width": 4,
                                "Actual Startup Time": 0.026,
                                "Actual Total Time": 132.719,
                                "Actual Rows": 195833,
                                "Actual Loops": 2,
                                "Filter": "(production_year > 2010)",
                                "Rows Removed by Filter": 1068323
                              }
                            ]
                          }
                        ]
                      }
                    ]
                  }
                ]
              }
            ]
          }
        ]
      }
    ]
  },
  "Planning Time": 0.954,
  "Triggers": [],
  "Execution Time": 6833.754
}