{
  "Plan": {
    "Node Type": "Aggregate",
    "Strategy": "Plain",
    "Partial Mode": "Finalize",
    "Parallel Aware": false,
    "Startup Cost": 75587.05,
    "Total Cost": 75587.06,
    "Plan Rows": 1,
    "Plan Width": 8,
    "Actual Startup Time": 247.632,
    "Actual Total Time": 260.545,
    "Actual Rows": 1,
    "Actual Loops": 1,
    "Plans": [
      {
        "Node Type": "Gather",
        "Parent Relationship": "Outer",
        "Parallel Aware": false,
        "Startup Cost": 75586.93,
        "Total Cost": 75587.04,
        "Plan Rows": 1,
        "Plan Width": 8,
        "Actual Startup Time": 247.086,
        "Actual Total Time": 260.539,
        "Actual Rows": 2,
        "Actual Loops": 1,
        "Workers Planned": 1,
        "Workers Launched": 1,
        "Single Copy": false,
        "Plans": [
          {
            "Node Type": "Aggregate",
            "Strategy": "Plain",
            "Partial Mode": "Partial",
            "Parent Relationship": "Outer",
            "Parallel Aware": false,
            "Startup Cost": 74586.93,
            "Total Cost": 74586.94,
            "Plan Rows": 1,
            "Plan Width": 8,
            "Actual Startup Time": 241.566,
            "Actual Total Time": 241.569,
            "Actual Rows": 1,
            "Actual Loops": 2,
            "Plans": [
              {
                "Node Type": "Hash Join",
                "Parent Relationship": "Outer",
                "Parallel Aware": true,
                "Join Type": "Inner",
                "Startup Cost": 55760.46,
                "Total Cost": 74544.78,
                "Plan Rows": 16861,
                "Plan Width": 0,
                "Actual Startup Time": 159.347,
                "Actual Total Time": 240.959,
                "Actual Rows": 13810,
                "Actual Loops": 2,
                "Inner Unique": true,
                "Hash Cond": "(mi_idx.movie_id = t.id)",
                "Plans": [
                  {
                    "Node Type": "Seq Scan",
                    "Parent Relationship": "Outer",
                    "Parallel Aware": true,
                    "Relation Name": "movie_info_idx",
                    "Alias": "mi_idx",
                    "Startup Cost": 0.0,
                    "Total Cost": 18082.32,
                    "Plan Rows": 267429,
                    "Plan Width": 4,
                    "Actual Startup Time": 0.019,
                    "Actual Total Time": 50.344,
                    "Actual Rows": 229962,
                    "Actual Loops": 2,
                    "Filter": "(info_type_id = 99)",
                    "Rows Removed by Filter": 460055
                  },
                  {
                    "Node Type": "Hash",
                    "Parent Relationship": "Inner",
                    "Parallel Aware": true,
                    "Startup Cost": 54588.39,
                    "Total Cost": 54588.39,
                    "Plan Rows": 93766,
                    "Plan Width": 4,
                    "Actual Startup Time": 154.95,
                    "Actual Total Time": 154.951,
                    "Actual Rows": 82092,
                    "Actual Loops": 2,
                    "Hash Buckets": 262144,
                    "Original Hash Buckets": 262144,
                    "Hash Batches": 1,
                    "Original Hash Batches": 1,
                    "Peak Memory Usage": 8480,
                    "Plans": [
                      {
                        "Node Type": "Seq Scan",
                        "Parent Relationship": "Outer",
                        "Parallel Aware": true,
                        "Relation Name": "title",
                        "Alias": "t",
                        "Startup Cost": 0.0,
                        "Total Cost": 54588.39,
                        "Plan Rows": 93766,
                        "Plan Width": 4,
                        "Actual Startup Time": 0.8,
                        "Actual Total Time": 136.495,
                        "Actual Rows": 82092,
                        "Actual Loops": 2,
                        "Filter": "(production_year < 1950)",
                        "Rows Removed by Filter": 1182064
                      }
                    ]
                  }
                ]
              }
            ]
          }
        ]
      }
    ]
  },
  "Planning Time": 0.435,
  "Triggers": [],
  "Execution Time": 260.613
}