[
  {
    "Plan": {
      "Node Type": "Aggregate",
      "Strategy": "Plain",
      "Partial Mode": "Finalize",
      "Parallel Aware": false,
      "Startup Cost": 131578.81,
      "Total Cost": 131578.82,
      "Plan Rows": 1,
      "Plan Width": 8,
      "Actual Startup Time": 670.016,
      "Actual Total Time": 693.149,
      "Actual Rows": 1,
      "Actual Loops": 1,
      "Plans": [
        {
          "Node Type": "Gather",
          "Parent Relationship": "Outer",
          "Parallel Aware": false,
          "Startup Cost": 131578.5,
          "Total Cost": 131578.81,
          "Plan Rows": 3,
          "Plan Width": 8,
          "Actual Startup Time": 661.328,
          "Actual Total Time": 693.139,
          "Actual Rows": 4,
          "Actual Loops": 1,
          "Workers Planned": 3,
          "Workers Launched": 3,
          "Single Copy": false,
          "Plans": [
            {
              "Node Type": "Aggregate",
              "Strategy": "Plain",
              "Partial Mode": "Partial",
              "Parent Relationship": "Outer",
              "Parallel Aware": false,
              "Startup Cost": 130578.5,
              "Total Cost": 130578.51,
              "Plan Rows": 1,
              "Plan Width": 8,
              "Actual Startup Time": 656.139,
              "Actual Total Time": 656.52,
              "Actual Rows": 1,
              "Actual Loops": 4,
              "Plans": [
                {
                  "Node Type": "Hash Join",
                  "Parent Relationship": "Outer",
                  "Parallel Aware": true,
                  "Join Type": "Inner",
                  "Startup Cost": 98248.71,
                  "Total Cost": 129719.65,
                  "Plan Rows": 343537,
                  "Plan Width": 0,
                  "Actual Startup Time": 484.409,
                  "Actual Total Time": 649.073,
                  "Actual Rows": 150791,
                  "Actual Loops": 4,
                  "Inner Unique": false,
                  "Hash Cond": "(mc.movie_id = t.id)",
                  "Plans": [
                    {
                      "Node Type": "Seq Scan",
                      "Parent Relationship": "Outer",
                      "Parallel Aware": true,
                      "Relation Name": "movie_companies",
                      "Alias": "mc",
                      "Startup Cost": 0.0,
                      "Total Cost": 27206.55,
                      "Plan Rows": 841655,
                      "Plan Width": 4,
                      "Actual Startup Time": 0.015,
                      "Actual Total Time": 65.845,
                      "Actual Rows": 652282,
                      "Actual Loops": 4
                    },
                    {
                      "Node Type": "Hash",
                      "Parent Relationship": "Inner",
                      "Parallel Aware": true,
                      "Startup Cost": 94087.32,
                      "Total Cost": 94087.32,
                      "Plan Rows": 332911,
                      "Plan Width": 8,
                      "Actual Startup Time": 480.827,
                      "Actual Total Time": 481.206,
                      "Actual Rows": 61454,
                      "Actual Loops": 4,
                      "Hash Buckets": 1048576,
                      "Original Hash Buckets": 1048576,
                      "Hash Batches": 1,
                      "Original Hash Batches": 1,
                      "Peak Memory Usage": 17888,
                      "Plans": [
                        {
                          "Node Type": "Hash Join",
                          "Parent Relationship": "Outer",
                          "Parallel Aware": true,
                          "Join Type": "Inner",
                          "Startup Cost": 49789.62,
                          "Total Cost": 94087.32,
                          "Plan Rows": 332911,
                          "Plan Width": 8,
                          "Actual Startup Time": 262.856,
                          "Actual Total Time": 455.149,
                          "Actual Rows": 61454,
                          "Actual Loops": 4,
                          "Inner Unique": true,
                          "Hash Cond": "(mk.movie_id = t.id)",
                          "Plans": [
                            {
                              "Node Type": "Seq Scan",
                              "Parent Relationship": "Outer",
                              "Parallel Aware": true,
                              "Relation Name": "movie_keyword",
                              "Alias": "mk",
                              "Startup Cost": 0.0,
                              "Total Cost": 42695.65,
                              "Plan Rows": 610304,
                              "Plan Width": 4,
                              "Actual Startup Time": 0.035,
                              "Actual Total Time": 113.693,
                              "Actual Rows": 473708,
                              "Actual Loops": 4,
                              "Filter": "(keyword_id < 3244)",
                              "Rows Removed by Filter": 657275
                            },
                            {
                              "Node Type": "Hash",
                              "Parent Relationship": "Inner",
                              "Parallel Aware": true,
                              "Startup Cost": 45479.59,
                              "Total Cost": 45479.59,
                              "Plan Rows": 344803,
                              "Plan Width": 4,
                              "Actual Startup Time": 258.772,
                              "Actual Total Time": 258.773,
                              "Actual Rows": 363958,
                              "Actual Loops": 4,
                              "Hash Buckets": 2097152,
                              "Original Hash Buckets": 2097152,
                              "Hash Batches": 1,
                              "Original Hash Batches": 1,
                              "Peak Memory Usage": 73408,
                              "Plans": [
                                {
                                  "Node Type": "Seq Scan",
                                  "Parent Relationship": "Outer",
                                  "Parallel Aware": true,
                                  "Relation Name": "title",
                                  "Alias": "t",
                                  "Startup Cost": 0.0,
                                  "Total Cost": 45479.59,
                                  "Plan Rows": 344803,
                                  "Plan Width": 4,
                                  "Actual Startup Time": 0.037,
                                  "Actual Total Time": 118.383,
                                  "Actual Rows": 363958,
                                  "Actual Loops": 4,
                                  "Filter": "((production_year > 1955) AND (kind_id = 7))",
                                  "Rows Removed by Filter": 268120
                                }
                              ]
                            }
                          ]
                        }
                      ]
                    }
                  ]
                }
              ]
            }
          ]
        }
      ]
    },
    "Planning Time": 0.864,
    "Triggers": [],
    "Execution Time": 693.208
  }
]