[
    {
        "Bao": {
            "Bao prediction": "NaN",
            "Bao recommended hint": "(no hint)"
        }
    },
    {
        "Plan": {
            "Node Type": "Aggregate",
            "Strategy": "Plain",
            "Partial Mode": "Finalize",
            "Parallel Aware": false,
            "Startup Cost": 35532.71,
            "Total Cost": 35532.72,
            "Plan Rows": 1,
            "Plan Width": 8,
            "Actual Startup Time": 141.962,
            "Actual Total Time": 148.426,
            "Actual Rows": 1,
            "Actual Loops": 1,
            "Output": [
                "count(*)"
            ],
            "Plans": [
                {
                    "Node Type": "Gather",
                    "Parent Relationship": "Outer",
                    "Parallel Aware": false,
                    "Startup Cost": 35532.39,
                    "Total Cost": 35532.7,
                    "Plan Rows": 3,
                    "Plan Width": 8,
                    "Actual Startup Time": 141.672,
                    "Actual Total Time": 148.417,
                    "Actual Rows": 4,
                    "Actual Loops": 1,
                    "Output": [
                        "(PARTIAL count(*))"
                    ],
                    "Workers Planned": 3,
                    "Workers Launched": 3,
                    "Single Copy": false,
                    "Plans": [
                        {
                            "Node Type": "Aggregate",
                            "Strategy": "Plain",
                            "Partial Mode": "Partial",
                            "Parent Relationship": "Outer",
                            "Parallel Aware": false,
                            "Startup Cost": 34532.39,
                            "Total Cost": 34532.4,
                            "Plan Rows": 1,
                            "Plan Width": 8,
                            "Actual Startup Time": 133.209,
                            "Actual Total Time": 133.211,
                            "Actual Rows": 1,
                            "Actual Loops": 4,
                            "Output": [
                                "PARTIAL count(*)"
                            ],
                            "Workers": [
                                {
                                    "Worker Number": 0,
                                    "Actual Startup Time": 130.507,
                                    "Actual Total Time": 130.51,
                                    "Actual Rows": 1,
                                    "Actual Loops": 1
                                },
                                {
                                    "Worker Number": 1,
                                    "Actual Startup Time": 130.345,
                                    "Actual Total Time": 130.347,
                                    "Actual Rows": 1,
                                    "Actual Loops": 1
                                },
                                {
                                    "Worker Number": 2,
                                    "Actual Startup Time": 130.653,
                                    "Actual Total Time": 130.655,
                                    "Actual Rows": 1,
                                    "Actual Loops": 1
                                }
                            ],
                            "Plans": [
                                {
                                    "Node Type": "Bitmap Heap Scan",
                                    "Parent Relationship": "Outer",
                                    "Parallel Aware": true,
                                    "Relation Name": "movie_keyword",
                                    "Schema": "public",
                                    "Alias": "mk",
                                    "Startup Cost": 8206.53,
                                    "Total Cost": 34220.41,
                                    "Plan Rows": 124791,
                                    "Plan Width": 0,
                                    "Actual Startup Time": 43.155,
                                    "Actual Total Time": 125.484,
                                    "Actual Rows": 95892,
                                    "Actual Loops": 4,
                                    "Recheck Cond": "(mk.keyword_id > 44724)",
                                    "Rows Removed by Index Recheck": 0,
                                    "Exact Heap Blocks": 8933,
                                    "Lossy Heap Blocks": 0,
                                    "Workers": [
                                        {
                                            "Worker Number": 0,
                                            "Actual Startup Time": 40.647,
                                            "Actual Total Time": 123.591,
                                            "Actual Rows": 77861,
                                            "Actual Loops": 1
                                        },
                                        {
                                            "Worker Number": 1,
                                            "Actual Startup Time": 40.362,
                                            "Actual Total Time": 123.416,
                                            "Actual Rows": 70014,
                                            "Actual Loops": 1
                                        },
                                        {
                                            "Worker Number": 2,
                                            "Actual Startup Time": 40.66,
                                            "Actual Total Time": 123.403,
                                            "Actual Rows": 83274,
                                            "Actual Loops": 1
                                        }
                                    ],
                                    "Plans": [
                                        {
                                            "Node Type": "Bitmap Index Scan",
                                            "Parent Relationship": "Outer",
                                            "Parallel Aware": false,
                                            "Index Name": "keyword_id_movie_keyword",
                                            "Startup Cost": 0.0,
                                            "Total Cost": 8109.81,
                                            "Plan Rows": 386851,
                                            "Plan Width": 0,
                                            "Actual Startup Time": 45.755,
                                            "Actual Total Time": 45.755,
                                            "Actual Rows": 383566,
                                            "Actual Loops": 1,
                                            "Index Cond": "(mk.keyword_id > 44724)"
                                        }
                                    ]
                                }
                            ]
                        }
                    ]
                }
            ]
        },
        "Planning Time": 337.814,
        "Triggers": [],
        "Execution Time": 148.494
    }
]