[
    {
        "Bao": {
            "Bao prediction": "NaN",
            "Bao recommended hint": "(no hint)"
        }
    },
    {
        "Plan": {
            "Node Type": "Aggregate",
            "Strategy": "Plain",
            "Partial Mode": "Finalize",
            "Parallel Aware": false,
            "Startup Cost": 611661.0,
            "Total Cost": 611661.01,
            "Plan Rows": 1,
            "Plan Width": 8,
            "Actual Startup Time": 3156.932,
            "Actual Total Time": 3208.225,
            "Actual Rows": 1,
            "Actual Loops": 1,
            "Output": [
                "count(*)"
            ],
            "Plans": [
                {
                    "Node Type": "Gather",
                    "Parent Relationship": "Outer",
                    "Parallel Aware": false,
                    "Startup Cost": 611660.38,
                    "Total Cost": 611660.99,
                    "Plan Rows": 6,
                    "Plan Width": 8,
                    "Actual Startup Time": 3113.788,
                    "Actual Total Time": 3208.213,
                    "Actual Rows": 7,
                    "Actual Loops": 1,
                    "Output": [
                        "(PARTIAL count(*))"
                    ],
                    "Workers Planned": 6,
                    "Workers Launched": 6,
                    "Single Copy": false,
                    "Plans": [
                        {
                            "Node Type": "Aggregate",
                            "Strategy": "Plain",
                            "Partial Mode": "Partial",
                            "Parent Relationship": "Outer",
                            "Parallel Aware": false,
                            "Startup Cost": 610660.38,
                            "Total Cost": 610660.39,
                            "Plan Rows": 1,
                            "Plan Width": 8,
                            "Actual Startup Time": 3097.399,
                            "Actual Total Time": 3098.338,
                            "Actual Rows": 1,
                            "Actual Loops": 7,
                            "Output": [
                                "PARTIAL count(*)"
                            ],
                            "Workers": [
                                {
                                    "Worker Number": 0,
                                    "Actual Startup Time": 3096.704,
                                    "Actual Total Time": 3096.709,
                                    "Actual Rows": 1,
                                    "Actual Loops": 1
                                },
                                {
                                    "Worker Number": 1,
                                    "Actual Startup Time": 3094.287,
                                    "Actual Total Time": 3094.292,
                                    "Actual Rows": 1,
                                    "Actual Loops": 1
                                },
                                {
                                    "Worker Number": 2,
                                    "Actual Startup Time": 3094.24,
                                    "Actual Total Time": 3094.246,
                                    "Actual Rows": 1,
                                    "Actual Loops": 1
                                },
                                {
                                    "Worker Number": 3,
                                    "Actual Startup Time": 3094.136,
                                    "Actual Total Time": 3094.141,
                                    "Actual Rows": 1,
                                    "Actual Loops": 1
                                },
                                {
                                    "Worker Number": 4,
                                    "Actual Startup Time": 3094.577,
                                    "Actual Total Time": 3094.581,
                                    "Actual Rows": 1,
                                    "Actual Loops": 1
                                },
                                {
                                    "Worker Number": 5,
                                    "Actual Startup Time": 3094.591,
                                    "Actual Total Time": 3094.595,
                                    "Actual Rows": 1,
                                    "Actual Loops": 1
                                }
                            ],
                            "Plans": [
                                {
                                    "Node Type": "Hash Join",
                                    "Parent Relationship": "Outer",
                                    "Parallel Aware": true,
                                    "Join Type": "Inner",
                                    "Startup Cost": 258180.62,
                                    "Total Cost": 602739.21,
                                    "Plan Rows": 3168466,
                                    "Plan Width": 0,
                                    "Actual Startup Time": 1206.955,
                                    "Actual Total Time": 2831.48,
                                    "Actual Rows": 5892487,
                                    "Actual Loops": 7,
                                    "Inner Unique": false,
                                    "Hash Cond": "(ci.movie_id = t.id)",
                                    "Workers": [
                                        {
                                            "Worker Number": 0,
                                            "Actual Startup Time": 1204.106,
                                            "Actual Total Time": 2804.747,
                                            "Actual Rows": 4579912,
                                            "Actual Loops": 1
                                        },
                                        {
                                            "Worker Number": 1,
                                            "Actual Startup Time": 1204.257,
                                            "Actual Total Time": 2820.413,
                                            "Actual Rows": 5649034,
                                            "Actual Loops": 1
                                        },
                                        {
                                            "Worker Number": 2,
                                            "Actual Startup Time": 1204.164,
                                            "Actual Total Time": 2852.954,
                                            "Actual Rows": 6022543,
                                            "Actual Loops": 1
                                        },
                                        {
                                            "Worker Number": 3,
                                            "Actual Startup Time": 1204.081,
                                            "Actual Total Time": 2852.157,
                                            "Actual Rows": 6004691,
                                            "Actual Loops": 1
                                        },
                                        {
                                            "Worker Number": 4,
                                            "Actual Startup Time": 1204.466,
                                            "Actual Total Time": 2837.016,
                                            "Actual Rows": 6550259,
                                            "Actual Loops": 1
                                        },
                                        {
                                            "Worker Number": 5,
                                            "Actual Startup Time": 1204.476,
                                            "Actual Total Time": 2817.291,
                                            "Actual Rows": 5617071,
                                            "Actual Loops": 1
                                        }
                                    ],
                                    "Plans": [
                                        {
                                            "Node Type": "Seq Scan",
                                            "Parent Relationship": "Outer",
                                            "Parallel Aware": true,
                                            "Relation Name": "cast_info",
                                            "Schema": "public",
                                            "Alias": "ci",
                                            "Startup Cost": 0.0,
                                            "Total Cost": 328213.62,
                                            "Plan Rows": 2668808,
                                            "Plan Width": 4,
                                            "Actual Startup Time": 312.168,
                                            "Actual Total Time": 641.997,
                                            "Actual Rows": 2303098,
                                            "Actual Loops": 7,
                                            "Output": [
                                                "ci.id",
                                                "ci.person_id",
                                                "ci.movie_id",
                                                "ci.person_role_id",
                                                "ci.note",
                                                "ci.nr_order",
                                                "ci.role_id"
                                            ],
                                            "Filter": "(ci.role_id > 2)",
                                            "Rows Removed by Filter": 2874666,
                                            "Workers": [
                                                {
                                                    "Worker Number": 0,
                                                    "Actual Startup Time": 312.174,
                                                    "Actual Total Time": 674.062,
                                                    "Actual Rows": 1817570,
                                                    "Actual Loops": 1
                                                },
                                                {
                                                    "Worker Number": 1,
                                                    "Actual Startup Time": 312.115,
                                                    "Actual Total Time": 663.299,
                                                    "Actual Rows": 2132975,
                                                    "Actual Loops": 1
                                                },
                                                {
                                                    "Worker Number": 2,
                                                    "Actual Startup Time": 312.176,
                                                    "Actual Total Time": 628.679,
                                                    "Actual Rows": 2373554,
                                                    "Actual Loops": 1
                                                },
                                                {
                                                    "Worker Number": 3,
                                                    "Actual Startup Time": 312.186,
                                                    "Actual Total Time": 629.744,
                                                    "Actual Rows": 2365968,
                                                    "Actual Loops": 1
                                                },
                                                {
                                                    "Worker Number": 4,
                                                    "Actual Startup Time": 312.188,
                                                    "Actual Total Time": 636.021,
                                                    "Actual Rows": 2614184,
                                                    "Actual Loops": 1
                                                },
                                                {
                                                    "Worker Number": 5,
                                                    "Actual Startup Time": 312.163,
                                                    "Actual Total Time": 665.977,
                                                    "Actual Rows": 2082657,
                                                    "Actual Loops": 1
                                                }
                                            ]
                                        },
                                        {
                                            "Node Type": "Hash",
                                            "Parent Relationship": "Inner",
                                            "Parallel Aware": true,
                                            "Startup Cost": 250676.42,
                                            "Total Cost": 250676.42,
                                            "Plan Rows": 600336,
                                            "Plan Width": 8,
                                            "Actual Startup Time": 889.153,
                                            "Actual Total Time": 890.091,
                                            "Actual Rows": 433817,
                                            "Actual Loops": 7,
                                            "Output": [
                                                "t.id",
                                                "mi.movie_id"
                                            ],
                                            "Hash Buckets": 4194304,
                                            "Original Hash Buckets": 4194304,
                                            "Hash Batches": 1,
                                            "Original Hash Batches": 1,
                                            "Peak Memory Usage": 151680,
                                            "Workers": [
                                                {
                                                    "Worker Number": 0,
                                                    "Actual Startup Time": 891.123,
                                                    "Actual Total Time": 891.126,
                                                    "Actual Rows": 369920,
                                                    "Actual Loops": 1
                                                },
                                                {
                                                    "Worker Number": 1,
                                                    "Actual Startup Time": 891.188,
                                                    "Actual Total Time": 891.191,
                                                    "Actual Rows": 365938,
                                                    "Actual Loops": 1
                                                },
                                                {
                                                    "Worker Number": 2,
                                                    "Actual Startup Time": 891.167,
                                                    "Actual Total Time": 891.171,
                                                    "Actual Rows": 441803,
                                                    "Actual Loops": 1
                                                },
                                                {
                                                    "Worker Number": 3,
                                                    "Actual Startup Time": 891.107,
                                                    "Actual Total Time": 891.11,
                                                    "Actual Rows": 444650,
                                                    "Actual Loops": 1
                                                },
                                                {
                                                    "Worker Number": 4,
                                                    "Actual Startup Time": 891.348,
                                                    "Actual Total Time": 891.352,
                                                    "Actual Rows": 507086,
                                                    "Actual Loops": 1
                                                },
                                                {
                                                    "Worker Number": 5,
                                                    "Actual Startup Time": 891.38,
                                                    "Actual Total Time": 891.383,
                                                    "Actual Rows": 367711,
                                                    "Actual Loops": 1
                                                }
                                            ],
                                            "Plans": [
                                                {
                                                    "Node Type": "Hash Join",
                                                    "Parent Relationship": "Outer",
                                                    "Parallel Aware": true,
                                                    "Join Type": "Inner",
                                                    "Startup Cost": 50219.81,
                                                    "Total Cost": 250676.42,
                                                    "Plan Rows": 600336,
                                                    "Plan Width": 8,
                                                    "Actual Startup Time": 310.799,
                                                    "Actual Total Time": 714.11,
                                                    "Actual Rows": 433817,
                                                    "Actual Loops": 7,
                                                    "Output": [
                                                        "t.id",
                                                        "mi.movie_id"
                                                    ],
                                                    "Inner Unique": true,
                                                    "Hash Cond": "(mi.movie_id = t.id)",
                                                    "Workers": [
                                                        {
                                                            "Worker Number": 0,
                                                            "Actual Startup Time": 310.819,
                                                            "Actual Total Time": 713.655,
                                                            "Actual Rows": 369920,
                                                            "Actual Loops": 1
                                                        },
                                                        {
                                                            "Worker Number": 1,
                                                            "Actual Startup Time": 310.795,
                                                            "Actual Total Time": 715.701,
                                                            "Actual Rows": 365938,
                                                            "Actual Loops": 1
                                                        },
                                                        {
                                                            "Worker Number": 2,
                                                            "Actual Startup Time": 310.779,
                                                            "Actual Total Time": 713.441,
                                                            "Actual Rows": 441803,
                                                            "Actual Loops": 1
                                                        },
                                                        {
                                                            "Worker Number": 3,
                                                            "Actual Startup Time": 310.779,
                                                            "Actual Total Time": 713.347,
                                                            "Actual Rows": 444650,
                                                            "Actual Loops": 1
                                                        },
                                                        {
                                                            "Worker Number": 4,
                                                            "Actual Startup Time": 310.764,
                                                            "Actual Total Time": 712.47,
                                                            "Actual Rows": 507086,
                                                            "Actual Loops": 1
                                                        },
                                                        {
                                                            "Worker Number": 5,
                                                            "Actual Startup Time": 310.755,
                                                            "Actual Total Time": 713.295,
                                                            "Actual Rows": 367711,
                                                            "Actual Loops": 1
                                                        }
                                                    ],
                                                    "Plans": [
                                                        {
                                                            "Node Type": "Seq Scan",
                                                            "Parent Relationship": "Outer",
                                                            "Parallel Aware": true,
                                                            "Relation Name": "movie_info",
                                                            "Schema": "public",
                                                            "Alias": "mi",
                                                            "Startup Cost": 0.0,
                                                            "Total Cost": 198880.74,
                                                            "Plan Rows": 600336,
                                                            "Plan Width": 4,
                                                            "Actual Startup Time": 67.004,
                                                            "Actual Total Time": 292.985,
                                                            "Actual Rows": 433817,
                                                            "Actual Loops": 7,
                                                            "Output": [
                                                                "mi.id",
                                                                "mi.movie_id",
                                                                "mi.info_type_id",
                                                                "mi.info",
                                                                "mi.note"
                                                            ],
                                                            "Filter": "(mi.info_type_id = 16)",
                                                            "Rows Removed by Filter": 1685572,
                                                            "Workers": [
                                                                {
                                                                    "Worker Number": 0,
                                                                    "Actual Startup Time": 66.935,
                                                                    "Actual Total Time": 300.471,
                                                                    "Actual Rows": 369920,
                                                                    "Actual Loops": 1
                                                                },
                                                                {
                                                                    "Worker Number": 1,
                                                                    "Actual Startup Time": 66.943,
                                                                    "Actual Total Time": 299.677,
                                                                    "Actual Rows": 365938,
                                                                    "Actual Loops": 1
                                                                },
                                                                {
                                                                    "Worker Number": 2,
                                                                    "Actual Startup Time": 66.98,
                                                                    "Actual Total Time": 287.577,
                                                                    "Actual Rows": 441803,
                                                                    "Actual Loops": 1
                                                                },
                                                                {
                                                                    "Worker Number": 3,
                                                                    "Actual Startup Time": 67.082,
                                                                    "Actual Total Time": 287.912,
                                                                    "Actual Rows": 444650,
                                                                    "Actual Loops": 1
                                                                },
                                                                {
                                                                    "Worker Number": 4,
                                                                    "Actual Startup Time": 66.936,
                                                                    "Actual Total Time": 291.437,
                                                                    "Actual Rows": 507086,
                                                                    "Actual Loops": 1
                                                                },
                                                                {
                                                                    "Worker Number": 5,
                                                                    "Actual Startup Time": 67.089,
                                                                    "Actual Total Time": 300.173,
                                                                    "Actual Rows": 367711,
                                                                    "Actual Loops": 1
                                                                }
                                                            ]
                                                        },
                                                        {
                                                            "Node Type": "Hash",
                                                            "Parent Relationship": "Inner",
                                                            "Parallel Aware": true,
                                                            "Startup Cost": 42318.81,
                                                            "Total Cost": 42318.81,
                                                            "Plan Rows": 632080,
                                                            "Plan Width": 4,
                                                            "Actual Startup Time": 240.575,
                                                            "Actual Total Time": 240.577,
                                                            "Actual Rows": 361187,
                                                            "Actual Loops": 7,
                                                            "Output": [
                                                                "t.id"
                                                            ],
                                                            "Hash Buckets": 4194304,
                                                            "Original Hash Buckets": 4194304,
                                                            "Hash Batches": 1,
                                                            "Original Hash Batches": 1,
                                                            "Peak Memory Usage": 131808,
                                                            "Workers": [
                                                                {
                                                                    "Worker Number": 0,
                                                                    "Actual Startup Time": 243.628,
                                                                    "Actual Total Time": 243.629,
                                                                    "Actual Rows": 293056,
                                                                    "Actual Loops": 1
                                                                },
                                                                {
                                                                    "Worker Number": 1,
                                                                    "Actual Startup Time": 243.587,
                                                                    "Actual Total Time": 243.588,
                                                                    "Actual Rows": 294057,
                                                                    "Actual Loops": 1
                                                                },
                                                                {
                                                                    "Worker Number": 2,
                                                                    "Actual Startup Time": 243.601,
                                                                    "Actual Total Time": 243.603,
                                                                    "Actual Rows": 344593,
                                                                    "Actual Loops": 1
                                                                },
                                                                {
                                                                    "Worker Number": 3,
                                                                    "Actual Startup Time": 243.566,
                                                                    "Actual Total Time": 243.568,
                                                                    "Actual Rows": 353596,
                                                                    "Actual Loops": 1
                                                                },
                                                                {
                                                                    "Worker Number": 4,
                                                                    "Actual Startup Time": 243.583,
                                                                    "Actual Total Time": 243.584,
                                                                    "Actual Rows": 399157,
                                                                    "Actual Loops": 1
                                                                },
                                                                {
                                                                    "Worker Number": 5,
                                                                    "Actual Startup Time": 243.588,
                                                                    "Actual Total Time": 243.589,
                                                                    "Actual Rows": 289200,
                                                                    "Actual Loops": 1
                                                                }
                                                            ],
                                                            "Plans": [
                                                                {
                                                                    "Node Type": "Seq Scan",
                                                                    "Parent Relationship": "Outer",
                                                                    "Parallel Aware": true,
                                                                    "Relation Name": "title",
                                                                    "Schema": "public",
                                                                    "Alias": "t",
                                                                    "Startup Cost": 0.0,
                                                                    "Total Cost": 42318.81,
                                                                    "Plan Rows": 632080,
                                                                    "Plan Width": 4,
                                                                    "Actual Startup Time": 0.047,
                                                                    "Actual Total Time": 71.645,
                                                                    "Actual Rows": 361187,
                                                                    "Actual Loops": 7,
                                                                    "Output": [
                                                                        "t.id"
                                                                    ],
                                                                    "Workers": [
                                                                        {
                                                                            "Worker Number": 0,
                                                                            "Actual Startup Time": 0.051,
                                                                            "Actual Total Time": 77.388,
                                                                            "Actual Rows": 293056,
                                                                            "Actual Loops": 1
                                                                        },
                                                                        {
                                                                            "Worker Number": 1,
                                                                            "Actual Startup Time": 0.062,
                                                                            "Actual Total Time": 76.84,
                                                                            "Actual Rows": 294057,
                                                                            "Actual Loops": 1
                                                                        },
                                                                        {
                                                                            "Worker Number": 2,
                                                                            "Actual Startup Time": 0.047,
                                                                            "Actual Total Time": 69.49,
                                                                            "Actual Rows": 344593,
                                                                            "Actual Loops": 1
                                                                        },
                                                                        {
                                                                            "Worker Number": 3,
                                                                            "Actual Startup Time": 0.027,
                                                                            "Actual Total Time": 70.241,
                                                                            "Actual Rows": 353596,
                                                                            "Actual Loops": 1
                                                                        },
                                                                        {
                                                                            "Worker Number": 4,
                                                                            "Actual Startup Time": 0.074,
                                                                            "Actual Total Time": 71.557,
                                                                            "Actual Rows": 399157,
                                                                            "Actual Loops": 1
                                                                        },
                                                                        {
                                                                            "Worker Number": 5,
                                                                            "Actual Startup Time": 0.048,
                                                                            "Actual Total Time": 77.251,
                                                                            "Actual Rows": 289200,
                                                                            "Actual Loops": 1
                                                                        }
                                                                    ]
                                                                }
                                                            ]
                                                        }
                                                    ]
                                                }
                                            ]
                                        }
                                    ]
                                }
                            ]
                        }
                    ]
                }
            ]
        },
        "Planning Time": 231.538,
        "Triggers": [],
        "Execution Time": 3208.317
    }
]