{
  "Plan": {
    "Node Type": "Aggregate",
    "Strategy": "Plain",
    "Partial Mode": "Finalize",
    "Parallel Aware": false,
    "Startup Cost": 108737.86,
    "Total Cost": 108737.87,
    "Plan Rows": 1,
    "Plan Width": 8,
    "Actual Startup Time": 492.486,
    "Actual Total Time": 506.248,
    "Actual Rows": 1,
    "Actual Loops": 1,
    "Plans": [
      {
        "Node Type": "Gather",
        "Parent Relationship": "Outer",
        "Parallel Aware": false,
        "Startup Cost": 108737.75,
        "Total Cost": 108737.86,
        "Plan Rows": 1,
        "Plan Width": 8,
        "Actual Startup Time": 490.661,
        "Actual Total Time": 506.242,
        "Actual Rows": 2,
        "Actual Loops": 1,
        "Workers Planned": 1,
        "Workers Launched": 1,
        "Single Copy": false,
        "Plans": [
          {
            "Node Type": "Aggregate",
            "Strategy": "Plain",
            "Partial Mode": "Partial",
            "Parent Relationship": "Outer",
            "Parallel Aware": false,
            "Startup Cost": 107737.75,
            "Total Cost": 107737.76,
            "Plan Rows": 1,
            "Plan Width": 8,
            "Actual Startup Time": 484.987,
            "Actual Total Time": 484.991,
            "Actual Rows": 1,
            "Actual Loops": 2,
            "Plans": [
              {
                "Node Type": "Hash Join",
                "Parent Relationship": "Outer",
                "Parallel Aware": true,
                "Join Type": "Inner",
                "Startup Cost": 64727.01,
                "Total Cost": 107382.14,
                "Plan Rows": 142244,
                "Plan Width": 0,
                "Actual Startup Time": 312.858,
                "Actual Total Time": 472.869,
                "Actual Rows": 228928,
                "Actual Loops": 2,
                "Inner Unique": true,
                "Hash Cond": "(mc.movie_id = t.id)",
                "Plans": [
                  {
                    "Node Type": "Index Scan",
                    "Parent Relationship": "Outer",
                    "Parallel Aware": true,
                    "Scan Direction": "Forward",
                    "Index Name": "company_type_id_movie_companies",
                    "Relation Name": "movie_companies",
                    "Alias": "mc",
                    "Startup Cost": 0.43,
                    "Total Cost": 41574.35,
                    "Plan Rows": 411888,
                    "Plan Width": 4,
                    "Actual Startup Time": 26.877,
                    "Actual Total Time": 111.38,
                    "Actual Rows": 240642,
                    "Actual Loops": 2,
                    "Index Cond": "(company_type_id = 1)",
                    "Rows Removed by Index Recheck": 0,
                    "Filter": "(company_id > 10391)",
                    "Rows Removed by Filter": 396480
                  },
                  {
                    "Node Type": "Hash",
                    "Parent Relationship": "Inner",
                    "Parallel Aware": true,
                    "Startup Cost": 58306.47,
                    "Total Cost": 58306.47,
                    "Plan Rows": 513609,
                    "Plan Width": 4,
                    "Actual Startup Time": 280.713,
                    "Actual Total Time": 280.714,
                    "Actual Rows": 448394,
                    "Actual Loops": 2,
                    "Hash Buckets": 1048576,
                    "Original Hash Buckets": 1048576,
                    "Hash Batches": 1,
                    "Original Hash Batches": 1,
                    "Peak Memory Usage": 43328,
                    "Plans": [
                      {
                        "Node Type": "Seq Scan",
                        "Parent Relationship": "Outer",
                        "Parallel Aware": true,
                        "Relation Name": "title",
                        "Alias": "t",
                        "Startup Cost": 0.0,
                        "Total Cost": 58306.47,
                        "Plan Rows": 513609,
                        "Plan Width": 4,
                        "Actual Startup Time": 0.024,
                        "Actual Total Time": 168.533,
                        "Actual Rows": 448394,
                        "Actual Loops": 2,
                        "Filter": "((kind_id < 7) AND (production_year < 2012))",
                        "Rows Removed by Filter": 815762
                      }
                    ]
                  }
                ]
              }
            ]
          }
        ]
      }
    ]
  },
  "Planning Time": 0.246,
  "Triggers": [],
  "Execution Time": 506.296
}