[
  {
    "Plan": {
      "Node Type": "Aggregate",
      "Strategy": "Plain",
      "Partial Mode": "Finalize",
      "Parallel Aware": false,
      "Startup Cost": 404073.97,
      "Total Cost": 404073.98,
      "Plan Rows": 1,
      "Plan Width": 8,
      "Actual Startup Time": 2896.609,
      "Actual Total Time": 2965.067,
      "Actual Rows": 1,
      "Actual Loops": 1,
      "Plans": [
        {
          "Node Type": "Gather",
          "Parent Relationship": "Outer",
          "Parallel Aware": false,
          "Startup Cost": 404073.35,
          "Total Cost": 404073.96,
          "Plan Rows": 6,
          "Plan Width": 8,
          "Actual Startup Time": 2881.03,
          "Actual Total Time": 2965.054,
          "Actual Rows": 7,
          "Actual Loops": 1,
          "Workers Planned": 6,
          "Workers Launched": 6,
          "Single Copy": false,
          "Plans": [
            {
              "Node Type": "Aggregate",
              "Strategy": "Plain",
              "Partial Mode": "Partial",
              "Parent Relationship": "Outer",
              "Parallel Aware": false,
              "Startup Cost": 403073.35,
              "Total Cost": 403073.36,
              "Plan Rows": 1,
              "Plan Width": 8,
              "Actual Startup Time": 2866.041,
              "Actual Total Time": 2866.044,
              "Actual Rows": 1,
              "Actual Loops": 7,
              "Plans": [
                {
                  "Node Type": "Hash Join",
                  "Parent Relationship": "Outer",
                  "Parallel Aware": true,
                  "Join Type": "Inner",
                  "Startup Cost": 49386.14,
                  "Total Cost": 392911.53,
                  "Plan Rows": 4064726,
                  "Plan Width": 0,
                  "Actual Startup Time": 213.961,
                  "Actual Total Time": 2713.23,
                  "Actual Rows": 3713054,
                  "Actual Loops": 7,
                  "Inner Unique": true,
                  "Hash Cond": "(ci.movie_id = t.id)",
                  "Plans": [
                    {
                      "Node Type": "Seq Scan",
                      "Parent Relationship": "Outer",
                      "Parallel Aware": true,
                      "Relation Name": "cast_info",
                      "Alias": "ci",
                      "Startup Cost": 0.0,
                      "Total Cost": 328162.03,
                      "Plan Rows": 5852702,
                      "Plan Width": 4,
                      "Actual Startup Time": 11.554,
                      "Actual Total Time": 640.067,
                      "Actual Rows": 5017304,
                      "Actual Loops": 7,
                      "Filter": "(person_id > 114565)",
                      "Rows Removed by Filter": 160460
                    },
                    {
                      "Node Type": "Hash",
                      "Parent Relationship": "Inner",
                      "Parallel Aware": true,
                      "Startup Cost": 43898.92,
                      "Total Cost": 43898.92,
                      "Plan Rows": 438978,
                      "Plan Width": 4,
                      "Actual Startup Time": 197.414,
                      "Actual Total Time": 197.415,
                      "Actual Rows": 249862,
                      "Actual Loops": 7,
                      "Hash Buckets": 2097152,
                      "Original Hash Buckets": 2097152,
                      "Hash Batches": 1,
                      "Original Hash Batches": 1,
                      "Peak Memory Usage": 84928,
                      "Plans": [
                        {
                          "Node Type": "Seq Scan",
                          "Parent Relationship": "Outer",
                          "Parallel Aware": true,
                          "Relation Name": "title",
                          "Alias": "t",
                          "Startup Cost": 0.0,
                          "Total Cost": 43898.92,
                          "Plan Rows": 438978,
                          "Plan Width": 4,
                          "Actual Startup Time": 0.039,
                          "Actual Total Time": 79.89,
                          "Actual Rows": 249862,
                          "Actual Loops": 7,
                          "Filter": "(production_year > 1990)",
                          "Rows Removed by Filter": 111326
                        }
                      ]
                    }
                  ]
                }
              ]
            }
          ]
        }
      ]
    },
    "Planning Time": 0.717,
    "Triggers": [],
    "Execution Time": 2965.159
  }
]