[
  {
    "Plan": {
      "Node Type": "Aggregate",
      "Strategy": "Plain",
      "Partial Mode": "Finalize",
      "Parallel Aware": false,
      "Startup Cost": 46938.03,
      "Total Cost": 46938.04,
      "Plan Rows": 1,
      "Plan Width": 8,
      "Actual Startup Time": 196.8,
      "Actual Total Time": 205.464,
      "Actual Rows": 1,
      "Actual Loops": 1,
      "Plans": [
        {
          "Node Type": "Gather",
          "Parent Relationship": "Outer",
          "Parallel Aware": false,
          "Startup Cost": 46937.71,
          "Total Cost": 46938.02,
          "Plan Rows": 3,
          "Plan Width": 8,
          "Actual Startup Time": 196.663,
          "Actual Total Time": 205.455,
          "Actual Rows": 4,
          "Actual Loops": 1,
          "Workers Planned": 3,
          "Workers Launched": 3,
          "Single Copy": false,
          "Plans": [
            {
              "Node Type": "Aggregate",
              "Strategy": "Plain",
              "Partial Mode": "Partial",
              "Parent Relationship": "Outer",
              "Parallel Aware": false,
              "Startup Cost": 45937.71,
              "Total Cost": 45937.72,
              "Plan Rows": 1,
              "Plan Width": 8,
              "Actual Startup Time": 190.739,
              "Actual Total Time": 190.74,
              "Actual Rows": 1,
              "Actual Loops": 4,
              "Plans": [
                {
                  "Node Type": "Seq Scan",
                  "Parent Relationship": "Outer",
                  "Parallel Aware": true,
                  "Relation Name": "movie_keyword",
                  "Alias": "mk",
                  "Startup Cost": 0.0,
                  "Total Cost": 42695.65,
                  "Plan Rows": 1296823,
                  "Plan Width": 0,
                  "Actual Startup Time": 0.059,
                  "Actual Total Time": 137.596,
                  "Actual Rows": 1004869,
                  "Actual Loops": 4,
                  "Filter": "(keyword_id < 35920)",
                  "Rows Removed by Filter": 126114
                }
              ]
            }
          ]
        }
      ]
    },
    "Planning Time": 0.16,
    "Triggers": [],
    "Execution Time": 205.515
  }
]