[
  {
    "Plan": {
      "Node Type": "Aggregate",
      "Strategy": "Plain",
      "Partial Mode": "Finalize",
      "Parallel Aware": false,
      "Startup Cost": 127425.71,
      "Total Cost": 127425.72,
      "Plan Rows": 1,
      "Plan Width": 8,
      "Actual Startup Time": 527.229,
      "Actual Total Time": 545.823,
      "Actual Rows": 1,
      "Actual Loops": 1,
      "Plans": [
        {
          "Node Type": "Gather",
          "Parent Relationship": "Outer",
          "Parallel Aware": false,
          "Startup Cost": 127425.39,
          "Total Cost": 127425.7,
          "Plan Rows": 3,
          "Plan Width": 8,
          "Actual Startup Time": 524.704,
          "Actual Total Time": 545.814,
          "Actual Rows": 4,
          "Actual Loops": 1,
          "Workers Planned": 3,
          "Workers Launched": 3,
          "Single Copy": false,
          "Plans": [
            {
              "Node Type": "Aggregate",
              "Strategy": "Plain",
              "Partial Mode": "Partial",
              "Parent Relationship": "Outer",
              "Parallel Aware": false,
              "Startup Cost": 126425.39,
              "Total Cost": 126425.4,
              "Plan Rows": 1,
              "Plan Width": 8,
              "Actual Startup Time": 517.544,
              "Actual Total Time": 517.623,
              "Actual Rows": 1,
              "Actual Loops": 4,
              "Plans": [
                {
                  "Node Type": "Hash Join",
                  "Parent Relationship": "Outer",
                  "Parallel Aware": true,
                  "Join Type": "Inner",
                  "Startup Cost": 80970.01,
                  "Total Cost": 126207.49,
                  "Plan Rows": 87160,
                  "Plan Width": 0,
                  "Actual Startup Time": 342.665,
                  "Actual Total Time": 510.73,
                  "Actual Rows": 154350,
                  "Actual Loops": 4,
                  "Inner Unique": false,
                  "Hash Cond": "(mk.movie_id = t.id)",
                  "Plans": [
                    {
                      "Node Type": "Seq Scan",
                      "Parent Relationship": "Outer",
                      "Parallel Aware": true,
                      "Relation Name": "movie_keyword",
                      "Alias": "mk",
                      "Startup Cost": 0.0,
                      "Total Cost": 42695.65,
                      "Plan Rows": 619715,
                      "Plan Width": 4,
                      "Actual Startup Time": 0.034,
                      "Actual Total Time": 105.918,
                      "Actual Rows": 481726,
                      "Actual Loops": 4,
                      "Filter": "(keyword_id < 3312)",
                      "Rows Removed by Filter": 649257
                    },
                    {
                      "Node Type": "Hash",
                      "Parent Relationship": "Inner",
                      "Parallel Aware": true,
                      "Startup Cost": 79858.78,
                      "Total Cost": 79858.78,
                      "Plan Rows": 88898,
                      "Plan Width": 8,
                      "Actual Startup Time": 338.655,
                      "Actual Total Time": 338.732,
                      "Actual Rows": 61388,
                      "Actual Loops": 4,
                      "Hash Buckets": 524288,
                      "Original Hash Buckets": 524288,
                      "Hash Batches": 1,
                      "Original Hash Batches": 1,
                      "Peak Memory Usage": 13760,
                      "Plans": [
                        {
                          "Node Type": "Hash Join",
                          "Parent Relationship": "Outer",
                          "Parallel Aware": true,
                          "Join Type": "Inner",
                          "Startup Cost": 33585.97,
                          "Total Cost": 79858.78,
                          "Plan Rows": 88898,
                          "Plan Width": 8,
                          "Actual Startup Time": 120.625,
                          "Actual Total Time": 315.45,
                          "Actual Rows": 61388,
                          "Actual Loops": 4,
                          "Inner Unique": false,
                          "Hash Cond": "(t.id = mc.movie_id)",
                          "Plans": [
                            {
                              "Node Type": "Seq Scan",
                              "Parent Relationship": "Outer",
                              "Parallel Aware": true,
                              "Relation Name": "title",
                              "Alias": "t",
                              "Startup Cost": 0.0,
                              "Total Cost": 43898.92,
                              "Plan Rows": 417426,
                              "Plan Width": 4,
                              "Actual Startup Time": 0.016,
                              "Actual Total Time": 98.481,
                              "Actual Rows": 417823,
                              "Actual Loops": 4,
                              "Filter": "(production_year < 2008)",
                              "Rows Removed by Filter": 214255
                            },
                            {
                              "Node Type": "Hash",
                              "Parent Relationship": "Inner",
                              "Parallel Aware": true,
                              "Startup Cost": 31414.82,
                              "Total Cost": 31414.82,
                              "Plan Rows": 173692,
                              "Plan Width": 4,
                              "Actual Startup Time": 117.03,
                              "Actual Total Time": 117.031,
                              "Actual Rows": 82334,
                              "Actual Loops": 4,
                              "Hash Buckets": 1048576,
                              "Original Hash Buckets": 1048576,
                              "Hash Batches": 1,
                              "Original Hash Batches": 1,
                              "Peak Memory Usage": 21152,
                              "Plans": [
                                {
                                  "Node Type": "Seq Scan",
                                  "Parent Relationship": "Outer",
                                  "Parallel Aware": true,
                                  "Relation Name": "movie_companies",
                                  "Alias": "mc",
                                  "Startup Cost": 0.0,
                                  "Total Cost": 31414.82,
                                  "Plan Rows": 173692,
                                  "Plan Width": 4,
                                  "Actual Startup Time": 48.155,
                                  "Actual Total Time": 81.258,
                                  "Actual Rows": 82334,
                                  "Actual Loops": 4,
                                  "Filter": "((company_id < 6305) AND (company_type_id > 1))",
                                  "Rows Removed by Filter": 569948
                                }
                              ]
                            }
                          ]
                        }
                      ]
                    }
                  ]
                }
              ]
            }
          ]
        }
      ]
    },
    "Planning Time": 1.237,
    "Triggers": [],
    "Execution Time": 545.904
  }
]