[
  {
    "Plan": {
      "Node Type": "Aggregate",
      "Strategy": "Plain",
      "Partial Mode": "Finalize",
      "Parallel Aware": false,
      "Startup Cost": 342776.99,
      "Total Cost": 342777.0,
      "Plan Rows": 1,
      "Plan Width": 8,
      "Actual Startup Time": 970.963,
      "Actual Total Time": 1028.766,
      "Actual Rows": 1,
      "Actual Loops": 1,
      "Plans": [
        {
          "Node Type": "Gather",
          "Parent Relationship": "Outer",
          "Parallel Aware": false,
          "Startup Cost": 342776.37,
          "Total Cost": 342776.98,
          "Plan Rows": 6,
          "Plan Width": 8,
          "Actual Startup Time": 970.856,
          "Actual Total Time": 1028.756,
          "Actual Rows": 7,
          "Actual Loops": 1,
          "Workers Planned": 6,
          "Workers Launched": 6,
          "Single Copy": false,
          "Plans": [
            {
              "Node Type": "Aggregate",
              "Strategy": "Plain",
              "Partial Mode": "Partial",
              "Parent Relationship": "Outer",
              "Parallel Aware": false,
              "Startup Cost": 341776.37,
              "Total Cost": 341776.38,
              "Plan Rows": 1,
              "Plan Width": 8,
              "Actual Startup Time": 961.583,
              "Actual Total Time": 961.584,
              "Actual Rows": 1,
              "Actual Loops": 7,
              "Plans": [
                {
                  "Node Type": "Seq Scan",
                  "Parent Relationship": "Outer",
                  "Parallel Aware": true,
                  "Relation Name": "cast_info",
                  "Alias": "ci",
                  "Startup Cost": 0.0,
                  "Total Cost": 328162.03,
                  "Plan Rows": 5445736,
                  "Plan Width": 0,
                  "Actual Startup Time": 54.762,
                  "Actual Total Time": 731.067,
                  "Actual Rows": 4652457,
                  "Actual Loops": 7,
                  "Filter": "(person_id > 351946)",
                  "Rows Removed by Filter": 525307
                }
              ]
            }
          ]
        }
      ]
    },
    "Planning Time": 0.266,
    "Triggers": [],
    "Execution Time": 1028.841
  }
]