[
  {
    "Plan": {
      "Node Type": "Aggregate",
      "Strategy": "Plain",
      "Partial Mode": "Finalize",
      "Parallel Aware": false,
      "Startup Cost": 87904.02,
      "Total Cost": 87904.03,
      "Plan Rows": 1,
      "Plan Width": 8,
      "Actual Startup Time": 313.88,
      "Actual Total Time": 338.126,
      "Actual Rows": 1,
      "Actual Loops": 1,
      "Plans": [
        {
          "Node Type": "Gather",
          "Parent Relationship": "Outer",
          "Parallel Aware": false,
          "Startup Cost": 87903.7,
          "Total Cost": 87904.01,
          "Plan Rows": 3,
          "Plan Width": 8,
          "Actual Startup Time": 313.555,
          "Actual Total Time": 338.114,
          "Actual Rows": 4,
          "Actual Loops": 1,
          "Workers Planned": 3,
          "Workers Launched": 3,
          "Single Copy": false,
          "Plans": [
            {
              "Node Type": "Aggregate",
              "Strategy": "Plain",
              "Partial Mode": "Partial",
              "Parent Relationship": "Outer",
              "Parallel Aware": false,
              "Startup Cost": 86903.7,
              "Total Cost": 86903.71,
              "Plan Rows": 1,
              "Plan Width": 8,
              "Actual Startup Time": 308.71,
              "Actual Total Time": 308.718,
              "Actual Rows": 1,
              "Actual Loops": 4,
              "Plans": [
                {
                  "Node Type": "Hash Join",
                  "Parent Relationship": "Outer",
                  "Parallel Aware": true,
                  "Join Type": "Inner",
                  "Startup Cost": 43985.72,
                  "Total Cost": 86863.8,
                  "Plan Rows": 15959,
                  "Plan Width": 0,
                  "Actual Startup Time": 150.144,
                  "Actual Total Time": 308.56,
                  "Actual Rows": 2092,
                  "Actual Loops": 4,
                  "Inner Unique": true,
                  "Hash Cond": "(mk.movie_id = t.id)",
                  "Plans": [
                    {
                      "Node Type": "Seq Scan",
                      "Parent Relationship": "Outer",
                      "Parallel Aware": true,
                      "Relation Name": "movie_keyword",
                      "Alias": "mk",
                      "Startup Cost": 0.0,
                      "Total Cost": 39047.32,
                      "Plan Rows": 1459332,
                      "Plan Width": 4,
                      "Actual Startup Time": 0.034,
                      "Actual Total Time": 102.782,
                      "Actual Rows": 1130982,
                      "Actual Loops": 4
                    },
                    {
                      "Node Type": "Hash",
                      "Parent Relationship": "Inner",
                      "Parallel Aware": true,
                      "Startup Cost": 43899.32,
                      "Total Cost": 43899.32,
                      "Plan Rows": 6912,
                      "Plan Width": 4,
                      "Actual Startup Time": 109.949,
                      "Actual Total Time": 109.952,
                      "Actual Rows": 7276,
                      "Actual Loops": 4,
                      "Hash Buckets": 32768,
                      "Original Hash Buckets": 32768,
                      "Hash Batches": 1,
                      "Original Hash Batches": 1,
                      "Peak Memory Usage": 1440,
                      "Plans": [
                        {
                          "Node Type": "Seq Scan",
                          "Parent Relationship": "Outer",
                          "Parallel Aware": true,
                          "Relation Name": "title",
                          "Alias": "t",
                          "Startup Cost": 0.0,
                          "Total Cost": 43899.32,
                          "Plan Rows": 6912,
                          "Plan Width": 4,
                          "Actual Startup Time": 63.119,
                          "Actual Total Time": 107.053,
                          "Actual Rows": 7276,
                          "Actual Loops": 4,
                          "Filter": "(production_year < 1911)",
                          "Rows Removed by Filter": 624802
                        }
                      ]
                    }
                  ]
                }
              ]
            }
          ]
        }
      ]
    },
    "Planning Time": 0.437,
    "Triggers": [],
    "Execution Time": 338.212
  }
]