[
  {
    "Plan": {
      "Node Type": "Aggregate",
      "Strategy": "Plain",
      "Partial Mode": "Finalize",
      "Parallel Aware": false,
      "Startup Cost": 86950.73,
      "Total Cost": 86950.74,
      "Plan Rows": 1,
      "Plan Width": 8,
      "Actual Startup Time": 116.514,
      "Actual Total Time": 131.706,
      "Actual Rows": 1,
      "Actual Loops": 1,
      "Plans": [
        {
          "Node Type": "Gather",
          "Parent Relationship": "Outer",
          "Parallel Aware": false,
          "Startup Cost": 86950.31,
          "Total Cost": 86950.72,
          "Plan Rows": 4,
          "Plan Width": 8,
          "Actual Startup Time": 116.393,
          "Actual Total Time": 131.699,
          "Actual Rows": 5,
          "Actual Loops": 1,
          "Workers Planned": 4,
          "Workers Launched": 4,
          "Single Copy": false,
          "Plans": [
            {
              "Node Type": "Aggregate",
              "Strategy": "Plain",
              "Partial Mode": "Partial",
              "Parent Relationship": "Outer",
              "Parallel Aware": false,
              "Startup Cost": 85950.31,
              "Total Cost": 85950.32,
              "Plan Rows": 1,
              "Plan Width": 8,
              "Actual Startup Time": 107.321,
              "Actual Total Time": 107.322,
              "Actual Rows": 1,
              "Actual Loops": 5,
              "Plans": [
                {
                  "Node Type": "Nested Loop",
                  "Parent Relationship": "Outer",
                  "Parallel Aware": false,
                  "Join Type": "Inner",
                  "Startup Cost": 0.43,
                  "Total Cost": 85922.97,
                  "Plan Rows": 10936,
                  "Plan Width": 0,
                  "Actual Startup Time": 58.233,
                  "Actual Total Time": 107.188,
                  "Actual Rows": 1673,
                  "Actual Loops": 5,
                  "Inner Unique": false,
                  "Plans": [
                    {
                      "Node Type": "Seq Scan",
                      "Parent Relationship": "Outer",
                      "Parallel Aware": true,
                      "Relation Name": "title",
                      "Alias": "t",
                      "Startup Cost": 0.0,
                      "Total Cost": 43898.92,
                      "Plan Rows": 6112,
                      "Plan Width": 4,
                      "Actual Startup Time": 53.974,
                      "Actual Total Time": 80.503,
                      "Actual Rows": 5821,
                      "Actual Loops": 5,
                      "Filter": "(production_year < 1911)",
                      "Rows Removed by Filter": 499841
                    },
                    {
                      "Node Type": "Index Only Scan",
                      "Parent Relationship": "Inner",
                      "Parallel Aware": false,
                      "Scan Direction": "Forward",
                      "Index Name": "movie_id_movie_keyword",
                      "Relation Name": "movie_keyword",
                      "Alias": "mk",
                      "Startup Cost": 0.43,
                      "Total Cost": 6.43,
                      "Plan Rows": 45,
                      "Plan Width": 4,
                      "Actual Startup Time": 0.004,
                      "Actual Total Time": 0.004,
                      "Actual Rows": 0,
                      "Actual Loops": 29105,
                      "Index Cond": "(movie_id = t.id)",
                      "Rows Removed by Index Recheck": 0,
                      "Heap Fetches": 8367
                    }
                  ]
                }
              ]
            }
          ]
        }
      ]
    },
    "Planning Time": 0.605,
    "Triggers": [],
    "Execution Time": 131.78
  }
]