[
  {
    "Plan": {
      "Node Type": "Aggregate",
      "Strategy": "Plain",
      "Partial Mode": "Finalize",
      "Parallel Aware": false,
      "Startup Cost": 47095.11,
      "Total Cost": 47095.12,
      "Plan Rows": 1,
      "Plan Width": 8,
      "Actual Startup Time": 219.472,
      "Actual Total Time": 231.564,
      "Actual Rows": 1,
      "Actual Loops": 1,
      "Plans": [
        {
          "Node Type": "Gather",
          "Parent Relationship": "Outer",
          "Parallel Aware": false,
          "Startup Cost": 47094.8,
          "Total Cost": 47095.11,
          "Plan Rows": 3,
          "Plan Width": 8,
          "Actual Startup Time": 219.394,
          "Actual Total Time": 231.555,
          "Actual Rows": 4,
          "Actual Loops": 1,
          "Workers Planned": 3,
          "Workers Launched": 3,
          "Single Copy": false,
          "Plans": [
            {
              "Node Type": "Aggregate",
              "Strategy": "Plain",
              "Partial Mode": "Partial",
              "Parent Relationship": "Outer",
              "Parallel Aware": false,
              "Startup Cost": 46094.8,
              "Total Cost": 46094.81,
              "Plan Rows": 1,
              "Plan Width": 8,
              "Actual Startup Time": 212.286,
              "Actual Total Time": 212.287,
              "Actual Rows": 1,
              "Actual Loops": 4,
              "Plans": [
                {
                  "Node Type": "Seq Scan",
                  "Parent Relationship": "Outer",
                  "Parallel Aware": true,
                  "Relation Name": "movie_keyword",
                  "Alias": "mk",
                  "Startup Cost": 0.0,
                  "Total Cost": 42695.65,
                  "Plan Rows": 1359657,
                  "Plan Width": 0,
                  "Actual Startup Time": 0.062,
                  "Actual Total Time": 157.027,
                  "Actual Rows": 1055170,
                  "Actual Loops": 4,
                  "Filter": "(keyword_id < 53445)",
                  "Rows Removed by Filter": 75812
                }
              ]
            }
          ]
        }
      ]
    },
    "Planning Time": 0.174,
    "Triggers": [],
    "Execution Time": 231.62
  }
]