[
  {
    "Plan": {
      "Node Type": "Aggregate",
      "Strategy": "Plain",
      "Partial Mode": "Simple",
      "Parallel Aware": false,
      "Startup Cost": 95496.9,
      "Total Cost": 95496.91,
      "Plan Rows": 1,
      "Plan Width": 8,
      "Actual Startup Time": 7274.267,
      "Actual Total Time": 7274.271,
      "Actual Rows": 1,
      "Actual Loops": 1,
      "Output": [
        "count(*)"
      ],
      "Plans": [
        {
          "Node Type": "Nested Loop",
          "Parent Relationship": "Outer",
          "Parallel Aware": false,
          "Join Type": "Inner",
          "Startup Cost": 4.3,
          "Total Cost": 95496.89,
          "Plan Rows": 1,
          "Plan Width": 0,
          "Actual Startup Time": 25.086,
          "Actual Total Time": 7263.67,
          "Actual Rows": 67735,
          "Actual Loops": 1,
          "Inner Unique": true,
          "Plans": [
            {
              "Node Type": "Nested Loop",
              "Parent Relationship": "Outer",
              "Parallel Aware": false,
              "Join Type": "Inner",
              "Startup Cost": 3.87,
              "Total Cost": 95495.99,
              "Plan Rows": 2,
              "Plan Width": 8,
              "Actual Startup Time": 24.989,
              "Actual Total Time": 6847.329,
              "Actual Rows": 67735,
              "Actual Loops": 1,
              "Output": [
                "mi.movie_id",
                "ci.movie_id"
              ],
              "Inner Unique": true,
              "Plans": [
                {
                  "Node Type": "Hash Join",
                  "Parent Relationship": "Outer",
                  "Parallel Aware": false,
                  "Join Type": "Inner",
                  "Startup Cost": 3.44,
                  "Total Cost": 95467.76,
                  "Plan Rows": 62,
                  "Plan Width": 16,
                  "Actual Startup Time": 24.97,
                  "Actual Total Time": 6685.389,
                  "Actual Rows": 67735,
                  "Actual Loops": 1,
                  "Output": [
                    "mi.movie_id",
                    "ci.movie_id",
                    "ci.person_id",
                    "pi.person_id"
                  ],
                  "Inner Unique": true,
                  "Hash Cond": "(mi.info_type_id = it1.id)",
                  "Plans": [
                    {
                      "Node Type": "Nested Loop",
                      "Parent Relationship": "Outer",
                      "Parallel Aware": false,
                      "Join Type": "Inner",
                      "Startup Cost": 1.0,
                      "Total Cost": 94475.62,
                      "Plan Rows": 363400,
                      "Plan Width": 20,
                      "Actual Startup Time": 10.405,
                      "Actual Total Time": 6635.134,
                      "Actual Rows": 405277,
                      "Actual Loops": 1,
                      "Output": [
                        "pi.person_id",
                        "ci.movie_id",
                        "ci.person_id",
                        "mi.info_type_id",
                        "mi.movie_id"
                      ],
                      "Inner Unique": false,
                      "Plans": [
                        {
                          "Node Type": "Nested Loop",
                          "Parent Relationship": "Outer",
                          "Parallel Aware": false,
                          "Join Type": "Inner",
                          "Startup Cost": 0.56,
                          "Total Cost": 92429.16,
                          "Plan Rows": 1495,
                          "Plan Width": 12,
                          "Actual Startup Time": 7.16,
                          "Actual Total Time": 2737.791,
                          "Actual Rows": 209061,
                          "Actual Loops": 1,
                          "Output": [
                            "pi.person_id",
                            "ci.movie_id",
                            "ci.person_id"
                          ],
                          "Inner Unique": false,
                          "Plans": [
                            {
                              "Node Type": "Nested Loop",
                              "Parent Relationship": "Outer",
                              "Parallel Aware": false,
                              "Join Type": "Inner",
                              "Startup Cost": 0.0,
                              "Total Cost": 88146.2,
                              "Plan Rows": 5,
                              "Plan Width": 4,
                              "Actual Startup Time": 6.979,
                              "Actual Total Time": 2527.347,
                              "Actual Rows": 4668,
                              "Actual Loops": 1,
                              "Output": [
                                "pi.person_id"
                              ],
                              "Inner Unique": true,
                              "Join Filter": "(it2.id = pi.info_type_id)",
                              "Rows Removed by Join Filter": 35070,
                              "Plans": [
                                {
                                  "Node Type": "Seq Scan",
                                  "Parent Relationship": "Outer",
                                  "Parallel Aware": false,
                                  "Relation Name": "person_info",
                                  "Schema": "public",
                                  "Alias": "pi",
                                  "Startup Cost": 0.0,
                                  "Total Cost": 88135.64,
                                  "Plan Rows": 272,
                                  "Plan Width": 8,
                                  "Actual Startup Time": 2.324,
                                  "Actual Total Time": 2516.808,
                                  "Actual Rows": 16348,
                                  "Actual Loops": 1,
                                  "Output": [
                                    "pi.id",
                                    "pi.person_id",
                                    "pi.info_type_id",
                                    "pi.info",
                                    "pi.note"
                                  ],
                                  "Filter": "(pi.info ~~* '%india%'::text)",
                                  "Rows Removed by Filter": 2947316
                                },
                                {
                                  "Node Type": "Materialize",
                                  "Parent Relationship": "Inner",
                                  "Parallel Aware": false,
                                  "Startup Cost": 0.0,
                                  "Total Cost": 2.42,
                                  "Plan Rows": 2,
                                  "Plan Width": 4,
                                  "Actual Startup Time": 0.0,
                                  "Actual Total Time": 0.0,
                                  "Actual Rows": 2,
                                  "Actual Loops": 16348,
                                  "Output": [
                                    "it2.id"
                                  ],
                                  "Plans": [
                                    {
                                      "Node Type": "Seq Scan",
                                      "Parent Relationship": "Outer",
                                      "Parallel Aware": false,
                                      "Relation Name": "info_type",
                                      "Schema": "public",
                                      "Alias": "it2",
                                      "Startup Cost": 0.0,
                                      "Total Cost": 2.41,
                                      "Plan Rows": 2,
                                      "Plan Width": 4,
                                      "Actual Startup Time": 0.04,
                                      "Actual Total Time": 0.121,
                                      "Actual Rows": 3,
                                      "Actual Loops": 1,
                                      "Output": [
                                        "it2.id"
                                      ],
                                      "Filter": "((it2.info)::text ~~* '%birth%'::text)",
                                      "Rows Removed by Filter": 110
                                    }
                                  ]
                                }
                              ]
                            },
                            {
                              "Node Type": "Index Scan",
                              "Parent Relationship": "Inner",
                              "Parallel Aware": false,
                              "Scan Direction": "Forward",
                              "Index Name": "person_id_cast_info",
                              "Relation Name": "cast_info",
                              "Schema": "public",
                              "Alias": "ci",
                              "Startup Cost": 0.56,
                              "Total Cost": 851.56,
                              "Plan Rows": 503,
                              "Plan Width": 8,
                              "Actual Startup Time": 0.019,
                              "Actual Total Time": 0.039,
                              "Actual Rows": 45,
                              "Actual Loops": 4668,
                              "Output": [
                                "ci.id",
                                "ci.person_id",
                                "ci.movie_id",
                                "ci.person_role_id",
                                "ci.note",
                                "ci.nr_order",
                                "ci.role_id"
                              ],
                              "Index Cond": "(ci.person_id = pi.person_id)",
                              "Rows Removed by Index Recheck": 0
                            }
                          ]
                        },
                        {
                          "Node Type": "Index Scan",
                          "Parent Relationship": "Inner",
                          "Parallel Aware": false,
                          "Scan Direction": "Forward",
                          "Index Name": "movie_id_movie_info",
                          "Relation Name": "movie_info",
                          "Schema": "public",
                          "Alias": "mi",
                          "Startup Cost": 0.43,
                          "Total Cost": 1.3,
                          "Plan Rows": 7,
                          "Plan Width": 8,
                          "Actual Startup Time": 0.01,
                          "Actual Total Time": 0.018,
                          "Actual Rows": 2,
                          "Actual Loops": 209061,
                          "Output": [
                            "mi.id",
                            "mi.movie_id",
                            "mi.info_type_id",
                            "mi.info",
                            "mi.note"
                          ],
                          "Index Cond": "(mi.movie_id = ci.movie_id)",
                          "Rows Removed by Index Recheck": 0,
                          "Filter": "(mi.info ~~* '%usa%'::text)",
                          "Rows Removed by Filter": 11
                        }
                      ]
                    },
                    {
                      "Node Type": "Hash",
                      "Parent Relationship": "Inner",
                      "Parallel Aware": false,
                      "Startup Cost": 2.41,
                      "Total Cost": 2.41,
                      "Plan Rows": 2,
                      "Plan Width": 4,
                      "Actual Startup Time": 0.129,
                      "Actual Total Time": 0.13,
                      "Actual Rows": 3,
                      "Actual Loops": 1,
                      "Output": [
                        "it1.id"
                      ],
                      "Hash Buckets": 1024,
                      "Original Hash Buckets": 1024,
                      "Hash Batches": 1,
                      "Original Hash Batches": 1,
                      "Peak Memory Usage": 9,
                      "Plans": [
                        {
                          "Node Type": "Seq Scan",
                          "Parent Relationship": "Outer",
                          "Parallel Aware": false,
                          "Relation Name": "info_type",
                          "Schema": "public",
                          "Alias": "it1",
                          "Startup Cost": 0.0,
                          "Total Cost": 2.41,
                          "Plan Rows": 2,
                          "Plan Width": 4,
                          "Actual Startup Time": 0.03,
                          "Actual Total Time": 0.122,
                          "Actual Rows": 3,
                          "Actual Loops": 1,
                          "Output": [
                            "it1.id"
                          ],
                          "Filter": "((it1.info)::text ~~* '%count%'::text)",
                          "Rows Removed by Filter": 110
                        }
                      ]
                    }
                  ]
                },
                {
                  "Node Type": "Index Only Scan",
                  "Parent Relationship": "Inner",
                  "Parallel Aware": false,
                  "Scan Direction": "Forward",
                  "Index Name": "name_pkey",
                  "Relation Name": "name",
                  "Schema": "public",
                  "Alias": "n",
                  "Startup Cost": 0.43,
                  "Total Cost": 0.46,
                  "Plan Rows": 1,
                  "Plan Width": 4,
                  "Actual Startup Time": 0.002,
                  "Actual Total Time": 0.002,
                  "Actual Rows": 1,
                  "Actual Loops": 67735,
                  "Output": [
                    "n.id"
                  ],
                  "Index Cond": "(n.id = ci.person_id)",
                  "Rows Removed by Index Recheck": 0,
                  "Heap Fetches": 67735
                }
              ]
            },
            {
              "Node Type": "Index Only Scan",
              "Parent Relationship": "Inner",
              "Parallel Aware": false,
              "Scan Direction": "Forward",
              "Index Name": "title_pkey",
              "Relation Name": "title",
              "Schema": "public",
              "Alias": "t",
              "Startup Cost": 0.43,
              "Total Cost": 0.45,
              "Plan Rows": 1,
              "Plan Width": 4,
              "Actual Startup Time": 0.006,
              "Actual Total Time": 0.006,
              "Actual Rows": 1,
              "Actual Loops": 67735,
              "Output": [
                "t.id"
              ],
              "Index Cond": "(t.id = ci.movie_id)",
              "Rows Removed by Index Recheck": 0,
              "Heap Fetches": 67735
            }
          ]
        }
      ]
    },
    "Planning Time": 17325.634,
    "Triggers": [],
    "Execution Time": 7274.645
  }
]