{
  "Plan": {
    "Node Type": "Aggregate",
    "Strategy": "Plain",
    "Partial Mode": "Finalize",
    "Parallel Aware": false,
    "Startup Cost": 992489.37,
    "Total Cost": 992489.38,
    "Plan Rows": 1,
    "Plan Width": 8,
    "Actual Startup Time": 5813.087,
    "Actual Total Time": 5917.722,
    "Actual Rows": 1,
    "Actual Loops": 1,
    "Plans": [
      {
        "Node Type": "Gather",
        "Parent Relationship": "Outer",
        "Parallel Aware": false,
        "Startup Cost": 992489.25,
        "Total Cost": 992489.36,
        "Plan Rows": 1,
        "Plan Width": 8,
        "Actual Startup Time": 5811.426,
        "Actual Total Time": 5917.711,
        "Actual Rows": 2,
        "Actual Loops": 1,
        "Workers Planned": 1,
        "Workers Launched": 1,
        "Single Copy": false,
        "Plans": [
          {
            "Node Type": "Aggregate",
            "Strategy": "Plain",
            "Partial Mode": "Partial",
            "Parent Relationship": "Outer",
            "Parallel Aware": false,
            "Startup Cost": 991489.25,
            "Total Cost": 991489.26,
            "Plan Rows": 1,
            "Plan Width": 8,
            "Actual Startup Time": 5805.536,
            "Actual Total Time": 5805.541,
            "Actual Rows": 1,
            "Actual Loops": 2,
            "Plans": [
              {
                "Node Type": "Hash Join",
                "Parent Relationship": "Outer",
                "Parallel Aware": true,
                "Join Type": "Inner",
                "Startup Cost": 629271.69,
                "Total Cost": 986887.69,
                "Plan Rows": 1840624,
                "Plan Width": 0,
                "Actual Startup Time": 3274.009,
                "Actual Total Time": 5550.532,
                "Actual Rows": 6312998,
                "Actual Loops": 2,
                "Inner Unique": false,
                "Hash Cond": "(mi.movie_id = t.id)",
                "Plans": [
                  {
                    "Node Type": "Seq Scan",
                    "Parent Relationship": "Outer",
                    "Parallel Aware": true,
                    "Relation Name": "movie_info",
                    "Alias": "mi",
                    "Startup Cost": 0.0,
                    "Total Cost": 248955.74,
                    "Plan Rows": 8696274,
                    "Plan Width": 4,
                    "Actual Startup Time": 0.011,
                    "Actual Total Time": 624.291,
                    "Actual Rows": 7417860,
                    "Actual Loops": 2
                  },
                  {
                    "Node Type": "Hash",
                    "Parent Relationship": "Inner",
                    "Parallel Aware": true,
                    "Startup Cost": 625336.91,
                    "Total Cost": 625336.91,
                    "Plan Rows": 314782,
                    "Plan Width": 8,
                    "Actual Startup Time": 3262.917,
                    "Actual Total Time": 3262.921,
                    "Actual Rows": 240688,
                    "Actual Loops": 2,
                    "Hash Buckets": 1048576,
                    "Original Hash Buckets": 1048576,
                    "Hash Batches": 1,
                    "Original Hash Batches": 1,
                    "Peak Memory Usage": 27040,
                    "Plans": [
                      {
                        "Node Type": "Hash Join",
                        "Parent Relationship": "Outer",
                        "Parallel Aware": true,
                        "Join Type": "Inner",
                        "Startup Cost": 58628.92,
                        "Total Cost": 625336.91,
                        "Plan Rows": 314782,
                        "Plan Width": 8,
                        "Actual Startup Time": 141.192,
                        "Actual Total Time": 3179.705,
                        "Actual Rows": 240688,
                        "Actual Loops": 2,
                        "Inner Unique": true,
                        "Hash Cond": "(ci.movie_id = t.id)",
                        "Plans": [
                          {
                            "Node Type": "Seq Scan",
                            "Parent Relationship": "Outer",
                            "Parallel Aware": true,
                            "Relation Name": "cast_info",
                            "Alias": "ci",
                            "Startup Cost": 0.0,
                            "Total Cost": 519069.44,
                            "Plan Rows": 18147990,
                            "Plan Width": 4,
                            "Actual Startup Time": 0.015,
                            "Actual Total Time": 1607.514,
                            "Actual Rows": 15506152,
                            "Actual Loops": 2,
                            "Filter": "(person_id < 3139682)",
                            "Rows Removed by Filter": 2616020
                          },
                          {
                            "Node Type": "Hash",
                            "Parent Relationship": "Inner",
                            "Parallel Aware": true,
                            "Startup Cost": 58306.47,
                            "Total Cost": 58306.47,
                            "Plan Rows": 25796,
                            "Plan Width": 4,
                            "Actual Startup Time": 140.82,
                            "Actual Total Time": 140.821,
                            "Actual Rows": 16952,
                            "Actual Loops": 2,
                            "Hash Buckets": 65536,
                            "Original Hash Buckets": 65536,
                            "Hash Batches": 1,
                            "Original Hash Batches": 1,
                            "Peak Memory Usage": 1888,
                            "Plans": [
                              {
                                "Node Type": "Seq Scan",
                                "Parent Relationship": "Outer",
                                "Parallel Aware": true,
                                "Relation Name": "title",
                                "Alias": "t",
                                "Startup Cost": 0.0,
                                "Total Cost": 58306.47,
                                "Plan Rows": 25796,
                                "Plan Width": 4,
                                "Actual Startup Time": 0.082,
                                "Actual Total Time": 135.751,
                                "Actual Rows": 16952,
                                "Actual Loops": 2,
                                "Filter": "((kind_id < 7) AND (production_year = 2006))",
                                "Rows Removed by Filter": 1247204
                              }
                            ]
                          }
                        ]
                      }
                    ]
                  }
                ]
              }
            ]
          }
        ]
      }
    ]
  },
  "Planning Time": 0.96,
  "Triggers": [],
  "Execution Time": 5917.828
}