{
  "Plan": {
    "Node Type": "Aggregate",
    "Strategy": "Plain",
    "Partial Mode": "Finalize",
    "Parallel Aware": false,
    "Startup Cost": 172633.73,
    "Total Cost": 172633.74,
    "Plan Rows": 1,
    "Plan Width": 8,
    "Actual Startup Time": 1260.56,
    "Actual Total Time": 1282.317,
    "Actual Rows": 1,
    "Actual Loops": 1,
    "Plans": [
      {
        "Node Type": "Gather",
        "Parent Relationship": "Outer",
        "Parallel Aware": false,
        "Startup Cost": 172633.61,
        "Total Cost": 172633.72,
        "Plan Rows": 1,
        "Plan Width": 8,
        "Actual Startup Time": 1257.559,
        "Actual Total Time": 1282.306,
        "Actual Rows": 2,
        "Actual Loops": 1,
        "Workers Planned": 1,
        "Workers Launched": 1,
        "Single Copy": false,
        "Plans": [
          {
            "Node Type": "Aggregate",
            "Strategy": "Plain",
            "Partial Mode": "Partial",
            "Parent Relationship": "Outer",
            "Parallel Aware": false,
            "Startup Cost": 171633.61,
            "Total Cost": 171633.62,
            "Plan Rows": 1,
            "Plan Width": 8,
            "Actual Startup Time": 1251.605,
            "Actual Total Time": 1251.913,
            "Actual Rows": 1,
            "Actual Loops": 2,
            "Plans": [
              {
                "Node Type": "Hash Join",
                "Parent Relationship": "Outer",
                "Parallel Aware": true,
                "Join Type": "Inner",
                "Startup Cost": 105605.98,
                "Total Cost": 170147.45,
                "Plan Rows": 594466,
                "Plan Width": 0,
                "Actual Startup Time": 642.79,
                "Actual Total Time": 1155.978,
                "Actual Rows": 2518484,
                "Actual Loops": 2,
                "Inner Unique": false,
                "Hash Cond": "(mk.movie_id = t.id)",
                "Plans": [
                  {
                    "Node Type": "Seq Scan",
                    "Parent Relationship": "Outer",
                    "Parallel Aware": true,
                    "Relation Name": "movie_keyword",
                    "Alias": "mk",
                    "Startup Cost": 0.0,
                    "Total Cost": 51065.35,
                    "Plan Rows": 2661135,
                    "Plan Width": 4,
                    "Actual Startup Time": 0.009,
                    "Actual Total Time": 149.68,
                    "Actual Rows": 2261965,
                    "Actual Loops": 2
                  },
                  {
                    "Node Type": "Hash",
                    "Parent Relationship": "Inner",
                    "Parallel Aware": true,
                    "Startup Cost": 101453.11,
                    "Total Cost": 101453.11,
                    "Plan Rows": 332230,
                    "Plan Width": 8,
                    "Actual Startup Time": 633.653,
                    "Actual Total Time": 633.96,
                    "Actual Rows": 278291,
                    "Actual Loops": 2,
                    "Hash Buckets": 1048576,
                    "Original Hash Buckets": 1048576,
                    "Hash Batches": 1,
                    "Original Hash Batches": 1,
                    "Peak Memory Usage": 30016,
                    "Plans": [
                      {
                        "Node Type": "Hash Join",
                        "Parent Relationship": "Outer",
                        "Parallel Aware": true,
                        "Join Type": "Inner",
                        "Startup Cost": 39333.31,
                        "Total Cost": 101453.11,
                        "Plan Rows": 332230,
                        "Plan Width": 8,
                        "Actual Startup Time": 166.433,
                        "Actual Total Time": 562.272,
                        "Actual Rows": 278291,
                        "Actual Loops": 2,
                        "Inner Unique": false,
                        "Hash Cond": "(t.id = mc.movie_id)",
                        "Plans": [
                          {
                            "Node Type": "Seq Scan",
                            "Parent Relationship": "Outer",
                            "Parallel Aware": true,
                            "Relation Name": "title",
                            "Alias": "t",
                            "Startup Cost": 0.0,
                            "Total Cost": 50870.31,
                            "Plan Rows": 1487231,
                            "Plan Width": 4,
                            "Actual Startup Time": 0.011,
                            "Actual Total Time": 120.861,
                            "Actual Rows": 1264156,
                            "Actual Loops": 2
                          },
                          {
                            "Node Type": "Hash",
                            "Parent Relationship": "Inner",
                            "Parallel Aware": true,
                            "Startup Cost": 35180.44,
                            "Total Cost": 35180.44,
                            "Plan Rows": 332230,
                            "Plan Width": 4,
                            "Actual Startup Time": 161.162,
                            "Actual Total Time": 161.163,
                            "Actual Rows": 278291,
                            "Actual Loops": 2,
                            "Hash Buckets": 1048576,
                            "Original Hash Buckets": 1048576,
                            "Hash Batches": 1,
                            "Original Hash Batches": 1,
                            "Peak Memory Usage": 30016,
                            "Plans": [
                              {
                                "Node Type": "Bitmap Heap Scan",
                                "Parent Relationship": "Outer",
                                "Parallel Aware": true,
                                "Relation Name": "movie_companies",
                                "Alias": "mc",
                                "Startup Cost": 12237.56,
                                "Total Cost": 35180.44,
                                "Plan Rows": 332230,
                                "Plan Width": 4,
                                "Actual Startup Time": 30.3,
                                "Actual Total Time": 96.761,
                                "Actual Rows": 278291,
                                "Actual Loops": 2,
                                "Recheck Cond": "(company_id < 588)",
                                "Rows Removed by Index Recheck": 0,
                                "Exact Heap Blocks": 10816,
                                "Lossy Heap Blocks": 0,
                                "Plans": [
                                  {
                                    "Node Type": "Bitmap Index Scan",
                                    "Parent Relationship": "Outer",
                                    "Parallel Aware": false,
                                    "Index Name": "company_id_movie_companies",
                                    "Startup Cost": 0.0,
                                    "Total Cost": 12096.36,
                                    "Plan Rows": 564791,
                                    "Plan Width": 0,
                                    "Actual Startup Time": 27.463,
                                    "Actual Total Time": 27.464,
                                    "Actual Rows": 556582,
                                    "Actual Loops": 1,
                                    "Index Cond": "(company_id < 588)"
                                  }
                                ]
                              }
                            ]
                          }
                        ]
                      }
                    ]
                  }
                ]
              }
            ]
          }
        ]
      }
    ]
  },
  "Planning Time": 1.093,
  "Triggers": [],
  "Execution Time": 1282.445
}