{
  "Plan": {
    "Node Type": "Aggregate",
    "Strategy": "Plain",
    "Partial Mode": "Finalize",
    "Parallel Aware": false,
    "Startup Cost": 937913.73,
    "Total Cost": 937913.74,
    "Plan Rows": 1,
    "Plan Width": 8,
    "Actual Startup Time": 6004.084,
    "Actual Total Time": 6057.605,
    "Actual Rows": 1,
    "Actual Loops": 1,
    "Plans": [
      {
        "Node Type": "Gather",
        "Parent Relationship": "Outer",
        "Parallel Aware": false,
        "Startup Cost": 937913.61,
        "Total Cost": 937913.72,
        "Plan Rows": 1,
        "Plan Width": 8,
        "Actual Startup Time": 5998.863,
        "Actual Total Time": 6057.598,
        "Actual Rows": 2,
        "Actual Loops": 1,
        "Workers Planned": 1,
        "Workers Launched": 1,
        "Single Copy": false,
        "Plans": [
          {
            "Node Type": "Aggregate",
            "Strategy": "Plain",
            "Partial Mode": "Partial",
            "Parent Relationship": "Outer",
            "Parallel Aware": false,
            "Startup Cost": 936913.61,
            "Total Cost": 936913.62,
            "Plan Rows": 1,
            "Plan Width": 8,
            "Actual Startup Time": 5990.282,
            "Actual Total Time": 5990.289,
            "Actual Rows": 1,
            "Actual Loops": 2,
            "Plans": [
              {
                "Node Type": "Hash Join",
                "Parent Relationship": "Outer",
                "Parallel Aware": true,
                "Join Type": "Inner",
                "Startup Cost": 277910.96,
                "Total Cost": 923636.49,
                "Plan Rows": 5310851,
                "Plan Width": 0,
                "Actual Startup Time": 1575.347,
                "Actual Total Time": 5779.361,
                "Actual Rows": 5008590,
                "Actual Loops": 2,
                "Inner Unique": false,
                "Hash Cond": "(ci.movie_id = t.id)",
                "Plans": [
                  {
                    "Node Type": "Seq Scan",
                    "Parent Relationship": "Outer",
                    "Parallel Aware": true,
                    "Relation Name": "cast_info",
                    "Alias": "ci",
                    "Startup Cost": 0.0,
                    "Total Cost": 572345.93,
                    "Plan Rows": 11237152,
                    "Plan Width": 4,
                    "Actual Startup Time": 336.589,
                    "Actual Total Time": 1781.826,
                    "Actual Rows": 8916092,
                    "Actual Loops": 2,
                    "Filter": "((person_id > 1021089) AND (role_id < 5))",
                    "Rows Removed by Filter": 9206080
                  },
                  {
                    "Node Type": "Hash",
                    "Parent Relationship": "Inner",
                    "Parallel Aware": true,
                    "Startup Cost": 269124.86,
                    "Total Cost": 269124.86,
                    "Plan Rows": 702888,
                    "Plan Width": 8,
                    "Actual Startup Time": 1224.37,
                    "Actual Total Time": 1224.375,
                    "Actual Rows": 570736,
                    "Actual Loops": 2,
                    "Hash Buckets": 2097152,
                    "Original Hash Buckets": 2097152,
                    "Hash Batches": 1,
                    "Original Hash Batches": 1,
                    "Peak Memory Usage": 61056,
                    "Plans": [
                      {
                        "Node Type": "Hash Join",
                        "Parent Relationship": "Outer",
                        "Parallel Aware": true,
                        "Join Type": "Inner",
                        "Startup Cost": 95351.05,
                        "Total Cost": 269124.86,
                        "Plan Rows": 702888,
                        "Plan Width": 8,
                        "Actual Startup Time": 659.618,
                        "Actual Total Time": 1039.069,
                        "Actual Rows": 570736,
                        "Actual Loops": 2,
                        "Inner Unique": true,
                        "Hash Cond": "(mi.movie_id = t.id)",
                        "Plans": [
                          {
                            "Node Type": "Bitmap Heap Scan",
                            "Parent Relationship": "Outer",
                            "Parallel Aware": true,
                            "Relation Name": "movie_info",
                            "Alias": "mi",
                            "Startup Cost": 23986.4,
                            "Total Cost": 195715.6,
                            "Plan Rows": 778896,
                            "Plan Width": 4,
                            "Actual Startup Time": 67.612,
                            "Actual Total Time": 137.245,
                            "Actual Rows": 662680,
                            "Actual Loops": 2,
                            "Recheck Cond": "(info_type_id = 8)",
                            "Rows Removed by Index Recheck": 0,
                            "Exact Heap Blocks": 4486,
                            "Lossy Heap Blocks": 0,
                            "Plans": [
                              {
                                "Node Type": "Bitmap Index Scan",
                                "Parent Relationship": "Outer",
                                "Parallel Aware": false,
                                "Index Name": "info_type_id_movie_info",
                                "Startup Cost": 0.0,
                                "Total Cost": 23655.37,
                                "Plan Rows": 1324124,
                                "Plan Width": 0,
                                "Actual Startup Time": 65.686,
                                "Actual Total Time": 65.686,
                                "Actual Rows": 1325361,
                                "Actual Loops": 1,
                                "Index Cond": "(info_type_id = 8)"
                              }
                            ]
                          },
                          {
                            "Node Type": "Hash",
                            "Parent Relationship": "Inner",
                            "Parallel Aware": true,
                            "Startup Cost": 54588.39,
                            "Total Cost": 54588.39,
                            "Plan Rows": 1342101,
                            "Plan Width": 4,
                            "Actual Startup Time": 578.963,
                            "Actual Total Time": 578.964,
                            "Actual Rows": 1137631,
                            "Actual Loops": 2,
                            "Hash Buckets": 4194304,
                            "Original Hash Buckets": 4194304,
                            "Hash Batches": 1,
                            "Original Hash Batches": 1,
                            "Peak Memory Usage": 121824,
                            "Plans": [
                              {
                                "Node Type": "Seq Scan",
                                "Parent Relationship": "Outer",
                                "Parallel Aware": true,
                                "Relation Name": "title",
                                "Alias": "t",
                                "Startup Cost": 0.0,
                                "Total Cost": 54588.39,
                                "Plan Rows": 1342101,
                                "Plan Width": 4,
                                "Actual Startup Time": 0.029,
                                "Actual Total Time": 207.659,
                                "Actual Rows": 1137631,
                                "Actual Loops": 2,
                                "Filter": "(production_year > 1952)",
                                "Rows Removed by Filter": 126525
                              }
                            ]
                          }
                        ]
                      }
                    ]
                  }
                ]
              }
            ]
          }
        ]
      }
    ]
  },
  "Planning Time": 1.033,
  "Triggers": [],
  "Execution Time": 6057.72
}