[
  {
    "Plan": {
      "Node Type": "Aggregate",
      "Strategy": "Plain",
      "Partial Mode": "Finalize",
      "Parallel Aware": false,
      "Startup Cost": 148703.54,
      "Total Cost": 148703.55,
      "Plan Rows": 1,
      "Plan Width": 8,
      "Actual Startup Time": 142.972,
      "Actual Total Time": 169.99,
      "Actual Rows": 1,
      "Actual Loops": 1,
      "Plans": [
        {
          "Node Type": "Gather",
          "Parent Relationship": "Outer",
          "Parallel Aware": false,
          "Startup Cost": 148703.12,
          "Total Cost": 148703.53,
          "Plan Rows": 4,
          "Plan Width": 8,
          "Actual Startup Time": 142.778,
          "Actual Total Time": 169.976,
          "Actual Rows": 5,
          "Actual Loops": 1,
          "Workers Planned": 4,
          "Workers Launched": 4,
          "Single Copy": false,
          "Plans": [
            {
              "Node Type": "Aggregate",
              "Strategy": "Plain",
              "Partial Mode": "Partial",
              "Parent Relationship": "Outer",
              "Parallel Aware": false,
              "Startup Cost": 147703.12,
              "Total Cost": 147703.13,
              "Plan Rows": 1,
              "Plan Width": 8,
              "Actual Startup Time": 136.361,
              "Actual Total Time": 136.363,
              "Actual Rows": 1,
              "Actual Loops": 5,
              "Plans": [
                {
                  "Node Type": "Nested Loop",
                  "Parent Relationship": "Outer",
                  "Parallel Aware": false,
                  "Join Type": "Inner",
                  "Startup Cost": 0.56,
                  "Total Cost": 147692.27,
                  "Plan Rows": 4339,
                  "Plan Width": 0,
                  "Actual Startup Time": 50.702,
                  "Actual Total Time": 135.819,
                  "Actual Rows": 6010,
                  "Actual Loops": 5,
                  "Inner Unique": false,
                  "Plans": [
                    {
                      "Node Type": "Seq Scan",
                      "Parent Relationship": "Outer",
                      "Parallel Aware": true,
                      "Relation Name": "title",
                      "Alias": "t",
                      "Startup Cost": 0.0,
                      "Total Cost": 45479.59,
                      "Plan Rows": 864,
                      "Plan Width": 4,
                      "Actual Startup Time": 50.597,
                      "Actual Total Time": 72.417,
                      "Actual Rows": 850,
                      "Actual Loops": 5,
                      "Filter": "((kind_id = 1) AND (production_year = 1972))",
                      "Rows Removed by Filter": 504812
                    },
                    {
                      "Node Type": "Index Scan",
                      "Parent Relationship": "Inner",
                      "Parallel Aware": false,
                      "Scan Direction": "Forward",
                      "Index Name": "movie_id_cast_info",
                      "Relation Name": "cast_info",
                      "Alias": "ci",
                      "Startup Cost": 0.56,
                      "Total Cost": 118.18,
                      "Plan Rows": 12,
                      "Plan Width": 4,
                      "Actual Startup Time": 0.016,
                      "Actual Total Time": 0.073,
                      "Actual Rows": 7,
                      "Actual Loops": 4252,
                      "Index Cond": "(movie_id = t.id)",
                      "Rows Removed by Index Recheck": 0,
                      "Filter": "(role_id = 1)",
                      "Rows Removed by Filter": 9
                    }
                  ]
                }
              ]
            }
          ]
        }
      ]
    },
    "Planning Time": 0.286,
    "Triggers": [],
    "Execution Time": 170.039
  }
]