[
  {
    "Plan": {
      "Node Type": "Aggregate",
      "Strategy": "Plain",
      "Partial Mode": "Finalize",
      "Parallel Aware": false,
      "Startup Cost": 27476.1,
      "Total Cost": 27476.11,
      "Plan Rows": 1,
      "Plan Width": 8,
      "Actual Startup Time": 66.016,
      "Actual Total Time": 72.598,
      "Actual Rows": 1,
      "Actual Loops": 1,
      "Plans": [
        {
          "Node Type": "Gather",
          "Parent Relationship": "Outer",
          "Parallel Aware": false,
          "Startup Cost": 27475.78,
          "Total Cost": 27476.09,
          "Plan Rows": 3,
          "Plan Width": 8,
          "Actual Startup Time": 65.81,
          "Actual Total Time": 72.59,
          "Actual Rows": 4,
          "Actual Loops": 1,
          "Workers Planned": 3,
          "Workers Launched": 3,
          "Single Copy": false,
          "Plans": [
            {
              "Node Type": "Aggregate",
              "Strategy": "Plain",
              "Partial Mode": "Partial",
              "Parent Relationship": "Outer",
              "Parallel Aware": false,
              "Startup Cost": 26475.78,
              "Total Cost": 26475.79,
              "Plan Rows": 1,
              "Plan Width": 8,
              "Actual Startup Time": 62.237,
              "Actual Total Time": 62.238,
              "Actual Rows": 1,
              "Actual Loops": 4,
              "Plans": [
                {
                  "Node Type": "Bitmap Heap Scan",
                  "Parent Relationship": "Outer",
                  "Parallel Aware": true,
                  "Relation Name": "movie_companies",
                  "Alias": "mc",
                  "Startup Cost": 6283.09,
                  "Total Cost": 26242.0,
                  "Plan Rows": 93513,
                  "Plan Width": 0,
                  "Actual Startup Time": 17.613,
                  "Actual Total Time": 57.881,
                  "Actual Rows": 70938,
                  "Actual Loops": 4,
                  "Recheck Cond": "(company_id < 155)",
                  "Rows Removed by Index Recheck": 0,
                  "Exact Heap Blocks": 8943,
                  "Lossy Heap Blocks": 0,
                  "Plans": [
                    {
                      "Node Type": "Bitmap Index Scan",
                      "Parent Relationship": "Outer",
                      "Parallel Aware": false,
                      "Index Name": "company_id_movie_companies",
                      "Startup Cost": 0.0,
                      "Total Cost": 6210.61,
                      "Plan Rows": 289891,
                      "Plan Width": 0,
                      "Actual Startup Time": 17.554,
                      "Actual Total Time": 17.554,
                      "Actual Rows": 283753,
                      "Actual Loops": 1,
                      "Index Cond": "(company_id < 155)"
                    }
                  ]
                }
              ]
            }
          ]
        }
      ]
    },
    "Planning Time": 0.16,
    "Triggers": [],
    "Execution Time": 72.666
  }
]