[
  {
    "Plan": {
      "Node Type": "Aggregate",
      "Strategy": "Plain",
      "Partial Mode": "Finalize",
      "Parallel Aware": false,
      "Startup Cost": 32953.7,
      "Total Cost": 32953.71,
      "Plan Rows": 1,
      "Plan Width": 8,
      "Actual Startup Time": 111.703,
      "Actual Total Time": 120.476,
      "Actual Rows": 1,
      "Actual Loops": 1,
      "Plans": [
        {
          "Node Type": "Gather",
          "Parent Relationship": "Outer",
          "Parallel Aware": false,
          "Startup Cost": 32953.39,
          "Total Cost": 32953.7,
          "Plan Rows": 3,
          "Plan Width": 8,
          "Actual Startup Time": 111.586,
          "Actual Total Time": 120.467,
          "Actual Rows": 4,
          "Actual Loops": 1,
          "Workers Planned": 3,
          "Workers Launched": 3,
          "Single Copy": false,
          "Plans": [
            {
              "Node Type": "Aggregate",
              "Strategy": "Plain",
              "Partial Mode": "Partial",
              "Parent Relationship": "Outer",
              "Parallel Aware": false,
              "Startup Cost": 31953.39,
              "Total Cost": 31953.4,
              "Plan Rows": 1,
              "Plan Width": 8,
              "Actual Startup Time": 103.083,
              "Actual Total Time": 103.084,
              "Actual Rows": 1,
              "Actual Loops": 4,
              "Plans": [
                {
                  "Node Type": "Seq Scan",
                  "Parent Relationship": "Outer",
                  "Parallel Aware": true,
                  "Relation Name": "movie_companies",
                  "Alias": "mc",
                  "Startup Cost": 0.0,
                  "Total Cost": 31414.82,
                  "Plan Rows": 215427,
                  "Plan Width": 0,
                  "Actual Startup Time": 0.052,
                  "Actual Total Time": 87.758,
                  "Actual Rows": 227661,
                  "Actual Loops": 4,
                  "Filter": "((company_id < 11594) AND (company_type_id < 2))",
                  "Rows Removed by Filter": 424621
                }
              ]
            }
          ]
        }
      ]
    },
    "Planning Time": 0.192,
    "Triggers": [],
    "Execution Time": 120.538
  }
]