[
  {
    "Plan": {
      "Node Type": "Aggregate",
      "Strategy": "Plain",
      "Partial Mode": "Finalize",
      "Parallel Aware": false,
      "Startup Cost": 41557.76,
      "Total Cost": 41557.77,
      "Plan Rows": 1,
      "Plan Width": 8,
      "Actual Startup Time": 55.445,
      "Actual Total Time": 62.879,
      "Actual Rows": 1,
      "Actual Loops": 1,
      "Plans": [
        {
          "Node Type": "Gather",
          "Parent Relationship": "Outer",
          "Parallel Aware": false,
          "Startup Cost": 41557.54,
          "Total Cost": 41557.75,
          "Plan Rows": 2,
          "Plan Width": 8,
          "Actual Startup Time": 55.161,
          "Actual Total Time": 62.872,
          "Actual Rows": 3,
          "Actual Loops": 1,
          "Workers Planned": 2,
          "Workers Launched": 2,
          "Single Copy": false,
          "Plans": [
            {
              "Node Type": "Aggregate",
              "Strategy": "Plain",
              "Partial Mode": "Partial",
              "Parent Relationship": "Outer",
              "Parallel Aware": false,
              "Startup Cost": 40557.54,
              "Total Cost": 40557.55,
              "Plan Rows": 1,
              "Plan Width": 8,
              "Actual Startup Time": 46.893,
              "Actual Total Time": 46.894,
              "Actual Rows": 1,
              "Actual Loops": 3,
              "Plans": [
                {
                  "Node Type": "Nested Loop",
                  "Parent Relationship": "Outer",
                  "Parallel Aware": false,
                  "Join Type": "Inner",
                  "Startup Cost": 177.14,
                  "Total Cost": 40556.72,
                  "Plan Rows": 330,
                  "Plan Width": 0,
                  "Actual Startup Time": 18.1,
                  "Actual Total Time": 46.726,
                  "Actual Rows": 1313,
                  "Actual Loops": 3,
                  "Inner Unique": true,
                  "Plans": [
                    {
                      "Node Type": "Bitmap Heap Scan",
                      "Parent Relationship": "Outer",
                      "Parallel Aware": true,
                      "Relation Name": "movie_keyword",
                      "Alias": "mk",
                      "Startup Cost": 176.71,
                      "Total Cost": 17130.16,
                      "Plan Rows": 3456,
                      "Plan Width": 4,
                      "Actual Startup Time": 5.436,
                      "Actual Total Time": 17.277,
                      "Actual Rows": 3078,
                      "Actual Loops": 3,
                      "Recheck Cond": "(keyword_id = 784)",
                      "Rows Removed by Index Recheck": 0,
                      "Exact Heap Blocks": 5312,
                      "Lossy Heap Blocks": 0,
                      "Plans": [
                        {
                          "Node Type": "Bitmap Index Scan",
                          "Parent Relationship": "Outer",
                          "Parallel Aware": false,
                          "Index Name": "keyword_id_movie_keyword",
                          "Startup Cost": 0.0,
                          "Total Cost": 174.64,
                          "Plan Rows": 8294,
                          "Plan Width": 0,
                          "Actual Startup Time": 9.761,
                          "Actual Total Time": 9.761,
                          "Actual Rows": 9234,
                          "Actual Loops": 1,
                          "Index Cond": "(keyword_id = 784)"
                        }
                      ]
                    },
                    {
                      "Node Type": "Index Scan",
                      "Parent Relationship": "Inner",
                      "Parallel Aware": false,
                      "Scan Direction": "Forward",
                      "Index Name": "title_pkey",
                      "Relation Name": "title",
                      "Alias": "t",
                      "Startup Cost": 0.43,
                      "Total Cost": 6.78,
                      "Plan Rows": 1,
                      "Plan Width": 4,
                      "Actual Startup Time": 0.009,
                      "Actual Total Time": 0.009,
                      "Actual Rows": 0,
                      "Actual Loops": 9234,
                      "Index Cond": "(id = mk.movie_id)",
                      "Rows Removed by Index Recheck": 0,
                      "Filter": "((production_year < 1998) AND (kind_id = 1))",
                      "Rows Removed by Filter": 1
                    }
                  ]
                }
              ]
            }
          ]
        }
      ]
    },
    "Planning Time": 0.593,
    "Triggers": [],
    "Execution Time": 62.967
  }
]