{
  "Plan": {
    "Node Type": "Aggregate",
    "Strategy": "Plain",
    "Partial Mode": "Finalize",
    "Parallel Aware": false,
    "Startup Cost": 1191849.51,
    "Total Cost": 1191849.52,
    "Plan Rows": 1,
    "Plan Width": 8,
    "Actual Startup Time": 27547.566,
    "Actual Total Time": 27643.353,
    "Actual Rows": 1,
    "Actual Loops": 1,
    "Plans": [
      {
        "Node Type": "Gather",
        "Parent Relationship": "Outer",
        "Parallel Aware": false,
        "Startup Cost": 1191849.4,
        "Total Cost": 1191849.51,
        "Plan Rows": 1,
        "Plan Width": 8,
        "Actual Startup Time": 27537.449,
        "Actual Total Time": 27643.339,
        "Actual Rows": 2,
        "Actual Loops": 1,
        "Workers Planned": 1,
        "Workers Launched": 1,
        "Single Copy": false,
        "Plans": [
          {
            "Node Type": "Aggregate",
            "Strategy": "Plain",
            "Partial Mode": "Partial",
            "Parent Relationship": "Outer",
            "Parallel Aware": false,
            "Startup Cost": 1190849.4,
            "Total Cost": 1190849.41,
            "Plan Rows": 1,
            "Plan Width": 8,
            "Actual Startup Time": 27516.979,
            "Actual Total Time": 27516.994,
            "Actual Rows": 1,
            "Actual Loops": 2,
            "Plans": [
              {
                "Node Type": "Hash Join",
                "Parent Relationship": "Outer",
                "Parallel Aware": true,
                "Join Type": "Inner",
                "Startup Cost": 628513.78,
                "Total Cost": 1135081.4,
                "Plan Rows": 22307198,
                "Plan Width": 0,
                "Actual Startup Time": 6869.926,
                "Actual Total Time": 23033.629,
                "Actual Rows": 112453932,
                "Actual Loops": 2,
                "Inner Unique": false,
                "Hash Cond": "(mi.movie_id = t.id)",
                "Plans": [
                  {
                    "Node Type": "Seq Scan",
                    "Parent Relationship": "Outer",
                    "Parallel Aware": true,
                    "Relation Name": "movie_info",
                    "Alias": "mi",
                    "Startup Cost": 0.0,
                    "Total Cost": 270696.42,
                    "Plan Rows": 8372192,
                    "Plan Width": 4,
                    "Actual Startup Time": 0.035,
                    "Actual Total Time": 876.604,
                    "Actual Rows": 7154478,
                    "Actual Loops": 2,
                    "Filter": "(info_type_id < 103)",
                    "Rows Removed by Filter": 263382
                  },
                  {
                    "Node Type": "Hash",
                    "Parent Relationship": "Inner",
                    "Parallel Aware": true,
                    "Startup Cost": 578980.82,
                    "Total Cost": 578980.82,
                    "Plan Rows": 3962637,
                    "Plan Width": 8,
                    "Actual Startup Time": 6769.007,
                    "Actual Total Time": 6769.021,
                    "Actual Rows": 3819333,
                    "Actual Loops": 2,
                    "Hash Buckets": 8388608,
                    "Original Hash Buckets": 8388608,
                    "Hash Batches": 1,
                    "Original Hash Batches": 1,
                    "Peak Memory Usage": 364416,
                    "Plans": [
                      {
                        "Node Type": "Hash Join",
                        "Parent Relationship": "Outer",
                        "Parallel Aware": true,
                        "Join Type": "Inner",
                        "Startup Cost": 57247.47,
                        "Total Cost": 578980.82,
                        "Plan Rows": 3962637,
                        "Plan Width": 8,
                        "Actual Startup Time": 160.851,
                        "Actual Total Time": 5422.51,
                        "Actual Rows": 3819333,
                        "Actual Loops": 2,
                        "Inner Unique": true,
                        "Hash Cond": "(ci.movie_id = t.id)",
                        "Plans": [
                          {
                            "Node Type": "Seq Scan",
                            "Parent Relationship": "Outer",
                            "Parallel Aware": true,
                            "Relation Name": "cast_info",
                            "Alias": "ci",
                            "Startup Cost": 0.0,
                            "Total Cost": 465792.95,
                            "Plan Rows": 21310595,
                            "Plan Width": 4,
                            "Actual Startup Time": 0.014,
                            "Actual Total Time": 1410.247,
                            "Actual Rows": 18122172,
                            "Actual Loops": 2
                          },
                          {
                            "Node Type": "Hash",
                            "Parent Relationship": "Inner",
                            "Parallel Aware": true,
                            "Startup Cost": 53790.64,
                            "Total Cost": 53790.64,
                            "Plan Rows": 276546,
                            "Plan Width": 4,
                            "Actual Startup Time": 159.288,
                            "Actual Total Time": 159.292,
                            "Actual Rows": 248012,
                            "Actual Loops": 2,
                            "Hash Buckets": 524288,
                            "Original Hash Buckets": 524288,
                            "Hash Batches": 1,
                            "Original Hash Batches": 1,
                            "Peak Memory Usage": 23520,
                            "Plans": [
                              {
                                "Node Type": "Bitmap Heap Scan",
                                "Parent Relationship": "Outer",
                                "Parallel Aware": true,
                                "Relation Name": "title",
                                "Alias": "t",
                                "Startup Cost": 11940.38,
                                "Total Cost": 53790.64,
                                "Plan Rows": 276546,
                                "Plan Width": 4,
                                "Actual Startup Time": 21.545,
                                "Actual Total Time": 93.124,
                                "Actual Rows": 248012,
                                "Actual Loops": 2,
                                "Recheck Cond": "(kind_id = 1)",
                                "Rows Removed by Index Recheck": 0,
                                "Filter": "(production_year < 2009)",
                                "Rows Removed by Filter": 83400,
                                "Exact Heap Blocks": 7968,
                                "Lossy Heap Blocks": 0,
                                "Plans": [
                                  {
                                    "Node Type": "Bitmap Index Scan",
                                    "Parent Relationship": "Outer",
                                    "Parallel Aware": false,
                                    "Index Name": "kind_id_title",
                                    "Startup Cost": 0.0,
                                    "Total Cost": 11822.85,
                                    "Plan Rows": 663256,
                                    "Plan Width": 0,
                                    "Actual Startup Time": 19.668,
                                    "Actual Total Time": 19.669,
                                    "Actual Rows": 662825,
                                    "Actual Loops": 1,
                                    "Index Cond": "(kind_id = 1)"
                                  }
                                ]
                              }
                            ]
                          }
                        ]
                      }
                    ]
                  }
                ]
              }
            ]
          }
        ]
      }
    ]
  },
  "Planning Time": 0.997,
  "Triggers": [],
  "Execution Time": 27643.487
}