[
  {
    "Plan": {
      "Node Type": "Aggregate",
      "Strategy": "Plain",
      "Partial Mode": "Finalize",
      "Parallel Aware": false,
      "Startup Cost": 283802.85,
      "Total Cost": 283802.86,
      "Plan Rows": 1,
      "Plan Width": 8,
      "Actual Startup Time": 122.967,
      "Actual Total Time": 131.238,
      "Actual Rows": 1,
      "Actual Loops": 1,
      "Plans": [
        {
          "Node Type": "Gather",
          "Parent Relationship": "Outer",
          "Parallel Aware": false,
          "Startup Cost": 283802.22,
          "Total Cost": 283802.83,
          "Plan Rows": 6,
          "Plan Width": 8,
          "Actual Startup Time": 122.521,
          "Actual Total Time": 131.221,
          "Actual Rows": 7,
          "Actual Loops": 1,
          "Workers Planned": 6,
          "Workers Launched": 6,
          "Single Copy": false,
          "Plans": [
            {
              "Node Type": "Aggregate",
              "Strategy": "Plain",
              "Partial Mode": "Partial",
              "Parent Relationship": "Outer",
              "Parallel Aware": false,
              "Startup Cost": 282802.22,
              "Total Cost": 282802.23,
              "Plan Rows": 1,
              "Plan Width": 8,
              "Actual Startup Time": 112.921,
              "Actual Total Time": 112.923,
              "Actual Rows": 1,
              "Actual Loops": 7,
              "Plans": [
                {
                  "Node Type": "Bitmap Heap Scan",
                  "Parent Relationship": "Outer",
                  "Parallel Aware": true,
                  "Relation Name": "cast_info",
                  "Alias": "ci",
                  "Startup Cost": 27052.14,
                  "Total Cost": 282291.71,
                  "Plan Rows": 204206,
                  "Plan Width": 0,
                  "Actual Startup Time": 42.716,
                  "Actual Total Time": 100.303,
                  "Actual Rows": 181293,
                  "Actual Loops": 7,
                  "Recheck Cond": "(person_id < 127529)",
                  "Rows Removed by Index Recheck": 0,
                  "Exact Heap Blocks": 4055,
                  "Lossy Heap Blocks": 0,
                  "Plans": [
                    {
                      "Node Type": "Bitmap Index Scan",
                      "Parent Relationship": "Outer",
                      "Parallel Aware": false,
                      "Index Name": "person_id_cast_info",
                      "Startup Cost": 0.0,
                      "Total Cost": 26745.83,
                      "Plan Rows": 1225235,
                      "Plan Width": 0,
                      "Actual Startup Time": 49.606,
                      "Actual Total Time": 49.606,
                      "Actual Rows": 1269048,
                      "Actual Loops": 1,
                      "Index Cond": "(person_id < 127529)"
                    }
                  ]
                }
              ]
            }
          ]
        }
      ]
    },
    "Planning Time": 0.214,
    "Triggers": [],
    "Execution Time": 131.32
  }
]