[
  {
    "Plan": {
      "Node Type": "Aggregate",
      "Strategy": "Plain",
      "Partial Mode": "Finalize",
      "Parallel Aware": false,
      "Startup Cost": 46574.7,
      "Total Cost": 46574.71,
      "Plan Rows": 1,
      "Plan Width": 8,
      "Actual Startup Time": 104.577,
      "Actual Total Time": 116.479,
      "Actual Rows": 1,
      "Actual Loops": 1,
      "Plans": [
        {
          "Node Type": "Gather",
          "Parent Relationship": "Outer",
          "Parallel Aware": false,
          "Startup Cost": 46574.28,
          "Total Cost": 46574.69,
          "Plan Rows": 4,
          "Plan Width": 8,
          "Actual Startup Time": 104.271,
          "Actual Total Time": 116.461,
          "Actual Rows": 5,
          "Actual Loops": 1,
          "Workers Planned": 4,
          "Workers Launched": 4,
          "Single Copy": false,
          "Plans": [
            {
              "Node Type": "Aggregate",
              "Strategy": "Plain",
              "Partial Mode": "Partial",
              "Parent Relationship": "Outer",
              "Parallel Aware": false,
              "Startup Cost": 45574.28,
              "Total Cost": 45574.29,
              "Plan Rows": 1,
              "Plan Width": 8,
              "Actual Startup Time": 96.071,
              "Actual Total Time": 96.073,
              "Actual Rows": 1,
              "Actual Loops": 5,
              "Plans": [
                {
                  "Node Type": "Seq Scan",
                  "Parent Relationship": "Outer",
                  "Parallel Aware": true,
                  "Relation Name": "title",
                  "Alias": "t",
                  "Startup Cost": 0.0,
                  "Total Cost": 45479.59,
                  "Plan Rows": 37876,
                  "Plan Width": 0,
                  "Actual Startup Time": 0.123,
                  "Actual Total Time": 94.363,
                  "Actual Rows": 26952,
                  "Actual Loops": 5,
                  "Filter": "((kind_id < 7) AND (production_year > 2010))",
                  "Rows Removed by Filter": 478710
                }
              ]
            }
          ]
        }
      ]
    },
    "Planning Time": 0.113,
    "Triggers": [],
    "Execution Time": 116.52
  }
]