{
  "Plan": {
    "Node Type": "Aggregate",
    "Strategy": "Plain",
    "Partial Mode": "Simple",
    "Parallel Aware": false,
    "Startup Cost": 27868.42,
    "Total Cost": 27868.43,
    "Plan Rows": 1,
    "Plan Width": 8,
    "Actual Startup Time": 29.434,
    "Actual Total Time": 29.436,
    "Actual Rows": 1,
    "Actual Loops": 1,
    "Plans": [
      {
        "Node Type": "Nested Loop",
        "Parent Relationship": "Outer",
        "Parallel Aware": false,
        "Join Type": "Inner",
        "Startup Cost": 234.88,
        "Total Cost": 27868.16,
        "Plan Rows": 103,
        "Plan Width": 0,
        "Actual Startup Time": 8.134,
        "Actual Total Time": 29.352,
        "Actual Rows": 561,
        "Actual Loops": 1,
        "Inner Unique": false,
        "Plans": [
          {
            "Node Type": "Bitmap Heap Scan",
            "Parent Relationship": "Outer",
            "Parallel Aware": false,
            "Relation Name": "title",
            "Alias": "t",
            "Startup Cost": 234.45,
            "Total Cost": 26274.48,
            "Plan Rows": 189,
            "Plan Width": 4,
            "Actual Startup Time": 8.0,
            "Actual Total Time": 26.502,
            "Actual Rows": 322,
            "Actual Loops": 1,
            "Recheck Cond": "(kind_id = 6)",
            "Rows Removed by Index Recheck": 0,
            "Filter": "(production_year = 1996)",
            "Rows Removed by Filter": 12278,
            "Exact Heap Blocks": 7903,
            "Lossy Heap Blocks": 0,
            "Plans": [
              {
                "Node Type": "Bitmap Index Scan",
                "Parent Relationship": "Outer",
                "Parallel Aware": false,
                "Index Name": "kind_id_title",
                "Startup Cost": 0.0,
                "Total Cost": 234.4,
                "Plan Rows": 13063,
                "Plan Width": 0,
                "Actual Startup Time": 4.129,
                "Actual Total Time": 4.13,
                "Actual Rows": 12600,
                "Actual Loops": 1,
                "Index Cond": "(kind_id = 6)"
              }
            ]
          },
          {
            "Node Type": "Index Only Scan",
            "Parent Relationship": "Inner",
            "Parallel Aware": false,
            "Scan Direction": "Forward",
            "Index Name": "movie_id_movie_info_idx",
            "Relation Name": "movie_info_idx",
            "Alias": "mi_idx",
            "Startup Cost": 0.43,
            "Total Cost": 8.4,
            "Plan Rows": 3,
            "Plan Width": 4,
            "Actual Startup Time": 0.007,
            "Actual Total Time": 0.008,
            "Actual Rows": 2,
            "Actual Loops": 322,
            "Index Cond": "(movie_id = t.id)",
            "Rows Removed by Index Recheck": 0,
            "Heap Fetches": 561
          }
        ]
      }
    ]
  },
  "Planning Time": 0.448,
  "Triggers": [],
  "Execution Time": 29.518
}