[
  {
    "Plan": {
      "Node Type": "Aggregate",
      "Strategy": "Plain",
      "Partial Mode": "Simple",
      "Parallel Aware": false,
      "Startup Cost": 24758.74,
      "Total Cost": 24758.75,
      "Plan Rows": 1,
      "Plan Width": 8,
      "Actual Startup Time": 16.042,
      "Actual Total Time": 16.043,
      "Actual Rows": 1,
      "Actual Loops": 1,
      "Plans": [
        {
          "Node Type": "Bitmap Heap Scan",
          "Parent Relationship": "Outer",
          "Parallel Aware": false,
          "Relation Name": "movie_keyword",
          "Alias": "mk",
          "Startup Cost": 408.54,
          "Total Cost": 24710.97,
          "Plan Rows": 19111,
          "Plan Width": 0,
          "Actual Startup Time": 2.525,
          "Actual Total Time": 14.642,
          "Actual Rows": 17782,
          "Actual Loops": 1,
          "Recheck Cond": "(keyword_id > 118965)",
          "Rows Removed by Index Recheck": 0,
          "Exact Heap Blocks": 5461,
          "Lossy Heap Blocks": 0,
          "Plans": [
            {
              "Node Type": "Bitmap Index Scan",
              "Parent Relationship": "Outer",
              "Parallel Aware": false,
              "Index Name": "keyword_id_movie_keyword",
              "Startup Cost": 0.0,
              "Total Cost": 403.76,
              "Plan Rows": 19111,
              "Plan Width": 0,
              "Actual Startup Time": 1.662,
              "Actual Total Time": 1.662,
              "Actual Rows": 17782,
              "Actual Loops": 1,
              "Index Cond": "(keyword_id > 118965)"
            }
          ]
        }
      ]
    },
    "Planning Time": 0.131,
    "Triggers": [],
    "Execution Time": 16.071
  }
]