[
  {
    "Plan": {
      "Node Type": "Aggregate",
      "Strategy": "Plain",
      "Partial Mode": "Simple",
      "Parallel Aware": false,
      "Startup Cost": 24947.94,
      "Total Cost": 24947.95,
      "Plan Rows": 1,
      "Plan Width": 8,
      "Actual Startup Time": 26.504,
      "Actual Total Time": 26.505,
      "Actual Rows": 1,
      "Actual Loops": 1,
      "Plans": [
        {
          "Node Type": "Bitmap Heap Scan",
          "Parent Relationship": "Outer",
          "Parallel Aware": false,
          "Relation Name": "movie_keyword",
          "Alias": "mk",
          "Startup Cost": 420.74,
          "Total Cost": 24898.81,
          "Plan Rows": 19652,
          "Plan Width": 0,
          "Actual Startup Time": 5.868,
          "Actual Total Time": 24.156,
          "Actual Rows": 17782,
          "Actual Loops": 1,
          "Recheck Cond": "(keyword_id > 118965)",
          "Rows Removed by Index Recheck": 0,
          "Exact Heap Blocks": 5461,
          "Lossy Heap Blocks": 0,
          "Plans": [
            {
              "Node Type": "Bitmap Index Scan",
              "Parent Relationship": "Outer",
              "Parallel Aware": false,
              "Index Name": "keyword_id_movie_keyword",
              "Startup Cost": 0.0,
              "Total Cost": 415.82,
              "Plan Rows": 19652,
              "Plan Width": 0,
              "Actual Startup Time": 3.446,
              "Actual Total Time": 3.446,
              "Actual Rows": 17782,
              "Actual Loops": 1,
              "Index Cond": "(keyword_id > 118965)"
            }
          ]
        }
      ]
    },
    "Planning Time": 0.271,
    "Triggers": [],
    "Execution Time": 26.559
  }
]