{
  "Plan": {
    "Node Type": "Aggregate",
    "Strategy": "Plain",
    "Partial Mode": "Finalize",
    "Parallel Aware": false,
    "Startup Cost": 121168.91,
    "Total Cost": 121168.92,
    "Plan Rows": 1,
    "Plan Width": 8,
    "Actual Startup Time": 799.804,
    "Actual Total Time": 817.508,
    "Actual Rows": 1,
    "Actual Loops": 1,
    "Plans": [
      {
        "Node Type": "Gather",
        "Parent Relationship": "Outer",
        "Parallel Aware": false,
        "Startup Cost": 121168.8,
        "Total Cost": 121168.91,
        "Plan Rows": 1,
        "Plan Width": 8,
        "Actual Startup Time": 796.435,
        "Actual Total Time": 817.501,
        "Actual Rows": 2,
        "Actual Loops": 1,
        "Workers Planned": 1,
        "Workers Launched": 1,
        "Single Copy": false,
        "Plans": [
          {
            "Node Type": "Aggregate",
            "Strategy": "Plain",
            "Partial Mode": "Partial",
            "Parent Relationship": "Outer",
            "Parallel Aware": false,
            "Startup Cost": 120168.8,
            "Total Cost": 120168.81,
            "Plan Rows": 1,
            "Plan Width": 8,
            "Actual Startup Time": 783.592,
            "Actual Total Time": 783.596,
            "Actual Rows": 1,
            "Actual Loops": 2,
            "Plans": [
              {
                "Node Type": "Hash Join",
                "Parent Relationship": "Outer",
                "Parallel Aware": true,
                "Join Type": "Inner",
                "Startup Cost": 87095.91,
                "Total Cost": 118946.26,
                "Plan Rows": 489015,
                "Plan Width": 0,
                "Actual Startup Time": 565.334,
                "Actual Total Time": 765.488,
                "Actual Rows": 420830,
                "Actual Loops": 2,
                "Inner Unique": true,
                "Hash Cond": "(mk.movie_id = t.id)",
                "Plans": [
                  {
                    "Node Type": "Bitmap Heap Scan",
                    "Parent Relationship": "Outer",
                    "Parallel Aware": true,
                    "Relation Name": "movie_keyword",
                    "Alias": "mk",
                    "Startup Cost": 17635.21,
                    "Total Cost": 48201.9,
                    "Plan Rows": 489015,
                    "Plan Width": 4,
                    "Actual Startup Time": 47.71,
                    "Actual Total Time": 127.803,
                    "Actual Rows": 420830,
                    "Actual Loops": 2,
                    "Recheck Cond": "(keyword_id < 807)",
                    "Rows Removed by Index Recheck": 0,
                    "Exact Heap Blocks": 13382,
                    "Lossy Heap Blocks": 0,
                    "Plans": [
                      {
                        "Node Type": "Bitmap Index Scan",
                        "Parent Relationship": "Outer",
                        "Parallel Aware": false,
                        "Index Name": "keyword_id_movie_keyword",
                        "Startup Cost": 0.0,
                        "Total Cost": 17427.38,
                        "Plan Rows": 831326,
                        "Plan Width": 0,
                        "Actual Startup Time": 44.054,
                        "Actual Total Time": 44.055,
                        "Actual Rows": 841659,
                        "Actual Loops": 1,
                        "Index Cond": "(keyword_id < 807)"
                      }
                    ]
                  },
                  {
                    "Node Type": "Hash",
                    "Parent Relationship": "Inner",
                    "Parallel Aware": true,
                    "Startup Cost": 50870.31,
                    "Total Cost": 50870.31,
                    "Plan Rows": 1487231,
                    "Plan Width": 4,
                    "Actual Startup Time": 495.609,
                    "Actual Total Time": 495.61,
                    "Actual Rows": 1264156,
                    "Actual Loops": 2,
                    "Hash Buckets": 4194304,
                    "Original Hash Buckets": 4194304,
                    "Hash Batches": 1,
                    "Original Hash Batches": 1,
                    "Peak Memory Usage": 131680,
                    "Plans": [
                      {
                        "Node Type": "Seq Scan",
                        "Parent Relationship": "Outer",
                        "Parallel Aware": true,
                        "Relation Name": "title",
                        "Alias": "t",
                        "Startup Cost": 0.0,
                        "Total Cost": 50870.31,
                        "Plan Rows": 1487231,
                        "Plan Width": 4,
                        "Actual Startup Time": 0.024,
                        "Actual Total Time": 142.651,
                        "Actual Rows": 1264156,
                        "Actual Loops": 2
                      }
                    ]
                  }
                ]
              }
            ]
          }
        ]
      }
    ]
  },
  "Planning Time": 0.745,
  "Triggers": [],
  "Execution Time": 817.593
}