[
  {
    "Plan": {
      "Node Type": "Aggregate",
      "Strategy": "Plain",
      "Partial Mode": "Finalize",
      "Parallel Aware": false,
      "Startup Cost": 33131.86,
      "Total Cost": 33131.87,
      "Plan Rows": 1,
      "Plan Width": 8,
      "Actual Startup Time": 95.557,
      "Actual Total Time": 103.203,
      "Actual Rows": 1,
      "Actual Loops": 1,
      "Plans": [
        {
          "Node Type": "Gather",
          "Parent Relationship": "Outer",
          "Parallel Aware": false,
          "Startup Cost": 33131.54,
          "Total Cost": 33131.85,
          "Plan Rows": 3,
          "Plan Width": 8,
          "Actual Startup Time": 95.437,
          "Actual Total Time": 103.194,
          "Actual Rows": 4,
          "Actual Loops": 1,
          "Workers Planned": 3,
          "Workers Launched": 3,
          "Single Copy": false,
          "Plans": [
            {
              "Node Type": "Aggregate",
              "Strategy": "Plain",
              "Partial Mode": "Partial",
              "Parent Relationship": "Outer",
              "Parallel Aware": false,
              "Startup Cost": 32131.54,
              "Total Cost": 32131.55,
              "Plan Rows": 1,
              "Plan Width": 8,
              "Actual Startup Time": 86.835,
              "Actual Total Time": 86.836,
              "Actual Rows": 1,
              "Actual Loops": 4,
              "Plans": [
                {
                  "Node Type": "Seq Scan",
                  "Parent Relationship": "Outer",
                  "Parallel Aware": true,
                  "Relation Name": "movie_companies",
                  "Alias": "mc",
                  "Startup Cost": 0.0,
                  "Total Cost": 31414.82,
                  "Plan Rows": 286689,
                  "Plan Width": 0,
                  "Actual Startup Time": 49.978,
                  "Actual Total Time": 81.289,
                  "Actual Rows": 141880,
                  "Actual Loops": 4,
                  "Filter": "((company_id < 23435) AND (company_type_id = 2))",
                  "Rows Removed by Filter": 510402
                }
              ]
            }
          ]
        }
      ]
    },
    "Planning Time": 0.22,
    "Triggers": [],
    "Execution Time": 103.259
  }
]