[
  {
    "Plan": {
      "Node Type": "Aggregate",
      "Strategy": "Plain",
      "Partial Mode": "Finalize",
      "Parallel Aware": false,
      "Startup Cost": 76105.21,
      "Total Cost": 76105.22,
      "Plan Rows": 1,
      "Plan Width": 8,
      "Actual Startup Time": 256.362,
      "Actual Total Time": 272.821,
      "Actual Rows": 1,
      "Actual Loops": 1,
      "Plans": [
        {
          "Node Type": "Gather",
          "Parent Relationship": "Outer",
          "Parallel Aware": false,
          "Startup Cost": 76104.89,
          "Total Cost": 76105.2,
          "Plan Rows": 3,
          "Plan Width": 8,
          "Actual Startup Time": 255.927,
          "Actual Total Time": 272.811,
          "Actual Rows": 4,
          "Actual Loops": 1,
          "Workers Planned": 3,
          "Workers Launched": 3,
          "Single Copy": false,
          "Plans": [
            {
              "Node Type": "Aggregate",
              "Strategy": "Plain",
              "Partial Mode": "Partial",
              "Parent Relationship": "Outer",
              "Parallel Aware": false,
              "Startup Cost": 75104.89,
              "Total Cost": 75104.9,
              "Plan Rows": 1,
              "Plan Width": 8,
              "Actual Startup Time": 248.762,
              "Actual Total Time": 248.765,
              "Actual Rows": 1,
              "Actual Loops": 4,
              "Plans": [
                {
                  "Node Type": "Hash Join",
                  "Parent Relationship": "Outer",
                  "Parallel Aware": true,
                  "Join Type": "Inner",
                  "Startup Cost": 45644.96,
                  "Total Cost": 75060.85,
                  "Plan Rows": 17615,
                  "Plan Width": 0,
                  "Actual Startup Time": 110.593,
                  "Actual Total Time": 248.491,
                  "Actual Rows": 4442,
                  "Actual Loops": 4,
                  "Inner Unique": true,
                  "Hash Cond": "(mc.movie_id = t.id)",
                  "Plans": [
                    {
                      "Node Type": "Seq Scan",
                      "Parent Relationship": "Outer",
                      "Parallel Aware": true,
                      "Relation Name": "movie_companies",
                      "Alias": "mc",
                      "Startup Cost": 0.0,
                      "Total Cost": 27206.55,
                      "Plan Rows": 841655,
                      "Plan Width": 4,
                      "Actual Startup Time": 0.008,
                      "Actual Total Time": 63.291,
                      "Actual Rows": 652282,
                      "Actual Loops": 4
                    },
                    {
                      "Node Type": "Hash",
                      "Parent Relationship": "Inner",
                      "Parallel Aware": true,
                      "Startup Cost": 45479.59,
                      "Total Cost": 45479.59,
                      "Plan Rows": 13230,
                      "Plan Width": 4,
                      "Actual Startup Time": 109.61,
                      "Actual Total Time": 109.611,
                      "Actual Rows": 14228,
                      "Actual Loops": 4,
                      "Hash Buckets": 65536,
                      "Original Hash Buckets": 65536,
                      "Hash Batches": 1,
                      "Original Hash Batches": 1,
                      "Peak Memory Usage": 2816,
                      "Plans": [
                        {
                          "Node Type": "Seq Scan",
                          "Parent Relationship": "Outer",
                          "Parallel Aware": true,
                          "Relation Name": "title",
                          "Alias": "t",
                          "Startup Cost": 0.0,
                          "Total Cost": 45479.59,
                          "Plan Rows": 13230,
                          "Plan Width": 4,
                          "Actual Startup Time": 0.049,
                          "Actual Total Time": 103.448,
                          "Actual Rows": 14228,
                          "Actual Loops": 4,
                          "Filter": "((kind_id > 4) AND (production_year = 2004))",
                          "Rows Removed by Filter": 617850
                        }
                      ]
                    }
                  ]
                }
              ]
            }
          ]
        }
      ]
    },
    "Planning Time": 0.301,
    "Triggers": [],
    "Execution Time": 272.883
  }
]