{
  "Plan": {
    "Node Type": "Aggregate",
    "Strategy": "Plain",
    "Partial Mode": "Finalize",
    "Parallel Aware": false,
    "Startup Cost": 411416.23,
    "Total Cost": 411416.24,
    "Plan Rows": 1,
    "Plan Width": 8,
    "Actual Startup Time": 778.86,
    "Actual Total Time": 796.872,
    "Actual Rows": 1,
    "Actual Loops": 1,
    "Plans": [
      {
        "Node Type": "Gather",
        "Parent Relationship": "Outer",
        "Parallel Aware": false,
        "Startup Cost": 411416.12,
        "Total Cost": 411416.23,
        "Plan Rows": 1,
        "Plan Width": 8,
        "Actual Startup Time": 777.733,
        "Actual Total Time": 796.862,
        "Actual Rows": 2,
        "Actual Loops": 1,
        "Workers Planned": 1,
        "Workers Launched": 1,
        "Single Copy": false,
        "Plans": [
          {
            "Node Type": "Aggregate",
            "Strategy": "Plain",
            "Partial Mode": "Partial",
            "Parent Relationship": "Outer",
            "Parallel Aware": false,
            "Startup Cost": 410416.12,
            "Total Cost": 410416.13,
            "Plan Rows": 1,
            "Plan Width": 8,
            "Actual Startup Time": 772.004,
            "Actual Total Time": 772.009,
            "Actual Rows": 1,
            "Actual Loops": 2,
            "Plans": [
              {
                "Node Type": "Hash Join",
                "Parent Relationship": "Outer",
                "Parallel Aware": true,
                "Join Type": "Inner",
                "Startup Cost": 127355.63,
                "Total Cost": 410239.91,
                "Plan Rows": 70485,
                "Plan Width": 0,
                "Actual Startup Time": 316.629,
                "Actual Total Time": 765.881,
                "Actual Rows": 137782,
                "Actual Loops": 2,
                "Inner Unique": true,
                "Hash Cond": "(ci.movie_id = t.id)",
                "Plans": [
                  {
                    "Node Type": "Bitmap Heap Scan",
                    "Parent Relationship": "Outer",
                    "Parallel Aware": true,
                    "Relation Name": "cast_info",
                    "Alias": "ci",
                    "Startup Cost": 70763.22,
                    "Total Cost": 351931.11,
                    "Plan Rows": 653858,
                    "Plan Width": 4,
                    "Actual Startup Time": 121.873,
                    "Actual Total Time": 354.948,
                    "Actual Rows": 1196820,
                    "Actual Loops": 2,
                    "Recheck Cond": "(person_id < 319674)",
                    "Rows Removed by Index Recheck": 0,
                    "Filter": "(role_id < 2)",
                    "Rows Removed by Filter": 463922,
                    "Exact Heap Blocks": 19325,
                    "Lossy Heap Blocks": 0,
                    "Plans": [
                      {
                        "Node Type": "Bitmap Index Scan",
                        "Parent Relationship": "Outer",
                        "Parallel Aware": false,
                        "Index Name": "person_id_cast_info",
                        "Startup Cost": 0.0,
                        "Total Cost": 70485.33,
                        "Plan Rows": 3227835,
                        "Plan Width": 0,
                        "Actual Startup Time": 115.264,
                        "Actual Total Time": 115.264,
                        "Actual Rows": 3321485,
                        "Actual Loops": 1,
                        "Index Cond": "(person_id < 319674)"
                      }
                    ]
                  },
                  {
                    "Node Type": "Hash",
                    "Parent Relationship": "Inner",
                    "Parallel Aware": true,
                    "Startup Cost": 54588.39,
                    "Total Cost": 54588.39,
                    "Plan Rows": 160322,
                    "Plan Width": 4,
                    "Actual Startup Time": 191.265,
                    "Actual Total Time": 191.266,
                    "Actual Rows": 142528,
                    "Actual Loops": 2,
                    "Hash Buckets": 524288,
                    "Original Hash Buckets": 524288,
                    "Hash Batches": 1,
                    "Original Hash Batches": 1,
                    "Peak Memory Usage": 15264,
                    "Plans": [
                      {
                        "Node Type": "Seq Scan",
                        "Parent Relationship": "Outer",
                        "Parallel Aware": true,
                        "Relation Name": "title",
                        "Alias": "t",
                        "Startup Cost": 0.0,
                        "Total Cost": 54588.39,
                        "Plan Rows": 160322,
                        "Plan Width": 4,
                        "Actual Startup Time": 0.033,
                        "Actual Total Time": 144.805,
                        "Actual Rows": 142528,
                        "Actual Loops": 2,
                        "Filter": "(production_year < 1964)",
                        "Rows Removed by Filter": 1121628
                      }
                    ]
                  }
                ]
              }
            ]
          }
        ]
      }
    ]
  },
  "Planning Time": 0.364,
  "Triggers": [],
  "Execution Time": 796.945
}