[
  {
    "Plan": {
      "Node Type": "Aggregate",
      "Strategy": "Plain",
      "Partial Mode": "Finalize",
      "Parallel Aware": false,
      "Startup Cost": 33125.09,
      "Total Cost": 33125.1,
      "Plan Rows": 1,
      "Plan Width": 8,
      "Actual Startup Time": 93.613,
      "Actual Total Time": 101.712,
      "Actual Rows": 1,
      "Actual Loops": 1,
      "Plans": [
        {
          "Node Type": "Gather",
          "Parent Relationship": "Outer",
          "Parallel Aware": false,
          "Startup Cost": 33124.77,
          "Total Cost": 33125.08,
          "Plan Rows": 3,
          "Plan Width": 8,
          "Actual Startup Time": 93.503,
          "Actual Total Time": 101.704,
          "Actual Rows": 4,
          "Actual Loops": 1,
          "Workers Planned": 3,
          "Workers Launched": 3,
          "Single Copy": false,
          "Plans": [
            {
              "Node Type": "Aggregate",
              "Strategy": "Plain",
              "Partial Mode": "Partial",
              "Parent Relationship": "Outer",
              "Parallel Aware": false,
              "Startup Cost": 32124.77,
              "Total Cost": 32124.78,
              "Plan Rows": 1,
              "Plan Width": 8,
              "Actual Startup Time": 85.478,
              "Actual Total Time": 85.479,
              "Actual Rows": 1,
              "Actual Loops": 4,
              "Plans": [
                {
                  "Node Type": "Seq Scan",
                  "Parent Relationship": "Outer",
                  "Parallel Aware": true,
                  "Relation Name": "movie_companies",
                  "Alias": "mc",
                  "Startup Cost": 0.0,
                  "Total Cost": 31414.82,
                  "Plan Rows": 283982,
                  "Plan Width": 0,
                  "Actual Startup Time": 49.301,
                  "Actual Total Time": 79.973,
                  "Actual Rows": 139990,
                  "Actual Loops": 4,
                  "Filter": "((company_id < 22189) AND (company_type_id > 1))",
                  "Rows Removed by Filter": 512292
                }
              ]
            }
          ]
        }
      ]
    },
    "Planning Time": 0.21,
    "Triggers": [],
    "Execution Time": 101.767
  }
]