{
  "Plan": {
    "Node Type": "Aggregate",
    "Strategy": "Plain",
    "Partial Mode": "Finalize",
    "Parallel Aware": false,
    "Startup Cost": 234724.09,
    "Total Cost": 234724.1,
    "Plan Rows": 1,
    "Plan Width": 8,
    "Actual Startup Time": 1630.273,
    "Actual Total Time": 1657.125,
    "Actual Rows": 1,
    "Actual Loops": 1,
    "Plans": [
      {
        "Node Type": "Gather",
        "Parent Relationship": "Outer",
        "Parallel Aware": false,
        "Startup Cost": 234723.98,
        "Total Cost": 234724.09,
        "Plan Rows": 1,
        "Plan Width": 8,
        "Actual Startup Time": 1628.843,
        "Actual Total Time": 1657.116,
        "Actual Rows": 2,
        "Actual Loops": 1,
        "Workers Planned": 1,
        "Workers Launched": 1,
        "Single Copy": false,
        "Plans": [
          {
            "Node Type": "Aggregate",
            "Strategy": "Plain",
            "Partial Mode": "Partial",
            "Parent Relationship": "Outer",
            "Parallel Aware": false,
            "Startup Cost": 233723.98,
            "Total Cost": 233723.99,
            "Plan Rows": 1,
            "Plan Width": 8,
            "Actual Startup Time": 1622.948,
            "Actual Total Time": 1622.952,
            "Actual Rows": 1,
            "Actual Loops": 2,
            "Plans": [
              {
                "Node Type": "Hash Join",
                "Parent Relationship": "Outer",
                "Parallel Aware": true,
                "Join Type": "Inner",
                "Startup Cost": 169701.96,
                "Total Cost": 232835.98,
                "Plan Rows": 355201,
                "Plan Width": 0,
                "Actual Startup Time": 1033.671,
                "Actual Total Time": 1530.791,
                "Actual Rows": 2209364,
                "Actual Loops": 2,
                "Inner Unique": false,
                "Hash Cond": "(mk.movie_id = t.id)",
                "Plans": [
                  {
                    "Node Type": "Seq Scan",
                    "Parent Relationship": "Outer",
                    "Parallel Aware": true,
                    "Relation Name": "movie_keyword",
                    "Alias": "mk",
                    "Startup Cost": 0.0,
                    "Total Cost": 51065.35,
                    "Plan Rows": 2661135,
                    "Plan Width": 4,
                    "Actual Startup Time": 0.017,
                    "Actual Total Time": 157.014,
                    "Actual Rows": 2261965,
                    "Actual Loops": 2
                  },
                  {
                    "Node Type": "Hash",
                    "Parent Relationship": "Inner",
                    "Parallel Aware": true,
                    "Startup Cost": 167220.57,
                    "Total Cost": 167220.57,
                    "Plan Rows": 198511,
                    "Plan Width": 8,
                    "Actual Startup Time": 1028.373,
                    "Actual Total Time": 1028.374,
                    "Actual Rows": 259033,
                    "Actual Loops": 2,
                    "Hash Buckets": 524288,
                    "Original Hash Buckets": 524288,
                    "Hash Batches": 1,
                    "Original Hash Batches": 1,
                    "Peak Memory Usage": 24384,
                    "Plans": [
                      {
                        "Node Type": "Merge Join",
                        "Parent Relationship": "Outer",
                        "Parallel Aware": false,
                        "Join Type": "Inner",
                        "Startup Cost": 2.94,
                        "Total Cost": 167220.57,
                        "Plan Rows": 198511,
                        "Plan Width": 8,
                        "Actual Startup Time": 0.669,
                        "Actual Total Time": 973.655,
                        "Actual Rows": 259033,
                        "Actual Loops": 2,
                        "Inner Unique": false,
                        "Merge Cond": "(t.id = mi_idx.movie_id)",
                        "Plans": [
                          {
                            "Node Type": "Index Scan",
                            "Parent Relationship": "Outer",
                            "Parallel Aware": true,
                            "Scan Direction": "Forward",
                            "Index Name": "title_pkey",
                            "Relation Name": "title",
                            "Alias": "t",
                            "Startup Cost": 0.43,
                            "Total Cost": 107365.5,
                            "Plan Rows": 363682,
                            "Plan Width": 4,
                            "Actual Startup Time": 0.123,
                            "Actual Total Time": 627.049,
                            "Actual Rows": 259982,
                            "Actual Loops": 2,
                            "Filter": "((kind_id < 7) AND (production_year > 1996))",
                            "Rows Removed by Filter": 1002970
                          },
                          {
                            "Node Type": "Index Only Scan",
                            "Parent Relationship": "Inner",
                            "Parallel Aware": false,
                            "Scan Direction": "Forward",
                            "Index Name": "movie_id_movie_info_idx",
                            "Relation Name": "movie_info_idx",
                            "Alias": "mi_idx",
                            "Startup Cost": 0.43,
                            "Total Cost": 53620.22,
                            "Plan Rows": 1380035,
                            "Plan Width": 4,
                            "Actual Startup Time": 0.16,
                            "Actual Total Time": 249.305,
                            "Actual Rows": 1380035,
                            "Actual Loops": 2,
                            "Heap Fetches": 2760070
                          }
                        ]
                      }
                    ]
                  }
                ]
              }
            ]
          }
        ]
      }
    ]
  },
  "Planning Time": 1.02,
  "Triggers": [],
  "Execution Time": 1657.219
}