{
  "Plan": {
    "Node Type": "Aggregate",
    "Strategy": "Plain",
    "Partial Mode": "Finalize",
    "Parallel Aware": false,
    "Startup Cost": 244669.73,
    "Total Cost": 244669.74,
    "Plan Rows": 1,
    "Plan Width": 8,
    "Actual Startup Time": 521.454,
    "Actual Total Time": 533.237,
    "Actual Rows": 1,
    "Actual Loops": 1,
    "Plans": [
      {
        "Node Type": "Gather",
        "Parent Relationship": "Outer",
        "Parallel Aware": false,
        "Startup Cost": 244669.62,
        "Total Cost": 244669.73,
        "Plan Rows": 1,
        "Plan Width": 8,
        "Actual Startup Time": 518.55,
        "Actual Total Time": 533.231,
        "Actual Rows": 2,
        "Actual Loops": 1,
        "Workers Planned": 1,
        "Workers Launched": 1,
        "Single Copy": false,
        "Plans": [
          {
            "Node Type": "Aggregate",
            "Strategy": "Plain",
            "Partial Mode": "Partial",
            "Parent Relationship": "Outer",
            "Parallel Aware": false,
            "Startup Cost": 243669.62,
            "Total Cost": 243669.63,
            "Plan Rows": 1,
            "Plan Width": 8,
            "Actual Startup Time": 512.303,
            "Actual Total Time": 512.307,
            "Actual Rows": 1,
            "Actual Loops": 2,
            "Plans": [
              {
                "Node Type": "Hash Join",
                "Parent Relationship": "Outer",
                "Parallel Aware": true,
                "Join Type": "Inner",
                "Startup Cost": 76137.65,
                "Total Cost": 243163.91,
                "Plan Rows": 202285,
                "Plan Width": 0,
                "Actual Startup Time": 425.781,
                "Actual Total Time": 511.477,
                "Actual Rows": 14698,
                "Actual Loops": 2,
                "Inner Unique": true,
                "Hash Cond": "(mi.movie_id = t.id)",
                "Plans": [
                  {
                    "Node Type": "Bitmap Heap Scan",
                    "Parent Relationship": "Outer",
                    "Parallel Aware": true,
                    "Relation Name": "movie_info",
                    "Alias": "mi",
                    "Startup Cost": 10248.78,
                    "Total Cost": 176401.5,
                    "Plan Rows": 332778,
                    "Plan Width": 4,
                    "Actual Startup Time": 16.244,
                    "Actual Total Time": 48.069,
                    "Actual Rows": 271684,
                    "Actual Loops": 2,
                    "Recheck Cond": "(info_type_id > 98)",
                    "Rows Removed by Index Recheck": 0,
                    "Exact Heap Blocks": 3747,
                    "Lossy Heap Blocks": 0,
                    "Plans": [
                      {
                        "Node Type": "Bitmap Index Scan",
                        "Parent Relationship": "Outer",
                        "Parallel Aware": false,
                        "Index Name": "info_type_id_movie_info",
                        "Startup Cost": 0.0,
                        "Total Cost": 10107.35,
                        "Plan Rows": 565722,
                        "Plan Width": 0,
                        "Actual Startup Time": 15.408,
                        "Actual Total Time": 15.408,
                        "Actual Rows": 543367,
                        "Actual Loops": 1,
                        "Index Cond": "(info_type_id > 98)"
                      }
                    ]
                  },
                  {
                    "Node Type": "Hash",
                    "Parent Relationship": "Inner",
                    "Parallel Aware": true,
                    "Startup Cost": 54588.39,
                    "Total Cost": 54588.39,
                    "Plan Rows": 904038,
                    "Plan Width": 4,
                    "Actual Startup Time": 394.005,
                    "Actual Total Time": 394.006,
                    "Actual Rows": 771632,
                    "Actual Loops": 2,
                    "Hash Buckets": 2097152,
                    "Original Hash Buckets": 2097152,
                    "Hash Batches": 1,
                    "Original Hash Batches": 1,
                    "Peak Memory Usage": 76768,
                    "Plans": [
                      {
                        "Node Type": "Seq Scan",
                        "Parent Relationship": "Outer",
                        "Parallel Aware": true,
                        "Relation Name": "title",
                        "Alias": "t",
                        "Startup Cost": 0.0,
                        "Total Cost": 54588.39,
                        "Plan Rows": 904038,
                        "Plan Width": 4,
                        "Actual Startup Time": 0.027,
                        "Actual Total Time": 176.4,
                        "Actual Rows": 771632,
                        "Actual Loops": 2,
                        "Filter": "(kind_id = 7)",
                        "Rows Removed by Filter": 492524
                      }
                    ]
                  }
                ]
              }
            ]
          }
        ]
      }
    ]
  },
  "Planning Time": 0.33,
  "Triggers": [],
  "Execution Time": 533.286
}