[
  {
    "Plan": {
      "Node Type": "Aggregate",
      "Strategy": "Plain",
      "Partial Mode": "Finalize",
      "Parallel Aware": false,
      "Startup Cost": 33557.35,
      "Total Cost": 33557.36,
      "Plan Rows": 1,
      "Plan Width": 8,
      "Actual Startup Time": 99.313,
      "Actual Total Time": 107.038,
      "Actual Rows": 1,
      "Actual Loops": 1,
      "Plans": [
        {
          "Node Type": "Gather",
          "Parent Relationship": "Outer",
          "Parallel Aware": false,
          "Startup Cost": 33557.03,
          "Total Cost": 33557.34,
          "Plan Rows": 3,
          "Plan Width": 8,
          "Actual Startup Time": 99.037,
          "Actual Total Time": 107.024,
          "Actual Rows": 4,
          "Actual Loops": 1,
          "Workers Planned": 3,
          "Workers Launched": 3,
          "Single Copy": false,
          "Plans": [
            {
              "Node Type": "Aggregate",
              "Strategy": "Plain",
              "Partial Mode": "Partial",
              "Parent Relationship": "Outer",
              "Parallel Aware": false,
              "Startup Cost": 32557.03,
              "Total Cost": 32557.04,
              "Plan Rows": 1,
              "Plan Width": 8,
              "Actual Startup Time": 95.028,
              "Actual Total Time": 95.029,
              "Actual Rows": 1,
              "Actual Loops": 4,
              "Plans": [
                {
                  "Node Type": "Bitmap Heap Scan",
                  "Parent Relationship": "Outer",
                  "Parallel Aware": true,
                  "Relation Name": "movie_keyword",
                  "Alias": "mk",
                  "Startup Cost": 6598.38,
                  "Total Cost": 32306.26,
                  "Plan Rows": 100310,
                  "Plan Width": 0,
                  "Actual Startup Time": 33.064,
                  "Actual Total Time": 90.427,
                  "Actual Rows": 78298,
                  "Actual Loops": 4,
                  "Recheck Cond": "(keyword_id > 52131)",
                  "Rows Removed by Index Recheck": 0,
                  "Exact Heap Blocks": 10266,
                  "Lossy Heap Blocks": 0,
                  "Plans": [
                    {
                      "Node Type": "Bitmap Index Scan",
                      "Parent Relationship": "Outer",
                      "Parallel Aware": false,
                      "Index Name": "keyword_id_movie_keyword",
                      "Startup Cost": 0.0,
                      "Total Cost": 6520.64,
                      "Plan Rows": 310961,
                      "Plan Width": 0,
                      "Actual Startup Time": 33.279,
                      "Actual Total Time": 33.279,
                      "Actual Rows": 313192,
                      "Actual Loops": 1,
                      "Index Cond": "(keyword_id > 52131)"
                    }
                  ]
                }
              ]
            }
          ]
        }
      ]
    },
    "Planning Time": 0.129,
    "Triggers": [],
    "Execution Time": 107.093
  }
]