[
  {
    "Plan": {
      "Node Type": "Aggregate",
      "Strategy": "Plain",
      "Partial Mode": "Finalize",
      "Parallel Aware": false,
      "Startup Cost": 340886.33,
      "Total Cost": 340886.34,
      "Plan Rows": 1,
      "Plan Width": 8,
      "Actual Startup Time": 895.633,
      "Actual Total Time": 962.388,
      "Actual Rows": 1,
      "Actual Loops": 1,
      "Plans": [
        {
          "Node Type": "Gather",
          "Parent Relationship": "Outer",
          "Parallel Aware": false,
          "Startup Cost": 340885.71,
          "Total Cost": 340886.32,
          "Plan Rows": 6,
          "Plan Width": 8,
          "Actual Startup Time": 895.391,
          "Actual Total Time": 962.377,
          "Actual Rows": 7,
          "Actual Loops": 1,
          "Workers Planned": 6,
          "Workers Launched": 6,
          "Single Copy": false,
          "Plans": [
            {
              "Node Type": "Aggregate",
              "Strategy": "Plain",
              "Partial Mode": "Partial",
              "Parent Relationship": "Outer",
              "Parallel Aware": false,
              "Startup Cost": 339885.71,
              "Total Cost": 339885.72,
              "Plan Rows": 1,
              "Plan Width": 8,
              "Actual Startup Time": 888.128,
              "Actual Total Time": 888.129,
              "Actual Rows": 1,
              "Actual Loops": 7,
              "Plans": [
                {
                  "Node Type": "Seq Scan",
                  "Parent Relationship": "Outer",
                  "Parallel Aware": true,
                  "Relation Name": "cast_info",
                  "Alias": "ci",
                  "Startup Cost": 0.0,
                  "Total Cost": 328162.03,
                  "Plan Rows": 4689472,
                  "Plan Width": 0,
                  "Actual Startup Time": 0.039,
                  "Actual Total Time": 688.643,
                  "Actual Rows": 4033074,
                  "Actual Loops": 7,
                  "Filter": "(person_id < 2878930)",
                  "Rows Removed by Filter": 1144689
                }
              ]
            }
          ]
        }
      ]
    },
    "Planning Time": 0.197,
    "Triggers": [],
    "Execution Time": 962.464
  }
]