[
  {
    "Plan": {
      "Node Type": "Aggregate",
      "Strategy": "Plain",
      "Partial Mode": "Finalize",
      "Parallel Aware": false,
      "Startup Cost": 255622.84,
      "Total Cost": 255622.85,
      "Plan Rows": 1,
      "Plan Width": 8,
      "Actual Startup Time": 644.806,
      "Actual Total Time": 666.543,
      "Actual Rows": 1,
      "Actual Loops": 1,
      "Plans": [
        {
          "Node Type": "Gather",
          "Parent Relationship": "Outer",
          "Parallel Aware": false,
          "Startup Cost": 255622.52,
          "Total Cost": 255622.83,
          "Plan Rows": 3,
          "Plan Width": 8,
          "Actual Startup Time": 630.279,
          "Actual Total Time": 666.523,
          "Actual Rows": 4,
          "Actual Loops": 1,
          "Workers Planned": 3,
          "Workers Launched": 3,
          "Single Copy": false,
          "Plans": [
            {
              "Node Type": "Aggregate",
              "Strategy": "Plain",
              "Partial Mode": "Partial",
              "Parent Relationship": "Outer",
              "Parallel Aware": false,
              "Startup Cost": 254622.52,
              "Total Cost": 254622.53,
              "Plan Rows": 1,
              "Plan Width": 8,
              "Actual Startup Time": 620.694,
              "Actual Total Time": 620.828,
              "Actual Rows": 1,
              "Actual Loops": 4,
              "Plans": [
                {
                  "Node Type": "Hash Join",
                  "Parent Relationship": "Outer",
                  "Parallel Aware": true,
                  "Join Type": "Inner",
                  "Startup Cost": 223351.01,
                  "Total Cost": 254423.45,
                  "Plan Rows": 79627,
                  "Plan Width": 0,
                  "Actual Startup Time": 514.038,
                  "Actual Total Time": 614.627,
                  "Actual Rows": 157103,
                  "Actual Loops": 4,
                  "Inner Unique": false,
                  "Hash Cond": "(mc.movie_id = t.id)",
                  "Plans": [
                    {
                      "Node Type": "Seq Scan",
                      "Parent Relationship": "Outer",
                      "Parallel Aware": true,
                      "Relation Name": "movie_companies",
                      "Alias": "mc",
                      "Startup Cost": 0.0,
                      "Total Cost": 29310.68,
                      "Plan Rows": 427336,
                      "Plan Width": 4,
                      "Actual Startup Time": 28.21,
                      "Actual Total Time": 63.486,
                      "Actual Rows": 333721,
                      "Actual Loops": 4,
                      "Filter": "(company_type_id = 2)",
                      "Rows Removed by Filter": 318562
                    },
                    {
                      "Node Type": "Hash",
                      "Parent Relationship": "Inner",
                      "Parallel Aware": true,
                      "Startup Cost": 222173.25,
                      "Total Cost": 222173.25,
                      "Plan Rows": 94221,
                      "Plan Width": 8,
                      "Actual Startup Time": 482.195,
                      "Actual Total Time": 482.327,
                      "Actual Rows": 118611,
                      "Actual Loops": 4,
                      "Hash Buckets": 524288,
                      "Original Hash Buckets": 524288,
                      "Hash Batches": 1,
                      "Original Hash Batches": 1,
                      "Peak Memory Usage": 22688,
                      "Plans": [
                        {
                          "Node Type": "Hash Join",
                          "Parent Relationship": "Outer",
                          "Parallel Aware": true,
                          "Join Type": "Inner",
                          "Startup Cost": 58755.15,
                          "Total Cost": 222173.25,
                          "Plan Rows": 94221,
                          "Plan Width": 8,
                          "Actual Startup Time": 369.354,
                          "Actual Total Time": 446.734,
                          "Actual Rows": 118611,
                          "Actual Loops": 4,
                          "Inner Unique": true,
                          "Hash Cond": "(mi.movie_id = t.id)",
                          "Plans": [
                            {
                              "Node Type": "Bitmap Heap Scan",
                              "Parent Relationship": "Outer",
                              "Parallel Aware": true,
                              "Relation Name": "movie_info",
                              "Alias": "mi",
                              "Startup Cost": 8535.51,
                              "Total Cost": 171706.27,
                              "Plan Rows": 94221,
                              "Plan Width": 4,
                              "Actual Startup Time": 19.498,
                              "Actual Total Time": 34.654,
                              "Actual Rows": 118611,
                              "Actual Loops": 4,
                              "Recheck Cond": "(info_type_id = 6)",
                              "Rows Removed by Index Recheck": 0,
                              "Exact Heap Blocks": 909,
                              "Lossy Heap Blocks": 0,
                              "Plans": [
                                {
                                  "Node Type": "Bitmap Index Scan",
                                  "Parent Relationship": "Outer",
                                  "Parallel Aware": false,
                                  "Index Name": "info_type_id_movie_info",
                                  "Startup Cost": 0.0,
                                  "Total Cost": 8417.73,
                                  "Plan Rows": 471106,
                                  "Plan Width": 0,
                                  "Actual Startup Time": 18.982,
                                  "Actual Total Time": 18.982,
                                  "Actual Rows": 474443,
                                  "Actual Loops": 1,
                                  "Index Cond": "(info_type_id = 6)"
                                }
                              ]
                            },
                            {
                              "Node Type": "Hash",
                              "Parent Relationship": "Inner",
                              "Parallel Aware": true,
                              "Startup Cost": 42318.73,
                              "Total Cost": 42318.73,
                              "Plan Rows": 632073,
                              "Plan Width": 4,
                              "Actual Startup Time": 340.939,
                              "Actual Total Time": 340.94,
                              "Actual Rows": 632078,
                              "Actual Loops": 4,
                              "Hash Buckets": 4194304,
                              "Original Hash Buckets": 4194304,
                              "Hash Batches": 1,
                              "Original Hash Batches": 1,
                              "Peak Memory Usage": 131712,
                              "Plans": [
                                {
                                  "Node Type": "Seq Scan",
                                  "Parent Relationship": "Outer",
                                  "Parallel Aware": true,
                                  "Relation Name": "title",
                                  "Alias": "t",
                                  "Startup Cost": 0.0,
                                  "Total Cost": 42318.73,
                                  "Plan Rows": 632073,
                                  "Plan Width": 4,
                                  "Actual Startup Time": 0.046,
                                  "Actual Total Time": 95.342,
                                  "Actual Rows": 632078,
                                  "Actual Loops": 4
                                }
                              ]
                            }
                          ]
                        }
                      ]
                    }
                  ]
                }
              ]
            }
          ]
        }
      ]
    },
    "Planning Time": 1.357,
    "Triggers": [],
    "Execution Time": 666.642
  }
]