[
  {
    "Plan": {
      "Node Type": "Aggregate",
      "Strategy": "Plain",
      "Partial Mode": "Finalize",
      "Parallel Aware": false,
      "Startup Cost": 95860.88,
      "Total Cost": 95860.89,
      "Plan Rows": 1,
      "Plan Width": 8,
      "Actual Startup Time": 433.71,
      "Actual Total Time": 454.089,
      "Actual Rows": 1,
      "Actual Loops": 1,
      "Plans": [
        {
          "Node Type": "Gather",
          "Parent Relationship": "Outer",
          "Parallel Aware": false,
          "Startup Cost": 95860.56,
          "Total Cost": 95860.87,
          "Plan Rows": 3,
          "Plan Width": 8,
          "Actual Startup Time": 429.34,
          "Actual Total Time": 454.076,
          "Actual Rows": 4,
          "Actual Loops": 1,
          "Workers Planned": 3,
          "Workers Launched": 3,
          "Single Copy": false,
          "Plans": [
            {
              "Node Type": "Aggregate",
              "Strategy": "Plain",
              "Partial Mode": "Partial",
              "Parent Relationship": "Outer",
              "Parallel Aware": false,
              "Startup Cost": 94860.56,
              "Total Cost": 94860.57,
              "Plan Rows": 1,
              "Plan Width": 8,
              "Actual Startup Time": 422.502,
              "Actual Total Time": 423.012,
              "Actual Rows": 1,
              "Actual Loops": 4,
              "Plans": [
                {
                  "Node Type": "Hash Join",
                  "Parent Relationship": "Outer",
                  "Parallel Aware": true,
                  "Join Type": "Inner",
                  "Startup Cost": 63332.29,
                  "Total Cost": 94740.86,
                  "Plan Rows": 47880,
                  "Plan Width": 0,
                  "Actual Startup Time": 298.981,
                  "Actual Total Time": 413.365,
                  "Actual Rows": 223207,
                  "Actual Loops": 4,
                  "Inner Unique": false,
                  "Hash Cond": "(mc.movie_id = t.id)",
                  "Plans": [
                    {
                      "Node Type": "Seq Scan",
                      "Parent Relationship": "Outer",
                      "Parallel Aware": true,
                      "Relation Name": "movie_companies",
                      "Alias": "mc",
                      "Startup Cost": 0.0,
                      "Total Cost": 29310.68,
                      "Plan Rows": 506237,
                      "Plan Width": 4,
                      "Actual Startup Time": 0.016,
                      "Actual Total Time": 66.996,
                      "Actual Rows": 393867,
                      "Actual Loops": 4,
                      "Filter": "(company_id < 15455)",
                      "Rows Removed by Filter": 258415
                    },
                    {
                      "Node Type": "Hash",
                      "Parent Relationship": "Inner",
                      "Parallel Aware": true,
                      "Startup Cost": 62086.79,
                      "Total Cost": 62086.79,
                      "Plan Rows": 99640,
                      "Plan Width": 8,
                      "Actual Startup Time": 268.786,
                      "Actual Total Time": 269.292,
                      "Actual Rows": 104940,
                      "Actual Loops": 4,
                      "Hash Buckets": 524288,
                      "Original Hash Buckets": 262144,
                      "Hash Batches": 1,
                      "Original Hash Batches": 1,
                      "Peak Memory Usage": 22592,
                      "Plans": [
                        {
                          "Node Type": "Hash Join",
                          "Parent Relationship": "Outer",
                          "Parallel Aware": true,
                          "Join Type": "Inner",
                          "Startup Cost": 45962.36,
                          "Total Cost": 62086.79,
                          "Plan Rows": 99640,
                          "Plan Width": 8,
                          "Actual Startup Time": 177.185,
                          "Actual Total Time": 237.213,
                          "Actual Rows": 104940,
                          "Actual Loops": 4,
                          "Inner Unique": true,
                          "Hash Cond": "(mi_idx.movie_id = t.id)",
                          "Plans": [
                            {
                              "Node Type": "Seq Scan",
                              "Parent Relationship": "Outer",
                              "Parallel Aware": true,
                              "Relation Name": "movie_info_idx",
                              "Alias": "mi_idx",
                              "Startup Cost": 0.0,
                              "Total Cost": 15122.68,
                              "Plan Rows": 381618,
                              "Plan Width": 4,
                              "Actual Startup Time": 0.013,
                              "Actual Total Time": 37.92,
                              "Actual Rows": 229962,
                              "Actual Loops": 4,
                              "Filter": "(info_type_id < 101)",
                              "Rows Removed by Filter": 115046
                            },
                            {
                              "Node Type": "Hash",
                              "Parent Relationship": "Inner",
                              "Parallel Aware": true,
                              "Startup Cost": 43899.32,
                              "Total Cost": 43899.32,
                              "Plan Rows": 165043,
                              "Plan Width": 4,
                              "Actual Startup Time": 147.247,
                              "Actual Total Time": 147.249,
                              "Actual Rows": 165706,
                              "Actual Loops": 4,
                              "Hash Buckets": 1048576,
                              "Original Hash Buckets": 1048576,
                              "Hash Batches": 1,
                              "Original Hash Batches": 1,
                              "Peak Memory Usage": 34176,
                              "Plans": [
                                {
                                  "Node Type": "Seq Scan",
                                  "Parent Relationship": "Outer",
                                  "Parallel Aware": true,
                                  "Relation Name": "title",
                                  "Alias": "t",
                                  "Startup Cost": 0.0,
                                  "Total Cost": 43899.32,
                                  "Plan Rows": 165043,
                                  "Plan Width": 4,
                                  "Actual Startup Time": 41.009,
                                  "Actual Total Time": 93.647,
                                  "Actual Rows": 165706,
                                  "Actual Loops": 4,
                                  "Filter": "(kind_id < 2)",
                                  "Rows Removed by Filter": 466372
                                }
                              ]
                            }
                          ]
                        }
                      ]
                    }
                  ]
                }
              ]
            }
          ]
        }
      ]
    },
    "Planning Time": 0.677,
    "Triggers": [],
    "Execution Time": 454.139
  }
]