[
  {
    "Plan": {
      "Node Type": "Aggregate",
      "Strategy": "Plain",
      "Partial Mode": "Finalize",
      "Parallel Aware": false,
      "Startup Cost": 88092.7,
      "Total Cost": 88092.71,
      "Plan Rows": 1,
      "Plan Width": 8,
      "Actual Startup Time": 352.074,
      "Actual Total Time": 367.392,
      "Actual Rows": 1,
      "Actual Loops": 1,
      "Plans": [
        {
          "Node Type": "Gather",
          "Parent Relationship": "Outer",
          "Parallel Aware": false,
          "Startup Cost": 88092.39,
          "Total Cost": 88092.7,
          "Plan Rows": 3,
          "Plan Width": 8,
          "Actual Startup Time": 348.818,
          "Actual Total Time": 367.385,
          "Actual Rows": 4,
          "Actual Loops": 1,
          "Workers Planned": 3,
          "Workers Launched": 3,
          "Single Copy": false,
          "Plans": [
            {
              "Node Type": "Aggregate",
              "Strategy": "Plain",
              "Partial Mode": "Partial",
              "Parent Relationship": "Outer",
              "Parallel Aware": false,
              "Startup Cost": 87092.39,
              "Total Cost": 87092.4,
              "Plan Rows": 1,
              "Plan Width": 8,
              "Actual Startup Time": 339.783,
              "Actual Total Time": 339.786,
              "Actual Rows": 1,
              "Actual Loops": 4,
              "Plans": [
                {
                  "Node Type": "Hash Join",
                  "Parent Relationship": "Outer",
                  "Parallel Aware": true,
                  "Join Type": "Inner",
                  "Startup Cost": 59687.1,
                  "Total Cost": 86868.1,
                  "Plan Rows": 89716,
                  "Plan Width": 0,
                  "Actual Startup Time": 250.49,
                  "Actual Total Time": 335.301,
                  "Actual Rows": 88360,
                  "Actual Loops": 4,
                  "Inner Unique": true,
                  "Hash Cond": "(mk.movie_id = t.id)",
                  "Plans": [
                    {
                      "Node Type": "Bitmap Heap Scan",
                      "Parent Relationship": "Outer",
                      "Parallel Aware": true,
                      "Relation Name": "movie_keyword",
                      "Alias": "mk",
                      "Startup Cost": 11856.08,
                      "Total Cost": 38563.8,
                      "Plan Rows": 180297,
                      "Plan Width": 4,
                      "Actual Startup Time": 39.274,
                      "Actual Total Time": 86.786,
                      "Actual Rows": 139496,
                      "Actual Loops": 4,
                      "Recheck Cond": "(keyword_id > 32946)",
                      "Rows Removed by Index Recheck": 0,
                      "Exact Heap Blocks": 6369,
                      "Lossy Heap Blocks": 0,
                      "Plans": [
                        {
                          "Node Type": "Bitmap Index Scan",
                          "Parent Relationship": "Outer",
                          "Parallel Aware": false,
                          "Index Name": "keyword_id_movie_keyword",
                          "Startup Cost": 0.0,
                          "Total Cost": 11716.35,
                          "Plan Rows": 558922,
                          "Plan Width": 0,
                          "Actual Startup Time": 35.807,
                          "Actual Total Time": 35.808,
                          "Actual Rows": 557985,
                          "Actual Loops": 1,
                          "Index Cond": "(keyword_id > 32946)"
                        }
                      ]
                    },
                    {
                      "Node Type": "Hash",
                      "Parent Relationship": "Inner",
                      "Parallel Aware": true,
                      "Startup Cost": 43899.32,
                      "Total Cost": 43899.32,
                      "Plan Rows": 314536,
                      "Plan Width": 4,
                      "Actual Startup Time": 206.209,
                      "Actual Total Time": 206.21,
                      "Actual Rows": 315925,
                      "Actual Loops": 4,
                      "Hash Buckets": 2097152,
                      "Original Hash Buckets": 2097152,
                      "Hash Batches": 1,
                      "Original Hash Batches": 1,
                      "Peak Memory Usage": 65888,
                      "Plans": [
                        {
                          "Node Type": "Seq Scan",
                          "Parent Relationship": "Outer",
                          "Parallel Aware": true,
                          "Relation Name": "title",
                          "Alias": "t",
                          "Startup Cost": 0.0,
                          "Total Cost": 43899.32,
                          "Plan Rows": 314536,
                          "Plan Width": 4,
                          "Actual Startup Time": 0.036,
                          "Actual Total Time": 99.554,
                          "Actual Rows": 315925,
                          "Actual Loops": 4,
                          "Filter": "(production_year < 2004)",
                          "Rows Removed by Filter": 316153
                        }
                      ]
                    }
                  ]
                }
              ]
            }
          ]
        }
      ]
    },
    "Planning Time": 0.255,
    "Triggers": [],
    "Execution Time": 367.437
  }
]