[
  {
    "Plan": {
      "Node Type": "Aggregate",
      "Strategy": "Plain",
      "Partial Mode": "Finalize",
      "Parallel Aware": false,
      "Startup Cost": 88342.46,
      "Total Cost": 88342.47,
      "Plan Rows": 1,
      "Plan Width": 8,
      "Actual Startup Time": 389.398,
      "Actual Total Time": 405.222,
      "Actual Rows": 1,
      "Actual Loops": 1,
      "Plans": [
        {
          "Node Type": "Gather",
          "Parent Relationship": "Outer",
          "Parallel Aware": false,
          "Startup Cost": 88342.14,
          "Total Cost": 88342.45,
          "Plan Rows": 3,
          "Plan Width": 8,
          "Actual Startup Time": 382.392,
          "Actual Total Time": 405.212,
          "Actual Rows": 4,
          "Actual Loops": 1,
          "Workers Planned": 3,
          "Workers Launched": 3,
          "Single Copy": false,
          "Plans": [
            {
              "Node Type": "Aggregate",
              "Strategy": "Plain",
              "Partial Mode": "Partial",
              "Parent Relationship": "Outer",
              "Parallel Aware": false,
              "Startup Cost": 87342.14,
              "Total Cost": 87342.15,
              "Plan Rows": 1,
              "Plan Width": 8,
              "Actual Startup Time": 370.033,
              "Actual Total Time": 370.038,
              "Actual Rows": 1,
              "Actual Loops": 4,
              "Plans": [
                {
                  "Node Type": "Hash Join",
                  "Parent Relationship": "Outer",
                  "Parallel Aware": true,
                  "Join Type": "Inner",
                  "Startup Cost": 59883.63,
                  "Total Cost": 87115.04,
                  "Plan Rows": 90842,
                  "Plan Width": 0,
                  "Actual Startup Time": 270.18,
                  "Actual Total Time": 365.595,
                  "Actual Rows": 88360,
                  "Actual Loops": 4,
                  "Inner Unique": true,
                  "Hash Cond": "(mk.movie_id = t.id)",
                  "Plans": [
                    {
                      "Node Type": "Bitmap Heap Scan",
                      "Parent Relationship": "Outer",
                      "Parallel Aware": true,
                      "Relation Name": "movie_keyword",
                      "Alias": "mk",
                      "Startup Cost": 12076.14,
                      "Total Cost": 38825.52,
                      "Plan Rows": 183630,
                      "Plan Width": 4,
                      "Actual Startup Time": 38.58,
                      "Actual Total Time": 95.622,
                      "Actual Rows": 139496,
                      "Actual Loops": 4,
                      "Recheck Cond": "(keyword_id > 32946)",
                      "Rows Removed by Index Recheck": 0,
                      "Exact Heap Blocks": 6760,
                      "Lossy Heap Blocks": 0,
                      "Plans": [
                        {
                          "Node Type": "Bitmap Index Scan",
                          "Parent Relationship": "Outer",
                          "Parallel Aware": false,
                          "Index Name": "keyword_id_movie_keyword",
                          "Startup Cost": 0.0,
                          "Total Cost": 11933.83,
                          "Plan Rows": 569253,
                          "Plan Width": 0,
                          "Actual Startup Time": 34.981,
                          "Actual Total Time": 34.982,
                          "Actual Rows": 557985,
                          "Actual Loops": 1,
                          "Index Cond": "(keyword_id > 32946)"
                        }
                      ]
                    },
                    {
                      "Node Type": "Hash",
                      "Parent Relationship": "Inner",
                      "Parallel Aware": true,
                      "Startup Cost": 43898.92,
                      "Total Cost": 43898.92,
                      "Plan Rows": 312686,
                      "Plan Width": 4,
                      "Actual Startup Time": 223.916,
                      "Actual Total Time": 223.917,
                      "Actual Rows": 315925,
                      "Actual Loops": 4,
                      "Hash Buckets": 2097152,
                      "Original Hash Buckets": 2097152,
                      "Hash Batches": 1,
                      "Original Hash Batches": 1,
                      "Peak Memory Usage": 65888,
                      "Plans": [
                        {
                          "Node Type": "Seq Scan",
                          "Parent Relationship": "Outer",
                          "Parallel Aware": true,
                          "Relation Name": "title",
                          "Alias": "t",
                          "Startup Cost": 0.0,
                          "Total Cost": 43898.92,
                          "Plan Rows": 312686,
                          "Plan Width": 4,
                          "Actual Startup Time": 0.048,
                          "Actual Total Time": 105.0,
                          "Actual Rows": 315925,
                          "Actual Loops": 4,
                          "Filter": "(production_year < 2004)",
                          "Rows Removed by Filter": 316153
                        }
                      ]
                    }
                  ]
                }
              ]
            }
          ]
        }
      ]
    },
    "Planning Time": 0.603,
    "Triggers": [],
    "Execution Time": 405.311
  }
]