{
  "Plan": {
    "Node Type": "Aggregate",
    "Strategy": "Plain",
    "Partial Mode": "Finalize",
    "Parallel Aware": false,
    "Startup Cost": 128579.67,
    "Total Cost": 128579.68,
    "Plan Rows": 1,
    "Plan Width": 8,
    "Actual Startup Time": 774.252,
    "Actual Total Time": 789.851,
    "Actual Rows": 1,
    "Actual Loops": 1,
    "Plans": [
      {
        "Node Type": "Gather",
        "Parent Relationship": "Outer",
        "Parallel Aware": false,
        "Startup Cost": 128579.55,
        "Total Cost": 128579.66,
        "Plan Rows": 1,
        "Plan Width": 8,
        "Actual Startup Time": 772.058,
        "Actual Total Time": 789.843,
        "Actual Rows": 2,
        "Actual Loops": 1,
        "Workers Planned": 1,
        "Workers Launched": 1,
        "Single Copy": false,
        "Plans": [
          {
            "Node Type": "Aggregate",
            "Strategy": "Plain",
            "Partial Mode": "Partial",
            "Parent Relationship": "Outer",
            "Parallel Aware": false,
            "Startup Cost": 127579.55,
            "Total Cost": 127579.56,
            "Plan Rows": 1,
            "Plan Width": 8,
            "Actual Startup Time": 767.285,
            "Actual Total Time": 767.289,
            "Actual Rows": 1,
            "Actual Loops": 2,
            "Plans": [
              {
                "Node Type": "Hash Join",
                "Parent Relationship": "Outer",
                "Parallel Aware": true,
                "Join Type": "Inner",
                "Startup Cost": 64244.33,
                "Total Cost": 126269.42,
                "Plan Rows": 524054,
                "Plan Width": 0,
                "Actual Startup Time": 279.126,
                "Actual Total Time": 723.798,
                "Actual Rows": 899436,
                "Actual Loops": 2,
                "Inner Unique": true,
                "Hash Cond": "(mk.movie_id = t.id)",
                "Plans": [
                  {
                    "Node Type": "Seq Scan",
                    "Parent Relationship": "Outer",
                    "Parallel Aware": true,
                    "Relation Name": "movie_keyword",
                    "Alias": "mk",
                    "Startup Cost": 0.0,
                    "Total Cost": 57718.19,
                    "Plan Rows": 1640719,
                    "Plan Width": 4,
                    "Actual Startup Time": 0.016,
                    "Actual Total Time": 222.03,
                    "Actual Rows": 1390273,
                    "Actual Loops": 2,
                    "Filter": "(keyword_id < 8040)",
                    "Rows Removed by Filter": 871692
                  },
                  {
                    "Node Type": "Hash",
                    "Parent Relationship": "Inner",
                    "Parallel Aware": true,
                    "Startup Cost": 58306.47,
                    "Total Cost": 58306.47,
                    "Plan Rows": 475029,
                    "Plan Width": 4,
                    "Actual Startup Time": 270.137,
                    "Actual Total Time": 270.139,
                    "Actual Rows": 356870,
                    "Actual Loops": 2,
                    "Hash Buckets": 1048576,
                    "Original Hash Buckets": 1048576,
                    "Hash Batches": 1,
                    "Original Hash Batches": 1,
                    "Peak Memory Usage": 36160,
                    "Plans": [
                      {
                        "Node Type": "Seq Scan",
                        "Parent Relationship": "Outer",
                        "Parallel Aware": true,
                        "Relation Name": "title",
                        "Alias": "t",
                        "Startup Cost": 0.0,
                        "Total Cost": 58306.47,
                        "Plan Rows": 475029,
                        "Plan Width": 4,
                        "Actual Startup Time": 0.035,
                        "Actual Total Time": 169.803,
                        "Actual Rows": 356870,
                        "Actual Loops": 2,
                        "Filter": "((kind_id < 7) AND (production_year > 1972))",
                        "Rows Removed by Filter": 907286
                      }
                    ]
                  }
                ]
              }
            ]
          }
        ]
      }
    ]
  },
  "Planning Time": 0.703,
  "Triggers": [],
  "Execution Time": 789.916
}