[
  {
    "Plan": {
      "Node Type": "Aggregate",
      "Strategy": "Plain",
      "Partial Mode": "Finalize",
      "Parallel Aware": false,
      "Startup Cost": 276853.14,
      "Total Cost": 276853.15,
      "Plan Rows": 1,
      "Plan Width": 8,
      "Actual Startup Time": 111.923,
      "Actual Total Time": 119.753,
      "Actual Rows": 1,
      "Actual Loops": 1,
      "Plans": [
        {
          "Node Type": "Gather",
          "Parent Relationship": "Outer",
          "Parallel Aware": false,
          "Startup Cost": 276852.52,
          "Total Cost": 276853.13,
          "Plan Rows": 6,
          "Plan Width": 8,
          "Actual Startup Time": 111.638,
          "Actual Total Time": 119.741,
          "Actual Rows": 7,
          "Actual Loops": 1,
          "Workers Planned": 6,
          "Workers Launched": 6,
          "Single Copy": false,
          "Plans": [
            {
              "Node Type": "Aggregate",
              "Strategy": "Plain",
              "Partial Mode": "Partial",
              "Parent Relationship": "Outer",
              "Parallel Aware": false,
              "Startup Cost": 275852.52,
              "Total Cost": 275852.53,
              "Plan Rows": 1,
              "Plan Width": 8,
              "Actual Startup Time": 100.669,
              "Actual Total Time": 100.671,
              "Actual Rows": 1,
              "Actual Loops": 7,
              "Plans": [
                {
                  "Node Type": "Bitmap Heap Scan",
                  "Parent Relationship": "Outer",
                  "Parallel Aware": true,
                  "Relation Name": "cast_info",
                  "Alias": "ci",
                  "Startup Cost": 20809.19,
                  "Total Cost": 275459.8,
                  "Plan Rows": 157089,
                  "Plan Width": 0,
                  "Actual Startup Time": 41.386,
                  "Actual Total Time": 91.842,
                  "Actual Rows": 128119,
                  "Actual Loops": 7,
                  "Recheck Cond": "(person_id > 3889621)",
                  "Rows Removed by Index Recheck": 0,
                  "Exact Heap Blocks": 4253,
                  "Lossy Heap Blocks": 0,
                  "Plans": [
                    {
                      "Node Type": "Bitmap Index Scan",
                      "Parent Relationship": "Outer",
                      "Parallel Aware": false,
                      "Index Name": "person_id_cast_info",
                      "Startup Cost": 0.0,
                      "Total Cost": 20573.55,
                      "Plan Rows": 942532,
                      "Plan Width": 0,
                      "Actual Startup Time": 49.449,
                      "Actual Total Time": 49.45,
                      "Actual Rows": 896830,
                      "Actual Loops": 1,
                      "Index Cond": "(person_id > 3889621)"
                    }
                  ]
                }
              ]
            }
          ]
        }
      ]
    },
    "Planning Time": 0.152,
    "Triggers": [],
    "Execution Time": 119.817
  }
]