{
  "Plan": {
    "Node Type": "Aggregate",
    "Strategy": "Plain",
    "Partial Mode": "Finalize",
    "Parallel Aware": false,
    "Startup Cost": 2995917.08,
    "Total Cost": 2995917.09,
    "Plan Rows": 1,
    "Plan Width": 8,
    "Actual Startup Time": 32993.605,
    "Actual Total Time": 33102.347,
    "Actual Rows": 1,
    "Actual Loops": 1,
    "Plans": [
      {
        "Node Type": "Gather",
        "Parent Relationship": "Outer",
        "Parallel Aware": false,
        "Startup Cost": 2995916.97,
        "Total Cost": 2995917.08,
        "Plan Rows": 1,
        "Plan Width": 8,
        "Actual Startup Time": 32993.597,
        "Actual Total Time": 33102.34,
        "Actual Rows": 2,
        "Actual Loops": 1,
        "Workers Planned": 1,
        "Workers Launched": 1,
        "Single Copy": false,
        "Plans": [
          {
            "Node Type": "Aggregate",
            "Strategy": "Plain",
            "Partial Mode": "Partial",
            "Parent Relationship": "Outer",
            "Parallel Aware": false,
            "Startup Cost": 2994916.97,
            "Total Cost": 2994916.98,
            "Plan Rows": 1,
            "Plan Width": 8,
            "Actual Startup Time": 32986.829,
            "Actual Total Time": 32986.831,
            "Actual Rows": 1,
            "Actual Loops": 2,
            "Plans": [
              {
                "Node Type": "Merge Join",
                "Parent Relationship": "Outer",
                "Parallel Aware": false,
                "Join Type": "Inner",
                "Startup Cost": 32.08,
                "Total Cost": 2939498.82,
                "Plan Rows": 22167259,
                "Plan Width": 0,
                "Actual Startup Time": 2755.164,
                "Actual Total Time": 28534.311,
                "Actual Rows": 116252520,
                "Actual Loops": 2,
                "Inner Unique": false,
                "Merge Cond": "(t.id = mi.movie_id)",
                "Plans": [
                  {
                    "Node Type": "Nested Loop",
                    "Parent Relationship": "Outer",
                    "Parallel Aware": false,
                    "Join Type": "Inner",
                    "Startup Cost": 0.99,
                    "Total Cost": 1519567.3,
                    "Plan Rows": 3791031,
                    "Plan Width": 8,
                    "Actual Startup Time": 475.892,
                    "Actual Total Time": 7181.693,
                    "Actual Rows": 3535394,
                    "Actual Loops": 2,
                    "Inner Unique": false,
                    "Plans": [
                      {
                        "Node Type": "Index Scan",
                        "Parent Relationship": "Outer",
                        "Parallel Aware": true,
                        "Scan Direction": "Forward",
                        "Index Name": "title_pkey",
                        "Relation Name": "title",
                        "Alias": "t",
                        "Startup Cost": 0.43,
                        "Total Cost": 107365.5,
                        "Plan Rows": 318717,
                        "Plan Width": 4,
                        "Actual Startup Time": 475.802,
                        "Actual Total Time": 875.915,
                        "Actual Rows": 278660,
                        "Actual Loops": 2,
                        "Filter": "((production_year < 2011) AND (kind_id = 1))",
                        "Rows Removed by Filter": 985496
                      },
                      {
                        "Node Type": "Index Scan",
                        "Parent Relationship": "Inner",
                        "Parallel Aware": false,
                        "Scan Direction": "Forward",
                        "Index Name": "movie_id_cast_info",
                        "Relation Name": "cast_info",
                        "Alias": "ci",
                        "Startup Cost": 0.56,
                        "Total Cost": 4.13,
                        "Plan Rows": 30,
                        "Plan Width": 4,
                        "Actual Startup Time": 0.005,
                        "Actual Total Time": 0.021,
                        "Actual Rows": 13,
                        "Actual Loops": 557319,
                        "Index Cond": "(movie_id = t.id)",
                        "Rows Removed by Index Recheck": 0,
                        "Filter": "(person_id > 612189)",
                        "Rows Removed by Filter": 3
                      }
                    ]
                  },
                  {
                    "Node Type": "Materialize",
                    "Parent Relationship": "Inner",
                    "Parallel Aware": false,
                    "Startup Cost": 0.43,
                    "Total Cost": 1116056.49,
                    "Plan Rows": 14783665,
                    "Plan Width": 4,
                    "Actual Startup Time": 0.057,
                    "Actual Total Time": 10309.936,
                    "Actual Rows": 127632939,
                    "Actual Loops": 2,
                    "Plans": [
                      {
                        "Node Type": "Index Only Scan",
                        "Parent Relationship": "Outer",
                        "Parallel Aware": false,
                        "Scan Direction": "Forward",
                        "Index Name": "movie_id_movie_info",
                        "Relation Name": "movie_info",
                        "Alias": "mi",
                        "Startup Cost": 0.43,
                        "Total Cost": 1079097.33,
                        "Plan Rows": 14783665,
                        "Plan Width": 4,
                        "Actual Startup Time": 0.052,
                        "Actual Total Time": 4547.476,
                        "Actual Rows": 14834548,
                        "Actual Loops": 2,
                        "Heap Fetches": 29669095
                      }
                    ]
                  }
                ]
              }
            ]
          }
        ]
      }
    ]
  },
  "Planning Time": 1.062,
  "Triggers": [],
  "Execution Time": 33102.461
}