[
  {
    "Plan": {
      "Node Type": "Aggregate",
      "Strategy": "Plain",
      "Partial Mode": "Finalize",
      "Parallel Aware": false,
      "Startup Cost": 38735.6,
      "Total Cost": 38735.61,
      "Plan Rows": 1,
      "Plan Width": 8,
      "Actual Startup Time": 66.084,
      "Actual Total Time": 76.498,
      "Actual Rows": 1,
      "Actual Loops": 1,
      "Plans": [
        {
          "Node Type": "Gather",
          "Parent Relationship": "Outer",
          "Parallel Aware": false,
          "Startup Cost": 38735.39,
          "Total Cost": 38735.6,
          "Plan Rows": 2,
          "Plan Width": 8,
          "Actual Startup Time": 65.86,
          "Actual Total Time": 76.491,
          "Actual Rows": 3,
          "Actual Loops": 1,
          "Workers Planned": 2,
          "Workers Launched": 2,
          "Single Copy": false,
          "Plans": [
            {
              "Node Type": "Aggregate",
              "Strategy": "Plain",
              "Partial Mode": "Partial",
              "Parent Relationship": "Outer",
              "Parallel Aware": false,
              "Startup Cost": 37735.39,
              "Total Cost": 37735.4,
              "Plan Rows": 1,
              "Plan Width": 8,
              "Actual Startup Time": 57.754,
              "Actual Total Time": 57.755,
              "Actual Rows": 1,
              "Actual Loops": 3,
              "Plans": [
                {
                  "Node Type": "Nested Loop",
                  "Parent Relationship": "Outer",
                  "Parallel Aware": false,
                  "Join Type": "Inner",
                  "Startup Cost": 152.21,
                  "Total Cost": 37731.36,
                  "Plan Rows": 1612,
                  "Plan Width": 0,
                  "Actual Startup Time": 3.216,
                  "Actual Total Time": 57.196,
                  "Actual Rows": 6176,
                  "Actual Loops": 3,
                  "Inner Unique": false,
                  "Plans": [
                    {
                      "Node Type": "Nested Loop",
                      "Parent Relationship": "Outer",
                      "Parallel Aware": false,
                      "Join Type": "Inner",
                      "Startup Cost": 151.79,
                      "Total Cost": 36159.1,
                      "Plan Rows": 2953,
                      "Plan Width": 8,
                      "Actual Startup Time": 3.04,
                      "Actual Total Time": 37.156,
                      "Actual Rows": 2568,
                      "Actual Loops": 3,
                      "Inner Unique": true,
                      "Plans": [
                        {
                          "Node Type": "Bitmap Heap Scan",
                          "Parent Relationship": "Outer",
                          "Parallel Aware": true,
                          "Relation Name": "movie_keyword",
                          "Alias": "mk",
                          "Startup Cost": 151.36,
                          "Total Cost": 15607.09,
                          "Plan Rows": 2953,
                          "Plan Width": 4,
                          "Actual Startup Time": 2.881,
                          "Actual Total Time": 12.748,
                          "Actual Rows": 2568,
                          "Actual Loops": 3,
                          "Recheck Cond": "(keyword_id = 797)",
                          "Rows Removed by Index Recheck": 0,
                          "Exact Heap Blocks": 4106,
                          "Lossy Heap Blocks": 0,
                          "Plans": [
                            {
                              "Node Type": "Bitmap Index Scan",
                              "Parent Relationship": "Outer",
                              "Parallel Aware": false,
                              "Index Name": "keyword_id_movie_keyword",
                              "Startup Cost": 0.0,
                              "Total Cost": 149.59,
                              "Plan Rows": 7087,
                              "Plan Width": 0,
                              "Actual Startup Time": 5.186,
                              "Actual Total Time": 5.186,
                              "Actual Rows": 7704,
                              "Actual Loops": 1,
                              "Index Cond": "(keyword_id = 797)"
                            }
                          ]
                        },
                        {
                          "Node Type": "Index Only Scan",
                          "Parent Relationship": "Inner",
                          "Parallel Aware": false,
                          "Scan Direction": "Forward",
                          "Index Name": "title_pkey",
                          "Relation Name": "title",
                          "Alias": "t",
                          "Startup Cost": 0.43,
                          "Total Cost": 6.96,
                          "Plan Rows": 1,
                          "Plan Width": 4,
                          "Actual Startup Time": 0.009,
                          "Actual Total Time": 0.009,
                          "Actual Rows": 1,
                          "Actual Loops": 7704,
                          "Index Cond": "(id = mk.movie_id)",
                          "Rows Removed by Index Recheck": 0,
                          "Heap Fetches": 7704
                        }
                      ]
                    },
                    {
                      "Node Type": "Index Only Scan",
                      "Parent Relationship": "Inner",
                      "Parallel Aware": false,
                      "Scan Direction": "Forward",
                      "Index Name": "movie_id_movie_info_idx",
                      "Relation Name": "movie_info_idx",
                      "Alias": "mi_idx",
                      "Startup Cost": 0.43,
                      "Total Cost": 0.5,
                      "Plan Rows": 3,
                      "Plan Width": 4,
                      "Actual Startup Time": 0.007,
                      "Actual Total Time": 0.007,
                      "Actual Rows": 2,
                      "Actual Loops": 7704,
                      "Index Cond": "(movie_id = t.id)",
                      "Rows Removed by Index Recheck": 0,
                      "Heap Fetches": 18527
                    }
                  ]
                }
              ]
            }
          ]
        }
      ]
    },
    "Planning Time": 1.323,
    "Triggers": [],
    "Execution Time": 76.623
  }
]