[
  {
    "Plan": {
      "Node Type": "Aggregate",
      "Strategy": "Plain",
      "Partial Mode": "Finalize",
      "Parallel Aware": false,
      "Startup Cost": 46589.35,
      "Total Cost": 46589.36,
      "Plan Rows": 1,
      "Plan Width": 8,
      "Actual Startup Time": 163.743,
      "Actual Total Time": 172.763,
      "Actual Rows": 1,
      "Actual Loops": 1,
      "Plans": [
        {
          "Node Type": "Gather",
          "Parent Relationship": "Outer",
          "Parallel Aware": false,
          "Startup Cost": 46589.03,
          "Total Cost": 46589.34,
          "Plan Rows": 3,
          "Plan Width": 8,
          "Actual Startup Time": 163.655,
          "Actual Total Time": 172.756,
          "Actual Rows": 4,
          "Actual Loops": 1,
          "Workers Planned": 3,
          "Workers Launched": 3,
          "Single Copy": false,
          "Plans": [
            {
              "Node Type": "Aggregate",
              "Strategy": "Plain",
              "Partial Mode": "Partial",
              "Parent Relationship": "Outer",
              "Parallel Aware": false,
              "Startup Cost": 45589.03,
              "Total Cost": 45589.04,
              "Plan Rows": 1,
              "Plan Width": 8,
              "Actual Startup Time": 157.883,
              "Actual Total Time": 157.884,
              "Actual Rows": 1,
              "Actual Loops": 4,
              "Plans": [
                {
                  "Node Type": "Seq Scan",
                  "Parent Relationship": "Outer",
                  "Parallel Aware": true,
                  "Relation Name": "movie_keyword",
                  "Alias": "mk",
                  "Startup Cost": 0.0,
                  "Total Cost": 42695.65,
                  "Plan Rows": 1157351,
                  "Plan Width": 0,
                  "Actual Startup Time": 0.106,
                  "Actual Total Time": 119.355,
                  "Actual Rows": 895019,
                  "Actual Loops": 4,
                  "Filter": "(keyword_id > 876)",
                  "Rows Removed by Filter": 235964
                }
              ]
            }
          ]
        }
      ]
    },
    "Planning Time": 0.148,
    "Triggers": [],
    "Execution Time": 172.81
  }
]