{
  "Plan": {
    "Node Type": "Aggregate",
    "Strategy": "Plain",
    "Partial Mode": "Finalize",
    "Parallel Aware": false,
    "Startup Cost": 107064.11,
    "Total Cost": 107064.12,
    "Plan Rows": 1,
    "Plan Width": 8,
    "Actual Startup Time": 781.032,
    "Actual Total Time": 794.473,
    "Actual Rows": 1,
    "Actual Loops": 1,
    "Plans": [
      {
        "Node Type": "Gather",
        "Parent Relationship": "Outer",
        "Parallel Aware": false,
        "Startup Cost": 107064.0,
        "Total Cost": 107064.11,
        "Plan Rows": 1,
        "Plan Width": 8,
        "Actual Startup Time": 778.801,
        "Actual Total Time": 794.465,
        "Actual Rows": 2,
        "Actual Loops": 1,
        "Workers Planned": 1,
        "Workers Launched": 1,
        "Single Copy": false,
        "Plans": [
          {
            "Node Type": "Aggregate",
            "Strategy": "Plain",
            "Partial Mode": "Partial",
            "Parent Relationship": "Outer",
            "Parallel Aware": false,
            "Startup Cost": 106064.0,
            "Total Cost": 106064.01,
            "Plan Rows": 1,
            "Plan Width": 8,
            "Actual Startup Time": 771.524,
            "Actual Total Time": 771.528,
            "Actual Rows": 1,
            "Actual Loops": 2,
            "Plans": [
              {
                "Node Type": "Hash Join",
                "Parent Relationship": "Outer",
                "Parallel Aware": true,
                "Join Type": "Inner",
                "Startup Cost": 66256.52,
                "Total Cost": 104423.15,
                "Plan Rows": 656339,
                "Plan Width": 0,
                "Actual Startup Time": 376.165,
                "Actual Total Time": 762.851,
                "Actual Rows": 217408,
                "Actual Loops": 2,
                "Inner Unique": true,
                "Hash Cond": "(mc.movie_id = t.id)",
                "Plans": [
                  {
                    "Node Type": "Seq Scan",
                    "Parent Relationship": "Outer",
                    "Parallel Aware": true,
                    "Relation Name": "movie_companies",
                    "Alias": "mc",
                    "Startup Cost": 0.0,
                    "Total Cost": 34137.82,
                    "Plan Rows": 1534782,
                    "Plan Width": 4,
                    "Actual Startup Time": 0.014,
                    "Actual Total Time": 100.859,
                    "Actual Rows": 1304564,
                    "Actual Loops": 2
                  },
                  {
                    "Node Type": "Hash",
                    "Parent Relationship": "Inner",
                    "Parallel Aware": true,
                    "Startup Cost": 58306.47,
                    "Total Cost": 58306.47,
                    "Plan Rows": 636004,
                    "Plan Width": 4,
                    "Actual Startup Time": 361.762,
                    "Actual Total Time": 361.763,
                    "Actual Rows": 588452,
                    "Actual Loops": 2,
                    "Hash Buckets": 2097152,
                    "Original Hash Buckets": 2097152,
                    "Hash Batches": 1,
                    "Original Hash Batches": 1,
                    "Peak Memory Usage": 62432,
                    "Plans": [
                      {
                        "Node Type": "Seq Scan",
                        "Parent Relationship": "Outer",
                        "Parallel Aware": true,
                        "Relation Name": "title",
                        "Alias": "t",
                        "Startup Cost": 0.0,
                        "Total Cost": 58306.47,
                        "Plan Rows": 636004,
                        "Plan Width": 4,
                        "Actual Startup Time": 0.03,
                        "Actual Total Time": 170.537,
                        "Actual Rows": 588452,
                        "Actual Loops": 2,
                        "Filter": "((production_year > 1989) AND (kind_id = 7))",
                        "Rows Removed by Filter": 675704
                      }
                    ]
                  }
                ]
              }
            ]
          }
        ]
      }
    ]
  },
  "Planning Time": 0.371,
  "Triggers": [],
  "Execution Time": 794.535
}