[
  {
    "Plan": {
      "Node Type": "Aggregate",
      "Strategy": "Plain",
      "Partial Mode": "Finalize",
      "Parallel Aware": false,
      "Startup Cost": 80331.26,
      "Total Cost": 80331.27,
      "Plan Rows": 1,
      "Plan Width": 8,
      "Actual Startup Time": 277.407,
      "Actual Total Time": 291.391,
      "Actual Rows": 1,
      "Actual Loops": 1,
      "Plans": [
        {
          "Node Type": "Gather",
          "Parent Relationship": "Outer",
          "Parallel Aware": false,
          "Startup Cost": 80330.94,
          "Total Cost": 80331.25,
          "Plan Rows": 3,
          "Plan Width": 8,
          "Actual Startup Time": 273.064,
          "Actual Total Time": 291.383,
          "Actual Rows": 4,
          "Actual Loops": 1,
          "Workers Planned": 3,
          "Workers Launched": 3,
          "Single Copy": false,
          "Plans": [
            {
              "Node Type": "Aggregate",
              "Strategy": "Plain",
              "Partial Mode": "Partial",
              "Parent Relationship": "Outer",
              "Parallel Aware": false,
              "Startup Cost": 79330.94,
              "Total Cost": 79330.95,
              "Plan Rows": 1,
              "Plan Width": 8,
              "Actual Startup Time": 263.509,
              "Actual Total Time": 263.513,
              "Actual Rows": 1,
              "Actual Loops": 4,
              "Plans": [
                {
                  "Node Type": "Nested Loop",
                  "Parent Relationship": "Outer",
                  "Parallel Aware": false,
                  "Join Type": "Inner",
                  "Startup Cost": 49120.57,
                  "Total Cost": 79305.35,
                  "Plan Rows": 10237,
                  "Plan Width": 0,
                  "Actual Startup Time": 188.946,
                  "Actual Total Time": 258.785,
                  "Actual Rows": 108554,
                  "Actual Loops": 4,
                  "Inner Unique": false,
                  "Plans": [
                    {
                      "Node Type": "Hash Join",
                      "Parent Relationship": "Outer",
                      "Parallel Aware": true,
                      "Join Type": "Inner",
                      "Startup Cost": 49120.14,
                      "Total Cost": 68201.72,
                      "Plan Rows": 5721,
                      "Plan Width": 8,
                      "Actual Startup Time": 188.84,
                      "Actual Total Time": 202.133,
                      "Actual Rows": 10882,
                      "Actual Loops": 4,
                      "Inner Unique": true,
                      "Hash Cond": "(mc.movie_id = t.id)",
                      "Plans": [
                        {
                          "Node Type": "Bitmap Heap Scan",
                          "Parent Relationship": "Outer",
                          "Parallel Aware": true,
                          "Relation Name": "movie_companies",
                          "Alias": "mc",
                          "Startup Cost": 1295.58,
                          "Total Cost": 20326.55,
                          "Plan Rows": 19278,
                          "Plan Width": 4,
                          "Actual Startup Time": 2.838,
                          "Actual Total Time": 7.695,
                          "Actual Rows": 14753,
                          "Actual Loops": 4,
                          "Recheck Cond": "(company_id > 184550)",
                          "Rows Removed by Index Recheck": 0,
                          "Exact Heap Blocks": 601,
                          "Lossy Heap Blocks": 0,
                          "Plans": [
                            {
                              "Node Type": "Bitmap Index Scan",
                              "Parent Relationship": "Outer",
                              "Parallel Aware": false,
                              "Index Name": "company_id_movie_companies",
                              "Startup Cost": 0.0,
                              "Total Cost": 1280.64,
                              "Plan Rows": 59761,
                              "Plan Width": 0,
                              "Actual Startup Time": 2.492,
                              "Actual Total Time": 2.492,
                              "Actual Rows": 59012,
                              "Actual Loops": 1,
                              "Index Cond": "(company_id > 184550)"
                            }
                          ]
                        },
                        {
                          "Node Type": "Hash",
                          "Parent Relationship": "Inner",
                          "Parallel Aware": true,
                          "Startup Cost": 45479.59,
                          "Total Cost": 45479.59,
                          "Plan Rows": 187598,
                          "Plan Width": 4,
                          "Actual Startup Time": 180.585,
                          "Actual Total Time": 180.586,
                          "Actual Rows": 198486,
                          "Actual Loops": 4,
                          "Hash Buckets": 1048576,
                          "Original Hash Buckets": 1048576,
                          "Hash Batches": 1,
                          "Original Hash Batches": 1,
                          "Peak Memory Usage": 39296,
                          "Plans": [
                            {
                              "Node Type": "Seq Scan",
                              "Parent Relationship": "Outer",
                              "Parallel Aware": true,
                              "Relation Name": "title",
                              "Alias": "t",
                              "Startup Cost": 0.0,
                              "Total Cost": 45479.59,
                              "Plan Rows": 187598,
                              "Plan Width": 4,
                              "Actual Startup Time": 0.049,
                              "Actual Total Time": 107.838,
                              "Actual Rows": 198486,
                              "Actual Loops": 4,
                              "Filter": "((kind_id < 7) AND (production_year < 2010))",
                              "Rows Removed by Filter": 433592
                            }
                          ]
                        }
                      ]
                    },
                    {
                      "Node Type": "Index Only Scan",
                      "Parent Relationship": "Inner",
                      "Parallel Aware": false,
                      "Scan Direction": "Forward",
                      "Index Name": "movie_id_movie_keyword",
                      "Relation Name": "movie_keyword",
                      "Alias": "mk",
                      "Startup Cost": 0.43,
                      "Total Cost": 1.48,
                      "Plan Rows": 46,
                      "Plan Width": 4,
                      "Actual Startup Time": 0.003,
                      "Actual Total Time": 0.004,
                      "Actual Rows": 10,
                      "Actual Loops": 43529,
                      "Index Cond": "(movie_id = t.id)",
                      "Rows Removed by Index Recheck": 0,
                      "Heap Fetches": 434218
                    }
                  ]
                }
              ]
            }
          ]
        }
      ]
    },
    "Planning Time": 1.465,
    "Triggers": [],
    "Execution Time": 291.498
  }
]