[
  {
    "Plan": {
      "Node Type": "Aggregate",
      "Strategy": "Plain",
      "Partial Mode": "Finalize",
      "Parallel Aware": false,
      "Startup Cost": 76842.51,
      "Total Cost": 76842.52,
      "Plan Rows": 1,
      "Plan Width": 8,
      "Actual Startup Time": 194.326,
      "Actual Total Time": 211.908,
      "Actual Rows": 1,
      "Actual Loops": 1,
      "Plans": [
        {
          "Node Type": "Gather",
          "Parent Relationship": "Outer",
          "Parallel Aware": false,
          "Startup Cost": 76842.09,
          "Total Cost": 76842.5,
          "Plan Rows": 4,
          "Plan Width": 8,
          "Actual Startup Time": 193.853,
          "Actual Total Time": 211.9,
          "Actual Rows": 5,
          "Actual Loops": 1,
          "Workers Planned": 4,
          "Workers Launched": 4,
          "Single Copy": false,
          "Plans": [
            {
              "Node Type": "Aggregate",
              "Strategy": "Plain",
              "Partial Mode": "Partial",
              "Parent Relationship": "Outer",
              "Parallel Aware": false,
              "Startup Cost": 75842.09,
              "Total Cost": 75842.1,
              "Plan Rows": 1,
              "Plan Width": 8,
              "Actual Startup Time": 183.467,
              "Actual Total Time": 183.473,
              "Actual Rows": 1,
              "Actual Loops": 5,
              "Plans": [
                {
                  "Node Type": "Nested Loop",
                  "Parent Relationship": "Outer",
                  "Parallel Aware": false,
                  "Join Type": "Inner",
                  "Startup Cost": 20623.82,
                  "Total Cost": 75821.59,
                  "Plan Rows": 8199,
                  "Plan Width": 0,
                  "Actual Startup Time": 92.867,
                  "Actual Total Time": 179.706,
                  "Actual Rows": 86844,
                  "Actual Loops": 5,
                  "Inner Unique": false,
                  "Plans": [
                    {
                      "Node Type": "Hash Join",
                      "Parent Relationship": "Outer",
                      "Parallel Aware": true,
                      "Join Type": "Inner",
                      "Startup Cost": 20623.38,
                      "Total Cost": 67058.78,
                      "Plan Rows": 4582,
                      "Plan Width": 8,
                      "Actual Startup Time": 83.947,
                      "Actual Total Time": 124.552,
                      "Actual Rows": 8706,
                      "Actual Loops": 5,
                      "Inner Unique": false,
                      "Hash Cond": "(t.id = mc.movie_id)",
                      "Plans": [
                        {
                          "Node Type": "Seq Scan",
                          "Parent Relationship": "Outer",
                          "Parallel Aware": true,
                          "Relation Name": "title",
                          "Alias": "t",
                          "Startup Cost": 0.0,
                          "Total Cost": 45479.1,
                          "Plan Rows": 188304,
                          "Plan Width": 4,
                          "Actual Startup Time": 0.026,
                          "Actual Total Time": 76.63,
                          "Actual Rows": 158789,
                          "Actual Loops": 5,
                          "Filter": "((kind_id < 7) AND (production_year < 2010))",
                          "Rows Removed by Filter": 346874
                        },
                        {
                          "Node Type": "Hash",
                          "Parent Relationship": "Inner",
                          "Parallel Aware": true,
                          "Startup Cost": 20375.31,
                          "Total Cost": 20375.31,
                          "Plan Rows": 19846,
                          "Plan Width": 4,
                          "Actual Startup Time": 21.509,
                          "Actual Total Time": 21.51,
                          "Actual Rows": 11802,
                          "Actual Loops": 5,
                          "Hash Buckets": 65536,
                          "Original Hash Buckets": 65536,
                          "Hash Batches": 1,
                          "Original Hash Batches": 1,
                          "Peak Memory Usage": 2912,
                          "Plans": [
                            {
                              "Node Type": "Bitmap Heap Scan",
                              "Parent Relationship": "Outer",
                              "Parallel Aware": true,
                              "Relation Name": "movie_companies",
                              "Alias": "mc",
                              "Startup Cost": 1337.23,
                              "Total Cost": 20375.31,
                              "Plan Rows": 19846,
                              "Plan Width": 4,
                              "Actual Startup Time": 1.793,
                              "Actual Total Time": 14.511,
                              "Actual Rows": 11802,
                              "Actual Loops": 5,
                              "Recheck Cond": "(company_id > 184550)",
                              "Rows Removed by Index Recheck": 0,
                              "Exact Heap Blocks": 766,
                              "Lossy Heap Blocks": 0,
                              "Plans": [
                                {
                                  "Node Type": "Bitmap Index Scan",
                                  "Parent Relationship": "Outer",
                                  "Parallel Aware": false,
                                  "Index Name": "company_id_movie_companies",
                                  "Startup Cost": 0.0,
                                  "Total Cost": 1321.85,
                                  "Plan Rows": 61523,
                                  "Plan Width": 0,
                                  "Actual Startup Time": 6.989,
                                  "Actual Total Time": 6.989,
                                  "Actual Rows": 59012,
                                  "Actual Loops": 1,
                                  "Index Cond": "(company_id > 184550)"
                                }
                              ]
                            }
                          ]
                        }
                      ]
                    },
                    {
                      "Node Type": "Index Only Scan",
                      "Parent Relationship": "Inner",
                      "Parallel Aware": false,
                      "Scan Direction": "Forward",
                      "Index Name": "movie_id_movie_keyword",
                      "Relation Name": "movie_keyword",
                      "Alias": "mk",
                      "Startup Cost": 0.43,
                      "Total Cost": 1.46,
                      "Plan Rows": 45,
                      "Plan Width": 4,
                      "Actual Startup Time": 0.004,
                      "Actual Total Time": 0.005,
                      "Actual Rows": 10,
                      "Actual Loops": 43529,
                      "Index Cond": "(movie_id = t.id)",
                      "Rows Removed by Index Recheck": 0,
                      "Heap Fetches": 434218
                    }
                  ]
                }
              ]
            }
          ]
        }
      ]
    },
    "Planning Time": 1.437,
    "Triggers": [],
    "Execution Time": 212.017
  }
]