{
  "Plan": {
    "Node Type": "Aggregate",
    "Strategy": "Plain",
    "Partial Mode": "Simple",
    "Parallel Aware": false,
    "Startup Cost": 1032047.27,
    "Total Cost": 1032047.28,
    "Plan Rows": 1,
    "Plan Width": 128,
    "Actual Startup Time": 8057.189,
    "Actual Total Time": 8057.512,
    "Actual Rows": 1,
    "Actual Loops": 1,
    "Plans": [
      {
        "Node Type": "Hash Join",
        "Parent Relationship": "Outer",
        "Parallel Aware": false,
        "Join Type": "Inner",
        "Startup Cost": 917789.88,
        "Total Cost": 1032047.26,
        "Plan Rows": 1,
        "Plan Width": 81,
        "Actual Startup Time": 7355.281,
        "Actual Total Time": 8057.475,
        "Actual Rows": 84,
        "Actual Loops": 1,
        "Inner Unique": false,
        "Hash Cond": "(n.id = ci.person_id)",
        "Plans": [
          {
            "Node Type": "Seq Scan",
            "Parent Relationship": "Outer",
            "Parallel Aware": false,
            "Relation Name": "name",
            "Alias": "n",
            "Startup Cost": 0.0,
            "Total Cost": 107705.21,
            "Plan Rows": 1747242,
            "Plan Width": 19,
            "Actual Startup Time": 0.039,
            "Actual Total Time": 651.379,
            "Actual Rows": 1739579,
            "Actual Loops": 1,
            "Filter": "((gender)::text = 'm'::text)",
            "Rows Removed by Filter": 2427912
          },
          {
            "Node Type": "Hash",
            "Parent Relationship": "Inner",
            "Parallel Aware": false,
            "Startup Cost": 917789.87,
            "Total Cost": 917789.87,
            "Plan Rows": 1,
            "Plan Width": 70,
            "Actual Startup Time": 7314.627,
            "Actual Total Time": 7314.949,
            "Actual Rows": 84,
            "Actual Loops": 1,
            "Hash Buckets": 1024,
            "Original Hash Buckets": 1024,
            "Hash Batches": 1,
            "Original Hash Batches": 1,
            "Peak Memory Usage": 13,
            "Plans": [
              {
                "Node Type": "Nested Loop",
                "Parent Relationship": "Outer",
                "Parallel Aware": false,
                "Join Type": "Inner",
                "Startup Cost": 414312.74,
                "Total Cost": 917789.87,
                "Plan Rows": 1,
                "Plan Width": 70,
                "Actual Startup Time": 5282.255,
                "Actual Total Time": 7314.904,
                "Actual Rows": 84,
                "Actual Loops": 1,
                "Inner Unique": true,
                "Plans": [
                  {
                    "Node Type": "Nested Loop",
                    "Parent Relationship": "Outer",
                    "Parallel Aware": false,
                    "Join Type": "Inner",
                    "Startup Cost": 414312.32,
                    "Total Cost": 917788.53,
                    "Plan Rows": 1,
                    "Plan Width": 74,
                    "Actual Startup Time": 5280.503,
                    "Actual Total Time": 7314.495,
                    "Actual Rows": 204,
                    "Actual Loops": 1,
                    "Inner Unique": true,
                    "Plans": [
                      {
                        "Node Type": "Nested Loop",
                        "Parent Relationship": "Outer",
                        "Parallel Aware": false,
                        "Join Type": "Inner",
                        "Startup Cost": 414311.9,
                        "Total Cost": 917788.08,
                        "Plan Rows": 1,
                        "Plan Width": 78,
                        "Actual Startup Time": 5280.387,
                        "Actual Total Time": 7303.494,
                        "Actual Rows": 6366,
                        "Actual Loops": 1,
                        "Inner Unique": false,
                        "Join Filter": "(t.id = mc.movie_id)",
                        "Rows Removed by Join Filter": 26892648,
                        "Plans": [
                          {
                            "Node Type": "Gather",
                            "Parent Relationship": "Outer",
                            "Parallel Aware": false,
                            "Startup Cost": 1000.0,
                            "Total Cost": 32181.88,
                            "Plan Rows": 18712,
                            "Plan Width": 8,
                            "Actual Startup Time": 1.29,
                            "Actual Total Time": 2.474,
                            "Actual Rows": 7963,
                            "Actual Loops": 1,
                            "Workers Planned": 3,
                            "Workers Launched": 3,
                            "Single Copy": false,
                            "Plans": [
                              {
                                "Node Type": "Seq Scan",
                                "Parent Relationship": "Outer",
                                "Parallel Aware": true,
                                "Relation Name": "movie_companies",
                                "Alias": "mc",
                                "Startup Cost": 0.0,
                                "Total Cost": 29310.68,
                                "Plan Rows": 6036,
                                "Plan Width": 8,
                                "Actual Startup Time": 1.078,
                                "Actual Total Time": 171.65,
                                "Actual Rows": 1991,
                                "Actual Loops": 4,
                                "Filter": "(note ~~ '%(Blu-ray)%'::text)",
                                "Rows Removed by Filter": 650292
                              }
                            ]
                          },
                          {
                            "Node Type": "Materialize",
                            "Parent Relationship": "Inner",
                            "Parallel Aware": false,
                            "Startup Cost": 413311.9,
                            "Total Cost": 885325.52,
                            "Plan Rows": 1,
                            "Plan Width": 94,
                            "Actual Startup Time": 0.496,
                            "Actual Total Time": 0.684,
                            "Actual Rows": 3378,
                            "Actual Loops": 7963,
                            "Plans": [
                              {
                                "Node Type": "Hash Join",
                                "Parent Relationship": "Outer",
                                "Parallel Aware": false,
                                "Join Type": "Inner",
                                "Startup Cost": 413311.9,
                                "Total Cost": 885325.51,
                                "Plan Rows": 1,
                                "Plan Width": 94,
                                "Actual Startup Time": 3947.947,
                                "Actual Total Time": 4576.557,
                                "Actual Rows": 3378,
                                "Actual Loops": 1,
                                "Inner Unique": false,
                                "Hash Cond": "(ci.movie_id = t.id)",
                                "Plans": [
                                  {
                                    "Node Type": "Gather",
                                    "Parent Relationship": "Outer",
                                    "Parallel Aware": false,
                                    "Startup Cost": 1000.0,
                                    "Total Cost": 468635.47,
                                    "Plan Rows": 1167502,
                                    "Plan Width": 8,
                                    "Actual Startup Time": 136.191,
                                    "Actual Total Time": 726.033,
                                    "Actual Rows": 1244716,
                                    "Actual Loops": 1,
                                    "Workers Planned": 6,
                                    "Workers Launched": 4,
                                    "Single Copy": false,
                                    "Plans": [
                                      {
                                        "Node Type": "Seq Scan",
                                        "Parent Relationship": "Outer",
                                        "Parallel Aware": true,
                                        "Relation Name": "cast_info",
                                        "Alias": "ci",
                                        "Startup Cost": 0.0,
                                        "Total Cost": 350885.27,
                                        "Plan Rows": 194584,
                                        "Plan Width": 8,
                                        "Actual Startup Time": 154.798,
                                        "Actual Total Time": 1540.669,
                                        "Actual Rows": 248943,
                                        "Actual Loops": 5,
                                        "Filter": "(note = ANY ('{(writer),\"(head writer)\",\"(written by)\",(story),\"(story editor)\"}'::text[]))",
                                        "Rows Removed by Filter": 6999926
                                      }
                                    ]
                                  },
                                  {
                                    "Node Type": "Hash",
                                    "Parent Relationship": "Inner",
                                    "Parallel Aware": false,
                                    "Startup Cost": 412311.88,
                                    "Total Cost": 412311.88,
                                    "Plan Rows": 1,
                                    "Plan Width": 86,
                                    "Actual Startup Time": 3771.354,
                                    "Actual Total Time": 3771.468,
                                    "Actual Rows": 2024,
                                    "Actual Loops": 1,
                                    "Hash Buckets": 2048,
                                    "Original Hash Buckets": 1024,
                                    "Hash Batches": 1,
                                    "Original Hash Batches": 1,
                                    "Peak Memory Usage": 174,
                                    "Plans": [
                                      {
                                        "Node Type": "Nested Loop",
                                        "Parent Relationship": "Outer",
                                        "Parallel Aware": false,
                                        "Join Type": "Inner",
                                        "Startup Cost": 412180.43,
                                        "Total Cost": 412311.88,
                                        "Plan Rows": 1,
                                        "Plan Width": 86,
                                        "Actual Startup Time": 3695.239,
                                        "Actual Total Time": 3770.879,
                                        "Actual Rows": 2024,
                                        "Actual Loops": 1,
                                        "Inner Unique": true,
                                        "Join Filter": "(mi_idx.info_type_id = it2.id)",
                                        "Rows Removed by Join Filter": 4048,
                                        "Plans": [
                                          {
                                            "Node Type": "Nested Loop",
                                            "Parent Relationship": "Outer",
                                            "Parallel Aware": false,
                                            "Join Type": "Inner",
                                            "Startup Cost": 412180.43,
                                            "Total Cost": 412307.58,
                                            "Plan Rows": 126,
                                            "Plan Width": 90,
                                            "Actual Startup Time": 3695.212,
                                            "Actual Total Time": 3769.619,
                                            "Actual Rows": 6072,
                                            "Actual Loops": 1,
                                            "Inner Unique": false,
                                            "Join Filter": "(t.id = mi_idx.movie_id)",
                                            "Rows Removed by Join Filter": 0,
                                            "Plans": [
                                              {
                                                "Node Type": "Merge Join",
                                                "Parent Relationship": "Outer",
                                                "Parallel Aware": false,
                                                "Join Type": "Inner",
                                                "Startup Cost": 412180.0,
                                                "Total Cost": 412285.85,
                                                "Plan Rows": 41,
                                                "Plan Width": 76,
                                                "Actual Startup Time": 3695.123,
                                                "Actual Total Time": 3765.5,
                                                "Actual Rows": 2044,
                                                "Actual Loops": 1,
                                                "Inner Unique": false,
                                                "Merge Cond": "(t.id = mi.movie_id)",
                                                "Plans": [
                                                  {
                                                    "Node Type": "Sort",
                                                    "Parent Relationship": "Outer",
                                                    "Parallel Aware": false,
                                                    "Startup Cost": 51880.31,
                                                    "Total Cost": 51913.54,
                                                    "Plan Rows": 13293,
                                                    "Plan Width": 21,
                                                    "Actual Startup Time": 572.053,
                                                    "Actual Total Time": 572.148,
                                                    "Actual Rows": 533,
                                                    "Actual Loops": 1,
                                                    "Sort Key": [
                                                      "t.id"
                                                    ],
                                                    "Sort Method": "quicksort",
                                                    "Sort Space Used": 70,
                                                    "Sort Space Type": "Memory",
                                                    "Plans": [
                                                      {
                                                        "Node Type": "Gather",
                                                        "Parent Relationship": "Outer",
                                                        "Parallel Aware": false,
                                                        "Startup Cost": 1000.0,
                                                        "Total Cost": 50969.85,
                                                        "Plan Rows": 13293,
                                                        "Plan Width": 21,
                                                        "Actual Startup Time": 2.504,
                                                        "Actual Total Time": 571.626,
                                                        "Actual Rows": 533,
                                                        "Actual Loops": 1,
                                                        "Workers Planned": 4,
                                                        "Workers Launched": 0,
                                                        "Single Copy": false,
                                                        "Plans": [
                                                          {
                                                            "Node Type": "Seq Scan",
                                                            "Parent Relationship": "Outer",
                                                            "Parallel Aware": true,
                                                            "Relation Name": "title",
                                                            "Alias": "t",
                                                            "Startup Cost": 0.0,
                                                            "Total Cost": 48640.54,
                                                            "Plan Rows": 3323,
                                                            "Plan Width": 21,
                                                            "Actual Startup Time": 2.187,
                                                            "Actual Total Time": 571.164,
                                                            "Actual Rows": 533,
                                                            "Actual Loops": 1,
                                                            "Filter": "((production_year > 2000) AND ((title ~~ '%Freddy%'::text) OR (title ~~ '%Jason%'::text) OR (title ~~ 'Saw%'::text)))",
                                                            "Rows Removed by Filter": 2527779
                                                          }
                                                        ]
                                                      }
                                                    ]
                                                  },
                                                  {
                                                    "Node Type": "Sort",
                                                    "Parent Relationship": "Inner",
                                                    "Parallel Aware": false,
                                                    "Startup Cost": 360299.69,
                                                    "Total Cost": 360319.21,
                                                    "Plan Rows": 7807,
                                                    "Plan Width": 55,
                                                    "Actual Startup Time": 3110.181,
                                                    "Actual Total Time": 3145.181,
                                                    "Actual Rows": 940936,
                                                    "Actual Loops": 1,
                                                    "Sort Key": [
                                                      "mi.movie_id"
                                                    ],
                                                    "Sort Method": "quicksort",
                                                    "Sort Space Used": 98204,
                                                    "Sort Space Type": "Memory",
                                                    "Plans": [
                                                      {
                                                        "Node Type": "Nested Loop",
                                                        "Parent Relationship": "Outer",
                                                        "Parallel Aware": false,
                                                        "Join Type": "Inner",
                                                        "Startup Cost": 1000.43,
                                                        "Total Cost": 359794.95,
                                                        "Plan Rows": 7807,
                                                        "Plan Width": 55,
                                                        "Actual Startup Time": 1877.197,
                                                        "Actual Total Time": 2864.508,
                                                        "Actual Rows": 942436,
                                                        "Actual Loops": 1,
                                                        "Inner Unique": false,
                                                        "Join Filter": "(mi.info_type_id = it1.id)",
                                                        "Rows Removed by Join Filter": 74578,
                                                        "Plans": [
                                                          {
                                                            "Node Type": "Seq Scan",
                                                            "Parent Relationship": "Outer",
                                                            "Parallel Aware": false,
                                                            "Relation Name": "info_type",
                                                            "Alias": "it1",
                                                            "Startup Cost": 0.0,
                                                            "Total Cost": 2.41,
                                                            "Plan Rows": 1,
                                                            "Plan Width": 4,
                                                            "Actual Startup Time": 0.018,
                                                            "Actual Total Time": 0.026,
                                                            "Actual Rows": 1,
                                                            "Actual Loops": 1,
                                                            "Filter": "((info)::text = 'genres'::text)",
                                                            "Rows Removed by Filter": 112
                                                          },
                                                          {
                                                            "Node Type": "Gather",
                                                            "Parent Relationship": "Inner",
                                                            "Parallel Aware": false,
                                                            "Startup Cost": 1000.43,
                                                            "Total Cost": 348769.11,
                                                            "Plan Rows": 881874,
                                                            "Plan Width": 59,
                                                            "Actual Startup Time": 1298.23,
                                                            "Actual Total Time": 2776.122,
                                                            "Actual Rows": 1017014,
                                                            "Actual Loops": 1,
                                                            "Workers Planned": 5,
                                                            "Workers Launched": 0,
                                                            "Single Copy": false,
                                                            "Plans": [
                                                              {
                                                                "Node Type": "Nested Loop",
                                                                "Parent Relationship": "Outer",
                                                                "Parallel Aware": false,
                                                                "Join Type": "Inner",
                                                                "Startup Cost": 0.43,
                                                                "Total Cost": 259581.71,
                                                                "Plan Rows": 176375,
                                                                "Plan Width": 59,
                                                                "Actual Startup Time": 1297.834,
                                                                "Actual Total Time": 2714.322,
                                                                "Actual Rows": 1017014,
                                                                "Actual Loops": 1,
                                                                "Inner Unique": false,
                                                                "Plans": [
                                                                  {
                                                                    "Node Type": "Seq Scan",
                                                                    "Parent Relationship": "Outer",
                                                                    "Parallel Aware": true,
                                                                    "Relation Name": "movie_info",
                                                                    "Alias": "mi",
                                                                    "Startup Cost": 0.0,
                                                                    "Total Cost": 199164.27,
                                                                    "Plan Rows": 14076,
                                                                    "Plan Width": 51,
                                                                    "Actual Startup Time": 1297.744,
                                                                    "Actual Total Time": 2066.563,
                                                                    "Actual Rows": 73047,
                                                                    "Actual Loops": 1,
                                                                    "Filter": "(info = ANY ('{Horror,Thriller}'::text[]))",
                                                                    "Rows Removed by Filter": 14762673
                                                                  },
                                                                  {
                                                                    "Node Type": "Index Scan",
                                                                    "Parent Relationship": "Inner",
                                                                    "Parallel Aware": false,
                                                                    "Scan Direction": "Forward",
                                                                    "Index Name": "movie_id_movie_keyword",
                                                                    "Relation Name": "movie_keyword",
                                                                    "Alias": "mk",
                                                                    "Startup Cost": 0.43,
                                                                    "Total Cost": 3.83,
                                                                    "Plan Rows": 46,
                                                                    "Plan Width": 8,
                                                                    "Actual Startup Time": 0.005,
                                                                    "Actual Total Time": 0.007,
                                                                    "Actual Rows": 14,
                                                                    "Actual Loops": 73047,
                                                                    "Index Cond": "(movie_id = mi.movie_id)",
                                                                    "Rows Removed by Index Recheck": 0
                                                                  }
                                                                ]
                                                              }
                                                            ]
                                                          }
                                                        ]
                                                      }
                                                    ]
                                                  }
                                                ]
                                              },
                                              {
                                                "Node Type": "Index Scan",
                                                "Parent Relationship": "Inner",
                                                "Parallel Aware": false,
                                                "Scan Direction": "Forward",
                                                "Index Name": "movie_id_movie_info_idx",
                                                "Relation Name": "movie_info_idx",
                                                "Alias": "mi_idx",
                                                "Startup Cost": 0.43,
                                                "Total Cost": 0.49,
                                                "Plan Rows": 3,
                                                "Plan Width": 14,
                                                "Actual Startup Time": 0.001,
                                                "Actual Total Time": 0.001,
                                                "Actual Rows": 3,
                                                "Actual Loops": 2044,
                                                "Index Cond": "(movie_id = mk.movie_id)",
                                                "Rows Removed by Index Recheck": 0
                                              }
                                            ]
                                          },
                                          {
                                            "Node Type": "Materialize",
                                            "Parent Relationship": "Inner",
                                            "Parallel Aware": false,
                                            "Startup Cost": 0.0,
                                            "Total Cost": 2.42,
                                            "Plan Rows": 1,
                                            "Plan Width": 4,
                                            "Actual Startup Time": 0.0,
                                            "Actual Total Time": 0.0,
                                            "Actual Rows": 1,
                                            "Actual Loops": 6072,
                                            "Plans": [
                                              {
                                                "Node Type": "Seq Scan",
                                                "Parent Relationship": "Outer",
                                                "Parallel Aware": false,
                                                "Relation Name": "info_type",
                                                "Alias": "it2",
                                                "Startup Cost": 0.0,
                                                "Total Cost": 2.41,
                                                "Plan Rows": 1,
                                                "Plan Width": 4,
                                                "Actual Startup Time": 0.018,
                                                "Actual Total Time": 0.019,
                                                "Actual Rows": 1,
                                                "Actual Loops": 1,
                                                "Filter": "((info)::text = 'votes'::text)",
                                                "Rows Removed by Filter": 112
                                              }
                                            ]
                                          }
                                        ]
                                      }
                                    ]
                                  }
                                ]
                              }
                            ]
                          }
                        ]
                      },
                      {
                        "Node Type": "Index Scan",
                        "Parent Relationship": "Inner",
                        "Parallel Aware": false,
                        "Scan Direction": "Forward",
                        "Index Name": "keyword_pkey",
                        "Relation Name": "keyword",
                        "Alias": "k",
                        "Startup Cost": 0.42,
                        "Total Cost": 0.45,
                        "Plan Rows": 1,
                        "Plan Width": 4,
                        "Actual Startup Time": 0.002,
                        "Actual Total Time": 0.002,
                        "Actual Rows": 0,
                        "Actual Loops": 6366,
                        "Index Cond": "(id = mk.keyword_id)",
                        "Rows Removed by Index Recheck": 0,
                        "Filter": "(keyword = ANY ('{murder,violence,blood,gore,death,female-nudity,hospital}'::text[]))",
                        "Rows Removed by Filter": 1
                      }
                    ]
                  },
                  {
                    "Node Type": "Index Scan",
                    "Parent Relationship": "Inner",
                    "Parallel Aware": false,
                    "Scan Direction": "Forward",
                    "Index Name": "company_name_pkey",
                    "Relation Name": "company_name",
                    "Alias": "cn",
                    "Startup Cost": 0.42,
                    "Total Cost": 1.27,
                    "Plan Rows": 1,
                    "Plan Width": 4,
                    "Actual Startup Time": 0.002,
                    "Actual Total Time": 0.002,
                    "Actual Rows": 0,
                    "Actual Loops": 204,
                    "Index Cond": "(id = mc.company_id)",
                    "Rows Removed by Index Recheck": 0,
                    "Filter": "(name ~~ 'Lionsgate%'::text)",
                    "Rows Removed by Filter": 1
                  }
                ]
              }
            ]
          }
        ]
      }
    ]
  },
  "Planning Time": 52.252,
  "Triggers": [],
  "Execution Time": 8066.86
}