{
    "Plan": {
        "Node Type": "Aggregate",
        "Strategy": "Plain",
        "Partial Mode": "Finalize",
        "Parallel Aware": false,
        "Startup Cost": 426117.71,
        "Total Cost": 426117.72,
        "Plan Rows": 1,
        "Plan Width": 8,
        "Actual Startup Time": 1355.403,
        "Actual Total Time": 1402.461,
        "Actual Rows": 1,
        "Actual Loops": 1,
        "Output": [
            "count(*)"
        ],
        "Plans": [
            {
                "Node Type": "Gather",
                "Parent Relationship": "Outer",
                "Parallel Aware": false,
                "Startup Cost": 426117.09,
                "Total Cost": 426117.7,
                "Plan Rows": 6,
                "Plan Width": 8,
                "Actual Startup Time": 1338.647,
                "Actual Total Time": 1402.45,
                "Actual Rows": 7,
                "Actual Loops": 1,
                "Output": [
                    "(PARTIAL count(*))"
                ],
                "Workers Planned": 6,
                "Workers Launched": 6,
                "Single Copy": false,
                "Plans": [
                    {
                        "Node Type": "Aggregate",
                        "Strategy": "Plain",
                        "Partial Mode": "Partial",
                        "Parent Relationship": "Outer",
                        "Parallel Aware": false,
                        "Startup Cost": 425117.09,
                        "Total Cost": 425117.1,
                        "Plan Rows": 1,
                        "Plan Width": 8,
                        "Actual Startup Time": 1327.079,
                        "Actual Total Time": 1327.228,
                        "Actual Rows": 1,
                        "Actual Loops": 7,
                        "Output": [
                            "PARTIAL count(*)"
                        ],
                        "Workers": [
                            {
                                "Worker Number": 0,
                                "Actual Startup Time": 1325.035,
                                "Actual Total Time": 1325.041,
                                "Actual Rows": 1,
                                "Actual Loops": 1
                            },
                            {
                                "Worker Number": 1,
                                "Actual Startup Time": 1325.325,
                                "Actual Total Time": 1325.329,
                                "Actual Rows": 1,
                                "Actual Loops": 1
                            },
                            {
                                "Worker Number": 2,
                                "Actual Startup Time": 1325.424,
                                "Actual Total Time": 1325.429,
                                "Actual Rows": 1,
                                "Actual Loops": 1
                            },
                            {
                                "Worker Number": 3,
                                "Actual Startup Time": 1325.737,
                                "Actual Total Time": 1325.743,
                                "Actual Rows": 1,
                                "Actual Loops": 1
                            },
                            {
                                "Worker Number": 4,
                                "Actual Startup Time": 1325.063,
                                "Actual Total Time": 1325.068,
                                "Actual Rows": 1,
                                "Actual Loops": 1
                            },
                            {
                                "Worker Number": 5,
                                "Actual Startup Time": 1325.411,
                                "Actual Total Time": 1325.416,
                                "Actual Rows": 1,
                                "Actual Loops": 1
                            }
                        ],
                        "Plans": [
                            {
                                "Node Type": "Hash Join",
                                "Parent Relationship": "Outer",
                                "Parallel Aware": true,
                                "Join Type": "Inner",
                                "Startup Cost": 82209.2,
                                "Total Cost": 423070.98,
                                "Plan Rows": 818442,
                                "Plan Width": 0,
                                "Actual Startup Time": 609.642,
                                "Actual Total Time": 1291.455,
                                "Actual Rows": 855477,
                                "Actual Loops": 7,
                                "Inner Unique": false,
                                "Hash Cond": "(ci.movie_id = t.id)",
                                "Workers": [
                                    {
                                        "Worker Number": 0,
                                        "Actual Startup Time": 607.749,
                                        "Actual Total Time": 1291.159,
                                        "Actual Rows": 861124,
                                        "Actual Loops": 1
                                    },
                                    {
                                        "Worker Number": 1,
                                        "Actual Startup Time": 607.918,
                                        "Actual Total Time": 1290.367,
                                        "Actual Rows": 881894,
                                        "Actual Loops": 1
                                    },
                                    {
                                        "Worker Number": 2,
                                        "Actual Startup Time": 608.016,
                                        "Actual Total Time": 1291.282,
                                        "Actual Rows": 867928,
                                        "Actual Loops": 1
                                    },
                                    {
                                        "Worker Number": 3,
                                        "Actual Startup Time": 607.815,
                                        "Actual Total Time": 1288.054,
                                        "Actual Rows": 597092,
                                        "Actual Loops": 1
                                    },
                                    {
                                        "Worker Number": 4,
                                        "Actual Startup Time": 607.668,
                                        "Actual Total Time": 1290.321,
                                        "Actual Rows": 875231,
                                        "Actual Loops": 1
                                    },
                                    {
                                        "Worker Number": 5,
                                        "Actual Startup Time": 608.028,
                                        "Actual Total Time": 1290.806,
                                        "Actual Rows": 878599,
                                        "Actual Loops": 1
                                    }
                                ],
                                "Plans": [
                                    {
                                        "Node Type": "Seq Scan",
                                        "Parent Relationship": "Outer",
                                        "Parallel Aware": true,
                                        "Relation Name": "cast_info",
                                        "Schema": "public",
                                        "Alias": "ci",
                                        "Startup Cost": 0.0,
                                        "Total Cost": 328213.62,
                                        "Plan Rows": 2668808,
                                        "Plan Width": 4,
                                        "Actual Startup Time": 306.784,
                                        "Actual Total Time": 621.138,
                                        "Actual Rows": 2303098,
                                        "Actual Loops": 7,
                                        "Output": [
                                            "ci.id",
                                            "ci.person_id",
                                            "ci.movie_id",
                                            "ci.person_role_id",
                                            "ci.note",
                                            "ci.nr_order",
                                            "ci.role_id"
                                        ],
                                        "Filter": "(ci.role_id > 2)",
                                        "Rows Removed by Filter": 2874666,
                                        "Workers": [
                                            {
                                                "Worker Number": 0,
                                                "Actual Startup Time": 306.792,
                                                "Actual Total Time": 624.485,
                                                "Actual Rows": 2339229,
                                                "Actual Loops": 1
                                            },
                                            {
                                                "Worker Number": 1,
                                                "Actual Startup Time": 306.792,
                                                "Actual Total Time": 623.94,
                                                "Actual Rows": 2391025,
                                                "Actual Loops": 1
                                            },
                                            {
                                                "Worker Number": 2,
                                                "Actual Startup Time": 306.844,
                                                "Actual Total Time": 622.751,
                                                "Actual Rows": 2308364,
                                                "Actual Loops": 1
                                            },
                                            {
                                                "Worker Number": 3,
                                                "Actual Startup Time": 306.7,
                                                "Actual Total Time": 629.753,
                                                "Actual Rows": 1635503,
                                                "Actual Loops": 1
                                            },
                                            {
                                                "Worker Number": 4,
                                                "Actual Startup Time": 306.77,
                                                "Actual Total Time": 622.394,
                                                "Actual Rows": 2377194,
                                                "Actual Loops": 1
                                            },
                                            {
                                                "Worker Number": 5,
                                                "Actual Startup Time": 306.8,
                                                "Actual Total Time": 623.323,
                                                "Actual Rows": 2333623,
                                                "Actual Loops": 1
                                            }
                                        ]
                                    },
                                    {
                                        "Node Type": "Hash",
                                        "Parent Relationship": "Inner",
                                        "Parallel Aware": true,
                                        "Startup Cost": 79082.75,
                                        "Total Cost": 79082.75,
                                        "Plan Rows": 250116,
                                        "Plan Width": 8,
                                        "Actual Startup Time": 299.404,
                                        "Actual Total Time": 299.55,
                                        "Actual Rows": 45263,
                                        "Actual Loops": 7,
                                        "Output": [
                                            "t.id",
                                            "mc.movie_id"
                                        ],
                                        "Hash Buckets": 1048576,
                                        "Original Hash Buckets": 1048576,
                                        "Hash Batches": 1,
                                        "Original Hash Batches": 1,
                                        "Peak Memory Usage": 20736,
                                        "Workers": [
                                            {
                                                "Worker Number": 0,
                                                "Actual Startup Time": 300.248,
                                                "Actual Total Time": 300.252,
                                                "Actual Rows": 44830,
                                                "Actual Loops": 1
                                            },
                                            {
                                                "Worker Number": 1,
                                                "Actual Startup Time": 300.438,
                                                "Actual Total Time": 300.441,
                                                "Actual Rows": 48498,
                                                "Actual Loops": 1
                                            },
                                            {
                                                "Worker Number": 2,
                                                "Actual Startup Time": 300.62,
                                                "Actual Total Time": 300.624,
                                                "Actual Rows": 43674,
                                                "Actual Loops": 1
                                            },
                                            {
                                                "Worker Number": 3,
                                                "Actual Startup Time": 300.084,
                                                "Actual Total Time": 300.087,
                                                "Actual Rows": 33908,
                                                "Actual Loops": 1
                                            },
                                            {
                                                "Worker Number": 4,
                                                "Actual Startup Time": 300.168,
                                                "Actual Total Time": 300.171,
                                                "Actual Rows": 49092,
                                                "Actual Loops": 1
                                            },
                                            {
                                                "Worker Number": 5,
                                                "Actual Startup Time": 300.607,
                                                "Actual Total Time": 300.611,
                                                "Actual Rows": 43663,
                                                "Actual Loops": 1
                                            }
                                        ],
                                        "Plans": [
                                            {
                                                "Node Type": "Hash Join",
                                                "Parent Relationship": "Outer",
                                                "Parallel Aware": true,
                                                "Join Type": "Inner",
                                                "Startup Cost": 48689.12,
                                                "Total Cost": 79082.75,
                                                "Plan Rows": 250116,
                                                "Plan Width": 8,
                                                "Actual Startup Time": 187.544,
                                                "Actual Total Time": 280.333,
                                                "Actual Rows": 45263,
                                                "Actual Loops": 7,
                                                "Output": [
                                                    "t.id",
                                                    "mc.movie_id"
                                                ],
                                                "Inner Unique": true,
                                                "Hash Cond": "(mc.movie_id = t.id)",
                                                "Workers": [
                                                    {
                                                        "Worker Number": 0,
                                                        "Actual Startup Time": 187.545,
                                                        "Actual Total Time": 280.016,
                                                        "Actual Rows": 44830,
                                                        "Actual Loops": 1
                                                    },
                                                    {
                                                        "Worker Number": 1,
                                                        "Actual Startup Time": 187.533,
                                                        "Actual Total Time": 279.931,
                                                        "Actual Rows": 48498,
                                                        "Actual Loops": 1
                                                    },
                                                    {
                                                        "Worker Number": 2,
                                                        "Actual Startup Time": 187.591,
                                                        "Actual Total Time": 280.157,
                                                        "Actual Rows": 43674,
                                                        "Actual Loops": 1
                                                    },
                                                    {
                                                        "Worker Number": 3,
                                                        "Actual Startup Time": 187.588,
                                                        "Actual Total Time": 281.113,
                                                        "Actual Rows": 33908,
                                                        "Actual Loops": 1
                                                    },
                                                    {
                                                        "Worker Number": 4,
                                                        "Actual Startup Time": 187.542,
                                                        "Actual Total Time": 279.884,
                                                        "Actual Rows": 49092,
                                                        "Actual Loops": 1
                                                    },
                                                    {
                                                        "Worker Number": 5,
                                                        "Actual Startup Time": 187.478,
                                                        "Actual Total Time": 280.186,
                                                        "Actual Rows": 43663,
                                                        "Actual Loops": 1
                                                    }
                                                ],
                                                "Plans": [
                                                    {
                                                        "Node Type": "Seq Scan",
                                                        "Parent Relationship": "Outer",
                                                        "Parallel Aware": true,
                                                        "Relation Name": "movie_companies",
                                                        "Schema": "public",
                                                        "Alias": "mc",
                                                        "Startup Cost": 0.0,
                                                        "Total Cost": 29310.68,
                                                        "Plan Rows": 412551,
                                                        "Plan Width": 4,
                                                        "Actual Startup Time": 0.028,
                                                        "Actual Total Time": 43.421,
                                                        "Actual Rows": 182035,
                                                        "Actual Loops": 7,
                                                        "Output": [
                                                            "mc.id",
                                                            "mc.movie_id",
                                                            "mc.company_id",
                                                            "mc.company_type_id",
                                                            "mc.note"
                                                        ],
                                                        "Filter": "(mc.company_type_id = 1)",
                                                        "Rows Removed by Filter": 190698,
                                                        "Workers": [
                                                            {
                                                                "Worker Number": 0,
                                                                "Actual Startup Time": 0.031,
                                                                "Actual Total Time": 43.568,
                                                                "Actual Rows": 178313,
                                                                "Actual Loops": 1
                                                            },
                                                            {
                                                                "Worker Number": 1,
                                                                "Actual Startup Time": 0.027,
                                                                "Actual Total Time": 43.682,
                                                                "Actual Rows": 193519,
                                                                "Actual Loops": 1
                                                            },
                                                            {
                                                                "Worker Number": 2,
                                                                "Actual Startup Time": 0.034,
                                                                "Actual Total Time": 43.435,
                                                                "Actual Rows": 176876,
                                                                "Actual Loops": 1
                                                            },
                                                            {
                                                                "Worker Number": 3,
                                                                "Actual Startup Time": 0.034,
                                                                "Actual Total Time": 46.389,
                                                                "Actual Rows": 136389,
                                                                "Actual Loops": 1
                                                            },
                                                            {
                                                                "Worker Number": 4,
                                                                "Actual Startup Time": 0.029,
                                                                "Actual Total Time": 43.782,
                                                                "Actual Rows": 191694,
                                                                "Actual Loops": 1
                                                            },
                                                            {
                                                                "Worker Number": 5,
                                                                "Actual Startup Time": 0.032,
                                                                "Actual Total Time": 43.196,
                                                                "Actual Rows": 175148,
                                                                "Actual Loops": 1
                                                            }
                                                        ]
                                                    },
                                                    {
                                                        "Node Type": "Hash",
                                                        "Parent Relationship": "Inner",
                                                        "Parallel Aware": true,
                                                        "Startup Cost": 43899.01,
                                                        "Total Cost": 43899.01,
                                                        "Plan Rows": 383209,
                                                        "Plan Width": 4,
                                                        "Actual Startup Time": 184.764,
                                                        "Actual Total Time": 184.765,
                                                        "Actual Rows": 220466,
                                                        "Actual Loops": 7,
                                                        "Output": [
                                                            "t.id"
                                                        ],
                                                        "Hash Buckets": 2097152,
                                                        "Original Hash Buckets": 2097152,
                                                        "Hash Batches": 1,
                                                        "Original Hash Batches": 1,
                                                        "Peak Memory Usage": 76864,
                                                        "Workers": [
                                                            {
                                                                "Worker Number": 0,
                                                                "Actual Startup Time": 187.208,
                                                                "Actual Total Time": 187.209,
                                                                "Actual Rows": 206034,
                                                                "Actual Loops": 1
                                                            },
                                                            {
                                                                "Worker Number": 1,
                                                                "Actual Startup Time": 187.196,
                                                                "Actual Total Time": 187.197,
                                                                "Actual Rows": 215338,
                                                                "Actual Loops": 1
                                                            },
                                                            {
                                                                "Worker Number": 2,
                                                                "Actual Startup Time": 187.259,
                                                                "Actual Total Time": 187.26,
                                                                "Actual Rows": 206877,
                                                                "Actual Loops": 1
                                                            },
                                                            {
                                                                "Worker Number": 3,
                                                                "Actual Startup Time": 187.272,
                                                                "Actual Total Time": 187.273,
                                                                "Actual Rows": 164221,
                                                                "Actual Loops": 1
                                                            },
                                                            {
                                                                "Worker Number": 4,
                                                                "Actual Startup Time": 187.212,
                                                                "Actual Total Time": 187.213,
                                                                "Actual Rows": 216895,
                                                                "Actual Loops": 1
                                                            },
                                                            {
                                                                "Worker Number": 5,
                                                                "Actual Startup Time": 187.35,
                                                                "Actual Total Time": 187.351,
                                                                "Actual Rows": 204829,
                                                                "Actual Loops": 1
                                                            }
                                                        ],
                                                        "Plans": [
                                                            {
                                                                "Node Type": "Seq Scan",
                                                                "Parent Relationship": "Outer",
                                                                "Parallel Aware": true,
                                                                "Relation Name": "title",
                                                                "Schema": "public",
                                                                "Alias": "t",
                                                                "Startup Cost": 0.0,
                                                                "Total Cost": 43899.01,
                                                                "Plan Rows": 383209,
                                                                "Plan Width": 4,
                                                                "Actual Startup Time": 0.066,
                                                                "Actual Total Time": 73.167,
                                                                "Actual Rows": 220466,
                                                                "Actual Loops": 7,
                                                                "Output": [
                                                                    "t.id"
                                                                ],
                                                                "Filter": "(t.kind_id = 7)",
                                                                "Rows Removed by Filter": 140721,
                                                                "Workers": [
                                                                    {
                                                                        "Worker Number": 0,
                                                                        "Actual Startup Time": 0.084,
                                                                        "Actual Total Time": 73.944,
                                                                        "Actual Rows": 206034,
                                                                        "Actual Loops": 1
                                                                    },
                                                                    {
                                                                        "Worker Number": 1,
                                                                        "Actual Startup Time": 0.079,
                                                                        "Actual Total Time": 74.62,
                                                                        "Actual Rows": 215338,
                                                                        "Actual Loops": 1
                                                                    },
                                                                    {
                                                                        "Worker Number": 2,
                                                                        "Actual Startup Time": 0.073,
                                                                        "Actual Total Time": 74.444,
                                                                        "Actual Rows": 206877,
                                                                        "Actual Loops": 1
                                                                    },
                                                                    {
                                                                        "Worker Number": 3,
                                                                        "Actual Startup Time": 0.074,
                                                                        "Actual Total Time": 76.609,
                                                                        "Actual Rows": 164221,
                                                                        "Actual Loops": 1
                                                                    },
                                                                    {
                                                                        "Worker Number": 4,
                                                                        "Actual Startup Time": 0.066,
                                                                        "Actual Total Time": 74.892,
                                                                        "Actual Rows": 216895,
                                                                        "Actual Loops": 1
                                                                    },
                                                                    {
                                                                        "Worker Number": 5,
                                                                        "Actual Startup Time": 0.073,
                                                                        "Actual Total Time": 74.459,
                                                                        "Actual Rows": 204829,
                                                                        "Actual Loops": 1
                                                                    }
                                                                ]
                                                            }
                                                        ]
                                                    }
                                                ]
                                            }
                                        ]
                                    }
                                ]
                            }
                        ]
                    }
                ]
            }
        ]
    },
    "Planning Time": 1.544,
    "Triggers": [],
    "Execution Time": 1402.597
}