[
  {
    "Plan": {
      "Node Type": "Aggregate",
      "Strategy": "Plain",
      "Partial Mode": "Finalize",
      "Parallel Aware": false,
      "Startup Cost": 383246.65,
      "Total Cost": 383246.66,
      "Plan Rows": 1,
      "Plan Width": 8,
      "Actual Startup Time": 631.091,
      "Actual Total Time": 684.98,
      "Actual Rows": 1,
      "Actual Loops": 1,
      "Plans": [
        {
          "Node Type": "Gather",
          "Parent Relationship": "Outer",
          "Parallel Aware": false,
          "Startup Cost": 383246.23,
          "Total Cost": 383246.64,
          "Plan Rows": 4,
          "Plan Width": 8,
          "Actual Startup Time": 630.865,
          "Actual Total Time": 684.972,
          "Actual Rows": 5,
          "Actual Loops": 1,
          "Workers Planned": 4,
          "Workers Launched": 4,
          "Single Copy": false,
          "Plans": [
            {
              "Node Type": "Aggregate",
              "Strategy": "Plain",
              "Partial Mode": "Partial",
              "Parent Relationship": "Outer",
              "Parallel Aware": false,
              "Startup Cost": 382246.23,
              "Total Cost": 382246.24,
              "Plan Rows": 1,
              "Plan Width": 8,
              "Actual Startup Time": 625.22,
              "Actual Total Time": 625.221,
              "Actual Rows": 1,
              "Actual Loops": 5,
              "Plans": [
                {
                  "Node Type": "Nested Loop",
                  "Parent Relationship": "Outer",
                  "Parallel Aware": false,
                  "Join Type": "Inner",
                  "Startup Cost": 0.56,
                  "Total Cost": 381724.02,
                  "Plan Rows": 208885,
                  "Plan Width": 0,
                  "Actual Startup Time": 0.608,
                  "Actual Total Time": 608.425,
                  "Actual Rows": 298950,
                  "Actual Loops": 5,
                  "Inner Unique": false,
                  "Plans": [
                    {
                      "Node Type": "Seq Scan",
                      "Parent Relationship": "Outer",
                      "Parallel Aware": true,
                      "Relation Name": "title",
                      "Alias": "t",
                      "Startup Cost": 0.0,
                      "Total Cost": 45479.21,
                      "Plan Rows": 16978,
                      "Plan Width": 4,
                      "Actual Startup Time": 0.472,
                      "Actual Total Time": 67.473,
                      "Actual Rows": 33536,
                      "Actual Loops": 5,
                      "Filter": "((kind_id < 7) AND (production_year < 1952))",
                      "Rows Removed by Filter": 472126
                    },
                    {
                      "Node Type": "Index Scan",
                      "Parent Relationship": "Inner",
                      "Parallel Aware": false,
                      "Scan Direction": "Forward",
                      "Index Name": "movie_id_cast_info",
                      "Relation Name": "cast_info",
                      "Alias": "ci",
                      "Startup Cost": 0.56,
                      "Total Cost": 19.47,
                      "Plan Rows": 33,
                      "Plan Width": 4,
                      "Actual Startup Time": 0.006,
                      "Actual Total Time": 0.015,
                      "Actual Rows": 9,
                      "Actual Loops": 167680,
                      "Index Cond": "(movie_id = t.id)",
                      "Rows Removed by Index Recheck": 0,
                      "Filter": "((person_id > 75209) AND (role_id < 10))",
                      "Rows Removed by Filter": 0
                    }
                  ]
                }
              ]
            }
          ]
        }
      ]
    },
    "Planning Time": 0.241,
    "Triggers": [],
    "Execution Time": 685.029
  }
]