[
  {
    "Plan": {
      "Node Type": "Aggregate",
      "Strategy": "Plain",
      "Partial Mode": "Finalize",
      "Parallel Aware": false,
      "Startup Cost": 84658.41,
      "Total Cost": 84658.42,
      "Plan Rows": 1,
      "Plan Width": 8,
      "Actual Startup Time": 528.051,
      "Actual Total Time": 544.379,
      "Actual Rows": 1,
      "Actual Loops": 1,
      "Plans": [
        {
          "Node Type": "Gather",
          "Parent Relationship": "Outer",
          "Parallel Aware": false,
          "Startup Cost": 84658.09,
          "Total Cost": 84658.4,
          "Plan Rows": 3,
          "Plan Width": 8,
          "Actual Startup Time": 518.119,
          "Actual Total Time": 544.369,
          "Actual Rows": 4,
          "Actual Loops": 1,
          "Workers Planned": 3,
          "Workers Launched": 3,
          "Single Copy": false,
          "Plans": [
            {
              "Node Type": "Aggregate",
              "Strategy": "Plain",
              "Partial Mode": "Partial",
              "Parent Relationship": "Outer",
              "Parallel Aware": false,
              "Startup Cost": 83658.09,
              "Total Cost": 83658.1,
              "Plan Rows": 1,
              "Plan Width": 8,
              "Actual Startup Time": 503.617,
              "Actual Total Time": 503.62,
              "Actual Rows": 1,
              "Actual Loops": 4,
              "Plans": [
                {
                  "Node Type": "Hash Join",
                  "Parent Relationship": "Outer",
                  "Parallel Aware": true,
                  "Join Type": "Inner",
                  "Startup Cost": 57305.21,
                  "Total Cost": 83388.75,
                  "Plan Rows": 107738,
                  "Plan Width": 0,
                  "Actual Startup Time": 414.443,
                  "Actual Total Time": 497.789,
                  "Actual Rows": 83486,
                  "Actual Loops": 4,
                  "Inner Unique": true,
                  "Hash Cond": "(mk.movie_id = t.id)",
                  "Plans": [
                    {
                      "Node Type": "Bitmap Heap Scan",
                      "Parent Relationship": "Outer",
                      "Parallel Aware": true,
                      "Relation Name": "movie_keyword",
                      "Alias": "mk",
                      "Startup Cost": 7084.83,
                      "Total Cost": 32885.55,
                      "Plan Rows": 107738,
                      "Plan Width": 4,
                      "Actual Startup Time": 35.279,
                      "Actual Total Time": 81.755,
                      "Actual Rows": 83486,
                      "Actual Loops": 4,
                      "Recheck Cond": "(keyword_id > 49445)",
                      "Rows Removed by Index Recheck": 0,
                      "Exact Heap Blocks": 7794,
                      "Lossy Heap Blocks": 0,
                      "Plans": [
                        {
                          "Node Type": "Bitmap Index Scan",
                          "Parent Relationship": "Outer",
                          "Parallel Aware": false,
                          "Index Name": "keyword_id_movie_keyword",
                          "Startup Cost": 0.0,
                          "Total Cost": 7001.34,
                          "Plan Rows": 333987,
                          "Plan Width": 0,
                          "Actual Startup Time": 30.075,
                          "Actual Total Time": 30.076,
                          "Actual Rows": 333944,
                          "Actual Loops": 1,
                          "Index Cond": "(keyword_id > 49445)"
                        }
                      ]
                    },
                    {
                      "Node Type": "Hash",
                      "Parent Relationship": "Inner",
                      "Parallel Aware": true,
                      "Startup Cost": 42319.06,
                      "Total Cost": 42319.06,
                      "Plan Rows": 632106,
                      "Plan Width": 4,
                      "Actual Startup Time": 369.714,
                      "Actual Total Time": 369.715,
                      "Actual Rows": 632078,
                      "Actual Loops": 4,
                      "Hash Buckets": 4194304,
                      "Original Hash Buckets": 4194304,
                      "Hash Batches": 1,
                      "Original Hash Batches": 1,
                      "Peak Memory Usage": 131712,
                      "Plans": [
                        {
                          "Node Type": "Seq Scan",
                          "Parent Relationship": "Outer",
                          "Parallel Aware": true,
                          "Relation Name": "title",
                          "Alias": "t",
                          "Startup Cost": 0.0,
                          "Total Cost": 42319.06,
                          "Plan Rows": 632106,
                          "Plan Width": 4,
                          "Actual Startup Time": 0.033,
                          "Actual Total Time": 113.394,
                          "Actual Rows": 632078,
                          "Actual Loops": 4
                        }
                      ]
                    }
                  ]
                }
              ]
            }
          ]
        }
      ]
    },
    "Planning Time": 0.603,
    "Triggers": [],
    "Execution Time": 544.466
  }
]