[
  {
    "Plan": {
      "Node Type": "Aggregate",
      "Strategy": "Plain",
      "Partial Mode": "Finalize",
      "Parallel Aware": false,
      "Startup Cost": 350769.56,
      "Total Cost": 350769.57,
      "Plan Rows": 1,
      "Plan Width": 8,
      "Actual Startup Time": 764.16,
      "Actual Total Time": 821.277,
      "Actual Rows": 1,
      "Actual Loops": 1,
      "Plans": [
        {
          "Node Type": "Gather",
          "Parent Relationship": "Outer",
          "Parallel Aware": false,
          "Startup Cost": 350768.94,
          "Total Cost": 350769.55,
          "Plan Rows": 6,
          "Plan Width": 8,
          "Actual Startup Time": 764.05,
          "Actual Total Time": 821.267,
          "Actual Rows": 7,
          "Actual Loops": 1,
          "Workers Planned": 6,
          "Workers Launched": 6,
          "Single Copy": false,
          "Plans": [
            {
              "Node Type": "Aggregate",
              "Strategy": "Plain",
              "Partial Mode": "Partial",
              "Parent Relationship": "Outer",
              "Parallel Aware": false,
              "Startup Cost": 349768.94,
              "Total Cost": 349768.95,
              "Plan Rows": 1,
              "Plan Width": 8,
              "Actual Startup Time": 754.789,
              "Actual Total Time": 754.791,
              "Actual Rows": 1,
              "Actual Loops": 7,
              "Plans": [
                {
                  "Node Type": "Seq Scan",
                  "Parent Relationship": "Outer",
                  "Parallel Aware": true,
                  "Relation Name": "cast_info",
                  "Alias": "ci",
                  "Startup Cost": 0.0,
                  "Total Cost": 343257.03,
                  "Plan Rows": 2604764,
                  "Plan Width": 0,
                  "Actual Startup Time": 237.902,
                  "Actual Total Time": 682.271,
                  "Actual Rows": 1600453,
                  "Actual Loops": 7,
                  "Filter": "((person_id < 2448201) AND (role_id > 1))",
                  "Rows Removed by Filter": 3577310
                }
              ]
            }
          ]
        }
      ]
    },
    "Planning Time": 0.197,
    "Triggers": [],
    "Execution Time": 821.339
  }
]