[
  {
    "Plan": {
      "Node Type": "Aggregate",
      "Strategy": "Plain",
      "Partial Mode": "Finalize",
      "Parallel Aware": false,
      "Startup Cost": 333470.83,
      "Total Cost": 333470.84,
      "Plan Rows": 1,
      "Plan Width": 8,
      "Actual Startup Time": 793.36,
      "Actual Total Time": 866.476,
      "Actual Rows": 1,
      "Actual Loops": 1,
      "Plans": [
        {
          "Node Type": "Gather",
          "Parent Relationship": "Outer",
          "Parallel Aware": false,
          "Startup Cost": 333470.2,
          "Total Cost": 333470.81,
          "Plan Rows": 6,
          "Plan Width": 8,
          "Actual Startup Time": 793.153,
          "Actual Total Time": 866.46,
          "Actual Rows": 7,
          "Actual Loops": 1,
          "Workers Planned": 6,
          "Workers Launched": 6,
          "Single Copy": false,
          "Plans": [
            {
              "Node Type": "Aggregate",
              "Strategy": "Plain",
              "Partial Mode": "Partial",
              "Parent Relationship": "Outer",
              "Parallel Aware": false,
              "Startup Cost": 332470.2,
              "Total Cost": 332470.21,
              "Plan Rows": 1,
              "Plan Width": 8,
              "Actual Startup Time": 783.954,
              "Actual Total Time": 783.957,
              "Actual Rows": 1,
              "Actual Loops": 7,
              "Plans": [
                {
                  "Node Type": "Seq Scan",
                  "Parent Relationship": "Outer",
                  "Parallel Aware": true,
                  "Relation Name": "cast_info",
                  "Alias": "ci",
                  "Startup Cost": 0.0,
                  "Total Cost": 328211.39,
                  "Plan Rows": 1703525,
                  "Plan Width": 0,
                  "Actual Startup Time": 0.059,
                  "Actual Total Time": 698.162,
                  "Actual Rows": 1463858,
                  "Actual Loops": 7,
                  "Filter": "(person_id < 1007647)",
                  "Rows Removed by Filter": 3713906
                }
              ]
            }
          ]
        }
      ]
    },
    "Planning Time": 0.212,
    "Triggers": [],
    "Execution Time": 866.604
  }
]