[
  {
    "Plan": {
      "Node Type": "Aggregate",
      "Strategy": "Plain",
      "Partial Mode": "Finalize",
      "Parallel Aware": false,
      "Startup Cost": 333409.02,
      "Total Cost": 333409.03,
      "Plan Rows": 1,
      "Plan Width": 8,
      "Actual Startup Time": 600.989,
      "Actual Total Time": 661.99,
      "Actual Rows": 1,
      "Actual Loops": 1,
      "Plans": [
        {
          "Node Type": "Gather",
          "Parent Relationship": "Outer",
          "Parallel Aware": false,
          "Startup Cost": 333408.4,
          "Total Cost": 333409.01,
          "Plan Rows": 6,
          "Plan Width": 8,
          "Actual Startup Time": 600.845,
          "Actual Total Time": 661.979,
          "Actual Rows": 7,
          "Actual Loops": 1,
          "Workers Planned": 6,
          "Workers Launched": 6,
          "Single Copy": false,
          "Plans": [
            {
              "Node Type": "Aggregate",
              "Strategy": "Plain",
              "Partial Mode": "Partial",
              "Parent Relationship": "Outer",
              "Parallel Aware": false,
              "Startup Cost": 332408.4,
              "Total Cost": 332408.41,
              "Plan Rows": 1,
              "Plan Width": 8,
              "Actual Startup Time": 592.125,
              "Actual Total Time": 592.126,
              "Actual Rows": 1,
              "Actual Loops": 7,
              "Plans": [
                {
                  "Node Type": "Seq Scan",
                  "Parent Relationship": "Outer",
                  "Parallel Aware": true,
                  "Relation Name": "cast_info",
                  "Alias": "ci",
                  "Startup Cost": 0.0,
                  "Total Cost": 328162.03,
                  "Plan Rows": 1698548,
                  "Plan Width": 0,
                  "Actual Startup Time": 0.046,
                  "Actual Total Time": 530.8,
                  "Actual Rows": 1463858,
                  "Actual Loops": 7,
                  "Filter": "(person_id < 1007647)",
                  "Rows Removed by Filter": 3713906
                }
              ]
            }
          ]
        }
      ]
    },
    "Planning Time": 0.207,
    "Triggers": [],
    "Execution Time": 662.066
  }
]