[
  {
    "Plan": {
      "Node Type": "Aggregate",
      "Strategy": "Plain",
      "Partial Mode": "Finalize",
      "Parallel Aware": false,
      "Startup Cost": 314707.88,
      "Total Cost": 314707.89,
      "Plan Rows": 1,
      "Plan Width": 8,
      "Actual Startup Time": 219.212,
      "Actual Total Time": 231.032,
      "Actual Rows": 1,
      "Actual Loops": 1,
      "Plans": [
        {
          "Node Type": "Gather",
          "Parent Relationship": "Outer",
          "Parallel Aware": false,
          "Startup Cost": 314707.25,
          "Total Cost": 314707.86,
          "Plan Rows": 6,
          "Plan Width": 8,
          "Actual Startup Time": 218.689,
          "Actual Total Time": 231.015,
          "Actual Rows": 7,
          "Actual Loops": 1,
          "Workers Planned": 6,
          "Workers Launched": 6,
          "Single Copy": false,
          "Plans": [
            {
              "Node Type": "Aggregate",
              "Strategy": "Plain",
              "Partial Mode": "Partial",
              "Parent Relationship": "Outer",
              "Parallel Aware": false,
              "Startup Cost": 313707.25,
              "Total Cost": 313707.26,
              "Plan Rows": 1,
              "Plan Width": 8,
              "Actual Startup Time": 208.369,
              "Actual Total Time": 208.372,
              "Actual Rows": 1,
              "Actual Loops": 7,
              "Plans": [
                {
                  "Node Type": "Bitmap Heap Scan",
                  "Parent Relationship": "Outer",
                  "Parallel Aware": true,
                  "Relation Name": "cast_info",
                  "Alias": "ci",
                  "Startup Cost": 54269.88,
                  "Total Cost": 313133.17,
                  "Plan Rows": 229634,
                  "Plan Width": 0,
                  "Actual Startup Time": 95.163,
                  "Actual Total Time": 193.763,
                  "Actual Rows": 262079,
                  "Actual Loops": 7,
                  "Recheck Cond": "(person_id < 246988)",
                  "Rows Removed by Index Recheck": 0,
                  "Filter": "(role_id < 3)",
                  "Rows Removed by Filter": 103437,
                  "Exact Heap Blocks": 6340,
                  "Lossy Heap Blocks": 0,
                  "Plans": [
                    {
                      "Node Type": "Bitmap Index Scan",
                      "Parent Relationship": "Outer",
                      "Parallel Aware": false,
                      "Index Name": "person_id_cast_info",
                      "Startup Cost": 0.0,
                      "Total Cost": 53925.43,
                      "Plan Rows": 2470515,
                      "Plan Width": 0,
                      "Actual Startup Time": 100.467,
                      "Actual Total Time": 100.467,
                      "Actual Rows": 2558610,
                      "Actual Loops": 1,
                      "Index Cond": "(person_id < 246988)"
                    }
                  ]
                }
              ]
            }
          ]
        }
      ]
    },
    "Planning Time": 0.233,
    "Triggers": [],
    "Execution Time": 231.112
  }
]