{
    "Plan": {
        "Node Type": "Aggregate",
        "Strategy": "Plain",
        "Partial Mode": "Finalize",
        "Parallel Aware": false,
        "Startup Cost": 251746.89,
        "Total Cost": 251746.9,
        "Plan Rows": 1,
        "Plan Width": 8,
        "Actual Startup Time": 857.194,
        "Actual Total Time": 900.739,
        "Actual Rows": 1,
        "Actual Loops": 1,
        "Output": [
            "count(*)"
        ],
        "Plans": [
            {
                "Node Type": "Gather",
                "Parent Relationship": "Outer",
                "Parallel Aware": false,
                "Startup Cost": 251746.37,
                "Total Cost": 251746.88,
                "Plan Rows": 5,
                "Plan Width": 8,
                "Actual Startup Time": 844.129,
                "Actual Total Time": 900.726,
                "Actual Rows": 6,
                "Actual Loops": 1,
                "Output": [
                    "(PARTIAL count(*))"
                ],
                "Workers Planned": 5,
                "Workers Launched": 5,
                "Single Copy": false,
                "Plans": [
                    {
                        "Node Type": "Aggregate",
                        "Strategy": "Plain",
                        "Partial Mode": "Partial",
                        "Parent Relationship": "Outer",
                        "Parallel Aware": false,
                        "Startup Cost": 250746.37,
                        "Total Cost": 250746.38,
                        "Plan Rows": 1,
                        "Plan Width": 8,
                        "Actual Startup Time": 829.85,
                        "Actual Total Time": 829.854,
                        "Actual Rows": 1,
                        "Actual Loops": 6,
                        "Output": [
                            "PARTIAL count(*)"
                        ],
                        "Workers": [
                            {
                                "Worker Number": 0,
                                "Actual Startup Time": 826.788,
                                "Actual Total Time": 826.792,
                                "Actual Rows": 1,
                                "Actual Loops": 1
                            },
                            {
                                "Worker Number": 1,
                                "Actual Startup Time": 826.805,
                                "Actual Total Time": 826.808,
                                "Actual Rows": 1,
                                "Actual Loops": 1
                            },
                            {
                                "Worker Number": 2,
                                "Actual Startup Time": 826.899,
                                "Actual Total Time": 826.902,
                                "Actual Rows": 1,
                                "Actual Loops": 1
                            },
                            {
                                "Worker Number": 3,
                                "Actual Startup Time": 828.51,
                                "Actual Total Time": 828.513,
                                "Actual Rows": 1,
                                "Actual Loops": 1
                            },
                            {
                                "Worker Number": 4,
                                "Actual Startup Time": 826.83,
                                "Actual Total Time": 826.835,
                                "Actual Rows": 1,
                                "Actual Loops": 1
                            }
                        ],
                        "Plans": [
                            {
                                "Node Type": "Hash Join",
                                "Parent Relationship": "Outer",
                                "Parallel Aware": true,
                                "Join Type": "Inner",
                                "Startup Cost": 49269.58,
                                "Total Cost": 249726.2,
                                "Plan Rows": 408068,
                                "Plan Width": 0,
                                "Actual Startup Time": 335.752,
                                "Actual Total Time": 808.196,
                                "Actual Rows": 365800,
                                "Actual Loops": 6,
                                "Inner Unique": true,
                                "Hash Cond": "(mi.movie_id = t.id)",
                                "Workers": [
                                    {
                                        "Worker Number": 0,
                                        "Actual Startup Time": 332.918,
                                        "Actual Total Time": 804.875,
                                        "Actual Rows": 348207,
                                        "Actual Loops": 1
                                    },
                                    {
                                        "Worker Number": 1,
                                        "Actual Startup Time": 332.935,
                                        "Actual Total Time": 804.976,
                                        "Actual Rows": 337234,
                                        "Actual Loops": 1
                                    },
                                    {
                                        "Worker Number": 2,
                                        "Actual Startup Time": 333.038,
                                        "Actual Total Time": 807.48,
                                        "Actual Rows": 500471,
                                        "Actual Loops": 1
                                    },
                                    {
                                        "Worker Number": 3,
                                        "Actual Startup Time": 333.216,
                                        "Actual Total Time": 806.342,
                                        "Actual Rows": 327320,
                                        "Actual Loops": 1
                                    },
                                    {
                                        "Worker Number": 4,
                                        "Actual Startup Time": 332.999,
                                        "Actual Total Time": 807.992,
                                        "Actual Rows": 298900,
                                        "Actual Loops": 1
                                    }
                                ],
                                "Plans": [
                                    {
                                        "Node Type": "Seq Scan",
                                        "Parent Relationship": "Outer",
                                        "Parallel Aware": true,
                                        "Relation Name": "movie_info",
                                        "Schema": "public",
                                        "Alias": "mi",
                                        "Startup Cost": 0.0,
                                        "Total Cost": 198880.74,
                                        "Plan Rows": 600336,
                                        "Plan Width": 4,
                                        "Actual Startup Time": 85.042,
                                        "Actual Total Time": 360.441,
                                        "Actual Rows": 506120,
                                        "Actual Loops": 6,
                                        "Output": [
                                            "mi.id",
                                            "mi.movie_id",
                                            "mi.info_type_id",
                                            "mi.info",
                                            "mi.note"
                                        ],
                                        "Filter": "(mi.info_type_id = 16)",
                                        "Rows Removed by Filter": 1966500,
                                        "Workers": [
                                            {
                                                "Worker Number": 0,
                                                "Actual Startup Time": 85.12,
                                                "Actual Total Time": 364.533,
                                                "Actual Rows": 480656,
                                                "Actual Loops": 1
                                            },
                                            {
                                                "Worker Number": 1,
                                                "Actual Startup Time": 85.156,
                                                "Actual Total Time": 365.218,
                                                "Actual Rows": 467036,
                                                "Actual Loops": 1
                                            },
                                            {
                                                "Worker Number": 2,
                                                "Actual Startup Time": 84.977,
                                                "Actual Total Time": 355.083,
                                                "Actual Rows": 688065,
                                                "Actual Loops": 1
                                            },
                                            {
                                                "Worker Number": 3,
                                                "Actual Startup Time": 84.948,
                                                "Actual Total Time": 365.41,
                                                "Actual Rows": 452814,
                                                "Actual Loops": 1
                                            },
                                            {
                                                "Worker Number": 4,
                                                "Actual Startup Time": 85.087,
                                                "Actual Total Time": 360.738,
                                                "Actual Rows": 416540,
                                                "Actual Loops": 1
                                            }
                                        ]
                                    },
                                    {
                                        "Node Type": "Hash",
                                        "Parent Relationship": "Inner",
                                        "Parallel Aware": true,
                                        "Startup Cost": 43899.01,
                                        "Total Cost": 43899.01,
                                        "Plan Rows": 429646,
                                        "Plan Width": 4,
                                        "Actual Startup Time": 245.089,
                                        "Actual Total Time": 245.09,
                                        "Actual Rows": 287539,
                                        "Actual Loops": 6,
                                        "Output": [
                                            "t.id"
                                        ],
                                        "Hash Buckets": 2097152,
                                        "Original Hash Buckets": 2097152,
                                        "Hash Batches": 1,
                                        "Original Hash Batches": 1,
                                        "Peak Memory Usage": 84000,
                                        "Workers": [
                                            {
                                                "Worker Number": 0,
                                                "Actual Startup Time": 247.192,
                                                "Actual Total Time": 247.193,
                                                "Actual Rows": 263003,
                                                "Actual Loops": 1
                                            },
                                            {
                                                "Worker Number": 1,
                                                "Actual Startup Time": 247.192,
                                                "Actual Total Time": 247.193,
                                                "Actual Rows": 261411,
                                                "Actual Loops": 1
                                            },
                                            {
                                                "Worker Number": 2,
                                                "Actual Startup Time": 247.274,
                                                "Actual Total Time": 247.275,
                                                "Actual Rows": 360153,
                                                "Actual Loops": 1
                                            },
                                            {
                                                "Worker Number": 3,
                                                "Actual Startup Time": 247.474,
                                                "Actual Total Time": 247.476,
                                                "Actual Rows": 262889,
                                                "Actual Loops": 1
                                            },
                                            {
                                                "Worker Number": 4,
                                                "Actual Startup Time": 247.169,
                                                "Actual Total Time": 247.17,
                                                "Actual Rows": 230935,
                                                "Actual Loops": 1
                                            }
                                        ],
                                        "Plans": [
                                            {
                                                "Node Type": "Seq Scan",
                                                "Parent Relationship": "Outer",
                                                "Parallel Aware": true,
                                                "Relation Name": "title",
                                                "Schema": "public",
                                                "Alias": "t",
                                                "Startup Cost": 0.0,
                                                "Total Cost": 43899.01,
                                                "Plan Rows": 429646,
                                                "Plan Width": 4,
                                                "Actual Startup Time": 0.07,
                                                "Actual Total Time": 102.057,
                                                "Actual Rows": 287539,
                                                "Actual Loops": 6,
                                                "Output": [
                                                    "t.id"
                                                ],
                                                "Filter": "(t.production_year > 1991)",
                                                "Rows Removed by Filter": 133846,
                                                "Workers": [
                                                    {
                                                        "Worker Number": 0,
                                                        "Actual Startup Time": 0.072,
                                                        "Actual Total Time": 105.654,
                                                        "Actual Rows": 263003,
                                                        "Actual Loops": 1
                                                    },
                                                    {
                                                        "Worker Number": 1,
                                                        "Actual Startup Time": 0.065,
                                                        "Actual Total Time": 106.147,
                                                        "Actual Rows": 261411,
                                                        "Actual Loops": 1
                                                    },
                                                    {
                                                        "Worker Number": 2,
                                                        "Actual Startup Time": 0.071,
                                                        "Actual Total Time": 101.502,
                                                        "Actual Rows": 360153,
                                                        "Actual Loops": 1
                                                    },
                                                    {
                                                        "Worker Number": 3,
                                                        "Actual Startup Time": 0.128,
                                                        "Actual Total Time": 105.958,
                                                        "Actual Rows": 262889,
                                                        "Actual Loops": 1
                                                    },
                                                    {
                                                        "Worker Number": 4,
                                                        "Actual Startup Time": 0.069,
                                                        "Actual Total Time": 102.09,
                                                        "Actual Rows": 230935,
                                                        "Actual Loops": 1
                                                    }
                                                ]
                                            }
                                        ]
                                    }
                                ]
                            }
                        ]
                    }
                ]
            }
        ]
    },
    "Planning Time": 0.745,
    "Triggers": [],
    "Execution Time": 900.815
}