[
  {
    "Plan": {
      "Node Type": "Aggregate",
      "Strategy": "Plain",
      "Partial Mode": "Finalize",
      "Parallel Aware": false,
      "Startup Cost": 25330.92,
      "Total Cost": 25330.93,
      "Plan Rows": 1,
      "Plan Width": 8,
      "Actual Startup Time": 32.675,
      "Actual Total Time": 36.494,
      "Actual Rows": 1,
      "Actual Loops": 1,
      "Plans": [
        {
          "Node Type": "Gather",
          "Parent Relationship": "Outer",
          "Parallel Aware": false,
          "Startup Cost": 25330.7,
          "Total Cost": 25330.91,
          "Plan Rows": 2,
          "Plan Width": 8,
          "Actual Startup Time": 32.374,
          "Actual Total Time": 36.485,
          "Actual Rows": 3,
          "Actual Loops": 1,
          "Workers Planned": 2,
          "Workers Launched": 2,
          "Single Copy": false,
          "Plans": [
            {
              "Node Type": "Aggregate",
              "Strategy": "Plain",
              "Partial Mode": "Partial",
              "Parent Relationship": "Outer",
              "Parallel Aware": false,
              "Startup Cost": 24330.7,
              "Total Cost": 24330.71,
              "Plan Rows": 1,
              "Plan Width": 8,
              "Actual Startup Time": 23.994,
              "Actual Total Time": 23.996,
              "Actual Rows": 1,
              "Actual Loops": 3,
              "Plans": [
                {
                  "Node Type": "Nested Loop",
                  "Parent Relationship": "Outer",
                  "Parallel Aware": false,
                  "Join Type": "Inner",
                  "Startup Cost": 143.7,
                  "Total Cost": 24330.27,
                  "Plan Rows": 174,
                  "Plan Width": 0,
                  "Actual Startup Time": 5.256,
                  "Actual Total Time": 23.965,
                  "Actual Rows": 97,
                  "Actual Loops": 3,
                  "Inner Unique": false,
                  "Plans": [
                    {
                      "Node Type": "Nested Loop",
                      "Parent Relationship": "Outer",
                      "Parallel Aware": false,
                      "Join Type": "Inner",
                      "Startup Cost": 143.27,
                      "Total Cost": 24136.76,
                      "Plan Rows": 318,
                      "Plan Width": 8,
                      "Actual Startup Time": 4.692,
                      "Actual Total Time": 23.198,
                      "Actual Rows": 34,
                      "Actual Loops": 3,
                      "Inner Unique": true,
                      "Plans": [
                        {
                          "Node Type": "Bitmap Heap Scan",
                          "Parent Relationship": "Outer",
                          "Parallel Aware": true,
                          "Relation Name": "movie_companies",
                          "Alias": "mc",
                          "Startup Cost": 142.84,
                          "Total Cost": 13446.57,
                          "Plan Rows": 1398,
                          "Plan Width": 4,
                          "Actual Startup Time": 1.295,
                          "Actual Total Time": 3.377,
                          "Actual Rows": 2094,
                          "Actual Loops": 3,
                          "Recheck Cond": "(company_id = 1284)",
                          "Rows Removed by Index Recheck": 0,
                          "Filter": "(company_type_id = 2)",
                          "Rows Removed by Filter": 24,
                          "Exact Heap Blocks": 613,
                          "Lossy Heap Blocks": 0,
                          "Plans": [
                            {
                              "Node Type": "Bitmap Index Scan",
                              "Parent Relationship": "Outer",
                              "Parallel Aware": false,
                              "Index Name": "company_id_movie_companies",
                              "Startup Cost": 0.0,
                              "Total Cost": 142.0,
                              "Plan Rows": 6610,
                              "Plan Width": 0,
                              "Actual Startup Time": 2.989,
                              "Actual Total Time": 2.99,
                              "Actual Rows": 6354,
                              "Actual Loops": 1,
                              "Index Cond": "(company_id = 1284)"
                            }
                          ]
                        },
                        {
                          "Node Type": "Index Scan",
                          "Parent Relationship": "Inner",
                          "Parallel Aware": false,
                          "Scan Direction": "Forward",
                          "Index Name": "title_pkey",
                          "Relation Name": "title",
                          "Alias": "t",
                          "Startup Cost": 0.43,
                          "Total Cost": 7.65,
                          "Plan Rows": 1,
                          "Plan Width": 4,
                          "Actual Startup Time": 0.009,
                          "Actual Total Time": 0.009,
                          "Actual Rows": 0,
                          "Actual Loops": 6282,
                          "Index Cond": "(id = mc.movie_id)",
                          "Rows Removed by Index Recheck": 0,
                          "Filter": "((kind_id < 3) AND (production_year > 1981))",
                          "Rows Removed by Filter": 1
                        }
                      ]
                    },
                    {
                      "Node Type": "Index Only Scan",
                      "Parent Relationship": "Inner",
                      "Parallel Aware": false,
                      "Scan Direction": "Forward",
                      "Index Name": "movie_id_movie_info_idx",
                      "Relation Name": "movie_info_idx",
                      "Alias": "mi_idx",
                      "Startup Cost": 0.43,
                      "Total Cost": 0.58,
                      "Plan Rows": 3,
                      "Plan Width": 4,
                      "Actual Startup Time": 0.02,
                      "Actual Total Time": 0.021,
                      "Actual Rows": 3,
                      "Actual Loops": 101,
                      "Index Cond": "(movie_id = t.id)",
                      "Rows Removed by Index Recheck": 0,
                      "Heap Fetches": 291
                    }
                  ]
                }
              ]
            }
          ]
        }
      ]
    },
    "Planning Time": 1.463,
    "Triggers": [],
    "Execution Time": 36.596
  }
]