[
  {
    "Plan": {
      "Node Type": "Aggregate",
      "Strategy": "Plain",
      "Partial Mode": "Finalize",
      "Parallel Aware": false,
      "Startup Cost": 339561.81,
      "Total Cost": 339561.82,
      "Plan Rows": 1,
      "Plan Width": 8,
      "Actual Startup Time": 759.845,
      "Actual Total Time": 809.407,
      "Actual Rows": 1,
      "Actual Loops": 1,
      "Plans": [
        {
          "Node Type": "Gather",
          "Parent Relationship": "Outer",
          "Parallel Aware": false,
          "Startup Cost": 339561.19,
          "Total Cost": 339561.8,
          "Plan Rows": 6,
          "Plan Width": 8,
          "Actual Startup Time": 759.634,
          "Actual Total Time": 809.391,
          "Actual Rows": 7,
          "Actual Loops": 1,
          "Workers Planned": 6,
          "Workers Launched": 6,
          "Single Copy": false,
          "Plans": [
            {
              "Node Type": "Aggregate",
              "Strategy": "Plain",
              "Partial Mode": "Partial",
              "Parent Relationship": "Outer",
              "Parallel Aware": false,
              "Startup Cost": 338561.19,
              "Total Cost": 338561.2,
              "Plan Rows": 1,
              "Plan Width": 8,
              "Actual Startup Time": 748.992,
              "Actual Total Time": 748.993,
              "Actual Rows": 1,
              "Actual Loops": 7,
              "Plans": [
                {
                  "Node Type": "Seq Scan",
                  "Parent Relationship": "Outer",
                  "Parallel Aware": true,
                  "Relation Name": "cast_info",
                  "Alias": "ci",
                  "Startup Cost": 0.0,
                  "Total Cost": 328211.39,
                  "Plan Rows": 4139918,
                  "Plan Width": 0,
                  "Actual Startup Time": 0.064,
                  "Actual Total Time": 591.193,
                  "Actual Rows": 3565695,
                  "Actual Loops": 7,
                  "Filter": "(person_id < 2572156)",
                  "Rows Removed by Filter": 1612068
                }
              ]
            }
          ]
        }
      ]
    },
    "Planning Time": 0.231,
    "Triggers": [],
    "Execution Time": 809.483
  }
]