[
  {
    "Plan": {
      "Node Type": "Aggregate",
      "Strategy": "Plain",
      "Partial Mode": "Finalize",
      "Parallel Aware": false,
      "Startup Cost": 338699.24,
      "Total Cost": 338699.25,
      "Plan Rows": 1,
      "Plan Width": 8,
      "Actual Startup Time": 712.889,
      "Actual Total Time": 775.252,
      "Actual Rows": 1,
      "Actual Loops": 1,
      "Plans": [
        {
          "Node Type": "Gather",
          "Parent Relationship": "Outer",
          "Parallel Aware": false,
          "Startup Cost": 338698.61,
          "Total Cost": 338699.22,
          "Plan Rows": 6,
          "Plan Width": 8,
          "Actual Startup Time": 712.641,
          "Actual Total Time": 775.242,
          "Actual Rows": 7,
          "Actual Loops": 1,
          "Workers Planned": 6,
          "Workers Launched": 6,
          "Single Copy": false,
          "Plans": [
            {
              "Node Type": "Aggregate",
              "Strategy": "Plain",
              "Partial Mode": "Partial",
              "Parent Relationship": "Outer",
              "Parallel Aware": false,
              "Startup Cost": 337698.61,
              "Total Cost": 337698.62,
              "Plan Rows": 1,
              "Plan Width": 8,
              "Actual Startup Time": 702.637,
              "Actual Total Time": 702.638,
              "Actual Rows": 1,
              "Actual Loops": 7,
              "Plans": [
                {
                  "Node Type": "Seq Scan",
                  "Parent Relationship": "Outer",
                  "Parallel Aware": true,
                  "Relation Name": "cast_info",
                  "Alias": "ci",
                  "Startup Cost": 0.0,
                  "Total Cost": 328162.03,
                  "Plan Rows": 3814634,
                  "Plan Width": 0,
                  "Actual Startup Time": 143.796,
                  "Actual Total Time": 577.303,
                  "Actual Rows": 3271467,
                  "Actual Loops": 7,
                  "Filter": "(person_id > 1315871)",
                  "Rows Removed by Filter": 1906297
                }
              ]
            }
          ]
        }
      ]
    },
    "Planning Time": 0.174,
    "Triggers": [],
    "Execution Time": 775.319
  }
]