[
  {
    "Plan": {
      "Node Type": "Aggregate",
      "Strategy": "Plain",
      "Partial Mode": "Finalize",
      "Parallel Aware": false,
      "Startup Cost": 46549.83,
      "Total Cost": 46549.84,
      "Plan Rows": 1,
      "Plan Width": 8,
      "Actual Startup Time": 165.258,
      "Actual Total Time": 175.902,
      "Actual Rows": 1,
      "Actual Loops": 1,
      "Plans": [
        {
          "Node Type": "Gather",
          "Parent Relationship": "Outer",
          "Parallel Aware": false,
          "Startup Cost": 46549.52,
          "Total Cost": 46549.83,
          "Plan Rows": 3,
          "Plan Width": 8,
          "Actual Startup Time": 165.067,
          "Actual Total Time": 175.894,
          "Actual Rows": 4,
          "Actual Loops": 1,
          "Workers Planned": 3,
          "Workers Launched": 3,
          "Single Copy": false,
          "Plans": [
            {
              "Node Type": "Aggregate",
              "Strategy": "Plain",
              "Partial Mode": "Partial",
              "Parent Relationship": "Outer",
              "Parallel Aware": false,
              "Startup Cost": 45549.52,
              "Total Cost": 45549.53,
              "Plan Rows": 1,
              "Plan Width": 8,
              "Actual Startup Time": 158.629,
              "Actual Total Time": 158.63,
              "Actual Rows": 1,
              "Actual Loops": 4,
              "Plans": [
                {
                  "Node Type": "Seq Scan",
                  "Parent Relationship": "Outer",
                  "Parallel Aware": true,
                  "Relation Name": "movie_keyword",
                  "Alias": "mk",
                  "Startup Cost": 0.0,
                  "Total Cost": 42695.65,
                  "Plan Rows": 1141545,
                  "Plan Width": 0,
                  "Actual Startup Time": 0.121,
                  "Actual Total Time": 119.526,
                  "Actual Rows": 883780,
                  "Actual Loops": 4,
                  "Filter": "(keyword_id > 927)",
                  "Rows Removed by Filter": 247202
                }
              ]
            }
          ]
        }
      ]
    },
    "Planning Time": 0.163,
    "Triggers": [],
    "Execution Time": 175.951
  }
]