[
    {
        "Bao": {
            "Bao prediction": 673.542,
            "Bao recommended hint": "(no hint)"
        }
    },
    {
        "Plan": {
            "Node Type": "Aggregate",
            "Strategy": "Plain",
            "Partial Mode": "Finalize",
            "Parallel Aware": false,
            "Startup Cost": 43458.49,
            "Total Cost": 43458.5,
            "Plan Rows": 1,
            "Plan Width": 8,
            "Actual Startup Time": 158.933,
            "Actual Total Time": 164.712,
            "Actual Rows": 1,
            "Actual Loops": 1,
            "Output": [
                "count(*)"
            ],
            "Plans": [
                {
                    "Node Type": "Gather",
                    "Parent Relationship": "Outer",
                    "Parallel Aware": false,
                    "Startup Cost": 43458.17,
                    "Total Cost": 43458.48,
                    "Plan Rows": 3,
                    "Plan Width": 8,
                    "Actual Startup Time": 158.688,
                    "Actual Total Time": 164.704,
                    "Actual Rows": 4,
                    "Actual Loops": 1,
                    "Output": [
                        "(PARTIAL count(*))"
                    ],
                    "Workers Planned": 3,
                    "Workers Launched": 3,
                    "Single Copy": false,
                    "Plans": [
                        {
                            "Node Type": "Aggregate",
                            "Strategy": "Plain",
                            "Partial Mode": "Partial",
                            "Parent Relationship": "Outer",
                            "Parallel Aware": false,
                            "Startup Cost": 42458.17,
                            "Total Cost": 42458.18,
                            "Plan Rows": 1,
                            "Plan Width": 8,
                            "Actual Startup Time": 150.75,
                            "Actual Total Time": 150.751,
                            "Actual Rows": 1,
                            "Actual Loops": 4,
                            "Output": [
                                "PARTIAL count(*)"
                            ],
                            "Workers": [
                                {
                                    "Worker Number": 0,
                                    "Actual Startup Time": 148.11,
                                    "Actual Total Time": 148.112,
                                    "Actual Rows": 1,
                                    "Actual Loops": 1
                                },
                                {
                                    "Worker Number": 1,
                                    "Actual Startup Time": 148.373,
                                    "Actual Total Time": 148.374,
                                    "Actual Rows": 1,
                                    "Actual Loops": 1
                                },
                                {
                                    "Worker Number": 2,
                                    "Actual Startup Time": 148.399,
                                    "Actual Total Time": 148.4,
                                    "Actual Rows": 1,
                                    "Actual Loops": 1
                                }
                            ],
                            "Plans": [
                                {
                                    "Node Type": "Bitmap Heap Scan",
                                    "Parent Relationship": "Outer",
                                    "Parallel Aware": true,
                                    "Relation Name": "movie_keyword",
                                    "Schema": "public",
                                    "Alias": "mk",
                                    "Startup Cost": 14660.26,
                                    "Total Cost": 41900.86,
                                    "Plan Rows": 222927,
                                    "Plan Width": 0,
                                    "Actual Startup Time": 57.477,
                                    "Actual Total Time": 139.798,
                                    "Actual Rows": 168838,
                                    "Actual Loops": 4,
                                    "Recheck Cond": "(mk.keyword_id > 27755)",
                                    "Rows Removed by Index Recheck": 0,
                                    "Exact Heap Blocks": 10467,
                                    "Lossy Heap Blocks": 0,
                                    "Workers": [
                                        {
                                            "Worker Number": 0,
                                            "Actual Startup Time": 54.889,
                                            "Actual Total Time": 137.492,
                                            "Actual Rows": 123687,
                                            "Actual Loops": 1
                                        },
                                        {
                                            "Worker Number": 1,
                                            "Actual Startup Time": 55.307,
                                            "Actual Total Time": 137.744,
                                            "Actual Rows": 125717,
                                            "Actual Loops": 1
                                        },
                                        {
                                            "Worker Number": 2,
                                            "Actual Startup Time": 55.177,
                                            "Actual Total Time": 137.721,
                                            "Actual Rows": 124244,
                                            "Actual Loops": 1
                                        }
                                    ],
                                    "Plans": [
                                        {
                                            "Node Type": "Bitmap Index Scan",
                                            "Parent Relationship": "Outer",
                                            "Parallel Aware": false,
                                            "Index Name": "keyword_id_movie_keyword",
                                            "Startup Cost": 0.0,
                                            "Total Cost": 14487.5,
                                            "Plan Rows": 691075,
                                            "Plan Width": 0,
                                            "Actual Startup Time": 61.145,
                                            "Actual Total Time": 61.145,
                                            "Actual Rows": 675353,
                                            "Actual Loops": 1,
                                            "Index Cond": "(mk.keyword_id > 27755)"
                                        }
                                    ]
                                }
                            ]
                        }
                    ]
                }
            ]
        },
        "Planning Time": 671.265,
        "Triggers": [],
        "Execution Time": 164.81
    }
]