{
  "Plan": {
    "Node Type": "Aggregate",
    "Strategy": "Plain",
    "Partial Mode": "Finalize",
    "Parallel Aware": false,
    "Startup Cost": 235139.83,
    "Total Cost": 235139.84,
    "Plan Rows": 1,
    "Plan Width": 8,
    "Actual Startup Time": 1468.362,
    "Actual Total Time": 1502.543,
    "Actual Rows": 1,
    "Actual Loops": 1,
    "Plans": [
      {
        "Node Type": "Gather",
        "Parent Relationship": "Outer",
        "Parallel Aware": false,
        "Startup Cost": 235139.72,
        "Total Cost": 235139.83,
        "Plan Rows": 1,
        "Plan Width": 8,
        "Actual Startup Time": 1468.032,
        "Actual Total Time": 1502.537,
        "Actual Rows": 2,
        "Actual Loops": 1,
        "Workers Planned": 1,
        "Workers Launched": 1,
        "Single Copy": false,
        "Plans": [
          {
            "Node Type": "Aggregate",
            "Strategy": "Plain",
            "Partial Mode": "Partial",
            "Parent Relationship": "Outer",
            "Parallel Aware": false,
            "Startup Cost": 234139.72,
            "Total Cost": 234139.73,
            "Plan Rows": 1,
            "Plan Width": 8,
            "Actual Startup Time": 1461.571,
            "Actual Total Time": 1461.575,
            "Actual Rows": 1,
            "Actual Loops": 2,
            "Plans": [
              {
                "Node Type": "Nested Loop",
                "Parent Relationship": "Outer",
                "Parallel Aware": false,
                "Join Type": "Inner",
                "Startup Cost": 70991.37,
                "Total Cost": 233837.38,
                "Plan Rows": 120937,
                "Plan Width": 0,
                "Actual Startup Time": 195.293,
                "Actual Total Time": 1348.643,
                "Actual Rows": 2658023,
                "Actual Loops": 2,
                "Inner Unique": false,
                "Join Filter": "(t.id = mi.movie_id)",
                "Rows Removed by Join Filter": 0,
                "Plans": [
                  {
                    "Node Type": "Hash Join",
                    "Parent Relationship": "Outer",
                    "Parallel Aware": true,
                    "Join Type": "Inner",
                    "Startup Cost": 70990.93,
                    "Total Cost": 101771.46,
                    "Plan Rows": 48623,
                    "Plan Width": 8,
                    "Actual Startup Time": 195.21,
                    "Actual Total Time": 312.318,
                    "Actual Rows": 52100,
                    "Actual Loops": 2,
                    "Inner Unique": true,
                    "Hash Cond": "(mk.movie_id = t.id)",
                    "Plans": [
                      {
                        "Node Type": "Bitmap Heap Scan",
                        "Parent Relationship": "Outer",
                        "Parallel Aware": true,
                        "Relation Name": "movie_keyword",
                        "Alias": "mk",
                        "Startup Cost": 15083.31,
                        "Total Cost": 44765.85,
                        "Plan Rows": 418283,
                        "Plan Width": 4,
                        "Actual Startup Time": 37.097,
                        "Actual Total Time": 113.335,
                        "Actual Rows": 358936,
                        "Actual Loops": 2,
                        "Recheck Cond": "(keyword_id < 630)",
                        "Rows Removed by Index Recheck": 0,
                        "Exact Heap Blocks": 13950,
                        "Lossy Heap Blocks": 0,
                        "Plans": [
                          {
                            "Node Type": "Bitmap Index Scan",
                            "Parent Relationship": "Outer",
                            "Parallel Aware": false,
                            "Index Name": "keyword_id_movie_keyword",
                            "Startup Cost": 0.0,
                            "Total Cost": 14905.54,
                            "Plan Rows": 711081,
                            "Plan Width": 0,
                            "Actual Startup Time": 33.5,
                            "Actual Total Time": 33.501,
                            "Actual Rows": 717872,
                            "Actual Loops": 1,
                            "Index Cond": "(keyword_id < 630)"
                          }
                        ]
                      },
                      {
                        "Node Type": "Hash",
                        "Parent Relationship": "Inner",
                        "Parallel Aware": true,
                        "Startup Cost": 53746.58,
                        "Total Cost": 53746.58,
                        "Plan Rows": 172883,
                        "Plan Width": 4,
                        "Actual Startup Time": 121.722,
                        "Actual Total Time": 121.723,
                        "Actual Rows": 115870,
                        "Actual Loops": 2,
                        "Hash Buckets": 524288,
                        "Original Hash Buckets": 524288,
                        "Hash Batches": 1,
                        "Original Hash Batches": 1,
                        "Peak Memory Usage": 13184,
                        "Plans": [
                          {
                            "Node Type": "Bitmap Heap Scan",
                            "Parent Relationship": "Outer",
                            "Parallel Aware": true,
                            "Relation Name": "title",
                            "Alias": "t",
                            "Startup Cost": 11896.33,
                            "Total Cost": 53746.58,
                            "Plan Rows": 172883,
                            "Plan Width": 4,
                            "Actual Startup Time": 34.153,
                            "Actual Total Time": 94.631,
                            "Actual Rows": 115870,
                            "Actual Loops": 2,
                            "Recheck Cond": "(kind_id = 1)",
                            "Rows Removed by Index Recheck": 0,
                            "Filter": "(production_year > 2004)",
                            "Rows Removed by Filter": 215543,
                            "Exact Heap Blocks": 8389,
                            "Lossy Heap Blocks": 0,
                            "Plans": [
                              {
                                "Node Type": "Bitmap Index Scan",
                                "Parent Relationship": "Outer",
                                "Parallel Aware": false,
                                "Index Name": "kind_id_title",
                                "Startup Cost": 0.0,
                                "Total Cost": 11822.85,
                                "Plan Rows": 663256,
                                "Plan Width": 0,
                                "Actual Startup Time": 32.91,
                                "Actual Total Time": 32.91,
                                "Actual Rows": 662825,
                                "Actual Loops": 1,
                                "Index Cond": "(kind_id = 1)"
                              }
                            ]
                          }
                        ]
                      }
                    ]
                  },
                  {
                    "Node Type": "Index Scan",
                    "Parent Relationship": "Inner",
                    "Parallel Aware": false,
                    "Scan Direction": "Forward",
                    "Index Name": "movie_id_movie_info",
                    "Relation Name": "movie_info",
                    "Alias": "mi",
                    "Startup Cost": 0.43,
                    "Total Cost": 2.49,
                    "Plan Rows": 18,
                    "Plan Width": 4,
                    "Actual Startup Time": 0.004,
                    "Actual Total Time": 0.016,
                    "Actual Rows": 51,
                    "Actual Loops": 104199,
                    "Index Cond": "(movie_id = mk.movie_id)",
                    "Rows Removed by Index Recheck": 0,
                    "Filter": "(info_type_id > 8)",
                    "Rows Removed by Filter": 18
                  }
                ]
              }
            ]
          }
        ]
      }
    ]
  },
  "Planning Time": 0.986,
  "Triggers": [],
  "Execution Time": 1502.663
}