[
  {
    "Plan": {
      "Node Type": "Aggregate",
      "Strategy": "Plain",
      "Partial Mode": "Finalize",
      "Parallel Aware": false,
      "Startup Cost": 70122.0,
      "Total Cost": 70122.01,
      "Plan Rows": 1,
      "Plan Width": 8,
      "Actual Startup Time": 55.663,
      "Actual Total Time": 61.874,
      "Actual Rows": 1,
      "Actual Loops": 1,
      "Plans": [
        {
          "Node Type": "Gather",
          "Parent Relationship": "Outer",
          "Parallel Aware": false,
          "Startup Cost": 70121.68,
          "Total Cost": 70121.99,
          "Plan Rows": 3,
          "Plan Width": 8,
          "Actual Startup Time": 55.503,
          "Actual Total Time": 61.87,
          "Actual Rows": 4,
          "Actual Loops": 1,
          "Workers Planned": 3,
          "Workers Launched": 3,
          "Single Copy": false,
          "Plans": [
            {
              "Node Type": "Aggregate",
              "Strategy": "Plain",
              "Partial Mode": "Partial",
              "Parent Relationship": "Outer",
              "Parallel Aware": false,
              "Startup Cost": 69121.68,
              "Total Cost": 69121.69,
              "Plan Rows": 1,
              "Plan Width": 8,
              "Actual Startup Time": 46.405,
              "Actual Total Time": 46.406,
              "Actual Rows": 1,
              "Actual Loops": 4,
              "Plans": [
                {
                  "Node Type": "Nested Loop",
                  "Parent Relationship": "Outer",
                  "Parallel Aware": false,
                  "Join Type": "Inner",
                  "Startup Cost": 623.31,
                  "Total Cost": 69098.12,
                  "Plan Rows": 9425,
                  "Plan Width": 0,
                  "Actual Startup Time": 1.382,
                  "Actual Total Time": 45.717,
                  "Actual Rows": 7335,
                  "Actual Loops": 4,
                  "Inner Unique": true,
                  "Plans": [
                    {
                      "Node Type": "Bitmap Heap Scan",
                      "Parent Relationship": "Outer",
                      "Parallel Aware": true,
                      "Relation Name": "movie_keyword",
                      "Alias": "mk",
                      "Startup Cost": 622.88,
                      "Total Cost": 26447.57,
                      "Plan Rows": 9425,
                      "Plan Width": 4,
                      "Actual Startup Time": 1.171,
                      "Actual Total Time": 14.245,
                      "Actual Rows": 7335,
                      "Actual Loops": 4,
                      "Recheck Cond": "(keyword_id > 110923)",
                      "Rows Removed by Index Recheck": 0,
                      "Exact Heap Blocks": 5388,
                      "Lossy Heap Blocks": 0,
                      "Plans": [
                        {
                          "Node Type": "Bitmap Index Scan",
                          "Parent Relationship": "Outer",
                          "Parallel Aware": false,
                          "Index Name": "keyword_id_movie_keyword",
                          "Startup Cost": 0.0,
                          "Total Cost": 615.57,
                          "Plan Rows": 29219,
                          "Plan Width": 0,
                          "Actual Startup Time": 2.822,
                          "Actual Total Time": 2.823,
                          "Actual Rows": 29340,
                          "Actual Loops": 1,
                          "Index Cond": "(keyword_id > 110923)"
                        }
                      ]
                    },
                    {
                      "Node Type": "Index Only Scan",
                      "Parent Relationship": "Inner",
                      "Parallel Aware": false,
                      "Scan Direction": "Forward",
                      "Index Name": "title_pkey",
                      "Relation Name": "title",
                      "Alias": "t",
                      "Startup Cost": 0.43,
                      "Total Cost": 4.53,
                      "Plan Rows": 1,
                      "Plan Width": 4,
                      "Actual Startup Time": 0.004,
                      "Actual Total Time": 0.004,
                      "Actual Rows": 1,
                      "Actual Loops": 29340,
                      "Index Cond": "(id = mk.movie_id)",
                      "Rows Removed by Index Recheck": 0,
                      "Heap Fetches": 29340
                    }
                  ]
                }
              ]
            }
          ]
        }
      ]
    },
    "Planning Time": 0.199,
    "Triggers": [],
    "Execution Time": 61.905
  }
]