{
  "Plan": {
    "Node Type": "Aggregate",
    "Strategy": "Plain",
    "Partial Mode": "Finalize",
    "Parallel Aware": false,
    "Startup Cost": 170038.46,
    "Total Cost": 170038.47,
    "Plan Rows": 1,
    "Plan Width": 8,
    "Actual Startup Time": 1156.58,
    "Actual Total Time": 1175.562,
    "Actual Rows": 1,
    "Actual Loops": 1,
    "Plans": [
      {
        "Node Type": "Gather",
        "Parent Relationship": "Outer",
        "Parallel Aware": false,
        "Startup Cost": 170038.35,
        "Total Cost": 170038.46,
        "Plan Rows": 1,
        "Plan Width": 8,
        "Actual Startup Time": 1153.264,
        "Actual Total Time": 1175.553,
        "Actual Rows": 2,
        "Actual Loops": 1,
        "Workers Planned": 1,
        "Workers Launched": 1,
        "Single Copy": false,
        "Plans": [
          {
            "Node Type": "Aggregate",
            "Strategy": "Plain",
            "Partial Mode": "Partial",
            "Parent Relationship": "Outer",
            "Parallel Aware": false,
            "Startup Cost": 169038.35,
            "Total Cost": 169038.36,
            "Plan Rows": 1,
            "Plan Width": 8,
            "Actual Startup Time": 1147.371,
            "Actual Total Time": 1147.677,
            "Actual Rows": 1,
            "Actual Loops": 2,
            "Plans": [
              {
                "Node Type": "Hash Join",
                "Parent Relationship": "Outer",
                "Parallel Aware": true,
                "Join Type": "Inner",
                "Startup Cost": 103419.71,
                "Total Cost": 167674.16,
                "Plan Rows": 545673,
                "Plan Width": 0,
                "Actual Startup Time": 618.57,
                "Actual Total Time": 1077.497,
                "Actual Rows": 1843834,
                "Actual Loops": 2,
                "Inner Unique": false,
                "Hash Cond": "(mk.movie_id = t.id)",
                "Plans": [
                  {
                    "Node Type": "Seq Scan",
                    "Parent Relationship": "Outer",
                    "Parallel Aware": true,
                    "Relation Name": "movie_keyword",
                    "Alias": "mk",
                    "Startup Cost": 0.0,
                    "Total Cost": 51065.35,
                    "Plan Rows": 2661135,
                    "Plan Width": 4,
                    "Actual Startup Time": 0.012,
                    "Actual Total Time": 151.004,
                    "Actual Rows": 2261965,
                    "Actual Loops": 2
                  },
                  {
                    "Node Type": "Hash",
                    "Parent Relationship": "Inner",
                    "Parallel Aware": true,
                    "Startup Cost": 99607.7,
                    "Total Cost": 99607.7,
                    "Plan Rows": 304961,
                    "Plan Width": 8,
                    "Actual Startup Time": 609.285,
                    "Actual Total Time": 609.59,
                    "Actual Rows": 264552,
                    "Actual Loops": 2,
                    "Hash Buckets": 1048576,
                    "Original Hash Buckets": 524288,
                    "Hash Batches": 1,
                    "Original Hash Batches": 1,
                    "Peak Memory Usage": 33024,
                    "Plans": [
                      {
                        "Node Type": "Hash Join",
                        "Parent Relationship": "Outer",
                        "Parallel Aware": true,
                        "Join Type": "Inner",
                        "Startup Cost": 37648.31,
                        "Total Cost": 99607.7,
                        "Plan Rows": 304961,
                        "Plan Width": 8,
                        "Actual Startup Time": 151.078,
                        "Actual Total Time": 534.438,
                        "Actual Rows": 264552,
                        "Actual Loops": 2,
                        "Inner Unique": false,
                        "Hash Cond": "(t.id = mc.movie_id)",
                        "Plans": [
                          {
                            "Node Type": "Seq Scan",
                            "Parent Relationship": "Outer",
                            "Parallel Aware": true,
                            "Relation Name": "title",
                            "Alias": "t",
                            "Startup Cost": 0.0,
                            "Total Cost": 50870.31,
                            "Plan Rows": 1487231,
                            "Plan Width": 4,
                            "Actual Startup Time": 0.011,
                            "Actual Total Time": 121.346,
                            "Actual Rows": 1264156,
                            "Actual Loops": 2
                          },
                          {
                            "Node Type": "Hash",
                            "Parent Relationship": "Inner",
                            "Parallel Aware": true,
                            "Startup Cost": 33836.29,
                            "Total Cost": 33836.29,
                            "Plan Rows": 304961,
                            "Plan Width": 4,
                            "Actual Startup Time": 147.328,
                            "Actual Total Time": 147.329,
                            "Actual Rows": 264552,
                            "Actual Loops": 2,
                            "Hash Buckets": 1048576,
                            "Original Hash Buckets": 524288,
                            "Hash Batches": 1,
                            "Original Hash Batches": 1,
                            "Peak Memory Usage": 33024,
                            "Plans": [
                              {
                                "Node Type": "Bitmap Heap Scan",
                                "Parent Relationship": "Outer",
                                "Parallel Aware": true,
                                "Relation Name": "movie_companies",
                                "Alias": "mc",
                                "Startup Cost": 11234.29,
                                "Total Cost": 33836.29,
                                "Plan Rows": 304961,
                                "Plan Width": 4,
                                "Actual Startup Time": 32.506,
                                "Actual Total Time": 80.798,
                                "Actual Rows": 264552,
                                "Actual Loops": 2,
                                "Recheck Cond": "(company_id > 72796)",
                                "Rows Removed by Index Recheck": 0,
                                "Exact Heap Blocks": 4577,
                                "Lossy Heap Blocks": 0,
                                "Plans": [
                                  {
                                    "Node Type": "Bitmap Index Scan",
                                    "Parent Relationship": "Outer",
                                    "Parallel Aware": false,
                                    "Index Name": "company_id_movie_companies",
                                    "Startup Cost": 0.0,
                                    "Total Cost": 11104.68,
                                    "Plan Rows": 518433,
                                    "Plan Width": 0,
                                    "Actual Startup Time": 31.349,
                                    "Actual Total Time": 31.35,
                                    "Actual Rows": 529104,
                                    "Actual Loops": 1,
                                    "Index Cond": "(company_id > 72796)"
                                  }
                                ]
                              }
                            ]
                          }
                        ]
                      }
                    ]
                  }
                ]
              }
            ]
          }
        ]
      }
    ]
  },
  "Planning Time": 1.062,
  "Triggers": [],
  "Execution Time": 1175.662
}