[
  {
    "Plan": {
      "Node Type": "Aggregate",
      "Strategy": "Plain",
      "Partial Mode": "Finalize",
      "Parallel Aware": false,
      "Startup Cost": 348547.64,
      "Total Cost": 348547.65,
      "Plan Rows": 1,
      "Plan Width": 8,
      "Actual Startup Time": 987.138,
      "Actual Total Time": 1057.684,
      "Actual Rows": 1,
      "Actual Loops": 1,
      "Plans": [
        {
          "Node Type": "Gather",
          "Parent Relationship": "Outer",
          "Parallel Aware": false,
          "Startup Cost": 348547.02,
          "Total Cost": 348547.63,
          "Plan Rows": 6,
          "Plan Width": 8,
          "Actual Startup Time": 987.044,
          "Actual Total Time": 1057.673,
          "Actual Rows": 7,
          "Actual Loops": 1,
          "Workers Planned": 6,
          "Workers Launched": 6,
          "Single Copy": false,
          "Plans": [
            {
              "Node Type": "Aggregate",
              "Strategy": "Plain",
              "Partial Mode": "Partial",
              "Parent Relationship": "Outer",
              "Parallel Aware": false,
              "Startup Cost": 347547.02,
              "Total Cost": 347547.03,
              "Plan Rows": 1,
              "Plan Width": 8,
              "Actual Startup Time": 976.497,
              "Actual Total Time": 976.498,
              "Actual Rows": 1,
              "Actual Loops": 7,
              "Plans": [
                {
                  "Node Type": "Seq Scan",
                  "Parent Relationship": "Outer",
                  "Parallel Aware": true,
                  "Relation Name": "cast_info",
                  "Alias": "ci",
                  "Startup Cost": 0.0,
                  "Total Cost": 343257.03,
                  "Plan Rows": 1715996,
                  "Plan Width": 0,
                  "Actual Startup Time": 318.871,
                  "Actual Total Time": 846.602,
                  "Actual Rows": 2241566,
                  "Actual Loops": 7,
                  "Filter": "((person_id > 2068390) AND (role_id > 1))",
                  "Rows Removed by Filter": 2936198
                }
              ]
            }
          ]
        }
      ]
    },
    "Planning Time": 0.219,
    "Triggers": [],
    "Execution Time": 1057.756
  }
]