[
  {
    "Plan": {
      "Node Type": "Aggregate",
      "Strategy": "Plain",
      "Partial Mode": "Finalize",
      "Parallel Aware": false,
      "Startup Cost": 46714.89,
      "Total Cost": 46714.9,
      "Plan Rows": 1,
      "Plan Width": 8,
      "Actual Startup Time": 98.088,
      "Actual Total Time": 112.26,
      "Actual Rows": 1,
      "Actual Loops": 1,
      "Plans": [
        {
          "Node Type": "Gather",
          "Parent Relationship": "Outer",
          "Parallel Aware": false,
          "Startup Cost": 46714.47,
          "Total Cost": 46714.88,
          "Plan Rows": 4,
          "Plan Width": 8,
          "Actual Startup Time": 97.952,
          "Actual Total Time": 112.253,
          "Actual Rows": 5,
          "Actual Loops": 1,
          "Workers Planned": 4,
          "Workers Launched": 4,
          "Single Copy": false,
          "Plans": [
            {
              "Node Type": "Aggregate",
              "Strategy": "Plain",
              "Partial Mode": "Partial",
              "Parent Relationship": "Outer",
              "Parallel Aware": false,
              "Startup Cost": 45714.47,
              "Total Cost": 45714.48,
              "Plan Rows": 1,
              "Plan Width": 8,
              "Actual Startup Time": 89.982,
              "Actual Total Time": 89.983,
              "Actual Rows": 1,
              "Actual Loops": 5,
              "Plans": [
                {
                  "Node Type": "Seq Scan",
                  "Parent Relationship": "Outer",
                  "Parallel Aware": true,
                  "Relation Name": "title",
                  "Alias": "t",
                  "Startup Cost": 0.0,
                  "Total Cost": 45479.59,
                  "Plan Rows": 93952,
                  "Plan Width": 0,
                  "Actual Startup Time": 0.069,
                  "Actual Total Time": 85.406,
                  "Actual Rows": 92273,
                  "Actual Loops": 5,
                  "Filter": "((kind_id < 3) AND (production_year < 2004))",
                  "Rows Removed by Filter": 413390
                }
              ]
            }
          ]
        }
      ]
    },
    "Planning Time": 0.069,
    "Triggers": [],
    "Execution Time": 112.286
  }
]