[
  {
    "Plan": {
      "Node Type": "Aggregate",
      "Strategy": "Plain",
      "Partial Mode": "Finalize",
      "Parallel Aware": false,
      "Startup Cost": 335587.11,
      "Total Cost": 335587.12,
      "Plan Rows": 1,
      "Plan Width": 8,
      "Actual Startup Time": 742.319,
      "Actual Total Time": 806.348,
      "Actual Rows": 1,
      "Actual Loops": 1,
      "Plans": [
        {
          "Node Type": "Gather",
          "Parent Relationship": "Outer",
          "Parallel Aware": false,
          "Startup Cost": 335586.48,
          "Total Cost": 335587.09,
          "Plan Rows": 6,
          "Plan Width": 8,
          "Actual Startup Time": 742.105,
          "Actual Total Time": 806.333,
          "Actual Rows": 7,
          "Actual Loops": 1,
          "Workers Planned": 6,
          "Workers Launched": 6,
          "Single Copy": false,
          "Plans": [
            {
              "Node Type": "Aggregate",
              "Strategy": "Plain",
              "Partial Mode": "Partial",
              "Parent Relationship": "Outer",
              "Parallel Aware": false,
              "Startup Cost": 334586.48,
              "Total Cost": 334586.49,
              "Plan Rows": 1,
              "Plan Width": 8,
              "Actual Startup Time": 734.757,
              "Actual Total Time": 734.758,
              "Actual Rows": 1,
              "Actual Loops": 7,
              "Plans": [
                {
                  "Node Type": "Seq Scan",
                  "Parent Relationship": "Outer",
                  "Parallel Aware": true,
                  "Relation Name": "cast_info",
                  "Alias": "ci",
                  "Startup Cost": 0.0,
                  "Total Cost": 328211.39,
                  "Plan Rows": 2550036,
                  "Plan Width": 0,
                  "Actual Startup Time": 0.059,
                  "Actual Total Time": 625.292,
                  "Actual Rows": 2203901,
                  "Actual Loops": 7,
                  "Filter": "(person_id < 1521229)",
                  "Rows Removed by Filter": 2973862
                }
              ]
            }
          ]
        }
      ]
    },
    "Planning Time": 0.101,
    "Triggers": [],
    "Execution Time": 806.394
  }
]