[
    {
        "Bao": {
            "Bao prediction": 973.836,
            "Bao recommended hint": "SET enable_mergejoin TO off; "
        }
    },
    {
        "Plan": {
            "Node Type": "Aggregate",
            "Strategy": "Plain",
            "Partial Mode": "Simple",
            "Parallel Aware": false,
            "Startup Cost": 7487.96,
            "Total Cost": 7487.97,
            "Plan Rows": 1,
            "Plan Width": 64,
            "Actual Startup Time": 313.112,
            "Actual Total Time": 313.12,
            "Actual Rows": 1,
            "Actual Loops": 1,
            "Output": [
                "min(mi_idx.info)",
                "min(t.title)"
            ],
            "Plans": [
                {
                    "Node Type": "Nested Loop",
                    "Parent Relationship": "Outer",
                    "Parallel Aware": false,
                    "Join Type": "Inner",
                    "Startup Cost": 12.09,
                    "Total Cost": 7487.96,
                    "Plan Rows": 1,
                    "Plan Width": 22,
                    "Actual Startup Time": 11.304,
                    "Actual Total Time": 313.057,
                    "Actual Rows": 40,
                    "Actual Loops": 1,
                    "Output": [
                        "mi_idx.info",
                        "t.title"
                    ],
                    "Inner Unique": true,
                    "Join Filter": "(mi.info_type_id = it1.id)",
                    "Rows Removed by Join Filter": 29,
                    "Plans": [
                        {
                            "Node Type": "Nested Loop",
                            "Parent Relationship": "Outer",
                            "Parallel Aware": false,
                            "Join Type": "Inner",
                            "Startup Cost": 12.09,
                            "Total Cost": 7485.53,
                            "Plan Rows": 1,
                            "Plan Width": 26,
                            "Actual Startup Time": 11.276,
                            "Actual Total Time": 312.027,
                            "Actual Rows": 69,
                            "Actual Loops": 1,
                            "Output": [
                                "mi_idx.info",
                                "mi.info_type_id",
                                "t.title"
                            ],
                            "Inner Unique": false,
                            "Join Filter": "(t.id = mi.movie_id)",
                            "Rows Removed by Join Filter": 0,
                            "Plans": [
                                {
                                    "Node Type": "Nested Loop",
                                    "Parent Relationship": "Outer",
                                    "Parallel Aware": false,
                                    "Join Type": "Inner",
                                    "Startup Cost": 11.65,
                                    "Total Cost": 7483.66,
                                    "Plan Rows": 1,
                                    "Plan Width": 34,
                                    "Actual Startup Time": 2.451,
                                    "Actual Total Time": 250.674,
                                    "Actual Rows": 472,
                                    "Actual Loops": 1,
                                    "Output": [
                                        "mi_idx.info",
                                        "mi_idx.movie_id",
                                        "mk.movie_id",
                                        "t.title",
                                        "t.id"
                                    ],
                                    "Inner Unique": false,
                                    "Join Filter": "(mi_idx.info_type_id = it2.id)",
                                    "Rows Removed by Join Filter": 1290,
                                    "Plans": [
                                        {
                                            "Node Type": "Seq Scan",
                                            "Parent Relationship": "Outer",
                                            "Parallel Aware": false,
                                            "Relation Name": "info_type",
                                            "Schema": "public",
                                            "Alias": "it2",
                                            "Startup Cost": 0.0,
                                            "Total Cost": 2.41,
                                            "Plan Rows": 1,
                                            "Plan Width": 4,
                                            "Actual Startup Time": 0.056,
                                            "Actual Total Time": 0.059,
                                            "Actual Rows": 1,
                                            "Actual Loops": 1,
                                            "Output": [
                                                "it2.id",
                                                "it2.info"
                                            ],
                                            "Filter": "((it2.info)::text = 'rating'::text)",
                                            "Rows Removed by Filter": 112
                                        },
                                        {
                                            "Node Type": "Nested Loop",
                                            "Parent Relationship": "Inner",
                                            "Parallel Aware": false,
                                            "Join Type": "Inner",
                                            "Startup Cost": 11.65,
                                            "Total Cost": 7480.79,
                                            "Plan Rows": 37,
                                            "Plan Width": 38,
                                            "Actual Startup Time": 2.386,
                                            "Actual Total Time": 250.232,
                                            "Actual Rows": 1762,
                                            "Actual Loops": 1,
                                            "Output": [
                                                "mk.movie_id",
                                                "mi_idx.info",
                                                "mi_idx.movie_id",
                                                "mi_idx.info_type_id",
                                                "t.title",
                                                "t.id"
                                            ],
                                            "Inner Unique": false,
                                            "Join Filter": "(t.id = mi_idx.movie_id)",
                                            "Rows Removed by Join Filter": 0,
                                            "Plans": [
                                                {
                                                    "Node Type": "Nested Loop",
                                                    "Parent Relationship": "Outer",
                                                    "Parallel Aware": false,
                                                    "Join Type": "Inner",
                                                    "Startup Cost": 11.23,
                                                    "Total Cost": 7473.8,
                                                    "Plan Rows": 13,
                                                    "Plan Width": 25,
                                                    "Actual Startup Time": 2.201,
                                                    "Actual Total Time": 234.14,
                                                    "Actual Rows": 757,
                                                    "Actual Loops": 1,
                                                    "Output": [
                                                        "mk.movie_id",
                                                        "t.title",
                                                        "t.id"
                                                    ],
                                                    "Inner Unique": false,
                                                    "Join Filter": "(t.kind_id = kt.id)",
                                                    "Rows Removed by Join Filter": 14673,
                                                    "Plans": [
                                                        {
                                                            "Node Type": "Seq Scan",
                                                            "Parent Relationship": "Outer",
                                                            "Parallel Aware": false,
                                                            "Relation Name": "kind_type",
                                                            "Schema": "public",
                                                            "Alias": "kt",
                                                            "Startup Cost": 0.0,
                                                            "Total Cost": 1.09,
                                                            "Plan Rows": 1,
                                                            "Plan Width": 4,
                                                            "Actual Startup Time": 0.014,
                                                            "Actual Total Time": 0.016,
                                                            "Actual Rows": 1,
                                                            "Actual Loops": 1,
                                                            "Output": [
                                                                "kt.id",
                                                                "kt.kind"
                                                            ],
                                                            "Filter": "((kt.kind)::text = 'tv series'::text)",
                                                            "Rows Removed by Filter": 6
                                                        },
                                                        {
                                                            "Node Type": "Nested Loop",
                                                            "Parent Relationship": "Inner",
                                                            "Parallel Aware": false,
                                                            "Join Type": "Inner",
                                                            "Startup Cost": 11.23,
                                                            "Total Cost": 7471.55,
                                                            "Plan Rows": 93,
                                                            "Plan Width": 29,
                                                            "Actual Startup Time": 2.183,
                                                            "Actual Total Time": 232.171,
                                                            "Actual Rows": 15430,
                                                            "Actual Loops": 1,
                                                            "Output": [
                                                                "mk.movie_id",
                                                                "t.title",
                                                                "t.kind_id",
                                                                "t.id"
                                                            ],
                                                            "Inner Unique": true,
                                                            "Plans": [
                                                                {
                                                                    "Node Type": "Nested Loop",
                                                                    "Parent Relationship": "Outer",
                                                                    "Parallel Aware": false,
                                                                    "Join Type": "Inner",
                                                                    "Startup Cost": 10.8,
                                                                    "Total Cost": 7405.43,
                                                                    "Plan Rows": 135,
                                                                    "Plan Width": 4,
                                                                    "Actual Startup Time": 2.082,
                                                                    "Actual Total Time": 93.141,
                                                                    "Actual Rows": 23384,
                                                                    "Actual Loops": 1,
                                                                    "Output": [
                                                                        "mk.movie_id"
                                                                    ],
                                                                    "Inner Unique": false,
                                                                    "Plans": [
                                                                        {
                                                                            "Node Type": "Seq Scan",
                                                                            "Parent Relationship": "Outer",
                                                                            "Parallel Aware": false,
                                                                            "Relation Name": "keyword",
                                                                            "Schema": "public",
                                                                            "Alias": "k",
                                                                            "Startup Cost": 0.0,
                                                                            "Total Cost": 2961.55,
                                                                            "Plan Rows": 4,
                                                                            "Plan Width": 4,
                                                                            "Actual Startup Time": 0.246,
                                                                            "Actual Total Time": 22.504,
                                                                            "Actual Rows": 4,
                                                                            "Actual Loops": 1,
                                                                            "Output": [
                                                                                "k.id",
                                                                                "k.keyword",
                                                                                "k.phonetic_code"
                                                                            ],
                                                                            "Filter": "(k.keyword = ANY ('{claw,death,based-on-comic,father-son-relationship}'::text[]))",
                                                                            "Rows Removed by Filter": 134166
                                                                        },
                                                                        {
                                                                            "Node Type": "Bitmap Heap Scan",
                                                                            "Parent Relationship": "Inner",
                                                                            "Parallel Aware": false,
                                                                            "Relation Name": "movie_keyword",
                                                                            "Schema": "public",
                                                                            "Alias": "mk",
                                                                            "Startup Cost": 10.8,
                                                                            "Total Cost": 1107.92,
                                                                            "Plan Rows": 305,
                                                                            "Plan Width": 8,
                                                                            "Actual Startup Time": 2.635,
                                                                            "Actual Total Time": 16.438,
                                                                            "Actual Rows": 5846,
                                                                            "Actual Loops": 4,
                                                                            "Output": [
                                                                                "mk.id",
                                                                                "mk.movie_id",
                                                                                "mk.keyword_id"
                                                                            ],
                                                                            "Recheck Cond": "(mk.keyword_id = k.id)",
                                                                            "Rows Removed by Index Recheck": 0,
                                                                            "Exact Heap Blocks": 17836,
                                                                            "Lossy Heap Blocks": 0,
                                                                            "Plans": [
                                                                                {
                                                                                    "Node Type": "Bitmap Index Scan",
                                                                                    "Parent Relationship": "Outer",
                                                                                    "Parallel Aware": false,
                                                                                    "Index Name": "keyword_id_movie_keyword",
                                                                                    "Startup Cost": 0.0,
                                                                                    "Total Cost": 10.72,
                                                                                    "Plan Rows": 305,
                                                                                    "Plan Width": 0,
                                                                                    "Actual Startup Time": 1.74,
                                                                                    "Actual Total Time": 1.74,
                                                                                    "Actual Rows": 5846,
                                                                                    "Actual Loops": 4,
                                                                                    "Index Cond": "(mk.keyword_id = k.id)"
                                                                                }
                                                                            ]
                                                                        }
                                                                    ]
                                                                },
                                                                {
                                                                    "Node Type": "Index Scan",
                                                                    "Parent Relationship": "Inner",
                                                                    "Parallel Aware": false,
                                                                    "Scan Direction": "Forward",
                                                                    "Index Name": "title_pkey",
                                                                    "Relation Name": "title",
                                                                    "Schema": "public",
                                                                    "Alias": "t",
                                                                    "Startup Cost": 0.43,
                                                                    "Total Cost": 0.49,
                                                                    "Plan Rows": 1,
                                                                    "Plan Width": 25,
                                                                    "Actual Startup Time": 0.005,
                                                                    "Actual Total Time": 0.005,
                                                                    "Actual Rows": 1,
                                                                    "Actual Loops": 23384,
                                                                    "Output": [
                                                                        "t.id",
                                                                        "t.title",
                                                                        "t.imdb_index",
                                                                        "t.kind_id",
                                                                        "t.production_year",
                                                                        "t.imdb_id",
                                                                        "t.phonetic_code",
                                                                        "t.episode_of_id",
                                                                        "t.season_nr",
                                                                        "t.episode_nr",
                                                                        "t.series_years",
                                                                        "t.md5sum"
                                                                    ],
                                                                    "Index Cond": "(t.id = mk.movie_id)",
                                                                    "Rows Removed by Index Recheck": 0,
                                                                    "Filter": "(t.production_year > 1991)",
                                                                    "Rows Removed by Filter": 0
                                                                }
                                                            ]
                                                        }
                                                    ]
                                                },
                                                {
                                                    "Node Type": "Index Scan",
                                                    "Parent Relationship": "Inner",
                                                    "Parallel Aware": false,
                                                    "Scan Direction": "Forward",
                                                    "Index Name": "movie_id_movie_info_idx",
                                                    "Relation Name": "movie_info_idx",
                                                    "Schema": "public",
                                                    "Alias": "mi_idx",
                                                    "Startup Cost": 0.43,
                                                    "Total Cost": 0.5,
                                                    "Plan Rows": 3,
                                                    "Plan Width": 13,
                                                    "Actual Startup Time": 0.018,
                                                    "Actual Total Time": 0.02,
                                                    "Actual Rows": 2,
                                                    "Actual Loops": 757,
                                                    "Output": [
                                                        "mi_idx.id",
                                                        "mi_idx.movie_id",
                                                        "mi_idx.info_type_id",
                                                        "mi_idx.info",
                                                        "mi_idx.note"
                                                    ],
                                                    "Index Cond": "(mi_idx.movie_id = mk.movie_id)",
                                                    "Rows Removed by Index Recheck": 0,
                                                    "Filter": "(mi_idx.info < '7.6'::text)",
                                                    "Rows Removed by Filter": 0
                                                }
                                            ]
                                        }
                                    ]
                                },
                                {
                                    "Node Type": "Index Scan",
                                    "Parent Relationship": "Inner",
                                    "Parallel Aware": false,
                                    "Scan Direction": "Forward",
                                    "Index Name": "movie_id_movie_info",
                                    "Relation Name": "movie_info",
                                    "Schema": "public",
                                    "Alias": "mi",
                                    "Startup Cost": 0.43,
                                    "Total Cost": 1.86,
                                    "Plan Rows": 1,
                                    "Plan Width": 8,
                                    "Actual Startup Time": 0.126,
                                    "Actual Total Time": 0.129,
                                    "Actual Rows": 0,
                                    "Actual Loops": 472,
                                    "Output": [
                                        "mi.id",
                                        "mi.movie_id",
                                        "mi.info_type_id",
                                        "mi.info",
                                        "mi.note"
                                    ],
                                    "Index Cond": "(mi.movie_id = mk.movie_id)",
                                    "Rows Removed by Index Recheck": 0,
                                    "Filter": "(mi.info = ANY ('{Swedish,Danish,German,American,Sweden,America,Denmark,Norwegian,Germany,Netherlands}'::text[]))",
                                    "Rows Removed by Filter": 33
                                }
                            ]
                        },
                        {
                            "Node Type": "Seq Scan",
                            "Parent Relationship": "Inner",
                            "Parallel Aware": false,
                            "Relation Name": "info_type",
                            "Schema": "public",
                            "Alias": "it1",
                            "Startup Cost": 0.0,
                            "Total Cost": 2.41,
                            "Plan Rows": 1,
                            "Plan Width": 4,
                            "Actual Startup Time": 0.006,
                            "Actual Total Time": 0.011,
                            "Actual Rows": 1,
                            "Actual Loops": 69,
                            "Output": [
                                "it1.id",
                                "it1.info"
                            ],
                            "Filter": "((it1.info)::text = 'countries'::text)",
                            "Rows Removed by Filter": 51
                        }
                    ]
                }
            ]
        },
        "Planning Time": 1259.289,
        "Triggers": [],
        "Execution Time": 313.95
    }
]