[
  {
    "Plan": {
      "Node Type": "Aggregate",
      "Strategy": "Plain",
      "Partial Mode": "Finalize",
      "Parallel Aware": false,
      "Startup Cost": 33187.85,
      "Total Cost": 33187.86,
      "Plan Rows": 1,
      "Plan Width": 8,
      "Actual Startup Time": 84.831,
      "Actual Total Time": 92.47,
      "Actual Rows": 1,
      "Actual Loops": 1,
      "Plans": [
        {
          "Node Type": "Gather",
          "Parent Relationship": "Outer",
          "Parallel Aware": false,
          "Startup Cost": 33187.53,
          "Total Cost": 33187.84,
          "Plan Rows": 3,
          "Plan Width": 8,
          "Actual Startup Time": 84.663,
          "Actual Total Time": 92.461,
          "Actual Rows": 4,
          "Actual Loops": 1,
          "Workers Planned": 3,
          "Workers Launched": 3,
          "Single Copy": false,
          "Plans": [
            {
              "Node Type": "Aggregate",
              "Strategy": "Plain",
              "Partial Mode": "Partial",
              "Parent Relationship": "Outer",
              "Parallel Aware": false,
              "Startup Cost": 32187.53,
              "Total Cost": 32187.54,
              "Plan Rows": 1,
              "Plan Width": 8,
              "Actual Startup Time": 79.639,
              "Actual Total Time": 79.64,
              "Actual Rows": 1,
              "Actual Loops": 4,
              "Plans": [
                {
                  "Node Type": "Seq Scan",
                  "Parent Relationship": "Outer",
                  "Parallel Aware": true,
                  "Relation Name": "movie_companies",
                  "Alias": "mc",
                  "Startup Cost": 0.0,
                  "Total Cost": 31414.82,
                  "Plan Rows": 309085,
                  "Plan Width": 0,
                  "Actual Startup Time": 40.528,
                  "Actual Total Time": 72.976,
                  "Actual Rows": 162432,
                  "Actual Loops": 4,
                  "Filter": "((company_id < 40907) AND (company_type_id = 2))",
                  "Rows Removed by Filter": 489850
                }
              ]
            }
          ]
        }
      ]
    },
    "Planning Time": 0.177,
    "Triggers": [],
    "Execution Time": 92.51
  }
]