[
  {
    "Plan": {
      "Node Type": "Aggregate",
      "Strategy": "Plain",
      "Partial Mode": "Finalize",
      "Parallel Aware": false,
      "Startup Cost": 80591.99,
      "Total Cost": 80592.0,
      "Plan Rows": 1,
      "Plan Width": 8,
      "Actual Startup Time": 389.421,
      "Actual Total Time": 406.893,
      "Actual Rows": 1,
      "Actual Loops": 1,
      "Plans": [
        {
          "Node Type": "Gather",
          "Parent Relationship": "Outer",
          "Parallel Aware": false,
          "Startup Cost": 80591.57,
          "Total Cost": 80591.98,
          "Plan Rows": 4,
          "Plan Width": 8,
          "Actual Startup Time": 383.336,
          "Actual Total Time": 406.884,
          "Actual Rows": 5,
          "Actual Loops": 1,
          "Workers Planned": 4,
          "Workers Launched": 4,
          "Single Copy": false,
          "Plans": [
            {
              "Node Type": "Aggregate",
              "Strategy": "Plain",
              "Partial Mode": "Partial",
              "Parent Relationship": "Outer",
              "Parallel Aware": false,
              "Startup Cost": 79591.57,
              "Total Cost": 79591.58,
              "Plan Rows": 1,
              "Plan Width": 8,
              "Actual Startup Time": 373.97,
              "Actual Total Time": 374.077,
              "Actual Rows": 1,
              "Actual Loops": 5,
              "Plans": [
                {
                  "Node Type": "Hash Join",
                  "Parent Relationship": "Outer",
                  "Parallel Aware": true,
                  "Join Type": "Inner",
                  "Startup Cost": 33405.71,
                  "Total Cost": 79282.98,
                  "Plan Rows": 123435,
                  "Plan Width": 0,
                  "Actual Startup Time": 145.718,
                  "Actual Total Time": 365.803,
                  "Actual Rows": 162510,
                  "Actual Loops": 5,
                  "Inner Unique": false,
                  "Hash Cond": "(t.id = mc.movie_id)",
                  "Plans": [
                    {
                      "Node Type": "Seq Scan",
                      "Parent Relationship": "Outer",
                      "Parallel Aware": true,
                      "Relation Name": "title",
                      "Alias": "t",
                      "Startup Cost": 0.0,
                      "Total Cost": 42318.73,
                      "Plan Rows": 632073,
                      "Plan Width": 4,
                      "Actual Startup Time": 0.011,
                      "Actual Total Time": 68.158,
                      "Actual Rows": 505662,
                      "Actual Loops": 5
                    },
                    {
                      "Node Type": "Hash",
                      "Parent Relationship": "Inner",
                      "Parallel Aware": true,
                      "Startup Cost": 31414.82,
                      "Total Cost": 31414.82,
                      "Plan Rows": 159271,
                      "Plan Width": 4,
                      "Actual Startup Time": 142.839,
                      "Actual Total Time": 142.84,
                      "Actual Rows": 162510,
                      "Actual Loops": 5,
                      "Hash Buckets": 1048576,
                      "Original Hash Buckets": 524288,
                      "Hash Batches": 1,
                      "Original Hash Batches": 1,
                      "Peak Memory Usage": 44160,
                      "Plans": [
                        {
                          "Node Type": "Seq Scan",
                          "Parent Relationship": "Outer",
                          "Parallel Aware": true,
                          "Relation Name": "movie_companies",
                          "Alias": "mc",
                          "Startup Cost": 0.0,
                          "Total Cost": 31414.82,
                          "Plan Rows": 159271,
                          "Plan Width": 4,
                          "Actual Startup Time": 42.524,
                          "Actual Total Time": 78.882,
                          "Actual Rows": 162510,
                          "Actual Loops": 5,
                          "Filter": "((company_id > 17206) AND (company_type_id = 2))",
                          "Rows Removed by Filter": 359316
                        }
                      ]
                    }
                  ]
                }
              ]
            }
          ]
        }
      ]
    },
    "Planning Time": 0.676,
    "Triggers": [],
    "Execution Time": 406.963
  }
]