[
  {
    "Plan": {
      "Node Type": "Aggregate",
      "Strategy": "Plain",
      "Partial Mode": "Finalize",
      "Parallel Aware": false,
      "Startup Cost": 282259.32,
      "Total Cost": 282259.33,
      "Plan Rows": 1,
      "Plan Width": 8,
      "Actual Startup Time": 126.292,
      "Actual Total Time": 132.676,
      "Actual Rows": 1,
      "Actual Loops": 1,
      "Plans": [
        {
          "Node Type": "Gather",
          "Parent Relationship": "Outer",
          "Parallel Aware": false,
          "Startup Cost": 282258.69,
          "Total Cost": 282259.3,
          "Plan Rows": 6,
          "Plan Width": 8,
          "Actual Startup Time": 126.01,
          "Actual Total Time": 132.667,
          "Actual Rows": 7,
          "Actual Loops": 1,
          "Workers Planned": 6,
          "Workers Launched": 6,
          "Single Copy": false,
          "Plans": [
            {
              "Node Type": "Aggregate",
              "Strategy": "Plain",
              "Partial Mode": "Partial",
              "Parent Relationship": "Outer",
              "Parallel Aware": false,
              "Startup Cost": 281258.69,
              "Total Cost": 281258.7,
              "Plan Rows": 1,
              "Plan Width": 8,
              "Actual Startup Time": 115.154,
              "Actual Total Time": 115.155,
              "Actual Rows": 1,
              "Actual Loops": 7,
              "Plans": [
                {
                  "Node Type": "Bitmap Heap Scan",
                  "Parent Relationship": "Outer",
                  "Parallel Aware": true,
                  "Relation Name": "cast_info",
                  "Alias": "ci",
                  "Startup Cost": 25666.54,
                  "Total Cost": 280774.5,
                  "Plan Rows": 193677,
                  "Plan Width": 0,
                  "Actual Startup Time": 52.162,
                  "Actual Total Time": 103.284,
                  "Actual Rows": 168381,
                  "Actual Loops": 7,
                  "Recheck Cond": "(person_id < 119262)",
                  "Rows Removed by Index Recheck": 0,
                  "Exact Heap Blocks": 4022,
                  "Lossy Heap Blocks": 0,
                  "Plans": [
                    {
                      "Node Type": "Bitmap Index Scan",
                      "Parent Relationship": "Outer",
                      "Parallel Aware": false,
                      "Index Name": "person_id_cast_info",
                      "Startup Cost": 0.0,
                      "Total Cost": 25376.02,
                      "Plan Rows": 1162061,
                      "Plan Width": 0,
                      "Actual Startup Time": 59.973,
                      "Actual Total Time": 59.974,
                      "Actual Rows": 1178667,
                      "Actual Loops": 1,
                      "Index Cond": "(person_id < 119262)"
                    }
                  ]
                }
              ]
            }
          ]
        }
      ]
    },
    "Planning Time": 0.205,
    "Triggers": [],
    "Execution Time": 132.754
  }
]