[
  {
    "Plan": {
      "Node Type": "Aggregate",
      "Strategy": "Plain",
      "Partial Mode": "Finalize",
      "Parallel Aware": false,
      "Startup Cost": 41538.5,
      "Total Cost": 41538.51,
      "Plan Rows": 1,
      "Plan Width": 8,
      "Actual Startup Time": 148.139,
      "Actual Total Time": 154.285,
      "Actual Rows": 1,
      "Actual Loops": 1,
      "Plans": [
        {
          "Node Type": "Gather",
          "Parent Relationship": "Outer",
          "Parallel Aware": false,
          "Startup Cost": 41538.19,
          "Total Cost": 41538.5,
          "Plan Rows": 3,
          "Plan Width": 8,
          "Actual Startup Time": 147.931,
          "Actual Total Time": 154.277,
          "Actual Rows": 4,
          "Actual Loops": 1,
          "Workers Planned": 3,
          "Workers Launched": 3,
          "Single Copy": false,
          "Plans": [
            {
              "Node Type": "Aggregate",
              "Strategy": "Plain",
              "Partial Mode": "Partial",
              "Parent Relationship": "Outer",
              "Parallel Aware": false,
              "Startup Cost": 40538.19,
              "Total Cost": 40538.2,
              "Plan Rows": 1,
              "Plan Width": 8,
              "Actual Startup Time": 138.856,
              "Actual Total Time": 138.857,
              "Actual Rows": 1,
              "Actual Loops": 4,
              "Plans": [
                {
                  "Node Type": "Bitmap Heap Scan",
                  "Parent Relationship": "Outer",
                  "Parallel Aware": true,
                  "Relation Name": "movie_keyword",
                  "Alias": "mk",
                  "Startup Cost": 13096.96,
                  "Total Cost": 40040.32,
                  "Plan Rows": 199148,
                  "Plan Width": 0,
                  "Actual Startup Time": 55.725,
                  "Actual Total Time": 130.093,
                  "Actual Rows": 153896,
                  "Actual Loops": 4,
                  "Recheck Cond": "(keyword_id > 29654)",
                  "Rows Removed by Index Recheck": 0,
                  "Exact Heap Blocks": 9396,
                  "Lossy Heap Blocks": 0,
                  "Plans": [
                    {
                      "Node Type": "Bitmap Index Scan",
                      "Parent Relationship": "Outer",
                      "Parallel Aware": false,
                      "Index Name": "keyword_id_movie_keyword",
                      "Startup Cost": 0.0,
                      "Total Cost": 12942.63,
                      "Plan Rows": 617359,
                      "Plan Width": 0,
                      "Actual Startup Time": 60.523,
                      "Actual Total Time": 60.523,
                      "Actual Rows": 615582,
                      "Actual Loops": 1,
                      "Index Cond": "(keyword_id > 29654)"
                    }
                  ]
                }
              ]
            }
          ]
        }
      ]
    },
    "Planning Time": 0.165,
    "Triggers": [],
    "Execution Time": 154.362
  }
]