{
  "Plan": {
    "Node Type": "Aggregate",
    "Strategy": "Plain",
    "Partial Mode": "Finalize",
    "Parallel Aware": false,
    "Startup Cost": 75579.22,
    "Total Cost": 75579.23,
    "Plan Rows": 1,
    "Plan Width": 8,
    "Actual Startup Time": 213.79,
    "Actual Total Time": 219.568,
    "Actual Rows": 1,
    "Actual Loops": 1,
    "Plans": [
      {
        "Node Type": "Gather",
        "Parent Relationship": "Outer",
        "Parallel Aware": false,
        "Startup Cost": 75579.11,
        "Total Cost": 75579.22,
        "Plan Rows": 1,
        "Plan Width": 8,
        "Actual Startup Time": 213.114,
        "Actual Total Time": 219.56,
        "Actual Rows": 2,
        "Actual Loops": 1,
        "Workers Planned": 1,
        "Workers Launched": 1,
        "Single Copy": false,
        "Plans": [
          {
            "Node Type": "Aggregate",
            "Strategy": "Plain",
            "Partial Mode": "Partial",
            "Parent Relationship": "Outer",
            "Parallel Aware": false,
            "Startup Cost": 74579.11,
            "Total Cost": 74579.12,
            "Plan Rows": 1,
            "Plan Width": 8,
            "Actual Startup Time": 207.21,
            "Actual Total Time": 207.214,
            "Actual Rows": 1,
            "Actual Loops": 2,
            "Plans": [
              {
                "Node Type": "Hash Join",
                "Parent Relationship": "Outer",
                "Parallel Aware": true,
                "Join Type": "Inner",
                "Startup Cost": 55713.42,
                "Total Cost": 74507.19,
                "Plan Rows": 28768,
                "Plan Width": 0,
                "Actual Startup Time": 155.586,
                "Actual Total Time": 206.001,
                "Actual Rows": 29012,
                "Actual Loops": 2,
                "Inner Unique": true,
                "Hash Cond": "(mi_idx.movie_id = t.id)",
                "Plans": [
                  {
                    "Node Type": "Seq Scan",
                    "Parent Relationship": "Outer",
                    "Parallel Aware": true,
                    "Relation Name": "movie_info_idx",
                    "Alias": "mi_idx",
                    "Startup Cost": 0.0,
                    "Total Cost": 18082.32,
                    "Plan Rows": 271028,
                    "Plan Width": 4,
                    "Actual Startup Time": 0.023,
                    "Actual Total Time": 48.146,
                    "Actual Rows": 229962,
                    "Actual Loops": 2,
                    "Filter": "(info_type_id = 101)",
                    "Rows Removed by Filter": 460055
                  },
                  {
                    "Node Type": "Hash",
                    "Parent Relationship": "Inner",
                    "Parallel Aware": true,
                    "Startup Cost": 53740.2,
                    "Total Cost": 53740.2,
                    "Plan Rows": 157858,
                    "Plan Width": 4,
                    "Actual Startup Time": 118.746,
                    "Actual Total Time": 118.748,
                    "Actual Rows": 108141,
                    "Actual Loops": 2,
                    "Hash Buckets": 524288,
                    "Original Hash Buckets": 524288,
                    "Hash Batches": 1,
                    "Original Hash Batches": 1,
                    "Peak Memory Usage": 12576,
                    "Plans": [
                      {
                        "Node Type": "Bitmap Heap Scan",
                        "Parent Relationship": "Outer",
                        "Parallel Aware": true,
                        "Relation Name": "title",
                        "Alias": "t",
                        "Startup Cost": 11889.94,
                        "Total Cost": 53740.2,
                        "Plan Rows": 157858,
                        "Plan Width": 4,
                        "Actual Startup Time": 35.177,
                        "Actual Total Time": 94.203,
                        "Actual Rows": 108141,
                        "Actual Loops": 2,
                        "Recheck Cond": "(kind_id = 1)",
                        "Rows Removed by Index Recheck": 0,
                        "Filter": "(production_year > 2005)",
                        "Rows Removed by Filter": 223272,
                        "Exact Heap Blocks": 8402,
                        "Lossy Heap Blocks": 0,
                        "Plans": [
                          {
                            "Node Type": "Bitmap Index Scan",
                            "Parent Relationship": "Outer",
                            "Parallel Aware": false,
                            "Index Name": "kind_id_title",
                            "Startup Cost": 0.0,
                            "Total Cost": 11822.85,
                            "Plan Rows": 663256,
                            "Plan Width": 0,
                            "Actual Startup Time": 33.516,
                            "Actual Total Time": 33.516,
                            "Actual Rows": 662825,
                            "Actual Loops": 1,
                            "Index Cond": "(kind_id = 1)"
                          }
                        ]
                      }
                    ]
                  }
                ]
              }
            ]
          }
        ]
      }
    ]
  },
  "Planning Time": 0.46,
  "Triggers": [],
  "Execution Time": 219.687
}