[
  {
    "Plan": {
      "Node Type": "Aggregate",
      "Strategy": "Plain",
      "Partial Mode": "Finalize",
      "Parallel Aware": false,
      "Startup Cost": 45142.59,
      "Total Cost": 45142.6,
      "Plan Rows": 1,
      "Plan Width": 8,
      "Actual Startup Time": 138.664,
      "Actual Total Time": 148.235,
      "Actual Rows": 1,
      "Actual Loops": 1,
      "Plans": [
        {
          "Node Type": "Gather",
          "Parent Relationship": "Outer",
          "Parallel Aware": false,
          "Startup Cost": 45142.27,
          "Total Cost": 45142.58,
          "Plan Rows": 3,
          "Plan Width": 8,
          "Actual Startup Time": 138.533,
          "Actual Total Time": 148.227,
          "Actual Rows": 4,
          "Actual Loops": 1,
          "Workers Planned": 3,
          "Workers Launched": 3,
          "Single Copy": false,
          "Plans": [
            {
              "Node Type": "Aggregate",
              "Strategy": "Plain",
              "Partial Mode": "Partial",
              "Parent Relationship": "Outer",
              "Parallel Aware": false,
              "Startup Cost": 44142.27,
              "Total Cost": 44142.28,
              "Plan Rows": 1,
              "Plan Width": 8,
              "Actual Startup Time": 132.543,
              "Actual Total Time": 132.544,
              "Actual Rows": 1,
              "Actual Loops": 4,
              "Plans": [
                {
                  "Node Type": "Seq Scan",
                  "Parent Relationship": "Outer",
                  "Parallel Aware": true,
                  "Relation Name": "movie_keyword",
                  "Alias": "mk",
                  "Startup Cost": 0.0,
                  "Total Cost": 42695.65,
                  "Plan Rows": 578646,
                  "Plan Width": 0,
                  "Actual Startup Time": 0.043,
                  "Actual Total Time": 110.951,
                  "Actual Rows": 449077,
                  "Actual Loops": 4,
                  "Filter": "(keyword_id < 2905)",
                  "Rows Removed by Filter": 681906
                }
              ]
            }
          ]
        }
      ]
    },
    "Planning Time": 0.184,
    "Triggers": [],
    "Execution Time": 148.288
  }
]