[
  {
    "Plan": {
      "Node Type": "Aggregate",
      "Strategy": "Plain",
      "Partial Mode": "Finalize",
      "Parallel Aware": false,
      "Startup Cost": 32783.65,
      "Total Cost": 32783.66,
      "Plan Rows": 1,
      "Plan Width": 8,
      "Actual Startup Time": 84.316,
      "Actual Total Time": 92.231,
      "Actual Rows": 1,
      "Actual Loops": 1,
      "Plans": [
        {
          "Node Type": "Gather",
          "Parent Relationship": "Outer",
          "Parallel Aware": false,
          "Startup Cost": 32783.33,
          "Total Cost": 32783.64,
          "Plan Rows": 3,
          "Plan Width": 8,
          "Actual Startup Time": 84.191,
          "Actual Total Time": 92.223,
          "Actual Rows": 4,
          "Actual Loops": 1,
          "Workers Planned": 3,
          "Workers Launched": 3,
          "Single Copy": false,
          "Plans": [
            {
              "Node Type": "Aggregate",
              "Strategy": "Plain",
              "Partial Mode": "Partial",
              "Parent Relationship": "Outer",
              "Parallel Aware": false,
              "Startup Cost": 31783.33,
              "Total Cost": 31783.34,
              "Plan Rows": 1,
              "Plan Width": 8,
              "Actual Startup Time": 80.626,
              "Actual Total Time": 80.627,
              "Actual Rows": 1,
              "Actual Loops": 4,
              "Plans": [
                {
                  "Node Type": "Seq Scan",
                  "Parent Relationship": "Outer",
                  "Parallel Aware": true,
                  "Relation Name": "movie_companies",
                  "Alias": "mc",
                  "Startup Cost": 0.0,
                  "Total Cost": 31414.82,
                  "Plan Rows": 147405,
                  "Plan Width": 0,
                  "Actual Startup Time": 35.808,
                  "Actual Total Time": 71.906,
                  "Actual Rows": 193399,
                  "Actual Loops": 4,
                  "Filter": "((company_id > 22459) AND (company_type_id = 2))",
                  "Rows Removed by Filter": 458883
                }
              ]
            }
          ]
        }
      ]
    },
    "Planning Time": 0.231,
    "Triggers": [],
    "Execution Time": 92.29
  }
]