[
  {
    "Plan": {
      "Node Type": "Aggregate",
      "Strategy": "Plain",
      "Partial Mode": "Finalize",
      "Parallel Aware": false,
      "Startup Cost": 32772.03,
      "Total Cost": 32772.04,
      "Plan Rows": 1,
      "Plan Width": 8,
      "Actual Startup Time": 90.084,
      "Actual Total Time": 98.186,
      "Actual Rows": 1,
      "Actual Loops": 1,
      "Plans": [
        {
          "Node Type": "Gather",
          "Parent Relationship": "Outer",
          "Parallel Aware": false,
          "Startup Cost": 32771.71,
          "Total Cost": 32772.02,
          "Plan Rows": 3,
          "Plan Width": 8,
          "Actual Startup Time": 89.962,
          "Actual Total Time": 98.18,
          "Actual Rows": 4,
          "Actual Loops": 1,
          "Workers Planned": 3,
          "Workers Launched": 3,
          "Single Copy": false,
          "Plans": [
            {
              "Node Type": "Aggregate",
              "Strategy": "Plain",
              "Partial Mode": "Partial",
              "Parent Relationship": "Outer",
              "Parallel Aware": false,
              "Startup Cost": 31771.71,
              "Total Cost": 31771.72,
              "Plan Rows": 1,
              "Plan Width": 8,
              "Actual Startup Time": 83.27,
              "Actual Total Time": 83.271,
              "Actual Rows": 1,
              "Actual Loops": 4,
              "Plans": [
                {
                  "Node Type": "Seq Scan",
                  "Parent Relationship": "Outer",
                  "Parallel Aware": true,
                  "Relation Name": "movie_companies",
                  "Alias": "mc",
                  "Startup Cost": 0.0,
                  "Total Cost": 31414.82,
                  "Plan Rows": 142758,
                  "Plan Width": 0,
                  "Actual Startup Time": 43.348,
                  "Actual Total Time": 75.709,
                  "Actual Rows": 193399,
                  "Actual Loops": 4,
                  "Filter": "((company_id > 22459) AND (company_type_id = 2))",
                  "Rows Removed by Filter": 458883
                }
              ]
            }
          ]
        }
      ]
    },
    "Planning Time": 0.134,
    "Triggers": [],
    "Execution Time": 98.223
  }
]