{
  "Plan": {
    "Node Type": "Aggregate",
    "Strategy": "Plain",
    "Partial Mode": "Finalize",
    "Parallel Aware": false,
    "Startup Cost": 111201.04,
    "Total Cost": 111201.05,
    "Plan Rows": 1,
    "Plan Width": 8,
    "Actual Startup Time": 744.606,
    "Actual Total Time": 760.423,
    "Actual Rows": 1,
    "Actual Loops": 1,
    "Plans": [
      {
        "Node Type": "Gather",
        "Parent Relationship": "Outer",
        "Parallel Aware": false,
        "Startup Cost": 111200.92,
        "Total Cost": 111201.03,
        "Plan Rows": 1,
        "Plan Width": 8,
        "Actual Startup Time": 739.892,
        "Actual Total Time": 760.413,
        "Actual Rows": 2,
        "Actual Loops": 1,
        "Workers Planned": 1,
        "Workers Launched": 1,
        "Single Copy": false,
        "Plans": [
          {
            "Node Type": "Aggregate",
            "Strategy": "Plain",
            "Partial Mode": "Partial",
            "Parent Relationship": "Outer",
            "Parallel Aware": false,
            "Startup Cost": 110200.92,
            "Total Cost": 110200.93,
            "Plan Rows": 1,
            "Plan Width": 8,
            "Actual Startup Time": 732.596,
            "Actual Total Time": 732.6,
            "Actual Rows": 1,
            "Actual Loops": 2,
            "Plans": [
              {
                "Node Type": "Hash Join",
                "Parent Relationship": "Outer",
                "Parallel Aware": true,
                "Join Type": "Inner",
                "Startup Cost": 69084.56,
                "Total Cost": 108862.12,
                "Plan Rows": 535523,
                "Plan Width": 0,
                "Actual Startup Time": 450.882,
                "Actual Total Time": 716.67,
                "Actual Rows": 399882,
                "Actual Loops": 2,
                "Inner Unique": true,
                "Hash Cond": "(mc.movie_id = t.id)",
                "Plans": [
                  {
                    "Node Type": "Seq Scan",
                    "Parent Relationship": "Outer",
                    "Parallel Aware": true,
                    "Relation Name": "movie_companies",
                    "Alias": "mc",
                    "Startup Cost": 0.0,
                    "Total Cost": 37974.77,
                    "Plan Rows": 686773,
                    "Plan Width": 4,
                    "Actual Startup Time": 14.893,
                    "Actual Total Time": 111.656,
                    "Actual Rows": 585139,
                    "Actual Loops": 2,
                    "Filter": "(company_id > 12808)",
                    "Rows Removed by Filter": 719426
                  },
                  {
                    "Node Type": "Hash",
                    "Parent Relationship": "Inner",
                    "Parallel Aware": true,
                    "Startup Cost": 54588.39,
                    "Total Cost": 54588.39,
                    "Plan Rows": 1159694,
                    "Plan Width": 4,
                    "Actual Startup Time": 420.058,
                    "Actual Total Time": 420.059,
                    "Actual Rows": 981094,
                    "Actual Loops": 2,
                    "Hash Buckets": 2097152,
                    "Original Hash Buckets": 2097152,
                    "Hash Batches": 1,
                    "Original Hash Batches": 1,
                    "Peak Memory Usage": 93184,
                    "Plans": [
                      {
                        "Node Type": "Seq Scan",
                        "Parent Relationship": "Outer",
                        "Parallel Aware": true,
                        "Relation Name": "title",
                        "Alias": "t",
                        "Startup Cost": 0.0,
                        "Total Cost": 54588.39,
                        "Plan Rows": 1159694,
                        "Plan Width": 4,
                        "Actual Startup Time": 0.028,
                        "Actual Total Time": 176.811,
                        "Actual Rows": 981094,
                        "Actual Loops": 2,
                        "Filter": "(production_year > 1978)",
                        "Rows Removed by Filter": 283062
                      }
                    ]
                  }
                ]
              }
            ]
          }
        ]
      }
    ]
  },
  "Planning Time": 0.441,
  "Triggers": [],
  "Execution Time": 760.495
}