[
  {
    "Plan": {
      "Node Type": "Aggregate",
      "Strategy": "Plain",
      "Partial Mode": "Finalize",
      "Parallel Aware": false,
      "Startup Cost": 30819.57,
      "Total Cost": 30819.58,
      "Plan Rows": 1,
      "Plan Width": 8,
      "Actual Startup Time": 100.886,
      "Actual Total Time": 109.035,
      "Actual Rows": 1,
      "Actual Loops": 1,
      "Plans": [
        {
          "Node Type": "Gather",
          "Parent Relationship": "Outer",
          "Parallel Aware": false,
          "Startup Cost": 30819.25,
          "Total Cost": 30819.56,
          "Plan Rows": 3,
          "Plan Width": 8,
          "Actual Startup Time": 100.772,
          "Actual Total Time": 109.028,
          "Actual Rows": 4,
          "Actual Loops": 1,
          "Workers Planned": 3,
          "Workers Launched": 3,
          "Single Copy": false,
          "Plans": [
            {
              "Node Type": "Aggregate",
              "Strategy": "Plain",
              "Partial Mode": "Partial",
              "Parent Relationship": "Outer",
              "Parallel Aware": false,
              "Startup Cost": 29819.25,
              "Total Cost": 29819.26,
              "Plan Rows": 1,
              "Plan Width": 8,
              "Actual Startup Time": 92.136,
              "Actual Total Time": 92.137,
              "Actual Rows": 1,
              "Actual Loops": 4,
              "Plans": [
                {
                  "Node Type": "Seq Scan",
                  "Parent Relationship": "Outer",
                  "Parallel Aware": true,
                  "Relation Name": "movie_companies",
                  "Alias": "mc",
                  "Startup Cost": 0.0,
                  "Total Cost": 29310.68,
                  "Plan Rows": 203429,
                  "Plan Width": 0,
                  "Actual Startup Time": 0.048,
                  "Actual Total Time": 80.68,
                  "Actual Rows": 156552,
                  "Actual Loops": 4,
                  "Filter": "(company_id < 812)",
                  "Rows Removed by Filter": 495731
                }
              ]
            }
          ]
        }
      ]
    },
    "Planning Time": 0.171,
    "Triggers": [],
    "Execution Time": 109.086
  }
]