{
  "Plan": {
    "Node Type": "Aggregate",
    "Strategy": "Plain",
    "Partial Mode": "Finalize",
    "Parallel Aware": false,
    "Startup Cost": 260223.94,
    "Total Cost": 260223.95,
    "Plan Rows": 1,
    "Plan Width": 8,
    "Actual Startup Time": 630.988,
    "Actual Total Time": 650.77,
    "Actual Rows": 1,
    "Actual Loops": 1,
    "Plans": [
      {
        "Node Type": "Gather",
        "Parent Relationship": "Outer",
        "Parallel Aware": false,
        "Startup Cost": 260223.83,
        "Total Cost": 260223.94,
        "Plan Rows": 1,
        "Plan Width": 8,
        "Actual Startup Time": 628.365,
        "Actual Total Time": 650.763,
        "Actual Rows": 2,
        "Actual Loops": 1,
        "Workers Planned": 1,
        "Workers Launched": 1,
        "Single Copy": false,
        "Plans": [
          {
            "Node Type": "Aggregate",
            "Strategy": "Plain",
            "Partial Mode": "Partial",
            "Parent Relationship": "Outer",
            "Parallel Aware": false,
            "Startup Cost": 259223.83,
            "Total Cost": 259223.84,
            "Plan Rows": 1,
            "Plan Width": 8,
            "Actual Startup Time": 620.455,
            "Actual Total Time": 620.458,
            "Actual Rows": 1,
            "Actual Loops": 2,
            "Plans": [
              {
                "Node Type": "Hash Join",
                "Parent Relationship": "Outer",
                "Parallel Aware": true,
                "Join Type": "Inner",
                "Startup Cost": 85358.1,
                "Total Cost": 258412.86,
                "Plan Rows": 324388,
                "Plan Width": 0,
                "Actual Startup Time": 379.107,
                "Actual Total Time": 606.726,
                "Actual Rows": 316808,
                "Actual Loops": 2,
                "Inner Unique": true,
                "Hash Cond": "(mi.movie_id = t.id)",
                "Plans": [
                  {
                    "Node Type": "Bitmap Heap Scan",
                    "Parent Relationship": "Outer",
                    "Parallel Aware": true,
                    "Relation Name": "movie_info",
                    "Alias": "mi",
                    "Startup Cost": 22524.06,
                    "Total Cost": 193659.01,
                    "Plan Rows": 731356,
                    "Plan Width": 4,
                    "Actual Startup Time": 43.822,
                    "Actual Total Time": 136.333,
                    "Actual Rows": 602354,
                    "Actual Loops": 2,
                    "Recheck Cond": "(info_type_id > 18)",
                    "Rows Removed by Index Recheck": 0,
                    "Exact Heap Blocks": 19481,
                    "Lossy Heap Blocks": 0,
                    "Plans": [
                      {
                        "Node Type": "Bitmap Index Scan",
                        "Parent Relationship": "Outer",
                        "Parallel Aware": false,
                        "Index Name": "info_type_id_movie_info",
                        "Startup Cost": 0.0,
                        "Total Cost": 22213.23,
                        "Plan Rows": 1243306,
                        "Plan Width": 0,
                        "Actual Startup Time": 38.223,
                        "Actual Total Time": 38.224,
                        "Actual Rows": 1204709,
                        "Actual Loops": 1,
                        "Index Cond": "(info_type_id > 18)"
                      }
                    ]
                  },
                  {
                    "Node Type": "Hash",
                    "Parent Relationship": "Inner",
                    "Parallel Aware": true,
                    "Startup Cost": 54588.39,
                    "Total Cost": 54588.39,
                    "Plan Rows": 659652,
                    "Plan Width": 4,
                    "Actual Startup Time": 320.606,
                    "Actual Total Time": 320.607,
                    "Actual Rows": 566678,
                    "Actual Loops": 2,
                    "Hash Buckets": 2097152,
                    "Original Hash Buckets": 2097152,
                    "Hash Batches": 1,
                    "Original Hash Batches": 1,
                    "Peak Memory Usage": 60768,
                    "Plans": [
                      {
                        "Node Type": "Seq Scan",
                        "Parent Relationship": "Outer",
                        "Parallel Aware": true,
                        "Relation Name": "title",
                        "Alias": "t",
                        "Startup Cost": 0.0,
                        "Total Cost": 54588.39,
                        "Plan Rows": 659652,
                        "Plan Width": 4,
                        "Actual Startup Time": 0.022,
                        "Actual Total Time": 160.104,
                        "Actual Rows": 566678,
                        "Actual Loops": 2,
                        "Filter": "(production_year < 2002)",
                        "Rows Removed by Filter": 697478
                      }
                    ]
                  }
                ]
              }
            ]
          }
        ]
      }
    ]
  },
  "Planning Time": 0.588,
  "Triggers": [],
  "Execution Time": 650.861
}