[
  {
    "Plan": {
      "Node Type": "Aggregate",
      "Strategy": "Plain",
      "Partial Mode": "Finalize",
      "Parallel Aware": false,
      "Startup Cost": 254332.25,
      "Total Cost": 254332.26,
      "Plan Rows": 1,
      "Plan Width": 8,
      "Actual Startup Time": 464.367,
      "Actual Total Time": 530.762,
      "Actual Rows": 1,
      "Actual Loops": 1,
      "Plans": [
        {
          "Node Type": "Gather",
          "Parent Relationship": "Outer",
          "Parallel Aware": false,
          "Startup Cost": 254331.83,
          "Total Cost": 254332.24,
          "Plan Rows": 4,
          "Plan Width": 8,
          "Actual Startup Time": 463.669,
          "Actual Total Time": 530.752,
          "Actual Rows": 5,
          "Actual Loops": 1,
          "Workers Planned": 4,
          "Workers Launched": 4,
          "Single Copy": false,
          "Plans": [
            {
              "Node Type": "Aggregate",
              "Strategy": "Plain",
              "Partial Mode": "Partial",
              "Parent Relationship": "Outer",
              "Parallel Aware": false,
              "Startup Cost": 253331.83,
              "Total Cost": 253331.84,
              "Plan Rows": 1,
              "Plan Width": 8,
              "Actual Startup Time": 453.393,
              "Actual Total Time": 453.399,
              "Actual Rows": 1,
              "Actual Loops": 5,
              "Plans": [
                {
                  "Node Type": "Nested Loop",
                  "Parent Relationship": "Outer",
                  "Parallel Aware": false,
                  "Join Type": "Inner",
                  "Startup Cost": 32683.96,
                  "Total Cost": 250514.32,
                  "Plan Rows": 1127004,
                  "Plan Width": 0,
                  "Actual Startup Time": 157.394,
                  "Actual Total Time": 446.477,
                  "Actual Rows": 93323,
                  "Actual Loops": 5,
                  "Inner Unique": false,
                  "Plans": [
                    {
                      "Node Type": "Hash Join",
                      "Parent Relationship": "Outer",
                      "Parallel Aware": true,
                      "Join Type": "Inner",
                      "Startup Cost": 32683.39,
                      "Total Cost": 78416.2,
                      "Plan Rows": 78652,
                      "Plan Width": 8,
                      "Actual Startup Time": 156.182,
                      "Actual Total Time": 196.55,
                      "Actual Rows": 4040,
                      "Actual Loops": 5,
                      "Inner Unique": false,
                      "Hash Cond": "(t.id = mc.movie_id)",
                      "Plans": [
                        {
                          "Node Type": "Seq Scan",
                          "Parent Relationship": "Outer",
                          "Parallel Aware": true,
                          "Relation Name": "title",
                          "Alias": "t",
                          "Startup Cost": 0.0,
                          "Total Cost": 42318.73,
                          "Plan Rows": 632073,
                          "Plan Width": 4,
                          "Actual Startup Time": 0.014,
                          "Actual Total Time": 64.637,
                          "Actual Rows": 505662,
                          "Actual Loops": 5
                        },
                        {
                          "Node Type": "Hash",
                          "Parent Relationship": "Inner",
                          "Parallel Aware": true,
                          "Startup Cost": 31414.82,
                          "Total Cost": 31414.82,
                          "Plan Rows": 101486,
                          "Plan Width": 4,
                          "Actual Startup Time": 66.683,
                          "Actual Total Time": 66.684,
                          "Actual Rows": 4040,
                          "Actual Loops": 5,
                          "Hash Buckets": 524288,
                          "Original Hash Buckets": 524288,
                          "Hash Batches": 1,
                          "Original Hash Batches": 1,
                          "Peak Memory Usage": 4960,
                          "Plans": [
                            {
                              "Node Type": "Seq Scan",
                              "Parent Relationship": "Outer",
                              "Parallel Aware": true,
                              "Relation Name": "movie_companies",
                              "Alias": "mc",
                              "Startup Cost": 0.0,
                              "Total Cost": 31414.82,
                              "Plan Rows": 101486,
                              "Plan Width": 4,
                              "Actual Startup Time": 32.334,
                              "Actual Total Time": 64.815,
                              "Actual Rows": 4040,
                              "Actual Loops": 5,
                              "Filter": "((company_id > 54314) AND (company_type_id = 1))",
                              "Rows Removed by Filter": 517785
                            }
                          ]
                        }
                      ]
                    },
                    {
                      "Node Type": "Index Only Scan",
                      "Parent Relationship": "Inner",
                      "Parallel Aware": false,
                      "Scan Direction": "Forward",
                      "Index Name": "movie_id_cast_info",
                      "Relation Name": "cast_info",
                      "Alias": "ci",
                      "Startup Cost": 0.56,
                      "Total Cost": 1.82,
                      "Plan Rows": 37,
                      "Plan Width": 4,
                      "Actual Startup Time": 0.009,
                      "Actual Total Time": 0.059,
                      "Actual Rows": 23,
                      "Actual Loops": 20202,
                      "Index Cond": "(movie_id = t.id)",
                      "Rows Removed by Index Recheck": 0,
                      "Heap Fetches": 466617
                    }
                  ]
                }
              ]
            }
          ]
        }
      ]
    },
    "Planning Time": 1.352,
    "Triggers": [],
    "Execution Time": 530.863
  }
]