{
  "Plan": {
    "Node Type": "Aggregate",
    "Strategy": "Plain",
    "Partial Mode": "Finalize",
    "Parallel Aware": false,
    "Startup Cost": 615941.27,
    "Total Cost": 615941.28,
    "Plan Rows": 1,
    "Plan Width": 8,
    "Actual Startup Time": 3680.1,
    "Actual Total Time": 3731.69,
    "Actual Rows": 1,
    "Actual Loops": 1,
    "Plans": [
      {
        "Node Type": "Gather",
        "Parent Relationship": "Outer",
        "Parallel Aware": false,
        "Startup Cost": 615941.16,
        "Total Cost": 615941.27,
        "Plan Rows": 1,
        "Plan Width": 8,
        "Actual Startup Time": 3678.315,
        "Actual Total Time": 3731.68,
        "Actual Rows": 2,
        "Actual Loops": 1,
        "Workers Planned": 1,
        "Workers Launched": 1,
        "Single Copy": false,
        "Plans": [
          {
            "Node Type": "Aggregate",
            "Strategy": "Plain",
            "Partial Mode": "Partial",
            "Parent Relationship": "Outer",
            "Parallel Aware": false,
            "Startup Cost": 614941.16,
            "Total Cost": 614941.17,
            "Plan Rows": 1,
            "Plan Width": 8,
            "Actual Startup Time": 3672.712,
            "Actual Total Time": 3672.716,
            "Actual Rows": 1,
            "Actual Loops": 2,
            "Plans": [
              {
                "Node Type": "Hash Join",
                "Parent Relationship": "Outer",
                "Parallel Aware": true,
                "Join Type": "Inner",
                "Startup Cost": 60522.46,
                "Total Cost": 606700.22,
                "Plan Rows": 3296376,
                "Plan Width": 0,
                "Actual Startup Time": 669.734,
                "Actual Total Time": 3582.252,
                "Actual Rows": 2171570,
                "Actual Loops": 2,
                "Inner Unique": true,
                "Hash Cond": "(ci.movie_id = t.id)",
                "Plans": [
                  {
                    "Node Type": "Seq Scan",
                    "Parent Relationship": "Outer",
                    "Parallel Aware": true,
                    "Relation Name": "cast_info",
                    "Alias": "ci",
                    "Startup Cost": 0.0,
                    "Total Cost": 519069.44,
                    "Plan Rows": 10326958,
                    "Plan Width": 4,
                    "Actual Startup Time": 409.081,
                    "Actual Total Time": 1369.916,
                    "Actual Rows": 8767820,
                    "Actual Loops": 2,
                    "Filter": "(person_id > 1864194)",
                    "Rows Removed by Filter": 9354352
                  },
                  {
                    "Node Type": "Hash",
                    "Parent Relationship": "Inner",
                    "Parallel Aware": true,
                    "Startup Cost": 54588.39,
                    "Total Cost": 54588.39,
                    "Plan Rows": 474726,
                    "Plan Width": 4,
                    "Actual Startup Time": 251.185,
                    "Actual Total Time": 251.186,
                    "Actual Rows": 406352,
                    "Actual Loops": 2,
                    "Hash Buckets": 1048576,
                    "Original Hash Buckets": 1048576,
                    "Hash Batches": 1,
                    "Original Hash Batches": 1,
                    "Peak Memory Usage": 40000,
                    "Plans": [
                      {
                        "Node Type": "Seq Scan",
                        "Parent Relationship": "Outer",
                        "Parallel Aware": true,
                        "Relation Name": "title",
                        "Alias": "t",
                        "Startup Cost": 0.0,
                        "Total Cost": 54588.39,
                        "Plan Rows": 474726,
                        "Plan Width": 4,
                        "Actual Startup Time": 0.032,
                        "Actual Total Time": 150.149,
                        "Actual Rows": 406352,
                        "Actual Loops": 2,
                        "Filter": "(production_year < 1995)",
                        "Rows Removed by Filter": 857804
                      }
                    ]
                  }
                ]
              }
            ]
          }
        ]
      }
    ]
  },
  "Planning Time": 0.582,
  "Triggers": [],
  "Execution Time": 3731.768
}