[
  {
    "Plan": {
      "Node Type": "Aggregate",
      "Strategy": "Plain",
      "Partial Mode": "Simple",
      "Parallel Aware": false,
      "Startup Cost": 1233.94,
      "Total Cost": 1233.95,
      "Plan Rows": 1,
      "Plan Width": 8,
      "Actual Startup Time": 0.128,
      "Actual Total Time": 0.13,
      "Actual Rows": 1,
      "Actual Loops": 1,
      "Plans": [
        {
          "Node Type": "Nested Loop",
          "Parent Relationship": "Outer",
          "Parallel Aware": false,
          "Join Type": "Inner",
          "Startup Cost": 0.99,
          "Total Cost": 1233.88,
          "Plan Rows": 23,
          "Plan Width": 0,
          "Actual Startup Time": 0.094,
          "Actual Total Time": 0.123,
          "Actual Rows": 4,
          "Actual Loops": 1,
          "Inner Unique": true,
          "Plans": [
            {
              "Node Type": "Index Scan",
              "Parent Relationship": "Outer",
              "Parallel Aware": false,
              "Scan Direction": "Forward",
              "Index Name": "person_id_cast_info",
              "Relation Name": "cast_info",
              "Alias": "ci",
              "Startup Cost": 0.56,
              "Total Cost": 1039.59,
              "Plan Rows": 23,
              "Plan Width": 4,
              "Actual Startup Time": 0.075,
              "Actual Total Time": 0.085,
              "Actual Rows": 4,
              "Actual Loops": 1,
              "Index Cond": "(person_id = 3032913)",
              "Rows Removed by Index Recheck": 0,
              "Filter": "(role_id = 8)",
              "Rows Removed by Filter": 129
            },
            {
              "Node Type": "Index Only Scan",
              "Parent Relationship": "Inner",
              "Parallel Aware": false,
              "Scan Direction": "Forward",
              "Index Name": "title_pkey",
              "Relation Name": "title",
              "Alias": "t",
              "Startup Cost": 0.43,
              "Total Cost": 8.45,
              "Plan Rows": 1,
              "Plan Width": 4,
              "Actual Startup Time": 0.008,
              "Actual Total Time": 0.008,
              "Actual Rows": 1,
              "Actual Loops": 4,
              "Index Cond": "(id = ci.movie_id)",
              "Rows Removed by Index Recheck": 0,
              "Heap Fetches": 4
            }
          ]
        }
      ]
    },
    "Planning Time": 0.505,
    "Triggers": [],
    "Execution Time": 0.175
  }
]