[
    {
        "Bao": {
            "Bao prediction": "NaN",
            "Bao recommended hint": "(no hint)"
        }
    },
    {
        "Plan": {
            "Node Type": "Aggregate",
            "Strategy": "Plain",
            "Partial Mode": "Finalize",
            "Parallel Aware": false,
            "Startup Cost": 91722.48,
            "Total Cost": 91722.49,
            "Plan Rows": 1,
            "Plan Width": 8,
            "Actual Startup Time": 528.479,
            "Actual Total Time": 548.08,
            "Actual Rows": 1,
            "Actual Loops": 1,
            "Output": [
                "count(*)"
            ],
            "Plans": [
                {
                    "Node Type": "Gather",
                    "Parent Relationship": "Outer",
                    "Parallel Aware": false,
                    "Startup Cost": 91722.17,
                    "Total Cost": 91722.48,
                    "Plan Rows": 3,
                    "Plan Width": 8,
                    "Actual Startup Time": 520.033,
                    "Actual Total Time": 548.07,
                    "Actual Rows": 4,
                    "Actual Loops": 1,
                    "Output": [
                        "(PARTIAL count(*))"
                    ],
                    "Workers Planned": 3,
                    "Workers Launched": 3,
                    "Single Copy": false,
                    "Plans": [
                        {
                            "Node Type": "Aggregate",
                            "Strategy": "Plain",
                            "Partial Mode": "Partial",
                            "Parent Relationship": "Outer",
                            "Parallel Aware": false,
                            "Startup Cost": 90722.17,
                            "Total Cost": 90722.18,
                            "Plan Rows": 1,
                            "Plan Width": 8,
                            "Actual Startup Time": 509.226,
                            "Actual Total Time": 509.23,
                            "Actual Rows": 1,
                            "Actual Loops": 4,
                            "Output": [
                                "PARTIAL count(*)"
                            ],
                            "Workers": [
                                {
                                    "Worker Number": 0,
                                    "Actual Startup Time": 507.517,
                                    "Actual Total Time": 507.521,
                                    "Actual Rows": 1,
                                    "Actual Loops": 1
                                },
                                {
                                    "Worker Number": 1,
                                    "Actual Startup Time": 504.686,
                                    "Actual Total Time": 504.691,
                                    "Actual Rows": 1,
                                    "Actual Loops": 1
                                },
                                {
                                    "Worker Number": 2,
                                    "Actual Startup Time": 505.0,
                                    "Actual Total Time": 505.004,
                                    "Actual Rows": 1,
                                    "Actual Loops": 1
                                }
                            ],
                            "Plans": [
                                {
                                    "Node Type": "Nested Loop",
                                    "Parent Relationship": "Outer",
                                    "Parallel Aware": false,
                                    "Join Type": "Inner",
                                    "Startup Cost": 52476.24,
                                    "Total Cost": 90699.03,
                                    "Plan Rows": 9255,
                                    "Plan Width": 0,
                                    "Actual Startup Time": 377.654,
                                    "Actual Total Time": 508.346,
                                    "Actual Rows": 8121,
                                    "Actual Loops": 4,
                                    "Inner Unique": false,
                                    "Workers": [
                                        {
                                            "Worker Number": 0,
                                            "Actual Startup Time": 373.692,
                                            "Actual Total Time": 506.682,
                                            "Actual Rows": 6016,
                                            "Actual Loops": 1
                                        },
                                        {
                                            "Worker Number": 1,
                                            "Actual Startup Time": 373.905,
                                            "Actual Total Time": 503.826,
                                            "Actual Rows": 6099,
                                            "Actual Loops": 1
                                        },
                                        {
                                            "Worker Number": 2,
                                            "Actual Startup Time": 374.23,
                                            "Actual Total Time": 504.16,
                                            "Actual Rows": 6129,
                                            "Actual Loops": 1
                                        }
                                    ],
                                    "Plans": [
                                        {
                                            "Node Type": "Hash Join",
                                            "Parent Relationship": "Outer",
                                            "Parallel Aware": true,
                                            "Join Type": "Inner",
                                            "Startup Cost": 52475.81,
                                            "Total Cost": 77305.78,
                                            "Plan Rows": 21831,
                                            "Plan Width": 8,
                                            "Actual Startup Time": 377.541,
                                            "Actual Total Time": 416.184,
                                            "Actual Rows": 17586,
                                            "Actual Loops": 4,
                                            "Output": [
                                                "t.id",
                                                "mk.movie_id"
                                            ],
                                            "Inner Unique": true,
                                            "Hash Cond": "(mk.movie_id = t.id)",
                                            "Workers": [
                                                {
                                                    "Worker Number": 0,
                                                    "Actual Startup Time": 373.597,
                                                    "Actual Total Time": 414.046,
                                                    "Actual Rows": 13092,
                                                    "Actual Loops": 1
                                                },
                                                {
                                                    "Worker Number": 1,
                                                    "Actual Startup Time": 373.722,
                                                    "Actual Total Time": 411.456,
                                                    "Actual Rows": 13573,
                                                    "Actual Loops": 1
                                                },
                                                {
                                                    "Worker Number": 2,
                                                    "Actual Startup Time": 374.094,
                                                    "Actual Total Time": 410.971,
                                                    "Actual Rows": 13953,
                                                    "Actual Loops": 1
                                                }
                                            ],
                                            "Plans": [
                                                {
                                                    "Node Type": "Bitmap Heap Scan",
                                                    "Parent Relationship": "Outer",
                                                    "Parallel Aware": true,
                                                    "Relation Name": "movie_keyword",
                                                    "Schema": "public",
                                                    "Alias": "mk",
                                                    "Startup Cost": 1637.63,
                                                    "Total Cost": 26402.35,
                                                    "Plan Rows": 24857,
                                                    "Plan Width": 4,
                                                    "Actual Startup Time": 12.801,
                                                    "Actual Total Time": 35.608,
                                                    "Actual Rows": 18124,
                                                    "Actual Loops": 4,
                                                    "Output": [
                                                        "mk.id",
                                                        "mk.movie_id",
                                                        "mk.keyword_id"
                                                    ],
                                                    "Recheck Cond": "(mk.keyword_id = 335)",
                                                    "Rows Removed by Index Recheck": 0,
                                                    "Exact Heap Blocks": 7255,
                                                    "Lossy Heap Blocks": 0,
                                                    "Workers": [
                                                        {
                                                            "Worker Number": 0,
                                                            "Actual Startup Time": 12.716,
                                                            "Actual Total Time": 36.58,
                                                            "Actual Rows": 13483,
                                                            "Actual Loops": 1
                                                        },
                                                        {
                                                            "Worker Number": 1,
                                                            "Actual Startup Time": 12.793,
                                                            "Actual Total Time": 36.301,
                                                            "Actual Rows": 14012,
                                                            "Actual Loops": 1
                                                        },
                                                        {
                                                            "Worker Number": 2,
                                                            "Actual Startup Time": 12.867,
                                                            "Actual Total Time": 35.949,
                                                            "Actual Rows": 14337,
                                                            "Actual Loops": 1
                                                        }
                                                    ],
                                                    "Plans": [
                                                        {
                                                            "Node Type": "Bitmap Index Scan",
                                                            "Parent Relationship": "Outer",
                                                            "Parallel Aware": false,
                                                            "Index Name": "keyword_id_movie_keyword",
                                                            "Startup Cost": 0.0,
                                                            "Total Cost": 1618.37,
                                                            "Plan Rows": 77058,
                                                            "Plan Width": 0,
                                                            "Actual Startup Time": 9.01,
                                                            "Actual Total Time": 9.011,
                                                            "Actual Rows": 72496,
                                                            "Actual Loops": 1,
                                                            "Index Cond": "(mk.keyword_id = 335)",
                                                            "Workers": [
                                                                {
                                                                    "Worker Number": 0,
                                                                    "Actual Startup Time": 9.01,
                                                                    "Actual Total Time": 9.011,
                                                                    "Actual Rows": 72496,
                                                                    "Actual Loops": 1
                                                                }
                                                            ]
                                                        }
                                                    ]
                                                },
                                                {
                                                    "Node Type": "Hash",
                                                    "Parent Relationship": "Inner",
                                                    "Parallel Aware": true,
                                                    "Startup Cost": 43899.01,
                                                    "Total Cost": 43899.01,
                                                    "Plan Rows": 555134,
                                                    "Plan Width": 4,
                                                    "Actual Startup Time": 357.666,
                                                    "Actual Total Time": 357.667,
                                                    "Actual Rows": 556142,
                                                    "Actual Loops": 4,
                                                    "Output": [
                                                        "t.id"
                                                    ],
                                                    "Hash Buckets": 4194304,
                                                    "Original Hash Buckets": 4194304,
                                                    "Hash Batches": 1,
                                                    "Original Hash Batches": 1,
                                                    "Peak Memory Usage": 119840,
                                                    "Workers": [
                                                        {
                                                            "Worker Number": 0,
                                                            "Actual Startup Time": 360.439,
                                                            "Actual Total Time": 360.44,
                                                            "Actual Rows": 465967,
                                                            "Actual Loops": 1
                                                        },
                                                        {
                                                            "Worker Number": 1,
                                                            "Actual Startup Time": 360.423,
                                                            "Actual Total Time": 360.424,
                                                            "Actual Rows": 465831,
                                                            "Actual Loops": 1
                                                        },
                                                        {
                                                            "Worker Number": 2,
                                                            "Actual Startup Time": 360.747,
                                                            "Actual Total Time": 360.748,
                                                            "Actual Rows": 487155,
                                                            "Actual Loops": 1
                                                        }
                                                    ],
                                                    "Plans": [
                                                        {
                                                            "Node Type": "Seq Scan",
                                                            "Parent Relationship": "Outer",
                                                            "Parallel Aware": true,
                                                            "Relation Name": "title",
                                                            "Schema": "public",
                                                            "Alias": "t",
                                                            "Startup Cost": 0.0,
                                                            "Total Cost": 43899.01,
                                                            "Plan Rows": 555134,
                                                            "Plan Width": 4,
                                                            "Actual Startup Time": 0.035,
                                                            "Actual Total Time": 130.984,
                                                            "Actual Rows": 556142,
                                                            "Actual Loops": 4,
                                                            "Output": [
                                                                "t.id"
                                                            ],
                                                            "Filter": "(t.production_year < 2012)",
                                                            "Rows Removed by Filter": 75936,
                                                            "Workers": [
                                                                {
                                                                    "Worker Number": 0,
                                                                    "Actual Startup Time": 0.028,
                                                                    "Actual Total Time": 134.86,
                                                                    "Actual Rows": 465967,
                                                                    "Actual Loops": 1
                                                                },
                                                                {
                                                                    "Worker Number": 1,
                                                                    "Actual Startup Time": 0.051,
                                                                    "Actual Total Time": 134.503,
                                                                    "Actual Rows": 465831,
                                                                    "Actual Loops": 1
                                                                },
                                                                {
                                                                    "Worker Number": 2,
                                                                    "Actual Startup Time": 0.048,
                                                                    "Actual Total Time": 138.783,
                                                                    "Actual Rows": 487155,
                                                                    "Actual Loops": 1
                                                                }
                                                            ]
                                                        }
                                                    ]
                                                }
                                            ]
                                        },
                                        {
                                            "Node Type": "Index Scan",
                                            "Parent Relationship": "Inner",
                                            "Parallel Aware": false,
                                            "Scan Direction": "Forward",
                                            "Index Name": "movie_id_movie_companies",
                                            "Relation Name": "movie_companies",
                                            "Schema": "public",
                                            "Alias": "mc",
                                            "Startup Cost": 0.43,
                                            "Total Cost": 0.59,
                                            "Plan Rows": 2,
                                            "Plan Width": 4,
                                            "Actual Startup Time": 0.005,
                                            "Actual Total Time": 0.005,
                                            "Actual Rows": 0,
                                            "Actual Loops": 70344,
                                            "Output": [
                                                "mc.id",
                                                "mc.movie_id",
                                                "mc.company_id",
                                                "mc.company_type_id",
                                                "mc.note"
                                            ],
                                            "Index Cond": "(mc.movie_id = t.id)",
                                            "Rows Removed by Index Recheck": 0,
                                            "Filter": "((mc.company_id < 73864) AND (mc.company_type_id > 1))",
                                            "Rows Removed by Filter": 2,
                                            "Workers": [
                                                {
                                                    "Worker Number": 0,
                                                    "Actual Startup Time": 0.006,
                                                    "Actual Total Time": 0.007,
                                                    "Actual Rows": 0,
                                                    "Actual Loops": 13092
                                                },
                                                {
                                                    "Worker Number": 1,
                                                    "Actual Startup Time": 0.006,
                                                    "Actual Total Time": 0.006,
                                                    "Actual Rows": 0,
                                                    "Actual Loops": 13573
                                                },
                                                {
                                                    "Worker Number": 2,
                                                    "Actual Startup Time": 0.006,
                                                    "Actual Total Time": 0.006,
                                                    "Actual Rows": 0,
                                                    "Actual Loops": 13953
                                                }
                                            ]
                                        }
                                    ]
                                }
                            ]
                        }
                    ]
                }
            ]
        },
        "Planning Time": 191.341,
        "Triggers": [],
        "Execution Time": 548.155
    }
]