[
    {
        "Bao": {
            "Bao prediction": 1251.942,
            "Bao recommended hint": "(no hint)"
        }
    },
    {
        "Plan": {
            "Node Type": "Aggregate",
            "Strategy": "Plain",
            "Partial Mode": "Finalize",
            "Parallel Aware": false,
            "Startup Cost": 302842.34,
            "Total Cost": 302842.35,
            "Plan Rows": 1,
            "Plan Width": 8,
            "Actual Startup Time": 3915.792,
            "Actual Total Time": 3939.389,
            "Actual Rows": 1,
            "Actual Loops": 1,
            "Output": [
                "count(*)"
            ],
            "Plans": [
                {
                    "Node Type": "Gather",
                    "Parent Relationship": "Outer",
                    "Parallel Aware": false,
                    "Startup Cost": 302841.82,
                    "Total Cost": 302842.33,
                    "Plan Rows": 5,
                    "Plan Width": 8,
                    "Actual Startup Time": 3904.344,
                    "Actual Total Time": 3939.379,
                    "Actual Rows": 6,
                    "Actual Loops": 1,
                    "Output": [
                        "(PARTIAL count(*))"
                    ],
                    "Workers Planned": 5,
                    "Workers Launched": 5,
                    "Single Copy": false,
                    "Plans": [
                        {
                            "Node Type": "Aggregate",
                            "Strategy": "Plain",
                            "Partial Mode": "Partial",
                            "Parent Relationship": "Outer",
                            "Parallel Aware": false,
                            "Startup Cost": 301841.82,
                            "Total Cost": 301841.83,
                            "Plan Rows": 1,
                            "Plan Width": 8,
                            "Actual Startup Time": 3889.755,
                            "Actual Total Time": 3889.76,
                            "Actual Rows": 1,
                            "Actual Loops": 6,
                            "Output": [
                                "PARTIAL count(*)"
                            ],
                            "Workers": [
                                {
                                    "Worker Number": 0,
                                    "Actual Startup Time": 3887.006,
                                    "Actual Total Time": 3887.01,
                                    "Actual Rows": 1,
                                    "Actual Loops": 1
                                },
                                {
                                    "Worker Number": 1,
                                    "Actual Startup Time": 3887.006,
                                    "Actual Total Time": 3887.01,
                                    "Actual Rows": 1,
                                    "Actual Loops": 1
                                },
                                {
                                    "Worker Number": 2,
                                    "Actual Startup Time": 3887.082,
                                    "Actual Total Time": 3887.086,
                                    "Actual Rows": 1,
                                    "Actual Loops": 1
                                },
                                {
                                    "Worker Number": 3,
                                    "Actual Startup Time": 3886.982,
                                    "Actual Total Time": 3886.986,
                                    "Actual Rows": 1,
                                    "Actual Loops": 1
                                },
                                {
                                    "Worker Number": 4,
                                    "Actual Startup Time": 3887.182,
                                    "Actual Total Time": 3887.186,
                                    "Actual Rows": 1,
                                    "Actual Loops": 1
                                }
                            ],
                            "Plans": [
                                {
                                    "Node Type": "Hash Join",
                                    "Parent Relationship": "Outer",
                                    "Parallel Aware": true,
                                    "Join Type": "Inner",
                                    "Startup Cost": 94302.97,
                                    "Total Cost": 299672.11,
                                    "Plan Rows": 867885,
                                    "Plan Width": 0,
                                    "Actual Startup Time": 625.972,
                                    "Actual Total Time": 3026.678,
                                    "Actual Rows": 16636928,
                                    "Actual Loops": 6,
                                    "Inner Unique": false,
                                    "Hash Cond": "(mi.movie_id = t.id)",
                                    "Workers": [
                                        {
                                            "Worker Number": 0,
                                            "Actual Startup Time": 623.602,
                                            "Actual Total Time": 3022.971,
                                            "Actual Rows": 16512919,
                                            "Actual Loops": 1
                                        },
                                        {
                                            "Worker Number": 1,
                                            "Actual Startup Time": 623.701,
                                            "Actual Total Time": 3021.313,
                                            "Actual Rows": 17875951,
                                            "Actual Loops": 1
                                        },
                                        {
                                            "Worker Number": 2,
                                            "Actual Startup Time": 623.649,
                                            "Actual Total Time": 3021.066,
                                            "Actual Rows": 15999223,
                                            "Actual Loops": 1
                                        },
                                        {
                                            "Worker Number": 3,
                                            "Actual Startup Time": 623.558,
                                            "Actual Total Time": 3023.017,
                                            "Actual Rows": 16285042,
                                            "Actual Loops": 1
                                        },
                                        {
                                            "Worker Number": 4,
                                            "Actual Startup Time": 623.984,
                                            "Actual Total Time": 3024.972,
                                            "Actual Rows": 16478063,
                                            "Actual Loops": 1
                                        }
                                    ],
                                    "Plans": [
                                        {
                                            "Node Type": "Seq Scan",
                                            "Parent Relationship": "Outer",
                                            "Parallel Aware": true,
                                            "Relation Name": "movie_info",
                                            "Schema": "public",
                                            "Alias": "mi",
                                            "Startup Cost": 0.0,
                                            "Total Cost": 191503.19,
                                            "Plan Rows": 2951019,
                                            "Plan Width": 4,
                                            "Actual Startup Time": 0.04,
                                            "Actual Total Time": 350.523,
                                            "Actual Rows": 2472620,
                                            "Actual Loops": 6,
                                            "Output": [
                                                "mi.id",
                                                "mi.movie_id",
                                                "mi.info_type_id",
                                                "mi.info",
                                                "mi.note"
                                            ],
                                            "Workers": [
                                                {
                                                    "Worker Number": 0,
                                                    "Actual Startup Time": 0.039,
                                                    "Actual Total Time": 368.33,
                                                    "Actual Rows": 2467544,
                                                    "Actual Loops": 1
                                                },
                                                {
                                                    "Worker Number": 1,
                                                    "Actual Startup Time": 0.045,
                                                    "Actual Total Time": 366.798,
                                                    "Actual Rows": 2506933,
                                                    "Actual Loops": 1
                                                },
                                                {
                                                    "Worker Number": 2,
                                                    "Actual Startup Time": 0.046,
                                                    "Actual Total Time": 366.319,
                                                    "Actual Rows": 2441426,
                                                    "Actual Loops": 1
                                                },
                                                {
                                                    "Worker Number": 3,
                                                    "Actual Startup Time": 0.048,
                                                    "Actual Total Time": 366.682,
                                                    "Actual Rows": 2406495,
                                                    "Actual Loops": 1
                                                },
                                                {
                                                    "Worker Number": 4,
                                                    "Actual Startup Time": 0.044,
                                                    "Actual Total Time": 361.462,
                                                    "Actual Rows": 2434945,
                                                    "Actual Loops": 1
                                                }
                                            ]
                                        },
                                        {
                                            "Node Type": "Hash",
                                            "Parent Relationship": "Inner",
                                            "Parallel Aware": true,
                                            "Startup Cost": 91304.69,
                                            "Total Cost": 91304.69,
                                            "Plan Rows": 239862,
                                            "Plan Width": 8,
                                            "Actual Startup Time": 620.207,
                                            "Actual Total Time": 620.211,
                                            "Actual Rows": 264164,
                                            "Actual Loops": 6,
                                            "Output": [
                                                "t.id",
                                                "mk.movie_id"
                                            ],
                                            "Hash Buckets": 2097152,
                                            "Original Hash Buckets": 1048576,
                                            "Hash Batches": 1,
                                            "Original Hash Batches": 1,
                                            "Peak Memory Usage": 86688,
                                            "Workers": [
                                                {
                                                    "Worker Number": 0,
                                                    "Actual Startup Time": 621.519,
                                                    "Actual Total Time": 621.522,
                                                    "Actual Rows": 263277,
                                                    "Actual Loops": 1
                                                },
                                                {
                                                    "Worker Number": 1,
                                                    "Actual Startup Time": 621.387,
                                                    "Actual Total Time": 621.391,
                                                    "Actual Rows": 274179,
                                                    "Actual Loops": 1
                                                },
                                                {
                                                    "Worker Number": 2,
                                                    "Actual Startup Time": 621.547,
                                                    "Actual Total Time": 621.549,
                                                    "Actual Rows": 260506,
                                                    "Actual Loops": 1
                                                },
                                                {
                                                    "Worker Number": 3,
                                                    "Actual Startup Time": 621.522,
                                                    "Actual Total Time": 621.525,
                                                    "Actual Rows": 257345,
                                                    "Actual Loops": 1
                                                },
                                                {
                                                    "Worker Number": 4,
                                                    "Actual Startup Time": 621.657,
                                                    "Actual Total Time": 621.66,
                                                    "Actual Rows": 255495,
                                                    "Actual Loops": 1
                                                }
                                            ],
                                            "Plans": [
                                                {
                                                    "Node Type": "Hash Join",
                                                    "Parent Relationship": "Outer",
                                                    "Parallel Aware": true,
                                                    "Join Type": "Inner",
                                                    "Startup Cost": 47009.89,
                                                    "Total Cost": 91304.69,
                                                    "Plan Rows": 239862,
                                                    "Plan Width": 8,
                                                    "Actual Startup Time": 225.605,
                                                    "Actual Total Time": 447.186,
                                                    "Actual Rows": 264164,
                                                    "Actual Loops": 6,
                                                    "Output": [
                                                        "t.id",
                                                        "mk.movie_id"
                                                    ],
                                                    "Inner Unique": true,
                                                    "Hash Cond": "(mk.movie_id = t.id)",
                                                    "Workers": [
                                                        {
                                                            "Worker Number": 0,
                                                            "Actual Startup Time": 225.625,
                                                            "Actual Total Time": 448.633,
                                                            "Actual Rows": 263277,
                                                            "Actual Loops": 1
                                                        },
                                                        {
                                                            "Worker Number": 1,
                                                            "Actual Startup Time": 225.663,
                                                            "Actual Total Time": 449.552,
                                                            "Actual Rows": 274179,
                                                            "Actual Loops": 1
                                                        },
                                                        {
                                                            "Worker Number": 2,
                                                            "Actual Startup Time": 225.562,
                                                            "Actual Total Time": 446.935,
                                                            "Actual Rows": 260506,
                                                            "Actual Loops": 1
                                                        },
                                                        {
                                                            "Worker Number": 3,
                                                            "Actual Startup Time": 225.536,
                                                            "Actual Total Time": 447.613,
                                                            "Actual Rows": 257345,
                                                            "Actual Loops": 1
                                                        },
                                                        {
                                                            "Worker Number": 4,
                                                            "Actual Startup Time": 225.536,
                                                            "Actual Total Time": 447.32,
                                                            "Actual Rows": 255495,
                                                            "Actual Loops": 1
                                                        }
                                                    ],
                                                    "Plans": [
                                                        {
                                                            "Node Type": "Seq Scan",
                                                            "Parent Relationship": "Outer",
                                                            "Parallel Aware": true,
                                                            "Relation Name": "movie_keyword",
                                                            "Schema": "public",
                                                            "Alias": "mk",
                                                            "Startup Cost": 0.0,
                                                            "Total Cost": 42695.65,
                                                            "Plan Rows": 609198,
                                                            "Plan Width": 4,
                                                            "Actual Startup Time": 0.453,
                                                            "Actual Total Time": 121.553,
                                                            "Actual Rows": 312203,
                                                            "Actual Loops": 6,
                                                            "Output": [
                                                                "mk.id",
                                                                "mk.movie_id",
                                                                "mk.keyword_id"
                                                            ],
                                                            "Filter": "(mk.keyword_id > 7337)",
                                                            "Rows Removed by Filter": 441785,
                                                            "Workers": [
                                                                {
                                                                    "Worker Number": 0,
                                                                    "Actual Startup Time": 0.422,
                                                                    "Actual Total Time": 124.586,
                                                                    "Actual Rows": 309917,
                                                                    "Actual Loops": 1
                                                                },
                                                                {
                                                                    "Worker Number": 1,
                                                                    "Actual Startup Time": 0.543,
                                                                    "Actual Total Time": 124.873,
                                                                    "Actual Rows": 322657,
                                                                    "Actual Loops": 1
                                                                },
                                                                {
                                                                    "Worker Number": 2,
                                                                    "Actual Startup Time": 0.406,
                                                                    "Actual Total Time": 123.362,
                                                                    "Actual Rows": 307509,
                                                                    "Actual Loops": 1
                                                                },
                                                                {
                                                                    "Worker Number": 3,
                                                                    "Actual Startup Time": 0.39,
                                                                    "Actual Total Time": 123.619,
                                                                    "Actual Rows": 305896,
                                                                    "Actual Loops": 1
                                                                },
                                                                {
                                                                    "Worker Number": 4,
                                                                    "Actual Startup Time": 0.42,
                                                                    "Actual Total Time": 123.431,
                                                                    "Actual Rows": 299193,
                                                                    "Actual Loops": 1
                                                                }
                                                            ]
                                                        },
                                                        {
                                                            "Node Type": "Hash",
                                                            "Parent Relationship": "Inner",
                                                            "Parallel Aware": true,
                                                            "Startup Cost": 43899.01,
                                                            "Total Cost": 43899.01,
                                                            "Plan Rows": 248871,
                                                            "Plan Width": 4,
                                                            "Actual Startup Time": 222.875,
                                                            "Actual Total Time": 222.877,
                                                            "Actual Rows": 164175,
                                                            "Actual Loops": 6,
                                                            "Output": [
                                                                "t.id"
                                                            ],
                                                            "Hash Buckets": 1048576,
                                                            "Original Hash Buckets": 1048576,
                                                            "Hash Batches": 1,
                                                            "Original Hash Batches": 1,
                                                            "Peak Memory Usage": 46816,
                                                            "Workers": [
                                                                {
                                                                    "Worker Number": 0,
                                                                    "Actual Startup Time": 224.706,
                                                                    "Actual Total Time": 224.707,
                                                                    "Actual Rows": 167713,
                                                                    "Actual Loops": 1
                                                                },
                                                                {
                                                                    "Worker Number": 1,
                                                                    "Actual Startup Time": 224.776,
                                                                    "Actual Total Time": 224.777,
                                                                    "Actual Rows": 164990,
                                                                    "Actual Loops": 1
                                                                },
                                                                {
                                                                    "Worker Number": 2,
                                                                    "Actual Startup Time": 224.856,
                                                                    "Actual Total Time": 224.857,
                                                                    "Actual Rows": 164153,
                                                                    "Actual Loops": 1
                                                                },
                                                                {
                                                                    "Worker Number": 3,
                                                                    "Actual Startup Time": 224.75,
                                                                    "Actual Total Time": 224.751,
                                                                    "Actual Rows": 160610,
                                                                    "Actual Loops": 1
                                                                },
                                                                {
                                                                    "Worker Number": 4,
                                                                    "Actual Startup Time": 224.695,
                                                                    "Actual Total Time": 224.696,
                                                                    "Actual Rows": 146033,
                                                                    "Actual Loops": 1
                                                                }
                                                            ],
                                                            "Plans": [
                                                                {
                                                                    "Node Type": "Seq Scan",
                                                                    "Parent Relationship": "Outer",
                                                                    "Parallel Aware": true,
                                                                    "Relation Name": "title",
                                                                    "Schema": "public",
                                                                    "Alias": "t",
                                                                    "Startup Cost": 0.0,
                                                                    "Total Cost": 43899.01,
                                                                    "Plan Rows": 248871,
                                                                    "Plan Width": 4,
                                                                    "Actual Startup Time": 0.083,
                                                                    "Actual Total Time": 115.104,
                                                                    "Actual Rows": 164175,
                                                                    "Actual Loops": 6,
                                                                    "Output": [
                                                                        "t.id"
                                                                    ],
                                                                    "Filter": "(t.kind_id < 7)",
                                                                    "Rows Removed by Filter": 257211,
                                                                    "Workers": [
                                                                        {
                                                                            "Worker Number": 0,
                                                                            "Actual Startup Time": 0.129,
                                                                            "Actual Total Time": 118.81,
                                                                            "Actual Rows": 167713,
                                                                            "Actual Loops": 1
                                                                        },
                                                                        {
                                                                            "Worker Number": 1,
                                                                            "Actual Startup Time": 0.128,
                                                                            "Actual Total Time": 118.199,
                                                                            "Actual Rows": 164990,
                                                                            "Actual Loops": 1
                                                                        },
                                                                        {
                                                                            "Worker Number": 2,
                                                                            "Actual Startup Time": 0.069,
                                                                            "Actual Total Time": 117.04,
                                                                            "Actual Rows": 164153,
                                                                            "Actual Loops": 1
                                                                        },
                                                                        {
                                                                            "Worker Number": 3,
                                                                            "Actual Startup Time": 0.065,
                                                                            "Actual Total Time": 116.13,
                                                                            "Actual Rows": 160610,
                                                                            "Actual Loops": 1
                                                                        },
                                                                        {
                                                                            "Worker Number": 4,
                                                                            "Actual Startup Time": 0.078,
                                                                            "Actual Total Time": 115.325,
                                                                            "Actual Rows": 146033,
                                                                            "Actual Loops": 1
                                                                        }
                                                                    ]
                                                                }
                                                            ]
                                                        }
                                                    ]
                                                }
                                            ]
                                        }
                                    ]
                                }
                            ]
                        }
                    ]
                }
            ]
        },
        "Planning Time": 5135.651,
        "Triggers": [],
        "Execution Time": 3939.547
    }
]