[
  {
    "Plan": {
      "Node Type": "Aggregate",
      "Strategy": "Plain",
      "Partial Mode": "Finalize",
      "Parallel Aware": false,
      "Startup Cost": 271289.33,
      "Total Cost": 271289.34,
      "Plan Rows": 1,
      "Plan Width": 8,
      "Actual Startup Time": 2396.762,
      "Actual Total Time": 2443.621,
      "Actual Rows": 1,
      "Actual Loops": 1,
      "Plans": [
        {
          "Node Type": "Gather",
          "Parent Relationship": "Outer",
          "Parallel Aware": false,
          "Startup Cost": 271289.01,
          "Total Cost": 271289.32,
          "Plan Rows": 3,
          "Plan Width": 8,
          "Actual Startup Time": 2395.668,
          "Actual Total Time": 2443.613,
          "Actual Rows": 4,
          "Actual Loops": 1,
          "Workers Planned": 3,
          "Workers Launched": 3,
          "Single Copy": false,
          "Plans": [
            {
              "Node Type": "Aggregate",
              "Strategy": "Plain",
              "Partial Mode": "Partial",
              "Parent Relationship": "Outer",
              "Parallel Aware": false,
              "Startup Cost": 270289.01,
              "Total Cost": 270289.02,
              "Plan Rows": 1,
              "Plan Width": 8,
              "Actual Startup Time": 2386.456,
              "Actual Total Time": 2386.46,
              "Actual Rows": 1,
              "Actual Loops": 4,
              "Plans": [
                {
                  "Node Type": "Nested Loop",
                  "Parent Relationship": "Outer",
                  "Parallel Aware": false,
                  "Join Type": "Inner",
                  "Startup Cost": 46522.86,
                  "Total Cost": 268956.76,
                  "Plan Rows": 532899,
                  "Plan Width": 0,
                  "Actual Startup Time": 162.837,
                  "Actual Total Time": 2164.39,
                  "Actual Rows": 4511793,
                  "Actual Loops": 4,
                  "Inner Unique": false,
                  "Join Filter": "(t.id = mi.movie_id)",
                  "Rows Removed by Join Filter": 0,
                  "Plans": [
                    {
                      "Node Type": "Hash Join",
                      "Parent Relationship": "Outer",
                      "Parallel Aware": true,
                      "Join Type": "Inner",
                      "Startup Cost": 46522.42,
                      "Total Cost": 77644.76,
                      "Plan Rows": 91136,
                      "Plan Width": 8,
                      "Actual Startup Time": 162.739,
                      "Actual Total Time": 328.49,
                      "Actual Rows": 77146,
                      "Actual Loops": 4,
                      "Inner Unique": true,
                      "Hash Cond": "(mc.movie_id = t.id)",
                      "Plans": [
                        {
                          "Node Type": "Seq Scan",
                          "Parent Relationship": "Outer",
                          "Parallel Aware": true,
                          "Relation Name": "movie_companies",
                          "Alias": "mc",
                          "Startup Cost": 0.0,
                          "Total Cost": 29310.68,
                          "Plan Rows": 690154,
                          "Plan Width": 4,
                          "Actual Startup Time": 0.024,
                          "Actual Total Time": 82.953,
                          "Actual Rows": 533021,
                          "Actual Loops": 4,
                          "Filter": "(company_id < 75525)",
                          "Rows Removed by Filter": 119262
                        },
                        {
                          "Node Type": "Hash",
                          "Parent Relationship": "Inner",
                          "Parallel Aware": true,
                          "Startup Cost": 45479.1,
                          "Total Cost": 45479.1,
                          "Plan Rows": 83466,
                          "Plan Width": 4,
                          "Actual Startup Time": 128.945,
                          "Actual Total Time": 128.945,
                          "Actual Rows": 63893,
                          "Actual Loops": 4,
                          "Hash Buckets": 524288,
                          "Original Hash Buckets": 524288,
                          "Hash Batches": 1,
                          "Original Hash Batches": 1,
                          "Peak Memory Usage": 14208,
                          "Plans": [
                            {
                              "Node Type": "Seq Scan",
                              "Parent Relationship": "Outer",
                              "Parallel Aware": true,
                              "Relation Name": "title",
                              "Alias": "t",
                              "Startup Cost": 0.0,
                              "Total Cost": 45479.1,
                              "Plan Rows": 83466,
                              "Plan Width": 4,
                              "Actual Startup Time": 49.925,
                              "Actual Total Time": 107.296,
                              "Actual Rows": 63893,
                              "Actual Loops": 4,
                              "Filter": "((production_year > 2002) AND (kind_id = 1))",
                              "Rows Removed by Filter": 568185
                            }
                          ]
                        }
                      ]
                    },
                    {
                      "Node Type": "Index Only Scan",
                      "Parent Relationship": "Inner",
                      "Parallel Aware": false,
                      "Scan Direction": "Forward",
                      "Index Name": "movie_id_movie_info",
                      "Relation Name": "movie_info",
                      "Alias": "mi",
                      "Startup Cost": 0.43,
                      "Total Cost": 1.57,
                      "Plan Rows": 42,
                      "Plan Width": 4,
                      "Actual Startup Time": 0.004,
                      "Actual Total Time": 0.018,
                      "Actual Rows": 58,
                      "Actual Loops": 308586,
                      "Index Cond": "(movie_id = mc.movie_id)",
                      "Rows Removed by Index Recheck": 0,
                      "Heap Fetches": 18047172
                    }
                  ]
                }
              ]
            }
          ]
        }
      ]
    },
    "Planning Time": 1.445,
    "Triggers": [],
    "Execution Time": 2443.724
  }
]