[
    {
        "Bao": {
            "Bao prediction": "NaN",
            "Bao recommended hint": "(no hint)"
        }
    },
    {
        "Plan": {
            "Node Type": "Aggregate",
            "Strategy": "Plain",
            "Partial Mode": "Finalize",
            "Parallel Aware": false,
            "Startup Cost": 341391.13,
            "Total Cost": 341391.14,
            "Plan Rows": 1,
            "Plan Width": 8,
            "Actual Startup Time": 801.264,
            "Actual Total Time": 829.771,
            "Actual Rows": 1,
            "Actual Loops": 1,
            "Output": [
                "count(*)"
            ],
            "Plans": [
                {
                    "Node Type": "Gather",
                    "Parent Relationship": "Outer",
                    "Parallel Aware": false,
                    "Startup Cost": 341390.51,
                    "Total Cost": 341391.12,
                    "Plan Rows": 6,
                    "Plan Width": 8,
                    "Actual Startup Time": 801.151,
                    "Actual Total Time": 829.763,
                    "Actual Rows": 7,
                    "Actual Loops": 1,
                    "Output": [
                        "(PARTIAL count(*))"
                    ],
                    "Workers Planned": 6,
                    "Workers Launched": 6,
                    "Single Copy": false,
                    "Plans": [
                        {
                            "Node Type": "Aggregate",
                            "Strategy": "Plain",
                            "Partial Mode": "Partial",
                            "Parent Relationship": "Outer",
                            "Parallel Aware": false,
                            "Startup Cost": 340390.51,
                            "Total Cost": 340390.52,
                            "Plan Rows": 1,
                            "Plan Width": 8,
                            "Actual Startup Time": 791.273,
                            "Actual Total Time": 791.274,
                            "Actual Rows": 1,
                            "Actual Loops": 7,
                            "Output": [
                                "PARTIAL count(*)"
                            ],
                            "Workers": [
                                {
                                    "Worker Number": 0,
                                    "Actual Startup Time": 788.89,
                                    "Actual Total Time": 788.891,
                                    "Actual Rows": 1,
                                    "Actual Loops": 1
                                },
                                {
                                    "Worker Number": 1,
                                    "Actual Startup Time": 789.309,
                                    "Actual Total Time": 789.31,
                                    "Actual Rows": 1,
                                    "Actual Loops": 1
                                },
                                {
                                    "Worker Number": 2,
                                    "Actual Startup Time": 789.689,
                                    "Actual Total Time": 789.69,
                                    "Actual Rows": 1,
                                    "Actual Loops": 1
                                },
                                {
                                    "Worker Number": 3,
                                    "Actual Startup Time": 789.413,
                                    "Actual Total Time": 789.414,
                                    "Actual Rows": 1,
                                    "Actual Loops": 1
                                },
                                {
                                    "Worker Number": 4,
                                    "Actual Startup Time": 790.107,
                                    "Actual Total Time": 790.108,
                                    "Actual Rows": 1,
                                    "Actual Loops": 1
                                },
                                {
                                    "Worker Number": 5,
                                    "Actual Startup Time": 790.727,
                                    "Actual Total Time": 790.728,
                                    "Actual Rows": 1,
                                    "Actual Loops": 1
                                }
                            ],
                            "Plans": [
                                {
                                    "Node Type": "Seq Scan",
                                    "Parent Relationship": "Outer",
                                    "Parallel Aware": true,
                                    "Relation Name": "cast_info",
                                    "Schema": "public",
                                    "Alias": "ci",
                                    "Startup Cost": 0.0,
                                    "Total Cost": 328213.62,
                                    "Plan Rows": 4870757,
                                    "Plan Width": 0,
                                    "Actual Startup Time": 0.055,
                                    "Actual Total Time": 597.862,
                                    "Actual Rows": 4180673,
                                    "Actual Loops": 7,
                                    "Output": [
                                        "id",
                                        "person_id",
                                        "movie_id",
                                        "person_role_id",
                                        "note",
                                        "nr_order",
                                        "role_id"
                                    ],
                                    "Filter": "(ci.person_id < 2967421)",
                                    "Rows Removed by Filter": 997090,
                                    "Workers": [
                                        {
                                            "Worker Number": 0,
                                            "Actual Startup Time": 0.07,
                                            "Actual Total Time": 595.587,
                                            "Actual Rows": 2890068,
                                            "Actual Loops": 1
                                        },
                                        {
                                            "Worker Number": 1,
                                            "Actual Startup Time": 0.059,
                                            "Actual Total Time": 601.729,
                                            "Actual Rows": 4495810,
                                            "Actual Loops": 1
                                        },
                                        {
                                            "Worker Number": 2,
                                            "Actual Startup Time": 0.061,
                                            "Actual Total Time": 600.042,
                                            "Actual Rows": 4504510,
                                            "Actual Loops": 1
                                        },
                                        {
                                            "Worker Number": 3,
                                            "Actual Startup Time": 0.06,
                                            "Actual Total Time": 604.672,
                                            "Actual Rows": 4314837,
                                            "Actual Loops": 1
                                        },
                                        {
                                            "Worker Number": 4,
                                            "Actual Startup Time": 0.063,
                                            "Actual Total Time": 604.915,
                                            "Actual Rows": 4324411,
                                            "Actual Loops": 1
                                        },
                                        {
                                            "Worker Number": 5,
                                            "Actual Startup Time": 0.061,
                                            "Actual Total Time": 596.05,
                                            "Actual Rows": 2906364,
                                            "Actual Loops": 1
                                        }
                                    ]
                                }
                            ]
                        }
                    ]
                }
            ]
        },
        "Planning Time": 178.208,
        "Triggers": [],
        "Execution Time": 829.827
    }
]