[
  {
    "Plan": {
      "Node Type": "Aggregate",
      "Strategy": "Plain",
      "Partial Mode": "Finalize",
      "Parallel Aware": false,
      "Startup Cost": 75908.56,
      "Total Cost": 75908.57,
      "Plan Rows": 1,
      "Plan Width": 8,
      "Actual Startup Time": 108.955,
      "Actual Total Time": 129.652,
      "Actual Rows": 1,
      "Actual Loops": 1,
      "Plans": [
        {
          "Node Type": "Gather",
          "Parent Relationship": "Outer",
          "Parallel Aware": false,
          "Startup Cost": 75908.24,
          "Total Cost": 75908.55,
          "Plan Rows": 3,
          "Plan Width": 8,
          "Actual Startup Time": 108.425,
          "Actual Total Time": 129.644,
          "Actual Rows": 4,
          "Actual Loops": 1,
          "Workers Planned": 3,
          "Workers Launched": 3,
          "Single Copy": false,
          "Plans": [
            {
              "Node Type": "Aggregate",
              "Strategy": "Plain",
              "Partial Mode": "Partial",
              "Parent Relationship": "Outer",
              "Parallel Aware": false,
              "Startup Cost": 74908.24,
              "Total Cost": 74908.25,
              "Plan Rows": 1,
              "Plan Width": 8,
              "Actual Startup Time": 98.953,
              "Actual Total Time": 98.955,
              "Actual Rows": 1,
              "Actual Loops": 4,
              "Plans": [
                {
                  "Node Type": "Nested Loop",
                  "Parent Relationship": "Outer",
                  "Parallel Aware": false,
                  "Join Type": "Inner",
                  "Startup Cost": 623.9,
                  "Total Cost": 74903.13,
                  "Plan Rows": 2045,
                  "Plan Width": 0,
                  "Actual Startup Time": 13.314,
                  "Actual Total Time": 98.778,
                  "Actual Rows": 1525,
                  "Actual Loops": 4,
                  "Inner Unique": false,
                  "Plans": [
                    {
                      "Node Type": "Nested Loop",
                      "Parent Relationship": "Outer",
                      "Parallel Aware": false,
                      "Join Type": "Inner",
                      "Startup Cost": 623.33,
                      "Total Cost": 69124.99,
                      "Plan Rows": 480,
                      "Plan Width": 8,
                      "Actual Startup Time": 8.39,
                      "Actual Total Time": 68.092,
                      "Actual Rows": 164,
                      "Actual Loops": 4,
                      "Inner Unique": true,
                      "Plans": [
                        {
                          "Node Type": "Bitmap Heap Scan",
                          "Parent Relationship": "Outer",
                          "Parallel Aware": true,
                          "Relation Name": "movie_keyword",
                          "Alias": "mk",
                          "Startup Cost": 622.9,
                          "Total Cost": 26447.71,
                          "Plan Rows": 9426,
                          "Plan Width": 4,
                          "Actual Startup Time": 5.758,
                          "Actual Total Time": 17.648,
                          "Actual Rows": 6187,
                          "Actual Loops": 4,
                          "Recheck Cond": "(keyword_id < 18)",
                          "Rows Removed by Index Recheck": 0,
                          "Exact Heap Blocks": 5304,
                          "Lossy Heap Blocks": 0,
                          "Plans": [
                            {
                              "Node Type": "Bitmap Index Scan",
                              "Parent Relationship": "Outer",
                              "Parallel Aware": false,
                              "Index Name": "keyword_id_movie_keyword",
                              "Startup Cost": 0.0,
                              "Total Cost": 615.6,
                              "Plan Rows": 29222,
                              "Plan Width": 0,
                              "Actual Startup Time": 10.849,
                              "Actual Total Time": 10.849,
                              "Actual Rows": 24747,
                              "Actual Loops": 1,
                              "Index Cond": "(keyword_id < 18)"
                            }
                          ]
                        },
                        {
                          "Node Type": "Index Scan",
                          "Parent Relationship": "Inner",
                          "Parallel Aware": false,
                          "Scan Direction": "Forward",
                          "Index Name": "title_pkey",
                          "Relation Name": "title",
                          "Alias": "t",
                          "Startup Cost": 0.43,
                          "Total Cost": 4.53,
                          "Plan Rows": 1,
                          "Plan Width": 4,
                          "Actual Startup Time": 0.008,
                          "Actual Total Time": 0.008,
                          "Actual Rows": 0,
                          "Actual Loops": 24747,
                          "Index Cond": "(id = mk.movie_id)",
                          "Rows Removed by Index Recheck": 0,
                          "Filter": "(production_year = 2009)",
                          "Rows Removed by Filter": 1
                        }
                      ]
                    },
                    {
                      "Node Type": "Index Scan",
                      "Parent Relationship": "Inner",
                      "Parallel Aware": false,
                      "Scan Direction": "Forward",
                      "Index Name": "movie_id_cast_info",
                      "Relation Name": "cast_info",
                      "Alias": "ci",
                      "Startup Cost": 0.56,
                      "Total Cost": 11.93,
                      "Plan Rows": 11,
                      "Plan Width": 4,
                      "Actual Startup Time": 0.041,
                      "Actual Total Time": 0.186,
                      "Actual Rows": 9,
                      "Actual Loops": 655,
                      "Index Cond": "(movie_id = t.id)",
                      "Rows Removed by Index Recheck": 0,
                      "Filter": "((person_id > 493359) AND (role_id = 1))",
                      "Rows Removed by Filter": 31
                    }
                  ]
                }
              ]
            }
          ]
        }
      ]
    },
    "Planning Time": 1.631,
    "Triggers": [],
    "Execution Time": 129.764
  }
]