[
  {
    "Plan": {
      "Node Type": "Aggregate",
      "Strategy": "Plain",
      "Partial Mode": "Finalize",
      "Parallel Aware": false,
      "Startup Cost": 308032.15,
      "Total Cost": 308032.16,
      "Plan Rows": 1,
      "Plan Width": 8,
      "Actual Startup Time": 4194.846,
      "Actual Total Time": 4235.874,
      "Actual Rows": 1,
      "Actual Loops": 1,
      "Plans": [
        {
          "Node Type": "Gather",
          "Parent Relationship": "Outer",
          "Parallel Aware": false,
          "Startup Cost": 308031.63,
          "Total Cost": 308032.14,
          "Plan Rows": 5,
          "Plan Width": 8,
          "Actual Startup Time": 4175.356,
          "Actual Total Time": 4235.862,
          "Actual Rows": 6,
          "Actual Loops": 1,
          "Workers Planned": 5,
          "Workers Launched": 5,
          "Single Copy": false,
          "Plans": [
            {
              "Node Type": "Aggregate",
              "Strategy": "Plain",
              "Partial Mode": "Partial",
              "Parent Relationship": "Outer",
              "Parallel Aware": false,
              "Startup Cost": 307031.63,
              "Total Cost": 307031.64,
              "Plan Rows": 1,
              "Plan Width": 8,
              "Actual Startup Time": 4165.426,
              "Actual Total Time": 4166.045,
              "Actual Rows": 1,
              "Actual Loops": 6,
              "Plans": [
                {
                  "Node Type": "Hash Join",
                  "Parent Relationship": "Outer",
                  "Parallel Aware": true,
                  "Join Type": "Inner",
                  "Startup Cost": 96648.02,
                  "Total Cost": 305336.69,
                  "Plan Rows": 677975,
                  "Plan Width": 0,
                  "Actual Startup Time": 611.392,
                  "Actual Total Time": 3068.597,
                  "Actual Rows": 22620655,
                  "Actual Loops": 6,
                  "Inner Unique": false,
                  "Hash Cond": "(mi.movie_id = t.id)",
                  "Plans": [
                    {
                      "Node Type": "Seq Scan",
                      "Parent Relationship": "Outer",
                      "Parallel Aware": true,
                      "Relation Name": "movie_info",
                      "Alias": "mi",
                      "Startup Cost": 0.0,
                      "Total Cost": 199108.24,
                      "Plan Rows": 1971577,
                      "Plan Width": 4,
                      "Actual Startup Time": 19.675,
                      "Actual Total Time": 364.334,
                      "Actual Rows": 1651959,
                      "Actual Loops": 6,
                      "Filter": "(info_type_id > 4)",
                      "Rows Removed by Filter": 820661
                    },
                    {
                      "Node Type": "Hash",
                      "Parent Relationship": "Inner",
                      "Parallel Aware": true,
                      "Startup Cost": 93142.13,
                      "Total Cost": 93142.13,
                      "Plan Rows": 280471,
                      "Plan Width": 8,
                      "Actual Startup Time": 589.411,
                      "Actual Total Time": 590.029,
                      "Actual Rows": 401582,
                      "Actual Loops": 6,
                      "Hash Buckets": 4194304,
                      "Original Hash Buckets": 1048576,
                      "Hash Batches": 1,
                      "Original Hash Batches": 1,
                      "Peak Memory Usage": 151680,
                      "Plans": [
                        {
                          "Node Type": "Hash Join",
                          "Parent Relationship": "Outer",
                          "Parallel Aware": true,
                          "Join Type": "Inner",
                          "Startup Cost": 47371.19,
                          "Total Cost": 93142.13,
                          "Plan Rows": 280471,
                          "Plan Width": 8,
                          "Actual Startup Time": 150.297,
                          "Actual Total Time": 366.461,
                          "Actual Rows": 401582,
                          "Actual Loops": 6,
                          "Inner Unique": true,
                          "Hash Cond": "(mk.movie_id = t.id)",
                          "Plans": [
                            {
                              "Node Type": "Seq Scan",
                              "Parent Relationship": "Outer",
                              "Parallel Aware": true,
                              "Relation Name": "movie_keyword",
                              "Alias": "mk",
                              "Startup Cost": 0.0,
                              "Total Cost": 42695.65,
                              "Plan Rows": 1171539,
                              "Plan Width": 4,
                              "Actual Startup Time": 0.068,
                              "Actual Total Time": 104.815,
                              "Actual Rows": 603755,
                              "Actual Loops": 6,
                              "Filter": "(keyword_id > 851)",
                              "Rows Removed by Filter": 150234
                            },
                            {
                              "Node Type": "Hash",
                              "Parent Relationship": "Inner",
                              "Parallel Aware": true,
                              "Startup Cost": 45479.59,
                              "Total Cost": 45479.59,
                              "Plan Rows": 151328,
                              "Plan Width": 4,
                              "Actual Startup Time": 149.033,
                              "Actual Total Time": 149.034,
                              "Actual Rows": 112615,
                              "Actual Loops": 6,
                              "Hash Buckets": 1048576,
                              "Original Hash Buckets": 1048576,
                              "Hash Batches": 1,
                              "Original Hash Batches": 1,
                              "Peak Memory Usage": 34688,
                              "Plans": [
                                {
                                  "Node Type": "Seq Scan",
                                  "Parent Relationship": "Outer",
                                  "Parallel Aware": true,
                                  "Relation Name": "title",
                                  "Alias": "t",
                                  "Startup Cost": 0.0,
                                  "Total Cost": 45479.59,
                                  "Plan Rows": 151328,
                                  "Plan Width": 4,
                                  "Actual Startup Time": 0.067,
                                  "Actual Total Time": 93.32,
                                  "Actual Rows": 112615,
                                  "Actual Loops": 6,
                                  "Filter": "((kind_id < 7) AND (production_year < 2007))",
                                  "Rows Removed by Filter": 308770
                                }
                              ]
                            }
                          ]
                        }
                      ]
                    }
                  ]
                }
              ]
            }
          ]
        }
      ]
    },
    "Planning Time": 0.454,
    "Triggers": [],
    "Execution Time": 4235.922
  }
]