[
  {
    "Plan": {
      "Node Type": "Aggregate",
      "Strategy": "Plain",
      "Partial Mode": "Finalize",
      "Parallel Aware": false,
      "Startup Cost": 307969.72,
      "Total Cost": 307969.73,
      "Plan Rows": 1,
      "Plan Width": 8,
      "Actual Startup Time": 4021.885,
      "Actual Total Time": 4064.476,
      "Actual Rows": 1,
      "Actual Loops": 1,
      "Plans": [
        {
          "Node Type": "Gather",
          "Parent Relationship": "Outer",
          "Parallel Aware": false,
          "Startup Cost": 307969.19,
          "Total Cost": 307969.7,
          "Plan Rows": 5,
          "Plan Width": 8,
          "Actual Startup Time": 3997.502,
          "Actual Total Time": 4064.464,
          "Actual Rows": 6,
          "Actual Loops": 1,
          "Workers Planned": 5,
          "Workers Launched": 5,
          "Single Copy": false,
          "Plans": [
            {
              "Node Type": "Aggregate",
              "Strategy": "Plain",
              "Partial Mode": "Partial",
              "Parent Relationship": "Outer",
              "Parallel Aware": false,
              "Startup Cost": 306969.19,
              "Total Cost": 306969.2,
              "Plan Rows": 1,
              "Plan Width": 8,
              "Actual Startup Time": 3987.281,
              "Actual Total Time": 3988.054,
              "Actual Rows": 1,
              "Actual Loops": 6,
              "Plans": [
                {
                  "Node Type": "Hash Join",
                  "Parent Relationship": "Outer",
                  "Parallel Aware": true,
                  "Join Type": "Inner",
                  "Startup Cost": 96666.06,
                  "Total Cost": 305259.44,
                  "Plan Rows": 683903,
                  "Plan Width": 0,
                  "Actual Startup Time": 571.158,
                  "Actual Total Time": 2973.362,
                  "Actual Rows": 22620655,
                  "Actual Loops": 6,
                  "Inner Unique": false,
                  "Hash Cond": "(mi.movie_id = t.id)",
                  "Plans": [
                    {
                      "Node Type": "Seq Scan",
                      "Parent Relationship": "Outer",
                      "Parallel Aware": true,
                      "Relation Name": "movie_info",
                      "Alias": "mi",
                      "Startup Cost": 0.0,
                      "Total Cost": 198952.16,
                      "Plan Rows": 1982687,
                      "Plan Width": 4,
                      "Actual Startup Time": 18.777,
                      "Actual Total Time": 354.112,
                      "Actual Rows": 1651959,
                      "Actual Loops": 6,
                      "Filter": "(info_type_id > 4)",
                      "Rows Removed by Filter": 820661
                    },
                    {
                      "Node Type": "Hash",
                      "Parent Relationship": "Inner",
                      "Parallel Aware": true,
                      "Startup Cost": 93149.51,
                      "Total Cost": 93149.51,
                      "Plan Rows": 281324,
                      "Plan Width": 8,
                      "Actual Startup Time": 548.574,
                      "Actual Total Time": 549.346,
                      "Actual Rows": 401582,
                      "Actual Loops": 6,
                      "Hash Buckets": 4194304,
                      "Original Hash Buckets": 1048576,
                      "Hash Batches": 1,
                      "Original Hash Batches": 1,
                      "Peak Memory Usage": 151680,
                      "Plans": [
                        {
                          "Node Type": "Hash Join",
                          "Parent Relationship": "Outer",
                          "Parallel Aware": true,
                          "Join Type": "Inner",
                          "Startup Cost": 47372.82,
                          "Total Cost": 93149.51,
                          "Plan Rows": 281324,
                          "Plan Width": 8,
                          "Actual Startup Time": 153.544,
                          "Actual Total Time": 358.202,
                          "Actual Rows": 401582,
                          "Actual Loops": 6,
                          "Inner Unique": true,
                          "Hash Cond": "(mk.movie_id = t.id)",
                          "Plans": [
                            {
                              "Node Type": "Seq Scan",
                              "Parent Relationship": "Outer",
                              "Parallel Aware": true,
                              "Relation Name": "movie_keyword",
                              "Alias": "mk",
                              "Startup Cost": 0.0,
                              "Total Cost": 42695.65,
                              "Plan Rows": 1173726,
                              "Plan Width": 4,
                              "Actual Startup Time": 0.059,
                              "Actual Total Time": 98.837,
                              "Actual Rows": 603755,
                              "Actual Loops": 6,
                              "Filter": "(keyword_id > 851)",
                              "Rows Removed by Filter": 150234
                            },
                            {
                              "Node Type": "Hash",
                              "Parent Relationship": "Inner",
                              "Parallel Aware": true,
                              "Startup Cost": 45479.1,
                              "Total Cost": 45479.1,
                              "Plan Rows": 151498,
                              "Plan Width": 4,
                              "Actual Startup Time": 151.701,
                              "Actual Total Time": 151.702,
                              "Actual Rows": 112615,
                              "Actual Loops": 6,
                              "Hash Buckets": 1048576,
                              "Original Hash Buckets": 1048576,
                              "Hash Batches": 1,
                              "Original Hash Batches": 1,
                              "Peak Memory Usage": 34752,
                              "Plans": [
                                {
                                  "Node Type": "Seq Scan",
                                  "Parent Relationship": "Outer",
                                  "Parallel Aware": true,
                                  "Relation Name": "title",
                                  "Alias": "t",
                                  "Startup Cost": 0.0,
                                  "Total Cost": 45479.1,
                                  "Plan Rows": 151498,
                                  "Plan Width": 4,
                                  "Actual Startup Time": 0.045,
                                  "Actual Total Time": 92.725,
                                  "Actual Rows": 112615,
                                  "Actual Loops": 6,
                                  "Filter": "((kind_id < 7) AND (production_year < 2007))",
                                  "Rows Removed by Filter": 308770
                                }
                              ]
                            }
                          ]
                        }
                      ]
                    }
                  ]
                }
              ]
            }
          ]
        }
      ]
    },
    "Planning Time": 1.417,
    "Triggers": [],
    "Execution Time": 4064.574
  }
]