[
  {
    "Plan": {
      "Node Type": "Aggregate",
      "Strategy": "Plain",
      "Partial Mode": "Finalize",
      "Parallel Aware": false,
      "Startup Cost": 59870.67,
      "Total Cost": 59870.68,
      "Plan Rows": 1,
      "Plan Width": 8,
      "Actual Startup Time": 108.762,
      "Actual Total Time": 123.1,
      "Actual Rows": 1,
      "Actual Loops": 1,
      "Plans": [
        {
          "Node Type": "Gather",
          "Parent Relationship": "Outer",
          "Parallel Aware": false,
          "Startup Cost": 59870.25,
          "Total Cost": 59870.66,
          "Plan Rows": 4,
          "Plan Width": 8,
          "Actual Startup Time": 108.626,
          "Actual Total Time": 123.092,
          "Actual Rows": 5,
          "Actual Loops": 1,
          "Workers Planned": 4,
          "Workers Launched": 4,
          "Single Copy": false,
          "Plans": [
            {
              "Node Type": "Aggregate",
              "Strategy": "Plain",
              "Partial Mode": "Partial",
              "Parent Relationship": "Outer",
              "Parallel Aware": false,
              "Startup Cost": 58870.25,
              "Total Cost": 58870.26,
              "Plan Rows": 1,
              "Plan Width": 8,
              "Actual Startup Time": 99.069,
              "Actual Total Time": 99.07,
              "Actual Rows": 1,
              "Actual Loops": 5,
              "Plans": [
                {
                  "Node Type": "Nested Loop",
                  "Parent Relationship": "Outer",
                  "Parallel Aware": false,
                  "Join Type": "Inner",
                  "Startup Cost": 0.43,
                  "Total Cost": 58869.05,
                  "Plan Rows": 482,
                  "Plan Width": 0,
                  "Actual Startup Time": 1.725,
                  "Actual Total Time": 98.944,
                  "Actual Rows": 835,
                  "Actual Loops": 5,
                  "Inner Unique": false,
                  "Plans": [
                    {
                      "Node Type": "Seq Scan",
                      "Parent Relationship": "Outer",
                      "Parallel Aware": true,
                      "Relation Name": "title",
                      "Alias": "t",
                      "Startup Cost": 0.0,
                      "Total Cost": 45479.1,
                      "Plan Rows": 2644,
                      "Plan Width": 4,
                      "Actual Startup Time": 0.833,
                      "Actual Total Time": 84.418,
                      "Actual Rows": 2039,
                      "Actual Loops": 5,
                      "Filter": "((kind_id < 7) AND (production_year = 1992))",
                      "Rows Removed by Filter": 503623
                    },
                    {
                      "Node Type": "Index Scan",
                      "Parent Relationship": "Inner",
                      "Parallel Aware": false,
                      "Scan Direction": "Forward",
                      "Index Name": "movie_id_movie_info_idx",
                      "Relation Name": "movie_info_idx",
                      "Alias": "mi_idx",
                      "Startup Cost": 0.43,
                      "Total Cost": 5.05,
                      "Plan Rows": 1,
                      "Plan Width": 4,
                      "Actual Startup Time": 0.007,
                      "Actual Total Time": 0.007,
                      "Actual Rows": 0,
                      "Actual Loops": 10197,
                      "Index Cond": "(movie_id = t.id)",
                      "Rows Removed by Index Recheck": 0,
                      "Filter": "(info_type_id > 100)",
                      "Rows Removed by Filter": 1
                    }
                  ]
                }
              ]
            }
          ]
        }
      ]
    },
    "Planning Time": 0.71,
    "Triggers": [],
    "Execution Time": 123.174
  }
]