[
  {
    "Plan": {
      "Node Type": "Aggregate",
      "Strategy": "Plain",
      "Partial Mode": "Finalize",
      "Parallel Aware": false,
      "Startup Cost": 110235.83,
      "Total Cost": 110235.84,
      "Plan Rows": 1,
      "Plan Width": 8,
      "Actual Startup Time": 111.066,
      "Actual Total Time": 128.967,
      "Actual Rows": 1,
      "Actual Loops": 1,
      "Plans": [
        {
          "Node Type": "Gather",
          "Parent Relationship": "Outer",
          "Parallel Aware": false,
          "Startup Cost": 110235.41,
          "Total Cost": 110235.82,
          "Plan Rows": 4,
          "Plan Width": 8,
          "Actual Startup Time": 110.905,
          "Actual Total Time": 128.955,
          "Actual Rows": 5,
          "Actual Loops": 1,
          "Workers Planned": 4,
          "Workers Launched": 4,
          "Single Copy": false,
          "Plans": [
            {
              "Node Type": "Aggregate",
              "Strategy": "Plain",
              "Partial Mode": "Partial",
              "Parent Relationship": "Outer",
              "Parallel Aware": false,
              "Startup Cost": 109235.41,
              "Total Cost": 109235.42,
              "Plan Rows": 1,
              "Plan Width": 8,
              "Actual Startup Time": 105.155,
              "Actual Total Time": 105.157,
              "Actual Rows": 1,
              "Actual Loops": 5,
              "Plans": [
                {
                  "Node Type": "Nested Loop",
                  "Parent Relationship": "Outer",
                  "Parallel Aware": false,
                  "Join Type": "Inner",
                  "Startup Cost": 0.43,
                  "Total Cost": 109235.33,
                  "Plan Rows": 34,
                  "Plan Width": 0,
                  "Actual Startup Time": 55.132,
                  "Actual Total Time": 105.133,
                  "Actual Rows": 146,
                  "Actual Loops": 5,
                  "Inner Unique": false,
                  "Plans": [
                    {
                      "Node Type": "Seq Scan",
                      "Parent Relationship": "Outer",
                      "Parallel Aware": true,
                      "Relation Name": "title",
                      "Alias": "t",
                      "Startup Cost": 0.0,
                      "Total Cost": 45479.59,
                      "Plan Rows": 468,
                      "Plan Width": 4,
                      "Actual Startup Time": 54.164,
                      "Actual Total Time": 79.284,
                      "Actual Rows": 547,
                      "Actual Loops": 5,
                      "Filter": "((kind_id = 1) AND (production_year = 1953))",
                      "Rows Removed by Filter": 505115
                    },
                    {
                      "Node Type": "Index Scan",
                      "Parent Relationship": "Inner",
                      "Parallel Aware": false,
                      "Scan Direction": "Forward",
                      "Index Name": "movie_id_movie_info",
                      "Relation Name": "movie_info",
                      "Alias": "mi",
                      "Startup Cost": 0.43,
                      "Total Cost": 136.22,
                      "Plan Rows": 1,
                      "Plan Width": 4,
                      "Actual Startup Time": 0.044,
                      "Actual Total Time": 0.047,
                      "Actual Rows": 0,
                      "Actual Loops": 2736,
                      "Index Cond": "(movie_id = t.id)",
                      "Rows Removed by Index Recheck": 0,
                      "Filter": "(info_type_id = 13)",
                      "Rows Removed by Filter": 14
                    }
                  ]
                }
              ]
            }
          ]
        }
      ]
    },
    "Planning Time": 0.362,
    "Triggers": [],
    "Execution Time": 129.012
  }
]