[
    {
        "Bao": {
            "Bao prediction": 450.211,
            "Bao recommended hint": "(no hint)"
        }
    },
    {
        "Plan": {
            "Node Type": "Aggregate",
            "Strategy": "Plain",
            "Partial Mode": "Finalize",
            "Parallel Aware": false,
            "Startup Cost": 33084.75,
            "Total Cost": 33084.76,
            "Plan Rows": 1,
            "Plan Width": 8,
            "Actual Startup Time": 104.039,
            "Actual Total Time": 108.894,
            "Actual Rows": 1,
            "Actual Loops": 1,
            "Output": [
                "count(*)"
            ],
            "Plans": [
                {
                    "Node Type": "Gather",
                    "Parent Relationship": "Outer",
                    "Parallel Aware": false,
                    "Startup Cost": 33084.43,
                    "Total Cost": 33084.74,
                    "Plan Rows": 3,
                    "Plan Width": 8,
                    "Actual Startup Time": 103.938,
                    "Actual Total Time": 108.887,
                    "Actual Rows": 4,
                    "Actual Loops": 1,
                    "Output": [
                        "(PARTIAL count(*))"
                    ],
                    "Workers Planned": 3,
                    "Workers Launched": 3,
                    "Single Copy": false,
                    "Plans": [
                        {
                            "Node Type": "Aggregate",
                            "Strategy": "Plain",
                            "Partial Mode": "Partial",
                            "Parent Relationship": "Outer",
                            "Parallel Aware": false,
                            "Startup Cost": 32084.43,
                            "Total Cost": 32084.44,
                            "Plan Rows": 1,
                            "Plan Width": 8,
                            "Actual Startup Time": 96.167,
                            "Actual Total Time": 96.168,
                            "Actual Rows": 1,
                            "Actual Loops": 4,
                            "Output": [
                                "PARTIAL count(*)"
                            ],
                            "Workers": [
                                {
                                    "Worker Number": 0,
                                    "Actual Startup Time": 93.574,
                                    "Actual Total Time": 93.575,
                                    "Actual Rows": 1,
                                    "Actual Loops": 1
                                },
                                {
                                    "Worker Number": 1,
                                    "Actual Startup Time": 93.83,
                                    "Actual Total Time": 93.831,
                                    "Actual Rows": 1,
                                    "Actual Loops": 1
                                },
                                {
                                    "Worker Number": 2,
                                    "Actual Startup Time": 93.927,
                                    "Actual Total Time": 93.928,
                                    "Actual Rows": 1,
                                    "Actual Loops": 1
                                }
                            ],
                            "Plans": [
                                {
                                    "Node Type": "Seq Scan",
                                    "Parent Relationship": "Outer",
                                    "Parallel Aware": true,
                                    "Relation Name": "movie_companies",
                                    "Schema": "public",
                                    "Alias": "mc",
                                    "Startup Cost": 0.0,
                                    "Total Cost": 31414.82,
                                    "Plan Rows": 267845,
                                    "Plan Width": 0,
                                    "Actual Startup Time": 47.771,
                                    "Actual Total Time": 84.424,
                                    "Actual Rows": 260696,
                                    "Actual Loops": 4,
                                    "Output": [
                                        "id",
                                        "movie_id",
                                        "company_id",
                                        "company_type_id",
                                        "note"
                                    ],
                                    "Filter": "((mc.company_id > 4380) AND (mc.company_type_id > 1))",
                                    "Rows Removed by Filter": 391586,
                                    "Workers": [
                                        {
                                            "Worker Number": 0,
                                            "Actual Startup Time": 45.183,
                                            "Actual Total Time": 82.22,
                                            "Actual Rows": 281176,
                                            "Actual Loops": 1
                                        },
                                        {
                                            "Worker Number": 1,
                                            "Actual Startup Time": 45.445,
                                            "Actual Total Time": 82.35,
                                            "Actual Rows": 270328,
                                            "Actual Loops": 1
                                        },
                                        {
                                            "Worker Number": 2,
                                            "Actual Startup Time": 45.514,
                                            "Actual Total Time": 82.478,
                                            "Actual Rows": 174177,
                                            "Actual Loops": 1
                                        }
                                    ]
                                }
                            ]
                        }
                    ]
                }
            ]
        },
        "Planning Time": 1389.487,
        "Triggers": [],
        "Execution Time": 108.982
    }
]