[
  {
    "Plan": {
      "Node Type": "Aggregate",
      "Strategy": "Plain",
      "Partial Mode": "Finalize",
      "Parallel Aware": false,
      "Startup Cost": 637683.04,
      "Total Cost": 637683.05,
      "Plan Rows": 1,
      "Plan Width": 8,
      "Actual Startup Time": 6379.865,
      "Actual Total Time": 6463.983,
      "Actual Rows": 1,
      "Actual Loops": 1,
      "Plans": [
        {
          "Node Type": "Gather",
          "Parent Relationship": "Outer",
          "Parallel Aware": false,
          "Startup Cost": 637682.52,
          "Total Cost": 637683.03,
          "Plan Rows": 5,
          "Plan Width": 8,
          "Actual Startup Time": 6352.963,
          "Actual Total Time": 6463.952,
          "Actual Rows": 6,
          "Actual Loops": 1,
          "Workers Planned": 5,
          "Workers Launched": 5,
          "Single Copy": false,
          "Plans": [
            {
              "Node Type": "Aggregate",
              "Strategy": "Plain",
              "Partial Mode": "Partial",
              "Parent Relationship": "Outer",
              "Parallel Aware": false,
              "Startup Cost": 636682.52,
              "Total Cost": 636682.53,
              "Plan Rows": 1,
              "Plan Width": 8,
              "Actual Startup Time": 6321.835,
              "Actual Total Time": 6322.578,
              "Actual Rows": 1,
              "Actual Loops": 6,
              "Plans": [
                {
                  "Node Type": "Hash Join",
                  "Parent Relationship": "Outer",
                  "Parallel Aware": true,
                  "Join Type": "Inner",
                  "Startup Cost": 409128.5,
                  "Total Cost": 621841.97,
                  "Plan Rows": 5936220,
                  "Plan Width": 0,
                  "Actual Startup Time": 1947.632,
                  "Actual Total Time": 5452.32,
                  "Actual Rows": 21999690,
                  "Actual Loops": 6,
                  "Inner Unique": false,
                  "Hash Cond": "(mi.movie_id = t.id)",
                  "Plans": [
                    {
                      "Node Type": "Seq Scan",
                      "Parent Relationship": "Outer",
                      "Parallel Aware": true,
                      "Relation Name": "movie_info",
                      "Alias": "mi",
                      "Startup Cost": 0.0,
                      "Total Cost": 191685.19,
                      "Plan Rows": 2969219,
                      "Plan Width": 4,
                      "Actual Startup Time": 0.047,
                      "Actual Total Time": 286.137,
                      "Actual Rows": 2472620,
                      "Actual Loops": 6
                    },
                    {
                      "Node Type": "Hash",
                      "Parent Relationship": "Inner",
                      "Parallel Aware": true,
                      "Startup Cost": 398597.34,
                      "Total Cost": 398597.34,
                      "Plan Rows": 842493,
                      "Plan Width": 8,
                      "Actual Startup Time": 1933.614,
                      "Actual Total Time": 1934.356,
                      "Actual Rows": 872544,
                      "Actual Loops": 6,
                      "Hash Buckets": 8388608,
                      "Original Hash Buckets": 8388608,
                      "Hash Batches": 1,
                      "Original Hash Batches": 1,
                      "Peak Memory Usage": 270464,
                      "Plans": [
                        {
                          "Node Type": "Hash Join",
                          "Parent Relationship": "Outer",
                          "Parallel Aware": true,
                          "Join Type": "Inner",
                          "Startup Cost": 47822.37,
                          "Total Cost": 398597.34,
                          "Plan Rows": 842493,
                          "Plan Width": 8,
                          "Actual Startup Time": 218.714,
                          "Actual Total Time": 1545.979,
                          "Actual Rows": 872544,
                          "Actual Loops": 6,
                          "Inner Unique": true,
                          "Hash Cond": "(ci.movie_id = t.id)",
                          "Plans": [
                            {
                              "Node Type": "Seq Scan",
                              "Parent Relationship": "Outer",
                              "Parallel Aware": true,
                              "Relation Name": "cast_info",
                              "Alias": "ci",
                              "Startup Cost": 0.0,
                              "Total Cost": 343316.27,
                              "Plan Rows": 2841404,
                              "Plan Width": 4,
                              "Actual Startup Time": 77.417,
                              "Actual Total Time": 745.683,
                              "Actual Rows": 2646698,
                              "Actual Loops": 6,
                              "Filter": "((person_id > 567625) AND (role_id < 3))",
                              "Rows Removed by Filter": 3394026
                            },
                            {
                              "Node Type": "Hash",
                              "Parent Relationship": "Inner",
                              "Parallel Aware": true,
                              "Startup Cost": 45479.59,
                              "Total Cost": 45479.59,
                              "Plan Rows": 187423,
                              "Plan Width": 4,
                              "Actual Startup Time": 140.047,
                              "Actual Total Time": 140.049,
                              "Actual Rows": 128883,
                              "Actual Loops": 6,
                              "Hash Buckets": 1048576,
                              "Original Hash Buckets": 1048576,
                              "Hash Batches": 1,
                              "Original Hash Batches": 1,
                              "Peak Memory Usage": 38528,
                              "Plans": [
                                {
                                  "Node Type": "Seq Scan",
                                  "Parent Relationship": "Outer",
                                  "Parallel Aware": true,
                                  "Relation Name": "title",
                                  "Alias": "t",
                                  "Startup Cost": 0.0,
                                  "Total Cost": 45479.59,
                                  "Plan Rows": 187423,
                                  "Plan Width": 4,
                                  "Actual Startup Time": 0.059,
                                  "Actual Total Time": 87.889,
                                  "Actual Rows": 128883,
                                  "Actual Loops": 6,
                                  "Filter": "((kind_id < 4) AND (production_year < 2012))",
                                  "Rows Removed by Filter": 292502
                                }
                              ]
                            }
                          ]
                        }
                      ]
                    }
                  ]
                }
              ]
            }
          ]
        }
      ]
    },
    "Planning Time": 1.08,
    "Triggers": [],
    "Execution Time": 6464.061
  }
]