[
  {
    "Plan": {
      "Node Type": "Aggregate",
      "Strategy": "Plain",
      "Partial Mode": "Finalize",
      "Parallel Aware": false,
      "Startup Cost": 33088.38,
      "Total Cost": 33088.39,
      "Plan Rows": 1,
      "Plan Width": 8,
      "Actual Startup Time": 100.481,
      "Actual Total Time": 108.401,
      "Actual Rows": 1,
      "Actual Loops": 1,
      "Plans": [
        {
          "Node Type": "Gather",
          "Parent Relationship": "Outer",
          "Parallel Aware": false,
          "Startup Cost": 33088.06,
          "Total Cost": 33088.37,
          "Plan Rows": 3,
          "Plan Width": 8,
          "Actual Startup Time": 100.386,
          "Actual Total Time": 108.392,
          "Actual Rows": 4,
          "Actual Loops": 1,
          "Workers Planned": 3,
          "Workers Launched": 3,
          "Single Copy": false,
          "Plans": [
            {
              "Node Type": "Aggregate",
              "Strategy": "Plain",
              "Partial Mode": "Partial",
              "Parent Relationship": "Outer",
              "Parallel Aware": false,
              "Startup Cost": 32088.06,
              "Total Cost": 32088.07,
              "Plan Rows": 1,
              "Plan Width": 8,
              "Actual Startup Time": 93.05,
              "Actual Total Time": 93.051,
              "Actual Rows": 1,
              "Actual Loops": 4,
              "Plans": [
                {
                  "Node Type": "Seq Scan",
                  "Parent Relationship": "Outer",
                  "Parallel Aware": true,
                  "Relation Name": "movie_companies",
                  "Alias": "mc",
                  "Startup Cost": 0.0,
                  "Total Cost": 31414.82,
                  "Plan Rows": 269296,
                  "Plan Width": 0,
                  "Actual Startup Time": 2.698,
                  "Actual Total Time": 84.534,
                  "Actual Rows": 156971,
                  "Actual Loops": 4,
                  "Filter": "((company_id > 3047) AND (company_type_id = 1))",
                  "Rows Removed by Filter": 495311
                }
              ]
            }
          ]
        }
      ]
    },
    "Planning Time": 0.221,
    "Triggers": [],
    "Execution Time": 108.459
  }
]