[
  {
    "Plan": {
      "Node Type": "Aggregate",
      "Strategy": "Plain",
      "Partial Mode": "Finalize",
      "Parallel Aware": false,
      "Startup Cost": 53663.47,
      "Total Cost": 53663.48,
      "Plan Rows": 1,
      "Plan Width": 8,
      "Actual Startup Time": 160.066,
      "Actual Total Time": 187.6,
      "Actual Rows": 1,
      "Actual Loops": 1,
      "Plans": [
        {
          "Node Type": "Gather",
          "Parent Relationship": "Outer",
          "Parallel Aware": false,
          "Startup Cost": 53663.15,
          "Total Cost": 53663.46,
          "Plan Rows": 3,
          "Plan Width": 8,
          "Actual Startup Time": 159.821,
          "Actual Total Time": 187.59,
          "Actual Rows": 4,
          "Actual Loops": 1,
          "Workers Planned": 3,
          "Workers Launched": 3,
          "Single Copy": false,
          "Plans": [
            {
              "Node Type": "Aggregate",
              "Strategy": "Plain",
              "Partial Mode": "Partial",
              "Parent Relationship": "Outer",
              "Parallel Aware": false,
              "Startup Cost": 52663.15,
              "Total Cost": 52663.16,
              "Plan Rows": 1,
              "Plan Width": 8,
              "Actual Startup Time": 150.16,
              "Actual Total Time": 150.162,
              "Actual Rows": 1,
              "Actual Loops": 4,
              "Plans": [
                {
                  "Node Type": "Nested Loop",
                  "Parent Relationship": "Outer",
                  "Parallel Aware": false,
                  "Join Type": "Inner",
                  "Startup Cost": 295.65,
                  "Total Cost": 52650.01,
                  "Plan Rows": 5259,
                  "Plan Width": 0,
                  "Actual Startup Time": 4.475,
                  "Actual Total Time": 147.143,
                  "Actual Rows": 31648,
                  "Actual Loops": 4,
                  "Inner Unique": false,
                  "Plans": [
                    {
                      "Node Type": "Nested Loop",
                      "Parent Relationship": "Outer",
                      "Parallel Aware": false,
                      "Join Type": "Inner",
                      "Startup Cost": 295.22,
                      "Total Cost": 48849.98,
                      "Plan Rows": 1499,
                      "Plan Width": 8,
                      "Actual Startup Time": 4.283,
                      "Actual Total Time": 44.455,
                      "Actual Rows": 3246,
                      "Actual Loops": 4,
                      "Inner Unique": true,
                      "Plans": [
                        {
                          "Node Type": "Bitmap Heap Scan",
                          "Parent Relationship": "Outer",
                          "Parallel Aware": true,
                          "Relation Name": "movie_keyword",
                          "Alias": "mk",
                          "Startup Cost": 294.79,
                          "Total Cost": 21933.98,
                          "Plan Rows": 4427,
                          "Plan Width": 4,
                          "Actual Startup Time": 3.937,
                          "Actual Total Time": 15.233,
                          "Actual Rows": 3438,
                          "Actual Loops": 4,
                          "Recheck Cond": "(keyword_id = 121)",
                          "Rows Removed by Index Recheck": 0,
                          "Exact Heap Blocks": 3269,
                          "Lossy Heap Blocks": 0,
                          "Plans": [
                            {
                              "Node Type": "Bitmap Index Scan",
                              "Parent Relationship": "Outer",
                              "Parallel Aware": false,
                              "Index Name": "keyword_id_movie_keyword",
                              "Startup Cost": 0.0,
                              "Total Cost": 291.36,
                              "Plan Rows": 13723,
                              "Plan Width": 0,
                              "Actual Startup Time": 8.9,
                              "Actual Total Time": 8.901,
                              "Actual Rows": 13753,
                              "Actual Loops": 1,
                              "Index Cond": "(keyword_id = 121)"
                            }
                          ]
                        },
                        {
                          "Node Type": "Index Scan",
                          "Parent Relationship": "Inner",
                          "Parallel Aware": false,
                          "Scan Direction": "Forward",
                          "Index Name": "title_pkey",
                          "Relation Name": "title",
                          "Alias": "t",
                          "Startup Cost": 0.43,
                          "Total Cost": 6.08,
                          "Plan Rows": 1,
                          "Plan Width": 4,
                          "Actual Startup Time": 0.008,
                          "Actual Total Time": 0.008,
                          "Actual Rows": 1,
                          "Actual Loops": 13753,
                          "Index Cond": "(id = mk.movie_id)",
                          "Rows Removed by Index Recheck": 0,
                          "Filter": "(kind_id < 4)",
                          "Rows Removed by Filter": 0
                        }
                      ]
                    },
                    {
                      "Node Type": "Index Scan",
                      "Parent Relationship": "Inner",
                      "Parallel Aware": false,
                      "Scan Direction": "Forward",
                      "Index Name": "movie_id_movie_info",
                      "Relation Name": "movie_info",
                      "Alias": "mi",
                      "Startup Cost": 0.43,
                      "Total Cost": 2.29,
                      "Plan Rows": 25,
                      "Plan Width": 4,
                      "Actual Startup Time": 0.009,
                      "Actual Total Time": 0.03,
                      "Actual Rows": 10,
                      "Actual Loops": 12982,
                      "Index Cond": "(movie_id = t.id)",
                      "Rows Removed by Index Recheck": 0,
                      "Filter": "(info_type_id < 15)",
                      "Rows Removed by Filter": 7
                    }
                  ]
                }
              ]
            }
          ]
        }
      ]
    },
    "Planning Time": 1.448,
    "Triggers": [],
    "Execution Time": 187.719
  }
]