[
  {
    "Plan": {
      "Node Type": "Aggregate",
      "Strategy": "Plain",
      "Partial Mode": "Finalize",
      "Parallel Aware": false,
      "Startup Cost": 196235.44,
      "Total Cost": 196235.45,
      "Plan Rows": 1,
      "Plan Width": 8,
      "Actual Startup Time": 434.692,
      "Actual Total Time": 461.2,
      "Actual Rows": 1,
      "Actual Loops": 1,
      "Plans": [
        {
          "Node Type": "Gather",
          "Parent Relationship": "Outer",
          "Parallel Aware": false,
          "Startup Cost": 196235.12,
          "Total Cost": 196235.43,
          "Plan Rows": 3,
          "Plan Width": 8,
          "Actual Startup Time": 431.912,
          "Actual Total Time": 461.189,
          "Actual Rows": 4,
          "Actual Loops": 1,
          "Workers Planned": 3,
          "Workers Launched": 3,
          "Single Copy": false,
          "Plans": [
            {
              "Node Type": "Aggregate",
              "Strategy": "Plain",
              "Partial Mode": "Partial",
              "Parent Relationship": "Outer",
              "Parallel Aware": false,
              "Startup Cost": 195235.12,
              "Total Cost": 195235.13,
              "Plan Rows": 1,
              "Plan Width": 8,
              "Actual Startup Time": 422.697,
              "Actual Total Time": 422.702,
              "Actual Rows": 1,
              "Actual Loops": 4,
              "Plans": [
                {
                  "Node Type": "Nested Loop",
                  "Parent Relationship": "Outer",
                  "Parallel Aware": false,
                  "Join Type": "Inner",
                  "Startup Cost": 47510.43,
                  "Total Cost": 194657.88,
                  "Plan Rows": 230896,
                  "Plan Width": 0,
                  "Actual Startup Time": 206.517,
                  "Actual Total Time": 413.491,
                  "Actual Rows": 166348,
                  "Actual Loops": 4,
                  "Inner Unique": false,
                  "Plans": [
                    {
                      "Node Type": "Hash Join",
                      "Parent Relationship": "Outer",
                      "Parallel Aware": true,
                      "Join Type": "Inner",
                      "Startup Cost": 47510.0,
                      "Total Cost": 79328.07,
                      "Plan Rows": 39488,
                      "Plan Width": 8,
                      "Actual Startup Time": 206.427,
                      "Actual Total Time": 267.815,
                      "Actual Rows": 19361,
                      "Actual Loops": 4,
                      "Inner Unique": true,
                      "Hash Cond": "(mc.movie_id = t.id)",
                      "Plans": [
                        {
                          "Node Type": "Seq Scan",
                          "Parent Relationship": "Outer",
                          "Parallel Aware": true,
                          "Relation Name": "movie_companies",
                          "Alias": "mc",
                          "Startup Cost": 0.0,
                          "Total Cost": 31414.82,
                          "Plan Rows": 153621,
                          "Plan Width": 4,
                          "Actual Startup Time": 33.983,
                          "Actual Total Time": 67.68,
                          "Actual Rows": 68804,
                          "Actual Loops": 4,
                          "Filter": "((company_id < 3455) AND (company_type_id = 2))",
                          "Rows Removed by Filter": 583479
                        },
                        {
                          "Node Type": "Hash",
                          "Parent Relationship": "Inner",
                          "Parallel Aware": true,
                          "Startup Cost": 45479.1,
                          "Total Cost": 45479.1,
                          "Plan Rows": 162472,
                          "Plan Width": 4,
                          "Actual Startup Time": 167.186,
                          "Actual Total Time": 167.187,
                          "Actual Rows": 139199,
                          "Actual Loops": 4,
                          "Hash Buckets": 1048576,
                          "Original Hash Buckets": 1048576,
                          "Hash Batches": 1,
                          "Original Hash Batches": 1,
                          "Peak Memory Usage": 30048,
                          "Plans": [
                            {
                              "Node Type": "Seq Scan",
                              "Parent Relationship": "Outer",
                              "Parallel Aware": true,
                              "Relation Name": "title",
                              "Alias": "t",
                              "Startup Cost": 0.0,
                              "Total Cost": 45479.1,
                              "Plan Rows": 162472,
                              "Plan Width": 4,
                              "Actual Startup Time": 0.038,
                              "Actual Total Time": 110.355,
                              "Actual Rows": 139199,
                              "Actual Loops": 4,
                              "Filter": "((production_year < 2001) AND (kind_id = 7))",
                              "Rows Removed by Filter": 492879
                            }
                          ]
                        }
                      ]
                    },
                    {
                      "Node Type": "Index Only Scan",
                      "Parent Relationship": "Inner",
                      "Parallel Aware": false,
                      "Scan Direction": "Forward",
                      "Index Name": "movie_id_movie_info",
                      "Relation Name": "movie_info",
                      "Alias": "mi",
                      "Startup Cost": 0.43,
                      "Total Cost": 2.5,
                      "Plan Rows": 42,
                      "Plan Width": 4,
                      "Actual Startup Time": 0.003,
                      "Actual Total Time": 0.007,
                      "Actual Rows": 9,
                      "Actual Loops": 77445,
                      "Index Cond": "(movie_id = t.id)",
                      "Rows Removed by Index Recheck": 0,
                      "Heap Fetches": 665393
                    }
                  ]
                }
              ]
            }
          ]
        }
      ]
    },
    "Planning Time": 1.471,
    "Triggers": [],
    "Execution Time": 461.291
  }
]