[
  {
    "Plan": {
      "Node Type": "Aggregate",
      "Strategy": "Plain",
      "Partial Mode": "Finalize",
      "Parallel Aware": false,
      "Startup Cost": 28983.22,
      "Total Cost": 28983.23,
      "Plan Rows": 1,
      "Plan Width": 8,
      "Actual Startup Time": 19.271,
      "Actual Total Time": 22.321,
      "Actual Rows": 1,
      "Actual Loops": 1,
      "Plans": [
        {
          "Node Type": "Gather",
          "Parent Relationship": "Outer",
          "Parallel Aware": false,
          "Startup Cost": 28983.0,
          "Total Cost": 28983.21,
          "Plan Rows": 2,
          "Plan Width": 8,
          "Actual Startup Time": 18.984,
          "Actual Total Time": 22.316,
          "Actual Rows": 3,
          "Actual Loops": 1,
          "Workers Planned": 2,
          "Workers Launched": 2,
          "Single Copy": false,
          "Plans": [
            {
              "Node Type": "Aggregate",
              "Strategy": "Plain",
              "Partial Mode": "Partial",
              "Parent Relationship": "Outer",
              "Parallel Aware": false,
              "Startup Cost": 27983.0,
              "Total Cost": 27983.01,
              "Plan Rows": 1,
              "Plan Width": 8,
              "Actual Startup Time": 13.801,
              "Actual Total Time": 13.802,
              "Actual Rows": 1,
              "Actual Loops": 3,
              "Plans": [
                {
                  "Node Type": "Nested Loop",
                  "Parent Relationship": "Outer",
                  "Parallel Aware": false,
                  "Join Type": "Inner",
                  "Startup Cost": 184.5,
                  "Total Cost": 27978.74,
                  "Plan Rows": 1705,
                  "Plan Width": 0,
                  "Actual Startup Time": 0.606,
                  "Actual Total Time": 13.671,
                  "Actual Rows": 1450,
                  "Actual Loops": 3,
                  "Inner Unique": true,
                  "Plans": [
                    {
                      "Node Type": "Bitmap Heap Scan",
                      "Parent Relationship": "Outer",
                      "Parallel Aware": true,
                      "Relation Name": "movie_companies",
                      "Alias": "mc",
                      "Startup Cost": 184.07,
                      "Total Cost": 15205.36,
                      "Plan Rows": 1705,
                      "Plan Width": 4,
                      "Actual Startup Time": 0.467,
                      "Actual Total Time": 5.387,
                      "Actual Rows": 1450,
                      "Actual Loops": 3,
                      "Recheck Cond": "(company_id = 225)",
                      "Rows Removed by Index Recheck": 0,
                      "Filter": "(company_type_id < 2)",
                      "Rows Removed by Filter": 1558,
                      "Exact Heap Blocks": 2681,
                      "Lossy Heap Blocks": 0,
                      "Plans": [
                        {
                          "Node Type": "Bitmap Index Scan",
                          "Parent Relationship": "Outer",
                          "Parallel Aware": false,
                          "Index Name": "company_id_movie_companies",
                          "Startup Cost": 0.0,
                          "Total Cost": 183.05,
                          "Plan Rows": 8349,
                          "Plan Width": 0,
                          "Actual Startup Time": 0.852,
                          "Actual Total Time": 0.852,
                          "Actual Rows": 9025,
                          "Actual Loops": 1,
                          "Index Cond": "(company_id = 225)"
                        }
                      ]
                    },
                    {
                      "Node Type": "Index Only Scan",
                      "Parent Relationship": "Inner",
                      "Parallel Aware": false,
                      "Scan Direction": "Forward",
                      "Index Name": "title_pkey",
                      "Relation Name": "title",
                      "Alias": "t",
                      "Startup Cost": 0.43,
                      "Total Cost": 7.49,
                      "Plan Rows": 1,
                      "Plan Width": 4,
                      "Actual Startup Time": 0.005,
                      "Actual Total Time": 0.005,
                      "Actual Rows": 1,
                      "Actual Loops": 4350,
                      "Index Cond": "(id = mc.movie_id)",
                      "Rows Removed by Index Recheck": 0,
                      "Heap Fetches": 4350
                    }
                  ]
                }
              ]
            }
          ]
        }
      ]
    },
    "Planning Time": 0.176,
    "Triggers": [],
    "Execution Time": 22.346
  }
]