[
  {
    "Plan": {
      "Node Type": "Aggregate",
      "Strategy": "Plain",
      "Partial Mode": "Finalize",
      "Parallel Aware": false,
      "Startup Cost": 27828.31,
      "Total Cost": 27828.32,
      "Plan Rows": 1,
      "Plan Width": 8,
      "Actual Startup Time": 35.803,
      "Actual Total Time": 40.598,
      "Actual Rows": 1,
      "Actual Loops": 1,
      "Plans": [
        {
          "Node Type": "Gather",
          "Parent Relationship": "Outer",
          "Parallel Aware": false,
          "Startup Cost": 27828.09,
          "Total Cost": 27828.3,
          "Plan Rows": 2,
          "Plan Width": 8,
          "Actual Startup Time": 35.575,
          "Actual Total Time": 40.59,
          "Actual Rows": 3,
          "Actual Loops": 1,
          "Workers Planned": 2,
          "Workers Launched": 2,
          "Single Copy": false,
          "Plans": [
            {
              "Node Type": "Aggregate",
              "Strategy": "Plain",
              "Partial Mode": "Partial",
              "Parent Relationship": "Outer",
              "Parallel Aware": false,
              "Startup Cost": 26828.09,
              "Total Cost": 26828.1,
              "Plan Rows": 1,
              "Plan Width": 8,
              "Actual Startup Time": 27.623,
              "Actual Total Time": 27.625,
              "Actual Rows": 1,
              "Actual Loops": 3,
              "Plans": [
                {
                  "Node Type": "Nested Loop",
                  "Parent Relationship": "Outer",
                  "Parallel Aware": false,
                  "Join Type": "Inner",
                  "Startup Cost": 172.53,
                  "Total Cost": 26824.08,
                  "Plan Rows": 1605,
                  "Plan Width": 0,
                  "Actual Startup Time": 2.62,
                  "Actual Total Time": 27.307,
                  "Actual Rows": 1450,
                  "Actual Loops": 3,
                  "Inner Unique": true,
                  "Plans": [
                    {
                      "Node Type": "Bitmap Heap Scan",
                      "Parent Relationship": "Outer",
                      "Parallel Aware": true,
                      "Relation Name": "movie_companies",
                      "Alias": "mc",
                      "Startup Cost": 172.1,
                      "Total Cost": 14722.13,
                      "Plan Rows": 1605,
                      "Plan Width": 4,
                      "Actual Startup Time": 2.447,
                      "Actual Total Time": 9.471,
                      "Actual Rows": 1450,
                      "Actual Loops": 3,
                      "Recheck Cond": "(company_id = 225)",
                      "Rows Removed by Index Recheck": 0,
                      "Filter": "(company_type_id < 2)",
                      "Rows Removed by Filter": 1558,
                      "Exact Heap Blocks": 2358,
                      "Lossy Heap Blocks": 0,
                      "Plans": [
                        {
                          "Node Type": "Bitmap Index Scan",
                          "Parent Relationship": "Outer",
                          "Parallel Aware": false,
                          "Index Name": "company_id_movie_companies",
                          "Startup Cost": 0.0,
                          "Total Cost": 171.13,
                          "Plan Rows": 7827,
                          "Plan Width": 0,
                          "Actual Startup Time": 5.581,
                          "Actual Total Time": 5.582,
                          "Actual Rows": 9025,
                          "Actual Loops": 1,
                          "Index Cond": "(company_id = 225)"
                        }
                      ]
                    },
                    {
                      "Node Type": "Index Only Scan",
                      "Parent Relationship": "Inner",
                      "Parallel Aware": false,
                      "Scan Direction": "Forward",
                      "Index Name": "title_pkey",
                      "Relation Name": "title",
                      "Alias": "t",
                      "Startup Cost": 0.43,
                      "Total Cost": 7.54,
                      "Plan Rows": 1,
                      "Plan Width": 4,
                      "Actual Startup Time": 0.011,
                      "Actual Total Time": 0.011,
                      "Actual Rows": 1,
                      "Actual Loops": 4350,
                      "Index Cond": "(id = mc.movie_id)",
                      "Rows Removed by Index Recheck": 0,
                      "Heap Fetches": 4350
                    }
                  ]
                }
              ]
            }
          ]
        }
      ]
    },
    "Planning Time": 0.676,
    "Triggers": [],
    "Execution Time": 40.687
  }
]