[
    {
        "Bao": {
            "Bao prediction": "NaN",
            "Bao recommended hint": "(no hint)"
        }
    },
    {
        "Plan": {
            "Node Type": "Aggregate",
            "Strategy": "Plain",
            "Partial Mode": "Simple",
            "Parallel Aware": false,
            "Startup Cost": 28842.05,
            "Total Cost": 28842.06,
            "Plan Rows": 1,
            "Plan Width": 8,
            "Actual Startup Time": 54.689,
            "Actual Total Time": 54.691,
            "Actual Rows": 1,
            "Actual Loops": 1,
            "Output": [
                "count(*)"
            ],
            "Plans": [
                {
                    "Node Type": "Bitmap Heap Scan",
                    "Parent Relationship": "Outer",
                    "Parallel Aware": false,
                    "Relation Name": "movie_keyword",
                    "Schema": "public",
                    "Alias": "mk",
                    "Startup Cost": 2571.16,
                    "Total Cost": 28539.23,
                    "Plan Rows": 121126,
                    "Plan Width": 0,
                    "Actual Startup Time": 13.429,
                    "Actual Total Time": 49.906,
                    "Actual Rows": 114270,
                    "Actual Loops": 1,
                    "Recheck Cond": "(mk.keyword_id > 79266)",
                    "Rows Removed by Index Recheck": 0,
                    "Exact Heap Blocks": 18010,
                    "Lossy Heap Blocks": 0,
                    "Plans": [
                        {
                            "Node Type": "Bitmap Index Scan",
                            "Parent Relationship": "Outer",
                            "Parallel Aware": false,
                            "Index Name": "keyword_id_movie_keyword",
                            "Startup Cost": 0.0,
                            "Total Cost": 2540.88,
                            "Plan Rows": 121126,
                            "Plan Width": 0,
                            "Actual Startup Time": 9.998,
                            "Actual Total Time": 9.998,
                            "Actual Rows": 114270,
                            "Actual Loops": 1,
                            "Index Cond": "(mk.keyword_id > 79266)"
                        }
                    ]
                }
            ]
        },
        "Planning Time": 199.851,
        "Triggers": [],
        "Execution Time": 54.852
    }
]