[
  {
    "Plan": {
      "Node Type": "Aggregate",
      "Strategy": "Plain",
      "Partial Mode": "Finalize",
      "Parallel Aware": false,
      "Startup Cost": 46188.21,
      "Total Cost": 46188.22,
      "Plan Rows": 1,
      "Plan Width": 8,
      "Actual Startup Time": 122.815,
      "Actual Total Time": 129.882,
      "Actual Rows": 1,
      "Actual Loops": 1,
      "Plans": [
        {
          "Node Type": "Gather",
          "Parent Relationship": "Outer",
          "Parallel Aware": false,
          "Startup Cost": 46187.79,
          "Total Cost": 46188.2,
          "Plan Rows": 4,
          "Plan Width": 8,
          "Actual Startup Time": 122.714,
          "Actual Total Time": 129.875,
          "Actual Rows": 5,
          "Actual Loops": 1,
          "Workers Planned": 4,
          "Workers Launched": 4,
          "Single Copy": false,
          "Plans": [
            {
              "Node Type": "Aggregate",
              "Strategy": "Plain",
              "Partial Mode": "Partial",
              "Parent Relationship": "Outer",
              "Parallel Aware": false,
              "Startup Cost": 45187.79,
              "Total Cost": 45187.8,
              "Plan Rows": 1,
              "Plan Width": 8,
              "Actual Startup Time": 117.305,
              "Actual Total Time": 117.306,
              "Actual Rows": 1,
              "Actual Loops": 5,
              "Plans": [
                {
                  "Node Type": "Seq Scan",
                  "Parent Relationship": "Outer",
                  "Parallel Aware": true,
                  "Relation Name": "title",
                  "Alias": "t",
                  "Startup Cost": 0.0,
                  "Total Cost": 43899.01,
                  "Plan Rows": 515515,
                  "Plan Width": 0,
                  "Actual Startup Time": 0.032,
                  "Actual Total Time": 93.16,
                  "Actual Rows": 412910,
                  "Actual Loops": 5,
                  "Filter": "(production_year < 2011)",
                  "Rows Removed by Filter": 92752
                }
              ]
            }
          ]
        }
      ]
    },
    "Planning Time": 0.058,
    "Triggers": [],
    "Execution Time": 129.907
  }
]