[
  {
    "Plan": {
      "Node Type": "Aggregate",
      "Strategy": "Plain",
      "Partial Mode": "Finalize",
      "Parallel Aware": false,
      "Startup Cost": 524727.2,
      "Total Cost": 524727.21,
      "Plan Rows": 1,
      "Plan Width": 64,
      "Actual Startup Time": 5646.196,
      "Actual Total Time": 5787.043,
      "Actual Rows": 1,
      "Actual Loops": 1,
      "Plans": [
        {
          "Node Type": "Gather",
          "Parent Relationship": "Outer",
          "Parallel Aware": false,
          "Startup Cost": 524727.08,
          "Total Cost": 524727.19,
          "Plan Rows": 1,
          "Plan Width": 32,
          "Actual Startup Time": 5644.507,
          "Actual Total Time": 5787.033,
          "Actual Rows": 2,
          "Actual Loops": 1,
          "Workers Planned": 1,
          "Workers Launched": 1,
          "Single Copy": false,
          "Plans": [
            {
              "Node Type": "Aggregate",
              "Strategy": "Plain",
              "Partial Mode": "Partial",
              "Parent Relationship": "Outer",
              "Parallel Aware": false,
              "Startup Cost": 523727.08,
              "Total Cost": 523727.09,
              "Plan Rows": 1,
              "Plan Width": 32,
              "Actual Startup Time": 5638.838,
              "Actual Total Time": 5639.332,
              "Actual Rows": 1,
              "Actual Loops": 2,
              "Plans": [
                {
                  "Node Type": "Hash Join",
                  "Parent Relationship": "Outer",
                  "Parallel Aware": true,
                  "Join Type": "Inner",
                  "Startup Cost": 518831.17,
                  "Total Cost": 523727.0,
                  "Plan Rows": 34,
                  "Plan Width": 15,
                  "Actual Startup Time": 5592.25,
                  "Actual Total Time": 5634.188,
                  "Actual Rows": 91144,
                  "Actual Loops": 2,
                  "Inner Unique": false,
                  "Hash Cond": "(cn.id = mc.company_id)",
                  "Plans": [
                    {
                      "Node Type": "Seq Scan",
                      "Parent Relationship": "Outer",
                      "Parallel Aware": true,
                      "Relation Name": "company_name",
                      "Alias": "cn",
                      "Startup Cost": 0.0,
                      "Total Cost": 4377.34,
                      "Plan Rows": 138234,
                      "Plan Width": 4,
                      "Actual Startup Time": 0.012,
                      "Actual Total Time": 11.601,
                      "Actual Rows": 117498,
                      "Actual Loops": 2
                    },
                    {
                      "Node Type": "Hash",
                      "Parent Relationship": "Inner",
                      "Parallel Aware": true,
                      "Startup Cost": 518830.94,
                      "Total Cost": 518830.94,
                      "Plan Rows": 19,
                      "Plan Width": 19,
                      "Actual Startup Time": 5591.442,
                      "Actual Total Time": 5591.934,
                      "Actual Rows": 91144,
                      "Actual Loops": 2,
                      "Hash Buckets": 262144,
                      "Original Hash Buckets": 1024,
                      "Hash Batches": 1,
                      "Original Hash Batches": 1,
                      "Peak Memory Usage": 13976,
                      "Plans": [
                        {
                          "Node Type": "Hash Join",
                          "Parent Relationship": "Outer",
                          "Parallel Aware": true,
                          "Join Type": "Inner",
                          "Startup Cost": 488468.14,
                          "Total Cost": 518830.94,
                          "Plan Rows": 19,
                          "Plan Width": 19,
                          "Actual Startup Time": 5320.029,
                          "Actual Total Time": 5555.506,
                          "Actual Rows": 91144,
                          "Actual Loops": 2,
                          "Inner Unique": false,
                          "Hash Cond": "(mc.movie_id = ci.movie_id)",
                          "Plans": [
                            {
                              "Node Type": "Seq Scan",
                              "Parent Relationship": "Outer",
                              "Parallel Aware": true,
                              "Relation Name": "movie_companies",
                              "Alias": "mc",
                              "Startup Cost": 0.0,
                              "Total Cost": 27206.55,
                              "Plan Rows": 841655,
                              "Plan Width": 8,
                              "Actual Startup Time": 0.009,
                              "Actual Total Time": 110.245,
                              "Actual Rows": 1304564,
                              "Actual Loops": 2
                            },
                            {
                              "Node Type": "Hash",
                              "Parent Relationship": "Inner",
                              "Parallel Aware": true,
                              "Startup Cost": 488468.06,
                              "Total Cost": 488468.06,
                              "Plan Rows": 6,
                              "Plan Width": 27,
                              "Actual Startup Time": 5319.704,
                              "Actual Total Time": 5320.195,
                              "Actual Rows": 11836,
                              "Actual Loops": 2,
                              "Hash Buckets": 32768,
                              "Original Hash Buckets": 1024,
                              "Hash Batches": 1,
                              "Original Hash Batches": 1,
                              "Peak Memory Usage": 2008,
                              "Plans": [
                                {
                                  "Node Type": "Hash Join",
                                  "Parent Relationship": "Outer",
                                  "Parallel Aware": true,
                                  "Join Type": "Inner",
                                  "Startup Cost": 443779.37,
                                  "Total Cost": 488468.06,
                                  "Plan Rows": 6,
                                  "Plan Width": 27,
                                  "Actual Startup Time": 4972.328,
                                  "Actual Total Time": 5276.922,
                                  "Actual Rows": 11836,
                                  "Actual Loops": 2,
                                  "Inner Unique": false,
                                  "Hash Cond": "(t.id = ci.movie_id)",
                                  "Plans": [
                                    {
                                      "Node Type": "Seq Scan",
                                      "Parent Relationship": "Outer",
                                      "Parallel Aware": true,
                                      "Relation Name": "title",
                                      "Alias": "t",
                                      "Startup Cost": 0.0,
                                      "Total Cost": 42318.49,
                                      "Plan Rows": 632049,
                                      "Plan Width": 4,
                                      "Actual Startup Time": 0.032,
                                      "Actual Total Time": 161.228,
                                      "Actual Rows": 1264156,
                                      "Actual Loops": 2
                                    },
                                    {
                                      "Node Type": "Hash",
                                      "Parent Relationship": "Inner",
                                      "Parallel Aware": true,
                                      "Startup Cost": 443779.32,
                                      "Total Cost": 443779.32,
                                      "Plan Rows": 4,
                                      "Plan Width": 23,
                                      "Actual Startup Time": 4971.949,
                                      "Actual Total Time": 4972.437,
                                      "Actual Rows": 11836,
                                      "Actual Loops": 2,
                                      "Hash Buckets": 32768,
                                      "Original Hash Buckets": 1024,
                                      "Hash Batches": 1,
                                      "Original Hash Batches": 1,
                                      "Peak Memory Usage": 1880,
                                      "Plans": [
                                        {
                                          "Node Type": "Hash Join",
                                          "Parent Relationship": "Outer",
                                          "Parallel Aware": true,
                                          "Join Type": "Inner",
                                          "Startup Cost": 114403.13,
                                          "Total Cost": 443779.32,
                                          "Plan Rows": 4,
                                          "Plan Width": 23,
                                          "Actual Startup Time": 1663.166,
                                          "Actual Total Time": 4884.689,
                                          "Actual Rows": 11836,
                                          "Actual Loops": 2,
                                          "Inner Unique": false,
                                          "Hash Cond": "(ci.movie_id = mk.movie_id)",
                                          "Plans": [
                                            {
                                              "Node Type": "Hash Join",
                                              "Parent Relationship": "Outer",
                                              "Parallel Aware": true,
                                              "Join Type": "Inner",
                                              "Startup Cost": 68898.66,
                                              "Total Cost": 397817.42,
                                              "Plan Rows": 121982,
                                              "Plan Width": 19,
                                              "Actual Startup Time": 1079.556,
                                              "Actual Total Time": 4233.714,
                                              "Actual Rows": 402158,
                                              "Actual Loops": 2,
                                              "Inner Unique": true,
                                              "Hash Cond": "(ci.person_id = n.id)",
                                              "Plans": [
                                                {
                                                  "Node Type": "Seq Scan",
                                                  "Parent Relationship": "Outer",
                                                  "Parallel Aware": true,
                                                  "Relation Name": "cast_info",
                                                  "Alias": "ci",
                                                  "Startup Cost": 0.0,
                                                  "Total Cost": 313068.58,
                                                  "Plan Rows": 6038158,
                                                  "Plan Width": 8,
                                                  "Actual Startup Time": 0.014,
                                                  "Actual Total Time": 2001.564,
                                                  "Actual Rows": 18122172,
                                                  "Actual Loops": 2
                                                },
                                                {
                                                  "Node Type": "Hash",
                                                  "Parent Relationship": "Inner",
                                                  "Parallel Aware": true,
                                                  "Startup Cost": 68635.58,
                                                  "Total Cost": 68635.58,
                                                  "Plan Rows": 21046,
                                                  "Plan Width": 19,
                                                  "Actual Startup Time": 361.466,
                                                  "Actual Total Time": 361.467,
                                                  "Actual Rows": 50572,
                                                  "Actual Loops": 2,
                                                  "Hash Buckets": 131072,
                                                  "Original Hash Buckets": 131072,
                                                  "Hash Batches": 1,
                                                  "Original Hash Batches": 1,
                                                  "Peak Memory Usage": 6528,
                                                  "Plans": [
                                                    {
                                                      "Node Type": "Seq Scan",
                                                      "Parent Relationship": "Outer",
                                                      "Parallel Aware": true,
                                                      "Relation Name": "name",
                                                      "Alias": "n",
                                                      "Startup Cost": 0.0,
                                                      "Total Cost": 68635.58,
                                                      "Plan Rows": 21046,
                                                      "Plan Width": 19,
                                                      "Actual Startup Time": 58.031,
                                                      "Actual Total Time": 336.55,
                                                      "Actual Rows": 50572,
                                                      "Actual Loops": 2,
                                                      "Filter": "(name ~~ 'J%'::text)",
                                                      "Rows Removed by Filter": 2033173
                                                    }
                                                  ]
                                                }
                                              ]
                                            },
                                            {
                                              "Node Type": "Hash",
                                              "Parent Relationship": "Inner",
                                              "Parallel Aware": true,
                                              "Startup Cost": 45504.33,
                                              "Total Cost": 45504.33,
                                              "Plan Rows": 11,
                                              "Plan Width": 4,
                                              "Actual Startup Time": 583.551,
                                              "Actual Total Time": 583.554,
                                              "Actual Rows": 20920,
                                              "Actual Loops": 2,
                                              "Hash Buckets": 65536,
                                              "Original Hash Buckets": 1024,
                                              "Hash Batches": 1,
                                              "Original Hash Batches": 1,
                                              "Peak Memory Usage": 2680,
                                              "Plans": [
                                                {
                                                  "Node Type": "Hash Join",
                                                  "Parent Relationship": "Outer",
                                                  "Parallel Aware": false,
                                                  "Join Type": "Inner",
                                                  "Startup Cost": 2626.14,
                                                  "Total Cost": 45504.33,
                                                  "Plan Rows": 11,
                                                  "Plan Width": 4,
                                                  "Actual Startup Time": 25.804,
                                                  "Actual Total Time": 555.437,
                                                  "Actual Rows": 20920,
                                                  "Actual Loops": 2,
                                                  "Inner Unique": true,
                                                  "Hash Cond": "(mk.keyword_id = k.id)",
                                                  "Plans": [
                                                    {
                                                      "Node Type": "Seq Scan",
                                                      "Parent Relationship": "Outer",
                                                      "Parallel Aware": true,
                                                      "Relation Name": "movie_keyword",
                                                      "Alias": "mk",
                                                      "Startup Cost": 0.0,
                                                      "Total Cost": 39047.32,
                                                      "Plan Rows": 1459332,
                                                      "Plan Width": 8,
                                                      "Actual Startup Time": 0.039,
                                                      "Actual Total Time": 297.762,
                                                      "Actual Rows": 2261965,
                                                      "Actual Loops": 2
                                                    },
                                                    {
                                                      "Node Type": "Hash",
                                                      "Parent Relationship": "Inner",
                                                      "Parallel Aware": false,
                                                      "Startup Cost": 2626.12,
                                                      "Total Cost": 2626.12,
                                                      "Plan Rows": 1,
                                                      "Plan Width": 4,
                                                      "Actual Startup Time": 25.678,
                                                      "Actual Total Time": 25.678,
                                                      "Actual Rows": 1,
                                                      "Actual Loops": 2,
                                                      "Hash Buckets": 1024,
                                                      "Original Hash Buckets": 1024,
                                                      "Hash Batches": 1,
                                                      "Original Hash Batches": 1,
                                                      "Peak Memory Usage": 9,
                                                      "Plans": [
                                                        {
                                                          "Node Type": "Seq Scan",
                                                          "Parent Relationship": "Outer",
                                                          "Parallel Aware": false,
                                                          "Relation Name": "keyword",
                                                          "Alias": "k",
                                                          "Startup Cost": 0.0,
                                                          "Total Cost": 2626.12,
                                                          "Plan Rows": 1,
                                                          "Plan Width": 4,
                                                          "Actual Startup Time": 1.666,
                                                          "Actual Total Time": 25.66,
                                                          "Actual Rows": 1,
                                                          "Actual Loops": 2,
                                                          "Filter": "(keyword = 'character-name-in-title'::text)",
                                                          "Rows Removed by Filter": 134169
                                                        }
                                                      ]
                                                    }
                                                  ]
                                                }
                                              ]
                                            }
                                          ]
                                        }
                                      ]
                                    }
                                  ]
                                }
                              ]
                            }
                          ]
                        }
                      ]
                    }
                  ]
                }
              ]
            }
          ]
        }
      ]
    },
    "Planning Time": 15.288,
    "Triggers": [],
    "Execution Time": 5787.547
  }
]