[
  {
    "Plan": {
      "Node Type": "Aggregate",
      "Strategy": "Plain",
      "Partial Mode": "Finalize",
      "Parallel Aware": false,
      "Startup Cost": 47079.08,
      "Total Cost": 47079.09,
      "Plan Rows": 1,
      "Plan Width": 8,
      "Actual Startup Time": 158.91,
      "Actual Total Time": 168.137,
      "Actual Rows": 1,
      "Actual Loops": 1,
      "Plans": [
        {
          "Node Type": "Gather",
          "Parent Relationship": "Outer",
          "Parallel Aware": false,
          "Startup Cost": 47078.76,
          "Total Cost": 47079.07,
          "Plan Rows": 3,
          "Plan Width": 8,
          "Actual Startup Time": 158.803,
          "Actual Total Time": 168.128,
          "Actual Rows": 4,
          "Actual Loops": 1,
          "Workers Planned": 3,
          "Workers Launched": 3,
          "Single Copy": false,
          "Plans": [
            {
              "Node Type": "Aggregate",
              "Strategy": "Plain",
              "Partial Mode": "Partial",
              "Parent Relationship": "Outer",
              "Parallel Aware": false,
              "Startup Cost": 46078.76,
              "Total Cost": 46078.77,
              "Plan Rows": 1,
              "Plan Width": 8,
              "Actual Startup Time": 155.193,
              "Actual Total Time": 155.194,
              "Actual Rows": 1,
              "Actual Loops": 4,
              "Plans": [
                {
                  "Node Type": "Seq Scan",
                  "Parent Relationship": "Outer",
                  "Parallel Aware": true,
                  "Relation Name": "movie_keyword",
                  "Alias": "mk",
                  "Startup Cost": 0.0,
                  "Total Cost": 42695.65,
                  "Plan Rows": 1353242,
                  "Plan Width": 0,
                  "Actual Startup Time": 0.032,
                  "Actual Total Time": 113.22,
                  "Actual Rows": 1050650,
                  "Actual Loops": 4,
                  "Filter": "(keyword_id < 50931)",
                  "Rows Removed by Filter": 80332
                }
              ]
            }
          ]
        }
      ]
    },
    "Planning Time": 0.077,
    "Triggers": [],
    "Execution Time": 168.163
  }
]