{
  "Plan": {
    "Node Type": "Aggregate",
    "Strategy": "Plain",
    "Partial Mode": "Finalize",
    "Parallel Aware": false,
    "Startup Cost": 1145593.54,
    "Total Cost": 1145593.55,
    "Plan Rows": 1,
    "Plan Width": 8,
    "Actual Startup Time": 10070.886,
    "Actual Total Time": 10170.915,
    "Actual Rows": 1,
    "Actual Loops": 1,
    "Plans": [
      {
        "Node Type": "Gather",
        "Parent Relationship": "Outer",
        "Parallel Aware": false,
        "Startup Cost": 1145593.43,
        "Total Cost": 1145593.54,
        "Plan Rows": 1,
        "Plan Width": 8,
        "Actual Startup Time": 10058.961,
        "Actual Total Time": 10170.904,
        "Actual Rows": 2,
        "Actual Loops": 1,
        "Workers Planned": 1,
        "Workers Launched": 1,
        "Single Copy": false,
        "Plans": [
          {
            "Node Type": "Aggregate",
            "Strategy": "Plain",
            "Partial Mode": "Partial",
            "Parent Relationship": "Outer",
            "Parallel Aware": false,
            "Startup Cost": 1144593.43,
            "Total Cost": 1144593.44,
            "Plan Rows": 1,
            "Plan Width": 8,
            "Actual Startup Time": 10042.276,
            "Actual Total Time": 10044.633,
            "Actual Rows": 1,
            "Actual Loops": 2,
            "Plans": [
              {
                "Node Type": "Hash Join",
                "Parent Relationship": "Outer",
                "Parallel Aware": true,
                "Join Type": "Inner",
                "Startup Cost": 388646.78,
                "Total Cost": 1091580.04,
                "Plan Rows": 21205353,
                "Plan Width": 0,
                "Actual Startup Time": 3637.212,
                "Actual Total Time": 9345.839,
                "Actual Rows": 16193148,
                "Actual Loops": 2,
                "Inner Unique": false,
                "Hash Cond": "(ci.movie_id = t.id)",
                "Plans": [
                  {
                    "Node Type": "Seq Scan",
                    "Parent Relationship": "Outer",
                    "Parallel Aware": true,
                    "Relation Name": "cast_info",
                    "Alias": "ci",
                    "Startup Cost": 0.0,
                    "Total Cost": 519069.44,
                    "Plan Rows": 7883527,
                    "Plan Width": 4,
                    "Actual Startup Time": 0.019,
                    "Actual Total Time": 1493.381,
                    "Actual Rows": 6701420,
                    "Actual Loops": 2,
                    "Filter": "(person_id < 1321585)",
                    "Rows Removed by Filter": 11420752
                  },
                  {
                    "Node Type": "Hash",
                    "Parent Relationship": "Inner",
                    "Parallel Aware": true,
                    "Startup Cost": 338641.78,
                    "Total Cost": 338641.78,
                    "Plan Rows": 4000400,
                    "Plan Width": 8,
                    "Actual Startup Time": 3604.248,
                    "Actual Total Time": 3606.604,
                    "Actual Rows": 2033144,
                    "Actual Loops": 2,
                    "Hash Buckets": 8388608,
                    "Original Hash Buckets": 8388608,
                    "Hash Batches": 1,
                    "Original Hash Batches": 1,
                    "Peak Memory Usage": 224640,
                    "Plans": [
                      {
                        "Node Type": "Hash Join",
                        "Parent Relationship": "Outer",
                        "Parallel Aware": true,
                        "Join Type": "Inner",
                        "Startup Cost": 66858.29,
                        "Total Cost": 338641.78,
                        "Plan Rows": 4000400,
                        "Plan Width": 8,
                        "Actual Startup Time": 337.394,
                        "Actual Total Time": 2905.755,
                        "Actual Rows": 2033144,
                        "Actual Loops": 2,
                        "Inner Unique": true,
                        "Hash Cond": "(mi.movie_id = t.id)",
                        "Plans": [
                          {
                            "Node Type": "Seq Scan",
                            "Parent Relationship": "Outer",
                            "Parallel Aware": true,
                            "Relation Name": "movie_info",
                            "Alias": "mi",
                            "Startup Cost": 0.0,
                            "Total Cost": 248955.74,
                            "Plan Rows": 8696274,
                            "Plan Width": 4,
                            "Actual Startup Time": 0.008,
                            "Actual Total Time": 692.181,
                            "Actual Rows": 7417860,
                            "Actual Loops": 2
                          },
                          {
                            "Node Type": "Hash",
                            "Parent Relationship": "Inner",
                            "Parallel Aware": true,
                            "Startup Cost": 58306.47,
                            "Total Cost": 58306.47,
                            "Plan Rows": 684146,
                            "Plan Width": 4,
                            "Actual Startup Time": 331.106,
                            "Actual Total Time": 331.107,
                            "Actual Rows": 633666,
                            "Actual Loops": 2,
                            "Hash Buckets": 2097152,
                            "Original Hash Buckets": 2097152,
                            "Hash Batches": 1,
                            "Original Hash Batches": 1,
                            "Peak Memory Usage": 65984,
                            "Plans": [
                              {
                                "Node Type": "Seq Scan",
                                "Parent Relationship": "Outer",
                                "Parallel Aware": true,
                                "Relation Name": "title",
                                "Alias": "t",
                                "Startup Cost": 0.0,
                                "Total Cost": 58306.47,
                                "Plan Rows": 684146,
                                "Plan Width": 4,
                                "Actual Startup Time": 0.032,
                                "Actual Total Time": 163.838,
                                "Actual Rows": 633666,
                                "Actual Loops": 2,
                                "Filter": "((kind_id > 1) AND (production_year > 1996))",
                                "Rows Removed by Filter": 630490
                              }
                            ]
                          }
                        ]
                      }
                    ]
                  }
                ]
              }
            ]
          }
        ]
      }
    ]
  },
  "Planning Time": 1.065,
  "Triggers": [],
  "Execution Time": 10171.038
}