[
  {
    "Plan": {
      "Node Type": "Aggregate",
      "Strategy": "Plain",
      "Partial Mode": "Finalize",
      "Parallel Aware": false,
      "Startup Cost": 92101.98,
      "Total Cost": 92101.99,
      "Plan Rows": 1,
      "Plan Width": 8,
      "Actual Startup Time": 269.8,
      "Actual Total Time": 284.36,
      "Actual Rows": 1,
      "Actual Loops": 1,
      "Plans": [
        {
          "Node Type": "Gather",
          "Parent Relationship": "Outer",
          "Parallel Aware": false,
          "Startup Cost": 92101.66,
          "Total Cost": 92101.97,
          "Plan Rows": 3,
          "Plan Width": 8,
          "Actual Startup Time": 269.183,
          "Actual Total Time": 284.353,
          "Actual Rows": 4,
          "Actual Loops": 1,
          "Workers Planned": 3,
          "Workers Launched": 3,
          "Single Copy": false,
          "Plans": [
            {
              "Node Type": "Aggregate",
              "Strategy": "Plain",
              "Partial Mode": "Partial",
              "Parent Relationship": "Outer",
              "Parallel Aware": false,
              "Startup Cost": 91101.66,
              "Total Cost": 91101.67,
              "Plan Rows": 1,
              "Plan Width": 8,
              "Actual Startup Time": 263.921,
              "Actual Total Time": 263.924,
              "Actual Rows": 1,
              "Actual Loops": 4,
              "Plans": [
                {
                  "Node Type": "Hash Join",
                  "Parent Relationship": "Outer",
                  "Parallel Aware": true,
                  "Join Type": "Inner",
                  "Startup Cost": 45871.84,
                  "Total Cost": 90987.25,
                  "Plan Rows": 45763,
                  "Plan Width": 0,
                  "Actual Startup Time": 100.396,
                  "Actual Total Time": 258.702,
                  "Actual Rows": 130872,
                  "Actual Loops": 4,
                  "Inner Unique": true,
                  "Hash Cond": "(mk.movie_id = t.id)",
                  "Plans": [
                    {
                      "Node Type": "Seq Scan",
                      "Parent Relationship": "Outer",
                      "Parallel Aware": true,
                      "Relation Name": "movie_keyword",
                      "Alias": "mk",
                      "Startup Cost": 0.0,
                      "Total Cost": 42695.65,
                      "Plan Rows": 921814,
                      "Plan Width": 4,
                      "Actual Startup Time": 0.157,
                      "Actual Total Time": 96.789,
                      "Actual Rows": 712540,
                      "Actual Loops": 4,
                      "Filter": "(keyword_id > 2564)",
                      "Rows Removed by Filter": 418443
                    },
                    {
                      "Node Type": "Hash",
                      "Parent Relationship": "Inner",
                      "Parallel Aware": true,
                      "Startup Cost": 45479.59,
                      "Total Cost": 45479.59,
                      "Plan Rows": 31380,
                      "Plan Width": 4,
                      "Actual Startup Time": 99.357,
                      "Actual Total Time": 99.358,
                      "Actual Rows": 58423,
                      "Actual Loops": 4,
                      "Hash Buckets": 262144,
                      "Original Hash Buckets": 131072,
                      "Hash Batches": 1,
                      "Original Hash Batches": 1,
                      "Peak Memory Usage": 12256,
                      "Plans": [
                        {
                          "Node Type": "Seq Scan",
                          "Parent Relationship": "Outer",
                          "Parallel Aware": true,
                          "Relation Name": "title",
                          "Alias": "t",
                          "Startup Cost": 0.0,
                          "Total Cost": 45479.59,
                          "Plan Rows": 31380,
                          "Plan Width": 4,
                          "Actual Startup Time": 0.229,
                          "Actual Total Time": 81.566,
                          "Actual Rows": 58423,
                          "Actual Loops": 4,
                          "Filter": "((kind_id < 7) AND (production_year < 1968))",
                          "Rows Removed by Filter": 573655
                        }
                      ]
                    }
                  ]
                }
              ]
            }
          ]
        }
      ]
    },
    "Planning Time": 0.429,
    "Triggers": [],
    "Execution Time": 284.394
  }
]