[
    {
        "Bao": {
            "Bao prediction": "NaN",
            "Bao recommended hint": "(no hint)"
        }
    },
    {
        "Plan": {
            "Node Type": "Aggregate",
            "Strategy": "Plain",
            "Partial Mode": "Finalize",
            "Parallel Aware": false,
            "Startup Cost": 156230.66,
            "Total Cost": 156230.67,
            "Plan Rows": 1,
            "Plan Width": 8,
            "Actual Startup Time": 399.944,
            "Actual Total Time": 413.423,
            "Actual Rows": 1,
            "Actual Loops": 1,
            "Output": [
                "count(*)"
            ],
            "Plans": [
                {
                    "Node Type": "Gather",
                    "Parent Relationship": "Outer",
                    "Parallel Aware": false,
                    "Startup Cost": 156230.14,
                    "Total Cost": 156230.65,
                    "Plan Rows": 5,
                    "Plan Width": 8,
                    "Actual Startup Time": 397.819,
                    "Actual Total Time": 413.411,
                    "Actual Rows": 6,
                    "Actual Loops": 1,
                    "Output": [
                        "(PARTIAL count(*))"
                    ],
                    "Workers Planned": 5,
                    "Workers Launched": 5,
                    "Single Copy": false,
                    "Plans": [
                        {
                            "Node Type": "Aggregate",
                            "Strategy": "Plain",
                            "Partial Mode": "Partial",
                            "Parent Relationship": "Outer",
                            "Parallel Aware": false,
                            "Startup Cost": 155230.14,
                            "Total Cost": 155230.15,
                            "Plan Rows": 1,
                            "Plan Width": 8,
                            "Actual Startup Time": 387.373,
                            "Actual Total Time": 387.441,
                            "Actual Rows": 1,
                            "Actual Loops": 6,
                            "Output": [
                                "PARTIAL count(*)"
                            ],
                            "Workers": [
                                {
                                    "Worker Number": 0,
                                    "Actual Startup Time": 385.657,
                                    "Actual Total Time": 385.66,
                                    "Actual Rows": 1,
                                    "Actual Loops": 1
                                },
                                {
                                    "Worker Number": 1,
                                    "Actual Startup Time": 384.64,
                                    "Actual Total Time": 384.642,
                                    "Actual Rows": 1,
                                    "Actual Loops": 1
                                },
                                {
                                    "Worker Number": 2,
                                    "Actual Startup Time": 385.315,
                                    "Actual Total Time": 385.318,
                                    "Actual Rows": 1,
                                    "Actual Loops": 1
                                },
                                {
                                    "Worker Number": 3,
                                    "Actual Startup Time": 385.555,
                                    "Actual Total Time": 385.557,
                                    "Actual Rows": 1,
                                    "Actual Loops": 1
                                },
                                {
                                    "Worker Number": 4,
                                    "Actual Startup Time": 386.007,
                                    "Actual Total Time": 386.01,
                                    "Actual Rows": 1,
                                    "Actual Loops": 1
                                }
                            ],
                            "Plans": [
                                {
                                    "Node Type": "Hash Join",
                                    "Parent Relationship": "Outer",
                                    "Parallel Aware": true,
                                    "Join Type": "Inner",
                                    "Startup Cost": 45835.72,
                                    "Total Cost": 155139.96,
                                    "Plan Rows": 36072,
                                    "Plan Width": 0,
                                    "Actual Startup Time": 116.202,
                                    "Actual Total Time": 385.949,
                                    "Actual Rows": 21872,
                                    "Actual Loops": 6,
                                    "Inner Unique": true,
                                    "Hash Cond": "(ci.movie_id = t.id)",
                                    "Workers": [
                                        {
                                            "Worker Number": 0,
                                            "Actual Startup Time": 113.833,
                                            "Actual Total Time": 384.195,
                                            "Actual Rows": 17465,
                                            "Actual Loops": 1
                                        },
                                        {
                                            "Worker Number": 1,
                                            "Actual Startup Time": 113.703,
                                            "Actual Total Time": 383.184,
                                            "Actual Rows": 16894,
                                            "Actual Loops": 1
                                        },
                                        {
                                            "Worker Number": 2,
                                            "Actual Startup Time": 114.208,
                                            "Actual Total Time": 383.712,
                                            "Actual Rows": 19297,
                                            "Actual Loops": 1
                                        },
                                        {
                                            "Worker Number": 3,
                                            "Actual Startup Time": 114.918,
                                            "Actual Total Time": 384.069,
                                            "Actual Rows": 29554,
                                            "Actual Loops": 1
                                        },
                                        {
                                            "Worker Number": 4,
                                            "Actual Startup Time": 114.281,
                                            "Actual Total Time": 384.579,
                                            "Actual Rows": 26680,
                                            "Actual Loops": 1
                                        }
                                    ],
                                    "Plans": [
                                        {
                                            "Node Type": "Index Scan",
                                            "Parent Relationship": "Outer",
                                            "Parallel Aware": true,
                                            "Scan Direction": "Forward",
                                            "Index Name": "role_id_cast_info",
                                            "Relation Name": "cast_info",
                                            "Schema": "public",
                                            "Alias": "ci",
                                            "Startup Cost": 0.56,
                                            "Total Cost": 107202.96,
                                            "Plan Rows": 800703,
                                            "Plan Width": 4,
                                            "Actual Startup Time": 0.383,
                                            "Actual Total Time": 135.674,
                                            "Actual Rows": 668006,
                                            "Actual Loops": 6,
                                            "Output": [
                                                "ci.id",
                                                "ci.person_id",
                                                "ci.movie_id",
                                                "ci.person_role_id",
                                                "ci.note",
                                                "ci.nr_order",
                                                "ci.role_id"
                                            ],
                                            "Index Cond": "(ci.role_id = 3)",
                                            "Rows Removed by Index Recheck": 0,
                                            "Workers": [
                                                {
                                                    "Worker Number": 0,
                                                    "Actual Startup Time": 0.617,
                                                    "Actual Total Time": 138.36,
                                                    "Actual Rows": 574885,
                                                    "Actual Loops": 1
                                                },
                                                {
                                                    "Worker Number": 1,
                                                    "Actual Startup Time": 0.48,
                                                    "Actual Total Time": 135.801,
                                                    "Actual Rows": 570206,
                                                    "Actual Loops": 1
                                                },
                                                {
                                                    "Worker Number": 2,
                                                    "Actual Startup Time": 0.413,
                                                    "Actual Total Time": 137.311,
                                                    "Actual Rows": 574874,
                                                    "Actual Loops": 1
                                                },
                                                {
                                                    "Worker Number": 3,
                                                    "Actual Startup Time": 0.274,
                                                    "Actual Total Time": 137.677,
                                                    "Actual Rows": 849845,
                                                    "Actual Loops": 1
                                                },
                                                {
                                                    "Worker Number": 4,
                                                    "Actual Startup Time": 0.097,
                                                    "Actual Total Time": 133.681,
                                                    "Actual Rows": 810841,
                                                    "Actual Loops": 1
                                                }
                                            ]
                                        },
                                        {
                                            "Node Type": "Hash",
                                            "Parent Relationship": "Inner",
                                            "Parallel Aware": true,
                                            "Startup Cost": 45479.21,
                                            "Total Cost": 45479.21,
                                            "Plan Rows": 28476,
                                            "Plan Width": 4,
                                            "Actual Startup Time": 114.118,
                                            "Actual Total Time": 114.119,
                                            "Actual Rows": 40674,
                                            "Actual Loops": 6,
                                            "Output": [
                                                "t.id"
                                            ],
                                            "Hash Buckets": 262144,
                                            "Original Hash Buckets": 131072,
                                            "Hash Batches": 1,
                                            "Original Hash Batches": 1,
                                            "Peak Memory Usage": 12736,
                                            "Workers": [
                                                {
                                                    "Worker Number": 0,
                                                    "Actual Startup Time": 112.526,
                                                    "Actual Total Time": 112.527,
                                                    "Actual Rows": 33712,
                                                    "Actual Loops": 1
                                                },
                                                {
                                                    "Worker Number": 1,
                                                    "Actual Startup Time": 112.337,
                                                    "Actual Total Time": 112.338,
                                                    "Actual Rows": 33712,
                                                    "Actual Loops": 1
                                                },
                                                {
                                                    "Worker Number": 2,
                                                    "Actual Startup Time": 112.977,
                                                    "Actual Total Time": 112.978,
                                                    "Actual Rows": 34781,
                                                    "Actual Loops": 1
                                                },
                                                {
                                                    "Worker Number": 3,
                                                    "Actual Startup Time": 113.269,
                                                    "Actual Total Time": 113.27,
                                                    "Actual Rows": 49157,
                                                    "Actual Loops": 1
                                                },
                                                {
                                                    "Worker Number": 4,
                                                    "Actual Startup Time": 113.754,
                                                    "Actual Total Time": 113.756,
                                                    "Actual Rows": 46245,
                                                    "Actual Loops": 1
                                                }
                                            ],
                                            "Plans": [
                                                {
                                                    "Node Type": "Seq Scan",
                                                    "Parent Relationship": "Outer",
                                                    "Parallel Aware": true,
                                                    "Relation Name": "title",
                                                    "Schema": "public",
                                                    "Alias": "t",
                                                    "Startup Cost": 0.0,
                                                    "Total Cost": 45479.21,
                                                    "Plan Rows": 28476,
                                                    "Plan Width": 4,
                                                    "Actual Startup Time": 56.37,
                                                    "Actual Total Time": 91.753,
                                                    "Actual Rows": 40674,
                                                    "Actual Loops": 6,
                                                    "Output": [
                                                        "t.id"
                                                    ],
                                                    "Filter": "((t.production_year < 1974) AND (t.kind_id = 1))",
                                                    "Rows Removed by Filter": 380712,
                                                    "Workers": [
                                                        {
                                                            "Worker Number": 0,
                                                            "Actual Startup Time": 54.298,
                                                            "Actual Total Time": 91.09,
                                                            "Actual Rows": 33712,
                                                            "Actual Loops": 1
                                                        },
                                                        {
                                                            "Worker Number": 1,
                                                            "Actual Startup Time": 55.034,
                                                            "Actual Total Time": 91.094,
                                                            "Actual Rows": 33712,
                                                            "Actual Loops": 1
                                                        },
                                                        {
                                                            "Worker Number": 2,
                                                            "Actual Startup Time": 54.768,
                                                            "Actual Total Time": 92.096,
                                                            "Actual Rows": 34781,
                                                            "Actual Loops": 1
                                                        },
                                                        {
                                                            "Worker Number": 3,
                                                            "Actual Startup Time": 55.653,
                                                            "Actual Total Time": 90.461,
                                                            "Actual Rows": 49157,
                                                            "Actual Loops": 1
                                                        },
                                                        {
                                                            "Worker Number": 4,
                                                            "Actual Startup Time": 56.468,
                                                            "Actual Total Time": 91.249,
                                                            "Actual Rows": 46245,
                                                            "Actual Loops": 1
                                                        }
                                                    ]
                                                }
                                            ]
                                        }
                                    ]
                                }
                            ]
                        }
                    ]
                }
            ]
        },
        "Planning Time": 298.49,
        "Triggers": [],
        "Execution Time": 413.537
    }
]