[
  {
    "Plan": {
      "Node Type": "Aggregate",
      "Strategy": "Plain",
      "Partial Mode": "Simple",
      "Parallel Aware": false,
      "Startup Cost": 1060.75,
      "Total Cost": 1060.76,
      "Plan Rows": 1,
      "Plan Width": 8,
      "Actual Startup Time": 0.142,
      "Actual Total Time": 0.143,
      "Actual Rows": 1,
      "Actual Loops": 1,
      "Plans": [
        {
          "Node Type": "Index Scan",
          "Parent Relationship": "Outer",
          "Parallel Aware": false,
          "Scan Direction": "Forward",
          "Index Name": "person_id_cast_info",
          "Relation Name": "cast_info",
          "Alias": "ci",
          "Startup Cost": 0.56,
          "Total Cost": 1059.67,
          "Plan Rows": 433,
          "Plan Width": 0,
          "Actual Startup Time": 0.102,
          "Actual Total Time": 0.132,
          "Actual Rows": 39,
          "Actual Loops": 1,
          "Index Cond": "(person_id = 35102)",
          "Rows Removed by Index Recheck": 0,
          "Filter": "(role_id < 10)",
          "Rows Removed by Filter": 0
        }
      ]
    },
    "Planning Time": 0.181,
    "Triggers": [],
    "Execution Time": 0.184
  }
]