[
  {
    "Plan": {
      "Node Type": "Aggregate",
      "Strategy": "Plain",
      "Partial Mode": "Finalize",
      "Parallel Aware": false,
      "Startup Cost": 44963.52,
      "Total Cost": 44963.53,
      "Plan Rows": 1,
      "Plan Width": 8,
      "Actual Startup Time": 103.481,
      "Actual Total Time": 117.754,
      "Actual Rows": 1,
      "Actual Loops": 1,
      "Plans": [
        {
          "Node Type": "Gather",
          "Parent Relationship": "Outer",
          "Parallel Aware": false,
          "Startup Cost": 44963.1,
          "Total Cost": 44963.51,
          "Plan Rows": 4,
          "Plan Width": 8,
          "Actual Startup Time": 103.354,
          "Actual Total Time": 117.745,
          "Actual Rows": 5,
          "Actual Loops": 1,
          "Workers Planned": 4,
          "Workers Launched": 4,
          "Single Copy": false,
          "Plans": [
            {
              "Node Type": "Aggregate",
              "Strategy": "Plain",
              "Partial Mode": "Partial",
              "Parent Relationship": "Outer",
              "Parallel Aware": false,
              "Startup Cost": 43963.1,
              "Total Cost": 43963.11,
              "Plan Rows": 1,
              "Plan Width": 8,
              "Actual Startup Time": 96.51,
              "Actual Total Time": 96.511,
              "Actual Rows": 1,
              "Actual Loops": 5,
              "Plans": [
                {
                  "Node Type": "Seq Scan",
                  "Parent Relationship": "Outer",
                  "Parallel Aware": true,
                  "Relation Name": "title",
                  "Alias": "t",
                  "Startup Cost": 0.0,
                  "Total Cost": 43898.92,
                  "Plan Rows": 25672,
                  "Plan Width": 0,
                  "Actual Startup Time": 48.348,
                  "Actual Total Time": 95.134,
                  "Actual Rows": 20796,
                  "Actual Loops": 5,
                  "Filter": "(production_year < 1926)",
                  "Rows Removed by Filter": 484866
                }
              ]
            }
          ]
        }
      ]
    },
    "Planning Time": 0.15,
    "Triggers": [],
    "Execution Time": 117.813
  }
]