[
  {
    "Plan": {
      "Node Type": "Aggregate",
      "Strategy": "Plain",
      "Partial Mode": "Finalize",
      "Parallel Aware": false,
      "Startup Cost": 31419.43,
      "Total Cost": 31419.44,
      "Plan Rows": 1,
      "Plan Width": 8,
      "Actual Startup Time": 93.517,
      "Actual Total Time": 101.663,
      "Actual Rows": 1,
      "Actual Loops": 1,
      "Plans": [
        {
          "Node Type": "Gather",
          "Parent Relationship": "Outer",
          "Parallel Aware": false,
          "Startup Cost": 31419.11,
          "Total Cost": 31419.42,
          "Plan Rows": 3,
          "Plan Width": 8,
          "Actual Startup Time": 93.402,
          "Actual Total Time": 101.654,
          "Actual Rows": 4,
          "Actual Loops": 1,
          "Workers Planned": 3,
          "Workers Launched": 3,
          "Single Copy": false,
          "Plans": [
            {
              "Node Type": "Aggregate",
              "Strategy": "Plain",
              "Partial Mode": "Partial",
              "Parent Relationship": "Outer",
              "Parallel Aware": false,
              "Startup Cost": 30419.11,
              "Total Cost": 30419.12,
              "Plan Rows": 1,
              "Plan Width": 8,
              "Actual Startup Time": 90.102,
              "Actual Total Time": 90.103,
              "Actual Rows": 1,
              "Actual Loops": 4,
              "Plans": [
                {
                  "Node Type": "Seq Scan",
                  "Parent Relationship": "Outer",
                  "Parallel Aware": true,
                  "Relation Name": "movie_companies",
                  "Alias": "mc",
                  "Startup Cost": 0.0,
                  "Total Cost": 29310.68,
                  "Plan Rows": 443371,
                  "Plan Width": 0,
                  "Actual Startup Time": 0.015,
                  "Actual Total Time": 73.591,
                  "Actual Rows": 346380,
                  "Actual Loops": 4,
                  "Filter": "(company_id < 11972)",
                  "Rows Removed by Filter": 305902
                }
              ]
            }
          ]
        }
      ]
    },
    "Planning Time": 0.107,
    "Triggers": [],
    "Execution Time": 101.694
  }
]