[
  {
    "Plan": {
      "Node Type": "Aggregate",
      "Strategy": "Plain",
      "Partial Mode": "Finalize",
      "Parallel Aware": false,
      "Startup Cost": 344379.29,
      "Total Cost": 344379.3,
      "Plan Rows": 1,
      "Plan Width": 8,
      "Actual Startup Time": 413.498,
      "Actual Total Time": 426.017,
      "Actual Rows": 1,
      "Actual Loops": 1,
      "Plans": [
        {
          "Node Type": "Gather",
          "Parent Relationship": "Outer",
          "Parallel Aware": false,
          "Startup Cost": 344378.66,
          "Total Cost": 344379.27,
          "Plan Rows": 6,
          "Plan Width": 8,
          "Actual Startup Time": 412.52,
          "Actual Total Time": 426.008,
          "Actual Rows": 7,
          "Actual Loops": 1,
          "Workers Planned": 6,
          "Workers Launched": 6,
          "Single Copy": false,
          "Plans": [
            {
              "Node Type": "Aggregate",
              "Strategy": "Plain",
              "Partial Mode": "Partial",
              "Parent Relationship": "Outer",
              "Parallel Aware": false,
              "Startup Cost": 343378.66,
              "Total Cost": 343378.67,
              "Plan Rows": 1,
              "Plan Width": 8,
              "Actual Startup Time": 402.295,
              "Actual Total Time": 402.296,
              "Actual Rows": 1,
              "Actual Loops": 7,
              "Plans": [
                {
                  "Node Type": "Bitmap Heap Scan",
                  "Parent Relationship": "Outer",
                  "Parallel Aware": true,
                  "Relation Name": "cast_info",
                  "Alias": "ci",
                  "Startup Cost": 80795.61,
                  "Total Cost": 342684.86,
                  "Plan Rows": 277520,
                  "Plan Width": 0,
                  "Actual Startup Time": 342.507,
                  "Actual Total Time": 395.253,
                  "Actual Rows": 152094,
                  "Actual Loops": 7,
                  "Recheck Cond": "(person_id < 365013)",
                  "Rows Removed by Index Recheck": 0,
                  "Filter": "(role_id > 2)",
                  "Rows Removed by Filter": 391972,
                  "Exact Heap Blocks": 6571,
                  "Lossy Heap Blocks": 0,
                  "Plans": [
                    {
                      "Node Type": "Bitmap Index Scan",
                      "Parent Relationship": "Outer",
                      "Parallel Aware": false,
                      "Index Name": "person_id_cast_info",
                      "Startup Cost": 0.0,
                      "Total Cost": 80379.33,
                      "Plan Rows": 3680902,
                      "Plan Width": 0,
                      "Actual Startup Time": 256.726,
                      "Actual Total Time": 256.727,
                      "Actual Rows": 3808462,
                      "Actual Loops": 1,
                      "Index Cond": "(person_id < 365013)"
                    }
                  ]
                }
              ]
            }
          ]
        }
      ]
    },
    "Planning Time": 0.24,
    "Triggers": [],
    "Execution Time": 426.1
  }
]