[
  {
    "Plan": {
      "Node Type": "Aggregate",
      "Strategy": "Plain",
      "Partial Mode": "Finalize",
      "Parallel Aware": false,
      "Startup Cost": 41918.41,
      "Total Cost": 41918.42,
      "Plan Rows": 1,
      "Plan Width": 8,
      "Actual Startup Time": 129.883,
      "Actual Total Time": 140.703,
      "Actual Rows": 1,
      "Actual Loops": 1,
      "Plans": [
        {
          "Node Type": "Gather",
          "Parent Relationship": "Outer",
          "Parallel Aware": false,
          "Startup Cost": 41918.1,
          "Total Cost": 41918.41,
          "Plan Rows": 3,
          "Plan Width": 8,
          "Actual Startup Time": 129.644,
          "Actual Total Time": 140.694,
          "Actual Rows": 4,
          "Actual Loops": 1,
          "Workers Planned": 3,
          "Workers Launched": 3,
          "Single Copy": false,
          "Plans": [
            {
              "Node Type": "Aggregate",
              "Strategy": "Plain",
              "Partial Mode": "Partial",
              "Parent Relationship": "Outer",
              "Parallel Aware": false,
              "Startup Cost": 40918.1,
              "Total Cost": 40918.11,
              "Plan Rows": 1,
              "Plan Width": 8,
              "Actual Startup Time": 123.945,
              "Actual Total Time": 123.947,
              "Actual Rows": 1,
              "Actual Loops": 4,
              "Plans": [
                {
                  "Node Type": "Bitmap Heap Scan",
                  "Parent Relationship": "Outer",
                  "Parallel Aware": true,
                  "Relation Name": "movie_keyword",
                  "Alias": "mk",
                  "Startup Cost": 13406.18,
                  "Total Cost": 40408.44,
                  "Plan Rows": 203861,
                  "Plan Width": 0,
                  "Actual Startup Time": 35.177,
                  "Actual Total Time": 114.224,
                  "Actual Rows": 160432,
                  "Actual Loops": 4,
                  "Recheck Cond": "(keyword_id < 498)",
                  "Rows Removed by Index Recheck": 0,
                  "Exact Heap Blocks": 10824,
                  "Lossy Heap Blocks": 0,
                  "Plans": [
                    {
                      "Node Type": "Bitmap Index Scan",
                      "Parent Relationship": "Outer",
                      "Parallel Aware": false,
                      "Index Name": "keyword_id_movie_keyword",
                      "Startup Cost": 0.0,
                      "Total Cost": 13248.19,
                      "Plan Rows": 631968,
                      "Plan Width": 0,
                      "Actual Startup Time": 36.921,
                      "Actual Total Time": 36.921,
                      "Actual Rows": 641726,
                      "Actual Loops": 1,
                      "Index Cond": "(keyword_id < 498)"
                    }
                  ]
                }
              ]
            }
          ]
        }
      ]
    },
    "Planning Time": 0.088,
    "Triggers": [],
    "Execution Time": 140.741
  }
]