[
  {
    "Plan": {
      "Node Type": "Aggregate",
      "Strategy": "Plain",
      "Partial Mode": "Finalize",
      "Parallel Aware": false,
      "Startup Cost": 46938.04,
      "Total Cost": 46938.05,
      "Plan Rows": 1,
      "Plan Width": 8,
      "Actual Startup Time": 176.662,
      "Actual Total Time": 185.827,
      "Actual Rows": 1,
      "Actual Loops": 1,
      "Plans": [
        {
          "Node Type": "Gather",
          "Parent Relationship": "Outer",
          "Parallel Aware": false,
          "Startup Cost": 46937.72,
          "Total Cost": 46938.03,
          "Plan Rows": 3,
          "Plan Width": 8,
          "Actual Startup Time": 176.465,
          "Actual Total Time": 185.817,
          "Actual Rows": 4,
          "Actual Loops": 1,
          "Workers Planned": 3,
          "Workers Launched": 3,
          "Single Copy": false,
          "Plans": [
            {
              "Node Type": "Aggregate",
              "Strategy": "Plain",
              "Partial Mode": "Partial",
              "Parent Relationship": "Outer",
              "Parallel Aware": false,
              "Startup Cost": 45937.72,
              "Total Cost": 45937.73,
              "Plan Rows": 1,
              "Plan Width": 8,
              "Actual Startup Time": 169.716,
              "Actual Total Time": 169.717,
              "Actual Rows": 1,
              "Actual Loops": 4,
              "Plans": [
                {
                  "Node Type": "Seq Scan",
                  "Parent Relationship": "Outer",
                  "Parallel Aware": true,
                  "Relation Name": "movie_keyword",
                  "Alias": "mk",
                  "Startup Cost": 0.0,
                  "Total Cost": 42695.65,
                  "Plan Rows": 1296828,
                  "Plan Width": 0,
                  "Actual Startup Time": 0.053,
                  "Actual Total Time": 124.162,
                  "Actual Rows": 1008189,
                  "Actual Loops": 4,
                  "Filter": "(keyword_id < 36663)",
                  "Rows Removed by Filter": 122793
                }
              ]
            }
          ]
        }
      ]
    },
    "Planning Time": 0.231,
    "Triggers": [],
    "Execution Time": 185.883
  }
]