[
    {
        "Bao": {
            "Bao prediction": "NaN",
            "Bao recommended hint": "(no hint)"
        }
    },
    {
        "Plan": {
            "Node Type": "Aggregate",
            "Strategy": "Plain",
            "Partial Mode": "Finalize",
            "Parallel Aware": false,
            "Startup Cost": 349572.48,
            "Total Cost": 349572.49,
            "Plan Rows": 1,
            "Plan Width": 8,
            "Actual Startup Time": 674.551,
            "Actual Total Time": 704.964,
            "Actual Rows": 1,
            "Actual Loops": 1,
            "Output": [
                "count(*)"
            ],
            "Plans": [
                {
                    "Node Type": "Gather",
                    "Parent Relationship": "Outer",
                    "Parallel Aware": false,
                    "Startup Cost": 349571.85,
                    "Total Cost": 349572.46,
                    "Plan Rows": 6,
                    "Plan Width": 8,
                    "Actual Startup Time": 674.469,
                    "Actual Total Time": 704.953,
                    "Actual Rows": 7,
                    "Actual Loops": 1,
                    "Output": [
                        "(PARTIAL count(*))"
                    ],
                    "Workers Planned": 6,
                    "Workers Launched": 6,
                    "Single Copy": false,
                    "Plans": [
                        {
                            "Node Type": "Aggregate",
                            "Strategy": "Plain",
                            "Partial Mode": "Partial",
                            "Parent Relationship": "Outer",
                            "Parallel Aware": false,
                            "Startup Cost": 348571.85,
                            "Total Cost": 348571.86,
                            "Plan Rows": 1,
                            "Plan Width": 8,
                            "Actual Startup Time": 664.768,
                            "Actual Total Time": 664.769,
                            "Actual Rows": 1,
                            "Actual Loops": 7,
                            "Output": [
                                "PARTIAL count(*)"
                            ],
                            "Workers": [
                                {
                                    "Worker Number": 0,
                                    "Actual Startup Time": 662.497,
                                    "Actual Total Time": 662.498,
                                    "Actual Rows": 1,
                                    "Actual Loops": 1
                                },
                                {
                                    "Worker Number": 1,
                                    "Actual Startup Time": 662.717,
                                    "Actual Total Time": 662.718,
                                    "Actual Rows": 1,
                                    "Actual Loops": 1
                                },
                                {
                                    "Worker Number": 2,
                                    "Actual Startup Time": 663.034,
                                    "Actual Total Time": 663.035,
                                    "Actual Rows": 1,
                                    "Actual Loops": 1
                                },
                                {
                                    "Worker Number": 3,
                                    "Actual Startup Time": 663.488,
                                    "Actual Total Time": 663.489,
                                    "Actual Rows": 1,
                                    "Actual Loops": 1
                                },
                                {
                                    "Worker Number": 4,
                                    "Actual Startup Time": 663.638,
                                    "Actual Total Time": 663.639,
                                    "Actual Rows": 1,
                                    "Actual Loops": 1
                                },
                                {
                                    "Worker Number": 5,
                                    "Actual Startup Time": 663.968,
                                    "Actual Total Time": 663.969,
                                    "Actual Rows": 1,
                                    "Actual Loops": 1
                                }
                            ],
                            "Plans": [
                                {
                                    "Node Type": "Seq Scan",
                                    "Parent Relationship": "Outer",
                                    "Parallel Aware": true,
                                    "Relation Name": "cast_info",
                                    "Schema": "public",
                                    "Alias": "ci",
                                    "Startup Cost": 0.0,
                                    "Total Cost": 343318.94,
                                    "Plan Rows": 2101166,
                                    "Plan Width": 0,
                                    "Actual Startup Time": 222.347,
                                    "Actual Total Time": 618.501,
                                    "Actual Rows": 959749,
                                    "Actual Loops": 7,
                                    "Output": [
                                        "id",
                                        "person_id",
                                        "movie_id",
                                        "person_role_id",
                                        "note",
                                        "nr_order",
                                        "role_id"
                                    ],
                                    "Filter": "((ci.person_id < 1940169) AND (ci.role_id > 1))",
                                    "Rows Removed by Filter": 4218015,
                                    "Workers": [
                                        {
                                            "Worker Number": 0,
                                            "Actual Startup Time": 220.076,
                                            "Actual Total Time": 618.143,
                                            "Actual Rows": 1064338,
                                            "Actual Loops": 1
                                        },
                                        {
                                            "Worker Number": 1,
                                            "Actual Startup Time": 220.302,
                                            "Actual Total Time": 618.545,
                                            "Actual Rows": 1059021,
                                            "Actual Loops": 1
                                        },
                                        {
                                            "Worker Number": 2,
                                            "Actual Startup Time": 220.602,
                                            "Actual Total Time": 616.575,
                                            "Actual Rows": 686410,
                                            "Actual Loops": 1
                                        },
                                        {
                                            "Worker Number": 3,
                                            "Actual Startup Time": 221.067,
                                            "Actual Total Time": 619.34,
                                            "Actual Rows": 1058135,
                                            "Actual Loops": 1
                                        },
                                        {
                                            "Worker Number": 4,
                                            "Actual Startup Time": 221.222,
                                            "Actual Total Time": 619.723,
                                            "Actual Rows": 1053389,
                                            "Actual Loops": 1
                                        },
                                        {
                                            "Worker Number": 5,
                                            "Actual Startup Time": 221.553,
                                            "Actual Total Time": 619.059,
                                            "Actual Rows": 1060287,
                                            "Actual Loops": 1
                                        }
                                    ]
                                }
                            ]
                        }
                    ]
                }
            ]
        },
        "Planning Time": 275.7,
        "Triggers": [],
        "Execution Time": 705.02
    }
]