{
  "Plan": {
    "Node Type": "Aggregate",
    "Strategy": "Plain",
    "Partial Mode": "Finalize",
    "Parallel Aware": false,
    "Startup Cost": 296006.7,
    "Total Cost": 296006.71,
    "Plan Rows": 1,
    "Plan Width": 8,
    "Actual Startup Time": 1828.988,
    "Actual Total Time": 1862.052,
    "Actual Rows": 1,
    "Actual Loops": 1,
    "Plans": [
      {
        "Node Type": "Gather",
        "Parent Relationship": "Outer",
        "Parallel Aware": false,
        "Startup Cost": 296006.59,
        "Total Cost": 296006.7,
        "Plan Rows": 1,
        "Plan Width": 8,
        "Actual Startup Time": 1493.569,
        "Actual Total Time": 1862.035,
        "Actual Rows": 2,
        "Actual Loops": 1,
        "Workers Planned": 1,
        "Workers Launched": 1,
        "Single Copy": false,
        "Plans": [
          {
            "Node Type": "Aggregate",
            "Strategy": "Plain",
            "Partial Mode": "Partial",
            "Parent Relationship": "Outer",
            "Parallel Aware": false,
            "Startup Cost": 295006.59,
            "Total Cost": 295006.6,
            "Plan Rows": 1,
            "Plan Width": 8,
            "Actual Startup Time": 1646.939,
            "Actual Total Time": 1646.949,
            "Actual Rows": 1,
            "Actual Loops": 2,
            "Plans": [
              {
                "Node Type": "Merge Join",
                "Parent Relationship": "Outer",
                "Parallel Aware": false,
                "Join Type": "Inner",
                "Startup Cost": 284592.42,
                "Total Cost": 294454.44,
                "Plan Rows": 220858,
                "Plan Width": 0,
                "Actual Startup Time": 1393.755,
                "Actual Total Time": 1626.192,
                "Actual Rows": 445340,
                "Actual Loops": 2,
                "Inner Unique": false,
                "Merge Cond": "(t.id = mc.movie_id)",
                "Plans": [
                  {
                    "Node Type": "Sort",
                    "Parent Relationship": "Outer",
                    "Parallel Aware": false,
                    "Startup Cost": 143948.47,
                    "Total Cost": 145445.54,
                    "Plan Rows": 598827,
                    "Plan Width": 8,
                    "Actual Startup Time": 790.346,
                    "Actual Total Time": 806.95,
                    "Actual Rows": 375058,
                    "Actual Loops": 2,
                    "Sort Key": [
                      "mi_idx.movie_id"
                    ],
                    "Sort Method": "quicksort",
                    "Sort Space Used": 33776,
                    "Sort Space Type": "Memory",
                    "Workers": [
                      {
                        "Worker Number": 0,
                        "Sort Method": "quicksort",
                        "Sort Space Used": 25964,
                        "Sort Space Type": "Memory"
                      }
                    ],
                    "Plans": [
                      {
                        "Node Type": "Hash Join",
                        "Parent Relationship": "Outer",
                        "Parallel Aware": true,
                        "Join Type": "Inner",
                        "Startup Cost": 68301.9,
                        "Total Cost": 86485.69,
                        "Plan Rows": 598827,
                        "Plan Width": 8,
                        "Actual Startup Time": 474.314,
                        "Actual Total Time": 706.242,
                        "Actual Rows": 375068,
                        "Actual Loops": 2,
                        "Inner Unique": true,
                        "Hash Cond": "(mi_idx.movie_id = t.id)",
                        "Plans": [
                          {
                            "Node Type": "Seq Scan",
                            "Parent Relationship": "Outer",
                            "Parallel Aware": true,
                            "Relation Name": "movie_info_idx",
                            "Alias": "mi_idx",
                            "Startup Cost": 0.0,
                            "Total Cost": 16052.85,
                            "Plan Rows": 811785,
                            "Plan Width": 4,
                            "Actual Startup Time": 0.022,
                            "Actual Total Time": 63.194,
                            "Actual Rows": 690018,
                            "Actual Loops": 2
                          },
                          {
                            "Node Type": "Hash",
                            "Parent Relationship": "Inner",
                            "Parallel Aware": true,
                            "Startup Cost": 54588.39,
                            "Total Cost": 54588.39,
                            "Plan Rows": 1097081,
                            "Plan Width": 4,
                            "Actual Startup Time": 459.956,
                            "Actual Total Time": 459.958,
                            "Actual Rows": 932744,
                            "Actual Loops": 2,
                            "Hash Buckets": 2097152,
                            "Original Hash Buckets": 2097152,
                            "Hash Batches": 1,
                            "Original Hash Batches": 1,
                            "Peak Memory Usage": 89376,
                            "Plans": [
                              {
                                "Node Type": "Seq Scan",
                                "Parent Relationship": "Outer",
                                "Parallel Aware": true,
                                "Relation Name": "title",
                                "Alias": "t",
                                "Startup Cost": 0.0,
                                "Total Cost": 54588.39,
                                "Plan Rows": 1097081,
                                "Plan Width": 4,
                                "Actual Startup Time": 0.04,
                                "Actual Total Time": 196.666,
                                "Actual Rows": 932744,
                                "Actual Loops": 2,
                                "Filter": "(kind_id > 1)",
                                "Rows Removed by Filter": 331412
                              }
                            ]
                          }
                        ]
                      }
                    ]
                  },
                  {
                    "Node Type": "Sort",
                    "Parent Relationship": "Inner",
                    "Parallel Aware": false,
                    "Startup Cost": 140643.89,
                    "Total Cost": 142975.09,
                    "Plan Rows": 932480,
                    "Plan Width": 4,
                    "Actual Startup Time": 603.35,
                    "Actual Total Time": 668.998,
                    "Actual Rows": 1527196,
                    "Actual Loops": 2,
                    "Sort Key": [
                      "mc.movie_id"
                    ],
                    "Sort Method": "quicksort",
                    "Sort Space Used": 106841,
                    "Sort Space Type": "Memory",
                    "Workers": [
                      {
                        "Worker Number": 0,
                        "Sort Method": "quicksort",
                        "Sort Space Used": 106841,
                        "Sort Space Type": "Memory"
                      }
                    ],
                    "Plans": [
                      {
                        "Node Type": "Index Scan",
                        "Parent Relationship": "Outer",
                        "Parallel Aware": false,
                        "Scan Direction": "Forward",
                        "Index Name": "company_type_id_movie_companies",
                        "Relation Name": "movie_companies",
                        "Alias": "mc",
                        "Startup Cost": 0.43,
                        "Total Cost": 48185.17,
                        "Plan Rows": 932480,
                        "Plan Width": 4,
                        "Actual Startup Time": 0.058,
                        "Actual Total Time": 281.122,
                        "Actual Rows": 1230694,
                        "Actual Loops": 2,
                        "Index Cond": "(company_type_id = 1)",
                        "Rows Removed by Index Recheck": 0,
                        "Filter": "(company_id < 40690)",
                        "Rows Removed by Filter": 43552
                      }
                    ]
                  }
                ]
              }
            ]
          }
        ]
      }
    ]
  },
  "Planning Time": 1.184,
  "Triggers": [],
  "Execution Time": 1873.236
}