[
    {
        "Bao": {
            "Bao prediction": "NaN",
            "Bao recommended hint": "(no hint)"
        }
    },
    {
        "Plan": {
            "Node Type": "Aggregate",
            "Strategy": "Plain",
            "Partial Mode": "Finalize",
            "Parallel Aware": false,
            "Startup Cost": 33356.25,
            "Total Cost": 33356.26,
            "Plan Rows": 1,
            "Plan Width": 8,
            "Actual Startup Time": 95.763,
            "Actual Total Time": 100.652,
            "Actual Rows": 1,
            "Actual Loops": 1,
            "Output": [
                "count(*)"
            ],
            "Plans": [
                {
                    "Node Type": "Gather",
                    "Parent Relationship": "Outer",
                    "Parallel Aware": false,
                    "Startup Cost": 33355.93,
                    "Total Cost": 33356.24,
                    "Plan Rows": 3,
                    "Plan Width": 8,
                    "Actual Startup Time": 95.688,
                    "Actual Total Time": 100.646,
                    "Actual Rows": 4,
                    "Actual Loops": 1,
                    "Output": [
                        "(PARTIAL count(*))"
                    ],
                    "Workers Planned": 3,
                    "Workers Launched": 3,
                    "Single Copy": false,
                    "Plans": [
                        {
                            "Node Type": "Aggregate",
                            "Strategy": "Plain",
                            "Partial Mode": "Partial",
                            "Parent Relationship": "Outer",
                            "Parallel Aware": false,
                            "Startup Cost": 32355.93,
                            "Total Cost": 32355.94,
                            "Plan Rows": 1,
                            "Plan Width": 8,
                            "Actual Startup Time": 87.502,
                            "Actual Total Time": 87.503,
                            "Actual Rows": 1,
                            "Actual Loops": 4,
                            "Output": [
                                "PARTIAL count(*)"
                            ],
                            "Workers": [
                                {
                                    "Worker Number": 0,
                                    "Actual Startup Time": 84.576,
                                    "Actual Total Time": 84.577,
                                    "Actual Rows": 1,
                                    "Actual Loops": 1
                                },
                                {
                                    "Worker Number": 1,
                                    "Actual Startup Time": 84.943,
                                    "Actual Total Time": 84.944,
                                    "Actual Rows": 1,
                                    "Actual Loops": 1
                                },
                                {
                                    "Worker Number": 2,
                                    "Actual Startup Time": 85.059,
                                    "Actual Total Time": 85.06,
                                    "Actual Rows": 1,
                                    "Actual Loops": 1
                                }
                            ],
                            "Plans": [
                                {
                                    "Node Type": "Seq Scan",
                                    "Parent Relationship": "Outer",
                                    "Parallel Aware": true,
                                    "Relation Name": "movie_companies",
                                    "Schema": "public",
                                    "Alias": "mc",
                                    "Startup Cost": 0.0,
                                    "Total Cost": 31414.82,
                                    "Plan Rows": 376446,
                                    "Plan Width": 0,
                                    "Actual Startup Time": 42.278,
                                    "Actual Total Time": 77.095,
                                    "Actual Rows": 252378,
                                    "Actual Loops": 4,
                                    "Output": [
                                        "id",
                                        "movie_id",
                                        "company_id",
                                        "company_type_id",
                                        "note"
                                    ],
                                    "Filter": "((mc.company_id < 91400) AND (mc.company_type_id = 2))",
                                    "Rows Removed by Filter": 399905,
                                    "Workers": [
                                        {
                                            "Worker Number": 0,
                                            "Actual Startup Time": 39.357,
                                            "Actual Total Time": 74.408,
                                            "Actual Rows": 250980,
                                            "Actual Loops": 1
                                        },
                                        {
                                            "Worker Number": 1,
                                            "Actual Startup Time": 39.719,
                                            "Actual Total Time": 74.865,
                                            "Actual Rows": 248578,
                                            "Actual Loops": 1
                                        },
                                        {
                                            "Worker Number": 2,
                                            "Actual Startup Time": 39.843,
                                            "Actual Total Time": 74.983,
                                            "Actual Rows": 217787,
                                            "Actual Loops": 1
                                        }
                                    ]
                                }
                            ]
                        }
                    ]
                }
            ]
        },
        "Planning Time": 178.439,
        "Triggers": [],
        "Execution Time": 100.691
    }
]