[
    {
        "Bao": {
            "Bao prediction": "NaN",
            "Bao recommended hint": "(no hint)"
        }
    },
    {
        "Plan": {
            "Node Type": "Aggregate",
            "Strategy": "Plain",
            "Partial Mode": "Finalize",
            "Parallel Aware": false,
            "Startup Cost": 33384.38,
            "Total Cost": 33384.39,
            "Plan Rows": 1,
            "Plan Width": 8,
            "Actual Startup Time": 96.512,
            "Actual Total Time": 102.163,
            "Actual Rows": 1,
            "Actual Loops": 1,
            "Output": [
                "count(*)"
            ],
            "Plans": [
                {
                    "Node Type": "Gather",
                    "Parent Relationship": "Outer",
                    "Parallel Aware": false,
                    "Startup Cost": 33384.07,
                    "Total Cost": 33384.38,
                    "Plan Rows": 3,
                    "Plan Width": 8,
                    "Actual Startup Time": 96.453,
                    "Actual Total Time": 102.152,
                    "Actual Rows": 4,
                    "Actual Loops": 1,
                    "Output": [
                        "(PARTIAL count(*))"
                    ],
                    "Workers Planned": 3,
                    "Workers Launched": 3,
                    "Single Copy": false,
                    "Plans": [
                        {
                            "Node Type": "Aggregate",
                            "Strategy": "Plain",
                            "Partial Mode": "Partial",
                            "Parent Relationship": "Outer",
                            "Parallel Aware": false,
                            "Startup Cost": 32384.07,
                            "Total Cost": 32384.08,
                            "Plan Rows": 1,
                            "Plan Width": 8,
                            "Actual Startup Time": 88.778,
                            "Actual Total Time": 88.779,
                            "Actual Rows": 1,
                            "Actual Loops": 4,
                            "Output": [
                                "PARTIAL count(*)"
                            ],
                            "Workers": [
                                {
                                    "Worker Number": 0,
                                    "Actual Startup Time": 85.95,
                                    "Actual Total Time": 85.951,
                                    "Actual Rows": 1,
                                    "Actual Loops": 1
                                },
                                {
                                    "Worker Number": 1,
                                    "Actual Startup Time": 86.425,
                                    "Actual Total Time": 86.425,
                                    "Actual Rows": 1,
                                    "Actual Loops": 1
                                },
                                {
                                    "Worker Number": 2,
                                    "Actual Startup Time": 86.606,
                                    "Actual Total Time": 86.607,
                                    "Actual Rows": 1,
                                    "Actual Loops": 1
                                }
                            ],
                            "Plans": [
                                {
                                    "Node Type": "Seq Scan",
                                    "Parent Relationship": "Outer",
                                    "Parallel Aware": true,
                                    "Relation Name": "movie_companies",
                                    "Schema": "public",
                                    "Alias": "mc",
                                    "Startup Cost": 0.0,
                                    "Total Cost": 31414.82,
                                    "Plan Rows": 387699,
                                    "Plan Width": 0,
                                    "Actual Startup Time": 43.942,
                                    "Actual Total Time": 77.923,
                                    "Actual Rows": 270015,
                                    "Actual Loops": 4,
                                    "Output": [
                                        "id",
                                        "movie_id",
                                        "company_id",
                                        "company_type_id",
                                        "note"
                                    ],
                                    "Filter": "((mc.company_id < 100309) AND (mc.company_type_id > 1))",
                                    "Rows Removed by Filter": 382267,
                                    "Workers": [
                                        {
                                            "Worker Number": 0,
                                            "Actual Startup Time": 41.12,
                                            "Actual Total Time": 75.395,
                                            "Actual Rows": 260081,
                                            "Actual Loops": 1
                                        },
                                        {
                                            "Worker Number": 1,
                                            "Actual Startup Time": 41.584,
                                            "Actual Total Time": 75.744,
                                            "Actual Rows": 261528,
                                            "Actual Loops": 1
                                        },
                                        {
                                            "Worker Number": 2,
                                            "Actual Startup Time": 41.777,
                                            "Actual Total Time": 76.026,
                                            "Actual Rows": 260081,
                                            "Actual Loops": 1
                                        }
                                    ]
                                }
                            ]
                        }
                    ]
                }
            ]
        },
        "Planning Time": 193.828,
        "Triggers": [],
        "Execution Time": 102.214
    }
]