[
  {
    "Plan": {
      "Node Type": "Aggregate",
      "Strategy": "Plain",
      "Partial Mode": "Finalize",
      "Parallel Aware": false,
      "Startup Cost": 263991.53,
      "Total Cost": 263991.54,
      "Plan Rows": 1,
      "Plan Width": 8,
      "Actual Startup Time": 284.798,
      "Actual Total Time": 303.467,
      "Actual Rows": 1,
      "Actual Loops": 1,
      "Plans": [
        {
          "Node Type": "Gather",
          "Parent Relationship": "Outer",
          "Parallel Aware": false,
          "Startup Cost": 263991.01,
          "Total Cost": 263991.52,
          "Plan Rows": 5,
          "Plan Width": 8,
          "Actual Startup Time": 280.399,
          "Actual Total Time": 303.458,
          "Actual Rows": 6,
          "Actual Loops": 1,
          "Workers Planned": 5,
          "Workers Launched": 5,
          "Single Copy": false,
          "Plans": [
            {
              "Node Type": "Aggregate",
              "Strategy": "Plain",
              "Partial Mode": "Partial",
              "Parent Relationship": "Outer",
              "Parallel Aware": false,
              "Startup Cost": 262991.01,
              "Total Cost": 262991.02,
              "Plan Rows": 1,
              "Plan Width": 8,
              "Actual Startup Time": 269.676,
              "Actual Total Time": 269.679,
              "Actual Rows": 1,
              "Actual Loops": 6,
              "Plans": [
                {
                  "Node Type": "Nested Loop",
                  "Parent Relationship": "Outer",
                  "Parallel Aware": false,
                  "Join Type": "Inner",
                  "Startup Cost": 55708.08,
                  "Total Cost": 262935.51,
                  "Plan Rows": 22197,
                  "Plan Width": 0,
                  "Actual Startup Time": 132.842,
                  "Actual Total Time": 263.054,
                  "Actual Rows": 144208,
                  "Actual Loops": 6,
                  "Inner Unique": false,
                  "Plans": [
                    {
                      "Node Type": "Hash Join",
                      "Parent Relationship": "Outer",
                      "Parallel Aware": true,
                      "Join Type": "Inner",
                      "Startup Cost": 55707.65,
                      "Total Cost": 219411.95,
                      "Plan Rows": 22339,
                      "Plan Width": 8,
                      "Actual Startup Time": 132.732,
                      "Actual Total Time": 166.475,
                      "Actual Rows": 9110,
                      "Actual Loops": 6,
                      "Inner Unique": true,
                      "Hash Cond": "(mi.movie_id = t.id)",
                      "Plans": [
                        {
                          "Node Type": "Bitmap Heap Scan",
                          "Parent Relationship": "Outer",
                          "Parallel Aware": true,
                          "Relation Name": "movie_info",
                          "Alias": "mi",
                          "Startup Cost": 10248.78,
                          "Total Cost": 173656.09,
                          "Plan Rows": 113144,
                          "Plan Width": 4,
                          "Actual Startup Time": 20.805,
                          "Actual Total Time": 35.346,
                          "Actual Rows": 90561,
                          "Actual Loops": 6,
                          "Recheck Cond": "(info_type_id > 98)",
                          "Rows Removed by Index Recheck": 0,
                          "Exact Heap Blocks": 1315,
                          "Lossy Heap Blocks": 0,
                          "Plans": [
                            {
                              "Node Type": "Bitmap Index Scan",
                              "Parent Relationship": "Outer",
                              "Parallel Aware": false,
                              "Index Name": "info_type_id_movie_info",
                              "Startup Cost": 0.0,
                              "Total Cost": 10107.35,
                              "Plan Rows": 565722,
                              "Plan Width": 0,
                              "Actual Startup Time": 19.845,
                              "Actual Total Time": 19.845,
                              "Actual Rows": 543367,
                              "Actual Loops": 1,
                              "Index Cond": "(info_type_id > 98)"
                            }
                          ]
                        },
                        {
                          "Node Type": "Hash",
                          "Parent Relationship": "Inner",
                          "Parallel Aware": true,
                          "Startup Cost": 43898.92,
                          "Total Cost": 43898.92,
                          "Plan Rows": 124796,
                          "Plan Width": 4,
                          "Actual Startup Time": 109.577,
                          "Actual Total Time": 109.578,
                          "Actual Rows": 84826,
                          "Actual Loops": 6,
                          "Hash Buckets": 524288,
                          "Original Hash Buckets": 524288,
                          "Hash Batches": 1,
                          "Original Hash Batches": 1,
                          "Peak Memory Usage": 24128,
                          "Plans": [
                            {
                              "Node Type": "Seq Scan",
                              "Parent Relationship": "Outer",
                              "Parallel Aware": true,
                              "Relation Name": "title",
                              "Alias": "t",
                              "Startup Cost": 0.0,
                              "Total Cost": 43898.92,
                              "Plan Rows": 124796,
                              "Plan Width": 4,
                              "Actual Startup Time": 0.038,
                              "Actual Total Time": 77.172,
                              "Actual Rows": 84826,
                              "Actual Loops": 6,
                              "Filter": "(production_year < 1980)",
                              "Rows Removed by Filter": 336560
                            }
                          ]
                        }
                      ]
                    },
                    {
                      "Node Type": "Index Scan",
                      "Parent Relationship": "Inner",
                      "Parallel Aware": false,
                      "Scan Direction": "Forward",
                      "Index Name": "movie_id_movie_keyword",
                      "Relation Name": "movie_keyword",
                      "Alias": "mk",
                      "Startup Cost": 0.43,
                      "Total Cost": 1.7,
                      "Plan Rows": 25,
                      "Plan Width": 4,
                      "Actual Startup Time": 0.005,
                      "Actual Total Time": 0.009,
                      "Actual Rows": 16,
                      "Actual Loops": 54658,
                      "Index Cond": "(movie_id = t.id)",
                      "Rows Removed by Index Recheck": 0,
                      "Filter": "(keyword_id < 6209)",
                      "Rows Removed by Filter": 15
                    }
                  ]
                }
              ]
            }
          ]
        }
      ]
    },
    "Planning Time": 1.434,
    "Triggers": [],
    "Execution Time": 303.588
  }
]