[
  {
    "Plan": {
      "Node Type": "Aggregate",
      "Strategy": "Plain",
      "Partial Mode": "Finalize",
      "Parallel Aware": false,
      "Startup Cost": 495537.54,
      "Total Cost": 495537.55,
      "Plan Rows": 1,
      "Plan Width": 8,
      "Actual Startup Time": 4401.453,
      "Actual Total Time": 4469.837,
      "Actual Rows": 1,
      "Actual Loops": 1,
      "Plans": [
        {
          "Node Type": "Gather",
          "Parent Relationship": "Outer",
          "Parallel Aware": false,
          "Startup Cost": 495536.91,
          "Total Cost": 495537.52,
          "Plan Rows": 6,
          "Plan Width": 8,
          "Actual Startup Time": 4352.177,
          "Actual Total Time": 4469.823,
          "Actual Rows": 7,
          "Actual Loops": 1,
          "Workers Planned": 6,
          "Workers Launched": 6,
          "Single Copy": false,
          "Plans": [
            {
              "Node Type": "Aggregate",
              "Strategy": "Plain",
              "Partial Mode": "Partial",
              "Parent Relationship": "Outer",
              "Parallel Aware": false,
              "Startup Cost": 494536.91,
              "Total Cost": 494536.92,
              "Plan Rows": 1,
              "Plan Width": 8,
              "Actual Startup Time": 4318.982,
              "Actual Total Time": 4320.253,
              "Actual Rows": 1,
              "Actual Loops": 7,
              "Plans": [
                {
                  "Node Type": "Hash Join",
                  "Parent Relationship": "Outer",
                  "Parallel Aware": true,
                  "Join Type": "Inner",
                  "Startup Cost": 114261.96,
                  "Total Cost": 478030.49,
                  "Plan Rows": 6602570,
                  "Plan Width": 0,
                  "Actual Startup Time": 777.323,
                  "Actual Total Time": 3577.948,
                  "Actual Rows": 18238573,
                  "Actual Loops": 7,
                  "Inner Unique": false,
                  "Hash Cond": "(ci.movie_id = t.id)",
                  "Plans": [
                    {
                      "Node Type": "Seq Scan",
                      "Parent Relationship": "Outer",
                      "Parallel Aware": true,
                      "Relation Name": "cast_info",
                      "Alias": "ci",
                      "Startup Cost": 0.0,
                      "Total Cost": 328162.03,
                      "Plan Rows": 3815437,
                      "Plan Width": 4,
                      "Actual Startup Time": 127.231,
                      "Actual Total Time": 568.004,
                      "Actual Rows": 3272200,
                      "Actual Loops": 7,
                      "Filter": "(person_id > 1315429)",
                      "Rows Removed by Filter": 1905564
                    },
                    {
                      "Node Type": "Hash",
                      "Parent Relationship": "Inner",
                      "Parallel Aware": true,
                      "Startup Cost": 96620.1,
                      "Total Cost": 96620.1,
                      "Plan Rows": 1411349,
                      "Plan Width": 8,
                      "Actual Startup Time": 639.853,
                      "Actual Total Time": 641.122,
                      "Actual Rows": 625411,
                      "Actual Loops": 7,
                      "Hash Buckets": 8388608,
                      "Original Hash Buckets": 8388608,
                      "Hash Batches": 1,
                      "Original Hash Batches": 1,
                      "Peak Memory Usage": 236896,
                      "Plans": [
                        {
                          "Node Type": "Hash Join",
                          "Parent Relationship": "Outer",
                          "Parallel Aware": true,
                          "Join Type": "Inner",
                          "Startup Cost": 50219.64,
                          "Total Cost": 96620.1,
                          "Plan Rows": 1411349,
                          "Plan Width": 8,
                          "Actual Startup Time": 242.87,
                          "Actual Total Time": 444.427,
                          "Actual Rows": 625411,
                          "Actual Loops": 7,
                          "Inner Unique": true,
                          "Hash Cond": "(mk.movie_id = t.id)",
                          "Plans": [
                            {
                              "Node Type": "Seq Scan",
                              "Parent Relationship": "Outer",
                              "Parallel Aware": true,
                              "Relation Name": "movie_keyword",
                              "Alias": "mk",
                              "Startup Cost": 0.0,
                              "Total Cost": 42695.65,
                              "Plan Rows": 1411349,
                              "Plan Width": 4,
                              "Actual Startup Time": 0.033,
                              "Actual Total Time": 81.744,
                              "Actual Rows": 625411,
                              "Actual Loops": 7,
                              "Filter": "(keyword_id < 74262)",
                              "Rows Removed by Filter": 20864
                            },
                            {
                              "Node Type": "Hash",
                              "Parent Relationship": "Inner",
                              "Parallel Aware": true,
                              "Startup Cost": 42318.73,
                              "Total Cost": 42318.73,
                              "Plan Rows": 632073,
                              "Plan Width": 4,
                              "Actual Startup Time": 239.302,
                              "Actual Total Time": 239.303,
                              "Actual Rows": 361187,
                              "Actual Loops": 7,
                              "Hash Buckets": 4194304,
                              "Original Hash Buckets": 4194304,
                              "Hash Batches": 1,
                              "Original Hash Batches": 1,
                              "Peak Memory Usage": 131776,
                              "Plans": [
                                {
                                  "Node Type": "Seq Scan",
                                  "Parent Relationship": "Outer",
                                  "Parallel Aware": true,
                                  "Relation Name": "title",
                                  "Alias": "t",
                                  "Startup Cost": 0.0,
                                  "Total Cost": 42318.73,
                                  "Plan Rows": 632073,
                                  "Plan Width": 4,
                                  "Actual Startup Time": 0.043,
                                  "Actual Total Time": 68.942,
                                  "Actual Rows": 361187,
                                  "Actual Loops": 7
                                }
                              ]
                            }
                          ]
                        }
                      ]
                    }
                  ]
                }
              ]
            }
          ]
        }
      ]
    },
    "Planning Time": 1.33,
    "Triggers": [],
    "Execution Time": 4469.929
  }
]