{
  "Plan": {
    "Node Type": "Aggregate",
    "Strategy": "Plain",
    "Partial Mode": "Finalize",
    "Parallel Aware": false,
    "Startup Cost": 119293.83,
    "Total Cost": 119293.84,
    "Plan Rows": 1,
    "Plan Width": 8,
    "Actual Startup Time": 799.668,
    "Actual Total Time": 820.026,
    "Actual Rows": 1,
    "Actual Loops": 1,
    "Plans": [
      {
        "Node Type": "Gather",
        "Parent Relationship": "Outer",
        "Parallel Aware": false,
        "Startup Cost": 119293.72,
        "Total Cost": 119293.83,
        "Plan Rows": 1,
        "Plan Width": 8,
        "Actual Startup Time": 794.88,
        "Actual Total Time": 820.019,
        "Actual Rows": 2,
        "Actual Loops": 1,
        "Workers Planned": 1,
        "Workers Launched": 1,
        "Single Copy": false,
        "Plans": [
          {
            "Node Type": "Aggregate",
            "Strategy": "Plain",
            "Partial Mode": "Partial",
            "Parent Relationship": "Outer",
            "Parallel Aware": false,
            "Startup Cost": 118293.72,
            "Total Cost": 118293.73,
            "Plan Rows": 1,
            "Plan Width": 8,
            "Actual Startup Time": 782.153,
            "Actual Total Time": 782.156,
            "Actual Rows": 1,
            "Actual Loops": 2,
            "Plans": [
              {
                "Node Type": "Hash Join",
                "Parent Relationship": "Outer",
                "Parallel Aware": true,
                "Join Type": "Inner",
                "Startup Cost": 85836.03,
                "Total Cost": 117158.44,
                "Plan Rows": 454110,
                "Plan Width": 0,
                "Actual Startup Time": 573.028,
                "Actual Total Time": 764.873,
                "Actual Rows": 392234,
                "Actual Loops": 2,
                "Inner Unique": true,
                "Hash Cond": "(mk.movie_id = t.id)",
                "Plans": [
                  {
                    "Node Type": "Bitmap Heap Scan",
                    "Parent Relationship": "Outer",
                    "Parallel Aware": true,
                    "Relation Name": "movie_keyword",
                    "Alias": "mk",
                    "Startup Cost": 16375.33,
                    "Total Cost": 46505.71,
                    "Plan Rows": 454110,
                    "Plan Width": 4,
                    "Actual Startup Time": 41.578,
                    "Actual Total Time": 121.363,
                    "Actual Rows": 392234,
                    "Actual Loops": 2,
                    "Recheck Cond": "(keyword_id < 750)",
                    "Rows Removed by Index Recheck": 0,
                    "Exact Heap Blocks": 13352,
                    "Lossy Heap Blocks": 0,
                    "Plans": [
                      {
                        "Node Type": "Bitmap Index Scan",
                        "Parent Relationship": "Outer",
                        "Parallel Aware": false,
                        "Index Name": "keyword_id_movie_keyword",
                        "Startup Cost": 0.0,
                        "Total Cost": 16182.34,
                        "Plan Rows": 771987,
                        "Plan Width": 0,
                        "Actual Startup Time": 37.983,
                        "Actual Total Time": 37.984,
                        "Actual Rows": 784468,
                        "Actual Loops": 1,
                        "Index Cond": "(keyword_id < 750)"
                      }
                    ]
                  },
                  {
                    "Node Type": "Hash",
                    "Parent Relationship": "Inner",
                    "Parallel Aware": true,
                    "Startup Cost": 50870.31,
                    "Total Cost": 50870.31,
                    "Plan Rows": 1487231,
                    "Plan Width": 4,
                    "Actual Startup Time": 509.577,
                    "Actual Total Time": 509.578,
                    "Actual Rows": 1264156,
                    "Actual Loops": 2,
                    "Hash Buckets": 4194304,
                    "Original Hash Buckets": 4194304,
                    "Hash Batches": 1,
                    "Original Hash Batches": 1,
                    "Peak Memory Usage": 131712,
                    "Plans": [
                      {
                        "Node Type": "Seq Scan",
                        "Parent Relationship": "Outer",
                        "Parallel Aware": true,
                        "Relation Name": "title",
                        "Alias": "t",
                        "Startup Cost": 0.0,
                        "Total Cost": 50870.31,
                        "Plan Rows": 1487231,
                        "Plan Width": 4,
                        "Actual Startup Time": 0.019,
                        "Actual Total Time": 148.49,
                        "Actual Rows": 1264156,
                        "Actual Loops": 2
                      }
                    ]
                  }
                ]
              }
            ]
          }
        ]
      }
    ]
  },
  "Planning Time": 0.686,
  "Triggers": [],
  "Execution Time": 820.117
}