[
  {
    "Plan": {
      "Node Type": "Aggregate",
      "Strategy": "Plain",
      "Partial Mode": "Finalize",
      "Parallel Aware": false,
      "Startup Cost": 336086.79,
      "Total Cost": 336086.8,
      "Plan Rows": 1,
      "Plan Width": 8,
      "Actual Startup Time": 707.407,
      "Actual Total Time": 764.356,
      "Actual Rows": 1,
      "Actual Loops": 1,
      "Plans": [
        {
          "Node Type": "Gather",
          "Parent Relationship": "Outer",
          "Parallel Aware": false,
          "Startup Cost": 336086.17,
          "Total Cost": 336086.78,
          "Plan Rows": 6,
          "Plan Width": 8,
          "Actual Startup Time": 707.266,
          "Actual Total Time": 764.347,
          "Actual Rows": 7,
          "Actual Loops": 1,
          "Workers Planned": 6,
          "Workers Launched": 6,
          "Single Copy": false,
          "Plans": [
            {
              "Node Type": "Aggregate",
              "Strategy": "Plain",
              "Partial Mode": "Partial",
              "Parent Relationship": "Outer",
              "Parallel Aware": false,
              "Startup Cost": 335086.17,
              "Total Cost": 335086.18,
              "Plan Rows": 1,
              "Plan Width": 8,
              "Actual Startup Time": 696.939,
              "Actual Total Time": 696.94,
              "Actual Rows": 1,
              "Actual Loops": 7,
              "Plans": [
                {
                  "Node Type": "Seq Scan",
                  "Parent Relationship": "Outer",
                  "Parallel Aware": true,
                  "Relation Name": "cast_info",
                  "Alias": "ci",
                  "Startup Cost": 0.0,
                  "Total Cost": 328162.03,
                  "Plan Rows": 2769657,
                  "Plan Width": 0,
                  "Actual Startup Time": 0.051,
                  "Actual Total Time": 589.196,
                  "Actual Rows": 2374763,
                  "Actual Loops": 7,
                  "Filter": "(person_id < 1645502)",
                  "Rows Removed by Filter": 2803000
                }
              ]
            }
          ]
        }
      ]
    },
    "Planning Time": 0.199,
    "Triggers": [],
    "Execution Time": 764.429
  }
]