[
  {
    "Bao": {
      "Bao prediction": 1654.947,
      "Bao recommended hint": "SET enable_nestloop TO off; SET enable_hashjoin TO off; "
    }
  },
  {
    "Plan": {
      "Node Type": "Aggregate",
      "Strategy": "Plain",
      "Partial Mode": "Simple",
      "Parallel Aware": false,
      "Startup Cost": 1780062.7,
      "Total Cost": 1780062.71,
      "Plan Rows": 1,
      "Plan Width": 64,
      "Actual Startup Time": 16590.068,
      "Actual Total Time": 16590.251,
      "Actual Rows": 1,
      "Actual Loops": 1,
      "Plans": [
        {
          "Node Type": "Merge Join",
          "Parent Relationship": "Outer",
          "Parallel Aware": false,
          "Join Type": "Inner",
          "Startup Cost": 1544503.51,
          "Total Cost": 1780057.22,
          "Plan Rows": 1097,
          "Plan Width": 33,
          "Actual Startup Time": 14478.561,
          "Actual Total Time": 16564.761,
          "Actual Rows": 319932,
          "Actual Loops": 1,
          "Inner Unique": false,
          "Merge Cond": "(an.person_id = ci.person_id)",
          "Plans": [
            {
              "Node Type": "Merge Join",
              "Parent Relationship": "Outer",
              "Parallel Aware": false,
              "Join Type": "Inner",
              "Startup Cost": 12.17,
              "Total Cost": 271881.22,
              "Plan Rows": 901343,
              "Plan Width": 24,
              "Actual Startup Time": 0.105,
              "Actual Total Time": 1954.376,
              "Actual Rows": 772499,
              "Actual Loops": 1,
              "Inner Unique": true,
              "Merge Cond": "(an.person_id = n.id)",
              "Plans": [
                {
                  "Node Type": "Index Scan",
                  "Parent Relationship": "Outer",
                  "Parallel Aware": false,
                  "Scan Direction": "Forward",
                  "Index Name": "person_id_aka_name",
                  "Relation Name": "aka_name",
                  "Alias": "an",
                  "Startup Cost": 0.42,
                  "Total Cost": 72027.93,
                  "Plan Rows": 901343,
                  "Plan Width": 20,
                  "Actual Startup Time": 0.01,
                  "Actual Total Time": 260.754,
                  "Actual Rows": 772499,
                  "Actual Loops": 1
                },
                {
                  "Node Type": "Index Only Scan",
                  "Parent Relationship": "Inner",
                  "Parallel Aware": false,
                  "Scan Direction": "Forward",
                  "Index Name": "name_pkey",
                  "Relation Name": "name",
                  "Alias": "n",
                  "Startup Cost": 0.43,
                  "Total Cost": 178171.22,
                  "Plan Rows": 4167377,
                  "Plan Width": 4,
                  "Actual Startup Time": 0.036,
                  "Actual Total Time": 1395.067,
                  "Actual Rows": 4061498,
                  "Actual Loops": 1,
                  "Heap Fetches": 4061498
                }
              ]
            },
            {
              "Node Type": "Sort",
              "Parent Relationship": "Inner",
              "Parallel Aware": false,
              "Startup Cost": 1544491.34,
              "Total Cost": 1544492.49,
              "Plan Rows": 461,
              "Plan Width": 21,
              "Actual Startup Time": 14478.318,
              "Actual Total Time": 14528.464,
              "Actual Rows": 395370,
              "Actual Loops": 1,
              "Sort Key": [
                "ci.person_id"
              ],
              "Sort Method": "quicksort",
              "Sort Space Used": 23303,
              "Sort Space Type": "Memory",
              "Plans": [
                {
                  "Node Type": "Merge Join",
                  "Parent Relationship": "Outer",
                  "Parallel Aware": false,
                  "Join Type": "Inner",
                  "Startup Cost": 1425552.37,
                  "Total Cost": 1544470.95,
                  "Plan Rows": 461,
                  "Plan Width": 21,
                  "Actual Startup Time": 12730.429,
                  "Actual Total Time": 14420.095,
                  "Actual Rows": 221609,
                  "Actual Loops": 1,
                  "Inner Unique": false,
                  "Merge Cond": "(t.id = ci.movie_id)",
                  "Plans": [
                    {
                      "Node Type": "Index Scan",
                      "Parent Relationship": "Outer",
                      "Parallel Aware": false,
                      "Scan Direction": "Forward",
                      "Index Name": "title_pkey",
                      "Relation Name": "title",
                      "Alias": "t",
                      "Startup Cost": 0.43,
                      "Total Cost": 116680.33,
                      "Plan Rows": 939828,
                      "Plan Width": 21,
                      "Actual Startup Time": 0.067,
                      "Actual Total Time": 1204.021,
                      "Actual Rows": 945974,
                      "Actual Loops": 1,
                      "Filter": "(episode_nr < 100)",
                      "Rows Removed by Filter": 1579634
                    },
                    {
                      "Node Type": "Sort",
                      "Parent Relationship": "Inner",
                      "Parallel Aware": false,
                      "Startup Cost": 1425549.16,
                      "Total Cost": 1425552.26,
                      "Plan Rows": 1240,
                      "Plan Width": 16,
                      "Actual Startup Time": 12723.643,
                      "Actual Total Time": 12992.582,
                      "Actual Rows": 2832555,
                      "Actual Loops": 1,
                      "Sort Key": [
                        "ci.movie_id"
                      ],
                      "Sort Method": "quicksort",
                      "Sort Space Used": 231081,
                      "Sort Space Type": "Memory",
                      "Plans": [
                        {
                          "Node Type": "Merge Join",
                          "Parent Relationship": "Outer",
                          "Parallel Aware": false,
                          "Join Type": "Inner",
                          "Startup Cost": 1412780.74,
                          "Total Cost": 1425485.44,
                          "Plan Rows": 1240,
                          "Plan Width": 16,
                          "Actual Startup Time": 10113.81,
                          "Actual Total Time": 12091.213,
                          "Actual Rows": 2832555,
                          "Actual Loops": 1,
                          "Inner Unique": false,
                          "Merge Cond": "(cn.id = mc.company_id)",
                          "Plans": [
                            {
                              "Node Type": "Index Scan",
                              "Parent Relationship": "Outer",
                              "Parallel Aware": false,
                              "Scan Direction": "Forward",
                              "Index Name": "company_name_pkey",
                              "Relation Name": "company_name",
                              "Alias": "cn",
                              "Startup Cost": 0.42,
                              "Total Cost": 12469.43,
                              "Plan Rows": 85931,
                              "Plan Width": 4,
                              "Actual Startup Time": 0.019,
                              "Actual Total Time": 160.832,
                              "Actual Rows": 84843,
                              "Actual Loops": 1,
                              "Filter": "((country_code)::text = '[us]'::text)",
                              "Rows Removed by Filter": 150154
                            },
                            {
                              "Node Type": "Sort",
                              "Parent Relationship": "Inner",
                              "Parallel Aware": false,
                              "Startup Cost": 1412779.8,
                              "Total Cost": 1412788.28,
                              "Plan Rows": 3391,
                              "Plan Width": 20,
                              "Actual Startup Time": 10113.783,
                              "Actual Total Time": 11102.657,
                              "Actual Rows": 7796926,
                              "Actual Loops": 1,
                              "Sort Key": [
                                "mc.company_id"
                              ],
                              "Sort Method": "quicksort",
                              "Sort Space Used": 805743,
                              "Sort Space Type": "Memory",
                              "Plans": [
                                {
                                  "Node Type": "Merge Join",
                                  "Parent Relationship": "Outer",
                                  "Parallel Aware": false,
                                  "Join Type": "Inner",
                                  "Startup Cost": 1235253.13,
                                  "Total Cost": 1412580.96,
                                  "Plan Rows": 3391,
                                  "Plan Width": 20,
                                  "Actual Startup Time": 3117.754,
                                  "Actual Total Time": 7962.559,
                                  "Actual Rows": 7796926,
                                  "Actual Loops": 1,
                                  "Inner Unique": false,
                                  "Merge Cond": "(ci.movie_id = mc.movie_id)",
                                  "Plans": [
                                    {
                                      "Node Type": "Gather Merge",
                                      "Parent Relationship": "Outer",
                                      "Parallel Aware": false,
                                      "Startup Cost": 1235252.7,
                                      "Total Cost": 1265616.3,
                                      "Plan Rows": 1261,
                                      "Plan Width": 12,
                                      "Actual Startup Time": 3115.564,
                                      "Actual Total Time": 4424.143,
                                      "Actual Rows": 1038381,
                                      "Actual Loops": 1,
                                      "Workers Planned": 6,
                                      "Workers Launched": 6,
                                      "Plans": [
                                        {
                                          "Node Type": "Merge Join",
                                          "Parent Relationship": "Outer",
                                          "Parallel Aware": false,
                                          "Join Type": "Inner",
                                          "Startup Cost": 1234252.6,
                                          "Total Cost": 1264462.95,
                                          "Plan Rows": 210,
                                          "Plan Width": 12,
                                          "Actual Startup Time": 2889.696,
                                          "Actual Total Time": 4858.37,
                                          "Actual Rows": 148342,
                                          "Actual Loops": 7,
                                          "Inner Unique": false,
                                          "Merge Cond": "(ci.movie_id = mk.movie_id)",
                                          "Plans": [
                                            {
                                              "Node Type": "Sort",
                                              "Parent Relationship": "Outer",
                                              "Parallel Aware": false,
                                              "Startup Cost": 993761.51,
                                              "Total Cost": 1008868.93,
                                              "Plan Rows": 6042971,
                                              "Plan Width": 8,
                                              "Actual Startup Time": 2736.087,
                                              "Actual Total Time": 3894.992,
                                              "Actual Rows": 5177574,
                                              "Actual Loops": 7,
                                              "Sort Key": [
                                                "ci.movie_id"
                                              ],
                                              "Sort Method": "quicksort",
                                              "Sort Space Used": 415510,
                                              "Sort Space Type": "Memory",
                                              "Workers": [
                                                {
                                                  "Worker Number": 0,
                                                  "Sort Method": "quicksort",
                                                  "Sort Space Used": 291931,
                                                  "Sort Space Type": "Memory"
                                                },
                                                {
                                                  "Worker Number": 1,
                                                  "Sort Method": "quicksort",
                                                  "Sort Space Used": 286847,
                                                  "Sort Space Type": "Memory"
                                                },
                                                {
                                                  "Worker Number": 2,
                                                  "Sort Method": "quicksort",
                                                  "Sort Space Used": 286765,
                                                  "Sort Space Type": "Memory"
                                                },
                                                {
                                                  "Worker Number": 3,
                                                  "Sort Method": "quicksort",
                                                  "Sort Space Used": 499894,
                                                  "Sort Space Type": "Memory"
                                                },
                                                {
                                                  "Worker Number": 4,
                                                  "Sort Method": "quicksort",
                                                  "Sort Space Used": 498255,
                                                  "Sort Space Type": "Memory"
                                                },
                                                {
                                                  "Worker Number": 5,
                                                  "Sort Method": "quicksort",
                                                  "Sort Space Used": 501099,
                                                  "Sort Space Type": "Memory"
                                                }
                                              ],
                                              "Plans": [
                                                {
                                                  "Node Type": "Seq Scan",
                                                  "Parent Relationship": "Outer",
                                                  "Parallel Aware": true,
                                                  "Relation Name": "cast_info",
                                                  "Alias": "ci",
                                                  "Startup Cost": 0.0,
                                                  "Total Cost": 313116.71,
                                                  "Plan Rows": 6042971,
                                                  "Plan Width": 8,
                                                  "Actual Startup Time": 0.069,
                                                  "Actual Total Time": 805.603,
                                                  "Actual Rows": 5177763,
                                                  "Actual Loops": 7
                                                }
                                              ]
                                            },
                                            {
                                              "Node Type": "Sort",
                                              "Parent Relationship": "Inner",
                                              "Parallel Aware": false,
                                              "Startup Cost": 240487.87,
                                              "Total Cost": 240487.95,
                                              "Plan Rows": 34,
                                              "Plan Width": 4,
                                              "Actual Startup Time": 153.455,
                                              "Actual Total Time": 173.989,
                                              "Actual Rows": 158990,
                                              "Actual Loops": 7,
                                              "Sort Key": [
                                                "mk.movie_id"
                                              ],
                                              "Sort Method": "quicksort",
                                              "Sort Space Used": 3498,
                                              "Sort Space Type": "Memory",
                                              "Workers": [
                                                {
                                                  "Worker Number": 0,
                                                  "Sort Method": "quicksort",
                                                  "Sort Space Used": 3498,
                                                  "Sort Space Type": "Memory"
                                                },
                                                {
                                                  "Worker Number": 1,
                                                  "Sort Method": "quicksort",
                                                  "Sort Space Used": 3498,
                                                  "Sort Space Type": "Memory"
                                                },
                                                {
                                                  "Worker Number": 2,
                                                  "Sort Method": "quicksort",
                                                  "Sort Space Used": 3498,
                                                  "Sort Space Type": "Memory"
                                                },
                                                {
                                                  "Worker Number": 3,
                                                  "Sort Method": "quicksort",
                                                  "Sort Space Used": 3498,
                                                  "Sort Space Type": "Memory"
                                                },
                                                {
                                                  "Worker Number": 4,
                                                  "Sort Method": "quicksort",
                                                  "Sort Space Used": 3498,
                                                  "Sort Space Type": "Memory"
                                                },
                                                {
                                                  "Worker Number": 5,
                                                  "Sort Method": "quicksort",
                                                  "Sort Space Used": 3498,
                                                  "Sort Space Type": "Memory"
                                                }
                                              ],
                                              "Plans": [
                                                {
                                                  "Node Type": "Merge Join",
                                                  "Parent Relationship": "Outer",
                                                  "Parallel Aware": false,
                                                  "Join Type": "Inner",
                                                  "Startup Cost": 3468.34,
                                                  "Total Cost": 240487.0,
                                                  "Plan Rows": 34,
                                                  "Plan Width": 4,
                                                  "Actual Startup Time": 122.611,
                                                  "Actual Total Time": 145.206,
                                                  "Actual Rows": 41840,
                                                  "Actual Loops": 7,
                                                  "Inner Unique": true,
                                                  "Merge Cond": "(mk.keyword_id = k.id)",
                                                  "Plans": [
                                                    {
                                                      "Node Type": "Index Scan",
                                                      "Parent Relationship": "Outer",
                                                      "Parallel Aware": false,
                                                      "Scan Direction": "Forward",
                                                      "Index Name": "keyword_id_movie_keyword",
                                                      "Relation Name": "movie_keyword",
                                                      "Alias": "mk",
                                                      "Startup Cost": 0.43,
                                                      "Total Cost": 226550.7,
                                                      "Plan Rows": 4523930,
                                                      "Plan Width": 8,
                                                      "Actual Startup Time": 0.103,
                                                      "Actual Total Time": 120.125,
                                                      "Actual Rows": 163762,
                                                      "Actual Loops": 7
                                                    },
                                                    {
                                                      "Node Type": "Sort",
                                                      "Parent Relationship": "Inner",
                                                      "Parallel Aware": false,
                                                      "Startup Cost": 2626.14,
                                                      "Total Cost": 2626.14,
                                                      "Plan Rows": 1,
                                                      "Plan Width": 4,
                                                      "Actual Startup Time": 12.013,
                                                      "Actual Total Time": 12.016,
                                                      "Actual Rows": 1,
                                                      "Actual Loops": 7,
                                                      "Sort Key": [
                                                        "k.id"
                                                      ],
                                                      "Sort Method": "quicksort",
                                                      "Sort Space Used": 25,
                                                      "Sort Space Type": "Memory",
                                                      "Workers": [
                                                        {
                                                          "Worker Number": 0,
                                                          "Sort Method": "quicksort",
                                                          "Sort Space Used": 25,
                                                          "Sort Space Type": "Memory"
                                                        },
                                                        {
                                                          "Worker Number": 1,
                                                          "Sort Method": "quicksort",
                                                          "Sort Space Used": 25,
                                                          "Sort Space Type": "Memory"
                                                        },
                                                        {
                                                          "Worker Number": 2,
                                                          "Sort Method": "quicksort",
                                                          "Sort Space Used": 25,
                                                          "Sort Space Type": "Memory"
                                                        },
                                                        {
                                                          "Worker Number": 3,
                                                          "Sort Method": "quicksort",
                                                          "Sort Space Used": 25,
                                                          "Sort Space Type": "Memory"
                                                        },
                                                        {
                                                          "Worker Number": 4,
                                                          "Sort Method": "quicksort",
                                                          "Sort Space Used": 25,
                                                          "Sort Space Type": "Memory"
                                                        },
                                                        {
                                                          "Worker Number": 5,
                                                          "Sort Method": "quicksort",
                                                          "Sort Space Used": 25,
                                                          "Sort Space Type": "Memory"
                                                        }
                                                      ],
                                                      "Plans": [
                                                        {
                                                          "Node Type": "Seq Scan",
                                                          "Parent Relationship": "Outer",
                                                          "Parallel Aware": false,
                                                          "Relation Name": "keyword",
                                                          "Alias": "k",
                                                          "Startup Cost": 0.0,
                                                          "Total Cost": 2626.12,
                                                          "Plan Rows": 1,
                                                          "Plan Width": 4,
                                                          "Actual Startup Time": 0.643,
                                                          "Actual Total Time": 11.998,
                                                          "Actual Rows": 1,
                                                          "Actual Loops": 7,
                                                          "Filter": "(keyword = 'character-name-in-title'::text)",
                                                          "Rows Removed by Filter": 134169
                                                        }
                                                      ]
                                                    }
                                                  ]
                                                }
                                              ]
                                            }
                                          ]
                                        }
                                      ]
                                    },
                                    {
                                      "Node Type": "Index Scan",
                                      "Parent Relationship": "Inner",
                                      "Parallel Aware": false,
                                      "Scan Direction": "Forward",
                                      "Index Name": "movie_id_movie_companies",
                                      "Relation Name": "movie_companies",
                                      "Alias": "mc",
                                      "Startup Cost": 0.43,
                                      "Total Cost": 140404.76,
                                      "Plan Rows": 2609129,
                                      "Plan Width": 8,
                                      "Actual Startup Time": 0.05,
                                      "Actual Total Time": 2131.807,
                                      "Actual Rows": 10259851,
                                      "Actual Loops": 1
                                    }
                                  ]
                                }
                              ]
                            }
                          ]
                        }
                      ]
                    }
                  ]
                }
              ]
            }
          ]
        }
      ]
    },
    "Planning Time": 378.697,
    "Triggers": [],
    "Execution Time": 16670.986
  }
]