{
  "Plan": {
    "Node Type": "Aggregate",
    "Strategy": "Plain",
    "Partial Mode": "Finalize",
    "Parallel Aware": false,
    "Startup Cost": 122700.12,
    "Total Cost": 122700.13,
    "Plan Rows": 1,
    "Plan Width": 8,
    "Actual Startup Time": 855.015,
    "Actual Total Time": 872.933,
    "Actual Rows": 1,
    "Actual Loops": 1,
    "Plans": [
      {
        "Node Type": "Gather",
        "Parent Relationship": "Outer",
        "Parallel Aware": false,
        "Startup Cost": 122700.01,
        "Total Cost": 122700.12,
        "Plan Rows": 1,
        "Plan Width": 8,
        "Actual Startup Time": 851.377,
        "Actual Total Time": 872.923,
        "Actual Rows": 2,
        "Actual Loops": 1,
        "Workers Planned": 1,
        "Workers Launched": 1,
        "Single Copy": false,
        "Plans": [
          {
            "Node Type": "Aggregate",
            "Strategy": "Plain",
            "Partial Mode": "Partial",
            "Parent Relationship": "Outer",
            "Parallel Aware": false,
            "Startup Cost": 121700.01,
            "Total Cost": 121700.02,
            "Plan Rows": 1,
            "Plan Width": 8,
            "Actual Startup Time": 844.216,
            "Actual Total Time": 844.528,
            "Actual Rows": 1,
            "Actual Loops": 2,
            "Plans": [
              {
                "Node Type": "Hash Join",
                "Parent Relationship": "Outer",
                "Parallel Aware": true,
                "Join Type": "Inner",
                "Startup Cost": 100617.05,
                "Total Cost": 121409.72,
                "Plan Rows": 116115,
                "Plan Width": 0,
                "Actual Startup Time": 675.683,
                "Actual Total Time": 829.972,
                "Actual Rows": 369959,
                "Actual Loops": 2,
                "Inner Unique": false,
                "Hash Cond": "(mi_idx.movie_id = t.id)",
                "Plans": [
                  {
                    "Node Type": "Seq Scan",
                    "Parent Relationship": "Outer",
                    "Parallel Aware": true,
                    "Relation Name": "movie_info_idx",
                    "Alias": "mi_idx",
                    "Startup Cost": 0.0,
                    "Total Cost": 18082.32,
                    "Plan Rows": 540622,
                    "Plan Width": 4,
                    "Actual Startup Time": 0.03,
                    "Actual Total Time": 57.672,
                    "Actual Rows": 459925,
                    "Actual Loops": 2,
                    "Filter": "(info_type_id < 101)",
                    "Rows Removed by Filter": 230092
                  },
                  {
                    "Node Type": "Hash",
                    "Parent Relationship": "Inner",
                    "Parallel Aware": true,
                    "Startup Cost": 96624.18,
                    "Total Cost": 96624.18,
                    "Plan Rows": 319429,
                    "Plan Width": 8,
                    "Actual Startup Time": 664.707,
                    "Actual Total Time": 665.016,
                    "Actual Rows": 438164,
                    "Actual Loops": 2,
                    "Hash Buckets": 1048576,
                    "Original Hash Buckets": 1048576,
                    "Hash Batches": 1,
                    "Original Hash Batches": 1,
                    "Peak Memory Usage": 42496,
                    "Plans": [
                      {
                        "Node Type": "Hash Join",
                        "Parent Relationship": "Outer",
                        "Parallel Aware": true,
                        "Join Type": "Inner",
                        "Startup Cost": 58457.55,
                        "Total Cost": 96624.18,
                        "Plan Rows": 319429,
                        "Plan Width": 8,
                        "Actual Startup Time": 224.594,
                        "Actual Total Time": 562.425,
                        "Actual Rows": 438164,
                        "Actual Loops": 2,
                        "Inner Unique": true,
                        "Hash Cond": "(mc.movie_id = t.id)",
                        "Plans": [
                          {
                            "Node Type": "Seq Scan",
                            "Parent Relationship": "Outer",
                            "Parallel Aware": true,
                            "Relation Name": "movie_companies",
                            "Alias": "mc",
                            "Startup Cost": 0.0,
                            "Total Cost": 34137.82,
                            "Plan Rows": 1534782,
                            "Plan Width": 4,
                            "Actual Startup Time": 0.013,
                            "Actual Total Time": 97.247,
                            "Actual Rows": 1304564,
                            "Actual Loops": 2
                          },
                          {
                            "Node Type": "Hash",
                            "Parent Relationship": "Inner",
                            "Parallel Aware": true,
                            "Startup Cost": 54588.39,
                            "Total Cost": 54588.39,
                            "Plan Rows": 309533,
                            "Plan Width": 4,
                            "Actual Startup Time": 219.247,
                            "Actual Total Time": 219.248,
                            "Actual Rows": 269095,
                            "Actual Loops": 2,
                            "Hash Buckets": 1048576,
                            "Original Hash Buckets": 1048576,
                            "Hash Batches": 1,
                            "Original Hash Batches": 1,
                            "Peak Memory Usage": 29280,
                            "Plans": [
                              {
                                "Node Type": "Seq Scan",
                                "Parent Relationship": "Outer",
                                "Parallel Aware": true,
                                "Relation Name": "title",
                                "Alias": "t",
                                "Startup Cost": 0.0,
                                "Total Cost": 54588.39,
                                "Plan Rows": 309533,
                                "Plan Width": 4,
                                "Actual Startup Time": 0.03,
                                "Actual Total Time": 145.845,
                                "Actual Rows": 269095,
                                "Actual Loops": 2,
                                "Filter": "(production_year < 1982)",
                                "Rows Removed by Filter": 995061
                              }
                            ]
                          }
                        ]
                      }
                    ]
                  }
                ]
              }
            ]
          }
        ]
      }
    ]
  },
  "Planning Time": 0.958,
  "Triggers": [],
  "Execution Time": 873.012
}