[
  {
    "Plan": {
      "Node Type": "Aggregate",
      "Strategy": "Plain",
      "Partial Mode": "Finalize",
      "Parallel Aware": false,
      "Startup Cost": 79489.98,
      "Total Cost": 79489.99,
      "Plan Rows": 1,
      "Plan Width": 8,
      "Actual Startup Time": 237.842,
      "Actual Total Time": 254.059,
      "Actual Rows": 1,
      "Actual Loops": 1,
      "Plans": [
        {
          "Node Type": "Gather",
          "Parent Relationship": "Outer",
          "Parallel Aware": false,
          "Startup Cost": 79489.67,
          "Total Cost": 79489.98,
          "Plan Rows": 3,
          "Plan Width": 8,
          "Actual Startup Time": 236.023,
          "Actual Total Time": 254.051,
          "Actual Rows": 4,
          "Actual Loops": 1,
          "Workers Planned": 3,
          "Workers Launched": 3,
          "Single Copy": false,
          "Plans": [
            {
              "Node Type": "Aggregate",
              "Strategy": "Plain",
              "Partial Mode": "Partial",
              "Parent Relationship": "Outer",
              "Parallel Aware": false,
              "Startup Cost": 78489.67,
              "Total Cost": 78489.68,
              "Plan Rows": 1,
              "Plan Width": 8,
              "Actual Startup Time": 226.21,
              "Actual Total Time": 226.214,
              "Actual Rows": 1,
              "Actual Loops": 4,
              "Plans": [
                {
                  "Node Type": "Nested Loop",
                  "Parent Relationship": "Outer",
                  "Parallel Aware": false,
                  "Join Type": "Inner",
                  "Startup Cost": 48770.13,
                  "Total Cost": 78467.47,
                  "Plan Rows": 8878,
                  "Plan Width": 0,
                  "Actual Startup Time": 140.436,
                  "Actual Total Time": 220.873,
                  "Actual Rows": 110770,
                  "Actual Loops": 4,
                  "Inner Unique": false,
                  "Plans": [
                    {
                      "Node Type": "Hash Join",
                      "Parent Relationship": "Outer",
                      "Parallel Aware": true,
                      "Join Type": "Inner",
                      "Startup Cost": 48769.7,
                      "Total Cost": 67989.96,
                      "Plan Rows": 4962,
                      "Plan Width": 8,
                      "Actual Startup Time": 140.31,
                      "Actual Total Time": 156.46,
                      "Actual Rows": 12662,
                      "Actual Loops": 4,
                      "Inner Unique": true,
                      "Hash Cond": "(mc.movie_id = t.id)",
                      "Plans": [
                        {
                          "Node Type": "Bitmap Heap Scan",
                          "Parent Relationship": "Outer",
                          "Parallel Aware": true,
                          "Relation Name": "movie_companies",
                          "Alias": "mc",
                          "Startup Cost": 1911.86,
                          "Total Cost": 21057.45,
                          "Plan Rows": 28447,
                          "Plan Width": 4,
                          "Actual Startup Time": 4.143,
                          "Actual Total Time": 11.015,
                          "Actual Rows": 21962,
                          "Actual Loops": 4,
                          "Recheck Cond": "(company_id > 165047)",
                          "Rows Removed by Index Recheck": 0,
                          "Exact Heap Blocks": 964,
                          "Lossy Heap Blocks": 0,
                          "Plans": [
                            {
                              "Node Type": "Bitmap Index Scan",
                              "Parent Relationship": "Outer",
                              "Parallel Aware": false,
                              "Index Name": "company_id_movie_companies",
                              "Startup Cost": 0.0,
                              "Total Cost": 1889.82,
                              "Plan Rows": 88185,
                              "Plan Width": 0,
                              "Actual Startup Time": 3.735,
                              "Actual Total Time": 3.735,
                              "Actual Rows": 87847,
                              "Actual Loops": 1,
                              "Index Cond": "(company_id > 165047)"
                            }
                          ]
                        },
                        {
                          "Node Type": "Hash",
                          "Parent Relationship": "Inner",
                          "Parallel Aware": true,
                          "Startup Cost": 45479.59,
                          "Total Cost": 45479.59,
                          "Plan Rows": 110260,
                          "Plan Width": 4,
                          "Actual Startup Time": 132.513,
                          "Actual Total Time": 132.514,
                          "Actual Rows": 80005,
                          "Actual Loops": 4,
                          "Hash Buckets": 524288,
                          "Original Hash Buckets": 524288,
                          "Hash Batches": 1,
                          "Original Hash Batches": 1,
                          "Peak Memory Usage": 16704,
                          "Plans": [
                            {
                              "Node Type": "Seq Scan",
                              "Parent Relationship": "Outer",
                              "Parallel Aware": true,
                              "Relation Name": "title",
                              "Alias": "t",
                              "Startup Cost": 0.0,
                              "Total Cost": 45479.59,
                              "Plan Rows": 110260,
                              "Plan Width": 4,
                              "Actual Startup Time": 49.297,
                              "Actual Total Time": 106.117,
                              "Actual Rows": 80005,
                              "Actual Loops": 4,
                              "Filter": "((production_year > 1993) AND (kind_id = 1))",
                              "Rows Removed by Filter": 552073
                            }
                          ]
                        }
                      ]
                    },
                    {
                      "Node Type": "Index Only Scan",
                      "Parent Relationship": "Inner",
                      "Parallel Aware": false,
                      "Scan Direction": "Forward",
                      "Index Name": "movie_id_movie_keyword",
                      "Relation Name": "movie_keyword",
                      "Alias": "mk",
                      "Startup Cost": 0.43,
                      "Total Cost": 1.65,
                      "Plan Rows": 46,
                      "Plan Width": 4,
                      "Actual Startup Time": 0.003,
                      "Actual Total Time": 0.004,
                      "Actual Rows": 9,
                      "Actual Loops": 50646,
                      "Index Cond": "(movie_id = t.id)",
                      "Rows Removed by Index Recheck": 0,
                      "Heap Fetches": 443080
                    }
                  ]
                }
              ]
            }
          ]
        }
      ]
    },
    "Planning Time": 1.514,
    "Triggers": [],
    "Execution Time": 254.167
  }
]