[
  {
    "Plan": {
      "Node Type": "Aggregate",
      "Strategy": "Plain",
      "Partial Mode": "Finalize",
      "Parallel Aware": false,
      "Startup Cost": 50258.05,
      "Total Cost": 50258.06,
      "Plan Rows": 1,
      "Plan Width": 8,
      "Actual Startup Time": 94.645,
      "Actual Total Time": 108.029,
      "Actual Rows": 1,
      "Actual Loops": 1,
      "Plans": [
        {
          "Node Type": "Gather",
          "Parent Relationship": "Outer",
          "Parallel Aware": false,
          "Startup Cost": 50257.63,
          "Total Cost": 50258.04,
          "Plan Rows": 4,
          "Plan Width": 8,
          "Actual Startup Time": 94.534,
          "Actual Total Time": 108.022,
          "Actual Rows": 5,
          "Actual Loops": 1,
          "Workers Planned": 4,
          "Workers Launched": 4,
          "Single Copy": false,
          "Plans": [
            {
              "Node Type": "Aggregate",
              "Strategy": "Plain",
              "Partial Mode": "Partial",
              "Parent Relationship": "Outer",
              "Parallel Aware": false,
              "Startup Cost": 49257.63,
              "Total Cost": 49257.64,
              "Plan Rows": 1,
              "Plan Width": 8,
              "Actual Startup Time": 84.852,
              "Actual Total Time": 84.853,
              "Actual Rows": 1,
              "Actual Loops": 5,
              "Plans": [
                {
                  "Node Type": "Nested Loop",
                  "Parent Relationship": "Outer",
                  "Parallel Aware": false,
                  "Join Type": "Inner",
                  "Startup Cost": 0.43,
                  "Total Cost": 49256.94,
                  "Plan Rows": 274,
                  "Plan Width": 0,
                  "Actual Startup Time": 56.613,
                  "Actual Total Time": 84.787,
                  "Actual Rows": 760,
                  "Actual Loops": 5,
                  "Inner Unique": false,
                  "Plans": [
                    {
                      "Node Type": "Seq Scan",
                      "Parent Relationship": "Outer",
                      "Parallel Aware": true,
                      "Relation Name": "title",
                      "Alias": "t",
                      "Startup Cost": 0.0,
                      "Total Cost": 45479.1,
                      "Plan Rows": 503,
                      "Plan Width": 4,
                      "Actual Startup Time": 56.474,
                      "Actual Total Time": 79.689,
                      "Actual Rows": 610,
                      "Actual Loops": 5,
                      "Filter": "((kind_id < 2) AND (production_year = 1957))",
                      "Rows Removed by Filter": 505052
                    },
                    {
                      "Node Type": "Index Only Scan",
                      "Parent Relationship": "Inner",
                      "Parallel Aware": false,
                      "Scan Direction": "Forward",
                      "Index Name": "movie_id_movie_info_idx",
                      "Relation Name": "movie_info_idx",
                      "Alias": "mi_idx",
                      "Startup Cost": 0.43,
                      "Total Cost": 7.48,
                      "Plan Rows": 3,
                      "Plan Width": 4,
                      "Actual Startup Time": 0.008,
                      "Actual Total Time": 0.008,
                      "Actual Rows": 1,
                      "Actual Loops": 3050,
                      "Index Cond": "(movie_id = t.id)",
                      "Rows Removed by Index Recheck": 0,
                      "Heap Fetches": 3801
                    }
                  ]
                }
              ]
            }
          ]
        }
      ]
    },
    "Planning Time": 0.621,
    "Triggers": [],
    "Execution Time": 108.099
  }
]