[
  {
    "Plan": {
      "Node Type": "Aggregate",
      "Strategy": "Plain",
      "Partial Mode": "Finalize",
      "Parallel Aware": false,
      "Startup Cost": 46608.52,
      "Total Cost": 46608.53,
      "Plan Rows": 1,
      "Plan Width": 8,
      "Actual Startup Time": 99.058,
      "Actual Total Time": 110.641,
      "Actual Rows": 1,
      "Actual Loops": 1,
      "Plans": [
        {
          "Node Type": "Gather",
          "Parent Relationship": "Outer",
          "Parallel Aware": false,
          "Startup Cost": 46608.1,
          "Total Cost": 46608.51,
          "Plan Rows": 4,
          "Plan Width": 8,
          "Actual Startup Time": 98.89,
          "Actual Total Time": 110.632,
          "Actual Rows": 5,
          "Actual Loops": 1,
          "Workers Planned": 4,
          "Workers Launched": 4,
          "Single Copy": false,
          "Plans": [
            {
              "Node Type": "Aggregate",
              "Strategy": "Plain",
              "Partial Mode": "Partial",
              "Parent Relationship": "Outer",
              "Parallel Aware": false,
              "Startup Cost": 45608.1,
              "Total Cost": 45608.11,
              "Plan Rows": 1,
              "Plan Width": 8,
              "Actual Startup Time": 91.567,
              "Actual Total Time": 91.568,
              "Actual Rows": 1,
              "Actual Loops": 5,
              "Plans": [
                {
                  "Node Type": "Seq Scan",
                  "Parent Relationship": "Outer",
                  "Parallel Aware": true,
                  "Relation Name": "title",
                  "Alias": "t",
                  "Startup Cost": 0.0,
                  "Total Cost": 45479.1,
                  "Plan Rows": 51599,
                  "Plan Width": 0,
                  "Actual Startup Time": 45.762,
                  "Actual Total Time": 89.623,
                  "Actual Rows": 36479,
                  "Actual Loops": 5,
                  "Filter": "((production_year > 2007) AND (kind_id = 1))",
                  "Rows Removed by Filter": 469184
                }
              ]
            }
          ]
        }
      ]
    },
    "Planning Time": 0.153,
    "Triggers": [],
    "Execution Time": 110.693
  }
]