{
  "Plan": {
    "Node Type": "Aggregate",
    "Strategy": "Plain",
    "Partial Mode": "Simple",
    "Parallel Aware": false,
    "Startup Cost": 1187657.47,
    "Total Cost": 1187657.48,
    "Plan Rows": 1,
    "Plan Width": 64,
    "Actual Startup Time": 4207.28,
    "Actual Total Time": 4207.437,
    "Actual Rows": 1,
    "Actual Loops": 1,
    "Plans": [
      {
        "Node Type": "Merge Join",
        "Parent Relationship": "Outer",
        "Parallel Aware": false,
        "Join Type": "Inner",
        "Startup Cost": 1187650.1,
        "Total Cost": 1187656.98,
        "Plan Rows": 98,
        "Plan Width": 33,
        "Actual Startup Time": 4207.276,
        "Actual Total Time": 4207.432,
        "Actual Rows": 0,
        "Actual Loops": 1,
        "Inner Unique": true,
        "Merge Cond": "(ci.role_id = rt.id)",
        "Plans": [
          {
            "Node Type": "Sort",
            "Parent Relationship": "Outer",
            "Parallel Aware": false,
            "Startup Cost": 1187648.94,
            "Total Cost": 1187651.89,
            "Plan Rows": 1177,
            "Plan Width": 37,
            "Actual Startup Time": 4207.274,
            "Actual Total Time": 4207.43,
            "Actual Rows": 0,
            "Actual Loops": 1,
            "Sort Key": [
              "ci.role_id"
            ],
            "Sort Method": "quicksort",
            "Sort Space Used": 25,
            "Sort Space Type": "Memory",
            "Plans": [
              {
                "Node Type": "Merge Join",
                "Parent Relationship": "Outer",
                "Parallel Aware": false,
                "Join Type": "Inner",
                "Startup Cost": 1051014.75,
                "Total Cost": 1187588.91,
                "Plan Rows": 1177,
                "Plan Width": 37,
                "Actual Startup Time": 4207.268,
                "Actual Total Time": 4207.424,
                "Actual Rows": 0,
                "Actual Loops": 1,
                "Inner Unique": false,
                "Merge Cond": "(chn.id = ci.person_role_id)",
                "Plans": [
                  {
                    "Node Type": "Index Scan",
                    "Parent Relationship": "Outer",
                    "Parallel Aware": false,
                    "Scan Direction": "Forward",
                    "Index Name": "char_name_pkey",
                    "Relation Name": "char_name",
                    "Alias": "chn",
                    "Startup Cost": 0.43,
                    "Total Cost": 128715.58,
                    "Plan Rows": 3140252,
                    "Plan Width": 20,
                    "Actual Startup Time": 0.013,
                    "Actual Total Time": 0.014,
                    "Actual Rows": 1,
                    "Actual Loops": 1
                  },
                  {
                    "Node Type": "Sort",
                    "Parent Relationship": "Inner",
                    "Parallel Aware": false,
                    "Startup Cost": 1051014.09,
                    "Total Cost": 1051017.03,
                    "Plan Rows": 1177,
                    "Plan Width": 25,
                    "Actual Startup Time": 4207.252,
                    "Actual Total Time": 4207.406,
                    "Actual Rows": 1,
                    "Actual Loops": 1,
                    "Sort Key": [
                      "ci.person_role_id"
                    ],
                    "Sort Method": "quicksort",
                    "Sort Space Used": 268,
                    "Sort Space Type": "Memory",
                    "Plans": [
                      {
                        "Node Type": "Merge Join",
                        "Parent Relationship": "Outer",
                        "Parallel Aware": false,
                        "Join Type": "Inner",
                        "Startup Cost": 1042125.06,
                        "Total Cost": 1050954.06,
                        "Plan Rows": 1177,
                        "Plan Width": 25,
                        "Actual Startup Time": 3872.67,
                        "Actual Total Time": 4206.962,
                        "Actual Rows": 2614,
                        "Actual Loops": 1,
                        "Inner Unique": false,
                        "Merge Cond": "(t.id = ci.movie_id)",
                        "Plans": [
                          {
                            "Node Type": "Merge Join",
                            "Parent Relationship": "Outer",
                            "Parallel Aware": false,
                            "Join Type": "Inner",
                            "Startup Cost": 249684.59,
                            "Total Cost": 251755.57,
                            "Plan Rows": 2207,
                            "Plan Width": 25,
                            "Actual Startup Time": 1519.023,
                            "Actual Total Time": 1608.389,
                            "Actual Rows": 1259,
                            "Actual Loops": 1,
                            "Inner Unique": true,
                            "Merge Cond": "(mc.movie_id = t.id)",
                            "Plans": [
                              {
                                "Node Type": "Sort",
                                "Parent Relationship": "Outer",
                                "Parallel Aware": false,
                                "Startup Cost": 145249.78,
                                "Total Cost": 145285.01,
                                "Plan Rows": 14089,
                                "Plan Width": 4,
                                "Actual Startup Time": 1214.199,
                                "Actual Total Time": 1215.391,
                                "Actual Rows": 8790,
                                "Actual Loops": 1,
                                "Sort Key": [
                                  "mc.movie_id"
                                ],
                                "Sort Method": "quicksort",
                                "Sort Space Used": 797,
                                "Sort Space Type": "Memory",
                                "Plans": [
                                  {
                                    "Node Type": "Merge Join",
                                    "Parent Relationship": "Outer",
                                    "Parallel Aware": false,
                                    "Join Type": "Inner",
                                    "Startup Cost": 144067.54,
                                    "Total Cost": 144278.89,
                                    "Plan Rows": 14089,
                                    "Plan Width": 4,
                                    "Actual Startup Time": 1211.533,
                                    "Actual Total Time": 1212.887,
                                    "Actual Rows": 8790,
                                    "Actual Loops": 1,
                                    "Inner Unique": true,
                                    "Merge Cond": "(mc.company_type_id = ct.id)",
                                    "Plans": [
                                      {
                                        "Node Type": "Sort",
                                        "Parent Relationship": "Outer",
                                        "Parallel Aware": false,
                                        "Startup Cost": 144066.46,
                                        "Total Cost": 144101.68,
                                        "Plan Rows": 14089,
                                        "Plan Width": 8,
                                        "Actual Startup Time": 1211.498,
                                        "Actual Total Time": 1211.927,
                                        "Actual Rows": 8790,
                                        "Actual Loops": 1,
                                        "Sort Key": [
                                          "mc.company_type_id"
                                        ],
                                        "Sort Method": "quicksort",
                                        "Sort Space Used": 797,
                                        "Sort Space Type": "Memory",
                                        "Plans": [
                                          {
                                            "Node Type": "Merge Join",
                                            "Parent Relationship": "Outer",
                                            "Parallel Aware": false,
                                            "Join Type": "Inner",
                                            "Startup Cost": 10105.69,
                                            "Total Cost": 143095.56,
                                            "Plan Rows": 14089,
                                            "Plan Width": 8,
                                            "Actual Startup Time": 167.48,
                                            "Actual Total Time": 1210.456,
                                            "Actual Rows": 8790,
                                            "Actual Loops": 1,
                                            "Inner Unique": true,
                                            "Merge Cond": "(mc.company_id = cn.id)",
                                            "Plans": [
                                              {
                                                "Node Type": "Index Scan",
                                                "Parent Relationship": "Outer",
                                                "Parallel Aware": false,
                                                "Scan Direction": "Forward",
                                                "Index Name": "company_id_movie_companies",
                                                "Relation Name": "movie_companies",
                                                "Alias": "mc",
                                                "Startup Cost": 0.43,
                                                "Total Cost": 130510.28,
                                                "Plan Rows": 2609129,
                                                "Plan Width": 12,
                                                "Actual Startup Time": 0.015,
                                                "Actual Total Time": 1000.583,
                                                "Actual Rows": 2608750,
                                                "Actual Loops": 1
                                              },
                                              {
                                                "Node Type": "Sort",
                                                "Parent Relationship": "Inner",
                                                "Parallel Aware": false,
                                                "Startup Cost": 5915.23,
                                                "Total Cost": 5918.41,
                                                "Plan Rows": 1269,
                                                "Plan Width": 4,
                                                "Actual Startup Time": 35.763,
                                                "Actual Total Time": 36.174,
                                                "Actual Rows": 1361,
                                                "Actual Loops": 1,
                                                "Sort Key": [
                                                  "cn.id"
                                                ],
                                                "Sort Method": "quicksort",
                                                "Sort Space Used": 112,
                                                "Sort Space Type": "Memory",
                                                "Plans": [
                                                  {
                                                    "Node Type": "Gather",
                                                    "Parent Relationship": "Outer",
                                                    "Parallel Aware": false,
                                                    "Startup Cost": 1000.0,
                                                    "Total Cost": 5849.82,
                                                    "Plan Rows": 1269,
                                                    "Plan Width": 4,
                                                    "Actual Startup Time": 0.647,
                                                    "Actual Total Time": 35.414,
                                                    "Actual Rows": 1361,
                                                    "Actual Loops": 1,
                                                    "Workers Planned": 1,
                                                    "Workers Launched": 1,
                                                    "Single Copy": false,
                                                    "Plans": [
                                                      {
                                                        "Node Type": "Seq Scan",
                                                        "Parent Relationship": "Outer",
                                                        "Parallel Aware": true,
                                                        "Relation Name": "company_name",
                                                        "Alias": "cn",
                                                        "Startup Cost": 0.0,
                                                        "Total Cost": 4722.92,
                                                        "Plan Rows": 746,
                                                        "Plan Width": 4,
                                                        "Actual Startup Time": 0.047,
                                                        "Actual Total Time": 29.21,
                                                        "Actual Rows": 680,
                                                        "Actual Loops": 2,
                                                        "Filter": "((country_code)::text = '[ru]'::text)",
                                                        "Rows Removed by Filter": 116818
                                                      }
                                                    ]
                                                  }
                                                ]
                                              }
                                            ]
                                          }
                                        ]
                                      },
                                      {
                                        "Node Type": "Sort",
                                        "Parent Relationship": "Inner",
                                        "Parallel Aware": false,
                                        "Startup Cost": 1.08,
                                        "Total Cost": 1.09,
                                        "Plan Rows": 4,
                                        "Plan Width": 4,
                                        "Actual Startup Time": 0.031,
                                        "Actual Total Time": 0.032,
                                        "Actual Rows": 2,
                                        "Actual Loops": 1,
                                        "Sort Key": [
                                          "ct.id"
                                        ],
                                        "Sort Method": "quicksort",
                                        "Sort Space Used": 25,
                                        "Sort Space Type": "Memory",
                                        "Plans": [
                                          {
                                            "Node Type": "Seq Scan",
                                            "Parent Relationship": "Outer",
                                            "Parallel Aware": false,
                                            "Relation Name": "company_type",
                                            "Alias": "ct",
                                            "Startup Cost": 0.0,
                                            "Total Cost": 1.04,
                                            "Plan Rows": 4,
                                            "Plan Width": 4,
                                            "Actual Startup Time": 0.016,
                                            "Actual Total Time": 0.017,
                                            "Actual Rows": 4,
                                            "Actual Loops": 1
                                          }
                                        ]
                                      }
                                    ]
                                  }
                                ]
                              },
                              {
                                "Node Type": "Sort",
                                "Parent Relationship": "Inner",
                                "Parallel Aware": false,
                                "Startup Cost": 104434.76,
                                "Total Cost": 105425.06,
                                "Plan Rows": 396120,
                                "Plan Width": 21,
                                "Actual Startup Time": 304.444,
                                "Actual Total Time": 353.42,
                                "Actual Rows": 391485,
                                "Actual Loops": 1,
                                "Sort Key": [
                                  "t.id"
                                ],
                                "Sort Method": "quicksort",
                                "Sort Space Used": 39792,
                                "Sort Space Type": "Memory",
                                "Plans": [
                                  {
                                    "Node Type": "Seq Scan",
                                    "Parent Relationship": "Outer",
                                    "Parallel Aware": false,
                                    "Relation Name": "title",
                                    "Alias": "t",
                                    "Startup Cost": 0.0,
                                    "Total Cost": 67604.36,
                                    "Plan Rows": 396120,
                                    "Plan Width": 21,
                                    "Actual Startup Time": 0.012,
                                    "Actual Total Time": 206.065,
                                    "Actual Rows": 391666,
                                    "Actual Loops": 1,
                                    "Filter": "(production_year > 2010)",
                                    "Rows Removed by Filter": 2136646
                                  }
                                ]
                              }
                            ]
                          },
                          {
                            "Node Type": "Sort",
                            "Parent Relationship": "Inner",
                            "Parallel Aware": false,
                            "Startup Cost": 792440.47,
                            "Total Cost": 795811.78,
                            "Plan Rows": 1348523,
                            "Plan Width": 12,
                            "Actual Startup Time": 2348.367,
                            "Actual Total Time": 2505.156,
                            "Actual Rows": 1436082,
                            "Actual Loops": 1,
                            "Sort Key": [
                              "ci.movie_id"
                            ],
                            "Sort Method": "quicksort",
                            "Sort Space Used": 116439,
                            "Sort Space Type": "Memory",
                            "Plans": [
                              {
                                "Node Type": "Gather",
                                "Parent Relationship": "Outer",
                                "Parallel Aware": false,
                                "Startup Cost": 1000.0,
                                "Total Cost": 655140.95,
                                "Plan Rows": 1348523,
                                "Plan Width": 12,
                                "Actual Startup Time": 124.696,
                                "Actual Total Time": 1994.078,
                                "Actual Rows": 1435439,
                                "Actual Loops": 1,
                                "Workers Planned": 1,
                                "Workers Launched": 1,
                                "Single Copy": false,
                                "Plans": [
                                  {
                                    "Node Type": "Seq Scan",
                                    "Parent Relationship": "Outer",
                                    "Parallel Aware": true,
                                    "Relation Name": "cast_info",
                                    "Alias": "ci",
                                    "Startup Cost": 0.0,
                                    "Total Cost": 519288.65,
                                    "Plan Rows": 793249,
                                    "Plan Width": 12,
                                    "Actual Startup Time": 168.744,
                                    "Actual Total Time": 1867.361,
                                    "Actual Rows": 717720,
                                    "Actual Loops": 2,
                                    "Filter": "(note ~~ '%(producer)%'::text)",
                                    "Rows Removed by Filter": 17404452
                                  }
                                ]
                              }
                            ]
                          }
                        ]
                      }
                    ]
                  }
                ]
              }
            ]
          },
          {
            "Node Type": "Sort",
            "Parent Relationship": "Inner",
            "Parallel Aware": false,
            "Startup Cost": 1.16,
            "Total Cost": 1.16,
            "Plan Rows": 1,
            "Plan Width": 4,
            "Actual Startup Time": 0.0,
            "Actual Total Time": 0.0,
            "Actual Rows": 0,
            "Actual Loops": 0,
            "Sort Key": [
              "rt.id"
            ],
            "Plans": [
              {
                "Node Type": "Seq Scan",
                "Parent Relationship": "Outer",
                "Parallel Aware": false,
                "Relation Name": "role_type",
                "Alias": "rt",
                "Startup Cost": 0.0,
                "Total Cost": 1.15,
                "Plan Rows": 1,
                "Plan Width": 4,
                "Actual Startup Time": 0.0,
                "Actual Total Time": 0.0,
                "Actual Rows": 0,
                "Actual Loops": 0,
                "Filter": "((role)::text = 'actor'::text)",
                "Rows Removed by Filter": 0
              }
            ]
          }
        ]
      }
    ]
  },
  "Planning Time": 2.181,
  "Triggers": [],
  "Execution Time": 4210.735
}