[
  {
    "Plan": {
      "Node Type": "Aggregate",
      "Strategy": "Plain",
      "Partial Mode": "Finalize",
      "Parallel Aware": false,
      "Startup Cost": 46480.55,
      "Total Cost": 46480.56,
      "Plan Rows": 1,
      "Plan Width": 8,
      "Actual Startup Time": 96.936,
      "Actual Total Time": 109.618,
      "Actual Rows": 1,
      "Actual Loops": 1,
      "Plans": [
        {
          "Node Type": "Gather",
          "Parent Relationship": "Outer",
          "Parallel Aware": false,
          "Startup Cost": 46480.13,
          "Total Cost": 46480.54,
          "Plan Rows": 4,
          "Plan Width": 8,
          "Actual Startup Time": 96.789,
          "Actual Total Time": 109.609,
          "Actual Rows": 5,
          "Actual Loops": 1,
          "Workers Planned": 4,
          "Workers Launched": 4,
          "Single Copy": false,
          "Plans": [
            {
              "Node Type": "Aggregate",
              "Strategy": "Plain",
              "Partial Mode": "Partial",
              "Parent Relationship": "Outer",
              "Parallel Aware": false,
              "Startup Cost": 45480.13,
              "Total Cost": 45480.14,
              "Plan Rows": 1,
              "Plan Width": 8,
              "Actual Startup Time": 87.475,
              "Actual Total Time": 87.476,
              "Actual Rows": 1,
              "Actual Loops": 5,
              "Plans": [
                {
                  "Node Type": "Seq Scan",
                  "Parent Relationship": "Outer",
                  "Parallel Aware": true,
                  "Relation Name": "title",
                  "Alias": "t",
                  "Startup Cost": 0.0,
                  "Total Cost": 45479.1,
                  "Plan Rows": 413,
                  "Plan Width": 0,
                  "Actual Startup Time": 1.358,
                  "Actual Total Time": 87.391,
                  "Actual Rows": 544,
                  "Actual Loops": 5,
                  "Filter": "((kind_id < 7) AND (production_year = 1950))",
                  "Rows Removed by Filter": 505118
                }
              ]
            }
          ]
        }
      ]
    },
    "Planning Time": 0.162,
    "Triggers": [],
    "Execution Time": 109.684
  }
]