{
  "Plan": {
    "Node Type": "Aggregate",
    "Strategy": "Plain",
    "Partial Mode": "Finalize",
    "Parallel Aware": false,
    "Startup Cost": 398974.74,
    "Total Cost": 398974.75,
    "Plan Rows": 1,
    "Plan Width": 8,
    "Actual Startup Time": 3697.26,
    "Actual Total Time": 3751.767,
    "Actual Rows": 1,
    "Actual Loops": 1,
    "Plans": [
      {
        "Node Type": "Gather",
        "Parent Relationship": "Outer",
        "Parallel Aware": false,
        "Startup Cost": 398974.62,
        "Total Cost": 398974.73,
        "Plan Rows": 1,
        "Plan Width": 8,
        "Actual Startup Time": 3691.795,
        "Actual Total Time": 3751.756,
        "Actual Rows": 2,
        "Actual Loops": 1,
        "Workers Planned": 1,
        "Workers Launched": 1,
        "Single Copy": false,
        "Plans": [
          {
            "Node Type": "Aggregate",
            "Strategy": "Plain",
            "Partial Mode": "Partial",
            "Parent Relationship": "Outer",
            "Parallel Aware": false,
            "Startup Cost": 397974.62,
            "Total Cost": 397974.63,
            "Plan Rows": 1,
            "Plan Width": 8,
            "Actual Startup Time": 3684.333,
            "Actual Total Time": 3684.339,
            "Actual Rows": 1,
            "Actual Loops": 2,
            "Plans": [
              {
                "Node Type": "Hash Join",
                "Parent Relationship": "Outer",
                "Parallel Aware": true,
                "Join Type": "Inner",
                "Startup Cost": 108237.84,
                "Total Cost": 395442.25,
                "Plan Rows": 1012951,
                "Plan Width": 0,
                "Actual Startup Time": 541.461,
                "Actual Total Time": 3486.102,
                "Actual Rows": 4664838,
                "Actual Loops": 2,
                "Inner Unique": false,
                "Hash Cond": "(t.id = mc.movie_id)",
                "Plans": [
                  {
                    "Node Type": "Hash Join",
                    "Parent Relationship": "Outer",
                    "Parallel Aware": true,
                    "Join Type": "Inner",
                    "Startup Cost": 57824.89,
                    "Total Cost": 329608.38,
                    "Plan Rows": 1513981,
                    "Plan Width": 8,
                    "Actual Startup Time": 185.088,
                    "Actual Total Time": 2197.601,
                    "Actual Rows": 2009858,
                    "Actual Loops": 2,
                    "Inner Unique": true,
                    "Hash Cond": "(mi.movie_id = t.id)",
                    "Plans": [
                      {
                        "Node Type": "Seq Scan",
                        "Parent Relationship": "Outer",
                        "Parallel Aware": true,
                        "Relation Name": "movie_info",
                        "Alias": "mi",
                        "Startup Cost": 0.0,
                        "Total Cost": 248955.74,
                        "Plan Rows": 8696274,
                        "Plan Width": 4,
                        "Actual Startup Time": 0.009,
                        "Actual Total Time": 645.569,
                        "Actual Rows": 7417860,
                        "Actual Loops": 2
                      },
                      {
                        "Node Type": "Hash",
                        "Parent Relationship": "Inner",
                        "Parallel Aware": true,
                        "Startup Cost": 54588.39,
                        "Total Cost": 54588.39,
                        "Plan Rows": 258920,
                        "Plan Width": 4,
                        "Actual Startup Time": 182.41,
                        "Actual Total Time": 182.411,
                        "Actual Rows": 225784,
                        "Actual Loops": 2,
                        "Hash Buckets": 524288,
                        "Original Hash Buckets": 524288,
                        "Hash Batches": 1,
                        "Original Hash Batches": 1,
                        "Peak Memory Usage": 21792,
                        "Plans": [
                          {
                            "Node Type": "Seq Scan",
                            "Parent Relationship": "Outer",
                            "Parallel Aware": true,
                            "Relation Name": "title",
                            "Alias": "t",
                            "Startup Cost": 0.0,
                            "Total Cost": 54588.39,
                            "Plan Rows": 258920,
                            "Plan Width": 4,
                            "Actual Startup Time": 0.017,
                            "Actual Total Time": 131.03,
                            "Actual Rows": 225784,
                            "Actual Loops": 2,
                            "Filter": "(production_year < 1976)",
                            "Rows Removed by Filter": 1038372
                          }
                        ]
                      }
                    ]
                  },
                  {
                    "Node Type": "Hash",
                    "Parent Relationship": "Inner",
                    "Parallel Aware": true,
                    "Startup Cost": 37974.77,
                    "Total Cost": 37974.77,
                    "Plan Rows": 995054,
                    "Plan Width": 4,
                    "Actual Startup Time": 341.693,
                    "Actual Total Time": 341.694,
                    "Actual Rows": 845910,
                    "Actual Loops": 2,
                    "Hash Buckets": 2097152,
                    "Original Hash Buckets": 2097152,
                    "Hash Batches": 1,
                    "Original Hash Batches": 1,
                    "Peak Memory Usage": 82592,
                    "Plans": [
                      {
                        "Node Type": "Seq Scan",
                        "Parent Relationship": "Outer",
                        "Parallel Aware": true,
                        "Relation Name": "movie_companies",
                        "Alias": "mc",
                        "Startup Cost": 0.0,
                        "Total Cost": 37974.77,
                        "Plan Rows": 995054,
                        "Plan Width": 4,
                        "Actual Startup Time": 3.374,
                        "Actual Total Time": 143.44,
                        "Actual Rows": 845910,
                        "Actual Loops": 2,
                        "Filter": "(company_id > 3117)",
                        "Rows Removed by Filter": 458654
                      }
                    ]
                  }
                ]
              }
            ]
          }
        ]
      }
    ]
  },
  "Planning Time": 0.946,
  "Triggers": [],
  "Execution Time": 3751.861
}