[
  {
    "Plan": {
      "Node Type": "Aggregate",
      "Strategy": "Plain",
      "Partial Mode": "Finalize",
      "Parallel Aware": false,
      "Startup Cost": 275228.49,
      "Total Cost": 275228.5,
      "Plan Rows": 1,
      "Plan Width": 8,
      "Actual Startup Time": 60.478,
      "Actual Total Time": 66.65,
      "Actual Rows": 1,
      "Actual Loops": 1,
      "Plans": [
        {
          "Node Type": "Gather",
          "Parent Relationship": "Outer",
          "Parallel Aware": false,
          "Startup Cost": 275227.97,
          "Total Cost": 275228.48,
          "Plan Rows": 5,
          "Plan Width": 8,
          "Actual Startup Time": 60.142,
          "Actual Total Time": 66.641,
          "Actual Rows": 6,
          "Actual Loops": 1,
          "Workers Planned": 5,
          "Workers Launched": 5,
          "Single Copy": false,
          "Plans": [
            {
              "Node Type": "Aggregate",
              "Strategy": "Plain",
              "Partial Mode": "Partial",
              "Parent Relationship": "Outer",
              "Parallel Aware": false,
              "Startup Cost": 274227.97,
              "Total Cost": 274227.98,
              "Plan Rows": 1,
              "Plan Width": 8,
              "Actual Startup Time": 52.747,
              "Actual Total Time": 52.749,
              "Actual Rows": 1,
              "Actual Loops": 6,
              "Plans": [
                {
                  "Node Type": "Bitmap Heap Scan",
                  "Parent Relationship": "Outer",
                  "Parallel Aware": true,
                  "Relation Name": "cast_info",
                  "Alias": "ci",
                  "Startup Cost": 8447.47,
                  "Total Cost": 274103.21,
                  "Plan Rows": 49901,
                  "Plan Width": 0,
                  "Actual Startup Time": 11.881,
                  "Actual Total Time": 46.885,
                  "Actual Rows": 58094,
                  "Actual Loops": 6,
                  "Recheck Cond": "(person_id > 3998064)",
                  "Rows Removed by Index Recheck": 0,
                  "Filter": "(role_id > 1)",
                  "Rows Removed by Filter": 0,
                  "Exact Heap Blocks": 1056,
                  "Lossy Heap Blocks": 0,
                  "Plans": [
                    {
                      "Node Type": "Bitmap Index Scan",
                      "Parent Relationship": "Outer",
                      "Parallel Aware": false,
                      "Index Name": "person_id_cast_info",
                      "Startup Cost": 0.0,
                      "Total Cost": 8385.1,
                      "Plan Rows": 384071,
                      "Plan Width": 0,
                      "Actual Startup Time": 17.531,
                      "Actual Total Time": 17.532,
                      "Actual Rows": 348565,
                      "Actual Loops": 1,
                      "Index Cond": "(person_id > 3998064)"
                    }
                  ]
                }
              ]
            }
          ]
        }
      ]
    },
    "Planning Time": 0.294,
    "Triggers": [],
    "Execution Time": 66.722
  }
]