{
  "Plan": {
    "Node Type": "Aggregate",
    "Strategy": "Plain",
    "Partial Mode": "Simple",
    "Parallel Aware": false,
    "Startup Cost": 374625.85,
    "Total Cost": 374625.86,
    "Plan Rows": 1,
    "Plan Width": 32,
    "Actual Startup Time": 165.529,
    "Actual Total Time": 174.386,
    "Actual Rows": 1,
    "Actual Loops": 1,
    "Plans": [
      {
        "Node Type": "Gather",
        "Parent Relationship": "Outer",
        "Parallel Aware": false,
        "Startup Cost": 102117.36,
        "Total Cost": 374625.85,
        "Plan Rows": 1,
        "Plan Width": 17,
        "Actual Startup Time": 165.525,
        "Actual Total Time": 174.381,
        "Actual Rows": 0,
        "Actual Loops": 1,
        "Workers Planned": 1,
        "Workers Launched": 1,
        "Single Copy": false,
        "Plans": [
          {
            "Node Type": "Hash Join",
            "Parent Relationship": "Outer",
            "Parallel Aware": false,
            "Join Type": "Inner",
            "Startup Cost": 101117.36,
            "Total Cost": 373625.75,
            "Plan Rows": 1,
            "Plan Width": 17,
            "Actual Startup Time": 159.256,
            "Actual Total Time": 159.264,
            "Actual Rows": 0,
            "Actual Loops": 2,
            "Inner Unique": true,
            "Hash Cond": "(mi.info_type_id = it.id)",
            "Plans": [
              {
                "Node Type": "Hash Join",
                "Parent Relationship": "Outer",
                "Parallel Aware": true,
                "Join Type": "Inner",
                "Startup Cost": 101113.81,
                "Total Cost": 373622.2,
                "Plan Rows": 1,
                "Plan Width": 21,
                "Actual Startup Time": 158.656,
                "Actual Total Time": 158.662,
                "Actual Rows": 0,
                "Actual Loops": 2,
                "Inner Unique": false,
                "Hash Cond": "(mi.movie_id = t.id)",
                "Plans": [
                  {
                    "Node Type": "Seq Scan",
                    "Parent Relationship": "Outer",
                    "Parallel Aware": true,
                    "Relation Name": "movie_info",
                    "Alias": "mi",
                    "Startup Cost": 0.0,
                    "Total Cost": 271320.25,
                    "Plan Rows": 316834,
                    "Plan Width": 8,
                    "Actual Startup Time": 0.0,
                    "Actual Total Time": 0.0,
                    "Actual Rows": 0,
                    "Actual Loops": 0,
                    "Filter": "(info = ANY ('{USA,America}'::text[]))",
                    "Rows Removed by Filter": 0
                  },
                  {
                    "Node Type": "Hash",
                    "Parent Relationship": "Inner",
                    "Parallel Aware": true,
                    "Startup Cost": 101113.8,
                    "Total Cost": 101113.8,
                    "Plan Rows": 1,
                    "Plan Width": 25,
                    "Actual Startup Time": 157.977,
                    "Actual Total Time": 157.981,
                    "Actual Rows": 0,
                    "Actual Loops": 2,
                    "Hash Buckets": 1024,
                    "Original Hash Buckets": 1024,
                    "Hash Batches": 1,
                    "Original Hash Batches": 1,
                    "Peak Memory Usage": 0,
                    "Plans": [
                      {
                        "Node Type": "Hash Join",
                        "Parent Relationship": "Outer",
                        "Parallel Aware": true,
                        "Join Type": "Inner",
                        "Startup Cost": 45650.02,
                        "Total Cost": 101113.8,
                        "Plan Rows": 1,
                        "Plan Width": 25,
                        "Actual Startup Time": 157.894,
                        "Actual Total Time": 157.898,
                        "Actual Rows": 0,
                        "Actual Loops": 2,
                        "Inner Unique": false,
                        "Hash Cond": "(t.id = mc.movie_id)",
                        "Plans": [
                          {
                            "Node Type": "Seq Scan",
                            "Parent Relationship": "Outer",
                            "Parallel Aware": true,
                            "Relation Name": "title",
                            "Alias": "t",
                            "Startup Cost": 0.0,
                            "Total Cost": 54589.98,
                            "Plan Rows": 233012,
                            "Plan Width": 21,
                            "Actual Startup Time": 0.0,
                            "Actual Total Time": 0.0,
                            "Actual Rows": 0,
                            "Actual Loops": 0,
                            "Filter": "(production_year > 2010)",
                            "Rows Removed by Filter": 0
                          },
                          {
                            "Node Type": "Hash",
                            "Parent Relationship": "Inner",
                            "Parallel Aware": true,
                            "Startup Cost": 45649.92,
                            "Total Cost": 45649.92,
                            "Plan Rows": 8,
                            "Plan Width": 4,
                            "Actual Startup Time": 157.862,
                            "Actual Total Time": 157.865,
                            "Actual Rows": 0,
                            "Actual Loops": 2,
                            "Hash Buckets": 1024,
                            "Original Hash Buckets": 1024,
                            "Hash Batches": 1,
                            "Original Hash Batches": 1,
                            "Peak Memory Usage": 0,
                            "Plans": [
                              {
                                "Node Type": "Hash Join",
                                "Parent Relationship": "Outer",
                                "Parallel Aware": false,
                                "Join Type": "Inner",
                                "Startup Cost": 1.06,
                                "Total Cost": 45649.92,
                                "Plan Rows": 8,
                                "Plan Width": 4,
                                "Actual Startup Time": 157.849,
                                "Actual Total Time": 157.851,
                                "Actual Rows": 0,
                                "Actual Loops": 2,
                                "Inner Unique": true,
                                "Hash Cond": "(mc.company_type_id = ct.id)",
                                "Plans": [
                                  {
                                    "Node Type": "Seq Scan",
                                    "Parent Relationship": "Outer",
                                    "Parallel Aware": true,
                                    "Relation Name": "movie_companies",
                                    "Alias": "mc",
                                    "Startup Cost": 0.0,
                                    "Total Cost": 45648.68,
                                    "Plan Rows": 33,
                                    "Plan Width": 8,
                                    "Actual Startup Time": 4.113,
                                    "Actual Total Time": 157.676,
                                    "Actual Rows": 709,
                                    "Actual Loops": 2,
                                    "Filter": "((note ~~ '%(VHS)%'::text) AND (note ~~ '%(USA)%'::text) AND (note ~~ '%(1994)%'::text))",
                                    "Rows Removed by Filter": 1303856
                                  },
                                  {
                                    "Node Type": "Hash",
                                    "Parent Relationship": "Inner",
                                    "Parallel Aware": false,
                                    "Startup Cost": 1.05,
                                    "Total Cost": 1.05,
                                    "Plan Rows": 1,
                                    "Plan Width": 4,
                                    "Actual Startup Time": 0.038,
                                    "Actual Total Time": 0.039,
                                    "Actual Rows": 1,
                                    "Actual Loops": 2,
                                    "Hash Buckets": 1024,
                                    "Original Hash Buckets": 1024,
                                    "Hash Batches": 1,
                                    "Original Hash Batches": 1,
                                    "Peak Memory Usage": 9,
                                    "Plans": [
                                      {
                                        "Node Type": "Seq Scan",
                                        "Parent Relationship": "Outer",
                                        "Parallel Aware": false,
                                        "Relation Name": "company_type",
                                        "Alias": "ct",
                                        "Startup Cost": 0.0,
                                        "Total Cost": 1.05,
                                        "Plan Rows": 1,
                                        "Plan Width": 4,
                                        "Actual Startup Time": 0.029,
                                        "Actual Total Time": 0.031,
                                        "Actual Rows": 1,
                                        "Actual Loops": 2,
                                        "Filter": "((kind)::text = 'production companies'::text)",
                                        "Rows Removed by Filter": 3
                                      }
                                    ]
                                  }
                                ]
                              }
                            ]
                          }
                        ]
                      }
                    ]
                  }
                ]
              },
              {
                "Node Type": "Hash",
                "Parent Relationship": "Inner",
                "Parallel Aware": false,
                "Startup Cost": 2.13,
                "Total Cost": 2.13,
                "Plan Rows": 113,
                "Plan Width": 4,
                "Actual Startup Time": 0.137,
                "Actual Total Time": 0.138,
                "Actual Rows": 113,
                "Actual Loops": 2,
                "Hash Buckets": 1024,
                "Original Hash Buckets": 1024,
                "Hash Batches": 1,
                "Original Hash Batches": 1,
                "Peak Memory Usage": 12,
                "Plans": [
                  {
                    "Node Type": "Seq Scan",
                    "Parent Relationship": "Outer",
                    "Parallel Aware": false,
                    "Relation Name": "info_type",
                    "Alias": "it",
                    "Startup Cost": 0.0,
                    "Total Cost": 2.13,
                    "Plan Rows": 113,
                    "Plan Width": 4,
                    "Actual Startup Time": 0.042,
                    "Actual Total Time": 0.074,
                    "Actual Rows": 113,
                    "Actual Loops": 2
                  }
                ]
              }
            ]
          }
        ]
      }
    ]
  },
  "Planning Time": 1.373,
  "Triggers": [],
  "Execution Time": 174.485
}