[
  {
    "Plan": {
      "Node Type": "Aggregate",
      "Strategy": "Plain",
      "Partial Mode": "Finalize",
      "Parallel Aware": false,
      "Startup Cost": 74176.22,
      "Total Cost": 74176.23,
      "Plan Rows": 1,
      "Plan Width": 8,
      "Actual Startup Time": 242.269,
      "Actual Total Time": 256.572,
      "Actual Rows": 1,
      "Actual Loops": 1,
      "Plans": [
        {
          "Node Type": "Gather",
          "Parent Relationship": "Outer",
          "Parallel Aware": false,
          "Startup Cost": 74175.9,
          "Total Cost": 74176.21,
          "Plan Rows": 3,
          "Plan Width": 8,
          "Actual Startup Time": 239.868,
          "Actual Total Time": 256.562,
          "Actual Rows": 4,
          "Actual Loops": 1,
          "Workers Planned": 3,
          "Workers Launched": 3,
          "Single Copy": false,
          "Plans": [
            {
              "Node Type": "Aggregate",
              "Strategy": "Plain",
              "Partial Mode": "Partial",
              "Parent Relationship": "Outer",
              "Parallel Aware": false,
              "Startup Cost": 73175.9,
              "Total Cost": 73175.91,
              "Plan Rows": 1,
              "Plan Width": 8,
              "Actual Startup Time": 225.75,
              "Actual Total Time": 225.754,
              "Actual Rows": 1,
              "Actual Loops": 4,
              "Plans": [
                {
                  "Node Type": "Hash Join",
                  "Parent Relationship": "Outer",
                  "Parallel Aware": true,
                  "Join Type": "Inner",
                  "Startup Cost": 48462.14,
                  "Total Cost": 73166.0,
                  "Plan Rows": 3959,
                  "Plan Width": 0,
                  "Actual Startup Time": 197.619,
                  "Actual Total Time": 225.052,
                  "Actual Rows": 9103,
                  "Actual Loops": 4,
                  "Inner Unique": true,
                  "Hash Cond": "(mk.movie_id = t.id)",
                  "Plans": [
                    {
                      "Node Type": "Bitmap Heap Scan",
                      "Parent Relationship": "Outer",
                      "Parallel Aware": true,
                      "Relation Name": "movie_keyword",
                      "Alias": "mk",
                      "Startup Cost": 1089.32,
                      "Total Cost": 25749.81,
                      "Plan Rows": 16520,
                      "Plan Width": 4,
                      "Actual Startup Time": 5.355,
                      "Actual Total Time": 26.282,
                      "Actual Rows": 12518,
                      "Actual Loops": 4,
                      "Recheck Cond": "(keyword_id > 99526)",
                      "Rows Removed by Index Recheck": 0,
                      "Exact Heap Blocks": 4236,
                      "Lossy Heap Blocks": 0,
                      "Plans": [
                        {
                          "Node Type": "Bitmap Index Scan",
                          "Parent Relationship": "Outer",
                          "Parallel Aware": false,
                          "Index Name": "keyword_id_movie_keyword",
                          "Startup Cost": 0.0,
                          "Total Cost": 1076.51,
                          "Plan Rows": 51211,
                          "Plan Width": 0,
                          "Actual Startup Time": 3.676,
                          "Actual Total Time": 3.676,
                          "Actual Rows": 50073,
                          "Actual Loops": 1,
                          "Index Cond": "(keyword_id > 99526)"
                        }
                      ]
                    },
                    {
                      "Node Type": "Hash",
                      "Parent Relationship": "Inner",
                      "Parallel Aware": true,
                      "Startup Cost": 45479.1,
                      "Total Cost": 45479.1,
                      "Plan Rows": 151498,
                      "Plan Width": 4,
                      "Actual Startup Time": 186.524,
                      "Actual Total Time": 186.525,
                      "Actual Rows": 168922,
                      "Actual Loops": 4,
                      "Hash Buckets": 1048576,
                      "Original Hash Buckets": 1048576,
                      "Hash Batches": 1,
                      "Original Hash Batches": 1,
                      "Peak Memory Usage": 34688,
                      "Plans": [
                        {
                          "Node Type": "Seq Scan",
                          "Parent Relationship": "Outer",
                          "Parallel Aware": true,
                          "Relation Name": "title",
                          "Alias": "t",
                          "Startup Cost": 0.0,
                          "Total Cost": 45479.1,
                          "Plan Rows": 151498,
                          "Plan Width": 4,
                          "Actual Startup Time": 0.041,
                          "Actual Total Time": 117.817,
                          "Actual Rows": 168922,
                          "Actual Loops": 4,
                          "Filter": "((kind_id < 7) AND (production_year < 2007))",
                          "Rows Removed by Filter": 463156
                        }
                      ]
                    }
                  ]
                }
              ]
            }
          ]
        }
      ]
    },
    "Planning Time": 0.768,
    "Triggers": [],
    "Execution Time": 256.698
  }
]