[
    {
        "Bao": {
            "Bao prediction": "NaN",
            "Bao recommended hint": "(no hint)"
        }
    },
    {
        "Plan": {
            "Node Type": "Aggregate",
            "Strategy": "Plain",
            "Partial Mode": "Finalize",
            "Parallel Aware": false,
            "Startup Cost": 331903.06,
            "Total Cost": 331903.07,
            "Plan Rows": 1,
            "Plan Width": 8,
            "Actual Startup Time": 561.069,
            "Actual Total Time": 587.554,
            "Actual Rows": 1,
            "Actual Loops": 1,
            "Output": [
                "count(*)"
            ],
            "Plans": [
                {
                    "Node Type": "Gather",
                    "Parent Relationship": "Outer",
                    "Parallel Aware": false,
                    "Startup Cost": 331902.44,
                    "Total Cost": 331903.05,
                    "Plan Rows": 6,
                    "Plan Width": 8,
                    "Actual Startup Time": 560.961,
                    "Actual Total Time": 587.546,
                    "Actual Rows": 7,
                    "Actual Loops": 1,
                    "Output": [
                        "(PARTIAL count(*))"
                    ],
                    "Workers Planned": 6,
                    "Workers Launched": 6,
                    "Single Copy": false,
                    "Plans": [
                        {
                            "Node Type": "Aggregate",
                            "Strategy": "Plain",
                            "Partial Mode": "Partial",
                            "Parent Relationship": "Outer",
                            "Parallel Aware": false,
                            "Startup Cost": 330902.44,
                            "Total Cost": 330902.45,
                            "Plan Rows": 1,
                            "Plan Width": 8,
                            "Actual Startup Time": 551.183,
                            "Actual Total Time": 551.184,
                            "Actual Rows": 1,
                            "Actual Loops": 7,
                            "Output": [
                                "PARTIAL count(*)"
                            ],
                            "Workers": [
                                {
                                    "Worker Number": 0,
                                    "Actual Startup Time": 548.916,
                                    "Actual Total Time": 548.917,
                                    "Actual Rows": 1,
                                    "Actual Loops": 1
                                },
                                {
                                    "Worker Number": 1,
                                    "Actual Startup Time": 549.214,
                                    "Actual Total Time": 549.216,
                                    "Actual Rows": 1,
                                    "Actual Loops": 1
                                },
                                {
                                    "Worker Number": 2,
                                    "Actual Startup Time": 549.416,
                                    "Actual Total Time": 549.418,
                                    "Actual Rows": 1,
                                    "Actual Loops": 1
                                },
                                {
                                    "Worker Number": 3,
                                    "Actual Startup Time": 549.42,
                                    "Actual Total Time": 549.421,
                                    "Actual Rows": 1,
                                    "Actual Loops": 1
                                },
                                {
                                    "Worker Number": 4,
                                    "Actual Startup Time": 550.136,
                                    "Actual Total Time": 550.137,
                                    "Actual Rows": 1,
                                    "Actual Loops": 1
                                },
                                {
                                    "Worker Number": 5,
                                    "Actual Startup Time": 550.536,
                                    "Actual Total Time": 550.537,
                                    "Actual Rows": 1,
                                    "Actual Loops": 1
                                }
                            ],
                            "Plans": [
                                {
                                    "Node Type": "Seq Scan",
                                    "Parent Relationship": "Outer",
                                    "Parallel Aware": true,
                                    "Relation Name": "cast_info",
                                    "Schema": "public",
                                    "Alias": "ci",
                                    "Startup Cost": 0.0,
                                    "Total Cost": 328213.62,
                                    "Plan Rows": 1075528,
                                    "Plan Width": 0,
                                    "Actual Startup Time": 323.532,
                                    "Actual Total Time": 510.938,
                                    "Actual Rows": 915714,
                                    "Actual Loops": 7,
                                    "Output": [
                                        "id",
                                        "person_id",
                                        "movie_id",
                                        "person_role_id",
                                        "note",
                                        "nr_order",
                                        "role_id"
                                    ],
                                    "Filter": "(ci.person_id > 3013436)",
                                    "Rows Removed by Filter": 4262049,
                                    "Workers": [
                                        {
                                            "Worker Number": 0,
                                            "Actual Startup Time": 321.269,
                                            "Actual Total Time": 507.623,
                                            "Actual Rows": 619151,
                                            "Actual Loops": 1
                                        },
                                        {
                                            "Worker Number": 1,
                                            "Actual Startup Time": 321.565,
                                            "Actual Total Time": 509.921,
                                            "Actual Rows": 916531,
                                            "Actual Loops": 1
                                        },
                                        {
                                            "Worker Number": 2,
                                            "Actual Startup Time": 321.771,
                                            "Actual Total Time": 510.189,
                                            "Actual Rows": 915104,
                                            "Actual Loops": 1
                                        },
                                        {
                                            "Worker Number": 3,
                                            "Actual Startup Time": 321.758,
                                            "Actual Total Time": 510.079,
                                            "Actual Rows": 916082,
                                            "Actual Loops": 1
                                        },
                                        {
                                            "Worker Number": 4,
                                            "Actual Startup Time": 322.485,
                                            "Actual Total Time": 513.231,
                                            "Actual Rows": 893399,
                                            "Actual Loops": 1
                                        },
                                        {
                                            "Worker Number": 5,
                                            "Actual Startup Time": 322.884,
                                            "Actual Total Time": 513.573,
                                            "Actual Rows": 899150,
                                            "Actual Loops": 1
                                        }
                                    ]
                                }
                            ]
                        }
                    ]
                }
            ]
        },
        "Planning Time": 201.221,
        "Triggers": [],
        "Execution Time": 587.605
    }
]