[
  {
    "Plan": {
      "Node Type": "Aggregate",
      "Strategy": "Plain",
      "Partial Mode": "Finalize",
      "Parallel Aware": false,
      "Startup Cost": 120850.91,
      "Total Cost": 120850.92,
      "Plan Rows": 1,
      "Plan Width": 8,
      "Actual Startup Time": 77.936,
      "Actual Total Time": 88.503,
      "Actual Rows": 1,
      "Actual Loops": 1,
      "Plans": [
        {
          "Node Type": "Gather",
          "Parent Relationship": "Outer",
          "Parallel Aware": false,
          "Startup Cost": 120850.49,
          "Total Cost": 120850.9,
          "Plan Rows": 4,
          "Plan Width": 8,
          "Actual Startup Time": 77.64,
          "Actual Total Time": 88.494,
          "Actual Rows": 5,
          "Actual Loops": 1,
          "Workers Planned": 4,
          "Workers Launched": 4,
          "Single Copy": false,
          "Plans": [
            {
              "Node Type": "Aggregate",
              "Strategy": "Plain",
              "Partial Mode": "Partial",
              "Parent Relationship": "Outer",
              "Parallel Aware": false,
              "Startup Cost": 119850.49,
              "Total Cost": 119850.5,
              "Plan Rows": 1,
              "Plan Width": 8,
              "Actual Startup Time": 67.246,
              "Actual Total Time": 67.247,
              "Actual Rows": 1,
              "Actual Loops": 5,
              "Plans": [
                {
                  "Node Type": "Nested Loop",
                  "Parent Relationship": "Outer",
                  "Parallel Aware": false,
                  "Join Type": "Inner",
                  "Startup Cost": 621.5,
                  "Total Cost": 119848.56,
                  "Plan Rows": 774,
                  "Plan Width": 0,
                  "Actual Startup Time": 3.721,
                  "Actual Total Time": 66.855,
                  "Actual Rows": 1870,
                  "Actual Loops": 5,
                  "Inner Unique": true,
                  "Plans": [
                    {
                      "Node Type": "Bitmap Heap Scan",
                      "Parent Relationship": "Outer",
                      "Parallel Aware": true,
                      "Relation Name": "movie_info",
                      "Alias": "mi",
                      "Startup Cost": 621.07,
                      "Total Cost": 83822.9,
                      "Plan Rows": 8536,
                      "Plan Width": 4,
                      "Actual Startup Time": 3.504,
                      "Actual Total Time": 10.762,
                      "Actual Rows": 7397,
                      "Actual Loops": 5,
                      "Recheck Cond": "(info_type_id = 104)",
                      "Rows Removed by Index Recheck": 0,
                      "Exact Heap Blocks": 2005,
                      "Lossy Heap Blocks": 0,
                      "Plans": [
                        {
                          "Node Type": "Bitmap Index Scan",
                          "Parent Relationship": "Outer",
                          "Parallel Aware": false,
                          "Index Name": "info_type_id_movie_info",
                          "Startup Cost": 0.0,
                          "Total Cost": 612.53,
                          "Plan Rows": 34146,
                          "Plan Width": 0,
                          "Actual Startup Time": 10.658,
                          "Actual Total Time": 10.659,
                          "Actual Rows": 36985,
                          "Actual Loops": 1,
                          "Index Cond": "(info_type_id = 104)"
                        }
                      ]
                    },
                    {
                      "Node Type": "Index Scan",
                      "Parent Relationship": "Inner",
                      "Parallel Aware": false,
                      "Scan Direction": "Forward",
                      "Index Name": "title_pkey",
                      "Relation Name": "title",
                      "Alias": "t",
                      "Startup Cost": 0.43,
                      "Total Cost": 4.22,
                      "Plan Rows": 1,
                      "Plan Width": 4,
                      "Actual Startup Time": 0.007,
                      "Actual Total Time": 0.007,
                      "Actual Rows": 0,
                      "Actual Loops": 36985,
                      "Index Cond": "(id = mi.movie_id)",
                      "Rows Removed by Index Recheck": 0,
                      "Filter": "((kind_id < 7) AND (production_year < 1986))",
                      "Rows Removed by Filter": 1
                    }
                  ]
                }
              ]
            }
          ]
        }
      ]
    },
    "Planning Time": 0.653,
    "Triggers": [],
    "Execution Time": 88.598
  }
]