[
  {
    "Plan": {
      "Node Type": "Aggregate",
      "Strategy": "Plain",
      "Partial Mode": "Simple",
      "Parallel Aware": false,
      "Startup Cost": 12425.64,
      "Total Cost": 12425.65,
      "Plan Rows": 1,
      "Plan Width": 8,
      "Actual Startup Time": 4.234,
      "Actual Total Time": 4.236,
      "Actual Rows": 1,
      "Actual Loops": 1,
      "Plans": [
        {
          "Node Type": "Bitmap Heap Scan",
          "Parent Relationship": "Outer",
          "Parallel Aware": false,
          "Relation Name": "movie_keyword",
          "Alias": "mk",
          "Startup Cost": 107.0,
          "Total Cost": 12413.2,
          "Plan Rows": 4976,
          "Plan Width": 0,
          "Actual Startup Time": 0.727,
          "Actual Total Time": 3.897,
          "Actual Rows": 3511,
          "Actual Loops": 1,
          "Recheck Cond": "(keyword_id = 365)",
          "Rows Removed by Index Recheck": 0,
          "Exact Heap Blocks": 1178,
          "Lossy Heap Blocks": 0,
          "Plans": [
            {
              "Node Type": "Bitmap Index Scan",
              "Parent Relationship": "Outer",
              "Parallel Aware": false,
              "Index Name": "keyword_id_movie_keyword",
              "Startup Cost": 0.0,
              "Total Cost": 105.75,
              "Plan Rows": 4976,
              "Plan Width": 0,
              "Actual Startup Time": 0.464,
              "Actual Total Time": 0.464,
              "Actual Rows": 3511,
              "Actual Loops": 1,
              "Index Cond": "(keyword_id = 365)"
            }
          ]
        }
      ]
    },
    "Planning Time": 0.11,
    "Triggers": [],
    "Execution Time": 4.277
  }
]