{
  "Plan": {
    "Node Type": "Aggregate",
    "Strategy": "Plain",
    "Partial Mode": "Finalize",
    "Parallel Aware": false,
    "Startup Cost": 294959.97,
    "Total Cost": 294959.98,
    "Plan Rows": 1,
    "Plan Width": 8,
    "Actual Startup Time": 841.892,
    "Actual Total Time": 858.308,
    "Actual Rows": 1,
    "Actual Loops": 1,
    "Plans": [
      {
        "Node Type": "Gather",
        "Parent Relationship": "Outer",
        "Parallel Aware": false,
        "Startup Cost": 294959.86,
        "Total Cost": 294959.97,
        "Plan Rows": 1,
        "Plan Width": 8,
        "Actual Startup Time": 839.44,
        "Actual Total Time": 858.299,
        "Actual Rows": 2,
        "Actual Loops": 1,
        "Workers Planned": 1,
        "Workers Launched": 1,
        "Single Copy": false,
        "Plans": [
          {
            "Node Type": "Aggregate",
            "Strategy": "Plain",
            "Partial Mode": "Partial",
            "Parent Relationship": "Outer",
            "Parallel Aware": false,
            "Startup Cost": 293959.86,
            "Total Cost": 293959.87,
            "Plan Rows": 1,
            "Plan Width": 8,
            "Actual Startup Time": 833.323,
            "Actual Total Time": 834.294,
            "Actual Rows": 1,
            "Actual Loops": 2,
            "Plans": [
              {
                "Node Type": "Hash Join",
                "Parent Relationship": "Outer",
                "Parallel Aware": true,
                "Join Type": "Inner",
                "Startup Cost": 119201.68,
                "Total Cost": 293796.96,
                "Plan Rows": 65159,
                "Plan Width": 0,
                "Actual Startup Time": 628.251,
                "Actual Total Time": 825.366,
                "Actual Rows": 217493,
                "Actual Loops": 2,
                "Inner Unique": false,
                "Hash Cond": "(mi.movie_id = t.id)",
                "Plans": [
                  {
                    "Node Type": "Bitmap Heap Scan",
                    "Parent Relationship": "Outer",
                    "Parallel Aware": true,
                    "Relation Name": "movie_info",
                    "Alias": "mi",
                    "Startup Cost": 23159.21,
                    "Total Cost": 194551.43,
                    "Plan Rows": 751938,
                    "Plan Width": 4,
                    "Actual Startup Time": 43.287,
                    "Actual Total Time": 100.313,
                    "Actual Rows": 649494,
                    "Actual Loops": 2,
                    "Recheck Cond": "(info_type_id = 4)",
                    "Rows Removed by Index Recheck": 0,
                    "Exact Heap Blocks": 4123,
                    "Lossy Heap Blocks": 0,
                    "Plans": [
                      {
                        "Node Type": "Bitmap Index Scan",
                        "Parent Relationship": "Outer",
                        "Parallel Aware": false,
                        "Index Name": "info_type_id_movie_info",
                        "Startup Cost": 0.0,
                        "Total Cost": 22839.64,
                        "Plan Rows": 1278294,
                        "Plan Width": 0,
                        "Actual Startup Time": 42.069,
                        "Actual Total Time": 42.069,
                        "Actual Rows": 1298989,
                        "Actual Loops": 1,
                        "Index Cond": "(info_type_id = 4)"
                      }
                    ]
                  },
                  {
                    "Node Type": "Hash",
                    "Parent Relationship": "Inner",
                    "Parallel Aware": true,
                    "Startup Cost": 94431.5,
                    "Total Cost": 94431.5,
                    "Plan Rows": 128877,
                    "Plan Width": 8,
                    "Actual Startup Time": 578.928,
                    "Actual Total Time": 579.897,
                    "Actual Rows": 219976,
                    "Actual Loops": 2,
                    "Hash Buckets": 524288,
                    "Original Hash Buckets": 262144,
                    "Hash Batches": 1,
                    "Original Hash Batches": 1,
                    "Peak Memory Usage": 23360,
                    "Plans": [
                      {
                        "Node Type": "Hash Join",
                        "Parent Relationship": "Outer",
                        "Parallel Aware": true,
                        "Join Type": "Inner",
                        "Startup Cost": 33507.9,
                        "Total Cost": 94431.5,
                        "Plan Rows": 128877,
                        "Plan Width": 8,
                        "Actual Startup Time": 147.823,
                        "Actual Total Time": 523.421,
                        "Actual Rows": 219976,
                        "Actual Loops": 2,
                        "Inner Unique": false,
                        "Hash Cond": "(t.id = mc.movie_id)",
                        "Plans": [
                          {
                            "Node Type": "Seq Scan",
                            "Parent Relationship": "Outer",
                            "Parallel Aware": true,
                            "Relation Name": "title",
                            "Alias": "t",
                            "Startup Cost": 0.0,
                            "Total Cost": 50870.31,
                            "Plan Rows": 1487231,
                            "Plan Width": 4,
                            "Actual Startup Time": 0.011,
                            "Actual Total Time": 119.746,
                            "Actual Rows": 1264156,
                            "Actual Loops": 2
                          },
                          {
                            "Node Type": "Hash",
                            "Parent Relationship": "Inner",
                            "Parallel Aware": true,
                            "Startup Cost": 31896.94,
                            "Total Cost": 31896.94,
                            "Plan Rows": 128877,
                            "Plan Width": 4,
                            "Actual Startup Time": 137.332,
                            "Actual Total Time": 137.334,
                            "Actual Rows": 219976,
                            "Actual Loops": 2,
                            "Hash Buckets": 524288,
                            "Original Hash Buckets": 262144,
                            "Hash Batches": 1,
                            "Original Hash Batches": 1,
                            "Peak Memory Usage": 23392,
                            "Plans": [
                              {
                                "Node Type": "Bitmap Heap Scan",
                                "Parent Relationship": "Outer",
                                "Parallel Aware": true,
                                "Relation Name": "movie_companies",
                                "Alias": "mc",
                                "Startup Cost": 9299.51,
                                "Total Cost": 31896.94,
                                "Plan Rows": 128877,
                                "Plan Width": 4,
                                "Actual Startup Time": 37.317,
                                "Actual Total Time": 87.478,
                                "Actual Rows": 219976,
                                "Actual Loops": 2,
                                "Recheck Cond": "(company_id > 78276)",
                                "Rows Removed by Index Recheck": 0,
                                "Filter": "(company_type_id > 1)",
                                "Rows Removed by Filter": 0,
                                "Exact Heap Blocks": 4459,
                                "Lossy Heap Blocks": 0,
                                "Plans": [
                                  {
                                    "Node Type": "Bitmap Index Scan",
                                    "Parent Relationship": "Outer",
                                    "Parallel Aware": false,
                                    "Index Name": "company_id_movie_companies",
                                    "Startup Cost": 0.0,
                                    "Total Cost": 9244.74,
                                    "Plan Rows": 431508,
                                    "Plan Width": 0,
                                    "Actual Startup Time": 37.183,
                                    "Actual Total Time": 37.183,
                                    "Actual Rows": 439951,
                                    "Actual Loops": 1,
                                    "Index Cond": "(company_id > 78276)"
                                  }
                                ]
                              }
                            ]
                          }
                        ]
                      }
                    ]
                  }
                ]
              }
            ]
          }
        ]
      }
    ]
  },
  "Planning Time": 0.699,
  "Triggers": [],
  "Execution Time": 858.434
}