{
    "Plan": {
        "Node Type": "Aggregate",
        "Strategy": "Plain",
        "Partial Mode": "Simple",
        "Parallel Aware": false,
        "Startup Cost": 10000120340.68,
        "Total Cost": 10000120340.69,
        "Plan Rows": 1,
        "Plan Width": 8,
        "Actual Startup Time": 958.064,
        "Actual Total Time": 958.067,
        "Actual Rows": 1,
        "Actual Loops": 1,
        "Output": [
            "count(*)"
        ],
        "Plans": [
            {
                "Node Type": "Hash Join",
                "Parent Relationship": "Outer",
                "Parallel Aware": false,
                "Join Type": "Inner",
                "Startup Cost": 10000062599.33,
                "Total Cost": 10000119852.32,
                "Plan Rows": 195343,
                "Plan Width": 0,
                "Actual Startup Time": 558.6,
                "Actual Total Time": 928.695,
                "Actual Rows": 434269,
                "Actual Loops": 1,
                "Inner Unique": true,
                "Hash Cond": "(mi_idx.movie_id = t.id)",
                "Plans": [
                    {
                        "Node Type": "Index Scan",
                        "Parent Relationship": "Outer",
                        "Parallel Aware": false,
                        "Scan Direction": "Forward",
                        "Index Name": "movie_id_movie_info_idx",
                        "Relation Name": "movie_info_idx",
                        "Schema": "public",
                        "Alias": "mi_idx",
                        "Startup Cost": 10000000000.43,
                        "Total Cost": 10000053630.81,
                        "Plan Rows": 1380035,
                        "Plan Width": 4,
                        "Actual Startup Time": 0.038,
                        "Actual Total Time": 270.495,
                        "Actual Rows": 1380035,
                        "Actual Loops": 1,
                        "Output": [
                            "mi_idx.id",
                            "mi_idx.movie_id",
                            "mi_idx.info_type_id",
                            "mi_idx.info",
                            "mi_idx.note"
                        ]
                    },
                    {
                        "Node Type": "Hash",
                        "Parent Relationship": "Inner",
                        "Parallel Aware": false,
                        "Startup Cost": 58125.37,
                        "Total Cost": 58125.37,
                        "Plan Rows": 357883,
                        "Plan Width": 4,
                        "Actual Startup Time": 349.585,
                        "Actual Total Time": 349.586,
                        "Actual Rows": 424572,
                        "Actual Loops": 1,
                        "Output": [
                            "t.id"
                        ],
                        "Hash Buckets": 524288,
                        "Original Hash Buckets": 524288,
                        "Hash Batches": 1,
                        "Original Hash Batches": 1,
                        "Peak Memory Usage": 19023,
                        "Plans": [
                            {
                                "Node Type": "Bitmap Heap Scan",
                                "Parent Relationship": "Outer",
                                "Parallel Aware": false,
                                "Relation Name": "title",
                                "Schema": "public",
                                "Alias": "t",
                                "Startup Cost": 12057.06,
                                "Total Cost": 58125.37,
                                "Plan Rows": 357883,
                                "Plan Width": 4,
                                "Actual Startup Time": 45.054,
                                "Actual Total Time": 239.556,
                                "Actual Rows": 424572,
                                "Actual Loops": 1,
                                "Output": [
                                    "t.id"
                                ],
                                "Recheck Cond": "(t.kind_id = 1)",
                                "Rows Removed by Index Recheck": 0,
                                "Filter": "(t.production_year < 2005)",
                                "Rows Removed by Filter": 238253,
                                "Exact Heap Blocks": 12863,
                                "Lossy Heap Blocks": 0,
                                "Plans": [
                                    {
                                        "Node Type": "Bitmap Index Scan",
                                        "Parent Relationship": "Outer",
                                        "Parallel Aware": false,
                                        "Index Name": "kind_id_title",
                                        "Startup Cost": 0.0,
                                        "Total Cost": 11967.58,
                                        "Plan Rows": 671354,
                                        "Plan Width": 0,
                                        "Actual Startup Time": 42.608,
                                        "Actual Total Time": 42.608,
                                        "Actual Rows": 662825,
                                        "Actual Loops": 1,
                                        "Index Cond": "(t.kind_id = 1)"
                                    }
                                ]
                            }
                        ]
                    }
                ]
            }
        ]
    },
    "Planning Time": 2.634,
    "Triggers": [],
    "Execution Time": 958.89
}