{
  "Plan": {
    "Node Type": "Aggregate",
    "Strategy": "Plain",
    "Partial Mode": "Finalize",
    "Parallel Aware": false,
    "Startup Cost": 119776.48,
    "Total Cost": 119776.49,
    "Plan Rows": 1,
    "Plan Width": 8,
    "Actual Startup Time": 636.95,
    "Actual Total Time": 653.4,
    "Actual Rows": 1,
    "Actual Loops": 1,
    "Plans": [
      {
        "Node Type": "Gather",
        "Parent Relationship": "Outer",
        "Parallel Aware": false,
        "Startup Cost": 119776.36,
        "Total Cost": 119776.47,
        "Plan Rows": 1,
        "Plan Width": 8,
        "Actual Startup Time": 635.708,
        "Actual Total Time": 653.389,
        "Actual Rows": 2,
        "Actual Loops": 1,
        "Workers Planned": 1,
        "Workers Launched": 1,
        "Single Copy": false,
        "Plans": [
          {
            "Node Type": "Aggregate",
            "Strategy": "Plain",
            "Partial Mode": "Partial",
            "Parent Relationship": "Outer",
            "Parallel Aware": false,
            "Startup Cost": 118776.36,
            "Total Cost": 118776.37,
            "Plan Rows": 1,
            "Plan Width": 8,
            "Actual Startup Time": 630.228,
            "Actual Total Time": 630.417,
            "Actual Rows": 1,
            "Actual Loops": 2,
            "Plans": [
              {
                "Node Type": "Hash Join",
                "Parent Relationship": "Outer",
                "Parallel Aware": true,
                "Join Type": "Inner",
                "Startup Cost": 60087.98,
                "Total Cost": 118138.82,
                "Plan Rows": 255016,
                "Plan Width": 0,
                "Actual Startup Time": 209.093,
                "Actual Total Time": 602.78,
                "Actual Rows": 709206,
                "Actual Loops": 2,
                "Inner Unique": true,
                "Hash Cond": "(mk.movie_id = t.id)",
                "Plans": [
                  {
                    "Node Type": "Seq Scan",
                    "Parent Relationship": "Outer",
                    "Parallel Aware": true,
                    "Relation Name": "movie_keyword",
                    "Alias": "mk",
                    "Startup Cost": 0.0,
                    "Total Cost": 51065.35,
                    "Plan Rows": 2661135,
                    "Plan Width": 4,
                    "Actual Startup Time": 0.011,
                    "Actual Total Time": 156.54,
                    "Actual Rows": 2261965,
                    "Actual Loops": 2
                  },
                  {
                    "Node Type": "Hash",
                    "Parent Relationship": "Inner",
                    "Parallel Aware": true,
                    "Startup Cost": 58306.47,
                    "Total Cost": 58306.47,
                    "Plan Rows": 142521,
                    "Plan Width": 4,
                    "Actual Startup Time": 207.206,
                    "Actual Total Time": 207.207,
                    "Actual Rows": 178748,
                    "Actual Loops": 2,
                    "Hash Buckets": 524288,
                    "Original Hash Buckets": 262144,
                    "Hash Batches": 1,
                    "Original Hash Batches": 1,
                    "Peak Memory Usage": 20160,
                    "Plans": [
                      {
                        "Node Type": "Seq Scan",
                        "Parent Relationship": "Outer",
                        "Parallel Aware": true,
                        "Relation Name": "title",
                        "Alias": "t",
                        "Startup Cost": 0.0,
                        "Total Cost": 58306.47,
                        "Plan Rows": 142521,
                        "Plan Width": 4,
                        "Actual Startup Time": 0.049,
                        "Actual Total Time": 152.2,
                        "Actual Rows": 178748,
                        "Actual Loops": 2,
                        "Filter": "((kind_id < 7) AND (production_year < 1987))",
                        "Rows Removed by Filter": 1085408
                      }
                    ]
                  }
                ]
              }
            ]
          }
        ]
      }
    ]
  },
  "Planning Time": 0.334,
  "Triggers": [],
  "Execution Time": 653.448
}