[
  {
    "Plan": {
      "Node Type": "Aggregate",
      "Strategy": "Plain",
      "Partial Mode": "Finalize",
      "Parallel Aware": false,
      "Startup Cost": 30682.57,
      "Total Cost": 30682.58,
      "Plan Rows": 1,
      "Plan Width": 8,
      "Actual Startup Time": 74.479,
      "Actual Total Time": 82.78,
      "Actual Rows": 1,
      "Actual Loops": 1,
      "Plans": [
        {
          "Node Type": "Gather",
          "Parent Relationship": "Outer",
          "Parallel Aware": false,
          "Startup Cost": 30682.25,
          "Total Cost": 30682.56,
          "Plan Rows": 3,
          "Plan Width": 8,
          "Actual Startup Time": 74.36,
          "Actual Total Time": 82.773,
          "Actual Rows": 4,
          "Actual Loops": 1,
          "Workers Planned": 3,
          "Workers Launched": 3,
          "Single Copy": false,
          "Plans": [
            {
              "Node Type": "Aggregate",
              "Strategy": "Plain",
              "Partial Mode": "Partial",
              "Parent Relationship": "Outer",
              "Parallel Aware": false,
              "Startup Cost": 29682.25,
              "Total Cost": 29682.26,
              "Plan Rows": 1,
              "Plan Width": 8,
              "Actual Startup Time": 71.141,
              "Actual Total Time": 71.142,
              "Actual Rows": 1,
              "Actual Loops": 4,
              "Plans": [
                {
                  "Node Type": "Seq Scan",
                  "Parent Relationship": "Outer",
                  "Parallel Aware": true,
                  "Relation Name": "movie_companies",
                  "Alias": "mc",
                  "Startup Cost": 0.0,
                  "Total Cost": 29310.68,
                  "Plan Rows": 148627,
                  "Plan Width": 0,
                  "Actual Startup Time": 0.012,
                  "Actual Total Time": 65.487,
                  "Actual Rows": 112729,
                  "Actual Loops": 4,
                  "Filter": "(company_id < 374)",
                  "Rows Removed by Filter": 539553
                }
              ]
            }
          ]
        }
      ]
    },
    "Planning Time": 0.098,
    "Triggers": [],
    "Execution Time": 82.809
  }
]