{
    "Plan": {
        "Node Type": "Aggregate",
        "Strategy": "Plain",
        "Partial Mode": "Finalize",
        "Parallel Aware": false,
        "Startup Cost": 1155122.23,
        "Total Cost": 1155122.24,
        "Plan Rows": 1,
        "Plan Width": 8,
        "Actual Startup Time": 1347.878,
        "Actual Total Time": 1392.611,
        "Actual Rows": 1,
        "Actual Loops": 1,
        "Output": [
            "count(*)"
        ],
        "Plans": [
            {
                "Node Type": "Gather",
                "Parent Relationship": "Outer",
                "Parallel Aware": false,
                "Startup Cost": 1155121.91,
                "Total Cost": 1155122.22,
                "Plan Rows": 3,
                "Plan Width": 8,
                "Actual Startup Time": 1331.765,
                "Actual Total Time": 1392.585,
                "Actual Rows": 4,
                "Actual Loops": 1,
                "Output": [
                    "(PARTIAL count(*))"
                ],
                "Workers Planned": 3,
                "Workers Launched": 3,
                "Single Copy": false,
                "Plans": [
                    {
                        "Node Type": "Aggregate",
                        "Strategy": "Plain",
                        "Partial Mode": "Partial",
                        "Parent Relationship": "Outer",
                        "Parallel Aware": false,
                        "Startup Cost": 1154121.91,
                        "Total Cost": 1154121.92,
                        "Plan Rows": 1,
                        "Plan Width": 8,
                        "Actual Startup Time": 1317.703,
                        "Actual Total Time": 1317.708,
                        "Actual Rows": 1,
                        "Actual Loops": 4,
                        "Output": [
                            "PARTIAL count(*)"
                        ],
                        "Workers": [
                            {
                                "Worker Number": 0,
                                "Actual Startup Time": 1313.47,
                                "Actual Total Time": 1313.474,
                                "Actual Rows": 1,
                                "Actual Loops": 1
                            },
                            {
                                "Worker Number": 1,
                                "Actual Startup Time": 1313.249,
                                "Actual Total Time": 1313.255,
                                "Actual Rows": 1,
                                "Actual Loops": 1
                            },
                            {
                                "Worker Number": 2,
                                "Actual Startup Time": 1313.476,
                                "Actual Total Time": 1313.48,
                                "Actual Rows": 1,
                                "Actual Loops": 1
                            }
                        ],
                        "Plans": [
                            {
                                "Node Type": "Hash Join",
                                "Parent Relationship": "Outer",
                                "Parallel Aware": true,
                                "Join Type": "Inner",
                                "Startup Cost": 334022.94,
                                "Total Cost": 1153440.93,
                                "Plan Rows": 272391,
                                "Plan Width": 0,
                                "Actual Startup Time": 979.654,
                                "Actual Total Time": 1298.662,
                                "Actual Rows": 346744,
                                "Actual Loops": 4,
                                "Inner Unique": false,
                                "Hash Cond": "(t.id = mi.movie_id)",
                                "Workers": [
                                    {
                                        "Worker Number": 0,
                                        "Actual Startup Time": 976.102,
                                        "Actual Total Time": 1296.312,
                                        "Actual Rows": 376910,
                                        "Actual Loops": 1
                                    },
                                    {
                                        "Worker Number": 1,
                                        "Actual Startup Time": 975.509,
                                        "Actual Total Time": 1292.179,
                                        "Actual Rows": 322764,
                                        "Actual Loops": 1
                                    },
                                    {
                                        "Worker Number": 2,
                                        "Actual Startup Time": 976.045,
                                        "Actual Total Time": 1297.803,
                                        "Actual Rows": 349789,
                                        "Actual Loops": 1
                                    }
                                ],
                                "Plans": [
                                    {
                                        "Node Type": "Hash Join",
                                        "Parent Relationship": "Outer",
                                        "Parallel Aware": true,
                                        "Join Type": "Inner",
                                        "Startup Cost": 144345.42,
                                        "Total Cost": 183332.13,
                                        "Plan Rows": 575562,
                                        "Plan Width": 8,
                                        "Actual Startup Time": 635.73,
                                        "Actual Total Time": 884.641,
                                        "Actual Rows": 241422,
                                        "Actual Loops": 4,
                                        "Output": [
                                            "t.id",
                                            "mk.movie_id"
                                        ],
                                        "Inner Unique": true,
                                        "Hash Cond": "(mk.movie_id = t.id)",
                                        "Workers": [
                                            {
                                                "Worker Number": 0,
                                                "Actual Startup Time": 635.992,
                                                "Actual Total Time": 888.24,
                                                "Actual Rows": 298121,
                                                "Actual Loops": 1
                                            },
                                            {
                                                "Worker Number": 1,
                                                "Actual Startup Time": 635.467,
                                                "Actual Total Time": 880.375,
                                                "Actual Rows": 195450,
                                                "Actual Loops": 1
                                            },
                                            {
                                                "Worker Number": 2,
                                                "Actual Startup Time": 635.8,
                                                "Actual Total Time": 891.492,
                                                "Actual Rows": 301151,
                                                "Actual Loops": 1
                                            }
                                        ],
                                        "Plans": [
                                            {
                                                "Node Type": "Bitmap Heap Scan",
                                                "Parent Relationship": "Outer",
                                                "Parallel Aware": true,
                                                "Relation Name": "movie_keyword",
                                                "Schema": "public",
                                                "Alias": "mk",
                                                "Startup Cost": 63176.61,
                                                "Total Cost": 99641.11,
                                                "Plan Rows": 960840,
                                                "Plan Width": 4,
                                                "Actual Startup Time": 261.828,
                                                "Actual Total Time": 386.88,
                                                "Actual Rows": 743375,
                                                "Actual Loops": 4,
                                                "Output": [
                                                    "mk.id",
                                                    "mk.movie_id",
                                                    "mk.keyword_id"
                                                ],
                                                "Recheck Cond": "(mk.keyword_id > 2276)",
                                                "Rows Removed by Index Recheck": 0,
                                                "Exact Heap Blocks": 4563,
                                                "Lossy Heap Blocks": 0,
                                                "Workers": [
                                                    {
                                                        "Worker Number": 0,
                                                        "Actual Startup Time": 261.939,
                                                        "Actual Total Time": 387.471,
                                                        "Actual Rows": 915180,
                                                        "Actual Loops": 1
                                                    },
                                                    {
                                                        "Worker Number": 1,
                                                        "Actual Startup Time": 261.649,
                                                        "Actual Total Time": 386.39,
                                                        "Actual Rows": 577396,
                                                        "Actual Loops": 1
                                                    },
                                                    {
                                                        "Worker Number": 2,
                                                        "Actual Startup Time": 261.911,
                                                        "Actual Total Time": 389.036,
                                                        "Actual Rows": 925565,
                                                        "Actual Loops": 1
                                                    }
                                                ],
                                                "Plans": [
                                                    {
                                                        "Node Type": "Bitmap Index Scan",
                                                        "Parent Relationship": "Outer",
                                                        "Parallel Aware": false,
                                                        "Index Name": "keyword_id_movie_keyword",
                                                        "Startup Cost": 0.0,
                                                        "Total Cost": 62431.96,
                                                        "Plan Rows": 2978604,
                                                        "Plan Width": 0,
                                                        "Actual Startup Time": 255.793,
                                                        "Actual Total Time": 255.794,
                                                        "Actual Rows": 2973501,
                                                        "Actual Loops": 1,
                                                        "Index Cond": "(mk.keyword_id > 2276)",
                                                        "Workers": [
                                                            {
                                                                "Worker Number": 1,
                                                                "Actual Startup Time": 255.793,
                                                                "Actual Total Time": 255.794,
                                                                "Actual Rows": 2973501,
                                                                "Actual Loops": 1
                                                            }
                                                        ]
                                                    }
                                                ]
                                            },
                                            {
                                                "Node Type": "Hash",
                                                "Parent Relationship": "Inner",
                                                "Parallel Aware": true,
                                                "Startup Cost": 76435.95,
                                                "Total Cost": 76435.95,
                                                "Plan Rows": 378629,
                                                "Plan Width": 4,
                                                "Actual Startup Time": 370.955,
                                                "Actual Total Time": 370.957,
                                                "Actual Rows": 376808,
                                                "Actual Loops": 4,
                                                "Output": [
                                                    "t.id"
                                                ],
                                                "Hash Buckets": 2097152,
                                                "Original Hash Buckets": 2097152,
                                                "Hash Batches": 1,
                                                "Original Hash Batches": 1,
                                                "Peak Memory Usage": 75424,
                                                "Workers": [
                                                    {
                                                        "Worker Number": 0,
                                                        "Actual Startup Time": 362.581,
                                                        "Actual Total Time": 362.582,
                                                        "Actual Rows": 482712,
                                                        "Actual Loops": 1
                                                    },
                                                    {
                                                        "Worker Number": 1,
                                                        "Actual Startup Time": 373.746,
                                                        "Actual Total Time": 373.747,
                                                        "Actual Rows": 288768,
                                                        "Actual Loops": 1
                                                    },
                                                    {
                                                        "Worker Number": 2,
                                                        "Actual Startup Time": 373.764,
                                                        "Actual Total Time": 373.765,
                                                        "Actual Rows": 439173,
                                                        "Actual Loops": 1
                                                    }
                                                ],
                                                "Plans": [
                                                    {
                                                        "Node Type": "Bitmap Heap Scan",
                                                        "Parent Relationship": "Outer",
                                                        "Parallel Aware": true,
                                                        "Relation Name": "title",
                                                        "Schema": "public",
                                                        "Alias": "t",
                                                        "Startup Cost": 33474.32,
                                                        "Total Cost": 76435.95,
                                                        "Plan Rows": 378629,
                                                        "Plan Width": 4,
                                                        "Actual Startup Time": 74.128,
                                                        "Actual Total Time": 225.707,
                                                        "Actual Rows": 376808,
                                                        "Actual Loops": 4,
                                                        "Output": [
                                                            "t.id"
                                                        ],
                                                        "Recheck Cond": "(t.kind_id > 1)",
                                                        "Rows Removed by Index Recheck": 0,
                                                        "Filter": "(t.production_year < 2011)",
                                                        "Rows Removed by Filter": 89564,
                                                        "Exact Heap Blocks": 7115,
                                                        "Lossy Heap Blocks": 0,
                                                        "Workers": [
                                                            {
                                                                "Worker Number": 0,
                                                                "Actual Startup Time": 73.893,
                                                                "Actual Total Time": 224.964,
                                                                "Actual Rows": 482712,
                                                                "Actual Loops": 1
                                                            },
                                                            {
                                                                "Worker Number": 1,
                                                                "Actual Startup Time": 74.172,
                                                                "Actual Total Time": 227.023,
                                                                "Actual Rows": 288768,
                                                                "Actual Loops": 1
                                                            },
                                                            {
                                                                "Worker Number": 2,
                                                                "Actual Startup Time": 74.307,
                                                                "Actual Total Time": 224.004,
                                                                "Actual Rows": 439173,
                                                                "Actual Loops": 1
                                                            }
                                                        ],
                                                        "Plans": [
                                                            {
                                                                "Node Type": "Bitmap Index Scan",
                                                                "Parent Relationship": "Outer",
                                                                "Parallel Aware": false,
                                                                "Index Name": "kind_id_title",
                                                                "Startup Cost": 0.0,
                                                                "Total Cost": 33095.69,
                                                                "Plan Rows": 1856968,
                                                                "Plan Width": 0,
                                                                "Actual Startup Time": 68.221,
                                                                "Actual Total Time": 68.221,
                                                                "Actual Rows": 1865487,
                                                                "Actual Loops": 1,
                                                                "Index Cond": "(t.kind_id > 1)",
                                                                "Workers": [
                                                                    {
                                                                        "Worker Number": 0,
                                                                        "Actual Startup Time": 68.221,
                                                                        "Actual Total Time": 68.221,
                                                                        "Actual Rows": 1865487,
                                                                        "Actual Loops": 1
                                                                    }
                                                                ]
                                                            }
                                                        ]
                                                    }
                                                ]
                                            }
                                        ]
                                    },
                                    {
                                        "Node Type": "Hash",
                                        "Parent Relationship": "Inner",
                                        "Parallel Aware": true,
                                        "Startup Cost": 186686.12,
                                        "Total Cost": 186686.12,
                                        "Plan Rows": 239311,
                                        "Plan Width": 4,
                                        "Actual Startup Time": 337.316,
                                        "Actual Total Time": 337.317,
                                        "Actual Rows": 301177,
                                        "Actual Loops": 4,
                                        "Output": [
                                            "mi.movie_id"
                                        ],
                                        "Hash Buckets": 2097152,
                                        "Original Hash Buckets": 2097152,
                                        "Hash Batches": 1,
                                        "Original Hash Batches": 1,
                                        "Peak Memory Usage": 63616,
                                        "Workers": [
                                            {
                                                "Worker Number": 0,
                                                "Actual Startup Time": 339.739,
                                                "Actual Total Time": 339.74,
                                                "Actual Rows": 343585,
                                                "Actual Loops": 1
                                            },
                                            {
                                                "Worker Number": 1,
                                                "Actual Startup Time": 339.453,
                                                "Actual Total Time": 339.455,
                                                "Actual Rows": 237503,
                                                "Actual Loops": 1
                                            },
                                            {
                                                "Worker Number": 2,
                                                "Actual Startup Time": 339.708,
                                                "Actual Total Time": 339.708,
                                                "Actual Rows": 345406,
                                                "Actual Loops": 1
                                            }
                                        ],
                                        "Plans": [
                                            {
                                                "Node Type": "Bitmap Heap Scan",
                                                "Parent Relationship": "Outer",
                                                "Parallel Aware": true,
                                                "Relation Name": "movie_info",
                                                "Schema": "public",
                                                "Alias": "mi",
                                                "Startup Cost": 21701.74,
                                                "Total Cost": 186686.12,
                                                "Plan Rows": 239311,
                                                "Plan Width": 4,
                                                "Actual Startup Time": 90.908,
                                                "Actual Total Time": 230.866,
                                                "Actual Rows": 301177,
                                                "Actual Loops": 4,
                                                "Output": [
                                                    "mi.movie_id"
                                                ],
                                                "Recheck Cond": "(mi.info_type_id > 18)",
                                                "Rows Removed by Index Recheck": 0,
                                                "Exact Heap Blocks": 7664,
                                                "Lossy Heap Blocks": 0,
                                                "Workers": [
                                                    {
                                                        "Worker Number": 0,
                                                        "Actual Startup Time": 90.966,
                                                        "Actual Total Time": 230.324,
                                                        "Actual Rows": 343585,
                                                        "Actual Loops": 1
                                                    },
                                                    {
                                                        "Worker Number": 1,
                                                        "Actual Startup Time": 90.931,
                                                        "Actual Total Time": 231.468,
                                                        "Actual Rows": 237503,
                                                        "Actual Loops": 1
                                                    },
                                                    {
                                                        "Worker Number": 2,
                                                        "Actual Startup Time": 91.015,
                                                        "Actual Total Time": 229.918,
                                                        "Actual Rows": 345406,
                                                        "Actual Loops": 1
                                                    }
                                                ],
                                                "Plans": [
                                                    {
                                                        "Node Type": "Bitmap Index Scan",
                                                        "Parent Relationship": "Outer",
                                                        "Parallel Aware": false,
                                                        "Index Name": "info_type_id_movie_info",
                                                        "Startup Cost": 0.0,
                                                        "Total Cost": 21402.6,
                                                        "Plan Rows": 1196555,
                                                        "Plan Width": 0,
                                                        "Actual Startup Time": 82.104,
                                                        "Actual Total Time": 82.105,
                                                        "Actual Rows": 1204709,
                                                        "Actual Loops": 1,
                                                        "Index Cond": "(mi.info_type_id > 18)"
                                                    }
                                                ]
                                            }
                                        ]
                                    }
                                ]
                            }
                        ]
                    }
                ]
            }
        ]
    },
    "Planning Time": 3.861,
    "Triggers": [],
    "Execution Time": 1393.122
}