{
  "Plan": {
    "Node Type": "Aggregate",
    "Strategy": "Plain",
    "Partial Mode": "Finalize",
    "Parallel Aware": false,
    "Startup Cost": 1109556.34,
    "Total Cost": 1109556.35,
    "Plan Rows": 1,
    "Plan Width": 8,
    "Actual Startup Time": 9619.54,
    "Actual Total Time": 9707.076,
    "Actual Rows": 1,
    "Actual Loops": 1,
    "Plans": [
      {
        "Node Type": "Gather",
        "Parent Relationship": "Outer",
        "Parallel Aware": false,
        "Startup Cost": 1109556.23,
        "Total Cost": 1109556.34,
        "Plan Rows": 1,
        "Plan Width": 8,
        "Actual Startup Time": 9617.812,
        "Actual Total Time": 9707.068,
        "Actual Rows": 2,
        "Actual Loops": 1,
        "Workers Planned": 1,
        "Workers Launched": 1,
        "Single Copy": false,
        "Plans": [
          {
            "Node Type": "Aggregate",
            "Strategy": "Plain",
            "Partial Mode": "Partial",
            "Parent Relationship": "Outer",
            "Parallel Aware": false,
            "Startup Cost": 1108556.23,
            "Total Cost": 1108556.24,
            "Plan Rows": 1,
            "Plan Width": 8,
            "Actual Startup Time": 9611.21,
            "Actual Total Time": 9611.216,
            "Actual Rows": 1,
            "Actual Loops": 2,
            "Plans": [
              {
                "Node Type": "Nested Loop",
                "Parent Relationship": "Outer",
                "Parallel Aware": false,
                "Join Type": "Inner",
                "Startup Cost": 84716.6,
                "Total Cost": 1098140.18,
                "Plan Rows": 4166421,
                "Plan Width": 0,
                "Actual Startup Time": 304.888,
                "Actual Total Time": 9286.109,
                "Actual Rows": 7400629,
                "Actual Loops": 2,
                "Inner Unique": false,
                "Join Filter": "(t.id = ci.movie_id)",
                "Rows Removed by Join Filter": 0,
                "Plans": [
                  {
                    "Node Type": "Hash Join",
                    "Parent Relationship": "Outer",
                    "Parallel Aware": true,
                    "Join Type": "Inner",
                    "Startup Cost": 84716.03,
                    "Total Cost": 257924.25,
                    "Plan Rows": 290768,
                    "Plan Width": 8,
                    "Actual Startup Time": 304.771,
                    "Actual Total Time": 725.018,
                    "Actual Rows": 468462,
                    "Actual Loops": 2,
                    "Inner Unique": true,
                    "Hash Cond": "(mi.movie_id = t.id)",
                    "Plans": [
                      {
                        "Node Type": "Bitmap Heap Scan",
                        "Parent Relationship": "Outer",
                        "Parallel Aware": true,
                        "Relation Name": "movie_info",
                        "Alias": "mi",
                        "Startup Cost": 22837.73,
                        "Total Cost": 194099.51,
                        "Plan Rows": 741502,
                        "Plan Width": 4,
                        "Actual Startup Time": 35.411,
                        "Actual Total Time": 97.872,
                        "Actual Rows": 644464,
                        "Actual Loops": 2,
                        "Recheck Cond": "(info_type_id = 2)",
                        "Rows Removed by Index Recheck": 0,
                        "Exact Heap Blocks": 4496,
                        "Lossy Heap Blocks": 0,
                        "Plans": [
                          {
                            "Node Type": "Bitmap Index Scan",
                            "Parent Relationship": "Outer",
                            "Parallel Aware": false,
                            "Index Name": "info_type_id_movie_info",
                            "Startup Cost": 0.0,
                            "Total Cost": 22522.59,
                            "Plan Rows": 1260554,
                            "Plan Width": 0,
                            "Actual Startup Time": 34.135,
                            "Actual Total Time": 34.139,
                            "Actual Rows": 1288928,
                            "Actual Loops": 1,
                            "Index Cond": "(info_type_id = 2)"
                          }
                        ]
                      },
                      {
                        "Node Type": "Hash",
                        "Parent Relationship": "Inner",
                        "Parallel Aware": true,
                        "Startup Cost": 54588.39,
                        "Total Cost": 54588.39,
                        "Plan Rows": 583193,
                        "Plan Width": 4,
                        "Actual Startup Time": 260.162,
                        "Actual Total Time": 260.162,
                        "Actual Rows": 492524,
                        "Actual Loops": 2,
                        "Hash Buckets": 1048576,
                        "Original Hash Buckets": 1048576,
                        "Hash Batches": 1,
                        "Original Hash Batches": 1,
                        "Peak Memory Usage": 46752,
                        "Plans": [
                          {
                            "Node Type": "Seq Scan",
                            "Parent Relationship": "Outer",
                            "Parallel Aware": true,
                            "Relation Name": "title",
                            "Alias": "t",
                            "Startup Cost": 0.0,
                            "Total Cost": 54588.39,
                            "Plan Rows": 583193,
                            "Plan Width": 4,
                            "Actual Startup Time": 0.035,
                            "Actual Total Time": 151.38,
                            "Actual Rows": 492524,
                            "Actual Loops": 2,
                            "Filter": "(kind_id < 7)",
                            "Rows Removed by Filter": 771632
                          }
                        ]
                      }
                    ]
                  },
                  {
                    "Node Type": "Index Only Scan",
                    "Parent Relationship": "Inner",
                    "Parallel Aware": false,
                    "Scan Direction": "Forward",
                    "Index Name": "movie_id_cast_info",
                    "Relation Name": "cast_info",
                    "Alias": "ci",
                    "Startup Cost": 0.56,
                    "Total Cost": 2.43,
                    "Plan Rows": 37,
                    "Plan Width": 4,
                    "Actual Startup Time": 0.003,
                    "Actual Total Time": 0.017,
                    "Actual Rows": 16,
                    "Actual Loops": 936925,
                    "Index Cond": "(movie_id = mi.movie_id)",
                    "Rows Removed by Index Recheck": 0,
                    "Heap Fetches": 14801258
                  }
                ]
              }
            ]
          }
        ]
      }
    ]
  },
  "Planning Time": 1.032,
  "Triggers": [],
  "Execution Time": 9707.208
}