[
  {
    "Plan": {
      "Node Type": "Aggregate",
      "Strategy": "Plain",
      "Partial Mode": "Finalize",
      "Parallel Aware": false,
      "Startup Cost": 82902.42,
      "Total Cost": 82902.43,
      "Plan Rows": 1,
      "Plan Width": 8,
      "Actual Startup Time": 454.965,
      "Actual Total Time": 470.605,
      "Actual Rows": 1,
      "Actual Loops": 1,
      "Plans": [
        {
          "Node Type": "Gather",
          "Parent Relationship": "Outer",
          "Parallel Aware": false,
          "Startup Cost": 82902.0,
          "Total Cost": 82902.41,
          "Plan Rows": 4,
          "Plan Width": 8,
          "Actual Startup Time": 447.32,
          "Actual Total Time": 470.596,
          "Actual Rows": 5,
          "Actual Loops": 1,
          "Workers Planned": 4,
          "Workers Launched": 4,
          "Single Copy": false,
          "Plans": [
            {
              "Node Type": "Aggregate",
              "Strategy": "Plain",
              "Partial Mode": "Partial",
              "Parent Relationship": "Outer",
              "Parallel Aware": false,
              "Startup Cost": 81902.0,
              "Total Cost": 81902.01,
              "Plan Rows": 1,
              "Plan Width": 8,
              "Actual Startup Time": 437.973,
              "Actual Total Time": 438.155,
              "Actual Rows": 1,
              "Actual Loops": 5,
              "Plans": [
                {
                  "Node Type": "Hash Join",
                  "Parent Relationship": "Outer",
                  "Parallel Aware": true,
                  "Join Type": "Inner",
                  "Startup Cost": 35110.82,
                  "Total Cost": 81329.12,
                  "Plan Rows": 229152,
                  "Plan Width": 0,
                  "Actual Startup Time": 192.727,
                  "Actual Total Time": 428.041,
                  "Actual Rows": 220794,
                  "Actual Loops": 5,
                  "Inner Unique": false,
                  "Hash Cond": "(t.id = mc.movie_id)",
                  "Plans": [
                    {
                      "Node Type": "Seq Scan",
                      "Parent Relationship": "Outer",
                      "Parallel Aware": true,
                      "Relation Name": "title",
                      "Alias": "t",
                      "Startup Cost": 0.0,
                      "Total Cost": 42318.73,
                      "Plan Rows": 632073,
                      "Plan Width": 4,
                      "Actual Startup Time": 0.013,
                      "Actual Total Time": 67.66,
                      "Actual Rows": 505662,
                      "Actual Loops": 5
                    },
                    {
                      "Node Type": "Hash",
                      "Parent Relationship": "Inner",
                      "Parallel Aware": true,
                      "Startup Cost": 31414.82,
                      "Total Cost": 31414.82,
                      "Plan Rows": 295680,
                      "Plan Width": 4,
                      "Actual Startup Time": 188.219,
                      "Actual Total Time": 188.22,
                      "Actual Rows": 220794,
                      "Actual Loops": 5,
                      "Hash Buckets": 2097152,
                      "Original Hash Buckets": 1048576,
                      "Hash Batches": 1,
                      "Original Hash Batches": 1,
                      "Peak Memory Usage": 67872,
                      "Plans": [
                        {
                          "Node Type": "Seq Scan",
                          "Parent Relationship": "Outer",
                          "Parallel Aware": true,
                          "Relation Name": "movie_companies",
                          "Alias": "mc",
                          "Startup Cost": 0.0,
                          "Total Cost": 31414.82,
                          "Plan Rows": 295680,
                          "Plan Width": 4,
                          "Actual Startup Time": 46.927,
                          "Actual Total Time": 83.352,
                          "Actual Rows": 220794,
                          "Actual Loops": 5,
                          "Filter": "((company_id > 1727) AND (company_type_id = 2))",
                          "Rows Removed by Filter": 301031
                        }
                      ]
                    }
                  ]
                }
              ]
            }
          ]
        }
      ]
    },
    "Planning Time": 0.682,
    "Triggers": [],
    "Execution Time": 470.671
  }
]