[
  {
    "Plan": {
      "Node Type": "Aggregate",
      "Strategy": "Plain",
      "Partial Mode": "Finalize",
      "Parallel Aware": false,
      "Startup Cost": 349645.7,
      "Total Cost": 349645.71,
      "Plan Rows": 1,
      "Plan Width": 8,
      "Actual Startup Time": 553.701,
      "Actual Total Time": 566.98,
      "Actual Rows": 1,
      "Actual Loops": 1,
      "Plans": [
        {
          "Node Type": "Gather",
          "Parent Relationship": "Outer",
          "Parallel Aware": false,
          "Startup Cost": 349645.08,
          "Total Cost": 349645.69,
          "Plan Rows": 6,
          "Plan Width": 8,
          "Actual Startup Time": 543.457,
          "Actual Total Time": 566.971,
          "Actual Rows": 7,
          "Actual Loops": 1,
          "Workers Planned": 6,
          "Workers Launched": 6,
          "Single Copy": false,
          "Plans": [
            {
              "Node Type": "Aggregate",
              "Strategy": "Plain",
              "Partial Mode": "Partial",
              "Parent Relationship": "Outer",
              "Parallel Aware": false,
              "Startup Cost": 348645.08,
              "Total Cost": 348645.09,
              "Plan Rows": 1,
              "Plan Width": 8,
              "Actual Startup Time": 521.616,
              "Actual Total Time": 521.621,
              "Actual Rows": 1,
              "Actual Loops": 7,
              "Plans": [
                {
                  "Node Type": "Hash Join",
                  "Parent Relationship": "Outer",
                  "Parallel Aware": true,
                  "Join Type": "Inner",
                  "Startup Cost": 90589.12,
                  "Total Cost": 347883.52,
                  "Plan Rows": 304622,
                  "Plan Width": 0,
                  "Actual Startup Time": 327.166,
                  "Actual Total Time": 508.804,
                  "Actual Rows": 264366,
                  "Actual Loops": 7,
                  "Inner Unique": true,
                  "Hash Cond": "(ci.movie_id = t.id)",
                  "Plans": [
                    {
                      "Node Type": "Bitmap Heap Scan",
                      "Parent Relationship": "Outer",
                      "Parallel Aware": true,
                      "Relation Name": "cast_info",
                      "Alias": "ci",
                      "Startup Cost": 40369.47,
                      "Total Cost": 296864.24,
                      "Plan Rows": 304622,
                      "Plan Width": 4,
                      "Actual Startup Time": 84.875,
                      "Actual Total Time": 131.983,
                      "Actual Rows": 264366,
                      "Actual Loops": 7,
                      "Recheck Cond": "(person_id < 182518)",
                      "Rows Removed by Index Recheck": 0,
                      "Exact Heap Blocks": 3167,
                      "Lossy Heap Blocks": 0,
                      "Plans": [
                        {
                          "Node Type": "Bitmap Index Scan",
                          "Parent Relationship": "Outer",
                          "Parallel Aware": false,
                          "Index Name": "person_id_cast_info",
                          "Startup Cost": 0.0,
                          "Total Cost": 39912.54,
                          "Plan Rows": 1827730,
                          "Plan Width": 0,
                          "Actual Startup Time": 81.688,
                          "Actual Total Time": 81.688,
                          "Actual Rows": 1850562,
                          "Actual Loops": 1,
                          "Index Cond": "(person_id < 182518)"
                        }
                      ]
                    },
                    {
                      "Node Type": "Hash",
                      "Parent Relationship": "Inner",
                      "Parallel Aware": true,
                      "Startup Cost": 42318.73,
                      "Total Cost": 42318.73,
                      "Plan Rows": 632073,
                      "Plan Width": 4,
                      "Actual Startup Time": 235.679,
                      "Actual Total Time": 235.681,
                      "Actual Rows": 361187,
                      "Actual Loops": 7,
                      "Hash Buckets": 4194304,
                      "Original Hash Buckets": 4194304,
                      "Hash Batches": 1,
                      "Original Hash Batches": 1,
                      "Peak Memory Usage": 131776,
                      "Plans": [
                        {
                          "Node Type": "Seq Scan",
                          "Parent Relationship": "Outer",
                          "Parallel Aware": true,
                          "Relation Name": "title",
                          "Alias": "t",
                          "Startup Cost": 0.0,
                          "Total Cost": 42318.73,
                          "Plan Rows": 632073,
                          "Plan Width": 4,
                          "Actual Startup Time": 0.036,
                          "Actual Total Time": 73.105,
                          "Actual Rows": 361187,
                          "Actual Loops": 7
                        }
                      ]
                    }
                  ]
                }
              ]
            }
          ]
        }
      ]
    },
    "Planning Time": 0.549,
    "Triggers": [],
    "Execution Time": 567.071
  }
]