[
  {
    "Plan": {
      "Node Type": "Aggregate",
      "Strategy": "Plain",
      "Partial Mode": "Finalize",
      "Parallel Aware": false,
      "Startup Cost": 340479.77,
      "Total Cost": 340479.78,
      "Plan Rows": 1,
      "Plan Width": 8,
      "Actual Startup Time": 464.636,
      "Actual Total Time": 485.956,
      "Actual Rows": 1,
      "Actual Loops": 1,
      "Plans": [
        {
          "Node Type": "Gather",
          "Parent Relationship": "Outer",
          "Parallel Aware": false,
          "Startup Cost": 340479.15,
          "Total Cost": 340479.76,
          "Plan Rows": 6,
          "Plan Width": 8,
          "Actual Startup Time": 464.554,
          "Actual Total Time": 485.947,
          "Actual Rows": 7,
          "Actual Loops": 1,
          "Workers Planned": 6,
          "Workers Launched": 6,
          "Single Copy": false,
          "Plans": [
            {
              "Node Type": "Aggregate",
              "Strategy": "Plain",
              "Partial Mode": "Partial",
              "Parent Relationship": "Outer",
              "Parallel Aware": false,
              "Startup Cost": 339479.15,
              "Total Cost": 339479.16,
              "Plan Rows": 1,
              "Plan Width": 8,
              "Actual Startup Time": 453.687,
              "Actual Total Time": 453.688,
              "Actual Rows": 1,
              "Actual Loops": 7,
              "Plans": [
                {
                  "Node Type": "Index Scan",
                  "Parent Relationship": "Outer",
                  "Parallel Aware": true,
                  "Scan Direction": "Forward",
                  "Index Name": "role_id_cast_info",
                  "Relation Name": "cast_info",
                  "Alias": "ci",
                  "Startup Cost": 0.56,
                  "Total Cost": 335235.55,
                  "Plan Rows": 1697440,
                  "Plan Width": 0,
                  "Actual Startup Time": 165.171,
                  "Actual Total Time": 404.118,
                  "Actual Rows": 1105756,
                  "Actual Loops": 7,
                  "Index Cond": "(role_id = 1)",
                  "Rows Removed by Index Recheck": 0,
                  "Filter": "(person_id > 662255)",
                  "Rows Removed by Filter": 704343
                }
              ]
            }
          ]
        }
      ]
    },
    "Planning Time": 0.232,
    "Triggers": [],
    "Execution Time": 486.031
  }
]