{
    "Plan": {
        "Node Type": "Aggregate",
        "Strategy": "Plain",
        "Partial Mode": "Finalize",
        "Parallel Aware": false,
        "Startup Cost": 55964.2,
        "Total Cost": 55964.21,
        "Plan Rows": 1,
        "Plan Width": 8,
        "Actual Startup Time": 193.821,
        "Actual Total Time": 205.509,
        "Actual Rows": 1,
        "Actual Loops": 1,
        "Output": [
            "count(*)"
        ],
        "Plans": [
            {
                "Node Type": "Gather",
                "Parent Relationship": "Outer",
                "Parallel Aware": false,
                "Startup Cost": 55963.89,
                "Total Cost": 55964.2,
                "Plan Rows": 3,
                "Plan Width": 8,
                "Actual Startup Time": 192.172,
                "Actual Total Time": 205.5,
                "Actual Rows": 4,
                "Actual Loops": 1,
                "Output": [
                    "(PARTIAL count(*))"
                ],
                "Workers Planned": 3,
                "Workers Launched": 3,
                "Single Copy": false,
                "Plans": [
                    {
                        "Node Type": "Aggregate",
                        "Strategy": "Plain",
                        "Partial Mode": "Partial",
                        "Parent Relationship": "Outer",
                        "Parallel Aware": false,
                        "Startup Cost": 54963.89,
                        "Total Cost": 54963.9,
                        "Plan Rows": 1,
                        "Plan Width": 8,
                        "Actual Startup Time": 183.026,
                        "Actual Total Time": 183.096,
                        "Actual Rows": 1,
                        "Actual Loops": 4,
                        "Output": [
                            "PARTIAL count(*)"
                        ],
                        "Workers": [
                            {
                                "Worker Number": 0,
                                "Actual Startup Time": 181.306,
                                "Actual Total Time": 181.309,
                                "Actual Rows": 1,
                                "Actual Loops": 1
                            },
                            {
                                "Worker Number": 1,
                                "Actual Startup Time": 180.619,
                                "Actual Total Time": 180.628,
                                "Actual Rows": 1,
                                "Actual Loops": 1
                            },
                            {
                                "Worker Number": 2,
                                "Actual Startup Time": 180.09,
                                "Actual Total Time": 180.093,
                                "Actual Rows": 1,
                                "Actual Loops": 1
                            }
                        ],
                        "Plans": [
                            {
                                "Node Type": "Hash Join",
                                "Parent Relationship": "Outer",
                                "Parallel Aware": true,
                                "Join Type": "Inner",
                                "Startup Cost": 46154.04,
                                "Total Cost": 54956.3,
                                "Plan Rows": 3033,
                                "Plan Width": 0,
                                "Actual Startup Time": 149.956,
                                "Actual Total Time": 182.62,
                                "Actual Rows": 7737,
                                "Actual Loops": 4,
                                "Inner Unique": true,
                                "Hash Cond": "(ci.movie_id = t.id)",
                                "Workers": [
                                    {
                                        "Worker Number": 0,
                                        "Actual Startup Time": 148.016,
                                        "Actual Total Time": 180.817,
                                        "Actual Rows": 7168,
                                        "Actual Loops": 1
                                    },
                                    {
                                        "Worker Number": 1,
                                        "Actual Startup Time": 147.593,
                                        "Actual Total Time": 180.19,
                                        "Actual Rows": 5919,
                                        "Actual Loops": 1
                                    },
                                    {
                                        "Worker Number": 2,
                                        "Actual Startup Time": 147.052,
                                        "Actual Total Time": 179.568,
                                        "Actual Rows": 7593,
                                        "Actual Loops": 1
                                    }
                                ],
                                "Plans": [
                                    {
                                        "Node Type": "Index Scan",
                                        "Parent Relationship": "Outer",
                                        "Parallel Aware": true,
                                        "Scan Direction": "Forward",
                                        "Index Name": "role_id_cast_info",
                                        "Relation Name": "cast_info",
                                        "Schema": "public",
                                        "Alias": "ci",
                                        "Startup Cost": 0.56,
                                        "Total Cost": 8709.54,
                                        "Plan Rows": 35540,
                                        "Plan Width": 4,
                                        "Actual Startup Time": 0.113,
                                        "Actual Total Time": 16.461,
                                        "Actual Rows": 59160,
                                        "Actual Loops": 4,
                                        "Output": [
                                            "ci.id",
                                            "ci.person_id",
                                            "ci.movie_id",
                                            "ci.person_role_id",
                                            "ci.note",
                                            "ci.nr_order",
                                            "ci.role_id"
                                        ],
                                        "Index Cond": "(ci.role_id > 10)",
                                        "Rows Removed by Index Recheck": 0,
                                        "Filter": "(ci.person_id > 2340592)",
                                        "Rows Removed by Filter": 19869,
                                        "Workers": [
                                            {
                                                "Worker Number": 0,
                                                "Actual Startup Time": 0.159,
                                                "Actual Total Time": 16.774,
                                                "Actual Rows": 52668,
                                                "Actual Loops": 1
                                            },
                                            {
                                                "Worker Number": 1,
                                                "Actual Startup Time": 0.071,
                                                "Actual Total Time": 16.912,
                                                "Actual Rows": 52076,
                                                "Actual Loops": 1
                                            },
                                            {
                                                "Worker Number": 2,
                                                "Actual Startup Time": 0.093,
                                                "Actual Total Time": 16.622,
                                                "Actual Rows": 51162,
                                                "Actual Loops": 1
                                            }
                                        ]
                                    },
                                    {
                                        "Node Type": "Hash",
                                        "Parent Relationship": "Inner",
                                        "Parallel Aware": true,
                                        "Startup Cost": 45479.21,
                                        "Total Cost": 45479.21,
                                        "Plan Rows": 53941,
                                        "Plan Width": 4,
                                        "Actual Startup Time": 147.869,
                                        "Actual Total Time": 147.871,
                                        "Actual Rows": 85406,
                                        "Actual Loops": 4,
                                        "Output": [
                                            "t.id"
                                        ],
                                        "Hash Buckets": 524288,
                                        "Original Hash Buckets": 262144,
                                        "Hash Batches": 1,
                                        "Original Hash Batches": 1,
                                        "Peak Memory Usage": 19552,
                                        "Workers": [
                                            {
                                                "Worker Number": 0,
                                                "Actual Startup Time": 147.395,
                                                "Actual Total Time": 147.396,
                                                "Actual Rows": 72224,
                                                "Actual Loops": 1
                                            },
                                            {
                                                "Worker Number": 1,
                                                "Actual Startup Time": 147.148,
                                                "Actual Total Time": 147.155,
                                                "Actual Rows": 72705,
                                                "Actual Loops": 1
                                            },
                                            {
                                                "Worker Number": 2,
                                                "Actual Startup Time": 146.599,
                                                "Actual Total Time": 146.6,
                                                "Actual Rows": 70982,
                                                "Actual Loops": 1
                                            }
                                        ],
                                        "Plans": [
                                            {
                                                "Node Type": "Seq Scan",
                                                "Parent Relationship": "Outer",
                                                "Parallel Aware": true,
                                                "Relation Name": "title",
                                                "Schema": "public",
                                                "Alias": "t",
                                                "Startup Cost": 0.0,
                                                "Total Cost": 45479.21,
                                                "Plan Rows": 53941,
                                                "Plan Width": 4,
                                                "Actual Startup Time": 66.164,
                                                "Actual Total Time": 115.21,
                                                "Actual Rows": 85406,
                                                "Actual Loops": 4,
                                                "Output": [
                                                    "t.id"
                                                ],
                                                "Filter": "((t.production_year < 1995) AND (t.kind_id = 1))",
                                                "Rows Removed by Filter": 546672,
                                                "Workers": [
                                                    {
                                                        "Worker Number": 0,
                                                        "Actual Startup Time": 65.56,
                                                        "Actual Total Time": 115.363,
                                                        "Actual Rows": 72224,
                                                        "Actual Loops": 1
                                                    },
                                                    {
                                                        "Worker Number": 1,
                                                        "Actual Startup Time": 65.345,
                                                        "Actual Total Time": 115.592,
                                                        "Actual Rows": 72705,
                                                        "Actual Loops": 1
                                                    },
                                                    {
                                                        "Worker Number": 2,
                                                        "Actual Startup Time": 65.065,
                                                        "Actual Total Time": 114.379,
                                                        "Actual Rows": 70982,
                                                        "Actual Loops": 1
                                                    }
                                                ]
                                            }
                                        ]
                                    }
                                ]
                            }
                        ]
                    }
                ]
            }
        ]
    },
    "Planning Time": 0.756,
    "Triggers": [],
    "Execution Time": 205.589
}