[
  {
    "Plan": {
      "Node Type": "Aggregate",
      "Strategy": "Plain",
      "Partial Mode": "Finalize",
      "Parallel Aware": false,
      "Startup Cost": 430754.68,
      "Total Cost": 430754.69,
      "Plan Rows": 1,
      "Plan Width": 8,
      "Actual Startup Time": 1474.939,
      "Actual Total Time": 1555.205,
      "Actual Rows": 1,
      "Actual Loops": 1,
      "Plans": [
        {
          "Node Type": "Gather",
          "Parent Relationship": "Outer",
          "Parallel Aware": false,
          "Startup Cost": 430754.36,
          "Total Cost": 430754.67,
          "Plan Rows": 3,
          "Plan Width": 8,
          "Actual Startup Time": 1466.231,
          "Actual Total Time": 1555.176,
          "Actual Rows": 4,
          "Actual Loops": 1,
          "Workers Planned": 3,
          "Workers Launched": 3,
          "Single Copy": false,
          "Plans": [
            {
              "Node Type": "Aggregate",
              "Strategy": "Plain",
              "Partial Mode": "Partial",
              "Parent Relationship": "Outer",
              "Parallel Aware": false,
              "Startup Cost": 429754.36,
              "Total Cost": 429754.37,
              "Plan Rows": 1,
              "Plan Width": 8,
              "Actual Startup Time": 1454.841,
              "Actual Total Time": 1454.845,
              "Actual Rows": 1,
              "Actual Loops": 4,
              "Plans": [
                {
                  "Node Type": "Nested Loop",
                  "Parent Relationship": "Outer",
                  "Parallel Aware": false,
                  "Join Type": "Inner",
                  "Startup Cost": 49630.66,
                  "Total Cost": 425309.63,
                  "Plan Rows": 1777894,
                  "Plan Width": 0,
                  "Actual Startup Time": 251.246,
                  "Actual Total Time": 1395.035,
                  "Actual Rows": 1262128,
                  "Actual Loops": 4,
                  "Inner Unique": false,
                  "Plans": [
                    {
                      "Node Type": "Hash Join",
                      "Parent Relationship": "Outer",
                      "Parallel Aware": true,
                      "Join Type": "Inner",
                      "Startup Cost": 49630.1,
                      "Total Cost": 92945.41,
                      "Plan Rows": 124002,
                      "Plan Width": 8,
                      "Actual Startup Time": 251.09,
                      "Actual Total Time": 376.548,
                      "Actual Rows": 47094,
                      "Actual Loops": 4,
                      "Inner Unique": true,
                      "Hash Cond": "(mk.movie_id = t.id)",
                      "Plans": [
                        {
                          "Node Type": "Seq Scan",
                          "Parent Relationship": "Outer",
                          "Parallel Aware": true,
                          "Relation Name": "movie_keyword",
                          "Alias": "mk",
                          "Startup Cost": 0.0,
                          "Total Cost": 42695.65,
                          "Plan Rows": 236062,
                          "Plan Width": 4,
                          "Actual Startup Time": 2.228,
                          "Actual Total Time": 87.021,
                          "Actual Rows": 181633,
                          "Actual Loops": 4,
                          "Filter": "(keyword_id > 25815)",
                          "Rows Removed by Filter": 949350
                        },
                        {
                          "Node Type": "Hash",
                          "Parent Relationship": "Inner",
                          "Parallel Aware": true,
                          "Startup Cost": 45479.59,
                          "Total Cost": 45479.59,
                          "Plan Rows": 332041,
                          "Plan Width": 4,
                          "Actual Startup Time": 241.08,
                          "Actual Total Time": 241.082,
                          "Actual Rows": 324532,
                          "Actual Loops": 4,
                          "Hash Buckets": 2097152,
                          "Original Hash Buckets": 2097152,
                          "Hash Batches": 1,
                          "Original Hash Batches": 1,
                          "Peak Memory Usage": 67232,
                          "Plans": [
                            {
                              "Node Type": "Seq Scan",
                              "Parent Relationship": "Outer",
                              "Parallel Aware": true,
                              "Relation Name": "title",
                              "Alias": "t",
                              "Startup Cost": 0.0,
                              "Total Cost": 45479.59,
                              "Plan Rows": 332041,
                              "Plan Width": 4,
                              "Actual Startup Time": 0.025,
                              "Actual Total Time": 111.191,
                              "Actual Rows": 324532,
                              "Actual Loops": 4,
                              "Filter": "((kind_id > 1) AND (production_year < 2009))",
                              "Rows Removed by Filter": 307546
                            }
                          ]
                        }
                      ]
                    },
                    {
                      "Node Type": "Index Only Scan",
                      "Parent Relationship": "Inner",
                      "Parallel Aware": false,
                      "Scan Direction": "Forward",
                      "Index Name": "movie_id_cast_info",
                      "Relation Name": "cast_info",
                      "Alias": "ci",
                      "Startup Cost": 0.56,
                      "Total Cost": 2.33,
                      "Plan Rows": 35,
                      "Plan Width": 4,
                      "Actual Startup Time": 0.004,
                      "Actual Total Time": 0.02,
                      "Actual Rows": 27,
                      "Actual Loops": 188374,
                      "Index Cond": "(movie_id = t.id)",
                      "Rows Removed by Index Recheck": 0,
                      "Heap Fetches": 5048513
                    }
                  ]
                }
              ]
            }
          ]
        }
      ]
    },
    "Planning Time": 1.365,
    "Triggers": [],
    "Execution Time": 1555.315
  }
]