[
  {
    "Plan": {
      "Node Type": "Aggregate",
      "Strategy": "Plain",
      "Partial Mode": "Finalize",
      "Parallel Aware": false,
      "Startup Cost": 608125.27,
      "Total Cost": 608125.28,
      "Plan Rows": 1,
      "Plan Width": 8,
      "Actual Startup Time": 2360.662,
      "Actual Total Time": 2444.328,
      "Actual Rows": 1,
      "Actual Loops": 1,
      "Plans": [
        {
          "Node Type": "Gather",
          "Parent Relationship": "Outer",
          "Parallel Aware": false,
          "Startup Cost": 608124.75,
          "Total Cost": 608125.26,
          "Plan Rows": 5,
          "Plan Width": 8,
          "Actual Startup Time": 2315.811,
          "Actual Total Time": 2444.294,
          "Actual Rows": 6,
          "Actual Loops": 1,
          "Workers Planned": 5,
          "Workers Launched": 5,
          "Single Copy": false,
          "Plans": [
            {
              "Node Type": "Aggregate",
              "Strategy": "Plain",
              "Partial Mode": "Partial",
              "Parent Relationship": "Outer",
              "Parallel Aware": false,
              "Startup Cost": 607124.75,
              "Total Cost": 607124.76,
              "Plan Rows": 1,
              "Plan Width": 8,
              "Actual Startup Time": 2305.321,
              "Actual Total Time": 2305.538,
              "Actual Rows": 1,
              "Actual Loops": 6,
              "Plans": [
                {
                  "Node Type": "Hash Join",
                  "Parent Relationship": "Outer",
                  "Parallel Aware": true,
                  "Join Type": "Inner",
                  "Startup Cost": 396412.64,
                  "Total Cost": 604231.02,
                  "Plan Rows": 1157491,
                  "Plan Width": 0,
                  "Actual Startup Time": 1209.719,
                  "Actual Total Time": 2237.977,
                  "Actual Rows": 1101188,
                  "Actual Loops": 6,
                  "Inner Unique": false,
                  "Hash Cond": "(mi.movie_id = t.id)",
                  "Plans": [
                    {
                      "Node Type": "Seq Scan",
                      "Parent Relationship": "Outer",
                      "Parallel Aware": true,
                      "Relation Name": "movie_info",
                      "Alias": "mi",
                      "Startup Cost": 0.0,
                      "Total Cost": 199108.24,
                      "Plan Rows": 1808265,
                      "Plan Width": 4,
                      "Actual Startup Time": 0.04,
                      "Actual Total Time": 464.657,
                      "Actual Rows": 1494449,
                      "Actual Loops": 6,
                      "Filter": "(info_type_id < 15)",
                      "Rows Removed by Filter": 978171
                    },
                    {
                      "Node Type": "Hash",
                      "Parent Relationship": "Inner",
                      "Parallel Aware": true,
                      "Startup Cost": 393040.83,
                      "Total Cost": 393040.83,
                      "Plan Rows": 269745,
                      "Plan Width": 8,
                      "Actual Startup Time": 1205.877,
                      "Actual Total Time": 1206.091,
                      "Actual Rows": 176373,
                      "Actual Loops": 6,
                      "Hash Buckets": 2097152,
                      "Original Hash Buckets": 2097152,
                      "Hash Batches": 1,
                      "Original Hash Batches": 1,
                      "Peak Memory Usage": 57856,
                      "Plans": [
                        {
                          "Node Type": "Hash Join",
                          "Parent Relationship": "Outer",
                          "Parallel Aware": true,
                          "Join Type": "Inner",
                          "Startup Cost": 130497.7,
                          "Total Cost": 393040.83,
                          "Plan Rows": 269745,
                          "Plan Width": 8,
                          "Actual Startup Time": 914.565,
                          "Actual Total Time": 1106.318,
                          "Actual Rows": 176373,
                          "Actual Loops": 6,
                          "Inner Unique": true,
                          "Hash Cond": "(ci.movie_id = t.id)",
                          "Plans": [
                            {
                              "Node Type": "Bitmap Heap Scan",
                              "Parent Relationship": "Outer",
                              "Parallel Aware": true,
                              "Relation Name": "cast_info",
                              "Alias": "ci",
                              "Startup Cost": 80277.32,
                              "Total Cost": 342112.36,
                              "Plan Rows": 269745,
                              "Plan Width": 4,
                              "Actual Startup Time": 570.3,
                              "Actual Total Time": 640.042,
                              "Actual Rows": 176373,
                              "Actual Loops": 6,
                              "Recheck Cond": "(person_id < 363442)",
                              "Rows Removed by Index Recheck": 0,
                              "Filter": "(role_id > 2)",
                              "Rows Removed by Filter": 455064,
                              "Exact Heap Blocks": 9483,
                              "Lossy Heap Blocks": 0,
                              "Plans": [
                                {
                                  "Node Type": "Bitmap Index Scan",
                                  "Parent Relationship": "Outer",
                                  "Parallel Aware": false,
                                  "Index Name": "person_id_cast_info",
                                  "Startup Cost": 0.0,
                                  "Total Cost": 79872.7,
                                  "Plan Rows": 3659218,
                                  "Plan Width": 0,
                                  "Actual Startup Time": 438.18,
                                  "Actual Total Time": 438.181,
                                  "Actual Rows": 3788623,
                                  "Actual Loops": 1,
                                  "Index Cond": "(person_id < 363442)"
                                }
                              ]
                            },
                            {
                              "Node Type": "Hash",
                              "Parent Relationship": "Inner",
                              "Parallel Aware": true,
                              "Startup Cost": 42319.06,
                              "Total Cost": 42319.06,
                              "Plan Rows": 632106,
                              "Plan Width": 4,
                              "Actual Startup Time": 339.221,
                              "Actual Total Time": 339.223,
                              "Actual Rows": 421385,
                              "Actual Loops": 6,
                              "Hash Buckets": 4194304,
                              "Original Hash Buckets": 4194304,
                              "Hash Batches": 1,
                              "Original Hash Batches": 1,
                              "Peak Memory Usage": 131776,
                              "Plans": [
                                {
                                  "Node Type": "Seq Scan",
                                  "Parent Relationship": "Outer",
                                  "Parallel Aware": true,
                                  "Relation Name": "title",
                                  "Alias": "t",
                                  "Startup Cost": 0.0,
                                  "Total Cost": 42319.06,
                                  "Plan Rows": 632106,
                                  "Plan Width": 4,
                                  "Actual Startup Time": 0.072,
                                  "Actual Total Time": 99.679,
                                  "Actual Rows": 421385,
                                  "Actual Loops": 6
                                }
                              ]
                            }
                          ]
                        }
                      ]
                    }
                  ]
                }
              ]
            }
          ]
        }
      ]
    },
    "Planning Time": 0.644,
    "Triggers": [],
    "Execution Time": 2444.417
  }
]