[
  {
    "Plan": {
      "Node Type": "Aggregate",
      "Strategy": "Plain",
      "Partial Mode": "Finalize",
      "Parallel Aware": false,
      "Startup Cost": 608168.01,
      "Total Cost": 608168.02,
      "Plan Rows": 1,
      "Plan Width": 8,
      "Actual Startup Time": 1736.936,
      "Actual Total Time": 1792.454,
      "Actual Rows": 1,
      "Actual Loops": 1,
      "Plans": [
        {
          "Node Type": "Gather",
          "Parent Relationship": "Outer",
          "Parallel Aware": false,
          "Startup Cost": 608167.48,
          "Total Cost": 608167.99,
          "Plan Rows": 5,
          "Plan Width": 8,
          "Actual Startup Time": 1698.523,
          "Actual Total Time": 1792.44,
          "Actual Rows": 6,
          "Actual Loops": 1,
          "Workers Planned": 5,
          "Workers Launched": 5,
          "Single Copy": false,
          "Plans": [
            {
              "Node Type": "Aggregate",
              "Strategy": "Plain",
              "Partial Mode": "Partial",
              "Parent Relationship": "Outer",
              "Parallel Aware": false,
              "Startup Cost": 607167.48,
              "Total Cost": 607167.49,
              "Plan Rows": 1,
              "Plan Width": 8,
              "Actual Startup Time": 1683.715,
              "Actual Total Time": 1683.866,
              "Actual Rows": 1,
              "Actual Loops": 6,
              "Plans": [
                {
                  "Node Type": "Hash Join",
                  "Parent Relationship": "Outer",
                  "Parallel Aware": true,
                  "Join Type": "Inner",
                  "Startup Cost": 396714.6,
                  "Total Cost": 604258.64,
                  "Plan Rows": 1163537,
                  "Plan Width": 0,
                  "Actual Startup Time": 787.743,
                  "Actual Total Time": 1627.293,
                  "Actual Rows": 1101188,
                  "Actual Loops": 6,
                  "Inner Unique": false,
                  "Hash Cond": "(mi.movie_id = t.id)",
                  "Plans": [
                    {
                      "Node Type": "Seq Scan",
                      "Parent Relationship": "Outer",
                      "Parallel Aware": true,
                      "Relation Name": "movie_info",
                      "Alias": "mi",
                      "Startup Cost": 0.0,
                      "Total Cost": 198952.16,
                      "Plan Rows": 1774040,
                      "Plan Width": 4,
                      "Actual Startup Time": 0.034,
                      "Actual Total Time": 365.712,
                      "Actual Rows": 1494449,
                      "Actual Loops": 6,
                      "Filter": "(info_type_id < 15)",
                      "Rows Removed by Filter": 978171
                    },
                    {
                      "Node Type": "Hash",
                      "Parent Relationship": "Inner",
                      "Parallel Aware": true,
                      "Startup Cost": 393259.96,
                      "Total Cost": 393259.96,
                      "Plan Rows": 276371,
                      "Plan Width": 8,
                      "Actual Startup Time": 782.381,
                      "Actual Total Time": 782.53,
                      "Actual Rows": 176373,
                      "Actual Loops": 6,
                      "Hash Buckets": 2097152,
                      "Original Hash Buckets": 2097152,
                      "Hash Batches": 1,
                      "Original Hash Batches": 1,
                      "Peak Memory Usage": 57856,
                      "Plans": [
                        {
                          "Node Type": "Hash Join",
                          "Parent Relationship": "Outer",
                          "Parallel Aware": true,
                          "Join Type": "Inner",
                          "Startup Cost": 130683.31,
                          "Total Cost": 393259.96,
                          "Plan Rows": 276371,
                          "Plan Width": 8,
                          "Actual Startup Time": 540.866,
                          "Actual Total Time": 698.478,
                          "Actual Rows": 176373,
                          "Actual Loops": 6,
                          "Inner Unique": true,
                          "Hash Cond": "(ci.movie_id = t.id)",
                          "Plans": [
                            {
                              "Node Type": "Bitmap Heap Scan",
                              "Parent Relationship": "Outer",
                              "Parallel Aware": true,
                              "Relation Name": "cast_info",
                              "Alias": "ci",
                              "Startup Cost": 80463.66,
                              "Total Cost": 342314.84,
                              "Plan Rows": 276371,
                              "Plan Width": 4,
                              "Actual Startup Time": 246.217,
                              "Actual Total Time": 301.6,
                              "Actual Rows": 176373,
                              "Actual Loops": 6,
                              "Recheck Cond": "(person_id < 363442)",
                              "Rows Removed by Index Recheck": 0,
                              "Filter": "(role_id > 2)",
                              "Rows Removed by Filter": 455064,
                              "Exact Heap Blocks": 8726,
                              "Lossy Heap Blocks": 0,
                              "Plans": [
                                {
                                  "Node Type": "Bitmap Index Scan",
                                  "Parent Relationship": "Outer",
                                  "Parallel Aware": false,
                                  "Index Name": "person_id_cast_info",
                                  "Startup Cost": 0.0,
                                  "Total Cost": 80049.1,
                                  "Plan Rows": 3665672,
                                  "Plan Width": 0,
                                  "Actual Startup Time": 152.723,
                                  "Actual Total Time": 152.723,
                                  "Actual Rows": 3788623,
                                  "Actual Loops": 1,
                                  "Index Cond": "(person_id < 363442)"
                                }
                              ]
                            },
                            {
                              "Node Type": "Hash",
                              "Parent Relationship": "Inner",
                              "Parallel Aware": true,
                              "Startup Cost": 42318.73,
                              "Total Cost": 42318.73,
                              "Plan Rows": 632073,
                              "Plan Width": 4,
                              "Actual Startup Time": 289.958,
                              "Actual Total Time": 289.959,
                              "Actual Rows": 421385,
                              "Actual Loops": 6,
                              "Hash Buckets": 4194304,
                              "Original Hash Buckets": 4194304,
                              "Hash Batches": 1,
                              "Original Hash Batches": 1,
                              "Peak Memory Usage": 131776,
                              "Plans": [
                                {
                                  "Node Type": "Seq Scan",
                                  "Parent Relationship": "Outer",
                                  "Parallel Aware": true,
                                  "Relation Name": "title",
                                  "Alias": "t",
                                  "Startup Cost": 0.0,
                                  "Total Cost": 42318.73,
                                  "Plan Rows": 632073,
                                  "Plan Width": 4,
                                  "Actual Startup Time": 0.047,
                                  "Actual Total Time": 85.571,
                                  "Actual Rows": 421385,
                                  "Actual Loops": 6
                                }
                              ]
                            }
                          ]
                        }
                      ]
                    }
                  ]
                }
              ]
            }
          ]
        }
      ]
    },
    "Planning Time": 1.332,
    "Triggers": [],
    "Execution Time": 1792.568
  }
]