[
  {
    "Plan": {
      "Node Type": "Aggregate",
      "Strategy": "Plain",
      "Partial Mode": "Finalize",
      "Parallel Aware": false,
      "Startup Cost": 345719.23,
      "Total Cost": 345719.24,
      "Plan Rows": 1,
      "Plan Width": 8,
      "Actual Startup Time": 680.484,
      "Actual Total Time": 737.605,
      "Actual Rows": 1,
      "Actual Loops": 1,
      "Plans": [
        {
          "Node Type": "Gather",
          "Parent Relationship": "Outer",
          "Parallel Aware": false,
          "Startup Cost": 345718.6,
          "Total Cost": 345719.21,
          "Plan Rows": 6,
          "Plan Width": 8,
          "Actual Startup Time": 680.364,
          "Actual Total Time": 737.594,
          "Actual Rows": 7,
          "Actual Loops": 1,
          "Workers Planned": 6,
          "Workers Launched": 6,
          "Single Copy": false,
          "Plans": [
            {
              "Node Type": "Aggregate",
              "Strategy": "Plain",
              "Partial Mode": "Partial",
              "Parent Relationship": "Outer",
              "Parallel Aware": false,
              "Startup Cost": 344718.6,
              "Total Cost": 344718.61,
              "Plan Rows": 1,
              "Plan Width": 8,
              "Actual Startup Time": 669.755,
              "Actual Total Time": 669.756,
              "Actual Rows": 1,
              "Actual Loops": 7,
              "Plans": [
                {
                  "Node Type": "Seq Scan",
                  "Parent Relationship": "Outer",
                  "Parallel Aware": true,
                  "Relation Name": "cast_info",
                  "Alias": "ci",
                  "Startup Cost": 0.0,
                  "Total Cost": 343257.03,
                  "Plan Rows": 584629,
                  "Plan Width": 0,
                  "Actual Startup Time": 0.053,
                  "Actual Total Time": 637.28,
                  "Actual Rows": 625969,
                  "Actual Loops": 7,
                  "Filter": "((person_id < 529432) AND (role_id < 4))",
                  "Rows Removed by Filter": 4551794
                }
              ]
            }
          ]
        }
      ]
    },
    "Planning Time": 0.227,
    "Triggers": [],
    "Execution Time": 737.676
  }
]