[
  {
    "Plan": {
      "Node Type": "Aggregate",
      "Strategy": "Plain",
      "Partial Mode": "Finalize",
      "Parallel Aware": false,
      "Startup Cost": 754893.68,
      "Total Cost": 754893.69,
      "Plan Rows": 1,
      "Plan Width": 64,
      "Actual Startup Time": 2199.267,
      "Actual Total Time": 2386.755,
      "Actual Rows": 1,
      "Actual Loops": 1,
      "Plans": [
        {
          "Node Type": "Gather",
          "Parent Relationship": "Outer",
          "Parallel Aware": false,
          "Startup Cost": 754893.25,
          "Total Cost": 754893.66,
          "Plan Rows": 4,
          "Plan Width": 64,
          "Actual Startup Time": 2198.922,
          "Actual Total Time": 2386.741,
          "Actual Rows": 5,
          "Actual Loops": 1,
          "Workers Planned": 4,
          "Workers Launched": 4,
          "Single Copy": false,
          "Plans": [
            {
              "Node Type": "Aggregate",
              "Strategy": "Plain",
              "Partial Mode": "Partial",
              "Parent Relationship": "Outer",
              "Parallel Aware": false,
              "Startup Cost": 753893.25,
              "Total Cost": 753893.26,
              "Plan Rows": 1,
              "Plan Width": 64,
              "Actual Startup Time": 2187.171,
              "Actual Total Time": 2187.204,
              "Actual Rows": 1,
              "Actual Loops": 5,
              "Plans": [
                {
                  "Node Type": "Hash Join",
                  "Parent Relationship": "Outer",
                  "Parallel Aware": true,
                  "Join Type": "Inner",
                  "Startup Cost": 706806.51,
                  "Total Cost": 753893.24,
                  "Plan Rows": 1,
                  "Plan Width": 32,
                  "Actual Startup Time": 2163.904,
                  "Actual Total Time": 2187.192,
                  "Actual Rows": 4,
                  "Actual Loops": 5,
                  "Inner Unique": false,
                  "Hash Cond": "(t.id = mi.movie_id)",
                  "Plans": [
                    {
                      "Node Type": "Seq Scan",
                      "Parent Relationship": "Outer",
                      "Parallel Aware": true,
                      "Relation Name": "title",
                      "Alias": "t",
                      "Startup Cost": 0.0,
                      "Total Cost": 47058.86,
                      "Plan Rows": 7430,
                      "Plan Width": 21,
                      "Actual Startup Time": 0.033,
                      "Actual Total Time": 119.608,
                      "Actual Rows": 7667,
                      "Actual Loops": 5,
                      "Filter": "((title ~~ '%to%'::text) AND (production_year >= 2002) AND (production_year <= 2009))",
                      "Rows Removed by Filter": 497996
                    },
                    {
                      "Node Type": "Hash",
                      "Parent Relationship": "Inner",
                      "Parallel Aware": true,
                      "Startup Cost": 706806.5,
                      "Total Cost": 706806.5,
                      "Plan Rows": 1,
                      "Plan Width": 27,
                      "Actual Startup Time": 2065.173,
                      "Actual Total Time": 2065.203,
                      "Actual Rows": 4,
                      "Actual Loops": 5,
                      "Hash Buckets": 1024,
                      "Original Hash Buckets": 1024,
                      "Hash Batches": 1,
                      "Original Hash Batches": 1,
                      "Peak Memory Usage": 40,
                      "Plans": [
                        {
                          "Node Type": "Hash Join",
                          "Parent Relationship": "Outer",
                          "Parallel Aware": false,
                          "Join Type": "Inner",
                          "Startup Cost": 701895.55,
                          "Total Cost": 706806.5,
                          "Plan Rows": 1,
                          "Plan Width": 27,
                          "Actual Startup Time": 2062.966,
                          "Actual Total Time": 2065.093,
                          "Actual Rows": 4,
                          "Actual Loops": 5,
                          "Inner Unique": true,
                          "Hash Cond": "(ci.role_id = rt.id)",
                          "Plans": [
                            {
                              "Node Type": "Hash Join",
                              "Parent Relationship": "Outer",
                              "Parallel Aware": true,
                              "Join Type": "Inner",
                              "Startup Cost": 701894.39,
                              "Total Cost": 706805.33,
                              "Plan Rows": 1,
                              "Plan Width": 31,
                              "Actual Startup Time": 2062.809,
                              "Actual Total Time": 2064.933,
                              "Actual Rows": 4,
                              "Actual Loops": 5,
                              "Inner Unique": false,
                              "Hash Cond": "(cn.id = mc.company_id)",
                              "Plans": [
                                {
                                  "Node Type": "Seq Scan",
                                  "Parent Relationship": "Outer",
                                  "Parallel Aware": true,
                                  "Relation Name": "company_name",
                                  "Alias": "cn",
                                  "Startup Cost": 0.0,
                                  "Total Cost": 4722.92,
                                  "Plan Rows": 50137,
                                  "Plan Width": 4,
                                  "Actual Startup Time": 0.019,
                                  "Actual Total Time": 9.966,
                                  "Actual Rows": 16969,
                                  "Actual Loops": 5,
                                  "Filter": "((country_code)::text = '[us]'::text)",
                                  "Rows Removed by Filter": 30031
                                },
                                {
                                  "Node Type": "Hash",
                                  "Parent Relationship": "Inner",
                                  "Parallel Aware": true,
                                  "Startup Cost": 701894.38,
                                  "Total Cost": 701894.38,
                                  "Plan Rows": 1,
                                  "Plan Width": 35,
                                  "Actual Startup Time": 2053.23,
                                  "Actual Total Time": 2053.256,
                                  "Actual Rows": 4,
                                  "Actual Loops": 5,
                                  "Hash Buckets": 1024,
                                  "Original Hash Buckets": 1024,
                                  "Hash Batches": 1,
                                  "Original Hash Batches": 1,
                                  "Peak Memory Usage": 40,
                                  "Plans": [
                                    {
                                      "Node Type": "Hash Join",
                                      "Parent Relationship": "Outer",
                                      "Parallel Aware": true,
                                      "Join Type": "Inner",
                                      "Startup Cost": 668256.41,
                                      "Total Cost": 701894.38,
                                      "Plan Rows": 1,
                                      "Plan Width": 35,
                                      "Actual Startup Time": 2030.713,
                                      "Actual Total Time": 2053.183,
                                      "Actual Rows": 4,
                                      "Actual Loops": 5,
                                      "Inner Unique": false,
                                      "Hash Cond": "(mc.movie_id = mi.movie_id)",
                                      "Plans": [
                                        {
                                          "Node Type": "Seq Scan",
                                          "Parent Relationship": "Outer",
                                          "Parallel Aware": true,
                                          "Relation Name": "movie_companies",
                                          "Alias": "mc",
                                          "Startup Cost": 0.0,
                                          "Total Cost": 33518.95,
                                          "Plan Rows": 31735,
                                          "Plan Width": 8,
                                          "Actual Startup Time": 0.049,
                                          "Actual Total Time": 109.792,
                                          "Actual Rows": 39704,
                                          "Actual Loops": 5,
                                          "Filter": "((note ~~ '%(200%)%'::text) AND ((note ~~ '%(USA)%'::text) OR (note ~~ '%(worldwide)%'::text)))",
                                          "Rows Removed by Filter": 482122
                                        },
                                        {
                                          "Node Type": "Hash",
                                          "Parent Relationship": "Inner",
                                          "Parallel Aware": true,
                                          "Startup Cost": 668256.39,
                                          "Total Cost": 668256.39,
                                          "Plan Rows": 1,
                                          "Plan Width": 27,
                                          "Actual Startup Time": 1939.358,
                                          "Actual Total Time": 1939.379,
                                          "Actual Rows": 4,
                                          "Actual Loops": 5,
                                          "Hash Buckets": 1024,
                                          "Original Hash Buckets": 1024,
                                          "Hash Batches": 1,
                                          "Original Hash Batches": 1,
                                          "Peak Memory Usage": 72,
                                          "Plans": [
                                            {
                                              "Node Type": "Hash Join",
                                              "Parent Relationship": "Outer",
                                              "Parallel Aware": true,
                                              "Join Type": "Inner",
                                              "Startup Cost": 620985.13,
                                              "Total Cost": 668256.39,
                                              "Plan Rows": 1,
                                              "Plan Width": 27,
                                              "Actual Startup Time": 1893.314,
                                              "Actual Total Time": 1939.308,
                                              "Actual Rows": 4,
                                              "Actual Loops": 5,
                                              "Inner Unique": false,
                                              "Hash Cond": "(chn.id = ci.person_role_id)",
                                              "Plans": [
                                                {
                                                  "Node Type": "Seq Scan",
                                                  "Parent Relationship": "Outer",
                                                  "Parallel Aware": true,
                                                  "Relation Name": "char_name",
                                                  "Alias": "chn",
                                                  "Startup Cost": 0.0,
                                                  "Total Cost": 44325.46,
                                                  "Plan Rows": 785546,
                                                  "Plan Width": 4,
                                                  "Actual Startup Time": 0.022,
                                                  "Actual Total Time": 99.882,
                                                  "Actual Rows": 628068,
                                                  "Actual Loops": 5
                                                },
                                                {
                                                  "Node Type": "Hash",
                                                  "Parent Relationship": "Inner",
                                                  "Parallel Aware": true,
                                                  "Startup Cost": 620985.12,
                                                  "Total Cost": 620985.12,
                                                  "Plan Rows": 1,
                                                  "Plan Width": 31,
                                                  "Actual Startup Time": 1788.346,
                                                  "Actual Total Time": 1788.364,
                                                  "Actual Rows": 4,
                                                  "Actual Loops": 5,
                                                  "Hash Buckets": 1024,
                                                  "Original Hash Buckets": 1024,
                                                  "Hash Batches": 1,
                                                  "Original Hash Batches": 1,
                                                  "Peak Memory Usage": 40,
                                                  "Plans": [
                                                    {
                                                      "Node Type": "Hash Join",
                                                      "Parent Relationship": "Outer",
                                                      "Parallel Aware": true,
                                                      "Join Type": "Inner",
                                                      "Startup Cost": 414474.49,
                                                      "Total Cost": 620985.12,
                                                      "Plan Rows": 1,
                                                      "Plan Width": 31,
                                                      "Actual Startup Time": 1697.301,
                                                      "Actual Total Time": 1788.261,
                                                      "Actual Rows": 4,
                                                      "Actual Loops": 5,
                                                      "Inner Unique": false,
                                                      "Hash Cond": "(mi.movie_id = ci.movie_id)",
                                                      "Plans": [
                                                        {
                                                          "Node Type": "Hash Join",
                                                          "Parent Relationship": "Outer",
                                                          "Parallel Aware": false,
                                                          "Join Type": "Inner",
                                                          "Startup Cost": 2.43,
                                                          "Total Cost": 206513.03,
                                                          "Plan Rows": 3,
                                                          "Plan Width": 4,
                                                          "Actual Startup Time": 157.059,
                                                          "Actual Total Time": 613.563,
                                                          "Actual Rows": 13896,
                                                          "Actual Loops": 5,
                                                          "Inner Unique": true,
                                                          "Hash Cond": "(mi.info_type_id = it.id)",
                                                          "Plans": [
                                                            {
                                                              "Node Type": "Seq Scan",
                                                              "Parent Relationship": "Outer",
                                                              "Parallel Aware": true,
                                                              "Relation Name": "movie_info",
                                                              "Alias": "mi",
                                                              "Startup Cost": 0.0,
                                                              "Total Cost": 206509.76,
                                                              "Plan Rows": 309,
                                                              "Plan Width": 8,
                                                              "Actual Startup Time": 156.959,
                                                              "Actual Total Time": 610.317,
                                                              "Actual Rows": 13896,
                                                              "Actual Loops": 5,
                                                              "Filter": "((info IS NOT NULL) AND ((info ~~ 'Japan:%2007%'::text) OR (info ~~ 'USA:%2008%'::text)))",
                                                              "Rows Removed by Filter": 2953248
                                                            },
                                                            {
                                                              "Node Type": "Hash",
                                                              "Parent Relationship": "Inner",
                                                              "Parallel Aware": false,
                                                              "Startup Cost": 2.41,
                                                              "Total Cost": 2.41,
                                                              "Plan Rows": 1,
                                                              "Plan Width": 4,
                                                              "Actual Startup Time": 0.057,
                                                              "Actual Total Time": 0.058,
                                                              "Actual Rows": 1,
                                                              "Actual Loops": 5,
                                                              "Hash Buckets": 1024,
                                                              "Original Hash Buckets": 1024,
                                                              "Hash Batches": 1,
                                                              "Original Hash Batches": 1,
                                                              "Peak Memory Usage": 9,
                                                              "Plans": [
                                                                {
                                                                  "Node Type": "Seq Scan",
                                                                  "Parent Relationship": "Outer",
                                                                  "Parallel Aware": false,
                                                                  "Relation Name": "info_type",
                                                                  "Alias": "it",
                                                                  "Startup Cost": 0.0,
                                                                  "Total Cost": 2.41,
                                                                  "Plan Rows": 1,
                                                                  "Plan Width": 4,
                                                                  "Actual Startup Time": 0.042,
                                                                  "Actual Total Time": 0.048,
                                                                  "Actual Rows": 1,
                                                                  "Actual Loops": 5,
                                                                  "Filter": "((info)::text = 'release dates'::text)",
                                                                  "Rows Removed by Filter": 112
                                                                }
                                                              ]
                                                            }
                                                          ]
                                                        },
                                                        {
                                                          "Node Type": "Hash",
                                                          "Parent Relationship": "Inner",
                                                          "Parallel Aware": true,
                                                          "Startup Cost": 414472.05,
                                                          "Total Cost": 414472.05,
                                                          "Plan Rows": 1,
                                                          "Plan Width": 27,
                                                          "Actual Startup Time": 1173.026,
                                                          "Actual Total Time": 1173.037,
                                                          "Actual Rows": 18,
                                                          "Actual Loops": 5,
                                                          "Hash Buckets": 1024,
                                                          "Original Hash Buckets": 1024,
                                                          "Hash Batches": 1,
                                                          "Original Hash Batches": 1,
                                                          "Peak Memory Usage": 40,
                                                          "Plans": [
                                                            {
                                                              "Node Type": "Hash Join",
                                                              "Parent Relationship": "Outer",
                                                              "Parallel Aware": true,
                                                              "Join Type": "Inner",
                                                              "Startup Cost": 86307.28,
                                                              "Total Cost": 414472.05,
                                                              "Plan Rows": 1,
                                                              "Plan Width": 27,
                                                              "Actual Startup Time": 1082.394,
                                                              "Actual Total Time": 1172.913,
                                                              "Actual Rows": 18,
                                                              "Actual Loops": 5,
                                                              "Inner Unique": false,
                                                              "Hash Cond": "(ci.person_id = n.id)",
                                                              "Plans": [
                                                                {
                                                                  "Node Type": "Seq Scan",
                                                                  "Parent Relationship": "Outer",
                                                                  "Parallel Aware": true,
                                                                  "Relation Name": "cast_info",
                                                                  "Alias": "ci",
                                                                  "Startup Cost": 0.0,
                                                                  "Total Cost": 328163.97,
                                                                  "Plan Rows": 209,
                                                                  "Plan Width": 16,
                                                                  "Actual Startup Time": 842.384,
                                                                  "Actual Total Time": 932.888,
                                                                  "Actual Rows": 2,
                                                                  "Actual Loops": 5,
                                                                  "Filter": "(note = '(as Vendela Kirsebom)'::text)",
                                                                  "Rows Removed by Filter": 7248867
                                                                },
                                                                {
                                                                  "Node Type": "Hash",
                                                                  "Parent Relationship": "Inner",
                                                                  "Parallel Aware": true,
                                                                  "Startup Cost": 86307.19,
                                                                  "Total Cost": 86307.19,
                                                                  "Plan Rows": 7,
                                                                  "Plan Width": 23,
                                                                  "Actual Startup Time": 239.752,
                                                                  "Actual Total Time": 239.761,
                                                                  "Actual Rows": 2,
                                                                  "Actual Loops": 5,
                                                                  "Hash Buckets": 1024,
                                                                  "Original Hash Buckets": 1024,
                                                                  "Hash Batches": 1,
                                                                  "Original Hash Batches": 1,
                                                                  "Peak Memory Usage": 72,
                                                                  "Plans": [
                                                                    {
                                                                      "Node Type": "Hash Join",
                                                                      "Parent Relationship": "Outer",
                                                                      "Parallel Aware": true,
                                                                      "Join Type": "Inner",
                                                                      "Startup Cost": 71240.4,
                                                                      "Total Cost": 86307.19,
                                                                      "Plan Rows": 7,
                                                                      "Plan Width": 23,
                                                                      "Actual Startup Time": 236.688,
                                                                      "Actual Total Time": 239.622,
                                                                      "Actual Rows": 2,
                                                                      "Actual Loops": 5,
                                                                      "Inner Unique": true,
                                                                      "Hash Cond": "(an.person_id = n.id)",
                                                                      "Plans": [
                                                                        {
                                                                          "Node Type": "Seq Scan",
                                                                          "Parent Relationship": "Outer",
                                                                          "Parallel Aware": true,
                                                                          "Relation Name": "aka_name",
                                                                          "Alias": "an",
                                                                          "Startup Cost": 0.0,
                                                                          "Total Cost": 14303.56,
                                                                          "Plan Rows": 290756,
                                                                          "Plan Width": 4,
                                                                          "Actual Startup Time": 0.028,
                                                                          "Actual Total Time": 34.115,
                                                                          "Actual Rows": 180269,
                                                                          "Actual Loops": 5
                                                                        },
                                                                        {
                                                                          "Node Type": "Hash",
                                                                          "Parent Relationship": "Inner",
                                                                          "Parallel Aware": true,
                                                                          "Startup Cost": 71240.1,
                                                                          "Total Cost": 71240.1,
                                                                          "Plan Rows": 24,
                                                                          "Plan Width": 19,
                                                                          "Actual Startup Time": 190.8,
                                                                          "Actual Total Time": 190.801,
                                                                          "Actual Rows": 0,
                                                                          "Actual Loops": 5,
                                                                          "Hash Buckets": 1024,
                                                                          "Original Hash Buckets": 1024,
                                                                          "Hash Batches": 1,
                                                                          "Original Hash Batches": 1,
                                                                          "Peak Memory Usage": 40,
                                                                          "Plans": [
                                                                            {
                                                                              "Node Type": "Seq Scan",
                                                                              "Parent Relationship": "Outer",
                                                                              "Parallel Aware": true,
                                                                              "Relation Name": "name",
                                                                              "Alias": "n",
                                                                              "Startup Cost": 0.0,
                                                                              "Total Cost": 71240.1,
                                                                              "Plan Rows": 24,
                                                                              "Plan Width": 19,
                                                                              "Actual Startup Time": 177.287,
                                                                              "Actual Total Time": 190.769,
                                                                              "Actual Rows": 0,
                                                                              "Actual Loops": 5,
                                                                              "Filter": "((name ~~ '%Thomessen,%'::text) AND ((gender)::text = 'f'::text))",
                                                                              "Rows Removed by Filter": 833498
                                                                            }
                                                                          ]
                                                                        }
                                                                      ]
                                                                    }
                                                                  ]
                                                                }
                                                              ]
                                                            }
                                                          ]
                                                        }
                                                      ]
                                                    }
                                                  ]
                                                }
                                              ]
                                            }
                                          ]
                                        }
                                      ]
                                    }
                                  ]
                                }
                              ]
                            },
                            {
                              "Node Type": "Hash",
                              "Parent Relationship": "Inner",
                              "Parallel Aware": false,
                              "Startup Cost": 1.15,
                              "Total Cost": 1.15,
                              "Plan Rows": 1,
                              "Plan Width": 4,
                              "Actual Startup Time": 0.11,
                              "Actual Total Time": 0.111,
                              "Actual Rows": 1,
                              "Actual Loops": 5,
                              "Hash Buckets": 1024,
                              "Original Hash Buckets": 1024,
                              "Hash Batches": 1,
                              "Original Hash Batches": 1,
                              "Peak Memory Usage": 9,
                              "Plans": [
                                {
                                  "Node Type": "Seq Scan",
                                  "Parent Relationship": "Outer",
                                  "Parallel Aware": false,
                                  "Relation Name": "role_type",
                                  "Alias": "rt",
                                  "Startup Cost": 0.0,
                                  "Total Cost": 1.15,
                                  "Plan Rows": 1,
                                  "Plan Width": 4,
                                  "Actual Startup Time": 0.083,
                                  "Actual Total Time": 0.088,
                                  "Actual Rows": 1,
                                  "Actual Loops": 5,
                                  "Filter": "((role)::text = 'actress'::text)",
                                  "Rows Removed by Filter": 11
                                }
                              ]
                            }
                          ]
                        }
                      ]
                    }
                  ]
                }
              ]
            }
          ]
        }
      ]
    },
    "Planning Time": 39.575,
    "Triggers": [],
    "Execution Time": 2387.206
  }
]