[
  {
    "Plan": {
      "Node Type": "Aggregate",
      "Strategy": "Plain",
      "Partial Mode": "Finalize",
      "Parallel Aware": false,
      "Startup Cost": 90022.45,
      "Total Cost": 90022.46,
      "Plan Rows": 1,
      "Plan Width": 8,
      "Actual Startup Time": 41.077,
      "Actual Total Time": 49.394,
      "Actual Rows": 1,
      "Actual Loops": 1,
      "Plans": [
        {
          "Node Type": "Gather",
          "Parent Relationship": "Outer",
          "Parallel Aware": false,
          "Startup Cost": 90022.13,
          "Total Cost": 90022.44,
          "Plan Rows": 3,
          "Plan Width": 8,
          "Actual Startup Time": 40.906,
          "Actual Total Time": 49.387,
          "Actual Rows": 4,
          "Actual Loops": 1,
          "Workers Planned": 3,
          "Workers Launched": 3,
          "Single Copy": false,
          "Plans": [
            {
              "Node Type": "Aggregate",
              "Strategy": "Plain",
              "Partial Mode": "Partial",
              "Parent Relationship": "Outer",
              "Parallel Aware": false,
              "Startup Cost": 89022.13,
              "Total Cost": 89022.14,
              "Plan Rows": 1,
              "Plan Width": 8,
              "Actual Startup Time": 36.59,
              "Actual Total Time": 36.591,
              "Actual Rows": 1,
              "Actual Loops": 4,
              "Plans": [
                {
                  "Node Type": "Nested Loop",
                  "Parent Relationship": "Outer",
                  "Parallel Aware": false,
                  "Join Type": "Inner",
                  "Startup Cost": 350.44,
                  "Total Cost": 89006.57,
                  "Plan Rows": 6226,
                  "Plan Width": 0,
                  "Actual Startup Time": 0.981,
                  "Actual Total Time": 36.079,
                  "Actual Rows": 4554,
                  "Actual Loops": 4,
                  "Inner Unique": true,
                  "Plans": [
                    {
                      "Node Type": "Bitmap Heap Scan",
                      "Parent Relationship": "Outer",
                      "Parallel Aware": true,
                      "Relation Name": "movie_info",
                      "Alias": "mi",
                      "Startup Cost": 350.01,
                      "Total Cost": 54963.98,
                      "Plan Rows": 6226,
                      "Plan Width": 4,
                      "Actual Startup Time": 0.861,
                      "Actual Total Time": 7.61,
                      "Actual Rows": 4554,
                      "Actual Loops": 4,
                      "Recheck Cond": "(info_type_id = 108)",
                      "Rows Removed by Index Recheck": 0,
                      "Exact Heap Blocks": 2090,
                      "Lossy Heap Blocks": 0,
                      "Plans": [
                        {
                          "Node Type": "Bitmap Index Scan",
                          "Parent Relationship": "Outer",
                          "Parallel Aware": false,
                          "Index Name": "info_type_id_movie_info",
                          "Startup Cost": 0.0,
                          "Total Cost": 345.19,
                          "Plan Rows": 19300,
                          "Plan Width": 0,
                          "Actual Startup Time": 2.255,
                          "Actual Total Time": 2.255,
                          "Actual Rows": 18214,
                          "Actual Loops": 1,
                          "Index Cond": "(info_type_id = 108)"
                        }
                      ]
                    },
                    {
                      "Node Type": "Index Only Scan",
                      "Parent Relationship": "Inner",
                      "Parallel Aware": false,
                      "Scan Direction": "Forward",
                      "Index Name": "title_pkey",
                      "Relation Name": "title",
                      "Alias": "t",
                      "Startup Cost": 0.43,
                      "Total Cost": 5.47,
                      "Plan Rows": 1,
                      "Plan Width": 4,
                      "Actual Startup Time": 0.006,
                      "Actual Total Time": 0.006,
                      "Actual Rows": 1,
                      "Actual Loops": 18214,
                      "Index Cond": "(id = mi.movie_id)",
                      "Rows Removed by Index Recheck": 0,
                      "Heap Fetches": 18214
                    }
                  ]
                }
              ]
            }
          ]
        }
      ]
    },
    "Planning Time": 0.321,
    "Triggers": [],
    "Execution Time": 49.453
  }
]