{
  "Plan": {
    "Node Type": "Aggregate",
    "Strategy": "Plain",
    "Partial Mode": "Simple",
    "Parallel Aware": false,
    "Startup Cost": 3007.22,
    "Total Cost": 3007.23,
    "Plan Rows": 1,
    "Plan Width": 8,
    "Actual Startup Time": 3.467,
    "Actual Total Time": 3.471,
    "Actual Rows": 1,
    "Actual Loops": 1,
    "Plans": [
      {
        "Node Type": "Nested Loop",
        "Parent Relationship": "Outer",
        "Parallel Aware": false,
        "Join Type": "Inner",
        "Startup Cost": 6.78,
        "Total Cost": 3007.2,
        "Plan Rows": 7,
        "Plan Width": 0,
        "Actual Startup Time": 1.744,
        "Actual Total Time": 3.459,
        "Actual Rows": 5,
        "Actual Loops": 1,
        "Inner Unique": true,
        "Plans": [
          {
            "Node Type": "Bitmap Heap Scan",
            "Parent Relationship": "Outer",
            "Parallel Aware": false,
            "Relation Name": "movie_keyword",
            "Alias": "mk",
            "Startup Cost": 6.35,
            "Total Cost": 922.98,
            "Plan Rows": 248,
            "Plan Width": 4,
            "Actual Startup Time": 0.273,
            "Actual Total Time": 0.898,
            "Actual Rows": 247,
            "Actual Loops": 1,
            "Recheck Cond": "(keyword_id = 12836)",
            "Rows Removed by Index Recheck": 0,
            "Exact Heap Blocks": 160,
            "Lossy Heap Blocks": 0,
            "Plans": [
              {
                "Node Type": "Bitmap Index Scan",
                "Parent Relationship": "Outer",
                "Parallel Aware": false,
                "Index Name": "keyword_id_movie_keyword",
                "Startup Cost": 0.0,
                "Total Cost": 6.29,
                "Plan Rows": 248,
                "Plan Width": 0,
                "Actual Startup Time": 0.213,
                "Actual Total Time": 0.214,
                "Actual Rows": 247,
                "Actual Loops": 1,
                "Index Cond": "(keyword_id = 12836)"
              }
            ]
          },
          {
            "Node Type": "Index Scan",
            "Parent Relationship": "Inner",
            "Parallel Aware": false,
            "Scan Direction": "Forward",
            "Index Name": "title_pkey",
            "Relation Name": "title",
            "Alias": "t",
            "Startup Cost": 0.43,
            "Total Cost": 8.4,
            "Plan Rows": 1,
            "Plan Width": 4,
            "Actual Startup Time": 0.01,
            "Actual Total Time": 0.01,
            "Actual Rows": 0,
            "Actual Loops": 247,
            "Index Cond": "(id = mk.movie_id)",
            "Rows Removed by Index Recheck": 0,
            "Filter": "((kind_id < 3) AND (production_year > 2011))",
            "Rows Removed by Filter": 1
          }
        ]
      }
    ]
  },
  "Planning Time": 0.476,
  "Triggers": [],
  "Execution Time": 3.558
}