{
  "Plan": {
    "Node Type": "Aggregate",
    "Strategy": "Plain",
    "Partial Mode": "Finalize",
    "Parallel Aware": false,
    "Startup Cost": 43685.17,
    "Total Cost": 43685.18,
    "Plan Rows": 1,
    "Plan Width": 8,
    "Actual Startup Time": 46.481,
    "Actual Total Time": 53.669,
    "Actual Rows": 1,
    "Actual Loops": 1,
    "Plans": [
      {
        "Node Type": "Gather",
        "Parent Relationship": "Outer",
        "Parallel Aware": false,
        "Startup Cost": 43685.06,
        "Total Cost": 43685.17,
        "Plan Rows": 1,
        "Plan Width": 8,
        "Actual Startup Time": 46.379,
        "Actual Total Time": 53.664,
        "Actual Rows": 2,
        "Actual Loops": 1,
        "Workers Planned": 1,
        "Workers Launched": 1,
        "Single Copy": false,
        "Plans": [
          {
            "Node Type": "Aggregate",
            "Strategy": "Plain",
            "Partial Mode": "Partial",
            "Parent Relationship": "Outer",
            "Parallel Aware": false,
            "Startup Cost": 42685.06,
            "Total Cost": 42685.07,
            "Plan Rows": 1,
            "Plan Width": 8,
            "Actual Startup Time": 40.233,
            "Actual Total Time": 40.235,
            "Actual Rows": 1,
            "Actual Loops": 2,
            "Plans": [
              {
                "Node Type": "Nested Loop",
                "Parent Relationship": "Outer",
                "Parallel Aware": false,
                "Join Type": "Inner",
                "Startup Cost": 133.22,
                "Total Cost": 42683.64,
                "Plan Rows": 568,
                "Plan Width": 0,
                "Actual Startup Time": 20.953,
                "Actual Total Time": 40.222,
                "Actual Rows": 19,
                "Actual Loops": 2,
                "Inner Unique": false,
                "Plans": [
                  {
                    "Node Type": "Nested Loop",
                    "Parent Relationship": "Outer",
                    "Parallel Aware": false,
                    "Join Type": "Inner",
                    "Startup Cost": 132.78,
                    "Total Cost": 40209.98,
                    "Plan Rows": 935,
                    "Plan Width": 8,
                    "Actual Startup Time": 3.942,
                    "Actual Total Time": 36.223,
                    "Actual Rows": 90,
                    "Actual Loops": 2,
                    "Inner Unique": true,
                    "Plans": [
                      {
                        "Node Type": "Bitmap Heap Scan",
                        "Parent Relationship": "Outer",
                        "Parallel Aware": true,
                        "Relation Name": "movie_keyword",
                        "Alias": "mk",
                        "Startup Cost": 132.35,
                        "Total Cost": 14334.04,
                        "Plan Rows": 3637,
                        "Plan Width": 4,
                        "Actual Startup Time": 3.5,
                        "Actual Total Time": 13.07,
                        "Actual Rows": 2928,
                        "Actual Loops": 2,
                        "Recheck Cond": "(keyword_id = 405)",
                        "Rows Removed by Index Recheck": 0,
                        "Exact Heap Blocks": 4362,
                        "Lossy Heap Blocks": 0,
                        "Plans": [
                          {
                            "Node Type": "Bitmap Index Scan",
                            "Parent Relationship": "Outer",
                            "Parallel Aware": false,
                            "Index Name": "keyword_id_movie_keyword",
                            "Startup Cost": 0.0,
                            "Total Cost": 130.81,
                            "Plan Rows": 6183,
                            "Plan Width": 0,
                            "Actual Startup Time": 4.052,
                            "Actual Total Time": 4.052,
                            "Actual Rows": 5857,
                            "Actual Loops": 1,
                            "Index Cond": "(keyword_id = 405)"
                          }
                        ]
                      },
                      {
                        "Node Type": "Index Scan",
                        "Parent Relationship": "Inner",
                        "Parallel Aware": false,
                        "Scan Direction": "Forward",
                        "Index Name": "title_pkey",
                        "Relation Name": "title",
                        "Alias": "t",
                        "Startup Cost": 0.43,
                        "Total Cost": 7.11,
                        "Plan Rows": 1,
                        "Plan Width": 4,
                        "Actual Startup Time": 0.007,
                        "Actual Total Time": 0.007,
                        "Actual Rows": 0,
                        "Actual Loops": 5857,
                        "Index Cond": "(id = mk.movie_id)",
                        "Rows Removed by Index Recheck": 0,
                        "Filter": "((production_year < 2001) AND (kind_id = 7))",
                        "Rows Removed by Filter": 1
                      }
                    ]
                  },
                  {
                    "Node Type": "Index Scan",
                    "Parent Relationship": "Inner",
                    "Parallel Aware": false,
                    "Scan Direction": "Forward",
                    "Index Name": "movie_id_movie_info",
                    "Relation Name": "movie_info",
                    "Alias": "mi",
                    "Startup Cost": 0.43,
                    "Total Cost": 2.61,
                    "Plan Rows": 4,
                    "Plan Width": 4,
                    "Actual Startup Time": 0.044,
                    "Actual Total Time": 0.044,
                    "Actual Rows": 0,
                    "Actual Loops": 179,
                    "Index Cond": "(movie_id = t.id)",
                    "Rows Removed by Index Recheck": 0,
                    "Filter": "(info_type_id = 3)",
                    "Rows Removed by Filter": 15
                  }
                ]
              }
            ]
          }
        ]
      }
    ]
  },
  "Planning Time": 0.998,
  "Triggers": [],
  "Execution Time": 53.767
}