[
  {
    "Plan": {
      "Node Type": "Aggregate",
      "Strategy": "Plain",
      "Partial Mode": "Finalize",
      "Parallel Aware": false,
      "Startup Cost": 238358.08,
      "Total Cost": 238358.09,
      "Plan Rows": 1,
      "Plan Width": 8,
      "Actual Startup Time": 429.831,
      "Actual Total Time": 449.065,
      "Actual Rows": 1,
      "Actual Loops": 1,
      "Plans": [
        {
          "Node Type": "Gather",
          "Parent Relationship": "Outer",
          "Parallel Aware": false,
          "Startup Cost": 238357.55,
          "Total Cost": 238358.06,
          "Plan Rows": 5,
          "Plan Width": 8,
          "Actual Startup Time": 419.787,
          "Actual Total Time": 449.053,
          "Actual Rows": 6,
          "Actual Loops": 1,
          "Workers Planned": 5,
          "Workers Launched": 5,
          "Single Copy": false,
          "Plans": [
            {
              "Node Type": "Aggregate",
              "Strategy": "Plain",
              "Partial Mode": "Partial",
              "Parent Relationship": "Outer",
              "Parallel Aware": false,
              "Startup Cost": 237357.55,
              "Total Cost": 237357.56,
              "Plan Rows": 1,
              "Plan Width": 8,
              "Actual Startup Time": 398.742,
              "Actual Total Time": 398.746,
              "Actual Rows": 1,
              "Actual Loops": 6,
              "Plans": [
                {
                  "Node Type": "Hash Join",
                  "Parent Relationship": "Outer",
                  "Parallel Aware": true,
                  "Join Type": "Inner",
                  "Startup Cost": 71225.67,
                  "Total Cost": 236979.67,
                  "Plan Rows": 151153,
                  "Plan Width": 0,
                  "Actual Startup Time": 280.528,
                  "Actual Total Time": 397.453,
                  "Actual Rows": 24314,
                  "Actual Loops": 6,
                  "Inner Unique": true,
                  "Hash Cond": "(mi.movie_id = t.id)",
                  "Plans": [
                    {
                      "Node Type": "Bitmap Heap Scan",
                      "Parent Relationship": "Outer",
                      "Parallel Aware": true,
                      "Relation Name": "movie_info",
                      "Alias": "mi",
                      "Startup Cost": 22524.06,
                      "Total Cost": 187625.32,
                      "Plan Rows": 248661,
                      "Plan Width": 4,
                      "Actual Startup Time": 60.358,
                      "Actual Total Time": 129.834,
                      "Actual Rows": 200785,
                      "Actual Loops": 6,
                      "Recheck Cond": "(info_type_id > 18)",
                      "Rows Removed by Index Recheck": 0,
                      "Exact Heap Blocks": 6330,
                      "Lossy Heap Blocks": 0,
                      "Plans": [
                        {
                          "Node Type": "Bitmap Index Scan",
                          "Parent Relationship": "Outer",
                          "Parallel Aware": false,
                          "Index Name": "info_type_id_movie_info",
                          "Startup Cost": 0.0,
                          "Total Cost": 22213.23,
                          "Plan Rows": 1243306,
                          "Plan Width": 0,
                          "Actual Startup Time": 54.496,
                          "Actual Total Time": 54.497,
                          "Actual Rows": 1204709,
                          "Actual Loops": 1,
                          "Index Cond": "(info_type_id > 18)"
                        }
                      ]
                    },
                    {
                      "Node Type": "Hash",
                      "Parent Relationship": "Inner",
                      "Parallel Aware": true,
                      "Startup Cost": 43898.92,
                      "Total Cost": 43898.92,
                      "Plan Rows": 384216,
                      "Plan Width": 4,
                      "Actual Startup Time": 200.845,
                      "Actual Total Time": 200.847,
                      "Actual Rows": 257211,
                      "Actual Loops": 6,
                      "Hash Buckets": 2097152,
                      "Original Hash Buckets": 2097152,
                      "Hash Batches": 1,
                      "Original Hash Batches": 1,
                      "Peak Memory Usage": 76864,
                      "Plans": [
                        {
                          "Node Type": "Seq Scan",
                          "Parent Relationship": "Outer",
                          "Parallel Aware": true,
                          "Relation Name": "title",
                          "Alias": "t",
                          "Startup Cost": 0.0,
                          "Total Cost": 43898.92,
                          "Plan Rows": 384216,
                          "Plan Width": 4,
                          "Actual Startup Time": 0.044,
                          "Actual Total Time": 84.193,
                          "Actual Rows": 257211,
                          "Actual Loops": 6,
                          "Filter": "(kind_id = 7)",
                          "Rows Removed by Filter": 164175
                        }
                      ]
                    }
                  ]
                }
              ]
            }
          ]
        }
      ]
    },
    "Planning Time": 0.662,
    "Triggers": [],
    "Execution Time": 449.173
  }
]