{
  "Plan": {
    "Node Type": "Aggregate",
    "Strategy": "Plain",
    "Partial Mode": "Finalize",
    "Parallel Aware": false,
    "Startup Cost": 415638.77,
    "Total Cost": 415638.78,
    "Plan Rows": 1,
    "Plan Width": 8,
    "Actual Startup Time": 2482.315,
    "Actual Total Time": 2536.62,
    "Actual Rows": 1,
    "Actual Loops": 1,
    "Plans": [
      {
        "Node Type": "Gather",
        "Parent Relationship": "Outer",
        "Parallel Aware": false,
        "Startup Cost": 415638.65,
        "Total Cost": 415638.76,
        "Plan Rows": 1,
        "Plan Width": 8,
        "Actual Startup Time": 2478.857,
        "Actual Total Time": 2536.61,
        "Actual Rows": 2,
        "Actual Loops": 1,
        "Workers Planned": 1,
        "Workers Launched": 1,
        "Single Copy": false,
        "Plans": [
          {
            "Node Type": "Aggregate",
            "Strategy": "Plain",
            "Partial Mode": "Partial",
            "Parent Relationship": "Outer",
            "Parallel Aware": false,
            "Startup Cost": 414638.65,
            "Total Cost": 414638.66,
            "Plan Rows": 1,
            "Plan Width": 8,
            "Actual Startup Time": 2474.399,
            "Actual Total Time": 2475.311,
            "Actual Rows": 1,
            "Actual Loops": 2,
            "Plans": [
              {
                "Node Type": "Hash Join",
                "Parent Relationship": "Outer",
                "Parallel Aware": true,
                "Join Type": "Inner",
                "Startup Cost": 111651.72,
                "Total Cost": 408250.18,
                "Plan Rows": 2555390,
                "Plan Width": 0,
                "Actual Startup Time": 703.858,
                "Actual Total Time": 2400.076,
                "Actual Rows": 1784145,
                "Actual Loops": 2,
                "Inner Unique": false,
                "Hash Cond": "(mi.movie_id = t.id)",
                "Plans": [
                  {
                    "Node Type": "Seq Scan",
                    "Parent Relationship": "Outer",
                    "Parallel Aware": true,
                    "Relation Name": "movie_info",
                    "Alias": "mi",
                    "Startup Cost": 0.0,
                    "Total Cost": 248955.74,
                    "Plan Rows": 8696274,
                    "Plan Width": 4,
                    "Actual Startup Time": 0.017,
                    "Actual Total Time": 639.833,
                    "Actual Rows": 7417860,
                    "Actual Loops": 2
                  },
                  {
                    "Node Type": "Hash",
                    "Parent Relationship": "Inner",
                    "Parallel Aware": true,
                    "Startup Cost": 106188.95,
                    "Total Cost": 106188.95,
                    "Plan Rows": 437021,
                    "Plan Width": 8,
                    "Actual Startup Time": 693.559,
                    "Actual Total Time": 694.469,
                    "Actual Rows": 185296,
                    "Actual Loops": 2,
                    "Hash Buckets": 1048576,
                    "Original Hash Buckets": 1048576,
                    "Hash Batches": 1,
                    "Original Hash Batches": 1,
                    "Peak Memory Usage": 22720,
                    "Plans": [
                      {
                        "Node Type": "Hash Join",
                        "Parent Relationship": "Outer",
                        "Parallel Aware": true,
                        "Join Type": "Inner",
                        "Startup Cost": 65053.13,
                        "Total Cost": 106188.95,
                        "Plan Rows": 437021,
                        "Plan Width": 8,
                        "Actual Startup Time": 292.875,
                        "Actual Total Time": 640.977,
                        "Actual Rows": 185296,
                        "Actual Loops": 2,
                        "Inner Unique": true,
                        "Hash Cond": "(mc.movie_id = t.id)",
                        "Plans": [
                          {
                            "Node Type": "Seq Scan",
                            "Parent Relationship": "Outer",
                            "Parallel Aware": true,
                            "Relation Name": "movie_companies",
                            "Alias": "mc",
                            "Startup Cost": 0.0,
                            "Total Cost": 37974.77,
                            "Plan Rows": 1204210,
                            "Plan Width": 4,
                            "Actual Startup Time": 0.014,
                            "Actual Total Time": 123.233,
                            "Actual Rows": 1014844,
                            "Actual Loops": 2,
                            "Filter": "(company_id < 71095)",
                            "Rows Removed by Filter": 289720
                          },
                          {
                            "Node Type": "Hash",
                            "Parent Relationship": "Inner",
                            "Parallel Aware": true,
                            "Startup Cost": 58306.47,
                            "Total Cost": 58306.47,
                            "Plan Rows": 539733,
                            "Plan Width": 4,
                            "Actual Startup Time": 287.283,
                            "Actual Total Time": 287.284,
                            "Actual Rows": 507183,
                            "Actual Loops": 2,
                            "Hash Buckets": 1048576,
                            "Original Hash Buckets": 1048576,
                            "Hash Batches": 1,
                            "Original Hash Batches": 1,
                            "Peak Memory Usage": 47904,
                            "Plans": [
                              {
                                "Node Type": "Seq Scan",
                                "Parent Relationship": "Outer",
                                "Parallel Aware": true,
                                "Relation Name": "title",
                                "Alias": "t",
                                "Startup Cost": 0.0,
                                "Total Cost": 58306.47,
                                "Plan Rows": 539733,
                                "Plan Width": 4,
                                "Actual Startup Time": 0.028,
                                "Actual Total Time": 164.088,
                                "Actual Rows": 507183,
                                "Actual Loops": 2,
                                "Filter": "((kind_id > 3) AND (production_year > 2000))",
                                "Rows Removed by Filter": 756973
                              }
                            ]
                          }
                        ]
                      }
                    ]
                  }
                ]
              }
            ]
          }
        ]
      }
    ]
  },
  "Planning Time": 1.04,
  "Triggers": [],
  "Execution Time": 2536.711
}