[
  {
    "Plan": {
      "Node Type": "Aggregate",
      "Strategy": "Plain",
      "Partial Mode": "Finalize",
      "Parallel Aware": false,
      "Startup Cost": 90580.52,
      "Total Cost": 90580.53,
      "Plan Rows": 1,
      "Plan Width": 8,
      "Actual Startup Time": 269.708,
      "Actual Total Time": 287.677,
      "Actual Rows": 1,
      "Actual Loops": 1,
      "Plans": [
        {
          "Node Type": "Gather",
          "Parent Relationship": "Outer",
          "Parallel Aware": false,
          "Startup Cost": 90580.21,
          "Total Cost": 90580.52,
          "Plan Rows": 3,
          "Plan Width": 8,
          "Actual Startup Time": 268.207,
          "Actual Total Time": 287.668,
          "Actual Rows": 4,
          "Actual Loops": 1,
          "Workers Planned": 3,
          "Workers Launched": 3,
          "Single Copy": false,
          "Plans": [
            {
              "Node Type": "Aggregate",
              "Strategy": "Plain",
              "Partial Mode": "Partial",
              "Parent Relationship": "Outer",
              "Parallel Aware": false,
              "Startup Cost": 89580.21,
              "Total Cost": 89580.22,
              "Plan Rows": 1,
              "Plan Width": 8,
              "Actual Startup Time": 261.152,
              "Actual Total Time": 261.216,
              "Actual Rows": 1,
              "Actual Loops": 4,
              "Plans": [
                {
                  "Node Type": "Hash Join",
                  "Parent Relationship": "Outer",
                  "Parallel Aware": true,
                  "Join Type": "Inner",
                  "Startup Cost": 46187.15,
                  "Total Cost": 89525.4,
                  "Plan Rows": 21922,
                  "Plan Width": 0,
                  "Actual Startup Time": 158.724,
                  "Actual Total Time": 257.932,
                  "Actual Rows": 70013,
                  "Actual Loops": 4,
                  "Inner Unique": true,
                  "Hash Cond": "(mk.movie_id = t.id)",
                  "Plans": [
                    {
                      "Node Type": "Seq Scan",
                      "Parent Relationship": "Outer",
                      "Parallel Aware": true,
                      "Relation Name": "movie_keyword",
                      "Alias": "mk",
                      "Startup Cost": 0.0,
                      "Total Cost": 42695.65,
                      "Plan Rows": 244800,
                      "Plan Width": 4,
                      "Actual Startup Time": 2.066,
                      "Actual Total Time": 90.056,
                      "Actual Rows": 188162,
                      "Actual Loops": 4,
                      "Filter": "(keyword_id > 24852)",
                      "Rows Removed by Filter": 942821
                    },
                    {
                      "Node Type": "Hash",
                      "Parent Relationship": "Inner",
                      "Parallel Aware": true,
                      "Startup Cost": 45479.59,
                      "Total Cost": 45479.59,
                      "Plan Rows": 56605,
                      "Plan Width": 4,
                      "Actual Startup Time": 133.872,
                      "Actual Total Time": 133.874,
                      "Actual Rows": 88269,
                      "Actual Loops": 4,
                      "Hash Buckets": 524288,
                      "Original Hash Buckets": 262144,
                      "Hash Batches": 1,
                      "Original Hash Batches": 1,
                      "Peak Memory Usage": 20000,
                      "Plans": [
                        {
                          "Node Type": "Seq Scan",
                          "Parent Relationship": "Outer",
                          "Parallel Aware": true,
                          "Relation Name": "title",
                          "Alias": "t",
                          "Startup Cost": 0.0,
                          "Total Cost": 45479.59,
                          "Plan Rows": 56605,
                          "Plan Width": 4,
                          "Actual Startup Time": 58.032,
                          "Actual Total Time": 100.423,
                          "Actual Rows": 88269,
                          "Actual Loops": 4,
                          "Filter": "((production_year < 1997) AND (kind_id = 1))",
                          "Rows Removed by Filter": 543809
                        }
                      ]
                    }
                  ]
                }
              ]
            }
          ]
        }
      ]
    },
    "Planning Time": 0.601,
    "Triggers": [],
    "Execution Time": 287.741
  }
]