[
  {
    "Plan": {
      "Node Type": "Aggregate",
      "Strategy": "Plain",
      "Partial Mode": "Finalize",
      "Parallel Aware": false,
      "Startup Cost": 347401.53,
      "Total Cost": 347401.54,
      "Plan Rows": 1,
      "Plan Width": 8,
      "Actual Startup Time": 647.447,
      "Actual Total Time": 709.908,
      "Actual Rows": 1,
      "Actual Loops": 1,
      "Plans": [
        {
          "Node Type": "Gather",
          "Parent Relationship": "Outer",
          "Parallel Aware": false,
          "Startup Cost": 347401.11,
          "Total Cost": 347401.52,
          "Plan Rows": 4,
          "Plan Width": 8,
          "Actual Startup Time": 647.301,
          "Actual Total Time": 709.897,
          "Actual Rows": 5,
          "Actual Loops": 1,
          "Workers Planned": 4,
          "Workers Launched": 4,
          "Single Copy": false,
          "Plans": [
            {
              "Node Type": "Aggregate",
              "Strategy": "Plain",
              "Partial Mode": "Partial",
              "Parent Relationship": "Outer",
              "Parallel Aware": false,
              "Startup Cost": 346401.11,
              "Total Cost": 346401.12,
              "Plan Rows": 1,
              "Plan Width": 8,
              "Actual Startup Time": 641.194,
              "Actual Total Time": 641.196,
              "Actual Rows": 1,
              "Actual Loops": 5,
              "Plans": [
                {
                  "Node Type": "Nested Loop",
                  "Parent Relationship": "Outer",
                  "Parallel Aware": false,
                  "Join Type": "Inner",
                  "Startup Cost": 0.56,
                  "Total Cost": 346356.4,
                  "Plan Rows": 17881,
                  "Plan Width": 0,
                  "Actual Startup Time": 52.413,
                  "Actual Total Time": 637.78,
                  "Actual Rows": 49685,
                  "Actual Loops": 5,
                  "Inner Unique": false,
                  "Plans": [
                    {
                      "Node Type": "Seq Scan",
                      "Parent Relationship": "Outer",
                      "Parallel Aware": true,
                      "Relation Name": "title",
                      "Alias": "t",
                      "Startup Cost": 0.0,
                      "Total Cost": 45479.59,
                      "Plan Rows": 10109,
                      "Plan Width": 4,
                      "Actual Startup Time": 50.334,
                      "Actual Total Time": 82.149,
                      "Actual Rows": 32766,
                      "Actual Loops": 5,
                      "Filter": "((production_year < 1951) AND (kind_id = 1))",
                      "Rows Removed by Filter": 472897
                    },
                    {
                      "Node Type": "Index Scan",
                      "Parent Relationship": "Inner",
                      "Parallel Aware": false,
                      "Scan Direction": "Forward",
                      "Index Name": "movie_id_cast_info",
                      "Relation Name": "cast_info",
                      "Alias": "ci",
                      "Startup Cost": 0.56,
                      "Total Cost": 29.72,
                      "Plan Rows": 4,
                      "Plan Width": 4,
                      "Actual Startup Time": 0.007,
                      "Actual Total Time": 0.017,
                      "Actual Rows": 2,
                      "Actual Loops": 163828,
                      "Index Cond": "(movie_id = t.id)",
                      "Rows Removed by Index Recheck": 0,
                      "Filter": "(person_id < 449069)",
                      "Rows Removed by Filter": 8
                    }
                  ]
                }
              ]
            }
          ]
        }
      ]
    },
    "Planning Time": 0.582,
    "Triggers": [],
    "Execution Time": 709.986
  }
]