{
  "Plan": {
    "Node Type": "Aggregate",
    "Strategy": "Plain",
    "Partial Mode": "Finalize",
    "Parallel Aware": false,
    "Startup Cost": 48479.98,
    "Total Cost": 48479.99,
    "Plan Rows": 1,
    "Plan Width": 8,
    "Actual Startup Time": 51.524,
    "Actual Total Time": 57.263,
    "Actual Rows": 1,
    "Actual Loops": 1,
    "Plans": [
      {
        "Node Type": "Gather",
        "Parent Relationship": "Outer",
        "Parallel Aware": false,
        "Startup Cost": 48479.86,
        "Total Cost": 48479.97,
        "Plan Rows": 1,
        "Plan Width": 8,
        "Actual Startup Time": 51.439,
        "Actual Total Time": 57.258,
        "Actual Rows": 2,
        "Actual Loops": 1,
        "Workers Planned": 1,
        "Workers Launched": 1,
        "Single Copy": false,
        "Plans": [
          {
            "Node Type": "Aggregate",
            "Strategy": "Plain",
            "Partial Mode": "Partial",
            "Parent Relationship": "Outer",
            "Parallel Aware": false,
            "Startup Cost": 47479.86,
            "Total Cost": 47479.87,
            "Plan Rows": 1,
            "Plan Width": 8,
            "Actual Startup Time": 45.453,
            "Actual Total Time": 45.455,
            "Actual Rows": 1,
            "Actual Loops": 2,
            "Plans": [
              {
                "Node Type": "Nested Loop",
                "Parent Relationship": "Outer",
                "Parallel Aware": false,
                "Join Type": "Inner",
                "Startup Cost": 164.47,
                "Total Cost": 47478.48,
                "Plan Rows": 555,
                "Plan Width": 0,
                "Actual Startup Time": 11.614,
                "Actual Total Time": 45.44,
                "Actual Rows": 28,
                "Actual Loops": 2,
                "Inner Unique": true,
                "Plans": [
                  {
                    "Node Type": "Bitmap Heap Scan",
                    "Parent Relationship": "Outer",
                    "Parallel Aware": true,
                    "Relation Name": "movie_keyword",
                    "Alias": "mk",
                    "Startup Cost": 164.04,
                    "Total Cost": 16410.49,
                    "Plan Rows": 4524,
                    "Plan Width": 4,
                    "Actual Startup Time": 3.964,
                    "Actual Total Time": 15.626,
                    "Actual Rows": 3836,
                    "Actual Loops": 2,
                    "Recheck Cond": "(keyword_id = 7078)",
                    "Rows Removed by Index Recheck": 0,
                    "Exact Heap Blocks": 4471,
                    "Lossy Heap Blocks": 0,
                    "Plans": [
                      {
                        "Node Type": "Bitmap Index Scan",
                        "Parent Relationship": "Outer",
                        "Parallel Aware": false,
                        "Index Name": "keyword_id_movie_keyword",
                        "Startup Cost": 0.0,
                        "Total Cost": 162.12,
                        "Plan Rows": 7691,
                        "Plan Width": 0,
                        "Actual Startup Time": 4.849,
                        "Actual Total Time": 4.849,
                        "Actual Rows": 7673,
                        "Actual Loops": 1,
                        "Index Cond": "(keyword_id = 7078)"
                      }
                    ]
                  },
                  {
                    "Node Type": "Index Scan",
                    "Parent Relationship": "Inner",
                    "Parallel Aware": false,
                    "Scan Direction": "Forward",
                    "Index Name": "title_pkey",
                    "Relation Name": "title",
                    "Alias": "t",
                    "Startup Cost": 0.43,
                    "Total Cost": 6.87,
                    "Plan Rows": 1,
                    "Plan Width": 4,
                    "Actual Startup Time": 0.007,
                    "Actual Total Time": 0.007,
                    "Actual Rows": 0,
                    "Actual Loops": 7673,
                    "Index Cond": "(id = mk.movie_id)",
                    "Rows Removed by Index Recheck": 0,
                    "Filter": "(production_year < 1967)",
                    "Rows Removed by Filter": 1
                  }
                ]
              }
            ]
          }
        ]
      }
    ]
  },
  "Planning Time": 0.497,
  "Triggers": [],
  "Execution Time": 57.35
}