[
    {
        "Bao": {
            "Bao prediction": "NaN",
            "Bao recommended hint": "(no hint)"
        }
    },
    {
        "Plan": {
            "Node Type": "Aggregate",
            "Strategy": "Plain",
            "Partial Mode": "Finalize",
            "Parallel Aware": false,
            "Startup Cost": 26715.4,
            "Total Cost": 26715.41,
            "Plan Rows": 1,
            "Plan Width": 8,
            "Actual Startup Time": 86.605,
            "Actual Total Time": 91.704,
            "Actual Rows": 1,
            "Actual Loops": 1,
            "Output": [
                "count(*)"
            ],
            "Plans": [
                {
                    "Node Type": "Gather",
                    "Parent Relationship": "Outer",
                    "Parallel Aware": false,
                    "Startup Cost": 26715.08,
                    "Total Cost": 26715.39,
                    "Plan Rows": 3,
                    "Plan Width": 8,
                    "Actual Startup Time": 86.343,
                    "Actual Total Time": 91.696,
                    "Actual Rows": 4,
                    "Actual Loops": 1,
                    "Output": [
                        "(PARTIAL count(*))"
                    ],
                    "Workers Planned": 3,
                    "Workers Launched": 3,
                    "Single Copy": false,
                    "Plans": [
                        {
                            "Node Type": "Aggregate",
                            "Strategy": "Plain",
                            "Partial Mode": "Partial",
                            "Parent Relationship": "Outer",
                            "Parallel Aware": false,
                            "Startup Cost": 25715.08,
                            "Total Cost": 25715.09,
                            "Plan Rows": 1,
                            "Plan Width": 8,
                            "Actual Startup Time": 77.315,
                            "Actual Total Time": 77.317,
                            "Actual Rows": 1,
                            "Actual Loops": 4,
                            "Output": [
                                "PARTIAL count(*)"
                            ],
                            "Workers": [
                                {
                                    "Worker Number": 0,
                                    "Actual Startup Time": 74.381,
                                    "Actual Total Time": 74.383,
                                    "Actual Rows": 1,
                                    "Actual Loops": 1
                                },
                                {
                                    "Worker Number": 1,
                                    "Actual Startup Time": 74.442,
                                    "Actual Total Time": 74.444,
                                    "Actual Rows": 1,
                                    "Actual Loops": 1
                                },
                                {
                                    "Worker Number": 2,
                                    "Actual Startup Time": 74.732,
                                    "Actual Total Time": 74.734,
                                    "Actual Rows": 1,
                                    "Actual Loops": 1
                                }
                            ],
                            "Plans": [
                                {
                                    "Node Type": "Bitmap Heap Scan",
                                    "Parent Relationship": "Outer",
                                    "Parallel Aware": true,
                                    "Relation Name": "movie_companies",
                                    "Schema": "public",
                                    "Alias": "mc",
                                    "Startup Cost": 5661.02,
                                    "Total Cost": 25504.4,
                                    "Plan Rows": 84270,
                                    "Plan Width": 0,
                                    "Actual Startup Time": 22.718,
                                    "Actual Total Time": 71.363,
                                    "Actual Rows": 64852,
                                    "Actual Loops": 4,
                                    "Recheck Cond": "(mc.company_id < 133)",
                                    "Rows Removed by Index Recheck": 0,
                                    "Exact Heap Blocks": 7860,
                                    "Lossy Heap Blocks": 0,
                                    "Workers": [
                                        {
                                            "Worker Number": 0,
                                            "Actual Startup Time": 19.97,
                                            "Actual Total Time": 69.221,
                                            "Actual Rows": 47270,
                                            "Actual Loops": 1
                                        },
                                        {
                                            "Worker Number": 1,
                                            "Actual Startup Time": 19.89,
                                            "Actual Total Time": 69.349,
                                            "Actual Rows": 46894,
                                            "Actual Loops": 1
                                        },
                                        {
                                            "Worker Number": 2,
                                            "Actual Startup Time": 20.161,
                                            "Actual Total Time": 69.808,
                                            "Actual Rows": 37607,
                                            "Actual Loops": 1
                                        }
                                    ],
                                    "Plans": [
                                        {
                                            "Node Type": "Bitmap Index Scan",
                                            "Parent Relationship": "Outer",
                                            "Parallel Aware": false,
                                            "Index Name": "company_id_movie_companies",
                                            "Startup Cost": 0.0,
                                            "Total Cost": 5595.72,
                                            "Plan Rows": 261238,
                                            "Plan Width": 0,
                                            "Actual Startup Time": 26.713,
                                            "Actual Total Time": 26.713,
                                            "Actual Rows": 259406,
                                            "Actual Loops": 1,
                                            "Index Cond": "(mc.company_id < 133)"
                                        }
                                    ]
                                }
                            ]
                        }
                    ]
                }
            ]
        },
        "Planning Time": 277.714,
        "Triggers": [],
        "Execution Time": 91.841
    }
]