[
  {
    "Plan": {
      "Node Type": "Aggregate",
      "Strategy": "Plain",
      "Partial Mode": "Finalize",
      "Parallel Aware": false,
      "Startup Cost": 46905.56,
      "Total Cost": 46905.57,
      "Plan Rows": 1,
      "Plan Width": 8,
      "Actual Startup Time": 120.689,
      "Actual Total Time": 133.424,
      "Actual Rows": 1,
      "Actual Loops": 1,
      "Plans": [
        {
          "Node Type": "Gather",
          "Parent Relationship": "Outer",
          "Parallel Aware": false,
          "Startup Cost": 46905.14,
          "Total Cost": 46905.55,
          "Plan Rows": 4,
          "Plan Width": 8,
          "Actual Startup Time": 120.554,
          "Actual Total Time": 133.415,
          "Actual Rows": 5,
          "Actual Loops": 1,
          "Workers Planned": 4,
          "Workers Launched": 4,
          "Single Copy": false,
          "Plans": [
            {
              "Node Type": "Aggregate",
              "Strategy": "Plain",
              "Partial Mode": "Partial",
              "Parent Relationship": "Outer",
              "Parallel Aware": false,
              "Startup Cost": 45905.14,
              "Total Cost": 45905.15,
              "Plan Rows": 1,
              "Plan Width": 8,
              "Actual Startup Time": 112.39,
              "Actual Total Time": 112.391,
              "Actual Rows": 1,
              "Actual Loops": 5,
              "Plans": [
                {
                  "Node Type": "Seq Scan",
                  "Parent Relationship": "Outer",
                  "Parallel Aware": true,
                  "Relation Name": "title",
                  "Alias": "t",
                  "Startup Cost": 0.0,
                  "Total Cost": 45479.1,
                  "Plan Rows": 170417,
                  "Plan Width": 0,
                  "Actual Startup Time": 0.034,
                  "Actual Total Time": 104.17,
                  "Actual Rows": 119299,
                  "Actual Loops": 5,
                  "Filter": "((production_year < 2002) AND (kind_id = 7))",
                  "Rows Removed by Filter": 386363
                }
              ]
            }
          ]
        }
      ]
    },
    "Planning Time": 0.153,
    "Triggers": [],
    "Execution Time": 133.467
  }
]