[
  {
    "Plan": {
      "Node Type": "Aggregate",
      "Strategy": "Plain",
      "Partial Mode": "Finalize",
      "Parallel Aware": false,
      "Startup Cost": 90981.26,
      "Total Cost": 90981.27,
      "Plan Rows": 1,
      "Plan Width": 8,
      "Actual Startup Time": 403.423,
      "Actual Total Time": 420.42,
      "Actual Rows": 1,
      "Actual Loops": 1,
      "Plans": [
        {
          "Node Type": "Gather",
          "Parent Relationship": "Outer",
          "Parallel Aware": false,
          "Startup Cost": 90981.04,
          "Total Cost": 90981.25,
          "Plan Rows": 2,
          "Plan Width": 8,
          "Actual Startup Time": 401.557,
          "Actual Total Time": 420.408,
          "Actual Rows": 3,
          "Actual Loops": 1,
          "Workers Planned": 2,
          "Workers Launched": 2,
          "Single Copy": false,
          "Plans": [
            {
              "Node Type": "Aggregate",
              "Strategy": "Plain",
              "Partial Mode": "Partial",
              "Parent Relationship": "Outer",
              "Parallel Aware": false,
              "Startup Cost": 89981.04,
              "Total Cost": 89981.05,
              "Plan Rows": 1,
              "Plan Width": 8,
              "Actual Startup Time": 392.556,
              "Actual Total Time": 392.564,
              "Actual Rows": 1,
              "Actual Loops": 3,
              "Plans": [
                {
                  "Node Type": "Hash Join",
                  "Parent Relationship": "Outer",
                  "Parallel Aware": true,
                  "Join Type": "Inner",
                  "Startup Cost": 74080.88,
                  "Total Cost": 89947.48,
                  "Plan Rows": 13426,
                  "Plan Width": 0,
                  "Actual Startup Time": 326.682,
                  "Actual Total Time": 391.501,
                  "Actual Rows": 26223,
                  "Actual Loops": 3,
                  "Inner Unique": false,
                  "Hash Cond": "(mi_idx.movie_id = t.id)",
                  "Plans": [
                    {
                      "Node Type": "Seq Scan",
                      "Parent Relationship": "Outer",
                      "Parallel Aware": true,
                      "Relation Name": "movie_info_idx",
                      "Alias": "mi_idx",
                      "Startup Cost": 0.0,
                      "Total Cost": 15122.68,
                      "Plan Rows": 189429,
                      "Plan Width": 4,
                      "Actual Startup Time": 0.036,
                      "Actual Total Time": 36.848,
                      "Actual Rows": 153308,
                      "Actual Loops": 3,
                      "Filter": "(info_type_id = 99)",
                      "Rows Removed by Filter": 306703
                    },
                    {
                      "Node Type": "Hash",
                      "Parent Relationship": "Inner",
                      "Parallel Aware": true,
                      "Startup Cost": 73520.9,
                      "Total Cost": 73520.9,
                      "Plan Rows": 44798,
                      "Plan Width": 8,
                      "Actual Startup Time": 324.052,
                      "Actual Total Time": 324.058,
                      "Actual Rows": 61003,
                      "Actual Loops": 3,
                      "Hash Buckets": 262144,
                      "Original Hash Buckets": 262144,
                      "Hash Batches": 1,
                      "Original Hash Batches": 1,
                      "Peak Memory Usage": 9248,
                      "Plans": [
                        {
                          "Node Type": "Hash Join",
                          "Parent Relationship": "Outer",
                          "Parallel Aware": true,
                          "Join Type": "Inner",
                          "Startup Cost": 27556.4,
                          "Total Cost": 73520.9,
                          "Plan Rows": 44798,
                          "Plan Width": 8,
                          "Actual Startup Time": 113.335,
                          "Actual Total Time": 307.342,
                          "Actual Rows": 61003,
                          "Actual Loops": 3,
                          "Inner Unique": false,
                          "Hash Cond": "(t.id = mc.movie_id)",
                          "Plans": [
                            {
                              "Node Type": "Seq Scan",
                              "Parent Relationship": "Outer",
                              "Parallel Aware": true,
                              "Relation Name": "title",
                              "Alias": "t",
                              "Startup Cost": 0.0,
                              "Total Cost": 43898.92,
                              "Plan Rows": 384216,
                              "Plan Width": 4,
                              "Actual Startup Time": 0.013,
                              "Actual Total Time": 102.957,
                              "Actual Rows": 514421,
                              "Actual Loops": 3,
                              "Filter": "(kind_id = 7)",
                              "Rows Removed by Filter": 328349
                            },
                            {
                              "Node Type": "Hash",
                              "Parent Relationship": "Inner",
                              "Parallel Aware": true,
                              "Startup Cost": 26367.72,
                              "Total Cost": 26367.72,
                              "Plan Rows": 95094,
                              "Plan Width": 4,
                              "Actual Startup Time": 110.593,
                              "Actual Total Time": 110.595,
                              "Actual Rows": 97626,
                              "Actual Loops": 3,
                              "Hash Buckets": 524288,
                              "Original Hash Buckets": 524288,
                              "Hash Batches": 1,
                              "Original Hash Batches": 1,
                              "Peak Memory Usage": 15616,
                              "Plans": [
                                {
                                  "Node Type": "Bitmap Heap Scan",
                                  "Parent Relationship": "Outer",
                                  "Parallel Aware": true,
                                  "Relation Name": "movie_companies",
                                  "Alias": "mc",
                                  "Startup Cost": 6389.05,
                                  "Total Cost": 26367.72,
                                  "Plan Rows": 95094,
                                  "Plan Width": 4,
                                  "Actual Startup Time": 28.613,
                                  "Actual Total Time": 77.999,
                                  "Actual Rows": 97626,
                                  "Actual Loops": 3,
                                  "Recheck Cond": "(company_id < 160)",
                                  "Rows Removed by Index Recheck": 0,
                                  "Exact Heap Blocks": 8191,
                                  "Lossy Heap Blocks": 0,
                                  "Plans": [
                                    {
                                      "Node Type": "Bitmap Index Scan",
                                      "Parent Relationship": "Outer",
                                      "Parallel Aware": false,
                                      "Index Name": "company_id_movie_companies",
                                      "Startup Cost": 0.0,
                                      "Total Cost": 6315.35,
                                      "Plan Rows": 294790,
                                      "Plan Width": 0,
                                      "Actual Startup Time": 25.817,
                                      "Actual Total Time": 25.818,
                                      "Actual Rows": 292877,
                                      "Actual Loops": 1,
                                      "Index Cond": "(company_id < 160)"
                                    }
                                  ]
                                }
                              ]
                            }
                          ]
                        }
                      ]
                    }
                  ]
                }
              ]
            }
          ]
        }
      ]
    },
    "Planning Time": 1.55,
    "Triggers": [],
    "Execution Time": 420.535
  }
]