{
    "Plan": {
        "Node Type": "Aggregate",
        "Strategy": "Plain",
        "Partial Mode": "Simple",
        "Parallel Aware": false,
        "Startup Cost": 10000646533.0,
        "Total Cost": 10000646533.01,
        "Plan Rows": 1,
        "Plan Width": 8,
        "Actual Startup Time": 6818.863,
        "Actual Total Time": 6818.866,
        "Actual Rows": 1,
        "Actual Loops": 1,
        "Output": [
            "count(*)"
        ],
        "Plans": [
            {
                "Node Type": "Hash Join",
                "Parent Relationship": "Outer",
                "Parallel Aware": false,
                "Join Type": "Inner",
                "Startup Cost": 10000318537.13,
                "Total Cost": 10000624513.34,
                "Plan Rows": 8807864,
                "Plan Width": 0,
                "Actual Startup Time": 3053.788,
                "Actual Total Time": 6469.56,
                "Actual Rows": 8457846,
                "Actual Loops": 1,
                "Inner Unique": true,
                "Hash Cond": "(mi.movie_id = t.id)",
                "Plans": [
                    {
                        "Node Type": "Bitmap Heap Scan",
                        "Parent Relationship": "Outer",
                        "Parallel Aware": false,
                        "Relation Name": "movie_info",
                        "Schema": "public",
                        "Alias": "mi",
                        "Startup Cost": 172632.93,
                        "Total Cost": 453620.28,
                        "Plan Rows": 9519548,
                        "Plan Width": 4,
                        "Actual Startup Time": 480.445,
                        "Actual Total Time": 1550.6,
                        "Actual Rows": 9565151,
                        "Actual Loops": 1,
                        "Output": [
                            "mi.id",
                            "mi.movie_id",
                            "mi.info_type_id",
                            "mi.info",
                            "mi.note"
                        ],
                        "Recheck Cond": "(mi.info_type_id < 16)",
                        "Rows Removed by Index Recheck": 0,
                        "Exact Heap Blocks": 87356,
                        "Lossy Heap Blocks": 0,
                        "Plans": [
                            {
                                "Node Type": "Bitmap Index Scan",
                                "Parent Relationship": "Outer",
                                "Parallel Aware": false,
                                "Index Name": "info_type_id_movie_info",
                                "Startup Cost": 0.0,
                                "Total Cost": 170253.04,
                                "Plan Rows": 9519548,
                                "Plan Width": 0,
                                "Actual Startup Time": 459.648,
                                "Actual Total Time": 459.649,
                                "Actual Rows": 9565151,
                                "Actual Loops": 1,
                                "Index Cond": "(mi.info_type_id < 16)"
                            }
                        ]
                    },
                    {
                        "Node Type": "Hash",
                        "Parent Relationship": "Inner",
                        "Parallel Aware": false,
                        "Startup Cost": 10000116662.9,
                        "Total Cost": 10000116662.9,
                        "Plan Rows": 2339304,
                        "Plan Width": 4,
                        "Actual Startup Time": 2550.327,
                        "Actual Total Time": 2550.327,
                        "Actual Rows": 2340903,
                        "Actual Loops": 1,
                        "Output": [
                            "t.id"
                        ],
                        "Hash Buckets": 4194304,
                        "Original Hash Buckets": 4194304,
                        "Hash Batches": 1,
                        "Original Hash Batches": 1,
                        "Peak Memory Usage": 115066,
                        "Plans": [
                            {
                                "Node Type": "Index Scan",
                                "Parent Relationship": "Outer",
                                "Parallel Aware": false,
                                "Scan Direction": "Forward",
                                "Index Name": "title_pkey",
                                "Relation Name": "title",
                                "Schema": "public",
                                "Alias": "t",
                                "Startup Cost": 10000000000.43,
                                "Total Cost": 10000116662.9,
                                "Plan Rows": 2339304,
                                "Plan Width": 4,
                                "Actual Startup Time": 0.04,
                                "Actual Total Time": 1839.312,
                                "Actual Rows": 2340903,
                                "Actual Loops": 1,
                                "Output": [
                                    "t.id"
                                ],
                                "Filter": "(t.production_year > 1929)",
                                "Rows Removed by Filter": 187409
                            }
                        ]
                    }
                ]
            }
        ]
    },
    "Planning Time": 2.977,
    "Triggers": [],
    "Execution Time": 6822.394
}