[
  {
    "Plan": {
      "Node Type": "Aggregate",
      "Strategy": "Plain",
      "Partial Mode": "Finalize",
      "Parallel Aware": false,
      "Startup Cost": 330526.8,
      "Total Cost": 330526.81,
      "Plan Rows": 1,
      "Plan Width": 8,
      "Actual Startup Time": 636.156,
      "Actual Total Time": 697.503,
      "Actual Rows": 1,
      "Actual Loops": 1,
      "Plans": [
        {
          "Node Type": "Gather",
          "Parent Relationship": "Outer",
          "Parallel Aware": false,
          "Startup Cost": 330526.18,
          "Total Cost": 330526.79,
          "Plan Rows": 6,
          "Plan Width": 8,
          "Actual Startup Time": 636.033,
          "Actual Total Time": 697.49,
          "Actual Rows": 7,
          "Actual Loops": 1,
          "Workers Planned": 6,
          "Workers Launched": 6,
          "Single Copy": false,
          "Plans": [
            {
              "Node Type": "Aggregate",
              "Strategy": "Plain",
              "Partial Mode": "Partial",
              "Parent Relationship": "Outer",
              "Parallel Aware": false,
              "Startup Cost": 329526.18,
              "Total Cost": 329526.19,
              "Plan Rows": 1,
              "Plan Width": 8,
              "Actual Startup Time": 625.714,
              "Actual Total Time": 625.715,
              "Actual Rows": 1,
              "Actual Loops": 7,
              "Plans": [
                {
                  "Node Type": "Seq Scan",
                  "Parent Relationship": "Outer",
                  "Parallel Aware": true,
                  "Relation Name": "cast_info",
                  "Alias": "ci",
                  "Startup Cost": 0.0,
                  "Total Cost": 328162.03,
                  "Plan Rows": 545660,
                  "Plan Width": 0,
                  "Actual Startup Time": 487.701,
                  "Actual Total Time": 602.86,
                  "Actual Rows": 450684,
                  "Actual Loops": 7,
                  "Filter": "(person_id > 3480731)",
                  "Rows Removed by Filter": 4727080
                }
              ]
            }
          ]
        }
      ]
    },
    "Planning Time": 0.171,
    "Triggers": [],
    "Execution Time": 697.575
  }
]