{
  "Plan": {
    "Node Type": "Aggregate",
    "Strategy": "Plain",
    "Partial Mode": "Finalize",
    "Parallel Aware": false,
    "Startup Cost": 78096.92,
    "Total Cost": 78096.93,
    "Plan Rows": 1,
    "Plan Width": 8,
    "Actual Startup Time": 180.405,
    "Actual Total Time": 193.664,
    "Actual Rows": 1,
    "Actual Loops": 1,
    "Plans": [
      {
        "Node Type": "Gather",
        "Parent Relationship": "Outer",
        "Parallel Aware": false,
        "Startup Cost": 78096.81,
        "Total Cost": 78096.92,
        "Plan Rows": 1,
        "Plan Width": 8,
        "Actual Startup Time": 180.31,
        "Actual Total Time": 193.656,
        "Actual Rows": 2,
        "Actual Loops": 1,
        "Workers Planned": 1,
        "Workers Launched": 1,
        "Single Copy": false,
        "Plans": [
          {
            "Node Type": "Aggregate",
            "Strategy": "Plain",
            "Partial Mode": "Partial",
            "Parent Relationship": "Outer",
            "Parallel Aware": false,
            "Startup Cost": 77096.81,
            "Total Cost": 77096.82,
            "Plan Rows": 1,
            "Plan Width": 8,
            "Actual Startup Time": 174.383,
            "Actual Total Time": 174.384,
            "Actual Rows": 1,
            "Actual Loops": 2,
            "Plans": [
              {
                "Node Type": "Nested Loop",
                "Parent Relationship": "Outer",
                "Parallel Aware": false,
                "Join Type": "Inner",
                "Startup Cost": 0.43,
                "Total Cost": 77095.46,
                "Plan Rows": 539,
                "Plan Width": 0,
                "Actual Startup Time": 2.507,
                "Actual Total Time": 174.219,
                "Actual Rows": 1284,
                "Actual Loops": 2,
                "Inner Unique": false,
                "Plans": [
                  {
                    "Node Type": "Seq Scan",
                    "Parent Relationship": "Outer",
                    "Parallel Aware": true,
                    "Relation Name": "title",
                    "Alias": "t",
                    "Startup Cost": 0.0,
                    "Total Cost": 58306.47,
                    "Plan Rows": 2935,
                    "Plan Width": 4,
                    "Actual Startup Time": 1.388,
                    "Actual Total Time": 154.341,
                    "Actual Rows": 3368,
                    "Actual Loops": 2,
                    "Filter": "((kind_id < 7) AND (production_year = 1980))",
                    "Rows Removed by Filter": 1260788
                  },
                  {
                    "Node Type": "Index Scan",
                    "Parent Relationship": "Inner",
                    "Parallel Aware": false,
                    "Scan Direction": "Forward",
                    "Index Name": "movie_id_movie_info_idx",
                    "Relation Name": "movie_info_idx",
                    "Alias": "mi_idx",
                    "Startup Cost": 0.43,
                    "Total Cost": 6.39,
                    "Plan Rows": 1,
                    "Plan Width": 4,
                    "Actual Startup Time": 0.005,
                    "Actual Total Time": 0.006,
                    "Actual Rows": 0,
                    "Actual Loops": 6735,
                    "Index Cond": "(movie_id = t.id)",
                    "Rows Removed by Index Recheck": 0,
                    "Filter": "(info_type_id = 100)",
                    "Rows Removed by Filter": 1
                  }
                ]
              }
            ]
          }
        ]
      }
    ]
  },
  "Planning Time": 0.44,
  "Triggers": [],
  "Execution Time": 193.746
}