{
  "Plan": {
    "Node Type": "Aggregate",
    "Strategy": "Plain",
    "Partial Mode": "Simple",
    "Parallel Aware": false,
    "Startup Cost": 1266346.21,
    "Total Cost": 1266346.22,
    "Plan Rows": 1,
    "Plan Width": 64,
    "Actual Startup Time": 2906.146,
    "Actual Total Time": 2949.863,
    "Actual Rows": 1,
    "Actual Loops": 1,
    "Plans": [
      {
        "Node Type": "Hash Join",
        "Parent Relationship": "Outer",
        "Parallel Aware": false,
        "Join Type": "Inner",
        "Startup Cost": 1210420.2,
        "Total Cost": 1265718.84,
        "Plan Rows": 125475,
        "Plan Width": 33,
        "Actual Startup Time": 2906.137,
        "Actual Total Time": 2949.852,
        "Actual Rows": 0,
        "Actual Loops": 1,
        "Inner Unique": true,
        "Hash Cond": "(ci.role_id = rt.id)",
        "Plans": [
          {
            "Node Type": "Nested Loop",
            "Parent Relationship": "Outer",
            "Parallel Aware": false,
            "Join Type": "Inner",
            "Startup Cost": 1210418.93,
            "Total Cost": 1265271.87,
            "Plan Rows": 125475,
            "Plan Width": 37,
            "Actual Startup Time": 2906.048,
            "Actual Total Time": 2949.759,
            "Actual Rows": 0,
            "Actual Loops": 1,
            "Inner Unique": false,
            "Join Filter": "(mc.company_type_id = ct.id)",
            "Rows Removed by Join Filter": 0,
            "Plans": [
              {
                "Node Type": "Seq Scan",
                "Parent Relationship": "Outer",
                "Parallel Aware": false,
                "Relation Name": "company_type",
                "Alias": "ct",
                "Startup Cost": 0.0,
                "Total Cost": 1.04,
                "Plan Rows": 4,
                "Plan Width": 4,
                "Actual Startup Time": 0.008,
                "Actual Total Time": 0.014,
                "Actual Rows": 4,
                "Actual Loops": 1
              },
              {
                "Node Type": "Materialize",
                "Parent Relationship": "Inner",
                "Parallel Aware": false,
                "Startup Cost": 1210418.93,
                "Total Cost": 1258056.02,
                "Plan Rows": 125475,
                "Plan Width": 41,
                "Actual Startup Time": 726.507,
                "Actual Total Time": 737.434,
                "Actual Rows": 0,
                "Actual Loops": 4,
                "Plans": [
                  {
                    "Node Type": "Hash Join",
                    "Parent Relationship": "Outer",
                    "Parallel Aware": false,
                    "Join Type": "Inner",
                    "Startup Cost": 1210418.93,
                    "Total Cost": 1257428.65,
                    "Plan Rows": 125475,
                    "Plan Width": 41,
                    "Actual Startup Time": 2906.017,
                    "Actual Total Time": 2949.725,
                    "Actual Rows": 0,
                    "Actual Loops": 1,
                    "Inner Unique": true,
                    "Hash Cond": "(mc.movie_id = t.id)",
                    "Plans": [
                      {
                        "Node Type": "Merge Join",
                        "Parent Relationship": "Outer",
                        "Parallel Aware": false,
                        "Join Type": "Inner",
                        "Startup Cost": 1139825.18,
                        "Total Cost": 1183352.48,
                        "Plan Rows": 1326630,
                        "Plan Width": 32,
                        "Actual Startup Time": 2225.164,
                        "Actual Total Time": 2404.371,
                        "Actual Rows": 14,
                        "Actual Loops": 1,
                        "Inner Unique": false,
                        "Merge Cond": "(cn.id = mc.company_id)",
                        "Plans": [
                          {
                            "Node Type": "Index Scan",
                            "Parent Relationship": "Outer",
                            "Parallel Aware": false,
                            "Scan Direction": "Forward",
                            "Index Name": "company_name_pkey",
                            "Relation Name": "company_name",
                            "Alias": "cn",
                            "Startup Cost": 0.42,
                            "Total Cost": 12469.43,
                            "Plan Rows": 85931,
                            "Plan Width": 4,
                            "Actual Startup Time": 0.032,
                            "Actual Total Time": 136.425,
                            "Actual Rows": 57716,
                            "Actual Loops": 1,
                            "Filter": "((country_code)::text = '[us]'::text)",
                            "Rows Removed by Filter": 101861
                          },
                          {
                            "Node Type": "Sort",
                            "Parent Relationship": "Inner",
                            "Parallel Aware": false,
                            "Startup Cost": 1139270.1,
                            "Total Cost": 1148340.0,
                            "Plan Rows": 3627959,
                            "Plan Width": 36,
                            "Actual Startup Time": 2219.676,
                            "Actual Total Time": 2263.396,
                            "Actual Rows": 31,
                            "Actual Loops": 1,
                            "Sort Key": [
                              "mc.company_id"
                            ],
                            "Sort Method": "quicksort",
                            "Sort Space Used": 27,
                            "Sort Space Type": "Memory",
                            "Plans": [
                              {
                                "Node Type": "Hash Join",
                                "Parent Relationship": "Outer",
                                "Parallel Aware": false,
                                "Join Type": "Inner",
                                "Startup Cost": 535634.87,
                                "Total Cost": 743990.79,
                                "Plan Rows": 3627959,
                                "Plan Width": 36,
                                "Actual Startup Time": 1535.876,
                                "Actual Total Time": 2263.201,
                                "Actual Rows": 31,
                                "Actual Loops": 1,
                                "Inner Unique": false,
                                "Hash Cond": "(mc.movie_id = ci.movie_id)",
                                "Plans": [
                                  {
                                    "Node Type": "Seq Scan",
                                    "Parent Relationship": "Outer",
                                    "Parallel Aware": false,
                                    "Relation Name": "movie_companies",
                                    "Alias": "mc",
                                    "Startup Cost": 0.0,
                                    "Total Cost": 44881.29,
                                    "Plan Rows": 2609129,
                                    "Plan Width": 12,
                                    "Actual Startup Time": 0.014,
                                    "Actual Total Time": 325.798,
                                    "Actual Rows": 2609129,
                                    "Actual Loops": 1
                                  },
                                  {
                                    "Node Type": "Hash",
                                    "Parent Relationship": "Inner",
                                    "Parallel Aware": false,
                                    "Startup Cost": 518778.33,
                                    "Total Cost": 518778.33,
                                    "Plan Rows": 1348523,
                                    "Plan Width": 24,
                                    "Actual Startup Time": 1323.069,
                                    "Actual Total Time": 1366.766,
                                    "Actual Rows": 15,
                                    "Actual Loops": 1,
                                    "Hash Buckets": 2097152,
                                    "Original Hash Buckets": 2097152,
                                    "Hash Batches": 1,
                                    "Original Hash Batches": 1,
                                    "Peak Memory Usage": 16385,
                                    "Plans": [
                                      {
                                        "Node Type": "Gather",
                                        "Parent Relationship": "Outer",
                                        "Parallel Aware": false,
                                        "Startup Cost": 55111.92,
                                        "Total Cost": 518778.33,
                                        "Plan Rows": 1348523,
                                        "Plan Width": 24,
                                        "Actual Startup Time": 585.949,
                                        "Actual Total Time": 1366.707,
                                        "Actual Rows": 15,
                                        "Actual Loops": 1,
                                        "Workers Planned": 6,
                                        "Workers Launched": 6,
                                        "Single Copy": false,
                                        "Plans": [
                                          {
                                            "Node Type": "Hash Join",
                                            "Parent Relationship": "Outer",
                                            "Parallel Aware": true,
                                            "Join Type": "Inner",
                                            "Startup Cost": 54111.92,
                                            "Total Cost": 382926.03,
                                            "Plan Rows": 224754,
                                            "Plan Width": 24,
                                            "Actual Startup Time": 692.598,
                                            "Actual Total Time": 1278.42,
                                            "Actual Rows": 2,
                                            "Actual Loops": 7,
                                            "Inner Unique": true,
                                            "Hash Cond": "(ci.person_role_id = chn.id)",
                                            "Plans": [
                                              {
                                                "Node Type": "Seq Scan",
                                                "Parent Relationship": "Outer",
                                                "Parallel Aware": true,
                                                "Relation Name": "cast_info",
                                                "Alias": "ci",
                                                "Startup Cost": 0.0,
                                                "Total Cost": 328224.13,
                                                "Plan Rows": 224754,
                                                "Plan Width": 12,
                                                "Actual Startup Time": 182.812,
                                                "Actual Total Time": 816.13,
                                                "Actual Rows": 205063,
                                                "Actual Loops": 7,
                                                "Filter": "(note ~~ '%(producer)%'::text)",
                                                "Rows Removed by Filter": 4972701
                                              },
                                              {
                                                "Node Type": "Hash",
                                                "Parent Relationship": "Inner",
                                                "Parallel Aware": true,
                                                "Startup Cost": 44298.63,
                                                "Total Cost": 44298.63,
                                                "Plan Rows": 785063,
                                                "Plan Width": 20,
                                                "Actual Startup Time": 442.525,
                                                "Actual Total Time": 442.526,
                                                "Actual Rows": 448620,
                                                "Actual Loops": 7,
                                                "Hash Buckets": 4194304,
                                                "Original Hash Buckets": 4194304,
                                                "Hash Batches": 1,
                                                "Original Hash Batches": 1,
                                                "Peak Memory Usage": 205216,
                                                "Plans": [
                                                  {
                                                    "Node Type": "Seq Scan",
                                                    "Parent Relationship": "Outer",
                                                    "Parallel Aware": true,
                                                    "Relation Name": "char_name",
                                                    "Alias": "chn",
                                                    "Startup Cost": 0.0,
                                                    "Total Cost": 44298.63,
                                                    "Plan Rows": 785063,
                                                    "Plan Width": 20,
                                                    "Actual Startup Time": 0.064,
                                                    "Actual Total Time": 120.701,
                                                    "Actual Rows": 448620,
                                                    "Actual Loops": 7
                                                  }
                                                ]
                                              }
                                            ]
                                          }
                                        ]
                                      }
                                    ]
                                  }
                                ]
                              }
                            ]
                          }
                        ]
                      },
                      {
                        "Node Type": "Hash",
                        "Parent Relationship": "Inner",
                        "Parallel Aware": false,
                        "Startup Cost": 67604.36,
                        "Total Cost": 67604.36,
                        "Plan Rows": 239151,
                        "Plan Width": 21,
                        "Actual Startup Time": 542.477,
                        "Actual Total Time": 542.479,
                        "Actual Rows": 241400,
                        "Actual Loops": 1,
                        "Hash Buckets": 262144,
                        "Original Hash Buckets": 262144,
                        "Hash Batches": 1,
                        "Original Hash Batches": 1,
                        "Peak Memory Usage": 15492,
                        "Plans": [
                          {
                            "Node Type": "Seq Scan",
                            "Parent Relationship": "Outer",
                            "Parallel Aware": false,
                            "Relation Name": "title",
                            "Alias": "t",
                            "Startup Cost": 0.0,
                            "Total Cost": 67604.36,
                            "Plan Rows": 239151,
                            "Plan Width": 21,
                            "Actual Startup Time": 0.054,
                            "Actual Total Time": 441.91,
                            "Actual Rows": 241400,
                            "Actual Loops": 1,
                            "Filter": "(production_year < 1960)",
                            "Rows Removed by Filter": 2286912
                          }
                        ]
                      }
                    ]
                  }
                ]
              }
            ]
          },
          {
            "Node Type": "Hash",
            "Parent Relationship": "Inner",
            "Parallel Aware": false,
            "Startup Cost": 1.12,
            "Total Cost": 1.12,
            "Plan Rows": 12,
            "Plan Width": 4,
            "Actual Startup Time": 0.033,
            "Actual Total Time": 0.035,
            "Actual Rows": 12,
            "Actual Loops": 1,
            "Hash Buckets": 1024,
            "Original Hash Buckets": 1024,
            "Hash Batches": 1,
            "Original Hash Batches": 1,
            "Peak Memory Usage": 9,
            "Plans": [
              {
                "Node Type": "Seq Scan",
                "Parent Relationship": "Outer",
                "Parallel Aware": false,
                "Relation Name": "role_type",
                "Alias": "rt",
                "Startup Cost": 0.0,
                "Total Cost": 1.12,
                "Plan Rows": 12,
                "Plan Width": 4,
                "Actual Startup Time": 0.013,
                "Actual Total Time": 0.018,
                "Actual Rows": 12,
                "Actual Loops": 1
              }
            ]
          }
        ]
      }
    ]
  },
  "Planning Time": 10.407,
  "Triggers": [],
  "Execution Time": 2953.22
}