[
  {
    "Plan": {
      "Node Type": "Aggregate",
      "Strategy": "Plain",
      "Partial Mode": "Finalize",
      "Parallel Aware": false,
      "Startup Cost": 46924.41,
      "Total Cost": 46924.42,
      "Plan Rows": 1,
      "Plan Width": 8,
      "Actual Startup Time": 190.926,
      "Actual Total Time": 200.913,
      "Actual Rows": 1,
      "Actual Loops": 1,
      "Plans": [
        {
          "Node Type": "Gather",
          "Parent Relationship": "Outer",
          "Parallel Aware": false,
          "Startup Cost": 46924.09,
          "Total Cost": 46924.4,
          "Plan Rows": 3,
          "Plan Width": 8,
          "Actual Startup Time": 190.665,
          "Actual Total Time": 200.904,
          "Actual Rows": 4,
          "Actual Loops": 1,
          "Workers Planned": 3,
          "Workers Launched": 3,
          "Single Copy": false,
          "Plans": [
            {
              "Node Type": "Aggregate",
              "Strategy": "Plain",
              "Partial Mode": "Partial",
              "Parent Relationship": "Outer",
              "Parallel Aware": false,
              "Startup Cost": 45924.09,
              "Total Cost": 45924.1,
              "Plan Rows": 1,
              "Plan Width": 8,
              "Actual Startup Time": 182.216,
              "Actual Total Time": 182.217,
              "Actual Rows": 1,
              "Actual Loops": 4,
              "Plans": [
                {
                  "Node Type": "Seq Scan",
                  "Parent Relationship": "Outer",
                  "Parallel Aware": true,
                  "Relation Name": "movie_keyword",
                  "Alias": "mk",
                  "Startup Cost": 0.0,
                  "Total Cost": 42695.65,
                  "Plan Rows": 1291376,
                  "Plan Width": 0,
                  "Actual Startup Time": 0.046,
                  "Actual Total Time": 132.761,
                  "Actual Rows": 1001419,
                  "Actual Loops": 4,
                  "Filter": "(keyword_id < 34919)",
                  "Rows Removed by Filter": 129563
                }
              ]
            }
          ]
        }
      ]
    },
    "Planning Time": 0.185,
    "Triggers": [],
    "Execution Time": 200.967
  }
]