[
  {
    "Plan": {
      "Node Type": "Aggregate",
      "Strategy": "Plain",
      "Partial Mode": "Finalize",
      "Parallel Aware": false,
      "Startup Cost": 33103.82,
      "Total Cost": 33103.83,
      "Plan Rows": 1,
      "Plan Width": 8,
      "Actual Startup Time": 92.251,
      "Actual Total Time": 100.031,
      "Actual Rows": 1,
      "Actual Loops": 1,
      "Plans": [
        {
          "Node Type": "Gather",
          "Parent Relationship": "Outer",
          "Parallel Aware": false,
          "Startup Cost": 33103.5,
          "Total Cost": 33103.81,
          "Plan Rows": 3,
          "Plan Width": 8,
          "Actual Startup Time": 92.116,
          "Actual Total Time": 100.024,
          "Actual Rows": 4,
          "Actual Loops": 1,
          "Workers Planned": 3,
          "Workers Launched": 3,
          "Single Copy": false,
          "Plans": [
            {
              "Node Type": "Aggregate",
              "Strategy": "Plain",
              "Partial Mode": "Partial",
              "Parent Relationship": "Outer",
              "Parallel Aware": false,
              "Startup Cost": 32103.5,
              "Total Cost": 32103.51,
              "Plan Rows": 1,
              "Plan Width": 8,
              "Actual Startup Time": 84.819,
              "Actual Total Time": 84.82,
              "Actual Rows": 1,
              "Actual Loops": 4,
              "Plans": [
                {
                  "Node Type": "Seq Scan",
                  "Parent Relationship": "Outer",
                  "Parallel Aware": true,
                  "Relation Name": "movie_companies",
                  "Alias": "mc",
                  "Startup Cost": 0.0,
                  "Total Cost": 31414.82,
                  "Plan Rows": 275473,
                  "Plan Width": 0,
                  "Actual Startup Time": 48.219,
                  "Actual Total Time": 79.405,
                  "Actual Rows": 134874,
                  "Actual Loops": 4,
                  "Filter": "((company_id < 19082) AND (company_type_id = 2))",
                  "Rows Removed by Filter": 517408
                }
              ]
            }
          ]
        }
      ]
    },
    "Planning Time": 0.227,
    "Triggers": [],
    "Execution Time": 100.089
  }
]