[
  {
    "Plan": {
      "Node Type": "Aggregate",
      "Strategy": "Plain",
      "Partial Mode": "Finalize",
      "Parallel Aware": false,
      "Startup Cost": 44812.62,
      "Total Cost": 44812.63,
      "Plan Rows": 1,
      "Plan Width": 8,
      "Actual Startup Time": 114.187,
      "Actual Total Time": 125.797,
      "Actual Rows": 1,
      "Actual Loops": 1,
      "Plans": [
        {
          "Node Type": "Gather",
          "Parent Relationship": "Outer",
          "Parallel Aware": false,
          "Startup Cost": 44812.3,
          "Total Cost": 44812.61,
          "Plan Rows": 3,
          "Plan Width": 8,
          "Actual Startup Time": 114.092,
          "Actual Total Time": 125.79,
          "Actual Rows": 4,
          "Actual Loops": 1,
          "Workers Planned": 3,
          "Workers Launched": 3,
          "Single Copy": false,
          "Plans": [
            {
              "Node Type": "Aggregate",
              "Strategy": "Plain",
              "Partial Mode": "Partial",
              "Parent Relationship": "Outer",
              "Parallel Aware": false,
              "Startup Cost": 43812.3,
              "Total Cost": 43812.31,
              "Plan Rows": 1,
              "Plan Width": 8,
              "Actual Startup Time": 109.327,
              "Actual Total Time": 109.328,
              "Actual Rows": 1,
              "Actual Loops": 4,
              "Plans": [
                {
                  "Node Type": "Seq Scan",
                  "Parent Relationship": "Outer",
                  "Parallel Aware": true,
                  "Relation Name": "movie_keyword",
                  "Alias": "mk",
                  "Startup Cost": 0.0,
                  "Total Cost": 42695.65,
                  "Plan Rows": 446659,
                  "Plan Width": 0,
                  "Actual Startup Time": 0.629,
                  "Actual Total Time": 94.415,
                  "Actual Rows": 346161,
                  "Actual Loops": 4,
                  "Filter": "(keyword_id > 12062)",
                  "Rows Removed by Filter": 784822
                }
              ]
            }
          ]
        }
      ]
    },
    "Planning Time": 0.081,
    "Triggers": [],
    "Execution Time": 125.825
  }
]