{
  "Plan": {
    "Node Type": "Aggregate",
    "Strategy": "Plain",
    "Partial Mode": "Finalize",
    "Parallel Aware": false,
    "Startup Cost": 77571.42,
    "Total Cost": 77571.43,
    "Plan Rows": 1,
    "Plan Width": 8,
    "Actual Startup Time": 236.917,
    "Actual Total Time": 249.798,
    "Actual Rows": 1,
    "Actual Loops": 1,
    "Plans": [
      {
        "Node Type": "Gather",
        "Parent Relationship": "Outer",
        "Parallel Aware": false,
        "Startup Cost": 77571.31,
        "Total Cost": 77571.42,
        "Plan Rows": 1,
        "Plan Width": 8,
        "Actual Startup Time": 236.683,
        "Actual Total Time": 249.783,
        "Actual Rows": 2,
        "Actual Loops": 1,
        "Workers Planned": 1,
        "Workers Launched": 1,
        "Single Copy": false,
        "Plans": [
          {
            "Node Type": "Aggregate",
            "Strategy": "Plain",
            "Partial Mode": "Partial",
            "Parent Relationship": "Outer",
            "Parallel Aware": false,
            "Startup Cost": 76571.31,
            "Total Cost": 76571.32,
            "Plan Rows": 1,
            "Plan Width": 8,
            "Actual Startup Time": 231.117,
            "Actual Total Time": 231.12,
            "Actual Rows": 1,
            "Actual Loops": 2,
            "Plans": [
              {
                "Node Type": "Hash Join",
                "Parent Relationship": "Outer",
                "Parallel Aware": true,
                "Join Type": "Inner",
                "Startup Cost": 58379.54,
                "Total Cost": 76563.33,
                "Plan Rows": 3191,
                "Plan Width": 0,
                "Actual Startup Time": 140.077,
                "Actual Total Time": 231.05,
                "Actual Rows": 1398,
                "Actual Loops": 2,
                "Inner Unique": true,
                "Hash Cond": "(mi_idx.movie_id = t.id)",
                "Plans": [
                  {
                    "Node Type": "Seq Scan",
                    "Parent Relationship": "Outer",
                    "Parallel Aware": true,
                    "Relation Name": "movie_info_idx",
                    "Alias": "mi_idx",
                    "Startup Cost": 0.0,
                    "Total Cost": 16052.85,
                    "Plan Rows": 811785,
                    "Plan Width": 4,
                    "Actual Startup Time": 0.024,
                    "Actual Total Time": 46.099,
                    "Actual Rows": 690018,
                    "Actual Loops": 2
                  },
                  {
                    "Node Type": "Hash",
                    "Parent Relationship": "Inner",
                    "Parallel Aware": true,
                    "Startup Cost": 58306.47,
                    "Total Cost": 58306.47,
                    "Plan Rows": 5846,
                    "Plan Width": 4,
                    "Actual Startup Time": 137.729,
                    "Actual Total Time": 137.73,
                    "Actual Rows": 4072,
                    "Actual Loops": 2,
                    "Hash Buckets": 16384,
                    "Original Hash Buckets": 16384,
                    "Hash Batches": 1,
                    "Original Hash Batches": 1,
                    "Peak Memory Usage": 480,
                    "Plans": [
                      {
                        "Node Type": "Seq Scan",
                        "Parent Relationship": "Outer",
                        "Parallel Aware": true,
                        "Relation Name": "title",
                        "Alias": "t",
                        "Startup Cost": 0.0,
                        "Total Cost": 58306.47,
                        "Plan Rows": 5846,
                        "Plan Width": 4,
                        "Actual Startup Time": 0.313,
                        "Actual Total Time": 136.176,
                        "Actual Rows": 4072,
                        "Actual Loops": 2,
                        "Filter": "((kind_id = 7) AND (production_year = 1968))",
                        "Rows Removed by Filter": 1260084
                      }
                    ]
                  }
                ]
              }
            ]
          }
        ]
      }
    ]
  },
  "Planning Time": 0.4,
  "Triggers": [],
  "Execution Time": 249.865
}