[
  {
    "Plan": {
      "Node Type": "Aggregate",
      "Strategy": "Plain",
      "Partial Mode": "Finalize",
      "Parallel Aware": false,
      "Startup Cost": 121968.01,
      "Total Cost": 121968.02,
      "Plan Rows": 1,
      "Plan Width": 8,
      "Actual Startup Time": 163.026,
      "Actual Total Time": 174.222,
      "Actual Rows": 1,
      "Actual Loops": 1,
      "Plans": [
        {
          "Node Type": "Gather",
          "Parent Relationship": "Outer",
          "Parallel Aware": false,
          "Startup Cost": 121967.49,
          "Total Cost": 121968.0,
          "Plan Rows": 5,
          "Plan Width": 8,
          "Actual Startup Time": 162.926,
          "Actual Total Time": 174.211,
          "Actual Rows": 6,
          "Actual Loops": 1,
          "Workers Planned": 5,
          "Workers Launched": 5,
          "Single Copy": false,
          "Plans": [
            {
              "Node Type": "Aggregate",
              "Strategy": "Plain",
              "Partial Mode": "Partial",
              "Parent Relationship": "Outer",
              "Parallel Aware": false,
              "Startup Cost": 120967.49,
              "Total Cost": 120967.5,
              "Plan Rows": 1,
              "Plan Width": 8,
              "Actual Startup Time": 152.707,
              "Actual Total Time": 152.708,
              "Actual Rows": 1,
              "Actual Loops": 6,
              "Plans": [
                {
                  "Node Type": "Index Scan",
                  "Parent Relationship": "Outer",
                  "Parallel Aware": true,
                  "Scan Direction": "Forward",
                  "Index Name": "role_id_cast_info",
                  "Relation Name": "cast_info",
                  "Alias": "ci",
                  "Startup Cost": 0.56,
                  "Total Cost": 119623.46,
                  "Plan Rows": 537613,
                  "Plan Width": 0,
                  "Actual Startup Time": 0.402,
                  "Actual Total Time": 145.631,
                  "Actual Rows": 143241,
                  "Actual Loops": 6,
                  "Index Cond": "(role_id = 10)",
                  "Rows Removed by Index Recheck": 0,
                  "Filter": "(person_id < 2268197)",
                  "Rows Removed by Filter": 577262
                }
              ]
            }
          ]
        }
      ]
    },
    "Planning Time": 0.216,
    "Triggers": [],
    "Execution Time": 174.284
  }
]