{
  "Plan": {
    "Node Type": "Aggregate",
    "Strategy": "Plain",
    "Partial Mode": "Finalize",
    "Parallel Aware": false,
    "Startup Cost": 650918.48,
    "Total Cost": 650918.49,
    "Plan Rows": 1,
    "Plan Width": 8,
    "Actual Startup Time": 6860.504,
    "Actual Total Time": 6914.955,
    "Actual Rows": 1,
    "Actual Loops": 1,
    "Plans": [
      {
        "Node Type": "Gather",
        "Parent Relationship": "Outer",
        "Parallel Aware": false,
        "Startup Cost": 650918.37,
        "Total Cost": 650918.48,
        "Plan Rows": 1,
        "Plan Width": 8,
        "Actual Startup Time": 6856.934,
        "Actual Total Time": 6914.948,
        "Actual Rows": 2,
        "Actual Loops": 1,
        "Workers Planned": 1,
        "Workers Launched": 1,
        "Single Copy": false,
        "Plans": [
          {
            "Node Type": "Aggregate",
            "Strategy": "Plain",
            "Partial Mode": "Partial",
            "Parent Relationship": "Outer",
            "Parallel Aware": false,
            "Startup Cost": 649918.37,
            "Total Cost": 649918.38,
            "Plan Rows": 1,
            "Plan Width": 8,
            "Actual Startup Time": 6844.212,
            "Actual Total Time": 6844.216,
            "Actual Rows": 1,
            "Actual Loops": 2,
            "Plans": [
              {
                "Node Type": "Hash Join",
                "Parent Relationship": "Outer",
                "Parallel Aware": true,
                "Join Type": "Inner",
                "Startup Cost": 71868.09,
                "Total Cost": 622223.23,
                "Plan Rows": 11078054,
                "Plan Width": 0,
                "Actual Startup Time": 1026.052,
                "Actual Total Time": 6398.058,
                "Actual Rows": 9891978,
                "Actual Loops": 2,
                "Inner Unique": true,
                "Hash Cond": "(ci.movie_id = t.id)",
                "Plans": [
                  {
                    "Node Type": "Seq Scan",
                    "Parent Relationship": "Outer",
                    "Parallel Aware": true,
                    "Relation Name": "cast_info",
                    "Alias": "ci",
                    "Startup Cost": 0.0,
                    "Total Cost": 519069.44,
                    "Plan Rows": 11918341,
                    "Plan Width": 4,
                    "Actual Startup Time": 411.492,
                    "Actual Total Time": 1572.187,
                    "Actual Rows": 10139906,
                    "Actual Loops": 2,
                    "Filter": "(person_id > 1578188)",
                    "Rows Removed by Filter": 7982266
                  },
                  {
                    "Node Type": "Hash",
                    "Parent Relationship": "Inner",
                    "Parallel Aware": true,
                    "Startup Cost": 54588.39,
                    "Total Cost": 54588.39,
                    "Plan Rows": 1382376,
                    "Plan Width": 4,
                    "Actual Startup Time": 592.427,
                    "Actual Total Time": 592.428,
                    "Actual Rows": 1173238,
                    "Actual Loops": 2,
                    "Hash Buckets": 4194304,
                    "Original Hash Buckets": 4194304,
                    "Hash Batches": 1,
                    "Original Hash Batches": 1,
                    "Peak Memory Usage": 124576,
                    "Plans": [
                      {
                        "Node Type": "Seq Scan",
                        "Parent Relationship": "Outer",
                        "Parallel Aware": true,
                        "Relation Name": "title",
                        "Alias": "t",
                        "Startup Cost": 0.0,
                        "Total Cost": 54588.39,
                        "Plan Rows": 1382376,
                        "Plan Width": 4,
                        "Actual Startup Time": 0.026,
                        "Actual Total Time": 213.47,
                        "Actual Rows": 1173238,
                        "Actual Loops": 2,
                        "Filter": "(production_year > 1927)",
                        "Rows Removed by Filter": 90918
                      }
                    ]
                  }
                ]
              }
            ]
          }
        ]
      }
    ]
  },
  "Planning Time": 0.628,
  "Triggers": [],
  "Execution Time": 6915.025
}