[
    {
        "Bao": {
            "Bao prediction": 445.123,
            "Bao recommended hint": "(no hint)"
        }
    },
    {
        "Plan": {
            "Node Type": "Aggregate",
            "Strategy": "Plain",
            "Partial Mode": "Finalize",
            "Parallel Aware": false,
            "Startup Cost": 44332.53,
            "Total Cost": 44332.54,
            "Plan Rows": 1,
            "Plan Width": 8,
            "Actual Startup Time": 121.457,
            "Actual Total Time": 126.161,
            "Actual Rows": 1,
            "Actual Loops": 1,
            "Output": [
                "count(*)"
            ],
            "Plans": [
                {
                    "Node Type": "Gather",
                    "Parent Relationship": "Outer",
                    "Parallel Aware": false,
                    "Startup Cost": 44332.21,
                    "Total Cost": 44332.52,
                    "Plan Rows": 3,
                    "Plan Width": 8,
                    "Actual Startup Time": 121.395,
                    "Actual Total Time": 126.155,
                    "Actual Rows": 4,
                    "Actual Loops": 1,
                    "Output": [
                        "(PARTIAL count(*))"
                    ],
                    "Workers Planned": 3,
                    "Workers Launched": 3,
                    "Single Copy": false,
                    "Plans": [
                        {
                            "Node Type": "Aggregate",
                            "Strategy": "Plain",
                            "Partial Mode": "Partial",
                            "Parent Relationship": "Outer",
                            "Parallel Aware": false,
                            "Startup Cost": 43332.21,
                            "Total Cost": 43332.22,
                            "Plan Rows": 1,
                            "Plan Width": 8,
                            "Actual Startup Time": 113.907,
                            "Actual Total Time": 113.908,
                            "Actual Rows": 1,
                            "Actual Loops": 4,
                            "Output": [
                                "PARTIAL count(*)"
                            ],
                            "Workers": [
                                {
                                    "Worker Number": 0,
                                    "Actual Startup Time": 111.396,
                                    "Actual Total Time": 111.397,
                                    "Actual Rows": 1,
                                    "Actual Loops": 1
                                },
                                {
                                    "Worker Number": 1,
                                    "Actual Startup Time": 111.497,
                                    "Actual Total Time": 111.498,
                                    "Actual Rows": 1,
                                    "Actual Loops": 1
                                },
                                {
                                    "Worker Number": 2,
                                    "Actual Startup Time": 111.795,
                                    "Actual Total Time": 111.796,
                                    "Actual Rows": 1,
                                    "Actual Loops": 1
                                }
                            ],
                            "Plans": [
                                {
                                    "Node Type": "Seq Scan",
                                    "Parent Relationship": "Outer",
                                    "Parallel Aware": true,
                                    "Relation Name": "movie_keyword",
                                    "Schema": "public",
                                    "Alias": "mk",
                                    "Startup Cost": 0.0,
                                    "Total Cost": 42695.65,
                                    "Plan Rows": 254622,
                                    "Plan Width": 0,
                                    "Actual Startup Time": 5.621,
                                    "Actual Total Time": 102.391,
                                    "Actual Rows": 193856,
                                    "Actual Loops": 4,
                                    "Output": [
                                        "id",
                                        "movie_id",
                                        "keyword_id"
                                    ],
                                    "Filter": "(mk.keyword_id > 24318)",
                                    "Rows Removed by Filter": 937126,
                                    "Workers": [
                                        {
                                            "Worker Number": 0,
                                            "Actual Startup Time": 3.124,
                                            "Actual Total Time": 100.365,
                                            "Actual Rows": 192417,
                                            "Actual Loops": 1
                                        },
                                        {
                                            "Worker Number": 1,
                                            "Actual Startup Time": 3.205,
                                            "Actual Total Time": 100.225,
                                            "Actual Rows": 200792,
                                            "Actual Loops": 1
                                        },
                                        {
                                            "Worker Number": 2,
                                            "Actual Startup Time": 3.506,
                                            "Actual Total Time": 100.566,
                                            "Actual Rows": 203875,
                                            "Actual Loops": 1
                                        }
                                    ]
                                }
                            ]
                        }
                    ]
                }
            ]
        },
        "Planning Time": 412.547,
        "Triggers": [],
        "Execution Time": 126.228
    }
]