[
  {
    "Plan": {
      "Node Type": "Aggregate",
      "Strategy": "Plain",
      "Partial Mode": "Finalize",
      "Parallel Aware": false,
      "Startup Cost": 261756.62,
      "Total Cost": 261756.63,
      "Plan Rows": 1,
      "Plan Width": 8,
      "Actual Startup Time": 226.137,
      "Actual Total Time": 263.663,
      "Actual Rows": 1,
      "Actual Loops": 1,
      "Plans": [
        {
          "Node Type": "Gather",
          "Parent Relationship": "Outer",
          "Parallel Aware": false,
          "Startup Cost": 261756.2,
          "Total Cost": 261756.61,
          "Plan Rows": 4,
          "Plan Width": 8,
          "Actual Startup Time": 225.877,
          "Actual Total Time": 263.653,
          "Actual Rows": 5,
          "Actual Loops": 1,
          "Workers Planned": 4,
          "Workers Launched": 4,
          "Single Copy": false,
          "Plans": [
            {
              "Node Type": "Aggregate",
              "Strategy": "Plain",
              "Partial Mode": "Partial",
              "Parent Relationship": "Outer",
              "Parallel Aware": false,
              "Startup Cost": 260756.2,
              "Total Cost": 260756.21,
              "Plan Rows": 1,
              "Plan Width": 8,
              "Actual Startup Time": 214.583,
              "Actual Total Time": 214.585,
              "Actual Rows": 1,
              "Actual Loops": 5,
              "Plans": [
                {
                  "Node Type": "Nested Loop",
                  "Parent Relationship": "Outer",
                  "Parallel Aware": false,
                  "Join Type": "Inner",
                  "Startup Cost": 0.56,
                  "Total Cost": 260734.01,
                  "Plan Rows": 8876,
                  "Plan Width": 0,
                  "Actual Startup Time": 1.02,
                  "Actual Total Time": 213.523,
                  "Actual Rows": 8357,
                  "Actual Loops": 5,
                  "Inner Unique": false,
                  "Plans": [
                    {
                      "Node Type": "Seq Scan",
                      "Parent Relationship": "Outer",
                      "Parallel Aware": true,
                      "Relation Name": "title",
                      "Alias": "t",
                      "Startup Cost": 0.0,
                      "Total Cost": 45479.59,
                      "Plan Rows": 2413,
                      "Plan Width": 4,
                      "Actual Startup Time": 0.222,
                      "Actual Total Time": 83.406,
                      "Actual Rows": 1983,
                      "Actual Loops": 5,
                      "Filter": "((kind_id > 1) AND (production_year = 1977))",
                      "Rows Removed by Filter": 503680
                    },
                    {
                      "Node Type": "Index Scan",
                      "Parent Relationship": "Inner",
                      "Parallel Aware": false,
                      "Scan Direction": "Forward",
                      "Index Name": "movie_id_cast_info",
                      "Relation Name": "cast_info",
                      "Alias": "ci",
                      "Startup Cost": 0.56,
                      "Total Cost": 89.12,
                      "Plan Rows": 9,
                      "Plan Width": 4,
                      "Actual Startup Time": 0.043,
                      "Actual Total Time": 0.064,
                      "Actual Rows": 4,
                      "Actual Loops": 9913,
                      "Index Cond": "(movie_id = t.id)",
                      "Rows Removed by Index Recheck": 0,
                      "Filter": "((person_id > 2263667) AND (role_id > 1))",
                      "Rows Removed by Filter": 9
                    }
                  ]
                }
              ]
            }
          ]
        }
      ]
    },
    "Planning Time": 0.668,
    "Triggers": [],
    "Execution Time": 263.746
  }
]