{
  "Plan": {
    "Node Type": "Aggregate",
    "Strategy": "Plain",
    "Partial Mode": "Finalize",
    "Parallel Aware": false,
    "Startup Cost": 74450.99,
    "Total Cost": 74451.0,
    "Plan Rows": 1,
    "Plan Width": 8,
    "Actual Startup Time": 208.708,
    "Actual Total Time": 221.961,
    "Actual Rows": 1,
    "Actual Loops": 1,
    "Plans": [
      {
        "Node Type": "Gather",
        "Parent Relationship": "Outer",
        "Parallel Aware": false,
        "Startup Cost": 74450.88,
        "Total Cost": 74450.99,
        "Plan Rows": 1,
        "Plan Width": 8,
        "Actual Startup Time": 208.567,
        "Actual Total Time": 221.952,
        "Actual Rows": 2,
        "Actual Loops": 1,
        "Workers Planned": 1,
        "Workers Launched": 1,
        "Single Copy": false,
        "Plans": [
          {
            "Node Type": "Aggregate",
            "Strategy": "Plain",
            "Partial Mode": "Partial",
            "Parent Relationship": "Outer",
            "Parallel Aware": false,
            "Startup Cost": 73450.88,
            "Total Cost": 73450.89,
            "Plan Rows": 1,
            "Plan Width": 8,
            "Actual Startup Time": 203.014,
            "Actual Total Time": 203.017,
            "Actual Rows": 1,
            "Actual Loops": 2,
            "Plans": [
              {
                "Node Type": "Hash Join",
                "Parent Relationship": "Outer",
                "Parallel Aware": true,
                "Join Type": "Inner",
                "Startup Cost": 54654.7,
                "Total Cost": 73448.47,
                "Plan Rows": 966,
                "Plan Width": 0,
                "Actual Startup Time": 161.957,
                "Actual Total Time": 202.99,
                "Actual Rows": 140,
                "Actual Loops": 2,
                "Inner Unique": true,
                "Hash Cond": "(mi_idx.movie_id = t.id)",
                "Plans": [
                  {
                    "Node Type": "Seq Scan",
                    "Parent Relationship": "Outer",
                    "Parallel Aware": true,
                    "Relation Name": "movie_info_idx",
                    "Alias": "mi_idx",
                    "Startup Cost": 0.0,
                    "Total Cost": 18082.32,
                    "Plan Rows": 271028,
                    "Plan Width": 4,
                    "Actual Startup Time": 0.029,
                    "Actual Total Time": 52.152,
                    "Actual Rows": 229962,
                    "Actual Loops": 2,
                    "Filter": "(info_type_id = 101)",
                    "Rows Removed by Filter": 460055
                  },
                  {
                    "Node Type": "Hash",
                    "Parent Relationship": "Inner",
                    "Parallel Aware": true,
                    "Startup Cost": 54588.39,
                    "Total Cost": 54588.39,
                    "Plan Rows": 5305,
                    "Plan Width": 4,
                    "Actual Startup Time": 133.36,
                    "Actual Total Time": 133.361,
                    "Actual Rows": 3885,
                    "Actual Loops": 2,
                    "Hash Buckets": 16384,
                    "Original Hash Buckets": 16384,
                    "Hash Batches": 1,
                    "Original Hash Batches": 1,
                    "Peak Memory Usage": 480,
                    "Plans": [
                      {
                        "Node Type": "Seq Scan",
                        "Parent Relationship": "Outer",
                        "Parallel Aware": true,
                        "Relation Name": "title",
                        "Alias": "t",
                        "Startup Cost": 0.0,
                        "Total Cost": 54588.39,
                        "Plan Rows": 5305,
                        "Plan Width": 4,
                        "Actual Startup Time": 90.729,
                        "Actual Total Time": 132.131,
                        "Actual Rows": 3885,
                        "Actual Loops": 2,
                        "Filter": "(production_year = 1912)",
                        "Rows Removed by Filter": 1260271
                      }
                    ]
                  }
                ]
              }
            ]
          }
        ]
      }
    ]
  },
  "Planning Time": 0.432,
  "Triggers": [],
  "Execution Time": 222.028
}