[
  {
    "Plan": {
      "Node Type": "Aggregate",
      "Strategy": "Plain",
      "Partial Mode": "Finalize",
      "Parallel Aware": false,
      "Startup Cost": 33304.57,
      "Total Cost": 33304.58,
      "Plan Rows": 1,
      "Plan Width": 8,
      "Actual Startup Time": 108.804,
      "Actual Total Time": 116.908,
      "Actual Rows": 1,
      "Actual Loops": 1,
      "Plans": [
        {
          "Node Type": "Gather",
          "Parent Relationship": "Outer",
          "Parallel Aware": false,
          "Startup Cost": 33304.26,
          "Total Cost": 33304.57,
          "Plan Rows": 3,
          "Plan Width": 8,
          "Actual Startup Time": 108.697,
          "Actual Total Time": 116.902,
          "Actual Rows": 4,
          "Actual Loops": 1,
          "Workers Planned": 3,
          "Workers Launched": 3,
          "Single Copy": false,
          "Plans": [
            {
              "Node Type": "Aggregate",
              "Strategy": "Plain",
              "Partial Mode": "Partial",
              "Parent Relationship": "Outer",
              "Parallel Aware": false,
              "Startup Cost": 32304.26,
              "Total Cost": 32304.27,
              "Plan Rows": 1,
              "Plan Width": 8,
              "Actual Startup Time": 100.146,
              "Actual Total Time": 100.147,
              "Actual Rows": 1,
              "Actual Loops": 4,
              "Plans": [
                {
                  "Node Type": "Seq Scan",
                  "Parent Relationship": "Outer",
                  "Parallel Aware": true,
                  "Relation Name": "movie_companies",
                  "Alias": "mc",
                  "Startup Cost": 0.0,
                  "Total Cost": 31414.82,
                  "Plan Rows": 355775,
                  "Plan Width": 0,
                  "Actual Startup Time": 47.763,
                  "Actual Total Time": 86.888,
                  "Actual Rows": 306629,
                  "Actual Loops": 4,
                  "Filter": "((company_id > 338) AND (company_type_id = 2))",
                  "Rows Removed by Filter": 345653
                }
              ]
            }
          ]
        }
      ]
    },
    "Planning Time": 0.107,
    "Triggers": [],
    "Execution Time": 116.944
  }
]