[
  {
    "Plan": {
      "Node Type": "Aggregate",
      "Strategy": "Plain",
      "Partial Mode": "Finalize",
      "Parallel Aware": false,
      "Startup Cost": 347051.74,
      "Total Cost": 347051.75,
      "Plan Rows": 1,
      "Plan Width": 8,
      "Actual Startup Time": 733.806,
      "Actual Total Time": 791.827,
      "Actual Rows": 1,
      "Actual Loops": 1,
      "Plans": [
        {
          "Node Type": "Gather",
          "Parent Relationship": "Outer",
          "Parallel Aware": false,
          "Startup Cost": 347051.11,
          "Total Cost": 347051.72,
          "Plan Rows": 6,
          "Plan Width": 8,
          "Actual Startup Time": 733.68,
          "Actual Total Time": 791.804,
          "Actual Rows": 7,
          "Actual Loops": 1,
          "Workers Planned": 6,
          "Workers Launched": 6,
          "Single Copy": false,
          "Plans": [
            {
              "Node Type": "Aggregate",
              "Strategy": "Plain",
              "Partial Mode": "Partial",
              "Parent Relationship": "Outer",
              "Parallel Aware": false,
              "Startup Cost": 346051.11,
              "Total Cost": 346051.12,
              "Plan Rows": 1,
              "Plan Width": 8,
              "Actual Startup Time": 723.834,
              "Actual Total Time": 723.835,
              "Actual Rows": 1,
              "Actual Loops": 7,
              "Plans": [
                {
                  "Node Type": "Seq Scan",
                  "Parent Relationship": "Outer",
                  "Parallel Aware": true,
                  "Relation Name": "cast_info",
                  "Alias": "ci",
                  "Startup Cost": 0.0,
                  "Total Cost": 343257.03,
                  "Plan Rows": 1117633,
                  "Plan Width": 0,
                  "Actual Startup Time": 343.595,
                  "Actual Total Time": 658.854,
                  "Actual Rows": 1449025,
                  "Actual Loops": 7,
                  "Filter": "((person_id > 2701672) AND (role_id > 1))",
                  "Rows Removed by Filter": 3728739
                }
              ]
            }
          ]
        }
      ]
    },
    "Planning Time": 0.223,
    "Triggers": [],
    "Execution Time": 791.9
  }
]