{
  "Plan": {
    "Node Type": "Aggregate",
    "Strategy": "Plain",
    "Partial Mode": "Finalize",
    "Parallel Aware": false,
    "Startup Cost": 372474.66,
    "Total Cost": 372474.67,
    "Plan Rows": 1,
    "Plan Width": 8,
    "Actual Startup Time": 2099.964,
    "Actual Total Time": 2135.002,
    "Actual Rows": 1,
    "Actual Loops": 1,
    "Plans": [
      {
        "Node Type": "Gather",
        "Parent Relationship": "Outer",
        "Parallel Aware": false,
        "Startup Cost": 372474.54,
        "Total Cost": 372474.65,
        "Plan Rows": 1,
        "Plan Width": 8,
        "Actual Startup Time": 2092.073,
        "Actual Total Time": 2134.992,
        "Actual Rows": 2,
        "Actual Loops": 1,
        "Workers Planned": 1,
        "Workers Launched": 1,
        "Single Copy": false,
        "Plans": [
          {
            "Node Type": "Aggregate",
            "Strategy": "Plain",
            "Partial Mode": "Partial",
            "Parent Relationship": "Outer",
            "Parallel Aware": false,
            "Startup Cost": 371474.54,
            "Total Cost": 371474.55,
            "Plan Rows": 1,
            "Plan Width": 8,
            "Actual Startup Time": 2084.073,
            "Actual Total Time": 2084.395,
            "Actual Rows": 1,
            "Actual Loops": 2,
            "Plans": [
              {
                "Node Type": "Hash Join",
                "Parent Relationship": "Outer",
                "Parallel Aware": true,
                "Join Type": "Inner",
                "Startup Cost": 302139.76,
                "Total Cost": 369239.17,
                "Plan Rows": 894150,
                "Plan Width": 0,
                "Actual Startup Time": 1549.446,
                "Actual Total Time": 2012.225,
                "Actual Rows": 1835362,
                "Actual Loops": 2,
                "Inner Unique": false,
                "Hash Cond": "(mk.movie_id = t.id)",
                "Plans": [
                  {
                    "Node Type": "Seq Scan",
                    "Parent Relationship": "Outer",
                    "Parallel Aware": true,
                    "Relation Name": "movie_keyword",
                    "Alias": "mk",
                    "Startup Cost": 0.0,
                    "Total Cost": 57718.19,
                    "Plan Rows": 1099068,
                    "Plan Width": 4,
                    "Actual Startup Time": 0.02,
                    "Actual Total Time": 186.165,
                    "Actual Rows": 937275,
                    "Actual Loops": 2,
                    "Filter": "(keyword_id < 3181)",
                    "Rows Removed by Filter": 1324690
                  },
                  {
                    "Node Type": "Hash",
                    "Parent Relationship": "Inner",
                    "Parallel Aware": true,
                    "Startup Cost": 287015.49,
                    "Total Cost": 287015.49,
                    "Plan Rows": 1209942,
                    "Plan Width": 8,
                    "Actual Startup Time": 1535.022,
                    "Actual Total Time": 1535.342,
                    "Actual Rows": 1045534,
                    "Actual Loops": 2,
                    "Hash Buckets": 2097152,
                    "Original Hash Buckets": 2097152,
                    "Hash Batches": 1,
                    "Original Hash Batches": 1,
                    "Peak Memory Usage": 98208,
                    "Plans": [
                      {
                        "Node Type": "Hash Join",
                        "Parent Relationship": "Outer",
                        "Parallel Aware": true,
                        "Join Type": "Inner",
                        "Startup Cost": 106722.12,
                        "Total Cost": 287015.49,
                        "Plan Rows": 1209942,
                        "Plan Width": 8,
                        "Actual Startup Time": 633.347,
                        "Actual Total Time": 1210.108,
                        "Actual Rows": 1045534,
                        "Actual Loops": 2,
                        "Inner Unique": true,
                        "Hash Cond": "(mi.movie_id = t.id)",
                        "Plans": [
                          {
                            "Node Type": "Bitmap Heap Scan",
                            "Parent Relationship": "Outer",
                            "Parallel Aware": true,
                            "Relation Name": "movie_info",
                            "Alias": "mi",
                            "Startup Cost": 37261.42,
                            "Total Cost": 214378.69,
                            "Plan Rows": 1209942,
                            "Plan Width": 4,
                            "Actual Startup Time": 63.517,
                            "Actual Total Time": 167.719,
                            "Actual Rows": 1045534,
                            "Actual Loops": 2,
                            "Recheck Cond": "(info_type_id < 3)",
                            "Rows Removed by Index Recheck": 0,
                            "Exact Heap Blocks": 7389,
                            "Lossy Heap Blocks": 0,
                            "Plans": [
                              {
                                "Node Type": "Bitmap Index Scan",
                                "Parent Relationship": "Outer",
                                "Parallel Aware": false,
                                "Index Name": "info_type_id_movie_info",
                                "Startup Cost": 0.0,
                                "Total Cost": 36747.19,
                                "Plan Rows": 2056901,
                                "Plan Width": 0,
                                "Actual Startup Time": 61.63,
                                "Actual Total Time": 61.631,
                                "Actual Rows": 2091068,
                                "Actual Loops": 1,
                                "Index Cond": "(info_type_id < 3)"
                              }
                            ]
                          },
                          {
                            "Node Type": "Hash",
                            "Parent Relationship": "Inner",
                            "Parallel Aware": true,
                            "Startup Cost": 50870.31,
                            "Total Cost": 50870.31,
                            "Plan Rows": 1487231,
                            "Plan Width": 4,
                            "Actual Startup Time": 556.335,
                            "Actual Total Time": 556.336,
                            "Actual Rows": 1264156,
                            "Actual Loops": 2,
                            "Hash Buckets": 4194304,
                            "Original Hash Buckets": 4194304,
                            "Hash Batches": 1,
                            "Original Hash Batches": 1,
                            "Peak Memory Usage": 131712,
                            "Plans": [
                              {
                                "Node Type": "Seq Scan",
                                "Parent Relationship": "Outer",
                                "Parallel Aware": true,
                                "Relation Name": "title",
                                "Alias": "t",
                                "Startup Cost": 0.0,
                                "Total Cost": 50870.31,
                                "Plan Rows": 1487231,
                                "Plan Width": 4,
                                "Actual Startup Time": 0.032,
                                "Actual Total Time": 156.072,
                                "Actual Rows": 1264156,
                                "Actual Loops": 2
                              }
                            ]
                          }
                        ]
                      }
                    ]
                  }
                ]
              }
            ]
          }
        ]
      }
    ]
  },
  "Planning Time": 1.075,
  "Triggers": [],
  "Execution Time": 2135.099
}