{
  "Plan": {
    "Node Type": "Aggregate",
    "Strategy": "Plain",
    "Partial Mode": "Finalize",
    "Parallel Aware": false,
    "Startup Cost": 86055.4,
    "Total Cost": 86055.41,
    "Plan Rows": 1,
    "Plan Width": 8,
    "Actual Startup Time": 245.399,
    "Actual Total Time": 264.419,
    "Actual Rows": 1,
    "Actual Loops": 1,
    "Plans": [
      {
        "Node Type": "Gather",
        "Parent Relationship": "Outer",
        "Parallel Aware": false,
        "Startup Cost": 86055.29,
        "Total Cost": 86055.4,
        "Plan Rows": 1,
        "Plan Width": 8,
        "Actual Startup Time": 244.949,
        "Actual Total Time": 264.411,
        "Actual Rows": 2,
        "Actual Loops": 1,
        "Workers Planned": 1,
        "Workers Launched": 1,
        "Single Copy": false,
        "Plans": [
          {
            "Node Type": "Aggregate",
            "Strategy": "Plain",
            "Partial Mode": "Partial",
            "Parent Relationship": "Outer",
            "Parallel Aware": false,
            "Startup Cost": 85055.29,
            "Total Cost": 85055.3,
            "Plan Rows": 1,
            "Plan Width": 8,
            "Actual Startup Time": 238.964,
            "Actual Total Time": 238.969,
            "Actual Rows": 1,
            "Actual Loops": 2,
            "Plans": [
              {
                "Node Type": "Hash Join",
                "Parent Relationship": "Outer",
                "Parallel Aware": true,
                "Join Type": "Inner",
                "Startup Cost": 58851.49,
                "Total Cost": 85053.87,
                "Plan Rows": 570,
                "Plan Width": 0,
                "Actual Startup Time": 176.961,
                "Actual Total Time": 238.903,
                "Actual Rows": 476,
                "Actual Loops": 2,
                "Inner Unique": true,
                "Hash Cond": "(mk.movie_id = t.id)",
                "Plans": [
                  {
                    "Node Type": "Bitmap Heap Scan",
                    "Parent Relationship": "Outer",
                    "Parallel Aware": true,
                    "Relation Name": "movie_keyword",
                    "Alias": "mk",
                    "Startup Cost": 4171.39,
                    "Total Cost": 30070.33,
                    "Plan Rows": 115595,
                    "Plan Width": 4,
                    "Actual Startup Time": 24.305,
                    "Actual Total Time": 74.032,
                    "Actual Rows": 97790,
                    "Actual Loops": 2,
                    "Recheck Cond": "(keyword_id > 69719)",
                    "Rows Removed by Index Recheck": 0,
                    "Exact Heap Blocks": 13603,
                    "Lossy Heap Blocks": 0,
                    "Plans": [
                      {
                        "Node Type": "Bitmap Index Scan",
                        "Parent Relationship": "Outer",
                        "Parallel Aware": false,
                        "Index Name": "keyword_id_movie_keyword",
                        "Startup Cost": 0.0,
                        "Total Cost": 4122.27,
                        "Plan Rows": 196511,
                        "Plan Width": 0,
                        "Actual Startup Time": 19.603,
                        "Actual Total Time": 19.604,
                        "Actual Rows": 195581,
                        "Actual Loops": 1,
                        "Index Cond": "(keyword_id > 69719)"
                      }
                    ]
                  },
                  {
                    "Node Type": "Hash",
                    "Parent Relationship": "Inner",
                    "Parallel Aware": true,
                    "Startup Cost": 54588.39,
                    "Total Cost": 54588.39,
                    "Plan Rows": 7337,
                    "Plan Width": 4,
                    "Actual Startup Time": 150.193,
                    "Actual Total Time": 150.194,
                    "Actual Rows": 6856,
                    "Actual Loops": 2,
                    "Hash Buckets": 16384,
                    "Original Hash Buckets": 16384,
                    "Hash Batches": 1,
                    "Original Hash Batches": 1,
                    "Peak Memory Usage": 704,
                    "Plans": [
                      {
                        "Node Type": "Seq Scan",
                        "Parent Relationship": "Outer",
                        "Parallel Aware": true,
                        "Relation Name": "title",
                        "Alias": "t",
                        "Startup Cost": 0.0,
                        "Total Cost": 54588.39,
                        "Plan Rows": 7337,
                        "Plan Width": 4,
                        "Actual Startup Time": 0.037,
                        "Actual Total Time": 147.29,
                        "Actual Rows": 6856,
                        "Actual Loops": 2,
                        "Filter": "(production_year = 1966)",
                        "Rows Removed by Filter": 1257300
                      }
                    ]
                  }
                ]
              }
            ]
          }
        ]
      }
    ]
  },
  "Planning Time": 0.454,
  "Triggers": [],
  "Execution Time": 264.515
}