[
    {
        "Bao": {
            "Bao prediction": "NaN",
            "Bao recommended hint": "(no hint)"
        }
    },
    {
        "Plan": {
            "Node Type": "Aggregate",
            "Strategy": "Plain",
            "Partial Mode": "Finalize",
            "Parallel Aware": false,
            "Startup Cost": 158193.06,
            "Total Cost": 158193.07,
            "Plan Rows": 1,
            "Plan Width": 8,
            "Actual Startup Time": 228.675,
            "Actual Total Time": 240.389,
            "Actual Rows": 1,
            "Actual Loops": 1,
            "Output": [
                "count(*)"
            ],
            "Plans": [
                {
                    "Node Type": "Gather",
                    "Parent Relationship": "Outer",
                    "Parallel Aware": false,
                    "Startup Cost": 158192.54,
                    "Total Cost": 158193.05,
                    "Plan Rows": 5,
                    "Plan Width": 8,
                    "Actual Startup Time": 228.582,
                    "Actual Total Time": 240.381,
                    "Actual Rows": 6,
                    "Actual Loops": 1,
                    "Output": [
                        "(PARTIAL count(*))"
                    ],
                    "Workers Planned": 5,
                    "Workers Launched": 5,
                    "Single Copy": false,
                    "Plans": [
                        {
                            "Node Type": "Aggregate",
                            "Strategy": "Plain",
                            "Partial Mode": "Partial",
                            "Parent Relationship": "Outer",
                            "Parallel Aware": false,
                            "Startup Cost": 157192.54,
                            "Total Cost": 157192.55,
                            "Plan Rows": 1,
                            "Plan Width": 8,
                            "Actual Startup Time": 218.557,
                            "Actual Total Time": 218.558,
                            "Actual Rows": 1,
                            "Actual Loops": 6,
                            "Output": [
                                "PARTIAL count(*)"
                            ],
                            "Workers": [
                                {
                                    "Worker Number": 0,
                                    "Actual Startup Time": 216.314,
                                    "Actual Total Time": 216.315,
                                    "Actual Rows": 1,
                                    "Actual Loops": 1
                                },
                                {
                                    "Worker Number": 1,
                                    "Actual Startup Time": 216.368,
                                    "Actual Total Time": 216.369,
                                    "Actual Rows": 1,
                                    "Actual Loops": 1
                                },
                                {
                                    "Worker Number": 2,
                                    "Actual Startup Time": 216.865,
                                    "Actual Total Time": 216.866,
                                    "Actual Rows": 1,
                                    "Actual Loops": 1
                                },
                                {
                                    "Worker Number": 3,
                                    "Actual Startup Time": 216.843,
                                    "Actual Total Time": 216.845,
                                    "Actual Rows": 1,
                                    "Actual Loops": 1
                                },
                                {
                                    "Worker Number": 4,
                                    "Actual Startup Time": 216.782,
                                    "Actual Total Time": 216.783,
                                    "Actual Rows": 1,
                                    "Actual Loops": 1
                                }
                            ],
                            "Plans": [
                                {
                                    "Node Type": "Index Scan",
                                    "Parent Relationship": "Outer",
                                    "Parallel Aware": true,
                                    "Scan Direction": "Forward",
                                    "Index Name": "role_id_cast_info",
                                    "Relation Name": "cast_info",
                                    "Schema": "public",
                                    "Alias": "ci",
                                    "Startup Cost": 0.56,
                                    "Total Cost": 154655.9,
                                    "Plan Rows": 1014652,
                                    "Plan Width": 0,
                                    "Actual Startup Time": 0.235,
                                    "Actual Total Time": 196.872,
                                    "Actual Rows": 425881,
                                    "Actual Loops": 6,
                                    "Output": [
                                        "id",
                                        "person_id",
                                        "movie_id",
                                        "person_role_id",
                                        "note",
                                        "nr_order",
                                        "role_id"
                                    ],
                                    "Index Cond": "(ci.role_id > 8)",
                                    "Rows Removed by Index Recheck": 0,
                                    "Filter": "(ci.person_id < 3361163)",
                                    "Rows Removed by Filter": 529568,
                                    "Workers": [
                                        {
                                            "Worker Number": 0,
                                            "Actual Startup Time": 0.153,
                                            "Actual Total Time": 195.143,
                                            "Actual Rows": 417262,
                                            "Actual Loops": 1
                                        },
                                        {
                                            "Worker Number": 1,
                                            "Actual Startup Time": 0.705,
                                            "Actual Total Time": 195.41,
                                            "Actual Rows": 423936,
                                            "Actual Loops": 1
                                        },
                                        {
                                            "Worker Number": 2,
                                            "Actual Startup Time": 0.149,
                                            "Actual Total Time": 196.008,
                                            "Actual Rows": 431585,
                                            "Actual Loops": 1
                                        },
                                        {
                                            "Worker Number": 3,
                                            "Actual Startup Time": 0.198,
                                            "Actual Total Time": 194.992,
                                            "Actual Rows": 289051,
                                            "Actual Loops": 1
                                        },
                                        {
                                            "Worker Number": 4,
                                            "Actual Startup Time": 0.17,
                                            "Actual Total Time": 195.413,
                                            "Actual Rows": 420097,
                                            "Actual Loops": 1
                                        }
                                    ]
                                }
                            ]
                        }
                    ]
                }
            ]
        },
        "Planning Time": 203.432,
        "Triggers": [],
        "Execution Time": 240.454
    }
]