[
  {
    "Plan": {
      "Node Type": "Aggregate",
      "Strategy": "Plain",
      "Partial Mode": "Finalize",
      "Parallel Aware": false,
      "Startup Cost": 86139.45,
      "Total Cost": 86139.46,
      "Plan Rows": 1,
      "Plan Width": 8,
      "Actual Startup Time": 210.683,
      "Actual Total Time": 224.832,
      "Actual Rows": 1,
      "Actual Loops": 1,
      "Plans": [
        {
          "Node Type": "Gather",
          "Parent Relationship": "Outer",
          "Parallel Aware": false,
          "Startup Cost": 86139.13,
          "Total Cost": 86139.44,
          "Plan Rows": 3,
          "Plan Width": 8,
          "Actual Startup Time": 208.305,
          "Actual Total Time": 224.823,
          "Actual Rows": 4,
          "Actual Loops": 1,
          "Workers Planned": 3,
          "Workers Launched": 3,
          "Single Copy": false,
          "Plans": [
            {
              "Node Type": "Aggregate",
              "Strategy": "Plain",
              "Partial Mode": "Partial",
              "Parent Relationship": "Outer",
              "Parallel Aware": false,
              "Startup Cost": 85139.13,
              "Total Cost": 85139.14,
              "Plan Rows": 1,
              "Plan Width": 8,
              "Actual Startup Time": 201.224,
              "Actual Total Time": 201.228,
              "Actual Rows": 1,
              "Actual Loops": 4,
              "Plans": [
                {
                  "Node Type": "Nested Loop",
                  "Parent Relationship": "Outer",
                  "Parallel Aware": false,
                  "Join Type": "Inner",
                  "Startup Cost": 51811.58,
                  "Total Cost": 85111.55,
                  "Plan Rows": 11032,
                  "Plan Width": 0,
                  "Actual Startup Time": 167.572,
                  "Actual Total Time": 200.525,
                  "Actual Rows": 13322,
                  "Actual Loops": 4,
                  "Inner Unique": false,
                  "Plans": [
                    {
                      "Node Type": "Hash Join",
                      "Parent Relationship": "Outer",
                      "Parallel Aware": true,
                      "Join Type": "Inner",
                      "Startup Cost": 51811.14,
                      "Total Cost": 71842.6,
                      "Plan Rows": 6165,
                      "Plan Width": 8,
                      "Actual Startup Time": 167.509,
                      "Actual Total Time": 182.146,
                      "Actual Rows": 2192,
                      "Actual Loops": 4,
                      "Inner Unique": true,
                      "Hash Cond": "(mc.movie_id = t.id)",
                      "Plans": [
                        {
                          "Node Type": "Bitmap Heap Scan",
                          "Parent Relationship": "Outer",
                          "Parallel Aware": true,
                          "Relation Name": "movie_companies",
                          "Alias": "mc",
                          "Startup Cost": 5076.81,
                          "Total Cost": 25006.35,
                          "Plan Rows": 38825,
                          "Plan Width": 4,
                          "Actual Startup Time": 31.916,
                          "Actual Total Time": 40.338,
                          "Actual Rows": 13268,
                          "Actual Loops": 4,
                          "Recheck Cond": "(company_id < 92)",
                          "Rows Removed by Index Recheck": 0,
                          "Filter": "(company_type_id = 2)",
                          "Rows Removed by Filter": 44134,
                          "Exact Heap Blocks": 7684,
                          "Lossy Heap Blocks": 0,
                          "Plans": [
                            {
                              "Node Type": "Bitmap Index Scan",
                              "Parent Relationship": "Outer",
                              "Parallel Aware": false,
                              "Index Name": "company_id_movie_companies",
                              "Startup Cost": 0.0,
                              "Total Cost": 5046.72,
                              "Plan Rows": 235505,
                              "Plan Width": 0,
                              "Actual Startup Time": 9.955,
                              "Actual Total Time": 9.956,
                              "Actual Rows": 229604,
                              "Actual Loops": 1,
                              "Index Cond": "(company_id < 92)"
                            }
                          ]
                        },
                        {
                          "Node Type": "Hash",
                          "Parent Relationship": "Inner",
                          "Parallel Aware": true,
                          "Startup Cost": 45479.59,
                          "Total Cost": 45479.59,
                          "Plan Rows": 100380,
                          "Plan Width": 4,
                          "Actual Startup Time": 133.553,
                          "Actual Total Time": 133.554,
                          "Actual Rows": 119421,
                          "Actual Loops": 4,
                          "Hash Buckets": 524288,
                          "Original Hash Buckets": 524288,
                          "Hash Batches": 1,
                          "Original Hash Batches": 1,
                          "Peak Memory Usage": 22848,
                          "Plans": [
                            {
                              "Node Type": "Seq Scan",
                              "Parent Relationship": "Outer",
                              "Parallel Aware": true,
                              "Relation Name": "title",
                              "Alias": "t",
                              "Startup Cost": 0.0,
                              "Total Cost": 45479.59,
                              "Plan Rows": 100380,
                              "Plan Width": 4,
                              "Actual Startup Time": 0.044,
                              "Actual Total Time": 99.394,
                              "Actual Rows": 119421,
                              "Actual Loops": 4,
                              "Filter": "((kind_id < 3) AND (production_year < 2005))",
                              "Rows Removed by Filter": 512657
                            }
                          ]
                        }
                      ]
                    },
                    {
                      "Node Type": "Index Only Scan",
                      "Parent Relationship": "Inner",
                      "Parallel Aware": false,
                      "Scan Direction": "Forward",
                      "Index Name": "movie_id_movie_keyword",
                      "Relation Name": "movie_keyword",
                      "Alias": "mk",
                      "Startup Cost": 0.43,
                      "Total Cost": 1.69,
                      "Plan Rows": 46,
                      "Plan Width": 4,
                      "Actual Startup Time": 0.007,
                      "Actual Total Time": 0.008,
                      "Actual Rows": 6,
                      "Actual Loops": 8768,
                      "Index Cond": "(movie_id = t.id)",
                      "Rows Removed by Index Recheck": 0,
                      "Heap Fetches": 53286
                    }
                  ]
                }
              ]
            }
          ]
        }
      ]
    },
    "Planning Time": 0.844,
    "Triggers": [],
    "Execution Time": 224.9
  }
]