[
    {
        "Bao": {
            "Bao prediction": 459.812,
            "Bao recommended hint": "SET enable_mergejoin TO off; "
        }
    },
    {
        "Plan": {
            "Node Type": "Aggregate",
            "Strategy": "Plain",
            "Partial Mode": "Finalize",
            "Parallel Aware": false,
            "Startup Cost": 31099.49,
            "Total Cost": 31099.5,
            "Plan Rows": 1,
            "Plan Width": 8,
            "Actual Startup Time": 112.29,
            "Actual Total Time": 120.548,
            "Actual Rows": 1,
            "Actual Loops": 1,
            "Output": [
                "count(*)"
            ],
            "Plans": [
                {
                    "Node Type": "Gather",
                    "Parent Relationship": "Outer",
                    "Parallel Aware": false,
                    "Startup Cost": 31099.17,
                    "Total Cost": 31099.48,
                    "Plan Rows": 3,
                    "Plan Width": 8,
                    "Actual Startup Time": 112.177,
                    "Actual Total Time": 120.541,
                    "Actual Rows": 4,
                    "Actual Loops": 1,
                    "Output": [
                        "(PARTIAL count(*))"
                    ],
                    "Workers Planned": 3,
                    "Workers Launched": 3,
                    "Single Copy": false,
                    "Plans": [
                        {
                            "Node Type": "Aggregate",
                            "Strategy": "Plain",
                            "Partial Mode": "Partial",
                            "Parent Relationship": "Outer",
                            "Parallel Aware": false,
                            "Startup Cost": 30099.17,
                            "Total Cost": 30099.18,
                            "Plan Rows": 1,
                            "Plan Width": 8,
                            "Actual Startup Time": 104.376,
                            "Actual Total Time": 104.377,
                            "Actual Rows": 1,
                            "Actual Loops": 4,
                            "Output": [
                                "PARTIAL count(*)"
                            ],
                            "Workers": [
                                {
                                    "Worker Number": 0,
                                    "Actual Startup Time": 101.549,
                                    "Actual Total Time": 101.55,
                                    "Actual Rows": 1,
                                    "Actual Loops": 1
                                },
                                {
                                    "Worker Number": 1,
                                    "Actual Startup Time": 102.046,
                                    "Actual Total Time": 102.047,
                                    "Actual Rows": 1,
                                    "Actual Loops": 1
                                },
                                {
                                    "Worker Number": 2,
                                    "Actual Startup Time": 102.338,
                                    "Actual Total Time": 102.339,
                                    "Actual Rows": 1,
                                    "Actual Loops": 1
                                }
                            ],
                            "Plans": [
                                {
                                    "Node Type": "Seq Scan",
                                    "Parent Relationship": "Outer",
                                    "Parallel Aware": true,
                                    "Relation Name": "movie_companies",
                                    "Schema": "public",
                                    "Alias": "mc",
                                    "Startup Cost": 0.0,
                                    "Total Cost": 29310.68,
                                    "Plan Rows": 315395,
                                    "Plan Width": 0,
                                    "Actual Startup Time": 24.177,
                                    "Actual Total Time": 90.305,
                                    "Actual Rows": 245310,
                                    "Actual Loops": 4,
                                    "Output": [
                                        "id",
                                        "movie_id",
                                        "company_id",
                                        "company_type_id",
                                        "note"
                                    ],
                                    "Filter": "(mc.company_id > 17386)",
                                    "Rows Removed by Filter": 406972,
                                    "Workers": [
                                        {
                                            "Worker Number": 0,
                                            "Actual Startup Time": 21.359,
                                            "Actual Total Time": 87.78,
                                            "Actual Rows": 200307,
                                            "Actual Loops": 1
                                        },
                                        {
                                            "Worker Number": 1,
                                            "Actual Startup Time": 21.832,
                                            "Actual Total Time": 88.052,
                                            "Actual Rows": 202183,
                                            "Actual Loops": 1
                                        },
                                        {
                                            "Worker Number": 2,
                                            "Actual Startup Time": 22.143,
                                            "Actual Total Time": 88.405,
                                            "Actual Rows": 200490,
                                            "Actual Loops": 1
                                        }
                                    ]
                                }
                            ]
                        }
                    ]
                }
            ]
        },
        "Planning Time": 814.045,
        "Triggers": [],
        "Execution Time": 120.643
    }
]