[
  {
    "Plan": {
      "Node Type": "Aggregate",
      "Strategy": "Plain",
      "Partial Mode": "Finalize",
      "Parallel Aware": false,
      "Startup Cost": 32992.95,
      "Total Cost": 32992.96,
      "Plan Rows": 1,
      "Plan Width": 8,
      "Actual Startup Time": 108.743,
      "Actual Total Time": 116.981,
      "Actual Rows": 1,
      "Actual Loops": 1,
      "Plans": [
        {
          "Node Type": "Gather",
          "Parent Relationship": "Outer",
          "Parallel Aware": false,
          "Startup Cost": 32992.64,
          "Total Cost": 32992.95,
          "Plan Rows": 3,
          "Plan Width": 8,
          "Actual Startup Time": 108.655,
          "Actual Total Time": 116.971,
          "Actual Rows": 4,
          "Actual Loops": 1,
          "Workers Planned": 3,
          "Workers Launched": 3,
          "Single Copy": false,
          "Plans": [
            {
              "Node Type": "Aggregate",
              "Strategy": "Plain",
              "Partial Mode": "Partial",
              "Parent Relationship": "Outer",
              "Parallel Aware": false,
              "Startup Cost": 31992.64,
              "Total Cost": 31992.65,
              "Plan Rows": 1,
              "Plan Width": 8,
              "Actual Startup Time": 100.125,
              "Actual Total Time": 100.126,
              "Actual Rows": 1,
              "Actual Loops": 4,
              "Plans": [
                {
                  "Node Type": "Seq Scan",
                  "Parent Relationship": "Outer",
                  "Parallel Aware": true,
                  "Relation Name": "movie_companies",
                  "Alias": "mc",
                  "Startup Cost": 0.0,
                  "Total Cost": 31414.82,
                  "Plan Rows": 231127,
                  "Plan Width": 0,
                  "Actual Startup Time": 0.048,
                  "Actual Total Time": 84.622,
                  "Actual Rows": 247030,
                  "Actual Loops": 4,
                  "Filter": "((company_id < 13043) AND (company_type_id = 1))",
                  "Rows Removed by Filter": 405252
                }
              ]
            }
          ]
        }
      ]
    },
    "Planning Time": 0.222,
    "Triggers": [],
    "Execution Time": 117.04
  }
]