{
  "Plan": {
    "Node Type": "Aggregate",
    "Strategy": "Plain",
    "Partial Mode": "Finalize",
    "Parallel Aware": false,
    "Startup Cost": 331039.3,
    "Total Cost": 331039.31,
    "Plan Rows": 1,
    "Plan Width": 8,
    "Actual Startup Time": 1667.98,
    "Actual Total Time": 1717.989,
    "Actual Rows": 1,
    "Actual Loops": 1,
    "Plans": [
      {
        "Node Type": "Gather",
        "Parent Relationship": "Outer",
        "Parallel Aware": false,
        "Startup Cost": 331039.19,
        "Total Cost": 331039.3,
        "Plan Rows": 1,
        "Plan Width": 8,
        "Actual Startup Time": 1667.555,
        "Actual Total Time": 1717.981,
        "Actual Rows": 2,
        "Actual Loops": 1,
        "Workers Planned": 1,
        "Workers Launched": 1,
        "Single Copy": false,
        "Plans": [
          {
            "Node Type": "Aggregate",
            "Strategy": "Plain",
            "Partial Mode": "Partial",
            "Parent Relationship": "Outer",
            "Parallel Aware": false,
            "Startup Cost": 330039.19,
            "Total Cost": 330039.2,
            "Plan Rows": 1,
            "Plan Width": 8,
            "Actual Startup Time": 1663.711,
            "Actual Total Time": 1663.716,
            "Actual Rows": 1,
            "Actual Loops": 2,
            "Plans": [
              {
                "Node Type": "Hash Join",
                "Parent Relationship": "Outer",
                "Parallel Aware": true,
                "Join Type": "Inner",
                "Startup Cost": 39350.03,
                "Total Cost": 329297.86,
                "Plan Rows": 296531,
                "Plan Width": 0,
                "Actual Startup Time": 87.053,
                "Actual Total Time": 1646.108,
                "Actual Rows": 352766,
                "Actual Loops": 2,
                "Inner Unique": true,
                "Hash Cond": "(mi.movie_id = t.id)",
                "Plans": [
                  {
                    "Node Type": "Seq Scan",
                    "Parent Relationship": "Outer",
                    "Parallel Aware": true,
                    "Relation Name": "movie_info",
                    "Alias": "mi",
                    "Startup Cost": 0.0,
                    "Total Cost": 270696.42,
                    "Plan Rows": 7333858,
                    "Plan Width": 4,
                    "Actual Startup Time": 0.013,
                    "Actual Total Time": 873.442,
                    "Actual Rows": 6300935,
                    "Actual Loops": 2,
                    "Filter": "(info_type_id < 17)",
                    "Rows Removed by Filter": 1116925
                  },
                  {
                    "Node Type": "Hash",
                    "Parent Relationship": "Inner",
                    "Parallel Aware": true,
                    "Startup Cost": 38598.36,
                    "Total Cost": 38598.36,
                    "Plan Rows": 60134,
                    "Plan Width": 4,
                    "Actual Startup Time": 60.578,
                    "Actual Total Time": 60.58,
                    "Actual Rows": 50268,
                    "Actual Loops": 2,
                    "Hash Buckets": 131072,
                    "Original Hash Buckets": 131072,
                    "Hash Batches": 1,
                    "Original Hash Batches": 1,
                    "Peak Memory Usage": 4992,
                    "Plans": [
                      {
                        "Node Type": "Bitmap Heap Scan",
                        "Parent Relationship": "Outer",
                        "Parallel Aware": true,
                        "Relation Name": "title",
                        "Alias": "t",
                        "Startup Cost": 1848.69,
                        "Total Cost": 38598.36,
                        "Plan Rows": 60134,
                        "Plan Width": 4,
                        "Actual Startup Time": 13.69,
                        "Actual Total Time": 48.502,
                        "Actual Rows": 50268,
                        "Actual Loops": 2,
                        "Recheck Cond": "(kind_id = 3)",
                        "Rows Removed by Index Recheck": 0,
                        "Exact Heap Blocks": 10481,
                        "Lossy Heap Blocks": 0,
                        "Plans": [
                          {
                            "Node Type": "Bitmap Index Scan",
                            "Parent Relationship": "Outer",
                            "Parallel Aware": false,
                            "Index Name": "kind_id_title",
                            "Startup Cost": 0.0,
                            "Total Cost": 1823.13,
                            "Plan Rows": 102227,
                            "Plan Width": 0,
                            "Actual Startup Time": 11.511,
                            "Actual Total Time": 11.511,
                            "Actual Rows": 100537,
                            "Actual Loops": 1,
                            "Index Cond": "(kind_id = 3)"
                          }
                        ]
                      }
                    ]
                  }
                ]
              }
            ]
          }
        ]
      }
    ]
  },
  "Planning Time": 0.512,
  "Triggers": [],
  "Execution Time": 1718.079
}