[
  {
    "Plan": {
      "Node Type": "Aggregate",
      "Strategy": "Plain",
      "Partial Mode": "Finalize",
      "Parallel Aware": false,
      "Startup Cost": 79332.25,
      "Total Cost": 79332.26,
      "Plan Rows": 1,
      "Plan Width": 8,
      "Actual Startup Time": 330.112,
      "Actual Total Time": 345.762,
      "Actual Rows": 1,
      "Actual Loops": 1,
      "Plans": [
        {
          "Node Type": "Gather",
          "Parent Relationship": "Outer",
          "Parallel Aware": false,
          "Startup Cost": 79331.94,
          "Total Cost": 79332.25,
          "Plan Rows": 3,
          "Plan Width": 8,
          "Actual Startup Time": 327.264,
          "Actual Total Time": 345.754,
          "Actual Rows": 4,
          "Actual Loops": 1,
          "Workers Planned": 3,
          "Workers Launched": 3,
          "Single Copy": false,
          "Plans": [
            {
              "Node Type": "Aggregate",
              "Strategy": "Plain",
              "Partial Mode": "Partial",
              "Parent Relationship": "Outer",
              "Parallel Aware": false,
              "Startup Cost": 78331.94,
              "Total Cost": 78331.95,
              "Plan Rows": 1,
              "Plan Width": 8,
              "Actual Startup Time": 320.843,
              "Actual Total Time": 320.847,
              "Actual Rows": 1,
              "Actual Loops": 4,
              "Plans": [
                {
                  "Node Type": "Hash Join",
                  "Parent Relationship": "Outer",
                  "Parallel Aware": true,
                  "Join Type": "Inner",
                  "Startup Cost": 46657.34,
                  "Total Cost": 78038.07,
                  "Plan Rows": 117546,
                  "Plan Width": 0,
                  "Actual Startup Time": 162.703,
                  "Actual Total Time": 311.351,
                  "Actual Rows": 236057,
                  "Actual Loops": 4,
                  "Inner Unique": true,
                  "Hash Cond": "(mc.movie_id = t.id)",
                  "Plans": [
                    {
                      "Node Type": "Seq Scan",
                      "Parent Relationship": "Outer",
                      "Parallel Aware": true,
                      "Relation Name": "movie_companies",
                      "Alias": "mc",
                      "Startup Cost": 0.0,
                      "Total Cost": 29310.68,
                      "Plan Rows": 788592,
                      "Plan Width": 4,
                      "Actual Startup Time": 0.017,
                      "Actual Total Time": 71.628,
                      "Actual Rows": 611755,
                      "Actual Loops": 4,
                      "Filter": "(company_id > 27)",
                      "Rows Removed by Filter": 40528
                    },
                    {
                      "Node Type": "Hash",
                      "Parent Relationship": "Inner",
                      "Parallel Aware": true,
                      "Startup Cost": 45479.59,
                      "Total Cost": 45479.59,
                      "Plan Rows": 94220,
                      "Plan Width": 4,
                      "Actual Startup Time": 133.66,
                      "Actual Total Time": 133.661,
                      "Actual Rows": 110007,
                      "Actual Loops": 4,
                      "Hash Buckets": 524288,
                      "Original Hash Buckets": 524288,
                      "Hash Batches": 1,
                      "Original Hash Batches": 1,
                      "Peak Memory Usage": 21376,
                      "Plans": [
                        {
                          "Node Type": "Seq Scan",
                          "Parent Relationship": "Outer",
                          "Parallel Aware": true,
                          "Relation Name": "title",
                          "Alias": "t",
                          "Startup Cost": 0.0,
                          "Total Cost": 45479.59,
                          "Plan Rows": 94220,
                          "Plan Width": 4,
                          "Actual Startup Time": 55.389,
                          "Actual Total Time": 97.165,
                          "Actual Rows": 110007,
                          "Actual Loops": 4,
                          "Filter": "((kind_id < 2) AND (production_year < 2006))",
                          "Rows Removed by Filter": 522071
                        }
                      ]
                    }
                  ]
                }
              ]
            }
          ]
        }
      ]
    },
    "Planning Time": 0.777,
    "Triggers": [],
    "Execution Time": 345.83
  }
]