[
  {
    "Plan": {
      "Node Type": "Aggregate",
      "Strategy": "Plain",
      "Partial Mode": "Finalize",
      "Parallel Aware": false,
      "Startup Cost": 24047.21,
      "Total Cost": 24047.22,
      "Plan Rows": 1,
      "Plan Width": 8,
      "Actual Startup Time": 28.013,
      "Actual Total Time": 31.534,
      "Actual Rows": 1,
      "Actual Loops": 1,
      "Plans": [
        {
          "Node Type": "Gather",
          "Parent Relationship": "Outer",
          "Parallel Aware": false,
          "Startup Cost": 24046.89,
          "Total Cost": 24047.2,
          "Plan Rows": 3,
          "Plan Width": 8,
          "Actual Startup Time": 27.849,
          "Actual Total Time": 31.529,
          "Actual Rows": 4,
          "Actual Loops": 1,
          "Workers Planned": 3,
          "Workers Launched": 3,
          "Single Copy": false,
          "Plans": [
            {
              "Node Type": "Aggregate",
              "Strategy": "Plain",
              "Partial Mode": "Partial",
              "Parent Relationship": "Outer",
              "Parallel Aware": false,
              "Startup Cost": 23046.89,
              "Total Cost": 23046.9,
              "Plan Rows": 1,
              "Plan Width": 8,
              "Actual Startup Time": 23.935,
              "Actual Total Time": 23.936,
              "Actual Rows": 1,
              "Actual Loops": 4,
              "Plans": [
                {
                  "Node Type": "Bitmap Heap Scan",
                  "Parent Relationship": "Outer",
                  "Parallel Aware": true,
                  "Relation Name": "movie_companies",
                  "Alias": "mc",
                  "Startup Cost": 3480.29,
                  "Total Cost": 22917.46,
                  "Plan Rows": 51774,
                  "Plan Width": 0,
                  "Actual Startup Time": 5.598,
                  "Actual Total Time": 21.666,
                  "Actual Rows": 39106,
                  "Actual Loops": 4,
                  "Recheck Cond": "(company_id > 129330)",
                  "Rows Removed by Index Recheck": 0,
                  "Exact Heap Blocks": 1692,
                  "Lossy Heap Blocks": 0,
                  "Plans": [
                    {
                      "Node Type": "Bitmap Index Scan",
                      "Parent Relationship": "Outer",
                      "Parallel Aware": false,
                      "Index Name": "company_id_movie_companies",
                      "Startup Cost": 0.0,
                      "Total Cost": 3440.16,
                      "Plan Rows": 160498,
                      "Plan Width": 0,
                      "Actual Startup Time": 8.261,
                      "Actual Total Time": 8.261,
                      "Actual Rows": 156425,
                      "Actual Loops": 1,
                      "Index Cond": "(company_id > 129330)"
                    }
                  ]
                }
              ]
            }
          ]
        }
      ]
    },
    "Planning Time": 0.088,
    "Triggers": [],
    "Execution Time": 31.567
  }
]