[
  {
    "Plan": {
      "Node Type": "Aggregate",
      "Strategy": "Plain",
      "Partial Mode": "Finalize",
      "Parallel Aware": false,
      "Startup Cost": 372751.32,
      "Total Cost": 372751.33,
      "Plan Rows": 1,
      "Plan Width": 8,
      "Actual Startup Time": 848.017,
      "Actual Total Time": 912.182,
      "Actual Rows": 1,
      "Actual Loops": 1,
      "Plans": [
        {
          "Node Type": "Gather",
          "Parent Relationship": "Outer",
          "Parallel Aware": false,
          "Startup Cost": 372750.7,
          "Total Cost": 372751.31,
          "Plan Rows": 6,
          "Plan Width": 8,
          "Actual Startup Time": 847.383,
          "Actual Total Time": 912.169,
          "Actual Rows": 7,
          "Actual Loops": 1,
          "Workers Planned": 6,
          "Workers Launched": 6,
          "Single Copy": false,
          "Plans": [
            {
              "Node Type": "Aggregate",
              "Strategy": "Plain",
              "Partial Mode": "Partial",
              "Parent Relationship": "Outer",
              "Parallel Aware": false,
              "Startup Cost": 371750.7,
              "Total Cost": 371750.71,
              "Plan Rows": 1,
              "Plan Width": 8,
              "Actual Startup Time": 837.188,
              "Actual Total Time": 837.191,
              "Actual Rows": 1,
              "Actual Loops": 7,
              "Plans": [
                {
                  "Node Type": "Hash Join",
                  "Parent Relationship": "Outer",
                  "Parallel Aware": true,
                  "Join Type": "Inner",
                  "Startup Cost": 38517.37,
                  "Total Cost": 371579.58,
                  "Plan Rows": 68449,
                  "Plan Width": 0,
                  "Actual Startup Time": 54.421,
                  "Actual Total Time": 832.578,
                  "Actual Rows": 89994,
                  "Actual Loops": 7,
                  "Inner Unique": true,
                  "Hash Cond": "(ci.movie_id = t.id)",
                  "Plans": [
                    {
                      "Node Type": "Seq Scan",
                      "Parent Relationship": "Outer",
                      "Parallel Aware": true,
                      "Relation Name": "cast_info",
                      "Alias": "ci",
                      "Startup Cost": 0.0,
                      "Total Cost": 328162.03,
                      "Plan Rows": 1866730,
                      "Plan Width": 4,
                      "Actual Startup Time": 0.02,
                      "Actual Total Time": 552.138,
                      "Actual Rows": 1601813,
                      "Actual Loops": 7,
                      "Filter": "(person_id < 1100407)",
                      "Rows Removed by Filter": 3575950
                    },
                    {
                      "Node Type": "Hash",
                      "Parent Relationship": "Inner",
                      "Parallel Aware": true,
                      "Startup Cost": 38227.66,
                      "Total Cost": 38227.66,
                      "Plan Rows": 23177,
                      "Plan Width": 4,
                      "Actual Startup Time": 53.175,
                      "Actual Total Time": 53.177,
                      "Actual Rows": 14280,
                      "Actual Loops": 7,
                      "Hash Buckets": 131072,
                      "Original Hash Buckets": 131072,
                      "Hash Batches": 1,
                      "Original Hash Batches": 1,
                      "Peak Memory Usage": 5056,
                      "Plans": [
                        {
                          "Node Type": "Bitmap Heap Scan",
                          "Parent Relationship": "Outer",
                          "Parallel Aware": true,
                          "Relation Name": "title",
                          "Alias": "t",
                          "Startup Cost": 1846.31,
                          "Total Cost": 38227.66,
                          "Plan Rows": 23177,
                          "Plan Width": 4,
                          "Actual Startup Time": 13.101,
                          "Actual Total Time": 45.694,
                          "Actual Rows": 14280,
                          "Actual Loops": 7,
                          "Recheck Cond": "(kind_id = 3)",
                          "Rows Removed by Index Recheck": 0,
                          "Filter": "(production_year > 1950)",
                          "Rows Removed by Filter": 83,
                          "Exact Heap Blocks": 4870,
                          "Lossy Heap Blocks": 0,
                          "Plans": [
                            {
                              "Node Type": "Bitmap Index Scan",
                              "Parent Relationship": "Outer",
                              "Parallel Aware": false,
                              "Index Name": "kind_id_title",
                              "Startup Cost": 0.0,
                              "Total Cost": 1823.13,
                              "Plan Rows": 102227,
                              "Plan Width": 0,
                              "Actual Startup Time": 13.388,
                              "Actual Total Time": 13.389,
                              "Actual Rows": 100537,
                              "Actual Loops": 1,
                              "Index Cond": "(kind_id = 3)"
                            }
                          ]
                        }
                      ]
                    }
                  ]
                }
              ]
            }
          ]
        }
      ]
    },
    "Planning Time": 0.631,
    "Triggers": [],
    "Execution Time": 912.305
  }
]