[
  {
    "Plan": {
      "Node Type": "Aggregate",
      "Strategy": "Plain",
      "Partial Mode": "Simple",
      "Parallel Aware": false,
      "Startup Cost": 3434.23,
      "Total Cost": 3434.24,
      "Plan Rows": 1,
      "Plan Width": 8,
      "Actual Startup Time": 30.293,
      "Actual Total Time": 30.294,
      "Actual Rows": 1,
      "Actual Loops": 1,
      "Plans": [
        {
          "Node Type": "Nested Loop",
          "Parent Relationship": "Outer",
          "Parallel Aware": false,
          "Join Type": "Inner",
          "Startup Cost": 7.32,
          "Total Cost": 3433.84,
          "Plan Rows": 158,
          "Plan Width": 0,
          "Actual Startup Time": 0.255,
          "Actual Total Time": 30.243,
          "Actual Rows": 444,
          "Actual Loops": 1,
          "Inner Unique": false,
          "Plans": [
            {
              "Node Type": "Nested Loop",
              "Parent Relationship": "Outer",
              "Parallel Aware": false,
              "Join Type": "Inner",
              "Startup Cost": 6.75,
              "Total Cost": 2957.89,
              "Plan Rows": 244,
              "Plan Width": 8,
              "Actual Startup Time": 0.131,
              "Actual Total Time": 2.614,
              "Actual Rows": 434,
              "Actual Loops": 1,
              "Inner Unique": true,
              "Plans": [
                {
                  "Node Type": "Bitmap Heap Scan",
                  "Parent Relationship": "Outer",
                  "Parallel Aware": false,
                  "Relation Name": "movie_keyword",
                  "Alias": "mk",
                  "Startup Cost": 6.32,
                  "Total Cost": 908.7,
                  "Plan Rows": 244,
                  "Plan Width": 4,
                  "Actual Startup Time": 0.119,
                  "Actual Total Time": 0.723,
                  "Actual Rows": 434,
                  "Actual Loops": 1,
                  "Recheck Cond": "(keyword_id = 493)",
                  "Rows Removed by Index Recheck": 0,
                  "Exact Heap Blocks": 412,
                  "Lossy Heap Blocks": 0,
                  "Plans": [
                    {
                      "Node Type": "Bitmap Index Scan",
                      "Parent Relationship": "Outer",
                      "Parallel Aware": false,
                      "Index Name": "keyword_id_movie_keyword",
                      "Startup Cost": 0.0,
                      "Total Cost": 6.26,
                      "Plan Rows": 244,
                      "Plan Width": 0,
                      "Actual Startup Time": 0.06,
                      "Actual Total Time": 0.06,
                      "Actual Rows": 434,
                      "Actual Loops": 1,
                      "Index Cond": "(keyword_id = 493)"
                    }
                  ]
                },
                {
                  "Node Type": "Index Only Scan",
                  "Parent Relationship": "Inner",
                  "Parallel Aware": false,
                  "Scan Direction": "Forward",
                  "Index Name": "title_pkey",
                  "Relation Name": "title",
                  "Alias": "t",
                  "Startup Cost": 0.43,
                  "Total Cost": 8.4,
                  "Plan Rows": 1,
                  "Plan Width": 4,
                  "Actual Startup Time": 0.004,
                  "Actual Total Time": 0.004,
                  "Actual Rows": 1,
                  "Actual Loops": 434,
                  "Index Cond": "(id = mk.movie_id)",
                  "Rows Removed by Index Recheck": 0,
                  "Heap Fetches": 434
                }
              ]
            },
            {
              "Node Type": "Index Scan",
              "Parent Relationship": "Inner",
              "Parallel Aware": false,
              "Scan Direction": "Forward",
              "Index Name": "movie_id_cast_info",
              "Relation Name": "cast_info",
              "Alias": "ci",
              "Startup Cost": 0.56,
              "Total Cost": 1.93,
              "Plan Rows": 2,
              "Plan Width": 4,
              "Actual Startup Time": 0.048,
              "Actual Total Time": 0.063,
              "Actual Rows": 1,
              "Actual Loops": 434,
              "Index Cond": "(movie_id = t.id)",
              "Rows Removed by Index Recheck": 0,
              "Filter": "(role_id = 8)",
              "Rows Removed by Filter": 63
            }
          ]
        }
      ]
    },
    "Planning Time": 0.579,
    "Triggers": [],
    "Execution Time": 30.332
  }
]