[
  {
    "Plan": {
      "Node Type": "Aggregate",
      "Strategy": "Plain",
      "Partial Mode": "Finalize",
      "Parallel Aware": false,
      "Startup Cost": 331250.54,
      "Total Cost": 331250.55,
      "Plan Rows": 1,
      "Plan Width": 8,
      "Actual Startup Time": 576.09,
      "Actual Total Time": 632.243,
      "Actual Rows": 1,
      "Actual Loops": 1,
      "Plans": [
        {
          "Node Type": "Gather",
          "Parent Relationship": "Outer",
          "Parallel Aware": false,
          "Startup Cost": 331249.91,
          "Total Cost": 331250.52,
          "Plan Rows": 6,
          "Plan Width": 8,
          "Actual Startup Time": 575.979,
          "Actual Total Time": 632.233,
          "Actual Rows": 7,
          "Actual Loops": 1,
          "Workers Planned": 6,
          "Workers Launched": 6,
          "Single Copy": false,
          "Plans": [
            {
              "Node Type": "Aggregate",
              "Strategy": "Plain",
              "Partial Mode": "Partial",
              "Parent Relationship": "Outer",
              "Parallel Aware": false,
              "Startup Cost": 330249.91,
              "Total Cost": 330249.92,
              "Plan Rows": 1,
              "Plan Width": 8,
              "Actual Startup Time": 567.567,
              "Actual Total Time": 567.568,
              "Actual Rows": 1,
              "Actual Loops": 7,
              "Plans": [
                {
                  "Node Type": "Seq Scan",
                  "Parent Relationship": "Outer",
                  "Parallel Aware": true,
                  "Relation Name": "cast_info",
                  "Alias": "ci",
                  "Startup Cost": 0.0,
                  "Total Cost": 328162.03,
                  "Plan Rows": 835154,
                  "Plan Width": 0,
                  "Actual Startup Time": 382.313,
                  "Actual Total Time": 538.355,
                  "Actual Rows": 690992,
                  "Actual Loops": 7,
                  "Filter": "(person_id > 3191844)",
                  "Rows Removed by Filter": 4486771
                }
              ]
            }
          ]
        }
      ]
    },
    "Planning Time": 0.204,
    "Triggers": [],
    "Execution Time": 632.318
  }
]