[
  {
    "Plan": {
      "Node Type": "Aggregate",
      "Strategy": "Plain",
      "Partial Mode": "Finalize",
      "Parallel Aware": false,
      "Startup Cost": 22228.63,
      "Total Cost": 22228.64,
      "Plan Rows": 1,
      "Plan Width": 8,
      "Actual Startup Time": 18.662,
      "Actual Total Time": 23.281,
      "Actual Rows": 1,
      "Actual Loops": 1,
      "Plans": [
        {
          "Node Type": "Gather",
          "Parent Relationship": "Outer",
          "Parallel Aware": false,
          "Startup Cost": 22228.41,
          "Total Cost": 22228.62,
          "Plan Rows": 2,
          "Plan Width": 8,
          "Actual Startup Time": 18.551,
          "Actual Total Time": 23.276,
          "Actual Rows": 3,
          "Actual Loops": 1,
          "Workers Planned": 2,
          "Workers Launched": 2,
          "Single Copy": false,
          "Plans": [
            {
              "Node Type": "Aggregate",
              "Strategy": "Plain",
              "Partial Mode": "Partial",
              "Parent Relationship": "Outer",
              "Parallel Aware": false,
              "Startup Cost": 21228.41,
              "Total Cost": 21228.42,
              "Plan Rows": 1,
              "Plan Width": 8,
              "Actual Startup Time": 15.471,
              "Actual Total Time": 15.472,
              "Actual Rows": 1,
              "Actual Loops": 3,
              "Plans": [
                {
                  "Node Type": "Nested Loop",
                  "Parent Relationship": "Outer",
                  "Parallel Aware": false,
                  "Join Type": "Inner",
                  "Startup Cost": 123.95,
                  "Total Cost": 21225.53,
                  "Plan Rows": 1152,
                  "Plan Width": 0,
                  "Actual Startup Time": 0.946,
                  "Actual Total Time": 15.35,
                  "Actual Rows": 1151,
                  "Actual Loops": 3,
                  "Inner Unique": true,
                  "Plans": [
                    {
                      "Node Type": "Bitmap Heap Scan",
                      "Parent Relationship": "Outer",
                      "Parallel Aware": true,
                      "Relation Name": "movie_companies",
                      "Alias": "mc",
                      "Startup Cost": 123.52,
                      "Total Cost": 12275.9,
                      "Plan Rows": 1152,
                      "Plan Width": 4,
                      "Actual Startup Time": 0.862,
                      "Actual Total Time": 6.413,
                      "Actual Rows": 1151,
                      "Actual Loops": 3,
                      "Recheck Cond": "(company_id = 475)",
                      "Rows Removed by Index Recheck": 0,
                      "Filter": "(company_type_id < 2)",
                      "Rows Removed by Filter": 542,
                      "Exact Heap Blocks": 2697,
                      "Lossy Heap Blocks": 0,
                      "Plans": [
                        {
                          "Node Type": "Bitmap Index Scan",
                          "Parent Relationship": "Outer",
                          "Parallel Aware": false,
                          "Index Name": "company_id_movie_companies",
                          "Startup Cost": 0.0,
                          "Total Cost": 122.83,
                          "Plan Rows": 5653,
                          "Plan Width": 0,
                          "Actual Startup Time": 1.841,
                          "Actual Total Time": 1.842,
                          "Actual Rows": 5080,
                          "Actual Loops": 1,
                          "Index Cond": "(company_id = 475)"
                        }
                      ]
                    },
                    {
                      "Node Type": "Index Only Scan",
                      "Parent Relationship": "Inner",
                      "Parallel Aware": false,
                      "Scan Direction": "Forward",
                      "Index Name": "title_pkey",
                      "Relation Name": "title",
                      "Alias": "t",
                      "Startup Cost": 0.43,
                      "Total Cost": 7.77,
                      "Plan Rows": 1,
                      "Plan Width": 4,
                      "Actual Startup Time": 0.007,
                      "Actual Total Time": 0.007,
                      "Actual Rows": 1,
                      "Actual Loops": 3454,
                      "Index Cond": "(id = mc.movie_id)",
                      "Rows Removed by Index Recheck": 0,
                      "Heap Fetches": 3454
                    }
                  ]
                }
              ]
            }
          ]
        }
      ]
    },
    "Planning Time": 0.451,
    "Triggers": [],
    "Execution Time": 23.322
  }
]