[
  {
    "Plan": {
      "Node Type": "Aggregate",
      "Strategy": "Plain",
      "Partial Mode": "Finalize",
      "Parallel Aware": false,
      "Startup Cost": 327360.38,
      "Total Cost": 327360.39,
      "Plan Rows": 1,
      "Plan Width": 8,
      "Actual Startup Time": 406.923,
      "Actual Total Time": 438.988,
      "Actual Rows": 1,
      "Actual Loops": 1,
      "Plans": [
        {
          "Node Type": "Gather",
          "Parent Relationship": "Outer",
          "Parallel Aware": false,
          "Startup Cost": 327359.75,
          "Total Cost": 327360.36,
          "Plan Rows": 6,
          "Plan Width": 8,
          "Actual Startup Time": 406.823,
          "Actual Total Time": 438.978,
          "Actual Rows": 7,
          "Actual Loops": 1,
          "Workers Planned": 6,
          "Workers Launched": 6,
          "Single Copy": false,
          "Plans": [
            {
              "Node Type": "Aggregate",
              "Strategy": "Plain",
              "Partial Mode": "Partial",
              "Parent Relationship": "Outer",
              "Parallel Aware": false,
              "Startup Cost": 326359.75,
              "Total Cost": 326359.76,
              "Plan Rows": 1,
              "Plan Width": 8,
              "Actual Startup Time": 395.987,
              "Actual Total Time": 395.989,
              "Actual Rows": 1,
              "Actual Loops": 7,
              "Plans": [
                {
                  "Node Type": "Index Scan",
                  "Parent Relationship": "Outer",
                  "Parallel Aware": true,
                  "Scan Direction": "Forward",
                  "Index Name": "role_id_cast_info",
                  "Relation Name": "cast_info",
                  "Alias": "ci",
                  "Startup Cost": 0.56,
                  "Total Cost": 325153.08,
                  "Plan Rows": 482667,
                  "Plan Width": 0,
                  "Actual Startup Time": 0.342,
                  "Actual Total Time": 382.118,
                  "Actual Rows": 251339,
                  "Actual Loops": 7,
                  "Index Cond": "(role_id > 3)",
                  "Rows Removed by Index Recheck": 0,
                  "Filter": "(person_id < 859458)",
                  "Rows Removed by Filter": 1479182
                }
              ]
            }
          ]
        }
      ]
    },
    "Planning Time": 0.158,
    "Triggers": [],
    "Execution Time": 439.039
  }
]