[
  {
    "Plan": {
      "Node Type": "Aggregate",
      "Strategy": "Plain",
      "Partial Mode": "Finalize",
      "Parallel Aware": false,
      "Startup Cost": 32783.02,
      "Total Cost": 32783.03,
      "Plan Rows": 1,
      "Plan Width": 8,
      "Actual Startup Time": 89.064,
      "Actual Total Time": 97.17,
      "Actual Rows": 1,
      "Actual Loops": 1,
      "Plans": [
        {
          "Node Type": "Gather",
          "Parent Relationship": "Outer",
          "Parallel Aware": false,
          "Startup Cost": 32782.7,
          "Total Cost": 32783.01,
          "Plan Rows": 3,
          "Plan Width": 8,
          "Actual Startup Time": 88.932,
          "Actual Total Time": 97.162,
          "Actual Rows": 4,
          "Actual Loops": 1,
          "Workers Planned": 3,
          "Workers Launched": 3,
          "Single Copy": false,
          "Plans": [
            {
              "Node Type": "Aggregate",
              "Strategy": "Plain",
              "Partial Mode": "Partial",
              "Parent Relationship": "Outer",
              "Parallel Aware": false,
              "Startup Cost": 31782.7,
              "Total Cost": 31782.71,
              "Plan Rows": 1,
              "Plan Width": 8,
              "Actual Startup Time": 80.388,
              "Actual Total Time": 80.389,
              "Actual Rows": 1,
              "Actual Loops": 4,
              "Plans": [
                {
                  "Node Type": "Seq Scan",
                  "Parent Relationship": "Outer",
                  "Parallel Aware": true,
                  "Relation Name": "movie_companies",
                  "Alias": "mc",
                  "Startup Cost": 0.0,
                  "Total Cost": 31414.82,
                  "Plan Rows": 147153,
                  "Plan Width": 0,
                  "Actual Startup Time": 49.104,
                  "Actual Total Time": 77.656,
                  "Actual Rows": 65031,
                  "Actual Loops": 4,
                  "Filter": "((company_id < 2805) AND (company_type_id > 1))",
                  "Rows Removed by Filter": 587251
                }
              ]
            }
          ]
        }
      ]
    },
    "Planning Time": 0.187,
    "Triggers": [],
    "Execution Time": 97.23
  }
]