[
    {
        "Bao": {
            "Bao prediction": "NaN",
            "Bao recommended hint": "(no hint)"
        }
    },
    {
        "Plan": {
            "Node Type": "Aggregate",
            "Strategy": "Plain",
            "Partial Mode": "Simple",
            "Parallel Aware": false,
            "Startup Cost": 16846.02,
            "Total Cost": 16846.03,
            "Plan Rows": 1,
            "Plan Width": 8,
            "Actual Startup Time": 4.529,
            "Actual Total Time": 4.53,
            "Actual Rows": 1,
            "Actual Loops": 1,
            "Output": [
                "count(*)"
            ],
            "Plans": [
                {
                    "Node Type": "Bitmap Heap Scan",
                    "Parent Relationship": "Outer",
                    "Parallel Aware": false,
                    "Relation Name": "movie_companies",
                    "Schema": "public",
                    "Alias": "mc",
                    "Startup Cost": 228.64,
                    "Total Cost": 16820.14,
                    "Plan Rows": 10350,
                    "Plan Width": 0,
                    "Actual Startup Time": 0.695,
                    "Actual Total Time": 3.973,
                    "Actual Rows": 10667,
                    "Actual Loops": 1,
                    "Recheck Cond": "(mc.company_id = 11)",
                    "Rows Removed by Index Recheck": 0,
                    "Exact Heap Blocks": 1230,
                    "Lossy Heap Blocks": 0,
                    "Plans": [
                        {
                            "Node Type": "Bitmap Index Scan",
                            "Parent Relationship": "Outer",
                            "Parallel Aware": false,
                            "Index Name": "company_id_movie_companies",
                            "Startup Cost": 0.0,
                            "Total Cost": 226.06,
                            "Plan Rows": 10350,
                            "Plan Width": 0,
                            "Actual Startup Time": 0.543,
                            "Actual Total Time": 0.543,
                            "Actual Rows": 10667,
                            "Actual Loops": 1,
                            "Index Cond": "(mc.company_id = 11)"
                        }
                    ]
                }
            ]
        },
        "Planning Time": 198.812,
        "Triggers": [],
        "Execution Time": 4.577
    }
]